{
    "Plan": {
        "Node Type": "Aggregate",
        "Strategy": "Plain",
        "Partial Mode": "Finalize",
        "Parallel Aware": false,
        "Startup Cost": 247813.32,
        "Total Cost": 247813.33,
        "Plan Rows": 1,
        "Plan Width": 8,
        "Actual Startup Time": 514.422,
        "Actual Total Time": 554.599,
        "Actual Rows": 1,
        "Actual Loops": 1,
        "Output": [
            "count(*)"
        ],
        "Plans": [
            {
                "Node Type": "Gather",
                "Parent Relationship": "Outer",
                "Parallel Aware": false,
                "Startup Cost": 247812.79,
                "Total Cost": 247813.3,
                "Plan Rows": 5,
                "Plan Width": 8,
                "Actual Startup Time": 510.747,
                "Actual Total Time": 554.588,
                "Actual Rows": 6,
                "Actual Loops": 1,
                "Output": [
                    "(PARTIAL count(*))"
                ],
                "Workers Planned": 5,
                "Workers Launched": 5,
                "Single Copy": false,
                "Plans": [
                    {
                        "Node Type": "Aggregate",
                        "Strategy": "Plain",
                        "Partial Mode": "Partial",
                        "Parent Relationship": "Outer",
                        "Parallel Aware": false,
                        "Startup Cost": 246812.79,
                        "Total Cost": 246812.8,
                        "Plan Rows": 1,
                        "Plan Width": 8,
                        "Actual Startup Time": 502.707,
                        "Actual Total Time": 502.746,
                        "Actual Rows": 1,
                        "Actual Loops": 6,
                        "Output": [
                            "PARTIAL count(*)"
                        ],
                        "Workers": [
                            {
                                "Worker Number": 0,
                                "Actual Startup Time": 498.302,
                                "Actual Total Time": 498.305,
                                "Actual Rows": 1,
                                "Actual Loops": 1
                            },
                            {
                                "Worker Number": 1,
                                "Actual Startup Time": 499.395,
                                "Actual Total Time": 499.398,
                                "Actual Rows": 1,
                                "Actual Loops": 1
                            },
                            {
                                "Worker Number": 2,
                                "Actual Startup Time": 502.424,
                                "Actual Total Time": 502.427,
                                "Actual Rows": 1,
                                "Actual Loops": 1
                            },
                            {
                                "Worker Number": 3,
                                "Actual Startup Time": 503.122,
                                "Actual Total Time": 503.125,
                                "Actual Rows": 1,
                                "Actual Loops": 1
                            },
                            {
                                "Worker Number": 4,
                                "Actual Startup Time": 503.123,
                                "Actual Total Time": 503.125,
                                "Actual Rows": 1,
                                "Actual Loops": 1
                            }
                        ],
                        "Plans": [
                            {
                                "Node Type": "Hash Join",
                                "Parent Relationship": "Outer",
                                "Parallel Aware": true,
                                "Join Type": "Inner",
                                "Startup Cost": 46216.18,
                                "Total Cost": 246672.8,
                                "Plan Rows": 55997,
                                "Plan Width": 0,
                                "Actual Startup Time": 265.975,
                                "Actual Total Time": 499.077,
                                "Actual Rows": 78678,
                                "Actual Loops": 6,
                                "Inner Unique": true,
                                "Hash Cond": "(mi.movie_id = t.id)",
                                "Workers": [
                                    {
                                        "Worker Number": 0,
                                        "Actual Startup Time": 261.68,
                                        "Actual Total Time": 494.489,
                                        "Actual Rows": 58076,
                                        "Actual Loops": 1
                                    },
                                    {
                                        "Worker Number": 1,
                                        "Actual Startup Time": 262.13,
                                        "Actual Total Time": 495.594,
                                        "Actual Rows": 58630,
                                        "Actual Loops": 1
                                    },
                                    {
                                        "Worker Number": 2,
                                        "Actual Startup Time": 265.809,
                                        "Actual Total Time": 499.121,
                                        "Actual Rows": 82925,
                                        "Actual Loops": 1
                                    },
                                    {
                                        "Worker Number": 3,
                                        "Actual Startup Time": 266.488,
                                        "Actual Total Time": 499.576,
                                        "Actual Rows": 88403,
                                        "Actual Loops": 1
                                    },
                                    {
                                        "Worker Number": 4,
                                        "Actual Startup Time": 266.517,
                                        "Actual Total Time": 499.577,
                                        "Actual Rows": 87836,
                                        "Actual Loops": 1
                                    }
                                ],
                                "Plans": [
                                    {
                                        "Node Type": "Seq Scan",
                                        "Parent Relationship": "Outer",
                                        "Parallel Aware": true,
                                        "Relation Name": "movie_info",
                                        "Schema": "public",
                                        "Alias": "mi",
                                        "Startup Cost": 0.0,
                                        "Total Cost": 198880.74,
                                        "Plan Rows": 600336,
                                        "Plan Width": 4,
                                        "Actual Startup Time": 72.297,
                                        "Actual Total Time": 311.504,
                                        "Actual Rows": 506120,
                                        "Actual Loops": 6,
                                        "Output": [
                                            "mi.id",
                                            "mi.movie_id",
                                            "mi.info_type_id",
                                            "mi.info",
                                            "mi.note"
                                        ],
                                        "Filter": "(mi.info_type_id = 16)",
                                        "Rows Removed by Filter": 1966500,
                                        "Workers": [
                                            {
                                                "Worker Number": 0,
                                                "Actual Startup Time": 72.301,
                                                "Actual Total Time": 315.544,
                                                "Actual Rows": 381005,
                                                "Actual Loops": 1
                                            },
                                            {
                                                "Worker Number": 1,
                                                "Actual Startup Time": 72.301,
                                                "Actual Total Time": 315.485,
                                                "Actual Rows": 379902,
                                                "Actual Loops": 1
                                            },
                                            {
                                                "Worker Number": 2,
                                                "Actual Startup Time": 72.285,
                                                "Actual Total Time": 310.736,
                                                "Actual Rows": 522470,
                                                "Actual Loops": 1
                                            },
                                            {
                                                "Worker Number": 3,
                                                "Actual Startup Time": 72.291,
                                                "Actual Total Time": 311.89,
                                                "Actual Rows": 575707,
                                                "Actual Loops": 1
                                            },
                                            {
                                                "Worker Number": 4,
                                                "Actual Startup Time": 72.298,
                                                "Actual Total Time": 311.754,
                                                "Actual Rows": 570639,
                                                "Actual Loops": 1
                                            }
                                        ]
                                    },
                                    {
                                        "Node Type": "Hash",
                                        "Parent Relationship": "Inner",
                                        "Parallel Aware": true,
                                        "Startup Cost": 45479.21,
                                        "Total Cost": 45479.21,
                                        "Plan Rows": 58958,
                                        "Plan Width": 4,
                                        "Actual Startup Time": 105.676,
                                        "Actual Total Time": 105.677,
                                        "Actual Rows": 58846,
                                        "Actual Loops": 6,
                                        "Output": [
                                            "t.id"
                                        ],
                                        "Hash Buckets": 524288,
                                        "Original Hash Buckets": 262144,
                                        "Hash Batches": 1,
                                        "Original Hash Batches": 1,
                                        "Peak Memory Usage": 20000,
                                        "Workers": [
                                            {
                                                "Worker Number": 0,
                                                "Actual Startup Time": 102.567,
                                                "Actual Total Time": 102.568,
                                                "Actual Rows": 45447,
                                                "Actual Loops": 1
                                            },
                                            {
                                                "Worker Number": 1,
                                                "Actual Startup Time": 102.924,
                                                "Actual Total Time": 102.925,
                                                "Actual Rows": 45643,
                                                "Actual Loops": 1
                                            },
                                            {
                                                "Worker Number": 2,
                                                "Actual Startup Time": 106.861,
                                                "Actual Total Time": 106.862,
                                                "Actual Rows": 60440,
                                                "Actual Loops": 1
                                            },
                                            {
                                                "Worker Number": 3,
                                                "Actual Startup Time": 107.522,
                                                "Actual Total Time": 107.523,
                                                "Actual Rows": 65321,
                                                "Actual Loops": 1
                                            },
                                            {
                                                "Worker Number": 4,
                                                "Actual Startup Time": 107.475,
                                                "Actual Total Time": 107.476,
                                                "Actual Rows": 64360,
                                                "Actual Loops": 1
                                            }
                                        ],
                                        "Plans": [
                                            {
                                                "Node Type": "Seq Scan",
                                                "Parent Relationship": "Outer",
                                                "Parallel Aware": true,
                                                "Relation Name": "title",
                                                "Schema": "public",
                                                "Alias": "t",
                                                "Startup Cost": 0.0,
                                                "Total Cost": 45479.21,
                                                "Plan Rows": 58958,
                                                "Plan Width": 4,
                                                "Actual Startup Time": 48.85,
                                                "Actual Total Time": 80.015,
                                                "Actual Rows": 58846,
                                                "Actual Loops": 6,
                                                "Output": [
                                                    "t.id"
                                                ],
                                                "Filter": "((t.production_year < 1997) AND (t.kind_id = 1))",
                                                "Rows Removed by Filter": 362540,
                                                "Workers": [
                                                    {
                                                        "Worker Number": 0,
                                                        "Actual Startup Time": 46.181,
                                                        "Actual Total Time": 78.505,
                                                        "Actual Rows": 45447,
                                                        "Actual Loops": 1
                                                    },
                                                    {
                                                        "Worker Number": 1,
                                                        "Actual Startup Time": 46.386,
                                                        "Actual Total Time": 78.7,
                                                        "Actual Rows": 45643,
                                                        "Actual Loops": 1
                                                    },
                                                    {
                                                        "Worker Number": 2,
                                                        "Actual Startup Time": 50.196,
                                                        "Actual Total Time": 81.02,
                                                        "Actual Rows": 60440,
                                                        "Actual Loops": 1
                                                    },
                                                    {
                                                        "Worker Number": 3,
                                                        "Actual Startup Time": 50.102,
                                                        "Actual Total Time": 81.523,
                                                        "Actual Rows": 65321,
                                                        "Actual Loops": 1
                                                    },
                                                    {
                                                        "Worker Number": 4,
                                                        "Actual Startup Time": 50.09,
                                                        "Actual Total Time": 81.227,
                                                        "Actual Rows": 64360,
                                                        "Actual Loops": 1
                                                    }
                                                ]
                                            }
                                        ]
                                    }
                                ]
                            }
                        ]
                    }
                ]
            }
        ]
    },
    "Planning Time": 0.769,
    "Triggers": [],
    "Execution Time": 554.683
}