[
  {
    "Plan": {
      "Node Type": "Aggregate",
      "Strategy": "Plain",
      "Partial Mode": "Finalize",
      "Parallel Aware": false,
      "Startup Cost": 214592.43,
      "Total Cost": 214592.44,
      "Plan Rows": 1,
      "Plan Width": 8,
      "Actual Startup Time": 165.827,
      "Actual Total Time": 184.179,
      "Actual Rows": 1,
      "Actual Loops": 1,
      "Plans": [
        {
          "Node Type": "Gather",
          "Parent Relationship": "Outer",
          "Parallel Aware": false,
          "Startup Cost": 214591.91,
          "Total Cost": 214592.42,
          "Plan Rows": 5,
          "Plan Width": 8,
          "Actual Startup Time": 164.817,
          "Actual Total Time": 184.157,
          "Actual Rows": 6,
          "Actual Loops": 1,
          "Workers Planned": 5,
          "Workers Launched": 5,
          "Single Copy": false,
          "Plans": [
            {
              "Node Type": "Aggregate",
              "Strategy": "Plain",
              "Partial Mode": "Partial",
              "Parent Relationship": "Outer",
              "Parallel Aware": false,
              "Startup Cost": 213591.91,
              "Total Cost": 213591.92,
              "Plan Rows": 1,
              "Plan Width": 8,
              "Actual Startup Time": 154.334,
              "Actual Total Time": 154.338,
              "Actual Rows": 1,
              "Actual Loops": 6,
              "Plans": [
                {
                  "Node Type": "Hash Join",
                  "Parent Relationship": "Outer",
                  "Parallel Aware": true,
                  "Join Type": "Inner",
                  "Startup Cost": 50535.29,
                  "Total Cost": 213585.18,
                  "Plan Rows": 2690,
                  "Plan Width": 0,
                  "Actual Startup Time": 103.734,
                  "Actual Total Time": 154.109,
                  "Actual Rows": 1925,
                  "Actual Loops": 6,
                  "Inner Unique": true,
                  "Hash Cond": "(mi.movie_id = t.id)",
                  "Plans": [
                    {
                      "Node Type": "Bitmap Heap Scan",
                      "Parent Relationship": "Outer",
                      "Parallel Aware": true,
                      "Relation Name": "movie_info",
                      "Alias": "mi",
                      "Startup Cost": 6332.18,
                      "Total Cost": 169198.65,
                      "Plan Rows": 69877,
                      "Plan Width": 4,
                      "Actual Startup Time": 17.197,
                      "Actual Total Time": 55.466,
                      "Actual Rows": 54810,
                      "Actual Loops": 6,
                      "Recheck Cond": "(info_type_id = 98)",
                      "Rows Removed by Index Recheck": 0,
                      "Exact Heap Blocks": 7588,
                      "Lossy Heap Blocks": 0,
                      "Plans": [
                        {
                          "Node Type": "Bitmap Index Scan",
                          "Parent Relationship": "Outer",
                          "Parallel Aware": false,
                          "Index Name": "info_type_id_movie_info",
                          "Startup Cost": 0.0,
                          "Total Cost": 6244.84,
                          "Plan Rows": 349387,
                          "Plan Width": 0,
                          "Actual Startup Time": 13.526,
                          "Actual Total Time": 13.527,
                          "Actual Rows": 328857,
                          "Actual Loops": 1,
                          "Index Cond": "(info_type_id = 98)"
                        }
                      ]
                    },
                    {
                      "Node Type": "Hash",
                      "Parent Relationship": "Inner",
                      "Parallel Aware": true,
                      "Startup Cost": 43898.92,
                      "Total Cost": 43898.92,
                      "Plan Rows": 24335,
                      "Plan Width": 4,
                      "Actual Startup Time": 84.671,
                      "Actual Total Time": 84.672,
                      "Actual Rows": 15834,
                      "Actual Loops": 6,
                      "Hash Buckets": 131072,
                      "Original Hash Buckets": 131072,
                      "Hash Batches": 1,
                      "Original Hash Batches": 1,
                      "Peak Memory Usage": 4800,
                      "Plans": [
                        {
                          "Node Type": "Seq Scan",
                          "Parent Relationship": "Outer",
                          "Parallel Aware": true,
                          "Relation Name": "title",
                          "Alias": "t",
                          "Startup Cost": 0.0,
                          "Total Cost": 43898.92,
                          "Plan Rows": 24335,
                          "Plan Width": 4,
                          "Actual Startup Time": 0.041,
                          "Actual Total Time": 77.079,
                          "Actual Rows": 15834,
                          "Actual Loops": 6,
                          "Filter": "(production_year = 2005)",
                          "Rows Removed by Filter": 405551
                        }
                      ]
                    }
                  ]
                }
              ]
            }
          ]
        }
      ]
    },
    "Planning Time": 0.622,
    "Triggers": [],
    "Execution Time": 184.286
  }
]