[
  {
    "Plan": {
      "Node Type": "Aggregate",
      "Strategy": "Plain",
      "Partial Mode": "Finalize",
      "Parallel Aware": false,
      "Startup Cost": 107380.45,
      "Total Cost": 107380.46,
      "Plan Rows": 1,
      "Plan Width": 8,
      "Actual Startup Time": 238.752,
      "Actual Total Time": 263.628,
      "Actual Rows": 1,
      "Actual Loops": 1,
      "Plans": [
        {
          "Node Type": "Gather",
          "Parent Relationship": "Outer",
          "Parallel Aware": false,
          "Startup Cost": 107380.13,
          "Total Cost": 107380.44,
          "Plan Rows": 3,
          "Plan Width": 8,
          "Actual Startup Time": 236.509,
          "Actual Total Time": 263.618,
          "Actual Rows": 4,
          "Actual Loops": 1,
          "Workers Planned": 3,
          "Workers Launched": 3,
          "Single Copy": false,
          "Plans": [
            {
              "Node Type": "Aggregate",
              "Strategy": "Plain",
              "Partial Mode": "Partial",
              "Parent Relationship": "Outer",
              "Parallel Aware": false,
              "Startup Cost": 106380.13,
              "Total Cost": 106380.14,
              "Plan Rows": 1,
              "Plan Width": 8,
              "Actual Startup Time": 229.392,
              "Actual Total Time": 229.397,
              "Actual Rows": 1,
              "Actual Loops": 4,
              "Plans": [
                {
                  "Node Type": "Nested Loop",
                  "Parent Relationship": "Outer",
                  "Parallel Aware": false,
                  "Join Type": "Inner",
                  "Startup Cost": 50120.82,
                  "Total Cost": 106270.23,
                  "Plan Rows": 43960,
                  "Plan Width": 0,
                  "Actual Startup Time": 166.859,
                  "Actual Total Time": 228.64,
                  "Actual Rows": 9997,
                  "Actual Loops": 4,
                  "Inner Unique": false,
                  "Plans": [
                    {
                      "Node Type": "Hash Join",
                      "Parent Relationship": "Outer",
                      "Parallel Aware": true,
                      "Join Type": "Inner",
                      "Startup Cost": 50120.39,
                      "Total Cost": 75359.43,
                      "Plan Rows": 8049,
                      "Plan Width": 8,
                      "Actual Startup Time": 166.725,
                      "Actual Total Time": 205.672,
                      "Actual Rows": 678,
                      "Actual Loops": 4,
                      "Inner Unique": true,
                      "Hash Cond": "(mk.movie_id = t.id)",
                      "Plans": [
                        {
                          "Node Type": "Bitmap Heap Scan",
                          "Parent Relationship": "Outer",
                          "Parallel Aware": true,
                          "Relation Name": "movie_keyword",
                          "Alias": "mk",
                          "Startup Cost": 3415.42,
                          "Total Cost": 28518.21,
                          "Plan Rows": 51904,
                          "Plan Width": 4,
                          "Actual Startup Time": 12.803,
                          "Actual Total Time": 41.554,
                          "Actual Rows": 39614,
                          "Actual Loops": 4,
                          "Recheck Cond": "(keyword_id > 72984)",
                          "Rows Removed by Index Recheck": 0,
                          "Exact Heap Blocks": 9481,
                          "Lossy Heap Blocks": 0,
                          "Plans": [
                            {
                              "Node Type": "Bitmap Index Scan",
                              "Parent Relationship": "Outer",
                              "Parallel Aware": false,
                              "Index Name": "keyword_id_movie_keyword",
                              "Startup Cost": 0.0,
                              "Total Cost": 3375.19,
                              "Plan Rows": 160901,
                              "Plan Width": 0,
                              "Actual Startup Time": 9.886,
                              "Actual Total Time": 9.887,
                              "Actual Rows": 158458,
                              "Actual Loops": 1,
                              "Index Cond": "(keyword_id > 72984)"
                            }
                          ]
                        },
                        {
                          "Node Type": "Hash",
                          "Parent Relationship": "Inner",
                          "Parallel Aware": true,
                          "Startup Cost": 45479.59,
                          "Total Cost": 45479.59,
                          "Plan Rows": 98031,
                          "Plan Width": 4,
                          "Actual Startup Time": 150.653,
                          "Actual Total Time": 150.654,
                          "Actual Rows": 100297,
                          "Actual Loops": 4,
                          "Hash Buckets": 524288,
                          "Original Hash Buckets": 524288,
                          "Hash Batches": 1,
                          "Original Hash Batches": 1,
                          "Peak Memory Usage": 19840,
                          "Plans": [
                            {
                              "Node Type": "Seq Scan",
                              "Parent Relationship": "Outer",
                              "Parallel Aware": true,
                              "Relation Name": "title",
                              "Alias": "t",
                              "Startup Cost": 0.0,
                              "Total Cost": 45479.59,
                              "Plan Rows": 98031,
                              "Plan Width": 4,
                              "Actual Startup Time": 0.029,
                              "Actual Total Time": 110.735,
                              "Actual Rows": 100297,
                              "Actual Loops": 4,
                              "Filter": "((kind_id > 1) AND (production_year > 2009))",
                              "Rows Removed by Filter": 531781
                            }
                          ]
                        }
                      ]
                    },
                    {
                      "Node Type": "Index Scan",
                      "Parent Relationship": "Inner",
                      "Parallel Aware": false,
                      "Scan Direction": "Forward",
                      "Index Name": "movie_id_movie_info",
                      "Relation Name": "movie_info",
                      "Alias": "mi",
                      "Startup Cost": 0.43,
                      "Total Cost": 3.46,
                      "Plan Rows": 38,
                      "Plan Width": 4,
                      "Actual Startup Time": 0.01,
                      "Actual Total Time": 0.032,
                      "Actual Rows": 15,
                      "Actual Loops": 2713,
                      "Index Cond": "(movie_id = t.id)",
                      "Rows Removed by Index Recheck": 0,
                      "Filter": "(info_type_id < 82)",
                      "Rows Removed by Filter": 1
                    }
                  ]
                }
              ]
            }
          ]
        }
      ]
    },
    "Planning Time": 1.479,
    "Triggers": [],
    "Execution Time": 263.77
  }
]