[
  {
    "Plan": {
      "Node Type": "Aggregate",
      "Strategy": "Plain",
      "Partial Mode": "Finalize",
      "Parallel Aware": false,
      "Startup Cost": 108913.67,
      "Total Cost": 108913.68,
      "Plan Rows": 1,
      "Plan Width": 8,
      "Actual Startup Time": 215.946,
      "Actual Total Time": 235.817,
      "Actual Rows": 1,
      "Actual Loops": 1,
      "Plans": [
        {
          "Node Type": "Gather",
          "Parent Relationship": "Outer",
          "Parallel Aware": false,
          "Startup Cost": 108913.35,
          "Total Cost": 108913.66,
          "Plan Rows": 3,
          "Plan Width": 8,
          "Actual Startup Time": 213.833,
          "Actual Total Time": 235.808,
          "Actual Rows": 4,
          "Actual Loops": 1,
          "Workers Planned": 3,
          "Workers Launched": 3,
          "Single Copy": false,
          "Plans": [
            {
              "Node Type": "Aggregate",
              "Strategy": "Plain",
              "Partial Mode": "Partial",
              "Parent Relationship": "Outer",
              "Parallel Aware": false,
              "Startup Cost": 107913.35,
              "Total Cost": 107913.36,
              "Plan Rows": 1,
              "Plan Width": 8,
              "Actual Startup Time": 205.698,
              "Actual Total Time": 205.702,
              "Actual Rows": 1,
              "Actual Loops": 4,
              "Plans": [
                {
                  "Node Type": "Nested Loop",
                  "Parent Relationship": "Outer",
                  "Parallel Aware": false,
                  "Join Type": "Inner",
                  "Startup Cost": 50242.92,
                  "Total Cost": 107799.87,
                  "Plan Rows": 45392,
                  "Plan Width": 0,
                  "Actual Startup Time": 146.108,
                  "Actual Total Time": 205.007,
                  "Actual Rows": 9997,
                  "Actual Loops": 4,
                  "Inner Unique": false,
                  "Plans": [
                    {
                      "Node Type": "Hash Join",
                      "Parent Relationship": "Outer",
                      "Parallel Aware": true,
                      "Join Type": "Inner",
                      "Startup Cost": 50242.48,
                      "Total Cost": 75507.44,
                      "Plan Rows": 8380,
                      "Plan Width": 8,
                      "Actual Startup Time": 146.032,
                      "Actual Total Time": 184.118,
                      "Actual Rows": 678,
                      "Actual Loops": 4,
                      "Inner Unique": true,
                      "Hash Cond": "(mk.movie_id = t.id)",
                      "Plans": [
                        {
                          "Node Type": "Bitmap Heap Scan",
                          "Parent Relationship": "Outer",
                          "Parallel Aware": true,
                          "Relation Name": "movie_keyword",
                          "Alias": "mk",
                          "Startup Cost": 3528.58,
                          "Total Cost": 28652.8,
                          "Plan Rows": 53617,
                          "Plan Width": 4,
                          "Actual Startup Time": 12.583,
                          "Actual Total Time": 41.095,
                          "Actual Rows": 39614,
                          "Actual Loops": 4,
                          "Recheck Cond": "(keyword_id > 72984)",
                          "Rows Removed by Index Recheck": 0,
                          "Exact Heap Blocks": 8912,
                          "Lossy Heap Blocks": 0,
                          "Plans": [
                            {
                              "Node Type": "Bitmap Index Scan",
                              "Parent Relationship": "Outer",
                              "Parallel Aware": false,
                              "Index Name": "keyword_id_movie_keyword",
                              "Startup Cost": 0.0,
                              "Total Cost": 3487.03,
                              "Plan Rows": 166213,
                              "Plan Width": 0,
                              "Actual Startup Time": 9.685,
                              "Actual Total Time": 9.685,
                              "Actual Rows": 158458,
                              "Actual Loops": 1,
                              "Index Cond": "(keyword_id > 72984)"
                            }
                          ]
                        },
                        {
                          "Node Type": "Hash",
                          "Parent Relationship": "Inner",
                          "Parallel Aware": true,
                          "Startup Cost": 45479.1,
                          "Total Cost": 45479.1,
                          "Plan Rows": 98784,
                          "Plan Width": 4,
                          "Actual Startup Time": 130.34,
                          "Actual Total Time": 130.341,
                          "Actual Rows": 100297,
                          "Actual Loops": 4,
                          "Hash Buckets": 524288,
                          "Original Hash Buckets": 524288,
                          "Hash Batches": 1,
                          "Original Hash Batches": 1,
                          "Peak Memory Usage": 19872,
                          "Plans": [
                            {
                              "Node Type": "Seq Scan",
                              "Parent Relationship": "Outer",
                              "Parallel Aware": true,
                              "Relation Name": "title",
                              "Alias": "t",
                              "Startup Cost": 0.0,
                              "Total Cost": 45479.1,
                              "Plan Rows": 98784,
                              "Plan Width": 4,
                              "Actual Startup Time": 0.03,
                              "Actual Total Time": 97.086,
                              "Actual Rows": 100297,
                              "Actual Loops": 4,
                              "Filter": "((kind_id > 1) AND (production_year > 2009))",
                              "Rows Removed by Filter": 531781
                            }
                          ]
                        }
                      ]
                    },
                    {
                      "Node Type": "Index Scan",
                      "Parent Relationship": "Inner",
                      "Parallel Aware": false,
                      "Scan Direction": "Forward",
                      "Index Name": "movie_id_movie_info",
                      "Relation Name": "movie_info",
                      "Alias": "mi",
                      "Startup Cost": 0.43,
                      "Total Cost": 3.46,
                      "Plan Rows": 39,
                      "Plan Width": 4,
                      "Actual Startup Time": 0.01,
                      "Actual Total Time": 0.029,
                      "Actual Rows": 15,
                      "Actual Loops": 2713,
                      "Index Cond": "(movie_id = t.id)",
                      "Rows Removed by Index Recheck": 0,
                      "Filter": "(info_type_id < 82)",
                      "Rows Removed by Filter": 1
                    }
                  ]
                }
              ]
            }
          ]
        }
      ]
    },
    "Planning Time": 1.39,
    "Triggers": [],
    "Execution Time": 235.929
  }
]