{
  "Plan": {
    "Node Type": "Aggregate",
    "Strategy": "Plain",
    "Partial Mode": "Finalize",
    "Parallel Aware": false,
    "Startup Cost": 1313035.89,
    "Total Cost": 1313035.9,
    "Plan Rows": 1,
    "Plan Width": 8,
    "Actual Startup Time": 7073.707,
    "Actual Total Time": 7145.9,
    "Actual Rows": 1,
    "Actual Loops": 1,
    "Plans": [
      {
        "Node Type": "Gather",
        "Parent Relationship": "Outer",
        "Parallel Aware": false,
        "Startup Cost": 1313035.78,
        "Total Cost": 1313035.89,
        "Plan Rows": 1,
        "Plan Width": 8,
        "Actual Startup Time": 7073.558,
        "Actual Total Time": 7145.892,
        "Actual Rows": 2,
        "Actual Loops": 1,
        "Workers Planned": 1,
        "Workers Launched": 1,
        "Single Copy": false,
        "Plans": [
          {
            "Node Type": "Aggregate",
            "Strategy": "Plain",
            "Partial Mode": "Partial",
            "Parent Relationship": "Outer",
            "Parallel Aware": false,
            "Startup Cost": 1312035.78,
            "Total Cost": 1312035.79,
            "Plan Rows": 1,
            "Plan Width": 8,
            "Actual Startup Time": 7067.418,
            "Actual Total Time": 7067.42,
            "Actual Rows": 1,
            "Actual Loops": 2,
            "Plans": [
              {
                "Node Type": "Merge Join",
                "Parent Relationship": "Outer",
                "Parallel Aware": false,
                "Join Type": "Inner",
                "Startup Cost": 7.96,
                "Total Cost": 1300694.93,
                "Plan Rows": 4536342,
                "Plan Width": 0,
                "Actual Startup Time": 5.862,
                "Actual Total Time": 6601.207,
                "Actual Rows": 10382604,
                "Actual Loops": 2,
                "Inner Unique": false,
                "Merge Cond": "(mi.movie_id = t.id)",
                "Plans": [
                  {
                    "Node Type": "Index Only Scan",
                    "Parent Relationship": "Outer",
                    "Parallel Aware": true,
                    "Scan Direction": "Forward",
                    "Index Name": "movie_id_movie_info",
                    "Relation Name": "movie_info",
                    "Alias": "mi",
                    "Startup Cost": 0.43,
                    "Total Cost": 1018223.42,
                    "Plan Rows": 8696274,
                    "Plan Width": 4,
                    "Actual Startup Time": 0.103,
                    "Actual Total Time": 2516.706,
                    "Actual Rows": 7417331,
                    "Actual Loops": 2,
                    "Heap Fetches": 14834662
                  },
                  {
                    "Node Type": "Materialize",
                    "Parent Relationship": "Inner",
                    "Parallel Aware": false,
                    "Startup Cost": 3.35,
                    "Total Cost": 196133.16,
                    "Plan Rows": 1318864,
                    "Plan Width": 8,
                    "Actual Startup Time": 0.262,
                    "Actual Total Time": 2546.05,
                    "Actual Rows": 11066346,
                    "Actual Loops": 2,
                    "Plans": [
                      {
                        "Node Type": "Merge Join",
                        "Parent Relationship": "Outer",
                        "Parallel Aware": false,
                        "Join Type": "Inner",
                        "Startup Cost": 3.35,
                        "Total Cost": 192836.0,
                        "Plan Rows": 1318864,
                        "Plan Width": 8,
                        "Actual Startup Time": 0.253,
                        "Actual Total Time": 1971.792,
                        "Actual Rows": 1368353,
                        "Actual Loops": 2,
                        "Inner Unique": true,
                        "Merge Cond": "(mi_idx.movie_id = t.id)",
                        "Plans": [
                          {
                            "Node Type": "Index Only Scan",
                            "Parent Relationship": "Outer",
                            "Parallel Aware": false,
                            "Scan Direction": "Forward",
                            "Index Name": "movie_id_movie_info_idx",
                            "Relation Name": "movie_info_idx",
                            "Alias": "mi_idx",
                            "Startup Cost": 0.43,
                            "Total Cost": 53620.22,
                            "Plan Rows": 1380035,
                            "Plan Width": 4,
                            "Actual Startup Time": 0.138,
                            "Actual Total Time": 306.108,
                            "Actual Rows": 1380035,
                            "Actual Loops": 2,
                            "Heap Fetches": 2760070
                          },
                          {
                            "Node Type": "Index Scan",
                            "Parent Relationship": "Inner",
                            "Parallel Aware": false,
                            "Scan Direction": "Forward",
                            "Index Name": "title_pkey",
                            "Relation Name": "title",
                            "Alias": "t",
                            "Startup Cost": 0.43,
                            "Total Cost": 116660.7,
                            "Plan Rows": 2416225,
                            "Plan Width": 4,
                            "Actual Startup Time": 0.093,
                            "Actual Total Time": 1349.072,
                            "Actual Rows": 2412228,
                            "Actual Loops": 2,
                            "Filter": "(production_year > 1912)",
                            "Rows Removed by Filter": 113565
                          }
                        ]
                      }
                    ]
                  }
                ]
              }
            ]
          }
        ]
      }
    ]
  },
  "Planning Time": 0.997,
  "Triggers": [],
  "Execution Time": 7146.048
}