{
  "Plan": {
    "Node Type": "Aggregate",
    "Strategy": "Plain",
    "Partial Mode": "Finalize",
    "Parallel Aware": false,
    "Startup Cost": 372028.1,
    "Total Cost": 372028.11,
    "Plan Rows": 1,
    "Plan Width": 8,
    "Actual Startup Time": 3046.292,
    "Actual Total Time": 3087.19,
    "Actual Rows": 1,
    "Actual Loops": 1,
    "Plans": [
      {
        "Node Type": "Gather",
        "Parent Relationship": "Outer",
        "Parallel Aware": false,
        "Startup Cost": 372027.99,
        "Total Cost": 372028.1,
        "Plan Rows": 1,
        "Plan Width": 8,
        "Actual Startup Time": 3042.763,
        "Actual Total Time": 3087.182,
        "Actual Rows": 2,
        "Actual Loops": 1,
        "Workers Planned": 1,
        "Workers Launched": 1,
        "Single Copy": false,
        "Plans": [
          {
            "Node Type": "Aggregate",
            "Strategy": "Plain",
            "Partial Mode": "Partial",
            "Parent Relationship": "Outer",
            "Parallel Aware": false,
            "Startup Cost": 371027.99,
            "Total Cost": 371028.0,
            "Plan Rows": 1,
            "Plan Width": 8,
            "Actual Startup Time": 3030.188,
            "Actual Total Time": 3030.192,
            "Actual Rows": 1,
            "Actual Loops": 2,
            "Plans": [
              {
                "Node Type": "Hash Join",
                "Parent Relationship": "Outer",
                "Parallel Aware": true,
                "Join Type": "Inner",
                "Startup Cost": 72354.75,
                "Total Cost": 357697.46,
                "Plan Rows": 5332213,
                "Plan Width": 0,
                "Actual Startup Time": 604.15,
                "Actual Total Time": 2852.035,
                "Actual Rows": 4562822,
                "Actual Loops": 2,
                "Inner Unique": true,
                "Hash Cond": "(mi.movie_id = t.id)",
                "Plans": [
                  {
                    "Node Type": "Seq Scan",
                    "Parent Relationship": "Outer",
                    "Parallel Aware": true,
                    "Relation Name": "movie_info",
                    "Alias": "mi",
                    "Startup Cost": 0.0,
                    "Total Cost": 270696.42,
                    "Plan Rows": 5579529,
                    "Plan Width": 4,
                    "Actual Startup Time": 0.012,
                    "Actual Total Time": 751.768,
                    "Actual Rows": 4782576,
                    "Actual Loops": 2,
                    "Filter": "(info_type_id < 16)",
                    "Rows Removed by Filter": 2635284
                  },
                  {
                    "Node Type": "Hash",
                    "Parent Relationship": "Inner",
                    "Parallel Aware": true,
                    "Startup Cost": 54588.39,
                    "Total Cost": 54588.39,
                    "Plan Rows": 1421309,
                    "Plan Width": 4,
                    "Actual Startup Time": 582.289,
                    "Actual Total Time": 582.29,
                    "Actual Rows": 1206699,
                    "Actual Loops": 2,
                    "Hash Buckets": 4194304,
                    "Original Hash Buckets": 4194304,
                    "Hash Batches": 1,
                    "Original Hash Batches": 1,
                    "Peak Memory Usage": 127200,
                    "Plans": [
                      {
                        "Node Type": "Seq Scan",
                        "Parent Relationship": "Outer",
                        "Parallel Aware": true,
                        "Relation Name": "title",
                        "Alias": "t",
                        "Startup Cost": 0.0,
                        "Total Cost": 54588.39,
                        "Plan Rows": 1421309,
                        "Plan Width": 4,
                        "Actual Startup Time": 0.031,
                        "Actual Total Time": 190.395,
                        "Actual Rows": 1206699,
                        "Actual Loops": 2,
                        "Filter": "(production_year > 1912)",
                        "Rows Removed by Filter": 57457
                      }
                    ]
                  }
                ]
              }
            ]
          }
        ]
      }
    ]
  },
  "Planning Time": 0.655,
  "Triggers": [],
  "Execution Time": 3087.261
}