[
  {
    "Plan": {
      "Node Type": "Aggregate",
      "Strategy": "Plain",
      "Partial Mode": "Finalize",
      "Parallel Aware": false,
      "Startup Cost": 37567.12,
      "Total Cost": 37567.13,
      "Plan Rows": 1,
      "Plan Width": 8,
      "Actual Startup Time": 100.537,
      "Actual Total Time": 106.912,
      "Actual Rows": 1,
      "Actual Loops": 1,
      "Plans": [
        {
          "Node Type": "Gather",
          "Parent Relationship": "Outer",
          "Parallel Aware": false,
          "Startup Cost": 37566.8,
          "Total Cost": 37567.11,
          "Plan Rows": 3,
          "Plan Width": 8,
          "Actual Startup Time": 100.251,
          "Actual Total Time": 106.907,
          "Actual Rows": 4,
          "Actual Loops": 1,
          "Workers Planned": 3,
          "Workers Launched": 3,
          "Single Copy": false,
          "Plans": [
            {
              "Node Type": "Aggregate",
              "Strategy": "Plain",
              "Partial Mode": "Partial",
              "Parent Relationship": "Outer",
              "Parallel Aware": false,
              "Startup Cost": 36566.8,
              "Total Cost": 36566.81,
              "Plan Rows": 1,
              "Plan Width": 8,
              "Actual Startup Time": 97.319,
              "Actual Total Time": 97.32,
              "Actual Rows": 1,
              "Actual Loops": 4,
              "Plans": [
                {
                  "Node Type": "Bitmap Heap Scan",
                  "Parent Relationship": "Outer",
                  "Parallel Aware": true,
                  "Relation Name": "movie_keyword",
                  "Alias": "mk",
                  "Startup Cost": 9863.33,
                  "Total Cost": 36191.89,
                  "Plan Rows": 149965,
                  "Plan Width": 0,
                  "Actual Startup Time": 28.747,
                  "Actual Total Time": 91.018,
                  "Actual Rows": 114062,
                  "Actual Loops": 4,
                  "Recheck Cond": "(keyword_id > 38854)",
                  "Rows Removed by Index Recheck": 0,
                  "Exact Heap Blocks": 9424,
                  "Lossy Heap Blocks": 0,
                  "Plans": [
                    {
                      "Node Type": "Bitmap Index Scan",
                      "Parent Relationship": "Outer",
                      "Parallel Aware": false,
                      "Index Name": "keyword_id_movie_keyword",
                      "Startup Cost": 0.0,
                      "Total Cost": 9747.11,
                      "Plan Rows": 464890,
                      "Plan Width": 0,
                      "Actual Startup Time": 28.075,
                      "Actual Total Time": 28.075,
                      "Actual Rows": 456248,
                      "Actual Loops": 1,
                      "Index Cond": "(keyword_id > 38854)"
                    }
                  ]
                }
              ]
            }
          ]
        }
      ]
    },
    "Planning Time": 0.043,
    "Triggers": [],
    "Execution Time": 106.936
  }
]