[
  {
    "Plan": {
      "Node Type": "Aggregate",
      "Strategy": "Plain",
      "Partial Mode": "Finalize",
      "Parallel Aware": false,
      "Startup Cost": 327764.96,
      "Total Cost": 327764.97,
      "Plan Rows": 1,
      "Plan Width": 8,
      "Actual Startup Time": 454.418,
      "Actual Total Time": 485.966,
      "Actual Rows": 1,
      "Actual Loops": 1,
      "Plans": [
        {
          "Node Type": "Gather",
          "Parent Relationship": "Outer",
          "Parallel Aware": false,
          "Startup Cost": 327764.33,
          "Total Cost": 327764.94,
          "Plan Rows": 6,
          "Plan Width": 8,
          "Actual Startup Time": 454.286,
          "Actual Total Time": 485.948,
          "Actual Rows": 7,
          "Actual Loops": 1,
          "Workers Planned": 6,
          "Workers Launched": 6,
          "Single Copy": false,
          "Plans": [
            {
              "Node Type": "Aggregate",
              "Strategy": "Plain",
              "Partial Mode": "Partial",
              "Parent Relationship": "Outer",
              "Parallel Aware": false,
              "Startup Cost": 326764.33,
              "Total Cost": 326764.34,
              "Plan Rows": 1,
              "Plan Width": 8,
              "Actual Startup Time": 446.499,
              "Actual Total Time": 446.5,
              "Actual Rows": 1,
              "Actual Loops": 7,
              "Plans": [
                {
                  "Node Type": "Index Scan",
                  "Parent Relationship": "Outer",
                  "Parallel Aware": true,
                  "Scan Direction": "Forward",
                  "Index Name": "role_id_cast_info",
                  "Relation Name": "cast_info",
                  "Alias": "ci",
                  "Startup Cost": 0.56,
                  "Total Cost": 325153.08,
                  "Plan Rows": 644500,
                  "Plan Width": 0,
                  "Actual Startup Time": 0.228,
                  "Actual Total Time": 425.78,
                  "Actual Rows": 336460,
                  "Actual Loops": 7,
                  "Index Cond": "(role_id > 3)",
                  "Rows Removed by Index Recheck": 0,
                  "Filter": "(person_id < 1147508)",
                  "Rows Removed by Filter": 1394060
                }
              ]
            }
          ]
        }
      ]
    },
    "Planning Time": 0.122,
    "Triggers": [],
    "Execution Time": 486.014
  }
]