[
  {
    "Plan": {
      "Node Type": "Aggregate",
      "Strategy": "Plain",
      "Partial Mode": "Finalize",
      "Parallel Aware": false,
      "Startup Cost": 334289.64,
      "Total Cost": 334289.65,
      "Plan Rows": 1,
      "Plan Width": 8,
      "Actual Startup Time": 417.899,
      "Actual Total Time": 439.355,
      "Actual Rows": 1,
      "Actual Loops": 1,
      "Plans": [
        {
          "Node Type": "Gather",
          "Parent Relationship": "Outer",
          "Parallel Aware": false,
          "Startup Cost": 334289.02,
          "Total Cost": 334289.63,
          "Plan Rows": 6,
          "Plan Width": 8,
          "Actual Startup Time": 417.744,
          "Actual Total Time": 439.343,
          "Actual Rows": 7,
          "Actual Loops": 1,
          "Workers Planned": 6,
          "Workers Launched": 6,
          "Single Copy": false,
          "Plans": [
            {
              "Node Type": "Aggregate",
              "Strategy": "Plain",
              "Partial Mode": "Partial",
              "Parent Relationship": "Outer",
              "Parallel Aware": false,
              "Startup Cost": 333289.02,
              "Total Cost": 333289.03,
              "Plan Rows": 1,
              "Plan Width": 8,
              "Actual Startup Time": 407.331,
              "Actual Total Time": 407.333,
              "Actual Rows": 1,
              "Actual Loops": 7,
              "Plans": [
                {
                  "Node Type": "Index Scan",
                  "Parent Relationship": "Outer",
                  "Parallel Aware": true,
                  "Scan Direction": "Forward",
                  "Index Name": "role_id_cast_info",
                  "Relation Name": "cast_info",
                  "Alias": "ci",
                  "Startup Cost": 0.56,
                  "Total Cost": 331632.96,
                  "Plan Rows": 662423,
                  "Plan Width": 0,
                  "Actual Startup Time": 0.19,
                  "Actual Total Time": 387.855,
                  "Actual Rows": 336460,
                  "Actual Loops": 7,
                  "Index Cond": "(role_id > 3)",
                  "Rows Removed by Index Recheck": 0,
                  "Filter": "(person_id < 1147508)",
                  "Rows Removed by Filter": 1394060
                }
              ]
            }
          ]
        }
      ]
    },
    "Planning Time": 0.213,
    "Triggers": [],
    "Execution Time": 439.419
  }
]