[
  {
    "Plan": {
      "Node Type": "Aggregate",
      "Strategy": "Plain",
      "Partial Mode": "Finalize",
      "Parallel Aware": false,
      "Startup Cost": 109489.78,
      "Total Cost": 109489.79,
      "Plan Rows": 1,
      "Plan Width": 8,
      "Actual Startup Time": 108.14,
      "Actual Total Time": 123.929,
      "Actual Rows": 1,
      "Actual Loops": 1,
      "Plans": [
        {
          "Node Type": "Gather",
          "Parent Relationship": "Outer",
          "Parallel Aware": false,
          "Startup Cost": 109489.36,
          "Total Cost": 109489.77,
          "Plan Rows": 4,
          "Plan Width": 8,
          "Actual Startup Time": 108.023,
          "Actual Total Time": 123.921,
          "Actual Rows": 5,
          "Actual Loops": 1,
          "Workers Planned": 4,
          "Workers Launched": 4,
          "Single Copy": false,
          "Plans": [
            {
              "Node Type": "Aggregate",
              "Strategy": "Plain",
              "Partial Mode": "Partial",
              "Parent Relationship": "Outer",
              "Parallel Aware": false,
              "Startup Cost": 108489.36,
              "Total Cost": 108489.37,
              "Plan Rows": 1,
              "Plan Width": 8,
              "Actual Startup Time": 98.212,
              "Actual Total Time": 98.214,
              "Actual Rows": 1,
              "Actual Loops": 5,
              "Plans": [
                {
                  "Node Type": "Nested Loop",
                  "Parent Relationship": "Outer",
                  "Parallel Aware": false,
                  "Join Type": "Inner",
                  "Startup Cost": 1.0,
                  "Total Cost": 108464.59,
                  "Plan Rows": 9908,
                  "Plan Width": 0,
                  "Actual Startup Time": 60.089,
                  "Actual Total Time": 98.042,
                  "Actual Rows": 1872,
                  "Actual Loops": 5,
                  "Inner Unique": false,
                  "Join Filter": "(t.id = mi.movie_id)",
                  "Rows Removed by Join Filter": 0,
                  "Plans": [
                    {
                      "Node Type": "Nested Loop",
                      "Parent Relationship": "Outer",
                      "Parallel Aware": false,
                      "Join Type": "Inner",
                      "Startup Cost": 0.56,
                      "Total Cost": 105438.54,
                      "Plan Rows": 1694,
                      "Plan Width": 8,
                      "Actual Startup Time": 59.997,
                      "Actual Total Time": 88.792,
                      "Actual Rows": 210,
                      "Actual Loops": 5,
                      "Inner Unique": false,
                      "Plans": [
                        {
                          "Node Type": "Seq Scan",
                          "Parent Relationship": "Outer",
                          "Parallel Aware": true,
                          "Relation Name": "title",
                          "Alias": "t",
                          "Startup Cost": 0.0,
                          "Total Cost": 43898.92,
                          "Plan Rows": 452,
                          "Plan Width": 4,
                          "Actual Startup Time": 59.841,
                          "Actual Total Time": 82.868,
                          "Actual Rows": 357,
                          "Actual Loops": 5,
                          "Filter": "(production_year = 1899)",
                          "Rows Removed by Filter": 505305
                        },
                        {
                          "Node Type": "Index Scan",
                          "Parent Relationship": "Inner",
                          "Parallel Aware": false,
                          "Scan Direction": "Forward",
                          "Index Name": "movie_id_cast_info",
                          "Relation Name": "cast_info",
                          "Alias": "ci",
                          "Startup Cost": 0.56,
                          "Total Cost": 136.05,
                          "Plan Rows": 10,
                          "Plan Width": 4,
                          "Actual Startup Time": 0.015,
                          "Actual Total Time": 0.016,
                          "Actual Rows": 1,
                          "Actual Loops": 1787,
                          "Index Cond": "(movie_id = t.id)",
                          "Rows Removed by Index Recheck": 0,
                          "Filter": "((person_id < 4044584) AND (role_id > 4))",
                          "Rows Removed by Filter": 1
                        }
                      ]
                    },
                    {
                      "Node Type": "Index Only Scan",
                      "Parent Relationship": "Inner",
                      "Parallel Aware": false,
                      "Scan Direction": "Forward",
                      "Index Name": "movie_id_movie_info",
                      "Relation Name": "movie_info",
                      "Alias": "mi",
                      "Startup Cost": 0.43,
                      "Total Cost": 1.26,
                      "Plan Rows": 42,
                      "Plan Width": 4,
                      "Actual Startup Time": 0.017,
                      "Actual Total Time": 0.042,
                      "Actual Rows": 9,
                      "Actual Loops": 1051,
                      "Index Cond": "(movie_id = ci.movie_id)",
                      "Rows Removed by Index Recheck": 0,
                      "Heap Fetches": 9358
                    }
                  ]
                }
              ]
            }
          ]
        }
      ]
    },
    "Planning Time": 1.355,
    "Triggers": [],
    "Execution Time": 124.016
  }
]