[
  {
    "Plan": {
      "Node Type": "Aggregate",
      "Strategy": "Plain",
      "Partial Mode": "Finalize",
      "Parallel Aware": false,
      "Startup Cost": 46732.85,
      "Total Cost": 46732.86,
      "Plan Rows": 1,
      "Plan Width": 8,
      "Actual Startup Time": 179.39,
      "Actual Total Time": 188.448,
      "Actual Rows": 1,
      "Actual Loops": 1,
      "Plans": [
        {
          "Node Type": "Gather",
          "Parent Relationship": "Outer",
          "Parallel Aware": false,
          "Startup Cost": 46732.54,
          "Total Cost": 46732.85,
          "Plan Rows": 3,
          "Plan Width": 8,
          "Actual Startup Time": 179.24,
          "Actual Total Time": 188.438,
          "Actual Rows": 4,
          "Actual Loops": 1,
          "Workers Planned": 3,
          "Workers Launched": 3,
          "Single Copy": false,
          "Plans": [
            {
              "Node Type": "Aggregate",
              "Strategy": "Plain",
              "Partial Mode": "Partial",
              "Parent Relationship": "Outer",
              "Parallel Aware": false,
              "Startup Cost": 45732.54,
              "Total Cost": 45732.55,
              "Plan Rows": 1,
              "Plan Width": 8,
              "Actual Startup Time": 172.677,
              "Actual Total Time": 172.679,
              "Actual Rows": 1,
              "Actual Loops": 4,
              "Plans": [
                {
                  "Node Type": "Seq Scan",
                  "Parent Relationship": "Outer",
                  "Parallel Aware": true,
                  "Relation Name": "movie_keyword",
                  "Alias": "mk",
                  "Startup Cost": 0.0,
                  "Total Cost": 42695.65,
                  "Plan Rows": 1214753,
                  "Plan Width": 0,
                  "Actual Startup Time": 0.047,
                  "Actual Total Time": 126.992,
                  "Actual Rows": 942976,
                  "Actual Loops": 4,
                  "Filter": "(keyword_id < 24882)",
                  "Rows Removed by Filter": 188006
                }
              ]
            }
          ]
        }
      ]
    },
    "Planning Time": 0.07,
    "Triggers": [],
    "Execution Time": 188.474
  }
]