[
  {
    "Plan": {
      "Node Type": "Aggregate",
      "Strategy": "Plain",
      "Partial Mode": "Finalize",
      "Parallel Aware": false,
      "Startup Cost": 250362.13,
      "Total Cost": 250362.14,
      "Plan Rows": 1,
      "Plan Width": 8,
      "Actual Startup Time": 1151.712,
      "Actual Total Time": 1197.145,
      "Actual Rows": 1,
      "Actual Loops": 1,
      "Plans": [
        {
          "Node Type": "Gather",
          "Parent Relationship": "Outer",
          "Parallel Aware": false,
          "Startup Cost": 250361.61,
          "Total Cost": 250362.12,
          "Plan Rows": 5,
          "Plan Width": 8,
          "Actual Startup Time": 1145.591,
          "Actual Total Time": 1197.135,
          "Actual Rows": 6,
          "Actual Loops": 1,
          "Workers Planned": 5,
          "Workers Launched": 5,
          "Single Copy": false,
          "Plans": [
            {
              "Node Type": "Aggregate",
              "Strategy": "Plain",
              "Partial Mode": "Partial",
              "Parent Relationship": "Outer",
              "Parallel Aware": false,
              "Startup Cost": 249361.61,
              "Total Cost": 249361.62,
              "Plan Rows": 1,
              "Plan Width": 8,
              "Actual Startup Time": 1135.758,
              "Actual Total Time": 1135.761,
              "Actual Rows": 1,
              "Actual Loops": 6,
              "Plans": [
                {
                  "Node Type": "Hash Join",
                  "Parent Relationship": "Outer",
                  "Parallel Aware": true,
                  "Join Type": "Inner",
                  "Startup Cost": 47835.39,
                  "Total Cost": 247157.15,
                  "Plan Rows": 881784,
                  "Plan Width": 0,
                  "Actual Startup Time": 137.232,
                  "Actual Total Time": 1065.675,
                  "Actual Rows": 1525934,
                  "Actual Loops": 6,
                  "Inner Unique": true,
                  "Hash Cond": "(mi.movie_id = t.id)",
                  "Plans": [
                    {
                      "Node Type": "Seq Scan",
                      "Parent Relationship": "Outer",
                      "Parallel Aware": true,
                      "Relation Name": "movie_info",
                      "Alias": "mi",
                      "Startup Cost": 0.0,
                      "Total Cost": 191560.33,
                      "Plan Rows": 2956733,
                      "Plan Width": 4,
                      "Actual Startup Time": 0.029,
                      "Actual Total Time": 307.389,
                      "Actual Rows": 2472620,
                      "Actual Loops": 6
                    },
                    {
                      "Node Type": "Hash",
                      "Parent Relationship": "Inner",
                      "Parallel Aware": true,
                      "Startup Cost": 45479.1,
                      "Total Cost": 45479.1,
                      "Plan Rows": 188503,
                      "Plan Width": 4,
                      "Actual Startup Time": 132.79,
                      "Actual Total Time": 132.791,
                      "Actual Rows": 128883,
                      "Actual Loops": 6,
                      "Hash Buckets": 1048576,
                      "Original Hash Buckets": 1048576,
                      "Hash Batches": 1,
                      "Original Hash Batches": 1,
                      "Peak Memory Usage": 38528,
                      "Plans": [
                        {
                          "Node Type": "Seq Scan",
                          "Parent Relationship": "Outer",
                          "Parallel Aware": true,
                          "Relation Name": "title",
                          "Alias": "t",
                          "Startup Cost": 0.0,
                          "Total Cost": 45479.1,
                          "Plan Rows": 188503,
                          "Plan Width": 4,
                          "Actual Startup Time": 0.04,
                          "Actual Total Time": 82.667,
                          "Actual Rows": 128883,
                          "Actual Loops": 6,
                          "Filter": "((kind_id < 4) AND (production_year < 2012))",
                          "Rows Removed by Filter": 292502
                        }
                      ]
                    }
                  ]
                }
              ]
            }
          ]
        }
      ]
    },
    "Planning Time": 0.386,
    "Triggers": [],
    "Execution Time": 1197.205
  }
]