{
  "Plan": {
    "Node Type": "Aggregate",
    "Strategy": "Plain",
    "Partial Mode": "Finalize",
    "Parallel Aware": false,
    "Startup Cost": 108130.39,
    "Total Cost": 108130.4,
    "Plan Rows": 1,
    "Plan Width": 8,
    "Actual Startup Time": 506.432,
    "Actual Total Time": 524.15,
    "Actual Rows": 1,
    "Actual Loops": 1,
    "Plans": [
      {
        "Node Type": "Gather",
        "Parent Relationship": "Outer",
        "Parallel Aware": false,
        "Startup Cost": 108130.28,
        "Total Cost": 108130.39,
        "Plan Rows": 1,
        "Plan Width": 8,
        "Actual Startup Time": 504.193,
        "Actual Total Time": 524.141,
        "Actual Rows": 2,
        "Actual Loops": 1,
        "Workers Planned": 1,
        "Workers Launched": 1,
        "Single Copy": false,
        "Plans": [
          {
            "Node Type": "Aggregate",
            "Strategy": "Plain",
            "Partial Mode": "Partial",
            "Parent Relationship": "Outer",
            "Parallel Aware": false,
            "Startup Cost": 107130.28,
            "Total Cost": 107130.29,
            "Plan Rows": 1,
            "Plan Width": 8,
            "Actual Startup Time": 498.457,
            "Actual Total Time": 498.461,
            "Actual Rows": 1,
            "Actual Loops": 2,
            "Plans": [
              {
                "Node Type": "Hash Join",
                "Parent Relationship": "Outer",
                "Parallel Aware": true,
                "Join Type": "Inner",
                "Startup Cost": 63289.47,
                "Total Cost": 106669.31,
                "Plan Rows": 184388,
                "Plan Width": 0,
                "Actual Startup Time": 271.258,
                "Actual Total Time": 494.481,
                "Actual Rows": 71992,
                "Actual Loops": 2,
                "Inner Unique": true,
                "Hash Cond": "(mc.movie_id = t.id)",
                "Plans": [
                  {
                    "Node Type": "Index Scan",
                    "Parent Relationship": "Outer",
                    "Parallel Aware": true,
                    "Scan Direction": "Forward",
                    "Index Name": "company_type_id_movie_companies",
                    "Relation Name": "movie_companies",
                    "Alias": "mc",
                    "Startup Cost": 0.43,
                    "Total Cost": 41574.35,
                    "Plan Rows": 687965,
                    "Plan Width": 4,
                    "Actual Startup Time": 0.12,
                    "Actual Total Time": 125.413,
                    "Actual Rows": 547986,
                    "Actual Loops": 2,
                    "Index Cond": "(company_type_id < 2)",
                    "Rows Removed by Index Recheck": 0,
                    "Filter": "(company_id > 92)",
                    "Rows Removed by Filter": 89138
                  },
                  {
                    "Node Type": "Hash",
                    "Parent Relationship": "Inner",
                    "Parallel Aware": true,
                    "Startup Cost": 58306.47,
                    "Total Cost": 58306.47,
                    "Plan Rows": 398606,
                    "Plan Width": 4,
                    "Actual Startup Time": 261.508,
                    "Actual Total Time": 261.509,
                    "Actual Rows": 282531,
                    "Actual Loops": 2,
                    "Hash Buckets": 1048576,
                    "Original Hash Buckets": 1048576,
                    "Hash Batches": 1,
                    "Original Hash Batches": 1,
                    "Peak Memory Usage": 30304,
                    "Plans": [
                      {
                        "Node Type": "Seq Scan",
                        "Parent Relationship": "Outer",
                        "Parallel Aware": true,
                        "Relation Name": "title",
                        "Alias": "t",
                        "Startup Cost": 0.0,
                        "Total Cost": 58306.47,
                        "Plan Rows": 398606,
                        "Plan Width": 4,
                        "Actual Startup Time": 0.028,
                        "Actual Total Time": 176.163,
                        "Actual Rows": 282531,
                        "Actual Loops": 2,
                        "Filter": "((kind_id > 1) AND (production_year < 1998))",
                        "Rows Removed by Filter": 981625
                      }
                    ]
                  }
                ]
              }
            ]
          }
        ]
      }
    ]
  },
  "Planning Time": 0.649,
  "Triggers": [],
  "Execution Time": 524.227
}