[
  {
    "Plan": {
      "Node Type": "Aggregate",
      "Strategy": "Plain",
      "Partial Mode": "Finalize",
      "Parallel Aware": false,
      "Startup Cost": 290894.1,
      "Total Cost": 290894.11,
      "Plan Rows": 1,
      "Plan Width": 8,
      "Actual Startup Time": 1286.441,
      "Actual Total Time": 1334.2,
      "Actual Rows": 1,
      "Actual Loops": 1,
      "Plans": [
        {
          "Node Type": "Gather",
          "Parent Relationship": "Outer",
          "Parallel Aware": false,
          "Startup Cost": 290893.57,
          "Total Cost": 290894.08,
          "Plan Rows": 5,
          "Plan Width": 8,
          "Actual Startup Time": 1279.169,
          "Actual Total Time": 1334.174,
          "Actual Rows": 6,
          "Actual Loops": 1,
          "Workers Planned": 5,
          "Workers Launched": 5,
          "Single Copy": false,
          "Plans": [
            {
              "Node Type": "Aggregate",
              "Strategy": "Plain",
              "Partial Mode": "Partial",
              "Parent Relationship": "Outer",
              "Parallel Aware": false,
              "Startup Cost": 289893.57,
              "Total Cost": 289893.58,
              "Plan Rows": 1,
              "Plan Width": 8,
              "Actual Startup Time": 1268.269,
              "Actual Total Time": 1268.348,
              "Actual Rows": 1,
              "Actual Loops": 6,
              "Plans": [
                {
                  "Node Type": "Hash Join",
                  "Parent Relationship": "Outer",
                  "Parallel Aware": true,
                  "Join Type": "Inner",
                  "Startup Cost": 82862.85,
                  "Total Cost": 287702.25,
                  "Plan Rows": 876529,
                  "Plan Width": 0,
                  "Actual Startup Time": 340.393,
                  "Actual Total Time": 1214.221,
                  "Actual Rows": 1032056,
                  "Actual Loops": 6,
                  "Inner Unique": false,
                  "Hash Cond": "(mi.movie_id = t.id)",
                  "Plans": [
                    {
                      "Node Type": "Seq Scan",
                      "Parent Relationship": "Outer",
                      "Parallel Aware": true,
                      "Relation Name": "movie_info",
                      "Alias": "mi",
                      "Startup Cost": 0.0,
                      "Total Cost": 191560.33,
                      "Plan Rows": 2956733,
                      "Plan Width": 4,
                      "Actual Startup Time": 0.02,
                      "Actual Total Time": 339.163,
                      "Actual Rows": 2472620,
                      "Actual Loops": 6
                    },
                    {
                      "Node Type": "Hash",
                      "Parent Relationship": "Inner",
                      "Parallel Aware": true,
                      "Startup Cost": 80520.62,
                      "Total Cost": 80520.62,
                      "Plan Rows": 187379,
                      "Plan Width": 8,
                      "Actual Startup Time": 335.811,
                      "Actual Total Time": 335.889,
                      "Actual Rows": 78352,
                      "Actual Loops": 6,
                      "Hash Buckets": 1048576,
                      "Original Hash Buckets": 1048576,
                      "Hash Batches": 1,
                      "Original Hash Batches": 1,
                      "Peak Memory Usage": 26688,
                      "Plans": [
                        {
                          "Node Type": "Hash Join",
                          "Parent Relationship": "Outer",
                          "Parallel Aware": true,
                          "Join Type": "Inner",
                          "Startup Cost": 34437.07,
                          "Total Cost": 80520.62,
                          "Plan Rows": 187379,
                          "Plan Width": 8,
                          "Actual Startup Time": 111.924,
                          "Actual Total Time": 296.796,
                          "Actual Rows": 78352,
                          "Actual Loops": 6,
                          "Inner Unique": false,
                          "Hash Cond": "(t.id = mc.movie_id)",
                          "Plans": [
                            {
                              "Node Type": "Seq Scan",
                              "Parent Relationship": "Outer",
                              "Parallel Aware": true,
                              "Relation Name": "title",
                              "Alias": "t",
                              "Startup Cost": 0.0,
                              "Total Cost": 42318.73,
                              "Plan Rows": 632073,
                              "Plan Width": 4,
                              "Actual Startup Time": 0.011,
                              "Actual Total Time": 68.453,
                              "Actual Rows": 421385,
                              "Actual Loops": 6
                            },
                            {
                              "Node Type": "Hash",
                              "Parent Relationship": "Inner",
                              "Parallel Aware": true,
                              "Startup Cost": 31414.82,
                              "Total Cost": 31414.82,
                              "Plan Rows": 241780,
                              "Plan Width": 4,
                              "Actual Startup Time": 110.226,
                              "Actual Total Time": 110.227,
                              "Actual Rows": 78352,
                              "Actual Loops": 6,
                              "Hash Buckets": 1048576,
                              "Original Hash Buckets": 1048576,
                              "Hash Batches": 1,
                              "Original Hash Batches": 1,
                              "Peak Memory Usage": 26656,
                              "Plans": [
                                {
                                  "Node Type": "Seq Scan",
                                  "Parent Relationship": "Outer",
                                  "Parallel Aware": true,
                                  "Relation Name": "movie_companies",
                                  "Alias": "mc",
                                  "Startup Cost": 0.0,
                                  "Total Cost": 31414.82,
                                  "Plan Rows": 241780,
                                  "Plan Width": 4,
                                  "Actual Startup Time": 43.31,
                                  "Actual Total Time": 72.218,
                                  "Actual Rows": 78352,
                                  "Actual Loops": 6,
                                  "Filter": "((company_id < 13422) AND (company_type_id > 1))",
                                  "Rows Removed by Filter": 356502
                                }
                              ]
                            }
                          ]
                        }
                      ]
                    }
                  ]
                }
              ]
            }
          ]
        }
      ]
    },
    "Planning Time": 1.413,
    "Triggers": [],
    "Execution Time": 1334.303
  }
]