[
    {
        "Bao": {
            "Bao prediction": "NaN",
            "Bao recommended hint": "(no hint)"
        }
    },
    {
        "Plan": {
            "Node Type": "Aggregate",
            "Strategy": "Plain",
            "Partial Mode": "Finalize",
            "Parallel Aware": false,
            "Startup Cost": 23402.01,
            "Total Cost": 23402.02,
            "Plan Rows": 1,
            "Plan Width": 8,
            "Actual Startup Time": 31.56,
            "Actual Total Time": 34.993,
            "Actual Rows": 1,
            "Actual Loops": 1,
            "Output": [
                "count(*)"
            ],
            "Plans": [
                {
                    "Node Type": "Gather",
                    "Parent Relationship": "Outer",
                    "Parallel Aware": false,
                    "Startup Cost": 23401.69,
                    "Total Cost": 23402.0,
                    "Plan Rows": 3,
                    "Plan Width": 8,
                    "Actual Startup Time": 31.278,
                    "Actual Total Time": 34.869,
                    "Actual Rows": 4,
                    "Actual Loops": 1,
                    "Output": [
                        "(PARTIAL count(*))"
                    ],
                    "Workers Planned": 3,
                    "Workers Launched": 3,
                    "Single Copy": false,
                    "Plans": [
                        {
                            "Node Type": "Aggregate",
                            "Strategy": "Plain",
                            "Partial Mode": "Partial",
                            "Parent Relationship": "Outer",
                            "Parallel Aware": false,
                            "Startup Cost": 22401.69,
                            "Total Cost": 22401.7,
                            "Plan Rows": 1,
                            "Plan Width": 8,
                            "Actual Startup Time": 23.062,
                            "Actual Total Time": 23.063,
                            "Actual Rows": 1,
                            "Actual Loops": 4,
                            "Output": [
                                "PARTIAL count(*)"
                            ],
                            "Workers": [
                                {
                                    "Worker Number": 0,
                                    "Actual Startup Time": 20.128,
                                    "Actual Total Time": 20.129,
                                    "Actual Rows": 1,
                                    "Actual Loops": 1
                                },
                                {
                                    "Worker Number": 1,
                                    "Actual Startup Time": 20.526,
                                    "Actual Total Time": 20.527,
                                    "Actual Rows": 1,
                                    "Actual Loops": 1
                                },
                                {
                                    "Worker Number": 2,
                                    "Actual Startup Time": 20.559,
                                    "Actual Total Time": 20.56,
                                    "Actual Rows": 1,
                                    "Actual Loops": 1
                                }
                            ],
                            "Plans": [
                                {
                                    "Node Type": "Bitmap Heap Scan",
                                    "Parent Relationship": "Outer",
                                    "Parallel Aware": true,
                                    "Relation Name": "movie_companies",
                                    "Schema": "public",
                                    "Alias": "mc",
                                    "Startup Cost": 2952.4,
                                    "Total Cost": 22291.81,
                                    "Plan Rows": 43953,
                                    "Plan Width": 0,
                                    "Actual Startup Time": 2.139,
                                    "Actual Total Time": 20.635,
                                    "Actual Rows": 34660,
                                    "Actual Loops": 4,
                                    "Recheck Cond": "(mc.company_id > 136984)",
                                    "Rows Removed by Index Recheck": 0,
                                    "Exact Heap Blocks": 2592,
                                    "Lossy Heap Blocks": 0,
                                    "Workers": [
                                        {
                                            "Worker Number": 0,
                                            "Actual Startup Time": 0.199,
                                            "Actual Total Time": 18.346,
                                            "Actual Rows": 13620,
                                            "Actual Loops": 1
                                        },
                                        {
                                            "Worker Number": 1,
                                            "Actual Startup Time": 0.235,
                                            "Actual Total Time": 18.535,
                                            "Actual Rows": 14880,
                                            "Actual Loops": 1
                                        },
                                        {
                                            "Worker Number": 2,
                                            "Actual Startup Time": 0.171,
                                            "Actual Total Time": 18.613,
                                            "Actual Rows": 15172,
                                            "Actual Loops": 1
                                        }
                                    ],
                                    "Plans": [
                                        {
                                            "Node Type": "Bitmap Index Scan",
                                            "Parent Relationship": "Outer",
                                            "Parallel Aware": false,
                                            "Index Name": "company_id_movie_companies",
                                            "Startup Cost": 0.0,
                                            "Total Cost": 2918.33,
                                            "Plan Rows": 136254,
                                            "Plan Width": 0,
                                            "Actual Startup Time": 7.288,
                                            "Actual Total Time": 7.288,
                                            "Actual Rows": 138641,
                                            "Actual Loops": 1,
                                            "Index Cond": "(mc.company_id > 136984)"
                                        }
                                    ]
                                }
                            ]
                        }
                    ]
                }
            ]
        },
        "Planning Time": 194.238,
        "Triggers": [],
        "Execution Time": 35.045
    }
]