{
  "Plan": {
    "Node Type": "Aggregate",
    "Strategy": "Plain",
    "Partial Mode": "Finalize",
    "Parallel Aware": false,
    "Startup Cost": 30587.29,
    "Total Cost": 30587.3,
    "Plan Rows": 1,
    "Plan Width": 8,
    "Actual Startup Time": 37.898,
    "Actual Total Time": 42.678,
    "Actual Rows": 1,
    "Actual Loops": 1,
    "Plans": [
      {
        "Node Type": "Gather",
        "Parent Relationship": "Outer",
        "Parallel Aware": false,
        "Startup Cost": 30587.18,
        "Total Cost": 30587.29,
        "Plan Rows": 1,
        "Plan Width": 8,
        "Actual Startup Time": 37.748,
        "Actual Total Time": 42.67,
        "Actual Rows": 2,
        "Actual Loops": 1,
        "Workers Planned": 1,
        "Workers Launched": 1,
        "Single Copy": false,
        "Plans": [
          {
            "Node Type": "Aggregate",
            "Strategy": "Plain",
            "Partial Mode": "Partial",
            "Parent Relationship": "Outer",
            "Parallel Aware": false,
            "Startup Cost": 29587.18,
            "Total Cost": 29587.19,
            "Plan Rows": 1,
            "Plan Width": 8,
            "Actual Startup Time": 31.804,
            "Actual Total Time": 31.806,
            "Actual Rows": 1,
            "Actual Loops": 2,
            "Plans": [
              {
                "Node Type": "Nested Loop",
                "Parent Relationship": "Outer",
                "Parallel Aware": false,
                "Join Type": "Inner",
                "Startup Cost": 93.58,
                "Total Cost": 29585.71,
                "Plan Rows": 585,
                "Plan Width": 0,
                "Actual Startup Time": 3.485,
                "Actual Total Time": 31.753,
                "Actual Rows": 178,
                "Actual Loops": 2,
                "Inner Unique": true,
                "Plans": [
                  {
                    "Node Type": "Bitmap Heap Scan",
                    "Parent Relationship": "Outer",
                    "Parallel Aware": true,
                    "Relation Name": "movie_keyword",
                    "Alias": "mk",
                    "Startup Cost": 93.15,
                    "Total Cost": 11023.11,
                    "Plan Rows": 2484,
                    "Plan Width": 4,
                    "Actual Startup Time": 2.568,
                    "Actual Total Time": 10.134,
                    "Actual Rows": 2398,
                    "Actual Loops": 2,
                    "Recheck Cond": "(keyword_id = 11662)",
                    "Rows Removed by Index Recheck": 0,
                    "Exact Heap Blocks": 2729,
                    "Lossy Heap Blocks": 0,
                    "Plans": [
                      {
                        "Node Type": "Bitmap Index Scan",
                        "Parent Relationship": "Outer",
                        "Parallel Aware": false,
                        "Index Name": "keyword_id_movie_keyword",
                        "Startup Cost": 0.0,
                        "Total Cost": 92.1,
                        "Plan Rows": 4222,
                        "Plan Width": 0,
                        "Actual Startup Time": 3.387,
                        "Actual Total Time": 3.388,
                        "Actual Rows": 4797,
                        "Actual Loops": 1,
                        "Index Cond": "(keyword_id = 11662)"
                      }
                    ]
                  },
                  {
                    "Node Type": "Index Scan",
                    "Parent Relationship": "Inner",
                    "Parallel Aware": false,
                    "Scan Direction": "Forward",
                    "Index Name": "title_pkey",
                    "Relation Name": "title",
                    "Alias": "t",
                    "Startup Cost": 0.43,
                    "Total Cost": 7.47,
                    "Plan Rows": 1,
                    "Plan Width": 4,
                    "Actual Startup Time": 0.008,
                    "Actual Total Time": 0.008,
                    "Actual Rows": 0,
                    "Actual Loops": 4797,
                    "Index Cond": "(id = mk.movie_id)",
                    "Rows Removed by Index Recheck": 0,
                    "Filter": "((kind_id > 1) AND (production_year < 1995))",
                    "Rows Removed by Filter": 1
                  }
                ]
              }
            ]
          }
        ]
      }
    ]
  },
  "Planning Time": 0.484,
  "Triggers": [],
  "Execution Time": 42.767
}