{
  "Plan": {
    "Node Type": "Aggregate",
    "Strategy": "Plain",
    "Partial Mode": "Finalize",
    "Parallel Aware": false,
    "Startup Cost": 99530.22,
    "Total Cost": 99530.23,
    "Plan Rows": 1,
    "Plan Width": 8,
    "Actual Startup Time": 384.696,
    "Actual Total Time": 397.781,
    "Actual Rows": 1,
    "Actual Loops": 1,
    "Plans": [
      {
        "Node Type": "Gather",
        "Parent Relationship": "Outer",
        "Parallel Aware": false,
        "Startup Cost": 99530.11,
        "Total Cost": 99530.22,
        "Plan Rows": 1,
        "Plan Width": 8,
        "Actual Startup Time": 383.519,
        "Actual Total Time": 397.772,
        "Actual Rows": 2,
        "Actual Loops": 1,
        "Workers Planned": 1,
        "Workers Launched": 1,
        "Single Copy": false,
        "Plans": [
          {
            "Node Type": "Aggregate",
            "Strategy": "Plain",
            "Partial Mode": "Partial",
            "Parent Relationship": "Outer",
            "Parallel Aware": false,
            "Startup Cost": 98530.11,
            "Total Cost": 98530.12,
            "Plan Rows": 1,
            "Plan Width": 8,
            "Actual Startup Time": 377.453,
            "Actual Total Time": 377.457,
            "Actual Rows": 1,
            "Actual Loops": 2,
            "Plans": [
              {
                "Node Type": "Hash Join",
                "Parent Relationship": "Outer",
                "Parallel Aware": true,
                "Join Type": "Inner",
                "Startup Cost": 37562.38,
                "Total Cost": 98430.06,
                "Plan Rows": 40021,
                "Plan Width": 0,
                "Actual Startup Time": 164.549,
                "Actual Total Time": 375.39,
                "Actual Rows": 43856,
                "Actual Loops": 2,
                "Inner Unique": false,
                "Hash Cond": "(t.id = mc.movie_id)",
                "Plans": [
                  {
                    "Node Type": "Seq Scan",
                    "Parent Relationship": "Outer",
                    "Parallel Aware": true,
                    "Relation Name": "title",
                    "Alias": "t",
                    "Startup Cost": 0.0,
                    "Total Cost": 58306.47,
                    "Plan Rows": 372126,
                    "Plan Width": 4,
                    "Actual Startup Time": 0.014,
                    "Actual Total Time": 135.469,
                    "Actual Rows": 266292,
                    "Actual Loops": 2,
                    "Filter": "((kind_id < 7) AND (production_year > 1995))",
                    "Rows Removed by Filter": 997864
                  },
                  {
                    "Node Type": "Hash",
                    "Parent Relationship": "Inner",
                    "Parallel Aware": true,
                    "Startup Cost": 35563.02,
                    "Total Cost": 35563.02,
                    "Plan Rows": 159949,
                    "Plan Width": 4,
                    "Actual Startup Time": 158.808,
                    "Actual Total Time": 158.81,
                    "Actual Rows": 202154,
                    "Actual Loops": 2,
                    "Hash Buckets": 524288,
                    "Original Hash Buckets": 524288,
                    "Hash Batches": 1,
                    "Original Hash Batches": 1,
                    "Peak Memory Usage": 19936,
                    "Plans": [
                      {
                        "Node Type": "Bitmap Heap Scan",
                        "Parent Relationship": "Outer",
                        "Parallel Aware": true,
                        "Relation Name": "movie_companies",
                        "Alias": "mc",
                        "Startup Cost": 11899.18,
                        "Total Cost": 35563.02,
                        "Plan Rows": 159949,
                        "Plan Width": 4,
                        "Actual Startup Time": 35.692,
                        "Actual Total Time": 108.514,
                        "Actual Rows": 202154,
                        "Actual Loops": 2,
                        "Recheck Cond": "(company_id < 554)",
                        "Rows Removed by Index Recheck": 0,
                        "Filter": "(company_type_id = 1)",
                        "Rows Removed by Filter": 71162,
                        "Exact Heap Blocks": 11381,
                        "Lossy Heap Blocks": 0,
                        "Plans": [
                          {
                            "Node Type": "Bitmap Index Scan",
                            "Parent Relationship": "Outer",
                            "Parallel Aware": false,
                            "Index Name": "company_id_movie_companies",
                            "Startup Cost": 0.0,
                            "Total Cost": 11831.2,
                            "Plan Rows": 552369,
                            "Plan Width": 0,
                            "Actual Startup Time": 33.189,
                            "Actual Total Time": 33.189,
                            "Actual Rows": 546632,
                            "Actual Loops": 1,
                            "Index Cond": "(company_id < 554)"
                          }
                        ]
                      }
                    ]
                  }
                ]
              }
            ]
          }
        ]
      }
    ]
  },
  "Planning Time": 0.656,
  "Triggers": [],
  "Execution Time": 397.9
}