[
  {
    "Plan": {
      "Node Type": "Aggregate",
      "Strategy": "Plain",
      "Partial Mode": "Finalize",
      "Parallel Aware": false,
      "Startup Cost": 122136.0,
      "Total Cost": 122136.01,
      "Plan Rows": 1,
      "Plan Width": 8,
      "Actual Startup Time": 347.689,
      "Actual Total Time": 367.982,
      "Actual Rows": 1,
      "Actual Loops": 1,
      "Plans": [
        {
          "Node Type": "Gather",
          "Parent Relationship": "Outer",
          "Parallel Aware": false,
          "Startup Cost": 122135.58,
          "Total Cost": 122135.99,
          "Plan Rows": 4,
          "Plan Width": 8,
          "Actual Startup Time": 344.796,
          "Actual Total Time": 367.972,
          "Actual Rows": 5,
          "Actual Loops": 1,
          "Workers Planned": 4,
          "Workers Launched": 4,
          "Single Copy": false,
          "Plans": [
            {
              "Node Type": "Aggregate",
              "Strategy": "Plain",
              "Partial Mode": "Partial",
              "Parent Relationship": "Outer",
              "Parallel Aware": false,
              "Startup Cost": 121135.58,
              "Total Cost": 121135.59,
              "Plan Rows": 1,
              "Plan Width": 8,
              "Actual Startup Time": 334.393,
              "Actual Total Time": 334.398,
              "Actual Rows": 1,
              "Actual Loops": 5,
              "Plans": [
                {
                  "Node Type": "Nested Loop",
                  "Parent Relationship": "Outer",
                  "Parallel Aware": false,
                  "Join Type": "Inner",
                  "Startup Cost": 30600.91,
                  "Total Cost": 121029.22,
                  "Plan Rows": 42543,
                  "Plan Width": 0,
                  "Actual Startup Time": 120.276,
                  "Actual Total Time": 331.108,
                  "Actual Rows": 67188,
                  "Actual Loops": 5,
                  "Inner Unique": false,
                  "Plans": [
                    {
                      "Node Type": "Hash Join",
                      "Parent Relationship": "Outer",
                      "Parallel Aware": true,
                      "Join Type": "Inner",
                      "Startup Cost": 30600.48,
                      "Total Cost": 77622.96,
                      "Plan Rows": 23776,
                      "Plan Width": 8,
                      "Actual Startup Time": 119.981,
                      "Actual Total Time": 257.732,
                      "Actual Rows": 24380,
                      "Actual Loops": 5,
                      "Inner Unique": false,
                      "Hash Cond": "(t.id = mc.movie_id)",
                      "Plans": [
                        {
                          "Node Type": "Seq Scan",
                          "Parent Relationship": "Outer",
                          "Parallel Aware": true,
                          "Relation Name": "title",
                          "Alias": "t",
                          "Startup Cost": 0.0,
                          "Total Cost": 45479.1,
                          "Plan Rows": 293337,
                          "Plan Width": 4,
                          "Actual Startup Time": 0.014,
                          "Actual Total Time": 82.334,
                          "Actual Rows": 252166,
                          "Actual Loops": 5,
                          "Filter": "((production_year > 1981) AND (kind_id = 7))",
                          "Rows Removed by Filter": 253497
                        },
                        {
                          "Node Type": "Hash",
                          "Parent Relationship": "Inner",
                          "Parallel Aware": true,
                          "Startup Cost": 29774.17,
                          "Total Cost": 29774.17,
                          "Plan Rows": 66105,
                          "Plan Width": 4,
                          "Actual Startup Time": 117.991,
                          "Actual Total Time": 117.993,
                          "Actual Rows": 63373,
                          "Actual Loops": 5,
                          "Hash Buckets": 524288,
                          "Original Hash Buckets": 262144,
                          "Hash Batches": 1,
                          "Original Hash Batches": 1,
                          "Peak Memory Usage": 18688,
                          "Plans": [
                            {
                              "Node Type": "Bitmap Heap Scan",
                              "Parent Relationship": "Outer",
                              "Parallel Aware": true,
                              "Relation Name": "movie_companies",
                              "Alias": "mc",
                              "Startup Cost": 8969.85,
                              "Total Cost": 29774.17,
                              "Plan Rows": 66105,
                              "Plan Width": 4,
                              "Actual Startup Time": 33.721,
                              "Actual Total Time": 84.156,
                              "Actual Rows": 63373,
                              "Actual Loops": 5,
                              "Recheck Cond": "(company_id < 283)",
                              "Rows Removed by Index Recheck": 0,
                              "Filter": "(company_type_id = 1)",
                              "Rows Removed by Filter": 19417,
                              "Exact Heap Blocks": 6582,
                              "Lossy Heap Blocks": 0,
                              "Plans": [
                                {
                                  "Node Type": "Bitmap Index Scan",
                                  "Parent Relationship": "Outer",
                                  "Parallel Aware": false,
                                  "Index Name": "company_id_movie_companies",
                                  "Startup Cost": 0.0,
                                  "Total Cost": 8918.62,
                                  "Plan Rows": 416292,
                                  "Plan Width": 0,
                                  "Actual Startup Time": 34.03,
                                  "Actual Total Time": 34.03,
                                  "Actual Rows": 413947,
                                  "Actual Loops": 1,
                                  "Index Cond": "(company_id < 283)"
                                }
                              ]
                            }
                          ]
                        }
                      ]
                    },
                    {
                      "Node Type": "Index Only Scan",
                      "Parent Relationship": "Inner",
                      "Parallel Aware": false,
                      "Scan Direction": "Forward",
                      "Index Name": "movie_id_movie_keyword",
                      "Relation Name": "movie_keyword",
                      "Alias": "mk",
                      "Startup Cost": 0.43,
                      "Total Cost": 1.38,
                      "Plan Rows": 45,
                      "Plan Width": 4,
                      "Actual Startup Time": 0.002,
                      "Actual Total Time": 0.003,
                      "Actual Rows": 3,
                      "Actual Loops": 121898,
                      "Index Cond": "(movie_id = t.id)",
                      "Rows Removed by Index Recheck": 0,
                      "Heap Fetches": 335940
                    }
                  ]
                }
              ]
            }
          ]
        }
      ]
    },
    "Planning Time": 1.489,
    "Triggers": [],
    "Execution Time": 368.096
  }
]