{
  "Plan": {
    "Node Type": "Aggregate",
    "Strategy": "Plain",
    "Partial Mode": "Finalize",
    "Parallel Aware": false,
    "Startup Cost": 651642.51,
    "Total Cost": 651642.52,
    "Plan Rows": 1,
    "Plan Width": 8,
    "Actual Startup Time": 4358.57,
    "Actual Total Time": 4431.962,
    "Actual Rows": 1,
    "Actual Loops": 1,
    "Plans": [
      {
        "Node Type": "Gather",
        "Parent Relationship": "Outer",
        "Parallel Aware": false,
        "Startup Cost": 651642.39,
        "Total Cost": 651642.5,
        "Plan Rows": 1,
        "Plan Width": 8,
        "Actual Startup Time": 4352.877,
        "Actual Total Time": 4431.95,
        "Actual Rows": 2,
        "Actual Loops": 1,
        "Workers Planned": 1,
        "Workers Launched": 1,
        "Single Copy": false,
        "Plans": [
          {
            "Node Type": "Aggregate",
            "Strategy": "Plain",
            "Partial Mode": "Partial",
            "Parent Relationship": "Outer",
            "Parallel Aware": false,
            "Startup Cost": 650642.39,
            "Total Cost": 650642.4,
            "Plan Rows": 1,
            "Plan Width": 8,
            "Actual Startup Time": 4339.118,
            "Actual Total Time": 4339.124,
            "Actual Rows": 1,
            "Actual Loops": 2,
            "Plans": [
              {
                "Node Type": "Hash Join",
                "Parent Relationship": "Outer",
                "Parallel Aware": true,
                "Join Type": "Inner",
                "Startup Cost": 97733.33,
                "Total Cost": 648494.62,
                "Plan Rows": 859110,
                "Plan Width": 0,
                "Actual Startup Time": 613.824,
                "Actual Total Time": 4239.748,
                "Actual Rows": 2387934,
                "Actual Loops": 2,
                "Inner Unique": false,
                "Hash Cond": "(ci.movie_id = t.id)",
                "Plans": [
                  {
                    "Node Type": "Seq Scan",
                    "Parent Relationship": "Outer",
                    "Parallel Aware": true,
                    "Relation Name": "cast_info",
                    "Alias": "ci",
                    "Startup Cost": 0.0,
                    "Total Cost": 465792.95,
                    "Plan Rows": 21310595,
                    "Plan Width": 4,
                    "Actual Startup Time": 0.015,
                    "Actual Total Time": 1322.12,
                    "Actual Rows": 18122172,
                    "Actual Loops": 2
                  },
                  {
                    "Node Type": "Hash",
                    "Parent Relationship": "Inner",
                    "Parallel Aware": true,
                    "Startup Cost": 96983.88,
                    "Total Cost": 96983.88,
                    "Plan Rows": 59956,
                    "Plan Width": 8,
                    "Actual Startup Time": 611.4,
                    "Actual Total Time": 611.404,
                    "Actual Rows": 58301,
                    "Actual Loops": 2,
                    "Hash Buckets": 131072,
                    "Original Hash Buckets": 131072,
                    "Hash Batches": 1,
                    "Original Hash Batches": 1,
                    "Peak Memory Usage": 5600,
                    "Plans": [
                      {
                        "Node Type": "Hash Join",
                        "Parent Relationship": "Outer",
                        "Parallel Aware": true,
                        "Join Type": "Inner",
                        "Startup Cost": 71623.05,
                        "Total Cost": 96983.88,
                        "Plan Rows": 59956,
                        "Plan Width": 8,
                        "Actual Startup Time": 533.128,
                        "Actual Total Time": 599.828,
                        "Actual Rows": 58301,
                        "Actual Loops": 2,
                        "Inner Unique": true,
                        "Hash Cond": "(mk.movie_id = t.id)",
                        "Plans": [
                          {
                            "Node Type": "Bitmap Heap Scan",
                            "Parent Relationship": "Outer",
                            "Parallel Aware": true,
                            "Relation Name": "movie_keyword",
                            "Alias": "mk",
                            "Startup Cost": 2162.35,
                            "Total Cost": 27365.8,
                            "Plan Rows": 59956,
                            "Plan Width": 4,
                            "Actual Startup Time": 10.252,
                            "Actual Total Time": 48.328,
                            "Actual Rows": 58301,
                            "Actual Loops": 2,
                            "Recheck Cond": "(keyword_id < 113)",
                            "Rows Removed by Index Recheck": 0,
                            "Exact Heap Blocks": 13567,
                            "Lossy Heap Blocks": 0,
                            "Plans": [
                              {
                                "Node Type": "Bitmap Index Scan",
                                "Parent Relationship": "Outer",
                                "Parallel Aware": false,
                                "Index Name": "keyword_id_movie_keyword",
                                "Startup Cost": 0.0,
                                "Total Cost": 2136.87,
                                "Plan Rows": 101925,
                                "Plan Width": 0,
                                "Actual Startup Time": 6.959,
                                "Actual Total Time": 6.959,
                                "Actual Rows": 116602,
                                "Actual Loops": 1,
                                "Index Cond": "(keyword_id < 113)"
                              }
                            ]
                          },
                          {
                            "Node Type": "Hash",
                            "Parent Relationship": "Inner",
                            "Parallel Aware": true,
                            "Startup Cost": 50870.31,
                            "Total Cost": 50870.31,
                            "Plan Rows": 1487231,
                            "Plan Width": 4,
                            "Actual Startup Time": 502.309,
                            "Actual Total Time": 502.31,
                            "Actual Rows": 1264156,
                            "Actual Loops": 2,
                            "Hash Buckets": 4194304,
                            "Original Hash Buckets": 4194304,
                            "Hash Batches": 1,
                            "Original Hash Batches": 1,
                            "Peak Memory Usage": 131712,
                            "Plans": [
                              {
                                "Node Type": "Seq Scan",
                                "Parent Relationship": "Outer",
                                "Parallel Aware": true,
                                "Relation Name": "title",
                                "Alias": "t",
                                "Startup Cost": 0.0,
                                "Total Cost": 50870.31,
                                "Plan Rows": 1487231,
                                "Plan Width": 4,
                                "Actual Startup Time": 0.027,
                                "Actual Total Time": 158.486,
                                "Actual Rows": 1264156,
                                "Actual Loops": 2
                              }
                            ]
                          }
                        ]
                      }
                    ]
                  }
                ]
              }
            ]
          }
        ]
      }
    ]
  },
  "Planning Time": 0.945,
  "Triggers": [],
  "Execution Time": 4432.088
}