[
  {
    "Plan": {
      "Node Type": "Aggregate",
      "Strategy": "Plain",
      "Partial Mode": "Finalize",
      "Parallel Aware": false,
      "Startup Cost": 41895.14,
      "Total Cost": 41895.15,
      "Plan Rows": 1,
      "Plan Width": 8,
      "Actual Startup Time": 143.703,
      "Actual Total Time": 153.253,
      "Actual Rows": 1,
      "Actual Loops": 1,
      "Plans": [
        {
          "Node Type": "Gather",
          "Parent Relationship": "Outer",
          "Parallel Aware": false,
          "Startup Cost": 41894.83,
          "Total Cost": 41895.14,
          "Plan Rows": 3,
          "Plan Width": 8,
          "Actual Startup Time": 143.392,
          "Actual Total Time": 153.245,
          "Actual Rows": 4,
          "Actual Loops": 1,
          "Workers Planned": 3,
          "Workers Launched": 3,
          "Single Copy": false,
          "Plans": [
            {
              "Node Type": "Aggregate",
              "Strategy": "Plain",
              "Partial Mode": "Partial",
              "Parent Relationship": "Outer",
              "Parallel Aware": false,
              "Startup Cost": 40894.83,
              "Total Cost": 40894.84,
              "Plan Rows": 1,
              "Plan Width": 8,
              "Actual Startup Time": 135.998,
              "Actual Total Time": 135.999,
              "Actual Rows": 1,
              "Actual Loops": 4,
              "Plans": [
                {
                  "Node Type": "Bitmap Heap Scan",
                  "Parent Relationship": "Outer",
                  "Parallel Aware": true,
                  "Relation Name": "movie_keyword",
                  "Alias": "mk",
                  "Startup Cost": 13387.25,
                  "Total Cost": 40385.9,
                  "Plan Rows": 203572,
                  "Plan Width": 0,
                  "Actual Startup Time": 49.319,
                  "Actual Total Time": 127.062,
                  "Actual Rows": 159910,
                  "Actual Loops": 4,
                  "Recheck Cond": "(keyword_id < 496)",
                  "Rows Removed by Index Recheck": 0,
                  "Exact Heap Blocks": 10920,
                  "Lossy Heap Blocks": 0,
                  "Plans": [
                    {
                      "Node Type": "Bitmap Index Scan",
                      "Parent Relationship": "Outer",
                      "Parallel Aware": false,
                      "Index Name": "keyword_id_movie_keyword",
                      "Startup Cost": 0.0,
                      "Total Cost": 13229.48,
                      "Plan Rows": 631073,
                      "Plan Width": 0,
                      "Actual Startup Time": 52.343,
                      "Actual Total Time": 52.343,
                      "Actual Rows": 639638,
                      "Actual Loops": 1,
                      "Index Cond": "(keyword_id < 496)"
                    }
                  ]
                }
              ]
            }
          ]
        }
      ]
    },
    "Planning Time": 0.16,
    "Triggers": [],
    "Execution Time": 153.33
  }
]