[
  {
    "Plan": {
      "Node Type": "Aggregate",
      "Strategy": "Plain",
      "Partial Mode": "Finalize",
      "Parallel Aware": false,
      "Startup Cost": 46248.77,
      "Total Cost": 46248.78,
      "Plan Rows": 1,
      "Plan Width": 8,
      "Actual Startup Time": 115.195,
      "Actual Total Time": 126.744,
      "Actual Rows": 1,
      "Actual Loops": 1,
      "Plans": [
        {
          "Node Type": "Gather",
          "Parent Relationship": "Outer",
          "Parallel Aware": false,
          "Startup Cost": 46248.35,
          "Total Cost": 46248.76,
          "Plan Rows": 4,
          "Plan Width": 8,
          "Actual Startup Time": 115.062,
          "Actual Total Time": 126.73,
          "Actual Rows": 5,
          "Actual Loops": 1,
          "Workers Planned": 4,
          "Workers Launched": 4,
          "Single Copy": false,
          "Plans": [
            {
              "Node Type": "Aggregate",
              "Strategy": "Plain",
              "Partial Mode": "Partial",
              "Parent Relationship": "Outer",
              "Parallel Aware": false,
              "Startup Cost": 45248.35,
              "Total Cost": 45248.36,
              "Plan Rows": 1,
              "Plan Width": 8,
              "Actual Startup Time": 109.203,
              "Actual Total Time": 109.204,
              "Actual Rows": 1,
              "Actual Loops": 5,
              "Plans": [
                {
                  "Node Type": "Seq Scan",
                  "Parent Relationship": "Outer",
                  "Parallel Aware": true,
                  "Relation Name": "title",
                  "Alias": "t",
                  "Startup Cost": 0.0,
                  "Total Cost": 43898.92,
                  "Plan Rows": 539774,
                  "Plan Width": 0,
                  "Actual Startup Time": 0.029,
                  "Actual Total Time": 89.243,
                  "Actual Rows": 429337,
                  "Actual Loops": 5,
                  "Filter": "(production_year > 1965)",
                  "Rows Removed by Filter": 76326
                }
              ]
            }
          ]
        }
      ]
    },
    "Planning Time": 0.096,
    "Triggers": [],
    "Execution Time": 126.785
  }
]