[
    {
        "Bao": {
            "Bao prediction": "NaN",
            "Bao recommended hint": "(no hint)"
        }
    },
    {
        "Plan": {
            "Node Type": "Aggregate",
            "Strategy": "Plain",
            "Partial Mode": "Finalize",
            "Parallel Aware": false,
            "Startup Cost": 32909.41,
            "Total Cost": 32909.42,
            "Plan Rows": 1,
            "Plan Width": 8,
            "Actual Startup Time": 107.31,
            "Actual Total Time": 112.529,
            "Actual Rows": 1,
            "Actual Loops": 1,
            "Output": [
                "count(*)"
            ],
            "Plans": [
                {
                    "Node Type": "Gather",
                    "Parent Relationship": "Outer",
                    "Parallel Aware": false,
                    "Startup Cost": 32909.09,
                    "Total Cost": 32909.4,
                    "Plan Rows": 3,
                    "Plan Width": 8,
                    "Actual Startup Time": 107.172,
                    "Actual Total Time": 112.519,
                    "Actual Rows": 4,
                    "Actual Loops": 1,
                    "Output": [
                        "(PARTIAL count(*))"
                    ],
                    "Workers Planned": 3,
                    "Workers Launched": 3,
                    "Single Copy": false,
                    "Plans": [
                        {
                            "Node Type": "Aggregate",
                            "Strategy": "Plain",
                            "Partial Mode": "Partial",
                            "Parent Relationship": "Outer",
                            "Parallel Aware": false,
                            "Startup Cost": 31909.09,
                            "Total Cost": 31909.1,
                            "Plan Rows": 1,
                            "Plan Width": 8,
                            "Actual Startup Time": 98.969,
                            "Actual Total Time": 98.971,
                            "Actual Rows": 1,
                            "Actual Loops": 4,
                            "Output": [
                                "PARTIAL count(*)"
                            ],
                            "Workers": [
                                {
                                    "Worker Number": 0,
                                    "Actual Startup Time": 96.712,
                                    "Actual Total Time": 96.713,
                                    "Actual Rows": 1,
                                    "Actual Loops": 1
                                },
                                {
                                    "Worker Number": 1,
                                    "Actual Startup Time": 96.587,
                                    "Actual Total Time": 96.588,
                                    "Actual Rows": 1,
                                    "Actual Loops": 1
                                },
                                {
                                    "Worker Number": 2,
                                    "Actual Startup Time": 96.494,
                                    "Actual Total Time": 96.495,
                                    "Actual Rows": 1,
                                    "Actual Loops": 1
                                }
                            ],
                            "Plans": [
                                {
                                    "Node Type": "Seq Scan",
                                    "Parent Relationship": "Outer",
                                    "Parallel Aware": true,
                                    "Relation Name": "movie_companies",
                                    "Schema": "public",
                                    "Alias": "mc",
                                    "Startup Cost": 0.0,
                                    "Total Cost": 31414.82,
                                    "Plan Rows": 197709,
                                    "Plan Width": 0,
                                    "Actual Startup Time": 47.9,
                                    "Actual Total Time": 87.691,
                                    "Actual Rows": 221095,
                                    "Actual Loops": 4,
                                    "Output": [
                                        "id",
                                        "movie_id",
                                        "company_id",
                                        "company_type_id",
                                        "note"
                                    ],
                                    "Filter": "((mc.company_id > 12193) AND (mc.company_type_id = 2))",
                                    "Rows Removed by Filter": 431187,
                                    "Workers": [
                                        {
                                            "Worker Number": 0,
                                            "Actual Startup Time": 45.633,
                                            "Actual Total Time": 85.948,
                                            "Actual Rows": 264523,
                                            "Actual Loops": 1
                                        },
                                        {
                                            "Worker Number": 1,
                                            "Actual Startup Time": 45.519,
                                            "Actual Total Time": 85.959,
                                            "Actual Rows": 262802,
                                            "Actual Loops": 1
                                        },
                                        {
                                            "Worker Number": 2,
                                            "Actual Startup Time": 45.426,
                                            "Actual Total Time": 85.556,
                                            "Actual Rows": 165717,
                                            "Actual Loops": 1
                                        }
                                    ]
                                }
                            ]
                        }
                    ]
                }
            ]
        },
        "Planning Time": 272.72,
        "Triggers": [],
        "Execution Time": 112.591
    }
]