[
  {
    "Plan": {
      "Node Type": "Aggregate",
      "Strategy": "Plain",
      "Partial Mode": "Finalize",
      "Parallel Aware": false,
      "Startup Cost": 352198.48,
      "Total Cost": 352198.49,
      "Plan Rows": 1,
      "Plan Width": 8,
      "Actual Startup Time": 777.811,
      "Actual Total Time": 835.245,
      "Actual Rows": 1,
      "Actual Loops": 1,
      "Plans": [
        {
          "Node Type": "Gather",
          "Parent Relationship": "Outer",
          "Parallel Aware": false,
          "Startup Cost": 352197.85,
          "Total Cost": 352198.46,
          "Plan Rows": 6,
          "Plan Width": 8,
          "Actual Startup Time": 777.677,
          "Actual Total Time": 835.235,
          "Actual Rows": 7,
          "Actual Loops": 1,
          "Workers Planned": 6,
          "Workers Launched": 6,
          "Single Copy": false,
          "Plans": [
            {
              "Node Type": "Aggregate",
              "Strategy": "Plain",
              "Partial Mode": "Partial",
              "Parent Relationship": "Outer",
              "Parallel Aware": false,
              "Startup Cost": 351197.85,
              "Total Cost": 351197.86,
              "Plan Rows": 1,
              "Plan Width": 8,
              "Actual Startup Time": 767.006,
              "Actual Total Time": 767.007,
              "Actual Rows": 1,
              "Actual Loops": 7,
              "Plans": [
                {
                  "Node Type": "Seq Scan",
                  "Parent Relationship": "Outer",
                  "Parallel Aware": true,
                  "Relation Name": "cast_info",
                  "Alias": "ci",
                  "Startup Cost": 0.0,
                  "Total Cost": 343257.03,
                  "Plan Rows": 3176329,
                  "Plan Width": 0,
                  "Actual Startup Time": 224.106,
                  "Actual Total Time": 668.013,
                  "Actual Rows": 2364408,
                  "Actual Loops": 7,
                  "Filter": "((person_id < 2962965) AND (role_id > 1))",
                  "Rows Removed by Filter": 2813355
                }
              ]
            }
          ]
        }
      ]
    },
    "Planning Time": 0.234,
    "Triggers": [],
    "Execution Time": 835.322
  }
]