[
  {
    "Plan": {
      "Node Type": "Aggregate",
      "Strategy": "Plain",
      "Partial Mode": "Finalize",
      "Parallel Aware": false,
      "Startup Cost": 348944.6,
      "Total Cost": 348944.61,
      "Plan Rows": 1,
      "Plan Width": 8,
      "Actual Startup Time": 725.655,
      "Actual Total Time": 772.527,
      "Actual Rows": 1,
      "Actual Loops": 1,
      "Plans": [
        {
          "Node Type": "Gather",
          "Parent Relationship": "Outer",
          "Parallel Aware": false,
          "Startup Cost": 348943.97,
          "Total Cost": 348944.58,
          "Plan Rows": 6,
          "Plan Width": 8,
          "Actual Startup Time": 725.43,
          "Actual Total Time": 772.517,
          "Actual Rows": 7,
          "Actual Loops": 1,
          "Workers Planned": 6,
          "Workers Launched": 6,
          "Single Copy": false,
          "Plans": [
            {
              "Node Type": "Aggregate",
              "Strategy": "Plain",
              "Partial Mode": "Partial",
              "Parent Relationship": "Outer",
              "Parallel Aware": false,
              "Startup Cost": 347943.97,
              "Total Cost": 347943.98,
              "Plan Rows": 1,
              "Plan Width": 8,
              "Actual Startup Time": 718.303,
              "Actual Total Time": 718.304,
              "Actual Rows": 1,
              "Actual Loops": 7,
              "Plans": [
                {
                  "Node Type": "Seq Scan",
                  "Parent Relationship": "Outer",
                  "Parallel Aware": true,
                  "Relation Name": "cast_info",
                  "Alias": "ci",
                  "Startup Cost": 0.0,
                  "Total Cost": 343316.27,
                  "Plan Rows": 1851080,
                  "Plan Width": 0,
                  "Actual Startup Time": 368.991,
                  "Actual Total Time": 672.164,
                  "Actual Rows": 838063,
                  "Actual Loops": 7,
                  "Filter": "((person_id < 2601952) AND (role_id > 2))",
                  "Rows Removed by Filter": 4339701
                }
              ]
            }
          ]
        }
      ]
    },
    "Planning Time": 0.101,
    "Triggers": [],
    "Execution Time": 772.57
  }
]