[
  {
    "Plan": {
      "Node Type": "Aggregate",
      "Strategy": "Plain",
      "Partial Mode": "Finalize",
      "Parallel Aware": false,
      "Startup Cost": 367428.97,
      "Total Cost": 367428.98,
      "Plan Rows": 1,
      "Plan Width": 8,
      "Actual Startup Time": 1278.232,
      "Actual Total Time": 1309.748,
      "Actual Rows": 1,
      "Actual Loops": 1,
      "Plans": [
        {
          "Node Type": "Gather",
          "Parent Relationship": "Outer",
          "Parallel Aware": false,
          "Startup Cost": 367428.76,
          "Total Cost": 367428.97,
          "Plan Rows": 2,
          "Plan Width": 8,
          "Actual Startup Time": 1262.982,
          "Actual Total Time": 1309.737,
          "Actual Rows": 3,
          "Actual Loops": 1,
          "Workers Planned": 2,
          "Workers Launched": 2,
          "Single Copy": false,
          "Plans": [
            {
              "Node Type": "Aggregate",
              "Strategy": "Plain",
              "Partial Mode": "Partial",
              "Parent Relationship": "Outer",
              "Parallel Aware": false,
              "Startup Cost": 366428.76,
              "Total Cost": 366428.77,
              "Plan Rows": 1,
              "Plan Width": 8,
              "Actual Startup Time": 1255.58,
              "Actual Total Time": 1255.792,
              "Actual Rows": 1,
              "Actual Loops": 3,
              "Plans": [
                {
                  "Node Type": "Hash Join",
                  "Parent Relationship": "Outer",
                  "Parallel Aware": true,
                  "Join Type": "Inner",
                  "Startup Cost": 349148.67,
                  "Total Cost": 365565.58,
                  "Plan Rows": 345273,
                  "Plan Width": 0,
                  "Actual Startup Time": 1034.088,
                  "Actual Total Time": 1225.213,
                  "Actual Rows": 767151,
                  "Actual Loops": 3,
                  "Inner Unique": false,
                  "Hash Cond": "(mi_idx.movie_id = t.id)",
                  "Plans": [
                    {
                      "Node Type": "Seq Scan",
                      "Parent Relationship": "Outer",
                      "Parallel Aware": true,
                      "Relation Name": "movie_info_idx",
                      "Alias": "mi_idx",
                      "Startup Cost": 0.0,
                      "Total Cost": 13685.15,
                      "Plan Rows": 575015,
                      "Plan Width": 4,
                      "Actual Startup Time": 0.035,
                      "Actual Total Time": 38.662,
                      "Actual Rows": 460012,
                      "Actual Loops": 3
                    },
                    {
                      "Node Type": "Hash",
                      "Parent Relationship": "Inner",
                      "Parallel Aware": true,
                      "Startup Cost": 345985.72,
                      "Total Cost": 345985.72,
                      "Plan Rows": 253036,
                      "Plan Width": 8,
                      "Actual Startup Time": 1026.23,
                      "Actual Total Time": 1026.44,
                      "Actual Rows": 467512,
                      "Actual Loops": 3,
                      "Hash Buckets": 2097152,
                      "Original Hash Buckets": 2097152,
                      "Hash Batches": 1,
                      "Original Hash Batches": 1,
                      "Peak Memory Usage": 71296,
                      "Plans": [
                        {
                          "Node Type": "Hash Join",
                          "Parent Relationship": "Outer",
                          "Parallel Aware": true,
                          "Join Type": "Inner",
                          "Startup Cost": 88948.87,
                          "Total Cost": 345985.72,
                          "Plan Rows": 253036,
                          "Plan Width": 8,
                          "Actual Startup Time": 489.946,
                          "Actual Total Time": 851.46,
                          "Actual Rows": 467512,
                          "Actual Loops": 3,
                          "Inner Unique": true,
                          "Hash Cond": "(ci.movie_id = t.id)",
                          "Plans": [
                            {
                              "Node Type": "Bitmap Heap Scan",
                              "Parent Relationship": "Outer",
                              "Parallel Aware": true,
                              "Relation Name": "cast_info",
                              "Alias": "ci",
                              "Startup Cost": 38097.65,
                              "Total Cost": 294379.56,
                              "Plan Rows": 287593,
                              "Plan Width": 4,
                              "Actual Startup Time": 58.897,
                              "Actual Total Time": 160.335,
                              "Actual Rows": 547576,
                              "Actual Loops": 3,
                              "Recheck Cond": "(person_id > 3736423)",
                              "Rows Removed by Index Recheck": 0,
                              "Exact Heap Blocks": 8165,
                              "Lossy Heap Blocks": 0,
                              "Plans": [
                                {
                                  "Node Type": "Bitmap Index Scan",
                                  "Parent Relationship": "Outer",
                                  "Parallel Aware": false,
                                  "Index Name": "person_id_cast_info",
                                  "Startup Cost": 0.0,
                                  "Total Cost": 37666.26,
                                  "Plan Rows": 1725559,
                                  "Plan Width": 0,
                                  "Actual Startup Time": 55.083,
                                  "Actual Total Time": 55.083,
                                  "Actual Rows": 1642729,
                                  "Actual Loops": 1,
                                  "Index Cond": "(person_id > 3736423)"
                                }
                              ]
                            },
                            {
                              "Node Type": "Hash",
                              "Parent Relationship": "Inner",
                              "Parallel Aware": true,
                              "Startup Cost": 43899.32,
                              "Total Cost": 43899.32,
                              "Plan Rows": 556152,
                              "Plan Width": 4,
                              "Actual Startup Time": 421.339,
                              "Actual Total Time": 421.34,
                              "Actual Rows": 741523,
                              "Actual Loops": 3,
                              "Hash Buckets": 4194304,
                              "Original Hash Buckets": 4194304,
                              "Hash Batches": 1,
                              "Original Hash Batches": 1,
                              "Peak Memory Usage": 119840,
                              "Plans": [
                                {
                                  "Node Type": "Seq Scan",
                                  "Parent Relationship": "Outer",
                                  "Parallel Aware": true,
                                  "Relation Name": "title",
                                  "Alias": "t",
                                  "Startup Cost": 0.0,
                                  "Total Cost": 43899.32,
                                  "Plan Rows": 556152,
                                  "Plan Width": 4,
                                  "Actual Startup Time": 0.052,
                                  "Actual Total Time": 139.66,
                                  "Actual Rows": 741523,
                                  "Actual Loops": 3,
                                  "Filter": "(production_year < 2012)",
                                  "Rows Removed by Filter": 101248
                                }
                              ]
                            }
                          ]
                        }
                      ]
                    }
                  ]
                }
              ]
            }
          ]
        }
      ]
    },
    "Planning Time": 1.098,
    "Triggers": [],
    "Execution Time": 1309.818
  }
]