[
  {
    "Plan": {
      "Node Type": "Aggregate",
      "Strategy": "Plain",
      "Partial Mode": "Finalize",
      "Parallel Aware": false,
      "Startup Cost": 46621.52,
      "Total Cost": 46621.53,
      "Plan Rows": 1,
      "Plan Width": 8,
      "Actual Startup Time": 92.108,
      "Actual Total Time": 103.446,
      "Actual Rows": 1,
      "Actual Loops": 1,
      "Plans": [
        {
          "Node Type": "Gather",
          "Parent Relationship": "Outer",
          "Parallel Aware": false,
          "Startup Cost": 46621.1,
          "Total Cost": 46621.51,
          "Plan Rows": 4,
          "Plan Width": 8,
          "Actual Startup Time": 91.932,
          "Actual Total Time": 103.432,
          "Actual Rows": 5,
          "Actual Loops": 1,
          "Workers Planned": 4,
          "Workers Launched": 4,
          "Single Copy": false,
          "Plans": [
            {
              "Node Type": "Aggregate",
              "Strategy": "Plain",
              "Partial Mode": "Partial",
              "Parent Relationship": "Outer",
              "Parallel Aware": false,
              "Startup Cost": 45621.1,
              "Total Cost": 45621.11,
              "Plan Rows": 1,
              "Plan Width": 8,
              "Actual Startup Time": 85.659,
              "Actual Total Time": 85.66,
              "Actual Rows": 1,
              "Actual Loops": 5,
              "Plans": [
                {
                  "Node Type": "Seq Scan",
                  "Parent Relationship": "Outer",
                  "Parallel Aware": true,
                  "Relation Name": "title",
                  "Alias": "t",
                  "Startup Cost": 0.0,
                  "Total Cost": 45479.59,
                  "Plan Rows": 56605,
                  "Plan Width": 0,
                  "Actual Startup Time": 47.068,
                  "Actual Total Time": 82.402,
                  "Actual Rows": 70615,
                  "Actual Loops": 5,
                  "Filter": "((production_year < 1997) AND (kind_id = 1))",
                  "Rows Removed by Filter": 435047
                }
              ]
            }
          ]
        }
      ]
    },
    "Planning Time": 0.093,
    "Triggers": [],
    "Execution Time": 103.475
  }
]