[
  {
    "Plan": {
      "Node Type": "Aggregate",
      "Strategy": "Plain",
      "Partial Mode": "Finalize",
      "Parallel Aware": false,
      "Startup Cost": 46623.77,
      "Total Cost": 46623.78,
      "Plan Rows": 1,
      "Plan Width": 8,
      "Actual Startup Time": 106.913,
      "Actual Total Time": 119.661,
      "Actual Rows": 1,
      "Actual Loops": 1,
      "Plans": [
        {
          "Node Type": "Gather",
          "Parent Relationship": "Outer",
          "Parallel Aware": false,
          "Startup Cost": 46623.35,
          "Total Cost": 46623.76,
          "Plan Rows": 4,
          "Plan Width": 8,
          "Actual Startup Time": 106.795,
          "Actual Total Time": 119.653,
          "Actual Rows": 5,
          "Actual Loops": 1,
          "Workers Planned": 4,
          "Workers Launched": 4,
          "Single Copy": false,
          "Plans": [
            {
              "Node Type": "Aggregate",
              "Strategy": "Plain",
              "Partial Mode": "Partial",
              "Parent Relationship": "Outer",
              "Parallel Aware": false,
              "Startup Cost": 45623.35,
              "Total Cost": 45623.36,
              "Plan Rows": 1,
              "Plan Width": 8,
              "Actual Startup Time": 98.338,
              "Actual Total Time": 98.339,
              "Actual Rows": 1,
              "Actual Loops": 5,
              "Plans": [
                {
                  "Node Type": "Seq Scan",
                  "Parent Relationship": "Outer",
                  "Parallel Aware": true,
                  "Relation Name": "title",
                  "Alias": "t",
                  "Startup Cost": 0.0,
                  "Total Cost": 45479.1,
                  "Plan Rows": 57702,
                  "Plan Width": 0,
                  "Actual Startup Time": 57.493,
                  "Actual Total Time": 94.421,
                  "Actual Rows": 70615,
                  "Actual Loops": 5,
                  "Filter": "((production_year < 1997) AND (kind_id = 1))",
                  "Rows Removed by Filter": 435047
                }
              ]
            }
          ]
        }
      ]
    },
    "Planning Time": 0.185,
    "Triggers": [],
    "Execution Time": 119.72
  }
]