[
  {
    "Plan": {
      "Node Type": "Aggregate",
      "Strategy": "Plain",
      "Partial Mode": "Finalize",
      "Parallel Aware": false,
      "Startup Cost": 334670.73,
      "Total Cost": 334670.74,
      "Plan Rows": 1,
      "Plan Width": 8,
      "Actual Startup Time": 674.233,
      "Actual Total Time": 716.503,
      "Actual Rows": 1,
      "Actual Loops": 1,
      "Plans": [
        {
          "Node Type": "Gather",
          "Parent Relationship": "Outer",
          "Parallel Aware": false,
          "Startup Cost": 334670.1,
          "Total Cost": 334670.71,
          "Plan Rows": 6,
          "Plan Width": 8,
          "Actual Startup Time": 674.005,
          "Actual Total Time": 716.487,
          "Actual Rows": 7,
          "Actual Loops": 1,
          "Workers Planned": 6,
          "Workers Launched": 6,
          "Single Copy": false,
          "Plans": [
            {
              "Node Type": "Aggregate",
              "Strategy": "Plain",
              "Partial Mode": "Partial",
              "Parent Relationship": "Outer",
              "Parallel Aware": false,
              "Startup Cost": 333670.1,
              "Total Cost": 333670.11,
              "Plan Rows": 1,
              "Plan Width": 8,
              "Actual Startup Time": 667.585,
              "Actual Total Time": 667.586,
              "Actual Rows": 1,
              "Actual Loops": 7,
              "Plans": [
                {
                  "Node Type": "Seq Scan",
                  "Parent Relationship": "Outer",
                  "Parallel Aware": true,
                  "Relation Name": "cast_info",
                  "Alias": "ci",
                  "Startup Cost": 0.0,
                  "Total Cost": 328211.39,
                  "Plan Rows": 2183484,
                  "Plan Width": 0,
                  "Actual Startup Time": 0.039,
                  "Actual Total Time": 574.711,
                  "Actual Rows": 1883647,
                  "Actual Loops": 7,
                  "Filter": "(person_id < 1301548)",
                  "Rows Removed by Filter": 3294116
                }
              ]
            }
          ]
        }
      ]
    },
    "Planning Time": 0.199,
    "Triggers": [],
    "Execution Time": 716.576
  }
]