[
  {
    "Plan": {
      "Node Type": "Aggregate",
      "Strategy": "Plain",
      "Partial Mode": "Finalize",
      "Parallel Aware": false,
      "Startup Cost": 46769.12,
      "Total Cost": 46769.13,
      "Plan Rows": 1,
      "Plan Width": 8,
      "Actual Startup Time": 176.614,
      "Actual Total Time": 187.043,
      "Actual Rows": 1,
      "Actual Loops": 1,
      "Plans": [
        {
          "Node Type": "Gather",
          "Parent Relationship": "Outer",
          "Parallel Aware": false,
          "Startup Cost": 46768.8,
          "Total Cost": 46769.11,
          "Plan Rows": 3,
          "Plan Width": 8,
          "Actual Startup Time": 176.254,
          "Actual Total Time": 187.033,
          "Actual Rows": 4,
          "Actual Loops": 1,
          "Workers Planned": 3,
          "Workers Launched": 3,
          "Single Copy": false,
          "Plans": [
            {
              "Node Type": "Aggregate",
              "Strategy": "Plain",
              "Partial Mode": "Partial",
              "Parent Relationship": "Outer",
              "Parallel Aware": false,
              "Startup Cost": 45768.8,
              "Total Cost": 45768.81,
              "Plan Rows": 1,
              "Plan Width": 8,
              "Actual Startup Time": 168.707,
              "Actual Total Time": 168.709,
              "Actual Rows": 1,
              "Actual Loops": 4,
              "Plans": [
                {
                  "Node Type": "Seq Scan",
                  "Parent Relationship": "Outer",
                  "Parallel Aware": true,
                  "Relation Name": "movie_keyword",
                  "Alias": "mk",
                  "Startup Cost": 0.0,
                  "Total Cost": 42695.65,
                  "Plan Rows": 1229259,
                  "Plan Width": 0,
                  "Actual Startup Time": 0.059,
                  "Actual Total Time": 124.93,
                  "Actual Rows": 953132,
                  "Actual Loops": 4,
                  "Filter": "(keyword_id < 26569)",
                  "Rows Removed by Filter": 177850
                }
              ]
            }
          ]
        }
      ]
    },
    "Planning Time": 0.098,
    "Triggers": [],
    "Execution Time": 187.074
  }
]