[
    {
        "Bao": {
            "Bao prediction": "NaN",
            "Bao recommended hint": "(no hint)"
        }
    },
    {
        "Plan": {
            "Node Type": "Aggregate",
            "Strategy": "Plain",
            "Partial Mode": "Finalize",
            "Parallel Aware": false,
            "Startup Cost": 351238.98,
            "Total Cost": 351238.99,
            "Plan Rows": 1,
            "Plan Width": 8,
            "Actual Startup Time": 1028.957,
            "Actual Total Time": 1060.561,
            "Actual Rows": 1,
            "Actual Loops": 1,
            "Output": [
                "count(*)"
            ],
            "Plans": [
                {
                    "Node Type": "Gather",
                    "Parent Relationship": "Outer",
                    "Parallel Aware": false,
                    "Startup Cost": 351238.35,
                    "Total Cost": 351238.96,
                    "Plan Rows": 6,
                    "Plan Width": 8,
                    "Actual Startup Time": 1028.87,
                    "Actual Total Time": 1060.55,
                    "Actual Rows": 7,
                    "Actual Loops": 1,
                    "Output": [
                        "(PARTIAL count(*))"
                    ],
                    "Workers Planned": 6,
                    "Workers Launched": 6,
                    "Single Copy": false,
                    "Plans": [
                        {
                            "Node Type": "Aggregate",
                            "Strategy": "Plain",
                            "Partial Mode": "Partial",
                            "Parent Relationship": "Outer",
                            "Parallel Aware": false,
                            "Startup Cost": 350238.35,
                            "Total Cost": 350238.36,
                            "Plan Rows": 1,
                            "Plan Width": 8,
                            "Actual Startup Time": 1019.065,
                            "Actual Total Time": 1019.067,
                            "Actual Rows": 1,
                            "Actual Loops": 7,
                            "Output": [
                                "PARTIAL count(*)"
                            ],
                            "Workers": [
                                {
                                    "Worker Number": 0,
                                    "Actual Startup Time": 1016.611,
                                    "Actual Total Time": 1016.613,
                                    "Actual Rows": 1,
                                    "Actual Loops": 1
                                },
                                {
                                    "Worker Number": 1,
                                    "Actual Startup Time": 1016.992,
                                    "Actual Total Time": 1016.993,
                                    "Actual Rows": 1,
                                    "Actual Loops": 1
                                },
                                {
                                    "Worker Number": 2,
                                    "Actual Startup Time": 1017.59,
                                    "Actual Total Time": 1017.591,
                                    "Actual Rows": 1,
                                    "Actual Loops": 1
                                },
                                {
                                    "Worker Number": 3,
                                    "Actual Startup Time": 1017.862,
                                    "Actual Total Time": 1017.864,
                                    "Actual Rows": 1,
                                    "Actual Loops": 1
                                },
                                {
                                    "Worker Number": 4,
                                    "Actual Startup Time": 1017.788,
                                    "Actual Total Time": 1017.79,
                                    "Actual Rows": 1,
                                    "Actual Loops": 1
                                },
                                {
                                    "Worker Number": 5,
                                    "Actual Startup Time": 1018.356,
                                    "Actual Total Time": 1018.357,
                                    "Actual Rows": 1,
                                    "Actual Loops": 1
                                }
                            ],
                            "Plans": [
                                {
                                    "Node Type": "Seq Scan",
                                    "Parent Relationship": "Outer",
                                    "Parallel Aware": true,
                                    "Relation Name": "cast_info",
                                    "Schema": "public",
                                    "Alias": "ci",
                                    "Startup Cost": 0.0,
                                    "Total Cost": 343318.94,
                                    "Plan Rows": 2767765,
                                    "Plan Width": 0,
                                    "Actual Startup Time": 256.058,
                                    "Actual Total Time": 837.253,
                                    "Actual Rows": 2941650,
                                    "Actual Loops": 7,
                                    "Output": [
                                        "id",
                                        "person_id",
                                        "movie_id",
                                        "person_role_id",
                                        "note",
                                        "nr_order",
                                        "role_id"
                                    ],
                                    "Filter": "((ci.person_id > 1043608) AND (ci.role_id > 1))",
                                    "Rows Removed by Filter": 2236114,
                                    "Workers": [
                                        {
                                            "Worker Number": 0,
                                            "Actual Startup Time": 253.6,
                                            "Actual Total Time": 842.06,
                                            "Actual Rows": 2639641,
                                            "Actual Loops": 1
                                        },
                                        {
                                            "Worker Number": 1,
                                            "Actual Startup Time": 253.962,
                                            "Actual Total Time": 837.36,
                                            "Actual Rows": 2696128,
                                            "Actual Loops": 1
                                        },
                                        {
                                            "Worker Number": 2,
                                            "Actual Startup Time": 254.601,
                                            "Actual Total Time": 838.49,
                                            "Actual Rows": 2695999,
                                            "Actual Loops": 1
                                        },
                                        {
                                            "Worker Number": 3,
                                            "Actual Startup Time": 254.88,
                                            "Actual Total Time": 838.276,
                                            "Actual Rows": 2706370,
                                            "Actual Loops": 1
                                        },
                                        {
                                            "Worker Number": 4,
                                            "Actual Startup Time": 254.785,
                                            "Actual Total Time": 837.334,
                                            "Actual Rows": 3815155,
                                            "Actual Loops": 1
                                        },
                                        {
                                            "Worker Number": 5,
                                            "Actual Startup Time": 255.333,
                                            "Actual Total Time": 838.586,
                                            "Actual Rows": 2714835,
                                            "Actual Loops": 1
                                        }
                                    ]
                                }
                            ]
                        }
                    ]
                }
            ]
        },
        "Planning Time": 286.679,
        "Triggers": [],
        "Execution Time": 1060.645
    }
]