[
  {
    "Plan": {
      "Node Type": "Aggregate",
      "Strategy": "Plain",
      "Partial Mode": "Finalize",
      "Parallel Aware": false,
      "Startup Cost": 39409.01,
      "Total Cost": 39409.02,
      "Plan Rows": 1,
      "Plan Width": 8,
      "Actual Startup Time": 41.461,
      "Actual Total Time": 47.318,
      "Actual Rows": 1,
      "Actual Loops": 1,
      "Plans": [
        {
          "Node Type": "Gather",
          "Parent Relationship": "Outer",
          "Parallel Aware": false,
          "Startup Cost": 39408.79,
          "Total Cost": 39409.0,
          "Plan Rows": 2,
          "Plan Width": 8,
          "Actual Startup Time": 41.313,
          "Actual Total Time": 47.313,
          "Actual Rows": 3,
          "Actual Loops": 1,
          "Workers Planned": 2,
          "Workers Launched": 2,
          "Single Copy": false,
          "Plans": [
            {
              "Node Type": "Aggregate",
              "Strategy": "Plain",
              "Partial Mode": "Partial",
              "Parent Relationship": "Outer",
              "Parallel Aware": false,
              "Startup Cost": 38408.79,
              "Total Cost": 38408.8,
              "Plan Rows": 1,
              "Plan Width": 8,
              "Actual Startup Time": 33.211,
              "Actual Total Time": 33.212,
              "Actual Rows": 1,
              "Actual Loops": 3,
              "Plans": [
                {
                  "Node Type": "Nested Loop",
                  "Parent Relationship": "Outer",
                  "Parallel Aware": false,
                  "Join Type": "Inner",
                  "Startup Cost": 164.47,
                  "Total Cost": 38403.92,
                  "Plan Rows": 1948,
                  "Plan Width": 0,
                  "Actual Startup Time": 22.127,
                  "Actual Total Time": 33.2,
                  "Actual Rows": 23,
                  "Actual Loops": 3,
                  "Inner Unique": true,
                  "Plans": [
                    {
                      "Node Type": "Bitmap Heap Scan",
                      "Parent Relationship": "Outer",
                      "Parallel Aware": true,
                      "Relation Name": "movie_keyword",
                      "Alias": "mk",
                      "Startup Cost": 164.04,
                      "Total Cost": 16394.0,
                      "Plan Rows": 3205,
                      "Plan Width": 4,
                      "Actual Startup Time": 2.592,
                      "Actual Total Time": 11.208,
                      "Actual Rows": 2187,
                      "Actual Loops": 3,
                      "Recheck Cond": "(keyword_id = 12015)",
                      "Rows Removed by Index Recheck": 0,
                      "Exact Heap Blocks": 3437,
                      "Lossy Heap Blocks": 0,
                      "Plans": [
                        {
                          "Node Type": "Bitmap Index Scan",
                          "Parent Relationship": "Outer",
                          "Parallel Aware": false,
                          "Index Name": "keyword_id_movie_keyword",
                          "Startup Cost": 0.0,
                          "Total Cost": 162.12,
                          "Plan Rows": 7691,
                          "Plan Width": 0,
                          "Actual Startup Time": 5.034,
                          "Actual Total Time": 5.034,
                          "Actual Rows": 6560,
                          "Actual Loops": 1,
                          "Index Cond": "(keyword_id = 12015)"
                        }
                      ]
                    },
                    {
                      "Node Type": "Index Scan",
                      "Parent Relationship": "Inner",
                      "Parallel Aware": false,
                      "Scan Direction": "Forward",
                      "Index Name": "title_pkey",
                      "Relation Name": "title",
                      "Alias": "t",
                      "Startup Cost": 0.43,
                      "Total Cost": 6.87,
                      "Plan Rows": 1,
                      "Plan Width": 4,
                      "Actual Startup Time": 0.009,
                      "Actual Total Time": 0.009,
                      "Actual Rows": 0,
                      "Actual Loops": 6560,
                      "Index Cond": "(id = mk.movie_id)",
                      "Rows Removed by Index Recheck": 0,
                      "Filter": "(kind_id = 7)",
                      "Rows Removed by Filter": 1
                    }
                  ]
                }
              ]
            }
          ]
        }
      ]
    },
    "Planning Time": 0.635,
    "Triggers": [],
    "Execution Time": 47.399
  }
]