[
  {
    "Plan": {
      "Node Type": "Aggregate",
      "Strategy": "Plain",
      "Partial Mode": "Finalize",
      "Parallel Aware": false,
      "Startup Cost": 78216.27,
      "Total Cost": 78216.28,
      "Plan Rows": 1,
      "Plan Width": 68,
      "Actual Startup Time": 450.595,
      "Actual Total Time": 471.746,
      "Actual Rows": 1,
      "Actual Loops": 1,
      "Plans": [
        {
          "Node Type": "Gather",
          "Parent Relationship": "Outer",
          "Parallel Aware": false,
          "Startup Cost": 78215.94,
          "Total Cost": 78216.25,
          "Plan Rows": 3,
          "Plan Width": 68,
          "Actual Startup Time": 446.332,
          "Actual Total Time": 471.733,
          "Actual Rows": 4,
          "Actual Loops": 1,
          "Workers Planned": 3,
          "Workers Launched": 3,
          "Single Copy": false,
          "Plans": [
            {
              "Node Type": "Aggregate",
              "Strategy": "Plain",
              "Partial Mode": "Partial",
              "Parent Relationship": "Outer",
              "Parallel Aware": false,
              "Startup Cost": 77215.94,
              "Total Cost": 77215.95,
              "Plan Rows": 1,
              "Plan Width": 68,
              "Actual Startup Time": 436.601,
              "Actual Total Time": 436.606,
              "Actual Rows": 1,
              "Actual Loops": 4,
              "Plans": [
                {
                  "Node Type": "Hash Join",
                  "Parent Relationship": "Outer",
                  "Parallel Aware": false,
                  "Join Type": "Inner",
                  "Startup Cost": 45956.65,
                  "Total Cost": 77005.52,
                  "Plan Rows": 28056,
                  "Plan Width": 45,
                  "Actual Startup Time": 387.605,
                  "Actual Total Time": 435.132,
                  "Actual Rows": 11166,
                  "Actual Loops": 4,
                  "Inner Unique": true,
                  "Hash Cond": "(mc.company_type_id = ct.id)",
                  "Plans": [
                    {
                      "Node Type": "Hash Join",
                      "Parent Relationship": "Outer",
                      "Parallel Aware": true,
                      "Join Type": "Inner",
                      "Startup Cost": 45955.59,
                      "Total Cost": 76397.74,
                      "Plan Rows": 112223,
                      "Plan Width": 49,
                      "Actual Startup Time": 232.453,
                      "Actual Total Time": 428.78,
                      "Actual Rows": 67450,
                      "Actual Loops": 4,
                      "Inner Unique": true,
                      "Hash Cond": "(mc.movie_id = t.id)",
                      "Plans": [
                        {
                          "Node Type": "Seq Scan",
                          "Parent Relationship": "Outer",
                          "Parallel Aware": true,
                          "Relation Name": "movie_companies",
                          "Alias": "mc",
                          "Startup Cost": 0.0,
                          "Total Cost": 29310.68,
                          "Plan Rows": 431037,
                          "Plan Width": 32,
                          "Actual Startup Time": 0.031,
                          "Actual Total Time": 116.334,
                          "Actual Rows": 334272,
                          "Actual Loops": 4,
                          "Filter": "(note !~~ '%(as Metro-Goldwyn-Mayer Pictures)%'::text)",
                          "Rows Removed by Filter": 318010
                        },
                        {
                          "Node Type": "Hash",
                          "Parent Relationship": "Inner",
                          "Parallel Aware": true,
                          "Startup Cost": 43898.62,
                          "Total Cost": 43898.62,
                          "Plan Rows": 164558,
                          "Plan Width": 25,
                          "Actual Startup Time": 228.527,
                          "Actual Total Time": 228.528,
                          "Actual Rows": 165516,
                          "Actual Loops": 4,
                          "Hash Buckets": 1048576,
                          "Original Hash Buckets": 1048576,
                          "Hash Batches": 1,
                          "Original Hash Batches": 1,
                          "Peak Memory Usage": 47616,
                          "Plans": [
                            {
                              "Node Type": "Seq Scan",
                              "Parent Relationship": "Outer",
                              "Parallel Aware": true,
                              "Relation Name": "title",
                              "Alias": "t",
                              "Startup Cost": 0.0,
                              "Total Cost": 43898.62,
                              "Plan Rows": 164558,
                              "Plan Width": 25,
                              "Actual Startup Time": 0.074,
                              "Actual Total Time": 141.955,
                              "Actual Rows": 165516,
                              "Actual Loops": 4,
                              "Filter": "(production_year > 2008)",
                              "Rows Removed by Filter": 466562
                            }
                          ]
                        }
                      ]
                    },
                    {
                      "Node Type": "Hash",
                      "Parent Relationship": "Inner",
                      "Parallel Aware": false,
                      "Startup Cost": 1.05,
                      "Total Cost": 1.05,
                      "Plan Rows": 1,
                      "Plan Width": 4,
                      "Actual Startup Time": 0.104,
                      "Actual Total Time": 0.106,
                      "Actual Rows": 1,
                      "Actual Loops": 4,
                      "Hash Buckets": 1024,
                      "Original Hash Buckets": 1024,
                      "Hash Batches": 1,
                      "Original Hash Batches": 1,
                      "Peak Memory Usage": 9,
                      "Plans": [
                        {
                          "Node Type": "Seq Scan",
                          "Parent Relationship": "Outer",
                          "Parallel Aware": false,
                          "Relation Name": "company_type",
                          "Alias": "ct",
                          "Startup Cost": 0.0,
                          "Total Cost": 1.05,
                          "Plan Rows": 1,
                          "Plan Width": 4,
                          "Actual Startup Time": 0.065,
                          "Actual Total Time": 0.069,
                          "Actual Rows": 1,
                          "Actual Loops": 4,
                          "Filter": "((kind)::text = 'production companies'::text)",
                          "Rows Removed by Filter": 3
                        }
                      ]
                    }
                  ]
                }
              ]
            }
          ]
        }
      ]
    },
    "Planning Time": 4.707,
    "Triggers": [],
    "Execution Time": 472.085
  }
]