[
  {
    "Plan": {
      "Node Type": "Aggregate",
      "Strategy": "Plain",
      "Partial Mode": "Finalize",
      "Parallel Aware": false,
      "Startup Cost": 47098.33,
      "Total Cost": 47098.34,
      "Plan Rows": 1,
      "Plan Width": 8,
      "Actual Startup Time": 217.983,
      "Actual Total Time": 228.307,
      "Actual Rows": 1,
      "Actual Loops": 1,
      "Plans": [
        {
          "Node Type": "Gather",
          "Parent Relationship": "Outer",
          "Parallel Aware": false,
          "Startup Cost": 47098.01,
          "Total Cost": 47098.32,
          "Plan Rows": 3,
          "Plan Width": 8,
          "Actual Startup Time": 217.739,
          "Actual Total Time": 228.295,
          "Actual Rows": 4,
          "Actual Loops": 1,
          "Workers Planned": 3,
          "Workers Launched": 3,
          "Single Copy": false,
          "Plans": [
            {
              "Node Type": "Aggregate",
              "Strategy": "Plain",
              "Partial Mode": "Partial",
              "Parent Relationship": "Outer",
              "Parallel Aware": false,
              "Startup Cost": 46098.01,
              "Total Cost": 46098.02,
              "Plan Rows": 1,
              "Plan Width": 8,
              "Actual Startup Time": 211.752,
              "Actual Total Time": 211.753,
              "Actual Rows": 1,
              "Actual Loops": 4,
              "Plans": [
                {
                  "Node Type": "Seq Scan",
                  "Parent Relationship": "Outer",
                  "Parallel Aware": true,
                  "Relation Name": "movie_keyword",
                  "Alias": "mk",
                  "Startup Cost": 0.0,
                  "Total Cost": 42695.65,
                  "Plan Rows": 1360942,
                  "Plan Width": 0,
                  "Actual Startup Time": 0.046,
                  "Actual Total Time": 151.624,
                  "Actual Rows": 1053976,
                  "Actual Loops": 4,
                  "Filter": "(keyword_id < 52864)",
                  "Rows Removed by Filter": 77006
                }
              ]
            }
          ]
        }
      ]
    },
    "Planning Time": 0.157,
    "Triggers": [],
    "Execution Time": 228.361
  }
]