{
  "Plan": {
    "Node Type": "Aggregate",
    "Strategy": "Plain",
    "Partial Mode": "Finalize",
    "Parallel Aware": false,
    "Startup Cost": 101589.66,
    "Total Cost": 101589.67,
    "Plan Rows": 1,
    "Plan Width": 8,
    "Actual Startup Time": 326.352,
    "Actual Total Time": 343.623,
    "Actual Rows": 1,
    "Actual Loops": 1,
    "Plans": [
      {
        "Node Type": "Gather",
        "Parent Relationship": "Outer",
        "Parallel Aware": false,
        "Startup Cost": 101589.54,
        "Total Cost": 101589.65,
        "Plan Rows": 1,
        "Plan Width": 8,
        "Actual Startup Time": 326.09,
        "Actual Total Time": 343.616,
        "Actual Rows": 2,
        "Actual Loops": 1,
        "Workers Planned": 1,
        "Workers Launched": 1,
        "Single Copy": false,
        "Plans": [
          {
            "Node Type": "Aggregate",
            "Strategy": "Plain",
            "Partial Mode": "Partial",
            "Parent Relationship": "Outer",
            "Parallel Aware": false,
            "Startup Cost": 100589.54,
            "Total Cost": 100589.55,
            "Plan Rows": 1,
            "Plan Width": 8,
            "Actual Startup Time": 320.108,
            "Actual Total Time": 320.112,
            "Actual Rows": 1,
            "Actual Loops": 2,
            "Plans": [
              {
                "Node Type": "Hash Join",
                "Parent Relationship": "Outer",
                "Parallel Aware": true,
                "Join Type": "Inner",
                "Startup Cost": 69852.84,
                "Total Cost": 100571.32,
                "Plan Rows": 7289,
                "Plan Width": 0,
                "Actual Startup Time": 191.737,
                "Actual Total Time": 319.571,
                "Actual Rows": 7590,
                "Actual Loops": 2,
                "Inner Unique": true,
                "Hash Cond": "(mk.movie_id = t.id)",
                "Plans": [
                  {
                    "Node Type": "Bitmap Heap Scan",
                    "Parent Relationship": "Outer",
                    "Parallel Aware": true,
                    "Relation Name": "movie_keyword",
                    "Alias": "mk",
                    "Startup Cost": 14937.26,
                    "Total Cost": 44568.52,
                    "Plan Rows": 414181,
                    "Plan Width": 4,
                    "Actual Startup Time": 40.185,
                    "Actual Total Time": 126.686,
                    "Actual Rows": 355829,
                    "Actual Loops": 2,
                    "Recheck Cond": "(keyword_id < 613)",
                    "Rows Removed by Index Recheck": 0,
                    "Exact Heap Blocks": 14532,
                    "Lossy Heap Blocks": 0,
                    "Plans": [
                      {
                        "Node Type": "Bitmap Index Scan",
                        "Parent Relationship": "Outer",
                        "Parallel Aware": false,
                        "Index Name": "keyword_id_movie_keyword",
                        "Startup Cost": 0.0,
                        "Total Cost": 14761.24,
                        "Plan Rows": 704107,
                        "Plan Width": 0,
                        "Actual Startup Time": 36.612,
                        "Actual Total Time": 36.612,
                        "Actual Rows": 711658,
                        "Actual Loops": 1,
                        "Index Cond": "(keyword_id < 613)"
                      }
                    ]
                  },
                  {
                    "Node Type": "Hash",
                    "Parent Relationship": "Inner",
                    "Parallel Aware": true,
                    "Startup Cost": 54588.39,
                    "Total Cost": 54588.39,
                    "Plan Rows": 26175,
                    "Plan Width": 4,
                    "Actual Startup Time": 149.85,
                    "Actual Total Time": 149.851,
                    "Actual Rows": 23292,
                    "Actual Loops": 2,
                    "Hash Buckets": 65536,
                    "Original Hash Buckets": 65536,
                    "Hash Batches": 1,
                    "Original Hash Batches": 1,
                    "Peak Memory Usage": 2368,
                    "Plans": [
                      {
                        "Node Type": "Seq Scan",
                        "Parent Relationship": "Outer",
                        "Parallel Aware": true,
                        "Relation Name": "title",
                        "Alias": "t",
                        "Startup Cost": 0.0,
                        "Total Cost": 54588.39,
                        "Plan Rows": 26175,
                        "Plan Width": 4,
                        "Actual Startup Time": 0.057,
                        "Actual Total Time": 141.931,
                        "Actual Rows": 23292,
                        "Actual Loops": 2,
                        "Filter": "(production_year = 1998)",
                        "Rows Removed by Filter": 1240864
                      }
                    ]
                  }
                ]
              }
            ]
          }
        ]
      }
    ]
  },
  "Planning Time": 0.458,
  "Triggers": [],
  "Execution Time": 343.714
}