[
  {
    "Plan": {
      "Node Type": "Aggregate",
      "Strategy": "Plain",
      "Partial Mode": "Finalize",
      "Parallel Aware": false,
      "Startup Cost": 111653.65,
      "Total Cost": 111653.66,
      "Plan Rows": 1,
      "Plan Width": 8,
      "Actual Startup Time": 486.884,
      "Actual Total Time": 505.458,
      "Actual Rows": 1,
      "Actual Loops": 1,
      "Plans": [
        {
          "Node Type": "Gather",
          "Parent Relationship": "Outer",
          "Parallel Aware": false,
          "Startup Cost": 111653.23,
          "Total Cost": 111653.64,
          "Plan Rows": 4,
          "Plan Width": 8,
          "Actual Startup Time": 477.936,
          "Actual Total Time": 505.445,
          "Actual Rows": 5,
          "Actual Loops": 1,
          "Workers Planned": 4,
          "Workers Launched": 4,
          "Single Copy": false,
          "Plans": [
            {
              "Node Type": "Aggregate",
              "Strategy": "Plain",
              "Partial Mode": "Partial",
              "Parent Relationship": "Outer",
              "Parallel Aware": false,
              "Startup Cost": 110653.23,
              "Total Cost": 110653.24,
              "Plan Rows": 1,
              "Plan Width": 8,
              "Actual Startup Time": 467.822,
              "Actual Total Time": 468.354,
              "Actual Rows": 1,
              "Actual Loops": 5,
              "Plans": [
                {
                  "Node Type": "Hash Join",
                  "Parent Relationship": "Outer",
                  "Parallel Aware": true,
                  "Join Type": "Inner",
                  "Startup Cost": 65561.27,
                  "Total Cost": 110601.02,
                  "Plan Rows": 20887,
                  "Plan Width": 0,
                  "Actual Startup Time": 390.762,
                  "Actual Total Time": 461.456,
                  "Actual Rows": 152851,
                  "Actual Loops": 5,
                  "Inner Unique": false,
                  "Hash Cond": "(t.id = mc.movie_id)",
                  "Plans": [
                    {
                      "Node Type": "Seq Scan",
                      "Parent Relationship": "Outer",
                      "Parallel Aware": true,
                      "Relation Name": "title",
                      "Alias": "t",
                      "Startup Cost": 0.0,
                      "Total Cost": 42318.73,
                      "Plan Rows": 632073,
                      "Plan Width": 4,
                      "Actual Startup Time": 0.016,
                      "Actual Total Time": 64.527,
                      "Actual Rows": 505662,
                      "Actual Loops": 5
                    },
                    {
                      "Node Type": "Hash",
                      "Parent Relationship": "Inner",
                      "Parallel Aware": true,
                      "Startup Cost": 63807.56,
                      "Total Cost": 63807.56,
                      "Plan Rows": 140297,
                      "Plan Width": 8,
                      "Actual Startup Time": 300.66,
                      "Actual Total Time": 301.191,
                      "Actual Rows": 152851,
                      "Actual Loops": 5,
                      "Hash Buckets": 1048576,
                      "Original Hash Buckets": 524288,
                      "Hash Batches": 1,
                      "Original Hash Batches": 1,
                      "Peak Memory Usage": 42272,
                      "Plans": [
                        {
                          "Node Type": "Hash Join",
                          "Parent Relationship": "Outer",
                          "Parallel Aware": true,
                          "Join Type": "Inner",
                          "Startup Cost": 37962.37,
                          "Total Cost": 63807.56,
                          "Plan Rows": 140297,
                          "Plan Width": 8,
                          "Actual Startup Time": 200.654,
                          "Actual Total Time": 256.44,
                          "Actual Rows": 152851,
                          "Actual Loops": 5,
                          "Inner Unique": false,
                          "Hash Cond": "(mk.movie_id = mc.movie_id)",
                          "Plans": [
                            {
                              "Node Type": "Bitmap Heap Scan",
                              "Parent Relationship": "Outer",
                              "Parallel Aware": true,
                              "Relation Name": "movie_keyword",
                              "Alias": "mk",
                              "Startup Cost": 3529.02,
                              "Total Cost": 28653.46,
                              "Plan Rows": 53635,
                              "Plan Width": 4,
                              "Actual Startup Time": 15.148,
                              "Actual Total Time": 42.901,
                              "Actual Rows": 31703,
                              "Actual Loops": 5,
                              "Recheck Cond": "(keyword_id > 72980)",
                              "Rows Removed by Index Recheck": 0,
                              "Exact Heap Blocks": 3219,
                              "Lossy Heap Blocks": 0,
                              "Plans": [
                                {
                                  "Node Type": "Bitmap Index Scan",
                                  "Parent Relationship": "Outer",
                                  "Parallel Aware": false,
                                  "Index Name": "keyword_id_movie_keyword",
                                  "Startup Cost": 0.0,
                                  "Total Cost": 3487.45,
                                  "Plan Rows": 166269,
                                  "Plan Width": 0,
                                  "Actual Startup Time": 12.285,
                                  "Actual Total Time": 12.286,
                                  "Actual Rows": 158515,
                                  "Actual Loops": 1,
                                  "Index Cond": "(keyword_id > 72980)"
                                }
                              ]
                            },
                            {
                              "Node Type": "Hash",
                              "Parent Relationship": "Inner",
                              "Parallel Aware": true,
                              "Startup Cost": 29310.68,
                              "Total Cost": 29310.68,
                              "Plan Rows": 409814,
                              "Plan Width": 4,
                              "Actual Startup Time": 180.971,
                              "Actual Total Time": 180.972,
                              "Actual Rows": 252715,
                              "Actual Loops": 5,
                              "Hash Buckets": 2097152,
                              "Original Hash Buckets": 2097152,
                              "Hash Batches": 1,
                              "Original Hash Batches": 1,
                              "Peak Memory Usage": 65888,
                              "Plans": [
                                {
                                  "Node Type": "Seq Scan",
                                  "Parent Relationship": "Outer",
                                  "Parallel Aware": true,
                                  "Relation Name": "movie_companies",
                                  "Alias": "mc",
                                  "Startup Cost": 0.0,
                                  "Total Cost": 29310.68,
                                  "Plan Rows": 409814,
                                  "Plan Width": 4,
                                  "Actual Startup Time": 0.06,
                                  "Actual Total Time": 72.295,
                                  "Actual Rows": 252715,
                                  "Actual Loops": 5,
                                  "Filter": "(company_id < 11203)",
                                  "Rows Removed by Filter": 269111
                                }
                              ]
                            }
                          ]
                        }
                      ]
                    }
                  ]
                }
              ]
            }
          ]
        }
      ]
    },
    "Planning Time": 1.452,
    "Triggers": [],
    "Execution Time": 505.562
  }
]