[
  {
    "Plan": {
      "Node Type": "Aggregate",
      "Strategy": "Plain",
      "Partial Mode": "Finalize",
      "Parallel Aware": false,
      "Startup Cost": 206973.44,
      "Total Cost": 206973.45,
      "Plan Rows": 1,
      "Plan Width": 8,
      "Actual Startup Time": 515.278,
      "Actual Total Time": 548.416,
      "Actual Rows": 1,
      "Actual Loops": 1,
      "Plans": [
        {
          "Node Type": "Gather",
          "Parent Relationship": "Outer",
          "Parallel Aware": false,
          "Startup Cost": 206972.92,
          "Total Cost": 206973.43,
          "Plan Rows": 5,
          "Plan Width": 8,
          "Actual Startup Time": 515.081,
          "Actual Total Time": 548.405,
          "Actual Rows": 6,
          "Actual Loops": 1,
          "Workers Planned": 5,
          "Workers Launched": 5,
          "Single Copy": false,
          "Plans": [
            {
              "Node Type": "Aggregate",
              "Strategy": "Plain",
              "Partial Mode": "Partial",
              "Parent Relationship": "Outer",
              "Parallel Aware": false,
              "Startup Cost": 205972.92,
              "Total Cost": 205972.93,
              "Plan Rows": 1,
              "Plan Width": 8,
              "Actual Startup Time": 504.949,
              "Actual Total Time": 504.95,
              "Actual Rows": 1,
              "Actual Loops": 6,
              "Plans": [
                {
                  "Node Type": "Seq Scan",
                  "Parent Relationship": "Outer",
                  "Parallel Aware": true,
                  "Relation Name": "movie_info",
                  "Alias": "mi",
                  "Startup Cost": 0.0,
                  "Total Cost": 199108.24,
                  "Plan Rows": 2745870,
                  "Plan Width": 0,
                  "Actual Startup Time": 0.064,
                  "Actual Total Time": 396.944,
                  "Actual Rows": 2287797,
                  "Actual Loops": 6,
                  "Filter": "(info_type_id < 65)",
                  "Rows Removed by Filter": 184823
                }
              ]
            }
          ]
        }
      ]
    },
    "Planning Time": 0.193,
    "Triggers": [],
    "Execution Time": 548.483
  }
]