[
  {
    "Plan": {
      "Node Type": "Aggregate",
      "Strategy": "Plain",
      "Partial Mode": "Finalize",
      "Parallel Aware": false,
      "Startup Cost": 242305.16,
      "Total Cost": 242305.17,
      "Plan Rows": 1,
      "Plan Width": 8,
      "Actual Startup Time": 558.385,
      "Actual Total Time": 606.359,
      "Actual Rows": 1,
      "Actual Loops": 1,
      "Plans": [
        {
          "Node Type": "Gather",
          "Parent Relationship": "Outer",
          "Parallel Aware": false,
          "Startup Cost": 242304.64,
          "Total Cost": 242305.15,
          "Plan Rows": 5,
          "Plan Width": 8,
          "Actual Startup Time": 557.423,
          "Actual Total Time": 606.342,
          "Actual Rows": 6,
          "Actual Loops": 1,
          "Workers Planned": 5,
          "Workers Launched": 5,
          "Single Copy": false,
          "Plans": [
            {
              "Node Type": "Aggregate",
              "Strategy": "Plain",
              "Partial Mode": "Partial",
              "Parent Relationship": "Outer",
              "Parallel Aware": false,
              "Startup Cost": 241304.64,
              "Total Cost": 241304.65,
              "Plan Rows": 1,
              "Plan Width": 8,
              "Actual Startup Time": 547.164,
              "Actual Total Time": 547.169,
              "Actual Rows": 1,
              "Actual Loops": 6,
              "Plans": [
                {
                  "Node Type": "Hash Join",
                  "Parent Relationship": "Outer",
                  "Parallel Aware": true,
                  "Join Type": "Inner",
                  "Startup Cost": 38871.51,
                  "Total Cost": 241214.12,
                  "Plan Rows": 36210,
                  "Plan Width": 0,
                  "Actual Startup Time": 81.898,
                  "Actual Total Time": 545.28,
                  "Actual Rows": 29735,
                  "Actual Loops": 6,
                  "Inner Unique": true,
                  "Hash Cond": "(mi.movie_id = t.id)",
                  "Plans": [
                    {
                      "Node Type": "Seq Scan",
                      "Parent Relationship": "Outer",
                      "Parallel Aware": true,
                      "Relation Name": "movie_info",
                      "Alias": "mi",
                      "Startup Cost": 0.0,
                      "Total Cost": 199108.24,
                      "Plan Rows": 1232139,
                      "Plan Width": 4,
                      "Actual Startup Time": 22.144,
                      "Actual Total Time": 374.141,
                      "Actual Rows": 1037249,
                      "Actual Loops": 6,
                      "Filter": "(info_type_id > 8)",
                      "Rows Removed by Filter": 1435371
                    },
                    {
                      "Node Type": "Hash",
                      "Parent Relationship": "Inner",
                      "Parallel Aware": true,
                      "Startup Cost": 38639.31,
                      "Total Cost": 38639.31,
                      "Plan Rows": 18576,
                      "Plan Width": 4,
                      "Actual Startup Time": 44.503,
                      "Actual Total Time": 44.504,
                      "Actual Rows": 16178,
                      "Actual Loops": 6,
                      "Hash Buckets": 131072,
                      "Original Hash Buckets": 131072,
                      "Hash Batches": 1,
                      "Original Hash Batches": 1,
                      "Peak Memory Usage": 4864,
                      "Plans": [
                        {
                          "Node Type": "Bitmap Heap Scan",
                          "Parent Relationship": "Outer",
                          "Parallel Aware": true,
                          "Relation Name": "title",
                          "Alias": "t",
                          "Startup Cost": 2185.87,
                          "Total Cost": 38639.31,
                          "Plan Rows": 18576,
                          "Plan Width": 4,
                          "Actual Startup Time": 2.377,
                          "Actual Total Time": 36.298,
                          "Actual Rows": 16178,
                          "Actual Loops": 6,
                          "Recheck Cond": "(kind_id = 4)",
                          "Rows Removed by Index Recheck": 0,
                          "Filter": "(production_year > 1997)",
                          "Rows Removed by Filter": 3528,
                          "Exact Heap Blocks": 4859,
                          "Lossy Heap Blocks": 0,
                          "Plans": [
                            {
                              "Node Type": "Bitmap Index Scan",
                              "Parent Relationship": "Outer",
                              "Parallel Aware": false,
                              "Index Name": "kind_id_title",
                              "Startup Cost": 0.0,
                              "Total Cost": 2167.3,
                              "Plan Rows": 121449,
                              "Plan Width": 0,
                              "Actual Startup Time": 8.053,
                              "Actual Total Time": 8.053,
                              "Actual Rows": 118234,
                              "Actual Loops": 1,
                              "Index Cond": "(kind_id = 4)"
                            }
                          ]
                        }
                      ]
                    }
                  ]
                }
              ]
            }
          ]
        }
      ]
    },
    "Planning Time": 0.23,
    "Triggers": [],
    "Execution Time": 606.423
  }
]