[
  {
    "Plan": {
      "Node Type": "Aggregate",
      "Strategy": "Plain",
      "Partial Mode": "Finalize",
      "Parallel Aware": false,
      "Startup Cost": 242234.62,
      "Total Cost": 242234.63,
      "Plan Rows": 1,
      "Plan Width": 8,
      "Actual Startup Time": 529.521,
      "Actual Total Time": 570.019,
      "Actual Rows": 1,
      "Actual Loops": 1,
      "Plans": [
        {
          "Node Type": "Gather",
          "Parent Relationship": "Outer",
          "Parallel Aware": false,
          "Startup Cost": 242234.1,
          "Total Cost": 242234.61,
          "Plan Rows": 5,
          "Plan Width": 8,
          "Actual Startup Time": 528.648,
          "Actual Total Time": 570.004,
          "Actual Rows": 6,
          "Actual Loops": 1,
          "Workers Planned": 5,
          "Workers Launched": 5,
          "Single Copy": false,
          "Plans": [
            {
              "Node Type": "Aggregate",
              "Strategy": "Plain",
              "Partial Mode": "Partial",
              "Parent Relationship": "Outer",
              "Parallel Aware": false,
              "Startup Cost": 241234.1,
              "Total Cost": 241234.11,
              "Plan Rows": 1,
              "Plan Width": 8,
              "Actual Startup Time": 518.158,
              "Actual Total Time": 518.162,
              "Actual Rows": 1,
              "Actual Loops": 6,
              "Plans": [
                {
                  "Node Type": "Hash Join",
                  "Parent Relationship": "Outer",
                  "Parallel Aware": true,
                  "Join Type": "Inner",
                  "Startup Cost": 38888.05,
                  "Total Cost": 241141.66,
                  "Plan Rows": 36975,
                  "Plan Width": 0,
                  "Actual Startup Time": 93.125,
                  "Actual Total Time": 516.373,
                  "Actual Rows": 29735,
                  "Actual Loops": 6,
                  "Inner Unique": true,
                  "Hash Cond": "(mi.movie_id = t.id)",
                  "Plans": [
                    {
                      "Node Type": "Seq Scan",
                      "Parent Relationship": "Outer",
                      "Parallel Aware": true,
                      "Relation Name": "movie_info",
                      "Alias": "mi",
                      "Startup Cost": 0.0,
                      "Total Cost": 198952.16,
                      "Plan Rows": 1257696,
                      "Plan Width": 4,
                      "Actual Startup Time": 18.152,
                      "Actual Total Time": 334.597,
                      "Actual Rows": 1037249,
                      "Actual Loops": 6,
                      "Filter": "(info_type_id > 8)",
                      "Rows Removed by Filter": 1435371
                    },
                    {
                      "Node Type": "Hash",
                      "Parent Relationship": "Inner",
                      "Parallel Aware": true,
                      "Startup Cost": 38655.77,
                      "Total Cost": 38655.77,
                      "Plan Rows": 18582,
                      "Plan Width": 4,
                      "Actual Startup Time": 61.682,
                      "Actual Total Time": 61.683,
                      "Actual Rows": 16178,
                      "Actual Loops": 6,
                      "Hash Buckets": 131072,
                      "Original Hash Buckets": 131072,
                      "Hash Batches": 1,
                      "Original Hash Batches": 1,
                      "Peak Memory Usage": 4896,
                      "Plans": [
                        {
                          "Node Type": "Bitmap Heap Scan",
                          "Parent Relationship": "Outer",
                          "Parallel Aware": true,
                          "Relation Name": "title",
                          "Alias": "t",
                          "Startup Cost": 2199.52,
                          "Total Cost": 38655.77,
                          "Plan Rows": 18582,
                          "Plan Width": 4,
                          "Actual Startup Time": 14.611,
                          "Actual Total Time": 51.733,
                          "Actual Rows": 16178,
                          "Actual Loops": 6,
                          "Recheck Cond": "(kind_id = 4)",
                          "Rows Removed by Index Recheck": 0,
                          "Filter": "(production_year > 1997)",
                          "Rows Removed by Filter": 3528,
                          "Exact Heap Blocks": 4482,
                          "Lossy Heap Blocks": 0,
                          "Plans": [
                            {
                              "Node Type": "Bitmap Index Scan",
                              "Parent Relationship": "Outer",
                              "Parallel Aware": false,
                              "Index Name": "kind_id_title",
                              "Startup Cost": 0.0,
                              "Total Cost": 2180.94,
                              "Plan Rows": 122201,
                              "Plan Width": 0,
                              "Actual Startup Time": 14.532,
                              "Actual Total Time": 14.533,
                              "Actual Rows": 118234,
                              "Actual Loops": 1,
                              "Index Cond": "(kind_id = 4)"
                            }
                          ]
                        }
                      ]
                    }
                  ]
                }
              ]
            }
          ]
        }
      ]
    },
    "Planning Time": 0.7,
    "Triggers": [],
    "Execution Time": 570.127
  }
]