[
  {
    "Plan": {
      "Node Type": "Aggregate",
      "Strategy": "Plain",
      "Partial Mode": "Finalize",
      "Parallel Aware": false,
      "Startup Cost": 345880.65,
      "Total Cost": 345880.66,
      "Plan Rows": 1,
      "Plan Width": 8,
      "Actual Startup Time": 634.921,
      "Actual Total Time": 689.742,
      "Actual Rows": 1,
      "Actual Loops": 1,
      "Plans": [
        {
          "Node Type": "Gather",
          "Parent Relationship": "Outer",
          "Parallel Aware": false,
          "Startup Cost": 345880.02,
          "Total Cost": 345880.63,
          "Plan Rows": 6,
          "Plan Width": 8,
          "Actual Startup Time": 634.773,
          "Actual Total Time": 689.731,
          "Actual Rows": 7,
          "Actual Loops": 1,
          "Workers Planned": 6,
          "Workers Launched": 6,
          "Single Copy": false,
          "Plans": [
            {
              "Node Type": "Aggregate",
              "Strategy": "Plain",
              "Partial Mode": "Partial",
              "Parent Relationship": "Outer",
              "Parallel Aware": false,
              "Startup Cost": 344880.02,
              "Total Cost": 344880.03,
              "Plan Rows": 1,
              "Plan Width": 8,
              "Actual Startup Time": 624.5,
              "Actual Total Time": 624.501,
              "Actual Rows": 1,
              "Actual Loops": 7,
              "Plans": [
                {
                  "Node Type": "Seq Scan",
                  "Parent Relationship": "Outer",
                  "Parallel Aware": true,
                  "Relation Name": "cast_info",
                  "Alias": "ci",
                  "Startup Cost": 0.0,
                  "Total Cost": 343257.03,
                  "Plan Rows": 649197,
                  "Plan Width": 0,
                  "Actual Startup Time": 0.054,
                  "Actual Total Time": 590.199,
                  "Actual Rows": 752159,
                  "Actual Loops": 7,
                  "Filter": "((person_id < 705664) AND (role_id < 3))",
                  "Rows Removed by Filter": 4425604
                }
              ]
            }
          ]
        }
      ]
    },
    "Planning Time": 0.182,
    "Triggers": [],
    "Execution Time": 689.806
  }
]