[
  {
    "Plan": {
      "Node Type": "Aggregate",
      "Strategy": "Plain",
      "Partial Mode": "Finalize",
      "Parallel Aware": false,
      "Startup Cost": 332658.73,
      "Total Cost": 332658.74,
      "Plan Rows": 1,
      "Plan Width": 8,
      "Actual Startup Time": 580.21,
      "Actual Total Time": 638.531,
      "Actual Rows": 1,
      "Actual Loops": 1,
      "Plans": [
        {
          "Node Type": "Gather",
          "Parent Relationship": "Outer",
          "Parallel Aware": false,
          "Startup Cost": 332658.11,
          "Total Cost": 332658.72,
          "Plan Rows": 6,
          "Plan Width": 8,
          "Actual Startup Time": 580.072,
          "Actual Total Time": 638.521,
          "Actual Rows": 7,
          "Actual Loops": 1,
          "Workers Planned": 6,
          "Workers Launched": 6,
          "Single Copy": false,
          "Plans": [
            {
              "Node Type": "Aggregate",
              "Strategy": "Plain",
              "Partial Mode": "Partial",
              "Parent Relationship": "Outer",
              "Parallel Aware": false,
              "Startup Cost": 331658.11,
              "Total Cost": 331658.12,
              "Plan Rows": 1,
              "Plan Width": 8,
              "Actual Startup Time": 572.633,
              "Actual Total Time": 572.635,
              "Actual Rows": 1,
              "Actual Loops": 7,
              "Plans": [
                {
                  "Node Type": "Seq Scan",
                  "Parent Relationship": "Outer",
                  "Parallel Aware": true,
                  "Relation Name": "cast_info",
                  "Alias": "ci",
                  "Startup Cost": 0.0,
                  "Total Cost": 328162.03,
                  "Plan Rows": 1398433,
                  "Plan Width": 0,
                  "Actual Startup Time": 304.678,
                  "Actual Total Time": 526.972,
                  "Actual Rows": 1184609,
                  "Actual Loops": 7,
                  "Filter": "(person_id > 2853193)",
                  "Rows Removed by Filter": 3993154
                }
              ]
            }
          ]
        }
      ]
    },
    "Planning Time": 0.257,
    "Triggers": [],
    "Execution Time": 638.612
  }
]