[
  {
    "Plan": {
      "Node Type": "Aggregate",
      "Strategy": "Plain",
      "Partial Mode": "Finalize",
      "Parallel Aware": false,
      "Startup Cost": 33002.64,
      "Total Cost": 33002.65,
      "Plan Rows": 1,
      "Plan Width": 8,
      "Actual Startup Time": 100.315,
      "Actual Total Time": 107.789,
      "Actual Rows": 1,
      "Actual Loops": 1,
      "Plans": [
        {
          "Node Type": "Gather",
          "Parent Relationship": "Outer",
          "Parallel Aware": false,
          "Startup Cost": 33002.32,
          "Total Cost": 33002.63,
          "Plan Rows": 3,
          "Plan Width": 8,
          "Actual Startup Time": 100.187,
          "Actual Total Time": 107.782,
          "Actual Rows": 4,
          "Actual Loops": 1,
          "Workers Planned": 3,
          "Workers Launched": 3,
          "Single Copy": false,
          "Plans": [
            {
              "Node Type": "Aggregate",
              "Strategy": "Plain",
              "Partial Mode": "Partial",
              "Parent Relationship": "Outer",
              "Parallel Aware": false,
              "Startup Cost": 32002.32,
              "Total Cost": 32002.33,
              "Plan Rows": 1,
              "Plan Width": 8,
              "Actual Startup Time": 93.585,
              "Actual Total Time": 93.586,
              "Actual Rows": 1,
              "Actual Loops": 4,
              "Plans": [
                {
                  "Node Type": "Seq Scan",
                  "Parent Relationship": "Outer",
                  "Parallel Aware": true,
                  "Relation Name": "movie_companies",
                  "Alias": "mc",
                  "Startup Cost": 0.0,
                  "Total Cost": 31414.82,
                  "Plan Rows": 235002,
                  "Plan Width": 0,
                  "Actual Startup Time": 50.208,
                  "Actual Total Time": 84.32,
                  "Actual Rows": 237158,
                  "Actual Loops": 4,
                  "Filter": "((company_id > 9885) AND (company_type_id > 1))",
                  "Rows Removed by Filter": 415124
                }
              ]
            }
          ]
        }
      ]
    },
    "Planning Time": 0.221,
    "Triggers": [],
    "Execution Time": 107.846
  }
]