[
  {
    "Plan": {
      "Node Type": "Aggregate",
      "Strategy": "Plain",
      "Partial Mode": "Finalize",
      "Parallel Aware": false,
      "Startup Cost": 89752.46,
      "Total Cost": 89752.47,
      "Plan Rows": 1,
      "Plan Width": 8,
      "Actual Startup Time": 335.036,
      "Actual Total Time": 354.656,
      "Actual Rows": 1,
      "Actual Loops": 1,
      "Plans": [
        {
          "Node Type": "Gather",
          "Parent Relationship": "Outer",
          "Parallel Aware": false,
          "Startup Cost": 89752.15,
          "Total Cost": 89752.46,
          "Plan Rows": 3,
          "Plan Width": 8,
          "Actual Startup Time": 333.985,
          "Actual Total Time": 354.647,
          "Actual Rows": 4,
          "Actual Loops": 1,
          "Workers Planned": 3,
          "Workers Launched": 3,
          "Single Copy": false,
          "Plans": [
            {
              "Node Type": "Aggregate",
              "Strategy": "Plain",
              "Partial Mode": "Partial",
              "Parent Relationship": "Outer",
              "Parallel Aware": false,
              "Startup Cost": 88752.15,
              "Total Cost": 88752.16,
              "Plan Rows": 1,
              "Plan Width": 8,
              "Actual Startup Time": 326.128,
              "Actual Total Time": 326.187,
              "Actual Rows": 1,
              "Actual Loops": 4,
              "Plans": [
                {
                  "Node Type": "Hash Join",
                  "Parent Relationship": "Outer",
                  "Parallel Aware": true,
                  "Join Type": "Inner",
                  "Startup Cost": 45749.3,
                  "Total Cost": 88627.38,
                  "Plan Rows": 49907,
                  "Plan Width": 0,
                  "Actual Startup Time": 118.052,
                  "Actual Total Time": 318.543,
                  "Actual Rows": 169413,
                  "Actual Loops": 4,
                  "Inner Unique": true,
                  "Hash Cond": "(mk.movie_id = t.id)",
                  "Plans": [
                    {
                      "Node Type": "Seq Scan",
                      "Parent Relationship": "Outer",
                      "Parallel Aware": true,
                      "Relation Name": "movie_keyword",
                      "Alias": "mk",
                      "Startup Cost": 0.0,
                      "Total Cost": 39047.32,
                      "Plan Rows": 1459332,
                      "Plan Width": 4,
                      "Actual Startup Time": 0.025,
                      "Actual Total Time": 91.987,
                      "Actual Rows": 1130982,
                      "Actual Loops": 4
                    },
                    {
                      "Node Type": "Hash",
                      "Parent Relationship": "Inner",
                      "Parallel Aware": true,
                      "Startup Cost": 45479.1,
                      "Total Cost": 45479.1,
                      "Plan Rows": 21616,
                      "Plan Width": 4,
                      "Actual Startup Time": 115.747,
                      "Actual Total Time": 115.748,
                      "Actual Rows": 47784,
                      "Actual Loops": 4,
                      "Hash Buckets": 262144,
                      "Original Hash Buckets": 131072,
                      "Hash Batches": 1,
                      "Original Hash Batches": 1,
                      "Peak Memory Usage": 10624,
                      "Plans": [
                        {
                          "Node Type": "Seq Scan",
                          "Parent Relationship": "Outer",
                          "Parallel Aware": true,
                          "Relation Name": "title",
                          "Alias": "t",
                          "Startup Cost": 0.0,
                          "Total Cost": 45479.1,
                          "Plan Rows": 21616,
                          "Plan Width": 4,
                          "Actual Startup Time": 0.257,
                          "Actual Total Time": 98.482,
                          "Actual Rows": 47784,
                          "Actual Loops": 4,
                          "Filter": "((kind_id < 7) AND (production_year < 1959))",
                          "Rows Removed by Filter": 584294
                        }
                      ]
                    }
                  ]
                }
              ]
            }
          ]
        }
      ]
    },
    "Planning Time": 0.666,
    "Triggers": [],
    "Execution Time": 354.73
  }
]