[
    {
        "Bao": {
            "Bao prediction": 403.882,
            "Bao recommended hint": "(no hint)"
        }
    },
    {
        "Plan": {
            "Node Type": "Aggregate",
            "Strategy": "Plain",
            "Partial Mode": "Simple",
            "Parallel Aware": false,
            "Startup Cost": 274.23,
            "Total Cost": 274.24,
            "Plan Rows": 1,
            "Plan Width": 8,
            "Actual Startup Time": 0.429,
            "Actual Total Time": 0.431,
            "Actual Rows": 1,
            "Actual Loops": 1,
            "Output": [
                "count(*)"
            ],
            "Plans": [
                {
                    "Node Type": "Index Scan",
                    "Parent Relationship": "Outer",
                    "Parallel Aware": false,
                    "Scan Direction": "Forward",
                    "Index Name": "company_id_movie_companies",
                    "Relation Name": "movie_companies",
                    "Schema": "public",
                    "Alias": "mc",
                    "Startup Cost": 0.43,
                    "Total Cost": 274.1,
                    "Plan Rows": 52,
                    "Plan Width": 0,
                    "Actual Startup Time": 0.083,
                    "Actual Total Time": 0.392,
                    "Actual Rows": 160,
                    "Actual Loops": 1,
                    "Output": [
                        "id",
                        "movie_id",
                        "company_id",
                        "company_type_id",
                        "note"
                    ],
                    "Index Cond": "(mc.company_id = 1275)",
                    "Rows Removed by Index Recheck": 0,
                    "Filter": "(mc.company_type_id = 2)",
                    "Rows Removed by Filter": 4
                }
            ]
        },
        "Planning Time": 4473.208,
        "Triggers": [],
        "Execution Time": 0.519
    }
]