[
  {
    "Plan": {
      "Node Type": "Aggregate",
      "Strategy": "Plain",
      "Partial Mode": "Finalize",
      "Parallel Aware": false,
      "Startup Cost": 290493.31,
      "Total Cost": 290493.32,
      "Plan Rows": 1,
      "Plan Width": 8,
      "Actual Startup Time": 1197.062,
      "Actual Total Time": 1241.519,
      "Actual Rows": 1,
      "Actual Loops": 1,
      "Plans": [
        {
          "Node Type": "Gather",
          "Parent Relationship": "Outer",
          "Parallel Aware": false,
          "Startup Cost": 290492.79,
          "Total Cost": 290493.3,
          "Plan Rows": 5,
          "Plan Width": 8,
          "Actual Startup Time": 1188.868,
          "Actual Total Time": 1241.498,
          "Actual Rows": 6,
          "Actual Loops": 1,
          "Workers Planned": 5,
          "Workers Launched": 5,
          "Single Copy": false,
          "Plans": [
            {
              "Node Type": "Aggregate",
              "Strategy": "Plain",
              "Partial Mode": "Partial",
              "Parent Relationship": "Outer",
              "Parallel Aware": false,
              "Startup Cost": 289492.79,
              "Total Cost": 289492.8,
              "Plan Rows": 1,
              "Plan Width": 8,
              "Actual Startup Time": 1174.058,
              "Actual Total Time": 1174.377,
              "Actual Rows": 1,
              "Actual Loops": 6,
              "Plans": [
                {
                  "Node Type": "Hash Join",
                  "Parent Relationship": "Outer",
                  "Parallel Aware": true,
                  "Join Type": "Inner",
                  "Startup Cost": 82587.76,
                  "Total Cost": 287956.86,
                  "Plan Rows": 614372,
                  "Plan Width": 0,
                  "Actual Startup Time": 429.132,
                  "Actual Total Time": 1068.84,
                  "Actual Rows": 2727791,
                  "Actual Loops": 6,
                  "Inner Unique": false,
                  "Hash Cond": "(mi.movie_id = t.id)",
                  "Plans": [
                    {
                      "Node Type": "Seq Scan",
                      "Parent Relationship": "Outer",
                      "Parallel Aware": true,
                      "Relation Name": "movie_info",
                      "Alias": "mi",
                      "Startup Cost": 0.0,
                      "Total Cost": 198952.16,
                      "Plan Rows": 1182693,
                      "Plan Width": 4,
                      "Actual Startup Time": 15.902,
                      "Actual Total Time": 296.869,
                      "Actual Rows": 978171,
                      "Actual Loops": 6,
                      "Filter": "(info_type_id > 13)",
                      "Rows Removed by Filter": 1494449
                    },
                    {
                      "Node Type": "Hash",
                      "Parent Relationship": "Inner",
                      "Parallel Aware": true,
                      "Startup Cost": 77291.92,
                      "Total Cost": 77291.92,
                      "Plan Rows": 423667,
                      "Plan Width": 8,
                      "Actual Startup Time": 407.62,
                      "Actual Total Time": 407.937,
                      "Actual Rows": 176406,
                      "Actual Loops": 6,
                      "Hash Buckets": 2097152,
                      "Original Hash Buckets": 2097152,
                      "Hash Batches": 1,
                      "Original Hash Batches": 1,
                      "Peak Memory Usage": 57888,
                      "Plans": [
                        {
                          "Node Type": "Hash Join",
                          "Parent Relationship": "Outer",
                          "Parallel Aware": true,
                          "Join Type": "Inner",
                          "Startup Cost": 47876.03,
                          "Total Cost": 77291.92,
                          "Plan Rows": 423667,
                          "Plan Width": 8,
                          "Actual Startup Time": 179.248,
                          "Actual Total Time": 338.011,
                          "Actual Rows": 176406,
                          "Actual Loops": 6,
                          "Inner Unique": true,
                          "Hash Cond": "(mc.movie_id = t.id)",
                          "Plans": [
                            {
                              "Node Type": "Seq Scan",
                              "Parent Relationship": "Outer",
                              "Parallel Aware": true,
                              "Relation Name": "movie_companies",
                              "Alias": "mc",
                              "Startup Cost": 0.0,
                              "Total Cost": 27206.55,
                              "Plan Rows": 841655,
                              "Plan Width": 4,
                              "Actual Startup Time": 0.024,
                              "Actual Total Time": 42.277,
                              "Actual Rows": 434855,
                              "Actual Loops": 6
                            },
                            {
                              "Node Type": "Hash",
                              "Parent Relationship": "Inner",
                              "Parallel Aware": true,
                              "Startup Cost": 43898.92,
                              "Total Cost": 43898.92,
                              "Plan Rows": 318169,
                              "Plan Width": 4,
                              "Actual Startup Time": 176.524,
                              "Actual Total Time": 176.525,
                              "Actual Rows": 210049,
                              "Actual Loops": 6,
                              "Hash Buckets": 2097152,
                              "Original Hash Buckets": 2097152,
                              "Hash Batches": 1,
                              "Original Hash Batches": 1,
                              "Peak Memory Usage": 65792,
                              "Plans": [
                                {
                                  "Node Type": "Seq Scan",
                                  "Parent Relationship": "Outer",
                                  "Parallel Aware": true,
                                  "Relation Name": "title",
                                  "Alias": "t",
                                  "Startup Cost": 0.0,
                                  "Total Cost": 43898.92,
                                  "Plan Rows": 318169,
                                  "Plan Width": 4,
                                  "Actual Startup Time": 0.042,
                                  "Actual Total Time": 82.878,
                                  "Actual Rows": 210049,
                                  "Actual Loops": 6,
                                  "Filter": "(production_year > 2002)",
                                  "Rows Removed by Filter": 211336
                                }
                              ]
                            }
                          ]
                        }
                      ]
                    }
                  ]
                }
              ]
            }
          ]
        }
      ]
    },
    "Planning Time": 1.338,
    "Triggers": [],
    "Execution Time": 1241.608
  }
]