[
  {
    "Plan": {
      "Node Type": "Aggregate",
      "Strategy": "Plain",
      "Partial Mode": "Finalize",
      "Parallel Aware": false,
      "Startup Cost": 89114.77,
      "Total Cost": 89114.78,
      "Plan Rows": 1,
      "Plan Width": 8,
      "Actual Startup Time": 296.75,
      "Actual Total Time": 315.149,
      "Actual Rows": 1,
      "Actual Loops": 1,
      "Plans": [
        {
          "Node Type": "Gather",
          "Parent Relationship": "Outer",
          "Parallel Aware": false,
          "Startup Cost": 89114.45,
          "Total Cost": 89114.76,
          "Plan Rows": 3,
          "Plan Width": 8,
          "Actual Startup Time": 295.151,
          "Actual Total Time": 315.136,
          "Actual Rows": 4,
          "Actual Loops": 1,
          "Workers Planned": 3,
          "Workers Launched": 3,
          "Single Copy": false,
          "Plans": [
            {
              "Node Type": "Aggregate",
              "Strategy": "Plain",
              "Partial Mode": "Partial",
              "Parent Relationship": "Outer",
              "Parallel Aware": false,
              "Startup Cost": 88114.45,
              "Total Cost": 88114.46,
              "Plan Rows": 1,
              "Plan Width": 8,
              "Actual Startup Time": 287.84,
              "Actual Total Time": 287.843,
              "Actual Rows": 1,
              "Actual Loops": 4,
              "Plans": [
                {
                  "Node Type": "Hash Join",
                  "Parent Relationship": "Outer",
                  "Parallel Aware": true,
                  "Join Type": "Inner",
                  "Startup Cost": 44678.27,
                  "Total Cost": 88050.89,
                  "Plan Rows": 25424,
                  "Plan Width": 0,
                  "Actual Startup Time": 142.992,
                  "Actual Total Time": 285.588,
                  "Actual Rows": 36208,
                  "Actual Loops": 4,
                  "Inner Unique": true,
                  "Hash Cond": "(mk.movie_id = t.id)",
                  "Plans": [
                    {
                      "Node Type": "Seq Scan",
                      "Parent Relationship": "Outer",
                      "Parallel Aware": true,
                      "Relation Name": "movie_keyword",
                      "Alias": "mk",
                      "Startup Cost": 0.0,
                      "Total Cost": 42695.65,
                      "Plan Rows": 257891,
                      "Plan Width": 4,
                      "Actual Startup Time": 2.273,
                      "Actual Total Time": 109.665,
                      "Actual Rows": 198660,
                      "Actual Loops": 4,
                      "Filter": "(keyword_id > 23419)",
                      "Rows Removed by Filter": 932322
                    },
                    {
                      "Node Type": "Hash",
                      "Parent Relationship": "Inner",
                      "Parallel Aware": true,
                      "Startup Cost": 43899.32,
                      "Total Cost": 43899.32,
                      "Plan Rows": 62316,
                      "Plan Width": 4,
                      "Actual Startup Time": 138.513,
                      "Actual Total Time": 138.514,
                      "Actual Rows": 65898,
                      "Actual Loops": 4,
                      "Hash Buckets": 262144,
                      "Original Hash Buckets": 262144,
                      "Hash Batches": 1,
                      "Original Hash Batches": 1,
                      "Peak Memory Usage": 12384,
                      "Plans": [
                        {
                          "Node Type": "Seq Scan",
                          "Parent Relationship": "Outer",
                          "Parallel Aware": true,
                          "Relation Name": "title",
                          "Alias": "t",
                          "Startup Cost": 0.0,
                          "Total Cost": 43899.32,
                          "Plan Rows": 62316,
                          "Plan Width": 4,
                          "Actual Startup Time": 0.042,
                          "Actual Total Time": 111.316,
                          "Actual Rows": 65898,
                          "Actual Loops": 4,
                          "Filter": "(production_year < 1962)",
                          "Rows Removed by Filter": 566180
                        }
                      ]
                    }
                  ]
                }
              ]
            }
          ]
        }
      ]
    },
    "Planning Time": 0.346,
    "Triggers": [],
    "Execution Time": 315.203
  }
]