[
    {
        "Bao": {
            "Bao prediction": "NaN",
            "Bao recommended hint": "(no hint)"
        }
    },
    {
        "Plan": {
            "Node Type": "Aggregate",
            "Strategy": "Plain",
            "Partial Mode": "Finalize",
            "Parallel Aware": false,
            "Startup Cost": 26683.65,
            "Total Cost": 26683.66,
            "Plan Rows": 1,
            "Plan Width": 8,
            "Actual Startup Time": 65.551,
            "Actual Total Time": 69.724,
            "Actual Rows": 1,
            "Actual Loops": 1,
            "Output": [
                "count(*)"
            ],
            "Plans": [
                {
                    "Node Type": "Gather",
                    "Parent Relationship": "Outer",
                    "Parallel Aware": false,
                    "Startup Cost": 26683.33,
                    "Total Cost": 26683.64,
                    "Plan Rows": 3,
                    "Plan Width": 8,
                    "Actual Startup Time": 65.33,
                    "Actual Total Time": 69.718,
                    "Actual Rows": 4,
                    "Actual Loops": 1,
                    "Output": [
                        "(PARTIAL count(*))"
                    ],
                    "Workers Planned": 3,
                    "Workers Launched": 3,
                    "Single Copy": false,
                    "Plans": [
                        {
                            "Node Type": "Aggregate",
                            "Strategy": "Plain",
                            "Partial Mode": "Partial",
                            "Parent Relationship": "Outer",
                            "Parallel Aware": false,
                            "Startup Cost": 25683.33,
                            "Total Cost": 25683.34,
                            "Plan Rows": 1,
                            "Plan Width": 8,
                            "Actual Startup Time": 56.908,
                            "Actual Total Time": 56.909,
                            "Actual Rows": 1,
                            "Actual Loops": 4,
                            "Output": [
                                "PARTIAL count(*)"
                            ],
                            "Workers": [
                                {
                                    "Worker Number": 0,
                                    "Actual Startup Time": 53.889,
                                    "Actual Total Time": 53.89,
                                    "Actual Rows": 1,
                                    "Actual Loops": 1
                                },
                                {
                                    "Worker Number": 1,
                                    "Actual Startup Time": 54.135,
                                    "Actual Total Time": 54.137,
                                    "Actual Rows": 1,
                                    "Actual Loops": 1
                                },
                                {
                                    "Worker Number": 2,
                                    "Actual Startup Time": 54.556,
                                    "Actual Total Time": 54.558,
                                    "Actual Rows": 1,
                                    "Actual Loops": 1
                                }
                            ],
                            "Plans": [
                                {
                                    "Node Type": "Bitmap Heap Scan",
                                    "Parent Relationship": "Outer",
                                    "Parallel Aware": true,
                                    "Relation Name": "movie_companies",
                                    "Schema": "public",
                                    "Alias": "mc",
                                    "Startup Cost": 5635.33,
                                    "Total Cost": 25473.66,
                                    "Plan Rows": 83867,
                                    "Plan Width": 0,
                                    "Actual Startup Time": 12.989,
                                    "Actual Total Time": 52.039,
                                    "Actual Rows": 64726,
                                    "Actual Loops": 4,
                                    "Recheck Cond": "(mc.company_id < 129)",
                                    "Rows Removed by Index Recheck": 0,
                                    "Exact Heap Blocks": 10691,
                                    "Lossy Heap Blocks": 0,
                                    "Workers": [
                                        {
                                            "Worker Number": 0,
                                            "Actual Startup Time": 10.112,
                                            "Actual Total Time": 49.72,
                                            "Actual Rows": 32227,
                                            "Actual Loops": 1
                                        },
                                        {
                                            "Worker Number": 1,
                                            "Actual Startup Time": 10.278,
                                            "Actual Total Time": 49.974,
                                            "Actual Rows": 32177,
                                            "Actual Loops": 1
                                        },
                                        {
                                            "Worker Number": 2,
                                            "Actual Startup Time": 10.666,
                                            "Actual Total Time": 50.409,
                                            "Actual Rows": 32991,
                                            "Actual Loops": 1
                                        }
                                    ],
                                    "Plans": [
                                        {
                                            "Node Type": "Bitmap Index Scan",
                                            "Parent Relationship": "Outer",
                                            "Parallel Aware": false,
                                            "Index Name": "company_id_movie_companies",
                                            "Startup Cost": 0.0,
                                            "Total Cost": 5570.33,
                                            "Plan Rows": 259987,
                                            "Plan Width": 0,
                                            "Actual Startup Time": 17.289,
                                            "Actual Total Time": 17.29,
                                            "Actual Rows": 258903,
                                            "Actual Loops": 1,
                                            "Index Cond": "(mc.company_id < 129)"
                                        }
                                    ]
                                }
                            ]
                        }
                    ]
                }
            ]
        },
        "Planning Time": 230.059,
        "Triggers": [],
        "Execution Time": 69.782
    }
]