[
  {
    "Plan": {
      "Node Type": "Aggregate",
      "Strategy": "Plain",
      "Partial Mode": "Finalize",
      "Parallel Aware": false,
      "Startup Cost": 444140.14,
      "Total Cost": 444140.15,
      "Plan Rows": 1,
      "Plan Width": 8,
      "Actual Startup Time": 2547.823,
      "Actual Total Time": 2611.279,
      "Actual Rows": 1,
      "Actual Loops": 1,
      "Plans": [
        {
          "Node Type": "Gather",
          "Parent Relationship": "Outer",
          "Parallel Aware": false,
          "Startup Cost": 444139.51,
          "Total Cost": 444140.12,
          "Plan Rows": 6,
          "Plan Width": 8,
          "Actual Startup Time": 2518.62,
          "Actual Total Time": 2611.268,
          "Actual Rows": 7,
          "Actual Loops": 1,
          "Workers Planned": 6,
          "Workers Launched": 6,
          "Single Copy": false,
          "Plans": [
            {
              "Node Type": "Aggregate",
              "Strategy": "Plain",
              "Partial Mode": "Partial",
              "Parent Relationship": "Outer",
              "Parallel Aware": false,
              "Startup Cost": 443139.51,
              "Total Cost": 443139.52,
              "Plan Rows": 1,
              "Plan Width": 8,
              "Actual Startup Time": 2501.941,
              "Actual Total Time": 2501.946,
              "Actual Rows": 1,
              "Actual Loops": 7,
              "Plans": [
                {
                  "Node Type": "Hash Join",
                  "Parent Relationship": "Outer",
                  "Parallel Aware": true,
                  "Join Type": "Inner",
                  "Startup Cost": 87654.02,
                  "Total Cost": 438435.99,
                  "Plan Rows": 1881410,
                  "Plan Width": 0,
                  "Actual Startup Time": 464.735,
                  "Actual Total Time": 2374.824,
                  "Actual Rows": 2897613,
                  "Actual Loops": 7,
                  "Inner Unique": false,
                  "Hash Cond": "(ci.movie_id = t.id)",
                  "Plans": [
                    {
                      "Node Type": "Seq Scan",
                      "Parent Relationship": "Outer",
                      "Parallel Aware": true,
                      "Relation Name": "cast_info",
                      "Alias": "ci",
                      "Startup Cost": 0.0,
                      "Total Cost": 328162.03,
                      "Plan Rows": 4413567,
                      "Plan Width": 4,
                      "Actual Startup Time": 0.041,
                      "Actual Total Time": 629.608,
                      "Actual Rows": 3798129,
                      "Actual Loops": 7,
                      "Filter": "(person_id < 2742722)",
                      "Rows Removed by Filter": 1379634
                    },
                    {
                      "Node Type": "Hash",
                      "Parent Relationship": "Inner",
                      "Parallel Aware": true,
                      "Startup Cost": 83308.22,
                      "Total Cost": 83308.22,
                      "Plan Rows": 347664,
                      "Plan Width": 8,
                      "Actual Startup Time": 459.696,
                      "Actual Total Time": 459.7,
                      "Actual Rows": 167422,
                      "Actual Loops": 7,
                      "Hash Buckets": 2097152,
                      "Original Hash Buckets": 2097152,
                      "Hash Batches": 1,
                      "Original Hash Batches": 1,
                      "Peak Memory Usage": 62304,
                      "Plans": [
                        {
                          "Node Type": "Hash Join",
                          "Parent Relationship": "Outer",
                          "Parallel Aware": true,
                          "Join Type": "Inner",
                          "Startup Cost": 50857.14,
                          "Total Cost": 83308.22,
                          "Plan Rows": 347664,
                          "Plan Width": 8,
                          "Actual Startup Time": 276.575,
                          "Actual Total Time": 380.181,
                          "Actual Rows": 167422,
                          "Actual Loops": 7,
                          "Inner Unique": true,
                          "Hash Cond": "(mc.movie_id = t.id)",
                          "Plans": [
                            {
                              "Node Type": "Seq Scan",
                              "Parent Relationship": "Outer",
                              "Parallel Aware": true,
                              "Relation Name": "movie_companies",
                              "Alias": "mc",
                              "Startup Cost": 0.0,
                              "Total Cost": 31414.82,
                              "Plan Rows": 394765,
                              "Plan Width": 4,
                              "Actual Startup Time": 22.427,
                              "Actual Total Time": 51.165,
                              "Actual Rows": 185102,
                              "Actual Loops": 7,
                              "Filter": "((company_id > 52) AND (company_type_id = 2))",
                              "Rows Removed by Filter": 187631
                            },
                            {
                              "Node Type": "Hash",
                              "Parent Relationship": "Inner",
                              "Parallel Aware": true,
                              "Startup Cost": 43898.92,
                              "Total Cost": 43898.92,
                              "Plan Rows": 556658,
                              "Plan Width": 4,
                              "Actual Startup Time": 250.216,
                              "Actual Total Time": 250.217,
                              "Actual Rows": 317796,
                              "Actual Loops": 7,
                              "Hash Buckets": 4194304,
                              "Original Hash Buckets": 4194304,
                              "Hash Batches": 1,
                              "Original Hash Batches": 1,
                              "Peak Memory Usage": 119904,
                              "Plans": [
                                {
                                  "Node Type": "Seq Scan",
                                  "Parent Relationship": "Outer",
                                  "Parallel Aware": true,
                                  "Relation Name": "title",
                                  "Alias": "t",
                                  "Startup Cost": 0.0,
                                  "Total Cost": 43898.92,
                                  "Plan Rows": 556658,
                                  "Plan Width": 4,
                                  "Actual Startup Time": 0.044,
                                  "Actual Total Time": 83.679,
                                  "Actual Rows": 317796,
                                  "Actual Loops": 7,
                                  "Filter": "(production_year < 2012)",
                                  "Rows Removed by Filter": 43392
                                }
                              ]
                            }
                          ]
                        }
                      ]
                    }
                  ]
                }
              ]
            }
          ]
        }
      ]
    },
    "Planning Time": 1.465,
    "Triggers": [],
    "Execution Time": 2611.379
  }
]