{
  "Plan": {
    "Node Type": "Aggregate",
    "Strategy": "Plain",
    "Partial Mode": "Finalize",
    "Parallel Aware": false,
    "Startup Cost": 604901.76,
    "Total Cost": 604901.77,
    "Plan Rows": 1,
    "Plan Width": 8,
    "Actual Startup Time": 3002.001,
    "Actual Total Time": 3064.068,
    "Actual Rows": 1,
    "Actual Loops": 1,
    "Plans": [
      {
        "Node Type": "Gather",
        "Parent Relationship": "Outer",
        "Parallel Aware": false,
        "Startup Cost": 604901.65,
        "Total Cost": 604901.76,
        "Plan Rows": 1,
        "Plan Width": 8,
        "Actual Startup Time": 3001.525,
        "Actual Total Time": 3064.048,
        "Actual Rows": 2,
        "Actual Loops": 1,
        "Workers Planned": 1,
        "Workers Launched": 1,
        "Single Copy": false,
        "Plans": [
          {
            "Node Type": "Aggregate",
            "Strategy": "Plain",
            "Partial Mode": "Partial",
            "Parent Relationship": "Outer",
            "Parallel Aware": false,
            "Startup Cost": 603901.65,
            "Total Cost": 603901.66,
            "Plan Rows": 1,
            "Plan Width": 8,
            "Actual Startup Time": 2995.54,
            "Actual Total Time": 2995.544,
            "Actual Rows": 1,
            "Actual Loops": 2,
            "Plans": [
              {
                "Node Type": "Hash Join",
                "Parent Relationship": "Outer",
                "Parallel Aware": true,
                "Join Type": "Inner",
                "Startup Cost": 54741.48,
                "Total Cost": 602388.94,
                "Plan Rows": 605084,
                "Plan Width": 0,
                "Actual Startup Time": 120.944,
                "Actual Total Time": 2966.828,
                "Actual Rows": 538850,
                "Actual Loops": 2,
                "Inner Unique": true,
                "Hash Cond": "(ci.movie_id = t.id)",
                "Plans": [
                  {
                    "Node Type": "Seq Scan",
                    "Parent Relationship": "Outer",
                    "Parallel Aware": true,
                    "Relation Name": "cast_info",
                    "Alias": "ci",
                    "Startup Cost": 0.0,
                    "Total Cost": 519069.44,
                    "Plan Rows": 10886847,
                    "Plan Width": 4,
                    "Actual Startup Time": 0.018,
                    "Actual Total Time": 1628.351,
                    "Actual Rows": 9265480,
                    "Actual Loops": 2,
                    "Filter": "(person_id < 1843929)",
                    "Rows Removed by Filter": 8856692
                  },
                  {
                    "Node Type": "Hash",
                    "Parent Relationship": "Inner",
                    "Parallel Aware": true,
                    "Startup Cost": 53708.24,
                    "Total Cost": 53708.24,
                    "Plan Rows": 82659,
                    "Plan Width": 4,
                    "Actual Startup Time": 117.427,
                    "Actual Total Time": 117.428,
                    "Actual Rows": 66091,
                    "Actual Loops": 2,
                    "Hash Buckets": 262144,
                    "Original Hash Buckets": 262144,
                    "Hash Batches": 1,
                    "Original Hash Batches": 1,
                    "Peak Memory Usage": 7232,
                    "Plans": [
                      {
                        "Node Type": "Bitmap Heap Scan",
                        "Parent Relationship": "Outer",
                        "Parallel Aware": true,
                        "Relation Name": "title",
                        "Alias": "t",
                        "Startup Cost": 11857.98,
                        "Total Cost": 53708.24,
                        "Plan Rows": 82659,
                        "Plan Width": 4,
                        "Actual Startup Time": 37.852,
                        "Actual Total Time": 101.388,
                        "Actual Rows": 66091,
                        "Actual Loops": 2,
                        "Recheck Cond": "(kind_id = 1)",
                        "Rows Removed by Index Recheck": 0,
                        "Filter": "(production_year > 2009)",
                        "Rows Removed by Filter": 265322,
                        "Exact Heap Blocks": 9516,
                        "Lossy Heap Blocks": 0,
                        "Plans": [
                          {
                            "Node Type": "Bitmap Index Scan",
                            "Parent Relationship": "Outer",
                            "Parallel Aware": false,
                            "Index Name": "kind_id_title",
                            "Startup Cost": 0.0,
                            "Total Cost": 11822.85,
                            "Plan Rows": 663256,
                            "Plan Width": 0,
                            "Actual Startup Time": 37.91,
                            "Actual Total Time": 37.91,
                            "Actual Rows": 662825,
                            "Actual Loops": 1,
                            "Index Cond": "(kind_id = 1)"
                          }
                        ]
                      }
                    ]
                  }
                ]
              }
            ]
          }
        ]
      }
    ]
  },
  "Planning Time": 0.643,
  "Triggers": [],
  "Execution Time": 3064.177
}