[
  {
    "Plan": {
      "Node Type": "Aggregate",
      "Strategy": "Plain",
      "Partial Mode": "Finalize",
      "Parallel Aware": false,
      "Startup Cost": 219355.68,
      "Total Cost": 219355.69,
      "Plan Rows": 1,
      "Plan Width": 8,
      "Actual Startup Time": 119.482,
      "Actual Total Time": 137.892,
      "Actual Rows": 1,
      "Actual Loops": 1,
      "Plans": [
        {
          "Node Type": "Gather",
          "Parent Relationship": "Outer",
          "Parallel Aware": false,
          "Startup Cost": 219355.26,
          "Total Cost": 219355.67,
          "Plan Rows": 4,
          "Plan Width": 8,
          "Actual Startup Time": 119.207,
          "Actual Total Time": 137.882,
          "Actual Rows": 5,
          "Actual Loops": 1,
          "Workers Planned": 4,
          "Workers Launched": 4,
          "Single Copy": false,
          "Plans": [
            {
              "Node Type": "Aggregate",
              "Strategy": "Plain",
              "Partial Mode": "Partial",
              "Parent Relationship": "Outer",
              "Parallel Aware": false,
              "Startup Cost": 218355.26,
              "Total Cost": 218355.27,
              "Plan Rows": 1,
              "Plan Width": 8,
              "Actual Startup Time": 112.077,
              "Actual Total Time": 112.079,
              "Actual Rows": 1,
              "Actual Loops": 5,
              "Plans": [
                {
                  "Node Type": "Nested Loop",
                  "Parent Relationship": "Outer",
                  "Parallel Aware": false,
                  "Join Type": "Inner",
                  "Startup Cost": 0.43,
                  "Total Cost": 218319.61,
                  "Plan Rows": 14261,
                  "Plan Width": 0,
                  "Actual Startup Time": 0.407,
                  "Actual Total Time": 111.276,
                  "Actual Rows": 8788,
                  "Actual Loops": 5,
                  "Inner Unique": false,
                  "Plans": [
                    {
                      "Node Type": "Seq Scan",
                      "Parent Relationship": "Outer",
                      "Parallel Aware": true,
                      "Relation Name": "title",
                      "Alias": "t",
                      "Startup Cost": 0.0,
                      "Total Cost": 45479.59,
                      "Plan Rows": 2429,
                      "Plan Width": 4,
                      "Actual Startup Time": 0.226,
                      "Actual Total Time": 75.582,
                      "Actual Rows": 2009,
                      "Actual Loops": 5,
                      "Filter": "((kind_id > 1) AND (production_year = 1969))",
                      "Rows Removed by Filter": 503653
                    },
                    {
                      "Node Type": "Index Only Scan",
                      "Parent Relationship": "Inner",
                      "Parallel Aware": false,
                      "Scan Direction": "Forward",
                      "Index Name": "movie_id_movie_info",
                      "Relation Name": "movie_info",
                      "Alias": "mi",
                      "Startup Cost": 0.43,
                      "Total Cost": 70.75,
                      "Plan Rows": 41,
                      "Plan Width": 4,
                      "Actual Startup Time": 0.009,
                      "Actual Total Time": 0.017,
                      "Actual Rows": 4,
                      "Actual Loops": 10047,
                      "Index Cond": "(movie_id = t.id)",
                      "Rows Removed by Index Recheck": 0,
                      "Heap Fetches": 43938
                    }
                  ]
                }
              ]
            }
          ]
        }
      ]
    },
    "Planning Time": 0.232,
    "Triggers": [],
    "Execution Time": 137.924
  }
]