[
  {
    "Plan": {
      "Node Type": "Aggregate",
      "Strategy": "Plain",
      "Partial Mode": "Finalize",
      "Parallel Aware": false,
      "Startup Cost": 339446.82,
      "Total Cost": 339446.83,
      "Plan Rows": 1,
      "Plan Width": 8,
      "Actual Startup Time": 761.535,
      "Actual Total Time": 816.79,
      "Actual Rows": 1,
      "Actual Loops": 1,
      "Plans": [
        {
          "Node Type": "Gather",
          "Parent Relationship": "Outer",
          "Parallel Aware": false,
          "Startup Cost": 339446.2,
          "Total Cost": 339446.81,
          "Plan Rows": 6,
          "Plan Width": 8,
          "Actual Startup Time": 761.366,
          "Actual Total Time": 816.779,
          "Actual Rows": 7,
          "Actual Loops": 1,
          "Workers Planned": 6,
          "Workers Launched": 6,
          "Single Copy": false,
          "Plans": [
            {
              "Node Type": "Aggregate",
              "Strategy": "Plain",
              "Partial Mode": "Partial",
              "Parent Relationship": "Outer",
              "Parallel Aware": false,
              "Startup Cost": 338446.2,
              "Total Cost": 338446.21,
              "Plan Rows": 1,
              "Plan Width": 8,
              "Actual Startup Time": 754.354,
              "Actual Total Time": 754.355,
              "Actual Rows": 1,
              "Actual Loops": 7,
              "Plans": [
                {
                  "Node Type": "Seq Scan",
                  "Parent Relationship": "Outer",
                  "Parallel Aware": true,
                  "Relation Name": "cast_info",
                  "Alias": "ci",
                  "Startup Cost": 0.0,
                  "Total Cost": 328162.03,
                  "Plan Rows": 4113669,
                  "Plan Width": 0,
                  "Actual Startup Time": 118.989,
                  "Actual Total Time": 601.774,
                  "Actual Rows": 3530215,
                  "Actual Loops": 7,
                  "Filter": "(person_id > 1135161)",
                  "Rows Removed by Filter": 1647549
                }
              ]
            }
          ]
        }
      ]
    },
    "Planning Time": 0.126,
    "Triggers": [],
    "Execution Time": 816.846
  }
]