[
  {
    "Plan": {
      "Node Type": "Aggregate",
      "Strategy": "Plain",
      "Partial Mode": "Finalize",
      "Parallel Aware": false,
      "Startup Cost": 46530.22,
      "Total Cost": 46530.23,
      "Plan Rows": 1,
      "Plan Width": 8,
      "Actual Startup Time": 86.082,
      "Actual Total Time": 94.933,
      "Actual Rows": 1,
      "Actual Loops": 1,
      "Plans": [
        {
          "Node Type": "Gather",
          "Parent Relationship": "Outer",
          "Parallel Aware": false,
          "Startup Cost": 46529.8,
          "Total Cost": 46530.21,
          "Plan Rows": 4,
          "Plan Width": 8,
          "Actual Startup Time": 85.921,
          "Actual Total Time": 94.923,
          "Actual Rows": 5,
          "Actual Loops": 1,
          "Workers Planned": 4,
          "Workers Launched": 4,
          "Single Copy": false,
          "Plans": [
            {
              "Node Type": "Aggregate",
              "Strategy": "Plain",
              "Partial Mode": "Partial",
              "Parent Relationship": "Outer",
              "Parallel Aware": false,
              "Startup Cost": 45529.8,
              "Total Cost": 45529.81,
              "Plan Rows": 1,
              "Plan Width": 8,
              "Actual Startup Time": 80.045,
              "Actual Total Time": 80.046,
              "Actual Rows": 1,
              "Actual Loops": 5,
              "Plans": [
                {
                  "Node Type": "Seq Scan",
                  "Parent Relationship": "Outer",
                  "Parallel Aware": true,
                  "Relation Name": "title",
                  "Alias": "t",
                  "Startup Cost": 0.0,
                  "Total Cost": 45479.59,
                  "Plan Rows": 20085,
                  "Plan Width": 0,
                  "Actual Startup Time": 47.974,
                  "Actual Total Time": 78.134,
                  "Actual Rows": 42709,
                  "Actual Loops": 5,
                  "Filter": "((production_year < 1967) AND (kind_id = 1))",
                  "Rows Removed by Filter": 462954
                }
              ]
            }
          ]
        }
      ]
    },
    "Planning Time": 0.059,
    "Triggers": [],
    "Execution Time": 94.971
  }
]