[
  {
    "Plan": {
      "Node Type": "Aggregate",
      "Strategy": "Plain",
      "Partial Mode": "Simple",
      "Parallel Aware": false,
      "Startup Cost": 226230.37,
      "Total Cost": 226230.38,
      "Plan Rows": 1,
      "Plan Width": 8,
      "Actual Startup Time": 49.977,
      "Actual Total Time": 49.978,
      "Actual Rows": 1,
      "Actual Loops": 1,
      "Plans": [
        {
          "Node Type": "Bitmap Heap Scan",
          "Parent Relationship": "Outer",
          "Parallel Aware": false,
          "Relation Name": "cast_info",
          "Alias": "ci",
          "Startup Cost": 3067.8,
          "Total Cost": 225883.52,
          "Plan Rows": 138740,
          "Plan Width": 0,
          "Actual Startup Time": 17.269,
          "Actual Total Time": 39.02,
          "Actual Rows": 159990,
          "Actual Loops": 1,
          "Recheck Cond": "(person_id > 4036915)",
          "Rows Removed by Index Recheck": 0,
          "Exact Heap Blocks": 1680,
          "Lossy Heap Blocks": 0,
          "Plans": [
            {
              "Node Type": "Bitmap Index Scan",
              "Parent Relationship": "Outer",
              "Parallel Aware": false,
              "Index Name": "person_id_cast_info",
              "Startup Cost": 0.0,
              "Total Cost": 3033.12,
              "Plan Rows": 138740,
              "Plan Width": 0,
              "Actual Startup Time": 16.837,
              "Actual Total Time": 16.838,
              "Actual Rows": 159990,
              "Actual Loops": 1,
              "Index Cond": "(person_id > 4036915)"
            }
          ]
        }
      ]
    },
    "Planning Time": 0.267,
    "Triggers": [],
    "Execution Time": 50.037
  }
]