[
  {
    "Plan": {
      "Node Type": "Aggregate",
      "Strategy": "Plain",
      "Partial Mode": "Finalize",
      "Parallel Aware": false,
      "Startup Cost": 36020.5,
      "Total Cost": 36020.51,
      "Plan Rows": 1,
      "Plan Width": 8,
      "Actual Startup Time": 111.093,
      "Actual Total Time": 119.918,
      "Actual Rows": 1,
      "Actual Loops": 1,
      "Plans": [
        {
          "Node Type": "Gather",
          "Parent Relationship": "Outer",
          "Parallel Aware": false,
          "Startup Cost": 36020.19,
          "Total Cost": 36020.5,
          "Plan Rows": 3,
          "Plan Width": 8,
          "Actual Startup Time": 110.787,
          "Actual Total Time": 119.91,
          "Actual Rows": 4,
          "Actual Loops": 1,
          "Workers Planned": 3,
          "Workers Launched": 3,
          "Single Copy": false,
          "Plans": [
            {
              "Node Type": "Aggregate",
              "Strategy": "Plain",
              "Partial Mode": "Partial",
              "Parent Relationship": "Outer",
              "Parallel Aware": false,
              "Startup Cost": 35020.19,
              "Total Cost": 35020.2,
              "Plan Rows": 1,
              "Plan Width": 8,
              "Actual Startup Time": 103.787,
              "Actual Total Time": 103.788,
              "Actual Rows": 1,
              "Actual Loops": 4,
              "Plans": [
                {
                  "Node Type": "Bitmap Heap Scan",
                  "Parent Relationship": "Outer",
                  "Parallel Aware": true,
                  "Relation Name": "movie_keyword",
                  "Alias": "mk",
                  "Startup Cost": 8603.69,
                  "Total Cost": 34693.1,
                  "Plan Rows": 130833,
                  "Plan Width": 0,
                  "Actual Startup Time": 32.582,
                  "Actual Total Time": 98.064,
                  "Actual Rows": 101233,
                  "Actual Loops": 4,
                  "Recheck Cond": "(keyword_id > 42909)",
                  "Rows Removed by Index Recheck": 0,
                  "Exact Heap Blocks": 10913,
                  "Lossy Heap Blocks": 0,
                  "Plans": [
                    {
                      "Node Type": "Bitmap Index Scan",
                      "Parent Relationship": "Outer",
                      "Parallel Aware": false,
                      "Index Name": "keyword_id_movie_keyword",
                      "Startup Cost": 0.0,
                      "Total Cost": 8502.3,
                      "Plan Rows": 405582,
                      "Plan Width": 0,
                      "Actual Startup Time": 35.502,
                      "Actual Total Time": 35.502,
                      "Actual Rows": 404932,
                      "Actual Loops": 1,
                      "Index Cond": "(keyword_id > 42909)"
                    }
                  ]
                }
              ]
            }
          ]
        }
      ]
    },
    "Planning Time": 0.129,
    "Triggers": [],
    "Execution Time": 119.971
  }
]