[
  {
    "Plan": {
      "Node Type": "Aggregate",
      "Strategy": "Plain",
      "Partial Mode": "Finalize",
      "Parallel Aware": false,
      "Startup Cost": 340150.0,
      "Total Cost": 340150.01,
      "Plan Rows": 1,
      "Plan Width": 8,
      "Actual Startup Time": 433.336,
      "Actual Total Time": 455.694,
      "Actual Rows": 1,
      "Actual Loops": 1,
      "Plans": [
        {
          "Node Type": "Gather",
          "Parent Relationship": "Outer",
          "Parallel Aware": false,
          "Startup Cost": 340149.38,
          "Total Cost": 340149.99,
          "Plan Rows": 6,
          "Plan Width": 8,
          "Actual Startup Time": 433.274,
          "Actual Total Time": 455.683,
          "Actual Rows": 7,
          "Actual Loops": 1,
          "Workers Planned": 6,
          "Workers Launched": 6,
          "Single Copy": false,
          "Plans": [
            {
              "Node Type": "Aggregate",
              "Strategy": "Plain",
              "Partial Mode": "Partial",
              "Parent Relationship": "Outer",
              "Parallel Aware": false,
              "Startup Cost": 339149.38,
              "Total Cost": 339149.39,
              "Plan Rows": 1,
              "Plan Width": 8,
              "Actual Startup Time": 423.761,
              "Actual Total Time": 423.762,
              "Actual Rows": 1,
              "Actual Loops": 7,
              "Plans": [
                {
                  "Node Type": "Index Scan",
                  "Parent Relationship": "Outer",
                  "Parallel Aware": true,
                  "Scan Direction": "Forward",
                  "Index Name": "role_id_cast_info",
                  "Relation Name": "cast_info",
                  "Alias": "ci",
                  "Startup Cost": 0.56,
                  "Total Cost": 335235.55,
                  "Plan Rows": 1565532,
                  "Plan Width": 0,
                  "Actual Startup Time": 198.574,
                  "Actual Total Time": 383.601,
                  "Actual Rows": 874896,
                  "Actual Loops": 7,
                  "Index Cond": "(role_id = 1)",
                  "Rows Removed by Index Recheck": 0,
                  "Filter": "(person_id > 895311)",
                  "Rows Removed by Filter": 935202
                }
              ]
            }
          ]
        }
      ]
    },
    "Planning Time": 0.235,
    "Triggers": [],
    "Execution Time": 455.768
  }
]