{
  "Plan": {
    "Node Type": "Aggregate",
    "Strategy": "Plain",
    "Partial Mode": "Finalize",
    "Parallel Aware": false,
    "Startup Cost": 94977.72,
    "Total Cost": 94977.73,
    "Plan Rows": 1,
    "Plan Width": 8,
    "Actual Startup Time": 428.141,
    "Actual Total Time": 442.033,
    "Actual Rows": 1,
    "Actual Loops": 1,
    "Plans": [
      {
        "Node Type": "Gather",
        "Parent Relationship": "Outer",
        "Parallel Aware": false,
        "Startup Cost": 94977.61,
        "Total Cost": 94977.72,
        "Plan Rows": 1,
        "Plan Width": 8,
        "Actual Startup Time": 426.793,
        "Actual Total Time": 442.025,
        "Actual Rows": 2,
        "Actual Loops": 1,
        "Workers Planned": 1,
        "Workers Launched": 1,
        "Single Copy": false,
        "Plans": [
          {
            "Node Type": "Aggregate",
            "Strategy": "Plain",
            "Partial Mode": "Partial",
            "Parent Relationship": "Outer",
            "Parallel Aware": false,
            "Startup Cost": 93977.61,
            "Total Cost": 93977.62,
            "Plan Rows": 1,
            "Plan Width": 8,
            "Actual Startup Time": 420.572,
            "Actual Total Time": 420.861,
            "Actual Rows": 1,
            "Actual Loops": 2,
            "Plans": [
              {
                "Node Type": "Hash Join",
                "Parent Relationship": "Outer",
                "Parallel Aware": true,
                "Join Type": "Inner",
                "Startup Cost": 84075.25,
                "Total Cost": 93949.95,
                "Plan Rows": 11065,
                "Plan Width": 0,
                "Actual Startup Time": 376.98,
                "Actual Total Time": 420.031,
                "Actual Rows": 19612,
                "Actual Loops": 2,
                "Inner Unique": false,
                "Hash Cond": "(ci.movie_id = t.id)",
                "Plans": [
                  {
                    "Node Type": "Index Scan",
                    "Parent Relationship": "Outer",
                    "Parallel Aware": true,
                    "Scan Direction": "Forward",
                    "Index Name": "role_id_cast_info",
                    "Relation Name": "cast_info",
                    "Alias": "ci",
                    "Startup Cost": 0.56,
                    "Total Cost": 9152.21,
                    "Plan Rows": 175457,
                    "Plan Width": 4,
                    "Actual Startup Time": 0.102,
                    "Actual Total Time": 20.488,
                    "Actual Rows": 158059,
                    "Actual Loops": 2,
                    "Index Cond": "(role_id > 10)",
                    "Rows Removed by Index Recheck": 0
                  },
                  {
                    "Node Type": "Hash",
                    "Parent Relationship": "Inner",
                    "Parallel Aware": true,
                    "Startup Cost": 82902.24,
                    "Total Cost": 82902.24,
                    "Plan Rows": 93795,
                    "Plan Width": 8,
                    "Actual Startup Time": 373.348,
                    "Actual Total Time": 373.636,
                    "Actual Rows": 39654,
                    "Actual Loops": 2,
                    "Hash Buckets": 262144,
                    "Original Hash Buckets": 262144,
                    "Hash Batches": 1,
                    "Original Hash Batches": 1,
                    "Peak Memory Usage": 5184,
                    "Plans": [
                      {
                        "Node Type": "Hash Join",
                        "Parent Relationship": "Outer",
                        "Parallel Aware": true,
                        "Join Type": "Inner",
                        "Startup Cost": 21471.87,
                        "Total Cost": 82902.24,
                        "Plan Rows": 93795,
                        "Plan Width": 8,
                        "Actual Startup Time": 120.963,
                        "Actual Total Time": 362.536,
                        "Actual Rows": 39654,
                        "Actual Loops": 2,
                        "Inner Unique": false,
                        "Hash Cond": "(t.id = mi_idx.movie_id)",
                        "Plans": [
                          {
                            "Node Type": "Seq Scan",
                            "Parent Relationship": "Outer",
                            "Parallel Aware": true,
                            "Relation Name": "title",
                            "Alias": "t",
                            "Startup Cost": 0.0,
                            "Total Cost": 58306.47,
                            "Plan Rows": 514434,
                            "Plan Width": 4,
                            "Actual Startup Time": 0.01,
                            "Actual Total Time": 142.665,
                            "Actual Rows": 478650,
                            "Actual Loops": 2,
                            "Filter": "((production_year > 1999) AND (kind_id = 7))",
                            "Rows Removed by Filter": 785506
                          },
                          {
                            "Node Type": "Hash",
                            "Parent Relationship": "Inner",
                            "Parallel Aware": true,
                            "Startup Cost": 18082.32,
                            "Total Cost": 18082.32,
                            "Plan Rows": 271164,
                            "Plan Width": 4,
                            "Actual Startup Time": 117.243,
                            "Actual Total Time": 117.244,
                            "Actual Rows": 230092,
                            "Actual Loops": 2,
                            "Hash Buckets": 524288,
                            "Original Hash Buckets": 524288,
                            "Hash Batches": 1,
                            "Original Hash Batches": 1,
                            "Peak Memory Usage": 22112,
                            "Plans": [
                              {
                                "Node Type": "Seq Scan",
                                "Parent Relationship": "Outer",
                                "Parallel Aware": true,
                                "Relation Name": "movie_info_idx",
                                "Alias": "mi_idx",
                                "Startup Cost": 0.0,
                                "Total Cost": 18082.32,
                                "Plan Rows": 271164,
                                "Plan Width": 4,
                                "Actual Startup Time": 0.049,
                                "Actual Total Time": 67.674,
                                "Actual Rows": 230092,
                                "Actual Loops": 2,
                                "Filter": "(info_type_id > 100)",
                                "Rows Removed by Filter": 459925
                              }
                            ]
                          }
                        ]
                      }
                    ]
                  }
                ]
              }
            ]
          }
        ]
      }
    ]
  },
  "Planning Time": 0.954,
  "Triggers": [],
  "Execution Time": 442.127
}