[
  {
    "Plan": {
      "Node Type": "Aggregate",
      "Strategy": "Plain",
      "Partial Mode": "Finalize",
      "Parallel Aware": false,
      "Startup Cost": 37027.64,
      "Total Cost": 37027.65,
      "Plan Rows": 1,
      "Plan Width": 8,
      "Actual Startup Time": 125.958,
      "Actual Total Time": 132.936,
      "Actual Rows": 1,
      "Actual Loops": 1,
      "Plans": [
        {
          "Node Type": "Gather",
          "Parent Relationship": "Outer",
          "Parallel Aware": false,
          "Startup Cost": 37027.32,
          "Total Cost": 37027.63,
          "Plan Rows": 3,
          "Plan Width": 8,
          "Actual Startup Time": 125.623,
          "Actual Total Time": 132.927,
          "Actual Rows": 4,
          "Actual Loops": 1,
          "Workers Planned": 3,
          "Workers Launched": 3,
          "Single Copy": false,
          "Plans": [
            {
              "Node Type": "Aggregate",
              "Strategy": "Plain",
              "Partial Mode": "Partial",
              "Parent Relationship": "Outer",
              "Parallel Aware": false,
              "Startup Cost": 36027.32,
              "Total Cost": 36027.33,
              "Plan Rows": 1,
              "Plan Width": 8,
              "Actual Startup Time": 117.136,
              "Actual Total Time": 117.138,
              "Actual Rows": 1,
              "Actual Loops": 4,
              "Plans": [
                {
                  "Node Type": "Bitmap Heap Scan",
                  "Parent Relationship": "Outer",
                  "Parallel Aware": true,
                  "Relation Name": "movie_keyword",
                  "Alias": "mk",
                  "Startup Cost": 9423.59,
                  "Total Cost": 35669.03,
                  "Plan Rows": 143315,
                  "Plan Width": 0,
                  "Actual Startup Time": 42.866,
                  "Actual Total Time": 109.715,
                  "Actual Rows": 108287,
                  "Actual Loops": 4,
                  "Recheck Cond": "(keyword_id > 40465)",
                  "Rows Removed by Index Recheck": 0,
                  "Exact Heap Blocks": 11649,
                  "Lossy Heap Blocks": 0,
                  "Plans": [
                    {
                      "Node Type": "Bitmap Index Scan",
                      "Parent Relationship": "Outer",
                      "Parallel Aware": false,
                      "Index Name": "keyword_id_movie_keyword",
                      "Startup Cost": 0.0,
                      "Total Cost": 9312.52,
                      "Plan Rows": 444278,
                      "Plan Width": 0,
                      "Actual Startup Time": 47.136,
                      "Actual Total Time": 47.136,
                      "Actual Rows": 433148,
                      "Actual Loops": 1,
                      "Index Cond": "(keyword_id > 40465)"
                    }
                  ]
                }
              ]
            }
          ]
        }
      ]
    },
    "Planning Time": 0.227,
    "Triggers": [],
    "Execution Time": 133.014
  }
]