[
  {
    "Plan": {
      "Node Type": "Aggregate",
      "Strategy": "Plain",
      "Partial Mode": "Finalize",
      "Parallel Aware": false,
      "Startup Cost": 438538.65,
      "Total Cost": 438538.66,
      "Plan Rows": 1,
      "Plan Width": 8,
      "Actual Startup Time": 3534.248,
      "Actual Total Time": 3593.556,
      "Actual Rows": 1,
      "Actual Loops": 1,
      "Plans": [
        {
          "Node Type": "Gather",
          "Parent Relationship": "Outer",
          "Parallel Aware": false,
          "Startup Cost": 438538.02,
          "Total Cost": 438538.63,
          "Plan Rows": 6,
          "Plan Width": 8,
          "Actual Startup Time": 3520.844,
          "Actual Total Time": 3593.547,
          "Actual Rows": 7,
          "Actual Loops": 1,
          "Workers Planned": 6,
          "Workers Launched": 6,
          "Single Copy": false,
          "Plans": [
            {
              "Node Type": "Aggregate",
              "Strategy": "Plain",
              "Partial Mode": "Partial",
              "Parent Relationship": "Outer",
              "Parallel Aware": false,
              "Startup Cost": 437538.02,
              "Total Cost": 437538.03,
              "Plan Rows": 1,
              "Plan Width": 8,
              "Actual Startup Time": 3507.549,
              "Actual Total Time": 3507.555,
              "Actual Rows": 1,
              "Actual Loops": 7,
              "Plans": [
                {
                  "Node Type": "Hash Join",
                  "Parent Relationship": "Outer",
                  "Parallel Aware": true,
                  "Join Type": "Inner",
                  "Startup Cost": 94305.35,
                  "Total Cost": 434253.27,
                  "Plan Rows": 1313901,
                  "Plan Width": 0,
                  "Actual Startup Time": 378.237,
                  "Actual Total Time": 2963.477,
                  "Actual Rows": 12986356,
                  "Actual Loops": 7,
                  "Inner Unique": false,
                  "Hash Cond": "(ci.movie_id = t.id)",
                  "Plans": [
                    {
                      "Node Type": "Seq Scan",
                      "Parent Relationship": "Outer",
                      "Parallel Aware": true,
                      "Relation Name": "cast_info",
                      "Alias": "ci",
                      "Startup Cost": 0.0,
                      "Total Cost": 313067.02,
                      "Plan Rows": 6038002,
                      "Plan Width": 4,
                      "Actual Startup Time": 0.02,
                      "Actual Total Time": 542.703,
                      "Actual Rows": 5177763,
                      "Actual Loops": 7
                    },
                    {
                      "Node Type": "Hash",
                      "Parent Relationship": "Inner",
                      "Parallel Aware": true,
                      "Startup Cost": 92086.93,
                      "Total Cost": 92086.93,
                      "Plan Rows": 177474,
                      "Plan Width": 8,
                      "Actual Startup Time": 374.801,
                      "Actual Total Time": 374.805,
                      "Actual Rows": 231077,
                      "Actual Loops": 7,
                      "Hash Buckets": 2097152,
                      "Original Hash Buckets": 1048576,
                      "Hash Batches": 1,
                      "Original Hash Batches": 1,
                      "Peak Memory Usage": 87968,
                      "Plans": [
                        {
                          "Node Type": "Hash Join",
                          "Parent Relationship": "Outer",
                          "Parallel Aware": true,
                          "Join Type": "Inner",
                          "Startup Cost": 47053.77,
                          "Total Cost": 92086.93,
                          "Plan Rows": 177474,
                          "Plan Width": 8,
                          "Actual Startup Time": 142.284,
                          "Actual Total Time": 267.043,
                          "Actual Rows": 231077,
                          "Actual Loops": 7,
                          "Inner Unique": true,
                          "Hash Cond": "(mk.movie_id = t.id)",
                          "Plans": [
                            {
                              "Node Type": "Seq Scan",
                              "Parent Relationship": "Outer",
                              "Parallel Aware": true,
                              "Relation Name": "movie_keyword",
                              "Alias": "mk",
                              "Startup Cost": 0.0,
                              "Total Cost": 42695.65,
                              "Plan Rows": 890476,
                              "Plan Width": 4,
                              "Actual Startup Time": 0.026,
                              "Actual Total Time": 79.2,
                              "Actual Rows": 393558,
                              "Actual Loops": 7,
                              "Filter": "(keyword_id < 7844)",
                              "Rows Removed by Filter": 252718
                            },
                            {
                              "Node Type": "Hash",
                              "Parent Relationship": "Inner",
                              "Parallel Aware": true,
                              "Startup Cost": 45479.1,
                              "Total Cost": 45479.1,
                              "Plan Rows": 125974,
                              "Plan Width": 4,
                              "Actual Startup Time": 117.85,
                              "Actual Total Time": 117.851,
                              "Actual Rows": 74876,
                              "Actual Loops": 7,
                              "Hash Buckets": 524288,
                              "Original Hash Buckets": 524288,
                              "Hash Batches": 1,
                              "Original Hash Batches": 1,
                              "Peak Memory Usage": 24736,
                              "Plans": [
                                {
                                  "Node Type": "Seq Scan",
                                  "Parent Relationship": "Outer",
                                  "Parallel Aware": true,
                                  "Relation Name": "title",
                                  "Alias": "t",
                                  "Startup Cost": 0.0,
                                  "Total Cost": 45479.1,
                                  "Plan Rows": 125974,
                                  "Plan Width": 4,
                                  "Actual Startup Time": 54.275,
                                  "Actual Total Time": 85.545,
                                  "Actual Rows": 74876,
                                  "Actual Loops": 7,
                                  "Filter": "((production_year < 2010) AND (kind_id = 1))",
                                  "Rows Removed by Filter": 286312
                                }
                              ]
                            }
                          ]
                        }
                      ]
                    }
                  ]
                }
              ]
            }
          ]
        }
      ]
    },
    "Planning Time": 1.386,
    "Triggers": [],
    "Execution Time": 3593.653
  }
]