[
  {
    "Plan": {
      "Node Type": "Aggregate",
      "Strategy": "Plain",
      "Partial Mode": "Finalize",
      "Parallel Aware": false,
      "Startup Cost": 33059.93,
      "Total Cost": 33059.94,
      "Plan Rows": 1,
      "Plan Width": 8,
      "Actual Startup Time": 97.57,
      "Actual Total Time": 106.137,
      "Actual Rows": 1,
      "Actual Loops": 1,
      "Plans": [
        {
          "Node Type": "Gather",
          "Parent Relationship": "Outer",
          "Parallel Aware": false,
          "Startup Cost": 33059.61,
          "Total Cost": 33059.92,
          "Plan Rows": 3,
          "Plan Width": 8,
          "Actual Startup Time": 97.448,
          "Actual Total Time": 106.126,
          "Actual Rows": 4,
          "Actual Loops": 1,
          "Workers Planned": 3,
          "Workers Launched": 3,
          "Single Copy": false,
          "Plans": [
            {
              "Node Type": "Aggregate",
              "Strategy": "Plain",
              "Partial Mode": "Partial",
              "Parent Relationship": "Outer",
              "Parallel Aware": false,
              "Startup Cost": 32059.61,
              "Total Cost": 32059.62,
              "Plan Rows": 1,
              "Plan Width": 8,
              "Actual Startup Time": 93.858,
              "Actual Total Time": 93.859,
              "Actual Rows": 1,
              "Actual Loops": 4,
              "Plans": [
                {
                  "Node Type": "Seq Scan",
                  "Parent Relationship": "Outer",
                  "Parallel Aware": true,
                  "Relation Name": "movie_companies",
                  "Alias": "mc",
                  "Startup Cost": 0.0,
                  "Total Cost": 31414.82,
                  "Plan Rows": 257917,
                  "Plan Width": 0,
                  "Actual Startup Time": 0.018,
                  "Actual Total Time": 78.044,
                  "Actual Rows": 278592,
                  "Actual Loops": 4,
                  "Filter": "((company_id < 17967) AND (company_type_id = 1))",
                  "Rows Removed by Filter": 373690
                }
              ]
            }
          ]
        }
      ]
    },
    "Planning Time": 0.234,
    "Triggers": [],
    "Execution Time": 106.195
  }
]