{
  "Plan": {
    "Node Type": "Aggregate",
    "Strategy": "Plain",
    "Partial Mode": "Finalize",
    "Parallel Aware": false,
    "Startup Cost": 99133.8,
    "Total Cost": 99133.81,
    "Plan Rows": 1,
    "Plan Width": 8,
    "Actual Startup Time": 287.969,
    "Actual Total Time": 305.21,
    "Actual Rows": 1,
    "Actual Loops": 1,
    "Plans": [
      {
        "Node Type": "Gather",
        "Parent Relationship": "Outer",
        "Parallel Aware": false,
        "Startup Cost": 99133.69,
        "Total Cost": 99133.8,
        "Plan Rows": 1,
        "Plan Width": 8,
        "Actual Startup Time": 287.595,
        "Actual Total Time": 305.203,
        "Actual Rows": 2,
        "Actual Loops": 1,
        "Workers Planned": 1,
        "Workers Launched": 1,
        "Single Copy": false,
        "Plans": [
          {
            "Node Type": "Aggregate",
            "Strategy": "Plain",
            "Partial Mode": "Partial",
            "Parent Relationship": "Outer",
            "Parallel Aware": false,
            "Startup Cost": 98133.69,
            "Total Cost": 98133.7,
            "Plan Rows": 1,
            "Plan Width": 8,
            "Actual Startup Time": 281.637,
            "Actual Total Time": 281.641,
            "Actual Rows": 1,
            "Actual Loops": 2,
            "Plans": [
              {
                "Node Type": "Hash Join",
                "Parent Relationship": "Outer",
                "Parallel Aware": true,
                "Join Type": "Inner",
                "Startup Cost": 69155.67,
                "Total Cost": 98130.86,
                "Plan Rows": 1134,
                "Plan Width": 0,
                "Actual Startup Time": 200.282,
                "Actual Total Time": 281.573,
                "Actual Rows": 565,
                "Actual Loops": 2,
                "Inner Unique": true,
                "Hash Cond": "(mk.movie_id = t.id)",
                "Plans": [
                  {
                    "Node Type": "Bitmap Heap Scan",
                    "Parent Relationship": "Outer",
                    "Parallel Aware": true,
                    "Relation Name": "movie_keyword",
                    "Alias": "mk",
                    "Startup Cost": 10778.72,
                    "Total Cost": 38969.23,
                    "Plan Rows": 298921,
                    "Plan Width": 4,
                    "Actual Startup Time": 39.977,
                    "Actual Total Time": 113.528,
                    "Actual Rows": 247814,
                    "Actual Loops": 2,
                    "Recheck Cond": "(keyword_id > 36390)",
                    "Rows Removed by Index Recheck": 0,
                    "Exact Heap Blocks": 11552,
                    "Lossy Heap Blocks": 0,
                    "Plans": [
                      {
                        "Node Type": "Bitmap Index Scan",
                        "Parent Relationship": "Outer",
                        "Parallel Aware": false,
                        "Index Name": "keyword_id_movie_keyword",
                        "Startup Cost": 0.0,
                        "Total Cost": 10651.68,
                        "Plan Rows": 508166,
                        "Plan Width": 0,
                        "Actual Startup Time": 36.49,
                        "Actual Total Time": 36.491,
                        "Actual Rows": 495627,
                        "Actual Loops": 1,
                        "Index Cond": "(keyword_id > 36390)"
                      }
                    ]
                  },
                  {
                    "Node Type": "Hash",
                    "Parent Relationship": "Inner",
                    "Parallel Aware": true,
                    "Startup Cost": 58306.47,
                    "Total Cost": 58306.47,
                    "Plan Rows": 5639,
                    "Plan Width": 4,
                    "Actual Startup Time": 140.979,
                    "Actual Total Time": 140.98,
                    "Actual Rows": 14552,
                    "Actual Loops": 2,
                    "Hash Buckets": 32768,
                    "Original Hash Buckets": 16384,
                    "Hash Batches": 1,
                    "Original Hash Batches": 1,
                    "Peak Memory Usage": 1568,
                    "Plans": [
                      {
                        "Node Type": "Seq Scan",
                        "Parent Relationship": "Outer",
                        "Parallel Aware": true,
                        "Relation Name": "title",
                        "Alias": "t",
                        "Startup Cost": 0.0,
                        "Total Cost": 58306.47,
                        "Plan Rows": 5639,
                        "Plan Width": 4,
                        "Actual Startup Time": 91.837,
                        "Actual Total Time": 136.962,
                        "Actual Rows": 14552,
                        "Actual Loops": 2,
                        "Filter": "((kind_id < 7) AND (production_year < 1911))",
                        "Rows Removed by Filter": 1249604
                      }
                    ]
                  }
                ]
              }
            ]
          }
        ]
      }
    ]
  },
  "Planning Time": 0.467,
  "Triggers": [],
  "Execution Time": 305.31
}