[
  {
    "Plan": {
      "Node Type": "Aggregate",
      "Strategy": "Plain",
      "Partial Mode": "Finalize",
      "Parallel Aware": false,
      "Startup Cost": 44683.87,
      "Total Cost": 44683.88,
      "Plan Rows": 1,
      "Plan Width": 8,
      "Actual Startup Time": 119.911,
      "Actual Total Time": 129.515,
      "Actual Rows": 1,
      "Actual Loops": 1,
      "Plans": [
        {
          "Node Type": "Gather",
          "Parent Relationship": "Outer",
          "Parallel Aware": false,
          "Startup Cost": 44683.56,
          "Total Cost": 44683.87,
          "Plan Rows": 3,
          "Plan Width": 8,
          "Actual Startup Time": 119.754,
          "Actual Total Time": 129.506,
          "Actual Rows": 4,
          "Actual Loops": 1,
          "Workers Planned": 3,
          "Workers Launched": 3,
          "Single Copy": false,
          "Plans": [
            {
              "Node Type": "Aggregate",
              "Strategy": "Plain",
              "Partial Mode": "Partial",
              "Parent Relationship": "Outer",
              "Parallel Aware": false,
              "Startup Cost": 43683.56,
              "Total Cost": 43683.57,
              "Plan Rows": 1,
              "Plan Width": 8,
              "Actual Startup Time": 112.954,
              "Actual Total Time": 112.955,
              "Actual Rows": 1,
              "Actual Loops": 4,
              "Plans": [
                {
                  "Node Type": "Seq Scan",
                  "Parent Relationship": "Outer",
                  "Parallel Aware": true,
                  "Relation Name": "movie_keyword",
                  "Alias": "mk",
                  "Startup Cost": 0.0,
                  "Total Cost": 42695.65,
                  "Plan Rows": 395161,
                  "Plan Width": 0,
                  "Actual Startup Time": 0.046,
                  "Actual Total Time": 98.945,
                  "Actual Rows": 307219,
                  "Actual Loops": 4,
                  "Filter": "(keyword_id < 1559)",
                  "Rows Removed by Filter": 823764
                }
              ]
            }
          ]
        }
      ]
    },
    "Planning Time": 0.148,
    "Triggers": [],
    "Execution Time": 129.561
  }
]