{
  "Plan": {
    "Node Type": "Aggregate",
    "Strategy": "Plain",
    "Partial Mode": "Finalize",
    "Parallel Aware": false,
    "Startup Cost": 87142.68,
    "Total Cost": 87142.69,
    "Plan Rows": 1,
    "Plan Width": 8,
    "Actual Startup Time": 355.794,
    "Actual Total Time": 369.838,
    "Actual Rows": 1,
    "Actual Loops": 1,
    "Plans": [
      {
        "Node Type": "Gather",
        "Parent Relationship": "Outer",
        "Parallel Aware": false,
        "Startup Cost": 87142.57,
        "Total Cost": 87142.68,
        "Plan Rows": 1,
        "Plan Width": 8,
        "Actual Startup Time": 355.311,
        "Actual Total Time": 369.83,
        "Actual Rows": 2,
        "Actual Loops": 1,
        "Workers Planned": 1,
        "Workers Launched": 1,
        "Single Copy": false,
        "Plans": [
          {
            "Node Type": "Aggregate",
            "Strategy": "Plain",
            "Partial Mode": "Partial",
            "Parent Relationship": "Outer",
            "Parallel Aware": false,
            "Startup Cost": 86142.57,
            "Total Cost": 86142.58,
            "Plan Rows": 1,
            "Plan Width": 8,
            "Actual Startup Time": 349.452,
            "Actual Total Time": 349.455,
            "Actual Rows": 1,
            "Actual Loops": 2,
            "Plans": [
              {
                "Node Type": "Hash Join",
                "Parent Relationship": "Outer",
                "Parallel Aware": true,
                "Join Type": "Inner",
                "Startup Cost": 23250.05,
                "Total Cost": 86060.56,
                "Plan Rows": 32804,
                "Plan Width": 0,
                "Actual Startup Time": 67.39,
                "Actual Total Time": 347.427,
                "Actual Rows": 40222,
                "Actual Loops": 2,
                "Inner Unique": false,
                "Hash Cond": "(t.id = mc.movie_id)",
                "Plans": [
                  {
                    "Node Type": "Seq Scan",
                    "Parent Relationship": "Outer",
                    "Parallel Aware": true,
                    "Relation Name": "title",
                    "Alias": "t",
                    "Startup Cost": 0.0,
                    "Total Cost": 54588.39,
                    "Plan Rows": 1284665,
                    "Plan Width": 4,
                    "Actual Startup Time": 0.009,
                    "Actual Total Time": 148.981,
                    "Actual Rows": 1085582,
                    "Actual Loops": 2,
                    "Filter": "(production_year > 1963)",
                    "Rows Removed by Filter": 178574
                  },
                  {
                    "Node Type": "Hash",
                    "Parent Relationship": "Inner",
                    "Parallel Aware": true,
                    "Startup Cost": 22775.35,
                    "Total Cost": 22775.35,
                    "Plan Rows": 37976,
                    "Plan Width": 4,
                    "Actual Startup Time": 66.096,
                    "Actual Total Time": 66.098,
                    "Actual Rows": 55633,
                    "Actual Loops": 2,
                    "Hash Buckets": 131072,
                    "Original Hash Buckets": 65536,
                    "Hash Batches": 1,
                    "Original Hash Batches": 1,
                    "Peak Memory Usage": 5920,
                    "Plans": [
                      {
                        "Node Type": "Bitmap Heap Scan",
                        "Parent Relationship": "Outer",
                        "Parallel Aware": true,
                        "Relation Name": "movie_companies",
                        "Alias": "mc",
                        "Startup Cost": 2828.17,
                        "Total Cost": 22775.35,
                        "Plan Rows": 37976,
                        "Plan Width": 4,
                        "Actual Startup Time": 17.829,
                        "Actual Total Time": 49.884,
                        "Actual Rows": 55633,
                        "Actual Loops": 2,
                        "Recheck Cond": "(company_id < 27)",
                        "Rows Removed by Index Recheck": 0,
                        "Filter": "(company_type_id < 2)",
                        "Rows Removed by Filter": 11770,
                        "Exact Heap Blocks": 8236,
                        "Lossy Heap Blocks": 0,
                        "Plans": [
                          {
                            "Node Type": "Bitmap Index Scan",
                            "Parent Relationship": "Outer",
                            "Parallel Aware": false,
                            "Index Name": "company_id_movie_companies",
                            "Startup Cost": 0.0,
                            "Total Cost": 2812.03,
                            "Plan Rows": 131147,
                            "Plan Width": 0,
                            "Actual Startup Time": 18.314,
                            "Actual Total Time": 18.314,
                            "Actual Rows": 134807,
                            "Actual Loops": 1,
                            "Index Cond": "(company_id < 27)"
                          }
                        ]
                      }
                    ]
                  }
                ]
              }
            ]
          }
        ]
      }
    ]
  },
  "Planning Time": 0.768,
  "Triggers": [],
  "Execution Time": 369.931
}