[
  {
    "Plan": {
      "Node Type": "Aggregate",
      "Strategy": "Plain",
      "Partial Mode": "Finalize",
      "Parallel Aware": false,
      "Startup Cost": 249752.35,
      "Total Cost": 249752.36,
      "Plan Rows": 1,
      "Plan Width": 8,
      "Actual Startup Time": 699.958,
      "Actual Total Time": 764.429,
      "Actual Rows": 1,
      "Actual Loops": 1,
      "Plans": [
        {
          "Node Type": "Gather",
          "Parent Relationship": "Outer",
          "Parallel Aware": false,
          "Startup Cost": 249751.83,
          "Total Cost": 249752.34,
          "Plan Rows": 5,
          "Plan Width": 8,
          "Actual Startup Time": 696.922,
          "Actual Total Time": 764.419,
          "Actual Rows": 6,
          "Actual Loops": 1,
          "Workers Planned": 5,
          "Workers Launched": 5,
          "Single Copy": false,
          "Plans": [
            {
              "Node Type": "Aggregate",
              "Strategy": "Plain",
              "Partial Mode": "Partial",
              "Parent Relationship": "Outer",
              "Parallel Aware": false,
              "Startup Cost": 248751.83,
              "Total Cost": 248751.84,
              "Plan Rows": 1,
              "Plan Width": 8,
              "Actual Startup Time": 688.029,
              "Actual Total Time": 688.033,
              "Actual Rows": 1,
              "Actual Loops": 6,
              "Plans": [
                {
                  "Node Type": "Hash Join",
                  "Parent Relationship": "Outer",
                  "Parallel Aware": true,
                  "Join Type": "Inner",
                  "Startup Cost": 46656.71,
                  "Total Cost": 248380.7,
                  "Plan Rows": 148453,
                  "Plan Width": 0,
                  "Actual Startup Time": 128.096,
                  "Actual Total Time": 675.155,
                  "Actual Rows": 229403,
                  "Actual Loops": 6,
                  "Inner Unique": true,
                  "Hash Cond": "(mi.movie_id = t.id)",
                  "Plans": [
                    {
                      "Node Type": "Seq Scan",
                      "Parent Relationship": "Outer",
                      "Parallel Aware": true,
                      "Relation Name": "movie_info",
                      "Alias": "mi",
                      "Startup Cost": 0.0,
                      "Total Cost": 199108.24,
                      "Plan Rows": 996473,
                      "Plan Width": 4,
                      "Actual Startup Time": 0.038,
                      "Actual Total Time": 399.294,
                      "Actual Rows": 820661,
                      "Actual Loops": 6,
                      "Filter": "(info_type_id < 5)",
                      "Rows Removed by Filter": 1651959
                    },
                    {
                      "Node Type": "Hash",
                      "Parent Relationship": "Inner",
                      "Parallel Aware": true,
                      "Startup Cost": 45479.59,
                      "Total Cost": 45479.59,
                      "Plan Rows": 94170,
                      "Plan Width": 4,
                      "Actual Startup Time": 112.178,
                      "Actual Total Time": 112.179,
                      "Actual Rows": 47019,
                      "Actual Loops": 6,
                      "Hash Buckets": 524288,
                      "Original Hash Buckets": 524288,
                      "Hash Batches": 1,
                      "Original Hash Batches": 1,
                      "Peak Memory Usage": 15232,
                      "Plans": [
                        {
                          "Node Type": "Seq Scan",
                          "Parent Relationship": "Outer",
                          "Parallel Aware": true,
                          "Relation Name": "title",
                          "Alias": "t",
                          "Startup Cost": 0.0,
                          "Total Cost": 45479.59,
                          "Plan Rows": 94170,
                          "Plan Width": 4,
                          "Actual Startup Time": 44.753,
                          "Actual Total Time": 91.288,
                          "Actual Rows": 47019,
                          "Actual Loops": 6,
                          "Filter": "((production_year > 1999) AND (kind_id = 1))",
                          "Rows Removed by Filter": 374366
                        }
                      ]
                    }
                  ]
                }
              ]
            }
          ]
        }
      ]
    },
    "Planning Time": 0.278,
    "Triggers": [],
    "Execution Time": 764.486
  }
]