[
  {
    "Plan": {
      "Node Type": "Aggregate",
      "Strategy": "Plain",
      "Partial Mode": "Finalize",
      "Parallel Aware": false,
      "Startup Cost": 40562.57,
      "Total Cost": 40562.58,
      "Plan Rows": 1,
      "Plan Width": 8,
      "Actual Startup Time": 127.262,
      "Actual Total Time": 136.539,
      "Actual Rows": 1,
      "Actual Loops": 1,
      "Plans": [
        {
          "Node Type": "Gather",
          "Parent Relationship": "Outer",
          "Parallel Aware": false,
          "Startup Cost": 40562.25,
          "Total Cost": 40562.56,
          "Plan Rows": 3,
          "Plan Width": 8,
          "Actual Startup Time": 126.71,
          "Actual Total Time": 136.526,
          "Actual Rows": 4,
          "Actual Loops": 1,
          "Workers Planned": 3,
          "Workers Launched": 3,
          "Single Copy": false,
          "Plans": [
            {
              "Node Type": "Aggregate",
              "Strategy": "Plain",
              "Partial Mode": "Partial",
              "Parent Relationship": "Outer",
              "Parallel Aware": false,
              "Startup Cost": 39562.25,
              "Total Cost": 39562.26,
              "Plan Rows": 1,
              "Plan Width": 8,
              "Actual Startup Time": 121.581,
              "Actual Total Time": 121.583,
              "Actual Rows": 1,
              "Actual Loops": 4,
              "Plans": [
                {
                  "Node Type": "Bitmap Heap Scan",
                  "Parent Relationship": "Outer",
                  "Parallel Aware": true,
                  "Relation Name": "movie_keyword",
                  "Alias": "mk",
                  "Startup Cost": 12302.43,
                  "Total Cost": 39094.61,
                  "Plan Rows": 187055,
                  "Plan Width": 0,
                  "Actual Startup Time": 33.335,
                  "Actual Total Time": 112.774,
                  "Actual Rows": 144809,
                  "Actual Loops": 4,
                  "Recheck Cond": "(keyword_id > 31656)",
                  "Rows Removed by Index Recheck": 0,
                  "Exact Heap Blocks": 10302,
                  "Lossy Heap Blocks": 0,
                  "Plans": [
                    {
                      "Node Type": "Bitmap Index Scan",
                      "Parent Relationship": "Outer",
                      "Parallel Aware": false,
                      "Index Name": "keyword_id_movie_keyword",
                      "Startup Cost": 0.0,
                      "Total Cost": 12157.46,
                      "Plan Rows": 579870,
                      "Plan Width": 0,
                      "Actual Startup Time": 34.524,
                      "Actual Total Time": 34.524,
                      "Actual Rows": 579237,
                      "Actual Loops": 1,
                      "Index Cond": "(keyword_id > 31656)"
                    }
                  ]
                }
              ]
            }
          ]
        }
      ]
    },
    "Planning Time": 0.194,
    "Triggers": [],
    "Execution Time": 136.628
  }
]