[
  {
    "Plan": {
      "Node Type": "Aggregate",
      "Strategy": "Plain",
      "Partial Mode": "Finalize",
      "Parallel Aware": false,
      "Startup Cost": 74879.83,
      "Total Cost": 74879.84,
      "Plan Rows": 1,
      "Plan Width": 8,
      "Actual Startup Time": 206.308,
      "Actual Total Time": 222.051,
      "Actual Rows": 1,
      "Actual Loops": 1,
      "Plans": [
        {
          "Node Type": "Gather",
          "Parent Relationship": "Outer",
          "Parallel Aware": false,
          "Startup Cost": 74879.51,
          "Total Cost": 74879.82,
          "Plan Rows": 3,
          "Plan Width": 8,
          "Actual Startup Time": 204.436,
          "Actual Total Time": 222.042,
          "Actual Rows": 4,
          "Actual Loops": 1,
          "Workers Planned": 3,
          "Workers Launched": 3,
          "Single Copy": false,
          "Plans": [
            {
              "Node Type": "Aggregate",
              "Strategy": "Plain",
              "Partial Mode": "Partial",
              "Parent Relationship": "Outer",
              "Parallel Aware": false,
              "Startup Cost": 73879.51,
              "Total Cost": 73879.52,
              "Plan Rows": 1,
              "Plan Width": 8,
              "Actual Startup Time": 195.38,
              "Actual Total Time": 195.384,
              "Actual Rows": 1,
              "Actual Loops": 4,
              "Plans": [
                {
                  "Node Type": "Hash Join",
                  "Parent Relationship": "Outer",
                  "Parallel Aware": true,
                  "Join Type": "Inner",
                  "Startup Cost": 49037.4,
                  "Total Cost": 73864.42,
                  "Plan Rows": 6035,
                  "Plan Width": 0,
                  "Actual Startup Time": 164.832,
                  "Actual Total Time": 195.373,
                  "Actual Rows": 26,
                  "Actual Loops": 4,
                  "Inner Unique": true,
                  "Hash Cond": "(mk.movie_id = t.id)",
                  "Plans": [
                    {
                      "Node Type": "Bitmap Heap Scan",
                      "Parent Relationship": "Outer",
                      "Parallel Aware": true,
                      "Relation Name": "movie_keyword",
                      "Alias": "mk",
                      "Startup Cost": 1624.95,
                      "Total Cost": 26387.23,
                      "Plan Rows": 24663,
                      "Plan Width": 4,
                      "Actual Startup Time": 9.071,
                      "Actual Total Time": 32.516,
                      "Actual Rows": 18124,
                      "Actual Loops": 4,
                      "Recheck Cond": "(keyword_id = 335)",
                      "Rows Removed by Index Recheck": 0,
                      "Exact Heap Blocks": 6702,
                      "Lossy Heap Blocks": 0,
                      "Plans": [
                        {
                          "Node Type": "Bitmap Index Scan",
                          "Parent Relationship": "Outer",
                          "Parallel Aware": false,
                          "Index Name": "keyword_id_movie_keyword",
                          "Startup Cost": 0.0,
                          "Total Cost": 1605.84,
                          "Plan Rows": 76454,
                          "Plan Width": 0,
                          "Actual Startup Time": 6.616,
                          "Actual Total Time": 6.616,
                          "Actual Rows": 72496,
                          "Actual Loops": 1,
                          "Index Cond": "(keyword_id = 335)"
                        }
                      ]
                    },
                    {
                      "Node Type": "Hash",
                      "Parent Relationship": "Inner",
                      "Parallel Aware": true,
                      "Startup Cost": 45479.1,
                      "Total Cost": 45479.1,
                      "Plan Rows": 154668,
                      "Plan Width": 4,
                      "Actual Startup Time": 150.013,
                      "Actual Total Time": 150.013,
                      "Actual Rows": 130285,
                      "Actual Loops": 4,
                      "Hash Buckets": 1048576,
                      "Original Hash Buckets": 1048576,
                      "Hash Batches": 1,
                      "Original Hash Batches": 1,
                      "Peak Memory Usage": 28672,
                      "Plans": [
                        {
                          "Node Type": "Seq Scan",
                          "Parent Relationship": "Outer",
                          "Parallel Aware": true,
                          "Relation Name": "title",
                          "Alias": "t",
                          "Startup Cost": 0.0,
                          "Total Cost": 45479.1,
                          "Plan Rows": 154668,
                          "Plan Width": 4,
                          "Actual Startup Time": 0.037,
                          "Actual Total Time": 99.903,
                          "Actual Rows": 130285,
                          "Actual Loops": 4,
                          "Filter": "((production_year < 2000) AND (kind_id = 7))",
                          "Rows Removed by Filter": 501793
                        }
                      ]
                    }
                  ]
                }
              ]
            }
          ]
        }
      ]
    },
    "Planning Time": 0.62,
    "Triggers": [],
    "Execution Time": 222.154
  }
]