[
  {
    "Plan": {
      "Node Type": "Aggregate",
      "Strategy": "Plain",
      "Partial Mode": "Finalize",
      "Parallel Aware": false,
      "Startup Cost": 333953.86,
      "Total Cost": 333953.87,
      "Plan Rows": 1,
      "Plan Width": 8,
      "Actual Startup Time": 662.772,
      "Actual Total Time": 721.753,
      "Actual Rows": 1,
      "Actual Loops": 1,
      "Plans": [
        {
          "Node Type": "Gather",
          "Parent Relationship": "Outer",
          "Parallel Aware": false,
          "Startup Cost": 333953.23,
          "Total Cost": 333953.84,
          "Plan Rows": 6,
          "Plan Width": 8,
          "Actual Startup Time": 662.651,
          "Actual Total Time": 721.743,
          "Actual Rows": 7,
          "Actual Loops": 1,
          "Workers Planned": 6,
          "Workers Launched": 6,
          "Single Copy": false,
          "Plans": [
            {
              "Node Type": "Aggregate",
              "Strategy": "Plain",
              "Partial Mode": "Partial",
              "Parent Relationship": "Outer",
              "Parallel Aware": false,
              "Startup Cost": 332953.23,
              "Total Cost": 332953.24,
              "Plan Rows": 1,
              "Plan Width": 8,
              "Actual Startup Time": 652.364,
              "Actual Total Time": 652.365,
              "Actual Rows": 1,
              "Actual Loops": 7,
              "Plans": [
                {
                  "Node Type": "Seq Scan",
                  "Parent Relationship": "Outer",
                  "Parallel Aware": true,
                  "Relation Name": "cast_info",
                  "Alias": "ci",
                  "Startup Cost": 0.0,
                  "Total Cost": 328162.03,
                  "Plan Rows": 1916482,
                  "Plan Width": 0,
                  "Actual Startup Time": 283.634,
                  "Actual Total Time": 580.684,
                  "Actual Rows": 1633290,
                  "Actual Loops": 7,
                  "Filter": "(person_id > 2555464)",
                  "Rows Removed by Filter": 3544473
                }
              ]
            }
          ]
        }
      ]
    },
    "Planning Time": 0.169,
    "Triggers": [],
    "Execution Time": 721.823
  }
]