{
  "Plan": {
    "Node Type": "Aggregate",
    "Strategy": "Plain",
    "Partial Mode": "Finalize",
    "Parallel Aware": false,
    "Startup Cost": 450418.18,
    "Total Cost": 450418.19,
    "Plan Rows": 1,
    "Plan Width": 8,
    "Actual Startup Time": 234.252,
    "Actual Total Time": 262.129,
    "Actual Rows": 1,
    "Actual Loops": 1,
    "Plans": [
      {
        "Node Type": "Gather",
        "Parent Relationship": "Outer",
        "Parallel Aware": false,
        "Startup Cost": 450418.07,
        "Total Cost": 450418.18,
        "Plan Rows": 1,
        "Plan Width": 8,
        "Actual Startup Time": 234.13,
        "Actual Total Time": 262.12,
        "Actual Rows": 2,
        "Actual Loops": 1,
        "Workers Planned": 1,
        "Workers Launched": 1,
        "Single Copy": false,
        "Plans": [
          {
            "Node Type": "Aggregate",
            "Strategy": "Plain",
            "Partial Mode": "Partial",
            "Parent Relationship": "Outer",
            "Parallel Aware": false,
            "Startup Cost": 449418.07,
            "Total Cost": 449418.08,
            "Plan Rows": 1,
            "Plan Width": 8,
            "Actual Startup Time": 228.255,
            "Actual Total Time": 228.257,
            "Actual Rows": 1,
            "Actual Loops": 2,
            "Plans": [
              {
                "Node Type": "Nested Loop",
                "Parent Relationship": "Outer",
                "Parallel Aware": false,
                "Join Type": "Inner",
                "Startup Cost": 0.56,
                "Total Cost": 449331.94,
                "Plan Rows": 34451,
                "Plan Width": 0,
                "Actual Startup Time": 0.56,
                "Actual Total Time": 226.408,
                "Actual Rows": 21896,
                "Actual Loops": 2,
                "Inner Unique": false,
                "Plans": [
                  {
                    "Node Type": "Seq Scan",
                    "Parent Relationship": "Outer",
                    "Parallel Aware": true,
                    "Relation Name": "title",
                    "Alias": "t",
                    "Startup Cost": 0.0,
                    "Total Cost": 58306.47,
                    "Plan Rows": 3646,
                    "Plan Width": 4,
                    "Actual Startup Time": 0.269,
                    "Actual Total Time": 148.341,
                    "Actual Rows": 3046,
                    "Actual Loops": 2,
                    "Filter": "((kind_id = 7) AND (production_year = 1958))",
                    "Rows Removed by Filter": 1261110
                  },
                  {
                    "Node Type": "Index Scan",
                    "Parent Relationship": "Inner",
                    "Parallel Aware": false,
                    "Scan Direction": "Forward",
                    "Index Name": "movie_id_cast_info",
                    "Relation Name": "cast_info",
                    "Alias": "ci",
                    "Startup Cost": 0.56,
                    "Total Cost": 107.01,
                    "Plan Rows": 24,
                    "Plan Width": 4,
                    "Actual Startup Time": 0.007,
                    "Actual Total Time": 0.024,
                    "Actual Rows": 7,
                    "Actual Loops": 6092,
                    "Index Cond": "(movie_id = t.id)",
                    "Rows Removed by Index Recheck": 0,
                    "Filter": "(role_id < 4)",
                    "Rows Removed by Filter": 2
                  }
                ]
              }
            ]
          }
        ]
      }
    ]
  },
  "Planning Time": 0.487,
  "Triggers": [],
  "Execution Time": 262.217
}