{
  "Plan": {
    "Node Type": "Aggregate",
    "Strategy": "Plain",
    "Partial Mode": "Finalize",
    "Parallel Aware": false,
    "Startup Cost": 973729.5,
    "Total Cost": 973729.51,
    "Plan Rows": 1,
    "Plan Width": 8,
    "Actual Startup Time": 14629.561,
    "Actual Total Time": 14769.565,
    "Actual Rows": 1,
    "Actual Loops": 1,
    "Plans": [
      {
        "Node Type": "Gather",
        "Parent Relationship": "Outer",
        "Parallel Aware": false,
        "Startup Cost": 973729.39,
        "Total Cost": 973729.5,
        "Plan Rows": 1,
        "Plan Width": 8,
        "Actual Startup Time": 14611.291,
        "Actual Total Time": 14769.558,
        "Actual Rows": 2,
        "Actual Loops": 1,
        "Workers Planned": 1,
        "Workers Launched": 1,
        "Single Copy": false,
        "Plans": [
          {
            "Node Type": "Aggregate",
            "Strategy": "Plain",
            "Partial Mode": "Partial",
            "Parent Relationship": "Outer",
            "Parallel Aware": false,
            "Startup Cost": 972729.39,
            "Total Cost": 972729.4,
            "Plan Rows": 1,
            "Plan Width": 8,
            "Actual Startup Time": 14564.58,
            "Actual Total Time": 14564.586,
            "Actual Rows": 1,
            "Actual Loops": 2,
            "Plans": [
              {
                "Node Type": "Hash Join",
                "Parent Relationship": "Outer",
                "Parallel Aware": true,
                "Join Type": "Inner",
                "Startup Cost": 745017.93,
                "Total Cost": 932223.73,
                "Plan Rows": 16202265,
                "Plan Width": 0,
                "Actual Startup Time": 12969.64,
                "Actual Total Time": 14173.062,
                "Actual Rows": 9662654,
                "Actual Loops": 2,
                "Inner Unique": false,
                "Hash Cond": "(mk.movie_id = t.id)",
                "Plans": [
                  {
                    "Node Type": "Seq Scan",
                    "Parent Relationship": "Outer",
                    "Parallel Aware": true,
                    "Relation Name": "movie_keyword",
                    "Alias": "mk",
                    "Startup Cost": 0.0,
                    "Total Cost": 57718.19,
                    "Plan Rows": 1953151,
                    "Plan Width": 4,
                    "Actual Startup Time": 0.105,
                    "Actual Total Time": 190.861,
                    "Actual Rows": 1657227,
                    "Actual Loops": 2,
                    "Filter": "(keyword_id > 1515)",
                    "Rows Removed by Filter": 604738
                  },
                  {
                    "Node Type": "Hash",
                    "Parent Relationship": "Inner",
                    "Parallel Aware": true,
                    "Startup Cost": 590802.27,
                    "Total Cost": 590802.27,
                    "Plan Rows": 12337253,
                    "Plan Width": 8,
                    "Actual Startup Time": 12869.171,
                    "Actual Total Time": 12869.176,
                    "Actual Rows": 10374806,
                    "Actual Loops": 2,
                    "Hash Buckets": 33554432,
                    "Original Hash Buckets": 33554432,
                    "Hash Batches": 1,
                    "Original Hash Batches": 1,
                    "Peak Memory Usage": 1073920,
                    "Plans": [
                      {
                        "Node Type": "Hash Join",
                        "Parent Relationship": "Outer",
                        "Parallel Aware": true,
                        "Join Type": "Inner",
                        "Startup Cost": 69068.92,
                        "Total Cost": 590802.27,
                        "Plan Rows": 12337253,
                        "Plan Width": 8,
                        "Actual Startup Time": 395.595,
                        "Actual Total Time": 8998.563,
                        "Actual Rows": 10374806,
                        "Actual Loops": 2,
                        "Inner Unique": true,
                        "Hash Cond": "(ci.movie_id = t.id)",
                        "Plans": [
                          {
                            "Node Type": "Seq Scan",
                            "Parent Relationship": "Outer",
                            "Parallel Aware": true,
                            "Relation Name": "cast_info",
                            "Alias": "ci",
                            "Startup Cost": 0.0,
                            "Total Cost": 465792.95,
                            "Plan Rows": 21310595,
                            "Plan Width": 4,
                            "Actual Startup Time": 0.014,
                            "Actual Total Time": 1392.912,
                            "Actual Rows": 18122172,
                            "Actual Loops": 2
                          },
                          {
                            "Node Type": "Hash",
                            "Parent Relationship": "Inner",
                            "Parallel Aware": true,
                            "Startup Cost": 58306.47,
                            "Total Cost": 58306.47,
                            "Plan Rows": 860996,
                            "Plan Width": 4,
                            "Actual Startup Time": 390.04,
                            "Actual Total Time": 390.042,
                            "Actual Rows": 725232,
                            "Actual Loops": 2,
                            "Hash Buckets": 2097152,
                            "Original Hash Buckets": 2097152,
                            "Hash Batches": 1,
                            "Original Hash Batches": 1,
                            "Peak Memory Usage": 73184,
                            "Plans": [
                              {
                                "Node Type": "Seq Scan",
                                "Parent Relationship": "Outer",
                                "Parallel Aware": true,
                                "Relation Name": "title",
                                "Alias": "t",
                                "Startup Cost": 0.0,
                                "Total Cost": 58306.47,
                                "Plan Rows": 860996,
                                "Plan Width": 4,
                                "Actual Startup Time": 0.04,
                                "Actual Total Time": 187.719,
                                "Actual Rows": 725232,
                                "Actual Loops": 2,
                                "Filter": "((kind_id > 4) AND (production_year < 2013))",
                                "Rows Removed by Filter": 538924
                              }
                            ]
                          }
                        ]
                      }
                    ]
                  }
                ]
              }
            ]
          }
        ]
      }
    ]
  },
  "Planning Time": 0.889,
  "Triggers": [],
  "Execution Time": 14769.655
}