[
  {
    "Plan": {
      "Node Type": "Aggregate",
      "Strategy": "Plain",
      "Partial Mode": "Finalize",
      "Parallel Aware": false,
      "Startup Cost": 32823.1,
      "Total Cost": 32823.11,
      "Plan Rows": 1,
      "Plan Width": 8,
      "Actual Startup Time": 78.195,
      "Actual Total Time": 85.804,
      "Actual Rows": 1,
      "Actual Loops": 1,
      "Plans": [
        {
          "Node Type": "Gather",
          "Parent Relationship": "Outer",
          "Parallel Aware": false,
          "Startup Cost": 32822.78,
          "Total Cost": 32823.09,
          "Plan Rows": 3,
          "Plan Width": 8,
          "Actual Startup Time": 78.04,
          "Actual Total Time": 85.796,
          "Actual Rows": 4,
          "Actual Loops": 1,
          "Workers Planned": 3,
          "Workers Launched": 3,
          "Single Copy": false,
          "Plans": [
            {
              "Node Type": "Aggregate",
              "Strategy": "Plain",
              "Partial Mode": "Partial",
              "Parent Relationship": "Outer",
              "Parallel Aware": false,
              "Startup Cost": 31822.78,
              "Total Cost": 31822.79,
              "Plan Rows": 1,
              "Plan Width": 8,
              "Actual Startup Time": 72.411,
              "Actual Total Time": 72.412,
              "Actual Rows": 1,
              "Actual Loops": 4,
              "Plans": [
                {
                  "Node Type": "Seq Scan",
                  "Parent Relationship": "Outer",
                  "Parallel Aware": true,
                  "Relation Name": "movie_companies",
                  "Alias": "mc",
                  "Startup Cost": 0.0,
                  "Total Cost": 31414.82,
                  "Plan Rows": 163185,
                  "Plan Width": 0,
                  "Actual Startup Time": 40.639,
                  "Actual Total Time": 69.208,
                  "Actual Rows": 74805,
                  "Actual Loops": 4,
                  "Filter": "((company_id < 4622) AND (company_type_id = 2))",
                  "Rows Removed by Filter": 577477
                }
              ]
            }
          ]
        }
      ]
    },
    "Planning Time": 0.113,
    "Triggers": [],
    "Execution Time": 85.838
  }
]