[
  {
    "Plan": {
      "Node Type": "Aggregate",
      "Strategy": "Plain",
      "Partial Mode": "Finalize",
      "Parallel Aware": false,
      "Startup Cost": 81291.02,
      "Total Cost": 81291.03,
      "Plan Rows": 1,
      "Plan Width": 8,
      "Actual Startup Time": 421.09,
      "Actual Total Time": 437.401,
      "Actual Rows": 1,
      "Actual Loops": 1,
      "Plans": [
        {
          "Node Type": "Gather",
          "Parent Relationship": "Outer",
          "Parallel Aware": false,
          "Startup Cost": 81290.6,
          "Total Cost": 81291.01,
          "Plan Rows": 4,
          "Plan Width": 8,
          "Actual Startup Time": 413.591,
          "Actual Total Time": 437.386,
          "Actual Rows": 5,
          "Actual Loops": 1,
          "Workers Planned": 4,
          "Workers Launched": 4,
          "Single Copy": false,
          "Plans": [
            {
              "Node Type": "Aggregate",
              "Strategy": "Plain",
              "Partial Mode": "Partial",
              "Parent Relationship": "Outer",
              "Parallel Aware": false,
              "Startup Cost": 80290.6,
              "Total Cost": 80290.61,
              "Plan Rows": 1,
              "Plan Width": 8,
              "Actual Startup Time": 404.069,
              "Actual Total Time": 404.072,
              "Actual Rows": 1,
              "Actual Loops": 5,
              "Plans": [
                {
                  "Node Type": "Hash Join",
                  "Parent Relationship": "Outer",
                  "Parallel Aware": true,
                  "Join Type": "Inner",
                  "Startup Cost": 33370.33,
                  "Total Cost": 79661.36,
                  "Plan Rows": 251698,
                  "Plan Width": 0,
                  "Actual Startup Time": 150.789,
                  "Actual Total Time": 394.434,
                  "Actual Rows": 203664,
                  "Actual Loops": 5,
                  "Inner Unique": false,
                  "Hash Cond": "(t.id = mc.movie_id)",
                  "Plans": [
                    {
                      "Node Type": "Seq Scan",
                      "Parent Relationship": "Outer",
                      "Parallel Aware": true,
                      "Relation Name": "title",
                      "Alias": "t",
                      "Startup Cost": 0.0,
                      "Total Cost": 42318.73,
                      "Plan Rows": 632073,
                      "Plan Width": 4,
                      "Actual Startup Time": 0.017,
                      "Actual Total Time": 68.151,
                      "Actual Rows": 505662,
                      "Actual Loops": 5
                    },
                    {
                      "Node Type": "Hash",
                      "Parent Relationship": "Inner",
                      "Parallel Aware": true,
                      "Startup Cost": 29310.68,
                      "Total Cost": 29310.68,
                      "Plan Rows": 324772,
                      "Plan Width": 4,
                      "Actual Startup Time": 146.35,
                      "Actual Total Time": 146.351,
                      "Actual Rows": 203664,
                      "Actual Loops": 5,
                      "Hash Buckets": 1048576,
                      "Original Hash Buckets": 1048576,
                      "Hash Batches": 1,
                      "Original Hash Batches": 1,
                      "Peak Memory Usage": 48128,
                      "Plans": [
                        {
                          "Node Type": "Seq Scan",
                          "Parent Relationship": "Outer",
                          "Parallel Aware": true,
                          "Relation Name": "movie_companies",
                          "Alias": "mc",
                          "Startup Cost": 0.0,
                          "Total Cost": 29310.68,
                          "Plan Rows": 324772,
                          "Plan Width": 4,
                          "Actual Startup Time": 21.37,
                          "Actual Total Time": 77.749,
                          "Actual Rows": 203664,
                          "Actual Loops": 5,
                          "Filter": "(company_id > 16066)",
                          "Rows Removed by Filter": 318161
                        }
                      ]
                    }
                  ]
                }
              ]
            }
          ]
        }
      ]
    },
    "Planning Time": 0.57,
    "Triggers": [],
    "Execution Time": 437.476
  }
]