[
  {
    "Plan": {
      "Node Type": "Aggregate",
      "Strategy": "Plain",
      "Partial Mode": "Finalize",
      "Parallel Aware": false,
      "Startup Cost": 301335.09,
      "Total Cost": 301335.1,
      "Plan Rows": 1,
      "Plan Width": 8,
      "Actual Startup Time": 895.599,
      "Actual Total Time": 946.067,
      "Actual Rows": 1,
      "Actual Loops": 1,
      "Plans": [
        {
          "Node Type": "Gather",
          "Parent Relationship": "Outer",
          "Parallel Aware": false,
          "Startup Cost": 301334.57,
          "Total Cost": 301335.08,
          "Plan Rows": 5,
          "Plan Width": 8,
          "Actual Startup Time": 891.471,
          "Actual Total Time": 946.058,
          "Actual Rows": 6,
          "Actual Loops": 1,
          "Workers Planned": 5,
          "Workers Launched": 5,
          "Single Copy": false,
          "Plans": [
            {
              "Node Type": "Aggregate",
              "Strategy": "Plain",
              "Partial Mode": "Partial",
              "Parent Relationship": "Outer",
              "Parallel Aware": false,
              "Startup Cost": 300334.57,
              "Total Cost": 300334.58,
              "Plan Rows": 1,
              "Plan Width": 8,
              "Actual Startup Time": 885.195,
              "Actual Total Time": 885.267,
              "Actual Rows": 1,
              "Actual Loops": 6,
              "Plans": [
                {
                  "Node Type": "Hash Join",
                  "Parent Relationship": "Outer",
                  "Parallel Aware": true,
                  "Join Type": "Inner",
                  "Startup Cost": 94017.29,
                  "Total Cost": 298807.49,
                  "Plan Rows": 610832,
                  "Plan Width": 0,
                  "Actual Startup Time": 270.42,
                  "Actual Total Time": 876.558,
                  "Actual Rows": 170892,
                  "Actual Loops": 6,
                  "Inner Unique": false,
                  "Hash Cond": "(mi.movie_id = t.id)",
                  "Plans": [
                    {
                      "Node Type": "Seq Scan",
                      "Parent Relationship": "Outer",
                      "Parallel Aware": true,
                      "Relation Name": "movie_info",
                      "Alias": "mi",
                      "Startup Cost": 0.0,
                      "Total Cost": 191685.19,
                      "Plan Rows": 2969219,
                      "Plan Width": 4,
                      "Actual Startup Time": 0.03,
                      "Actual Total Time": 317.275,
                      "Actual Rows": 2472620,
                      "Actual Loops": 6
                    },
                    {
                      "Node Type": "Hash",
                      "Parent Relationship": "Inner",
                      "Parallel Aware": true,
                      "Startup Cost": 91919.91,
                      "Total Cost": 91919.91,
                      "Plan Rows": 167791,
                      "Plan Width": 8,
                      "Actual Startup Time": 268.55,
                      "Actual Total Time": 268.62,
                      "Actual Rows": 15993,
                      "Actual Loops": 6,
                      "Hash Buckets": 524288,
                      "Original Hash Buckets": 524288,
                      "Hash Batches": 1,
                      "Original Hash Batches": 1,
                      "Peak Memory Usage": 7936,
                      "Plans": [
                        {
                          "Node Type": "Hash Join",
                          "Parent Relationship": "Outer",
                          "Parallel Aware": true,
                          "Join Type": "Inner",
                          "Startup Cost": 47511.57,
                          "Total Cost": 91919.91,
                          "Plan Rows": 167791,
                          "Plan Width": 8,
                          "Actual Startup Time": 128.962,
                          "Actual Total Time": 260.812,
                          "Actual Rows": 15993,
                          "Actual Loops": 6,
                          "Inner Unique": true,
                          "Hash Cond": "(mk.movie_id = t.id)",
                          "Plans": [
                            {
                              "Node Type": "Seq Scan",
                              "Parent Relationship": "Outer",
                              "Parallel Aware": true,
                              "Relation Name": "movie_keyword",
                              "Alias": "mk",
                              "Startup Cost": 0.0,
                              "Total Cost": 42695.65,
                              "Plan Rows": 652449,
                              "Plan Width": 4,
                              "Actual Startup Time": 0.02,
                              "Actual Total Time": 87.395,
                              "Actual Rows": 337267,
                              "Actual Loops": 6,
                              "Filter": "(keyword_id < 3627)",
                              "Rows Removed by Filter": 416721
                            },
                            {
                              "Node Type": "Hash",
                              "Parent Relationship": "Inner",
                              "Parallel Aware": true,
                              "Startup Cost": 45479.59,
                              "Total Cost": 45479.59,
                              "Plan Rows": 162559,
                              "Plan Width": 4,
                              "Actual Startup Time": 127.457,
                              "Actual Total Time": 127.459,
                              "Actual Rows": 92800,
                              "Actual Loops": 6,
                              "Hash Buckets": 1048576,
                              "Original Hash Buckets": 1048576,
                              "Hash Batches": 1,
                              "Original Hash Batches": 1,
                              "Peak Memory Usage": 30080,
                              "Plans": [
                                {
                                  "Node Type": "Seq Scan",
                                  "Parent Relationship": "Outer",
                                  "Parallel Aware": true,
                                  "Relation Name": "title",
                                  "Alias": "t",
                                  "Startup Cost": 0.0,
                                  "Total Cost": 45479.59,
                                  "Plan Rows": 162559,
                                  "Plan Width": 4,
                                  "Actual Startup Time": 0.036,
                                  "Actual Total Time": 85.328,
                                  "Actual Rows": 92800,
                                  "Actual Loops": 6,
                                  "Filter": "((production_year < 2001) AND (kind_id = 7))",
                                  "Rows Removed by Filter": 328586
                                }
                              ]
                            }
                          ]
                        }
                      ]
                    }
                  ]
                }
              ]
            }
          ]
        }
      ]
    },
    "Planning Time": 0.425,
    "Triggers": [],
    "Execution Time": 946.126
  }
]