[
  {
    "Plan": {
      "Node Type": "Aggregate",
      "Strategy": "Plain",
      "Partial Mode": "Finalize",
      "Parallel Aware": false,
      "Startup Cost": 46371.27,
      "Total Cost": 46371.28,
      "Plan Rows": 1,
      "Plan Width": 8,
      "Actual Startup Time": 202.765,
      "Actual Total Time": 215.439,
      "Actual Rows": 1,
      "Actual Loops": 1,
      "Plans": [
        {
          "Node Type": "Gather",
          "Parent Relationship": "Outer",
          "Parallel Aware": false,
          "Startup Cost": 46370.95,
          "Total Cost": 46371.26,
          "Plan Rows": 3,
          "Plan Width": 8,
          "Actual Startup Time": 202.666,
          "Actual Total Time": 215.43,
          "Actual Rows": 4,
          "Actual Loops": 1,
          "Workers Planned": 3,
          "Workers Launched": 3,
          "Single Copy": false,
          "Plans": [
            {
              "Node Type": "Aggregate",
              "Strategy": "Plain",
              "Partial Mode": "Partial",
              "Parent Relationship": "Outer",
              "Parallel Aware": false,
              "Startup Cost": 45370.95,
              "Total Cost": 45370.96,
              "Plan Rows": 1,
              "Plan Width": 8,
              "Actual Startup Time": 196.113,
              "Actual Total Time": 196.115,
              "Actual Rows": 1,
              "Actual Loops": 4,
              "Plans": [
                {
                  "Node Type": "Seq Scan",
                  "Parent Relationship": "Outer",
                  "Parallel Aware": true,
                  "Relation Name": "movie_keyword",
                  "Alias": "mk",
                  "Startup Cost": 0.0,
                  "Total Cost": 42695.65,
                  "Plan Rows": 1070120,
                  "Plan Width": 0,
                  "Actual Startup Time": 0.141,
                  "Actual Total Time": 150.04,
                  "Actual Rows": 827488,
                  "Actual Loops": 4,
                  "Filter": "(keyword_id > 1528)",
                  "Rows Removed by Filter": 303495
                }
              ]
            }
          ]
        }
      ]
    },
    "Planning Time": 0.122,
    "Triggers": [],
    "Execution Time": 215.477
  }
]