[
  {
    "Plan": {
      "Node Type": "Aggregate",
      "Strategy": "Plain",
      "Partial Mode": "Finalize",
      "Parallel Aware": false,
      "Startup Cost": 47118.89,
      "Total Cost": 47118.9,
      "Plan Rows": 1,
      "Plan Width": 8,
      "Actual Startup Time": 180.766,
      "Actual Total Time": 190.631,
      "Actual Rows": 1,
      "Actual Loops": 1,
      "Plans": [
        {
          "Node Type": "Gather",
          "Parent Relationship": "Outer",
          "Parallel Aware": false,
          "Startup Cost": 47118.58,
          "Total Cost": 47118.89,
          "Plan Rows": 3,
          "Plan Width": 8,
          "Actual Startup Time": 180.657,
          "Actual Total Time": 190.622,
          "Actual Rows": 4,
          "Actual Loops": 1,
          "Workers Planned": 3,
          "Workers Launched": 3,
          "Single Copy": false,
          "Plans": [
            {
              "Node Type": "Aggregate",
              "Strategy": "Plain",
              "Partial Mode": "Partial",
              "Parent Relationship": "Outer",
              "Parallel Aware": false,
              "Startup Cost": 46118.58,
              "Total Cost": 46118.59,
              "Plan Rows": 1,
              "Plan Width": 8,
              "Actual Startup Time": 172.232,
              "Actual Total Time": 172.233,
              "Actual Rows": 1,
              "Actual Loops": 4,
              "Plans": [
                {
                  "Node Type": "Seq Scan",
                  "Parent Relationship": "Outer",
                  "Parallel Aware": true,
                  "Relation Name": "movie_keyword",
                  "Alias": "mk",
                  "Startup Cost": 0.0,
                  "Total Cost": 42695.65,
                  "Plan Rows": 1369169,
                  "Plan Width": 0,
                  "Actual Startup Time": 0.074,
                  "Actual Total Time": 125.097,
                  "Actual Rows": 1057406,
                  "Actual Loops": 4,
                  "Filter": "(keyword_id > 239)",
                  "Rows Removed by Filter": 73576
                }
              ]
            }
          ]
        }
      ]
    },
    "Planning Time": 0.153,
    "Triggers": [],
    "Execution Time": 190.689
  }
]