[
    {
        "Bao": {
            "Bao prediction": "NaN",
            "Bao recommended hint": "(no hint)"
        }
    },
    {
        "Plan": {
            "Node Type": "Aggregate",
            "Strategy": "Plain",
            "Partial Mode": "Finalize",
            "Parallel Aware": false,
            "Startup Cost": 88570.5,
            "Total Cost": 88570.51,
            "Plan Rows": 1,
            "Plan Width": 8,
            "Actual Startup Time": 316.777,
            "Actual Total Time": 329.747,
            "Actual Rows": 1,
            "Actual Loops": 1,
            "Output": [
                "count(*)"
            ],
            "Plans": [
                {
                    "Node Type": "Gather",
                    "Parent Relationship": "Outer",
                    "Parallel Aware": false,
                    "Startup Cost": 88570.18,
                    "Total Cost": 88570.49,
                    "Plan Rows": 3,
                    "Plan Width": 8,
                    "Actual Startup Time": 314.195,
                    "Actual Total Time": 329.736,
                    "Actual Rows": 4,
                    "Actual Loops": 1,
                    "Output": [
                        "(PARTIAL count(*))"
                    ],
                    "Workers Planned": 3,
                    "Workers Launched": 3,
                    "Single Copy": false,
                    "Plans": [
                        {
                            "Node Type": "Aggregate",
                            "Strategy": "Plain",
                            "Partial Mode": "Partial",
                            "Parent Relationship": "Outer",
                            "Parallel Aware": false,
                            "Startup Cost": 87570.18,
                            "Total Cost": 87570.19,
                            "Plan Rows": 1,
                            "Plan Width": 8,
                            "Actual Startup Time": 305.46,
                            "Actual Total Time": 305.463,
                            "Actual Rows": 1,
                            "Actual Loops": 4,
                            "Output": [
                                "PARTIAL count(*)"
                            ],
                            "Workers": [
                                {
                                    "Worker Number": 0,
                                    "Actual Startup Time": 302.464,
                                    "Actual Total Time": 302.467,
                                    "Actual Rows": 1,
                                    "Actual Loops": 1
                                },
                                {
                                    "Worker Number": 1,
                                    "Actual Startup Time": 302.466,
                                    "Actual Total Time": 302.469,
                                    "Actual Rows": 1,
                                    "Actual Loops": 1
                                },
                                {
                                    "Worker Number": 2,
                                    "Actual Startup Time": 303.177,
                                    "Actual Total Time": 303.181,
                                    "Actual Rows": 1,
                                    "Actual Loops": 1
                                }
                            ],
                            "Plans": [
                                {
                                    "Node Type": "Hash Join",
                                    "Parent Relationship": "Outer",
                                    "Parallel Aware": true,
                                    "Join Type": "Inner",
                                    "Startup Cost": 60071.29,
                                    "Total Cost": 87457.16,
                                    "Plan Rows": 45206,
                                    "Plan Width": 0,
                                    "Actual Startup Time": 225.368,
                                    "Actual Total Time": 301.466,
                                    "Actual Rows": 84112,
                                    "Actual Loops": 4,
                                    "Inner Unique": true,
                                    "Hash Cond": "(mk.movie_id = t.id)",
                                    "Workers": [
                                        {
                                            "Worker Number": 0,
                                            "Actual Startup Time": 222.447,
                                            "Actual Total Time": 298.413,
                                            "Actual Rows": 80065,
                                            "Actual Loops": 1
                                        },
                                        {
                                            "Worker Number": 1,
                                            "Actual Startup Time": 222.458,
                                            "Actual Total Time": 298.52,
                                            "Actual Rows": 86374,
                                            "Actual Loops": 1
                                        },
                                        {
                                            "Worker Number": 2,
                                            "Actual Startup Time": 222.85,
                                            "Actual Total Time": 299.438,
                                            "Actual Rows": 73713,
                                            "Actual Loops": 1
                                        }
                                    ],
                                    "Plans": [
                                        {
                                            "Node Type": "Bitmap Heap Scan",
                                            "Parent Relationship": "Outer",
                                            "Parallel Aware": true,
                                            "Relation Name": "movie_keyword",
                                            "Schema": "public",
                                            "Alias": "mk",
                                            "Startup Cost": 12749.51,
                                            "Total Cost": 39626.54,
                                            "Plan Rows": 193843,
                                            "Plan Width": 4,
                                            "Actual Startup Time": 49.711,
                                            "Actual Total Time": 112.463,
                                            "Actual Rows": 151686,
                                            "Actual Loops": 4,
                                            "Output": [
                                                "mk.id",
                                                "mk.movie_id",
                                                "mk.keyword_id"
                                            ],
                                            "Recheck Cond": "(mk.keyword_id < 460)",
                                            "Rows Removed by Index Recheck": 0,
                                            "Exact Heap Blocks": 6685,
                                            "Lossy Heap Blocks": 0,
                                            "Workers": [
                                                {
                                                    "Worker Number": 0,
                                                    "Actual Startup Time": 49.716,
                                                    "Actual Total Time": 114.076,
                                                    "Actual Rows": 136827,
                                                    "Actual Loops": 1
                                                },
                                                {
                                                    "Worker Number": 1,
                                                    "Actual Startup Time": 49.36,
                                                    "Actual Total Time": 113.529,
                                                    "Actual Rows": 180027,
                                                    "Actual Loops": 1
                                                },
                                                {
                                                    "Worker Number": 2,
                                                    "Actual Startup Time": 50.004,
                                                    "Actual Total Time": 115.167,
                                                    "Actual Rows": 125113,
                                                    "Actual Loops": 1
                                                }
                                            ],
                                            "Plans": [
                                                {
                                                    "Node Type": "Bitmap Index Scan",
                                                    "Parent Relationship": "Outer",
                                                    "Parallel Aware": false,
                                                    "Index Name": "keyword_id_movie_keyword",
                                                    "Startup Cost": 0.0,
                                                    "Total Cost": 12599.28,
                                                    "Plan Rows": 600913,
                                                    "Plan Width": 0,
                                                    "Actual Startup Time": 45.823,
                                                    "Actual Total Time": 45.823,
                                                    "Actual Rows": 606746,
                                                    "Actual Loops": 1,
                                                    "Index Cond": "(mk.keyword_id < 460)",
                                                    "Workers": [
                                                        {
                                                            "Worker Number": 1,
                                                            "Actual Startup Time": 45.823,
                                                            "Actual Total Time": 45.823,
                                                            "Actual Rows": 606746,
                                                            "Actual Loops": 1
                                                        }
                                                    ]
                                                }
                                            ]
                                        },
                                        {
                                            "Node Type": "Hash",
                                            "Parent Relationship": "Inner",
                                            "Parallel Aware": true,
                                            "Startup Cost": 45479.21,
                                            "Total Cost": 45479.21,
                                            "Plan Rows": 147406,
                                            "Plan Width": 4,
                                            "Actual Startup Time": 140.514,
                                            "Actual Total Time": 140.515,
                                            "Actual Rows": 148682,
                                            "Actual Loops": 4,
                                            "Output": [
                                                "t.id"
                                            ],
                                            "Hash Buckets": 1048576,
                                            "Original Hash Buckets": 1048576,
                                            "Hash Batches": 1,
                                            "Original Hash Batches": 1,
                                            "Peak Memory Usage": 31520,
                                            "Workers": [
                                                {
                                                    "Worker Number": 0,
                                                    "Actual Startup Time": 141.406,
                                                    "Actual Total Time": 141.407,
                                                    "Actual Rows": 147926,
                                                    "Actual Loops": 1
                                                },
                                                {
                                                    "Worker Number": 1,
                                                    "Actual Startup Time": 141.415,
                                                    "Actual Total Time": 141.416,
                                                    "Actual Rows": 148068,
                                                    "Actual Loops": 1
                                                },
                                                {
                                                    "Worker Number": 2,
                                                    "Actual Startup Time": 141.773,
                                                    "Actual Total Time": 141.774,
                                                    "Actual Rows": 129029,
                                                    "Actual Loops": 1
                                                }
                                            ],
                                            "Plans": [
                                                {
                                                    "Node Type": "Seq Scan",
                                                    "Parent Relationship": "Outer",
                                                    "Parallel Aware": true,
                                                    "Relation Name": "title",
                                                    "Schema": "public",
                                                    "Alias": "t",
                                                    "Startup Cost": 0.0,
                                                    "Total Cost": 45479.21,
                                                    "Plan Rows": 147406,
                                                    "Plan Width": 4,
                                                    "Actual Startup Time": 54.934,
                                                    "Actual Total Time": 94.81,
                                                    "Actual Rows": 148682,
                                                    "Actual Loops": 4,
                                                    "Output": [
                                                        "t.id"
                                                    ],
                                                    "Filter": "((t.kind_id < 2) AND (t.production_year < 2012))",
                                                    "Rows Removed by Filter": 483396,
                                                    "Workers": [
                                                        {
                                                            "Worker Number": 0,
                                                            "Actual Startup Time": 55.08,
                                                            "Actual Total Time": 96.219,
                                                            "Actual Rows": 147926,
                                                            "Actual Loops": 1
                                                        },
                                                        {
                                                            "Worker Number": 1,
                                                            "Actual Startup Time": 54.862,
                                                            "Actual Total Time": 96.31,
                                                            "Actual Rows": 148068,
                                                            "Actual Loops": 1
                                                        },
                                                        {
                                                            "Worker Number": 2,
                                                            "Actual Startup Time": 54.8,
                                                            "Actual Total Time": 93.808,
                                                            "Actual Rows": 129029,
                                                            "Actual Loops": 1
                                                        }
                                                    ]
                                                }
                                            ]
                                        }
                                    ]
                                }
                            ]
                        }
                    ]
                }
            ]
        },
        "Planning Time": 196.113,
        "Triggers": [],
        "Execution Time": 329.844
    }
]