{
    "Plan": {
        "Node Type": "Aggregate",
        "Strategy": "Plain",
        "Partial Mode": "Finalize",
        "Parallel Aware": false,
        "Startup Cost": 62413.05,
        "Total Cost": 62413.06,
        "Plan Rows": 1,
        "Plan Width": 8,
        "Actual Startup Time": 200.362,
        "Actual Total Time": 214.44,
        "Actual Rows": 1,
        "Actual Loops": 1,
        "Output": [
            "count(*)"
        ],
        "Plans": [
            {
                "Node Type": "Gather",
                "Parent Relationship": "Outer",
                "Parallel Aware": false,
                "Startup Cost": 62412.84,
                "Total Cost": 62413.05,
                "Plan Rows": 2,
                "Plan Width": 8,
                "Actual Startup Time": 199.699,
                "Actual Total Time": 214.432,
                "Actual Rows": 3,
                "Actual Loops": 1,
                "Output": [
                    "(PARTIAL count(*))"
                ],
                "Workers Planned": 2,
                "Workers Launched": 2,
                "Single Copy": false,
                "Plans": [
                    {
                        "Node Type": "Aggregate",
                        "Strategy": "Plain",
                        "Partial Mode": "Partial",
                        "Parent Relationship": "Outer",
                        "Parallel Aware": false,
                        "Startup Cost": 61412.84,
                        "Total Cost": 61412.85,
                        "Plan Rows": 1,
                        "Plan Width": 8,
                        "Actual Startup Time": 191.992,
                        "Actual Total Time": 191.996,
                        "Actual Rows": 1,
                        "Actual Loops": 3,
                        "Output": [
                            "PARTIAL count(*)"
                        ],
                        "Workers": [
                            {
                                "Worker Number": 0,
                                "Actual Startup Time": 188.149,
                                "Actual Total Time": 188.153,
                                "Actual Rows": 1,
                                "Actual Loops": 1
                            },
                            {
                                "Worker Number": 1,
                                "Actual Startup Time": 188.728,
                                "Actual Total Time": 188.73,
                                "Actual Rows": 1,
                                "Actual Loops": 1
                            }
                        ],
                        "Plans": [
                            {
                                "Node Type": "Hash Join",
                                "Parent Relationship": "Outer",
                                "Parallel Aware": true,
                                "Join Type": "Inner",
                                "Startup Cost": 45770.75,
                                "Total Cost": 61395.21,
                                "Plan Rows": 7053,
                                "Plan Width": 0,
                                "Actual Startup Time": 155.935,
                                "Actual Total Time": 191.568,
                                "Actual Rows": 9273,
                                "Actual Loops": 3,
                                "Inner Unique": true,
                                "Hash Cond": "(mi_idx.movie_id = t.id)",
                                "Workers": [
                                    {
                                        "Worker Number": 0,
                                        "Actual Startup Time": 152.042,
                                        "Actual Total Time": 187.748,
                                        "Actual Rows": 8403,
                                        "Actual Loops": 1
                                    },
                                    {
                                        "Worker Number": 1,
                                        "Actual Startup Time": 152.694,
                                        "Actual Total Time": 188.309,
                                        "Actual Rows": 8789,
                                        "Actual Loops": 1
                                    }
                                ],
                                "Plans": [
                                    {
                                        "Node Type": "Seq Scan",
                                        "Parent Relationship": "Outer",
                                        "Parallel Aware": true,
                                        "Relation Name": "movie_info_idx",
                                        "Schema": "public",
                                        "Alias": "mi_idx",
                                        "Startup Cost": 0.0,
                                        "Total Cost": 15122.68,
                                        "Plan Rows": 191154,
                                        "Plan Width": 4,
                                        "Actual Startup Time": 0.01,
                                        "Actual Total Time": 36.5,
                                        "Actual Rows": 153308,
                                        "Actual Loops": 3,
                                        "Output": [
                                            "mi_idx.id",
                                            "mi_idx.movie_id",
                                            "mi_idx.info_type_id",
                                            "mi_idx.info",
                                            "mi_idx.note"
                                        ],
                                        "Filter": "(mi_idx.info_type_id < 100)",
                                        "Rows Removed by Filter": 306703,
                                        "Workers": [
                                            {
                                                "Worker Number": 0,
                                                "Actual Startup Time": 0.01,
                                                "Actual Total Time": 35.867,
                                                "Actual Rows": 136831,
                                                "Actual Loops": 1
                                            },
                                            {
                                                "Worker Number": 1,
                                                "Actual Startup Time": 0.014,
                                                "Actual Total Time": 36.62,
                                                "Actual Rows": 148539,
                                                "Actual Loops": 1
                                            }
                                        ]
                                    },
                                    {
                                        "Node Type": "Hash",
                                        "Parent Relationship": "Inner",
                                        "Parallel Aware": true,
                                        "Startup Cost": 45479.21,
                                        "Total Cost": 45479.21,
                                        "Plan Rows": 23323,
                                        "Plan Width": 4,
                                        "Actual Startup Time": 128.444,
                                        "Actual Total Time": 128.445,
                                        "Actual Rows": 39292,
                                        "Actual Loops": 3,
                                        "Output": [
                                            "t.id"
                                        ],
                                        "Hash Buckets": 131072,
                                        "Original Hash Buckets": 131072,
                                        "Hash Batches": 1,
                                        "Original Hash Batches": 1,
                                        "Peak Memory Usage": 5696,
                                        "Workers": [
                                            {
                                                "Worker Number": 0,
                                                "Actual Startup Time": 125.888,
                                                "Actual Total Time": 125.889,
                                                "Actual Rows": 35478,
                                                "Actual Loops": 1
                                            },
                                            {
                                                "Worker Number": 1,
                                                "Actual Startup Time": 126.526,
                                                "Actual Total Time": 126.527,
                                                "Actual Rows": 37762,
                                                "Actual Loops": 1
                                            }
                                        ],
                                        "Plans": [
                                            {
                                                "Node Type": "Seq Scan",
                                                "Parent Relationship": "Outer",
                                                "Parallel Aware": true,
                                                "Relation Name": "title",
                                                "Schema": "public",
                                                "Alias": "t",
                                                "Startup Cost": 0.0,
                                                "Total Cost": 45479.21,
                                                "Plan Rows": 23323,
                                                "Plan Width": 4,
                                                "Actual Startup Time": 72.11,
                                                "Actual Total Time": 116.967,
                                                "Actual Rows": 39292,
                                                "Actual Loops": 3,
                                                "Output": [
                                                    "t.id"
                                                ],
                                                "Filter": "((t.production_year > 1975) AND (t.kind_id = 4))",
                                                "Rows Removed by Filter": 803479,
                                                "Workers": [
                                                    {
                                                        "Worker Number": 0,
                                                        "Actual Startup Time": 69.958,
                                                        "Actual Total Time": 114.487,
                                                        "Actual Rows": 35478,
                                                        "Actual Loops": 1
                                                    },
                                                    {
                                                        "Worker Number": 1,
                                                        "Actual Startup Time": 69.998,
                                                        "Actual Total Time": 115.777,
                                                        "Actual Rows": 37762,
                                                        "Actual Loops": 1
                                                    }
                                                ]
                                            }
                                        ]
                                    }
                                ]
                            }
                        ]
                    }
                ]
            }
        ]
    },
    "Planning Time": 0.726,
    "Triggers": [],
    "Execution Time": 214.51
}