[
  {
    "Bao": {
      "Bao prediction": 877.342,
      "Bao recommended hint": "SET enable_nestloop TO off; "
    }
  },
  {
    "Plan": {
      "Node Type": "Aggregate",
      "Strategy": "Plain",
      "Partial Mode": "Finalize",
      "Parallel Aware": false,
      "Startup Cost": 81394.1,
      "Total Cost": 81394.11,
      "Plan Rows": 1,
      "Plan Width": 68,
      "Actual Startup Time": 148.37,
      "Actual Total Time": 157.863,
      "Actual Rows": 1,
      "Actual Loops": 1,
      "Plans": [
        {
          "Node Type": "Gather",
          "Parent Relationship": "Outer",
          "Parallel Aware": false,
          "Startup Cost": 81393.77,
          "Total Cost": 81394.08,
          "Plan Rows": 3,
          "Plan Width": 68,
          "Actual Startup Time": 147.771,
          "Actual Total Time": 157.852,
          "Actual Rows": 4,
          "Actual Loops": 1,
          "Workers Planned": 3,
          "Workers Launched": 3,
          "Single Copy": false,
          "Plans": [
            {
              "Node Type": "Aggregate",
              "Strategy": "Plain",
              "Partial Mode": "Partial",
              "Parent Relationship": "Outer",
              "Parallel Aware": false,
              "Startup Cost": 80393.77,
              "Total Cost": 80393.78,
              "Plan Rows": 1,
              "Plan Width": 68,
              "Actual Startup Time": 134.602,
              "Actual Total Time": 134.611,
              "Actual Rows": 1,
              "Actual Loops": 4,
              "Plans": [
                {
                  "Node Type": "Hash Join",
                  "Parent Relationship": "Outer",
                  "Parallel Aware": false,
                  "Join Type": "Inner",
                  "Startup Cost": 48967.58,
                  "Total Cost": 80393.76,
                  "Plan Rows": 1,
                  "Plan Width": 45,
                  "Actual Startup Time": 134.596,
                  "Actual Total Time": 134.605,
                  "Actual Rows": 0,
                  "Actual Loops": 4,
                  "Inner Unique": true,
                  "Hash Cond": "(mc.company_type_id = ct.id)",
                  "Plans": [
                    {
                      "Node Type": "Hash Join",
                      "Parent Relationship": "Outer",
                      "Parallel Aware": true,
                      "Join Type": "Inner",
                      "Startup Cost": 48966.52,
                      "Total Cost": 80392.69,
                      "Plan Rows": 1,
                      "Plan Width": 49,
                      "Actual Startup Time": 134.165,
                      "Actual Total Time": 134.173,
                      "Actual Rows": 0,
                      "Actual Loops": 4,
                      "Inner Unique": false,
                      "Hash Cond": "(mc.movie_id = t.id)",
                      "Plans": [
                        {
                          "Node Type": "Seq Scan",
                          "Parent Relationship": "Outer",
                          "Parallel Aware": true,
                          "Relation Name": "movie_companies",
                          "Alias": "mc",
                          "Startup Cost": 0.0,
                          "Total Cost": 31414.82,
                          "Plan Rows": 3026,
                          "Plan Width": 32,
                          "Actual Startup Time": 0.0,
                          "Actual Total Time": 0.0,
                          "Actual Rows": 0,
                          "Actual Loops": 0,
                          "Filter": "((note !~~ '%(as Metro-Goldwyn-Mayer Pictures)%'::text) AND (note ~~ '%(co-production)%'::text))",
                          "Rows Removed by Filter": 0
                        },
                        {
                          "Node Type": "Hash",
                          "Parent Relationship": "Inner",
                          "Parallel Aware": true,
                          "Startup Cost": 48965.96,
                          "Total Cost": 48965.96,
                          "Plan Rows": 45,
                          "Plan Width": 29,
                          "Actual Startup Time": 133.261,
                          "Actual Total Time": 133.266,
                          "Actual Rows": 0,
                          "Actual Loops": 4,
                          "Hash Buckets": 1024,
                          "Original Hash Buckets": 1024,
                          "Hash Batches": 1,
                          "Original Hash Batches": 1,
                          "Peak Memory Usage": 0,
                          "Plans": [
                            {
                              "Node Type": "Hash Join",
                              "Parent Relationship": "Outer",
                              "Parallel Aware": false,
                              "Join Type": "Inner",
                              "Startup Cost": 33757.38,
                              "Total Cost": 48965.96,
                              "Plan Rows": 45,
                              "Plan Width": 29,
                              "Actual Startup Time": 133.135,
                              "Actual Total Time": 133.14,
                              "Actual Rows": 0,
                              "Actual Loops": 4,
                              "Inner Unique": true,
                              "Hash Cond": "(mi_idx.info_type_id = it.id)",
                              "Plans": [
                                {
                                  "Node Type": "Hash Join",
                                  "Parent Relationship": "Outer",
                                  "Parallel Aware": true,
                                  "Join Type": "Inner",
                                  "Startup Cost": 33754.95,
                                  "Total Cost": 48949.51,
                                  "Plan Rows": 5145,
                                  "Plan Width": 33,
                                  "Actual Startup Time": 86.549,
                                  "Actual Total Time": 132.779,
                                  "Actual Rows": 2294,
                                  "Actual Loops": 4,
                                  "Inner Unique": true,
                                  "Hash Cond": "(mi_idx.movie_id = t.id)",
                                  "Plans": [
                                    {
                                      "Node Type": "Seq Scan",
                                      "Parent Relationship": "Outer",
                                      "Parallel Aware": true,
                                      "Relation Name": "movie_info_idx",
                                      "Alias": "mi_idx",
                                      "Startup Cost": 0.0,
                                      "Total Cost": 13685.15,
                                      "Plan Rows": 575015,
                                      "Plan Width": 8,
                                      "Actual Startup Time": 0.046,
                                      "Actual Total Time": 39.077,
                                      "Actual Rows": 345009,
                                      "Actual Loops": 4
                                    },
                                    {
                                      "Node Type": "Hash",
                                      "Parent Relationship": "Inner",
                                      "Parallel Aware": true,
                                      "Startup Cost": 33663.74,
                                      "Total Cost": 33663.74,
                                      "Plan Rows": 7297,
                                      "Plan Width": 25,
                                      "Actual Startup Time": 55.449,
                                      "Actual Total Time": 55.45,
                                      "Actual Rows": 6127,
                                      "Actual Loops": 4,
                                      "Hash Buckets": 32768,
                                      "Original Hash Buckets": 32768,
                                      "Hash Batches": 1,
                                      "Original Hash Batches": 1,
                                      "Peak Memory Usage": 2048,
                                      "Plans": [
                                        {
                                          "Node Type": "Bitmap Heap Scan",
                                          "Parent Relationship": "Outer",
                                          "Parallel Aware": true,
                                          "Relation Name": "title",
                                          "Alias": "t",
                                          "Startup Cost": 427.75,
                                          "Total Cost": 33663.74,
                                          "Plan Rows": 7297,
                                          "Plan Width": 25,
                                          "Actual Startup Time": 6.805,
                                          "Actual Total Time": 49.601,
                                          "Actual Rows": 6127,
                                          "Actual Loops": 4,
                                          "Recheck Cond": "(production_year < 1910)",
                                          "Rows Removed by Index Recheck": 0,
                                          "Exact Heap Blocks": 3269,
                                          "Lossy Heap Blocks": 0,
                                          "Plans": [
                                            {
                                              "Node Type": "Bitmap Index Scan",
                                              "Parent Relationship": "Outer",
                                              "Parallel Aware": false,
                                              "Index Name": "idx_title_production_year",
                                              "Startup Cost": 0.0,
                                              "Total Cost": 422.09,
                                              "Plan Rows": 22622,
                                              "Plan Width": 0,
                                              "Actual Startup Time": 10.612,
                                              "Actual Total Time": 10.612,
                                              "Actual Rows": 24508,
                                              "Actual Loops": 1,
                                              "Index Cond": "(production_year < 1910)"
                                            }
                                          ]
                                        }
                                      ]
                                    }
                                  ]
                                },
                                {
                                  "Node Type": "Hash",
                                  "Parent Relationship": "Inner",
                                  "Parallel Aware": false,
                                  "Startup Cost": 2.41,
                                  "Total Cost": 2.41,
                                  "Plan Rows": 1,
                                  "Plan Width": 4,
                                  "Actual Startup Time": 0.068,
                                  "Actual Total Time": 0.069,
                                  "Actual Rows": 1,
                                  "Actual Loops": 4,
                                  "Hash Buckets": 1024,
                                  "Original Hash Buckets": 1024,
                                  "Hash Batches": 1,
                                  "Original Hash Batches": 1,
                                  "Peak Memory Usage": 9,
                                  "Plans": [
                                    {
                                      "Node Type": "Seq Scan",
                                      "Parent Relationship": "Outer",
                                      "Parallel Aware": false,
                                      "Relation Name": "info_type",
                                      "Alias": "it",
                                      "Startup Cost": 0.0,
                                      "Total Cost": 2.41,
                                      "Plan Rows": 1,
                                      "Plan Width": 4,
                                      "Actual Startup Time": 0.047,
                                      "Actual Total Time": 0.05,
                                      "Actual Rows": 1,
                                      "Actual Loops": 4,
                                      "Filter": "((info)::text = 'top 250 rank'::text)",
                                      "Rows Removed by Filter": 112
                                    }
                                  ]
                                }
                              ]
                            }
                          ]
                        }
                      ]
                    },
                    {
                      "Node Type": "Hash",
                      "Parent Relationship": "Inner",
                      "Parallel Aware": false,
                      "Startup Cost": 1.05,
                      "Total Cost": 1.05,
                      "Plan Rows": 1,
                      "Plan Width": 4,
                      "Actual Startup Time": 0.09,
                      "Actual Total Time": 0.091,
                      "Actual Rows": 1,
                      "Actual Loops": 4,
                      "Hash Buckets": 1024,
                      "Original Hash Buckets": 1024,
                      "Hash Batches": 1,
                      "Original Hash Batches": 1,
                      "Peak Memory Usage": 9,
                      "Plans": [
                        {
                          "Node Type": "Seq Scan",
                          "Parent Relationship": "Outer",
                          "Parallel Aware": false,
                          "Relation Name": "company_type",
                          "Alias": "ct",
                          "Startup Cost": 0.0,
                          "Total Cost": 1.05,
                          "Plan Rows": 1,
                          "Plan Width": 4,
                          "Actual Startup Time": 0.064,
                          "Actual Total Time": 0.067,
                          "Actual Rows": 1,
                          "Actual Loops": 4,
                          "Filter": "((kind)::text = 'production companies'::text)",
                          "Rows Removed by Filter": 3
                        }
                      ]
                    }
                  ]
                }
              ]
            }
          ]
        }
      ]
    },
    "Planning Time": 411.913,
    "Triggers": [],
    "Execution Time": 158.675
  }
]