{
  "Plan": {
    "Node Type": "Aggregate",
    "Strategy": "Plain",
    "Partial Mode": "Finalize",
    "Parallel Aware": false,
    "Startup Cost": 157720.59,
    "Total Cost": 157720.6,
    "Plan Rows": 1,
    "Plan Width": 8,
    "Actual Startup Time": 839.188,
    "Actual Total Time": 851.102,
    "Actual Rows": 1,
    "Actual Loops": 1,
    "Plans": [
      {
        "Node Type": "Gather",
        "Parent Relationship": "Outer",
        "Parallel Aware": false,
        "Startup Cost": 157720.48,
        "Total Cost": 157720.59,
        "Plan Rows": 1,
        "Plan Width": 8,
        "Actual Startup Time": 829.338,
        "Actual Total Time": 851.093,
        "Actual Rows": 2,
        "Actual Loops": 1,
        "Workers Planned": 1,
        "Workers Launched": 1,
        "Single Copy": false,
        "Plans": [
          {
            "Node Type": "Aggregate",
            "Strategy": "Plain",
            "Partial Mode": "Partial",
            "Parent Relationship": "Outer",
            "Parallel Aware": false,
            "Startup Cost": 156720.48,
            "Total Cost": 156720.49,
            "Plan Rows": 1,
            "Plan Width": 8,
            "Actual Startup Time": 825.602,
            "Actual Total Time": 825.61,
            "Actual Rows": 1,
            "Actual Loops": 2,
            "Plans": [
              {
                "Node Type": "Merge Join",
                "Parent Relationship": "Outer",
                "Parallel Aware": false,
                "Join Type": "Inner",
                "Startup Cost": 154098.39,
                "Total Cost": 156667.09,
                "Plan Rows": 21356,
                "Plan Width": 0,
                "Actual Startup Time": 717.962,
                "Actual Total Time": 816.106,
                "Actual Rows": 230985,
                "Actual Loops": 2,
                "Inner Unique": false,
                "Merge Cond": "(t.id = mc.movie_id)",
                "Plans": [
                  {
                    "Node Type": "Sort",
                    "Parent Relationship": "Outer",
                    "Parallel Aware": false,
                    "Startup Cost": 103902.53,
                    "Total Cost": 104589.77,
                    "Plan Rows": 274898,
                    "Plan Width": 8,
                    "Actual Startup Time": 562.908,
                    "Actual Total Time": 578.671,
                    "Actual Rows": 427048,
                    "Actual Loops": 2,
                    "Sort Key": [
                      "mi_idx.movie_id"
                    ],
                    "Sort Method": "quicksort",
                    "Sort Space Used": 32285,
                    "Sort Space Type": "Memory",
                    "Workers": [
                      {
                        "Worker Number": 0,
                        "Sort Method": "quicksort",
                        "Sort Space Used": 32328,
                        "Sort Space Type": "Memory"
                      }
                    ],
                    "Plans": [
                      {
                        "Node Type": "Hash Join",
                        "Parent Relationship": "Outer",
                        "Parallel Aware": true,
                        "Join Type": "Inner",
                        "Startup Cost": 60883.71,
                        "Total Cost": 79067.5,
                        "Plan Rows": 274898,
                        "Plan Width": 8,
                        "Actual Startup Time": 281.221,
                        "Actual Total Time": 476.459,
                        "Actual Rows": 427052,
                        "Actual Loops": 2,
                        "Inner Unique": true,
                        "Hash Cond": "(mi_idx.movie_id = t.id)",
                        "Plans": [
                          {
                            "Node Type": "Seq Scan",
                            "Parent Relationship": "Outer",
                            "Parallel Aware": true,
                            "Relation Name": "movie_info_idx",
                            "Alias": "mi_idx",
                            "Startup Cost": 0.0,
                            "Total Cost": 16052.85,
                            "Plan Rows": 811785,
                            "Plan Width": 4,
                            "Actual Startup Time": 0.018,
                            "Actual Total Time": 50.488,
                            "Actual Rows": 690018,
                            "Actual Loops": 2
                          },
                          {
                            "Node Type": "Hash",
                            "Parent Relationship": "Inner",
                            "Parallel Aware": true,
                            "Startup Cost": 54588.39,
                            "Total Cost": 54588.39,
                            "Plan Rows": 503626,
                            "Plan Width": 4,
                            "Actual Startup Time": 272.093,
                            "Actual Total Time": 272.095,
                            "Actual Rows": 427107,
                            "Actual Loops": 2,
                            "Hash Buckets": 1048576,
                            "Original Hash Buckets": 1048576,
                            "Hash Batches": 1,
                            "Original Hash Batches": 1,
                            "Peak Memory Usage": 41632,
                            "Plans": [
                              {
                                "Node Type": "Seq Scan",
                                "Parent Relationship": "Outer",
                                "Parallel Aware": true,
                                "Relation Name": "title",
                                "Alias": "t",
                                "Startup Cost": 0.0,
                                "Total Cost": 54588.39,
                                "Plan Rows": 503626,
                                "Plan Width": 4,
                                "Actual Startup Time": 0.038,
                                "Actual Total Time": 148.809,
                                "Actual Rows": 427107,
                                "Actual Loops": 2,
                                "Filter": "(kind_id < 4)",
                                "Rows Removed by Filter": 837049
                              }
                            ]
                          }
                        ]
                      }
                    ]
                  },
                  {
                    "Node Type": "Sort",
                    "Parent Relationship": "Inner",
                    "Parallel Aware": false,
                    "Startup Cost": 50195.83,
                    "Total Cost": 50686.87,
                    "Plan Rows": 196414,
                    "Plan Width": 4,
                    "Actual Startup Time": 153.826,
                    "Actual Total Time": 173.193,
                    "Actual Rows": 547000,
                    "Actual Loops": 2,
                    "Sort Key": [
                      "mc.movie_id"
                    ],
                    "Sort Method": "quicksort",
                    "Sort Space Used": 30743,
                    "Sort Space Type": "Memory",
                    "Workers": [
                      {
                        "Worker Number": 0,
                        "Sort Method": "quicksort",
                        "Sort Space Used": 30743,
                        "Sort Space Type": "Memory"
                      }
                    ],
                    "Plans": [
                      {
                        "Node Type": "Bitmap Heap Scan",
                        "Parent Relationship": "Outer",
                        "Parallel Aware": false,
                        "Relation Name": "movie_companies",
                        "Alias": "mc",
                        "Startup Cost": 8334.88,
                        "Total Cost": 32927.57,
                        "Plan Rows": 196414,
                        "Plan Width": 4,
                        "Actual Startup Time": 17.628,
                        "Actual Total Time": 77.384,
                        "Actual Rows": 393702,
                        "Actual Loops": 2,
                        "Recheck Cond": "(company_id > 82942)",
                        "Rows Removed by Index Recheck": 0,
                        "Filter": "(company_type_id > 1)",
                        "Rows Removed by Filter": 0,
                        "Exact Heap Blocks": 6097,
                        "Lossy Heap Blocks": 0,
                        "Plans": [
                          {
                            "Node Type": "Bitmap Index Scan",
                            "Parent Relationship": "Outer",
                            "Parallel Aware": false,
                            "Index Name": "company_id_movie_companies",
                            "Startup Cost": 0.0,
                            "Total Cost": 8285.77,
                            "Plan Rows": 386846,
                            "Plan Width": 0,
                            "Actual Startup Time": 16.95,
                            "Actual Total Time": 16.95,
                            "Actual Rows": 393702,
                            "Actual Loops": 2,
                            "Index Cond": "(company_id > 82942)"
                          }
                        ]
                      }
                    ]
                  }
                ]
              }
            ]
          }
        ]
      }
    ]
  },
  "Planning Time": 1.033,
  "Triggers": [],
  "Execution Time": 854.08
}