[
  {
    "Plan": {
      "Node Type": "Aggregate",
      "Strategy": "Plain",
      "Partial Mode": "Finalize",
      "Parallel Aware": false,
      "Startup Cost": 238416.29,
      "Total Cost": 238416.3,
      "Plan Rows": 1,
      "Plan Width": 8,
      "Actual Startup Time": 1243.969,
      "Actual Total Time": 1298.884,
      "Actual Rows": 1,
      "Actual Loops": 1,
      "Plans": [
        {
          "Node Type": "Gather",
          "Parent Relationship": "Outer",
          "Parallel Aware": false,
          "Startup Cost": 238415.97,
          "Total Cost": 238416.28,
          "Plan Rows": 3,
          "Plan Width": 8,
          "Actual Startup Time": 1235.858,
          "Actual Total Time": 1298.873,
          "Actual Rows": 4,
          "Actual Loops": 1,
          "Workers Planned": 3,
          "Workers Launched": 3,
          "Single Copy": false,
          "Plans": [
            {
              "Node Type": "Aggregate",
              "Strategy": "Plain",
              "Partial Mode": "Partial",
              "Parent Relationship": "Outer",
              "Parallel Aware": false,
              "Startup Cost": 237415.97,
              "Total Cost": 237415.98,
              "Plan Rows": 1,
              "Plan Width": 8,
              "Actual Startup Time": 1216.675,
              "Actual Total Time": 1216.679,
              "Actual Rows": 1,
              "Actual Loops": 4,
              "Plans": [
                {
                  "Node Type": "Nested Loop",
                  "Parent Relationship": "Outer",
                  "Parallel Aware": false,
                  "Join Type": "Inner",
                  "Startup Cost": 55874.68,
                  "Total Cost": 236180.88,
                  "Plan Rows": 494036,
                  "Plan Width": 0,
                  "Actual Startup Time": 366.065,
                  "Actual Total Time": 1160.157,
                  "Actual Rows": 1150408,
                  "Actual Loops": 4,
                  "Inner Unique": false,
                  "Plans": [
                    {
                      "Node Type": "Hash Join",
                      "Parent Relationship": "Outer",
                      "Parallel Aware": true,
                      "Join Type": "Inner",
                      "Startup Cost": 55874.25,
                      "Total Cost": 75936.84,
                      "Plan Rows": 84139,
                      "Plan Width": 8,
                      "Actual Startup Time": 365.918,
                      "Actual Total Time": 444.128,
                      "Actual Rows": 63843,
                      "Actual Loops": 4,
                      "Inner Unique": true,
                      "Hash Cond": "(mc.movie_id = t.id)",
                      "Plans": [
                        {
                          "Node Type": "Bitmap Heap Scan",
                          "Parent Relationship": "Outer",
                          "Parallel Aware": true,
                          "Relation Name": "movie_companies",
                          "Alias": "mc",
                          "Startup Cost": 5653.86,
                          "Total Cost": 25495.6,
                          "Plan Rows": 84139,
                          "Plan Width": 4,
                          "Actual Startup Time": 12.046,
                          "Actual Total Time": 40.722,
                          "Actual Rows": 63843,
                          "Actual Loops": 4,
                          "Recheck Cond": "(company_id < 123)",
                          "Rows Removed by Index Recheck": 0,
                          "Exact Heap Blocks": 5555,
                          "Lossy Heap Blocks": 0,
                          "Plans": [
                            {
                              "Node Type": "Bitmap Index Scan",
                              "Parent Relationship": "Outer",
                              "Parallel Aware": false,
                              "Index Name": "company_id_movie_companies",
                              "Startup Cost": 0.0,
                              "Total Cost": 5588.66,
                              "Plan Rows": 260830,
                              "Plan Width": 0,
                              "Actual Startup Time": 9.548,
                              "Actual Total Time": 9.548,
                              "Actual Rows": 255371,
                              "Actual Loops": 1,
                              "Index Cond": "(company_id < 123)"
                            }
                          ]
                        },
                        {
                          "Node Type": "Hash",
                          "Parent Relationship": "Inner",
                          "Parallel Aware": true,
                          "Startup Cost": 42319.06,
                          "Total Cost": 42319.06,
                          "Plan Rows": 632106,
                          "Plan Width": 4,
                          "Actual Startup Time": 342.176,
                          "Actual Total Time": 342.176,
                          "Actual Rows": 632078,
                          "Actual Loops": 4,
                          "Hash Buckets": 4194304,
                          "Original Hash Buckets": 4194304,
                          "Hash Batches": 1,
                          "Original Hash Batches": 1,
                          "Peak Memory Usage": 131744,
                          "Plans": [
                            {
                              "Node Type": "Seq Scan",
                              "Parent Relationship": "Outer",
                              "Parallel Aware": true,
                              "Relation Name": "title",
                              "Alias": "t",
                              "Startup Cost": 0.0,
                              "Total Cost": 42319.06,
                              "Plan Rows": 632106,
                              "Plan Width": 4,
                              "Actual Startup Time": 0.043,
                              "Actual Total Time": 101.782,
                              "Actual Rows": 632078,
                              "Actual Loops": 4
                            }
                          ]
                        }
                      ]
                    },
                    {
                      "Node Type": "Index Only Scan",
                      "Parent Relationship": "Inner",
                      "Parallel Aware": false,
                      "Scan Direction": "Forward",
                      "Index Name": "movie_id_movie_info",
                      "Relation Name": "movie_info",
                      "Alias": "mi",
                      "Startup Cost": 0.43,
                      "Total Cost": 1.49,
                      "Plan Rows": 41,
                      "Plan Width": 4,
                      "Actual Startup Time": 0.003,
                      "Actual Total Time": 0.01,
                      "Actual Rows": 18,
                      "Actual Loops": 255371,
                      "Index Cond": "(movie_id = t.id)",
                      "Rows Removed by Index Recheck": 0,
                      "Heap Fetches": 4601631
                    }
                  ]
                }
              ]
            }
          ]
        }
      ]
    },
    "Planning Time": 1.493,
    "Triggers": [],
    "Execution Time": 1298.998
  }
]