[
  {
    "Plan": {
      "Node Type": "Aggregate",
      "Strategy": "Plain",
      "Partial Mode": "Finalize",
      "Parallel Aware": false,
      "Startup Cost": 198552.13,
      "Total Cost": 198552.14,
      "Plan Rows": 1,
      "Plan Width": 8,
      "Actual Startup Time": 1121.849,
      "Actual Total Time": 1179.671,
      "Actual Rows": 1,
      "Actual Loops": 1,
      "Plans": [
        {
          "Node Type": "Gather",
          "Parent Relationship": "Outer",
          "Parallel Aware": false,
          "Startup Cost": 198551.71,
          "Total Cost": 198552.12,
          "Plan Rows": 4,
          "Plan Width": 8,
          "Actual Startup Time": 1120.42,
          "Actual Total Time": 1179.658,
          "Actual Rows": 5,
          "Actual Loops": 1,
          "Workers Planned": 4,
          "Workers Launched": 4,
          "Single Copy": false,
          "Plans": [
            {
              "Node Type": "Aggregate",
              "Strategy": "Plain",
              "Partial Mode": "Partial",
              "Parent Relationship": "Outer",
              "Parallel Aware": false,
              "Startup Cost": 197551.71,
              "Total Cost": 197551.72,
              "Plan Rows": 1,
              "Plan Width": 8,
              "Actual Startup Time": 1107.696,
              "Actual Total Time": 1107.7,
              "Actual Rows": 1,
              "Actual Loops": 5,
              "Plans": [
                {
                  "Node Type": "Nested Loop",
                  "Parent Relationship": "Outer",
                  "Parallel Aware": false,
                  "Join Type": "Inner",
                  "Startup Cost": 26454.17,
                  "Total Cost": 196609.96,
                  "Plan Rows": 376703,
                  "Plan Width": 0,
                  "Actual Startup Time": 103.714,
                  "Actual Total Time": 1059.1,
                  "Actual Rows": 920326,
                  "Actual Loops": 5,
                  "Inner Unique": false,
                  "Plans": [
                    {
                      "Node Type": "Hash Join",
                      "Parent Relationship": "Outer",
                      "Parallel Aware": true,
                      "Join Type": "Inner",
                      "Startup Cost": 26453.73,
                      "Total Cost": 72140.65,
                      "Plan Rows": 64424,
                      "Plan Width": 8,
                      "Actual Startup Time": 103.628,
                      "Actual Total Time": 330.078,
                      "Actual Rows": 51074,
                      "Actual Loops": 5,
                      "Inner Unique": false,
                      "Hash Cond": "(t.id = mc.movie_id)",
                      "Plans": [
                        {
                          "Node Type": "Seq Scan",
                          "Parent Relationship": "Outer",
                          "Parallel Aware": true,
                          "Relation Name": "title",
                          "Alias": "t",
                          "Startup Cost": 0.0,
                          "Total Cost": 42318.73,
                          "Plan Rows": 632073,
                          "Plan Width": 4,
                          "Actual Startup Time": 0.011,
                          "Actual Total Time": 69.612,
                          "Actual Rows": 505662,
                          "Actual Loops": 5
                        },
                        {
                          "Node Type": "Hash",
                          "Parent Relationship": "Inner",
                          "Parallel Aware": true,
                          "Startup Cost": 25414.65,
                          "Total Cost": 25414.65,
                          "Plan Rows": 83127,
                          "Plan Width": 4,
                          "Actual Startup Time": 101.605,
                          "Actual Total Time": 101.606,
                          "Actual Rows": 51074,
                          "Actual Loops": 5,
                          "Hash Buckets": 262144,
                          "Original Hash Buckets": 262144,
                          "Hash Batches": 1,
                          "Original Hash Batches": 1,
                          "Peak Memory Usage": 12096,
                          "Plans": [
                            {
                              "Node Type": "Bitmap Heap Scan",
                              "Parent Relationship": "Outer",
                              "Parallel Aware": true,
                              "Relation Name": "movie_companies",
                              "Alias": "mc",
                              "Startup Cost": 5585.56,
                              "Total Cost": 25414.65,
                              "Plan Rows": 83127,
                              "Plan Width": 4,
                              "Actual Startup Time": 26.972,
                              "Actual Total Time": 76.438,
                              "Actual Rows": 51074,
                              "Actual Loops": 5,
                              "Recheck Cond": "(company_id < 123)",
                              "Rows Removed by Index Recheck": 0,
                              "Exact Heap Blocks": 6138,
                              "Lossy Heap Blocks": 0,
                              "Plans": [
                                {
                                  "Node Type": "Bitmap Index Scan",
                                  "Parent Relationship": "Outer",
                                  "Parallel Aware": false,
                                  "Index Name": "company_id_movie_companies",
                                  "Startup Cost": 0.0,
                                  "Total Cost": 5521.14,
                                  "Plan Rows": 257694,
                                  "Plan Width": 0,
                                  "Actual Startup Time": 28.569,
                                  "Actual Total Time": 28.569,
                                  "Actual Rows": 255371,
                                  "Actual Loops": 1,
                                  "Index Cond": "(company_id < 123)"
                                }
                              ]
                            }
                          ]
                        }
                      ]
                    },
                    {
                      "Node Type": "Index Only Scan",
                      "Parent Relationship": "Inner",
                      "Parallel Aware": false,
                      "Scan Direction": "Forward",
                      "Index Name": "movie_id_movie_info",
                      "Relation Name": "movie_info",
                      "Alias": "mi",
                      "Startup Cost": 0.43,
                      "Total Cost": 1.51,
                      "Plan Rows": 42,
                      "Plan Width": 4,
                      "Actual Startup Time": 0.004,
                      "Actual Total Time": 0.013,
                      "Actual Rows": 18,
                      "Actual Loops": 255371,
                      "Index Cond": "(movie_id = t.id)",
                      "Rows Removed by Index Recheck": 0,
                      "Heap Fetches": 4601631
                    }
                  ]
                }
              ]
            }
          ]
        }
      ]
    },
    "Planning Time": 1.452,
    "Triggers": [],
    "Execution Time": 1179.805
  }
]