[
  {
    "Plan": {
      "Node Type": "Aggregate",
      "Strategy": "Plain",
      "Partial Mode": "Finalize",
      "Parallel Aware": false,
      "Startup Cost": 26836.12,
      "Total Cost": 26836.13,
      "Plan Rows": 1,
      "Plan Width": 8,
      "Actual Startup Time": 87.322,
      "Actual Total Time": 93.927,
      "Actual Rows": 1,
      "Actual Loops": 1,
      "Plans": [
        {
          "Node Type": "Gather",
          "Parent Relationship": "Outer",
          "Parallel Aware": false,
          "Startup Cost": 26835.8,
          "Total Cost": 26836.11,
          "Plan Rows": 3,
          "Plan Width": 8,
          "Actual Startup Time": 86.959,
          "Actual Total Time": 93.918,
          "Actual Rows": 4,
          "Actual Loops": 1,
          "Workers Planned": 3,
          "Workers Launched": 3,
          "Single Copy": false,
          "Plans": [
            {
              "Node Type": "Aggregate",
              "Strategy": "Plain",
              "Partial Mode": "Partial",
              "Parent Relationship": "Outer",
              "Parallel Aware": false,
              "Startup Cost": 25835.8,
              "Total Cost": 25835.81,
              "Plan Rows": 1,
              "Plan Width": 8,
              "Actual Startup Time": 77.985,
              "Actual Total Time": 77.988,
              "Actual Rows": 1,
              "Actual Loops": 4,
              "Plans": [
                {
                  "Node Type": "Bitmap Heap Scan",
                  "Parent Relationship": "Outer",
                  "Parallel Aware": true,
                  "Relation Name": "movie_companies",
                  "Alias": "mc",
                  "Startup Cost": 5759.95,
                  "Total Cost": 25621.49,
                  "Plan Rows": 85724,
                  "Plan Width": 0,
                  "Actual Startup Time": 26.541,
                  "Actual Total Time": 73.065,
                  "Actual Rows": 65708,
                  "Actual Loops": 4,
                  "Recheck Cond": "(company_id < 137)",
                  "Rows Removed by Index Recheck": 0,
                  "Exact Heap Blocks": 10335,
                  "Lossy Heap Blocks": 0,
                  "Plans": [
                    {
                      "Node Type": "Bitmap Index Scan",
                      "Parent Relationship": "Outer",
                      "Parallel Aware": false,
                      "Index Name": "company_id_movie_companies",
                      "Startup Cost": 0.0,
                      "Total Cost": 5693.51,
                      "Plan Rows": 265744,
                      "Plan Width": 0,
                      "Actual Startup Time": 30.691,
                      "Actual Total Time": 30.691,
                      "Actual Rows": 262833,
                      "Actual Loops": 1,
                      "Index Cond": "(company_id < 137)"
                    }
                  ]
                }
              ]
            }
          ]
        }
      ]
    },
    "Planning Time": 0.197,
    "Triggers": [],
    "Execution Time": 94.001
  }
]