[
  {
    "Plan": {
      "Node Type": "Aggregate",
      "Strategy": "Plain",
      "Partial Mode": "Finalize",
      "Parallel Aware": false,
      "Startup Cost": 46628.01,
      "Total Cost": 46628.02,
      "Plan Rows": 1,
      "Plan Width": 8,
      "Actual Startup Time": 87.861,
      "Actual Total Time": 96.096,
      "Actual Rows": 1,
      "Actual Loops": 1,
      "Plans": [
        {
          "Node Type": "Gather",
          "Parent Relationship": "Outer",
          "Parallel Aware": false,
          "Startup Cost": 46627.59,
          "Total Cost": 46628.0,
          "Plan Rows": 4,
          "Plan Width": 8,
          "Actual Startup Time": 87.686,
          "Actual Total Time": 96.086,
          "Actual Rows": 5,
          "Actual Loops": 1,
          "Workers Planned": 4,
          "Workers Launched": 4,
          "Single Copy": false,
          "Plans": [
            {
              "Node Type": "Aggregate",
              "Strategy": "Plain",
              "Partial Mode": "Partial",
              "Parent Relationship": "Outer",
              "Parallel Aware": false,
              "Startup Cost": 45627.59,
              "Total Cost": 45627.6,
              "Plan Rows": 1,
              "Plan Width": 8,
              "Actual Startup Time": 80.896,
              "Actual Total Time": 80.897,
              "Actual Rows": 1,
              "Actual Loops": 5,
              "Plans": [
                {
                  "Node Type": "Seq Scan",
                  "Parent Relationship": "Outer",
                  "Parallel Aware": true,
                  "Relation Name": "title",
                  "Alias": "t",
                  "Startup Cost": 0.0,
                  "Total Cost": 45479.59,
                  "Plan Rows": 59203,
                  "Plan Width": 0,
                  "Actual Startup Time": 44.672,
                  "Actual Total Time": 77.631,
                  "Actual Rows": 71909,
                  "Actual Loops": 5,
                  "Filter": "((kind_id < 2) AND (production_year < 1998))",
                  "Rows Removed by Filter": 433754
                }
              ]
            }
          ]
        }
      ]
    },
    "Planning Time": 0.19,
    "Triggers": [],
    "Execution Time": 96.166
  }
]