[
  {
    "Plan": {
      "Node Type": "Aggregate",
      "Strategy": "Plain",
      "Partial Mode": "Finalize",
      "Parallel Aware": false,
      "Startup Cost": 62358.99,
      "Total Cost": 62359.0,
      "Plan Rows": 1,
      "Plan Width": 8,
      "Actual Startup Time": 233.315,
      "Actual Total Time": 247.442,
      "Actual Rows": 1,
      "Actual Loops": 1,
      "Plans": [
        {
          "Node Type": "Gather",
          "Parent Relationship": "Outer",
          "Parallel Aware": false,
          "Startup Cost": 62358.77,
          "Total Cost": 62358.98,
          "Plan Rows": 2,
          "Plan Width": 8,
          "Actual Startup Time": 232.25,
          "Actual Total Time": 247.429,
          "Actual Rows": 3,
          "Actual Loops": 1,
          "Workers Planned": 2,
          "Workers Launched": 2,
          "Single Copy": false,
          "Plans": [
            {
              "Node Type": "Aggregate",
              "Strategy": "Plain",
              "Partial Mode": "Partial",
              "Parent Relationship": "Outer",
              "Parallel Aware": false,
              "Startup Cost": 61358.77,
              "Total Cost": 61358.78,
              "Plan Rows": 1,
              "Plan Width": 8,
              "Actual Startup Time": 224.383,
              "Actual Total Time": 224.513,
              "Actual Rows": 1,
              "Actual Loops": 3,
              "Plans": [
                {
                  "Node Type": "Hash Join",
                  "Parent Relationship": "Outer",
                  "Parallel Aware": true,
                  "Join Type": "Inner",
                  "Startup Cost": 45714.07,
                  "Total Cost": 61344.42,
                  "Plan Rows": 5740,
                  "Plan Width": 0,
                  "Actual Startup Time": 152.134,
                  "Actual Total Time": 223.891,
                  "Actual Rows": 11587,
                  "Actual Loops": 3,
                  "Inner Unique": true,
                  "Hash Cond": "(mi_idx.movie_id = t.id)",
                  "Plans": [
                    {
                      "Node Type": "Seq Scan",
                      "Parent Relationship": "Outer",
                      "Parallel Aware": true,
                      "Relation Name": "movie_info_idx",
                      "Alias": "mi_idx",
                      "Startup Cost": 0.0,
                      "Total Cost": 15122.68,
                      "Plan Rows": 193397,
                      "Plan Width": 4,
                      "Actual Startup Time": 0.031,
                      "Actual Total Time": 42.615,
                      "Actual Rows": 153395,
                      "Actual Loops": 3,
                      "Filter": "(info_type_id > 100)",
                      "Rows Removed by Filter": 306617
                    },
                    {
                      "Node Type": "Hash",
                      "Parent Relationship": "Inner",
                      "Parallel Aware": true,
                      "Startup Cost": 45479.59,
                      "Total Cost": 45479.59,
                      "Plan Rows": 18759,
                      "Plan Width": 4,
                      "Actual Startup Time": 149.698,
                      "Actual Total Time": 149.699,
                      "Actual Rows": 60130,
                      "Actual Loops": 3,
                      "Hash Buckets": 262144,
                      "Original Hash Buckets": 131072,
                      "Hash Batches": 1,
                      "Original Hash Batches": 1,
                      "Peak Memory Usage": 10176,
                      "Plans": [
                        {
                          "Node Type": "Seq Scan",
                          "Parent Relationship": "Outer",
                          "Parallel Aware": true,
                          "Relation Name": "title",
                          "Alias": "t",
                          "Startup Cost": 0.0,
                          "Total Cost": 45479.59,
                          "Plan Rows": 18759,
                          "Plan Width": 4,
                          "Actual Startup Time": 0.38,
                          "Actual Total Time": 125.74,
                          "Actual Rows": 60130,
                          "Actual Loops": 3,
                          "Filter": "((kind_id < 7) AND (production_year < 1956))",
                          "Rows Removed by Filter": 782641
                        }
                      ]
                    }
                  ]
                }
              ]
            }
          ]
        }
      ]
    },
    "Planning Time": 0.553,
    "Triggers": [],
    "Execution Time": 247.503
  }
]