{
  "Plan": {
    "Node Type": "Aggregate",
    "Strategy": "Plain",
    "Partial Mode": "Finalize",
    "Parallel Aware": false,
    "Startup Cost": 764228.87,
    "Total Cost": 764228.88,
    "Plan Rows": 1,
    "Plan Width": 8,
    "Actual Startup Time": 8756.03,
    "Actual Total Time": 8831.857,
    "Actual Rows": 1,
    "Actual Loops": 1,
    "Plans": [
      {
        "Node Type": "Gather",
        "Parent Relationship": "Outer",
        "Parallel Aware": false,
        "Startup Cost": 764228.75,
        "Total Cost": 764228.86,
        "Plan Rows": 1,
        "Plan Width": 8,
        "Actual Startup Time": 8740.558,
        "Actual Total Time": 8831.847,
        "Actual Rows": 2,
        "Actual Loops": 1,
        "Workers Planned": 1,
        "Workers Launched": 1,
        "Single Copy": false,
        "Plans": [
          {
            "Node Type": "Aggregate",
            "Strategy": "Plain",
            "Partial Mode": "Partial",
            "Parent Relationship": "Outer",
            "Parallel Aware": false,
            "Startup Cost": 763228.75,
            "Total Cost": 763228.76,
            "Plan Rows": 1,
            "Plan Width": 8,
            "Actual Startup Time": 8723.515,
            "Actual Total Time": 8724.227,
            "Actual Rows": 1,
            "Actual Loops": 2,
            "Plans": [
              {
                "Node Type": "Hash Join",
                "Parent Relationship": "Outer",
                "Parallel Aware": true,
                "Join Type": "Inner",
                "Startup Cost": 620269.24,
                "Total Cost": 742766.35,
                "Plan Rows": 8184961,
                "Plan Width": 0,
                "Actual Startup Time": 5310.69,
                "Actual Total Time": 7682.426,
                "Actual Rows": 26387534,
                "Actual Loops": 2,
                "Inner Unique": false,
                "Hash Cond": "(mk.movie_id = t.id)",
                "Plans": [
                  {
                    "Node Type": "Seq Scan",
                    "Parent Relationship": "Outer",
                    "Parallel Aware": true,
                    "Relation Name": "movie_keyword",
                    "Alias": "mk",
                    "Startup Cost": 0.0,
                    "Total Cost": 51065.35,
                    "Plan Rows": 2661135,
                    "Plan Width": 4,
                    "Actual Startup Time": 0.016,
                    "Actual Total Time": 163.198,
                    "Actual Rows": 2261965,
                    "Actual Loops": 2
                  },
                  {
                    "Node Type": "Hash",
                    "Parent Relationship": "Inner",
                    "Parallel Aware": true,
                    "Startup Cost": 563090.03,
                    "Total Cost": 563090.03,
                    "Plan Rows": 4574337,
                    "Plan Width": 8,
                    "Actual Startup Time": 5272.063,
                    "Actual Total Time": 5272.773,
                    "Actual Rows": 3855119,
                    "Actual Loops": 2,
                    "Hash Buckets": 8388608,
                    "Original Hash Buckets": 8388608,
                    "Hash Batches": 1,
                    "Original Hash Batches": 1,
                    "Peak Memory Usage": 367200,
                    "Plans": [
                      {
                        "Node Type": "Hash Join",
                        "Parent Relationship": "Outer",
                        "Parallel Aware": true,
                        "Join Type": "Inner",
                        "Startup Cost": 241216.16,
                        "Total Cost": 563090.03,
                        "Plan Rows": 4574337,
                        "Plan Width": 8,
                        "Actual Startup Time": 1242.942,
                        "Actual Total Time": 3841.273,
                        "Actual Rows": 3855119,
                        "Actual Loops": 2,
                        "Inner Unique": true,
                        "Hash Cond": "(ci.movie_id = t.id)",
                        "Plans": [
                          {
                            "Node Type": "Bitmap Heap Scan",
                            "Parent Relationship": "Outer",
                            "Parallel Aware": true,
                            "Relation Name": "cast_info",
                            "Alias": "ci",
                            "Startup Cost": 171755.46,
                            "Total Cost": 481621.67,
                            "Plan Rows": 4574337,
                            "Plan Width": 4,
                            "Actual Startup Time": 483.609,
                            "Actual Total Time": 1013.842,
                            "Actual Rows": 3855119,
                            "Actual Loops": 2,
                            "Recheck Cond": "(person_id > 2905708)",
                            "Rows Removed by Index Recheck": 0,
                            "Exact Heap Blocks": 49632,
                            "Lossy Heap Blocks": 0,
                            "Plans": [
                              {
                                "Node Type": "Bitmap Index Scan",
                                "Parent Relationship": "Outer",
                                "Parallel Aware": false,
                                "Index Name": "person_id_cast_info",
                                "Startup Cost": 0.0,
                                "Total Cost": 169811.36,
                                "Plan Rows": 7776373,
                                "Plan Width": 0,
                                "Actual Startup Time": 458.409,
                                "Actual Total Time": 458.409,
                                "Actual Rows": 7710238,
                                "Actual Loops": 1,
                                "Index Cond": "(person_id > 2905708)"
                              }
                            ]
                          },
                          {
                            "Node Type": "Hash",
                            "Parent Relationship": "Inner",
                            "Parallel Aware": true,
                            "Startup Cost": 50870.31,
                            "Total Cost": 50870.31,
                            "Plan Rows": 1487231,
                            "Plan Width": 4,
                            "Actual Startup Time": 743.585,
                            "Actual Total Time": 743.586,
                            "Actual Rows": 1264156,
                            "Actual Loops": 2,
                            "Hash Buckets": 4194304,
                            "Original Hash Buckets": 4194304,
                            "Hash Batches": 1,
                            "Original Hash Batches": 1,
                            "Peak Memory Usage": 131680,
                            "Plans": [
                              {
                                "Node Type": "Seq Scan",
                                "Parent Relationship": "Outer",
                                "Parallel Aware": true,
                                "Relation Name": "title",
                                "Alias": "t",
                                "Startup Cost": 0.0,
                                "Total Cost": 50870.31,
                                "Plan Rows": 1487231,
                                "Plan Width": 4,
                                "Actual Startup Time": 0.034,
                                "Actual Total Time": 228.679,
                                "Actual Rows": 1264156,
                                "Actual Loops": 2
                              }
                            ]
                          }
                        ]
                      }
                    ]
                  }
                ]
              }
            ]
          }
        ]
      }
    ]
  },
  "Planning Time": 1.032,
  "Triggers": [],
  "Execution Time": 8831.96
}