[
    {
        "Bao": {
            "Bao prediction": "NaN",
            "Bao recommended hint": "(no hint)"
        }
    },
    {
        "Plan": {
            "Node Type": "Aggregate",
            "Strategy": "Plain",
            "Partial Mode": "Finalize",
            "Parallel Aware": false,
            "Startup Cost": 33305.65,
            "Total Cost": 33305.66,
            "Plan Rows": 1,
            "Plan Width": 8,
            "Actual Startup Time": 99.702,
            "Actual Total Time": 105.294,
            "Actual Rows": 1,
            "Actual Loops": 1,
            "Output": [
                "count(*)"
            ],
            "Plans": [
                {
                    "Node Type": "Gather",
                    "Parent Relationship": "Outer",
                    "Parallel Aware": false,
                    "Startup Cost": 33305.33,
                    "Total Cost": 33305.64,
                    "Plan Rows": 3,
                    "Plan Width": 8,
                    "Actual Startup Time": 99.564,
                    "Actual Total Time": 105.287,
                    "Actual Rows": 4,
                    "Actual Loops": 1,
                    "Output": [
                        "(PARTIAL count(*))"
                    ],
                    "Workers Planned": 3,
                    "Workers Launched": 3,
                    "Single Copy": false,
                    "Plans": [
                        {
                            "Node Type": "Aggregate",
                            "Strategy": "Plain",
                            "Partial Mode": "Partial",
                            "Parent Relationship": "Outer",
                            "Parallel Aware": false,
                            "Startup Cost": 32305.33,
                            "Total Cost": 32305.34,
                            "Plan Rows": 1,
                            "Plan Width": 8,
                            "Actual Startup Time": 91.348,
                            "Actual Total Time": 91.349,
                            "Actual Rows": 1,
                            "Actual Loops": 4,
                            "Output": [
                                "PARTIAL count(*)"
                            ],
                            "Workers": [
                                {
                                    "Worker Number": 0,
                                    "Actual Startup Time": 88.569,
                                    "Actual Total Time": 88.57,
                                    "Actual Rows": 1,
                                    "Actual Loops": 1
                                },
                                {
                                    "Worker Number": 1,
                                    "Actual Startup Time": 88.658,
                                    "Actual Total Time": 88.659,
                                    "Actual Rows": 1,
                                    "Actual Loops": 1
                                },
                                {
                                    "Worker Number": 2,
                                    "Actual Startup Time": 89.017,
                                    "Actual Total Time": 89.018,
                                    "Actual Rows": 1,
                                    "Actual Loops": 1
                                }
                            ],
                            "Plans": [
                                {
                                    "Node Type": "Seq Scan",
                                    "Parent Relationship": "Outer",
                                    "Parallel Aware": true,
                                    "Relation Name": "movie_companies",
                                    "Schema": "public",
                                    "Alias": "mc",
                                    "Startup Cost": 0.0,
                                    "Total Cost": 31414.82,
                                    "Plan Rows": 356206,
                                    "Plan Width": 0,
                                    "Actual Startup Time": 44.727,
                                    "Actual Total Time": 79.261,
                                    "Actual Rows": 307447,
                                    "Actual Loops": 4,
                                    "Output": [
                                        "id",
                                        "movie_id",
                                        "company_id",
                                        "company_type_id",
                                        "note"
                                    ],
                                    "Filter": "((mc.company_id > 323) AND (mc.company_type_id > 1))",
                                    "Rows Removed by Filter": 344835,
                                    "Workers": [
                                        {
                                            "Worker Number": 0,
                                            "Actual Startup Time": 41.95,
                                            "Actual Total Time": 76.807,
                                            "Actual Rows": 291926,
                                            "Actual Loops": 1
                                        },
                                        {
                                            "Worker Number": 1,
                                            "Actual Startup Time": 42.046,
                                            "Actual Total Time": 76.705,
                                            "Actual Rows": 296994,
                                            "Actual Loops": 1
                                        },
                                        {
                                            "Worker Number": 2,
                                            "Actual Startup Time": 42.378,
                                            "Actual Total Time": 77.287,
                                            "Actual Rows": 291144,
                                            "Actual Loops": 1
                                        }
                                    ]
                                }
                            ]
                        }
                    ]
                }
            ]
        },
        "Planning Time": 203.468,
        "Triggers": [],
        "Execution Time": 105.355
    }
]