[
  {
    "Plan": {
      "Node Type": "Aggregate",
      "Strategy": "Plain",
      "Partial Mode": "Simple",
      "Parallel Aware": false,
      "Startup Cost": 988.12,
      "Total Cost": 988.13,
      "Plan Rows": 1,
      "Plan Width": 8,
      "Actual Startup Time": 0.959,
      "Actual Total Time": 0.96,
      "Actual Rows": 1,
      "Actual Loops": 1,
      "Plans": [
        {
          "Node Type": "Index Scan",
          "Parent Relationship": "Outer",
          "Parallel Aware": false,
          "Scan Direction": "Forward",
          "Index Name": "person_id_cast_info",
          "Relation Name": "cast_info",
          "Alias": "ci",
          "Startup Cost": 0.56,
          "Total Cost": 987.07,
          "Plan Rows": 422,
          "Plan Width": 0,
          "Actual Startup Time": 0.819,
          "Actual Total Time": 0.923,
          "Actual Rows": 188,
          "Actual Loops": 1,
          "Index Cond": "(person_id = 315131)",
          "Rows Removed by Index Recheck": 0,
          "Filter": "(role_id < 10)",
          "Rows Removed by Filter": 0
        }
      ]
    },
    "Planning Time": 0.204,
    "Triggers": [],
    "Execution Time": 1.005
  }
]