{
  "Plan": {
    "Node Type": "Aggregate",
    "Strategy": "Plain",
    "Partial Mode": "Finalize",
    "Parallel Aware": false,
    "Startup Cost": 826649.28,
    "Total Cost": 826649.29,
    "Plan Rows": 1,
    "Plan Width": 8,
    "Actual Startup Time": 9352.684,
    "Actual Total Time": 9457.791,
    "Actual Rows": 1,
    "Actual Loops": 1,
    "Plans": [
      {
        "Node Type": "Gather",
        "Parent Relationship": "Outer",
        "Parallel Aware": false,
        "Startup Cost": 826649.16,
        "Total Cost": 826649.27,
        "Plan Rows": 1,
        "Plan Width": 8,
        "Actual Startup Time": 9326.804,
        "Actual Total Time": 9457.78,
        "Actual Rows": 2,
        "Actual Loops": 1,
        "Workers Planned": 1,
        "Workers Launched": 1,
        "Single Copy": false,
        "Plans": [
          {
            "Node Type": "Aggregate",
            "Strategy": "Plain",
            "Partial Mode": "Partial",
            "Parent Relationship": "Outer",
            "Parallel Aware": false,
            "Startup Cost": 825649.16,
            "Total Cost": 825649.17,
            "Plan Rows": 1,
            "Plan Width": 8,
            "Actual Startup Time": 9304.675,
            "Actual Total Time": 9304.685,
            "Actual Rows": 1,
            "Actual Loops": 2,
            "Plans": [
              {
                "Node Type": "Hash Join",
                "Parent Relationship": "Outer",
                "Parallel Aware": true,
                "Join Type": "Inner",
                "Startup Cost": 711720.24,
                "Total Cost": 813099.47,
                "Plan Rows": 5019879,
                "Plan Width": 0,
                "Actual Startup Time": 6665.977,
                "Actual Total Time": 8537.739,
                "Actual Rows": 19737736,
                "Actual Loops": 2,
                "Inner Unique": false,
                "Hash Cond": "(mk.movie_id = t.id)",
                "Plans": [
                  {
                    "Node Type": "Seq Scan",
                    "Parent Relationship": "Outer",
                    "Parallel Aware": true,
                    "Relation Name": "movie_keyword",
                    "Alias": "mk",
                    "Startup Cost": 0.0,
                    "Total Cost": 57718.19,
                    "Plan Rows": 1615123,
                    "Plan Width": 4,
                    "Actual Startup Time": 0.292,
                    "Actual Total Time": 198.817,
                    "Actual Rows": 1365731,
                    "Actual Loops": 2,
                    "Filter": "(keyword_id > 2894)",
                    "Rows Removed by Filter": 896234
                  },
                  {
                    "Node Type": "Hash",
                    "Parent Relationship": "Inner",
                    "Parallel Aware": true,
                    "Startup Cost": 653940.41,
                    "Total Cost": 653940.41,
                    "Plan Rows": 4622386,
                    "Plan Width": 8,
                    "Actual Startup Time": 6625.901,
                    "Actual Total Time": 6625.909,
                    "Actual Rows": 5182162,
                    "Actual Loops": 2,
                    "Hash Buckets": 16777216,
                    "Original Hash Buckets": 8388608,
                    "Hash Batches": 1,
                    "Original Hash Batches": 1,
                    "Peak Memory Usage": 602080,
                    "Plans": [
                      {
                        "Node Type": "Hash Join",
                        "Parent Relationship": "Outer",
                        "Parallel Aware": true,
                        "Join Type": "Inner",
                        "Startup Cost": 69460.7,
                        "Total Cost": 653940.41,
                        "Plan Rows": 4622386,
                        "Plan Width": 8,
                        "Actual Startup Time": 580.604,
                        "Actual Total Time": 4626.231,
                        "Actual Rows": 5182162,
                        "Actual Loops": 2,
                        "Inner Unique": true,
                        "Hash Cond": "(ci.movie_id = t.id)",
                        "Plans": [
                          {
                            "Node Type": "Seq Scan",
                            "Parent Relationship": "Outer",
                            "Parallel Aware": true,
                            "Relation Name": "cast_info",
                            "Alias": "ci",
                            "Startup Cost": 0.0,
                            "Total Cost": 572345.93,
                            "Plan Rows": 4622386,
                            "Plan Width": 4,
                            "Actual Startup Time": 0.021,
                            "Actual Total Time": 1738.893,
                            "Actual Rows": 5182162,
                            "Actual Loops": 2,
                            "Filter": "((person_id < 1413446) AND (role_id < 3))",
                            "Rows Removed by Filter": 12940010
                          },
                          {
                            "Node Type": "Hash",
                            "Parent Relationship": "Inner",
                            "Parallel Aware": true,
                            "Startup Cost": 50870.31,
                            "Total Cost": 50870.31,
                            "Plan Rows": 1487231,
                            "Plan Width": 4,
                            "Actual Startup Time": 565.279,
                            "Actual Total Time": 565.281,
                            "Actual Rows": 1264156,
                            "Actual Loops": 2,
                            "Hash Buckets": 4194304,
                            "Original Hash Buckets": 4194304,
                            "Hash Batches": 1,
                            "Original Hash Batches": 1,
                            "Peak Memory Usage": 131712,
                            "Plans": [
                              {
                                "Node Type": "Seq Scan",
                                "Parent Relationship": "Outer",
                                "Parallel Aware": true,
                                "Relation Name": "title",
                                "Alias": "t",
                                "Startup Cost": 0.0,
                                "Total Cost": 50870.31,
                                "Plan Rows": 1487231,
                                "Plan Width": 4,
                                "Actual Startup Time": 0.06,
                                "Actual Total Time": 182.711,
                                "Actual Rows": 1264156,
                                "Actual Loops": 2
                              }
                            ]
                          }
                        ]
                      }
                    ]
                  }
                ]
              }
            ]
          }
        ]
      }
    ]
  },
  "Planning Time": 1.023,
  "Triggers": [],
  "Execution Time": 9457.88
}