[
  {
    "Plan": {
      "Node Type": "Aggregate",
      "Strategy": "Plain",
      "Partial Mode": "Finalize",
      "Parallel Aware": false,
      "Startup Cost": 131751.69,
      "Total Cost": 131751.7,
      "Plan Rows": 1,
      "Plan Width": 8,
      "Actual Startup Time": 882.064,
      "Actual Total Time": 904.189,
      "Actual Rows": 1,
      "Actual Loops": 1,
      "Plans": [
        {
          "Node Type": "Gather",
          "Parent Relationship": "Outer",
          "Parallel Aware": false,
          "Startup Cost": 131751.37,
          "Total Cost": 131751.68,
          "Plan Rows": 3,
          "Plan Width": 8,
          "Actual Startup Time": 876.36,
          "Actual Total Time": 904.183,
          "Actual Rows": 4,
          "Actual Loops": 1,
          "Workers Planned": 3,
          "Workers Launched": 3,
          "Single Copy": false,
          "Plans": [
            {
              "Node Type": "Aggregate",
              "Strategy": "Plain",
              "Partial Mode": "Partial",
              "Parent Relationship": "Outer",
              "Parallel Aware": false,
              "Startup Cost": 130751.37,
              "Total Cost": 130751.38,
              "Plan Rows": 1,
              "Plan Width": 8,
              "Actual Startup Time": 866.531,
              "Actual Total Time": 866.536,
              "Actual Rows": 1,
              "Actual Loops": 4,
              "Plans": [
                {
                  "Node Type": "Hash Join",
                  "Parent Relationship": "Outer",
                  "Parallel Aware": true,
                  "Join Type": "Inner",
                  "Startup Cost": 81500.56,
                  "Total Cost": 129742.96,
                  "Plan Rows": 403363,
                  "Plan Width": 0,
                  "Actual Startup Time": 510.226,
                  "Actual Total Time": 811.396,
                  "Actual Rows": 1363017,
                  "Actual Loops": 4,
                  "Inner Unique": false,
                  "Hash Cond": "(mk.movie_id = t.id)",
                  "Plans": [
                    {
                      "Node Type": "Seq Scan",
                      "Parent Relationship": "Outer",
                      "Parallel Aware": true,
                      "Relation Name": "movie_keyword",
                      "Alias": "mk",
                      "Startup Cost": 0.0,
                      "Total Cost": 42695.65,
                      "Plan Rows": 1210224,
                      "Plan Width": 4,
                      "Actual Startup Time": 0.069,
                      "Actual Total Time": 112.005,
                      "Actual Rows": 933425,
                      "Actual Loops": 4,
                      "Filter": "(keyword_id > 750)",
                      "Rows Removed by Filter": 197558
                    },
                    {
                      "Node Type": "Hash",
                      "Parent Relationship": "Inner",
                      "Parallel Aware": true,
                      "Startup Cost": 78867.21,
                      "Total Cost": 78867.21,
                      "Plan Rows": 210668,
                      "Plan Width": 8,
                      "Actual Startup Time": 505.111,
                      "Actual Total Time": 505.115,
                      "Actual Rows": 213870,
                      "Actual Loops": 4,
                      "Hash Buckets": 1048576,
                      "Original Hash Buckets": 1048576,
                      "Hash Batches": 1,
                      "Original Hash Batches": 1,
                      "Peak Memory Usage": 41728,
                      "Plans": [
                        {
                          "Node Type": "Hash Join",
                          "Parent Relationship": "Outer",
                          "Parallel Aware": true,
                          "Join Type": "Inner",
                          "Startup Cost": 32708.54,
                          "Total Cost": 78867.21,
                          "Plan Rows": 210668,
                          "Plan Width": 8,
                          "Actual Startup Time": 151.825,
                          "Actual Total Time": 438.632,
                          "Actual Rows": 213870,
                          "Actual Loops": 4,
                          "Inner Unique": false,
                          "Hash Cond": "(t.id = mc.movie_id)",
                          "Plans": [
                            {
                              "Node Type": "Seq Scan",
                              "Parent Relationship": "Outer",
                              "Parallel Aware": true,
                              "Relation Name": "title",
                              "Alias": "t",
                              "Startup Cost": 0.0,
                              "Total Cost": 42318.73,
                              "Plan Rows": 632073,
                              "Plan Width": 4,
                              "Actual Startup Time": 0.012,
                              "Actual Total Time": 77.487,
                              "Actual Rows": 632078,
                              "Actual Loops": 4
                            },
                            {
                              "Node Type": "Hash",
                              "Parent Relationship": "Inner",
                              "Parallel Aware": true,
                              "Startup Cost": 29310.68,
                              "Total Cost": 29310.68,
                              "Plan Rows": 271829,
                              "Plan Width": 4,
                              "Actual Startup Time": 149.074,
                              "Actual Total Time": 149.075,
                              "Actual Rows": 213870,
                              "Actual Loops": 4,
                              "Hash Buckets": 1048576,
                              "Original Hash Buckets": 1048576,
                              "Hash Batches": 1,
                              "Original Hash Batches": 1,
                              "Peak Memory Usage": 41728,
                              "Plans": [
                                {
                                  "Node Type": "Seq Scan",
                                  "Parent Relationship": "Outer",
                                  "Parallel Aware": true,
                                  "Relation Name": "movie_companies",
                                  "Alias": "mc",
                                  "Startup Cost": 0.0,
                                  "Total Cost": 29310.68,
                                  "Plan Rows": 271829,
                                  "Plan Width": 4,
                                  "Actual Startup Time": 25.135,
                                  "Actual Total Time": 83.991,
                                  "Actual Rows": 213870,
                                  "Actual Loops": 4,
                                  "Filter": "(company_id > 24675)",
                                  "Rows Removed by Filter": 438413
                                }
                              ]
                            }
                          ]
                        }
                      ]
                    }
                  ]
                }
              ]
            }
          ]
        }
      ]
    },
    "Planning Time": 1.397,
    "Triggers": [],
    "Execution Time": 904.272
  }
]