[
  {
    "Plan": {
      "Node Type": "Aggregate",
      "Strategy": "Plain",
      "Partial Mode": "Finalize",
      "Parallel Aware": false,
      "Startup Cost": 337252.55,
      "Total Cost": 337252.56,
      "Plan Rows": 1,
      "Plan Width": 8,
      "Actual Startup Time": 783.28,
      "Actual Total Time": 827.408,
      "Actual Rows": 1,
      "Actual Loops": 1,
      "Plans": [
        {
          "Node Type": "Gather",
          "Parent Relationship": "Outer",
          "Parallel Aware": false,
          "Startup Cost": 337251.92,
          "Total Cost": 337252.53,
          "Plan Rows": 6,
          "Plan Width": 8,
          "Actual Startup Time": 783.108,
          "Actual Total Time": 827.397,
          "Actual Rows": 7,
          "Actual Loops": 1,
          "Workers Planned": 6,
          "Workers Launched": 6,
          "Single Copy": false,
          "Plans": [
            {
              "Node Type": "Aggregate",
              "Strategy": "Plain",
              "Partial Mode": "Partial",
              "Parent Relationship": "Outer",
              "Parallel Aware": false,
              "Startup Cost": 336251.92,
              "Total Cost": 336251.93,
              "Plan Rows": 1,
              "Plan Width": 8,
              "Actual Startup Time": 774.838,
              "Actual Total Time": 774.839,
              "Actual Rows": 1,
              "Actual Loops": 7,
              "Plans": [
                {
                  "Node Type": "Seq Scan",
                  "Parent Relationship": "Outer",
                  "Parallel Aware": true,
                  "Relation Name": "cast_info",
                  "Alias": "ci",
                  "Startup Cost": 0.0,
                  "Total Cost": 328211.39,
                  "Plan Rows": 3216212,
                  "Plan Width": 0,
                  "Actual Startup Time": 0.05,
                  "Actual Total Time": 627.908,
                  "Actual Rows": 2784593,
                  "Actual Loops": 7,
                  "Filter": "(person_id < 1951850)",
                  "Rows Removed by Filter": 2393171
                }
              ]
            }
          ]
        }
      ]
    },
    "Planning Time": 0.112,
    "Triggers": [],
    "Execution Time": 827.459
  }
]