[
  {
    "Plan": {
      "Node Type": "Aggregate",
      "Strategy": "Plain",
      "Partial Mode": "Finalize",
      "Parallel Aware": false,
      "Startup Cost": 33246.74,
      "Total Cost": 33246.75,
      "Plan Rows": 1,
      "Plan Width": 8,
      "Actual Startup Time": 108.352,
      "Actual Total Time": 114.563,
      "Actual Rows": 1,
      "Actual Loops": 1,
      "Plans": [
        {
          "Node Type": "Gather",
          "Parent Relationship": "Outer",
          "Parallel Aware": false,
          "Startup Cost": 33246.42,
          "Total Cost": 33246.73,
          "Plan Rows": 3,
          "Plan Width": 8,
          "Actual Startup Time": 108.243,
          "Actual Total Time": 114.554,
          "Actual Rows": 4,
          "Actual Loops": 1,
          "Workers Planned": 3,
          "Workers Launched": 3,
          "Single Copy": false,
          "Plans": [
            {
              "Node Type": "Aggregate",
              "Strategy": "Plain",
              "Partial Mode": "Partial",
              "Parent Relationship": "Outer",
              "Parallel Aware": false,
              "Startup Cost": 32246.42,
              "Total Cost": 32246.43,
              "Plan Rows": 1,
              "Plan Width": 8,
              "Actual Startup Time": 102.314,
              "Actual Total Time": 102.315,
              "Actual Rows": 1,
              "Actual Loops": 4,
              "Plans": [
                {
                  "Node Type": "Seq Scan",
                  "Parent Relationship": "Outer",
                  "Parallel Aware": true,
                  "Relation Name": "movie_companies",
                  "Alias": "mc",
                  "Startup Cost": 0.0,
                  "Total Cost": 31414.82,
                  "Plan Rows": 332642,
                  "Plan Width": 0,
                  "Actual Startup Time": 48.725,
                  "Actual Total Time": 88.821,
                  "Actual Rows": 293374,
                  "Actual Loops": 4,
                  "Filter": "((company_id > 663) AND (company_type_id = 2))",
                  "Rows Removed by Filter": 358908
                }
              ]
            }
          ]
        }
      ]
    },
    "Planning Time": 0.257,
    "Triggers": [],
    "Execution Time": 114.618
  }
]