[
  {
    "Plan": {
      "Node Type": "Aggregate",
      "Strategy": "Plain",
      "Partial Mode": "Finalize",
      "Parallel Aware": false,
      "Startup Cost": 49445.01,
      "Total Cost": 49445.02,
      "Plan Rows": 1,
      "Plan Width": 8,
      "Actual Startup Time": 103.943,
      "Actual Total Time": 121.894,
      "Actual Rows": 1,
      "Actual Loops": 1,
      "Plans": [
        {
          "Node Type": "Gather",
          "Parent Relationship": "Outer",
          "Parallel Aware": false,
          "Startup Cost": 49444.7,
          "Total Cost": 49445.01,
          "Plan Rows": 3,
          "Plan Width": 8,
          "Actual Startup Time": 103.478,
          "Actual Total Time": 121.884,
          "Actual Rows": 4,
          "Actual Loops": 1,
          "Workers Planned": 3,
          "Workers Launched": 3,
          "Single Copy": false,
          "Plans": [
            {
              "Node Type": "Aggregate",
              "Strategy": "Plain",
              "Partial Mode": "Partial",
              "Parent Relationship": "Outer",
              "Parallel Aware": false,
              "Startup Cost": 48444.7,
              "Total Cost": 48444.71,
              "Plan Rows": 1,
              "Plan Width": 8,
              "Actual Startup Time": 93.863,
              "Actual Total Time": 93.867,
              "Actual Rows": 1,
              "Actual Loops": 4,
              "Plans": [
                {
                  "Node Type": "Nested Loop",
                  "Parent Relationship": "Outer",
                  "Parallel Aware": false,
                  "Join Type": "Inner",
                  "Startup Cost": 270.3,
                  "Total Cost": 48438.8,
                  "Plan Rows": 2360,
                  "Plan Width": 0,
                  "Actual Startup Time": 12.175,
                  "Actual Total Time": 91.762,
                  "Actual Rows": 30092,
                  "Actual Loops": 4,
                  "Inner Unique": false,
                  "Plans": [
                    {
                      "Node Type": "Nested Loop",
                      "Parent Relationship": "Outer",
                      "Parallel Aware": false,
                      "Join Type": "Inner",
                      "Startup Cost": 269.86,
                      "Total Cost": 46208.12,
                      "Plan Rows": 533,
                      "Plan Width": 8,
                      "Actual Startup Time": 12.066,
                      "Actual Total Time": 51.535,
                      "Actual Rows": 434,
                      "Actual Loops": 4,
                      "Inner Unique": true,
                      "Plans": [
                        {
                          "Node Type": "Bitmap Heap Scan",
                          "Parent Relationship": "Outer",
                          "Parallel Aware": true,
                          "Relation Name": "movie_keyword",
                          "Alias": "mk",
                          "Startup Cost": 269.43,
                          "Total Cost": 21097.34,
                          "Plan Rows": 4037,
                          "Plan Width": 4,
                          "Actual Startup Time": 5.705,
                          "Actual Total Time": 18.94,
                          "Actual Rows": 3530,
                          "Actual Loops": 4,
                          "Recheck Cond": "(keyword_id = 1382)",
                          "Rows Removed by Index Recheck": 0,
                          "Exact Heap Blocks": 5317,
                          "Lossy Heap Blocks": 0,
                          "Plans": [
                            {
                              "Node Type": "Bitmap Index Scan",
                              "Parent Relationship": "Outer",
                              "Parallel Aware": false,
                              "Index Name": "keyword_id_movie_keyword",
                              "Startup Cost": 0.0,
                              "Total Cost": 266.3,
                              "Plan Rows": 12516,
                              "Plan Width": 0,
                              "Actual Startup Time": 10.491,
                              "Actual Total Time": 10.491,
                              "Actual Rows": 14120,
                              "Actual Loops": 1,
                              "Index Cond": "(keyword_id = 1382)"
                            }
                          ]
                        },
                        {
                          "Node Type": "Index Scan",
                          "Parent Relationship": "Inner",
                          "Parallel Aware": false,
                          "Scan Direction": "Forward",
                          "Index Name": "title_pkey",
                          "Relation Name": "title",
                          "Alias": "t",
                          "Startup Cost": 0.43,
                          "Total Cost": 6.22,
                          "Plan Rows": 1,
                          "Plan Width": 4,
                          "Actual Startup Time": 0.009,
                          "Actual Total Time": 0.009,
                          "Actual Rows": 0,
                          "Actual Loops": 14120,
                          "Index Cond": "(id = mk.movie_id)",
                          "Rows Removed by Index Recheck": 0,
                          "Filter": "((production_year > 2002) AND (kind_id = 1))",
                          "Rows Removed by Filter": 1
                        }
                      ]
                    },
                    {
                      "Node Type": "Index Scan",
                      "Parent Relationship": "Inner",
                      "Parallel Aware": false,
                      "Scan Direction": "Forward",
                      "Index Name": "movie_id_movie_info",
                      "Relation Name": "movie_info",
                      "Alias": "mi",
                      "Startup Cost": 0.43,
                      "Total Cost": 3.87,
                      "Plan Rows": 32,
                      "Plan Width": 4,
                      "Actual Startup Time": 0.016,
                      "Actual Total Time": 0.085,
                      "Actual Rows": 69,
                      "Actual Loops": 1736,
                      "Index Cond": "(movie_id = t.id)",
                      "Rows Removed by Index Recheck": 0,
                      "Filter": "(info_type_id > 3)",
                      "Rows Removed by Filter": 5
                    }
                  ]
                }
              ]
            }
          ]
        }
      ]
    },
    "Planning Time": 1.521,
    "Triggers": [],
    "Execution Time": 122.009
  }
]