{
  "Plan": {
    "Node Type": "Aggregate",
    "Strategy": "Plain",
    "Partial Mode": "Finalize",
    "Parallel Aware": false,
    "Startup Cost": 384513.93,
    "Total Cost": 384513.94,
    "Plan Rows": 1,
    "Plan Width": 8,
    "Actual Startup Time": 1275.085,
    "Actual Total Time": 1301.92,
    "Actual Rows": 1,
    "Actual Loops": 1,
    "Plans": [
      {
        "Node Type": "Gather",
        "Parent Relationship": "Outer",
        "Parallel Aware": false,
        "Startup Cost": 384513.82,
        "Total Cost": 384513.93,
        "Plan Rows": 1,
        "Plan Width": 8,
        "Actual Startup Time": 1268.171,
        "Actual Total Time": 1301.912,
        "Actual Rows": 2,
        "Actual Loops": 1,
        "Workers Planned": 1,
        "Workers Launched": 1,
        "Single Copy": false,
        "Plans": [
          {
            "Node Type": "Aggregate",
            "Strategy": "Plain",
            "Partial Mode": "Partial",
            "Parent Relationship": "Outer",
            "Parallel Aware": false,
            "Startup Cost": 383513.82,
            "Total Cost": 383513.83,
            "Plan Rows": 1,
            "Plan Width": 8,
            "Actual Startup Time": 1262.346,
            "Actual Total Time": 1262.353,
            "Actual Rows": 1,
            "Actual Loops": 2,
            "Plans": [
              {
                "Node Type": "Hash Join",
                "Parent Relationship": "Outer",
                "Parallel Aware": true,
                "Join Type": "Inner",
                "Startup Cost": 364031.13,
                "Total Cost": 383399.44,
                "Plan Rows": 45752,
                "Plan Width": 0,
                "Actual Startup Time": 1102.288,
                "Actual Total Time": 1255.316,
                "Actual Rows": 171728,
                "Actual Loops": 2,
                "Inner Unique": false,
                "Hash Cond": "(mi_idx.movie_id = t.id)",
                "Plans": [
                  {
                    "Node Type": "Seq Scan",
                    "Parent Relationship": "Outer",
                    "Parallel Aware": true,
                    "Relation Name": "movie_info_idx",
                    "Alias": "mi_idx",
                    "Startup Cost": 0.0,
                    "Total Cost": 18082.32,
                    "Plan Rows": 271164,
                    "Plan Width": 4,
                    "Actual Startup Time": 0.025,
                    "Actual Total Time": 52.953,
                    "Actual Rows": 230092,
                    "Actual Loops": 2,
                    "Filter": "(info_type_id > 100)",
                    "Rows Removed by Filter": 459925
                  },
                  {
                    "Node Type": "Hash",
                    "Parent Relationship": "Inner",
                    "Parallel Aware": true,
                    "Startup Cost": 360894.46,
                    "Total Cost": 360894.46,
                    "Plan Rows": 250933,
                    "Plan Width": 8,
                    "Actual Startup Time": 1097.061,
                    "Actual Total Time": 1097.067,
                    "Actual Rows": 457432,
                    "Actual Loops": 2,
                    "Hash Buckets": 1048576,
                    "Original Hash Buckets": 524288,
                    "Hash Batches": 1,
                    "Original Hash Batches": 1,
                    "Peak Memory Usage": 48128,
                    "Plans": [
                      {
                        "Node Type": "Hash Join",
                        "Parent Relationship": "Outer",
                        "Parallel Aware": true,
                        "Join Type": "Inner",
                        "Startup Cost": 96618.57,
                        "Total Cost": 360894.46,
                        "Plan Rows": 250933,
                        "Plan Width": 8,
                        "Actual Startup Time": 623.927,
                        "Actual Total Time": 953.362,
                        "Actual Rows": 457432,
                        "Actual Loops": 2,
                        "Inner Unique": true,
                        "Hash Cond": "(ci.movie_id = t.id)",
                        "Plans": [
                          {
                            "Node Type": "Bitmap Heap Scan",
                            "Parent Relationship": "Outer",
                            "Parallel Aware": true,
                            "Relation Name": "cast_info",
                            "Alias": "ci",
                            "Startup Cost": 27157.87,
                            "Total Cost": 290775.07,
                            "Plan Rows": 250933,
                            "Plan Width": 4,
                            "Actual Startup Time": 41.783,
                            "Actual Total Time": 136.033,
                            "Actual Rows": 457432,
                            "Actual Loops": 2,
                            "Recheck Cond": "(person_id < 127433)",
                            "Rows Removed by Index Recheck": 0,
                            "Filter": "(role_id < 2)",
                            "Rows Removed by Filter": 176720,
                            "Exact Heap Blocks": 7724,
                            "Lossy Heap Blocks": 0,
                            "Plans": [
                              {
                                "Node Type": "Bitmap Index Scan",
                                "Parent Relationship": "Outer",
                                "Parallel Aware": false,
                                "Index Name": "person_id_cast_info",
                                "Startup Cost": 0.0,
                                "Total Cost": 27051.23,
                                "Plan Rows": 1238755,
                                "Plan Width": 0,
                                "Actual Startup Time": 39.898,
                                "Actual Total Time": 39.899,
                                "Actual Rows": 1268304,
                                "Actual Loops": 1,
                                "Index Cond": "(person_id < 127433)"
                              }
                            ]
                          },
                          {
                            "Node Type": "Hash",
                            "Parent Relationship": "Inner",
                            "Parallel Aware": true,
                            "Startup Cost": 50870.31,
                            "Total Cost": 50870.31,
                            "Plan Rows": 1487231,
                            "Plan Width": 4,
                            "Actual Startup Time": 565.078,
                            "Actual Total Time": 565.079,
                            "Actual Rows": 1264156,
                            "Actual Loops": 2,
                            "Hash Buckets": 4194304,
                            "Original Hash Buckets": 4194304,
                            "Hash Batches": 1,
                            "Original Hash Batches": 1,
                            "Peak Memory Usage": 131712,
                            "Plans": [
                              {
                                "Node Type": "Seq Scan",
                                "Parent Relationship": "Outer",
                                "Parallel Aware": true,
                                "Relation Name": "title",
                                "Alias": "t",
                                "Startup Cost": 0.0,
                                "Total Cost": 50870.31,
                                "Plan Rows": 1487231,
                                "Plan Width": 4,
                                "Actual Startup Time": 0.032,
                                "Actual Total Time": 156.227,
                                "Actual Rows": 1264156,
                                "Actual Loops": 2
                              }
                            ]
                          }
                        ]
                      }
                    ]
                  }
                ]
              }
            ]
          }
        ]
      }
    ]
  },
  "Planning Time": 0.986,
  "Triggers": [],
  "Execution Time": 1302.017
}