[
  {
    "Plan": {
      "Node Type": "Aggregate",
      "Strategy": "Plain",
      "Partial Mode": "Finalize",
      "Parallel Aware": false,
      "Startup Cost": 62372.53,
      "Total Cost": 62372.54,
      "Plan Rows": 1,
      "Plan Width": 8,
      "Actual Startup Time": 176.283,
      "Actual Total Time": 188.834,
      "Actual Rows": 1,
      "Actual Loops": 1,
      "Plans": [
        {
          "Node Type": "Gather",
          "Parent Relationship": "Outer",
          "Parallel Aware": false,
          "Startup Cost": 62372.11,
          "Total Cost": 62372.52,
          "Plan Rows": 4,
          "Plan Width": 8,
          "Actual Startup Time": 174.959,
          "Actual Total Time": 188.827,
          "Actual Rows": 5,
          "Actual Loops": 1,
          "Workers Planned": 4,
          "Workers Launched": 4,
          "Single Copy": false,
          "Plans": [
            {
              "Node Type": "Aggregate",
              "Strategy": "Plain",
              "Partial Mode": "Partial",
              "Parent Relationship": "Outer",
              "Parallel Aware": false,
              "Startup Cost": 61372.11,
              "Total Cost": 61372.12,
              "Plan Rows": 1,
              "Plan Width": 8,
              "Actual Startup Time": 168.365,
              "Actual Total Time": 168.367,
              "Actual Rows": 1,
              "Actual Loops": 5,
              "Plans": [
                {
                  "Node Type": "Nested Loop",
                  "Parent Relationship": "Outer",
                  "Parallel Aware": false,
                  "Join Type": "Inner",
                  "Startup Cost": 0.87,
                  "Total Cost": 61337.9,
                  "Plan Rows": 13687,
                  "Plan Width": 0,
                  "Actual Startup Time": 3.575,
                  "Actual Total Time": 159.338,
                  "Actual Rows": 199721,
                  "Actual Loops": 5,
                  "Inner Unique": false,
                  "Join Filter": "(t.id = mi.movie_id)",
                  "Rows Removed by Join Filter": 0,
                  "Plans": [
                    {
                      "Node Type": "Nested Loop",
                      "Parent Relationship": "Outer",
                      "Parallel Aware": false,
                      "Join Type": "Inner",
                      "Startup Cost": 0.43,
                      "Total Cost": 57125.92,
                      "Plan Rows": 2345,
                      "Plan Width": 8,
                      "Actual Startup Time": 3.443,
                      "Actual Total Time": 77.616,
                      "Actual Rows": 3756,
                      "Actual Loops": 5,
                      "Inner Unique": false,
                      "Plans": [
                        {
                          "Node Type": "Seq Scan",
                          "Parent Relationship": "Outer",
                          "Parallel Aware": true,
                          "Relation Name": "title",
                          "Alias": "t",
                          "Startup Cost": 0.0,
                          "Total Cost": 45479.21,
                          "Plan Rows": 1311,
                          "Plan Width": 4,
                          "Actual Startup Time": 1.461,
                          "Actual Total Time": 65.681,
                          "Actual Rows": 1058,
                          "Actual Loops": 5,
                          "Filter": "((kind_id < 7) AND (production_year = 1966))",
                          "Rows Removed by Filter": 504604
                        },
                        {
                          "Node Type": "Index Only Scan",
                          "Parent Relationship": "Inner",
                          "Parallel Aware": false,
                          "Scan Direction": "Forward",
                          "Index Name": "movie_id_movie_keyword",
                          "Relation Name": "movie_keyword",
                          "Alias": "mk",
                          "Startup Cost": 0.43,
                          "Total Cost": 8.42,
                          "Plan Rows": 46,
                          "Plan Width": 4,
                          "Actual Startup Time": 0.01,
                          "Actual Total Time": 0.011,
                          "Actual Rows": 4,
                          "Actual Loops": 5291,
                          "Index Cond": "(movie_id = t.id)",
                          "Rows Removed by Index Recheck": 0,
                          "Heap Fetches": 18779
                        }
                      ]
                    },
                    {
                      "Node Type": "Index Only Scan",
                      "Parent Relationship": "Inner",
                      "Parallel Aware": false,
                      "Scan Direction": "Forward",
                      "Index Name": "movie_id_movie_info",
                      "Relation Name": "movie_info",
                      "Alias": "mi",
                      "Startup Cost": 0.43,
                      "Total Cost": 1.31,
                      "Plan Rows": 39,
                      "Plan Width": 4,
                      "Actual Startup Time": 0.004,
                      "Actual Total Time": 0.017,
                      "Actual Rows": 53,
                      "Actual Loops": 18779,
                      "Index Cond": "(movie_id = mk.movie_id)",
                      "Rows Removed by Index Recheck": 0,
                      "Heap Fetches": 998603
                    }
                  ]
                }
              ]
            }
          ]
        }
      ]
    },
    "Planning Time": 0.705,
    "Triggers": [],
    "Execution Time": 188.881
  }
]