[
  {
    "Plan": {
      "Node Type": "Aggregate",
      "Strategy": "Plain",
      "Partial Mode": "Finalize",
      "Parallel Aware": false,
      "Startup Cost": 36112.2,
      "Total Cost": 36112.21,
      "Plan Rows": 1,
      "Plan Width": 8,
      "Actual Startup Time": 128.54,
      "Actual Total Time": 133.956,
      "Actual Rows": 1,
      "Actual Loops": 1,
      "Plans": [
        {
          "Node Type": "Gather",
          "Parent Relationship": "Outer",
          "Parallel Aware": false,
          "Startup Cost": 36111.88,
          "Total Cost": 36112.19,
          "Plan Rows": 3,
          "Plan Width": 8,
          "Actual Startup Time": 128.268,
          "Actual Total Time": 133.939,
          "Actual Rows": 4,
          "Actual Loops": 1,
          "Workers Planned": 3,
          "Workers Launched": 3,
          "Single Copy": false,
          "Plans": [
            {
              "Node Type": "Aggregate",
              "Strategy": "Plain",
              "Partial Mode": "Partial",
              "Parent Relationship": "Outer",
              "Parallel Aware": false,
              "Startup Cost": 35111.88,
              "Total Cost": 35111.89,
              "Plan Rows": 1,
              "Plan Width": 8,
              "Actual Startup Time": 121.608,
              "Actual Total Time": 121.61,
              "Actual Rows": 1,
              "Actual Loops": 4,
              "Plans": [
                {
                  "Node Type": "Bitmap Heap Scan",
                  "Parent Relationship": "Outer",
                  "Parallel Aware": true,
                  "Relation Name": "movie_keyword",
                  "Alias": "mk",
                  "Startup Cost": 8678.59,
                  "Total Cost": 34782.0,
                  "Plan Rows": 131953,
                  "Plan Width": 0,
                  "Actual Startup Time": 42.589,
                  "Actual Total Time": 114.404,
                  "Actual Rows": 99767,
                  "Actual Loops": 4,
                  "Recheck Cond": "(keyword_id > 43443)",
                  "Rows Removed by Index Recheck": 0,
                  "Exact Heap Blocks": 8364,
                  "Lossy Heap Blocks": 0,
                  "Plans": [
                    {
                      "Node Type": "Bitmap Index Scan",
                      "Parent Relationship": "Outer",
                      "Parallel Aware": false,
                      "Index Name": "keyword_id_movie_keyword",
                      "Startup Cost": 0.0,
                      "Total Cost": 8576.33,
                      "Plan Rows": 409053,
                      "Plan Width": 0,
                      "Actual Startup Time": 43.149,
                      "Actual Total Time": 43.149,
                      "Actual Rows": 399069,
                      "Actual Loops": 1,
                      "Index Cond": "(keyword_id > 43443)"
                    }
                  ]
                }
              ]
            }
          ]
        }
      ]
    },
    "Planning Time": 0.151,
    "Triggers": [],
    "Execution Time": 134.02
  }
]