[
  {
    "Plan": {
      "Node Type": "Aggregate",
      "Strategy": "Plain",
      "Partial Mode": "Finalize",
      "Parallel Aware": false,
      "Startup Cost": 246289.54,
      "Total Cost": 246289.55,
      "Plan Rows": 1,
      "Plan Width": 8,
      "Actual Startup Time": 840.259,
      "Actual Total Time": 887.913,
      "Actual Rows": 1,
      "Actual Loops": 1,
      "Plans": [
        {
          "Node Type": "Gather",
          "Parent Relationship": "Outer",
          "Parallel Aware": false,
          "Startup Cost": 246289.02,
          "Total Cost": 246289.53,
          "Plan Rows": 5,
          "Plan Width": 8,
          "Actual Startup Time": 839.083,
          "Actual Total Time": 887.9,
          "Actual Rows": 6,
          "Actual Loops": 1,
          "Workers Planned": 5,
          "Workers Launched": 5,
          "Single Copy": false,
          "Plans": [
            {
              "Node Type": "Aggregate",
              "Strategy": "Plain",
              "Partial Mode": "Partial",
              "Parent Relationship": "Outer",
              "Parallel Aware": false,
              "Startup Cost": 245289.02,
              "Total Cost": 245289.03,
              "Plan Rows": 1,
              "Plan Width": 8,
              "Actual Startup Time": 830.367,
              "Actual Total Time": 830.423,
              "Actual Rows": 1,
              "Actual Loops": 6,
              "Plans": [
                {
                  "Node Type": "Hash Join",
                  "Parent Relationship": "Outer",
                  "Parallel Aware": true,
                  "Join Type": "Inner",
                  "Startup Cost": 45649.75,
                  "Total Cost": 245129.15,
                  "Plan Rows": 63945,
                  "Plan Width": 0,
                  "Actual Startup Time": 104.743,
                  "Actual Total Time": 810.708,
                  "Actual Rows": 366243,
                  "Actual Loops": 6,
                  "Inner Unique": true,
                  "Hash Cond": "(mi.movie_id = t.id)",
                  "Plans": [
                    {
                      "Node Type": "Seq Scan",
                      "Parent Relationship": "Outer",
                      "Parallel Aware": true,
                      "Relation Name": "movie_info",
                      "Alias": "mi",
                      "Startup Cost": 0.0,
                      "Total Cost": 191685.19,
                      "Plan Rows": 2969219,
                      "Plan Width": 4,
                      "Actual Startup Time": 0.028,
                      "Actual Total Time": 326.324,
                      "Actual Rows": 2472620,
                      "Actual Loops": 6
                    },
                    {
                      "Node Type": "Hash",
                      "Parent Relationship": "Inner",
                      "Parallel Aware": true,
                      "Startup Cost": 45479.59,
                      "Total Cost": 45479.59,
                      "Plan Rows": 13613,
                      "Plan Width": 4,
                      "Actual Startup Time": 93.311,
                      "Actual Total Time": 93.312,
                      "Actual Rows": 30530,
                      "Actual Loops": 6,
                      "Hash Buckets": 262144,
                      "Original Hash Buckets": 65536,
                      "Hash Batches": 1,
                      "Original Hash Batches": 1,
                      "Peak Memory Usage": 10848,
                      "Plans": [
                        {
                          "Node Type": "Seq Scan",
                          "Parent Relationship": "Outer",
                          "Parallel Aware": true,
                          "Relation Name": "title",
                          "Alias": "t",
                          "Startup Cost": 0.0,
                          "Total Cost": 45479.59,
                          "Plan Rows": 13613,
                          "Plan Width": 4,
                          "Actual Startup Time": 44.763,
                          "Actual Total Time": 76.058,
                          "Actual Rows": 30530,
                          "Actual Loops": 6,
                          "Filter": "((production_year < 1958) AND (kind_id = 1))",
                          "Rows Removed by Filter": 390856
                        }
                      ]
                    }
                  ]
                }
              ]
            }
          ]
        }
      ]
    },
    "Planning Time": 0.593,
    "Triggers": [],
    "Execution Time": 887.994
  }
]