{
  "Plan": {
    "Node Type": "Aggregate",
    "Strategy": "Plain",
    "Partial Mode": "Simple",
    "Parallel Aware": false,
    "Startup Cost": 2972.5,
    "Total Cost": 2972.51,
    "Plan Rows": 1,
    "Plan Width": 8,
    "Actual Startup Time": 40.969,
    "Actual Total Time": 40.97,
    "Actual Rows": 1,
    "Actual Loops": 1,
    "Plans": [
      {
        "Node Type": "Nested Loop",
        "Parent Relationship": "Outer",
        "Parallel Aware": false,
        "Join Type": "Inner",
        "Startup Cost": 7.07,
        "Total Cost": 2971.61,
        "Plan Rows": 358,
        "Plan Width": 0,
        "Actual Startup Time": 0.195,
        "Actual Total Time": 39.227,
        "Actual Rows": 16848,
        "Actual Loops": 1,
        "Inner Unique": false,
        "Plans": [
          {
            "Node Type": "Nested Loop",
            "Parent Relationship": "Outer",
            "Parallel Aware": false,
            "Join Type": "Inner",
            "Startup Cost": 6.64,
            "Total Cost": 2737.4,
            "Plan Rows": 102,
            "Plan Width": 8,
            "Actual Startup Time": 0.096,
            "Actual Total Time": 2.485,
            "Actual Rows": 192,
            "Actual Loops": 1,
            "Inner Unique": true,
            "Plans": [
              {
                "Node Type": "Bitmap Heap Scan",
                "Parent Relationship": "Outer",
                "Parallel Aware": false,
                "Relation Name": "movie_info_idx",
                "Alias": "mi_idx",
                "Startup Cost": 6.21,
                "Total Cost": 801.9,
                "Plan Rows": 230,
                "Plan Width": 4,
                "Actual Startup Time": 0.064,
                "Actual Total Time": 0.109,
                "Actual Rows": 260,
                "Actual Loops": 1,
                "Recheck Cond": "(info_type_id > 101)",
                "Rows Removed by Index Recheck": 0,
                "Exact Heap Blocks": 2,
                "Lossy Heap Blocks": 0,
                "Plans": [
                  {
                    "Node Type": "Bitmap Index Scan",
                    "Parent Relationship": "Outer",
                    "Parallel Aware": false,
                    "Index Name": "info_type_id_movie_info_idx",
                    "Startup Cost": 0.0,
                    "Total Cost": 6.15,
                    "Plan Rows": 230,
                    "Plan Width": 0,
                    "Actual Startup Time": 0.042,
                    "Actual Total Time": 0.042,
                    "Actual Rows": 260,
                    "Actual Loops": 1,
                    "Index Cond": "(info_type_id > 101)"
                  }
                ]
              },
              {
                "Node Type": "Index Scan",
                "Parent Relationship": "Inner",
                "Parallel Aware": false,
                "Scan Direction": "Forward",
                "Index Name": "title_pkey",
                "Relation Name": "title",
                "Alias": "t",
                "Startup Cost": 0.43,
                "Total Cost": 8.42,
                "Plan Rows": 1,
                "Plan Width": 4,
                "Actual Startup Time": 0.008,
                "Actual Total Time": 0.008,
                "Actual Rows": 1,
                "Actual Loops": 260,
                "Index Cond": "(id = mi_idx.movie_id)",
                "Rows Removed by Index Recheck": 0,
                "Filter": "(production_year < 2002)",
                "Rows Removed by Filter": 0
              }
            ]
          },
          {
            "Node Type": "Index Scan",
            "Parent Relationship": "Inner",
            "Parallel Aware": false,
            "Scan Direction": "Forward",
            "Index Name": "movie_id_movie_info",
            "Relation Name": "movie_info",
            "Alias": "mi",
            "Startup Cost": 0.43,
            "Total Cost": 2.05,
            "Plan Rows": 25,
            "Plan Width": 4,
            "Actual Startup Time": 0.024,
            "Actual Total Time": 0.176,
            "Actual Rows": 88,
            "Actual Loops": 192,
            "Index Cond": "(movie_id = t.id)",
            "Rows Removed by Index Recheck": 0,
            "Filter": "(info_type_id < 15)",
            "Rows Removed by Filter": 276
          }
        ]
      }
    ]
  },
  "Planning Time": 1.037,
  "Triggers": [],
  "Execution Time": 41.052
}