[
  {
    "Plan": {
      "Node Type": "Aggregate",
      "Strategy": "Plain",
      "Partial Mode": "Finalize",
      "Parallel Aware": false,
      "Startup Cost": 95500.4,
      "Total Cost": 95500.41,
      "Plan Rows": 1,
      "Plan Width": 8,
      "Actual Startup Time": 313.209,
      "Actual Total Time": 340.029,
      "Actual Rows": 1,
      "Actual Loops": 1,
      "Plans": [
        {
          "Node Type": "Gather",
          "Parent Relationship": "Outer",
          "Parallel Aware": false,
          "Startup Cost": 95500.08,
          "Total Cost": 95500.39,
          "Plan Rows": 3,
          "Plan Width": 8,
          "Actual Startup Time": 310.013,
          "Actual Total Time": 340.019,
          "Actual Rows": 4,
          "Actual Loops": 1,
          "Workers Planned": 3,
          "Workers Launched": 3,
          "Single Copy": false,
          "Plans": [
            {
              "Node Type": "Aggregate",
              "Strategy": "Plain",
              "Partial Mode": "Partial",
              "Parent Relationship": "Outer",
              "Parallel Aware": false,
              "Startup Cost": 94500.08,
              "Total Cost": 94500.09,
              "Plan Rows": 1,
              "Plan Width": 8,
              "Actual Startup Time": 304.899,
              "Actual Total Time": 304.907,
              "Actual Rows": 1,
              "Actual Loops": 4,
              "Plans": [
                {
                  "Node Type": "Nested Loop",
                  "Parent Relationship": "Outer",
                  "Parallel Aware": false,
                  "Join Type": "Inner",
                  "Startup Cost": 53160.19,
                  "Total Cost": 94450.14,
                  "Plan Rows": 19975,
                  "Plan Width": 0,
                  "Actual Startup Time": 201.896,
                  "Actual Total Time": 303.974,
                  "Actual Rows": 10432,
                  "Actual Loops": 4,
                  "Inner Unique": false,
                  "Plans": [
                    {
                      "Node Type": "Hash Join",
                      "Parent Relationship": "Outer",
                      "Parallel Aware": true,
                      "Join Type": "Inner",
                      "Startup Cost": 53159.76,
                      "Total Cost": 78985.51,
                      "Plan Rows": 19660,
                      "Plan Width": 8,
                      "Actual Startup Time": 201.624,
                      "Actual Total Time": 273.393,
                      "Actual Rows": 3917,
                      "Actual Loops": 4,
                      "Inner Unique": true,
                      "Hash Cond": "(mk.movie_id = t.id)",
                      "Plans": [
                        {
                          "Node Type": "Bitmap Heap Scan",
                          "Parent Relationship": "Outer",
                          "Parallel Aware": true,
                          "Relation Name": "movie_keyword",
                          "Alias": "mk",
                          "Startup Cost": 5967.35,
                          "Total Cost": 31555.03,
                          "Plan Rows": 90694,
                          "Plan Width": 4,
                          "Actual Startup Time": 29.6,
                          "Actual Total Time": 78.746,
                          "Actual Rows": 68112,
                          "Actual Loops": 4,
                          "Recheck Cond": "(keyword_id < 231)",
                          "Rows Removed by Index Recheck": 0,
                          "Exact Heap Blocks": 9558,
                          "Lossy Heap Blocks": 0,
                          "Plans": [
                            {
                              "Node Type": "Bitmap Index Scan",
                              "Parent Relationship": "Outer",
                              "Parallel Aware": false,
                              "Index Name": "keyword_id_movie_keyword",
                              "Startup Cost": 0.0,
                              "Total Cost": 5897.06,
                              "Plan Rows": 281151,
                              "Plan Width": 0,
                              "Actual Startup Time": 23.799,
                              "Actual Total Time": 23.8,
                              "Actual Rows": 272446,
                              "Actual Loops": 1,
                              "Index Cond": "(keyword_id < 231)"
                            }
                          ]
                        },
                        {
                          "Node Type": "Hash",
                          "Parent Relationship": "Inner",
                          "Parallel Aware": true,
                          "Startup Cost": 45479.59,
                          "Total Cost": 45479.59,
                          "Plan Rows": 137026,
                          "Plan Width": 4,
                          "Actual Startup Time": 169.116,
                          "Actual Total Time": 169.117,
                          "Actual Rows": 144191,
                          "Actual Loops": 4,
                          "Hash Buckets": 1048576,
                          "Original Hash Buckets": 1048576,
                          "Hash Batches": 1,
                          "Original Hash Batches": 1,
                          "Peak Memory Usage": 30816,
                          "Plans": [
                            {
                              "Node Type": "Seq Scan",
                              "Parent Relationship": "Outer",
                              "Parallel Aware": true,
                              "Relation Name": "title",
                              "Alias": "t",
                              "Startup Cost": 0.0,
                              "Total Cost": 45479.59,
                              "Plan Rows": 137026,
                              "Plan Width": 4,
                              "Actual Startup Time": 0.022,
                              "Actual Total Time": 111.468,
                              "Actual Rows": 144191,
                              "Actual Loops": 4,
                              "Filter": "((kind_id > 2) AND (production_year > 2007))",
                              "Rows Removed by Filter": 487887
                            }
                          ]
                        }
                      ]
                    },
                    {
                      "Node Type": "Index Scan",
                      "Parent Relationship": "Inner",
                      "Parallel Aware": false,
                      "Scan Direction": "Forward",
                      "Index Name": "movie_id_movie_companies",
                      "Relation Name": "movie_companies",
                      "Alias": "mc",
                      "Startup Cost": 0.43,
                      "Total Cost": 0.74,
                      "Plan Rows": 5,
                      "Plan Width": 4,
                      "Actual Startup Time": 0.006,
                      "Actual Total Time": 0.007,
                      "Actual Rows": 3,
                      "Actual Loops": 15668,
                      "Index Cond": "(movie_id = t.id)",
                      "Rows Removed by Index Recheck": 0,
                      "Filter": "(company_id < 199371)",
                      "Rows Removed by Filter": 0
                    }
                  ]
                }
              ]
            }
          ]
        }
      ]
    },
    "Planning Time": 0.561,
    "Triggers": [],
    "Execution Time": 340.092
  }
]