[
  {
    "Plan": {
      "Node Type": "Aggregate",
      "Strategy": "Plain",
      "Partial Mode": "Finalize",
      "Parallel Aware": false,
      "Startup Cost": 45651.92,
      "Total Cost": 45651.93,
      "Plan Rows": 1,
      "Plan Width": 8,
      "Actual Startup Time": 144.156,
      "Actual Total Time": 153.84,
      "Actual Rows": 1,
      "Actual Loops": 1,
      "Plans": [
        {
          "Node Type": "Gather",
          "Parent Relationship": "Outer",
          "Parallel Aware": false,
          "Startup Cost": 45651.6,
          "Total Cost": 45651.91,
          "Plan Rows": 3,
          "Plan Width": 8,
          "Actual Startup Time": 143.997,
          "Actual Total Time": 153.829,
          "Actual Rows": 4,
          "Actual Loops": 1,
          "Workers Planned": 3,
          "Workers Launched": 3,
          "Single Copy": false,
          "Plans": [
            {
              "Node Type": "Aggregate",
              "Strategy": "Plain",
              "Partial Mode": "Partial",
              "Parent Relationship": "Outer",
              "Parallel Aware": false,
              "Startup Cost": 44651.6,
              "Total Cost": 44651.61,
              "Plan Rows": 1,
              "Plan Width": 8,
              "Actual Startup Time": 137.21,
              "Actual Total Time": 137.211,
              "Actual Rows": 1,
              "Actual Loops": 4,
              "Plans": [
                {
                  "Node Type": "Seq Scan",
                  "Parent Relationship": "Outer",
                  "Parallel Aware": true,
                  "Relation Name": "movie_keyword",
                  "Alias": "mk",
                  "Startup Cost": 0.0,
                  "Total Cost": 42695.65,
                  "Plan Rows": 782379,
                  "Plan Width": 0,
                  "Actual Startup Time": 0.044,
                  "Actual Total Time": 110.057,
                  "Actual Rows": 610639,
                  "Actual Loops": 4,
                  "Filter": "(keyword_id < 5816)",
                  "Rows Removed by Filter": 520344
                }
              ]
            }
          ]
        }
      ]
    },
    "Planning Time": 0.181,
    "Triggers": [],
    "Execution Time": 153.893
  }
]