{
  "Plan": {
    "Node Type": "Aggregate",
    "Strategy": "Plain",
    "Partial Mode": "Finalize",
    "Parallel Aware": false,
    "Startup Cost": 398833.37,
    "Total Cost": 398833.38,
    "Plan Rows": 1,
    "Plan Width": 8,
    "Actual Startup Time": 3725.303,
    "Actual Total Time": 3781.372,
    "Actual Rows": 1,
    "Actual Loops": 1,
    "Plans": [
      {
        "Node Type": "Gather",
        "Parent Relationship": "Outer",
        "Parallel Aware": false,
        "Startup Cost": 398833.26,
        "Total Cost": 398833.37,
        "Plan Rows": 1,
        "Plan Width": 8,
        "Actual Startup Time": 3722.374,
        "Actual Total Time": 3781.36,
        "Actual Rows": 2,
        "Actual Loops": 1,
        "Workers Planned": 1,
        "Workers Launched": 1,
        "Single Copy": false,
        "Plans": [
          {
            "Node Type": "Aggregate",
            "Strategy": "Plain",
            "Partial Mode": "Partial",
            "Parent Relationship": "Outer",
            "Parallel Aware": false,
            "Startup Cost": 397833.26,
            "Total Cost": 397833.27,
            "Plan Rows": 1,
            "Plan Width": 8,
            "Actual Startup Time": 3714.819,
            "Actual Total Time": 3715.423,
            "Actual Rows": 1,
            "Actual Loops": 2,
            "Plans": [
              {
                "Node Type": "Hash Join",
                "Parent Relationship": "Outer",
                "Parallel Aware": true,
                "Join Type": "Inner",
                "Startup Cost": 110461.04,
                "Total Cost": 396101.81,
                "Plan Rows": 692581,
                "Plan Width": 0,
                "Actual Startup Time": 527.194,
                "Actual Total Time": 3120.657,
                "Actual Rows": 12963304,
                "Actual Loops": 2,
                "Inner Unique": false,
                "Hash Cond": "(mi.movie_id = t.id)",
                "Plans": [
                  {
                    "Node Type": "Seq Scan",
                    "Parent Relationship": "Outer",
                    "Parallel Aware": true,
                    "Relation Name": "movie_info",
                    "Alias": "mi",
                    "Startup Cost": 0.0,
                    "Total Cost": 248955.74,
                    "Plan Rows": 8696274,
                    "Plan Width": 4,
                    "Actual Startup Time": 0.013,
                    "Actual Total Time": 677.837,
                    "Actual Rows": 7417860,
                    "Actual Loops": 2
                  },
                  {
                    "Node Type": "Hash",
                    "Parent Relationship": "Inner",
                    "Parallel Aware": true,
                    "Startup Cost": 108980.47,
                    "Total Cost": 108980.47,
                    "Plan Rows": 118445,
                    "Plan Width": 8,
                    "Actual Startup Time": 522.558,
                    "Actual Total Time": 523.161,
                    "Actual Rows": 177102,
                    "Actual Loops": 2,
                    "Hash Buckets": 524288,
                    "Original Hash Buckets": 262144,
                    "Hash Batches": 1,
                    "Original Hash Batches": 1,
                    "Peak Memory Usage": 20032,
                    "Plans": [
                      {
                        "Node Type": "Hash Join",
                        "Parent Relationship": "Outer",
                        "Parallel Aware": true,
                        "Join Type": "Inner",
                        "Startup Cost": 78379.37,
                        "Total Cost": 108980.47,
                        "Plan Rows": 118445,
                        "Plan Width": 8,
                        "Actual Startup Time": 320.457,
                        "Actual Total Time": 479.659,
                        "Actual Rows": 177102,
                        "Actual Loops": 2,
                        "Inner Unique": true,
                        "Hash Cond": "(mk.movie_id = t.id)",
                        "Plans": [
                          {
                            "Node Type": "Bitmap Heap Scan",
                            "Parent Relationship": "Outer",
                            "Parallel Aware": true,
                            "Relation Name": "movie_keyword",
                            "Alias": "mk",
                            "Startup Cost": 14655.02,
                            "Total Cost": 44189.27,
                            "Plan Rows": 406420,
                            "Plan Width": 4,
                            "Actual Startup Time": 43.468,
                            "Actual Total Time": 129.327,
                            "Actual Rows": 338387,
                            "Actual Loops": 2,
                            "Recheck Cond": "(keyword_id > 27677)",
                            "Rows Removed by Index Recheck": 0,
                            "Exact Heap Blocks": 15824,
                            "Lossy Heap Blocks": 0,
                            "Plans": [
                              {
                                "Node Type": "Bitmap Index Scan",
                                "Parent Relationship": "Outer",
                                "Parallel Aware": false,
                                "Index Name": "keyword_id_movie_keyword",
                                "Startup Cost": 0.0,
                                "Total Cost": 14482.29,
                                "Plan Rows": 690914,
                                "Plan Width": 0,
                                "Actual Startup Time": 39.896,
                                "Actual Total Time": 39.897,
                                "Actual Rows": 676774,
                                "Actual Loops": 1,
                                "Index Cond": "(keyword_id > 27677)"
                              }
                            ]
                          },
                          {
                            "Node Type": "Hash",
                            "Parent Relationship": "Inner",
                            "Parallel Aware": true,
                            "Startup Cost": 58306.47,
                            "Total Cost": 58306.47,
                            "Plan Rows": 433431,
                            "Plan Width": 4,
                            "Actual Startup Time": 269.673,
                            "Actual Total Time": 269.674,
                            "Actual Rows": 317955,
                            "Actual Loops": 2,
                            "Hash Buckets": 1048576,
                            "Original Hash Buckets": 1048576,
                            "Hash Batches": 1,
                            "Original Hash Batches": 1,
                            "Peak Memory Usage": 33088,
                            "Plans": [
                              {
                                "Node Type": "Seq Scan",
                                "Parent Relationship": "Outer",
                                "Parallel Aware": true,
                                "Relation Name": "title",
                                "Alias": "t",
                                "Startup Cost": 0.0,
                                "Total Cost": 58306.47,
                                "Plan Rows": 433431,
                                "Plan Width": 4,
                                "Actual Startup Time": 0.03,
                                "Actual Total Time": 181.061,
                                "Actual Rows": 317955,
                                "Actual Loops": 2,
                                "Filter": "((kind_id < 7) AND (production_year > 1984))",
                                "Rows Removed by Filter": 946201
                              }
                            ]
                          }
                        ]
                      }
                    ]
                  }
                ]
              }
            ]
          }
        ]
      }
    ]
  },
  "Planning Time": 0.958,
  "Triggers": [],
  "Execution Time": 3781.488
}