[
  {
    "Plan": {
      "Node Type": "Aggregate",
      "Strategy": "Plain",
      "Partial Mode": "Finalize",
      "Parallel Aware": false,
      "Startup Cost": 339595.16,
      "Total Cost": 339595.17,
      "Plan Rows": 1,
      "Plan Width": 8,
      "Actual Startup Time": 423.783,
      "Actual Total Time": 447.795,
      "Actual Rows": 1,
      "Actual Loops": 1,
      "Plans": [
        {
          "Node Type": "Gather",
          "Parent Relationship": "Outer",
          "Parallel Aware": false,
          "Startup Cost": 339594.53,
          "Total Cost": 339595.14,
          "Plan Rows": 6,
          "Plan Width": 8,
          "Actual Startup Time": 423.625,
          "Actual Total Time": 447.784,
          "Actual Rows": 7,
          "Actual Loops": 1,
          "Workers Planned": 6,
          "Workers Launched": 6,
          "Single Copy": false,
          "Plans": [
            {
              "Node Type": "Aggregate",
              "Strategy": "Plain",
              "Partial Mode": "Partial",
              "Parent Relationship": "Outer",
              "Parallel Aware": false,
              "Startup Cost": 338594.53,
              "Total Cost": 338594.54,
              "Plan Rows": 1,
              "Plan Width": 8,
              "Actual Startup Time": 414.267,
              "Actual Total Time": 414.268,
              "Actual Rows": 1,
              "Actual Loops": 7,
              "Plans": [
                {
                  "Node Type": "Index Scan",
                  "Parent Relationship": "Outer",
                  "Parallel Aware": true,
                  "Scan Direction": "Forward",
                  "Index Name": "role_id_cast_info",
                  "Relation Name": "cast_info",
                  "Alias": "ci",
                  "Startup Cost": 0.56,
                  "Total Cost": 335235.55,
                  "Plan Rows": 1343594,
                  "Plan Width": 0,
                  "Actual Startup Time": 283.198,
                  "Actual Total Time": 390.306,
                  "Actual Rows": 485833,
                  "Actual Loops": 7,
                  "Index Cond": "(role_id < 2)",
                  "Rows Removed by Index Recheck": 0,
                  "Filter": "(person_id > 1265102)",
                  "Rows Removed by Filter": 1324266
                }
              ]
            }
          ]
        }
      ]
    },
    "Planning Time": 0.191,
    "Triggers": [],
    "Execution Time": 447.852
  }
]