{
  "Plan": {
    "Node Type": "Aggregate",
    "Strategy": "Plain",
    "Partial Mode": "Finalize",
    "Parallel Aware": false,
    "Startup Cost": 341444.51,
    "Total Cost": 341444.52,
    "Plan Rows": 1,
    "Plan Width": 8,
    "Actual Startup Time": 1429.109,
    "Actual Total Time": 1460.542,
    "Actual Rows": 1,
    "Actual Loops": 1,
    "Plans": [
      {
        "Node Type": "Gather",
        "Parent Relationship": "Outer",
        "Parallel Aware": false,
        "Startup Cost": 341444.39,
        "Total Cost": 341444.5,
        "Plan Rows": 1,
        "Plan Width": 8,
        "Actual Startup Time": 1420.651,
        "Actual Total Time": 1460.533,
        "Actual Rows": 2,
        "Actual Loops": 1,
        "Workers Planned": 1,
        "Workers Launched": 1,
        "Single Copy": false,
        "Plans": [
          {
            "Node Type": "Aggregate",
            "Strategy": "Plain",
            "Partial Mode": "Partial",
            "Parent Relationship": "Outer",
            "Parallel Aware": false,
            "Startup Cost": 340444.39,
            "Total Cost": 340444.4,
            "Plan Rows": 1,
            "Plan Width": 8,
            "Actual Startup Time": 1413.216,
            "Actual Total Time": 1414.851,
            "Actual Rows": 1,
            "Actual Loops": 2,
            "Plans": [
              {
                "Node Type": "Hash Join",
                "Parent Relationship": "Outer",
                "Parallel Aware": true,
                "Join Type": "Inner",
                "Startup Cost": 162753.55,
                "Total Cost": 339406.84,
                "Plan Rows": 415022,
                "Plan Width": 0,
                "Actual Startup Time": 1096.745,
                "Actual Total Time": 1379.625,
                "Actual Rows": 802024,
                "Actual Loops": 2,
                "Inner Unique": false,
                "Hash Cond": "(mi.movie_id = t.id)",
                "Plans": [
                  {
                    "Node Type": "Bitmap Heap Scan",
                    "Parent Relationship": "Outer",
                    "Parallel Aware": true,
                    "Relation Name": "movie_info",
                    "Alias": "mi",
                    "Startup Cost": 23159.21,
                    "Total Cost": 194551.43,
                    "Plan Rows": 751938,
                    "Plan Width": 4,
                    "Actual Startup Time": 57.198,
                    "Actual Total Time": 118.386,
                    "Actual Rows": 649494,
                    "Actual Loops": 2,
                    "Recheck Cond": "(info_type_id = 4)",
                    "Rows Removed by Index Recheck": 0,
                    "Exact Heap Blocks": 4452,
                    "Lossy Heap Blocks": 0,
                    "Plans": [
                      {
                        "Node Type": "Bitmap Index Scan",
                        "Parent Relationship": "Outer",
                        "Parallel Aware": false,
                        "Index Name": "info_type_id_movie_info",
                        "Startup Cost": 0.0,
                        "Total Cost": 22839.64,
                        "Plan Rows": 1278294,
                        "Plan Width": 0,
                        "Actual Startup Time": 55.94,
                        "Actual Total Time": 55.941,
                        "Actual Rows": 1298989,
                        "Actual Loops": 1,
                        "Index Cond": "(info_type_id = 4)"
                      }
                    ]
                  },
                  {
                    "Node Type": "Hash",
                    "Parent Relationship": "Inner",
                    "Parallel Aware": true,
                    "Startup Cost": 129333.64,
                    "Total Cost": 129333.64,
                    "Plan Rows": 820856,
                    "Plan Width": 8,
                    "Actual Startup Time": 1024.557,
                    "Actual Total Time": 1026.189,
                    "Actual Rows": 703893,
                    "Actual Loops": 2,
                    "Hash Buckets": 2097152,
                    "Original Hash Buckets": 2097152,
                    "Hash Batches": 1,
                    "Original Hash Batches": 1,
                    "Peak Memory Usage": 71488,
                    "Plans": [
                      {
                        "Node Type": "Hash Join",
                        "Parent Relationship": "Outer",
                        "Parallel Aware": true,
                        "Join Type": "Inner",
                        "Startup Cost": 69460.7,
                        "Total Cost": 129333.64,
                        "Plan Rows": 820856,
                        "Plan Width": 8,
                        "Actual Startup Time": 540.813,
                        "Actual Total Time": 882.284,
                        "Actual Rows": 703893,
                        "Actual Loops": 2,
                        "Inner Unique": true,
                        "Hash Cond": "(mk.movie_id = t.id)",
                        "Plans": [
                          {
                            "Node Type": "Seq Scan",
                            "Parent Relationship": "Outer",
                            "Parallel Aware": true,
                            "Relation Name": "movie_keyword",
                            "Alias": "mk",
                            "Startup Cost": 0.0,
                            "Total Cost": 57718.19,
                            "Plan Rows": 820856,
                            "Plan Width": 4,
                            "Actual Startup Time": 0.015,
                            "Actual Total Time": 173.682,
                            "Actual Rows": 703893,
                            "Actual Loops": 2,
                            "Filter": "(keyword_id < 1916)",
                            "Rows Removed by Filter": 1558072
                          },
                          {
                            "Node Type": "Hash",
                            "Parent Relationship": "Inner",
                            "Parallel Aware": true,
                            "Startup Cost": 50870.31,
                            "Total Cost": 50870.31,
                            "Plan Rows": 1487231,
                            "Plan Width": 4,
                            "Actual Startup Time": 527.625,
                            "Actual Total Time": 527.626,
                            "Actual Rows": 1264156,
                            "Actual Loops": 2,
                            "Hash Buckets": 4194304,
                            "Original Hash Buckets": 4194304,
                            "Hash Batches": 1,
                            "Original Hash Batches": 1,
                            "Peak Memory Usage": 131712,
                            "Plans": [
                              {
                                "Node Type": "Seq Scan",
                                "Parent Relationship": "Outer",
                                "Parallel Aware": true,
                                "Relation Name": "title",
                                "Alias": "t",
                                "Startup Cost": 0.0,
                                "Total Cost": 50870.31,
                                "Plan Rows": 1487231,
                                "Plan Width": 4,
                                "Actual Startup Time": 0.03,
                                "Actual Total Time": 151.82,
                                "Actual Rows": 1264156,
                                "Actual Loops": 2
                              }
                            ]
                          }
                        ]
                      }
                    ]
                  }
                ]
              }
            ]
          }
        ]
      }
    ]
  },
  "Planning Time": 0.876,
  "Triggers": [],
  "Execution Time": 1460.645
}