[
  {
    "Plan": {
      "Node Type": "Aggregate",
      "Strategy": "Plain",
      "Partial Mode": "Finalize",
      "Parallel Aware": false,
      "Startup Cost": 47061.47,
      "Total Cost": 47061.48,
      "Plan Rows": 1,
      "Plan Width": 8,
      "Actual Startup Time": 175.463,
      "Actual Total Time": 184.766,
      "Actual Rows": 1,
      "Actual Loops": 1,
      "Plans": [
        {
          "Node Type": "Gather",
          "Parent Relationship": "Outer",
          "Parallel Aware": false,
          "Startup Cost": 47061.15,
          "Total Cost": 47061.46,
          "Plan Rows": 3,
          "Plan Width": 8,
          "Actual Startup Time": 175.332,
          "Actual Total Time": 184.756,
          "Actual Rows": 4,
          "Actual Loops": 1,
          "Workers Planned": 3,
          "Workers Launched": 3,
          "Single Copy": false,
          "Plans": [
            {
              "Node Type": "Aggregate",
              "Strategy": "Plain",
              "Partial Mode": "Partial",
              "Parent Relationship": "Outer",
              "Parallel Aware": false,
              "Startup Cost": 46061.15,
              "Total Cost": 46061.16,
              "Plan Rows": 1,
              "Plan Width": 8,
              "Actual Startup Time": 167.969,
              "Actual Total Time": 167.97,
              "Actual Rows": 1,
              "Actual Loops": 4,
              "Plans": [
                {
                  "Node Type": "Seq Scan",
                  "Parent Relationship": "Outer",
                  "Parallel Aware": true,
                  "Relation Name": "movie_keyword",
                  "Alias": "mk",
                  "Startup Cost": 0.0,
                  "Total Cost": 42695.65,
                  "Plan Rows": 1346200,
                  "Plan Width": 0,
                  "Actual Startup Time": 0.07,
                  "Actual Total Time": 122.173,
                  "Actual Rows": 1045851,
                  "Actual Loops": 4,
                  "Filter": "(keyword_id < 48697)",
                  "Rows Removed by Filter": 85132
                }
              ]
            }
          ]
        }
      ]
    },
    "Planning Time": 0.208,
    "Triggers": [],
    "Execution Time": 184.822
  }
]