[
  {
    "Plan": {
      "Node Type": "Aggregate",
      "Strategy": "Plain",
      "Partial Mode": "Finalize",
      "Parallel Aware": false,
      "Startup Cost": 222793.22,
      "Total Cost": 222793.23,
      "Plan Rows": 1,
      "Plan Width": 8,
      "Actual Startup Time": 114.77,
      "Actual Total Time": 130.63,
      "Actual Rows": 1,
      "Actual Loops": 1,
      "Plans": [
        {
          "Node Type": "Gather",
          "Parent Relationship": "Outer",
          "Parallel Aware": false,
          "Startup Cost": 222792.8,
          "Total Cost": 222793.21,
          "Plan Rows": 4,
          "Plan Width": 8,
          "Actual Startup Time": 114.628,
          "Actual Total Time": 130.62,
          "Actual Rows": 5,
          "Actual Loops": 1,
          "Workers Planned": 4,
          "Workers Launched": 4,
          "Single Copy": false,
          "Plans": [
            {
              "Node Type": "Aggregate",
              "Strategy": "Plain",
              "Partial Mode": "Partial",
              "Parent Relationship": "Outer",
              "Parallel Aware": false,
              "Startup Cost": 221792.8,
              "Total Cost": 221792.81,
              "Plan Rows": 1,
              "Plan Width": 8,
              "Actual Startup Time": 104.82,
              "Actual Total Time": 104.822,
              "Actual Rows": 1,
              "Actual Loops": 5,
              "Plans": [
                {
                  "Node Type": "Nested Loop",
                  "Parent Relationship": "Outer",
                  "Parallel Aware": false,
                  "Join Type": "Inner",
                  "Startup Cost": 0.43,
                  "Total Cost": 221745.99,
                  "Plan Rows": 18722,
                  "Plan Width": 0,
                  "Actual Startup Time": 0.401,
                  "Actual Total Time": 104.121,
                  "Actual Rows": 7549,
                  "Actual Loops": 5,
                  "Inner Unique": false,
                  "Plans": [
                    {
                      "Node Type": "Seq Scan",
                      "Parent Relationship": "Outer",
                      "Parallel Aware": true,
                      "Relation Name": "title",
                      "Alias": "t",
                      "Startup Cost": 0.0,
                      "Total Cost": 45479.1,
                      "Plan Rows": 3202,
                      "Plan Width": 4,
                      "Actual Startup Time": 0.17,
                      "Actual Total Time": 74.041,
                      "Actual Rows": 2318,
                      "Actual Loops": 5,
                      "Filter": "((kind_id = 7) AND (production_year = 1986))",
                      "Rows Removed by Filter": 503345
                    },
                    {
                      "Node Type": "Index Only Scan",
                      "Parent Relationship": "Inner",
                      "Parallel Aware": false,
                      "Scan Direction": "Forward",
                      "Index Name": "movie_id_movie_info",
                      "Relation Name": "movie_info",
                      "Alias": "mi",
                      "Startup Cost": 0.43,
                      "Total Cost": 54.63,
                      "Plan Rows": 42,
                      "Plan Width": 4,
                      "Actual Startup Time": 0.008,
                      "Actual Total Time": 0.012,
                      "Actual Rows": 3,
                      "Actual Loops": 11588,
                      "Index Cond": "(movie_id = t.id)",
                      "Rows Removed by Index Recheck": 0,
                      "Heap Fetches": 37743
                    }
                  ]
                }
              ]
            }
          ]
        }
      ]
    },
    "Planning Time": 0.646,
    "Triggers": [],
    "Execution Time": 130.712
  }
]