[
  {
    "Plan": {
      "Node Type": "Aggregate",
      "Strategy": "Plain",
      "Partial Mode": "Finalize",
      "Parallel Aware": false,
      "Startup Cost": 45546.12,
      "Total Cost": 45546.13,
      "Plan Rows": 1,
      "Plan Width": 8,
      "Actual Startup Time": 154.684,
      "Actual Total Time": 164.382,
      "Actual Rows": 1,
      "Actual Loops": 1,
      "Plans": [
        {
          "Node Type": "Gather",
          "Parent Relationship": "Outer",
          "Parallel Aware": false,
          "Startup Cost": 45545.8,
          "Total Cost": 45546.11,
          "Plan Rows": 3,
          "Plan Width": 8,
          "Actual Startup Time": 154.537,
          "Actual Total Time": 164.372,
          "Actual Rows": 4,
          "Actual Loops": 1,
          "Workers Planned": 3,
          "Workers Launched": 3,
          "Single Copy": false,
          "Plans": [
            {
              "Node Type": "Aggregate",
              "Strategy": "Plain",
              "Partial Mode": "Partial",
              "Parent Relationship": "Outer",
              "Parallel Aware": false,
              "Startup Cost": 44545.8,
              "Total Cost": 44545.81,
              "Plan Rows": 1,
              "Plan Width": 8,
              "Actual Startup Time": 150.522,
              "Actual Total Time": 150.523,
              "Actual Rows": 1,
              "Actual Loops": 4,
              "Plans": [
                {
                  "Node Type": "Seq Scan",
                  "Parent Relationship": "Outer",
                  "Parallel Aware": true,
                  "Relation Name": "movie_keyword",
                  "Alias": "mk",
                  "Startup Cost": 0.0,
                  "Total Cost": 42695.65,
                  "Plan Rows": 740058,
                  "Plan Width": 0,
                  "Actual Startup Time": 0.302,
                  "Actual Total Time": 121.495,
                  "Actual Rows": 567486,
                  "Actual Loops": 4,
                  "Filter": "(keyword_id > 4653)",
                  "Rows Removed by Filter": 563497
                }
              ]
            }
          ]
        }
      ]
    },
    "Planning Time": 0.105,
    "Triggers": [],
    "Execution Time": 164.417
  }
]