[
  {
    "Plan": {
      "Node Type": "Aggregate",
      "Strategy": "Plain",
      "Partial Mode": "Finalize",
      "Parallel Aware": false,
      "Startup Cost": 37574.5,
      "Total Cost": 37574.51,
      "Plan Rows": 1,
      "Plan Width": 8,
      "Actual Startup Time": 129.312,
      "Actual Total Time": 137.35,
      "Actual Rows": 1,
      "Actual Loops": 1,
      "Plans": [
        {
          "Node Type": "Gather",
          "Parent Relationship": "Outer",
          "Parallel Aware": false,
          "Startup Cost": 37574.18,
          "Total Cost": 37574.49,
          "Plan Rows": 3,
          "Plan Width": 8,
          "Actual Startup Time": 129.041,
          "Actual Total Time": 137.343,
          "Actual Rows": 4,
          "Actual Loops": 1,
          "Workers Planned": 3,
          "Workers Launched": 3,
          "Single Copy": false,
          "Plans": [
            {
              "Node Type": "Aggregate",
              "Strategy": "Plain",
              "Partial Mode": "Partial",
              "Parent Relationship": "Outer",
              "Parallel Aware": false,
              "Startup Cost": 36574.18,
              "Total Cost": 36574.19,
              "Plan Rows": 1,
              "Plan Width": 8,
              "Actual Startup Time": 125.111,
              "Actual Total Time": 125.113,
              "Actual Rows": 1,
              "Actual Loops": 4,
              "Plans": [
                {
                  "Node Type": "Bitmap Heap Scan",
                  "Parent Relationship": "Outer",
                  "Parallel Aware": true,
                  "Relation Name": "movie_keyword",
                  "Alias": "mk",
                  "Startup Cost": 9869.41,
                  "Total Cost": 36199.06,
                  "Plan Rows": 150051,
                  "Plan Width": 0,
                  "Actual Startup Time": 50.882,
                  "Actual Total Time": 118.391,
                  "Actual Rows": 115229,
                  "Actual Loops": 4,
                  "Recheck Cond": "(keyword_id > 38530)",
                  "Rows Removed by Index Recheck": 0,
                  "Exact Heap Blocks": 11049,
                  "Lossy Heap Blocks": 0,
                  "Plans": [
                    {
                      "Node Type": "Bitmap Index Scan",
                      "Parent Relationship": "Outer",
                      "Parallel Aware": false,
                      "Index Name": "keyword_id_movie_keyword",
                      "Startup Cost": 0.0,
                      "Total Cost": 9753.12,
                      "Plan Rows": 465159,
                      "Plan Width": 0,
                      "Actual Startup Time": 50.595,
                      "Actual Total Time": 50.595,
                      "Actual Rows": 460916,
                      "Actual Loops": 1,
                      "Index Cond": "(keyword_id > 38530)"
                    }
                  ]
                }
              ]
            }
          ]
        }
      ]
    },
    "Planning Time": 0.182,
    "Triggers": [],
    "Execution Time": 137.448
  }
]