[
  {
    "Plan": {
      "Node Type": "Aggregate",
      "Strategy": "Plain",
      "Partial Mode": "Finalize",
      "Parallel Aware": false,
      "Startup Cost": 37754.58,
      "Total Cost": 37754.59,
      "Plan Rows": 1,
      "Plan Width": 8,
      "Actual Startup Time": 139.485,
      "Actual Total Time": 148.886,
      "Actual Rows": 1,
      "Actual Loops": 1,
      "Plans": [
        {
          "Node Type": "Gather",
          "Parent Relationship": "Outer",
          "Parallel Aware": false,
          "Startup Cost": 37754.27,
          "Total Cost": 37754.58,
          "Plan Rows": 3,
          "Plan Width": 8,
          "Actual Startup Time": 139.28,
          "Actual Total Time": 148.874,
          "Actual Rows": 4,
          "Actual Loops": 1,
          "Workers Planned": 3,
          "Workers Launched": 3,
          "Single Copy": false,
          "Plans": [
            {
              "Node Type": "Aggregate",
              "Strategy": "Plain",
              "Partial Mode": "Partial",
              "Parent Relationship": "Outer",
              "Parallel Aware": false,
              "Startup Cost": 36754.27,
              "Total Cost": 36754.28,
              "Plan Rows": 1,
              "Plan Width": 8,
              "Actual Startup Time": 131.495,
              "Actual Total Time": 131.497,
              "Actual Rows": 1,
              "Actual Loops": 4,
              "Plans": [
                {
                  "Node Type": "Bitmap Heap Scan",
                  "Parent Relationship": "Outer",
                  "Parallel Aware": true,
                  "Relation Name": "movie_keyword",
                  "Alias": "mk",
                  "Startup Cost": 10015.64,
                  "Total Cost": 36373.5,
                  "Plan Rows": 152308,
                  "Plan Width": 0,
                  "Actual Startup Time": 50.255,
                  "Actual Total Time": 123.649,
                  "Actual Rows": 115229,
                  "Actual Loops": 4,
                  "Recheck Cond": "(keyword_id > 38530)",
                  "Rows Removed by Index Recheck": 0,
                  "Exact Heap Blocks": 8250,
                  "Lossy Heap Blocks": 0,
                  "Plans": [
                    {
                      "Node Type": "Bitmap Index Scan",
                      "Parent Relationship": "Outer",
                      "Parallel Aware": false,
                      "Index Name": "keyword_id_movie_keyword",
                      "Startup Cost": 0.0,
                      "Total Cost": 9897.6,
                      "Plan Rows": 472156,
                      "Plan Width": 0,
                      "Actual Startup Time": 51.837,
                      "Actual Total Time": 51.838,
                      "Actual Rows": 460916,
                      "Actual Loops": 1,
                      "Index Cond": "(keyword_id > 38530)"
                    }
                  ]
                }
              ]
            }
          ]
        }
      ]
    },
    "Planning Time": 0.228,
    "Triggers": [],
    "Execution Time": 148.972
  }
]