[
  {
    "Plan": {
      "Node Type": "Aggregate",
      "Strategy": "Plain",
      "Partial Mode": "Finalize",
      "Parallel Aware": false,
      "Startup Cost": 81502.41,
      "Total Cost": 81502.42,
      "Plan Rows": 1,
      "Plan Width": 8,
      "Actual Startup Time": 495.412,
      "Actual Total Time": 510.92,
      "Actual Rows": 1,
      "Actual Loops": 1,
      "Plans": [
        {
          "Node Type": "Gather",
          "Parent Relationship": "Outer",
          "Parallel Aware": false,
          "Startup Cost": 81502.09,
          "Total Cost": 81502.4,
          "Plan Rows": 3,
          "Plan Width": 8,
          "Actual Startup Time": 490.758,
          "Actual Total Time": 510.91,
          "Actual Rows": 4,
          "Actual Loops": 1,
          "Workers Planned": 3,
          "Workers Launched": 3,
          "Single Copy": false,
          "Plans": [
            {
              "Node Type": "Aggregate",
              "Strategy": "Plain",
              "Partial Mode": "Partial",
              "Parent Relationship": "Outer",
              "Parallel Aware": false,
              "Startup Cost": 80502.09,
              "Total Cost": 80502.1,
              "Plan Rows": 1,
              "Plan Width": 8,
              "Actual Startup Time": 480.442,
              "Actual Total Time": 480.445,
              "Actual Rows": 1,
              "Actual Loops": 4,
              "Plans": [
                {
                  "Node Type": "Hash Join",
                  "Parent Relationship": "Outer",
                  "Parallel Aware": true,
                  "Join Type": "Inner",
                  "Startup Cost": 49906.99,
                  "Total Cost": 79322.88,
                  "Plan Rows": 471686,
                  "Plan Width": 0,
                  "Actual Startup Time": 245.853,
                  "Actual Total Time": 469.688,
                  "Actual Rows": 263344,
                  "Actual Loops": 4,
                  "Inner Unique": true,
                  "Hash Cond": "(mc.movie_id = t.id)",
                  "Plans": [
                    {
                      "Node Type": "Seq Scan",
                      "Parent Relationship": "Outer",
                      "Parallel Aware": true,
                      "Relation Name": "movie_companies",
                      "Alias": "mc",
                      "Startup Cost": 0.0,
                      "Total Cost": 27206.55,
                      "Plan Rows": 841655,
                      "Plan Width": 4,
                      "Actual Startup Time": 0.019,
                      "Actual Total Time": 56.614,
                      "Actual Rows": 652282,
                      "Actual Loops": 4
                    },
                    {
                      "Node Type": "Hash",
                      "Parent Relationship": "Inner",
                      "Parallel Aware": true,
                      "Startup Cost": 45479.1,
                      "Total Cost": 45479.1,
                      "Plan Rows": 354231,
                      "Plan Width": 4,
                      "Actual Startup Time": 238.985,
                      "Actual Total Time": 238.986,
                      "Actual Rows": 349680,
                      "Actual Loops": 4,
                      "Hash Buckets": 2097152,
                      "Original Hash Buckets": 2097152,
                      "Hash Batches": 1,
                      "Original Hash Batches": 1,
                      "Peak Memory Usage": 71168,
                      "Plans": [
                        {
                          "Node Type": "Seq Scan",
                          "Parent Relationship": "Outer",
                          "Parallel Aware": true,
                          "Relation Name": "title",
                          "Alias": "t",
                          "Startup Cost": 0.0,
                          "Total Cost": 45479.1,
                          "Plan Rows": 354231,
                          "Plan Width": 4,
                          "Actual Startup Time": 0.042,
                          "Actual Total Time": 108.617,
                          "Actual Rows": 349680,
                          "Actual Loops": 4,
                          "Filter": "((kind_id > 1) AND (production_year < 2010))",
                          "Rows Removed by Filter": 282398
                        }
                      ]
                    }
                  ]
                }
              ]
            }
          ]
        }
      ]
    },
    "Planning Time": 0.516,
    "Triggers": [],
    "Execution Time": 510.983
  }
]