[
    {
        "Bao": {
            "Bao prediction": "NaN",
            "Bao recommended hint": "(no hint)"
        }
    },
    {
        "Plan": {
            "Node Type": "Aggregate",
            "Strategy": "Plain",
            "Partial Mode": "Finalize",
            "Parallel Aware": false,
            "Startup Cost": 24440.05,
            "Total Cost": 24440.06,
            "Plan Rows": 1,
            "Plan Width": 8,
            "Actual Startup Time": 38.453,
            "Actual Total Time": 42.097,
            "Actual Rows": 1,
            "Actual Loops": 1,
            "Output": [
                "count(*)"
            ],
            "Plans": [
                {
                    "Node Type": "Gather",
                    "Parent Relationship": "Outer",
                    "Parallel Aware": false,
                    "Startup Cost": 24439.73,
                    "Total Cost": 24440.04,
                    "Plan Rows": 3,
                    "Plan Width": 8,
                    "Actual Startup Time": 38.316,
                    "Actual Total Time": 42.091,
                    "Actual Rows": 4,
                    "Actual Loops": 1,
                    "Output": [
                        "(PARTIAL count(*))"
                    ],
                    "Workers Planned": 3,
                    "Workers Launched": 3,
                    "Single Copy": false,
                    "Plans": [
                        {
                            "Node Type": "Aggregate",
                            "Strategy": "Plain",
                            "Partial Mode": "Partial",
                            "Parent Relationship": "Outer",
                            "Parallel Aware": false,
                            "Startup Cost": 23439.73,
                            "Total Cost": 23439.74,
                            "Plan Rows": 1,
                            "Plan Width": 8,
                            "Actual Startup Time": 29.724,
                            "Actual Total Time": 29.725,
                            "Actual Rows": 1,
                            "Actual Loops": 4,
                            "Output": [
                                "PARTIAL count(*)"
                            ],
                            "Workers": [
                                {
                                    "Worker Number": 0,
                                    "Actual Startup Time": 26.743,
                                    "Actual Total Time": 26.745,
                                    "Actual Rows": 1,
                                    "Actual Loops": 1
                                },
                                {
                                    "Worker Number": 1,
                                    "Actual Startup Time": 26.734,
                                    "Actual Total Time": 26.735,
                                    "Actual Rows": 1,
                                    "Actual Loops": 1
                                },
                                {
                                    "Worker Number": 2,
                                    "Actual Startup Time": 27.366,
                                    "Actual Total Time": 27.367,
                                    "Actual Rows": 1,
                                    "Actual Loops": 1
                                }
                            ],
                            "Plans": [
                                {
                                    "Node Type": "Bitmap Heap Scan",
                                    "Parent Relationship": "Outer",
                                    "Parallel Aware": true,
                                    "Relation Name": "movie_companies",
                                    "Schema": "public",
                                    "Alias": "mc",
                                    "Startup Cost": 3739.25,
                                    "Total Cost": 23368.43,
                                    "Plan Rows": 28523,
                                    "Plan Width": 0,
                                    "Actual Startup Time": 2.756,
                                    "Actual Total Time": 26.512,
                                    "Actual Rows": 44032,
                                    "Actual Loops": 4,
                                    "Recheck Cond": "(mc.company_id > 121655)",
                                    "Rows Removed by Index Recheck": 0,
                                    "Filter": "(mc.company_type_id > 1)",
                                    "Rows Removed by Filter": 0,
                                    "Exact Heap Blocks": 2365,
                                    "Lossy Heap Blocks": 0,
                                    "Workers": [
                                        {
                                            "Worker Number": 0,
                                            "Actual Startup Time": 0.194,
                                            "Actual Total Time": 23.975,
                                            "Actual Rows": 23787,
                                            "Actual Loops": 1
                                        },
                                        {
                                            "Worker Number": 1,
                                            "Actual Startup Time": 0.47,
                                            "Actual Total Time": 24.004,
                                            "Actual Rows": 24378,
                                            "Actual Loops": 1
                                        },
                                        {
                                            "Worker Number": 2,
                                            "Actual Startup Time": 0.169,
                                            "Actual Total Time": 24.541,
                                            "Actual Rows": 28582,
                                            "Actual Loops": 1
                                        }
                                    ],
                                    "Plans": [
                                        {
                                            "Node Type": "Bitmap Index Scan",
                                            "Parent Relationship": "Outer",
                                            "Parallel Aware": false,
                                            "Index Name": "company_id_movie_companies",
                                            "Startup Cost": 0.0,
                                            "Total Cost": 3717.15,
                                            "Plan Rows": 173429,
                                            "Plan Width": 0,
                                            "Actual Startup Time": 9.331,
                                            "Actual Total Time": 9.332,
                                            "Actual Rows": 176129,
                                            "Actual Loops": 1,
                                            "Index Cond": "(mc.company_id > 121655)"
                                        }
                                    ]
                                }
                            ]
                        }
                    ]
                }
            ]
        },
        "Planning Time": 187.139,
        "Triggers": [],
        "Execution Time": 42.148
    }
]