[
  {
    "Plan": {
      "Node Type": "Aggregate",
      "Strategy": "Plain",
      "Partial Mode": "Finalize",
      "Parallel Aware": false,
      "Startup Cost": 32674.4,
      "Total Cost": 32674.41,
      "Plan Rows": 1,
      "Plan Width": 8,
      "Actual Startup Time": 78.063,
      "Actual Total Time": 86.063,
      "Actual Rows": 1,
      "Actual Loops": 1,
      "Plans": [
        {
          "Node Type": "Gather",
          "Parent Relationship": "Outer",
          "Parallel Aware": false,
          "Startup Cost": 32674.08,
          "Total Cost": 32674.39,
          "Plan Rows": 3,
          "Plan Width": 8,
          "Actual Startup Time": 77.943,
          "Actual Total Time": 86.056,
          "Actual Rows": 4,
          "Actual Loops": 1,
          "Workers Planned": 3,
          "Workers Launched": 3,
          "Single Copy": false,
          "Plans": [
            {
              "Node Type": "Aggregate",
              "Strategy": "Plain",
              "Partial Mode": "Partial",
              "Parent Relationship": "Outer",
              "Parallel Aware": false,
              "Startup Cost": 31674.08,
              "Total Cost": 31674.09,
              "Plan Rows": 1,
              "Plan Width": 8,
              "Actual Startup Time": 71.985,
              "Actual Total Time": 71.986,
              "Actual Rows": 1,
              "Actual Loops": 4,
              "Plans": [
                {
                  "Node Type": "Seq Scan",
                  "Parent Relationship": "Outer",
                  "Parallel Aware": true,
                  "Relation Name": "movie_companies",
                  "Alias": "mc",
                  "Startup Cost": 0.0,
                  "Total Cost": 31414.82,
                  "Plan Rows": 103705,
                  "Plan Width": 0,
                  "Actual Startup Time": 33.443,
                  "Actual Total Time": 71.672,
                  "Actual Rows": 6090,
                  "Actual Loops": 4,
                  "Filter": "((company_id > 51466) AND (company_type_id = 1))",
                  "Rows Removed by Filter": 646192
                }
              ]
            }
          ]
        }
      ]
    },
    "Planning Time": 0.256,
    "Triggers": [],
    "Execution Time": 86.117
  }
]