[
  {
    "Plan": {
      "Node Type": "Aggregate",
      "Strategy": "Plain",
      "Partial Mode": "Finalize",
      "Parallel Aware": false,
      "Startup Cost": 256313.52,
      "Total Cost": 256313.53,
      "Plan Rows": 1,
      "Plan Width": 8,
      "Actual Startup Time": 942.803,
      "Actual Total Time": 967.803,
      "Actual Rows": 1,
      "Actual Loops": 1,
      "Plans": [
        {
          "Node Type": "Gather",
          "Parent Relationship": "Outer",
          "Parallel Aware": false,
          "Startup Cost": 256313.0,
          "Total Cost": 256313.51,
          "Plan Rows": 5,
          "Plan Width": 8,
          "Actual Startup Time": 937.23,
          "Actual Total Time": 967.791,
          "Actual Rows": 6,
          "Actual Loops": 1,
          "Workers Planned": 5,
          "Workers Launched": 5,
          "Single Copy": false,
          "Plans": [
            {
              "Node Type": "Aggregate",
              "Strategy": "Plain",
              "Partial Mode": "Partial",
              "Parent Relationship": "Outer",
              "Parallel Aware": false,
              "Startup Cost": 255313.0,
              "Total Cost": 255313.01,
              "Plan Rows": 1,
              "Plan Width": 8,
              "Actual Startup Time": 927.716,
              "Actual Total Time": 927.718,
              "Actual Rows": 1,
              "Actual Loops": 6,
              "Plans": [
                {
                  "Node Type": "Hash Join",
                  "Parent Relationship": "Outer",
                  "Parallel Aware": true,
                  "Join Type": "Inner",
                  "Startup Cost": 47389.46,
                  "Total Cost": 253620.52,
                  "Plan Rows": 676993,
                  "Plan Width": 0,
                  "Actual Startup Time": 136.44,
                  "Actual Total Time": 876.526,
                  "Actual Rows": 1015831,
                  "Actual Loops": 6,
                  "Inner Unique": true,
                  "Hash Cond": "(mi.movie_id = t.id)",
                  "Plans": [
                    {
                      "Node Type": "Seq Scan",
                      "Parent Relationship": "Outer",
                      "Parallel Aware": true,
                      "Relation Name": "movie_info",
                      "Alias": "mi",
                      "Startup Cost": 0.0,
                      "Total Cost": 198880.74,
                      "Plan Rows": 2800119,
                      "Plan Width": 4,
                      "Actual Startup Time": 0.021,
                      "Actual Total Time": 350.959,
                      "Actual Rows": 2338930,
                      "Actual Loops": 6,
                      "Filter": "(info_type_id > 1)",
                      "Rows Removed by Filter": 133690
                    },
                    {
                      "Node Type": "Hash",
                      "Parent Relationship": "Inner",
                      "Parallel Aware": true,
                      "Startup Cost": 45479.21,
                      "Total Cost": 45479.21,
                      "Plan Rows": 152820,
                      "Plan Width": 4,
                      "Actual Startup Time": 120.285,
                      "Actual Total Time": 120.286,
                      "Actual Rows": 83910,
                      "Actual Loops": 6,
                      "Hash Buckets": 1048576,
                      "Original Hash Buckets": 1048576,
                      "Hash Batches": 1,
                      "Original Hash Batches": 1,
                      "Peak Memory Usage": 27968,
                      "Plans": [
                        {
                          "Node Type": "Seq Scan",
                          "Parent Relationship": "Outer",
                          "Parallel Aware": true,
                          "Relation Name": "title",
                          "Alias": "t",
                          "Startup Cost": 0.0,
                          "Total Cost": 45479.21,
                          "Plan Rows": 152820,
                          "Plan Width": 4,
                          "Actual Startup Time": 45.539,
                          "Actual Total Time": 85.39,
                          "Actual Rows": 83910,
                          "Actual Loops": 6,
                          "Filter": "((production_year > 1945) AND (kind_id = 1))",
                          "Rows Removed by Filter": 337475
                        }
                      ]
                    }
                  ]
                }
              ]
            }
          ]
        }
      ]
    },
    "Planning Time": 0.657,
    "Triggers": [],
    "Execution Time": 967.893
  }
]