[
  {
    "Plan": {
      "Node Type": "Aggregate",
      "Strategy": "Plain",
      "Partial Mode": "Finalize",
      "Parallel Aware": false,
      "Startup Cost": 131740.17,
      "Total Cost": 131740.18,
      "Plan Rows": 1,
      "Plan Width": 8,
      "Actual Startup Time": 819.878,
      "Actual Total Time": 843.746,
      "Actual Rows": 1,
      "Actual Loops": 1,
      "Plans": [
        {
          "Node Type": "Gather",
          "Parent Relationship": "Outer",
          "Parallel Aware": false,
          "Startup Cost": 131739.85,
          "Total Cost": 131740.16,
          "Plan Rows": 3,
          "Plan Width": 8,
          "Actual Startup Time": 813.479,
          "Actual Total Time": 843.729,
          "Actual Rows": 4,
          "Actual Loops": 1,
          "Workers Planned": 3,
          "Workers Launched": 3,
          "Single Copy": false,
          "Plans": [
            {
              "Node Type": "Aggregate",
              "Strategy": "Plain",
              "Partial Mode": "Partial",
              "Parent Relationship": "Outer",
              "Parallel Aware": false,
              "Startup Cost": 130739.85,
              "Total Cost": 130739.86,
              "Plan Rows": 1,
              "Plan Width": 8,
              "Actual Startup Time": 804.459,
              "Actual Total Time": 804.787,
              "Actual Rows": 1,
              "Actual Loops": 4,
              "Plans": [
                {
                  "Node Type": "Hash Join",
                  "Parent Relationship": "Outer",
                  "Parallel Aware": true,
                  "Join Type": "Inner",
                  "Startup Cost": 83375.11,
                  "Total Cost": 129497.7,
                  "Plan Rows": 496860,
                  "Plan Width": 0,
                  "Actual Startup Time": 553.786,
                  "Actual Total Time": 796.183,
                  "Actual Rows": 152024,
                  "Actual Loops": 4,
                  "Inner Unique": false,
                  "Hash Cond": "(mk.movie_id = t.id)",
                  "Plans": [
                    {
                      "Node Type": "Seq Scan",
                      "Parent Relationship": "Outer",
                      "Parallel Aware": true,
                      "Relation Name": "movie_keyword",
                      "Alias": "mk",
                      "Startup Cost": 0.0,
                      "Total Cost": 39047.32,
                      "Plan Rows": 1459332,
                      "Plan Width": 4,
                      "Actual Startup Time": 0.041,
                      "Actual Total Time": 110.043,
                      "Actual Rows": 1130982,
                      "Actual Loops": 4
                    },
                    {
                      "Node Type": "Hash",
                      "Parent Relationship": "Inner",
                      "Parallel Aware": true,
                      "Startup Cost": 79903.92,
                      "Total Cost": 79903.92,
                      "Plan Rows": 277695,
                      "Plan Width": 8,
                      "Actual Startup Time": 549.255,
                      "Actual Total Time": 549.581,
                      "Actual Rows": 59154,
                      "Actual Loops": 4,
                      "Hash Buckets": 1048576,
                      "Original Hash Buckets": 1048576,
                      "Hash Batches": 1,
                      "Original Hash Batches": 1,
                      "Peak Memory Usage": 17536,
                      "Plans": [
                        {
                          "Node Type": "Hash Join",
                          "Parent Relationship": "Outer",
                          "Parallel Aware": true,
                          "Join Type": "Inner",
                          "Startup Cost": 48918.29,
                          "Total Cost": 79903.92,
                          "Plan Rows": 277695,
                          "Plan Width": 8,
                          "Actual Startup Time": 298.587,
                          "Actual Total Time": 524.288,
                          "Actual Rows": 59154,
                          "Actual Loops": 4,
                          "Inner Unique": true,
                          "Hash Cond": "(mc.movie_id = t.id)",
                          "Plans": [
                            {
                              "Node Type": "Seq Scan",
                              "Parent Relationship": "Outer",
                              "Parallel Aware": true,
                              "Relation Name": "movie_companies",
                              "Alias": "mc",
                              "Startup Cost": 0.0,
                              "Total Cost": 29310.68,
                              "Plan Rows": 638078,
                              "Plan Width": 4,
                              "Actual Startup Time": 0.23,
                              "Actual Total Time": 91.499,
                              "Actual Rows": 496244,
                              "Actual Loops": 4,
                              "Filter": "(company_id > 793)",
                              "Rows Removed by Filter": 156039
                            },
                            {
                              "Node Type": "Hash",
                              "Parent Relationship": "Inner",
                              "Parallel Aware": true,
                              "Startup Cost": 45479.59,
                              "Total Cost": 45479.59,
                              "Plan Rows": 275096,
                              "Plan Width": 4,
                              "Actual Startup Time": 292.896,
                              "Actual Total Time": 292.898,
                              "Actual Rows": 297387,
                              "Actual Loops": 4,
                              "Hash Buckets": 2097152,
                              "Original Hash Buckets": 2097152,
                              "Hash Batches": 1,
                              "Original Hash Batches": 1,
                              "Peak Memory Usage": 63008,
                              "Plans": [
                                {
                                  "Node Type": "Seq Scan",
                                  "Parent Relationship": "Outer",
                                  "Parallel Aware": true,
                                  "Relation Name": "title",
                                  "Alias": "t",
                                  "Startup Cost": 0.0,
                                  "Total Cost": 45479.59,
                                  "Plan Rows": 275096,
                                  "Plan Width": 4,
                                  "Actual Startup Time": 0.066,
                                  "Actual Total Time": 140.649,
                                  "Actual Rows": 297387,
                                  "Actual Loops": 4,
                                  "Filter": "((production_year > 1988) AND (kind_id = 7))",
                                  "Rows Removed by Filter": 334691
                                }
                              ]
                            }
                          ]
                        }
                      ]
                    }
                  ]
                }
              ]
            }
          ]
        }
      ]
    },
    "Planning Time": 0.709,
    "Triggers": [],
    "Execution Time": 843.804
  }
]