[
  {
    "Plan": {
      "Node Type": "Aggregate",
      "Strategy": "Plain",
      "Partial Mode": "Finalize",
      "Parallel Aware": false,
      "Startup Cost": 92333.24,
      "Total Cost": 92333.25,
      "Plan Rows": 1,
      "Plan Width": 8,
      "Actual Startup Time": 273.263,
      "Actual Total Time": 288.898,
      "Actual Rows": 1,
      "Actual Loops": 1,
      "Plans": [
        {
          "Node Type": "Gather",
          "Parent Relationship": "Outer",
          "Parallel Aware": false,
          "Startup Cost": 92332.92,
          "Total Cost": 92333.23,
          "Plan Rows": 3,
          "Plan Width": 8,
          "Actual Startup Time": 272.655,
          "Actual Total Time": 288.888,
          "Actual Rows": 4,
          "Actual Loops": 1,
          "Workers Planned": 3,
          "Workers Launched": 3,
          "Single Copy": false,
          "Plans": [
            {
              "Node Type": "Aggregate",
              "Strategy": "Plain",
              "Partial Mode": "Partial",
              "Parent Relationship": "Outer",
              "Parallel Aware": false,
              "Startup Cost": 91332.92,
              "Total Cost": 91332.93,
              "Plan Rows": 1,
              "Plan Width": 8,
              "Actual Startup Time": 264.249,
              "Actual Total Time": 264.252,
              "Actual Rows": 1,
              "Actual Loops": 4,
              "Plans": [
                {
                  "Node Type": "Hash Join",
                  "Parent Relationship": "Outer",
                  "Parallel Aware": true,
                  "Join Type": "Inner",
                  "Startup Cost": 46268.95,
                  "Total Cost": 91127.04,
                  "Plan Rows": 82353,
                  "Plan Width": 0,
                  "Actual Startup Time": 111.276,
                  "Actual Total Time": 263.782,
                  "Actual Rows": 10636,
                  "Actual Loops": 4,
                  "Inner Unique": true,
                  "Hash Cond": "(mk.movie_id = t.id)",
                  "Plans": [
                    {
                      "Node Type": "Seq Scan",
                      "Parent Relationship": "Outer",
                      "Parallel Aware": true,
                      "Relation Name": "movie_keyword",
                      "Alias": "mk",
                      "Startup Cost": 0.0,
                      "Total Cost": 42695.65,
                      "Plan Rows": 823785,
                      "Plan Width": 4,
                      "Actual Startup Time": 0.025,
                      "Actual Total Time": 101.922,
                      "Actual Rows": 638348,
                      "Actual Loops": 4,
                      "Filter": "(keyword_id < 6428)",
                      "Rows Removed by Filter": 492635
                    },
                    {
                      "Node Type": "Hash",
                      "Parent Relationship": "Inner",
                      "Parallel Aware": true,
                      "Startup Cost": 45479.1,
                      "Total Cost": 45479.1,
                      "Plan Rows": 63188,
                      "Plan Width": 4,
                      "Actual Startup Time": 108.306,
                      "Actual Total Time": 108.307,
                      "Actual Rows": 38489,
                      "Actual Loops": 4,
                      "Hash Buckets": 262144,
                      "Original Hash Buckets": 262144,
                      "Hash Batches": 1,
                      "Original Hash Batches": 1,
                      "Peak Memory Usage": 8128,
                      "Plans": [
                        {
                          "Node Type": "Seq Scan",
                          "Parent Relationship": "Outer",
                          "Parallel Aware": true,
                          "Relation Name": "title",
                          "Alias": "t",
                          "Startup Cost": 0.0,
                          "Total Cost": 45479.1,
                          "Plan Rows": 63188,
                          "Plan Width": 4,
                          "Actual Startup Time": 0.044,
                          "Actual Total Time": 93.132,
                          "Actual Rows": 38489,
                          "Actual Loops": 4,
                          "Filter": "((kind_id > 4) AND (production_year < 1974))",
                          "Rows Removed by Filter": 593589
                        }
                      ]
                    }
                  ]
                }
              ]
            }
          ]
        }
      ]
    },
    "Planning Time": 0.645,
    "Triggers": [],
    "Execution Time": 288.978
  }
]