[
  {
    "Plan": {
      "Node Type": "Aggregate",
      "Strategy": "Plain",
      "Partial Mode": "Finalize",
      "Parallel Aware": false,
      "Startup Cost": 45869.69,
      "Total Cost": 45869.7,
      "Plan Rows": 1,
      "Plan Width": 8,
      "Actual Startup Time": 161.765,
      "Actual Total Time": 172.337,
      "Actual Rows": 1,
      "Actual Loops": 1,
      "Plans": [
        {
          "Node Type": "Gather",
          "Parent Relationship": "Outer",
          "Parallel Aware": false,
          "Startup Cost": 45869.37,
          "Total Cost": 45869.68,
          "Plan Rows": 3,
          "Plan Width": 8,
          "Actual Startup Time": 161.666,
          "Actual Total Time": 172.328,
          "Actual Rows": 4,
          "Actual Loops": 1,
          "Workers Planned": 3,
          "Workers Launched": 3,
          "Single Copy": false,
          "Plans": [
            {
              "Node Type": "Aggregate",
              "Strategy": "Plain",
              "Partial Mode": "Partial",
              "Parent Relationship": "Outer",
              "Parallel Aware": false,
              "Startup Cost": 44869.37,
              "Total Cost": 44869.38,
              "Plan Rows": 1,
              "Plan Width": 8,
              "Actual Startup Time": 153.981,
              "Actual Total Time": 153.982,
              "Actual Rows": 1,
              "Actual Loops": 4,
              "Plans": [
                {
                  "Node Type": "Seq Scan",
                  "Parent Relationship": "Outer",
                  "Parallel Aware": true,
                  "Relation Name": "movie_keyword",
                  "Alias": "mk",
                  "Startup Cost": 0.0,
                  "Total Cost": 42695.65,
                  "Plan Rows": 869486,
                  "Plan Width": 0,
                  "Actual Startup Time": 0.061,
                  "Actual Total Time": 122.089,
                  "Actual Rows": 671588,
                  "Actual Loops": 4,
                  "Filter": "(keyword_id < 7581)",
                  "Rows Removed by Filter": 459394
                }
              ]
            }
          ]
        }
      ]
    },
    "Planning Time": 0.188,
    "Triggers": [],
    "Execution Time": 172.392
  }
]