[
  {
    "Plan": {
      "Node Type": "Aggregate",
      "Strategy": "Plain",
      "Partial Mode": "Finalize",
      "Parallel Aware": false,
      "Startup Cost": 77885.75,
      "Total Cost": 77885.76,
      "Plan Rows": 1,
      "Plan Width": 8,
      "Actual Startup Time": 331.688,
      "Actual Total Time": 346.176,
      "Actual Rows": 1,
      "Actual Loops": 1,
      "Plans": [
        {
          "Node Type": "Gather",
          "Parent Relationship": "Outer",
          "Parallel Aware": false,
          "Startup Cost": 77885.43,
          "Total Cost": 77885.74,
          "Plan Rows": 3,
          "Plan Width": 8,
          "Actual Startup Time": 327.306,
          "Actual Total Time": 346.167,
          "Actual Rows": 4,
          "Actual Loops": 1,
          "Workers Planned": 3,
          "Workers Launched": 3,
          "Single Copy": false,
          "Plans": [
            {
              "Node Type": "Aggregate",
              "Strategy": "Plain",
              "Partial Mode": "Partial",
              "Parent Relationship": "Outer",
              "Parallel Aware": false,
              "Startup Cost": 76885.43,
              "Total Cost": 76885.44,
              "Plan Rows": 1,
              "Plan Width": 8,
              "Actual Startup Time": 322.516,
              "Actual Total Time": 322.519,
              "Actual Rows": 1,
              "Actual Loops": 4,
              "Plans": [
                {
                  "Node Type": "Hash Join",
                  "Parent Relationship": "Outer",
                  "Parallel Aware": true,
                  "Join Type": "Inner",
                  "Startup Cost": 46140.6,
                  "Total Cost": 76580.4,
                  "Plan Rows": 122013,
                  "Plan Width": 0,
                  "Actual Startup Time": 204.412,
                  "Actual Total Time": 317.021,
                  "Actual Rows": 133266,
                  "Actual Loops": 4,
                  "Inner Unique": true,
                  "Hash Cond": "(mc.movie_id = t.id)",
                  "Plans": [
                    {
                      "Node Type": "Seq Scan",
                      "Parent Relationship": "Outer",
                      "Parallel Aware": true,
                      "Relation Name": "movie_companies",
                      "Alias": "mc",
                      "Startup Cost": 0.0,
                      "Total Cost": 29310.68,
                      "Plan Rows": 430142,
                      "Plan Width": 4,
                      "Actual Startup Time": 32.146,
                      "Actual Total Time": 68.692,
                      "Actual Rows": 333721,
                      "Actual Loops": 4,
                      "Filter": "(company_type_id > 1)",
                      "Rows Removed by Filter": 318562
                    },
                    {
                      "Node Type": "Hash",
                      "Parent Relationship": "Inner",
                      "Parallel Aware": true,
                      "Startup Cost": 43899.32,
                      "Total Cost": 43899.32,
                      "Plan Rows": 179302,
                      "Plan Width": 4,
                      "Actual Startup Time": 168.946,
                      "Actual Total Time": 168.947,
                      "Actual Rows": 182746,
                      "Actual Loops": 4,
                      "Hash Buckets": 1048576,
                      "Original Hash Buckets": 1048576,
                      "Hash Batches": 1,
                      "Original Hash Batches": 1,
                      "Peak Memory Usage": 36864,
                      "Plans": [
                        {
                          "Node Type": "Seq Scan",
                          "Parent Relationship": "Outer",
                          "Parallel Aware": true,
                          "Relation Name": "title",
                          "Alias": "t",
                          "Startup Cost": 0.0,
                          "Total Cost": 43899.32,
                          "Plan Rows": 179302,
                          "Plan Width": 4,
                          "Actual Startup Time": 0.022,
                          "Actual Total Time": 99.335,
                          "Actual Rows": 182746,
                          "Actual Loops": 4,
                          "Filter": "(production_year < 1992)",
                          "Rows Removed by Filter": 449332
                        }
                      ]
                    }
                  ]
                }
              ]
            }
          ]
        }
      ]
    },
    "Planning Time": 0.296,
    "Triggers": [],
    "Execution Time": 346.216
  }
]