[
  {
    "Plan": {
      "Node Type": "Aggregate",
      "Strategy": "Plain",
      "Partial Mode": "Finalize",
      "Parallel Aware": false,
      "Startup Cost": 113624.24,
      "Total Cost": 113624.25,
      "Plan Rows": 1,
      "Plan Width": 8,
      "Actual Startup Time": 431.719,
      "Actual Total Time": 448.198,
      "Actual Rows": 1,
      "Actual Loops": 1,
      "Plans": [
        {
          "Node Type": "Gather",
          "Parent Relationship": "Outer",
          "Parallel Aware": false,
          "Startup Cost": 113623.93,
          "Total Cost": 113624.24,
          "Plan Rows": 3,
          "Plan Width": 8,
          "Actual Startup Time": 429.327,
          "Actual Total Time": 448.179,
          "Actual Rows": 4,
          "Actual Loops": 1,
          "Workers Planned": 3,
          "Workers Launched": 3,
          "Single Copy": false,
          "Plans": [
            {
              "Node Type": "Aggregate",
              "Strategy": "Plain",
              "Partial Mode": "Partial",
              "Parent Relationship": "Outer",
              "Parallel Aware": false,
              "Startup Cost": 112623.93,
              "Total Cost": 112623.94,
              "Plan Rows": 1,
              "Plan Width": 8,
              "Actual Startup Time": 425.116,
              "Actual Total Time": 425.123,
              "Actual Rows": 1,
              "Actual Loops": 4,
              "Plans": [
                {
                  "Node Type": "Hash Join",
                  "Parent Relationship": "Outer",
                  "Parallel Aware": true,
                  "Join Type": "Inner",
                  "Startup Cost": 81930.92,
                  "Total Cost": 112479.73,
                  "Plan Rows": 57677,
                  "Plan Width": 0,
                  "Actual Startup Time": 284.834,
                  "Actual Total Time": 413.468,
                  "Actual Rows": 258728,
                  "Actual Loops": 4,
                  "Inner Unique": false,
                  "Hash Cond": "(mc.movie_id = t.id)",
                  "Plans": [
                    {
                      "Node Type": "Seq Scan",
                      "Parent Relationship": "Outer",
                      "Parallel Aware": true,
                      "Relation Name": "movie_companies",
                      "Alias": "mc",
                      "Startup Cost": 0.0,
                      "Total Cost": 27206.55,
                      "Plan Rows": 841655,
                      "Plan Width": 4,
                      "Actual Startup Time": 0.01,
                      "Actual Total Time": 61.618,
                      "Actual Rows": 652282,
                      "Actual Loops": 4
                    },
                    {
                      "Node Type": "Hash",
                      "Parent Relationship": "Inner",
                      "Parallel Aware": true,
                      "Startup Cost": 81232.26,
                      "Total Cost": 81232.26,
                      "Plan Rows": 55893,
                      "Plan Width": 8,
                      "Actual Startup Time": 257.626,
                      "Actual Total Time": 257.631,
                      "Actual Rows": 62727,
                      "Actual Loops": 4,
                      "Hash Buckets": 262144,
                      "Original Hash Buckets": 262144,
                      "Hash Batches": 1,
                      "Original Hash Batches": 1,
                      "Peak Memory Usage": 11904,
                      "Plans": [
                        {
                          "Node Type": "Hash Join",
                          "Parent Relationship": "Outer",
                          "Parallel Aware": true,
                          "Join Type": "Inner",
                          "Startup Cost": 38354.18,
                          "Total Cost": 81232.26,
                          "Plan Rows": 55893,
                          "Plan Width": 8,
                          "Actual Startup Time": 87.276,
                          "Actual Total Time": 241.757,
                          "Actual Rows": 62727,
                          "Actual Loops": 4,
                          "Inner Unique": true,
                          "Hash Cond": "(mk.movie_id = t.id)",
                          "Plans": [
                            {
                              "Node Type": "Seq Scan",
                              "Parent Relationship": "Outer",
                              "Parallel Aware": true,
                              "Relation Name": "movie_keyword",
                              "Alias": "mk",
                              "Startup Cost": 0.0,
                              "Total Cost": 39047.32,
                              "Plan Rows": 1459332,
                              "Plan Width": 4,
                              "Actual Startup Time": 0.024,
                              "Actual Total Time": 91.596,
                              "Actual Rows": 1130982,
                              "Actual Loops": 4
                            },
                            {
                              "Node Type": "Hash",
                              "Parent Relationship": "Inner",
                              "Parallel Aware": true,
                              "Startup Cost": 38051.55,
                              "Total Cost": 38051.55,
                              "Plan Rows": 24210,
                              "Plan Width": 4,
                              "Actual Startup Time": 50.346,
                              "Actual Total Time": 50.348,
                              "Actual Rows": 25134,
                              "Actual Loops": 4,
                              "Hash Buckets": 131072,
                              "Original Hash Buckets": 131072,
                              "Hash Batches": 1,
                              "Original Hash Batches": 1,
                              "Peak Memory Usage": 4992,
                              "Plans": [
                                {
                                  "Node Type": "Bitmap Heap Scan",
                                  "Parent Relationship": "Outer",
                                  "Parallel Aware": true,
                                  "Relation Name": "title",
                                  "Alias": "t",
                                  "Startup Cost": 1750.93,
                                  "Total Cost": 38051.55,
                                  "Plan Rows": 24210,
                                  "Plan Width": 4,
                                  "Actual Startup Time": 12.583,
                                  "Actual Total Time": 40.465,
                                  "Actual Rows": 25134,
                                  "Actual Loops": 4,
                                  "Recheck Cond": "(kind_id = 3)",
                                  "Rows Removed by Index Recheck": 0,
                                  "Exact Heap Blocks": 5856,
                                  "Lossy Heap Blocks": 0,
                                  "Plans": [
                                    {
                                      "Node Type": "Bitmap Index Scan",
                                      "Parent Relationship": "Outer",
                                      "Parallel Aware": false,
                                      "Index Name": "kind_id_title",
                                      "Startup Cost": 0.0,
                                      "Total Cost": 1726.72,
                                      "Plan Rows": 96839,
                                      "Plan Width": 0,
                                      "Actual Startup Time": 9.432,
                                      "Actual Total Time": 9.432,
                                      "Actual Rows": 100537,
                                      "Actual Loops": 1,
                                      "Index Cond": "(kind_id = 3)"
                                    }
                                  ]
                                }
                              ]
                            }
                          ]
                        }
                      ]
                    }
                  ]
                }
              ]
            }
          ]
        }
      ]
    },
    "Planning Time": 0.776,
    "Triggers": [],
    "Execution Time": 448.278
  }
]