[
  {
    "Plan": {
      "Node Type": "Aggregate",
      "Strategy": "Plain",
      "Partial Mode": "Finalize",
      "Parallel Aware": false,
      "Startup Cost": 322076.61,
      "Total Cost": 322076.62,
      "Plan Rows": 1,
      "Plan Width": 8,
      "Actual Startup Time": 1376.809,
      "Actual Total Time": 1403.864,
      "Actual Rows": 1,
      "Actual Loops": 1,
      "Plans": [
        {
          "Node Type": "Gather",
          "Parent Relationship": "Outer",
          "Parallel Aware": false,
          "Startup Cost": 322075.98,
          "Total Cost": 322076.59,
          "Plan Rows": 6,
          "Plan Width": 8,
          "Actual Startup Time": 1351.132,
          "Actual Total Time": 1403.851,
          "Actual Rows": 7,
          "Actual Loops": 1,
          "Workers Planned": 6,
          "Workers Launched": 6,
          "Single Copy": false,
          "Plans": [
            {
              "Node Type": "Aggregate",
              "Strategy": "Plain",
              "Partial Mode": "Partial",
              "Parent Relationship": "Outer",
              "Parallel Aware": false,
              "Startup Cost": 321075.98,
              "Total Cost": 321075.99,
              "Plan Rows": 1,
              "Plan Width": 8,
              "Actual Startup Time": 1340.687,
              "Actual Total Time": 1341.009,
              "Actual Rows": 1,
              "Actual Loops": 7,
              "Plans": [
                {
                  "Node Type": "Hash Join",
                  "Parent Relationship": "Outer",
                  "Parallel Aware": true,
                  "Join Type": "Inner",
                  "Startup Cost": 87467.5,
                  "Total Cost": 319403.91,
                  "Plan Rows": 668830,
                  "Plan Width": 0,
                  "Actual Startup Time": 479.7,
                  "Actual Total Time": 1232.687,
                  "Actual Rows": 2158089,
                  "Actual Loops": 7,
                  "Inner Unique": false,
                  "Hash Cond": "(ci.movie_id = t.id)",
                  "Plans": [
                    {
                      "Node Type": "Index Scan",
                      "Parent Relationship": "Outer",
                      "Parallel Aware": true,
                      "Scan Direction": "Forward",
                      "Index Name": "role_id_cast_info",
                      "Relation Name": "cast_info",
                      "Alias": "ci",
                      "Startup Cost": 0.56,
                      "Total Cost": 224473.87,
                      "Plan Rows": 1414824,
                      "Plan Width": 4,
                      "Actual Startup Time": 0.286,
                      "Actual Total Time": 233.064,
                      "Actual Rows": 1212331,
                      "Actual Loops": 7,
                      "Index Cond": "(role_id > 5)",
                      "Rows Removed by Index Recheck": 0
                    },
                    {
                      "Node Type": "Hash",
                      "Parent Relationship": "Inner",
                      "Parallel Aware": true,
                      "Startup Cost": 82647.32,
                      "Total Cost": 82647.32,
                      "Plan Rows": 385569,
                      "Plan Width": 8,
                      "Actual Startup Time": 476.496,
                      "Actual Total Time": 476.816,
                      "Actual Rows": 164307,
                      "Actual Loops": 7,
                      "Hash Buckets": 2097152,
                      "Original Hash Buckets": 2097152,
                      "Hash Batches": 1,
                      "Original Hash Batches": 1,
                      "Peak Memory Usage": 61472,
                      "Plans": [
                        {
                          "Node Type": "Hash Join",
                          "Parent Relationship": "Outer",
                          "Parallel Aware": true,
                          "Join Type": "Inner",
                          "Startup Cost": 50220.38,
                          "Total Cost": 82647.32,
                          "Plan Rows": 385569,
                          "Plan Width": 8,
                          "Actual Startup Time": 286.694,
                          "Actual Total Time": 405.154,
                          "Actual Rows": 164307,
                          "Actual Loops": 7,
                          "Inner Unique": true,
                          "Hash Cond": "(mc.movie_id = t.id)",
                          "Plans": [
                            {
                              "Node Type": "Seq Scan",
                              "Parent Relationship": "Outer",
                              "Parallel Aware": true,
                              "Relation Name": "movie_companies",
                              "Alias": "mc",
                              "Startup Cost": 0.0,
                              "Total Cost": 31414.82,
                              "Plan Rows": 385569,
                              "Plan Width": 4,
                              "Actual Startup Time": 0.051,
                              "Actual Total Time": 54.687,
                              "Actual Rows": 164307,
                              "Actual Loops": 7,
                              "Filter": "((company_id > 27) AND (company_type_id < 2))",
                              "Rows Removed by Filter": 208426
                            },
                            {
                              "Node Type": "Hash",
                              "Parent Relationship": "Inner",
                              "Parallel Aware": true,
                              "Startup Cost": 42319.06,
                              "Total Cost": 42319.06,
                              "Plan Rows": 632106,
                              "Plan Width": 4,
                              "Actual Startup Time": 282.492,
                              "Actual Total Time": 282.494,
                              "Actual Rows": 361187,
                              "Actual Loops": 7,
                              "Hash Buckets": 4194304,
                              "Original Hash Buckets": 4194304,
                              "Hash Batches": 1,
                              "Original Hash Batches": 1,
                              "Peak Memory Usage": 131776,
                              "Plans": [
                                {
                                  "Node Type": "Seq Scan",
                                  "Parent Relationship": "Outer",
                                  "Parallel Aware": true,
                                  "Relation Name": "title",
                                  "Alias": "t",
                                  "Startup Cost": 0.0,
                                  "Total Cost": 42319.06,
                                  "Plan Rows": 632106,
                                  "Plan Width": 4,
                                  "Actual Startup Time": 0.03,
                                  "Actual Total Time": 83.502,
                                  "Actual Rows": 361187,
                                  "Actual Loops": 7
                                }
                              ]
                            }
                          ]
                        }
                      ]
                    }
                  ]
                }
              ]
            }
          ]
        }
      ]
    },
    "Planning Time": 0.673,
    "Triggers": [],
    "Execution Time": 1403.925
  }
]