[
  {
    "Plan": {
      "Node Type": "Aggregate",
      "Strategy": "Plain",
      "Partial Mode": "Finalize",
      "Parallel Aware": false,
      "Startup Cost": 81080.12,
      "Total Cost": 81080.13,
      "Plan Rows": 1,
      "Plan Width": 8,
      "Actual Startup Time": 382.302,
      "Actual Total Time": 399.382,
      "Actual Rows": 1,
      "Actual Loops": 1,
      "Plans": [
        {
          "Node Type": "Gather",
          "Parent Relationship": "Outer",
          "Parallel Aware": false,
          "Startup Cost": 81079.8,
          "Total Cost": 81080.11,
          "Plan Rows": 3,
          "Plan Width": 8,
          "Actual Startup Time": 376.458,
          "Actual Total Time": 399.371,
          "Actual Rows": 4,
          "Actual Loops": 1,
          "Workers Planned": 3,
          "Workers Launched": 3,
          "Single Copy": false,
          "Plans": [
            {
              "Node Type": "Aggregate",
              "Strategy": "Plain",
              "Partial Mode": "Partial",
              "Parent Relationship": "Outer",
              "Parallel Aware": false,
              "Startup Cost": 80079.8,
              "Total Cost": 80079.81,
              "Plan Rows": 1,
              "Plan Width": 8,
              "Actual Startup Time": 366.237,
              "Actual Total Time": 366.24,
              "Actual Rows": 1,
              "Actual Loops": 4,
              "Plans": [
                {
                  "Node Type": "Hash Join",
                  "Parent Relationship": "Outer",
                  "Parallel Aware": true,
                  "Join Type": "Inner",
                  "Startup Cost": 54376.57,
                  "Total Cost": 79948.44,
                  "Plan Rows": 52543,
                  "Plan Width": 0,
                  "Actual Startup Time": 294.35,
                  "Actual Total Time": 363.511,
                  "Actual Rows": 50403,
                  "Actual Loops": 4,
                  "Inner Unique": true,
                  "Hash Cond": "(mk.movie_id = t.id)",
                  "Plans": [
                    {
                      "Node Type": "Bitmap Heap Scan",
                      "Parent Relationship": "Outer",
                      "Parallel Aware": true,
                      "Relation Name": "movie_keyword",
                      "Alias": "mk",
                      "Startup Cost": 4860.1,
                      "Total Cost": 30237.96,
                      "Plan Rows": 73909,
                      "Plan Width": 4,
                      "Actual Startup Time": 14.531,
                      "Actual Total Time": 55.141,
                      "Actual Rows": 56732,
                      "Actual Loops": 4,
                      "Recheck Cond": "(keyword_id < 186)",
                      "Rows Removed by Index Recheck": 0,
                      "Exact Heap Blocks": 8915,
                      "Lossy Heap Blocks": 0,
                      "Plans": [
                        {
                          "Node Type": "Bitmap Index Scan",
                          "Parent Relationship": "Outer",
                          "Parallel Aware": false,
                          "Index Name": "keyword_id_movie_keyword",
                          "Startup Cost": 0.0,
                          "Total Cost": 4802.82,
                          "Plan Rows": 229118,
                          "Plan Width": 0,
                          "Actual Startup Time": 11.078,
                          "Actual Total Time": 11.078,
                          "Actual Rows": 226927,
                          "Actual Loops": 1,
                          "Index Cond": "(keyword_id < 186)"
                        }
                      ]
                    },
                    {
                      "Node Type": "Hash",
                      "Parent Relationship": "Inner",
                      "Parallel Aware": true,
                      "Startup Cost": 43899.32,
                      "Total Cost": 43899.32,
                      "Plan Rows": 449372,
                      "Plan Width": 4,
                      "Actual Startup Time": 272.93,
                      "Actual Total Time": 272.931,
                      "Actual Rows": 448538,
                      "Actual Loops": 4,
                      "Hash Buckets": 2097152,
                      "Original Hash Buckets": 2097152,
                      "Hash Batches": 1,
                      "Original Hash Batches": 1,
                      "Peak Memory Usage": 86656,
                      "Plans": [
                        {
                          "Node Type": "Seq Scan",
                          "Parent Relationship": "Outer",
                          "Parallel Aware": true,
                          "Relation Name": "title",
                          "Alias": "t",
                          "Startup Cost": 0.0,
                          "Total Cost": 43899.32,
                          "Plan Rows": 449372,
                          "Plan Width": 4,
                          "Actual Startup Time": 0.033,
                          "Actual Total Time": 113.81,
                          "Actual Rows": 448538,
                          "Actual Loops": 4,
                          "Filter": "(production_year < 2009)",
                          "Rows Removed by Filter": 183540
                        }
                      ]
                    }
                  ]
                }
              ]
            }
          ]
        }
      ]
    },
    "Planning Time": 0.507,
    "Triggers": [],
    "Execution Time": 399.472
  }
]