[
  {
    "Plan": {
      "Node Type": "Aggregate",
      "Strategy": "Plain",
      "Partial Mode": "Finalize",
      "Parallel Aware": false,
      "Startup Cost": 524287.49,
      "Total Cost": 524287.5,
      "Plan Rows": 1,
      "Plan Width": 64,
      "Actual Startup Time": 3939.002,
      "Actual Total Time": 4041.267,
      "Actual Rows": 1,
      "Actual Loops": 1,
      "Plans": [
        {
          "Node Type": "Gather",
          "Parent Relationship": "Outer",
          "Parallel Aware": false,
          "Startup Cost": 524287.38,
          "Total Cost": 524287.49,
          "Plan Rows": 1,
          "Plan Width": 32,
          "Actual Startup Time": 3938.318,
          "Actual Total Time": 4041.257,
          "Actual Rows": 2,
          "Actual Loops": 1,
          "Workers Planned": 1,
          "Workers Launched": 1,
          "Single Copy": false,
          "Plans": [
            {
              "Node Type": "Aggregate",
              "Strategy": "Plain",
              "Partial Mode": "Partial",
              "Parent Relationship": "Outer",
              "Parallel Aware": false,
              "Startup Cost": 523287.38,
              "Total Cost": 523287.39,
              "Plan Rows": 1,
              "Plan Width": 32,
              "Actual Startup Time": 3931.963,
              "Actual Total Time": 3931.979,
              "Actual Rows": 1,
              "Actual Loops": 2,
              "Plans": [
                {
                  "Node Type": "Hash Join",
                  "Parent Relationship": "Outer",
                  "Parallel Aware": true,
                  "Join Type": "Inner",
                  "Startup Cost": 518391.54,
                  "Total Cost": 523287.33,
                  "Plan Rows": 21,
                  "Plan Width": 15,
                  "Actual Startup Time": 3902.92,
                  "Actual Total Time": 3930.408,
                  "Actual Rows": 26153,
                  "Actual Loops": 2,
                  "Inner Unique": false,
                  "Hash Cond": "(cn.id = mc.company_id)",
                  "Plans": [
                    {
                      "Node Type": "Seq Scan",
                      "Parent Relationship": "Outer",
                      "Parallel Aware": true,
                      "Relation Name": "company_name",
                      "Alias": "cn",
                      "Startup Cost": 0.0,
                      "Total Cost": 4377.34,
                      "Plan Rows": 138234,
                      "Plan Width": 4,
                      "Actual Startup Time": 0.007,
                      "Actual Total Time": 11.184,
                      "Actual Rows": 117498,
                      "Actual Loops": 2
                    },
                    {
                      "Node Type": "Hash",
                      "Parent Relationship": "Inner",
                      "Parallel Aware": true,
                      "Startup Cost": 518391.39,
                      "Total Cost": 518391.39,
                      "Plan Rows": 12,
                      "Plan Width": 19,
                      "Actual Startup Time": 3902.243,
                      "Actual Total Time": 3902.257,
                      "Actual Rows": 26153,
                      "Actual Loops": 2,
                      "Hash Buckets": 65536,
                      "Original Hash Buckets": 1024,
                      "Hash Batches": 1,
                      "Original Hash Batches": 1,
                      "Peak Memory Usage": 3896,
                      "Plans": [
                        {
                          "Node Type": "Hash Join",
                          "Parent Relationship": "Outer",
                          "Parallel Aware": true,
                          "Join Type": "Inner",
                          "Startup Cost": 488028.61,
                          "Total Cost": 518391.39,
                          "Plan Rows": 12,
                          "Plan Width": 19,
                          "Actual Startup Time": 3661.881,
                          "Actual Total Time": 3879.11,
                          "Actual Rows": 26153,
                          "Actual Loops": 2,
                          "Inner Unique": false,
                          "Hash Cond": "(mc.movie_id = ci.movie_id)",
                          "Plans": [
                            {
                              "Node Type": "Seq Scan",
                              "Parent Relationship": "Outer",
                              "Parallel Aware": true,
                              "Relation Name": "movie_companies",
                              "Alias": "mc",
                              "Startup Cost": 0.0,
                              "Total Cost": 27206.55,
                              "Plan Rows": 841655,
                              "Plan Width": 8,
                              "Actual Startup Time": 0.007,
                              "Actual Total Time": 108.43,
                              "Actual Rows": 1304564,
                              "Actual Loops": 2
                            },
                            {
                              "Node Type": "Hash",
                              "Parent Relationship": "Inner",
                              "Parallel Aware": true,
                              "Startup Cost": 488028.57,
                              "Total Cost": 488028.57,
                              "Plan Rows": 3,
                              "Plan Width": 27,
                              "Actual Startup Time": 3661.466,
                              "Actual Total Time": 3661.479,
                              "Actual Rows": 3321,
                              "Actual Loops": 2,
                              "Hash Buckets": 8192,
                              "Original Hash Buckets": 1024,
                              "Hash Batches": 1,
                              "Original Hash Batches": 1,
                              "Peak Memory Usage": 568,
                              "Plans": [
                                {
                                  "Node Type": "Hash Join",
                                  "Parent Relationship": "Outer",
                                  "Parallel Aware": true,
                                  "Join Type": "Inner",
                                  "Startup Cost": 443340.29,
                                  "Total Cost": 488028.57,
                                  "Plan Rows": 3,
                                  "Plan Width": 27,
                                  "Actual Startup Time": 3365.161,
                                  "Actual Total Time": 3611.931,
                                  "Actual Rows": 3321,
                                  "Actual Loops": 2,
                                  "Inner Unique": false,
                                  "Hash Cond": "(t.id = ci.movie_id)",
                                  "Plans": [
                                    {
                                      "Node Type": "Seq Scan",
                                      "Parent Relationship": "Outer",
                                      "Parallel Aware": true,
                                      "Relation Name": "title",
                                      "Alias": "t",
                                      "Startup Cost": 0.0,
                                      "Total Cost": 42318.19,
                                      "Plan Rows": 632020,
                                      "Plan Width": 4,
                                      "Actual Startup Time": 0.018,
                                      "Actual Total Time": 124.464,
                                      "Actual Rows": 1264156,
                                      "Actual Loops": 2
                                    },
                                    {
                                      "Node Type": "Hash",
                                      "Parent Relationship": "Inner",
                                      "Parallel Aware": true,
                                      "Startup Cost": 443340.27,
                                      "Total Cost": 443340.27,
                                      "Plan Rows": 2,
                                      "Plan Width": 23,
                                      "Actual Startup Time": 3364.472,
                                      "Actual Total Time": 3364.483,
                                      "Actual Rows": 3321,
                                      "Actual Loops": 2,
                                      "Hash Buckets": 8192,
                                      "Original Hash Buckets": 1024,
                                      "Hash Batches": 1,
                                      "Original Hash Batches": 1,
                                      "Peak Memory Usage": 536,
                                      "Plans": [
                                        {
                                          "Node Type": "Hash Join",
                                          "Parent Relationship": "Outer",
                                          "Parallel Aware": true,
                                          "Join Type": "Inner",
                                          "Startup Cost": 114271.51,
                                          "Total Cost": 443340.27,
                                          "Plan Rows": 2,
                                          "Plan Width": 23,
                                          "Actual Startup Time": 1541.778,
                                          "Actual Total Time": 3357.754,
                                          "Actual Rows": 3321,
                                          "Actual Loops": 2,
                                          "Inner Unique": false,
                                          "Hash Cond": "(ci.movie_id = mk.movie_id)",
                                          "Plans": [
                                            {
                                              "Node Type": "Hash Join",
                                              "Parent Relationship": "Outer",
                                              "Parallel Aware": true,
                                              "Join Type": "Inner",
                                              "Startup Cost": 68767.05,
                                              "Total Cost": 397607.31,
                                              "Plan Rows": 60929,
                                              "Plan Width": 19,
                                              "Actual Startup Time": 1162.513,
                                              "Actual Total Time": 2955.24,
                                              "Actual Rows": 134355,
                                              "Actual Loops": 2,
                                              "Inner Unique": true,
                                              "Hash Cond": "(ci.person_id = n.id)",
                                              "Plans": [
                                                {
                                                  "Node Type": "Seq Scan",
                                                  "Parent Relationship": "Outer",
                                                  "Parallel Aware": true,
                                                  "Relation Name": "cast_info",
                                                  "Alias": "ci",
                                                  "Startup Cost": 0.0,
                                                  "Total Cost": 313006.41,
                                                  "Plan Rows": 6031941,
                                                  "Plan Width": 8,
                                                  "Actual Startup Time": 0.013,
                                                  "Actual Total Time": 1414.365,
                                                  "Actual Rows": 18122172,
                                                  "Actual Loops": 2
                                                },
                                                {
                                                  "Node Type": "Hash",
                                                  "Parent Relationship": "Inner",
                                                  "Parallel Aware": true,
                                                  "Startup Cost": 68635.51,
                                                  "Total Cost": 68635.51,
                                                  "Plan Rows": 10523,
                                                  "Plan Width": 19,
                                                  "Actual Startup Time": 210.348,
                                                  "Actual Total Time": 210.349,
                                                  "Actual Rows": 18087,
                                                  "Actual Loops": 2,
                                                  "Hash Buckets": 65536,
                                                  "Original Hash Buckets": 65536,
                                                  "Hash Batches": 1,
                                                  "Original Hash Batches": 1,
                                                  "Peak Memory Usage": 2496,
                                                  "Plans": [
                                                    {
                                                      "Node Type": "Seq Scan",
                                                      "Parent Relationship": "Outer",
                                                      "Parallel Aware": true,
                                                      "Relation Name": "name",
                                                      "Alias": "n",
                                                      "Startup Cost": 0.0,
                                                      "Total Cost": 68635.51,
                                                      "Plan Rows": 10523,
                                                      "Plan Width": 19,
                                                      "Actual Startup Time": 81.307,
                                                      "Actual Total Time": 204.656,
                                                      "Actual Rows": 18087,
                                                      "Actual Loops": 2,
                                                      "Filter": "(name ~~ 'Z%'::text)",
                                                      "Rows Removed by Filter": 2065658
                                                    }
                                                  ]
                                                }
                                              ]
                                            },
                                            {
                                              "Node Type": "Hash",
                                              "Parent Relationship": "Inner",
                                              "Parallel Aware": true,
                                              "Startup Cost": 45504.33,
                                              "Total Cost": 45504.33,
                                              "Plan Rows": 11,
                                              "Plan Width": 4,
                                              "Actual Startup Time": 379.212,
                                              "Actual Total Time": 379.216,
                                              "Actual Rows": 20920,
                                              "Actual Loops": 2,
                                              "Hash Buckets": 65536,
                                              "Original Hash Buckets": 1024,
                                              "Hash Batches": 1,
                                              "Original Hash Batches": 1,
                                              "Peak Memory Usage": 2680,
                                              "Plans": [
                                                {
                                                  "Node Type": "Hash Join",
                                                  "Parent Relationship": "Outer",
                                                  "Parallel Aware": false,
                                                  "Join Type": "Inner",
                                                  "Startup Cost": 2626.14,
                                                  "Total Cost": 45504.33,
                                                  "Plan Rows": 11,
                                                  "Plan Width": 4,
                                                  "Actual Startup Time": 18.704,
                                                  "Actual Total Time": 358.823,
                                                  "Actual Rows": 20920,
                                                  "Actual Loops": 2,
                                                  "Inner Unique": true,
                                                  "Hash Cond": "(mk.keyword_id = k.id)",
                                                  "Plans": [
                                                    {
                                                      "Node Type": "Seq Scan",
                                                      "Parent Relationship": "Outer",
                                                      "Parallel Aware": true,
                                                      "Relation Name": "movie_keyword",
                                                      "Alias": "mk",
                                                      "Startup Cost": 0.0,
                                                      "Total Cost": 39047.32,
                                                      "Plan Rows": 1459332,
                                                      "Plan Width": 8,
                                                      "Actual Startup Time": 0.035,
                                                      "Actual Total Time": 197.654,
                                                      "Actual Rows": 2261965,
                                                      "Actual Loops": 2
                                                    },
                                                    {
                                                      "Node Type": "Hash",
                                                      "Parent Relationship": "Inner",
                                                      "Parallel Aware": false,
                                                      "Startup Cost": 2626.12,
                                                      "Total Cost": 2626.12,
                                                      "Plan Rows": 1,
                                                      "Plan Width": 4,
                                                      "Actual Startup Time": 18.586,
                                                      "Actual Total Time": 18.587,
                                                      "Actual Rows": 1,
                                                      "Actual Loops": 2,
                                                      "Hash Buckets": 1024,
                                                      "Original Hash Buckets": 1024,
                                                      "Hash Batches": 1,
                                                      "Original Hash Batches": 1,
                                                      "Peak Memory Usage": 9,
                                                      "Plans": [
                                                        {
                                                          "Node Type": "Seq Scan",
                                                          "Parent Relationship": "Outer",
                                                          "Parallel Aware": false,
                                                          "Relation Name": "keyword",
                                                          "Alias": "k",
                                                          "Startup Cost": 0.0,
                                                          "Total Cost": 2626.12,
                                                          "Plan Rows": 1,
                                                          "Plan Width": 4,
                                                          "Actual Startup Time": 1.241,
                                                          "Actual Total Time": 18.578,
                                                          "Actual Rows": 1,
                                                          "Actual Loops": 2,
                                                          "Filter": "(keyword = 'character-name-in-title'::text)",
                                                          "Rows Removed by Filter": 134169
                                                        }
                                                      ]
                                                    }
                                                  ]
                                                }
                                              ]
                                            }
                                          ]
                                        }
                                      ]
                                    }
                                  ]
                                }
                              ]
                            }
                          ]
                        }
                      ]
                    }
                  ]
                }
              ]
            }
          ]
        }
      ]
    },
    "Planning Time": 5.768,
    "Triggers": [],
    "Execution Time": 4041.622
  }
]