[
  {
    "Plan": {
      "Node Type": "Aggregate",
      "Strategy": "Plain",
      "Partial Mode": "Finalize",
      "Parallel Aware": false,
      "Startup Cost": 498050.31,
      "Total Cost": 498050.32,
      "Plan Rows": 1,
      "Plan Width": 96,
      "Actual Startup Time": 2805.632,
      "Actual Total Time": 2927.695,
      "Actual Rows": 1,
      "Actual Loops": 1,
      "Plans": [
        {
          "Node Type": "Gather",
          "Parent Relationship": "Outer",
          "Parallel Aware": false,
          "Startup Cost": 498049.87,
          "Total Cost": 498050.28,
          "Plan Rows": 4,
          "Plan Width": 96,
          "Actual Startup Time": 2802.417,
          "Actual Total Time": 2927.683,
          "Actual Rows": 5,
          "Actual Loops": 1,
          "Workers Planned": 4,
          "Workers Launched": 4,
          "Single Copy": false,
          "Plans": [
            {
              "Node Type": "Aggregate",
              "Strategy": "Plain",
              "Partial Mode": "Partial",
              "Parent Relationship": "Outer",
              "Parallel Aware": false,
              "Startup Cost": 497049.87,
              "Total Cost": 497049.88,
              "Plan Rows": 1,
              "Plan Width": 96,
              "Actual Startup Time": 2790.654,
              "Actual Total Time": 2790.666,
              "Actual Rows": 1,
              "Actual Loops": 5,
              "Plans": [
                {
                  "Node Type": "Hash Join",
                  "Parent Relationship": "Outer",
                  "Parallel Aware": true,
                  "Join Type": "Inner",
                  "Startup Cost": 427105.47,
                  "Total Cost": 497044.5,
                  "Plan Rows": 715,
                  "Plan Width": 48,
                  "Actual Startup Time": 2467.275,
                  "Actual Total Time": 2777.517,
                  "Actual Rows": 90552,
                  "Actual Loops": 5,
                  "Inner Unique": false,
                  "Hash Cond": "(n.id = ci.person_id)",
                  "Plans": [
                    {
                      "Node Type": "Seq Scan",
                      "Parent Relationship": "Outer",
                      "Parallel Aware": true,
                      "Relation Name": "name",
                      "Alias": "n",
                      "Startup Cost": 0.0,
                      "Total Cost": 66031.07,
                      "Plan Rows": 1041807,
                      "Plan Width": 19,
                      "Actual Startup Time": 0.032,
                      "Actual Total Time": 118.322,
                      "Actual Rows": 833498,
                      "Actual Loops": 5
                    },
                    {
                      "Node Type": "Hash",
                      "Parent Relationship": "Inner",
                      "Parallel Aware": true,
                      "Startup Cost": 427099.52,
                      "Total Cost": 427099.52,
                      "Plan Rows": 476,
                      "Plan Width": 37,
                      "Actual Startup Time": 2466.192,
                      "Actual Total Time": 2466.202,
                      "Actual Rows": 90552,
                      "Actual Loops": 5,
                      "Hash Buckets": 524288,
                      "Original Hash Buckets": 4096,
                      "Hash Batches": 1,
                      "Original Hash Batches": 1,
                      "Peak Memory Usage": 37504,
                      "Plans": [
                        {
                          "Node Type": "Hash Join",
                          "Parent Relationship": "Outer",
                          "Parallel Aware": true,
                          "Join Type": "Inner",
                          "Startup Cost": 91387.35,
                          "Total Cost": 427099.52,
                          "Plan Rows": 476,
                          "Plan Width": 37,
                          "Actual Startup Time": 438.105,
                          "Actual Total Time": 2354.511,
                          "Actual Rows": 90552,
                          "Actual Loops": 5,
                          "Inner Unique": false,
                          "Hash Cond": "(ci.movie_id = t.id)",
                          "Plans": [
                            {
                              "Node Type": "Seq Scan",
                              "Parent Relationship": "Outer",
                              "Parallel Aware": true,
                              "Relation Name": "cast_info",
                              "Alias": "ci",
                              "Startup Cost": 0.0,
                              "Total Cost": 313068.58,
                              "Plan Rows": 6038158,
                              "Plan Width": 8,
                              "Actual Startup Time": 0.021,
                              "Actual Total Time": 940.652,
                              "Actual Rows": 7248869,
                              "Actual Loops": 5
                            },
                            {
                              "Node Type": "Hash",
                              "Parent Relationship": "Inner",
                              "Parallel Aware": true,
                              "Startup Cost": 91387.08,
                              "Total Cost": 91387.08,
                              "Plan Rows": 21,
                              "Plan Width": 41,
                              "Actual Startup Time": 437.845,
                              "Actual Total Time": 437.853,
                              "Actual Rows": 1697,
                              "Actual Loops": 5,
                              "Hash Buckets": 8192,
                              "Original Hash Buckets": 1024,
                              "Hash Batches": 1,
                              "Original Hash Batches": 1,
                              "Peak Memory Usage": 792,
                              "Plans": [
                                {
                                  "Node Type": "Hash Join",
                                  "Parent Relationship": "Outer",
                                  "Parallel Aware": true,
                                  "Join Type": "Inner",
                                  "Startup Cost": 46511.78,
                                  "Total Cost": 91387.08,
                                  "Plan Rows": 21,
                                  "Plan Width": 41,
                                  "Actual Startup Time": 278.68,
                                  "Actual Total Time": 416.216,
                                  "Actual Rows": 1697,
                                  "Actual Loops": 5,
                                  "Inner Unique": false,
                                  "Hash Cond": "(t.id = mk.movie_id)",
                                  "Plans": [
                                    {
                                      "Node Type": "Seq Scan",
                                      "Parent Relationship": "Outer",
                                      "Parallel Aware": true,
                                      "Relation Name": "title",
                                      "Alias": "t",
                                      "Startup Cost": 0.0,
                                      "Total Cost": 43898.62,
                                      "Plan Rows": 195324,
                                      "Plan Width": 21,
                                      "Actual Startup Time": 0.037,
                                      "Actual Total Time": 108.143,
                                      "Actual Rows": 156985,
                                      "Actual Loops": 5,
                                      "Filter": "(production_year > 2007)",
                                      "Rows Removed by Filter": 348677
                                    },
                                    {
                                      "Node Type": "Hash",
                                      "Parent Relationship": "Inner",
                                      "Parallel Aware": true,
                                      "Startup Cost": 46510.69,
                                      "Total Cost": 46510.69,
                                      "Plan Rows": 87,
                                      "Plan Width": 20,
                                      "Actual Startup Time": 277.566,
                                      "Actual Total Time": 277.57,
                                      "Actual Rows": 9973,
                                      "Actual Loops": 5,
                                      "Hash Buckets": 65536,
                                      "Original Hash Buckets": 1024,
                                      "Hash Batches": 1,
                                      "Original Hash Batches": 1,
                                      "Peak Memory Usage": 3576,
                                      "Plans": [
                                        {
                                          "Node Type": "Hash Join",
                                          "Parent Relationship": "Outer",
                                          "Parallel Aware": false,
                                          "Join Type": "Inner",
                                          "Startup Cost": 3632.5,
                                          "Total Cost": 46510.69,
                                          "Plan Rows": 87,
                                          "Plan Width": 20,
                                          "Actual Startup Time": 44.36,
                                          "Actual Total Time": 234.095,
                                          "Actual Rows": 9973,
                                          "Actual Loops": 5,
                                          "Inner Unique": true,
                                          "Hash Cond": "(mk.keyword_id = k.id)",
                                          "Plans": [
                                            {
                                              "Node Type": "Seq Scan",
                                              "Parent Relationship": "Outer",
                                              "Parallel Aware": true,
                                              "Relation Name": "movie_keyword",
                                              "Alias": "mk",
                                              "Startup Cost": 0.0,
                                              "Total Cost": 39047.32,
                                              "Plan Rows": 1459332,
                                              "Plan Width": 8,
                                              "Actual Startup Time": 0.061,
                                              "Actual Total Time": 112.476,
                                              "Actual Rows": 904786,
                                              "Actual Loops": 5
                                            },
                                            {
                                              "Node Type": "Hash",
                                              "Parent Relationship": "Inner",
                                              "Parallel Aware": false,
                                              "Startup Cost": 3632.4,
                                              "Total Cost": 3632.4,
                                              "Plan Rows": 8,
                                              "Plan Width": 20,
                                              "Actual Startup Time": 44.085,
                                              "Actual Total Time": 44.086,
                                              "Actual Rows": 7,
                                              "Actual Loops": 5,
                                              "Hash Buckets": 1024,
                                              "Original Hash Buckets": 1024,
                                              "Hash Batches": 1,
                                              "Original Hash Batches": 1,
                                              "Peak Memory Usage": 9,
                                              "Plans": [
                                                {
                                                  "Node Type": "Seq Scan",
                                                  "Parent Relationship": "Outer",
                                                  "Parallel Aware": false,
                                                  "Relation Name": "keyword",
                                                  "Alias": "k",
                                                  "Startup Cost": 0.0,
                                                  "Total Cost": 3632.4,
                                                  "Plan Rows": 8,
                                                  "Plan Width": 20,
                                                  "Actual Startup Time": 2.403,
                                                  "Actual Total Time": 44.051,
                                                  "Actual Rows": 7,
                                                  "Actual Loops": 5,
                                                  "Filter": "(keyword = ANY ('{murder-in-title,violence,tv-special,revenge,blood,marvel-cinematic-universe,magnet,female-nudity}'::text[]))",
                                                  "Rows Removed by Filter": 134163
                                                }
                                              ]
                                            }
                                          ]
                                        }
                                      ]
                                    }
                                  ]
                                }
                              ]
                            }
                          ]
                        }
                      ]
                    }
                  ]
                }
              ]
            }
          ]
        }
      ]
    },
    "Planning Time": 6.241,
    "Triggers": [],
    "Execution Time": 2928.149
  }
]