{
  "Plan": {
    "Node Type": "Aggregate",
    "Strategy": "Plain",
    "Partial Mode": "Finalize",
    "Parallel Aware": false,
    "Startup Cost": 103335.58,
    "Total Cost": 103335.59,
    "Plan Rows": 1,
    "Plan Width": 8,
    "Actual Startup Time": 454.222,
    "Actual Total Time": 470.419,
    "Actual Rows": 1,
    "Actual Loops": 1,
    "Plans": [
      {
        "Node Type": "Gather",
        "Parent Relationship": "Outer",
        "Parallel Aware": false,
        "Startup Cost": 103335.46,
        "Total Cost": 103335.57,
        "Plan Rows": 1,
        "Plan Width": 8,
        "Actual Startup Time": 453.386,
        "Actual Total Time": 470.408,
        "Actual Rows": 2,
        "Actual Loops": 1,
        "Workers Planned": 1,
        "Workers Launched": 1,
        "Single Copy": false,
        "Plans": [
          {
            "Node Type": "Aggregate",
            "Strategy": "Plain",
            "Partial Mode": "Partial",
            "Parent Relationship": "Outer",
            "Parallel Aware": false,
            "Startup Cost": 102335.46,
            "Total Cost": 102335.47,
            "Plan Rows": 1,
            "Plan Width": 8,
            "Actual Startup Time": 447.623,
            "Actual Total Time": 447.627,
            "Actual Rows": 1,
            "Actual Loops": 2,
            "Plans": [
              {
                "Node Type": "Hash Join",
                "Parent Relationship": "Outer",
                "Parallel Aware": true,
                "Join Type": "Inner",
                "Startup Cost": 60574.99,
                "Total Cost": 101941.31,
                "Plan Rows": 157660,
                "Plan Width": 0,
                "Actual Startup Time": 183.393,
                "Actual Total Time": 439.696,
                "Actual Rows": 196270,
                "Actual Loops": 2,
                "Inner Unique": true,
                "Hash Cond": "(mc.movie_id = t.id)",
                "Plans": [
                  {
                    "Node Type": "Seq Scan",
                    "Parent Relationship": "Outer",
                    "Parallel Aware": true,
                    "Relation Name": "movie_companies",
                    "Alias": "mc",
                    "Startup Cost": 0.0,
                    "Total Cost": 37974.77,
                    "Plan Rows": 1292014,
                    "Plan Width": 4,
                    "Actual Startup Time": 0.089,
                    "Actual Total Time": 124.281,
                    "Actual Rows": 1099389,
                    "Actual Loops": 2,
                    "Filter": "(company_id > 264)",
                    "Rows Removed by Filter": 205176
                  },
                  {
                    "Node Type": "Hash",
                    "Parent Relationship": "Inner",
                    "Parallel Aware": true,
                    "Startup Cost": 58306.47,
                    "Total Cost": 58306.47,
                    "Plan Rows": 181482,
                    "Plan Width": 4,
                    "Actual Startup Time": 177.503,
                    "Actual Total Time": 177.503,
                    "Actual Rows": 133300,
                    "Actual Loops": 2,
                    "Hash Buckets": 524288,
                    "Original Hash Buckets": 524288,
                    "Hash Batches": 1,
                    "Original Hash Batches": 1,
                    "Peak Memory Usage": 14560,
                    "Plans": [
                      {
                        "Node Type": "Seq Scan",
                        "Parent Relationship": "Outer",
                        "Parallel Aware": true,
                        "Relation Name": "title",
                        "Alias": "t",
                        "Startup Cost": 0.0,
                        "Total Cost": 58306.47,
                        "Plan Rows": 181482,
                        "Plan Width": 4,
                        "Actual Startup Time": 0.08,
                        "Actual Total Time": 145.679,
                        "Actual Rows": 133300,
                        "Actual Loops": 2,
                        "Filter": "((kind_id < 7) AND (production_year > 2007))",
                        "Rows Removed by Filter": 1130856
                      }
                    ]
                  }
                ]
              }
            ]
          }
        ]
      }
    ]
  },
  "Planning Time": 0.629,
  "Triggers": [],
  "Execution Time": 470.514
}