[
  {
    "Plan": {
      "Node Type": "Aggregate",
      "Strategy": "Plain",
      "Partial Mode": "Finalize",
      "Parallel Aware": false,
      "Startup Cost": 56885.22,
      "Total Cost": 56885.23,
      "Plan Rows": 1,
      "Plan Width": 8,
      "Actual Startup Time": 102.341,
      "Actual Total Time": 114.768,
      "Actual Rows": 1,
      "Actual Loops": 1,
      "Plans": [
        {
          "Node Type": "Gather",
          "Parent Relationship": "Outer",
          "Parallel Aware": false,
          "Startup Cost": 56884.8,
          "Total Cost": 56885.21,
          "Plan Rows": 4,
          "Plan Width": 8,
          "Actual Startup Time": 102.193,
          "Actual Total Time": 114.758,
          "Actual Rows": 5,
          "Actual Loops": 1,
          "Workers Planned": 4,
          "Workers Launched": 4,
          "Single Copy": false,
          "Plans": [
            {
              "Node Type": "Aggregate",
              "Strategy": "Plain",
              "Partial Mode": "Partial",
              "Parent Relationship": "Outer",
              "Parallel Aware": false,
              "Startup Cost": 55884.8,
              "Total Cost": 55884.81,
              "Plan Rows": 1,
              "Plan Width": 8,
              "Actual Startup Time": 91.507,
              "Actual Total Time": 91.509,
              "Actual Rows": 1,
              "Actual Loops": 5,
              "Plans": [
                {
                  "Node Type": "Nested Loop",
                  "Parent Relationship": "Outer",
                  "Parallel Aware": false,
                  "Join Type": "Inner",
                  "Startup Cost": 0.99,
                  "Total Cost": 55878.91,
                  "Plan Rows": 2355,
                  "Plan Width": 0,
                  "Actual Startup Time": 11.331,
                  "Actual Total Time": 91.472,
                  "Actual Rows": 199,
                  "Actual Loops": 5,
                  "Inner Unique": false,
                  "Join Filter": "(t.id = ci.movie_id)",
                  "Rows Removed by Join Filter": 0,
                  "Plans": [
                    {
                      "Node Type": "Nested Loop",
                      "Parent Relationship": "Outer",
                      "Parallel Aware": false,
                      "Join Type": "Inner",
                      "Startup Cost": 0.43,
                      "Total Cost": 54699.17,
                      "Plan Rows": 556,
                      "Plan Width": 8,
                      "Actual Startup Time": 9.849,
                      "Actual Total Time": 86.542,
                      "Actual Rows": 69,
                      "Actual Loops": 5,
                      "Inner Unique": false,
                      "Plans": [
                        {
                          "Node Type": "Seq Scan",
                          "Parent Relationship": "Outer",
                          "Parallel Aware": true,
                          "Relation Name": "title",
                          "Alias": "t",
                          "Startup Cost": 0.0,
                          "Total Cost": 45479.1,
                          "Plan Rows": 538,
                          "Plan Width": 4,
                          "Actual Startup Time": 1.567,
                          "Actual Total Time": 84.764,
                          "Actual Rows": 60,
                          "Actual Loops": 5,
                          "Filter": "((kind_id > 1) AND (production_year > 2013))",
                          "Rows Removed by Filter": 505603
                        },
                        {
                          "Node Type": "Index Only Scan",
                          "Parent Relationship": "Inner",
                          "Parallel Aware": false,
                          "Scan Direction": "Forward",
                          "Index Name": "movie_id_movie_companies",
                          "Relation Name": "movie_companies",
                          "Alias": "mc",
                          "Startup Cost": 0.43,
                          "Total Cost": 17.09,
                          "Plan Rows": 5,
                          "Plan Width": 4,
                          "Actual Startup Time": 0.025,
                          "Actual Total Time": 0.028,
                          "Actual Rows": 1,
                          "Actual Loops": 298,
                          "Index Cond": "(movie_id = t.id)",
                          "Rows Removed by Index Recheck": 0,
                          "Heap Fetches": 343
                        }
                      ]
                    },
                    {
                      "Node Type": "Index Scan",
                      "Parent Relationship": "Inner",
                      "Parallel Aware": false,
                      "Scan Direction": "Forward",
                      "Index Name": "movie_id_cast_info",
                      "Relation Name": "cast_info",
                      "Alias": "ci",
                      "Startup Cost": 0.56,
                      "Total Cost": 1.98,
                      "Plan Rows": 11,
                      "Plan Width": 4,
                      "Actual Startup Time": 0.051,
                      "Actual Total Time": 0.071,
                      "Actual Rows": 3,
                      "Actual Loops": 343,
                      "Index Cond": "(movie_id = mc.movie_id)",
                      "Rows Removed by Index Recheck": 0,
                      "Filter": "((person_id < 1618895) AND (role_id > 1))",
                      "Rows Removed by Filter": 10
                    }
                  ]
                }
              ]
            }
          ]
        }
      ]
    },
    "Planning Time": 1.41,
    "Triggers": [],
    "Execution Time": 114.856
  }
]