[
  {
    "Plan": {
      "Node Type": "Aggregate",
      "Strategy": "Plain",
      "Partial Mode": "Simple",
      "Parallel Aware": false,
      "Startup Cost": 13902.22,
      "Total Cost": 13902.23,
      "Plan Rows": 1,
      "Plan Width": 8,
      "Actual Startup Time": 9.557,
      "Actual Total Time": 9.559,
      "Actual Rows": 1,
      "Actual Loops": 1,
      "Plans": [
        {
          "Node Type": "Bitmap Heap Scan",
          "Parent Relationship": "Outer",
          "Parallel Aware": false,
          "Relation Name": "movie_info",
          "Alias": "mi",
          "Startup Cost": 74.99,
          "Total Cost": 13892.36,
          "Plan Rows": 3942,
          "Plan Width": 0,
          "Actual Startup Time": 1.917,
          "Actual Total Time": 8.505,
          "Actual Rows": 6509,
          "Actual Loops": 1,
          "Recheck Cond": "(info_type_id = 42)",
          "Rows Removed by Index Recheck": 0,
          "Exact Heap Blocks": 1315,
          "Lossy Heap Blocks": 0,
          "Plans": [
            {
              "Node Type": "Bitmap Index Scan",
              "Parent Relationship": "Outer",
              "Parallel Aware": false,
              "Index Name": "info_type_id_movie_info",
              "Startup Cost": 0.0,
              "Total Cost": 74.0,
              "Plan Rows": 3942,
              "Plan Width": 0,
              "Actual Startup Time": 1.376,
              "Actual Total Time": 1.377,
              "Actual Rows": 6509,
              "Actual Loops": 1,
              "Index Cond": "(info_type_id = 42)"
            }
          ]
        }
      ]
    },
    "Planning Time": 0.165,
    "Triggers": [],
    "Execution Time": 9.623
  }
]