[
  {
    "Plan": {
      "Node Type": "Aggregate",
      "Strategy": "Plain",
      "Partial Mode": "Finalize",
      "Parallel Aware": false,
      "Startup Cost": 45637.85,
      "Total Cost": 45637.86,
      "Plan Rows": 1,
      "Plan Width": 8,
      "Actual Startup Time": 127.175,
      "Actual Total Time": 136.368,
      "Actual Rows": 1,
      "Actual Loops": 1,
      "Plans": [
        {
          "Node Type": "Gather",
          "Parent Relationship": "Outer",
          "Parallel Aware": false,
          "Startup Cost": 45637.54,
          "Total Cost": 45637.85,
          "Plan Rows": 3,
          "Plan Width": 8,
          "Actual Startup Time": 127.093,
          "Actual Total Time": 136.361,
          "Actual Rows": 4,
          "Actual Loops": 1,
          "Workers Planned": 3,
          "Workers Launched": 3,
          "Single Copy": false,
          "Plans": [
            {
              "Node Type": "Aggregate",
              "Strategy": "Plain",
              "Partial Mode": "Partial",
              "Parent Relationship": "Outer",
              "Parallel Aware": false,
              "Startup Cost": 44637.54,
              "Total Cost": 44637.55,
              "Plan Rows": 1,
              "Plan Width": 8,
              "Actual Startup Time": 123.764,
              "Actual Total Time": 123.765,
              "Actual Rows": 1,
              "Actual Loops": 4,
              "Plans": [
                {
                  "Node Type": "Seq Scan",
                  "Parent Relationship": "Outer",
                  "Parallel Aware": true,
                  "Relation Name": "movie_keyword",
                  "Alias": "mk",
                  "Startup Cost": 0.0,
                  "Total Cost": 42695.65,
                  "Plan Rows": 776753,
                  "Plan Width": 0,
                  "Actual Startup Time": 0.198,
                  "Actual Total Time": 99.562,
                  "Actual Rows": 599778,
                  "Actual Loops": 4,
                  "Filter": "(keyword_id > 3913)",
                  "Rows Removed by Filter": 531204
                }
              ]
            }
          ]
        }
      ]
    },
    "Planning Time": 0.206,
    "Triggers": [],
    "Execution Time": 136.423
  }
]