[
  {
    "Plan": {
      "Node Type": "Aggregate",
      "Strategy": "Plain",
      "Partial Mode": "Finalize",
      "Parallel Aware": false,
      "Startup Cost": 45335.4,
      "Total Cost": 45335.41,
      "Plan Rows": 1,
      "Plan Width": 8,
      "Actual Startup Time": 152.219,
      "Actual Total Time": 161.53,
      "Actual Rows": 1,
      "Actual Loops": 1,
      "Plans": [
        {
          "Node Type": "Gather",
          "Parent Relationship": "Outer",
          "Parallel Aware": false,
          "Startup Cost": 45335.08,
          "Total Cost": 45335.39,
          "Plan Rows": 3,
          "Plan Width": 8,
          "Actual Startup Time": 152.05,
          "Actual Total Time": 161.521,
          "Actual Rows": 4,
          "Actual Loops": 1,
          "Workers Planned": 3,
          "Workers Launched": 3,
          "Single Copy": false,
          "Plans": [
            {
              "Node Type": "Aggregate",
              "Strategy": "Plain",
              "Partial Mode": "Partial",
              "Parent Relationship": "Outer",
              "Parallel Aware": false,
              "Startup Cost": 44335.08,
              "Total Cost": 44335.09,
              "Plan Rows": 1,
              "Plan Width": 8,
              "Actual Startup Time": 144.821,
              "Actual Total Time": 144.822,
              "Actual Rows": 1,
              "Actual Loops": 4,
              "Plans": [
                {
                  "Node Type": "Seq Scan",
                  "Parent Relationship": "Outer",
                  "Parallel Aware": true,
                  "Relation Name": "movie_keyword",
                  "Alias": "mk",
                  "Startup Cost": 0.0,
                  "Total Cost": 42695.65,
                  "Plan Rows": 655772,
                  "Plan Width": 0,
                  "Actual Startup Time": 0.901,
                  "Actual Total Time": 118.542,
                  "Actual Rows": 504389,
                  "Actual Loops": 4,
                  "Filter": "(keyword_id > 6151)",
                  "Rows Removed by Filter": 626594
                }
              ]
            }
          ]
        }
      ]
    },
    "Planning Time": 0.175,
    "Triggers": [],
    "Execution Time": 161.578
  }
]