{
  "Plan": {
    "Node Type": "Aggregate",
    "Strategy": "Plain",
    "Partial Mode": "Finalize",
    "Parallel Aware": false,
    "Startup Cost": 338239.99,
    "Total Cost": 338240.0,
    "Plan Rows": 1,
    "Plan Width": 8,
    "Actual Startup Time": 987.417,
    "Actual Total Time": 1026.954,
    "Actual Rows": 1,
    "Actual Loops": 1,
    "Plans": [
      {
        "Node Type": "Gather",
        "Parent Relationship": "Outer",
        "Parallel Aware": false,
        "Startup Cost": 338239.88,
        "Total Cost": 338239.99,
        "Plan Rows": 1,
        "Plan Width": 8,
        "Actual Startup Time": 987.245,
        "Actual Total Time": 1026.946,
        "Actual Rows": 2,
        "Actual Loops": 1,
        "Workers Planned": 1,
        "Workers Launched": 1,
        "Single Copy": false,
        "Plans": [
          {
            "Node Type": "Aggregate",
            "Strategy": "Plain",
            "Partial Mode": "Partial",
            "Parent Relationship": "Outer",
            "Parallel Aware": false,
            "Startup Cost": 337239.88,
            "Total Cost": 337239.89,
            "Plan Rows": 1,
            "Plan Width": 8,
            "Actual Startup Time": 981.605,
            "Actual Total Time": 981.609,
            "Actual Rows": 1,
            "Actual Loops": 2,
            "Plans": [
              {
                "Node Type": "Hash Join",
                "Parent Relationship": "Outer",
                "Parallel Aware": true,
                "Join Type": "Inner",
                "Startup Cost": 58345.59,
                "Total Cost": 337223.48,
                "Plan Rows": 6559,
                "Plan Width": 0,
                "Actual Startup Time": 180.496,
                "Actual Total Time": 981.034,
                "Actual Rows": 9483,
                "Actual Loops": 2,
                "Inner Unique": true,
                "Hash Cond": "(mi.movie_id = t.id)",
                "Plans": [
                  {
                    "Node Type": "Seq Scan",
                    "Parent Relationship": "Outer",
                    "Parallel Aware": true,
                    "Relation Name": "movie_info",
                    "Alias": "mi",
                    "Startup Cost": 0.0,
                    "Total Cost": 270696.42,
                    "Plan Rows": 3116745,
                    "Plan Width": 4,
                    "Actual Startup Time": 34.651,
                    "Actual Total Time": 659.023,
                    "Actual Rows": 2635284,
                    "Actual Loops": 2,
                    "Filter": "(info_type_id > 15)",
                    "Rows Removed by Filter": 4782576
                  },
                  {
                    "Node Type": "Hash",
                    "Parent Relationship": "Inner",
                    "Parallel Aware": true,
                    "Startup Cost": 58306.47,
                    "Total Cost": 58306.47,
                    "Plan Rows": 3130,
                    "Plan Width": 4,
                    "Actual Startup Time": 144.449,
                    "Actual Total Time": 144.451,
                    "Actual Rows": 3165,
                    "Actual Loops": 2,
                    "Hash Buckets": 8192,
                    "Original Hash Buckets": 8192,
                    "Hash Batches": 1,
                    "Original Hash Batches": 1,
                    "Peak Memory Usage": 352,
                    "Plans": [
                      {
                        "Node Type": "Seq Scan",
                        "Parent Relationship": "Outer",
                        "Parallel Aware": true,
                        "Relation Name": "title",
                        "Alias": "t",
                        "Startup Cost": 0.0,
                        "Total Cost": 58306.47,
                        "Plan Rows": 3130,
                        "Plan Width": 4,
                        "Actual Startup Time": 0.949,
                        "Actual Total Time": 143.105,
                        "Actual Rows": 3165,
                        "Actual Loops": 2,
                        "Filter": "((kind_id < 7) AND (production_year = 1978))",
                        "Rows Removed by Filter": 1260991
                      }
                    ]
                  }
                ]
              }
            ]
          }
        ]
      }
    ]
  },
  "Planning Time": 0.465,
  "Triggers": [],
  "Execution Time": 1027.093
}