[
  {
    "Plan": {
      "Node Type": "Aggregate",
      "Strategy": "Plain",
      "Partial Mode": "Finalize",
      "Parallel Aware": false,
      "Startup Cost": 87998.47,
      "Total Cost": 87998.48,
      "Plan Rows": 1,
      "Plan Width": 8,
      "Actual Startup Time": 373.115,
      "Actual Total Time": 398.5,
      "Actual Rows": 1,
      "Actual Loops": 1,
      "Plans": [
        {
          "Node Type": "Gather",
          "Parent Relationship": "Outer",
          "Parallel Aware": false,
          "Startup Cost": 87998.15,
          "Total Cost": 87998.46,
          "Plan Rows": 3,
          "Plan Width": 8,
          "Actual Startup Time": 370.785,
          "Actual Total Time": 398.492,
          "Actual Rows": 4,
          "Actual Loops": 1,
          "Workers Planned": 3,
          "Workers Launched": 3,
          "Single Copy": false,
          "Plans": [
            {
              "Node Type": "Aggregate",
              "Strategy": "Plain",
              "Partial Mode": "Partial",
              "Parent Relationship": "Outer",
              "Parallel Aware": false,
              "Startup Cost": 86998.15,
              "Total Cost": 86998.16,
              "Plan Rows": 1,
              "Plan Width": 8,
              "Actual Startup Time": 363.314,
              "Actual Total Time": 363.319,
              "Actual Rows": 1,
              "Actual Loops": 4,
              "Plans": [
                {
                  "Node Type": "Nested Loop",
                  "Parent Relationship": "Outer",
                  "Parallel Aware": false,
                  "Join Type": "Inner",
                  "Startup Cost": 46412.49,
                  "Total Cost": 86980.46,
                  "Plan Rows": 7074,
                  "Plan Width": 0,
                  "Actual Startup Time": 153.598,
                  "Actual Total Time": 360.027,
                  "Actual Rows": 50846,
                  "Actual Loops": 4,
                  "Inner Unique": false,
                  "Join Filter": "(t.id = mi_idx.movie_id)",
                  "Rows Removed by Join Filter": 0,
                  "Plans": [
                    {
                      "Node Type": "Hash Join",
                      "Parent Relationship": "Outer",
                      "Parallel Aware": true,
                      "Join Type": "Inner",
                      "Startup Cost": 46412.06,
                      "Total Cost": 78115.15,
                      "Plan Rows": 12960,
                      "Plan Width": 8,
                      "Actual Startup Time": 153.504,
                      "Actual Total Time": 267.598,
                      "Actual Rows": 23565,
                      "Actual Loops": 4,
                      "Inner Unique": true,
                      "Hash Cond": "(mc.movie_id = t.id)",
                      "Plans": [
                        {
                          "Node Type": "Seq Scan",
                          "Parent Relationship": "Outer",
                          "Parallel Aware": true,
                          "Relation Name": "movie_companies",
                          "Alias": "mc",
                          "Startup Cost": 0.0,
                          "Total Cost": 31414.82,
                          "Plan Rows": 109817,
                          "Plan Width": 4,
                          "Actual Startup Time": 0.019,
                          "Actual Total Time": 79.28,
                          "Actual Rows": 123559,
                          "Actual Loops": 4,
                          "Filter": "((company_id < 1284) AND (company_type_id = 1))",
                          "Rows Removed by Filter": 528723
                        },
                        {
                          "Node Type": "Hash",
                          "Parent Relationship": "Inner",
                          "Parallel Aware": true,
                          "Startup Cost": 45479.59,
                          "Total Cost": 45479.59,
                          "Plan Rows": 74598,
                          "Plan Width": 4,
                          "Actual Startup Time": 151.248,
                          "Actual Total Time": 151.249,
                          "Actual Rows": 105554,
                          "Actual Loops": 4,
                          "Hash Buckets": 524288,
                          "Original Hash Buckets": 524288,
                          "Hash Batches": 1,
                          "Original Hash Batches": 1,
                          "Peak Memory Usage": 20672,
                          "Plans": [
                            {
                              "Node Type": "Seq Scan",
                              "Parent Relationship": "Outer",
                              "Parallel Aware": true,
                              "Relation Name": "title",
                              "Alias": "t",
                              "Startup Cost": 0.0,
                              "Total Cost": 45479.59,
                              "Plan Rows": 74598,
                              "Plan Width": 4,
                              "Actual Startup Time": 0.046,
                              "Actual Total Time": 112.626,
                              "Actual Rows": 105554,
                              "Actual Loops": 4,
                              "Filter": "((kind_id < 7) AND (production_year < 1994))",
                              "Rows Removed by Filter": 526524
                            }
                          ]
                        }
                      ]
                    },
                    {
                      "Node Type": "Index Only Scan",
                      "Parent Relationship": "Inner",
                      "Parallel Aware": false,
                      "Scan Direction": "Forward",
                      "Index Name": "movie_id_movie_info_idx",
                      "Relation Name": "movie_info_idx",
                      "Alias": "mi_idx",
                      "Startup Cost": 0.43,
                      "Total Cost": 0.65,
                      "Plan Rows": 3,
                      "Plan Width": 4,
                      "Actual Startup Time": 0.003,
                      "Actual Total Time": 0.003,
                      "Actual Rows": 2,
                      "Actual Loops": 94259,
                      "Index Cond": "(movie_id = mc.movie_id)",
                      "Rows Removed by Index Recheck": 0,
                      "Heap Fetches": 203384
                    }
                  ]
                }
              ]
            }
          ]
        }
      ]
    },
    "Planning Time": 0.851,
    "Triggers": [],
    "Execution Time": 398.558
  }
]