[
  {
    "Plan": {
      "Node Type": "Aggregate",
      "Strategy": "Plain",
      "Partial Mode": "Finalize",
      "Parallel Aware": false,
      "Startup Cost": 32012.16,
      "Total Cost": 32012.17,
      "Plan Rows": 1,
      "Plan Width": 8,
      "Actual Startup Time": 93.368,
      "Actual Total Time": 98.122,
      "Actual Rows": 1,
      "Actual Loops": 1,
      "Plans": [
        {
          "Node Type": "Gather",
          "Parent Relationship": "Outer",
          "Parallel Aware": false,
          "Startup Cost": 32011.85,
          "Total Cost": 32012.16,
          "Plan Rows": 3,
          "Plan Width": 8,
          "Actual Startup Time": 93.161,
          "Actual Total Time": 98.115,
          "Actual Rows": 4,
          "Actual Loops": 1,
          "Workers Planned": 3,
          "Workers Launched": 3,
          "Single Copy": false,
          "Plans": [
            {
              "Node Type": "Aggregate",
              "Strategy": "Plain",
              "Partial Mode": "Partial",
              "Parent Relationship": "Outer",
              "Parallel Aware": false,
              "Startup Cost": 31011.85,
              "Total Cost": 31011.86,
              "Plan Rows": 1,
              "Plan Width": 8,
              "Actual Startup Time": 84.259,
              "Actual Total Time": 84.26,
              "Actual Rows": 1,
              "Actual Loops": 4,
              "Plans": [
                {
                  "Node Type": "Bitmap Heap Scan",
                  "Parent Relationship": "Outer",
                  "Parallel Aware": true,
                  "Relation Name": "movie_companies",
                  "Alias": "mc",
                  "Startup Cost": 9827.72,
                  "Total Cost": 30825.06,
                  "Plan Rows": 74716,
                  "Plan Width": 0,
                  "Actual Startup Time": 35.417,
                  "Actual Total Time": 77.343,
                  "Actual Rows": 115716,
                  "Actual Loops": 4,
                  "Recheck Cond": "(company_id > 76391)",
                  "Rows Removed by Index Recheck": 0,
                  "Filter": "(company_type_id = 2)",
                  "Rows Removed by Filter": 0,
                  "Exact Heap Blocks": 3591,
                  "Lossy Heap Blocks": 0,
                  "Plans": [
                    {
                      "Node Type": "Bitmap Index Scan",
                      "Parent Relationship": "Outer",
                      "Parallel Aware": false,
                      "Index Name": "company_id_movie_companies",
                      "Startup Cost": 0.0,
                      "Total Cost": 9769.81,
                      "Plan Rows": 456184,
                      "Plan Width": 0,
                      "Actual Startup Time": 42.182,
                      "Actual Total Time": 42.183,
                      "Actual Rows": 462865,
                      "Actual Loops": 1,
                      "Index Cond": "(company_id > 76391)"
                    }
                  ]
                }
              ]
            }
          ]
        }
      ]
    },
    "Planning Time": 0.204,
    "Triggers": [],
    "Execution Time": 98.197
  }
]