[
  {
    "Plan": {
      "Node Type": "Aggregate",
      "Strategy": "Plain",
      "Partial Mode": "Finalize",
      "Parallel Aware": false,
      "Startup Cost": 97615.62,
      "Total Cost": 97615.63,
      "Plan Rows": 1,
      "Plan Width": 8,
      "Actual Startup Time": 541.241,
      "Actual Total Time": 565.213,
      "Actual Rows": 1,
      "Actual Loops": 1,
      "Plans": [
        {
          "Node Type": "Gather",
          "Parent Relationship": "Outer",
          "Parallel Aware": false,
          "Startup Cost": 97615.3,
          "Total Cost": 97615.61,
          "Plan Rows": 3,
          "Plan Width": 8,
          "Actual Startup Time": 537.892,
          "Actual Total Time": 565.206,
          "Actual Rows": 4,
          "Actual Loops": 1,
          "Workers Planned": 3,
          "Workers Launched": 3,
          "Single Copy": false,
          "Plans": [
            {
              "Node Type": "Aggregate",
              "Strategy": "Plain",
              "Partial Mode": "Partial",
              "Parent Relationship": "Outer",
              "Parallel Aware": false,
              "Startup Cost": 96615.3,
              "Total Cost": 96615.31,
              "Plan Rows": 1,
              "Plan Width": 8,
              "Actual Startup Time": 529.843,
              "Actual Total Time": 529.847,
              "Actual Rows": 1,
              "Actual Loops": 4,
              "Plans": [
                {
                  "Node Type": "Nested Loop",
                  "Parent Relationship": "Outer",
                  "Parallel Aware": false,
                  "Join Type": "Inner",
                  "Startup Cost": 52422.63,
                  "Total Cost": 96606.66,
                  "Plan Rows": 3457,
                  "Plan Width": 0,
                  "Actual Startup Time": 206.866,
                  "Actual Total Time": 528.125,
                  "Actual Rows": 27462,
                  "Actual Loops": 4,
                  "Inner Unique": false,
                  "Plans": [
                    {
                      "Node Type": "Hash Join",
                      "Parent Relationship": "Outer",
                      "Parallel Aware": true,
                      "Join Type": "Inner",
                      "Startup Cost": 52422.2,
                      "Total Cost": 78361.57,
                      "Plan Rows": 25642,
                      "Plan Width": 8,
                      "Actual Startup Time": 206.739,
                      "Actual Total Time": 263.812,
                      "Actual Rows": 56704,
                      "Actual Loops": 4,
                      "Inner Unique": true,
                      "Hash Cond": "(mk.movie_id = t.id)",
                      "Plans": [
                        {
                          "Node Type": "Bitmap Heap Scan",
                          "Parent Relationship": "Outer",
                          "Parallel Aware": true,
                          "Relation Name": "movie_keyword",
                          "Alias": "mk",
                          "Startup Cost": 6459.84,
                          "Total Cost": 32141.42,
                          "Plan Rows": 98206,
                          "Plan Width": 4,
                          "Actual Startup Time": 26.601,
                          "Actual Total Time": 67.212,
                          "Actual Rows": 76896,
                          "Actual Loops": 4,
                          "Recheck Cond": "(keyword_id > 52902)",
                          "Rows Removed by Index Recheck": 0,
                          "Exact Heap Blocks": 6045,
                          "Lossy Heap Blocks": 0,
                          "Plans": [
                            {
                              "Node Type": "Bitmap Index Scan",
                              "Parent Relationship": "Outer",
                              "Parallel Aware": false,
                              "Index Name": "keyword_id_movie_keyword",
                              "Startup Cost": 0.0,
                              "Total Cost": 6383.73,
                              "Plan Rows": 304440,
                              "Plan Width": 0,
                              "Actual Startup Time": 22.624,
                              "Actual Total Time": 22.625,
                              "Actual Rows": 307583,
                              "Actual Loops": 1,
                              "Index Cond": "(keyword_id > 52902)"
                            }
                          ]
                        },
                        {
                          "Node Type": "Hash",
                          "Parent Relationship": "Inner",
                          "Parallel Aware": true,
                          "Startup Cost": 43899.32,
                          "Total Cost": 43899.32,
                          "Plan Rows": 165043,
                          "Plan Width": 4,
                          "Actual Startup Time": 164.963,
                          "Actual Total Time": 164.963,
                          "Actual Rows": 165706,
                          "Actual Loops": 4,
                          "Hash Buckets": 1048576,
                          "Original Hash Buckets": 1048576,
                          "Hash Batches": 1,
                          "Original Hash Batches": 1,
                          "Peak Memory Usage": 34176,
                          "Plans": [
                            {
                              "Node Type": "Seq Scan",
                              "Parent Relationship": "Outer",
                              "Parallel Aware": true,
                              "Relation Name": "title",
                              "Alias": "t",
                              "Startup Cost": 0.0,
                              "Total Cost": 43899.32,
                              "Plan Rows": 165043,
                              "Plan Width": 4,
                              "Actual Startup Time": 44.314,
                              "Actual Total Time": 101.949,
                              "Actual Rows": 165706,
                              "Actual Loops": 4,
                              "Filter": "(kind_id = 1)",
                              "Rows Removed by Filter": 466372
                            }
                          ]
                        }
                      ]
                    },
                    {
                      "Node Type": "Index Scan",
                      "Parent Relationship": "Inner",
                      "Parallel Aware": false,
                      "Scan Direction": "Forward",
                      "Index Name": "movie_id_movie_companies",
                      "Relation Name": "movie_companies",
                      "Alias": "mc",
                      "Startup Cost": 0.43,
                      "Total Cost": 0.7,
                      "Plan Rows": 1,
                      "Plan Width": 4,
                      "Actual Startup Time": 0.004,
                      "Actual Total Time": 0.004,
                      "Actual Rows": 0,
                      "Actual Loops": 226815,
                      "Index Cond": "(movie_id = t.id)",
                      "Rows Removed by Index Recheck": 0,
                      "Filter": "(company_id < 166)",
                      "Rows Removed by Filter": 10
                    }
                  ]
                }
              ]
            }
          ]
        }
      ]
    },
    "Planning Time": 1.554,
    "Triggers": [],
    "Execution Time": 565.319
  }
]