[
  {
    "Plan": {
      "Node Type": "Aggregate",
      "Strategy": "Plain",
      "Partial Mode": "Finalize",
      "Parallel Aware": false,
      "Startup Cost": 419215.16,
      "Total Cost": 419215.17,
      "Plan Rows": 1,
      "Plan Width": 8,
      "Actual Startup Time": 1654.555,
      "Actual Total Time": 1711.843,
      "Actual Rows": 1,
      "Actual Loops": 1,
      "Plans": [
        {
          "Node Type": "Gather",
          "Parent Relationship": "Outer",
          "Parallel Aware": false,
          "Startup Cost": 419214.53,
          "Total Cost": 419215.14,
          "Plan Rows": 6,
          "Plan Width": 8,
          "Actual Startup Time": 1637.973,
          "Actual Total Time": 1711.821,
          "Actual Rows": 7,
          "Actual Loops": 1,
          "Workers Planned": 6,
          "Workers Launched": 6,
          "Single Copy": false,
          "Plans": [
            {
              "Node Type": "Aggregate",
              "Strategy": "Plain",
              "Partial Mode": "Partial",
              "Parent Relationship": "Outer",
              "Parallel Aware": false,
              "Startup Cost": 418214.53,
              "Total Cost": 418214.54,
              "Plan Rows": 1,
              "Plan Width": 8,
              "Actual Startup Time": 1628.919,
              "Actual Total Time": 1629.016,
              "Actual Rows": 1,
              "Actual Loops": 7,
              "Plans": [
                {
                  "Node Type": "Hash Join",
                  "Parent Relationship": "Outer",
                  "Parallel Aware": true,
                  "Join Type": "Inner",
                  "Startup Cost": 81864.03,
                  "Total Cost": 417171.27,
                  "Plan Rows": 417306,
                  "Plan Width": 0,
                  "Actual Startup Time": 366.928,
                  "Actual Total Time": 1551.757,
                  "Actual Rows": 1376605,
                  "Actual Loops": 7,
                  "Inner Unique": false,
                  "Hash Cond": "(ci.movie_id = t.id)",
                  "Plans": [
                    {
                      "Node Type": "Seq Scan",
                      "Parent Relationship": "Outer",
                      "Parallel Aware": true,
                      "Relation Name": "cast_info",
                      "Alias": "ci",
                      "Startup Cost": 0.0,
                      "Total Cost": 328211.39,
                      "Plan Rows": 1533251,
                      "Plan Width": 4,
                      "Actual Startup Time": 0.048,
                      "Actual Total Time": 643.657,
                      "Actual Rows": 1320144,
                      "Actual Loops": 7,
                      "Filter": "(person_id < 909363)",
                      "Rows Removed by Filter": 3857619
                    },
                    {
                      "Node Type": "Hash",
                      "Parent Relationship": "Inner",
                      "Parallel Aware": true,
                      "Startup Cost": 79089.18,
                      "Total Cost": 79089.18,
                      "Plan Rows": 221988,
                      "Plan Width": 8,
                      "Actual Startup Time": 364.579,
                      "Actual Total Time": 364.674,
                      "Actual Rows": 143809,
                      "Actual Loops": 7,
                      "Hash Buckets": 1048576,
                      "Original Hash Buckets": 1048576,
                      "Hash Batches": 1,
                      "Original Hash Batches": 1,
                      "Peak Memory Usage": 47712,
                      "Plans": [
                        {
                          "Node Type": "Hash Join",
                          "Parent Relationship": "Outer",
                          "Parallel Aware": true,
                          "Join Type": "Inner",
                          "Startup Cost": 47755.25,
                          "Total Cost": 79089.18,
                          "Plan Rows": 221988,
                          "Plan Width": 8,
                          "Actual Startup Time": 143.183,
                          "Actual Total Time": 300.913,
                          "Actual Rows": 143809,
                          "Actual Loops": 7,
                          "Inner Unique": true,
                          "Hash Cond": "(mc.movie_id = t.id)",
                          "Plans": [
                            {
                              "Node Type": "Seq Scan",
                              "Parent Relationship": "Outer",
                              "Parallel Aware": true,
                              "Relation Name": "movie_companies",
                              "Alias": "mc",
                              "Startup Cost": 0.0,
                              "Total Cost": 29310.68,
                              "Plan Rows": 770763,
                              "Plan Width": 4,
                              "Actual Startup Time": 0.016,
                              "Actual Total Time": 62.204,
                              "Actual Rows": 341689,
                              "Actual Loops": 7,
                              "Filter": "(company_id < 108658)",
                              "Rows Removed by Filter": 31044
                            },
                            {
                              "Node Type": "Hash",
                              "Parent Relationship": "Inner",
                              "Parallel Aware": true,
                              "Startup Cost": 45479.59,
                              "Total Cost": 45479.59,
                              "Plan Rows": 182053,
                              "Plan Width": 4,
                              "Actual Startup Time": 141.649,
                              "Actual Total Time": 141.651,
                              "Actual Rows": 89733,
                              "Actual Loops": 7,
                              "Hash Buckets": 1048576,
                              "Original Hash Buckets": 1048576,
                              "Hash Batches": 1,
                              "Original Hash Batches": 1,
                              "Peak Memory Usage": 32896,
                              "Plans": [
                                {
                                  "Node Type": "Seq Scan",
                                  "Parent Relationship": "Outer",
                                  "Parallel Aware": true,
                                  "Relation Name": "title",
                                  "Alias": "t",
                                  "Startup Cost": 0.0,
                                  "Total Cost": 45479.59,
                                  "Plan Rows": 182053,
                                  "Plan Width": 4,
                                  "Actual Startup Time": 0.058,
                                  "Actual Total Time": 89.674,
                                  "Actual Rows": 89733,
                                  "Actual Loops": 7,
                                  "Filter": "((kind_id < 7) AND (production_year > 1985))",
                                  "Rows Removed by Filter": 271454
                                }
                              ]
                            }
                          ]
                        }
                      ]
                    }
                  ]
                }
              ]
            }
          ]
        }
      ]
    },
    "Planning Time": 0.609,
    "Triggers": [],
    "Execution Time": 1711.91
  }
]