[
  {
    "Plan": {
      "Node Type": "Aggregate",
      "Strategy": "Plain",
      "Partial Mode": "Finalize",
      "Parallel Aware": false,
      "Startup Cost": 82504.48,
      "Total Cost": 82504.49,
      "Plan Rows": 1,
      "Plan Width": 8,
      "Actual Startup Time": 389.759,
      "Actual Total Time": 404.351,
      "Actual Rows": 1,
      "Actual Loops": 1,
      "Plans": [
        {
          "Node Type": "Gather",
          "Parent Relationship": "Outer",
          "Parallel Aware": false,
          "Startup Cost": 82504.16,
          "Total Cost": 82504.47,
          "Plan Rows": 3,
          "Plan Width": 8,
          "Actual Startup Time": 384.83,
          "Actual Total Time": 404.34,
          "Actual Rows": 4,
          "Actual Loops": 1,
          "Workers Planned": 3,
          "Workers Launched": 3,
          "Single Copy": false,
          "Plans": [
            {
              "Node Type": "Aggregate",
              "Strategy": "Plain",
              "Partial Mode": "Partial",
              "Parent Relationship": "Outer",
              "Parallel Aware": false,
              "Startup Cost": 81504.16,
              "Total Cost": 81504.17,
              "Plan Rows": 1,
              "Plan Width": 8,
              "Actual Startup Time": 371.6,
              "Actual Total Time": 371.603,
              "Actual Rows": 1,
              "Actual Loops": 4,
              "Plans": [
                {
                  "Node Type": "Hash Join",
                  "Parent Relationship": "Outer",
                  "Parallel Aware": true,
                  "Join Type": "Inner",
                  "Startup Cost": 48933.06,
                  "Total Cost": 81164.31,
                  "Plan Rows": 135940,
                  "Plan Width": 0,
                  "Actual Startup Time": 280.498,
                  "Actual Total Time": 369.34,
                  "Actual Rows": 50506,
                  "Actual Loops": 4,
                  "Inner Unique": true,
                  "Hash Cond": "(mc.movie_id = t.id)",
                  "Plans": [
                    {
                      "Node Type": "Seq Scan",
                      "Parent Relationship": "Outer",
                      "Parallel Aware": true,
                      "Relation Name": "movie_companies",
                      "Alias": "mc",
                      "Startup Cost": 0.0,
                      "Total Cost": 31414.82,
                      "Plan Rows": 311022,
                      "Plan Width": 4,
                      "Actual Startup Time": 32.057,
                      "Actual Total Time": 66.723,
                      "Actual Rows": 164388,
                      "Actual Loops": 4,
                      "Filter": "((company_id < 43198) AND (company_type_id = 2))",
                      "Rows Removed by Filter": 487895
                    },
                    {
                      "Node Type": "Hash",
                      "Parent Relationship": "Inner",
                      "Parallel Aware": true,
                      "Startup Cost": 45479.59,
                      "Total Cost": 45479.59,
                      "Plan Rows": 276278,
                      "Plan Width": 4,
                      "Actual Startup Time": 240.178,
                      "Actual Total Time": 240.179,
                      "Actual Rows": 298834,
                      "Actual Loops": 4,
                      "Hash Buckets": 2097152,
                      "Original Hash Buckets": 2097152,
                      "Hash Batches": 1,
                      "Original Hash Batches": 1,
                      "Peak Memory Usage": 63200,
                      "Plans": [
                        {
                          "Node Type": "Seq Scan",
                          "Parent Relationship": "Outer",
                          "Parallel Aware": true,
                          "Relation Name": "title",
                          "Alias": "t",
                          "Startup Cost": 0.0,
                          "Total Cost": 45479.59,
                          "Plan Rows": 276278,
                          "Plan Width": 4,
                          "Actual Startup Time": 0.055,
                          "Actual Total Time": 114.091,
                          "Actual Rows": 298834,
                          "Actual Loops": 4,
                          "Filter": "((kind_id > 1) AND (production_year > 1998))",
                          "Rows Removed by Filter": 333244
                        }
                      ]
                    }
                  ]
                }
              ]
            }
          ]
        }
      ]
    },
    "Planning Time": 0.578,
    "Triggers": [],
    "Execution Time": 404.414
  }
]