[
  {
    "Plan": {
      "Node Type": "Aggregate",
      "Strategy": "Plain",
      "Partial Mode": "Finalize",
      "Parallel Aware": false,
      "Startup Cost": 333762.51,
      "Total Cost": 333762.52,
      "Plan Rows": 1,
      "Plan Width": 8,
      "Actual Startup Time": 665.134,
      "Actual Total Time": 724.462,
      "Actual Rows": 1,
      "Actual Loops": 1,
      "Plans": [
        {
          "Node Type": "Gather",
          "Parent Relationship": "Outer",
          "Parallel Aware": false,
          "Startup Cost": 333761.89,
          "Total Cost": 333762.5,
          "Plan Rows": 6,
          "Plan Width": 8,
          "Actual Startup Time": 664.909,
          "Actual Total Time": 724.448,
          "Actual Rows": 7,
          "Actual Loops": 1,
          "Workers Planned": 6,
          "Workers Launched": 6,
          "Single Copy": false,
          "Plans": [
            {
              "Node Type": "Aggregate",
              "Strategy": "Plain",
              "Partial Mode": "Partial",
              "Parent Relationship": "Outer",
              "Parallel Aware": false,
              "Startup Cost": 332761.89,
              "Total Cost": 332761.9,
              "Plan Rows": 1,
              "Plan Width": 8,
              "Actual Startup Time": 654.55,
              "Actual Total Time": 654.552,
              "Actual Rows": 1,
              "Actual Loops": 7,
              "Plans": [
                {
                  "Node Type": "Seq Scan",
                  "Parent Relationship": "Outer",
                  "Parallel Aware": true,
                  "Relation Name": "cast_info",
                  "Alias": "ci",
                  "Startup Cost": 0.0,
                  "Total Cost": 328211.39,
                  "Plan Rows": 1820199,
                  "Plan Width": 0,
                  "Actual Startup Time": 0.064,
                  "Actual Total Time": 583.35,
                  "Actual Rows": 1571375,
                  "Actual Loops": 7,
                  "Filter": "(person_id < 1080378)",
                  "Rows Removed by Filter": 3606388
                }
              ]
            }
          ]
        }
      ]
    },
    "Planning Time": 0.205,
    "Triggers": [],
    "Execution Time": 724.537
  }
]