[
  {
    "Plan": {
      "Node Type": "Aggregate",
      "Strategy": "Plain",
      "Partial Mode": "Finalize",
      "Parallel Aware": false,
      "Startup Cost": 45133.3,
      "Total Cost": 45133.31,
      "Plan Rows": 1,
      "Plan Width": 8,
      "Actual Startup Time": 132.559,
      "Actual Total Time": 140.746,
      "Actual Rows": 1,
      "Actual Loops": 1,
      "Plans": [
        {
          "Node Type": "Gather",
          "Parent Relationship": "Outer",
          "Parallel Aware": false,
          "Startup Cost": 45132.99,
          "Total Cost": 45133.3,
          "Plan Rows": 3,
          "Plan Width": 8,
          "Actual Startup Time": 132.424,
          "Actual Total Time": 140.735,
          "Actual Rows": 4,
          "Actual Loops": 1,
          "Workers Planned": 3,
          "Workers Launched": 3,
          "Single Copy": false,
          "Plans": [
            {
              "Node Type": "Aggregate",
              "Strategy": "Plain",
              "Partial Mode": "Partial",
              "Parent Relationship": "Outer",
              "Parallel Aware": false,
              "Startup Cost": 44132.99,
              "Total Cost": 44133.0,
              "Plan Rows": 1,
              "Plan Width": 8,
              "Actual Startup Time": 125.855,
              "Actual Total Time": 125.855,
              "Actual Rows": 1,
              "Actual Loops": 4,
              "Plans": [
                {
                  "Node Type": "Seq Scan",
                  "Parent Relationship": "Outer",
                  "Parallel Aware": true,
                  "Relation Name": "movie_keyword",
                  "Alias": "mk",
                  "Startup Cost": 0.0,
                  "Total Cost": 42695.65,
                  "Plan Rows": 574933,
                  "Plan Width": 0,
                  "Actual Startup Time": 0.386,
                  "Actual Total Time": 105.894,
                  "Actual Rows": 442256,
                  "Actual Loops": 4,
                  "Filter": "(keyword_id > 7843)",
                  "Rows Removed by Filter": 688727
                }
              ]
            }
          ]
        }
      ]
    },
    "Planning Time": 0.084,
    "Triggers": [],
    "Execution Time": 140.772
  }
]