[
  {
    "Plan": {
      "Node Type": "Aggregate",
      "Strategy": "Plain",
      "Partial Mode": "Finalize",
      "Parallel Aware": false,
      "Startup Cost": 62664.53,
      "Total Cost": 62664.54,
      "Plan Rows": 1,
      "Plan Width": 8,
      "Actual Startup Time": 179.191,
      "Actual Total Time": 192.227,
      "Actual Rows": 1,
      "Actual Loops": 1,
      "Plans": [
        {
          "Node Type": "Gather",
          "Parent Relationship": "Outer",
          "Parallel Aware": false,
          "Startup Cost": 62664.32,
          "Total Cost": 62664.53,
          "Plan Rows": 2,
          "Plan Width": 8,
          "Actual Startup Time": 178.888,
          "Actual Total Time": 192.22,
          "Actual Rows": 3,
          "Actual Loops": 1,
          "Workers Planned": 2,
          "Workers Launched": 2,
          "Single Copy": false,
          "Plans": [
            {
              "Node Type": "Aggregate",
              "Strategy": "Plain",
              "Partial Mode": "Partial",
              "Parent Relationship": "Outer",
              "Parallel Aware": false,
              "Startup Cost": 61664.32,
              "Total Cost": 61664.33,
              "Plan Rows": 1,
              "Plan Width": 8,
              "Actual Startup Time": 171.262,
              "Actual Total Time": 171.265,
              "Actual Rows": 1,
              "Actual Loops": 3,
              "Plans": [
                {
                  "Node Type": "Hash Join",
                  "Parent Relationship": "Outer",
                  "Parallel Aware": true,
                  "Join Type": "Inner",
                  "Startup Cost": 45530.22,
                  "Total Cost": 61658.12,
                  "Plan Rows": 2478,
                  "Plan Width": 0,
                  "Actual Startup Time": 133.977,
                  "Actual Total Time": 171.086,
                  "Actual Rows": 3339,
                  "Actual Loops": 3,
                  "Inner Unique": true,
                  "Hash Cond": "(mi_idx.movie_id = t.id)",
                  "Plans": [
                    {
                      "Node Type": "Seq Scan",
                      "Parent Relationship": "Outer",
                      "Parallel Aware": true,
                      "Relation Name": "movie_info_idx",
                      "Alias": "mi_idx",
                      "Startup Cost": 0.0,
                      "Total Cost": 15122.68,
                      "Plan Rows": 382940,
                      "Plan Width": 4,
                      "Actual Startup Time": 0.03,
                      "Actual Total Time": 40.647,
                      "Actual Rows": 306617,
                      "Actual Loops": 3,
                      "Filter": "(info_type_id < 101)",
                      "Rows Removed by Filter": 153395
                    },
                    {
                      "Node Type": "Hash",
                      "Parent Relationship": "Inner",
                      "Parallel Aware": true,
                      "Startup Cost": 45479.1,
                      "Total Cost": 45479.1,
                      "Plan Rows": 4090,
                      "Plan Width": 4,
                      "Actual Startup Time": 108.709,
                      "Actual Total Time": 108.71,
                      "Actual Rows": 3235,
                      "Actual Loops": 3,
                      "Hash Buckets": 16384,
                      "Original Hash Buckets": 16384,
                      "Hash Batches": 1,
                      "Original Hash Batches": 1,
                      "Peak Memory Usage": 576,
                      "Plans": [
                        {
                          "Node Type": "Seq Scan",
                          "Parent Relationship": "Outer",
                          "Parallel Aware": true,
                          "Relation Name": "title",
                          "Alias": "t",
                          "Startup Cost": 0.0,
                          "Total Cost": 45479.1,
                          "Plan Rows": 4090,
                          "Plan Width": 4,
                          "Actual Startup Time": 69.812,
                          "Actual Total Time": 107.451,
                          "Actual Rows": 3235,
                          "Actual Loops": 3,
                          "Filter": "((kind_id = 1) AND (production_year = 2002))",
                          "Rows Removed by Filter": 839536
                        }
                      ]
                    }
                  ]
                }
              ]
            }
          ]
        }
      ]
    },
    "Planning Time": 0.651,
    "Triggers": [],
    "Execution Time": 192.295
  }
]