[
  {
    "Plan": {
      "Node Type": "Aggregate",
      "Strategy": "Plain",
      "Partial Mode": "Finalize",
      "Parallel Aware": false,
      "Startup Cost": 124748.5,
      "Total Cost": 124748.51,
      "Plan Rows": 1,
      "Plan Width": 8,
      "Actual Startup Time": 578.084,
      "Actual Total Time": 599.683,
      "Actual Rows": 1,
      "Actual Loops": 1,
      "Plans": [
        {
          "Node Type": "Gather",
          "Parent Relationship": "Outer",
          "Parallel Aware": false,
          "Startup Cost": 124748.18,
          "Total Cost": 124748.49,
          "Plan Rows": 3,
          "Plan Width": 8,
          "Actual Startup Time": 573.401,
          "Actual Total Time": 599.673,
          "Actual Rows": 4,
          "Actual Loops": 1,
          "Workers Planned": 3,
          "Workers Launched": 3,
          "Single Copy": false,
          "Plans": [
            {
              "Node Type": "Aggregate",
              "Strategy": "Plain",
              "Partial Mode": "Partial",
              "Parent Relationship": "Outer",
              "Parallel Aware": false,
              "Startup Cost": 123748.18,
              "Total Cost": 123748.19,
              "Plan Rows": 1,
              "Plan Width": 8,
              "Actual Startup Time": 563.614,
              "Actual Total Time": 563.847,
              "Actual Rows": 1,
              "Actual Loops": 4,
              "Plans": [
                {
                  "Node Type": "Hash Join",
                  "Parent Relationship": "Outer",
                  "Parallel Aware": true,
                  "Join Type": "Inner",
                  "Startup Cost": 78342.95,
                  "Total Cost": 123596.66,
                  "Plan Rows": 60609,
                  "Plan Width": 0,
                  "Actual Startup Time": 368.476,
                  "Actual Total Time": 546.12,
                  "Actual Rows": 449381,
                  "Actual Loops": 4,
                  "Inner Unique": false,
                  "Hash Cond": "(mk.movie_id = t.id)",
                  "Plans": [
                    {
                      "Node Type": "Seq Scan",
                      "Parent Relationship": "Outer",
                      "Parallel Aware": true,
                      "Relation Name": "movie_keyword",
                      "Alias": "mk",
                      "Startup Cost": 0.0,
                      "Total Cost": 42695.65,
                      "Plan Rows": 630013,
                      "Plan Width": 4,
                      "Actual Startup Time": 0.481,
                      "Actual Total Time": 99.032,
                      "Actual Rows": 487439,
                      "Actual Loops": 4,
                      "Filter": "(keyword_id > 6623)",
                      "Rows Removed by Filter": 643544
                    },
                    {
                      "Node Type": "Hash",
                      "Parent Relationship": "Inner",
                      "Parallel Aware": true,
                      "Startup Cost": 77362.19,
                      "Total Cost": 77362.19,
                      "Plan Rows": 78461,
                      "Plan Width": 8,
                      "Actual Startup Time": 365.289,
                      "Actual Total Time": 365.52,
                      "Actual Rows": 134103,
                      "Actual Loops": 4,
                      "Hash Buckets": 1048576,
                      "Original Hash Buckets": 262144,
                      "Hash Batches": 1,
                      "Original Hash Batches": 1,
                      "Peak Memory Usage": 35360,
                      "Plans": [
                        {
                          "Node Type": "Hash Join",
                          "Parent Relationship": "Outer",
                          "Parallel Aware": true,
                          "Join Type": "Inner",
                          "Startup Cost": 46929.75,
                          "Total Cost": 77362.19,
                          "Plan Rows": 78461,
                          "Plan Width": 8,
                          "Actual Startup Time": 194.044,
                          "Actual Total Time": 307.81,
                          "Actual Rows": 134103,
                          "Actual Loops": 4,
                          "Inner Unique": true,
                          "Hash Cond": "(mc.movie_id = t.id)",
                          "Plans": [
                            {
                              "Node Type": "Seq Scan",
                              "Parent Relationship": "Outer",
                              "Parallel Aware": true,
                              "Relation Name": "movie_companies",
                              "Alias": "mc",
                              "Startup Cost": 0.0,
                              "Total Cost": 29310.68,
                              "Plan Rows": 427336,
                              "Plan Width": 4,
                              "Actual Startup Time": 28.564,
                              "Actual Total Time": 66.375,
                              "Actual Rows": 333721,
                              "Actual Loops": 4,
                              "Filter": "(company_type_id = 2)",
                              "Rows Removed by Filter": 318562
                            },
                            {
                              "Node Type": "Hash",
                              "Parent Relationship": "Inner",
                              "Parallel Aware": true,
                              "Startup Cost": 45479.1,
                              "Total Cost": 45479.1,
                              "Plan Rows": 116052,
                              "Plan Width": 4,
                              "Actual Startup Time": 163.674,
                              "Actual Total Time": 163.675,
                              "Actual Rows": 139373,
                              "Actual Loops": 4,
                              "Hash Buckets": 1048576,
                              "Original Hash Buckets": 524288,
                              "Hash Batches": 1,
                              "Original Hash Batches": 1,
                              "Peak Memory Usage": 34144,
                              "Plans": [
                                {
                                  "Node Type": "Seq Scan",
                                  "Parent Relationship": "Outer",
                                  "Parallel Aware": true,
                                  "Relation Name": "title",
                                  "Alias": "t",
                                  "Startup Cost": 0.0,
                                  "Total Cost": 45479.1,
                                  "Plan Rows": 116052,
                                  "Plan Width": 4,
                                  "Actual Startup Time": 0.051,
                                  "Actual Total Time": 102.53,
                                  "Actual Rows": 139373,
                                  "Actual Loops": 4,
                                  "Filter": "((kind_id < 7) AND (production_year < 2003))",
                                  "Rows Removed by Filter": 492705
                                }
                              ]
                            }
                          ]
                        }
                      ]
                    }
                  ]
                }
              ]
            }
          ]
        }
      ]
    },
    "Planning Time": 1.437,
    "Triggers": [],
    "Execution Time": 599.77
  }
]