[
  {
    "Plan": {
      "Node Type": "Aggregate",
      "Strategy": "Plain",
      "Partial Mode": "Finalize",
      "Parallel Aware": false,
      "Startup Cost": 77227.82,
      "Total Cost": 77227.83,
      "Plan Rows": 1,
      "Plan Width": 8,
      "Actual Startup Time": 130.114,
      "Actual Total Time": 147.279,
      "Actual Rows": 1,
      "Actual Loops": 1,
      "Plans": [
        {
          "Node Type": "Gather",
          "Parent Relationship": "Outer",
          "Parallel Aware": false,
          "Startup Cost": 77227.4,
          "Total Cost": 77227.81,
          "Plan Rows": 4,
          "Plan Width": 8,
          "Actual Startup Time": 129.821,
          "Actual Total Time": 147.266,
          "Actual Rows": 5,
          "Actual Loops": 1,
          "Workers Planned": 4,
          "Workers Launched": 4,
          "Single Copy": false,
          "Plans": [
            {
              "Node Type": "Aggregate",
              "Strategy": "Plain",
              "Partial Mode": "Partial",
              "Parent Relationship": "Outer",
              "Parallel Aware": false,
              "Startup Cost": 76227.4,
              "Total Cost": 76227.41,
              "Plan Rows": 1,
              "Plan Width": 8,
              "Actual Startup Time": 123.214,
              "Actual Total Time": 123.216,
              "Actual Rows": 1,
              "Actual Loops": 5,
              "Plans": [
                {
                  "Node Type": "Nested Loop",
                  "Parent Relationship": "Outer",
                  "Parallel Aware": false,
                  "Join Type": "Inner",
                  "Startup Cost": 0.43,
                  "Total Cost": 76221.04,
                  "Plan Rows": 2542,
                  "Plan Width": 0,
                  "Actual Startup Time": 0.342,
                  "Actual Total Time": 122.867,
                  "Actual Rows": 2767,
                  "Actual Loops": 5,
                  "Inner Unique": false,
                  "Plans": [
                    {
                      "Node Type": "Seq Scan",
                      "Parent Relationship": "Outer",
                      "Parallel Aware": true,
                      "Relation Name": "title",
                      "Alias": "t",
                      "Startup Cost": 0.0,
                      "Total Cost": 45479.59,
                      "Plan Rows": 5911,
                      "Plan Width": 4,
                      "Actual Startup Time": 0.139,
                      "Actual Total Time": 84.261,
                      "Actual Rows": 4127,
                      "Actual Loops": 5,
                      "Filter": "((kind_id < 7) AND (production_year = 2002))",
                      "Rows Removed by Filter": 501536
                    },
                    {
                      "Node Type": "Index Scan",
                      "Parent Relationship": "Inner",
                      "Parallel Aware": false,
                      "Scan Direction": "Forward",
                      "Index Name": "movie_id_movie_companies",
                      "Relation Name": "movie_companies",
                      "Alias": "mc",
                      "Startup Cost": 0.43,
                      "Total Cost": 5.18,
                      "Plan Rows": 2,
                      "Plan Width": 4,
                      "Actual Startup Time": 0.009,
                      "Actual Total Time": 0.009,
                      "Actual Rows": 1,
                      "Actual Loops": 20633,
                      "Index Cond": "(movie_id = t.id)",
                      "Rows Removed by Index Recheck": 0,
                      "Filter": "((company_id < 75262) AND (company_type_id > 1))",
                      "Rows Removed by Filter": 2
                    }
                  ]
                }
              ]
            }
          ]
        }
      ]
    },
    "Planning Time": 0.686,
    "Triggers": [],
    "Execution Time": 147.351
  }
]