{
  "Plan": {
    "Node Type": "Aggregate",
    "Strategy": "Plain",
    "Partial Mode": "Finalize",
    "Parallel Aware": false,
    "Startup Cost": 726130.85,
    "Total Cost": 726130.86,
    "Plan Rows": 1,
    "Plan Width": 8,
    "Actual Startup Time": 3904.304,
    "Actual Total Time": 3973.398,
    "Actual Rows": 1,
    "Actual Loops": 1,
    "Plans": [
      {
        "Node Type": "Gather",
        "Parent Relationship": "Outer",
        "Parallel Aware": false,
        "Startup Cost": 726130.74,
        "Total Cost": 726130.85,
        "Plan Rows": 1,
        "Plan Width": 8,
        "Actual Startup Time": 3901.402,
        "Actual Total Time": 3973.386,
        "Actual Rows": 2,
        "Actual Loops": 1,
        "Workers Planned": 1,
        "Workers Launched": 1,
        "Single Copy": false,
        "Plans": [
          {
            "Node Type": "Aggregate",
            "Strategy": "Plain",
            "Partial Mode": "Partial",
            "Parent Relationship": "Outer",
            "Parallel Aware": false,
            "Startup Cost": 725130.74,
            "Total Cost": 725130.75,
            "Plan Rows": 1,
            "Plan Width": 8,
            "Actual Startup Time": 3895.712,
            "Actual Total Time": 3896.642,
            "Actual Rows": 1,
            "Actual Loops": 2,
            "Plans": [
              {
                "Node Type": "Hash Join",
                "Parent Relationship": "Outer",
                "Parallel Aware": true,
                "Join Type": "Inner",
                "Startup Cost": 85883.88,
                "Total Cost": 719441.92,
                "Plan Rows": 2275528,
                "Plan Width": 0,
                "Actual Startup Time": 853.67,
                "Actual Total Time": 3786.226,
                "Actual Rows": 2464336,
                "Actual Loops": 2,
                "Inner Unique": false,
                "Hash Cond": "(ci.movie_id = t.id)",
                "Plans": [
                  {
                    "Node Type": "Seq Scan",
                    "Parent Relationship": "Outer",
                    "Parallel Aware": true,
                    "Relation Name": "cast_info",
                    "Alias": "ci",
                    "Startup Cost": 0.0,
                    "Total Cost": 572345.93,
                    "Plan Rows": 12753771,
                    "Plan Width": 4,
                    "Actual Startup Time": 292.324,
                    "Actual Total Time": 1888.75,
                    "Actual Rows": 10329020,
                    "Actual Loops": 2,
                    "Filter": "((person_id > 893031) AND (role_id < 8))",
                    "Rows Removed by Filter": 7793152
                  },
                  {
                    "Node Type": "Hash",
                    "Parent Relationship": "Inner",
                    "Parallel Aware": true,
                    "Startup Cost": 82566.98,
                    "Total Cost": 82566.98,
                    "Plan Rows": 265352,
                    "Plan Width": 8,
                    "Actual Startup Time": 555.387,
                    "Actual Total Time": 556.315,
                    "Actual Rows": 146494,
                    "Actual Loops": 2,
                    "Hash Buckets": 524288,
                    "Original Hash Buckets": 524288,
                    "Hash Batches": 1,
                    "Original Hash Batches": 1,
                    "Peak Memory Usage": 15584,
                    "Plans": [
                      {
                        "Node Type": "Hash Join",
                        "Parent Relationship": "Outer",
                        "Parallel Aware": true,
                        "Join Type": "Inner",
                        "Startup Cost": 64383.19,
                        "Total Cost": 82566.98,
                        "Plan Rows": 265352,
                        "Plan Width": 8,
                        "Actual Startup Time": 332.264,
                        "Actual Total Time": 523.531,
                        "Actual Rows": 146494,
                        "Actual Loops": 2,
                        "Inner Unique": true,
                        "Hash Cond": "(mi_idx.movie_id = t.id)",
                        "Plans": [
                          {
                            "Node Type": "Seq Scan",
                            "Parent Relationship": "Outer",
                            "Parallel Aware": true,
                            "Relation Name": "movie_info_idx",
                            "Alias": "mi_idx",
                            "Startup Cost": 0.0,
                            "Total Cost": 16052.85,
                            "Plan Rows": 811785,
                            "Plan Width": 4,
                            "Actual Startup Time": 0.041,
                            "Actual Total Time": 60.198,
                            "Actual Rows": 690018,
                            "Actual Loops": 2
                          },
                          {
                            "Node Type": "Hash",
                            "Parent Relationship": "Inner",
                            "Parallel Aware": true,
                            "Startup Cost": 58306.47,
                            "Total Cost": 58306.47,
                            "Plan Rows": 486138,
                            "Plan Width": 4,
                            "Actual Startup Time": 325.787,
                            "Actual Total Time": 325.788,
                            "Actual Rows": 438093,
                            "Actual Loops": 2,
                            "Hash Buckets": 1048576,
                            "Original Hash Buckets": 1048576,
                            "Hash Batches": 1,
                            "Original Hash Batches": 1,
                            "Peak Memory Usage": 42496,
                            "Plans": [
                              {
                                "Node Type": "Seq Scan",
                                "Parent Relationship": "Outer",
                                "Parallel Aware": true,
                                "Relation Name": "title",
                                "Alias": "t",
                                "Startup Cost": 0.0,
                                "Total Cost": 58306.47,
                                "Plan Rows": 486138,
                                "Plan Width": 4,
                                "Actual Startup Time": 0.039,
                                "Actual Total Time": 192.598,
                                "Actual Rows": 438093,
                                "Actual Loops": 2,
                                "Filter": "((kind_id > 1) AND (production_year > 2004))",
                                "Rows Removed by Filter": 826063
                              }
                            ]
                          }
                        ]
                      }
                    ]
                  }
                ]
              }
            ]
          }
        ]
      }
    ]
  },
  "Planning Time": 1.007,
  "Triggers": [],
  "Execution Time": 3973.502
}