[
  {
    "Plan": {
      "Node Type": "Aggregate",
      "Strategy": "Plain",
      "Partial Mode": "Finalize",
      "Parallel Aware": false,
      "Startup Cost": 79154.01,
      "Total Cost": 79154.02,
      "Plan Rows": 1,
      "Plan Width": 8,
      "Actual Startup Time": 243.065,
      "Actual Total Time": 260.455,
      "Actual Rows": 1,
      "Actual Loops": 1,
      "Plans": [
        {
          "Node Type": "Gather",
          "Parent Relationship": "Outer",
          "Parallel Aware": false,
          "Startup Cost": 79153.69,
          "Total Cost": 79154.0,
          "Plan Rows": 3,
          "Plan Width": 8,
          "Actual Startup Time": 240.103,
          "Actual Total Time": 260.449,
          "Actual Rows": 4,
          "Actual Loops": 1,
          "Workers Planned": 3,
          "Workers Launched": 3,
          "Single Copy": false,
          "Plans": [
            {
              "Node Type": "Aggregate",
              "Strategy": "Plain",
              "Partial Mode": "Partial",
              "Parent Relationship": "Outer",
              "Parallel Aware": false,
              "Startup Cost": 78153.69,
              "Total Cost": 78153.7,
              "Plan Rows": 1,
              "Plan Width": 8,
              "Actual Startup Time": 232.725,
              "Actual Total Time": 232.729,
              "Actual Rows": 1,
              "Actual Loops": 4,
              "Plans": [
                {
                  "Node Type": "Hash Join",
                  "Parent Relationship": "Outer",
                  "Parallel Aware": true,
                  "Join Type": "Inner",
                  "Startup Cost": 56951.77,
                  "Total Cost": 78111.89,
                  "Plan Rows": 16719,
                  "Plan Width": 0,
                  "Actual Startup Time": 220.105,
                  "Actual Total Time": 232.545,
                  "Actual Rows": 2335,
                  "Actual Loops": 4,
                  "Inner Unique": true,
                  "Hash Cond": "(mc.movie_id = t.id)",
                  "Plans": [
                    {
                      "Node Type": "Bitmap Heap Scan",
                      "Parent Relationship": "Outer",
                      "Parallel Aware": true,
                      "Relation Name": "movie_companies",
                      "Alias": "mc",
                      "Startup Cost": 9689.98,
                      "Total Cost": 30655.53,
                      "Plan Rows": 74124,
                      "Plan Width": 4,
                      "Actual Startup Time": 48.821,
                      "Actual Total Time": 64.525,
                      "Actual Rows": 26807,
                      "Actual Loops": 4,
                      "Recheck Cond": "(company_id < 331)",
                      "Rows Removed by Index Recheck": 0,
                      "Filter": "(company_type_id > 1)",
                      "Rows Removed by Filter": 83983,
                      "Exact Heap Blocks": 8188,
                      "Lossy Heap Blocks": 0,
                      "Plans": [
                        {
                          "Node Type": "Bitmap Index Scan",
                          "Parent Relationship": "Outer",
                          "Parallel Aware": false,
                          "Index Name": "company_id_movie_companies",
                          "Startup Cost": 0.0,
                          "Total Cost": 9632.53,
                          "Plan Rows": 449614,
                          "Plan Width": 0,
                          "Actual Startup Time": 16.534,
                          "Actual Total Time": 16.534,
                          "Actual Rows": 443160,
                          "Actual Loops": 1,
                          "Index Cond": "(company_id < 331)"
                        }
                      ]
                    },
                    {
                      "Node Type": "Hash",
                      "Parent Relationship": "Inner",
                      "Parallel Aware": true,
                      "Startup Cost": 45479.59,
                      "Total Cost": 45479.59,
                      "Plan Rows": 142576,
                      "Plan Width": 4,
                      "Actual Startup Time": 154.853,
                      "Actual Total Time": 154.854,
                      "Actual Rows": 113501,
                      "Actual Loops": 4,
                      "Hash Buckets": 1048576,
                      "Original Hash Buckets": 1048576,
                      "Hash Batches": 1,
                      "Original Hash Batches": 1,
                      "Peak Memory Usage": 25984,
                      "Plans": [
                        {
                          "Node Type": "Seq Scan",
                          "Parent Relationship": "Outer",
                          "Parallel Aware": true,
                          "Relation Name": "title",
                          "Alias": "t",
                          "Startup Cost": 0.0,
                          "Total Cost": 45479.59,
                          "Plan Rows": 142576,
                          "Plan Width": 4,
                          "Actual Startup Time": 46.733,
                          "Actual Total Time": 109.868,
                          "Actual Rows": 113501,
                          "Actual Loops": 4,
                          "Filter": "((production_year > 1963) AND (kind_id = 1))",
                          "Rows Removed by Filter": 518577
                        }
                      ]
                    }
                  ]
                }
              ]
            }
          ]
        }
      ]
    },
    "Planning Time": 0.371,
    "Triggers": [],
    "Execution Time": 260.511
  }
]