{
  "Plan": {
    "Node Type": "Aggregate",
    "Strategy": "Plain",
    "Partial Mode": "Simple",
    "Parallel Aware": false,
    "Startup Cost": 391133.37,
    "Total Cost": 391133.38,
    "Plan Rows": 1,
    "Plan Width": 32,
    "Actual Startup Time": 1780.213,
    "Actual Total Time": 1839.596,
    "Actual Rows": 1,
    "Actual Loops": 1,
    "Plans": [
      {
        "Node Type": "Gather",
        "Parent Relationship": "Outer",
        "Parallel Aware": false,
        "Startup Cost": 388834.24,
        "Total Cost": 391133.37,
        "Plan Rows": 1,
        "Plan Width": 17,
        "Actual Startup Time": 1780.206,
        "Actual Total Time": 1839.585,
        "Actual Rows": 0,
        "Actual Loops": 1,
        "Workers Planned": 1,
        "Workers Launched": 1,
        "Single Copy": false,
        "Plans": [
          {
            "Node Type": "Nested Loop",
            "Parent Relationship": "Outer",
            "Parallel Aware": false,
            "Join Type": "Inner",
            "Startup Cost": 387834.24,
            "Total Cost": 390133.27,
            "Plan Rows": 1,
            "Plan Width": 17,
            "Actual Startup Time": 1769.219,
            "Actual Total Time": 1769.231,
            "Actual Rows": 0,
            "Actual Loops": 2,
            "Inner Unique": true,
            "Plans": [
              {
                "Node Type": "Hash Join",
                "Parent Relationship": "Outer",
                "Parallel Aware": true,
                "Join Type": "Inner",
                "Startup Cost": 387834.11,
                "Total Cost": 390132.33,
                "Plan Rows": 2,
                "Plan Width": 21,
                "Actual Startup Time": 1769.217,
                "Actual Total Time": 1769.228,
                "Actual Rows": 0,
                "Actual Loops": 2,
                "Inner Unique": false,
                "Hash Cond": "(t.id = mc.movie_id)",
                "Plans": [
                  {
                    "Node Type": "Merge Join",
                    "Parent Relationship": "Outer",
                    "Parallel Aware": false,
                    "Join Type": "Inner",
                    "Startup Cost": 342185.0,
                    "Total Cost": 343807.43,
                    "Plan Rows": 108125,
                    "Plan Width": 25,
                    "Actual Startup Time": 1555.308,
                    "Actual Total Time": 1573.082,
                    "Actual Rows": 97956,
                    "Actual Loops": 2,
                    "Inner Unique": true,
                    "Merge Cond": "(mi.info_type_id = it.id)",
                    "Plans": [
                      {
                        "Node Type": "Sort",
                        "Parent Relationship": "Outer",
                        "Parallel Aware": false,
                        "Startup Cost": 342179.02,
                        "Total Cost": 342449.33,
                        "Plan Rows": 108125,
                        "Plan Width": 29,
                        "Actual Startup Time": 1555.229,
                        "Actual Total Time": 1559.383,
                        "Actual Rows": 97956,
                        "Actual Loops": 2,
                        "Sort Key": [
                          "mi.info_type_id"
                        ],
                        "Sort Method": "quicksort",
                        "Sort Space Used": 12522,
                        "Sort Space Type": "Memory",
                        "Workers": [
                          {
                            "Worker Number": 0,
                            "Sort Method": "quicksort",
                            "Sort Space Used": 9806,
                            "Sort Space Type": "Memory"
                          }
                        ],
                        "Plans": [
                          {
                            "Node Type": "Hash Join",
                            "Parent Relationship": "Outer",
                            "Parallel Aware": true,
                            "Join Type": "Inner",
                            "Startup Cost": 61243.0,
                            "Total Cost": 333138.5,
                            "Plan Rows": 108125,
                            "Plan Width": 29,
                            "Actual Startup Time": 440.331,
                            "Actual Total Time": 1522.091,
                            "Actual Rows": 97956,
                            "Actual Loops": 2,
                            "Inner Unique": true,
                            "Hash Cond": "(mi.movie_id = t.id)",
                            "Plans": [
                              {
                                "Node Type": "Seq Scan",
                                "Parent Relationship": "Outer",
                                "Parallel Aware": true,
                                "Relation Name": "movie_info",
                                "Alias": "mi",
                                "Startup Cost": 0.0,
                                "Total Cost": 271102.71,
                                "Plan Rows": 302016,
                                "Plan Width": 8,
                                "Actual Startup Time": 63.909,
                                "Actual Total Time": 1016.232,
                                "Actual Rows": 282611,
                                "Actual Loops": 2,
                                "Filter": "(info = ANY ('{Denmark,USA}'::text[]))",
                                "Rows Removed by Filter": 7135249
                              },
                              {
                                "Node Type": "Hash",
                                "Parent Relationship": "Inner",
                                "Parallel Aware": true,
                                "Startup Cost": 54587.68,
                                "Total Cost": 54587.68,
                                "Plan Rows": 532425,
                                "Plan Width": 21,
                                "Actual Startup Time": 373.077,
                                "Actual Total Time": 373.079,
                                "Actual Rows": 452246,
                                "Actual Loops": 2,
                                "Hash Buckets": 1048576,
                                "Original Hash Buckets": 1048576,
                                "Hash Batches": 1,
                                "Original Hash Batches": 1,
                                "Peak Memory Usage": 58976,
                                "Plans": [
                                  {
                                    "Node Type": "Seq Scan",
                                    "Parent Relationship": "Outer",
                                    "Parallel Aware": true,
                                    "Relation Name": "title",
                                    "Alias": "t",
                                    "Startup Cost": 0.0,
                                    "Total Cost": 54587.68,
                                    "Plan Rows": 532425,
                                    "Plan Width": 21,
                                    "Actual Startup Time": 0.03,
                                    "Actual Total Time": 187.456,
                                    "Actual Rows": 452246,
                                    "Actual Loops": 2,
                                    "Filter": "(production_year > 2006)",
                                    "Rows Removed by Filter": 811910
                                  }
                                ]
                              }
                            ]
                          }
                        ]
                      },
                      {
                        "Node Type": "Sort",
                        "Parent Relationship": "Inner",
                        "Parallel Aware": false,
                        "Startup Cost": 5.98,
                        "Total Cost": 6.27,
                        "Plan Rows": 113,
                        "Plan Width": 4,
                        "Actual Startup Time": 0.069,
                        "Actual Total Time": 0.072,
                        "Actual Rows": 18,
                        "Actual Loops": 2,
                        "Sort Key": [
                          "it.id"
                        ],
                        "Sort Method": "quicksort",
                        "Sort Space Used": 30,
                        "Sort Space Type": "Memory",
                        "Workers": [
                          {
                            "Worker Number": 0,
                            "Sort Method": "quicksort",
                            "Sort Space Used": 30,
                            "Sort Space Type": "Memory"
                          }
                        ],
                        "Plans": [
                          {
                            "Node Type": "Seq Scan",
                            "Parent Relationship": "Outer",
                            "Parallel Aware": false,
                            "Relation Name": "info_type",
                            "Alias": "it",
                            "Startup Cost": 0.0,
                            "Total Cost": 2.13,
                            "Plan Rows": 113,
                            "Plan Width": 4,
                            "Actual Startup Time": 0.033,
                            "Actual Total Time": 0.043,
                            "Actual Rows": 113,
                            "Actual Loops": 2
                          }
                        ]
                      }
                    ]
                  },
                  {
                    "Node Type": "Hash",
                    "Parent Relationship": "Inner",
                    "Parallel Aware": true,
                    "Startup Cost": 45648.68,
                    "Total Cost": 45648.68,
                    "Plan Rows": 34,
                    "Plan Width": 8,
                    "Actual Startup Time": 186.291,
                    "Actual Total Time": 186.292,
                    "Actual Rows": 709,
                    "Actual Loops": 2,
                    "Hash Buckets": 1024,
                    "Original Hash Buckets": 1024,
                    "Hash Batches": 1,
                    "Original Hash Batches": 1,
                    "Peak Memory Usage": 104,
                    "Plans": [
                      {
                        "Node Type": "Seq Scan",
                        "Parent Relationship": "Outer",
                        "Parallel Aware": true,
                        "Relation Name": "movie_companies",
                        "Alias": "mc",
                        "Startup Cost": 0.0,
                        "Total Cost": 45648.68,
                        "Plan Rows": 34,
                        "Plan Width": 8,
                        "Actual Startup Time": 10.056,
                        "Actual Total Time": 185.851,
                        "Actual Rows": 709,
                        "Actual Loops": 2,
                        "Filter": "((note ~~ '%(VHS)%'::text) AND (note ~~ '%(USA)%'::text) AND (note ~~ '%(1994)%'::text))",
                        "Rows Removed by Filter": 1303856
                      }
                    ]
                  }
                ]
              },
              {
                "Node Type": "Index Scan",
                "Parent Relationship": "Inner",
                "Parallel Aware": false,
                "Scan Direction": "Forward",
                "Index Name": "company_type_pkey",
                "Relation Name": "company_type",
                "Alias": "ct",
                "Startup Cost": 0.13,
                "Total Cost": 0.36,
                "Plan Rows": 1,
                "Plan Width": 4,
                "Actual Startup Time": 0.0,
                "Actual Total Time": 0.0,
                "Actual Rows": 0,
                "Actual Loops": 0,
                "Index Cond": "(id = mc.company_type_id)",
                "Rows Removed by Index Recheck": 0,
                "Filter": "((kind)::text = 'production companies'::text)",
                "Rows Removed by Filter": 0
              }
            ]
          }
        ]
      }
    ]
  },
  "Planning Time": 1.027,
  "Triggers": [],
  "Execution Time": 1839.704
}