{
  "Plan": {
    "Node Type": "Aggregate",
    "Strategy": "Plain",
    "Partial Mode": "Finalize",
    "Parallel Aware": false,
    "Startup Cost": 670809.45,
    "Total Cost": 670809.46,
    "Plan Rows": 1,
    "Plan Width": 8,
    "Actual Startup Time": 3842.871,
    "Actual Total Time": 3903.367,
    "Actual Rows": 1,
    "Actual Loops": 1,
    "Plans": [
      {
        "Node Type": "Gather",
        "Parent Relationship": "Outer",
        "Parallel Aware": false,
        "Startup Cost": 670809.34,
        "Total Cost": 670809.45,
        "Plan Rows": 1,
        "Plan Width": 8,
        "Actual Startup Time": 3840.915,
        "Actual Total Time": 3903.356,
        "Actual Rows": 2,
        "Actual Loops": 1,
        "Workers Planned": 1,
        "Workers Launched": 1,
        "Single Copy": false,
        "Plans": [
          {
            "Node Type": "Aggregate",
            "Strategy": "Plain",
            "Partial Mode": "Partial",
            "Parent Relationship": "Outer",
            "Parallel Aware": false,
            "Startup Cost": 669809.34,
            "Total Cost": 669809.35,
            "Plan Rows": 1,
            "Plan Width": 8,
            "Actual Startup Time": 3834.788,
            "Actual Total Time": 3834.792,
            "Actual Rows": 1,
            "Actual Loops": 2,
            "Plans": [
              {
                "Node Type": "Hash Join",
                "Parent Relationship": "Outer",
                "Parallel Aware": true,
                "Join Type": "Inner",
                "Startup Cost": 58114.13,
                "Total Cost": 662712.75,
                "Plan Rows": 2838637,
                "Plan Width": 0,
                "Actual Startup Time": 306.42,
                "Actual Total Time": 3731.733,
                "Actual Rows": 2466458,
                "Actual Loops": 2,
                "Inner Unique": true,
                "Hash Cond": "(ci.movie_id = t.id)",
                "Plans": [
                  {
                    "Node Type": "Seq Scan",
                    "Parent Relationship": "Outer",
                    "Parallel Aware": true,
                    "Relation Name": "cast_info",
                    "Alias": "ci",
                    "Startup Cost": 0.0,
                    "Total Cost": 572345.93,
                    "Plan Rows": 12286719,
                    "Plan Width": 4,
                    "Actual Startup Time": 127.175,
                    "Actual Total Time": 1761.718,
                    "Actual Rows": 10202010,
                    "Actual Loops": 2,
                    "Filter": "((person_id > 451853) AND (role_id < 4))",
                    "Rows Removed by Filter": 7920162
                  },
                  {
                    "Node Type": "Hash",
                    "Parent Relationship": "Inner",
                    "Parallel Aware": true,
                    "Startup Cost": 53819.14,
                    "Total Cost": 53819.14,
                    "Plan Rows": 343599,
                    "Plan Width": 4,
                    "Actual Startup Time": 169.664,
                    "Actual Total Time": 169.666,
                    "Actual Rows": 297365,
                    "Actual Loops": 2,
                    "Hash Buckets": 1048576,
                    "Original Hash Buckets": 1048576,
                    "Hash Batches": 1,
                    "Original Hash Batches": 1,
                    "Peak Memory Usage": 31488,
                    "Plans": [
                      {
                        "Node Type": "Bitmap Heap Scan",
                        "Parent Relationship": "Outer",
                        "Parallel Aware": true,
                        "Relation Name": "title",
                        "Alias": "t",
                        "Startup Cost": 11968.88,
                        "Total Cost": 53819.14,
                        "Plan Rows": 343599,
                        "Plan Width": 4,
                        "Actual Startup Time": 31.381,
                        "Actual Total Time": 100.537,
                        "Actual Rows": 297365,
                        "Actual Loops": 2,
                        "Recheck Cond": "(kind_id = 1)",
                        "Rows Removed by Index Recheck": 0,
                        "Filter": "(production_year < 2012)",
                        "Rows Removed by Filter": 34048,
                        "Exact Heap Blocks": 7752,
                        "Lossy Heap Blocks": 0,
                        "Plans": [
                          {
                            "Node Type": "Bitmap Index Scan",
                            "Parent Relationship": "Outer",
                            "Parallel Aware": false,
                            "Index Name": "kind_id_title",
                            "Startup Cost": 0.0,
                            "Total Cost": 11822.85,
                            "Plan Rows": 663256,
                            "Plan Width": 0,
                            "Actual Startup Time": 29.526,
                            "Actual Total Time": 29.526,
                            "Actual Rows": 662825,
                            "Actual Loops": 1,
                            "Index Cond": "(kind_id = 1)"
                          }
                        ]
                      }
                    ]
                  }
                ]
              }
            ]
          }
        ]
      }
    ]
  },
  "Planning Time": 0.72,
  "Triggers": [],
  "Execution Time": 3903.476
}