[
  {
    "Plan": {
      "Node Type": "Aggregate",
      "Strategy": "Plain",
      "Partial Mode": "Finalize",
      "Parallel Aware": false,
      "Startup Cost": 269129.77,
      "Total Cost": 269129.78,
      "Plan Rows": 1,
      "Plan Width": 8,
      "Actual Startup Time": 590.431,
      "Actual Total Time": 597.208,
      "Actual Rows": 1,
      "Actual Loops": 1,
      "Plans": [
        {
          "Node Type": "Gather",
          "Parent Relationship": "Outer",
          "Parallel Aware": false,
          "Startup Cost": 269129.15,
          "Total Cost": 269129.76,
          "Plan Rows": 6,
          "Plan Width": 8,
          "Actual Startup Time": 589.931,
          "Actual Total Time": 597.195,
          "Actual Rows": 7,
          "Actual Loops": 1,
          "Workers Planned": 6,
          "Workers Launched": 6,
          "Single Copy": false,
          "Plans": [
            {
              "Node Type": "Aggregate",
              "Strategy": "Plain",
              "Partial Mode": "Partial",
              "Parent Relationship": "Outer",
              "Parallel Aware": false,
              "Startup Cost": 268129.15,
              "Total Cost": 268129.16,
              "Plan Rows": 1,
              "Plan Width": 8,
              "Actual Startup Time": 580.345,
              "Actual Total Time": 580.347,
              "Actual Rows": 1,
              "Actual Loops": 7,
              "Plans": [
                {
                  "Node Type": "Bitmap Heap Scan",
                  "Parent Relationship": "Outer",
                  "Parallel Aware": true,
                  "Relation Name": "cast_info",
                  "Alias": "ci",
                  "Startup Cost": 13778.69,
                  "Total Cost": 268037.37,
                  "Plan Rows": 36711,
                  "Plan Width": 0,
                  "Actual Startup Time": 526.822,
                  "Actual Total Time": 572.95,
                  "Actual Rows": 69860,
                  "Actual Loops": 7,
                  "Recheck Cond": "(person_id < 70354)",
                  "Rows Removed by Index Recheck": 0,
                  "Filter": "(role_id = 1)",
                  "Rows Removed by Filter": 24100,
                  "Exact Heap Blocks": 1649,
                  "Lossy Heap Blocks": 0,
                  "Plans": [
                    {
                      "Node Type": "Bitmap Index Scan",
                      "Parent Relationship": "Outer",
                      "Parallel Aware": false,
                      "Index Name": "person_id_cast_info",
                      "Startup Cost": 0.0,
                      "Total Cost": 13723.62,
                      "Plan Rows": 628674,
                      "Plan Width": 0,
                      "Actual Startup Time": 531.909,
                      "Actual Total Time": 531.909,
                      "Actual Rows": 657723,
                      "Actual Loops": 1,
                      "Index Cond": "(person_id < 70354)"
                    }
                  ]
                }
              ]
            }
          ]
        }
      ]
    },
    "Planning Time": 0.201,
    "Triggers": [],
    "Execution Time": 597.279
  }
]