[
  {
    "Plan": {
      "Node Type": "Aggregate",
      "Strategy": "Plain",
      "Partial Mode": "Finalize",
      "Parallel Aware": false,
      "Startup Cost": 270341.36,
      "Total Cost": 270341.37,
      "Plan Rows": 1,
      "Plan Width": 8,
      "Actual Startup Time": 96.624,
      "Actual Total Time": 100.94,
      "Actual Rows": 1,
      "Actual Loops": 1,
      "Plans": [
        {
          "Node Type": "Gather",
          "Parent Relationship": "Outer",
          "Parallel Aware": false,
          "Startup Cost": 270340.73,
          "Total Cost": 270341.34,
          "Plan Rows": 6,
          "Plan Width": 8,
          "Actual Startup Time": 96.298,
          "Actual Total Time": 100.928,
          "Actual Rows": 7,
          "Actual Loops": 1,
          "Workers Planned": 6,
          "Workers Launched": 6,
          "Single Copy": false,
          "Plans": [
            {
              "Node Type": "Aggregate",
              "Strategy": "Plain",
              "Partial Mode": "Partial",
              "Parent Relationship": "Outer",
              "Parallel Aware": false,
              "Startup Cost": 269340.73,
              "Total Cost": 269340.74,
              "Plan Rows": 1,
              "Plan Width": 8,
              "Actual Startup Time": 84.944,
              "Actual Total Time": 84.945,
              "Actual Rows": 1,
              "Actual Loops": 7,
              "Plans": [
                {
                  "Node Type": "Bitmap Heap Scan",
                  "Parent Relationship": "Outer",
                  "Parallel Aware": true,
                  "Relation Name": "cast_info",
                  "Alias": "ci",
                  "Startup Cost": 14862.09,
                  "Total Cost": 269243.48,
                  "Plan Rows": 38900,
                  "Plan Width": 0,
                  "Actual Startup Time": 37.614,
                  "Actual Total Time": 78.238,
                  "Actual Rows": 69860,
                  "Actual Loops": 7,
                  "Recheck Cond": "(person_id < 70354)",
                  "Rows Removed by Index Recheck": 0,
                  "Filter": "(role_id = 1)",
                  "Rows Removed by Filter": 24100,
                  "Exact Heap Blocks": 1690,
                  "Lossy Heap Blocks": 0,
                  "Plans": [
                    {
                      "Node Type": "Bitmap Index Scan",
                      "Parent Relationship": "Outer",
                      "Parallel Aware": false,
                      "Index Name": "person_id_cast_info",
                      "Startup Cost": 0.0,
                      "Total Cost": 14803.74,
                      "Plan Rows": 677757,
                      "Plan Width": 0,
                      "Actual Startup Time": 43.33,
                      "Actual Total Time": 43.331,
                      "Actual Rows": 657723,
                      "Actual Loops": 1,
                      "Index Cond": "(person_id < 70354)"
                    }
                  ]
                }
              ]
            }
          ]
        }
      ]
    },
    "Planning Time": 0.218,
    "Triggers": [],
    "Execution Time": 101.025
  }
]