[
  {
    "Plan": {
      "Node Type": "Aggregate",
      "Strategy": "Plain",
      "Partial Mode": "Finalize",
      "Parallel Aware": false,
      "Startup Cost": 76973.12,
      "Total Cost": 76973.13,
      "Plan Rows": 1,
      "Plan Width": 8,
      "Actual Startup Time": 207.003,
      "Actual Total Time": 224.182,
      "Actual Rows": 1,
      "Actual Loops": 1,
      "Plans": [
        {
          "Node Type": "Gather",
          "Parent Relationship": "Outer",
          "Parallel Aware": false,
          "Startup Cost": 76972.8,
          "Total Cost": 76973.11,
          "Plan Rows": 3,
          "Plan Width": 8,
          "Actual Startup Time": 206.769,
          "Actual Total Time": 224.172,
          "Actual Rows": 4,
          "Actual Loops": 1,
          "Workers Planned": 3,
          "Workers Launched": 3,
          "Single Copy": false,
          "Plans": [
            {
              "Node Type": "Aggregate",
              "Strategy": "Plain",
              "Partial Mode": "Partial",
              "Parent Relationship": "Outer",
              "Parallel Aware": false,
              "Startup Cost": 75972.8,
              "Total Cost": 75972.81,
              "Plan Rows": 1,
              "Plan Width": 8,
              "Actual Startup Time": 198.164,
              "Actual Total Time": 198.169,
              "Actual Rows": 1,
              "Actual Loops": 4,
              "Plans": [
                {
                  "Node Type": "Hash Join",
                  "Parent Relationship": "Outer",
                  "Parallel Aware": true,
                  "Join Type": "Inner",
                  "Startup Cost": 45563.47,
                  "Total Cost": 75961.74,
                  "Plan Rows": 4425,
                  "Plan Width": 0,
                  "Actual Startup Time": 101.255,
                  "Actual Total Time": 197.952,
                  "Actual Rows": 3179,
                  "Actual Loops": 4,
                  "Inner Unique": true,
                  "Hash Cond": "(mc.movie_id = t.id)",
                  "Plans": [
                    {
                      "Node Type": "Seq Scan",
                      "Parent Relationship": "Outer",
                      "Parallel Aware": true,
                      "Relation Name": "movie_companies",
                      "Alias": "mc",
                      "Startup Cost": 0.0,
                      "Total Cost": 29310.68,
                      "Plan Rows": 414318,
                      "Plan Width": 4,
                      "Actual Startup Time": 0.021,
                      "Actual Total Time": 67.055,
                      "Actual Rows": 318562,
                      "Actual Loops": 4,
                      "Filter": "(company_type_id < 2)",
                      "Rows Removed by Filter": 333721
                    },
                    {
                      "Node Type": "Hash",
                      "Parent Relationship": "Inner",
                      "Parallel Aware": true,
                      "Startup Cost": 45479.1,
                      "Total Cost": 45479.1,
                      "Plan Rows": 6750,
                      "Plan Width": 4,
                      "Actual Startup Time": 99.694,
                      "Actual Total Time": 99.695,
                      "Actual Rows": 6771,
                      "Actual Loops": 4,
                      "Hash Buckets": 32768,
                      "Original Hash Buckets": 32768,
                      "Hash Batches": 1,
                      "Original Hash Batches": 1,
                      "Peak Memory Usage": 1408,
                      "Plans": [
                        {
                          "Node Type": "Seq Scan",
                          "Parent Relationship": "Outer",
                          "Parallel Aware": true,
                          "Relation Name": "title",
                          "Alias": "t",
                          "Startup Cost": 0.0,
                          "Total Cost": 45479.1,
                          "Plan Rows": 6750,
                          "Plan Width": 4,
                          "Actual Startup Time": 0.142,
                          "Actual Total Time": 96.85,
                          "Actual Rows": 6771,
                          "Actual Loops": 4,
                          "Filter": "((kind_id < 7) AND (production_year > 2012))",
                          "Rows Removed by Filter": 625307
                        }
                      ]
                    }
                  ]
                }
              ]
            }
          ]
        }
      ]
    },
    "Planning Time": 0.618,
    "Triggers": [],
    "Execution Time": 224.25
  }
]