[
  {
    "Plan": {
      "Node Type": "Aggregate",
      "Strategy": "Plain",
      "Partial Mode": "Finalize",
      "Parallel Aware": false,
      "Startup Cost": 303308.49,
      "Total Cost": 303308.5,
      "Plan Rows": 1,
      "Plan Width": 8,
      "Actual Startup Time": 360.531,
      "Actual Total Time": 385.148,
      "Actual Rows": 1,
      "Actual Loops": 1,
      "Plans": [
        {
          "Node Type": "Gather",
          "Parent Relationship": "Outer",
          "Parallel Aware": false,
          "Startup Cost": 303307.86,
          "Total Cost": 303308.47,
          "Plan Rows": 6,
          "Plan Width": 8,
          "Actual Startup Time": 360.155,
          "Actual Total Time": 385.139,
          "Actual Rows": 7,
          "Actual Loops": 1,
          "Workers Planned": 6,
          "Workers Launched": 6,
          "Single Copy": false,
          "Plans": [
            {
              "Node Type": "Aggregate",
              "Strategy": "Plain",
              "Partial Mode": "Partial",
              "Parent Relationship": "Outer",
              "Parallel Aware": false,
              "Startup Cost": 302307.86,
              "Total Cost": 302307.87,
              "Plan Rows": 1,
              "Plan Width": 8,
              "Actual Startup Time": 349.346,
              "Actual Total Time": 349.349,
              "Actual Rows": 1,
              "Actual Loops": 7,
              "Plans": [
                {
                  "Node Type": "Hash Join",
                  "Parent Relationship": "Outer",
                  "Parallel Aware": true,
                  "Join Type": "Inner",
                  "Startup Cost": 45579.99,
                  "Total Cost": 302288.25,
                  "Plan Rows": 7846,
                  "Plan Width": 0,
                  "Actual Startup Time": 75.306,
                  "Actual Total Time": 349.026,
                  "Actual Rows": 3962,
                  "Actual Loops": 7,
                  "Inner Unique": true,
                  "Hash Cond": "(ci.movie_id = t.id)",
                  "Plans": [
                    {
                      "Node Type": "Index Scan",
                      "Parent Relationship": "Outer",
                      "Parallel Aware": true,
                      "Scan Direction": "Forward",
                      "Index Name": "role_id_cast_info",
                      "Relation Name": "cast_info",
                      "Alias": "ci",
                      "Startup Cost": 0.56,
                      "Total Cost": 255086.64,
                      "Plan Rows": 617975,
                      "Plan Width": 4,
                      "Actual Startup Time": 0.158,
                      "Actual Total Time": 242.004,
                      "Actual Rows": 266672,
                      "Actual Loops": 7,
                      "Index Cond": "(role_id > 4)",
                      "Rows Removed by Index Recheck": 0,
                      "Filter": "(person_id < 1393099)",
                      "Rows Removed by Filter": 1074000
                    },
                    {
                      "Node Type": "Hash",
                      "Parent Relationship": "Inner",
                      "Parallel Aware": true,
                      "Startup Cost": 45479.1,
                      "Total Cost": 45479.1,
                      "Plan Rows": 8026,
                      "Plan Width": 4,
                      "Actual Startup Time": 73.838,
                      "Actual Total Time": 73.839,
                      "Actual Rows": 3158,
                      "Actual Loops": 7,
                      "Hash Buckets": 32768,
                      "Original Hash Buckets": 32768,
                      "Hash Batches": 1,
                      "Original Hash Batches": 1,
                      "Peak Memory Usage": 1216,
                      "Plans": [
                        {
                          "Node Type": "Seq Scan",
                          "Parent Relationship": "Outer",
                          "Parallel Aware": true,
                          "Relation Name": "title",
                          "Alias": "t",
                          "Startup Cost": 0.0,
                          "Total Cost": 45479.1,
                          "Plan Rows": 8026,
                          "Plan Width": 4,
                          "Actual Startup Time": 49.313,
                          "Actual Total Time": 72.367,
                          "Actual Rows": 3158,
                          "Actual Loops": 7,
                          "Filter": "((kind_id = 1) AND (production_year = 2008))",
                          "Rows Removed by Filter": 358029
                        }
                      ]
                    }
                  ]
                }
              ]
            }
          ]
        }
      ]
    },
    "Planning Time": 0.672,
    "Triggers": [],
    "Execution Time": 385.236
  }
]