[
  {
    "Plan": {
      "Node Type": "Aggregate",
      "Strategy": "Plain",
      "Partial Mode": "Finalize",
      "Parallel Aware": false,
      "Startup Cost": 355332.18,
      "Total Cost": 355332.19,
      "Plan Rows": 1,
      "Plan Width": 8,
      "Actual Startup Time": 963.229,
      "Actual Total Time": 1011.82,
      "Actual Rows": 1,
      "Actual Loops": 1,
      "Plans": [
        {
          "Node Type": "Gather",
          "Parent Relationship": "Outer",
          "Parallel Aware": false,
          "Startup Cost": 355331.55,
          "Total Cost": 355332.16,
          "Plan Rows": 6,
          "Plan Width": 8,
          "Actual Startup Time": 963.059,
          "Actual Total Time": 1011.806,
          "Actual Rows": 7,
          "Actual Loops": 1,
          "Workers Planned": 6,
          "Workers Launched": 6,
          "Single Copy": false,
          "Plans": [
            {
              "Node Type": "Aggregate",
              "Strategy": "Plain",
              "Partial Mode": "Partial",
              "Parent Relationship": "Outer",
              "Parallel Aware": false,
              "Startup Cost": 354331.55,
              "Total Cost": 354331.56,
              "Plan Rows": 1,
              "Plan Width": 8,
              "Actual Startup Time": 953.606,
              "Actual Total Time": 953.607,
              "Actual Rows": 1,
              "Actual Loops": 7,
              "Plans": [
                {
                  "Node Type": "Seq Scan",
                  "Parent Relationship": "Outer",
                  "Parallel Aware": true,
                  "Relation Name": "cast_info",
                  "Alias": "ci",
                  "Startup Cost": 0.0,
                  "Total Cost": 343316.27,
                  "Plan Rows": 4406113,
                  "Plan Width": 0,
                  "Actual Startup Time": 0.062,
                  "Actual Total Time": 755.574,
                  "Actual Rows": 4085310,
                  "Actual Loops": 7,
                  "Filter": "((person_id < 3060289) AND (role_id < 10))",
                  "Rows Removed by Filter": 1092454
                }
              ]
            }
          ]
        }
      ]
    },
    "Planning Time": 0.084,
    "Triggers": [],
    "Execution Time": 1011.858
  }
]