{
  "Plan": {
    "Node Type": "Aggregate",
    "Strategy": "Plain",
    "Partial Mode": "Finalize",
    "Parallel Aware": false,
    "Startup Cost": 581542.88,
    "Total Cost": 581542.89,
    "Plan Rows": 1,
    "Plan Width": 8,
    "Actual Startup Time": 2878.154,
    "Actual Total Time": 2934.879,
    "Actual Rows": 1,
    "Actual Loops": 1,
    "Plans": [
      {
        "Node Type": "Gather",
        "Parent Relationship": "Outer",
        "Parallel Aware": false,
        "Startup Cost": 581542.77,
        "Total Cost": 581542.88,
        "Plan Rows": 1,
        "Plan Width": 8,
        "Actual Startup Time": 2878.021,
        "Actual Total Time": 2934.87,
        "Actual Rows": 2,
        "Actual Loops": 1,
        "Workers Planned": 1,
        "Workers Launched": 1,
        "Single Copy": false,
        "Plans": [
          {
            "Node Type": "Aggregate",
            "Strategy": "Plain",
            "Partial Mode": "Partial",
            "Parent Relationship": "Outer",
            "Parallel Aware": false,
            "Startup Cost": 580542.77,
            "Total Cost": 580542.78,
            "Plan Rows": 1,
            "Plan Width": 8,
            "Actual Startup Time": 2875.258,
            "Actual Total Time": 2875.26,
            "Actual Rows": 1,
            "Actual Loops": 2,
            "Plans": [
              {
                "Node Type": "Hash Join",
                "Parent Relationship": "Outer",
                "Parallel Aware": true,
                "Join Type": "Inner",
                "Startup Cost": 58436.57,
                "Total Cost": 580169.92,
                "Plan Rows": 149140,
                "Plan Width": 0,
                "Actual Startup Time": 125.405,
                "Actual Total Time": 2867.856,
                "Actual Rows": 136482,
                "Actual Loops": 2,
                "Inner Unique": true,
                "Hash Cond": "(ci.movie_id = t.id)",
                "Plans": [
                  {
                    "Node Type": "Seq Scan",
                    "Parent Relationship": "Outer",
                    "Parallel Aware": true,
                    "Relation Name": "cast_info",
                    "Alias": "ci",
                    "Startup Cost": 0.0,
                    "Total Cost": 465792.95,
                    "Plan Rows": 21310595,
                    "Plan Width": 4,
                    "Actual Startup Time": 0.012,
                    "Actual Total Time": 1287.147,
                    "Actual Rows": 18122172,
                    "Actual Loops": 2
                  },
                  {
                    "Node Type": "Hash",
                    "Parent Relationship": "Inner",
                    "Parallel Aware": true,
                    "Startup Cost": 58306.47,
                    "Total Cost": 58306.47,
                    "Plan Rows": 10408,
                    "Plan Width": 4,
                    "Actual Startup Time": 124.587,
                    "Actual Total Time": 124.587,
                    "Actual Rows": 7178,
                    "Actual Loops": 2,
                    "Hash Buckets": 32768,
                    "Original Hash Buckets": 32768,
                    "Hash Batches": 1,
                    "Original Hash Batches": 1,
                    "Peak Memory Usage": 832,
                    "Plans": [
                      {
                        "Node Type": "Seq Scan",
                        "Parent Relationship": "Outer",
                        "Parallel Aware": true,
                        "Relation Name": "title",
                        "Alias": "t",
                        "Startup Cost": 0.0,
                        "Total Cost": 58306.47,
                        "Plan Rows": 10408,
                        "Plan Width": 4,
                        "Actual Startup Time": 0.091,
                        "Actual Total Time": 122.287,
                        "Actual Rows": 7178,
                        "Actual Loops": 2,
                        "Filter": "((kind_id < 4) AND (production_year = 2001))",
                        "Rows Removed by Filter": 1256978
                      }
                    ]
                  }
                ]
              }
            ]
          }
        ]
      }
    ]
  },
  "Planning Time": 0.284,
  "Triggers": [],
  "Execution Time": 2934.945
}