[
  {
    "Plan": {
      "Node Type": "Aggregate",
      "Strategy": "Plain",
      "Partial Mode": "Finalize",
      "Parallel Aware": false,
      "Startup Cost": 46324.56,
      "Total Cost": 46324.57,
      "Plan Rows": 1,
      "Plan Width": 8,
      "Actual Startup Time": 176.586,
      "Actual Total Time": 185.673,
      "Actual Rows": 1,
      "Actual Loops": 1,
      "Plans": [
        {
          "Node Type": "Gather",
          "Parent Relationship": "Outer",
          "Parallel Aware": false,
          "Startup Cost": 46324.24,
          "Total Cost": 46324.55,
          "Plan Rows": 3,
          "Plan Width": 8,
          "Actual Startup Time": 176.493,
          "Actual Total Time": 185.666,
          "Actual Rows": 4,
          "Actual Loops": 1,
          "Workers Planned": 3,
          "Workers Launched": 3,
          "Single Copy": false,
          "Plans": [
            {
              "Node Type": "Aggregate",
              "Strategy": "Plain",
              "Partial Mode": "Partial",
              "Parent Relationship": "Outer",
              "Parallel Aware": false,
              "Startup Cost": 45324.24,
              "Total Cost": 45324.25,
              "Plan Rows": 1,
              "Plan Width": 8,
              "Actual Startup Time": 168.469,
              "Actual Total Time": 168.47,
              "Actual Rows": 1,
              "Actual Loops": 4,
              "Plans": [
                {
                  "Node Type": "Seq Scan",
                  "Parent Relationship": "Outer",
                  "Parallel Aware": true,
                  "Relation Name": "movie_keyword",
                  "Alias": "mk",
                  "Startup Cost": 0.0,
                  "Total Cost": 42695.65,
                  "Plan Rows": 1051435,
                  "Plan Width": 0,
                  "Actual Startup Time": 0.068,
                  "Actual Total Time": 129.021,
                  "Actual Rows": 813577,
                  "Actual Loops": 4,
                  "Filter": "(keyword_id < 14024)",
                  "Rows Removed by Filter": 317405
                }
              ]
            }
          ]
        }
      ]
    },
    "Planning Time": 0.12,
    "Triggers": [],
    "Execution Time": 185.715
  }
]