[
  {
    "Plan": {
      "Node Type": "Aggregate",
      "Strategy": "Plain",
      "Partial Mode": "Finalize",
      "Parallel Aware": false,
      "Startup Cost": 30831.37,
      "Total Cost": 30831.38,
      "Plan Rows": 1,
      "Plan Width": 8,
      "Actual Startup Time": 74.467,
      "Actual Total Time": 79.728,
      "Actual Rows": 1,
      "Actual Loops": 1,
      "Plans": [
        {
          "Node Type": "Gather",
          "Parent Relationship": "Outer",
          "Parallel Aware": false,
          "Startup Cost": 30831.05,
          "Total Cost": 30831.36,
          "Plan Rows": 3,
          "Plan Width": 8,
          "Actual Startup Time": 74.384,
          "Actual Total Time": 79.723,
          "Actual Rows": 4,
          "Actual Loops": 1,
          "Workers Planned": 3,
          "Workers Launched": 3,
          "Single Copy": false,
          "Plans": [
            {
              "Node Type": "Aggregate",
              "Strategy": "Plain",
              "Partial Mode": "Partial",
              "Parent Relationship": "Outer",
              "Parallel Aware": false,
              "Startup Cost": 29831.05,
              "Total Cost": 29831.06,
              "Plan Rows": 1,
              "Plan Width": 8,
              "Actual Startup Time": 69.854,
              "Actual Total Time": 69.855,
              "Actual Rows": 1,
              "Actual Loops": 4,
              "Plans": [
                {
                  "Node Type": "Seq Scan",
                  "Parent Relationship": "Outer",
                  "Parallel Aware": true,
                  "Relation Name": "movie_companies",
                  "Alias": "mc",
                  "Startup Cost": 0.0,
                  "Total Cost": 29310.68,
                  "Plan Rows": 208149,
                  "Plan Width": 0,
                  "Actual Startup Time": 25.192,
                  "Actual Total Time": 62.885,
                  "Actual Rows": 161015,
                  "Actual Loops": 4,
                  "Filter": "(company_id > 56138)",
                  "Rows Removed by Filter": 491267
                }
              ]
            }
          ]
        }
      ]
    },
    "Planning Time": 0.067,
    "Triggers": [],
    "Execution Time": 79.751
  }
]