[
    {
        "Bao": {
            "Bao prediction": "NaN",
            "Bao recommended hint": "(no hint)"
        }
    },
    {
        "Plan": {
            "Node Type": "Aggregate",
            "Strategy": "Plain",
            "Partial Mode": "Finalize",
            "Parallel Aware": false,
            "Startup Cost": 42288.16,
            "Total Cost": 42288.17,
            "Plan Rows": 1,
            "Plan Width": 8,
            "Actual Startup Time": 141.571,
            "Actual Total Time": 147.281,
            "Actual Rows": 1,
            "Actual Loops": 1,
            "Output": [
                "count(*)"
            ],
            "Plans": [
                {
                    "Node Type": "Gather",
                    "Parent Relationship": "Outer",
                    "Parallel Aware": false,
                    "Startup Cost": 42287.85,
                    "Total Cost": 42288.16,
                    "Plan Rows": 3,
                    "Plan Width": 8,
                    "Actual Startup Time": 141.263,
                    "Actual Total Time": 147.272,
                    "Actual Rows": 4,
                    "Actual Loops": 1,
                    "Output": [
                        "(PARTIAL count(*))"
                    ],
                    "Workers Planned": 3,
                    "Workers Launched": 3,
                    "Single Copy": false,
                    "Plans": [
                        {
                            "Node Type": "Aggregate",
                            "Strategy": "Plain",
                            "Partial Mode": "Partial",
                            "Parent Relationship": "Outer",
                            "Parallel Aware": false,
                            "Startup Cost": 41287.85,
                            "Total Cost": 41287.86,
                            "Plan Rows": 1,
                            "Plan Width": 8,
                            "Actual Startup Time": 132.097,
                            "Actual Total Time": 132.099,
                            "Actual Rows": 1,
                            "Actual Loops": 4,
                            "Output": [
                                "PARTIAL count(*)"
                            ],
                            "Workers": [
                                {
                                    "Worker Number": 0,
                                    "Actual Startup Time": 128.803,
                                    "Actual Total Time": 128.805,
                                    "Actual Rows": 1,
                                    "Actual Loops": 1
                                },
                                {
                                    "Worker Number": 1,
                                    "Actual Startup Time": 128.814,
                                    "Actual Total Time": 128.815,
                                    "Actual Rows": 1,
                                    "Actual Loops": 1
                                },
                                {
                                    "Worker Number": 2,
                                    "Actual Startup Time": 130.014,
                                    "Actual Total Time": 130.016,
                                    "Actual Rows": 1,
                                    "Actual Loops": 1
                                }
                            ],
                            "Plans": [
                                {
                                    "Node Type": "Bitmap Heap Scan",
                                    "Parent Relationship": "Outer",
                                    "Parallel Aware": true,
                                    "Relation Name": "movie_keyword",
                                    "Schema": "public",
                                    "Alias": "mk",
                                    "Startup Cost": 13707.61,
                                    "Total Cost": 40766.81,
                                    "Plan Rows": 208415,
                                    "Plan Width": 0,
                                    "Actual Startup Time": 47.88,
                                    "Actual Total Time": 123.497,
                                    "Actual Rows": 162014,
                                    "Actual Loops": 4,
                                    "Recheck Cond": "(mk.keyword_id < 500)",
                                    "Rows Removed by Index Recheck": 0,
                                    "Exact Heap Blocks": 9990,
                                    "Lossy Heap Blocks": 0,
                                    "Workers": [
                                        {
                                            "Worker Number": 0,
                                            "Actual Startup Time": 44.927,
                                            "Actual Total Time": 120.698,
                                            "Actual Rows": 127500,
                                            "Actual Loops": 1
                                        },
                                        {
                                            "Worker Number": 1,
                                            "Actual Startup Time": 44.576,
                                            "Actual Total Time": 120.965,
                                            "Actual Rows": 127746,
                                            "Actual Loops": 1
                                        },
                                        {
                                            "Worker Number": 2,
                                            "Actual Startup Time": 45.93,
                                            "Actual Total Time": 122.099,
                                            "Actual Rows": 126466,
                                            "Actual Loops": 1
                                        }
                                    ],
                                    "Plans": [
                                        {
                                            "Node Type": "Bitmap Index Scan",
                                            "Parent Relationship": "Outer",
                                            "Parallel Aware": false,
                                            "Index Name": "keyword_id_movie_keyword",
                                            "Startup Cost": 0.0,
                                            "Total Cost": 13546.09,
                                            "Plan Rows": 646088,
                                            "Plan Width": 0,
                                            "Actual Startup Time": 52.538,
                                            "Actual Total Time": 52.539,
                                            "Actual Rows": 648054,
                                            "Actual Loops": 1,
                                            "Index Cond": "(mk.keyword_id < 500)"
                                        }
                                    ]
                                }
                            ]
                        }
                    ]
                }
            ]
        },
        "Planning Time": 209.683,
        "Triggers": [],
        "Execution Time": 147.384
    }
]