{
  "Plan": {
    "Node Type": "Aggregate",
    "Strategy": "Plain",
    "Partial Mode": "Finalize",
    "Parallel Aware": false,
    "Startup Cost": 74440.82,
    "Total Cost": 74440.83,
    "Plan Rows": 1,
    "Plan Width": 8,
    "Actual Startup Time": 94.222,
    "Actual Total Time": 112.753,
    "Actual Rows": 1,
    "Actual Loops": 1,
    "Plans": [
      {
        "Node Type": "Gather",
        "Parent Relationship": "Outer",
        "Parallel Aware": false,
        "Startup Cost": 74440.71,
        "Total Cost": 74440.82,
        "Plan Rows": 1,
        "Plan Width": 8,
        "Actual Startup Time": 93.703,
        "Actual Total Time": 112.746,
        "Actual Rows": 2,
        "Actual Loops": 1,
        "Workers Planned": 1,
        "Workers Launched": 1,
        "Single Copy": false,
        "Plans": [
          {
            "Node Type": "Aggregate",
            "Strategy": "Plain",
            "Partial Mode": "Partial",
            "Parent Relationship": "Outer",
            "Parallel Aware": false,
            "Startup Cost": 73440.71,
            "Total Cost": 73440.72,
            "Plan Rows": 1,
            "Plan Width": 8,
            "Actual Startup Time": 87.704,
            "Actual Total Time": 87.706,
            "Actual Rows": 1,
            "Actual Loops": 2,
            "Plans": [
              {
                "Node Type": "Nested Loop",
                "Parent Relationship": "Outer",
                "Parallel Aware": false,
                "Join Type": "Inner",
                "Startup Cost": 277.94,
                "Total Cost": 73435.19,
                "Plan Rows": 2208,
                "Plan Width": 0,
                "Actual Startup Time": 10.229,
                "Actual Total Time": 87.322,
                "Actual Rows": 4800,
                "Actual Loops": 2,
                "Inner Unique": false,
                "Plans": [
                  {
                    "Node Type": "Nested Loop",
                    "Parent Relationship": "Outer",
                    "Parallel Aware": false,
                    "Join Type": "Inner",
                    "Startup Cost": 277.37,
                    "Total Cost": 68515.96,
                    "Plan Rows": 463,
                    "Plan Width": 8,
                    "Actual Startup Time": 10.053,
                    "Actual Total Time": 50.856,
                    "Actual Rows": 222,
                    "Actual Loops": 2,
                    "Inner Unique": true,
                    "Plans": [
                      {
                        "Node Type": "Bitmap Heap Scan",
                        "Parent Relationship": "Outer",
                        "Parallel Aware": true,
                        "Relation Name": "movie_keyword",
                        "Alias": "mk",
                        "Startup Cost": 276.94,
                        "Total Cost": 21465.18,
                        "Plan Rows": 7629,
                        "Plan Width": 4,
                        "Actual Startup Time": 4.148,
                        "Actual Total Time": 13.701,
                        "Actual Rows": 7182,
                        "Actual Loops": 2,
                        "Recheck Cond": "(keyword_id = 1)",
                        "Rows Removed by Index Recheck": 0,
                        "Exact Heap Blocks": 4670,
                        "Lossy Heap Blocks": 0,
                        "Plans": [
                          {
                            "Node Type": "Bitmap Index Scan",
                            "Parent Relationship": "Outer",
                            "Parallel Aware": false,
                            "Index Name": "keyword_id_movie_keyword",
                            "Startup Cost": 0.0,
                            "Total Cost": 273.7,
                            "Plan Rows": 12969,
                            "Plan Width": 0,
                            "Actual Startup Time": 5.323,
                            "Actual Total Time": 5.323,
                            "Actual Rows": 14364,
                            "Actual Loops": 1,
                            "Index Cond": "(keyword_id = 1)"
                          }
                        ]
                      },
                      {
                        "Node Type": "Index Scan",
                        "Parent Relationship": "Inner",
                        "Parallel Aware": false,
                        "Scan Direction": "Forward",
                        "Index Name": "title_pkey",
                        "Relation Name": "title",
                        "Alias": "t",
                        "Startup Cost": 0.43,
                        "Total Cost": 6.17,
                        "Plan Rows": 1,
                        "Plan Width": 4,
                        "Actual Startup Time": 0.005,
                        "Actual Total Time": 0.005,
                        "Actual Rows": 0,
                        "Actual Loops": 14364,
                        "Index Cond": "(id = mk.movie_id)",
                        "Rows Removed by Index Recheck": 0,
                        "Filter": "((kind_id < 7) AND (production_year > 2010))",
                        "Rows Removed by Filter": 1
                      }
                    ]
                  },
                  {
                    "Node Type": "Index Scan",
                    "Parent Relationship": "Inner",
                    "Parallel Aware": false,
                    "Scan Direction": "Forward",
                    "Index Name": "movie_id_cast_info",
                    "Relation Name": "cast_info",
                    "Alias": "ci",
                    "Startup Cost": 0.56,
                    "Total Cost": 10.5,
                    "Plan Rows": 12,
                    "Plan Width": 4,
                    "Actual Startup Time": 0.095,
                    "Actual Total Time": 0.162,
                    "Actual Rows": 22,
                    "Actual Loops": 445,
                    "Index Cond": "(movie_id = t.id)",
                    "Rows Removed by Index Recheck": 0,
                    "Filter": "((person_id > 948325) AND (role_id > 2))",
                    "Rows Removed by Filter": 31
                  }
                ]
              }
            ]
          }
        ]
      }
    ]
  },
  "Planning Time": 1.111,
  "Triggers": [],
  "Execution Time": 112.858
}