{
  "Plan": {
    "Node Type": "Aggregate",
    "Strategy": "Plain",
    "Partial Mode": "Finalize",
    "Parallel Aware": false,
    "Startup Cost": 742169.08,
    "Total Cost": 742169.09,
    "Plan Rows": 1,
    "Plan Width": 8,
    "Actual Startup Time": 4263.357,
    "Actual Total Time": 4319.529,
    "Actual Rows": 1,
    "Actual Loops": 1,
    "Plans": [
      {
        "Node Type": "Gather",
        "Parent Relationship": "Outer",
        "Parallel Aware": false,
        "Startup Cost": 742168.97,
        "Total Cost": 742169.08,
        "Plan Rows": 1,
        "Plan Width": 8,
        "Actual Startup Time": 4259.427,
        "Actual Total Time": 4319.518,
        "Actual Rows": 2,
        "Actual Loops": 1,
        "Workers Planned": 1,
        "Workers Launched": 1,
        "Single Copy": false,
        "Plans": [
          {
            "Node Type": "Aggregate",
            "Strategy": "Plain",
            "Partial Mode": "Partial",
            "Parent Relationship": "Outer",
            "Parallel Aware": false,
            "Startup Cost": 741168.97,
            "Total Cost": 741168.98,
            "Plan Rows": 1,
            "Plan Width": 8,
            "Actual Startup Time": 4253.654,
            "Actual Total Time": 4254.28,
            "Actual Rows": 1,
            "Actual Loops": 2,
            "Plans": [
              {
                "Node Type": "Hash Join",
                "Parent Relationship": "Outer",
                "Parallel Aware": true,
                "Join Type": "Inner",
                "Startup Cost": 93372.18,
                "Total Cost": 731773.93,
                "Plan Rows": 3758018,
                "Plan Width": 0,
                "Actual Startup Time": 1215.238,
                "Actual Total Time": 4087.814,
                "Actual Rows": 4074276,
                "Actual Loops": 2,
                "Inner Unique": false,
                "Hash Cond": "(ci.movie_id = t.id)",
                "Plans": [
                  {
                    "Node Type": "Seq Scan",
                    "Parent Relationship": "Outer",
                    "Parallel Aware": true,
                    "Relation Name": "cast_info",
                    "Alias": "ci",
                    "Startup Cost": 0.0,
                    "Total Cost": 572345.93,
                    "Plan Rows": 11719959,
                    "Plan Width": 4,
                    "Actual Startup Time": 548.328,
                    "Actual Total Time": 1848.278,
                    "Actual Rows": 8959483,
                    "Actual Loops": 2,
                    "Filter": "((person_id < 3084806) AND (role_id > 1))",
                    "Rows Removed by Filter": 9162689
                  },
                  {
                    "Node Type": "Hash",
                    "Parent Relationship": "Inner",
                    "Parallel Aware": true,
                    "Startup Cost": 87411.16,
                    "Total Cost": 87411.16,
                    "Plan Rows": 476882,
                    "Plan Width": 8,
                    "Actual Startup Time": 657.135,
                    "Actual Total Time": 657.759,
                    "Actual Rows": 212784,
                    "Actual Loops": 2,
                    "Hash Buckets": 1048576,
                    "Original Hash Buckets": 1048576,
                    "Hash Batches": 1,
                    "Original Hash Batches": 1,
                    "Peak Memory Usage": 24864,
                    "Plans": [
                      {
                        "Node Type": "Hash Join",
                        "Parent Relationship": "Outer",
                        "Parallel Aware": true,
                        "Join Type": "Inner",
                        "Startup Cost": 69227.37,
                        "Total Cost": 87411.16,
                        "Plan Rows": 476882,
                        "Plan Width": 8,
                        "Actual Startup Time": 418.202,
                        "Actual Total Time": 605.275,
                        "Actual Rows": 212784,
                        "Actual Loops": 2,
                        "Inner Unique": true,
                        "Hash Cond": "(mi_idx.movie_id = t.id)",
                        "Plans": [
                          {
                            "Node Type": "Seq Scan",
                            "Parent Relationship": "Outer",
                            "Parallel Aware": true,
                            "Relation Name": "movie_info_idx",
                            "Alias": "mi_idx",
                            "Startup Cost": 0.0,
                            "Total Cost": 16052.85,
                            "Plan Rows": 811785,
                            "Plan Width": 4,
                            "Actual Startup Time": 0.021,
                            "Actual Total Time": 51.429,
                            "Actual Rows": 690018,
                            "Actual Loops": 2
                          },
                          {
                            "Node Type": "Hash",
                            "Parent Relationship": "Inner",
                            "Parallel Aware": true,
                            "Startup Cost": 58306.47,
                            "Total Cost": 58306.47,
                            "Plan Rows": 873672,
                            "Plan Width": 4,
                            "Actual Startup Time": 408.508,
                            "Actual Total Time": 408.509,
                            "Actual Rows": 739220,
                            "Actual Loops": 2,
                            "Hash Buckets": 2097152,
                            "Original Hash Buckets": 2097152,
                            "Hash Batches": 1,
                            "Original Hash Batches": 1,
                            "Peak Memory Usage": 74240,
                            "Plans": [
                              {
                                "Node Type": "Seq Scan",
                                "Parent Relationship": "Outer",
                                "Parallel Aware": true,
                                "Relation Name": "title",
                                "Alias": "t",
                                "Startup Cost": 0.0,
                                "Total Cost": 58306.47,
                                "Plan Rows": 873672,
                                "Plan Width": 4,
                                "Actual Startup Time": 0.037,
                                "Actual Total Time": 176.453,
                                "Actual Rows": 739220,
                                "Actual Loops": 2,
                                "Filter": "((production_year > 1905) AND (kind_id = 7))",
                                "Rows Removed by Filter": 524936
                              }
                            ]
                          }
                        ]
                      }
                    ]
                  }
                ]
              }
            ]
          }
        ]
      }
    ]
  },
  "Planning Time": 0.996,
  "Triggers": [],
  "Execution Time": 4319.625
}