{
  "Plan": {
    "Node Type": "Aggregate",
    "Strategy": "Plain",
    "Partial Mode": "Finalize",
    "Parallel Aware": false,
    "Startup Cost": 404771.29,
    "Total Cost": 404771.3,
    "Plan Rows": 1,
    "Plan Width": 8,
    "Actual Startup Time": 2366.64,
    "Actual Total Time": 2420.932,
    "Actual Rows": 1,
    "Actual Loops": 1,
    "Plans": [
      {
        "Node Type": "Gather",
        "Parent Relationship": "Outer",
        "Parallel Aware": false,
        "Startup Cost": 404771.18,
        "Total Cost": 404771.29,
        "Plan Rows": 1,
        "Plan Width": 8,
        "Actual Startup Time": 2362.4,
        "Actual Total Time": 2420.924,
        "Actual Rows": 2,
        "Actual Loops": 1,
        "Workers Planned": 1,
        "Workers Launched": 1,
        "Single Copy": false,
        "Plans": [
          {
            "Node Type": "Aggregate",
            "Strategy": "Plain",
            "Partial Mode": "Partial",
            "Parent Relationship": "Outer",
            "Parallel Aware": false,
            "Startup Cost": 403771.18,
            "Total Cost": 403771.19,
            "Plan Rows": 1,
            "Plan Width": 8,
            "Actual Startup Time": 2355.986,
            "Actual Total Time": 2355.993,
            "Actual Rows": 1,
            "Actual Loops": 2,
            "Plans": [
              {
                "Node Type": "Hash Join",
                "Parent Relationship": "Outer",
                "Parallel Aware": true,
                "Join Type": "Inner",
                "Startup Cost": 111448.54,
                "Total Cost": 402039.06,
                "Plan Rows": 692849,
                "Plan Width": 0,
                "Actual Startup Time": 707.1,
                "Actual Total Time": 2237.476,
                "Actual Rows": 2530196,
                "Actual Loops": 2,
                "Inner Unique": false,
                "Hash Cond": "(mi.movie_id = t.id)",
                "Plans": [
                  {
                    "Node Type": "Seq Scan",
                    "Parent Relationship": "Outer",
                    "Parallel Aware": true,
                    "Relation Name": "movie_info",
                    "Alias": "mi",
                    "Startup Cost": 0.0,
                    "Total Cost": 270696.42,
                    "Plan Rows": 4218272,
                    "Plan Width": 4,
                    "Actual Startup Time": 0.022,
                    "Actual Total Time": 778.513,
                    "Actual Rows": 3643432,
                    "Actual Loops": 2,
                    "Filter": "(info_type_id < 8)",
                    "Rows Removed by Filter": 3774428
                  },
                  {
                    "Node Type": "Hash",
                    "Parent Relationship": "Inner",
                    "Parallel Aware": true,
                    "Startup Cost": 108395.08,
                    "Total Cost": 108395.08,
                    "Plan Rows": 244277,
                    "Plan Width": 8,
                    "Actual Startup Time": 699.821,
                    "Actual Total Time": 699.825,
                    "Actual Rows": 322758,
                    "Actual Loops": 2,
                    "Hash Buckets": 1048576,
                    "Original Hash Buckets": 524288,
                    "Hash Batches": 1,
                    "Original Hash Batches": 1,
                    "Peak Memory Usage": 37568,
                    "Plans": [
                      {
                        "Node Type": "Hash Join",
                        "Parent Relationship": "Outer",
                        "Parallel Aware": true,
                        "Join Type": "Inner",
                        "Startup Cost": 64726.58,
                        "Total Cost": 108395.08,
                        "Plan Rows": 244277,
                        "Plan Width": 8,
                        "Actual Startup Time": 363.071,
                        "Actual Total Time": 609.961,
                        "Actual Rows": 322758,
                        "Actual Loops": 2,
                        "Inner Unique": true,
                        "Hash Cond": "(mc.movie_id = t.id)",
                        "Plans": [
                          {
                            "Node Type": "Seq Scan",
                            "Parent Relationship": "Outer",
                            "Parallel Aware": true,
                            "Relation Name": "movie_companies",
                            "Alias": "mc",
                            "Startup Cost": 0.0,
                            "Total Cost": 41811.73,
                            "Plan Rows": 707341,
                            "Plan Width": 4,
                            "Actual Startup Time": 58.648,
                            "Actual Total Time": 143.939,
                            "Actual Rows": 547661,
                            "Actual Loops": 2,
                            "Filter": "((company_id < 103249) AND (company_type_id > 1))",
                            "Rows Removed by Filter": 756904
                          },
                          {
                            "Node Type": "Hash",
                            "Parent Relationship": "Inner",
                            "Parallel Aware": true,
                            "Startup Cost": 58306.47,
                            "Total Cost": 58306.47,
                            "Plan Rows": 513609,
                            "Plan Width": 4,
                            "Actual Startup Time": 298.098,
                            "Actual Total Time": 298.099,
                            "Actual Rows": 448394,
                            "Actual Loops": 2,
                            "Hash Buckets": 1048576,
                            "Original Hash Buckets": 1048576,
                            "Hash Batches": 1,
                            "Original Hash Batches": 1,
                            "Peak Memory Usage": 43328,
                            "Plans": [
                              {
                                "Node Type": "Seq Scan",
                                "Parent Relationship": "Outer",
                                "Parallel Aware": true,
                                "Relation Name": "title",
                                "Alias": "t",
                                "Startup Cost": 0.0,
                                "Total Cost": 58306.47,
                                "Plan Rows": 513609,
                                "Plan Width": 4,
                                "Actual Startup Time": 0.042,
                                "Actual Total Time": 178.842,
                                "Actual Rows": 448394,
                                "Actual Loops": 2,
                                "Filter": "((kind_id < 7) AND (production_year < 2012))",
                                "Rows Removed by Filter": 815762
                              }
                            ]
                          }
                        ]
                      }
                    ]
                  }
                ]
              }
            ]
          }
        ]
      }
    ]
  },
  "Planning Time": 1.028,
  "Triggers": [],
  "Execution Time": 2421.09
}