{
  "Plan": {
    "Node Type": "Aggregate",
    "Strategy": "Plain",
    "Partial Mode": "Finalize",
    "Parallel Aware": false,
    "Startup Cost": 478314.99,
    "Total Cost": 478315.0,
    "Plan Rows": 1,
    "Plan Width": 8,
    "Actual Startup Time": 2337.771,
    "Actual Total Time": 2372.904,
    "Actual Rows": 1,
    "Actual Loops": 1,
    "Plans": [
      {
        "Node Type": "Gather",
        "Parent Relationship": "Outer",
        "Parallel Aware": false,
        "Startup Cost": 478314.88,
        "Total Cost": 478314.99,
        "Plan Rows": 1,
        "Plan Width": 8,
        "Actual Startup Time": 2333.123,
        "Actual Total Time": 2372.894,
        "Actual Rows": 2,
        "Actual Loops": 1,
        "Workers Planned": 1,
        "Workers Launched": 1,
        "Single Copy": false,
        "Plans": [
          {
            "Node Type": "Aggregate",
            "Strategy": "Plain",
            "Partial Mode": "Partial",
            "Parent Relationship": "Outer",
            "Parallel Aware": false,
            "Startup Cost": 477314.88,
            "Total Cost": 477314.89,
            "Plan Rows": 1,
            "Plan Width": 8,
            "Actual Startup Time": 2326.821,
            "Actual Total Time": 2326.826,
            "Actual Rows": 1,
            "Actual Loops": 2,
            "Plans": [
              {
                "Node Type": "Merge Join",
                "Parent Relationship": "Outer",
                "Parallel Aware": false,
                "Join Type": "Inner",
                "Startup Cost": 333422.05,
                "Total Cost": 476019.5,
                "Plan Rows": 518152,
                "Plan Width": 0,
                "Actual Startup Time": 1563.25,
                "Actual Total Time": 2266.088,
                "Actual Rows": 1336380,
                "Actual Loops": 2,
                "Inner Unique": false,
                "Merge Cond": "(mc.movie_id = t.id)",
                "Plans": [
                  {
                    "Node Type": "Index Only Scan",
                    "Parent Relationship": "Outer",
                    "Parallel Aware": true,
                    "Scan Direction": "Forward",
                    "Index Name": "movie_id_movie_companies",
                    "Relation Name": "movie_companies",
                    "Alias": "mc",
                    "Startup Cost": 0.43,
                    "Total Cost": 129315.97,
                    "Plan Rows": 1534782,
                    "Plan Width": 4,
                    "Actual Startup Time": 0.13,
                    "Actual Total Time": 377.345,
                    "Actual Rows": 1304564,
                    "Actual Loops": 2,
                    "Heap Fetches": 2609129
                  },
                  {
                    "Node Type": "Sort",
                    "Parent Relationship": "Inner",
                    "Parallel Aware": false,
                    "Startup Cost": 333421.53,
                    "Total Cost": 335555.45,
                    "Plan Rows": 853567,
                    "Plan Width": 8,
                    "Actual Startup Time": 1563.075,
                    "Actual Total Time": 1661.696,
                    "Actual Rows": 1483989,
                    "Actual Loops": 2,
                    "Sort Key": [
                      "t.id"
                    ],
                    "Sort Method": "quicksort",
                    "Sort Space Used": 25287,
                    "Sort Space Type": "Memory",
                    "Workers": [
                      {
                        "Worker Number": 0,
                        "Sort Method": "quicksort",
                        "Sort Space Used": 25287,
                        "Sort Space Type": "Memory"
                      }
                    ],
                    "Plans": [
                      {
                        "Node Type": "Hash Join",
                        "Parent Relationship": "Outer",
                        "Parallel Aware": false,
                        "Join Type": "Inner",
                        "Startup Cost": 78899.21,
                        "Total Cost": 249331.76,
                        "Plan Rows": 853567,
                        "Plan Width": 8,
                        "Actual Startup Time": 448.23,
                        "Actual Total Time": 1466.298,
                        "Actual Rows": 277300,
                        "Actual Loops": 2,
                        "Inner Unique": true,
                        "Hash Cond": "(ci.movie_id = t.id)",
                        "Plans": [
                          {
                            "Node Type": "Index Scan",
                            "Parent Relationship": "Outer",
                            "Parallel Aware": false,
                            "Scan Direction": "Forward",
                            "Index Name": "role_id_cast_info",
                            "Relation Name": "cast_info",
                            "Alias": "ci",
                            "Startup Cost": 0.56,
                            "Total Cost": 163459.35,
                            "Plan Rows": 2656672,
                            "Plan Width": 4,
                            "Actual Startup Time": 0.196,
                            "Actual Total Time": 679.26,
                            "Actual Rows": 850590,
                            "Actual Loops": 2,
                            "Index Cond": "(role_id = 10)",
                            "Rows Removed by Index Recheck": 0,
                            "Filter": "(person_id < 2241220)",
                            "Rows Removed by Filter": 3472428
                          },
                          {
                            "Node Type": "Hash",
                            "Parent Relationship": "Inner",
                            "Parallel Aware": false,
                            "Startup Cost": 68744.64,
                            "Total Cost": 68744.64,
                            "Plan Rows": 812320,
                            "Plan Width": 4,
                            "Actual Startup Time": 440.571,
                            "Actual Total Time": 440.572,
                            "Actual Rows": 719730,
                            "Actual Loops": 2,
                            "Hash Buckets": 1048576,
                            "Original Hash Buckets": 1048576,
                            "Hash Batches": 1,
                            "Original Hash Batches": 1,
                            "Peak Memory Usage": 33496,
                            "Plans": [
                              {
                                "Node Type": "Bitmap Heap Scan",
                                "Parent Relationship": "Outer",
                                "Parallel Aware": false,
                                "Relation Name": "title",
                                "Alias": "t",
                                "Startup Cost": 17875.22,
                                "Total Cost": 68744.64,
                                "Plan Rows": 812320,
                                "Plan Width": 4,
                                "Actual Startup Time": 61.121,
                                "Actual Total Time": 264.259,
                                "Actual Rows": 719730,
                                "Actual Loops": 2,
                                "Recheck Cond": "(kind_id < 7)",
                                "Rows Removed by Index Recheck": 0,
                                "Filter": "(production_year > 1971)",
                                "Rows Removed by Filter": 265318,
                                "Exact Heap Blocks": 35472,
                                "Lossy Heap Blocks": 0,
                                "Plans": [
                                  {
                                    "Node Type": "Bitmap Index Scan",
                                    "Parent Relationship": "Outer",
                                    "Parallel Aware": false,
                                    "Index Name": "kind_id_title",
                                    "Startup Cost": 0.0,
                                    "Total Cost": 17672.14,
                                    "Plan Rows": 991428,
                                    "Plan Width": 0,
                                    "Actual Startup Time": 54.837,
                                    "Actual Total Time": 54.837,
                                    "Actual Rows": 985048,
                                    "Actual Loops": 2,
                                    "Index Cond": "(kind_id < 7)"
                                  }
                                ]
                              }
                            ]
                          }
                        ]
                      }
                    ]
                  }
                ]
              }
            ]
          }
        ]
      }
    ]
  },
  "Planning Time": 1.117,
  "Triggers": [],
  "Execution Time": 2378.073
}