[
    {
        "Bao": {
            "Bao prediction": "NaN",
            "Bao recommended hint": "(no hint)"
        }
    },
    {
        "Plan": {
            "Node Type": "Aggregate",
            "Strategy": "Plain",
            "Partial Mode": "Simple",
            "Parallel Aware": false,
            "Startup Cost": 39565.22,
            "Total Cost": 39565.23,
            "Plan Rows": 1,
            "Plan Width": 8,
            "Actual Startup Time": 62.14,
            "Actual Total Time": 62.142,
            "Actual Rows": 1,
            "Actual Loops": 1,
            "Output": [
                "count(*)"
            ],
            "Plans": [
                {
                    "Node Type": "Bitmap Heap Scan",
                    "Parent Relationship": "Outer",
                    "Parallel Aware": false,
                    "Relation Name": "title",
                    "Schema": "public",
                    "Alias": "t",
                    "Startup Cost": 1823.57,
                    "Total Cost": 39333.51,
                    "Plan Rows": 92685,
                    "Plan Width": 0,
                    "Actual Startup Time": 14.444,
                    "Actual Total Time": 55.501,
                    "Actual Rows": 100453,
                    "Actual Loops": 1,
                    "Recheck Cond": "(t.kind_id = 3)",
                    "Rows Removed by Index Recheck": 0,
                    "Filter": "(t.production_year > 1935)",
                    "Rows Removed by Filter": 84,
                    "Exact Heap Blocks": 12707,
                    "Lossy Heap Blocks": 0,
                    "Plans": [
                        {
                            "Node Type": "Bitmap Index Scan",
                            "Parent Relationship": "Outer",
                            "Parallel Aware": false,
                            "Index Name": "kind_id_title",
                            "Startup Cost": 0.0,
                            "Total Cost": 1800.4,
                            "Plan Rows": 100796,
                            "Plan Width": 0,
                            "Actual Startup Time": 10.272,
                            "Actual Total Time": 10.272,
                            "Actual Rows": 100537,
                            "Actual Loops": 1,
                            "Index Cond": "(t.kind_id = 3)"
                        }
                    ]
                }
            ]
        },
        "Planning Time": 268.605,
        "Triggers": [],
        "Execution Time": 62.203
    }
]