[
  {
    "Plan": {
      "Node Type": "Aggregate",
      "Strategy": "Plain",
      "Partial Mode": "Finalize",
      "Parallel Aware": false,
      "Startup Cost": 46677.31,
      "Total Cost": 46677.32,
      "Plan Rows": 1,
      "Plan Width": 8,
      "Actual Startup Time": 105.314,
      "Actual Total Time": 117.473,
      "Actual Rows": 1,
      "Actual Loops": 1,
      "Plans": [
        {
          "Node Type": "Gather",
          "Parent Relationship": "Outer",
          "Parallel Aware": false,
          "Startup Cost": 46676.89,
          "Total Cost": 46677.3,
          "Plan Rows": 4,
          "Plan Width": 8,
          "Actual Startup Time": 105.202,
          "Actual Total Time": 117.463,
          "Actual Rows": 5,
          "Actual Loops": 1,
          "Workers Planned": 4,
          "Workers Launched": 4,
          "Single Copy": false,
          "Plans": [
            {
              "Node Type": "Aggregate",
              "Strategy": "Plain",
              "Partial Mode": "Partial",
              "Parent Relationship": "Outer",
              "Parallel Aware": false,
              "Startup Cost": 45676.89,
              "Total Cost": 45676.9,
              "Plan Rows": 1,
              "Plan Width": 8,
              "Actual Startup Time": 97.068,
              "Actual Total Time": 97.069,
              "Actual Rows": 1,
              "Actual Loops": 5,
              "Plans": [
                {
                  "Node Type": "Seq Scan",
                  "Parent Relationship": "Outer",
                  "Parallel Aware": true,
                  "Relation Name": "title",
                  "Alias": "t",
                  "Startup Cost": 0.0,
                  "Total Cost": 45479.1,
                  "Plan Rows": 79116,
                  "Plan Width": 0,
                  "Actual Startup Time": 0.061,
                  "Actual Total Time": 92.207,
                  "Actual Rows": 86672,
                  "Actual Loops": 5,
                  "Filter": "((kind_id < 7) AND (production_year < 1995))",
                  "Rows Removed by Filter": 418991
                }
              ]
            }
          ]
        }
      ]
    },
    "Planning Time": 0.182,
    "Triggers": [],
    "Execution Time": 117.535
  }
]