{
  "Plan": {
    "Node Type": "Aggregate",
    "Strategy": "Plain",
    "Partial Mode": "Finalize",
    "Parallel Aware": false,
    "Startup Cost": 676516.69,
    "Total Cost": 676516.7,
    "Plan Rows": 1,
    "Plan Width": 8,
    "Actual Startup Time": 2155.276,
    "Actual Total Time": 2220.441,
    "Actual Rows": 1,
    "Actual Loops": 1,
    "Plans": [
      {
        "Node Type": "Gather",
        "Parent Relationship": "Outer",
        "Parallel Aware": false,
        "Startup Cost": 676516.58,
        "Total Cost": 676516.69,
        "Plan Rows": 1,
        "Plan Width": 8,
        "Actual Startup Time": 2152.799,
        "Actual Total Time": 2220.43,
        "Actual Rows": 2,
        "Actual Loops": 1,
        "Workers Planned": 1,
        "Workers Launched": 1,
        "Single Copy": false,
        "Plans": [
          {
            "Node Type": "Aggregate",
            "Strategy": "Plain",
            "Partial Mode": "Partial",
            "Parent Relationship": "Outer",
            "Parallel Aware": false,
            "Startup Cost": 675516.58,
            "Total Cost": 675516.59,
            "Plan Rows": 1,
            "Plan Width": 8,
            "Actual Startup Time": 2145.04,
            "Actual Total Time": 2145.046,
            "Actual Rows": 1,
            "Actual Loops": 2,
            "Plans": [
              {
                "Node Type": "Hash Join",
                "Parent Relationship": "Outer",
                "Parallel Aware": true,
                "Join Type": "Inner",
                "Startup Cost": 386976.54,
                "Total Cost": 673436.84,
                "Plan Rows": 831898,
                "Plan Width": 0,
                "Actual Startup Time": 603.106,
                "Actual Total Time": 2105.608,
                "Actual Rows": 955004,
                "Actual Loops": 2,
                "Inner Unique": false,
                "Hash Cond": "(mi.movie_id = t.id)",
                "Plans": [
                  {
                    "Node Type": "Seq Scan",
                    "Parent Relationship": "Outer",
                    "Parallel Aware": true,
                    "Relation Name": "movie_info",
                    "Alias": "mi",
                    "Startup Cost": 0.0,
                    "Total Cost": 248955.74,
                    "Plan Rows": 8696274,
                    "Plan Width": 4,
                    "Actual Startup Time": 0.03,
                    "Actual Total Time": 653.566,
                    "Actual Rows": 7417860,
                    "Actual Loops": 2
                  },
                  {
                    "Node Type": "Hash",
                    "Parent Relationship": "Inner",
                    "Parallel Aware": true,
                    "Startup Cost": 385198.16,
                    "Total Cost": 385198.16,
                    "Plan Rows": 142271,
                    "Plan Width": 8,
                    "Actual Startup Time": 598.16,
                    "Actual Total Time": 598.164,
                    "Actual Rows": 65308,
                    "Actual Loops": 2,
                    "Hash Buckets": 262144,
                    "Original Hash Buckets": 262144,
                    "Hash Batches": 1,
                    "Original Hash Batches": 1,
                    "Peak Memory Usage": 7200,
                    "Plans": [
                      {
                        "Node Type": "Hash Join",
                        "Parent Relationship": "Outer",
                        "Parallel Aware": true,
                        "Join Type": "Inner",
                        "Startup Cost": 110220.65,
                        "Total Cost": 385198.16,
                        "Plan Rows": 142271,
                        "Plan Width": 8,
                        "Actual Startup Time": 431.023,
                        "Actual Total Time": 580.039,
                        "Actual Rows": 65308,
                        "Actual Loops": 2,
                        "Inner Unique": true,
                        "Hash Cond": "(ci.movie_id = t.id)",
                        "Plans": [
                          {
                            "Node Type": "Bitmap Heap Scan",
                            "Parent Relationship": "Outer",
                            "Parallel Aware": true,
                            "Relation Name": "cast_info",
                            "Alias": "ci",
                            "Startup Cost": 51386.35,
                            "Total Cost": 324728.69,
                            "Plan Rows": 622919,
                            "Plan Width": 4,
                            "Actual Startup Time": 177.204,
                            "Actual Total Time": 237.48,
                            "Actual Rows": 335488,
                            "Actual Loops": 2,
                            "Recheck Cond": "(person_id < 229182)",
                            "Rows Removed by Index Recheck": 0,
                            "Filter": "(role_id > 2)",
                            "Rows Removed by Filter": 842134,
                            "Exact Heap Blocks": 14479,
                            "Lossy Heap Blocks": 0,
                            "Plans": [
                              {
                                "Node Type": "Bitmap Index Scan",
                                "Parent Relationship": "Outer",
                                "Parallel Aware": false,
                                "Index Name": "person_id_cast_info",
                                "Startup Cost": 0.0,
                                "Total Cost": 51121.61,
                                "Plan Rows": 2340939,
                                "Plan Width": 0,
                                "Actual Startup Time": 82.945,
                                "Actual Total Time": 82.946,
                                "Actual Rows": 2355243,
                                "Actual Loops": 1,
                                "Index Cond": "(person_id < 229182)"
                              }
                            ]
                          },
                          {
                            "Node Type": "Hash",
                            "Parent Relationship": "Inner",
                            "Parallel Aware": true,
                            "Startup Cost": 54588.39,
                            "Total Cost": 54588.39,
                            "Plan Rows": 339673,
                            "Plan Width": 4,
                            "Actual Startup Time": 246.562,
                            "Actual Total Time": 246.563,
                            "Actual Rows": 292510,
                            "Actual Loops": 2,
                            "Hash Buckets": 1048576,
                            "Original Hash Buckets": 1048576,
                            "Hash Batches": 1,
                            "Original Hash Batches": 1,
                            "Peak Memory Usage": 31136,
                            "Plans": [
                              {
                                "Node Type": "Seq Scan",
                                "Parent Relationship": "Outer",
                                "Parallel Aware": true,
                                "Relation Name": "title",
                                "Alias": "t",
                                "Startup Cost": 0.0,
                                "Total Cost": 54588.39,
                                "Plan Rows": 339673,
                                "Plan Width": 4,
                                "Actual Startup Time": 0.038,
                                "Actual Total Time": 152.694,
                                "Actual Rows": 292510,
                                "Actual Loops": 2,
                                "Filter": "(production_year < 1985)",
                                "Rows Removed by Filter": 971646
                              }
                            ]
                          }
                        ]
                      }
                    ]
                  }
                ]
              }
            ]
          }
        ]
      }
    ]
  },
  "Planning Time": 0.952,
  "Triggers": [],
  "Execution Time": 2220.56
}