[
    {
        "Bao": {
            "Bao prediction": 1942.383,
            "Bao recommended hint": "SET enable_nestloop TO off; "
        }
    },
    {
        "Plan": {
            "Node Type": "Aggregate",
            "Strategy": "Plain",
            "Partial Mode": "Finalize",
            "Parallel Aware": false,
            "Startup Cost": 524597.72,
            "Total Cost": 524597.73,
            "Plan Rows": 1,
            "Plan Width": 64,
            "Actual Startup Time": 2616.543,
            "Actual Total Time": 2843.968,
            "Actual Rows": 1,
            "Actual Loops": 1,
            "Output": [
                "min(n.name)",
                "min(n.name)"
            ],
            "Plans": [
                {
                    "Node Type": "Gather",
                    "Parent Relationship": "Outer",
                    "Parallel Aware": false,
                    "Startup Cost": 524597.29,
                    "Total Cost": 524597.7,
                    "Plan Rows": 4,
                    "Plan Width": 32,
                    "Actual Startup Time": 2614.271,
                    "Actual Total Time": 2843.955,
                    "Actual Rows": 5,
                    "Actual Loops": 1,
                    "Output": [
                        "(PARTIAL min(n.name))"
                    ],
                    "Workers Planned": 4,
                    "Workers Launched": 4,
                    "Single Copy": false,
                    "Plans": [
                        {
                            "Node Type": "Aggregate",
                            "Strategy": "Plain",
                            "Partial Mode": "Partial",
                            "Parent Relationship": "Outer",
                            "Parallel Aware": false,
                            "Startup Cost": 523597.29,
                            "Total Cost": 523597.3,
                            "Plan Rows": 1,
                            "Plan Width": 32,
                            "Actual Startup Time": 2602.429,
                            "Actual Total Time": 2602.452,
                            "Actual Rows": 1,
                            "Actual Loops": 5,
                            "Output": [
                                "PARTIAL min(n.name)"
                            ],
                            "Workers": [
                                {
                                    "Worker Number": 0,
                                    "Actual Startup Time": 2599.544,
                                    "Actual Total Time": 2599.57,
                                    "Actual Rows": 1,
                                    "Actual Loops": 1
                                },
                                {
                                    "Worker Number": 1,
                                    "Actual Startup Time": 2599.746,
                                    "Actual Total Time": 2599.776,
                                    "Actual Rows": 1,
                                    "Actual Loops": 1
                                },
                                {
                                    "Worker Number": 2,
                                    "Actual Startup Time": 2600.188,
                                    "Actual Total Time": 2600.208,
                                    "Actual Rows": 1,
                                    "Actual Loops": 1
                                },
                                {
                                    "Worker Number": 3,
                                    "Actual Startup Time": 2600.278,
                                    "Actual Total Time": 2600.294,
                                    "Actual Rows": 1,
                                    "Actual Loops": 1
                                }
                            ],
                            "Plans": [
                                {
                                    "Node Type": "Hash Join",
                                    "Parent Relationship": "Outer",
                                    "Parallel Aware": true,
                                    "Join Type": "Inner",
                                    "Startup Cost": 478907.83,
                                    "Total Cost": 523597.29,
                                    "Plan Rows": 1,
                                    "Plan Width": 15,
                                    "Actual Startup Time": 2468.785,
                                    "Actual Total Time": 2602.147,
                                    "Actual Rows": 2456,
                                    "Actual Loops": 5,
                                    "Output": [
                                        "n.name"
                                    ],
                                    "Inner Unique": false,
                                    "Hash Cond": "(t.id = ci.movie_id)",
                                    "Workers": [
                                        {
                                            "Worker Number": 0,
                                            "Actual Startup Time": 2462.572,
                                            "Actual Total Time": 2599.259,
                                            "Actual Rows": 2052,
                                            "Actual Loops": 1
                                        },
                                        {
                                            "Worker Number": 1,
                                            "Actual Startup Time": 2470.786,
                                            "Actual Total Time": 2599.45,
                                            "Actual Rows": 2025,
                                            "Actual Loops": 1
                                        },
                                        {
                                            "Worker Number": 2,
                                            "Actual Startup Time": 2462.075,
                                            "Actual Total Time": 2599.907,
                                            "Actual Rows": 2041,
                                            "Actual Loops": 1
                                        },
                                        {
                                            "Worker Number": 3,
                                            "Actual Startup Time": 2472.274,
                                            "Actual Total Time": 2600.004,
                                            "Actual Rows": 3232,
                                            "Actual Loops": 1
                                        }
                                    ],
                                    "Plans": [
                                        {
                                            "Node Type": "Seq Scan",
                                            "Parent Relationship": "Outer",
                                            "Parallel Aware": true,
                                            "Relation Name": "title",
                                            "Schema": "public",
                                            "Alias": "t",
                                            "Startup Cost": 0.0,
                                            "Total Cost": 42319.06,
                                            "Plan Rows": 632106,
                                            "Plan Width": 4,
                                            "Actual Startup Time": 0.028,
                                            "Actual Total Time": 81.436,
                                            "Actual Rows": 505662,
                                            "Actual Loops": 5,
                                            "Output": [
                                                "t.id",
                                                "t.title",
                                                "t.imdb_index",
                                                "t.kind_id",
                                                "t.production_year",
                                                "t.imdb_id",
                                                "t.phonetic_code",
                                                "t.episode_of_id",
                                                "t.season_nr",
                                                "t.episode_nr",
                                                "t.series_years",
                                                "t.md5sum"
                                            ],
                                            "Workers": [
                                                {
                                                    "Worker Number": 0,
                                                    "Actual Startup Time": 0.034,
                                                    "Actual Total Time": 81.045,
                                                    "Actual Rows": 418314,
                                                    "Actual Loops": 1
                                                },
                                                {
                                                    "Worker Number": 1,
                                                    "Actual Startup Time": 0.036,
                                                    "Actual Total Time": 81.131,
                                                    "Actual Rows": 418273,
                                                    "Actual Loops": 1
                                                },
                                                {
                                                    "Worker Number": 2,
                                                    "Actual Startup Time": 0.026,
                                                    "Actual Total Time": 81.062,
                                                    "Actual Rows": 417381,
                                                    "Actual Loops": 1
                                                },
                                                {
                                                    "Worker Number": 3,
                                                    "Actual Startup Time": 0.028,
                                                    "Actual Total Time": 84.331,
                                                    "Actual Rows": 618646,
                                                    "Actual Loops": 1
                                                }
                                            ]
                                        },
                                        {
                                            "Node Type": "Hash",
                                            "Parent Relationship": "Inner",
                                            "Parallel Aware": true,
                                            "Startup Cost": 478907.81,
                                            "Total Cost": 478907.81,
                                            "Plan Rows": 1,
                                            "Plan Width": 27,
                                            "Actual Startup Time": 2460.236,
                                            "Actual Total Time": 2460.257,
                                            "Actual Rows": 2456,
                                            "Actual Loops": 5,
                                            "Output": [
                                                "ci.movie_id",
                                                "mc.movie_id",
                                                "mk.movie_id",
                                                "n.name"
                                            ],
                                            "Hash Buckets": 16384,
                                            "Original Hash Buckets": 1024,
                                            "Hash Batches": 1,
                                            "Original Hash Batches": 1,
                                            "Peak Memory Usage": 1048,
                                            "Workers": [
                                                {
                                                    "Worker Number": 0,
                                                    "Actual Startup Time": 2457.988,
                                                    "Actual Total Time": 2458.012,
                                                    "Actual Rows": 1922,
                                                    "Actual Loops": 1
                                                },
                                                {
                                                    "Worker Number": 1,
                                                    "Actual Startup Time": 2458.251,
                                                    "Actual Total Time": 2458.28,
                                                    "Actual Rows": 2428,
                                                    "Actual Loops": 1
                                                },
                                                {
                                                    "Worker Number": 2,
                                                    "Actual Startup Time": 2458.718,
                                                    "Actual Total Time": 2458.736,
                                                    "Actual Rows": 1380,
                                                    "Actual Loops": 1
                                                },
                                                {
                                                    "Worker Number": 3,
                                                    "Actual Startup Time": 2458.743,
                                                    "Actual Total Time": 2458.758,
                                                    "Actual Rows": 2965,
                                                    "Actual Loops": 1
                                                }
                                            ],
                                            "Plans": [
                                                {
                                                    "Node Type": "Hash Join",
                                                    "Parent Relationship": "Outer",
                                                    "Parallel Aware": true,
                                                    "Join Type": "Inner",
                                                    "Startup Cost": 149025.71,
                                                    "Total Cost": 478907.81,
                                                    "Plan Rows": 1,
                                                    "Plan Width": 27,
                                                    "Actual Startup Time": 1141.767,
                                                    "Actual Total Time": 2227.765,
                                                    "Actual Rows": 2456,
                                                    "Actual Loops": 5,
                                                    "Output": [
                                                        "ci.movie_id",
                                                        "mc.movie_id",
                                                        "mk.movie_id",
                                                        "n.name"
                                                    ],
                                                    "Inner Unique": false,
                                                    "Hash Cond": "(ci.movie_id = mk.movie_id)",
                                                    "Workers": [
                                                        {
                                                            "Worker Number": 0,
                                                            "Actual Startup Time": 1139.483,
                                                            "Actual Total Time": 1945.894,
                                                            "Actual Rows": 1922,
                                                            "Actual Loops": 1
                                                        },
                                                        {
                                                            "Worker Number": 1,
                                                            "Actual Startup Time": 1139.696,
                                                            "Actual Total Time": 2423.052,
                                                            "Actual Rows": 2428,
                                                            "Actual Loops": 1
                                                        },
                                                        {
                                                            "Worker Number": 2,
                                                            "Actual Startup Time": 1140.187,
                                                            "Actual Total Time": 1933.604,
                                                            "Actual Rows": 1380,
                                                            "Actual Loops": 1
                                                        },
                                                        {
                                                            "Worker Number": 3,
                                                            "Actual Startup Time": 1140.247,
                                                            "Actual Total Time": 2405.132,
                                                            "Actual Rows": 2965,
                                                            "Actual Loops": 1
                                                        }
                                                    ],
                                                    "Plans": [
                                                        {
                                                            "Node Type": "Hash Join",
                                                            "Parent Relationship": "Outer",
                                                            "Parallel Aware": true,
                                                            "Join Type": "Inner",
                                                            "Startup Cost": 69162.89,
                                                            "Total Cost": 398129.54,
                                                            "Plan Rows": 244119,
                                                            "Plan Width": 19,
                                                            "Actual Startup Time": 703.467,
                                                            "Actual Total Time": 1755.14,
                                                            "Actual Rows": 304270,
                                                            "Actual Loops": 5,
                                                            "Output": [
                                                                "ci.movie_id",
                                                                "n.name"
                                                            ],
                                                            "Inner Unique": true,
                                                            "Hash Cond": "(ci.person_id = n.id)",
                                                            "Workers": [
                                                                {
                                                                    "Worker Number": 0,
                                                                    "Actual Startup Time": 703.453,
                                                                    "Actual Total Time": 1479.344,
                                                                    "Actual Rows": 209420,
                                                                    "Actual Loops": 1
                                                                },
                                                                {
                                                                    "Worker Number": 1,
                                                                    "Actual Startup Time": 703.473,
                                                                    "Actual Total Time": 1946.708,
                                                                    "Actual Rows": 305158,
                                                                    "Actual Loops": 1
                                                                },
                                                                {
                                                                    "Worker Number": 2,
                                                                    "Actual Startup Time": 703.48,
                                                                    "Actual Total Time": 1469.672,
                                                                    "Actual Rows": 184686,
                                                                    "Actual Loops": 1
                                                                },
                                                                {
                                                                    "Worker Number": 3,
                                                                    "Actual Startup Time": 703.451,
                                                                    "Actual Total Time": 1933.224,
                                                                    "Actual Rows": 364972,
                                                                    "Actual Loops": 1
                                                                }
                                                            ],
                                                            "Plans": [
                                                                {
                                                                    "Node Type": "Seq Scan",
                                                                    "Parent Relationship": "Outer",
                                                                    "Parallel Aware": true,
                                                                    "Relation Name": "cast_info",
                                                                    "Schema": "public",
                                                                    "Alias": "ci",
                                                                    "Startup Cost": 0.0,
                                                                    "Total Cost": 313106.51,
                                                                    "Plan Rows": 6041951,
                                                                    "Plan Width": 8,
                                                                    "Actual Startup Time": 0.013,
                                                                    "Actual Total Time": 796.97,
                                                                    "Actual Rows": 7248869,
                                                                    "Actual Loops": 5,
                                                                    "Output": [
                                                                        "ci.id",
                                                                        "ci.person_id",
                                                                        "ci.movie_id",
                                                                        "ci.person_role_id",
                                                                        "ci.note",
                                                                        "ci.nr_order",
                                                                        "ci.role_id"
                                                                    ],
                                                                    "Workers": [
                                                                        {
                                                                            "Worker Number": 0,
                                                                            "Actual Startup Time": 0.01,
                                                                            "Actual Total Time": 659.635,
                                                                            "Actual Rows": 4842407,
                                                                            "Actual Loops": 1
                                                                        },
                                                                        {
                                                                            "Worker Number": 1,
                                                                            "Actual Startup Time": 0.014,
                                                                            "Actual Total Time": 886.229,
                                                                            "Actual Rows": 6738639,
                                                                            "Actual Loops": 1
                                                                        },
                                                                        {
                                                                            "Worker Number": 2,
                                                                            "Actual Startup Time": 0.009,
                                                                            "Actual Total Time": 656.662,
                                                                            "Actual Rows": 4818123,
                                                                            "Actual Loops": 1
                                                                        },
                                                                        {
                                                                            "Worker Number": 3,
                                                                            "Actual Startup Time": 0.01,
                                                                            "Actual Total Time": 909.379,
                                                                            "Actual Rows": 9580847,
                                                                            "Actual Loops": 1
                                                                        }
                                                                    ]
                                                                },
                                                                {
                                                                    "Node Type": "Hash",
                                                                    "Parent Relationship": "Inner",
                                                                    "Parallel Aware": true,
                                                                    "Startup Cost": 68636.68,
                                                                    "Total Cost": 68636.68,
                                                                    "Plan Rows": 42097,
                                                                    "Plan Width": 19,
                                                                    "Actual Startup Time": 171.483,
                                                                    "Actual Total Time": 171.485,
                                                                    "Actual Rows": 33116,
                                                                    "Actual Loops": 5,
                                                                    "Output": [
                                                                        "n.name",
                                                                        "n.id"
                                                                    ],
                                                                    "Hash Buckets": 262144,
                                                                    "Original Hash Buckets": 262144,
                                                                    "Hash Batches": 1,
                                                                    "Original Hash Batches": 1,
                                                                    "Peak Memory Usage": 11040,
                                                                    "Workers": [
                                                                        {
                                                                            "Worker Number": 0,
                                                                            "Actual Startup Time": 171.896,
                                                                            "Actual Total Time": 171.898,
                                                                            "Actual Rows": 31767,
                                                                            "Actual Loops": 1
                                                                        },
                                                                        {
                                                                            "Worker Number": 1,
                                                                            "Actual Startup Time": 171.89,
                                                                            "Actual Total Time": 171.892,
                                                                            "Actual Rows": 31361,
                                                                            "Actual Loops": 1
                                                                        },
                                                                        {
                                                                            "Worker Number": 2,
                                                                            "Actual Startup Time": 169.803,
                                                                            "Actual Total Time": 169.804,
                                                                            "Actual Rows": 31756,
                                                                            "Actual Loops": 1
                                                                        },
                                                                        {
                                                                            "Worker Number": 3,
                                                                            "Actual Startup Time": 171.935,
                                                                            "Actual Total Time": 171.937,
                                                                            "Actual Rows": 30731,
                                                                            "Actual Loops": 1
                                                                        }
                                                                    ],
                                                                    "Plans": [
                                                                        {
                                                                            "Node Type": "Seq Scan",
                                                                            "Parent Relationship": "Outer",
                                                                            "Parallel Aware": true,
                                                                            "Relation Name": "name",
                                                                            "Schema": "public",
                                                                            "Alias": "n",
                                                                            "Startup Cost": 0.0,
                                                                            "Total Cost": 68636.68,
                                                                            "Plan Rows": 42097,
                                                                            "Plan Width": 19,
                                                                            "Actual Startup Time": 60.849,
                                                                            "Actual Total Time": 152.527,
                                                                            "Actual Rows": 33116,
                                                                            "Actual Loops": 5,
                                                                            "Output": [
                                                                                "n.name",
                                                                                "n.id"
                                                                            ],
                                                                            "Filter": "(n.name ~~ 'W%'::text)",
                                                                            "Rows Removed by Filter": 800382,
                                                                            "Workers": [
                                                                                {
                                                                                    "Worker Number": 0,
                                                                                    "Actual Startup Time": 60.777,
                                                                                    "Actual Total Time": 152.58,
                                                                                    "Actual Rows": 31767,
                                                                                    "Actual Loops": 1
                                                                                },
                                                                                {
                                                                                    "Worker Number": 1,
                                                                                    "Actual Startup Time": 60.697,
                                                                                    "Actual Total Time": 152.655,
                                                                                    "Actual Rows": 31361,
                                                                                    "Actual Loops": 1
                                                                                },
                                                                                {
                                                                                    "Worker Number": 2,
                                                                                    "Actual Startup Time": 61.053,
                                                                                    "Actual Total Time": 152.816,
                                                                                    "Actual Rows": 31756,
                                                                                    "Actual Loops": 1
                                                                                },
                                                                                {
                                                                                    "Worker Number": 3,
                                                                                    "Actual Startup Time": 60.877,
                                                                                    "Actual Total Time": 152.278,
                                                                                    "Actual Rows": 30731,
                                                                                    "Actual Loops": 1
                                                                                }
                                                                            ]
                                                                        }
                                                                    ]
                                                                }
                                                            ]
                                                        },
                                                        {
                                                            "Node Type": "Hash",
                                                            "Parent Relationship": "Inner",
                                                            "Parallel Aware": true,
                                                            "Startup Cost": 79862.78,
                                                            "Total Cost": 79862.78,
                                                            "Plan Rows": 3,
                                                            "Plan Width": 8,
                                                            "Actual Startup Time": 438.016,
                                                            "Actual Total Time": 438.026,
                                                            "Actual Rows": 1573,
                                                            "Actual Loops": 5,
                                                            "Output": [
                                                                "mc.movie_id",
                                                                "mk.movie_id"
                                                            ],
                                                            "Hash Buckets": 8192,
                                                            "Original Hash Buckets": 1024,
                                                            "Hash Batches": 1,
                                                            "Original Hash Batches": 1,
                                                            "Peak Memory Usage": 504,
                                                            "Workers": [
                                                                {
                                                                    "Worker Number": 0,
                                                                    "Actual Startup Time": 435.795,
                                                                    "Actual Total Time": 435.802,
                                                                    "Actual Rows": 820,
                                                                    "Actual Loops": 1
                                                                },
                                                                {
                                                                    "Worker Number": 1,
                                                                    "Actual Startup Time": 436.018,
                                                                    "Actual Total Time": 436.03,
                                                                    "Actual Rows": 1477,
                                                                    "Actual Loops": 1
                                                                },
                                                                {
                                                                    "Worker Number": 2,
                                                                    "Actual Startup Time": 436.51,
                                                                    "Actual Total Time": 436.522,
                                                                    "Actual Rows": 1538,
                                                                    "Actual Loops": 1
                                                                },
                                                                {
                                                                    "Worker Number": 3,
                                                                    "Actual Startup Time": 436.527,
                                                                    "Actual Total Time": 436.536,
                                                                    "Actual Rows": 1559,
                                                                    "Actual Loops": 1
                                                                }
                                                            ],
                                                            "Plans": [
                                                                {
                                                                    "Node Type": "Hash Join",
                                                                    "Parent Relationship": "Outer",
                                                                    "Parallel Aware": true,
                                                                    "Join Type": "Inner",
                                                                    "Startup Cost": 50305.02,
                                                                    "Total Cost": 79862.78,
                                                                    "Plan Rows": 3,
                                                                    "Plan Width": 8,
                                                                    "Actual Startup Time": 272.119,
                                                                    "Actual Total Time": 406.265,
                                                                    "Actual Rows": 1573,
                                                                    "Actual Loops": 5,
                                                                    "Output": [
                                                                        "mc.movie_id",
                                                                        "mk.movie_id"
                                                                    ],
                                                                    "Inner Unique": false,
                                                                    "Hash Cond": "(mc.movie_id = mk.movie_id)",
                                                                    "Workers": [
                                                                        {
                                                                            "Worker Number": 0,
                                                                            "Actual Startup Time": 269.898,
                                                                            "Actual Total Time": 367.868,
                                                                            "Actual Rows": 820,
                                                                            "Actual Loops": 1
                                                                        },
                                                                        {
                                                                            "Worker Number": 1,
                                                                            "Actual Startup Time": 270.279,
                                                                            "Actual Total Time": 417.038,
                                                                            "Actual Rows": 1477,
                                                                            "Actual Loops": 1
                                                                        },
                                                                        {
                                                                            "Worker Number": 2,
                                                                            "Actual Startup Time": 270.564,
                                                                            "Actual Total Time": 419.057,
                                                                            "Actual Rows": 1538,
                                                                            "Actual Loops": 1
                                                                        },
                                                                        {
                                                                            "Worker Number": 3,
                                                                            "Actual Startup Time": 270.461,
                                                                            "Actual Total Time": 416.593,
                                                                            "Actual Rows": 1559,
                                                                            "Actual Loops": 1
                                                                        }
                                                                    ],
                                                                    "Plans": [
                                                                        {
                                                                            "Node Type": "Hash Join",
                                                                            "Parent Relationship": "Outer",
                                                                            "Parallel Aware": true,
                                                                            "Join Type": "Inner",
                                                                            "Startup Cost": 4800.56,
                                                                            "Total Cost": 34216.49,
                                                                            "Plan Rows": 37818,
                                                                            "Plan Width": 4,
                                                                            "Actual Startup Time": 9.962,
                                                                            "Actual Total Time": 138.59,
                                                                            "Actual Rows": 24875,
                                                                            "Actual Loops": 5,
                                                                            "Output": [
                                                                                "mc.movie_id"
                                                                            ],
                                                                            "Inner Unique": true,
                                                                            "Hash Cond": "(mc.company_id = cn.id)",
                                                                            "Workers": [
                                                                                {
                                                                                    "Worker Number": 0,
                                                                                    "Actual Startup Time": 9.923,
                                                                                    "Actual Total Time": 104.962,
                                                                                    "Actual Rows": 11282,
                                                                                    "Actual Loops": 1
                                                                                },
                                                                                {
                                                                                    "Worker Number": 1,
                                                                                    "Actual Startup Time": 9.862,
                                                                                    "Actual Total Time": 150.862,
                                                                                    "Actual Rows": 26136,
                                                                                    "Actual Loops": 1
                                                                                },
                                                                                {
                                                                                    "Worker Number": 2,
                                                                                    "Actual Startup Time": 9.844,
                                                                                    "Actual Total Time": 152.23,
                                                                                    "Actual Rows": 26791,
                                                                                    "Actual Loops": 1
                                                                                },
                                                                                {
                                                                                    "Worker Number": 3,
                                                                                    "Actual Startup Time": 10.286,
                                                                                    "Actual Total Time": 149.888,
                                                                                    "Actual Rows": 26034,
                                                                                    "Actual Loops": 1
                                                                                }
                                                                            ],
                                                                            "Plans": [
                                                                                {
                                                                                    "Node Type": "Seq Scan",
                                                                                    "Parent Relationship": "Outer",
                                                                                    "Parallel Aware": true,
                                                                                    "Relation Name": "movie_companies",
                                                                                    "Schema": "public",
                                                                                    "Alias": "mc",
                                                                                    "Startup Cost": 0.0,
                                                                                    "Total Cost": 27206.55,
                                                                                    "Plan Rows": 841655,
                                                                                    "Plan Width": 8,
                                                                                    "Actual Startup Time": 0.021,
                                                                                    "Actual Total Time": 60.532,
                                                                                    "Actual Rows": 521826,
                                                                                    "Actual Loops": 5,
                                                                                    "Output": [
                                                                                        "mc.id",
                                                                                        "mc.movie_id",
                                                                                        "mc.company_id",
                                                                                        "mc.company_type_id",
                                                                                        "mc.note"
                                                                                    ],
                                                                                    "Workers": [
                                                                                        {
                                                                                            "Worker Number": 0,
                                                                                            "Actual Startup Time": 0.025,
                                                                                            "Actual Total Time": 46.186,
                                                                                            "Actual Rows": 356502,
                                                                                            "Actual Loops": 1
                                                                                        },
                                                                                        {
                                                                                            "Worker Number": 1,
                                                                                            "Actual Startup Time": 0.019,
                                                                                            "Actual Total Time": 65.928,
                                                                                            "Actual Rows": 530306,
                                                                                            "Actual Loops": 1
                                                                                        },
                                                                                        {
                                                                                            "Worker Number": 2,
                                                                                            "Actual Startup Time": 0.031,
                                                                                            "Actual Total Time": 66.413,
                                                                                            "Actual Rows": 534120,
                                                                                            "Actual Loops": 1
                                                                                        },
                                                                                        {
                                                                                            "Worker Number": 3,
                                                                                            "Actual Startup Time": 0.022,
                                                                                            "Actual Total Time": 65.482,
                                                                                            "Actual Rows": 524690,
                                                                                            "Actual Loops": 1
                                                                                        }
                                                                                    ]
                                                                                },
                                                                                {
                                                                                    "Node Type": "Hash",
                                                                                    "Parent Relationship": "Inner",
                                                                                    "Parallel Aware": true,
                                                                                    "Startup Cost": 4722.92,
                                                                                    "Total Cost": 4722.92,
                                                                                    "Plan Rows": 6211,
                                                                                    "Plan Width": 4,
                                                                                    "Actual Startup Time": 9.69,
                                                                                    "Actual Total Time": 9.692,
                                                                                    "Actual Rows": 2079,
                                                                                    "Actual Loops": 5,
                                                                                    "Output": [
                                                                                        "cn.id"
                                                                                    ],
                                                                                    "Hash Buckets": 16384,
                                                                                    "Original Hash Buckets": 16384,
                                                                                    "Hash Batches": 1,
                                                                                    "Original Hash Batches": 1,
                                                                                    "Peak Memory Usage": 608,
                                                                                    "Workers": [
                                                                                        {
                                                                                            "Worker Number": 0,
                                                                                            "Actual Startup Time": 9.685,
                                                                                            "Actual Total Time": 9.686,
                                                                                            "Actual Rows": 2058,
                                                                                            "Actual Loops": 1
                                                                                        },
                                                                                        {
                                                                                            "Worker Number": 1,
                                                                                            "Actual Startup Time": 9.733,
                                                                                            "Actual Total Time": 9.736,
                                                                                            "Actual Rows": 2012,
                                                                                            "Actual Loops": 1
                                                                                        },
                                                                                        {
                                                                                            "Worker Number": 2,
                                                                                            "Actual Startup Time": 9.618,
                                                                                            "Actual Total Time": 9.621,
                                                                                            "Actual Rows": 2041,
                                                                                            "Actual Loops": 1
                                                                                        },
                                                                                        {
                                                                                            "Worker Number": 3,
                                                                                            "Actual Startup Time": 9.703,
                                                                                            "Actual Total Time": 9.704,
                                                                                            "Actual Rows": 1929,
                                                                                            "Actual Loops": 1
                                                                                        }
                                                                                    ],
                                                                                    "Plans": [
                                                                                        {
                                                                                            "Node Type": "Seq Scan",
                                                                                            "Parent Relationship": "Outer",
                                                                                            "Parallel Aware": true,
                                                                                            "Relation Name": "company_name",
                                                                                            "Schema": "public",
                                                                                            "Alias": "cn",
                                                                                            "Startup Cost": 0.0,
                                                                                            "Total Cost": 4722.92,
                                                                                            "Plan Rows": 6211,
                                                                                            "Plan Width": 4,
                                                                                            "Actual Startup Time": 0.036,
                                                                                            "Actual Total Time": 8.452,
                                                                                            "Actual Rows": 2079,
                                                                                            "Actual Loops": 5,
                                                                                            "Output": [
                                                                                                "cn.id"
                                                                                            ],
                                                                                            "Filter": "((cn.country_code)::text = '[fr]'::text)",
                                                                                            "Rows Removed by Filter": 44921,
                                                                                            "Workers": [
                                                                                                {
                                                                                                    "Worker Number": 0,
                                                                                                    "Actual Startup Time": 0.037,
                                                                                                    "Actual Total Time": 8.69,
                                                                                                    "Actual Rows": 2058,
                                                                                                    "Actual Loops": 1
                                                                                                },
                                                                                                {
                                                                                                    "Worker Number": 1,
                                                                                                    "Actual Startup Time": 0.034,
                                                                                                    "Actual Total Time": 8.544,
                                                                                                    "Actual Rows": 2012,
                                                                                                    "Actual Loops": 1
                                                                                                },
                                                                                                {
                                                                                                    "Worker Number": 2,
                                                                                                    "Actual Startup Time": 0.033,
                                                                                                    "Actual Total Time": 8.762,
                                                                                                    "Actual Rows": 2041,
                                                                                                    "Actual Loops": 1
                                                                                                },
                                                                                                {
                                                                                                    "Worker Number": 3,
                                                                                                    "Actual Startup Time": 0.044,
                                                                                                    "Actual Total Time": 8.568,
                                                                                                    "Actual Rows": 1929,
                                                                                                    "Actual Loops": 1
                                                                                                }
                                                                                            ]
                                                                                        }
                                                                                    ]
                                                                                }
                                                                            ]
                                                                        },
                                                                        {
                                                                            "Node Type": "Hash",
                                                                            "Parent Relationship": "Inner",
                                                                            "Parallel Aware": true,
                                                                            "Startup Cost": 45504.33,
                                                                            "Total Cost": 45504.33,
                                                                            "Plan Rows": 11,
                                                                            "Plan Width": 4,
                                                                            "Actual Startup Time": 261.546,
                                                                            "Actual Total Time": 261.549,
                                                                            "Actual Rows": 8368,
                                                                            "Actual Loops": 5,
                                                                            "Output": [
                                                                                "mk.movie_id"
                                                                            ],
                                                                            "Hash Buckets": 65536,
                                                                            "Original Hash Buckets": 1024,
                                                                            "Hash Batches": 1,
                                                                            "Original Hash Batches": 1,
                                                                            "Peak Memory Usage": 2776,
                                                                            "Workers": [
                                                                                {
                                                                                    "Worker Number": 0,
                                                                                    "Actual Startup Time": 259.379,
                                                                                    "Actual Total Time": 259.382,
                                                                                    "Actual Rows": 8373,
                                                                                    "Actual Loops": 1
                                                                                },
                                                                                {
                                                                                    "Worker Number": 1,
                                                                                    "Actual Startup Time": 259.543,
                                                                                    "Actual Total Time": 259.547,
                                                                                    "Actual Rows": 8400,
                                                                                    "Actual Loops": 1
                                                                                },
                                                                                {
                                                                                    "Worker Number": 2,
                                                                                    "Actual Startup Time": 259.989,
                                                                                    "Actual Total Time": 259.992,
                                                                                    "Actual Rows": 8368,
                                                                                    "Actual Loops": 1
                                                                                },
                                                                                {
                                                                                    "Worker Number": 3,
                                                                                    "Actual Startup Time": 260.003,
                                                                                    "Actual Total Time": 260.007,
                                                                                    "Actual Rows": 7471,
                                                                                    "Actual Loops": 1
                                                                                }
                                                                            ],
                                                                            "Plans": [
                                                                                {
                                                                                    "Node Type": "Hash Join",
                                                                                    "Parent Relationship": "Outer",
                                                                                    "Parallel Aware": false,
                                                                                    "Join Type": "Inner",
                                                                                    "Startup Cost": 2626.14,
                                                                                    "Total Cost": 45504.33,
                                                                                    "Plan Rows": 11,
                                                                                    "Plan Width": 4,
                                                                                    "Actual Startup Time": 25.162,
                                                                                    "Actual Total Time": 214.655,
                                                                                    "Actual Rows": 8368,
                                                                                    "Actual Loops": 5,
                                                                                    "Output": [
                                                                                        "mk.movie_id"
                                                                                    ],
                                                                                    "Inner Unique": true,
                                                                                    "Hash Cond": "(mk.keyword_id = k.id)",
                                                                                    "Workers": [
                                                                                        {
                                                                                            "Worker Number": 0,
                                                                                            "Actual Startup Time": 24.397,
                                                                                            "Actual Total Time": 237.909,
                                                                                            "Actual Rows": 8373,
                                                                                            "Actual Loops": 1
                                                                                        },
                                                                                        {
                                                                                            "Worker Number": 1,
                                                                                            "Actual Startup Time": 24.36,
                                                                                            "Actual Total Time": 224.379,
                                                                                            "Actual Rows": 8400,
                                                                                            "Actual Loops": 1
                                                                                        },
                                                                                        {
                                                                                            "Worker Number": 2,
                                                                                            "Actual Startup Time": 24.823,
                                                                                            "Actual Total Time": 213.483,
                                                                                            "Actual Rows": 8368,
                                                                                            "Actual Loops": 1
                                                                                        },
                                                                                        {
                                                                                            "Worker Number": 3,
                                                                                            "Actual Startup Time": 24.782,
                                                                                            "Actual Total Time": 206.282,
                                                                                            "Actual Rows": 7471,
                                                                                            "Actual Loops": 1
                                                                                        }
                                                                                    ],
                                                                                    "Plans": [
                                                                                        {
                                                                                            "Node Type": "Seq Scan",
                                                                                            "Parent Relationship": "Outer",
                                                                                            "Parallel Aware": true,
                                                                                            "Relation Name": "movie_keyword",
                                                                                            "Schema": "public",
                                                                                            "Alias": "mk",
                                                                                            "Startup Cost": 0.0,
                                                                                            "Total Cost": 39047.32,
                                                                                            "Plan Rows": 1459332,
                                                                                            "Plan Width": 8,
                                                                                            "Actual Startup Time": 0.062,
                                                                                            "Actual Total Time": 102.402,
                                                                                            "Actual Rows": 904786,
                                                                                            "Actual Loops": 5,
                                                                                            "Output": [
                                                                                                "mk.id",
                                                                                                "mk.movie_id",
                                                                                                "mk.keyword_id"
                                                                                            ],
                                                                                            "Workers": [
                                                                                                {
                                                                                                    "Worker Number": 0,
                                                                                                    "Actual Startup Time": 0.062,
                                                                                                    "Actual Total Time": 116.27,
                                                                                                    "Actual Rows": 980870,
                                                                                                    "Actual Loops": 1
                                                                                                },
                                                                                                {
                                                                                                    "Worker Number": 1,
                                                                                                    "Actual Startup Time": 0.062,
                                                                                                    "Actual Total Time": 107.737,
                                                                                                    "Actual Rows": 929195,
                                                                                                    "Actual Loops": 1
                                                                                                },
                                                                                                {
                                                                                                    "Worker Number": 2,
                                                                                                    "Actual Startup Time": 0.062,
                                                                                                    "Actual Total Time": 102.19,
                                                                                                    "Actual Rows": 868760,
                                                                                                    "Actual Loops": 1
                                                                                                },
                                                                                                {
                                                                                                    "Worker Number": 3,
                                                                                                    "Actual Startup Time": 0.065,
                                                                                                    "Actual Total Time": 98.28,
                                                                                                    "Actual Rows": 792355,
                                                                                                    "Actual Loops": 1
                                                                                                }
                                                                                            ]
                                                                                        },
                                                                                        {
                                                                                            "Node Type": "Hash",
                                                                                            "Parent Relationship": "Inner",
                                                                                            "Parallel Aware": false,
                                                                                            "Startup Cost": 2626.12,
                                                                                            "Total Cost": 2626.12,
                                                                                            "Plan Rows": 1,
                                                                                            "Plan Width": 4,
                                                                                            "Actual Startup Time": 24.974,
                                                                                            "Actual Total Time": 24.975,
                                                                                            "Actual Rows": 1,
                                                                                            "Actual Loops": 5,
                                                                                            "Output": [
                                                                                                "k.id"
                                                                                            ],
                                                                                            "Hash Buckets": 1024,
                                                                                            "Original Hash Buckets": 1024,
                                                                                            "Hash Batches": 1,
                                                                                            "Original Hash Batches": 1,
                                                                                            "Peak Memory Usage": 9,
                                                                                            "Workers": [
                                                                                                {
                                                                                                    "Worker Number": 0,
                                                                                                    "Actual Startup Time": 24.136,
                                                                                                    "Actual Total Time": 24.137,
                                                                                                    "Actual Rows": 1,
                                                                                                    "Actual Loops": 1
                                                                                                },
                                                                                                {
                                                                                                    "Worker Number": 1,
                                                                                                    "Actual Startup Time": 24.224,
                                                                                                    "Actual Total Time": 24.225,
                                                                                                    "Actual Rows": 1,
                                                                                                    "Actual Loops": 1
                                                                                                },
                                                                                                {
                                                                                                    "Worker Number": 2,
                                                                                                    "Actual Startup Time": 24.686,
                                                                                                    "Actual Total Time": 24.687,
                                                                                                    "Actual Rows": 1,
                                                                                                    "Actual Loops": 1
                                                                                                },
                                                                                                {
                                                                                                    "Worker Number": 3,
                                                                                                    "Actual Startup Time": 24.522,
                                                                                                    "Actual Total Time": 24.522,
                                                                                                    "Actual Rows": 1,
                                                                                                    "Actual Loops": 1
                                                                                                }
                                                                                            ],
                                                                                            "Plans": [
                                                                                                {
                                                                                                    "Node Type": "Seq Scan",
                                                                                                    "Parent Relationship": "Outer",
                                                                                                    "Parallel Aware": false,
                                                                                                    "Relation Name": "keyword",
                                                                                                    "Schema": "public",
                                                                                                    "Alias": "k",
                                                                                                    "Startup Cost": 0.0,
                                                                                                    "Total Cost": 2626.12,
                                                                                                    "Plan Rows": 1,
                                                                                                    "Plan Width": 4,
                                                                                                    "Actual Startup Time": 2.053,
                                                                                                    "Actual Total Time": 24.951,
                                                                                                    "Actual Rows": 1,
                                                                                                    "Actual Loops": 5,
                                                                                                    "Output": [
                                                                                                        "k.id"
                                                                                                    ],
                                                                                                    "Filter": "(k.keyword = 'character-name-in-title'::text)",
                                                                                                    "Rows Removed by Filter": 134169,
                                                                                                    "Workers": [
                                                                                                        {
                                                                                                            "Worker Number": 0,
                                                                                                            "Actual Startup Time": 2.03,
                                                                                                            "Actual Total Time": 24.112,
                                                                                                            "Actual Rows": 1,
                                                                                                            "Actual Loops": 1
                                                                                                        },
                                                                                                        {
                                                                                                            "Worker Number": 1,
                                                                                                            "Actual Startup Time": 2.031,
                                                                                                            "Actual Total Time": 24.201,
                                                                                                            "Actual Rows": 1,
                                                                                                            "Actual Loops": 1
                                                                                                        },
                                                                                                        {
                                                                                                            "Worker Number": 2,
                                                                                                            "Actual Startup Time": 2.117,
                                                                                                            "Actual Total Time": 24.663,
                                                                                                            "Actual Rows": 1,
                                                                                                            "Actual Loops": 1
                                                                                                        },
                                                                                                        {
                                                                                                            "Worker Number": 3,
                                                                                                            "Actual Startup Time": 2.136,
                                                                                                            "Actual Total Time": 24.499,
                                                                                                            "Actual Rows": 1,
                                                                                                            "Actual Loops": 1
                                                                                                        }
                                                                                                    ]
                                                                                                }
                                                                                            ]
                                                                                        }
                                                                                    ]
                                                                                }
                                                                            ]
                                                                        }
                                                                    ]
                                                                }
                                                            ]
                                                        }
                                                    ]
                                                }
                                            ]
                                        }
                                    ]
                                }
                            ]
                        }
                    ]
                }
            ]
        },
        "Planning Time": 1439.737,
        "Triggers": [],
        "Execution Time": 2844.964
    }
]