[
  {
    "Plan": {
      "Node Type": "Aggregate",
      "Strategy": "Plain",
      "Partial Mode": "Finalize",
      "Parallel Aware": false,
      "Startup Cost": 46204.22,
      "Total Cost": 46204.23,
      "Plan Rows": 1,
      "Plan Width": 8,
      "Actual Startup Time": 191.821,
      "Actual Total Time": 202.542,
      "Actual Rows": 1,
      "Actual Loops": 1,
      "Plans": [
        {
          "Node Type": "Gather",
          "Parent Relationship": "Outer",
          "Parallel Aware": false,
          "Startup Cost": 46203.91,
          "Total Cost": 46204.22,
          "Plan Rows": 3,
          "Plan Width": 8,
          "Actual Startup Time": 191.673,
          "Actual Total Time": 202.531,
          "Actual Rows": 4,
          "Actual Loops": 1,
          "Workers Planned": 3,
          "Workers Launched": 3,
          "Single Copy": false,
          "Plans": [
            {
              "Node Type": "Aggregate",
              "Strategy": "Plain",
              "Partial Mode": "Partial",
              "Parent Relationship": "Outer",
              "Parallel Aware": false,
              "Startup Cost": 45203.91,
              "Total Cost": 45203.92,
              "Plan Rows": 1,
              "Plan Width": 8,
              "Actual Startup Time": 182.772,
              "Actual Total Time": 182.774,
              "Actual Rows": 1,
              "Actual Loops": 4,
              "Plans": [
                {
                  "Node Type": "Seq Scan",
                  "Parent Relationship": "Outer",
                  "Parallel Aware": true,
                  "Relation Name": "movie_keyword",
                  "Alias": "mk",
                  "Startup Cost": 0.0,
                  "Total Cost": 42695.65,
                  "Plan Rows": 1003301,
                  "Plan Width": 0,
                  "Actual Startup Time": 0.067,
                  "Actual Total Time": 139.903,
                  "Actual Rows": 778800,
                  "Actual Loops": 4,
                  "Filter": "(keyword_id < 11868)",
                  "Rows Removed by Filter": 352183
                }
              ]
            }
          ]
        }
      ]
    },
    "Planning Time": 0.198,
    "Triggers": [],
    "Execution Time": 202.611
  }
]