[
  {
    "Plan": {
      "Node Type": "Aggregate",
      "Strategy": "Plain",
      "Partial Mode": "Finalize",
      "Parallel Aware": false,
      "Startup Cost": 117985.76,
      "Total Cost": 117985.77,
      "Plan Rows": 1,
      "Plan Width": 8,
      "Actual Startup Time": 853.054,
      "Actual Total Time": 870.837,
      "Actual Rows": 1,
      "Actual Loops": 1,
      "Plans": [
        {
          "Node Type": "Gather",
          "Parent Relationship": "Outer",
          "Parallel Aware": false,
          "Startup Cost": 117985.44,
          "Total Cost": 117985.75,
          "Plan Rows": 3,
          "Plan Width": 8,
          "Actual Startup Time": 845.752,
          "Actual Total Time": 870.827,
          "Actual Rows": 4,
          "Actual Loops": 1,
          "Workers Planned": 3,
          "Workers Launched": 3,
          "Single Copy": false,
          "Plans": [
            {
              "Node Type": "Aggregate",
              "Strategy": "Plain",
              "Partial Mode": "Partial",
              "Parent Relationship": "Outer",
              "Parallel Aware": false,
              "Startup Cost": 116985.44,
              "Total Cost": 116985.45,
              "Plan Rows": 1,
              "Plan Width": 8,
              "Actual Startup Time": 836.875,
              "Actual Total Time": 837.21,
              "Actual Rows": 1,
              "Actual Loops": 4,
              "Plans": [
                {
                  "Node Type": "Hash Join",
                  "Parent Relationship": "Outer",
                  "Parallel Aware": true,
                  "Join Type": "Inner",
                  "Startup Cost": 69876.75,
                  "Total Cost": 115691.0,
                  "Plan Rows": 517775,
                  "Plan Width": 0,
                  "Actual Startup Time": 457.227,
                  "Actual Total Time": 770.507,
                  "Actual Rows": 1739822,
                  "Actual Loops": 4,
                  "Inner Unique": false,
                  "Hash Cond": "(mk.movie_id = t.id)",
                  "Plans": [
                    {
                      "Node Type": "Seq Scan",
                      "Parent Relationship": "Outer",
                      "Parallel Aware": true,
                      "Relation Name": "movie_keyword",
                      "Alias": "mk",
                      "Startup Cost": 0.0,
                      "Total Cost": 39047.32,
                      "Plan Rows": 1459332,
                      "Plan Width": 4,
                      "Actual Startup Time": 0.031,
                      "Actual Total Time": 84.074,
                      "Actual Rows": 1130982,
                      "Actual Loops": 4
                    },
                    {
                      "Node Type": "Hash",
                      "Parent Relationship": "Inner",
                      "Parallel Aware": true,
                      "Startup Cost": 67073.47,
                      "Total Cost": 67073.47,
                      "Plan Rows": 224262,
                      "Plan Width": 8,
                      "Actual Startup Time": 452.203,
                      "Actual Total Time": 452.536,
                      "Actual Rows": 229314,
                      "Actual Loops": 4,
                      "Hash Buckets": 1048576,
                      "Original Hash Buckets": 1048576,
                      "Hash Batches": 1,
                      "Original Hash Batches": 1,
                      "Peak Memory Usage": 44128,
                      "Plans": [
                        {
                          "Node Type": "Hash Join",
                          "Parent Relationship": "Outer",
                          "Parallel Aware": true,
                          "Join Type": "Inner",
                          "Startup Cost": 19942.49,
                          "Total Cost": 67073.47,
                          "Plan Rows": 224262,
                          "Plan Width": 8,
                          "Actual Startup Time": 121.536,
                          "Actual Total Time": 390.54,
                          "Actual Rows": 229314,
                          "Actual Loops": 4,
                          "Inner Unique": false,
                          "Hash Cond": "(t.id = mi_idx.movie_id)",
                          "Plans": [
                            {
                              "Node Type": "Seq Scan",
                              "Parent Relationship": "Outer",
                              "Parallel Aware": true,
                              "Relation Name": "title",
                              "Alias": "t",
                              "Startup Cost": 0.0,
                              "Total Cost": 43898.92,
                              "Plan Rows": 612704,
                              "Plan Width": 4,
                              "Actual Startup Time": 0.01,
                              "Actual Total Time": 94.583,
                              "Actual Rows": 612132,
                              "Actual Loops": 4,
                              "Filter": "(production_year > 1900)",
                              "Rows Removed by Filter": 19946
                            },
                            {
                              "Node Type": "Hash",
                              "Parent Relationship": "Inner",
                              "Parallel Aware": true,
                              "Startup Cost": 15122.68,
                              "Total Cost": 15122.68,
                              "Plan Rows": 385585,
                              "Plan Width": 4,
                              "Actual Startup Time": 118.578,
                              "Actual Total Time": 118.579,
                              "Actual Rows": 230028,
                              "Actual Loops": 4,
                              "Hash Buckets": 1048576,
                              "Original Hash Buckets": 1048576,
                              "Hash Batches": 1,
                              "Original Hash Batches": 1,
                              "Peak Memory Usage": 44224,
                              "Plans": [
                                {
                                  "Node Type": "Seq Scan",
                                  "Parent Relationship": "Outer",
                                  "Parallel Aware": true,
                                  "Relation Name": "movie_info_idx",
                                  "Alias": "mi_idx",
                                  "Startup Cost": 0.0,
                                  "Total Cost": 15122.68,
                                  "Plan Rows": 385585,
                                  "Plan Width": 4,
                                  "Actual Startup Time": 0.074,
                                  "Actual Total Time": 49.757,
                                  "Actual Rows": 230028,
                                  "Actual Loops": 4,
                                  "Filter": "(info_type_id > 99)",
                                  "Rows Removed by Filter": 114981
                                }
                              ]
                            }
                          ]
                        }
                      ]
                    }
                  ]
                }
              ]
            }
          ]
        }
      ]
    },
    "Planning Time": 1.35,
    "Triggers": [],
    "Execution Time": 870.92
  }
]