[
  {
    "Plan": {
      "Node Type": "Aggregate",
      "Strategy": "Plain",
      "Partial Mode": "Finalize",
      "Parallel Aware": false,
      "Startup Cost": 43991.72,
      "Total Cost": 43991.73,
      "Plan Rows": 1,
      "Plan Width": 8,
      "Actual Startup Time": 37.846,
      "Actual Total Time": 44.447,
      "Actual Rows": 1,
      "Actual Loops": 1,
      "Plans": [
        {
          "Node Type": "Gather",
          "Parent Relationship": "Outer",
          "Parallel Aware": false,
          "Startup Cost": 43991.51,
          "Total Cost": 43991.72,
          "Plan Rows": 2,
          "Plan Width": 8,
          "Actual Startup Time": 37.719,
          "Actual Total Time": 44.441,
          "Actual Rows": 3,
          "Actual Loops": 1,
          "Workers Planned": 2,
          "Workers Launched": 2,
          "Single Copy": false,
          "Plans": [
            {
              "Node Type": "Aggregate",
              "Strategy": "Plain",
              "Partial Mode": "Partial",
              "Parent Relationship": "Outer",
              "Parallel Aware": false,
              "Startup Cost": 42991.51,
              "Total Cost": 42991.52,
              "Plan Rows": 1,
              "Plan Width": 8,
              "Actual Startup Time": 34.215,
              "Actual Total Time": 34.216,
              "Actual Rows": 1,
              "Actual Loops": 3,
              "Plans": [
                {
                  "Node Type": "Nested Loop",
                  "Parent Relationship": "Outer",
                  "Parallel Aware": false,
                  "Join Type": "Inner",
                  "Startup Cost": 212.35,
                  "Total Cost": 42981.77,
                  "Plan Rows": 3895,
                  "Plan Width": 0,
                  "Actual Startup Time": 1.962,
                  "Actual Total Time": 33.751,
                  "Actual Rows": 3005,
                  "Actual Loops": 3,
                  "Inner Unique": true,
                  "Plans": [
                    {
                      "Node Type": "Bitmap Heap Scan",
                      "Parent Relationship": "Outer",
                      "Parallel Aware": true,
                      "Relation Name": "movie_companies",
                      "Alias": "mc",
                      "Startup Cost": 211.92,
                      "Total Cost": 16315.36,
                      "Plan Rows": 4059,
                      "Plan Width": 4,
                      "Actual Startup Time": 1.877,
                      "Actual Total Time": 7.799,
                      "Actual Rows": 3008,
                      "Actual Loops": 3,
                      "Recheck Cond": "(company_id = 225)",
                      "Rows Removed by Index Recheck": 0,
                      "Exact Heap Blocks": 1787,
                      "Lossy Heap Blocks": 0,
                      "Plans": [
                        {
                          "Node Type": "Bitmap Index Scan",
                          "Parent Relationship": "Outer",
                          "Parallel Aware": false,
                          "Index Name": "company_id_movie_companies",
                          "Startup Cost": 0.0,
                          "Total Cost": 209.49,
                          "Plan Rows": 9741,
                          "Plan Width": 0,
                          "Actual Startup Time": 3.782,
                          "Actual Total Time": 3.782,
                          "Actual Rows": 9025,
                          "Actual Loops": 1,
                          "Index Cond": "(company_id = 225)"
                        }
                      ]
                    },
                    {
                      "Node Type": "Index Scan",
                      "Parent Relationship": "Inner",
                      "Parallel Aware": false,
                      "Scan Direction": "Forward",
                      "Index Name": "title_pkey",
                      "Relation Name": "title",
                      "Alias": "t",
                      "Startup Cost": 0.43,
                      "Total Cost": 6.57,
                      "Plan Rows": 1,
                      "Plan Width": 4,
                      "Actual Startup Time": 0.008,
                      "Actual Total Time": 0.008,
                      "Actual Rows": 1,
                      "Actual Loops": 9025,
                      "Index Cond": "(id = mc.movie_id)",
                      "Rows Removed by Index Recheck": 0,
                      "Filter": "(production_year > 1910)",
                      "Rows Removed by Filter": 0
                    }
                  ]
                }
              ]
            }
          ]
        }
      ]
    },
    "Planning Time": 0.449,
    "Triggers": [],
    "Execution Time": 44.507
  }
]