[
  {
    "Plan": {
      "Node Type": "Aggregate",
      "Strategy": "Plain",
      "Partial Mode": "Finalize",
      "Parallel Aware": false,
      "Startup Cost": 64446.94,
      "Total Cost": 64446.95,
      "Plan Rows": 1,
      "Plan Width": 8,
      "Actual Startup Time": 111.414,
      "Actual Total Time": 125.162,
      "Actual Rows": 1,
      "Actual Loops": 1,
      "Plans": [
        {
          "Node Type": "Gather",
          "Parent Relationship": "Outer",
          "Parallel Aware": false,
          "Startup Cost": 64446.52,
          "Total Cost": 64446.93,
          "Plan Rows": 4,
          "Plan Width": 8,
          "Actual Startup Time": 111.292,
          "Actual Total Time": 125.152,
          "Actual Rows": 5,
          "Actual Loops": 1,
          "Workers Planned": 4,
          "Workers Launched": 4,
          "Single Copy": false,
          "Plans": [
            {
              "Node Type": "Aggregate",
              "Strategy": "Plain",
              "Partial Mode": "Partial",
              "Parent Relationship": "Outer",
              "Parallel Aware": false,
              "Startup Cost": 63446.52,
              "Total Cost": 63446.53,
              "Plan Rows": 1,
              "Plan Width": 8,
              "Actual Startup Time": 101.357,
              "Actual Total Time": 101.359,
              "Actual Rows": 1,
              "Actual Loops": 5,
              "Plans": [
                {
                  "Node Type": "Nested Loop",
                  "Parent Relationship": "Outer",
                  "Parallel Aware": false,
                  "Join Type": "Inner",
                  "Startup Cost": 0.43,
                  "Total Cost": 63445.79,
                  "Plan Rows": 292,
                  "Plan Width": 0,
                  "Actual Startup Time": 0.79,
                  "Actual Total Time": 101.221,
                  "Actual Rows": 821,
                  "Actual Loops": 5,
                  "Inner Unique": false,
                  "Plans": [
                    {
                      "Node Type": "Seq Scan",
                      "Parent Relationship": "Outer",
                      "Parallel Aware": true,
                      "Relation Name": "title",
                      "Alias": "t",
                      "Startup Cost": 0.0,
                      "Total Cost": 45479.1,
                      "Plan Rows": 1319,
                      "Plan Width": 4,
                      "Actual Startup Time": 0.349,
                      "Actual Total Time": 92.411,
                      "Actual Rows": 1040,
                      "Actual Loops": 5,
                      "Filter": "((kind_id = 7) AND (production_year = 1956))",
                      "Rows Removed by Filter": 504622
                    },
                    {
                      "Node Type": "Index Scan",
                      "Parent Relationship": "Inner",
                      "Parallel Aware": false,
                      "Scan Direction": "Forward",
                      "Index Name": "movie_id_movie_companies",
                      "Relation Name": "movie_companies",
                      "Alias": "mc",
                      "Startup Cost": 0.43,
                      "Total Cost": 13.61,
                      "Plan Rows": 1,
                      "Plan Width": 4,
                      "Actual Startup Time": 0.006,
                      "Actual Total Time": 0.008,
                      "Actual Rows": 1,
                      "Actual Loops": 5201,
                      "Index Cond": "(movie_id = t.id)",
                      "Rows Removed by Index Recheck": 0,
                      "Filter": "(company_id < 575)",
                      "Rows Removed by Filter": 1
                    }
                  ]
                }
              ]
            }
          ]
        }
      ]
    },
    "Planning Time": 0.625,
    "Triggers": [],
    "Execution Time": 125.232
  }
]