{
  "Plan": {
    "Node Type": "Aggregate",
    "Strategy": "Plain",
    "Partial Mode": "Finalize",
    "Parallel Aware": false,
    "Startup Cost": 46356.45,
    "Total Cost": 46356.46,
    "Plan Rows": 1,
    "Plan Width": 8,
    "Actual Startup Time": 266.79,
    "Actual Total Time": 282.407,
    "Actual Rows": 1,
    "Actual Loops": 1,
    "Plans": [
      {
        "Node Type": "Gather",
        "Parent Relationship": "Outer",
        "Parallel Aware": false,
        "Startup Cost": 46356.34,
        "Total Cost": 46356.45,
        "Plan Rows": 1,
        "Plan Width": 8,
        "Actual Startup Time": 266.545,
        "Actual Total Time": 282.397,
        "Actual Rows": 2,
        "Actual Loops": 1,
        "Workers Planned": 1,
        "Workers Launched": 1,
        "Single Copy": false,
        "Plans": [
          {
            "Node Type": "Aggregate",
            "Strategy": "Plain",
            "Partial Mode": "Partial",
            "Parent Relationship": "Outer",
            "Parallel Aware": false,
            "Startup Cost": 45356.34,
            "Total Cost": 45356.35,
            "Plan Rows": 1,
            "Plan Width": 8,
            "Actual Startup Time": 260.197,
            "Actual Total Time": 260.201,
            "Actual Rows": 1,
            "Actual Loops": 2,
            "Plans": [
              {
                "Node Type": "Hash Join",
                "Parent Relationship": "Outer",
                "Parallel Aware": false,
                "Join Type": "Inner",
                "Startup Cost": 3008.39,
                "Total Cost": 45356.23,
                "Plan Rows": 44,
                "Plan Width": 0,
                "Actual Startup Time": 47.648,
                "Actual Total Time": 259.654,
                "Actual Rows": 8668,
                "Actual Loops": 2,
                "Inner Unique": false,
                "Hash Cond": "(mc.movie_id = t.id)",
                "Plans": [
                  {
                    "Node Type": "Seq Scan",
                    "Parent Relationship": "Outer",
                    "Parallel Aware": true,
                    "Relation Name": "movie_companies",
                    "Alias": "mc",
                    "Startup Cost": 0.0,
                    "Total Cost": 37974.77,
                    "Plan Rows": 1166034,
                    "Plan Width": 4,
                    "Actual Startup Time": 0.035,
                    "Actual Total Time": 142.659,
                    "Actual Rows": 985109,
                    "Actual Loops": 2,
                    "Filter": "(company_id < 57394)",
                    "Rows Removed by Filter": 319456
                  },
                  {
                    "Node Type": "Hash",
                    "Parent Relationship": "Inner",
                    "Parallel Aware": false,
                    "Startup Cost": 3007.2,
                    "Total Cost": 3007.2,
                    "Plan Rows": 95,
                    "Plan Width": 8,
                    "Actual Startup Time": 45.995,
                    "Actual Total Time": 45.998,
                    "Actual Rows": 2712,
                    "Actual Loops": 2,
                    "Hash Buckets": 4096,
                    "Original Hash Buckets": 1024,
                    "Hash Batches": 1,
                    "Original Hash Batches": 1,
                    "Peak Memory Usage": 138,
                    "Plans": [
                      {
                        "Node Type": "Nested Loop",
                        "Parent Relationship": "Outer",
                        "Parallel Aware": false,
                        "Join Type": "Inner",
                        "Startup Cost": 6.78,
                        "Total Cost": 3007.2,
                        "Plan Rows": 95,
                        "Plan Width": 8,
                        "Actual Startup Time": 2.765,
                        "Actual Total Time": 44.826,
                        "Actual Rows": 2712,
                        "Actual Loops": 2,
                        "Inner Unique": true,
                        "Plans": [
                          {
                            "Node Type": "Bitmap Heap Scan",
                            "Parent Relationship": "Outer",
                            "Parallel Aware": false,
                            "Relation Name": "movie_keyword",
                            "Alias": "mk",
                            "Startup Cost": 6.35,
                            "Total Cost": 922.98,
                            "Plan Rows": 248,
                            "Plan Width": 4,
                            "Actual Startup Time": 2.675,
                            "Actual Total Time": 14.129,
                            "Actual Rows": 2789,
                            "Actual Loops": 2,
                            "Recheck Cond": "(keyword_id = 52)",
                            "Rows Removed by Index Recheck": 0,
                            "Exact Heap Blocks": 2491,
                            "Lossy Heap Blocks": 0,
                            "Plans": [
                              {
                                "Node Type": "Bitmap Index Scan",
                                "Parent Relationship": "Outer",
                                "Parallel Aware": false,
                                "Index Name": "keyword_id_movie_keyword",
                                "Startup Cost": 0.0,
                                "Total Cost": 6.29,
                                "Plan Rows": 248,
                                "Plan Width": 0,
                                "Actual Startup Time": 1.626,
                                "Actual Total Time": 1.626,
                                "Actual Rows": 2789,
                                "Actual Loops": 2,
                                "Index Cond": "(keyword_id = 52)"
                              }
                            ]
                          },
                          {
                            "Node Type": "Index Scan",
                            "Parent Relationship": "Inner",
                            "Parallel Aware": false,
                            "Scan Direction": "Forward",
                            "Index Name": "title_pkey",
                            "Relation Name": "title",
                            "Alias": "t",
                            "Startup Cost": 0.43,
                            "Total Cost": 8.4,
                            "Plan Rows": 1,
                            "Plan Width": 4,
                            "Actual Startup Time": 0.01,
                            "Actual Total Time": 0.01,
                            "Actual Rows": 1,
                            "Actual Loops": 5578,
                            "Index Cond": "(id = mk.movie_id)",
                            "Rows Removed by Index Recheck": 0,
                            "Filter": "((kind_id < 7) AND (production_year > 0))",
                            "Rows Removed by Filter": 0
                          }
                        ]
                      }
                    ]
                  }
                ]
              }
            ]
          }
        ]
      }
    ]
  },
  "Planning Time": 1.132,
  "Triggers": [],
  "Execution Time": 282.524
}