{
    "Plan": {
        "Node Type": "Aggregate",
        "Strategy": "Plain",
        "Partial Mode": "Finalize",
        "Parallel Aware": false,
        "Startup Cost": 435940.44,
        "Total Cost": 435940.45,
        "Plan Rows": 1,
        "Plan Width": 8,
        "Actual Startup Time": 1361.496,
        "Actual Total Time": 1406.056,
        "Actual Rows": 1,
        "Actual Loops": 1,
        "Output": [
            "count(*)"
        ],
        "Plans": [
            {
                "Node Type": "Gather",
                "Parent Relationship": "Outer",
                "Parallel Aware": false,
                "Startup Cost": 435939.82,
                "Total Cost": 435940.43,
                "Plan Rows": 6,
                "Plan Width": 8,
                "Actual Startup Time": 1357.012,
                "Actual Total Time": 1406.044,
                "Actual Rows": 7,
                "Actual Loops": 1,
                "Output": [
                    "(PARTIAL count(*))"
                ],
                "Workers Planned": 6,
                "Workers Launched": 6,
                "Single Copy": false,
                "Plans": [
                    {
                        "Node Type": "Aggregate",
                        "Strategy": "Plain",
                        "Partial Mode": "Partial",
                        "Parent Relationship": "Outer",
                        "Parallel Aware": false,
                        "Startup Cost": 434939.82,
                        "Total Cost": 434939.83,
                        "Plan Rows": 1,
                        "Plan Width": 8,
                        "Actual Startup Time": 1345.209,
                        "Actual Total Time": 1345.3,
                        "Actual Rows": 1,
                        "Actual Loops": 7,
                        "Output": [
                            "PARTIAL count(*)"
                        ],
                        "Workers": [
                            {
                                "Worker Number": 0,
                                "Actual Startup Time": 1342.917,
                                "Actual Total Time": 1342.924,
                                "Actual Rows": 1,
                                "Actual Loops": 1
                            },
                            {
                                "Worker Number": 1,
                                "Actual Startup Time": 1343.113,
                                "Actual Total Time": 1343.119,
                                "Actual Rows": 1,
                                "Actual Loops": 1
                            },
                            {
                                "Worker Number": 2,
                                "Actual Startup Time": 1343.399,
                                "Actual Total Time": 1343.406,
                                "Actual Rows": 1,
                                "Actual Loops": 1
                            },
                            {
                                "Worker Number": 3,
                                "Actual Startup Time": 1343.409,
                                "Actual Total Time": 1343.414,
                                "Actual Rows": 1,
                                "Actual Loops": 1
                            },
                            {
                                "Worker Number": 4,
                                "Actual Startup Time": 1343.536,
                                "Actual Total Time": 1343.541,
                                "Actual Rows": 1,
                                "Actual Loops": 1
                            },
                            {
                                "Worker Number": 5,
                                "Actual Startup Time": 1344.136,
                                "Actual Total Time": 1344.141,
                                "Actual Rows": 1,
                                "Actual Loops": 1
                            }
                        ],
                        "Plans": [
                            {
                                "Node Type": "Hash Join",
                                "Parent Relationship": "Outer",
                                "Parallel Aware": true,
                                "Join Type": "Inner",
                                "Startup Cost": 82933.49,
                                "Total Cost": 433626.85,
                                "Plan Rows": 525188,
                                "Plan Width": 0,
                                "Actual Startup Time": 318.829,
                                "Actual Total Time": 1311.088,
                                "Actual Rows": 542498,
                                "Actual Loops": 7,
                                "Inner Unique": false,
                                "Hash Cond": "(ci.movie_id = t.id)",
                                "Workers": [
                                    {
                                        "Worker Number": 0,
                                        "Actual Startup Time": 316.768,
                                        "Actual Total Time": 1309.018,
                                        "Actual Rows": 458730,
                                        "Actual Loops": 1
                                    },
                                    {
                                        "Worker Number": 1,
                                        "Actual Startup Time": 316.749,
                                        "Actual Total Time": 1309.122,
                                        "Actual Rows": 460283,
                                        "Actual Loops": 1
                                    },
                                    {
                                        "Worker Number": 2,
                                        "Actual Startup Time": 317.107,
                                        "Actual Total Time": 1309.47,
                                        "Actual Rows": 459161,
                                        "Actual Loops": 1
                                    },
                                    {
                                        "Worker Number": 3,
                                        "Actual Startup Time": 317.282,
                                        "Actual Total Time": 1311.421,
                                        "Actual Rows": 690795,
                                        "Actual Loops": 1
                                    },
                                    {
                                        "Worker Number": 4,
                                        "Actual Startup Time": 317.043,
                                        "Actual Total Time": 1311.218,
                                        "Actual Rows": 697761,
                                        "Actual Loops": 1
                                    },
                                    {
                                        "Worker Number": 5,
                                        "Actual Startup Time": 317.307,
                                        "Actual Total Time": 1308.082,
                                        "Actual Rows": 480155,
                                        "Actual Loops": 1
                                    }
                                ],
                                "Plans": [
                                    {
                                        "Node Type": "Index Scan",
                                        "Parent Relationship": "Outer",
                                        "Parallel Aware": true,
                                        "Scan Direction": "Forward",
                                        "Index Name": "role_id_cast_info",
                                        "Relation Name": "cast_info",
                                        "Schema": "public",
                                        "Alias": "ci",
                                        "Startup Cost": 0.56,
                                        "Total Cost": 342814.42,
                                        "Plan Rows": 1751074,
                                        "Plan Width": 4,
                                        "Actual Startup Time": 0.271,
                                        "Actual Total Time": 506.267,
                                        "Actual Rows": 1810098,
                                        "Actual Loops": 7,
                                        "Output": [
                                            "ci.id",
                                            "ci.person_id",
                                            "ci.movie_id",
                                            "ci.person_role_id",
                                            "ci.note",
                                            "ci.nr_order",
                                            "ci.role_id"
                                        ],
                                        "Index Cond": "(ci.role_id < 2)",
                                        "Rows Removed by Index Recheck": 0,
                                        "Filter": "(ci.person_id < 3016788)",
                                        "Rows Removed by Filter": 0,
                                        "Workers": [
                                            {
                                                "Worker Number": 0,
                                                "Actual Startup Time": 0.4,
                                                "Actual Total Time": 510.552,
                                                "Actual Rows": 1519440,
                                                "Actual Loops": 1
                                            },
                                            {
                                                "Worker Number": 1,
                                                "Actual Startup Time": 0.097,
                                                "Actual Total Time": 509.623,
                                                "Actual Rows": 1524900,
                                                "Actual Loops": 1
                                            },
                                            {
                                                "Worker Number": 2,
                                                "Actual Startup Time": 0.281,
                                                "Actual Total Time": 512.219,
                                                "Actual Rows": 1527241,
                                                "Actual Loops": 1
                                            },
                                            {
                                                "Worker Number": 3,
                                                "Actual Startup Time": 0.461,
                                                "Actual Total Time": 502.722,
                                                "Actual Rows": 2307242,
                                                "Actual Loops": 1
                                            },
                                            {
                                                "Worker Number": 4,
                                                "Actual Startup Time": 0.126,
                                                "Actual Total Time": 503.8,
                                                "Actual Rows": 2324374,
                                                "Actual Loops": 1
                                            },
                                            {
                                                "Worker Number": 5,
                                                "Actual Startup Time": 0.339,
                                                "Actual Total Time": 524.534,
                                                "Actual Rows": 1613040,
                                                "Actual Loops": 1
                                            }
                                        ]
                                    },
                                    {
                                        "Node Type": "Hash",
                                        "Parent Relationship": "Inner",
                                        "Parallel Aware": true,
                                        "Startup Cost": 80563.23,
                                        "Total Cost": 80563.23,
                                        "Plan Rows": 189576,
                                        "Plan Width": 8,
                                        "Actual Startup Time": 315.414,
                                        "Actual Total Time": 315.503,
                                        "Actual Rows": 67731,
                                        "Actual Loops": 7,
                                        "Output": [
                                            "t.id",
                                            "mc.movie_id"
                                        ],
                                        "Hash Buckets": 1048576,
                                        "Original Hash Buckets": 1048576,
                                        "Hash Batches": 1,
                                        "Original Hash Batches": 1,
                                        "Peak Memory Usage": 26880,
                                        "Workers": [
                                            {
                                                "Worker Number": 0,
                                                "Actual Startup Time": 315.938,
                                                "Actual Total Time": 315.942,
                                                "Actual Rows": 56673,
                                                "Actual Loops": 1
                                            },
                                            {
                                                "Worker Number": 1,
                                                "Actual Startup Time": 315.996,
                                                "Actual Total Time": 316.0,
                                                "Actual Rows": 56817,
                                                "Actual Loops": 1
                                            },
                                            {
                                                "Worker Number": 2,
                                                "Actual Startup Time": 316.38,
                                                "Actual Total Time": 316.384,
                                                "Actual Rows": 56944,
                                                "Actual Loops": 1
                                            },
                                            {
                                                "Worker Number": 3,
                                                "Actual Startup Time": 316.47,
                                                "Actual Total Time": 316.473,
                                                "Actual Rows": 82737,
                                                "Actual Loops": 1
                                            },
                                            {
                                                "Worker Number": 4,
                                                "Actual Startup Time": 316.483,
                                                "Actual Total Time": 316.486,
                                                "Actual Rows": 83871,
                                                "Actual Loops": 1
                                            },
                                            {
                                                "Worker Number": 5,
                                                "Actual Startup Time": 316.522,
                                                "Actual Total Time": 316.525,
                                                "Actual Rows": 62466,
                                                "Actual Loops": 1
                                            }
                                        ],
                                        "Plans": [
                                            {
                                                "Node Type": "Hash Join",
                                                "Parent Relationship": "Outer",
                                                "Parallel Aware": true,
                                                "Join Type": "Inner",
                                                "Startup Cost": 34472.49,
                                                "Total Cost": 80563.23,
                                                "Plan Rows": 189576,
                                                "Plan Width": 8,
                                                "Actual Startup Time": 108.764,
                                                "Actual Total Time": 278.774,
                                                "Actual Rows": 67731,
                                                "Actual Loops": 7,
                                                "Output": [
                                                    "t.id",
                                                    "mc.movie_id"
                                                ],
                                                "Inner Unique": false,
                                                "Hash Cond": "(t.id = mc.movie_id)",
                                                "Workers": [
                                                    {
                                                        "Worker Number": 0,
                                                        "Actual Startup Time": 108.741,
                                                        "Actual Total Time": 278.422,
                                                        "Actual Rows": 56673,
                                                        "Actual Loops": 1
                                                    },
                                                    {
                                                        "Worker Number": 1,
                                                        "Actual Startup Time": 108.718,
                                                        "Actual Total Time": 279.165,
                                                        "Actual Rows": 56817,
                                                        "Actual Loops": 1
                                                    },
                                                    {
                                                        "Worker Number": 2,
                                                        "Actual Startup Time": 108.754,
                                                        "Actual Total Time": 278.668,
                                                        "Actual Rows": 56944,
                                                        "Actual Loops": 1
                                                    },
                                                    {
                                                        "Worker Number": 3,
                                                        "Actual Startup Time": 108.766,
                                                        "Actual Total Time": 278.692,
                                                        "Actual Rows": 82737,
                                                        "Actual Loops": 1
                                                    },
                                                    {
                                                        "Worker Number": 4,
                                                        "Actual Startup Time": 108.744,
                                                        "Actual Total Time": 278.2,
                                                        "Actual Rows": 83871,
                                                        "Actual Loops": 1
                                                    },
                                                    {
                                                        "Worker Number": 5,
                                                        "Actual Startup Time": 108.777,
                                                        "Actual Total Time": 280.379,
                                                        "Actual Rows": 62466,
                                                        "Actual Loops": 1
                                                    }
                                                ],
                                                "Plans": [
                                                    {
                                                        "Node Type": "Seq Scan",
                                                        "Parent Relationship": "Outer",
                                                        "Parallel Aware": true,
                                                        "Relation Name": "title",
                                                        "Schema": "public",
                                                        "Alias": "t",
                                                        "Startup Cost": 0.0,
                                                        "Total Cost": 42318.81,
                                                        "Plan Rows": 632080,
                                                        "Plan Width": 4,
                                                        "Actual Startup Time": 0.027,
                                                        "Actual Total Time": 64.752,
                                                        "Actual Rows": 361187,
                                                        "Actual Loops": 7,
                                                        "Output": [
                                                            "t.id",
                                                            "t.title",
                                                            "t.imdb_index",
                                                            "t.kind_id",
                                                            "t.production_year",
                                                            "t.imdb_id",
                                                            "t.phonetic_code",
                                                            "t.episode_of_id",
                                                            "t.season_nr",
                                                            "t.episode_nr",
                                                            "t.series_years",
                                                            "t.md5sum"
                                                        ],
                                                        "Workers": [
                                                            {
                                                                "Worker Number": 0,
                                                                "Actual Startup Time": 0.031,
                                                                "Actual Total Time": 67.512,
                                                                "Actual Rows": 301134,
                                                                "Actual Loops": 1
                                                            },
                                                            {
                                                                "Worker Number": 1,
                                                                "Actual Startup Time": 0.029,
                                                                "Actual Total Time": 67.602,
                                                                "Actual Rows": 302804,
                                                                "Actual Loops": 1
                                                            },
                                                            {
                                                                "Worker Number": 2,
                                                                "Actual Startup Time": 0.032,
                                                                "Actual Total Time": 68.309,
                                                                "Actual Rows": 301725,
                                                                "Actual Loops": 1
                                                            },
                                                            {
                                                                "Worker Number": 3,
                                                                "Actual Startup Time": 0.028,
                                                                "Actual Total Time": 65.373,
                                                                "Actual Rows": 443344,
                                                                "Actual Loops": 1
                                                            },
                                                            {
                                                                "Worker Number": 4,
                                                                "Actual Startup Time": 0.028,
                                                                "Actual Total Time": 65.389,
                                                                "Actual Rows": 446093,
                                                                "Actual Loops": 1
                                                            },
                                                            {
                                                                "Worker Number": 5,
                                                                "Actual Startup Time": 0.032,
                                                                "Actual Total Time": 69.209,
                                                                "Actual Rows": 332196,
                                                                "Actual Loops": 1
                                                            }
                                                        ]
                                                    },
                                                    {
                                                        "Node Type": "Hash",
                                                        "Parent Relationship": "Inner",
                                                        "Parallel Aware": true,
                                                        "Startup Cost": 31414.82,
                                                        "Total Cost": 31414.82,
                                                        "Plan Rows": 244614,
                                                        "Plan Width": 4,
                                                        "Actual Startup Time": 107.242,
                                                        "Actual Total Time": 107.243,
                                                        "Actual Rows": 67731,
                                                        "Actual Loops": 7,
                                                        "Output": [
                                                            "mc.movie_id"
                                                        ],
                                                        "Hash Buckets": 1048576,
                                                        "Original Hash Buckets": 1048576,
                                                        "Hash Batches": 1,
                                                        "Original Hash Batches": 1,
                                                        "Peak Memory Usage": 26880,
                                                        "Workers": [
                                                            {
                                                                "Worker Number": 0,
                                                                "Actual Startup Time": 108.59,
                                                                "Actual Total Time": 108.591,
                                                                "Actual Rows": 56514,
                                                                "Actual Loops": 1
                                                            },
                                                            {
                                                                "Worker Number": 1,
                                                                "Actual Startup Time": 108.605,
                                                                "Actual Total Time": 108.607,
                                                                "Actual Rows": 56178,
                                                                "Actual Loops": 1
                                                            },
                                                            {
                                                                "Worker Number": 2,
                                                                "Actual Startup Time": 108.596,
                                                                "Actual Total Time": 108.598,
                                                                "Actual Rows": 56587,
                                                                "Actual Loops": 1
                                                            },
                                                            {
                                                                "Worker Number": 3,
                                                                "Actual Startup Time": 108.64,
                                                                "Actual Total Time": 108.641,
                                                                "Actual Rows": 86098,
                                                                "Actual Loops": 1
                                                            },
                                                            {
                                                                "Worker Number": 4,
                                                                "Actual Startup Time": 108.626,
                                                                "Actual Total Time": 108.627,
                                                                "Actual Rows": 85493,
                                                                "Actual Loops": 1
                                                            },
                                                            {
                                                                "Worker Number": 5,
                                                                "Actual Startup Time": 108.627,
                                                                "Actual Total Time": 108.628,
                                                                "Actual Rows": 59556,
                                                                "Actual Loops": 1
                                                            }
                                                        ],
                                                        "Plans": [
                                                            {
                                                                "Node Type": "Seq Scan",
                                                                "Parent Relationship": "Outer",
                                                                "Parallel Aware": true,
                                                                "Relation Name": "movie_companies",
                                                                "Schema": "public",
                                                                "Alias": "mc",
                                                                "Startup Cost": 0.0,
                                                                "Total Cost": 31414.82,
                                                                "Plan Rows": 244614,
                                                                "Plan Width": 4,
                                                                "Actual Startup Time": 43.62,
                                                                "Actual Total Time": 71.334,
                                                                "Actual Rows": 67731,
                                                                "Actual Loops": 7,
                                                                "Output": [
                                                                    "mc.movie_id"
                                                                ],
                                                                "Filter": "((mc.company_id < 13608) AND (mc.company_type_id = 2))",
                                                                "Rows Removed by Filter": 305002,
                                                                "Workers": [
                                                                    {
                                                                        "Worker Number": 0,
                                                                        "Actual Startup Time": 43.607,
                                                                        "Actual Total Time": 71.672,
                                                                        "Actual Rows": 56514,
                                                                        "Actual Loops": 1
                                                                    },
                                                                    {
                                                                        "Worker Number": 1,
                                                                        "Actual Startup Time": 43.601,
                                                                        "Actual Total Time": 72.194,
                                                                        "Actual Rows": 56178,
                                                                        "Actual Loops": 1
                                                                    },
                                                                    {
                                                                        "Worker Number": 2,
                                                                        "Actual Startup Time": 43.586,
                                                                        "Actual Total Time": 71.82,
                                                                        "Actual Rows": 56587,
                                                                        "Actual Loops": 1
                                                                    },
                                                                    {
                                                                        "Worker Number": 3,
                                                                        "Actual Startup Time": 43.635,
                                                                        "Actual Total Time": 70.75,
                                                                        "Actual Rows": 86098,
                                                                        "Actual Loops": 1
                                                                    },
                                                                    {
                                                                        "Worker Number": 4,
                                                                        "Actual Startup Time": 43.627,
                                                                        "Actual Total Time": 70.704,
                                                                        "Actual Rows": 85493,
                                                                        "Actual Loops": 1
                                                                    },
                                                                    {
                                                                        "Worker Number": 5,
                                                                        "Actual Startup Time": 43.626,
                                                                        "Actual Total Time": 71.875,
                                                                        "Actual Rows": 59556,
                                                                        "Actual Loops": 1
                                                                    }
                                                                ]
                                                            }
                                                        ]
                                                    }
                                                ]
                                            }
                                        ]
                                    }
                                ]
                            }
                        ]
                    }
                ]
            }
        ]
    },
    "Planning Time": 1.571,
    "Triggers": [],
    "Execution Time": 1406.215
}