[
  {
    "Plan": {
      "Node Type": "Aggregate",
      "Strategy": "Plain",
      "Partial Mode": "Finalize",
      "Parallel Aware": false,
      "Startup Cost": 31133.46,
      "Total Cost": 31133.47,
      "Plan Rows": 1,
      "Plan Width": 8,
      "Actual Startup Time": 95.316,
      "Actual Total Time": 105.118,
      "Actual Rows": 1,
      "Actual Loops": 1,
      "Plans": [
        {
          "Node Type": "Gather",
          "Parent Relationship": "Outer",
          "Parallel Aware": false,
          "Startup Cost": 31133.15,
          "Total Cost": 31133.46,
          "Plan Rows": 3,
          "Plan Width": 8,
          "Actual Startup Time": 95.156,
          "Actual Total Time": 105.108,
          "Actual Rows": 4,
          "Actual Loops": 1,
          "Workers Planned": 3,
          "Workers Launched": 3,
          "Single Copy": false,
          "Plans": [
            {
              "Node Type": "Aggregate",
              "Strategy": "Plain",
              "Partial Mode": "Partial",
              "Parent Relationship": "Outer",
              "Parallel Aware": false,
              "Startup Cost": 30133.15,
              "Total Cost": 30133.16,
              "Plan Rows": 1,
              "Plan Width": 8,
              "Actual Startup Time": 91.253,
              "Actual Total Time": 91.255,
              "Actual Rows": 1,
              "Actual Loops": 4,
              "Plans": [
                {
                  "Node Type": "Seq Scan",
                  "Parent Relationship": "Outer",
                  "Parallel Aware": true,
                  "Relation Name": "movie_companies",
                  "Alias": "mc",
                  "Startup Cost": 0.0,
                  "Total Cost": 29310.68,
                  "Plan Rows": 328986,
                  "Plan Width": 0,
                  "Actual Startup Time": 0.029,
                  "Actual Total Time": 77.565,
                  "Actual Rows": 255778,
                  "Actual Loops": 4,
                  "Filter": "(company_id < 5456)",
                  "Rows Removed by Filter": 396505
                }
              ]
            }
          ]
        }
      ]
    },
    "Planning Time": 0.097,
    "Triggers": [],
    "Execution Time": 105.15
  }
]