[
  {
    "Plan": {
      "Node Type": "Aggregate",
      "Strategy": "Plain",
      "Partial Mode": "Finalize",
      "Parallel Aware": false,
      "Startup Cost": 107914.07,
      "Total Cost": 107914.08,
      "Plan Rows": 1,
      "Plan Width": 8,
      "Actual Startup Time": 393.772,
      "Actual Total Time": 410.292,
      "Actual Rows": 1,
      "Actual Loops": 1,
      "Plans": [
        {
          "Node Type": "Gather",
          "Parent Relationship": "Outer",
          "Parallel Aware": false,
          "Startup Cost": 107913.75,
          "Total Cost": 107914.06,
          "Plan Rows": 3,
          "Plan Width": 8,
          "Actual Startup Time": 391.798,
          "Actual Total Time": 410.283,
          "Actual Rows": 4,
          "Actual Loops": 1,
          "Workers Planned": 3,
          "Workers Launched": 3,
          "Single Copy": false,
          "Plans": [
            {
              "Node Type": "Aggregate",
              "Strategy": "Plain",
              "Partial Mode": "Partial",
              "Parent Relationship": "Outer",
              "Parallel Aware": false,
              "Startup Cost": 106913.75,
              "Total Cost": 106913.76,
              "Plan Rows": 1,
              "Plan Width": 8,
              "Actual Startup Time": 386.499,
              "Actual Total Time": 386.505,
              "Actual Rows": 1,
              "Actual Loops": 4,
              "Plans": [
                {
                  "Node Type": "Hash Join",
                  "Parent Relationship": "Outer",
                  "Parallel Aware": true,
                  "Join Type": "Inner",
                  "Startup Cost": 60887.64,
                  "Total Cost": 106862.69,
                  "Plan Rows": 20423,
                  "Plan Width": 0,
                  "Actual Startup Time": 202.813,
                  "Actual Total Time": 380.782,
                  "Actual Rows": 110850,
                  "Actual Loops": 4,
                  "Inner Unique": false,
                  "Hash Cond": "(mk.movie_id = t.id)",
                  "Plans": [
                    {
                      "Node Type": "Seq Scan",
                      "Parent Relationship": "Outer",
                      "Parallel Aware": true,
                      "Relation Name": "movie_keyword",
                      "Alias": "mk",
                      "Startup Cost": 0.0,
                      "Total Cost": 42695.65,
                      "Plan Rows": 851814,
                      "Plan Width": 4,
                      "Actual Startup Time": 0.224,
                      "Actual Total Time": 116.346,
                      "Actual Rows": 659410,
                      "Actual Loops": 4,
                      "Filter": "(keyword_id > 3221)",
                      "Rows Removed by Filter": 471573
                    },
                    {
                      "Node Type": "Hash",
                      "Parent Relationship": "Inner",
                      "Parallel Aware": true,
                      "Startup Cost": 60571.9,
                      "Total Cost": 60571.9,
                      "Plan Rows": 25259,
                      "Plan Width": 8,
                      "Actual Startup Time": 201.955,
                      "Actual Total Time": 201.959,
                      "Actual Rows": 17444,
                      "Actual Loops": 4,
                      "Hash Buckets": 131072,
                      "Original Hash Buckets": 65536,
                      "Hash Batches": 1,
                      "Original Hash Batches": 1,
                      "Peak Memory Usage": 4352,
                      "Plans": [
                        {
                          "Node Type": "Hash Join",
                          "Parent Relationship": "Outer",
                          "Parallel Aware": true,
                          "Join Type": "Inner",
                          "Startup Cost": 44951.11,
                          "Total Cost": 60571.9,
                          "Plan Rows": 25259,
                          "Plan Width": 8,
                          "Actual Startup Time": 127.235,
                          "Actual Total Time": 192.869,
                          "Actual Rows": 17444,
                          "Actual Loops": 4,
                          "Inner Unique": true,
                          "Hash Cond": "(mi_idx.movie_id = t.id)",
                          "Plans": [
                            {
                              "Node Type": "Seq Scan",
                              "Parent Relationship": "Outer",
                              "Parallel Aware": true,
                              "Relation Name": "movie_info_idx",
                              "Alias": "mi_idx",
                              "Startup Cost": 0.0,
                              "Total Cost": 15122.68,
                              "Plan Rows": 189755,
                              "Plan Width": 4,
                              "Actual Startup Time": 0.015,
                              "Actual Total Time": 37.373,
                              "Actual Rows": 114981,
                              "Actual Loops": 4,
                              "Filter": "(info_type_id < 100)",
                              "Rows Removed by Filter": 230028
                            },
                            {
                              "Node Type": "Hash",
                              "Parent Relationship": "Inner",
                              "Parallel Aware": true,
                              "Startup Cost": 43899.32,
                              "Total Cost": 43899.32,
                              "Plan Rows": 84143,
                              "Plan Width": 4,
                              "Actual Startup Time": 125.468,
                              "Actual Total Time": 125.47,
                              "Actual Rows": 88020,
                              "Actual Loops": 4,
                              "Hash Buckets": 524288,
                              "Original Hash Buckets": 524288,
                              "Hash Batches": 1,
                              "Original Hash Batches": 1,
                              "Peak Memory Usage": 17952,
                              "Plans": [
                                {
                                  "Node Type": "Seq Scan",
                                  "Parent Relationship": "Outer",
                                  "Parallel Aware": true,
                                  "Relation Name": "title",
                                  "Alias": "t",
                                  "Startup Cost": 0.0,
                                  "Total Cost": 43899.32,
                                  "Plan Rows": 84143,
                                  "Plan Width": 4,
                                  "Actual Startup Time": 0.029,
                                  "Actual Total Time": 94.956,
                                  "Actual Rows": 88020,
                                  "Actual Loops": 4,
                                  "Filter": "(production_year < 1969)",
                                  "Rows Removed by Filter": 544058
                                }
                              ]
                            }
                          ]
                        }
                      ]
                    }
                  ]
                }
              ]
            }
          ]
        }
      ]
    },
    "Planning Time": 0.695,
    "Triggers": [],
    "Execution Time": 410.341
  }
]