[
  {
    "Plan": {
      "Node Type": "Aggregate",
      "Strategy": "Plain",
      "Partial Mode": "Finalize",
      "Parallel Aware": false,
      "Startup Cost": 345846.06,
      "Total Cost": 345846.07,
      "Plan Rows": 1,
      "Plan Width": 8,
      "Actual Startup Time": 734.049,
      "Actual Total Time": 795.754,
      "Actual Rows": 1,
      "Actual Loops": 1,
      "Plans": [
        {
          "Node Type": "Gather",
          "Parent Relationship": "Outer",
          "Parallel Aware": false,
          "Startup Cost": 345845.43,
          "Total Cost": 345846.04,
          "Plan Rows": 6,
          "Plan Width": 8,
          "Actual Startup Time": 733.783,
          "Actual Total Time": 795.74,
          "Actual Rows": 7,
          "Actual Loops": 1,
          "Workers Planned": 6,
          "Workers Launched": 6,
          "Single Copy": false,
          "Plans": [
            {
              "Node Type": "Aggregate",
              "Strategy": "Plain",
              "Partial Mode": "Partial",
              "Parent Relationship": "Outer",
              "Parallel Aware": false,
              "Startup Cost": 344845.43,
              "Total Cost": 344845.45,
              "Plan Rows": 1,
              "Plan Width": 8,
              "Actual Startup Time": 726.486,
              "Actual Total Time": 726.488,
              "Actual Rows": 1,
              "Actual Loops": 7,
              "Plans": [
                {
                  "Node Type": "Seq Scan",
                  "Parent Relationship": "Outer",
                  "Parallel Aware": true,
                  "Relation Name": "cast_info",
                  "Alias": "ci",
                  "Startup Cost": 0.0,
                  "Total Cost": 343316.27,
                  "Plan Rows": 611666,
                  "Plan Width": 0,
                  "Actual Startup Time": 388.801,
                  "Actual Total Time": 706.153,
                  "Actual Rows": 333301,
                  "Actual Loops": 7,
                  "Filter": "((person_id < 822527) AND (role_id > 2))",
                  "Rows Removed by Filter": 4844463
                }
              ]
            }
          ]
        }
      ]
    },
    "Planning Time": 0.119,
    "Triggers": [],
    "Execution Time": 795.803
  }
]