[
  {
    "Plan": {
      "Node Type": "Aggregate",
      "Strategy": "Plain",
      "Partial Mode": "Finalize",
      "Parallel Aware": false,
      "Startup Cost": 345811.59,
      "Total Cost": 345811.6,
      "Plan Rows": 1,
      "Plan Width": 8,
      "Actual Startup Time": 773.133,
      "Actual Total Time": 838.06,
      "Actual Rows": 1,
      "Actual Loops": 1,
      "Plans": [
        {
          "Node Type": "Gather",
          "Parent Relationship": "Outer",
          "Parallel Aware": false,
          "Startup Cost": 345810.96,
          "Total Cost": 345811.57,
          "Plan Rows": 6,
          "Plan Width": 8,
          "Actual Startup Time": 773.009,
          "Actual Total Time": 838.051,
          "Actual Rows": 7,
          "Actual Loops": 1,
          "Workers Planned": 6,
          "Workers Launched": 6,
          "Single Copy": false,
          "Plans": [
            {
              "Node Type": "Aggregate",
              "Strategy": "Plain",
              "Partial Mode": "Partial",
              "Parent Relationship": "Outer",
              "Parallel Aware": false,
              "Startup Cost": 344810.96,
              "Total Cost": 344810.97,
              "Plan Rows": 1,
              "Plan Width": 8,
              "Actual Startup Time": 762.606,
              "Actual Total Time": 762.608,
              "Actual Rows": 1,
              "Actual Loops": 7,
              "Plans": [
                {
                  "Node Type": "Seq Scan",
                  "Parent Relationship": "Outer",
                  "Parallel Aware": true,
                  "Relation Name": "cast_info",
                  "Alias": "ci",
                  "Startup Cost": 0.0,
                  "Total Cost": 343257.03,
                  "Plan Rows": 621574,
                  "Plan Width": 0,
                  "Actual Startup Time": 413.74,
                  "Actual Total Time": 743.405,
                  "Actual Rows": 333301,
                  "Actual Loops": 7,
                  "Filter": "((person_id < 822527) AND (role_id > 2))",
                  "Rows Removed by Filter": 4844463
                }
              ]
            }
          ]
        }
      ]
    },
    "Planning Time": 0.198,
    "Triggers": [],
    "Execution Time": 838.13
  }
]