[
  {
    "Plan": {
      "Node Type": "Aggregate",
      "Strategy": "Plain",
      "Partial Mode": "Finalize",
      "Parallel Aware": false,
      "Startup Cost": 127906.92,
      "Total Cost": 127906.93,
      "Plan Rows": 1,
      "Plan Width": 8,
      "Actual Startup Time": 572.076,
      "Actual Total Time": 594.798,
      "Actual Rows": 1,
      "Actual Loops": 1,
      "Plans": [
        {
          "Node Type": "Gather",
          "Parent Relationship": "Outer",
          "Parallel Aware": false,
          "Startup Cost": 127906.61,
          "Total Cost": 127906.92,
          "Plan Rows": 3,
          "Plan Width": 8,
          "Actual Startup Time": 564.752,
          "Actual Total Time": 594.789,
          "Actual Rows": 4,
          "Actual Loops": 1,
          "Workers Planned": 3,
          "Workers Launched": 3,
          "Single Copy": false,
          "Plans": [
            {
              "Node Type": "Aggregate",
              "Strategy": "Plain",
              "Partial Mode": "Partial",
              "Parent Relationship": "Outer",
              "Parallel Aware": false,
              "Startup Cost": 126906.61,
              "Total Cost": 126906.62,
              "Plan Rows": 1,
              "Plan Width": 8,
              "Actual Startup Time": 555.702,
              "Actual Total Time": 555.71,
              "Actual Rows": 1,
              "Actual Loops": 4,
              "Plans": [
                {
                  "Node Type": "Hash Join",
                  "Parent Relationship": "Outer",
                  "Parallel Aware": true,
                  "Join Type": "Inner",
                  "Startup Cost": 80726.38,
                  "Total Cost": 126181.64,
                  "Plan Rows": 289986,
                  "Plan Width": 0,
                  "Actual Startup Time": 368.121,
                  "Actual Total Time": 552.756,
                  "Actual Rows": 67890,
                  "Actual Loops": 4,
                  "Inner Unique": false,
                  "Hash Cond": "(mk.movie_id = t.id)",
                  "Plans": [
                    {
                      "Node Type": "Seq Scan",
                      "Parent Relationship": "Outer",
                      "Parallel Aware": true,
                      "Relation Name": "movie_keyword",
                      "Alias": "mk",
                      "Startup Cost": 0.0,
                      "Total Cost": 39047.32,
                      "Plan Rows": 1459332,
                      "Plan Width": 4,
                      "Actual Startup Time": 0.031,
                      "Actual Total Time": 91.186,
                      "Actual Rows": 1130982,
                      "Actual Loops": 4
                    },
                    {
                      "Node Type": "Hash",
                      "Parent Relationship": "Inner",
                      "Parallel Aware": true,
                      "Startup Cost": 78700.57,
                      "Total Cost": 78700.57,
                      "Plan Rows": 162065,
                      "Plan Width": 8,
                      "Actual Startup Time": 364.55,
                      "Actual Total Time": 364.556,
                      "Actual Rows": 27398,
                      "Actual Loops": 4,
                      "Hash Buckets": 524288,
                      "Original Hash Buckets": 524288,
                      "Hash Batches": 1,
                      "Original Hash Batches": 1,
                      "Peak Memory Usage": 8448,
                      "Plans": [
                        {
                          "Node Type": "Hash Join",
                          "Parent Relationship": "Outer",
                          "Parallel Aware": true,
                          "Join Type": "Inner",
                          "Startup Cost": 48114.47,
                          "Total Cost": 78700.57,
                          "Plan Rows": 162065,
                          "Plan Width": 8,
                          "Actual Startup Time": 199.763,
                          "Actual Total Time": 355.972,
                          "Actual Rows": 27398,
                          "Actual Loops": 4,
                          "Inner Unique": true,
                          "Hash Cond": "(mc.movie_id = t.id)",
                          "Plans": [
                            {
                              "Node Type": "Seq Scan",
                              "Parent Relationship": "Outer",
                              "Parallel Aware": true,
                              "Relation Name": "movie_companies",
                              "Alias": "mc",
                              "Startup Cost": 0.0,
                              "Total Cost": 29310.68,
                              "Plan Rows": 485873,
                              "Plan Width": 4,
                              "Actual Startup Time": 4.871,
                              "Actual Total Time": 70.373,
                              "Actual Rows": 377535,
                              "Actual Loops": 4,
                              "Filter": "(company_id > 7540)",
                              "Rows Removed by Filter": 274748
                            },
                            {
                              "Node Type": "Hash",
                              "Parent Relationship": "Inner",
                              "Parallel Aware": true,
                              "Startup Cost": 45479.1,
                              "Total Cost": 45479.1,
                              "Plan Rows": 210830,
                              "Plan Width": 4,
                              "Actual Startup Time": 191.813,
                              "Actual Total Time": 191.814,
                              "Actual Rows": 230411,
                              "Actual Loops": 4,
                              "Hash Buckets": 1048576,
                              "Original Hash Buckets": 1048576,
                              "Hash Batches": 1,
                              "Original Hash Batches": 1,
                              "Peak Memory Usage": 44320,
                              "Plans": [
                                {
                                  "Node Type": "Seq Scan",
                                  "Parent Relationship": "Outer",
                                  "Parallel Aware": true,
                                  "Relation Name": "title",
                                  "Alias": "t",
                                  "Startup Cost": 0.0,
                                  "Total Cost": 45479.1,
                                  "Plan Rows": 210830,
                                  "Plan Width": 4,
                                  "Actual Startup Time": 0.047,
                                  "Actual Total Time": 108.032,
                                  "Actual Rows": 230411,
                                  "Actual Loops": 4,
                                  "Filter": "((production_year > 2000) AND (kind_id = 7))",
                                  "Rows Removed by Filter": 401667
                                }
                              ]
                            }
                          ]
                        }
                      ]
                    }
                  ]
                }
              ]
            }
          ]
        }
      ]
    },
    "Planning Time": 1.404,
    "Triggers": [],
    "Execution Time": 594.886
  }
]