[
  {
    "Plan": {
      "Node Type": "Aggregate",
      "Strategy": "Plain",
      "Partial Mode": "Simple",
      "Parallel Aware": false,
      "Startup Cost": 1987.47,
      "Total Cost": 1987.48,
      "Plan Rows": 1,
      "Plan Width": 8,
      "Actual Startup Time": 9.268,
      "Actual Total Time": 9.271,
      "Actual Rows": 1,
      "Actual Loops": 1,
      "Plans": [
        {
          "Node Type": "Nested Loop",
          "Parent Relationship": "Outer",
          "Parallel Aware": false,
          "Join Type": "Inner",
          "Startup Cost": 1.43,
          "Total Cost": 1987.29,
          "Plan Rows": 72,
          "Plan Width": 0,
          "Actual Startup Time": 0.472,
          "Actual Total Time": 9.26,
          "Actual Rows": 11,
          "Actual Loops": 1,
          "Inner Unique": false,
          "Plans": [
            {
              "Node Type": "Nested Loop",
              "Parent Relationship": "Outer",
              "Parallel Aware": false,
              "Join Type": "Inner",
              "Startup Cost": 0.99,
              "Total Cost": 1913.12,
              "Plan Rows": 40,
              "Plan Width": 8,
              "Actual Startup Time": 0.231,
              "Actual Total Time": 9.044,
              "Actual Rows": 12,
              "Actual Loops": 1,
              "Inner Unique": true,
              "Plans": [
                {
                  "Node Type": "Index Scan",
                  "Parent Relationship": "Outer",
                  "Parallel Aware": false,
                  "Scan Direction": "Forward",
                  "Index Name": "person_id_cast_info",
                  "Relation Name": "cast_info",
                  "Alias": "ci",
                  "Startup Cost": 0.56,
                  "Total Cost": 1059.67,
                  "Plan Rows": 101,
                  "Plan Width": 4,
                  "Actual Startup Time": 0.206,
                  "Actual Total Time": 1.789,
                  "Actual Rows": 1089,
                  "Actual Loops": 1,
                  "Index Cond": "(person_id = 1749775)",
                  "Rows Removed by Index Recheck": 0,
                  "Filter": "(role_id = 2)",
                  "Rows Removed by Filter": 1159
                },
                {
                  "Node Type": "Index Scan",
                  "Parent Relationship": "Inner",
                  "Parallel Aware": false,
                  "Scan Direction": "Forward",
                  "Index Name": "title_pkey",
                  "Relation Name": "title",
                  "Alias": "t",
                  "Startup Cost": 0.43,
                  "Total Cost": 8.45,
                  "Plan Rows": 1,
                  "Plan Width": 4,
                  "Actual Startup Time": 0.006,
                  "Actual Total Time": 0.006,
                  "Actual Rows": 0,
                  "Actual Loops": 1089,
                  "Index Cond": "(id = ci.movie_id)",
                  "Rows Removed by Index Recheck": 0,
                  "Filter": "(kind_id < 7)",
                  "Rows Removed by Filter": 1
                }
              ]
            },
            {
              "Node Type": "Index Only Scan",
              "Parent Relationship": "Inner",
              "Parallel Aware": false,
              "Scan Direction": "Forward",
              "Index Name": "movie_id_movie_keyword",
              "Relation Name": "movie_keyword",
              "Alias": "mk",
              "Startup Cost": 0.43,
              "Total Cost": 1.4,
              "Plan Rows": 45,
              "Plan Width": 4,
              "Actual Startup Time": 0.016,
              "Actual Total Time": 0.017,
              "Actual Rows": 1,
              "Actual Loops": 12,
              "Index Cond": "(movie_id = t.id)",
              "Rows Removed by Index Recheck": 0,
              "Heap Fetches": 11
            }
          ]
        }
      ]
    },
    "Planning Time": 1.333,
    "Triggers": [],
    "Execution Time": 9.348
  }
]