[
  {
    "Plan": {
      "Node Type": "Aggregate",
      "Strategy": "Plain",
      "Partial Mode": "Finalize",
      "Parallel Aware": false,
      "Startup Cost": 66060.53,
      "Total Cost": 66060.54,
      "Plan Rows": 1,
      "Plan Width": 8,
      "Actual Startup Time": 138.885,
      "Actual Total Time": 161.351,
      "Actual Rows": 1,
      "Actual Loops": 1,
      "Plans": [
        {
          "Node Type": "Gather",
          "Parent Relationship": "Outer",
          "Parallel Aware": false,
          "Startup Cost": 66060.11,
          "Total Cost": 66060.52,
          "Plan Rows": 4,
          "Plan Width": 8,
          "Actual Startup Time": 138.709,
          "Actual Total Time": 161.338,
          "Actual Rows": 5,
          "Actual Loops": 1,
          "Workers Planned": 4,
          "Workers Launched": 4,
          "Single Copy": false,
          "Plans": [
            {
              "Node Type": "Aggregate",
              "Strategy": "Plain",
              "Partial Mode": "Partial",
              "Parent Relationship": "Outer",
              "Parallel Aware": false,
              "Startup Cost": 65060.11,
              "Total Cost": 65060.12,
              "Plan Rows": 1,
              "Plan Width": 8,
              "Actual Startup Time": 132.787,
              "Actual Total Time": 132.789,
              "Actual Rows": 1,
              "Actual Loops": 5,
              "Plans": [
                {
                  "Node Type": "Nested Loop",
                  "Parent Relationship": "Outer",
                  "Parallel Aware": false,
                  "Join Type": "Inner",
                  "Startup Cost": 0.99,
                  "Total Cost": 65015.07,
                  "Plan Rows": 18018,
                  "Plan Width": 0,
                  "Actual Startup Time": 1.041,
                  "Actual Total Time": 131.177,
                  "Actual Rows": 25088,
                  "Actual Loops": 5,
                  "Inner Unique": false,
                  "Join Filter": "(t.id = ci.movie_id)",
                  "Rows Removed by Join Filter": 0,
                  "Plans": [
                    {
                      "Node Type": "Nested Loop",
                      "Parent Relationship": "Outer",
                      "Parallel Aware": false,
                      "Join Type": "Inner",
                      "Startup Cost": 0.43,
                      "Total Cost": 60883.63,
                      "Plan Rows": 1257,
                      "Plan Width": 8,
                      "Actual Startup Time": 0.869,
                      "Actual Total Time": 76.211,
                      "Actual Rows": 734,
                      "Actual Loops": 5,
                      "Inner Unique": false,
                      "Plans": [
                        {
                          "Node Type": "Seq Scan",
                          "Parent Relationship": "Outer",
                          "Parallel Aware": true,
                          "Relation Name": "title",
                          "Alias": "t",
                          "Startup Cost": 0.0,
                          "Total Cost": 45479.59,
                          "Plan Rows": 3469,
                          "Plan Width": 4,
                          "Actual Startup Time": 0.063,
                          "Actual Total Time": 66.097,
                          "Actual Rows": 2726,
                          "Actual Loops": 5,
                          "Filter": "((kind_id = 7) AND (production_year = 1990))",
                          "Rows Removed by Filter": 502936
                        },
                        {
                          "Node Type": "Index Scan",
                          "Parent Relationship": "Inner",
                          "Parallel Aware": false,
                          "Scan Direction": "Forward",
                          "Index Name": "movie_id_movie_info_idx",
                          "Relation Name": "movie_info_idx",
                          "Alias": "mi_idx",
                          "Startup Cost": 0.43,
                          "Total Cost": 4.42,
                          "Plan Rows": 2,
                          "Plan Width": 4,
                          "Actual Startup Time": 0.003,
                          "Actual Total Time": 0.003,
                          "Actual Rows": 0,
                          "Actual Loops": 13632,
                          "Index Cond": "(movie_id = t.id)",
                          "Rows Removed by Index Recheck": 0,
                          "Filter": "(info_type_id < 101)",
                          "Rows Removed by Filter": 0
                        }
                      ]
                    },
                    {
                      "Node Type": "Index Only Scan",
                      "Parent Relationship": "Inner",
                      "Parallel Aware": false,
                      "Scan Direction": "Forward",
                      "Index Name": "movie_id_cast_info",
                      "Relation Name": "cast_info",
                      "Alias": "ci",
                      "Startup Cost": 0.56,
                      "Total Cost": 2.85,
                      "Plan Rows": 35,
                      "Plan Width": 4,
                      "Actual Startup Time": 0.009,
                      "Actual Total Time": 0.07,
                      "Actual Rows": 34,
                      "Actual Loops": 3670,
                      "Index Cond": "(movie_id = mi_idx.movie_id)",
                      "Rows Removed by Index Recheck": 0,
                      "Heap Fetches": 125442
                    }
                  ]
                }
              ]
            }
          ]
        }
      ]
    },
    "Planning Time": 0.362,
    "Triggers": [],
    "Execution Time": 161.4
  }
]