{
    "Plan": {
        "Node Type": "Aggregate",
        "Strategy": "Plain",
        "Partial Mode": "Finalize",
        "Parallel Aware": false,
        "Startup Cost": 33094.83,
        "Total Cost": 33094.84,
        "Plan Rows": 1,
        "Plan Width": 8,
        "Actual Startup Time": 134.669,
        "Actual Total Time": 145.017,
        "Actual Rows": 1,
        "Actual Loops": 1,
        "Output": [
            "count(*)"
        ],
        "Plans": [
            {
                "Node Type": "Gather",
                "Parent Relationship": "Outer",
                "Parallel Aware": false,
                "Startup Cost": 33094.51,
                "Total Cost": 33094.82,
                "Plan Rows": 3,
                "Plan Width": 8,
                "Actual Startup Time": 134.553,
                "Actual Total Time": 145.005,
                "Actual Rows": 4,
                "Actual Loops": 1,
                "Output": [
                    "(PARTIAL count(*))"
                ],
                "Workers Planned": 3,
                "Workers Launched": 3,
                "Single Copy": false,
                "Plans": [
                    {
                        "Node Type": "Aggregate",
                        "Strategy": "Plain",
                        "Partial Mode": "Partial",
                        "Parent Relationship": "Outer",
                        "Parallel Aware": false,
                        "Startup Cost": 32094.51,
                        "Total Cost": 32094.52,
                        "Plan Rows": 1,
                        "Plan Width": 8,
                        "Actual Startup Time": 125.715,
                        "Actual Total Time": 125.716,
                        "Actual Rows": 1,
                        "Actual Loops": 4,
                        "Output": [
                            "PARTIAL count(*)"
                        ],
                        "Workers": [
                            {
                                "Worker Number": 0,
                                "Actual Startup Time": 122.375,
                                "Actual Total Time": 122.376,
                                "Actual Rows": 1,
                                "Actual Loops": 1
                            },
                            {
                                "Worker Number": 1,
                                "Actual Startup Time": 123.339,
                                "Actual Total Time": 123.34,
                                "Actual Rows": 1,
                                "Actual Loops": 1
                            },
                            {
                                "Worker Number": 2,
                                "Actual Startup Time": 123.603,
                                "Actual Total Time": 123.604,
                                "Actual Rows": 1,
                                "Actual Loops": 1
                            }
                        ],
                        "Plans": [
                            {
                                "Node Type": "Seq Scan",
                                "Parent Relationship": "Outer",
                                "Parallel Aware": true,
                                "Relation Name": "movie_companies",
                                "Schema": "public",
                                "Alias": "mc",
                                "Startup Cost": 0.0,
                                "Total Cost": 31414.82,
                                "Plan Rows": 271876,
                                "Plan Width": 0,
                                "Actual Startup Time": 0.063,
                                "Actual Total Time": 108.636,
                                "Actual Rows": 289441,
                                "Actual Loops": 4,
                                "Output": [
                                    "id",
                                    "movie_id",
                                    "company_id",
                                    "company_type_id",
                                    "note"
                                ],
                                "Filter": "((mc.company_id < 21913) AND (mc.company_type_id = 1))",
                                "Rows Removed by Filter": 362842,
                                "Workers": [
                                    {
                                        "Worker Number": 0,
                                        "Actual Startup Time": 0.07,
                                        "Actual Total Time": 105.919,
                                        "Actual Rows": 234030,
                                        "Actual Loops": 1
                                    },
                                    {
                                        "Worker Number": 1,
                                        "Actual Startup Time": 0.069,
                                        "Actual Total Time": 106.372,
                                        "Actual Rows": 239614,
                                        "Actual Loops": 1
                                    },
                                    {
                                        "Worker Number": 2,
                                        "Actual Startup Time": 0.066,
                                        "Actual Total Time": 107.344,
                                        "Actual Rows": 314295,
                                        "Actual Loops": 1
                                    }
                                ]
                            }
                        ]
                    }
                ]
            }
        ]
    },
    "Planning Time": 2.078,
    "Triggers": [],
    "Execution Time": 145.319
}