[
  {
    "Plan": {
      "Node Type": "Aggregate",
      "Strategy": "Plain",
      "Partial Mode": "Finalize",
      "Parallel Aware": false,
      "Startup Cost": 91826.46,
      "Total Cost": 91826.47,
      "Plan Rows": 1,
      "Plan Width": 8,
      "Actual Startup Time": 509.246,
      "Actual Total Time": 525.842,
      "Actual Rows": 1,
      "Actual Loops": 1,
      "Plans": [
        {
          "Node Type": "Gather",
          "Parent Relationship": "Outer",
          "Parallel Aware": false,
          "Startup Cost": 91826.14,
          "Total Cost": 91826.45,
          "Plan Rows": 3,
          "Plan Width": 8,
          "Actual Startup Time": 497.78,
          "Actual Total Time": 525.833,
          "Actual Rows": 4,
          "Actual Loops": 1,
          "Workers Planned": 3,
          "Workers Launched": 3,
          "Single Copy": false,
          "Plans": [
            {
              "Node Type": "Aggregate",
              "Strategy": "Plain",
              "Partial Mode": "Partial",
              "Parent Relationship": "Outer",
              "Parallel Aware": false,
              "Startup Cost": 90826.14,
              "Total Cost": 90826.15,
              "Plan Rows": 1,
              "Plan Width": 8,
              "Actual Startup Time": 482.552,
              "Actual Total Time": 482.556,
              "Actual Rows": 1,
              "Actual Loops": 4,
              "Plans": [
                {
                  "Node Type": "Hash Join",
                  "Parent Relationship": "Outer",
                  "Parallel Aware": true,
                  "Join Type": "Inner",
                  "Startup Cost": 62957.98,
                  "Total Cost": 90341.86,
                  "Plan Rows": 193711,
                  "Plan Width": 0,
                  "Actual Startup Time": 371.358,
                  "Actual Total Time": 474.922,
                  "Actual Rows": 147125,
                  "Actual Loops": 4,
                  "Inner Unique": true,
                  "Hash Cond": "(mk.movie_id = t.id)",
                  "Plans": [
                    {
                      "Node Type": "Bitmap Heap Scan",
                      "Parent Relationship": "Outer",
                      "Parallel Aware": true,
                      "Relation Name": "movie_keyword",
                      "Alias": "mk",
                      "Startup Cost": 12738.34,
                      "Total Cost": 39613.73,
                      "Plan Rows": 193711,
                      "Plan Width": 4,
                      "Actual Startup Time": 33.724,
                      "Actual Total Time": 93.262,
                      "Actual Rows": 147125,
                      "Actual Loops": 4,
                      "Recheck Cond": "(keyword_id > 31200)",
                      "Rows Removed by Index Recheck": 0,
                      "Exact Heap Blocks": 8069,
                      "Lossy Heap Blocks": 0,
                      "Plans": [
                        {
                          "Node Type": "Bitmap Index Scan",
                          "Parent Relationship": "Outer",
                          "Parallel Aware": false,
                          "Index Name": "keyword_id_movie_keyword",
                          "Startup Cost": 0.0,
                          "Total Cost": 12588.21,
                          "Plan Rows": 600504,
                          "Plan Width": 0,
                          "Actual Startup Time": 30.257,
                          "Actual Total Time": 30.258,
                          "Actual Rows": 588501,
                          "Actual Loops": 1,
                          "Index Cond": "(keyword_id > 31200)"
                        }
                      ]
                    },
                    {
                      "Node Type": "Hash",
                      "Parent Relationship": "Inner",
                      "Parallel Aware": true,
                      "Startup Cost": 42318.73,
                      "Total Cost": 42318.73,
                      "Plan Rows": 632073,
                      "Plan Width": 4,
                      "Actual Startup Time": 327.537,
                      "Actual Total Time": 327.538,
                      "Actual Rows": 632078,
                      "Actual Loops": 4,
                      "Hash Buckets": 4194304,
                      "Original Hash Buckets": 4194304,
                      "Hash Batches": 1,
                      "Original Hash Batches": 1,
                      "Peak Memory Usage": 131776,
                      "Plans": [
                        {
                          "Node Type": "Seq Scan",
                          "Parent Relationship": "Outer",
                          "Parallel Aware": true,
                          "Relation Name": "title",
                          "Alias": "t",
                          "Startup Cost": 0.0,
                          "Total Cost": 42318.73,
                          "Plan Rows": 632073,
                          "Plan Width": 4,
                          "Actual Startup Time": 0.038,
                          "Actual Total Time": 106.449,
                          "Actual Rows": 632078,
                          "Actual Loops": 4
                        }
                      ]
                    }
                  ]
                }
              ]
            }
          ]
        }
      ]
    },
    "Planning Time": 0.423,
    "Triggers": [],
    "Execution Time": 525.915
  }
]