[
  {
    "Plan": {
      "Node Type": "Aggregate",
      "Strategy": "Plain",
      "Partial Mode": "Finalize",
      "Parallel Aware": false,
      "Startup Cost": 246575.71,
      "Total Cost": 246575.72,
      "Plan Rows": 1,
      "Plan Width": 8,
      "Actual Startup Time": 659.728,
      "Actual Total Time": 702.564,
      "Actual Rows": 1,
      "Actual Loops": 1,
      "Plans": [
        {
          "Node Type": "Gather",
          "Parent Relationship": "Outer",
          "Parallel Aware": false,
          "Startup Cost": 246575.18,
          "Total Cost": 246575.69,
          "Plan Rows": 5,
          "Plan Width": 8,
          "Actual Startup Time": 659.358,
          "Actual Total Time": 702.553,
          "Actual Rows": 6,
          "Actual Loops": 1,
          "Workers Planned": 5,
          "Workers Launched": 5,
          "Single Copy": false,
          "Plans": [
            {
              "Node Type": "Aggregate",
              "Strategy": "Plain",
              "Partial Mode": "Partial",
              "Parent Relationship": "Outer",
              "Parallel Aware": false,
              "Startup Cost": 245575.18,
              "Total Cost": 245575.19,
              "Plan Rows": 1,
              "Plan Width": 8,
              "Actual Startup Time": 651.594,
              "Actual Total Time": 651.597,
              "Actual Rows": 1,
              "Actual Loops": 6,
              "Plans": [
                {
                  "Node Type": "Hash Join",
                  "Parent Relationship": "Outer",
                  "Parallel Aware": true,
                  "Join Type": "Inner",
                  "Startup Cost": 45797.3,
                  "Total Cost": 245276.7,
                  "Plan Rows": 119392,
                  "Plan Width": 0,
                  "Actual Startup Time": 81.735,
                  "Actual Total Time": 651.129,
                  "Actual Rows": 7560,
                  "Actual Loops": 6,
                  "Inner Unique": true,
                  "Hash Cond": "(mi.movie_id = t.id)",
                  "Plans": [
                    {
                      "Node Type": "Seq Scan",
                      "Parent Relationship": "Outer",
                      "Parallel Aware": true,
                      "Relation Name": "movie_info",
                      "Alias": "mi",
                      "Startup Cost": 0.0,
                      "Total Cost": 191685.19,
                      "Plan Rows": 2969219,
                      "Plan Width": 4,
                      "Actual Startup Time": 0.032,
                      "Actual Total Time": 328.787,
                      "Actual Rows": 2472620,
                      "Actual Loops": 6
                    },
                    {
                      "Node Type": "Hash",
                      "Parent Relationship": "Inner",
                      "Parallel Aware": true,
                      "Startup Cost": 45479.59,
                      "Total Cost": 45479.59,
                      "Plan Rows": 25417,
                      "Plan Width": 4,
                      "Actual Startup Time": 79.417,
                      "Actual Total Time": 79.419,
                      "Actual Rows": 1706,
                      "Actual Loops": 6,
                      "Hash Buckets": 131072,
                      "Original Hash Buckets": 131072,
                      "Hash Batches": 1,
                      "Original Hash Batches": 1,
                      "Peak Memory Usage": 1536,
                      "Plans": [
                        {
                          "Node Type": "Seq Scan",
                          "Parent Relationship": "Outer",
                          "Parallel Aware": true,
                          "Relation Name": "title",
                          "Alias": "t",
                          "Startup Cost": 0.0,
                          "Total Cost": 45479.59,
                          "Plan Rows": 25417,
                          "Plan Width": 4,
                          "Actual Startup Time": 0.117,
                          "Actual Total Time": 78.022,
                          "Actual Rows": 1706,
                          "Actual Loops": 6,
                          "Filter": "((production_year < 1953) AND (kind_id = 7))",
                          "Rows Removed by Filter": 419680
                        }
                      ]
                    }
                  ]
                }
              ]
            }
          ]
        }
      ]
    },
    "Planning Time": 0.268,
    "Triggers": [],
    "Execution Time": 702.607
  }
]