[
  {
    "Plan": {
      "Node Type": "Aggregate",
      "Strategy": "Plain",
      "Partial Mode": "Finalize",
      "Parallel Aware": false,
      "Startup Cost": 25857.79,
      "Total Cost": 25857.8,
      "Plan Rows": 1,
      "Plan Width": 8,
      "Actual Startup Time": 38.272,
      "Actual Total Time": 42.834,
      "Actual Rows": 1,
      "Actual Loops": 1,
      "Plans": [
        {
          "Node Type": "Gather",
          "Parent Relationship": "Outer",
          "Parallel Aware": false,
          "Startup Cost": 25857.58,
          "Total Cost": 25857.79,
          "Plan Rows": 2,
          "Plan Width": 8,
          "Actual Startup Time": 38.142,
          "Actual Total Time": 42.828,
          "Actual Rows": 3,
          "Actual Loops": 1,
          "Workers Planned": 2,
          "Workers Launched": 2,
          "Single Copy": false,
          "Plans": [
            {
              "Node Type": "Aggregate",
              "Strategy": "Plain",
              "Partial Mode": "Partial",
              "Parent Relationship": "Outer",
              "Parallel Aware": false,
              "Startup Cost": 24857.58,
              "Total Cost": 24857.59,
              "Plan Rows": 1,
              "Plan Width": 8,
              "Actual Startup Time": 30.029,
              "Actual Total Time": 30.034,
              "Actual Rows": 1,
              "Actual Loops": 3,
              "Plans": [
                {
                  "Node Type": "Nested Loop",
                  "Parent Relationship": "Outer",
                  "Parallel Aware": false,
                  "Join Type": "Inner",
                  "Startup Cost": 94.75,
                  "Total Cost": 24857.02,
                  "Plan Rows": 222,
                  "Plan Width": 0,
                  "Actual Startup Time": 3.102,
                  "Actual Total Time": 29.956,
                  "Actual Rows": 320,
                  "Actual Loops": 3,
                  "Inner Unique": true,
                  "Plans": [
                    {
                      "Node Type": "Bitmap Heap Scan",
                      "Parent Relationship": "Outer",
                      "Parallel Aware": true,
                      "Relation Name": "movie_keyword",
                      "Alias": "mk",
                      "Startup Cost": 94.32,
                      "Total Cost": 11296.48,
                      "Plan Rows": 1822,
                      "Plan Width": 4,
                      "Actual Startup Time": 2.349,
                      "Actual Total Time": 10.164,
                      "Actual Rows": 1751,
                      "Actual Loops": 3,
                      "Recheck Cond": "(keyword_id = 3311)",
                      "Rows Removed by Index Recheck": 0,
                      "Exact Heap Blocks": 2934,
                      "Lossy Heap Blocks": 0,
                      "Plans": [
                        {
                          "Node Type": "Bitmap Index Scan",
                          "Parent Relationship": "Outer",
                          "Parallel Aware": false,
                          "Index Name": "keyword_id_movie_keyword",
                          "Startup Cost": 0.0,
                          "Total Cost": 93.23,
                          "Plan Rows": 4373,
                          "Plan Width": 0,
                          "Actual Startup Time": 4.655,
                          "Actual Total Time": 4.664,
                          "Actual Rows": 5252,
                          "Actual Loops": 1,
                          "Index Cond": "(keyword_id = 3311)"
                        }
                      ]
                    },
                    {
                      "Node Type": "Index Scan",
                      "Parent Relationship": "Inner",
                      "Parallel Aware": false,
                      "Scan Direction": "Forward",
                      "Index Name": "title_pkey",
                      "Relation Name": "title",
                      "Alias": "t",
                      "Startup Cost": 0.43,
                      "Total Cost": 7.44,
                      "Plan Rows": 1,
                      "Plan Width": 4,
                      "Actual Startup Time": 0.011,
                      "Actual Total Time": 0.011,
                      "Actual Rows": 0,
                      "Actual Loops": 5252,
                      "Index Cond": "(id = mk.movie_id)",
                      "Rows Removed by Index Recheck": 0,
                      "Filter": "((kind_id < 7) AND (production_year > 2007))",
                      "Rows Removed by Filter": 1
                    }
                  ]
                }
              ]
            }
          ]
        }
      ]
    },
    "Planning Time": 0.596,
    "Triggers": [],
    "Execution Time": 42.915
  }
]