{
  "Plan": {
    "Node Type": "Aggregate",
    "Strategy": "Plain",
    "Partial Mode": "Finalize",
    "Parallel Aware": false,
    "Startup Cost": 962836.17,
    "Total Cost": 962836.18,
    "Plan Rows": 1,
    "Plan Width": 8,
    "Actual Startup Time": 14218.916,
    "Actual Total Time": 14273.135,
    "Actual Rows": 1,
    "Actual Loops": 1,
    "Plans": [
      {
        "Node Type": "Gather",
        "Parent Relationship": "Outer",
        "Parallel Aware": false,
        "Startup Cost": 962836.05,
        "Total Cost": 962836.16,
        "Plan Rows": 1,
        "Plan Width": 8,
        "Actual Startup Time": 14208.386,
        "Actual Total Time": 14273.126,
        "Actual Rows": 2,
        "Actual Loops": 1,
        "Workers Planned": 1,
        "Workers Launched": 1,
        "Single Copy": false,
        "Plans": [
          {
            "Node Type": "Aggregate",
            "Strategy": "Plain",
            "Partial Mode": "Partial",
            "Parent Relationship": "Outer",
            "Parallel Aware": false,
            "Startup Cost": 961836.05,
            "Total Cost": 961836.06,
            "Plan Rows": 1,
            "Plan Width": 8,
            "Actual Startup Time": 14199.277,
            "Actual Total Time": 14201.253,
            "Actual Rows": 1,
            "Actual Loops": 2,
            "Plans": [
              {
                "Node Type": "Hash Join",
                "Parent Relationship": "Outer",
                "Parallel Aware": true,
                "Join Type": "Inner",
                "Startup Cost": 155737.22,
                "Total Cost": 900737.18,
                "Plan Rows": 24439551,
                "Plan Width": 0,
                "Actual Startup Time": 1311.639,
                "Actual Total Time": 11479.491,
                "Actual Rows": 66913840,
                "Actual Loops": 2,
                "Inner Unique": false,
                "Hash Cond": "(ci.movie_id = t.id)",
                "Plans": [
                  {
                    "Node Type": "Seq Scan",
                    "Parent Relationship": "Outer",
                    "Parallel Aware": true,
                    "Relation Name": "cast_info",
                    "Alias": "ci",
                    "Startup Cost": 0.0,
                    "Total Cost": 519069.44,
                    "Plan Rows": 16433685,
                    "Plan Width": 4,
                    "Actual Startup Time": 0.016,
                    "Actual Total Time": 1616.283,
                    "Actual Rows": 14020944,
                    "Actual Loops": 2,
                    "Filter": "(person_id < 2862096)",
                    "Rows Removed by Filter": 4101228
                  },
                  {
                    "Node Type": "Hash",
                    "Parent Relationship": "Inner",
                    "Parallel Aware": true,
                    "Startup Cost": 128090.3,
                    "Total Cost": 128090.3,
                    "Plan Rows": 2211754,
                    "Plan Width": 8,
                    "Actual Startup Time": 1292.424,
                    "Actual Total Time": 1294.398,
                    "Actual Rows": 1779132,
                    "Actual Loops": 2,
                    "Hash Buckets": 4194304,
                    "Original Hash Buckets": 4194304,
                    "Hash Batches": 1,
                    "Original Hash Batches": 1,
                    "Peak Memory Usage": 172000,
                    "Plans": [
                      {
                        "Node Type": "Hash Join",
                        "Parent Relationship": "Outer",
                        "Parallel Aware": true,
                        "Join Type": "Inner",
                        "Startup Cost": 70039.45,
                        "Total Cost": 128090.3,
                        "Plan Rows": 2211754,
                        "Plan Width": 8,
                        "Actual Startup Time": 476.805,
                        "Actual Total Time": 993.37,
                        "Actual Rows": 1779132,
                        "Actual Loops": 2,
                        "Inner Unique": true,
                        "Hash Cond": "(mk.movie_id = t.id)",
                        "Plans": [
                          {
                            "Node Type": "Seq Scan",
                            "Parent Relationship": "Outer",
                            "Parallel Aware": true,
                            "Relation Name": "movie_keyword",
                            "Alias": "mk",
                            "Startup Cost": 0.0,
                            "Total Cost": 51065.35,
                            "Plan Rows": 2661135,
                            "Plan Width": 4,
                            "Actual Startup Time": 0.012,
                            "Actual Total Time": 154.043,
                            "Actual Rows": 2261965,
                            "Actual Loops": 2
                          },
                          {
                            "Node Type": "Hash",
                            "Parent Relationship": "Inner",
                            "Parallel Aware": true,
                            "Startup Cost": 54588.39,
                            "Total Cost": 54588.39,
                            "Plan Rows": 1236085,
                            "Plan Width": 4,
                            "Actual Startup Time": 464.979,
                            "Actual Total Time": 464.98,
                            "Actual Rows": 1044894,
                            "Actual Loops": 2,
                            "Hash Buckets": 4194304,
                            "Original Hash Buckets": 4194304,
                            "Hash Batches": 1,
                            "Original Hash Batches": 1,
                            "Peak Memory Usage": 114528,
                            "Plans": [
                              {
                                "Node Type": "Seq Scan",
                                "Parent Relationship": "Outer",
                                "Parallel Aware": true,
                                "Relation Name": "title",
                                "Alias": "t",
                                "Startup Cost": 0.0,
                                "Total Cost": 54588.39,
                                "Plan Rows": 1236085,
                                "Plan Width": 4,
                                "Actual Startup Time": 0.032,
                                "Actual Total Time": 169.665,
                                "Actual Rows": 1044894,
                                "Actual Loops": 2,
                                "Filter": "(production_year > 1969)",
                                "Rows Removed by Filter": 219262
                              }
                            ]
                          }
                        ]
                      }
                    ]
                  }
                ]
              }
            ]
          }
        ]
      }
    ]
  },
  "Planning Time": 0.528,
  "Triggers": [],
  "Execution Time": 14273.192
}