[
  {
    "Plan": {
      "Node Type": "Aggregate",
      "Strategy": "Plain",
      "Partial Mode": "Finalize",
      "Parallel Aware": false,
      "Startup Cost": 345858.91,
      "Total Cost": 345858.92,
      "Plan Rows": 1,
      "Plan Width": 8,
      "Actual Startup Time": 2395.379,
      "Actual Total Time": 2488.02,
      "Actual Rows": 1,
      "Actual Loops": 1,
      "Plans": [
        {
          "Node Type": "Gather",
          "Parent Relationship": "Outer",
          "Parallel Aware": false,
          "Startup Cost": 345858.59,
          "Total Cost": 345858.9,
          "Plan Rows": 3,
          "Plan Width": 8,
          "Actual Startup Time": 2391.337,
          "Actual Total Time": 2488.012,
          "Actual Rows": 4,
          "Actual Loops": 1,
          "Workers Planned": 3,
          "Workers Launched": 3,
          "Single Copy": false,
          "Plans": [
            {
              "Node Type": "Aggregate",
              "Strategy": "Plain",
              "Partial Mode": "Partial",
              "Parent Relationship": "Outer",
              "Parallel Aware": false,
              "Startup Cost": 344858.59,
              "Total Cost": 344858.6,
              "Plan Rows": 1,
              "Plan Width": 8,
              "Actual Startup Time": 2381.306,
              "Actual Total Time": 2381.31,
              "Actual Rows": 1,
              "Actual Loops": 4,
              "Plans": [
                {
                  "Node Type": "Nested Loop",
                  "Parent Relationship": "Outer",
                  "Parallel Aware": false,
                  "Join Type": "Inner",
                  "Startup Cost": 46746.68,
                  "Total Cost": 344218.95,
                  "Plan Rows": 255856,
                  "Plan Width": 0,
                  "Actual Startup Time": 238.356,
                  "Actual Total Time": 2355.5,
                  "Actual Rows": 401125,
                  "Actual Loops": 4,
                  "Inner Unique": false,
                  "Plans": [
                    {
                      "Node Type": "Hash Join",
                      "Parent Relationship": "Outer",
                      "Parallel Aware": true,
                      "Join Type": "Inner",
                      "Startup Cost": 46746.12,
                      "Total Cost": 78791.65,
                      "Plan Rows": 86585,
                      "Plan Width": 8,
                      "Actual Startup Time": 238.265,
                      "Actual Total Time": 396.085,
                      "Actual Rows": 75111,
                      "Actual Loops": 4,
                      "Inner Unique": true,
                      "Hash Cond": "(mc.movie_id = t.id)",
                      "Plans": [
                        {
                          "Node Type": "Seq Scan",
                          "Parent Relationship": "Outer",
                          "Parallel Aware": true,
                          "Relation Name": "movie_companies",
                          "Alias": "mc",
                          "Startup Cost": 0.0,
                          "Total Cost": 31414.82,
                          "Plan Rows": 240273,
                          "Plan Width": 4,
                          "Actual Startup Time": 33.783,
                          "Actual Total Time": 79.252,
                          "Actual Rows": 240966,
                          "Actual Loops": 4,
                          "Filter": "((company_id > 8603) AND (company_type_id = 2))",
                          "Rows Removed by Filter": 411316
                        },
                        {
                          "Node Type": "Hash",
                          "Parent Relationship": "Inner",
                          "Parallel Aware": true,
                          "Startup Cost": 43898.92,
                          "Total Cost": 43898.92,
                          "Plan Rows": 227776,
                          "Plan Width": 4,
                          "Actual Startup Time": 199.56,
                          "Actual Total Time": 199.561,
                          "Actual Rows": 226123,
                          "Actual Loops": 4,
                          "Hash Buckets": 1048576,
                          "Original Hash Buckets": 1048576,
                          "Hash Batches": 1,
                          "Original Hash Batches": 1,
                          "Peak Memory Usage": 43616,
                          "Plans": [
                            {
                              "Node Type": "Seq Scan",
                              "Parent Relationship": "Outer",
                              "Parallel Aware": true,
                              "Relation Name": "title",
                              "Alias": "t",
                              "Startup Cost": 0.0,
                              "Total Cost": 43898.92,
                              "Plan Rows": 227776,
                              "Plan Width": 4,
                              "Actual Startup Time": 0.042,
                              "Actual Total Time": 112.337,
                              "Actual Rows": 226123,
                              "Actual Loops": 4,
                              "Filter": "(production_year > 2006)",
                              "Rows Removed by Filter": 405955
                            }
                          ]
                        }
                      ]
                    },
                    {
                      "Node Type": "Index Scan",
                      "Parent Relationship": "Inner",
                      "Parallel Aware": false,
                      "Scan Direction": "Forward",
                      "Index Name": "movie_id_cast_info",
                      "Relation Name": "cast_info",
                      "Alias": "ci",
                      "Startup Cost": 0.56,
                      "Total Cost": 2.99,
                      "Plan Rows": 8,
                      "Plan Width": 4,
                      "Actual Startup Time": 0.006,
                      "Actual Total Time": 0.025,
                      "Actual Rows": 5,
                      "Actual Loops": 300444,
                      "Index Cond": "(movie_id = t.id)",
                      "Rows Removed by Index Recheck": 0,
                      "Filter": "(person_id < 744001)",
                      "Rows Removed by Filter": 23
                    }
                  ]
                }
              ]
            }
          ]
        }
      ]
    },
    "Planning Time": 1.443,
    "Triggers": [],
    "Execution Time": 2488.127
  }
]