[
  {
    "Plan": {
      "Node Type": "Aggregate",
      "Strategy": "Plain",
      "Partial Mode": "Finalize",
      "Parallel Aware": false,
      "Startup Cost": 74785.99,
      "Total Cost": 74786.0,
      "Plan Rows": 1,
      "Plan Width": 8,
      "Actual Startup Time": 109.376,
      "Actual Total Time": 126.019,
      "Actual Rows": 1,
      "Actual Loops": 1,
      "Plans": [
        {
          "Node Type": "Gather",
          "Parent Relationship": "Outer",
          "Parallel Aware": false,
          "Startup Cost": 74785.57,
          "Total Cost": 74785.98,
          "Plan Rows": 4,
          "Plan Width": 8,
          "Actual Startup Time": 109.244,
          "Actual Total Time": 126.012,
          "Actual Rows": 5,
          "Actual Loops": 1,
          "Workers Planned": 4,
          "Workers Launched": 4,
          "Single Copy": false,
          "Plans": [
            {
              "Node Type": "Aggregate",
              "Strategy": "Plain",
              "Partial Mode": "Partial",
              "Parent Relationship": "Outer",
              "Parallel Aware": false,
              "Startup Cost": 73785.57,
              "Total Cost": 73785.58,
              "Plan Rows": 1,
              "Plan Width": 8,
              "Actual Startup Time": 99.695,
              "Actual Total Time": 99.697,
              "Actual Rows": 1,
              "Actual Loops": 5,
              "Plans": [
                {
                  "Node Type": "Nested Loop",
                  "Parent Relationship": "Outer",
                  "Parallel Aware": false,
                  "Join Type": "Inner",
                  "Startup Cost": 0.43,
                  "Total Cost": 73775.01,
                  "Plan Rows": 4221,
                  "Plan Width": 0,
                  "Actual Startup Time": 56.925,
                  "Actual Total Time": 99.357,
                  "Actual Rows": 4843,
                  "Actual Loops": 5,
                  "Inner Unique": false,
                  "Plans": [
                    {
                      "Node Type": "Seq Scan",
                      "Parent Relationship": "Outer",
                      "Parallel Aware": true,
                      "Relation Name": "title",
                      "Alias": "t",
                      "Startup Cost": 0.0,
                      "Total Cost": 45479.1,
                      "Plan Rows": 4090,
                      "Plan Width": 4,
                      "Actual Startup Time": 56.818,
                      "Actual Total Time": 82.07,
                      "Actual Rows": 1941,
                      "Actual Loops": 5,
                      "Filter": "((kind_id = 1) AND (production_year = 2002))",
                      "Rows Removed by Filter": 503722
                    },
                    {
                      "Node Type": "Index Only Scan",
                      "Parent Relationship": "Inner",
                      "Parallel Aware": false,
                      "Scan Direction": "Forward",
                      "Index Name": "movie_id_movie_companies",
                      "Relation Name": "movie_companies",
                      "Alias": "mc",
                      "Startup Cost": 0.43,
                      "Total Cost": 6.87,
                      "Plan Rows": 5,
                      "Plan Width": 4,
                      "Actual Startup Time": 0.007,
                      "Actual Total Time": 0.008,
                      "Actual Rows": 2,
                      "Actual Loops": 9704,
                      "Index Cond": "(movie_id = t.id)",
                      "Rows Removed by Index Recheck": 0,
                      "Heap Fetches": 24216
                    }
                  ]
                }
              ]
            }
          ]
        }
      ]
    },
    "Planning Time": 0.615,
    "Triggers": [],
    "Execution Time": 126.086
  }
]