[
  {
    "Plan": {
      "Node Type": "Aggregate",
      "Strategy": "Plain",
      "Partial Mode": "Finalize",
      "Parallel Aware": false,
      "Startup Cost": 171312.02,
      "Total Cost": 171312.03,
      "Plan Rows": 1,
      "Plan Width": 8,
      "Actual Startup Time": 672.615,
      "Actual Total Time": 691.816,
      "Actual Rows": 1,
      "Actual Loops": 1,
      "Plans": [
        {
          "Node Type": "Gather",
          "Parent Relationship": "Outer",
          "Parallel Aware": false,
          "Startup Cost": 171311.5,
          "Total Cost": 171312.01,
          "Plan Rows": 5,
          "Plan Width": 8,
          "Actual Startup Time": 660.084,
          "Actual Total Time": 691.8,
          "Actual Rows": 6,
          "Actual Loops": 1,
          "Workers Planned": 5,
          "Workers Launched": 5,
          "Single Copy": false,
          "Plans": [
            {
              "Node Type": "Aggregate",
              "Strategy": "Plain",
              "Partial Mode": "Partial",
              "Parent Relationship": "Outer",
              "Parallel Aware": false,
              "Startup Cost": 170311.5,
              "Total Cost": 170311.51,
              "Plan Rows": 1,
              "Plan Width": 8,
              "Actual Startup Time": 644.273,
              "Actual Total Time": 644.277,
              "Actual Rows": 1,
              "Actual Loops": 6,
              "Plans": [
                {
                  "Node Type": "Hash Join",
                  "Parent Relationship": "Outer",
                  "Parallel Aware": true,
                  "Join Type": "Inner",
                  "Startup Cost": 49471.61,
                  "Total Cost": 169204.09,
                  "Plan Rows": 442963,
                  "Plan Width": 0,
                  "Actual Startup Time": 214.829,
                  "Actual Total Time": 621.506,
                  "Actual Rows": 490008,
                  "Actual Loops": 6,
                  "Inner Unique": true,
                  "Hash Cond": "(ci.movie_id = t.id)",
                  "Plans": [
                    {
                      "Node Type": "Index Scan",
                      "Parent Relationship": "Outer",
                      "Parallel Aware": true,
                      "Scan Direction": "Forward",
                      "Index Name": "role_id_cast_info",
                      "Relation Name": "cast_info",
                      "Alias": "ci",
                      "Startup Cost": 0.56,
                      "Total Cost": 117431.66,
                      "Plan Rows": 876718,
                      "Plan Width": 4,
                      "Actual Startup Time": 0.121,
                      "Actual Total Time": 136.091,
                      "Actual Rows": 720503,
                      "Actual Loops": 6,
                      "Index Cond": "(role_id = 10)",
                      "Rows Removed by Index Recheck": 0
                    },
                    {
                      "Node Type": "Hash",
                      "Parent Relationship": "Inner",
                      "Parallel Aware": true,
                      "Startup Cost": 45479.1,
                      "Total Cost": 45479.1,
                      "Plan Rows": 319356,
                      "Plan Width": 4,
                      "Actual Startup Time": 209.403,
                      "Actual Total Time": 209.404,
                      "Actual Rows": 232208,
                      "Actual Loops": 6,
                      "Hash Buckets": 2097152,
                      "Original Hash Buckets": 2097152,
                      "Hash Batches": 1,
                      "Original Hash Batches": 1,
                      "Peak Memory Usage": 70944,
                      "Plans": [
                        {
                          "Node Type": "Seq Scan",
                          "Parent Relationship": "Outer",
                          "Parallel Aware": true,
                          "Relation Name": "title",
                          "Alias": "t",
                          "Startup Cost": 0.0,
                          "Total Cost": 45479.1,
                          "Plan Rows": 319356,
                          "Plan Width": 4,
                          "Actual Startup Time": 0.051,
                          "Actual Total Time": 92.597,
                          "Actual Rows": 232208,
                          "Actual Loops": 6,
                          "Filter": "((kind_id > 2) AND (production_year > 1987))",
                          "Rows Removed by Filter": 189177
                        }
                      ]
                    }
                  ]
                }
              ]
            }
          ]
        }
      ]
    },
    "Planning Time": 0.648,
    "Triggers": [],
    "Execution Time": 691.908
  }
]