[
  {
    "Plan": {
      "Node Type": "Aggregate",
      "Strategy": "Plain",
      "Partial Mode": "Finalize",
      "Parallel Aware": false,
      "Startup Cost": 45369.13,
      "Total Cost": 45369.14,
      "Plan Rows": 1,
      "Plan Width": 8,
      "Actual Startup Time": 155.223,
      "Actual Total Time": 164.769,
      "Actual Rows": 1,
      "Actual Loops": 1,
      "Plans": [
        {
          "Node Type": "Gather",
          "Parent Relationship": "Outer",
          "Parallel Aware": false,
          "Startup Cost": 45368.81,
          "Total Cost": 45369.12,
          "Plan Rows": 3,
          "Plan Width": 8,
          "Actual Startup Time": 155.052,
          "Actual Total Time": 164.757,
          "Actual Rows": 4,
          "Actual Loops": 1,
          "Workers Planned": 3,
          "Workers Launched": 3,
          "Single Copy": false,
          "Plans": [
            {
              "Node Type": "Aggregate",
              "Strategy": "Plain",
              "Partial Mode": "Partial",
              "Parent Relationship": "Outer",
              "Parallel Aware": false,
              "Startup Cost": 44368.81,
              "Total Cost": 44368.82,
              "Plan Rows": 1,
              "Plan Width": 8,
              "Actual Startup Time": 146.381,
              "Actual Total Time": 146.382,
              "Actual Rows": 1,
              "Actual Loops": 4,
              "Plans": [
                {
                  "Node Type": "Seq Scan",
                  "Parent Relationship": "Outer",
                  "Parallel Aware": true,
                  "Relation Name": "movie_keyword",
                  "Alias": "mk",
                  "Startup Cost": 0.0,
                  "Total Cost": 42695.65,
                  "Plan Rows": 669262,
                  "Plan Width": 0,
                  "Actual Startup Time": 0.881,
                  "Actual Total Time": 120.51,
                  "Actual Rows": 514101,
                  "Actual Loops": 4,
                  "Filter": "(keyword_id > 5939)",
                  "Rows Removed by Filter": 616882
                }
              ]
            }
          ]
        }
      ]
    },
    "Planning Time": 0.189,
    "Triggers": [],
    "Execution Time": 164.83
  }
]