{
  "Plan": {
    "Node Type": "Aggregate",
    "Strategy": "Plain",
    "Partial Mode": "Finalize",
    "Parallel Aware": false,
    "Startup Cost": 563221.22,
    "Total Cost": 563221.23,
    "Plan Rows": 1,
    "Plan Width": 8,
    "Actual Startup Time": 1750.434,
    "Actual Total Time": 1787.283,
    "Actual Rows": 1,
    "Actual Loops": 1,
    "Plans": [
      {
        "Node Type": "Gather",
        "Parent Relationship": "Outer",
        "Parallel Aware": false,
        "Startup Cost": 563221.11,
        "Total Cost": 563221.22,
        "Plan Rows": 1,
        "Plan Width": 8,
        "Actual Startup Time": 1745.841,
        "Actual Total Time": 1787.272,
        "Actual Rows": 2,
        "Actual Loops": 1,
        "Workers Planned": 1,
        "Workers Launched": 1,
        "Single Copy": false,
        "Plans": [
          {
            "Node Type": "Aggregate",
            "Strategy": "Plain",
            "Partial Mode": "Partial",
            "Parent Relationship": "Outer",
            "Parallel Aware": false,
            "Startup Cost": 562221.11,
            "Total Cost": 562221.12,
            "Plan Rows": 1,
            "Plan Width": 8,
            "Actual Startup Time": 1739.834,
            "Actual Total Time": 1740.374,
            "Actual Rows": 1,
            "Actual Loops": 2,
            "Plans": [
              {
                "Node Type": "Hash Join",
                "Parent Relationship": "Outer",
                "Parallel Aware": true,
                "Join Type": "Inner",
                "Startup Cost": 243400.09,
                "Total Cost": 559510.94,
                "Plan Rows": 1084067,
                "Plan Width": 0,
                "Actual Startup Time": 907.855,
                "Actual Total Time": 1706.44,
                "Actual Rows": 836462,
                "Actual Loops": 2,
                "Inner Unique": false,
                "Hash Cond": "(ci.movie_id = t.id)",
                "Plans": [
                  {
                    "Node Type": "Bitmap Heap Scan",
                    "Parent Relationship": "Outer",
                    "Parallel Aware": true,
                    "Relation Name": "cast_info",
                    "Alias": "ci",
                    "Startup Cost": 131812.51,
                    "Total Cost": 428381.81,
                    "Plan Rows": 3510584,
                    "Plan Width": 4,
                    "Actual Startup Time": 221.122,
                    "Actual Total Time": 532.146,
                    "Actual Rows": 3071970,
                    "Actual Loops": 2,
                    "Recheck Cond": "(person_id < 593291)",
                    "Rows Removed by Index Recheck": 0,
                    "Exact Heap Blocks": 34668,
                    "Lossy Heap Blocks": 0,
                    "Plans": [
                      {
                        "Node Type": "Bitmap Index Scan",
                        "Parent Relationship": "Outer",
                        "Parallel Aware": false,
                        "Index Name": "person_id_cast_info",
                        "Startup Cost": 0.0,
                        "Total Cost": 130320.51,
                        "Plan Rows": 5967993,
                        "Plan Width": 0,
                        "Actual Startup Time": 209.947,
                        "Actual Total Time": 209.947,
                        "Actual Rows": 6143939,
                        "Actual Loops": 1,
                        "Index Cond": "(person_id < 593291)"
                      }
                    ]
                  },
                  {
                    "Node Type": "Hash",
                    "Parent Relationship": "Inner",
                    "Parallel Aware": true,
                    "Startup Cost": 105846.88,
                    "Total Cost": 105846.88,
                    "Plan Rows": 459256,
                    "Plan Width": 8,
                    "Actual Startup Time": 677.786,
                    "Actual Total Time": 678.324,
                    "Actual Rows": 158420,
                    "Actual Loops": 2,
                    "Hash Buckets": 1048576,
                    "Original Hash Buckets": 1048576,
                    "Hash Batches": 1,
                    "Original Hash Batches": 1,
                    "Peak Memory Usage": 20608,
                    "Plans": [
                      {
                        "Node Type": "Hash Join",
                        "Parent Relationship": "Outer",
                        "Parallel Aware": true,
                        "Join Type": "Inner",
                        "Startup Cost": 65888.86,
                        "Total Cost": 105846.88,
                        "Plan Rows": 459256,
                        "Plan Width": 8,
                        "Actual Startup Time": 383.216,
                        "Actual Total Time": 641.768,
                        "Actual Rows": 158420,
                        "Actual Loops": 2,
                        "Inner Unique": true,
                        "Hash Cond": "(mc.movie_id = t.id)",
                        "Plans": [
                          {
                            "Node Type": "Seq Scan",
                            "Parent Relationship": "Outer",
                            "Parallel Aware": true,
                            "Relation Name": "movie_companies",
                            "Alias": "mc",
                            "Startup Cost": 0.0,
                            "Total Cost": 37974.77,
                            "Plan Rows": 755522,
                            "Plan Width": 4,
                            "Actual Startup Time": 0.016,
                            "Actual Total Time": 111.985,
                            "Actual Rows": 637123,
                            "Actual Loops": 2,
                            "Filter": "(company_type_id = 1)",
                            "Rows Removed by Filter": 667442
                          },
                          {
                            "Node Type": "Hash",
                            "Parent Relationship": "Inner",
                            "Parallel Aware": true,
                            "Startup Cost": 54588.39,
                            "Total Cost": 54588.39,
                            "Plan Rows": 904038,
                            "Plan Width": 4,
                            "Actual Startup Time": 372.695,
                            "Actual Total Time": 372.696,
                            "Actual Rows": 771632,
                            "Actual Loops": 2,
                            "Hash Buckets": 2097152,
                            "Original Hash Buckets": 2097152,
                            "Hash Batches": 1,
                            "Original Hash Batches": 1,
                            "Peak Memory Usage": 76800,
                            "Plans": [
                              {
                                "Node Type": "Seq Scan",
                                "Parent Relationship": "Outer",
                                "Parallel Aware": true,
                                "Relation Name": "title",
                                "Alias": "t",
                                "Startup Cost": 0.0,
                                "Total Cost": 54588.39,
                                "Plan Rows": 904038,
                                "Plan Width": 4,
                                "Actual Startup Time": 0.04,
                                "Actual Total Time": 159.886,
                                "Actual Rows": 771632,
                                "Actual Loops": 2,
                                "Filter": "(kind_id = 7)",
                                "Rows Removed by Filter": 492524
                              }
                            ]
                          }
                        ]
                      }
                    ]
                  }
                ]
              }
            ]
          }
        ]
      }
    ]
  },
  "Planning Time": 1.156,
  "Triggers": [],
  "Execution Time": 1787.393
}