[
    {
        "Bao": {
            "Bao prediction": "NaN",
            "Bao recommended hint": "(no hint)"
        }
    },
    {
        "Plan": {
            "Node Type": "Aggregate",
            "Strategy": "Plain",
            "Partial Mode": "Finalize",
            "Parallel Aware": false,
            "Startup Cost": 31311.26,
            "Total Cost": 31311.27,
            "Plan Rows": 1,
            "Plan Width": 8,
            "Actual Startup Time": 73.194,
            "Actual Total Time": 77.58,
            "Actual Rows": 1,
            "Actual Loops": 1,
            "Output": [
                "count(*)"
            ],
            "Plans": [
                {
                    "Node Type": "Gather",
                    "Parent Relationship": "Outer",
                    "Parallel Aware": false,
                    "Startup Cost": 31310.94,
                    "Total Cost": 31311.25,
                    "Plan Rows": 3,
                    "Plan Width": 8,
                    "Actual Startup Time": 72.943,
                    "Actual Total Time": 77.573,
                    "Actual Rows": 4,
                    "Actual Loops": 1,
                    "Output": [
                        "(PARTIAL count(*))"
                    ],
                    "Workers Planned": 3,
                    "Workers Launched": 3,
                    "Single Copy": false,
                    "Plans": [
                        {
                            "Node Type": "Aggregate",
                            "Strategy": "Plain",
                            "Partial Mode": "Partial",
                            "Parent Relationship": "Outer",
                            "Parallel Aware": false,
                            "Startup Cost": 30310.94,
                            "Total Cost": 30310.95,
                            "Plan Rows": 1,
                            "Plan Width": 8,
                            "Actual Startup Time": 64.892,
                            "Actual Total Time": 64.893,
                            "Actual Rows": 1,
                            "Actual Loops": 4,
                            "Output": [
                                "PARTIAL count(*)"
                            ],
                            "Workers": [
                                {
                                    "Worker Number": 0,
                                    "Actual Startup Time": 61.973,
                                    "Actual Total Time": 61.974,
                                    "Actual Rows": 1,
                                    "Actual Loops": 1
                                },
                                {
                                    "Worker Number": 1,
                                    "Actual Startup Time": 62.44,
                                    "Actual Total Time": 62.441,
                                    "Actual Rows": 1,
                                    "Actual Loops": 1
                                },
                                {
                                    "Worker Number": 2,
                                    "Actual Startup Time": 62.66,
                                    "Actual Total Time": 62.661,
                                    "Actual Rows": 1,
                                    "Actual Loops": 1
                                }
                            ],
                            "Plans": [
                                {
                                    "Node Type": "Bitmap Heap Scan",
                                    "Parent Relationship": "Outer",
                                    "Parallel Aware": true,
                                    "Relation Name": "movie_companies",
                                    "Schema": "public",
                                    "Alias": "mc",
                                    "Startup Cost": 9263.8,
                                    "Total Cost": 30134.17,
                                    "Plan Rows": 70709,
                                    "Plan Width": 0,
                                    "Actual Startup Time": 16.115,
                                    "Actual Total Time": 57.478,
                                    "Actual Rows": 108786,
                                    "Actual Loops": 4,
                                    "Recheck Cond": "(mc.company_id > 78691)",
                                    "Rows Removed by Index Recheck": 0,
                                    "Filter": "(mc.company_type_id > 1)",
                                    "Rows Removed by Filter": 0,
                                    "Exact Heap Blocks": 3683,
                                    "Lossy Heap Blocks": 0,
                                    "Workers": [
                                        {
                                            "Worker Number": 0,
                                            "Actual Startup Time": 13.256,
                                            "Actual Total Time": 55.267,
                                            "Actual Rows": 70378,
                                            "Actual Loops": 1
                                        },
                                        {
                                            "Worker Number": 1,
                                            "Actual Startup Time": 13.744,
                                            "Actual Total Time": 55.449,
                                            "Actual Rows": 68431,
                                            "Actual Loops": 1
                                        },
                                        {
                                            "Worker Number": 2,
                                            "Actual Startup Time": 13.942,
                                            "Actual Total Time": 55.819,
                                            "Actual Rows": 68230,
                                            "Actual Loops": 1
                                        }
                                    ],
                                    "Plans": [
                                        {
                                            "Node Type": "Bitmap Index Scan",
                                            "Parent Relationship": "Outer",
                                            "Parallel Aware": false,
                                            "Index Name": "company_id_movie_companies",
                                            "Startup Cost": 0.0,
                                            "Total Cost": 9209.0,
                                            "Plan Rows": 429943,
                                            "Plan Width": 0,
                                            "Actual Startup Time": 22.666,
                                            "Actual Total Time": 22.667,
                                            "Actual Rows": 435146,
                                            "Actual Loops": 1,
                                            "Index Cond": "(mc.company_id > 78691)"
                                        }
                                    ]
                                }
                            ]
                        }
                    ]
                }
            ]
        },
        "Planning Time": 239.47,
        "Triggers": [],
        "Execution Time": 77.675
    }
]