[
  {
    "Plan": {
      "Node Type": "Aggregate",
      "Strategy": "Plain",
      "Partial Mode": "Finalize",
      "Parallel Aware": false,
      "Startup Cost": 343715.5,
      "Total Cost": 343715.51,
      "Plan Rows": 1,
      "Plan Width": 8,
      "Actual Startup Time": 960.807,
      "Actual Total Time": 1005.508,
      "Actual Rows": 1,
      "Actual Loops": 1,
      "Plans": [
        {
          "Node Type": "Gather",
          "Parent Relationship": "Outer",
          "Parallel Aware": false,
          "Startup Cost": 343714.87,
          "Total Cost": 343715.48,
          "Plan Rows": 6,
          "Plan Width": 8,
          "Actual Startup Time": 960.622,
          "Actual Total Time": 1005.495,
          "Actual Rows": 7,
          "Actual Loops": 1,
          "Workers Planned": 6,
          "Workers Launched": 6,
          "Single Copy": false,
          "Plans": [
            {
              "Node Type": "Aggregate",
              "Strategy": "Plain",
              "Partial Mode": "Partial",
              "Parent Relationship": "Outer",
              "Parallel Aware": false,
              "Startup Cost": 342714.87,
              "Total Cost": 342714.88,
              "Plan Rows": 1,
              "Plan Width": 8,
              "Actual Startup Time": 951.934,
              "Actual Total Time": 951.935,
              "Actual Rows": 1,
              "Actual Loops": 7,
              "Plans": [
                {
                  "Node Type": "Seq Scan",
                  "Parent Relationship": "Outer",
                  "Parallel Aware": true,
                  "Relation Name": "cast_info",
                  "Alias": "ci",
                  "Startup Cost": 0.0,
                  "Total Cost": 328211.39,
                  "Plan Rows": 5801392,
                  "Plan Width": 0,
                  "Actual Startup Time": 26.443,
                  "Actual Total Time": 694.139,
                  "Actual Rows": 4966940,
                  "Actual Loops": 7,
                  "Filter": "(person_id > 148425)",
                  "Rows Removed by Filter": 210824
                }
              ]
            }
          ]
        }
      ]
    },
    "Planning Time": 0.122,
    "Triggers": [],
    "Execution Time": 1005.565
  }
]