[
  {
    "Plan": {
      "Node Type": "Aggregate",
      "Strategy": "Plain",
      "Partial Mode": "Finalize",
      "Parallel Aware": false,
      "Startup Cost": 23583.7,
      "Total Cost": 23583.71,
      "Plan Rows": 1,
      "Plan Width": 8,
      "Actual Startup Time": 35.097,
      "Actual Total Time": 39.466,
      "Actual Rows": 1,
      "Actual Loops": 1,
      "Plans": [
        {
          "Node Type": "Gather",
          "Parent Relationship": "Outer",
          "Parallel Aware": false,
          "Startup Cost": 23583.38,
          "Total Cost": 23583.69,
          "Plan Rows": 3,
          "Plan Width": 8,
          "Actual Startup Time": 34.861,
          "Actual Total Time": 39.458,
          "Actual Rows": 4,
          "Actual Loops": 1,
          "Workers Planned": 3,
          "Workers Launched": 3,
          "Single Copy": false,
          "Plans": [
            {
              "Node Type": "Aggregate",
              "Strategy": "Plain",
              "Partial Mode": "Partial",
              "Parent Relationship": "Outer",
              "Parallel Aware": false,
              "Startup Cost": 22583.38,
              "Total Cost": 22583.39,
              "Plan Rows": 1,
              "Plan Width": 8,
              "Actual Startup Time": 30.695,
              "Actual Total Time": 30.699,
              "Actual Rows": 1,
              "Actual Loops": 4,
              "Plans": [
                {
                  "Node Type": "Bitmap Heap Scan",
                  "Parent Relationship": "Outer",
                  "Parallel Aware": true,
                  "Relation Name": "movie_companies",
                  "Alias": "mc",
                  "Startup Cost": 3101.15,
                  "Total Cost": 22468.01,
                  "Plan Rows": 46149,
                  "Plan Width": 0,
                  "Actual Startup Time": 10.521,
                  "Actual Total Time": 28.299,
                  "Actual Rows": 34949,
                  "Actual Loops": 4,
                  "Recheck Cond": "(company_id > 136463)",
                  "Rows Removed by Index Recheck": 0,
                  "Exact Heap Blocks": 1423,
                  "Lossy Heap Blocks": 0,
                  "Plans": [
                    {
                      "Node Type": "Bitmap Index Scan",
                      "Parent Relationship": "Outer",
                      "Parallel Aware": false,
                      "Index Name": "company_id_movie_companies",
                      "Startup Cost": 0.0,
                      "Total Cost": 3065.39,
                      "Plan Rows": 143061,
                      "Plan Width": 0,
                      "Actual Startup Time": 12.786,
                      "Actual Total Time": 12.787,
                      "Actual Rows": 139797,
                      "Actual Loops": 1,
                      "Index Cond": "(company_id > 136463)"
                    }
                  ]
                }
              ]
            }
          ]
        }
      ]
    },
    "Planning Time": 0.136,
    "Triggers": [],
    "Execution Time": 39.514
  }
]