{
  "Plan": {
    "Node Type": "Aggregate",
    "Strategy": "Plain",
    "Partial Mode": "Simple",
    "Parallel Aware": false,
    "Startup Cost": 1033260.06,
    "Total Cost": 1033260.07,
    "Plan Rows": 1,
    "Plan Width": 128,
    "Actual Startup Time": 8061.885,
    "Actual Total Time": 8062.266,
    "Actual Rows": 1,
    "Actual Loops": 1,
    "Plans": [
      {
        "Node Type": "Hash Join",
        "Parent Relationship": "Outer",
        "Parallel Aware": false,
        "Join Type": "Inner",
        "Startup Cost": 919002.67,
        "Total Cost": 1033260.05,
        "Plan Rows": 1,
        "Plan Width": 81,
        "Actual Startup Time": 7524.556,
        "Actual Total Time": 8062.222,
        "Actual Rows": 52,
        "Actual Loops": 1,
        "Inner Unique": false,
        "Hash Cond": "(n.id = ci.person_id)",
        "Plans": [
          {
            "Node Type": "Seq Scan",
            "Parent Relationship": "Outer",
            "Parallel Aware": false,
            "Relation Name": "name",
            "Alias": "n",
            "Startup Cost": 0.0,
            "Total Cost": 107705.21,
            "Plan Rows": 1747242,
            "Plan Width": 19,
            "Actual Startup Time": 0.046,
            "Actual Total Time": 486.867,
            "Actual Rows": 1739579,
            "Actual Loops": 1,
            "Filter": "((gender)::text = 'm'::text)",
            "Rows Removed by Filter": 2427912
          },
          {
            "Node Type": "Hash",
            "Parent Relationship": "Inner",
            "Parallel Aware": false,
            "Startup Cost": 919002.65,
            "Total Cost": 919002.65,
            "Plan Rows": 1,
            "Plan Width": 70,
            "Actual Startup Time": 7491.083,
            "Actual Total Time": 7491.461,
            "Actual Rows": 52,
            "Actual Loops": 1,
            "Hash Buckets": 1024,
            "Original Hash Buckets": 1024,
            "Hash Batches": 1,
            "Original Hash Batches": 1,
            "Peak Memory Usage": 11,
            "Plans": [
              {
                "Node Type": "Nested Loop",
                "Parent Relationship": "Outer",
                "Parallel Aware": false,
                "Join Type": "Inner",
                "Startup Cost": 415244.84,
                "Total Cost": 919002.65,
                "Plan Rows": 1,
                "Plan Width": 70,
                "Actual Startup Time": 5229.386,
                "Actual Total Time": 7491.434,
                "Actual Rows": 52,
                "Actual Loops": 1,
                "Inner Unique": true,
                "Plans": [
                  {
                    "Node Type": "Nested Loop",
                    "Parent Relationship": "Outer",
                    "Parallel Aware": false,
                    "Join Type": "Inner",
                    "Startup Cost": 415244.42,
                    "Total Cost": 919001.31,
                    "Plan Rows": 1,
                    "Plan Width": 74,
                    "Actual Startup Time": 5227.92,
                    "Actual Total Time": 7491.127,
                    "Actual Rows": 140,
                    "Actual Loops": 1,
                    "Inner Unique": true,
                    "Plans": [
                      {
                        "Node Type": "Nested Loop",
                        "Parent Relationship": "Outer",
                        "Parallel Aware": false,
                        "Join Type": "Inner",
                        "Startup Cost": 415244.0,
                        "Total Cost": 919000.86,
                        "Plan Rows": 1,
                        "Plan Width": 78,
                        "Actual Startup Time": 5227.768,
                        "Actual Total Time": 7485.325,
                        "Actual Rows": 3486,
                        "Actual Loops": 1,
                        "Inner Unique": false,
                        "Join Filter": "(t.id = mc.movie_id)",
                        "Rows Removed by Join Filter": 29029612,
                        "Plans": [
                          {
                            "Node Type": "Gather",
                            "Parent Relationship": "Outer",
                            "Parallel Aware": false,
                            "Startup Cost": 1000.0,
                            "Total Cost": 32181.88,
                            "Plan Rows": 18712,
                            "Plan Width": 8,
                            "Actual Startup Time": 1.62,
                            "Actual Total Time": 3.028,
                            "Actual Rows": 7963,
                            "Actual Loops": 1,
                            "Workers Planned": 3,
                            "Workers Launched": 3,
                            "Single Copy": false,
                            "Plans": [
                              {
                                "Node Type": "Seq Scan",
                                "Parent Relationship": "Outer",
                                "Parallel Aware": true,
                                "Relation Name": "movie_companies",
                                "Alias": "mc",
                                "Startup Cost": 0.0,
                                "Total Cost": 29310.68,
                                "Plan Rows": 6036,
                                "Plan Width": 8,
                                "Actual Startup Time": 1.429,
                                "Actual Total Time": 146.075,
                                "Actual Rows": 1991,
                                "Actual Loops": 4,
                                "Filter": "(note ~~ '%(Blu-ray)%'::text)",
                                "Rows Removed by Filter": 650292
                              }
                            ]
                          },
                          {
                            "Node Type": "Materialize",
                            "Parent Relationship": "Inner",
                            "Parallel Aware": false,
                            "Startup Cost": 414244.0,
                            "Total Cost": 886257.62,
                            "Plan Rows": 2,
                            "Plan Width": 94,
                            "Actual Startup Time": 0.493,
                            "Actual Total Time": 0.678,
                            "Actual Rows": 3646,
                            "Actual Loops": 7963,
                            "Plans": [
                              {
                                "Node Type": "Hash Join",
                                "Parent Relationship": "Outer",
                                "Parallel Aware": false,
                                "Join Type": "Inner",
                                "Startup Cost": 414244.0,
                                "Total Cost": 886257.61,
                                "Plan Rows": 2,
                                "Plan Width": 94,
                                "Actual Startup Time": 3922.263,
                                "Actual Total Time": 4432.388,
                                "Actual Rows": 3646,
                                "Actual Loops": 1,
                                "Inner Unique": false,
                                "Hash Cond": "(ci.movie_id = t.id)",
                                "Plans": [
                                  {
                                    "Node Type": "Gather",
                                    "Parent Relationship": "Outer",
                                    "Parallel Aware": false,
                                    "Startup Cost": 1000.0,
                                    "Total Cost": 468635.47,
                                    "Plan Rows": 1167502,
                                    "Plan Width": 8,
                                    "Actual Startup Time": 334.256,
                                    "Actual Total Time": 791.935,
                                    "Actual Rows": 1244716,
                                    "Actual Loops": 1,
                                    "Workers Planned": 6,
                                    "Workers Launched": 4,
                                    "Single Copy": false,
                                    "Plans": [
                                      {
                                        "Node Type": "Seq Scan",
                                        "Parent Relationship": "Outer",
                                        "Parallel Aware": true,
                                        "Relation Name": "cast_info",
                                        "Alias": "ci",
                                        "Startup Cost": 0.0,
                                        "Total Cost": 350885.27,
                                        "Plan Rows": 194584,
                                        "Plan Width": 8,
                                        "Actual Startup Time": 187.219,
                                        "Actual Total Time": 1349.271,
                                        "Actual Rows": 248943,
                                        "Actual Loops": 5,
                                        "Filter": "(note = ANY ('{(writer),\"(head writer)\",\"(written by)\",(story),\"(story editor)\"}'::text[]))",
                                        "Rows Removed by Filter": 6999926
                                      }
                                    ]
                                  },
                                  {
                                    "Node Type": "Hash",
                                    "Parent Relationship": "Inner",
                                    "Parallel Aware": false,
                                    "Startup Cost": 413243.97,
                                    "Total Cost": 413243.97,
                                    "Plan Rows": 2,
                                    "Plan Width": 86,
                                    "Actual Startup Time": 3558.746,
                                    "Actual Total Time": 3558.889,
                                    "Actual Rows": 2533,
                                    "Actual Loops": 1,
                                    "Hash Buckets": 4096,
                                    "Original Hash Buckets": 1024,
                                    "Hash Batches": 1,
                                    "Original Hash Batches": 1,
                                    "Peak Memory Usage": 258,
                                    "Plans": [
                                      {
                                        "Node Type": "Nested Loop",
                                        "Parent Relationship": "Outer",
                                        "Parallel Aware": false,
                                        "Join Type": "Inner",
                                        "Startup Cost": 413077.84,
                                        "Total Cost": 413243.97,
                                        "Plan Rows": 2,
                                        "Plan Width": 86,
                                        "Actual Startup Time": 3466.306,
                                        "Actual Total Time": 3558.039,
                                        "Actual Rows": 2533,
                                        "Actual Loops": 1,
                                        "Inner Unique": true,
                                        "Join Filter": "(mi_idx.info_type_id = it2.id)",
                                        "Rows Removed by Join Filter": 5066,
                                        "Plans": [
                                          {
                                            "Node Type": "Nested Loop",
                                            "Parent Relationship": "Outer",
                                            "Parallel Aware": false,
                                            "Join Type": "Inner",
                                            "Startup Cost": 413077.84,
                                            "Total Cost": 413238.96,
                                            "Plan Rows": 173,
                                            "Plan Width": 90,
                                            "Actual Startup Time": 3466.274,
                                            "Actual Total Time": 3556.461,
                                            "Actual Rows": 7599,
                                            "Actual Loops": 1,
                                            "Inner Unique": false,
                                            "Join Filter": "(t.id = mi_idx.movie_id)",
                                            "Rows Removed by Join Filter": 0,
                                            "Plans": [
                                              {
                                                "Node Type": "Merge Join",
                                                "Parent Relationship": "Outer",
                                                "Parallel Aware": false,
                                                "Join Type": "Inner",
                                                "Startup Cost": 413077.41,
                                                "Total Cost": 413208.75,
                                                "Plan Rows": 57,
                                                "Plan Width": 76,
                                                "Actual Startup Time": 3466.116,
                                                "Actual Total Time": 3551.113,
                                                "Actual Rows": 2533,
                                                "Actual Loops": 1,
                                                "Inner Unique": false,
                                                "Merge Cond": "(t.id = mi.movie_id)",
                                                "Plans": [
                                                  {
                                                    "Node Type": "Sort",
                                                    "Parent Relationship": "Outer",
                                                    "Parallel Aware": false,
                                                    "Startup Cost": 52777.72,
                                                    "Total Cost": 52823.63,
                                                    "Plan Rows": 18365,
                                                    "Plan Width": 21,
                                                    "Actual Startup Time": 785.64,
                                                    "Actual Total Time": 785.75,
                                                    "Actual Rows": 454,
                                                    "Actual Loops": 1,
                                                    "Sort Key": [
                                                      "t.id"
                                                    ],
                                                    "Sort Method": "quicksort",
                                                    "Sort Space Used": 60,
                                                    "Sort Space Type": "Memory",
                                                    "Plans": [
                                                      {
                                                        "Node Type": "Gather",
                                                        "Parent Relationship": "Outer",
                                                        "Parallel Aware": false,
                                                        "Startup Cost": 1000.0,
                                                        "Total Cost": 51477.04,
                                                        "Plan Rows": 18365,
                                                        "Plan Width": 21,
                                                        "Actual Startup Time": 4.132,
                                                        "Actual Total Time": 785.016,
                                                        "Actual Rows": 454,
                                                        "Actual Loops": 1,
                                                        "Workers Planned": 4,
                                                        "Workers Launched": 0,
                                                        "Single Copy": false,
                                                        "Plans": [
                                                          {
                                                            "Node Type": "Seq Scan",
                                                            "Parent Relationship": "Outer",
                                                            "Parallel Aware": true,
                                                            "Relation Name": "title",
                                                            "Alias": "t",
                                                            "Startup Cost": 0.0,
                                                            "Total Cost": 48640.54,
                                                            "Plan Rows": 4591,
                                                            "Plan Width": 21,
                                                            "Actual Startup Time": 3.662,
                                                            "Actual Total Time": 784.352,
                                                            "Actual Rows": 454,
                                                            "Actual Loops": 1,
                                                            "Filter": "((production_year < 2010) AND ((title ~~ '%Freddy%'::text) OR (title ~~ '%Jason%'::text) OR (title ~~ 'Saw%'::text)))",
                                                            "Rows Removed by Filter": 2527858
                                                          }
                                                        ]
                                                      }
                                                    ]
                                                  },
                                                  {
                                                    "Node Type": "Sort",
                                                    "Parent Relationship": "Inner",
                                                    "Parallel Aware": false,
                                                    "Startup Cost": 360299.69,
                                                    "Total Cost": 360319.21,
                                                    "Plan Rows": 7807,
                                                    "Plan Width": 55,
                                                    "Actual Startup Time": 2679.915,
                                                    "Actual Total Time": 2716.477,
                                                    "Actual Rows": 940936,
                                                    "Actual Loops": 1,
                                                    "Sort Key": [
                                                      "mi.movie_id"
                                                    ],
                                                    "Sort Method": "quicksort",
                                                    "Sort Space Used": 98204,
                                                    "Sort Space Type": "Memory",
                                                    "Plans": [
                                                      {
                                                        "Node Type": "Nested Loop",
                                                        "Parent Relationship": "Outer",
                                                        "Parallel Aware": false,
                                                        "Join Type": "Inner",
                                                        "Startup Cost": 1000.43,
                                                        "Total Cost": 359794.95,
                                                        "Plan Rows": 7807,
                                                        "Plan Width": 55,
                                                        "Actual Startup Time": 1707.684,
                                                        "Actual Total Time": 2434.716,
                                                        "Actual Rows": 942436,
                                                        "Actual Loops": 1,
                                                        "Inner Unique": false,
                                                        "Join Filter": "(mi.info_type_id = it1.id)",
                                                        "Rows Removed by Join Filter": 74578,
                                                        "Plans": [
                                                          {
                                                            "Node Type": "Seq Scan",
                                                            "Parent Relationship": "Outer",
                                                            "Parallel Aware": false,
                                                            "Relation Name": "info_type",
                                                            "Alias": "it1",
                                                            "Startup Cost": 0.0,
                                                            "Total Cost": 2.41,
                                                            "Plan Rows": 1,
                                                            "Plan Width": 4,
                                                            "Actual Startup Time": 0.024,
                                                            "Actual Total Time": 0.032,
                                                            "Actual Rows": 1,
                                                            "Actual Loops": 1,
                                                            "Filter": "((info)::text = 'genres'::text)",
                                                            "Rows Removed by Filter": 112
                                                          },
                                                          {
                                                            "Node Type": "Gather",
                                                            "Parent Relationship": "Inner",
                                                            "Parallel Aware": false,
                                                            "Startup Cost": 1000.43,
                                                            "Total Cost": 348769.11,
                                                            "Plan Rows": 881874,
                                                            "Plan Width": 59,
                                                            "Actual Startup Time": 1266.688,
                                                            "Actual Total Time": 2348.973,
                                                            "Actual Rows": 1017014,
                                                            "Actual Loops": 1,
                                                            "Workers Planned": 5,
                                                            "Workers Launched": 0,
                                                            "Single Copy": false,
                                                            "Plans": [
                                                              {
                                                                "Node Type": "Nested Loop",
                                                                "Parent Relationship": "Outer",
                                                                "Parallel Aware": false,
                                                                "Join Type": "Inner",
                                                                "Startup Cost": 0.43,
                                                                "Total Cost": 259581.71,
                                                                "Plan Rows": 176375,
                                                                "Plan Width": 59,
                                                                "Actual Startup Time": 1265.986,
                                                                "Actual Total Time": 2288.815,
                                                                "Actual Rows": 1017014,
                                                                "Actual Loops": 1,
                                                                "Inner Unique": false,
                                                                "Plans": [
                                                                  {
                                                                    "Node Type": "Seq Scan",
                                                                    "Parent Relationship": "Outer",
                                                                    "Parallel Aware": true,
                                                                    "Relation Name": "movie_info",
                                                                    "Alias": "mi",
                                                                    "Startup Cost": 0.0,
                                                                    "Total Cost": 199164.27,
                                                                    "Plan Rows": 14076,
                                                                    "Plan Width": 51,
                                                                    "Actual Startup Time": 1265.914,
                                                                    "Actual Total Time": 1855.61,
                                                                    "Actual Rows": 73047,
                                                                    "Actual Loops": 1,
                                                                    "Filter": "(info = ANY ('{Horror,Thriller}'::text[]))",
                                                                    "Rows Removed by Filter": 14762673
                                                                  },
                                                                  {
                                                                    "Node Type": "Index Scan",
                                                                    "Parent Relationship": "Inner",
                                                                    "Parallel Aware": false,
                                                                    "Scan Direction": "Forward",
                                                                    "Index Name": "movie_id_movie_keyword",
                                                                    "Relation Name": "movie_keyword",
                                                                    "Alias": "mk",
                                                                    "Startup Cost": 0.43,
                                                                    "Total Cost": 3.83,
                                                                    "Plan Rows": 46,
                                                                    "Plan Width": 8,
                                                                    "Actual Startup Time": 0.003,
                                                                    "Actual Total Time": 0.004,
                                                                    "Actual Rows": 14,
                                                                    "Actual Loops": 73047,
                                                                    "Index Cond": "(movie_id = mi.movie_id)",
                                                                    "Rows Removed by Index Recheck": 0
                                                                  }
                                                                ]
                                                              }
                                                            ]
                                                          }
                                                        ]
                                                      }
                                                    ]
                                                  }
                                                ]
                                              },
                                              {
                                                "Node Type": "Index Scan",
                                                "Parent Relationship": "Inner",
                                                "Parallel Aware": false,
                                                "Scan Direction": "Forward",
                                                "Index Name": "movie_id_movie_info_idx",
                                                "Relation Name": "movie_info_idx",
                                                "Alias": "mi_idx",
                                                "Startup Cost": 0.43,
                                                "Total Cost": 0.49,
                                                "Plan Rows": 3,
                                                "Plan Width": 14,
                                                "Actual Startup Time": 0.001,
                                                "Actual Total Time": 0.002,
                                                "Actual Rows": 3,
                                                "Actual Loops": 2533,
                                                "Index Cond": "(movie_id = mk.movie_id)",
                                                "Rows Removed by Index Recheck": 0
                                              }
                                            ]
                                          },
                                          {
                                            "Node Type": "Materialize",
                                            "Parent Relationship": "Inner",
                                            "Parallel Aware": false,
                                            "Startup Cost": 0.0,
                                            "Total Cost": 2.42,
                                            "Plan Rows": 1,
                                            "Plan Width": 4,
                                            "Actual Startup Time": 0.0,
                                            "Actual Total Time": 0.0,
                                            "Actual Rows": 1,
                                            "Actual Loops": 7599,
                                            "Plans": [
                                              {
                                                "Node Type": "Seq Scan",
                                                "Parent Relationship": "Outer",
                                                "Parallel Aware": false,
                                                "Relation Name": "info_type",
                                                "Alias": "it2",
                                                "Startup Cost": 0.0,
                                                "Total Cost": 2.41,
                                                "Plan Rows": 1,
                                                "Plan Width": 4,
                                                "Actual Startup Time": 0.022,
                                                "Actual Total Time": 0.023,
                                                "Actual Rows": 1,
                                                "Actual Loops": 1,
                                                "Filter": "((info)::text = 'votes'::text)",
                                                "Rows Removed by Filter": 112
                                              }
                                            ]
                                          }
                                        ]
                                      }
                                    ]
                                  }
                                ]
                              }
                            ]
                          }
                        ]
                      },
                      {
                        "Node Type": "Index Scan",
                        "Parent Relationship": "Inner",
                        "Parallel Aware": false,
                        "Scan Direction": "Forward",
                        "Index Name": "keyword_pkey",
                        "Relation Name": "keyword",
                        "Alias": "k",
                        "Startup Cost": 0.42,
                        "Total Cost": 0.45,
                        "Plan Rows": 1,
                        "Plan Width": 4,
                        "Actual Startup Time": 0.002,
                        "Actual Total Time": 0.002,
                        "Actual Rows": 0,
                        "Actual Loops": 3486,
                        "Index Cond": "(id = mk.keyword_id)",
                        "Rows Removed by Index Recheck": 0,
                        "Filter": "(keyword = ANY ('{murder,violence,blood,gore,death,female-nudity,hospital}'::text[]))",
                        "Rows Removed by Filter": 1
                      }
                    ]
                  },
                  {
                    "Node Type": "Index Scan",
                    "Parent Relationship": "Inner",
                    "Parallel Aware": false,
                    "Scan Direction": "Forward",
                    "Index Name": "company_name_pkey",
                    "Relation Name": "company_name",
                    "Alias": "cn",
                    "Startup Cost": 0.42,
                    "Total Cost": 1.27,
                    "Plan Rows": 1,
                    "Plan Width": 4,
                    "Actual Startup Time": 0.002,
                    "Actual Total Time": 0.002,
                    "Actual Rows": 0,
                    "Actual Loops": 140,
                    "Index Cond": "(id = mc.company_id)",
                    "Rows Removed by Index Recheck": 0,
                    "Filter": "(name ~~ 'Lionsgate%'::text)",
                    "Rows Removed by Filter": 1
                  }
                ]
              }
            ]
          }
        ]
      }
    ]
  },
  "Planning Time": 61.425,
  "Triggers": [],
  "Execution Time": 8072.605
}