[
  {
    "Plan": {
      "Node Type": "Aggregate",
      "Strategy": "Plain",
      "Partial Mode": "Finalize",
      "Parallel Aware": false,
      "Startup Cost": 122157.74,
      "Total Cost": 122157.75,
      "Plan Rows": 1,
      "Plan Width": 8,
      "Actual Startup Time": 846.098,
      "Actual Total Time": 870.335,
      "Actual Rows": 1,
      "Actual Loops": 1,
      "Plans": [
        {
          "Node Type": "Gather",
          "Parent Relationship": "Outer",
          "Parallel Aware": false,
          "Startup Cost": 122157.42,
          "Total Cost": 122157.73,
          "Plan Rows": 3,
          "Plan Width": 8,
          "Actual Startup Time": 835.508,
          "Actual Total Time": 870.324,
          "Actual Rows": 4,
          "Actual Loops": 1,
          "Workers Planned": 3,
          "Workers Launched": 3,
          "Single Copy": false,
          "Plans": [
            {
              "Node Type": "Aggregate",
              "Strategy": "Plain",
              "Partial Mode": "Partial",
              "Parent Relationship": "Outer",
              "Parallel Aware": false,
              "Startup Cost": 121157.42,
              "Total Cost": 121157.43,
              "Plan Rows": 1,
              "Plan Width": 8,
              "Actual Startup Time": 823.092,
              "Actual Total Time": 823.212,
              "Actual Rows": 1,
              "Actual Loops": 4,
              "Plans": [
                {
                  "Node Type": "Hash Join",
                  "Parent Relationship": "Outer",
                  "Parallel Aware": true,
                  "Join Type": "Inner",
                  "Startup Cost": 90394.89,
                  "Total Cost": 120982.87,
                  "Plan Rows": 69820,
                  "Plan Width": 0,
                  "Actual Startup Time": 485.142,
                  "Actual Total Time": 772.577,
                  "Actual Rows": 908894,
                  "Actual Loops": 4,
                  "Inner Unique": false,
                  "Hash Cond": "(mc.movie_id = t.id)",
                  "Plans": [
                    {
                      "Node Type": "Seq Scan",
                      "Parent Relationship": "Outer",
                      "Parallel Aware": true,
                      "Relation Name": "movie_companies",
                      "Alias": "mc",
                      "Startup Cost": 0.0,
                      "Total Cost": 27206.55,
                      "Plan Rows": 841655,
                      "Plan Width": 4,
                      "Actual Startup Time": 0.025,
                      "Actual Total Time": 75.042,
                      "Actual Rows": 652282,
                      "Actual Loops": 4
                    },
                    {
                      "Node Type": "Hash",
                      "Parent Relationship": "Inner",
                      "Parallel Aware": true,
                      "Startup Cost": 89549.17,
                      "Total Cost": 89549.17,
                      "Plan Rows": 67657,
                      "Plan Width": 8,
                      "Actual Startup Time": 483.051,
                      "Actual Total Time": 483.169,
                      "Actual Rows": 139705,
                      "Actual Loops": 4,
                      "Hash Buckets": 1048576,
                      "Original Hash Buckets": 262144,
                      "Hash Batches": 1,
                      "Original Hash Batches": 1,
                      "Peak Memory Usage": 36256,
                      "Plans": [
                        {
                          "Node Type": "Hash Join",
                          "Parent Relationship": "Outer",
                          "Parallel Aware": true,
                          "Join Type": "Inner",
                          "Startup Cost": 61900.69,
                          "Total Cost": 89549.17,
                          "Plan Rows": 67657,
                          "Plan Width": 8,
                          "Actual Startup Time": 269.689,
                          "Actual Total Time": 414.549,
                          "Actual Rows": 139705,
                          "Actual Loops": 4,
                          "Inner Unique": true,
                          "Hash Cond": "(mk.movie_id = t.id)",
                          "Plans": [
                            {
                              "Node Type": "Bitmap Heap Scan",
                              "Parent Relationship": "Outer",
                              "Parallel Aware": true,
                              "Relation Name": "movie_keyword",
                              "Alias": "mk",
                              "Startup Cost": 13890.64,
                              "Total Cost": 40984.71,
                              "Plan Rows": 211205,
                              "Plan Width": 4,
                              "Actual Startup Time": 63.167,
                              "Actual Total Time": 137.602,
                              "Actual Rows": 166810,
                              "Actual Loops": 4,
                              "Recheck Cond": "(keyword_id < 521)",
                              "Rows Removed by Index Recheck": 0,
                              "Exact Heap Blocks": 8597,
                              "Lossy Heap Blocks": 0,
                              "Plans": [
                                {
                                  "Node Type": "Bitmap Index Scan",
                                  "Parent Relationship": "Outer",
                                  "Parallel Aware": false,
                                  "Index Name": "keyword_id_movie_keyword",
                                  "Startup Cost": 0.0,
                                  "Total Cost": 13726.96,
                                  "Plan Rows": 654737,
                                  "Plan Width": 0,
                                  "Actual Startup Time": 56.928,
                                  "Actual Total Time": 56.928,
                                  "Actual Rows": 667241,
                                  "Actual Loops": 1,
                                  "Index Cond": "(keyword_id < 521)"
                                }
                              ]
                            },
                            {
                              "Node Type": "Hash",
                              "Parent Relationship": "Inner",
                              "Parallel Aware": true,
                              "Startup Cost": 45479.1,
                              "Total Cost": 45479.1,
                              "Plan Rows": 202476,
                              "Plan Width": 4,
                              "Actual Startup Time": 202.935,
                              "Actual Total Time": 202.936,
                              "Actual Rows": 210754,
                              "Actual Loops": 4,
                              "Hash Buckets": 1048576,
                              "Original Hash Buckets": 1048576,
                              "Hash Batches": 1,
                              "Original Hash Batches": 1,
                              "Peak Memory Usage": 41248,
                              "Plans": [
                                {
                                  "Node Type": "Seq Scan",
                                  "Parent Relationship": "Outer",
                                  "Parallel Aware": true,
                                  "Relation Name": "title",
                                  "Alias": "t",
                                  "Startup Cost": 0.0,
                                  "Total Cost": 45479.1,
                                  "Plan Rows": 202476,
                                  "Plan Width": 4,
                                  "Actual Startup Time": 0.043,
                                  "Actual Total Time": 122.784,
                                  "Actual Rows": 210754,
                                  "Actual Loops": 4,
                                  "Filter": "((kind_id < 7) AND (production_year < 2011))",
                                  "Rows Removed by Filter": 421324
                                }
                              ]
                            }
                          ]
                        }
                      ]
                    }
                  ]
                }
              ]
            }
          ]
        }
      ]
    },
    "Planning Time": 1.501,
    "Triggers": [],
    "Execution Time": 870.475
  }
]