[
  {
    "Plan": {
      "Node Type": "Aggregate",
      "Strategy": "Plain",
      "Partial Mode": "Finalize",
      "Parallel Aware": false,
      "Startup Cost": 31883.86,
      "Total Cost": 31883.87,
      "Plan Rows": 1,
      "Plan Width": 8,
      "Actual Startup Time": 65.774,
      "Actual Total Time": 71.039,
      "Actual Rows": 1,
      "Actual Loops": 1,
      "Plans": [
        {
          "Node Type": "Gather",
          "Parent Relationship": "Outer",
          "Parallel Aware": false,
          "Startup Cost": 31883.54,
          "Total Cost": 31883.85,
          "Plan Rows": 3,
          "Plan Width": 8,
          "Actual Startup Time": 65.479,
          "Actual Total Time": 71.029,
          "Actual Rows": 4,
          "Actual Loops": 1,
          "Workers Planned": 3,
          "Workers Launched": 3,
          "Single Copy": false,
          "Plans": [
            {
              "Node Type": "Aggregate",
              "Strategy": "Plain",
              "Partial Mode": "Partial",
              "Parent Relationship": "Outer",
              "Parallel Aware": false,
              "Startup Cost": 30883.54,
              "Total Cost": 30883.55,
              "Plan Rows": 1,
              "Plan Width": 8,
              "Actual Startup Time": 61.875,
              "Actual Total Time": 61.876,
              "Actual Rows": 1,
              "Actual Loops": 4,
              "Plans": [
                {
                  "Node Type": "Bitmap Heap Scan",
                  "Parent Relationship": "Outer",
                  "Parallel Aware": true,
                  "Relation Name": "movie_keyword",
                  "Alias": "mk",
                  "Startup Cost": 5236.03,
                  "Total Cost": 30684.62,
                  "Plan Rows": 79567,
                  "Plan Width": 0,
                  "Actual Startup Time": 15.649,
                  "Actual Total Time": 58.207,
                  "Actual Rows": 62297,
                  "Actual Loops": 4,
                  "Recheck Cond": "(keyword_id > 60547)",
                  "Rows Removed by Index Recheck": 0,
                  "Exact Heap Blocks": 9981,
                  "Lossy Heap Blocks": 0,
                  "Plans": [
                    {
                      "Node Type": "Bitmap Index Scan",
                      "Parent Relationship": "Outer",
                      "Parallel Aware": false,
                      "Index Name": "keyword_id_movie_keyword",
                      "Startup Cost": 0.0,
                      "Total Cost": 5174.37,
                      "Plan Rows": 246658,
                      "Plan Width": 0,
                      "Actual Startup Time": 15.806,
                      "Actual Total Time": 15.806,
                      "Actual Rows": 249189,
                      "Actual Loops": 1,
                      "Index Cond": "(keyword_id > 60547)"
                    }
                  ]
                }
              ]
            }
          ]
        }
      ]
    },
    "Planning Time": 0.182,
    "Triggers": [],
    "Execution Time": 71.113
  }
]