{
  "Plan": {
    "Node Type": "Aggregate",
    "Strategy": "Plain",
    "Partial Mode": "Simple",
    "Parallel Aware": false,
    "Startup Cost": 835460.91,
    "Total Cost": 835460.92,
    "Plan Rows": 1,
    "Plan Width": 64,
    "Actual Startup Time": 3018.064,
    "Actual Total Time": 3018.277,
    "Actual Rows": 1,
    "Actual Loops": 1,
    "Plans": [
      {
        "Node Type": "Merge Join",
        "Parent Relationship": "Outer",
        "Parallel Aware": false,
        "Join Type": "Inner",
        "Startup Cost": 760974.95,
        "Total Cost": 835460.91,
        "Plan Rows": 1,
        "Plan Width": 33,
        "Actual Startup Time": 3017.939,
        "Actual Total Time": 3018.249,
        "Actual Rows": 6,
        "Actual Loops": 1,
        "Inner Unique": false,
        "Merge Cond": "(n.id = an.person_id)",
        "Plans": [
          {
            "Node Type": "Merge Join",
            "Parent Relationship": "Outer",
            "Parallel Aware": false,
            "Join Type": "Inner",
            "Startup Cost": 760974.52,
            "Total Cost": 761179.61,
            "Plan Rows": 1,
            "Plan Width": 25,
            "Actual Startup Time": 2843.549,
            "Actual Total Time": 2843.832,
            "Actual Rows": 4,
            "Actual Loops": 1,
            "Inner Unique": true,
            "Merge Cond": "(ci.person_id = n.id)",
            "Plans": [
              {
                "Node Type": "Sort",
                "Parent Relationship": "Outer",
                "Parallel Aware": false,
                "Startup Cost": 660148.6,
                "Total Cost": 660148.61,
                "Plan Rows": 1,
                "Plan Width": 21,
                "Actual Startup Time": 2585.066,
                "Actual Total Time": 2585.24,
                "Actual Rows": 25,
                "Actual Loops": 1,
                "Sort Key": [
                  "ci.person_id"
                ],
                "Sort Method": "quicksort",
                "Sort Space Used": 27,
                "Sort Space Type": "Memory",
                "Plans": [
                  {
                    "Node Type": "Merge Join",
                    "Parent Relationship": "Outer",
                    "Parallel Aware": false,
                    "Join Type": "Inner",
                    "Startup Cost": 660148.57,
                    "Total Cost": 660148.59,
                    "Plan Rows": 1,
                    "Plan Width": 21,
                    "Actual Startup Time": 2585.05,
                    "Actual Total Time": 2585.225,
                    "Actual Rows": 25,
                    "Actual Loops": 1,
                    "Inner Unique": true,
                    "Merge Cond": "(ci.role_id = rt.id)",
                    "Plans": [
                      {
                        "Node Type": "Sort",
                        "Parent Relationship": "Outer",
                        "Parallel Aware": false,
                        "Startup Cost": 660147.41,
                        "Total Cost": 660147.41,
                        "Plan Rows": 1,
                        "Plan Width": 25,
                        "Actual Startup Time": 2585.006,
                        "Actual Total Time": 2585.178,
                        "Actual Rows": 104,
                        "Actual Loops": 1,
                        "Sort Key": [
                          "ci.role_id"
                        ],
                        "Sort Method": "quicksort",
                        "Sort Space Used": 38,
                        "Sort Space Type": "Memory",
                        "Plans": [
                          {
                            "Node Type": "Merge Join",
                            "Parent Relationship": "Outer",
                            "Parallel Aware": false,
                            "Join Type": "Inner",
                            "Startup Cost": 659717.93,
                            "Total Cost": 660147.4,
                            "Plan Rows": 1,
                            "Plan Width": 25,
                            "Actual Startup Time": 2583.707,
                            "Actual Total Time": 2585.151,
                            "Actual Rows": 104,
                            "Actual Loops": 1,
                            "Inner Unique": false,
                            "Merge Cond": "(t.id = ci.movie_id)",
                            "Plans": [
                              {
                                "Node Type": "Merge Join",
                                "Parent Relationship": "Outer",
                                "Parallel Aware": false,
                                "Join Type": "Inner",
                                "Startup Cost": 123816.64,
                                "Total Cost": 123817.05,
                                "Plan Rows": 1,
                                "Plan Width": 25,
                                "Actual Startup Time": 330.329,
                                "Actual Total Time": 330.696,
                                "Actual Rows": 4,
                                "Actual Loops": 1,
                                "Inner Unique": true,
                                "Merge Cond": "(mc.movie_id = t.id)",
                                "Plans": [
                                  {
                                    "Node Type": "Sort",
                                    "Parent Relationship": "Outer",
                                    "Parallel Aware": false,
                                    "Startup Cost": 57065.87,
                                    "Total Cost": 57065.96,
                                    "Plan Rows": 36,
                                    "Plan Width": 4,
                                    "Actual Startup Time": 194.338,
                                    "Actual Total Time": 194.992,
                                    "Actual Rows": 7266,
                                    "Actual Loops": 1,
                                    "Sort Key": [
                                      "mc.movie_id"
                                    ],
                                    "Sort Method": "quicksort",
                                    "Sort Space Used": 783,
                                    "Sort Space Type": "Memory",
                                    "Plans": [
                                      {
                                        "Node Type": "Merge Join",
                                        "Parent Relationship": "Outer",
                                        "Parallel Aware": false,
                                        "Join Type": "Inner",
                                        "Startup Cost": 57026.06,
                                        "Total Cost": 57064.94,
                                        "Plan Rows": 36,
                                        "Plan Width": 4,
                                        "Actual Startup Time": 191.149,
                                        "Actual Total Time": 193.067,
                                        "Actual Rows": 8495,
                                        "Actual Loops": 1,
                                        "Inner Unique": true,
                                        "Merge Cond": "(mc.company_id = cn.id)",
                                        "Plans": [
                                          {
                                            "Node Type": "Sort",
                                            "Parent Relationship": "Outer",
                                            "Parallel Aware": false,
                                            "Startup Cost": 50687.17,
                                            "Total Cost": 50690.48,
                                            "Plan Rows": 1327,
                                            "Plan Width": 8,
                                            "Actual Startup Time": 168.858,
                                            "Actual Total Time": 169.536,
                                            "Actual Rows": 8569,
                                            "Actual Loops": 1,
                                            "Sort Key": [
                                              "mc.company_id"
                                            ],
                                            "Sort Method": "quicksort",
                                            "Sort Space Used": 786,
                                            "Sort Space Type": "Memory",
                                            "Plans": [
                                              {
                                                "Node Type": "Gather",
                                                "Parent Relationship": "Outer",
                                                "Parallel Aware": false,
                                                "Startup Cost": 1000.0,
                                                "Total Cost": 50618.34,
                                                "Plan Rows": 1327,
                                                "Plan Width": 8,
                                                "Actual Startup Time": 0.79,
                                                "Actual Total Time": 167.519,
                                                "Actual Rows": 8569,
                                                "Actual Loops": 1,
                                                "Workers Planned": 1,
                                                "Workers Launched": 1,
                                                "Single Copy": false,
                                                "Plans": [
                                                  {
                                                    "Node Type": "Seq Scan",
                                                    "Parent Relationship": "Outer",
                                                    "Parallel Aware": true,
                                                    "Relation Name": "movie_companies",
                                                    "Alias": "mc",
                                                    "Startup Cost": 0.0,
                                                    "Total Cost": 49485.64,
                                                    "Plan Rows": 781,
                                                    "Plan Width": 8,
                                                    "Actual Startup Time": 0.209,
                                                    "Actual Total Time": 160.767,
                                                    "Actual Rows": 4284,
                                                    "Actual Loops": 2,
                                                    "Filter": "((note ~~ '%(Japan)%'::text) AND (note !~~ '%(USA)%'::text) AND ((note ~~ '%(2006)%'::text) OR (note ~~ '%(2007)%'::text)))",
                                                    "Rows Removed by Filter": 1300280
                                                  }
                                                ]
                                              }
                                            ]
                                          },
                                          {
                                            "Node Type": "Sort",
                                            "Parent Relationship": "Inner",
                                            "Parallel Aware": false,
                                            "Startup Cost": 6338.69,
                                            "Total Cost": 6354.74,
                                            "Plan Rows": 6423,
                                            "Plan Width": 4,
                                            "Actual Startup Time": 22.281,
                                            "Actual Total Time": 22.436,
                                            "Actual Rows": 2407,
                                            "Actual Loops": 1,
                                            "Sort Key": [
                                              "cn.id"
                                            ],
                                            "Sort Method": "quicksort",
                                            "Sort Space Used": 509,
                                            "Sort Space Type": "Memory",
                                            "Plans": [
                                              {
                                                "Node Type": "Seq Scan",
                                                "Parent Relationship": "Outer",
                                                "Parallel Aware": false,
                                                "Relation Name": "company_name",
                                                "Alias": "cn",
                                                "Startup Cost": 0.0,
                                                "Total Cost": 5932.46,
                                                "Plan Rows": 6423,
                                                "Plan Width": 4,
                                                "Actual Startup Time": 0.016,
                                                "Actual Total Time": 21.115,
                                                "Actual Rows": 6752,
                                                "Actual Loops": 1,
                                                "Filter": "((country_code)::text = '[jp]'::text)",
                                                "Rows Removed by Filter": 228245
                                              }
                                            ]
                                          }
                                        ]
                                      }
                                    ]
                                  },
                                  {
                                    "Node Type": "Sort",
                                    "Parent Relationship": "Inner",
                                    "Parallel Aware": false,
                                    "Startup Cost": 66750.77,
                                    "Total Cost": 66750.88,
                                    "Plan Rows": 44,
                                    "Plan Width": 21,
                                    "Actual Startup Time": 135.244,
                                    "Actual Total Time": 135.278,
                                    "Actual Rows": 7,
                                    "Actual Loops": 1,
                                    "Sort Key": [
                                      "t.id"
                                    ],
                                    "Sort Method": "quicksort",
                                    "Sort Space Used": 25,
                                    "Sort Space Type": "Memory",
                                    "Plans": [
                                      {
                                        "Node Type": "Gather",
                                        "Parent Relationship": "Outer",
                                        "Parallel Aware": false,
                                        "Startup Cost": 1000.0,
                                        "Total Cost": 66749.56,
                                        "Plan Rows": 44,
                                        "Plan Width": 21,
                                        "Actual Startup Time": 102.809,
                                        "Actual Total Time": 135.259,
                                        "Actual Rows": 7,
                                        "Actual Loops": 1,
                                        "Workers Planned": 1,
                                        "Workers Launched": 1,
                                        "Single Copy": false,
                                        "Plans": [
                                          {
                                            "Node Type": "Seq Scan",
                                            "Parent Relationship": "Outer",
                                            "Parallel Aware": true,
                                            "Relation Name": "title",
                                            "Alias": "t",
                                            "Startup Cost": 0.0,
                                            "Total Cost": 65745.16,
                                            "Plan Rows": 26,
                                            "Plan Width": 21,
                                            "Actual Startup Time": 98.778,
                                            "Actual Total Time": 132.509,
                                            "Actual Rows": 4,
                                            "Actual Loops": 2,
                                            "Filter": "((production_year >= 2006) AND (production_year <= 2007) AND ((title ~~ 'One Piece%'::text) OR (title ~~ 'Dragon Ball Z%'::text)))",
                                            "Rows Removed by Filter": 1264152
                                          }
                                        ]
                                      }
                                    ]
                                  }
                                ]
                              },
                              {
                                "Node Type": "Sort",
                                "Parent Relationship": "Inner",
                                "Parallel Aware": false,
                                "Startup Cost": 535901.29,
                                "Total Cost": 536115.81,
                                "Plan Rows": 85810,
                                "Plan Width": 12,
                                "Actual Startup Time": 2244.173,
                                "Actual Total Time": 2249.217,
                                "Actual Rows": 86776,
                                "Actual Loops": 1,
                                "Sort Key": [
                                  "ci.movie_id"
                                ],
                                "Sort Method": "quicksort",
                                "Sort Space Used": 7436,
                                "Sort Space Type": "Memory",
                                "Plans": [
                                  {
                                    "Node Type": "Gather",
                                    "Parent Relationship": "Outer",
                                    "Parallel Aware": false,
                                    "Startup Cost": 1000.0,
                                    "Total Cost": 528869.65,
                                    "Plan Rows": 85810,
                                    "Plan Width": 12,
                                    "Actual Startup Time": 0.523,
                                    "Actual Total Time": 2227.979,
                                    "Actual Rows": 93095,
                                    "Actual Loops": 1,
                                    "Workers Planned": 1,
                                    "Workers Launched": 0,
                                    "Single Copy": false,
                                    "Plans": [
                                      {
                                        "Node Type": "Seq Scan",
                                        "Parent Relationship": "Outer",
                                        "Parallel Aware": true,
                                        "Relation Name": "cast_info",
                                        "Alias": "ci",
                                        "Startup Cost": 0.0,
                                        "Total Cost": 519288.65,
                                        "Plan Rows": 50476,
                                        "Plan Width": 12,
                                        "Actual Startup Time": 0.302,
                                        "Actual Total Time": 2222.154,
                                        "Actual Rows": 93095,
                                        "Actual Loops": 1,
                                        "Filter": "(note = '(voice: English version)'::text)",
                                        "Rows Removed by Filter": 36151249
                                      }
                                    ]
                                  }
                                ]
                              }
                            ]
                          }
                        ]
                      },
                      {
                        "Node Type": "Sort",
                        "Parent Relationship": "Inner",
                        "Parallel Aware": false,
                        "Startup Cost": 1.16,
                        "Total Cost": 1.16,
                        "Plan Rows": 1,
                        "Plan Width": 4,
                        "Actual Startup Time": 0.034,
                        "Actual Total Time": 0.035,
                        "Actual Rows": 1,
                        "Actual Loops": 1,
                        "Sort Key": [
                          "rt.id"
                        ],
                        "Sort Method": "quicksort",
                        "Sort Space Used": 25,
                        "Sort Space Type": "Memory",
                        "Plans": [
                          {
                            "Node Type": "Seq Scan",
                            "Parent Relationship": "Outer",
                            "Parallel Aware": false,
                            "Relation Name": "role_type",
                            "Alias": "rt",
                            "Startup Cost": 0.0,
                            "Total Cost": 1.15,
                            "Plan Rows": 1,
                            "Plan Width": 4,
                            "Actual Startup Time": 0.025,
                            "Actual Total Time": 0.026,
                            "Actual Rows": 1,
                            "Actual Loops": 1,
                            "Filter": "((role)::text = 'actress'::text)",
                            "Rows Removed by Filter": 11
                          }
                        ]
                      }
                    ]
                  }
                ]
              },
              {
                "Node Type": "Sort",
                "Parent Relationship": "Inner",
                "Parallel Aware": false,
                "Startup Cost": 100825.92,
                "Total Cost": 100931.15,
                "Plan Rows": 42091,
                "Plan Width": 4,
                "Actual Startup Time": 257.385,
                "Actual Total Time": 258.009,
                "Actual Rows": 11650,
                "Actual Loops": 1,
                "Sort Key": [
                  "n.id"
                ],
                "Sort Method": "quicksort",
                "Sort Space Used": 1749,
                "Sort Space Type": "Memory",
                "Plans": [
                  {
                    "Node Type": "Gather",
                    "Parent Relationship": "Outer",
                    "Parallel Aware": false,
                    "Startup Cost": 1000.0,
                    "Total Cost": 97593.07,
                    "Plan Rows": 42091,
                    "Plan Width": 4,
                    "Actual Startup Time": 0.266,
                    "Actual Total Time": 254.113,
                    "Actual Rows": 20911,
                    "Actual Loops": 1,
                    "Workers Planned": 1,
                    "Workers Launched": 1,
                    "Single Copy": false,
                    "Plans": [
                      {
                        "Node Type": "Seq Scan",
                        "Parent Relationship": "Outer",
                        "Parallel Aware": true,
                        "Relation Name": "name",
                        "Alias": "n",
                        "Startup Cost": 0.0,
                        "Total Cost": 92383.97,
                        "Plan Rows": 24759,
                        "Plan Width": 4,
                        "Actual Startup Time": 0.343,
                        "Actual Total Time": 246.399,
                        "Actual Rows": 10456,
                        "Actual Loops": 2,
                        "Filter": "((name ~~ '%Yo%'::text) AND (name !~~ '%Yu%'::text))",
                        "Rows Removed by Filter": 2073290
                      }
                    ]
                  }
                ]
              }
            ]
          },
          {
            "Node Type": "Index Scan",
            "Parent Relationship": "Inner",
            "Parallel Aware": false,
            "Scan Direction": "Forward",
            "Index Name": "person_id_aka_name",
            "Relation Name": "aka_name",
            "Alias": "an",
            "Startup Cost": 0.42,
            "Total Cost": 72027.93,
            "Plan Rows": 901343,
            "Plan Width": 20,
            "Actual Startup Time": 0.022,
            "Actual Total Time": 141.261,
            "Actual Rows": 576731,
            "Actual Loops": 1
          }
        ]
      }
    ]
  },
  "Planning Time": 2.914,
  "Triggers": [],
  "Execution Time": 3018.44
}