[
  {
    "Plan": {
      "Node Type": "Aggregate",
      "Strategy": "Plain",
      "Partial Mode": "Finalize",
      "Parallel Aware": false,
      "Startup Cost": 136330.26,
      "Total Cost": 136330.27,
      "Plan Rows": 1,
      "Plan Width": 8,
      "Actual Startup Time": 1047.613,
      "Actual Total Time": 1073.252,
      "Actual Rows": 1,
      "Actual Loops": 1,
      "Plans": [
        {
          "Node Type": "Gather",
          "Parent Relationship": "Outer",
          "Parallel Aware": false,
          "Startup Cost": 136329.95,
          "Total Cost": 136330.26,
          "Plan Rows": 3,
          "Plan Width": 8,
          "Actual Startup Time": 1030.657,
          "Actual Total Time": 1073.241,
          "Actual Rows": 4,
          "Actual Loops": 1,
          "Workers Planned": 3,
          "Workers Launched": 3,
          "Single Copy": false,
          "Plans": [
            {
              "Node Type": "Aggregate",
              "Strategy": "Plain",
              "Partial Mode": "Partial",
              "Parent Relationship": "Outer",
              "Parallel Aware": false,
              "Startup Cost": 135329.95,
              "Total Cost": 135329.96,
              "Plan Rows": 1,
              "Plan Width": 8,
              "Actual Startup Time": 1022.327,
              "Actual Total Time": 1022.855,
              "Actual Rows": 1,
              "Actual Loops": 4,
              "Plans": [
                {
                  "Node Type": "Hash Join",
                  "Parent Relationship": "Outer",
                  "Parallel Aware": true,
                  "Join Type": "Inner",
                  "Startup Cost": 87941.67,
                  "Total Cost": 134431.75,
                  "Plan Rows": 359277,
                  "Plan Width": 0,
                  "Actual Startup Time": 729.36,
                  "Actual Total Time": 979.165,
                  "Actual Rows": 1003063,
                  "Actual Loops": 4,
                  "Inner Unique": false,
                  "Hash Cond": "(mk.movie_id = t.id)",
                  "Plans": [
                    {
                      "Node Type": "Seq Scan",
                      "Parent Relationship": "Outer",
                      "Parallel Aware": true,
                      "Relation Name": "movie_keyword",
                      "Alias": "mk",
                      "Startup Cost": 0.0,
                      "Total Cost": 42695.65,
                      "Plan Rows": 702791,
                      "Plan Width": 4,
                      "Actual Startup Time": 0.358,
                      "Actual Total Time": 109.081,
                      "Actual Rows": 540490,
                      "Actual Loops": 4,
                      "Filter": "(keyword_id > 5309)",
                      "Rows Removed by Filter": 590492
                    },
                    {
                      "Node Type": "Hash",
                      "Parent Relationship": "Inner",
                      "Parallel Aware": true,
                      "Startup Cost": 82729.71,
                      "Total Cost": 82729.71,
                      "Plan Rows": 416957,
                      "Plan Width": 8,
                      "Actual Startup Time": 723.179,
                      "Actual Total Time": 723.706,
                      "Actual Rows": 329584,
                      "Actual Loops": 4,
                      "Hash Buckets": 2097152,
                      "Original Hash Buckets": 2097152,
                      "Hash Batches": 1,
                      "Original Hash Batches": 1,
                      "Peak Memory Usage": 68032,
                      "Plans": [
                        {
                          "Node Type": "Hash Join",
                          "Parent Relationship": "Outer",
                          "Parallel Aware": true,
                          "Join Type": "Inner",
                          "Startup Cost": 50220.38,
                          "Total Cost": 82729.71,
                          "Plan Rows": 416957,
                          "Plan Width": 8,
                          "Actual Startup Time": 431.615,
                          "Actual Total Time": 610.553,
                          "Actual Rows": 329584,
                          "Actual Loops": 4,
                          "Inner Unique": true,
                          "Hash Cond": "(mc.movie_id = t.id)",
                          "Plans": [
                            {
                              "Node Type": "Seq Scan",
                              "Parent Relationship": "Outer",
                              "Parallel Aware": true,
                              "Relation Name": "movie_companies",
                              "Alias": "mc",
                              "Startup Cost": 0.0,
                              "Total Cost": 31414.82,
                              "Plan Rows": 416957,
                              "Plan Width": 4,
                              "Actual Startup Time": 34.737,
                              "Actual Total Time": 80.688,
                              "Actual Rows": 329584,
                              "Actual Loops": 4,
                              "Filter": "((company_id > 11) AND (company_type_id > 1))",
                              "Rows Removed by Filter": 322698
                            },
                            {
                              "Node Type": "Hash",
                              "Parent Relationship": "Inner",
                              "Parallel Aware": true,
                              "Startup Cost": 42319.06,
                              "Total Cost": 42319.06,
                              "Plan Rows": 632106,
                              "Plan Width": 4,
                              "Actual Startup Time": 389.708,
                              "Actual Total Time": 389.709,
                              "Actual Rows": 632078,
                              "Actual Loops": 4,
                              "Hash Buckets": 4194304,
                              "Original Hash Buckets": 4194304,
                              "Hash Batches": 1,
                              "Original Hash Batches": 1,
                              "Peak Memory Usage": 131744,
                              "Plans": [
                                {
                                  "Node Type": "Seq Scan",
                                  "Parent Relationship": "Outer",
                                  "Parallel Aware": true,
                                  "Relation Name": "title",
                                  "Alias": "t",
                                  "Startup Cost": 0.0,
                                  "Total Cost": 42319.06,
                                  "Plan Rows": 632106,
                                  "Plan Width": 4,
                                  "Actual Startup Time": 0.059,
                                  "Actual Total Time": 112.756,
                                  "Actual Rows": 632078,
                                  "Actual Loops": 4
                                }
                              ]
                            }
                          ]
                        }
                      ]
                    }
                  ]
                }
              ]
            }
          ]
        }
      ]
    },
    "Planning Time": 0.715,
    "Triggers": [],
    "Execution Time": 1073.304
  }
]