[
  {
    "Plan": {
      "Node Type": "Aggregate",
      "Strategy": "Plain",
      "Partial Mode": "Finalize",
      "Parallel Aware": false,
      "Startup Cost": 46245.56,
      "Total Cost": 46245.57,
      "Plan Rows": 1,
      "Plan Width": 8,
      "Actual Startup Time": 162.342,
      "Actual Total Time": 173.613,
      "Actual Rows": 1,
      "Actual Loops": 1,
      "Plans": [
        {
          "Node Type": "Gather",
          "Parent Relationship": "Outer",
          "Parallel Aware": false,
          "Startup Cost": 46245.24,
          "Total Cost": 46245.55,
          "Plan Rows": 3,
          "Plan Width": 8,
          "Actual Startup Time": 162.224,
          "Actual Total Time": 173.604,
          "Actual Rows": 4,
          "Actual Loops": 1,
          "Workers Planned": 3,
          "Workers Launched": 3,
          "Single Copy": false,
          "Plans": [
            {
              "Node Type": "Aggregate",
              "Strategy": "Plain",
              "Partial Mode": "Partial",
              "Parent Relationship": "Outer",
              "Parallel Aware": false,
              "Startup Cost": 45245.24,
              "Total Cost": 45245.25,
              "Plan Rows": 1,
              "Plan Width": 8,
              "Actual Startup Time": 158.543,
              "Actual Total Time": 158.544,
              "Actual Rows": 1,
              "Actual Loops": 4,
              "Plans": [
                {
                  "Node Type": "Seq Scan",
                  "Parent Relationship": "Outer",
                  "Parallel Aware": true,
                  "Relation Name": "movie_keyword",
                  "Alias": "mk",
                  "Startup Cost": 0.0,
                  "Total Cost": 42695.65,
                  "Plan Rows": 1019834,
                  "Plan Width": 0,
                  "Actual Startup Time": 0.204,
                  "Actual Total Time": 121.509,
                  "Actual Rows": 788893,
                  "Actual Loops": 4,
                  "Filter": "(keyword_id > 1799)",
                  "Rows Removed by Filter": 342090
                }
              ]
            }
          ]
        }
      ]
    },
    "Planning Time": 0.216,
    "Triggers": [],
    "Execution Time": 173.661
  }
]