[
  {
    "Plan": {
      "Node Type": "Aggregate",
      "Strategy": "Plain",
      "Partial Mode": "Finalize",
      "Parallel Aware": false,
      "Startup Cost": 46252.45,
      "Total Cost": 46252.46,
      "Plan Rows": 1,
      "Plan Width": 8,
      "Actual Startup Time": 166.448,
      "Actual Total Time": 174.142,
      "Actual Rows": 1,
      "Actual Loops": 1,
      "Plans": [
        {
          "Node Type": "Gather",
          "Parent Relationship": "Outer",
          "Parallel Aware": false,
          "Startup Cost": 46252.14,
          "Total Cost": 46252.45,
          "Plan Rows": 3,
          "Plan Width": 8,
          "Actual Startup Time": 166.337,
          "Actual Total Time": 174.134,
          "Actual Rows": 4,
          "Actual Loops": 1,
          "Workers Planned": 3,
          "Workers Launched": 3,
          "Single Copy": false,
          "Plans": [
            {
              "Node Type": "Aggregate",
              "Strategy": "Plain",
              "Partial Mode": "Partial",
              "Parent Relationship": "Outer",
              "Parallel Aware": false,
              "Startup Cost": 45252.14,
              "Total Cost": 45252.15,
              "Plan Rows": 1,
              "Plan Width": 8,
              "Actual Startup Time": 159.841,
              "Actual Total Time": 159.842,
              "Actual Rows": 1,
              "Actual Loops": 4,
              "Plans": [
                {
                  "Node Type": "Seq Scan",
                  "Parent Relationship": "Outer",
                  "Parallel Aware": true,
                  "Relation Name": "movie_keyword",
                  "Alias": "mk",
                  "Startup Cost": 0.0,
                  "Total Cost": 42695.65,
                  "Plan Rows": 1022593,
                  "Plan Width": 0,
                  "Actual Startup Time": 0.221,
                  "Actual Total Time": 121.998,
                  "Actual Rows": 788893,
                  "Actual Loops": 4,
                  "Filter": "(keyword_id > 1799)",
                  "Rows Removed by Filter": 342090
                }
              ]
            }
          ]
        }
      ]
    },
    "Planning Time": 0.184,
    "Triggers": [],
    "Execution Time": 174.195
  }
]