[
  {
    "Plan": {
      "Node Type": "Aggregate",
      "Strategy": "Plain",
      "Partial Mode": "Finalize",
      "Parallel Aware": false,
      "Startup Cost": 278093.12,
      "Total Cost": 278093.13,
      "Plan Rows": 1,
      "Plan Width": 8,
      "Actual Startup Time": 113.834,
      "Actual Total Time": 118.449,
      "Actual Rows": 1,
      "Actual Loops": 1,
      "Plans": [
        {
          "Node Type": "Gather",
          "Parent Relationship": "Outer",
          "Parallel Aware": false,
          "Startup Cost": 278092.5,
          "Total Cost": 278093.11,
          "Plan Rows": 6,
          "Plan Width": 8,
          "Actual Startup Time": 113.532,
          "Actual Total Time": 118.443,
          "Actual Rows": 7,
          "Actual Loops": 1,
          "Workers Planned": 6,
          "Workers Launched": 6,
          "Single Copy": false,
          "Plans": [
            {
              "Node Type": "Aggregate",
              "Strategy": "Plain",
              "Partial Mode": "Partial",
              "Parent Relationship": "Outer",
              "Parallel Aware": false,
              "Startup Cost": 277092.5,
              "Total Cost": 277092.51,
              "Plan Rows": 1,
              "Plan Width": 8,
              "Actual Startup Time": 102.387,
              "Actual Total Time": 102.389,
              "Actual Rows": 1,
              "Actual Loops": 7,
              "Plans": [
                {
                  "Node Type": "Bitmap Heap Scan",
                  "Parent Relationship": "Outer",
                  "Parallel Aware": true,
                  "Relation Name": "cast_info",
                  "Alias": "ci",
                  "Startup Cost": 21780.65,
                  "Total Cost": 276951.47,
                  "Plan Rows": 56410,
                  "Plan Width": 0,
                  "Actual Startup Time": 89.756,
                  "Actual Total Time": 100.96,
                  "Actual Rows": 27793,
                  "Actual Loops": 7,
                  "Recheck Cond": "(person_id < 101408)",
                  "Rows Removed by Index Recheck": 0,
                  "Filter": "(role_id > 3)",
                  "Rows Removed by Filter": 114071,
                  "Exact Heap Blocks": 3683,
                  "Lossy Heap Blocks": 0,
                  "Plans": [
                    {
                      "Node Type": "Bitmap Index Scan",
                      "Parent Relationship": "Outer",
                      "Parallel Aware": false,
                      "Index Name": "person_id_cast_info",
                      "Startup Cost": 0.0,
                      "Total Cost": 21696.03,
                      "Plan Rows": 993529,
                      "Plan Width": 0,
                      "Actual Startup Time": 62.539,
                      "Actual Total Time": 62.539,
                      "Actual Rows": 993047,
                      "Actual Loops": 1,
                      "Index Cond": "(person_id < 101408)"
                    }
                  ]
                }
              ]
            }
          ]
        }
      ]
    },
    "Planning Time": 0.196,
    "Triggers": [],
    "Execution Time": 118.519
  }
]