[
    {
        "Bao": {
            "Bao prediction": "NaN",
            "Bao recommended hint": "(no hint)"
        }
    },
    {
        "Plan": {
            "Node Type": "Aggregate",
            "Strategy": "Plain",
            "Partial Mode": "Finalize",
            "Parallel Aware": false,
            "Startup Cost": 29639.14,
            "Total Cost": 29639.15,
            "Plan Rows": 1,
            "Plan Width": 8,
            "Actual Startup Time": 67.036,
            "Actual Total Time": 72.399,
            "Actual Rows": 1,
            "Actual Loops": 1,
            "Output": [
                "count(*)"
            ],
            "Plans": [
                {
                    "Node Type": "Gather",
                    "Parent Relationship": "Outer",
                    "Parallel Aware": false,
                    "Startup Cost": 29638.82,
                    "Total Cost": 29639.13,
                    "Plan Rows": 3,
                    "Plan Width": 8,
                    "Actual Startup Time": 66.726,
                    "Actual Total Time": 72.391,
                    "Actual Rows": 4,
                    "Actual Loops": 1,
                    "Output": [
                        "(PARTIAL count(*))"
                    ],
                    "Workers Planned": 3,
                    "Workers Launched": 3,
                    "Single Copy": false,
                    "Plans": [
                        {
                            "Node Type": "Aggregate",
                            "Strategy": "Plain",
                            "Partial Mode": "Partial",
                            "Parent Relationship": "Outer",
                            "Parallel Aware": false,
                            "Startup Cost": 28638.82,
                            "Total Cost": 28638.83,
                            "Plan Rows": 1,
                            "Plan Width": 8,
                            "Actual Startup Time": 58.033,
                            "Actual Total Time": 58.035,
                            "Actual Rows": 1,
                            "Actual Loops": 4,
                            "Output": [
                                "PARTIAL count(*)"
                            ],
                            "Workers": [
                                {
                                    "Worker Number": 0,
                                    "Actual Startup Time": 55.145,
                                    "Actual Total Time": 55.147,
                                    "Actual Rows": 1,
                                    "Actual Loops": 1
                                },
                                {
                                    "Worker Number": 1,
                                    "Actual Startup Time": 55.262,
                                    "Actual Total Time": 55.264,
                                    "Actual Rows": 1,
                                    "Actual Loops": 1
                                },
                                {
                                    "Worker Number": 2,
                                    "Actual Startup Time": 55.261,
                                    "Actual Total Time": 55.262,
                                    "Actual Rows": 1,
                                    "Actual Loops": 1
                                }
                            ],
                            "Plans": [
                                {
                                    "Node Type": "Bitmap Heap Scan",
                                    "Parent Relationship": "Outer",
                                    "Parallel Aware": true,
                                    "Relation Name": "movie_keyword",
                                    "Schema": "public",
                                    "Alias": "mk",
                                    "Startup Cost": 3408.25,
                                    "Total Cost": 28509.39,
                                    "Plan Rows": 51772,
                                    "Plan Width": 0,
                                    "Actual Startup Time": 8.195,
                                    "Actual Total Time": 55.406,
                                    "Actual Rows": 37950,
                                    "Actual Loops": 4,
                                    "Recheck Cond": "(mk.keyword_id > 73665)",
                                    "Rows Removed by Index Recheck": 0,
                                    "Exact Heap Blocks": 11947,
                                    "Lossy Heap Blocks": 0,
                                    "Workers": [
                                        {
                                            "Worker Number": 0,
                                            "Actual Startup Time": 5.429,
                                            "Actual Total Time": 52.929,
                                            "Actual Rows": 18656,
                                            "Actual Loops": 1
                                        },
                                        {
                                            "Worker Number": 1,
                                            "Actual Startup Time": 5.492,
                                            "Actual Total Time": 53.079,
                                            "Actual Rows": 21367,
                                            "Actual Loops": 1
                                        },
                                        {
                                            "Worker Number": 2,
                                            "Actual Startup Time": 5.438,
                                            "Actual Total Time": 53.004,
                                            "Actual Rows": 18204,
                                            "Actual Loops": 1
                                        }
                                    ],
                                    "Plans": [
                                        {
                                            "Node Type": "Bitmap Index Scan",
                                            "Parent Relationship": "Outer",
                                            "Parallel Aware": false,
                                            "Index Name": "keyword_id_movie_keyword",
                                            "Startup Cost": 0.0,
                                            "Total Cost": 3368.12,
                                            "Plan Rows": 160492,
                                            "Plan Width": 0,
                                            "Actual Startup Time": 12.589,
                                            "Actual Total Time": 12.59,
                                            "Actual Rows": 151802,
                                            "Actual Loops": 1,
                                            "Index Cond": "(mk.keyword_id > 73665)"
                                        }
                                    ]
                                }
                            ]
                        }
                    ]
                }
            ]
        },
        "Planning Time": 189.957,
        "Triggers": [],
        "Execution Time": 72.451
    }
]