[
  {
    "Plan": {
      "Node Type": "Aggregate",
      "Strategy": "Plain",
      "Partial Mode": "Finalize",
      "Parallel Aware": false,
      "Startup Cost": 82335.77,
      "Total Cost": 82335.78,
      "Plan Rows": 1,
      "Plan Width": 8,
      "Actual Startup Time": 412.997,
      "Actual Total Time": 428.834,
      "Actual Rows": 1,
      "Actual Loops": 1,
      "Plans": [
        {
          "Node Type": "Gather",
          "Parent Relationship": "Outer",
          "Parallel Aware": false,
          "Startup Cost": 82335.35,
          "Total Cost": 82335.76,
          "Plan Rows": 4,
          "Plan Width": 8,
          "Actual Startup Time": 405.814,
          "Actual Total Time": 428.819,
          "Actual Rows": 5,
          "Actual Loops": 1,
          "Workers Planned": 4,
          "Workers Launched": 4,
          "Single Copy": false,
          "Plans": [
            {
              "Node Type": "Aggregate",
              "Strategy": "Plain",
              "Partial Mode": "Partial",
              "Parent Relationship": "Outer",
              "Parallel Aware": false,
              "Startup Cost": 81335.35,
              "Total Cost": 81335.36,
              "Plan Rows": 1,
              "Plan Width": 8,
              "Actual Startup Time": 396.361,
              "Actual Total Time": 396.364,
              "Actual Rows": 1,
              "Actual Loops": 5,
              "Plans": [
                {
                  "Node Type": "Hash Join",
                  "Parent Relationship": "Outer",
                  "Parallel Aware": true,
                  "Join Type": "Inner",
                  "Startup Cost": 33253.74,
                  "Total Cost": 80774.77,
                  "Plan Rows": 224234,
                  "Plan Width": 0,
                  "Actual Startup Time": 150.678,
                  "Actual Total Time": 388.614,
                  "Actual Rows": 178839,
                  "Actual Loops": 5,
                  "Inner Unique": false,
                  "Hash Cond": "(t.id = mc.movie_id)",
                  "Plans": [
                    {
                      "Node Type": "Seq Scan",
                      "Parent Relationship": "Outer",
                      "Parallel Aware": true,
                      "Relation Name": "title",
                      "Alias": "t",
                      "Startup Cost": 0.0,
                      "Total Cost": 43898.92,
                      "Plan Rows": 579754,
                      "Plan Width": 4,
                      "Actual Startup Time": 0.013,
                      "Actual Total Time": 83.264,
                      "Actual Rows": 463017,
                      "Actual Loops": 5,
                      "Filter": "(production_year > 1939)",
                      "Rows Removed by Filter": 42645
                    },
                    {
                      "Node Type": "Hash",
                      "Parent Relationship": "Inner",
                      "Parallel Aware": true,
                      "Startup Cost": 29310.68,
                      "Total Cost": 29310.68,
                      "Plan Rows": 315445,
                      "Plan Width": 4,
                      "Actual Startup Time": 146.228,
                      "Actual Total Time": 146.229,
                      "Actual Rows": 198331,
                      "Actual Loops": 5,
                      "Hash Buckets": 1048576,
                      "Original Hash Buckets": 1048576,
                      "Hash Batches": 1,
                      "Original Hash Batches": 1,
                      "Peak Memory Usage": 47072,
                      "Plans": [
                        {
                          "Node Type": "Seq Scan",
                          "Parent Relationship": "Outer",
                          "Parallel Aware": true,
                          "Relation Name": "movie_companies",
                          "Alias": "mc",
                          "Startup Cost": 0.0,
                          "Total Cost": 29310.68,
                          "Plan Rows": 315445,
                          "Plan Width": 4,
                          "Actual Startup Time": 21.966,
                          "Actual Total Time": 77.323,
                          "Actual Rows": 198331,
                          "Actual Loops": 5,
                          "Filter": "(company_id > 17018)",
                          "Rows Removed by Filter": 323495
                        }
                      ]
                    }
                  ]
                }
              ]
            }
          ]
        }
      ]
    },
    "Planning Time": 0.604,
    "Triggers": [],
    "Execution Time": 428.903
  }
]