[
  {
    "Plan": {
      "Node Type": "Aggregate",
      "Strategy": "Plain",
      "Partial Mode": "Finalize",
      "Parallel Aware": false,
      "Startup Cost": 374165.1,
      "Total Cost": 374165.11,
      "Plan Rows": 1,
      "Plan Width": 8,
      "Actual Startup Time": 1178.501,
      "Actual Total Time": 1227.66,
      "Actual Rows": 1,
      "Actual Loops": 1,
      "Plans": [
        {
          "Node Type": "Gather",
          "Parent Relationship": "Outer",
          "Parallel Aware": false,
          "Startup Cost": 374164.48,
          "Total Cost": 374165.09,
          "Plan Rows": 6,
          "Plan Width": 8,
          "Actual Startup Time": 1177.299,
          "Actual Total Time": 1227.651,
          "Actual Rows": 7,
          "Actual Loops": 1,
          "Workers Planned": 6,
          "Workers Launched": 6,
          "Single Copy": false,
          "Plans": [
            {
              "Node Type": "Aggregate",
              "Strategy": "Plain",
              "Partial Mode": "Partial",
              "Parent Relationship": "Outer",
              "Parallel Aware": false,
              "Startup Cost": 373164.48,
              "Total Cost": 373164.49,
              "Plan Rows": 1,
              "Plan Width": 8,
              "Actual Startup Time": 1166.25,
              "Actual Total Time": 1166.259,
              "Actual Rows": 1,
              "Actual Loops": 7,
              "Plans": [
                {
                  "Node Type": "Hash Join",
                  "Parent Relationship": "Outer",
                  "Parallel Aware": true,
                  "Join Type": "Inner",
                  "Startup Cost": 38354.18,
                  "Total Cost": 372932.25,
                  "Plan Rows": 92893,
                  "Plan Width": 0,
                  "Actual Startup Time": 43.242,
                  "Actual Total Time": 1157.43,
                  "Actual Rows": 118718,
                  "Actual Loops": 7,
                  "Inner Unique": true,
                  "Hash Cond": "(ci.movie_id = t.id)",
                  "Plans": [
                    {
                      "Node Type": "Seq Scan",
                      "Parent Relationship": "Outer",
                      "Parallel Aware": true,
                      "Relation Name": "cast_info",
                      "Alias": "ci",
                      "Startup Cost": 0.0,
                      "Total Cost": 328211.39,
                      "Plan Rows": 2425396,
                      "Plan Width": 4,
                      "Actual Startup Time": 0.037,
                      "Actual Total Time": 723.811,
                      "Actual Rows": 2097505,
                      "Actual Loops": 7,
                      "Filter": "(person_id < 1447606)",
                      "Rows Removed by Filter": 3080259
                    },
                    {
                      "Node Type": "Hash",
                      "Parent Relationship": "Inner",
                      "Parallel Aware": true,
                      "Startup Cost": 38051.55,
                      "Total Cost": 38051.55,
                      "Plan Rows": 24210,
                      "Plan Width": 4,
                      "Actual Startup Time": 42.396,
                      "Actual Total Time": 42.398,
                      "Actual Rows": 14362,
                      "Actual Loops": 7,
                      "Hash Buckets": 131072,
                      "Original Hash Buckets": 131072,
                      "Hash Batches": 1,
                      "Original Hash Batches": 1,
                      "Peak Memory Usage": 5056,
                      "Plans": [
                        {
                          "Node Type": "Bitmap Heap Scan",
                          "Parent Relationship": "Outer",
                          "Parallel Aware": true,
                          "Relation Name": "title",
                          "Alias": "t",
                          "Startup Cost": 1750.93,
                          "Total Cost": 38051.55,
                          "Plan Rows": 24210,
                          "Plan Width": 4,
                          "Actual Startup Time": 1.827,
                          "Actual Total Time": 34.475,
                          "Actual Rows": 14362,
                          "Actual Loops": 7,
                          "Recheck Cond": "(kind_id = 3)",
                          "Rows Removed by Index Recheck": 0,
                          "Exact Heap Blocks": 4367,
                          "Lossy Heap Blocks": 0,
                          "Plans": [
                            {
                              "Node Type": "Bitmap Index Scan",
                              "Parent Relationship": "Outer",
                              "Parallel Aware": false,
                              "Index Name": "kind_id_title",
                              "Startup Cost": 0.0,
                              "Total Cost": 1726.72,
                              "Plan Rows": 96839,
                              "Plan Width": 0,
                              "Actual Startup Time": 8.166,
                              "Actual Total Time": 8.167,
                              "Actual Rows": 100537,
                              "Actual Loops": 1,
                              "Index Cond": "(kind_id = 3)"
                            }
                          ]
                        }
                      ]
                    }
                  ]
                }
              ]
            }
          ]
        }
      ]
    },
    "Planning Time": 0.23,
    "Triggers": [],
    "Execution Time": 1227.755
  }
]