[
  {
    "Plan": {
      "Node Type": "Aggregate",
      "Strategy": "Plain",
      "Partial Mode": "Finalize",
      "Parallel Aware": false,
      "Startup Cost": 62368.07,
      "Total Cost": 62368.08,
      "Plan Rows": 1,
      "Plan Width": 8,
      "Actual Startup Time": 128.41,
      "Actual Total Time": 144.995,
      "Actual Rows": 1,
      "Actual Loops": 1,
      "Plans": [
        {
          "Node Type": "Gather",
          "Parent Relationship": "Outer",
          "Parallel Aware": false,
          "Startup Cost": 62367.65,
          "Total Cost": 62368.06,
          "Plan Rows": 4,
          "Plan Width": 8,
          "Actual Startup Time": 128.192,
          "Actual Total Time": 144.982,
          "Actual Rows": 5,
          "Actual Loops": 1,
          "Workers Planned": 4,
          "Workers Launched": 4,
          "Single Copy": false,
          "Plans": [
            {
              "Node Type": "Aggregate",
              "Strategy": "Plain",
              "Partial Mode": "Partial",
              "Parent Relationship": "Outer",
              "Parallel Aware": false,
              "Startup Cost": 61367.65,
              "Total Cost": 61367.66,
              "Plan Rows": 1,
              "Plan Width": 8,
              "Actual Startup Time": 118.125,
              "Actual Total Time": 118.127,
              "Actual Rows": 1,
              "Actual Loops": 5,
              "Plans": [
                {
                  "Node Type": "Nested Loop",
                  "Parent Relationship": "Outer",
                  "Parallel Aware": false,
                  "Join Type": "Inner",
                  "Startup Cost": 0.43,
                  "Total Cost": 61364.2,
                  "Plan Rows": 1379,
                  "Plan Width": 0,
                  "Actual Startup Time": 1.062,
                  "Actual Total Time": 117.987,
                  "Actual Rows": 932,
                  "Actual Loops": 5,
                  "Inner Unique": false,
                  "Plans": [
                    {
                      "Node Type": "Seq Scan",
                      "Parent Relationship": "Outer",
                      "Parallel Aware": true,
                      "Relation Name": "title",
                      "Alias": "t",
                      "Startup Cost": 0.0,
                      "Total Cost": 45479.59,
                      "Plan Rows": 3770,
                      "Plan Width": 4,
                      "Actual Startup Time": 0.14,
                      "Actual Total Time": 98.476,
                      "Actual Rows": 3303,
                      "Actual Loops": 5,
                      "Filter": "((kind_id > 4) AND (production_year = 1993))",
                      "Rows Removed by Filter": 502359
                    },
                    {
                      "Node Type": "Index Scan",
                      "Parent Relationship": "Inner",
                      "Parallel Aware": false,
                      "Scan Direction": "Forward",
                      "Index Name": "movie_id_movie_info_idx",
                      "Relation Name": "movie_info_idx",
                      "Alias": "mi_idx",
                      "Startup Cost": 0.43,
                      "Total Cost": 4.19,
                      "Plan Rows": 2,
                      "Plan Width": 4,
                      "Actual Startup Time": 0.005,
                      "Actual Total Time": 0.005,
                      "Actual Rows": 0,
                      "Actual Loops": 16516,
                      "Index Cond": "(movie_id = t.id)",
                      "Rows Removed by Index Recheck": 0,
                      "Filter": "(info_type_id > 99)",
                      "Rows Removed by Filter": 0
                    }
                  ]
                }
              ]
            }
          ]
        }
      ]
    },
    "Planning Time": 0.61,
    "Triggers": [],
    "Execution Time": 145.076
  }
]