[
  {
    "Plan": {
      "Node Type": "Aggregate",
      "Strategy": "Plain",
      "Partial Mode": "Finalize",
      "Parallel Aware": false,
      "Startup Cost": 32750.64,
      "Total Cost": 32750.65,
      "Plan Rows": 1,
      "Plan Width": 8,
      "Actual Startup Time": 78.118,
      "Actual Total Time": 85.695,
      "Actual Rows": 1,
      "Actual Loops": 1,
      "Plans": [
        {
          "Node Type": "Gather",
          "Parent Relationship": "Outer",
          "Parallel Aware": false,
          "Startup Cost": 32750.32,
          "Total Cost": 32750.63,
          "Plan Rows": 3,
          "Plan Width": 8,
          "Actual Startup Time": 77.988,
          "Actual Total Time": 85.686,
          "Actual Rows": 4,
          "Actual Loops": 1,
          "Workers Planned": 3,
          "Workers Launched": 3,
          "Single Copy": false,
          "Plans": [
            {
              "Node Type": "Aggregate",
              "Strategy": "Plain",
              "Partial Mode": "Partial",
              "Parent Relationship": "Outer",
              "Parallel Aware": false,
              "Startup Cost": 31750.32,
              "Total Cost": 31750.33,
              "Plan Rows": 1,
              "Plan Width": 8,
              "Actual Startup Time": 72.196,
              "Actual Total Time": 72.198,
              "Actual Rows": 1,
              "Actual Loops": 4,
              "Plans": [
                {
                  "Node Type": "Seq Scan",
                  "Parent Relationship": "Outer",
                  "Parallel Aware": true,
                  "Relation Name": "movie_companies",
                  "Alias": "mc",
                  "Startup Cost": 0.0,
                  "Total Cost": 31414.82,
                  "Plan Rows": 134201,
                  "Plan Width": 0,
                  "Actual Startup Time": 20.028,
                  "Actual Total Time": 70.922,
                  "Actual Rows": 24764,
                  "Actual Loops": 4,
                  "Filter": "((company_id > 24433) AND (company_type_id = 1))",
                  "Rows Removed by Filter": 627518
                }
              ]
            }
          ]
        }
      ]
    },
    "Planning Time": 0.221,
    "Triggers": [],
    "Execution Time": 85.756
  }
]