[
  {
    "Plan": {
      "Node Type": "Aggregate",
      "Strategy": "Plain",
      "Partial Mode": "Finalize",
      "Parallel Aware": false,
      "Startup Cost": 93813.69,
      "Total Cost": 93813.7,
      "Plan Rows": 1,
      "Plan Width": 8,
      "Actual Startup Time": 360.771,
      "Actual Total Time": 376.341,
      "Actual Rows": 1,
      "Actual Loops": 1,
      "Plans": [
        {
          "Node Type": "Gather",
          "Parent Relationship": "Outer",
          "Parallel Aware": false,
          "Startup Cost": 93813.37,
          "Total Cost": 93813.68,
          "Plan Rows": 3,
          "Plan Width": 8,
          "Actual Startup Time": 359.536,
          "Actual Total Time": 376.331,
          "Actual Rows": 4,
          "Actual Loops": 1,
          "Workers Planned": 3,
          "Workers Launched": 3,
          "Single Copy": false,
          "Plans": [
            {
              "Node Type": "Aggregate",
              "Strategy": "Plain",
              "Partial Mode": "Partial",
              "Parent Relationship": "Outer",
              "Parallel Aware": false,
              "Startup Cost": 92813.37,
              "Total Cost": 92813.38,
              "Plan Rows": 1,
              "Plan Width": 8,
              "Actual Startup Time": 351.049,
              "Actual Total Time": 351.053,
              "Actual Rows": 1,
              "Actual Loops": 4,
              "Plans": [
                {
                  "Node Type": "Hash Join",
                  "Parent Relationship": "Outer",
                  "Parallel Aware": true,
                  "Join Type": "Inner",
                  "Startup Cost": 46851.97,
                  "Total Cost": 92349.67,
                  "Plan Rows": 185481,
                  "Plan Width": 0,
                  "Actual Startup Time": 139.058,
                  "Actual Total Time": 341.97,
                  "Actual Rows": 204303,
                  "Actual Loops": 4,
                  "Inner Unique": true,
                  "Hash Cond": "(mk.movie_id = t.id)",
                  "Plans": [
                    {
                      "Node Type": "Seq Scan",
                      "Parent Relationship": "Outer",
                      "Parallel Aware": true,
                      "Relation Name": "movie_keyword",
                      "Alias": "mk",
                      "Startup Cost": 0.0,
                      "Total Cost": 42695.65,
                      "Plan Rows": 1067444,
                      "Plan Width": 4,
                      "Actual Startup Time": 0.109,
                      "Actual Total Time": 114.896,
                      "Actual Rows": 825047,
                      "Actual Loops": 4,
                      "Filter": "(keyword_id > 1548)",
                      "Rows Removed by Filter": 305936
                    },
                    {
                      "Node Type": "Hash",
                      "Parent Relationship": "Inner",
                      "Parallel Aware": true,
                      "Startup Cost": 45479.1,
                      "Total Cost": 45479.1,
                      "Plan Rows": 109830,
                      "Plan Width": 4,
                      "Actual Startup Time": 135.261,
                      "Actual Total Time": 135.262,
                      "Actual Rows": 92062,
                      "Actual Loops": 4,
                      "Hash Buckets": 524288,
                      "Original Hash Buckets": 524288,
                      "Hash Batches": 1,
                      "Original Hash Batches": 1,
                      "Peak Memory Usage": 18560,
                      "Plans": [
                        {
                          "Node Type": "Seq Scan",
                          "Parent Relationship": "Outer",
                          "Parallel Aware": true,
                          "Relation Name": "title",
                          "Alias": "t",
                          "Startup Cost": 0.0,
                          "Total Cost": 45479.1,
                          "Plan Rows": 109830,
                          "Plan Width": 4,
                          "Actual Startup Time": 0.065,
                          "Actual Total Time": 101.542,
                          "Actual Rows": 92062,
                          "Actual Loops": 4,
                          "Filter": "((kind_id < 7) AND (production_year > 2004))",
                          "Rows Removed by Filter": 540016
                        }
                      ]
                    }
                  ]
                }
              ]
            }
          ]
        }
      ]
    },
    "Planning Time": 0.628,
    "Triggers": [],
    "Execution Time": 376.407
  }
]