[
  {
    "Plan": {
      "Node Type": "Aggregate",
      "Strategy": "Plain",
      "Partial Mode": "Finalize",
      "Parallel Aware": false,
      "Startup Cost": 220025.54,
      "Total Cost": 220025.55,
      "Plan Rows": 1,
      "Plan Width": 8,
      "Actual Startup Time": 129.665,
      "Actual Total Time": 142.587,
      "Actual Rows": 1,
      "Actual Loops": 1,
      "Plans": [
        {
          "Node Type": "Gather",
          "Parent Relationship": "Outer",
          "Parallel Aware": false,
          "Startup Cost": 220025.01,
          "Total Cost": 220025.52,
          "Plan Rows": 5,
          "Plan Width": 8,
          "Actual Startup Time": 128.204,
          "Actual Total Time": 142.577,
          "Actual Rows": 6,
          "Actual Loops": 1,
          "Workers Planned": 5,
          "Workers Launched": 5,
          "Single Copy": false,
          "Plans": [
            {
              "Node Type": "Aggregate",
              "Strategy": "Plain",
              "Partial Mode": "Partial",
              "Parent Relationship": "Outer",
              "Parallel Aware": false,
              "Startup Cost": 219025.01,
              "Total Cost": 219025.02,
              "Plan Rows": 1,
              "Plan Width": 8,
              "Actual Startup Time": 119.874,
              "Actual Total Time": 119.878,
              "Actual Rows": 1,
              "Actual Loops": 6,
              "Plans": [
                {
                  "Node Type": "Hash Join",
                  "Parent Relationship": "Outer",
                  "Parallel Aware": true,
                  "Join Type": "Inner",
                  "Startup Cost": 47975.95,
                  "Total Cost": 219018.76,
                  "Plan Rows": 2503,
                  "Plan Width": 0,
                  "Actual Startup Time": 113.117,
                  "Actual Total Time": 119.807,
                  "Actual Rows": 947,
                  "Actual Loops": 6,
                  "Inner Unique": true,
                  "Hash Cond": "(mi.movie_id = t.id)",
                  "Plans": [
                    {
                      "Node Type": "Bitmap Heap Scan",
                      "Parent Relationship": "Outer",
                      "Parallel Aware": true,
                      "Relation Name": "movie_info",
                      "Alias": "mi",
                      "Startup Cost": 3576.48,
                      "Total Cost": 174515.5,
                      "Plan Rows": 39537,
                      "Plan Width": 4,
                      "Actual Startup Time": 8.72,
                      "Actual Total Time": 20.561,
                      "Actual Rows": 32959,
                      "Actual Loops": 6,
                      "Recheck Cond": "(info_type_id > 106)",
                      "Rows Removed by Index Recheck": 0,
                      "Exact Heap Blocks": 1177,
                      "Lossy Heap Blocks": 0,
                      "Plans": [
                        {
                          "Node Type": "Bitmap Index Scan",
                          "Parent Relationship": "Outer",
                          "Parallel Aware": false,
                          "Index Name": "info_type_id_movie_info",
                          "Startup Cost": 0.0,
                          "Total Cost": 3527.06,
                          "Plan Rows": 197683,
                          "Plan Width": 0,
                          "Actual Startup Time": 7.959,
                          "Actual Total Time": 7.96,
                          "Actual Rows": 197754,
                          "Actual Loops": 1,
                          "Index Cond": "(info_type_id > 106)"
                        }
                      ]
                    },
                    {
                      "Node Type": "Hash",
                      "Parent Relationship": "Inner",
                      "Parallel Aware": true,
                      "Startup Cost": 43899.32,
                      "Total Cost": 43899.32,
                      "Plan Rows": 40012,
                      "Plan Width": 4,
                      "Actual Startup Time": 93.468,
                      "Actual Total Time": 93.468,
                      "Actual Rows": 27384,
                      "Actual Loops": 6,
                      "Hash Buckets": 262144,
                      "Original Hash Buckets": 262144,
                      "Hash Batches": 1,
                      "Original Hash Batches": 1,
                      "Peak Memory Usage": 8544,
                      "Plans": [
                        {
                          "Node Type": "Seq Scan",
                          "Parent Relationship": "Outer",
                          "Parallel Aware": true,
                          "Relation Name": "title",
                          "Alias": "t",
                          "Startup Cost": 0.0,
                          "Total Cost": 43899.32,
                          "Plan Rows": 40012,
                          "Plan Width": 4,
                          "Actual Startup Time": 0.044,
                          "Actual Total Time": 81.033,
                          "Actual Rows": 27384,
                          "Actual Loops": 6,
                          "Filter": "(production_year = 2012)",
                          "Rows Removed by Filter": 394001
                        }
                      ]
                    }
                  ]
                }
              ]
            }
          ]
        }
      ]
    },
    "Planning Time": 0.34,
    "Triggers": [],
    "Execution Time": 142.641
  }
]