[
  {
    "Plan": {
      "Node Type": "Aggregate",
      "Strategy": "Plain",
      "Partial Mode": "Finalize",
      "Parallel Aware": false,
      "Startup Cost": 239524.66,
      "Total Cost": 239524.67,
      "Plan Rows": 1,
      "Plan Width": 8,
      "Actual Startup Time": 388.323,
      "Actual Total Time": 424.092,
      "Actual Rows": 1,
      "Actual Loops": 1,
      "Plans": [
        {
          "Node Type": "Gather",
          "Parent Relationship": "Outer",
          "Parallel Aware": false,
          "Startup Cost": 239524.14,
          "Total Cost": 239524.65,
          "Plan Rows": 5,
          "Plan Width": 8,
          "Actual Startup Time": 387.728,
          "Actual Total Time": 424.075,
          "Actual Rows": 6,
          "Actual Loops": 1,
          "Workers Planned": 5,
          "Workers Launched": 5,
          "Single Copy": false,
          "Plans": [
            {
              "Node Type": "Aggregate",
              "Strategy": "Plain",
              "Partial Mode": "Partial",
              "Parent Relationship": "Outer",
              "Parallel Aware": false,
              "Startup Cost": 238524.14,
              "Total Cost": 238524.15,
              "Plan Rows": 1,
              "Plan Width": 8,
              "Actual Startup Time": 379.257,
              "Actual Total Time": 379.262,
              "Actual Rows": 1,
              "Actual Loops": 6,
              "Plans": [
                {
                  "Node Type": "Hash Join",
                  "Parent Relationship": "Outer",
                  "Parallel Aware": true,
                  "Join Type": "Inner",
                  "Startup Cost": 38242.44,
                  "Total Cost": 238504.24,
                  "Plan Rows": 7960,
                  "Plan Width": 0,
                  "Actual Startup Time": 58.52,
                  "Actual Total Time": 378.841,
                  "Actual Rows": 6954,
                  "Actual Loops": 6,
                  "Inner Unique": true,
                  "Hash Cond": "(mi.movie_id = t.id)",
                  "Plans": [
                    {
                      "Node Type": "Seq Scan",
                      "Parent Relationship": "Outer",
                      "Parallel Aware": true,
                      "Relation Name": "movie_info",
                      "Alias": "mi",
                      "Startup Cost": 0.0,
                      "Total Cost": 199108.24,
                      "Plan Rows": 439450,
                      "Plan Width": 4,
                      "Actual Startup Time": 16.478,
                      "Actual Total Time": 313.238,
                      "Actual Rows": 372308,
                      "Actual Loops": 6,
                      "Filter": "(info_type_id > 16)",
                      "Rows Removed by Filter": 2100312
                    },
                    {
                      "Node Type": "Hash",
                      "Parent Relationship": "Inner",
                      "Parallel Aware": true,
                      "Startup Cost": 38099.32,
                      "Total Cost": 38099.32,
                      "Plan Rows": 11450,
                      "Plan Width": 4,
                      "Actual Startup Time": 31.572,
                      "Actual Total Time": 31.573,
                      "Actual Rows": 5746,
                      "Actual Loops": 6,
                      "Hash Buckets": 65536,
                      "Original Hash Buckets": 65536,
                      "Hash Batches": 1,
                      "Original Hash Batches": 1,
                      "Peak Memory Usage": 1952,
                      "Plans": [
                        {
                          "Node Type": "Bitmap Heap Scan",
                          "Parent Relationship": "Outer",
                          "Parallel Aware": true,
                          "Relation Name": "title",
                          "Alias": "t",
                          "Startup Cost": 1738.17,
                          "Total Cost": 38099.32,
                          "Plan Rows": 11450,
                          "Plan Width": 4,
                          "Actual Startup Time": 2.069,
                          "Actual Total Time": 29.086,
                          "Actual Rows": 5746,
                          "Actual Loops": 6,
                          "Recheck Cond": "(kind_id = 3)",
                          "Rows Removed by Index Recheck": 0,
                          "Filter": "(production_year > 2003)",
                          "Rows Removed by Filter": 11010,
                          "Exact Heap Blocks": 6528,
                          "Lossy Heap Blocks": 0,
                          "Plans": [
                            {
                              "Node Type": "Bitmap Index Scan",
                              "Parent Relationship": "Outer",
                              "Parallel Aware": false,
                              "Index Name": "kind_id_title",
                              "Startup Cost": 0.0,
                              "Total Cost": 1726.72,
                              "Plan Rows": 96839,
                              "Plan Width": 0,
                              "Actual Startup Time": 5.786,
                              "Actual Total Time": 5.786,
                              "Actual Rows": 100537,
                              "Actual Loops": 1,
                              "Index Cond": "(kind_id = 3)"
                            }
                          ]
                        }
                      ]
                    }
                  ]
                }
              ]
            }
          ]
        }
      ]
    },
    "Planning Time": 0.714,
    "Triggers": [],
    "Execution Time": 424.14
  }
]