{
  "Plan": {
    "Node Type": "Aggregate",
    "Strategy": "Plain",
    "Partial Mode": "Finalize",
    "Parallel Aware": false,
    "Startup Cost": 735449.09,
    "Total Cost": 735449.1,
    "Plan Rows": 1,
    "Plan Width": 8,
    "Actual Startup Time": 4125.772,
    "Actual Total Time": 4139.052,
    "Actual Rows": 1,
    "Actual Loops": 1,
    "Plans": [
      {
        "Node Type": "Gather",
        "Parent Relationship": "Outer",
        "Parallel Aware": false,
        "Startup Cost": 735448.97,
        "Total Cost": 735449.08,
        "Plan Rows": 1,
        "Plan Width": 8,
        "Actual Startup Time": 4125.76,
        "Actual Total Time": 4139.044,
        "Actual Rows": 2,
        "Actual Loops": 1,
        "Workers Planned": 1,
        "Workers Launched": 1,
        "Single Copy": false,
        "Plans": [
          {
            "Node Type": "Aggregate",
            "Strategy": "Plain",
            "Partial Mode": "Partial",
            "Parent Relationship": "Outer",
            "Parallel Aware": false,
            "Startup Cost": 734448.97,
            "Total Cost": 734448.98,
            "Plan Rows": 1,
            "Plan Width": 8,
            "Actual Startup Time": 4091.284,
            "Actual Total Time": 4091.292,
            "Actual Rows": 1,
            "Actual Loops": 2,
            "Plans": [
              {
                "Node Type": "Merge Join",
                "Parent Relationship": "Outer",
                "Parallel Aware": false,
                "Join Type": "Inner",
                "Startup Cost": 707553.55,
                "Total Cost": 732148.79,
                "Plan Rows": 920072,
                "Plan Width": 0,
                "Actual Startup Time": 2981.427,
                "Actual Total Time": 3898.738,
                "Actual Rows": 4670367,
                "Actual Loops": 2,
                "Inner Unique": false,
                "Merge Cond": "(t.id = mc.movie_id)",
                "Plans": [
                  {
                    "Node Type": "Sort",
                    "Parent Relationship": "Outer",
                    "Parallel Aware": false,
                    "Startup Cost": 526457.72,
                    "Total Cost": 530847.65,
                    "Plan Rows": 1755974,
                    "Plan Width": 8,
                    "Actual Startup Time": 2482.204,
                    "Actual Total Time": 2611.36,
                    "Actual Rows": 2486732,
                    "Actual Loops": 2,
                    "Sort Key": [
                      "mi.movie_id"
                    ],
                    "Sort Method": "quicksort",
                    "Sort Space Used": 219065,
                    "Sort Space Type": "Memory",
                    "Workers": [
                      {
                        "Worker Number": 0,
                        "Sort Method": "quicksort",
                        "Sort Space Used": 210712,
                        "Sort Space Type": "Memory"
                      }
                    ],
                    "Plans": [
                      {
                        "Node Type": "Hash Join",
                        "Parent Relationship": "Outer",
                        "Parallel Aware": true,
                        "Join Type": "Inner",
                        "Startup Cost": 61878.3,
                        "Total Cost": 344329.5,
                        "Plan Rows": 1755974,
                        "Plan Width": 8,
                        "Actual Startup Time": 303.604,
                        "Actual Total Time": 1942.284,
                        "Actual Rows": 2487126,
                        "Actual Loops": 2,
                        "Inner Unique": true,
                        "Hash Cond": "(mi.movie_id = t.id)",
                        "Plans": [
                          {
                            "Node Type": "Seq Scan",
                            "Parent Relationship": "Outer",
                            "Parallel Aware": true,
                            "Relation Name": "movie_info",
                            "Alias": "mi",
                            "Startup Cost": 0.0,
                            "Total Cost": 270696.42,
                            "Plan Rows": 4478001,
                            "Plan Width": 4,
                            "Actual Startup Time": 33.319,
                            "Actual Total Time": 711.413,
                            "Actual Rows": 3774428,
                            "Actual Loops": 2,
                            "Filter": "(info_type_id > 7)",
                            "Rows Removed by Filter": 3643432
                          },
                          {
                            "Node Type": "Hash",
                            "Parent Relationship": "Inner",
                            "Parallel Aware": true,
                            "Startup Cost": 54588.39,
                            "Total Cost": 54588.39,
                            "Plan Rows": 583193,
                            "Plan Width": 4,
                            "Actual Startup Time": 261.63,
                            "Actual Total Time": 261.632,
                            "Actual Rows": 492524,
                            "Actual Loops": 2,
                            "Hash Buckets": 1048576,
                            "Original Hash Buckets": 1048576,
                            "Hash Batches": 1,
                            "Original Hash Batches": 1,
                            "Peak Memory Usage": 46784,
                            "Plans": [
                              {
                                "Node Type": "Seq Scan",
                                "Parent Relationship": "Outer",
                                "Parallel Aware": true,
                                "Relation Name": "title",
                                "Alias": "t",
                                "Startup Cost": 0.0,
                                "Total Cost": 54588.39,
                                "Plan Rows": 583193,
                                "Plan Width": 4,
                                "Actual Startup Time": 0.036,
                                "Actual Total Time": 147.645,
                                "Actual Rows": 492524,
                                "Actual Loops": 2,
                                "Filter": "(kind_id < 7)",
                                "Rows Removed by Filter": 771632
                              }
                            ]
                          }
                        ]
                      }
                    ]
                  },
                  {
                    "Node Type": "Sort",
                    "Parent Relationship": "Inner",
                    "Parallel Aware": false,
                    "Startup Cost": 181095.66,
                    "Total Cost": 184407.51,
                    "Plan Rows": 1324742,
                    "Plan Width": 4,
                    "Actual Startup Time": 499.208,
                    "Actual Total Time": 676.889,
                    "Actual Rows": 5233626,
                    "Actual Loops": 2,
                    "Sort Key": [
                      "mc.movie_id"
                    ],
                    "Sort Method": "quicksort",
                    "Sort Space Used": 111725,
                    "Sort Space Type": "Memory",
                    "Workers": [
                      {
                        "Worker Number": 0,
                        "Sort Method": "quicksort",
                        "Sort Space Used": 111725,
                        "Sort Space Type": "Memory"
                      }
                    ],
                    "Plans": [
                      {
                        "Node Type": "Index Scan",
                        "Parent Relationship": "Outer",
                        "Parallel Aware": false,
                        "Scan Direction": "Forward",
                        "Index Name": "company_type_id_movie_companies",
                        "Relation Name": "movie_companies",
                        "Alias": "mc",
                        "Startup Cost": 0.43,
                        "Total Cost": 46387.42,
                        "Plan Rows": 1324742,
                        "Plan Width": 4,
                        "Actual Startup Time": 0.122,
                        "Actual Total Time": 212.024,
                        "Actual Rows": 1334883,
                        "Actual Loops": 2,
                        "Index Cond": "(company_type_id = 2)",
                        "Rows Removed by Index Recheck": 0
                      }
                    ]
                  }
                ]
              }
            ]
          }
        ]
      }
    ]
  },
  "Planning Time": 1.064,
  "Triggers": [],
  "Execution Time": 4151.922
}