[
  {
    "Plan": {
      "Node Type": "Aggregate",
      "Strategy": "Plain",
      "Partial Mode": "Simple",
      "Parallel Aware": false,
      "Startup Cost": 2958.94,
      "Total Cost": 2958.95,
      "Plan Rows": 1,
      "Plan Width": 8,
      "Actual Startup Time": 3.452,
      "Actual Total Time": 3.453,
      "Actual Rows": 1,
      "Actual Loops": 1,
      "Plans": [
        {
          "Node Type": "Nested Loop",
          "Parent Relationship": "Outer",
          "Parallel Aware": false,
          "Join Type": "Inner",
          "Startup Cost": 6.75,
          "Total Cost": 2958.5,
          "Plan Rows": 173,
          "Plan Width": 0,
          "Actual Startup Time": 0.17,
          "Actual Total Time": 3.408,
          "Actual Rows": 317,
          "Actual Loops": 1,
          "Inner Unique": true,
          "Plans": [
            {
              "Node Type": "Bitmap Heap Scan",
              "Parent Relationship": "Outer",
              "Parallel Aware": false,
              "Relation Name": "movie_keyword",
              "Alias": "mk",
              "Startup Cost": 6.32,
              "Total Cost": 908.7,
              "Plan Rows": 244,
              "Plan Width": 4,
              "Actual Startup Time": 0.125,
              "Actual Total Time": 0.807,
              "Actual Rows": 371,
              "Actual Loops": 1,
              "Recheck Cond": "(keyword_id = 1958)",
              "Rows Removed by Index Recheck": 0,
              "Exact Heap Blocks": 360,
              "Lossy Heap Blocks": 0,
              "Plans": [
                {
                  "Node Type": "Bitmap Index Scan",
                  "Parent Relationship": "Outer",
                  "Parallel Aware": false,
                  "Index Name": "keyword_id_movie_keyword",
                  "Startup Cost": 0.0,
                  "Total Cost": 6.26,
                  "Plan Rows": 244,
                  "Plan Width": 0,
                  "Actual Startup Time": 0.061,
                  "Actual Total Time": 0.061,
                  "Actual Rows": 371,
                  "Actual Loops": 1,
                  "Index Cond": "(keyword_id = 1958)"
                }
              ]
            },
            {
              "Node Type": "Index Scan",
              "Parent Relationship": "Inner",
              "Parallel Aware": false,
              "Scan Direction": "Forward",
              "Index Name": "title_pkey",
              "Relation Name": "title",
              "Alias": "t",
              "Startup Cost": 0.43,
              "Total Cost": 8.4,
              "Plan Rows": 1,
              "Plan Width": 4,
              "Actual Startup Time": 0.007,
              "Actual Total Time": 0.007,
              "Actual Rows": 1,
              "Actual Loops": 371,
              "Index Cond": "(id = mk.movie_id)",
              "Rows Removed by Index Recheck": 0,
              "Filter": "(production_year < 2009)",
              "Rows Removed by Filter": 0
            }
          ]
        }
      ]
    },
    "Planning Time": 0.33,
    "Triggers": [],
    "Execution Time": 3.494
  }
]