[
    {
        "Bao": {
            "Bao prediction": "NaN",
            "Bao recommended hint": "(no hint)"
        }
    },
    {
        "Plan": {
            "Node Type": "Aggregate",
            "Strategy": "Plain",
            "Partial Mode": "Finalize",
            "Parallel Aware": false,
            "Startup Cost": 25409.97,
            "Total Cost": 25409.98,
            "Plan Rows": 1,
            "Plan Width": 8,
            "Actual Startup Time": 41.291,
            "Actual Total Time": 45.173,
            "Actual Rows": 1,
            "Actual Loops": 1,
            "Output": [
                "count(*)"
            ],
            "Plans": [
                {
                    "Node Type": "Gather",
                    "Parent Relationship": "Outer",
                    "Parallel Aware": false,
                    "Startup Cost": 25409.65,
                    "Total Cost": 25409.96,
                    "Plan Rows": 3,
                    "Plan Width": 8,
                    "Actual Startup Time": 41.148,
                    "Actual Total Time": 45.166,
                    "Actual Rows": 4,
                    "Actual Loops": 1,
                    "Output": [
                        "(PARTIAL count(*))"
                    ],
                    "Workers Planned": 3,
                    "Workers Launched": 3,
                    "Single Copy": false,
                    "Plans": [
                        {
                            "Node Type": "Aggregate",
                            "Strategy": "Plain",
                            "Partial Mode": "Partial",
                            "Parent Relationship": "Outer",
                            "Parallel Aware": false,
                            "Startup Cost": 24409.65,
                            "Total Cost": 24409.66,
                            "Plan Rows": 1,
                            "Plan Width": 8,
                            "Actual Startup Time": 32.421,
                            "Actual Total Time": 32.423,
                            "Actual Rows": 1,
                            "Actual Loops": 4,
                            "Output": [
                                "PARTIAL count(*)"
                            ],
                            "Workers": [
                                {
                                    "Worker Number": 0,
                                    "Actual Startup Time": 29.408,
                                    "Actual Total Time": 29.409,
                                    "Actual Rows": 1,
                                    "Actual Loops": 1
                                },
                                {
                                    "Worker Number": 1,
                                    "Actual Startup Time": 29.414,
                                    "Actual Total Time": 29.416,
                                    "Actual Rows": 1,
                                    "Actual Loops": 1
                                },
                                {
                                    "Worker Number": 2,
                                    "Actual Startup Time": 29.981,
                                    "Actual Total Time": 29.984,
                                    "Actual Rows": 1,
                                    "Actual Loops": 1
                                }
                            ],
                            "Plans": [
                                {
                                    "Node Type": "Bitmap Heap Scan",
                                    "Parent Relationship": "Outer",
                                    "Parallel Aware": true,
                                    "Relation Name": "movie_companies",
                                    "Schema": "public",
                                    "Alias": "mc",
                                    "Startup Cost": 4594.45,
                                    "Total Cost": 24238.78,
                                    "Plan Rows": 68346,
                                    "Plan Width": 0,
                                    "Actual Startup Time": 3.447,
                                    "Actual Total Time": 28.249,
                                    "Actual Rows": 54050,
                                    "Actual Loops": 4,
                                    "Recheck Cond": "(mc.company_id > 108961)",
                                    "Rows Removed by Index Recheck": 0,
                                    "Exact Heap Blocks": 2571,
                                    "Lossy Heap Blocks": 0,
                                    "Workers": [
                                        {
                                            "Worker Number": 0,
                                            "Actual Startup Time": 0.509,
                                            "Actual Total Time": 25.982,
                                            "Actual Rows": 31665,
                                            "Actual Loops": 1
                                        },
                                        {
                                            "Worker Number": 1,
                                            "Actual Startup Time": 0.541,
                                            "Actual Total Time": 26.014,
                                            "Actual Rows": 31647,
                                            "Actual Loops": 1
                                        },
                                        {
                                            "Worker Number": 2,
                                            "Actual Startup Time": 1.111,
                                            "Actual Total Time": 26.674,
                                            "Actual Rows": 28875,
                                            "Actual Loops": 1
                                        }
                                    ],
                                    "Plans": [
                                        {
                                            "Node Type": "Bitmap Index Scan",
                                            "Parent Relationship": "Outer",
                                            "Parallel Aware": false,
                                            "Index Name": "company_id_movie_companies",
                                            "Startup Cost": 0.0,
                                            "Total Cost": 4541.49,
                                            "Plan Rows": 211874,
                                            "Plan Width": 0,
                                            "Actual Startup Time": 10.84,
                                            "Actual Total Time": 10.841,
                                            "Actual Rows": 216198,
                                            "Actual Loops": 1,
                                            "Index Cond": "(mc.company_id > 108961)"
                                        }
                                    ]
                                }
                            ]
                        }
                    ]
                }
            ]
        },
        "Planning Time": 195.077,
        "Triggers": [],
        "Execution Time": 45.223
    }
]