[
  {
    "Plan": {
      "Node Type": "Aggregate",
      "Strategy": "Plain",
      "Partial Mode": "Simple",
      "Parallel Aware": false,
      "Startup Cost": 1291.27,
      "Total Cost": 1291.28,
      "Plan Rows": 1,
      "Plan Width": 8,
      "Actual Startup Time": 0.547,
      "Actual Total Time": 0.548,
      "Actual Rows": 1,
      "Actual Loops": 1,
      "Plans": [
        {
          "Node Type": "Nested Loop",
          "Parent Relationship": "Outer",
          "Parallel Aware": false,
          "Join Type": "Inner",
          "Startup Cost": 0.99,
          "Total Cost": 1291.18,
          "Plan Rows": 36,
          "Plan Width": 0,
          "Actual Startup Time": 0.137,
          "Actual Total Time": 0.541,
          "Actual Rows": 103,
          "Actual Loops": 1,
          "Inner Unique": true,
          "Plans": [
            {
              "Node Type": "Index Scan",
              "Parent Relationship": "Outer",
              "Parallel Aware": false,
              "Scan Direction": "Forward",
              "Index Name": "person_id_cast_info",
              "Relation Name": "cast_info",
              "Alias": "ci",
              "Startup Cost": 0.56,
              "Total Cost": 987.07,
              "Plan Rows": 36,
              "Plan Width": 4,
              "Actual Startup Time": 0.124,
              "Actual Total Time": 0.159,
              "Actual Rows": 103,
              "Actual Loops": 1,
              "Index Cond": "(person_id = 223270)",
              "Rows Removed by Index Recheck": 0,
              "Filter": "(role_id = 4)",
              "Rows Removed by Filter": 161
            },
            {
              "Node Type": "Index Only Scan",
              "Parent Relationship": "Inner",
              "Parallel Aware": false,
              "Scan Direction": "Forward",
              "Index Name": "title_pkey",
              "Relation Name": "title",
              "Alias": "t",
              "Startup Cost": 0.43,
              "Total Cost": 8.45,
              "Plan Rows": 1,
              "Plan Width": 4,
              "Actual Startup Time": 0.003,
              "Actual Total Time": 0.003,
              "Actual Rows": 1,
              "Actual Loops": 103,
              "Index Cond": "(id = ci.movie_id)",
              "Rows Removed by Index Recheck": 0,
              "Heap Fetches": 103
            }
          ]
        }
      ]
    },
    "Planning Time": 0.22,
    "Triggers": [],
    "Execution Time": 0.567
  }
]