[
    {
        "Bao": {
            "Bao prediction": "NaN",
            "Bao recommended hint": "(no hint)"
        }
    },
    {
        "Plan": {
            "Node Type": "Aggregate",
            "Strategy": "Plain",
            "Partial Mode": "Finalize",
            "Parallel Aware": false,
            "Startup Cost": 33219.45,
            "Total Cost": 33219.46,
            "Plan Rows": 1,
            "Plan Width": 8,
            "Actual Startup Time": 90.608,
            "Actual Total Time": 96.762,
            "Actual Rows": 1,
            "Actual Loops": 1,
            "Output": [
                "count(*)"
            ],
            "Plans": [
                {
                    "Node Type": "Gather",
                    "Parent Relationship": "Outer",
                    "Parallel Aware": false,
                    "Startup Cost": 33219.13,
                    "Total Cost": 33219.44,
                    "Plan Rows": 3,
                    "Plan Width": 8,
                    "Actual Startup Time": 90.53,
                    "Actual Total Time": 96.756,
                    "Actual Rows": 4,
                    "Actual Loops": 1,
                    "Output": [
                        "(PARTIAL count(*))"
                    ],
                    "Workers Planned": 3,
                    "Workers Launched": 3,
                    "Single Copy": false,
                    "Plans": [
                        {
                            "Node Type": "Aggregate",
                            "Strategy": "Plain",
                            "Partial Mode": "Partial",
                            "Parent Relationship": "Outer",
                            "Parallel Aware": false,
                            "Startup Cost": 32219.13,
                            "Total Cost": 32219.14,
                            "Plan Rows": 1,
                            "Plan Width": 8,
                            "Actual Startup Time": 82.406,
                            "Actual Total Time": 82.407,
                            "Actual Rows": 1,
                            "Actual Loops": 4,
                            "Output": [
                                "PARTIAL count(*)"
                            ],
                            "Workers": [
                                {
                                    "Worker Number": 0,
                                    "Actual Startup Time": 79.558,
                                    "Actual Total Time": 79.56,
                                    "Actual Rows": 1,
                                    "Actual Loops": 1
                                },
                                {
                                    "Worker Number": 1,
                                    "Actual Startup Time": 79.766,
                                    "Actual Total Time": 79.767,
                                    "Actual Rows": 1,
                                    "Actual Loops": 1
                                },
                                {
                                    "Worker Number": 2,
                                    "Actual Startup Time": 80.113,
                                    "Actual Total Time": 80.113,
                                    "Actual Rows": 1,
                                    "Actual Loops": 1
                                }
                            ],
                            "Plans": [
                                {
                                    "Node Type": "Seq Scan",
                                    "Parent Relationship": "Outer",
                                    "Parallel Aware": true,
                                    "Relation Name": "movie_companies",
                                    "Schema": "public",
                                    "Alias": "mc",
                                    "Startup Cost": 0.0,
                                    "Total Cost": 31414.82,
                                    "Plan Rows": 321724,
                                    "Plan Width": 0,
                                    "Actual Startup Time": 42.843,
                                    "Actual Total Time": 75.117,
                                    "Actual Rows": 175707,
                                    "Actual Loops": 4,
                                    "Output": [
                                        "id",
                                        "movie_id",
                                        "company_id",
                                        "company_type_id",
                                        "note"
                                    ],
                                    "Filter": "((mc.company_id < 54509) AND (mc.company_type_id = 2))",
                                    "Rows Removed by Filter": 476575,
                                    "Workers": [
                                        {
                                            "Worker Number": 0,
                                            "Actual Startup Time": 40.003,
                                            "Actual Total Time": 72.483,
                                            "Actual Rows": 168028,
                                            "Actual Loops": 1
                                        },
                                        {
                                            "Worker Number": 1,
                                            "Actual Startup Time": 40.199,
                                            "Actual Total Time": 72.97,
                                            "Actual Rows": 166221,
                                            "Actual Loops": 1
                                        },
                                        {
                                            "Worker Number": 2,
                                            "Actual Startup Time": 40.549,
                                            "Actual Total Time": 73.075,
                                            "Actual Rows": 167502,
                                            "Actual Loops": 1
                                        }
                                    ]
                                }
                            ]
                        }
                    ]
                }
            ]
        },
        "Planning Time": 197.303,
        "Triggers": [],
        "Execution Time": 96.823
    }
]