[
  {
    "Plan": {
      "Node Type": "Aggregate",
      "Strategy": "Plain",
      "Partial Mode": "Finalize",
      "Parallel Aware": false,
      "Startup Cost": 47209.74,
      "Total Cost": 47209.75,
      "Plan Rows": 1,
      "Plan Width": 8,
      "Actual Startup Time": 166.613,
      "Actual Total Time": 173.712,
      "Actual Rows": 1,
      "Actual Loops": 1,
      "Plans": [
        {
          "Node Type": "Gather",
          "Parent Relationship": "Outer",
          "Parallel Aware": false,
          "Startup Cost": 47209.42,
          "Total Cost": 47209.73,
          "Plan Rows": 3,
          "Plan Width": 8,
          "Actual Startup Time": 166.504,
          "Actual Total Time": 173.704,
          "Actual Rows": 4,
          "Actual Loops": 1,
          "Workers Planned": 3,
          "Workers Launched": 3,
          "Single Copy": false,
          "Plans": [
            {
              "Node Type": "Aggregate",
              "Strategy": "Plain",
              "Partial Mode": "Partial",
              "Parent Relationship": "Outer",
              "Parallel Aware": false,
              "Startup Cost": 46209.42,
              "Total Cost": 46209.43,
              "Plan Rows": 1,
              "Plan Width": 8,
              "Actual Startup Time": 163.194,
              "Actual Total Time": 163.195,
              "Actual Rows": 1,
              "Actual Loops": 4,
              "Plans": [
                {
                  "Node Type": "Seq Scan",
                  "Parent Relationship": "Outer",
                  "Parallel Aware": true,
                  "Relation Name": "movie_keyword",
                  "Alias": "mk",
                  "Startup Cost": 0.0,
                  "Total Cost": 42695.65,
                  "Plan Rows": 1405506,
                  "Plan Width": 0,
                  "Actual Startup Time": 0.024,
                  "Actual Total Time": 116.321,
                  "Actual Rows": 1089900,
                  "Actual Loops": 4,
                  "Filter": "(keyword_id < 72535)",
                  "Rows Removed by Filter": 41083
                }
              ]
            }
          ]
        }
      ]
    },
    "Planning Time": 0.107,
    "Triggers": [],
    "Execution Time": 173.745
  }
]