[
  {
    "Plan": {
      "Node Type": "Aggregate",
      "Strategy": "Plain",
      "Partial Mode": "Finalize",
      "Parallel Aware": false,
      "Startup Cost": 47205.04,
      "Total Cost": 47205.05,
      "Plan Rows": 1,
      "Plan Width": 8,
      "Actual Startup Time": 187.404,
      "Actual Total Time": 195.188,
      "Actual Rows": 1,
      "Actual Loops": 1,
      "Plans": [
        {
          "Node Type": "Gather",
          "Parent Relationship": "Outer",
          "Parallel Aware": false,
          "Startup Cost": 47204.72,
          "Total Cost": 47205.03,
          "Plan Rows": 3,
          "Plan Width": 8,
          "Actual Startup Time": 187.288,
          "Actual Total Time": 195.181,
          "Actual Rows": 4,
          "Actual Loops": 1,
          "Workers Planned": 3,
          "Workers Launched": 3,
          "Single Copy": false,
          "Plans": [
            {
              "Node Type": "Aggregate",
              "Strategy": "Plain",
              "Partial Mode": "Partial",
              "Parent Relationship": "Outer",
              "Parallel Aware": false,
              "Startup Cost": 46204.72,
              "Total Cost": 46204.73,
              "Plan Rows": 1,
              "Plan Width": 8,
              "Actual Startup Time": 181.091,
              "Actual Total Time": 181.092,
              "Actual Rows": 1,
              "Actual Loops": 4,
              "Plans": [
                {
                  "Node Type": "Seq Scan",
                  "Parent Relationship": "Outer",
                  "Parallel Aware": true,
                  "Relation Name": "movie_keyword",
                  "Alias": "mk",
                  "Startup Cost": 0.0,
                  "Total Cost": 42695.65,
                  "Plan Rows": 1403627,
                  "Plan Width": 0,
                  "Actual Startup Time": 0.044,
                  "Actual Total Time": 130.189,
                  "Actual Rows": 1089900,
                  "Actual Loops": 4,
                  "Filter": "(keyword_id < 72535)",
                  "Rows Removed by Filter": 41083
                }
              ]
            }
          ]
        }
      ]
    },
    "Planning Time": 0.179,
    "Triggers": [],
    "Execution Time": 195.242
  }
]