[
    {
        "Bao": {
            "Bao prediction": "NaN",
            "Bao recommended hint": "(no hint)"
        }
    },
    {
        "Plan": {
            "Node Type": "Aggregate",
            "Strategy": "Plain",
            "Partial Mode": "Finalize",
            "Parallel Aware": false,
            "Startup Cost": 603218.41,
            "Total Cost": 603218.42,
            "Plan Rows": 1,
            "Plan Width": 8,
            "Actual Startup Time": 4275.151,
            "Actual Total Time": 4314.141,
            "Actual Rows": 1,
            "Actual Loops": 1,
            "Output": [
                "count(*)"
            ],
            "Plans": [
                {
                    "Node Type": "Gather",
                    "Parent Relationship": "Outer",
                    "Parallel Aware": false,
                    "Startup Cost": 603217.89,
                    "Total Cost": 603218.4,
                    "Plan Rows": 5,
                    "Plan Width": 8,
                    "Actual Startup Time": 4260.836,
                    "Actual Total Time": 4314.133,
                    "Actual Rows": 6,
                    "Actual Loops": 1,
                    "Output": [
                        "(PARTIAL count(*))"
                    ],
                    "Workers Planned": 5,
                    "Workers Launched": 5,
                    "Single Copy": false,
                    "Plans": [
                        {
                            "Node Type": "Aggregate",
                            "Strategy": "Plain",
                            "Partial Mode": "Partial",
                            "Parent Relationship": "Outer",
                            "Parallel Aware": false,
                            "Startup Cost": 602217.89,
                            "Total Cost": 602217.9,
                            "Plan Rows": 1,
                            "Plan Width": 8,
                            "Actual Startup Time": 4246.448,
                            "Actual Total Time": 4246.453,
                            "Actual Rows": 1,
                            "Actual Loops": 6,
                            "Output": [
                                "PARTIAL count(*)"
                            ],
                            "Workers": [
                                {
                                    "Worker Number": 0,
                                    "Actual Startup Time": 4243.955,
                                    "Actual Total Time": 4243.96,
                                    "Actual Rows": 1,
                                    "Actual Loops": 1
                                },
                                {
                                    "Worker Number": 1,
                                    "Actual Startup Time": 4244.107,
                                    "Actual Total Time": 4244.111,
                                    "Actual Rows": 1,
                                    "Actual Loops": 1
                                },
                                {
                                    "Worker Number": 2,
                                    "Actual Startup Time": 4244.19,
                                    "Actual Total Time": 4244.196,
                                    "Actual Rows": 1,
                                    "Actual Loops": 1
                                },
                                {
                                    "Worker Number": 3,
                                    "Actual Startup Time": 4241.611,
                                    "Actual Total Time": 4241.615,
                                    "Actual Rows": 1,
                                    "Actual Loops": 1
                                },
                                {
                                    "Worker Number": 4,
                                    "Actual Startup Time": 4244.41,
                                    "Actual Total Time": 4244.415,
                                    "Actual Rows": 1,
                                    "Actual Loops": 1
                                }
                            ],
                            "Plans": [
                                {
                                    "Node Type": "Hash Join",
                                    "Parent Relationship": "Outer",
                                    "Parallel Aware": true,
                                    "Join Type": "Inner",
                                    "Startup Cost": 387261.51,
                                    "Total Cost": 594785.77,
                                    "Plan Rows": 2972848,
                                    "Plan Width": 0,
                                    "Actual Startup Time": 1647.428,
                                    "Actual Total Time": 3776.492,
                                    "Actual Rows": 11227179,
                                    "Actual Loops": 6,
                                    "Inner Unique": false,
                                    "Hash Cond": "(mi.movie_id = t.id)",
                                    "Workers": [
                                        {
                                            "Worker Number": 0,
                                            "Actual Startup Time": 1645.154,
                                            "Actual Total Time": 3760.136,
                                            "Actual Rows": 9954684,
                                            "Actual Loops": 1
                                        },
                                        {
                                            "Worker Number": 1,
                                            "Actual Startup Time": 1645.511,
                                            "Actual Total Time": 3772.411,
                                            "Actual Rows": 11095174,
                                            "Actual Loops": 1
                                        },
                                        {
                                            "Worker Number": 2,
                                            "Actual Startup Time": 1645.468,
                                            "Actual Total Time": 3764.716,
                                            "Actual Rows": 10745959,
                                            "Actual Loops": 1
                                        },
                                        {
                                            "Worker Number": 3,
                                            "Actual Startup Time": 1642.868,
                                            "Actual Total Time": 3785.602,
                                            "Actual Rows": 11851137,
                                            "Actual Loops": 1
                                        },
                                        {
                                            "Worker Number": 4,
                                            "Actual Startup Time": 1645.54,
                                            "Actual Total Time": 3782.73,
                                            "Actual Rows": 11753877,
                                            "Actual Loops": 1
                                        }
                                    ],
                                    "Plans": [
                                        {
                                            "Node Type": "Seq Scan",
                                            "Parent Relationship": "Outer",
                                            "Parallel Aware": true,
                                            "Relation Name": "movie_info",
                                            "Schema": "public",
                                            "Alias": "mi",
                                            "Startup Cost": 0.0,
                                            "Total Cost": 191503.19,
                                            "Plan Rows": 2951019,
                                            "Plan Width": 4,
                                            "Actual Startup Time": 0.029,
                                            "Actual Total Time": 268.519,
                                            "Actual Rows": 2472620,
                                            "Actual Loops": 6,
                                            "Output": [
                                                "mi.id",
                                                "mi.movie_id",
                                                "mi.info_type_id",
                                                "mi.info",
                                                "mi.note"
                                            ],
                                            "Workers": [
                                                {
                                                    "Worker Number": 0,
                                                    "Actual Startup Time": 0.031,
                                                    "Actual Total Time": 281.359,
                                                    "Actual Rows": 2161257,
                                                    "Actual Loops": 1
                                                },
                                                {
                                                    "Worker Number": 1,
                                                    "Actual Startup Time": 0.04,
                                                    "Actual Total Time": 273.339,
                                                    "Actual Rows": 2398208,
                                                    "Actual Loops": 1
                                                },
                                                {
                                                    "Worker Number": 2,
                                                    "Actual Startup Time": 0.032,
                                                    "Actual Total Time": 280.542,
                                                    "Actual Rows": 2268673,
                                                    "Actual Loops": 1
                                                },
                                                {
                                                    "Worker Number": 3,
                                                    "Actual Startup Time": 0.029,
                                                    "Actual Total Time": 289.072,
                                                    "Actual Rows": 2647649,
                                                    "Actual Loops": 1
                                                },
                                                {
                                                    "Worker Number": 4,
                                                    "Actual Startup Time": 0.029,
                                                    "Actual Total Time": 266.005,
                                                    "Actual Rows": 2608584,
                                                    "Actual Loops": 1
                                                }
                                            ]
                                        },
                                        {
                                            "Node Type": "Hash",
                                            "Parent Relationship": "Inner",
                                            "Parallel Aware": true,
                                            "Startup Cost": 381955.21,
                                            "Total Cost": 381955.21,
                                            "Plan Rows": 424504,
                                            "Plan Width": 8,
                                            "Actual Startup Time": 1639.729,
                                            "Actual Total Time": 1639.732,
                                            "Actual Rows": 435681,
                                            "Actual Loops": 6,
                                            "Output": [
                                                "t.id",
                                                "ci.movie_id"
                                            ],
                                            "Hash Buckets": 4194304,
                                            "Original Hash Buckets": 4194304,
                                            "Hash Batches": 1,
                                            "Original Hash Batches": 1,
                                            "Peak Memory Usage": 135168,
                                            "Workers": [
                                                {
                                                    "Worker Number": 0,
                                                    "Actual Startup Time": 1642.479,
                                                    "Actual Total Time": 1642.482,
                                                    "Actual Rows": 352709,
                                                    "Actual Loops": 1
                                                },
                                                {
                                                    "Worker Number": 1,
                                                    "Actual Startup Time": 1641.951,
                                                    "Actual Total Time": 1641.954,
                                                    "Actual Rows": 357177,
                                                    "Actual Loops": 1
                                                },
                                                {
                                                    "Worker Number": 2,
                                                    "Actual Startup Time": 1642.646,
                                                    "Actual Total Time": 1642.649,
                                                    "Actual Rows": 362446,
                                                    "Actual Loops": 1
                                                },
                                                {
                                                    "Worker Number": 3,
                                                    "Actual Startup Time": 1640.185,
                                                    "Actual Total Time": 1640.188,
                                                    "Actual Rows": 495834,
                                                    "Actual Loops": 1
                                                },
                                                {
                                                    "Worker Number": 4,
                                                    "Actual Startup Time": 1642.911,
                                                    "Actual Total Time": 1642.915,
                                                    "Actual Rows": 522110,
                                                    "Actual Loops": 1
                                                }
                                            ],
                                            "Plans": [
                                                {
                                                    "Node Type": "Hash Join",
                                                    "Parent Relationship": "Outer",
                                                    "Parallel Aware": true,
                                                    "Join Type": "Inner",
                                                    "Startup Cost": 46735.96,
                                                    "Total Cost": 381955.21,
                                                    "Plan Rows": 424504,
                                                    "Plan Width": 8,
                                                    "Actual Startup Time": 471.246,
                                                    "Actual Total Time": 1442.341,
                                                    "Actual Rows": 435681,
                                                    "Actual Loops": 6,
                                                    "Output": [
                                                        "t.id",
                                                        "ci.movie_id"
                                                    ],
                                                    "Inner Unique": true,
                                                    "Hash Cond": "(ci.movie_id = t.id)",
                                                    "Workers": [
                                                        {
                                                            "Worker Number": 0,
                                                            "Actual Startup Time": 471.129,
                                                            "Actual Total Time": 1448.129,
                                                            "Actual Rows": 352709,
                                                            "Actual Loops": 1
                                                        },
                                                        {
                                                            "Worker Number": 1,
                                                            "Actual Startup Time": 471.528,
                                                            "Actual Total Time": 1445.23,
                                                            "Actual Rows": 357177,
                                                            "Actual Loops": 1
                                                        },
                                                        {
                                                            "Worker Number": 2,
                                                            "Actual Startup Time": 471.101,
                                                            "Actual Total Time": 1446.682,
                                                            "Actual Rows": 362446,
                                                            "Actual Loops": 1
                                                        },
                                                        {
                                                            "Worker Number": 3,
                                                            "Actual Startup Time": 471.231,
                                                            "Actual Total Time": 1444.713,
                                                            "Actual Rows": 495834,
                                                            "Actual Loops": 1
                                                        },
                                                        {
                                                            "Worker Number": 4,
                                                            "Actual Startup Time": 471.117,
                                                            "Actual Total Time": 1430.834,
                                                            "Actual Rows": 522110,
                                                            "Actual Loops": 1
                                                        }
                                                    ],
                                                    "Plans": [
                                                        {
                                                            "Node Type": "Seq Scan",
                                                            "Parent Relationship": "Outer",
                                                            "Parallel Aware": true,
                                                            "Relation Name": "cast_info",
                                                            "Schema": "public",
                                                            "Alias": "ci",
                                                            "Startup Cost": 0.0,
                                                            "Total Cost": 328213.62,
                                                            "Plan Rows": 2668808,
                                                            "Plan Width": 4,
                                                            "Actual Startup Time": 351.22,
                                                            "Actual Total Time": 746.227,
                                                            "Actual Rows": 2686947,
                                                            "Actual Loops": 6,
                                                            "Output": [
                                                                "ci.id",
                                                                "ci.person_id",
                                                                "ci.movie_id",
                                                                "ci.person_role_id",
                                                                "ci.note",
                                                                "ci.nr_order",
                                                                "ci.role_id"
                                                            ],
                                                            "Filter": "(ci.role_id > 2)",
                                                            "Rows Removed by Filter": 3353777,
                                                            "Workers": [
                                                                {
                                                                    "Worker Number": 0,
                                                                    "Actual Startup Time": 351.151,
                                                                    "Actual Total Time": 768.192,
                                                                    "Actual Rows": 2188356,
                                                                    "Actual Loops": 1
                                                                },
                                                                {
                                                                    "Worker Number": 1,
                                                                    "Actual Startup Time": 351.291,
                                                                    "Actual Total Time": 767.598,
                                                                    "Actual Rows": 2192438,
                                                                    "Actual Loops": 1
                                                                },
                                                                {
                                                                    "Worker Number": 2,
                                                                    "Actual Startup Time": 351.264,
                                                                    "Actual Total Time": 769.011,
                                                                    "Actual Rows": 2207086,
                                                                    "Actual Loops": 1
                                                                },
                                                                {
                                                                    "Worker Number": 3,
                                                                    "Actual Startup Time": 351.171,
                                                                    "Actual Total Time": 733.526,
                                                                    "Actual Rows": 3027878,
                                                                    "Actual Loops": 1
                                                                },
                                                                {
                                                                    "Worker Number": 4,
                                                                    "Actual Startup Time": 351.171,
                                                                    "Actual Total Time": 737.637,
                                                                    "Actual Rows": 3229328,
                                                                    "Actual Loops": 1
                                                                }
                                                            ]
                                                        },
                                                        {
                                                            "Node Type": "Hash",
                                                            "Parent Relationship": "Inner",
                                                            "Parallel Aware": true,
                                                            "Startup Cost": 45479.21,
                                                            "Total Cost": 45479.21,
                                                            "Plan Rows": 100540,
                                                            "Plan Width": 4,
                                                            "Actual Startup Time": 119.35,
                                                            "Actual Total Time": 119.352,
                                                            "Actual Rows": 83435,
                                                            "Actual Loops": 6,
                                                            "Output": [
                                                                "t.id"
                                                            ],
                                                            "Hash Buckets": 524288,
                                                            "Original Hash Buckets": 524288,
                                                            "Hash Batches": 1,
                                                            "Original Hash Batches": 1,
                                                            "Peak Memory Usage": 23744,
                                                            "Workers": [
                                                                {
                                                                    "Worker Number": 0,
                                                                    "Actual Startup Time": 119.755,
                                                                    "Actual Total Time": 119.756,
                                                                    "Actual Rows": 64415,
                                                                    "Actual Loops": 1
                                                                },
                                                                {
                                                                    "Worker Number": 1,
                                                                    "Actual Startup Time": 119.741,
                                                                    "Actual Total Time": 119.743,
                                                                    "Actual Rows": 64952,
                                                                    "Actual Loops": 1
                                                                },
                                                                {
                                                                    "Worker Number": 2,
                                                                    "Actual Startup Time": 119.689,
                                                                    "Actual Total Time": 119.691,
                                                                    "Actual Rows": 66121,
                                                                    "Actual Loops": 1
                                                                },
                                                                {
                                                                    "Worker Number": 3,
                                                                    "Actual Startup Time": 119.853,
                                                                    "Actual Total Time": 119.854,
                                                                    "Actual Rows": 90476,
                                                                    "Actual Loops": 1
                                                                },
                                                                {
                                                                    "Worker Number": 4,
                                                                    "Actual Startup Time": 119.708,
                                                                    "Actual Total Time": 119.71,
                                                                    "Actual Rows": 96349,
                                                                    "Actual Loops": 1
                                                                }
                                                            ],
                                                            "Plans": [
                                                                {
                                                                    "Node Type": "Seq Scan",
                                                                    "Parent Relationship": "Outer",
                                                                    "Parallel Aware": true,
                                                                    "Relation Name": "title",
                                                                    "Schema": "public",
                                                                    "Alias": "t",
                                                                    "Startup Cost": 0.0,
                                                                    "Total Cost": 45479.21,
                                                                    "Plan Rows": 100540,
                                                                    "Plan Width": 4,
                                                                    "Actual Startup Time": 0.143,
                                                                    "Actual Total Time": 85.07,
                                                                    "Actual Rows": 83435,
                                                                    "Actual Loops": 6,
                                                                    "Output": [
                                                                        "t.id"
                                                                    ],
                                                                    "Filter": "((t.kind_id < 7) AND (t.production_year < 2000))",
                                                                    "Rows Removed by Filter": 337950,
                                                                    "Workers": [
                                                                        {
                                                                            "Worker Number": 0,
                                                                            "Actual Startup Time": 0.116,
                                                                            "Actual Total Time": 86.48,
                                                                            "Actual Rows": 64415,
                                                                            "Actual Loops": 1
                                                                        },
                                                                        {
                                                                            "Worker Number": 1,
                                                                            "Actual Startup Time": 0.097,
                                                                            "Actual Total Time": 86.312,
                                                                            "Actual Rows": 64952,
                                                                            "Actual Loops": 1
                                                                        },
                                                                        {
                                                                            "Worker Number": 2,
                                                                            "Actual Startup Time": 0.325,
                                                                            "Actual Total Time": 86.688,
                                                                            "Actual Rows": 66121,
                                                                            "Actual Loops": 1
                                                                        },
                                                                        {
                                                                            "Worker Number": 3,
                                                                            "Actual Startup Time": 0.152,
                                                                            "Actual Total Time": 84.988,
                                                                            "Actual Rows": 90476,
                                                                            "Actual Loops": 1
                                                                        },
                                                                        {
                                                                            "Worker Number": 4,
                                                                            "Actual Startup Time": 0.146,
                                                                            "Actual Total Time": 84.754,
                                                                            "Actual Rows": 96349,
                                                                            "Actual Loops": 1
                                                                        }
                                                                    ]
                                                                }
                                                            ]
                                                        }
                                                    ]
                                                }
                                            ]
                                        }
                                    ]
                                }
                            ]
                        }
                    ]
                }
            ]
        },
        "Planning Time": 176.224,
        "Triggers": [],
        "Execution Time": 4314.209
    }
]