{
    "Plan": {
        "Node Type": "Aggregate",
        "Strategy": "Plain",
        "Partial Mode": "Simple",
        "Parallel Aware": false,
        "Startup Cost": 80001698359.61,
        "Total Cost": 80001698359.62,
        "Plan Rows": 1,
        "Plan Width": 96,
        "Actual Startup Time": 9520.426,
        "Actual Total Time": 9520.447,
        "Actual Rows": 1,
        "Actual Loops": 1,
        "Output": [
            "min(chn.name)",
            "min(n.name)",
            "min(t.title)"
        ],
        "Plans": [
            {
                "Node Type": "Nested Loop",
                "Parent Relationship": "Outer",
                "Parallel Aware": false,
                "Join Type": "Inner",
                "Startup Cost": 80001485733.16,
                "Total Cost": 80001698359.6,
                "Plan Rows": 1,
                "Plan Width": 48,
                "Actual Startup Time": 9326.191,
                "Actual Total Time": 9520.422,
                "Actual Rows": 30,
                "Actual Loops": 1,
                "Output": [
                    "chn.name",
                    "n.name",
                    "t.title"
                ],
                "Inner Unique": true,
                "Plans": [
                    {
                        "Node Type": "Hash Join",
                        "Parent Relationship": "Outer",
                        "Parallel Aware": false,
                        "Join Type": "Inner",
                        "Startup Cost": 70001485732.67,
                        "Total Cost": 70001698355.1,
                        "Plan Rows": 1,
                        "Plan Width": 36,
                        "Actual Startup Time": 9326.175,
                        "Actual Total Time": 9520.27,
                        "Actual Rows": 30,
                        "Actual Loops": 1,
                        "Output": [
                            "ci.person_role_id",
                            "n.name",
                            "t.title"
                        ],
                        "Inner Unique": false,
                        "Hash Cond": "(ci.person_id = n.id)",
                        "Plans": [
                            {
                                "Node Type": "Merge Join",
                                "Parent Relationship": "Outer",
                                "Parallel Aware": false,
                                "Join Type": "Inner",
                                "Startup Cost": 60001276959.98,
                                "Total Cost": 60001489582.4,
                                "Plan Rows": 1,
                                "Plan Width": 25,
                                "Actual Startup Time": 7824.413,
                                "Actual Total Time": 8018.494,
                                "Actual Rows": 48,
                                "Actual Loops": 1,
                                "Output": [
                                    "ci.person_id",
                                    "ci.person_role_id",
                                    "t.title"
                                ],
                                "Inner Unique": false,
                                "Merge Cond": "(mi.movie_id = t.id)",
                                "Plans": [
                                    {
                                        "Node Type": "Nested Loop",
                                        "Parent Relationship": "Outer",
                                        "Parallel Aware": false,
                                        "Join Type": "Inner",
                                        "Startup Cost": 40000387719.66,
                                        "Total Cost": 40000600342.06,
                                        "Plan Rows": 1,
                                        "Plan Width": 8,
                                        "Actual Startup Time": 3271.752,
                                        "Actual Total Time": 4131.494,
                                        "Actual Rows": 10,
                                        "Actual Loops": 1,
                                        "Output": [
                                            "mc.movie_id",
                                            "mi.movie_id"
                                        ],
                                        "Inner Unique": true,
                                        "Plans": [
                                            {
                                                "Node Type": "Merge Join",
                                                "Parent Relationship": "Outer",
                                                "Parallel Aware": false,
                                                "Join Type": "Inner",
                                                "Startup Cost": 30000387719.24,
                                                "Total Cost": 30000535310.91,
                                                "Plan Rows": 14624,
                                                "Plan Width": 12,
                                                "Actual Startup Time": 1910.375,
                                                "Actual Total Time": 2616.026,
                                                "Actual Rows": 315197,
                                                "Actual Loops": 1,
                                                "Output": [
                                                    "mi.movie_id",
                                                    "mc.movie_id",
                                                    "mc.company_id"
                                                ],
                                                "Inner Unique": false,
                                                "Merge Cond": "(mc.movie_id = mi.movie_id)",
                                                "Plans": [
                                                    {
                                                        "Node Type": "Index Scan",
                                                        "Parent Relationship": "Outer",
                                                        "Parallel Aware": false,
                                                        "Scan Direction": "Forward",
                                                        "Index Name": "movie_id_movie_companies",
                                                        "Relation Name": "movie_companies",
                                                        "Schema": "public",
                                                        "Alias": "mc",
                                                        "Startup Cost": 10000000000.43,
                                                        "Total Cost": 10000140849.93,
                                                        "Plan Rows": 2609129,
                                                        "Plan Width": 8,
                                                        "Actual Startup Time": 0.021,
                                                        "Actual Total Time": 440.97,
                                                        "Actual Rows": 1807823,
                                                        "Actual Loops": 1,
                                                        "Output": [
                                                            "mc.id",
                                                            "mc.movie_id",
                                                            "mc.company_id",
                                                            "mc.company_type_id",
                                                            "mc.note"
                                                        ]
                                                    },
                                                    {
                                                        "Node Type": "Sort",
                                                        "Parent Relationship": "Inner",
                                                        "Parallel Aware": false,
                                                        "Startup Cost": 20000387718.81,
                                                        "Total Cost": 20000387725.59,
                                                        "Plan Rows": 2713,
                                                        "Plan Width": 4,
                                                        "Actual Startup Time": 1910.322,
                                                        "Actual Total Time": 1968.984,
                                                        "Actual Rows": 484262,
                                                        "Actual Loops": 1,
                                                        "Output": [
                                                            "mi.movie_id"
                                                        ],
                                                        "Sort Key": [
                                                            "mi.movie_id"
                                                        ],
                                                        "Sort Method": "quicksort",
                                                        "Sort Space Used": 26409,
                                                        "Sort Space Type": "Memory",
                                                        "Plans": [
                                                            {
                                                                "Node Type": "Hash Join",
                                                                "Parent Relationship": "Outer",
                                                                "Parallel Aware": false,
                                                                "Join Type": "Inner",
                                                                "Startup Cost": 20000387151.35,
                                                                "Total Cost": 20000387564.09,
                                                                "Plan Rows": 2713,
                                                                "Plan Width": 4,
                                                                "Actual Startup Time": 1843.792,
                                                                "Actual Total Time": 1864.235,
                                                                "Actual Rows": 301243,
                                                                "Actual Loops": 1,
                                                                "Output": [
                                                                    "mi.movie_id"
                                                                ],
                                                                "Inner Unique": false,
                                                                "Hash Cond": "(it.id = mi.info_type_id)",
                                                                "Plans": [
                                                                    {
                                                                        "Node Type": "Seq Scan",
                                                                        "Parent Relationship": "Outer",
                                                                        "Parallel Aware": false,
                                                                        "Relation Name": "info_type",
                                                                        "Schema": "public",
                                                                        "Alias": "it",
                                                                        "Startup Cost": 10000000000.0,
                                                                        "Total Cost": 10000000002.41,
                                                                        "Plan Rows": 1,
                                                                        "Plan Width": 4,
                                                                        "Actual Startup Time": 0.017,
                                                                        "Actual Total Time": 0.026,
                                                                        "Actual Rows": 1,
                                                                        "Actual Loops": 1,
                                                                        "Output": [
                                                                            "it.id",
                                                                            "it.info"
                                                                        ],
                                                                        "Filter": "((it.info)::text = 'release dates'::text)",
                                                                        "Rows Removed by Filter": 112
                                                                    },
                                                                    {
                                                                        "Node Type": "Hash",
                                                                        "Parent Relationship": "Inner",
                                                                        "Parallel Aware": false,
                                                                        "Startup Cost": 10000383319.42,
                                                                        "Total Cost": 10000383319.42,
                                                                        "Plan Rows": 306554,
                                                                        "Plan Width": 8,
                                                                        "Actual Startup Time": 1843.016,
                                                                        "Actual Total Time": 1843.017,
                                                                        "Actual Rows": 301247,
                                                                        "Actual Loops": 1,
                                                                        "Output": [
                                                                            "mi.movie_id",
                                                                            "mi.info_type_id"
                                                                        ],
                                                                        "Hash Buckets": 524288,
                                                                        "Original Hash Buckets": 524288,
                                                                        "Hash Batches": 1,
                                                                        "Original Hash Batches": 1,
                                                                        "Peak Memory Usage": 15864,
                                                                        "Plans": [
                                                                            {
                                                                                "Node Type": "Seq Scan",
                                                                                "Parent Relationship": "Outer",
                                                                                "Parallel Aware": false,
                                                                                "Relation Name": "movie_info",
                                                                                "Schema": "public",
                                                                                "Alias": "mi",
                                                                                "Startup Cost": 10000000000.0,
                                                                                "Total Cost": 10000383319.42,
                                                                                "Plan Rows": 306554,
                                                                                "Plan Width": 8,
                                                                                "Actual Startup Time": 209.458,
                                                                                "Actual Total Time": 1811.427,
                                                                                "Actual Rows": 301247,
                                                                                "Actual Loops": 1,
                                                                                "Output": [
                                                                                    "mi.movie_id",
                                                                                    "mi.info_type_id"
                                                                                ],
                                                                                "Filter": "((mi.info IS NOT NULL) AND ((mi.info ~~ 'Japan:%201%'::text) OR (mi.info ~~ 'USA:%201%'::text)))",
                                                                                "Rows Removed by Filter": 14534473
                                                                            }
                                                                        ]
                                                                    }
                                                                ]
                                                            }
                                                        ]
                                                    }
                                                ]
                                            },
                                            {
                                                "Node Type": "Bitmap Heap Scan",
                                                "Parent Relationship": "Inner",
                                                "Parallel Aware": false,
                                                "Relation Name": "company_name",
                                                "Schema": "public",
                                                "Alias": "cn",
                                                "Startup Cost": 0.43,
                                                "Total Cost": 4.45,
                                                "Plan Rows": 1,
                                                "Plan Width": 4,
                                                "Actual Startup Time": 0.003,
                                                "Actual Total Time": 0.003,
                                                "Actual Rows": 0,
                                                "Actual Loops": 315197,
                                                "Output": [
                                                    "cn.id",
                                                    "cn.name",
                                                    "cn.country_code",
                                                    "cn.imdb_id",
                                                    "cn.name_pcode_nf",
                                                    "cn.name_pcode_sf",
                                                    "cn.md5sum"
                                                ],
                                                "Recheck Cond": "(cn.id = mc.company_id)",
                                                "Rows Removed by Index Recheck": 0,
                                                "Filter": "(((cn.country_code)::text = '[us]'::text) AND (cn.name = 'DreamWorks Home Entertainment'::text))",
                                                "Rows Removed by Filter": 1,
                                                "Exact Heap Blocks": 315197,
                                                "Lossy Heap Blocks": 0,
                                                "Plans": [
                                                    {
                                                        "Node Type": "Bitmap Index Scan",
                                                        "Parent Relationship": "Outer",
                                                        "Parallel Aware": false,
                                                        "Index Name": "company_name_pkey",
                                                        "Startup Cost": 0.0,
                                                        "Total Cost": 0.43,
                                                        "Plan Rows": 1,
                                                        "Plan Width": 0,
                                                        "Actual Startup Time": 0.002,
                                                        "Actual Total Time": 0.002,
                                                        "Actual Rows": 1,
                                                        "Actual Loops": 315197,
                                                        "Index Cond": "(cn.id = mc.company_id)"
                                                    }
                                                ]
                                            }
                                        ]
                                    },
                                    {
                                        "Node Type": "Sort",
                                        "Parent Relationship": "Inner",
                                        "Parallel Aware": false,
                                        "Startup Cost": 20000889240.32,
                                        "Total Cost": 20000889240.32,
                                        "Plan Rows": 1,
                                        "Plan Width": 37,
                                        "Actual Startup Time": 3886.971,
                                        "Actual Total Time": 3886.985,
                                        "Actual Rows": 43,
                                        "Actual Loops": 1,
                                        "Output": [
                                            "ci.movie_id",
                                            "ci.person_id",
                                            "ci.person_role_id",
                                            "mk.movie_id",
                                            "t.title",
                                            "t.id"
                                        ],
                                        "Sort Key": [
                                            "ci.movie_id"
                                        ],
                                        "Sort Method": "quicksort",
                                        "Sort Space Used": 25,
                                        "Sort Space Type": "Memory",
                                        "Plans": [
                                            {
                                                "Node Type": "Merge Join",
                                                "Parent Relationship": "Outer",
                                                "Parallel Aware": false,
                                                "Join Type": "Inner",
                                                "Startup Cost": 20000883562.32,
                                                "Total Cost": 20000889240.31,
                                                "Plan Rows": 1,
                                                "Plan Width": 37,
                                                "Actual Startup Time": 3849.931,
                                                "Actual Total Time": 3886.965,
                                                "Actual Rows": 8,
                                                "Actual Loops": 1,
                                                "Output": [
                                                    "ci.movie_id",
                                                    "ci.person_id",
                                                    "ci.person_role_id",
                                                    "mk.movie_id",
                                                    "t.title",
                                                    "t.id"
                                                ],
                                                "Inner Unique": false,
                                                "Merge Cond": "(k.id = mk.keyword_id)",
                                                "Plans": [
                                                    {
                                                        "Node Type": "Index Scan",
                                                        "Parent Relationship": "Outer",
                                                        "Parallel Aware": false,
                                                        "Scan Direction": "Forward",
                                                        "Index Name": "keyword_pkey",
                                                        "Relation Name": "keyword",
                                                        "Schema": "public",
                                                        "Alias": "k",
                                                        "Startup Cost": 0.42,
                                                        "Total Cost": 5678.35,
                                                        "Plan Rows": 4,
                                                        "Plan Width": 4,
                                                        "Actual Startup Time": 0.257,
                                                        "Actual Total Time": 43.138,
                                                        "Actual Rows": 4,
                                                        "Actual Loops": 1,
                                                        "Output": [
                                                            "k.id",
                                                            "k.keyword",
                                                            "k.phonetic_code"
                                                        ],
                                                        "Filter": "(k.keyword = ANY ('{marvel-comics,marvel-cinematic-universe,based-on-comic,mission}'::text[]))",
                                                        "Rows Removed by Filter": 134166
                                                    },
                                                    {
                                                        "Node Type": "Sort",
                                                        "Parent Relationship": "Inner",
                                                        "Parallel Aware": false,
                                                        "Startup Cost": 20000883561.9,
                                                        "Total Cost": 20000883561.92,
                                                        "Plan Rows": 7,
                                                        "Plan Width": 41,
                                                        "Actual Startup Time": 3843.731,
                                                        "Actual Total Time": 3843.78,
                                                        "Actual Rows": 500,
                                                        "Actual Loops": 1,
                                                        "Output": [
                                                            "ci.movie_id",
                                                            "ci.person_id",
                                                            "ci.person_role_id",
                                                            "mk.movie_id",
                                                            "mk.keyword_id",
                                                            "t.title",
                                                            "t.id"
                                                        ],
                                                        "Sort Key": [
                                                            "mk.keyword_id"
                                                        ],
                                                        "Sort Method": "quicksort",
                                                        "Sort Space Used": 84,
                                                        "Sort Space Type": "Memory",
                                                        "Plans": [
                                                            {
                                                                "Node Type": "Nested Loop",
                                                                "Parent Relationship": "Outer",
                                                                "Parallel Aware": false,
                                                                "Join Type": "Inner",
                                                                "Startup Cost": 20000809633.51,
                                                                "Total Cost": 20000883561.81,
                                                                "Plan Rows": 7,
                                                                "Plan Width": 41,
                                                                "Actual Startup Time": 3793.647,
                                                                "Actual Total Time": 3843.587,
                                                                "Actual Rows": 687,
                                                                "Actual Loops": 1,
                                                                "Output": [
                                                                    "ci.movie_id",
                                                                    "ci.person_id",
                                                                    "ci.person_role_id",
                                                                    "mk.movie_id",
                                                                    "mk.keyword_id",
                                                                    "t.title",
                                                                    "t.id"
                                                                ],
                                                                "Inner Unique": false,
                                                                "Join Filter": "(t.id = mk.movie_id)",
                                                                "Rows Removed by Join Filter": 0,
                                                                "Plans": [
                                                                    {
                                                                        "Node Type": "Hash Join",
                                                                        "Parent Relationship": "Outer",
                                                                        "Parallel Aware": false,
                                                                        "Join Type": "Inner",
                                                                        "Startup Cost": 10000809632.62,
                                                                        "Total Cost": 10000883555.77,
                                                                        "Plan Rows": 1,
                                                                        "Plan Width": 33,
                                                                        "Actual Startup Time": 3793.6,
                                                                        "Actual Total Time": 3843.247,
                                                                        "Actual Rows": 23,
                                                                        "Actual Loops": 1,
                                                                        "Output": [
                                                                            "ci.movie_id",
                                                                            "ci.person_id",
                                                                            "ci.person_role_id",
                                                                            "t.title",
                                                                            "t.id"
                                                                        ],
                                                                        "Inner Unique": false,
                                                                        "Hash Cond": "(t.id = ci.movie_id)",
                                                                        "Plans": [
                                                                            {
                                                                                "Node Type": "Seq Scan",
                                                                                "Parent Relationship": "Outer",
                                                                                "Parallel Aware": false,
                                                                                "Relation Name": "title",
                                                                                "Schema": "public",
                                                                                "Alias": "t",
                                                                                "Startup Cost": 0.0,
                                                                                "Total Cost": 73922.83,
                                                                                "Plan Rows": 49,
                                                                                "Plan Width": 21,
                                                                                "Actual Startup Time": 56.659,
                                                                                "Actual Total Time": 245.184,
                                                                                "Actual Rows": 9,
                                                                                "Actual Loops": 1,
                                                                                "Output": [
                                                                                    "t.id",
                                                                                    "t.title",
                                                                                    "t.imdb_index",
                                                                                    "t.kind_id",
                                                                                    "t.production_year",
                                                                                    "t.imdb_id",
                                                                                    "t.phonetic_code",
                                                                                    "t.episode_of_id",
                                                                                    "t.season_nr",
                                                                                    "t.episode_nr",
                                                                                    "t.series_years",
                                                                                    "t.md5sum"
                                                                                ],
                                                                                "Filter": "((t.title ~~ 'Kung Fu Panda%'::text) AND (t.production_year > 2009))",
                                                                                "Rows Removed by Filter": 2528303
                                                                            },
                                                                            {
                                                                                "Node Type": "Hash",
                                                                                "Parent Relationship": "Inner",
                                                                                "Parallel Aware": false,
                                                                                "Startup Cost": 10000808756.51,
                                                                                "Total Cost": 10000808756.51,
                                                                                "Plan Rows": 70089,
                                                                                "Plan Width": 12,
                                                                                "Actual Startup Time": 3597.884,
                                                                                "Actual Total Time": 3597.887,
                                                                                "Actual Rows": 276166,
                                                                                "Actual Loops": 1,
                                                                                "Output": [
                                                                                    "ci.movie_id",
                                                                                    "ci.person_id",
                                                                                    "ci.person_role_id"
                                                                                ],
                                                                                "Hash Buckets": 524288,
                                                                                "Original Hash Buckets": 131072,
                                                                                "Hash Batches": 1,
                                                                                "Original Hash Batches": 1,
                                                                                "Peak Memory Usage": 15883,
                                                                                "Plans": [
                                                                                    {
                                                                                        "Node Type": "Hash Join",
                                                                                        "Parent Relationship": "Outer",
                                                                                        "Parallel Aware": false,
                                                                                        "Join Type": "Inner",
                                                                                        "Startup Cost": 10000806992.07,
                                                                                        "Total Cost": 10000808756.51,
                                                                                        "Plan Rows": 70089,
                                                                                        "Plan Width": 12,
                                                                                        "Actual Startup Time": 3536.976,
                                                                                        "Actual Total Time": 3562.104,
                                                                                        "Actual Rows": 276166,
                                                                                        "Actual Loops": 1,
                                                                                        "Output": [
                                                                                            "ci.movie_id",
                                                                                            "ci.person_id",
                                                                                            "ci.person_role_id"
                                                                                        ],
                                                                                        "Inner Unique": false,
                                                                                        "Hash Cond": "(rt.id = ci.role_id)",
                                                                                        "Plans": [
                                                                                            {
                                                                                                "Node Type": "Index Scan",
                                                                                                "Parent Relationship": "Outer",
                                                                                                "Parallel Aware": false,
                                                                                                "Scan Direction": "Forward",
                                                                                                "Index Name": "role_type_pkey",
                                                                                                "Relation Name": "role_type",
                                                                                                "Schema": "public",
                                                                                                "Alias": "rt",
                                                                                                "Startup Cost": 0.14,
                                                                                                "Total Cost": 12.35,
                                                                                                "Plan Rows": 1,
                                                                                                "Plan Width": 4,
                                                                                                "Actual Startup Time": 0.022,
                                                                                                "Actual Total Time": 0.031,
                                                                                                "Actual Rows": 1,
                                                                                                "Actual Loops": 1,
                                                                                                "Output": [
                                                                                                    "rt.id",
                                                                                                    "rt.role"
                                                                                                ],
                                                                                                "Filter": "((rt.role)::text = 'actress'::text)",
                                                                                                "Rows Removed by Filter": 11
                                                                                            },
                                                                                            {
                                                                                                "Node Type": "Hash",
                                                                                                "Parent Relationship": "Inner",
                                                                                                "Parallel Aware": false,
                                                                                                "Startup Cost": 10000796478.64,
                                                                                                "Total Cost": 10000796478.64,
                                                                                                "Plan Rows": 841064,
                                                                                                "Plan Width": 16,
                                                                                                "Actual Startup Time": 3535.559,
                                                                                                "Actual Total Time": 3535.56,
                                                                                                "Actual Rows": 867477,
                                                                                                "Actual Loops": 1,
                                                                                                "Output": [
                                                                                                    "ci.movie_id",
                                                                                                    "ci.person_id",
                                                                                                    "ci.role_id",
                                                                                                    "ci.person_role_id"
                                                                                                ],
                                                                                                "Hash Buckets": 1048576,
                                                                                                "Original Hash Buckets": 1048576,
                                                                                                "Hash Batches": 1,
                                                                                                "Original Hash Batches": 1,
                                                                                                "Peak Memory Usage": 48597,
                                                                                                "Plans": [
                                                                                                    {
                                                                                                        "Node Type": "Seq Scan",
                                                                                                        "Parent Relationship": "Outer",
                                                                                                        "Parallel Aware": false,
                                                                                                        "Relation Name": "cast_info",
                                                                                                        "Schema": "public",
                                                                                                        "Alias": "ci",
                                                                                                        "Startup Cost": 10000000000.0,
                                                                                                        "Total Cost": 10000796478.64,
                                                                                                        "Plan Rows": 841064,
                                                                                                        "Plan Width": 16,
                                                                                                        "Actual Startup Time": 0.019,
                                                                                                        "Actual Total Time": 3433.396,
                                                                                                        "Actual Rows": 867477,
                                                                                                        "Actual Loops": 1,
                                                                                                        "Output": [
                                                                                                            "ci.movie_id",
                                                                                                            "ci.person_id",
                                                                                                            "ci.role_id",
                                                                                                            "ci.person_role_id"
                                                                                                        ],
                                                                                                        "Filter": "(ci.note = ANY ('{(voice),\"(voice: Japanese version)\",\"(voice) (uncredited)\",\"(voice: English version)\"}'::text[]))",
                                                                                                        "Rows Removed by Filter": 35376867
                                                                                                    }
                                                                                                ]
                                                                                            }
                                                                                        ]
                                                                                    }
                                                                                ]
                                                                            }
                                                                        ]
                                                                    },
                                                                    {
                                                                        "Node Type": "Bitmap Heap Scan",
                                                                        "Parent Relationship": "Inner",
                                                                        "Parallel Aware": false,
                                                                        "Relation Name": "movie_keyword",
                                                                        "Schema": "public",
                                                                        "Alias": "mk",
                                                                        "Startup Cost": 0.89,
                                                                        "Total Cost": 5.46,
                                                                        "Plan Rows": 46,
                                                                        "Plan Width": 8,
                                                                        "Actual Startup Time": 0.006,
                                                                        "Actual Total Time": 0.008,
                                                                        "Actual Rows": 30,
                                                                        "Actual Loops": 23,
                                                                        "Output": [
                                                                            "mk.id",
                                                                            "mk.movie_id",
                                                                            "mk.keyword_id"
                                                                        ],
                                                                        "Recheck Cond": "(mk.movie_id = ci.movie_id)",
                                                                        "Rows Removed by Index Recheck": 0,
                                                                        "Exact Heap Blocks": 29,
                                                                        "Lossy Heap Blocks": 0,
                                                                        "Plans": [
                                                                            {
                                                                                "Node Type": "Bitmap Index Scan",
                                                                                "Parent Relationship": "Outer",
                                                                                "Parallel Aware": false,
                                                                                "Index Name": "movie_id_movie_keyword",
                                                                                "Startup Cost": 0.0,
                                                                                "Total Cost": 0.88,
                                                                                "Plan Rows": 46,
                                                                                "Plan Width": 0,
                                                                                "Actual Startup Time": 0.004,
                                                                                "Actual Total Time": 0.004,
                                                                                "Actual Rows": 30,
                                                                                "Actual Loops": 23,
                                                                                "Index Cond": "(mk.movie_id = ci.movie_id)"
                                                                            }
                                                                        ]
                                                                    }
                                                                ]
                                                            }
                                                        ]
                                                    }
                                                ]
                                            }
                                        ]
                                    }
                                ]
                            },
                            {
                                "Node Type": "Hash",
                                "Parent Relationship": "Inner",
                                "Parallel Aware": false,
                                "Startup Cost": 10000208670.47,
                                "Total Cost": 10000208670.47,
                                "Plan Rows": 8177,
                                "Plan Width": 23,
                                "Actual Startup Time": 1501.741,
                                "Actual Total Time": 1501.744,
                                "Actual Rows": 10525,
                                "Actual Loops": 1,
                                "Output": [
                                    "an.person_id",
                                    "n.name",
                                    "n.id"
                                ],
                                "Hash Buckets": 16384,
                                "Original Hash Buckets": 8192,
                                "Hash Batches": 1,
                                "Original Hash Batches": 1,
                                "Peak Memory Usage": 724,
                                "Plans": [
                                    {
                                        "Node Type": "Hash Join",
                                        "Parent Relationship": "Outer",
                                        "Parallel Aware": false,
                                        "Join Type": "Inner",
                                        "Startup Cost": 10000083278.95,
                                        "Total Cost": 10000208670.47,
                                        "Plan Rows": 8177,
                                        "Plan Width": 23,
                                        "Actual Startup Time": 1032.83,
                                        "Actual Total Time": 1498.604,
                                        "Actual Rows": 10525,
                                        "Actual Loops": 1,
                                        "Output": [
                                            "an.person_id",
                                            "n.name",
                                            "n.id"
                                        ],
                                        "Inner Unique": false,
                                        "Hash Cond": "(n.id = an.person_id)",
                                        "Plans": [
                                            {
                                                "Node Type": "Seq Scan",
                                                "Parent Relationship": "Outer",
                                                "Parallel Aware": false,
                                                "Relation Name": "name",
                                                "Schema": "public",
                                                "Alias": "n",
                                                "Startup Cost": 10000000000.0,
                                                "Total Cost": 10000118126.24,
                                                "Plan Rows": 37808,
                                                "Plan Width": 19,
                                                "Actual Startup Time": 338.388,
                                                "Actual Total Time": 777.07,
                                                "Actual Rows": 50011,
                                                "Actual Loops": 1,
                                                "Output": [
                                                    "n.id",
                                                    "n.name",
                                                    "n.imdb_index",
                                                    "n.imdb_id",
                                                    "n.gender",
                                                    "n.name_pcode_cf",
                                                    "n.name_pcode_nf",
                                                    "n.surname_pcode",
                                                    "n.md5sum"
                                                ],
                                                "Filter": "((n.name ~~ '%An%'::text) AND ((n.gender)::text = 'f'::text))",
                                                "Rows Removed by Filter": 4117480
                                            },
                                            {
                                                "Node Type": "Hash",
                                                "Parent Relationship": "Inner",
                                                "Parallel Aware": false,
                                                "Startup Cost": 72012.16,
                                                "Total Cost": 72012.16,
                                                "Plan Rows": 901343,
                                                "Plan Width": 4,
                                                "Actual Startup Time": 692.639,
                                                "Actual Total Time": 692.64,
                                                "Actual Rows": 901343,
                                                "Actual Loops": 1,
                                                "Output": [
                                                    "an.person_id"
                                                ],
                                                "Hash Buckets": 1048576,
                                                "Original Hash Buckets": 1048576,
                                                "Hash Batches": 1,
                                                "Original Hash Batches": 1,
                                                "Peak Memory Usage": 39880,
                                                "Plans": [
                                                    {
                                                        "Node Type": "Index Scan",
                                                        "Parent Relationship": "Outer",
                                                        "Parallel Aware": false,
                                                        "Scan Direction": "Forward",
                                                        "Index Name": "person_id_aka_name",
                                                        "Relation Name": "aka_name",
                                                        "Schema": "public",
                                                        "Alias": "an",
                                                        "Startup Cost": 0.42,
                                                        "Total Cost": 72012.16,
                                                        "Plan Rows": 901343,
                                                        "Plan Width": 4,
                                                        "Actual Startup Time": 0.033,
                                                        "Actual Total Time": 489.268,
                                                        "Actual Rows": 901343,
                                                        "Actual Loops": 1,
                                                        "Output": [
                                                            "an.person_id"
                                                        ]
                                                    }
                                                ]
                                            }
                                        ]
                                    }
                                ]
                            }
                        ]
                    },
                    {
                        "Node Type": "Bitmap Heap Scan",
                        "Parent Relationship": "Inner",
                        "Parallel Aware": false,
                        "Relation Name": "char_name",
                        "Schema": "public",
                        "Alias": "chn",
                        "Startup Cost": 0.49,
                        "Total Cost": 4.5,
                        "Plan Rows": 1,
                        "Plan Width": 20,
                        "Actual Startup Time": 0.003,
                        "Actual Total Time": 0.003,
                        "Actual Rows": 1,
                        "Actual Loops": 30,
                        "Output": [
                            "chn.id",
                            "chn.name",
                            "chn.imdb_index",
                            "chn.imdb_id",
                            "chn.name_pcode_nf",
                            "chn.surname_pcode",
                            "chn.md5sum"
                        ],
                        "Recheck Cond": "(chn.id = ci.person_role_id)",
                        "Rows Removed by Index Recheck": 0,
                        "Exact Heap Blocks": 30,
                        "Lossy Heap Blocks": 0,
                        "Plans": [
                            {
                                "Node Type": "Bitmap Index Scan",
                                "Parent Relationship": "Outer",
                                "Parallel Aware": false,
                                "Index Name": "char_name_pkey",
                                "Startup Cost": 0.0,
                                "Total Cost": 0.49,
                                "Plan Rows": 1,
                                "Plan Width": 0,
                                "Actual Startup Time": 0.002,
                                "Actual Total Time": 0.002,
                                "Actual Rows": 1,
                                "Actual Loops": 30,
                                "Index Cond": "(chn.id = ci.person_role_id)"
                            }
                        ]
                    }
                ]
            }
        ]
    },
    "Planning Time": 49.151,
    "Triggers": [],
    "Execution Time": 9521.725
}