[
    {
        "Bao": {
            "Bao prediction": "NaN",
            "Bao recommended hint": "(no hint)"
        }
    },
    {
        "Plan": {
            "Node Type": "Aggregate",
            "Strategy": "Plain",
            "Partial Mode": "Finalize",
            "Parallel Aware": false,
            "Startup Cost": 33414.94,
            "Total Cost": 33414.95,
            "Plan Rows": 1,
            "Plan Width": 8,
            "Actual Startup Time": 107.603,
            "Actual Total Time": 114.564,
            "Actual Rows": 1,
            "Actual Loops": 1,
            "Output": [
                "count(*)"
            ],
            "Plans": [
                {
                    "Node Type": "Gather",
                    "Parent Relationship": "Outer",
                    "Parallel Aware": false,
                    "Startup Cost": 33414.62,
                    "Total Cost": 33414.93,
                    "Plan Rows": 3,
                    "Plan Width": 8,
                    "Actual Startup Time": 107.477,
                    "Actual Total Time": 114.556,
                    "Actual Rows": 4,
                    "Actual Loops": 1,
                    "Output": [
                        "(PARTIAL count(*))"
                    ],
                    "Workers Planned": 3,
                    "Workers Launched": 3,
                    "Single Copy": false,
                    "Plans": [
                        {
                            "Node Type": "Aggregate",
                            "Strategy": "Plain",
                            "Partial Mode": "Partial",
                            "Parent Relationship": "Outer",
                            "Parallel Aware": false,
                            "Startup Cost": 32414.62,
                            "Total Cost": 32414.63,
                            "Plan Rows": 1,
                            "Plan Width": 8,
                            "Actual Startup Time": 99.343,
                            "Actual Total Time": 99.344,
                            "Actual Rows": 1,
                            "Actual Loops": 4,
                            "Output": [
                                "PARTIAL count(*)"
                            ],
                            "Workers": [
                                {
                                    "Worker Number": 0,
                                    "Actual Startup Time": 96.388,
                                    "Actual Total Time": 96.389,
                                    "Actual Rows": 1,
                                    "Actual Loops": 1
                                },
                                {
                                    "Worker Number": 1,
                                    "Actual Startup Time": 96.913,
                                    "Actual Total Time": 96.914,
                                    "Actual Rows": 1,
                                    "Actual Loops": 1
                                },
                                {
                                    "Worker Number": 2,
                                    "Actual Startup Time": 97.167,
                                    "Actual Total Time": 97.168,
                                    "Actual Rows": 1,
                                    "Actual Loops": 1
                                }
                            ],
                            "Plans": [
                                {
                                    "Node Type": "Seq Scan",
                                    "Parent Relationship": "Outer",
                                    "Parallel Aware": true,
                                    "Relation Name": "movie_companies",
                                    "Schema": "public",
                                    "Alias": "mc",
                                    "Startup Cost": 0.0,
                                    "Total Cost": 31414.82,
                                    "Plan Rows": 399922,
                                    "Plan Width": 0,
                                    "Actual Startup Time": 46.793,
                                    "Actual Total Time": 85.089,
                                    "Actual Rows": 324155,
                                    "Actual Loops": 4,
                                    "Output": [
                                        "id",
                                        "movie_id",
                                        "company_id",
                                        "company_type_id",
                                        "note"
                                    ],
                                    "Filter": "((mc.company_id > 34) AND (mc.company_type_id > 1))",
                                    "Rows Removed by Filter": 328127,
                                    "Workers": [
                                        {
                                            "Worker Number": 0,
                                            "Actual Startup Time": 43.82,
                                            "Actual Total Time": 82.352,
                                            "Actual Rows": 214696,
                                            "Actual Loops": 1
                                        },
                                        {
                                            "Worker Number": 1,
                                            "Actual Startup Time": 44.364,
                                            "Actual Total Time": 82.775,
                                            "Actual Rows": 344277,
                                            "Actual Loops": 1
                                        },
                                        {
                                            "Worker Number": 2,
                                            "Actual Startup Time": 44.625,
                                            "Actual Total Time": 83.053,
                                            "Actual Rows": 342687,
                                            "Actual Loops": 1
                                        }
                                    ]
                                }
                            ]
                        }
                    ]
                }
            ]
        },
        "Planning Time": 184.208,
        "Triggers": [],
        "Execution Time": 114.635
    }
]