[
  {
    "Plan": {
      "Node Type": "Aggregate",
      "Strategy": "Plain",
      "Partial Mode": "Finalize",
      "Parallel Aware": false,
      "Startup Cost": 45187.94,
      "Total Cost": 45187.95,
      "Plan Rows": 1,
      "Plan Width": 8,
      "Actual Startup Time": 161.936,
      "Actual Total Time": 172.043,
      "Actual Rows": 1,
      "Actual Loops": 1,
      "Plans": [
        {
          "Node Type": "Gather",
          "Parent Relationship": "Outer",
          "Parallel Aware": false,
          "Startup Cost": 45187.62,
          "Total Cost": 45187.93,
          "Plan Rows": 3,
          "Plan Width": 8,
          "Actual Startup Time": 161.806,
          "Actual Total Time": 172.034,
          "Actual Rows": 4,
          "Actual Loops": 1,
          "Workers Planned": 3,
          "Workers Launched": 3,
          "Single Copy": false,
          "Plans": [
            {
              "Node Type": "Aggregate",
              "Strategy": "Plain",
              "Partial Mode": "Partial",
              "Parent Relationship": "Outer",
              "Parallel Aware": false,
              "Startup Cost": 44187.62,
              "Total Cost": 44187.63,
              "Plan Rows": 1,
              "Plan Width": 8,
              "Actual Startup Time": 153.362,
              "Actual Total Time": 153.363,
              "Actual Rows": 1,
              "Actual Loops": 4,
              "Plans": [
                {
                  "Node Type": "Seq Scan",
                  "Parent Relationship": "Outer",
                  "Parallel Aware": true,
                  "Relation Name": "movie_keyword",
                  "Alias": "mk",
                  "Startup Cost": 0.0,
                  "Total Cost": 42695.65,
                  "Plan Rows": 596788,
                  "Plan Width": 0,
                  "Actual Startup Time": 0.059,
                  "Actual Total Time": 127.757,
                  "Actual Rows": 464738,
                  "Actual Loops": 4,
                  "Filter": "(keyword_id < 3103)",
                  "Rows Removed by Filter": 666244
                }
              ]
            }
          ]
        }
      ]
    },
    "Planning Time": 0.149,
    "Triggers": [],
    "Execution Time": 172.099
  }
]