[
  {
    "Plan": {
      "Node Type": "Aggregate",
      "Strategy": "Plain",
      "Partial Mode": "Finalize",
      "Parallel Aware": false,
      "Startup Cost": 26093.27,
      "Total Cost": 26093.28,
      "Plan Rows": 1,
      "Plan Width": 8,
      "Actual Startup Time": 10.606,
      "Actual Total Time": 12.501,
      "Actual Rows": 1,
      "Actual Loops": 1,
      "Plans": [
        {
          "Node Type": "Gather",
          "Parent Relationship": "Outer",
          "Parallel Aware": false,
          "Startup Cost": 26093.06,
          "Total Cost": 26093.27,
          "Plan Rows": 2,
          "Plan Width": 8,
          "Actual Startup Time": 10.524,
          "Actual Total Time": 12.49,
          "Actual Rows": 3,
          "Actual Loops": 1,
          "Workers Planned": 2,
          "Workers Launched": 2,
          "Single Copy": false,
          "Plans": [
            {
              "Node Type": "Aggregate",
              "Strategy": "Plain",
              "Partial Mode": "Partial",
              "Parent Relationship": "Outer",
              "Parallel Aware": false,
              "Startup Cost": 25093.06,
              "Total Cost": 25093.07,
              "Plan Rows": 1,
              "Plan Width": 8,
              "Actual Startup Time": 6.889,
              "Actual Total Time": 6.891,
              "Actual Rows": 1,
              "Actual Loops": 3,
              "Plans": [
                {
                  "Node Type": "Nested Loop",
                  "Parent Relationship": "Outer",
                  "Parallel Aware": false,
                  "Join Type": "Inner",
                  "Startup Cost": 155.22,
                  "Total Cost": 25092.0,
                  "Plan Rows": 423,
                  "Plan Width": 0,
                  "Actual Startup Time": 1.445,
                  "Actual Total Time": 6.865,
                  "Actual Rows": 85,
                  "Actual Loops": 3,
                  "Inner Unique": true,
                  "Plans": [
                    {
                      "Node Type": "Bitmap Heap Scan",
                      "Parent Relationship": "Outer",
                      "Parallel Aware": true,
                      "Relation Name": "movie_companies",
                      "Alias": "mc",
                      "Startup Cost": 154.79,
                      "Total Cost": 14020.58,
                      "Plan Rows": 1453,
                      "Plan Width": 4,
                      "Actual Startup Time": 1.337,
                      "Actual Total Time": 4.459,
                      "Actual Rows": 138,
                      "Actual Loops": 3,
                      "Recheck Cond": "(company_id = 424)",
                      "Rows Removed by Index Recheck": 0,
                      "Filter": "(company_type_id < 2)",
                      "Rows Removed by Filter": 2607,
                      "Exact Heap Blocks": 601,
                      "Lossy Heap Blocks": 0,
                      "Plans": [
                        {
                          "Node Type": "Bitmap Index Scan",
                          "Parent Relationship": "Outer",
                          "Parallel Aware": false,
                          "Index Name": "company_id_movie_companies",
                          "Startup Cost": 0.0,
                          "Total Cost": 153.92,
                          "Plan Rows": 7132,
                          "Plan Width": 0,
                          "Actual Startup Time": 3.508,
                          "Actual Total Time": 3.509,
                          "Actual Rows": 8235,
                          "Actual Loops": 1,
                          "Index Cond": "(company_id = 424)"
                        }
                      ]
                    },
                    {
                      "Node Type": "Index Scan",
                      "Parent Relationship": "Inner",
                      "Parallel Aware": false,
                      "Scan Direction": "Forward",
                      "Index Name": "title_pkey",
                      "Relation Name": "title",
                      "Alias": "t",
                      "Startup Cost": 0.43,
                      "Total Cost": 7.62,
                      "Plan Rows": 1,
                      "Plan Width": 4,
                      "Actual Startup Time": 0.017,
                      "Actual Total Time": 0.017,
                      "Actual Rows": 1,
                      "Actual Loops": 413,
                      "Index Cond": "(id = mc.movie_id)",
                      "Rows Removed by Index Recheck": 0,
                      "Filter": "((kind_id < 4) AND (production_year > 1963))",
                      "Rows Removed by Filter": 0
                    }
                  ]
                }
              ]
            }
          ]
        }
      ]
    },
    "Planning Time": 0.584,
    "Triggers": [],
    "Execution Time": 12.587
  }
]