{
  "Plan": {
    "Node Type": "Aggregate",
    "Strategy": "Plain",
    "Partial Mode": "Finalize",
    "Parallel Aware": false,
    "Startup Cost": 704160.35,
    "Total Cost": 704160.36,
    "Plan Rows": 1,
    "Plan Width": 8,
    "Actual Startup Time": 3132.357,
    "Actual Total Time": 3192.119,
    "Actual Rows": 1,
    "Actual Loops": 1,
    "Plans": [
      {
        "Node Type": "Gather",
        "Parent Relationship": "Outer",
        "Parallel Aware": false,
        "Startup Cost": 704160.24,
        "Total Cost": 704160.35,
        "Plan Rows": 1,
        "Plan Width": 8,
        "Actual Startup Time": 3129.592,
        "Actual Total Time": 3192.109,
        "Actual Rows": 2,
        "Actual Loops": 1,
        "Workers Planned": 1,
        "Workers Launched": 1,
        "Single Copy": false,
        "Plans": [
          {
            "Node Type": "Aggregate",
            "Strategy": "Plain",
            "Partial Mode": "Partial",
            "Parent Relationship": "Outer",
            "Parallel Aware": false,
            "Startup Cost": 703160.24,
            "Total Cost": 703160.25,
            "Plan Rows": 1,
            "Plan Width": 8,
            "Actual Startup Time": 3122.195,
            "Actual Total Time": 3122.808,
            "Actual Rows": 1,
            "Actual Loops": 2,
            "Plans": [
              {
                "Node Type": "Hash Join",
                "Parent Relationship": "Outer",
                "Parallel Aware": true,
                "Join Type": "Inner",
                "Startup Cost": 130162.9,
                "Total Cost": 694865.77,
                "Plan Rows": 3317788,
                "Plan Width": 0,
                "Actual Startup Time": 1330.53,
                "Actual Total Time": 3067.755,
                "Actual Rows": 1391255,
                "Actual Loops": 2,
                "Inner Unique": false,
                "Hash Cond": "(ci.movie_id = t.id)",
                "Plans": [
                  {
                    "Node Type": "Seq Scan",
                    "Parent Relationship": "Outer",
                    "Parallel Aware": true,
                    "Relation Name": "cast_info",
                    "Alias": "ci",
                    "Startup Cost": 0.0,
                    "Total Cost": 519069.44,
                    "Plan Rows": 6964538,
                    "Plan Width": 4,
                    "Actual Startup Time": 644.11,
                    "Actual Total Time": 1430.114,
                    "Actual Rows": 5893774,
                    "Actual Loops": 2,
                    "Filter": "(person_id > 2512781)",
                    "Rows Removed by Filter": 12228398
                  },
                  {
                    "Node Type": "Hash",
                    "Parent Relationship": "Inner",
                    "Parallel Aware": true,
                    "Startup Cost": 121306.75,
                    "Total Cost": 121306.75,
                    "Plan Rows": 708492,
                    "Plan Width": 8,
                    "Actual Startup Time": 672.109,
                    "Actual Total Time": 672.72,
                    "Actual Rows": 214813,
                    "Actual Loops": 2,
                    "Hash Buckets": 2097152,
                    "Original Hash Buckets": 2097152,
                    "Hash Batches": 1,
                    "Original Hash Batches": 1,
                    "Peak Memory Usage": 33216,
                    "Plans": [
                      {
                        "Node Type": "Hash Join",
                        "Parent Relationship": "Outer",
                        "Parallel Aware": true,
                        "Join Type": "Inner",
                        "Startup Cost": 63255.91,
                        "Total Cost": 121306.75,
                        "Plan Rows": 708492,
                        "Plan Width": 8,
                        "Actual Startup Time": 251.44,
                        "Actual Total Time": 625.082,
                        "Actual Rows": 214813,
                        "Actual Loops": 2,
                        "Inner Unique": true,
                        "Hash Cond": "(mk.movie_id = t.id)",
                        "Plans": [
                          {
                            "Node Type": "Seq Scan",
                            "Parent Relationship": "Outer",
                            "Parallel Aware": true,
                            "Relation Name": "movie_keyword",
                            "Alias": "mk",
                            "Startup Cost": 0.0,
                            "Total Cost": 51065.35,
                            "Plan Rows": 2661135,
                            "Plan Width": 4,
                            "Actual Startup Time": 0.014,
                            "Actual Total Time": 156.393,
                            "Actual Rows": 2261965,
                            "Actual Loops": 2
                          },
                          {
                            "Node Type": "Hash",
                            "Parent Relationship": "Inner",
                            "Parallel Aware": true,
                            "Startup Cost": 58306.47,
                            "Total Cost": 58306.47,
                            "Plan Rows": 395955,
                            "Plan Width": 4,
                            "Actual Startup Time": 247.259,
                            "Actual Total Time": 247.26,
                            "Actual Rows": 277266,
                            "Actual Loops": 2,
                            "Hash Buckets": 1048576,
                            "Original Hash Buckets": 1048576,
                            "Hash Batches": 1,
                            "Original Hash Batches": 1,
                            "Peak Memory Usage": 29920,
                            "Plans": [
                              {
                                "Node Type": "Seq Scan",
                                "Parent Relationship": "Outer",
                                "Parallel Aware": true,
                                "Relation Name": "title",
                                "Alias": "t",
                                "Startup Cost": 0.0,
                                "Total Cost": 58306.47,
                                "Plan Rows": 395955,
                                "Plan Width": 4,
                                "Actual Startup Time": 0.023,
                                "Actual Total Time": 158.089,
                                "Actual Rows": 277266,
                                "Actual Loops": 2,
                                "Filter": "((kind_id > 3) AND (production_year < 2000))",
                                "Rows Removed by Filter": 986890
                              }
                            ]
                          }
                        ]
                      }
                    ]
                  }
                ]
              }
            ]
          }
        ]
      }
    ]
  },
  "Planning Time": 0.957,
  "Triggers": [],
  "Execution Time": 3192.209
}