[
  {
    "Plan": {
      "Node Type": "Aggregate",
      "Strategy": "Plain",
      "Partial Mode": "Finalize",
      "Parallel Aware": false,
      "Startup Cost": 399373.32,
      "Total Cost": 399373.33,
      "Plan Rows": 1,
      "Plan Width": 8,
      "Actual Startup Time": 2619.196,
      "Actual Total Time": 2685.721,
      "Actual Rows": 1,
      "Actual Loops": 1,
      "Plans": [
        {
          "Node Type": "Gather",
          "Parent Relationship": "Outer",
          "Parallel Aware": false,
          "Startup Cost": 399372.7,
          "Total Cost": 399373.31,
          "Plan Rows": 6,
          "Plan Width": 8,
          "Actual Startup Time": 2611.572,
          "Actual Total Time": 2685.712,
          "Actual Rows": 7,
          "Actual Loops": 1,
          "Workers Planned": 6,
          "Workers Launched": 6,
          "Single Copy": false,
          "Plans": [
            {
              "Node Type": "Aggregate",
              "Strategy": "Plain",
              "Partial Mode": "Partial",
              "Parent Relationship": "Outer",
              "Parallel Aware": false,
              "Startup Cost": 398372.7,
              "Total Cost": 398372.71,
              "Plan Rows": 1,
              "Plan Width": 8,
              "Actual Startup Time": 2601.261,
              "Actual Total Time": 2601.382,
              "Actual Rows": 1,
              "Actual Loops": 7,
              "Plans": [
                {
                  "Node Type": "Hash Join",
                  "Parent Relationship": "Outer",
                  "Parallel Aware": true,
                  "Join Type": "Inner",
                  "Startup Cost": 48716.04,
                  "Total Cost": 392339.81,
                  "Plan Rows": 2413156,
                  "Plan Width": 0,
                  "Actual Startup Time": 211.375,
                  "Actual Total Time": 2483.871,
                  "Actual Rows": 2331532,
                  "Actual Loops": 7,
                  "Inner Unique": true,
                  "Hash Cond": "(ci.movie_id = t.id)",
                  "Plans": [
                    {
                      "Node Type": "Seq Scan",
                      "Parent Relationship": "Outer",
                      "Parallel Aware": true,
                      "Relation Name": "cast_info",
                      "Alias": "ci",
                      "Startup Cost": 0.0,
                      "Total Cost": 328162.03,
                      "Plan Rows": 5890180,
                      "Plan Width": 4,
                      "Actual Startup Time": 9.635,
                      "Actual Total Time": 732.143,
                      "Actual Rows": 5053391,
                      "Actual Loops": 7,
                      "Filter": "(person_id > 91468)",
                      "Rows Removed by Filter": 124372
                    },
                    {
                      "Node Type": "Hash",
                      "Parent Relationship": "Inner",
                      "Parallel Aware": true,
                      "Startup Cost": 45479.1,
                      "Total Cost": 45479.1,
                      "Plan Rows": 258955,
                      "Plan Width": 4,
                      "Actual Startup Time": 198.186,
                      "Actual Total Time": 198.187,
                      "Actual Rows": 162033,
                      "Actual Loops": 7,
                      "Hash Buckets": 2097152,
                      "Original Hash Buckets": 1048576,
                      "Hash Batches": 1,
                      "Original Hash Batches": 1,
                      "Peak Memory Usage": 69056,
                      "Plans": [
                        {
                          "Node Type": "Seq Scan",
                          "Parent Relationship": "Outer",
                          "Parallel Aware": true,
                          "Relation Name": "title",
                          "Alias": "t",
                          "Startup Cost": 0.0,
                          "Total Cost": 45479.1,
                          "Plan Rows": 258955,
                          "Plan Width": 4,
                          "Actual Startup Time": 0.04,
                          "Actual Total Time": 87.324,
                          "Actual Rows": 162033,
                          "Actual Loops": 7,
                          "Filter": "((production_year > 1992) AND (kind_id = 7))",
                          "Rows Removed by Filter": 199155
                        }
                      ]
                    }
                  ]
                }
              ]
            }
          ]
        }
      ]
    },
    "Planning Time": 0.531,
    "Triggers": [],
    "Execution Time": 2685.794
  }
]