[
  {
    "Plan": {
      "Node Type": "Aggregate",
      "Strategy": "Plain",
      "Partial Mode": "Finalize",
      "Parallel Aware": false,
      "Startup Cost": 45038.55,
      "Total Cost": 45038.56,
      "Plan Rows": 1,
      "Plan Width": 8,
      "Actual Startup Time": 132.254,
      "Actual Total Time": 142.079,
      "Actual Rows": 1,
      "Actual Loops": 1,
      "Plans": [
        {
          "Node Type": "Gather",
          "Parent Relationship": "Outer",
          "Parallel Aware": false,
          "Startup Cost": 45038.23,
          "Total Cost": 45038.54,
          "Plan Rows": 3,
          "Plan Width": 8,
          "Actual Startup Time": 132.147,
          "Actual Total Time": 142.069,
          "Actual Rows": 4,
          "Actual Loops": 1,
          "Workers Planned": 3,
          "Workers Launched": 3,
          "Single Copy": false,
          "Plans": [
            {
              "Node Type": "Aggregate",
              "Strategy": "Plain",
              "Partial Mode": "Partial",
              "Parent Relationship": "Outer",
              "Parallel Aware": false,
              "Startup Cost": 44038.23,
              "Total Cost": 44038.24,
              "Plan Rows": 1,
              "Plan Width": 8,
              "Actual Startup Time": 127.209,
              "Actual Total Time": 127.21,
              "Actual Rows": 1,
              "Actual Loops": 4,
              "Plans": [
                {
                  "Node Type": "Seq Scan",
                  "Parent Relationship": "Outer",
                  "Parallel Aware": true,
                  "Relation Name": "movie_keyword",
                  "Alias": "mk",
                  "Startup Cost": 0.0,
                  "Total Cost": 42695.65,
                  "Plan Rows": 537032,
                  "Plan Width": 0,
                  "Actual Startup Time": 1.302,
                  "Actual Total Time": 107.97,
                  "Actual Rows": 416743,
                  "Actual Loops": 4,
                  "Filter": "(keyword_id > 8721)",
                  "Rows Removed by Filter": 714239
                }
              ]
            }
          ]
        }
      ]
    },
    "Planning Time": 0.186,
    "Triggers": [],
    "Execution Time": 142.137
  }
]