[
  {
    "Plan": {
      "Node Type": "Aggregate",
      "Strategy": "Plain",
      "Partial Mode": "Finalize",
      "Parallel Aware": false,
      "Startup Cost": 54707.05,
      "Total Cost": 54707.06,
      "Plan Rows": 1,
      "Plan Width": 8,
      "Actual Startup Time": 153.893,
      "Actual Total Time": 161.617,
      "Actual Rows": 1,
      "Actual Loops": 1,
      "Plans": [
        {
          "Node Type": "Gather",
          "Parent Relationship": "Outer",
          "Parallel Aware": false,
          "Startup Cost": 54706.83,
          "Total Cost": 54707.04,
          "Plan Rows": 2,
          "Plan Width": 8,
          "Actual Startup Time": 153.276,
          "Actual Total Time": 161.609,
          "Actual Rows": 3,
          "Actual Loops": 1,
          "Workers Planned": 2,
          "Workers Launched": 2,
          "Single Copy": false,
          "Plans": [
            {
              "Node Type": "Aggregate",
              "Strategy": "Plain",
              "Partial Mode": "Partial",
              "Parent Relationship": "Outer",
              "Parallel Aware": false,
              "Startup Cost": 53706.83,
              "Total Cost": 53706.84,
              "Plan Rows": 1,
              "Plan Width": 8,
              "Actual Startup Time": 146.892,
              "Actual Total Time": 146.896,
              "Actual Rows": 1,
              "Actual Loops": 3,
              "Plans": [
                {
                  "Node Type": "Hash Join",
                  "Parent Relationship": "Outer",
                  "Parallel Aware": true,
                  "Join Type": "Inner",
                  "Startup Cost": 38467.9,
                  "Total Cost": 53662.46,
                  "Plan Rows": 17750,
                  "Plan Width": 0,
                  "Actual Startup Time": 96.523,
                  "Actual Total Time": 145.546,
                  "Actual Rows": 30947,
                  "Actual Loops": 3,
                  "Inner Unique": true,
                  "Hash Cond": "(mi_idx.movie_id = t.id)",
                  "Plans": [
                    {
                      "Node Type": "Seq Scan",
                      "Parent Relationship": "Outer",
                      "Parallel Aware": true,
                      "Relation Name": "movie_info_idx",
                      "Alias": "mi_idx",
                      "Startup Cost": 0.0,
                      "Total Cost": 13685.15,
                      "Plan Rows": 575015,
                      "Plan Width": 4,
                      "Actual Startup Time": 0.028,
                      "Actual Total Time": 37.437,
                      "Actual Rows": 460012,
                      "Actual Loops": 3
                    },
                    {
                      "Node Type": "Hash",
                      "Parent Relationship": "Inner",
                      "Parallel Aware": true,
                      "Startup Cost": 38224.0,
                      "Total Cost": 38224.0,
                      "Plan Rows": 19512,
                      "Plan Width": 4,
                      "Actual Startup Time": 61.744,
                      "Actual Total Time": 61.746,
                      "Actual Rows": 25213,
                      "Actual Loops": 3,
                      "Hash Buckets": 131072,
                      "Original Hash Buckets": 131072,
                      "Hash Batches": 1,
                      "Original Hash Batches": 1,
                      "Peak Memory Usage": 4032,
                      "Plans": [
                        {
                          "Node Type": "Bitmap Heap Scan",
                          "Parent Relationship": "Outer",
                          "Parallel Aware": true,
                          "Relation Name": "title",
                          "Alias": "t",
                          "Startup Cost": 1842.64,
                          "Total Cost": 38224.0,
                          "Plan Rows": 19512,
                          "Plan Width": 4,
                          "Actual Startup Time": 16.518,
                          "Actual Total Time": 52.836,
                          "Actual Rows": 25213,
                          "Actual Loops": 3,
                          "Recheck Cond": "(kind_id = 3)",
                          "Rows Removed by Index Recheck": 0,
                          "Filter": "(production_year > 1981)",
                          "Rows Removed by Filter": 8300,
                          "Exact Heap Blocks": 8930,
                          "Lossy Heap Blocks": 0,
                          "Plans": [
                            {
                              "Node Type": "Bitmap Index Scan",
                              "Parent Relationship": "Outer",
                              "Parallel Aware": false,
                              "Index Name": "kind_id_title",
                              "Startup Cost": 0.0,
                              "Total Cost": 1823.13,
                              "Plan Rows": 102227,
                              "Plan Width": 0,
                              "Actual Startup Time": 14.997,
                              "Actual Total Time": 14.997,
                              "Actual Rows": 100537,
                              "Actual Loops": 1,
                              "Index Cond": "(kind_id = 3)"
                            }
                          ]
                        }
                      ]
                    }
                  ]
                }
              ]
            }
          ]
        }
      ]
    },
    "Planning Time": 0.588,
    "Triggers": [],
    "Execution Time": 161.706
  }
]