[
  {
    "Plan": {
      "Node Type": "Aggregate",
      "Strategy": "Plain",
      "Partial Mode": "Finalize",
      "Parallel Aware": false,
      "Startup Cost": 89802.24,
      "Total Cost": 89802.25,
      "Plan Rows": 1,
      "Plan Width": 8,
      "Actual Startup Time": 331.499,
      "Actual Total Time": 347.146,
      "Actual Rows": 1,
      "Actual Loops": 1,
      "Plans": [
        {
          "Node Type": "Gather",
          "Parent Relationship": "Outer",
          "Parallel Aware": false,
          "Startup Cost": 89801.92,
          "Total Cost": 89802.23,
          "Plan Rows": 3,
          "Plan Width": 8,
          "Actual Startup Time": 330.59,
          "Actual Total Time": 347.138,
          "Actual Rows": 4,
          "Actual Loops": 1,
          "Workers Planned": 3,
          "Workers Launched": 3,
          "Single Copy": false,
          "Plans": [
            {
              "Node Type": "Aggregate",
              "Strategy": "Plain",
              "Partial Mode": "Partial",
              "Parent Relationship": "Outer",
              "Parallel Aware": false,
              "Startup Cost": 88801.92,
              "Total Cost": 88801.93,
              "Plan Rows": 1,
              "Plan Width": 8,
              "Actual Startup Time": 326.67,
              "Actual Total Time": 326.735,
              "Actual Rows": 1,
              "Actual Loops": 4,
              "Plans": [
                {
                  "Node Type": "Hash Join",
                  "Parent Relationship": "Outer",
                  "Parallel Aware": true,
                  "Join Type": "Inner",
                  "Startup Cost": 45783.51,
                  "Total Cost": 88661.59,
                  "Plan Rows": 56133,
                  "Plan Width": 0,
                  "Actual Startup Time": 111.176,
                  "Actual Total Time": 318.212,
                  "Actual Rows": 180102,
                  "Actual Loops": 4,
                  "Inner Unique": true,
                  "Hash Cond": "(mk.movie_id = t.id)",
                  "Plans": [
                    {
                      "Node Type": "Seq Scan",
                      "Parent Relationship": "Outer",
                      "Parallel Aware": true,
                      "Relation Name": "movie_keyword",
                      "Alias": "mk",
                      "Startup Cost": 0.0,
                      "Total Cost": 39047.32,
                      "Plan Rows": 1459332,
                      "Plan Width": 4,
                      "Actual Startup Time": 0.03,
                      "Actual Total Time": 93.88,
                      "Actual Rows": 1130982,
                      "Actual Loops": 4
                    },
                    {
                      "Node Type": "Hash",
                      "Parent Relationship": "Inner",
                      "Parallel Aware": true,
                      "Startup Cost": 45479.59,
                      "Total Cost": 45479.59,
                      "Plan Rows": 24314,
                      "Plan Width": 4,
                      "Actual Startup Time": 110.403,
                      "Actual Total Time": 110.404,
                      "Actual Rows": 50858,
                      "Actual Loops": 4,
                      "Hash Buckets": 262144,
                      "Original Hash Buckets": 131072,
                      "Hash Batches": 1,
                      "Original Hash Batches": 1,
                      "Peak Memory Usage": 11136,
                      "Plans": [
                        {
                          "Node Type": "Seq Scan",
                          "Parent Relationship": "Outer",
                          "Parallel Aware": true,
                          "Relation Name": "title",
                          "Alias": "t",
                          "Startup Cost": 0.0,
                          "Total Cost": 45479.59,
                          "Plan Rows": 24314,
                          "Plan Width": 4,
                          "Actual Startup Time": 0.157,
                          "Actual Total Time": 91.07,
                          "Actual Rows": 50858,
                          "Actual Loops": 4,
                          "Filter": "((kind_id < 7) AND (production_year < 1962))",
                          "Rows Removed by Filter": 581220
                        }
                      ]
                    }
                  ]
                }
              ]
            }
          ]
        }
      ]
    },
    "Planning Time": 0.218,
    "Triggers": [],
    "Execution Time": 347.176
  }
]