[
  {
    "Plan": {
      "Node Type": "Aggregate",
      "Strategy": "Plain",
      "Partial Mode": "Finalize",
      "Parallel Aware": false,
      "Startup Cost": 400936.23,
      "Total Cost": 400936.24,
      "Plan Rows": 1,
      "Plan Width": 8,
      "Actual Startup Time": 1123.645,
      "Actual Total Time": 1188.068,
      "Actual Rows": 1,
      "Actual Loops": 1,
      "Plans": [
        {
          "Node Type": "Gather",
          "Parent Relationship": "Outer",
          "Parallel Aware": false,
          "Startup Cost": 400935.61,
          "Total Cost": 400936.22,
          "Plan Rows": 6,
          "Plan Width": 8,
          "Actual Startup Time": 1114.747,
          "Actual Total Time": 1188.055,
          "Actual Rows": 7,
          "Actual Loops": 1,
          "Workers Planned": 6,
          "Workers Launched": 6,
          "Single Copy": false,
          "Plans": [
            {
              "Node Type": "Aggregate",
              "Strategy": "Plain",
              "Partial Mode": "Partial",
              "Parent Relationship": "Outer",
              "Parallel Aware": false,
              "Startup Cost": 399935.61,
              "Total Cost": 399935.62,
              "Plan Rows": 1,
              "Plan Width": 8,
              "Actual Startup Time": 1092.281,
              "Actual Total Time": 1092.284,
              "Actual Rows": 1,
              "Actual Loops": 7,
              "Plans": [
                {
                  "Node Type": "Hash Join",
                  "Parent Relationship": "Outer",
                  "Parallel Aware": true,
                  "Join Type": "Inner",
                  "Startup Cost": 50857.14,
                  "Total Cost": 397280.15,
                  "Plan Rows": 1062183,
                  "Plan Width": 0,
                  "Actual Startup Time": 555.544,
                  "Actual Total Time": 1075.949,
                  "Actual Rows": 342195,
                  "Actual Loops": 7,
                  "Inner Unique": true,
                  "Hash Cond": "(ci.movie_id = t.id)",
                  "Plans": [
                    {
                      "Node Type": "Seq Scan",
                      "Parent Relationship": "Outer",
                      "Parallel Aware": true,
                      "Relation Name": "cast_info",
                      "Alias": "ci",
                      "Startup Cost": 0.0,
                      "Total Cost": 343257.03,
                      "Plan Rows": 1206088,
                      "Plan Width": 4,
                      "Actual Startup Time": 295.176,
                      "Actual Total Time": 638.724,
                      "Actual Rows": 379696,
                      "Actual Loops": 7,
                      "Filter": "((person_id > 2357315) AND (role_id < 3))",
                      "Rows Removed by Filter": 4798067
                    },
                    {
                      "Node Type": "Hash",
                      "Parent Relationship": "Inner",
                      "Parallel Aware": true,
                      "Startup Cost": 43898.92,
                      "Total Cost": 43898.92,
                      "Plan Rows": 556658,
                      "Plan Width": 4,
                      "Actual Startup Time": 252.918,
                      "Actual Total Time": 252.919,
                      "Actual Rows": 317796,
                      "Actual Loops": 7,
                      "Hash Buckets": 4194304,
                      "Original Hash Buckets": 4194304,
                      "Hash Batches": 1,
                      "Original Hash Batches": 1,
                      "Peak Memory Usage": 119872,
                      "Plans": [
                        {
                          "Node Type": "Seq Scan",
                          "Parent Relationship": "Outer",
                          "Parallel Aware": true,
                          "Relation Name": "title",
                          "Alias": "t",
                          "Startup Cost": 0.0,
                          "Total Cost": 43898.92,
                          "Plan Rows": 556658,
                          "Plan Width": 4,
                          "Actual Startup Time": 0.045,
                          "Actual Total Time": 86.452,
                          "Actual Rows": 317796,
                          "Actual Loops": 7,
                          "Filter": "(production_year < 2012)",
                          "Rows Removed by Filter": 43392
                        }
                      ]
                    }
                  ]
                }
              ]
            }
          ]
        }
      ]
    },
    "Planning Time": 0.602,
    "Triggers": [],
    "Execution Time": 1188.147
  }
]