{
  "Plan": {
    "Node Type": "Aggregate",
    "Strategy": "Plain",
    "Partial Mode": "Finalize",
    "Parallel Aware": false,
    "Startup Cost": 95063.72,
    "Total Cost": 95063.73,
    "Plan Rows": 1,
    "Plan Width": 8,
    "Actual Startup Time": 352.937,
    "Actual Total Time": 368.578,
    "Actual Rows": 1,
    "Actual Loops": 1,
    "Plans": [
      {
        "Node Type": "Gather",
        "Parent Relationship": "Outer",
        "Parallel Aware": false,
        "Startup Cost": 95063.61,
        "Total Cost": 95063.72,
        "Plan Rows": 1,
        "Plan Width": 8,
        "Actual Startup Time": 351.803,
        "Actual Total Time": 368.567,
        "Actual Rows": 2,
        "Actual Loops": 1,
        "Workers Planned": 1,
        "Workers Launched": 1,
        "Single Copy": false,
        "Plans": [
          {
            "Node Type": "Aggregate",
            "Strategy": "Plain",
            "Partial Mode": "Partial",
            "Parent Relationship": "Outer",
            "Parallel Aware": false,
            "Startup Cost": 94063.61,
            "Total Cost": 94063.62,
            "Plan Rows": 1,
            "Plan Width": 8,
            "Actual Startup Time": 345.629,
            "Actual Total Time": 345.633,
            "Actual Rows": 1,
            "Actual Loops": 2,
            "Plans": [
              {
                "Node Type": "Hash Join",
                "Parent Relationship": "Outer",
                "Parallel Aware": true,
                "Join Type": "Inner",
                "Startup Cost": 32586.75,
                "Total Cost": 93905.24,
                "Plan Rows": 63346,
                "Plan Width": 0,
                "Actual Startup Time": 129.663,
                "Actual Total Time": 343.572,
                "Actual Rows": 43786,
                "Actual Loops": 2,
                "Inner Unique": false,
                "Hash Cond": "(t.id = mc.movie_id)",
                "Plans": [
                  {
                    "Node Type": "Seq Scan",
                    "Parent Relationship": "Outer",
                    "Parallel Aware": true,
                    "Relation Name": "title",
                    "Alias": "t",
                    "Startup Cost": 0.0,
                    "Total Cost": 58306.47,
                    "Plan Rows": 422305,
                    "Plan Width": 4,
                    "Actual Startup Time": 0.013,
                    "Actual Total Time": 137.565,
                    "Actual Rows": 381360,
                    "Actual Loops": 2,
                    "Filter": "((kind_id > 2) AND (production_year > 2005))",
                    "Rows Removed by Filter": 882796
                  },
                  {
                    "Node Type": "Hash",
                    "Parent Relationship": "Inner",
                    "Parallel Aware": true,
                    "Startup Cost": 29798.18,
                    "Total Cost": 29798.18,
                    "Plan Rows": 223086,
                    "Plan Width": 4,
                    "Actual Startup Time": 123.941,
                    "Actual Total Time": 123.942,
                    "Actual Rows": 188311,
                    "Actual Loops": 2,
                    "Hash Buckets": 524288,
                    "Original Hash Buckets": 524288,
                    "Hash Batches": 1,
                    "Original Hash Batches": 1,
                    "Peak Memory Usage": 18880,
                    "Plans": [
                      {
                        "Node Type": "Bitmap Heap Scan",
                        "Parent Relationship": "Outer",
                        "Parallel Aware": true,
                        "Relation Name": "movie_companies",
                        "Alias": "mc",
                        "Startup Cost": 8219.59,
                        "Total Cost": 29798.18,
                        "Plan Rows": 223086,
                        "Plan Width": 4,
                        "Actual Startup Time": 30.373,
                        "Actual Total Time": 84.631,
                        "Actual Rows": 188311,
                        "Actual Loops": 2,
                        "Recheck Cond": "(company_id < 225)",
                        "Rows Removed by Index Recheck": 0,
                        "Exact Heap Blocks": 11469,
                        "Lossy Heap Blocks": 0,
                        "Plans": [
                          {
                            "Node Type": "Bitmap Index Scan",
                            "Parent Relationship": "Outer",
                            "Parallel Aware": false,
                            "Index Name": "company_id_movie_companies",
                            "Startup Cost": 0.0,
                            "Total Cost": 8124.78,
                            "Plan Rows": 379247,
                            "Plan Width": 0,
                            "Actual Startup Time": 27.173,
                            "Actual Total Time": 27.173,
                            "Actual Rows": 376622,
                            "Actual Loops": 1,
                            "Index Cond": "(company_id < 225)"
                          }
                        ]
                      }
                    ]
                  }
                ]
              }
            ]
          }
        ]
      }
    ]
  },
  "Planning Time": 0.679,
  "Triggers": [],
  "Execution Time": 368.67
}