[
  {
    "Plan": {
      "Node Type": "Aggregate",
      "Strategy": "Plain",
      "Partial Mode": "Finalize",
      "Parallel Aware": false,
      "Startup Cost": 89865.63,
      "Total Cost": 89865.64,
      "Plan Rows": 1,
      "Plan Width": 8,
      "Actual Startup Time": 222.923,
      "Actual Total Time": 239.73,
      "Actual Rows": 1,
      "Actual Loops": 1,
      "Plans": [
        {
          "Node Type": "Gather",
          "Parent Relationship": "Outer",
          "Parallel Aware": false,
          "Startup Cost": 89865.21,
          "Total Cost": 89865.62,
          "Plan Rows": 4,
          "Plan Width": 8,
          "Actual Startup Time": 222.303,
          "Actual Total Time": 239.72,
          "Actual Rows": 5,
          "Actual Loops": 1,
          "Workers Planned": 4,
          "Workers Launched": 4,
          "Single Copy": false,
          "Plans": [
            {
              "Node Type": "Aggregate",
              "Strategy": "Plain",
              "Partial Mode": "Partial",
              "Parent Relationship": "Outer",
              "Parallel Aware": false,
              "Startup Cost": 88865.21,
              "Total Cost": 88865.22,
              "Plan Rows": 1,
              "Plan Width": 8,
              "Actual Startup Time": 212.121,
              "Actual Total Time": 212.124,
              "Actual Rows": 1,
              "Actual Loops": 5,
              "Plans": [
                {
                  "Node Type": "Nested Loop",
                  "Parent Relationship": "Outer",
                  "Parallel Aware": false,
                  "Join Type": "Inner",
                  "Startup Cost": 20359.26,
                  "Total Cost": 88806.34,
                  "Plan Rows": 23545,
                  "Plan Width": 0,
                  "Actual Startup Time": 113.596,
                  "Actual Total Time": 208.468,
                  "Actual Rows": 86421,
                  "Actual Loops": 5,
                  "Inner Unique": false,
                  "Plans": [
                    {
                      "Node Type": "Hash Join",
                      "Parent Relationship": "Outer",
                      "Parallel Aware": true,
                      "Join Type": "Inner",
                      "Startup Cost": 20358.83,
                      "Total Cost": 65880.37,
                      "Plan Rows": 13159,
                      "Plan Width": 8,
                      "Actual Startup Time": 110.012,
                      "Actual Total Time": 150.887,
                      "Actual Rows": 10003,
                      "Actual Loops": 5,
                      "Inner Unique": false,
                      "Hash Cond": "(t.id = mc.movie_id)",
                      "Plans": [
                        {
                          "Node Type": "Seq Scan",
                          "Parent Relationship": "Outer",
                          "Parallel Aware": true,
                          "Relation Name": "title",
                          "Alias": "t",
                          "Startup Cost": 0.0,
                          "Total Cost": 42318.73,
                          "Plan Rows": 632073,
                          "Plan Width": 4,
                          "Actual Startup Time": 0.017,
                          "Actual Total Time": 65.743,
                          "Actual Rows": 505662,
                          "Actual Loops": 5
                        },
                        {
                          "Node Type": "Hash",
                          "Parent Relationship": "Inner",
                          "Parallel Aware": true,
                          "Startup Cost": 20146.59,
                          "Total Cost": 20146.59,
                          "Plan Rows": 16979,
                          "Plan Width": 4,
                          "Actual Startup Time": 18.642,
                          "Actual Total Time": 18.643,
                          "Actual Rows": 10003,
                          "Actual Loops": 5,
                          "Hash Buckets": 65536,
                          "Original Hash Buckets": 65536,
                          "Hash Batches": 1,
                          "Original Hash Batches": 1,
                          "Peak Memory Usage": 2560,
                          "Plans": [
                            {
                              "Node Type": "Bitmap Heap Scan",
                              "Parent Relationship": "Outer",
                              "Parallel Aware": true,
                              "Relation Name": "movie_companies",
                              "Alias": "mc",
                              "Startup Cost": 1144.35,
                              "Total Cost": 20146.59,
                              "Plan Rows": 16979,
                              "Plan Width": 4,
                              "Actual Startup Time": 1.464,
                              "Actual Total Time": 12.99,
                              "Actual Rows": 10003,
                              "Actual Loops": 5,
                              "Recheck Cond": "(company_id > 191426)",
                              "Rows Removed by Index Recheck": 0,
                              "Exact Heap Blocks": 730,
                              "Lossy Heap Blocks": 0,
                              "Plans": [
                                {
                                  "Node Type": "Bitmap Index Scan",
                                  "Parent Relationship": "Outer",
                                  "Parallel Aware": false,
                                  "Index Name": "company_id_movie_companies",
                                  "Startup Cost": 0.0,
                                  "Total Cost": 1131.19,
                                  "Plan Rows": 52635,
                                  "Plan Width": 0,
                                  "Actual Startup Time": 6.159,
                                  "Actual Total Time": 6.159,
                                  "Actual Rows": 50017,
                                  "Actual Loops": 1,
                                  "Index Cond": "(company_id > 191426)"
                                }
                              ]
                            }
                          ]
                        }
                      ]
                    },
                    {
                      "Node Type": "Index Only Scan",
                      "Parent Relationship": "Inner",
                      "Parallel Aware": false,
                      "Scan Direction": "Forward",
                      "Index Name": "movie_id_movie_keyword",
                      "Relation Name": "movie_keyword",
                      "Alias": "mk",
                      "Startup Cost": 0.43,
                      "Total Cost": 1.29,
                      "Plan Rows": 45,
                      "Plan Width": 4,
                      "Actual Startup Time": 0.004,
                      "Actual Total Time": 0.005,
                      "Actual Rows": 9,
                      "Actual Loops": 50017,
                      "Index Cond": "(movie_id = t.id)",
                      "Rows Removed by Index Recheck": 0,
                      "Heap Fetches": 432104
                    }
                  ]
                }
              ]
            }
          ]
        }
      ]
    },
    "Planning Time": 1.4,
    "Triggers": [],
    "Execution Time": 239.835
  }
]