[
  {
    "Plan": {
      "Node Type": "Aggregate",
      "Strategy": "Plain",
      "Partial Mode": "Finalize",
      "Parallel Aware": false,
      "Startup Cost": 45425.93,
      "Total Cost": 45425.94,
      "Plan Rows": 1,
      "Plan Width": 8,
      "Actual Startup Time": 164.882,
      "Actual Total Time": 175.557,
      "Actual Rows": 1,
      "Actual Loops": 1,
      "Plans": [
        {
          "Node Type": "Gather",
          "Parent Relationship": "Outer",
          "Parallel Aware": false,
          "Startup Cost": 45425.61,
          "Total Cost": 45425.92,
          "Plan Rows": 3,
          "Plan Width": 8,
          "Actual Startup Time": 164.756,
          "Actual Total Time": 175.548,
          "Actual Rows": 4,
          "Actual Loops": 1,
          "Workers Planned": 3,
          "Workers Launched": 3,
          "Single Copy": false,
          "Plans": [
            {
              "Node Type": "Aggregate",
              "Strategy": "Plain",
              "Partial Mode": "Partial",
              "Parent Relationship": "Outer",
              "Parallel Aware": false,
              "Startup Cost": 44425.61,
              "Total Cost": 44425.62,
              "Plan Rows": 1,
              "Plan Width": 8,
              "Actual Startup Time": 157.653,
              "Actual Total Time": 157.654,
              "Actual Rows": 1,
              "Actual Loops": 4,
              "Plans": [
                {
                  "Node Type": "Seq Scan",
                  "Parent Relationship": "Outer",
                  "Parallel Aware": true,
                  "Relation Name": "movie_keyword",
                  "Alias": "mk",
                  "Startup Cost": 0.0,
                  "Total Cost": 42695.65,
                  "Plan Rows": 691983,
                  "Plan Width": 0,
                  "Actual Startup Time": 0.864,
                  "Actual Total Time": 129.999,
                  "Actual Rows": 536721,
                  "Actual Loops": 4,
                  "Filter": "(keyword_id > 5434)",
                  "Rows Removed by Filter": 594261
                }
              ]
            }
          ]
        }
      ]
    },
    "Planning Time": 0.195,
    "Triggers": [],
    "Execution Time": 175.618
  }
]