[
  {
    "Plan": {
      "Node Type": "Aggregate",
      "Strategy": "Plain",
      "Partial Mode": "Finalize",
      "Parallel Aware": false,
      "Startup Cost": 341784.01,
      "Total Cost": 341784.02,
      "Plan Rows": 1,
      "Plan Width": 8,
      "Actual Startup Time": 934.386,
      "Actual Total Time": 981.465,
      "Actual Rows": 1,
      "Actual Loops": 1,
      "Plans": [
        {
          "Node Type": "Gather",
          "Parent Relationship": "Outer",
          "Parallel Aware": false,
          "Startup Cost": 341783.38,
          "Total Cost": 341783.99,
          "Plan Rows": 6,
          "Plan Width": 8,
          "Actual Startup Time": 934.257,
          "Actual Total Time": 981.453,
          "Actual Rows": 7,
          "Actual Loops": 1,
          "Workers Planned": 6,
          "Workers Launched": 6,
          "Single Copy": false,
          "Plans": [
            {
              "Node Type": "Aggregate",
              "Strategy": "Plain",
              "Partial Mode": "Partial",
              "Parent Relationship": "Outer",
              "Parallel Aware": false,
              "Startup Cost": 340783.38,
              "Total Cost": 340783.39,
              "Plan Rows": 1,
              "Plan Width": 8,
              "Actual Startup Time": 926.558,
              "Actual Total Time": 926.559,
              "Actual Rows": 1,
              "Actual Loops": 7,
              "Plans": [
                {
                  "Node Type": "Seq Scan",
                  "Parent Relationship": "Outer",
                  "Parallel Aware": true,
                  "Relation Name": "cast_info",
                  "Alias": "ci",
                  "Startup Cost": 0.0,
                  "Total Cost": 328211.39,
                  "Plan Rows": 5028796,
                  "Plan Width": 0,
                  "Actual Startup Time": 80.053,
                  "Actual Total Time": 696.372,
                  "Actual Rows": 4283017,
                  "Actual Loops": 7,
                  "Filter": "(person_id > 603206)",
                  "Rows Removed by Filter": 894746
                }
              ]
            }
          ]
        }
      ]
    },
    "Planning Time": 0.072,
    "Triggers": [],
    "Execution Time": 981.507
  }
]