[
  {
    "Plan": {
      "Node Type": "Aggregate",
      "Strategy": "Plain",
      "Partial Mode": "Finalize",
      "Parallel Aware": false,
      "Startup Cost": 341728.38,
      "Total Cost": 341728.39,
      "Plan Rows": 1,
      "Plan Width": 8,
      "Actual Startup Time": 894.613,
      "Actual Total Time": 954.666,
      "Actual Rows": 1,
      "Actual Loops": 1,
      "Plans": [
        {
          "Node Type": "Gather",
          "Parent Relationship": "Outer",
          "Parallel Aware": false,
          "Startup Cost": 341727.75,
          "Total Cost": 341728.36,
          "Plan Rows": 6,
          "Plan Width": 8,
          "Actual Startup Time": 894.491,
          "Actual Total Time": 954.656,
          "Actual Rows": 7,
          "Actual Loops": 1,
          "Workers Planned": 6,
          "Workers Launched": 6,
          "Single Copy": false,
          "Plans": [
            {
              "Node Type": "Aggregate",
              "Strategy": "Plain",
              "Partial Mode": "Partial",
              "Parent Relationship": "Outer",
              "Parallel Aware": false,
              "Startup Cost": 340727.75,
              "Total Cost": 340727.76,
              "Plan Rows": 1,
              "Plan Width": 8,
              "Actual Startup Time": 884.035,
              "Actual Total Time": 884.036,
              "Actual Rows": 1,
              "Actual Loops": 7,
              "Plans": [
                {
                  "Node Type": "Seq Scan",
                  "Parent Relationship": "Outer",
                  "Parallel Aware": true,
                  "Relation Name": "cast_info",
                  "Alias": "ci",
                  "Startup Cost": 0.0,
                  "Total Cost": 328162.03,
                  "Plan Rows": 5026290,
                  "Plan Width": 0,
                  "Actual Startup Time": 82.698,
                  "Actual Total Time": 686.176,
                  "Actual Rows": 4283017,
                  "Actual Loops": 7,
                  "Filter": "(person_id > 603206)",
                  "Rows Removed by Filter": 894746
                }
              ]
            }
          ]
        }
      ]
    },
    "Planning Time": 0.201,
    "Triggers": [],
    "Execution Time": 954.745
  }
]