{
  "Plan": {
    "Node Type": "Aggregate",
    "Strategy": "Plain",
    "Partial Mode": "Finalize",
    "Parallel Aware": false,
    "Startup Cost": 263511.38,
    "Total Cost": 263511.39,
    "Plan Rows": 1,
    "Plan Width": 8,
    "Actual Startup Time": 2266.416,
    "Actual Total Time": 2331.624,
    "Actual Rows": 1,
    "Actual Loops": 1,
    "Plans": [
      {
        "Node Type": "Gather",
        "Parent Relationship": "Outer",
        "Parallel Aware": false,
        "Startup Cost": 263511.27,
        "Total Cost": 263511.38,
        "Plan Rows": 1,
        "Plan Width": 8,
        "Actual Startup Time": 2264.921,
        "Actual Total Time": 2331.613,
        "Actual Rows": 2,
        "Actual Loops": 1,
        "Workers Planned": 1,
        "Workers Launched": 1,
        "Single Copy": false,
        "Plans": [
          {
            "Node Type": "Aggregate",
            "Strategy": "Plain",
            "Partial Mode": "Partial",
            "Parent Relationship": "Outer",
            "Parallel Aware": false,
            "Startup Cost": 262511.27,
            "Total Cost": 262511.28,
            "Plan Rows": 1,
            "Plan Width": 8,
            "Actual Startup Time": 2258.617,
            "Actual Total Time": 2258.783,
            "Actual Rows": 1,
            "Actual Loops": 2,
            "Plans": [
              {
                "Node Type": "Nested Loop",
                "Parent Relationship": "Outer",
                "Parallel Aware": false,
                "Join Type": "Inner",
                "Startup Cost": 34268.4,
                "Total Cost": 262306.23,
                "Plan Rows": 82016,
                "Plan Width": 0,
                "Actual Startup Time": 173.304,
                "Actual Total Time": 2223.857,
                "Actual Rows": 670082,
                "Actual Loops": 2,
                "Inner Unique": false,
                "Plans": [
                  {
                    "Node Type": "Hash Join",
                    "Parent Relationship": "Outer",
                    "Parallel Aware": true,
                    "Join Type": "Inner",
                    "Startup Cost": 34267.97,
                    "Total Cost": 95521.62,
                    "Plan Rows": 89529,
                    "Plan Width": 8,
                    "Actual Startup Time": 173.208,
                    "Actual Total Time": 636.355,
                    "Actual Rows": 159488,
                    "Actual Loops": 2,
                    "Inner Unique": false,
                    "Hash Cond": "(t.id = mc.movie_id)",
                    "Plans": [
                      {
                        "Node Type": "Seq Scan",
                        "Parent Relationship": "Outer",
                        "Parallel Aware": true,
                        "Relation Name": "title",
                        "Alias": "t",
                        "Startup Cost": 0.0,
                        "Total Cost": 54588.39,
                        "Plan Rows": 982180,
                        "Plan Width": 4,
                        "Actual Startup Time": 0.014,
                        "Actual Total Time": 178.134,
                        "Actual Rows": 835646,
                        "Actual Loops": 2,
                        "Filter": "(production_year < 2008)",
                        "Rows Removed by Filter": 428510
                      },
                      {
                        "Node Type": "Hash",
                        "Parent Relationship": "Inner",
                        "Parallel Aware": true,
                        "Startup Cost": 32573.39,
                        "Total Cost": 32573.39,
                        "Plan Rows": 135566,
                        "Plan Width": 4,
                        "Actual Startup Time": 162.523,
                        "Actual Total Time": 162.524,
                        "Actual Rows": 230570,
                        "Actual Loops": 2,
                        "Hash Buckets": 524288,
                        "Original Hash Buckets": 262144,
                        "Hash Batches": 1,
                        "Original Hash Batches": 1,
                        "Peak Memory Usage": 24192,
                        "Plans": [
                          {
                            "Node Type": "Bitmap Heap Scan",
                            "Parent Relationship": "Outer",
                            "Parallel Aware": true,
                            "Relation Name": "movie_companies",
                            "Alias": "mc",
                            "Startup Cost": 9778.34,
                            "Total Cost": 32573.39,
                            "Plan Rows": 135566,
                            "Plan Width": 4,
                            "Actual Startup Time": 40.318,
                            "Actual Total Time": 99.166,
                            "Actual Rows": 230570,
                            "Actual Loops": 2,
                            "Recheck Cond": "(company_id > 76534)",
                            "Rows Removed by Index Recheck": 0,
                            "Filter": "(company_type_id > 1)",
                            "Rows Removed by Filter": 0,
                            "Exact Heap Blocks": 3614,
                            "Lossy Heap Blocks": 0,
                            "Plans": [
                              {
                                "Node Type": "Bitmap Index Scan",
                                "Parent Relationship": "Outer",
                                "Parallel Aware": false,
                                "Index Name": "company_id_movie_companies",
                                "Startup Cost": 0.0,
                                "Total Cost": 9720.73,
                                "Plan Rows": 453906,
                                "Plan Width": 0,
                                "Actual Startup Time": 41.334,
                                "Actual Total Time": 41.334,
                                "Actual Rows": 461139,
                                "Actual Loops": 1,
                                "Index Cond": "(company_id > 76534)"
                              }
                            ]
                          }
                        ]
                      }
                    ]
                  },
                  {
                    "Node Type": "Index Scan",
                    "Parent Relationship": "Inner",
                    "Parallel Aware": false,
                    "Scan Direction": "Forward",
                    "Index Name": "movie_id_movie_info",
                    "Relation Name": "movie_info",
                    "Alias": "mi",
                    "Startup Cost": 0.43,
                    "Total Cost": 1.79,
                    "Plan Rows": 7,
                    "Plan Width": 4,
                    "Actual Startup Time": 0.005,
                    "Actual Total Time": 0.009,
                    "Actual Rows": 4,
                    "Actual Loops": 318976,
                    "Index Cond": "(movie_id = t.id)",
                    "Rows Removed by Index Recheck": 0,
                    "Filter": "(info_type_id > 16)",
                    "Rows Removed by Filter": 13
                  }
                ]
              }
            ]
          }
        ]
      }
    ]
  },
  "Planning Time": 1.076,
  "Triggers": [],
  "Execution Time": 2331.752
}