[
  {
    "Plan": {
      "Node Type": "Aggregate",
      "Strategy": "Plain",
      "Partial Mode": "Finalize",
      "Parallel Aware": false,
      "Startup Cost": 83644.8,
      "Total Cost": 83644.81,
      "Plan Rows": 1,
      "Plan Width": 8,
      "Actual Startup Time": 279.619,
      "Actual Total Time": 294.816,
      "Actual Rows": 1,
      "Actual Loops": 1,
      "Plans": [
        {
          "Node Type": "Gather",
          "Parent Relationship": "Outer",
          "Parallel Aware": false,
          "Startup Cost": 83644.48,
          "Total Cost": 83644.79,
          "Plan Rows": 3,
          "Plan Width": 8,
          "Actual Startup Time": 275.023,
          "Actual Total Time": 294.807,
          "Actual Rows": 4,
          "Actual Loops": 1,
          "Workers Planned": 3,
          "Workers Launched": 3,
          "Single Copy": false,
          "Plans": [
            {
              "Node Type": "Aggregate",
              "Strategy": "Plain",
              "Partial Mode": "Partial",
              "Parent Relationship": "Outer",
              "Parallel Aware": false,
              "Startup Cost": 82644.48,
              "Total Cost": 82644.49,
              "Plan Rows": 1,
              "Plan Width": 8,
              "Actual Startup Time": 270.365,
              "Actual Total Time": 270.368,
              "Actual Rows": 1,
              "Actual Loops": 4,
              "Plans": [
                {
                  "Node Type": "Hash Join",
                  "Parent Relationship": "Outer",
                  "Parallel Aware": true,
                  "Join Type": "Inner",
                  "Startup Cost": 55875.62,
                  "Total Cost": 82534.26,
                  "Plan Rows": 44089,
                  "Plan Width": 0,
                  "Actual Startup Time": 182.709,
                  "Actual Total Time": 267.855,
                  "Actual Rows": 47120,
                  "Actual Loops": 4,
                  "Inner Unique": true,
                  "Hash Cond": "(mk.movie_id = t.id)",
                  "Plans": [
                    {
                      "Node Type": "Bitmap Heap Scan",
                      "Parent Relationship": "Outer",
                      "Parallel Aware": true,
                      "Relation Name": "movie_keyword",
                      "Alias": "mk",
                      "Startup Cost": 9586.34,
                      "Total Cost": 35862.35,
                      "Plan Rows": 145761,
                      "Plan Width": 4,
                      "Actual Startup Time": 24.283,
                      "Actual Total Time": 75.546,
                      "Actual Rows": 113332,
                      "Actual Loops": 4,
                      "Recheck Cond": "(keyword_id < 348)",
                      "Rows Removed by Index Recheck": 0,
                      "Exact Heap Blocks": 8448,
                      "Lossy Heap Blocks": 0,
                      "Plans": [
                        {
                          "Node Type": "Bitmap Index Scan",
                          "Parent Relationship": "Outer",
                          "Parallel Aware": false,
                          "Index Name": "keyword_id_movie_keyword",
                          "Startup Cost": 0.0,
                          "Total Cost": 9473.38,
                          "Plan Rows": 451859,
                          "Plan Width": 0,
                          "Actual Startup Time": 20.646,
                          "Actual Total Time": 20.647,
                          "Actual Rows": 453330,
                          "Actual Loops": 1,
                          "Index Cond": "(keyword_id < 348)"
                        }
                      ]
                    },
                    {
                      "Node Type": "Hash",
                      "Parent Relationship": "Inner",
                      "Parallel Aware": true,
                      "Startup Cost": 43899.32,
                      "Total Cost": 43899.32,
                      "Plan Rows": 191197,
                      "Plan Width": 4,
                      "Actual Startup Time": 155.785,
                      "Actual Total Time": 155.786,
                      "Actual Rows": 195669,
                      "Actual Loops": 4,
                      "Hash Buckets": 1048576,
                      "Original Hash Buckets": 1048576,
                      "Hash Batches": 1,
                      "Original Hash Batches": 1,
                      "Peak Memory Usage": 38880,
                      "Plans": [
                        {
                          "Node Type": "Seq Scan",
                          "Parent Relationship": "Outer",
                          "Parallel Aware": true,
                          "Relation Name": "title",
                          "Alias": "t",
                          "Startup Cost": 0.0,
                          "Total Cost": 43899.32,
                          "Plan Rows": 191197,
                          "Plan Width": 4,
                          "Actual Startup Time": 0.025,
                          "Actual Total Time": 93.068,
                          "Actual Rows": 195669,
                          "Actual Loops": 4,
                          "Filter": "(production_year < 1994)",
                          "Rows Removed by Filter": 436409
                        }
                      ]
                    }
                  ]
                }
              ]
            }
          ]
        }
      ]
    },
    "Planning Time": 0.255,
    "Triggers": [],
    "Execution Time": 294.86
  }
]