[
    {
        "Bao": {
            "Bao prediction": "NaN",
            "Bao recommended hint": "(no hint)"
        }
    },
    {
        "Plan": {
            "Node Type": "Aggregate",
            "Strategy": "Plain",
            "Partial Mode": "Finalize",
            "Parallel Aware": false,
            "Startup Cost": 120852.71,
            "Total Cost": 120852.72,
            "Plan Rows": 1,
            "Plan Width": 8,
            "Actual Startup Time": 410.788,
            "Actual Total Time": 423.677,
            "Actual Rows": 1,
            "Actual Loops": 1,
            "Output": [
                "count(*)"
            ],
            "Plans": [
                {
                    "Node Type": "Gather",
                    "Parent Relationship": "Outer",
                    "Parallel Aware": false,
                    "Startup Cost": 120852.4,
                    "Total Cost": 120852.71,
                    "Plan Rows": 3,
                    "Plan Width": 8,
                    "Actual Startup Time": 409.53,
                    "Actual Total Time": 423.669,
                    "Actual Rows": 4,
                    "Actual Loops": 1,
                    "Output": [
                        "(PARTIAL count(*))"
                    ],
                    "Workers Planned": 3,
                    "Workers Launched": 3,
                    "Single Copy": false,
                    "Plans": [
                        {
                            "Node Type": "Aggregate",
                            "Strategy": "Plain",
                            "Partial Mode": "Partial",
                            "Parent Relationship": "Outer",
                            "Parallel Aware": false,
                            "Startup Cost": 119852.4,
                            "Total Cost": 119852.41,
                            "Plan Rows": 1,
                            "Plan Width": 8,
                            "Actual Startup Time": 401.014,
                            "Actual Total Time": 401.018,
                            "Actual Rows": 1,
                            "Actual Loops": 4,
                            "Output": [
                                "PARTIAL count(*)"
                            ],
                            "Workers": [
                                {
                                    "Worker Number": 0,
                                    "Actual Startup Time": 398.004,
                                    "Actual Total Time": 398.009,
                                    "Actual Rows": 1,
                                    "Actual Loops": 1
                                },
                                {
                                    "Worker Number": 1,
                                    "Actual Startup Time": 398.24,
                                    "Actual Total Time": 398.244,
                                    "Actual Rows": 1,
                                    "Actual Loops": 1
                                },
                                {
                                    "Worker Number": 2,
                                    "Actual Startup Time": 398.575,
                                    "Actual Total Time": 398.579,
                                    "Actual Rows": 1,
                                    "Actual Loops": 1
                                }
                            ],
                            "Plans": [
                                {
                                    "Node Type": "Hash Join",
                                    "Parent Relationship": "Outer",
                                    "Parallel Aware": true,
                                    "Join Type": "Inner",
                                    "Startup Cost": 87845.11,
                                    "Total Cost": 119734.18,
                                    "Plan Rows": 47287,
                                    "Plan Width": 0,
                                    "Actual Startup Time": 294.942,
                                    "Actual Total Time": 398.828,
                                    "Actual Rows": 47258,
                                    "Actual Loops": 4,
                                    "Inner Unique": false,
                                    "Hash Cond": "(mc.movie_id = t.id)",
                                    "Workers": [
                                        {
                                            "Worker Number": 0,
                                            "Actual Startup Time": 291.973,
                                            "Actual Total Time": 395.957,
                                            "Actual Rows": 49403,
                                            "Actual Loops": 1
                                        },
                                        {
                                            "Worker Number": 1,
                                            "Actual Startup Time": 292.092,
                                            "Actual Total Time": 396.134,
                                            "Actual Rows": 30878,
                                            "Actual Loops": 1
                                        },
                                        {
                                            "Worker Number": 2,
                                            "Actual Startup Time": 292.509,
                                            "Actual Total Time": 396.418,
                                            "Actual Rows": 51936,
                                            "Actual Loops": 1
                                        }
                                    ],
                                    "Plans": [
                                        {
                                            "Node Type": "Seq Scan",
                                            "Parent Relationship": "Outer",
                                            "Parallel Aware": true,
                                            "Relation Name": "movie_companies",
                                            "Schema": "public",
                                            "Alias": "mc",
                                            "Startup Cost": 0.0,
                                            "Total Cost": 29310.68,
                                            "Plan Rows": 646892,
                                            "Plan Width": 4,
                                            "Actual Startup Time": 0.181,
                                            "Actual Total Time": 70.431,
                                            "Actual Rows": 500976,
                                            "Actual Loops": 4,
                                            "Output": [
                                                "mc.id",
                                                "mc.movie_id",
                                                "mc.company_id",
                                                "mc.company_type_id",
                                                "mc.note"
                                            ],
                                            "Filter": "(mc.company_id > 699)",
                                            "Rows Removed by Filter": 151306,
                                            "Workers": [
                                                {
                                                    "Worker Number": 0,
                                                    "Actual Startup Time": 0.135,
                                                    "Actual Total Time": 71.203,
                                                    "Actual Rows": 533277,
                                                    "Actual Loops": 1
                                                },
                                                {
                                                    "Worker Number": 1,
                                                    "Actual Startup Time": 0.208,
                                                    "Actual Total Time": 72.41,
                                                    "Actual Rows": 344239,
                                                    "Actual Loops": 1
                                                },
                                                {
                                                    "Worker Number": 2,
                                                    "Actual Startup Time": 0.195,
                                                    "Actual Total Time": 69.21,
                                                    "Actual Rows": 518637,
                                                    "Actual Loops": 1
                                                }
                                            ]
                                        },
                                        {
                                            "Node Type": "Hash",
                                            "Parent Relationship": "Inner",
                                            "Parallel Aware": true,
                                            "Startup Cost": 87099.87,
                                            "Total Cost": 87099.87,
                                            "Plan Rows": 59619,
                                            "Plan Width": 8,
                                            "Actual Startup Time": 279.832,
                                            "Actual Total Time": 279.836,
                                            "Actual Rows": 15820,
                                            "Actual Loops": 4,
                                            "Output": [
                                                "t.id",
                                                "mk.movie_id"
                                            ],
                                            "Hash Buckets": 262144,
                                            "Original Hash Buckets": 262144,
                                            "Hash Batches": 1,
                                            "Original Hash Batches": 1,
                                            "Peak Memory Usage": 4576,
                                            "Workers": [
                                                {
                                                    "Worker Number": 0,
                                                    "Actual Startup Time": 277.291,
                                                    "Actual Total Time": 277.294,
                                                    "Actual Rows": 17533,
                                                    "Actual Loops": 1
                                                },
                                                {
                                                    "Worker Number": 1,
                                                    "Actual Startup Time": 277.583,
                                                    "Actual Total Time": 277.586,
                                                    "Actual Rows": 10488,
                                                    "Actual Loops": 1
                                                },
                                                {
                                                    "Worker Number": 2,
                                                    "Actual Startup Time": 277.92,
                                                    "Actual Total Time": 277.923,
                                                    "Actual Rows": 16033,
                                                    "Actual Loops": 1
                                                }
                                            ],
                                            "Plans": [
                                                {
                                                    "Node Type": "Hash Join",
                                                    "Parent Relationship": "Outer",
                                                    "Parallel Aware": true,
                                                    "Join Type": "Inner",
                                                    "Startup Cost": 44221.79,
                                                    "Total Cost": 87099.87,
                                                    "Plan Rows": 59619,
                                                    "Plan Width": 8,
                                                    "Actual Startup Time": 128.23,
                                                    "Actual Total Time": 275.707,
                                                    "Actual Rows": 15820,
                                                    "Actual Loops": 4,
                                                    "Output": [
                                                        "t.id",
                                                        "mk.movie_id"
                                                    ],
                                                    "Inner Unique": true,
                                                    "Hash Cond": "(mk.movie_id = t.id)",
                                                    "Workers": [
                                                        {
                                                            "Worker Number": 0,
                                                            "Actual Startup Time": 125.777,
                                                            "Actual Total Time": 273.288,
                                                            "Actual Rows": 17533,
                                                            "Actual Loops": 1
                                                        },
                                                        {
                                                            "Worker Number": 1,
                                                            "Actual Startup Time": 125.878,
                                                            "Actual Total Time": 273.629,
                                                            "Actual Rows": 10488,
                                                            "Actual Loops": 1
                                                        },
                                                        {
                                                            "Worker Number": 2,
                                                            "Actual Startup Time": 126.315,
                                                            "Actual Total Time": 273.343,
                                                            "Actual Rows": 16033,
                                                            "Actual Loops": 1
                                                        }
                                                    ],
                                                    "Plans": [
                                                        {
                                                            "Node Type": "Seq Scan",
                                                            "Parent Relationship": "Outer",
                                                            "Parallel Aware": true,
                                                            "Relation Name": "movie_keyword",
                                                            "Schema": "public",
                                                            "Alias": "mk",
                                                            "Startup Cost": 0.0,
                                                            "Total Cost": 39047.32,
                                                            "Plan Rows": 1459332,
                                                            "Plan Width": 4,
                                                            "Actual Startup Time": 0.011,
                                                            "Actual Total Time": 88.824,
                                                            "Actual Rows": 1130982,
                                                            "Actual Loops": 4,
                                                            "Output": [
                                                                "mk.id",
                                                                "mk.movie_id",
                                                                "mk.keyword_id"
                                                            ],
                                                            "Workers": [
                                                                {
                                                                    "Worker Number": 0,
                                                                    "Actual Startup Time": 0.011,
                                                                    "Actual Total Time": 90.635,
                                                                    "Actual Rows": 1222790,
                                                                    "Actual Loops": 1
                                                                },
                                                                {
                                                                    "Worker Number": 1,
                                                                    "Actual Startup Time": 0.014,
                                                                    "Actual Total Time": 90.99,
                                                                    "Actual Rows": 778850,
                                                                    "Actual Loops": 1
                                                                },
                                                                {
                                                                    "Worker Number": 2,
                                                                    "Actual Startup Time": 0.011,
                                                                    "Actual Total Time": 89.155,
                                                                    "Actual Rows": 1171235,
                                                                    "Actual Loops": 1
                                                                }
                                                            ]
                                                        },
                                                        {
                                                            "Node Type": "Hash",
                                                            "Parent Relationship": "Inner",
                                                            "Parallel Aware": true,
                                                            "Startup Cost": 43899.01,
                                                            "Total Cost": 43899.01,
                                                            "Plan Rows": 25823,
                                                            "Plan Width": 4,
                                                            "Actual Startup Time": 92.865,
                                                            "Actual Total Time": 92.867,
                                                            "Actual Rows": 25298,
                                                            "Actual Loops": 4,
                                                            "Output": [
                                                                "t.id"
                                                            ],
                                                            "Hash Buckets": 131072,
                                                            "Original Hash Buckets": 131072,
                                                            "Hash Batches": 1,
                                                            "Original Hash Batches": 1,
                                                            "Peak Memory Usage": 5024,
                                                            "Workers": [
                                                                {
                                                                    "Worker Number": 0,
                                                                    "Actual Startup Time": 90.6,
                                                                    "Actual Total Time": 90.602,
                                                                    "Actual Rows": 25206,
                                                                    "Actual Loops": 1
                                                                },
                                                                {
                                                                    "Worker Number": 1,
                                                                    "Actual Startup Time": 90.704,
                                                                    "Actual Total Time": 90.705,
                                                                    "Actual Rows": 16780,
                                                                    "Actual Loops": 1
                                                                },
                                                                {
                                                                    "Worker Number": 2,
                                                                    "Actual Startup Time": 91.111,
                                                                    "Actual Total Time": 91.112,
                                                                    "Actual Rows": 24509,
                                                                    "Actual Loops": 1
                                                                }
                                                            ],
                                                            "Plans": [
                                                                {
                                                                    "Node Type": "Seq Scan",
                                                                    "Parent Relationship": "Outer",
                                                                    "Parallel Aware": true,
                                                                    "Relation Name": "title",
                                                                    "Schema": "public",
                                                                    "Alias": "t",
                                                                    "Startup Cost": 0.0,
                                                                    "Total Cost": 43899.01,
                                                                    "Plan Rows": 25823,
                                                                    "Plan Width": 4,
                                                                    "Actual Startup Time": 42.931,
                                                                    "Actual Total Time": 84.879,
                                                                    "Actual Rows": 25298,
                                                                    "Actual Loops": 4,
                                                                    "Output": [
                                                                        "t.id"
                                                                    ],
                                                                    "Filter": "(t.production_year < 1925)",
                                                                    "Rows Removed by Filter": 606780,
                                                                    "Workers": [
                                                                        {
                                                                            "Worker Number": 0,
                                                                            "Actual Startup Time": 30.722,
                                                                            "Actual Total Time": 82.625,
                                                                            "Actual Rows": 25206,
                                                                            "Actual Loops": 1
                                                                        },
                                                                        {
                                                                            "Worker Number": 1,
                                                                            "Actual Startup Time": 32.757,
                                                                            "Actual Total Time": 83.612,
                                                                            "Actual Rows": 16780,
                                                                            "Actual Loops": 1
                                                                        },
                                                                        {
                                                                            "Worker Number": 2,
                                                                            "Actual Startup Time": 50.052,
                                                                            "Actual Total Time": 83.051,
                                                                            "Actual Rows": 24509,
                                                                            "Actual Loops": 1
                                                                        }
                                                                    ]
                                                                }
                                                            ]
                                                        }
                                                    ]
                                                }
                                            ]
                                        }
                                    ]
                                }
                            ]
                        }
                    ]
                }
            ]
        },
        "Planning Time": 181.435,
        "Triggers": [],
        "Execution Time": 423.73
    }
]