{
  "Plan": {
    "Node Type": "Aggregate",
    "Strategy": "Plain",
    "Partial Mode": "Finalize",
    "Parallel Aware": false,
    "Startup Cost": 975668.14,
    "Total Cost": 975668.15,
    "Plan Rows": 1,
    "Plan Width": 8,
    "Actual Startup Time": 5593.011,
    "Actual Total Time": 5671.817,
    "Actual Rows": 1,
    "Actual Loops": 1,
    "Plans": [
      {
        "Node Type": "Gather",
        "Parent Relationship": "Outer",
        "Parallel Aware": false,
        "Startup Cost": 975668.03,
        "Total Cost": 975668.14,
        "Plan Rows": 1,
        "Plan Width": 8,
        "Actual Startup Time": 5589.957,
        "Actual Total Time": 5671.807,
        "Actual Rows": 2,
        "Actual Loops": 1,
        "Workers Planned": 1,
        "Workers Launched": 1,
        "Single Copy": false,
        "Plans": [
          {
            "Node Type": "Aggregate",
            "Strategy": "Plain",
            "Partial Mode": "Partial",
            "Parent Relationship": "Outer",
            "Parallel Aware": false,
            "Startup Cost": 974668.03,
            "Total Cost": 974668.04,
            "Plan Rows": 1,
            "Plan Width": 8,
            "Actual Startup Time": 5585.216,
            "Actual Total Time": 5585.222,
            "Actual Rows": 1,
            "Actual Loops": 2,
            "Plans": [
              {
                "Node Type": "Hash Join",
                "Parent Relationship": "Outer",
                "Parallel Aware": true,
                "Join Type": "Inner",
                "Startup Cost": 621319.29,
                "Total Cost": 966227.5,
                "Plan Rows": 3376212,
                "Plan Width": 0,
                "Actual Startup Time": 3289.994,
                "Actual Total Time": 5475.305,
                "Actual Rows": 2701656,
                "Actual Loops": 2,
                "Inner Unique": false,
                "Hash Cond": "(mi.movie_id = t.id)",
                "Plans": [
                  {
                    "Node Type": "Seq Scan",
                    "Parent Relationship": "Outer",
                    "Parallel Aware": true,
                    "Relation Name": "movie_info",
                    "Alias": "mi",
                    "Startup Cost": 0.0,
                    "Total Cost": 248955.74,
                    "Plan Rows": 8696274,
                    "Plan Width": 4,
                    "Actual Startup Time": 0.015,
                    "Actual Total Time": 627.326,
                    "Actual Rows": 7417860,
                    "Actual Loops": 2
                  },
                  {
                    "Node Type": "Hash",
                    "Parent Relationship": "Inner",
                    "Parallel Aware": true,
                    "Startup Cost": 614101.81,
                    "Total Cost": 614101.81,
                    "Plan Rows": 577398,
                    "Plan Width": 8,
                    "Actual Startup Time": 3281.141,
                    "Actual Total Time": 3281.145,
                    "Actual Rows": 594795,
                    "Actual Loops": 2,
                    "Hash Buckets": 2097152,
                    "Original Hash Buckets": 1048576,
                    "Hash Batches": 1,
                    "Original Hash Batches": 1,
                    "Peak Memory Usage": 71136,
                    "Plans": [
                      {
                        "Node Type": "Hash Join",
                        "Parent Relationship": "Outer",
                        "Parallel Aware": true,
                        "Join Type": "Inner",
                        "Startup Cost": 59090.42,
                        "Total Cost": 614101.81,
                        "Plan Rows": 577398,
                        "Plan Width": 8,
                        "Actual Startup Time": 439.895,
                        "Actual Total Time": 3087.41,
                        "Actual Rows": 594795,
                        "Actual Loops": 2,
                        "Inner Unique": true,
                        "Hash Cond": "(ci.movie_id = t.id)",
                        "Plans": [
                          {
                            "Node Type": "Seq Scan",
                            "Parent Relationship": "Outer",
                            "Parallel Aware": true,
                            "Relation Name": "cast_info",
                            "Alias": "ci",
                            "Startup Cost": 0.0,
                            "Total Cost": 519069.44,
                            "Plan Rows": 13692152,
                            "Plan Width": 4,
                            "Actual Startup Time": 286.816,
                            "Actual Total Time": 1492.988,
                            "Actual Rows": 11652604,
                            "Actual Loops": 2,
                            "Filter": "(person_id > 1278586)",
                            "Rows Removed by Filter": 6469568
                          },
                          {
                            "Node Type": "Hash",
                            "Parent Relationship": "Inner",
                            "Parallel Aware": true,
                            "Startup Cost": 58306.47,
                            "Total Cost": 58306.47,
                            "Plan Rows": 62716,
                            "Plan Width": 4,
                            "Actual Startup Time": 152.355,
                            "Actual Total Time": 152.356,
                            "Actual Rows": 54256,
                            "Actual Loops": 2,
                            "Hash Buckets": 131072,
                            "Original Hash Buckets": 131072,
                            "Hash Batches": 1,
                            "Original Hash Batches": 1,
                            "Peak Memory Usage": 5280,
                            "Plans": [
                              {
                                "Node Type": "Seq Scan",
                                "Parent Relationship": "Outer",
                                "Parallel Aware": true,
                                "Relation Name": "title",
                                "Alias": "t",
                                "Startup Cost": 0.0,
                                "Total Cost": 58306.47,
                                "Plan Rows": 62716,
                                "Plan Width": 4,
                                "Actual Startup Time": 0.025,
                                "Actual Total Time": 137.793,
                                "Actual Rows": 54256,
                                "Actual Loops": 2,
                                "Filter": "((kind_id > 1) AND (production_year = 2010))",
                                "Rows Removed by Filter": 1209900
                              }
                            ]
                          }
                        ]
                      }
                    ]
                  }
                ]
              }
            ]
          }
        ]
      }
    ]
  },
  "Planning Time": 0.832,
  "Triggers": [],
  "Execution Time": 5671.906
}