[
  {
    "Plan": {
      "Node Type": "Aggregate",
      "Strategy": "Plain",
      "Partial Mode": "Finalize",
      "Parallel Aware": false,
      "Startup Cost": 78433.12,
      "Total Cost": 78433.13,
      "Plan Rows": 1,
      "Plan Width": 8,
      "Actual Startup Time": 273.93,
      "Actual Total Time": 290.212,
      "Actual Rows": 1,
      "Actual Loops": 1,
      "Plans": [
        {
          "Node Type": "Gather",
          "Parent Relationship": "Outer",
          "Parallel Aware": false,
          "Startup Cost": 78432.8,
          "Total Cost": 78433.11,
          "Plan Rows": 3,
          "Plan Width": 8,
          "Actual Startup Time": 270.559,
          "Actual Total Time": 290.203,
          "Actual Rows": 4,
          "Actual Loops": 1,
          "Workers Planned": 3,
          "Workers Launched": 3,
          "Single Copy": false,
          "Plans": [
            {
              "Node Type": "Aggregate",
              "Strategy": "Plain",
              "Partial Mode": "Partial",
              "Parent Relationship": "Outer",
              "Parallel Aware": false,
              "Startup Cost": 77432.8,
              "Total Cost": 77432.81,
              "Plan Rows": 1,
              "Plan Width": 8,
              "Actual Startup Time": 264.168,
              "Actual Total Time": 264.171,
              "Actual Rows": 1,
              "Actual Loops": 4,
              "Plans": [
                {
                  "Node Type": "Hash Join",
                  "Parent Relationship": "Outer",
                  "Parallel Aware": true,
                  "Join Type": "Inner",
                  "Startup Cost": 52134.54,
                  "Total Cost": 77379.62,
                  "Plan Rows": 21275,
                  "Plan Width": 0,
                  "Actual Startup Time": 207.227,
                  "Actual Total Time": 263.745,
                  "Actual Rows": 5956,
                  "Actual Loops": 4,
                  "Inner Unique": true,
                  "Hash Cond": "(mk.movie_id = t.id)",
                  "Plans": [
                    {
                      "Node Type": "Bitmap Heap Scan",
                      "Parent Relationship": "Outer",
                      "Parallel Aware": true,
                      "Relation Name": "movie_keyword",
                      "Alias": "mk",
                      "Startup Cost": 3441.0,
                      "Total Cost": 28548.78,
                      "Plan Rows": 52303,
                      "Plan Width": 4,
                      "Actual Startup Time": 13.367,
                      "Actual Total Time": 51.44,
                      "Actual Rows": 40952,
                      "Actual Loops": 4,
                      "Recheck Cond": "(keyword_id < 121)",
                      "Rows Removed by Index Recheck": 0,
                      "Exact Heap Blocks": 8411,
                      "Lossy Heap Blocks": 0,
                      "Plans": [
                        {
                          "Node Type": "Bitmap Index Scan",
                          "Parent Relationship": "Outer",
                          "Parallel Aware": false,
                          "Index Name": "keyword_id_movie_keyword",
                          "Startup Cost": 0.0,
                          "Total Cost": 3400.47,
                          "Plan Rows": 162138,
                          "Plan Width": 0,
                          "Actual Startup Time": 10.061,
                          "Actual Total Time": 10.062,
                          "Actual Rows": 163809,
                          "Actual Loops": 1,
                          "Index Cond": "(keyword_id < 121)"
                        }
                      ]
                    },
                    {
                      "Node Type": "Hash",
                      "Parent Relationship": "Inner",
                      "Parallel Aware": true,
                      "Startup Cost": 45479.59,
                      "Total Cost": 45479.59,
                      "Plan Rows": 257116,
                      "Plan Width": 4,
                      "Actual Startup Time": 189.564,
                      "Actual Total Time": 189.565,
                      "Actual Rows": 242572,
                      "Actual Loops": 4,
                      "Hash Buckets": 1048576,
                      "Original Hash Buckets": 1048576,
                      "Hash Batches": 1,
                      "Original Hash Batches": 1,
                      "Peak Memory Usage": 46208,
                      "Plans": [
                        {
                          "Node Type": "Seq Scan",
                          "Parent Relationship": "Outer",
                          "Parallel Aware": true,
                          "Relation Name": "title",
                          "Alias": "t",
                          "Startup Cost": 0.0,
                          "Total Cost": 45479.59,
                          "Plan Rows": 257116,
                          "Plan Width": 4,
                          "Actual Startup Time": 0.031,
                          "Actual Total Time": 101.64,
                          "Actual Rows": 242572,
                          "Actual Loops": 4,
                          "Filter": "((kind_id > 4) AND (production_year < 2008))",
                          "Rows Removed by Filter": 389506
                        }
                      ]
                    }
                  ]
                }
              ]
            }
          ]
        }
      ]
    },
    "Planning Time": 0.417,
    "Triggers": [],
    "Execution Time": 290.273
  }
]