[
  {
    "Plan": {
      "Node Type": "Aggregate",
      "Strategy": "Plain",
      "Partial Mode": "Finalize",
      "Parallel Aware": false,
      "Startup Cost": 345260.31,
      "Total Cost": 345260.32,
      "Plan Rows": 1,
      "Plan Width": 8,
      "Actual Startup Time": 446.062,
      "Actual Total Time": 479.479,
      "Actual Rows": 1,
      "Actual Loops": 1,
      "Plans": [
        {
          "Node Type": "Gather",
          "Parent Relationship": "Outer",
          "Parallel Aware": false,
          "Startup Cost": 345259.69,
          "Total Cost": 345260.3,
          "Plan Rows": 6,
          "Plan Width": 8,
          "Actual Startup Time": 445.738,
          "Actual Total Time": 479.467,
          "Actual Rows": 7,
          "Actual Loops": 1,
          "Workers Planned": 6,
          "Workers Launched": 6,
          "Single Copy": false,
          "Plans": [
            {
              "Node Type": "Aggregate",
              "Strategy": "Plain",
              "Partial Mode": "Partial",
              "Parent Relationship": "Outer",
              "Parallel Aware": false,
              "Startup Cost": 344259.69,
              "Total Cost": 344259.7,
              "Plan Rows": 1,
              "Plan Width": 8,
              "Actual Startup Time": 438.46,
              "Actual Total Time": 438.462,
              "Actual Rows": 1,
              "Actual Loops": 7,
              "Plans": [
                {
                  "Node Type": "Index Scan",
                  "Parent Relationship": "Outer",
                  "Parallel Aware": true,
                  "Scan Direction": "Forward",
                  "Index Name": "role_id_cast_info",
                  "Relation Name": "cast_info",
                  "Alias": "ci",
                  "Startup Cost": 0.56,
                  "Total Cost": 341155.22,
                  "Plan Rows": 1241788,
                  "Plan Width": 0,
                  "Actual Startup Time": 359.042,
                  "Actual Total Time": 423.138,
                  "Actual Rows": 254094,
                  "Actual Loops": 7,
                  "Index Cond": "(role_id < 2)",
                  "Rows Removed by Index Recheck": 0,
                  "Filter": "(person_id > 1492098)",
                  "Rows Removed by Filter": 1556004
                }
              ]
            }
          ]
        }
      ]
    },
    "Planning Time": 0.083,
    "Triggers": [],
    "Execution Time": 479.525
  }
]