[
  {
    "Plan": {
      "Node Type": "Aggregate",
      "Strategy": "Plain",
      "Partial Mode": "Finalize",
      "Parallel Aware": false,
      "Startup Cost": 339257.14,
      "Total Cost": 339257.15,
      "Plan Rows": 1,
      "Plan Width": 8,
      "Actual Startup Time": 403.419,
      "Actual Total Time": 424.044,
      "Actual Rows": 1,
      "Actual Loops": 1,
      "Plans": [
        {
          "Node Type": "Gather",
          "Parent Relationship": "Outer",
          "Parallel Aware": false,
          "Startup Cost": 339256.52,
          "Total Cost": 339257.13,
          "Plan Rows": 6,
          "Plan Width": 8,
          "Actual Startup Time": 403.134,
          "Actual Total Time": 424.035,
          "Actual Rows": 7,
          "Actual Loops": 1,
          "Workers Planned": 6,
          "Workers Launched": 6,
          "Single Copy": false,
          "Plans": [
            {
              "Node Type": "Aggregate",
              "Strategy": "Plain",
              "Partial Mode": "Partial",
              "Parent Relationship": "Outer",
              "Parallel Aware": false,
              "Startup Cost": 338256.52,
              "Total Cost": 338256.53,
              "Plan Rows": 1,
              "Plan Width": 8,
              "Actual Startup Time": 392.48,
              "Actual Total Time": 392.481,
              "Actual Rows": 1,
              "Actual Loops": 7,
              "Plans": [
                {
                  "Node Type": "Index Scan",
                  "Parent Relationship": "Outer",
                  "Parallel Aware": true,
                  "Scan Direction": "Forward",
                  "Index Name": "role_id_cast_info",
                  "Relation Name": "cast_info",
                  "Alias": "ci",
                  "Startup Cost": 0.56,
                  "Total Cost": 335235.55,
                  "Plan Rows": 1208388,
                  "Plan Width": 0,
                  "Actual Startup Time": 323.834,
                  "Actual Total Time": 380.542,
                  "Actual Rows": 254094,
                  "Actual Loops": 7,
                  "Index Cond": "(role_id < 2)",
                  "Rows Removed by Index Recheck": 0,
                  "Filter": "(person_id > 1492098)",
                  "Rows Removed by Filter": 1556004
                }
              ]
            }
          ]
        }
      ]
    },
    "Planning Time": 0.206,
    "Triggers": [],
    "Execution Time": 424.104
  }
]