[
  {
    "Plan": {
      "Node Type": "Aggregate",
      "Strategy": "Plain",
      "Partial Mode": "Finalize",
      "Parallel Aware": false,
      "Startup Cost": 379262.15,
      "Total Cost": 379262.16,
      "Plan Rows": 1,
      "Plan Width": 8,
      "Actual Startup Time": 1239.557,
      "Actual Total Time": 1286.015,
      "Actual Rows": 1,
      "Actual Loops": 1,
      "Plans": [
        {
          "Node Type": "Gather",
          "Parent Relationship": "Outer",
          "Parallel Aware": false,
          "Startup Cost": 379261.53,
          "Total Cost": 379262.14,
          "Plan Rows": 6,
          "Plan Width": 8,
          "Actual Startup Time": 1238.778,
          "Actual Total Time": 1286.0,
          "Actual Rows": 7,
          "Actual Loops": 1,
          "Workers Planned": 6,
          "Workers Launched": 6,
          "Single Copy": false,
          "Plans": [
            {
              "Node Type": "Aggregate",
              "Strategy": "Plain",
              "Partial Mode": "Partial",
              "Parent Relationship": "Outer",
              "Parallel Aware": false,
              "Startup Cost": 378261.53,
              "Total Cost": 378261.54,
              "Plan Rows": 1,
              "Plan Width": 8,
              "Actual Startup Time": 1229.983,
              "Actual Total Time": 1229.987,
              "Actual Rows": 1,
              "Actual Loops": 7,
              "Plans": [
                {
                  "Node Type": "Hash Join",
                  "Parent Relationship": "Outer",
                  "Parallel Aware": true,
                  "Join Type": "Inner",
                  "Startup Cost": 38354.18,
                  "Total Cost": 377849.92,
                  "Plan Rows": 164644,
                  "Plan Width": 0,
                  "Actual Startup Time": 38.053,
                  "Actual Total Time": 1218.142,
                  "Actual Rows": 202752,
                  "Actual Loops": 7,
                  "Inner Unique": true,
                  "Hash Cond": "(ci.movie_id = t.id)",
                  "Plans": [
                    {
                      "Node Type": "Seq Scan",
                      "Parent Relationship": "Outer",
                      "Parallel Aware": true,
                      "Relation Name": "cast_info",
                      "Alias": "ci",
                      "Startup Cost": 0.0,
                      "Total Cost": 328211.39,
                      "Plan Rows": 4298791,
                      "Plan Width": 4,
                      "Actual Startup Time": 0.031,
                      "Actual Total Time": 650.666,
                      "Actual Rows": 3703237,
                      "Actual Loops": 7,
                      "Filter": "(person_id < 2679308)",
                      "Rows Removed by Filter": 1474527
                    },
                    {
                      "Node Type": "Hash",
                      "Parent Relationship": "Inner",
                      "Parallel Aware": true,
                      "Startup Cost": 38051.55,
                      "Total Cost": 38051.55,
                      "Plan Rows": 24210,
                      "Plan Width": 4,
                      "Actual Startup Time": 37.395,
                      "Actual Total Time": 37.397,
                      "Actual Rows": 14362,
                      "Actual Loops": 7,
                      "Hash Buckets": 131072,
                      "Original Hash Buckets": 131072,
                      "Hash Batches": 1,
                      "Original Hash Batches": 1,
                      "Peak Memory Usage": 5024,
                      "Plans": [
                        {
                          "Node Type": "Bitmap Heap Scan",
                          "Parent Relationship": "Outer",
                          "Parallel Aware": true,
                          "Relation Name": "title",
                          "Alias": "t",
                          "Startup Cost": 1750.93,
                          "Total Cost": 38051.55,
                          "Plan Rows": 24210,
                          "Plan Width": 4,
                          "Actual Startup Time": 1.508,
                          "Actual Total Time": 30.331,
                          "Actual Rows": 14362,
                          "Actual Loops": 7,
                          "Recheck Cond": "(kind_id = 3)",
                          "Rows Removed by Index Recheck": 0,
                          "Exact Heap Blocks": 2918,
                          "Lossy Heap Blocks": 0,
                          "Plans": [
                            {
                              "Node Type": "Bitmap Index Scan",
                              "Parent Relationship": "Outer",
                              "Parallel Aware": false,
                              "Index Name": "kind_id_title",
                              "Startup Cost": 0.0,
                              "Total Cost": 1726.72,
                              "Plan Rows": 96839,
                              "Plan Width": 0,
                              "Actual Startup Time": 5.236,
                              "Actual Total Time": 5.237,
                              "Actual Rows": 100537,
                              "Actual Loops": 1,
                              "Index Cond": "(kind_id = 3)"
                            }
                          ]
                        }
                      ]
                    }
                  ]
                }
              ]
            }
          ]
        }
      ]
    },
    "Planning Time": 0.254,
    "Triggers": [],
    "Execution Time": 1286.079
  }
]