[
  {
    "Plan": {
      "Node Type": "Aggregate",
      "Strategy": "Plain",
      "Partial Mode": "Finalize",
      "Parallel Aware": false,
      "Startup Cost": 246622.72,
      "Total Cost": 246622.73,
      "Plan Rows": 1,
      "Plan Width": 8,
      "Actual Startup Time": 2782.429,
      "Actual Total Time": 2836.548,
      "Actual Rows": 1,
      "Actual Loops": 1,
      "Plans": [
        {
          "Node Type": "Gather",
          "Parent Relationship": "Outer",
          "Parallel Aware": false,
          "Startup Cost": 246622.41,
          "Total Cost": 246622.72,
          "Plan Rows": 3,
          "Plan Width": 8,
          "Actual Startup Time": 2779.364,
          "Actual Total Time": 2836.54,
          "Actual Rows": 4,
          "Actual Loops": 1,
          "Workers Planned": 3,
          "Workers Launched": 3,
          "Single Copy": false,
          "Plans": [
            {
              "Node Type": "Aggregate",
              "Strategy": "Plain",
              "Partial Mode": "Partial",
              "Parent Relationship": "Outer",
              "Parallel Aware": false,
              "Startup Cost": 245622.41,
              "Total Cost": 245622.42,
              "Plan Rows": 1,
              "Plan Width": 8,
              "Actual Startup Time": 2771.201,
              "Actual Total Time": 2771.205,
              "Actual Rows": 1,
              "Actual Loops": 4,
              "Plans": [
                {
                  "Node Type": "Nested Loop",
                  "Parent Relationship": "Outer",
                  "Parallel Aware": false,
                  "Join Type": "Inner",
                  "Startup Cost": 58017.56,
                  "Total Cost": 244661.56,
                  "Plan Rows": 384338,
                  "Plan Width": 0,
                  "Actual Startup Time": 231.735,
                  "Actual Total Time": 2519.317,
                  "Actual Rows": 4847674,
                  "Actual Loops": 4,
                  "Inner Unique": false,
                  "Plans": [
                    {
                      "Node Type": "Hash Join",
                      "Parent Relationship": "Outer",
                      "Parallel Aware": true,
                      "Join Type": "Inner",
                      "Startup Cost": 58017.13,
                      "Total Cost": 85008.57,
                      "Plan Rows": 65456,
                      "Plan Width": 8,
                      "Actual Startup Time": 231.597,
                      "Actual Total Time": 349.291,
                      "Actual Rows": 114289,
                      "Actual Loops": 4,
                      "Inner Unique": true,
                      "Hash Cond": "(mk.movie_id = t.id)",
                      "Plans": [
                        {
                          "Node Type": "Bitmap Heap Scan",
                          "Parent Relationship": "Outer",
                          "Parallel Aware": true,
                          "Relation Name": "movie_keyword",
                          "Alias": "mk",
                          "Startup Cost": 11034.98,
                          "Total Cost": 37586.04,
                          "Plan Rows": 167765,
                          "Plan Width": 4,
                          "Actual Startup Time": 32.79,
                          "Actual Total Time": 85.032,
                          "Actual Rows": 130220,
                          "Actual Loops": 4,
                          "Recheck Cond": "(keyword_id < 382)",
                          "Rows Removed by Index Recheck": 0,
                          "Exact Heap Blocks": 7685,
                          "Lossy Heap Blocks": 0,
                          "Plans": [
                            {
                              "Node Type": "Bitmap Index Scan",
                              "Parent Relationship": "Outer",
                              "Parallel Aware": false,
                              "Index Name": "keyword_id_movie_keyword",
                              "Startup Cost": 0.0,
                              "Total Cost": 10904.97,
                              "Plan Rows": 520071,
                              "Plan Width": 0,
                              "Actual Startup Time": 29.225,
                              "Actual Total Time": 29.225,
                              "Actual Rows": 520878,
                              "Actual Loops": 1,
                              "Index Cond": "(keyword_id < 382)"
                            }
                          ]
                        },
                        {
                          "Node Type": "Hash",
                          "Parent Relationship": "Inner",
                          "Parallel Aware": true,
                          "Startup Cost": 43899.32,
                          "Total Cost": 43899.32,
                          "Plan Rows": 246626,
                          "Plan Width": 4,
                          "Actual Startup Time": 196.114,
                          "Actual Total Time": 196.114,
                          "Actual Rows": 246262,
                          "Actual Loops": 4,
                          "Hash Buckets": 1048576,
                          "Original Hash Buckets": 1048576,
                          "Hash Batches": 1,
                          "Original Hash Batches": 1,
                          "Peak Memory Usage": 46784,
                          "Plans": [
                            {
                              "Node Type": "Seq Scan",
                              "Parent Relationship": "Outer",
                              "Parallel Aware": true,
                              "Relation Name": "title",
                              "Alias": "t",
                              "Startup Cost": 0.0,
                              "Total Cost": 43899.32,
                              "Plan Rows": 246626,
                              "Plan Width": 4,
                              "Actual Startup Time": 0.05,
                              "Actual Total Time": 108.715,
                              "Actual Rows": 246262,
                              "Actual Loops": 4,
                              "Filter": "(kind_id < 7)",
                              "Rows Removed by Filter": 385816
                            }
                          ]
                        }
                      ]
                    },
                    {
                      "Node Type": "Index Only Scan",
                      "Parent Relationship": "Inner",
                      "Parallel Aware": false,
                      "Scan Direction": "Forward",
                      "Index Name": "movie_id_movie_info",
                      "Relation Name": "movie_info",
                      "Alias": "mi",
                      "Startup Cost": 0.43,
                      "Total Cost": 2.03,
                      "Plan Rows": 41,
                      "Plan Width": 4,
                      "Actual Startup Time": 0.004,
                      "Actual Total Time": 0.015,
                      "Actual Rows": 42,
                      "Actual Loops": 457157,
                      "Index Cond": "(movie_id = t.id)",
                      "Rows Removed by Index Recheck": 0,
                      "Heap Fetches": 19390698
                    }
                  ]
                }
              ]
            }
          ]
        }
      ]
    },
    "Planning Time": 0.626,
    "Triggers": [],
    "Execution Time": 2836.619
  }
]