[
  {
    "Plan": {
      "Node Type": "Aggregate",
      "Strategy": "Plain",
      "Partial Mode": "Finalize",
      "Parallel Aware": false,
      "Startup Cost": 343609.47,
      "Total Cost": 343609.48,
      "Plan Rows": 1,
      "Plan Width": 8,
      "Actual Startup Time": 928.622,
      "Actual Total Time": 992.01,
      "Actual Rows": 1,
      "Actual Loops": 1,
      "Plans": [
        {
          "Node Type": "Gather",
          "Parent Relationship": "Outer",
          "Parallel Aware": false,
          "Startup Cost": 343608.84,
          "Total Cost": 343609.45,
          "Plan Rows": 6,
          "Plan Width": 8,
          "Actual Startup Time": 928.49,
          "Actual Total Time": 991.999,
          "Actual Rows": 7,
          "Actual Loops": 1,
          "Workers Planned": 6,
          "Workers Launched": 6,
          "Single Copy": false,
          "Plans": [
            {
              "Node Type": "Aggregate",
              "Strategy": "Plain",
              "Partial Mode": "Partial",
              "Parent Relationship": "Outer",
              "Parallel Aware": false,
              "Startup Cost": 342608.84,
              "Total Cost": 342608.85,
              "Plan Rows": 1,
              "Plan Width": 8,
              "Actual Startup Time": 918.357,
              "Actual Total Time": 918.358,
              "Actual Rows": 1,
              "Actual Loops": 7,
              "Plans": [
                {
                  "Node Type": "Seq Scan",
                  "Parent Relationship": "Outer",
                  "Parallel Aware": true,
                  "Relation Name": "cast_info",
                  "Alias": "ci",
                  "Startup Cost": 0.0,
                  "Total Cost": 328162.03,
                  "Plan Rows": 5778727,
                  "Plan Width": 0,
                  "Actual Startup Time": 0.051,
                  "Actual Total Time": 688.152,
                  "Actual Rows": 4960819,
                  "Actual Loops": 7,
                  "Filter": "(person_id < 3762411)",
                  "Rows Removed by Filter": 216945
                }
              ]
            }
          ]
        }
      ]
    },
    "Planning Time": 0.198,
    "Triggers": [],
    "Execution Time": 992.085
  }
]