[
  {
    "Plan": {
      "Node Type": "Aggregate",
      "Strategy": "Plain",
      "Partial Mode": "Finalize",
      "Parallel Aware": false,
      "Startup Cost": 77124.75,
      "Total Cost": 77124.76,
      "Plan Rows": 1,
      "Plan Width": 8,
      "Actual Startup Time": 199.14,
      "Actual Total Time": 217.173,
      "Actual Rows": 1,
      "Actual Loops": 1,
      "Plans": [
        {
          "Node Type": "Gather",
          "Parent Relationship": "Outer",
          "Parallel Aware": false,
          "Startup Cost": 77124.43,
          "Total Cost": 77124.74,
          "Plan Rows": 3,
          "Plan Width": 8,
          "Actual Startup Time": 198.809,
          "Actual Total Time": 217.165,
          "Actual Rows": 4,
          "Actual Loops": 1,
          "Workers Planned": 3,
          "Workers Launched": 3,
          "Single Copy": false,
          "Plans": [
            {
              "Node Type": "Aggregate",
              "Strategy": "Plain",
              "Partial Mode": "Partial",
              "Parent Relationship": "Outer",
              "Parallel Aware": false,
              "Startup Cost": 76124.43,
              "Total Cost": 76124.44,
              "Plan Rows": 1,
              "Plan Width": 8,
              "Actual Startup Time": 190.073,
              "Actual Total Time": 190.076,
              "Actual Rows": 1,
              "Actual Loops": 4,
              "Plans": [
                {
                  "Node Type": "Hash Join",
                  "Parent Relationship": "Outer",
                  "Parallel Aware": true,
                  "Join Type": "Inner",
                  "Startup Cost": 44108.03,
                  "Total Cost": 76109.64,
                  "Plan Rows": 5916,
                  "Plan Width": 0,
                  "Actual Startup Time": 130.917,
                  "Actual Total Time": 189.78,
                  "Actual Rows": 5699,
                  "Actual Loops": 4,
                  "Inner Unique": true,
                  "Hash Cond": "(mc.movie_id = t.id)",
                  "Plans": [
                    {
                      "Node Type": "Seq Scan",
                      "Parent Relationship": "Outer",
                      "Parallel Aware": true,
                      "Relation Name": "movie_companies",
                      "Alias": "mc",
                      "Startup Cost": 0.0,
                      "Total Cost": 31414.82,
                      "Plan Rows": 223542,
                      "Plan Width": 4,
                      "Actual Startup Time": 29.599,
                      "Actual Total Time": 63.568,
                      "Actual Rows": 233326,
                      "Actual Loops": 4,
                      "Filter": "((company_id > 11141) AND (company_type_id = 2))",
                      "Rows Removed by Filter": 418956
                    },
                    {
                      "Node Type": "Hash",
                      "Parent Relationship": "Inner",
                      "Parallel Aware": true,
                      "Startup Cost": 43898.92,
                      "Total Cost": 43898.92,
                      "Plan Rows": 16729,
                      "Plan Width": 4,
                      "Actual Startup Time": 99.374,
                      "Actual Total Time": 99.375,
                      "Actual Rows": 16944,
                      "Actual Loops": 4,
                      "Hash Buckets": 131072,
                      "Original Hash Buckets": 131072,
                      "Hash Batches": 1,
                      "Original Hash Batches": 1,
                      "Peak Memory Usage": 3744,
                      "Plans": [
                        {
                          "Node Type": "Seq Scan",
                          "Parent Relationship": "Outer",
                          "Parallel Aware": true,
                          "Relation Name": "title",
                          "Alias": "t",
                          "Startup Cost": 0.0,
                          "Total Cost": 43898.92,
                          "Plan Rows": 16729,
                          "Plan Width": 4,
                          "Actual Startup Time": 0.044,
                          "Actual Total Time": 92.088,
                          "Actual Rows": 16944,
                          "Actual Loops": 4,
                          "Filter": "(production_year = 2003)",
                          "Rows Removed by Filter": 615134
                        }
                      ]
                    }
                  ]
                }
              ]
            }
          ]
        }
      ]
    },
    "Planning Time": 0.715,
    "Triggers": [],
    "Execution Time": 217.246
  }
]