[
  {
    "Plan": {
      "Node Type": "Aggregate",
      "Strategy": "Plain",
      "Partial Mode": "Finalize",
      "Parallel Aware": false,
      "Startup Cost": 68274.76,
      "Total Cost": 68274.77,
      "Plan Rows": 1,
      "Plan Width": 8,
      "Actual Startup Time": 626.317,
      "Actual Total Time": 643.177,
      "Actual Rows": 1,
      "Actual Loops": 1,
      "Plans": [
        {
          "Node Type": "Gather",
          "Parent Relationship": "Outer",
          "Parallel Aware": false,
          "Startup Cost": 68274.55,
          "Total Cost": 68274.76,
          "Plan Rows": 2,
          "Plan Width": 8,
          "Actual Startup Time": 620.988,
          "Actual Total Time": 643.169,
          "Actual Rows": 3,
          "Actual Loops": 1,
          "Workers Planned": 2,
          "Workers Launched": 2,
          "Single Copy": false,
          "Plans": [
            {
              "Node Type": "Aggregate",
              "Strategy": "Plain",
              "Partial Mode": "Partial",
              "Parent Relationship": "Outer",
              "Parallel Aware": false,
              "Startup Cost": 67274.55,
              "Total Cost": 67274.56,
              "Plan Rows": 1,
              "Plan Width": 8,
              "Actual Startup Time": 604.363,
              "Actual Total Time": 604.366,
              "Actual Rows": 1,
              "Actual Loops": 3,
              "Plans": [
                {
                  "Node Type": "Hash Join",
                  "Parent Relationship": "Outer",
                  "Parallel Aware": true,
                  "Join Type": "Inner",
                  "Startup Cost": 50820.62,
                  "Total Cost": 66015.18,
                  "Plan Rows": 503749,
                  "Plan Width": 0,
                  "Actual Startup Time": 429.571,
                  "Actual Total Time": 584.992,
                  "Actual Rows": 413433,
                  "Actual Loops": 3,
                  "Inner Unique": true,
                  "Hash Cond": "(mi_idx.movie_id = t.id)",
                  "Plans": [
                    {
                      "Node Type": "Seq Scan",
                      "Parent Relationship": "Outer",
                      "Parallel Aware": true,
                      "Relation Name": "movie_info_idx",
                      "Alias": "mi_idx",
                      "Startup Cost": 0.0,
                      "Total Cost": 13685.15,
                      "Plan Rows": 575015,
                      "Plan Width": 4,
                      "Actual Startup Time": 0.029,
                      "Actual Total Time": 40.274,
                      "Actual Rows": 460012,
                      "Actual Loops": 3
                    },
                    {
                      "Node Type": "Hash",
                      "Parent Relationship": "Inner",
                      "Parallel Aware": true,
                      "Startup Cost": 43898.92,
                      "Total Cost": 43898.92,
                      "Plan Rows": 553736,
                      "Plan Width": 4,
                      "Actual Startup Time": 413.984,
                      "Actual Total Time": 413.985,
                      "Actual Rows": 734566,
                      "Actual Loops": 3,
                      "Hash Buckets": 4194304,
                      "Original Hash Buckets": 4194304,
                      "Hash Batches": 1,
                      "Original Hash Batches": 1,
                      "Peak Memory Usage": 119008,
                      "Plans": [
                        {
                          "Node Type": "Seq Scan",
                          "Parent Relationship": "Outer",
                          "Parallel Aware": true,
                          "Relation Name": "title",
                          "Alias": "t",
                          "Startup Cost": 0.0,
                          "Total Cost": 43898.92,
                          "Plan Rows": 553736,
                          "Plan Width": 4,
                          "Actual Startup Time": 0.039,
                          "Actual Total Time": 149.406,
                          "Actual Rows": 734566,
                          "Actual Loops": 3,
                          "Filter": "(production_year > 1960)",
                          "Rows Removed by Filter": 108205
                        }
                      ]
                    }
                  ]
                }
              ]
            }
          ]
        }
      ]
    },
    "Planning Time": 0.575,
    "Triggers": [],
    "Execution Time": 643.245
  }
]