[
  {
    "Plan": {
      "Node Type": "Aggregate",
      "Strategy": "Plain",
      "Partial Mode": "Finalize",
      "Parallel Aware": false,
      "Startup Cost": 145701.19,
      "Total Cost": 145701.2,
      "Plan Rows": 1,
      "Plan Width": 8,
      "Actual Startup Time": 688.381,
      "Actual Total Time": 706.47,
      "Actual Rows": 1,
      "Actual Loops": 1,
      "Plans": [
        {
          "Node Type": "Gather",
          "Parent Relationship": "Outer",
          "Parallel Aware": false,
          "Startup Cost": 145700.87,
          "Total Cost": 145701.18,
          "Plan Rows": 3,
          "Plan Width": 8,
          "Actual Startup Time": 680.806,
          "Actual Total Time": 706.459,
          "Actual Rows": 4,
          "Actual Loops": 1,
          "Workers Planned": 3,
          "Workers Launched": 3,
          "Single Copy": false,
          "Plans": [
            {
              "Node Type": "Aggregate",
              "Strategy": "Plain",
              "Partial Mode": "Partial",
              "Parent Relationship": "Outer",
              "Parallel Aware": false,
              "Startup Cost": 144700.87,
              "Total Cost": 144700.88,
              "Plan Rows": 1,
              "Plan Width": 8,
              "Actual Startup Time": 671.95,
              "Actual Total Time": 672.12,
              "Actual Rows": 1,
              "Actual Loops": 4,
              "Plans": [
                {
                  "Node Type": "Hash Join",
                  "Parent Relationship": "Outer",
                  "Parallel Aware": true,
                  "Join Type": "Inner",
                  "Startup Cost": 99681.11,
                  "Total Cost": 144450.89,
                  "Plan Rows": 99990,
                  "Plan Width": 0,
                  "Actual Startup Time": 447.174,
                  "Actual Total Time": 669.032,
                  "Actual Rows": 55666,
                  "Actual Loops": 4,
                  "Inner Unique": false,
                  "Hash Cond": "(mk.movie_id = t.id)",
                  "Plans": [
                    {
                      "Node Type": "Seq Scan",
                      "Parent Relationship": "Outer",
                      "Parallel Aware": true,
                      "Relation Name": "movie_keyword",
                      "Alias": "mk",
                      "Startup Cost": 0.0,
                      "Total Cost": 39047.32,
                      "Plan Rows": 1459332,
                      "Plan Width": 4,
                      "Actual Startup Time": 0.027,
                      "Actual Total Time": 109.567,
                      "Actual Rows": 1130982,
                      "Actual Loops": 4
                    },
                    {
                      "Node Type": "Hash",
                      "Parent Relationship": "Inner",
                      "Parallel Aware": true,
                      "Startup Cost": 99139.76,
                      "Total Cost": 99139.76,
                      "Plan Rows": 43308,
                      "Plan Width": 8,
                      "Actual Startup Time": 444.98,
                      "Actual Total Time": 445.149,
                      "Actual Rows": 37588,
                      "Actual Loops": 4,
                      "Hash Buckets": 262144,
                      "Original Hash Buckets": 262144,
                      "Hash Batches": 1,
                      "Original Hash Batches": 1,
                      "Peak Memory Usage": 7968,
                      "Plans": [
                        {
                          "Node Type": "Hash Join",
                          "Parent Relationship": "Outer",
                          "Parallel Aware": true,
                          "Join Type": "Inner",
                          "Startup Cost": 51146.41,
                          "Total Cost": 99139.76,
                          "Plan Rows": 43308,
                          "Plan Width": 8,
                          "Actual Startup Time": 311.986,
                          "Actual Total Time": 426.935,
                          "Actual Rows": 37588,
                          "Actual Loops": 4,
                          "Inner Unique": true,
                          "Hash Cond": "(ci.movie_id = t.id)",
                          "Plans": [
                            {
                              "Node Type": "Index Scan",
                              "Parent Relationship": "Outer",
                              "Parallel Aware": true,
                              "Scan Direction": "Forward",
                              "Index Name": "role_id_cast_info",
                              "Relation Name": "cast_info",
                              "Alias": "ci",
                              "Startup Cost": 0.56,
                              "Total Cost": 47835.41,
                              "Plan Rows": 60382,
                              "Plan Width": 4,
                              "Actual Startup Time": 0.291,
                              "Actual Total Time": 77.549,
                              "Actual Rows": 61888,
                              "Actual Loops": 4,
                              "Index Cond": "(role_id = 8)",
                              "Rows Removed by Index Recheck": 0,
                              "Filter": "(person_id < 509602)",
                              "Rows Removed by Filter": 363998
                            },
                            {
                              "Node Type": "Hash",
                              "Parent Relationship": "Inner",
                              "Parallel Aware": true,
                              "Startup Cost": 45479.1,
                              "Total Cost": 45479.1,
                              "Plan Rows": 453340,
                              "Plan Width": 4,
                              "Actual Startup Time": 305.432,
                              "Actual Total Time": 305.433,
                              "Actual Rows": 449977,
                              "Actual Loops": 4,
                              "Hash Buckets": 2097152,
                              "Original Hash Buckets": 2097152,
                              "Hash Batches": 1,
                              "Original Hash Batches": 1,
                              "Peak Memory Usage": 86880,
                              "Plans": [
                                {
                                  "Node Type": "Seq Scan",
                                  "Parent Relationship": "Outer",
                                  "Parallel Aware": true,
                                  "Relation Name": "title",
                                  "Alias": "t",
                                  "Startup Cost": 0.0,
                                  "Total Cost": 45479.1,
                                  "Plan Rows": 453340,
                                  "Plan Width": 4,
                                  "Actual Startup Time": 0.048,
                                  "Actual Total Time": 123.641,
                                  "Actual Rows": 449977,
                                  "Actual Loops": 4,
                                  "Filter": "((kind_id > 1) AND (production_year > 0))",
                                  "Rows Removed by Filter": 182101
                                }
                              ]
                            }
                          ]
                        }
                      ]
                    }
                  ]
                }
              ]
            }
          ]
        }
      ]
    },
    "Planning Time": 1.091,
    "Triggers": [],
    "Execution Time": 706.55
  }
]