{
  "Plan": {
    "Node Type": "Aggregate",
    "Strategy": "Plain",
    "Partial Mode": "Finalize",
    "Parallel Aware": false,
    "Startup Cost": 148562.23,
    "Total Cost": 148562.24,
    "Plan Rows": 1,
    "Plan Width": 8,
    "Actual Startup Time": 937.626,
    "Actual Total Time": 959.664,
    "Actual Rows": 1,
    "Actual Loops": 1,
    "Plans": [
      {
        "Node Type": "Gather",
        "Parent Relationship": "Outer",
        "Parallel Aware": false,
        "Startup Cost": 148562.12,
        "Total Cost": 148562.23,
        "Plan Rows": 1,
        "Plan Width": 8,
        "Actual Startup Time": 931.692,
        "Actual Total Time": 959.657,
        "Actual Rows": 2,
        "Actual Loops": 1,
        "Workers Planned": 1,
        "Workers Launched": 1,
        "Single Copy": false,
        "Plans": [
          {
            "Node Type": "Aggregate",
            "Strategy": "Plain",
            "Partial Mode": "Partial",
            "Parent Relationship": "Outer",
            "Parallel Aware": false,
            "Startup Cost": 147562.12,
            "Total Cost": 147562.13,
            "Plan Rows": 1,
            "Plan Width": 8,
            "Actual Startup Time": 925.353,
            "Actual Total Time": 925.362,
            "Actual Rows": 1,
            "Actual Loops": 2,
            "Plans": [
              {
                "Node Type": "Hash Join",
                "Parent Relationship": "Outer",
                "Parallel Aware": true,
                "Join Type": "Inner",
                "Startup Cost": 128057.44,
                "Total Cost": 147437.0,
                "Plan Rows": 50047,
                "Plan Width": 0,
                "Actual Startup Time": 766.463,
                "Actual Total Time": 907.37,
                "Actual Rows": 368134,
                "Actual Loops": 2,
                "Inner Unique": false,
                "Hash Cond": "(mi_idx.movie_id = t.id)",
                "Plans": [
                  {
                    "Node Type": "Seq Scan",
                    "Parent Relationship": "Outer",
                    "Parallel Aware": true,
                    "Relation Name": "movie_info_idx",
                    "Alias": "mi_idx",
                    "Startup Cost": 0.0,
                    "Total Cost": 18082.32,
                    "Plan Rows": 267429,
                    "Plan Width": 4,
                    "Actual Startup Time": 0.03,
                    "Actual Total Time": 60.601,
                    "Actual Rows": 229962,
                    "Actual Loops": 2,
                    "Filter": "(info_type_id < 100)",
                    "Rows Removed by Filter": 460055
                  },
                  {
                    "Node Type": "Hash",
                    "Parent Relationship": "Inner",
                    "Parallel Aware": true,
                    "Startup Cost": 124578.42,
                    "Total Cost": 124578.42,
                    "Plan Rows": 278321,
                    "Plan Width": 8,
                    "Actual Startup Time": 757.49,
                    "Actual Total Time": 757.497,
                    "Actual Rows": 473402,
                    "Actual Loops": 2,
                    "Hash Buckets": 1048576,
                    "Original Hash Buckets": 524288,
                    "Hash Batches": 1,
                    "Original Hash Batches": 1,
                    "Peak Memory Usage": 49344,
                    "Plans": [
                      {
                        "Node Type": "Hash Join",
                        "Parent Relationship": "Outer",
                        "Parallel Aware": true,
                        "Join Type": "Inner",
                        "Startup Cost": 64753.54,
                        "Total Cost": 124578.42,
                        "Plan Rows": 278321,
                        "Plan Width": 8,
                        "Actual Startup Time": 291.886,
                        "Actual Total Time": 639.314,
                        "Actual Rows": 473402,
                        "Actual Loops": 2,
                        "Inner Unique": true,
                        "Hash Cond": "(mk.movie_id = t.id)",
                        "Plans": [
                          {
                            "Node Type": "Seq Scan",
                            "Parent Relationship": "Outer",
                            "Parallel Aware": true,
                            "Relation Name": "movie_keyword",
                            "Alias": "mk",
                            "Startup Cost": 0.0,
                            "Total Cost": 57718.19,
                            "Plan Rows": 802549,
                            "Plan Width": 4,
                            "Actual Startup Time": 1.426,
                            "Actual Total Time": 208.241,
                            "Actual Rows": 684776,
                            "Actual Loops": 2,
                            "Filter": "(keyword_id > 12189)",
                            "Rows Removed by Filter": 1577188
                          },
                          {
                            "Node Type": "Hash",
                            "Parent Relationship": "Inner",
                            "Parallel Aware": true,
                            "Startup Cost": 58306.47,
                            "Total Cost": 58306.47,
                            "Plan Rows": 515766,
                            "Plan Width": 4,
                            "Actual Startup Time": 284.127,
                            "Actual Total Time": 284.128,
                            "Actual Rows": 393320,
                            "Actual Loops": 2,
                            "Hash Buckets": 1048576,
                            "Original Hash Buckets": 1048576,
                            "Hash Batches": 1,
                            "Original Hash Batches": 1,
                            "Peak Memory Usage": 38976,
                            "Plans": [
                              {
                                "Node Type": "Seq Scan",
                                "Parent Relationship": "Outer",
                                "Parallel Aware": true,
                                "Relation Name": "title",
                                "Alias": "t",
                                "Startup Cost": 0.0,
                                "Total Cost": 58306.47,
                                "Plan Rows": 515766,
                                "Plan Width": 4,
                                "Actual Startup Time": 0.041,
                                "Actual Total Time": 175.361,
                                "Actual Rows": 393320,
                                "Actual Loops": 2,
                                "Filter": "((kind_id < 7) AND (production_year > 1958))",
                                "Rows Removed by Filter": 870836
                              }
                            ]
                          }
                        ]
                      }
                    ]
                  }
                ]
              }
            ]
          }
        ]
      }
    ]
  },
  "Planning Time": 1.034,
  "Triggers": [],
  "Execution Time": 959.744
}