[
  {
    "Plan": {
      "Node Type": "Aggregate",
      "Strategy": "Plain",
      "Partial Mode": "Finalize",
      "Parallel Aware": false,
      "Startup Cost": 82890.68,
      "Total Cost": 82890.69,
      "Plan Rows": 1,
      "Plan Width": 8,
      "Actual Startup Time": 338.387,
      "Actual Total Time": 350.692,
      "Actual Rows": 1,
      "Actual Loops": 1,
      "Plans": [
        {
          "Node Type": "Gather",
          "Parent Relationship": "Outer",
          "Parallel Aware": false,
          "Startup Cost": 82890.26,
          "Total Cost": 82890.67,
          "Plan Rows": 4,
          "Plan Width": 8,
          "Actual Startup Time": 335.465,
          "Actual Total Time": 350.684,
          "Actual Rows": 5,
          "Actual Loops": 1,
          "Workers Planned": 4,
          "Workers Launched": 4,
          "Single Copy": false,
          "Plans": [
            {
              "Node Type": "Aggregate",
              "Strategy": "Plain",
              "Partial Mode": "Partial",
              "Parent Relationship": "Outer",
              "Parallel Aware": false,
              "Startup Cost": 81890.26,
              "Total Cost": 81890.27,
              "Plan Rows": 1,
              "Plan Width": 8,
              "Actual Startup Time": 324.744,
              "Actual Total Time": 324.748,
              "Actual Rows": 1,
              "Actual Loops": 5,
              "Plans": [
                {
                  "Node Type": "Hash Join",
                  "Parent Relationship": "Outer",
                  "Parallel Aware": true,
                  "Join Type": "Inner",
                  "Startup Cost": 35102.16,
                  "Total Cost": 81318.72,
                  "Plan Rows": 228615,
                  "Plan Width": 0,
                  "Actual Startup Time": 122.29,
                  "Actual Total Time": 319.027,
                  "Actual Rows": 118496,
                  "Actual Loops": 5,
                  "Inner Unique": false,
                  "Hash Cond": "(t.id = mc.movie_id)",
                  "Plans": [
                    {
                      "Node Type": "Seq Scan",
                      "Parent Relationship": "Outer",
                      "Parallel Aware": true,
                      "Relation Name": "title",
                      "Alias": "t",
                      "Startup Cost": 0.0,
                      "Total Cost": 42318.73,
                      "Plan Rows": 632073,
                      "Plan Width": 4,
                      "Actual Startup Time": 0.011,
                      "Actual Total Time": 64.375,
                      "Actual Rows": 505662,
                      "Actual Loops": 5
                    },
                    {
                      "Node Type": "Hash",
                      "Parent Relationship": "Inner",
                      "Parallel Aware": true,
                      "Startup Cost": 31414.82,
                      "Total Cost": 31414.82,
                      "Plan Rows": 294987,
                      "Plan Width": 4,
                      "Actual Startup Time": 117.964,
                      "Actual Total Time": 117.965,
                      "Actual Rows": 118496,
                      "Actual Loops": 5,
                      "Hash Buckets": 1048576,
                      "Original Hash Buckets": 1048576,
                      "Hash Batches": 1,
                      "Original Hash Batches": 1,
                      "Peak Memory Usage": 31456,
                      "Plans": [
                        {
                          "Node Type": "Seq Scan",
                          "Parent Relationship": "Outer",
                          "Parallel Aware": true,
                          "Relation Name": "movie_companies",
                          "Alias": "mc",
                          "Startup Cost": 0.0,
                          "Total Cost": 31414.82,
                          "Plan Rows": 294987,
                          "Plan Width": 4,
                          "Actual Startup Time": 43.928,
                          "Actual Total Time": 74.635,
                          "Actual Rows": 118496,
                          "Actual Loops": 5,
                          "Filter": "((company_id < 28158) AND (company_type_id > 1))",
                          "Rows Removed by Filter": 403330
                        }
                      ]
                    }
                  ]
                }
              ]
            }
          ]
        }
      ]
    },
    "Planning Time": 0.598,
    "Triggers": [],
    "Execution Time": 350.759
  }
]