[
  {
    "Plan": {
      "Node Type": "Aggregate",
      "Strategy": "Plain",
      "Partial Mode": "Finalize",
      "Parallel Aware": false,
      "Startup Cost": 335437.82,
      "Total Cost": 335437.83,
      "Plan Rows": 1,
      "Plan Width": 8,
      "Actual Startup Time": 685.062,
      "Actual Total Time": 727.743,
      "Actual Rows": 1,
      "Actual Loops": 1,
      "Plans": [
        {
          "Node Type": "Gather",
          "Parent Relationship": "Outer",
          "Parallel Aware": false,
          "Startup Cost": 335437.19,
          "Total Cost": 335437.8,
          "Plan Rows": 6,
          "Plan Width": 8,
          "Actual Startup Time": 684.872,
          "Actual Total Time": 727.725,
          "Actual Rows": 7,
          "Actual Loops": 1,
          "Workers Planned": 6,
          "Workers Launched": 6,
          "Single Copy": false,
          "Plans": [
            {
              "Node Type": "Aggregate",
              "Strategy": "Plain",
              "Partial Mode": "Partial",
              "Parent Relationship": "Outer",
              "Parallel Aware": false,
              "Startup Cost": 334437.19,
              "Total Cost": 334437.2,
              "Plan Rows": 1,
              "Plan Width": 8,
              "Actual Startup Time": 678.223,
              "Actual Total Time": 678.224,
              "Actual Rows": 1,
              "Actual Loops": 7,
              "Plans": [
                {
                  "Node Type": "Seq Scan",
                  "Parent Relationship": "Outer",
                  "Parallel Aware": true,
                  "Relation Name": "cast_info",
                  "Alias": "ci",
                  "Startup Cost": 0.0,
                  "Total Cost": 328211.39,
                  "Plan Rows": 2490320,
                  "Plan Width": 0,
                  "Actual Startup Time": 0.04,
                  "Actual Total Time": 574.106,
                  "Actual Rows": 2154088,
                  "Actual Loops": 7,
                  "Filter": "(person_id < 1487801)",
                  "Rows Removed by Filter": 3023676
                }
              ]
            }
          ]
        }
      ]
    },
    "Planning Time": 0.196,
    "Triggers": [],
    "Execution Time": 727.809
  }
]