[
    {
        "Bao": {
            "Bao prediction": "NaN",
            "Bao recommended hint": "(no hint)"
        }
    },
    {
        "Plan": {
            "Node Type": "Aggregate",
            "Strategy": "Plain",
            "Partial Mode": "Finalize",
            "Parallel Aware": false,
            "Startup Cost": 301257.37,
            "Total Cost": 301257.38,
            "Plan Rows": 1,
            "Plan Width": 8,
            "Actual Startup Time": 192.927,
            "Actual Total Time": 199.105,
            "Actual Rows": 1,
            "Actual Loops": 1,
            "Output": [
                "count(*)"
            ],
            "Plans": [
                {
                    "Node Type": "Gather",
                    "Parent Relationship": "Outer",
                    "Parallel Aware": false,
                    "Startup Cost": 301256.74,
                    "Total Cost": 301257.35,
                    "Plan Rows": 6,
                    "Plan Width": 8,
                    "Actual Startup Time": 192.247,
                    "Actual Total Time": 199.098,
                    "Actual Rows": 7,
                    "Actual Loops": 1,
                    "Output": [
                        "(PARTIAL count(*))"
                    ],
                    "Workers Planned": 6,
                    "Workers Launched": 6,
                    "Single Copy": false,
                    "Plans": [
                        {
                            "Node Type": "Aggregate",
                            "Strategy": "Plain",
                            "Partial Mode": "Partial",
                            "Parent Relationship": "Outer",
                            "Parallel Aware": false,
                            "Startup Cost": 300256.74,
                            "Total Cost": 300256.75,
                            "Plan Rows": 1,
                            "Plan Width": 8,
                            "Actual Startup Time": 181.778,
                            "Actual Total Time": 181.779,
                            "Actual Rows": 1,
                            "Actual Loops": 7,
                            "Output": [
                                "PARTIAL count(*)"
                            ],
                            "Workers": [
                                {
                                    "Worker Number": 0,
                                    "Actual Startup Time": 179.352,
                                    "Actual Total Time": 179.354,
                                    "Actual Rows": 1,
                                    "Actual Loops": 1
                                },
                                {
                                    "Worker Number": 1,
                                    "Actual Startup Time": 179.77,
                                    "Actual Total Time": 179.771,
                                    "Actual Rows": 1,
                                    "Actual Loops": 1
                                },
                                {
                                    "Worker Number": 2,
                                    "Actual Startup Time": 180.015,
                                    "Actual Total Time": 180.017,
                                    "Actual Rows": 1,
                                    "Actual Loops": 1
                                },
                                {
                                    "Worker Number": 3,
                                    "Actual Startup Time": 180.389,
                                    "Actual Total Time": 180.39,
                                    "Actual Rows": 1,
                                    "Actual Loops": 1
                                },
                                {
                                    "Worker Number": 4,
                                    "Actual Startup Time": 180.543,
                                    "Actual Total Time": 180.545,
                                    "Actual Rows": 1,
                                    "Actual Loops": 1
                                },
                                {
                                    "Worker Number": 5,
                                    "Actual Startup Time": 180.938,
                                    "Actual Total Time": 180.939,
                                    "Actual Rows": 1,
                                    "Actual Loops": 1
                                }
                            ],
                            "Plans": [
                                {
                                    "Node Type": "Bitmap Heap Scan",
                                    "Parent Relationship": "Outer",
                                    "Parallel Aware": true,
                                    "Relation Name": "cast_info",
                                    "Schema": "public",
                                    "Alias": "ci",
                                    "Startup Cost": 42384.1,
                                    "Total Cost": 299901.17,
                                    "Plan Rows": 142229,
                                    "Plan Width": 0,
                                    "Actual Startup Time": 147.747,
                                    "Actual Total Time": 177.467,
                                    "Actual Rows": 79748,
                                    "Actual Loops": 7,
                                    "Recheck Cond": "(ci.person_id < 192183)",
                                    "Rows Removed by Index Recheck": 0,
                                    "Filter": "(ci.role_id > 2)",
                                    "Rows Removed by Filter": 200596,
                                    "Exact Heap Blocks": 5786,
                                    "Lossy Heap Blocks": 0,
                                    "Workers": [
                                        {
                                            "Worker Number": 0,
                                            "Actual Startup Time": 145.32,
                                            "Actual Total Time": 174.989,
                                            "Actual Rows": 63195,
                                            "Actual Loops": 1
                                        },
                                        {
                                            "Worker Number": 1,
                                            "Actual Startup Time": 145.741,
                                            "Actual Total Time": 175.514,
                                            "Actual Rows": 61129,
                                            "Actual Loops": 1
                                        },
                                        {
                                            "Worker Number": 2,
                                            "Actual Startup Time": 145.97,
                                            "Actual Total Time": 175.757,
                                            "Actual Rows": 61380,
                                            "Actual Loops": 1
                                        },
                                        {
                                            "Worker Number": 3,
                                            "Actual Startup Time": 146.371,
                                            "Actual Total Time": 176.101,
                                            "Actual Rows": 61941,
                                            "Actual Loops": 1
                                        },
                                        {
                                            "Worker Number": 4,
                                            "Actual Startup Time": 146.524,
                                            "Actual Total Time": 176.38,
                                            "Actual Rows": 94617,
                                            "Actual Loops": 1
                                        },
                                        {
                                            "Worker Number": 5,
                                            "Actual Startup Time": 146.918,
                                            "Actual Total Time": 177.013,
                                            "Actual Rows": 92246,
                                            "Actual Loops": 1
                                        }
                                    ],
                                    "Plans": [
                                        {
                                            "Node Type": "Bitmap Index Scan",
                                            "Parent Relationship": "Outer",
                                            "Parallel Aware": false,
                                            "Index Name": "person_id_cast_info",
                                            "Startup Cost": 0.0,
                                            "Total Cost": 42170.76,
                                            "Plan Rows": 1932026,
                                            "Plan Width": 0,
                                            "Actual Startup Time": 102.961,
                                            "Actual Total Time": 102.961,
                                            "Actual Rows": 1962412,
                                            "Actual Loops": 1,
                                            "Index Cond": "(ci.person_id < 192183)"
                                        }
                                    ]
                                }
                            ]
                        }
                    ]
                }
            ]
        },
        "Planning Time": 203.269,
        "Triggers": [],
        "Execution Time": 199.211
    }
]