[
    {
        "Bao": {
            "Bao prediction": "NaN",
            "Bao recommended hint": "(no hint)"
        }
    },
    {
        "Plan": {
            "Node Type": "Aggregate",
            "Strategy": "Plain",
            "Partial Mode": "Simple",
            "Parallel Aware": false,
            "Startup Cost": 105749.98,
            "Total Cost": 105749.99,
            "Plan Rows": 1,
            "Plan Width": 8,
            "Actual Startup Time": 128.969,
            "Actual Total Time": 128.972,
            "Actual Rows": 1,
            "Actual Loops": 1,
            "Output": [
                "count(*)"
            ],
            "Plans": [
                {
                    "Node Type": "Bitmap Heap Scan",
                    "Parent Relationship": "Outer",
                    "Parallel Aware": false,
                    "Relation Name": "cast_info",
                    "Schema": "public",
                    "Alias": "ci",
                    "Startup Cost": 77094.54,
                    "Total Cost": 105729.03,
                    "Plan Rows": 8380,
                    "Plan Width": 0,
                    "Actual Startup Time": 128.388,
                    "Actual Total Time": 128.835,
                    "Actual Rows": 3385,
                    "Actual Loops": 1,
                    "Recheck Cond": "((ci.person_id < 8396) AND (ci.role_id = 10))",
                    "Rows Removed by Index Recheck": 0,
                    "Exact Heap Blocks": 135,
                    "Lossy Heap Blocks": 0,
                    "Plans": [
                        {
                            "Node Type": "BitmapAnd",
                            "Parent Relationship": "Outer",
                            "Parallel Aware": false,
                            "Startup Cost": 77094.54,
                            "Total Cost": 77094.54,
                            "Plan Rows": 8380,
                            "Plan Width": 0,
                            "Actual Startup Time": 128.367,
                            "Actual Total Time": 128.369,
                            "Actual Rows": 0,
                            "Actual Loops": 1,
                            "Plans": [
                                {
                                    "Node Type": "Bitmap Index Scan",
                                    "Parent Relationship": "Member",
                                    "Parallel Aware": false,
                                    "Index Name": "person_id_cast_info",
                                    "Startup Cost": 0.0,
                                    "Total Cost": 1565.72,
                                    "Plan Rows": 71621,
                                    "Plan Width": 0,
                                    "Actual Startup Time": 2.541,
                                    "Actual Total Time": 2.542,
                                    "Actual Rows": 72287,
                                    "Actual Loops": 1,
                                    "Index Cond": "(ci.person_id < 8396)"
                                },
                                {
                                    "Node Type": "Bitmap Index Scan",
                                    "Parent Relationship": "Member",
                                    "Parallel Aware": false,
                                    "Index Name": "role_id_cast_info",
                                    "Startup Cost": 0.0,
                                    "Total Cost": 75524.38,
                                    "Plan Rows": 4241575,
                                    "Plan Width": 0,
                                    "Actual Startup Time": 125.756,
                                    "Actual Total Time": 125.756,
                                    "Actual Rows": 4323018,
                                    "Actual Loops": 1,
                                    "Index Cond": "(ci.role_id = 10)"
                                }
                            ]
                        }
                    ]
                }
            ]
        },
        "Planning Time": 177.626,
        "Triggers": [],
        "Execution Time": 129.019
    }
]