[
  {
    "Plan": {
      "Node Type": "Aggregate",
      "Strategy": "Plain",
      "Partial Mode": "Finalize",
      "Parallel Aware": false,
      "Startup Cost": 80550.08,
      "Total Cost": 80550.09,
      "Plan Rows": 1,
      "Plan Width": 8,
      "Actual Startup Time": 313.051,
      "Actual Total Time": 327.966,
      "Actual Rows": 1,
      "Actual Loops": 1,
      "Plans": [
        {
          "Node Type": "Gather",
          "Parent Relationship": "Outer",
          "Parallel Aware": false,
          "Startup Cost": 80549.66,
          "Total Cost": 80550.07,
          "Plan Rows": 4,
          "Plan Width": 8,
          "Actual Startup Time": 307.337,
          "Actual Total Time": 327.957,
          "Actual Rows": 5,
          "Actual Loops": 1,
          "Workers Planned": 4,
          "Workers Launched": 4,
          "Single Copy": false,
          "Plans": [
            {
              "Node Type": "Aggregate",
              "Strategy": "Plain",
              "Partial Mode": "Partial",
              "Parent Relationship": "Outer",
              "Parallel Aware": false,
              "Startup Cost": 79549.66,
              "Total Cost": 79549.67,
              "Plan Rows": 1,
              "Plan Width": 8,
              "Actual Startup Time": 297.512,
              "Actual Total Time": 297.61,
              "Actual Rows": 1,
              "Actual Loops": 5,
              "Plans": [
                {
                  "Node Type": "Hash Join",
                  "Parent Relationship": "Outer",
                  "Parallel Aware": true,
                  "Join Type": "Inner",
                  "Startup Cost": 33318.81,
                  "Total Cost": 79370.27,
                  "Plan Rows": 71757,
                  "Plan Width": 0,
                  "Actual Startup Time": 140.348,
                  "Actual Total Time": 295.856,
                  "Actual Rows": 39139,
                  "Actual Loops": 5,
                  "Inner Unique": false,
                  "Hash Cond": "(t.id = mc.movie_id)",
                  "Plans": [
                    {
                      "Node Type": "Seq Scan",
                      "Parent Relationship": "Outer",
                      "Parallel Aware": true,
                      "Relation Name": "title",
                      "Alias": "t",
                      "Startup Cost": 0.0,
                      "Total Cost": 43898.92,
                      "Plan Rows": 384216,
                      "Plan Width": 4,
                      "Actual Startup Time": 0.012,
                      "Actual Total Time": 74.635,
                      "Actual Rows": 308653,
                      "Actual Loops": 5,
                      "Filter": "(kind_id = 7)",
                      "Rows Removed by Filter": 197010
                    },
                    {
                      "Node Type": "Hash",
                      "Parent Relationship": "Inner",
                      "Parallel Aware": true,
                      "Startup Cost": 31414.82,
                      "Total Cost": 31414.82,
                      "Plan Rows": 152319,
                      "Plan Width": 4,
                      "Actual Startup Time": 137.247,
                      "Actual Total Time": 137.248,
                      "Actual Rows": 159311,
                      "Actual Loops": 5,
                      "Hash Buckets": 1048576,
                      "Original Hash Buckets": 524288,
                      "Hash Batches": 1,
                      "Original Hash Batches": 1,
                      "Peak Memory Usage": 43552,
                      "Plans": [
                        {
                          "Node Type": "Seq Scan",
                          "Parent Relationship": "Outer",
                          "Parallel Aware": true,
                          "Relation Name": "movie_companies",
                          "Alias": "mc",
                          "Startup Cost": 0.0,
                          "Total Cost": 31414.82,
                          "Plan Rows": 152319,
                          "Plan Width": 4,
                          "Actual Startup Time": 41.783,
                          "Actual Total Time": 75.182,
                          "Actual Rows": 159311,
                          "Actual Loops": 5,
                          "Filter": "((company_id > 18947) AND (company_type_id > 1))",
                          "Rows Removed by Filter": 362515
                        }
                      ]
                    }
                  ]
                }
              ]
            }
          ]
        }
      ]
    },
    "Planning Time": 0.653,
    "Triggers": [],
    "Execution Time": 328.034
  }
]