[
    {
        "Bao": {
            "Bao prediction": "NaN",
            "Bao recommended hint": "(no hint)"
        }
    },
    {
        "Plan": {
            "Node Type": "Aggregate",
            "Strategy": "Plain",
            "Partial Mode": "Finalize",
            "Parallel Aware": false,
            "Startup Cost": 43893.93,
            "Total Cost": 43893.94,
            "Plan Rows": 1,
            "Plan Width": 8,
            "Actual Startup Time": 207.394,
            "Actual Total Time": 219.985,
            "Actual Rows": 1,
            "Actual Loops": 1,
            "Output": [
                "count(*)"
            ],
            "Plans": [
                {
                    "Node Type": "Gather",
                    "Parent Relationship": "Outer",
                    "Parallel Aware": false,
                    "Startup Cost": 43893.61,
                    "Total Cost": 43893.92,
                    "Plan Rows": 3,
                    "Plan Width": 8,
                    "Actual Startup Time": 206.808,
                    "Actual Total Time": 219.972,
                    "Actual Rows": 4,
                    "Actual Loops": 1,
                    "Output": [
                        "(PARTIAL count(*))"
                    ],
                    "Workers Planned": 3,
                    "Workers Launched": 3,
                    "Single Copy": false,
                    "Plans": [
                        {
                            "Node Type": "Aggregate",
                            "Strategy": "Plain",
                            "Partial Mode": "Partial",
                            "Parent Relationship": "Outer",
                            "Parallel Aware": false,
                            "Startup Cost": 42893.61,
                            "Total Cost": 42893.62,
                            "Plan Rows": 1,
                            "Plan Width": 8,
                            "Actual Startup Time": 198.146,
                            "Actual Total Time": 198.148,
                            "Actual Rows": 1,
                            "Actual Loops": 4,
                            "Output": [
                                "PARTIAL count(*)"
                            ],
                            "Workers": [
                                {
                                    "Worker Number": 0,
                                    "Actual Startup Time": 195.125,
                                    "Actual Total Time": 195.127,
                                    "Actual Rows": 1,
                                    "Actual Loops": 1
                                },
                                {
                                    "Worker Number": 1,
                                    "Actual Startup Time": 194.827,
                                    "Actual Total Time": 194.83,
                                    "Actual Rows": 1,
                                    "Actual Loops": 1
                                },
                                {
                                    "Worker Number": 2,
                                    "Actual Startup Time": 196.193,
                                    "Actual Total Time": 196.196,
                                    "Actual Rows": 1,
                                    "Actual Loops": 1
                                }
                            ],
                            "Plans": [
                                {
                                    "Node Type": "Bitmap Heap Scan",
                                    "Parent Relationship": "Outer",
                                    "Parallel Aware": true,
                                    "Relation Name": "movie_keyword",
                                    "Schema": "public",
                                    "Alias": "mk",
                                    "Startup Cost": 15014.43,
                                    "Total Cost": 42322.75,
                                    "Plan Rows": 228345,
                                    "Plan Width": 0,
                                    "Actual Startup Time": 64.472,
                                    "Actual Total Time": 185.147,
                                    "Actual Rows": 173514,
                                    "Actual Loops": 4,
                                    "Recheck Cond": "(mk.keyword_id > 27125)",
                                    "Rows Removed by Index Recheck": 0,
                                    "Exact Heap Blocks": 8357,
                                    "Lossy Heap Blocks": 0,
                                    "Workers": [
                                        {
                                            "Worker Number": 0,
                                            "Actual Startup Time": 61.645,
                                            "Actual Total Time": 182.982,
                                            "Actual Rows": 149481,
                                            "Actual Loops": 1
                                        },
                                        {
                                            "Worker Number": 1,
                                            "Actual Startup Time": 61.26,
                                            "Actual Total Time": 182.845,
                                            "Actual Rows": 149813,
                                            "Actual Loops": 1
                                        },
                                        {
                                            "Worker Number": 2,
                                            "Actual Startup Time": 62.591,
                                            "Actual Total Time": 184.232,
                                            "Actual Rows": 147795,
                                            "Actual Loops": 1
                                        }
                                    ],
                                    "Plans": [
                                        {
                                            "Node Type": "Bitmap Index Scan",
                                            "Parent Relationship": "Outer",
                                            "Parallel Aware": false,
                                            "Index Name": "keyword_id_movie_keyword",
                                            "Startup Cost": 0.0,
                                            "Total Cost": 14837.47,
                                            "Plan Rows": 707871,
                                            "Plan Width": 0,
                                            "Actual Startup Time": 66.768,
                                            "Actual Total Time": 66.77,
                                            "Actual Rows": 694056,
                                            "Actual Loops": 1,
                                            "Index Cond": "(mk.keyword_id > 27125)"
                                        }
                                    ]
                                }
                            ]
                        }
                    ]
                }
            ]
        },
        "Planning Time": 303.878,
        "Triggers": [],
        "Execution Time": 220.072
    }
]