[
  {
    "Plan": {
      "Node Type": "Aggregate",
      "Strategy": "Plain",
      "Partial Mode": "Finalize",
      "Parallel Aware": false,
      "Startup Cost": 100942.19,
      "Total Cost": 100942.2,
      "Plan Rows": 1,
      "Plan Width": 8,
      "Actual Startup Time": 611.84,
      "Actual Total Time": 658.931,
      "Actual Rows": 1,
      "Actual Loops": 1,
      "Plans": [
        {
          "Node Type": "Gather",
          "Parent Relationship": "Outer",
          "Parallel Aware": false,
          "Startup Cost": 100941.77,
          "Total Cost": 100942.18,
          "Plan Rows": 4,
          "Plan Width": 8,
          "Actual Startup Time": 610.339,
          "Actual Total Time": 658.922,
          "Actual Rows": 5,
          "Actual Loops": 1,
          "Workers Planned": 4,
          "Workers Launched": 4,
          "Single Copy": false,
          "Plans": [
            {
              "Node Type": "Aggregate",
              "Strategy": "Plain",
              "Partial Mode": "Partial",
              "Parent Relationship": "Outer",
              "Parallel Aware": false,
              "Startup Cost": 99941.77,
              "Total Cost": 99941.78,
              "Plan Rows": 1,
              "Plan Width": 8,
              "Actual Startup Time": 606.578,
              "Actual Total Time": 606.58,
              "Actual Rows": 1,
              "Actual Loops": 5,
              "Plans": [
                {
                  "Node Type": "Nested Loop",
                  "Parent Relationship": "Outer",
                  "Parallel Aware": false,
                  "Join Type": "Inner",
                  "Startup Cost": 1.0,
                  "Total Cost": 99721.02,
                  "Plan Rows": 88300,
                  "Plan Width": 0,
                  "Actual Startup Time": 1.138,
                  "Actual Total Time": 570.973,
                  "Actual Rows": 800949,
                  "Actual Loops": 5,
                  "Inner Unique": false,
                  "Join Filter": "(t.id = ci.movie_id)",
                  "Rows Removed by Join Filter": 0,
                  "Plans": [
                    {
                      "Node Type": "Nested Loop",
                      "Parent Relationship": "Outer",
                      "Parallel Aware": false,
                      "Join Type": "Inner",
                      "Startup Cost": 0.43,
                      "Total Cost": 86196.85,
                      "Plan Rows": 6158,
                      "Plan Width": 8,
                      "Actual Startup Time": 1.029,
                      "Actual Total Time": 98.654,
                      "Actual Rows": 12745,
                      "Actual Loops": 5,
                      "Inner Unique": false,
                      "Plans": [
                        {
                          "Node Type": "Seq Scan",
                          "Parent Relationship": "Outer",
                          "Parallel Aware": true,
                          "Relation Name": "title",
                          "Alias": "t",
                          "Startup Cost": 0.0,
                          "Total Cost": 45479.59,
                          "Plan Rows": 5911,
                          "Plan Width": 4,
                          "Actual Startup Time": 0.109,
                          "Actual Total Time": 64.161,
                          "Actual Rows": 4127,
                          "Actual Loops": 5,
                          "Filter": "((kind_id < 7) AND (production_year = 2002))",
                          "Rows Removed by Filter": 501536
                        },
                        {
                          "Node Type": "Index Scan",
                          "Parent Relationship": "Inner",
                          "Parallel Aware": false,
                          "Scan Direction": "Forward",
                          "Index Name": "movie_id_movie_keyword",
                          "Relation Name": "movie_keyword",
                          "Alias": "mk",
                          "Startup Cost": 0.43,
                          "Total Cost": 6.62,
                          "Plan Rows": 27,
                          "Plan Width": 4,
                          "Actual Startup Time": 0.007,
                          "Actual Total Time": 0.008,
                          "Actual Rows": 3,
                          "Actual Loops": 20633,
                          "Index Cond": "(movie_id = t.id)",
                          "Rows Removed by Index Recheck": 0,
                          "Filter": "(keyword_id > 3237)",
                          "Rows Removed by Filter": 2
                        }
                      ]
                    },
                    {
                      "Node Type": "Index Only Scan",
                      "Parent Relationship": "Inner",
                      "Parallel Aware": false,
                      "Scan Direction": "Forward",
                      "Index Name": "movie_id_cast_info",
                      "Relation Name": "cast_info",
                      "Alias": "ci",
                      "Startup Cost": 0.56,
                      "Total Cost": 1.76,
                      "Plan Rows": 35,
                      "Plan Width": 4,
                      "Actual Startup Time": 0.005,
                      "Actual Total Time": 0.032,
                      "Actual Rows": 63,
                      "Actual Loops": 63724,
                      "Index Cond": "(movie_id = mk.movie_id)",
                      "Rows Removed by Index Recheck": 0,
                      "Heap Fetches": 4004743
                    }
                  ]
                }
              ]
            }
          ]
        }
      ]
    },
    "Planning Time": 0.952,
    "Triggers": [],
    "Execution Time": 659.014
  }
]