{
  "Plan": {
    "Node Type": "Aggregate",
    "Strategy": "Plain",
    "Partial Mode": "Finalize",
    "Parallel Aware": false,
    "Startup Cost": 645238.12,
    "Total Cost": 645238.13,
    "Plan Rows": 1,
    "Plan Width": 8,
    "Actual Startup Time": 2442.174,
    "Actual Total Time": 2501.177,
    "Actual Rows": 1,
    "Actual Loops": 1,
    "Plans": [
      {
        "Node Type": "Gather",
        "Parent Relationship": "Outer",
        "Parallel Aware": false,
        "Startup Cost": 645238.01,
        "Total Cost": 645238.12,
        "Plan Rows": 1,
        "Plan Width": 8,
        "Actual Startup Time": 2441.953,
        "Actual Total Time": 2501.159,
        "Actual Rows": 2,
        "Actual Loops": 1,
        "Workers Planned": 1,
        "Workers Launched": 1,
        "Single Copy": false,
        "Plans": [
          {
            "Node Type": "Aggregate",
            "Strategy": "Plain",
            "Partial Mode": "Partial",
            "Parent Relationship": "Outer",
            "Parallel Aware": false,
            "Startup Cost": 644238.01,
            "Total Cost": 644238.02,
            "Plan Rows": 1,
            "Plan Width": 8,
            "Actual Startup Time": 2436.241,
            "Actual Total Time": 2436.244,
            "Actual Rows": 1,
            "Actual Loops": 2,
            "Plans": [
              {
                "Node Type": "Hash Join",
                "Parent Relationship": "Outer",
                "Parallel Aware": true,
                "Join Type": "Inner",
                "Startup Cost": 58537.82,
                "Total Cost": 644081.59,
                "Plan Rows": 62569,
                "Plan Width": 0,
                "Actual Startup Time": 877.689,
                "Actual Total Time": 2432.407,
                "Actual Rows": 78816,
                "Actual Loops": 2,
                "Inner Unique": true,
                "Hash Cond": "(ci.movie_id = t.id)",
                "Plans": [
                  {
                    "Node Type": "Seq Scan",
                    "Parent Relationship": "Outer",
                    "Parallel Aware": true,
                    "Relation Name": "cast_info",
                    "Alias": "ci",
                    "Startup Cost": 0.0,
                    "Total Cost": 572345.93,
                    "Plan Rows": 5027740,
                    "Plan Width": 4,
                    "Actual Startup Time": 720.885,
                    "Actual Total Time": 1698.208,
                    "Actual Rows": 6499087,
                    "Actual Loops": 2,
                    "Filter": "((person_id > 2377248) AND (role_id > 1))",
                    "Rows Removed by Filter": 11623085
                  },
                  {
                    "Node Type": "Hash",
                    "Parent Relationship": "Inner",
                    "Parallel Aware": true,
                    "Startup Cost": 58306.47,
                    "Total Cost": 58306.47,
                    "Plan Rows": 18508,
                    "Plan Width": 4,
                    "Actual Startup Time": 155.445,
                    "Actual Total Time": 155.446,
                    "Actual Rows": 18042,
                    "Actual Loops": 2,
                    "Hash Buckets": 65536,
                    "Original Hash Buckets": 32768,
                    "Hash Batches": 1,
                    "Original Hash Batches": 1,
                    "Peak Memory Usage": 2208,
                    "Plans": [
                      {
                        "Node Type": "Seq Scan",
                        "Parent Relationship": "Outer",
                        "Parallel Aware": true,
                        "Relation Name": "title",
                        "Alias": "t",
                        "Startup Cost": 0.0,
                        "Total Cost": 58306.47,
                        "Plan Rows": 18508,
                        "Plan Width": 4,
                        "Actual Startup Time": 0.047,
                        "Actual Total Time": 147.182,
                        "Actual Rows": 18042,
                        "Actual Loops": 2,
                        "Filter": "((kind_id > 4) AND (production_year = 2000))",
                        "Rows Removed by Filter": 1246114
                      }
                    ]
                  }
                ]
              }
            ]
          }
        ]
      }
    ]
  },
  "Planning Time": 0.507,
  "Triggers": [],
  "Execution Time": 2501.264
}