[
  {
    "Plan": {
      "Node Type": "Aggregate",
      "Strategy": "Plain",
      "Partial Mode": "Finalize",
      "Parallel Aware": false,
      "Startup Cost": 79399.73,
      "Total Cost": 79399.74,
      "Plan Rows": 1,
      "Plan Width": 8,
      "Actual Startup Time": 345.184,
      "Actual Total Time": 361.531,
      "Actual Rows": 1,
      "Actual Loops": 1,
      "Plans": [
        {
          "Node Type": "Gather",
          "Parent Relationship": "Outer",
          "Parallel Aware": false,
          "Startup Cost": 79399.31,
          "Total Cost": 79399.72,
          "Plan Rows": 4,
          "Plan Width": 8,
          "Actual Startup Time": 341.106,
          "Actual Total Time": 361.519,
          "Actual Rows": 5,
          "Actual Loops": 1,
          "Workers Planned": 4,
          "Workers Launched": 4,
          "Single Copy": false,
          "Plans": [
            {
              "Node Type": "Aggregate",
              "Strategy": "Plain",
              "Partial Mode": "Partial",
              "Parent Relationship": "Outer",
              "Parallel Aware": false,
              "Startup Cost": 78399.31,
              "Total Cost": 78399.32,
              "Plan Rows": 1,
              "Plan Width": 8,
              "Actual Startup Time": 331.665,
              "Actual Total Time": 331.668,
              "Actual Rows": 1,
              "Actual Loops": 5,
              "Plans": [
                {
                  "Node Type": "Hash Join",
                  "Parent Relationship": "Outer",
                  "Parallel Aware": true,
                  "Join Type": "Inner",
                  "Startup Cost": 32525.81,
                  "Total Cost": 78227.1,
                  "Plan Rows": 68882,
                  "Plan Width": 0,
                  "Actual Startup Time": 126.007,
                  "Actual Total Time": 326.069,
                  "Actual Rows": 111076,
                  "Actual Loops": 5,
                  "Inner Unique": false,
                  "Hash Cond": "(t.id = mc.movie_id)",
                  "Plans": [
                    {
                      "Node Type": "Seq Scan",
                      "Parent Relationship": "Outer",
                      "Parallel Aware": true,
                      "Relation Name": "title",
                      "Alias": "t",
                      "Startup Cost": 0.0,
                      "Total Cost": 42318.73,
                      "Plan Rows": 632073,
                      "Plan Width": 4,
                      "Actual Startup Time": 0.012,
                      "Actual Total Time": 71.174,
                      "Actual Rows": 505662,
                      "Actual Loops": 5
                    },
                    {
                      "Node Type": "Hash",
                      "Parent Relationship": "Inner",
                      "Parallel Aware": true,
                      "Startup Cost": 31414.82,
                      "Total Cost": 31414.82,
                      "Plan Rows": 88879,
                      "Plan Width": 4,
                      "Actual Startup Time": 123.122,
                      "Actual Total Time": 123.123,
                      "Actual Rows": 111076,
                      "Actual Loops": 5,
                      "Hash Buckets": 1048576,
                      "Original Hash Buckets": 524288,
                      "Hash Batches": 1,
                      "Original Hash Batches": 1,
                      "Peak Memory Usage": 34112,
                      "Plans": [
                        {
                          "Node Type": "Seq Scan",
                          "Parent Relationship": "Outer",
                          "Parallel Aware": true,
                          "Relation Name": "movie_companies",
                          "Alias": "mc",
                          "Startup Cost": 0.0,
                          "Total Cost": 31414.82,
                          "Plan Rows": 88879,
                          "Plan Width": 4,
                          "Actual Startup Time": 42.224,
                          "Actual Total Time": 74.903,
                          "Actual Rows": 111076,
                          "Actual Loops": 5,
                          "Filter": "((company_id > 71740) AND (company_type_id > 1))",
                          "Rows Removed by Filter": 410750
                        }
                      ]
                    }
                  ]
                }
              ]
            }
          ]
        }
      ]
    },
    "Planning Time": 0.654,
    "Triggers": [],
    "Execution Time": 361.616
  }
]