{
  "Plan": {
    "Node Type": "Aggregate",
    "Strategy": "Plain",
    "Partial Mode": "Finalize",
    "Parallel Aware": false,
    "Startup Cost": 108811.6,
    "Total Cost": 108811.61,
    "Plan Rows": 1,
    "Plan Width": 8,
    "Actual Startup Time": 687.015,
    "Actual Total Time": 699.949,
    "Actual Rows": 1,
    "Actual Loops": 1,
    "Plans": [
      {
        "Node Type": "Gather",
        "Parent Relationship": "Outer",
        "Parallel Aware": false,
        "Startup Cost": 108811.49,
        "Total Cost": 108811.6,
        "Plan Rows": 1,
        "Plan Width": 8,
        "Actual Startup Time": 684.982,
        "Actual Total Time": 699.94,
        "Actual Rows": 2,
        "Actual Loops": 1,
        "Workers Planned": 1,
        "Workers Launched": 1,
        "Single Copy": false,
        "Plans": [
          {
            "Node Type": "Aggregate",
            "Strategy": "Plain",
            "Partial Mode": "Partial",
            "Parent Relationship": "Outer",
            "Parallel Aware": false,
            "Startup Cost": 107811.49,
            "Total Cost": 107811.5,
            "Plan Rows": 1,
            "Plan Width": 8,
            "Actual Startup Time": 679.541,
            "Actual Total Time": 679.824,
            "Actual Rows": 1,
            "Actual Loops": 2,
            "Plans": [
              {
                "Node Type": "Hash Join",
                "Parent Relationship": "Outer",
                "Parallel Aware": true,
                "Join Type": "Inner",
                "Startup Cost": 45304.06,
                "Total Cost": 107113.02,
                "Plan Rows": 279387,
                "Plan Width": 0,
                "Actual Startup Time": 219.496,
                "Actual Total Time": 663.732,
                "Actual Rows": 399244,
                "Actual Loops": 2,
                "Inner Unique": false,
                "Hash Cond": "(t.id = mc.movie_id)",
                "Plans": [
                  {
                    "Node Type": "Seq Scan",
                    "Parent Relationship": "Outer",
                    "Parallel Aware": true,
                    "Relation Name": "title",
                    "Alias": "t",
                    "Startup Cost": 0.0,
                    "Total Cost": 50870.31,
                    "Plan Rows": 1487231,
                    "Plan Width": 4,
                    "Actual Startup Time": 0.009,
                    "Actual Total Time": 113.965,
                    "Actual Rows": 1264156,
                    "Actual Loops": 2
                  },
                  {
                    "Node Type": "Hash",
                    "Parent Relationship": "Inner",
                    "Parallel Aware": true,
                    "Startup Cost": 41811.73,
                    "Total Cost": 41811.73,
                    "Plan Rows": 279387,
                    "Plan Width": 4,
                    "Actual Startup Time": 214.071,
                    "Actual Total Time": 214.072,
                    "Actual Rows": 399244,
                    "Actual Loops": 2,
                    "Hash Buckets": 1048576,
                    "Original Hash Buckets": 524288,
                    "Hash Batches": 1,
                    "Original Hash Batches": 1,
                    "Peak Memory Usage": 43552,
                    "Plans": [
                      {
                        "Node Type": "Seq Scan",
                        "Parent Relationship": "Outer",
                        "Parallel Aware": true,
                        "Relation Name": "movie_companies",
                        "Alias": "mc",
                        "Startup Cost": 0.0,
                        "Total Cost": 41811.73,
                        "Plan Rows": 279387,
                        "Plan Width": 4,
                        "Actual Startup Time": 62.153,
                        "Actual Total Time": 128.65,
                        "Actual Rows": 399244,
                        "Actual Loops": 2,
                        "Filter": "((company_id > 18692) AND (company_type_id > 1))",
                        "Rows Removed by Filter": 905321
                      }
                    ]
                  }
                ]
              }
            ]
          }
        ]
      }
    ]
  },
  "Planning Time": 0.694,
  "Triggers": [],
  "Execution Time": 700.045
}