[
    {
        "Bao": {
            "Bao prediction": "NaN",
            "Bao recommended hint": "(no hint)"
        }
    },
    {
        "Plan": {
            "Node Type": "Aggregate",
            "Strategy": "Plain",
            "Partial Mode": "Finalize",
            "Parallel Aware": false,
            "Startup Cost": 302131.52,
            "Total Cost": 302131.53,
            "Plan Rows": 1,
            "Plan Width": 8,
            "Actual Startup Time": 266.197,
            "Actual Total Time": 273.639,
            "Actual Rows": 1,
            "Actual Loops": 1,
            "Output": [
                "count(*)"
            ],
            "Plans": [
                {
                    "Node Type": "Gather",
                    "Parent Relationship": "Outer",
                    "Parallel Aware": false,
                    "Startup Cost": 302130.9,
                    "Total Cost": 302131.51,
                    "Plan Rows": 6,
                    "Plan Width": 8,
                    "Actual Startup Time": 265.047,
                    "Actual Total Time": 273.629,
                    "Actual Rows": 7,
                    "Actual Loops": 1,
                    "Output": [
                        "(PARTIAL count(*))"
                    ],
                    "Workers Planned": 6,
                    "Workers Launched": 6,
                    "Single Copy": false,
                    "Plans": [
                        {
                            "Node Type": "Aggregate",
                            "Strategy": "Plain",
                            "Partial Mode": "Partial",
                            "Parent Relationship": "Outer",
                            "Parallel Aware": false,
                            "Startup Cost": 301130.9,
                            "Total Cost": 301130.91,
                            "Plan Rows": 1,
                            "Plan Width": 8,
                            "Actual Startup Time": 255.093,
                            "Actual Total Time": 255.094,
                            "Actual Rows": 1,
                            "Actual Loops": 7,
                            "Output": [
                                "PARTIAL count(*)"
                            ],
                            "Workers": [
                                {
                                    "Worker Number": 0,
                                    "Actual Startup Time": 253.334,
                                    "Actual Total Time": 253.335,
                                    "Actual Rows": 1,
                                    "Actual Loops": 1
                                },
                                {
                                    "Worker Number": 1,
                                    "Actual Startup Time": 253.078,
                                    "Actual Total Time": 253.079,
                                    "Actual Rows": 1,
                                    "Actual Loops": 1
                                },
                                {
                                    "Worker Number": 2,
                                    "Actual Startup Time": 253.506,
                                    "Actual Total Time": 253.508,
                                    "Actual Rows": 1,
                                    "Actual Loops": 1
                                },
                                {
                                    "Worker Number": 3,
                                    "Actual Startup Time": 253.819,
                                    "Actual Total Time": 253.82,
                                    "Actual Rows": 1,
                                    "Actual Loops": 1
                                },
                                {
                                    "Worker Number": 4,
                                    "Actual Startup Time": 253.771,
                                    "Actual Total Time": 253.771,
                                    "Actual Rows": 1,
                                    "Actual Loops": 1
                                },
                                {
                                    "Worker Number": 5,
                                    "Actual Startup Time": 253.974,
                                    "Actual Total Time": 253.975,
                                    "Actual Rows": 1,
                                    "Actual Loops": 1
                                }
                            ],
                            "Plans": [
                                {
                                    "Node Type": "Bitmap Heap Scan",
                                    "Parent Relationship": "Outer",
                                    "Parallel Aware": true,
                                    "Relation Name": "cast_info",
                                    "Schema": "public",
                                    "Alias": "ci",
                                    "Startup Cost": 43024.12,
                                    "Total Cost": 300602.66,
                                    "Plan Rows": 211293,
                                    "Plan Width": 0,
                                    "Actual Startup Time": 120.853,
                                    "Actual Total Time": 236.46,
                                    "Actual Rows": 294347,
                                    "Actual Loops": 7,
                                    "Recheck Cond": "(ci.person_id > 3658150)",
                                    "Rows Removed by Index Recheck": 0,
                                    "Filter": "(ci.role_id > 1)",
                                    "Rows Removed by Filter": 0,
                                    "Exact Heap Blocks": 5145,
                                    "Lossy Heap Blocks": 0,
                                    "Workers": [
                                        {
                                            "Worker Number": 0,
                                            "Actual Startup Time": 119.092,
                                            "Actual Total Time": 235.346,
                                            "Actual Rows": 236766,
                                            "Actual Loops": 1
                                        },
                                        {
                                            "Worker Number": 1,
                                            "Actual Startup Time": 119.136,
                                            "Actual Total Time": 234.893,
                                            "Actual Rows": 237880,
                                            "Actual Loops": 1
                                        },
                                        {
                                            "Worker Number": 2,
                                            "Actual Startup Time": 119.704,
                                            "Actual Total Time": 236.18,
                                            "Actual Rows": 338627,
                                            "Actual Loops": 1
                                        },
                                        {
                                            "Worker Number": 3,
                                            "Actual Startup Time": 120.091,
                                            "Actual Total Time": 235.531,
                                            "Actual Rows": 238427,
                                            "Actual Loops": 1
                                        },
                                        {
                                            "Worker Number": 4,
                                            "Actual Startup Time": 119.298,
                                            "Actual Total Time": 235.786,
                                            "Actual Rows": 329418,
                                            "Actual Loops": 1
                                        },
                                        {
                                            "Worker Number": 5,
                                            "Actual Startup Time": 119.435,
                                            "Actual Total Time": 236.013,
                                            "Actual Rows": 328328,
                                            "Actual Loops": 1
                                        }
                                    ],
                                    "Plans": [
                                        {
                                            "Node Type": "Bitmap Index Scan",
                                            "Parent Relationship": "Outer",
                                            "Parallel Aware": false,
                                            "Index Name": "person_id_cast_info",
                                            "Startup Cost": 0.0,
                                            "Total Cost": 42707.18,
                                            "Plan Rows": 1956616,
                                            "Plan Width": 0,
                                            "Actual Startup Time": 121.735,
                                            "Actual Total Time": 121.736,
                                            "Actual Rows": 2060426,
                                            "Actual Loops": 1,
                                            "Index Cond": "(ci.person_id > 3658150)"
                                        }
                                    ]
                                }
                            ]
                        }
                    ]
                }
            ]
        },
        "Planning Time": 202.991,
        "Triggers": [],
        "Execution Time": 273.74
    }
]