[
  {
    "Plan": {
      "Node Type": "Aggregate",
      "Strategy": "Plain",
      "Partial Mode": "Finalize",
      "Parallel Aware": false,
      "Startup Cost": 45680.91,
      "Total Cost": 45680.92,
      "Plan Rows": 1,
      "Plan Width": 8,
      "Actual Startup Time": 152.987,
      "Actual Total Time": 164.149,
      "Actual Rows": 1,
      "Actual Loops": 1,
      "Plans": [
        {
          "Node Type": "Gather",
          "Parent Relationship": "Outer",
          "Parallel Aware": false,
          "Startup Cost": 45680.59,
          "Total Cost": 45680.9,
          "Plan Rows": 3,
          "Plan Width": 8,
          "Actual Startup Time": 152.887,
          "Actual Total Time": 164.14,
          "Actual Rows": 4,
          "Actual Loops": 1,
          "Workers Planned": 3,
          "Workers Launched": 3,
          "Single Copy": false,
          "Plans": [
            {
              "Node Type": "Aggregate",
              "Strategy": "Plain",
              "Partial Mode": "Partial",
              "Parent Relationship": "Outer",
              "Parallel Aware": false,
              "Startup Cost": 44680.59,
              "Total Cost": 44680.6,
              "Plan Rows": 1,
              "Plan Width": 8,
              "Actual Startup Time": 149.476,
              "Actual Total Time": 149.477,
              "Actual Rows": 1,
              "Actual Loops": 4,
              "Plans": [
                {
                  "Node Type": "Seq Scan",
                  "Parent Relationship": "Outer",
                  "Parallel Aware": true,
                  "Relation Name": "movie_keyword",
                  "Alias": "mk",
                  "Startup Cost": 0.0,
                  "Total Cost": 42695.65,
                  "Plan Rows": 793974,
                  "Plan Width": 0,
                  "Actual Startup Time": 0.222,
                  "Actual Total Time": 119.106,
                  "Actual Rows": 612452,
                  "Actual Loops": 4,
                  "Filter": "(keyword_id > 3667)",
                  "Rows Removed by Filter": 518530
                }
              ]
            }
          ]
        }
      ]
    },
    "Planning Time": 0.087,
    "Triggers": [],
    "Execution Time": 164.18
  }
]