[
  {
    "Plan": {
      "Node Type": "Aggregate",
      "Strategy": "Plain",
      "Partial Mode": "Finalize",
      "Parallel Aware": false,
      "Startup Cost": 98709.16,
      "Total Cost": 98709.17,
      "Plan Rows": 1,
      "Plan Width": 8,
      "Actual Startup Time": 348.602,
      "Actual Total Time": 367.18,
      "Actual Rows": 1,
      "Actual Loops": 1,
      "Plans": [
        {
          "Node Type": "Gather",
          "Parent Relationship": "Outer",
          "Parallel Aware": false,
          "Startup Cost": 98708.84,
          "Total Cost": 98709.15,
          "Plan Rows": 3,
          "Plan Width": 8,
          "Actual Startup Time": 346.603,
          "Actual Total Time": 367.173,
          "Actual Rows": 4,
          "Actual Loops": 1,
          "Workers Planned": 3,
          "Workers Launched": 3,
          "Single Copy": false,
          "Plans": [
            {
              "Node Type": "Aggregate",
              "Strategy": "Plain",
              "Partial Mode": "Partial",
              "Parent Relationship": "Outer",
              "Parallel Aware": false,
              "Startup Cost": 97708.84,
              "Total Cost": 97708.85,
              "Plan Rows": 1,
              "Plan Width": 8,
              "Actual Startup Time": 336.725,
              "Actual Total Time": 336.728,
              "Actual Rows": 1,
              "Actual Loops": 4,
              "Plans": [
                {
                  "Node Type": "Nested Loop",
                  "Parent Relationship": "Outer",
                  "Parallel Aware": false,
                  "Join Type": "Inner",
                  "Startup Cost": 57193.76,
                  "Total Cost": 97698.68,
                  "Plan Rows": 4062,
                  "Plan Width": 0,
                  "Actual Startup Time": 162.793,
                  "Actual Total Time": 335.309,
                  "Actual Rows": 17676,
                  "Actual Loops": 4,
                  "Inner Unique": false,
                  "Join Filter": "(t.id = mi_idx.movie_id)",
                  "Rows Removed by Join Filter": 0,
                  "Plans": [
                    {
                      "Node Type": "Hash Join",
                      "Parent Relationship": "Outer",
                      "Parallel Aware": true,
                      "Join Type": "Inner",
                      "Startup Cost": 57193.34,
                      "Total Cost": 84490.82,
                      "Plan Rows": 22113,
                      "Plan Width": 8,
                      "Actual Startup Time": 162.409,
                      "Actual Total Time": 256.274,
                      "Actual Rows": 26720,
                      "Actual Loops": 4,
                      "Inner Unique": true,
                      "Hash Cond": "(mk.movie_id = t.id)",
                      "Plans": [
                        {
                          "Node Type": "Bitmap Heap Scan",
                          "Parent Relationship": "Outer",
                          "Parallel Aware": true,
                          "Relation Name": "movie_keyword",
                          "Alias": "mk",
                          "Startup Cost": 12365.11,
                          "Total Cost": 39169.1,
                          "Plan Rows": 187999,
                          "Plan Width": 4,
                          "Actual Startup Time": 33.71,
                          "Actual Total Time": 92.059,
                          "Actual Rows": 148757,
                          "Actual Loops": 4,
                          "Recheck Cond": "(keyword_id < 434)",
                          "Rows Removed by Index Recheck": 0,
                          "Exact Heap Blocks": 7801,
                          "Lossy Heap Blocks": 0,
                          "Plans": [
                            {
                              "Node Type": "Bitmap Index Scan",
                              "Parent Relationship": "Outer",
                              "Parallel Aware": false,
                              "Index Name": "keyword_id_movie_keyword",
                              "Startup Cost": 0.0,
                              "Total Cost": 12219.41,
                              "Plan Rows": 582797,
                              "Plan Width": 0,
                              "Actual Startup Time": 29.884,
                              "Actual Total Time": 29.885,
                              "Actual Rows": 595028,
                              "Actual Loops": 1,
                              "Index Cond": "(keyword_id < 434)"
                            }
                          ]
                        },
                        {
                          "Node Type": "Hash",
                          "Parent Relationship": "Inner",
                          "Parallel Aware": true,
                          "Startup Cost": 43898.92,
                          "Total Cost": 43898.92,
                          "Plan Rows": 74345,
                          "Plan Width": 4,
                          "Actual Startup Time": 125.066,
                          "Actual Total Time": 125.067,
                          "Actual Rows": 77384,
                          "Actual Loops": 4,
                          "Hash Buckets": 524288,
                          "Original Hash Buckets": 524288,
                          "Hash Batches": 1,
                          "Original Hash Batches": 1,
                          "Peak Memory Usage": 16288,
                          "Plans": [
                            {
                              "Node Type": "Seq Scan",
                              "Parent Relationship": "Outer",
                              "Parallel Aware": true,
                              "Relation Name": "title",
                              "Alias": "t",
                              "Startup Cost": 0.0,
                              "Total Cost": 43898.92,
                              "Plan Rows": 74345,
                              "Plan Width": 4,
                              "Actual Startup Time": 0.034,
                              "Actual Total Time": 96.781,
                              "Actual Rows": 77384,
                              "Actual Loops": 4,
                              "Filter": "(production_year < 1966)",
                              "Rows Removed by Filter": 554694
                            }
                          ]
                        }
                      ]
                    },
                    {
                      "Node Type": "Index Scan",
                      "Parent Relationship": "Inner",
                      "Parallel Aware": false,
                      "Scan Direction": "Forward",
                      "Index Name": "movie_id_movie_info_idx",
                      "Relation Name": "movie_info_idx",
                      "Alias": "mi_idx",
                      "Startup Cost": 0.43,
                      "Total Cost": 0.58,
                      "Plan Rows": 1,
                      "Plan Width": 4,
                      "Actual Startup Time": 0.003,
                      "Actual Total Time": 0.003,
                      "Actual Rows": 1,
                      "Actual Loops": 106878,
                      "Index Cond": "(movie_id = mk.movie_id)",
                      "Rows Removed by Index Recheck": 0,
                      "Filter": "(info_type_id = 100)",
                      "Rows Removed by Filter": 1
                    }
                  ]
                }
              ]
            }
          ]
        }
      ]
    },
    "Planning Time": 1.427,
    "Triggers": [],
    "Execution Time": 367.294
  }
]