[
  {
    "Plan": {
      "Node Type": "Aggregate",
      "Strategy": "Plain",
      "Partial Mode": "Finalize",
      "Parallel Aware": false,
      "Startup Cost": 256823.31,
      "Total Cost": 256823.32,
      "Plan Rows": 1,
      "Plan Width": 8,
      "Actual Startup Time": 2977.091,
      "Actual Total Time": 3058.611,
      "Actual Rows": 1,
      "Actual Loops": 1,
      "Plans": [
        {
          "Node Type": "Gather",
          "Parent Relationship": "Outer",
          "Parallel Aware": false,
          "Startup Cost": 256822.99,
          "Total Cost": 256823.3,
          "Plan Rows": 3,
          "Plan Width": 8,
          "Actual Startup Time": 2974.336,
          "Actual Total Time": 3058.601,
          "Actual Rows": 4,
          "Actual Loops": 1,
          "Workers Planned": 3,
          "Workers Launched": 3,
          "Single Copy": false,
          "Plans": [
            {
              "Node Type": "Aggregate",
              "Strategy": "Plain",
              "Partial Mode": "Partial",
              "Parent Relationship": "Outer",
              "Parallel Aware": false,
              "Startup Cost": 255822.99,
              "Total Cost": 255823.0,
              "Plan Rows": 1,
              "Plan Width": 8,
              "Actual Startup Time": 2964.776,
              "Actual Total Time": 2964.779,
              "Actual Rows": 1,
              "Actual Loops": 4,
              "Plans": [
                {
                  "Node Type": "Nested Loop",
                  "Parent Relationship": "Outer",
                  "Parallel Aware": false,
                  "Join Type": "Inner",
                  "Startup Cost": 45972.16,
                  "Total Cost": 254199.35,
                  "Plan Rows": 649457,
                  "Plan Width": 0,
                  "Actual Startup Time": 201.771,
                  "Actual Total Time": 2806.102,
                  "Actual Rows": 3697240,
                  "Actual Loops": 4,
                  "Inner Unique": false,
                  "Plans": [
                    {
                      "Node Type": "Hash Join",
                      "Parent Relationship": "Outer",
                      "Parallel Aware": true,
                      "Join Type": "Inner",
                      "Startup Cost": 45971.59,
                      "Total Cost": 77839.94,
                      "Plan Rows": 45325,
                      "Plan Width": 8,
                      "Actual Startup Time": 201.65,
                      "Actual Total Time": 292.819,
                      "Actual Rows": 60686,
                      "Actual Loops": 4,
                      "Inner Unique": true,
                      "Hash Cond": "(mc.movie_id = t.id)",
                      "Plans": [
                        {
                          "Node Type": "Seq Scan",
                          "Parent Relationship": "Outer",
                          "Parallel Aware": true,
                          "Relation Name": "movie_companies",
                          "Alias": "mc",
                          "Startup Cost": 0.0,
                          "Total Cost": 31414.82,
                          "Plan Rows": 172775,
                          "Plan Width": 4,
                          "Actual Startup Time": 0.024,
                          "Actual Total Time": 67.17,
                          "Actual Rows": 186394,
                          "Actual Loops": 4,
                          "Filter": "((company_id < 7148) AND (company_type_id < 2))",
                          "Rows Removed by Filter": 465888
                        },
                        {
                          "Node Type": "Hash",
                          "Parent Relationship": "Inner",
                          "Parallel Aware": true,
                          "Startup Cost": 43898.92,
                          "Total Cost": 43898.92,
                          "Plan Rows": 165814,
                          "Plan Width": 4,
                          "Actual Startup Time": 161.144,
                          "Actual Total Time": 161.145,
                          "Actual Rows": 165706,
                          "Actual Loops": 4,
                          "Hash Buckets": 1048576,
                          "Original Hash Buckets": 1048576,
                          "Hash Batches": 1,
                          "Original Hash Batches": 1,
                          "Peak Memory Usage": 34176,
                          "Plans": [
                            {
                              "Node Type": "Seq Scan",
                              "Parent Relationship": "Outer",
                              "Parallel Aware": true,
                              "Relation Name": "title",
                              "Alias": "t",
                              "Startup Cost": 0.0,
                              "Total Cost": 43898.92,
                              "Plan Rows": 165814,
                              "Plan Width": 4,
                              "Actual Startup Time": 46.87,
                              "Actual Total Time": 101.894,
                              "Actual Rows": 165706,
                              "Actual Loops": 4,
                              "Filter": "(kind_id = 1)",
                              "Rows Removed by Filter": 466372
                            }
                          ]
                        }
                      ]
                    },
                    {
                      "Node Type": "Index Only Scan",
                      "Parent Relationship": "Inner",
                      "Parallel Aware": false,
                      "Scan Direction": "Forward",
                      "Index Name": "movie_id_cast_info",
                      "Relation Name": "cast_info",
                      "Alias": "ci",
                      "Startup Cost": 0.56,
                      "Total Cost": 3.52,
                      "Plan Rows": 37,
                      "Plan Width": 4,
                      "Actual Startup Time": 0.005,
                      "Actual Total Time": 0.037,
                      "Actual Rows": 61,
                      "Actual Loops": 242745,
                      "Index Cond": "(movie_id = t.id)",
                      "Rows Removed by Index Recheck": 0,
                      "Heap Fetches": 14788960
                    }
                  ]
                }
              ]
            }
          ]
        }
      ]
    },
    "Planning Time": 1.505,
    "Triggers": [],
    "Execution Time": 3058.717
  }
]