[
  {
    "Plan": {
      "Node Type": "Aggregate",
      "Strategy": "Plain",
      "Partial Mode": "Finalize",
      "Parallel Aware": false,
      "Startup Cost": 47183.34,
      "Total Cost": 47183.35,
      "Plan Rows": 1,
      "Plan Width": 8,
      "Actual Startup Time": 192.677,
      "Actual Total Time": 204.188,
      "Actual Rows": 1,
      "Actual Loops": 1,
      "Plans": [
        {
          "Node Type": "Gather",
          "Parent Relationship": "Outer",
          "Parallel Aware": false,
          "Startup Cost": 47183.03,
          "Total Cost": 47183.34,
          "Plan Rows": 3,
          "Plan Width": 8,
          "Actual Startup Time": 192.551,
          "Actual Total Time": 204.177,
          "Actual Rows": 4,
          "Actual Loops": 1,
          "Workers Planned": 3,
          "Workers Launched": 3,
          "Single Copy": false,
          "Plans": [
            {
              "Node Type": "Aggregate",
              "Strategy": "Plain",
              "Partial Mode": "Partial",
              "Parent Relationship": "Outer",
              "Parallel Aware": false,
              "Startup Cost": 46183.03,
              "Total Cost": 46183.04,
              "Plan Rows": 1,
              "Plan Width": 8,
              "Actual Startup Time": 184.336,
              "Actual Total Time": 184.337,
              "Actual Rows": 1,
              "Actual Loops": 4,
              "Plans": [
                {
                  "Node Type": "Seq Scan",
                  "Parent Relationship": "Outer",
                  "Parallel Aware": true,
                  "Relation Name": "movie_keyword",
                  "Alias": "mk",
                  "Startup Cost": 0.0,
                  "Total Cost": 42695.65,
                  "Plan Rows": 1394949,
                  "Plan Width": 0,
                  "Actual Startup Time": 0.06,
                  "Actual Total Time": 131.914,
                  "Actual Rows": 1080307,
                  "Actual Loops": 4,
                  "Filter": "(keyword_id < 68036)",
                  "Rows Removed by Filter": 50676
                }
              ]
            }
          ]
        }
      ]
    },
    "Planning Time": 0.185,
    "Triggers": [],
    "Execution Time": 204.241
  }
]