[
  {
    "Plan": {
      "Node Type": "Aggregate",
      "Strategy": "Plain",
      "Partial Mode": "Finalize",
      "Parallel Aware": false,
      "Startup Cost": 330459.01,
      "Total Cost": 330459.02,
      "Plan Rows": 1,
      "Plan Width": 8,
      "Actual Startup Time": 315.418,
      "Actual Total Time": 332.963,
      "Actual Rows": 1,
      "Actual Loops": 1,
      "Plans": [
        {
          "Node Type": "Gather",
          "Parent Relationship": "Outer",
          "Parallel Aware": false,
          "Startup Cost": 330458.59,
          "Total Cost": 330459.0,
          "Plan Rows": 4,
          "Plan Width": 8,
          "Actual Startup Time": 313.392,
          "Actual Total Time": 332.951,
          "Actual Rows": 5,
          "Actual Loops": 1,
          "Workers Planned": 4,
          "Workers Launched": 4,
          "Single Copy": false,
          "Plans": [
            {
              "Node Type": "Aggregate",
              "Strategy": "Plain",
              "Partial Mode": "Partial",
              "Parent Relationship": "Outer",
              "Parallel Aware": false,
              "Startup Cost": 329458.59,
              "Total Cost": 329458.6,
              "Plan Rows": 1,
              "Plan Width": 8,
              "Actual Startup Time": 308.015,
              "Actual Total Time": 308.021,
              "Actual Rows": 1,
              "Actual Loops": 5,
              "Plans": [
                {
                  "Node Type": "Hash Join",
                  "Parent Relationship": "Outer",
                  "Parallel Aware": true,
                  "Join Type": "Inner",
                  "Startup Cost": 281461.36,
                  "Total Cost": 329312.72,
                  "Plan Rows": 58348,
                  "Plan Width": 0,
                  "Actual Startup Time": 160.115,
                  "Actual Total Time": 306.302,
                  "Actual Rows": 26577,
                  "Actual Loops": 5,
                  "Inner Unique": false,
                  "Hash Cond": "(t.id = ci.movie_id)",
                  "Plans": [
                    {
                      "Node Type": "Seq Scan",
                      "Parent Relationship": "Outer",
                      "Parallel Aware": true,
                      "Relation Name": "title",
                      "Alias": "t",
                      "Startup Cost": 0.0,
                      "Total Cost": 43899.32,
                      "Plan Rows": 385479,
                      "Plan Width": 4,
                      "Actual Startup Time": 0.018,
                      "Actual Total Time": 86.099,
                      "Actual Rows": 308653,
                      "Actual Loops": 5,
                      "Filter": "(kind_id = 7)",
                      "Rows Removed by Filter": 197010
                    },
                    {
                      "Node Type": "Hash",
                      "Parent Relationship": "Inner",
                      "Parallel Aware": true,
                      "Startup Cost": 280664.03,
                      "Total Cost": 280664.03,
                      "Plan Rows": 63786,
                      "Plan Width": 4,
                      "Actual Startup Time": 157.662,
                      "Actual Total Time": 157.666,
                      "Actual Rows": 47240,
                      "Actual Loops": 5,
                      "Hash Buckets": 524288,
                      "Original Hash Buckets": 524288,
                      "Hash Batches": 1,
                      "Original Hash Batches": 1,
                      "Peak Memory Usage": 13440,
                      "Plans": [
                        {
                          "Node Type": "Bitmap Heap Scan",
                          "Parent Relationship": "Outer",
                          "Parallel Aware": true,
                          "Relation Name": "cast_info",
                          "Alias": "ci",
                          "Startup Cost": 25111.84,
                          "Total Cost": 280664.03,
                          "Plan Rows": 63786,
                          "Plan Width": 4,
                          "Actual Startup Time": 118.074,
                          "Actual Total Time": 134.977,
                          "Actual Rows": 47240,
                          "Actual Loops": 5,
                          "Recheck Cond": "(person_id < 119929)",
                          "Rows Removed by Index Recheck": 0,
                          "Filter": "(role_id > 3)",
                          "Rows Removed by Filter": 190070,
                          "Exact Heap Blocks": 3946,
                          "Lossy Heap Blocks": 0,
                          "Plans": [
                            {
                              "Node Type": "Bitmap Index Scan",
                              "Parent Relationship": "Outer",
                              "Parallel Aware": false,
                              "Index Name": "person_id_cast_info",
                              "Startup Cost": 0.0,
                              "Total Cost": 25016.16,
                              "Plan Rows": 1146079,
                              "Plan Width": 0,
                              "Actual Startup Time": 63.835,
                              "Actual Total Time": 63.836,
                              "Actual Rows": 1186550,
                              "Actual Loops": 1,
                              "Index Cond": "(person_id < 119929)"
                            }
                          ]
                        }
                      ]
                    }
                  ]
                }
              ]
            }
          ]
        }
      ]
    },
    "Planning Time": 0.434,
    "Triggers": [],
    "Execution Time": 333.046
  }
]