[
  {
    "Plan": {
      "Node Type": "Aggregate",
      "Strategy": "Plain",
      "Partial Mode": "Finalize",
      "Parallel Aware": false,
      "Startup Cost": 331044.99,
      "Total Cost": 331045.0,
      "Plan Rows": 1,
      "Plan Width": 8,
      "Actual Startup Time": 264.814,
      "Actual Total Time": 278.081,
      "Actual Rows": 1,
      "Actual Loops": 1,
      "Plans": [
        {
          "Node Type": "Gather",
          "Parent Relationship": "Outer",
          "Parallel Aware": false,
          "Startup Cost": 331044.57,
          "Total Cost": 331044.98,
          "Plan Rows": 4,
          "Plan Width": 8,
          "Actual Startup Time": 262.52,
          "Actual Total Time": 278.071,
          "Actual Rows": 5,
          "Actual Loops": 1,
          "Workers Planned": 4,
          "Workers Launched": 4,
          "Single Copy": false,
          "Plans": [
            {
              "Node Type": "Aggregate",
              "Strategy": "Plain",
              "Partial Mode": "Partial",
              "Parent Relationship": "Outer",
              "Parallel Aware": false,
              "Startup Cost": 330044.57,
              "Total Cost": 330044.58,
              "Plan Rows": 1,
              "Plan Width": 8,
              "Actual Startup Time": 252.592,
              "Actual Total Time": 252.595,
              "Actual Rows": 1,
              "Actual Loops": 5,
              "Plans": [
                {
                  "Node Type": "Hash Join",
                  "Parent Relationship": "Outer",
                  "Parallel Aware": true,
                  "Join Type": "Inner",
                  "Startup Cost": 282051.47,
                  "Total Cost": 329893.36,
                  "Plan Rows": 60484,
                  "Plan Width": 0,
                  "Actual Startup Time": 131.614,
                  "Actual Total Time": 251.254,
                  "Actual Rows": 26577,
                  "Actual Loops": 5,
                  "Inner Unique": false,
                  "Hash Cond": "(t.id = ci.movie_id)",
                  "Plans": [
                    {
                      "Node Type": "Seq Scan",
                      "Parent Relationship": "Outer",
                      "Parallel Aware": true,
                      "Relation Name": "title",
                      "Alias": "t",
                      "Startup Cost": 0.0,
                      "Total Cost": 43898.92,
                      "Plan Rows": 384216,
                      "Plan Width": 4,
                      "Actual Startup Time": 0.015,
                      "Actual Total Time": 71.097,
                      "Actual Rows": 308653,
                      "Actual Loops": 5,
                      "Filter": "(kind_id = 7)",
                      "Rows Removed by Filter": 197010
                    },
                    {
                      "Node Type": "Hash",
                      "Parent Relationship": "Inner",
                      "Parallel Aware": true,
                      "Startup Cost": 281222.29,
                      "Total Cost": 281222.29,
                      "Plan Rows": 66335,
                      "Plan Width": 4,
                      "Actual Startup Time": 128.724,
                      "Actual Total Time": 128.725,
                      "Actual Rows": 47240,
                      "Actual Loops": 5,
                      "Hash Buckets": 524288,
                      "Original Hash Buckets": 524288,
                      "Hash Batches": 1,
                      "Original Hash Batches": 1,
                      "Peak Memory Usage": 13408,
                      "Plans": [
                        {
                          "Node Type": "Bitmap Heap Scan",
                          "Parent Relationship": "Outer",
                          "Parallel Aware": true,
                          "Relation Name": "cast_info",
                          "Alias": "ci",
                          "Startup Cost": 25614.48,
                          "Total Cost": 281222.29,
                          "Plan Rows": 66335,
                          "Plan Width": 4,
                          "Actual Startup Time": 99.72,
                          "Actual Total Time": 112.414,
                          "Actual Rows": 47240,
                          "Actual Loops": 5,
                          "Recheck Cond": "(person_id < 119929)",
                          "Rows Removed by Index Recheck": 0,
                          "Filter": "(role_id > 3)",
                          "Rows Removed by Filter": 190070,
                          "Exact Heap Blocks": 4878,
                          "Lossy Heap Blocks": 0,
                          "Plans": [
                            {
                              "Node Type": "Bitmap Index Scan",
                              "Parent Relationship": "Outer",
                              "Parallel Aware": false,
                              "Index Name": "person_id_cast_info",
                              "Startup Cost": 0.0,
                              "Total Cost": 25514.98,
                              "Plan Rows": 1168322,
                              "Plan Width": 0,
                              "Actual Startup Time": 53.524,
                              "Actual Total Time": 53.525,
                              "Actual Rows": 1186550,
                              "Actual Loops": 1,
                              "Index Cond": "(person_id < 119929)"
                            }
                          ]
                        }
                      ]
                    }
                  ]
                }
              ]
            }
          ]
        }
      ]
    },
    "Planning Time": 0.665,
    "Triggers": [],
    "Execution Time": 278.172
  }
]