[
  {
    "Plan": {
      "Node Type": "Aggregate",
      "Strategy": "Plain",
      "Partial Mode": "Finalize",
      "Parallel Aware": false,
      "Startup Cost": 75915.74,
      "Total Cost": 75915.75,
      "Plan Rows": 1,
      "Plan Width": 8,
      "Actual Startup Time": 233.207,
      "Actual Total Time": 249.503,
      "Actual Rows": 1,
      "Actual Loops": 1,
      "Plans": [
        {
          "Node Type": "Gather",
          "Parent Relationship": "Outer",
          "Parallel Aware": false,
          "Startup Cost": 75915.43,
          "Total Cost": 75915.74,
          "Plan Rows": 3,
          "Plan Width": 8,
          "Actual Startup Time": 232.198,
          "Actual Total Time": 249.491,
          "Actual Rows": 4,
          "Actual Loops": 1,
          "Workers Planned": 3,
          "Workers Launched": 3,
          "Single Copy": false,
          "Plans": [
            {
              "Node Type": "Aggregate",
              "Strategy": "Plain",
              "Partial Mode": "Partial",
              "Parent Relationship": "Outer",
              "Parallel Aware": false,
              "Startup Cost": 74915.43,
              "Total Cost": 74915.44,
              "Plan Rows": 1,
              "Plan Width": 8,
              "Actual Startup Time": 226.501,
              "Actual Total Time": 226.504,
              "Actual Rows": 1,
              "Actual Loops": 4,
              "Plans": [
                {
                  "Node Type": "Hash Join",
                  "Parent Relationship": "Outer",
                  "Parallel Aware": true,
                  "Join Type": "Inner",
                  "Startup Cost": 44445.5,
                  "Total Cost": 74843.77,
                  "Plan Rows": 28663,
                  "Plan Width": 0,
                  "Actual Startup Time": 112.531,
                  "Actual Total Time": 224.097,
                  "Actual Rows": 52031,
                  "Actual Loops": 4,
                  "Inner Unique": true,
                  "Hash Cond": "(mc.movie_id = t.id)",
                  "Plans": [
                    {
                      "Node Type": "Seq Scan",
                      "Parent Relationship": "Outer",
                      "Parallel Aware": true,
                      "Relation Name": "movie_companies",
                      "Alias": "mc",
                      "Startup Cost": 0.0,
                      "Total Cost": 29310.68,
                      "Plan Rows": 414318,
                      "Plan Width": 4,
                      "Actual Startup Time": 0.018,
                      "Actual Total Time": 68.759,
                      "Actual Rows": 318562,
                      "Actual Loops": 4,
                      "Filter": "(company_type_id = 1)",
                      "Rows Removed by Filter": 333721
                    },
                    {
                      "Node Type": "Hash",
                      "Parent Relationship": "Inner",
                      "Parallel Aware": true,
                      "Startup Cost": 43898.92,
                      "Total Cost": 43898.92,
                      "Plan Rows": 43727,
                      "Plan Width": 4,
                      "Actual Startup Time": 109.574,
                      "Actual Total Time": 109.576,
                      "Actual Rows": 45239,
                      "Actual Loops": 4,
                      "Hash Buckets": 262144,
                      "Original Hash Buckets": 262144,
                      "Hash Batches": 1,
                      "Original Hash Batches": 1,
                      "Peak Memory Usage": 9184,
                      "Plans": [
                        {
                          "Node Type": "Seq Scan",
                          "Parent Relationship": "Outer",
                          "Parallel Aware": true,
                          "Relation Name": "title",
                          "Alias": "t",
                          "Startup Cost": 0.0,
                          "Total Cost": 43898.92,
                          "Plan Rows": 43727,
                          "Plan Width": 4,
                          "Actual Startup Time": 0.088,
                          "Actual Total Time": 93.941,
                          "Actual Rows": 45239,
                          "Actual Loops": 4,
                          "Filter": "(production_year < 1953)",
                          "Rows Removed by Filter": 586839
                        }
                      ]
                    }
                  ]
                }
              ]
            }
          ]
        }
      ]
    },
    "Planning Time": 0.637,
    "Triggers": [],
    "Execution Time": 249.572
  }
]