{
  "Plan": {
    "Node Type": "Aggregate",
    "Strategy": "Plain",
    "Partial Mode": "Finalize",
    "Parallel Aware": false,
    "Startup Cost": 102550.98,
    "Total Cost": 102550.99,
    "Plan Rows": 1,
    "Plan Width": 8,
    "Actual Startup Time": 836.202,
    "Actual Total Time": 860.419,
    "Actual Rows": 1,
    "Actual Loops": 1,
    "Plans": [
      {
        "Node Type": "Gather",
        "Parent Relationship": "Outer",
        "Parallel Aware": false,
        "Startup Cost": 102550.87,
        "Total Cost": 102550.98,
        "Plan Rows": 1,
        "Plan Width": 8,
        "Actual Startup Time": 828.705,
        "Actual Total Time": 860.409,
        "Actual Rows": 2,
        "Actual Loops": 1,
        "Workers Planned": 1,
        "Workers Launched": 1,
        "Single Copy": false,
        "Plans": [
          {
            "Node Type": "Aggregate",
            "Strategy": "Plain",
            "Partial Mode": "Partial",
            "Parent Relationship": "Outer",
            "Parallel Aware": false,
            "Startup Cost": 101550.87,
            "Total Cost": 101550.88,
            "Plan Rows": 1,
            "Plan Width": 8,
            "Actual Startup Time": 819.157,
            "Actual Total Time": 819.162,
            "Actual Rows": 1,
            "Actual Loops": 2,
            "Plans": [
              {
                "Node Type": "Hash Join",
                "Parent Relationship": "Outer",
                "Parallel Aware": true,
                "Join Type": "Inner",
                "Startup Cost": 74590.61,
                "Total Cost": 101195.37,
                "Plan Rows": 142199,
                "Plan Width": 0,
                "Actual Startup Time": 685.729,
                "Actual Total Time": 812.162,
                "Actual Rows": 122596,
                "Actual Loops": 2,
                "Inner Unique": true,
                "Hash Cond": "(mk.movie_id = t.id)",
                "Plans": [
                  {
                    "Node Type": "Bitmap Heap Scan",
                    "Parent Relationship": "Outer",
                    "Parallel Aware": true,
                    "Relation Name": "movie_keyword",
                    "Alias": "mk",
                    "Startup Cost": 5129.91,
                    "Total Cost": 31361.4,
                    "Plan Rows": 142199,
                    "Plan Width": 4,
                    "Actual Startup Time": 26.875,
                    "Actual Total Time": 92.01,
                    "Actual Rows": 122596,
                    "Actual Loops": 2,
                    "Recheck Cond": "(keyword_id < 212)",
                    "Rows Removed by Index Recheck": 0,
                    "Exact Heap Blocks": 16196,
                    "Lossy Heap Blocks": 0,
                    "Plans": [
                      {
                        "Node Type": "Bitmap Index Scan",
                        "Parent Relationship": "Outer",
                        "Parallel Aware": false,
                        "Index Name": "keyword_id_movie_keyword",
                        "Startup Cost": 0.0,
                        "Total Cost": 5069.47,
                        "Plan Rows": 241739,
                        "Plan Width": 0,
                        "Actual Startup Time": 21.07,
                        "Actual Total Time": 21.071,
                        "Actual Rows": 245191,
                        "Actual Loops": 1,
                        "Index Cond": "(keyword_id < 212)"
                      }
                    ]
                  },
                  {
                    "Node Type": "Hash",
                    "Parent Relationship": "Inner",
                    "Parallel Aware": true,
                    "Startup Cost": 50870.31,
                    "Total Cost": 50870.31,
                    "Plan Rows": 1487231,
                    "Plan Width": 4,
                    "Actual Startup Time": 640.057,
                    "Actual Total Time": 640.058,
                    "Actual Rows": 1264156,
                    "Actual Loops": 2,
                    "Hash Buckets": 4194304,
                    "Original Hash Buckets": 4194304,
                    "Hash Batches": 1,
                    "Original Hash Batches": 1,
                    "Peak Memory Usage": 131712,
                    "Plans": [
                      {
                        "Node Type": "Seq Scan",
                        "Parent Relationship": "Outer",
                        "Parallel Aware": true,
                        "Relation Name": "title",
                        "Alias": "t",
                        "Startup Cost": 0.0,
                        "Total Cost": 50870.31,
                        "Plan Rows": 1487231,
                        "Plan Width": 4,
                        "Actual Startup Time": 0.031,
                        "Actual Total Time": 186.4,
                        "Actual Rows": 1264156,
                        "Actual Loops": 2
                      }
                    ]
                  }
                ]
              }
            ]
          }
        ]
      }
    ]
  },
  "Planning Time": 0.389,
  "Triggers": [],
  "Execution Time": 860.48
}