{
    "Plan": {
        "Node Type": "Aggregate",
        "Strategy": "Plain",
        "Partial Mode": "Finalize",
        "Parallel Aware": false,
        "Startup Cost": 91387.7,
        "Total Cost": 91387.71,
        "Plan Rows": 1,
        "Plan Width": 8,
        "Actual Startup Time": 265.417,
        "Actual Total Time": 289.016,
        "Actual Rows": 1,
        "Actual Loops": 1,
        "Output": [
            "count(*)"
        ],
        "Plans": [
            {
                "Node Type": "Gather",
                "Parent Relationship": "Outer",
                "Parallel Aware": false,
                "Startup Cost": 91387.39,
                "Total Cost": 91387.7,
                "Plan Rows": 3,
                "Plan Width": 8,
                "Actual Startup Time": 265.001,
                "Actual Total Time": 289.006,
                "Actual Rows": 4,
                "Actual Loops": 1,
                "Output": [
                    "(PARTIAL count(*))"
                ],
                "Workers Planned": 3,
                "Workers Launched": 3,
                "Single Copy": false,
                "Plans": [
                    {
                        "Node Type": "Aggregate",
                        "Strategy": "Plain",
                        "Partial Mode": "Partial",
                        "Parent Relationship": "Outer",
                        "Parallel Aware": false,
                        "Startup Cost": 90387.39,
                        "Total Cost": 90387.4,
                        "Plan Rows": 1,
                        "Plan Width": 8,
                        "Actual Startup Time": 255.956,
                        "Actual Total Time": 255.959,
                        "Actual Rows": 1,
                        "Actual Loops": 4,
                        "Output": [
                            "PARTIAL count(*)"
                        ],
                        "Workers": [
                            {
                                "Worker Number": 0,
                                "Actual Startup Time": 253.057,
                                "Actual Total Time": 253.059,
                                "Actual Rows": 1,
                                "Actual Loops": 1
                            },
                            {
                                "Worker Number": 1,
                                "Actual Startup Time": 252.975,
                                "Actual Total Time": 252.978,
                                "Actual Rows": 1,
                                "Actual Loops": 1
                            },
                            {
                                "Worker Number": 2,
                                "Actual Startup Time": 253.523,
                                "Actual Total Time": 253.525,
                                "Actual Rows": 1,
                                "Actual Loops": 1
                            }
                        ],
                        "Plans": [
                            {
                                "Node Type": "Hash Join",
                                "Parent Relationship": "Outer",
                                "Parallel Aware": true,
                                "Join Type": "Inner",
                                "Startup Cost": 45672.06,
                                "Total Cost": 90341.5,
                                "Plan Rows": 18353,
                                "Plan Width": 0,
                                "Actual Startup Time": 129.291,
                                "Actual Total Time": 255.371,
                                "Actual Rows": 11533,
                                "Actual Loops": 4,
                                "Inner Unique": true,
                                "Hash Cond": "(mk.movie_id = t.id)",
                                "Workers": [
                                    {
                                        "Worker Number": 0,
                                        "Actual Startup Time": 126.295,
                                        "Actual Total Time": 252.474,
                                        "Actual Rows": 10767,
                                        "Actual Loops": 1
                                    },
                                    {
                                        "Worker Number": 1,
                                        "Actual Startup Time": 126.321,
                                        "Actual Total Time": 252.411,
                                        "Actual Rows": 10424,
                                        "Actual Loops": 1
                                    },
                                    {
                                        "Worker Number": 2,
                                        "Actual Startup Time": 127.009,
                                        "Actual Total Time": 252.939,
                                        "Actual Rows": 11068,
                                        "Actual Loops": 1
                                    }
                                ],
                                "Plans": [
                                    {
                                        "Node Type": "Seq Scan",
                                        "Parent Relationship": "Outer",
                                        "Parallel Aware": true,
                                        "Relation Name": "movie_keyword",
                                        "Schema": "public",
                                        "Alias": "mk",
                                        "Startup Cost": 0.0,
                                        "Total Cost": 42695.65,
                                        "Plan Rows": 751921,
                                        "Plan Width": 4,
                                        "Actual Startup Time": 0.204,
                                        "Actual Total Time": 113.284,
                                        "Actual Rows": 583227,
                                        "Actual Loops": 4,
                                        "Output": [
                                            "mk.id",
                                            "mk.movie_id",
                                            "mk.keyword_id"
                                        ],
                                        "Filter": "(mk.keyword_id > 4333)",
                                        "Rows Removed by Filter": 547755,
                                        "Workers": [
                                            {
                                                "Worker Number": 0,
                                                "Actual Startup Time": 0.238,
                                                "Actual Total Time": 115.531,
                                                "Actual Rows": 555777,
                                                "Actual Loops": 1
                                            },
                                            {
                                                "Worker Number": 1,
                                                "Actual Startup Time": 0.19,
                                                "Actual Total Time": 114.565,
                                                "Actual Rows": 510740,
                                                "Actual Loops": 1
                                            },
                                            {
                                                "Worker Number": 2,
                                                "Actual Startup Time": 0.135,
                                                "Actual Total Time": 115.322,
                                                "Actual Rows": 557228,
                                                "Actual Loops": 1
                                            }
                                        ]
                                    },
                                    {
                                        "Node Type": "Hash",
                                        "Parent Relationship": "Inner",
                                        "Parallel Aware": true,
                                        "Startup Cost": 45479.21,
                                        "Total Cost": 45479.21,
                                        "Plan Rows": 15428,
                                        "Plan Width": 4,
                                        "Actual Startup Time": 97.325,
                                        "Actual Total Time": 97.325,
                                        "Actual Rows": 15395,
                                        "Actual Loops": 4,
                                        "Output": [
                                            "t.id"
                                        ],
                                        "Hash Buckets": 65536,
                                        "Original Hash Buckets": 65536,
                                        "Hash Batches": 1,
                                        "Original Hash Batches": 1,
                                        "Peak Memory Usage": 3008,
                                        "Workers": [
                                            {
                                                "Worker Number": 0,
                                                "Actual Startup Time": 95.347,
                                                "Actual Total Time": 95.348,
                                                "Actual Rows": 14875,
                                                "Actual Loops": 1
                                            },
                                            {
                                                "Worker Number": 1,
                                                "Actual Startup Time": 95.185,
                                                "Actual Total Time": 95.186,
                                                "Actual Rows": 13010,
                                                "Actual Loops": 1
                                            },
                                            {
                                                "Worker Number": 2,
                                                "Actual Startup Time": 95.805,
                                                "Actual Total Time": 95.806,
                                                "Actual Rows": 14764,
                                                "Actual Loops": 1
                                            }
                                        ],
                                        "Plans": [
                                            {
                                                "Node Type": "Seq Scan",
                                                "Parent Relationship": "Outer",
                                                "Parallel Aware": true,
                                                "Relation Name": "title",
                                                "Schema": "public",
                                                "Alias": "t",
                                                "Startup Cost": 0.0,
                                                "Total Cost": 45479.21,
                                                "Plan Rows": 15428,
                                                "Plan Width": 4,
                                                "Actual Startup Time": 46.54,
                                                "Actual Total Time": 92.331,
                                                "Actual Rows": 15395,
                                                "Actual Loops": 4,
                                                "Output": [
                                                    "t.id"
                                                ],
                                                "Filter": "((t.production_year > 2011) AND (t.kind_id = 1))",
                                                "Rows Removed by Filter": 616683,
                                                "Workers": [
                                                    {
                                                        "Worker Number": 0,
                                                        "Actual Startup Time": 5.923,
                                                        "Actual Total Time": 90.584,
                                                        "Actual Rows": 14875,
                                                        "Actual Loops": 1
                                                    },
                                                    {
                                                        "Worker Number": 1,
                                                        "Actual Startup Time": 57.318,
                                                        "Actual Total Time": 90.464,
                                                        "Actual Rows": 13010,
                                                        "Actual Loops": 1
                                                    },
                                                    {
                                                        "Worker Number": 2,
                                                        "Actual Startup Time": 57.984,
                                                        "Actual Total Time": 91.203,
                                                        "Actual Rows": 14764,
                                                        "Actual Loops": 1
                                                    }
                                                ]
                                            }
                                        ]
                                    }
                                ]
                            }
                        ]
                    }
                ]
            }
        ]
    },
    "Planning Time": 0.71,
    "Triggers": [],
    "Execution Time": 289.089
}