[
  {
    "Plan": {
      "Node Type": "Aggregate",
      "Strategy": "Plain",
      "Partial Mode": "Finalize",
      "Parallel Aware": false,
      "Startup Cost": 46514.72,
      "Total Cost": 46514.73,
      "Plan Rows": 1,
      "Plan Width": 8,
      "Actual Startup Time": 87.885,
      "Actual Total Time": 99.375,
      "Actual Rows": 1,
      "Actual Loops": 1,
      "Plans": [
        {
          "Node Type": "Gather",
          "Parent Relationship": "Outer",
          "Parallel Aware": false,
          "Startup Cost": 46514.3,
          "Total Cost": 46514.71,
          "Plan Rows": 4,
          "Plan Width": 8,
          "Actual Startup Time": 87.754,
          "Actual Total Time": 99.365,
          "Actual Rows": 5,
          "Actual Loops": 1,
          "Workers Planned": 4,
          "Workers Launched": 4,
          "Single Copy": false,
          "Plans": [
            {
              "Node Type": "Aggregate",
              "Strategy": "Plain",
              "Partial Mode": "Partial",
              "Parent Relationship": "Outer",
              "Parallel Aware": false,
              "Startup Cost": 45514.3,
              "Total Cost": 45514.31,
              "Plan Rows": 1,
              "Plan Width": 8,
              "Actual Startup Time": 82.407,
              "Actual Total Time": 82.409,
              "Actual Rows": 1,
              "Actual Loops": 5,
              "Plans": [
                {
                  "Node Type": "Seq Scan",
                  "Parent Relationship": "Outer",
                  "Parallel Aware": true,
                  "Relation Name": "title",
                  "Alias": "t",
                  "Startup Cost": 0.0,
                  "Total Cost": 45479.59,
                  "Plan Rows": 13885,
                  "Plan Width": 0,
                  "Actual Startup Time": 0.106,
                  "Actual Total Time": 81.732,
                  "Actual Rows": 9815,
                  "Actual Loops": 5,
                  "Filter": "((kind_id < 7) AND (production_year = 2010))",
                  "Rows Removed by Filter": 495847
                }
              ]
            }
          ]
        }
      ]
    },
    "Planning Time": 0.107,
    "Triggers": [],
    "Execution Time": 99.41
  }
]