[
    {
        "Bao": {
            "Bao prediction": "NaN",
            "Bao recommended hint": "(no hint)"
        }
    },
    {
        "Plan": {
            "Node Type": "Aggregate",
            "Strategy": "Plain",
            "Partial Mode": "Finalize",
            "Parallel Aware": false,
            "Startup Cost": 33055.99,
            "Total Cost": 33056.0,
            "Plan Rows": 1,
            "Plan Width": 8,
            "Actual Startup Time": 85.642,
            "Actual Total Time": 90.195,
            "Actual Rows": 1,
            "Actual Loops": 1,
            "Output": [
                "count(*)"
            ],
            "Plans": [
                {
                    "Node Type": "Gather",
                    "Parent Relationship": "Outer",
                    "Parallel Aware": false,
                    "Startup Cost": 33055.67,
                    "Total Cost": 33055.98,
                    "Plan Rows": 3,
                    "Plan Width": 8,
                    "Actual Startup Time": 85.519,
                    "Actual Total Time": 90.188,
                    "Actual Rows": 4,
                    "Actual Loops": 1,
                    "Output": [
                        "(PARTIAL count(*))"
                    ],
                    "Workers Planned": 3,
                    "Workers Launched": 3,
                    "Single Copy": false,
                    "Plans": [
                        {
                            "Node Type": "Aggregate",
                            "Strategy": "Plain",
                            "Partial Mode": "Partial",
                            "Parent Relationship": "Outer",
                            "Parallel Aware": false,
                            "Startup Cost": 32055.67,
                            "Total Cost": 32055.68,
                            "Plan Rows": 1,
                            "Plan Width": 8,
                            "Actual Startup Time": 77.408,
                            "Actual Total Time": 77.409,
                            "Actual Rows": 1,
                            "Actual Loops": 4,
                            "Output": [
                                "PARTIAL count(*)"
                            ],
                            "Workers": [
                                {
                                    "Worker Number": 0,
                                    "Actual Startup Time": 74.526,
                                    "Actual Total Time": 74.527,
                                    "Actual Rows": 1,
                                    "Actual Loops": 1
                                },
                                {
                                    "Worker Number": 1,
                                    "Actual Startup Time": 74.891,
                                    "Actual Total Time": 74.892,
                                    "Actual Rows": 1,
                                    "Actual Loops": 1
                                },
                                {
                                    "Worker Number": 2,
                                    "Actual Startup Time": 74.942,
                                    "Actual Total Time": 74.943,
                                    "Actual Rows": 1,
                                    "Actual Loops": 1
                                }
                            ],
                            "Plans": [
                                {
                                    "Node Type": "Seq Scan",
                                    "Parent Relationship": "Outer",
                                    "Parallel Aware": true,
                                    "Relation Name": "movie_companies",
                                    "Schema": "public",
                                    "Alias": "mc",
                                    "Startup Cost": 0.0,
                                    "Total Cost": 31414.82,
                                    "Plan Rows": 256341,
                                    "Plan Width": 0,
                                    "Actual Startup Time": 41.318,
                                    "Actual Total Time": 72.175,
                                    "Actual Rows": 124528,
                                    "Actual Loops": 4,
                                    "Output": [
                                        "id",
                                        "movie_id",
                                        "company_id",
                                        "company_type_id",
                                        "note"
                                    ],
                                    "Filter": "((mc.company_id < 14853) AND (mc.company_type_id > 1))",
                                    "Rows Removed by Filter": 527754,
                                    "Workers": [
                                        {
                                            "Worker Number": 0,
                                            "Actual Startup Time": 38.435,
                                            "Actual Total Time": 69.532,
                                            "Actual Rows": 116151,
                                            "Actual Loops": 1
                                        },
                                        {
                                            "Worker Number": 1,
                                            "Actual Startup Time": 38.803,
                                            "Actual Total Time": 69.837,
                                            "Actual Rows": 116957,
                                            "Actual Loops": 1
                                        },
                                        {
                                            "Worker Number": 2,
                                            "Actual Startup Time": 38.857,
                                            "Actual Total Time": 69.925,
                                            "Actual Rows": 117894,
                                            "Actual Loops": 1
                                        }
                                    ]
                                }
                            ]
                        }
                    ]
                }
            ]
        },
        "Planning Time": 199.341,
        "Triggers": [],
        "Execution Time": 90.237
    }
]