[
    {
        "Bao": {
            "Bao prediction": "NaN",
            "Bao recommended hint": "(no hint)"
        }
    },
    {
        "Plan": {
            "Node Type": "Aggregate",
            "Strategy": "Plain",
            "Partial Mode": "Finalize",
            "Parallel Aware": false,
            "Startup Cost": 343388.53,
            "Total Cost": 343388.54,
            "Plan Rows": 1,
            "Plan Width": 8,
            "Actual Startup Time": 328.869,
            "Actual Total Time": 337.007,
            "Actual Rows": 1,
            "Actual Loops": 1,
            "Output": [
                "count(*)"
            ],
            "Plans": [
                {
                    "Node Type": "Gather",
                    "Parent Relationship": "Outer",
                    "Parallel Aware": false,
                    "Startup Cost": 343387.9,
                    "Total Cost": 343388.51,
                    "Plan Rows": 6,
                    "Plan Width": 8,
                    "Actual Startup Time": 327.297,
                    "Actual Total Time": 336.998,
                    "Actual Rows": 7,
                    "Actual Loops": 1,
                    "Output": [
                        "(PARTIAL count(*))"
                    ],
                    "Workers Planned": 6,
                    "Workers Launched": 6,
                    "Single Copy": false,
                    "Plans": [
                        {
                            "Node Type": "Aggregate",
                            "Strategy": "Plain",
                            "Partial Mode": "Partial",
                            "Parent Relationship": "Outer",
                            "Parallel Aware": false,
                            "Startup Cost": 342387.9,
                            "Total Cost": 342387.91,
                            "Plan Rows": 1,
                            "Plan Width": 8,
                            "Actual Startup Time": 316.924,
                            "Actual Total Time": 316.925,
                            "Actual Rows": 1,
                            "Actual Loops": 7,
                            "Output": [
                                "PARTIAL count(*)"
                            ],
                            "Workers": [
                                {
                                    "Worker Number": 0,
                                    "Actual Startup Time": 314.697,
                                    "Actual Total Time": 314.698,
                                    "Actual Rows": 1,
                                    "Actual Loops": 1
                                },
                                {
                                    "Worker Number": 1,
                                    "Actual Startup Time": 314.732,
                                    "Actual Total Time": 314.734,
                                    "Actual Rows": 1,
                                    "Actual Loops": 1
                                },
                                {
                                    "Worker Number": 2,
                                    "Actual Startup Time": 315.077,
                                    "Actual Total Time": 315.079,
                                    "Actual Rows": 1,
                                    "Actual Loops": 1
                                },
                                {
                                    "Worker Number": 3,
                                    "Actual Startup Time": 315.135,
                                    "Actual Total Time": 315.136,
                                    "Actual Rows": 1,
                                    "Actual Loops": 1
                                },
                                {
                                    "Worker Number": 4,
                                    "Actual Startup Time": 315.75,
                                    "Actual Total Time": 315.751,
                                    "Actual Rows": 1,
                                    "Actual Loops": 1
                                },
                                {
                                    "Worker Number": 5,
                                    "Actual Startup Time": 316.157,
                                    "Actual Total Time": 316.159,
                                    "Actual Rows": 1,
                                    "Actual Loops": 1
                                }
                            ],
                            "Plans": [
                                {
                                    "Node Type": "Bitmap Heap Scan",
                                    "Parent Relationship": "Outer",
                                    "Parallel Aware": true,
                                    "Relation Name": "cast_info",
                                    "Schema": "public",
                                    "Alias": "ci",
                                    "Startup Cost": 79922.52,
                                    "Total Cost": 341717.41,
                                    "Plan Rows": 268197,
                                    "Plan Width": 0,
                                    "Actual Startup Time": 138.455,
                                    "Actual Total Time": 289.218,
                                    "Actual Rows": 524855,
                                    "Actual Loops": 7,
                                    "Recheck Cond": "(ci.person_id > 3394106)",
                                    "Rows Removed by Index Recheck": 0,
                                    "Filter": "(ci.role_id > 2)",
                                    "Rows Removed by Filter": 0,
                                    "Exact Heap Blocks": 11237,
                                    "Lossy Heap Blocks": 0,
                                    "Workers": [
                                        {
                                            "Worker Number": 0,
                                            "Actual Startup Time": 136.142,
                                            "Actual Total Time": 287.519,
                                            "Actual Rows": 517639,
                                            "Actual Loops": 1
                                        },
                                        {
                                            "Worker Number": 1,
                                            "Actual Startup Time": 136.144,
                                            "Actual Total Time": 286.704,
                                            "Actual Rows": 372741,
                                            "Actual Loops": 1
                                        },
                                        {
                                            "Worker Number": 2,
                                            "Actual Startup Time": 136.804,
                                            "Actual Total Time": 288.176,
                                            "Actual Rows": 516336,
                                            "Actual Loops": 1
                                        },
                                        {
                                            "Worker Number": 3,
                                            "Actual Startup Time": 136.69,
                                            "Actual Total Time": 291.264,
                                            "Actual Rows": 494633,
                                            "Actual Loops": 1
                                        },
                                        {
                                            "Worker Number": 4,
                                            "Actual Startup Time": 137.895,
                                            "Actual Total Time": 288.797,
                                            "Actual Rows": 514034,
                                            "Actual Loops": 1
                                        },
                                        {
                                            "Worker Number": 5,
                                            "Actual Startup Time": 137.571,
                                            "Actual Total Time": 289.143,
                                            "Actual Rows": 518034,
                                            "Actual Loops": 1
                                        }
                                    ],
                                    "Plans": [
                                        {
                                            "Node Type": "Bitmap Index Scan",
                                            "Parent Relationship": "Outer",
                                            "Parallel Aware": false,
                                            "Index Name": "person_id_cast_info",
                                            "Startup Cost": 0.0,
                                            "Total Cost": 79520.23,
                                            "Plan Rows": 3643155,
                                            "Plan Width": 0,
                                            "Actual Startup Time": 138.921,
                                            "Actual Total Time": 138.922,
                                            "Actual Rows": 3673982,
                                            "Actual Loops": 1,
                                            "Index Cond": "(ci.person_id > 3394106)"
                                        }
                                    ]
                                }
                            ]
                        }
                    ]
                }
            ]
        },
        "Planning Time": 176.919,
        "Triggers": [],
        "Execution Time": 337.075
    }
]