[
  {
    "Plan": {
      "Node Type": "Aggregate",
      "Strategy": "Plain",
      "Partial Mode": "Finalize",
      "Parallel Aware": false,
      "Startup Cost": 428459.81,
      "Total Cost": 428459.82,
      "Plan Rows": 1,
      "Plan Width": 8,
      "Actual Startup Time": 2192.907,
      "Actual Total Time": 2263.831,
      "Actual Rows": 1,
      "Actual Loops": 1,
      "Plans": [
        {
          "Node Type": "Gather",
          "Parent Relationship": "Outer",
          "Parallel Aware": false,
          "Startup Cost": 428459.19,
          "Total Cost": 428459.8,
          "Plan Rows": 6,
          "Plan Width": 8,
          "Actual Startup Time": 2184.897,
          "Actual Total Time": 2263.818,
          "Actual Rows": 7,
          "Actual Loops": 1,
          "Workers Planned": 6,
          "Workers Launched": 6,
          "Single Copy": false,
          "Plans": [
            {
              "Node Type": "Aggregate",
              "Strategy": "Plain",
              "Partial Mode": "Partial",
              "Parent Relationship": "Outer",
              "Parallel Aware": false,
              "Startup Cost": 427459.19,
              "Total Cost": 427459.2,
              "Plan Rows": 1,
              "Plan Width": 8,
              "Actual Startup Time": 2173.314,
              "Actual Total Time": 2173.387,
              "Actual Rows": 1,
              "Actual Loops": 7,
              "Plans": [
                {
                  "Node Type": "Hash Join",
                  "Parent Relationship": "Outer",
                  "Parallel Aware": true,
                  "Join Type": "Inner",
                  "Startup Cost": 83867.37,
                  "Total Cost": 423518.05,
                  "Plan Rows": 1576457,
                  "Plan Width": 0,
                  "Actual Startup Time": 305.087,
                  "Actual Total Time": 2023.82,
                  "Actual Rows": 3025898,
                  "Actual Loops": 7,
                  "Inner Unique": false,
                  "Hash Cond": "(ci.movie_id = t.id)",
                  "Plans": [
                    {
                      "Node Type": "Seq Scan",
                      "Parent Relationship": "Outer",
                      "Parallel Aware": true,
                      "Relation Name": "cast_info",
                      "Alias": "ci",
                      "Startup Cost": 0.0,
                      "Total Cost": 313067.02,
                      "Plan Rows": 6038002,
                      "Plan Width": 4,
                      "Actual Startup Time": 0.047,
                      "Actual Total Time": 588.422,
                      "Actual Rows": 5177763,
                      "Actual Loops": 7
                    },
                    {
                      "Node Type": "Hash",
                      "Parent Relationship": "Inner",
                      "Parallel Aware": true,
                      "Startup Cost": 81804.52,
                      "Total Cost": 81804.52,
                      "Plan Rows": 165028,
                      "Plan Width": 8,
                      "Actual Startup Time": 301.526,
                      "Actual Total Time": 301.598,
                      "Actual Rows": 61421,
                      "Actual Loops": 7,
                      "Hash Buckets": 1048576,
                      "Original Hash Buckets": 1048576,
                      "Hash Batches": 1,
                      "Original Hash Batches": 1,
                      "Peak Memory Usage": 25152,
                      "Plans": [
                        {
                          "Node Type": "Hash Join",
                          "Parent Relationship": "Outer",
                          "Parallel Aware": true,
                          "Join Type": "Inner",
                          "Startup Cost": 35074.99,
                          "Total Cost": 81804.52,
                          "Plan Rows": 165028,
                          "Plan Width": 8,
                          "Actual Startup Time": 121.053,
                          "Actual Total Time": 271.254,
                          "Actual Rows": 61421,
                          "Actual Loops": 7,
                          "Inner Unique": false,
                          "Hash Cond": "(t.id = mc.movie_id)",
                          "Plans": [
                            {
                              "Node Type": "Seq Scan",
                              "Parent Relationship": "Outer",
                              "Parallel Aware": true,
                              "Relation Name": "title",
                              "Alias": "t",
                              "Startup Cost": 0.0,
                              "Total Cost": 43898.92,
                              "Plan Rows": 459652,
                              "Plan Width": 4,
                              "Actual Startup Time": 0.018,
                              "Actual Total Time": 72.752,
                              "Actual Rows": 261910,
                              "Actual Loops": 7,
                              "Filter": "(production_year > 1986)",
                              "Rows Removed by Filter": 99278
                            },
                            {
                              "Node Type": "Hash",
                              "Parent Relationship": "Inner",
                              "Parallel Aware": true,
                              "Startup Cost": 31414.82,
                              "Total Cost": 31414.82,
                              "Plan Rows": 292814,
                              "Plan Width": 4,
                              "Actual Startup Time": 119.266,
                              "Actual Total Time": 119.267,
                              "Actual Rows": 105834,
                              "Actual Loops": 7,
                              "Hash Buckets": 1048576,
                              "Original Hash Buckets": 1048576,
                              "Hash Batches": 1,
                              "Original Hash Batches": 1,
                              "Peak Memory Usage": 37312,
                              "Plans": [
                                {
                                  "Node Type": "Seq Scan",
                                  "Parent Relationship": "Outer",
                                  "Parallel Aware": true,
                                  "Relation Name": "movie_companies",
                                  "Alias": "mc",
                                  "Startup Cost": 0.0,
                                  "Total Cost": 31414.82,
                                  "Plan Rows": 292814,
                                  "Plan Width": 4,
                                  "Actual Startup Time": 0.849,
                                  "Actual Total Time": 64.411,
                                  "Actual Rows": 105834,
                                  "Actual Loops": 7,
                                  "Filter": "((company_id > 1523) AND (company_type_id = 1))",
                                  "Rows Removed by Filter": 266899
                                }
                              ]
                            }
                          ]
                        }
                      ]
                    }
                  ]
                }
              ]
            }
          ]
        }
      ]
    },
    "Planning Time": 1.489,
    "Triggers": [],
    "Execution Time": 2263.945
  }
]