{
  "Plan": {
    "Node Type": "Aggregate",
    "Strategy": "Plain",
    "Partial Mode": "Finalize",
    "Parallel Aware": false,
    "Startup Cost": 686482.85,
    "Total Cost": 686482.86,
    "Plan Rows": 1,
    "Plan Width": 8,
    "Actual Startup Time": 2975.91,
    "Actual Total Time": 3026.596,
    "Actual Rows": 1,
    "Actual Loops": 1,
    "Plans": [
      {
        "Node Type": "Gather",
        "Parent Relationship": "Outer",
        "Parallel Aware": false,
        "Startup Cost": 686482.74,
        "Total Cost": 686482.85,
        "Plan Rows": 1,
        "Plan Width": 8,
        "Actual Startup Time": 2974.798,
        "Actual Total Time": 3026.588,
        "Actual Rows": 2,
        "Actual Loops": 1,
        "Workers Planned": 1,
        "Workers Launched": 1,
        "Single Copy": false,
        "Plans": [
          {
            "Node Type": "Aggregate",
            "Strategy": "Plain",
            "Partial Mode": "Partial",
            "Parent Relationship": "Outer",
            "Parallel Aware": false,
            "Startup Cost": 685482.74,
            "Total Cost": 685482.75,
            "Plan Rows": 1,
            "Plan Width": 8,
            "Actual Startup Time": 2970.691,
            "Actual Total Time": 2970.698,
            "Actual Rows": 1,
            "Actual Loops": 2,
            "Plans": [
              {
                "Node Type": "Hash Join",
                "Parent Relationship": "Outer",
                "Parallel Aware": true,
                "Join Type": "Inner",
                "Startup Cost": 605750.08,
                "Total Cost": 684757.93,
                "Plan Rows": 289924,
                "Plan Width": 0,
                "Actual Startup Time": 2600.289,
                "Actual Total Time": 2932.979,
                "Actual Rows": 990950,
                "Actual Loops": 2,
                "Inner Unique": false,
                "Hash Cond": "(mk.movie_id = t.id)",
                "Plans": [
                  {
                    "Node Type": "Seq Scan",
                    "Parent Relationship": "Outer",
                    "Parallel Aware": true,
                    "Relation Name": "movie_keyword",
                    "Alias": "mk",
                    "Startup Cost": 0.0,
                    "Total Cost": 57718.19,
                    "Plan Rows": 2238196,
                    "Plan Width": 4,
                    "Actual Startup Time": 0.008,
                    "Actual Total Time": 189.753,
                    "Actual Rows": 1906102,
                    "Actual Loops": 2,
                    "Filter": "(keyword_id < 26555)",
                    "Rows Removed by Filter": 355864
                  },
                  {
                    "Node Type": "Hash",
                    "Parent Relationship": "Inner",
                    "Parallel Aware": true,
                    "Startup Cost": 603341.98,
                    "Total Cost": 603341.98,
                    "Plan Rows": 192648,
                    "Plan Width": 8,
                    "Actual Startup Time": 2530.259,
                    "Actual Total Time": 2530.263,
                    "Actual Rows": 163110,
                    "Actual Loops": 2,
                    "Hash Buckets": 524288,
                    "Original Hash Buckets": 524288,
                    "Hash Batches": 1,
                    "Original Hash Batches": 1,
                    "Peak Memory Usage": 16864,
                    "Plans": [
                      {
                        "Node Type": "Hash Join",
                        "Parent Relationship": "Outer",
                        "Parallel Aware": true,
                        "Join Type": "Inner",
                        "Startup Cost": 53994.15,
                        "Total Cost": 603341.98,
                        "Plan Rows": 192648,
                        "Plan Width": 8,
                        "Actual Startup Time": 97.107,
                        "Actual Total Time": 2476.876,
                        "Actual Rows": 163110,
                        "Actual Loops": 2,
                        "Inner Unique": true,
                        "Hash Cond": "(ci.movie_id = t.id)",
                        "Plans": [
                          {
                            "Node Type": "Seq Scan",
                            "Parent Relationship": "Outer",
                            "Parallel Aware": true,
                            "Relation Name": "cast_info",
                            "Alias": "ci",
                            "Startup Cost": 0.0,
                            "Total Cost": 519069.44,
                            "Plan Rows": 11534603,
                            "Plan Width": 4,
                            "Actual Startup Time": 0.018,
                            "Actual Total Time": 1410.708,
                            "Actual Rows": 9838256,
                            "Actual Loops": 2,
                            "Filter": "(person_id < 1971993)",
                            "Rows Removed by Filter": 8283916
                          },
                          {
                            "Node Type": "Hash",
                            "Parent Relationship": "Inner",
                            "Parallel Aware": true,
                            "Startup Cost": 53683.67,
                            "Total Cost": 53683.67,
                            "Plan Rows": 24839,
                            "Plan Width": 4,
                            "Actual Startup Time": 96.737,
                            "Actual Total Time": 96.738,
                            "Actual Rows": 19780,
                            "Actual Loops": 2,
                            "Hash Buckets": 65536,
                            "Original Hash Buckets": 65536,
                            "Hash Batches": 1,
                            "Original Hash Batches": 1,
                            "Peak Memory Usage": 2080,
                            "Plans": [
                              {
                                "Node Type": "Bitmap Heap Scan",
                                "Parent Relationship": "Outer",
                                "Parallel Aware": true,
                                "Relation Name": "title",
                                "Alias": "t",
                                "Startup Cost": 11833.41,
                                "Total Cost": 53683.67,
                                "Plan Rows": 24839,
                                "Plan Width": 4,
                                "Actual Startup Time": 36.731,
                                "Actual Total Time": 91.922,
                                "Actual Rows": 19780,
                                "Actual Loops": 2,
                                "Recheck Cond": "(kind_id = 1)",
                                "Rows Removed by Index Recheck": 0,
                                "Filter": "(production_year = 2012)",
                                "Rows Removed by Filter": 311632,
                                "Exact Heap Blocks": 9315,
                                "Lossy Heap Blocks": 0,
                                "Plans": [
                                  {
                                    "Node Type": "Bitmap Index Scan",
                                    "Parent Relationship": "Outer",
                                    "Parallel Aware": false,
                                    "Index Name": "kind_id_title",
                                    "Startup Cost": 0.0,
                                    "Total Cost": 11822.85,
                                    "Plan Rows": 663256,
                                    "Plan Width": 0,
                                    "Actual Startup Time": 34.643,
                                    "Actual Total Time": 34.643,
                                    "Actual Rows": 662825,
                                    "Actual Loops": 1,
                                    "Index Cond": "(kind_id = 1)"
                                  }
                                ]
                              }
                            ]
                          }
                        ]
                      }
                    ]
                  }
                ]
              }
            ]
          }
        ]
      }
    ]
  },
  "Planning Time": 1.051,
  "Triggers": [],
  "Execution Time": 3026.712
}