{
  "Plan": {
    "Node Type": "Aggregate",
    "Strategy": "Plain",
    "Partial Mode": "Finalize",
    "Parallel Aware": false,
    "Startup Cost": 72970.18,
    "Total Cost": 72970.19,
    "Plan Rows": 1,
    "Plan Width": 8,
    "Actual Startup Time": 194.013,
    "Actual Total Time": 201.424,
    "Actual Rows": 1,
    "Actual Loops": 1,
    "Plans": [
      {
        "Node Type": "Gather",
        "Parent Relationship": "Outer",
        "Parallel Aware": false,
        "Startup Cost": 72970.07,
        "Total Cost": 72970.18,
        "Plan Rows": 1,
        "Plan Width": 8,
        "Actual Startup Time": 193.77,
        "Actual Total Time": 201.418,
        "Actual Rows": 2,
        "Actual Loops": 1,
        "Workers Planned": 1,
        "Workers Launched": 1,
        "Single Copy": false,
        "Plans": [
          {
            "Node Type": "Aggregate",
            "Strategy": "Plain",
            "Partial Mode": "Partial",
            "Parent Relationship": "Outer",
            "Parallel Aware": false,
            "Startup Cost": 71970.07,
            "Total Cost": 71970.08,
            "Plan Rows": 1,
            "Plan Width": 8,
            "Actual Startup Time": 190.121,
            "Actual Total Time": 190.125,
            "Actual Rows": 1,
            "Actual Loops": 2,
            "Plans": [
              {
                "Node Type": "Hash Join",
                "Parent Relationship": "Outer",
                "Parallel Aware": true,
                "Join Type": "Inner",
                "Startup Cost": 53775.47,
                "Total Cost": 71959.26,
                "Plan Rows": 4323,
                "Plan Width": 0,
                "Actual Startup Time": 132.448,
                "Actual Total Time": 189.831,
                "Actual Rows": 6302,
                "Actual Loops": 2,
                "Inner Unique": true,
                "Hash Cond": "(mi_idx.movie_id = t.id)",
                "Plans": [
                  {
                    "Node Type": "Seq Scan",
                    "Parent Relationship": "Outer",
                    "Parallel Aware": true,
                    "Relation Name": "movie_info_idx",
                    "Alias": "mi_idx",
                    "Startup Cost": 0.0,
                    "Total Cost": 16052.85,
                    "Plan Rows": 811785,
                    "Plan Width": 4,
                    "Actual Startup Time": 0.02,
                    "Actual Total Time": 47.648,
                    "Actual Rows": 690018,
                    "Actual Loops": 2
                  },
                  {
                    "Node Type": "Hash",
                    "Parent Relationship": "Inner",
                    "Parallel Aware": true,
                    "Startup Cost": 53676.47,
                    "Total Cost": 53676.47,
                    "Plan Rows": 7920,
                    "Plan Width": 4,
                    "Actual Startup Time": 94.642,
                    "Actual Total Time": 94.643,
                    "Actual Rows": 4050,
                    "Actual Loops": 2,
                    "Hash Buckets": 16384,
                    "Original Hash Buckets": 16384,
                    "Hash Batches": 1,
                    "Original Hash Batches": 1,
                    "Peak Memory Usage": 480,
                    "Plans": [
                      {
                        "Node Type": "Bitmap Heap Scan",
                        "Parent Relationship": "Outer",
                        "Parallel Aware": true,
                        "Relation Name": "title",
                        "Alias": "t",
                        "Startup Cost": 11826.22,
                        "Total Cost": 53676.47,
                        "Plan Rows": 7920,
                        "Plan Width": 4,
                        "Actual Startup Time": 37.369,
                        "Actual Total Time": 93.355,
                        "Actual Rows": 4050,
                        "Actual Loops": 2,
                        "Recheck Cond": "(kind_id = 1)",
                        "Rows Removed by Index Recheck": 0,
                        "Filter": "(production_year = 2000)",
                        "Rows Removed by Filter": 327362,
                        "Exact Heap Blocks": 9653,
                        "Lossy Heap Blocks": 0,
                        "Plans": [
                          {
                            "Node Type": "Bitmap Index Scan",
                            "Parent Relationship": "Outer",
                            "Parallel Aware": false,
                            "Index Name": "kind_id_title",
                            "Startup Cost": 0.0,
                            "Total Cost": 11822.85,
                            "Plan Rows": 663256,
                            "Plan Width": 0,
                            "Actual Startup Time": 37.2,
                            "Actual Total Time": 37.2,
                            "Actual Rows": 662825,
                            "Actual Loops": 1,
                            "Index Cond": "(kind_id = 1)"
                          }
                        ]
                      }
                    ]
                  }
                ]
              }
            ]
          }
        ]
      }
    ]
  },
  "Planning Time": 0.357,
  "Triggers": [],
  "Execution Time": 201.496
}