[
  {
    "Plan": {
      "Node Type": "Aggregate",
      "Strategy": "Plain",
      "Partial Mode": "Finalize",
      "Parallel Aware": false,
      "Startup Cost": 338861.02,
      "Total Cost": 338861.03,
      "Plan Rows": 1,
      "Plan Width": 8,
      "Actual Startup Time": 839.363,
      "Actual Total Time": 889.116,
      "Actual Rows": 1,
      "Actual Loops": 1,
      "Plans": [
        {
          "Node Type": "Gather",
          "Parent Relationship": "Outer",
          "Parallel Aware": false,
          "Startup Cost": 338860.4,
          "Total Cost": 338861.01,
          "Plan Rows": 6,
          "Plan Width": 8,
          "Actual Startup Time": 839.091,
          "Actual Total Time": 889.098,
          "Actual Rows": 7,
          "Actual Loops": 1,
          "Workers Planned": 6,
          "Workers Launched": 6,
          "Single Copy": false,
          "Plans": [
            {
              "Node Type": "Aggregate",
              "Strategy": "Plain",
              "Partial Mode": "Partial",
              "Parent Relationship": "Outer",
              "Parallel Aware": false,
              "Startup Cost": 337860.4,
              "Total Cost": 337860.41,
              "Plan Rows": 1,
              "Plan Width": 8,
              "Actual Startup Time": 831.647,
              "Actual Total Time": 831.65,
              "Actual Rows": 1,
              "Actual Loops": 7,
              "Plans": [
                {
                  "Node Type": "Seq Scan",
                  "Parent Relationship": "Outer",
                  "Parallel Aware": true,
                  "Relation Name": "cast_info",
                  "Alias": "ci",
                  "Startup Cost": 0.0,
                  "Total Cost": 328211.39,
                  "Plan Rows": 3859602,
                  "Plan Width": 0,
                  "Actual Startup Time": 0.047,
                  "Actual Total Time": 657.301,
                  "Actual Rows": 3331136,
                  "Actual Loops": 7,
                  "Filter": "(person_id < 2385350)",
                  "Rows Removed by Filter": 1846628
                }
              ]
            }
          ]
        }
      ]
    },
    "Planning Time": 0.069,
    "Triggers": [],
    "Execution Time": 889.151
  }
]