[
    {
        "Bao": {
            "Bao prediction": "NaN",
            "Bao recommended hint": "(no hint)"
        }
    },
    {
        "Plan": {
            "Node Type": "Aggregate",
            "Strategy": "Plain",
            "Partial Mode": "Finalize",
            "Parallel Aware": false,
            "Startup Cost": 90459.19,
            "Total Cost": 90459.2,
            "Plan Rows": 1,
            "Plan Width": 8,
            "Actual Startup Time": 97.829,
            "Actual Total Time": 106.513,
            "Actual Rows": 1,
            "Actual Loops": 1,
            "Output": [
                "count(*)"
            ],
            "Plans": [
                {
                    "Node Type": "Gather",
                    "Parent Relationship": "Outer",
                    "Parallel Aware": false,
                    "Startup Cost": 90458.77,
                    "Total Cost": 90459.18,
                    "Plan Rows": 4,
                    "Plan Width": 8,
                    "Actual Startup Time": 97.708,
                    "Actual Total Time": 106.504,
                    "Actual Rows": 5,
                    "Actual Loops": 1,
                    "Output": [
                        "(PARTIAL count(*))"
                    ],
                    "Workers Planned": 4,
                    "Workers Launched": 4,
                    "Single Copy": false,
                    "Plans": [
                        {
                            "Node Type": "Aggregate",
                            "Strategy": "Plain",
                            "Partial Mode": "Partial",
                            "Parent Relationship": "Outer",
                            "Parallel Aware": false,
                            "Startup Cost": 89458.77,
                            "Total Cost": 89458.78,
                            "Plan Rows": 1,
                            "Plan Width": 8,
                            "Actual Startup Time": 88.266,
                            "Actual Total Time": 88.267,
                            "Actual Rows": 1,
                            "Actual Loops": 5,
                            "Output": [
                                "PARTIAL count(*)"
                            ],
                            "Workers": [
                                {
                                    "Worker Number": 0,
                                    "Actual Startup Time": 85.621,
                                    "Actual Total Time": 85.622,
                                    "Actual Rows": 1,
                                    "Actual Loops": 1
                                },
                                {
                                    "Worker Number": 1,
                                    "Actual Startup Time": 85.562,
                                    "Actual Total Time": 85.563,
                                    "Actual Rows": 1,
                                    "Actual Loops": 1
                                },
                                {
                                    "Worker Number": 2,
                                    "Actual Startup Time": 86.218,
                                    "Actual Total Time": 86.219,
                                    "Actual Rows": 1,
                                    "Actual Loops": 1
                                },
                                {
                                    "Worker Number": 3,
                                    "Actual Startup Time": 86.592,
                                    "Actual Total Time": 86.593,
                                    "Actual Rows": 1,
                                    "Actual Loops": 1
                                }
                            ],
                            "Plans": [
                                {
                                    "Node Type": "Nested Loop",
                                    "Parent Relationship": "Outer",
                                    "Parallel Aware": false,
                                    "Join Type": "Inner",
                                    "Startup Cost": 0.43,
                                    "Total Cost": 89454.14,
                                    "Plan Rows": 1852,
                                    "Plan Width": 0,
                                    "Actual Startup Time": 5.439,
                                    "Actual Total Time": 88.249,
                                    "Actual Rows": 30,
                                    "Actual Loops": 5,
                                    "Inner Unique": false,
                                    "Workers": [
                                        {
                                            "Worker Number": 0,
                                            "Actual Startup Time": 4.514,
                                            "Actual Total Time": 85.604,
                                            "Actual Rows": 25,
                                            "Actual Loops": 1
                                        },
                                        {
                                            "Worker Number": 1,
                                            "Actual Startup Time": 8.9,
                                            "Actual Total Time": 85.543,
                                            "Actual Rows": 35,
                                            "Actual Loops": 1
                                        },
                                        {
                                            "Worker Number": 2,
                                            "Actual Startup Time": 5.907,
                                            "Actual Total Time": 86.202,
                                            "Actual Rows": 17,
                                            "Actual Loops": 1
                                        },
                                        {
                                            "Worker Number": 3,
                                            "Actual Startup Time": 7.167,
                                            "Actual Total Time": 86.575,
                                            "Actual Rows": 19,
                                            "Actual Loops": 1
                                        }
                                    ],
                                    "Plans": [
                                        {
                                            "Node Type": "Seq Scan",
                                            "Parent Relationship": "Outer",
                                            "Parallel Aware": true,
                                            "Relation Name": "title",
                                            "Schema": "public",
                                            "Alias": "t",
                                            "Startup Cost": 0.0,
                                            "Total Cost": 45479.21,
                                            "Plan Rows": 317,
                                            "Plan Width": 4,
                                            "Actual Startup Time": 5.242,
                                            "Actual Total Time": 87.37,
                                            "Actual Rows": 27,
                                            "Actual Loops": 5,
                                            "Output": [
                                                "t.id",
                                                "t.title",
                                                "t.imdb_index",
                                                "t.kind_id",
                                                "t.production_year",
                                                "t.imdb_id",
                                                "t.phonetic_code",
                                                "t.episode_of_id",
                                                "t.season_nr",
                                                "t.episode_nr",
                                                "t.series_years",
                                                "t.md5sum"
                                            ],
                                            "Filter": "((t.production_year > 2013) AND (t.kind_id = 7))",
                                            "Rows Removed by Filter": 505635,
                                            "Workers": [
                                                {
                                                    "Worker Number": 0,
                                                    "Actual Startup Time": 4.244,
                                                    "Actual Total Time": 84.623,
                                                    "Actual Rows": 26,
                                                    "Actual Loops": 1
                                                },
                                                {
                                                    "Worker Number": 1,
                                                    "Actual Startup Time": 8.704,
                                                    "Actual Total Time": 84.412,
                                                    "Actual Rows": 27,
                                                    "Actual Loops": 1
                                                },
                                                {
                                                    "Worker Number": 2,
                                                    "Actual Startup Time": 5.65,
                                                    "Actual Total Time": 85.178,
                                                    "Actual Rows": 17,
                                                    "Actual Loops": 1
                                                },
                                                {
                                                    "Worker Number": 3,
                                                    "Actual Startup Time": 6.922,
                                                    "Actual Total Time": 85.71,
                                                    "Actual Rows": 19,
                                                    "Actual Loops": 1
                                                }
                                            ]
                                        },
                                        {
                                            "Node Type": "Index Only Scan",
                                            "Parent Relationship": "Inner",
                                            "Parallel Aware": false,
                                            "Scan Direction": "Forward",
                                            "Index Name": "movie_id_movie_info",
                                            "Relation Name": "movie_info",
                                            "Schema": "public",
                                            "Alias": "mi",
                                            "Startup Cost": 0.43,
                                            "Total Cost": 138.33,
                                            "Plan Rows": 39,
                                            "Plan Width": 4,
                                            "Actual Startup Time": 0.029,
                                            "Actual Total Time": 0.031,
                                            "Actual Rows": 1,
                                            "Actual Loops": 137,
                                            "Output": [
                                                "mi.movie_id"
                                            ],
                                            "Index Cond": "(mi.movie_id = t.id)",
                                            "Rows Removed by Index Recheck": 0,
                                            "Heap Fetches": 152,
                                            "Workers": [
                                                {
                                                    "Worker Number": 0,
                                                    "Actual Startup Time": 0.036,
                                                    "Actual Total Time": 0.036,
                                                    "Actual Rows": 1,
                                                    "Actual Loops": 26
                                                },
                                                {
                                                    "Worker Number": 1,
                                                    "Actual Startup Time": 0.035,
                                                    "Actual Total Time": 0.04,
                                                    "Actual Rows": 1,
                                                    "Actual Loops": 27
                                                },
                                                {
                                                    "Worker Number": 2,
                                                    "Actual Startup Time": 0.058,
                                                    "Actual Total Time": 0.058,
                                                    "Actual Rows": 1,
                                                    "Actual Loops": 17
                                                },
                                                {
                                                    "Worker Number": 3,
                                                    "Actual Startup Time": 0.043,
                                                    "Actual Total Time": 0.043,
                                                    "Actual Rows": 1,
                                                    "Actual Loops": 19
                                                }
                                            ]
                                        }
                                    ]
                                }
                            ]
                        }
                    ]
                }
            ]
        },
        "Planning Time": 274.978,
        "Triggers": [],
        "Execution Time": 106.579
    }
]