{
  "Plan": {
    "Node Type": "Aggregate",
    "Strategy": "Plain",
    "Partial Mode": "Finalize",
    "Parallel Aware": false,
    "Startup Cost": 417400.42,
    "Total Cost": 417400.43,
    "Plan Rows": 1,
    "Plan Width": 8,
    "Actual Startup Time": 3479.408,
    "Actual Total Time": 3535.562,
    "Actual Rows": 1,
    "Actual Loops": 1,
    "Plans": [
      {
        "Node Type": "Gather",
        "Parent Relationship": "Outer",
        "Parallel Aware": false,
        "Startup Cost": 417400.3,
        "Total Cost": 417400.41,
        "Plan Rows": 1,
        "Plan Width": 8,
        "Actual Startup Time": 3475.58,
        "Actual Total Time": 3535.554,
        "Actual Rows": 2,
        "Actual Loops": 1,
        "Workers Planned": 1,
        "Workers Launched": 1,
        "Single Copy": false,
        "Plans": [
          {
            "Node Type": "Aggregate",
            "Strategy": "Plain",
            "Partial Mode": "Partial",
            "Parent Relationship": "Outer",
            "Parallel Aware": false,
            "Startup Cost": 416400.3,
            "Total Cost": 416400.31,
            "Plan Rows": 1,
            "Plan Width": 8,
            "Actual Startup Time": 3467.837,
            "Actual Total Time": 3467.843,
            "Actual Rows": 1,
            "Actual Loops": 2,
            "Plans": [
              {
                "Node Type": "Hash Join",
                "Parent Relationship": "Outer",
                "Parallel Aware": true,
                "Join Type": "Inner",
                "Startup Cost": 107867.84,
                "Total Cost": 414318.05,
                "Plan Rows": 832900,
                "Plan Width": 0,
                "Actual Startup Time": 549.173,
                "Actual Total Time": 3000.178,
                "Actual Rows": 12143304,
                "Actual Loops": 2,
                "Inner Unique": false,
                "Hash Cond": "(mi.movie_id = t.id)",
                "Plans": [
                  {
                    "Node Type": "Seq Scan",
                    "Parent Relationship": "Outer",
                    "Parallel Aware": true,
                    "Relation Name": "movie_info",
                    "Alias": "mi",
                    "Startup Cost": 0.0,
                    "Total Cost": 270696.42,
                    "Plan Rows": 8227834,
                    "Plan Width": 4,
                    "Actual Startup Time": 0.018,
                    "Actual Total Time": 777.49,
                    "Actual Rows": 7016790,
                    "Actual Loops": 2,
                    "Filter": "(info_type_id > 1)",
                    "Rows Removed by Filter": 401070
                  },
                  {
                    "Node Type": "Hash",
                    "Parent Relationship": "Inner",
                    "Parallel Aware": true,
                    "Startup Cost": 105985.94,
                    "Total Cost": 105985.94,
                    "Plan Rows": 150552,
                    "Plan Width": 8,
                    "Actual Startup Time": 544.701,
                    "Actual Total Time": 544.705,
                    "Actual Rows": 293722,
                    "Actual Loops": 2,
                    "Hash Buckets": 1048576,
                    "Original Hash Buckets": 262144,
                    "Hash Batches": 1,
                    "Original Hash Batches": 1,
                    "Peak Memory Usage": 37344,
                    "Plans": [
                      {
                        "Node Type": "Hash Join",
                        "Parent Relationship": "Outer",
                        "Parallel Aware": true,
                        "Join Type": "Inner",
                        "Startup Cost": 75725.0,
                        "Total Cost": 105985.94,
                        "Plan Rows": 150552,
                        "Plan Width": 8,
                        "Actual Startup Time": 300.207,
                        "Actual Total Time": 473.166,
                        "Actual Rows": 293722,
                        "Actual Loops": 2,
                        "Inner Unique": true,
                        "Hash Cond": "(mk.movie_id = t.id)",
                        "Plans": [
                          {
                            "Node Type": "Bitmap Heap Scan",
                            "Parent Relationship": "Outer",
                            "Parallel Aware": true,
                            "Relation Name": "movie_keyword",
                            "Alias": "mk",
                            "Startup Cost": 13846.7,
                            "Total Cost": 43099.82,
                            "Plan Rows": 383929,
                            "Plan Width": 4,
                            "Actual Startup Time": 35.228,
                            "Actual Total Time": 111.011,
                            "Actual Rows": 331096,
                            "Actual Loops": 2,
                            "Recheck Cond": "(keyword_id < 517)",
                            "Rows Removed by Index Recheck": 0,
                            "Exact Heap Blocks": 13325,
                            "Lossy Heap Blocks": 0,
                            "Plans": [
                              {
                                "Node Type": "Bitmap Index Scan",
                                "Parent Relationship": "Outer",
                                "Parallel Aware": false,
                                "Index Name": "keyword_id_movie_keyword",
                                "Startup Cost": 0.0,
                                "Total Cost": 13683.53,
                                "Plan Rows": 652680,
                                "Plan Width": 0,
                                "Actual Startup Time": 31.559,
                                "Actual Total Time": 31.559,
                                "Actual Rows": 662192,
                                "Actual Loops": 1,
                                "Index Cond": "(keyword_id < 517)"
                              }
                            ]
                          },
                          {
                            "Node Type": "Hash",
                            "Parent Relationship": "Inner",
                            "Parallel Aware": true,
                            "Startup Cost": 54588.39,
                            "Total Cost": 54588.39,
                            "Plan Rows": 583193,
                            "Plan Width": 4,
                            "Actual Startup Time": 257.969,
                            "Actual Total Time": 257.97,
                            "Actual Rows": 492524,
                            "Actual Loops": 2,
                            "Hash Buckets": 1048576,
                            "Original Hash Buckets": 1048576,
                            "Hash Batches": 1,
                            "Original Hash Batches": 1,
                            "Peak Memory Usage": 46752,
                            "Plans": [
                              {
                                "Node Type": "Seq Scan",
                                "Parent Relationship": "Outer",
                                "Parallel Aware": true,
                                "Relation Name": "title",
                                "Alias": "t",
                                "Startup Cost": 0.0,
                                "Total Cost": 54588.39,
                                "Plan Rows": 583193,
                                "Plan Width": 4,
                                "Actual Startup Time": 0.027,
                                "Actual Total Time": 149.446,
                                "Actual Rows": 492524,
                                "Actual Loops": 2,
                                "Filter": "(kind_id < 7)",
                                "Rows Removed by Filter": 771632
                              }
                            ]
                          }
                        ]
                      }
                    ]
                  }
                ]
              }
            ]
          }
        ]
      }
    ]
  },
  "Planning Time": 0.947,
  "Triggers": [],
  "Execution Time": 3535.68
}