[
  {
    "Plan": {
      "Node Type": "Aggregate",
      "Strategy": "Plain",
      "Partial Mode": "Simple",
      "Parallel Aware": false,
      "Startup Cost": 467291.41,
      "Total Cost": 467291.42,
      "Plan Rows": 1,
      "Plan Width": 64,
      "Actual Startup Time": 1469.9,
      "Actual Total Time": 1544.787,
      "Actual Rows": 1,
      "Actual Loops": 1,
      "Plans": [
        {
          "Node Type": "Gather",
          "Parent Relationship": "Outer",
          "Parallel Aware": false,
          "Startup Cost": 420047.68,
          "Total Cost": 467291.39,
          "Plan Rows": 3,
          "Plan Width": 33,
          "Actual Startup Time": 1340.797,
          "Actual Total Time": 1544.763,
          "Actual Rows": 13,
          "Actual Loops": 1,
          "Workers Planned": 4,
          "Workers Launched": 4,
          "Single Copy": false,
          "Plans": [
            {
              "Node Type": "Hash Join",
              "Parent Relationship": "Outer",
              "Parallel Aware": false,
              "Join Type": "Inner",
              "Startup Cost": 419047.68,
              "Total Cost": 466291.09,
              "Plan Rows": 1,
              "Plan Width": 33,
              "Actual Startup Time": 1327.069,
              "Actual Total Time": 1458.072,
              "Actual Rows": 3,
              "Actual Loops": 5,
              "Inner Unique": true,
              "Hash Cond": "(mc.company_type_id = ct.id)",
              "Plans": [
                {
                  "Node Type": "Hash Join",
                  "Parent Relationship": "Outer",
                  "Parallel Aware": true,
                  "Join Type": "Inner",
                  "Startup Cost": 419046.59,
                  "Total Cost": 466290.0,
                  "Plan Rows": 1,
                  "Plan Width": 37,
                  "Actual Startup Time": 1326.559,
                  "Actual Total Time": 1457.558,
                  "Actual Rows": 3,
                  "Actual Loops": 5,
                  "Inner Unique": false,
                  "Hash Cond": "(chn.id = ci.person_role_id)",
                  "Plans": [
                    {
                      "Node Type": "Seq Scan",
                      "Parent Relationship": "Outer",
                      "Parallel Aware": true,
                      "Relation Name": "char_name",
                      "Alias": "chn",
                      "Startup Cost": 0.0,
                      "Total Cost": 44299.2,
                      "Plan Rows": 785120,
                      "Plan Width": 20,
                      "Actual Startup Time": 0.015,
                      "Actual Total Time": 96.878,
                      "Actual Rows": 628068,
                      "Actual Loops": 5
                    },
                    {
                      "Node Type": "Hash",
                      "Parent Relationship": "Inner",
                      "Parallel Aware": true,
                      "Startup Cost": 419046.58,
                      "Total Cost": 419046.58,
                      "Plan Rows": 1,
                      "Plan Width": 25,
                      "Actual Startup Time": 1314.737,
                      "Actual Total Time": 1314.754,
                      "Actual Rows": 3,
                      "Actual Loops": 5,
                      "Hash Buckets": 1024,
                      "Original Hash Buckets": 1024,
                      "Hash Batches": 1,
                      "Original Hash Batches": 1,
                      "Peak Memory Usage": 104,
                      "Plans": [
                        {
                          "Node Type": "Hash Join",
                          "Parent Relationship": "Outer",
                          "Parallel Aware": true,
                          "Join Type": "Inner",
                          "Startup Cost": 382077.03,
                          "Total Cost": 419046.58,
                          "Plan Rows": 1,
                          "Plan Width": 25,
                          "Actual Startup Time": 1307.785,
                          "Actual Total Time": 1314.658,
                          "Actual Rows": 3,
                          "Actual Loops": 5,
                          "Inner Unique": false,
                          "Hash Cond": "(t.id = mc.movie_id)",
                          "Plans": [
                            {
                              "Node Type": "Bitmap Heap Scan",
                              "Parent Relationship": "Outer",
                              "Parallel Aware": true,
                              "Relation Name": "title",
                              "Alias": "t",
                              "Startup Cost": 4481.83,
                              "Total Cost": 41227.16,
                              "Plan Rows": 59787,
                              "Plan Width": 21,
                              "Actual Startup Time": 41.901,
                              "Actual Total Time": 122.914,
                              "Actual Rows": 48280,
                              "Actual Loops": 5,
                              "Recheck Cond": "(production_year < 1960)",
                              "Rows Removed by Index Recheck": 0,
                              "Exact Heap Blocks": 6111,
                              "Lossy Heap Blocks": 0,
                              "Plans": [
                                {
                                  "Node Type": "Bitmap Index Scan",
                                  "Parent Relationship": "Outer",
                                  "Parallel Aware": false,
                                  "Index Name": "idx_title_production_year",
                                  "Startup Cost": 0.0,
                                  "Total Cost": 4422.04,
                                  "Plan Rows": 239148,
                                  "Plan Width": 0,
                                  "Actual Startup Time": 33.664,
                                  "Actual Total Time": 33.665,
                                  "Actual Rows": 241400,
                                  "Actual Loops": 1,
                                  "Index Cond": "(production_year < 1960)"
                                }
                              ]
                            },
                            {
                              "Node Type": "Hash",
                              "Parent Relationship": "Inner",
                              "Parallel Aware": true,
                              "Startup Cost": 377595.09,
                              "Total Cost": 377595.09,
                              "Plan Rows": 9,
                              "Plan Width": 16,
                              "Actual Startup Time": 1184.898,
                              "Actual Total Time": 1184.911,
                              "Actual Rows": 55,
                              "Actual Loops": 5,
                              "Hash Buckets": 1024,
                              "Original Hash Buckets": 1024,
                              "Hash Batches": 1,
                              "Original Hash Batches": 1,
                              "Peak Memory Usage": 168,
                              "Plans": [
                                {
                                  "Node Type": "Hash Join",
                                  "Parent Relationship": "Outer",
                                  "Parallel Aware": true,
                                  "Join Type": "Inner",
                                  "Startup Cost": 348161.36,
                                  "Total Cost": 377595.09,
                                  "Plan Rows": 9,
                                  "Plan Width": 16,
                                  "Actual Startup Time": 1075.505,
                                  "Actual Total Time": 1184.755,
                                  "Actual Rows": 55,
                                  "Actual Loops": 5,
                                  "Inner Unique": false,
                                  "Hash Cond": "(mc.movie_id = ci.movie_id)",
                                  "Plans": [
                                    {
                                      "Node Type": "Hash Join",
                                      "Parent Relationship": "Outer",
                                      "Parallel Aware": true,
                                      "Join Type": "Inner",
                                      "Startup Cost": 4732.66,
                                      "Total Cost": 34148.59,
                                      "Plan Rows": 4742,
                                      "Plan Width": 8,
                                      "Actual Startup Time": 12.174,
                                      "Actual Total Time": 144.067,
                                      "Actual Rows": 1758,
                                      "Actual Loops": 5,
                                      "Inner Unique": true,
                                      "Hash Cond": "(mc.company_id = cn.id)",
                                      "Plans": [
                                        {
                                          "Node Type": "Seq Scan",
                                          "Parent Relationship": "Outer",
                                          "Parallel Aware": true,
                                          "Relation Name": "movie_companies",
                                          "Alias": "mc",
                                          "Startup Cost": 0.0,
                                          "Total Cost": 27206.55,
                                          "Plan Rows": 841655,
                                          "Plan Width": 12,
                                          "Actual Startup Time": 0.038,
                                          "Actual Total Time": 82.05,
                                          "Actual Rows": 521826,
                                          "Actual Loops": 5
                                        },
                                        {
                                          "Node Type": "Hash",
                                          "Parent Relationship": "Inner",
                                          "Parallel Aware": true,
                                          "Startup Cost": 4722.92,
                                          "Total Cost": 4722.92,
                                          "Plan Rows": 779,
                                          "Plan Width": 4,
                                          "Actual Startup Time": 11.599,
                                          "Actual Total Time": 11.6,
                                          "Actual Rows": 272,
                                          "Actual Loops": 5,
                                          "Hash Buckets": 2048,
                                          "Original Hash Buckets": 2048,
                                          "Hash Batches": 1,
                                          "Original Hash Batches": 1,
                                          "Peak Memory Usage": 176,
                                          "Plans": [
                                            {
                                              "Node Type": "Seq Scan",
                                              "Parent Relationship": "Outer",
                                              "Parallel Aware": true,
                                              "Relation Name": "company_name",
                                              "Alias": "cn",
                                              "Startup Cost": 0.0,
                                              "Total Cost": 4722.92,
                                              "Plan Rows": 779,
                                              "Plan Width": 4,
                                              "Actual Startup Time": 0.072,
                                              "Actual Total Time": 11.296,
                                              "Actual Rows": 272,
                                              "Actual Loops": 5,
                                              "Filter": "((country_code)::text = '[ru]'::text)",
                                              "Rows Removed by Filter": 46727
                                            }
                                          ]
                                        }
                                      ]
                                    },
                                    {
                                      "Node Type": "Hash",
                                      "Parent Relationship": "Inner",
                                      "Parallel Aware": true,
                                      "Startup Cost": 343424.67,
                                      "Total Cost": 343424.67,
                                      "Plan Rows": 323,
                                      "Plan Width": 8,
                                      "Actual Startup Time": 1039.839,
                                      "Actual Total Time": 1039.845,
                                      "Actual Rows": 5175,
                                      "Actual Loops": 5,
                                      "Hash Buckets": 32768,
                                      "Original Hash Buckets": 2048,
                                      "Hash Batches": 1,
                                      "Original Hash Batches": 1,
                                      "Peak Memory Usage": 1616,
                                      "Plans": [
                                        {
                                          "Node Type": "Hash Join",
                                          "Parent Relationship": "Outer",
                                          "Parallel Aware": false,
                                          "Join Type": "Inner",
                                          "Startup Cost": 1.16,
                                          "Total Cost": 343424.67,
                                          "Plan Rows": 323,
                                          "Plan Width": 8,
                                          "Actual Startup Time": 0.486,
                                          "Actual Total Time": 960.17,
                                          "Actual Rows": 5175,
                                          "Actual Loops": 5,
                                          "Inner Unique": true,
                                          "Hash Cond": "(ci.role_id = rt.id)",
                                          "Plans": [
                                            {
                                              "Node Type": "Seq Scan",
                                              "Parent Relationship": "Outer",
                                              "Parallel Aware": true,
                                              "Relation Name": "cast_info",
                                              "Alias": "ci",
                                              "Startup Cost": 0.0,
                                              "Total Cost": 343409.74,
                                              "Plan Rows": 3876,
                                              "Plan Width": 12,
                                              "Actual Startup Time": 0.386,
                                              "Actual Total Time": 958.294,
                                              "Actual Rows": 6458,
                                              "Actual Loops": 5,
                                              "Filter": "((note ~~ '%(voice)%'::text) AND (note ~~ '%(uncredited)%'::text))",
                                              "Rows Removed by Filter": 7242411
                                            },
                                            {
                                              "Node Type": "Hash",
                                              "Parent Relationship": "Inner",
                                              "Parallel Aware": false,
                                              "Startup Cost": 1.15,
                                              "Total Cost": 1.15,
                                              "Plan Rows": 1,
                                              "Plan Width": 4,
                                              "Actual Startup Time": 0.057,
                                              "Actual Total Time": 0.058,
                                              "Actual Rows": 1,
                                              "Actual Loops": 5,
                                              "Hash Buckets": 1024,
                                              "Original Hash Buckets": 1024,
                                              "Hash Batches": 1,
                                              "Original Hash Batches": 1,
                                              "Peak Memory Usage": 9,
                                              "Plans": [
                                                {
                                                  "Node Type": "Seq Scan",
                                                  "Parent Relationship": "Outer",
                                                  "Parallel Aware": false,
                                                  "Relation Name": "role_type",
                                                  "Alias": "rt",
                                                  "Startup Cost": 0.0,
                                                  "Total Cost": 1.15,
                                                  "Plan Rows": 1,
                                                  "Plan Width": 4,
                                                  "Actual Startup Time": 0.043,
                                                  "Actual Total Time": 0.047,
                                                  "Actual Rows": 1,
                                                  "Actual Loops": 5,
                                                  "Filter": "((role)::text = 'actor'::text)",
                                                  "Rows Removed by Filter": 11
                                                }
                                              ]
                                            }
                                          ]
                                        }
                                      ]
                                    }
                                  ]
                                }
                              ]
                            }
                          ]
                        }
                      ]
                    }
                  ]
                },
                {
                  "Node Type": "Hash",
                  "Parent Relationship": "Inner",
                  "Parallel Aware": false,
                  "Startup Cost": 1.04,
                  "Total Cost": 1.04,
                  "Plan Rows": 4,
                  "Plan Width": 4,
                  "Actual Startup Time": 0.087,
                  "Actual Total Time": 0.088,
                  "Actual Rows": 4,
                  "Actual Loops": 5,
                  "Hash Buckets": 1024,
                  "Original Hash Buckets": 1024,
                  "Hash Batches": 1,
                  "Original Hash Batches": 1,
                  "Peak Memory Usage": 9,
                  "Plans": [
                    {
                      "Node Type": "Seq Scan",
                      "Parent Relationship": "Outer",
                      "Parallel Aware": false,
                      "Relation Name": "company_type",
                      "Alias": "ct",
                      "Startup Cost": 0.0,
                      "Total Cost": 1.04,
                      "Plan Rows": 4,
                      "Plan Width": 4,
                      "Actual Startup Time": 0.051,
                      "Actual Total Time": 0.055,
                      "Actual Rows": 4,
                      "Actual Loops": 5
                    }
                  ]
                }
              ]
            }
          ]
        }
      ]
    },
    "Planning Time": 3.728,
    "Triggers": [],
    "Execution Time": 1545.189
  }
]