[
  {
    "Plan": {
      "Node Type": "Aggregate",
      "Strategy": "Plain",
      "Partial Mode": "Finalize",
      "Parallel Aware": false,
      "Startup Cost": 34165.65,
      "Total Cost": 34165.66,
      "Plan Rows": 1,
      "Plan Width": 8,
      "Actual Startup Time": 53.947,
      "Actual Total Time": 61.352,
      "Actual Rows": 1,
      "Actual Loops": 1,
      "Plans": [
        {
          "Node Type": "Gather",
          "Parent Relationship": "Outer",
          "Parallel Aware": false,
          "Startup Cost": 34165.43,
          "Total Cost": 34165.64,
          "Plan Rows": 2,
          "Plan Width": 8,
          "Actual Startup Time": 53.728,
          "Actual Total Time": 61.344,
          "Actual Rows": 3,
          "Actual Loops": 1,
          "Workers Planned": 2,
          "Workers Launched": 2,
          "Single Copy": false,
          "Plans": [
            {
              "Node Type": "Aggregate",
              "Strategy": "Plain",
              "Partial Mode": "Partial",
              "Parent Relationship": "Outer",
              "Parallel Aware": false,
              "Startup Cost": 33165.43,
              "Total Cost": 33165.44,
              "Plan Rows": 1,
              "Plan Width": 8,
              "Actual Startup Time": 45.228,
              "Actual Total Time": 45.23,
              "Actual Rows": 1,
              "Actual Loops": 3,
              "Plans": [
                {
                  "Node Type": "Nested Loop",
                  "Parent Relationship": "Outer",
                  "Parallel Aware": false,
                  "Join Type": "Inner",
                  "Startup Cost": 91.48,
                  "Total Cost": 33162.63,
                  "Plan Rows": 1121,
                  "Plan Width": 0,
                  "Actual Startup Time": 1.734,
                  "Actual Total Time": 44.406,
                  "Actual Rows": 6708,
                  "Actual Loops": 3,
                  "Inner Unique": false,
                  "Plans": [
                    {
                      "Node Type": "Nested Loop",
                      "Parent Relationship": "Outer",
                      "Parallel Aware": false,
                      "Join Type": "Inner",
                      "Startup Cost": 91.06,
                      "Total Cost": 32069.56,
                      "Plan Rows": 2053,
                      "Plan Width": 8,
                      "Actual Startup Time": 1.533,
                      "Actual Total Time": 24.812,
                      "Actual Rows": 2197,
                      "Actual Loops": 3,
                      "Inner Unique": true,
                      "Plans": [
                        {
                          "Node Type": "Bitmap Heap Scan",
                          "Parent Relationship": "Outer",
                          "Parallel Aware": true,
                          "Relation Name": "movie_info",
                          "Alias": "mi",
                          "Startup Cost": 90.63,
                          "Total Cost": 17014.81,
                          "Plan Rows": 2053,
                          "Plan Width": 4,
                          "Actual Startup Time": 1.36,
                          "Actual Total Time": 4.942,
                          "Actual Rows": 2197,
                          "Actual Loops": 3,
                          "Recheck Cond": "(info_type_id = 71)",
                          "Rows Removed by Index Recheck": 0,
                          "Exact Heap Blocks": 869,
                          "Lossy Heap Blocks": 0,
                          "Plans": [
                            {
                              "Node Type": "Bitmap Index Scan",
                              "Parent Relationship": "Outer",
                              "Parallel Aware": false,
                              "Index Name": "info_type_id_movie_info",
                              "Startup Cost": 0.0,
                              "Total Cost": 89.4,
                              "Plan Rows": 4928,
                              "Plan Width": 0,
                              "Actual Startup Time": 3.105,
                              "Actual Total Time": 3.106,
                              "Actual Rows": 6590,
                              "Actual Loops": 1,
                              "Index Cond": "(info_type_id = 71)"
                            }
                          ]
                        },
                        {
                          "Node Type": "Index Only Scan",
                          "Parent Relationship": "Inner",
                          "Parallel Aware": false,
                          "Scan Direction": "Forward",
                          "Index Name": "title_pkey",
                          "Relation Name": "title",
                          "Alias": "t",
                          "Startup Cost": 0.43,
                          "Total Cost": 7.33,
                          "Plan Rows": 1,
                          "Plan Width": 4,
                          "Actual Startup Time": 0.008,
                          "Actual Total Time": 0.008,
                          "Actual Rows": 1,
                          "Actual Loops": 6590,
                          "Index Cond": "(id = mi.movie_id)",
                          "Rows Removed by Index Recheck": 0,
                          "Heap Fetches": 6590
                        }
                      ]
                    },
                    {
                      "Node Type": "Index Only Scan",
                      "Parent Relationship": "Inner",
                      "Parallel Aware": false,
                      "Scan Direction": "Forward",
                      "Index Name": "movie_id_movie_info_idx",
                      "Relation Name": "movie_info_idx",
                      "Alias": "mi_idx",
                      "Startup Cost": 0.43,
                      "Total Cost": 0.5,
                      "Plan Rows": 3,
                      "Plan Width": 4,
                      "Actual Startup Time": 0.007,
                      "Actual Total Time": 0.008,
                      "Actual Rows": 3,
                      "Actual Loops": 6590,
                      "Index Cond": "(movie_id = t.id)",
                      "Rows Removed by Index Recheck": 0,
                      "Heap Fetches": 20124
                    }
                  ]
                }
              ]
            }
          ]
        }
      ]
    },
    "Planning Time": 1.336,
    "Triggers": [],
    "Execution Time": 61.451
  }
]