[
  {
    "Plan": {
      "Node Type": "Aggregate",
      "Strategy": "Plain",
      "Partial Mode": "Finalize",
      "Parallel Aware": false,
      "Startup Cost": 235611.75,
      "Total Cost": 235611.76,
      "Plan Rows": 1,
      "Plan Width": 8,
      "Actual Startup Time": 193.479,
      "Actual Total Time": 207.493,
      "Actual Rows": 1,
      "Actual Loops": 1,
      "Plans": [
        {
          "Node Type": "Gather",
          "Parent Relationship": "Outer",
          "Parallel Aware": false,
          "Startup Cost": 235611.23,
          "Total Cost": 235611.74,
          "Plan Rows": 5,
          "Plan Width": 8,
          "Actual Startup Time": 193.091,
          "Actual Total Time": 207.485,
          "Actual Rows": 6,
          "Actual Loops": 1,
          "Workers Planned": 5,
          "Workers Launched": 5,
          "Single Copy": false,
          "Plans": [
            {
              "Node Type": "Aggregate",
              "Strategy": "Plain",
              "Partial Mode": "Partial",
              "Parent Relationship": "Outer",
              "Parallel Aware": false,
              "Startup Cost": 234611.23,
              "Total Cost": 234611.24,
              "Plan Rows": 1,
              "Plan Width": 8,
              "Actual Startup Time": 183.019,
              "Actual Total Time": 183.022,
              "Actual Rows": 1,
              "Actual Loops": 6,
              "Plans": [
                {
                  "Node Type": "Hash Join",
                  "Parent Relationship": "Outer",
                  "Parallel Aware": true,
                  "Join Type": "Inner",
                  "Startup Cost": 68742.92,
                  "Total Cost": 234602.76,
                  "Plan Rows": 3385,
                  "Plan Width": 0,
                  "Actual Startup Time": 119.5,
                  "Actual Total Time": 182.624,
                  "Actual Rows": 5004,
                  "Actual Loops": 6,
                  "Inner Unique": true,
                  "Hash Cond": "(mi.movie_id = t.id)",
                  "Plans": [
                    {
                      "Node Type": "Bitmap Heap Scan",
                      "Parent Relationship": "Outer",
                      "Parallel Aware": true,
                      "Relation Name": "movie_info",
                      "Alias": "mi",
                      "Startup Cost": 23159.21,
                      "Total Cost": 188347.95,
                      "Plan Rows": 255659,
                      "Plan Width": 4,
                      "Actual Startup Time": 39.514,
                      "Actual Total Time": 74.037,
                      "Actual Rows": 216498,
                      "Actual Loops": 6,
                      "Recheck Cond": "(info_type_id = 4)",
                      "Rows Removed by Index Recheck": 0,
                      "Exact Heap Blocks": 2304,
                      "Lossy Heap Blocks": 0,
                      "Plans": [
                        {
                          "Node Type": "Bitmap Index Scan",
                          "Parent Relationship": "Outer",
                          "Parallel Aware": false,
                          "Index Name": "info_type_id_movie_info",
                          "Startup Cost": 0.0,
                          "Total Cost": 22839.64,
                          "Plan Rows": 1278294,
                          "Plan Width": 0,
                          "Actual Startup Time": 38.142,
                          "Actual Total Time": 38.143,
                          "Actual Rows": 1298989,
                          "Actual Loops": 1,
                          "Index Cond": "(info_type_id = 4)"
                        }
                      ]
                    },
                    {
                      "Node Type": "Hash",
                      "Parent Relationship": "Inner",
                      "Parallel Aware": true,
                      "Startup Cost": 45479.1,
                      "Total Cost": 45479.1,
                      "Plan Rows": 8369,
                      "Plan Width": 4,
                      "Actual Startup Time": 78.014,
                      "Actual Total Time": 78.015,
                      "Actual Rows": 4686,
                      "Actual Loops": 6,
                      "Hash Buckets": 65536,
                      "Original Hash Buckets": 65536,
                      "Hash Batches": 1,
                      "Original Hash Batches": 1,
                      "Peak Memory Usage": 1696,
                      "Plans": [
                        {
                          "Node Type": "Seq Scan",
                          "Parent Relationship": "Outer",
                          "Parallel Aware": true,
                          "Relation Name": "title",
                          "Alias": "t",
                          "Startup Cost": 0.0,
                          "Total Cost": 45479.1,
                          "Plan Rows": 8369,
                          "Plan Width": 4,
                          "Actual Startup Time": 0.244,
                          "Actual Total Time": 75.788,
                          "Actual Rows": 4686,
                          "Actual Loops": 6,
                          "Filter": "((kind_id < 7) AND (production_year = 2004))",
                          "Rows Removed by Filter": 416700
                        }
                      ]
                    }
                  ]
                }
              ]
            }
          ]
        }
      ]
    },
    "Planning Time": 0.625,
    "Triggers": [],
    "Execution Time": 207.582
  }
]