{
  "Plan": {
    "Node Type": "Aggregate",
    "Strategy": "Plain",
    "Partial Mode": "Finalize",
    "Parallel Aware": false,
    "Startup Cost": 95354.68,
    "Total Cost": 95354.69,
    "Plan Rows": 1,
    "Plan Width": 8,
    "Actual Startup Time": 511.045,
    "Actual Total Time": 521.282,
    "Actual Rows": 1,
    "Actual Loops": 1,
    "Plans": [
      {
        "Node Type": "Gather",
        "Parent Relationship": "Outer",
        "Parallel Aware": false,
        "Startup Cost": 95354.57,
        "Total Cost": 95354.68,
        "Plan Rows": 1,
        "Plan Width": 8,
        "Actual Startup Time": 510.314,
        "Actual Total Time": 521.274,
        "Actual Rows": 2,
        "Actual Loops": 1,
        "Workers Planned": 1,
        "Workers Launched": 1,
        "Single Copy": false,
        "Plans": [
          {
            "Node Type": "Aggregate",
            "Strategy": "Plain",
            "Partial Mode": "Partial",
            "Parent Relationship": "Outer",
            "Parallel Aware": false,
            "Startup Cost": 94354.57,
            "Total Cost": 94354.58,
            "Plan Rows": 1,
            "Plan Width": 8,
            "Actual Startup Time": 503.785,
            "Actual Total Time": 503.789,
            "Actual Rows": 1,
            "Actual Loops": 2,
            "Plans": [
              {
                "Node Type": "Hash Join",
                "Parent Relationship": "Outer",
                "Parallel Aware": true,
                "Join Type": "Inner",
                "Startup Cost": 32350.7,
                "Total Cost": 93806.29,
                "Plan Rows": 219313,
                "Plan Width": 0,
                "Actual Startup Time": 143.74,
                "Actual Total Time": 496.39,
                "Actual Rows": 188535,
                "Actual Loops": 2,
                "Inner Unique": false,
                "Hash Cond": "(t.id = mc.movie_id)",
                "Plans": [
                  {
                    "Node Type": "Seq Scan",
                    "Parent Relationship": "Outer",
                    "Parallel Aware": true,
                    "Relation Name": "title",
                    "Alias": "t",
                    "Startup Cost": 0.0,
                    "Total Cost": 50870.31,
                    "Plan Rows": 1487231,
                    "Plan Width": 4,
                    "Actual Startup Time": 0.015,
                    "Actual Total Time": 122.872,
                    "Actual Rows": 1264156,
                    "Actual Loops": 2
                  },
                  {
                    "Node Type": "Hash",
                    "Parent Relationship": "Inner",
                    "Parallel Aware": true,
                    "Startup Cost": 29609.29,
                    "Total Cost": 29609.29,
                    "Plan Rows": 219313,
                    "Plan Width": 4,
                    "Actual Startup Time": 128.236,
                    "Actual Total Time": 128.237,
                    "Actual Rows": 188535,
                    "Actual Loops": 2,
                    "Hash Buckets": 524288,
                    "Original Hash Buckets": 524288,
                    "Hash Batches": 1,
                    "Original Hash Batches": 1,
                    "Peak Memory Usage": 18880,
                    "Plans": [
                      {
                        "Node Type": "Bitmap Heap Scan",
                        "Parent Relationship": "Outer",
                        "Parallel Aware": true,
                        "Relation Name": "movie_companies",
                        "Alias": "mc",
                        "Startup Cost": 8077.88,
                        "Total Cost": 29609.29,
                        "Plan Rows": 219313,
                        "Plan Width": 4,
                        "Actual Startup Time": 33.622,
                        "Actual Total Time": 78.587,
                        "Actual Rows": 188535,
                        "Actual Loops": 2,
                        "Recheck Cond": "(company_id > 84725)",
                        "Rows Removed by Index Recheck": 0,
                        "Exact Heap Blocks": 4256,
                        "Lossy Heap Blocks": 0,
                        "Plans": [
                          {
                            "Node Type": "Bitmap Index Scan",
                            "Parent Relationship": "Outer",
                            "Parallel Aware": false,
                            "Index Name": "company_id_movie_companies",
                            "Startup Cost": 0.0,
                            "Total Cost": 7984.67,
                            "Plan Rows": 372832,
                            "Plan Width": 0,
                            "Actual Startup Time": 33.153,
                            "Actual Total Time": 33.153,
                            "Actual Rows": 377070,
                            "Actual Loops": 1,
                            "Index Cond": "(company_id > 84725)"
                          }
                        ]
                      }
                    ]
                  }
                ]
              }
            ]
          }
        ]
      }
    ]
  },
  "Planning Time": 0.682,
  "Triggers": [],
  "Execution Time": 521.376
}