[
  {
    "Plan": {
      "Node Type": "Aggregate",
      "Strategy": "Plain",
      "Partial Mode": "Simple",
      "Parallel Aware": false,
      "Startup Cost": 20945.74,
      "Total Cost": 20945.75,
      "Plan Rows": 1,
      "Plan Width": 8,
      "Actual Startup Time": 17.312,
      "Actual Total Time": 17.314,
      "Actual Rows": 1,
      "Actual Loops": 1,
      "Plans": [
        {
          "Node Type": "Bitmap Heap Scan",
          "Parent Relationship": "Outer",
          "Parallel Aware": false,
          "Relation Name": "movie_keyword",
          "Alias": "mk",
          "Startup Cost": 258.54,
          "Total Cost": 20915.39,
          "Plan Rows": 12143,
          "Plan Width": 0,
          "Actual Startup Time": 3.32,
          "Actual Total Time": 15.603,
          "Actual Rows": 10366,
          "Actual Loops": 1,
          "Recheck Cond": "(keyword_id > 124775)",
          "Rows Removed by Index Recheck": 0,
          "Exact Heap Blocks": 3260,
          "Lossy Heap Blocks": 0,
          "Plans": [
            {
              "Node Type": "Bitmap Index Scan",
              "Parent Relationship": "Outer",
              "Parallel Aware": false,
              "Index Name": "keyword_id_movie_keyword",
              "Startup Cost": 0.0,
              "Total Cost": 255.5,
              "Plan Rows": 12143,
              "Plan Width": 0,
              "Actual Startup Time": 1.991,
              "Actual Total Time": 1.991,
              "Actual Rows": 10366,
              "Actual Loops": 1,
              "Index Cond": "(keyword_id > 124775)"
            }
          ]
        }
      ]
    },
    "Planning Time": 0.223,
    "Triggers": [],
    "Execution Time": 17.37
  }
]