{
  "Plan": {
    "Node Type": "Aggregate",
    "Strategy": "Plain",
    "Partial Mode": "Finalize",
    "Parallel Aware": false,
    "Startup Cost": 604029.65,
    "Total Cost": 604029.66,
    "Plan Rows": 1,
    "Plan Width": 8,
    "Actual Startup Time": 1856.7,
    "Actual Total Time": 1872.597,
    "Actual Rows": 1,
    "Actual Loops": 1,
    "Plans": [
      {
        "Node Type": "Gather",
        "Parent Relationship": "Outer",
        "Parallel Aware": false,
        "Startup Cost": 604029.53,
        "Total Cost": 604029.64,
        "Plan Rows": 1,
        "Plan Width": 8,
        "Actual Startup Time": 1849.943,
        "Actual Total Time": 1872.589,
        "Actual Rows": 2,
        "Actual Loops": 1,
        "Workers Planned": 1,
        "Workers Launched": 1,
        "Single Copy": false,
        "Plans": [
          {
            "Node Type": "Aggregate",
            "Strategy": "Plain",
            "Partial Mode": "Partial",
            "Parent Relationship": "Outer",
            "Parallel Aware": false,
            "Startup Cost": 603029.53,
            "Total Cost": 603029.54,
            "Plan Rows": 1,
            "Plan Width": 8,
            "Actual Startup Time": 1844.006,
            "Actual Total Time": 1844.011,
            "Actual Rows": 1,
            "Actual Loops": 2,
            "Plans": [
              {
                "Node Type": "Merge Join",
                "Parent Relationship": "Outer",
                "Parallel Aware": false,
                "Join Type": "Inner",
                "Startup Cost": 438439.26,
                "Total Cost": 599237.86,
                "Plan Rows": 1516670,
                "Plan Width": 0,
                "Actual Startup Time": 1528.512,
                "Actual Total Time": 1813.137,
                "Actual Rows": 775779,
                "Actual Loops": 2,
                "Inner Unique": false,
                "Merge Cond": "(mc.movie_id = t.id)",
                "Plans": [
                  {
                    "Node Type": "Index Only Scan",
                    "Parent Relationship": "Outer",
                    "Parallel Aware": true,
                    "Scan Direction": "Forward",
                    "Index Name": "movie_id_movie_companies",
                    "Relation Name": "movie_companies",
                    "Alias": "mc",
                    "Startup Cost": 0.43,
                    "Total Cost": 129315.97,
                    "Plan Rows": 1534782,
                    "Plan Width": 4,
                    "Actual Startup Time": 0.095,
                    "Actual Total Time": 129.359,
                    "Actual Rows": 455662,
                    "Actual Loops": 2,
                    "Heap Fetches": 911325
                  },
                  {
                    "Node Type": "Sort",
                    "Parent Relationship": "Inner",
                    "Parallel Aware": false,
                    "Startup Cost": 438438.58,
                    "Total Cost": 444684.72,
                    "Plan Rows": 2498457,
                    "Plan Width": 8,
                    "Actual Startup Time": 1528.37,
                    "Actual Total Time": 1571.471,
                    "Actual Rows": 1215466,
                    "Actual Loops": 2,
                    "Sort Key": [
                      "mk.movie_id"
                    ],
                    "Sort Method": "quicksort",
                    "Sort Space Used": 54345,
                    "Sort Space Type": "Memory",
                    "Workers": [
                      {
                        "Worker Number": 0,
                        "Sort Method": "quicksort",
                        "Sort Space Used": 54345,
                        "Sort Space Type": "Memory"
                      }
                    ],
                    "Plans": [
                      {
                        "Node Type": "Hash Join",
                        "Parent Relationship": "Outer",
                        "Parallel Aware": false,
                        "Join Type": "Inner",
                        "Startup Cost": 91376.33,
                        "Total Cost": 172944.97,
                        "Plan Rows": 2498457,
                        "Plan Width": 8,
                        "Actual Startup Time": 641.725,
                        "Actual Total Time": 1402.928,
                        "Actual Rows": 635056,
                        "Actual Loops": 2,
                        "Inner Unique": true,
                        "Hash Cond": "(mk.movie_id = t.id)",
                        "Plans": [
                          {
                            "Node Type": "Seq Scan",
                            "Parent Relationship": "Outer",
                            "Parallel Aware": false,
                            "Relation Name": "movie_keyword",
                            "Alias": "mk",
                            "Startup Cost": 0.0,
                            "Total Cost": 69693.3,
                            "Plan Rows": 4523930,
                            "Plan Width": 4,
                            "Actual Startup Time": 0.036,
                            "Actual Total Time": 296.917,
                            "Actual Rows": 4523930,
                            "Actual Loops": 2
                          },
                          {
                            "Node Type": "Hash",
                            "Parent Relationship": "Inner",
                            "Parallel Aware": false,
                            "Startup Cost": 73922.39,
                            "Total Cost": 73922.39,
                            "Plan Rows": 1396315,
                            "Plan Width": 4,
                            "Actual Startup Time": 621.167,
                            "Actual Total Time": 621.168,
                            "Actual Rows": 1476468,
                            "Actual Loops": 2,
                            "Hash Buckets": 2097152,
                            "Original Hash Buckets": 2097152,
                            "Hash Batches": 1,
                            "Original Hash Batches": 1,
                            "Peak Memory Usage": 68292,
                            "Plans": [
                              {
                                "Node Type": "Seq Scan",
                                "Parent Relationship": "Outer",
                                "Parallel Aware": false,
                                "Relation Name": "title",
                                "Alias": "t",
                                "Startup Cost": 0.0,
                                "Total Cost": 73922.39,
                                "Plan Rows": 1396315,
                                "Plan Width": 4,
                                "Actual Startup Time": 0.031,
                                "Actual Total Time": 297.258,
                                "Actual Rows": 1476468,
                                "Actual Loops": 2,
                                "Filter": "((production_year > 1949) AND (kind_id = 7))",
                                "Rows Removed by Filter": 1051844
                              }
                            ]
                          }
                        ]
                      }
                    ]
                  }
                ]
              }
            ]
          }
        ]
      }
    ]
  },
  "Planning Time": 0.885,
  "Triggers": [],
  "Execution Time": 1878.486
}