[
  {
    "Plan": {
      "Node Type": "Aggregate",
      "Strategy": "Plain",
      "Partial Mode": "Finalize",
      "Parallel Aware": false,
      "Startup Cost": 116757.51,
      "Total Cost": 116757.52,
      "Plan Rows": 1,
      "Plan Width": 8,
      "Actual Startup Time": 849.684,
      "Actual Total Time": 871.52,
      "Actual Rows": 1,
      "Actual Loops": 1,
      "Plans": [
        {
          "Node Type": "Gather",
          "Parent Relationship": "Outer",
          "Parallel Aware": false,
          "Startup Cost": 116757.3,
          "Total Cost": 116757.51,
          "Plan Rows": 2,
          "Plan Width": 8,
          "Actual Startup Time": 842.111,
          "Actual Total Time": 871.51,
          "Actual Rows": 3,
          "Actual Loops": 1,
          "Workers Planned": 2,
          "Workers Launched": 2,
          "Single Copy": false,
          "Plans": [
            {
              "Node Type": "Aggregate",
              "Strategy": "Plain",
              "Partial Mode": "Partial",
              "Parent Relationship": "Outer",
              "Parallel Aware": false,
              "Startup Cost": 115757.3,
              "Total Cost": 115757.31,
              "Plan Rows": 1,
              "Plan Width": 8,
              "Actual Startup Time": 839.108,
              "Actual Total Time": 839.762,
              "Actual Rows": 1,
              "Actual Loops": 3,
              "Plans": [
                {
                  "Node Type": "Hash Join",
                  "Parent Relationship": "Outer",
                  "Parallel Aware": true,
                  "Join Type": "Inner",
                  "Startup Cost": 99023.6,
                  "Total Cost": 115311.17,
                  "Plan Rows": 178450,
                  "Plan Width": 0,
                  "Actual Startup Time": 675.449,
                  "Actual Total Time": 826.475,
                  "Actual Rows": 254564,
                  "Actual Loops": 3,
                  "Inner Unique": false,
                  "Hash Cond": "(mi_idx.movie_id = t.id)",
                  "Plans": [
                    {
                      "Node Type": "Seq Scan",
                      "Parent Relationship": "Outer",
                      "Parallel Aware": true,
                      "Relation Name": "movie_info_idx",
                      "Alias": "mi_idx",
                      "Startup Cost": 0.0,
                      "Total Cost": 13685.15,
                      "Plan Rows": 575015,
                      "Plan Width": 4,
                      "Actual Startup Time": 0.014,
                      "Actual Total Time": 46.078,
                      "Actual Rows": 460012,
                      "Actual Loops": 3
                    },
                    {
                      "Node Type": "Hash",
                      "Parent Relationship": "Inner",
                      "Parallel Aware": true,
                      "Startup Cost": 96571.51,
                      "Total Cost": 96571.51,
                      "Plan Rows": 196167,
                      "Plan Width": 8,
                      "Actual Startup Time": 672.11,
                      "Actual Total Time": 672.762,
                      "Actual Rows": 263151,
                      "Actual Loops": 3,
                      "Hash Buckets": 1048576,
                      "Original Hash Buckets": 1048576,
                      "Hash Batches": 1,
                      "Original Hash Batches": 1,
                      "Peak Memory Usage": 39136,
                      "Plans": [
                        {
                          "Node Type": "Hash Join",
                          "Parent Relationship": "Outer",
                          "Parallel Aware": true,
                          "Join Type": "Inner",
                          "Startup Cost": 47423.74,
                          "Total Cost": 96571.51,
                          "Plan Rows": 196167,
                          "Plan Width": 8,
                          "Actual Startup Time": 258.878,
                          "Actual Total Time": 584.109,
                          "Actual Rows": 263151,
                          "Actual Loops": 3,
                          "Inner Unique": true,
                          "Hash Cond": "(ci.movie_id = t.id)",
                          "Plans": [
                            {
                              "Node Type": "Index Scan",
                              "Parent Relationship": "Outer",
                              "Parallel Aware": true,
                              "Scan Direction": "Forward",
                              "Index Name": "role_id_cast_info",
                              "Relation Name": "cast_info",
                              "Alias": "ci",
                              "Startup Cost": 0.56,
                              "Total Cost": 47993.72,
                              "Plan Rows": 439854,
                              "Plan Width": 4,
                              "Actual Startup Time": 0.292,
                              "Actual Total Time": 104.94,
                              "Actual Rows": 567848,
                              "Actual Loops": 3,
                              "Index Cond": "(role_id = 8)",
                              "Rows Removed by Index Recheck": 0
                            },
                            {
                              "Node Type": "Hash",
                              "Parent Relationship": "Inner",
                              "Parallel Aware": true,
                              "Startup Cost": 43899.32,
                              "Total Cost": 43899.32,
                              "Plan Rows": 281908,
                              "Plan Width": 4,
                              "Actual Startup Time": 253.716,
                              "Actual Total Time": 253.717,
                              "Actual Rows": 377785,
                              "Actual Loops": 3,
                              "Hash Buckets": 2097152,
                              "Original Hash Buckets": 2097152,
                              "Hash Batches": 1,
                              "Original Hash Batches": 1,
                              "Peak Memory Usage": 60768,
                              "Plans": [
                                {
                                  "Node Type": "Seq Scan",
                                  "Parent Relationship": "Outer",
                                  "Parallel Aware": true,
                                  "Relation Name": "title",
                                  "Alias": "t",
                                  "Startup Cost": 0.0,
                                  "Total Cost": 43899.32,
                                  "Plan Rows": 281908,
                                  "Plan Width": 4,
                                  "Actual Startup Time": 0.023,
                                  "Actual Total Time": 126.694,
                                  "Actual Rows": 377785,
                                  "Actual Loops": 3,
                                  "Filter": "(production_year < 2002)",
                                  "Rows Removed by Filter": 464986
                                }
                              ]
                            }
                          ]
                        }
                      ]
                    }
                  ]
                }
              ]
            }
          ]
        }
      ]
    },
    "Planning Time": 0.469,
    "Triggers": [],
    "Execution Time": 871.573
  }
]