{
  "Plan": {
    "Node Type": "Aggregate",
    "Strategy": "Plain",
    "Partial Mode": "Finalize",
    "Parallel Aware": false,
    "Startup Cost": 420656.73,
    "Total Cost": 420656.74,
    "Plan Rows": 1,
    "Plan Width": 8,
    "Actual Startup Time": 862.334,
    "Actual Total Time": 886.602,
    "Actual Rows": 1,
    "Actual Loops": 1,
    "Plans": [
      {
        "Node Type": "Gather",
        "Parent Relationship": "Outer",
        "Parallel Aware": false,
        "Startup Cost": 420656.62,
        "Total Cost": 420656.73,
        "Plan Rows": 1,
        "Plan Width": 8,
        "Actual Startup Time": 859.844,
        "Actual Total Time": 886.593,
        "Actual Rows": 2,
        "Actual Loops": 1,
        "Workers Planned": 1,
        "Workers Launched": 1,
        "Single Copy": false,
        "Plans": [
          {
            "Node Type": "Aggregate",
            "Strategy": "Plain",
            "Partial Mode": "Partial",
            "Parent Relationship": "Outer",
            "Parallel Aware": false,
            "Startup Cost": 419656.62,
            "Total Cost": 419656.63,
            "Plan Rows": 1,
            "Plan Width": 8,
            "Actual Startup Time": 853.649,
            "Actual Total Time": 853.655,
            "Actual Rows": 1,
            "Actual Loops": 2,
            "Plans": [
              {
                "Node Type": "Hash Join",
                "Parent Relationship": "Outer",
                "Parallel Aware": true,
                "Join Type": "Inner",
                "Startup Cost": 154016.06,
                "Total Cost": 419312.85,
                "Plan Rows": 137506,
                "Plan Width": 0,
                "Actual Startup Time": 676.495,
                "Actual Total Time": 844.662,
                "Actual Rows": 212846,
                "Actual Loops": 2,
                "Inner Unique": false,
                "Hash Cond": "(ci.movie_id = t.id)",
                "Plans": [
                  {
                    "Node Type": "Bitmap Heap Scan",
                    "Parent Relationship": "Outer",
                    "Parallel Aware": true,
                    "Relation Name": "cast_info",
                    "Alias": "ci",
                    "Startup Cost": 27268.4,
                    "Total Cost": 289033.04,
                    "Plan Rows": 726211,
                    "Plan Width": 4,
                    "Actual Startup Time": 41.259,
                    "Actual Total Time": 109.161,
                    "Actual Rows": 605230,
                    "Actual Loops": 2,
                    "Recheck Cond": "(person_id > 3827166)",
                    "Rows Removed by Index Recheck": 0,
                    "Exact Heap Blocks": 8698,
                    "Lossy Heap Blocks": 0,
                    "Plans": [
                      {
                        "Node Type": "Bitmap Index Scan",
                        "Parent Relationship": "Outer",
                        "Parallel Aware": false,
                        "Index Name": "person_id_cast_info",
                        "Startup Cost": 0.0,
                        "Total Cost": 26959.76,
                        "Plan Rows": 1234559,
                        "Plan Width": 0,
                        "Actual Startup Time": 38.686,
                        "Actual Total Time": 38.686,
                        "Actual Rows": 1210460,
                        "Actual Loops": 1,
                        "Index Cond": "(person_id > 3827166)"
                      }
                    ]
                  },
                  {
                    "Node Type": "Hash",
                    "Parent Relationship": "Inner",
                    "Parallel Aware": true,
                    "Startup Cost": 123227.61,
                    "Total Cost": 123227.61,
                    "Plan Rows": 281604,
                    "Plan Width": 8,
                    "Actual Startup Time": 629.493,
                    "Actual Total Time": 629.497,
                    "Actual Rows": 131652,
                    "Actual Loops": 2,
                    "Hash Buckets": 524288,
                    "Original Hash Buckets": 524288,
                    "Hash Batches": 1,
                    "Original Hash Batches": 1,
                    "Peak Memory Usage": 14432,
                    "Plans": [
                      {
                        "Node Type": "Hash Join",
                        "Parent Relationship": "Outer",
                        "Parallel Aware": true,
                        "Join Type": "Inner",
                        "Startup Cost": 89281.04,
                        "Total Cost": 123227.61,
                        "Plan Rows": 281604,
                        "Plan Width": 8,
                        "Actual Startup Time": 399.132,
                        "Actual Total Time": 597.919,
                        "Actual Rows": 131652,
                        "Actual Loops": 2,
                        "Inner Unique": true,
                        "Hash Cond": "(mk.movie_id = t.id)",
                        "Plans": [
                          {
                            "Node Type": "Bitmap Heap Scan",
                            "Parent Relationship": "Outer",
                            "Parallel Aware": true,
                            "Relation Name": "movie_keyword",
                            "Alias": "mk",
                            "Startup Cost": 22633.17,
                            "Total Cost": 54932.27,
                            "Plan Rows": 627608,
                            "Plan Width": 4,
                            "Actual Startup Time": 58.483,
                            "Actual Total Time": 157.075,
                            "Actual Rows": 539586,
                            "Actual Loops": 2,
                            "Recheck Cond": "(keyword_id < 1084)",
                            "Rows Removed by Index Recheck": 0,
                            "Exact Heap Blocks": 13561,
                            "Lossy Heap Blocks": 0,
                            "Plans": [
                              {
                                "Node Type": "Bitmap Index Scan",
                                "Parent Relationship": "Outer",
                                "Parallel Aware": false,
                                "Index Name": "keyword_id_movie_keyword",
                                "Startup Cost": 0.0,
                                "Total Cost": 22366.44,
                                "Plan Rows": 1066934,
                                "Plan Width": 0,
                                "Actual Startup Time": 54.792,
                                "Actual Total Time": 54.792,
                                "Actual Rows": 1079173,
                                "Actual Loops": 1,
                                "Index Cond": "(keyword_id < 1084)"
                              }
                            ]
                          },
                          {
                            "Node Type": "Hash",
                            "Parent Relationship": "Inner",
                            "Parallel Aware": true,
                            "Startup Cost": 58306.47,
                            "Total Cost": 58306.47,
                            "Plan Rows": 667312,
                            "Plan Width": 4,
                            "Actual Startup Time": 329.91,
                            "Actual Total Time": 329.91,
                            "Actual Rows": 617422,
                            "Actual Loops": 2,
                            "Hash Buckets": 2097152,
                            "Original Hash Buckets": 2097152,
                            "Hash Batches": 1,
                            "Original Hash Batches": 1,
                            "Peak Memory Usage": 64736,
                            "Plans": [
                              {
                                "Node Type": "Seq Scan",
                                "Parent Relationship": "Outer",
                                "Parallel Aware": true,
                                "Relation Name": "title",
                                "Alias": "t",
                                "Startup Cost": 0.0,
                                "Total Cost": 58306.47,
                                "Plan Rows": 667312,
                                "Plan Width": 4,
                                "Actual Startup Time": 0.061,
                                "Actual Total Time": 166.494,
                                "Actual Rows": 617422,
                                "Actual Loops": 2,
                                "Filter": "((kind_id > 1) AND (production_year > 1997))",
                                "Rows Removed by Filter": 646734
                              }
                            ]
                          }
                        ]
                      }
                    ]
                  }
                ]
              }
            ]
          }
        ]
      }
    ]
  },
  "Planning Time": 1.085,
  "Triggers": [],
  "Execution Time": 886.722
}