{
  "Plan": {
    "Node Type": "Aggregate",
    "Strategy": "Plain",
    "Partial Mode": "Finalize",
    "Parallel Aware": false,
    "Startup Cost": 327977.68,
    "Total Cost": 327977.69,
    "Plan Rows": 1,
    "Plan Width": 8,
    "Actual Startup Time": 2300.238,
    "Actual Total Time": 2335.46,
    "Actual Rows": 1,
    "Actual Loops": 1,
    "Plans": [
      {
        "Node Type": "Gather",
        "Parent Relationship": "Outer",
        "Parallel Aware": false,
        "Startup Cost": 327977.56,
        "Total Cost": 327977.67,
        "Plan Rows": 1,
        "Plan Width": 8,
        "Actual Startup Time": 2291.229,
        "Actual Total Time": 2335.452,
        "Actual Rows": 2,
        "Actual Loops": 1,
        "Workers Planned": 1,
        "Workers Launched": 1,
        "Single Copy": false,
        "Plans": [
          {
            "Node Type": "Aggregate",
            "Strategy": "Plain",
            "Partial Mode": "Partial",
            "Parent Relationship": "Outer",
            "Parallel Aware": false,
            "Startup Cost": 326977.56,
            "Total Cost": 326977.57,
            "Plan Rows": 1,
            "Plan Width": 8,
            "Actual Startup Time": 2280.202,
            "Actual Total Time": 2281.693,
            "Actual Rows": 1,
            "Actual Loops": 2,
            "Plans": [
              {
                "Node Type": "Hash Join",
                "Parent Relationship": "Outer",
                "Parallel Aware": true,
                "Join Type": "Inner",
                "Startup Cost": 158355.24,
                "Total Cost": 326459.66,
                "Plan Rows": 207162,
                "Plan Width": 0,
                "Actual Startup Time": 1288.562,
                "Actual Total Time": 1917.179,
                "Actual Rows": 8775970,
                "Actual Loops": 2,
                "Inner Unique": false,
                "Hash Cond": "(mi.movie_id = t.id)",
                "Plans": [
                  {
                    "Node Type": "Bitmap Heap Scan",
                    "Parent Relationship": "Outer",
                    "Parallel Aware": true,
                    "Relation Name": "movie_info",
                    "Alias": "mi",
                    "Startup Cost": 5618.66,
                    "Total Cost": 171592.82,
                    "Plan Rows": 182332,
                    "Plan Width": 4,
                    "Actual Startup Time": 10.619,
                    "Actual Total Time": 30.441,
                    "Actual Rows": 153394,
                    "Actual Loops": 2,
                    "Recheck Cond": "(info_type_id > 105)",
                    "Rows Removed by Index Recheck": 0,
                    "Exact Heap Blocks": 2535,
                    "Lossy Heap Blocks": 0,
                    "Plans": [
                      {
                        "Node Type": "Bitmap Index Scan",
                        "Parent Relationship": "Outer",
                        "Parallel Aware": false,
                        "Index Name": "info_type_id_movie_info",
                        "Startup Cost": 0.0,
                        "Total Cost": 5541.16,
                        "Plan Rows": 309964,
                        "Plan Width": 0,
                        "Actual Startup Time": 10.001,
                        "Actual Total Time": 10.002,
                        "Actual Rows": 306788,
                        "Actual Loops": 1,
                        "Index Cond": "(info_type_id > 105)"
                      }
                    ]
                  },
                  {
                    "Node Type": "Hash",
                    "Parent Relationship": "Inner",
                    "Parallel Aware": true,
                    "Startup Cost": 131614.53,
                    "Total Cost": 131614.53,
                    "Plan Rows": 1689764,
                    "Plan Width": 8,
                    "Actual Startup Time": 1256.432,
                    "Actual Total Time": 1257.92,
                    "Actual Rows": 1435816,
                    "Actual Loops": 2,
                    "Hash Buckets": 4194304,
                    "Original Hash Buckets": 4194304,
                    "Hash Batches": 1,
                    "Original Hash Batches": 1,
                    "Peak Memory Usage": 145152,
                    "Plans": [
                      {
                        "Node Type": "Hash Join",
                        "Parent Relationship": "Outer",
                        "Parallel Aware": true,
                        "Join Type": "Inner",
                        "Startup Cost": 69460.7,
                        "Total Cost": 131614.53,
                        "Plan Rows": 1689764,
                        "Plan Width": 8,
                        "Actual Startup Time": 519.669,
                        "Actual Total Time": 994.542,
                        "Actual Rows": 1435816,
                        "Actual Loops": 2,
                        "Inner Unique": true,
                        "Hash Cond": "(mk.movie_id = t.id)",
                        "Plans": [
                          {
                            "Node Type": "Seq Scan",
                            "Parent Relationship": "Outer",
                            "Parallel Aware": true,
                            "Relation Name": "movie_keyword",
                            "Alias": "mk",
                            "Startup Cost": 0.0,
                            "Total Cost": 57718.19,
                            "Plan Rows": 1689764,
                            "Plan Width": 4,
                            "Actual Startup Time": 0.014,
                            "Actual Total Time": 204.032,
                            "Actual Rows": 1435816,
                            "Actual Loops": 2,
                            "Filter": "(keyword_id < 8857)",
                            "Rows Removed by Filter": 826148
                          },
                          {
                            "Node Type": "Hash",
                            "Parent Relationship": "Inner",
                            "Parallel Aware": true,
                            "Startup Cost": 50870.31,
                            "Total Cost": 50870.31,
                            "Plan Rows": 1487231,
                            "Plan Width": 4,
                            "Actual Startup Time": 507.931,
                            "Actual Total Time": 507.932,
                            "Actual Rows": 1264156,
                            "Actual Loops": 2,
                            "Hash Buckets": 4194304,
                            "Original Hash Buckets": 4194304,
                            "Hash Batches": 1,
                            "Original Hash Batches": 1,
                            "Peak Memory Usage": 131712,
                            "Plans": [
                              {
                                "Node Type": "Seq Scan",
                                "Parent Relationship": "Outer",
                                "Parallel Aware": true,
                                "Relation Name": "title",
                                "Alias": "t",
                                "Startup Cost": 0.0,
                                "Total Cost": 50870.31,
                                "Plan Rows": 1487231,
                                "Plan Width": 4,
                                "Actual Startup Time": 0.036,
                                "Actual Total Time": 145.507,
                                "Actual Rows": 1264156,
                                "Actual Loops": 2
                              }
                            ]
                          }
                        ]
                      }
                    ]
                  }
                ]
              }
            ]
          }
        ]
      }
    ]
  },
  "Planning Time": 0.693,
  "Triggers": [],
  "Execution Time": 2335.547
}