[
  {
    "Plan": {
      "Node Type": "Aggregate",
      "Strategy": "Plain",
      "Partial Mode": "Finalize",
      "Parallel Aware": false,
      "Startup Cost": 78592.44,
      "Total Cost": 78592.45,
      "Plan Rows": 1,
      "Plan Width": 8,
      "Actual Startup Time": 350.354,
      "Actual Total Time": 365.229,
      "Actual Rows": 1,
      "Actual Loops": 1,
      "Plans": [
        {
          "Node Type": "Gather",
          "Parent Relationship": "Outer",
          "Parallel Aware": false,
          "Startup Cost": 78592.02,
          "Total Cost": 78592.43,
          "Plan Rows": 4,
          "Plan Width": 8,
          "Actual Startup Time": 347.916,
          "Actual Total Time": 365.216,
          "Actual Rows": 5,
          "Actual Loops": 1,
          "Workers Planned": 4,
          "Workers Launched": 4,
          "Single Copy": false,
          "Plans": [
            {
              "Node Type": "Aggregate",
              "Strategy": "Plain",
              "Partial Mode": "Partial",
              "Parent Relationship": "Outer",
              "Parallel Aware": false,
              "Startup Cost": 77592.02,
              "Total Cost": 77592.03,
              "Plan Rows": 1,
              "Plan Width": 8,
              "Actual Startup Time": 339.97,
              "Actual Total Time": 339.974,
              "Actual Rows": 1,
              "Actual Loops": 5,
              "Plans": [
                {
                  "Node Type": "Hash Join",
                  "Parent Relationship": "Outer",
                  "Parallel Aware": true,
                  "Join Type": "Inner",
                  "Startup Cost": 31378.76,
                  "Total Cost": 77271.46,
                  "Plan Rows": 128221,
                  "Plan Width": 0,
                  "Actual Startup Time": 112.679,
                  "Actual Total Time": 333.9,
                  "Actual Rows": 104810,
                  "Actual Loops": 5,
                  "Inner Unique": false,
                  "Hash Cond": "(t.id = mc.movie_id)",
                  "Plans": [
                    {
                      "Node Type": "Seq Scan",
                      "Parent Relationship": "Outer",
                      "Parallel Aware": true,
                      "Relation Name": "title",
                      "Alias": "t",
                      "Startup Cost": 0.0,
                      "Total Cost": 42318.73,
                      "Plan Rows": 632073,
                      "Plan Width": 4,
                      "Actual Startup Time": 0.011,
                      "Actual Total Time": 72.877,
                      "Actual Rows": 505662,
                      "Actual Loops": 5
                    },
                    {
                      "Node Type": "Hash",
                      "Parent Relationship": "Inner",
                      "Parallel Aware": true,
                      "Startup Cost": 29310.68,
                      "Total Cost": 29310.68,
                      "Plan Rows": 165446,
                      "Plan Width": 4,
                      "Actual Startup Time": 109.792,
                      "Actual Total Time": 109.793,
                      "Actual Rows": 104810,
                      "Actual Loops": 5,
                      "Hash Buckets": 524288,
                      "Original Hash Buckets": 524288,
                      "Hash Batches": 1,
                      "Original Hash Batches": 1,
                      "Peak Memory Usage": 24704,
                      "Plans": [
                        {
                          "Node Type": "Seq Scan",
                          "Parent Relationship": "Outer",
                          "Parallel Aware": true,
                          "Relation Name": "movie_companies",
                          "Alias": "mc",
                          "Startup Cost": 0.0,
                          "Total Cost": 29310.68,
                          "Plan Rows": 165446,
                          "Plan Width": 4,
                          "Actual Startup Time": 40.598,
                          "Actual Total Time": 73.22,
                          "Actual Rows": 104810,
                          "Actual Loops": 5,
                          "Filter": "(company_id > 73106)",
                          "Rows Removed by Filter": 417016
                        }
                      ]
                    }
                  ]
                }
              ]
            }
          ]
        }
      ]
    },
    "Planning Time": 0.659,
    "Triggers": [],
    "Execution Time": 365.316
  }
]