[
  {
    "Plan": {
      "Node Type": "Aggregate",
      "Strategy": "Plain",
      "Partial Mode": "Finalize",
      "Parallel Aware": false,
      "Startup Cost": 203070.23,
      "Total Cost": 203070.24,
      "Plan Rows": 1,
      "Plan Width": 8,
      "Actual Startup Time": 259.738,
      "Actual Total Time": 286.715,
      "Actual Rows": 1,
      "Actual Loops": 1,
      "Plans": [
        {
          "Node Type": "Gather",
          "Parent Relationship": "Outer",
          "Parallel Aware": false,
          "Startup Cost": 203069.6,
          "Total Cost": 203070.21,
          "Plan Rows": 6,
          "Plan Width": 8,
          "Actual Startup Time": 259.628,
          "Actual Total Time": 286.703,
          "Actual Rows": 7,
          "Actual Loops": 1,
          "Workers Planned": 6,
          "Workers Launched": 6,
          "Single Copy": false,
          "Plans": [
            {
              "Node Type": "Aggregate",
              "Strategy": "Plain",
              "Partial Mode": "Partial",
              "Parent Relationship": "Outer",
              "Parallel Aware": false,
              "Startup Cost": 202069.6,
              "Total Cost": 202069.61,
              "Plan Rows": 1,
              "Plan Width": 8,
              "Actual Startup Time": 251.086,
              "Actual Total Time": 251.088,
              "Actual Rows": 1,
              "Actual Loops": 7,
              "Plans": [
                {
                  "Node Type": "Index Scan",
                  "Parent Relationship": "Outer",
                  "Parallel Aware": true,
                  "Scan Direction": "Forward",
                  "Index Name": "role_id_cast_info",
                  "Relation Name": "cast_info",
                  "Alias": "ci",
                  "Startup Cost": 0.56,
                  "Total Cost": 201884.69,
                  "Plan Rows": 73964,
                  "Plan Width": 0,
                  "Actual Startup Time": 9.752,
                  "Actual Total Time": 251.072,
                  "Actual Rows": 39,
                  "Actual Loops": 7,
                  "Index Cond": "(role_id = 2)",
                  "Rows Removed by Index Recheck": 0,
                  "Filter": "(person_id < 215028)",
                  "Rows Removed by Filter": 1064529
                }
              ]
            }
          ]
        }
      ]
    },
    "Planning Time": 0.11,
    "Triggers": [],
    "Execution Time": 286.759
  }
]