{
  "Plan": {
    "Node Type": "Aggregate",
    "Strategy": "Plain",
    "Partial Mode": "Finalize",
    "Parallel Aware": false,
    "Startup Cost": 434323.01,
    "Total Cost": 434323.02,
    "Plan Rows": 1,
    "Plan Width": 8,
    "Actual Startup Time": 3218.363,
    "Actual Total Time": 3257.03,
    "Actual Rows": 1,
    "Actual Loops": 1,
    "Plans": [
      {
        "Node Type": "Gather",
        "Parent Relationship": "Outer",
        "Parallel Aware": false,
        "Startup Cost": 434322.9,
        "Total Cost": 434323.01,
        "Plan Rows": 1,
        "Plan Width": 8,
        "Actual Startup Time": 3209.57,
        "Actual Total Time": 3257.02,
        "Actual Rows": 2,
        "Actual Loops": 1,
        "Workers Planned": 1,
        "Workers Launched": 1,
        "Single Copy": false,
        "Plans": [
          {
            "Node Type": "Aggregate",
            "Strategy": "Plain",
            "Partial Mode": "Partial",
            "Parent Relationship": "Outer",
            "Parallel Aware": false,
            "Startup Cost": 433322.9,
            "Total Cost": 433322.91,
            "Plan Rows": 1,
            "Plan Width": 8,
            "Actual Startup Time": 3200.083,
            "Actual Total Time": 3200.622,
            "Actual Rows": 1,
            "Actual Loops": 2,
            "Plans": [
              {
                "Node Type": "Hash Join",
                "Parent Relationship": "Outer",
                "Parallel Aware": true,
                "Join Type": "Inner",
                "Startup Cost": 354888.66,
                "Total Cost": 428971.43,
                "Plan Rows": 1740588,
                "Plan Width": 0,
                "Actual Startup Time": 2353.146,
                "Actual Total Time": 3022.638,
                "Actual Rows": 4114256,
                "Actual Loops": 2,
                "Inner Unique": false,
                "Hash Cond": "(mk.movie_id = t.id)",
                "Plans": [
                  {
                    "Node Type": "Seq Scan",
                    "Parent Relationship": "Outer",
                    "Parallel Aware": true,
                    "Relation Name": "movie_keyword",
                    "Alias": "mk",
                    "Startup Cost": 0.0,
                    "Total Cost": 57718.19,
                    "Plan Rows": 1225165,
                    "Plan Width": 4,
                    "Actual Startup Time": 0.612,
                    "Actual Total Time": 193.858,
                    "Actual Rows": 1040214,
                    "Actual Loops": 2,
                    "Filter": "(keyword_id > 5816)",
                    "Rows Removed by Filter": 1221752
                  },
                  {
                    "Node Type": "Hash",
                    "Parent Relationship": "Inner",
                    "Parallel Aware": true,
                    "Startup Cost": 328477.35,
                    "Total Cost": 328477.35,
                    "Plan Rows": 2112905,
                    "Plan Width": 8,
                    "Actual Startup Time": 2331.936,
                    "Actual Total Time": 2332.473,
                    "Actual Rows": 1812488,
                    "Actual Loops": 2,
                    "Hash Buckets": 4194304,
                    "Original Hash Buckets": 4194304,
                    "Hash Batches": 1,
                    "Original Hash Batches": 1,
                    "Peak Memory Usage": 174624,
                    "Plans": [
                      {
                        "Node Type": "Hash Join",
                        "Parent Relationship": "Outer",
                        "Parallel Aware": true,
                        "Join Type": "Inner",
                        "Startup Cost": 134526.65,
                        "Total Cost": 328477.35,
                        "Plan Rows": 2112905,
                        "Plan Width": 8,
                        "Actual Startup Time": 779.105,
                        "Actual Total Time": 1750.692,
                        "Actual Rows": 1812488,
                        "Actual Loops": 2,
                        "Inner Unique": true,
                        "Hash Cond": "(mi.movie_id = t.id)",
                        "Plans": [
                          {
                            "Node Type": "Bitmap Heap Scan",
                            "Parent Relationship": "Outer",
                            "Parallel Aware": true,
                            "Relation Name": "movie_info",
                            "Alias": "mi",
                            "Startup Cost": 65065.95,
                            "Total Cost": 253470.26,
                            "Plan Rows": 2112905,
                            "Plan Width": 4,
                            "Actual Startup Time": 153.556,
                            "Actual Total Time": 345.182,
                            "Actual Rows": 1812488,
                            "Actual Loops": 2,
                            "Recheck Cond": "(info_type_id < 4)",
                            "Rows Removed by Index Recheck": 0,
                            "Exact Heap Blocks": 10032,
                            "Lossy Heap Blocks": 0,
                            "Plans": [
                              {
                                "Node Type": "Bitmap Index Scan",
                                "Parent Relationship": "Outer",
                                "Parallel Aware": false,
                                "Index Name": "info_type_id_movie_info",
                                "Startup Cost": 0.0,
                                "Total Cost": 64167.97,
                                "Plan Rows": 3591938,
                                "Plan Width": 0,
                                "Actual Startup Time": 148.033,
                                "Actual Total Time": 148.033,
                                "Actual Rows": 3624977,
                                "Actual Loops": 1,
                                "Index Cond": "(info_type_id < 4)"
                              }
                            ]
                          },
                          {
                            "Node Type": "Hash",
                            "Parent Relationship": "Inner",
                            "Parallel Aware": true,
                            "Startup Cost": 50870.31,
                            "Total Cost": 50870.31,
                            "Plan Rows": 1487231,
                            "Plan Width": 4,
                            "Actual Startup Time": 610.167,
                            "Actual Total Time": 610.168,
                            "Actual Rows": 1264156,
                            "Actual Loops": 2,
                            "Hash Buckets": 4194304,
                            "Original Hash Buckets": 4194304,
                            "Hash Batches": 1,
                            "Original Hash Batches": 1,
                            "Peak Memory Usage": 131712,
                            "Plans": [
                              {
                                "Node Type": "Seq Scan",
                                "Parent Relationship": "Outer",
                                "Parallel Aware": true,
                                "Relation Name": "title",
                                "Alias": "t",
                                "Startup Cost": 0.0,
                                "Total Cost": 50870.31,
                                "Plan Rows": 1487231,
                                "Plan Width": 4,
                                "Actual Startup Time": 0.044,
                                "Actual Total Time": 177.981,
                                "Actual Rows": 1264156,
                                "Actual Loops": 2
                              }
                            ]
                          }
                        ]
                      }
                    ]
                  }
                ]
              }
            ]
          }
        ]
      }
    ]
  },
  "Planning Time": 0.636,
  "Triggers": [],
  "Execution Time": 3257.1
}