[
  {
    "Bao": {
      "Bao prediction": 2319.377,
      "Bao recommended hint": "SET enable_nestloop TO off; SET enable_mergejoin TO off; SET enable_indexscan TO off; "
    }
  },
  {
    "Plan": {
      "Node Type": "Aggregate",
      "Strategy": "Plain",
      "Partial Mode": "Finalize",
      "Parallel Aware": false,
      "Startup Cost": 755138.64,
      "Total Cost": 755138.65,
      "Plan Rows": 1,
      "Plan Width": 64,
      "Actual Startup Time": 3598.937,
      "Actual Total Time": 3699.954,
      "Actual Rows": 1,
      "Actual Loops": 1,
      "Plans": [
        {
          "Node Type": "Gather",
          "Parent Relationship": "Outer",
          "Parallel Aware": false,
          "Startup Cost": 755138.53,
          "Total Cost": 755138.64,
          "Plan Rows": 1,
          "Plan Width": 64,
          "Actual Startup Time": 3598.698,
          "Actual Total Time": 3699.942,
          "Actual Rows": 2,
          "Actual Loops": 1,
          "Workers Planned": 1,
          "Workers Launched": 1,
          "Single Copy": false,
          "Plans": [
            {
              "Node Type": "Aggregate",
              "Strategy": "Plain",
              "Partial Mode": "Partial",
              "Parent Relationship": "Outer",
              "Parallel Aware": false,
              "Startup Cost": 754138.53,
              "Total Cost": 754138.54,
              "Plan Rows": 1,
              "Plan Width": 64,
              "Actual Startup Time": 3590.751,
              "Actual Total Time": 3590.778,
              "Actual Rows": 1,
              "Actual Loops": 2,
              "Plans": [
                {
                  "Node Type": "Hash Join",
                  "Parent Relationship": "Outer",
                  "Parallel Aware": false,
                  "Join Type": "Inner",
                  "Startup Cost": 749228.87,
                  "Total Cost": 754138.52,
                  "Plan Rows": 1,
                  "Plan Width": 32,
                  "Actual Startup Time": 3576.414,
                  "Actual Total Time": 3590.763,
                  "Actual Rows": 8,
                  "Actual Loops": 2,
                  "Inner Unique": true,
                  "Hash Cond": "(ci.role_id = rt.id)",
                  "Plans": [
                    {
                      "Node Type": "Hash Join",
                      "Parent Relationship": "Outer",
                      "Parallel Aware": true,
                      "Join Type": "Inner",
                      "Startup Cost": 749227.71,
                      "Total Cost": 754137.36,
                      "Plan Rows": 1,
                      "Plan Width": 36,
                      "Actual Startup Time": 3575.895,
                      "Actual Total Time": 3590.24,
                      "Actual Rows": 8,
                      "Actual Loops": 2,
                      "Inner Unique": false,
                      "Hash Cond": "(cn.id = mc.company_id)",
                      "Plans": [
                        {
                          "Node Type": "Seq Scan",
                          "Parent Relationship": "Outer",
                          "Parallel Aware": true,
                          "Relation Name": "company_name",
                          "Alias": "cn",
                          "Startup Cost": 0.0,
                          "Total Cost": 4722.92,
                          "Plan Rows": 49792,
                          "Plan Width": 4,
                          "Actual Startup Time": 0.019,
                          "Actual Total Time": 15.464,
                          "Actual Rows": 42422,
                          "Actual Loops": 2,
                          "Filter": "((country_code)::text = '[us]'::text)",
                          "Rows Removed by Filter": 75077
                        },
                        {
                          "Node Type": "Hash",
                          "Parent Relationship": "Inner",
                          "Parallel Aware": true,
                          "Startup Cost": 749227.7,
                          "Total Cost": 749227.7,
                          "Plan Rows": 1,
                          "Plan Width": 40,
                          "Actual Startup Time": 3571.872,
                          "Actual Total Time": 3571.895,
                          "Actual Rows": 8,
                          "Actual Loops": 2,
                          "Hash Buckets": 1024,
                          "Original Hash Buckets": 1024,
                          "Hash Batches": 1,
                          "Original Hash Batches": 1,
                          "Peak Memory Usage": 40,
                          "Plans": [
                            {
                              "Node Type": "Hash Join",
                              "Parent Relationship": "Outer",
                              "Parallel Aware": true,
                              "Join Type": "Inner",
                              "Startup Cost": 715587.26,
                              "Total Cost": 749227.7,
                              "Plan Rows": 1,
                              "Plan Width": 40,
                              "Actual Startup Time": 3522.524,
                              "Actual Total Time": 3571.845,
                              "Actual Rows": 8,
                              "Actual Loops": 2,
                              "Inner Unique": false,
                              "Hash Cond": "(mc.movie_id = t.id)",
                              "Plans": [
                                {
                                  "Node Type": "Seq Scan",
                                  "Parent Relationship": "Outer",
                                  "Parallel Aware": true,
                                  "Relation Name": "movie_companies",
                                  "Alias": "mc",
                                  "Startup Cost": 0.0,
                                  "Total Cost": 33518.95,
                                  "Plan Rows": 32394,
                                  "Plan Width": 8,
                                  "Actual Startup Time": 0.014,
                                  "Actual Total Time": 167.683,
                                  "Actual Rows": 99260,
                                  "Actual Loops": 2,
                                  "Filter": "((note ~~ '%(200%)%'::text) AND ((note ~~ '%(USA)%'::text) OR (note ~~ '%(worldwide)%'::text)))",
                                  "Rows Removed by Filter": 1205305
                                },
                                {
                                  "Node Type": "Hash",
                                  "Parent Relationship": "Inner",
                                  "Parallel Aware": true,
                                  "Startup Cost": 715587.24,
                                  "Total Cost": 715587.24,
                                  "Plan Rows": 1,
                                  "Plan Width": 48,
                                  "Actual Startup Time": 3398.02,
                                  "Actual Total Time": 3398.04,
                                  "Actual Rows": 2,
                                  "Actual Loops": 2,
                                  "Hash Buckets": 1024,
                                  "Original Hash Buckets": 1024,
                                  "Hash Batches": 1,
                                  "Original Hash Batches": 1,
                                  "Peak Memory Usage": 40,
                                  "Plans": [
                                    {
                                      "Node Type": "Hash Join",
                                      "Parent Relationship": "Outer",
                                      "Parallel Aware": true,
                                      "Join Type": "Inner",
                                      "Startup Cost": 668344.33,
                                      "Total Cost": 715587.24,
                                      "Plan Rows": 1,
                                      "Plan Width": 48,
                                      "Actual Startup Time": 3357.153,
                                      "Actual Total Time": 3398.016,
                                      "Actual Rows": 2,
                                      "Actual Loops": 2,
                                      "Inner Unique": false,
                                      "Hash Cond": "(chn.id = ci.person_role_id)",
                                      "Plans": [
                                        {
                                          "Node Type": "Seq Scan",
                                          "Parent Relationship": "Outer",
                                          "Parallel Aware": true,
                                          "Relation Name": "char_name",
                                          "Alias": "chn",
                                          "Startup Cost": 0.0,
                                          "Total Cost": 44298.83,
                                          "Plan Rows": 785084,
                                          "Plan Width": 4,
                                          "Actual Startup Time": 0.01,
                                          "Actual Total Time": 160.302,
                                          "Actual Rows": 1570170,
                                          "Actual Loops": 2
                                        },
                                        {
                                          "Node Type": "Hash",
                                          "Parent Relationship": "Inner",
                                          "Parallel Aware": true,
                                          "Startup Cost": 668344.32,
                                          "Total Cost": 668344.32,
                                          "Plan Rows": 1,
                                          "Plan Width": 52,
                                          "Actual Startup Time": 3145.323,
                                          "Actual Total Time": 3145.34,
                                          "Actual Rows": 2,
                                          "Actual Loops": 2,
                                          "Hash Buckets": 1024,
                                          "Original Hash Buckets": 1024,
                                          "Hash Batches": 1,
                                          "Original Hash Batches": 1,
                                          "Peak Memory Usage": 40,
                                          "Plans": [
                                            {
                                              "Node Type": "Hash Join",
                                              "Parent Relationship": "Outer",
                                              "Parallel Aware": true,
                                              "Join Type": "Inner",
                                              "Startup Cost": 653277.49,
                                              "Total Cost": 668344.32,
                                              "Plan Rows": 1,
                                              "Plan Width": 52,
                                              "Actual Startup Time": 3116.823,
                                              "Actual Total Time": 3145.311,
                                              "Actual Rows": 2,
                                              "Actual Loops": 2,
                                              "Inner Unique": false,
                                              "Hash Cond": "(n.id = ci.person_id)",
                                              "Plans": [
                                                {
                                                  "Node Type": "Hash Join",
                                                  "Parent Relationship": "Outer",
                                                  "Parallel Aware": true,
                                                  "Join Type": "Inner",
                                                  "Startup Cost": 71241.05,
                                                  "Total Cost": 86307.85,
                                                  "Plan Rows": 7,
                                                  "Plan Width": 23,
                                                  "Actual Startup Time": 299.683,
                                                  "Actual Total Time": 384.695,
                                                  "Actual Rows": 648,
                                                  "Actual Loops": 2,
                                                  "Inner Unique": true,
                                                  "Hash Cond": "(an.person_id = n.id)",
                                                  "Plans": [
                                                    {
                                                      "Node Type": "Seq Scan",
                                                      "Parent Relationship": "Outer",
                                                      "Parallel Aware": true,
                                                      "Relation Name": "aka_name",
                                                      "Alias": "an",
                                                      "Startup Cost": 0.0,
                                                      "Total Cost": 14303.56,
                                                      "Plan Rows": 290756,
                                                      "Plan Width": 4,
                                                      "Actual Startup Time": 0.01,
                                                      "Actual Total Time": 47.459,
                                                      "Actual Rows": 450672,
                                                      "Actual Loops": 2
                                                    },
                                                    {
                                                      "Node Type": "Hash",
                                                      "Parent Relationship": "Inner",
                                                      "Parallel Aware": true,
                                                      "Startup Cost": 71240.75,
                                                      "Total Cost": 71240.75,
                                                      "Plan Rows": 24,
                                                      "Plan Width": 19,
                                                      "Actual Startup Time": 299.013,
                                                      "Actual Total Time": 299.015,
                                                      "Actual Rows": 2704,
                                                      "Actual Loops": 2,
                                                      "Hash Buckets": 8192,
                                                      "Original Hash Buckets": 1024,
                                                      "Hash Batches": 1,
                                                      "Original Hash Batches": 1,
                                                      "Peak Memory Usage": 472,
                                                      "Plans": [
                                                        {
                                                          "Node Type": "Seq Scan",
                                                          "Parent Relationship": "Outer",
                                                          "Parallel Aware": true,
                                                          "Relation Name": "name",
                                                          "Alias": "n",
                                                          "Startup Cost": 0.0,
                                                          "Total Cost": 71240.75,
                                                          "Plan Rows": 24,
                                                          "Plan Width": 19,
                                                          "Actual Startup Time": 119.342,
                                                          "Actual Total Time": 288.679,
                                                          "Actual Rows": 2704,
                                                          "Actual Loops": 2,
                                                          "Filter": "((name ~~ '%Angel%'::text) AND ((gender)::text = 'f'::text))",
                                                          "Rows Removed by Filter": 2081041
                                                        }
                                                      ]
                                                    }
                                                  ]
                                                },
                                                {
                                                  "Node Type": "Hash",
                                                  "Parent Relationship": "Inner",
                                                  "Parallel Aware": true,
                                                  "Startup Cost": 582036.43,
                                                  "Total Cost": 582036.43,
                                                  "Plan Rows": 1,
                                                  "Plan Width": 41,
                                                  "Actual Startup Time": 2760.458,
                                                  "Actual Total Time": 2760.467,
                                                  "Actual Rows": 34,
                                                  "Actual Loops": 2,
                                                  "Hash Buckets": 1024,
                                                  "Original Hash Buckets": 1024,
                                                  "Hash Batches": 1,
                                                  "Original Hash Batches": 1,
                                                  "Peak Memory Usage": 72,
                                                  "Plans": [
                                                    {
                                                      "Node Type": "Hash Join",
                                                      "Parent Relationship": "Outer",
                                                      "Parallel Aware": true,
                                                      "Join Type": "Inner",
                                                      "Startup Cost": 375592.84,
                                                      "Total Cost": 582036.43,
                                                      "Plan Rows": 1,
                                                      "Plan Width": 41,
                                                      "Actual Startup Time": 2217.049,
                                                      "Actual Total Time": 2760.412,
                                                      "Actual Rows": 34,
                                                      "Actual Loops": 2,
                                                      "Inner Unique": false,
                                                      "Hash Cond": "(mi.movie_id = t.id)",
                                                      "Plans": [
                                                        {
                                                          "Node Type": "Hash Join",
                                                          "Parent Relationship": "Outer",
                                                          "Parallel Aware": false,
                                                          "Join Type": "Inner",
                                                          "Startup Cost": 2.43,
                                                          "Total Cost": 206445.99,
                                                          "Plan Rows": 3,
                                                          "Plan Width": 4,
                                                          "Actual Startup Time": 255.34,
                                                          "Actual Total Time": 948.032,
                                                          "Actual Rows": 34739,
                                                          "Actual Loops": 2,
                                                          "Inner Unique": true,
                                                          "Hash Cond": "(mi.info_type_id = it.id)",
                                                          "Plans": [
                                                            {
                                                              "Node Type": "Seq Scan",
                                                              "Parent Relationship": "Outer",
                                                              "Parallel Aware": true,
                                                              "Relation Name": "movie_info",
                                                              "Alias": "mi",
                                                              "Startup Cost": 0.0,
                                                              "Total Cost": 206442.71,
                                                              "Plan Rows": 312,
                                                              "Plan Width": 8,
                                                              "Actual Startup Time": 255.245,
                                                              "Actual Total Time": 942.816,
                                                              "Actual Rows": 34739,
                                                              "Actual Loops": 2,
                                                              "Filter": "((info IS NOT NULL) AND ((info ~~ 'Japan:%2007%'::text) OR (info ~~ 'USA:%2008%'::text)))",
                                                              "Rows Removed by Filter": 7383121
                                                            },
                                                            {
                                                              "Node Type": "Hash",
                                                              "Parent Relationship": "Inner",
                                                              "Parallel Aware": false,
                                                              "Startup Cost": 2.41,
                                                              "Total Cost": 2.41,
                                                              "Plan Rows": 1,
                                                              "Plan Width": 4,
                                                              "Actual Startup Time": 0.055,
                                                              "Actual Total Time": 0.056,
                                                              "Actual Rows": 1,
                                                              "Actual Loops": 2,
                                                              "Hash Buckets": 1024,
                                                              "Original Hash Buckets": 1024,
                                                              "Hash Batches": 1,
                                                              "Original Hash Batches": 1,
                                                              "Peak Memory Usage": 9,
                                                              "Plans": [
                                                                {
                                                                  "Node Type": "Seq Scan",
                                                                  "Parent Relationship": "Outer",
                                                                  "Parallel Aware": false,
                                                                  "Relation Name": "info_type",
                                                                  "Alias": "it",
                                                                  "Startup Cost": 0.0,
                                                                  "Total Cost": 2.41,
                                                                  "Plan Rows": 1,
                                                                  "Plan Width": 4,
                                                                  "Actual Startup Time": 0.039,
                                                                  "Actual Total Time": 0.044,
                                                                  "Actual Rows": 1,
                                                                  "Actual Loops": 2,
                                                                  "Filter": "((info)::text = 'release dates'::text)",
                                                                  "Rows Removed by Filter": 112
                                                                }
                                                              ]
                                                            }
                                                          ]
                                                        },
                                                        {
                                                          "Node Type": "Hash",
                                                          "Parent Relationship": "Inner",
                                                          "Parallel Aware": true,
                                                          "Startup Cost": 375590.4,
                                                          "Total Cost": 375590.4,
                                                          "Plan Rows": 1,
                                                          "Plan Width": 37,
                                                          "Actual Startup Time": 1809.897,
                                                          "Actual Total Time": 1809.901,
                                                          "Actual Rows": 36,
                                                          "Actual Loops": 2,
                                                          "Hash Buckets": 1024,
                                                          "Original Hash Buckets": 1024,
                                                          "Hash Batches": 1,
                                                          "Original Hash Batches": 1,
                                                          "Peak Memory Usage": 72,
                                                          "Plans": [
                                                            {
                                                              "Node Type": "Hash Join",
                                                              "Parent Relationship": "Outer",
                                                              "Parallel Aware": true,
                                                              "Join Type": "Inner",
                                                              "Startup Cost": 47057.25,
                                                              "Total Cost": 375590.4,
                                                              "Plan Rows": 1,
                                                              "Plan Width": 37,
                                                              "Actual Startup Time": 261.1,
                                                              "Actual Total Time": 1809.762,
                                                              "Actual Rows": 36,
                                                              "Actual Loops": 2,
                                                              "Inner Unique": true,
                                                              "Hash Cond": "(ci.movie_id = t.id)",
                                                              "Plans": [
                                                                {
                                                                  "Node Type": "Seq Scan",
                                                                  "Parent Relationship": "Outer",
                                                                  "Parallel Aware": true,
                                                                  "Relation Name": "cast_info",
                                                                  "Alias": "ci",
                                                                  "Startup Cost": 0.0,
                                                                  "Total Cost": 328230.15,
                                                                  "Plan Rows": 115430,
                                                                  "Plan Width": 16,
                                                                  "Actual Startup Time": 0.035,
                                                                  "Actual Total Time": 1601.34,
                                                                  "Actual Rows": 356914,
                                                                  "Actual Loops": 2,
                                                                  "Filter": "(note = '(voice)'::text)",
                                                                  "Rows Removed by Filter": 17765258
                                                                },
                                                                {
                                                                  "Node Type": "Hash",
                                                                  "Parent Relationship": "Inner",
                                                                  "Parallel Aware": true,
                                                                  "Startup Cost": 47057.17,
                                                                  "Total Cost": 47057.17,
                                                                  "Plan Rows": 6,
                                                                  "Plan Width": 21,
                                                                  "Actual Startup Time": 179.364,
                                                                  "Actual Total Time": 179.365,
                                                                  "Actual Rows": 4,
                                                                  "Actual Loops": 2,
                                                                  "Hash Buckets": 1024,
                                                                  "Original Hash Buckets": 1024,
                                                                  "Hash Batches": 1,
                                                                  "Original Hash Batches": 1,
                                                                  "Peak Memory Usage": 72,
                                                                  "Plans": [
                                                                    {
                                                                      "Node Type": "Seq Scan",
                                                                      "Parent Relationship": "Outer",
                                                                      "Parallel Aware": true,
                                                                      "Relation Name": "title",
                                                                      "Alias": "t",
                                                                      "Startup Cost": 0.0,
                                                                      "Total Cost": 47057.17,
                                                                      "Plan Rows": 6,
                                                                      "Plan Width": 21,
                                                                      "Actual Startup Time": 35.877,
                                                                      "Actual Total Time": 179.324,
                                                                      "Actual Rows": 4,
                                                                      "Actual Loops": 2,
                                                                      "Filter": "((production_year >= 2007) AND (production_year <= 2008) AND (title ~~ '%Kung%Fu%Panda%'::text))",
                                                                      "Rows Removed by Filter": 1264152
                                                                    }
                                                                  ]
                                                                }
                                                              ]
                                                            }
                                                          ]
                                                        }
                                                      ]
                                                    }
                                                  ]
                                                }
                                              ]
                                            }
                                          ]
                                        }
                                      ]
                                    }
                                  ]
                                }
                              ]
                            }
                          ]
                        }
                      ]
                    },
                    {
                      "Node Type": "Hash",
                      "Parent Relationship": "Inner",
                      "Parallel Aware": false,
                      "Startup Cost": 1.15,
                      "Total Cost": 1.15,
                      "Plan Rows": 1,
                      "Plan Width": 4,
                      "Actual Startup Time": 0.062,
                      "Actual Total Time": 0.063,
                      "Actual Rows": 1,
                      "Actual Loops": 2,
                      "Hash Buckets": 1024,
                      "Original Hash Buckets": 1024,
                      "Hash Batches": 1,
                      "Original Hash Batches": 1,
                      "Peak Memory Usage": 9,
                      "Plans": [
                        {
                          "Node Type": "Seq Scan",
                          "Parent Relationship": "Outer",
                          "Parallel Aware": false,
                          "Relation Name": "role_type",
                          "Alias": "rt",
                          "Startup Cost": 0.0,
                          "Total Cost": 1.15,
                          "Plan Rows": 1,
                          "Plan Width": 4,
                          "Actual Startup Time": 0.041,
                          "Actual Total Time": 0.045,
                          "Actual Rows": 1,
                          "Actual Loops": 2,
                          "Filter": "((role)::text = 'actress'::text)",
                          "Rows Removed by Filter": 11
                        }
                      ]
                    }
                  ]
                }
              ]
            }
          ]
        }
      ]
    },
    "Planning Time": 727.092,
    "Triggers": [],
    "Execution Time": 3701.125
  }
]