{
  "Plan": {
    "Node Type": "Aggregate",
    "Strategy": "Plain",
    "Partial Mode": "Finalize",
    "Parallel Aware": false,
    "Startup Cost": 109436.75,
    "Total Cost": 109436.76,
    "Plan Rows": 1,
    "Plan Width": 8,
    "Actual Startup Time": 252.659,
    "Actual Total Time": 265.174,
    "Actual Rows": 1,
    "Actual Loops": 1,
    "Plans": [
      {
        "Node Type": "Gather",
        "Parent Relationship": "Outer",
        "Parallel Aware": false,
        "Startup Cost": 109436.64,
        "Total Cost": 109436.75,
        "Plan Rows": 1,
        "Plan Width": 8,
        "Actual Startup Time": 252.456,
        "Actual Total Time": 265.168,
        "Actual Rows": 2,
        "Actual Loops": 1,
        "Workers Planned": 1,
        "Workers Launched": 1,
        "Single Copy": false,
        "Plans": [
          {
            "Node Type": "Aggregate",
            "Strategy": "Plain",
            "Partial Mode": "Partial",
            "Parent Relationship": "Outer",
            "Parallel Aware": false,
            "Startup Cost": 108436.64,
            "Total Cost": 108436.65,
            "Plan Rows": 1,
            "Plan Width": 8,
            "Actual Startup Time": 248.453,
            "Actual Total Time": 248.457,
            "Actual Rows": 1,
            "Actual Loops": 2,
            "Plans": [
              {
                "Node Type": "Nested Loop",
                "Parent Relationship": "Outer",
                "Parallel Aware": false,
                "Join Type": "Inner",
                "Startup Cost": 71407.59,
                "Total Cost": 108426.21,
                "Plan Rows": 4170,
                "Plan Width": 0,
                "Actual Startup Time": 162.455,
                "Actual Total Time": 248.306,
                "Actual Rows": 1599,
                "Actual Loops": 2,
                "Inner Unique": false,
                "Join Filter": "(t.id = mi.movie_id)",
                "Rows Removed by Join Filter": 0,
                "Plans": [
                  {
                    "Node Type": "Hash Join",
                    "Parent Relationship": "Outer",
                    "Parallel Aware": true,
                    "Join Type": "Inner",
                    "Startup Cost": 71407.16,
                    "Total Cost": 95901.67,
                    "Plan Rows": 2935,
                    "Plan Width": 8,
                    "Actual Startup Time": 162.35,
                    "Actual Total Time": 234.36,
                    "Actual Rows": 2136,
                    "Actual Loops": 2,
                    "Inner Unique": true,
                    "Hash Cond": "(mc.movie_id = t.id)",
                    "Plans": [
                      {
                        "Node Type": "Bitmap Heap Scan",
                        "Parent Relationship": "Outer",
                        "Parallel Aware": true,
                        "Relation Name": "movie_companies",
                        "Alias": "mc",
                        "Startup Cost": 12792.95,
                        "Total Cost": 36821.96,
                        "Plan Rows": 177335,
                        "Plan Width": 4,
                        "Actual Startup Time": 27.206,
                        "Actual Total Time": 69.877,
                        "Actual Rows": 300614,
                        "Actual Loops": 2,
                        "Recheck Cond": "(company_id > 65594)",
                        "Rows Removed by Index Recheck": 0,
                        "Filter": "(company_type_id > 1)",
                        "Rows Removed by Filter": 2908,
                        "Exact Heap Blocks": 5200,
                        "Lossy Heap Blocks": 0,
                        "Plans": [
                          {
                            "Node Type": "Bitmap Index Scan",
                            "Parent Relationship": "Outer",
                            "Parallel Aware": false,
                            "Index Name": "company_id_movie_companies",
                            "Startup Cost": 0.0,
                            "Total Cost": 12717.58,
                            "Plan Rows": 593754,
                            "Plan Width": 0,
                            "Actual Startup Time": 23.965,
                            "Actual Total Time": 23.966,
                            "Actual Rows": 607045,
                            "Actual Loops": 1,
                            "Index Cond": "(company_id > 65594)"
                          }
                        ]
                      },
                      {
                        "Node Type": "Hash",
                        "Parent Relationship": "Inner",
                        "Parallel Aware": true,
                        "Startup Cost": 58306.47,
                        "Total Cost": 58306.47,
                        "Plan Rows": 24619,
                        "Plan Width": 4,
                        "Actual Startup Time": 133.852,
                        "Actual Total Time": 133.852,
                        "Actual Rows": 20128,
                        "Actual Loops": 2,
                        "Hash Buckets": 65536,
                        "Original Hash Buckets": 65536,
                        "Hash Batches": 1,
                        "Original Hash Batches": 1,
                        "Peak Memory Usage": 2112,
                        "Plans": [
                          {
                            "Node Type": "Seq Scan",
                            "Parent Relationship": "Outer",
                            "Parallel Aware": true,
                            "Relation Name": "title",
                            "Alias": "t",
                            "Startup Cost": 0.0,
                            "Total Cost": 58306.47,
                            "Plan Rows": 24619,
                            "Plan Width": 4,
                            "Actual Startup Time": 0.041,
                            "Actual Total Time": 127.496,
                            "Actual Rows": 20128,
                            "Actual Loops": 2,
                            "Filter": "((production_year > 2012) AND (kind_id = 7))",
                            "Rows Removed by Filter": 1244028
                          }
                        ]
                      }
                    ]
                  },
                  {
                    "Node Type": "Index Scan",
                    "Parent Relationship": "Inner",
                    "Parallel Aware": false,
                    "Scan Direction": "Forward",
                    "Index Name": "movie_id_movie_info",
                    "Relation Name": "movie_info",
                    "Alias": "mi",
                    "Startup Cost": 0.43,
                    "Total Cost": 4.14,
                    "Plan Rows": 10,
                    "Plan Width": 4,
                    "Actual Startup Time": 0.005,
                    "Actual Total Time": 0.006,
                    "Actual Rows": 1,
                    "Actual Loops": 4271,
                    "Index Cond": "(movie_id = mc.movie_id)",
                    "Rows Removed by Index Recheck": 0,
                    "Filter": "(info_type_id < 4)",
                    "Rows Removed by Filter": 5
                  }
                ]
              }
            ]
          }
        ]
      }
    ]
  },
  "Planning Time": 0.839,
  "Triggers": [],
  "Execution Time": 265.263
}