{
  "Plan": {
    "Node Type": "Aggregate",
    "Strategy": "Plain",
    "Partial Mode": "Finalize",
    "Parallel Aware": false,
    "Startup Cost": 97540.35,
    "Total Cost": 97540.36,
    "Plan Rows": 1,
    "Plan Width": 8,
    "Actual Startup Time": 336.395,
    "Actual Total Time": 351.323,
    "Actual Rows": 1,
    "Actual Loops": 1,
    "Plans": [
      {
        "Node Type": "Gather",
        "Parent Relationship": "Outer",
        "Parallel Aware": false,
        "Startup Cost": 97540.23,
        "Total Cost": 97540.34,
        "Plan Rows": 1,
        "Plan Width": 8,
        "Actual Startup Time": 336.252,
        "Actual Total Time": 351.314,
        "Actual Rows": 2,
        "Actual Loops": 1,
        "Workers Planned": 1,
        "Workers Launched": 1,
        "Single Copy": false,
        "Plans": [
          {
            "Node Type": "Aggregate",
            "Strategy": "Plain",
            "Partial Mode": "Partial",
            "Parent Relationship": "Outer",
            "Parallel Aware": false,
            "Startup Cost": 96540.23,
            "Total Cost": 96540.24,
            "Plan Rows": 1,
            "Plan Width": 8,
            "Actual Startup Time": 330.863,
            "Actual Total Time": 330.866,
            "Actual Rows": 1,
            "Actual Loops": 2,
            "Plans": [
              {
                "Node Type": "Hash Join",
                "Parent Relationship": "Outer",
                "Parallel Aware": true,
                "Join Type": "Inner",
                "Startup Cost": 58362.12,
                "Total Cost": 96528.75,
                "Plan Rows": 4594,
                "Plan Width": 0,
                "Actual Startup Time": 133.786,
                "Actual Total Time": 330.437,
                "Actual Rows": 7580,
                "Actual Loops": 2,
                "Inner Unique": true,
                "Hash Cond": "(mc.movie_id = t.id)",
                "Plans": [
                  {
                    "Node Type": "Seq Scan",
                    "Parent Relationship": "Outer",
                    "Parallel Aware": true,
                    "Relation Name": "movie_companies",
                    "Alias": "mc",
                    "Startup Cost": 0.0,
                    "Total Cost": 34137.82,
                    "Plan Rows": 1534782,
                    "Plan Width": 4,
                    "Actual Startup Time": 0.012,
                    "Actual Total Time": 95.426,
                    "Actual Rows": 1304564,
                    "Actual Loops": 2
                  },
                  {
                    "Node Type": "Hash",
                    "Parent Relationship": "Inner",
                    "Parallel Aware": true,
                    "Startup Cost": 58306.47,
                    "Total Cost": 58306.47,
                    "Plan Rows": 4452,
                    "Plan Width": 4,
                    "Actual Startup Time": 132.618,
                    "Actual Total Time": 132.618,
                    "Actual Rows": 3888,
                    "Actual Loops": 2,
                    "Hash Buckets": 8192,
                    "Original Hash Buckets": 8192,
                    "Hash Batches": 1,
                    "Original Hash Batches": 1,
                    "Peak Memory Usage": 416,
                    "Plans": [
                      {
                        "Node Type": "Seq Scan",
                        "Parent Relationship": "Outer",
                        "Parallel Aware": true,
                        "Relation Name": "title",
                        "Alias": "t",
                        "Startup Cost": 0.0,
                        "Total Cost": 58306.47,
                        "Plan Rows": 4452,
                        "Plan Width": 4,
                        "Actual Startup Time": 0.601,
                        "Actual Total Time": 131.342,
                        "Actual Rows": 3888,
                        "Actual Loops": 2,
                        "Filter": "((kind_id < 7) AND (production_year = 1985))",
                        "Rows Removed by Filter": 1260268
                      }
                    ]
                  }
                ]
              }
            ]
          }
        ]
      }
    ]
  },
  "Planning Time": 0.408,
  "Triggers": [],
  "Execution Time": 351.388
}