[
  {
    "Plan": {
      "Node Type": "Aggregate",
      "Strategy": "Plain",
      "Partial Mode": "Finalize",
      "Parallel Aware": false,
      "Startup Cost": 341603.4,
      "Total Cost": 341603.41,
      "Plan Rows": 1,
      "Plan Width": 8,
      "Actual Startup Time": 845.479,
      "Actual Total Time": 900.733,
      "Actual Rows": 1,
      "Actual Loops": 1,
      "Plans": [
        {
          "Node Type": "Gather",
          "Parent Relationship": "Outer",
          "Parallel Aware": false,
          "Startup Cost": 341602.78,
          "Total Cost": 341603.39,
          "Plan Rows": 6,
          "Plan Width": 8,
          "Actual Startup Time": 845.34,
          "Actual Total Time": 900.724,
          "Actual Rows": 7,
          "Actual Loops": 1,
          "Workers Planned": 6,
          "Workers Launched": 6,
          "Single Copy": false,
          "Plans": [
            {
              "Node Type": "Aggregate",
              "Strategy": "Plain",
              "Partial Mode": "Partial",
              "Parent Relationship": "Outer",
              "Parallel Aware": false,
              "Startup Cost": 340602.78,
              "Total Cost": 340602.79,
              "Plan Rows": 1,
              "Plan Width": 8,
              "Actual Startup Time": 834.997,
              "Actual Total Time": 834.998,
              "Actual Rows": 1,
              "Actual Loops": 7,
              "Plans": [
                {
                  "Node Type": "Seq Scan",
                  "Parent Relationship": "Outer",
                  "Parallel Aware": true,
                  "Relation Name": "cast_info",
                  "Alias": "ci",
                  "Startup Cost": 0.0,
                  "Total Cost": 328162.03,
                  "Plan Rows": 4976300,
                  "Plan Width": 0,
                  "Actual Startup Time": 0.054,
                  "Actual Total Time": 643.831,
                  "Actual Rows": 4291885,
                  "Actual Loops": 7,
                  "Filter": "(person_id < 3030900)",
                  "Rows Removed by Filter": 885878
                }
              ]
            }
          ]
        }
      ]
    },
    "Planning Time": 0.177,
    "Triggers": [],
    "Execution Time": 900.793
  }
]