[
  {
    "Plan": {
      "Node Type": "Aggregate",
      "Strategy": "Plain",
      "Partial Mode": "Finalize",
      "Parallel Aware": false,
      "Startup Cost": 337459.16,
      "Total Cost": 337459.17,
      "Plan Rows": 1,
      "Plan Width": 8,
      "Actual Startup Time": 760.825,
      "Actual Total Time": 815.485,
      "Actual Rows": 1,
      "Actual Loops": 1,
      "Plans": [
        {
          "Node Type": "Gather",
          "Parent Relationship": "Outer",
          "Parallel Aware": false,
          "Startup Cost": 337458.54,
          "Total Cost": 337459.15,
          "Plan Rows": 6,
          "Plan Width": 8,
          "Actual Startup Time": 760.623,
          "Actual Total Time": 815.473,
          "Actual Rows": 7,
          "Actual Loops": 1,
          "Workers Planned": 6,
          "Workers Launched": 6,
          "Single Copy": false,
          "Plans": [
            {
              "Node Type": "Aggregate",
              "Strategy": "Plain",
              "Partial Mode": "Partial",
              "Parent Relationship": "Outer",
              "Parallel Aware": false,
              "Startup Cost": 336458.54,
              "Total Cost": 336458.55,
              "Plan Rows": 1,
              "Plan Width": 8,
              "Actual Startup Time": 752.51,
              "Actual Total Time": 752.511,
              "Actual Rows": 1,
              "Actual Loops": 7,
              "Plans": [
                {
                  "Node Type": "Seq Scan",
                  "Parent Relationship": "Outer",
                  "Parallel Aware": true,
                  "Relation Name": "cast_info",
                  "Alias": "ci",
                  "Startup Cost": 0.0,
                  "Total Cost": 328211.39,
                  "Plan Rows": 3298858,
                  "Plan Width": 0,
                  "Actual Startup Time": 181.11,
                  "Actual Total Time": 620.687,
                  "Actual Rows": 2800828,
                  "Actual Loops": 7,
                  "Filter": "(person_id > 1647144)",
                  "Rows Removed by Filter": 2376935
                }
              ]
            }
          ]
        }
      ]
    },
    "Planning Time": 0.092,
    "Triggers": [],
    "Execution Time": 815.526
  }
]