[
  {
    "Plan": {
      "Node Type": "Aggregate",
      "Strategy": "Plain",
      "Partial Mode": "Finalize",
      "Parallel Aware": false,
      "Startup Cost": 96246.07,
      "Total Cost": 96246.08,
      "Plan Rows": 1,
      "Plan Width": 8,
      "Actual Startup Time": 479.726,
      "Actual Total Time": 497.433,
      "Actual Rows": 1,
      "Actual Loops": 1,
      "Plans": [
        {
          "Node Type": "Gather",
          "Parent Relationship": "Outer",
          "Parallel Aware": false,
          "Startup Cost": 96245.75,
          "Total Cost": 96246.06,
          "Plan Rows": 3,
          "Plan Width": 8,
          "Actual Startup Time": 475.135,
          "Actual Total Time": 497.411,
          "Actual Rows": 4,
          "Actual Loops": 1,
          "Workers Planned": 3,
          "Workers Launched": 3,
          "Single Copy": false,
          "Plans": [
            {
              "Node Type": "Aggregate",
              "Strategy": "Plain",
              "Partial Mode": "Partial",
              "Parent Relationship": "Outer",
              "Parallel Aware": false,
              "Startup Cost": 95245.75,
              "Total Cost": 95245.76,
              "Plan Rows": 1,
              "Plan Width": 8,
              "Actual Startup Time": 466.19,
              "Actual Total Time": 466.3,
              "Actual Rows": 1,
              "Actual Loops": 4,
              "Plans": [
                {
                  "Node Type": "Hash Join",
                  "Parent Relationship": "Outer",
                  "Parallel Aware": true,
                  "Join Type": "Inner",
                  "Startup Cost": 64172.87,
                  "Total Cost": 94979.45,
                  "Plan Rows": 106518,
                  "Plan Width": 0,
                  "Actual Startup Time": 298.725,
                  "Actual Total Time": 447.508,
                  "Actual Rows": 477162,
                  "Actual Loops": 4,
                  "Inner Unique": false,
                  "Hash Cond": "(mc.movie_id = t.id)",
                  "Plans": [
                    {
                      "Node Type": "Seq Scan",
                      "Parent Relationship": "Outer",
                      "Parallel Aware": true,
                      "Relation Name": "movie_companies",
                      "Alias": "mc",
                      "Startup Cost": 0.0,
                      "Total Cost": 27206.55,
                      "Plan Rows": 841655,
                      "Plan Width": 4,
                      "Actual Startup Time": 0.011,
                      "Actual Total Time": 54.778,
                      "Actual Rows": 652282,
                      "Actual Loops": 4
                    },
                    {
                      "Node Type": "Hash",
                      "Parent Relationship": "Inner",
                      "Parallel Aware": true,
                      "Startup Cost": 62506.25,
                      "Total Cost": 62506.25,
                      "Plan Rows": 133330,
                      "Plan Width": 8,
                      "Actual Startup Time": 269.165,
                      "Actual Total Time": 269.273,
                      "Actual Rows": 130104,
                      "Actual Loops": 4,
                      "Hash Buckets": 524288,
                      "Original Hash Buckets": 524288,
                      "Hash Batches": 1,
                      "Original Hash Batches": 1,
                      "Peak Memory Usage": 24544,
                      "Plans": [
                        {
                          "Node Type": "Hash Join",
                          "Parent Relationship": "Outer",
                          "Parallel Aware": true,
                          "Join Type": "Inner",
                          "Startup Cost": 47311.69,
                          "Total Cost": 62506.25,
                          "Plan Rows": 133330,
                          "Plan Width": 8,
                          "Actual Startup Time": 178.73,
                          "Actual Total Time": 237.905,
                          "Actual Rows": 130104,
                          "Actual Loops": 4,
                          "Inner Unique": true,
                          "Hash Cond": "(mi_idx.movie_id = t.id)",
                          "Plans": [
                            {
                              "Node Type": "Seq Scan",
                              "Parent Relationship": "Outer",
                              "Parallel Aware": true,
                              "Relation Name": "movie_info_idx",
                              "Alias": "mi_idx",
                              "Startup Cost": 0.0,
                              "Total Cost": 13685.15,
                              "Plan Rows": 575015,
                              "Plan Width": 4,
                              "Actual Startup Time": 0.01,
                              "Actual Total Time": 30.639,
                              "Actual Rows": 345009,
                              "Actual Loops": 4
                            },
                            {
                              "Node Type": "Hash",
                              "Parent Relationship": "Inner",
                              "Parallel Aware": true,
                              "Startup Cost": 45479.59,
                              "Total Cost": 45479.59,
                              "Plan Rows": 146568,
                              "Plan Width": 4,
                              "Actual Startup Time": 148.02,
                              "Actual Total Time": 148.022,
                              "Actual Rows": 118284,
                              "Actual Loops": 4,
                              "Hash Buckets": 1048576,
                              "Original Hash Buckets": 1048576,
                              "Hash Batches": 1,
                              "Original Hash Batches": 1,
                              "Peak Memory Usage": 26752,
                              "Plans": [
                                {
                                  "Node Type": "Seq Scan",
                                  "Parent Relationship": "Outer",
                                  "Parallel Aware": true,
                                  "Relation Name": "title",
                                  "Alias": "t",
                                  "Startup Cost": 0.0,
                                  "Total Cost": 45479.59,
                                  "Plan Rows": 146568,
                                  "Plan Width": 4,
                                  "Actual Startup Time": 47.101,
                                  "Actual Total Time": 101.45,
                                  "Actual Rows": 118284,
                                  "Actual Loops": 4,
                                  "Filter": "((kind_id < 2) AND (production_year > 1957))",
                                  "Rows Removed by Filter": 513794
                                }
                              ]
                            }
                          ]
                        }
                      ]
                    }
                  ]
                }
              ]
            }
          ]
        }
      ]
    },
    "Planning Time": 1.465,
    "Triggers": [],
    "Execution Time": 497.528
  }
]