[
  {
    "Plan": {
      "Node Type": "Aggregate",
      "Strategy": "Plain",
      "Partial Mode": "Finalize",
      "Parallel Aware": false,
      "Startup Cost": 36021.15,
      "Total Cost": 36021.16,
      "Plan Rows": 1,
      "Plan Width": 8,
      "Actual Startup Time": 37.176,
      "Actual Total Time": 41.576,
      "Actual Rows": 1,
      "Actual Loops": 1,
      "Plans": [
        {
          "Node Type": "Gather",
          "Parent Relationship": "Outer",
          "Parallel Aware": false,
          "Startup Cost": 36020.93,
          "Total Cost": 36021.14,
          "Plan Rows": 2,
          "Plan Width": 8,
          "Actual Startup Time": 37.046,
          "Actual Total Time": 41.569,
          "Actual Rows": 3,
          "Actual Loops": 1,
          "Workers Planned": 2,
          "Workers Launched": 2,
          "Single Copy": false,
          "Plans": [
            {
              "Node Type": "Aggregate",
              "Strategy": "Plain",
              "Partial Mode": "Partial",
              "Parent Relationship": "Outer",
              "Parallel Aware": false,
              "Startup Cost": 35020.93,
              "Total Cost": 35020.94,
              "Plan Rows": 1,
              "Plan Width": 8,
              "Actual Startup Time": 28.812,
              "Actual Total Time": 28.813,
              "Actual Rows": 1,
              "Actual Loops": 3,
              "Plans": [
                {
                  "Node Type": "Nested Loop",
                  "Parent Relationship": "Outer",
                  "Parallel Aware": false,
                  "Join Type": "Inner",
                  "Startup Cost": 145.45,
                  "Total Cost": 35020.86,
                  "Plan Rows": 28,
                  "Plan Width": 0,
                  "Actual Startup Time": 4.095,
                  "Actual Total Time": 28.795,
                  "Actual Rows": 26,
                  "Actual Loops": 3,
                  "Inner Unique": true,
                  "Plans": [
                    {
                      "Node Type": "Bitmap Heap Scan",
                      "Parent Relationship": "Outer",
                      "Parallel Aware": true,
                      "Relation Name": "movie_keyword",
                      "Alias": "mk",
                      "Startup Cost": 145.02,
                      "Total Cost": 15193.32,
                      "Plan Rows": 2828,
                      "Plan Width": 4,
                      "Actual Startup Time": 2.256,
                      "Actual Total Time": 10.17,
                      "Actual Rows": 1533,
                      "Actual Loops": 3,
                      "Recheck Cond": "(keyword_id = 110)",
                      "Rows Removed by Index Recheck": 0,
                      "Exact Heap Blocks": 2974,
                      "Lossy Heap Blocks": 0,
                      "Plans": [
                        {
                          "Node Type": "Bitmap Index Scan",
                          "Parent Relationship": "Outer",
                          "Parallel Aware": false,
                          "Index Name": "keyword_id_movie_keyword",
                          "Startup Cost": 0.0,
                          "Total Cost": 143.33,
                          "Plan Rows": 6786,
                          "Plan Width": 0,
                          "Actual Startup Time": 4.436,
                          "Actual Total Time": 4.436,
                          "Actual Rows": 4600,
                          "Actual Loops": 1,
                          "Index Cond": "(keyword_id = 110)"
                        }
                      ]
                    },
                    {
                      "Node Type": "Index Scan",
                      "Parent Relationship": "Inner",
                      "Parallel Aware": false,
                      "Scan Direction": "Forward",
                      "Index Name": "title_pkey",
                      "Relation Name": "title",
                      "Alias": "t",
                      "Startup Cost": 0.43,
                      "Total Cost": 7.01,
                      "Plan Rows": 1,
                      "Plan Width": 4,
                      "Actual Startup Time": 0.011,
                      "Actual Total Time": 0.011,
                      "Actual Rows": 0,
                      "Actual Loops": 4600,
                      "Index Cond": "(id = mk.movie_id)",
                      "Rows Removed by Index Recheck": 0,
                      "Filter": "(production_year = 1993)",
                      "Rows Removed by Filter": 1
                    }
                  ]
                }
              ]
            }
          ]
        }
      ]
    },
    "Planning Time": 0.544,
    "Triggers": [],
    "Execution Time": 41.672
  }
]