[
  {
    "Plan": {
      "Node Type": "Aggregate",
      "Strategy": "Plain",
      "Partial Mode": "Finalize",
      "Parallel Aware": false,
      "Startup Cost": 286217.92,
      "Total Cost": 286217.93,
      "Plan Rows": 1,
      "Plan Width": 8,
      "Actual Startup Time": 3727.116,
      "Actual Total Time": 3825.466,
      "Actual Rows": 1,
      "Actual Loops": 1,
      "Plans": [
        {
          "Node Type": "Gather",
          "Parent Relationship": "Outer",
          "Parallel Aware": false,
          "Startup Cost": 286217.61,
          "Total Cost": 286217.92,
          "Plan Rows": 3,
          "Plan Width": 8,
          "Actual Startup Time": 3725.492,
          "Actual Total Time": 3825.457,
          "Actual Rows": 4,
          "Actual Loops": 1,
          "Workers Planned": 3,
          "Workers Launched": 3,
          "Single Copy": false,
          "Plans": [
            {
              "Node Type": "Aggregate",
              "Strategy": "Plain",
              "Partial Mode": "Partial",
              "Parent Relationship": "Outer",
              "Parallel Aware": false,
              "Startup Cost": 285217.61,
              "Total Cost": 285217.62,
              "Plan Rows": 1,
              "Plan Width": 8,
              "Actual Startup Time": 3716.578,
              "Actual Total Time": 3716.582,
              "Actual Rows": 1,
              "Actual Loops": 4,
              "Plans": [
                {
                  "Node Type": "Nested Loop",
                  "Parent Relationship": "Outer",
                  "Parallel Aware": false,
                  "Join Type": "Inner",
                  "Startup Cost": 46844.71,
                  "Total Cost": 282554.89,
                  "Plan Rows": 1065086,
                  "Plan Width": 0,
                  "Actual Startup Time": 253.789,
                  "Actual Total Time": 3566.069,
                  "Actual Rows": 2838360,
                  "Actual Loops": 4,
                  "Inner Unique": false,
                  "Join Filter": "(t.id = ci.movie_id)",
                  "Rows Removed by Join Filter": 0,
                  "Plans": [
                    {
                      "Node Type": "Hash Join",
                      "Parent Relationship": "Outer",
                      "Parallel Aware": true,
                      "Join Type": "Inner",
                      "Startup Cost": 46844.15,
                      "Total Cost": 77283.95,
                      "Plan Rows": 74286,
                      "Plan Width": 8,
                      "Actual Startup Time": 253.628,
                      "Actual Total Time": 393.444,
                      "Actual Rows": 118946,
                      "Actual Loops": 4,
                      "Inner Unique": true,
                      "Hash Cond": "(mc.movie_id = t.id)",
                      "Plans": [
                        {
                          "Node Type": "Seq Scan",
                          "Parent Relationship": "Outer",
                          "Parallel Aware": true,
                          "Relation Name": "movie_companies",
                          "Alias": "mc",
                          "Startup Cost": 0.0,
                          "Total Cost": 29310.68,
                          "Plan Rows": 430142,
                          "Plan Width": 4,
                          "Actual Startup Time": 36.039,
                          "Actual Total Time": 87.105,
                          "Actual Rows": 333721,
                          "Actual Loops": 4,
                          "Filter": "(company_type_id = 2)",
                          "Rows Removed by Filter": 318562
                        },
                        {
                          "Node Type": "Hash",
                          "Parent Relationship": "Inner",
                          "Parallel Aware": true,
                          "Startup Cost": 45479.59,
                          "Total Cost": 45479.59,
                          "Plan Rows": 109165,
                          "Plan Width": 4,
                          "Actual Startup Time": 168.3,
                          "Actual Total Time": 168.301,
                          "Actual Rows": 118480,
                          "Actual Loops": 4,
                          "Hash Buckets": 524288,
                          "Original Hash Buckets": 524288,
                          "Hash Batches": 1,
                          "Original Hash Batches": 1,
                          "Peak Memory Usage": 22720,
                          "Plans": [
                            {
                              "Node Type": "Seq Scan",
                              "Parent Relationship": "Outer",
                              "Parallel Aware": true,
                              "Relation Name": "title",
                              "Alias": "t",
                              "Startup Cost": 0.0,
                              "Total Cost": 45479.59,
                              "Plan Rows": 109165,
                              "Plan Width": 4,
                              "Actual Startup Time": 69.233,
                              "Actual Total Time": 123.012,
                              "Actual Rows": 118480,
                              "Actual Loops": 4,
                              "Filter": "((production_year < 2008) AND (kind_id = 1))",
                              "Rows Removed by Filter": 513598
                            }
                          ]
                        }
                      ]
                    },
                    {
                      "Node Type": "Index Only Scan",
                      "Parent Relationship": "Inner",
                      "Parallel Aware": false,
                      "Scan Direction": "Forward",
                      "Index Name": "movie_id_cast_info",
                      "Relation Name": "cast_info",
                      "Alias": "ci",
                      "Startup Cost": 0.56,
                      "Total Cost": 2.33,
                      "Plan Rows": 35,
                      "Plan Width": 4,
                      "Actual Startup Time": 0.004,
                      "Actual Total Time": 0.024,
                      "Actual Rows": 24,
                      "Actual Loops": 475783,
                      "Index Cond": "(movie_id = mc.movie_id)",
                      "Rows Removed by Index Recheck": 0,
                      "Heap Fetches": 11353442
                    }
                  ]
                }
              ]
            }
          ]
        }
      ]
    },
    "Planning Time": 1.504,
    "Triggers": [],
    "Execution Time": 3825.569
  }
]