[
  {
    "Plan": {
      "Node Type": "Aggregate",
      "Strategy": "Plain",
      "Partial Mode": "Finalize",
      "Parallel Aware": false,
      "Startup Cost": 32729.7,
      "Total Cost": 32729.71,
      "Plan Rows": 1,
      "Plan Width": 8,
      "Actual Startup Time": 100.875,
      "Actual Total Time": 109.743,
      "Actual Rows": 1,
      "Actual Loops": 1,
      "Plans": [
        {
          "Node Type": "Gather",
          "Parent Relationship": "Outer",
          "Parallel Aware": false,
          "Startup Cost": 32729.38,
          "Total Cost": 32729.69,
          "Plan Rows": 3,
          "Plan Width": 8,
          "Actual Startup Time": 100.755,
          "Actual Total Time": 109.736,
          "Actual Rows": 4,
          "Actual Loops": 1,
          "Workers Planned": 3,
          "Workers Launched": 3,
          "Single Copy": false,
          "Plans": [
            {
              "Node Type": "Aggregate",
              "Strategy": "Plain",
              "Partial Mode": "Partial",
              "Parent Relationship": "Outer",
              "Parallel Aware": false,
              "Startup Cost": 31729.38,
              "Total Cost": 31729.39,
              "Plan Rows": 1,
              "Plan Width": 8,
              "Actual Startup Time": 93.429,
              "Actual Total Time": 93.43,
              "Actual Rows": 1,
              "Actual Loops": 4,
              "Plans": [
                {
                  "Node Type": "Seq Scan",
                  "Parent Relationship": "Outer",
                  "Parallel Aware": true,
                  "Relation Name": "movie_companies",
                  "Alias": "mc",
                  "Startup Cost": 0.0,
                  "Total Cost": 31414.82,
                  "Plan Rows": 125826,
                  "Plan Width": 0,
                  "Actual Startup Time": 49.342,
                  "Actual Total Time": 85.447,
                  "Actual Rows": 179340,
                  "Actual Loops": 4,
                  "Filter": "((company_id > 32372) AND (company_type_id = 2))",
                  "Rows Removed by Filter": 472942
                }
              ]
            }
          ]
        }
      ]
    },
    "Planning Time": 0.248,
    "Triggers": [],
    "Execution Time": 109.872
  }
]