{
    "Plan": {
        "Node Type": "Aggregate",
        "Strategy": "Plain",
        "Partial Mode": "Simple",
        "Parallel Aware": false,
        "Startup Cost": 273885.97,
        "Total Cost": 273885.98,
        "Plan Rows": 1,
        "Plan Width": 8,
        "Actual Startup Time": 8754.474,
        "Actual Total Time": 8754.479,
        "Actual Rows": 1,
        "Actual Loops": 1,
        "Output": [
            "count(*)"
        ],
        "Plans": [
            {
                "Node Type": "Hash Join",
                "Parent Relationship": "Outer",
                "Parallel Aware": false,
                "Join Type": "Inner",
                "Startup Cost": 271731.96,
                "Total Cost": 273885.51,
                "Plan Rows": 186,
                "Plan Width": 0,
                "Actual Startup Time": 8754.436,
                "Actual Total Time": 8754.471,
                "Actual Rows": 9,
                "Actual Loops": 1,
                "Inner Unique": false,
                "Hash Cond": "(t.id = mk.movie_id)",
                "Plans": [
                    {
                        "Node Type": "Hash Join",
                        "Parent Relationship": "Outer",
                        "Parallel Aware": false,
                        "Join Type": "Inner",
                        "Startup Cost": 78888.99,
                        "Total Cost": 80845.88,
                        "Plan Rows": 129,
                        "Plan Width": 8,
                        "Actual Startup Time": 494.854,
                        "Actual Total Time": 494.885,
                        "Actual Rows": 3,
                        "Actual Loops": 1,
                        "Output": [
                            "t.id",
                            "ci.movie_id"
                        ],
                        "Inner Unique": true,
                        "Hash Cond": "(ci.movie_id = t.id)",
                        "Plans": [
                            {
                                "Node Type": "Bitmap Heap Scan",
                                "Parent Relationship": "Outer",
                                "Parallel Aware": false,
                                "Relation Name": "cast_info",
                                "Schema": "public",
                                "Alias": "ci",
                                "Startup Cost": 12.43,
                                "Total Cost": 1968.46,
                                "Plan Rows": 327,
                                "Plan Width": 4,
                                "Actual Startup Time": 0.568,
                                "Actual Total Time": 0.593,
                                "Actual Rows": 3,
                                "Actual Loops": 1,
                                "Output": [
                                    "ci.id",
                                    "ci.person_id",
                                    "ci.movie_id",
                                    "ci.person_role_id",
                                    "ci.note",
                                    "ci.nr_order",
                                    "ci.role_id"
                                ],
                                "Recheck Cond": "(ci.person_id = 3031)",
                                "Rows Removed by Index Recheck": 0,
                                "Filter": "(ci.role_id > 1)",
                                "Rows Removed by Filter": 5,
                                "Exact Heap Blocks": 5,
                                "Lossy Heap Blocks": 0,
                                "Plans": [
                                    {
                                        "Node Type": "Bitmap Index Scan",
                                        "Parent Relationship": "Outer",
                                        "Parallel Aware": false,
                                        "Index Name": "person_id_cast_info",
                                        "Startup Cost": 0.0,
                                        "Total Cost": 12.34,
                                        "Plan Rows": 504,
                                        "Plan Width": 0,
                                        "Actual Startup Time": 0.376,
                                        "Actual Total Time": 0.377,
                                        "Actual Rows": 8,
                                        "Actual Loops": 1,
                                        "Index Cond": "(ci.person_id = 3031)"
                                    }
                                ]
                            },
                            {
                                "Node Type": "Hash",
                                "Parent Relationship": "Inner",
                                "Parallel Aware": false,
                                "Startup Cost": 66433.0,
                                "Total Cost": 66433.0,
                                "Plan Rows": 995485,
                                "Plan Width": 4,
                                "Actual Startup Time": 484.193,
                                "Actual Total Time": 484.195,
                                "Actual Rows": 985048,
                                "Actual Loops": 1,
                                "Output": [
                                    "t.id"
                                ],
                                "Hash Buckets": 1048576,
                                "Original Hash Buckets": 1048576,
                                "Hash Batches": 1,
                                "Original Hash Batches": 1,
                                "Peak Memory Usage": 42823,
                                "Plans": [
                                    {
                                        "Node Type": "Bitmap Heap Scan",
                                        "Parent Relationship": "Outer",
                                        "Parallel Aware": false,
                                        "Relation Name": "title",
                                        "Schema": "public",
                                        "Alias": "t",
                                        "Startup Cost": 17991.44,
                                        "Total Cost": 66433.0,
                                        "Plan Rows": 995485,
                                        "Plan Width": 4,
                                        "Actual Startup Time": 52.789,
                                        "Actual Total Time": 291.494,
                                        "Actual Rows": 985048,
                                        "Actual Loops": 1,
                                        "Output": [
                                            "t.id"
                                        ],
                                        "Recheck Cond": "(t.kind_id < 7)",
                                        "Rows Removed by Index Recheck": 0,
                                        "Exact Heap Blocks": 35472,
                                        "Lossy Heap Blocks": 0,
                                        "Plans": [
                                            {
                                                "Node Type": "Bitmap Index Scan",
                                                "Parent Relationship": "Outer",
                                                "Parallel Aware": false,
                                                "Index Name": "kind_id_title",
                                                "Startup Cost": 0.0,
                                                "Total Cost": 17742.57,
                                                "Plan Rows": 995485,
                                                "Plan Width": 0,
                                                "Actual Startup Time": 47.87,
                                                "Actual Total Time": 47.871,
                                                "Actual Rows": 985048,
                                                "Actual Loops": 1,
                                                "Index Cond": "(t.kind_id < 7)"
                                            }
                                        ]
                                    }
                                ]
                            }
                        ]
                    },
                    {
                        "Node Type": "Hash",
                        "Parent Relationship": "Inner",
                        "Parallel Aware": false,
                        "Startup Cost": 147293.15,
                        "Total Cost": 147293.15,
                        "Plan Rows": 3643986,
                        "Plan Width": 4,
                        "Actual Startup Time": 8243.467,
                        "Actual Total Time": 8243.468,
                        "Actual Rows": 3645663,
                        "Actual Loops": 1,
                        "Output": [
                            "mk.movie_id"
                        ],
                        "Hash Buckets": 4194304,
                        "Original Hash Buckets": 4194304,
                        "Hash Batches": 1,
                        "Original Hash Batches": 1,
                        "Peak Memory Usage": 160936,
                        "Plans": [
                            {
                                "Node Type": "Bitmap Heap Scan",
                                "Parent Relationship": "Outer",
                                "Parallel Aware": false,
                                "Relation Name": "movie_keyword",
                                "Schema": "public",
                                "Alias": "mk",
                                "Startup Cost": 77289.32,
                                "Total Cost": 147293.15,
                                "Plan Rows": 3643986,
                                "Plan Width": 4,
                                "Actual Startup Time": 6846.924,
                                "Actual Total Time": 7515.186,
                                "Actual Rows": 3645663,
                                "Actual Loops": 1,
                                "Output": [
                                    "mk.movie_id"
                                ],
                                "Recheck Cond": "(mk.keyword_id > 831)",
                                "Rows Removed by Index Recheck": 0,
                                "Exact Heap Blocks": 24443,
                                "Lossy Heap Blocks": 0,
                                "Plans": [
                                    {
                                        "Node Type": "Bitmap Index Scan",
                                        "Parent Relationship": "Outer",
                                        "Parallel Aware": false,
                                        "Index Name": "keyword_id_movie_keyword",
                                        "Startup Cost": 0.0,
                                        "Total Cost": 76378.33,
                                        "Plan Rows": 3643986,
                                        "Plan Width": 0,
                                        "Actual Startup Time": 6842.008,
                                        "Actual Total Time": 6842.008,
                                        "Actual Rows": 3645663,
                                        "Actual Loops": 1,
                                        "Index Cond": "(mk.keyword_id > 831)"
                                    }
                                ]
                            }
                        ]
                    }
                ]
            }
        ]
    },
    "Planning Time": 4.07,
    "Triggers": [],
    "Execution Time": 8760.329
}