{
  "Plan": {
    "Node Type": "Aggregate",
    "Strategy": "Plain",
    "Partial Mode": "Finalize",
    "Parallel Aware": false,
    "Startup Cost": 502699.1,
    "Total Cost": 502699.11,
    "Plan Rows": 1,
    "Plan Width": 8,
    "Actual Startup Time": 1142.51,
    "Actual Total Time": 1174.169,
    "Actual Rows": 1,
    "Actual Loops": 1,
    "Plans": [
      {
        "Node Type": "Gather",
        "Parent Relationship": "Outer",
        "Parallel Aware": false,
        "Startup Cost": 502698.99,
        "Total Cost": 502699.1,
        "Plan Rows": 1,
        "Plan Width": 8,
        "Actual Startup Time": 1140.41,
        "Actual Total Time": 1174.152,
        "Actual Rows": 2,
        "Actual Loops": 1,
        "Workers Planned": 1,
        "Workers Launched": 1,
        "Single Copy": false,
        "Plans": [
          {
            "Node Type": "Aggregate",
            "Strategy": "Plain",
            "Partial Mode": "Partial",
            "Parent Relationship": "Outer",
            "Parallel Aware": false,
            "Startup Cost": 501698.99,
            "Total Cost": 501699.0,
            "Plan Rows": 1,
            "Plan Width": 8,
            "Actual Startup Time": 1134.32,
            "Actual Total Time": 1134.661,
            "Actual Rows": 1,
            "Actual Loops": 2,
            "Plans": [
              {
                "Node Type": "Hash Join",
                "Parent Relationship": "Outer",
                "Parallel Aware": true,
                "Join Type": "Inner",
                "Startup Cost": 458235.15,
                "Total Cost": 501556.33,
                "Plan Rows": 57064,
                "Plan Width": 0,
                "Actual Startup Time": 1031.649,
                "Actual Total Time": 1133.558,
                "Actual Rows": 20636,
                "Actual Loops": 2,
                "Inner Unique": false,
                "Hash Cond": "(mc.movie_id = t.id)",
                "Plans": [
                  {
                    "Node Type": "Seq Scan",
                    "Parent Relationship": "Outer",
                    "Parallel Aware": true,
                    "Relation Name": "movie_companies",
                    "Alias": "mc",
                    "Startup Cost": 0.0,
                    "Total Cost": 41811.73,
                    "Plan Rows": 313008,
                    "Plan Width": 4,
                    "Actual Startup Time": 62.694,
                    "Actual Total Time": 126.963,
                    "Actual Rows": 161040,
                    "Actual Loops": 2,
                    "Filter": "((company_id < 6101) AND (company_type_id > 1))",
                    "Rows Removed by Filter": 1143525
                  },
                  {
                    "Node Type": "Hash",
                    "Parent Relationship": "Inner",
                    "Parallel Aware": true,
                    "Startup Cost": 454845.95,
                    "Total Cost": 454845.95,
                    "Plan Rows": 271136,
                    "Plan Width": 8,
                    "Actual Startup Time": 963.361,
                    "Actual Total Time": 963.699,
                    "Actual Rows": 103458,
                    "Actual Loops": 2,
                    "Hash Buckets": 524288,
                    "Original Hash Buckets": 524288,
                    "Hash Batches": 1,
                    "Original Hash Batches": 1,
                    "Peak Memory Usage": 12224,
                    "Plans": [
                      {
                        "Node Type": "Hash Join",
                        "Parent Relationship": "Outer",
                        "Parallel Aware": true,
                        "Join Type": "Inner",
                        "Startup Cost": 157456.08,
                        "Total Cost": 454845.95,
                        "Plan Rows": 271136,
                        "Plan Width": 8,
                        "Actual Startup Time": 612.087,
                        "Actual Total Time": 925.353,
                        "Actual Rows": 103458,
                        "Actual Loops": 2,
                        "Inner Unique": true,
                        "Hash Cond": "(ci.movie_id = t.id)",
                        "Plans": [
                          {
                            "Node Type": "Bitmap Heap Scan",
                            "Parent Relationship": "Outer",
                            "Parallel Aware": true,
                            "Relation Name": "cast_info",
                            "Alias": "ci",
                            "Startup Cost": 99991.99,
                            "Total Cost": 392780.74,
                            "Plan Rows": 1752803,
                            "Plan Width": 4,
                            "Actual Startup Time": 358.994,
                            "Actual Total Time": 505.512,
                            "Actual Rows": 647203,
                            "Actual Loops": 2,
                            "Recheck Cond": "(person_id < 451486)",
                            "Rows Removed by Index Recheck": 0,
                            "Filter": "(role_id > 1)",
                            "Rows Removed by Filter": 1684080,
                            "Exact Heap Blocks": 30954,
                            "Lossy Heap Blocks": 0,
                            "Plans": [
                              {
                                "Node Type": "Bitmap Index Scan",
                                "Parent Relationship": "Outer",
                                "Parallel Aware": false,
                                "Index Name": "person_id_cast_info",
                                "Startup Cost": 0.0,
                                "Total Cost": 99247.05,
                                "Plan Rows": 4544865,
                                "Plan Width": 0,
                                "Actual Startup Time": 154.484,
                                "Actual Total Time": 154.484,
                                "Actual Rows": 4662567,
                                "Actual Loops": 1,
                                "Index Cond": "(person_id < 451486)"
                              }
                            ]
                          },
                          {
                            "Node Type": "Hash",
                            "Parent Relationship": "Inner",
                            "Parallel Aware": true,
                            "Startup Cost": 54588.39,
                            "Total Cost": 54588.39,
                            "Plan Rows": 230056,
                            "Plan Width": 4,
                            "Actual Startup Time": 249.422,
                            "Actual Total Time": 249.424,
                            "Actual Rows": 195833,
                            "Actual Loops": 2,
                            "Hash Buckets": 524288,
                            "Original Hash Buckets": 524288,
                            "Hash Batches": 1,
                            "Original Hash Batches": 1,
                            "Peak Memory Usage": 19456,
                            "Plans": [
                              {
                                "Node Type": "Seq Scan",
                                "Parent Relationship": "Outer",
                                "Parallel Aware": true,
                                "Relation Name": "title",
                                "Alias": "t",
                                "Startup Cost": 0.0,
                                "Total Cost": 54588.39,
                                "Plan Rows": 230056,
                                "Plan Width": 4,
                                "Actual Startup Time": 0.042,
                                "Actual Total Time": 175.898,
                                "Actual Rows": 195833,
                                "Actual Loops": 2,
                                "Filter": "(production_year > 2010)",
                                "Rows Removed by Filter": 1068323
                              }
                            ]
                          }
                        ]
                      }
                    ]
                  }
                ]
              }
            ]
          }
        ]
      }
    ]
  },
  "Planning Time": 1.046,
  "Triggers": [],
  "Execution Time": 1174.287
}