[
  {
    "Plan": {
      "Node Type": "Aggregate",
      "Strategy": "Plain",
      "Partial Mode": "Finalize",
      "Parallel Aware": false,
      "Startup Cost": 92541.68,
      "Total Cost": 92541.69,
      "Plan Rows": 1,
      "Plan Width": 8,
      "Actual Startup Time": 210.1,
      "Actual Total Time": 229.398,
      "Actual Rows": 1,
      "Actual Loops": 1,
      "Plans": [
        {
          "Node Type": "Gather",
          "Parent Relationship": "Outer",
          "Parallel Aware": false,
          "Startup Cost": 92541.37,
          "Total Cost": 92541.68,
          "Plan Rows": 3,
          "Plan Width": 8,
          "Actual Startup Time": 208.577,
          "Actual Total Time": 229.39,
          "Actual Rows": 4,
          "Actual Loops": 1,
          "Workers Planned": 3,
          "Workers Launched": 3,
          "Single Copy": false,
          "Plans": [
            {
              "Node Type": "Aggregate",
              "Strategy": "Plain",
              "Partial Mode": "Partial",
              "Parent Relationship": "Outer",
              "Parallel Aware": false,
              "Startup Cost": 91541.37,
              "Total Cost": 91541.38,
              "Plan Rows": 1,
              "Plan Width": 8,
              "Actual Startup Time": 204.06,
              "Actual Total Time": 204.067,
              "Actual Rows": 1,
              "Actual Loops": 4,
              "Plans": [
                {
                  "Node Type": "Nested Loop",
                  "Parent Relationship": "Outer",
                  "Parallel Aware": false,
                  "Join Type": "Inner",
                  "Startup Cost": 54129.96,
                  "Total Cost": 91508.74,
                  "Plan Rows": 13049,
                  "Plan Width": 0,
                  "Actual Startup Time": 127.839,
                  "Actual Total Time": 203.376,
                  "Actual Rows": 13808,
                  "Actual Loops": 4,
                  "Inner Unique": false,
                  "Join Filter": "(t.id = mk.movie_id)",
                  "Rows Removed by Join Filter": 0,
                  "Plans": [
                    {
                      "Node Type": "Hash Join",
                      "Parent Relationship": "Outer",
                      "Parallel Aware": true,
                      "Join Type": "Inner",
                      "Startup Cost": 54129.53,
                      "Total Cost": 74760.37,
                      "Plan Rows": 7293,
                      "Plan Width": 8,
                      "Actual Startup Time": 127.597,
                      "Actual Total Time": 180.519,
                      "Actual Rows": 2386,
                      "Actual Loops": 4,
                      "Inner Unique": true,
                      "Hash Cond": "(mc.movie_id = t.id)",
                      "Plans": [
                        {
                          "Node Type": "Bitmap Heap Scan",
                          "Parent Relationship": "Outer",
                          "Parallel Aware": true,
                          "Relation Name": "movie_companies",
                          "Alias": "mc",
                          "Startup Cost": 8176.49,
                          "Total Cost": 28487.85,
                          "Plan Rows": 121709,
                          "Plan Width": 4,
                          "Actual Startup Time": 17.535,
                          "Actual Total Time": 51.327,
                          "Actual Rows": 93410,
                          "Actual Loops": 4,
                          "Recheck Cond": "(company_id < 213)",
                          "Rows Removed by Index Recheck": 0,
                          "Exact Heap Blocks": 7220,
                          "Lossy Heap Blocks": 0,
                          "Plans": [
                            {
                              "Node Type": "Bitmap Index Scan",
                              "Parent Relationship": "Outer",
                              "Parallel Aware": false,
                              "Index Name": "company_id_movie_companies",
                              "Startup Cost": 0.0,
                              "Total Cost": 8082.16,
                              "Plan Rows": 377298,
                              "Plan Width": 0,
                              "Actual Startup Time": 14.831,
                              "Actual Total Time": 14.832,
                              "Actual Rows": 373640,
                              "Actual Loops": 1,
                              "Index Cond": "(company_id < 213)"
                            }
                          ]
                        },
                        {
                          "Node Type": "Hash",
                          "Parent Relationship": "Inner",
                          "Parallel Aware": true,
                          "Startup Cost": 45479.59,
                          "Total Cost": 45479.59,
                          "Plan Rows": 37876,
                          "Plan Width": 4,
                          "Actual Startup Time": 108.322,
                          "Actual Total Time": 108.323,
                          "Actual Rows": 33690,
                          "Actual Loops": 4,
                          "Hash Buckets": 262144,
                          "Original Hash Buckets": 262144,
                          "Hash Batches": 1,
                          "Original Hash Batches": 1,
                          "Peak Memory Usage": 7392,
                          "Plans": [
                            {
                              "Node Type": "Seq Scan",
                              "Parent Relationship": "Outer",
                              "Parallel Aware": true,
                              "Relation Name": "title",
                              "Alias": "t",
                              "Startup Cost": 0.0,
                              "Total Cost": 45479.59,
                              "Plan Rows": 37876,
                              "Plan Width": 4,
                              "Actual Startup Time": 0.034,
                              "Actual Total Time": 95.896,
                              "Actual Rows": 33690,
                              "Actual Loops": 4,
                              "Filter": "((kind_id < 7) AND (production_year > 2010))",
                              "Rows Removed by Filter": 598388
                            }
                          ]
                        }
                      ]
                    },
                    {
                      "Node Type": "Index Only Scan",
                      "Parent Relationship": "Inner",
                      "Parallel Aware": false,
                      "Scan Direction": "Forward",
                      "Index Name": "movie_id_movie_keyword",
                      "Relation Name": "movie_keyword",
                      "Alias": "mk",
                      "Startup Cost": 0.43,
                      "Total Cost": 1.72,
                      "Plan Rows": 46,
                      "Plan Width": 4,
                      "Actual Startup Time": 0.008,
                      "Actual Total Time": 0.009,
                      "Actual Rows": 6,
                      "Actual Loops": 9546,
                      "Index Cond": "(movie_id = mc.movie_id)",
                      "Rows Removed by Index Recheck": 0,
                      "Heap Fetches": 55231
                    }
                  ]
                }
              ]
            }
          ]
        }
      ]
    },
    "Planning Time": 0.926,
    "Triggers": [],
    "Execution Time": 229.549
  }
]