[
  {
    "Plan": {
      "Node Type": "Aggregate",
      "Strategy": "Plain",
      "Partial Mode": "Finalize",
      "Parallel Aware": false,
      "Startup Cost": 289992.74,
      "Total Cost": 289992.75,
      "Plan Rows": 1,
      "Plan Width": 8,
      "Actual Startup Time": 838.233,
      "Actual Total Time": 852.117,
      "Actual Rows": 1,
      "Actual Loops": 1,
      "Plans": [
        {
          "Node Type": "Gather",
          "Parent Relationship": "Outer",
          "Parallel Aware": false,
          "Startup Cost": 289992.42,
          "Total Cost": 289992.73,
          "Plan Rows": 3,
          "Plan Width": 8,
          "Actual Startup Time": 831.018,
          "Actual Total Time": 852.107,
          "Actual Rows": 4,
          "Actual Loops": 1,
          "Workers Planned": 3,
          "Workers Launched": 3,
          "Single Copy": false,
          "Plans": [
            {
              "Node Type": "Aggregate",
              "Strategy": "Plain",
              "Partial Mode": "Partial",
              "Parent Relationship": "Outer",
              "Parallel Aware": false,
              "Startup Cost": 288992.42,
              "Total Cost": 288992.43,
              "Plan Rows": 1,
              "Plan Width": 8,
              "Actual Startup Time": 823.237,
              "Actual Total Time": 823.378,
              "Actual Rows": 1,
              "Actual Loops": 4,
              "Plans": [
                {
                  "Node Type": "Hash Join",
                  "Parent Relationship": "Outer",
                  "Parallel Aware": true,
                  "Join Type": "Inner",
                  "Startup Cost": 242258.13,
                  "Total Cost": 287762.15,
                  "Plan Rows": 492107,
                  "Plan Width": 0,
                  "Actual Startup Time": 468.129,
                  "Actual Total Time": 759.853,
                  "Actual Rows": 1463948,
                  "Actual Loops": 4,
                  "Inner Unique": false,
                  "Hash Cond": "(mk.movie_id = t.id)",
                  "Plans": [
                    {
                      "Node Type": "Seq Scan",
                      "Parent Relationship": "Outer",
                      "Parallel Aware": true,
                      "Relation Name": "movie_keyword",
                      "Alias": "mk",
                      "Startup Cost": 0.0,
                      "Total Cost": 39047.32,
                      "Plan Rows": 1459332,
                      "Plan Width": 4,
                      "Actual Startup Time": 0.032,
                      "Actual Total Time": 87.099,
                      "Actual Rows": 1130982,
                      "Actual Loops": 4
                    },
                    {
                      "Node Type": "Hash",
                      "Parent Relationship": "Inner",
                      "Parallel Aware": true,
                      "Startup Cost": 240126.58,
                      "Total Cost": 240126.58,
                      "Plan Rows": 170524,
                      "Plan Width": 8,
                      "Actual Startup Time": 463.885,
                      "Actual Total Time": 464.024,
                      "Actual Rows": 75449,
                      "Actual Loops": 4,
                      "Hash Buckets": 1048576,
                      "Original Hash Buckets": 1048576,
                      "Hash Batches": 1,
                      "Original Hash Batches": 1,
                      "Peak Memory Usage": 20064,
                      "Plans": [
                        {
                          "Node Type": "Hash Join",
                          "Parent Relationship": "Outer",
                          "Parallel Aware": true,
                          "Join Type": "Inner",
                          "Startup Cost": 73918.08,
                          "Total Cost": 240126.58,
                          "Plan Rows": 170524,
                          "Plan Width": 8,
                          "Actual Startup Time": 314.816,
                          "Actual Total Time": 438.643,
                          "Actual Rows": 75449,
                          "Actual Loops": 4,
                          "Inner Unique": true,
                          "Hash Cond": "(mi.movie_id = t.id)",
                          "Plans": [
                            {
                              "Node Type": "Bitmap Heap Scan",
                              "Parent Relationship": "Outer",
                              "Parallel Aware": true,
                              "Relation Name": "movie_info",
                              "Alias": "mi",
                              "Startup Cost": 25184.48,
                              "Total Cost": 190661.36,
                              "Plan Rows": 278711,
                              "Plan Width": 4,
                              "Actual Startup Time": 43.627,
                              "Actual Total Time": 88.269,
                              "Actual Rows": 350476,
                              "Actual Loops": 4,
                              "Recheck Cond": "(info_type_id = 7)",
                              "Rows Removed by Index Recheck": 0,
                              "Exact Heap Blocks": 2847,
                              "Lossy Heap Blocks": 0,
                              "Plans": [
                                {
                                  "Node Type": "Bitmap Index Scan",
                                  "Parent Relationship": "Outer",
                                  "Parallel Aware": false,
                                  "Index Name": "info_type_id_movie_info",
                                  "Startup Cost": 0.0,
                                  "Total Cost": 24836.09,
                                  "Plan Rows": 1393554,
                                  "Plan Width": 0,
                                  "Actual Startup Time": 42.078,
                                  "Actual Total Time": 42.078,
                                  "Actual Rows": 1401902,
                                  "Actual Loops": 1,
                                  "Index Cond": "(info_type_id = 7)"
                                }
                              ]
                            },
                            {
                              "Node Type": "Hash",
                              "Parent Relationship": "Inner",
                              "Parallel Aware": true,
                              "Startup Cost": 43899.32,
                              "Total Cost": 43899.32,
                              "Plan Rows": 386742,
                              "Plan Width": 4,
                              "Actual Startup Time": 266.548,
                              "Actual Total Time": 266.549,
                              "Actual Rows": 382903,
                              "Actual Loops": 4,
                              "Hash Buckets": 2097152,
                              "Original Hash Buckets": 2097152,
                              "Hash Batches": 1,
                              "Original Hash Batches": 1,
                              "Peak Memory Usage": 76384,
                              "Plans": [
                                {
                                  "Node Type": "Seq Scan",
                                  "Parent Relationship": "Outer",
                                  "Parallel Aware": true,
                                  "Relation Name": "title",
                                  "Alias": "t",
                                  "Startup Cost": 0.0,
                                  "Total Cost": 43899.32,
                                  "Plan Rows": 386742,
                                  "Plan Width": 4,
                                  "Actual Startup Time": 0.046,
                                  "Actual Total Time": 111.422,
                                  "Actual Rows": 382903,
                                  "Actual Loops": 4,
                                  "Filter": "(production_year > 1997)",
                                  "Rows Removed by Filter": 249175
                                }
                              ]
                            }
                          ]
                        }
                      ]
                    }
                  ]
                }
              ]
            }
          ]
        }
      ]
    },
    "Planning Time": 0.998,
    "Triggers": [],
    "Execution Time": 852.211
  }
]