{
  "Plan": {
    "Node Type": "Aggregate",
    "Strategy": "Plain",
    "Partial Mode": "Finalize",
    "Parallel Aware": false,
    "Startup Cost": 365584.18,
    "Total Cost": 365584.19,
    "Plan Rows": 1,
    "Plan Width": 8,
    "Actual Startup Time": 788.114,
    "Actual Total Time": 811.474,
    "Actual Rows": 1,
    "Actual Loops": 1,
    "Plans": [
      {
        "Node Type": "Gather",
        "Parent Relationship": "Outer",
        "Parallel Aware": false,
        "Startup Cost": 365584.06,
        "Total Cost": 365584.17,
        "Plan Rows": 1,
        "Plan Width": 8,
        "Actual Startup Time": 781.766,
        "Actual Total Time": 811.467,
        "Actual Rows": 2,
        "Actual Loops": 1,
        "Workers Planned": 1,
        "Workers Launched": 1,
        "Single Copy": false,
        "Plans": [
          {
            "Node Type": "Aggregate",
            "Strategy": "Plain",
            "Partial Mode": "Partial",
            "Parent Relationship": "Outer",
            "Parallel Aware": false,
            "Startup Cost": 364584.06,
            "Total Cost": 364584.07,
            "Plan Rows": 1,
            "Plan Width": 8,
            "Actual Startup Time": 767.21,
            "Actual Total Time": 767.217,
            "Actual Rows": 1,
            "Actual Loops": 2,
            "Plans": [
              {
                "Node Type": "Hash Join",
                "Parent Relationship": "Outer",
                "Parallel Aware": true,
                "Join Type": "Inner",
                "Startup Cost": 345328.92,
                "Total Cost": 364533.37,
                "Plan Rows": 20277,
                "Plan Width": 0,
                "Actual Startup Time": 673.456,
                "Actual Total Time": 764.29,
                "Actual Rows": 69345,
                "Actual Loops": 2,
                "Inner Unique": false,
                "Hash Cond": "(mi_idx.movie_id = t.id)",
                "Plans": [
                  {
                    "Node Type": "Seq Scan",
                    "Parent Relationship": "Outer",
                    "Parallel Aware": true,
                    "Relation Name": "movie_info_idx",
                    "Alias": "mi_idx",
                    "Startup Cost": 0.0,
                    "Total Cost": 18082.32,
                    "Plan Rows": 267429,
                    "Plan Width": 4,
                    "Actual Startup Time": 0.02,
                    "Actual Total Time": 49.63,
                    "Actual Rows": 229962,
                    "Actual Loops": 2,
                    "Filter": "(info_type_id = 99)",
                    "Rows Removed by Filter": 460055
                  },
                  {
                    "Node Type": "Hash",
                    "Parent Relationship": "Inner",
                    "Parallel Aware": true,
                    "Startup Cost": 343919.37,
                    "Total Cost": 343919.37,
                    "Plan Rows": 112764,
                    "Plan Width": 8,
                    "Actual Startup Time": 669.727,
                    "Actual Total Time": 669.732,
                    "Actual Rows": 145788,
                    "Actual Loops": 2,
                    "Hash Buckets": 524288,
                    "Original Hash Buckets": 262144,
                    "Hash Batches": 1,
                    "Original Hash Batches": 1,
                    "Peak Memory Usage": 17568,
                    "Plans": [
                      {
                        "Node Type": "Hash Join",
                        "Parent Relationship": "Outer",
                        "Parallel Aware": true,
                        "Join Type": "Inner",
                        "Startup Cost": 75894.08,
                        "Total Cost": 343919.37,
                        "Plan Rows": 112764,
                        "Plan Width": 8,
                        "Actual Startup Time": 539.823,
                        "Actual Total Time": 634.344,
                        "Actual Rows": 145788,
                        "Actual Loops": 2,
                        "Inner Unique": true,
                        "Hash Cond": "(ci.movie_id = t.id)",
                        "Plans": [
                          {
                            "Node Type": "Bitmap Heap Scan",
                            "Parent Relationship": "Outer",
                            "Parallel Aware": true,
                            "Relation Name": "cast_info",
                            "Alias": "ci",
                            "Startup Cost": 6433.38,
                            "Total Cost": 274162.66,
                            "Plan Rows": 112764,
                            "Plan Width": 4,
                            "Actual Startup Time": 12.62,
                            "Actual Total Time": 35.249,
                            "Actual Rows": 145788,
                            "Actual Loops": 2,
                            "Recheck Cond": "(person_id > 4009217)",
                            "Rows Removed by Index Recheck": 0,
                            "Filter": "(role_id > 1)",
                            "Rows Removed by Filter": 0,
                            "Exact Heap Blocks": 1871,
                            "Lossy Heap Blocks": 0,
                            "Plans": [
                              {
                                "Node Type": "Bitmap Index Scan",
                                "Parent Relationship": "Outer",
                                "Parallel Aware": false,
                                "Index Name": "person_id_cast_info",
                                "Startup Cost": 0.0,
                                "Total Cost": 6385.46,
                                "Plan Rows": 292386,
                                "Plan Width": 0,
                                "Actual Startup Time": 12.07,
                                "Actual Total Time": 12.071,
                                "Actual Rows": 291575,
                                "Actual Loops": 1,
                                "Index Cond": "(person_id > 4009217)"
                              }
                            ]
                          },
                          {
                            "Node Type": "Hash",
                            "Parent Relationship": "Inner",
                            "Parallel Aware": true,
                            "Startup Cost": 50870.31,
                            "Total Cost": 50870.31,
                            "Plan Rows": 1487231,
                            "Plan Width": 4,
                            "Actual Startup Time": 508.082,
                            "Actual Total Time": 508.083,
                            "Actual Rows": 1264156,
                            "Actual Loops": 2,
                            "Hash Buckets": 4194304,
                            "Original Hash Buckets": 4194304,
                            "Hash Batches": 1,
                            "Original Hash Batches": 1,
                            "Peak Memory Usage": 131712,
                            "Plans": [
                              {
                                "Node Type": "Seq Scan",
                                "Parent Relationship": "Outer",
                                "Parallel Aware": true,
                                "Relation Name": "title",
                                "Alias": "t",
                                "Startup Cost": 0.0,
                                "Total Cost": 50870.31,
                                "Plan Rows": 1487231,
                                "Plan Width": 4,
                                "Actual Startup Time": 0.031,
                                "Actual Total Time": 150.363,
                                "Actual Rows": 1264156,
                                "Actual Loops": 2
                              }
                            ]
                          }
                        ]
                      }
                    ]
                  }
                ]
              }
            ]
          }
        ]
      }
    ]
  },
  "Planning Time": 1.058,
  "Triggers": [],
  "Execution Time": 811.584
}