{
  "Plan": {
    "Node Type": "Aggregate",
    "Strategy": "Plain",
    "Partial Mode": "Finalize",
    "Parallel Aware": false,
    "Startup Cost": 113671.93,
    "Total Cost": 113671.94,
    "Plan Rows": 1,
    "Plan Width": 8,
    "Actual Startup Time": 862.753,
    "Actual Total Time": 883.51,
    "Actual Rows": 1,
    "Actual Loops": 1,
    "Plans": [
      {
        "Node Type": "Gather",
        "Parent Relationship": "Outer",
        "Parallel Aware": false,
        "Startup Cost": 113671.82,
        "Total Cost": 113671.93,
        "Plan Rows": 1,
        "Plan Width": 8,
        "Actual Startup Time": 854.014,
        "Actual Total Time": 883.501,
        "Actual Rows": 2,
        "Actual Loops": 1,
        "Workers Planned": 1,
        "Workers Launched": 1,
        "Single Copy": false,
        "Plans": [
          {
            "Node Type": "Aggregate",
            "Strategy": "Plain",
            "Partial Mode": "Partial",
            "Parent Relationship": "Outer",
            "Parallel Aware": false,
            "Startup Cost": 112671.82,
            "Total Cost": 112671.83,
            "Plan Rows": 1,
            "Plan Width": 8,
            "Actual Startup Time": 841.545,
            "Actual Total Time": 841.549,
            "Actual Rows": 1,
            "Actual Loops": 2,
            "Plans": [
              {
                "Node Type": "Hash Join",
                "Parent Relationship": "Outer",
                "Parallel Aware": true,
                "Join Type": "Inner",
                "Startup Cost": 82060.12,
                "Total Cost": 111798.39,
                "Plan Rows": 349373,
                "Plan Width": 0,
                "Actual Startup Time": 657.206,
                "Actual Total Time": 825.248,
                "Actual Rows": 290788,
                "Actual Loops": 2,
                "Inner Unique": true,
                "Hash Cond": "(mk.movie_id = t.id)",
                "Plans": [
                  {
                    "Node Type": "Bitmap Heap Scan",
                    "Parent Relationship": "Outer",
                    "Parallel Aware": true,
                    "Relation Name": "movie_keyword",
                    "Alias": "mk",
                    "Startup Cost": 12599.42,
                    "Total Cost": 41420.58,
                    "Plan Rows": 349373,
                    "Plan Width": 4,
                    "Actual Startup Time": 58.54,
                    "Actual Total Time": 139.414,
                    "Actual Rows": 290788,
                    "Actual Loops": 2,
                    "Recheck Cond": "(keyword_id > 31525)",
                    "Rows Removed by Index Recheck": 0,
                    "Exact Heap Blocks": 14422,
                    "Lossy Heap Blocks": 0,
                    "Plans": [
                      {
                        "Node Type": "Bitmap Index Scan",
                        "Parent Relationship": "Outer",
                        "Parallel Aware": false,
                        "Index Name": "keyword_id_movie_keyword",
                        "Startup Cost": 0.0,
                        "Total Cost": 12450.94,
                        "Plan Rows": 593934,
                        "Plan Width": 0,
                        "Actual Startup Time": 53.015,
                        "Actual Total Time": 53.016,
                        "Actual Rows": 581576,
                        "Actual Loops": 1,
                        "Index Cond": "(keyword_id > 31525)"
                      }
                    ]
                  },
                  {
                    "Node Type": "Hash",
                    "Parent Relationship": "Inner",
                    "Parallel Aware": true,
                    "Startup Cost": 50870.31,
                    "Total Cost": 50870.31,
                    "Plan Rows": 1487231,
                    "Plan Width": 4,
                    "Actual Startup Time": 576.542,
                    "Actual Total Time": 576.542,
                    "Actual Rows": 1264156,
                    "Actual Loops": 2,
                    "Hash Buckets": 4194304,
                    "Original Hash Buckets": 4194304,
                    "Hash Batches": 1,
                    "Original Hash Batches": 1,
                    "Peak Memory Usage": 131712,
                    "Plans": [
                      {
                        "Node Type": "Seq Scan",
                        "Parent Relationship": "Outer",
                        "Parallel Aware": true,
                        "Relation Name": "title",
                        "Alias": "t",
                        "Startup Cost": 0.0,
                        "Total Cost": 50870.31,
                        "Plan Rows": 1487231,
                        "Plan Width": 4,
                        "Actual Startup Time": 0.024,
                        "Actual Total Time": 174.894,
                        "Actual Rows": 1264156,
                        "Actual Loops": 2
                      }
                    ]
                  }
                ]
              }
            ]
          }
        ]
      }
    ]
  },
  "Planning Time": 0.702,
  "Triggers": [],
  "Execution Time": 883.599
}