{
  "Plan": {
    "Node Type": "Aggregate",
    "Strategy": "Plain",
    "Partial Mode": "Finalize",
    "Parallel Aware": false,
    "Startup Cost": 296437.72,
    "Total Cost": 296437.73,
    "Plan Rows": 1,
    "Plan Width": 8,
    "Actual Startup Time": 1110.453,
    "Actual Total Time": 1139.426,
    "Actual Rows": 1,
    "Actual Loops": 1,
    "Plans": [
      {
        "Node Type": "Gather",
        "Parent Relationship": "Outer",
        "Parallel Aware": false,
        "Startup Cost": 296437.61,
        "Total Cost": 296437.72,
        "Plan Rows": 1,
        "Plan Width": 8,
        "Actual Startup Time": 1103.29,
        "Actual Total Time": 1139.418,
        "Actual Rows": 2,
        "Actual Loops": 1,
        "Workers Planned": 1,
        "Workers Launched": 1,
        "Single Copy": false,
        "Plans": [
          {
            "Node Type": "Aggregate",
            "Strategy": "Plain",
            "Partial Mode": "Partial",
            "Parent Relationship": "Outer",
            "Parallel Aware": false,
            "Startup Cost": 295437.61,
            "Total Cost": 295437.62,
            "Plan Rows": 1,
            "Plan Width": 8,
            "Actual Startup Time": 1097.83,
            "Actual Total Time": 1097.836,
            "Actual Rows": 1,
            "Actual Loops": 2,
            "Plans": [
              {
                "Node Type": "Hash Join",
                "Parent Relationship": "Outer",
                "Parallel Aware": true,
                "Join Type": "Inner",
                "Startup Cost": 122581.96,
                "Total Cost": 295184.17,
                "Plan Rows": 101375,
                "Plan Width": 0,
                "Actual Startup Time": 758.784,
                "Actual Total Time": 1089.376,
                "Actual Rows": 192236,
                "Actual Loops": 2,
                "Inner Unique": false,
                "Hash Cond": "(t.id = mc.movie_id)",
                "Plans": [
                  {
                    "Node Type": "Hash Join",
                    "Parent Relationship": "Outer",
                    "Parallel Aware": true,
                    "Join Type": "Inner",
                    "Startup Cost": 83888.82,
                    "Total Cost": 252966.97,
                    "Plan Rows": 468439,
                    "Plan Width": 8,
                    "Actual Startup Time": 584.782,
                    "Actual Total Time": 798.763,
                    "Actual Rows": 401070,
                    "Actual Loops": 2,
                    "Inner Unique": true,
                    "Hash Cond": "(mi.movie_id = t.id)",
                    "Plans": [
                      {
                        "Node Type": "Bitmap Heap Scan",
                        "Parent Relationship": "Outer",
                        "Parallel Aware": true,
                        "Relation Name": "movie_info",
                        "Alias": "mi",
                        "Startup Cost": 14428.12,
                        "Total Cost": 182276.62,
                        "Plan Rows": 468439,
                        "Plan Width": 4,
                        "Actual Startup Time": 21.721,
                        "Actual Total Time": 58.491,
                        "Actual Rows": 401070,
                        "Actual Loops": 2,
                        "Recheck Cond": "(info_type_id < 2)",
                        "Rows Removed by Index Recheck": 0,
                        "Exact Heap Blocks": 2629,
                        "Lossy Heap Blocks": 0,
                        "Plans": [
                          {
                            "Node Type": "Bitmap Index Scan",
                            "Parent Relationship": "Outer",
                            "Parallel Aware": false,
                            "Index Name": "info_type_id_movie_info",
                            "Startup Cost": 0.0,
                            "Total Cost": 14229.04,
                            "Plan Rows": 796347,
                            "Plan Width": 0,
                            "Actual Startup Time": 21.025,
                            "Actual Total Time": 21.026,
                            "Actual Rows": 802140,
                            "Actual Loops": 1,
                            "Index Cond": "(info_type_id < 2)"
                          }
                        ]
                      },
                      {
                        "Node Type": "Hash",
                        "Parent Relationship": "Inner",
                        "Parallel Aware": true,
                        "Startup Cost": 50870.31,
                        "Total Cost": 50870.31,
                        "Plan Rows": 1487231,
                        "Plan Width": 4,
                        "Actual Startup Time": 550.976,
                        "Actual Total Time": 550.977,
                        "Actual Rows": 1264156,
                        "Actual Loops": 2,
                        "Hash Buckets": 4194304,
                        "Original Hash Buckets": 4194304,
                        "Hash Batches": 1,
                        "Original Hash Batches": 1,
                        "Peak Memory Usage": 131712,
                        "Plans": [
                          {
                            "Node Type": "Seq Scan",
                            "Parent Relationship": "Outer",
                            "Parallel Aware": true,
                            "Relation Name": "title",
                            "Alias": "t",
                            "Startup Cost": 0.0,
                            "Total Cost": 50870.31,
                            "Plan Rows": 1487231,
                            "Plan Width": 4,
                            "Actual Startup Time": 0.02,
                            "Actual Total Time": 154.133,
                            "Actual Rows": 1264156,
                            "Actual Loops": 2
                          }
                        ]
                      }
                    ]
                  },
                  {
                    "Node Type": "Hash",
                    "Parent Relationship": "Inner",
                    "Parallel Aware": true,
                    "Startup Cost": 34669.99,
                    "Total Cost": 34669.99,
                    "Plan Rows": 321852,
                    "Plan Width": 4,
                    "Actual Startup Time": 161.544,
                    "Actual Total Time": 161.545,
                    "Actual Rows": 279667,
                    "Actual Loops": 2,
                    "Hash Buckets": 1048576,
                    "Original Hash Buckets": 1048576,
                    "Hash Batches": 1,
                    "Original Hash Batches": 1,
                    "Peak Memory Usage": 30112,
                    "Plans": [
                      {
                        "Node Type": "Bitmap Heap Scan",
                        "Parent Relationship": "Outer",
                        "Parallel Aware": true,
                        "Relation Name": "movie_companies",
                        "Alias": "mc",
                        "Startup Cost": 11856.83,
                        "Total Cost": 34669.99,
                        "Plan Rows": 321852,
                        "Plan Width": 4,
                        "Actual Startup Time": 33.279,
                        "Actual Total Time": 86.835,
                        "Actual Rows": 279667,
                        "Actual Loops": 2,
                        "Recheck Cond": "(company_id > 71614)",
                        "Rows Removed by Index Recheck": 0,
                        "Exact Heap Blocks": 4659,
                        "Lossy Heap Blocks": 0,
                        "Plans": [
                          {
                            "Node Type": "Bitmap Index Scan",
                            "Parent Relationship": "Outer",
                            "Parallel Aware": false,
                            "Index Name": "company_id_movie_companies",
                            "Startup Cost": 0.0,
                            "Total Cost": 11720.05,
                            "Plan Rows": 547149,
                            "Plan Width": 0,
                            "Actual Startup Time": 32.097,
                            "Actual Total Time": 32.098,
                            "Actual Rows": 559334,
                            "Actual Loops": 1,
                            "Index Cond": "(company_id > 71614)"
                          }
                        ]
                      }
                    ]
                  }
                ]
              }
            ]
          }
        ]
      }
    ]
  },
  "Planning Time": 0.722,
  "Triggers": [],
  "Execution Time": 1139.522
}