[
  {
    "Plan": {
      "Node Type": "Aggregate",
      "Strategy": "Plain",
      "Partial Mode": "Finalize",
      "Parallel Aware": false,
      "Startup Cost": 56224.81,
      "Total Cost": 56224.82,
      "Plan Rows": 1,
      "Plan Width": 8,
      "Actual Startup Time": 100.689,
      "Actual Total Time": 116.307,
      "Actual Rows": 1,
      "Actual Loops": 1,
      "Plans": [
        {
          "Node Type": "Gather",
          "Parent Relationship": "Outer",
          "Parallel Aware": false,
          "Startup Cost": 56224.39,
          "Total Cost": 56224.8,
          "Plan Rows": 4,
          "Plan Width": 8,
          "Actual Startup Time": 100.51,
          "Actual Total Time": 116.3,
          "Actual Rows": 5,
          "Actual Loops": 1,
          "Workers Planned": 4,
          "Workers Launched": 4,
          "Single Copy": false,
          "Plans": [
            {
              "Node Type": "Aggregate",
              "Strategy": "Plain",
              "Partial Mode": "Partial",
              "Parent Relationship": "Outer",
              "Parallel Aware": false,
              "Startup Cost": 55224.39,
              "Total Cost": 55224.4,
              "Plan Rows": 1,
              "Plan Width": 8,
              "Actual Startup Time": 94.427,
              "Actual Total Time": 94.428,
              "Actual Rows": 1,
              "Actual Loops": 5,
              "Plans": [
                {
                  "Node Type": "Nested Loop",
                  "Parent Relationship": "Outer",
                  "Parallel Aware": false,
                  "Join Type": "Inner",
                  "Startup Cost": 0.43,
                  "Total Cost": 55223.65,
                  "Plan Rows": 295,
                  "Plan Width": 0,
                  "Actual Startup Time": 0.794,
                  "Actual Total Time": 94.327,
                  "Actual Rows": 607,
                  "Actual Loops": 5,
                  "Inner Unique": false,
                  "Plans": [
                    {
                      "Node Type": "Seq Scan",
                      "Parent Relationship": "Outer",
                      "Parallel Aware": true,
                      "Relation Name": "title",
                      "Alias": "t",
                      "Startup Cost": 0.0,
                      "Total Cost": 45479.59,
                      "Plan Rows": 1636,
                      "Plan Width": 4,
                      "Actual Startup Time": 0.509,
                      "Actual Total Time": 80.245,
                      "Actual Rows": 1466,
                      "Actual Loops": 5,
                      "Filter": "((kind_id < 7) AND (production_year = 1984))",
                      "Rows Removed by Filter": 504197
                    },
                    {
                      "Node Type": "Index Scan",
                      "Parent Relationship": "Inner",
                      "Parallel Aware": false,
                      "Scan Direction": "Forward",
                      "Index Name": "movie_id_movie_info_idx",
                      "Relation Name": "movie_info_idx",
                      "Alias": "mi_idx",
                      "Startup Cost": 0.43,
                      "Total Cost": 5.95,
                      "Plan Rows": 1,
                      "Plan Width": 4,
                      "Actual Startup Time": 0.009,
                      "Actual Total Time": 0.009,
                      "Actual Rows": 0,
                      "Actual Loops": 7329,
                      "Index Cond": "(movie_id = t.id)",
                      "Rows Removed by Index Recheck": 0,
                      "Filter": "(info_type_id = 99)",
                      "Rows Removed by Filter": 1
                    }
                  ]
                }
              ]
            }
          ]
        }
      ]
    },
    "Planning Time": 0.279,
    "Triggers": [],
    "Execution Time": 116.367
  }
]