[
  {
    "Plan": {
      "Node Type": "Aggregate",
      "Strategy": "Plain",
      "Partial Mode": "Finalize",
      "Parallel Aware": false,
      "Startup Cost": 44900.47,
      "Total Cost": 44900.48,
      "Plan Rows": 1,
      "Plan Width": 8,
      "Actual Startup Time": 97.506,
      "Actual Total Time": 110.052,
      "Actual Rows": 1,
      "Actual Loops": 1,
      "Plans": [
        {
          "Node Type": "Gather",
          "Parent Relationship": "Outer",
          "Parallel Aware": false,
          "Startup Cost": 44900.05,
          "Total Cost": 44900.46,
          "Plan Rows": 4,
          "Plan Width": 8,
          "Actual Startup Time": 97.238,
          "Actual Total Time": 110.043,
          "Actual Rows": 5,
          "Actual Loops": 1,
          "Workers Planned": 4,
          "Workers Launched": 4,
          "Single Copy": false,
          "Plans": [
            {
              "Node Type": "Aggregate",
              "Strategy": "Plain",
              "Partial Mode": "Partial",
              "Parent Relationship": "Outer",
              "Parallel Aware": false,
              "Startup Cost": 43900.05,
              "Total Cost": 43900.06,
              "Plan Rows": 1,
              "Plan Width": 8,
              "Actual Startup Time": 88.108,
              "Actual Total Time": 88.11,
              "Actual Rows": 1,
              "Actual Loops": 5,
              "Plans": [
                {
                  "Node Type": "Seq Scan",
                  "Parent Relationship": "Outer",
                  "Parallel Aware": true,
                  "Relation Name": "title",
                  "Alias": "t",
                  "Startup Cost": 0.0,
                  "Total Cost": 43898.92,
                  "Plan Rows": 452,
                  "Plan Width": 0,
                  "Actual Startup Time": 62.428,
                  "Actual Total Time": 88.071,
                  "Actual Rows": 221,
                  "Actual Loops": 5,
                  "Filter": "(production_year = 1906)",
                  "Rows Removed by Filter": 505442
                }
              ]
            }
          ]
        }
      ]
    },
    "Planning Time": 0.151,
    "Triggers": [],
    "Execution Time": 110.108
  }
]