{
  "Plan": {
    "Node Type": "Aggregate",
    "Strategy": "Plain",
    "Partial Mode": "Finalize",
    "Parallel Aware": false,
    "Startup Cost": 603264.3,
    "Total Cost": 603264.31,
    "Plan Rows": 1,
    "Plan Width": 8,
    "Actual Startup Time": 1627.933,
    "Actual Total Time": 1653.539,
    "Actual Rows": 1,
    "Actual Loops": 1,
    "Plans": [
      {
        "Node Type": "Gather",
        "Parent Relationship": "Outer",
        "Parallel Aware": false,
        "Startup Cost": 603264.19,
        "Total Cost": 603264.3,
        "Plan Rows": 1,
        "Plan Width": 8,
        "Actual Startup Time": 1623.285,
        "Actual Total Time": 1653.532,
        "Actual Rows": 2,
        "Actual Loops": 1,
        "Workers Planned": 1,
        "Workers Launched": 1,
        "Single Copy": false,
        "Plans": [
          {
            "Node Type": "Aggregate",
            "Strategy": "Plain",
            "Partial Mode": "Partial",
            "Parent Relationship": "Outer",
            "Parallel Aware": false,
            "Startup Cost": 602264.19,
            "Total Cost": 602264.2,
            "Plan Rows": 1,
            "Plan Width": 8,
            "Actual Startup Time": 1616.519,
            "Actual Total Time": 1616.526,
            "Actual Rows": 1,
            "Actual Loops": 2,
            "Plans": [
              {
                "Node Type": "Hash Join",
                "Parent Relationship": "Outer",
                "Parallel Aware": true,
                "Join Type": "Inner",
                "Startup Cost": 330903.79,
                "Total Cost": 601617.62,
                "Plan Rows": 258628,
                "Plan Width": 0,
                "Actual Startup Time": 1027.259,
                "Actual Total Time": 1524.742,
                "Actual Rows": 2265855,
                "Actual Loops": 2,
                "Inner Unique": false,
                "Hash Cond": "(ci.movie_id = t.id)",
                "Plans": [
                  {
                    "Node Type": "Bitmap Heap Scan",
                    "Parent Relationship": "Outer",
                    "Parallel Aware": true,
                    "Relation Name": "cast_info",
                    "Alias": "ci",
                    "Startup Cost": 38138.71,
                    "Total Cost": 303522.24,
                    "Plan Rows": 1015722,
                    "Plan Width": 4,
                    "Actual Startup Time": 67.239,
                    "Actual Total Time": 152.805,
                    "Actual Rows": 871956,
                    "Actual Loops": 2,
                    "Recheck Cond": "(person_id < 174039)",
                    "Rows Removed by Index Recheck": 0,
                    "Exact Heap Blocks": 9136,
                    "Lossy Heap Blocks": 0,
                    "Plans": [
                      {
                        "Node Type": "Bitmap Index Scan",
                        "Parent Relationship": "Outer",
                        "Parallel Aware": false,
                        "Index Name": "person_id_cast_info",
                        "Startup Cost": 0.0,
                        "Total Cost": 37707.03,
                        "Plan Rows": 1726728,
                        "Plan Width": 0,
                        "Actual Startup Time": 64.442,
                        "Actual Total Time": 64.442,
                        "Actual Rows": 1743911,
                        "Actual Loops": 1,
                        "Index Cond": "(person_id < 174039)"
                      }
                    ]
                  },
                  {
                    "Node Type": "Hash",
                    "Parent Relationship": "Inner",
                    "Parallel Aware": true,
                    "Startup Cost": 288031.51,
                    "Total Cost": 288031.51,
                    "Plan Rows": 378686,
                    "Plan Width": 8,
                    "Actual Startup Time": 951.304,
                    "Actual Total Time": 951.309,
                    "Actual Rows": 739010,
                    "Actual Loops": 2,
                    "Hash Buckets": 2097152,
                    "Original Hash Buckets": 1048576,
                    "Hash Batches": 1,
                    "Original Hash Batches": 1,
                    "Peak Memory Usage": 82432,
                    "Plans": [
                      {
                        "Node Type": "Hash Join",
                        "Parent Relationship": "Outer",
                        "Parallel Aware": true,
                        "Join Type": "Inner",
                        "Startup Cost": 105431.96,
                        "Total Cost": 288031.51,
                        "Plan Rows": 378686,
                        "Plan Width": 8,
                        "Actual Startup Time": 330.998,
                        "Actual Total Time": 768.384,
                        "Actual Rows": 739010,
                        "Actual Loops": 2,
                        "Inner Unique": true,
                        "Hash Cond": "(mi.movie_id = t.id)",
                        "Plans": [
                          {
                            "Node Type": "Bitmap Heap Scan",
                            "Parent Relationship": "Outer",
                            "Parallel Aware": true,
                            "Relation Name": "movie_info",
                            "Alias": "mi",
                            "Startup Cost": 41958.26,
                            "Total Cost": 220981.46,
                            "Plan Rows": 1362416,
                            "Plan Width": 4,
                            "Actual Startup Time": 86.304,
                            "Actual Total Time": 239.477,
                            "Actual Rows": 1116925,
                            "Actual Loops": 2,
                            "Recheck Cond": "(info_type_id > 16)",
                            "Rows Removed by Index Recheck": 0,
                            "Exact Heap Blocks": 27308,
                            "Lossy Heap Blocks": 0,
                            "Plans": [
                              {
                                "Node Type": "Bitmap Index Scan",
                                "Parent Relationship": "Outer",
                                "Parallel Aware": false,
                                "Index Name": "info_type_id_movie_info",
                                "Startup Cost": 0.0,
                                "Total Cost": 41379.24,
                                "Plan Rows": 2316107,
                                "Plan Width": 0,
                                "Actual Startup Time": 78.106,
                                "Actual Total Time": 78.106,
                                "Actual Rows": 2233850,
                                "Actual Loops": 1,
                                "Index Cond": "(info_type_id > 16)"
                              }
                            ]
                          },
                          {
                            "Node Type": "Hash",
                            "Parent Relationship": "Inner",
                            "Parallel Aware": true,
                            "Startup Cost": 58306.47,
                            "Total Cost": 58306.47,
                            "Plan Rows": 413378,
                            "Plan Width": 4,
                            "Actual Startup Time": 239.306,
                            "Actual Total Time": 239.307,
                            "Actual Rows": 374966,
                            "Actual Loops": 2,
                            "Hash Buckets": 1048576,
                            "Original Hash Buckets": 1048576,
                            "Hash Batches": 1,
                            "Original Hash Batches": 1,
                            "Peak Memory Usage": 37568,
                            "Plans": [
                              {
                                "Node Type": "Seq Scan",
                                "Parent Relationship": "Outer",
                                "Parallel Aware": true,
                                "Relation Name": "title",
                                "Alias": "t",
                                "Startup Cost": 0.0,
                                "Total Cost": 58306.47,
                                "Plan Rows": 413378,
                                "Plan Width": 4,
                                "Actual Startup Time": 0.038,
                                "Actual Total Time": 146.584,
                                "Actual Rows": 374966,
                                "Actual Loops": 2,
                                "Filter": "((kind_id < 7) AND (production_year < 2009))",
                                "Rows Removed by Filter": 889190
                              }
                            ]
                          }
                        ]
                      }
                    ]
                  }
                ]
              }
            ]
          }
        ]
      }
    ]
  },
  "Planning Time": 1.058,
  "Triggers": [],
  "Execution Time": 1653.66
}