[
  {
    "Plan": {
      "Node Type": "Aggregate",
      "Strategy": "Plain",
      "Partial Mode": "Finalize",
      "Parallel Aware": false,
      "Startup Cost": 46806.78,
      "Total Cost": 46806.79,
      "Plan Rows": 1,
      "Plan Width": 8,
      "Actual Startup Time": 88.259,
      "Actual Total Time": 99.639,
      "Actual Rows": 1,
      "Actual Loops": 1,
      "Plans": [
        {
          "Node Type": "Gather",
          "Parent Relationship": "Outer",
          "Parallel Aware": false,
          "Startup Cost": 46806.36,
          "Total Cost": 46806.77,
          "Plan Rows": 4,
          "Plan Width": 8,
          "Actual Startup Time": 88.064,
          "Actual Total Time": 99.627,
          "Actual Rows": 5,
          "Actual Loops": 1,
          "Workers Planned": 4,
          "Workers Launched": 4,
          "Single Copy": false,
          "Plans": [
            {
              "Node Type": "Aggregate",
              "Strategy": "Plain",
              "Partial Mode": "Partial",
              "Parent Relationship": "Outer",
              "Parallel Aware": false,
              "Startup Cost": 45806.36,
              "Total Cost": 45806.37,
              "Plan Rows": 1,
              "Plan Width": 8,
              "Actual Startup Time": 83.092,
              "Actual Total Time": 83.094,
              "Actual Rows": 1,
              "Actual Loops": 5,
              "Plans": [
                {
                  "Node Type": "Seq Scan",
                  "Parent Relationship": "Outer",
                  "Parallel Aware": true,
                  "Relation Name": "title",
                  "Alias": "t",
                  "Startup Cost": 0.0,
                  "Total Cost": 45479.59,
                  "Plan Rows": 130708,
                  "Plan Width": 0,
                  "Actual Startup Time": 0.031,
                  "Actual Total Time": 77.88,
                  "Actual Rows": 118894,
                  "Actual Loops": 5,
                  "Filter": "((kind_id < 4) AND (production_year < 2007))",
                  "Rows Removed by Filter": 386768
                }
              ]
            }
          ]
        }
      ]
    },
    "Planning Time": 0.196,
    "Triggers": [],
    "Execution Time": 99.709
  }
]