{
  "Plan": {
    "Node Type": "Aggregate",
    "Strategy": "Plain",
    "Partial Mode": "Finalize",
    "Parallel Aware": false,
    "Startup Cost": 1876066.16,
    "Total Cost": 1876066.17,
    "Plan Rows": 1,
    "Plan Width": 8,
    "Actual Startup Time": 12815.144,
    "Actual Total Time": 12903.557,
    "Actual Rows": 1,
    "Actual Loops": 1,
    "Plans": [
      {
        "Node Type": "Gather",
        "Parent Relationship": "Outer",
        "Parallel Aware": false,
        "Startup Cost": 1876066.04,
        "Total Cost": 1876066.15,
        "Plan Rows": 1,
        "Plan Width": 8,
        "Actual Startup Time": 12807.831,
        "Actual Total Time": 12903.547,
        "Actual Rows": 2,
        "Actual Loops": 1,
        "Workers Planned": 1,
        "Workers Launched": 1,
        "Single Copy": false,
        "Plans": [
          {
            "Node Type": "Aggregate",
            "Strategy": "Plain",
            "Partial Mode": "Partial",
            "Parent Relationship": "Outer",
            "Parallel Aware": false,
            "Startup Cost": 1875066.04,
            "Total Cost": 1875066.05,
            "Plan Rows": 1,
            "Plan Width": 8,
            "Actual Startup Time": 12805.532,
            "Actual Total Time": 12805.534,
            "Actual Rows": 1,
            "Actual Loops": 2,
            "Plans": [
              {
                "Node Type": "Merge Join",
                "Parent Relationship": "Outer",
                "Parallel Aware": false,
                "Join Type": "Inner",
                "Startup Cost": 34.49,
                "Total Cost": 1860642.98,
                "Plan Rows": 5769226,
                "Plan Width": 0,
                "Actual Startup Time": 781.887,
                "Actual Total Time": 11844.891,
                "Actual Rows": 23779342,
                "Actual Loops": 2,
                "Inner Unique": false,
                "Merge Cond": "(t.id = mc.movie_id)",
                "Plans": [
                  {
                    "Node Type": "Nested Loop",
                    "Parent Relationship": "Outer",
                    "Parallel Aware": false,
                    "Join Type": "Inner",
                    "Startup Cost": 0.99,
                    "Total Cost": 1621723.51,
                    "Plan Rows": 5590484,
                    "Plan Width": 8,
                    "Actual Startup Time": 231.799,
                    "Actual Total Time": 7499.578,
                    "Actual Rows": 5198198,
                    "Actual Loops": 2,
                    "Inner Unique": false,
                    "Plans": [
                      {
                        "Node Type": "Index Scan",
                        "Parent Relationship": "Outer",
                        "Parallel Aware": true,
                        "Scan Direction": "Forward",
                        "Index Name": "title_pkey",
                        "Relation Name": "title",
                        "Alias": "t",
                        "Startup Cost": 0.43,
                        "Total Cost": 103647.43,
                        "Plan Rows": 390151,
                        "Plan Width": 4,
                        "Actual Startup Time": 231.728,
                        "Actual Total Time": 724.555,
                        "Actual Rows": 331336,
                        "Actual Loops": 2,
                        "Filter": "(kind_id = 1)",
                        "Rows Removed by Filter": 932649
                      },
                      {
                        "Node Type": "Index Only Scan",
                        "Parent Relationship": "Inner",
                        "Parallel Aware": false,
                        "Scan Direction": "Forward",
                        "Index Name": "movie_id_cast_info",
                        "Relation Name": "cast_info",
                        "Alias": "ci",
                        "Startup Cost": 0.56,
                        "Total Cost": 3.52,
                        "Plan Rows": 37,
                        "Plan Width": 4,
                        "Actual Startup Time": 0.003,
                        "Actual Total Time": 0.019,
                        "Actual Rows": 16,
                        "Actual Loops": 662673,
                        "Index Cond": "(movie_id = t.id)",
                        "Rows Removed by Index Recheck": 0,
                        "Heap Fetches": 10396396
                      }
                    ]
                  },
                  {
                    "Node Type": "Materialize",
                    "Parent Relationship": "Inner",
                    "Parallel Aware": false,
                    "Startup Cost": 0.43,
                    "Total Cost": 146582.27,
                    "Plan Rows": 2609129,
                    "Plan Width": 4,
                    "Actual Startup Time": 0.049,
                    "Actual Total Time": 1754.071,
                    "Actual Rows": 25756106,
                    "Actual Loops": 2,
                    "Plans": [
                      {
                        "Node Type": "Index Only Scan",
                        "Parent Relationship": "Outer",
                        "Parallel Aware": false,
                        "Scan Direction": "Forward",
                        "Index Name": "movie_id_movie_companies",
                        "Relation Name": "movie_companies",
                        "Alias": "mc",
                        "Startup Cost": 0.43,
                        "Total Cost": 140059.44,
                        "Plan Rows": 2609129,
                        "Plan Width": 4,
                        "Actual Startup Time": 0.045,
                        "Actual Total Time": 641.619,
                        "Actual Rows": 2609042,
                        "Actual Loops": 2,
                        "Heap Fetches": 5218085
                      }
                    ]
                  }
                ]
              }
            ]
          }
        ]
      }
    ]
  },
  "Planning Time": 0.892,
  "Triggers": [],
  "Execution Time": 12903.658
}