[
  {
    "Plan": {
      "Node Type": "Aggregate",
      "Strategy": "Plain",
      "Partial Mode": "Finalize",
      "Parallel Aware": false,
      "Startup Cost": 437587.02,
      "Total Cost": 437587.03,
      "Plan Rows": 1,
      "Plan Width": 8,
      "Actual Startup Time": 2535.735,
      "Actual Total Time": 2599.409,
      "Actual Rows": 1,
      "Actual Loops": 1,
      "Plans": [
        {
          "Node Type": "Gather",
          "Parent Relationship": "Outer",
          "Parallel Aware": false,
          "Startup Cost": 437586.39,
          "Total Cost": 437587.0,
          "Plan Rows": 6,
          "Plan Width": 8,
          "Actual Startup Time": 2524.212,
          "Actual Total Time": 2599.397,
          "Actual Rows": 7,
          "Actual Loops": 1,
          "Workers Planned": 6,
          "Workers Launched": 6,
          "Single Copy": false,
          "Plans": [
            {
              "Node Type": "Aggregate",
              "Strategy": "Plain",
              "Partial Mode": "Partial",
              "Parent Relationship": "Outer",
              "Parallel Aware": false,
              "Startup Cost": 436586.39,
              "Total Cost": 436586.4,
              "Plan Rows": 1,
              "Plan Width": 8,
              "Actual Startup Time": 2513.041,
              "Actual Total Time": 2513.249,
              "Actual Rows": 1,
              "Actual Loops": 7,
              "Plans": [
                {
                  "Node Type": "Hash Join",
                  "Parent Relationship": "Outer",
                  "Parallel Aware": true,
                  "Join Type": "Inner",
                  "Startup Cost": 93142.4,
                  "Total Cost": 433209.37,
                  "Plan Rows": 1350809,
                  "Plan Width": 0,
                  "Actual Startup Time": 329.879,
                  "Actual Total Time": 2300.26,
                  "Actual Rows": 4240075,
                  "Actual Loops": 7,
                  "Inner Unique": false,
                  "Hash Cond": "(ci.movie_id = t.id)",
                  "Plans": [
                    {
                      "Node Type": "Seq Scan",
                      "Parent Relationship": "Outer",
                      "Parallel Aware": true,
                      "Relation Name": "cast_info",
                      "Alias": "ci",
                      "Startup Cost": 0.0,
                      "Total Cost": 313067.02,
                      "Plan Rows": 6038002,
                      "Plan Width": 4,
                      "Actual Startup Time": 0.022,
                      "Actual Total Time": 602.85,
                      "Actual Rows": 5177763,
                      "Actual Loops": 7
                    },
                    {
                      "Node Type": "Hash",
                      "Parent Relationship": "Inner",
                      "Parallel Aware": true,
                      "Startup Cost": 90861.67,
                      "Total Cost": 90861.67,
                      "Plan Rows": 182459,
                      "Plan Width": 8,
                      "Actual Startup Time": 326.412,
                      "Actual Total Time": 326.618,
                      "Actual Rows": 110935,
                      "Actual Loops": 7,
                      "Hash Buckets": 1048576,
                      "Original Hash Buckets": 1048576,
                      "Hash Batches": 1,
                      "Original Hash Batches": 1,
                      "Peak Memory Usage": 38720,
                      "Plans": [
                        {
                          "Node Type": "Hash Join",
                          "Parent Relationship": "Outer",
                          "Parallel Aware": true,
                          "Join Type": "Inner",
                          "Startup Cost": 46908.73,
                          "Total Cost": 90861.67,
                          "Plan Rows": 182459,
                          "Plan Width": 8,
                          "Actual Startup Time": 157.691,
                          "Actual Total Time": 283.937,
                          "Actual Rows": 110935,
                          "Actual Loops": 7,
                          "Inner Unique": true,
                          "Hash Cond": "(mk.movie_id = t.id)",
                          "Plans": [
                            {
                              "Node Type": "Seq Scan",
                              "Parent Relationship": "Outer",
                              "Parallel Aware": true,
                              "Relation Name": "movie_keyword",
                              "Alias": "mk",
                              "Startup Cost": 0.0,
                              "Total Cost": 42695.65,
                              "Plan Rows": 478966,
                              "Plan Width": 4,
                              "Actual Startup Time": 0.038,
                              "Actual Total Time": 76.162,
                              "Actual Rows": 214067,
                              "Actual Loops": 7,
                              "Filter": "(keyword_id < 2158)",
                              "Rows Removed by Filter": 432209
                            },
                            {
                              "Node Type": "Hash",
                              "Parent Relationship": "Inner",
                              "Parallel Aware": true,
                              "Startup Cost": 43898.92,
                              "Total Cost": 43898.92,
                              "Plan Rows": 240785,
                              "Plan Width": 4,
                              "Actual Startup Time": 155.846,
                              "Actual Total Time": 155.847,
                              "Actual Rows": 138741,
                              "Actual Loops": 7,
                              "Hash Buckets": 1048576,
                              "Original Hash Buckets": 1048576,
                              "Hash Batches": 1,
                              "Original Hash Batches": 1,
                              "Peak Memory Usage": 46336,
                              "Plans": [
                                {
                                  "Node Type": "Seq Scan",
                                  "Parent Relationship": "Outer",
                                  "Parallel Aware": true,
                                  "Relation Name": "title",
                                  "Alias": "t",
                                  "Startup Cost": 0.0,
                                  "Total Cost": 43898.92,
                                  "Plan Rows": 240785,
                                  "Plan Width": 4,
                                  "Actual Startup Time": 0.046,
                                  "Actual Total Time": 85.427,
                                  "Actual Rows": 138741,
                                  "Actual Loops": 7,
                                  "Filter": "(production_year < 1999)",
                                  "Rows Removed by Filter": 222446
                                }
                              ]
                            }
                          ]
                        }
                      ]
                    }
                  ]
                }
              ]
            }
          ]
        }
      ]
    },
    "Planning Time": 1.211,
    "Triggers": [],
    "Execution Time": 2599.535
  }
]