[
  {
    "Plan": {
      "Node Type": "Aggregate",
      "Strategy": "Plain",
      "Partial Mode": "Finalize",
      "Parallel Aware": false,
      "Startup Cost": 382440.1,
      "Total Cost": 382440.11,
      "Plan Rows": 1,
      "Plan Width": 8,
      "Actual Startup Time": 1232.8,
      "Actual Total Time": 1300.011,
      "Actual Rows": 1,
      "Actual Loops": 1,
      "Plans": [
        {
          "Node Type": "Gather",
          "Parent Relationship": "Outer",
          "Parallel Aware": false,
          "Startup Cost": 382439.48,
          "Total Cost": 382440.09,
          "Plan Rows": 6,
          "Plan Width": 8,
          "Actual Startup Time": 1228.388,
          "Actual Total Time": 1299.999,
          "Actual Rows": 7,
          "Actual Loops": 1,
          "Workers Planned": 6,
          "Workers Launched": 6,
          "Single Copy": false,
          "Plans": [
            {
              "Node Type": "Aggregate",
              "Strategy": "Plain",
              "Partial Mode": "Partial",
              "Parent Relationship": "Outer",
              "Parallel Aware": false,
              "Startup Cost": 381439.48,
              "Total Cost": 381439.49,
              "Plan Rows": 1,
              "Plan Width": 8,
              "Actual Startup Time": 1218.425,
              "Actual Total Time": 1218.428,
              "Actual Rows": 1,
              "Actual Loops": 7,
              "Plans": [
                {
                  "Node Type": "Hash Join",
                  "Parent Relationship": "Outer",
                  "Parallel Aware": true,
                  "Join Type": "Inner",
                  "Startup Cost": 45971.59,
                  "Total Cost": 379979.05,
                  "Plan Rows": 584171,
                  "Plan Width": 0,
                  "Actual Startup Time": 381.158,
                  "Actual Total Time": 1191.957,
                  "Actual Rows": 531536,
                  "Actual Loops": 7,
                  "Inner Unique": true,
                  "Hash Cond": "(ci.movie_id = t.id)",
                  "Plans": [
                    {
                      "Node Type": "Seq Scan",
                      "Parent Relationship": "Outer",
                      "Parallel Aware": true,
                      "Relation Name": "cast_info",
                      "Alias": "ci",
                      "Startup Cost": 0.0,
                      "Total Cost": 328162.03,
                      "Plan Rows": 2226827,
                      "Plan Width": 4,
                      "Actual Startup Time": 254.81,
                      "Actual Total Time": 606.026,
                      "Actual Rows": 1902880,
                      "Actual Loops": 7,
                      "Filter": "(person_id > 2340145)",
                      "Rows Removed by Filter": 3274883
                    },
                    {
                      "Node Type": "Hash",
                      "Parent Relationship": "Inner",
                      "Parallel Aware": true,
                      "Startup Cost": 43898.92,
                      "Total Cost": 43898.92,
                      "Plan Rows": 165814,
                      "Plan Width": 4,
                      "Actual Startup Time": 123.216,
                      "Actual Total Time": 123.217,
                      "Actual Rows": 94689,
                      "Actual Loops": 7,
                      "Hash Buckets": 1048576,
                      "Original Hash Buckets": 1048576,
                      "Hash Batches": 1,
                      "Original Hash Batches": 1,
                      "Peak Memory Usage": 34272,
                      "Plans": [
                        {
                          "Node Type": "Seq Scan",
                          "Parent Relationship": "Outer",
                          "Parallel Aware": true,
                          "Relation Name": "title",
                          "Alias": "t",
                          "Startup Cost": 0.0,
                          "Total Cost": 43898.92,
                          "Plan Rows": 165814,
                          "Plan Width": 4,
                          "Actual Startup Time": 43.391,
                          "Actual Total Time": 81.506,
                          "Actual Rows": 94689,
                          "Actual Loops": 7,
                          "Filter": "(kind_id = 1)",
                          "Rows Removed by Filter": 266498
                        }
                      ]
                    }
                  ]
                }
              ]
            }
          ]
        }
      ]
    },
    "Planning Time": 0.379,
    "Triggers": [],
    "Execution Time": 1300.077
  }
]