[
  {
    "Plan": {
      "Node Type": "Aggregate",
      "Strategy": "Plain",
      "Partial Mode": "Finalize",
      "Parallel Aware": false,
      "Startup Cost": 31157.15,
      "Total Cost": 31157.16,
      "Plan Rows": 1,
      "Plan Width": 8,
      "Actual Startup Time": 99.983,
      "Actual Total Time": 107.252,
      "Actual Rows": 1,
      "Actual Loops": 1,
      "Plans": [
        {
          "Node Type": "Gather",
          "Parent Relationship": "Outer",
          "Parallel Aware": false,
          "Startup Cost": 31156.83,
          "Total Cost": 31157.14,
          "Plan Rows": 3,
          "Plan Width": 8,
          "Actual Startup Time": 99.708,
          "Actual Total Time": 107.24,
          "Actual Rows": 4,
          "Actual Loops": 1,
          "Workers Planned": 3,
          "Workers Launched": 3,
          "Single Copy": false,
          "Plans": [
            {
              "Node Type": "Aggregate",
              "Strategy": "Plain",
              "Partial Mode": "Partial",
              "Parent Relationship": "Outer",
              "Parallel Aware": false,
              "Startup Cost": 30156.83,
              "Total Cost": 30156.84,
              "Plan Rows": 1,
              "Plan Width": 8,
              "Actual Startup Time": 95.364,
              "Actual Total Time": 95.367,
              "Actual Rows": 1,
              "Actual Loops": 4,
              "Plans": [
                {
                  "Node Type": "Bitmap Heap Scan",
                  "Parent Relationship": "Outer",
                  "Parallel Aware": true,
                  "Relation Name": "movie_keyword",
                  "Alias": "mk",
                  "Startup Cost": 4644.12,
                  "Total Cost": 29980.38,
                  "Plan Rows": 70580,
                  "Plan Width": 0,
                  "Actual Startup Time": 35.801,
                  "Actual Total Time": 91.641,
                  "Actual Rows": 56076,
                  "Actual Loops": 4,
                  "Recheck Cond": "(keyword_id > 64140)",
                  "Rows Removed by Index Recheck": 0,
                  "Exact Heap Blocks": 9914,
                  "Lossy Heap Blocks": 0,
                  "Plans": [
                    {
                      "Node Type": "Bitmap Index Scan",
                      "Parent Relationship": "Outer",
                      "Parallel Aware": false,
                      "Index Name": "keyword_id_movie_keyword",
                      "Startup Cost": 0.0,
                      "Total Cost": 4589.43,
                      "Plan Rows": 218799,
                      "Plan Width": 0,
                      "Actual Startup Time": 34.658,
                      "Actual Total Time": 34.659,
                      "Actual Rows": 224302,
                      "Actual Loops": 1,
                      "Index Cond": "(keyword_id > 64140)"
                    }
                  ]
                }
              ]
            }
          ]
        }
      ]
    },
    "Planning Time": 0.184,
    "Triggers": [],
    "Execution Time": 107.328
  }
]