{
  "Plan": {
    "Node Type": "Aggregate",
    "Strategy": "Plain",
    "Partial Mode": "Finalize",
    "Parallel Aware": false,
    "Startup Cost": 2636504.2,
    "Total Cost": 2636504.21,
    "Plan Rows": 1,
    "Plan Width": 8,
    "Actual Startup Time": 20043.064,
    "Actual Total Time": 20168.195,
    "Actual Rows": 1,
    "Actual Loops": 1,
    "Plans": [
      {
        "Node Type": "Gather",
        "Parent Relationship": "Outer",
        "Parallel Aware": false,
        "Startup Cost": 2636504.09,
        "Total Cost": 2636504.2,
        "Plan Rows": 1,
        "Plan Width": 8,
        "Actual Startup Time": 20043.057,
        "Actual Total Time": 20168.188,
        "Actual Rows": 2,
        "Actual Loops": 1,
        "Workers Planned": 1,
        "Workers Launched": 1,
        "Single Copy": false,
        "Plans": [
          {
            "Node Type": "Aggregate",
            "Strategy": "Plain",
            "Partial Mode": "Partial",
            "Parent Relationship": "Outer",
            "Parallel Aware": false,
            "Startup Cost": 2635504.09,
            "Total Cost": 2635504.1,
            "Plan Rows": 1,
            "Plan Width": 8,
            "Actual Startup Time": 20036.741,
            "Actual Total Time": 20036.743,
            "Actual Rows": 1,
            "Actual Loops": 2,
            "Plans": [
              {
                "Node Type": "Merge Join",
                "Parent Relationship": "Outer",
                "Parallel Aware": false,
                "Join Type": "Inner",
                "Startup Cost": 89.09,
                "Total Cost": 2602372.92,
                "Plan Rows": 13252467,
                "Plan Width": 0,
                "Actual Startup Time": 6.831,
                "Actual Total Time": 19463.764,
                "Actual Rows": 13670978,
                "Actual Loops": 2,
                "Inner Unique": false,
                "Merge Cond": "(t.id = mc.movie_id)",
                "Plans": [
                  {
                    "Node Type": "Merge Join",
                    "Parent Relationship": "Outer",
                    "Parallel Aware": false,
                    "Join Type": "Inner",
                    "Startup Cost": 42.96,
                    "Total Cost": 2233713.69,
                    "Plan Rows": 12841879,
                    "Plan Width": 8,
                    "Actual Startup Time": 3.265,
                    "Actual Total Time": 16051.422,
                    "Actual Rows": 10604205,
                    "Actual Loops": 2,
                    "Inner Unique": true,
                    "Merge Cond": "(ci.movie_id = t.id)",
                    "Plans": [
                      {
                        "Node Type": "Index Only Scan",
                        "Parent Relationship": "Outer",
                        "Parallel Aware": true,
                        "Scan Direction": "Forward",
                        "Index Name": "movie_id_cast_info",
                        "Relation Name": "cast_info",
                        "Alias": "ci",
                        "Startup Cost": 0.56,
                        "Total Cost": 1925345.15,
                        "Plan Rows": 21310595,
                        "Plan Width": 4,
                        "Actual Startup Time": 0.101,
                        "Actual Total Time": 13016.063,
                        "Actual Rows": 18121496,
                        "Actual Loops": 2,
                        "Heap Fetches": 36242993
                      },
                      {
                        "Node Type": "Index Scan",
                        "Parent Relationship": "Inner",
                        "Parallel Aware": false,
                        "Scan Direction": "Forward",
                        "Index Name": "title_pkey",
                        "Relation Name": "title",
                        "Alias": "t",
                        "Startup Cost": 0.43,
                        "Total Cost": 122981.43,
                        "Plan Rows": 1523563,
                        "Plan Width": 4,
                        "Actual Startup Time": 0.115,
                        "Actual Total Time": 1504.579,
                        "Actual Rows": 1507024,
                        "Actual Loops": 2,
                        "Filter": "((kind_id > 1) AND (production_year < 2011))",
                        "Rows Removed by Filter": 1018734
                      }
                    ]
                  },
                  {
                    "Node Type": "Materialize",
                    "Parent Relationship": "Inner",
                    "Parallel Aware": false,
                    "Startup Cost": 0.43,
                    "Total Cost": 146582.27,
                    "Plan Rows": 2609129,
                    "Plan Width": 4,
                    "Actual Startup Time": 0.099,
                    "Actual Total Time": 1453.249,
                    "Actual Rows": 15739142,
                    "Actual Loops": 2,
                    "Plans": [
                      {
                        "Node Type": "Index Only Scan",
                        "Parent Relationship": "Outer",
                        "Parallel Aware": false,
                        "Scan Direction": "Forward",
                        "Index Name": "movie_id_movie_companies",
                        "Relation Name": "movie_companies",
                        "Alias": "mc",
                        "Startup Cost": 0.43,
                        "Total Cost": 140059.44,
                        "Plan Rows": 2609129,
                        "Plan Width": 4,
                        "Actual Startup Time": 0.09,
                        "Actual Total Time": 668.836,
                        "Actual Rows": 2609129,
                        "Actual Loops": 2,
                        "Heap Fetches": 5218258
                      }
                    ]
                  }
                ]
              }
            ]
          }
        ]
      }
    ]
  },
  "Planning Time": 1.139,
  "Triggers": [],
  "Execution Time": 20168.317
}