[
  {
    "Plan": {
      "Node Type": "Aggregate",
      "Strategy": "Plain",
      "Partial Mode": "Simple",
      "Parallel Aware": false,
      "Startup Cost": 27225.76,
      "Total Cost": 27225.77,
      "Plan Rows": 1,
      "Plan Width": 8,
      "Actual Startup Time": 57.055,
      "Actual Total Time": 57.056,
      "Actual Rows": 1,
      "Actual Loops": 1,
      "Plans": [
        {
          "Node Type": "Bitmap Heap Scan",
          "Parent Relationship": "Outer",
          "Parallel Aware": false,
          "Relation Name": "movie_keyword",
          "Alias": "mk",
          "Startup Cost": 1624.95,
          "Total Cost": 27034.63,
          "Plan Rows": 76454,
          "Plan Width": 0,
          "Actual Startup Time": 19.017,
          "Actual Total Time": 52.817,
          "Actual Rows": 72496,
          "Actual Loops": 1,
          "Recheck Cond": "(keyword_id = 335)",
          "Rows Removed by Index Recheck": 0,
          "Exact Heap Blocks": 15492,
          "Lossy Heap Blocks": 0,
          "Plans": [
            {
              "Node Type": "Bitmap Index Scan",
              "Parent Relationship": "Outer",
              "Parallel Aware": false,
              "Index Name": "keyword_id_movie_keyword",
              "Startup Cost": 0.0,
              "Total Cost": 1605.84,
              "Plan Rows": 76454,
              "Plan Width": 0,
              "Actual Startup Time": 12.797,
              "Actual Total Time": 12.797,
              "Actual Rows": 72496,
              "Actual Loops": 1,
              "Index Cond": "(keyword_id = 335)"
            }
          ]
        }
      ]
    },
    "Planning Time": 0.17,
    "Triggers": [],
    "Execution Time": 57.117
  }
]