[
  {
    "Plan": {
      "Node Type": "Aggregate",
      "Strategy": "Plain",
      "Partial Mode": "Finalize",
      "Parallel Aware": false,
      "Startup Cost": 332246.35,
      "Total Cost": 332246.36,
      "Plan Rows": 1,
      "Plan Width": 8,
      "Actual Startup Time": 591.139,
      "Actual Total Time": 651.44,
      "Actual Rows": 1,
      "Actual Loops": 1,
      "Plans": [
        {
          "Node Type": "Gather",
          "Parent Relationship": "Outer",
          "Parallel Aware": false,
          "Startup Cost": 332245.73,
          "Total Cost": 332246.34,
          "Plan Rows": 6,
          "Plan Width": 8,
          "Actual Startup Time": 591.021,
          "Actual Total Time": 651.429,
          "Actual Rows": 7,
          "Actual Loops": 1,
          "Workers Planned": 6,
          "Workers Launched": 6,
          "Single Copy": false,
          "Plans": [
            {
              "Node Type": "Aggregate",
              "Strategy": "Plain",
              "Partial Mode": "Partial",
              "Parent Relationship": "Outer",
              "Parallel Aware": false,
              "Startup Cost": 331245.73,
              "Total Cost": 331245.74,
              "Plan Rows": 1,
              "Plan Width": 8,
              "Actual Startup Time": 580.512,
              "Actual Total Time": 580.513,
              "Actual Rows": 1,
              "Actual Loops": 7,
              "Plans": [
                {
                  "Node Type": "Seq Scan",
                  "Parent Relationship": "Outer",
                  "Parallel Aware": true,
                  "Relation Name": "cast_info",
                  "Alias": "ci",
                  "Startup Cost": 0.0,
                  "Total Cost": 328162.03,
                  "Plan Rows": 1233481,
                  "Plan Width": 0,
                  "Actual Startup Time": 0.054,
                  "Actual Total Time": 533.065,
                  "Actual Rows": 1086530,
                  "Actual Loops": 7,
                  "Filter": "(person_id < 737346)",
                  "Rows Removed by Filter": 4091234
                }
              ]
            }
          ]
        }
      ]
    },
    "Planning Time": 0.178,
    "Triggers": [],
    "Execution Time": 651.509
  }
]