{
  "Plan": {
    "Node Type": "Aggregate",
    "Strategy": "Plain",
    "Partial Mode": "Finalize",
    "Parallel Aware": false,
    "Startup Cost": 403430.64,
    "Total Cost": 403430.65,
    "Plan Rows": 1,
    "Plan Width": 8,
    "Actual Startup Time": 1513.78,
    "Actual Total Time": 1527.594,
    "Actual Rows": 1,
    "Actual Loops": 1,
    "Plans": [
      {
        "Node Type": "Gather",
        "Parent Relationship": "Outer",
        "Parallel Aware": false,
        "Startup Cost": 403430.52,
        "Total Cost": 403430.63,
        "Plan Rows": 1,
        "Plan Width": 8,
        "Actual Startup Time": 1513.771,
        "Actual Total Time": 1527.587,
        "Actual Rows": 2,
        "Actual Loops": 1,
        "Workers Planned": 1,
        "Workers Launched": 1,
        "Single Copy": false,
        "Plans": [
          {
            "Node Type": "Aggregate",
            "Strategy": "Plain",
            "Partial Mode": "Partial",
            "Parent Relationship": "Outer",
            "Parallel Aware": false,
            "Startup Cost": 402430.52,
            "Total Cost": 402430.53,
            "Plan Rows": 1,
            "Plan Width": 8,
            "Actual Startup Time": 1500.803,
            "Actual Total Time": 1500.809,
            "Actual Rows": 1,
            "Actual Loops": 2,
            "Plans": [
              {
                "Node Type": "Merge Join",
                "Parent Relationship": "Outer",
                "Parallel Aware": false,
                "Join Type": "Inner",
                "Startup Cost": 395562.29,
                "Total Cost": 402140.35,
                "Plan Rows": 116068,
                "Plan Width": 0,
                "Actual Startup Time": 1236.217,
                "Actual Total Time": 1468.269,
                "Actual Rows": 853931,
                "Actual Loops": 2,
                "Inner Unique": false,
                "Merge Cond": "(mi.movie_id = t.id)",
                "Plans": [
                  {
                    "Node Type": "Sort",
                    "Parent Relationship": "Outer",
                    "Parallel Aware": false,
                    "Startup Cost": 239373.12,
                    "Total Cost": 240767.42,
                    "Plan Rows": 557721,
                    "Plan Width": 4,
                    "Actual Startup Time": 259.598,
                    "Actual Total Time": 291.853,
                    "Actual Rows": 450058,
                    "Actual Loops": 2,
                    "Sort Key": [
                      "mi.movie_id"
                    ],
                    "Sort Method": "quicksort",
                    "Sort Space Used": 50302,
                    "Sort Space Type": "Memory",
                    "Workers": [
                      {
                        "Worker Number": 0,
                        "Sort Method": "quicksort",
                        "Sort Space Used": 28766,
                        "Sort Space Type": "Memory"
                      }
                    ],
                    "Plans": [
                      {
                        "Node Type": "Bitmap Heap Scan",
                        "Parent Relationship": "Outer",
                        "Parallel Aware": true,
                        "Relation Name": "movie_info",
                        "Alias": "mi",
                        "Startup Cost": 17176.41,
                        "Total Cost": 186140.93,
                        "Plan Rows": 557721,
                        "Plan Width": 4,
                        "Actual Startup Time": 51.559,
                        "Actual Total Time": 156.52,
                        "Actual Rows": 450170,
                        "Actual Loops": 2,
                        "Recheck Cond": "(info_type_id > 94)",
                        "Rows Removed by Index Recheck": 0,
                        "Exact Heap Blocks": 19143,
                        "Lossy Heap Blocks": 0,
                        "Plans": [
                          {
                            "Node Type": "Bitmap Index Scan",
                            "Parent Relationship": "Outer",
                            "Parallel Aware": false,
                            "Index Name": "info_type_id_movie_info",
                            "Startup Cost": 0.0,
                            "Total Cost": 16939.38,
                            "Plan Rows": 948126,
                            "Plan Width": 0,
                            "Actual Startup Time": 51.95,
                            "Actual Total Time": 51.951,
                            "Actual Rows": 900340,
                            "Actual Loops": 1,
                            "Index Cond": "(info_type_id > 94)"
                          }
                        ]
                      }
                    ]
                  },
                  {
                    "Node Type": "Sort",
                    "Parent Relationship": "Inner",
                    "Parallel Aware": false,
                    "Startup Cost": 156189.11,
                    "Total Cost": 157504.52,
                    "Plan Rows": 526164,
                    "Plan Width": 8,
                    "Actual Startup Time": 976.605,
                    "Actual Total Time": 1031.201,
                    "Actual Rows": 1535650,
                    "Actual Loops": 2,
                    "Sort Key": [
                      "mi_idx.movie_id"
                    ],
                    "Sort Method": "quicksort",
                    "Sort Space Used": 69309,
                    "Sort Space Type": "Memory",
                    "Workers": [
                      {
                        "Worker Number": 0,
                        "Sort Method": "quicksort",
                        "Sort Space Used": 69309,
                        "Sort Space Type": "Memory"
                      }
                    ],
                    "Plans": [
                      {
                        "Node Type": "Hash Join",
                        "Parent Relationship": "Outer",
                        "Parallel Aware": false,
                        "Join Type": "Inner",
                        "Startup Cost": 80832.02,
                        "Total Cost": 106189.98,
                        "Plan Rows": 526164,
                        "Plan Width": 8,
                        "Actual Startup Time": 397.054,
                        "Actual Total Time": 782.673,
                        "Actual Rows": 954287,
                        "Actual Loops": 2,
                        "Inner Unique": true,
                        "Hash Cond": "(mi_idx.movie_id = t.id)",
                        "Plans": [
                          {
                            "Node Type": "Seq Scan",
                            "Parent Relationship": "Outer",
                            "Parallel Aware": false,
                            "Relation Name": "movie_info_idx",
                            "Alias": "mi_idx",
                            "Startup Cost": 0.0,
                            "Total Cost": 21735.35,
                            "Plan Rows": 1380035,
                            "Plan Width": 4,
                            "Actual Startup Time": 0.039,
                            "Actual Total Time": 97.509,
                            "Actual Rows": 1380035,
                            "Actual Loops": 2
                          },
                          {
                            "Node Type": "Hash",
                            "Parent Relationship": "Inner",
                            "Parallel Aware": false,
                            "Startup Cost": 68782.55,
                            "Total Cost": 68782.55,
                            "Plan Rows": 963958,
                            "Plan Width": 4,
                            "Actual Startup Time": 394.464,
                            "Actual Total Time": 394.466,
                            "Actual Rows": 977778,
                            "Actual Loops": 2,
                            "Hash Buckets": 1048576,
                            "Original Hash Buckets": 1048576,
                            "Hash Batches": 1,
                            "Original Hash Batches": 1,
                            "Peak Memory Usage": 42568,
                            "Plans": [
                              {
                                "Node Type": "Bitmap Heap Scan",
                                "Parent Relationship": "Outer",
                                "Parallel Aware": false,
                                "Relation Name": "title",
                                "Alias": "t",
                                "Startup Cost": 17913.13,
                                "Total Cost": 68782.55,
                                "Plan Rows": 963958,
                                "Plan Width": 4,
                                "Actual Startup Time": 38.7,
                                "Actual Total Time": 217.335,
                                "Actual Rows": 977778,
                                "Actual Loops": 2,
                                "Recheck Cond": "(kind_id < 7)",
                                "Rows Removed by Index Recheck": 0,
                                "Filter": "(production_year > 0)",
                                "Rows Removed by Filter": 7270,
                                "Exact Heap Blocks": 35472,
                                "Lossy Heap Blocks": 0,
                                "Plans": [
                                  {
                                    "Node Type": "Bitmap Index Scan",
                                    "Parent Relationship": "Outer",
                                    "Parallel Aware": false,
                                    "Index Name": "kind_id_title",
                                    "Startup Cost": 0.0,
                                    "Total Cost": 17672.14,
                                    "Plan Rows": 991428,
                                    "Plan Width": 0,
                                    "Actual Startup Time": 33.885,
                                    "Actual Total Time": 33.886,
                                    "Actual Rows": 985048,
                                    "Actual Loops": 2,
                                    "Index Cond": "(kind_id < 7)"
                                  }
                                ]
                              }
                            ]
                          }
                        ]
                      }
                    ]
                  }
                ]
              }
            ]
          }
        ]
      }
    ]
  },
  "Planning Time": 1.058,
  "Triggers": [],
  "Execution Time": 1538.511
}