{
  "Plan": {
    "Node Type": "Aggregate",
    "Strategy": "Plain",
    "Partial Mode": "Finalize",
    "Parallel Aware": false,
    "Startup Cost": 677208.44,
    "Total Cost": 677208.45,
    "Plan Rows": 1,
    "Plan Width": 8,
    "Actual Startup Time": 1953.122,
    "Actual Total Time": 1974.112,
    "Actual Rows": 1,
    "Actual Loops": 1,
    "Plans": [
      {
        "Node Type": "Gather",
        "Parent Relationship": "Outer",
        "Parallel Aware": false,
        "Startup Cost": 677208.33,
        "Total Cost": 677208.44,
        "Plan Rows": 1,
        "Plan Width": 8,
        "Actual Startup Time": 1949.946,
        "Actual Total Time": 1974.104,
        "Actual Rows": 2,
        "Actual Loops": 1,
        "Workers Planned": 1,
        "Workers Launched": 1,
        "Single Copy": false,
        "Plans": [
          {
            "Node Type": "Aggregate",
            "Strategy": "Plain",
            "Partial Mode": "Partial",
            "Parent Relationship": "Outer",
            "Parallel Aware": false,
            "Startup Cost": 676208.33,
            "Total Cost": 676208.34,
            "Plan Rows": 1,
            "Plan Width": 8,
            "Actual Startup Time": 1939.123,
            "Actual Total Time": 1939.131,
            "Actual Rows": 1,
            "Actual Loops": 2,
            "Plans": [
              {
                "Node Type": "Merge Join",
                "Parent Relationship": "Outer",
                "Parallel Aware": false,
                "Join Type": "Inner",
                "Startup Cost": 672635.1,
                "Total Cost": 676133.98,
                "Plan Rows": 29740,
                "Plan Width": 0,
                "Actual Startup Time": 1775.034,
                "Actual Total Time": 1939.078,
                "Actual Rows": 1000,
                "Actual Loops": 2,
                "Inner Unique": false,
                "Merge Cond": "(t.id = mi.movie_id)",
                "Plans": [
                  {
                    "Node Type": "Sort",
                    "Parent Relationship": "Outer",
                    "Parallel Aware": false,
                    "Startup Cost": 488269.46,
                    "Total Cost": 489484.3,
                    "Plan Rows": 485936,
                    "Plan Width": 8,
                    "Actual Startup Time": 1720.846,
                    "Actual Total Time": 1799.387,
                    "Actual Rows": 1212826,
                    "Actual Loops": 2,
                    "Sort Key": [
                      "t.id"
                    ],
                    "Sort Method": "quicksort",
                    "Sort Space Used": 107596,
                    "Sort Space Type": "Memory",
                    "Workers": [
                      {
                        "Worker Number": 0,
                        "Sort Method": "quicksort",
                        "Sort Space Used": 104430,
                        "Sort Space Type": "Memory"
                      }
                    ],
                    "Plans": [
                      {
                        "Node Type": "Hash Join",
                        "Parent Relationship": "Outer",
                        "Parallel Aware": true,
                        "Join Type": "Inner",
                        "Startup Cost": 152701.52,
                        "Total Cost": 442371.82,
                        "Plan Rows": 485936,
                        "Plan Width": 8,
                        "Actual Startup Time": 490.83,
                        "Actual Total Time": 1443.381,
                        "Actual Rows": 1213022,
                        "Actual Loops": 2,
                        "Inner Unique": true,
                        "Hash Cond": "(ci.movie_id = t.id)",
                        "Plans": [
                          {
                            "Node Type": "Bitmap Heap Scan",
                            "Parent Relationship": "Outer",
                            "Parallel Aware": true,
                            "Relation Name": "cast_info",
                            "Alias": "ci",
                            "Startup Cost": 86716.6,
                            "Total Cost": 374306.13,
                            "Plan Rows": 792675,
                            "Plan Width": 4,
                            "Actual Startup Time": 127.329,
                            "Actual Total Time": 434.203,
                            "Actual Rows": 1875850,
                            "Actual Loops": 2,
                            "Recheck Cond": "(person_id > 3376887)",
                            "Rows Removed by Index Recheck": 0,
                            "Filter": "(role_id > 3)",
                            "Rows Removed by Filter": 0,
                            "Exact Heap Blocks": 28249,
                            "Lossy Heap Blocks": 0,
                            "Plans": [
                              {
                                "Node Type": "Bitmap Index Scan",
                                "Parent Relationship": "Outer",
                                "Parallel Aware": false,
                                "Index Name": "person_id_cast_info",
                                "Startup Cost": 0.0,
                                "Total Cost": 86379.71,
                                "Plan Rows": 3955620,
                                "Plan Width": 0,
                                "Actual Startup Time": 117.608,
                                "Actual Total Time": 117.609,
                                "Actual Rows": 3751700,
                                "Actual Loops": 1,
                                "Index Cond": "(person_id > 3376887)"
                              }
                            ]
                          },
                          {
                            "Node Type": "Hash",
                            "Parent Relationship": "Inner",
                            "Parallel Aware": true,
                            "Startup Cost": 54588.39,
                            "Total Cost": 54588.39,
                            "Plan Rows": 911722,
                            "Plan Width": 4,
                            "Actual Startup Time": 349.185,
                            "Actual Total Time": 349.186,
                            "Actual Rows": 777932,
                            "Actual Loops": 2,
                            "Hash Buckets": 2097152,
                            "Original Hash Buckets": 2097152,
                            "Hash Batches": 1,
                            "Original Hash Batches": 1,
                            "Peak Memory Usage": 77280,
                            "Plans": [
                              {
                                "Node Type": "Seq Scan",
                                "Parent Relationship": "Outer",
                                "Parallel Aware": true,
                                "Relation Name": "title",
                                "Alias": "t",
                                "Startup Cost": 0.0,
                                "Total Cost": 54588.39,
                                "Plan Rows": 911722,
                                "Plan Width": 4,
                                "Actual Startup Time": 0.029,
                                "Actual Total Time": 152.933,
                                "Actual Rows": 777932,
                                "Actual Loops": 2,
                                "Filter": "(kind_id > 4)",
                                "Rows Removed by Filter": 486224
                              }
                            ]
                          }
                        ]
                      }
                    ]
                  },
                  {
                    "Node Type": "Sort",
                    "Parent Relationship": "Inner",
                    "Parallel Aware": false,
                    "Startup Cost": 184365.59,
                    "Total Cost": 184752.43,
                    "Plan Rows": 154736,
                    "Plan Width": 4,
                    "Actual Startup Time": 51.327,
                    "Actual Total Time": 59.912,
                    "Actual Rows": 148344,
                    "Actual Loops": 2,
                    "Sort Key": [
                      "mi.movie_id"
                    ],
                    "Sort Method": "quicksort",
                    "Sort Space Used": 13058,
                    "Sort Space Type": "Memory",
                    "Workers": [
                      {
                        "Worker Number": 0,
                        "Sort Method": "quicksort",
                        "Sort Space Used": 13058,
                        "Sort Space Type": "Memory"
                      }
                    ],
                    "Plans": [
                      {
                        "Node Type": "Bitmap Heap Scan",
                        "Parent Relationship": "Outer",
                        "Parallel Aware": false,
                        "Relation Name": "movie_info",
                        "Alias": "mi",
                        "Startup Cost": 2803.64,
                        "Total Cost": 171027.77,
                        "Plan Rows": 154736,
                        "Plan Width": 4,
                        "Actual Startup Time": 5.292,
                        "Actual Total Time": 27.204,
                        "Actual Rows": 147487,
                        "Actual Loops": 2,
                        "Recheck Cond": "(info_type_id = 107)",
                        "Rows Removed by Index Recheck": 0,
                        "Exact Heap Blocks": 4756,
                        "Lossy Heap Blocks": 0,
                        "Plans": [
                          {
                            "Node Type": "Bitmap Index Scan",
                            "Parent Relationship": "Outer",
                            "Parallel Aware": false,
                            "Index Name": "info_type_id_movie_info",
                            "Startup Cost": 0.0,
                            "Total Cost": 2764.95,
                            "Plan Rows": 154736,
                            "Plan Width": 0,
                            "Actual Startup Time": 4.784,
                            "Actual Total Time": 4.784,
                            "Actual Rows": 147487,
                            "Actual Loops": 2,
                            "Index Cond": "(info_type_id = 107)"
                          }
                        ]
                      }
                    ]
                  }
                ]
              }
            ]
          }
        ]
      }
    ]
  },
  "Planning Time": 1.072,
  "Triggers": [],
  "Execution Time": 1978.024
}