{
  "Plan": {
    "Node Type": "Aggregate",
    "Strategy": "Plain",
    "Partial Mode": "Finalize",
    "Parallel Aware": false,
    "Startup Cost": 130274.07,
    "Total Cost": 130274.08,
    "Plan Rows": 1,
    "Plan Width": 8,
    "Actual Startup Time": 704.297,
    "Actual Total Time": 718.233,
    "Actual Rows": 1,
    "Actual Loops": 1,
    "Plans": [
      {
        "Node Type": "Gather",
        "Parent Relationship": "Outer",
        "Parallel Aware": false,
        "Startup Cost": 130273.96,
        "Total Cost": 130274.07,
        "Plan Rows": 1,
        "Plan Width": 8,
        "Actual Startup Time": 701.786,
        "Actual Total Time": 718.227,
        "Actual Rows": 2,
        "Actual Loops": 1,
        "Workers Planned": 1,
        "Workers Launched": 1,
        "Single Copy": false,
        "Plans": [
          {
            "Node Type": "Aggregate",
            "Strategy": "Plain",
            "Partial Mode": "Partial",
            "Parent Relationship": "Outer",
            "Parallel Aware": false,
            "Startup Cost": 129273.96,
            "Total Cost": 129273.97,
            "Plan Rows": 1,
            "Plan Width": 8,
            "Actual Startup Time": 696.805,
            "Actual Total Time": 696.809,
            "Actual Rows": 1,
            "Actual Loops": 2,
            "Plans": [
              {
                "Node Type": "Hash Join",
                "Parent Relationship": "Outer",
                "Parallel Aware": true,
                "Join Type": "Inner",
                "Startup Cost": 68262.7,
                "Total Cost": 127917.38,
                "Plan Rows": 542629,
                "Plan Width": 0,
                "Actual Startup Time": 410.57,
                "Actual Total Time": 680.409,
                "Actual Rows": 420348,
                "Actual Loops": 2,
                "Inner Unique": true,
                "Hash Cond": "(mk.movie_id = t.id)",
                "Plans": [
                  {
                    "Node Type": "Seq Scan",
                    "Parent Relationship": "Outer",
                    "Parallel Aware": true,
                    "Relation Name": "movie_keyword",
                    "Alias": "mk",
                    "Startup Cost": 0.0,
                    "Total Cost": 57718.19,
                    "Plan Rows": 737711,
                    "Plan Width": 4,
                    "Actual Startup Time": 1.459,
                    "Actual Total Time": 159.302,
                    "Actual Rows": 630720,
                    "Actual Loops": 2,
                    "Filter": "(keyword_id > 14204)",
                    "Rows Removed by Filter": 1631245
                  },
                  {
                    "Node Type": "Hash",
                    "Parent Relationship": "Inner",
                    "Parallel Aware": true,
                    "Startup Cost": 54588.39,
                    "Total Cost": 54588.39,
                    "Plan Rows": 1093945,
                    "Plan Width": 4,
                    "Actual Startup Time": 398.533,
                    "Actual Total Time": 398.534,
                    "Actual Rows": 926404,
                    "Actual Loops": 2,
                    "Hash Buckets": 2097152,
                    "Original Hash Buckets": 2097152,
                    "Hash Batches": 1,
                    "Original Hash Batches": 1,
                    "Peak Memory Usage": 88896,
                    "Plans": [
                      {
                        "Node Type": "Seq Scan",
                        "Parent Relationship": "Outer",
                        "Parallel Aware": true,
                        "Relation Name": "title",
                        "Alias": "t",
                        "Startup Cost": 0.0,
                        "Total Cost": 54588.39,
                        "Plan Rows": 1093945,
                        "Plan Width": 4,
                        "Actual Startup Time": 0.024,
                        "Actual Total Time": 167.882,
                        "Actual Rows": 926404,
                        "Actual Loops": 2,
                        "Filter": "(production_year > 1985)",
                        "Rows Removed by Filter": 337752
                      }
                    ]
                  }
                ]
              }
            ]
          }
        ]
      }
    ]
  },
  "Planning Time": 0.335,
  "Triggers": [],
  "Execution Time": 718.273
}