[
    {
        "Bao": {
            "Bao prediction": 483.083,
            "Bao recommended hint": "(no hint)"
        }
    },
    {
        "Plan": {
            "Node Type": "Aggregate",
            "Strategy": "Plain",
            "Partial Mode": "Finalize",
            "Parallel Aware": false,
            "Startup Cost": 353493.12,
            "Total Cost": 353493.13,
            "Plan Rows": 1,
            "Plan Width": 8,
            "Actual Startup Time": 376.791,
            "Actual Total Time": 418.416,
            "Actual Rows": 1,
            "Actual Loops": 1,
            "Output": [
                "count(*)"
            ],
            "Plans": [
                {
                    "Node Type": "Gather",
                    "Parent Relationship": "Outer",
                    "Parallel Aware": false,
                    "Startup Cost": 353492.7,
                    "Total Cost": 353493.11,
                    "Plan Rows": 4,
                    "Plan Width": 8,
                    "Actual Startup Time": 376.562,
                    "Actual Total Time": 418.407,
                    "Actual Rows": 5,
                    "Actual Loops": 1,
                    "Output": [
                        "(PARTIAL count(*))"
                    ],
                    "Workers Planned": 4,
                    "Workers Launched": 4,
                    "Single Copy": false,
                    "Plans": [
                        {
                            "Node Type": "Aggregate",
                            "Strategy": "Plain",
                            "Partial Mode": "Partial",
                            "Parent Relationship": "Outer",
                            "Parallel Aware": false,
                            "Startup Cost": 352492.7,
                            "Total Cost": 352492.71,
                            "Plan Rows": 1,
                            "Plan Width": 8,
                            "Actual Startup Time": 367.667,
                            "Actual Total Time": 367.668,
                            "Actual Rows": 1,
                            "Actual Loops": 5,
                            "Output": [
                                "PARTIAL count(*)"
                            ],
                            "Workers": [
                                {
                                    "Worker Number": 0,
                                    "Actual Startup Time": 365.289,
                                    "Actual Total Time": 365.29,
                                    "Actual Rows": 1,
                                    "Actual Loops": 1
                                },
                                {
                                    "Worker Number": 1,
                                    "Actual Startup Time": 365.598,
                                    "Actual Total Time": 365.599,
                                    "Actual Rows": 1,
                                    "Actual Loops": 1
                                },
                                {
                                    "Worker Number": 2,
                                    "Actual Startup Time": 365.714,
                                    "Actual Total Time": 365.715,
                                    "Actual Rows": 1,
                                    "Actual Loops": 1
                                },
                                {
                                    "Worker Number": 3,
                                    "Actual Startup Time": 365.946,
                                    "Actual Total Time": 365.947,
                                    "Actual Rows": 1,
                                    "Actual Loops": 1
                                }
                            ],
                            "Plans": [
                                {
                                    "Node Type": "Nested Loop",
                                    "Parent Relationship": "Outer",
                                    "Parallel Aware": false,
                                    "Join Type": "Inner",
                                    "Startup Cost": 0.56,
                                    "Total Cost": 352391.3,
                                    "Plan Rows": 40561,
                                    "Plan Width": 0,
                                    "Actual Startup Time": 42.492,
                                    "Actual Total Time": 366.026,
                                    "Actual Rows": 16984,
                                    "Actual Loops": 5,
                                    "Inner Unique": false,
                                    "Workers": [
                                        {
                                            "Worker Number": 0,
                                            "Actual Startup Time": 47.957,
                                            "Actual Total Time": 363.718,
                                            "Actual Rows": 12240,
                                            "Actual Loops": 1
                                        },
                                        {
                                            "Worker Number": 1,
                                            "Actual Startup Time": 53.606,
                                            "Actual Total Time": 364.061,
                                            "Actual Rows": 11960,
                                            "Actual Loops": 1
                                        },
                                        {
                                            "Worker Number": 2,
                                            "Actual Startup Time": 48.546,
                                            "Actual Total Time": 364.291,
                                            "Actual Rows": 17186,
                                            "Actual Loops": 1
                                        },
                                        {
                                            "Worker Number": 3,
                                            "Actual Startup Time": 48.555,
                                            "Actual Total Time": 364.521,
                                            "Actual Rows": 17675,
                                            "Actual Loops": 1
                                        }
                                    ],
                                    "Plans": [
                                        {
                                            "Node Type": "Seq Scan",
                                            "Parent Relationship": "Outer",
                                            "Parallel Aware": true,
                                            "Relation Name": "title",
                                            "Schema": "public",
                                            "Alias": "t",
                                            "Startup Cost": 0.0,
                                            "Total Cost": 45479.21,
                                            "Plan Rows": 10971,
                                            "Plan Width": 4,
                                            "Actual Startup Time": 41.431,
                                            "Actual Total Time": 80.646,
                                            "Actual Rows": 7912,
                                            "Actual Loops": 5,
                                            "Output": [
                                                "t.id",
                                                "t.title",
                                                "t.imdb_index",
                                                "t.kind_id",
                                                "t.production_year",
                                                "t.imdb_id",
                                                "t.phonetic_code",
                                                "t.episode_of_id",
                                                "t.season_nr",
                                                "t.episode_nr",
                                                "t.series_years",
                                                "t.md5sum"
                                            ],
                                            "Filter": "((t.kind_id = 1) AND (t.production_year = 2012))",
                                            "Rows Removed by Filter": 497750,
                                            "Workers": [
                                                {
                                                    "Worker Number": 0,
                                                    "Actual Startup Time": 47.578,
                                                    "Actual Total Time": 75.117,
                                                    "Actual Rows": 5467,
                                                    "Actual Loops": 1
                                                },
                                                {
                                                    "Worker Number": 1,
                                                    "Actual Startup Time": 49.497,
                                                    "Actual Total Time": 76.818,
                                                    "Actual Rows": 5657,
                                                    "Actual Loops": 1
                                                },
                                                {
                                                    "Worker Number": 2,
                                                    "Actual Startup Time": 47.985,
                                                    "Actual Total Time": 75.633,
                                                    "Actual Rows": 8021,
                                                    "Actual Loops": 1
                                                },
                                                {
                                                    "Worker Number": 3,
                                                    "Actual Startup Time": 48.359,
                                                    "Actual Total Time": 76.474,
                                                    "Actual Rows": 8428,
                                                    "Actual Loops": 1
                                                }
                                            ]
                                        },
                                        {
                                            "Node Type": "Index Scan",
                                            "Parent Relationship": "Inner",
                                            "Parallel Aware": false,
                                            "Scan Direction": "Forward",
                                            "Index Name": "movie_id_cast_info",
                                            "Relation Name": "cast_info",
                                            "Schema": "public",
                                            "Alias": "ci",
                                            "Startup Cost": 0.56,
                                            "Total Cost": 27.87,
                                            "Plan Rows": 10,
                                            "Plan Width": 4,
                                            "Actual Startup Time": 0.027,
                                            "Actual Total Time": 0.035,
                                            "Actual Rows": 2,
                                            "Actual Loops": 39560,
                                            "Output": [
                                                "ci.id",
                                                "ci.person_id",
                                                "ci.movie_id",
                                                "ci.person_role_id",
                                                "ci.note",
                                                "ci.nr_order",
                                                "ci.role_id"
                                            ],
                                            "Index Cond": "(ci.movie_id = t.id)",
                                            "Rows Removed by Index Recheck": 0,
                                            "Filter": "((ci.person_id < 1419104) AND (ci.role_id > 1))",
                                            "Rows Removed by Filter": 14,
                                            "Workers": [
                                                {
                                                    "Worker Number": 0,
                                                    "Actual Startup Time": 0.039,
                                                    "Actual Total Time": 0.052,
                                                    "Actual Rows": 2,
                                                    "Actual Loops": 5467
                                                },
                                                {
                                                    "Worker Number": 1,
                                                    "Actual Startup Time": 0.038,
                                                    "Actual Total Time": 0.05,
                                                    "Actual Rows": 2,
                                                    "Actual Loops": 5657
                                                },
                                                {
                                                    "Worker Number": 2,
                                                    "Actual Startup Time": 0.027,
                                                    "Actual Total Time": 0.035,
                                                    "Actual Rows": 2,
                                                    "Actual Loops": 8021
                                                },
                                                {
                                                    "Worker Number": 3,
                                                    "Actual Startup Time": 0.026,
                                                    "Actual Total Time": 0.034,
                                                    "Actual Rows": 2,
                                                    "Actual Loops": 8428
                                                }
                                            ]
                                        }
                                    ]
                                }
                            ]
                        }
                    ]
                }
            ]
        },
        "Planning Time": 460.919,
        "Triggers": [],
        "Execution Time": 418.527
    }
]