[
  {
    "Plan": {
      "Node Type": "Aggregate",
      "Strategy": "Plain",
      "Partial Mode": "Finalize",
      "Parallel Aware": false,
      "Startup Cost": 44654.68,
      "Total Cost": 44654.69,
      "Plan Rows": 1,
      "Plan Width": 8,
      "Actual Startup Time": 144.947,
      "Actual Total Time": 153.362,
      "Actual Rows": 1,
      "Actual Loops": 1,
      "Plans": [
        {
          "Node Type": "Gather",
          "Parent Relationship": "Outer",
          "Parallel Aware": false,
          "Startup Cost": 44654.36,
          "Total Cost": 44654.67,
          "Plan Rows": 3,
          "Plan Width": 8,
          "Actual Startup Time": 144.792,
          "Actual Total Time": 153.352,
          "Actual Rows": 4,
          "Actual Loops": 1,
          "Workers Planned": 3,
          "Workers Launched": 3,
          "Single Copy": false,
          "Plans": [
            {
              "Node Type": "Aggregate",
              "Strategy": "Plain",
              "Partial Mode": "Partial",
              "Parent Relationship": "Outer",
              "Parallel Aware": false,
              "Startup Cost": 43654.36,
              "Total Cost": 43654.37,
              "Plan Rows": 1,
              "Plan Width": 8,
              "Actual Startup Time": 138.225,
              "Actual Total Time": 138.226,
              "Actual Rows": 1,
              "Actual Loops": 4,
              "Plans": [
                {
                  "Node Type": "Seq Scan",
                  "Parent Relationship": "Outer",
                  "Parallel Aware": true,
                  "Relation Name": "movie_keyword",
                  "Alias": "mk",
                  "Startup Cost": 0.0,
                  "Total Cost": 42695.65,
                  "Plan Rows": 383482,
                  "Plan Width": 0,
                  "Actual Startup Time": 1.109,
                  "Actual Total Time": 120.509,
                  "Actual Rows": 298494,
                  "Actual Loops": 4,
                  "Filter": "(keyword_id > 15480)",
                  "Rows Removed by Filter": 832489
                }
              ]
            }
          ]
        }
      ]
    },
    "Planning Time": 0.089,
    "Triggers": [],
    "Execution Time": 153.401
  }
]