[
  {
    "Plan": {
      "Node Type": "Aggregate",
      "Strategy": "Plain",
      "Partial Mode": "Finalize",
      "Parallel Aware": false,
      "Startup Cost": 44655.07,
      "Total Cost": 44655.08,
      "Plan Rows": 1,
      "Plan Width": 8,
      "Actual Startup Time": 131.847,
      "Actual Total Time": 141.505,
      "Actual Rows": 1,
      "Actual Loops": 1,
      "Plans": [
        {
          "Node Type": "Gather",
          "Parent Relationship": "Outer",
          "Parallel Aware": false,
          "Startup Cost": 44654.76,
          "Total Cost": 44655.07,
          "Plan Rows": 3,
          "Plan Width": 8,
          "Actual Startup Time": 131.744,
          "Actual Total Time": 141.497,
          "Actual Rows": 4,
          "Actual Loops": 1,
          "Workers Planned": 3,
          "Workers Launched": 3,
          "Single Copy": false,
          "Plans": [
            {
              "Node Type": "Aggregate",
              "Strategy": "Plain",
              "Partial Mode": "Partial",
              "Parent Relationship": "Outer",
              "Parallel Aware": false,
              "Startup Cost": 43654.76,
              "Total Cost": 43654.77,
              "Plan Rows": 1,
              "Plan Width": 8,
              "Actual Startup Time": 125.285,
              "Actual Total Time": 125.286,
              "Actual Rows": 1,
              "Actual Loops": 4,
              "Plans": [
                {
                  "Node Type": "Seq Scan",
                  "Parent Relationship": "Outer",
                  "Parallel Aware": true,
                  "Relation Name": "movie_keyword",
                  "Alias": "mk",
                  "Startup Cost": 0.0,
                  "Total Cost": 42695.65,
                  "Plan Rows": 383641,
                  "Plan Width": 0,
                  "Actual Startup Time": 2.897,
                  "Actual Total Time": 109.399,
                  "Actual Rows": 298494,
                  "Actual Loops": 4,
                  "Filter": "(keyword_id > 15480)",
                  "Rows Removed by Filter": 832489
                }
              ]
            }
          ]
        }
      ]
    },
    "Planning Time": 0.178,
    "Triggers": [],
    "Execution Time": 141.558
  }
]