[
    {
        "Bao": {
            "Bao prediction": "NaN",
            "Bao recommended hint": "(no hint)"
        }
    },
    {
        "Plan": {
            "Node Type": "Aggregate",
            "Strategy": "Plain",
            "Partial Mode": "Finalize",
            "Parallel Aware": false,
            "Startup Cost": 32843.65,
            "Total Cost": 32843.66,
            "Plan Rows": 1,
            "Plan Width": 8,
            "Actual Startup Time": 93.546,
            "Actual Total Time": 98.299,
            "Actual Rows": 1,
            "Actual Loops": 1,
            "Output": [
                "count(*)"
            ],
            "Plans": [
                {
                    "Node Type": "Gather",
                    "Parent Relationship": "Outer",
                    "Parallel Aware": false,
                    "Startup Cost": 32843.33,
                    "Total Cost": 32843.64,
                    "Plan Rows": 3,
                    "Plan Width": 8,
                    "Actual Startup Time": 93.466,
                    "Actual Total Time": 98.292,
                    "Actual Rows": 4,
                    "Actual Loops": 1,
                    "Output": [
                        "(PARTIAL count(*))"
                    ],
                    "Workers Planned": 3,
                    "Workers Launched": 3,
                    "Single Copy": false,
                    "Plans": [
                        {
                            "Node Type": "Aggregate",
                            "Strategy": "Plain",
                            "Partial Mode": "Partial",
                            "Parent Relationship": "Outer",
                            "Parallel Aware": false,
                            "Startup Cost": 31843.33,
                            "Total Cost": 31843.34,
                            "Plan Rows": 1,
                            "Plan Width": 8,
                            "Actual Startup Time": 85.394,
                            "Actual Total Time": 85.397,
                            "Actual Rows": 1,
                            "Actual Loops": 4,
                            "Output": [
                                "PARTIAL count(*)"
                            ],
                            "Workers": [
                                {
                                    "Worker Number": 0,
                                    "Actual Startup Time": 82.665,
                                    "Actual Total Time": 82.666,
                                    "Actual Rows": 1,
                                    "Actual Loops": 1
                                },
                                {
                                    "Worker Number": 1,
                                    "Actual Startup Time": 82.783,
                                    "Actual Total Time": 82.784,
                                    "Actual Rows": 1,
                                    "Actual Loops": 1
                                },
                                {
                                    "Worker Number": 2,
                                    "Actual Startup Time": 82.887,
                                    "Actual Total Time": 82.889,
                                    "Actual Rows": 1,
                                    "Actual Loops": 1
                                }
                            ],
                            "Plans": [
                                {
                                    "Node Type": "Seq Scan",
                                    "Parent Relationship": "Outer",
                                    "Parallel Aware": true,
                                    "Relation Name": "movie_companies",
                                    "Schema": "public",
                                    "Alias": "mc",
                                    "Startup Cost": 0.0,
                                    "Total Cost": 31414.82,
                                    "Plan Rows": 171404,
                                    "Plan Width": 0,
                                    "Actual Startup Time": 40.391,
                                    "Actual Total Time": 76.135,
                                    "Actual Rows": 208417,
                                    "Actual Loops": 4,
                                    "Output": [
                                        "id",
                                        "movie_id",
                                        "company_id",
                                        "company_type_id",
                                        "note"
                                    ],
                                    "Filter": "((mc.company_id > 15095) AND (mc.company_type_id = 2))",
                                    "Rows Removed by Filter": 443865,
                                    "Workers": [
                                        {
                                            "Worker Number": 0,
                                            "Actual Startup Time": 37.658,
                                            "Actual Total Time": 73.611,
                                            "Actual Rows": 137142,
                                            "Actual Loops": 1
                                        },
                                        {
                                            "Worker Number": 1,
                                            "Actual Startup Time": 37.772,
                                            "Actual Total Time": 73.801,
                                            "Actual Rows": 220641,
                                            "Actual Loops": 1
                                        },
                                        {
                                            "Worker Number": 2,
                                            "Actual Startup Time": 37.897,
                                            "Actual Total Time": 74.094,
                                            "Actual Rows": 216664,
                                            "Actual Loops": 1
                                        }
                                    ]
                                }
                            ]
                        }
                    ]
                }
            ]
        },
        "Planning Time": 171.69,
        "Triggers": [],
        "Execution Time": 98.339
    }
]