[
  {
    "Plan": {
      "Node Type": "Aggregate",
      "Strategy": "Plain",
      "Partial Mode": "Finalize",
      "Parallel Aware": false,
      "Startup Cost": 46335.74,
      "Total Cost": 46335.75,
      "Plan Rows": 1,
      "Plan Width": 8,
      "Actual Startup Time": 182.695,
      "Actual Total Time": 194.928,
      "Actual Rows": 1,
      "Actual Loops": 1,
      "Plans": [
        {
          "Node Type": "Gather",
          "Parent Relationship": "Outer",
          "Parallel Aware": false,
          "Startup Cost": 46335.43,
          "Total Cost": 46335.74,
          "Plan Rows": 3,
          "Plan Width": 8,
          "Actual Startup Time": 182.587,
          "Actual Total Time": 194.918,
          "Actual Rows": 4,
          "Actual Loops": 1,
          "Workers Planned": 3,
          "Workers Launched": 3,
          "Single Copy": false,
          "Plans": [
            {
              "Node Type": "Aggregate",
              "Strategy": "Plain",
              "Partial Mode": "Partial",
              "Parent Relationship": "Outer",
              "Parallel Aware": false,
              "Startup Cost": 45335.43,
              "Total Cost": 45335.44,
              "Plan Rows": 1,
              "Plan Width": 8,
              "Actual Startup Time": 177.125,
              "Actual Total Time": 177.126,
              "Actual Rows": 1,
              "Actual Loops": 4,
              "Plans": [
                {
                  "Node Type": "Seq Scan",
                  "Parent Relationship": "Outer",
                  "Parallel Aware": true,
                  "Relation Name": "movie_keyword",
                  "Alias": "mk",
                  "Startup Cost": 0.0,
                  "Total Cost": 42695.65,
                  "Plan Rows": 1055909,
                  "Plan Width": 0,
                  "Actual Startup Time": 0.039,
                  "Actual Total Time": 134.409,
                  "Actual Rows": 817656,
                  "Actual Loops": 4,
                  "Filter": "(keyword_id < 14368)",
                  "Rows Removed by Filter": 313327
                }
              ]
            }
          ]
        }
      ]
    },
    "Planning Time": 0.105,
    "Triggers": [],
    "Execution Time": 194.962
  }
]