[
  {
    "Plan": {
      "Node Type": "Aggregate",
      "Strategy": "Plain",
      "Partial Mode": "Finalize",
      "Parallel Aware": false,
      "Startup Cost": 102832.81,
      "Total Cost": 102832.82,
      "Plan Rows": 1,
      "Plan Width": 8,
      "Actual Startup Time": 367.564,
      "Actual Total Time": 388.855,
      "Actual Rows": 1,
      "Actual Loops": 1,
      "Plans": [
        {
          "Node Type": "Gather",
          "Parent Relationship": "Outer",
          "Parallel Aware": false,
          "Startup Cost": 102832.49,
          "Total Cost": 102832.8,
          "Plan Rows": 3,
          "Plan Width": 8,
          "Actual Startup Time": 365.402,
          "Actual Total Time": 388.847,
          "Actual Rows": 4,
          "Actual Loops": 1,
          "Workers Planned": 3,
          "Workers Launched": 3,
          "Single Copy": false,
          "Plans": [
            {
              "Node Type": "Aggregate",
              "Strategy": "Plain",
              "Partial Mode": "Partial",
              "Parent Relationship": "Outer",
              "Parallel Aware": false,
              "Startup Cost": 101832.49,
              "Total Cost": 101832.5,
              "Plan Rows": 1,
              "Plan Width": 8,
              "Actual Startup Time": 360.258,
              "Actual Total Time": 360.262,
              "Actual Rows": 1,
              "Actual Loops": 4,
              "Plans": [
                {
                  "Node Type": "Nested Loop",
                  "Parent Relationship": "Outer",
                  "Parallel Aware": false,
                  "Join Type": "Inner",
                  "Startup Cost": 44612.45,
                  "Total Cost": 101800.43,
                  "Plan Rows": 12824,
                  "Plan Width": 0,
                  "Actual Startup Time": 122.654,
                  "Actual Total Time": 356.247,
                  "Actual Rows": 81324,
                  "Actual Loops": 4,
                  "Inner Unique": false,
                  "Join Filter": "(t.id = mi_idx.movie_id)",
                  "Rows Removed by Join Filter": 0,
                  "Plans": [
                    {
                      "Node Type": "Hash Join",
                      "Parent Relationship": "Outer",
                      "Parallel Aware": true,
                      "Join Type": "Inner",
                      "Startup Cost": 44612.02,
                      "Total Cost": 87991.45,
                      "Plan Rows": 23496,
                      "Plan Width": 8,
                      "Actual Startup Time": 122.172,
                      "Actual Total Time": 248.092,
                      "Actual Rows": 34648,
                      "Actual Loops": 4,
                      "Inner Unique": true,
                      "Hash Cond": "(mk.movie_id = t.id)",
                      "Plans": [
                        {
                          "Node Type": "Seq Scan",
                          "Parent Relationship": "Outer",
                          "Parallel Aware": true,
                          "Relation Name": "movie_keyword",
                          "Alias": "mk",
                          "Startup Cost": 0.0,
                          "Total Cost": 42695.65,
                          "Plan Rows": 260485,
                          "Plan Width": 4,
                          "Actual Startup Time": 1.92,
                          "Actual Total Time": 96.91,
                          "Actual Rows": 201147,
                          "Actual Loops": 4,
                          "Filter": "(keyword_id > 23025)",
                          "Rows Removed by Filter": 929836
                        },
                        {
                          "Node Type": "Hash",
                          "Parent Relationship": "Inner",
                          "Parallel Aware": true,
                          "Startup Cost": 43899.32,
                          "Total Cost": 43899.32,
                          "Plan Rows": 57016,
                          "Plan Width": 4,
                          "Actual Startup Time": 118.607,
                          "Actual Total Time": 118.607,
                          "Actual Rows": 60350,
                          "Actual Loops": 4,
                          "Hash Buckets": 262144,
                          "Original Hash Buckets": 262144,
                          "Hash Batches": 1,
                          "Original Hash Batches": 1,
                          "Peak Memory Usage": 11552,
                          "Plans": [
                            {
                              "Node Type": "Seq Scan",
                              "Parent Relationship": "Outer",
                              "Parallel Aware": true,
                              "Relation Name": "title",
                              "Alias": "t",
                              "Startup Cost": 0.0,
                              "Total Cost": 43899.32,
                              "Plan Rows": 57016,
                              "Plan Width": 4,
                              "Actual Startup Time": 0.03,
                              "Actual Total Time": 98.246,
                              "Actual Rows": 60350,
                              "Actual Loops": 4,
                              "Filter": "(production_year < 1960)",
                              "Rows Removed by Filter": 571728
                            }
                          ]
                        }
                      ]
                    },
                    {
                      "Node Type": "Index Only Scan",
                      "Parent Relationship": "Inner",
                      "Parallel Aware": false,
                      "Scan Direction": "Forward",
                      "Index Name": "movie_id_movie_info_idx",
                      "Relation Name": "movie_info_idx",
                      "Alias": "mi_idx",
                      "Startup Cost": 0.43,
                      "Total Cost": 0.55,
                      "Plan Rows": 3,
                      "Plan Width": 4,
                      "Actual Startup Time": 0.002,
                      "Actual Total Time": 0.003,
                      "Actual Rows": 2,
                      "Actual Loops": 138590,
                      "Index Cond": "(movie_id = mk.movie_id)",
                      "Rows Removed by Index Recheck": 0,
                      "Heap Fetches": 325296
                    }
                  ]
                }
              ]
            }
          ]
        }
      ]
    },
    "Planning Time": 0.87,
    "Triggers": [],
    "Execution Time": 388.919
  }
]