[
  {
    "Plan": {
      "Node Type": "Aggregate",
      "Strategy": "Plain",
      "Partial Mode": "Finalize",
      "Parallel Aware": false,
      "Startup Cost": 45430.12,
      "Total Cost": 45430.13,
      "Plan Rows": 1,
      "Plan Width": 8,
      "Actual Startup Time": 132.1,
      "Actual Total Time": 142.028,
      "Actual Rows": 1,
      "Actual Loops": 1,
      "Plans": [
        {
          "Node Type": "Gather",
          "Parent Relationship": "Outer",
          "Parallel Aware": false,
          "Startup Cost": 45429.8,
          "Total Cost": 45430.11,
          "Plan Rows": 3,
          "Plan Width": 8,
          "Actual Startup Time": 131.834,
          "Actual Total Time": 142.017,
          "Actual Rows": 4,
          "Actual Loops": 1,
          "Workers Planned": 3,
          "Workers Launched": 3,
          "Single Copy": false,
          "Plans": [
            {
              "Node Type": "Aggregate",
              "Strategy": "Plain",
              "Partial Mode": "Partial",
              "Parent Relationship": "Outer",
              "Parallel Aware": false,
              "Startup Cost": 44429.8,
              "Total Cost": 44429.81,
              "Plan Rows": 1,
              "Plan Width": 8,
              "Actual Startup Time": 128.129,
              "Actual Total Time": 128.131,
              "Actual Rows": 1,
              "Actual Loops": 4,
              "Plans": [
                {
                  "Node Type": "Seq Scan",
                  "Parent Relationship": "Outer",
                  "Parallel Aware": true,
                  "Relation Name": "movie_keyword",
                  "Alias": "mk",
                  "Startup Cost": 0.0,
                  "Total Cost": 42695.65,
                  "Plan Rows": 693660,
                  "Plan Width": 0,
                  "Actual Startup Time": 0.276,
                  "Actual Total Time": 104.95,
                  "Actual Rows": 534587,
                  "Actual Loops": 4,
                  "Filter": "(keyword_id > 5502)",
                  "Rows Removed by Filter": 596396
                }
              ]
            }
          ]
        }
      ]
    },
    "Planning Time": 0.088,
    "Triggers": [],
    "Execution Time": 142.057
  }
]