[
  {
    "Plan": {
      "Node Type": "Aggregate",
      "Strategy": "Plain",
      "Partial Mode": "Finalize",
      "Parallel Aware": false,
      "Startup Cost": 45418.9,
      "Total Cost": 45418.91,
      "Plan Rows": 1,
      "Plan Width": 8,
      "Actual Startup Time": 141.918,
      "Actual Total Time": 151.469,
      "Actual Rows": 1,
      "Actual Loops": 1,
      "Plans": [
        {
          "Node Type": "Gather",
          "Parent Relationship": "Outer",
          "Parallel Aware": false,
          "Startup Cost": 45418.59,
          "Total Cost": 45418.9,
          "Plan Rows": 3,
          "Plan Width": 8,
          "Actual Startup Time": 141.776,
          "Actual Total Time": 151.459,
          "Actual Rows": 4,
          "Actual Loops": 1,
          "Workers Planned": 3,
          "Workers Launched": 3,
          "Single Copy": false,
          "Plans": [
            {
              "Node Type": "Aggregate",
              "Strategy": "Plain",
              "Partial Mode": "Partial",
              "Parent Relationship": "Outer",
              "Parallel Aware": false,
              "Startup Cost": 44418.59,
              "Total Cost": 44418.6,
              "Plan Rows": 1,
              "Plan Width": 8,
              "Actual Startup Time": 135.666,
              "Actual Total Time": 135.667,
              "Actual Rows": 1,
              "Actual Loops": 4,
              "Plans": [
                {
                  "Node Type": "Seq Scan",
                  "Parent Relationship": "Outer",
                  "Parallel Aware": true,
                  "Relation Name": "movie_keyword",
                  "Alias": "mk",
                  "Startup Cost": 0.0,
                  "Total Cost": 42695.65,
                  "Plan Rows": 689173,
                  "Plan Width": 0,
                  "Actual Startup Time": 0.789,
                  "Actual Total Time": 111.562,
                  "Actual Rows": 534587,
                  "Actual Loops": 4,
                  "Filter": "(keyword_id > 5502)",
                  "Rows Removed by Filter": 596396
                }
              ]
            }
          ]
        }
      ]
    },
    "Planning Time": 0.222,
    "Triggers": [],
    "Execution Time": 151.534
  }
]