[
  {
    "Plan": {
      "Node Type": "Aggregate",
      "Strategy": "Plain",
      "Partial Mode": "Finalize",
      "Parallel Aware": false,
      "Startup Cost": 47448.82,
      "Total Cost": 47448.83,
      "Plan Rows": 1,
      "Plan Width": 8,
      "Actual Startup Time": 115.064,
      "Actual Total Time": 127.073,
      "Actual Rows": 1,
      "Actual Loops": 1,
      "Plans": [
        {
          "Node Type": "Gather",
          "Parent Relationship": "Outer",
          "Parallel Aware": false,
          "Startup Cost": 47448.4,
          "Total Cost": 47448.81,
          "Plan Rows": 4,
          "Plan Width": 8,
          "Actual Startup Time": 114.885,
          "Actual Total Time": 127.064,
          "Actual Rows": 5,
          "Actual Loops": 1,
          "Workers Planned": 4,
          "Workers Launched": 4,
          "Single Copy": false,
          "Plans": [
            {
              "Node Type": "Aggregate",
              "Strategy": "Plain",
              "Partial Mode": "Partial",
              "Parent Relationship": "Outer",
              "Parallel Aware": false,
              "Startup Cost": 46448.4,
              "Total Cost": 46448.41,
              "Plan Rows": 1,
              "Plan Width": 8,
              "Actual Startup Time": 106.781,
              "Actual Total Time": 106.782,
              "Actual Rows": 1,
              "Actual Loops": 5,
              "Plans": [
                {
                  "Node Type": "Seq Scan",
                  "Parent Relationship": "Outer",
                  "Parallel Aware": true,
                  "Relation Name": "title",
                  "Alias": "t",
                  "Startup Cost": 0.0,
                  "Total Cost": 45479.1,
                  "Plan Rows": 387722,
                  "Plan Width": 0,
                  "Actual Startup Time": 0.032,
                  "Actual Total Time": 90.127,
                  "Actual Rows": 321758,
                  "Actual Loops": 5,
                  "Filter": "((kind_id > 3) AND (production_year > 1929))",
                  "Rows Removed by Filter": 183904
                }
              ]
            }
          ]
        }
      ]
    },
    "Planning Time": 0.187,
    "Triggers": [],
    "Execution Time": 127.137
  }
]