[
  {
    "Plan": {
      "Node Type": "Aggregate",
      "Strategy": "Plain",
      "Partial Mode": "Finalize",
      "Parallel Aware": false,
      "Startup Cost": 14169.57,
      "Total Cost": 14169.58,
      "Plan Rows": 1,
      "Plan Width": 8,
      "Actual Startup Time": 12.657,
      "Actual Total Time": 14.96,
      "Actual Rows": 1,
      "Actual Loops": 1,
      "Plans": [
        {
          "Node Type": "Gather",
          "Parent Relationship": "Outer",
          "Parallel Aware": false,
          "Startup Cost": 14169.45,
          "Total Cost": 14169.56,
          "Plan Rows": 1,
          "Plan Width": 8,
          "Actual Startup Time": 12.54,
          "Actual Total Time": 14.955,
          "Actual Rows": 2,
          "Actual Loops": 1,
          "Workers Planned": 1,
          "Workers Launched": 1,
          "Single Copy": false,
          "Plans": [
            {
              "Node Type": "Aggregate",
              "Strategy": "Plain",
              "Partial Mode": "Partial",
              "Parent Relationship": "Outer",
              "Parallel Aware": false,
              "Startup Cost": 13169.45,
              "Total Cost": 13169.46,
              "Plan Rows": 1,
              "Plan Width": 8,
              "Actual Startup Time": 10.233,
              "Actual Total Time": 10.234,
              "Actual Rows": 1,
              "Actual Loops": 2,
              "Plans": [
                {
                  "Node Type": "Nested Loop",
                  "Parent Relationship": "Outer",
                  "Parallel Aware": false,
                  "Join Type": "Inner",
                  "Startup Cost": 56.1,
                  "Total Cost": 13167.56,
                  "Plan Rows": 758,
                  "Plan Width": 0,
                  "Actual Startup Time": 1.244,
                  "Actual Total Time": 10.139,
                  "Actual Rows": 1100,
                  "Actual Loops": 2,
                  "Inner Unique": true,
                  "Plans": [
                    {
                      "Node Type": "Bitmap Heap Scan",
                      "Parent Relationship": "Outer",
                      "Parallel Aware": true,
                      "Relation Name": "movie_companies",
                      "Alias": "mc",
                      "Startup Cost": 55.67,
                      "Total Cost": 7018.39,
                      "Plan Rows": 758,
                      "Plan Width": 4,
                      "Actual Startup Time": 1.177,
                      "Actual Total Time": 3.321,
                      "Actual Rows": 1100,
                      "Actual Loops": 2,
                      "Recheck Cond": "(company_id = 13015)",
                      "Rows Removed by Index Recheck": 0,
                      "Filter": "(company_type_id > 1)",
                      "Rows Removed by Filter": 302,
                      "Exact Heap Blocks": 1507,
                      "Lossy Heap Blocks": 0,
                      "Plans": [
                        {
                          "Node Type": "Bitmap Index Scan",
                          "Parent Relationship": "Outer",
                          "Parallel Aware": false,
                          "Index Name": "company_id_movie_companies",
                          "Startup Cost": 0.0,
                          "Total Cost": 55.34,
                          "Plan Rows": 2522,
                          "Plan Width": 0,
                          "Actual Startup Time": 1.136,
                          "Actual Total Time": 1.136,
                          "Actual Rows": 2805,
                          "Actual Loops": 1,
                          "Index Cond": "(company_id = 13015)"
                        }
                      ]
                    },
                    {
                      "Node Type": "Index Only Scan",
                      "Parent Relationship": "Inner",
                      "Parallel Aware": false,
                      "Scan Direction": "Forward",
                      "Index Name": "title_pkey",
                      "Relation Name": "title",
                      "Alias": "t",
                      "Startup Cost": 0.43,
                      "Total Cost": 8.11,
                      "Plan Rows": 1,
                      "Plan Width": 4,
                      "Actual Startup Time": 0.006,
                      "Actual Total Time": 0.006,
                      "Actual Rows": 1,
                      "Actual Loops": 2201,
                      "Index Cond": "(id = mc.movie_id)",
                      "Rows Removed by Index Recheck": 0,
                      "Heap Fetches": 2201
                    }
                  ]
                }
              ]
            }
          ]
        }
      ]
    },
    "Planning Time": 0.268,
    "Triggers": [],
    "Execution Time": 15.009
  }
]