[
  {
    "Plan": {
      "Node Type": "Aggregate",
      "Strategy": "Plain",
      "Partial Mode": "Finalize",
      "Parallel Aware": false,
      "Startup Cost": 45170.22,
      "Total Cost": 45170.23,
      "Plan Rows": 1,
      "Plan Width": 8,
      "Actual Startup Time": 129.946,
      "Actual Total Time": 137.118,
      "Actual Rows": 1,
      "Actual Loops": 1,
      "Plans": [
        {
          "Node Type": "Gather",
          "Parent Relationship": "Outer",
          "Parallel Aware": false,
          "Startup Cost": 45169.9,
          "Total Cost": 45170.21,
          "Plan Rows": 3,
          "Plan Width": 8,
          "Actual Startup Time": 129.841,
          "Actual Total Time": 137.111,
          "Actual Rows": 4,
          "Actual Loops": 1,
          "Workers Planned": 3,
          "Workers Launched": 3,
          "Single Copy": false,
          "Plans": [
            {
              "Node Type": "Aggregate",
              "Strategy": "Plain",
              "Partial Mode": "Partial",
              "Parent Relationship": "Outer",
              "Parallel Aware": false,
              "Startup Cost": 44169.9,
              "Total Cost": 44169.91,
              "Plan Rows": 1,
              "Plan Width": 8,
              "Actual Startup Time": 124.909,
              "Actual Total Time": 124.91,
              "Actual Rows": 1,
              "Actual Loops": 4,
              "Plans": [
                {
                  "Node Type": "Seq Scan",
                  "Parent Relationship": "Outer",
                  "Parallel Aware": true,
                  "Relation Name": "movie_keyword",
                  "Alias": "mk",
                  "Startup Cost": 0.0,
                  "Total Cost": 42695.65,
                  "Plan Rows": 589700,
                  "Plan Width": 0,
                  "Actual Startup Time": 0.493,
                  "Actual Total Time": 104.401,
                  "Actual Rows": 459224,
                  "Actual Loops": 4,
                  "Filter": "(keyword_id > 7582)",
                  "Rows Removed by Filter": 671759
                }
              ]
            }
          ]
        }
      ]
    },
    "Planning Time": 0.095,
    "Triggers": [],
    "Execution Time": 137.149
  }
]