[
  {
    "Plan": {
      "Node Type": "Aggregate",
      "Strategy": "Plain",
      "Partial Mode": "Simple",
      "Parallel Aware": false,
      "Startup Cost": 818112.38,
      "Total Cost": 818112.39,
      "Plan Rows": 1,
      "Plan Width": 96,
      "Actual Startup Time": 7331.63,
      "Actual Total Time": 7504.574,
      "Actual Rows": 1,
      "Actual Loops": 1,
      "Plans": [
        {
          "Node Type": "Merge Join",
          "Parent Relationship": "Outer",
          "Parallel Aware": false,
          "Join Type": "Inner",
          "Startup Cost": 818110.95,
          "Total Cost": 818112.17,
          "Plan Rows": 27,
          "Plan Width": 66,
          "Actual Startup Time": 7287.904,
          "Actual Total Time": 7491.193,
          "Actual Rows": 111101,
          "Actual Loops": 1,
          "Inner Unique": true,
          "Merge Cond": "(t.kind_id = kt.id)",
          "Plans": [
            {
              "Node Type": "Sort",
              "Parent Relationship": "Outer",
              "Parallel Aware": false,
              "Startup Cost": 818109.85,
              "Total Cost": 818110.33,
              "Plan Rows": 189,
              "Plan Width": 70,
              "Actual Startup Time": 7287.797,
              "Actual Total Time": 7469.593,
              "Actual Rows": 111102,
              "Actual Loops": 1,
              "Sort Key": [
                "t.kind_id"
              ],
              "Sort Method": "quicksort",
              "Sort Space Used": 20381,
              "Sort Space Type": "Memory",
              "Plans": [
                {
                  "Node Type": "Merge Join",
                  "Parent Relationship": "Outer",
                  "Parallel Aware": false,
                  "Join Type": "Inner",
                  "Startup Cost": 700802.74,
                  "Total Cost": 818102.71,
                  "Plan Rows": 189,
                  "Plan Width": 70,
                  "Actual Startup Time": 4433.19,
                  "Actual Total Time": 7407.945,
                  "Actual Rows": 134189,
                  "Actual Loops": 1,
                  "Inner Unique": false,
                  "Merge Cond": "(mi.movie_id = mc.movie_id)",
                  "Plans": [
                    {
                      "Node Type": "Gather Merge",
                      "Parent Relationship": "Outer",
                      "Parallel Aware": false,
                      "Startup Cost": 597340.03,
                      "Total Cost": 714528.31,
                      "Plan Rows": 3382,
                      "Plan Width": 82,
                      "Actual Startup Time": 3557.232,
                      "Actual Total Time": 6425.031,
                      "Actual Rows": 1118974,
                      "Actual Loops": 1,
                      "Workers Planned": 5,
                      "Workers Launched": 5,
                      "Plans": [
                        {
                          "Node Type": "Merge Join",
                          "Parent Relationship": "Outer",
                          "Parallel Aware": false,
                          "Join Type": "Inner",
                          "Startup Cost": 596339.95,
                          "Total Cost": 713120.95,
                          "Plan Rows": 676,
                          "Plan Width": 82,
                          "Actual Startup Time": 3360.71,
                          "Actual Total Time": 5820.685,
                          "Actual Rows": 186497,
                          "Actual Loops": 6,
                          "Inner Unique": true,
                          "Merge Cond": "(mi.movie_id = t.id)",
                          "Plans": [
                            {
                              "Node Type": "Merge Join",
                              "Parent Relationship": "Outer",
                              "Parallel Aware": false,
                              "Join Type": "Inner",
                              "Startup Cost": 596338.37,
                              "Total Cost": 596537.46,
                              "Plan Rows": 676,
                              "Plan Width": 57,
                              "Actual Startup Time": 3358.804,
                              "Actual Total Time": 3545.294,
                              "Actual Rows": 186497,
                              "Actual Loops": 6,
                              "Inner Unique": false,
                              "Merge Cond": "(mi.movie_id = miidx.movie_id)",
                              "Plans": [
                                {
                                  "Node Type": "Sort",
                                  "Parent Relationship": "Outer",
                                  "Parallel Aware": false,
                                  "Startup Cost": 527807.12,
                                  "Total Cost": 527872.79,
                                  "Plan Rows": 26267,
                                  "Plan Width": 47,
                                  "Actual Startup Time": 2730.868,
                                  "Actual Total Time": 2775.321,
                                  "Actual Rows": 506089,
                                  "Actual Loops": 6,
                                  "Sort Key": [
                                    "mi.movie_id"
                                  ],
                                  "Sort Method": "quicksort",
                                  "Sort Space Used": 76389,
                                  "Sort Space Type": "Memory",
                                  "Workers": [
                                    {
                                      "Worker Number": 0,
                                      "Sort Method": "quicksort",
                                      "Sort Space Used": 48162,
                                      "Sort Space Type": "Memory"
                                    },
                                    {
                                      "Worker Number": 1,
                                      "Sort Method": "quicksort",
                                      "Sort Space Used": 48253,
                                      "Sort Space Type": "Memory"
                                    },
                                    {
                                      "Worker Number": 2,
                                      "Sort Method": "quicksort",
                                      "Sort Space Used": 48455,
                                      "Sort Space Type": "Memory"
                                    },
                                    {
                                      "Worker Number": 3,
                                      "Sort Method": "quicksort",
                                      "Sort Space Used": 48474,
                                      "Sort Space Type": "Memory"
                                    },
                                    {
                                      "Worker Number": 4,
                                      "Sort Method": "quicksort",
                                      "Sort Space Used": 48581,
                                      "Sort Space Type": "Memory"
                                    }
                                  ],
                                  "Plans": [
                                    {
                                      "Node Type": "Merge Join",
                                      "Parent Relationship": "Outer",
                                      "Parallel Aware": false,
                                      "Join Type": "Inner",
                                      "Startup Cost": 510775.35,
                                      "Total Cost": 525878.99,
                                      "Plan Rows": 26267,
                                      "Plan Width": 47,
                                      "Actual Startup Time": 2432.934,
                                      "Actual Total Time": 2534.682,
                                      "Actual Rows": 506120,
                                      "Actual Loops": 6,
                                      "Inner Unique": true,
                                      "Merge Cond": "(mi.info_type_id = it2.id)",
                                      "Plans": [
                                        {
                                          "Node Type": "Sort",
                                          "Parent Relationship": "Outer",
                                          "Parallel Aware": false,
                                          "Startup Cost": 510772.92,
                                          "Total Cost": 518193.41,
                                          "Plan Rows": 2968194,
                                          "Plan Width": 51,
                                          "Actual Startup Time": 2164.063,
                                          "Actual Total Time": 2309.84,
                                          "Actual Rows": 2100313,
                                          "Actual Loops": 6,
                                          "Sort Key": [
                                            "mi.info_type_id"
                                          ],
                                          "Sort Method": "quicksort",
                                          "Sort Space Used": 436148,
                                          "Sort Space Type": "Memory",
                                          "Workers": [
                                            {
                                              "Worker Number": 0,
                                              "Sort Method": "quicksort",
                                              "Sort Space Used": 347898,
                                              "Sort Space Type": "Memory"
                                            },
                                            {
                                              "Worker Number": 1,
                                              "Sort Method": "quicksort",
                                              "Sort Space Used": 348213,
                                              "Sort Space Type": "Memory"
                                            },
                                            {
                                              "Worker Number": 2,
                                              "Sort Method": "quicksort",
                                              "Sort Space Used": 351508,
                                              "Sort Space Type": "Memory"
                                            },
                                            {
                                              "Worker Number": 3,
                                              "Sort Method": "quicksort",
                                              "Sort Space Used": 350681,
                                              "Sort Space Type": "Memory"
                                            },
                                            {
                                              "Worker Number": 4,
                                              "Sort Method": "quicksort",
                                              "Sort Space Used": 350532,
                                              "Sort Space Type": "Memory"
                                            }
                                          ],
                                          "Plans": [
                                            {
                                              "Node Type": "Seq Scan",
                                              "Parent Relationship": "Outer",
                                              "Parallel Aware": true,
                                              "Relation Name": "movie_info",
                                              "Alias": "mi",
                                              "Startup Cost": 0.0,
                                              "Total Cost": 191674.94,
                                              "Plan Rows": 2968194,
                                              "Plan Width": 51,
                                              "Actual Startup Time": 0.076,
                                              "Actual Total Time": 869.6,
                                              "Actual Rows": 2472620,
                                              "Actual Loops": 6
                                            }
                                          ]
                                        },
                                        {
                                          "Node Type": "Sort",
                                          "Parent Relationship": "Inner",
                                          "Parallel Aware": false,
                                          "Startup Cost": 2.42,
                                          "Total Cost": 2.43,
                                          "Plan Rows": 1,
                                          "Plan Width": 4,
                                          "Actual Startup Time": 0.24,
                                          "Actual Total Time": 0.242,
                                          "Actual Rows": 1,
                                          "Actual Loops": 6,
                                          "Sort Key": [
                                            "it2.id"
                                          ],
                                          "Sort Method": "quicksort",
                                          "Sort Space Used": 25,
                                          "Sort Space Type": "Memory",
                                          "Workers": [
                                            {
                                              "Worker Number": 0,
                                              "Sort Method": "quicksort",
                                              "Sort Space Used": 25,
                                              "Sort Space Type": "Memory"
                                            },
                                            {
                                              "Worker Number": 1,
                                              "Sort Method": "quicksort",
                                              "Sort Space Used": 25,
                                              "Sort Space Type": "Memory"
                                            },
                                            {
                                              "Worker Number": 2,
                                              "Sort Method": "quicksort",
                                              "Sort Space Used": 25,
                                              "Sort Space Type": "Memory"
                                            },
                                            {
                                              "Worker Number": 3,
                                              "Sort Method": "quicksort",
                                              "Sort Space Used": 25,
                                              "Sort Space Type": "Memory"
                                            },
                                            {
                                              "Worker Number": 4,
                                              "Sort Method": "quicksort",
                                              "Sort Space Used": 25,
                                              "Sort Space Type": "Memory"
                                            }
                                          ],
                                          "Plans": [
                                            {
                                              "Node Type": "Seq Scan",
                                              "Parent Relationship": "Outer",
                                              "Parallel Aware": false,
                                              "Relation Name": "info_type",
                                              "Alias": "it2",
                                              "Startup Cost": 0.0,
                                              "Total Cost": 2.41,
                                              "Plan Rows": 1,
                                              "Plan Width": 4,
                                              "Actual Startup Time": 0.18,
                                              "Actual Total Time": 0.188,
                                              "Actual Rows": 1,
                                              "Actual Loops": 6,
                                              "Filter": "((info)::text = 'release dates'::text)",
                                              "Rows Removed by Filter": 112
                                            }
                                          ]
                                        }
                                      ]
                                    }
                                  ]
                                },
                                {
                                  "Node Type": "Sort",
                                  "Parent Relationship": "Inner",
                                  "Parallel Aware": false,
                                  "Startup Cost": 68531.25,
                                  "Total Cost": 68561.78,
                                  "Plan Rows": 12213,
                                  "Plan Width": 10,
                                  "Actual Startup Time": 627.902,
                                  "Actual Total Time": 661.769,
                                  "Actual Rows": 577998,
                                  "Actual Loops": 6,
                                  "Sort Key": [
                                    "miidx.movie_id"
                                  ],
                                  "Sort Method": "quicksort",
                                  "Sort Space Used": 33847,
                                  "Sort Space Type": "Memory",
                                  "Workers": [
                                    {
                                      "Worker Number": 0,
                                      "Sort Method": "quicksort",
                                      "Sort Space Used": 33847,
                                      "Sort Space Type": "Memory"
                                    },
                                    {
                                      "Worker Number": 1,
                                      "Sort Method": "quicksort",
                                      "Sort Space Used": 33847,
                                      "Sort Space Type": "Memory"
                                    },
                                    {
                                      "Worker Number": 2,
                                      "Sort Method": "quicksort",
                                      "Sort Space Used": 33847,
                                      "Sort Space Type": "Memory"
                                    },
                                    {
                                      "Worker Number": 3,
                                      "Sort Method": "quicksort",
                                      "Sort Space Used": 33847,
                                      "Sort Space Type": "Memory"
                                    },
                                    {
                                      "Worker Number": 4,
                                      "Sort Method": "quicksort",
                                      "Sort Space Used": 33847,
                                      "Sort Space Type": "Memory"
                                    }
                                  ],
                                  "Plans": [
                                    {
                                      "Node Type": "Merge Join",
                                      "Parent Relationship": "Outer",
                                      "Parallel Aware": false,
                                      "Join Type": "Inner",
                                      "Startup Cost": 2.86,
                                      "Total Cost": 67702.22,
                                      "Plan Rows": 12213,
                                      "Plan Width": 10,
                                      "Actual Startup Time": 298.74,
                                      "Actual Total Time": 475.447,
                                      "Actual Rows": 459925,
                                      "Actual Loops": 6,
                                      "Inner Unique": true,
                                      "Merge Cond": "(miidx.info_type_id = it.id)",
                                      "Plans": [
                                        {
                                          "Node Type": "Index Scan",
                                          "Parent Relationship": "Outer",
                                          "Parallel Aware": false,
                                          "Scan Direction": "Forward",
                                          "Index Name": "info_type_id_movie_info_idx",
                                          "Relation Name": "movie_info_idx",
                                          "Alias": "miidx",
                                          "Startup Cost": 0.43,
                                          "Total Cost": 64127.57,
                                          "Plan Rows": 1380035,
                                          "Plan Width": 14,
                                          "Actual Startup Time": 0.119,
                                          "Actual Total Time": 316.604,
                                          "Actual Rows": 1379776,
                                          "Actual Loops": 6
                                        },
                                        {
                                          "Node Type": "Sort",
                                          "Parent Relationship": "Inner",
                                          "Parallel Aware": false,
                                          "Startup Cost": 2.42,
                                          "Total Cost": 2.43,
                                          "Plan Rows": 1,
                                          "Plan Width": 4,
                                          "Actual Startup Time": 0.048,
                                          "Actual Total Time": 0.051,
                                          "Actual Rows": 1,
                                          "Actual Loops": 6,
                                          "Sort Key": [
                                            "it.id"
                                          ],
                                          "Sort Method": "quicksort",
                                          "Sort Space Used": 25,
                                          "Sort Space Type": "Memory",
                                          "Workers": [
                                            {
                                              "Worker Number": 0,
                                              "Sort Method": "quicksort",
                                              "Sort Space Used": 25,
                                              "Sort Space Type": "Memory"
                                            },
                                            {
                                              "Worker Number": 1,
                                              "Sort Method": "quicksort",
                                              "Sort Space Used": 25,
                                              "Sort Space Type": "Memory"
                                            },
                                            {
                                              "Worker Number": 2,
                                              "Sort Method": "quicksort",
                                              "Sort Space Used": 25,
                                              "Sort Space Type": "Memory"
                                            },
                                            {
                                              "Worker Number": 3,
                                              "Sort Method": "quicksort",
                                              "Sort Space Used": 25,
                                              "Sort Space Type": "Memory"
                                            },
                                            {
                                              "Worker Number": 4,
                                              "Sort Method": "quicksort",
                                              "Sort Space Used": 25,
                                              "Sort Space Type": "Memory"
                                            }
                                          ],
                                          "Plans": [
                                            {
                                              "Node Type": "Seq Scan",
                                              "Parent Relationship": "Outer",
                                              "Parallel Aware": false,
                                              "Relation Name": "info_type",
                                              "Alias": "it",
                                              "Startup Cost": 0.0,
                                              "Total Cost": 2.41,
                                              "Plan Rows": 1,
                                              "Plan Width": 4,
                                              "Actual Startup Time": 0.034,
                                              "Actual Total Time": 0.036,
                                              "Actual Rows": 1,
                                              "Actual Loops": 6,
                                              "Filter": "((info)::text = 'rating'::text)",
                                              "Rows Removed by Filter": 112
                                            }
                                          ]
                                        }
                                      ]
                                    }
                                  ]
                                }
                              ]
                            },
                            {
                              "Node Type": "Index Scan",
                              "Parent Relationship": "Inner",
                              "Parallel Aware": false,
                              "Scan Direction": "Forward",
                              "Index Name": "title_pkey",
                              "Relation Name": "title",
                              "Alias": "t",
                              "Startup Cost": 0.43,
                              "Total Cost": 110348.87,
                              "Plan Rows": 2528252,
                              "Plan Width": 25,
                              "Actual Startup Time": 0.095,
                              "Actual Total Time": 2031.154,
                              "Actual Rows": 2525717,
                              "Actual Loops": 6
                            }
                          ]
                        }
                      ]
                    },
                    {
                      "Node Type": "Sort",
                      "Parent Relationship": "Inner",
                      "Parallel Aware": false,
                      "Startup Cost": 103462.71,
                      "Total Cost": 103530.71,
                      "Plan Rows": 27199,
                      "Plan Width": 4,
                      "Actual Startup Time": 867.873,
                      "Actual Total Time": 892.227,
                      "Actual Rows": 175861,
                      "Actual Loops": 1,
                      "Sort Key": [
                        "mc.movie_id"
                      ],
                      "Sort Method": "quicksort",
                      "Sort Space Used": 6414,
                      "Sort Space Type": "Memory",
                      "Plans": [
                        {
                          "Node Type": "Gather",
                          "Parent Relationship": "Outer",
                          "Parallel Aware": false,
                          "Startup Cost": 97551.02,
                          "Total Cost": 101459.33,
                          "Plan Rows": 27199,
                          "Plan Width": 4,
                          "Actual Startup Time": 736.357,
                          "Actual Total Time": 852.027,
                          "Actual Rows": 71294,
                          "Actual Loops": 1,
                          "Workers Planned": 3,
                          "Workers Launched": 2,
                          "Single Copy": false,
                          "Plans": [
                            {
                              "Node Type": "Merge Join",
                              "Parent Relationship": "Outer",
                              "Parallel Aware": false,
                              "Join Type": "Inner",
                              "Startup Cost": 96551.02,
                              "Total Cost": 97739.43,
                              "Plan Rows": 8774,
                              "Plan Width": 4,
                              "Actual Startup Time": 727.502,
                              "Actual Total Time": 823.746,
                              "Actual Rows": 23765,
                              "Actual Loops": 3,
                              "Inner Unique": true,
                              "Merge Cond": "(mc.company_id = cn.id)",
                              "Plans": [
                                {
                                  "Node Type": "Sort",
                                  "Parent Relationship": "Outer",
                                  "Parallel Aware": false,
                                  "Startup Cost": 89968.58,
                                  "Total Cost": 90494.62,
                                  "Plan Rows": 210414,
                                  "Plan Width": 8,
                                  "Actual Startup Time": 669.816,
                                  "Actual Total Time": 729.912,
                                  "Actual Rows": 444959,
                                  "Actual Loops": 3,
                                  "Sort Key": [
                                    "mc.company_id"
                                  ],
                                  "Sort Method": "quicksort",
                                  "Sort Space Used": 35525,
                                  "Sort Space Type": "Memory",
                                  "Workers": [
                                    {
                                      "Worker Number": 0,
                                      "Sort Method": "quicksort",
                                      "Sort Space Used": 35244,
                                      "Sort Space Type": "Memory"
                                    },
                                    {
                                      "Worker Number": 1,
                                      "Sort Method": "quicksort",
                                      "Sort Space Used": 28669,
                                      "Sort Space Type": "Memory"
                                    }
                                  ],
                                  "Plans": [
                                    {
                                      "Node Type": "Merge Join",
                                      "Parent Relationship": "Outer",
                                      "Parallel Aware": false,
                                      "Join Type": "Inner",
                                      "Startup Cost": 1.49,
                                      "Total Cost": 71364.97,
                                      "Plan Rows": 210414,
                                      "Plan Width": 8,
                                      "Actual Startup Time": 300.833,
                                      "Actual Total Time": 535.528,
                                      "Actual Rows": 444961,
                                      "Actual Loops": 3,
                                      "Inner Unique": true,
                                      "Merge Cond": "(mc.company_type_id = ct.id)",
                                      "Plans": [
                                        {
                                          "Node Type": "Index Scan",
                                          "Parent Relationship": "Outer",
                                          "Parallel Aware": true,
                                          "Scan Direction": "Forward",
                                          "Index Name": "company_type_id_movie_companies",
                                          "Relation Name": "movie_companies",
                                          "Alias": "mc",
                                          "Startup Cost": 0.43,
                                          "Total Cost": 67155.62,
                                          "Plan Rows": 841655,
                                          "Plan Width": 12,
                                          "Actual Startup Time": 19.299,
                                          "Actual Total Time": 424.672,
                                          "Actual Rows": 869710,
                                          "Actual Loops": 3
                                        },
                                        {
                                          "Node Type": "Sort",
                                          "Parent Relationship": "Inner",
                                          "Parallel Aware": false,
                                          "Startup Cost": 1.06,
                                          "Total Cost": 1.06,
                                          "Plan Rows": 1,
                                          "Plan Width": 4,
                                          "Actual Startup Time": 0.102,
                                          "Actual Total Time": 0.103,
                                          "Actual Rows": 1,
                                          "Actual Loops": 3,
                                          "Sort Key": [
                                            "ct.id"
                                          ],
                                          "Sort Method": "quicksort",
                                          "Sort Space Used": 25,
                                          "Sort Space Type": "Memory",
                                          "Workers": [
                                            {
                                              "Worker Number": 0,
                                              "Sort Method": "quicksort",
                                              "Sort Space Used": 25,
                                              "Sort Space Type": "Memory"
                                            },
                                            {
                                              "Worker Number": 1,
                                              "Sort Method": "quicksort",
                                              "Sort Space Used": 25,
                                              "Sort Space Type": "Memory"
                                            }
                                          ],
                                          "Plans": [
                                            {
                                              "Node Type": "Seq Scan",
                                              "Parent Relationship": "Outer",
                                              "Parallel Aware": false,
                                              "Relation Name": "company_type",
                                              "Alias": "ct",
                                              "Startup Cost": 0.0,
                                              "Total Cost": 1.05,
                                              "Plan Rows": 1,
                                              "Plan Width": 4,
                                              "Actual Startup Time": 0.063,
                                              "Actual Total Time": 0.065,
                                              "Actual Rows": 1,
                                              "Actual Loops": 3,
                                              "Filter": "((kind)::text = 'production companies'::text)",
                                              "Rows Removed by Filter": 3
                                            }
                                          ]
                                        }
                                      ]
                                    }
                                  ]
                                },
                                {
                                  "Node Type": "Sort",
                                  "Parent Relationship": "Inner",
                                  "Parallel Aware": false,
                                  "Startup Cost": 6582.06,
                                  "Total Cost": 6606.56,
                                  "Plan Rows": 9799,
                                  "Plan Width": 4,
                                  "Actual Startup Time": 55.107,
                                  "Actual Total Time": 56.549,
                                  "Actual Rows": 9770,
                                  "Actual Loops": 3,
                                  "Sort Key": [
                                    "cn.id"
                                  ],
                                  "Sort Method": "quicksort",
                                  "Sort Space Used": 843,
                                  "Sort Space Type": "Memory",
                                  "Workers": [
                                    {
                                      "Worker Number": 0,
                                      "Sort Method": "quicksort",
                                      "Sort Space Used": 843,
                                      "Sort Space Type": "Memory"
                                    },
                                    {
                                      "Worker Number": 1,
                                      "Sort Method": "quicksort",
                                      "Sort Space Used": 843,
                                      "Sort Space Type": "Memory"
                                    }
                                  ],
                                  "Plans": [
                                    {
                                      "Node Type": "Seq Scan",
                                      "Parent Relationship": "Outer",
                                      "Parallel Aware": false,
                                      "Relation Name": "company_name",
                                      "Alias": "cn",
                                      "Startup Cost": 0.0,
                                      "Total Cost": 5932.46,
                                      "Plan Rows": 9799,
                                      "Plan Width": 4,
                                      "Actual Startup Time": 0.064,
                                      "Actual Total Time": 51.373,
                                      "Actual Rows": 9775,
                                      "Actual Loops": 3,
                                      "Filter": "((country_code)::text = '[de]'::text)",
                                      "Rows Removed by Filter": 225222
                                    }
                                  ]
                                }
                              ]
                            }
                          ]
                        }
                      ]
                    }
                  ]
                }
              ]
            },
            {
              "Node Type": "Sort",
              "Parent Relationship": "Inner",
              "Parallel Aware": false,
              "Startup Cost": 1.1,
              "Total Cost": 1.1,
              "Plan Rows": 1,
              "Plan Width": 4,
              "Actual Startup Time": 0.098,
              "Actual Total Time": 0.1,
              "Actual Rows": 1,
              "Actual Loops": 1,
              "Sort Key": [
                "kt.id"
              ],
              "Sort Method": "quicksort",
              "Sort Space Used": 25,
              "Sort Space Type": "Memory",
              "Plans": [
                {
                  "Node Type": "Seq Scan",
                  "Parent Relationship": "Outer",
                  "Parallel Aware": false,
                  "Relation Name": "kind_type",
                  "Alias": "kt",
                  "Startup Cost": 0.0,
                  "Total Cost": 1.09,
                  "Plan Rows": 1,
                  "Plan Width": 4,
                  "Actual Startup Time": 0.053,
                  "Actual Total Time": 0.054,
                  "Actual Rows": 1,
                  "Actual Loops": 1,
                  "Filter": "((kind)::text = 'movie'::text)",
                  "Rows Removed by Filter": 6
                }
              ]
            }
          ]
        }
      ]
    },
    "Planning Time": 21.965,
    "Triggers": [],
    "Execution Time": 7580.712
  }
]