[
  {
    "Plan": {
      "Node Type": "Aggregate",
      "Strategy": "Plain",
      "Partial Mode": "Finalize",
      "Parallel Aware": false,
      "Startup Cost": 32869.63,
      "Total Cost": 32869.64,
      "Plan Rows": 1,
      "Plan Width": 8,
      "Actual Startup Time": 107.252,
      "Actual Total Time": 114.237,
      "Actual Rows": 1,
      "Actual Loops": 1,
      "Plans": [
        {
          "Node Type": "Gather",
          "Parent Relationship": "Outer",
          "Parallel Aware": false,
          "Startup Cost": 32869.31,
          "Total Cost": 32869.62,
          "Plan Rows": 3,
          "Plan Width": 8,
          "Actual Startup Time": 107.241,
          "Actual Total Time": 114.23,
          "Actual Rows": 4,
          "Actual Loops": 1,
          "Workers Planned": 3,
          "Workers Launched": 3,
          "Single Copy": false,
          "Plans": [
            {
              "Node Type": "Aggregate",
              "Strategy": "Plain",
              "Partial Mode": "Partial",
              "Parent Relationship": "Outer",
              "Parallel Aware": false,
              "Startup Cost": 31869.31,
              "Total Cost": 31869.32,
              "Plan Rows": 1,
              "Plan Width": 8,
              "Actual Startup Time": 98.047,
              "Actual Total Time": 98.048,
              "Actual Rows": 1,
              "Actual Loops": 4,
              "Plans": [
                {
                  "Node Type": "Seq Scan",
                  "Parent Relationship": "Outer",
                  "Parallel Aware": true,
                  "Relation Name": "movie_companies",
                  "Alias": "mc",
                  "Startup Cost": 0.0,
                  "Total Cost": 31414.82,
                  "Plan Rows": 181796,
                  "Plan Width": 0,
                  "Actual Startup Time": 0.048,
                  "Actual Total Time": 84.888,
                  "Actual Rows": 192830,
                  "Actual Loops": 4,
                  "Filter": "((company_id < 8713) AND (company_type_id = 1))",
                  "Rows Removed by Filter": 459452
                }
              ]
            }
          ]
        }
      ]
    },
    "Planning Time": 0.233,
    "Triggers": [],
    "Execution Time": 114.297
  }
]