[
  {
    "Plan": {
      "Node Type": "Aggregate",
      "Strategy": "Plain",
      "Partial Mode": "Finalize",
      "Parallel Aware": false,
      "Startup Cost": 46862.74,
      "Total Cost": 46862.75,
      "Plan Rows": 1,
      "Plan Width": 8,
      "Actual Startup Time": 164.672,
      "Actual Total Time": 171.662,
      "Actual Rows": 1,
      "Actual Loops": 1,
      "Plans": [
        {
          "Node Type": "Gather",
          "Parent Relationship": "Outer",
          "Parallel Aware": false,
          "Startup Cost": 46862.42,
          "Total Cost": 46862.73,
          "Plan Rows": 3,
          "Plan Width": 8,
          "Actual Startup Time": 164.421,
          "Actual Total Time": 171.653,
          "Actual Rows": 4,
          "Actual Loops": 1,
          "Workers Planned": 3,
          "Workers Launched": 3,
          "Single Copy": false,
          "Plans": [
            {
              "Node Type": "Aggregate",
              "Strategy": "Plain",
              "Partial Mode": "Partial",
              "Parent Relationship": "Outer",
              "Parallel Aware": false,
              "Startup Cost": 45862.42,
              "Total Cost": 45862.43,
              "Plan Rows": 1,
              "Plan Width": 8,
              "Actual Startup Time": 159.882,
              "Actual Total Time": 159.883,
              "Actual Rows": 1,
              "Actual Loops": 4,
              "Plans": [
                {
                  "Node Type": "Seq Scan",
                  "Parent Relationship": "Outer",
                  "Parallel Aware": true,
                  "Relation Name": "movie_keyword",
                  "Alias": "mk",
                  "Startup Cost": 0.0,
                  "Total Cost": 42695.65,
                  "Plan Rows": 1266708,
                  "Plan Width": 0,
                  "Actual Startup Time": 0.042,
                  "Actual Total Time": 117.728,
                  "Actual Rows": 984766,
                  "Actual Loops": 4,
                  "Filter": "(keyword_id < 31379)",
                  "Rows Removed by Filter": 146217
                }
              ]
            }
          ]
        }
      ]
    },
    "Planning Time": 0.214,
    "Triggers": [],
    "Execution Time": 171.718
  }
]