[
  {
    "Plan": {
      "Node Type": "Aggregate",
      "Strategy": "Plain",
      "Partial Mode": "Finalize",
      "Parallel Aware": false,
      "Startup Cost": 491460.18,
      "Total Cost": 491460.19,
      "Plan Rows": 1,
      "Plan Width": 8,
      "Actual Startup Time": 2983.632,
      "Actual Total Time": 3050.923,
      "Actual Rows": 1,
      "Actual Loops": 1,
      "Plans": [
        {
          "Node Type": "Gather",
          "Parent Relationship": "Outer",
          "Parallel Aware": false,
          "Startup Cost": 491459.55,
          "Total Cost": 491460.16,
          "Plan Rows": 6,
          "Plan Width": 8,
          "Actual Startup Time": 2932.194,
          "Actual Total Time": 3050.908,
          "Actual Rows": 7,
          "Actual Loops": 1,
          "Workers Planned": 6,
          "Workers Launched": 6,
          "Single Copy": false,
          "Plans": [
            {
              "Node Type": "Aggregate",
              "Strategy": "Plain",
              "Partial Mode": "Partial",
              "Parent Relationship": "Outer",
              "Parallel Aware": false,
              "Startup Cost": 490459.55,
              "Total Cost": 490459.56,
              "Plan Rows": 1,
              "Plan Width": 8,
              "Actual Startup Time": 2899.398,
              "Actual Total Time": 2901.398,
              "Actual Rows": 1,
              "Actual Loops": 7,
              "Plans": [
                {
                  "Node Type": "Hash Join",
                  "Parent Relationship": "Outer",
                  "Parallel Aware": true,
                  "Join Type": "Inner",
                  "Startup Cost": 111188.7,
                  "Total Cost": 479163.11,
                  "Plan Rows": 4518577,
                  "Plan Width": 0,
                  "Actual Startup Time": 857.572,
                  "Actual Total Time": 2560.892,
                  "Actual Rows": 8321296,
                  "Actual Loops": 7,
                  "Inner Unique": false,
                  "Hash Cond": "(ci.movie_id = t.id)",
                  "Plans": [
                    {
                      "Node Type": "Seq Scan",
                      "Parent Relationship": "Outer",
                      "Parallel Aware": true,
                      "Relation Name": "cast_info",
                      "Alias": "ci",
                      "Startup Cost": 0.0,
                      "Total Cost": 343257.03,
                      "Plan Rows": 2704353,
                      "Plan Width": 4,
                      "Actual Startup Time": 199.372,
                      "Actual Total Time": 639.126,
                      "Actual Rows": 2102746,
                      "Actual Loops": 7,
                      "Filter": "((person_id > 1746501) AND (role_id < 10))",
                      "Rows Removed by Filter": 3075017
                    },
                    {
                      "Node Type": "Hash",
                      "Parent Relationship": "Inner",
                      "Parallel Aware": true,
                      "Startup Cost": 94154.8,
                      "Total Cost": 94154.8,
                      "Plan Rows": 1362712,
                      "Plan Width": 8,
                      "Actual Startup Time": 647.894,
                      "Actual Total Time": 649.891,
                      "Actual Rows": 634482,
                      "Actual Loops": 7,
                      "Hash Buckets": 8388608,
                      "Original Hash Buckets": 8388608,
                      "Hash Batches": 1,
                      "Original Hash Batches": 1,
                      "Peak Memory Usage": 239424,
                      "Plans": [
                        {
                          "Node Type": "Hash Join",
                          "Parent Relationship": "Outer",
                          "Parallel Aware": true,
                          "Join Type": "Inner",
                          "Startup Cost": 51276.72,
                          "Total Cost": 94154.8,
                          "Plan Rows": 1362712,
                          "Plan Width": 8,
                          "Actual Startup Time": 253.048,
                          "Actual Total Time": 450.368,
                          "Actual Rows": 634482,
                          "Actual Loops": 7,
                          "Inner Unique": true,
                          "Hash Cond": "(mk.movie_id = t.id)",
                          "Plans": [
                            {
                              "Node Type": "Seq Scan",
                              "Parent Relationship": "Outer",
                              "Parallel Aware": true,
                              "Relation Name": "movie_keyword",
                              "Alias": "mk",
                              "Startup Cost": 0.0,
                              "Total Cost": 39047.32,
                              "Plan Rows": 1459332,
                              "Plan Width": 4,
                              "Actual Startup Time": 0.027,
                              "Actual Total Time": 62.831,
                              "Actual Rows": 646276,
                              "Actual Loops": 7
                            },
                            {
                              "Node Type": "Hash",
                              "Parent Relationship": "Inner",
                              "Parallel Aware": true,
                              "Startup Cost": 43898.92,
                              "Total Cost": 43898.92,
                              "Plan Rows": 590224,
                              "Plan Width": 4,
                              "Actual Startup Time": 249.597,
                              "Actual Total Time": 249.598,
                              "Actual Rows": 336806,
                              "Actual Loops": 7,
                              "Hash Buckets": 4194304,
                              "Original Hash Buckets": 4194304,
                              "Hash Batches": 1,
                              "Original Hash Batches": 1,
                              "Peak Memory Usage": 125120,
                              "Plans": [
                                {
                                  "Node Type": "Seq Scan",
                                  "Parent Relationship": "Outer",
                                  "Parallel Aware": true,
                                  "Relation Name": "title",
                                  "Alias": "t",
                                  "Startup Cost": 0.0,
                                  "Total Cost": 43898.92,
                                  "Plan Rows": 590224,
                                  "Plan Width": 4,
                                  "Actual Startup Time": 0.056,
                                  "Actual Total Time": 82.095,
                                  "Actual Rows": 336806,
                                  "Actual Loops": 7,
                                  "Filter": "(production_year > 1923)",
                                  "Rows Removed by Filter": 24382
                                }
                              ]
                            }
                          ]
                        }
                      ]
                    }
                  ]
                }
              ]
            }
          ]
        }
      ]
    },
    "Planning Time": 1.285,
    "Triggers": [],
    "Execution Time": 3051.011
  }
]