[
  {
    "Plan": {
      "Node Type": "Aggregate",
      "Strategy": "Plain",
      "Partial Mode": "Finalize",
      "Parallel Aware": false,
      "Startup Cost": 337459.88,
      "Total Cost": 337459.89,
      "Plan Rows": 1,
      "Plan Width": 8,
      "Actual Startup Time": 427.364,
      "Actual Total Time": 449.089,
      "Actual Rows": 1,
      "Actual Loops": 1,
      "Plans": [
        {
          "Node Type": "Gather",
          "Parent Relationship": "Outer",
          "Parallel Aware": false,
          "Startup Cost": 337459.25,
          "Total Cost": 337459.86,
          "Plan Rows": 6,
          "Plan Width": 8,
          "Actual Startup Time": 427.264,
          "Actual Total Time": 449.079,
          "Actual Rows": 7,
          "Actual Loops": 1,
          "Workers Planned": 6,
          "Workers Launched": 6,
          "Single Copy": false,
          "Plans": [
            {
              "Node Type": "Aggregate",
              "Strategy": "Plain",
              "Partial Mode": "Partial",
              "Parent Relationship": "Outer",
              "Parallel Aware": false,
              "Startup Cost": 336459.25,
              "Total Cost": 336459.26,
              "Plan Rows": 1,
              "Plan Width": 8,
              "Actual Startup Time": 419.11,
              "Actual Total Time": 419.111,
              "Actual Rows": 1,
              "Actual Loops": 7,
              "Plans": [
                {
                  "Node Type": "Index Scan",
                  "Parent Relationship": "Outer",
                  "Parallel Aware": true,
                  "Scan Direction": "Forward",
                  "Index Name": "role_id_cast_info",
                  "Relation Name": "cast_info",
                  "Alias": "ci",
                  "Startup Cost": 0.56,
                  "Total Cost": 335235.55,
                  "Plan Rows": 489481,
                  "Plan Width": 0,
                  "Actual Startup Time": 0.16,
                  "Actual Total Time": 377.757,
                  "Actual Rows": 892232,
                  "Actual Loops": 7,
                  "Index Cond": "(role_id = 1)",
                  "Rows Removed by Index Recheck": 0,
                  "Filter": "(person_id < 851995)",
                  "Rows Removed by Filter": 917867
                }
              ]
            }
          ]
        }
      ]
    },
    "Planning Time": 0.276,
    "Triggers": [],
    "Execution Time": 449.166
  }
]