[
  {
    "Plan": {
      "Node Type": "Aggregate",
      "Strategy": "Plain",
      "Partial Mode": "Finalize",
      "Parallel Aware": false,
      "Startup Cost": 82264.14,
      "Total Cost": 82264.15,
      "Plan Rows": 1,
      "Plan Width": 8,
      "Actual Startup Time": 327.173,
      "Actual Total Time": 343.631,
      "Actual Rows": 1,
      "Actual Loops": 1,
      "Plans": [
        {
          "Node Type": "Gather",
          "Parent Relationship": "Outer",
          "Parallel Aware": false,
          "Startup Cost": 82263.72,
          "Total Cost": 82264.13,
          "Plan Rows": 4,
          "Plan Width": 8,
          "Actual Startup Time": 322.292,
          "Actual Total Time": 343.625,
          "Actual Rows": 5,
          "Actual Loops": 1,
          "Workers Planned": 4,
          "Workers Launched": 4,
          "Single Copy": false,
          "Plans": [
            {
              "Node Type": "Aggregate",
              "Strategy": "Plain",
              "Partial Mode": "Partial",
              "Parent Relationship": "Outer",
              "Parallel Aware": false,
              "Startup Cost": 81263.72,
              "Total Cost": 81263.73,
              "Plan Rows": 1,
              "Plan Width": 8,
              "Actual Startup Time": 312.123,
              "Actual Total Time": 312.127,
              "Actual Rows": 1,
              "Actual Loops": 5,
              "Plans": [
                {
                  "Node Type": "Hash Join",
                  "Parent Relationship": "Outer",
                  "Parallel Aware": true,
                  "Join Type": "Inner",
                  "Startup Cost": 34639.77,
                  "Total Cost": 80763.86,
                  "Plan Rows": 199947,
                  "Plan Width": 0,
                  "Actual Startup Time": 140.577,
                  "Actual Total Time": 306.696,
                  "Actual Rows": 116762,
                  "Actual Loops": 5,
                  "Inner Unique": false,
                  "Hash Cond": "(t.id = mc.movie_id)",
                  "Plans": [
                    {
                      "Node Type": "Seq Scan",
                      "Parent Relationship": "Outer",
                      "Parallel Aware": true,
                      "Relation Name": "title",
                      "Alias": "t",
                      "Startup Cost": 0.0,
                      "Total Cost": 42318.73,
                      "Plan Rows": 632073,
                      "Plan Width": 4,
                      "Actual Startup Time": 0.014,
                      "Actual Total Time": 65.43,
                      "Actual Rows": 505662,
                      "Actual Loops": 5
                    },
                    {
                      "Node Type": "Hash",
                      "Parent Relationship": "Inner",
                      "Parallel Aware": true,
                      "Startup Cost": 31414.82,
                      "Total Cost": 31414.82,
                      "Plan Rows": 257996,
                      "Plan Width": 4,
                      "Actual Startup Time": 119.291,
                      "Actual Total Time": 119.292,
                      "Actual Rows": 116762,
                      "Actual Loops": 5,
                      "Hash Buckets": 1048576,
                      "Original Hash Buckets": 1048576,
                      "Hash Batches": 1,
                      "Original Hash Batches": 1,
                      "Peak Memory Usage": 31072,
                      "Plans": [
                        {
                          "Node Type": "Seq Scan",
                          "Parent Relationship": "Outer",
                          "Parallel Aware": true,
                          "Relation Name": "movie_companies",
                          "Alias": "mc",
                          "Startup Cost": 0.0,
                          "Total Cost": 31414.82,
                          "Plan Rows": 257996,
                          "Plan Width": 4,
                          "Actual Startup Time": 5.131,
                          "Actual Total Time": 74.399,
                          "Actual Rows": 116762,
                          "Actual Loops": 5,
                          "Filter": "((company_id > 4441) AND (company_type_id < 2))",
                          "Rows Removed by Filter": 405064
                        }
                      ]
                    }
                  ]
                }
              ]
            }
          ]
        }
      ]
    },
    "Planning Time": 0.634,
    "Triggers": [],
    "Execution Time": 343.704
  }
]