[
  {
    "Plan": {
      "Node Type": "Aggregate",
      "Strategy": "Plain",
      "Partial Mode": "Finalize",
      "Parallel Aware": false,
      "Startup Cost": 87166.11,
      "Total Cost": 87166.12,
      "Plan Rows": 1,
      "Plan Width": 8,
      "Actual Startup Time": 297.673,
      "Actual Total Time": 328.666,
      "Actual Rows": 1,
      "Actual Loops": 1,
      "Plans": [
        {
          "Node Type": "Gather",
          "Parent Relationship": "Outer",
          "Parallel Aware": false,
          "Startup Cost": 87165.8,
          "Total Cost": 87166.11,
          "Plan Rows": 3,
          "Plan Width": 8,
          "Actual Startup Time": 297.332,
          "Actual Total Time": 328.653,
          "Actual Rows": 4,
          "Actual Loops": 1,
          "Workers Planned": 3,
          "Workers Launched": 3,
          "Single Copy": false,
          "Plans": [
            {
              "Node Type": "Aggregate",
              "Strategy": "Plain",
              "Partial Mode": "Partial",
              "Parent Relationship": "Outer",
              "Parallel Aware": false,
              "Startup Cost": 86165.8,
              "Total Cost": 86165.81,
              "Plan Rows": 1,
              "Plan Width": 8,
              "Actual Startup Time": 287.664,
              "Actual Total Time": 287.668,
              "Actual Rows": 1,
              "Actual Loops": 4,
              "Plans": [
                {
                  "Node Type": "Nested Loop",
                  "Parent Relationship": "Outer",
                  "Parallel Aware": false,
                  "Join Type": "Inner",
                  "Startup Cost": 45560.6,
                  "Total Cost": 86121.51,
                  "Plan Rows": 17715,
                  "Plan Width": 0,
                  "Actual Startup Time": 112.182,
                  "Actual Total Time": 285.954,
                  "Actual Rows": 28286,
                  "Actual Loops": 4,
                  "Inner Unique": false,
                  "Join Filter": "(t.id = mi.movie_id)",
                  "Rows Removed by Join Filter": 0,
                  "Plans": [
                    {
                      "Node Type": "Hash Join",
                      "Parent Relationship": "Outer",
                      "Parallel Aware": true,
                      "Join Type": "Inner",
                      "Startup Cost": 45560.16,
                      "Total Cost": 76040.54,
                      "Plan Rows": 4544,
                      "Plan Width": 8,
                      "Actual Startup Time": 112.087,
                      "Actual Total Time": 218.733,
                      "Actual Rows": 3327,
                      "Actual Loops": 4,
                      "Inner Unique": true,
                      "Hash Cond": "(mc.movie_id = t.id)",
                      "Plans": [
                        {
                          "Node Type": "Seq Scan",
                          "Parent Relationship": "Outer",
                          "Parallel Aware": true,
                          "Relation Name": "movie_companies",
                          "Alias": "mc",
                          "Startup Cost": 0.0,
                          "Total Cost": 29310.68,
                          "Plan Rows": 445598,
                          "Plan Width": 4,
                          "Actual Startup Time": 0.028,
                          "Actual Total Time": 69.587,
                          "Actual Rows": 347615,
                          "Actual Loops": 4,
                          "Filter": "(company_id < 12070)",
                          "Rows Removed by Filter": 304667
                        },
                        {
                          "Node Type": "Hash",
                          "Parent Relationship": "Inner",
                          "Parallel Aware": true,
                          "Startup Cost": 45479.59,
                          "Total Cost": 45479.59,
                          "Plan Rows": 6446,
                          "Plan Width": 4,
                          "Actual Startup Time": 110.308,
                          "Actual Total Time": 110.309,
                          "Actual Rows": 7662,
                          "Actual Loops": 4,
                          "Hash Buckets": 32768,
                          "Original Hash Buckets": 32768,
                          "Hash Batches": 1,
                          "Original Hash Batches": 1,
                          "Peak Memory Usage": 1536,
                          "Plans": [
                            {
                              "Node Type": "Seq Scan",
                              "Parent Relationship": "Outer",
                              "Parallel Aware": true,
                              "Relation Name": "title",
                              "Alias": "t",
                              "Startup Cost": 0.0,
                              "Total Cost": 45479.59,
                              "Plan Rows": 6446,
                              "Plan Width": 4,
                              "Actual Startup Time": 0.104,
                              "Actual Total Time": 105.881,
                              "Actual Rows": 7662,
                              "Actual Loops": 4,
                              "Filter": "((kind_id > 1) AND (production_year = 1996))",
                              "Rows Removed by Filter": 624416
                            }
                          ]
                        }
                      ]
                    },
                    {
                      "Node Type": "Index Scan",
                      "Parent Relationship": "Inner",
                      "Parallel Aware": false,
                      "Scan Direction": "Forward",
                      "Index Name": "movie_id_movie_info",
                      "Relation Name": "movie_info",
                      "Alias": "mi",
                      "Startup Cost": 0.43,
                      "Total Cost": 1.88,
                      "Plan Rows": 27,
                      "Plan Width": 4,
                      "Actual Startup Time": 0.009,
                      "Actual Total Time": 0.019,
                      "Actual Rows": 9,
                      "Actual Loops": 13309,
                      "Index Cond": "(movie_id = mc.movie_id)",
                      "Rows Removed by Index Recheck": 0,
                      "Filter": "(info_type_id > 4)",
                      "Rows Removed by Filter": 3
                    }
                  ]
                }
              ]
            }
          ]
        }
      ]
    },
    "Planning Time": 1.711,
    "Triggers": [],
    "Execution Time": 328.766
  }
]