{
  "Plan": {
    "Node Type": "Aggregate",
    "Strategy": "Plain",
    "Partial Mode": "Finalize",
    "Parallel Aware": false,
    "Startup Cost": 498790.03,
    "Total Cost": 498790.04,
    "Plan Rows": 1,
    "Plan Width": 32,
    "Actual Startup Time": 1995.461,
    "Actual Total Time": 2054.365,
    "Actual Rows": 1,
    "Actual Loops": 1,
    "Plans": [
      {
        "Node Type": "Gather",
        "Parent Relationship": "Outer",
        "Parallel Aware": false,
        "Startup Cost": 498789.61,
        "Total Cost": 498790.02,
        "Plan Rows": 4,
        "Plan Width": 32,
        "Actual Startup Time": 1992.695,
        "Actual Total Time": 2054.346,
        "Actual Rows": 5,
        "Actual Loops": 1,
        "Workers Planned": 4,
        "Workers Launched": 4,
        "Single Copy": false,
        "Plans": [
          {
            "Node Type": "Aggregate",
            "Strategy": "Plain",
            "Partial Mode": "Partial",
            "Parent Relationship": "Outer",
            "Parallel Aware": false,
            "Startup Cost": 497789.61,
            "Total Cost": 497789.62,
            "Plan Rows": 1,
            "Plan Width": 32,
            "Actual Startup Time": 1980.707,
            "Actual Total Time": 1980.713,
            "Actual Rows": 1,
            "Actual Loops": 5,
            "Plans": [
              {
                "Node Type": "Merge Join",
                "Parent Relationship": "Outer",
                "Parallel Aware": false,
                "Join Type": "Inner",
                "Startup Cost": 497740.84,
                "Total Cost": 497789.6,
                "Plan Rows": 2,
                "Plan Width": 17,
                "Actual Startup Time": 1972.956,
                "Actual Total Time": 1980.592,
                "Actual Rows": 1567,
                "Actual Loops": 5,
                "Inner Unique": true,
                "Merge Cond": "(mc.company_id = cn.id)",
                "Plans": [
                  {
                    "Node Type": "Sort",
                    "Parent Relationship": "Outer",
                    "Parallel Aware": false,
                    "Startup Cost": 491165.1,
                    "Total Cost": 491165.2,
                    "Plan Rows": 42,
                    "Plan Width": 21,
                    "Actual Startup Time": 1942.439,
                    "Actual Total Time": 1946.605,
                    "Actual Rows": 29710,
                    "Actual Loops": 5,
                    "Sort Key": [
                      "mc.company_id"
                    ],
                    "Sort Method": "quicksort",
                    "Sort Space Used": 2910,
                    "Sort Space Type": "Memory",
                    "Workers": [
                      {
                        "Worker Number": 0,
                        "Sort Method": "quicksort",
                        "Sort Space Used": 4529,
                        "Sort Space Type": "Memory"
                      },
                      {
                        "Worker Number": 1,
                        "Sort Method": "quicksort",
                        "Sort Space Used": 2501,
                        "Sort Space Type": "Memory"
                      },
                      {
                        "Worker Number": 2,
                        "Sort Method": "quicksort",
                        "Sort Space Used": 2512,
                        "Sort Space Type": "Memory"
                      },
                      {
                        "Worker Number": 3,
                        "Sort Method": "quicksort",
                        "Sort Space Used": 3052,
                        "Sort Space Type": "Memory"
                      }
                    ],
                    "Plans": [
                      {
                        "Node Type": "Merge Join",
                        "Parent Relationship": "Outer",
                        "Parallel Aware": false,
                        "Join Type": "Inner",
                        "Startup Cost": 243221.65,
                        "Total Cost": 491163.97,
                        "Plan Rows": 42,
                        "Plan Width": 21,
                        "Actual Startup Time": 222.688,
                        "Actual Total Time": 1932.858,
                        "Actual Rows": 29710,
                        "Actual Loops": 5,
                        "Inner Unique": false,
                        "Merge Cond": "(mc.movie_id = mk.movie_id)",
                        "Plans": [
                          {
                            "Node Type": "Merge Join",
                            "Parent Relationship": "Outer",
                            "Parallel Aware": false,
                            "Join Type": "Inner",
                            "Startup Cost": 3.07,
                            "Total Cost": 246327.72,
                            "Plan Rows": 652282,
                            "Plan Width": 29,
                            "Actual Startup Time": 1.278,
                            "Actual Total Time": 1680.693,
                            "Actual Rows": 521826,
                            "Actual Loops": 5,
                            "Inner Unique": false,
                            "Merge Cond": "(t.id = mc.movie_id)",
                            "Plans": [
                              {
                                "Node Type": "Index Scan",
                                "Parent Relationship": "Outer",
                                "Parallel Aware": true,
                                "Scan Direction": "Forward",
                                "Index Name": "title_pkey",
                                "Relation Name": "title",
                                "Alias": "t",
                                "Startup Cost": 0.43,
                                "Total Cost": 91395.24,
                                "Plan Rows": 632127,
                                "Plan Width": 21,
                                "Actual Startup Time": 0.148,
                                "Actual Total Time": 382.508,
                                "Actual Rows": 505150,
                                "Actual Loops": 5
                              },
                              {
                                "Node Type": "Index Scan",
                                "Parent Relationship": "Inner",
                                "Parallel Aware": false,
                                "Scan Direction": "Forward",
                                "Index Name": "movie_id_movie_companies",
                                "Relation Name": "movie_companies",
                                "Alias": "mc",
                                "Startup Cost": 0.43,
                                "Total Cost": 140404.76,
                                "Plan Rows": 2609129,
                                "Plan Width": 8,
                                "Actual Startup Time": 0.076,
                                "Actual Total Time": 1055.458,
                                "Actual Rows": 2609129,
                                "Actual Loops": 5
                              }
                            ]
                          },
                          {
                            "Node Type": "Sort",
                            "Parent Relationship": "Inner",
                            "Parallel Aware": false,
                            "Startup Cost": 243204.9,
                            "Total Cost": 243204.98,
                            "Plan Rows": 34,
                            "Plan Width": 4,
                            "Actual Startup Time": 218.28,
                            "Actual Total Time": 221.728,
                            "Actual Rows": 64429,
                            "Actual Loops": 5,
                            "Sort Key": [
                              "mk.movie_id"
                            ],
                            "Sort Method": "quicksort",
                            "Sort Space Used": 3498,
                            "Sort Space Type": "Memory",
                            "Workers": [
                              {
                                "Worker Number": 0,
                                "Sort Method": "quicksort",
                                "Sort Space Used": 3498,
                                "Sort Space Type": "Memory"
                              },
                              {
                                "Worker Number": 1,
                                "Sort Method": "quicksort",
                                "Sort Space Used": 3498,
                                "Sort Space Type": "Memory"
                              },
                              {
                                "Worker Number": 2,
                                "Sort Method": "quicksort",
                                "Sort Space Used": 3498,
                                "Sort Space Type": "Memory"
                              },
                              {
                                "Worker Number": 3,
                                "Sort Method": "quicksort",
                                "Sort Space Used": 3498,
                                "Sort Space Type": "Memory"
                              }
                            ],
                            "Plans": [
                              {
                                "Node Type": "Merge Join",
                                "Parent Relationship": "Outer",
                                "Parallel Aware": false,
                                "Join Type": "Inner",
                                "Startup Cost": 842.63,
                                "Total Cost": 243204.03,
                                "Plan Rows": 34,
                                "Plan Width": 4,
                                "Actual Startup Time": 129.635,
                                "Actual Total Time": 209.885,
                                "Actual Rows": 41840,
                                "Actual Loops": 5,
                                "Inner Unique": false,
                                "Merge Cond": "(k.id = mk.keyword_id)",
                                "Plans": [
                                  {
                                    "Node Type": "Index Scan",
                                    "Parent Relationship": "Outer",
                                    "Parallel Aware": false,
                                    "Scan Direction": "Forward",
                                    "Index Name": "keyword_pkey",
                                    "Relation Name": "keyword",
                                    "Alias": "k",
                                    "Startup Cost": 0.42,
                                    "Total Cost": 5343.17,
                                    "Plan Rows": 1,
                                    "Plan Width": 4,
                                    "Actual Startup Time": 0.965,
                                    "Actual Total Time": 56.778,
                                    "Actual Rows": 1,
                                    "Actual Loops": 5,
                                    "Filter": "(keyword = 'character-name-in-title'::text)",
                                    "Rows Removed by Filter": 134169
                                  },
                                  {
                                    "Node Type": "Index Scan",
                                    "Parent Relationship": "Inner",
                                    "Parallel Aware": false,
                                    "Scan Direction": "Forward",
                                    "Index Name": "keyword_id_movie_keyword",
                                    "Relation Name": "movie_keyword",
                                    "Alias": "mk",
                                    "Startup Cost": 0.43,
                                    "Total Cost": 226550.7,
                                    "Plan Rows": 4523930,
                                    "Plan Width": 8,
                                    "Actual Startup Time": 0.077,
                                    "Actual Total Time": 139.73,
                                    "Actual Rows": 163762,
                                    "Actual Loops": 5
                                  }
                                ]
                              }
                            ]
                          }
                        ]
                      }
                    ]
                  },
                  {
                    "Node Type": "Sort",
                    "Parent Relationship": "Inner",
                    "Parallel Aware": false,
                    "Startup Cost": 6575.74,
                    "Total Cost": 6600.02,
                    "Plan Rows": 9713,
                    "Plan Width": 4,
                    "Actual Startup Time": 30.107,
                    "Actual Total Time": 31.009,
                    "Actual Rows": 9751,
                    "Actual Loops": 5,
                    "Sort Key": [
                      "cn.id"
                    ],
                    "Sort Method": "quicksort",
                    "Sort Space Used": 843,
                    "Sort Space Type": "Memory",
                    "Workers": [
                      {
                        "Worker Number": 0,
                        "Sort Method": "quicksort",
                        "Sort Space Used": 843,
                        "Sort Space Type": "Memory"
                      },
                      {
                        "Worker Number": 1,
                        "Sort Method": "quicksort",
                        "Sort Space Used": 843,
                        "Sort Space Type": "Memory"
                      },
                      {
                        "Worker Number": 2,
                        "Sort Method": "quicksort",
                        "Sort Space Used": 843,
                        "Sort Space Type": "Memory"
                      },
                      {
                        "Worker Number": 3,
                        "Sort Method": "quicksort",
                        "Sort Space Used": 843,
                        "Sort Space Type": "Memory"
                      }
                    ],
                    "Plans": [
                      {
                        "Node Type": "Seq Scan",
                        "Parent Relationship": "Outer",
                        "Parallel Aware": false,
                        "Relation Name": "company_name",
                        "Alias": "cn",
                        "Startup Cost": 0.0,
                        "Total Cost": 5932.46,
                        "Plan Rows": 9713,
                        "Plan Width": 4,
                        "Actual Startup Time": 0.041,
                        "Actual Total Time": 27.321,
                        "Actual Rows": 9775,
                        "Actual Loops": 5,
                        "Filter": "((country_code)::text = '[de]'::text)",
                        "Rows Removed by Filter": 225222
                      }
                    ]
                  }
                ]
              }
            ]
          }
        ]
      }
    ]
  },
  "Planning Time": 7.337,
  "Triggers": [],
  "Execution Time": 2056.318
}