[
  {
    "Plan": {
      "Node Type": "Aggregate",
      "Strategy": "Plain",
      "Partial Mode": "Finalize",
      "Parallel Aware": false,
      "Startup Cost": 37526.11,
      "Total Cost": 37526.12,
      "Plan Rows": 1,
      "Plan Width": 8,
      "Actual Startup Time": 62.401,
      "Actual Total Time": 76.308,
      "Actual Rows": 1,
      "Actual Loops": 1,
      "Plans": [
        {
          "Node Type": "Gather",
          "Parent Relationship": "Outer",
          "Parallel Aware": false,
          "Startup Cost": 37525.89,
          "Total Cost": 37526.1,
          "Plan Rows": 2,
          "Plan Width": 8,
          "Actual Startup Time": 62.232,
          "Actual Total Time": 76.3,
          "Actual Rows": 3,
          "Actual Loops": 1,
          "Workers Planned": 2,
          "Workers Launched": 2,
          "Single Copy": false,
          "Plans": [
            {
              "Node Type": "Aggregate",
              "Strategy": "Plain",
              "Partial Mode": "Partial",
              "Parent Relationship": "Outer",
              "Parallel Aware": false,
              "Startup Cost": 36525.89,
              "Total Cost": 36525.9,
              "Plan Rows": 1,
              "Plan Width": 8,
              "Actual Startup Time": 53.667,
              "Actual Total Time": 53.671,
              "Actual Rows": 1,
              "Actual Loops": 3,
              "Plans": [
                {
                  "Node Type": "Nested Loop",
                  "Parent Relationship": "Outer",
                  "Parallel Aware": false,
                  "Join Type": "Inner",
                  "Startup Cost": 133.22,
                  "Total Cost": 36497.95,
                  "Plan Rows": 11177,
                  "Plan Width": 0,
                  "Actual Startup Time": 3.071,
                  "Actual Total Time": 52.951,
                  "Actual Rows": 5379,
                  "Actual Loops": 3,
                  "Inner Unique": false,
                  "Plans": [
                    {
                      "Node Type": "Nested Loop",
                      "Parent Relationship": "Outer",
                      "Parallel Aware": false,
                      "Join Type": "Inner",
                      "Startup Cost": 132.78,
                      "Total Cost": 32641.65,
                      "Plan Rows": 1904,
                      "Plan Width": 8,
                      "Actual Startup Time": 2.855,
                      "Actual Total Time": 31.767,
                      "Actual Rows": 385,
                      "Actual Loops": 3,
                      "Inner Unique": true,
                      "Plans": [
                        {
                          "Node Type": "Bitmap Heap Scan",
                          "Parent Relationship": "Outer",
                          "Parallel Aware": true,
                          "Relation Name": "movie_keyword",
                          "Alias": "mk",
                          "Startup Cost": 132.35,
                          "Total Cost": 14320.78,
                          "Plan Rows": 2576,
                          "Plan Width": 4,
                          "Actual Startup Time": 2.664,
                          "Actual Total Time": 11.798,
                          "Actual Rows": 1972,
                          "Actual Loops": 3,
                          "Recheck Cond": "(keyword_id = 807)",
                          "Rows Removed by Index Recheck": 0,
                          "Exact Heap Blocks": 3280,
                          "Lossy Heap Blocks": 0,
                          "Plans": [
                            {
                              "Node Type": "Bitmap Index Scan",
                              "Parent Relationship": "Outer",
                              "Parallel Aware": false,
                              "Index Name": "keyword_id_movie_keyword",
                              "Startup Cost": 0.0,
                              "Total Cost": 130.81,
                              "Plan Rows": 6183,
                              "Plan Width": 0,
                              "Actual Startup Time": 5.047,
                              "Actual Total Time": 5.047,
                              "Actual Rows": 5916,
                              "Actual Loops": 1,
                              "Index Cond": "(keyword_id = 807)"
                            }
                          ]
                        },
                        {
                          "Node Type": "Index Scan",
                          "Parent Relationship": "Inner",
                          "Parallel Aware": false,
                          "Scan Direction": "Forward",
                          "Index Name": "title_pkey",
                          "Relation Name": "title",
                          "Alias": "t",
                          "Startup Cost": 0.43,
                          "Total Cost": 7.11,
                          "Plan Rows": 1,
                          "Plan Width": 4,
                          "Actual Startup Time": 0.01,
                          "Actual Total Time": 0.01,
                          "Actual Rows": 0,
                          "Actual Loops": 5916,
                          "Index Cond": "(id = mk.movie_id)",
                          "Rows Removed by Index Recheck": 0,
                          "Filter": "(kind_id > 1)",
                          "Rows Removed by Filter": 1
                        }
                      ]
                    },
                    {
                      "Node Type": "Index Only Scan",
                      "Parent Relationship": "Inner",
                      "Parallel Aware": false,
                      "Scan Direction": "Forward",
                      "Index Name": "movie_id_movie_info",
                      "Relation Name": "movie_info",
                      "Alias": "mi",
                      "Startup Cost": 0.43,
                      "Total Cost": 1.62,
                      "Plan Rows": 41,
                      "Plan Width": 4,
                      "Actual Startup Time": 0.017,
                      "Actual Total Time": 0.052,
                      "Actual Rows": 14,
                      "Actual Loops": 1155,
                      "Index Cond": "(movie_id = t.id)",
                      "Rows Removed by Index Recheck": 0,
                      "Heap Fetches": 16136
                    }
                  ]
                }
              ]
            }
          ]
        }
      ]
    },
    "Planning Time": 1.381,
    "Triggers": [],
    "Execution Time": 76.405
  }
]