[
  {
    "Plan": {
      "Node Type": "Aggregate",
      "Strategy": "Plain",
      "Partial Mode": "Finalize",
      "Parallel Aware": false,
      "Startup Cost": 33113.47,
      "Total Cost": 33113.48,
      "Plan Rows": 1,
      "Plan Width": 8,
      "Actual Startup Time": 76.457,
      "Actual Total Time": 83.827,
      "Actual Rows": 1,
      "Actual Loops": 1,
      "Plans": [
        {
          "Node Type": "Gather",
          "Parent Relationship": "Outer",
          "Parallel Aware": false,
          "Startup Cost": 33113.15,
          "Total Cost": 33113.46,
          "Plan Rows": 3,
          "Plan Width": 8,
          "Actual Startup Time": 76.376,
          "Actual Total Time": 83.82,
          "Actual Rows": 4,
          "Actual Loops": 1,
          "Workers Planned": 3,
          "Workers Launched": 3,
          "Single Copy": false,
          "Plans": [
            {
              "Node Type": "Aggregate",
              "Strategy": "Plain",
              "Partial Mode": "Partial",
              "Parent Relationship": "Outer",
              "Parallel Aware": false,
              "Startup Cost": 32113.15,
              "Total Cost": 32113.16,
              "Plan Rows": 1,
              "Plan Width": 8,
              "Actual Startup Time": 73.616,
              "Actual Total Time": 73.617,
              "Actual Rows": 1,
              "Actual Loops": 4,
              "Plans": [
                {
                  "Node Type": "Seq Scan",
                  "Parent Relationship": "Outer",
                  "Parallel Aware": true,
                  "Relation Name": "movie_companies",
                  "Alias": "mc",
                  "Startup Cost": 0.0,
                  "Total Cost": 31414.82,
                  "Plan Rows": 279334,
                  "Plan Width": 0,
                  "Actual Startup Time": 34.215,
                  "Actual Total Time": 67.147,
                  "Actual Rows": 137200,
                  "Actual Loops": 4,
                  "Filter": "((company_id < 20514) AND (company_type_id > 1))",
                  "Rows Removed by Filter": 515082
                }
              ]
            }
          ]
        }
      ]
    },
    "Planning Time": 0.074,
    "Triggers": [],
    "Execution Time": 83.854
  }
]