[
  {
    "Plan": {
      "Node Type": "Aggregate",
      "Strategy": "Plain",
      "Partial Mode": "Finalize",
      "Parallel Aware": false,
      "Startup Cost": 33114.02,
      "Total Cost": 33114.03,
      "Plan Rows": 1,
      "Plan Width": 8,
      "Actual Startup Time": 91.495,
      "Actual Total Time": 99.126,
      "Actual Rows": 1,
      "Actual Loops": 1,
      "Plans": [
        {
          "Node Type": "Gather",
          "Parent Relationship": "Outer",
          "Parallel Aware": false,
          "Startup Cost": 33113.7,
          "Total Cost": 33114.01,
          "Plan Rows": 3,
          "Plan Width": 8,
          "Actual Startup Time": 91.386,
          "Actual Total Time": 99.118,
          "Actual Rows": 4,
          "Actual Loops": 1,
          "Workers Planned": 3,
          "Workers Launched": 3,
          "Single Copy": false,
          "Plans": [
            {
              "Node Type": "Aggregate",
              "Strategy": "Plain",
              "Partial Mode": "Partial",
              "Parent Relationship": "Outer",
              "Parallel Aware": false,
              "Startup Cost": 32113.7,
              "Total Cost": 32113.71,
              "Plan Rows": 1,
              "Plan Width": 8,
              "Actual Startup Time": 83.479,
              "Actual Total Time": 83.48,
              "Actual Rows": 1,
              "Actual Loops": 4,
              "Plans": [
                {
                  "Node Type": "Seq Scan",
                  "Parent Relationship": "Outer",
                  "Parallel Aware": true,
                  "Relation Name": "movie_companies",
                  "Alias": "mc",
                  "Startup Cost": 0.0,
                  "Total Cost": 31414.82,
                  "Plan Rows": 279554,
                  "Plan Width": 0,
                  "Actual Startup Time": 46.264,
                  "Actual Total Time": 77.832,
                  "Actual Rows": 137200,
                  "Actual Loops": 4,
                  "Filter": "((company_id < 20514) AND (company_type_id > 1))",
                  "Rows Removed by Filter": 515082
                }
              ]
            }
          ]
        }
      ]
    },
    "Planning Time": 0.112,
    "Triggers": [],
    "Execution Time": 99.158
  }
]