[
  {
    "Plan": {
      "Node Type": "Aggregate",
      "Strategy": "Plain",
      "Partial Mode": "Finalize",
      "Parallel Aware": false,
      "Startup Cost": 28826.13,
      "Total Cost": 28826.14,
      "Plan Rows": 1,
      "Plan Width": 8,
      "Actual Startup Time": 72.813,
      "Actual Total Time": 77.761,
      "Actual Rows": 1,
      "Actual Loops": 1,
      "Plans": [
        {
          "Node Type": "Gather",
          "Parent Relationship": "Outer",
          "Parallel Aware": false,
          "Startup Cost": 28825.81,
          "Total Cost": 28826.12,
          "Plan Rows": 3,
          "Plan Width": 8,
          "Actual Startup Time": 72.631,
          "Actual Total Time": 77.753,
          "Actual Rows": 4,
          "Actual Loops": 1,
          "Workers Planned": 3,
          "Workers Launched": 3,
          "Single Copy": false,
          "Plans": [
            {
              "Node Type": "Aggregate",
              "Strategy": "Plain",
              "Partial Mode": "Partial",
              "Parent Relationship": "Outer",
              "Parallel Aware": false,
              "Startup Cost": 27825.81,
              "Total Cost": 27825.82,
              "Plan Rows": 1,
              "Plan Width": 8,
              "Actual Startup Time": 68.308,
              "Actual Total Time": 68.309,
              "Actual Rows": 1,
              "Actual Loops": 4,
              "Plans": [
                {
                  "Node Type": "Bitmap Heap Scan",
                  "Parent Relationship": "Outer",
                  "Parallel Aware": true,
                  "Relation Name": "movie_companies",
                  "Alias": "mc",
                  "Startup Cost": 7386.34,
                  "Total Cost": 27550.9,
                  "Plan Rows": 109965,
                  "Plan Width": 0,
                  "Actual Startup Time": 31.227,
                  "Actual Total Time": 62.386,
                  "Actual Rows": 84844,
                  "Actual Loops": 4,
                  "Recheck Cond": "(company_id > 89404)",
                  "Rows Removed by Index Recheck": 0,
                  "Exact Heap Blocks": 2750,
                  "Lossy Heap Blocks": 0,
                  "Plans": [
                    {
                      "Node Type": "Bitmap Index Scan",
                      "Parent Relationship": "Outer",
                      "Parallel Aware": false,
                      "Index Name": "company_id_movie_companies",
                      "Startup Cost": 0.0,
                      "Total Cost": 7301.11,
                      "Plan Rows": 340891,
                      "Plan Width": 0,
                      "Actual Startup Time": 34.299,
                      "Actual Total Time": 34.299,
                      "Actual Rows": 339376,
                      "Actual Loops": 1,
                      "Index Cond": "(company_id > 89404)"
                    }
                  ]
                }
              ]
            }
          ]
        }
      ]
    },
    "Planning Time": 0.136,
    "Triggers": [],
    "Execution Time": 77.813
  }
]