[
  {
    "Plan": {
      "Node Type": "Aggregate",
      "Strategy": "Plain",
      "Partial Mode": "Finalize",
      "Parallel Aware": false,
      "Startup Cost": 28748.62,
      "Total Cost": 28748.63,
      "Plan Rows": 1,
      "Plan Width": 8,
      "Actual Startup Time": 75.053,
      "Actual Total Time": 79.607,
      "Actual Rows": 1,
      "Actual Loops": 1,
      "Plans": [
        {
          "Node Type": "Gather",
          "Parent Relationship": "Outer",
          "Parallel Aware": false,
          "Startup Cost": 28748.31,
          "Total Cost": 28748.62,
          "Plan Rows": 3,
          "Plan Width": 8,
          "Actual Startup Time": 74.883,
          "Actual Total Time": 79.6,
          "Actual Rows": 4,
          "Actual Loops": 1,
          "Workers Planned": 3,
          "Workers Launched": 3,
          "Single Copy": false,
          "Plans": [
            {
              "Node Type": "Aggregate",
              "Strategy": "Plain",
              "Partial Mode": "Partial",
              "Parent Relationship": "Outer",
              "Parallel Aware": false,
              "Startup Cost": 27748.31,
              "Total Cost": 27748.32,
              "Plan Rows": 1,
              "Plan Width": 8,
              "Actual Startup Time": 65.904,
              "Actual Total Time": 65.906,
              "Actual Rows": 1,
              "Actual Loops": 4,
              "Plans": [
                {
                  "Node Type": "Bitmap Heap Scan",
                  "Parent Relationship": "Outer",
                  "Parallel Aware": true,
                  "Relation Name": "movie_companies",
                  "Alias": "mc",
                  "Startup Cost": 7323.25,
                  "Total Cost": 27475.8,
                  "Plan Rows": 109004,
                  "Plan Width": 0,
                  "Actual Startup Time": 27.953,
                  "Actual Total Time": 59.892,
                  "Actual Rows": 84844,
                  "Actual Loops": 4,
                  "Recheck Cond": "(company_id > 89404)",
                  "Rows Removed by Index Recheck": 0,
                  "Exact Heap Blocks": 2974,
                  "Lossy Heap Blocks": 0,
                  "Plans": [
                    {
                      "Node Type": "Bitmap Index Scan",
                      "Parent Relationship": "Outer",
                      "Parallel Aware": false,
                      "Index Name": "company_id_movie_companies",
                      "Startup Cost": 0.0,
                      "Total Cost": 7238.77,
                      "Plan Rows": 337912,
                      "Plan Width": 0,
                      "Actual Startup Time": 35.054,
                      "Actual Total Time": 35.054,
                      "Actual Rows": 339376,
                      "Actual Loops": 1,
                      "Index Cond": "(company_id > 89404)"
                    }
                  ]
                }
              ]
            }
          ]
        }
      ]
    },
    "Planning Time": 0.164,
    "Triggers": [],
    "Execution Time": 79.677
  }
]