[
  {
    "Plan": {
      "Node Type": "Aggregate",
      "Strategy": "Plain",
      "Partial Mode": "Finalize",
      "Parallel Aware": false,
      "Startup Cost": 32136.28,
      "Total Cost": 32136.29,
      "Plan Rows": 1,
      "Plan Width": 8,
      "Actual Startup Time": 118.696,
      "Actual Total Time": 126.62,
      "Actual Rows": 1,
      "Actual Loops": 1,
      "Plans": [
        {
          "Node Type": "Gather",
          "Parent Relationship": "Outer",
          "Parallel Aware": false,
          "Startup Cost": 32135.97,
          "Total Cost": 32136.28,
          "Plan Rows": 3,
          "Plan Width": 8,
          "Actual Startup Time": 118.577,
          "Actual Total Time": 126.611,
          "Actual Rows": 4,
          "Actual Loops": 1,
          "Workers Planned": 3,
          "Workers Launched": 3,
          "Single Copy": false,
          "Plans": [
            {
              "Node Type": "Aggregate",
              "Strategy": "Plain",
              "Partial Mode": "Partial",
              "Parent Relationship": "Outer",
              "Parallel Aware": false,
              "Startup Cost": 31135.97,
              "Total Cost": 31135.98,
              "Plan Rows": 1,
              "Plan Width": 8,
              "Actual Startup Time": 112.67,
              "Actual Total Time": 112.671,
              "Actual Rows": 1,
              "Actual Loops": 4,
              "Plans": [
                {
                  "Node Type": "Seq Scan",
                  "Parent Relationship": "Outer",
                  "Parallel Aware": true,
                  "Relation Name": "movie_companies",
                  "Alias": "mc",
                  "Startup Cost": 0.0,
                  "Total Cost": 29310.68,
                  "Plan Rows": 730114,
                  "Plan Width": 0,
                  "Actual Startup Time": 0.033,
                  "Actual Total Time": 86.541,
                  "Actual Rows": 565368,
                  "Actual Loops": 4,
                  "Filter": "(company_id < 88485)",
                  "Rows Removed by Filter": 86914
                }
              ]
            }
          ]
        }
      ]
    },
    "Planning Time": 0.122,
    "Triggers": [],
    "Execution Time": 126.66
  }
]