[
  {
    "Plan": {
      "Node Type": "Aggregate",
      "Strategy": "Plain",
      "Partial Mode": "Finalize",
      "Parallel Aware": false,
      "Startup Cost": 33079.5,
      "Total Cost": 33079.51,
      "Plan Rows": 1,
      "Plan Width": 8,
      "Actual Startup Time": 95.193,
      "Actual Total Time": 101.167,
      "Actual Rows": 1,
      "Actual Loops": 1,
      "Plans": [
        {
          "Node Type": "Gather",
          "Parent Relationship": "Outer",
          "Parallel Aware": false,
          "Startup Cost": 33079.18,
          "Total Cost": 33079.49,
          "Plan Rows": 3,
          "Plan Width": 8,
          "Actual Startup Time": 95.091,
          "Actual Total Time": 101.159,
          "Actual Rows": 4,
          "Actual Loops": 1,
          "Workers Planned": 3,
          "Workers Launched": 3,
          "Single Copy": false,
          "Plans": [
            {
              "Node Type": "Aggregate",
              "Strategy": "Plain",
              "Partial Mode": "Partial",
              "Parent Relationship": "Outer",
              "Parallel Aware": false,
              "Startup Cost": 32079.18,
              "Total Cost": 32079.19,
              "Plan Rows": 1,
              "Plan Width": 8,
              "Actual Startup Time": 86.761,
              "Actual Total Time": 86.762,
              "Actual Rows": 1,
              "Actual Loops": 4,
              "Plans": [
                {
                  "Node Type": "Seq Scan",
                  "Parent Relationship": "Outer",
                  "Parallel Aware": true,
                  "Relation Name": "movie_companies",
                  "Alias": "mc",
                  "Startup Cost": 0.0,
                  "Total Cost": 31414.82,
                  "Plan Rows": 265745,
                  "Plan Width": 0,
                  "Actual Startup Time": 49.521,
                  "Actual Total Time": 81.149,
                  "Actual Rows": 129216,
                  "Actual Loops": 4,
                  "Filter": "((company_id < 16724) AND (company_type_id = 2))",
                  "Rows Removed by Filter": 523066
                }
              ]
            }
          ]
        }
      ]
    },
    "Planning Time": 0.218,
    "Triggers": [],
    "Execution Time": 101.233
  }
]