{
  "Plan": {
    "Node Type": "Aggregate",
    "Strategy": "Plain",
    "Partial Mode": "Finalize",
    "Parallel Aware": false,
    "Startup Cost": 82788.76,
    "Total Cost": 82788.77,
    "Plan Rows": 1,
    "Plan Width": 8,
    "Actual Startup Time": 159.471,
    "Actual Total Time": 169.227,
    "Actual Rows": 1,
    "Actual Loops": 1,
    "Plans": [
      {
        "Node Type": "Gather",
        "Parent Relationship": "Outer",
        "Parallel Aware": false,
        "Startup Cost": 82788.65,
        "Total Cost": 82788.76,
        "Plan Rows": 1,
        "Plan Width": 8,
        "Actual Startup Time": 158.935,
        "Actual Total Time": 169.22,
        "Actual Rows": 2,
        "Actual Loops": 1,
        "Workers Planned": 1,
        "Workers Launched": 1,
        "Single Copy": false,
        "Plans": [
          {
            "Node Type": "Aggregate",
            "Strategy": "Plain",
            "Partial Mode": "Partial",
            "Parent Relationship": "Outer",
            "Parallel Aware": false,
            "Startup Cost": 81788.65,
            "Total Cost": 81788.66,
            "Plan Rows": 1,
            "Plan Width": 8,
            "Actual Startup Time": 152.945,
            "Actual Total Time": 152.948,
            "Actual Rows": 1,
            "Actual Loops": 2,
            "Plans": [
              {
                "Node Type": "Hash Join",
                "Parent Relationship": "Outer",
                "Parallel Aware": true,
                "Join Type": "Inner",
                "Startup Cost": 56117.67,
                "Total Cost": 81783.71,
                "Plan Rows": 1976,
                "Plan Width": 0,
                "Actual Startup Time": 136.231,
                "Actual Total Time": 152.859,
                "Actual Rows": 1166,
                "Actual Loops": 2,
                "Inner Unique": true,
                "Hash Cond": "(mk.movie_id = t.id)",
                "Plans": [
                  {
                    "Node Type": "Bitmap Heap Scan",
                    "Parent Relationship": "Outer",
                    "Parallel Aware": true,
                    "Relation Name": "movie_keyword",
                    "Alias": "mk",
                    "Startup Cost": 875.35,
                    "Total Cost": 26477.85,
                    "Plan Rows": 24206,
                    "Plan Width": 4,
                    "Actual Startup Time": 4.684,
                    "Actual Total Time": 24.382,
                    "Actual Rows": 18204,
                    "Actual Loops": 2,
                    "Recheck Cond": "(keyword_id < 43)",
                    "Rows Removed by Index Recheck": 0,
                    "Exact Heap Blocks": 10099,
                    "Lossy Heap Blocks": 0,
                    "Plans": [
                      {
                        "Node Type": "Bitmap Index Scan",
                        "Parent Relationship": "Outer",
                        "Parallel Aware": false,
                        "Index Name": "keyword_id_movie_keyword",
                        "Startup Cost": 0.0,
                        "Total Cost": 865.06,
                        "Plan Rows": 41150,
                        "Plan Width": 0,
                        "Actual Startup Time": 2.8,
                        "Actual Total Time": 2.801,
                        "Actual Rows": 36407,
                        "Actual Loops": 1,
                        "Index Cond": "(keyword_id < 43)"
                      }
                    ]
                  },
                  {
                    "Node Type": "Hash",
                    "Parent Relationship": "Inner",
                    "Parallel Aware": true,
                    "Startup Cost": 53724.71,
                    "Total Cost": 53724.71,
                    "Plan Rows": 121409,
                    "Plan Width": 4,
                    "Actual Startup Time": 120.435,
                    "Actual Total Time": 120.436,
                    "Actual Rows": 91196,
                    "Actual Loops": 2,
                    "Hash Buckets": 262144,
                    "Original Hash Buckets": 262144,
                    "Hash Batches": 1,
                    "Original Hash Batches": 1,
                    "Peak Memory Usage": 9216,
                    "Plans": [
                      {
                        "Node Type": "Bitmap Heap Scan",
                        "Parent Relationship": "Outer",
                        "Parallel Aware": true,
                        "Relation Name": "title",
                        "Alias": "t",
                        "Startup Cost": 11874.45,
                        "Total Cost": 53724.71,
                        "Plan Rows": 121409,
                        "Plan Width": 4,
                        "Actual Startup Time": 36.316,
                        "Actual Total Time": 99.657,
                        "Actual Rows": 91196,
                        "Actual Loops": 2,
                        "Recheck Cond": "(kind_id = 1)",
                        "Rows Removed by Index Recheck": 0,
                        "Filter": "(production_year > 2007)",
                        "Rows Removed by Filter": 240216,
                        "Exact Heap Blocks": 8531,
                        "Lossy Heap Blocks": 0,
                        "Plans": [
                          {
                            "Node Type": "Bitmap Index Scan",
                            "Parent Relationship": "Outer",
                            "Parallel Aware": false,
                            "Index Name": "kind_id_title",
                            "Startup Cost": 0.0,
                            "Total Cost": 11822.85,
                            "Plan Rows": 663256,
                            "Plan Width": 0,
                            "Actual Startup Time": 36.893,
                            "Actual Total Time": 36.894,
                            "Actual Rows": 662825,
                            "Actual Loops": 1,
                            "Index Cond": "(kind_id = 1)"
                          }
                        ]
                      }
                    ]
                  }
                ]
              }
            ]
          }
        ]
      }
    ]
  },
  "Planning Time": 0.552,
  "Triggers": [],
  "Execution Time": 169.322
}