[
  {
    "Plan": {
      "Node Type": "Aggregate",
      "Strategy": "Plain",
      "Partial Mode": "Finalize",
      "Parallel Aware": false,
      "Startup Cost": 304489.68,
      "Total Cost": 304489.69,
      "Plan Rows": 1,
      "Plan Width": 8,
      "Actual Startup Time": 4425.469,
      "Actual Total Time": 4468.981,
      "Actual Rows": 1,
      "Actual Loops": 1,
      "Plans": [
        {
          "Node Type": "Gather",
          "Parent Relationship": "Outer",
          "Parallel Aware": false,
          "Startup Cost": 304489.16,
          "Total Cost": 304489.67,
          "Plan Rows": 5,
          "Plan Width": 8,
          "Actual Startup Time": 4406.298,
          "Actual Total Time": 4468.973,
          "Actual Rows": 6,
          "Actual Loops": 1,
          "Workers Planned": 5,
          "Workers Launched": 5,
          "Single Copy": false,
          "Plans": [
            {
              "Node Type": "Aggregate",
              "Strategy": "Plain",
              "Partial Mode": "Partial",
              "Parent Relationship": "Outer",
              "Parallel Aware": false,
              "Startup Cost": 303489.16,
              "Total Cost": 303489.17,
              "Plan Rows": 1,
              "Plan Width": 8,
              "Actual Startup Time": 4394.693,
              "Actual Total Time": 4394.7,
              "Actual Rows": 1,
              "Actual Loops": 6,
              "Plans": [
                {
                  "Node Type": "Hash Join",
                  "Parent Relationship": "Outer",
                  "Parallel Aware": true,
                  "Join Type": "Inner",
                  "Startup Cost": 95736.57,
                  "Total Cost": 301335.39,
                  "Plan Rows": 861506,
                  "Plan Width": 0,
                  "Actual Startup Time": 541.408,
                  "Actual Total Time": 3271.568,
                  "Actual Rows": 23876951,
                  "Actual Loops": 6,
                  "Inner Unique": false,
                  "Hash Cond": "(mi.movie_id = t.id)",
                  "Plans": [
                    {
                      "Node Type": "Seq Scan",
                      "Parent Relationship": "Outer",
                      "Parallel Aware": true,
                      "Relation Name": "movie_info",
                      "Alias": "mi",
                      "Startup Cost": 0.0,
                      "Total Cost": 191685.19,
                      "Plan Rows": 2969219,
                      "Plan Width": 4,
                      "Actual Startup Time": 0.058,
                      "Actual Total Time": 318.55,
                      "Actual Rows": 2472620,
                      "Actual Loops": 6
                    },
                    {
                      "Node Type": "Hash",
                      "Parent Relationship": "Inner",
                      "Parallel Aware": true,
                      "Startup Cost": 92778.46,
                      "Total Cost": 92778.46,
                      "Plan Rows": 236649,
                      "Plan Width": 8,
                      "Actual Startup Time": 537.332,
                      "Actual Total Time": 537.338,
                      "Actual Rows": 342011,
                      "Actual Loops": 6,
                      "Hash Buckets": 2097152,
                      "Original Hash Buckets": 1048576,
                      "Hash Batches": 1,
                      "Original Hash Batches": 1,
                      "Peak Memory Usage": 104960,
                      "Plans": [
                        {
                          "Node Type": "Hash Join",
                          "Parent Relationship": "Outer",
                          "Parallel Aware": true,
                          "Join Type": "Inner",
                          "Startup Cost": 47157.42,
                          "Total Cost": 92778.46,
                          "Plan Rows": 236649,
                          "Plan Width": 8,
                          "Actual Startup Time": 163.456,
                          "Actual Total Time": 387.908,
                          "Actual Rows": 342011,
                          "Actual Loops": 6,
                          "Inner Unique": true,
                          "Hash Cond": "(mk.movie_id = t.id)",
                          "Plans": [
                            {
                              "Node Type": "Seq Scan",
                              "Parent Relationship": "Outer",
                              "Parallel Aware": true,
                              "Relation Name": "movie_keyword",
                              "Alias": "mk",
                              "Startup Cost": 0.0,
                              "Total Cost": 42695.65,
                              "Plan Rows": 1114430,
                              "Plan Width": 4,
                              "Actual Startup Time": 0.041,
                              "Actual Total Time": 111.929,
                              "Actual Rows": 577060,
                              "Actual Loops": 6,
                              "Filter": "(keyword_id < 16526)",
                              "Rows Removed by Filter": 176928
                            },
                            {
                              "Node Type": "Hash",
                              "Parent Relationship": "Inner",
                              "Parallel Aware": true,
                              "Startup Cost": 45479.59,
                              "Total Cost": 45479.59,
                              "Plan Rows": 134227,
                              "Plan Width": 4,
                              "Actual Startup Time": 161.353,
                              "Actual Total Time": 161.355,
                              "Actual Rows": 94157,
                              "Actual Loops": 6,
                              "Hash Buckets": 1048576,
                              "Original Hash Buckets": 1048576,
                              "Hash Batches": 1,
                              "Original Hash Batches": 1,
                              "Peak Memory Usage": 30368,
                              "Plans": [
                                {
                                  "Node Type": "Seq Scan",
                                  "Parent Relationship": "Outer",
                                  "Parallel Aware": true,
                                  "Relation Name": "title",
                                  "Alias": "t",
                                  "Startup Cost": 0.0,
                                  "Total Cost": 45479.59,
                                  "Plan Rows": 134227,
                                  "Plan Width": 4,
                                  "Actual Startup Time": 0.061,
                                  "Actual Total Time": 102.657,
                                  "Actual Rows": 94157,
                                  "Actual Loops": 6,
                                  "Filter": "((kind_id < 3) AND (production_year < 2009))",
                                  "Rows Removed by Filter": 327228
                                }
                              ]
                            }
                          ]
                        }
                      ]
                    }
                  ]
                }
              ]
            }
          ]
        }
      ]
    },
    "Planning Time": 0.717,
    "Triggers": [],
    "Execution Time": 4469.054
  }
]