[
  {
    "Plan": {
      "Node Type": "Aggregate",
      "Strategy": "Plain",
      "Partial Mode": "Finalize",
      "Parallel Aware": false,
      "Startup Cost": 46483.98,
      "Total Cost": 46483.99,
      "Plan Rows": 1,
      "Plan Width": 8,
      "Actual Startup Time": 77.838,
      "Actual Total Time": 89.625,
      "Actual Rows": 1,
      "Actual Loops": 1,
      "Plans": [
        {
          "Node Type": "Gather",
          "Parent Relationship": "Outer",
          "Parallel Aware": false,
          "Startup Cost": 46483.56,
          "Total Cost": 46483.97,
          "Plan Rows": 4,
          "Plan Width": 8,
          "Actual Startup Time": 77.712,
          "Actual Total Time": 89.617,
          "Actual Rows": 5,
          "Actual Loops": 1,
          "Workers Planned": 4,
          "Workers Launched": 4,
          "Single Copy": false,
          "Plans": [
            {
              "Node Type": "Aggregate",
              "Strategy": "Plain",
              "Partial Mode": "Partial",
              "Parent Relationship": "Outer",
              "Parallel Aware": false,
              "Startup Cost": 45483.56,
              "Total Cost": 45483.57,
              "Plan Rows": 1,
              "Plan Width": 8,
              "Actual Startup Time": 73.782,
              "Actual Total Time": 73.783,
              "Actual Rows": 1,
              "Actual Loops": 5,
              "Plans": [
                {
                  "Node Type": "Seq Scan",
                  "Parent Relationship": "Outer",
                  "Parallel Aware": true,
                  "Relation Name": "title",
                  "Alias": "t",
                  "Startup Cost": 0.0,
                  "Total Cost": 45479.1,
                  "Plan Rows": 1784,
                  "Plan Width": 0,
                  "Actual Startup Time": 0.463,
                  "Actual Total Time": 73.62,
                  "Actual Rows": 1356,
                  "Actual Loops": 5,
                  "Filter": "((kind_id < 4) AND (production_year = 1986))",
                  "Rows Removed by Filter": 504306
                }
              ]
            }
          ]
        }
      ]
    },
    "Planning Time": 0.101,
    "Triggers": [],
    "Execution Time": 89.661
  }
]