[
  {
    "Plan": {
      "Node Type": "Aggregate",
      "Strategy": "Plain",
      "Partial Mode": "Finalize",
      "Parallel Aware": false,
      "Startup Cost": 99721.0,
      "Total Cost": 99721.01,
      "Plan Rows": 1,
      "Plan Width": 8,
      "Actual Startup Time": 486.672,
      "Actual Total Time": 502.015,
      "Actual Rows": 1,
      "Actual Loops": 1,
      "Plans": [
        {
          "Node Type": "Gather",
          "Parent Relationship": "Outer",
          "Parallel Aware": false,
          "Startup Cost": 99720.79,
          "Total Cost": 99721.0,
          "Plan Rows": 2,
          "Plan Width": 8,
          "Actual Startup Time": 482.909,
          "Actual Total Time": 502.008,
          "Actual Rows": 3,
          "Actual Loops": 1,
          "Workers Planned": 2,
          "Workers Launched": 2,
          "Single Copy": false,
          "Plans": [
            {
              "Node Type": "Aggregate",
              "Strategy": "Plain",
              "Partial Mode": "Partial",
              "Parent Relationship": "Outer",
              "Parallel Aware": false,
              "Startup Cost": 98720.79,
              "Total Cost": 98720.8,
              "Plan Rows": 1,
              "Plan Width": 8,
              "Actual Startup Time": 479.378,
              "Actual Total Time": 479.633,
              "Actual Rows": 1,
              "Actual Loops": 3,
              "Plans": [
                {
                  "Node Type": "Hash Join",
                  "Parent Relationship": "Outer",
                  "Parallel Aware": true,
                  "Join Type": "Inner",
                  "Startup Cost": 82630.38,
                  "Total Cost": 98612.09,
                  "Plan Rows": 43480,
                  "Plan Width": 0,
                  "Actual Startup Time": 399.962,
                  "Actual Total Time": 470.912,
                  "Actual Rows": 189105,
                  "Actual Loops": 3,
                  "Inner Unique": false,
                  "Hash Cond": "(mi_idx.movie_id = t.id)",
                  "Plans": [
                    {
                      "Node Type": "Seq Scan",
                      "Parent Relationship": "Outer",
                      "Parallel Aware": true,
                      "Relation Name": "movie_info_idx",
                      "Alias": "mi_idx",
                      "Startup Cost": 0.0,
                      "Total Cost": 13685.15,
                      "Plan Rows": 575015,
                      "Plan Width": 4,
                      "Actual Startup Time": 0.013,
                      "Actual Total Time": 42.013,
                      "Actual Rows": 460012,
                      "Actual Loops": 3
                    },
                    {
                      "Node Type": "Hash",
                      "Parent Relationship": "Inner",
                      "Parallel Aware": true,
                      "Startup Cost": 81859.45,
                      "Total Cost": 81859.45,
                      "Plan Rows": 61674,
                      "Plan Width": 8,
                      "Actual Startup Time": 360.593,
                      "Actual Total Time": 360.845,
                      "Actual Rows": 151824,
                      "Actual Loops": 3,
                      "Hash Buckets": 524288,
                      "Original Hash Buckets": 262144,
                      "Hash Batches": 1,
                      "Original Hash Batches": 1,
                      "Peak Memory Usage": 24000,
                      "Plans": [
                        {
                          "Node Type": "Hash Join",
                          "Parent Relationship": "Outer",
                          "Parallel Aware": true,
                          "Join Type": "Inner",
                          "Startup Cost": 38981.37,
                          "Total Cost": 81859.45,
                          "Plan Rows": 61674,
                          "Plan Width": 8,
                          "Actual Startup Time": 99.676,
                          "Actual Total Time": 318.347,
                          "Actual Rows": 151824,
                          "Actual Loops": 3,
                          "Inner Unique": true,
                          "Hash Cond": "(mk.movie_id = t.id)",
                          "Plans": [
                            {
                              "Node Type": "Seq Scan",
                              "Parent Relationship": "Outer",
                              "Parallel Aware": true,
                              "Relation Name": "movie_keyword",
                              "Alias": "mk",
                              "Startup Cost": 0.0,
                              "Total Cost": 39047.32,
                              "Plan Rows": 1459332,
                              "Plan Width": 4,
                              "Actual Startup Time": 0.023,
                              "Actual Total Time": 122.557,
                              "Actual Rows": 1507977,
                              "Actual Loops": 3
                            },
                            {
                              "Node Type": "Hash",
                              "Parent Relationship": "Inner",
                              "Parallel Aware": true,
                              "Startup Cost": 38647.44,
                              "Total Cost": 38647.44,
                              "Plan Rows": 26714,
                              "Plan Width": 4,
                              "Actual Startup Time": 50.126,
                              "Actual Total Time": 50.128,
                              "Actual Rows": 37195,
                              "Actual Loops": 3,
                              "Hash Buckets": 131072,
                              "Original Hash Buckets": 131072,
                              "Hash Batches": 1,
                              "Original Hash Batches": 1,
                              "Peak Memory Usage": 5440,
                              "Plans": [
                                {
                                  "Node Type": "Bitmap Heap Scan",
                                  "Parent Relationship": "Outer",
                                  "Parallel Aware": true,
                                  "Relation Name": "title",
                                  "Alias": "t",
                                  "Startup Cost": 2194.01,
                                  "Total Cost": 38647.44,
                                  "Plan Rows": 26714,
                                  "Plan Width": 4,
                                  "Actual Startup Time": 8.665,
                                  "Actual Total Time": 39.046,
                                  "Actual Rows": 37195,
                                  "Actual Loops": 3,
                                  "Recheck Cond": "(kind_id = 4)",
                                  "Rows Removed by Index Recheck": 0,
                                  "Filter": "(production_year < 2012)",
                                  "Rows Removed by Filter": 2216,
                                  "Exact Heap Blocks": 6993,
                                  "Lossy Heap Blocks": 0,
                                  "Plans": [
                                    {
                                      "Node Type": "Bitmap Index Scan",
                                      "Parent Relationship": "Outer",
                                      "Parallel Aware": false,
                                      "Index Name": "kind_id_title",
                                      "Startup Cost": 0.0,
                                      "Total Cost": 2167.3,
                                      "Plan Rows": 121449,
                                      "Plan Width": 0,
                                      "Actual Startup Time": 7.248,
                                      "Actual Total Time": 7.248,
                                      "Actual Rows": 118234,
                                      "Actual Loops": 1,
                                      "Index Cond": "(kind_id = 4)"
                                    }
                                  ]
                                }
                              ]
                            }
                          ]
                        }
                      ]
                    }
                  ]
                }
              ]
            }
          ]
        }
      ]
    },
    "Planning Time": 0.533,
    "Triggers": [],
    "Execution Time": 502.071
  }
]