[
  {
    "Plan": {
      "Node Type": "Aggregate",
      "Strategy": "Plain",
      "Partial Mode": "Finalize",
      "Parallel Aware": false,
      "Startup Cost": 33347.13,
      "Total Cost": 33347.14,
      "Plan Rows": 1,
      "Plan Width": 8,
      "Actual Startup Time": 101.964,
      "Actual Total Time": 108.144,
      "Actual Rows": 1,
      "Actual Loops": 1,
      "Plans": [
        {
          "Node Type": "Gather",
          "Parent Relationship": "Outer",
          "Parallel Aware": false,
          "Startup Cost": 33346.81,
          "Total Cost": 33347.12,
          "Plan Rows": 3,
          "Plan Width": 8,
          "Actual Startup Time": 101.865,
          "Actual Total Time": 108.137,
          "Actual Rows": 4,
          "Actual Loops": 1,
          "Workers Planned": 3,
          "Workers Launched": 3,
          "Single Copy": false,
          "Plans": [
            {
              "Node Type": "Aggregate",
              "Strategy": "Plain",
              "Partial Mode": "Partial",
              "Parent Relationship": "Outer",
              "Parallel Aware": false,
              "Startup Cost": 32346.81,
              "Total Cost": 32346.82,
              "Plan Rows": 1,
              "Plan Width": 8,
              "Actual Startup Time": 95.341,
              "Actual Total Time": 95.342,
              "Actual Rows": 1,
              "Actual Loops": 4,
              "Plans": [
                {
                  "Node Type": "Seq Scan",
                  "Parent Relationship": "Outer",
                  "Parallel Aware": true,
                  "Relation Name": "movie_companies",
                  "Alias": "mc",
                  "Startup Cost": 0.0,
                  "Total Cost": 31414.82,
                  "Plan Rows": 372796,
                  "Plan Width": 0,
                  "Actual Startup Time": 0.036,
                  "Actual Total Time": 77.589,
                  "Actual Rows": 318562,
                  "Actual Loops": 4,
                  "Filter": "((company_id < 99490) AND (company_type_id < 2))",
                  "Rows Removed by Filter": 333721
                }
              ]
            }
          ]
        }
      ]
    },
    "Planning Time": 0.211,
    "Triggers": [],
    "Execution Time": 108.2
  }
]