[
  {
    "Plan": {
      "Node Type": "Aggregate",
      "Strategy": "Plain",
      "Partial Mode": "Finalize",
      "Parallel Aware": false,
      "Startup Cost": 91543.67,
      "Total Cost": 91543.68,
      "Plan Rows": 1,
      "Plan Width": 8,
      "Actual Startup Time": 408.188,
      "Actual Total Time": 433.092,
      "Actual Rows": 1,
      "Actual Loops": 1,
      "Plans": [
        {
          "Node Type": "Gather",
          "Parent Relationship": "Outer",
          "Parallel Aware": false,
          "Startup Cost": 91543.35,
          "Total Cost": 91543.66,
          "Plan Rows": 3,
          "Plan Width": 8,
          "Actual Startup Time": 405.985,
          "Actual Total Time": 433.079,
          "Actual Rows": 4,
          "Actual Loops": 1,
          "Workers Planned": 3,
          "Workers Launched": 3,
          "Single Copy": false,
          "Plans": [
            {
              "Node Type": "Aggregate",
              "Strategy": "Plain",
              "Partial Mode": "Partial",
              "Parent Relationship": "Outer",
              "Parallel Aware": false,
              "Startup Cost": 90543.35,
              "Total Cost": 90543.36,
              "Plan Rows": 1,
              "Plan Width": 8,
              "Actual Startup Time": 397.322,
              "Actual Total Time": 397.327,
              "Actual Rows": 1,
              "Actual Loops": 4,
              "Plans": [
                {
                  "Node Type": "Hash Join",
                  "Parent Relationship": "Outer",
                  "Parallel Aware": true,
                  "Join Type": "Inner",
                  "Startup Cost": 46504.45,
                  "Total Cost": 90395.59,
                  "Plan Rows": 59103,
                  "Plan Width": 0,
                  "Actual Startup Time": 211.901,
                  "Actual Total Time": 387.332,
                  "Actual Rows": 152535,
                  "Actual Loops": 4,
                  "Inner Unique": true,
                  "Hash Cond": "(mk.movie_id = t.id)",
                  "Plans": [
                    {
                      "Node Type": "Seq Scan",
                      "Parent Relationship": "Outer",
                      "Parallel Aware": true,
                      "Relation Name": "movie_keyword",
                      "Alias": "mk",
                      "Startup Cost": 0.0,
                      "Total Cost": 42695.65,
                      "Plan Rows": 455425,
                      "Plan Width": 4,
                      "Actual Startup Time": 1.087,
                      "Actual Total Time": 139.069,
                      "Actual Rows": 353900,
                      "Actual Loops": 4,
                      "Filter": "(keyword_id > 11800)",
                      "Rows Removed by Filter": 777082
                    },
                    {
                      "Node Type": "Hash",
                      "Parent Relationship": "Inner",
                      "Parallel Aware": true,
                      "Startup Cost": 45479.1,
                      "Total Cost": 45479.1,
                      "Plan Rows": 82028,
                      "Plan Width": 4,
                      "Actual Startup Time": 170.988,
                      "Actual Total Time": 170.99,
                      "Actual Rows": 102880,
                      "Actual Loops": 4,
                      "Hash Buckets": 524288,
                      "Original Hash Buckets": 524288,
                      "Hash Batches": 1,
                      "Original Hash Batches": 1,
                      "Peak Memory Usage": 20288,
                      "Plans": [
                        {
                          "Node Type": "Seq Scan",
                          "Parent Relationship": "Outer",
                          "Parallel Aware": true,
                          "Relation Name": "title",
                          "Alias": "t",
                          "Startup Cost": 0.0,
                          "Total Cost": 45479.1,
                          "Plan Rows": 82028,
                          "Plan Width": 4,
                          "Actual Startup Time": 72.893,
                          "Actual Total Time": 130.811,
                          "Actual Rows": 102880,
                          "Actual Loops": 4,
                          "Filter": "((production_year < 2004) AND (kind_id = 1))",
                          "Rows Removed by Filter": 529198
                        }
                      ]
                    }
                  ]
                }
              ]
            }
          ]
        }
      ]
    },
    "Planning Time": 0.56,
    "Triggers": [],
    "Execution Time": 433.163
  }
]