[
  {
    "Plan": {
      "Node Type": "Aggregate",
      "Strategy": "Plain",
      "Partial Mode": "Finalize",
      "Parallel Aware": false,
      "Startup Cost": 95785.5,
      "Total Cost": 95785.51,
      "Plan Rows": 1,
      "Plan Width": 8,
      "Actual Startup Time": 451.59,
      "Actual Total Time": 471.766,
      "Actual Rows": 1,
      "Actual Loops": 1,
      "Plans": [
        {
          "Node Type": "Gather",
          "Parent Relationship": "Outer",
          "Parallel Aware": false,
          "Startup Cost": 95785.18,
          "Total Cost": 95785.49,
          "Plan Rows": 3,
          "Plan Width": 8,
          "Actual Startup Time": 445.125,
          "Actual Total Time": 471.757,
          "Actual Rows": 4,
          "Actual Loops": 1,
          "Workers Planned": 3,
          "Workers Launched": 3,
          "Single Copy": false,
          "Plans": [
            {
              "Node Type": "Aggregate",
              "Strategy": "Plain",
              "Partial Mode": "Partial",
              "Parent Relationship": "Outer",
              "Parallel Aware": false,
              "Startup Cost": 94785.18,
              "Total Cost": 94785.19,
              "Plan Rows": 1,
              "Plan Width": 8,
              "Actual Startup Time": 433.722,
              "Actual Total Time": 433.729,
              "Actual Rows": 1,
              "Actual Loops": 4,
              "Plans": [
                {
                  "Node Type": "Hash Join",
                  "Parent Relationship": "Outer",
                  "Parallel Aware": true,
                  "Join Type": "Inner",
                  "Startup Cost": 64594.22,
                  "Total Cost": 94752.56,
                  "Plan Rows": 13048,
                  "Plan Width": 0,
                  "Actual Startup Time": 347.536,
                  "Actual Total Time": 430.868,
                  "Actual Rows": 52776,
                  "Actual Loops": 4,
                  "Inner Unique": false,
                  "Hash Cond": "(mc.movie_id = t.id)",
                  "Plans": [
                    {
                      "Node Type": "Seq Scan",
                      "Parent Relationship": "Outer",
                      "Parallel Aware": true,
                      "Relation Name": "movie_companies",
                      "Alias": "mc",
                      "Startup Cost": 0.0,
                      "Total Cost": 29310.68,
                      "Plan Rows": 211543,
                      "Plan Width": 4,
                      "Actual Startup Time": 24.387,
                      "Actual Total Time": 71.482,
                      "Actual Rows": 162364,
                      "Actual Loops": 4,
                      "Filter": "(company_id > 54895)",
                      "Rows Removed by Filter": 489918
                    },
                    {
                      "Node Type": "Hash",
                      "Parent Relationship": "Inner",
                      "Parallel Aware": true,
                      "Startup Cost": 63781.96,
                      "Total Cost": 63781.96,
                      "Plan Rows": 64981,
                      "Plan Width": 8,
                      "Actual Startup Time": 321.298,
                      "Actual Total Time": 321.304,
                      "Actual Rows": 68310,
                      "Actual Loops": 4,
                      "Hash Buckets": 524288,
                      "Original Hash Buckets": 262144,
                      "Hash Batches": 1,
                      "Original Hash Batches": 1,
                      "Peak Memory Usage": 16896,
                      "Plans": [
                        {
                          "Node Type": "Hash Join",
                          "Parent Relationship": "Outer",
                          "Parallel Aware": true,
                          "Join Type": "Inner",
                          "Startup Cost": 48155.64,
                          "Total Cost": 63781.96,
                          "Plan Rows": 64981,
                          "Plan Width": 8,
                          "Actual Startup Time": 198.638,
                          "Actual Total Time": 286.466,
                          "Actual Rows": 68310,
                          "Actual Loops": 4,
                          "Inner Unique": true,
                          "Hash Cond": "(mi_idx.movie_id = t.id)",
                          "Plans": [
                            {
                              "Node Type": "Seq Scan",
                              "Parent Relationship": "Outer",
                              "Parallel Aware": true,
                              "Relation Name": "movie_info_idx",
                              "Alias": "mi_idx",
                              "Startup Cost": 0.0,
                              "Total Cost": 15122.68,
                              "Plan Rows": 191863,
                              "Plan Width": 4,
                              "Actual Startup Time": 0.018,
                              "Actual Total Time": 39.244,
                              "Actual Rows": 114981,
                              "Actual Loops": 4,
                              "Filter": "(info_type_id = 100)",
                              "Rows Removed by Filter": 230028
                            },
                            {
                              "Node Type": "Hash",
                              "Parent Relationship": "Inner",
                              "Parallel Aware": true,
                              "Startup Cost": 45479.59,
                              "Total Cost": 45479.59,
                              "Plan Rows": 214084,
                              "Plan Width": 4,
                              "Actual Startup Time": 195.449,
                              "Actual Total Time": 195.451,
                              "Actual Rows": 192488,
                              "Actual Loops": 4,
                              "Hash Buckets": 1048576,
                              "Original Hash Buckets": 1048576,
                              "Hash Batches": 1,
                              "Original Hash Batches": 1,
                              "Peak Memory Usage": 38368,
                              "Plans": [
                                {
                                  "Node Type": "Seq Scan",
                                  "Parent Relationship": "Outer",
                                  "Parallel Aware": true,
                                  "Relation Name": "title",
                                  "Alias": "t",
                                  "Startup Cost": 0.0,
                                  "Total Cost": 45479.59,
                                  "Plan Rows": 214084,
                                  "Plan Width": 4,
                                  "Actual Startup Time": 0.069,
                                  "Actual Total Time": 119.006,
                                  "Actual Rows": 192488,
                                  "Actual Loops": 4,
                                  "Filter": "((kind_id < 7) AND (production_year > 1962))",
                                  "Rows Removed by Filter": 439590
                                }
                              ]
                            }
                          ]
                        }
                      ]
                    }
                  ]
                }
              ]
            }
          ]
        }
      ]
    },
    "Planning Time": 0.693,
    "Triggers": [],
    "Execution Time": 471.819
  }
]