{
  "Plan": {
    "Node Type": "Aggregate",
    "Strategy": "Plain",
    "Partial Mode": "Finalize",
    "Parallel Aware": false,
    "Startup Cost": 344246.68,
    "Total Cost": 344246.69,
    "Plan Rows": 1,
    "Plan Width": 8,
    "Actual Startup Time": 1876.429,
    "Actual Total Time": 1927.206,
    "Actual Rows": 1,
    "Actual Loops": 1,
    "Plans": [
      {
        "Node Type": "Gather",
        "Parent Relationship": "Outer",
        "Parallel Aware": false,
        "Startup Cost": 344246.57,
        "Total Cost": 344246.68,
        "Plan Rows": 1,
        "Plan Width": 8,
        "Actual Startup Time": 1874.946,
        "Actual Total Time": 1927.195,
        "Actual Rows": 2,
        "Actual Loops": 1,
        "Workers Planned": 1,
        "Workers Launched": 1,
        "Single Copy": false,
        "Plans": [
          {
            "Node Type": "Aggregate",
            "Strategy": "Plain",
            "Partial Mode": "Partial",
            "Parent Relationship": "Outer",
            "Parallel Aware": false,
            "Startup Cost": 343246.57,
            "Total Cost": 343246.58,
            "Plan Rows": 1,
            "Plan Width": 8,
            "Actual Startup Time": 1868.991,
            "Actual Total Time": 1868.996,
            "Actual Rows": 1,
            "Actual Loops": 2,
            "Plans": [
              {
                "Node Type": "Hash Join",
                "Parent Relationship": "Outer",
                "Parallel Aware": true,
                "Join Type": "Inner",
                "Startup Cost": 55703.07,
                "Total Cost": 341707.02,
                "Plan Rows": 615821,
                "Plan Width": 0,
                "Actual Startup Time": 229.742,
                "Actual Total Time": 1788.84,
                "Actual Rows": 1607844,
                "Actual Loops": 2,
                "Inner Unique": true,
                "Hash Cond": "(mi.movie_id = t.id)",
                "Plans": [
                  {
                    "Node Type": "Seq Scan",
                    "Parent Relationship": "Outer",
                    "Parallel Aware": true,
                    "Relation Name": "movie_info",
                    "Alias": "mi",
                    "Startup Cost": 0.0,
                    "Total Cost": 270696.42,
                    "Plan Rows": 5831431,
                    "Plan Width": 4,
                    "Actual Startup Time": 39.251,
                    "Actual Total Time": 836.258,
                    "Actual Rows": 4955877,
                    "Actual Loops": 2,
                    "Filter": "(info_type_id > 4)",
                    "Rows Removed by Filter": 2461983
                  },
                  {
                    "Node Type": "Hash",
                    "Parent Relationship": "Inner",
                    "Parallel Aware": true,
                    "Startup Cost": 53739.86,
                    "Total Cost": 53739.86,
                    "Plan Rows": 157057,
                    "Plan Width": 4,
                    "Actual Startup Time": 151.256,
                    "Actual Total Time": 151.258,
                    "Actual Rows": 187098,
                    "Actual Loops": 2,
                    "Hash Buckets": 524288,
                    "Original Hash Buckets": 524288,
                    "Hash Batches": 1,
                    "Original Hash Batches": 1,
                    "Peak Memory Usage": 18784,
                    "Plans": [
                      {
                        "Node Type": "Bitmap Heap Scan",
                        "Parent Relationship": "Outer",
                        "Parallel Aware": true,
                        "Relation Name": "title",
                        "Alias": "t",
                        "Startup Cost": 11889.6,
                        "Total Cost": 53739.86,
                        "Plan Rows": 157057,
                        "Plan Width": 4,
                        "Actual Startup Time": 34.692,
                        "Actual Total Time": 107.664,
                        "Actual Rows": 187098,
                        "Actual Loops": 2,
                        "Recheck Cond": "(kind_id = 1)",
                        "Rows Removed by Index Recheck": 0,
                        "Filter": "(production_year < 2000)",
                        "Rows Removed by Filter": 144314,
                        "Exact Heap Blocks": 9060,
                        "Lossy Heap Blocks": 0,
                        "Plans": [
                          {
                            "Node Type": "Bitmap Index Scan",
                            "Parent Relationship": "Outer",
                            "Parallel Aware": false,
                            "Index Name": "kind_id_title",
                            "Startup Cost": 0.0,
                            "Total Cost": 11822.85,
                            "Plan Rows": 663256,
                            "Plan Width": 0,
                            "Actual Startup Time": 33.005,
                            "Actual Total Time": 33.006,
                            "Actual Rows": 662825,
                            "Actual Loops": 1,
                            "Index Cond": "(kind_id = 1)"
                          }
                        ]
                      }
                    ]
                  }
                ]
              }
            ]
          }
        ]
      }
    ]
  },
  "Planning Time": 0.639,
  "Triggers": [],
  "Execution Time": 1927.308
}