[
  {
    "Plan": {
      "Node Type": "Aggregate",
      "Strategy": "Plain",
      "Partial Mode": "Simple",
      "Parallel Aware": false,
      "Startup Cost": 27601.41,
      "Total Cost": 27601.42,
      "Plan Rows": 1,
      "Plan Width": 8,
      "Actual Startup Time": 44.369,
      "Actual Total Time": 44.37,
      "Actual Rows": 1,
      "Actual Loops": 1,
      "Plans": [
        {
          "Node Type": "Bitmap Heap Scan",
          "Parent Relationship": "Outer",
          "Parallel Aware": false,
          "Relation Name": "movie_keyword",
          "Alias": "mk",
          "Startup Cost": 1845.23,
          "Total Cost": 27384.38,
          "Plan Rows": 86812,
          "Plan Width": 0,
          "Actual Startup Time": 9.735,
          "Actual Total Time": 40.6,
          "Actual Rows": 85646,
          "Actual Loops": 1,
          "Recheck Cond": "(keyword_id > 86166)",
          "Rows Removed by Index Recheck": 0,
          "Exact Heap Blocks": 16273,
          "Lossy Heap Blocks": 0,
          "Plans": [
            {
              "Node Type": "Bitmap Index Scan",
              "Parent Relationship": "Outer",
              "Parallel Aware": false,
              "Index Name": "keyword_id_movie_keyword",
              "Startup Cost": 0.0,
              "Total Cost": 1823.52,
              "Plan Rows": 86812,
              "Plan Width": 0,
              "Actual Startup Time": 6.689,
              "Actual Total Time": 6.689,
              "Actual Rows": 85646,
              "Actual Loops": 1,
              "Index Cond": "(keyword_id > 86166)"
            }
          ]
        }
      ]
    },
    "Planning Time": 0.083,
    "Triggers": [],
    "Execution Time": 44.397
  }
]