{
    "Plan": {
        "Node Type": "Aggregate",
        "Strategy": "Plain",
        "Partial Mode": "Simple",
        "Parallel Aware": false,
        "Startup Cost": 60000458467.22,
        "Total Cost": 60000458467.23,
        "Plan Rows": 1,
        "Plan Width": 96,
        "Actual Startup Time": 25255.247,
        "Actual Total Time": 25255.419,
        "Actual Rows": 1,
        "Actual Loops": 1,
        "Output": [
            "min(cn.name)",
            "min(mi_idx.info)",
            "min(t.title)"
        ],
        "Plans": [
            {
                "Node Type": "Nested Loop",
                "Parent Relationship": "Outer",
                "Parallel Aware": false,
                "Join Type": "Inner",
                "Startup Cost": 60000458314.35,
                "Total Cost": 60000458467.21,
                "Plan Rows": 1,
                "Plan Width": 41,
                "Actual Startup Time": 12382.857,
                "Actual Total Time": 25249.0,
                "Actual Rows": 23142,
                "Actual Loops": 1,
                "Output": [
                    "cn.name",
                    "mi_idx.info",
                    "t.title"
                ],
                "Inner Unique": true,
                "Plans": [
                    {
                        "Node Type": "Merge Join",
                        "Parent Relationship": "Outer",
                        "Parallel Aware": false,
                        "Join Type": "Inner",
                        "Startup Cost": 50000458313.92,
                        "Total Cost": 50000458314.45,
                        "Plan Rows": 34,
                        "Plan Width": 45,
                        "Actual Startup Time": 12382.778,
                        "Actual Total Time": 13414.76,
                        "Actual Rows": 2645425,
                        "Actual Loops": 1,
                        "Output": [
                            "cn.name",
                            "mi_idx.info",
                            "mk.keyword_id",
                            "t.title"
                        ],
                        "Inner Unique": false,
                        "Merge Cond": "(ct.id = mc.company_type_id)",
                        "Plans": [
                            {
                                "Node Type": "Sort",
                                "Parent Relationship": "Outer",
                                "Parallel Aware": false,
                                "Startup Cost": 10000000001.08,
                                "Total Cost": 10000000001.09,
                                "Plan Rows": 4,
                                "Plan Width": 4,
                                "Actual Startup Time": 0.034,
                                "Actual Total Time": 0.036,
                                "Actual Rows": 2,
                                "Actual Loops": 1,
                                "Output": [
                                    "ct.id"
                                ],
                                "Sort Key": [
                                    "ct.id"
                                ],
                                "Sort Method": "quicksort",
                                "Sort Space Used": 25,
                                "Sort Space Type": "Memory",
                                "Plans": [
                                    {
                                        "Node Type": "Seq Scan",
                                        "Parent Relationship": "Outer",
                                        "Parallel Aware": false,
                                        "Relation Name": "company_type",
                                        "Schema": "public",
                                        "Alias": "ct",
                                        "Startup Cost": 10000000000.0,
                                        "Total Cost": 10000000001.04,
                                        "Plan Rows": 4,
                                        "Plan Width": 4,
                                        "Actual Startup Time": 0.024,
                                        "Actual Total Time": 0.026,
                                        "Actual Rows": 4,
                                        "Actual Loops": 1,
                                        "Output": [
                                            "ct.id"
                                        ]
                                    }
                                ]
                            },
                            {
                                "Node Type": "Sort",
                                "Parent Relationship": "Inner",
                                "Parallel Aware": false,
                                "Startup Cost": 40000458312.84,
                                "Total Cost": 40000458312.93,
                                "Plan Rows": 34,
                                "Plan Width": 49,
                                "Actual Startup Time": 12382.736,
                                "Actual Total Time": 12851.97,
                                "Actual Rows": 2645425,
                                "Actual Loops": 1,
                                "Output": [
                                    "cn.name",
                                    "mc.company_type_id",
                                    "mi_idx.info",
                                    "mk.keyword_id",
                                    "t.title"
                                ],
                                "Sort Key": [
                                    "mc.company_type_id"
                                ],
                                "Sort Method": "quicksort",
                                "Sort Space Used": 391940,
                                "Sort Space Type": "Memory",
                                "Plans": [
                                    {
                                        "Node Type": "Nested Loop",
                                        "Parent Relationship": "Outer",
                                        "Parallel Aware": false,
                                        "Join Type": "Inner",
                                        "Startup Cost": 40000458264.14,
                                        "Total Cost": 40000458311.98,
                                        "Plan Rows": 34,
                                        "Plan Width": 49,
                                        "Actual Startup Time": 7800.591,
                                        "Actual Total Time": 11812.973,
                                        "Actual Rows": 2645425,
                                        "Actual Loops": 1,
                                        "Output": [
                                            "cn.name",
                                            "mc.company_type_id",
                                            "mi_idx.info",
                                            "mk.keyword_id",
                                            "t.title"
                                        ],
                                        "Inner Unique": true,
                                        "Plans": [
                                            {
                                                "Node Type": "Hash Join",
                                                "Parent Relationship": "Outer",
                                                "Parallel Aware": false,
                                                "Join Type": "Inner",
                                                "Startup Cost": 40000458263.72,
                                                "Total Cost": 40000458276.6,
                                                "Plan Rows": 65,
                                                "Plan Width": 34,
                                                "Actual Startup Time": 7800.539,
                                                "Actual Total Time": 8160.307,
                                                "Actual Rows": 2812061,
                                                "Actual Loops": 1,
                                                "Output": [
                                                    "mc.company_type_id",
                                                    "mc.company_id",
                                                    "mi_idx.info",
                                                    "mk.keyword_id",
                                                    "t.title"
                                                ],
                                                "Inner Unique": false,
                                                "Hash Cond": "(t.id = mk.movie_id)",
                                                "Plans": [
                                                    {
                                                        "Node Type": "Hash Join",
                                                        "Parent Relationship": "Outer",
                                                        "Parallel Aware": false,
                                                        "Join Type": "Inner",
                                                        "Startup Cost": 40000332021.29,
                                                        "Total Cost": 40000332026.54,
                                                        "Plan Rows": 5,
                                                        "Plan Width": 46,
                                                        "Actual Startup Time": 6883.854,
                                                        "Actual Total Time": 6915.451,
                                                        "Actual Rows": 36939,
                                                        "Actual Loops": 1,
                                                        "Output": [
                                                            "mi.movie_id",
                                                            "mc.movie_id",
                                                            "mc.company_type_id",
                                                            "mc.company_id",
                                                            "mi_idx.info",
                                                            "mi_idx.movie_id",
                                                            "t.title",
                                                            "t.id"
                                                        ],
                                                        "Inner Unique": false,
                                                        "Hash Cond": "(t.id = mc.movie_id)",
                                                        "Plans": [
                                                            {
                                                                "Node Type": "Hash Join",
                                                                "Parent Relationship": "Outer",
                                                                "Parallel Aware": false,
                                                                "Join Type": "Inner",
                                                                "Startup Cost": 40000282860.06,
                                                                "Total Cost": 40000282865.14,
                                                                "Plan Rows": 18,
                                                                "Plan Width": 34,
                                                                "Actual Startup Time": 6669.049,
                                                                "Actual Total Time": 6674.632,
                                                                "Actual Rows": 36567,
                                                                "Actual Loops": 1,
                                                                "Output": [
                                                                    "mi.movie_id",
                                                                    "mi_idx.info",
                                                                    "mi_idx.movie_id",
                                                                    "t.title",
                                                                    "t.id"
                                                                ],
                                                                "Inner Unique": false,
                                                                "Hash Cond": "(it1.id = mi.info_type_id)",
                                                                "Plans": [
                                                                    {
                                                                        "Node Type": "Seq Scan",
                                                                        "Parent Relationship": "Outer",
                                                                        "Parallel Aware": false,
                                                                        "Relation Name": "info_type",
                                                                        "Schema": "public",
                                                                        "Alias": "it1",
                                                                        "Startup Cost": 10000000000.0,
                                                                        "Total Cost": 10000000002.41,
                                                                        "Plan Rows": 1,
                                                                        "Plan Width": 4,
                                                                        "Actual Startup Time": 0.056,
                                                                        "Actual Total Time": 0.066,
                                                                        "Actual Rows": 1,
                                                                        "Actual Loops": 1,
                                                                        "Output": [
                                                                            "it1.id",
                                                                            "it1.info"
                                                                        ],
                                                                        "Filter": "((it1.info)::text = 'countries'::text)",
                                                                        "Rows Removed by Filter": 112
                                                                    },
                                                                    {
                                                                        "Node Type": "Hash",
                                                                        "Parent Relationship": "Inner",
                                                                        "Parallel Aware": false,
                                                                        "Startup Cost": 30000282835.24,
                                                                        "Total Cost": 30000282835.24,
                                                                        "Plan Rows": 1986,
                                                                        "Plan Width": 38,
                                                                        "Actual Startup Time": 6668.962,
                                                                        "Actual Total Time": 6668.973,
                                                                        "Actual Rows": 41562,
                                                                        "Actual Loops": 1,
                                                                        "Output": [
                                                                            "mi_idx.info",
                                                                            "mi_idx.movie_id",
                                                                            "mi.movie_id",
                                                                            "mi.info_type_id",
                                                                            "t.title",
                                                                            "t.id"
                                                                        ],
                                                                        "Hash Buckets": 65536,
                                                                        "Original Hash Buckets": 2048,
                                                                        "Hash Batches": 1,
                                                                        "Original Hash Batches": 1,
                                                                        "Peak Memory Usage": 3393,
                                                                        "Plans": [
                                                                            {
                                                                                "Node Type": "Nested Loop",
                                                                                "Parent Relationship": "Outer",
                                                                                "Parallel Aware": false,
                                                                                "Join Type": "Inner",
                                                                                "Startup Cost": 30000276216.46,
                                                                                "Total Cost": 30000282835.24,
                                                                                "Plan Rows": 1986,
                                                                                "Plan Width": 38,
                                                                                "Actual Startup Time": 6288.977,
                                                                                "Actual Total Time": 6659.71,
                                                                                "Actual Rows": 41562,
                                                                                "Actual Loops": 1,
                                                                                "Output": [
                                                                                    "mi_idx.info",
                                                                                    "mi_idx.movie_id",
                                                                                    "mi.movie_id",
                                                                                    "mi.info_type_id",
                                                                                    "t.title",
                                                                                    "t.id"
                                                                                ],
                                                                                "Inner Unique": true,
                                                                                "Join Filter": "(t.kind_id = kt.id)",
                                                                                "Rows Removed by Join Filter": 64463,
                                                                                "Plans": [
                                                                                    {
                                                                                        "Node Type": "Merge Join",
                                                                                        "Parent Relationship": "Outer",
                                                                                        "Parallel Aware": false,
                                                                                        "Join Type": "Inner",
                                                                                        "Startup Cost": 30000276216.32,
                                                                                        "Total Cost": 30000282624.38,
                                                                                        "Plan Rows": 6951,
                                                                                        "Plan Width": 42,
                                                                                        "Actual Startup Time": 6288.907,
                                                                                        "Actual Total Time": 6643.74,
                                                                                        "Actual Rows": 69648,
                                                                                        "Actual Loops": 1,
                                                                                        "Output": [
                                                                                            "mi_idx.info",
                                                                                            "mi_idx.movie_id",
                                                                                            "mi.movie_id",
                                                                                            "mi.info_type_id",
                                                                                            "t.title",
                                                                                            "t.kind_id",
                                                                                            "t.id"
                                                                                        ],
                                                                                        "Inner Unique": false,
                                                                                        "Merge Cond": "(t.id = mi.movie_id)",
                                                                                        "Plans": [
                                                                                            {
                                                                                                "Node Type": "Sort",
                                                                                                "Parent Relationship": "Outer",
                                                                                                "Parallel Aware": false,
                                                                                                "Startup Cost": 10000194707.05,
                                                                                                "Total Cost": 10000197844.04,
                                                                                                "Plan Rows": 1254799,
                                                                                                "Plan Width": 25,
                                                                                                "Actual Startup Time": 1023.621,
                                                                                                "Actual Total Time": 1209.211,
                                                                                                "Actual Rows": 1259978,
                                                                                                "Actual Loops": 1,
                                                                                                "Output": [
                                                                                                    "t.title",
                                                                                                    "t.kind_id",
                                                                                                    "t.id"
                                                                                                ],
                                                                                                "Sort Key": [
                                                                                                    "t.id"
                                                                                                ],
                                                                                                "Sort Method": "quicksort",
                                                                                                "Sort Space Used": 144519,
                                                                                                "Sort Space Type": "Memory",
                                                                                                "Plans": [
                                                                                                    {
                                                                                                        "Node Type": "Seq Scan",
                                                                                                        "Parent Relationship": "Outer",
                                                                                                        "Parallel Aware": false,
                                                                                                        "Relation Name": "title",
                                                                                                        "Schema": "public",
                                                                                                        "Alias": "t",
                                                                                                        "Startup Cost": 10000000000.0,
                                                                                                        "Total Cost": 10000067602.02,
                                                                                                        "Plan Rows": 1254799,
                                                                                                        "Plan Width": 25,
                                                                                                        "Actual Startup Time": 0.024,
                                                                                                        "Actual Total Time": 471.647,
                                                                                                        "Actual Rows": 1260295,
                                                                                                        "Actual Loops": 1,
                                                                                                        "Output": [
                                                                                                            "t.title",
                                                                                                            "t.kind_id",
                                                                                                            "t.id"
                                                                                                        ],
                                                                                                        "Filter": "(t.production_year > 2002)",
                                                                                                        "Rows Removed by Filter": 1268017
                                                                                                    }
                                                                                                ]
                                                                                            },
                                                                                            {
                                                                                                "Node Type": "Sort",
                                                                                                "Parent Relationship": "Inner",
                                                                                                "Parallel Aware": false,
                                                                                                "Startup Cost": 20000081508.65,
                                                                                                "Total Cost": 20000081543.67,
                                                                                                "Plan Rows": 14006,
                                                                                                "Plan Width": 17,
                                                                                                "Actual Startup Time": 5265.272,
                                                                                                "Actual Total Time": 5273.706,
                                                                                                "Actual Rows": 173221,
                                                                                                "Actual Loops": 1,
                                                                                                "Output": [
                                                                                                    "mi_idx.info",
                                                                                                    "mi_idx.movie_id",
                                                                                                    "mi.movie_id",
                                                                                                    "mi.info_type_id"
                                                                                                ],
                                                                                                "Sort Key": [
                                                                                                    "mi_idx.movie_id"
                                                                                                ],
                                                                                                "Sort Method": "quicksort",
                                                                                                "Sort Space Used": 14265,
                                                                                                "Sort Space Type": "Memory",
                                                                                                "Plans": [
                                                                                                    {
                                                                                                        "Node Type": "Nested Loop",
                                                                                                        "Parent Relationship": "Outer",
                                                                                                        "Parallel Aware": false,
                                                                                                        "Join Type": "Inner",
                                                                                                        "Startup Cost": 20000006230.19,
                                                                                                        "Total Cost": 20000080544.08,
                                                                                                        "Plan Rows": 14006,
                                                                                                        "Plan Width": 17,
                                                                                                        "Actual Startup Time": 38.926,
                                                                                                        "Actual Total Time": 5187.885,
                                                                                                        "Actual Rows": 173221,
                                                                                                        "Actual Loops": 1,
                                                                                                        "Output": [
                                                                                                            "mi_idx.info",
                                                                                                            "mi_idx.movie_id",
                                                                                                            "mi.movie_id",
                                                                                                            "mi.info_type_id"
                                                                                                        ],
                                                                                                        "Inner Unique": false,
                                                                                                        "Plans": [
                                                                                                            {
                                                                                                                "Node Type": "Nested Loop",
                                                                                                                "Parent Relationship": "Outer",
                                                                                                                "Parallel Aware": false,
                                                                                                                "Join Type": "Inner",
                                                                                                                "Startup Cost": 10000006229.28,
                                                                                                                "Total Cost": 10000022273.24,
                                                                                                                "Plan Rows": 10377,
                                                                                                                "Plan Width": 9,
                                                                                                                "Actual Startup Time": 38.844,
                                                                                                                "Actual Total Time": 200.515,
                                                                                                                "Actual Rows": 324117,
                                                                                                                "Actual Loops": 1,
                                                                                                                "Output": [
                                                                                                                    "mi_idx.info",
                                                                                                                    "mi_idx.movie_id"
                                                                                                                ],
                                                                                                                "Inner Unique": false,
                                                                                                                "Plans": [
                                                                                                                    {
                                                                                                                        "Node Type": "Seq Scan",
                                                                                                                        "Parent Relationship": "Outer",
                                                                                                                        "Parallel Aware": false,
                                                                                                                        "Relation Name": "info_type",
                                                                                                                        "Schema": "public",
                                                                                                                        "Alias": "it2",
                                                                                                                        "Startup Cost": 0.0,
                                                                                                                        "Total Cost": 2.41,
                                                                                                                        "Plan Rows": 1,
                                                                                                                        "Plan Width": 4,
                                                                                                                        "Actual Startup Time": 0.038,
                                                                                                                        "Actual Total Time": 0.043,
                                                                                                                        "Actual Rows": 1,
                                                                                                                        "Actual Loops": 1,
                                                                                                                        "Output": [
                                                                                                                            "it2.id",
                                                                                                                            "it2.info"
                                                                                                                        ],
                                                                                                                        "Filter": "((it2.info)::text = 'rating'::text)",
                                                                                                                        "Rows Removed by Filter": 112
                                                                                                                    },
                                                                                                                    {
                                                                                                                        "Node Type": "Bitmap Heap Scan",
                                                                                                                        "Parent Relationship": "Inner",
                                                                                                                        "Parallel Aware": false,
                                                                                                                        "Relation Name": "movie_info_idx",
                                                                                                                        "Schema": "public",
                                                                                                                        "Alias": "mi_idx",
                                                                                                                        "Startup Cost": 6229.28,
                                                                                                                        "Total Cost": 19339.42,
                                                                                                                        "Plan Rows": 293141,
                                                                                                                        "Plan Width": 13,
                                                                                                                        "Actual Startup Time": 38.792,
                                                                                                                        "Actual Total Time": 156.782,
                                                                                                                        "Actual Rows": 324117,
                                                                                                                        "Actual Loops": 1,
                                                                                                                        "Output": [
                                                                                                                            "mi_idx.id",
                                                                                                                            "mi_idx.movie_id",
                                                                                                                            "mi_idx.info_type_id",
                                                                                                                            "mi_idx.info",
                                                                                                                            "mi_idx.note"
                                                                                                                        ],
                                                                                                                        "Recheck Cond": "(mi_idx.info_type_id = it2.id)",
                                                                                                                        "Rows Removed by Index Recheck": 0,
                                                                                                                        "Filter": "(mi_idx.info < '7.0'::text)",
                                                                                                                        "Rows Removed by Filter": 135808,
                                                                                                                        "Exact Heap Blocks": 7934,
                                                                                                                        "Lossy Heap Blocks": 0,
                                                                                                                        "Plans": [
                                                                                                                            {
                                                                                                                                "Node Type": "Bitmap Index Scan",
                                                                                                                                "Parent Relationship": "Outer",
                                                                                                                                "Parallel Aware": false,
                                                                                                                                "Index Name": "info_type_id_movie_info_idx",
                                                                                                                                "Startup Cost": 0.0,
                                                                                                                                "Total Cost": 6155.99,
                                                                                                                                "Plan Rows": 345009,
                                                                                                                                "Plan Width": 0,
                                                                                                                                "Actual Startup Time": 37.286,
                                                                                                                                "Actual Total Time": 37.287,
                                                                                                                                "Actual Rows": 459925,
                                                                                                                                "Actual Loops": 1,
                                                                                                                                "Index Cond": "(mi_idx.info_type_id = it2.id)"
                                                                                                                            }
                                                                                                                        ]
                                                                                                                    }
                                                                                                                ]
                                                                                                            },
                                                                                                            {
                                                                                                                "Node Type": "Bitmap Heap Scan",
                                                                                                                "Parent Relationship": "Inner",
                                                                                                                "Parallel Aware": false,
                                                                                                                "Relation Name": "movie_info",
                                                                                                                "Schema": "public",
                                                                                                                "Alias": "mi",
                                                                                                                "Startup Cost": 0.91,
                                                                                                                "Total Cost": 5.6,
                                                                                                                "Plan Rows": 2,
                                                                                                                "Plan Width": 8,
                                                                                                                "Actual Startup Time": 0.012,
                                                                                                                "Actual Total Time": 0.013,
                                                                                                                "Actual Rows": 1,
                                                                                                                "Actual Loops": 324117,
                                                                                                                "Output": [
                                                                                                                    "mi.id",
                                                                                                                    "mi.movie_id",
                                                                                                                    "mi.info_type_id",
                                                                                                                    "mi.info",
                                                                                                                    "mi.note"
                                                                                                                ],
                                                                                                                "Recheck Cond": "(mi.movie_id = mi_idx.movie_id)",
                                                                                                                "Rows Removed by Index Recheck": 0,
                                                                                                                "Filter": "(mi.info = ANY ('{Germany,German,USA,American}'::text[]))",
                                                                                                                "Rows Removed by Filter": 14,
                                                                                                                "Exact Heap Blocks": 2544093,
                                                                                                                "Lossy Heap Blocks": 0,
                                                                                                                "Plans": [
                                                                                                                    {
                                                                                                                        "Node Type": "Bitmap Index Scan",
                                                                                                                        "Parent Relationship": "Outer",
                                                                                                                        "Parallel Aware": false,
                                                                                                                        "Index Name": "movie_id_movie_info",
                                                                                                                        "Startup Cost": 0.0,
                                                                                                                        "Total Cost": 0.91,
                                                                                                                        "Plan Rows": 39,
                                                                                                                        "Plan Width": 0,
                                                                                                                        "Actual Startup Time": 0.005,
                                                                                                                        "Actual Total Time": 0.005,
                                                                                                                        "Actual Rows": 14,
                                                                                                                        "Actual Loops": 324117,
                                                                                                                        "Index Cond": "(mi.movie_id = mi_idx.movie_id)"
                                                                                                                    }
                                                                                                                ]
                                                                                                            }
                                                                                                        ]
                                                                                                    }
                                                                                                ]
                                                                                            }
                                                                                        ]
                                                                                    },
                                                                                    {
                                                                                        "Node Type": "Materialize",
                                                                                        "Parent Relationship": "Inner",
                                                                                        "Parallel Aware": false,
                                                                                        "Startup Cost": 0.13,
                                                                                        "Total Cost": 12.27,
                                                                                        "Plan Rows": 2,
                                                                                        "Plan Width": 4,
                                                                                        "Actual Startup Time": 0.0,
                                                                                        "Actual Total Time": 0.0,
                                                                                        "Actual Rows": 2,
                                                                                        "Actual Loops": 69648,
                                                                                        "Output": [
                                                                                            "kt.id"
                                                                                        ],
                                                                                        "Plans": [
                                                                                            {
                                                                                                "Node Type": "Index Scan",
                                                                                                "Parent Relationship": "Outer",
                                                                                                "Parallel Aware": false,
                                                                                                "Scan Direction": "Forward",
                                                                                                "Index Name": "kind_type_pkey",
                                                                                                "Relation Name": "kind_type",
                                                                                                "Schema": "public",
                                                                                                "Alias": "kt",
                                                                                                "Startup Cost": 0.13,
                                                                                                "Total Cost": 12.26,
                                                                                                "Plan Rows": 2,
                                                                                                "Plan Width": 4,
                                                                                                "Actual Startup Time": 0.028,
                                                                                                "Actual Total Time": 0.03,
                                                                                                "Actual Rows": 2,
                                                                                                "Actual Loops": 1,
                                                                                                "Output": [
                                                                                                    "kt.id"
                                                                                                ],
                                                                                                "Filter": "((kt.kind)::text = ANY ('{movie,episode}'::text[]))",
                                                                                                "Rows Removed by Filter": 5
                                                                                            }
                                                                                        ]
                                                                                    }
                                                                                ]
                                                                            }
                                                                        ]
                                                                    }
                                                                ]
                                                            },
                                                            {
                                                                "Node Type": "Hash",
                                                                "Parent Relationship": "Inner",
                                                                "Parallel Aware": false,
                                                                "Startup Cost": 47300.52,
                                                                "Total Cost": 47300.52,
                                                                "Plan Rows": 148857,
                                                                "Plan Width": 12,
                                                                "Actual Startup Time": 214.474,
                                                                "Actual Total Time": 214.624,
                                                                "Actual Rows": 303271,
                                                                "Actual Loops": 1,
                                                                "Output": [
                                                                    "mc.movie_id",
                                                                    "mc.company_type_id",
                                                                    "mc.company_id"
                                                                ],
                                                                "Hash Buckets": 524288,
                                                                "Original Hash Buckets": 262144,
                                                                "Hash Batches": 1,
                                                                "Original Hash Batches": 1,
                                                                "Peak Memory Usage": 17128,
                                                                "Plans": [
                                                                    {
                                                                        "Node Type": "Gather",
                                                                        "Parent Relationship": "Outer",
                                                                        "Parallel Aware": false,
                                                                        "Startup Cost": 1000.0,
                                                                        "Total Cost": 47300.52,
                                                                        "Plan Rows": 148857,
                                                                        "Plan Width": 12,
                                                                        "Actual Startup Time": 0.32,
                                                                        "Actual Total Time": 166.478,
                                                                        "Actual Rows": 303271,
                                                                        "Actual Loops": 1,
                                                                        "Output": [
                                                                            "mc.movie_id",
                                                                            "mc.company_type_id",
                                                                            "mc.company_id"
                                                                        ],
                                                                        "Workers Planned": 3,
                                                                        "Workers Launched": 3,
                                                                        "Single Copy": false,
                                                                        "Plans": [
                                                                            {
                                                                                "Node Type": "Seq Scan",
                                                                                "Parent Relationship": "Outer",
                                                                                "Parallel Aware": true,
                                                                                "Relation Name": "movie_companies",
                                                                                "Schema": "public",
                                                                                "Alias": "mc",
                                                                                "Startup Cost": 0.0,
                                                                                "Total Cost": 31414.82,
                                                                                "Plan Rows": 48018,
                                                                                "Plan Width": 12,
                                                                                "Actual Startup Time": 0.071,
                                                                                "Actual Total Time": 153.094,
                                                                                "Actual Rows": 75818,
                                                                                "Actual Loops": 4,
                                                                                "Output": [
                                                                                    "mc.movie_id",
                                                                                    "mc.company_type_id",
                                                                                    "mc.company_id"
                                                                                ],
                                                                                "Filter": "((mc.note !~~ '%(USA)%'::text) AND (mc.note ~~ '%(200%)%'::text))",
                                                                                "Rows Removed by Filter": 576464,
                                                                                "Workers": [
                                                                                    {
                                                                                        "Worker Number": 0,
                                                                                        "Actual Startup Time": 0.094,
                                                                                        "Actual Total Time": 165.654,
                                                                                        "Actual Rows": 75470,
                                                                                        "Actual Loops": 1
                                                                                    },
                                                                                    {
                                                                                        "Worker Number": 1,
                                                                                        "Actual Startup Time": 0.086,
                                                                                        "Actual Total Time": 167.155,
                                                                                        "Actual Rows": 65656,
                                                                                        "Actual Loops": 1
                                                                                    },
                                                                                    {
                                                                                        "Worker Number": 2,
                                                                                        "Actual Startup Time": 0.092,
                                                                                        "Actual Total Time": 165.667,
                                                                                        "Actual Rows": 76628,
                                                                                        "Actual Loops": 1
                                                                                    }
                                                                                ]
                                                                            }
                                                                        ]
                                                                    }
                                                                ]
                                                            }
                                                        ]
                                                    },
                                                    {
                                                        "Node Type": "Hash",
                                                        "Parent Relationship": "Inner",
                                                        "Parallel Aware": false,
                                                        "Startup Cost": 69693.3,
                                                        "Total Cost": 69693.3,
                                                        "Plan Rows": 4523930,
                                                        "Plan Width": 8,
                                                        "Actual Startup Time": 905.526,
                                                        "Actual Total Time": 905.527,
                                                        "Actual Rows": 4523930,
                                                        "Actual Loops": 1,
                                                        "Output": [
                                                            "mk.movie_id",
                                                            "mk.keyword_id"
                                                        ],
                                                        "Hash Buckets": 8388608,
                                                        "Original Hash Buckets": 8388608,
                                                        "Hash Batches": 1,
                                                        "Original Hash Batches": 1,
                                                        "Peak Memory Usage": 242253,
                                                        "Plans": [
                                                            {
                                                                "Node Type": "Seq Scan",
                                                                "Parent Relationship": "Outer",
                                                                "Parallel Aware": false,
                                                                "Relation Name": "movie_keyword",
                                                                "Schema": "public",
                                                                "Alias": "mk",
                                                                "Startup Cost": 0.0,
                                                                "Total Cost": 69693.3,
                                                                "Plan Rows": 4523930,
                                                                "Plan Width": 8,
                                                                "Actual Startup Time": 0.018,
                                                                "Actual Total Time": 415.955,
                                                                "Actual Rows": 4523930,
                                                                "Actual Loops": 1,
                                                                "Output": [
                                                                    "mk.movie_id",
                                                                    "mk.keyword_id"
                                                                ]
                                                            }
                                                        ]
                                                    }
                                                ]
                                            },
                                            {
                                                "Node Type": "Index Scan",
                                                "Parent Relationship": "Inner",
                                                "Parallel Aware": false,
                                                "Scan Direction": "Forward",
                                                "Index Name": "company_name_pkey",
                                                "Relation Name": "company_name",
                                                "Schema": "public",
                                                "Alias": "cn",
                                                "Startup Cost": 0.42,
                                                "Total Cost": 0.54,
                                                "Plan Rows": 1,
                                                "Plan Width": 23,
                                                "Actual Startup Time": 0.001,
                                                "Actual Total Time": 0.001,
                                                "Actual Rows": 1,
                                                "Actual Loops": 2812061,
                                                "Output": [
                                                    "cn.id",
                                                    "cn.name",
                                                    "cn.country_code",
                                                    "cn.imdb_id",
                                                    "cn.name_pcode_nf",
                                                    "cn.name_pcode_sf",
                                                    "cn.md5sum"
                                                ],
                                                "Index Cond": "(cn.id = mc.company_id)",
                                                "Rows Removed by Index Recheck": 0,
                                                "Filter": "((cn.country_code)::text <> '[us]'::text)",
                                                "Rows Removed by Filter": 0
                                            }
                                        ]
                                    }
                                ]
                            }
                        ]
                    },
                    {
                        "Node Type": "Bitmap Heap Scan",
                        "Parent Relationship": "Inner",
                        "Parallel Aware": false,
                        "Relation Name": "keyword",
                        "Schema": "public",
                        "Alias": "k",
                        "Startup Cost": 0.43,
                        "Total Cost": 4.45,
                        "Plan Rows": 1,
                        "Plan Width": 4,
                        "Actual Startup Time": 0.003,
                        "Actual Total Time": 0.003,
                        "Actual Rows": 0,
                        "Actual Loops": 2645425,
                        "Output": [
                            "k.id",
                            "k.keyword",
                            "k.phonetic_code"
                        ],
                        "Recheck Cond": "(k.id = mk.keyword_id)",
                        "Rows Removed by Index Recheck": 0,
                        "Filter": "(k.keyword = ANY ('{murder,murder-in-title,blood,violence}'::text[]))",
                        "Rows Removed by Filter": 1,
                        "Exact Heap Blocks": 2645425,
                        "Lossy Heap Blocks": 0,
                        "Plans": [
                            {
                                "Node Type": "Bitmap Index Scan",
                                "Parent Relationship": "Outer",
                                "Parallel Aware": false,
                                "Index Name": "keyword_pkey",
                                "Startup Cost": 0.0,
                                "Total Cost": 0.43,
                                "Plan Rows": 1,
                                "Plan Width": 0,
                                "Actual Startup Time": 0.002,
                                "Actual Total Time": 0.002,
                                "Actual Rows": 1,
                                "Actual Loops": 2645425,
                                "Index Cond": "(k.id = mk.keyword_id)"
                            }
                        ]
                    }
                ]
            }
        ]
    },
    "Planning Time": 26.137,
    "Triggers": [],
    "Execution Time": 25258.532
}