[
  {
    "Plan": {
      "Node Type": "Aggregate",
      "Strategy": "Plain",
      "Partial Mode": "Finalize",
      "Parallel Aware": false,
      "Startup Cost": 347786.56,
      "Total Cost": 347786.57,
      "Plan Rows": 1,
      "Plan Width": 8,
      "Actual Startup Time": 892.954,
      "Actual Total Time": 908.053,
      "Actual Rows": 1,
      "Actual Loops": 1,
      "Plans": [
        {
          "Node Type": "Gather",
          "Parent Relationship": "Outer",
          "Parallel Aware": false,
          "Startup Cost": 347786.35,
          "Total Cost": 347786.56,
          "Plan Rows": 2,
          "Plan Width": 8,
          "Actual Startup Time": 885.435,
          "Actual Total Time": 908.045,
          "Actual Rows": 3,
          "Actual Loops": 1,
          "Workers Planned": 2,
          "Workers Launched": 2,
          "Single Copy": false,
          "Plans": [
            {
              "Node Type": "Aggregate",
              "Strategy": "Plain",
              "Partial Mode": "Partial",
              "Parent Relationship": "Outer",
              "Parallel Aware": false,
              "Startup Cost": 346786.35,
              "Total Cost": 346786.36,
              "Plan Rows": 1,
              "Plan Width": 8,
              "Actual Startup Time": 877.448,
              "Actual Total Time": 878.439,
              "Actual Rows": 1,
              "Actual Loops": 3,
              "Plans": [
                {
                  "Node Type": "Hash Join",
                  "Parent Relationship": "Outer",
                  "Parallel Aware": true,
                  "Join Type": "Inner",
                  "Startup Cost": 330574.72,
                  "Total Cost": 346601.26,
                  "Plan Rows": 74036,
                  "Plan Width": 0,
                  "Actual Startup Time": 725.233,
                  "Actual Total Time": 860.015,
                  "Actual Rows": 478572,
                  "Actual Loops": 3,
                  "Inner Unique": false,
                  "Hash Cond": "(mi_idx.movie_id = t.id)",
                  "Plans": [
                    {
                      "Node Type": "Seq Scan",
                      "Parent Relationship": "Outer",
                      "Parallel Aware": true,
                      "Relation Name": "movie_info_idx",
                      "Alias": "mi_idx",
                      "Startup Cost": 0.0,
                      "Total Cost": 13685.15,
                      "Plan Rows": 575015,
                      "Plan Width": 4,
                      "Actual Startup Time": 0.028,
                      "Actual Total Time": 35.24,
                      "Actual Rows": 460012,
                      "Actual Loops": 3
                    },
                    {
                      "Node Type": "Hash",
                      "Parent Relationship": "Inner",
                      "Parallel Aware": true,
                      "Startup Cost": 329557.44,
                      "Total Cost": 329557.44,
                      "Plan Rows": 81382,
                      "Plan Width": 8,
                      "Actual Startup Time": 721.165,
                      "Actual Total Time": 722.153,
                      "Actual Rows": 299186,
                      "Actual Loops": 3,
                      "Hash Buckets": 1048576,
                      "Original Hash Buckets": 524288,
                      "Hash Batches": 1,
                      "Original Hash Batches": 1,
                      "Peak Memory Usage": 47456,
                      "Plans": [
                        {
                          "Node Type": "Hash Join",
                          "Parent Relationship": "Outer",
                          "Parallel Aware": true,
                          "Join Type": "Inner",
                          "Startup Cost": 279956.31,
                          "Total Cost": 329557.44,
                          "Plan Rows": 81382,
                          "Plan Width": 8,
                          "Actual Startup Time": 242.469,
                          "Actual Total Time": 639.756,
                          "Actual Rows": 299186,
                          "Actual Loops": 3,
                          "Inner Unique": false,
                          "Hash Cond": "(t.id = ci.movie_id)",
                          "Plans": [
                            {
                              "Node Type": "Seq Scan",
                              "Parent Relationship": "Outer",
                              "Parallel Aware": true,
                              "Relation Name": "title",
                              "Alias": "t",
                              "Startup Cost": 0.0,
                              "Total Cost": 43898.92,
                              "Plan Rows": 556658,
                              "Plan Width": 4,
                              "Actual Startup Time": 0.011,
                              "Actual Total Time": 118.616,
                              "Actual Rows": 741523,
                              "Actual Loops": 3,
                              "Filter": "(production_year < 2012)",
                              "Rows Removed by Filter": 101248
                            },
                            {
                              "Node Type": "Hash",
                              "Parent Relationship": "Inner",
                              "Parallel Aware": true,
                              "Startup Cost": 279186.24,
                              "Total Cost": 279186.24,
                              "Plan Rows": 61605,
                              "Plan Width": 4,
                              "Actual Startup Time": 240.077,
                              "Actual Total Time": 240.078,
                              "Actual Rows": 349557,
                              "Actual Loops": 3,
                              "Hash Buckets": 1048576,
                              "Original Hash Buckets": 524288,
                              "Hash Batches": 1,
                              "Original Hash Batches": 1,
                              "Peak Memory Usage": 53376,
                              "Plans": [
                                {
                                  "Node Type": "Bitmap Heap Scan",
                                  "Parent Relationship": "Outer",
                                  "Parallel Aware": true,
                                  "Relation Name": "cast_info",
                                  "Alias": "ci",
                                  "Startup Cost": 23786.68,
                                  "Total Cost": 279186.24,
                                  "Plan Rows": 61605,
                                  "Plan Width": 4,
                                  "Actual Startup Time": 49.544,
                                  "Actual Total Time": 126.305,
                                  "Actual Rows": 349557,
                                  "Actual Loops": 3,
                                  "Recheck Cond": "(person_id > 3858625)",
                                  "Rows Removed by Index Recheck": 0,
                                  "Filter": "(role_id > 3)",
                                  "Rows Removed by Filter": 0,
                                  "Exact Heap Blocks": 6257,
                                  "Lossy Heap Blocks": 0,
                                  "Plans": [
                                    {
                                      "Node Type": "Bitmap Index Scan",
                                      "Parent Relationship": "Outer",
                                      "Parallel Aware": false,
                                      "Index Name": "person_id_cast_info",
                                      "Startup Cost": 0.0,
                                      "Total Cost": 23694.27,
                                      "Plan Rows": 1085027,
                                      "Plan Width": 0,
                                      "Actual Startup Time": 47.106,
                                      "Actual Total Time": 47.106,
                                      "Actual Rows": 1048671,
                                      "Actual Loops": 1,
                                      "Index Cond": "(person_id > 3858625)"
                                    }
                                  ]
                                }
                              ]
                            }
                          ]
                        }
                      ]
                    }
                  ]
                }
              ]
            }
          ]
        }
      ]
    },
    "Planning Time": 1.381,
    "Triggers": [],
    "Execution Time": 908.157
  }
]