[
    {
        "Bao": {
            "Bao prediction": 515.307,
            "Bao recommended hint": "(no hint)"
        }
    },
    {
        "Plan": {
            "Node Type": "Aggregate",
            "Strategy": "Plain",
            "Partial Mode": "Finalize",
            "Parallel Aware": false,
            "Startup Cost": 340809.09,
            "Total Cost": 340809.1,
            "Plan Rows": 1,
            "Plan Width": 8,
            "Actual Startup Time": 1191.911,
            "Actual Total Time": 1225.888,
            "Actual Rows": 1,
            "Actual Loops": 1,
            "Output": [
                "count(*)"
            ],
            "Plans": [
                {
                    "Node Type": "Gather",
                    "Parent Relationship": "Outer",
                    "Parallel Aware": false,
                    "Startup Cost": 340808.46,
                    "Total Cost": 340809.07,
                    "Plan Rows": 6,
                    "Plan Width": 8,
                    "Actual Startup Time": 1191.827,
                    "Actual Total Time": 1225.878,
                    "Actual Rows": 7,
                    "Actual Loops": 1,
                    "Output": [
                        "(PARTIAL count(*))"
                    ],
                    "Workers Planned": 6,
                    "Workers Launched": 6,
                    "Single Copy": false,
                    "Plans": [
                        {
                            "Node Type": "Aggregate",
                            "Strategy": "Plain",
                            "Partial Mode": "Partial",
                            "Parent Relationship": "Outer",
                            "Parallel Aware": false,
                            "Startup Cost": 339808.46,
                            "Total Cost": 339808.47,
                            "Plan Rows": 1,
                            "Plan Width": 8,
                            "Actual Startup Time": 1182.477,
                            "Actual Total Time": 1182.478,
                            "Actual Rows": 1,
                            "Actual Loops": 7,
                            "Output": [
                                "PARTIAL count(*)"
                            ],
                            "Workers": [
                                {
                                    "Worker Number": 0,
                                    "Actual Startup Time": 1180.557,
                                    "Actual Total Time": 1180.559,
                                    "Actual Rows": 1,
                                    "Actual Loops": 1
                                },
                                {
                                    "Worker Number": 1,
                                    "Actual Startup Time": 1180.794,
                                    "Actual Total Time": 1180.795,
                                    "Actual Rows": 1,
                                    "Actual Loops": 1
                                },
                                {
                                    "Worker Number": 2,
                                    "Actual Startup Time": 1180.673,
                                    "Actual Total Time": 1180.674,
                                    "Actual Rows": 1,
                                    "Actual Loops": 1
                                },
                                {
                                    "Worker Number": 3,
                                    "Actual Startup Time": 1181.21,
                                    "Actual Total Time": 1181.211,
                                    "Actual Rows": 1,
                                    "Actual Loops": 1
                                },
                                {
                                    "Worker Number": 4,
                                    "Actual Startup Time": 1181.255,
                                    "Actual Total Time": 1181.256,
                                    "Actual Rows": 1,
                                    "Actual Loops": 1
                                },
                                {
                                    "Worker Number": 5,
                                    "Actual Startup Time": 1181.834,
                                    "Actual Total Time": 1181.836,
                                    "Actual Rows": 1,
                                    "Actual Loops": 1
                                }
                            ],
                            "Plans": [
                                {
                                    "Node Type": "Seq Scan",
                                    "Parent Relationship": "Outer",
                                    "Parallel Aware": true,
                                    "Relation Name": "cast_info",
                                    "Schema": "public",
                                    "Alias": "ci",
                                    "Startup Cost": 0.0,
                                    "Total Cost": 328213.62,
                                    "Plan Rows": 4637938,
                                    "Plan Width": 0,
                                    "Actual Startup Time": 0.056,
                                    "Actual Total Time": 915.871,
                                    "Actual Rows": 3965433,
                                    "Actual Loops": 7,
                                    "Output": [
                                        "id",
                                        "person_id",
                                        "movie_id",
                                        "person_role_id",
                                        "note",
                                        "nr_order",
                                        "role_id"
                                    ],
                                    "Filter": "(ci.role_id < 6)",
                                    "Rows Removed by Filter": 1212331,
                                    "Workers": [
                                        {
                                            "Worker Number": 0,
                                            "Actual Startup Time": 0.061,
                                            "Actual Total Time": 920.865,
                                            "Actual Rows": 3921446,
                                            "Actual Loops": 1
                                        },
                                        {
                                            "Worker Number": 1,
                                            "Actual Startup Time": 0.06,
                                            "Actual Total Time": 920.787,
                                            "Actual Rows": 3900554,
                                            "Actual Loops": 1
                                        },
                                        {
                                            "Worker Number": 2,
                                            "Actual Startup Time": 0.058,
                                            "Actual Total Time": 921.508,
                                            "Actual Rows": 3851189,
                                            "Actual Loops": 1
                                        },
                                        {
                                            "Worker Number": 3,
                                            "Actual Startup Time": 0.057,
                                            "Actual Total Time": 925.519,
                                            "Actual Rows": 3872326,
                                            "Actual Loops": 1
                                        },
                                        {
                                            "Worker Number": 4,
                                            "Actual Startup Time": 0.072,
                                            "Actual Total Time": 925.856,
                                            "Actual Rows": 3825129,
                                            "Actual Loops": 1
                                        },
                                        {
                                            "Worker Number": 5,
                                            "Actual Startup Time": 0.061,
                                            "Actual Total Time": 921.768,
                                            "Actual Rows": 3933213,
                                            "Actual Loops": 1
                                        }
                                    ]
                                }
                            ]
                        }
                    ]
                }
            ]
        },
        "Planning Time": 1053.092,
        "Triggers": [],
        "Execution Time": 1225.981
    }
]