{
  "Plan": {
    "Node Type": "Aggregate",
    "Strategy": "Plain",
    "Partial Mode": "Finalize",
    "Parallel Aware": false,
    "Startup Cost": 275863.7,
    "Total Cost": 275863.71,
    "Plan Rows": 1,
    "Plan Width": 8,
    "Actual Startup Time": 719.407,
    "Actual Total Time": 737.266,
    "Actual Rows": 1,
    "Actual Loops": 1,
    "Plans": [
      {
        "Node Type": "Gather",
        "Parent Relationship": "Outer",
        "Parallel Aware": false,
        "Startup Cost": 275863.59,
        "Total Cost": 275863.7,
        "Plan Rows": 1,
        "Plan Width": 8,
        "Actual Startup Time": 717.478,
        "Actual Total Time": 737.258,
        "Actual Rows": 2,
        "Actual Loops": 1,
        "Workers Planned": 1,
        "Workers Launched": 1,
        "Single Copy": false,
        "Plans": [
          {
            "Node Type": "Aggregate",
            "Strategy": "Plain",
            "Partial Mode": "Partial",
            "Parent Relationship": "Outer",
            "Parallel Aware": false,
            "Startup Cost": 274863.59,
            "Total Cost": 274863.6,
            "Plan Rows": 1,
            "Plan Width": 8,
            "Actual Startup Time": 711.076,
            "Actual Total Time": 711.082,
            "Actual Rows": 1,
            "Actual Loops": 2,
            "Plans": [
              {
                "Node Type": "Hash Join",
                "Parent Relationship": "Outer",
                "Parallel Aware": true,
                "Join Type": "Inner",
                "Startup Cost": 106934.94,
                "Total Cost": 274815.98,
                "Plan Rows": 19043,
                "Plan Width": 0,
                "Actual Startup Time": 689.687,
                "Actual Total Time": 711.068,
                "Actual Rows": 106,
                "Actual Loops": 2,
                "Inner Unique": false,
                "Hash Cond": "(mi.movie_id = t.id)",
                "Plans": [
                  {
                    "Node Type": "Bitmap Heap Scan",
                    "Parent Relationship": "Outer",
                    "Parallel Aware": true,
                    "Relation Name": "movie_info",
                    "Alias": "mi",
                    "Startup Cost": 2803.64,
                    "Total Cost": 170231.34,
                    "Plan Rows": 91021,
                    "Plan Width": 4,
                    "Actual Startup Time": 5.88,
                    "Actual Total Time": 21.26,
                    "Actual Rows": 73744,
                    "Actual Loops": 2,
                    "Recheck Cond": "(info_type_id = 107)",
                    "Rows Removed by Index Recheck": 0,
                    "Exact Heap Blocks": 2212,
                    "Lossy Heap Blocks": 0,
                    "Plans": [
                      {
                        "Node Type": "Bitmap Index Scan",
                        "Parent Relationship": "Outer",
                        "Parallel Aware": false,
                        "Index Name": "info_type_id_movie_info",
                        "Startup Cost": 0.0,
                        "Total Cost": 2764.95,
                        "Plan Rows": 154736,
                        "Plan Width": 0,
                        "Actual Startup Time": 5.27,
                        "Actual Total Time": 5.271,
                        "Actual Rows": 147487,
                        "Actual Loops": 1,
                        "Index Cond": "(info_type_id = 107)"
                      }
                    ]
                  },
                  {
                    "Node Type": "Hash",
                    "Parent Relationship": "Inner",
                    "Parallel Aware": true,
                    "Startup Cost": 100241.95,
                    "Total Cost": 100241.95,
                    "Plan Rows": 311148,
                    "Plan Width": 8,
                    "Actual Startup Time": 671.369,
                    "Actual Total Time": 671.373,
                    "Actual Rows": 155660,
                    "Actual Loops": 2,
                    "Hash Buckets": 1048576,
                    "Original Hash Buckets": 1048576,
                    "Hash Batches": 1,
                    "Original Hash Batches": 1,
                    "Peak Memory Usage": 20416,
                    "Plans": [
                      {
                        "Node Type": "Hash Join",
                        "Parent Relationship": "Outer",
                        "Parallel Aware": true,
                        "Join Type": "Inner",
                        "Startup Cost": 62075.32,
                        "Total Cost": 100241.95,
                        "Plan Rows": 311148,
                        "Plan Width": 8,
                        "Actual Startup Time": 239.901,
                        "Actual Total Time": 620.212,
                        "Actual Rows": 155660,
                        "Actual Loops": 2,
                        "Inner Unique": true,
                        "Hash Cond": "(mc.movie_id = t.id)",
                        "Plans": [
                          {
                            "Node Type": "Seq Scan",
                            "Parent Relationship": "Outer",
                            "Parallel Aware": true,
                            "Relation Name": "movie_companies",
                            "Alias": "mc",
                            "Startup Cost": 0.0,
                            "Total Cost": 34137.82,
                            "Plan Rows": 1534782,
                            "Plan Width": 4,
                            "Actual Startup Time": 0.014,
                            "Actual Total Time": 124.37,
                            "Actual Rows": 1304564,
                            "Actual Loops": 2
                          },
                          {
                            "Node Type": "Hash",
                            "Parent Relationship": "Inner",
                            "Parallel Aware": true,
                            "Startup Cost": 58306.47,
                            "Total Cost": 58306.47,
                            "Plan Rows": 301508,
                            "Plan Width": 4,
                            "Actual Startup Time": 236.972,
                            "Actual Total Time": 236.973,
                            "Actual Rows": 201974,
                            "Actual Loops": 2,
                            "Hash Buckets": 524288,
                            "Original Hash Buckets": 524288,
                            "Hash Batches": 1,
                            "Original Hash Batches": 1,
                            "Peak Memory Usage": 19936,
                            "Plans": [
                              {
                                "Node Type": "Seq Scan",
                                "Parent Relationship": "Outer",
                                "Parallel Aware": true,
                                "Relation Name": "title",
                                "Alias": "t",
                                "Startup Cost": 0.0,
                                "Total Cost": 58306.47,
                                "Plan Rows": 301508,
                                "Plan Width": 4,
                                "Actual Startup Time": 0.042,
                                "Actual Total Time": 178.37,
                                "Actual Rows": 201974,
                                "Actual Loops": 2,
                                "Filter": "((production_year < 1996) AND (kind_id = 7))",
                                "Rows Removed by Filter": 1062182
                              }
                            ]
                          }
                        ]
                      }
                    ]
                  }
                ]
              }
            ]
          }
        ]
      }
    ]
  },
  "Planning Time": 1.062,
  "Triggers": [],
  "Execution Time": 737.374
}