[
  {
    "Plan": {
      "Node Type": "Aggregate",
      "Strategy": "Plain",
      "Partial Mode": "Finalize",
      "Parallel Aware": false,
      "Startup Cost": 31427.1,
      "Total Cost": 31427.11,
      "Plan Rows": 1,
      "Plan Width": 8,
      "Actual Startup Time": 114.748,
      "Actual Total Time": 123.095,
      "Actual Rows": 1,
      "Actual Loops": 1,
      "Plans": [
        {
          "Node Type": "Gather",
          "Parent Relationship": "Outer",
          "Parallel Aware": false,
          "Startup Cost": 31426.78,
          "Total Cost": 31427.09,
          "Plan Rows": 3,
          "Plan Width": 8,
          "Actual Startup Time": 114.572,
          "Actual Total Time": 123.086,
          "Actual Rows": 4,
          "Actual Loops": 1,
          "Workers Planned": 3,
          "Workers Launched": 3,
          "Single Copy": false,
          "Plans": [
            {
              "Node Type": "Aggregate",
              "Strategy": "Plain",
              "Partial Mode": "Partial",
              "Parent Relationship": "Outer",
              "Parallel Aware": false,
              "Startup Cost": 30426.78,
              "Total Cost": 30426.79,
              "Plan Rows": 1,
              "Plan Width": 8,
              "Actual Startup Time": 106.463,
              "Actual Total Time": 106.465,
              "Actual Rows": 1,
              "Actual Loops": 4,
              "Plans": [
                {
                  "Node Type": "Seq Scan",
                  "Parent Relationship": "Outer",
                  "Parallel Aware": true,
                  "Relation Name": "movie_companies",
                  "Alias": "mc",
                  "Startup Cost": 0.0,
                  "Total Cost": 29310.68,
                  "Plan Rows": 446439,
                  "Plan Width": 0,
                  "Actual Startup Time": 0.041,
                  "Actual Total Time": 85.38,
                  "Actual Rows": 348289,
                  "Actual Loops": 4,
                  "Filter": "(company_id < 12107)",
                  "Rows Removed by Filter": 303993
                }
              ]
            }
          ]
        }
      ]
    },
    "Planning Time": 0.101,
    "Triggers": [],
    "Execution Time": 123.13
  }
]