[
  {
    "Plan": {
      "Node Type": "Aggregate",
      "Strategy": "Plain",
      "Partial Mode": "Finalize",
      "Parallel Aware": false,
      "Startup Cost": 46819.53,
      "Total Cost": 46819.54,
      "Plan Rows": 1,
      "Plan Width": 8,
      "Actual Startup Time": 101.786,
      "Actual Total Time": 113.672,
      "Actual Rows": 1,
      "Actual Loops": 1,
      "Plans": [
        {
          "Node Type": "Gather",
          "Parent Relationship": "Outer",
          "Parallel Aware": false,
          "Startup Cost": 46819.11,
          "Total Cost": 46819.52,
          "Plan Rows": 4,
          "Plan Width": 8,
          "Actual Startup Time": 101.64,
          "Actual Total Time": 113.663,
          "Actual Rows": 5,
          "Actual Loops": 1,
          "Workers Planned": 4,
          "Workers Launched": 4,
          "Single Copy": false,
          "Plans": [
            {
              "Node Type": "Aggregate",
              "Strategy": "Plain",
              "Partial Mode": "Partial",
              "Parent Relationship": "Outer",
              "Parallel Aware": false,
              "Startup Cost": 45819.11,
              "Total Cost": 45819.12,
              "Plan Rows": 1,
              "Plan Width": 8,
              "Actual Startup Time": 94.748,
              "Actual Total Time": 94.749,
              "Actual Rows": 1,
              "Actual Loops": 5,
              "Plans": [
                {
                  "Node Type": "Seq Scan",
                  "Parent Relationship": "Outer",
                  "Parallel Aware": true,
                  "Relation Name": "title",
                  "Alias": "t",
                  "Startup Cost": 0.0,
                  "Total Cost": 45479.1,
                  "Plan Rows": 136006,
                  "Plan Width": 0,
                  "Actual Startup Time": 0.036,
                  "Actual Total Time": 89.743,
                  "Actual Rows": 91962,
                  "Actual Loops": 5,
                  "Filter": "((kind_id < 7) AND (production_year > 2000))",
                  "Rows Removed by Filter": 413700
                }
              ]
            }
          ]
        }
      ]
    },
    "Planning Time": 0.131,
    "Triggers": [],
    "Execution Time": 113.728
  }
]