[
  {
    "Plan": {
      "Node Type": "Aggregate",
      "Strategy": "Plain",
      "Partial Mode": "Finalize",
      "Parallel Aware": false,
      "Startup Cost": 247819.12,
      "Total Cost": 247819.13,
      "Plan Rows": 1,
      "Plan Width": 8,
      "Actual Startup Time": 585.244,
      "Actual Total Time": 604.927,
      "Actual Rows": 1,
      "Actual Loops": 1,
      "Plans": [
        {
          "Node Type": "Gather",
          "Parent Relationship": "Outer",
          "Parallel Aware": false,
          "Startup Cost": 247818.5,
          "Total Cost": 247819.11,
          "Plan Rows": 6,
          "Plan Width": 8,
          "Actual Startup Time": 581.78,
          "Actual Total Time": 604.918,
          "Actual Rows": 7,
          "Actual Loops": 1,
          "Workers Planned": 6,
          "Workers Launched": 6,
          "Single Copy": false,
          "Plans": [
            {
              "Node Type": "Aggregate",
              "Strategy": "Plain",
              "Partial Mode": "Partial",
              "Parent Relationship": "Outer",
              "Parallel Aware": false,
              "Startup Cost": 246818.5,
              "Total Cost": 246818.51,
              "Plan Rows": 1,
              "Plan Width": 8,
              "Actual Startup Time": 570.375,
              "Actual Total Time": 570.379,
              "Actual Rows": 1,
              "Actual Loops": 7,
              "Plans": [
                {
                  "Node Type": "Hash Join",
                  "Parent Relationship": "Outer",
                  "Parallel Aware": true,
                  "Join Type": "Inner",
                  "Startup Cost": 47862.54,
                  "Total Cost": 245893.11,
                  "Plan Rows": 370154,
                  "Plan Width": 0,
                  "Actual Startup Time": 125.287,
                  "Actual Total Time": 557.811,
                  "Actual Rows": 297230,
                  "Actual Loops": 7,
                  "Inner Unique": true,
                  "Hash Cond": "(ci.movie_id = t.id)",
                  "Plans": [
                    {
                      "Node Type": "Index Scan",
                      "Parent Relationship": "Outer",
                      "Parallel Aware": true,
                      "Scan Direction": "Forward",
                      "Index Name": "role_id_cast_info",
                      "Relation Name": "cast_info",
                      "Alias": "ci",
                      "Startup Cost": 0.56,
                      "Total Cost": 194809.41,
                      "Plan Rows": 1227324,
                      "Plan Width": 4,
                      "Actual Startup Time": 0.245,
                      "Actual Total Time": 186.085,
                      "Actual Rows": 1064568,
                      "Actual Loops": 7,
                      "Index Cond": "(role_id = 2)",
                      "Rows Removed by Index Recheck": 0
                    },
                    {
                      "Node Type": "Hash",
                      "Parent Relationship": "Inner",
                      "Parallel Aware": true,
                      "Startup Cost": 45479.1,
                      "Total Cost": 45479.1,
                      "Plan Rows": 190630,
                      "Plan Width": 4,
                      "Actual Startup Time": 121.807,
                      "Actual Total Time": 121.808,
                      "Actual Rows": 94836,
                      "Actual Loops": 7,
                      "Hash Buckets": 1048576,
                      "Original Hash Buckets": 1048576,
                      "Hash Batches": 1,
                      "Original Hash Batches": 1,
                      "Peak Memory Usage": 34304,
                      "Plans": [
                        {
                          "Node Type": "Seq Scan",
                          "Parent Relationship": "Outer",
                          "Parallel Aware": true,
                          "Relation Name": "title",
                          "Alias": "t",
                          "Startup Cost": 0.0,
                          "Total Cost": 45479.1,
                          "Plan Rows": 190630,
                          "Plan Width": 4,
                          "Actual Startup Time": 0.05,
                          "Actual Total Time": 77.869,
                          "Actual Rows": 94836,
                          "Actual Loops": 7,
                          "Filter": "((kind_id < 7) AND (production_year > 1980))",
                          "Rows Removed by Filter": 266352
                        }
                      ]
                    }
                  ]
                }
              ]
            }
          ]
        }
      ]
    },
    "Planning Time": 0.622,
    "Triggers": [],
    "Execution Time": 605.008
  }
]