{
  "Plan": {
    "Node Type": "Aggregate",
    "Strategy": "Plain",
    "Partial Mode": "Finalize",
    "Parallel Aware": false,
    "Startup Cost": 335448.34,
    "Total Cost": 335448.35,
    "Plan Rows": 1,
    "Plan Width": 8,
    "Actual Startup Time": 2380.474,
    "Actual Total Time": 2424.145,
    "Actual Rows": 1,
    "Actual Loops": 1,
    "Plans": [
      {
        "Node Type": "Gather",
        "Parent Relationship": "Outer",
        "Parallel Aware": false,
        "Startup Cost": 335448.23,
        "Total Cost": 335448.34,
        "Plan Rows": 1,
        "Plan Width": 8,
        "Actual Startup Time": 2378.967,
        "Actual Total Time": 2424.135,
        "Actual Rows": 2,
        "Actual Loops": 1,
        "Workers Planned": 1,
        "Workers Launched": 1,
        "Single Copy": false,
        "Plans": [
          {
            "Node Type": "Aggregate",
            "Strategy": "Plain",
            "Partial Mode": "Partial",
            "Parent Relationship": "Outer",
            "Parallel Aware": false,
            "Startup Cost": 334448.23,
            "Total Cost": 334448.24,
            "Plan Rows": 1,
            "Plan Width": 8,
            "Actual Startup Time": 2372.851,
            "Actual Total Time": 2372.854,
            "Actual Rows": 1,
            "Actual Loops": 2,
            "Plans": [
              {
                "Node Type": "Hash Join",
                "Parent Relationship": "Outer",
                "Parallel Aware": true,
                "Join Type": "Inner",
                "Startup Cost": 57892.54,
                "Total Cost": 329676.03,
                "Plan Rows": 1908879,
                "Plan Width": 0,
                "Actual Startup Time": 217.981,
                "Actual Total Time": 2238.987,
                "Actual Rows": 2815139,
                "Actual Loops": 2,
                "Inner Unique": true,
                "Hash Cond": "(mi.movie_id = t.id)",
                "Plans": [
                  {
                    "Node Type": "Seq Scan",
                    "Parent Relationship": "Outer",
                    "Parallel Aware": true,
                    "Relation Name": "movie_info",
                    "Alias": "mi",
                    "Startup Cost": 0.0,
                    "Total Cost": 248955.74,
                    "Plan Rows": 8696274,
                    "Plan Width": 4,
                    "Actual Startup Time": 0.016,
                    "Actual Total Time": 730.829,
                    "Actual Rows": 7417860,
                    "Actual Loops": 2
                  },
                  {
                    "Node Type": "Hash",
                    "Parent Relationship": "Inner",
                    "Parallel Aware": true,
                    "Startup Cost": 53811.85,
                    "Total Cost": 53811.85,
                    "Plan Rows": 326455,
                    "Plan Width": 4,
                    "Actual Startup Time": 179.415,
                    "Actual Total Time": 179.417,
                    "Actual Rows": 217078,
                    "Actual Loops": 2,
                    "Hash Buckets": 1048576,
                    "Original Hash Buckets": 1048576,
                    "Hash Batches": 1,
                    "Original Hash Batches": 1,
                    "Peak Memory Usage": 25216,
                    "Plans": [
                      {
                        "Node Type": "Bitmap Heap Scan",
                        "Parent Relationship": "Outer",
                        "Parallel Aware": true,
                        "Relation Name": "title",
                        "Alias": "t",
                        "Startup Cost": 11961.59,
                        "Total Cost": 53811.85,
                        "Plan Rows": 326455,
                        "Plan Width": 4,
                        "Actual Startup Time": 37.076,
                        "Actual Total Time": 115.352,
                        "Actual Rows": 217078,
                        "Actual Loops": 2,
                        "Recheck Cond": "(kind_id = 1)",
                        "Rows Removed by Index Recheck": 0,
                        "Filter": "(production_year > 1968)",
                        "Rows Removed by Filter": 114334,
                        "Exact Heap Blocks": 6503,
                        "Lossy Heap Blocks": 0,
                        "Plans": [
                          {
                            "Node Type": "Bitmap Index Scan",
                            "Parent Relationship": "Outer",
                            "Parallel Aware": false,
                            "Index Name": "kind_id_title",
                            "Startup Cost": 0.0,
                            "Total Cost": 11822.85,
                            "Plan Rows": 663256,
                            "Plan Width": 0,
                            "Actual Startup Time": 34.139,
                            "Actual Total Time": 34.139,
                            "Actual Rows": 662825,
                            "Actual Loops": 1,
                            "Index Cond": "(kind_id = 1)"
                          }
                        ]
                      }
                    ]
                  }
                ]
              }
            ]
          }
        ]
      }
    ]
  },
  "Planning Time": 0.609,
  "Triggers": [],
  "Execution Time": 2424.277
}