{
  "Plan": {
    "Node Type": "Aggregate",
    "Strategy": "Plain",
    "Partial Mode": "Finalize",
    "Parallel Aware": false,
    "Startup Cost": 170993.05,
    "Total Cost": 170993.06,
    "Plan Rows": 1,
    "Plan Width": 8,
    "Actual Startup Time": 1122.014,
    "Actual Total Time": 1143.282,
    "Actual Rows": 1,
    "Actual Loops": 1,
    "Plans": [
      {
        "Node Type": "Gather",
        "Parent Relationship": "Outer",
        "Parallel Aware": false,
        "Startup Cost": 170992.93,
        "Total Cost": 170993.04,
        "Plan Rows": 1,
        "Plan Width": 8,
        "Actual Startup Time": 1117.949,
        "Actual Total Time": 1143.274,
        "Actual Rows": 2,
        "Actual Loops": 1,
        "Workers Planned": 1,
        "Workers Launched": 1,
        "Single Copy": false,
        "Plans": [
          {
            "Node Type": "Aggregate",
            "Strategy": "Plain",
            "Partial Mode": "Partial",
            "Parent Relationship": "Outer",
            "Parallel Aware": false,
            "Startup Cost": 169992.93,
            "Total Cost": 169992.94,
            "Plan Rows": 1,
            "Plan Width": 8,
            "Actual Startup Time": 1110.61,
            "Actual Total Time": 1110.614,
            "Actual Rows": 1,
            "Actual Loops": 2,
            "Plans": [
              {
                "Node Type": "Nested Loop",
                "Parent Relationship": "Outer",
                "Parallel Aware": false,
                "Join Type": "Inner",
                "Startup Cost": 71587.33,
                "Total Cost": 169716.9,
                "Plan Rows": 110412,
                "Plan Width": 0,
                "Actual Startup Time": 435.521,
                "Actual Total Time": 1065.287,
                "Actual Rows": 884951,
                "Actual Loops": 2,
                "Inner Unique": false,
                "Plans": [
                  {
                    "Node Type": "Hash Join",
                    "Parent Relationship": "Outer",
                    "Parallel Aware": true,
                    "Join Type": "Inner",
                    "Startup Cost": 71586.9,
                    "Total Cost": 99312.08,
                    "Plan Rows": 106992,
                    "Plan Width": 8,
                    "Actual Startup Time": 435.444,
                    "Actual Total Time": 555.527,
                    "Actual Rows": 113217,
                    "Actual Loops": 2,
                    "Inner Unique": true,
                    "Hash Cond": "(mk.movie_id = t.id)",
                    "Plans": [
                      {
                        "Node Type": "Bitmap Heap Scan",
                        "Parent Relationship": "Outer",
                        "Parallel Aware": true,
                        "Relation Name": "movie_keyword",
                        "Alias": "mk",
                        "Startup Cost": 7801.87,
                        "Total Cost": 34959.33,
                        "Plan Rows": 216276,
                        "Plan Width": 4,
                        "Actual Startup Time": 24.751,
                        "Actual Total Time": 86.716,
                        "Actual Rows": 177710,
                        "Actual Loops": 2,
                        "Recheck Cond": "(keyword_id > 46981)",
                        "Rows Removed by Index Recheck": 0,
                        "Exact Heap Blocks": 14270,
                        "Lossy Heap Blocks": 0,
                        "Plans": [
                          {
                            "Node Type": "Bitmap Index Scan",
                            "Parent Relationship": "Outer",
                            "Parallel Aware": false,
                            "Index Name": "keyword_id_movie_keyword",
                            "Startup Cost": 0.0,
                            "Total Cost": 7709.96,
                            "Plan Rows": 367670,
                            "Plan Width": 0,
                            "Actual Startup Time": 21.444,
                            "Actual Total Time": 21.444,
                            "Actual Rows": 355421,
                            "Actual Loops": 1,
                            "Index Cond": "(keyword_id > 46981)"
                          }
                        ]
                      },
                      {
                        "Node Type": "Hash",
                        "Parent Relationship": "Inner",
                        "Parallel Aware": true,
                        "Startup Cost": 54588.39,
                        "Total Cost": 54588.39,
                        "Plan Rows": 735731,
                        "Plan Width": 4,
                        "Actual Startup Time": 396.414,
                        "Actual Total Time": 396.415,
                        "Actual Rows": 631850,
                        "Actual Loops": 2,
                        "Hash Buckets": 2097152,
                        "Original Hash Buckets": 2097152,
                        "Hash Batches": 1,
                        "Original Hash Batches": 1,
                        "Peak Memory Usage": 65856,
                        "Plans": [
                          {
                            "Node Type": "Seq Scan",
                            "Parent Relationship": "Outer",
                            "Parallel Aware": true,
                            "Relation Name": "title",
                            "Alias": "t",
                            "Startup Cost": 0.0,
                            "Total Cost": 54588.39,
                            "Plan Rows": 735731,
                            "Plan Width": 4,
                            "Actual Startup Time": 0.028,
                            "Actual Total Time": 190.273,
                            "Actual Rows": 631850,
                            "Actual Loops": 2,
                            "Filter": "(production_year < 2004)",
                            "Rows Removed by Filter": 632306
                          }
                        ]
                      }
                    ]
                  },
                  {
                    "Node Type": "Index Only Scan",
                    "Parent Relationship": "Inner",
                    "Parallel Aware": false,
                    "Scan Direction": "Forward",
                    "Index Name": "movie_id_movie_companies",
                    "Relation Name": "movie_companies",
                    "Alias": "mc",
                    "Startup Cost": 0.43,
                    "Total Cost": 0.61,
                    "Plan Rows": 5,
                    "Plan Width": 4,
                    "Actual Startup Time": 0.002,
                    "Actual Total Time": 0.004,
                    "Actual Rows": 8,
                    "Actual Loops": 226434,
                    "Index Cond": "(movie_id = t.id)",
                    "Rows Removed by Index Recheck": 0,
                    "Heap Fetches": 1769902
                  }
                ]
              }
            ]
          }
        ]
      }
    ]
  },
  "Planning Time": 1.049,
  "Triggers": [],
  "Execution Time": 1143.388
}