[
    {
        "Bao": {
            "Bao prediction": "NaN",
            "Bao recommended hint": "(no hint)"
        }
    },
    {
        "Plan": {
            "Node Type": "Aggregate",
            "Strategy": "Plain",
            "Partial Mode": "Finalize",
            "Parallel Aware": false,
            "Startup Cost": 36941.68,
            "Total Cost": 36941.69,
            "Plan Rows": 1,
            "Plan Width": 8,
            "Actual Startup Time": 104.996,
            "Actual Total Time": 111.323,
            "Actual Rows": 1,
            "Actual Loops": 1,
            "Output": [
                "count(*)"
            ],
            "Plans": [
                {
                    "Node Type": "Gather",
                    "Parent Relationship": "Outer",
                    "Parallel Aware": false,
                    "Startup Cost": 36941.36,
                    "Total Cost": 36941.67,
                    "Plan Rows": 3,
                    "Plan Width": 8,
                    "Actual Startup Time": 104.658,
                    "Actual Total Time": 111.315,
                    "Actual Rows": 4,
                    "Actual Loops": 1,
                    "Output": [
                        "(PARTIAL count(*))"
                    ],
                    "Workers Planned": 3,
                    "Workers Launched": 3,
                    "Single Copy": false,
                    "Plans": [
                        {
                            "Node Type": "Aggregate",
                            "Strategy": "Plain",
                            "Partial Mode": "Partial",
                            "Parent Relationship": "Outer",
                            "Parallel Aware": false,
                            "Startup Cost": 35941.36,
                            "Total Cost": 35941.37,
                            "Plan Rows": 1,
                            "Plan Width": 8,
                            "Actual Startup Time": 96.255,
                            "Actual Total Time": 96.257,
                            "Actual Rows": 1,
                            "Actual Loops": 4,
                            "Output": [
                                "PARTIAL count(*)"
                            ],
                            "Workers": [
                                {
                                    "Worker Number": 0,
                                    "Actual Startup Time": 93.442,
                                    "Actual Total Time": 93.444,
                                    "Actual Rows": 1,
                                    "Actual Loops": 1
                                },
                                {
                                    "Worker Number": 1,
                                    "Actual Startup Time": 93.541,
                                    "Actual Total Time": 93.543,
                                    "Actual Rows": 1,
                                    "Actual Loops": 1
                                },
                                {
                                    "Worker Number": 2,
                                    "Actual Startup Time": 93.619,
                                    "Actual Total Time": 93.621,
                                    "Actual Rows": 1,
                                    "Actual Loops": 1
                                }
                            ],
                            "Plans": [
                                {
                                    "Node Type": "Bitmap Heap Scan",
                                    "Parent Relationship": "Outer",
                                    "Parallel Aware": true,
                                    "Relation Name": "movie_keyword",
                                    "Schema": "public",
                                    "Alias": "mk",
                                    "Startup Cost": 9353.76,
                                    "Total Cost": 35585.76,
                                    "Plan Rows": 142240,
                                    "Plan Width": 0,
                                    "Actual Startup Time": 20.27,
                                    "Actual Total Time": 89.766,
                                    "Actual Rows": 110305,
                                    "Actual Loops": 4,
                                    "Recheck Cond": "(mk.keyword_id < 343)",
                                    "Rows Removed by Index Recheck": 0,
                                    "Exact Heap Blocks": 11291,
                                    "Lossy Heap Blocks": 0,
                                    "Workers": [
                                        {
                                            "Worker Number": 0,
                                            "Actual Startup Time": 17.62,
                                            "Actual Total Time": 87.334,
                                            "Actual Rows": 65853,
                                            "Actual Loops": 1
                                        },
                                        {
                                            "Worker Number": 1,
                                            "Actual Startup Time": 17.635,
                                            "Actual Total Time": 87.644,
                                            "Actual Rows": 88273,
                                            "Actual Loops": 1
                                        },
                                        {
                                            "Worker Number": 2,
                                            "Actual Startup Time": 17.666,
                                            "Actual Total Time": 88.214,
                                            "Actual Rows": 80375,
                                            "Actual Loops": 1
                                        }
                                    ],
                                    "Plans": [
                                        {
                                            "Node Type": "Bitmap Index Scan",
                                            "Parent Relationship": "Outer",
                                            "Parallel Aware": false,
                                            "Index Name": "keyword_id_movie_keyword",
                                            "Startup Cost": 0.0,
                                            "Total Cost": 9243.52,
                                            "Plan Rows": 440945,
                                            "Plan Width": 0,
                                            "Actual Startup Time": 24.639,
                                            "Actual Total Time": 24.639,
                                            "Actual Rows": 441219,
                                            "Actual Loops": 1,
                                            "Index Cond": "(mk.keyword_id < 343)"
                                        }
                                    ]
                                }
                            ]
                        }
                    ]
                }
            ]
        },
        "Planning Time": 189.675,
        "Triggers": [],
        "Execution Time": 111.371
    }
]