[
  {
    "Plan": {
      "Node Type": "Aggregate",
      "Strategy": "Plain",
      "Partial Mode": "Finalize",
      "Parallel Aware": false,
      "Startup Cost": 321976.85,
      "Total Cost": 321976.86,
      "Plan Rows": 1,
      "Plan Width": 8,
      "Actual Startup Time": 358.607,
      "Actual Total Time": 418.94,
      "Actual Rows": 1,
      "Actual Loops": 1,
      "Plans": [
        {
          "Node Type": "Gather",
          "Parent Relationship": "Outer",
          "Parallel Aware": false,
          "Startup Cost": 321976.43,
          "Total Cost": 321976.84,
          "Plan Rows": 4,
          "Plan Width": 8,
          "Actual Startup Time": 357.999,
          "Actual Total Time": 418.929,
          "Actual Rows": 5,
          "Actual Loops": 1,
          "Workers Planned": 4,
          "Workers Launched": 4,
          "Single Copy": false,
          "Plans": [
            {
              "Node Type": "Aggregate",
              "Strategy": "Plain",
              "Partial Mode": "Partial",
              "Parent Relationship": "Outer",
              "Parallel Aware": false,
              "Startup Cost": 320976.43,
              "Total Cost": 320976.44,
              "Plan Rows": 1,
              "Plan Width": 8,
              "Actual Startup Time": 353.224,
              "Actual Total Time": 353.225,
              "Actual Rows": 1,
              "Actual Loops": 5,
              "Plans": [
                {
                  "Node Type": "Nested Loop",
                  "Parent Relationship": "Outer",
                  "Parallel Aware": false,
                  "Join Type": "Inner",
                  "Startup Cost": 0.56,
                  "Total Cost": 320822.62,
                  "Plan Rows": 61523,
                  "Plan Width": 0,
                  "Actual Startup Time": 53.415,
                  "Actual Total Time": 345.981,
                  "Actual Rows": 74526,
                  "Actual Loops": 5,
                  "Inner Unique": false,
                  "Plans": [
                    {
                      "Node Type": "Seq Scan",
                      "Parent Relationship": "Outer",
                      "Parallel Aware": true,
                      "Relation Name": "title",
                      "Alias": "t",
                      "Startup Cost": 0.0,
                      "Total Cost": 45479.59,
                      "Plan Rows": 4291,
                      "Plan Width": 4,
                      "Actual Startup Time": 53.28,
                      "Actual Total Time": 86.715,
                      "Actual Rows": 3761,
                      "Actual Loops": 5,
                      "Filter": "((kind_id = 1) AND (production_year = 2013))",
                      "Rows Removed by Filter": 501902
                    },
                    {
                      "Node Type": "Index Only Scan",
                      "Parent Relationship": "Inner",
                      "Parallel Aware": false,
                      "Scan Direction": "Forward",
                      "Index Name": "movie_id_cast_info",
                      "Relation Name": "cast_info",
                      "Alias": "ci",
                      "Startup Cost": 0.56,
                      "Total Cost": 63.82,
                      "Plan Rows": 35,
                      "Plan Width": 4,
                      "Actual Startup Time": 0.012,
                      "Actual Total Time": 0.066,
                      "Actual Rows": 20,
                      "Actual Loops": 18804,
                      "Index Cond": "(movie_id = t.id)",
                      "Rows Removed by Index Recheck": 0,
                      "Heap Fetches": 372628
                    }
                  ]
                }
              ]
            }
          ]
        }
      ]
    },
    "Planning Time": 0.429,
    "Triggers": [],
    "Execution Time": 419.007
  }
]