[
  {
    "Plan": {
      "Node Type": "Aggregate",
      "Strategy": "Plain",
      "Partial Mode": "Finalize",
      "Parallel Aware": false,
      "Startup Cost": 31219.5,
      "Total Cost": 31219.51,
      "Plan Rows": 1,
      "Plan Width": 8,
      "Actual Startup Time": 74.211,
      "Actual Total Time": 79.385,
      "Actual Rows": 1,
      "Actual Loops": 1,
      "Plans": [
        {
          "Node Type": "Gather",
          "Parent Relationship": "Outer",
          "Parallel Aware": false,
          "Startup Cost": 31219.08,
          "Total Cost": 31219.49,
          "Plan Rows": 4,
          "Plan Width": 8,
          "Actual Startup Time": 73.995,
          "Actual Total Time": 79.377,
          "Actual Rows": 5,
          "Actual Loops": 1,
          "Workers Planned": 4,
          "Workers Launched": 4,
          "Single Copy": false,
          "Plans": [
            {
              "Node Type": "Aggregate",
              "Strategy": "Plain",
              "Partial Mode": "Partial",
              "Parent Relationship": "Outer",
              "Parallel Aware": false,
              "Startup Cost": 30219.08,
              "Total Cost": 30219.09,
              "Plan Rows": 1,
              "Plan Width": 8,
              "Actual Startup Time": 66.22,
              "Actual Total Time": 66.221,
              "Actual Rows": 1,
              "Actual Loops": 5,
              "Plans": [
                {
                  "Node Type": "Index Scan",
                  "Parent Relationship": "Outer",
                  "Parallel Aware": true,
                  "Scan Direction": "Forward",
                  "Index Name": "role_id_cast_info",
                  "Relation Name": "cast_info",
                  "Alias": "ci",
                  "Startup Cost": 0.56,
                  "Total Cost": 29567.14,
                  "Plan Rows": 260776,
                  "Plan Width": 0,
                  "Actual Startup Time": 0.144,
                  "Actual Total Time": 54.477,
                  "Actual Rows": 217336,
                  "Actual Loops": 5,
                  "Index Cond": "(role_id = 9)",
                  "Rows Removed by Index Recheck": 0,
                  "Filter": "(person_id > 58314)",
                  "Rows Removed by Filter": 1375
                }
              ]
            }
          ]
        }
      ]
    },
    "Planning Time": 0.232,
    "Triggers": [],
    "Execution Time": 79.448
  }
]