{
  "Plan": {
    "Node Type": "Aggregate",
    "Strategy": "Plain",
    "Partial Mode": "Finalize",
    "Parallel Aware": false,
    "Startup Cost": 239987.25,
    "Total Cost": 239987.26,
    "Plan Rows": 1,
    "Plan Width": 8,
    "Actual Startup Time": 361.888,
    "Actual Total Time": 368.339,
    "Actual Rows": 1,
    "Actual Loops": 1,
    "Plans": [
      {
        "Node Type": "Gather",
        "Parent Relationship": "Outer",
        "Parallel Aware": false,
        "Startup Cost": 239987.14,
        "Total Cost": 239987.25,
        "Plan Rows": 1,
        "Plan Width": 8,
        "Actual Startup Time": 360.157,
        "Actual Total Time": 368.331,
        "Actual Rows": 2,
        "Actual Loops": 1,
        "Workers Planned": 1,
        "Workers Launched": 1,
        "Single Copy": false,
        "Plans": [
          {
            "Node Type": "Aggregate",
            "Strategy": "Plain",
            "Partial Mode": "Partial",
            "Parent Relationship": "Outer",
            "Parallel Aware": false,
            "Startup Cost": 238987.14,
            "Total Cost": 238987.15,
            "Plan Rows": 1,
            "Plan Width": 8,
            "Actual Startup Time": 354.351,
            "Actual Total Time": 354.355,
            "Actual Rows": 1,
            "Actual Loops": 2,
            "Plans": [
              {
                "Node Type": "Hash Join",
                "Parent Relationship": "Outer",
                "Parallel Aware": true,
                "Join Type": "Inner",
                "Startup Cost": 70470.93,
                "Total Cost": 238716.04,
                "Plan Rows": 108439,
                "Plan Width": 0,
                "Actual Startup Time": 264.101,
                "Actual Total Time": 347.134,
                "Actual Rows": 181776,
                "Actual Loops": 2,
                "Inner Unique": true,
                "Hash Cond": "(mi.movie_id = t.id)",
                "Plans": [
                  {
                    "Node Type": "Bitmap Heap Scan",
                    "Parent Relationship": "Outer",
                    "Parallel Aware": true,
                    "Relation Name": "movie_info",
                    "Alias": "mi",
                    "Startup Cost": 12730.49,
                    "Total Cost": 179890.53,
                    "Plan Rows": 413363,
                    "Plan Width": 4,
                    "Actual Startup Time": 19.703,
                    "Actual Total Time": 58.375,
                    "Actual Rows": 330462,
                    "Actual Loops": 2,
                    "Recheck Cond": "(info_type_id = 18)",
                    "Rows Removed by Index Recheck": 0,
                    "Exact Heap Blocks": 3714,
                    "Lossy Heap Blocks": 0,
                    "Plans": [
                      {
                        "Node Type": "Bitmap Index Scan",
                        "Parent Relationship": "Outer",
                        "Parallel Aware": false,
                        "Index Name": "info_type_id_movie_info",
                        "Startup Cost": 0.0,
                        "Total Cost": 12554.81,
                        "Plan Rows": 702717,
                        "Plan Width": 0,
                        "Actual Startup Time": 18.719,
                        "Actual Total Time": 18.72,
                        "Actual Rows": 660923,
                        "Actual Loops": 1,
                        "Index Cond": "(info_type_id = 18)"
                      }
                    ]
                  },
                  {
                    "Node Type": "Hash",
                    "Parent Relationship": "Inner",
                    "Parallel Aware": true,
                    "Startup Cost": 52863.55,
                    "Total Cost": 52863.55,
                    "Plan Rows": 390151,
                    "Plan Width": 4,
                    "Actual Startup Time": 195.261,
                    "Actual Total Time": 195.262,
                    "Actual Rows": 331412,
                    "Actual Loops": 2,
                    "Hash Buckets": 1048576,
                    "Original Hash Buckets": 1048576,
                    "Hash Batches": 1,
                    "Original Hash Batches": 1,
                    "Peak Memory Usage": 34176,
                    "Plans": [
                      {
                        "Node Type": "Bitmap Heap Scan",
                        "Parent Relationship": "Outer",
                        "Parallel Aware": true,
                        "Relation Name": "title",
                        "Alias": "t",
                        "Startup Cost": 11988.66,
                        "Total Cost": 52863.55,
                        "Plan Rows": 390151,
                        "Plan Width": 4,
                        "Actual Startup Time": 30.66,
                        "Actual Total Time": 96.338,
                        "Actual Rows": 331412,
                        "Actual Loops": 2,
                        "Recheck Cond": "(kind_id < 2)",
                        "Rows Removed by Index Recheck": 0,
                        "Exact Heap Blocks": 7733,
                        "Lossy Heap Blocks": 0,
                        "Plans": [
                          {
                            "Node Type": "Bitmap Index Scan",
                            "Parent Relationship": "Outer",
                            "Parallel Aware": false,
                            "Index Name": "kind_id_title",
                            "Startup Cost": 0.0,
                            "Total Cost": 11822.85,
                            "Plan Rows": 663256,
                            "Plan Width": 0,
                            "Actual Startup Time": 28.841,
                            "Actual Total Time": 28.841,
                            "Actual Rows": 662825,
                            "Actual Loops": 1,
                            "Index Cond": "(kind_id < 2)"
                          }
                        ]
                      }
                    ]
                  }
                ]
              }
            ]
          }
        ]
      }
    ]
  },
  "Planning Time": 0.662,
  "Triggers": [],
  "Execution Time": 368.441
}