{
  "Plan": {
    "Node Type": "Aggregate",
    "Strategy": "Plain",
    "Partial Mode": "Finalize",
    "Parallel Aware": false,
    "Startup Cost": 109837.53,
    "Total Cost": 109837.54,
    "Plan Rows": 1,
    "Plan Width": 8,
    "Actual Startup Time": 842.768,
    "Actual Total Time": 860.964,
    "Actual Rows": 1,
    "Actual Loops": 1,
    "Plans": [
      {
        "Node Type": "Gather",
        "Parent Relationship": "Outer",
        "Parallel Aware": false,
        "Startup Cost": 109837.42,
        "Total Cost": 109837.53,
        "Plan Rows": 1,
        "Plan Width": 8,
        "Actual Startup Time": 840.696,
        "Actual Total Time": 860.955,
        "Actual Rows": 2,
        "Actual Loops": 1,
        "Workers Planned": 1,
        "Workers Launched": 1,
        "Single Copy": false,
        "Plans": [
          {
            "Node Type": "Aggregate",
            "Strategy": "Plain",
            "Partial Mode": "Partial",
            "Parent Relationship": "Outer",
            "Parallel Aware": false,
            "Startup Cost": 108837.42,
            "Total Cost": 108837.43,
            "Plan Rows": 1,
            "Plan Width": 8,
            "Actual Startup Time": 832.441,
            "Actual Total Time": 832.445,
            "Actual Rows": 1,
            "Actual Loops": 2,
            "Plans": [
              {
                "Node Type": "Hash Join",
                "Parent Relationship": "Outer",
                "Parallel Aware": true,
                "Join Type": "Inner",
                "Startup Cost": 45776.06,
                "Total Cost": 108275.42,
                "Plan Rows": 224800,
                "Plan Width": 0,
                "Actual Startup Time": 298.299,
                "Actual Total Time": 816.121,
                "Actual Rows": 311060,
                "Actual Loops": 2,
                "Inner Unique": false,
                "Hash Cond": "(t.id = mc.movie_id)",
                "Plans": [
                  {
                    "Node Type": "Seq Scan",
                    "Parent Relationship": "Outer",
                    "Parallel Aware": true,
                    "Relation Name": "title",
                    "Alias": "t",
                    "Startup Cost": 0.0,
                    "Total Cost": 54588.39,
                    "Plan Rows": 1054178,
                    "Plan Width": 4,
                    "Actual Startup Time": 0.012,
                    "Actual Total Time": 194.354,
                    "Actual Rows": 897076,
                    "Actual Loops": 2,
                    "Filter": "(production_year < 2009)",
                    "Rows Removed by Filter": 367080
                  },
                  {
                    "Node Type": "Hash",
                    "Parent Relationship": "Inner",
                    "Parallel Aware": true,
                    "Startup Cost": 41811.73,
                    "Total Cost": 41811.73,
                    "Plan Rows": 317147,
                    "Plan Width": 4,
                    "Actual Startup Time": 286.492,
                    "Actual Total Time": 286.493,
                    "Actual Rows": 420345,
                    "Actual Loops": 2,
                    "Hash Buckets": 1048576,
                    "Original Hash Buckets": 1048576,
                    "Hash Batches": 1,
                    "Original Hash Batches": 1,
                    "Peak Memory Usage": 41088,
                    "Plans": [
                      {
                        "Node Type": "Seq Scan",
                        "Parent Relationship": "Outer",
                        "Parallel Aware": true,
                        "Relation Name": "movie_companies",
                        "Alias": "mc",
                        "Startup Cost": 0.0,
                        "Total Cost": 41811.73,
                        "Plan Rows": 317147,
                        "Plan Width": 4,
                        "Actual Startup Time": 74.036,
                        "Actual Total Time": 161.903,
                        "Actual Rows": 420345,
                        "Actual Loops": 2,
                        "Filter": "((company_id > 14490) AND (company_type_id > 1))",
                        "Rows Removed by Filter": 884220
                      }
                    ]
                  }
                ]
              }
            ]
          }
        ]
      }
    ]
  },
  "Planning Time": 0.512,
  "Triggers": [],
  "Execution Time": 861.054
}