{
  "Plan": {
    "Node Type": "Aggregate",
    "Strategy": "Plain",
    "Partial Mode": "Finalize",
    "Parallel Aware": false,
    "Startup Cost": 163454.78,
    "Total Cost": 163454.79,
    "Plan Rows": 1,
    "Plan Width": 8,
    "Actual Startup Time": 1367.096,
    "Actual Total Time": 1391.123,
    "Actual Rows": 1,
    "Actual Loops": 1,
    "Plans": [
      {
        "Node Type": "Gather",
        "Parent Relationship": "Outer",
        "Parallel Aware": false,
        "Startup Cost": 163454.67,
        "Total Cost": 163454.78,
        "Plan Rows": 1,
        "Plan Width": 8,
        "Actual Startup Time": 1361.362,
        "Actual Total Time": 1391.113,
        "Actual Rows": 2,
        "Actual Loops": 1,
        "Workers Planned": 1,
        "Workers Launched": 1,
        "Single Copy": false,
        "Plans": [
          {
            "Node Type": "Aggregate",
            "Strategy": "Plain",
            "Partial Mode": "Partial",
            "Parent Relationship": "Outer",
            "Parallel Aware": false,
            "Startup Cost": 162454.67,
            "Total Cost": 162454.68,
            "Plan Rows": 1,
            "Plan Width": 8,
            "Actual Startup Time": 1355.424,
            "Actual Total Time": 1355.719,
            "Actual Rows": 1,
            "Actual Loops": 2,
            "Plans": [
              {
                "Node Type": "Hash Join",
                "Parent Relationship": "Outer",
                "Parallel Aware": true,
                "Join Type": "Inner",
                "Startup Cost": 119135.89,
                "Total Cost": 161433.02,
                "Plan Rows": 408660,
                "Plan Width": 0,
                "Actual Startup Time": 808.454,
                "Actual Total Time": 1246.395,
                "Actual Rows": 2615486,
                "Actual Loops": 2,
                "Inner Unique": false,
                "Hash Cond": "(mc.movie_id = t.id)",
                "Plans": [
                  {
                    "Node Type": "Seq Scan",
                    "Parent Relationship": "Outer",
                    "Parallel Aware": true,
                    "Relation Name": "movie_companies",
                    "Alias": "mc",
                    "Startup Cost": 0.0,
                    "Total Cost": 34137.82,
                    "Plan Rows": 1534782,
                    "Plan Width": 4,
                    "Actual Startup Time": 0.016,
                    "Actual Total Time": 98.408,
                    "Actual Rows": 1304564,
                    "Actual Loops": 2
                  },
                  {
                    "Node Type": "Hash",
                    "Parent Relationship": "Inner",
                    "Parallel Aware": true,
                    "Startup Cost": 114185.9,
                    "Total Cost": 114185.9,
                    "Plan Rows": 395999,
                    "Plan Width": 8,
                    "Actual Startup Time": 789.847,
                    "Actual Total Time": 790.14,
                    "Actual Rows": 331208,
                    "Actual Loops": 2,
                    "Hash Buckets": 1048576,
                    "Original Hash Buckets": 1048576,
                    "Hash Batches": 1,
                    "Original Hash Batches": 1,
                    "Peak Memory Usage": 34144,
                    "Plans": [
                      {
                        "Node Type": "Hash Join",
                        "Parent Relationship": "Outer",
                        "Parallel Aware": true,
                        "Join Type": "Inner",
                        "Startup Cost": 83742.42,
                        "Total Cost": 114185.9,
                        "Plan Rows": 395999,
                        "Plan Width": 8,
                        "Actual Startup Time": 552.366,
                        "Actual Total Time": 715.338,
                        "Actual Rows": 331208,
                        "Actual Loops": 2,
                        "Inner Unique": true,
                        "Hash Cond": "(mk.movie_id = t.id)",
                        "Plans": [
                          {
                            "Node Type": "Bitmap Heap Scan",
                            "Parent Relationship": "Outer",
                            "Parallel Aware": true,
                            "Relation Name": "movie_keyword",
                            "Alias": "mk",
                            "Startup Cost": 14281.72,
                            "Total Cost": 43685.7,
                            "Plan Rows": 395999,
                            "Plan Width": 4,
                            "Actual Startup Time": 36.282,
                            "Actual Total Time": 110.88,
                            "Actual Rows": 331208,
                            "Actual Loops": 2,
                            "Recheck Cond": "(keyword_id > 28386)",
                            "Rows Removed by Index Recheck": 0,
                            "Exact Heap Blocks": 12580,
                            "Lossy Heap Blocks": 0,
                            "Plans": [
                              {
                                "Node Type": "Bitmap Index Scan",
                                "Parent Relationship": "Outer",
                                "Parallel Aware": false,
                                "Index Name": "keyword_id_movie_keyword",
                                "Startup Cost": 0.0,
                                "Total Cost": 14113.42,
                                "Plan Rows": 673198,
                                "Plan Width": 0,
                                "Actual Startup Time": 32.769,
                                "Actual Total Time": 32.77,
                                "Actual Rows": 662416,
                                "Actual Loops": 1,
                                "Index Cond": "(keyword_id > 28386)"
                              }
                            ]
                          },
                          {
                            "Node Type": "Hash",
                            "Parent Relationship": "Inner",
                            "Parallel Aware": true,
                            "Startup Cost": 50870.31,
                            "Total Cost": 50870.31,
                            "Plan Rows": 1487231,
                            "Plan Width": 4,
                            "Actual Startup Time": 500.138,
                            "Actual Total Time": 500.139,
                            "Actual Rows": 1264156,
                            "Actual Loops": 2,
                            "Hash Buckets": 4194304,
                            "Original Hash Buckets": 4194304,
                            "Hash Batches": 1,
                            "Original Hash Batches": 1,
                            "Peak Memory Usage": 131712,
                            "Plans": [
                              {
                                "Node Type": "Seq Scan",
                                "Parent Relationship": "Outer",
                                "Parallel Aware": true,
                                "Relation Name": "title",
                                "Alias": "t",
                                "Startup Cost": 0.0,
                                "Total Cost": 50870.31,
                                "Plan Rows": 1487231,
                                "Plan Width": 4,
                                "Actual Startup Time": 0.037,
                                "Actual Total Time": 146.836,
                                "Actual Rows": 1264156,
                                "Actual Loops": 2
                              }
                            ]
                          }
                        ]
                      }
                    ]
                  }
                ]
              }
            ]
          }
        ]
      }
    ]
  },
  "Planning Time": 1.138,
  "Triggers": [],
  "Execution Time": 1391.224
}