[
  {
    "Plan": {
      "Node Type": "Aggregate",
      "Strategy": "Plain",
      "Partial Mode": "Finalize",
      "Parallel Aware": false,
      "Startup Cost": 35384.87,
      "Total Cost": 35384.88,
      "Plan Rows": 1,
      "Plan Width": 8,
      "Actual Startup Time": 113.069,
      "Actual Total Time": 121.596,
      "Actual Rows": 1,
      "Actual Loops": 1,
      "Plans": [
        {
          "Node Type": "Gather",
          "Parent Relationship": "Outer",
          "Parallel Aware": false,
          "Startup Cost": 35384.56,
          "Total Cost": 35384.87,
          "Plan Rows": 3,
          "Plan Width": 8,
          "Actual Startup Time": 112.818,
          "Actual Total Time": 121.586,
          "Actual Rows": 4,
          "Actual Loops": 1,
          "Workers Planned": 3,
          "Workers Launched": 3,
          "Single Copy": false,
          "Plans": [
            {
              "Node Type": "Aggregate",
              "Strategy": "Plain",
              "Partial Mode": "Partial",
              "Parent Relationship": "Outer",
              "Parallel Aware": false,
              "Startup Cost": 34384.56,
              "Total Cost": 34384.57,
              "Plan Rows": 1,
              "Plan Width": 8,
              "Actual Startup Time": 108.89,
              "Actual Total Time": 108.892,
              "Actual Rows": 1,
              "Actual Loops": 4,
              "Plans": [
                {
                  "Node Type": "Bitmap Heap Scan",
                  "Parent Relationship": "Outer",
                  "Parallel Aware": true,
                  "Relation Name": "movie_keyword",
                  "Alias": "mk",
                  "Startup Cost": 8086.31,
                  "Total Cost": 34077.18,
                  "Plan Rows": 122950,
                  "Plan Width": 0,
                  "Actual Startup Time": 37.346,
                  "Actual Total Time": 102.503,
                  "Actual Rows": 95516,
                  "Actual Loops": 4,
                  "Recheck Cond": "(keyword_id > 44781)",
                  "Rows Removed by Index Recheck": 0,
                  "Exact Heap Blocks": 8164,
                  "Lossy Heap Blocks": 0,
                  "Plans": [
                    {
                      "Node Type": "Bitmap Index Scan",
                      "Parent Relationship": "Outer",
                      "Parallel Aware": false,
                      "Index Name": "keyword_id_movie_keyword",
                      "Startup Cost": 0.0,
                      "Total Cost": 7991.02,
                      "Plan Rows": 381145,
                      "Plan Width": 0,
                      "Actual Startup Time": 35.577,
                      "Actual Total Time": 35.578,
                      "Actual Rows": 382065,
                      "Actual Loops": 1,
                      "Index Cond": "(keyword_id > 44781)"
                    }
                  ]
                }
              ]
            }
          ]
        }
      ]
    },
    "Planning Time": 0.106,
    "Triggers": [],
    "Execution Time": 121.641
  }
]