[
  {
    "Plan": {
      "Node Type": "Aggregate",
      "Strategy": "Plain",
      "Partial Mode": "Finalize",
      "Parallel Aware": false,
      "Startup Cost": 199763.0,
      "Total Cost": 199763.01,
      "Plan Rows": 1,
      "Plan Width": 8,
      "Actual Startup Time": 275.06,
      "Actual Total Time": 289.644,
      "Actual Rows": 1,
      "Actual Loops": 1,
      "Plans": [
        {
          "Node Type": "Gather",
          "Parent Relationship": "Outer",
          "Parallel Aware": false,
          "Startup Cost": 199762.37,
          "Total Cost": 199762.98,
          "Plan Rows": 6,
          "Plan Width": 8,
          "Actual Startup Time": 274.852,
          "Actual Total Time": 289.634,
          "Actual Rows": 7,
          "Actual Loops": 1,
          "Workers Planned": 6,
          "Workers Launched": 6,
          "Single Copy": false,
          "Plans": [
            {
              "Node Type": "Aggregate",
              "Strategy": "Plain",
              "Partial Mode": "Partial",
              "Parent Relationship": "Outer",
              "Parallel Aware": false,
              "Startup Cost": 198762.37,
              "Total Cost": 198762.38,
              "Plan Rows": 1,
              "Plan Width": 8,
              "Actual Startup Time": 266.291,
              "Actual Total Time": 266.292,
              "Actual Rows": 1,
              "Actual Loops": 7,
              "Plans": [
                {
                  "Node Type": "Index Scan",
                  "Parent Relationship": "Outer",
                  "Parallel Aware": true,
                  "Scan Direction": "Forward",
                  "Index Name": "role_id_cast_info",
                  "Relation Name": "cast_info",
                  "Alias": "ci",
                  "Startup Cost": 0.56,
                  "Total Cost": 197877.72,
                  "Plan Rows": 353860,
                  "Plan Width": 0,
                  "Actual Startup Time": 260.155,
                  "Actual Total Time": 265.283,
                  "Actual Rows": 22401,
                  "Actual Loops": 7,
                  "Index Cond": "(role_id = 2)",
                  "Rows Removed by Index Recheck": 0,
                  "Filter": "(person_id > 2678753)",
                  "Rows Removed by Filter": 1042166
                }
              ]
            }
          ]
        }
      ]
    },
    "Planning Time": 0.23,
    "Triggers": [],
    "Execution Time": 289.709
  }
]