{
  "Plan": {
    "Node Type": "Aggregate",
    "Strategy": "Plain",
    "Partial Mode": "Finalize",
    "Parallel Aware": false,
    "Startup Cost": 92675.61,
    "Total Cost": 92675.62,
    "Plan Rows": 1,
    "Plan Width": 8,
    "Actual Startup Time": 504.498,
    "Actual Total Time": 514.519,
    "Actual Rows": 1,
    "Actual Loops": 1,
    "Plans": [
      {
        "Node Type": "Gather",
        "Parent Relationship": "Outer",
        "Parallel Aware": false,
        "Startup Cost": 92675.49,
        "Total Cost": 92675.6,
        "Plan Rows": 1,
        "Plan Width": 8,
        "Actual Startup Time": 503.715,
        "Actual Total Time": 514.512,
        "Actual Rows": 2,
        "Actual Loops": 1,
        "Workers Planned": 1,
        "Workers Launched": 1,
        "Single Copy": false,
        "Plans": [
          {
            "Node Type": "Aggregate",
            "Strategy": "Plain",
            "Partial Mode": "Partial",
            "Parent Relationship": "Outer",
            "Parallel Aware": false,
            "Startup Cost": 91675.49,
            "Total Cost": 91675.5,
            "Plan Rows": 1,
            "Plan Width": 8,
            "Actual Startup Time": 497.581,
            "Actual Total Time": 497.585,
            "Actual Rows": 1,
            "Actual Loops": 2,
            "Plans": [
              {
                "Node Type": "Hash Join",
                "Parent Relationship": "Outer",
                "Parallel Aware": true,
                "Join Type": "Inner",
                "Startup Cost": 30640.04,
                "Total Cost": 91416.04,
                "Plan Rows": 103783,
                "Plan Width": 0,
                "Actual Startup Time": 138.032,
                "Actual Total Time": 490.2,
                "Actual Rows": 174959,
                "Actual Loops": 2,
                "Inner Unique": false,
                "Hash Cond": "(t.id = mc.movie_id)",
                "Plans": [
                  {
                    "Node Type": "Seq Scan",
                    "Parent Relationship": "Outer",
                    "Parallel Aware": true,
                    "Relation Name": "title",
                    "Alias": "t",
                    "Startup Cost": 0.0,
                    "Total Cost": 50870.31,
                    "Plan Rows": 1487231,
                    "Plan Width": 4,
                    "Actual Startup Time": 0.012,
                    "Actual Total Time": 128.032,
                    "Actual Rows": 1264156,
                    "Actual Loops": 2
                  },
                  {
                    "Node Type": "Hash",
                    "Parent Relationship": "Inner",
                    "Parallel Aware": true,
                    "Startup Cost": 29342.75,
                    "Total Cost": 29342.75,
                    "Plan Rows": 103783,
                    "Plan Width": 4,
                    "Actual Startup Time": 125.197,
                    "Actual Total Time": 125.198,
                    "Actual Rows": 174959,
                    "Actual Loops": 2,
                    "Hash Buckets": 524288,
                    "Original Hash Buckets": 262144,
                    "Hash Batches": 1,
                    "Original Hash Batches": 1,
                    "Peak Memory Usage": 19872,
                    "Plans": [
                      {
                        "Node Type": "Bitmap Heap Scan",
                        "Parent Relationship": "Outer",
                        "Parallel Aware": true,
                        "Relation Name": "movie_companies",
                        "Alias": "mc",
                        "Startup Cost": 7486.69,
                        "Total Cost": 29342.75,
                        "Plan Rows": 103783,
                        "Plan Width": 4,
                        "Actual Startup Time": 30.414,
                        "Actual Total Time": 74.035,
                        "Actual Rows": 174959,
                        "Actual Loops": 2,
                        "Recheck Cond": "(company_id > 88273)",
                        "Rows Removed by Index Recheck": 0,
                        "Filter": "(company_type_id = 2)",
                        "Rows Removed by Filter": 0,
                        "Exact Heap Blocks": 3371,
                        "Lossy Heap Blocks": 0,
                        "Plans": [
                          {
                            "Node Type": "Bitmap Index Scan",
                            "Parent Relationship": "Outer",
                            "Parallel Aware": false,
                            "Index Name": "company_id_movie_companies",
                            "Startup Cost": 0.0,
                            "Total Cost": 7442.58,
                            "Plan Rows": 347487,
                            "Plan Width": 0,
                            "Actual Startup Time": 31.753,
                            "Actual Total Time": 31.754,
                            "Actual Rows": 349918,
                            "Actual Loops": 1,
                            "Index Cond": "(company_id > 88273)"
                          }
                        ]
                      }
                    ]
                  }
                ]
              }
            ]
          }
        ]
      }
    ]
  },
  "Planning Time": 0.699,
  "Triggers": [],
  "Execution Time": 514.608
}