[
  {
    "Plan": {
      "Node Type": "Aggregate",
      "Strategy": "Plain",
      "Partial Mode": "Finalize",
      "Parallel Aware": false,
      "Startup Cost": 39215.24,
      "Total Cost": 39215.25,
      "Plan Rows": 1,
      "Plan Width": 8,
      "Actual Startup Time": 150.682,
      "Actual Total Time": 158.475,
      "Actual Rows": 1,
      "Actual Loops": 1,
      "Plans": [
        {
          "Node Type": "Gather",
          "Parent Relationship": "Outer",
          "Parallel Aware": false,
          "Startup Cost": 39214.92,
          "Total Cost": 39215.23,
          "Plan Rows": 3,
          "Plan Width": 8,
          "Actual Startup Time": 150.346,
          "Actual Total Time": 158.464,
          "Actual Rows": 4,
          "Actual Loops": 1,
          "Workers Planned": 3,
          "Workers Launched": 3,
          "Single Copy": false,
          "Plans": [
            {
              "Node Type": "Aggregate",
              "Strategy": "Plain",
              "Partial Mode": "Partial",
              "Parent Relationship": "Outer",
              "Parallel Aware": false,
              "Startup Cost": 38214.92,
              "Total Cost": 38214.93,
              "Plan Rows": 1,
              "Plan Width": 8,
              "Actual Startup Time": 142.835,
              "Actual Total Time": 142.837,
              "Actual Rows": 1,
              "Actual Loops": 4,
              "Plans": [
                {
                  "Node Type": "Bitmap Heap Scan",
                  "Parent Relationship": "Outer",
                  "Parallel Aware": true,
                  "Relation Name": "movie_keyword",
                  "Alias": "mk",
                  "Startup Cost": 11205.45,
                  "Total Cost": 37789.01,
                  "Plan Rows": 170365,
                  "Plan Width": 0,
                  "Actual Startup Time": 54.065,
                  "Actual Total Time": 135.041,
                  "Actual Rows": 131520,
                  "Actual Loops": 4,
                  "Recheck Cond": "(keyword_id > 34546)",
                  "Rows Removed by Index Recheck": 0,
                  "Exact Heap Blocks": 10248,
                  "Lossy Heap Blocks": 0,
                  "Plans": [
                    {
                      "Node Type": "Bitmap Index Scan",
                      "Parent Relationship": "Outer",
                      "Parallel Aware": false,
                      "Index Name": "keyword_id_movie_keyword",
                      "Startup Cost": 0.0,
                      "Total Cost": 11073.42,
                      "Plan Rows": 528131,
                      "Plan Width": 0,
                      "Actual Startup Time": 57.202,
                      "Actual Total Time": 57.203,
                      "Actual Rows": 526079,
                      "Actual Loops": 1,
                      "Index Cond": "(keyword_id > 34546)"
                    }
                  ]
                }
              ]
            }
          ]
        }
      ]
    },
    "Planning Time": 0.197,
    "Triggers": [],
    "Execution Time": 158.554
  }
]