[
  {
    "Plan": {
      "Node Type": "Aggregate",
      "Strategy": "Plain",
      "Partial Mode": "Finalize",
      "Parallel Aware": false,
      "Startup Cost": 83725.65,
      "Total Cost": 83725.66,
      "Plan Rows": 1,
      "Plan Width": 8,
      "Actual Startup Time": 309.847,
      "Actual Total Time": 326.569,
      "Actual Rows": 1,
      "Actual Loops": 1,
      "Plans": [
        {
          "Node Type": "Gather",
          "Parent Relationship": "Outer",
          "Parallel Aware": false,
          "Startup Cost": 83725.33,
          "Total Cost": 83725.64,
          "Plan Rows": 3,
          "Plan Width": 8,
          "Actual Startup Time": 306.842,
          "Actual Total Time": 326.56,
          "Actual Rows": 4,
          "Actual Loops": 1,
          "Workers Planned": 3,
          "Workers Launched": 3,
          "Single Copy": false,
          "Plans": [
            {
              "Node Type": "Aggregate",
              "Strategy": "Plain",
              "Partial Mode": "Partial",
              "Parent Relationship": "Outer",
              "Parallel Aware": false,
              "Startup Cost": 82725.33,
              "Total Cost": 82725.34,
              "Plan Rows": 1,
              "Plan Width": 8,
              "Actual Startup Time": 297.823,
              "Actual Total Time": 297.827,
              "Actual Rows": 1,
              "Actual Loops": 4,
              "Plans": [
                {
                  "Node Type": "Hash Join",
                  "Parent Relationship": "Outer",
                  "Parallel Aware": true,
                  "Join Type": "Inner",
                  "Startup Cost": 55935.47,
                  "Total Cost": 82615.61,
                  "Plan Rows": 43890,
                  "Plan Width": 0,
                  "Actual Startup Time": 201.956,
                  "Actual Total Time": 294.344,
                  "Actual Rows": 74394,
                  "Actual Loops": 4,
                  "Inner Unique": true,
                  "Hash Cond": "(mk.movie_id = t.id)",
                  "Plans": [
                    {
                      "Node Type": "Bitmap Heap Scan",
                      "Parent Relationship": "Outer",
                      "Parallel Aware": true,
                      "Relation Name": "movie_keyword",
                      "Alias": "mk",
                      "Startup Cost": 9680.5,
                      "Total Cost": 35974.29,
                      "Plan Rows": 147183,
                      "Plan Width": 4,
                      "Actual Startup Time": 27.924,
                      "Actual Total Time": 82.801,
                      "Actual Rows": 118136,
                      "Actual Loops": 4,
                      "Recheck Cond": "(keyword_id < 359)",
                      "Rows Removed by Index Recheck": 0,
                      "Exact Heap Blocks": 7361,
                      "Lossy Heap Blocks": 0,
                      "Plans": [
                        {
                          "Node Type": "Bitmap Index Scan",
                          "Parent Relationship": "Outer",
                          "Parallel Aware": false,
                          "Index Name": "keyword_id_movie_keyword",
                          "Startup Cost": 0.0,
                          "Total Cost": 9566.44,
                          "Plan Rows": 456267,
                          "Plan Width": 0,
                          "Actual Startup Time": 24.299,
                          "Actual Total Time": 24.3,
                          "Actual Rows": 472545,
                          "Actual Loops": 1,
                          "Index Cond": "(keyword_id < 359)"
                        }
                      ]
                    },
                    {
                      "Node Type": "Hash",
                      "Parent Relationship": "Inner",
                      "Parallel Aware": true,
                      "Startup Cost": 43898.92,
                      "Total Cost": 43898.92,
                      "Plan Rows": 188484,
                      "Plan Width": 4,
                      "Actual Startup Time": 168.83,
                      "Actual Total Time": 168.831,
                      "Actual Rows": 188419,
                      "Actual Loops": 4,
                      "Hash Buckets": 1048576,
                      "Original Hash Buckets": 1048576,
                      "Hash Batches": 1,
                      "Original Hash Batches": 1,
                      "Peak Memory Usage": 37728,
                      "Plans": [
                        {
                          "Node Type": "Seq Scan",
                          "Parent Relationship": "Outer",
                          "Parallel Aware": true,
                          "Relation Name": "title",
                          "Alias": "t",
                          "Startup Cost": 0.0,
                          "Total Cost": 43898.92,
                          "Plan Rows": 188484,
                          "Plan Width": 4,
                          "Actual Startup Time": 0.045,
                          "Actual Total Time": 99.634,
                          "Actual Rows": 188419,
                          "Actual Loops": 4,
                          "Filter": "(kind_id < 3)",
                          "Rows Removed by Filter": 443659
                        }
                      ]
                    }
                  ]
                }
              ]
            }
          ]
        }
      ]
    },
    "Planning Time": 0.587,
    "Triggers": [],
    "Execution Time": 326.66
  }
]