{
  "Plan": {
    "Node Type": "Aggregate",
    "Strategy": "Plain",
    "Partial Mode": "Finalize",
    "Parallel Aware": false,
    "Startup Cost": 56295.12,
    "Total Cost": 56295.13,
    "Plan Rows": 1,
    "Plan Width": 8,
    "Actual Startup Time": 82.351,
    "Actual Total Time": 89.024,
    "Actual Rows": 1,
    "Actual Loops": 1,
    "Plans": [
      {
        "Node Type": "Gather",
        "Parent Relationship": "Outer",
        "Parallel Aware": false,
        "Startup Cost": 56295.0,
        "Total Cost": 56295.11,
        "Plan Rows": 1,
        "Plan Width": 8,
        "Actual Startup Time": 82.092,
        "Actual Total Time": 89.018,
        "Actual Rows": 2,
        "Actual Loops": 1,
        "Workers Planned": 1,
        "Workers Launched": 1,
        "Single Copy": false,
        "Plans": [
          {
            "Node Type": "Aggregate",
            "Strategy": "Plain",
            "Partial Mode": "Partial",
            "Parent Relationship": "Outer",
            "Parallel Aware": false,
            "Startup Cost": 55295.0,
            "Total Cost": 55295.01,
            "Plan Rows": 1,
            "Plan Width": 8,
            "Actual Startup Time": 78.368,
            "Actual Total Time": 78.37,
            "Actual Rows": 1,
            "Actual Loops": 2,
            "Plans": [
              {
                "Node Type": "Nested Loop",
                "Parent Relationship": "Outer",
                "Parallel Aware": false,
                "Join Type": "Inner",
                "Startup Cost": 1617.37,
                "Total Cost": 55294.54,
                "Plan Rows": 185,
                "Plan Width": 0,
                "Actual Startup Time": 26.756,
                "Actual Total Time": 78.293,
                "Actual Rows": 500,
                "Actual Loops": 2,
                "Inner Unique": false,
                "Plans": [
                  {
                    "Node Type": "Bitmap Heap Scan",
                    "Parent Relationship": "Outer",
                    "Parallel Aware": true,
                    "Relation Name": "title",
                    "Alias": "t",
                    "Startup Cost": 1616.94,
                    "Total Cost": 38415.06,
                    "Plan Rows": 939,
                    "Plan Width": 4,
                    "Actual Startup Time": 26.344,
                    "Actual Total Time": 70.203,
                    "Actual Rows": 1009,
                    "Actual Loops": 2,
                    "Recheck Cond": "(kind_id = 2)",
                    "Rows Removed by Index Recheck": 0,
                    "Filter": "(production_year = 1998)",
                    "Rows Removed by Filter": 44417,
                    "Exact Heap Blocks": 20340,
                    "Lossy Heap Blocks": 0,
                    "Plans": [
                      {
                        "Node Type": "Bitmap Index Scan",
                        "Parent Relationship": "Outer",
                        "Parallel Aware": false,
                        "Index Name": "kind_id_title",
                        "Startup Cost": 0.0,
                        "Total Cost": 1616.54,
                        "Plan Rows": 90681,
                        "Plan Width": 0,
                        "Actual Startup Time": 21.358,
                        "Actual Total Time": 21.358,
                        "Actual Rows": 90852,
                        "Actual Loops": 1,
                        "Index Cond": "(kind_id = 2)"
                      }
                    ]
                  },
                  {
                    "Node Type": "Index Scan",
                    "Parent Relationship": "Inner",
                    "Parallel Aware": false,
                    "Scan Direction": "Forward",
                    "Index Name": "movie_id_movie_companies",
                    "Relation Name": "movie_companies",
                    "Alias": "mc",
                    "Startup Cost": 0.43,
                    "Total Cost": 17.97,
                    "Plan Rows": 1,
                    "Plan Width": 4,
                    "Actual Startup Time": 0.007,
                    "Actual Total Time": 0.008,
                    "Actual Rows": 0,
                    "Actual Loops": 2018,
                    "Index Cond": "(movie_id = t.id)",
                    "Rows Removed by Index Recheck": 0,
                    "Filter": "((company_id < 4337) AND (company_type_id > 1))",
                    "Rows Removed by Filter": 2
                  }
                ]
              }
            ]
          }
        ]
      }
    ]
  },
  "Planning Time": 0.528,
  "Triggers": [],
  "Execution Time": 89.136
}