[
  {
    "Plan": {
      "Node Type": "Aggregate",
      "Strategy": "Plain",
      "Partial Mode": "Finalize",
      "Parallel Aware": false,
      "Startup Cost": 75535.17,
      "Total Cost": 75535.18,
      "Plan Rows": 1,
      "Plan Width": 8,
      "Actual Startup Time": 228.32,
      "Actual Total Time": 246.734,
      "Actual Rows": 1,
      "Actual Loops": 1,
      "Plans": [
        {
          "Node Type": "Gather",
          "Parent Relationship": "Outer",
          "Parallel Aware": false,
          "Startup Cost": 75534.86,
          "Total Cost": 75535.17,
          "Plan Rows": 3,
          "Plan Width": 8,
          "Actual Startup Time": 227.895,
          "Actual Total Time": 246.724,
          "Actual Rows": 4,
          "Actual Loops": 1,
          "Workers Planned": 3,
          "Workers Launched": 3,
          "Single Copy": false,
          "Plans": [
            {
              "Node Type": "Aggregate",
              "Strategy": "Plain",
              "Partial Mode": "Partial",
              "Parent Relationship": "Outer",
              "Parallel Aware": false,
              "Startup Cost": 74534.86,
              "Total Cost": 74534.87,
              "Plan Rows": 1,
              "Plan Width": 8,
              "Actual Startup Time": 220.807,
              "Actual Total Time": 220.811,
              "Actual Rows": 1,
              "Actual Loops": 4,
              "Plans": [
                {
                  "Node Type": "Hash Join",
                  "Parent Relationship": "Outer",
                  "Parallel Aware": true,
                  "Join Type": "Inner",
                  "Startup Cost": 44115.77,
                  "Total Cost": 74506.67,
                  "Plan Rows": 11273,
                  "Plan Width": 0,
                  "Actual Startup Time": 110.522,
                  "Actual Total Time": 220.486,
                  "Actual Rows": 4327,
                  "Actual Loops": 4,
                  "Inner Unique": true,
                  "Hash Cond": "(mc.movie_id = t.id)",
                  "Plans": [
                    {
                      "Node Type": "Seq Scan",
                      "Parent Relationship": "Outer",
                      "Parallel Aware": true,
                      "Relation Name": "movie_companies",
                      "Alias": "mc",
                      "Startup Cost": 0.0,
                      "Total Cost": 29310.68,
                      "Plan Rows": 411513,
                      "Plan Width": 4,
                      "Actual Startup Time": 0.015,
                      "Actual Total Time": 75.667,
                      "Actual Rows": 318562,
                      "Actual Loops": 4,
                      "Filter": "(company_type_id = 1)",
                      "Rows Removed by Filter": 333721
                    },
                    {
                      "Node Type": "Hash",
                      "Parent Relationship": "Inner",
                      "Parallel Aware": true,
                      "Startup Cost": 43899.32,
                      "Total Cost": 43899.32,
                      "Plan Rows": 17316,
                      "Plan Width": 4,
                      "Actual Startup Time": 109.338,
                      "Actual Total Time": 109.339,
                      "Actual Rows": 16836,
                      "Actual Loops": 4,
                      "Hash Buckets": 131072,
                      "Original Hash Buckets": 131072,
                      "Hash Batches": 1,
                      "Original Hash Batches": 1,
                      "Peak Memory Usage": 3744,
                      "Plans": [
                        {
                          "Node Type": "Seq Scan",
                          "Parent Relationship": "Outer",
                          "Parallel Aware": true,
                          "Relation Name": "title",
                          "Alias": "t",
                          "Startup Cost": 0.0,
                          "Total Cost": 43899.32,
                          "Plan Rows": 17316,
                          "Plan Width": 4,
                          "Actual Startup Time": 0.059,
                          "Actual Total Time": 101.456,
                          "Actual Rows": 16836,
                          "Actual Loops": 4,
                          "Filter": "(production_year > 2012)",
                          "Rows Removed by Filter": 615242
                        }
                      ]
                    }
                  ]
                }
              ]
            }
          ]
        }
      ]
    },
    "Planning Time": 0.446,
    "Triggers": [],
    "Execution Time": 246.787
  }
]