[
  {
    "Plan": {
      "Node Type": "Aggregate",
      "Strategy": "Plain",
      "Partial Mode": "Finalize",
      "Parallel Aware": false,
      "Startup Cost": 131939.57,
      "Total Cost": 131939.58,
      "Plan Rows": 1,
      "Plan Width": 8,
      "Actual Startup Time": 1014.806,
      "Actual Total Time": 1035.814,
      "Actual Rows": 1,
      "Actual Loops": 1,
      "Plans": [
        {
          "Node Type": "Gather",
          "Parent Relationship": "Outer",
          "Parallel Aware": false,
          "Startup Cost": 131939.25,
          "Total Cost": 131939.56,
          "Plan Rows": 3,
          "Plan Width": 8,
          "Actual Startup Time": 1002.92,
          "Actual Total Time": 1035.804,
          "Actual Rows": 4,
          "Actual Loops": 1,
          "Workers Planned": 3,
          "Workers Launched": 3,
          "Single Copy": false,
          "Plans": [
            {
              "Node Type": "Aggregate",
              "Strategy": "Plain",
              "Partial Mode": "Partial",
              "Parent Relationship": "Outer",
              "Parallel Aware": false,
              "Startup Cost": 130939.25,
              "Total Cost": 130939.26,
              "Plan Rows": 1,
              "Plan Width": 8,
              "Actual Startup Time": 994.266,
              "Actual Total Time": 994.789,
              "Actual Rows": 1,
              "Actual Loops": 4,
              "Plans": [
                {
                  "Node Type": "Hash Join",
                  "Parent Relationship": "Outer",
                  "Parallel Aware": true,
                  "Join Type": "Inner",
                  "Startup Cost": 83885.66,
                  "Total Cost": 129672.37,
                  "Plan Rows": 506753,
                  "Plan Width": 0,
                  "Actual Startup Time": 607.161,
                  "Actual Total Time": 927.737,
                  "Actual Rows": 1778752,
                  "Actual Loops": 4,
                  "Inner Unique": false,
                  "Hash Cond": "(mk.movie_id = t.id)",
                  "Plans": [
                    {
                      "Node Type": "Seq Scan",
                      "Parent Relationship": "Outer",
                      "Parallel Aware": true,
                      "Relation Name": "movie_keyword",
                      "Alias": "mk",
                      "Startup Cost": 0.0,
                      "Total Cost": 39047.32,
                      "Plan Rows": 1459332,
                      "Plan Width": 4,
                      "Actual Startup Time": 0.035,
                      "Actual Total Time": 86.017,
                      "Actual Rows": 1130982,
                      "Actual Loops": 4
                    },
                    {
                      "Node Type": "Hash",
                      "Parent Relationship": "Inner",
                      "Parallel Aware": true,
                      "Startup Cost": 81142.06,
                      "Total Cost": 81142.06,
                      "Plan Rows": 219488,
                      "Plan Width": 8,
                      "Actual Startup Time": 600.776,
                      "Actual Total Time": 601.298,
                      "Actual Rows": 269720,
                      "Actual Loops": 4,
                      "Hash Buckets": 2097152,
                      "Original Hash Buckets": 1048576,
                      "Hash Batches": 1,
                      "Original Hash Batches": 1,
                      "Peak Memory Usage": 66816,
                      "Plans": [
                        {
                          "Node Type": "Hash Join",
                          "Parent Relationship": "Outer",
                          "Parallel Aware": true,
                          "Join Type": "Inner",
                          "Startup Cost": 34954.94,
                          "Total Cost": 81142.06,
                          "Plan Rows": 219488,
                          "Plan Width": 8,
                          "Actual Startup Time": 200.805,
                          "Actual Total Time": 489.24,
                          "Actual Rows": 269720,
                          "Actual Loops": 4,
                          "Inner Unique": false,
                          "Hash Cond": "(t.id = mc.movie_id)",
                          "Plans": [
                            {
                              "Node Type": "Seq Scan",
                              "Parent Relationship": "Outer",
                              "Parallel Aware": true,
                              "Relation Name": "title",
                              "Alias": "t",
                              "Startup Cost": 0.0,
                              "Total Cost": 42318.73,
                              "Plan Rows": 632073,
                              "Plan Width": 4,
                              "Actual Startup Time": 0.013,
                              "Actual Total Time": 75.989,
                              "Actual Rows": 632078,
                              "Actual Loops": 4
                            },
                            {
                              "Node Type": "Hash",
                              "Parent Relationship": "Inner",
                              "Parallel Aware": true,
                              "Startup Cost": 31414.82,
                              "Total Cost": 31414.82,
                              "Plan Rows": 283210,
                              "Plan Width": 4,
                              "Actual Startup Time": 198.079,
                              "Actual Total Time": 198.08,
                              "Actual Rows": 269720,
                              "Actual Loops": 4,
                              "Hash Buckets": 2097152,
                              "Original Hash Buckets": 1048576,
                              "Hash Batches": 1,
                              "Original Hash Batches": 1,
                              "Peak Memory Usage": 66848,
                              "Plans": [
                                {
                                  "Node Type": "Seq Scan",
                                  "Parent Relationship": "Outer",
                                  "Parallel Aware": true,
                                  "Relation Name": "movie_companies",
                                  "Alias": "mc",
                                  "Startup Cost": 0.0,
                                  "Total Cost": 31414.82,
                                  "Plan Rows": 283210,
                                  "Plan Width": 4,
                                  "Actual Startup Time": 49.39,
                                  "Actual Total Time": 90.44,
                                  "Actual Rows": 269720,
                                  "Actual Loops": 4,
                                  "Filter": "((company_id > 2561) AND (company_type_id > 1))",
                                  "Rows Removed by Filter": 382562
                                }
                              ]
                            }
                          ]
                        }
                      ]
                    }
                  ]
                }
              ]
            }
          ]
        }
      ]
    },
    "Planning Time": 1.476,
    "Triggers": [],
    "Execution Time": 1035.896
  }
]