[
    {
        "Bao": {
            "Bao prediction": "NaN",
            "Bao recommended hint": "(no hint)"
        }
    },
    {
        "Plan": {
            "Node Type": "Aggregate",
            "Strategy": "Plain",
            "Partial Mode": "Finalize",
            "Parallel Aware": false,
            "Startup Cost": 319778.46,
            "Total Cost": 319778.47,
            "Plan Rows": 1,
            "Plan Width": 8,
            "Actual Startup Time": 293.386,
            "Actual Total Time": 299.793,
            "Actual Rows": 1,
            "Actual Loops": 1,
            "Output": [
                "count(*)"
            ],
            "Plans": [
                {
                    "Node Type": "Gather",
                    "Parent Relationship": "Outer",
                    "Parallel Aware": false,
                    "Startup Cost": 319777.83,
                    "Total Cost": 319778.44,
                    "Plan Rows": 6,
                    "Plan Width": 8,
                    "Actual Startup Time": 292.406,
                    "Actual Total Time": 299.783,
                    "Actual Rows": 7,
                    "Actual Loops": 1,
                    "Output": [
                        "(PARTIAL count(*))"
                    ],
                    "Workers Planned": 6,
                    "Workers Launched": 6,
                    "Single Copy": false,
                    "Plans": [
                        {
                            "Node Type": "Aggregate",
                            "Strategy": "Plain",
                            "Partial Mode": "Partial",
                            "Parent Relationship": "Outer",
                            "Parallel Aware": false,
                            "Startup Cost": 318777.83,
                            "Total Cost": 318777.84,
                            "Plan Rows": 1,
                            "Plan Width": 8,
                            "Actual Startup Time": 280.926,
                            "Actual Total Time": 280.928,
                            "Actual Rows": 1,
                            "Actual Loops": 7,
                            "Output": [
                                "PARTIAL count(*)"
                            ],
                            "Workers": [
                                {
                                    "Worker Number": 0,
                                    "Actual Startup Time": 278.735,
                                    "Actual Total Time": 278.737,
                                    "Actual Rows": 1,
                                    "Actual Loops": 1
                                },
                                {
                                    "Worker Number": 1,
                                    "Actual Startup Time": 278.908,
                                    "Actual Total Time": 278.909,
                                    "Actual Rows": 1,
                                    "Actual Loops": 1
                                },
                                {
                                    "Worker Number": 2,
                                    "Actual Startup Time": 279.462,
                                    "Actual Total Time": 279.463,
                                    "Actual Rows": 1,
                                    "Actual Loops": 1
                                },
                                {
                                    "Worker Number": 3,
                                    "Actual Startup Time": 279.26,
                                    "Actual Total Time": 279.261,
                                    "Actual Rows": 1,
                                    "Actual Loops": 1
                                },
                                {
                                    "Worker Number": 4,
                                    "Actual Startup Time": 279.08,
                                    "Actual Total Time": 279.081,
                                    "Actual Rows": 1,
                                    "Actual Loops": 1
                                },
                                {
                                    "Worker Number": 5,
                                    "Actual Startup Time": 279.207,
                                    "Actual Total Time": 279.208,
                                    "Actual Rows": 1,
                                    "Actual Loops": 1
                                }
                            ],
                            "Plans": [
                                {
                                    "Node Type": "Bitmap Heap Scan",
                                    "Parent Relationship": "Outer",
                                    "Parallel Aware": true,
                                    "Relation Name": "cast_info",
                                    "Schema": "public",
                                    "Alias": "ci",
                                    "Startup Cost": 58696.88,
                                    "Total Cost": 318057.19,
                                    "Plan Rows": 288257,
                                    "Plan Width": 0,
                                    "Actual Startup Time": 227.582,
                                    "Actual Total Time": 274.436,
                                    "Actual Rows": 109341,
                                    "Actual Loops": 7,
                                    "Recheck Cond": "(ci.person_id < 261234)",
                                    "Rows Removed by Index Recheck": 0,
                                    "Filter": "(ci.role_id > 1)",
                                    "Rows Removed by Filter": 279919,
                                    "Exact Heap Blocks": 5238,
                                    "Lossy Heap Blocks": 0,
                                    "Workers": [
                                        {
                                            "Worker Number": 0,
                                            "Actual Startup Time": 225.372,
                                            "Actual Total Time": 272.417,
                                            "Actual Rows": 92072,
                                            "Actual Loops": 1
                                        },
                                        {
                                            "Worker Number": 1,
                                            "Actual Startup Time": 225.62,
                                            "Actual Total Time": 272.493,
                                            "Actual Rows": 92919,
                                            "Actual Loops": 1
                                        },
                                        {
                                            "Worker Number": 2,
                                            "Actual Startup Time": 226.095,
                                            "Actual Total Time": 273.053,
                                            "Actual Rows": 93190,
                                            "Actual Loops": 1
                                        },
                                        {
                                            "Worker Number": 3,
                                            "Actual Startup Time": 225.9,
                                            "Actual Total Time": 272.842,
                                            "Actual Rows": 92634,
                                            "Actual Loops": 1
                                        },
                                        {
                                            "Worker Number": 4,
                                            "Actual Startup Time": 225.744,
                                            "Actual Total Time": 273.091,
                                            "Actual Rows": 136174,
                                            "Actual Loops": 1
                                        },
                                        {
                                            "Worker Number": 5,
                                            "Actual Startup Time": 225.874,
                                            "Actual Total Time": 273.165,
                                            "Actual Rows": 137154,
                                            "Actual Loops": 1
                                        }
                                    ],
                                    "Plans": [
                                        {
                                            "Node Type": "Bitmap Index Scan",
                                            "Parent Relationship": "Outer",
                                            "Parallel Aware": false,
                                            "Index Name": "person_id_cast_info",
                                            "Startup Cost": 0.0,
                                            "Total Cost": 58264.5,
                                            "Plan Rows": 2669324,
                                            "Plan Width": 0,
                                            "Actual Startup Time": 152.805,
                                            "Actual Total Time": 152.806,
                                            "Actual Rows": 2724819,
                                            "Actual Loops": 1,
                                            "Index Cond": "(ci.person_id < 261234)"
                                        }
                                    ]
                                }
                            ]
                        }
                    ]
                }
            ]
        },
        "Planning Time": 278.331,
        "Triggers": [],
        "Execution Time": 299.887
    }
]