[
    {
        "Bao": {
            "Bao prediction": 1935.851,
            "Bao recommended hint": "SET enable_nestloop TO off; "
        }
    },
    {
        "Plan": {
            "Node Type": "Aggregate",
            "Strategy": "Plain",
            "Partial Mode": "Finalize",
            "Parallel Aware": false,
            "Startup Cost": 501036.62,
            "Total Cost": 501036.63,
            "Plan Rows": 1,
            "Plan Width": 96,
            "Actual Startup Time": 2656.891,
            "Actual Total Time": 2737.73,
            "Actual Rows": 1,
            "Actual Loops": 1,
            "Output": [
                "min(k.keyword)",
                "min(n.name)",
                "min(t.title)"
            ],
            "Plans": [
                {
                    "Node Type": "Gather",
                    "Parent Relationship": "Outer",
                    "Parallel Aware": false,
                    "Startup Cost": 501036.18,
                    "Total Cost": 501036.59,
                    "Plan Rows": 4,
                    "Plan Width": 96,
                    "Actual Startup Time": 2649.438,
                    "Actual Total Time": 2737.703,
                    "Actual Rows": 5,
                    "Actual Loops": 1,
                    "Output": [
                        "(PARTIAL min(k.keyword))",
                        "(PARTIAL min(n.name))",
                        "(PARTIAL min(t.title))"
                    ],
                    "Workers Planned": 4,
                    "Workers Launched": 4,
                    "Single Copy": false,
                    "Plans": [
                        {
                            "Node Type": "Aggregate",
                            "Strategy": "Plain",
                            "Partial Mode": "Partial",
                            "Parent Relationship": "Outer",
                            "Parallel Aware": false,
                            "Startup Cost": 500036.18,
                            "Total Cost": 500036.19,
                            "Plan Rows": 1,
                            "Plan Width": 96,
                            "Actual Startup Time": 2638.107,
                            "Actual Total Time": 2638.373,
                            "Actual Rows": 1,
                            "Actual Loops": 5,
                            "Output": [
                                "PARTIAL min(k.keyword)",
                                "PARTIAL min(n.name)",
                                "PARTIAL min(t.title)"
                            ],
                            "Workers": [
                                {
                                    "Worker Number": 0,
                                    "Actual Startup Time": 2634.845,
                                    "Actual Total Time": 2634.857,
                                    "Actual Rows": 1,
                                    "Actual Loops": 1
                                },
                                {
                                    "Worker Number": 1,
                                    "Actual Startup Time": 2636.674,
                                    "Actual Total Time": 2636.684,
                                    "Actual Rows": 1,
                                    "Actual Loops": 1
                                },
                                {
                                    "Worker Number": 2,
                                    "Actual Startup Time": 2635.596,
                                    "Actual Total Time": 2635.608,
                                    "Actual Rows": 1,
                                    "Actual Loops": 1
                                },
                                {
                                    "Worker Number": 3,
                                    "Actual Startup Time": 2635.787,
                                    "Actual Total Time": 2635.801,
                                    "Actual Rows": 1,
                                    "Actual Loops": 1
                                }
                            ],
                            "Plans": [
                                {
                                    "Node Type": "Hash Join",
                                    "Parent Relationship": "Outer",
                                    "Parallel Aware": true,
                                    "Join Type": "Inner",
                                    "Startup Cost": 428780.61,
                                    "Total Cost": 500024.6,
                                    "Plan Rows": 1545,
                                    "Plan Width": 48,
                                    "Actual Startup Time": 2234.068,
                                    "Actual Total Time": 2613.911,
                                    "Actual Rows": 187709,
                                    "Actual Loops": 5,
                                    "Output": [
                                        "k.keyword",
                                        "n.name",
                                        "t.title"
                                    ],
                                    "Inner Unique": false,
                                    "Hash Cond": "(n.id = ci.person_id)",
                                    "Workers": [
                                        {
                                            "Worker Number": 0,
                                            "Actual Startup Time": 2231.025,
                                            "Actual Total Time": 2610.004,
                                            "Actual Rows": 201838,
                                            "Actual Loops": 1
                                        },
                                        {
                                            "Worker Number": 1,
                                            "Actual Startup Time": 2231.709,
                                            "Actual Total Time": 2612.232,
                                            "Actual Rows": 202975,
                                            "Actual Loops": 1
                                        },
                                        {
                                            "Worker Number": 2,
                                            "Actual Startup Time": 2231.769,
                                            "Actual Total Time": 2612.138,
                                            "Actual Rows": 200815,
                                            "Actual Loops": 1
                                        },
                                        {
                                            "Worker Number": 3,
                                            "Actual Startup Time": 2232.048,
                                            "Actual Total Time": 2607.966,
                                            "Actual Rows": 148094,
                                            "Actual Loops": 1
                                        }
                                    ],
                                    "Plans": [
                                        {
                                            "Node Type": "Seq Scan",
                                            "Parent Relationship": "Outer",
                                            "Parallel Aware": true,
                                            "Relation Name": "name",
                                            "Schema": "public",
                                            "Alias": "n",
                                            "Startup Cost": 0.0,
                                            "Total Cost": 66031.94,
                                            "Plan Rows": 1041894,
                                            "Plan Width": 19,
                                            "Actual Startup Time": 0.03,
                                            "Actual Total Time": 116.772,
                                            "Actual Rows": 833498,
                                            "Actual Loops": 5,
                                            "Output": [
                                                "n.id",
                                                "n.name",
                                                "n.imdb_index",
                                                "n.imdb_id",
                                                "n.gender",
                                                "n.name_pcode_cf",
                                                "n.name_pcode_nf",
                                                "n.surname_pcode",
                                                "n.md5sum"
                                            ],
                                            "Workers": [
                                                {
                                                    "Worker Number": 0,
                                                    "Actual Startup Time": 0.032,
                                                    "Actual Total Time": 116.705,
                                                    "Actual Rows": 896763,
                                                    "Actual Loops": 1
                                                },
                                                {
                                                    "Worker Number": 1,
                                                    "Actual Startup Time": 0.032,
                                                    "Actual Total Time": 116.349,
                                                    "Actual Rows": 895253,
                                                    "Actual Loops": 1
                                                },
                                                {
                                                    "Worker Number": 2,
                                                    "Actual Startup Time": 0.035,
                                                    "Actual Total Time": 116.685,
                                                    "Actual Rows": 887261,
                                                    "Actual Loops": 1
                                                },
                                                {
                                                    "Worker Number": 3,
                                                    "Actual Startup Time": 0.031,
                                                    "Actual Total Time": 125.388,
                                                    "Actual Rows": 667636,
                                                    "Actual Loops": 1
                                                }
                                            ]
                                        },
                                        {
                                            "Node Type": "Hash",
                                            "Parent Relationship": "Inner",
                                            "Parallel Aware": true,
                                            "Startup Cost": 428767.74,
                                            "Total Cost": 428767.74,
                                            "Plan Rows": 1030,
                                            "Plan Width": 37,
                                            "Actual Startup Time": 2232.504,
                                            "Actual Total Time": 2232.768,
                                            "Actual Rows": 187709,
                                            "Actual Loops": 5,
                                            "Output": [
                                                "ci.person_id",
                                                "k.keyword",
                                                "t.title"
                                            ],
                                            "Hash Buckets": 1048576,
                                            "Original Hash Buckets": 8192,
                                            "Hash Batches": 1,
                                            "Original Hash Batches": 1,
                                            "Peak Memory Usage": 76640,
                                            "Workers": [
                                                {
                                                    "Worker Number": 0,
                                                    "Actual Startup Time": 2230.303,
                                                    "Actual Total Time": 2230.313,
                                                    "Actual Rows": 198885,
                                                    "Actual Loops": 1
                                                },
                                                {
                                                    "Worker Number": 1,
                                                    "Actual Startup Time": 2230.732,
                                                    "Actual Total Time": 2230.74,
                                                    "Actual Rows": 198987,
                                                    "Actual Loops": 1
                                                },
                                                {
                                                    "Worker Number": 2,
                                                    "Actual Startup Time": 2231.083,
                                                    "Actual Total Time": 2231.093,
                                                    "Actual Rows": 196366,
                                                    "Actual Loops": 1
                                                },
                                                {
                                                    "Worker Number": 3,
                                                    "Actual Startup Time": 2231.114,
                                                    "Actual Total Time": 2231.124,
                                                    "Actual Rows": 135540,
                                                    "Actual Loops": 1
                                                }
                                            ],
                                            "Plans": [
                                                {
                                                    "Node Type": "Hash Join",
                                                    "Parent Relationship": "Outer",
                                                    "Parallel Aware": true,
                                                    "Join Type": "Inner",
                                                    "Startup Cost": 93002.86,
                                                    "Total Cost": 428767.74,
                                                    "Plan Rows": 1030,
                                                    "Plan Width": 37,
                                                    "Actual Startup Time": 409.843,
                                                    "Actual Total Time": 2096.008,
                                                    "Actual Rows": 187709,
                                                    "Actual Loops": 5,
                                                    "Output": [
                                                        "ci.person_id",
                                                        "k.keyword",
                                                        "t.title"
                                                    ],
                                                    "Inner Unique": false,
                                                    "Hash Cond": "(ci.movie_id = t.id)",
                                                    "Workers": [
                                                        {
                                                            "Worker Number": 0,
                                                            "Actual Startup Time": 407.515,
                                                            "Actual Total Time": 2104.501,
                                                            "Actual Rows": 198885,
                                                            "Actual Loops": 1
                                                        },
                                                        {
                                                            "Worker Number": 1,
                                                            "Actual Startup Time": 408.158,
                                                            "Actual Total Time": 2086.47,
                                                            "Actual Rows": 198987,
                                                            "Actual Loops": 1
                                                        },
                                                        {
                                                            "Worker Number": 2,
                                                            "Actual Startup Time": 408.241,
                                                            "Actual Total Time": 2098.528,
                                                            "Actual Rows": 196366,
                                                            "Actual Loops": 1
                                                        },
                                                        {
                                                            "Worker Number": 3,
                                                            "Actual Startup Time": 408.555,
                                                            "Actual Total Time": 2095.684,
                                                            "Actual Rows": 135540,
                                                            "Actual Loops": 1
                                                        }
                                                    ],
                                                    "Plans": [
                                                        {
                                                            "Node Type": "Seq Scan",
                                                            "Parent Relationship": "Outer",
                                                            "Parallel Aware": true,
                                                            "Relation Name": "cast_info",
                                                            "Schema": "public",
                                                            "Alias": "ci",
                                                            "Startup Cost": 0.0,
                                                            "Total Cost": 313106.51,
                                                            "Plan Rows": 6041951,
                                                            "Plan Width": 8,
                                                            "Actual Startup Time": 0.013,
                                                            "Actual Total Time": 762.32,
                                                            "Actual Rows": 7248869,
                                                            "Actual Loops": 5,
                                                            "Output": [
                                                                "ci.id",
                                                                "ci.person_id",
                                                                "ci.movie_id",
                                                                "ci.person_role_id",
                                                                "ci.note",
                                                                "ci.nr_order",
                                                                "ci.role_id"
                                                            ],
                                                            "Workers": [
                                                                {
                                                                    "Worker Number": 0,
                                                                    "Actual Startup Time": 0.009,
                                                                    "Actual Total Time": 769.939,
                                                                    "Actual Rows": 7728712,
                                                                    "Actual Loops": 1
                                                                },
                                                                {
                                                                    "Worker Number": 1,
                                                                    "Actual Startup Time": 0.012,
                                                                    "Actual Total Time": 760.448,
                                                                    "Actual Rows": 7616681,
                                                                    "Actual Loops": 1
                                                                },
                                                                {
                                                                    "Worker Number": 2,
                                                                    "Actual Startup Time": 0.01,
                                                                    "Actual Total Time": 765.807,
                                                                    "Actual Rows": 7592222,
                                                                    "Actual Loops": 1
                                                                },
                                                                {
                                                                    "Worker Number": 3,
                                                                    "Actual Startup Time": 0.013,
                                                                    "Actual Total Time": 759.229,
                                                                    "Actual Rows": 5169918,
                                                                    "Actual Loops": 1
                                                                }
                                                            ]
                                                        },
                                                        {
                                                            "Node Type": "Hash",
                                                            "Parent Relationship": "Inner",
                                                            "Parallel Aware": true,
                                                            "Startup Cost": 93002.31,
                                                            "Total Cost": 93002.31,
                                                            "Plan Rows": 44,
                                                            "Plan Width": 41,
                                                            "Actual Startup Time": 409.573,
                                                            "Actual Total Time": 409.835,
                                                            "Actual Rows": 3440,
                                                            "Actual Loops": 5,
                                                            "Output": [
                                                                "k.keyword",
                                                                "mk.movie_id",
                                                                "t.title",
                                                                "t.id"
                                                            ],
                                                            "Hash Buckets": 16384,
                                                            "Original Hash Buckets": 1024,
                                                            "Hash Batches": 1,
                                                            "Original Hash Batches": 1,
                                                            "Peak Memory Usage": 1528,
                                                            "Workers": [
                                                                {
                                                                    "Worker Number": 0,
                                                                    "Actual Startup Time": 407.24,
                                                                    "Actual Total Time": 407.248,
                                                                    "Actual Rows": 3546,
                                                                    "Actual Loops": 1
                                                                },
                                                                {
                                                                    "Worker Number": 1,
                                                                    "Actual Startup Time": 408.004,
                                                                    "Actual Total Time": 408.011,
                                                                    "Actual Rows": 2559,
                                                                    "Actual Loops": 1
                                                                },
                                                                {
                                                                    "Worker Number": 2,
                                                                    "Actual Startup Time": 408.134,
                                                                    "Actual Total Time": 408.142,
                                                                    "Actual Rows": 4315,
                                                                    "Actual Loops": 1
                                                                },
                                                                {
                                                                    "Worker Number": 3,
                                                                    "Actual Startup Time": 408.182,
                                                                    "Actual Total Time": 408.19,
                                                                    "Actual Rows": 2913,
                                                                    "Actual Loops": 1
                                                                }
                                                            ],
                                                            "Plans": [
                                                                {
                                                                    "Node Type": "Hash Join",
                                                                    "Parent Relationship": "Outer",
                                                                    "Parallel Aware": true,
                                                                    "Join Type": "Inner",
                                                                    "Startup Cost": 46511.78,
                                                                    "Total Cost": 93002.31,
                                                                    "Plan Rows": 44,
                                                                    "Plan Width": 41,
                                                                    "Actual Startup Time": 252.68,
                                                                    "Actual Total Time": 388.092,
                                                                    "Actual Rows": 3440,
                                                                    "Actual Loops": 5,
                                                                    "Output": [
                                                                        "k.keyword",
                                                                        "mk.movie_id",
                                                                        "t.title",
                                                                        "t.id"
                                                                    ],
                                                                    "Inner Unique": false,
                                                                    "Hash Cond": "(t.id = mk.movie_id)",
                                                                    "Workers": [
                                                                        {
                                                                            "Worker Number": 0,
                                                                            "Actual Startup Time": 250.206,
                                                                            "Actual Total Time": 383.601,
                                                                            "Actual Rows": 3546,
                                                                            "Actual Loops": 1
                                                                        },
                                                                        {
                                                                            "Worker Number": 1,
                                                                            "Actual Startup Time": 251.512,
                                                                            "Actual Total Time": 375.481,
                                                                            "Actual Rows": 2559,
                                                                            "Actual Loops": 1
                                                                        },
                                                                        {
                                                                            "Worker Number": 2,
                                                                            "Actual Startup Time": 250.849,
                                                                            "Actual Total Time": 392.864,
                                                                            "Actual Rows": 4315,
                                                                            "Actual Loops": 1
                                                                        },
                                                                        {
                                                                            "Worker Number": 3,
                                                                            "Actual Startup Time": 251.449,
                                                                            "Actual Total Time": 390.724,
                                                                            "Actual Rows": 2913,
                                                                            "Actual Loops": 1
                                                                        }
                                                                    ],
                                                                    "Plans": [
                                                                        {
                                                                            "Node Type": "Seq Scan",
                                                                            "Parent Relationship": "Outer",
                                                                            "Parallel Aware": true,
                                                                            "Relation Name": "title",
                                                                            "Schema": "public",
                                                                            "Alias": "t",
                                                                            "Startup Cost": 0.0,
                                                                            "Total Cost": 43899.32,
                                                                            "Plan Rows": 414571,
                                                                            "Plan Width": 21,
                                                                            "Actual Startup Time": 0.025,
                                                                            "Actual Total Time": 87.46,
                                                                            "Actual Rows": 328703,
                                                                            "Actual Loops": 5,
                                                                            "Output": [
                                                                                "t.id",
                                                                                "t.title",
                                                                                "t.imdb_index",
                                                                                "t.kind_id",
                                                                                "t.production_year",
                                                                                "t.imdb_id",
                                                                                "t.phonetic_code",
                                                                                "t.episode_of_id",
                                                                                "t.season_nr",
                                                                                "t.episode_nr",
                                                                                "t.series_years",
                                                                                "t.md5sum"
                                                                            ],
                                                                            "Filter": "(t.production_year > 1994)",
                                                                            "Rows Removed by Filter": 176960,
                                                                            "Workers": [
                                                                                {
                                                                                    "Worker Number": 0,
                                                                                    "Actual Startup Time": 0.024,
                                                                                    "Actual Total Time": 86.304,
                                                                                    "Actual Rows": 345021,
                                                                                    "Actual Loops": 1
                                                                                },
                                                                                {
                                                                                    "Worker Number": 1,
                                                                                    "Actual Startup Time": 0.026,
                                                                                    "Actual Total Time": 80.43,
                                                                                    "Actual Rows": 303087,
                                                                                    "Actual Loops": 1
                                                                                },
                                                                                {
                                                                                    "Worker Number": 2,
                                                                                    "Actual Startup Time": 0.022,
                                                                                    "Actual Total Time": 91.36,
                                                                                    "Actual Rows": 379607,
                                                                                    "Actual Loops": 1
                                                                                },
                                                                                {
                                                                                    "Worker Number": 3,
                                                                                    "Actual Startup Time": 0.036,
                                                                                    "Actual Total Time": 89.974,
                                                                                    "Actual Rows": 247583,
                                                                                    "Actual Loops": 1
                                                                                }
                                                                            ]
                                                                        },
                                                                        {
                                                                            "Node Type": "Hash",
                                                                            "Parent Relationship": "Inner",
                                                                            "Parallel Aware": true,
                                                                            "Startup Cost": 46510.69,
                                                                            "Total Cost": 46510.69,
                                                                            "Plan Rows": 87,
                                                                            "Plan Width": 20,
                                                                            "Actual Startup Time": 252.237,
                                                                            "Actual Total Time": 252.242,
                                                                            "Actual Rows": 6763,
                                                                            "Actual Loops": 5,
                                                                            "Output": [
                                                                                "k.keyword",
                                                                                "mk.movie_id"
                                                                            ],
                                                                            "Hash Buckets": 32768,
                                                                            "Original Hash Buckets": 1024,
                                                                            "Hash Batches": 1,
                                                                            "Original Hash Batches": 1,
                                                                            "Peak Memory Usage": 2168,
                                                                            "Workers": [
                                                                                {
                                                                                    "Worker Number": 0,
                                                                                    "Actual Startup Time": 250.002,
                                                                                    "Actual Total Time": 250.006,
                                                                                    "Actual Rows": 7756,
                                                                                    "Actual Loops": 1
                                                                                },
                                                                                {
                                                                                    "Worker Number": 1,
                                                                                    "Actual Startup Time": 250.59,
                                                                                    "Actual Total Time": 250.594,
                                                                                    "Actual Rows": 6306,
                                                                                    "Actual Loops": 1
                                                                                },
                                                                                {
                                                                                    "Worker Number": 2,
                                                                                    "Actual Startup Time": 250.695,
                                                                                    "Actual Total Time": 250.7,
                                                                                    "Actual Rows": 7973,
                                                                                    "Actual Loops": 1
                                                                                },
                                                                                {
                                                                                    "Worker Number": 3,
                                                                                    "Actual Startup Time": 250.92,
                                                                                    "Actual Total Time": 250.924,
                                                                                    "Actual Rows": 4683,
                                                                                    "Actual Loops": 1
                                                                                }
                                                                            ],
                                                                            "Plans": [
                                                                                {
                                                                                    "Node Type": "Hash Join",
                                                                                    "Parent Relationship": "Outer",
                                                                                    "Parallel Aware": false,
                                                                                    "Join Type": "Inner",
                                                                                    "Startup Cost": 3632.5,
                                                                                    "Total Cost": 46510.69,
                                                                                    "Plan Rows": 87,
                                                                                    "Plan Width": 20,
                                                                                    "Actual Startup Time": 40.986,
                                                                                    "Actual Total Time": 201.274,
                                                                                    "Actual Rows": 6763,
                                                                                    "Actual Loops": 5,
                                                                                    "Output": [
                                                                                        "k.keyword",
                                                                                        "mk.movie_id"
                                                                                    ],
                                                                                    "Inner Unique": true,
                                                                                    "Hash Cond": "(mk.keyword_id = k.id)",
                                                                                    "Workers": [
                                                                                        {
                                                                                            "Worker Number": 0,
                                                                                            "Actual Startup Time": 38.537,
                                                                                            "Actual Total Time": 201.138,
                                                                                            "Actual Rows": 7756,
                                                                                            "Actual Loops": 1
                                                                                        },
                                                                                        {
                                                                                            "Worker Number": 1,
                                                                                            "Actual Startup Time": 39.078,
                                                                                            "Actual Total Time": 190.16,
                                                                                            "Actual Rows": 6306,
                                                                                            "Actual Loops": 1
                                                                                        },
                                                                                        {
                                                                                            "Worker Number": 2,
                                                                                            "Actual Startup Time": 39.277,
                                                                                            "Actual Total Time": 205.5,
                                                                                            "Actual Rows": 7973,
                                                                                            "Actual Loops": 1
                                                                                        },
                                                                                        {
                                                                                            "Worker Number": 3,
                                                                                            "Actual Startup Time": 43.472,
                                                                                            "Actual Total Time": 201.555,
                                                                                            "Actual Rows": 4683,
                                                                                            "Actual Loops": 1
                                                                                        }
                                                                                    ],
                                                                                    "Plans": [
                                                                                        {
                                                                                            "Node Type": "Seq Scan",
                                                                                            "Parent Relationship": "Outer",
                                                                                            "Parallel Aware": true,
                                                                                            "Relation Name": "movie_keyword",
                                                                                            "Schema": "public",
                                                                                            "Alias": "mk",
                                                                                            "Startup Cost": 0.0,
                                                                                            "Total Cost": 39047.32,
                                                                                            "Plan Rows": 1459332,
                                                                                            "Plan Width": 8,
                                                                                            "Actual Startup Time": 0.053,
                                                                                            "Actual Total Time": 90.268,
                                                                                            "Actual Rows": 904786,
                                                                                            "Actual Loops": 5,
                                                                                            "Output": [
                                                                                                "mk.id",
                                                                                                "mk.movie_id",
                                                                                                "mk.keyword_id"
                                                                                            ],
                                                                                            "Workers": [
                                                                                                {
                                                                                                    "Worker Number": 0,
                                                                                                    "Actual Startup Time": 0.062,
                                                                                                    "Actual Total Time": 91.953,
                                                                                                    "Actual Rows": 1010470,
                                                                                                    "Actual Loops": 1
                                                                                                },
                                                                                                {
                                                                                                    "Worker Number": 1,
                                                                                                    "Actual Startup Time": 0.06,
                                                                                                    "Actual Total Time": 85.483,
                                                                                                    "Actual Rows": 822695,
                                                                                                    "Actual Loops": 1
                                                                                                },
                                                                                                {
                                                                                                    "Worker Number": 2,
                                                                                                    "Actual Startup Time": 0.062,
                                                                                                    "Actual Total Time": 94.106,
                                                                                                    "Actual Rows": 1025210,
                                                                                                    "Actual Loops": 1
                                                                                                },
                                                                                                {
                                                                                                    "Worker Number": 3,
                                                                                                    "Actual Startup Time": 0.059,
                                                                                                    "Actual Total Time": 89.167,
                                                                                                    "Actual Rows": 639545,
                                                                                                    "Actual Loops": 1
                                                                                                }
                                                                                            ]
                                                                                        },
                                                                                        {
                                                                                            "Node Type": "Hash",
                                                                                            "Parent Relationship": "Inner",
                                                                                            "Parallel Aware": false,
                                                                                            "Startup Cost": 3632.4,
                                                                                            "Total Cost": 3632.4,
                                                                                            "Plan Rows": 8,
                                                                                            "Plan Width": 20,
                                                                                            "Actual Startup Time": 40.836,
                                                                                            "Actual Total Time": 40.838,
                                                                                            "Actual Rows": 7,
                                                                                            "Actual Loops": 5,
                                                                                            "Output": [
                                                                                                "k.keyword",
                                                                                                "k.id"
                                                                                            ],
                                                                                            "Hash Buckets": 1024,
                                                                                            "Original Hash Buckets": 1024,
                                                                                            "Hash Batches": 1,
                                                                                            "Original Hash Batches": 1,
                                                                                            "Peak Memory Usage": 9,
                                                                                            "Workers": [
                                                                                                {
                                                                                                    "Worker Number": 0,
                                                                                                    "Actual Startup Time": 38.384,
                                                                                                    "Actual Total Time": 38.385,
                                                                                                    "Actual Rows": 7,
                                                                                                    "Actual Loops": 1
                                                                                                },
                                                                                                {
                                                                                                    "Worker Number": 1,
                                                                                                    "Actual Startup Time": 38.962,
                                                                                                    "Actual Total Time": 38.963,
                                                                                                    "Actual Rows": 7,
                                                                                                    "Actual Loops": 1
                                                                                                },
                                                                                                {
                                                                                                    "Worker Number": 2,
                                                                                                    "Actual Startup Time": 39.117,
                                                                                                    "Actual Total Time": 39.118,
                                                                                                    "Actual Rows": 7,
                                                                                                    "Actual Loops": 1
                                                                                                },
                                                                                                {
                                                                                                    "Worker Number": 3,
                                                                                                    "Actual Startup Time": 43.246,
                                                                                                    "Actual Total Time": 43.247,
                                                                                                    "Actual Rows": 7,
                                                                                                    "Actual Loops": 1
                                                                                                }
                                                                                            ],
                                                                                            "Plans": [
                                                                                                {
                                                                                                    "Node Type": "Seq Scan",
                                                                                                    "Parent Relationship": "Outer",
                                                                                                    "Parallel Aware": false,
                                                                                                    "Relation Name": "keyword",
                                                                                                    "Schema": "public",
                                                                                                    "Alias": "k",
                                                                                                    "Startup Cost": 0.0,
                                                                                                    "Total Cost": 3632.4,
                                                                                                    "Plan Rows": 8,
                                                                                                    "Plan Width": 20,
                                                                                                    "Actual Startup Time": 0.106,
                                                                                                    "Actual Total Time": 40.803,
                                                                                                    "Actual Rows": 7,
                                                                                                    "Actual Loops": 5,
                                                                                                    "Output": [
                                                                                                        "k.keyword",
                                                                                                        "k.id"
                                                                                                    ],
                                                                                                    "Filter": "(k.keyword = ANY ('{based-on-comic,murder-in-title,second-part,tv-special,hero,murder,gore,marvel-cinematic-universe}'::text[]))",
                                                                                                    "Rows Removed by Filter": 134163,
                                                                                                    "Workers": [
                                                                                                        {
                                                                                                            "Worker Number": 0,
                                                                                                            "Actual Startup Time": 0.111,
                                                                                                            "Actual Total Time": 38.352,
                                                                                                            "Actual Rows": 7,
                                                                                                            "Actual Loops": 1
                                                                                                        },
                                                                                                        {
                                                                                                            "Worker Number": 1,
                                                                                                            "Actual Startup Time": 0.11,
                                                                                                            "Actual Total Time": 38.93,
                                                                                                            "Actual Rows": 7,
                                                                                                            "Actual Loops": 1
                                                                                                        },
                                                                                                        {
                                                                                                            "Worker Number": 2,
                                                                                                            "Actual Startup Time": 0.115,
                                                                                                            "Actual Total Time": 39.083,
                                                                                                            "Actual Rows": 7,
                                                                                                            "Actual Loops": 1
                                                                                                        },
                                                                                                        {
                                                                                                            "Worker Number": 3,
                                                                                                            "Actual Startup Time": 0.111,
                                                                                                            "Actual Total Time": 43.213,
                                                                                                            "Actual Rows": 7,
                                                                                                            "Actual Loops": 1
                                                                                                        }
                                                                                                    ]
                                                                                                }
                                                                                            ]
                                                                                        }
                                                                                    ]
                                                                                }
                                                                            ]
                                                                        }
                                                                    ]
                                                                }
                                                            ]
                                                        }
                                                    ]
                                                }
                                            ]
                                        }
                                    ]
                                }
                            ]
                        }
                    ]
                }
            ]
        },
        "Planning Time": 1156.939,
        "Triggers": [],
        "Execution Time": 2738.506
    }
]