{
  "Plan": {
    "Node Type": "Aggregate",
    "Strategy": "Plain",
    "Partial Mode": "Finalize",
    "Parallel Aware": false,
    "Startup Cost": 94163.57,
    "Total Cost": 94163.58,
    "Plan Rows": 1,
    "Plan Width": 8,
    "Actual Startup Time": 424.25,
    "Actual Total Time": 436.124,
    "Actual Rows": 1,
    "Actual Loops": 1,
    "Plans": [
      {
        "Node Type": "Gather",
        "Parent Relationship": "Outer",
        "Parallel Aware": false,
        "Startup Cost": 94163.45,
        "Total Cost": 94163.56,
        "Plan Rows": 1,
        "Plan Width": 8,
        "Actual Startup Time": 421.267,
        "Actual Total Time": 436.117,
        "Actual Rows": 2,
        "Actual Loops": 1,
        "Workers Planned": 1,
        "Workers Launched": 1,
        "Single Copy": false,
        "Plans": [
          {
            "Node Type": "Aggregate",
            "Strategy": "Plain",
            "Partial Mode": "Partial",
            "Parent Relationship": "Outer",
            "Parallel Aware": false,
            "Startup Cost": 93163.45,
            "Total Cost": 93163.46,
            "Plan Rows": 1,
            "Plan Width": 8,
            "Actual Startup Time": 416.839,
            "Actual Total Time": 416.843,
            "Actual Rows": 1,
            "Actual Loops": 2,
            "Plans": [
              {
                "Node Type": "Hash Join",
                "Parent Relationship": "Outer",
                "Parallel Aware": true,
                "Join Type": "Inner",
                "Startup Cost": 68130.5,
                "Total Cost": 93106.4,
                "Plan Rows": 22821,
                "Plan Width": 0,
                "Actual Startup Time": 384.579,
                "Actual Total Time": 415.635,
                "Actual Rows": 25525,
                "Actual Loops": 2,
                "Inner Unique": true,
                "Hash Cond": "(mk.movie_id = t.id)",
                "Plans": [
                  {
                    "Node Type": "Bitmap Heap Scan",
                    "Parent Relationship": "Outer",
                    "Parallel Aware": true,
                    "Relation Name": "movie_keyword",
                    "Alias": "mk",
                    "Startup Cost": 1247.05,
                    "Total Cost": 26132.37,
                    "Plan Rows": 34506,
                    "Plan Width": 4,
                    "Actual Startup Time": 5.186,
                    "Actual Total Time": 23.239,
                    "Actual Rows": 29224,
                    "Actual Loops": 2,
                    "Recheck Cond": "(keyword_id = 16264)",
                    "Rows Removed by Index Recheck": 0,
                    "Exact Heap Blocks": 7563,
                    "Lossy Heap Blocks": 0,
                    "Plans": [
                      {
                        "Node Type": "Bitmap Index Scan",
                        "Parent Relationship": "Outer",
                        "Parallel Aware": false,
                        "Index Name": "keyword_id_movie_keyword",
                        "Startup Cost": 0.0,
                        "Total Cost": 1232.38,
                        "Plan Rows": 58660,
                        "Plan Width": 0,
                        "Actual Startup Time": 3.562,
                        "Actual Total Time": 3.563,
                        "Actual Rows": 58448,
                        "Actual Loops": 1,
                        "Index Cond": "(keyword_id = 16264)"
                      }
                    ]
                  },
                  {
                    "Node Type": "Hash",
                    "Parent Relationship": "Inner",
                    "Parallel Aware": true,
                    "Startup Cost": 54588.39,
                    "Total Cost": 54588.39,
                    "Plan Rows": 983605,
                    "Plan Width": 4,
                    "Actual Startup Time": 369.035,
                    "Actual Total Time": 369.036,
                    "Actual Rows": 837049,
                    "Actual Loops": 2,
                    "Hash Buckets": 2097152,
                    "Original Hash Buckets": 2097152,
                    "Hash Batches": 1,
                    "Original Hash Batches": 1,
                    "Peak Memory Usage": 81920,
                    "Plans": [
                      {
                        "Node Type": "Seq Scan",
                        "Parent Relationship": "Outer",
                        "Parallel Aware": true,
                        "Relation Name": "title",
                        "Alias": "t",
                        "Startup Cost": 0.0,
                        "Total Cost": 54588.39,
                        "Plan Rows": 983605,
                        "Plan Width": 4,
                        "Actual Startup Time": 0.02,
                        "Actual Total Time": 156.326,
                        "Actual Rows": 837049,
                        "Actual Loops": 2,
                        "Filter": "(kind_id > 3)",
                        "Rows Removed by Filter": 427107
                      }
                    ]
                  }
                ]
              }
            ]
          }
        ]
      }
    ]
  },
  "Planning Time": 0.283,
  "Triggers": [],
  "Execution Time": 436.175
}