{
  "Plan": {
    "Node Type": "Aggregate",
    "Strategy": "Plain",
    "Partial Mode": "Finalize",
    "Parallel Aware": false,
    "Startup Cost": 2612696.72,
    "Total Cost": 2612696.73,
    "Plan Rows": 1,
    "Plan Width": 8,
    "Actual Startup Time": 21558.293,
    "Actual Total Time": 21643.084,
    "Actual Rows": 1,
    "Actual Loops": 1,
    "Plans": [
      {
        "Node Type": "Gather",
        "Parent Relationship": "Outer",
        "Parallel Aware": false,
        "Startup Cost": 2612696.6,
        "Total Cost": 2612696.71,
        "Plan Rows": 1,
        "Plan Width": 8,
        "Actual Startup Time": 21558.114,
        "Actual Total Time": 21643.075,
        "Actual Rows": 2,
        "Actual Loops": 1,
        "Workers Planned": 1,
        "Workers Launched": 1,
        "Single Copy": false,
        "Plans": [
          {
            "Node Type": "Aggregate",
            "Strategy": "Plain",
            "Partial Mode": "Partial",
            "Parent Relationship": "Outer",
            "Parallel Aware": false,
            "Startup Cost": 2611696.6,
            "Total Cost": 2611696.61,
            "Plan Rows": 1,
            "Plan Width": 8,
            "Actual Startup Time": 21551.987,
            "Actual Total Time": 21551.988,
            "Actual Rows": 1,
            "Actual Loops": 2,
            "Plans": [
              {
                "Node Type": "Merge Join",
                "Parent Relationship": "Outer",
                "Parallel Aware": false,
                "Join Type": "Inner",
                "Startup Cost": 90.6,
                "Total Cost": 2588454.9,
                "Plan Rows": 9296682,
                "Plan Width": 0,
                "Actual Startup Time": 4.168,
                "Actual Total Time": 20791.025,
                "Actual Rows": 18463098,
                "Actual Loops": 2,
                "Inner Unique": false,
                "Merge Cond": "(t.id = mc.movie_id)",
                "Plans": [
                  {
                    "Node Type": "Merge Join",
                    "Parent Relationship": "Outer",
                    "Parallel Aware": false,
                    "Join Type": "Inner",
                    "Startup Cost": 43.65,
                    "Total Cost": 2269823.84,
                    "Plan Rows": 13971936,
                    "Plan Width": 8,
                    "Actual Startup Time": 3.029,
                    "Actual Total Time": 16928.752,
                    "Actual Rows": 11785929,
                    "Actual Loops": 2,
                    "Inner Unique": true,
                    "Merge Cond": "(ci.movie_id = t.id)",
                    "Plans": [
                      {
                        "Node Type": "Index Scan",
                        "Parent Relationship": "Outer",
                        "Parallel Aware": true,
                        "Scan Direction": "Forward",
                        "Index Name": "movie_id_cast_info",
                        "Relation Name": "cast_info",
                        "Alias": "ci",
                        "Startup Cost": 0.56,
                        "Total Cost": 1978621.64,
                        "Plan Rows": 13971936,
                        "Plan Width": 4,
                        "Actual Startup Time": 0.417,
                        "Actual Total Time": 14081.102,
                        "Actual Rows": 11785929,
                        "Actual Loops": 2,
                        "Filter": "(role_id > 1)",
                        "Rows Removed by Filter": 6335099
                      },
                      {
                        "Node Type": "Index Only Scan",
                        "Parent Relationship": "Inner",
                        "Parallel Aware": false,
                        "Scan Direction": "Forward",
                        "Index Name": "title_pkey",
                        "Relation Name": "title",
                        "Alias": "t",
                        "Startup Cost": 0.43,
                        "Total Cost": 110339.97,
                        "Plan Rows": 2528293,
                        "Plan Width": 4,
                        "Actual Startup Time": 0.128,
                        "Actual Total Time": 1517.479,
                        "Actual Rows": 2525724,
                        "Actual Loops": 2,
                        "Heap Fetches": 5051448
                      }
                    ]
                  },
                  {
                    "Node Type": "Materialize",
                    "Parent Relationship": "Inner",
                    "Parallel Aware": false,
                    "Startup Cost": 0.43,
                    "Total Cost": 150787.97,
                    "Plan Rows": 1682282,
                    "Plan Width": 4,
                    "Actual Startup Time": 0.072,
                    "Actual Total Time": 1457.513,
                    "Actual Rows": 19345508,
                    "Actual Loops": 2,
                    "Plans": [
                      {
                        "Node Type": "Index Scan",
                        "Parent Relationship": "Outer",
                        "Parallel Aware": false,
                        "Scan Direction": "Forward",
                        "Index Name": "movie_id_movie_companies",
                        "Relation Name": "movie_companies",
                        "Alias": "mc",
                        "Startup Cost": 0.43,
                        "Total Cost": 146582.27,
                        "Plan Rows": 1682282,
                        "Plan Width": 4,
                        "Actual Startup Time": 0.063,
                        "Actual Total Time": 659.554,
                        "Actual Rows": 1670545,
                        "Actual Loops": 2,
                        "Filter": "(company_id < 19099)",
                        "Rows Removed by Filter": 938584
                      }
                    ]
                  }
                ]
              }
            ]
          }
        ]
      }
    ]
  },
  "Planning Time": 1.07,
  "Triggers": [],
  "Execution Time": 21643.243
}