[
  {
    "Plan": {
      "Node Type": "Aggregate",
      "Strategy": "Plain",
      "Partial Mode": "Finalize",
      "Parallel Aware": false,
      "Startup Cost": 30907.66,
      "Total Cost": 30907.67,
      "Plan Rows": 1,
      "Plan Width": 8,
      "Actual Startup Time": 97.94,
      "Actual Total Time": 105.488,
      "Actual Rows": 1,
      "Actual Loops": 1,
      "Plans": [
        {
          "Node Type": "Gather",
          "Parent Relationship": "Outer",
          "Parallel Aware": false,
          "Startup Cost": 30907.34,
          "Total Cost": 30907.65,
          "Plan Rows": 3,
          "Plan Width": 8,
          "Actual Startup Time": 97.84,
          "Actual Total Time": 105.48,
          "Actual Rows": 4,
          "Actual Loops": 1,
          "Workers Planned": 3,
          "Workers Launched": 3,
          "Single Copy": false,
          "Plans": [
            {
              "Node Type": "Aggregate",
              "Strategy": "Plain",
              "Partial Mode": "Partial",
              "Parent Relationship": "Outer",
              "Parallel Aware": false,
              "Startup Cost": 29907.34,
              "Total Cost": 29907.35,
              "Plan Rows": 1,
              "Plan Width": 8,
              "Actual Startup Time": 90.244,
              "Actual Total Time": 90.245,
              "Actual Rows": 1,
              "Actual Loops": 4,
              "Plans": [
                {
                  "Node Type": "Seq Scan",
                  "Parent Relationship": "Outer",
                  "Parallel Aware": true,
                  "Relation Name": "movie_companies",
                  "Alias": "mc",
                  "Startup Cost": 0.0,
                  "Total Cost": 29310.68,
                  "Plan Rows": 238664,
                  "Plan Width": 0,
                  "Actual Startup Time": 29.368,
                  "Actual Total Time": 81.515,
                  "Actual Rows": 188631,
                  "Actual Loops": 4,
                  "Filter": "(company_id > 36277)",
                  "Rows Removed by Filter": 463652
                }
              ]
            }
          ]
        }
      ]
    },
    "Planning Time": 0.164,
    "Triggers": [],
    "Execution Time": 105.538
  }
]