{
    "Plan": {
        "Node Type": "Aggregate",
        "Strategy": "Plain",
        "Partial Mode": "Simple",
        "Parallel Aware": false,
        "Startup Cost": 10023830754.96,
        "Total Cost": 10023830754.97,
        "Plan Rows": 1,
        "Plan Width": 8,
        "Actual Startup Time": 5535.564,
        "Actual Total Time": 5535.57,
        "Actual Rows": 1,
        "Actual Loops": 1,
        "Output": [
            "count(*)"
        ],
        "Plans": [
            {
                "Node Type": "Hash Join",
                "Parent Relationship": "Outer",
                "Parallel Aware": false,
                "Join Type": "Inner",
                "Startup Cost": 10000412628.81,
                "Total Cost": 10023828227.99,
                "Plan Rows": 1010789,
                "Plan Width": 0,
                "Actual Startup Time": 3397.155,
                "Actual Total Time": 5487.087,
                "Actual Rows": 727535,
                "Actual Loops": 1,
                "Inner Unique": false,
                "Hash Cond": "(t.id = mi.movie_id)",
                "Plans": [
                    {
                        "Node Type": "Hash Join",
                        "Parent Relationship": "Outer",
                        "Parallel Aware": false,
                        "Join Type": "Inner",
                        "Startup Cost": 10000218323.43,
                        "Total Cost": 10000543589.81,
                        "Plan Rows": 3411711,
                        "Plan Width": 8,
                        "Actual Startup Time": 2937.468,
                        "Actual Total Time": 4382.415,
                        "Actual Rows": 1509818,
                        "Actual Loops": 1,
                        "Output": [
                            "t.id",
                            "ci.movie_id"
                        ],
                        "Inner Unique": true,
                        "Hash Cond": "(ci.movie_id = t.id)",
                        "Plans": [
                            {
                                "Node Type": "Bitmap Heap Scan",
                                "Parent Relationship": "Outer",
                                "Parallel Aware": false,
                                "Relation Name": "cast_info",
                                "Schema": "public",
                                "Alias": "ci",
                                "Startup Cost": 76377.31,
                                "Total Cost": 392687.93,
                                "Plan Rows": 3411711,
                                "Plan Width": 4,
                                "Actual Startup Time": 207.794,
                                "Actual Total Time": 917.663,
                                "Actual Rows": 1509818,
                                "Actual Loops": 1,
                                "Output": [
                                    "ci.id",
                                    "ci.person_id",
                                    "ci.movie_id",
                                    "ci.person_role_id",
                                    "ci.note",
                                    "ci.nr_order",
                                    "ci.role_id"
                                ],
                                "Recheck Cond": "(ci.role_id = 10)",
                                "Rows Removed by Index Recheck": 0,
                                "Filter": "(ci.person_id < 2961034)",
                                "Rows Removed by Filter": 2813200,
                                "Exact Heap Blocks": 37916,
                                "Lossy Heap Blocks": 0,
                                "Plans": [
                                    {
                                        "Node Type": "Bitmap Index Scan",
                                        "Parent Relationship": "Outer",
                                        "Parallel Aware": false,
                                        "Index Name": "role_id_cast_info",
                                        "Startup Cost": 0.0,
                                        "Total Cost": 75524.38,
                                        "Plan Rows": 4241575,
                                        "Plan Width": 0,
                                        "Actual Startup Time": 199.321,
                                        "Actual Total Time": 199.322,
                                        "Actual Rows": 4323018,
                                        "Actual Loops": 1,
                                        "Index Cond": "(ci.role_id = 10)"
                                    }
                                ]
                            },
                            {
                                "Node Type": "Hash",
                                "Parent Relationship": "Inner",
                                "Parallel Aware": false,
                                "Startup Cost": 10000110342.1,
                                "Total Cost": 10000110342.1,
                                "Plan Rows": 2528322,
                                "Plan Width": 4,
                                "Actual Startup Time": 2706.073,
                                "Actual Total Time": 2706.074,
                                "Actual Rows": 2528312,
                                "Actual Loops": 1,
                                "Output": [
                                    "t.id"
                                ],
                                "Hash Buckets": 4194304,
                                "Original Hash Buckets": 4194304,
                                "Hash Batches": 1,
                                "Original Hash Batches": 1,
                                "Peak Memory Usage": 121654,
                                "Plans": [
                                    {
                                        "Node Type": "Index Scan",
                                        "Parent Relationship": "Outer",
                                        "Parallel Aware": false,
                                        "Scan Direction": "Forward",
                                        "Index Name": "title_pkey",
                                        "Relation Name": "title",
                                        "Schema": "public",
                                        "Alias": "t",
                                        "Startup Cost": 10000000000.43,
                                        "Total Cost": 10000110342.1,
                                        "Plan Rows": 2528322,
                                        "Plan Width": 4,
                                        "Actual Startup Time": 0.046,
                                        "Actual Total Time": 1835.077,
                                        "Actual Rows": 2528312,
                                        "Actual Loops": 1,
                                        "Output": [
                                            "t.id"
                                        ]
                                    }
                                ]
                            }
                        ]
                    },
                    {
                        "Node Type": "Hash",
                        "Parent Relationship": "Inner",
                        "Parallel Aware": false,
                        "Startup Cost": 184942.04,
                        "Total Cost": 184942.04,
                        "Plan Rows": 749067,
                        "Plan Width": 4,
                        "Actual Startup Time": 449.132,
                        "Actual Total Time": 449.134,
                        "Actual Rows": 802140,
                        "Actual Loops": 1,
                        "Output": [
                            "mi.movie_id"
                        ],
                        "Hash Buckets": 1048576,
                        "Original Hash Buckets": 1048576,
                        "Hash Batches": 1,
                        "Original Hash Batches": 1,
                        "Peak Memory Usage": 36393,
                        "Plans": [
                            {
                                "Node Type": "Bitmap Heap Scan",
                                "Parent Relationship": "Outer",
                                "Parallel Aware": false,
                                "Relation Name": "movie_info",
                                "Schema": "public",
                                "Alias": "mi",
                                "Startup Cost": 13585.7,
                                "Total Cost": 184942.04,
                                "Plan Rows": 749067,
                                "Plan Width": 4,
                                "Actual Startup Time": 46.587,
                                "Actual Total Time": 226.156,
                                "Actual Rows": 802140,
                                "Actual Loops": 1,
                                "Output": [
                                    "mi.movie_id"
                                ],
                                "Recheck Cond": "(mi.info_type_id = 1)",
                                "Rows Removed by Index Recheck": 0,
                                "Exact Heap Blocks": 4868,
                                "Lossy Heap Blocks": 0,
                                "Plans": [
                                    {
                                        "Node Type": "Bitmap Index Scan",
                                        "Parent Relationship": "Outer",
                                        "Parallel Aware": false,
                                        "Index Name": "info_type_id_movie_info",
                                        "Startup Cost": 0.0,
                                        "Total Cost": 13398.44,
                                        "Plan Rows": 749067,
                                        "Plan Width": 0,
                                        "Actual Startup Time": 45.723,
                                        "Actual Total Time": 45.723,
                                        "Actual Rows": 802140,
                                        "Actual Loops": 1,
                                        "Index Cond": "(mi.info_type_id = 1)"
                                    }
                                ]
                            }
                        ]
                    }
                ]
            }
        ]
    },
    "Planning Time": 3.649,
    "Triggers": [],
    "Execution Time": 5540.662
}