[
  {
    "Plan": {
      "Node Type": "Aggregate",
      "Strategy": "Plain",
      "Partial Mode": "Finalize",
      "Parallel Aware": false,
      "Startup Cost": 45079.72,
      "Total Cost": 45079.73,
      "Plan Rows": 1,
      "Plan Width": 8,
      "Actual Startup Time": 147.612,
      "Actual Total Time": 156.946,
      "Actual Rows": 1,
      "Actual Loops": 1,
      "Plans": [
        {
          "Node Type": "Gather",
          "Parent Relationship": "Outer",
          "Parallel Aware": false,
          "Startup Cost": 45079.41,
          "Total Cost": 45079.72,
          "Plan Rows": 3,
          "Plan Width": 8,
          "Actual Startup Time": 147.524,
          "Actual Total Time": 156.938,
          "Actual Rows": 4,
          "Actual Loops": 1,
          "Workers Planned": 3,
          "Workers Launched": 3,
          "Single Copy": false,
          "Plans": [
            {
              "Node Type": "Aggregate",
              "Strategy": "Plain",
              "Partial Mode": "Partial",
              "Parent Relationship": "Outer",
              "Parallel Aware": false,
              "Startup Cost": 44079.41,
              "Total Cost": 44079.42,
              "Plan Rows": 1,
              "Plan Width": 8,
              "Actual Startup Time": 140.537,
              "Actual Total Time": 140.538,
              "Actual Rows": 1,
              "Actual Loops": 4,
              "Plans": [
                {
                  "Node Type": "Seq Scan",
                  "Parent Relationship": "Outer",
                  "Parallel Aware": true,
                  "Relation Name": "movie_keyword",
                  "Alias": "mk",
                  "Startup Cost": 0.0,
                  "Total Cost": 42695.65,
                  "Plan Rows": 553501,
                  "Plan Width": 0,
                  "Actual Startup Time": 1.239,
                  "Actual Total Time": 117.872,
                  "Actual Rows": 429857,
                  "Actual Loops": 4,
                  "Filter": "(keyword_id > 8252)",
                  "Rows Removed by Filter": 701125
                }
              ]
            }
          ]
        }
      ]
    },
    "Planning Time": 0.188,
    "Triggers": [],
    "Execution Time": 157.0
  }
]