[
  {
    "Plan": {
      "Node Type": "Aggregate",
      "Strategy": "Plain",
      "Partial Mode": "Finalize",
      "Parallel Aware": false,
      "Startup Cost": 31337.93,
      "Total Cost": 31337.94,
      "Plan Rows": 1,
      "Plan Width": 8,
      "Actual Startup Time": 109.137,
      "Actual Total Time": 117.572,
      "Actual Rows": 1,
      "Actual Loops": 1,
      "Plans": [
        {
          "Node Type": "Gather",
          "Parent Relationship": "Outer",
          "Parallel Aware": false,
          "Startup Cost": 31337.61,
          "Total Cost": 31337.92,
          "Plan Rows": 3,
          "Plan Width": 8,
          "Actual Startup Time": 109.005,
          "Actual Total Time": 117.561,
          "Actual Rows": 4,
          "Actual Loops": 1,
          "Workers Planned": 3,
          "Workers Launched": 3,
          "Single Copy": false,
          "Plans": [
            {
              "Node Type": "Aggregate",
              "Strategy": "Plain",
              "Partial Mode": "Partial",
              "Parent Relationship": "Outer",
              "Parallel Aware": false,
              "Startup Cost": 30337.61,
              "Total Cost": 30337.62,
              "Plan Rows": 1,
              "Plan Width": 8,
              "Actual Startup Time": 102.002,
              "Actual Total Time": 102.004,
              "Actual Rows": 1,
              "Actual Loops": 4,
              "Plans": [
                {
                  "Node Type": "Seq Scan",
                  "Parent Relationship": "Outer",
                  "Parallel Aware": true,
                  "Relation Name": "movie_companies",
                  "Alias": "mc",
                  "Startup Cost": 0.0,
                  "Total Cost": 29310.68,
                  "Plan Rows": 410773,
                  "Plan Width": 0,
                  "Actual Startup Time": 0.03,
                  "Actual Total Time": 82.719,
                  "Actual Rows": 321435,
                  "Actual Loops": 4,
                  "Filter": "(company_id < 11244)",
                  "Rows Removed by Filter": 330847
                }
              ]
            }
          ]
        }
      ]
    },
    "Planning Time": 0.235,
    "Triggers": [],
    "Execution Time": 117.633
  }
]