[
  {
    "Plan": {
      "Node Type": "Aggregate",
      "Strategy": "Plain",
      "Partial Mode": "Finalize",
      "Parallel Aware": false,
      "Startup Cost": 31352.67,
      "Total Cost": 31352.68,
      "Plan Rows": 1,
      "Plan Width": 8,
      "Actual Startup Time": 107.965,
      "Actual Total Time": 116.37,
      "Actual Rows": 1,
      "Actual Loops": 1,
      "Plans": [
        {
          "Node Type": "Gather",
          "Parent Relationship": "Outer",
          "Parallel Aware": false,
          "Startup Cost": 31352.36,
          "Total Cost": 31352.67,
          "Plan Rows": 3,
          "Plan Width": 8,
          "Actual Startup Time": 107.857,
          "Actual Total Time": 116.36,
          "Actual Rows": 4,
          "Actual Loops": 1,
          "Workers Planned": 3,
          "Workers Launched": 3,
          "Single Copy": false,
          "Plans": [
            {
              "Node Type": "Aggregate",
              "Strategy": "Plain",
              "Partial Mode": "Partial",
              "Parent Relationship": "Outer",
              "Parallel Aware": false,
              "Startup Cost": 30352.36,
              "Total Cost": 30352.37,
              "Plan Rows": 1,
              "Plan Width": 8,
              "Actual Startup Time": 99.443,
              "Actual Total Time": 99.445,
              "Actual Rows": 1,
              "Actual Loops": 4,
              "Plans": [
                {
                  "Node Type": "Seq Scan",
                  "Parent Relationship": "Outer",
                  "Parallel Aware": true,
                  "Relation Name": "movie_companies",
                  "Alias": "mc",
                  "Startup Cost": 0.0,
                  "Total Cost": 29310.68,
                  "Plan Rows": 416670,
                  "Plan Width": 0,
                  "Actual Startup Time": 0.047,
                  "Actual Total Time": 81.112,
                  "Actual Rows": 321435,
                  "Actual Loops": 4,
                  "Filter": "(company_id < 11244)",
                  "Rows Removed by Filter": 330847
                }
              ]
            }
          ]
        }
      ]
    },
    "Planning Time": 0.168,
    "Triggers": [],
    "Execution Time": 116.428
  }
]