[
  {
    "Plan": {
      "Node Type": "Aggregate",
      "Strategy": "Plain",
      "Partial Mode": "Finalize",
      "Parallel Aware": false,
      "Startup Cost": 339189.4,
      "Total Cost": 339189.41,
      "Plan Rows": 1,
      "Plan Width": 8,
      "Actual Startup Time": 970.369,
      "Actual Total Time": 1018.847,
      "Actual Rows": 1,
      "Actual Loops": 1,
      "Plans": [
        {
          "Node Type": "Gather",
          "Parent Relationship": "Outer",
          "Parallel Aware": false,
          "Startup Cost": 339188.77,
          "Total Cost": 339189.38,
          "Plan Rows": 6,
          "Plan Width": 8,
          "Actual Startup Time": 970.148,
          "Actual Total Time": 1018.832,
          "Actual Rows": 7,
          "Actual Loops": 1,
          "Workers Planned": 6,
          "Workers Launched": 6,
          "Single Copy": false,
          "Plans": [
            {
              "Node Type": "Aggregate",
              "Strategy": "Plain",
              "Partial Mode": "Partial",
              "Parent Relationship": "Outer",
              "Parallel Aware": false,
              "Startup Cost": 338188.77,
              "Total Cost": 338188.78,
              "Plan Rows": 1,
              "Plan Width": 8,
              "Actual Startup Time": 958.757,
              "Actual Total Time": 958.758,
              "Actual Rows": 1,
              "Actual Loops": 7,
              "Plans": [
                {
                  "Node Type": "Seq Scan",
                  "Parent Relationship": "Outer",
                  "Parallel Aware": true,
                  "Relation Name": "cast_info",
                  "Alias": "ci",
                  "Startup Cost": 0.0,
                  "Total Cost": 328211.39,
                  "Plan Rows": 3990953,
                  "Plan Width": 0,
                  "Actual Startup Time": 0.067,
                  "Actual Total Time": 743.763,
                  "Actual Rows": 3444614,
                  "Actual Loops": 7,
                  "Filter": "(person_id < 2473168)",
                  "Rows Removed by Filter": 1733150
                }
              ]
            }
          ]
        }
      ]
    },
    "Planning Time": 0.22,
    "Triggers": [],
    "Execution Time": 1018.924
  }
]