[
  {
    "Plan": {
      "Node Type": "Aggregate",
      "Strategy": "Plain",
      "Partial Mode": "Finalize",
      "Parallel Aware": false,
      "Startup Cost": 169655.05,
      "Total Cost": 169655.06,
      "Plan Rows": 1,
      "Plan Width": 8,
      "Actual Startup Time": 231.459,
      "Actual Total Time": 257.514,
      "Actual Rows": 1,
      "Actual Loops": 1,
      "Plans": [
        {
          "Node Type": "Gather",
          "Parent Relationship": "Outer",
          "Parallel Aware": false,
          "Startup Cost": 169654.53,
          "Total Cost": 169655.04,
          "Plan Rows": 5,
          "Plan Width": 8,
          "Actual Startup Time": 231.11,
          "Actual Total Time": 257.497,
          "Actual Rows": 6,
          "Actual Loops": 1,
          "Workers Planned": 5,
          "Workers Launched": 5,
          "Single Copy": false,
          "Plans": [
            {
              "Node Type": "Aggregate",
              "Strategy": "Plain",
              "Partial Mode": "Partial",
              "Parent Relationship": "Outer",
              "Parallel Aware": false,
              "Startup Cost": 168654.53,
              "Total Cost": 168654.54,
              "Plan Rows": 1,
              "Plan Width": 8,
              "Actual Startup Time": 224.831,
              "Actual Total Time": 224.835,
              "Actual Rows": 1,
              "Actual Loops": 6,
              "Plans": [
                {
                  "Node Type": "Nested Loop",
                  "Parent Relationship": "Outer",
                  "Parallel Aware": false,
                  "Join Type": "Inner",
                  "Startup Cost": 44005.77,
                  "Total Cost": 168621.09,
                  "Plan Rows": 13376,
                  "Plan Width": 0,
                  "Actual Startup Time": 185.701,
                  "Actual Total Time": 224.822,
                  "Actual Rows": 53,
                  "Actual Loops": 6,
                  "Inner Unique": false,
                  "Join Filter": "(t.id = mi.movie_id)",
                  "Rows Removed by Join Filter": 0,
                  "Plans": [
                    {
                      "Node Type": "Hash Join",
                      "Parent Relationship": "Outer",
                      "Parallel Aware": true,
                      "Join Type": "Inner",
                      "Startup Cost": 44005.34,
                      "Total Cost": 162519.92,
                      "Plan Rows": 2278,
                      "Plan Width": 8,
                      "Actual Startup Time": 185.653,
                      "Actual Total Time": 224.301,
                      "Actual Rows": 4,
                      "Actual Loops": 6,
                      "Inner Unique": true,
                      "Hash Cond": "(ci.movie_id = t.id)",
                      "Plans": [
                        {
                          "Node Type": "Index Scan",
                          "Parent Relationship": "Outer",
                          "Parallel Aware": true,
                          "Scan Direction": "Forward",
                          "Index Name": "role_id_cast_info",
                          "Relation Name": "cast_info",
                          "Alias": "ci",
                          "Startup Cost": 0.56,
                          "Total Cost": 118067.1,
                          "Plan Rows": 170682,
                          "Plan Width": 4,
                          "Actual Startup Time": 0.116,
                          "Actual Total Time": 140.896,
                          "Actual Rows": 47679,
                          "Actual Loops": 6,
                          "Index Cond": "(role_id = 10)",
                          "Rows Removed by Index Recheck": 0,
                          "Filter": "(person_id < 703922)",
                          "Rows Removed by Filter": 672824
                        },
                        {
                          "Node Type": "Hash",
                          "Parent Relationship": "Inner",
                          "Parallel Aware": true,
                          "Startup Cost": 43899.32,
                          "Total Cost": 43899.32,
                          "Plan Rows": 8436,
                          "Plan Width": 4,
                          "Actual Startup Time": 74.503,
                          "Actual Total Time": 74.505,
                          "Actual Rows": 5842,
                          "Actual Loops": 6,
                          "Hash Buckets": 65536,
                          "Original Hash Buckets": 65536,
                          "Hash Batches": 1,
                          "Original Hash Batches": 1,
                          "Peak Memory Usage": 2016,
                          "Plans": [
                            {
                              "Node Type": "Seq Scan",
                              "Parent Relationship": "Outer",
                              "Parallel Aware": true,
                              "Relation Name": "title",
                              "Alias": "t",
                              "Startup Cost": 0.0,
                              "Total Cost": 43899.32,
                              "Plan Rows": 8436,
                              "Plan Width": 4,
                              "Actual Startup Time": 44.78,
                              "Actual Total Time": 72.038,
                              "Actual Rows": 5842,
                              "Actual Loops": 6,
                              "Filter": "(production_year < 1912)",
                              "Rows Removed by Filter": 415544
                            }
                          ]
                        }
                      ]
                    },
                    {
                      "Node Type": "Index Only Scan",
                      "Parent Relationship": "Inner",
                      "Parallel Aware": false,
                      "Scan Direction": "Forward",
                      "Index Name": "movie_id_movie_info",
                      "Relation Name": "movie_info",
                      "Alias": "mi",
                      "Startup Cost": 0.43,
                      "Total Cost": 2.17,
                      "Plan Rows": 41,
                      "Plan Width": 4,
                      "Actual Startup Time": 0.05,
                      "Actual Total Time": 0.126,
                      "Actual Rows": 13,
                      "Actual Loops": 24,
                      "Index Cond": "(movie_id = ci.movie_id)",
                      "Rows Removed by Index Recheck": 0,
                      "Heap Fetches": 316
                    }
                  ]
                }
              ]
            }
          ]
        }
      ]
    },
    "Planning Time": 1.393,
    "Triggers": [],
    "Execution Time": 257.614
  }
]