{
  "Plan": {
    "Node Type": "Aggregate",
    "Strategy": "Plain",
    "Partial Mode": "Finalize",
    "Parallel Aware": false,
    "Startup Cost": 123558.82,
    "Total Cost": 123558.83,
    "Plan Rows": 1,
    "Plan Width": 8,
    "Actual Startup Time": 799.961,
    "Actual Total Time": 872.303,
    "Actual Rows": 1,
    "Actual Loops": 1,
    "Plans": [
      {
        "Node Type": "Gather",
        "Parent Relationship": "Outer",
        "Parallel Aware": false,
        "Startup Cost": 123558.71,
        "Total Cost": 123558.82,
        "Plan Rows": 1,
        "Plan Width": 8,
        "Actual Startup Time": 799.452,
        "Actual Total Time": 872.294,
        "Actual Rows": 2,
        "Actual Loops": 1,
        "Workers Planned": 1,
        "Workers Launched": 1,
        "Single Copy": false,
        "Plans": [
          {
            "Node Type": "Aggregate",
            "Strategy": "Plain",
            "Partial Mode": "Partial",
            "Parent Relationship": "Outer",
            "Parallel Aware": false,
            "Startup Cost": 122558.71,
            "Total Cost": 122558.72,
            "Plan Rows": 1,
            "Plan Width": 8,
            "Actual Startup Time": 793.653,
            "Actual Total Time": 793.657,
            "Actual Rows": 1,
            "Actual Loops": 2,
            "Plans": [
              {
                "Node Type": "Nested Loop",
                "Parent Relationship": "Outer",
                "Parallel Aware": false,
                "Join Type": "Inner",
                "Startup Cost": 58678.1,
                "Total Cost": 121978.28,
                "Plan Rows": 232172,
                "Plan Width": 0,
                "Actual Startup Time": 143.134,
                "Actual Total Time": 767.226,
                "Actual Rows": 559882,
                "Actual Loops": 2,
                "Inner Unique": false,
                "Join Filter": "(t.id = ci.movie_id)",
                "Rows Removed by Join Filter": 0,
                "Plans": [
                  {
                    "Node Type": "Hash Join",
                    "Parent Relationship": "Outer",
                    "Parallel Aware": true,
                    "Join Type": "Inner",
                    "Startup Cost": 58677.53,
                    "Total Cost": 76861.32,
                    "Plan Rows": 16203,
                    "Plan Width": 8,
                    "Actual Startup Time": 143.044,
                    "Actual Total Time": 253.403,
                    "Actual Rows": 19860,
                    "Actual Loops": 2,
                    "Inner Unique": true,
                    "Hash Cond": "(mi_idx.movie_id = t.id)",
                    "Plans": [
                      {
                        "Node Type": "Seq Scan",
                        "Parent Relationship": "Outer",
                        "Parallel Aware": true,
                        "Relation Name": "movie_info_idx",
                        "Alias": "mi_idx",
                        "Startup Cost": 0.0,
                        "Total Cost": 16052.85,
                        "Plan Rows": 811785,
                        "Plan Width": 4,
                        "Actual Startup Time": 0.018,
                        "Actual Total Time": 46.158,
                        "Actual Rows": 690018,
                        "Actual Loops": 2
                      },
                      {
                        "Node Type": "Hash",
                        "Parent Relationship": "Inner",
                        "Parallel Aware": true,
                        "Startup Cost": 58306.47,
                        "Total Cost": 58306.47,
                        "Plan Rows": 29685,
                        "Plan Width": 4,
                        "Actual Startup Time": 141.665,
                        "Actual Total Time": 141.666,
                        "Actual Rows": 22006,
                        "Actual Loops": 2,
                        "Hash Buckets": 65536,
                        "Original Hash Buckets": 65536,
                        "Hash Batches": 1,
                        "Original Hash Batches": 1,
                        "Peak Memory Usage": 2240,
                        "Plans": [
                          {
                            "Node Type": "Seq Scan",
                            "Parent Relationship": "Outer",
                            "Parallel Aware": true,
                            "Relation Name": "title",
                            "Alias": "t",
                            "Startup Cost": 0.0,
                            "Total Cost": 58306.47,
                            "Plan Rows": 29685,
                            "Plan Width": 4,
                            "Actual Startup Time": 0.089,
                            "Actual Total Time": 136.072,
                            "Actual Rows": 22006,
                            "Actual Loops": 2,
                            "Filter": "((kind_id < 7) AND (production_year = 2009))",
                            "Rows Removed by Filter": 1242150
                          }
                        ]
                      }
                    ]
                  },
                  {
                    "Node Type": "Index Only Scan",
                    "Parent Relationship": "Inner",
                    "Parallel Aware": false,
                    "Scan Direction": "Forward",
                    "Index Name": "movie_id_cast_info",
                    "Relation Name": "cast_info",
                    "Alias": "ci",
                    "Startup Cost": 0.56,
                    "Total Cost": 2.32,
                    "Plan Rows": 37,
                    "Plan Width": 4,
                    "Actual Startup Time": 0.004,
                    "Actual Total Time": 0.023,
                    "Actual Rows": 28,
                    "Actual Loops": 39721,
                    "Index Cond": "(movie_id = mi_idx.movie_id)",
                    "Rows Removed by Index Recheck": 0,
                    "Heap Fetches": 1119763
                  }
                ]
              }
            ]
          }
        ]
      }
    ]
  },
  "Planning Time": 0.881,
  "Triggers": [],
  "Execution Time": 872.4
}