{
  "Plan": {
    "Node Type": "Aggregate",
    "Strategy": "Plain",
    "Partial Mode": "Simple",
    "Parallel Aware": false,
    "Startup Cost": 562377.37,
    "Total Cost": 562377.38,
    "Plan Rows": 1,
    "Plan Width": 96,
    "Actual Startup Time": 7956.565,
    "Actual Total Time": 8419.549,
    "Actual Rows": 1,
    "Actual Loops": 1,
    "Plans": [
      {
        "Node Type": "Hash Join",
        "Parent Relationship": "Outer",
        "Parallel Aware": false,
        "Join Type": "Inner",
        "Startup Cost": 559751.22,
        "Total Cost": 562377.36,
        "Plan Rows": 1,
        "Plan Width": 48,
        "Actual Startup Time": 7927.974,
        "Actual Total Time": 8419.514,
        "Actual Rows": 2,
        "Actual Loops": 1,
        "Inner Unique": false,
        "Hash Cond": "(k.id = mk.keyword_id)",
        "Plans": [
          {
            "Node Type": "Seq Scan",
            "Parent Relationship": "Outer",
            "Parallel Aware": false,
            "Relation Name": "keyword",
            "Alias": "k",
            "Startup Cost": 0.0,
            "Total Cost": 2626.12,
            "Plan Rows": 1,
            "Plan Width": 20,
            "Actual Startup Time": 1.151,
            "Actual Total Time": 29.703,
            "Actual Rows": 1,
            "Actual Loops": 1,
            "Filter": "(keyword = 'marvel-cinematic-universe'::text)",
            "Rows Removed by Filter": 134169
          },
          {
            "Node Type": "Hash",
            "Parent Relationship": "Inner",
            "Parallel Aware": false,
            "Startup Cost": 559751.08,
            "Total Cost": 559751.08,
            "Plan Rows": 11,
            "Plan Width": 36,
            "Actual Startup Time": 7926.705,
            "Actual Total Time": 8389.683,
            "Actual Rows": 18,
            "Actual Loops": 1,
            "Hash Buckets": 1024,
            "Original Hash Buckets": 1024,
            "Hash Batches": 1,
            "Original Hash Batches": 1,
            "Peak Memory Usage": 10,
            "Plans": [
              {
                "Node Type": "Gather",
                "Parent Relationship": "Outer",
                "Parallel Aware": false,
                "Startup Cost": 490847.58,
                "Total Cost": 559751.08,
                "Plan Rows": 11,
                "Plan Width": 36,
                "Actual Startup Time": 7560.012,
                "Actual Total Time": 8389.644,
                "Actual Rows": 18,
                "Actual Loops": 1,
                "Workers Planned": 4,
                "Workers Launched": 4,
                "Single Copy": false,
                "Plans": [
                  {
                    "Node Type": "Hash Join",
                    "Parent Relationship": "Outer",
                    "Parallel Aware": true,
                    "Join Type": "Inner",
                    "Startup Cost": 489847.58,
                    "Total Cost": 558749.98,
                    "Plan Rows": 3,
                    "Plan Width": 36,
                    "Actual Startup Time": 7492.968,
                    "Actual Total Time": 7561.791,
                    "Actual Rows": 4,
                    "Actual Loops": 5,
                    "Inner Unique": false,
                    "Hash Cond": "(t.id = mk.movie_id)",
                    "Plans": [
                      {
                        "Node Type": "Hash Join",
                        "Parent Relationship": "Outer",
                        "Parallel Aware": true,
                        "Join Type": "Inner",
                        "Startup Cost": 432558.61,
                        "Total Cost": 501460.63,
                        "Plan Rows": 1,
                        "Plan Width": 40,
                        "Actual Startup Time": 6868.768,
                        "Actual Total Time": 6937.587,
                        "Actual Rows": 1,
                        "Actual Loops": 5,
                        "Inner Unique": true,
                        "Hash Cond": "(ci.movie_id = t.id)",
                        "Plans": [
                          {
                            "Node Type": "Hash Join",
                            "Parent Relationship": "Outer",
                            "Parallel Aware": true,
                            "Join Type": "Inner",
                            "Startup Cost": 388653.84,
                            "Total Cost": 457553.49,
                            "Plan Rows": 907,
                            "Plan Width": 19,
                            "Actual Startup Time": 6663.747,
                            "Actual Total Time": 6830.518,
                            "Actual Rows": 97,
                            "Actual Loops": 5,
                            "Inner Unique": false,
                            "Hash Cond": "(n.id = ci.person_id)",
                            "Plans": [
                              {
                                "Node Type": "Seq Scan",
                                "Parent Relationship": "Outer",
                                "Parallel Aware": true,
                                "Relation Name": "name",
                                "Alias": "n",
                                "Startup Cost": 0.0,
                                "Total Cost": 68636.05,
                                "Plan Rows": 104,
                                "Plan Width": 19,
                                "Actual Startup Time": 247.43,
                                "Actual Total Time": 385.031,
                                "Actual Rows": 0,
                                "Actual Loops": 5,
                                "Filter": "(name ~~ '%Downey%Robert%'::text)",
                                "Rows Removed by Filter": 833498
                              },
                              {
                                "Node Type": "Hash",
                                "Parent Relationship": "Inner",
                                "Parallel Aware": true,
                                "Startup Cost": 313116.71,
                                "Total Cost": 313116.71,
                                "Plan Rows": 6042971,
                                "Plan Width": 8,
                                "Actual Startup Time": 6284.708,
                                "Actual Total Time": 6284.71,
                                "Actual Rows": 7248869,
                                "Actual Loops": 5,
                                "Hash Buckets": 67108864,
                                "Original Hash Buckets": 67108864,
                                "Hash Batches": 1,
                                "Original Hash Batches": 1,
                                "Peak Memory Usage": 1942240,
                                "Plans": [
                                  {
                                    "Node Type": "Seq Scan",
                                    "Parent Relationship": "Outer",
                                    "Parallel Aware": true,
                                    "Relation Name": "cast_info",
                                    "Alias": "ci",
                                    "Startup Cost": 0.0,
                                    "Total Cost": 313116.71,
                                    "Plan Rows": 6042971,
                                    "Plan Width": 8,
                                    "Actual Startup Time": 0.047,
                                    "Actual Total Time": 1854.443,
                                    "Actual Rows": 7248869,
                                    "Actual Loops": 5
                                  }
                                ]
                              }
                            ]
                          },
                          {
                            "Node Type": "Hash",
                            "Parent Relationship": "Inner",
                            "Parallel Aware": true,
                            "Startup Cost": 43899.59,
                            "Total Cost": 43899.59,
                            "Plan Rows": 414,
                            "Plan Width": 21,
                            "Actual Startup Time": 106.94,
                            "Actual Total Time": 106.942,
                            "Actual Rows": 88,
                            "Actual Loops": 5,
                            "Hash Buckets": 2048,
                            "Original Hash Buckets": 2048,
                            "Hash Batches": 1,
                            "Original Hash Batches": 1,
                            "Peak Memory Usage": 176,
                            "Plans": [
                              {
                                "Node Type": "Seq Scan",
                                "Parent Relationship": "Outer",
                                "Parallel Aware": true,
                                "Relation Name": "title",
                                "Alias": "t",
                                "Startup Cost": 0.0,
                                "Total Cost": 43899.59,
                                "Plan Rows": 414,
                                "Plan Width": 21,
                                "Actual Startup Time": 52.669,
                                "Actual Total Time": 106.742,
                                "Actual Rows": 88,
                                "Actual Loops": 5,
                                "Filter": "(production_year > 2014)",
                                "Rows Removed by Filter": 505575
                              }
                            ]
                          }
                        ]
                      },
                      {
                        "Node Type": "Hash",
                        "Parent Relationship": "Inner",
                        "Parallel Aware": true,
                        "Startup Cost": 39047.32,
                        "Total Cost": 39047.32,
                        "Plan Rows": 1459332,
                        "Plan Width": 8,
                        "Actual Startup Time": 603.009,
                        "Actual Total Time": 603.011,
                        "Actual Rows": 904786,
                        "Actual Loops": 5,
                        "Hash Buckets": 8388608,
                        "Original Hash Buckets": 8388608,
                        "Hash Batches": 1,
                        "Original Hash Batches": 1,
                        "Peak Memory Usage": 242592,
                        "Plans": [
                          {
                            "Node Type": "Seq Scan",
                            "Parent Relationship": "Outer",
                            "Parallel Aware": true,
                            "Relation Name": "movie_keyword",
                            "Alias": "mk",
                            "Startup Cost": 0.0,
                            "Total Cost": 39047.32,
                            "Plan Rows": 1459332,
                            "Plan Width": 8,
                            "Actual Startup Time": 0.072,
                            "Actual Total Time": 187.843,
                            "Actual Rows": 904786,
                            "Actual Loops": 5
                          }
                        ]
                      }
                    ]
                  }
                ]
              }
            ]
          }
        ]
      }
    ]
  },
  "Planning Time": 5.792,
  "Triggers": [],
  "Execution Time": 8420.18
}