[
  {
    "Plan": {
      "Node Type": "Aggregate",
      "Strategy": "Plain",
      "Partial Mode": "Finalize",
      "Parallel Aware": false,
      "Startup Cost": 31494.04,
      "Total Cost": 31494.05,
      "Plan Rows": 1,
      "Plan Width": 8,
      "Actual Startup Time": 61.652,
      "Actual Total Time": 66.168,
      "Actual Rows": 1,
      "Actual Loops": 1,
      "Plans": [
        {
          "Node Type": "Gather",
          "Parent Relationship": "Outer",
          "Parallel Aware": false,
          "Startup Cost": 31493.62,
          "Total Cost": 31494.03,
          "Plan Rows": 4,
          "Plan Width": 8,
          "Actual Startup Time": 61.574,
          "Actual Total Time": 66.158,
          "Actual Rows": 5,
          "Actual Loops": 1,
          "Workers Planned": 4,
          "Workers Launched": 4,
          "Single Copy": false,
          "Plans": [
            {
              "Node Type": "Aggregate",
              "Strategy": "Plain",
              "Partial Mode": "Partial",
              "Parent Relationship": "Outer",
              "Parallel Aware": false,
              "Startup Cost": 30493.62,
              "Total Cost": 30493.63,
              "Plan Rows": 1,
              "Plan Width": 8,
              "Actual Startup Time": 56.388,
              "Actual Total Time": 56.388,
              "Actual Rows": 1,
              "Actual Loops": 5,
              "Plans": [
                {
                  "Node Type": "Index Scan",
                  "Parent Relationship": "Outer",
                  "Parallel Aware": true,
                  "Scan Direction": "Forward",
                  "Index Name": "role_id_cast_info",
                  "Relation Name": "cast_info",
                  "Alias": "ci",
                  "Startup Cost": 0.56,
                  "Total Cost": 29878.05,
                  "Plan Rows": 246226,
                  "Plan Width": 0,
                  "Actual Startup Time": 0.098,
                  "Actual Total Time": 46.17,
                  "Actual Rows": 210824,
                  "Actual Loops": 5,
                  "Index Cond": "(role_id = 9)",
                  "Rows Removed by Index Recheck": 0,
                  "Filter": "(person_id > 291874)",
                  "Rows Removed by Filter": 7888
                }
              ]
            }
          ]
        }
      ]
    },
    "Planning Time": 0.236,
    "Triggers": [],
    "Execution Time": 66.228
  }
]