[
  {
    "Plan": {
      "Node Type": "Aggregate",
      "Strategy": "Plain",
      "Partial Mode": "Finalize",
      "Parallel Aware": false,
      "Startup Cost": 264577.57,
      "Total Cost": 264577.58,
      "Plan Rows": 1,
      "Plan Width": 8,
      "Actual Startup Time": 684.896,
      "Actual Total Time": 700.99,
      "Actual Rows": 1,
      "Actual Loops": 1,
      "Plans": [
        {
          "Node Type": "Gather",
          "Parent Relationship": "Outer",
          "Parallel Aware": false,
          "Startup Cost": 264577.26,
          "Total Cost": 264577.57,
          "Plan Rows": 3,
          "Plan Width": 8,
          "Actual Startup Time": 679.038,
          "Actual Total Time": 700.979,
          "Actual Rows": 4,
          "Actual Loops": 1,
          "Workers Planned": 3,
          "Workers Launched": 3,
          "Single Copy": false,
          "Plans": [
            {
              "Node Type": "Aggregate",
              "Strategy": "Plain",
              "Partial Mode": "Partial",
              "Parent Relationship": "Outer",
              "Parallel Aware": false,
              "Startup Cost": 263577.26,
              "Total Cost": 263577.27,
              "Plan Rows": 1,
              "Plan Width": 8,
              "Actual Startup Time": 666.382,
              "Actual Total Time": 666.387,
              "Actual Rows": 1,
              "Actual Loops": 4,
              "Plans": [
                {
                  "Node Type": "Hash Join",
                  "Parent Relationship": "Outer",
                  "Parallel Aware": true,
                  "Join Type": "Inner",
                  "Startup Cost": 218637.23,
                  "Total Cost": 263343.81,
                  "Plan Rows": 93379,
                  "Plan Width": 0,
                  "Actual Startup Time": 270.781,
                  "Actual Total Time": 581.301,
                  "Actual Rows": 2225310,
                  "Actual Loops": 4,
                  "Inner Unique": false,
                  "Hash Cond": "(mk.movie_id = t.id)",
                  "Plans": [
                    {
                      "Node Type": "Seq Scan",
                      "Parent Relationship": "Outer",
                      "Parallel Aware": true,
                      "Relation Name": "movie_keyword",
                      "Alias": "mk",
                      "Startup Cost": 0.0,
                      "Total Cost": 39047.32,
                      "Plan Rows": 1459332,
                      "Plan Width": 4,
                      "Actual Startup Time": 0.024,
                      "Actual Total Time": 84.862,
                      "Actual Rows": 1130982,
                      "Actual Loops": 4
                    },
                    {
                      "Node Type": "Hash",
                      "Parent Relationship": "Inner",
                      "Parallel Aware": true,
                      "Startup Cost": 218232.78,
                      "Total Cost": 218232.78,
                      "Plan Rows": 32356,
                      "Plan Width": 8,
                      "Actual Startup Time": 268.37,
                      "Actual Total Time": 268.374,
                      "Actual Rows": 40493,
                      "Actual Loops": 4,
                      "Hash Buckets": 262144,
                      "Original Hash Buckets": 262144,
                      "Hash Batches": 1,
                      "Original Hash Batches": 1,
                      "Peak Memory Usage": 8480,
                      "Plans": [
                        {
                          "Node Type": "Hash Join",
                          "Parent Relationship": "Outer",
                          "Parallel Aware": true,
                          "Join Type": "Inner",
                          "Startup Cost": 54881.77,
                          "Total Cost": 218232.78,
                          "Plan Rows": 32356,
                          "Plan Width": 8,
                          "Actual Startup Time": 225.874,
                          "Actual Total Time": 257.652,
                          "Actual Rows": 40493,
                          "Actual Loops": 4,
                          "Inner Unique": true,
                          "Hash Cond": "(mi.movie_id = t.id)",
                          "Plans": [
                            {
                              "Node Type": "Bitmap Heap Scan",
                              "Parent Relationship": "Outer",
                              "Parallel Aware": true,
                              "Relation Name": "movie_info",
                              "Alias": "mi",
                              "Startup Cost": 8135.65,
                              "Total Cost": 171250.98,
                              "Plan Rows": 89786,
                              "Plan Width": 4,
                              "Actual Startup Time": 22.484,
                              "Actual Total Time": 42.128,
                              "Actual Rows": 107163,
                              "Actual Loops": 4,
                              "Recheck Cond": "(info_type_id > 104)",
                              "Rows Removed by Index Recheck": 0,
                              "Exact Heap Blocks": 1970,
                              "Lossy Heap Blocks": 0,
                              "Plans": [
                                {
                                  "Node Type": "Bitmap Index Scan",
                                  "Parent Relationship": "Outer",
                                  "Parallel Aware": false,
                                  "Index Name": "info_type_id_movie_info",
                                  "Startup Cost": 0.0,
                                  "Total Cost": 8023.42,
                                  "Plan Rows": 448931,
                                  "Plan Width": 0,
                                  "Actual Startup Time": 21.684,
                                  "Actual Total Time": 21.684,
                                  "Actual Rows": 428651,
                                  "Actual Loops": 1,
                                  "Index Cond": "(info_type_id > 104)"
                                }
                              ]
                            },
                            {
                              "Node Type": "Hash",
                              "Parent Relationship": "Inner",
                              "Parallel Aware": true,
                              "Startup Cost": 43898.92,
                              "Total Cost": 43898.92,
                              "Plan Rows": 227776,
                              "Plan Width": 4,
                              "Actual Startup Time": 186.626,
                              "Actual Total Time": 186.626,
                              "Actual Rows": 226123,
                              "Actual Loops": 4,
                              "Hash Buckets": 1048576,
                              "Original Hash Buckets": 1048576,
                              "Hash Batches": 1,
                              "Original Hash Batches": 1,
                              "Peak Memory Usage": 43648,
                              "Plans": [
                                {
                                  "Node Type": "Seq Scan",
                                  "Parent Relationship": "Outer",
                                  "Parallel Aware": true,
                                  "Relation Name": "title",
                                  "Alias": "t",
                                  "Startup Cost": 0.0,
                                  "Total Cost": 43898.92,
                                  "Plan Rows": 227776,
                                  "Plan Width": 4,
                                  "Actual Startup Time": 0.049,
                                  "Actual Total Time": 104.738,
                                  "Actual Rows": 226123,
                                  "Actual Loops": 4,
                                  "Filter": "(production_year > 2006)",
                                  "Rows Removed by Filter": 405955
                                }
                              ]
                            }
                          ]
                        }
                      ]
                    }
                  ]
                }
              ]
            }
          ]
        }
      ]
    },
    "Planning Time": 1.349,
    "Triggers": [],
    "Execution Time": 701.138
  }
]