{
    "Plan": {
        "Node Type": "Aggregate",
        "Strategy": "Plain",
        "Partial Mode": "Finalize",
        "Parallel Aware": false,
        "Startup Cost": 635352.5,
        "Total Cost": 635352.51,
        "Plan Rows": 1,
        "Plan Width": 8,
        "Actual Startup Time": 3050.257,
        "Actual Total Time": 3126.914,
        "Actual Rows": 1,
        "Actual Loops": 1,
        "Output": [
            "count(*)"
        ],
        "Plans": [
            {
                "Node Type": "Gather",
                "Parent Relationship": "Outer",
                "Parallel Aware": false,
                "Startup Cost": 635351.87,
                "Total Cost": 635352.48,
                "Plan Rows": 6,
                "Plan Width": 8,
                "Actual Startup Time": 3023.915,
                "Actual Total Time": 3126.901,
                "Actual Rows": 7,
                "Actual Loops": 1,
                "Output": [
                    "(PARTIAL count(*))"
                ],
                "Workers Planned": 6,
                "Workers Launched": 6,
                "Single Copy": false,
                "Plans": [
                    {
                        "Node Type": "Aggregate",
                        "Strategy": "Plain",
                        "Partial Mode": "Partial",
                        "Parent Relationship": "Outer",
                        "Parallel Aware": false,
                        "Startup Cost": 634351.87,
                        "Total Cost": 634351.88,
                        "Plan Rows": 1,
                        "Plan Width": 8,
                        "Actual Startup Time": 3002.892,
                        "Actual Total Time": 3003.363,
                        "Actual Rows": 1,
                        "Actual Loops": 7,
                        "Output": [
                            "PARTIAL count(*)"
                        ],
                        "Workers": [
                            {
                                "Worker Number": 0,
                                "Actual Startup Time": 2999.079,
                                "Actual Total Time": 2999.084,
                                "Actual Rows": 1,
                                "Actual Loops": 1
                            },
                            {
                                "Worker Number": 1,
                                "Actual Startup Time": 2999.249,
                                "Actual Total Time": 2999.254,
                                "Actual Rows": 1,
                                "Actual Loops": 1
                            },
                            {
                                "Worker Number": 2,
                                "Actual Startup Time": 2999.307,
                                "Actual Total Time": 2999.313,
                                "Actual Rows": 1,
                                "Actual Loops": 1
                            },
                            {
                                "Worker Number": 3,
                                "Actual Startup Time": 3001.099,
                                "Actual Total Time": 3001.104,
                                "Actual Rows": 1,
                                "Actual Loops": 1
                            },
                            {
                                "Worker Number": 4,
                                "Actual Startup Time": 2999.357,
                                "Actual Total Time": 2999.363,
                                "Actual Rows": 1,
                                "Actual Loops": 1
                            },
                            {
                                "Worker Number": 5,
                                "Actual Startup Time": 2999.264,
                                "Actual Total Time": 2999.269,
                                "Actual Rows": 1,
                                "Actual Loops": 1
                            }
                        ],
                        "Plans": [
                            {
                                "Node Type": "Hash Join",
                                "Parent Relationship": "Outer",
                                "Parallel Aware": true,
                                "Join Type": "Inner",
                                "Startup Cost": 257961.94,
                                "Total Cost": 623963.86,
                                "Plan Rows": 4155206,
                                "Plan Width": 0,
                                "Actual Startup Time": 972.613,
                                "Actual Total Time": 2795.91,
                                "Actual Rows": 5228127,
                                "Actual Loops": 7,
                                "Inner Unique": false,
                                "Hash Cond": "(ci.movie_id = t.id)",
                                "Workers": [
                                    {
                                        "Worker Number": 0,
                                        "Actual Startup Time": 969.053,
                                        "Actual Total Time": 2802.198,
                                        "Actual Rows": 5006905,
                                        "Actual Loops": 1
                                    },
                                    {
                                        "Worker Number": 1,
                                        "Actual Startup Time": 969.231,
                                        "Actual Total Time": 2791.474,
                                        "Actual Rows": 5267670,
                                        "Actual Loops": 1
                                    },
                                    {
                                        "Worker Number": 2,
                                        "Actual Startup Time": 969.286,
                                        "Actual Total Time": 2792.13,
                                        "Actual Rows": 5259414,
                                        "Actual Loops": 1
                                    },
                                    {
                                        "Worker Number": 3,
                                        "Actual Startup Time": 969.304,
                                        "Actual Total Time": 2793.242,
                                        "Actual Rows": 5269094,
                                        "Actual Loops": 1
                                    },
                                    {
                                        "Worker Number": 4,
                                        "Actual Startup Time": 969.326,
                                        "Actual Total Time": 2787.867,
                                        "Actual Rows": 5371237,
                                        "Actual Loops": 1
                                    },
                                    {
                                        "Worker Number": 5,
                                        "Actual Startup Time": 969.234,
                                        "Actual Total Time": 2804.4,
                                        "Actual Rows": 4942735,
                                        "Actual Loops": 1
                                    }
                                ],
                                "Plans": [
                                    {
                                        "Node Type": "Seq Scan",
                                        "Parent Relationship": "Outer",
                                        "Parallel Aware": true,
                                        "Relation Name": "cast_info",
                                        "Schema": "public",
                                        "Alias": "ci",
                                        "Startup Cost": 0.0,
                                        "Total Cost": 343318.94,
                                        "Plan Rows": 3832682,
                                        "Plan Width": 4,
                                        "Actual Startup Time": 198.127,
                                        "Actual Total Time": 665.986,
                                        "Actual Rows": 3338464,
                                        "Actual Loops": 7,
                                        "Output": [
                                            "ci.id",
                                            "ci.person_id",
                                            "ci.movie_id",
                                            "ci.person_role_id",
                                            "ci.note",
                                            "ci.nr_order",
                                            "ci.role_id"
                                        ],
                                        "Filter": "((ci.person_id > 82384) AND (ci.role_id > 1))",
                                        "Rows Removed by Filter": 1839300,
                                        "Workers": [
                                            {
                                                "Worker Number": 0,
                                                "Actual Startup Time": 198.14,
                                                "Actual Total Time": 668.371,
                                                "Actual Rows": 3168417,
                                                "Actual Loops": 1
                                            },
                                            {
                                                "Worker Number": 1,
                                                "Actual Startup Time": 198.078,
                                                "Actual Total Time": 679.335,
                                                "Actual Rows": 3391969,
                                                "Actual Loops": 1
                                            },
                                            {
                                                "Worker Number": 2,
                                                "Actual Startup Time": 198.131,
                                                "Actual Total Time": 678.955,
                                                "Actual Rows": 3367506,
                                                "Actual Loops": 1
                                            },
                                            {
                                                "Worker Number": 3,
                                                "Actual Startup Time": 198.141,
                                                "Actual Total Time": 679.594,
                                                "Actual Rows": 3370422,
                                                "Actual Loops": 1
                                            },
                                            {
                                                "Worker Number": 4,
                                                "Actual Startup Time": 198.151,
                                                "Actual Total Time": 679.418,
                                                "Actual Rows": 3407030,
                                                "Actual Loops": 1
                                            },
                                            {
                                                "Worker Number": 5,
                                                "Actual Startup Time": 198.138,
                                                "Actual Total Time": 666.301,
                                                "Actual Rows": 3141308,
                                                "Actual Loops": 1
                                            }
                                        ]
                                    },
                                    {
                                        "Node Type": "Hash",
                                        "Parent Relationship": "Inner",
                                        "Parallel Aware": true,
                                        "Startup Cost": 251109.23,
                                        "Total Cost": 251109.23,
                                        "Plan Rows": 548217,
                                        "Plan Width": 8,
                                        "Actual Startup Time": 767.887,
                                        "Actual Total Time": 768.356,
                                        "Actual Rows": 289802,
                                        "Actual Loops": 7,
                                        "Output": [
                                            "t.id",
                                            "mi.movie_id"
                                        ],
                                        "Hash Buckets": 4194304,
                                        "Original Hash Buckets": 4194304,
                                        "Hash Batches": 1,
                                        "Original Hash Batches": 1,
                                        "Peak Memory Usage": 112192,
                                        "Workers": [
                                            {
                                                "Worker Number": 0,
                                                "Actual Startup Time": 770.262,
                                                "Actual Total Time": 770.266,
                                                "Actual Rows": 263243,
                                                "Actual Loops": 1
                                            },
                                            {
                                                "Worker Number": 1,
                                                "Actual Startup Time": 770.326,
                                                "Actual Total Time": 770.329,
                                                "Actual Rows": 293619,
                                                "Actual Loops": 1
                                            },
                                            {
                                                "Worker Number": 2,
                                                "Actual Startup Time": 770.502,
                                                "Actual Total Time": 770.506,
                                                "Actual Rows": 292506,
                                                "Actual Loops": 1
                                            },
                                            {
                                                "Worker Number": 3,
                                                "Actual Startup Time": 770.513,
                                                "Actual Total Time": 770.516,
                                                "Actual Rows": 290705,
                                                "Actual Loops": 1
                                            },
                                            {
                                                "Worker Number": 4,
                                                "Actual Startup Time": 770.501,
                                                "Actual Total Time": 770.506,
                                                "Actual Rows": 294357,
                                                "Actual Loops": 1
                                            },
                                            {
                                                "Worker Number": 5,
                                                "Actual Startup Time": 770.342,
                                                "Actual Total Time": 770.346,
                                                "Actual Rows": 260740,
                                                "Actual Loops": 1
                                            }
                                        ],
                                        "Plans": [
                                            {
                                                "Node Type": "Hash Join",
                                                "Parent Relationship": "Outer",
                                                "Parallel Aware": true,
                                                "Join Type": "Inner",
                                                "Startup Cost": 48988.45,
                                                "Total Cost": 251109.23,
                                                "Plan Rows": 548217,
                                                "Plan Width": 8,
                                                "Actual Startup Time": 171.976,
                                                "Actual Total Time": 643.826,
                                                "Actual Rows": 289802,
                                                "Actual Loops": 7,
                                                "Output": [
                                                    "t.id",
                                                    "mi.movie_id"
                                                ],
                                                "Inner Unique": true,
                                                "Hash Cond": "(mi.movie_id = t.id)",
                                                "Workers": [
                                                    {
                                                        "Worker Number": 0,
                                                        "Actual Startup Time": 171.97,
                                                        "Actual Total Time": 646.351,
                                                        "Actual Rows": 263243,
                                                        "Actual Loops": 1
                                                    },
                                                    {
                                                        "Worker Number": 1,
                                                        "Actual Startup Time": 171.966,
                                                        "Actual Total Time": 643.71,
                                                        "Actual Rows": 293619,
                                                        "Actual Loops": 1
                                                    },
                                                    {
                                                        "Worker Number": 2,
                                                        "Actual Startup Time": 171.971,
                                                        "Actual Total Time": 643.955,
                                                        "Actual Rows": 292506,
                                                        "Actual Loops": 1
                                                    },
                                                    {
                                                        "Worker Number": 3,
                                                        "Actual Startup Time": 171.952,
                                                        "Actual Total Time": 642.418,
                                                        "Actual Rows": 290705,
                                                        "Actual Loops": 1
                                                    },
                                                    {
                                                        "Worker Number": 4,
                                                        "Actual Startup Time": 171.955,
                                                        "Actual Total Time": 643.605,
                                                        "Actual Rows": 294357,
                                                        "Actual Loops": 1
                                                    },
                                                    {
                                                        "Worker Number": 5,
                                                        "Actual Startup Time": 171.944,
                                                        "Actual Total Time": 645.113,
                                                        "Actual Rows": 260740,
                                                        "Actual Loops": 1
                                                    }
                                                ],
                                                "Plans": [
                                                    {
                                                        "Node Type": "Seq Scan",
                                                        "Parent Relationship": "Outer",
                                                        "Parallel Aware": true,
                                                        "Relation Name": "movie_info",
                                                        "Schema": "public",
                                                        "Alias": "mi",
                                                        "Startup Cost": 0.0,
                                                        "Total Cost": 198880.74,
                                                        "Plan Rows": 1234303,
                                                        "Plan Width": 4,
                                                        "Actual Startup Time": 13.676,
                                                        "Actual Total Time": 278.581,
                                                        "Actual Rows": 889071,
                                                        "Actual Loops": 7,
                                                        "Output": [
                                                            "mi.id",
                                                            "mi.movie_id",
                                                            "mi.info_type_id",
                                                            "mi.info",
                                                            "mi.note"
                                                        ],
                                                        "Filter": "(mi.info_type_id > 8)",
                                                        "Rows Removed by Filter": 1230318,
                                                        "Workers": [
                                                            {
                                                                "Worker Number": 0,
                                                                "Actual Startup Time": 13.689,
                                                                "Actual Total Time": 285.064,
                                                                "Actual Rows": 810820,
                                                                "Actual Loops": 1
                                                            },
                                                            {
                                                                "Worker Number": 1,
                                                                "Actual Startup Time": 13.613,
                                                                "Actual Total Time": 283.781,
                                                                "Actual Rows": 878828,
                                                                "Actual Loops": 1
                                                            },
                                                            {
                                                                "Worker Number": 2,
                                                                "Actual Startup Time": 13.619,
                                                                "Actual Total Time": 283.447,
                                                                "Actual Rows": 882303,
                                                                "Actual Loops": 1
                                                            },
                                                            {
                                                                "Worker Number": 3,
                                                                "Actual Startup Time": 13.738,
                                                                "Actual Total Time": 283.143,
                                                                "Actual Rows": 874488,
                                                                "Actual Loops": 1
                                                            },
                                                            {
                                                                "Worker Number": 4,
                                                                "Actual Startup Time": 13.724,
                                                                "Actual Total Time": 284.005,
                                                                "Actual Rows": 898998,
                                                                "Actual Loops": 1
                                                            },
                                                            {
                                                                "Worker Number": 5,
                                                                "Actual Startup Time": 13.732,
                                                                "Actual Total Time": 284.489,
                                                                "Actual Rows": 792471,
                                                                "Actual Loops": 1
                                                            }
                                                        ]
                                                    },
                                                    {
                                                        "Node Type": "Hash",
                                                        "Parent Relationship": "Inner",
                                                        "Parallel Aware": true,
                                                        "Startup Cost": 45479.21,
                                                        "Total Cost": 45479.21,
                                                        "Plan Rows": 280739,
                                                        "Plan Width": 4,
                                                        "Actual Startup Time": 156.387,
                                                        "Actual Total Time": 156.388,
                                                        "Actual Rows": 176406,
                                                        "Actual Loops": 7,
                                                        "Output": [
                                                            "t.id"
                                                        ],
                                                        "Hash Buckets": 2097152,
                                                        "Original Hash Buckets": 2097152,
                                                        "Hash Batches": 1,
                                                        "Original Hash Batches": 1,
                                                        "Peak Memory Usage": 64832,
                                                        "Workers": [
                                                            {
                                                                "Worker Number": 0,
                                                                "Actual Startup Time": 157.91,
                                                                "Actual Total Time": 157.911,
                                                                "Actual Rows": 147931,
                                                                "Actual Loops": 1
                                                            },
                                                            {
                                                                "Worker Number": 1,
                                                                "Actual Startup Time": 157.964,
                                                                "Actual Total Time": 157.965,
                                                                "Actual Rows": 167826,
                                                                "Actual Loops": 1
                                                            },
                                                            {
                                                                "Worker Number": 2,
                                                                "Actual Startup Time": 157.956,
                                                                "Actual Total Time": 157.957,
                                                                "Actual Rows": 166725,
                                                                "Actual Loops": 1
                                                            },
                                                            {
                                                                "Worker Number": 3,
                                                                "Actual Startup Time": 158.146,
                                                                "Actual Total Time": 158.147,
                                                                "Actual Rows": 164532,
                                                                "Actual Loops": 1
                                                            },
                                                            {
                                                                "Worker Number": 4,
                                                                "Actual Startup Time": 158.118,
                                                                "Actual Total Time": 158.119,
                                                                "Actual Rows": 170250,
                                                                "Actual Loops": 1
                                                            },
                                                            {
                                                                "Worker Number": 5,
                                                                "Actual Startup Time": 157.895,
                                                                "Actual Total Time": 157.896,
                                                                "Actual Rows": 148932,
                                                                "Actual Loops": 1
                                                            }
                                                        ],
                                                        "Plans": [
                                                            {
                                                                "Node Type": "Seq Scan",
                                                                "Parent Relationship": "Outer",
                                                                "Parallel Aware": true,
                                                                "Relation Name": "title",
                                                                "Schema": "public",
                                                                "Alias": "t",
                                                                "Startup Cost": 0.0,
                                                                "Total Cost": 45479.21,
                                                                "Plan Rows": 280739,
                                                                "Plan Width": 4,
                                                                "Actual Startup Time": 0.065,
                                                                "Actual Total Time": 74.199,
                                                                "Actual Rows": 176406,
                                                                "Actual Loops": 7,
                                                                "Output": [
                                                                    "t.id"
                                                                ],
                                                                "Filter": "((t.kind_id > 1) AND (t.production_year > 1997))",
                                                                "Rows Removed by Filter": 184781,
                                                                "Workers": [
                                                                    {
                                                                        "Worker Number": 0,
                                                                        "Actual Startup Time": 0.077,
                                                                        "Actual Total Time": 74.442,
                                                                        "Actual Rows": 147931,
                                                                        "Actual Loops": 1
                                                                    },
                                                                    {
                                                                        "Worker Number": 1,
                                                                        "Actual Startup Time": 0.076,
                                                                        "Actual Total Time": 76.464,
                                                                        "Actual Rows": 167826,
                                                                        "Actual Loops": 1
                                                                    },
                                                                    {
                                                                        "Worker Number": 2,
                                                                        "Actual Startup Time": 0.076,
                                                                        "Actual Total Time": 76.553,
                                                                        "Actual Rows": 166725,
                                                                        "Actual Loops": 1
                                                                    },
                                                                    {
                                                                        "Worker Number": 3,
                                                                        "Actual Startup Time": 0.068,
                                                                        "Actual Total Time": 75.979,
                                                                        "Actual Rows": 164532,
                                                                        "Actual Loops": 1
                                                                    },
                                                                    {
                                                                        "Worker Number": 4,
                                                                        "Actual Startup Time": 0.067,
                                                                        "Actual Total Time": 76.478,
                                                                        "Actual Rows": 170250,
                                                                        "Actual Loops": 1
                                                                    },
                                                                    {
                                                                        "Worker Number": 5,
                                                                        "Actual Startup Time": 0.076,
                                                                        "Actual Total Time": 73.963,
                                                                        "Actual Rows": 148932,
                                                                        "Actual Loops": 1
                                                                    }
                                                                ]
                                                            }
                                                        ]
                                                    }
                                                ]
                                            }
                                        ]
                                    }
                                ]
                            }
                        ]
                    }
                ]
            }
        ]
    },
    "Planning Time": 1.653,
    "Triggers": [],
    "Execution Time": 3127.018
}