[
  {
    "Plan": {
      "Node Type": "Aggregate",
      "Strategy": "Plain",
      "Partial Mode": "Finalize",
      "Parallel Aware": false,
      "Startup Cost": 74449.9,
      "Total Cost": 74449.91,
      "Plan Rows": 1,
      "Plan Width": 8,
      "Actual Startup Time": 108.916,
      "Actual Total Time": 124.004,
      "Actual Rows": 1,
      "Actual Loops": 1,
      "Plans": [
        {
          "Node Type": "Gather",
          "Parent Relationship": "Outer",
          "Parallel Aware": false,
          "Startup Cost": 74449.48,
          "Total Cost": 74449.89,
          "Plan Rows": 4,
          "Plan Width": 8,
          "Actual Startup Time": 108.784,
          "Actual Total Time": 123.997,
          "Actual Rows": 5,
          "Actual Loops": 1,
          "Workers Planned": 4,
          "Workers Launched": 4,
          "Single Copy": false,
          "Plans": [
            {
              "Node Type": "Aggregate",
              "Strategy": "Plain",
              "Partial Mode": "Partial",
              "Parent Relationship": "Outer",
              "Parallel Aware": false,
              "Startup Cost": 73449.48,
              "Total Cost": 73449.49,
              "Plan Rows": 1,
              "Plan Width": 8,
              "Actual Startup Time": 100.393,
              "Actual Total Time": 100.395,
              "Actual Rows": 1,
              "Actual Loops": 5,
              "Plans": [
                {
                  "Node Type": "Nested Loop",
                  "Parent Relationship": "Outer",
                  "Parallel Aware": false,
                  "Join Type": "Inner",
                  "Startup Cost": 0.43,
                  "Total Cost": 73446.89,
                  "Plan Rows": 1038,
                  "Plan Width": 0,
                  "Actual Startup Time": 45.646,
                  "Actual Total Time": 99.998,
                  "Actual Rows": 5050,
                  "Actual Loops": 5,
                  "Inner Unique": false,
                  "Plans": [
                    {
                      "Node Type": "Seq Scan",
                      "Parent Relationship": "Outer",
                      "Parallel Aware": true,
                      "Relation Name": "title",
                      "Alias": "t",
                      "Startup Cost": 0.0,
                      "Total Cost": 45479.1,
                      "Plan Rows": 178,
                      "Plan Width": 4,
                      "Actual Startup Time": 45.536,
                      "Actual Total Time": 82.454,
                      "Actual Rows": 345,
                      "Actual Loops": 5,
                      "Filter": "((kind_id < 7) AND (production_year = 1945))",
                      "Rows Removed by Filter": 505318
                    },
                    {
                      "Node Type": "Index Only Scan",
                      "Parent Relationship": "Inner",
                      "Parallel Aware": false,
                      "Scan Direction": "Forward",
                      "Index Name": "movie_id_movie_info",
                      "Relation Name": "movie_info",
                      "Alias": "mi",
                      "Startup Cost": 0.43,
                      "Total Cost": 156.7,
                      "Plan Rows": 42,
                      "Plan Width": 4,
                      "Actual Startup Time": 0.016,
                      "Actual Total Time": 0.049,
                      "Actual Rows": 15,
                      "Actual Loops": 1724,
                      "Index Cond": "(movie_id = t.id)",
                      "Rows Removed by Index Recheck": 0,
                      "Heap Fetches": 25249
                    }
                  ]
                }
              ]
            }
          ]
        }
      ]
    },
    "Planning Time": 0.606,
    "Triggers": [],
    "Execution Time": 124.073
  }
]