{
  "Plan": {
    "Node Type": "Aggregate",
    "Strategy": "Plain",
    "Partial Mode": "Finalize",
    "Parallel Aware": false,
    "Startup Cost": 4740964.58,
    "Total Cost": 4740964.59,
    "Plan Rows": 1,
    "Plan Width": 8,
    "Actual Startup Time": 44336.008,
    "Actual Total Time": 44489.893,
    "Actual Rows": 1,
    "Actual Loops": 1,
    "Plans": [
      {
        "Node Type": "Gather",
        "Parent Relationship": "Outer",
        "Parallel Aware": false,
        "Startup Cost": 4740964.47,
        "Total Cost": 4740964.58,
        "Plan Rows": 1,
        "Plan Width": 8,
        "Actual Startup Time": 44335.637,
        "Actual Total Time": 44489.883,
        "Actual Rows": 2,
        "Actual Loops": 1,
        "Workers Planned": 1,
        "Workers Launched": 1,
        "Single Copy": false,
        "Plans": [
          {
            "Node Type": "Aggregate",
            "Strategy": "Plain",
            "Partial Mode": "Partial",
            "Parent Relationship": "Outer",
            "Parallel Aware": false,
            "Startup Cost": 4739964.47,
            "Total Cost": 4739964.48,
            "Plan Rows": 1,
            "Plan Width": 8,
            "Actual Startup Time": 44329.649,
            "Actual Total Time": 44329.651,
            "Actual Rows": 1,
            "Actual Loops": 2,
            "Plans": [
              {
                "Node Type": "Merge Join",
                "Parent Relationship": "Outer",
                "Parallel Aware": false,
                "Join Type": "Inner",
                "Startup Cost": 90.97,
                "Total Cost": 4546898.95,
                "Plan Rows": 77226208,
                "Plan Width": 0,
                "Actual Startup Time": 2.995,
                "Actual Total Time": 39588.647,
                "Actual Rows": 118476462,
                "Actual Loops": 2,
                "Inner Unique": false,
                "Merge Cond": "(t.id = mi.movie_id)",
                "Plans": [
                  {
                    "Node Type": "Merge Join",
                    "Parent Relationship": "Outer",
                    "Parallel Aware": false,
                    "Join Type": "Inner",
                    "Startup Cost": 43.99,
                    "Total Cost": 2278132.22,
                    "Plan Rows": 13207177,
                    "Plan Width": 8,
                    "Actual Startup Time": 1.813,
                    "Actual Total Time": 17214.105,
                    "Actual Rows": 11720420,
                    "Actual Loops": 2,
                    "Inner Unique": true,
                    "Merge Cond": "(ci.movie_id = t.id)",
                    "Plans": [
                      {
                        "Node Type": "Index Scan",
                        "Parent Relationship": "Outer",
                        "Parallel Aware": true,
                        "Scan Direction": "Forward",
                        "Index Name": "movie_id_cast_info",
                        "Relation Name": "cast_info",
                        "Alias": "ci",
                        "Startup Cost": 0.56,
                        "Total Cost": 1978621.64,
                        "Plan Rows": 18556556,
                        "Plan Width": 4,
                        "Actual Startup Time": 0.077,
                        "Actual Total Time": 14171.762,
                        "Actual Rows": 15802604,
                        "Actual Loops": 2,
                        "Filter": "(role_id < 10)",
                        "Rows Removed by Filter": 2319568
                      },
                      {
                        "Node Type": "Index Scan",
                        "Parent Relationship": "Inner",
                        "Parallel Aware": false,
                        "Scan Direction": "Forward",
                        "Index Name": "title_pkey",
                        "Relation Name": "title",
                        "Alias": "t",
                        "Startup Cost": 0.43,
                        "Total Cost": 116660.7,
                        "Plan Rows": 1799451,
                        "Plan Width": 4,
                        "Actual Startup Time": 0.092,
                        "Actual Total Time": 1532.282,
                        "Actual Rows": 1792786,
                        "Actual Loops": 2,
                        "Filter": "(production_year > 1988)",
                        "Rows Removed by Filter": 733178
                      }
                    ]
                  },
                  {
                    "Node Type": "Materialize",
                    "Parent Relationship": "Inner",
                    "Parallel Aware": false,
                    "Startup Cost": 0.43,
                    "Total Cost": 1116056.49,
                    "Plan Rows": 14783665,
                    "Plan Width": 4,
                    "Actual Startup Time": 0.151,
                    "Actual Total Time": 10326.397,
                    "Actual Rows": 128749481,
                    "Actual Loops": 2,
                    "Plans": [
                      {
                        "Node Type": "Index Only Scan",
                        "Parent Relationship": "Outer",
                        "Parallel Aware": false,
                        "Scan Direction": "Forward",
                        "Index Name": "movie_id_movie_info",
                        "Relation Name": "movie_info",
                        "Alias": "mi",
                        "Startup Cost": 0.43,
                        "Total Cost": 1079097.33,
                        "Plan Rows": 14783665,
                        "Plan Width": 4,
                        "Actual Startup Time": 0.141,
                        "Actual Total Time": 4383.341,
                        "Actual Rows": 14834948,
                        "Actual Loops": 2,
                        "Heap Fetches": 29669896
                      }
                    ]
                  }
                ]
              }
            ]
          }
        ]
      }
    ]
  },
  "Planning Time": 0.991,
  "Triggers": [],
  "Execution Time": 44490.05
}