[
  {
    "Plan": {
      "Node Type": "Aggregate",
      "Strategy": "Plain",
      "Partial Mode": "Finalize",
      "Parallel Aware": false,
      "Startup Cost": 46454.07,
      "Total Cost": 46454.08,
      "Plan Rows": 1,
      "Plan Width": 8,
      "Actual Startup Time": 175.889,
      "Actual Total Time": 185.614,
      "Actual Rows": 1,
      "Actual Loops": 1,
      "Plans": [
        {
          "Node Type": "Gather",
          "Parent Relationship": "Outer",
          "Parallel Aware": false,
          "Startup Cost": 46453.75,
          "Total Cost": 46454.06,
          "Plan Rows": 3,
          "Plan Width": 8,
          "Actual Startup Time": 175.727,
          "Actual Total Time": 185.604,
          "Actual Rows": 4,
          "Actual Loops": 1,
          "Workers Planned": 3,
          "Workers Launched": 3,
          "Single Copy": false,
          "Plans": [
            {
              "Node Type": "Aggregate",
              "Strategy": "Plain",
              "Partial Mode": "Partial",
              "Parent Relationship": "Outer",
              "Parallel Aware": false,
              "Startup Cost": 45453.75,
              "Total Cost": 45453.76,
              "Plan Rows": 1,
              "Plan Width": 8,
              "Actual Startup Time": 167.4,
              "Actual Total Time": 167.401,
              "Actual Rows": 1,
              "Actual Loops": 4,
              "Plans": [
                {
                  "Node Type": "Seq Scan",
                  "Parent Relationship": "Outer",
                  "Parallel Aware": true,
                  "Relation Name": "movie_keyword",
                  "Alias": "mk",
                  "Startup Cost": 0.0,
                  "Total Cost": 42695.65,
                  "Plan Rows": 1103240,
                  "Plan Width": 0,
                  "Actual Startup Time": 0.104,
                  "Actual Total Time": 125.922,
                  "Actual Rows": 852284,
                  "Actual Loops": 4,
                  "Filter": "(keyword_id > 1150)",
                  "Rows Removed by Filter": 278698
                }
              ]
            }
          ]
        }
      ]
    },
    "Planning Time": 0.191,
    "Triggers": [],
    "Execution Time": 185.673
  }
]