[
  {
    "Plan": {
      "Node Type": "Aggregate",
      "Strategy": "Plain",
      "Partial Mode": "Finalize",
      "Parallel Aware": false,
      "Startup Cost": 31192.04,
      "Total Cost": 31192.05,
      "Plan Rows": 1,
      "Plan Width": 8,
      "Actual Startup Time": 95.116,
      "Actual Total Time": 103.109,
      "Actual Rows": 1,
      "Actual Loops": 1,
      "Plans": [
        {
          "Node Type": "Gather",
          "Parent Relationship": "Outer",
          "Parallel Aware": false,
          "Startup Cost": 31191.73,
          "Total Cost": 31192.04,
          "Plan Rows": 3,
          "Plan Width": 8,
          "Actual Startup Time": 95.003,
          "Actual Total Time": 103.1,
          "Actual Rows": 4,
          "Actual Loops": 1,
          "Workers Planned": 3,
          "Workers Launched": 3,
          "Single Copy": false,
          "Plans": [
            {
              "Node Type": "Aggregate",
              "Strategy": "Plain",
              "Partial Mode": "Partial",
              "Parent Relationship": "Outer",
              "Parallel Aware": false,
              "Startup Cost": 30191.73,
              "Total Cost": 30191.74,
              "Plan Rows": 1,
              "Plan Width": 8,
              "Actual Startup Time": 88.83,
              "Actual Total Time": 88.832,
              "Actual Rows": 1,
              "Actual Loops": 4,
              "Plans": [
                {
                  "Node Type": "Seq Scan",
                  "Parent Relationship": "Outer",
                  "Parallel Aware": true,
                  "Relation Name": "movie_companies",
                  "Alias": "mc",
                  "Startup Cost": 0.0,
                  "Total Cost": 29310.68,
                  "Plan Rows": 352418,
                  "Plan Width": 0,
                  "Actual Startup Time": 0.037,
                  "Actual Total Time": 74.393,
                  "Actual Rows": 274195,
                  "Actual Loops": 4,
                  "Filter": "(company_id < 7500)",
                  "Rows Removed by Filter": 378087
                }
              ]
            }
          ]
        }
      ]
    },
    "Planning Time": 0.098,
    "Triggers": [],
    "Execution Time": 103.139
  }
]