[
  {
    "Plan": {
      "Node Type": "Aggregate",
      "Strategy": "Plain",
      "Partial Mode": "Finalize",
      "Parallel Aware": false,
      "Startup Cost": 252604.09,
      "Total Cost": 252604.1,
      "Plan Rows": 1,
      "Plan Width": 8,
      "Actual Startup Time": 793.705,
      "Actual Total Time": 866.576,
      "Actual Rows": 1,
      "Actual Loops": 1,
      "Plans": [
        {
          "Node Type": "Gather",
          "Parent Relationship": "Outer",
          "Parallel Aware": false,
          "Startup Cost": 252603.57,
          "Total Cost": 252604.08,
          "Plan Rows": 5,
          "Plan Width": 8,
          "Actual Startup Time": 792.332,
          "Actual Total Time": 866.564,
          "Actual Rows": 6,
          "Actual Loops": 1,
          "Workers Planned": 5,
          "Workers Launched": 5,
          "Single Copy": false,
          "Plans": [
            {
              "Node Type": "Aggregate",
              "Strategy": "Plain",
              "Partial Mode": "Partial",
              "Parent Relationship": "Outer",
              "Parallel Aware": false,
              "Startup Cost": 251603.57,
              "Total Cost": 251603.58,
              "Plan Rows": 1,
              "Plan Width": 8,
              "Actual Startup Time": 786.164,
              "Actual Total Time": 786.167,
              "Actual Rows": 1,
              "Actual Loops": 6,
              "Plans": [
                {
                  "Node Type": "Nested Loop",
                  "Parent Relationship": "Outer",
                  "Parallel Aware": false,
                  "Join Type": "Inner",
                  "Startup Cost": 60821.88,
                  "Total Cost": 251322.65,
                  "Plan Rows": 112367,
                  "Plan Width": 0,
                  "Actual Startup Time": 165.179,
                  "Actual Total Time": 758.2,
                  "Actual Rows": 534274,
                  "Actual Loops": 6,
                  "Inner Unique": false,
                  "Join Filter": "(t.id = ci.movie_id)",
                  "Rows Removed by Join Filter": 0,
                  "Plans": [
                    {
                      "Node Type": "Hash Join",
                      "Parent Relationship": "Outer",
                      "Parallel Aware": true,
                      "Join Type": "Inner",
                      "Startup Cost": 60821.32,
                      "Total Cost": 225590.36,
                      "Plan Rows": 7837,
                      "Plan Width": 8,
                      "Actual Startup Time": 164.965,
                      "Actual Total Time": 228.213,
                      "Actual Rows": 7833,
                      "Actual Loops": 6,
                      "Inner Unique": true,
                      "Hash Cond": "(mi.movie_id = t.id)",
                      "Plans": [
                        {
                          "Node Type": "Bitmap Heap Scan",
                          "Parent Relationship": "Outer",
                          "Parallel Aware": true,
                          "Relation Name": "movie_info",
                          "Alias": "mi",
                          "Startup Cost": 16584.61,
                          "Total Cost": 180871.86,
                          "Plan Rows": 183540,
                          "Plan Width": 4,
                          "Actual Startup Time": 56.781,
                          "Actual Total Time": 105.58,
                          "Actual Rows": 150057,
                          "Actual Loops": 6,
                          "Recheck Cond": "(info_type_id > 94)",
                          "Rows Removed by Index Recheck": 0,
                          "Exact Heap Blocks": 6804,
                          "Lossy Heap Blocks": 0,
                          "Plans": [
                            {
                              "Node Type": "Bitmap Index Scan",
                              "Parent Relationship": "Outer",
                              "Parallel Aware": false,
                              "Index Name": "info_type_id_movie_info",
                              "Startup Cost": 0.0,
                              "Total Cost": 16355.18,
                              "Plan Rows": 917700,
                              "Plan Width": 0,
                              "Actual Startup Time": 48.194,
                              "Actual Total Time": 48.195,
                              "Actual Rows": 900340,
                              "Actual Loops": 1,
                              "Index Cond": "(info_type_id > 94)"
                            }
                          ]
                        },
                        {
                          "Node Type": "Hash",
                          "Parent Relationship": "Inner",
                          "Parallel Aware": true,
                          "Startup Cost": 43899.32,
                          "Total Cost": 43899.32,
                          "Plan Rows": 26991,
                          "Plan Width": 4,
                          "Actual Startup Time": 87.427,
                          "Actual Total Time": 87.428,
                          "Actual Rows": 18072,
                          "Actual Loops": 6,
                          "Hash Buckets": 131072,
                          "Original Hash Buckets": 131072,
                          "Hash Batches": 1,
                          "Original Hash Batches": 1,
                          "Peak Memory Usage": 5344,
                          "Plans": [
                            {
                              "Node Type": "Seq Scan",
                              "Parent Relationship": "Outer",
                              "Parallel Aware": true,
                              "Relation Name": "title",
                              "Alias": "t",
                              "Startup Cost": 0.0,
                              "Total Cost": 43899.32,
                              "Plan Rows": 26991,
                              "Plan Width": 4,
                              "Actual Startup Time": 0.033,
                              "Actual Total Time": 78.585,
                              "Actual Rows": 18072,
                              "Actual Loops": 6,
                              "Filter": "(production_year = 2006)",
                              "Rows Removed by Filter": 403314
                            }
                          ]
                        }
                      ]
                    },
                    {
                      "Node Type": "Index Only Scan",
                      "Parent Relationship": "Inner",
                      "Parallel Aware": false,
                      "Scan Direction": "Forward",
                      "Index Name": "movie_id_cast_info",
                      "Relation Name": "cast_info",
                      "Alias": "ci",
                      "Startup Cost": 0.56,
                      "Total Cost": 2.85,
                      "Plan Rows": 35,
                      "Plan Width": 4,
                      "Actual Startup Time": 0.008,
                      "Actual Total Time": 0.061,
                      "Actual Rows": 68,
                      "Actual Loops": 46996,
                      "Index Cond": "(movie_id = mi.movie_id)",
                      "Rows Removed by Index Recheck": 0,
                      "Heap Fetches": 3205647
                    }
                  ]
                }
              ]
            }
          ]
        }
      ]
    },
    "Planning Time": 0.5,
    "Triggers": [],
    "Execution Time": 866.655
  }
]