[
  {
    "Plan": {
      "Node Type": "Aggregate",
      "Strategy": "Plain",
      "Partial Mode": "Finalize",
      "Parallel Aware": false,
      "Startup Cost": 151034.28,
      "Total Cost": 151034.29,
      "Plan Rows": 1,
      "Plan Width": 8,
      "Actual Startup Time": 501.533,
      "Actual Total Time": 536.281,
      "Actual Rows": 1,
      "Actual Loops": 1,
      "Plans": [
        {
          "Node Type": "Gather",
          "Parent Relationship": "Outer",
          "Parallel Aware": false,
          "Startup Cost": 151033.97,
          "Total Cost": 151034.28,
          "Plan Rows": 3,
          "Plan Width": 8,
          "Actual Startup Time": 496.832,
          "Actual Total Time": 536.274,
          "Actual Rows": 4,
          "Actual Loops": 1,
          "Workers Planned": 3,
          "Workers Launched": 3,
          "Single Copy": false,
          "Plans": [
            {
              "Node Type": "Aggregate",
              "Strategy": "Plain",
              "Partial Mode": "Partial",
              "Parent Relationship": "Outer",
              "Parallel Aware": false,
              "Startup Cost": 150033.97,
              "Total Cost": 150033.98,
              "Plan Rows": 1,
              "Plan Width": 8,
              "Actual Startup Time": 488.12,
              "Actual Total Time": 488.124,
              "Actual Rows": 1,
              "Actual Loops": 4,
              "Plans": [
                {
                  "Node Type": "Nested Loop",
                  "Parent Relationship": "Outer",
                  "Parallel Aware": false,
                  "Join Type": "Inner",
                  "Startup Cost": 52825.18,
                  "Total Cost": 149644.11,
                  "Plan Rows": 155941,
                  "Plan Width": 0,
                  "Actual Startup Time": 179.927,
                  "Actual Total Time": 473.477,
                  "Actual Rows": 312636,
                  "Actual Loops": 4,
                  "Inner Unique": false,
                  "Plans": [
                    {
                      "Node Type": "Hash Join",
                      "Parent Relationship": "Outer",
                      "Parallel Aware": true,
                      "Join Type": "Inner",
                      "Startup Cost": 52824.74,
                      "Total Cost": 73161.91,
                      "Plan Rows": 26558,
                      "Plan Width": 8,
                      "Actual Startup Time": 179.807,
                      "Actual Total Time": 226.169,
                      "Actual Rows": 19571,
                      "Actual Loops": 4,
                      "Inner Unique": true,
                      "Hash Cond": "(mc.movie_id = t.id)",
                      "Plans": [
                        {
                          "Node Type": "Bitmap Heap Scan",
                          "Parent Relationship": "Outer",
                          "Parallel Aware": true,
                          "Relation Name": "movie_companies",
                          "Alias": "mc",
                          "Startup Cost": 6873.99,
                          "Total Cost": 26942.64,
                          "Plan Rows": 102292,
                          "Plan Width": 4,
                          "Actual Startup Time": 14.695,
                          "Actual Total Time": 29.585,
                          "Actual Rows": 78826,
                          "Actual Loops": 4,
                          "Recheck Cond": "(company_id > 91978)",
                          "Rows Removed by Index Recheck": 0,
                          "Exact Heap Blocks": 1632,
                          "Lossy Heap Blocks": 0,
                          "Plans": [
                            {
                              "Node Type": "Bitmap Index Scan",
                              "Parent Relationship": "Outer",
                              "Parallel Aware": false,
                              "Index Name": "company_id_movie_companies",
                              "Startup Cost": 0.0,
                              "Total Cost": 6794.72,
                              "Plan Rows": 317105,
                              "Plan Width": 0,
                              "Actual Startup Time": 13.992,
                              "Actual Total Time": 13.993,
                              "Actual Rows": 315304,
                              "Actual Loops": 1,
                              "Index Cond": "(company_id > 91978)"
                            }
                          ]
                        },
                        {
                          "Node Type": "Hash",
                          "Parent Relationship": "Inner",
                          "Parallel Aware": true,
                          "Startup Cost": 43899.32,
                          "Total Cost": 43899.32,
                          "Plan Rows": 164114,
                          "Plan Width": 4,
                          "Actual Startup Time": 161.199,
                          "Actual Total Time": 161.2,
                          "Actual Rows": 165516,
                          "Actual Loops": 4,
                          "Hash Buckets": 1048576,
                          "Original Hash Buckets": 1048576,
                          "Hash Batches": 1,
                          "Original Hash Batches": 1,
                          "Peak Memory Usage": 34144,
                          "Plans": [
                            {
                              "Node Type": "Seq Scan",
                              "Parent Relationship": "Outer",
                              "Parallel Aware": true,
                              "Relation Name": "title",
                              "Alias": "t",
                              "Startup Cost": 0.0,
                              "Total Cost": 43899.32,
                              "Plan Rows": 164114,
                              "Plan Width": 4,
                              "Actual Startup Time": 0.04,
                              "Actual Total Time": 98.93,
                              "Actual Rows": 165516,
                              "Actual Loops": 4,
                              "Filter": "(production_year > 2008)",
                              "Rows Removed by Filter": 466562
                            }
                          ]
                        }
                      ]
                    },
                    {
                      "Node Type": "Index Only Scan",
                      "Parent Relationship": "Inner",
                      "Parallel Aware": false,
                      "Scan Direction": "Forward",
                      "Index Name": "movie_id_movie_info",
                      "Relation Name": "movie_info",
                      "Alias": "mi",
                      "Startup Cost": 0.43,
                      "Total Cost": 2.47,
                      "Plan Rows": 41,
                      "Plan Width": 4,
                      "Actual Startup Time": 0.004,
                      "Actual Total Time": 0.011,
                      "Actual Rows": 16,
                      "Actual Loops": 78285,
                      "Index Cond": "(movie_id = t.id)",
                      "Rows Removed by Index Recheck": 0,
                      "Heap Fetches": 1250542
                    }
                  ]
                }
              ]
            }
          ]
        }
      ]
    },
    "Planning Time": 0.913,
    "Triggers": [],
    "Execution Time": 536.357
  }
]