[
  {
    "Plan": {
      "Node Type": "Aggregate",
      "Strategy": "Plain",
      "Partial Mode": "Finalize",
      "Parallel Aware": false,
      "Startup Cost": 31156.22,
      "Total Cost": 31156.23,
      "Plan Rows": 1,
      "Plan Width": 8,
      "Actual Startup Time": 89.129,
      "Actual Total Time": 92.266,
      "Actual Rows": 1,
      "Actual Loops": 1,
      "Plans": [
        {
          "Node Type": "Gather",
          "Parent Relationship": "Outer",
          "Parallel Aware": false,
          "Startup Cost": 31155.9,
          "Total Cost": 31156.21,
          "Plan Rows": 3,
          "Plan Width": 8,
          "Actual Startup Time": 89.058,
          "Actual Total Time": 92.261,
          "Actual Rows": 4,
          "Actual Loops": 1,
          "Workers Planned": 3,
          "Workers Launched": 3,
          "Single Copy": false,
          "Plans": [
            {
              "Node Type": "Aggregate",
              "Strategy": "Plain",
              "Partial Mode": "Partial",
              "Parent Relationship": "Outer",
              "Parallel Aware": false,
              "Startup Cost": 30155.9,
              "Total Cost": 30155.91,
              "Plan Rows": 1,
              "Plan Width": 8,
              "Actual Startup Time": 82.238,
              "Actual Total Time": 82.238,
              "Actual Rows": 1,
              "Actual Loops": 4,
              "Plans": [
                {
                  "Node Type": "Seq Scan",
                  "Parent Relationship": "Outer",
                  "Parallel Aware": true,
                  "Relation Name": "movie_companies",
                  "Alias": "mc",
                  "Startup Cost": 0.0,
                  "Total Cost": 29310.68,
                  "Plan Rows": 338088,
                  "Plan Width": 0,
                  "Actual Startup Time": 14.646,
                  "Actual Total Time": 70.258,
                  "Actual Rows": 263158,
                  "Actual Loops": 4,
                  "Filter": "(company_id > 14901)",
                  "Rows Removed by Filter": 389124
                }
              ]
            }
          ]
        }
      ]
    },
    "Planning Time": 0.071,
    "Triggers": [],
    "Execution Time": 92.285
  }
]