[
  {
    "Plan": {
      "Node Type": "Aggregate",
      "Strategy": "Plain",
      "Partial Mode": "Finalize",
      "Parallel Aware": false,
      "Startup Cost": 99616.66,
      "Total Cost": 99616.67,
      "Plan Rows": 1,
      "Plan Width": 8,
      "Actual Startup Time": 486.742,
      "Actual Total Time": 500.087,
      "Actual Rows": 1,
      "Actual Loops": 1,
      "Plans": [
        {
          "Node Type": "Gather",
          "Parent Relationship": "Outer",
          "Parallel Aware": false,
          "Startup Cost": 99616.34,
          "Total Cost": 99616.65,
          "Plan Rows": 3,
          "Plan Width": 8,
          "Actual Startup Time": 482.422,
          "Actual Total Time": 500.079,
          "Actual Rows": 4,
          "Actual Loops": 1,
          "Workers Planned": 3,
          "Workers Launched": 3,
          "Single Copy": false,
          "Plans": [
            {
              "Node Type": "Aggregate",
              "Strategy": "Plain",
              "Partial Mode": "Partial",
              "Parent Relationship": "Outer",
              "Parallel Aware": false,
              "Startup Cost": 98616.34,
              "Total Cost": 98616.35,
              "Plan Rows": 1,
              "Plan Width": 8,
              "Actual Startup Time": 470.57,
              "Actual Total Time": 470.573,
              "Actual Rows": 1,
              "Actual Loops": 4,
              "Plans": [
                {
                  "Node Type": "Hash Join",
                  "Parent Relationship": "Outer",
                  "Parallel Aware": true,
                  "Join Type": "Inner",
                  "Startup Cost": 50240.24,
                  "Total Cost": 96545.03,
                  "Plan Rows": 828525,
                  "Plan Width": 0,
                  "Actual Startup Time": 234.065,
                  "Actual Total Time": 456.517,
                  "Actual Rows": 344769,
                  "Actual Loops": 4,
                  "Inner Unique": true,
                  "Hash Cond": "(mk.movie_id = t.id)",
                  "Plans": [
                    {
                      "Node Type": "Seq Scan",
                      "Parent Relationship": "Outer",
                      "Parallel Aware": true,
                      "Relation Name": "movie_keyword",
                      "Alias": "mk",
                      "Startup Cost": 0.0,
                      "Total Cost": 42695.65,
                      "Plan Rows": 1374905,
                      "Plan Width": 4,
                      "Actual Startup Time": 0.034,
                      "Actual Total Time": 110.199,
                      "Actual Rows": 1062871,
                      "Actual Loops": 4,
                      "Filter": "(keyword_id > 230)",
                      "Rows Removed by Filter": 68112
                    },
                    {
                      "Node Type": "Hash",
                      "Parent Relationship": "Inner",
                      "Parallel Aware": true,
                      "Startup Cost": 45479.1,
                      "Total Cost": 45479.1,
                      "Plan Rows": 380891,
                      "Plan Width": 4,
                      "Actual Startup Time": 226.588,
                      "Actual Total Time": 226.589,
                      "Actual Rows": 376808,
                      "Actual Loops": 4,
                      "Hash Buckets": 2097152,
                      "Original Hash Buckets": 2097152,
                      "Hash Batches": 1,
                      "Original Hash Batches": 1,
                      "Peak Memory Usage": 75392,
                      "Plans": [
                        {
                          "Node Type": "Seq Scan",
                          "Parent Relationship": "Outer",
                          "Parallel Aware": true,
                          "Relation Name": "title",
                          "Alias": "t",
                          "Startup Cost": 0.0,
                          "Total Cost": 45479.1,
                          "Plan Rows": 380891,
                          "Plan Width": 4,
                          "Actual Startup Time": 0.036,
                          "Actual Total Time": 107.539,
                          "Actual Rows": 376808,
                          "Actual Loops": 4,
                          "Filter": "((kind_id > 1) AND (production_year < 2011))",
                          "Rows Removed by Filter": 255270
                        }
                      ]
                    }
                  ]
                }
              ]
            }
          ]
        }
      ]
    },
    "Planning Time": 0.65,
    "Triggers": [],
    "Execution Time": 500.162
  }
]