[
  {
    "Plan": {
      "Node Type": "Aggregate",
      "Strategy": "Plain",
      "Partial Mode": "Finalize",
      "Parallel Aware": false,
      "Startup Cost": 336960.97,
      "Total Cost": 336960.98,
      "Plan Rows": 1,
      "Plan Width": 8,
      "Actual Startup Time": 760.576,
      "Actual Total Time": 821.804,
      "Actual Rows": 1,
      "Actual Loops": 1,
      "Plans": [
        {
          "Node Type": "Gather",
          "Parent Relationship": "Outer",
          "Parallel Aware": false,
          "Startup Cost": 336960.35,
          "Total Cost": 336960.96,
          "Plan Rows": 6,
          "Plan Width": 8,
          "Actual Startup Time": 760.407,
          "Actual Total Time": 821.793,
          "Actual Rows": 7,
          "Actual Loops": 1,
          "Workers Planned": 6,
          "Workers Launched": 6,
          "Single Copy": false,
          "Plans": [
            {
              "Node Type": "Aggregate",
              "Strategy": "Plain",
              "Partial Mode": "Partial",
              "Parent Relationship": "Outer",
              "Parallel Aware": false,
              "Startup Cost": 335960.35,
              "Total Cost": 335960.36,
              "Plan Rows": 1,
              "Plan Width": 8,
              "Actual Startup Time": 750.476,
              "Actual Total Time": 750.477,
              "Actual Rows": 1,
              "Actual Loops": 7,
              "Plans": [
                {
                  "Node Type": "Seq Scan",
                  "Parent Relationship": "Outer",
                  "Parallel Aware": true,
                  "Relation Name": "cast_info",
                  "Alias": "ci",
                  "Startup Cost": 0.0,
                  "Total Cost": 328162.03,
                  "Plan Rows": 3119328,
                  "Plan Width": 0,
                  "Actual Startup Time": 199.611,
                  "Actual Total Time": 625.301,
                  "Actual Rows": 2668894,
                  "Actual Loops": 7,
                  "Filter": "(person_id > 1737999)",
                  "Rows Removed by Filter": 2508869
                }
              ]
            }
          ]
        }
      ]
    },
    "Planning Time": 0.119,
    "Triggers": [],
    "Execution Time": 821.858
  }
]