{
  "Plan": {
    "Node Type": "Aggregate",
    "Strategy": "Plain",
    "Partial Mode": "Finalize",
    "Parallel Aware": false,
    "Startup Cost": 1202457.0,
    "Total Cost": 1202457.01,
    "Plan Rows": 1,
    "Plan Width": 8,
    "Actual Startup Time": 27441.808,
    "Actual Total Time": 27543.103,
    "Actual Rows": 1,
    "Actual Loops": 1,
    "Plans": [
      {
        "Node Type": "Gather",
        "Parent Relationship": "Outer",
        "Parallel Aware": false,
        "Startup Cost": 1202456.89,
        "Total Cost": 1202457.0,
        "Plan Rows": 1,
        "Plan Width": 8,
        "Actual Startup Time": 27426.707,
        "Actual Total Time": 27543.09,
        "Actual Rows": 2,
        "Actual Loops": 1,
        "Workers Planned": 1,
        "Workers Launched": 1,
        "Single Copy": false,
        "Plans": [
          {
            "Node Type": "Aggregate",
            "Strategy": "Plain",
            "Partial Mode": "Partial",
            "Parent Relationship": "Outer",
            "Parallel Aware": false,
            "Startup Cost": 1201456.89,
            "Total Cost": 1201456.9,
            "Plan Rows": 1,
            "Plan Width": 8,
            "Actual Startup Time": 27411.353,
            "Actual Total Time": 27411.365,
            "Actual Rows": 1,
            "Actual Loops": 2,
            "Plans": [
              {
                "Node Type": "Hash Join",
                "Parent Relationship": "Outer",
                "Parallel Aware": true,
                "Join Type": "Inner",
                "Startup Cost": 386100.04,
                "Total Cost": 1141285.96,
                "Plan Rows": 24068372,
                "Plan Width": 0,
                "Actual Startup Time": 4494.535,
                "Actual Total Time": 23684.072,
                "Actual Rows": 92426450,
                "Actual Loops": 2,
                "Inner Unique": false,
                "Hash Cond": "(ci.movie_id = t.id)",
                "Plans": [
                  {
                    "Node Type": "Seq Scan",
                    "Parent Relationship": "Outer",
                    "Parallel Aware": true,
                    "Relation Name": "cast_info",
                    "Alias": "ci",
                    "Startup Cost": 0.0,
                    "Total Cost": 519069.44,
                    "Plan Rows": 15126045,
                    "Plan Width": 4,
                    "Actual Startup Time": 255.778,
                    "Actual Total Time": 1741.132,
                    "Actual Rows": 12841616,
                    "Actual Loops": 2,
                    "Filter": "(person_id > 1036211)",
                    "Rows Removed by Filter": 5280556
                  },
                  {
                    "Node Type": "Hash",
                    "Parent Relationship": "Inner",
                    "Parallel Aware": true,
                    "Startup Cost": 356519.24,
                    "Total Cost": 356519.24,
                    "Plan Rows": 2366464,
                    "Plan Width": 8,
                    "Actual Startup Time": 4216.248,
                    "Actual Total Time": 4216.257,
                    "Actual Rows": 4162119,
                    "Actual Loops": 2,
                    "Hash Buckets": 8388608,
                    "Original Hash Buckets": 4194304,
                    "Hash Batches": 1,
                    "Original Hash Batches": 1,
                    "Peak Memory Usage": 424000,
                    "Plans": [
                      {
                        "Node Type": "Hash Join",
                        "Parent Relationship": "Outer",
                        "Parallel Aware": true,
                        "Join Type": "Inner",
                        "Startup Cost": 63473.69,
                        "Total Cost": 356519.24,
                        "Plan Rows": 2366464,
                        "Plan Width": 8,
                        "Actual Startup Time": 279.532,
                        "Actual Total Time": 2932.624,
                        "Actual Rows": 4162119,
                        "Actual Loops": 2,
                        "Inner Unique": true,
                        "Hash Cond": "(mi.movie_id = t.id)",
                        "Plans": [
                          {
                            "Node Type": "Seq Scan",
                            "Parent Relationship": "Outer",
                            "Parallel Aware": true,
                            "Relation Name": "movie_info",
                            "Alias": "mi",
                            "Startup Cost": 0.0,
                            "Total Cost": 270696.42,
                            "Plan Rows": 8513942,
                            "Plan Width": 4,
                            "Actual Startup Time": 0.012,
                            "Actual Total Time": 891.008,
                            "Actual Rows": 7264466,
                            "Actual Loops": 2,
                            "Filter": "(info_type_id < 106)",
                            "Rows Removed by Filter": 153394
                          },
                          {
                            "Node Type": "Hash",
                            "Parent Relationship": "Inner",
                            "Parallel Aware": true,
                            "Startup Cost": 58306.47,
                            "Total Cost": 58306.47,
                            "Plan Rows": 413378,
                            "Plan Width": 4,
                            "Actual Startup Time": 274.025,
                            "Actual Total Time": 274.027,
                            "Actual Rows": 374966,
                            "Actual Loops": 2,
                            "Hash Buckets": 1048576,
                            "Original Hash Buckets": 1048576,
                            "Hash Batches": 1,
                            "Original Hash Batches": 1,
                            "Peak Memory Usage": 37568,
                            "Plans": [
                              {
                                "Node Type": "Seq Scan",
                                "Parent Relationship": "Outer",
                                "Parallel Aware": true,
                                "Relation Name": "title",
                                "Alias": "t",
                                "Startup Cost": 0.0,
                                "Total Cost": 58306.47,
                                "Plan Rows": 413378,
                                "Plan Width": 4,
                                "Actual Startup Time": 0.041,
                                "Actual Total Time": 161.494,
                                "Actual Rows": 374966,
                                "Actual Loops": 2,
                                "Filter": "((kind_id < 7) AND (production_year < 2009))",
                                "Rows Removed by Filter": 889190
                              }
                            ]
                          }
                        ]
                      }
                    ]
                  }
                ]
              }
            ]
          }
        ]
      }
    ]
  },
  "Planning Time": 1.1,
  "Triggers": [],
  "Execution Time": 27543.233
}