[
    {
        "Bao": {
            "Bao prediction": 1379.814,
            "Bao recommended hint": "SET enable_nestloop TO off; "
        }
    },
    {
        "Plan": {
            "Node Type": "Aggregate",
            "Strategy": "Plain",
            "Partial Mode": "Finalize",
            "Parallel Aware": false,
            "Startup Cost": 263454.32,
            "Total Cost": 263454.33,
            "Plan Rows": 1,
            "Plan Width": 8,
            "Actual Startup Time": 1375.521,
            "Actual Total Time": 1395.992,
            "Actual Rows": 1,
            "Actual Loops": 1,
            "Output": [
                "count(*)"
            ],
            "Plans": [
                {
                    "Node Type": "Gather",
                    "Parent Relationship": "Outer",
                    "Parallel Aware": false,
                    "Startup Cost": 263454.11,
                    "Total Cost": 263454.32,
                    "Plan Rows": 2,
                    "Plan Width": 8,
                    "Actual Startup Time": 1371.849,
                    "Actual Total Time": 1395.982,
                    "Actual Rows": 3,
                    "Actual Loops": 1,
                    "Output": [
                        "(PARTIAL count(*))"
                    ],
                    "Workers Planned": 2,
                    "Workers Launched": 2,
                    "Single Copy": false,
                    "Plans": [
                        {
                            "Node Type": "Aggregate",
                            "Strategy": "Plain",
                            "Partial Mode": "Partial",
                            "Parent Relationship": "Outer",
                            "Parallel Aware": false,
                            "Startup Cost": 262454.11,
                            "Total Cost": 262454.12,
                            "Plan Rows": 1,
                            "Plan Width": 8,
                            "Actual Startup Time": 1364.6,
                            "Actual Total Time": 1365.052,
                            "Actual Rows": 1,
                            "Actual Loops": 3,
                            "Output": [
                                "PARTIAL count(*)"
                            ],
                            "Workers": [
                                {
                                    "Worker Number": 0,
                                    "Actual Startup Time": 1361.67,
                                    "Actual Total Time": 1361.674,
                                    "Actual Rows": 1,
                                    "Actual Loops": 1
                                },
                                {
                                    "Worker Number": 1,
                                    "Actual Startup Time": 1360.978,
                                    "Actual Total Time": 1360.981,
                                    "Actual Rows": 1,
                                    "Actual Loops": 1
                                }
                            ],
                            "Plans": [
                                {
                                    "Node Type": "Hash Join",
                                    "Parent Relationship": "Outer",
                                    "Parallel Aware": true,
                                    "Join Type": "Inner",
                                    "Startup Cost": 246137.66,
                                    "Total Cost": 262190.22,
                                    "Plan Rows": 105554,
                                    "Plan Width": 0,
                                    "Actual Startup Time": 1239.547,
                                    "Actual Total Time": 1356.517,
                                    "Actual Rows": 186082,
                                    "Actual Loops": 3,
                                    "Inner Unique": false,
                                    "Hash Cond": "(mi_idx.movie_id = t.id)",
                                    "Workers": [
                                        {
                                            "Worker Number": 0,
                                            "Actual Startup Time": 1236.263,
                                            "Actual Total Time": 1353.34,
                                            "Actual Rows": 203081,
                                            "Actual Loops": 1
                                        },
                                        {
                                            "Worker Number": 1,
                                            "Actual Startup Time": 1236.082,
                                            "Actual Total Time": 1352.797,
                                            "Actual Rows": 206367,
                                            "Actual Loops": 1
                                        }
                                    ],
                                    "Plans": [
                                        {
                                            "Node Type": "Seq Scan",
                                            "Parent Relationship": "Outer",
                                            "Parallel Aware": true,
                                            "Relation Name": "movie_info_idx",
                                            "Schema": "public",
                                            "Alias": "mi_idx",
                                            "Startup Cost": 0.0,
                                            "Total Cost": 13685.15,
                                            "Plan Rows": 575015,
                                            "Plan Width": 4,
                                            "Actual Startup Time": 0.015,
                                            "Actual Total Time": 38.819,
                                            "Actual Rows": 460012,
                                            "Actual Loops": 3,
                                            "Output": [
                                                "mi_idx.id",
                                                "mi_idx.movie_id",
                                                "mi_idx.info_type_id",
                                                "mi_idx.info",
                                                "mi_idx.note"
                                            ],
                                            "Workers": [
                                                {
                                                    "Worker Number": 0,
                                                    "Actual Startup Time": 0.016,
                                                    "Actual Total Time": 39.166,
                                                    "Actual Rows": 494155,
                                                    "Actual Loops": 1
                                                },
                                                {
                                                    "Worker Number": 1,
                                                    "Actual Startup Time": 0.018,
                                                    "Actual Total Time": 39.618,
                                                    "Actual Rows": 509232,
                                                    "Actual Loops": 1
                                                }
                                            ]
                                        },
                                        {
                                            "Node Type": "Hash",
                                            "Parent Relationship": "Inner",
                                            "Parallel Aware": true,
                                            "Startup Cost": 244977.36,
                                            "Total Cost": 244977.36,
                                            "Plan Rows": 92824,
                                            "Plan Width": 8,
                                            "Actual Startup Time": 1235.218,
                                            "Actual Total Time": 1235.669,
                                            "Actual Rows": 230246,
                                            "Actual Loops": 3,
                                            "Output": [
                                                "t.id",
                                                "mi.movie_id"
                                            ],
                                            "Hash Buckets": 1048576,
                                            "Original Hash Buckets": 524288,
                                            "Hash Batches": 1,
                                            "Original Hash Batches": 1,
                                            "Peak Memory Usage": 39360,
                                            "Workers": [
                                                {
                                                    "Worker Number": 0,
                                                    "Actual Startup Time": 1235.17,
                                                    "Actual Total Time": 1235.173,
                                                    "Actual Rows": 251587,
                                                    "Actual Loops": 1
                                                },
                                                {
                                                    "Worker Number": 1,
                                                    "Actual Startup Time": 1235.338,
                                                    "Actual Total Time": 1235.34,
                                                    "Actual Rows": 250443,
                                                    "Actual Loops": 1
                                                }
                                            ],
                                            "Plans": [
                                                {
                                                    "Node Type": "Hash Join",
                                                    "Parent Relationship": "Outer",
                                                    "Parallel Aware": true,
                                                    "Join Type": "Inner",
                                                    "Startup Cost": 45727.73,
                                                    "Total Cost": 244977.36,
                                                    "Plan Rows": 92824,
                                                    "Plan Width": 8,
                                                    "Actual Startup Time": 122.761,
                                                    "Actual Total Time": 1151.892,
                                                    "Actual Rows": 230246,
                                                    "Actual Loops": 3,
                                                    "Output": [
                                                        "t.id",
                                                        "mi.movie_id"
                                                    ],
                                                    "Inner Unique": true,
                                                    "Hash Cond": "(mi.movie_id = t.id)",
                                                    "Workers": [
                                                        {
                                                            "Worker Number": 0,
                                                            "Actual Startup Time": 122.719,
                                                            "Actual Total Time": 1147.441,
                                                            "Actual Rows": 251587,
                                                            "Actual Loops": 1
                                                        },
                                                        {
                                                            "Worker Number": 1,
                                                            "Actual Startup Time": 122.722,
                                                            "Actual Total Time": 1148.912,
                                                            "Actual Rows": 250443,
                                                            "Actual Loops": 1
                                                        }
                                                    ],
                                                    "Plans": [
                                                        {
                                                            "Node Type": "Seq Scan",
                                                            "Parent Relationship": "Outer",
                                                            "Parallel Aware": true,
                                                            "Relation Name": "movie_info",
                                                            "Schema": "public",
                                                            "Alias": "mi",
                                                            "Startup Cost": 0.0,
                                                            "Total Cost": 191503.19,
                                                            "Plan Rows": 2951019,
                                                            "Plan Width": 4,
                                                            "Actual Startup Time": 0.029,
                                                            "Actual Total Time": 464.539,
                                                            "Actual Rows": 4945240,
                                                            "Actual Loops": 3,
                                                            "Output": [
                                                                "mi.id",
                                                                "mi.movie_id",
                                                                "mi.info_type_id",
                                                                "mi.info",
                                                                "mi.note"
                                                            ],
                                                            "Workers": [
                                                                {
                                                                    "Worker Number": 0,
                                                                    "Actual Startup Time": 0.039,
                                                                    "Actual Total Time": 463.643,
                                                                    "Actual Rows": 5411663,
                                                                    "Actual Loops": 1
                                                                },
                                                                {
                                                                    "Worker Number": 1,
                                                                    "Actual Startup Time": 0.037,
                                                                    "Actual Total Time": 485.352,
                                                                    "Actual Rows": 5364287,
                                                                    "Actual Loops": 1
                                                                }
                                                            ]
                                                        },
                                                        {
                                                            "Node Type": "Hash",
                                                            "Parent Relationship": "Inner",
                                                            "Parallel Aware": true,
                                                            "Startup Cost": 45479.21,
                                                            "Total Cost": 45479.21,
                                                            "Plan Rows": 19882,
                                                            "Plan Width": 4,
                                                            "Actual Startup Time": 121.192,
                                                            "Actual Total Time": 121.193,
                                                            "Actual Rows": 24709,
                                                            "Actual Loops": 3,
                                                            "Output": [
                                                                "t.id"
                                                            ],
                                                            "Hash Buckets": 131072,
                                                            "Original Hash Buckets": 131072,
                                                            "Hash Batches": 1,
                                                            "Original Hash Batches": 1,
                                                            "Peak Memory Usage": 4000,
                                                            "Workers": [
                                                                {
                                                                    "Worker Number": 0,
                                                                    "Actual Startup Time": 121.728,
                                                                    "Actual Total Time": 121.729,
                                                                    "Actual Rows": 25526,
                                                                    "Actual Loops": 1
                                                                },
                                                                {
                                                                    "Worker Number": 1,
                                                                    "Actual Startup Time": 121.766,
                                                                    "Actual Total Time": 121.767,
                                                                    "Actual Rows": 25694,
                                                                    "Actual Loops": 1
                                                                }
                                                            ],
                                                            "Plans": [
                                                                {
                                                                    "Node Type": "Seq Scan",
                                                                    "Parent Relationship": "Outer",
                                                                    "Parallel Aware": true,
                                                                    "Relation Name": "title",
                                                                    "Schema": "public",
                                                                    "Alias": "t",
                                                                    "Startup Cost": 0.0,
                                                                    "Total Cost": 45479.21,
                                                                    "Plan Rows": 19882,
                                                                    "Plan Width": 4,
                                                                    "Actual Startup Time": 0.198,
                                                                    "Actual Total Time": 110.601,
                                                                    "Actual Rows": 24709,
                                                                    "Actual Loops": 3,
                                                                    "Output": [
                                                                        "t.id"
                                                                    ],
                                                                    "Filter": "((t.kind_id < 4) AND (t.production_year > 2011))",
                                                                    "Rows Removed by Filter": 818062,
                                                                    "Workers": [
                                                                        {
                                                                            "Worker Number": 0,
                                                                            "Actual Startup Time": 0.203,
                                                                            "Actual Total Time": 110.521,
                                                                            "Actual Rows": 25526,
                                                                            "Actual Loops": 1
                                                                        },
                                                                        {
                                                                            "Worker Number": 1,
                                                                            "Actual Startup Time": 0.333,
                                                                            "Actual Total Time": 111.019,
                                                                            "Actual Rows": 25694,
                                                                            "Actual Loops": 1
                                                                        }
                                                                    ]
                                                                }
                                                            ]
                                                        }
                                                    ]
                                                }
                                            ]
                                        }
                                    ]
                                }
                            ]
                        }
                    ]
                }
            ]
        },
        "Planning Time": 1045.635,
        "Triggers": [],
        "Execution Time": 1396.101
    }
]