[
  {
    "Plan": {
      "Node Type": "Aggregate",
      "Strategy": "Plain",
      "Partial Mode": "Finalize",
      "Parallel Aware": false,
      "Startup Cost": 46164.06,
      "Total Cost": 46164.07,
      "Plan Rows": 1,
      "Plan Width": 8,
      "Actual Startup Time": 169.737,
      "Actual Total Time": 179.582,
      "Actual Rows": 1,
      "Actual Loops": 1,
      "Plans": [
        {
          "Node Type": "Gather",
          "Parent Relationship": "Outer",
          "Parallel Aware": false,
          "Startup Cost": 46163.74,
          "Total Cost": 46164.05,
          "Plan Rows": 3,
          "Plan Width": 8,
          "Actual Startup Time": 169.618,
          "Actual Total Time": 179.572,
          "Actual Rows": 4,
          "Actual Loops": 1,
          "Workers Planned": 3,
          "Workers Launched": 3,
          "Single Copy": false,
          "Plans": [
            {
              "Node Type": "Aggregate",
              "Strategy": "Plain",
              "Partial Mode": "Partial",
              "Parent Relationship": "Outer",
              "Parallel Aware": false,
              "Startup Cost": 45163.74,
              "Total Cost": 45163.75,
              "Plan Rows": 1,
              "Plan Width": 8,
              "Actual Startup Time": 165.994,
              "Actual Total Time": 165.995,
              "Actual Rows": 1,
              "Actual Loops": 4,
              "Plans": [
                {
                  "Node Type": "Seq Scan",
                  "Parent Relationship": "Outer",
                  "Parallel Aware": true,
                  "Relation Name": "movie_keyword",
                  "Alias": "mk",
                  "Startup Cost": 0.0,
                  "Total Cost": 42695.65,
                  "Plan Rows": 987235,
                  "Plan Width": 0,
                  "Actual Startup Time": 0.027,
                  "Actual Total Time": 127.611,
                  "Actual Rows": 766674,
                  "Actual Loops": 4,
                  "Filter": "(keyword_id < 11426)",
                  "Rows Removed by Filter": 364308
                }
              ]
            }
          ]
        }
      ]
    },
    "Planning Time": 0.105,
    "Triggers": [],
    "Execution Time": 179.659
  }
]