[
  {
    "Plan": {
      "Node Type": "Aggregate",
      "Strategy": "Plain",
      "Partial Mode": "Finalize",
      "Parallel Aware": false,
      "Startup Cost": 245522.93,
      "Total Cost": 245522.94,
      "Plan Rows": 1,
      "Plan Width": 8,
      "Actual Startup Time": 347.453,
      "Actual Total Time": 390.253,
      "Actual Rows": 1,
      "Actual Loops": 1,
      "Plans": [
        {
          "Node Type": "Gather",
          "Parent Relationship": "Outer",
          "Parallel Aware": false,
          "Startup Cost": 245522.51,
          "Total Cost": 245522.92,
          "Plan Rows": 4,
          "Plan Width": 8,
          "Actual Startup Time": 346.861,
          "Actual Total Time": 390.245,
          "Actual Rows": 5,
          "Actual Loops": 1,
          "Workers Planned": 4,
          "Workers Launched": 4,
          "Single Copy": false,
          "Plans": [
            {
              "Node Type": "Aggregate",
              "Strategy": "Plain",
              "Partial Mode": "Partial",
              "Parent Relationship": "Outer",
              "Parallel Aware": false,
              "Startup Cost": 244522.51,
              "Total Cost": 244522.52,
              "Plan Rows": 1,
              "Plan Width": 8,
              "Actual Startup Time": 337.03,
              "Actual Total Time": 337.033,
              "Actual Rows": 1,
              "Actual Loops": 5,
              "Plans": [
                {
                  "Node Type": "Nested Loop",
                  "Parent Relationship": "Outer",
                  "Parallel Aware": false,
                  "Join Type": "Inner",
                  "Startup Cost": 32620.62,
                  "Total Cost": 241845.67,
                  "Plan Rows": 1070734,
                  "Plan Width": 0,
                  "Actual Startup Time": 149.473,
                  "Actual Total Time": 333.135,
                  "Actual Rows": 47793,
                  "Actual Loops": 5,
                  "Inner Unique": false,
                  "Plans": [
                    {
                      "Node Type": "Hash Join",
                      "Parent Relationship": "Outer",
                      "Parallel Aware": true,
                      "Join Type": "Inner",
                      "Startup Cost": 32620.06,
                      "Total Cost": 78340.2,
                      "Plan Rows": 74725,
                      "Plan Width": 8,
                      "Actual Startup Time": 148.267,
                      "Actual Total Time": 185.96,
                      "Actual Rows": 1995,
                      "Actual Loops": 5,
                      "Inner Unique": false,
                      "Hash Cond": "(t.id = mc.movie_id)",
                      "Plans": [
                        {
                          "Node Type": "Seq Scan",
                          "Parent Relationship": "Outer",
                          "Parallel Aware": true,
                          "Relation Name": "title",
                          "Alias": "t",
                          "Startup Cost": 0.0,
                          "Total Cost": 42318.73,
                          "Plan Rows": 632073,
                          "Plan Width": 4,
                          "Actual Startup Time": 0.017,
                          "Actual Total Time": 61.362,
                          "Actual Rows": 505662,
                          "Actual Loops": 5
                        },
                        {
                          "Node Type": "Hash",
                          "Parent Relationship": "Inner",
                          "Parallel Aware": true,
                          "Startup Cost": 31414.82,
                          "Total Cost": 31414.82,
                          "Plan Rows": 96419,
                          "Plan Width": 4,
                          "Actual Startup Time": 65.896,
                          "Actual Total Time": 65.897,
                          "Actual Rows": 1995,
                          "Actual Loops": 5,
                          "Hash Buckets": 524288,
                          "Original Hash Buckets": 524288,
                          "Hash Batches": 1,
                          "Original Hash Batches": 1,
                          "Peak Memory Usage": 4576,
                          "Plans": [
                            {
                              "Node Type": "Seq Scan",
                              "Parent Relationship": "Outer",
                              "Parallel Aware": true,
                              "Relation Name": "movie_companies",
                              "Alias": "mc",
                              "Startup Cost": 0.0,
                              "Total Cost": 31414.82,
                              "Plan Rows": 96419,
                              "Plan Width": 4,
                              "Actual Startup Time": 35.899,
                              "Actual Total Time": 64.332,
                              "Actual Rows": 1995,
                              "Actual Loops": 5,
                              "Filter": "((company_id > 62096) AND (company_type_id = 1))",
                              "Rows Removed by Filter": 519831
                            }
                          ]
                        }
                      ]
                    },
                    {
                      "Node Type": "Index Only Scan",
                      "Parent Relationship": "Inner",
                      "Parallel Aware": false,
                      "Scan Direction": "Forward",
                      "Index Name": "movie_id_cast_info",
                      "Relation Name": "cast_info",
                      "Alias": "ci",
                      "Startup Cost": 0.56,
                      "Total Cost": 1.82,
                      "Plan Rows": 37,
                      "Plan Width": 4,
                      "Actual Startup Time": 0.009,
                      "Actual Total Time": 0.071,
                      "Actual Rows": 24,
                      "Actual Loops": 9973,
                      "Index Cond": "(movie_id = t.id)",
                      "Rows Removed by Index Recheck": 0,
                      "Heap Fetches": 238967
                    }
                  ]
                }
              ]
            }
          ]
        }
      ]
    },
    "Planning Time": 1.394,
    "Triggers": [],
    "Execution Time": 390.347
  }
]