[
  {
    "Plan": {
      "Node Type": "Aggregate",
      "Strategy": "Plain",
      "Partial Mode": "Finalize",
      "Parallel Aware": false,
      "Startup Cost": 340732.99,
      "Total Cost": 340733.0,
      "Plan Rows": 1,
      "Plan Width": 8,
      "Actual Startup Time": 806.173,
      "Actual Total Time": 850.057,
      "Actual Rows": 1,
      "Actual Loops": 1,
      "Plans": [
        {
          "Node Type": "Gather",
          "Parent Relationship": "Outer",
          "Parallel Aware": false,
          "Startup Cost": 340732.37,
          "Total Cost": 340732.98,
          "Plan Rows": 6,
          "Plan Width": 8,
          "Actual Startup Time": 802.789,
          "Actual Total Time": 850.041,
          "Actual Rows": 7,
          "Actual Loops": 1,
          "Workers Planned": 6,
          "Workers Launched": 6,
          "Single Copy": false,
          "Plans": [
            {
              "Node Type": "Aggregate",
              "Strategy": "Plain",
              "Partial Mode": "Partial",
              "Parent Relationship": "Outer",
              "Parallel Aware": false,
              "Startup Cost": 339732.37,
              "Total Cost": 339732.38,
              "Plan Rows": 1,
              "Plan Width": 8,
              "Actual Startup Time": 796.875,
              "Actual Total Time": 796.877,
              "Actual Rows": 1,
              "Actual Loops": 7,
              "Plans": [
                {
                  "Node Type": "Seq Scan",
                  "Parent Relationship": "Outer",
                  "Parallel Aware": true,
                  "Relation Name": "cast_info",
                  "Alias": "ci",
                  "Startup Cost": 0.0,
                  "Total Cost": 328211.39,
                  "Plan Rows": 4608390,
                  "Plan Width": 0,
                  "Actual Startup Time": 93.262,
                  "Actual Total Time": 615.086,
                  "Actual Rows": 3940736,
                  "Actual Loops": 7,
                  "Filter": "(person_id > 852219)",
                  "Rows Removed by Filter": 1237027
                }
              ]
            }
          ]
        }
      ]
    },
    "Planning Time": 0.079,
    "Triggers": [],
    "Execution Time": 850.097
  }
]