[
  {
    "Plan": {
      "Node Type": "Aggregate",
      "Strategy": "Plain",
      "Partial Mode": "Finalize",
      "Parallel Aware": false,
      "Startup Cost": 46732.85,
      "Total Cost": 46732.86,
      "Plan Rows": 1,
      "Plan Width": 8,
      "Actual Startup Time": 164.777,
      "Actual Total Time": 174.605,
      "Actual Rows": 1,
      "Actual Loops": 1,
      "Plans": [
        {
          "Node Type": "Gather",
          "Parent Relationship": "Outer",
          "Parallel Aware": false,
          "Startup Cost": 46732.54,
          "Total Cost": 46732.85,
          "Plan Rows": 3,
          "Plan Width": 8,
          "Actual Startup Time": 164.641,
          "Actual Total Time": 174.598,
          "Actual Rows": 4,
          "Actual Loops": 1,
          "Workers Planned": 3,
          "Workers Launched": 3,
          "Single Copy": false,
          "Plans": [
            {
              "Node Type": "Aggregate",
              "Strategy": "Plain",
              "Partial Mode": "Partial",
              "Parent Relationship": "Outer",
              "Parallel Aware": false,
              "Startup Cost": 45732.54,
              "Total Cost": 45732.55,
              "Plan Rows": 1,
              "Plan Width": 8,
              "Actual Startup Time": 158.493,
              "Actual Total Time": 158.494,
              "Actual Rows": 1,
              "Actual Loops": 4,
              "Plans": [
                {
                  "Node Type": "Seq Scan",
                  "Parent Relationship": "Outer",
                  "Parallel Aware": true,
                  "Relation Name": "movie_keyword",
                  "Alias": "mk",
                  "Startup Cost": 0.0,
                  "Total Cost": 42695.65,
                  "Plan Rows": 1214753,
                  "Plan Width": 0,
                  "Actual Startup Time": 0.049,
                  "Actual Total Time": 117.461,
                  "Actual Rows": 944321,
                  "Actual Loops": 4,
                  "Filter": "(keyword_id < 25057)",
                  "Rows Removed by Filter": 186662
                }
              ]
            }
          ]
        }
      ]
    },
    "Planning Time": 0.12,
    "Triggers": [],
    "Execution Time": 174.654
  }
]