[
  {
    "Plan": {
      "Node Type": "Aggregate",
      "Strategy": "Plain",
      "Partial Mode": "Finalize",
      "Parallel Aware": false,
      "Startup Cost": 296957.44,
      "Total Cost": 296957.45,
      "Plan Rows": 1,
      "Plan Width": 8,
      "Actual Startup Time": 1193.378,
      "Actual Total Time": 1235.624,
      "Actual Rows": 1,
      "Actual Loops": 1,
      "Plans": [
        {
          "Node Type": "Gather",
          "Parent Relationship": "Outer",
          "Parallel Aware": false,
          "Startup Cost": 296956.92,
          "Total Cost": 296957.43,
          "Plan Rows": 5,
          "Plan Width": 8,
          "Actual Startup Time": 1188.628,
          "Actual Total Time": 1235.614,
          "Actual Rows": 6,
          "Actual Loops": 1,
          "Workers Planned": 5,
          "Workers Launched": 5,
          "Single Copy": false,
          "Plans": [
            {
              "Node Type": "Aggregate",
              "Strategy": "Plain",
              "Partial Mode": "Partial",
              "Parent Relationship": "Outer",
              "Parallel Aware": false,
              "Startup Cost": 295956.92,
              "Total Cost": 295956.93,
              "Plan Rows": 1,
              "Plan Width": 8,
              "Actual Startup Time": 1182.013,
              "Actual Total Time": 1182.129,
              "Actual Rows": 1,
              "Actual Loops": 6,
              "Plans": [
                {
                  "Node Type": "Hash Join",
                  "Parent Relationship": "Outer",
                  "Parallel Aware": true,
                  "Join Type": "Inner",
                  "Startup Cost": 90998.9,
                  "Total Cost": 295023.31,
                  "Plan Rows": 373442,
                  "Plan Width": 0,
                  "Actual Startup Time": 260.97,
                  "Actual Total Time": 1055.487,
                  "Actual Rows": 2903203,
                  "Actual Loops": 6,
                  "Inner Unique": false,
                  "Hash Cond": "(mi.movie_id = t.id)",
                  "Plans": [
                    {
                      "Node Type": "Seq Scan",
                      "Parent Relationship": "Outer",
                      "Parallel Aware": true,
                      "Relation Name": "movie_info",
                      "Alias": "mi",
                      "Startup Cost": 0.0,
                      "Total Cost": 191685.19,
                      "Plan Rows": 2969219,
                      "Plan Width": 4,
                      "Actual Startup Time": 0.055,
                      "Actual Total Time": 287.905,
                      "Actual Rows": 2472620,
                      "Actual Loops": 6
                    },
                    {
                      "Node Type": "Hash",
                      "Parent Relationship": "Inner",
                      "Parallel Aware": true,
                      "Startup Cost": 89716.63,
                      "Total Cost": 89716.63,
                      "Plan Rows": 102581,
                      "Plan Width": 8,
                      "Actual Startup Time": 257.866,
                      "Actual Total Time": 257.98,
                      "Actual Rows": 81005,
                      "Actual Loops": 6,
                      "Hash Buckets": 524288,
                      "Original Hash Buckets": 524288,
                      "Hash Batches": 1,
                      "Original Hash Batches": 1,
                      "Peak Memory Usage": 23200,
                      "Plans": [
                        {
                          "Node Type": "Hash Join",
                          "Parent Relationship": "Outer",
                          "Parallel Aware": true,
                          "Join Type": "Inner",
                          "Startup Cost": 44904.68,
                          "Total Cost": 89716.63,
                          "Plan Rows": 102581,
                          "Plan Width": 8,
                          "Actual Startup Time": 107.845,
                          "Actual Total Time": 234.384,
                          "Actual Rows": 81005,
                          "Actual Loops": 6,
                          "Inner Unique": true,
                          "Hash Cond": "(mk.movie_id = t.id)",
                          "Plans": [
                            {
                              "Node Type": "Seq Scan",
                              "Parent Relationship": "Outer",
                              "Parallel Aware": true,
                              "Relation Name": "movie_keyword",
                              "Alias": "mk",
                              "Startup Cost": 0.0,
                              "Total Cost": 42695.65,
                              "Plan Rows": 806208,
                              "Plan Width": 4,
                              "Actual Startup Time": 0.03,
                              "Actual Total Time": 78.196,
                              "Actual Rows": 418508,
                              "Actual Loops": 6,
                              "Filter": "(keyword_id < 6198)",
                              "Rows Removed by Filter": 335480
                            },
                            {
                              "Node Type": "Hash",
                              "Parent Relationship": "Inner",
                              "Parallel Aware": true,
                              "Startup Cost": 43899.32,
                              "Total Cost": 43899.32,
                              "Plan Rows": 80429,
                              "Plan Width": 4,
                              "Actual Startup Time": 106.684,
                              "Actual Total Time": 106.686,
                              "Actual Rows": 56308,
                              "Actual Loops": 6,
                              "Hash Buckets": 524288,
                              "Original Hash Buckets": 524288,
                              "Hash Batches": 1,
                              "Original Hash Batches": 1,
                              "Peak Memory Usage": 17408,
                              "Plans": [
                                {
                                  "Node Type": "Seq Scan",
                                  "Parent Relationship": "Outer",
                                  "Parallel Aware": true,
                                  "Relation Name": "title",
                                  "Alias": "t",
                                  "Startup Cost": 0.0,
                                  "Total Cost": 43899.32,
                                  "Plan Rows": 80429,
                                  "Plan Width": 4,
                                  "Actual Startup Time": 0.029,
                                  "Actual Total Time": 78.53,
                                  "Actual Rows": 56308,
                                  "Actual Loops": 6,
                                  "Filter": "(production_year < 1968)",
                                  "Rows Removed by Filter": 365078
                                }
                              ]
                            }
                          ]
                        }
                      ]
                    }
                  ]
                }
              ]
            }
          ]
        }
      ]
    },
    "Planning Time": 0.536,
    "Triggers": [],
    "Execution Time": 1235.686
  }
]