[
  {
    "Plan": {
      "Node Type": "Aggregate",
      "Strategy": "Plain",
      "Partial Mode": "Finalize",
      "Parallel Aware": false,
      "Startup Cost": 100340.8,
      "Total Cost": 100340.81,
      "Plan Rows": 1,
      "Plan Width": 8,
      "Actual Startup Time": 664.508,
      "Actual Total Time": 676.359,
      "Actual Rows": 1,
      "Actual Loops": 1,
      "Plans": [
        {
          "Node Type": "Gather",
          "Parent Relationship": "Outer",
          "Parallel Aware": false,
          "Startup Cost": 100340.59,
          "Total Cost": 100340.8,
          "Plan Rows": 2,
          "Plan Width": 8,
          "Actual Startup Time": 659.099,
          "Actual Total Time": 676.353,
          "Actual Rows": 3,
          "Actual Loops": 1,
          "Workers Planned": 2,
          "Workers Launched": 2,
          "Single Copy": false,
          "Plans": [
            {
              "Node Type": "Aggregate",
              "Strategy": "Plain",
              "Partial Mode": "Partial",
              "Parent Relationship": "Outer",
              "Parallel Aware": false,
              "Startup Cost": 99340.59,
              "Total Cost": 99340.6,
              "Plan Rows": 1,
              "Plan Width": 8,
              "Actual Startup Time": 656.115,
              "Actual Total Time": 656.422,
              "Actual Rows": 1,
              "Actual Loops": 3,
              "Plans": [
                {
                  "Node Type": "Hash Join",
                  "Parent Relationship": "Outer",
                  "Parallel Aware": true,
                  "Join Type": "Inner",
                  "Startup Cost": 82673.84,
                  "Total Cost": 98927.94,
                  "Plan Rows": 165061,
                  "Plan Width": 0,
                  "Actual Startup Time": 515.851,
                  "Actual Total Time": 645.771,
                  "Actual Rows": 191178,
                  "Actual Loops": 3,
                  "Inner Unique": false,
                  "Hash Cond": "(mi_idx.movie_id = t.id)",
                  "Plans": [
                    {
                      "Node Type": "Seq Scan",
                      "Parent Relationship": "Outer",
                      "Parallel Aware": true,
                      "Relation Name": "movie_info_idx",
                      "Alias": "mi_idx",
                      "Startup Cost": 0.0,
                      "Total Cost": 13685.15,
                      "Plan Rows": 575015,
                      "Plan Width": 4,
                      "Actual Startup Time": 0.026,
                      "Actual Total Time": 43.176,
                      "Actual Rows": 460012,
                      "Actual Loops": 3
                    },
                    {
                      "Node Type": "Hash",
                      "Parent Relationship": "Inner",
                      "Parallel Aware": true,
                      "Startup Cost": 80405.81,
                      "Total Cost": 80405.81,
                      "Plan Rows": 181442,
                      "Plan Width": 8,
                      "Actual Startup Time": 512.592,
                      "Actual Total Time": 512.897,
                      "Actual Rows": 151216,
                      "Actual Loops": 3,
                      "Hash Buckets": 1048576,
                      "Original Hash Buckets": 1048576,
                      "Hash Batches": 1,
                      "Original Hash Batches": 1,
                      "Peak Memory Usage": 25952,
                      "Plans": [
                        {
                          "Node Type": "Hash Join",
                          "Parent Relationship": "Outer",
                          "Parallel Aware": true,
                          "Join Type": "Inner",
                          "Startup Cost": 34341.31,
                          "Total Cost": 80405.81,
                          "Plan Rows": 181442,
                          "Plan Width": 8,
                          "Actual Startup Time": 159.08,
                          "Actual Total Time": 457.287,
                          "Actual Rows": 151216,
                          "Actual Loops": 3,
                          "Inner Unique": false,
                          "Hash Cond": "(t.id = mc.movie_id)",
                          "Plans": [
                            {
                              "Node Type": "Seq Scan",
                              "Parent Relationship": "Outer",
                              "Parallel Aware": true,
                              "Relation Name": "title",
                              "Alias": "t",
                              "Startup Cost": 0.0,
                              "Total Cost": 42318.81,
                              "Plan Rows": 632080,
                              "Plan Width": 4,
                              "Actual Startup Time": 0.012,
                              "Actual Total Time": 99.667,
                              "Actual Rows": 842771,
                              "Actual Loops": 3
                            },
                            {
                              "Node Type": "Hash",
                              "Parent Relationship": "Inner",
                              "Parallel Aware": true,
                              "Startup Cost": 31414.82,
                              "Total Cost": 31414.82,
                              "Plan Rows": 234119,
                              "Plan Width": 4,
                              "Actual Startup Time": 156.484,
                              "Actual Total Time": 156.485,
                              "Actual Rows": 151216,
                              "Actual Loops": 3,
                              "Hash Buckets": 1048576,
                              "Original Hash Buckets": 1048576,
                              "Hash Batches": 1,
                              "Original Hash Batches": 1,
                              "Peak Memory Usage": 25984,
                              "Plans": [
                                {
                                  "Node Type": "Seq Scan",
                                  "Parent Relationship": "Outer",
                                  "Parallel Aware": true,
                                  "Relation Name": "movie_companies",
                                  "Alias": "mc",
                                  "Startup Cost": 0.0,
                                  "Total Cost": 31414.82,
                                  "Plan Rows": 234119,
                                  "Plan Width": 4,
                                  "Actual Startup Time": 52.995,
                                  "Actual Total Time": 105.212,
                                  "Actual Rows": 151216,
                                  "Actual Loops": 3,
                                  "Filter": "((company_id < 12437) AND (company_type_id = 2))",
                                  "Rows Removed by Filter": 718494
                                }
                              ]
                            }
                          ]
                        }
                      ]
                    }
                  ]
                }
              ]
            }
          ]
        }
      ]
    },
    "Planning Time": 0.549,
    "Triggers": [],
    "Execution Time": 676.398
  }
]