[
  {
    "Plan": {
      "Node Type": "Aggregate",
      "Strategy": "Plain",
      "Partial Mode": "Finalize",
      "Parallel Aware": false,
      "Startup Cost": 100289.19,
      "Total Cost": 100289.2,
      "Plan Rows": 1,
      "Plan Width": 8,
      "Actual Startup Time": 666.148,
      "Actual Total Time": 684.305,
      "Actual Rows": 1,
      "Actual Loops": 1,
      "Plans": [
        {
          "Node Type": "Gather",
          "Parent Relationship": "Outer",
          "Parallel Aware": false,
          "Startup Cost": 100288.97,
          "Total Cost": 100289.18,
          "Plan Rows": 2,
          "Plan Width": 8,
          "Actual Startup Time": 662.954,
          "Actual Total Time": 684.291,
          "Actual Rows": 3,
          "Actual Loops": 1,
          "Workers Planned": 2,
          "Workers Launched": 2,
          "Single Copy": false,
          "Plans": [
            {
              "Node Type": "Aggregate",
              "Strategy": "Plain",
              "Partial Mode": "Partial",
              "Parent Relationship": "Outer",
              "Parallel Aware": false,
              "Startup Cost": 99288.97,
              "Total Cost": 99288.98,
              "Plan Rows": 1,
              "Plan Width": 8,
              "Actual Startup Time": 655.367,
              "Actual Total Time": 655.738,
              "Actual Rows": 1,
              "Actual Loops": 3,
              "Plans": [
                {
                  "Node Type": "Hash Join",
                  "Parent Relationship": "Outer",
                  "Parallel Aware": true,
                  "Join Type": "Inner",
                  "Startup Cost": 82628.65,
                  "Total Cost": 98879.54,
                  "Plan Rows": 163775,
                  "Plan Width": 0,
                  "Actual Startup Time": 526.142,
                  "Actual Total Time": 646.536,
                  "Actual Rows": 191178,
                  "Actual Loops": 3,
                  "Inner Unique": false,
                  "Hash Cond": "(mi_idx.movie_id = t.id)",
                  "Plans": [
                    {
                      "Node Type": "Seq Scan",
                      "Parent Relationship": "Outer",
                      "Parallel Aware": true,
                      "Relation Name": "movie_info_idx",
                      "Alias": "mi_idx",
                      "Startup Cost": 0.0,
                      "Total Cost": 13685.15,
                      "Plan Rows": 575015,
                      "Plan Width": 4,
                      "Actual Startup Time": 0.03,
                      "Actual Total Time": 38.63,
                      "Actual Rows": 460012,
                      "Actual Loops": 3
                    },
                    {
                      "Node Type": "Hash",
                      "Parent Relationship": "Inner",
                      "Parallel Aware": true,
                      "Startup Cost": 80378.31,
                      "Total Cost": 80378.31,
                      "Plan Rows": 180027,
                      "Plan Width": 8,
                      "Actual Startup Time": 519.351,
                      "Actual Total Time": 519.72,
                      "Actual Rows": 151216,
                      "Actual Loops": 3,
                      "Hash Buckets": 1048576,
                      "Original Hash Buckets": 1048576,
                      "Hash Batches": 1,
                      "Original Hash Batches": 1,
                      "Peak Memory Usage": 26016,
                      "Plans": [
                        {
                          "Node Type": "Hash Join",
                          "Parent Relationship": "Outer",
                          "Parallel Aware": true,
                          "Join Type": "Inner",
                          "Startup Cost": 34318.48,
                          "Total Cost": 80378.31,
                          "Plan Rows": 180027,
                          "Plan Width": 8,
                          "Actual Startup Time": 156.692,
                          "Actual Total Time": 463.577,
                          "Actual Rows": 151216,
                          "Actual Loops": 3,
                          "Inner Unique": false,
                          "Hash Cond": "(t.id = mc.movie_id)",
                          "Plans": [
                            {
                              "Node Type": "Seq Scan",
                              "Parent Relationship": "Outer",
                              "Parallel Aware": true,
                              "Relation Name": "title",
                              "Alias": "t",
                              "Startup Cost": 0.0,
                              "Total Cost": 42318.73,
                              "Plan Rows": 632073,
                              "Plan Width": 4,
                              "Actual Startup Time": 0.009,
                              "Actual Total Time": 95.707,
                              "Actual Rows": 842771,
                              "Actual Loops": 3
                            },
                            {
                              "Node Type": "Hash",
                              "Parent Relationship": "Inner",
                              "Parallel Aware": true,
                              "Startup Cost": 31414.82,
                              "Total Cost": 31414.82,
                              "Plan Rows": 232293,
                              "Plan Width": 4,
                              "Actual Startup Time": 152.988,
                              "Actual Total Time": 152.989,
                              "Actual Rows": 151216,
                              "Actual Loops": 3,
                              "Hash Buckets": 1048576,
                              "Original Hash Buckets": 1048576,
                              "Hash Batches": 1,
                              "Original Hash Batches": 1,
                              "Peak Memory Usage": 25984,
                              "Plans": [
                                {
                                  "Node Type": "Seq Scan",
                                  "Parent Relationship": "Outer",
                                  "Parallel Aware": true,
                                  "Relation Name": "movie_companies",
                                  "Alias": "mc",
                                  "Startup Cost": 0.0,
                                  "Total Cost": 31414.82,
                                  "Plan Rows": 232293,
                                  "Plan Width": 4,
                                  "Actual Startup Time": 58.742,
                                  "Actual Total Time": 104.4,
                                  "Actual Rows": 151216,
                                  "Actual Loops": 3,
                                  "Filter": "((company_id < 12437) AND (company_type_id = 2))",
                                  "Rows Removed by Filter": 718494
                                }
                              ]
                            }
                          ]
                        }
                      ]
                    }
                  ]
                }
              ]
            }
          ]
        }
      ]
    },
    "Planning Time": 1.381,
    "Triggers": [],
    "Execution Time": 684.393
  }
]