{
  "Plan": {
    "Node Type": "Aggregate",
    "Strategy": "Plain",
    "Partial Mode": "Finalize",
    "Parallel Aware": false,
    "Startup Cost": 119674.92,
    "Total Cost": 119674.93,
    "Plan Rows": 1,
    "Plan Width": 8,
    "Actual Startup Time": 428.815,
    "Actual Total Time": 442.423,
    "Actual Rows": 1,
    "Actual Loops": 1,
    "Plans": [
      {
        "Node Type": "Gather",
        "Parent Relationship": "Outer",
        "Parallel Aware": false,
        "Startup Cost": 119674.81,
        "Total Cost": 119674.92,
        "Plan Rows": 1,
        "Plan Width": 8,
        "Actual Startup Time": 428.37,
        "Actual Total Time": 442.414,
        "Actual Rows": 2,
        "Actual Loops": 1,
        "Workers Planned": 1,
        "Workers Launched": 1,
        "Single Copy": false,
        "Plans": [
          {
            "Node Type": "Aggregate",
            "Strategy": "Plain",
            "Partial Mode": "Partial",
            "Parent Relationship": "Outer",
            "Parallel Aware": false,
            "Startup Cost": 118674.81,
            "Total Cost": 118674.82,
            "Plan Rows": 1,
            "Plan Width": 8,
            "Actual Startup Time": 424.08,
            "Actual Total Time": 424.084,
            "Actual Rows": 1,
            "Actual Loops": 2,
            "Plans": [
              {
                "Node Type": "Hash Join",
                "Parent Relationship": "Outer",
                "Parallel Aware": true,
                "Join Type": "Inner",
                "Startup Cost": 58970.21,
                "Total Cost": 118609.49,
                "Plan Rows": 26129,
                "Plan Width": 0,
                "Actual Startup Time": 167.763,
                "Actual Total Time": 423.29,
                "Actual Rows": 12834,
                "Actual Loops": 2,
                "Inner Unique": true,
                "Hash Cond": "(mk.movie_id = t.id)",
                "Plans": [
                  {
                    "Node Type": "Seq Scan",
                    "Parent Relationship": "Outer",
                    "Parallel Aware": true,
                    "Relation Name": "movie_keyword",
                    "Alias": "mk",
                    "Startup Cost": 0.0,
                    "Total Cost": 57718.19,
                    "Plan Rows": 731845,
                    "Plan Width": 4,
                    "Actual Startup Time": 0.014,
                    "Actual Total Time": 189.092,
                    "Actual Rows": 626678,
                    "Actual Loops": 2,
                    "Filter": "(keyword_id < 1603)",
                    "Rows Removed by Filter": 1635286
                  },
                  {
                    "Node Type": "Hash",
                    "Parent Relationship": "Inner",
                    "Parallel Aware": true,
                    "Startup Cost": 58306.47,
                    "Total Cost": 58306.47,
                    "Plan Rows": 53099,
                    "Plan Width": 4,
                    "Actual Startup Time": 166.706,
                    "Actual Total Time": 166.707,
                    "Actual Rows": 50377,
                    "Actual Loops": 2,
                    "Hash Buckets": 131072,
                    "Original Hash Buckets": 131072,
                    "Hash Batches": 1,
                    "Original Hash Batches": 1,
                    "Peak Memory Usage": 5024,
                    "Plans": [
                      {
                        "Node Type": "Seq Scan",
                        "Parent Relationship": "Outer",
                        "Parallel Aware": true,
                        "Relation Name": "title",
                        "Alias": "t",
                        "Startup Cost": 0.0,
                        "Total Cost": 58306.47,
                        "Plan Rows": 53099,
                        "Plan Width": 4,
                        "Actual Startup Time": 0.029,
                        "Actual Total Time": 151.599,
                        "Actual Rows": 50377,
                        "Actual Loops": 2,
                        "Filter": "((kind_id > 1) AND (production_year = 2008))",
                        "Rows Removed by Filter": 1213779
                      }
                    ]
                  }
                ]
              }
            ]
          }
        ]
      }
    ]
  },
  "Planning Time": 0.213,
  "Triggers": [],
  "Execution Time": 442.463
}