[
  {
    "Plan": {
      "Node Type": "Aggregate",
      "Strategy": "Plain",
      "Partial Mode": "Finalize",
      "Parallel Aware": false,
      "Startup Cost": 32720.47,
      "Total Cost": 32720.48,
      "Plan Rows": 1,
      "Plan Width": 8,
      "Actual Startup Time": 67.604,
      "Actual Total Time": 74.119,
      "Actual Rows": 1,
      "Actual Loops": 1,
      "Plans": [
        {
          "Node Type": "Gather",
          "Parent Relationship": "Outer",
          "Parallel Aware": false,
          "Startup Cost": 32720.15,
          "Total Cost": 32720.46,
          "Plan Rows": 3,
          "Plan Width": 8,
          "Actual Startup Time": 67.492,
          "Actual Total Time": 74.112,
          "Actual Rows": 4,
          "Actual Loops": 1,
          "Workers Planned": 3,
          "Workers Launched": 3,
          "Single Copy": false,
          "Plans": [
            {
              "Node Type": "Aggregate",
              "Strategy": "Plain",
              "Partial Mode": "Partial",
              "Parent Relationship": "Outer",
              "Parallel Aware": false,
              "Startup Cost": 31720.15,
              "Total Cost": 31720.16,
              "Plan Rows": 1,
              "Plan Width": 8,
              "Actual Startup Time": 63.597,
              "Actual Total Time": 63.598,
              "Actual Rows": 1,
              "Actual Loops": 4,
              "Plans": [
                {
                  "Node Type": "Seq Scan",
                  "Parent Relationship": "Outer",
                  "Parallel Aware": true,
                  "Relation Name": "movie_companies",
                  "Alias": "mc",
                  "Startup Cost": 0.0,
                  "Total Cost": 31414.82,
                  "Plan Rows": 122132,
                  "Plan Width": 0,
                  "Actual Startup Time": 19.679,
                  "Actual Total Time": 62.813,
                  "Actual Rows": 14596,
                  "Actual Loops": 4,
                  "Filter": "((company_id > 34520) AND (company_type_id < 2))",
                  "Rows Removed by Filter": 637686
                }
              ]
            }
          ]
        }
      ]
    },
    "Planning Time": 0.205,
    "Triggers": [],
    "Execution Time": 74.167
  }
]