[
  {
    "Plan": {
      "Node Type": "Aggregate",
      "Strategy": "Plain",
      "Partial Mode": "Finalize",
      "Parallel Aware": false,
      "Startup Cost": 32713.54,
      "Total Cost": 32713.55,
      "Plan Rows": 1,
      "Plan Width": 8,
      "Actual Startup Time": 76.512,
      "Actual Total Time": 84.002,
      "Actual Rows": 1,
      "Actual Loops": 1,
      "Plans": [
        {
          "Node Type": "Gather",
          "Parent Relationship": "Outer",
          "Parallel Aware": false,
          "Startup Cost": 32713.22,
          "Total Cost": 32713.53,
          "Plan Rows": 3,
          "Plan Width": 8,
          "Actual Startup Time": 76.401,
          "Actual Total Time": 83.993,
          "Actual Rows": 4,
          "Actual Loops": 1,
          "Workers Planned": 3,
          "Workers Launched": 3,
          "Single Copy": false,
          "Plans": [
            {
              "Node Type": "Aggregate",
              "Strategy": "Plain",
              "Partial Mode": "Partial",
              "Parent Relationship": "Outer",
              "Parallel Aware": false,
              "Startup Cost": 31713.22,
              "Total Cost": 31713.23,
              "Plan Rows": 1,
              "Plan Width": 8,
              "Actual Startup Time": 70.586,
              "Actual Total Time": 70.587,
              "Actual Rows": 1,
              "Actual Loops": 4,
              "Plans": [
                {
                  "Node Type": "Seq Scan",
                  "Parent Relationship": "Outer",
                  "Parallel Aware": true,
                  "Relation Name": "movie_companies",
                  "Alias": "mc",
                  "Startup Cost": 0.0,
                  "Total Cost": 31414.82,
                  "Plan Rows": 119360,
                  "Plan Width": 0,
                  "Actual Startup Time": 23.845,
                  "Actual Total Time": 69.83,
                  "Actual Rows": 14596,
                  "Actual Loops": 4,
                  "Filter": "((company_id > 34520) AND (company_type_id < 2))",
                  "Rows Removed by Filter": 637686
                }
              ]
            }
          ]
        }
      ]
    },
    "Planning Time": 0.123,
    "Triggers": [],
    "Execution Time": 84.038
  }
]