[
  {
    "Plan": {
      "Node Type": "Aggregate",
      "Strategy": "Plain",
      "Partial Mode": "Simple",
      "Parallel Aware": false,
      "Startup Cost": 4300.63,
      "Total Cost": 4300.64,
      "Plan Rows": 1,
      "Plan Width": 8,
      "Actual Startup Time": 3.005,
      "Actual Total Time": 3.008,
      "Actual Rows": 1,
      "Actual Loops": 1,
      "Plans": [
        {
          "Node Type": "Nested Loop",
          "Parent Relationship": "Outer",
          "Parallel Aware": false,
          "Join Type": "Inner",
          "Startup Cost": 7.71,
          "Total Cost": 4300.36,
          "Plan Rows": 109,
          "Plan Width": 0,
          "Actual Startup Time": 0.099,
          "Actual Total Time": 2.938,
          "Actual Rows": 240,
          "Actual Loops": 1,
          "Inner Unique": true,
          "Plans": [
            {
              "Node Type": "Bitmap Heap Scan",
              "Parent Relationship": "Outer",
              "Parallel Aware": false,
              "Relation Name": "movie_info_idx",
              "Alias": "mi_idx",
              "Startup Cost": 7.28,
              "Total Cost": 1221.84,
              "Plan Rows": 368,
              "Plan Width": 4,
              "Actual Startup Time": 0.07,
              "Actual Total Time": 0.148,
              "Actual Rows": 260,
              "Actual Loops": 1,
              "Recheck Cond": "(info_type_id > 101)",
              "Rows Removed by Index Recheck": 0,
              "Exact Heap Blocks": 2,
              "Lossy Heap Blocks": 0,
              "Plans": [
                {
                  "Node Type": "Bitmap Index Scan",
                  "Parent Relationship": "Outer",
                  "Parallel Aware": false,
                  "Index Name": "info_type_id_movie_info_idx",
                  "Startup Cost": 0.0,
                  "Total Cost": 7.19,
                  "Plan Rows": 368,
                  "Plan Width": 0,
                  "Actual Startup Time": 0.046,
                  "Actual Total Time": 0.046,
                  "Actual Rows": 260,
                  "Actual Loops": 1,
                  "Index Cond": "(info_type_id > 101)"
                }
              ]
            },
            {
              "Node Type": "Index Scan",
              "Parent Relationship": "Inner",
              "Parallel Aware": false,
              "Scan Direction": "Forward",
              "Index Name": "title_pkey",
              "Relation Name": "title",
              "Alias": "t",
              "Startup Cost": 0.43,
              "Total Cost": 8.37,
              "Plan Rows": 1,
              "Plan Width": 4,
              "Actual Startup Time": 0.01,
              "Actual Total Time": 0.01,
              "Actual Rows": 1,
              "Actual Loops": 260,
              "Index Cond": "(id = mi_idx.movie_id)",
              "Rows Removed by Index Recheck": 0,
              "Filter": "((kind_id < 7) AND (production_year < 2010))",
              "Rows Removed by Filter": 0
            }
          ]
        }
      ]
    },
    "Planning Time": 0.672,
    "Triggers": [],
    "Execution Time": 3.09
  }
]