{
  "Plan": {
    "Node Type": "Aggregate",
    "Strategy": "Plain",
    "Partial Mode": "Finalize",
    "Parallel Aware": false,
    "Startup Cost": 834023.3,
    "Total Cost": 834023.31,
    "Plan Rows": 1,
    "Plan Width": 64,
    "Actual Startup Time": 5579.206,
    "Actual Total Time": 5647.711,
    "Actual Rows": 1,
    "Actual Loops": 1,
    "Plans": [
      {
        "Node Type": "Gather",
        "Parent Relationship": "Outer",
        "Parallel Aware": false,
        "Startup Cost": 834023.19,
        "Total Cost": 834023.3,
        "Plan Rows": 1,
        "Plan Width": 64,
        "Actual Startup Time": 5564.577,
        "Actual Total Time": 5647.691,
        "Actual Rows": 2,
        "Actual Loops": 1,
        "Workers Planned": 1,
        "Workers Launched": 1,
        "Single Copy": false,
        "Plans": [
          {
            "Node Type": "Aggregate",
            "Strategy": "Plain",
            "Partial Mode": "Partial",
            "Parent Relationship": "Outer",
            "Parallel Aware": false,
            "Startup Cost": 833023.19,
            "Total Cost": 833023.2,
            "Plan Rows": 1,
            "Plan Width": 64,
            "Actual Startup Time": 5557.148,
            "Actual Total Time": 5557.169,
            "Actual Rows": 1,
            "Actual Loops": 2,
            "Plans": [
              {
                "Node Type": "Hash Join",
                "Parent Relationship": "Outer",
                "Parallel Aware": true,
                "Join Type": "Inner",
                "Startup Cost": 785279.89,
                "Total Cost": 832297.94,
                "Plan Rows": 145050,
                "Plan Width": 33,
                "Actual Startup Time": 5191.261,
                "Actual Total Time": 5543.366,
                "Actual Rows": 161502,
                "Actual Loops": 2,
                "Inner Unique": true,
                "Hash Cond": "(mc.company_id = cn.id)",
                "Plans": [
                  {
                    "Node Type": "Hash Join",
                    "Parent Relationship": "Outer",
                    "Parallel Aware": true,
                    "Join Type": "Inner",
                    "Startup Cost": 779925.12,
                    "Total Cost": 825901.88,
                    "Plan Rows": 396671,
                    "Plan Width": 37,
                    "Actual Startup Time": 5141.455,
                    "Actual Total Time": 5448.429,
                    "Actual Rows": 376410,
                    "Actual Loops": 2,
                    "Inner Unique": false,
                    "Hash Cond": "(mc.movie_id = ci.movie_id)",
                    "Plans": [
                      {
                        "Node Type": "Seq Scan",
                        "Parent Relationship": "Outer",
                        "Parallel Aware": true,
                        "Relation Name": "movie_companies",
                        "Alias": "mc",
                        "Startup Cost": 0.0,
                        "Total Cost": 34137.82,
                        "Plan Rows": 1534782,
                        "Plan Width": 8,
                        "Actual Startup Time": 0.02,
                        "Actual Total Time": 102.172,
                        "Actual Rows": 1304564,
                        "Actual Loops": 2
                      },
                      {
                        "Node Type": "Hash",
                        "Parent Relationship": "Inner",
                        "Parallel Aware": true,
                        "Startup Cost": 775119.95,
                        "Total Cost": 775119.95,
                        "Plan Rows": 384414,
                        "Plan Width": 41,
                        "Actual Startup Time": 5137.557,
                        "Actual Total Time": 5137.573,
                        "Actual Rows": 109483,
                        "Actual Loops": 2,
                        "Hash Buckets": 1048576,
                        "Original Hash Buckets": 1048576,
                        "Hash Batches": 1,
                        "Original Hash Batches": 1,
                        "Peak Memory Usage": 25120,
                        "Plans": [
                          {
                            "Node Type": "Hash Join",
                            "Parent Relationship": "Outer",
                            "Parallel Aware": true,
                            "Join Type": "Inner",
                            "Startup Cost": 753509.66,
                            "Total Cost": 775119.95,
                            "Plan Rows": 384414,
                            "Plan Width": 41,
                            "Actual Startup Time": 4960.124,
                            "Actual Total Time": 5097.421,
                            "Actual Rows": 109483,
                            "Actual Loops": 2,
                            "Inner Unique": false,
                            "Hash Cond": "(an1.person_id = n1.id)",
                            "Plans": [
                              {
                                "Node Type": "Seq Scan",
                                "Parent Relationship": "Outer",
                                "Parallel Aware": true,
                                "Relation Name": "aka_name",
                                "Alias": "an1",
                                "Startup Cost": 0.0,
                                "Total Cost": 16698.02,
                                "Plan Rows": 530202,
                                "Plan Width": 20,
                                "Actual Startup Time": 0.015,
                                "Actual Total Time": 42.346,
                                "Actual Rows": 450672,
                                "Actual Loops": 2
                              },
                              {
                                "Node Type": "Hash",
                                "Parent Relationship": "Inner",
                                "Parallel Aware": true,
                                "Startup Cost": 731292.86,
                                "Total Cost": 731292.86,
                                "Plan Rows": 1777344,
                                "Plan Width": 33,
                                "Actual Startup Time": 4945.224,
                                "Actual Total Time": 4945.236,
                                "Actual Rows": 138202,
                                "Actual Loops": 2,
                                "Hash Buckets": 4194304,
                                "Original Hash Buckets": 4194304,
                                "Hash Batches": 1,
                                "Original Hash Batches": 1,
                                "Peak Memory Usage": 51200,
                                "Plans": [
                                  {
                                    "Node Type": "Hash Join",
                                    "Parent Relationship": "Outer",
                                    "Parallel Aware": true,
                                    "Join Type": "Inner",
                                    "Startup Cost": 180234.18,
                                    "Total Cost": 731292.86,
                                    "Plan Rows": 1777344,
                                    "Plan Width": 33,
                                    "Actual Startup Time": 4203.859,
                                    "Actual Total Time": 4881.491,
                                    "Actual Rows": 138202,
                                    "Actual Loops": 2,
                                    "Inner Unique": true,
                                    "Hash Cond": "(ci.person_id = n1.id)",
                                    "Plans": [
                                      {
                                        "Node Type": "Hash Join",
                                        "Parent Relationship": "Outer",
                                        "Parallel Aware": true,
                                        "Join Type": "Inner",
                                        "Startup Cost": 69464.72,
                                        "Total Cost": 615857.88,
                                        "Plan Rows": 1777344,
                                        "Plan Width": 29,
                                        "Actual Startup Time": 3127.827,
                                        "Actual Total Time": 3768.418,
                                        "Actual Rows": 138202,
                                        "Actual Loops": 2,
                                        "Inner Unique": true,
                                        "Hash Cond": "(ci.movie_id = t.id)",
                                        "Plans": [
                                          {
                                            "Node Type": "Hash Join",
                                            "Parent Relationship": "Outer",
                                            "Parallel Aware": false,
                                            "Join Type": "Inner",
                                            "Startup Cost": 1.16,
                                            "Total Cost": 541728.78,
                                            "Plan Rows": 1777344,
                                            "Plan Width": 8,
                                            "Actual Startup Time": 2371.364,
                                            "Actual Total Time": 2928.285,
                                            "Actual Rows": 138202,
                                            "Actual Loops": 2,
                                            "Inner Unique": true,
                                            "Hash Cond": "(ci.role_id = rt.id)",
                                            "Plans": [
                                              {
                                                "Node Type": "Seq Scan",
                                                "Parent Relationship": "Outer",
                                                "Parallel Aware": true,
                                                "Relation Name": "cast_info",
                                                "Alias": "ci",
                                                "Startup Cost": 0.0,
                                                "Total Cost": 465968.32,
                                                "Plan Rows": 21328132,
                                                "Plan Width": 12,
                                                "Actual Startup Time": 0.01,
                                                "Actual Total Time": 1438.937,
                                                "Actual Rows": 18122172,
                                                "Actual Loops": 2
                                              },
                                              {
                                                "Node Type": "Hash",
                                                "Parent Relationship": "Inner",
                                                "Parallel Aware": false,
                                                "Startup Cost": 1.15,
                                                "Total Cost": 1.15,
                                                "Plan Rows": 1,
                                                "Plan Width": 4,
                                                "Actual Startup Time": 0.045,
                                                "Actual Total Time": 0.047,
                                                "Actual Rows": 1,
                                                "Actual Loops": 2,
                                                "Hash Buckets": 1024,
                                                "Original Hash Buckets": 1024,
                                                "Hash Batches": 1,
                                                "Original Hash Batches": 1,
                                                "Peak Memory Usage": 9,
                                                "Plans": [
                                                  {
                                                    "Node Type": "Seq Scan",
                                                    "Parent Relationship": "Outer",
                                                    "Parallel Aware": false,
                                                    "Relation Name": "role_type",
                                                    "Alias": "rt",
                                                    "Startup Cost": 0.0,
                                                    "Total Cost": 1.15,
                                                    "Plan Rows": 1,
                                                    "Plan Width": 4,
                                                    "Actual Startup Time": 0.034,
                                                    "Actual Total Time": 0.035,
                                                    "Actual Rows": 1,
                                                    "Actual Loops": 2,
                                                    "Filter": "((role)::text = 'costume designer'::text)",
                                                    "Rows Removed by Filter": 11
                                                  }
                                                ]
                                              }
                                            ]
                                          },
                                          {
                                            "Node Type": "Hash",
                                            "Parent Relationship": "Inner",
                                            "Parallel Aware": true,
                                            "Startup Cost": 50871.58,
                                            "Total Cost": 50871.58,
                                            "Plan Rows": 1487358,
                                            "Plan Width": 21,
                                            "Actual Startup Time": 743.868,
                                            "Actual Total Time": 743.869,
                                            "Actual Rows": 1264156,
                                            "Actual Loops": 2,
                                            "Hash Buckets": 4194304,
                                            "Original Hash Buckets": 4194304,
                                            "Hash Batches": 1,
                                            "Original Hash Batches": 1,
                                            "Peak Memory Usage": 174752,
                                            "Plans": [
                                              {
                                                "Node Type": "Seq Scan",
                                                "Parent Relationship": "Outer",
                                                "Parallel Aware": true,
                                                "Relation Name": "title",
                                                "Alias": "t",
                                                "Startup Cost": 0.0,
                                                "Total Cost": 50871.58,
                                                "Plan Rows": 1487358,
                                                "Plan Width": 21,
                                                "Actual Startup Time": 0.035,
                                                "Actual Total Time": 197.702,
                                                "Actual Rows": 1264156,
                                                "Actual Loops": 2
                                              }
                                            ]
                                          }
                                        ]
                                      },
                                      {
                                        "Node Type": "Hash",
                                        "Parent Relationship": "Inner",
                                        "Parallel Aware": true,
                                        "Startup Cost": 80126.98,
                                        "Total Cost": 80126.98,
                                        "Plan Rows": 2451398,
                                        "Plan Width": 4,
                                        "Actual Startup Time": 1060.767,
                                        "Actual Total Time": 1060.768,
                                        "Actual Rows": 2083746,
                                        "Actual Loops": 2,
                                        "Hash Buckets": 4194304,
                                        "Original Hash Buckets": 4194304,
                                        "Hash Batches": 1,
                                        "Original Hash Batches": 1,
                                        "Peak Memory Usage": 195840,
                                        "Plans": [
                                          {
                                            "Node Type": "Seq Scan",
                                            "Parent Relationship": "Outer",
                                            "Parallel Aware": true,
                                            "Relation Name": "name",
                                            "Alias": "n1",
                                            "Startup Cost": 0.0,
                                            "Total Cost": 80126.98,
                                            "Plan Rows": 2451398,
                                            "Plan Width": 4,
                                            "Actual Startup Time": 0.053,
                                            "Actual Total Time": 302.368,
                                            "Actual Rows": 2083746,
                                            "Actual Loops": 2
                                          }
                                        ]
                                      }
                                    ]
                                  }
                                ]
                              }
                            ]
                          }
                        ]
                      }
                    ]
                  },
                  {
                    "Node Type": "Hash",
                    "Parent Relationship": "Inner",
                    "Parallel Aware": true,
                    "Startup Cost": 4722.92,
                    "Total Cost": 4722.92,
                    "Plan Rows": 50548,
                    "Plan Width": 4,
                    "Actual Startup Time": 47.128,
                    "Actual Total Time": 47.129,
                    "Actual Rows": 42422,
                    "Actual Loops": 2,
                    "Hash Buckets": 131072,
                    "Original Hash Buckets": 131072,
                    "Hash Batches": 1,
                    "Original Hash Batches": 1,
                    "Peak Memory Usage": 4384,
                    "Plans": [
                      {
                        "Node Type": "Seq Scan",
                        "Parent Relationship": "Outer",
                        "Parallel Aware": true,
                        "Relation Name": "company_name",
                        "Alias": "cn",
                        "Startup Cost": 0.0,
                        "Total Cost": 4722.92,
                        "Plan Rows": 50548,
                        "Plan Width": 4,
                        "Actual Startup Time": 0.056,
                        "Actual Total Time": 29.486,
                        "Actual Rows": 42422,
                        "Actual Loops": 2,
                        "Filter": "((country_code)::text = '[us]'::text)",
                        "Rows Removed by Filter": 75077
                      }
                    ]
                  }
                ]
              }
            ]
          }
        ]
      }
    ]
  },
  "Planning Time": 1.426,
  "Triggers": [],
  "Execution Time": 5647.887
}