[
  {
    "Plan": {
      "Node Type": "Aggregate",
      "Strategy": "Plain",
      "Partial Mode": "Finalize",
      "Parallel Aware": false,
      "Startup Cost": 122865.93,
      "Total Cost": 122865.94,
      "Plan Rows": 1,
      "Plan Width": 8,
      "Actual Startup Time": 635.636,
      "Actual Total Time": 657.674,
      "Actual Rows": 1,
      "Actual Loops": 1,
      "Plans": [
        {
          "Node Type": "Gather",
          "Parent Relationship": "Outer",
          "Parallel Aware": false,
          "Startup Cost": 122865.61,
          "Total Cost": 122865.92,
          "Plan Rows": 3,
          "Plan Width": 8,
          "Actual Startup Time": 625.386,
          "Actual Total Time": 657.663,
          "Actual Rows": 4,
          "Actual Loops": 1,
          "Workers Planned": 3,
          "Workers Launched": 3,
          "Single Copy": false,
          "Plans": [
            {
              "Node Type": "Aggregate",
              "Strategy": "Plain",
              "Partial Mode": "Partial",
              "Parent Relationship": "Outer",
              "Parallel Aware": false,
              "Startup Cost": 121865.61,
              "Total Cost": 121865.62,
              "Plan Rows": 1,
              "Plan Width": 8,
              "Actual Startup Time": 619.988,
              "Actual Total Time": 620.113,
              "Actual Rows": 1,
              "Actual Loops": 4,
              "Plans": [
                {
                  "Node Type": "Hash Join",
                  "Parent Relationship": "Outer",
                  "Parallel Aware": true,
                  "Join Type": "Inner",
                  "Startup Cost": 76672.4,
                  "Total Cost": 121571.59,
                  "Plan Rows": 117608,
                  "Plan Width": 0,
                  "Actual Startup Time": 402.024,
                  "Actual Total Time": 611.77,
                  "Actual Rows": 179818,
                  "Actual Loops": 4,
                  "Inner Unique": false,
                  "Hash Cond": "(mk.movie_id = t.id)",
                  "Plans": [
                    {
                      "Node Type": "Seq Scan",
                      "Parent Relationship": "Outer",
                      "Parallel Aware": true,
                      "Relation Name": "movie_keyword",
                      "Alias": "mk",
                      "Startup Cost": 0.0,
                      "Total Cost": 39047.32,
                      "Plan Rows": 1459332,
                      "Plan Width": 4,
                      "Actual Startup Time": 0.037,
                      "Actual Total Time": 91.371,
                      "Actual Rows": 1130982,
                      "Actual Loops": 4
                    },
                    {
                      "Node Type": "Hash",
                      "Parent Relationship": "Inner",
                      "Parallel Aware": true,
                      "Startup Cost": 75850.76,
                      "Total Cost": 75850.76,
                      "Plan Rows": 65731,
                      "Plan Width": 8,
                      "Actual Startup Time": 400.666,
                      "Actual Total Time": 400.789,
                      "Actual Rows": 62415,
                      "Actual Loops": 4,
                      "Hash Buckets": 262144,
                      "Original Hash Buckets": 262144,
                      "Hash Batches": 1,
                      "Original Hash Batches": 1,
                      "Peak Memory Usage": 11872,
                      "Plans": [
                        {
                          "Node Type": "Hash Join",
                          "Parent Relationship": "Outer",
                          "Parallel Aware": true,
                          "Join Type": "Inner",
                          "Startup Cost": 55715.26,
                          "Total Cost": 75850.76,
                          "Plan Rows": 65731,
                          "Plan Width": 8,
                          "Actual Startup Time": 301.999,
                          "Actual Total Time": 381.087,
                          "Actual Rows": 62415,
                          "Actual Loops": 4,
                          "Inner Unique": true,
                          "Hash Cond": "(mc.movie_id = t.id)",
                          "Plans": [
                            {
                              "Node Type": "Bitmap Heap Scan",
                              "Parent Relationship": "Outer",
                              "Parallel Aware": true,
                              "Relation Name": "movie_companies",
                              "Alias": "mc",
                              "Startup Cost": 5977.66,
                              "Total Cost": 25879.64,
                              "Plan Rows": 88958,
                              "Plan Width": 4,
                              "Actual Startup Time": 28.777,
                              "Actual Total Time": 61.603,
                              "Actual Rows": 67858,
                              "Actual Loops": 4,
                              "Recheck Cond": "(company_id < 145)",
                              "Rows Removed by Index Recheck": 0,
                              "Exact Heap Blocks": 6220,
                              "Lossy Heap Blocks": 0,
                              "Plans": [
                                {
                                  "Node Type": "Bitmap Index Scan",
                                  "Parent Relationship": "Outer",
                                  "Parallel Aware": false,
                                  "Index Name": "company_id_movie_companies",
                                  "Startup Cost": 0.0,
                                  "Total Cost": 5908.71,
                                  "Plan Rows": 275771,
                                  "Plan Width": 0,
                                  "Actual Startup Time": 24.605,
                                  "Actual Total Time": 24.605,
                                  "Actual Rows": 271432,
                                  "Actual Loops": 1,
                                  "Index Cond": "(company_id < 145)"
                                }
                              ]
                            },
                            {
                              "Node Type": "Hash",
                              "Parent Relationship": "Inner",
                              "Parallel Aware": true,
                              "Startup Cost": 43899.32,
                              "Total Cost": 43899.32,
                              "Plan Rows": 467063,
                              "Plan Width": 4,
                              "Actual Startup Time": 269.102,
                              "Actual Total Time": 269.103,
                              "Actual Rows": 466372,
                              "Actual Loops": 4,
                              "Hash Buckets": 2097152,
                              "Original Hash Buckets": 2097152,
                              "Hash Batches": 1,
                              "Original Hash Batches": 1,
                              "Peak Memory Usage": 89408,
                              "Plans": [
                                {
                                  "Node Type": "Seq Scan",
                                  "Parent Relationship": "Outer",
                                  "Parallel Aware": true,
                                  "Relation Name": "title",
                                  "Alias": "t",
                                  "Startup Cost": 0.0,
                                  "Total Cost": 43899.32,
                                  "Plan Rows": 467063,
                                  "Plan Width": 4,
                                  "Actual Startup Time": 0.025,
                                  "Actual Total Time": 108.176,
                                  "Actual Rows": 466372,
                                  "Actual Loops": 4,
                                  "Filter": "(kind_id > 1)",
                                  "Rows Removed by Filter": 165706
                                }
                              ]
                            }
                          ]
                        }
                      ]
                    }
                  ]
                }
              ]
            }
          ]
        }
      ]
    },
    "Planning Time": 0.548,
    "Triggers": [],
    "Execution Time": 657.731
  }
]