[
  {
    "Plan": {
      "Node Type": "Aggregate",
      "Strategy": "Plain",
      "Partial Mode": "Finalize",
      "Parallel Aware": false,
      "Startup Cost": 129202.07,
      "Total Cost": 129202.08,
      "Plan Rows": 1,
      "Plan Width": 8,
      "Actual Startup Time": 852.27,
      "Actual Total Time": 929.958,
      "Actual Rows": 1,
      "Actual Loops": 1,
      "Plans": [
        {
          "Node Type": "Gather",
          "Parent Relationship": "Outer",
          "Parallel Aware": false,
          "Startup Cost": 129201.75,
          "Total Cost": 129202.06,
          "Plan Rows": 3,
          "Plan Width": 8,
          "Actual Startup Time": 851.632,
          "Actual Total Time": 929.949,
          "Actual Rows": 4,
          "Actual Loops": 1,
          "Workers Planned": 3,
          "Workers Launched": 3,
          "Single Copy": false,
          "Plans": [
            {
              "Node Type": "Aggregate",
              "Strategy": "Plain",
              "Partial Mode": "Partial",
              "Parent Relationship": "Outer",
              "Parallel Aware": false,
              "Startup Cost": 128201.75,
              "Total Cost": 128201.76,
              "Plan Rows": 1,
              "Plan Width": 8,
              "Actual Startup Time": 841.559,
              "Actual Total Time": 841.563,
              "Actual Rows": 1,
              "Actual Loops": 4,
              "Plans": [
                {
                  "Node Type": "Nested Loop",
                  "Parent Relationship": "Outer",
                  "Parallel Aware": false,
                  "Join Type": "Inner",
                  "Startup Cost": 39000.97,
                  "Total Cost": 128108.35,
                  "Plan Rows": 37361,
                  "Plan Width": 0,
                  "Actual Startup Time": 94.24,
                  "Actual Total Time": 834.834,
                  "Actual Rows": 101750,
                  "Actual Loops": 4,
                  "Inner Unique": false,
                  "Join Filter": "(t.id = ci.movie_id)",
                  "Rows Removed by Join Filter": 0,
                  "Plans": [
                    {
                      "Node Type": "Hash Join",
                      "Parent Relationship": "Outer",
                      "Parallel Aware": true,
                      "Join Type": "Inner",
                      "Startup Cost": 39000.41,
                      "Total Cost": 69895.5,
                      "Plan Rows": 25692,
                      "Plan Width": 8,
                      "Actual Startup Time": 94.146,
                      "Actual Total Time": 216.15,
                      "Actual Rows": 27596,
                      "Actual Loops": 4,
                      "Inner Unique": true,
                      "Hash Cond": "(mc.movie_id = t.id)",
                      "Plans": [
                        {
                          "Node Type": "Seq Scan",
                          "Parent Relationship": "Outer",
                          "Parallel Aware": true,
                          "Relation Name": "movie_companies",
                          "Alias": "mc",
                          "Startup Cost": 0.0,
                          "Total Cost": 29310.68,
                          "Plan Rows": 603584,
                          "Plan Width": 4,
                          "Actual Startup Time": 0.018,
                          "Actual Total Time": 74.096,
                          "Actual Rows": 464172,
                          "Actual Loops": 4,
                          "Filter": "(company_id < 36616)",
                          "Rows Removed by Filter": 188110
                        },
                        {
                          "Node Type": "Hash",
                          "Parent Relationship": "Inner",
                          "Parallel Aware": true,
                          "Startup Cost": 38664.1,
                          "Total Cost": 38664.1,
                          "Plan Rows": 26905,
                          "Plan Width": 4,
                          "Actual Startup Time": 65.948,
                          "Actual Total Time": 65.95,
                          "Actual Rows": 27896,
                          "Actual Loops": 4,
                          "Hash Buckets": 131072,
                          "Original Hash Buckets": 131072,
                          "Hash Batches": 1,
                          "Original Hash Batches": 1,
                          "Peak Memory Usage": 5440,
                          "Plans": [
                            {
                              "Node Type": "Bitmap Heap Scan",
                              "Parent Relationship": "Outer",
                              "Parallel Aware": true,
                              "Relation Name": "title",
                              "Alias": "t",
                              "Startup Cost": 2207.84,
                              "Total Cost": 38664.1,
                              "Plan Rows": 26905,
                              "Plan Width": 4,
                              "Actual Startup Time": 14.055,
                              "Actual Total Time": 53.64,
                              "Actual Rows": 27896,
                              "Actual Loops": 4,
                              "Recheck Cond": "(kind_id = 4)",
                              "Rows Removed by Index Recheck": 0,
                              "Filter": "(production_year < 2012)",
                              "Rows Removed by Filter": 1662,
                              "Exact Heap Blocks": 5821,
                              "Lossy Heap Blocks": 0,
                              "Plans": [
                                {
                                  "Node Type": "Bitmap Index Scan",
                                  "Parent Relationship": "Outer",
                                  "Parallel Aware": false,
                                  "Index Name": "kind_id_title",
                                  "Startup Cost": 0.0,
                                  "Total Cost": 2180.94,
                                  "Plan Rows": 122201,
                                  "Plan Width": 0,
                                  "Actual Startup Time": 14.379,
                                  "Actual Total Time": 14.38,
                                  "Actual Rows": 118234,
                                  "Actual Loops": 1,
                                  "Index Cond": "(kind_id = 4)"
                                }
                              ]
                            }
                          ]
                        }
                      ]
                    },
                    {
                      "Node Type": "Index Scan",
                      "Parent Relationship": "Inner",
                      "Parallel Aware": false,
                      "Scan Direction": "Forward",
                      "Index Name": "movie_id_cast_info",
                      "Relation Name": "cast_info",
                      "Alias": "ci",
                      "Startup Cost": 0.56,
                      "Total Cost": 2.22,
                      "Plan Rows": 4,
                      "Plan Width": 4,
                      "Actual Startup Time": 0.007,
                      "Actual Total Time": 0.022,
                      "Actual Rows": 4,
                      "Actual Loops": 110386,
                      "Index Cond": "(movie_id = mc.movie_id)",
                      "Rows Removed by Index Recheck": 0,
                      "Filter": "((person_id < 1051032) AND (role_id = 1))",
                      "Rows Removed by Filter": 13
                    }
                  ]
                }
              ]
            }
          ]
        }
      ]
    },
    "Planning Time": 1.512,
    "Triggers": [],
    "Execution Time": 930.098
  }
]