[
  {
    "Plan": {
      "Node Type": "Aggregate",
      "Strategy": "Plain",
      "Partial Mode": "Finalize",
      "Parallel Aware": false,
      "Startup Cost": 127331.63,
      "Total Cost": 127331.64,
      "Plan Rows": 1,
      "Plan Width": 8,
      "Actual Startup Time": 128.822,
      "Actual Total Time": 142.361,
      "Actual Rows": 1,
      "Actual Loops": 1,
      "Plans": [
        {
          "Node Type": "Gather",
          "Parent Relationship": "Outer",
          "Parallel Aware": false,
          "Startup Cost": 127331.32,
          "Total Cost": 127331.63,
          "Plan Rows": 3,
          "Plan Width": 8,
          "Actual Startup Time": 128.578,
          "Actual Total Time": 142.354,
          "Actual Rows": 4,
          "Actual Loops": 1,
          "Workers Planned": 3,
          "Workers Launched": 3,
          "Single Copy": false,
          "Plans": [
            {
              "Node Type": "Aggregate",
              "Strategy": "Plain",
              "Partial Mode": "Partial",
              "Parent Relationship": "Outer",
              "Parallel Aware": false,
              "Startup Cost": 126331.32,
              "Total Cost": 126331.33,
              "Plan Rows": 1,
              "Plan Width": 8,
              "Actual Startup Time": 122.515,
              "Actual Total Time": 122.517,
              "Actual Rows": 1,
              "Actual Loops": 4,
              "Plans": [
                {
                  "Node Type": "Nested Loop",
                  "Parent Relationship": "Outer",
                  "Parallel Aware": false,
                  "Join Type": "Inner",
                  "Startup Cost": 547.24,
                  "Total Cost": 126306.19,
                  "Plan Rows": 10049,
                  "Plan Width": 0,
                  "Actual Startup Time": 1.1,
                  "Actual Total Time": 114.845,
                  "Actual Rows": 151060,
                  "Actual Loops": 4,
                  "Inner Unique": false,
                  "Plans": [
                    {
                      "Node Type": "Nested Loop",
                      "Parent Relationship": "Outer",
                      "Parallel Aware": false,
                      "Join Type": "Inner",
                      "Startup Cost": 546.81,
                      "Total Cost": 120343.74,
                      "Plan Rows": 9738,
                      "Plan Width": 8,
                      "Actual Startup Time": 0.991,
                      "Actual Total Time": 38.945,
                      "Actual Rows": 7545,
                      "Actual Loops": 4,
                      "Inner Unique": true,
                      "Plans": [
                        {
                          "Node Type": "Bitmap Heap Scan",
                          "Parent Relationship": "Outer",
                          "Parallel Aware": true,
                          "Relation Name": "movie_info",
                          "Alias": "mi",
                          "Startup Cost": 546.38,
                          "Total Cost": 76923.02,
                          "Plan Rows": 9738,
                          "Plan Width": 4,
                          "Actual Startup Time": 0.834,
                          "Actual Total Time": 6.399,
                          "Actual Rows": 7545,
                          "Actual Loops": 4,
                          "Recheck Cond": "(info_type_id = 110)",
                          "Rows Removed by Index Recheck": 0,
                          "Exact Heap Blocks": 1313,
                          "Lossy Heap Blocks": 0,
                          "Plans": [
                            {
                              "Node Type": "Bitmap Index Scan",
                              "Parent Relationship": "Outer",
                              "Parallel Aware": false,
                              "Index Name": "info_type_id_movie_info",
                              "Startup Cost": 0.0,
                              "Total Cost": 538.84,
                              "Plan Rows": 30187,
                              "Plan Width": 0,
                              "Actual Startup Time": 2.38,
                              "Actual Total Time": 2.381,
                              "Actual Rows": 30180,
                              "Actual Loops": 1,
                              "Index Cond": "(info_type_id = 110)"
                            }
                          ]
                        },
                        {
                          "Node Type": "Index Only Scan",
                          "Parent Relationship": "Inner",
                          "Parallel Aware": false,
                          "Scan Direction": "Forward",
                          "Index Name": "title_pkey",
                          "Relation Name": "title",
                          "Alias": "t",
                          "Startup Cost": 0.43,
                          "Total Cost": 4.46,
                          "Plan Rows": 1,
                          "Plan Width": 4,
                          "Actual Startup Time": 0.004,
                          "Actual Total Time": 0.004,
                          "Actual Rows": 1,
                          "Actual Loops": 30180,
                          "Index Cond": "(id = mi.movie_id)",
                          "Rows Removed by Index Recheck": 0,
                          "Heap Fetches": 30180
                        }
                      ]
                    },
                    {
                      "Node Type": "Index Only Scan",
                      "Parent Relationship": "Inner",
                      "Parallel Aware": false,
                      "Scan Direction": "Forward",
                      "Index Name": "movie_id_movie_companies",
                      "Relation Name": "movie_companies",
                      "Alias": "mc",
                      "Startup Cost": 0.43,
                      "Total Cost": 0.56,
                      "Plan Rows": 5,
                      "Plan Width": 4,
                      "Actual Startup Time": 0.004,
                      "Actual Total Time": 0.008,
                      "Actual Rows": 20,
                      "Actual Loops": 30180,
                      "Index Cond": "(movie_id = t.id)",
                      "Rows Removed by Index Recheck": 0,
                      "Heap Fetches": 604241
                    }
                  ]
                }
              ]
            }
          ]
        }
      ]
    },
    "Planning Time": 0.578,
    "Triggers": [],
    "Execution Time": 142.413
  }
]