{
  "Plan": {
    "Node Type": "Aggregate",
    "Strategy": "Plain",
    "Partial Mode": "Finalize",
    "Parallel Aware": false,
    "Startup Cost": 102957.51,
    "Total Cost": 102957.52,
    "Plan Rows": 1,
    "Plan Width": 8,
    "Actual Startup Time": 575.348,
    "Actual Total Time": 591.164,
    "Actual Rows": 1,
    "Actual Loops": 1,
    "Plans": [
      {
        "Node Type": "Gather",
        "Parent Relationship": "Outer",
        "Parallel Aware": false,
        "Startup Cost": 102957.4,
        "Total Cost": 102957.51,
        "Plan Rows": 1,
        "Plan Width": 8,
        "Actual Startup Time": 573.772,
        "Actual Total Time": 591.154,
        "Actual Rows": 2,
        "Actual Loops": 1,
        "Workers Planned": 1,
        "Workers Launched": 1,
        "Single Copy": false,
        "Plans": [
          {
            "Node Type": "Aggregate",
            "Strategy": "Plain",
            "Partial Mode": "Partial",
            "Parent Relationship": "Outer",
            "Parallel Aware": false,
            "Startup Cost": 101957.4,
            "Total Cost": 101957.41,
            "Plan Rows": 1,
            "Plan Width": 8,
            "Actual Startup Time": 568.139,
            "Actual Total Time": 568.143,
            "Actual Rows": 1,
            "Actual Loops": 2,
            "Plans": [
              {
                "Node Type": "Hash Join",
                "Parent Relationship": "Outer",
                "Parallel Aware": true,
                "Join Type": "Inner",
                "Startup Cost": 62852.49,
                "Total Cost": 101019.12,
                "Plan Rows": 375310,
                "Plan Width": 0,
                "Actual Startup Time": 225.208,
                "Actual Total Time": 548.522,
                "Actual Rows": 475982,
                "Actual Loops": 2,
                "Inner Unique": true,
                "Hash Cond": "(mc.movie_id = t.id)",
                "Plans": [
                  {
                    "Node Type": "Seq Scan",
                    "Parent Relationship": "Outer",
                    "Parallel Aware": true,
                    "Relation Name": "movie_companies",
                    "Alias": "mc",
                    "Startup Cost": 0.0,
                    "Total Cost": 34137.82,
                    "Plan Rows": 1534782,
                    "Plan Width": 4,
                    "Actual Startup Time": 0.013,
                    "Actual Total Time": 96.403,
                    "Actual Rows": 1304564,
                    "Actual Loops": 2
                  },
                  {
                    "Node Type": "Hash",
                    "Parent Relationship": "Inner",
                    "Parallel Aware": true,
                    "Startup Cost": 58306.47,
                    "Total Cost": 58306.47,
                    "Plan Rows": 363682,
                    "Plan Width": 4,
                    "Actual Startup Time": 216.21,
                    "Actual Total Time": 216.211,
                    "Actual Rows": 260188,
                    "Actual Loops": 2,
                    "Hash Buckets": 1048576,
                    "Original Hash Buckets": 1048576,
                    "Hash Batches": 1,
                    "Original Hash Batches": 1,
                    "Peak Memory Usage": 28576,
                    "Plans": [
                      {
                        "Node Type": "Seq Scan",
                        "Parent Relationship": "Outer",
                        "Parallel Aware": true,
                        "Relation Name": "title",
                        "Alias": "t",
                        "Startup Cost": 0.0,
                        "Total Cost": 58306.47,
                        "Plan Rows": 363682,
                        "Plan Width": 4,
                        "Actual Startup Time": 0.046,
                        "Actual Total Time": 148.561,
                        "Actual Rows": 260188,
                        "Actual Loops": 2,
                        "Filter": "((kind_id < 7) AND (production_year > 1996))",
                        "Rows Removed by Filter": 1003968
                      }
                    ]
                  }
                ]
              }
            ]
          }
        ]
      }
    ]
  },
  "Planning Time": 0.487,
  "Triggers": [],
  "Execution Time": 591.262
}