[
  {
    "Plan": {
      "Node Type": "Aggregate",
      "Strategy": "Plain",
      "Partial Mode": "Finalize",
      "Parallel Aware": false,
      "Startup Cost": 182007.87,
      "Total Cost": 182007.88,
      "Plan Rows": 1,
      "Plan Width": 8,
      "Actual Startup Time": 106.859,
      "Actual Total Time": 119.44,
      "Actual Rows": 1,
      "Actual Loops": 1,
      "Plans": [
        {
          "Node Type": "Gather",
          "Parent Relationship": "Outer",
          "Parallel Aware": false,
          "Startup Cost": 182007.45,
          "Total Cost": 182007.86,
          "Plan Rows": 4,
          "Plan Width": 8,
          "Actual Startup Time": 106.766,
          "Actual Total Time": 119.434,
          "Actual Rows": 5,
          "Actual Loops": 1,
          "Workers Planned": 4,
          "Workers Launched": 4,
          "Single Copy": false,
          "Plans": [
            {
              "Node Type": "Aggregate",
              "Strategy": "Plain",
              "Partial Mode": "Partial",
              "Parent Relationship": "Outer",
              "Parallel Aware": false,
              "Startup Cost": 181007.45,
              "Total Cost": 181007.46,
              "Plan Rows": 1,
              "Plan Width": 8,
              "Actual Startup Time": 101.462,
              "Actual Total Time": 101.463,
              "Actual Rows": 1,
              "Actual Loops": 5,
              "Plans": [
                {
                  "Node Type": "Nested Loop",
                  "Parent Relationship": "Outer",
                  "Parallel Aware": false,
                  "Join Type": "Inner",
                  "Startup Cost": 0.43,
                  "Total Cost": 180994.33,
                  "Plan Rows": 5248,
                  "Plan Width": 0,
                  "Actual Startup Time": 1.531,
                  "Actual Total Time": 100.763,
                  "Actual Rows": 8988,
                  "Actual Loops": 5,
                  "Inner Unique": false,
                  "Plans": [
                    {
                      "Node Type": "Seq Scan",
                      "Parent Relationship": "Outer",
                      "Parallel Aware": true,
                      "Relation Name": "title",
                      "Alias": "t",
                      "Startup Cost": 0.0,
                      "Total Cost": 45479.21,
                      "Plan Rows": 1394,
                      "Plan Width": 4,
                      "Actual Startup Time": 1.405,
                      "Actual Total Time": 66.095,
                      "Actual Rows": 1239,
                      "Actual Loops": 5,
                      "Filter": "((kind_id < 7) AND (production_year = 1975))",
                      "Rows Removed by Filter": 504423
                    },
                    {
                      "Node Type": "Index Scan",
                      "Parent Relationship": "Inner",
                      "Parallel Aware": false,
                      "Scan Direction": "Forward",
                      "Index Name": "movie_id_movie_info",
                      "Relation Name": "movie_info",
                      "Alias": "mi",
                      "Startup Cost": 0.43,
                      "Total Cost": 96.96,
                      "Plan Rows": 25,
                      "Plan Width": 4,
                      "Actual Startup Time": 0.011,
                      "Actual Total Time": 0.027,
                      "Actual Rows": 7,
                      "Actual Loops": 6196,
                      "Index Cond": "(movie_id = t.id)",
                      "Rows Removed by Index Recheck": 0,
                      "Filter": "(info_type_id < 16)",
                      "Rows Removed by Filter": 3
                    }
                  ]
                }
              ]
            }
          ]
        }
      ]
    },
    "Planning Time": 0.202,
    "Triggers": [],
    "Execution Time": 119.469
  }
]