[
  {
    "Plan": {
      "Node Type": "Aggregate",
      "Strategy": "Plain",
      "Partial Mode": "Finalize",
      "Parallel Aware": false,
      "Startup Cost": 77548.26,
      "Total Cost": 77548.27,
      "Plan Rows": 1,
      "Plan Width": 8,
      "Actual Startup Time": 183.16,
      "Actual Total Time": 201.373,
      "Actual Rows": 1,
      "Actual Loops": 1,
      "Plans": [
        {
          "Node Type": "Gather",
          "Parent Relationship": "Outer",
          "Parallel Aware": false,
          "Startup Cost": 77547.84,
          "Total Cost": 77548.25,
          "Plan Rows": 4,
          "Plan Width": 8,
          "Actual Startup Time": 181.976,
          "Actual Total Time": 201.363,
          "Actual Rows": 5,
          "Actual Loops": 1,
          "Workers Planned": 4,
          "Workers Launched": 4,
          "Single Copy": false,
          "Plans": [
            {
              "Node Type": "Aggregate",
              "Strategy": "Plain",
              "Partial Mode": "Partial",
              "Parent Relationship": "Outer",
              "Parallel Aware": false,
              "Startup Cost": 76547.84,
              "Total Cost": 76547.85,
              "Plan Rows": 1,
              "Plan Width": 8,
              "Actual Startup Time": 171.921,
              "Actual Total Time": 171.97,
              "Actual Rows": 1,
              "Actual Loops": 5,
              "Plans": [
                {
                  "Node Type": "Nested Loop",
                  "Parent Relationship": "Outer",
                  "Parallel Aware": false,
                  "Join Type": "Inner",
                  "Startup Cost": 45759.6,
                  "Total Cost": 76538.49,
                  "Plan Rows": 3740,
                  "Plan Width": 0,
                  "Actual Startup Time": 101.993,
                  "Actual Total Time": 170.631,
                  "Actual Rows": 30533,
                  "Actual Loops": 5,
                  "Inner Unique": false,
                  "Join Filter": "(t.id = mk.movie_id)",
                  "Rows Removed by Join Filter": 0,
                  "Plans": [
                    {
                      "Node Type": "Hash Join",
                      "Parent Relationship": "Outer",
                      "Parallel Aware": true,
                      "Join Type": "Inner",
                      "Startup Cost": 45759.16,
                      "Total Cost": 71198.34,
                      "Plan Rows": 2090,
                      "Plan Width": 8,
                      "Actual Startup Time": 101.737,
                      "Actual Total Time": 136.381,
                      "Actual Rows": 3425,
                      "Actual Loops": 5,
                      "Inner Unique": true,
                      "Hash Cond": "(ci.movie_id = t.id)",
                      "Plans": [
                        {
                          "Node Type": "Index Scan",
                          "Parent Relationship": "Outer",
                          "Parallel Aware": true,
                          "Scan Direction": "Forward",
                          "Index Name": "role_id_cast_info",
                          "Relation Name": "cast_info",
                          "Alias": "ci",
                          "Startup Cost": 0.56,
                          "Total Cost": 25284.63,
                          "Plan Rows": 59090,
                          "Plan Width": 4,
                          "Actual Startup Time": 0.286,
                          "Actual Total Time": 26.745,
                          "Actual Rows": 25355,
                          "Actual Loops": 5,
                          "Index Cond": "(role_id = 5)",
                          "Rows Removed by Index Recheck": 0,
                          "Filter": "(person_id < 938394)",
                          "Rows Removed by Filter": 154323
                        },
                        {
                          "Node Type": "Hash",
                          "Parent Relationship": "Inner",
                          "Parallel Aware": true,
                          "Startup Cost": 45479.1,
                          "Total Cost": 45479.1,
                          "Plan Rows": 22360,
                          "Plan Width": 4,
                          "Actual Startup Time": 99.776,
                          "Actual Total Time": 99.777,
                          "Actual Rows": 44431,
                          "Actual Loops": 5,
                          "Hash Buckets": 262144,
                          "Original Hash Buckets": 131072,
                          "Hash Batches": 1,
                          "Original Hash Batches": 1,
                          "Peak Memory Usage": 11840,
                          "Plans": [
                            {
                              "Node Type": "Seq Scan",
                              "Parent Relationship": "Outer",
                              "Parallel Aware": true,
                              "Relation Name": "title",
                              "Alias": "t",
                              "Startup Cost": 0.0,
                              "Total Cost": 45479.1,
                              "Plan Rows": 22360,
                              "Plan Width": 4,
                              "Actual Startup Time": 52.158,
                              "Actual Total Time": 82.719,
                              "Actual Rows": 44431,
                              "Actual Loops": 5,
                              "Filter": "((production_year < 1969) AND (kind_id = 1))",
                              "Rows Removed by Filter": 461232
                            }
                          ]
                        }
                      ]
                    },
                    {
                      "Node Type": "Index Only Scan",
                      "Parent Relationship": "Inner",
                      "Parallel Aware": false,
                      "Scan Direction": "Forward",
                      "Index Name": "movie_id_movie_keyword",
                      "Relation Name": "movie_keyword",
                      "Alias": "mk",
                      "Startup Cost": 0.43,
                      "Total Cost": 1.99,
                      "Plan Rows": 45,
                      "Plan Width": 4,
                      "Actual Startup Time": 0.008,
                      "Actual Total Time": 0.009,
                      "Actual Rows": 9,
                      "Actual Loops": 17123,
                      "Index Cond": "(movie_id = ci.movie_id)",
                      "Rows Removed by Index Recheck": 0,
                      "Heap Fetches": 152667
                    }
                  ]
                }
              ]
            }
          ]
        }
      ]
    },
    "Planning Time": 1.378,
    "Triggers": [],
    "Execution Time": 201.465
  }
]