[
  {
    "Plan": {
      "Node Type": "Aggregate",
      "Strategy": "Plain",
      "Partial Mode": "Finalize",
      "Parallel Aware": false,
      "Startup Cost": 373460.33,
      "Total Cost": 373460.34,
      "Plan Rows": 1,
      "Plan Width": 8,
      "Actual Startup Time": 787.842,
      "Actual Total Time": 809.273,
      "Actual Rows": 1,
      "Actual Loops": 1,
      "Plans": [
        {
          "Node Type": "Gather",
          "Parent Relationship": "Outer",
          "Parallel Aware": false,
          "Startup Cost": 373460.01,
          "Total Cost": 373460.32,
          "Plan Rows": 3,
          "Plan Width": 8,
          "Actual Startup Time": 776.128,
          "Actual Total Time": 809.265,
          "Actual Rows": 4,
          "Actual Loops": 1,
          "Workers Planned": 3,
          "Workers Launched": 3,
          "Single Copy": false,
          "Plans": [
            {
              "Node Type": "Aggregate",
              "Strategy": "Plain",
              "Partial Mode": "Partial",
              "Parent Relationship": "Outer",
              "Parallel Aware": false,
              "Startup Cost": 372460.01,
              "Total Cost": 372460.02,
              "Plan Rows": 1,
              "Plan Width": 8,
              "Actual Startup Time": 765.587,
              "Actual Total Time": 765.593,
              "Actual Rows": 1,
              "Actual Loops": 4,
              "Plans": [
                {
                  "Node Type": "Hash Join",
                  "Parent Relationship": "Outer",
                  "Parallel Aware": true,
                  "Join Type": "Inner",
                  "Startup Cost": 323823.22,
                  "Total Cost": 371789.7,
                  "Plan Rows": 268126,
                  "Plan Width": 0,
                  "Actual Startup Time": 519.667,
                  "Actual Total Time": 756.341,
                  "Actual Rows": 186633,
                  "Actual Loops": 4,
                  "Inner Unique": false,
                  "Hash Cond": "(mk.movie_id = t.id)",
                  "Plans": [
                    {
                      "Node Type": "Seq Scan",
                      "Parent Relationship": "Outer",
                      "Parallel Aware": true,
                      "Relation Name": "movie_keyword",
                      "Alias": "mk",
                      "Startup Cost": 0.0,
                      "Total Cost": 42695.65,
                      "Plan Rows": 1286384,
                      "Plan Width": 4,
                      "Actual Startup Time": 0.053,
                      "Actual Total Time": 129.42,
                      "Actual Rows": 994106,
                      "Actual Loops": 4,
                      "Filter": "(keyword_id > 393)",
                      "Rows Removed by Filter": 136876
                    },
                    {
                      "Node Type": "Hash",
                      "Parent Relationship": "Inner",
                      "Parallel Aware": true,
                      "Startup Cost": 322725.35,
                      "Total Cost": 322725.35,
                      "Plan Rows": 87830,
                      "Plan Width": 8,
                      "Actual Startup Time": 514.976,
                      "Actual Total Time": 514.981,
                      "Actual Rows": 133441,
                      "Actual Loops": 4,
                      "Hash Buckets": 1048576,
                      "Original Hash Buckets": 1048576,
                      "Hash Batches": 1,
                      "Original Hash Batches": 1,
                      "Peak Memory Usage": 29152,
                      "Plans": [
                        {
                          "Node Type": "Hash Join",
                          "Parent Relationship": "Outer",
                          "Parallel Aware": true,
                          "Join Type": "Inner",
                          "Startup Cost": 67852.94,
                          "Total Cost": 322725.35,
                          "Plan Rows": 87830,
                          "Plan Width": 8,
                          "Actual Startup Time": 315.152,
                          "Actual Total Time": 460.525,
                          "Actual Rows": 133441,
                          "Actual Loops": 4,
                          "Inner Unique": true,
                          "Hash Cond": "(ci.movie_id = t.id)",
                          "Plans": [
                            {
                              "Node Type": "Bitmap Heap Scan",
                              "Parent Relationship": "Outer",
                              "Parallel Aware": true,
                              "Relation Name": "cast_info",
                              "Alias": "ci",
                              "Startup Cost": 19151.33,
                              "Total Cost": 273644.45,
                              "Plan Rows": 144490,
                              "Plan Width": 4,
                              "Actual Startup Time": 46.133,
                              "Actual Total Time": 85.831,
                              "Actual Rows": 208772,
                              "Actual Loops": 4,
                              "Recheck Cond": "(person_id > 3901434)",
                              "Rows Removed by Index Recheck": 0,
                              "Exact Heap Blocks": 3579,
                              "Lossy Heap Blocks": 0,
                              "Plans": [
                                {
                                  "Node Type": "Bitmap Index Scan",
                                  "Parent Relationship": "Outer",
                                  "Parallel Aware": false,
                                  "Index Name": "person_id_cast_info",
                                  "Startup Cost": 0.0,
                                  "Total Cost": 18934.59,
                                  "Plan Rows": 866937,
                                  "Plan Width": 0,
                                  "Actual Startup Time": 43.427,
                                  "Actual Total Time": 43.427,
                                  "Actual Rows": 835090,
                                  "Actual Loops": 1,
                                  "Index Cond": "(person_id > 3901434)"
                                }
                              ]
                            },
                            {
                              "Node Type": "Hash",
                              "Parent Relationship": "Inner",
                              "Parallel Aware": true,
                              "Startup Cost": 43898.92,
                              "Total Cost": 43898.92,
                              "Plan Rows": 384216,
                              "Plan Width": 4,
                              "Actual Startup Time": 264.486,
                              "Actual Total Time": 264.487,
                              "Actual Rows": 385816,
                              "Actual Loops": 4,
                              "Hash Buckets": 2097152,
                              "Original Hash Buckets": 2097152,
                              "Hash Batches": 1,
                              "Original Hash Batches": 1,
                              "Peak Memory Usage": 76832,
                              "Plans": [
                                {
                                  "Node Type": "Seq Scan",
                                  "Parent Relationship": "Outer",
                                  "Parallel Aware": true,
                                  "Relation Name": "title",
                                  "Alias": "t",
                                  "Startup Cost": 0.0,
                                  "Total Cost": 43898.92,
                                  "Plan Rows": 384216,
                                  "Plan Width": 4,
                                  "Actual Startup Time": 0.052,
                                  "Actual Total Time": 113.763,
                                  "Actual Rows": 385816,
                                  "Actual Loops": 4,
                                  "Filter": "(kind_id = 7)",
                                  "Rows Removed by Filter": 246262
                                }
                              ]
                            }
                          ]
                        }
                      ]
                    }
                  ]
                }
              ]
            }
          ]
        }
      ]
    },
    "Planning Time": 1.343,
    "Triggers": [],
    "Execution Time": 809.384
  }
]