[
  {
    "Plan": {
      "Node Type": "Aggregate",
      "Strategy": "Plain",
      "Partial Mode": "Finalize",
      "Parallel Aware": false,
      "Startup Cost": 42646.38,
      "Total Cost": 42646.39,
      "Plan Rows": 1,
      "Plan Width": 8,
      "Actual Startup Time": 55.271,
      "Actual Total Time": 65.362,
      "Actual Rows": 1,
      "Actual Loops": 1,
      "Plans": [
        {
          "Node Type": "Gather",
          "Parent Relationship": "Outer",
          "Parallel Aware": false,
          "Startup Cost": 42645.96,
          "Total Cost": 42646.37,
          "Plan Rows": 4,
          "Plan Width": 8,
          "Actual Startup Time": 54.805,
          "Actual Total Time": 65.357,
          "Actual Rows": 5,
          "Actual Loops": 1,
          "Workers Planned": 4,
          "Workers Launched": 4,
          "Single Copy": false,
          "Plans": [
            {
              "Node Type": "Aggregate",
              "Strategy": "Plain",
              "Partial Mode": "Partial",
              "Parent Relationship": "Outer",
              "Parallel Aware": false,
              "Startup Cost": 41645.96,
              "Total Cost": 41645.97,
              "Plan Rows": 1,
              "Plan Width": 8,
              "Actual Startup Time": 47.945,
              "Actual Total Time": 47.946,
              "Actual Rows": 1,
              "Actual Loops": 5,
              "Plans": [
                {
                  "Node Type": "Nested Loop",
                  "Parent Relationship": "Outer",
                  "Parallel Aware": false,
                  "Join Type": "Inner",
                  "Startup Cost": 1698.25,
                  "Total Cost": 41644.31,
                  "Plan Rows": 660,
                  "Plan Width": 0,
                  "Actual Startup Time": 7.996,
                  "Actual Total Time": 47.861,
                  "Actual Rows": 1035,
                  "Actual Loops": 5,
                  "Inner Unique": false,
                  "Plans": [
                    {
                      "Node Type": "Bitmap Heap Scan",
                      "Parent Relationship": "Outer",
                      "Parallel Aware": true,
                      "Relation Name": "title",
                      "Alias": "t",
                      "Startup Cost": 1697.82,
                      "Total Cost": 38052.33,
                      "Plan Rows": 374,
                      "Plan Width": 4,
                      "Actual Startup Time": 7.615,
                      "Actual Total Time": 43.503,
                      "Actual Rows": 365,
                      "Actual Loops": 5,
                      "Recheck Cond": "(kind_id = 2)",
                      "Rows Removed by Index Recheck": 0,
                      "Filter": "(production_year = 1997)",
                      "Rows Removed by Filter": 17805,
                      "Exact Heap Blocks": 12312,
                      "Lossy Heap Blocks": 0,
                      "Plans": [
                        {
                          "Node Type": "Bitmap Index Scan",
                          "Parent Relationship": "Outer",
                          "Parallel Aware": false,
                          "Index Name": "kind_id_title",
                          "Startup Cost": 0.0,
                          "Total Cost": 1697.45,
                          "Plan Rows": 95069,
                          "Plan Width": 0,
                          "Actual Startup Time": 8.287,
                          "Actual Total Time": 8.288,
                          "Actual Rows": 90852,
                          "Actual Loops": 1,
                          "Index Cond": "(kind_id = 2)"
                        }
                      ]
                    },
                    {
                      "Node Type": "Index Scan",
                      "Parent Relationship": "Inner",
                      "Parallel Aware": false,
                      "Scan Direction": "Forward",
                      "Index Name": "movie_id_movie_keyword",
                      "Relation Name": "movie_keyword",
                      "Alias": "mk",
                      "Startup Cost": 0.43,
                      "Total Cost": 9.15,
                      "Plan Rows": 45,
                      "Plan Width": 4,
                      "Actual Startup Time": 0.01,
                      "Actual Total Time": 0.011,
                      "Actual Rows": 3,
                      "Actual Loops": 1825,
                      "Index Cond": "(movie_id = t.id)",
                      "Rows Removed by Index Recheck": 0,
                      "Filter": "(keyword_id < 96110)",
                      "Rows Removed by Filter": 0
                    }
                  ]
                }
              ]
            }
          ]
        }
      ]
    },
    "Planning Time": 0.3,
    "Triggers": [],
    "Execution Time": 65.404
  }
]