[
  {
    "Plan": {
      "Node Type": "Aggregate",
      "Strategy": "Plain",
      "Partial Mode": "Finalize",
      "Parallel Aware": false,
      "Startup Cost": 53775.87,
      "Total Cost": 53775.88,
      "Plan Rows": 1,
      "Plan Width": 8,
      "Actual Startup Time": 104.299,
      "Actual Total Time": 117.656,
      "Actual Rows": 1,
      "Actual Loops": 1,
      "Plans": [
        {
          "Node Type": "Gather",
          "Parent Relationship": "Outer",
          "Parallel Aware": false,
          "Startup Cost": 53775.45,
          "Total Cost": 53775.86,
          "Plan Rows": 4,
          "Plan Width": 8,
          "Actual Startup Time": 104.171,
          "Actual Total Time": 117.649,
          "Actual Rows": 5,
          "Actual Loops": 1,
          "Workers Planned": 4,
          "Workers Launched": 4,
          "Single Copy": false,
          "Plans": [
            {
              "Node Type": "Aggregate",
              "Strategy": "Plain",
              "Partial Mode": "Partial",
              "Parent Relationship": "Outer",
              "Parallel Aware": false,
              "Startup Cost": 52775.45,
              "Total Cost": 52775.46,
              "Plan Rows": 1,
              "Plan Width": 8,
              "Actual Startup Time": 94.695,
              "Actual Total Time": 94.697,
              "Actual Rows": 1,
              "Actual Loops": 5,
              "Plans": [
                {
                  "Node Type": "Nested Loop",
                  "Parent Relationship": "Outer",
                  "Parallel Aware": false,
                  "Join Type": "Inner",
                  "Startup Cost": 0.43,
                  "Total Cost": 52773.49,
                  "Plan Rows": 782,
                  "Plan Width": 0,
                  "Actual Startup Time": 64.734,
                  "Actual Total Time": 94.674,
                  "Actual Rows": 138,
                  "Actual Loops": 5,
                  "Inner Unique": false,
                  "Plans": [
                    {
                      "Node Type": "Seq Scan",
                      "Parent Relationship": "Outer",
                      "Parallel Aware": true,
                      "Relation Name": "title",
                      "Alias": "t",
                      "Startup Cost": 0.0,
                      "Total Cost": 43898.92,
                      "Plan Rows": 1433,
                      "Plan Width": 4,
                      "Actual Startup Time": 62.788,
                      "Actual Total Time": 88.103,
                      "Actual Rows": 1167,
                      "Actual Loops": 5,
                      "Filter": "(production_year = 1916)",
                      "Rows Removed by Filter": 504495
                    },
                    {
                      "Node Type": "Index Only Scan",
                      "Parent Relationship": "Inner",
                      "Parallel Aware": false,
                      "Scan Direction": "Forward",
                      "Index Name": "movie_id_movie_info_idx",
                      "Relation Name": "movie_info_idx",
                      "Alias": "mi_idx",
                      "Startup Cost": 0.43,
                      "Total Cost": 6.16,
                      "Plan Rows": 3,
                      "Plan Width": 4,
                      "Actual Startup Time": 0.005,
                      "Actual Total Time": 0.005,
                      "Actual Rows": 0,
                      "Actual Loops": 5835,
                      "Index Cond": "(movie_id = t.id)",
                      "Rows Removed by Index Recheck": 0,
                      "Heap Fetches": 690
                    }
                  ]
                }
              ]
            }
          ]
        }
      ]
    },
    "Planning Time": 0.622,
    "Triggers": [],
    "Execution Time": 117.726
  }
]