[
  {
    "Plan": {
      "Node Type": "Aggregate",
      "Strategy": "Plain",
      "Partial Mode": "Finalize",
      "Parallel Aware": false,
      "Startup Cost": 32693.09,
      "Total Cost": 32693.1,
      "Plan Rows": 1,
      "Plan Width": 8,
      "Actual Startup Time": 91.606,
      "Actual Total Time": 99.162,
      "Actual Rows": 1,
      "Actual Loops": 1,
      "Plans": [
        {
          "Node Type": "Gather",
          "Parent Relationship": "Outer",
          "Parallel Aware": false,
          "Startup Cost": 32692.77,
          "Total Cost": 32693.08,
          "Plan Rows": 3,
          "Plan Width": 8,
          "Actual Startup Time": 91.446,
          "Actual Total Time": 99.153,
          "Actual Rows": 4,
          "Actual Loops": 1,
          "Workers Planned": 3,
          "Workers Launched": 3,
          "Single Copy": false,
          "Plans": [
            {
              "Node Type": "Aggregate",
              "Strategy": "Plain",
              "Partial Mode": "Partial",
              "Parent Relationship": "Outer",
              "Parallel Aware": false,
              "Startup Cost": 31692.77,
              "Total Cost": 31692.78,
              "Plan Rows": 1,
              "Plan Width": 8,
              "Actual Startup Time": 82.756,
              "Actual Total Time": 82.757,
              "Actual Rows": 1,
              "Actual Loops": 4,
              "Plans": [
                {
                  "Node Type": "Seq Scan",
                  "Parent Relationship": "Outer",
                  "Parallel Aware": true,
                  "Relation Name": "movie_companies",
                  "Alias": "mc",
                  "Startup Cost": 0.0,
                  "Total Cost": 31414.82,
                  "Plan Rows": 111181,
                  "Plan Width": 0,
                  "Actual Startup Time": 50.321,
                  "Actual Total Time": 80.46,
                  "Actual Rows": 47474,
                  "Actual Loops": 4,
                  "Filter": "((company_id < 1049) AND (company_type_id = 2))",
                  "Rows Removed by Filter": 604808
                }
              ]
            }
          ]
        }
      ]
    },
    "Planning Time": 0.192,
    "Triggers": [],
    "Execution Time": 99.21
  }
]