{
  "Plan": {
    "Node Type": "Aggregate",
    "Strategy": "Plain",
    "Partial Mode": "Finalize",
    "Parallel Aware": false,
    "Startup Cost": 123099.38,
    "Total Cost": 123099.39,
    "Plan Rows": 1,
    "Plan Width": 8,
    "Actual Startup Time": 522.47,
    "Actual Total Time": 538.045,
    "Actual Rows": 1,
    "Actual Loops": 1,
    "Plans": [
      {
        "Node Type": "Gather",
        "Parent Relationship": "Outer",
        "Parallel Aware": false,
        "Startup Cost": 123099.27,
        "Total Cost": 123099.38,
        "Plan Rows": 1,
        "Plan Width": 8,
        "Actual Startup Time": 521.469,
        "Actual Total Time": 538.039,
        "Actual Rows": 2,
        "Actual Loops": 1,
        "Workers Planned": 1,
        "Workers Launched": 1,
        "Single Copy": false,
        "Plans": [
          {
            "Node Type": "Aggregate",
            "Strategy": "Plain",
            "Partial Mode": "Partial",
            "Parent Relationship": "Outer",
            "Parallel Aware": false,
            "Startup Cost": 122099.27,
            "Total Cost": 122099.28,
            "Plan Rows": 1,
            "Plan Width": 8,
            "Actual Startup Time": 515.154,
            "Actual Total Time": 515.158,
            "Actual Rows": 1,
            "Actual Loops": 2,
            "Plans": [
              {
                "Node Type": "Hash Join",
                "Parent Relationship": "Outer",
                "Parallel Aware": true,
                "Join Type": "Inner",
                "Startup Cost": 59746.92,
                "Total Cost": 121388.33,
                "Plan Rows": 284378,
                "Plan Width": 0,
                "Actual Startup Time": 188.77,
                "Actual Total Time": 499.746,
                "Actual Rows": 384482,
                "Actual Loops": 2,
                "Inner Unique": true,
                "Hash Cond": "(mk.movie_id = t.id)",
                "Plans": [
                  {
                    "Node Type": "Seq Scan",
                    "Parent Relationship": "Outer",
                    "Parallel Aware": true,
                    "Relation Name": "movie_keyword",
                    "Alias": "mk",
                    "Startup Cost": 0.0,
                    "Total Cost": 57718.19,
                    "Plan Rows": 1494552,
                    "Plan Width": 4,
                    "Actual Startup Time": 0.33,
                    "Actual Total Time": 182.032,
                    "Actual Rows": 1265408,
                    "Actual Loops": 2,
                    "Filter": "(keyword_id > 3520)",
                    "Rows Removed by Filter": 996556
                  },
                  {
                    "Node Type": "Hash",
                    "Parent Relationship": "Inner",
                    "Parallel Aware": true,
                    "Startup Cost": 56209.61,
                    "Total Cost": 56209.61,
                    "Plan Rows": 282985,
                    "Plan Width": 4,
                    "Actual Startup Time": 183.224,
                    "Actual Total Time": 183.226,
                    "Actual Rows": 184220,
                    "Actual Loops": 2,
                    "Hash Buckets": 524288,
                    "Original Hash Buckets": 524288,
                    "Hash Batches": 1,
                    "Original Hash Batches": 1,
                    "Peak Memory Usage": 18528,
                    "Plans": [
                      {
                        "Node Type": "Bitmap Heap Scan",
                        "Parent Relationship": "Outer",
                        "Parallel Aware": true,
                        "Relation Name": "title",
                        "Alias": "t",
                        "Startup Cost": 13559.23,
                        "Total Cost": 56209.61,
                        "Plan Rows": 282985,
                        "Plan Width": 4,
                        "Actual Startup Time": 45.941,
                        "Actual Total Time": 143.391,
                        "Actual Rows": 184220,
                        "Actual Loops": 2,
                        "Recheck Cond": "(kind_id < 3)",
                        "Rows Removed by Index Recheck": 0,
                        "Filter": "(production_year > 1995)",
                        "Rows Removed by Filter": 192619,
                        "Exact Heap Blocks": 26189,
                        "Lossy Heap Blocks": 0,
                        "Plans": [
                          {
                            "Node Type": "Bitmap Index Scan",
                            "Parent Relationship": "Outer",
                            "Parallel Aware": false,
                            "Index Name": "kind_id_title",
                            "Startup Cost": 0.0,
                            "Total Cost": 13438.96,
                            "Plan Rows": 753937,
                            "Plan Width": 0,
                            "Actual Startup Time": 40.413,
                            "Actual Total Time": 40.413,
                            "Actual Rows": 753677,
                            "Actual Loops": 1,
                            "Index Cond": "(kind_id < 3)"
                          }
                        ]
                      }
                    ]
                  }
                ]
              }
            ]
          }
        ]
      }
    ]
  },
  "Planning Time": 0.621,
  "Triggers": [],
  "Execution Time": 538.128
}