[
  {
    "Plan": {
      "Node Type": "Aggregate",
      "Strategy": "Plain",
      "Partial Mode": "Finalize",
      "Parallel Aware": false,
      "Startup Cost": 339685.61,
      "Total Cost": 339685.62,
      "Plan Rows": 1,
      "Plan Width": 8,
      "Actual Startup Time": 921.516,
      "Actual Total Time": 986.789,
      "Actual Rows": 1,
      "Actual Loops": 1,
      "Plans": [
        {
          "Node Type": "Gather",
          "Parent Relationship": "Outer",
          "Parallel Aware": false,
          "Startup Cost": 339684.98,
          "Total Cost": 339685.59,
          "Plan Rows": 6,
          "Plan Width": 8,
          "Actual Startup Time": 921.314,
          "Actual Total Time": 986.774,
          "Actual Rows": 7,
          "Actual Loops": 1,
          "Workers Planned": 6,
          "Workers Launched": 6,
          "Single Copy": false,
          "Plans": [
            {
              "Node Type": "Aggregate",
              "Strategy": "Plain",
              "Partial Mode": "Partial",
              "Parent Relationship": "Outer",
              "Parallel Aware": false,
              "Startup Cost": 338684.98,
              "Total Cost": 338684.99,
              "Plan Rows": 1,
              "Plan Width": 8,
              "Actual Startup Time": 913.63,
              "Actual Total Time": 913.633,
              "Actual Rows": 1,
              "Actual Loops": 7,
              "Plans": [
                {
                  "Node Type": "Seq Scan",
                  "Parent Relationship": "Outer",
                  "Parallel Aware": true,
                  "Relation Name": "cast_info",
                  "Alias": "ci",
                  "Startup Cost": 0.0,
                  "Total Cost": 328211.39,
                  "Plan Rows": 4189437,
                  "Plan Width": 0,
                  "Actual Startup Time": 0.045,
                  "Actual Total Time": 717.852,
                  "Actual Rows": 3606809,
                  "Actual Loops": 7,
                  "Filter": "(person_id < 2604792)",
                  "Rows Removed by Filter": 1570954
                }
              ]
            }
          ]
        }
      ]
    },
    "Planning Time": 0.081,
    "Triggers": [],
    "Execution Time": 986.835
  }
]