[
  {
    "Plan": {
      "Node Type": "Aggregate",
      "Strategy": "Plain",
      "Partial Mode": "Finalize",
      "Parallel Aware": false,
      "Startup Cost": 347220.8,
      "Total Cost": 347220.82,
      "Plan Rows": 1,
      "Plan Width": 8,
      "Actual Startup Time": 663.469,
      "Actual Total Time": 712.655,
      "Actual Rows": 1,
      "Actual Loops": 1,
      "Plans": [
        {
          "Node Type": "Gather",
          "Parent Relationship": "Outer",
          "Parallel Aware": false,
          "Startup Cost": 347220.18,
          "Total Cost": 347220.79,
          "Plan Rows": 6,
          "Plan Width": 8,
          "Actual Startup Time": 663.235,
          "Actual Total Time": 712.64,
          "Actual Rows": 7,
          "Actual Loops": 1,
          "Workers Planned": 6,
          "Workers Launched": 6,
          "Single Copy": false,
          "Plans": [
            {
              "Node Type": "Aggregate",
              "Strategy": "Plain",
              "Partial Mode": "Partial",
              "Parent Relationship": "Outer",
              "Parallel Aware": false,
              "Startup Cost": 346220.18,
              "Total Cost": 346220.19,
              "Plan Rows": 1,
              "Plan Width": 8,
              "Actual Startup Time": 656.288,
              "Actual Total Time": 656.291,
              "Actual Rows": 1,
              "Actual Loops": 7,
              "Plans": [
                {
                  "Node Type": "Seq Scan",
                  "Parent Relationship": "Outer",
                  "Parallel Aware": true,
                  "Relation Name": "cast_info",
                  "Alias": "ci",
                  "Startup Cost": 0.0,
                  "Total Cost": 343316.27,
                  "Plan Rows": 1161564,
                  "Plan Width": 0,
                  "Actual Startup Time": 226.685,
                  "Actual Total Time": 634.721,
                  "Actual Rows": 431216,
                  "Actual Loops": 7,
                  "Filter": "((person_id < 1056870) AND (role_id > 1))",
                  "Rows Removed by Filter": 4746548
                }
              ]
            }
          ]
        }
      ]
    },
    "Planning Time": 0.088,
    "Triggers": [],
    "Execution Time": 712.697
  }
]