{
  "Plan": {
    "Node Type": "Aggregate",
    "Strategy": "Plain",
    "Partial Mode": "Finalize",
    "Parallel Aware": false,
    "Startup Cost": 817679.06,
    "Total Cost": 817679.07,
    "Plan Rows": 1,
    "Plan Width": 8,
    "Actual Startup Time": 7563.728,
    "Actual Total Time": 7635.802,
    "Actual Rows": 1,
    "Actual Loops": 1,
    "Plans": [
      {
        "Node Type": "Gather",
        "Parent Relationship": "Outer",
        "Parallel Aware": false,
        "Startup Cost": 817678.95,
        "Total Cost": 817679.06,
        "Plan Rows": 1,
        "Plan Width": 8,
        "Actual Startup Time": 7552.341,
        "Actual Total Time": 7635.795,
        "Actual Rows": 2,
        "Actual Loops": 1,
        "Workers Planned": 1,
        "Workers Launched": 1,
        "Single Copy": false,
        "Plans": [
          {
            "Node Type": "Aggregate",
            "Strategy": "Plain",
            "Partial Mode": "Partial",
            "Parent Relationship": "Outer",
            "Parallel Aware": false,
            "Startup Cost": 816678.95,
            "Total Cost": 816678.96,
            "Plan Rows": 1,
            "Plan Width": 8,
            "Actual Startup Time": 7532.47,
            "Actual Total Time": 7532.476,
            "Actual Rows": 1,
            "Actual Loops": 2,
            "Plans": [
              {
                "Node Type": "Hash Join",
                "Parent Relationship": "Outer",
                "Parallel Aware": true,
                "Join Type": "Inner",
                "Startup Cost": 638436.63,
                "Total Cost": 814530.03,
                "Plan Rows": 859567,
                "Plan Width": 0,
                "Actual Startup Time": 6478.265,
                "Actual Total Time": 7205.752,
                "Actual Rows": 7953910,
                "Actual Loops": 2,
                "Inner Unique": false,
                "Hash Cond": "(mi.movie_id = t.id)",
                "Plans": [
                  {
                    "Node Type": "Bitmap Heap Scan",
                    "Parent Relationship": "Outer",
                    "Parallel Aware": true,
                    "Relation Name": "movie_info",
                    "Alias": "mi",
                    "Startup Cost": 11142.68,
                    "Total Cost": 177657.74,
                    "Plan Rows": 361765,
                    "Plan Width": 4,
                    "Actual Startup Time": 29.953,
                    "Actual Total Time": 86.559,
                    "Actual Rows": 299228,
                    "Actual Loops": 2,
                    "Recheck Cond": "(info_type_id = 15)",
                    "Rows Removed by Index Recheck": 0,
                    "Exact Heap Blocks": 11647,
                    "Lossy Heap Blocks": 0,
                    "Plans": [
                      {
                        "Node Type": "Bitmap Index Scan",
                        "Parent Relationship": "Outer",
                        "Parallel Aware": false,
                        "Index Name": "info_type_id_movie_info",
                        "Startup Cost": 0.0,
                        "Total Cost": 10988.93,
                        "Plan Rows": 615000,
                        "Plan Width": 0,
                        "Actual Startup Time": 26.843,
                        "Actual Total Time": 26.844,
                        "Actual Rows": 598457,
                        "Actual Loops": 1,
                        "Index Cond": "(info_type_id = 15)"
                      }
                    ]
                  },
                  {
                    "Node Type": "Hash",
                    "Parent Relationship": "Inner",
                    "Parallel Aware": true,
                    "Startup Cost": 583122.47,
                    "Total Cost": 583122.47,
                    "Plan Rows": 3533718,
                    "Plan Width": 8,
                    "Actual Startup Time": 6415.245,
                    "Actual Total Time": 6415.249,
                    "Actual Rows": 3643033,
                    "Actual Loops": 2,
                    "Hash Buckets": 8388608,
                    "Original Hash Buckets": 8388608,
                    "Hash Batches": 1,
                    "Original Hash Batches": 1,
                    "Peak Memory Usage": 350592,
                    "Plans": [
                      {
                        "Node Type": "Hash Join",
                        "Parent Relationship": "Outer",
                        "Parallel Aware": true,
                        "Join Type": "Inner",
                        "Startup Cost": 61389.12,
                        "Total Cost": 583122.47,
                        "Plan Rows": 3533718,
                        "Plan Width": 8,
                        "Actual Startup Time": 202.595,
                        "Actual Total Time": 5256.149,
                        "Actual Rows": 3643033,
                        "Actual Loops": 2,
                        "Inner Unique": true,
                        "Hash Cond": "(ci.movie_id = t.id)",
                        "Plans": [
                          {
                            "Node Type": "Seq Scan",
                            "Parent Relationship": "Outer",
                            "Parallel Aware": true,
                            "Relation Name": "cast_info",
                            "Alias": "ci",
                            "Startup Cost": 0.0,
                            "Total Cost": 465792.95,
                            "Plan Rows": 21310595,
                            "Plan Width": 4,
                            "Actual Startup Time": 0.014,
                            "Actual Total Time": 1379.91,
                            "Actual Rows": 18122172,
                            "Actual Loops": 2
                          },
                          {
                            "Node Type": "Hash",
                            "Parent Relationship": "Inner",
                            "Parallel Aware": true,
                            "Startup Cost": 58306.47,
                            "Total Cost": 58306.47,
                            "Plan Rows": 246612,
                            "Plan Width": 4,
                            "Actual Startup Time": 200.966,
                            "Actual Total Time": 200.967,
                            "Actual Rows": 258984,
                            "Actual Loops": 2,
                            "Hash Buckets": 524288,
                            "Original Hash Buckets": 524288,
                            "Hash Batches": 1,
                            "Original Hash Batches": 1,
                            "Peak Memory Usage": 24416,
                            "Plans": [
                              {
                                "Node Type": "Seq Scan",
                                "Parent Relationship": "Outer",
                                "Parallel Aware": true,
                                "Relation Name": "title",
                                "Alias": "t",
                                "Startup Cost": 0.0,
                                "Total Cost": 58306.47,
                                "Plan Rows": 246612,
                                "Plan Width": 4,
                                "Actual Startup Time": 0.048,
                                "Actual Total Time": 145.643,
                                "Actual Rows": 258984,
                                "Actual Loops": 2,
                                "Filter": "((kind_id < 7) AND (production_year < 2001))",
                                "Rows Removed by Filter": 1005172
                              }
                            ]
                          }
                        ]
                      }
                    ]
                  }
                ]
              }
            ]
          }
        ]
      }
    ]
  },
  "Planning Time": 0.947,
  "Triggers": [],
  "Execution Time": 7635.913
}