[
  {
    "Plan": {
      "Node Type": "Aggregate",
      "Strategy": "Plain",
      "Partial Mode": "Finalize",
      "Parallel Aware": false,
      "Startup Cost": 32624.59,
      "Total Cost": 32624.6,
      "Plan Rows": 1,
      "Plan Width": 8,
      "Actual Startup Time": 91.727,
      "Actual Total Time": 99.606,
      "Actual Rows": 1,
      "Actual Loops": 1,
      "Plans": [
        {
          "Node Type": "Gather",
          "Parent Relationship": "Outer",
          "Parallel Aware": false,
          "Startup Cost": 32624.27,
          "Total Cost": 32624.58,
          "Plan Rows": 3,
          "Plan Width": 8,
          "Actual Startup Time": 91.573,
          "Actual Total Time": 99.598,
          "Actual Rows": 4,
          "Actual Loops": 1,
          "Workers Planned": 3,
          "Workers Launched": 3,
          "Single Copy": false,
          "Plans": [
            {
              "Node Type": "Aggregate",
              "Strategy": "Plain",
              "Partial Mode": "Partial",
              "Parent Relationship": "Outer",
              "Parallel Aware": false,
              "Startup Cost": 31624.27,
              "Total Cost": 31624.28,
              "Plan Rows": 1,
              "Plan Width": 8,
              "Actual Startup Time": 84.19,
              "Actual Total Time": 84.191,
              "Actual Rows": 1,
              "Actual Loops": 4,
              "Plans": [
                {
                  "Node Type": "Seq Scan",
                  "Parent Relationship": "Outer",
                  "Parallel Aware": true,
                  "Relation Name": "movie_companies",
                  "Alias": "mc",
                  "Startup Cost": 0.0,
                  "Total Cost": 31414.82,
                  "Plan Rows": 83780,
                  "Plan Width": 0,
                  "Actual Startup Time": 50.886,
                  "Actual Total Time": 82.375,
                  "Actual Rows": 34198,
                  "Actual Loops": 4,
                  "Filter": "((company_id < 468) AND (company_type_id = 2))",
                  "Rows Removed by Filter": 618084
                }
              ]
            }
          ]
        }
      ]
    },
    "Planning Time": 0.22,
    "Triggers": [],
    "Execution Time": 99.663
  }
]