[
  {
    "Plan": {
      "Node Type": "Aggregate",
      "Strategy": "Plain",
      "Partial Mode": "Finalize",
      "Parallel Aware": false,
      "Startup Cost": 365212.55,
      "Total Cost": 365212.56,
      "Plan Rows": 1,
      "Plan Width": 8,
      "Actual Startup Time": 1410.981,
      "Actual Total Time": 1460.19,
      "Actual Rows": 1,
      "Actual Loops": 1,
      "Plans": [
        {
          "Node Type": "Gather",
          "Parent Relationship": "Outer",
          "Parallel Aware": false,
          "Startup Cost": 365212.03,
          "Total Cost": 365212.54,
          "Plan Rows": 5,
          "Plan Width": 8,
          "Actual Startup Time": 1405.609,
          "Actual Total Time": 1460.178,
          "Actual Rows": 6,
          "Actual Loops": 1,
          "Workers Planned": 5,
          "Workers Launched": 5,
          "Single Copy": false,
          "Plans": [
            {
              "Node Type": "Aggregate",
              "Strategy": "Plain",
              "Partial Mode": "Partial",
              "Parent Relationship": "Outer",
              "Parallel Aware": false,
              "Startup Cost": 364212.03,
              "Total Cost": 364212.04,
              "Plan Rows": 1,
              "Plan Width": 8,
              "Actual Startup Time": 1393.775,
              "Actual Total Time": 1393.834,
              "Actual Rows": 1,
              "Actual Loops": 6,
              "Plans": [
                {
                  "Node Type": "Hash Join",
                  "Parent Relationship": "Outer",
                  "Parallel Aware": true,
                  "Join Type": "Inner",
                  "Startup Cost": 158554.61,
                  "Total Cost": 362540.18,
                  "Plan Rows": 668741,
                  "Plan Width": 0,
                  "Actual Startup Time": 404.076,
                  "Actual Total Time": 1323.038,
                  "Actual Rows": 1654840,
                  "Actual Loops": 6,
                  "Inner Unique": false,
                  "Hash Cond": "(mi.movie_id = t.id)",
                  "Plans": [
                    {
                      "Node Type": "Seq Scan",
                      "Parent Relationship": "Outer",
                      "Parallel Aware": true,
                      "Relation Name": "movie_info",
                      "Alias": "mi",
                      "Startup Cost": 0.0,
                      "Total Cost": 191560.33,
                      "Plan Rows": 2956733,
                      "Plan Width": 4,
                      "Actual Startup Time": 0.027,
                      "Actual Total Time": 301.287,
                      "Actual Rows": 2472620,
                      "Actual Loops": 6
                    },
                    {
                      "Node Type": "Hash",
                      "Parent Relationship": "Inner",
                      "Parallel Aware": true,
                      "Startup Cost": 157125.01,
                      "Total Cost": 157125.01,
                      "Plan Rows": 114368,
                      "Plan Width": 8,
                      "Actual Startup Time": 398.941,
                      "Actual Total Time": 398.999,
                      "Actual Rows": 104836,
                      "Actual Loops": 6,
                      "Hash Buckets": 1048576,
                      "Original Hash Buckets": 1048576,
                      "Hash Batches": 1,
                      "Original Hash Batches": 1,
                      "Peak Memory Usage": 32896,
                      "Plans": [
                        {
                          "Node Type": "Hash Join",
                          "Parent Relationship": "Outer",
                          "Parallel Aware": true,
                          "Join Type": "Inner",
                          "Startup Cost": 46596.15,
                          "Total Cost": 157125.01,
                          "Plan Rows": 114368,
                          "Plan Width": 8,
                          "Actual Startup Time": 108.384,
                          "Actual Total Time": 354.055,
                          "Actual Rows": 104836,
                          "Actual Loops": 6,
                          "Inner Unique": true,
                          "Hash Cond": "(ci.movie_id = t.id)",
                          "Plans": [
                            {
                              "Node Type": "Index Scan",
                              "Parent Relationship": "Outer",
                              "Parallel Aware": true,
                              "Scan Direction": "Forward",
                              "Index Name": "role_id_cast_info",
                              "Relation Name": "cast_info",
                              "Alias": "ci",
                              "Startup Cost": 0.56,
                              "Total Cost": 108404.92,
                              "Plan Rows": 809334,
                              "Plan Width": 4,
                              "Actual Startup Time": 0.215,
                              "Actual Total Time": 117.702,
                              "Actual Rows": 668006,
                              "Actual Loops": 6,
                              "Index Cond": "(role_id = 3)",
                              "Rows Removed by Index Recheck": 0
                            },
                            {
                              "Node Type": "Hash",
                              "Parent Relationship": "Inner",
                              "Parallel Aware": true,
                              "Startup Cost": 45479.1,
                              "Total Cost": 45479.1,
                              "Plan Rows": 89319,
                              "Plan Width": 4,
                              "Actual Startup Time": 106.939,
                              "Actual Total Time": 106.94,
                              "Actual Rows": 50348,
                              "Actual Loops": 6,
                              "Hash Buckets": 524288,
                              "Original Hash Buckets": 524288,
                              "Hash Batches": 1,
                              "Original Hash Batches": 1,
                              "Peak Memory Usage": 16000,
                              "Plans": [
                                {
                                  "Node Type": "Seq Scan",
                                  "Parent Relationship": "Outer",
                                  "Parallel Aware": true,
                                  "Relation Name": "title",
                                  "Alias": "t",
                                  "Startup Cost": 0.0,
                                  "Total Cost": 45479.1,
                                  "Plan Rows": 89319,
                                  "Plan Width": 4,
                                  "Actual Startup Time": 0.074,
                                  "Actual Total Time": 81.898,
                                  "Actual Rows": 50348,
                                  "Actual Loops": 6,
                                  "Filter": "((kind_id < 7) AND (production_year > 2006))",
                                  "Rows Removed by Filter": 371037
                                }
                              ]
                            }
                          ]
                        }
                      ]
                    }
                  ]
                }
              ]
            }
          ]
        }
      ]
    },
    "Planning Time": 1.429,
    "Triggers": [],
    "Execution Time": 1460.292
  }
]