[
  {
    "Plan": {
      "Node Type": "Aggregate",
      "Strategy": "Plain",
      "Partial Mode": "Finalize",
      "Parallel Aware": false,
      "Startup Cost": 421730.89,
      "Total Cost": 421730.9,
      "Plan Rows": 1,
      "Plan Width": 8,
      "Actual Startup Time": 2137.597,
      "Actual Total Time": 2198.585,
      "Actual Rows": 1,
      "Actual Loops": 1,
      "Plans": [
        {
          "Node Type": "Gather",
          "Parent Relationship": "Outer",
          "Parallel Aware": false,
          "Startup Cost": 421730.26,
          "Total Cost": 421730.87,
          "Plan Rows": 6,
          "Plan Width": 8,
          "Actual Startup Time": 2123.917,
          "Actual Total Time": 2198.537,
          "Actual Rows": 7,
          "Actual Loops": 1,
          "Workers Planned": 6,
          "Workers Launched": 6,
          "Single Copy": false,
          "Plans": [
            {
              "Node Type": "Aggregate",
              "Strategy": "Plain",
              "Partial Mode": "Partial",
              "Parent Relationship": "Outer",
              "Parallel Aware": false,
              "Startup Cost": 420730.26,
              "Total Cost": 420730.27,
              "Plan Rows": 1,
              "Plan Width": 8,
              "Actual Startup Time": 2114.198,
              "Actual Total Time": 2114.323,
              "Actual Rows": 1,
              "Actual Loops": 7,
              "Plans": [
                {
                  "Node Type": "Hash Join",
                  "Parent Relationship": "Outer",
                  "Parallel Aware": true,
                  "Join Type": "Inner",
                  "Startup Cost": 78125.2,
                  "Total Cost": 418898.44,
                  "Plan Rows": 732731,
                  "Plan Width": 0,
                  "Actual Startup Time": 661.896,
                  "Actual Total Time": 1958.559,
                  "Actual Rows": 2906663,
                  "Actual Loops": 7,
                  "Inner Unique": false,
                  "Hash Cond": "(ci.movie_id = t.id)",
                  "Plans": [
                    {
                      "Node Type": "Seq Scan",
                      "Parent Relationship": "Outer",
                      "Parallel Aware": true,
                      "Relation Name": "cast_info",
                      "Alias": "ci",
                      "Startup Cost": 0.0,
                      "Total Cost": 328211.39,
                      "Plan Rows": 2719519,
                      "Plan Width": 4,
                      "Actual Startup Time": 242.737,
                      "Actual Total Time": 651.906,
                      "Actual Rows": 2295110,
                      "Actual Loops": 7,
                      "Filter": "(person_id > 2027263)",
                      "Rows Removed by Filter": 2882653
                    },
                    {
                      "Node Type": "Hash",
                      "Parent Relationship": "Inner",
                      "Parallel Aware": true,
                      "Startup Cost": 75378.25,
                      "Total Cost": 75378.25,
                      "Plan Rows": 219756,
                      "Plan Width": 8,
                      "Actual Startup Time": 415.801,
                      "Actual Total Time": 415.924,
                      "Actual Rows": 186813,
                      "Actual Loops": 7,
                      "Hash Buckets": 2097152,
                      "Original Hash Buckets": 1048576,
                      "Hash Batches": 1,
                      "Original Hash Batches": 1,
                      "Peak Memory Usage": 75840,
                      "Plans": [
                        {
                          "Node Type": "Hash Join",
                          "Parent Relationship": "Outer",
                          "Parallel Aware": true,
                          "Join Type": "Inner",
                          "Startup Cost": 45962.36,
                          "Total Cost": 75378.25,
                          "Plan Rows": 219756,
                          "Plan Width": 8,
                          "Actual Startup Time": 161.556,
                          "Actual Total Time": 297.34,
                          "Actual Rows": 186813,
                          "Actual Loops": 7,
                          "Inner Unique": true,
                          "Hash Cond": "(mc.movie_id = t.id)",
                          "Plans": [
                            {
                              "Node Type": "Seq Scan",
                              "Parent Relationship": "Outer",
                              "Parallel Aware": true,
                              "Relation Name": "movie_companies",
                              "Alias": "mc",
                              "Startup Cost": 0.0,
                              "Total Cost": 27206.55,
                              "Plan Rows": 841655,
                              "Plan Width": 4,
                              "Actual Startup Time": 0.013,
                              "Actual Total Time": 46.971,
                              "Actual Rows": 372733,
                              "Actual Loops": 7
                            },
                            {
                              "Node Type": "Hash",
                              "Parent Relationship": "Inner",
                              "Parallel Aware": true,
                              "Startup Cost": 43899.32,
                              "Total Cost": 43899.32,
                              "Plan Rows": 165043,
                              "Plan Width": 4,
                              "Actual Startup Time": 136.962,
                              "Actual Total Time": 136.964,
                              "Actual Rows": 94689,
                              "Actual Loops": 7,
                              "Hash Buckets": 1048576,
                              "Original Hash Buckets": 1048576,
                              "Hash Batches": 1,
                              "Original Hash Batches": 1,
                              "Peak Memory Usage": 34240,
                              "Plans": [
                                {
                                  "Node Type": "Seq Scan",
                                  "Parent Relationship": "Outer",
                                  "Parallel Aware": true,
                                  "Relation Name": "title",
                                  "Alias": "t",
                                  "Startup Cost": 0.0,
                                  "Total Cost": 43899.32,
                                  "Plan Rows": 165043,
                                  "Plan Width": 4,
                                  "Actual Startup Time": 42.467,
                                  "Actual Total Time": 82.859,
                                  "Actual Rows": 94689,
                                  "Actual Loops": 7,
                                  "Filter": "(kind_id = 1)",
                                  "Rows Removed by Filter": 266498
                                }
                              ]
                            }
                          ]
                        }
                      ]
                    }
                  ]
                }
              ]
            }
          ]
        }
      ]
    },
    "Planning Time": 1.42,
    "Triggers": [],
    "Execution Time": 2198.684
  }
]