{
    "Plan": {
        "Node Type": "Aggregate",
        "Strategy": "Plain",
        "Partial Mode": "Finalize",
        "Parallel Aware": false,
        "Startup Cost": 145402.49,
        "Total Cost": 145402.5,
        "Plan Rows": 1,
        "Plan Width": 8,
        "Actual Startup Time": 2408.148,
        "Actual Total Time": 2441.715,
        "Actual Rows": 1,
        "Actual Loops": 1,
        "Output": [
            "count(*)"
        ],
        "Plans": [
            {
                "Node Type": "Gather",
                "Parent Relationship": "Outer",
                "Parallel Aware": false,
                "Startup Cost": 145402.17,
                "Total Cost": 145402.48,
                "Plan Rows": 3,
                "Plan Width": 8,
                "Actual Startup Time": 2388.733,
                "Actual Total Time": 2441.704,
                "Actual Rows": 4,
                "Actual Loops": 1,
                "Output": [
                    "(PARTIAL count(*))"
                ],
                "Workers Planned": 3,
                "Workers Launched": 3,
                "Single Copy": false,
                "Plans": [
                    {
                        "Node Type": "Aggregate",
                        "Strategy": "Plain",
                        "Partial Mode": "Partial",
                        "Parent Relationship": "Outer",
                        "Parallel Aware": false,
                        "Startup Cost": 144402.17,
                        "Total Cost": 144402.18,
                        "Plan Rows": 1,
                        "Plan Width": 8,
                        "Actual Startup Time": 2371.188,
                        "Actual Total Time": 2371.886,
                        "Actual Rows": 1,
                        "Actual Loops": 4,
                        "Output": [
                            "PARTIAL count(*)"
                        ],
                        "Workers": [
                            {
                                "Worker Number": 0,
                                "Actual Startup Time": 2368.024,
                                "Actual Total Time": 2368.03,
                                "Actual Rows": 1,
                                "Actual Loops": 1
                            },
                            {
                                "Worker Number": 1,
                                "Actual Startup Time": 2365.099,
                                "Actual Total Time": 2365.104,
                                "Actual Rows": 1,
                                "Actual Loops": 1
                            },
                            {
                                "Worker Number": 2,
                                "Actual Startup Time": 2365.087,
                                "Actual Total Time": 2365.093,
                                "Actual Rows": 1,
                                "Actual Loops": 1
                            }
                        ],
                        "Plans": [
                            {
                                "Node Type": "Hash Join",
                                "Parent Relationship": "Outer",
                                "Parallel Aware": true,
                                "Join Type": "Inner",
                                "Startup Cost": 90156.38,
                                "Total Cost": 141317.09,
                                "Plan Rows": 1234033,
                                "Plan Width": 0,
                                "Actual Startup Time": 996.896,
                                "Actual Total Time": 1966.795,
                                "Actual Rows": 7417639,
                                "Actual Loops": 4,
                                "Inner Unique": false,
                                "Hash Cond": "(mk.movie_id = t.id)",
                                "Workers": [
                                    {
                                        "Worker Number": 0,
                                        "Actual Startup Time": 991.56,
                                        "Actual Total Time": 1963.921,
                                        "Actual Rows": 6347774,
                                        "Actual Loops": 1
                                    },
                                    {
                                        "Worker Number": 1,
                                        "Actual Startup Time": 991.548,
                                        "Actual Total Time": 1969.951,
                                        "Actual Rows": 10041738,
                                        "Actual Loops": 1
                                    },
                                    {
                                        "Worker Number": 2,
                                        "Actual Startup Time": 991.508,
                                        "Actual Total Time": 1961.721,
                                        "Actual Rows": 6338413,
                                        "Actual Loops": 1
                                    }
                                ],
                                "Plans": [
                                    {
                                        "Node Type": "Seq Scan",
                                        "Parent Relationship": "Outer",
                                        "Parallel Aware": true,
                                        "Relation Name": "movie_keyword",
                                        "Schema": "public",
                                        "Alias": "mk",
                                        "Startup Cost": 0.0,
                                        "Total Cost": 42695.65,
                                        "Plan Rows": 1195814,
                                        "Plan Width": 4,
                                        "Actual Startup Time": 0.057,
                                        "Actual Total Time": 157.438,
                                        "Actual Rows": 926218,
                                        "Actual Loops": 4,
                                        "Output": [
                                            "mk.id",
                                            "mk.movie_id",
                                            "mk.keyword_id"
                                        ],
                                        "Filter": "(mk.keyword_id > 784)",
                                        "Rows Removed by Filter": 204765,
                                        "Workers": [
                                            {
                                                "Worker Number": 0,
                                                "Actual Startup Time": 0.033,
                                                "Actual Total Time": 162.343,
                                                "Actual Rows": 786942,
                                                "Actual Loops": 1
                                            },
                                            {
                                                "Worker Number": 1,
                                                "Actual Startup Time": 0.053,
                                                "Actual Total Time": 171.922,
                                                "Actual Rows": 1270151,
                                                "Actual Loops": 1
                                            },
                                            {
                                                "Worker Number": 2,
                                                "Actual Startup Time": 0.077,
                                                "Actual Total Time": 164.208,
                                                "Actual Rows": 795397,
                                                "Actual Loops": 1
                                            }
                                        ]
                                    },
                                    {
                                        "Node Type": "Hash",
                                        "Parent Relationship": "Inner",
                                        "Parallel Aware": true,
                                        "Startup Cost": 79635.69,
                                        "Total Cost": 79635.69,
                                        "Plan Rows": 841655,
                                        "Plan Width": 8,
                                        "Actual Startup Time": 985.536,
                                        "Actual Total Time": 986.232,
                                        "Actual Rows": 652282,
                                        "Actual Loops": 4,
                                        "Output": [
                                            "t.id",
                                            "mc.movie_id"
                                        ],
                                        "Hash Buckets": 4194304,
                                        "Original Hash Buckets": 4194304,
                                        "Hash Batches": 1,
                                        "Original Hash Batches": 1,
                                        "Peak Memory Usage": 134912,
                                        "Workers": [
                                            {
                                                "Worker Number": 0,
                                                "Actual Startup Time": 990.651,
                                                "Actual Total Time": 990.655,
                                                "Actual Rows": 589804,
                                                "Actual Loops": 1
                                            },
                                            {
                                                "Worker Number": 1,
                                                "Actual Startup Time": 990.872,
                                                "Actual Total Time": 990.875,
                                                "Actual Rows": 808971,
                                                "Actual Loops": 1
                                            },
                                            {
                                                "Worker Number": 2,
                                                "Actual Startup Time": 990.803,
                                                "Actual Total Time": 990.807,
                                                "Actual Rows": 596625,
                                                "Actual Loops": 1
                                            }
                                        ],
                                        "Plans": [
                                            {
                                                "Node Type": "Hash Join",
                                                "Parent Relationship": "Outer",
                                                "Parallel Aware": true,
                                                "Join Type": "Inner",
                                                "Startup Cost": 50219.81,
                                                "Total Cost": 79635.69,
                                                "Plan Rows": 841655,
                                                "Plan Width": 8,
                                                "Actual Startup Time": 395.861,
                                                "Actual Total Time": 743.526,
                                                "Actual Rows": 652282,
                                                "Actual Loops": 4,
                                                "Output": [
                                                    "t.id",
                                                    "mc.movie_id"
                                                ],
                                                "Inner Unique": true,
                                                "Hash Cond": "(mc.movie_id = t.id)",
                                                "Workers": [
                                                    {
                                                        "Worker Number": 0,
                                                        "Actual Startup Time": 395.826,
                                                        "Actual Total Time": 744.743,
                                                        "Actual Rows": 589804,
                                                        "Actual Loops": 1
                                                    },
                                                    {
                                                        "Worker Number": 1,
                                                        "Actual Startup Time": 395.83,
                                                        "Actual Total Time": 742.795,
                                                        "Actual Rows": 808971,
                                                        "Actual Loops": 1
                                                    },
                                                    {
                                                        "Worker Number": 2,
                                                        "Actual Startup Time": 395.839,
                                                        "Actual Total Time": 742.549,
                                                        "Actual Rows": 596625,
                                                        "Actual Loops": 1
                                                    }
                                                ],
                                                "Plans": [
                                                    {
                                                        "Node Type": "Seq Scan",
                                                        "Parent Relationship": "Outer",
                                                        "Parallel Aware": true,
                                                        "Relation Name": "movie_companies",
                                                        "Schema": "public",
                                                        "Alias": "mc",
                                                        "Startup Cost": 0.0,
                                                        "Total Cost": 27206.55,
                                                        "Plan Rows": 841655,
                                                        "Plan Width": 4,
                                                        "Actual Startup Time": 0.019,
                                                        "Actual Total Time": 75.035,
                                                        "Actual Rows": 652282,
                                                        "Actual Loops": 4,
                                                        "Output": [
                                                            "mc.id",
                                                            "mc.movie_id",
                                                            "mc.company_id",
                                                            "mc.company_type_id",
                                                            "mc.note"
                                                        ],
                                                        "Workers": [
                                                            {
                                                                "Worker Number": 0,
                                                                "Actual Startup Time": 0.025,
                                                                "Actual Total Time": 79.337,
                                                                "Actual Rows": 589804,
                                                                "Actual Loops": 1
                                                            },
                                                            {
                                                                "Worker Number": 1,
                                                                "Actual Startup Time": 0.02,
                                                                "Actual Total Time": 71.39,
                                                                "Actual Rows": 808971,
                                                                "Actual Loops": 1
                                                            },
                                                            {
                                                                "Worker Number": 2,
                                                                "Actual Startup Time": 0.024,
                                                                "Actual Total Time": 79.358,
                                                                "Actual Rows": 596625,
                                                                "Actual Loops": 1
                                                            }
                                                        ]
                                                    },
                                                    {
                                                        "Node Type": "Hash",
                                                        "Parent Relationship": "Inner",
                                                        "Parallel Aware": true,
                                                        "Startup Cost": 42318.81,
                                                        "Total Cost": 42318.81,
                                                        "Plan Rows": 632080,
                                                        "Plan Width": 4,
                                                        "Actual Startup Time": 387.791,
                                                        "Actual Total Time": 387.793,
                                                        "Actual Rows": 632078,
                                                        "Actual Loops": 4,
                                                        "Output": [
                                                            "t.id"
                                                        ],
                                                        "Hash Buckets": 4194304,
                                                        "Original Hash Buckets": 4194304,
                                                        "Hash Batches": 1,
                                                        "Original Hash Batches": 1,
                                                        "Peak Memory Usage": 131744,
                                                        "Workers": [
                                                            {
                                                                "Worker Number": 0,
                                                                "Actual Startup Time": 395.716,
                                                                "Actual Total Time": 395.718,
                                                                "Actual Rows": 550422,
                                                                "Actual Loops": 1
                                                            },
                                                            {
                                                                "Worker Number": 1,
                                                                "Actual Startup Time": 395.694,
                                                                "Actual Total Time": 395.695,
                                                                "Actual Rows": 747931,
                                                                "Actual Loops": 1
                                                            },
                                                            {
                                                                "Worker Number": 2,
                                                                "Actual Startup Time": 395.68,
                                                                "Actual Total Time": 395.681,
                                                                "Actual Rows": 556408,
                                                                "Actual Loops": 1
                                                            }
                                                        ],
                                                        "Plans": [
                                                            {
                                                                "Node Type": "Seq Scan",
                                                                "Parent Relationship": "Outer",
                                                                "Parallel Aware": true,
                                                                "Relation Name": "title",
                                                                "Schema": "public",
                                                                "Alias": "t",
                                                                "Startup Cost": 0.0,
                                                                "Total Cost": 42318.81,
                                                                "Plan Rows": 632080,
                                                                "Plan Width": 4,
                                                                "Actual Startup Time": 0.077,
                                                                "Actual Total Time": 121.62,
                                                                "Actual Rows": 632078,
                                                                "Actual Loops": 4,
                                                                "Output": [
                                                                    "t.id"
                                                                ],
                                                                "Workers": [
                                                                    {
                                                                        "Worker Number": 0,
                                                                        "Actual Startup Time": 0.083,
                                                                        "Actual Total Time": 128.144,
                                                                        "Actual Rows": 550422,
                                                                        "Actual Loops": 1
                                                                    },
                                                                    {
                                                                        "Worker Number": 1,
                                                                        "Actual Startup Time": 0.12,
                                                                        "Actual Total Time": 121.021,
                                                                        "Actual Rows": 747931,
                                                                        "Actual Loops": 1
                                                                    },
                                                                    {
                                                                        "Worker Number": 2,
                                                                        "Actual Startup Time": 0.086,
                                                                        "Actual Total Time": 128.284,
                                                                        "Actual Rows": 556408,
                                                                        "Actual Loops": 1
                                                                    }
                                                                ]
                                                            }
                                                        ]
                                                    }
                                                ]
                                            }
                                        ]
                                    }
                                ]
                            }
                        ]
                    }
                ]
            }
        ]
    },
    "Planning Time": 1.578,
    "Triggers": [],
    "Execution Time": 2441.803
}