[
  {
    "Plan": {
      "Node Type": "Aggregate",
      "Strategy": "Plain",
      "Partial Mode": "Finalize",
      "Parallel Aware": false,
      "Startup Cost": 83770.82,
      "Total Cost": 83770.83,
      "Plan Rows": 1,
      "Plan Width": 8,
      "Actual Startup Time": 177.513,
      "Actual Total Time": 201.263,
      "Actual Rows": 1,
      "Actual Loops": 1,
      "Plans": [
        {
          "Node Type": "Gather",
          "Parent Relationship": "Outer",
          "Parallel Aware": false,
          "Startup Cost": 83770.5,
          "Total Cost": 83770.81,
          "Plan Rows": 3,
          "Plan Width": 8,
          "Actual Startup Time": 176.558,
          "Actual Total Time": 201.252,
          "Actual Rows": 4,
          "Actual Loops": 1,
          "Workers Planned": 3,
          "Workers Launched": 3,
          "Single Copy": false,
          "Plans": [
            {
              "Node Type": "Aggregate",
              "Strategy": "Plain",
              "Partial Mode": "Partial",
              "Parent Relationship": "Outer",
              "Parallel Aware": false,
              "Startup Cost": 82770.5,
              "Total Cost": 82770.51,
              "Plan Rows": 1,
              "Plan Width": 8,
              "Actual Startup Time": 172.593,
              "Actual Total Time": 172.597,
              "Actual Rows": 1,
              "Actual Loops": 4,
              "Plans": [
                {
                  "Node Type": "Nested Loop",
                  "Parent Relationship": "Outer",
                  "Parallel Aware": false,
                  "Join Type": "Inner",
                  "Startup Cost": 45646.46,
                  "Total Cost": 82727.63,
                  "Plan Rows": 17150,
                  "Plan Width": 0,
                  "Actual Startup Time": 112.644,
                  "Actual Total Time": 171.612,
                  "Actual Rows": 11124,
                  "Actual Loops": 4,
                  "Inner Unique": false,
                  "Plans": [
                    {
                      "Node Type": "Hash Join",
                      "Parent Relationship": "Outer",
                      "Parallel Aware": true,
                      "Join Type": "Inner",
                      "Startup Cost": 45645.9,
                      "Total Cost": 70385.71,
                      "Plan Rows": 1196,
                      "Plan Width": 8,
                      "Actual Startup Time": 112.541,
                      "Actual Total Time": 132.232,
                      "Actual Rows": 365,
                      "Actual Loops": 4,
                      "Inner Unique": true,
                      "Hash Cond": "(mk.movie_id = t.id)",
                      "Plans": [
                        {
                          "Node Type": "Bitmap Heap Scan",
                          "Parent Relationship": "Outer",
                          "Parallel Aware": true,
                          "Relation Name": "movie_keyword",
                          "Alias": "mk",
                          "Startup Cost": 1246.43,
                          "Total Cost": 25936.64,
                          "Plan Rows": 18897,
                          "Plan Width": 4,
                          "Actual Startup Time": 8.476,
                          "Actual Total Time": 23.539,
                          "Actual Rows": 13706,
                          "Actual Loops": 4,
                          "Recheck Cond": "(keyword_id < 55)",
                          "Rows Removed by Index Recheck": 0,
                          "Exact Heap Blocks": 8404,
                          "Lossy Heap Blocks": 0,
                          "Plans": [
                            {
                              "Node Type": "Bitmap Index Scan",
                              "Parent Relationship": "Outer",
                              "Parallel Aware": false,
                              "Index Name": "keyword_id_movie_keyword",
                              "Startup Cost": 0.0,
                              "Total Cost": 1231.78,
                              "Plan Rows": 58580,
                              "Plan Width": 0,
                              "Actual Startup Time": 6.119,
                              "Actual Total Time": 6.12,
                              "Actual Rows": 54826,
                              "Actual Loops": 1,
                              "Index Cond": "(keyword_id < 55)"
                            }
                          ]
                        },
                        {
                          "Node Type": "Hash",
                          "Parent Relationship": "Inner",
                          "Parallel Aware": true,
                          "Startup Cost": 43899.32,
                          "Total Cost": 43899.32,
                          "Plan Rows": 40012,
                          "Plan Width": 4,
                          "Actual Startup Time": 102.544,
                          "Actual Total Time": 102.545,
                          "Actual Rows": 41077,
                          "Actual Loops": 4,
                          "Hash Buckets": 262144,
                          "Original Hash Buckets": 262144,
                          "Hash Batches": 1,
                          "Original Hash Batches": 1,
                          "Peak Memory Usage": 8544,
                          "Plans": [
                            {
                              "Node Type": "Seq Scan",
                              "Parent Relationship": "Outer",
                              "Parallel Aware": true,
                              "Relation Name": "title",
                              "Alias": "t",
                              "Startup Cost": 0.0,
                              "Total Cost": 43899.32,
                              "Plan Rows": 40012,
                              "Plan Width": 4,
                              "Actual Startup Time": 0.018,
                              "Actual Total Time": 87.349,
                              "Actual Rows": 41077,
                              "Actual Loops": 4,
                              "Filter": "(production_year = 2012)",
                              "Rows Removed by Filter": 591001
                            }
                          ]
                        }
                      ]
                    },
                    {
                      "Node Type": "Index Only Scan",
                      "Parent Relationship": "Inner",
                      "Parallel Aware": false,
                      "Scan Direction": "Forward",
                      "Index Name": "movie_id_cast_info",
                      "Relation Name": "cast_info",
                      "Alias": "ci",
                      "Startup Cost": 0.56,
                      "Total Cost": 9.97,
                      "Plan Rows": 35,
                      "Plan Width": 4,
                      "Actual Startup Time": 0.015,
                      "Actual Total Time": 0.104,
                      "Actual Rows": 30,
                      "Actual Loops": 1461,
                      "Index Cond": "(movie_id = t.id)",
                      "Rows Removed by Index Recheck": 0,
                      "Heap Fetches": 44496
                    }
                  ]
                }
              ]
            }
          ]
        }
      ]
    },
    "Planning Time": 0.415,
    "Triggers": [],
    "Execution Time": 201.313
  }
]