[
    {
        "Bao": {
            "Bao prediction": 1060.754,
            "Bao recommended hint": "SET enable_nestloop TO off; "
        }
    },
    {
        "Plan": {
            "Node Type": "Aggregate",
            "Strategy": "Plain",
            "Partial Mode": "Finalize",
            "Parallel Aware": false,
            "Startup Cost": 114281.78,
            "Total Cost": 114281.79,
            "Plan Rows": 1,
            "Plan Width": 8,
            "Actual Startup Time": 500.112,
            "Actual Total Time": 517.07,
            "Actual Rows": 1,
            "Actual Loops": 1,
            "Output": [
                "count(*)"
            ],
            "Plans": [
                {
                    "Node Type": "Gather",
                    "Parent Relationship": "Outer",
                    "Parallel Aware": false,
                    "Startup Cost": 114281.46,
                    "Total Cost": 114281.77,
                    "Plan Rows": 3,
                    "Plan Width": 8,
                    "Actual Startup Time": 497.065,
                    "Actual Total Time": 517.054,
                    "Actual Rows": 4,
                    "Actual Loops": 1,
                    "Output": [
                        "(PARTIAL count(*))"
                    ],
                    "Workers Planned": 3,
                    "Workers Launched": 3,
                    "Single Copy": false,
                    "Plans": [
                        {
                            "Node Type": "Aggregate",
                            "Strategy": "Plain",
                            "Partial Mode": "Partial",
                            "Parent Relationship": "Outer",
                            "Parallel Aware": false,
                            "Startup Cost": 113281.46,
                            "Total Cost": 113281.47,
                            "Plan Rows": 1,
                            "Plan Width": 8,
                            "Actual Startup Time": 485.829,
                            "Actual Total Time": 485.936,
                            "Actual Rows": 1,
                            "Actual Loops": 4,
                            "Output": [
                                "PARTIAL count(*)"
                            ],
                            "Workers": [
                                {
                                    "Worker Number": 0,
                                    "Actual Startup Time": 481.969,
                                    "Actual Total Time": 481.978,
                                    "Actual Rows": 1,
                                    "Actual Loops": 1
                                },
                                {
                                    "Worker Number": 1,
                                    "Actual Startup Time": 481.531,
                                    "Actual Total Time": 481.54,
                                    "Actual Rows": 1,
                                    "Actual Loops": 1
                                },
                                {
                                    "Worker Number": 2,
                                    "Actual Startup Time": 483.684,
                                    "Actual Total Time": 483.693,
                                    "Actual Rows": 1,
                                    "Actual Loops": 1
                                }
                            ],
                            "Plans": [
                                {
                                    "Node Type": "Hash Join",
                                    "Parent Relationship": "Outer",
                                    "Parallel Aware": true,
                                    "Join Type": "Inner",
                                    "Startup Cost": 92432.74,
                                    "Total Cost": 113272.73,
                                    "Plan Rows": 3494,
                                    "Plan Width": 0,
                                    "Actual Startup Time": 434.784,
                                    "Actual Total Time": 485.607,
                                    "Actual Rows": 4350,
                                    "Actual Loops": 4,
                                    "Inner Unique": false,
                                    "Hash Cond": "(mc.movie_id = t.id)",
                                    "Workers": [
                                        {
                                            "Worker Number": 0,
                                            "Actual Startup Time": 431.009,
                                            "Actual Total Time": 481.695,
                                            "Actual Rows": 3733,
                                            "Actual Loops": 1
                                        },
                                        {
                                            "Worker Number": 1,
                                            "Actual Startup Time": 430.557,
                                            "Actual Total Time": 481.309,
                                            "Actual Rows": 2999,
                                            "Actual Loops": 1
                                        },
                                        {
                                            "Worker Number": 2,
                                            "Actual Startup Time": 432.424,
                                            "Actual Total Time": 483.395,
                                            "Actual Rows": 3961,
                                            "Actual Loops": 1
                                        }
                                    ],
                                    "Plans": [
                                        {
                                            "Node Type": "Bitmap Heap Scan",
                                            "Parent Relationship": "Outer",
                                            "Parallel Aware": true,
                                            "Relation Name": "movie_companies",
                                            "Schema": "public",
                                            "Alias": "mc",
                                            "Startup Cost": 8426.59,
                                            "Total Cost": 28784.83,
                                            "Plan Rows": 125459,
                                            "Plan Width": 4,
                                            "Actual Startup Time": 41.185,
                                            "Actual Total Time": 101.47,
                                            "Actual Rows": 96412,
                                            "Actual Loops": 4,
                                            "Output": [
                                                "mc.id",
                                                "mc.movie_id",
                                                "mc.company_id",
                                                "mc.company_type_id",
                                                "mc.note"
                                            ],
                                            "Recheck Cond": "(mc.company_id < 226)",
                                            "Rows Removed by Index Recheck": 0,
                                            "Exact Heap Blocks": 6125,
                                            "Lossy Heap Blocks": 0,
                                            "Workers": [
                                                {
                                                    "Worker Number": 0,
                                                    "Actual Startup Time": 41.254,
                                                    "Actual Total Time": 103.109,
                                                    "Actual Rows": 83384,
                                                    "Actual Loops": 1
                                                },
                                                {
                                                    "Worker Number": 1,
                                                    "Actual Startup Time": 41.188,
                                                    "Actual Total Time": 102.129,
                                                    "Actual Rows": 81114,
                                                    "Actual Loops": 1
                                                },
                                                {
                                                    "Worker Number": 2,
                                                    "Actual Startup Time": 41.151,
                                                    "Actual Total Time": 102.539,
                                                    "Actual Rows": 103581,
                                                    "Actual Loops": 1
                                                }
                                            ],
                                            "Plans": [
                                                {
                                                    "Node Type": "Bitmap Index Scan",
                                                    "Parent Relationship": "Outer",
                                                    "Parallel Aware": false,
                                                    "Index Name": "company_id_movie_companies",
                                                    "Startup Cost": 0.0,
                                                    "Total Cost": 8329.36,
                                                    "Plan Rows": 388924,
                                                    "Plan Width": 0,
                                                    "Actual Startup Time": 36.729,
                                                    "Actual Total Time": 36.73,
                                                    "Actual Rows": 385647,
                                                    "Actual Loops": 1,
                                                    "Index Cond": "(mc.company_id < 226)",
                                                    "Workers": [
                                                        {
                                                            "Worker Number": 2,
                                                            "Actual Startup Time": 36.729,
                                                            "Actual Total Time": 36.73,
                                                            "Actual Rows": 385647,
                                                            "Actual Loops": 1
                                                        }
                                                    ]
                                                }
                                            ]
                                        },
                                        {
                                            "Node Type": "Hash",
                                            "Parent Relationship": "Inner",
                                            "Parallel Aware": true,
                                            "Startup Cost": 83722.25,
                                            "Total Cost": 83722.25,
                                            "Plan Rows": 22712,
                                            "Plan Width": 8,
                                            "Actual Startup Time": 352.472,
                                            "Actual Total Time": 352.575,
                                            "Actual Rows": 46605,
                                            "Actual Loops": 4,
                                            "Output": [
                                                "t.id",
                                                "mk.movie_id"
                                            ],
                                            "Hash Buckets": 262144,
                                            "Original Hash Buckets": 131072,
                                            "Hash Batches": 1,
                                            "Original Hash Batches": 1,
                                            "Peak Memory Usage": 10432,
                                            "Workers": [
                                                {
                                                    "Worker Number": 0,
                                                    "Actual Startup Time": 350.13,
                                                    "Actual Total Time": 350.137,
                                                    "Actual Rows": 45512,
                                                    "Actual Loops": 1
                                                },
                                                {
                                                    "Worker Number": 1,
                                                    "Actual Startup Time": 349.706,
                                                    "Actual Total Time": 349.711,
                                                    "Actual Rows": 45863,
                                                    "Actual Loops": 1
                                                },
                                                {
                                                    "Worker Number": 2,
                                                    "Actual Startup Time": 351.574,
                                                    "Actual Total Time": 351.58,
                                                    "Actual Rows": 44587,
                                                    "Actual Loops": 1
                                                }
                                            ],
                                            "Plans": [
                                                {
                                                    "Node Type": "Hash Join",
                                                    "Parent Relationship": "Outer",
                                                    "Parallel Aware": true,
                                                    "Join Type": "Inner",
                                                    "Startup Cost": 38773.48,
                                                    "Total Cost": 83722.25,
                                                    "Plan Rows": 22712,
                                                    "Plan Width": 8,
                                                    "Actual Startup Time": 121.946,
                                                    "Actual Total Time": 328.81,
                                                    "Actual Rows": 46605,
                                                    "Actual Loops": 4,
                                                    "Output": [
                                                        "t.id",
                                                        "mk.movie_id"
                                                    ],
                                                    "Inner Unique": true,
                                                    "Hash Cond": "(mk.movie_id = t.id)",
                                                    "Workers": [
                                                        {
                                                            "Worker Number": 0,
                                                            "Actual Startup Time": 119.517,
                                                            "Actual Total Time": 326.654,
                                                            "Actual Rows": 45512,
                                                            "Actual Loops": 1
                                                        },
                                                        {
                                                            "Worker Number": 1,
                                                            "Actual Startup Time": 119.199,
                                                            "Actual Total Time": 328.723,
                                                            "Actual Rows": 45863,
                                                            "Actual Loops": 1
                                                        },
                                                        {
                                                            "Worker Number": 2,
                                                            "Actual Startup Time": 120.957,
                                                            "Actual Total Time": 326.906,
                                                            "Actual Rows": 44587,
                                                            "Actual Loops": 1
                                                        }
                                                    ],
                                                    "Plans": [
                                                        {
                                                            "Node Type": "Seq Scan",
                                                            "Parent Relationship": "Outer",
                                                            "Parallel Aware": true,
                                                            "Relation Name": "movie_keyword",
                                                            "Schema": "public",
                                                            "Alias": "mk",
                                                            "Startup Cost": 0.0,
                                                            "Total Cost": 42695.65,
                                                            "Plan Rows": 858330,
                                                            "Plan Width": 4,
                                                            "Actual Startup Time": 0.019,
                                                            "Actual Total Time": 167.034,
                                                            "Actual Rows": 669792,
                                                            "Actual Loops": 4,
                                                            "Output": [
                                                                "mk.id",
                                                                "mk.movie_id",
                                                                "mk.keyword_id"
                                                            ],
                                                            "Filter": "(mk.keyword_id < 7521)",
                                                            "Rows Removed by Filter": 461191,
                                                            "Workers": [
                                                                {
                                                                    "Worker Number": 0,
                                                                    "Actual Startup Time": 0.022,
                                                                    "Actual Total Time": 169.564,
                                                                    "Actual Rows": 660397,
                                                                    "Actual Loops": 1
                                                                },
                                                                {
                                                                    "Worker Number": 1,
                                                                    "Actual Startup Time": 0.018,
                                                                    "Actual Total Time": 169.177,
                                                                    "Actual Rows": 630296,
                                                                    "Actual Loops": 1
                                                                },
                                                                {
                                                                    "Worker Number": 2,
                                                                    "Actual Startup Time": 0.021,
                                                                    "Actual Total Time": 168.427,
                                                                    "Actual Rows": 654195,
                                                                    "Actual Loops": 1
                                                                }
                                                            ]
                                                        },
                                                        {
                                                            "Node Type": "Hash",
                                                            "Parent Relationship": "Inner",
                                                            "Parallel Aware": true,
                                                            "Startup Cost": 38564.42,
                                                            "Total Cost": 38564.42,
                                                            "Plan Rows": 16725,
                                                            "Plan Width": 4,
                                                            "Actual Startup Time": 73.041,
                                                            "Actual Total Time": 73.044,
                                                            "Actual Rows": 22805,
                                                            "Actual Loops": 4,
                                                            "Output": [
                                                                "t.id"
                                                            ],
                                                            "Hash Buckets": 131072,
                                                            "Original Hash Buckets": 131072,
                                                            "Hash Batches": 1,
                                                            "Original Hash Batches": 1,
                                                            "Peak Memory Usage": 4672,
                                                            "Workers": [
                                                                {
                                                                    "Worker Number": 0,
                                                                    "Actual Startup Time": 71.184,
                                                                    "Actual Total Time": 71.187,
                                                                    "Actual Rows": 16510,
                                                                    "Actual Loops": 1
                                                                },
                                                                {
                                                                    "Worker Number": 1,
                                                                    "Actual Startup Time": 70.868,
                                                                    "Actual Total Time": 70.871,
                                                                    "Actual Rows": 13971,
                                                                    "Actual Loops": 1
                                                                },
                                                                {
                                                                    "Worker Number": 2,
                                                                    "Actual Startup Time": 72.631,
                                                                    "Actual Total Time": 72.633,
                                                                    "Actual Rows": 17579,
                                                                    "Actual Loops": 1
                                                                }
                                                            ],
                                                            "Plans": [
                                                                {
                                                                    "Node Type": "Bitmap Heap Scan",
                                                                    "Parent Relationship": "Outer",
                                                                    "Parallel Aware": true,
                                                                    "Relation Name": "title",
                                                                    "Schema": "public",
                                                                    "Alias": "t",
                                                                    "Startup Cost": 2123.33,
                                                                    "Total Cost": 38564.42,
                                                                    "Plan Rows": 16725,
                                                                    "Plan Width": 4,
                                                                    "Actual Startup Time": 15.283,
                                                                    "Actual Total Time": 61.707,
                                                                    "Actual Rows": 22805,
                                                                    "Actual Loops": 4,
                                                                    "Output": [
                                                                        "t.id"
                                                                    ],
                                                                    "Recheck Cond": "(t.kind_id = 4)",
                                                                    "Rows Removed by Index Recheck": 0,
                                                                    "Filter": "(t.production_year > 1999)",
                                                                    "Rows Removed by Filter": 6754,
                                                                    "Exact Heap Blocks": 6095,
                                                                    "Lossy Heap Blocks": 0,
                                                                    "Workers": [
                                                                        {
                                                                            "Worker Number": 0,
                                                                            "Actual Startup Time": 13.464,
                                                                            "Actual Total Time": 61.382,
                                                                            "Actual Rows": 16510,
                                                                            "Actual Loops": 1
                                                                        },
                                                                        {
                                                                            "Worker Number": 1,
                                                                            "Actual Startup Time": 13.355,
                                                                            "Actual Total Time": 60.795,
                                                                            "Actual Rows": 13971,
                                                                            "Actual Loops": 1
                                                                        },
                                                                        {
                                                                            "Worker Number": 2,
                                                                            "Actual Startup Time": 14.895,
                                                                            "Actual Total Time": 62.055,
                                                                            "Actual Rows": 17579,
                                                                            "Actual Loops": 1
                                                                        }
                                                                    ],
                                                                    "Plans": [
                                                                        {
                                                                            "Node Type": "Bitmap Index Scan",
                                                                            "Parent Relationship": "Outer",
                                                                            "Parallel Aware": false,
                                                                            "Index Name": "kind_id_title",
                                                                            "Startup Cost": 0.0,
                                                                            "Total Cost": 2106.61,
                                                                            "Plan Rows": 118157,
                                                                            "Plan Width": 0,
                                                                            "Actual Startup Time": 15.686,
                                                                            "Actual Total Time": 15.687,
                                                                            "Actual Rows": 118234,
                                                                            "Actual Loops": 1,
                                                                            "Index Cond": "(t.kind_id = 4)"
                                                                        }
                                                                    ]
                                                                }
                                                            ]
                                                        }
                                                    ]
                                                }
                                            ]
                                        }
                                    ]
                                }
                            ]
                        }
                    ]
                }
            ]
        },
        "Planning Time": 5290.251,
        "Triggers": [],
        "Execution Time": 517.297
    }
]