[
  {
    "Plan": {
      "Node Type": "Aggregate",
      "Strategy": "Plain",
      "Partial Mode": "Finalize",
      "Parallel Aware": false,
      "Startup Cost": 497894.38,
      "Total Cost": 497894.39,
      "Plan Rows": 1,
      "Plan Width": 96,
      "Actual Startup Time": 2624.368,
      "Actual Total Time": 2745.789,
      "Actual Rows": 1,
      "Actual Loops": 1,
      "Plans": [
        {
          "Node Type": "Gather",
          "Parent Relationship": "Outer",
          "Parallel Aware": false,
          "Startup Cost": 497893.94,
          "Total Cost": 497894.35,
          "Plan Rows": 4,
          "Plan Width": 96,
          "Actual Startup Time": 2621.937,
          "Actual Total Time": 2745.766,
          "Actual Rows": 5,
          "Actual Loops": 1,
          "Workers Planned": 4,
          "Workers Launched": 4,
          "Single Copy": false,
          "Plans": [
            {
              "Node Type": "Aggregate",
              "Strategy": "Plain",
              "Partial Mode": "Partial",
              "Parent Relationship": "Outer",
              "Parallel Aware": false,
              "Startup Cost": 496893.94,
              "Total Cost": 496893.95,
              "Plan Rows": 1,
              "Plan Width": 96,
              "Actual Startup Time": 2611.798,
              "Actual Total Time": 2611.877,
              "Actual Rows": 1,
              "Actual Loops": 5,
              "Plans": [
                {
                  "Node Type": "Hash Join",
                  "Parent Relationship": "Outer",
                  "Parallel Aware": true,
                  "Join Type": "Inner",
                  "Startup Cost": 426950.58,
                  "Total Cost": 496889.43,
                  "Plan Rows": 602,
                  "Plan Width": 48,
                  "Actual Startup Time": 2298.68,
                  "Actual Total Time": 2602.244,
                  "Actual Rows": 49972,
                  "Actual Loops": 5,
                  "Inner Unique": false,
                  "Hash Cond": "(n.id = ci.person_id)",
                  "Plans": [
                    {
                      "Node Type": "Seq Scan",
                      "Parent Relationship": "Outer",
                      "Parallel Aware": true,
                      "Relation Name": "name",
                      "Alias": "n",
                      "Startup Cost": 0.0,
                      "Total Cost": 66031.07,
                      "Plan Rows": 1041807,
                      "Plan Width": 19,
                      "Actual Startup Time": 0.022,
                      "Actual Total Time": 129.863,
                      "Actual Rows": 833498,
                      "Actual Loops": 5
                    },
                    {
                      "Node Type": "Hash",
                      "Parent Relationship": "Inner",
                      "Parallel Aware": true,
                      "Startup Cost": 426945.57,
                      "Total Cost": 426945.57,
                      "Plan Rows": 401,
                      "Plan Width": 37,
                      "Actual Startup Time": 2297.884,
                      "Actual Total Time": 2297.96,
                      "Actual Rows": 49972,
                      "Actual Loops": 5,
                      "Hash Buckets": 262144,
                      "Original Hash Buckets": 4096,
                      "Hash Batches": 1,
                      "Original Hash Batches": 1,
                      "Peak Memory Usage": 19584,
                      "Plans": [
                        {
                          "Node Type": "Hash Join",
                          "Parent Relationship": "Outer",
                          "Parallel Aware": true,
                          "Join Type": "Inner",
                          "Startup Cost": 91233.47,
                          "Total Cost": 426945.57,
                          "Plan Rows": 401,
                          "Plan Width": 37,
                          "Actual Startup Time": 438.036,
                          "Actual Total Time": 2220.489,
                          "Actual Rows": 49972,
                          "Actual Loops": 5,
                          "Inner Unique": false,
                          "Hash Cond": "(ci.movie_id = t.id)",
                          "Plans": [
                            {
                              "Node Type": "Seq Scan",
                              "Parent Relationship": "Outer",
                              "Parallel Aware": true,
                              "Relation Name": "cast_info",
                              "Alias": "ci",
                              "Startup Cost": 0.0,
                              "Total Cost": 313068.58,
                              "Plan Rows": 6038158,
                              "Plan Width": 8,
                              "Actual Startup Time": 0.015,
                              "Actual Total Time": 902.946,
                              "Actual Rows": 7248869,
                              "Actual Loops": 5
                            },
                            {
                              "Node Type": "Hash",
                              "Parent Relationship": "Inner",
                              "Parallel Aware": true,
                              "Startup Cost": 91233.24,
                              "Total Cost": 91233.24,
                              "Plan Rows": 18,
                              "Plan Width": 41,
                              "Actual Startup Time": 437.834,
                              "Actual Total Time": 437.908,
                              "Actual Rows": 812,
                              "Actual Loops": 5,
                              "Hash Buckets": 4096,
                              "Original Hash Buckets": 1024,
                              "Hash Batches": 1,
                              "Original Hash Batches": 1,
                              "Peak Memory Usage": 472,
                              "Plans": [
                                {
                                  "Node Type": "Hash Join",
                                  "Parent Relationship": "Outer",
                                  "Parallel Aware": true,
                                  "Join Type": "Inner",
                                  "Startup Cost": 46511.78,
                                  "Total Cost": 91233.24,
                                  "Plan Rows": 18,
                                  "Plan Width": 41,
                                  "Actual Startup Time": 288.72,
                                  "Actual Total Time": 416.255,
                                  "Actual Rows": 812,
                                  "Actual Loops": 5,
                                  "Inner Unique": false,
                                  "Hash Cond": "(t.id = mk.movie_id)",
                                  "Plans": [
                                    {
                                      "Node Type": "Seq Scan",
                                      "Parent Relationship": "Outer",
                                      "Parallel Aware": true,
                                      "Relation Name": "title",
                                      "Alias": "t",
                                      "Startup Cost": 0.0,
                                      "Total Cost": 43898.62,
                                      "Plan Rows": 164558,
                                      "Plan Width": 21,
                                      "Actual Startup Time": 0.029,
                                      "Actual Total Time": 105.973,
                                      "Actual Rows": 132413,
                                      "Actual Loops": 5,
                                      "Filter": "(production_year > 2008)",
                                      "Rows Removed by Filter": 373249
                                    },
                                    {
                                      "Node Type": "Hash",
                                      "Parent Relationship": "Inner",
                                      "Parallel Aware": true,
                                      "Startup Cost": 46510.69,
                                      "Total Cost": 46510.69,
                                      "Plan Rows": 87,
                                      "Plan Width": 20,
                                      "Actual Startup Time": 288.041,
                                      "Actual Total Time": 288.045,
                                      "Actual Rows": 4852,
                                      "Actual Loops": 5,
                                      "Hash Buckets": 32768,
                                      "Original Hash Buckets": 1024,
                                      "Hash Batches": 1,
                                      "Original Hash Batches": 1,
                                      "Peak Memory Usage": 1752,
                                      "Plans": [
                                        {
                                          "Node Type": "Hash Join",
                                          "Parent Relationship": "Outer",
                                          "Parallel Aware": false,
                                          "Join Type": "Inner",
                                          "Startup Cost": 3632.5,
                                          "Total Cost": 46510.69,
                                          "Plan Rows": 87,
                                          "Plan Width": 20,
                                          "Actual Startup Time": 45.483,
                                          "Actual Total Time": 238.506,
                                          "Actual Rows": 4852,
                                          "Actual Loops": 5,
                                          "Inner Unique": true,
                                          "Hash Cond": "(mk.keyword_id = k.id)",
                                          "Plans": [
                                            {
                                              "Node Type": "Seq Scan",
                                              "Parent Relationship": "Outer",
                                              "Parallel Aware": true,
                                              "Relation Name": "movie_keyword",
                                              "Alias": "mk",
                                              "Startup Cost": 0.0,
                                              "Total Cost": 39047.32,
                                              "Plan Rows": 1459332,
                                              "Plan Width": 8,
                                              "Actual Startup Time": 0.062,
                                              "Actual Total Time": 114.15,
                                              "Actual Rows": 904786,
                                              "Actual Loops": 5
                                            },
                                            {
                                              "Node Type": "Hash",
                                              "Parent Relationship": "Inner",
                                              "Parallel Aware": false,
                                              "Startup Cost": 3632.4,
                                              "Total Cost": 3632.4,
                                              "Plan Rows": 8,
                                              "Plan Width": 20,
                                              "Actual Startup Time": 45.138,
                                              "Actual Total Time": 45.14,
                                              "Actual Rows": 6,
                                              "Actual Loops": 5,
                                              "Hash Buckets": 1024,
                                              "Original Hash Buckets": 1024,
                                              "Hash Batches": 1,
                                              "Original Hash Batches": 1,
                                              "Peak Memory Usage": 9,
                                              "Plans": [
                                                {
                                                  "Node Type": "Seq Scan",
                                                  "Parent Relationship": "Outer",
                                                  "Parallel Aware": false,
                                                  "Relation Name": "keyword",
                                                  "Alias": "k",
                                                  "Startup Cost": 0.0,
                                                  "Total Cost": 3632.4,
                                                  "Plan Rows": 8,
                                                  "Plan Width": 20,
                                                  "Actual Startup Time": 0.112,
                                                  "Actual Total Time": 45.101,
                                                  "Actual Rows": 6,
                                                  "Actual Loops": 5,
                                                  "Filter": "(keyword = ANY ('{hero,violence,blood,gore,claw,violence,marvel-comics,blood}'::text[]))",
                                                  "Rows Removed by Filter": 134164
                                                }
                                              ]
                                            }
                                          ]
                                        }
                                      ]
                                    }
                                  ]
                                }
                              ]
                            }
                          ]
                        }
                      ]
                    }
                  ]
                }
              ]
            }
          ]
        }
      ]
    },
    "Planning Time": 4.296,
    "Triggers": [],
    "Execution Time": 2746.089
  }
]