[
  {
    "Plan": {
      "Node Type": "Aggregate",
      "Strategy": "Plain",
      "Partial Mode": "Finalize",
      "Parallel Aware": false,
      "Startup Cost": 273466.69,
      "Total Cost": 273466.7,
      "Plan Rows": 1,
      "Plan Width": 8,
      "Actual Startup Time": 792.337,
      "Actual Total Time": 813.194,
      "Actual Rows": 1,
      "Actual Loops": 1,
      "Plans": [
        {
          "Node Type": "Gather",
          "Parent Relationship": "Outer",
          "Parallel Aware": false,
          "Startup Cost": 273466.38,
          "Total Cost": 273466.69,
          "Plan Rows": 3,
          "Plan Width": 8,
          "Actual Startup Time": 770.044,
          "Actual Total Time": 813.183,
          "Actual Rows": 4,
          "Actual Loops": 1,
          "Workers Planned": 3,
          "Workers Launched": 3,
          "Single Copy": false,
          "Plans": [
            {
              "Node Type": "Aggregate",
              "Strategy": "Plain",
              "Partial Mode": "Partial",
              "Parent Relationship": "Outer",
              "Parallel Aware": false,
              "Startup Cost": 272466.38,
              "Total Cost": 272466.39,
              "Plan Rows": 1,
              "Plan Width": 8,
              "Actual Startup Time": 760.864,
              "Actual Total Time": 760.87,
              "Actual Rows": 1,
              "Actual Loops": 4,
              "Plans": [
                {
                  "Node Type": "Hash Join",
                  "Parent Relationship": "Outer",
                  "Parallel Aware": true,
                  "Join Type": "Inner",
                  "Startup Cost": 224100.93,
                  "Total Cost": 271934.52,
                  "Plan Rows": 212743,
                  "Plan Width": 0,
                  "Actual Startup Time": 489.172,
                  "Actual Total Time": 733.109,
                  "Actual Rows": 648368,
                  "Actual Loops": 4,
                  "Inner Unique": false,
                  "Hash Cond": "(mk.movie_id = t.id)",
                  "Plans": [
                    {
                      "Node Type": "Seq Scan",
                      "Parent Relationship": "Outer",
                      "Parallel Aware": true,
                      "Relation Name": "movie_keyword",
                      "Alias": "mk",
                      "Startup Cost": 0.0,
                      "Total Cost": 42695.65,
                      "Plan Rows": 1256655,
                      "Plan Width": 4,
                      "Actual Startup Time": 0.074,
                      "Actual Total Time": 117.688,
                      "Actual Rows": 971073,
                      "Actual Loops": 4,
                      "Filter": "(keyword_id > 495)",
                      "Rows Removed by Filter": 159910
                    },
                    {
                      "Node Type": "Hash",
                      "Parent Relationship": "Inner",
                      "Parallel Aware": true,
                      "Startup Cost": 223030.88,
                      "Total Cost": 223030.88,
                      "Plan Rows": 85604,
                      "Plan Width": 8,
                      "Actual Startup Time": 485.942,
                      "Actual Total Time": 485.946,
                      "Actual Rows": 80252,
                      "Actual Loops": 4,
                      "Hash Buckets": 524288,
                      "Original Hash Buckets": 524288,
                      "Hash Batches": 1,
                      "Original Hash Batches": 1,
                      "Peak Memory Usage": 16704,
                      "Plans": [
                        {
                          "Node Type": "Hash Join",
                          "Parent Relationship": "Outer",
                          "Parallel Aware": true,
                          "Join Type": "Inner",
                          "Startup Cost": 59612.78,
                          "Total Cost": 223030.88,
                          "Plan Rows": 85604,
                          "Plan Width": 8,
                          "Actual Startup Time": 378.552,
                          "Actual Total Time": 456.715,
                          "Actual Rows": 80252,
                          "Actual Loops": 4,
                          "Inner Unique": true,
                          "Hash Cond": "(mi.movie_id = t.id)",
                          "Plans": [
                            {
                              "Node Type": "Bitmap Heap Scan",
                              "Parent Relationship": "Outer",
                              "Parallel Aware": true,
                              "Relation Name": "movie_info",
                              "Alias": "mi",
                              "Startup Cost": 8535.51,
                              "Total Cost": 171706.27,
                              "Plan Rows": 94221,
                              "Plan Width": 4,
                              "Actual Startup Time": 34.339,
                              "Actual Total Time": 51.655,
                              "Actual Rows": 118611,
                              "Actual Loops": 4,
                              "Recheck Cond": "(info_type_id = 6)",
                              "Rows Removed by Index Recheck": 0,
                              "Exact Heap Blocks": 864,
                              "Lossy Heap Blocks": 0,
                              "Plans": [
                                {
                                  "Node Type": "Bitmap Index Scan",
                                  "Parent Relationship": "Outer",
                                  "Parallel Aware": false,
                                  "Index Name": "info_type_id_movie_info",
                                  "Startup Cost": 0.0,
                                  "Total Cost": 8417.73,
                                  "Plan Rows": 471106,
                                  "Plan Width": 0,
                                  "Actual Startup Time": 33.559,
                                  "Actual Total Time": 33.559,
                                  "Actual Rows": 474443,
                                  "Actual Loops": 1,
                                  "Index Cond": "(info_type_id = 6)"
                                }
                              ]
                            },
                            {
                              "Node Type": "Hash",
                              "Parent Relationship": "Inner",
                              "Parallel Aware": true,
                              "Startup Cost": 43898.92,
                              "Total Cost": 43898.92,
                              "Plan Rows": 574269,
                              "Plan Width": 4,
                              "Actual Startup Time": 335.466,
                              "Actual Total Time": 335.467,
                              "Actual Rows": 573008,
                              "Actual Loops": 4,
                              "Hash Buckets": 4194304,
                              "Original Hash Buckets": 4194304,
                              "Hash Batches": 1,
                              "Original Hash Batches": 1,
                              "Peak Memory Usage": 122496,
                              "Plans": [
                                {
                                  "Node Type": "Seq Scan",
                                  "Parent Relationship": "Outer",
                                  "Parallel Aware": true,
                                  "Relation Name": "title",
                                  "Alias": "t",
                                  "Startup Cost": 0.0,
                                  "Total Cost": 43898.92,
                                  "Plan Rows": 574269,
                                  "Plan Width": 4,
                                  "Actual Startup Time": 0.052,
                                  "Actual Total Time": 117.035,
                                  "Actual Rows": 573008,
                                  "Actual Loops": 4,
                                  "Filter": "(production_year > 1949)",
                                  "Rows Removed by Filter": 59070
                                }
                              ]
                            }
                          ]
                        }
                      ]
                    }
                  ]
                }
              ]
            }
          ]
        }
      ]
    },
    "Planning Time": 1.352,
    "Triggers": [],
    "Execution Time": 813.298
  }
]