[
    {
        "Bao": {
            "Bao prediction": "NaN",
            "Bao recommended hint": "(no hint)"
        }
    },
    {
        "Plan": {
            "Node Type": "Aggregate",
            "Strategy": "Plain",
            "Partial Mode": "Finalize",
            "Parallel Aware": false,
            "Startup Cost": 42096.32,
            "Total Cost": 42096.33,
            "Plan Rows": 1,
            "Plan Width": 8,
            "Actual Startup Time": 129.798,
            "Actual Total Time": 136.438,
            "Actual Rows": 1,
            "Actual Loops": 1,
            "Output": [
                "count(*)"
            ],
            "Plans": [
                {
                    "Node Type": "Gather",
                    "Parent Relationship": "Outer",
                    "Parallel Aware": false,
                    "Startup Cost": 42096.0,
                    "Total Cost": 42096.31,
                    "Plan Rows": 3,
                    "Plan Width": 8,
                    "Actual Startup Time": 129.581,
                    "Actual Total Time": 136.429,
                    "Actual Rows": 4,
                    "Actual Loops": 1,
                    "Output": [
                        "(PARTIAL count(*))"
                    ],
                    "Workers Planned": 3,
                    "Workers Launched": 3,
                    "Single Copy": false,
                    "Plans": [
                        {
                            "Node Type": "Aggregate",
                            "Strategy": "Plain",
                            "Partial Mode": "Partial",
                            "Parent Relationship": "Outer",
                            "Parallel Aware": false,
                            "Startup Cost": 41096.0,
                            "Total Cost": 41096.01,
                            "Plan Rows": 1,
                            "Plan Width": 8,
                            "Actual Startup Time": 121.04,
                            "Actual Total Time": 121.042,
                            "Actual Rows": 1,
                            "Actual Loops": 4,
                            "Output": [
                                "PARTIAL count(*)"
                            ],
                            "Workers": [
                                {
                                    "Worker Number": 0,
                                    "Actual Startup Time": 117.996,
                                    "Actual Total Time": 117.997,
                                    "Actual Rows": 1,
                                    "Actual Loops": 1
                                },
                                {
                                    "Worker Number": 1,
                                    "Actual Startup Time": 118.227,
                                    "Actual Total Time": 118.229,
                                    "Actual Rows": 1,
                                    "Actual Loops": 1
                                },
                                {
                                    "Worker Number": 2,
                                    "Actual Startup Time": 118.63,
                                    "Actual Total Time": 118.632,
                                    "Actual Rows": 1,
                                    "Actual Loops": 1
                                }
                            ],
                            "Plans": [
                                {
                                    "Node Type": "Bitmap Heap Scan",
                                    "Parent Relationship": "Outer",
                                    "Parallel Aware": true,
                                    "Relation Name": "movie_keyword",
                                    "Schema": "public",
                                    "Alias": "mk",
                                    "Startup Cost": 13551.07,
                                    "Total Cost": 40580.84,
                                    "Plan Rows": 206062,
                                    "Plan Width": 0,
                                    "Actual Startup Time": 36.832,
                                    "Actual Total Time": 112.117,
                                    "Actual Rows": 160432,
                                    "Actual Loops": 4,
                                    "Recheck Cond": "(mk.keyword_id < 498)",
                                    "Rows Removed by Index Recheck": 0,
                                    "Exact Heap Blocks": 10204,
                                    "Lossy Heap Blocks": 0,
                                    "Workers": [
                                        {
                                            "Worker Number": 0,
                                            "Actual Startup Time": 34.017,
                                            "Actual Total Time": 109.717,
                                            "Actual Rows": 128538,
                                            "Actual Loops": 1
                                        },
                                        {
                                            "Worker Number": 1,
                                            "Actual Startup Time": 34.166,
                                            "Actual Total Time": 110.504,
                                            "Actual Rows": 120287,
                                            "Actual Loops": 1
                                        },
                                        {
                                            "Worker Number": 2,
                                            "Actual Startup Time": 34.429,
                                            "Actual Total Time": 110.649,
                                            "Actual Rows": 125433,
                                            "Actual Loops": 1
                                        }
                                    ],
                                    "Plans": [
                                        {
                                            "Node Type": "Bitmap Index Scan",
                                            "Parent Relationship": "Outer",
                                            "Parallel Aware": false,
                                            "Index Name": "keyword_id_movie_keyword",
                                            "Startup Cost": 0.0,
                                            "Total Cost": 13391.37,
                                            "Plan Rows": 638792,
                                            "Plan Width": 0,
                                            "Actual Startup Time": 41.179,
                                            "Actual Total Time": 41.179,
                                            "Actual Rows": 641726,
                                            "Actual Loops": 1,
                                            "Index Cond": "(mk.keyword_id < 498)"
                                        }
                                    ]
                                }
                            ]
                        }
                    ]
                }
            ]
        },
        "Planning Time": 211.711,
        "Triggers": [],
        "Execution Time": 136.493
    }
]