[
  {
    "Plan": {
      "Node Type": "Aggregate",
      "Strategy": "Plain",
      "Partial Mode": "Finalize",
      "Parallel Aware": false,
      "Startup Cost": 24894.05,
      "Total Cost": 24894.06,
      "Plan Rows": 1,
      "Plan Width": 8,
      "Actual Startup Time": 35.435,
      "Actual Total Time": 39.023,
      "Actual Rows": 1,
      "Actual Loops": 1,
      "Plans": [
        {
          "Node Type": "Gather",
          "Parent Relationship": "Outer",
          "Parallel Aware": false,
          "Startup Cost": 24893.73,
          "Total Cost": 24894.04,
          "Plan Rows": 3,
          "Plan Width": 8,
          "Actual Startup Time": 35.254,
          "Actual Total Time": 39.015,
          "Actual Rows": 4,
          "Actual Loops": 1,
          "Workers Planned": 3,
          "Workers Launched": 3,
          "Single Copy": false,
          "Plans": [
            {
              "Node Type": "Aggregate",
              "Strategy": "Plain",
              "Partial Mode": "Partial",
              "Parent Relationship": "Outer",
              "Parallel Aware": false,
              "Startup Cost": 23893.73,
              "Total Cost": 23893.74,
              "Plan Rows": 1,
              "Plan Width": 8,
              "Actual Startup Time": 29.995,
              "Actual Total Time": 29.996,
              "Actual Rows": 1,
              "Actual Loops": 4,
              "Plans": [
                {
                  "Node Type": "Bitmap Heap Scan",
                  "Parent Relationship": "Outer",
                  "Parallel Aware": true,
                  "Relation Name": "movie_companies",
                  "Alias": "mc",
                  "Startup Cost": 4172.29,
                  "Total Cost": 23738.49,
                  "Plan Rows": 62096,
                  "Plan Width": 0,
                  "Actual Startup Time": 7.051,
                  "Actual Total Time": 27.139,
                  "Actual Rows": 47180,
                  "Actual Loops": 4,
                  "Recheck Cond": "(company_id > 117089)",
                  "Rows Removed by Index Recheck": 0,
                  "Exact Heap Blocks": 1906,
                  "Lossy Heap Blocks": 0,
                  "Plans": [
                    {
                      "Node Type": "Bitmap Index Scan",
                      "Parent Relationship": "Outer",
                      "Parallel Aware": false,
                      "Index Name": "company_id_movie_companies",
                      "Startup Cost": 0.0,
                      "Total Cost": 4124.16,
                      "Plan Rows": 192498,
                      "Plan Width": 0,
                      "Actual Startup Time": 11.012,
                      "Actual Total Time": 11.013,
                      "Actual Rows": 188719,
                      "Actual Loops": 1,
                      "Index Cond": "(company_id > 117089)"
                    }
                  ]
                }
              ]
            }
          ]
        }
      ]
    },
    "Planning Time": 0.11,
    "Triggers": [],
    "Execution Time": 39.076
  }
]