{
  "Plan": {
    "Node Type": "Merge Join",
    "Parallel Aware": false,
    "Join Type": "Inner",
    "Startup Cost": 292215.61,
    "Total Cost": 320240.93,
    "Plan Rows": 1048295,
    "Plan Width": 4,
    "Actual Startup Time": 2022.646,
    "Actual Total Time": 2292.505,
    "Actual Rows": 1043520,
    "Actual Loops": 1,
    "Inner Unique": false,
    "Merge Cond": "(cn.id = mc.company_id)",
    "Plans": [
      {
        "Node Type": "Index Only Scan",
        "Parent Relationship": "Outer",
        "Parallel Aware": false,
        "Scan Direction": "Forward",
        "Index Name": "company_name_pkey",
        "Relation Name": "company_name",
        "Alias": "cn",
        "Startup Cost": 0.42,
        "Total Cost": 11881.93,
        "Plan Rows": 234997,
        "Plan Width": 4,
        "Actual Startup Time": 0.057,
        "Actual Total Time": 7.208,
        "Actual Rows": 6029,
        "Actual Loops": 1,
        "Heap Fetches": 6029
      },
      {
        "Node Type": "Sort",
        "Parent Relationship": "Inner",
        "Parallel Aware": false,
        "Startup Cost": 292054.93,
        "Total Cost": 294675.67,
        "Plan Rows": 1048295,
        "Plan Width": 4,
        "Actual Startup Time": 2022.577,
        "Actual Total Time": 2178.663,
        "Actual Rows": 1043520,
        "Actual Loops": 1,
        "Sort Key": [
          "mc.company_id"
        ],
        "Sort Method": "quicksort",
        "Sort Space Used": 73492,
        "Sort Space Type": "Memory",
        "Plans": [
          {
            "Node Type": "Hash Join",
            "Parent Relationship": "Outer",
            "Parallel Aware": false,
            "Join Type": "Inner",
            "Startup Cost": 93336.96,
            "Total Cost": 187227.46,
            "Plan Rows": 1048295,
            "Plan Width": 4,
            "Actual Startup Time": 684.703,
            "Actual Total Time": 1825.713,
            "Actual Rows": 1043520,
            "Actual Loops": 1,
            "Inner Unique": false,
            "Hash Cond": "(t.id = mc.movie_id)",
            "Plans": [
              {
                "Node Type": "Seq Scan",
                "Parent Relationship": "Outer",
                "Parallel Aware": false,
                "Relation Name": "title",
                "Alias": "t",
                "Startup Cost": 0.0,
                "Total Cost": 61283.09,
                "Plan Rows": 2528509,
                "Plan Width": 4,
                "Actual Startup Time": 0.076,
                "Actual Total Time": 301.749,
                "Actual Rows": 2528312,
                "Actual Loops": 1
              },
              {
                "Node Type": "Hash",
                "Parent Relationship": "Inner",
                "Parallel Aware": false,
                "Startup Cost": 80233.28,
                "Total Cost": 80233.28,
                "Plan Rows": 1048295,
                "Plan Width": 8,
                "Actual Startup Time": 672.857,
                "Actual Total Time": 672.861,
                "Actual Rows": 1043520,
                "Actual Loops": 1,
                "Hash Buckets": 1048576,
                "Original Hash Buckets": 1048576,
                "Hash Batches": 1,
                "Original Hash Batches": 1,
                "Peak Memory Usage": 48955,
                "Plans": [
                  {
                    "Node Type": "Hash Join",
                    "Parent Relationship": "Outer",
                    "Parallel Aware": false,
                    "Join Type": "Inner",
                    "Startup Cost": 64507.8,
                    "Total Cost": 80233.28,
                    "Plan Rows": 1048295,
                    "Plan Width": 8,
                    "Actual Startup Time": 416.559,
                    "Actual Total Time": 496.371,
                    "Actual Rows": 1043520,
                    "Actual Loops": 1,
                    "Inner Unique": false,
                    "Hash Cond": "(ct.id = mc.company_type_id)",
                    "Plans": [
                      {
                        "Node Type": "Seq Scan",
                        "Parent Relationship": "Outer",
                        "Parallel Aware": false,
                        "Relation Name": "company_type",
                        "Alias": "ct",
                        "Startup Cost": 0.0,
                        "Total Cost": 1.04,
                        "Plan Rows": 4,
                        "Plan Width": 4,
                        "Actual Startup Time": 0.021,
                        "Actual Total Time": 0.026,
                        "Actual Rows": 4,
                        "Actual Loops": 1
                      },
                      {
                        "Node Type": "Hash",
                        "Parent Relationship": "Inner",
                        "Parallel Aware": false,
                        "Startup Cost": 51404.11,
                        "Total Cost": 51404.11,
                        "Plan Rows": 1048295,
                        "Plan Width": 12,
                        "Actual Startup Time": 407.733,
                        "Actual Total Time": 407.735,
                        "Actual Rows": 1043520,
                        "Actual Loops": 1,
                        "Hash Buckets": 1048576,
                        "Original Hash Buckets": 1048576,
                        "Hash Batches": 1,
                        "Original Hash Batches": 1,
                        "Peak Memory Usage": 53031,
                        "Plans": [
                          {
                            "Node Type": "Seq Scan",
                            "Parent Relationship": "Outer",
                            "Parallel Aware": false,
                            "Relation Name": "movie_companies",
                            "Alias": "mc",
                            "Startup Cost": 0.0,
                            "Total Cost": 51404.11,
                            "Plan Rows": 1048295,
                            "Plan Width": 12,
                            "Actual Startup Time": 0.022,
                            "Actual Total Time": 263.734,
                            "Actual Rows": 1043520,
                            "Actual Loops": 1,
                            "Filter": "(company_id < 6029)",
                            "Rows Removed by Filter": 1565609
                          }
                        ]
                      }
                    ]
                  }
                ]
              }
            ]
          }
        ]
      }
    ]
  },
  "Planning Time": 4.905,
  "Triggers": [],
  "Execution Time": 2331.087
}