{
  "Plan": {
    "Node Type": "Aggregate",
    "Strategy": "Plain",
    "Partial Mode": "Finalize",
    "Parallel Aware": false,
    "Startup Cost": 793705.06,
    "Total Cost": 793705.07,
    "Plan Rows": 1,
    "Plan Width": 8,
    "Actual Startup Time": 5904.616,
    "Actual Total Time": 5953.78,
    "Actual Rows": 1,
    "Actual Loops": 1,
    "Plans": [
      {
        "Node Type": "Gather",
        "Parent Relationship": "Outer",
        "Parallel Aware": false,
        "Startup Cost": 793704.95,
        "Total Cost": 793705.06,
        "Plan Rows": 1,
        "Plan Width": 8,
        "Actual Startup Time": 5848.386,
        "Actual Total Time": 5953.765,
        "Actual Rows": 2,
        "Actual Loops": 1,
        "Workers Planned": 1,
        "Workers Launched": 1,
        "Single Copy": false,
        "Plans": [
          {
            "Node Type": "Aggregate",
            "Strategy": "Plain",
            "Partial Mode": "Partial",
            "Parent Relationship": "Outer",
            "Parallel Aware": false,
            "Startup Cost": 792704.95,
            "Total Cost": 792704.96,
            "Plan Rows": 1,
            "Plan Width": 8,
            "Actual Startup Time": 5854.836,
            "Actual Total Time": 5854.855,
            "Actual Rows": 1,
            "Actual Loops": 2,
            "Plans": [
              {
                "Node Type": "Merge Join",
                "Parent Relationship": "Outer",
                "Parallel Aware": false,
                "Join Type": "Inner",
                "Startup Cost": 767847.08,
                "Total Cost": 791587.35,
                "Plan Rows": 447038,
                "Plan Width": 0,
                "Actual Startup Time": 4714.022,
                "Actual Total Time": 5754.848,
                "Actual Rows": 2481784,
                "Actual Loops": 2,
                "Inner Unique": false,
                "Merge Cond": "(t.id = ci.movie_id)",
                "Plans": [
                  {
                    "Node Type": "Sort",
                    "Parent Relationship": "Outer",
                    "Parallel Aware": false,
                    "Startup Cost": 703681.1,
                    "Total Cost": 712206.35,
                    "Plan Rows": 3410099,
                    "Plan Width": 8,
                    "Actual Startup Time": 4398.497,
                    "Actual Total Time": 4686.538,
                    "Actual Rows": 5435836,
                    "Actual Loops": 2,
                    "Sort Key": [
                      "t.id"
                    ],
                    "Sort Method": "quicksort",
                    "Sort Space Used": 441570,
                    "Sort Space Type": "Memory",
                    "Workers": [
                      {
                        "Worker Number": 0,
                        "Sort Method": "quicksort",
                        "Sort Space Used": 461290,
                        "Sort Space Type": "Memory"
                      }
                    ],
                    "Plans": [
                      {
                        "Node Type": "Hash Join",
                        "Parent Relationship": "Outer",
                        "Parallel Aware": true,
                        "Join Type": "Inner",
                        "Startup Cost": 61878.3,
                        "Total Cost": 333661.79,
                        "Plan Rows": 3410099,
                        "Plan Width": 8,
                        "Actual Startup Time": 323.075,
                        "Actual Total Time": 3178.513,
                        "Actual Rows": 5436192,
                        "Actual Loops": 2,
                        "Inner Unique": true,
                        "Hash Cond": "(mi.movie_id = t.id)",
                        "Plans": [
                          {
                            "Node Type": "Seq Scan",
                            "Parent Relationship": "Outer",
                            "Parallel Aware": true,
                            "Relation Name": "movie_info",
                            "Alias": "mi",
                            "Startup Cost": 0.0,
                            "Total Cost": 248955.74,
                            "Plan Rows": 8696274,
                            "Plan Width": 4,
                            "Actual Startup Time": 0.01,
                            "Actual Total Time": 765.058,
                            "Actual Rows": 7417860,
                            "Actual Loops": 2
                          },
                          {
                            "Node Type": "Hash",
                            "Parent Relationship": "Inner",
                            "Parallel Aware": true,
                            "Startup Cost": 54588.39,
                            "Total Cost": 54588.39,
                            "Plan Rows": 583193,
                            "Plan Width": 4,
                            "Actual Startup Time": 311.073,
                            "Actual Total Time": 311.075,
                            "Actual Rows": 492524,
                            "Actual Loops": 2,
                            "Hash Buckets": 1048576,
                            "Original Hash Buckets": 1048576,
                            "Hash Batches": 1,
                            "Original Hash Batches": 1,
                            "Peak Memory Usage": 46752,
                            "Plans": [
                              {
                                "Node Type": "Seq Scan",
                                "Parent Relationship": "Outer",
                                "Parallel Aware": true,
                                "Relation Name": "title",
                                "Alias": "t",
                                "Startup Cost": 0.0,
                                "Total Cost": 54588.39,
                                "Plan Rows": 583193,
                                "Plan Width": 4,
                                "Actual Startup Time": 0.062,
                                "Actual Total Time": 167.625,
                                "Actual Rows": 492524,
                                "Actual Loops": 2,
                                "Filter": "(kind_id < 7)",
                                "Rows Removed by Filter": 771632
                              }
                            ]
                          }
                        ]
                      }
                    ]
                  },
                  {
                    "Node Type": "Sort",
                    "Parent Relationship": "Inner",
                    "Parallel Aware": false,
                    "Startup Cost": 64165.94,
                    "Total Cost": 64994.54,
                    "Plan Rows": 331440,
                    "Plan Width": 4,
                    "Actual Startup Time": 315.494,
                    "Actual Total Time": 482.534,
                    "Actual Rows": 2717191,
                    "Actual Loops": 2,
                    "Sort Key": [
                      "ci.movie_id"
                    ],
                    "Sort Method": "quicksort",
                    "Sort Space Used": 55046,
                    "Sort Space Type": "Memory",
                    "Workers": [
                      {
                        "Worker Number": 0,
                        "Sort Method": "quicksort",
                        "Sort Space Used": 55046,
                        "Sort Space Type": "Memory"
                      }
                    ],
                    "Plans": [
                      {
                        "Node Type": "Index Scan",
                        "Parent Relationship": "Outer",
                        "Parallel Aware": false,
                        "Scan Direction": "Forward",
                        "Index Name": "role_id_cast_info",
                        "Relation Name": "cast_info",
                        "Alias": "ci",
                        "Startup Cost": 0.56,
                        "Total Cost": 33775.57,
                        "Plan Rows": 331440,
                        "Plan Width": 4,
                        "Actual Startup Time": 0.128,
                        "Actual Total Time": 149.812,
                        "Actual Rows": 650017,
                        "Actual Loops": 2,
                        "Index Cond": "(role_id = 5)",
                        "Rows Removed by Index Recheck": 0,
                        "Filter": "(person_id > 2351974)",
                        "Rows Removed by Filter": 248372
                      }
                    ]
                  }
                ]
              }
            ]
          }
        ]
      }
    ]
  },
  "Planning Time": 1.25,
  "Triggers": [],
  "Execution Time": 5995.603
}