[
  {
    "Plan": {
      "Node Type": "Aggregate",
      "Strategy": "Plain",
      "Partial Mode": "Finalize",
      "Parallel Aware": false,
      "Startup Cost": 33082.87,
      "Total Cost": 33082.88,
      "Plan Rows": 1,
      "Plan Width": 8,
      "Actual Startup Time": 100.853,
      "Actual Total Time": 108.659,
      "Actual Rows": 1,
      "Actual Loops": 1,
      "Plans": [
        {
          "Node Type": "Gather",
          "Parent Relationship": "Outer",
          "Parallel Aware": false,
          "Startup Cost": 33082.55,
          "Total Cost": 33082.86,
          "Plan Rows": 3,
          "Plan Width": 8,
          "Actual Startup Time": 100.733,
          "Actual Total Time": 108.651,
          "Actual Rows": 4,
          "Actual Loops": 1,
          "Workers Planned": 3,
          "Workers Launched": 3,
          "Single Copy": false,
          "Plans": [
            {
              "Node Type": "Aggregate",
              "Strategy": "Plain",
              "Partial Mode": "Partial",
              "Parent Relationship": "Outer",
              "Parallel Aware": false,
              "Startup Cost": 32082.55,
              "Total Cost": 32082.56,
              "Plan Rows": 1,
              "Plan Width": 8,
              "Actual Startup Time": 92.977,
              "Actual Total Time": 92.978,
              "Actual Rows": 1,
              "Actual Loops": 4,
              "Plans": [
                {
                  "Node Type": "Seq Scan",
                  "Parent Relationship": "Outer",
                  "Parallel Aware": true,
                  "Relation Name": "movie_companies",
                  "Alias": "mc",
                  "Startup Cost": 0.0,
                  "Total Cost": 31414.82,
                  "Plan Rows": 267094,
                  "Plan Width": 0,
                  "Actual Startup Time": 1.186,
                  "Actual Total Time": 84.272,
                  "Actual Rows": 156261,
                  "Actual Loops": 4,
                  "Filter": "((company_id > 3111) AND (company_type_id < 2))",
                  "Rows Removed by Filter": 496021
                }
              ]
            }
          ]
        }
      ]
    },
    "Planning Time": 0.122,
    "Triggers": [],
    "Execution Time": 108.694
  }
]