[
  {
    "Plan": {
      "Node Type": "Aggregate",
      "Strategy": "Plain",
      "Partial Mode": "Finalize",
      "Parallel Aware": false,
      "Startup Cost": 45964.03,
      "Total Cost": 45964.04,
      "Plan Rows": 1,
      "Plan Width": 8,
      "Actual Startup Time": 198.164,
      "Actual Total Time": 212.69,
      "Actual Rows": 1,
      "Actual Loops": 1,
      "Plans": [
        {
          "Node Type": "Gather",
          "Parent Relationship": "Outer",
          "Parallel Aware": false,
          "Startup Cost": 45963.71,
          "Total Cost": 45964.02,
          "Plan Rows": 3,
          "Plan Width": 8,
          "Actual Startup Time": 198.014,
          "Actual Total Time": 212.683,
          "Actual Rows": 4,
          "Actual Loops": 1,
          "Workers Planned": 3,
          "Workers Launched": 3,
          "Single Copy": false,
          "Plans": [
            {
              "Node Type": "Aggregate",
              "Strategy": "Plain",
              "Partial Mode": "Partial",
              "Parent Relationship": "Outer",
              "Parallel Aware": false,
              "Startup Cost": 44963.71,
              "Total Cost": 44963.72,
              "Plan Rows": 1,
              "Plan Width": 8,
              "Actual Startup Time": 191.761,
              "Actual Total Time": 191.762,
              "Actual Rows": 1,
              "Actual Loops": 4,
              "Plans": [
                {
                  "Node Type": "Seq Scan",
                  "Parent Relationship": "Outer",
                  "Parallel Aware": true,
                  "Relation Name": "movie_keyword",
                  "Alias": "mk",
                  "Startup Cost": 0.0,
                  "Total Cost": 42695.65,
                  "Plan Rows": 907222,
                  "Plan Width": 0,
                  "Actual Startup Time": 0.043,
                  "Actual Total Time": 148.875,
                  "Actual Rows": 705697,
                  "Actual Loops": 4,
                  "Filter": "(keyword_id < 8455)",
                  "Rows Removed by Filter": 425286
                }
              ]
            }
          ]
        }
      ]
    },
    "Planning Time": 0.169,
    "Triggers": [],
    "Execution Time": 212.747
  }
]