{
  "Plan": {
    "Node Type": "Aggregate",
    "Strategy": "Plain",
    "Partial Mode": "Finalize",
    "Parallel Aware": false,
    "Startup Cost": 800450.25,
    "Total Cost": 800450.26,
    "Plan Rows": 1,
    "Plan Width": 8,
    "Actual Startup Time": 5303.165,
    "Actual Total Time": 5363.075,
    "Actual Rows": 1,
    "Actual Loops": 1,
    "Plans": [
      {
        "Node Type": "Gather",
        "Parent Relationship": "Outer",
        "Parallel Aware": false,
        "Startup Cost": 800450.14,
        "Total Cost": 800450.25,
        "Plan Rows": 1,
        "Plan Width": 8,
        "Actual Startup Time": 5300.873,
        "Actual Total Time": 5363.058,
        "Actual Rows": 2,
        "Actual Loops": 1,
        "Workers Planned": 1,
        "Workers Launched": 1,
        "Single Copy": false,
        "Plans": [
          {
            "Node Type": "Aggregate",
            "Strategy": "Plain",
            "Partial Mode": "Partial",
            "Parent Relationship": "Outer",
            "Parallel Aware": false,
            "Startup Cost": 799450.14,
            "Total Cost": 799450.15,
            "Plan Rows": 1,
            "Plan Width": 8,
            "Actual Startup Time": 5293.106,
            "Actual Total Time": 5293.111,
            "Actual Rows": 1,
            "Actual Loops": 2,
            "Plans": [
              {
                "Node Type": "Hash Join",
                "Parent Relationship": "Outer",
                "Parallel Aware": true,
                "Join Type": "Inner",
                "Startup Cost": 129110.82,
                "Total Cost": 777077.63,
                "Plan Rows": 8949006,
                "Plan Width": 0,
                "Actual Startup Time": 680.742,
                "Actual Total Time": 5078.795,
                "Actual Rows": 5353044,
                "Actual Loops": 2,
                "Inner Unique": false,
                "Hash Cond": "(ci.movie_id = t.id)",
                "Plans": [
                  {
                    "Node Type": "Seq Scan",
                    "Parent Relationship": "Outer",
                    "Parallel Aware": true,
                    "Relation Name": "cast_info",
                    "Alias": "ci",
                    "Startup Cost": 0.0,
                    "Total Cost": 519069.44,
                    "Plan Rows": 20334974,
                    "Plan Width": 4,
                    "Actual Startup Time": 0.016,
                    "Actual Total Time": 1675.301,
                    "Actual Rows": 17317220,
                    "Actual Loops": 2,
                    "Filter": "(person_id < 3743015)",
                    "Rows Removed by Filter": 804952
                  },
                  {
                    "Node Type": "Hash",
                    "Parent Relationship": "Inner",
                    "Parallel Aware": true,
                    "Startup Cost": 120929.57,
                    "Total Cost": 120929.57,
                    "Plan Rows": 654500,
                    "Plan Width": 8,
                    "Actual Startup Time": 666.459,
                    "Actual Total Time": 666.463,
                    "Actual Rows": 140127,
                    "Actual Loops": 2,
                    "Hash Buckets": 2097152,
                    "Original Hash Buckets": 2097152,
                    "Hash Batches": 1,
                    "Original Hash Batches": 1,
                    "Peak Memory Usage": 27360,
                    "Plans": [
                      {
                        "Node Type": "Hash Join",
                        "Parent Relationship": "Outer",
                        "Parallel Aware": true,
                        "Join Type": "Inner",
                        "Startup Cost": 62878.73,
                        "Total Cost": 120929.57,
                        "Plan Rows": 654500,
                        "Plan Width": 8,
                        "Actual Startup Time": 261.811,
                        "Actual Total Time": 635.228,
                        "Actual Rows": 140127,
                        "Actual Loops": 2,
                        "Inner Unique": true,
                        "Hash Cond": "(mk.movie_id = t.id)",
                        "Plans": [
                          {
                            "Node Type": "Seq Scan",
                            "Parent Relationship": "Outer",
                            "Parallel Aware": true,
                            "Relation Name": "movie_keyword",
                            "Alias": "mk",
                            "Startup Cost": 0.0,
                            "Total Cost": 51065.35,
                            "Plan Rows": 2661135,
                            "Plan Width": 4,
                            "Actual Startup Time": 0.012,
                            "Actual Total Time": 157.356,
                            "Actual Rows": 2261965,
                            "Actual Loops": 2
                          },
                          {
                            "Node Type": "Hash",
                            "Parent Relationship": "Inner",
                            "Parallel Aware": true,
                            "Startup Cost": 58306.47,
                            "Total Cost": 58306.47,
                            "Plan Rows": 365781,
                            "Plan Width": 4,
                            "Actual Startup Time": 258.033,
                            "Actual Total Time": 258.034,
                            "Actual Rows": 338464,
                            "Actual Loops": 2,
                            "Hash Buckets": 1048576,
                            "Original Hash Buckets": 1048576,
                            "Hash Batches": 1,
                            "Original Hash Batches": 1,
                            "Peak Memory Usage": 34720,
                            "Plans": [
                              {
                                "Node Type": "Seq Scan",
                                "Parent Relationship": "Outer",
                                "Parallel Aware": true,
                                "Relation Name": "title",
                                "Alias": "t",
                                "Startup Cost": 0.0,
                                "Total Cost": 58306.47,
                                "Plan Rows": 365781,
                                "Plan Width": 4,
                                "Actual Startup Time": 0.029,
                                "Actual Total Time": 153.748,
                                "Actual Rows": 338464,
                                "Actual Loops": 2,
                                "Filter": "((production_year > 2005) AND (kind_id = 7))",
                                "Rows Removed by Filter": 925692
                              }
                            ]
                          }
                        ]
                      }
                    ]
                  }
                ]
              }
            ]
          }
        ]
      }
    ]
  },
  "Planning Time": 0.956,
  "Triggers": [],
  "Execution Time": 5363.169
}