[
  {
    "Plan": {
      "Node Type": "Aggregate",
      "Strategy": "Plain",
      "Partial Mode": "Finalize",
      "Parallel Aware": false,
      "Startup Cost": 352193.51,
      "Total Cost": 352193.52,
      "Plan Rows": 1,
      "Plan Width": 8,
      "Actual Startup Time": 331.176,
      "Actual Total Time": 388.15,
      "Actual Rows": 1,
      "Actual Loops": 1,
      "Plans": [
        {
          "Node Type": "Gather",
          "Parent Relationship": "Outer",
          "Parallel Aware": false,
          "Startup Cost": 352193.09,
          "Total Cost": 352193.5,
          "Plan Rows": 4,
          "Plan Width": 8,
          "Actual Startup Time": 331.067,
          "Actual Total Time": 388.14,
          "Actual Rows": 5,
          "Actual Loops": 1,
          "Workers Planned": 4,
          "Workers Launched": 4,
          "Single Copy": false,
          "Plans": [
            {
              "Node Type": "Aggregate",
              "Strategy": "Plain",
              "Partial Mode": "Partial",
              "Parent Relationship": "Outer",
              "Parallel Aware": false,
              "Startup Cost": 351193.09,
              "Total Cost": 351193.1,
              "Plan Rows": 1,
              "Plan Width": 8,
              "Actual Startup Time": 321.368,
              "Actual Total Time": 321.369,
              "Actual Rows": 1,
              "Actual Loops": 5,
              "Plans": [
                {
                  "Node Type": "Nested Loop",
                  "Parent Relationship": "Outer",
                  "Parallel Aware": false,
                  "Join Type": "Inner",
                  "Startup Cost": 0.56,
                  "Total Cost": 350894.51,
                  "Plan Rows": 119434,
                  "Plan Width": 0,
                  "Actual Startup Time": 0.295,
                  "Actual Total Time": 315.802,
                  "Actual Rows": 83513,
                  "Actual Loops": 5,
                  "Inner Unique": false,
                  "Plans": [
                    {
                      "Node Type": "Seq Scan",
                      "Parent Relationship": "Outer",
                      "Parallel Aware": true,
                      "Relation Name": "title",
                      "Alias": "t",
                      "Startup Cost": 0.0,
                      "Total Cost": 45479.1,
                      "Plan Rows": 10463,
                      "Plan Width": 4,
                      "Actual Startup Time": 0.045,
                      "Actual Total Time": 61.685,
                      "Actual Rows": 8051,
                      "Actual Loops": 5,
                      "Filter": "((production_year > 2012) AND (kind_id = 7))",
                      "Rows Removed by Filter": 497611
                    },
                    {
                      "Node Type": "Index Scan",
                      "Parent Relationship": "Inner",
                      "Parallel Aware": false,
                      "Scan Direction": "Forward",
                      "Index Name": "movie_id_cast_info",
                      "Relation Name": "cast_info",
                      "Alias": "ci",
                      "Startup Cost": 0.56,
                      "Total Cost": 28.9,
                      "Plan Rows": 29,
                      "Plan Width": 4,
                      "Actual Startup Time": 0.011,
                      "Actual Total Time": 0.03,
                      "Actual Rows": 10,
                      "Actual Loops": 40257,
                      "Index Cond": "(movie_id = t.id)",
                      "Rows Removed by Index Recheck": 0,
                      "Filter": "(person_id > 733782)",
                      "Rows Removed by Filter": 2
                    }
                  ]
                }
              ]
            }
          ]
        }
      ]
    },
    "Planning Time": 0.666,
    "Triggers": [],
    "Execution Time": 388.242
  }
]