[
    {
        "Bao": {
            "Bao prediction": "NaN",
            "Bao recommended hint": "(no hint)"
        }
    },
    {
        "Plan": {
            "Node Type": "Aggregate",
            "Strategy": "Plain",
            "Partial Mode": "Finalize",
            "Parallel Aware": false,
            "Startup Cost": 75693.02,
            "Total Cost": 75693.03,
            "Plan Rows": 1,
            "Plan Width": 8,
            "Actual Startup Time": 197.394,
            "Actual Total Time": 207.045,
            "Actual Rows": 1,
            "Actual Loops": 1,
            "Output": [
                "count(*)"
            ],
            "Plans": [
                {
                    "Node Type": "Gather",
                    "Parent Relationship": "Outer",
                    "Parallel Aware": false,
                    "Startup Cost": 75692.7,
                    "Total Cost": 75693.01,
                    "Plan Rows": 3,
                    "Plan Width": 8,
                    "Actual Startup Time": 195.89,
                    "Actual Total Time": 207.037,
                    "Actual Rows": 4,
                    "Actual Loops": 1,
                    "Output": [
                        "(PARTIAL count(*))"
                    ],
                    "Workers Planned": 3,
                    "Workers Launched": 3,
                    "Single Copy": false,
                    "Plans": [
                        {
                            "Node Type": "Aggregate",
                            "Strategy": "Plain",
                            "Partial Mode": "Partial",
                            "Parent Relationship": "Outer",
                            "Parallel Aware": false,
                            "Startup Cost": 74692.7,
                            "Total Cost": 74692.71,
                            "Plan Rows": 1,
                            "Plan Width": 8,
                            "Actual Startup Time": 188.082,
                            "Actual Total Time": 188.086,
                            "Actual Rows": 1,
                            "Actual Loops": 4,
                            "Output": [
                                "PARTIAL count(*)"
                            ],
                            "Workers": [
                                {
                                    "Worker Number": 0,
                                    "Actual Startup Time": 187.901,
                                    "Actual Total Time": 187.904,
                                    "Actual Rows": 1,
                                    "Actual Loops": 1
                                },
                                {
                                    "Worker Number": 1,
                                    "Actual Startup Time": 183.919,
                                    "Actual Total Time": 183.922,
                                    "Actual Rows": 1,
                                    "Actual Loops": 1
                                },
                                {
                                    "Worker Number": 2,
                                    "Actual Startup Time": 184.915,
                                    "Actual Total Time": 184.919,
                                    "Actual Rows": 1,
                                    "Actual Loops": 1
                                }
                            ],
                            "Plans": [
                                {
                                    "Node Type": "Hash Join",
                                    "Parent Relationship": "Outer",
                                    "Parallel Aware": true,
                                    "Join Type": "Inner",
                                    "Startup Cost": 53945.3,
                                    "Total Cost": 74683.9,
                                    "Plan Rows": 3522,
                                    "Plan Width": 0,
                                    "Actual Startup Time": 132.458,
                                    "Actual Total Time": 187.739,
                                    "Actual Rows": 4365,
                                    "Actual Loops": 4,
                                    "Inner Unique": true,
                                    "Hash Cond": "(mc.movie_id = t.id)",
                                    "Workers": [
                                        {
                                            "Worker Number": 0,
                                            "Actual Startup Time": 132.409,
                                            "Actual Total Time": 187.518,
                                            "Actual Rows": 2880,
                                            "Actual Loops": 1
                                        },
                                        {
                                            "Worker Number": 1,
                                            "Actual Startup Time": 128.167,
                                            "Actual Total Time": 183.611,
                                            "Actual Rows": 3578,
                                            "Actual Loops": 1
                                        },
                                        {
                                            "Worker Number": 2,
                                            "Actual Startup Time": 129.389,
                                            "Actual Total Time": 184.565,
                                            "Actual Rows": 4369,
                                            "Actual Loops": 1
                                        }
                                    ],
                                    "Plans": [
                                        {
                                            "Node Type": "Bitmap Heap Scan",
                                            "Parent Relationship": "Outer",
                                            "Parallel Aware": true,
                                            "Relation Name": "movie_companies",
                                            "Schema": "public",
                                            "Alias": "mc",
                                            "Startup Cost": 7991.6,
                                            "Total Cost": 28576.26,
                                            "Plan Rows": 58645,
                                            "Plan Width": 4,
                                            "Actual Startup Time": 19.962,
                                            "Actual Total Time": 57.563,
                                            "Actual Rows": 70704,
                                            "Actual Loops": 4,
                                            "Output": [
                                                "mc.id",
                                                "mc.movie_id",
                                                "mc.company_id",
                                                "mc.company_type_id",
                                                "mc.note"
                                            ],
                                            "Recheck Cond": "(mc.company_id < 196)",
                                            "Rows Removed by Index Recheck": 0,
                                            "Filter": "(mc.company_type_id = 1)",
                                            "Rows Removed by Filter": 21165,
                                            "Exact Heap Blocks": 7199,
                                            "Lossy Heap Blocks": 0,
                                            "Workers": [
                                                {
                                                    "Worker Number": 0,
                                                    "Actual Startup Time": 20.032,
                                                    "Actual Total Time": 58.812,
                                                    "Actual Rows": 55712,
                                                    "Actual Loops": 1
                                                },
                                                {
                                                    "Worker Number": 1,
                                                    "Actual Startup Time": 19.975,
                                                    "Actual Total Time": 57.515,
                                                    "Actual Rows": 56203,
                                                    "Actual Loops": 1
                                                },
                                                {
                                                    "Worker Number": 2,
                                                    "Actual Startup Time": 20.025,
                                                    "Actual Total Time": 58.418,
                                                    "Actual Rows": 68252,
                                                    "Actual Loops": 1
                                                }
                                            ],
                                            "Plans": [
                                                {
                                                    "Node Type": "Bitmap Index Scan",
                                                    "Parent Relationship": "Outer",
                                                    "Parallel Aware": false,
                                                    "Index Name": "company_id_movie_companies",
                                                    "Startup Cost": 0.0,
                                                    "Total Cost": 7946.15,
                                                    "Plan Rows": 370896,
                                                    "Plan Width": 0,
                                                    "Actual Startup Time": 17.19,
                                                    "Actual Total Time": 17.191,
                                                    "Actual Rows": 367478,
                                                    "Actual Loops": 1,
                                                    "Index Cond": "(mc.company_id < 196)"
                                                }
                                            ]
                                        },
                                        {
                                            "Node Type": "Hash",
                                            "Parent Relationship": "Inner",
                                            "Parallel Aware": true,
                                            "Startup Cost": 45479.21,
                                            "Total Cost": 45479.21,
                                            "Plan Rows": 37959,
                                            "Plan Width": 4,
                                            "Actual Startup Time": 110.776,
                                            "Actual Total Time": 110.777,
                                            "Actual Rows": 62969,
                                            "Actual Loops": 4,
                                            "Output": [
                                                "t.id"
                                            ],
                                            "Hash Buckets": 262144,
                                            "Original Hash Buckets": 262144,
                                            "Hash Batches": 1,
                                            "Original Hash Batches": 1,
                                            "Peak Memory Usage": 11968,
                                            "Workers": [
                                                {
                                                    "Worker Number": 0,
                                                    "Actual Startup Time": 111.51,
                                                    "Actual Total Time": 111.511,
                                                    "Actual Rows": 44319,
                                                    "Actual Loops": 1
                                                },
                                                {
                                                    "Worker Number": 1,
                                                    "Actual Startup Time": 107.601,
                                                    "Actual Total Time": 107.602,
                                                    "Actual Rows": 59473,
                                                    "Actual Loops": 1
                                                },
                                                {
                                                    "Worker Number": 2,
                                                    "Actual Startup Time": 108.674,
                                                    "Actual Total Time": 108.675,
                                                    "Actual Rows": 65311,
                                                    "Actual Loops": 1
                                                }
                                            ],
                                            "Plans": [
                                                {
                                                    "Node Type": "Seq Scan",
                                                    "Parent Relationship": "Outer",
                                                    "Parallel Aware": true,
                                                    "Relation Name": "title",
                                                    "Schema": "public",
                                                    "Alias": "t",
                                                    "Startup Cost": 0.0,
                                                    "Total Cost": 45479.21,
                                                    "Plan Rows": 37959,
                                                    "Plan Width": 4,
                                                    "Actual Startup Time": 0.129,
                                                    "Actual Total Time": 90.868,
                                                    "Actual Rows": 62969,
                                                    "Actual Loops": 4,
                                                    "Output": [
                                                        "t.id"
                                                    ],
                                                    "Filter": "((t.kind_id < 7) AND (t.production_year < 1971))",
                                                    "Rows Removed by Filter": 569109,
                                                    "Workers": [
                                                        {
                                                            "Worker Number": 0,
                                                            "Actual Startup Time": 0.163,
                                                            "Actual Total Time": 93.637,
                                                            "Actual Rows": 44319,
                                                            "Actual Loops": 1
                                                        },
                                                        {
                                                            "Worker Number": 1,
                                                            "Actual Startup Time": 0.212,
                                                            "Actual Total Time": 86.799,
                                                            "Actual Rows": 59473,
                                                            "Actual Loops": 1
                                                        },
                                                        {
                                                            "Worker Number": 2,
                                                            "Actual Startup Time": 0.062,
                                                            "Actual Total Time": 89.225,
                                                            "Actual Rows": 65311,
                                                            "Actual Loops": 1
                                                        }
                                                    ]
                                                }
                                            ]
                                        }
                                    ]
                                }
                            ]
                        }
                    ]
                }
            ]
        },
        "Planning Time": 199.835,
        "Triggers": [],
        "Execution Time": 207.129
    }
]