{
  "Plan": {
    "Node Type": "Aggregate",
    "Strategy": "Plain",
    "Partial Mode": "Finalize",
    "Parallel Aware": false,
    "Startup Cost": 148909.32,
    "Total Cost": 148909.33,
    "Plan Rows": 1,
    "Plan Width": 8,
    "Actual Startup Time": 652.217,
    "Actual Total Time": 694.284,
    "Actual Rows": 1,
    "Actual Loops": 1,
    "Plans": [
      {
        "Node Type": "Gather",
        "Parent Relationship": "Outer",
        "Parallel Aware": false,
        "Startup Cost": 148909.21,
        "Total Cost": 148909.32,
        "Plan Rows": 1,
        "Plan Width": 8,
        "Actual Startup Time": 651.84,
        "Actual Total Time": 694.277,
        "Actual Rows": 2,
        "Actual Loops": 1,
        "Workers Planned": 1,
        "Workers Launched": 1,
        "Single Copy": false,
        "Plans": [
          {
            "Node Type": "Aggregate",
            "Strategy": "Plain",
            "Partial Mode": "Partial",
            "Parent Relationship": "Outer",
            "Parallel Aware": false,
            "Startup Cost": 147909.21,
            "Total Cost": 147909.22,
            "Plan Rows": 1,
            "Plan Width": 8,
            "Actual Startup Time": 645.75,
            "Actual Total Time": 645.754,
            "Actual Rows": 1,
            "Actual Loops": 2,
            "Plans": [
              {
                "Node Type": "Nested Loop",
                "Parent Relationship": "Outer",
                "Parallel Aware": false,
                "Join Type": "Inner",
                "Startup Cost": 39198.64,
                "Total Cost": 147599.9,
                "Plan Rows": 123725,
                "Plan Width": 0,
                "Actual Startup Time": 107.333,
                "Actual Total Time": 621.81,
                "Actual Rows": 575714,
                "Actual Loops": 2,
                "Inner Unique": false,
                "Join Filter": "(t.id = mi.movie_id)",
                "Rows Removed by Join Filter": 0,
                "Plans": [
                  {
                    "Node Type": "Hash Join",
                    "Parent Relationship": "Outer",
                    "Parallel Aware": true,
                    "Join Type": "Inner",
                    "Startup Cost": 39198.21,
                    "Total Cost": 99163.8,
                    "Plan Rows": 21159,
                    "Plan Width": 8,
                    "Actual Startup Time": 107.276,
                    "Actual Total Time": 296.221,
                    "Actual Rows": 28302,
                    "Actual Loops": 2,
                    "Inner Unique": true,
                    "Hash Cond": "(mk.movie_id = t.id)",
                    "Plans": [
                      {
                        "Node Type": "Seq Scan",
                        "Parent Relationship": "Outer",
                        "Parallel Aware": true,
                        "Relation Name": "movie_keyword",
                        "Alias": "mk",
                        "Startup Cost": 0.0,
                        "Total Cost": 57718.19,
                        "Plan Rows": 856154,
                        "Plan Width": 4,
                        "Actual Startup Time": 1.159,
                        "Actual Total Time": 169.063,
                        "Actual Rows": 731436,
                        "Actual Loops": 2,
                        "Filter": "(keyword_id > 11337)",
                        "Rows Removed by Filter": 1530528
                      },
                      {
                        "Node Type": "Hash",
                        "Parent Relationship": "Inner",
                        "Parallel Aware": true,
                        "Startup Cost": 38738.76,
                        "Total Cost": 38738.76,
                        "Plan Rows": 36756,
                        "Plan Width": 4,
                        "Actual Startup Time": 64.823,
                        "Actual Total Time": 64.824,
                        "Actual Rows": 38748,
                        "Actual Loops": 2,
                        "Hash Buckets": 131072,
                        "Original Hash Buckets": 65536,
                        "Hash Batches": 1,
                        "Original Hash Batches": 1,
                        "Peak Memory Usage": 4608,
                        "Plans": [
                          {
                            "Node Type": "Bitmap Heap Scan",
                            "Parent Relationship": "Outer",
                            "Parallel Aware": true,
                            "Relation Name": "title",
                            "Alias": "t",
                            "Startup Cost": 1838.75,
                            "Total Cost": 38738.76,
                            "Plan Rows": 36756,
                            "Plan Width": 4,
                            "Actual Startup Time": 15.872,
                            "Actual Total Time": 53.224,
                            "Actual Rows": 38748,
                            "Actual Loops": 2,
                            "Recheck Cond": "(kind_id = 3)",
                            "Rows Removed by Index Recheck": 0,
                            "Filter": "(production_year < 2007)",
                            "Rows Removed by Filter": 11520,
                            "Exact Heap Blocks": 9881,
                            "Lossy Heap Blocks": 0,
                            "Plans": [
                              {
                                "Node Type": "Bitmap Index Scan",
                                "Parent Relationship": "Outer",
                                "Parallel Aware": false,
                                "Index Name": "kind_id_title",
                                "Startup Cost": 0.0,
                                "Total Cost": 1823.13,
                                "Plan Rows": 102227,
                                "Plan Width": 0,
                                "Actual Startup Time": 15.584,
                                "Actual Total Time": 15.584,
                                "Actual Rows": 100537,
                                "Actual Loops": 1,
                                "Index Cond": "(kind_id = 3)"
                              }
                            ]
                          }
                        ]
                      }
                    ]
                  },
                  {
                    "Node Type": "Index Only Scan",
                    "Parent Relationship": "Inner",
                    "Parallel Aware": false,
                    "Scan Direction": "Forward",
                    "Index Name": "movie_id_movie_info",
                    "Relation Name": "movie_info",
                    "Alias": "mi",
                    "Startup Cost": 0.43,
                    "Total Cost": 1.76,
                    "Plan Rows": 42,
                    "Plan Width": 4,
                    "Actual Startup Time": 0.003,
                    "Actual Total Time": 0.01,
                    "Actual Rows": 20,
                    "Actual Loops": 56605,
                    "Index Cond": "(movie_id = mk.movie_id)",
                    "Rows Removed by Index Recheck": 0,
                    "Heap Fetches": 1151428
                  }
                ]
              }
            ]
          }
        ]
      }
    ]
  },
  "Planning Time": 0.984,
  "Triggers": [],
  "Execution Time": 694.392
}