{
  "Plan": {
    "Node Type": "Aggregate",
    "Strategy": "Plain",
    "Partial Mode": "Finalize",
    "Parallel Aware": false,
    "Startup Cost": 142587.77,
    "Total Cost": 142587.78,
    "Plan Rows": 1,
    "Plan Width": 8,
    "Actual Startup Time": 644.272,
    "Actual Total Time": 657.839,
    "Actual Rows": 1,
    "Actual Loops": 1,
    "Plans": [
      {
        "Node Type": "Gather",
        "Parent Relationship": "Outer",
        "Parallel Aware": false,
        "Startup Cost": 142587.66,
        "Total Cost": 142587.77,
        "Plan Rows": 1,
        "Plan Width": 8,
        "Actual Startup Time": 643.097,
        "Actual Total Time": 657.832,
        "Actual Rows": 2,
        "Actual Loops": 1,
        "Workers Planned": 1,
        "Workers Launched": 1,
        "Single Copy": false,
        "Plans": [
          {
            "Node Type": "Aggregate",
            "Strategy": "Plain",
            "Partial Mode": "Partial",
            "Parent Relationship": "Outer",
            "Parallel Aware": false,
            "Startup Cost": 141587.66,
            "Total Cost": 141587.67,
            "Plan Rows": 1,
            "Plan Width": 8,
            "Actual Startup Time": 636.65,
            "Actual Total Time": 636.657,
            "Actual Rows": 1,
            "Actual Loops": 2,
            "Plans": [
              {
                "Node Type": "Hash Join",
                "Parent Relationship": "Outer",
                "Parallel Aware": true,
                "Join Type": "Inner",
                "Startup Cost": 74633.38,
                "Total Cost": 141302.79,
                "Plan Rows": 113948,
                "Plan Width": 0,
                "Actual Startup Time": 321.036,
                "Actual Total Time": 613.516,
                "Actual Rows": 599418,
                "Actual Loops": 2,
                "Inner Unique": false,
                "Hash Cond": "(mk.movie_id = t.id)",
                "Plans": [
                  {
                    "Node Type": "Seq Scan",
                    "Parent Relationship": "Outer",
                    "Parallel Aware": true,
                    "Relation Name": "movie_keyword",
                    "Alias": "mk",
                    "Startup Cost": 0.0,
                    "Total Cost": 57718.19,
                    "Plan Rows": 2208251,
                    "Plan Width": 4,
                    "Actual Startup Time": 0.059,
                    "Actual Total Time": 193.364,
                    "Actual Rows": 1871182,
                    "Actual Loops": 2,
                    "Filter": "(keyword_id > 745)",
                    "Rows Removed by Filter": 390783
                  },
                  {
                    "Node Type": "Hash",
                    "Parent Relationship": "Inner",
                    "Parallel Aware": true,
                    "Startup Cost": 73674.1,
                    "Total Cost": 73674.1,
                    "Plan Rows": 76742,
                    "Plan Width": 8,
                    "Actual Startup Time": 262.088,
                    "Actual Total Time": 262.092,
                    "Actual Rows": 75808,
                    "Actual Loops": 2,
                    "Hash Buckets": 262144,
                    "Original Hash Buckets": 131072,
                    "Hash Batches": 1,
                    "Original Hash Batches": 1,
                    "Peak Memory Usage": 9056,
                    "Plans": [
                      {
                        "Node Type": "Hash Join",
                        "Parent Relationship": "Outer",
                        "Parallel Aware": true,
                        "Join Type": "Inner",
                        "Startup Cost": 55490.31,
                        "Total Cost": 73674.1,
                        "Plan Rows": 76742,
                        "Plan Width": 8,
                        "Actual Startup Time": 168.04,
                        "Actual Total Time": 245.721,
                        "Actual Rows": 75808,
                        "Actual Loops": 2,
                        "Inner Unique": true,
                        "Hash Cond": "(mi_idx.movie_id = t.id)",
                        "Plans": [
                          {
                            "Node Type": "Seq Scan",
                            "Parent Relationship": "Outer",
                            "Parallel Aware": true,
                            "Relation Name": "movie_info_idx",
                            "Alias": "mi_idx",
                            "Startup Cost": 0.0,
                            "Total Cost": 16052.85,
                            "Plan Rows": 811785,
                            "Plan Width": 4,
                            "Actual Startup Time": 0.019,
                            "Actual Total Time": 50.231,
                            "Actual Rows": 690018,
                            "Actual Loops": 2
                          },
                          {
                            "Node Type": "Hash",
                            "Parent Relationship": "Inner",
                            "Parallel Aware": true,
                            "Startup Cost": 53732.86,
                            "Total Cost": 53732.86,
                            "Plan Rows": 140596,
                            "Plan Width": 4,
                            "Actual Startup Time": 120.466,
                            "Actual Total Time": 120.468,
                            "Actual Rows": 100082,
                            "Actual Loops": 2,
                            "Hash Buckets": 262144,
                            "Original Hash Buckets": 262144,
                            "Hash Batches": 1,
                            "Original Hash Batches": 1,
                            "Peak Memory Usage": 9888,
                            "Plans": [
                              {
                                "Node Type": "Bitmap Heap Scan",
                                "Parent Relationship": "Outer",
                                "Parallel Aware": true,
                                "Relation Name": "title",
                                "Alias": "t",
                                "Startup Cost": 11882.6,
                                "Total Cost": 53732.86,
                                "Plan Rows": 140596,
                                "Plan Width": 4,
                                "Actual Startup Time": 37.165,
                                "Actual Total Time": 99.14,
                                "Actual Rows": 100082,
                                "Actual Loops": 2,
                                "Recheck Cond": "(kind_id = 1)",
                                "Rows Removed by Index Recheck": 0,
                                "Filter": "(production_year > 2006)",
                                "Rows Removed by Filter": 231330,
                                "Exact Heap Blocks": 8484,
                                "Lossy Heap Blocks": 0,
                                "Plans": [
                                  {
                                    "Node Type": "Bitmap Index Scan",
                                    "Parent Relationship": "Outer",
                                    "Parallel Aware": false,
                                    "Index Name": "kind_id_title",
                                    "Startup Cost": 0.0,
                                    "Total Cost": 11822.85,
                                    "Plan Rows": 663256,
                                    "Plan Width": 0,
                                    "Actual Startup Time": 36.609,
                                    "Actual Total Time": 36.609,
                                    "Actual Rows": 662825,
                                    "Actual Loops": 1,
                                    "Index Cond": "(kind_id = 1)"
                                  }
                                ]
                              }
                            ]
                          }
                        ]
                      }
                    ]
                  }
                ]
              }
            ]
          }
        ]
      }
    ]
  },
  "Planning Time": 0.96,
  "Triggers": [],
  "Execution Time": 657.941
}