[
  {
    "Plan": {
      "Node Type": "Aggregate",
      "Strategy": "Plain",
      "Partial Mode": "Finalize",
      "Parallel Aware": false,
      "Startup Cost": 201178.93,
      "Total Cost": 201178.94,
      "Plan Rows": 1,
      "Plan Width": 8,
      "Actual Startup Time": 445.875,
      "Actual Total Time": 488.894,
      "Actual Rows": 1,
      "Actual Loops": 1,
      "Plans": [
        {
          "Node Type": "Gather",
          "Parent Relationship": "Outer",
          "Parallel Aware": false,
          "Startup Cost": 201178.4,
          "Total Cost": 201178.91,
          "Plan Rows": 5,
          "Plan Width": 8,
          "Actual Startup Time": 445.589,
          "Actual Total Time": 488.876,
          "Actual Rows": 6,
          "Actual Loops": 1,
          "Workers Planned": 5,
          "Workers Launched": 5,
          "Single Copy": false,
          "Plans": [
            {
              "Node Type": "Aggregate",
              "Strategy": "Plain",
              "Partial Mode": "Partial",
              "Parent Relationship": "Outer",
              "Parallel Aware": false,
              "Startup Cost": 200178.4,
              "Total Cost": 200178.41,
              "Plan Rows": 1,
              "Plan Width": 8,
              "Actual Startup Time": 436.671,
              "Actual Total Time": 436.673,
              "Actual Rows": 1,
              "Actual Loops": 6,
              "Plans": [
                {
                  "Node Type": "Seq Scan",
                  "Parent Relationship": "Outer",
                  "Parallel Aware": true,
                  "Relation Name": "movie_info",
                  "Alias": "mi",
                  "Startup Cost": 0.0,
                  "Total Cost": 199108.24,
                  "Plan Rows": 428064,
                  "Plan Width": 0,
                  "Actual Startup Time": 50.875,
                  "Actual Total Time": 416.063,
                  "Actual Rows": 348511,
                  "Actual Loops": 6,
                  "Filter": "(info_type_id < 3)",
                  "Rows Removed by Filter": 2124109
                }
              ]
            }
          ]
        }
      ]
    },
    "Planning Time": 0.258,
    "Triggers": [],
    "Execution Time": 488.958
  }
]