[
  {
    "Plan": {
      "Node Type": "Aggregate",
      "Strategy": "Plain",
      "Partial Mode": "Finalize",
      "Parallel Aware": false,
      "Startup Cost": 46247.07,
      "Total Cost": 46247.08,
      "Plan Rows": 1,
      "Plan Width": 8,
      "Actual Startup Time": 169.607,
      "Actual Total Time": 175.76,
      "Actual Rows": 1,
      "Actual Loops": 1,
      "Plans": [
        {
          "Node Type": "Gather",
          "Parent Relationship": "Outer",
          "Parallel Aware": false,
          "Startup Cost": 46246.75,
          "Total Cost": 46247.06,
          "Plan Rows": 3,
          "Plan Width": 8,
          "Actual Startup Time": 169.535,
          "Actual Total Time": 175.752,
          "Actual Rows": 4,
          "Actual Loops": 1,
          "Workers Planned": 3,
          "Workers Launched": 3,
          "Single Copy": false,
          "Plans": [
            {
              "Node Type": "Aggregate",
              "Strategy": "Plain",
              "Partial Mode": "Partial",
              "Parent Relationship": "Outer",
              "Parallel Aware": false,
              "Startup Cost": 45246.75,
              "Total Cost": 45246.76,
              "Plan Rows": 1,
              "Plan Width": 8,
              "Actual Startup Time": 165.376,
              "Actual Total Time": 165.378,
              "Actual Rows": 1,
              "Actual Loops": 4,
              "Plans": [
                {
                  "Node Type": "Seq Scan",
                  "Parent Relationship": "Outer",
                  "Parallel Aware": true,
                  "Relation Name": "movie_keyword",
                  "Alias": "mk",
                  "Startup Cost": 0.0,
                  "Total Cost": 42695.65,
                  "Plan Rows": 1020438,
                  "Plan Width": 0,
                  "Actual Startup Time": 0.026,
                  "Actual Total Time": 123.367,
                  "Actual Rows": 796740,
                  "Actual Loops": 4,
                  "Filter": "(keyword_id < 12848)",
                  "Rows Removed by Filter": 334243
                }
              ]
            }
          ]
        }
      ]
    },
    "Planning Time": 0.089,
    "Triggers": [],
    "Execution Time": 175.802
  }
]