[
  {
    "Plan": {
      "Node Type": "Aggregate",
      "Strategy": "Plain",
      "Partial Mode": "Finalize",
      "Parallel Aware": false,
      "Startup Cost": 143174.48,
      "Total Cost": 143174.49,
      "Plan Rows": 1,
      "Plan Width": 8,
      "Actual Startup Time": 157.718,
      "Actual Total Time": 185.22,
      "Actual Rows": 1,
      "Actual Loops": 1,
      "Plans": [
        {
          "Node Type": "Gather",
          "Parent Relationship": "Outer",
          "Parallel Aware": false,
          "Startup Cost": 143174.06,
          "Total Cost": 143174.47,
          "Plan Rows": 4,
          "Plan Width": 8,
          "Actual Startup Time": 157.588,
          "Actual Total Time": 185.206,
          "Actual Rows": 5,
          "Actual Loops": 1,
          "Workers Planned": 4,
          "Workers Launched": 4,
          "Single Copy": false,
          "Plans": [
            {
              "Node Type": "Aggregate",
              "Strategy": "Plain",
              "Partial Mode": "Partial",
              "Parent Relationship": "Outer",
              "Parallel Aware": false,
              "Startup Cost": 142174.06,
              "Total Cost": 142174.07,
              "Plan Rows": 1,
              "Plan Width": 8,
              "Actual Startup Time": 150.775,
              "Actual Total Time": 150.777,
              "Actual Rows": 1,
              "Actual Loops": 5,
              "Plans": [
                {
                  "Node Type": "Nested Loop",
                  "Parent Relationship": "Outer",
                  "Parallel Aware": false,
                  "Join Type": "Inner",
                  "Startup Cost": 0.56,
                  "Total Cost": 142145.18,
                  "Plan Rows": 11552,
                  "Plan Width": 0,
                  "Actual Startup Time": 2.819,
                  "Actual Total Time": 149.228,
                  "Actual Rows": 11884,
                  "Actual Loops": 5,
                  "Inner Unique": false,
                  "Plans": [
                    {
                      "Node Type": "Seq Scan",
                      "Parent Relationship": "Outer",
                      "Parallel Aware": true,
                      "Relation Name": "title",
                      "Alias": "t",
                      "Startup Cost": 0.0,
                      "Total Cost": 45479.59,
                      "Plan Rows": 806,
                      "Plan Width": 4,
                      "Actual Startup Time": 2.667,
                      "Actual Total Time": 80.955,
                      "Actual Rows": 685,
                      "Actual Loops": 5,
                      "Filter": "((kind_id < 7) AND (production_year = 1956))",
                      "Rows Removed by Filter": 504977
                    },
                    {
                      "Node Type": "Index Only Scan",
                      "Parent Relationship": "Inner",
                      "Parallel Aware": false,
                      "Scan Direction": "Forward",
                      "Index Name": "movie_id_cast_info",
                      "Relation Name": "cast_info",
                      "Alias": "ci",
                      "Startup Cost": 0.56,
                      "Total Cost": 119.58,
                      "Plan Rows": 35,
                      "Plan Width": 4,
                      "Actual Startup Time": 0.018,
                      "Actual Total Time": 0.096,
                      "Actual Rows": 17,
                      "Actual Loops": 3427,
                      "Index Cond": "(movie_id = t.id)",
                      "Rows Removed by Index Recheck": 0,
                      "Heap Fetches": 59422
                    }
                  ]
                }
              ]
            }
          ]
        }
      ]
    },
    "Planning Time": 0.312,
    "Triggers": [],
    "Execution Time": 185.271
  }
]