[
  {
    "Plan": {
      "Node Type": "Aggregate",
      "Strategy": "Plain",
      "Partial Mode": "Finalize",
      "Parallel Aware": false,
      "Startup Cost": 46277.98,
      "Total Cost": 46277.99,
      "Plan Rows": 1,
      "Plan Width": 8,
      "Actual Startup Time": 162.869,
      "Actual Total Time": 170.914,
      "Actual Rows": 1,
      "Actual Loops": 1,
      "Plans": [
        {
          "Node Type": "Gather",
          "Parent Relationship": "Outer",
          "Parallel Aware": false,
          "Startup Cost": 46277.67,
          "Total Cost": 46277.98,
          "Plan Rows": 3,
          "Plan Width": 8,
          "Actual Startup Time": 162.731,
          "Actual Total Time": 170.905,
          "Actual Rows": 4,
          "Actual Loops": 1,
          "Workers Planned": 3,
          "Workers Launched": 3,
          "Single Copy": false,
          "Plans": [
            {
              "Node Type": "Aggregate",
              "Strategy": "Plain",
              "Partial Mode": "Partial",
              "Parent Relationship": "Outer",
              "Parallel Aware": false,
              "Startup Cost": 45277.67,
              "Total Cost": 45277.68,
              "Plan Rows": 1,
              "Plan Width": 8,
              "Actual Startup Time": 155.259,
              "Actual Total Time": 155.26,
              "Actual Rows": 1,
              "Actual Loops": 4,
              "Plans": [
                {
                  "Node Type": "Seq Scan",
                  "Parent Relationship": "Outer",
                  "Parallel Aware": true,
                  "Relation Name": "movie_keyword",
                  "Alias": "mk",
                  "Startup Cost": 0.0,
                  "Total Cost": 42695.65,
                  "Plan Rows": 1032805,
                  "Plan Width": 0,
                  "Actual Startup Time": 0.053,
                  "Actual Total Time": 119.365,
                  "Actual Rows": 798940,
                  "Actual Loops": 4,
                  "Filter": "(keyword_id < 12989)",
                  "Rows Removed by Filter": 332042
                }
              ]
            }
          ]
        }
      ]
    },
    "Planning Time": 0.189,
    "Triggers": [],
    "Execution Time": 170.974
  }
]