[
  {
    "Plan": {
      "Node Type": "Aggregate",
      "Strategy": "Plain",
      "Partial Mode": "Finalize",
      "Parallel Aware": false,
      "Startup Cost": 44721.32,
      "Total Cost": 44721.33,
      "Plan Rows": 1,
      "Plan Width": 8,
      "Actual Startup Time": 130.012,
      "Actual Total Time": 139.719,
      "Actual Rows": 1,
      "Actual Loops": 1,
      "Plans": [
        {
          "Node Type": "Gather",
          "Parent Relationship": "Outer",
          "Parallel Aware": false,
          "Startup Cost": 44721.0,
          "Total Cost": 44721.31,
          "Plan Rows": 3,
          "Plan Width": 8,
          "Actual Startup Time": 129.743,
          "Actual Total Time": 139.709,
          "Actual Rows": 4,
          "Actual Loops": 1,
          "Workers Planned": 3,
          "Workers Launched": 3,
          "Single Copy": false,
          "Plans": [
            {
              "Node Type": "Aggregate",
              "Strategy": "Plain",
              "Partial Mode": "Partial",
              "Parent Relationship": "Outer",
              "Parallel Aware": false,
              "Startup Cost": 43721.0,
              "Total Cost": 43721.01,
              "Plan Rows": 1,
              "Plan Width": 8,
              "Actual Startup Time": 122.284,
              "Actual Total Time": 122.285,
              "Actual Rows": 1,
              "Actual Loops": 4,
              "Plans": [
                {
                  "Node Type": "Seq Scan",
                  "Parent Relationship": "Outer",
                  "Parallel Aware": true,
                  "Relation Name": "movie_keyword",
                  "Alias": "mk",
                  "Startup Cost": 0.0,
                  "Total Cost": 42695.65,
                  "Plan Rows": 410139,
                  "Plan Width": 0,
                  "Actual Startup Time": 0.057,
                  "Actual Total Time": 106.84,
                  "Actual Rows": 319303,
                  "Actual Loops": 4,
                  "Filter": "(keyword_id < 1641)",
                  "Rows Removed by Filter": 811680
                }
              ]
            }
          ]
        }
      ]
    },
    "Planning Time": 0.186,
    "Triggers": [],
    "Execution Time": 139.783
  }
]