[
  {
    "Plan": {
      "Node Type": "Aggregate",
      "Strategy": "Plain",
      "Partial Mode": "Simple",
      "Parallel Aware": false,
      "Startup Cost": 27753.25,
      "Total Cost": 27753.26,
      "Plan Rows": 1,
      "Plan Width": 8,
      "Actual Startup Time": 69.992,
      "Actual Total Time": 69.993,
      "Actual Rows": 1,
      "Actual Loops": 1,
      "Plans": [
        {
          "Node Type": "Bitmap Heap Scan",
          "Parent Relationship": "Outer",
          "Parallel Aware": false,
          "Relation Name": "movie_keyword",
          "Alias": "mk",
          "Startup Cost": 1933.88,
          "Total Cost": 27525.69,
          "Plan Rows": 91025,
          "Plan Width": 0,
          "Actual Startup Time": 21.723,
          "Actual Total Time": 63.922,
          "Actual Rows": 89579,
          "Actual Loops": 1,
          "Recheck Cond": "(keyword_id > 85043)",
          "Rows Removed by Index Recheck": 0,
          "Exact Heap Blocks": 16584,
          "Lossy Heap Blocks": 0,
          "Plans": [
            {
              "Node Type": "Bitmap Index Scan",
              "Parent Relationship": "Outer",
              "Parallel Aware": false,
              "Index Name": "keyword_id_movie_keyword",
              "Startup Cost": 0.0,
              "Total Cost": 1911.12,
              "Plan Rows": 91025,
              "Plan Width": 0,
              "Actual Startup Time": 16.412,
              "Actual Total Time": 16.412,
              "Actual Rows": 89579,
              "Actual Loops": 1,
              "Index Cond": "(keyword_id > 85043)"
            }
          ]
        }
      ]
    },
    "Planning Time": 0.148,
    "Triggers": [],
    "Execution Time": 70.048
  }
]