{
  "Plan": {
    "Node Type": "Aggregate",
    "Strategy": "Plain",
    "Partial Mode": "Finalize",
    "Parallel Aware": false,
    "Startup Cost": 113510.66,
    "Total Cost": 113510.67,
    "Plan Rows": 1,
    "Plan Width": 8,
    "Actual Startup Time": 385.547,
    "Actual Total Time": 406.532,
    "Actual Rows": 1,
    "Actual Loops": 1,
    "Plans": [
      {
        "Node Type": "Gather",
        "Parent Relationship": "Outer",
        "Parallel Aware": false,
        "Startup Cost": 113510.55,
        "Total Cost": 113510.66,
        "Plan Rows": 1,
        "Plan Width": 8,
        "Actual Startup Time": 385.272,
        "Actual Total Time": 406.523,
        "Actual Rows": 2,
        "Actual Loops": 1,
        "Workers Planned": 1,
        "Workers Launched": 1,
        "Single Copy": false,
        "Plans": [
          {
            "Node Type": "Aggregate",
            "Strategy": "Plain",
            "Partial Mode": "Partial",
            "Parent Relationship": "Outer",
            "Parallel Aware": false,
            "Startup Cost": 112510.55,
            "Total Cost": 112510.56,
            "Plan Rows": 1,
            "Plan Width": 8,
            "Actual Startup Time": 379.185,
            "Actual Total Time": 379.189,
            "Actual Rows": 1,
            "Actual Loops": 2,
            "Plans": [
              {
                "Node Type": "Nested Loop",
                "Parent Relationship": "Outer",
                "Parallel Aware": false,
                "Join Type": "Inner",
                "Startup Cost": 58428.47,
                "Total Cost": 112448.61,
                "Plan Rows": 24775,
                "Plan Width": 0,
                "Actual Startup Time": 217.793,
                "Actual Total Time": 378.247,
                "Actual Rows": 15209,
                "Actual Loops": 2,
                "Inner Unique": false,
                "Join Filter": "(t.id = mi.movie_id)",
                "Rows Removed by Join Filter": 0,
                "Plans": [
                  {
                    "Node Type": "Hash Join",
                    "Parent Relationship": "Outer",
                    "Parallel Aware": true,
                    "Join Type": "Inner",
                    "Startup Cost": 58428.03,
                    "Total Cost": 101940.67,
                    "Plan Rows": 4237,
                    "Plan Width": 8,
                    "Actual Startup Time": 217.718,
                    "Actual Total Time": 356.103,
                    "Actual Rows": 1879,
                    "Actual Loops": 2,
                    "Inner Unique": true,
                    "Hash Cond": "(mc.movie_id = t.id)",
                    "Plans": [
                      {
                        "Node Type": "Seq Scan",
                        "Parent Relationship": "Outer",
                        "Parallel Aware": true,
                        "Relation Name": "movie_companies",
                        "Alias": "mc",
                        "Startup Cost": 0.0,
                        "Total Cost": 41811.73,
                        "Plan Rows": 647968,
                        "Plan Width": 4,
                        "Actual Startup Time": 57.873,
                        "Actual Total Time": 141.48,
                        "Actual Rows": 615848,
                        "Actual Loops": 2,
                        "Filter": "((company_id > 312) AND (company_type_id > 1))",
                        "Rows Removed by Filter": 688716
                      },
                      {
                        "Node Type": "Hash",
                        "Parent Relationship": "Inner",
                        "Parallel Aware": true,
                        "Startup Cost": 58306.47,
                        "Total Cost": 58306.47,
                        "Plan Rows": 9725,
                        "Plan Width": 4,
                        "Actual Startup Time": 158.218,
                        "Actual Total Time": 158.219,
                        "Actual Rows": 7476,
                        "Actual Loops": 2,
                        "Hash Buckets": 32768,
                        "Original Hash Buckets": 32768,
                        "Hash Batches": 1,
                        "Original Hash Batches": 1,
                        "Peak Memory Usage": 864,
                        "Plans": [
                          {
                            "Node Type": "Seq Scan",
                            "Parent Relationship": "Outer",
                            "Parallel Aware": true,
                            "Relation Name": "title",
                            "Alias": "t",
                            "Startup Cost": 0.0,
                            "Total Cost": 58306.47,
                            "Plan Rows": 9725,
                            "Plan Width": 4,
                            "Actual Startup Time": 0.154,
                            "Actual Total Time": 155.102,
                            "Actual Rows": 7476,
                            "Actual Loops": 2,
                            "Filter": "((kind_id > 4) AND (production_year = 1992))",
                            "Rows Removed by Filter": 1256680
                          }
                        ]
                      }
                    ]
                  },
                  {
                    "Node Type": "Index Only Scan",
                    "Parent Relationship": "Inner",
                    "Parallel Aware": false,
                    "Scan Direction": "Forward",
                    "Index Name": "movie_id_movie_info",
                    "Relation Name": "movie_info",
                    "Alias": "mi",
                    "Startup Cost": 0.43,
                    "Total Cost": 1.96,
                    "Plan Rows": 42,
                    "Plan Width": 4,
                    "Actual Startup Time": 0.004,
                    "Actual Total Time": 0.011,
                    "Actual Rows": 8,
                    "Actual Loops": 3758,
                    "Index Cond": "(movie_id = mc.movie_id)",
                    "Rows Removed by Index Recheck": 0,
                    "Heap Fetches": 30418
                  }
                ]
              }
            ]
          }
        ]
      }
    ]
  },
  "Planning Time": 1.075,
  "Triggers": [],
  "Execution Time": 406.617
}