{
  "Plan": {
    "Node Type": "Aggregate",
    "Strategy": "Plain",
    "Partial Mode": "Finalize",
    "Parallel Aware": false,
    "Startup Cost": 140004.78,
    "Total Cost": 140004.79,
    "Plan Rows": 1,
    "Plan Width": 8,
    "Actual Startup Time": 876.283,
    "Actual Total Time": 893.211,
    "Actual Rows": 1,
    "Actual Loops": 1,
    "Plans": [
      {
        "Node Type": "Gather",
        "Parent Relationship": "Outer",
        "Parallel Aware": false,
        "Startup Cost": 140004.67,
        "Total Cost": 140004.78,
        "Plan Rows": 1,
        "Plan Width": 8,
        "Actual Startup Time": 871.825,
        "Actual Total Time": 893.201,
        "Actual Rows": 2,
        "Actual Loops": 1,
        "Workers Planned": 1,
        "Workers Launched": 1,
        "Single Copy": false,
        "Plans": [
          {
            "Node Type": "Aggregate",
            "Strategy": "Plain",
            "Partial Mode": "Partial",
            "Parent Relationship": "Outer",
            "Parallel Aware": false,
            "Startup Cost": 139004.67,
            "Total Cost": 139004.68,
            "Plan Rows": 1,
            "Plan Width": 8,
            "Actual Startup Time": 864.15,
            "Actual Total Time": 864.154,
            "Actual Rows": 1,
            "Actual Loops": 2,
            "Plans": [
              {
                "Node Type": "Hash Join",
                "Parent Relationship": "Outer",
                "Parallel Aware": true,
                "Join Type": "Inner",
                "Startup Cost": 70578.91,
                "Total Cost": 134871.35,
                "Plan Rows": 1653328,
                "Plan Width": 0,
                "Actual Startup Time": 406.279,
                "Actual Total Time": 834.375,
                "Actual Rows": 771149,
                "Actual Loops": 2,
                "Inner Unique": true,
                "Hash Cond": "(mk.movie_id = t.id)",
                "Plans": [
                  {
                    "Node Type": "Seq Scan",
                    "Parent Relationship": "Outer",
                    "Parallel Aware": true,
                    "Relation Name": "movie_keyword",
                    "Alias": "mk",
                    "Startup Cost": 0.0,
                    "Total Cost": 57718.19,
                    "Plan Rows": 2504474,
                    "Plan Width": 4,
                    "Actual Startup Time": 0.017,
                    "Actual Total Time": 196.408,
                    "Actual Rows": 2132832,
                    "Actual Loops": 2,
                    "Filter": "(keyword_id < 59537)",
                    "Rows Removed by Filter": 129132
                  },
                  {
                    "Node Type": "Hash",
                    "Parent Relationship": "Inner",
                    "Parallel Aware": true,
                    "Startup Cost": 58306.47,
                    "Total Cost": 58306.47,
                    "Plan Rows": 981795,
                    "Plan Width": 4,
                    "Actual Startup Time": 390.931,
                    "Actual Total Time": 390.932,
                    "Actual Rows": 887055,
                    "Actual Loops": 2,
                    "Hash Buckets": 2097152,
                    "Original Hash Buckets": 2097152,
                    "Hash Batches": 1,
                    "Original Hash Batches": 1,
                    "Peak Memory Usage": 85824,
                    "Plans": [
                      {
                        "Node Type": "Seq Scan",
                        "Parent Relationship": "Outer",
                        "Parallel Aware": true,
                        "Relation Name": "title",
                        "Alias": "t",
                        "Startup Cost": 0.0,
                        "Total Cost": 58306.47,
                        "Plan Rows": 981795,
                        "Plan Width": 4,
                        "Actual Startup Time": 0.028,
                        "Actual Total Time": 172.746,
                        "Actual Rows": 887055,
                        "Actual Loops": 2,
                        "Filter": "((kind_id > 1) AND (production_year > 1955))",
                        "Rows Removed by Filter": 377101
                      }
                    ]
                  }
                ]
              }
            ]
          }
        ]
      }
    ]
  },
  "Planning Time": 0.606,
  "Triggers": [],
  "Execution Time": 893.277
}