[
  {
    "Plan": {
      "Node Type": "Aggregate",
      "Strategy": "Plain",
      "Partial Mode": "Finalize",
      "Parallel Aware": false,
      "Startup Cost": 111109.38,
      "Total Cost": 111109.39,
      "Plan Rows": 1,
      "Plan Width": 8,
      "Actual Startup Time": 488.466,
      "Actual Total Time": 502.494,
      "Actual Rows": 1,
      "Actual Loops": 1,
      "Plans": [
        {
          "Node Type": "Gather",
          "Parent Relationship": "Outer",
          "Parallel Aware": false,
          "Startup Cost": 111108.96,
          "Total Cost": 111109.37,
          "Plan Rows": 4,
          "Plan Width": 8,
          "Actual Startup Time": 482.492,
          "Actual Total Time": 502.488,
          "Actual Rows": 5,
          "Actual Loops": 1,
          "Workers Planned": 4,
          "Workers Launched": 4,
          "Single Copy": false,
          "Plans": [
            {
              "Node Type": "Aggregate",
              "Strategy": "Plain",
              "Partial Mode": "Partial",
              "Parent Relationship": "Outer",
              "Parallel Aware": false,
              "Startup Cost": 110108.96,
              "Total Cost": 110108.97,
              "Plan Rows": 1,
              "Plan Width": 8,
              "Actual Startup Time": 471.346,
              "Actual Total Time": 471.352,
              "Actual Rows": 1,
              "Actual Loops": 5,
              "Plans": [
                {
                  "Node Type": "Hash Join",
                  "Parent Relationship": "Outer",
                  "Parallel Aware": true,
                  "Join Type": "Inner",
                  "Startup Cost": 64649.31,
                  "Total Cost": 109892.56,
                  "Plan Rows": 86563,
                  "Plan Width": 0,
                  "Actual Startup Time": 281.515,
                  "Actual Total Time": 465.301,
                  "Actual Rows": 124709,
                  "Actual Loops": 5,
                  "Inner Unique": false,
                  "Hash Cond": "(t.id = mc.movie_id)",
                  "Plans": [
                    {
                      "Node Type": "Seq Scan",
                      "Parent Relationship": "Outer",
                      "Parallel Aware": true,
                      "Relation Name": "title",
                      "Alias": "t",
                      "Startup Cost": 0.0,
                      "Total Cost": 42318.73,
                      "Plan Rows": 632073,
                      "Plan Width": 4,
                      "Actual Startup Time": 0.016,
                      "Actual Total Time": 66.193,
                      "Actual Rows": 505662,
                      "Actual Loops": 5
                    },
                    {
                      "Node Type": "Hash",
                      "Parent Relationship": "Inner",
                      "Parallel Aware": true,
                      "Startup Cost": 61878.12,
                      "Total Cost": 61878.12,
                      "Plan Rows": 221695,
                      "Plan Width": 8,
                      "Actual Startup Time": 277.105,
                      "Actual Total Time": 277.109,
                      "Actual Rows": 124709,
                      "Actual Loops": 5,
                      "Hash Buckets": 1048576,
                      "Original Hash Buckets": 1048576,
                      "Hash Batches": 1,
                      "Original Hash Batches": 1,
                      "Peak Memory Usage": 32672,
                      "Plans": [
                        {
                          "Node Type": "Hash Join",
                          "Parent Relationship": "Outer",
                          "Parallel Aware": true,
                          "Join Type": "Inner",
                          "Startup Cost": 35312.86,
                          "Total Cost": 61878.12,
                          "Plan Rows": 221695,
                          "Plan Width": 8,
                          "Actual Startup Time": 133.886,
                          "Actual Total Time": 236.33,
                          "Actual Rows": 124709,
                          "Actual Loops": 5,
                          "Inner Unique": false,
                          "Hash Cond": "(ci.movie_id = mc.movie_id)",
                          "Plans": [
                            {
                              "Node Type": "Index Scan",
                              "Parent Relationship": "Outer",
                              "Parallel Aware": true,
                              "Scan Direction": "Forward",
                              "Index Name": "role_id_cast_info",
                              "Relation Name": "cast_info",
                              "Alias": "ci",
                              "Startup Cost": 0.56,
                              "Total Cost": 24718.56,
                              "Plan Rows": 226425,
                              "Plan Width": 4,
                              "Actual Startup Time": 0.17,
                              "Actual Total Time": 33.04,
                              "Actual Rows": 179678,
                              "Actual Loops": 5,
                              "Index Cond": "(role_id = 5)",
                              "Rows Removed by Index Recheck": 0
                            },
                            {
                              "Node Type": "Hash",
                              "Parent Relationship": "Inner",
                              "Parallel Aware": true,
                              "Startup Cost": 31414.82,
                              "Total Cost": 31414.82,
                              "Plan Rows": 311798,
                              "Plan Width": 4,
                              "Actual Startup Time": 131.511,
                              "Actual Total Time": 131.513,
                              "Actual Rows": 162775,
                              "Actual Loops": 5,
                              "Hash Buckets": 1048576,
                              "Original Hash Buckets": 1048576,
                              "Hash Batches": 1,
                              "Original Hash Batches": 1,
                              "Peak Memory Usage": 40160,
                              "Plans": [
                                {
                                  "Node Type": "Seq Scan",
                                  "Parent Relationship": "Outer",
                                  "Parallel Aware": true,
                                  "Relation Name": "movie_companies",
                                  "Alias": "mc",
                                  "Startup Cost": 0.0,
                                  "Total Cost": 31414.82,
                                  "Plan Rows": 311798,
                                  "Plan Width": 4,
                                  "Actual Startup Time": 0.527,
                                  "Actual Total Time": 74.701,
                                  "Actual Rows": 162775,
                                  "Actual Loops": 5,
                                  "Filter": "((company_id > 846) AND (company_type_id = 1))",
                                  "Rows Removed by Filter": 359051
                                }
                              ]
                            }
                          ]
                        }
                      ]
                    }
                  ]
                }
              ]
            }
          ]
        }
      ]
    },
    "Planning Time": 1.381,
    "Triggers": [],
    "Execution Time": 502.586
  }
]