[
  {
    "Plan": {
      "Node Type": "Aggregate",
      "Strategy": "Plain",
      "Partial Mode": "Finalize",
      "Parallel Aware": false,
      "Startup Cost": 249191.3,
      "Total Cost": 249191.31,
      "Plan Rows": 1,
      "Plan Width": 8,
      "Actual Startup Time": 639.884,
      "Actual Total Time": 688.67,
      "Actual Rows": 1,
      "Actual Loops": 1,
      "Plans": [
        {
          "Node Type": "Gather",
          "Parent Relationship": "Outer",
          "Parallel Aware": false,
          "Startup Cost": 249190.78,
          "Total Cost": 249191.29,
          "Plan Rows": 5,
          "Plan Width": 8,
          "Actual Startup Time": 638.669,
          "Actual Total Time": 688.657,
          "Actual Rows": 6,
          "Actual Loops": 1,
          "Workers Planned": 5,
          "Workers Launched": 5,
          "Single Copy": false,
          "Plans": [
            {
              "Node Type": "Aggregate",
              "Strategy": "Plain",
              "Partial Mode": "Partial",
              "Parent Relationship": "Outer",
              "Parallel Aware": false,
              "Startup Cost": 248190.78,
              "Total Cost": 248190.79,
              "Plan Rows": 1,
              "Plan Width": 8,
              "Actual Startup Time": 623.094,
              "Actual Total Time": 623.163,
              "Actual Rows": 1,
              "Actual Loops": 6,
              "Plans": [
                {
                  "Node Type": "Hash Join",
                  "Parent Relationship": "Outer",
                  "Parallel Aware": true,
                  "Join Type": "Inner",
                  "Startup Cost": 45744.79,
                  "Total Cost": 248087.39,
                  "Plan Rows": 41355,
                  "Plan Width": 0,
                  "Actual Startup Time": 122.712,
                  "Actual Total Time": 617.675,
                  "Actual Rows": 91837,
                  "Actual Loops": 6,
                  "Inner Unique": true,
                  "Hash Cond": "(mi.movie_id = t.id)",
                  "Plans": [
                    {
                      "Node Type": "Seq Scan",
                      "Parent Relationship": "Outer",
                      "Parallel Aware": true,
                      "Relation Name": "movie_info",
                      "Alias": "mi",
                      "Startup Cost": 0.0,
                      "Total Cost": 199108.24,
                      "Plan Rows": 1232139,
                      "Plan Width": 4,
                      "Actual Startup Time": 18.686,
                      "Actual Total Time": 365.943,
                      "Actual Rows": 1037249,
                      "Actual Loops": 6,
                      "Filter": "(info_type_id > 8)",
                      "Rows Removed by Filter": 1435371
                    },
                    {
                      "Node Type": "Hash",
                      "Parent Relationship": "Inner",
                      "Parallel Aware": true,
                      "Startup Cost": 45479.59,
                      "Total Cost": 45479.59,
                      "Plan Rows": 21216,
                      "Plan Width": 4,
                      "Actual Startup Time": 102.29,
                      "Actual Total Time": 102.291,
                      "Actual Rows": 31856,
                      "Actual Loops": 6,
                      "Hash Buckets": 262144,
                      "Original Hash Buckets": 131072,
                      "Hash Batches": 1,
                      "Original Hash Batches": 1,
                      "Peak Memory Usage": 10624,
                      "Plans": [
                        {
                          "Node Type": "Seq Scan",
                          "Parent Relationship": "Outer",
                          "Parallel Aware": true,
                          "Relation Name": "title",
                          "Alias": "t",
                          "Startup Cost": 0.0,
                          "Total Cost": 45479.59,
                          "Plan Rows": 21216,
                          "Plan Width": 4,
                          "Actual Startup Time": 0.219,
                          "Actual Total Time": 85.22,
                          "Actual Rows": 31856,
                          "Actual Loops": 6,
                          "Filter": "((kind_id < 7) AND (production_year < 1959))",
                          "Rows Removed by Filter": 389529
                        }
                      ]
                    }
                  ]
                }
              ]
            }
          ]
        }
      ]
    },
    "Planning Time": 0.679,
    "Triggers": [],
    "Execution Time": 688.762
  }
]