[
  {
    "Plan": {
      "Node Type": "Aggregate",
      "Strategy": "Plain",
      "Partial Mode": "Finalize",
      "Parallel Aware": false,
      "Startup Cost": 44674.46,
      "Total Cost": 44674.47,
      "Plan Rows": 1,
      "Plan Width": 8,
      "Actual Startup Time": 134.026,
      "Actual Total Time": 143.799,
      "Actual Rows": 1,
      "Actual Loops": 1,
      "Plans": [
        {
          "Node Type": "Gather",
          "Parent Relationship": "Outer",
          "Parallel Aware": false,
          "Startup Cost": 44674.15,
          "Total Cost": 44674.46,
          "Plan Rows": 3,
          "Plan Width": 8,
          "Actual Startup Time": 133.895,
          "Actual Total Time": 143.792,
          "Actual Rows": 4,
          "Actual Loops": 1,
          "Workers Planned": 3,
          "Workers Launched": 3,
          "Single Copy": false,
          "Plans": [
            {
              "Node Type": "Aggregate",
              "Strategy": "Plain",
              "Partial Mode": "Partial",
              "Parent Relationship": "Outer",
              "Parallel Aware": false,
              "Startup Cost": 43674.15,
              "Total Cost": 43674.16,
              "Plan Rows": 1,
              "Plan Width": 8,
              "Actual Startup Time": 125.308,
              "Actual Total Time": 125.309,
              "Actual Rows": 1,
              "Actual Loops": 4,
              "Plans": [
                {
                  "Node Type": "Seq Scan",
                  "Parent Relationship": "Outer",
                  "Parallel Aware": true,
                  "Relation Name": "movie_keyword",
                  "Alias": "mk",
                  "Startup Cost": 0.0,
                  "Total Cost": 42695.65,
                  "Plan Rows": 391397,
                  "Plan Width": 0,
                  "Actual Startup Time": 0.063,
                  "Actual Total Time": 109.844,
                  "Actual Rows": 305673,
                  "Actual Loops": 4,
                  "Filter": "(keyword_id < 1545)",
                  "Rows Removed by Filter": 825310
                }
              ]
            }
          ]
        }
      ]
    },
    "Planning Time": 0.153,
    "Triggers": [],
    "Execution Time": 143.85
  }
]