{
  "Plan": {
    "Node Type": "Aggregate",
    "Strategy": "Plain",
    "Partial Mode": "Finalize",
    "Parallel Aware": false,
    "Startup Cost": 704863.65,
    "Total Cost": 704863.66,
    "Plan Rows": 1,
    "Plan Width": 8,
    "Actual Startup Time": 9198.823,
    "Actual Total Time": 9260.058,
    "Actual Rows": 1,
    "Actual Loops": 1,
    "Plans": [
      {
        "Node Type": "Gather",
        "Parent Relationship": "Outer",
        "Parallel Aware": false,
        "Startup Cost": 704863.54,
        "Total Cost": 704863.65,
        "Plan Rows": 1,
        "Plan Width": 8,
        "Actual Startup Time": 9193.732,
        "Actual Total Time": 9260.048,
        "Actual Rows": 2,
        "Actual Loops": 1,
        "Workers Planned": 1,
        "Workers Launched": 1,
        "Single Copy": false,
        "Plans": [
          {
            "Node Type": "Aggregate",
            "Strategy": "Plain",
            "Partial Mode": "Partial",
            "Parent Relationship": "Outer",
            "Parallel Aware": false,
            "Startup Cost": 703863.54,
            "Total Cost": 703863.55,
            "Plan Rows": 1,
            "Plan Width": 8,
            "Actual Startup Time": 9188.449,
            "Actual Total Time": 9189.35,
            "Actual Rows": 1,
            "Actual Loops": 2,
            "Plans": [
              {
                "Node Type": "Hash Join",
                "Parent Relationship": "Outer",
                "Parallel Aware": true,
                "Join Type": "Inner",
                "Startup Cost": 122191.84,
                "Total Cost": 693137.43,
                "Plan Rows": 4290444,
                "Plan Width": 0,
                "Actual Startup Time": 839.816,
                "Actual Total Time": 7968.334,
                "Actual Rows": 30577235,
                "Actual Loops": 2,
                "Inner Unique": false,
                "Hash Cond": "(ci.movie_id = t.id)",
                "Plans": [
                  {
                    "Node Type": "Seq Scan",
                    "Parent Relationship": "Outer",
                    "Parallel Aware": true,
                    "Relation Name": "cast_info",
                    "Alias": "ci",
                    "Startup Cost": 0.0,
                    "Total Cost": 465792.95,
                    "Plan Rows": 21310595,
                    "Plan Width": 4,
                    "Actual Startup Time": 0.023,
                    "Actual Total Time": 1389.046,
                    "Actual Rows": 18122172,
                    "Actual Loops": 2
                  },
                  {
                    "Node Type": "Hash",
                    "Parent Relationship": "Inner",
                    "Parallel Aware": true,
                    "Startup Cost": 118449.05,
                    "Total Cost": 118449.05,
                    "Plan Rows": 299423,
                    "Plan Width": 8,
                    "Actual Startup Time": 834.052,
                    "Actual Total Time": 834.95,
                    "Actual Rows": 824542,
                    "Actual Loops": 2,
                    "Hash Buckets": 2097152,
                    "Original Hash Buckets": 524288,
                    "Hash Batches": 1,
                    "Original Hash Batches": 1,
                    "Peak Memory Usage": 93216,
                    "Plans": [
                      {
                        "Node Type": "Hash Join",
                        "Parent Relationship": "Outer",
                        "Parallel Aware": true,
                        "Join Type": "Inner",
                        "Startup Cost": 60398.21,
                        "Total Cost": 118449.05,
                        "Plan Rows": 299423,
                        "Plan Width": 8,
                        "Actual Startup Time": 214.901,
                        "Actual Total Time": 651.385,
                        "Actual Rows": 824542,
                        "Actual Loops": 2,
                        "Inner Unique": true,
                        "Hash Cond": "(mk.movie_id = t.id)",
                        "Plans": [
                          {
                            "Node Type": "Seq Scan",
                            "Parent Relationship": "Outer",
                            "Parallel Aware": true,
                            "Relation Name": "movie_keyword",
                            "Alias": "mk",
                            "Startup Cost": 0.0,
                            "Total Cost": 51065.35,
                            "Plan Rows": 2661135,
                            "Plan Width": 4,
                            "Actual Startup Time": 0.013,
                            "Actual Total Time": 160.688,
                            "Actual Rows": 2261965,
                            "Actual Loops": 2
                          },
                          {
                            "Node Type": "Hash",
                            "Parent Relationship": "Inner",
                            "Parallel Aware": true,
                            "Startup Cost": 58306.47,
                            "Total Cost": 58306.47,
                            "Plan Rows": 167339,
                            "Plan Width": 4,
                            "Actual Startup Time": 211.407,
                            "Actual Total Time": 211.408,
                            "Actual Rows": 200746,
                            "Actual Loops": 2,
                            "Hash Buckets": 524288,
                            "Original Hash Buckets": 524288,
                            "Hash Batches": 1,
                            "Original Hash Batches": 1,
                            "Peak Memory Usage": 19808,
                            "Plans": [
                              {
                                "Node Type": "Seq Scan",
                                "Parent Relationship": "Outer",
                                "Parallel Aware": true,
                                "Relation Name": "title",
                                "Alias": "t",
                                "Startup Cost": 0.0,
                                "Total Cost": 58306.47,
                                "Plan Rows": 167339,
                                "Plan Width": 4,
                                "Actual Startup Time": 0.059,
                                "Actual Total Time": 151.327,
                                "Actual Rows": 200746,
                                "Actual Loops": 2,
                                "Filter": "((kind_id < 7) AND (production_year < 1992))",
                                "Rows Removed by Filter": 1063410
                              }
                            ]
                          }
                        ]
                      }
                    ]
                  }
                ]
              }
            ]
          }
        ]
      }
    ]
  },
  "Planning Time": 0.909,
  "Triggers": [],
  "Execution Time": 9260.15
}