{
  "Plan": {
    "Node Type": "Aggregate",
    "Strategy": "Plain",
    "Partial Mode": "Finalize",
    "Parallel Aware": false,
    "Startup Cost": 480698.5,
    "Total Cost": 480698.51,
    "Plan Rows": 1,
    "Plan Width": 8,
    "Actual Startup Time": 7484.304,
    "Actual Total Time": 7565.875,
    "Actual Rows": 1,
    "Actual Loops": 1,
    "Plans": [
      {
        "Node Type": "Gather",
        "Parent Relationship": "Outer",
        "Parallel Aware": false,
        "Startup Cost": 480698.39,
        "Total Cost": 480698.5,
        "Plan Rows": 1,
        "Plan Width": 8,
        "Actual Startup Time": 7483.592,
        "Actual Total Time": 7565.867,
        "Actual Rows": 2,
        "Actual Loops": 1,
        "Workers Planned": 1,
        "Workers Launched": 1,
        "Single Copy": false,
        "Plans": [
          {
            "Node Type": "Aggregate",
            "Strategy": "Plain",
            "Partial Mode": "Partial",
            "Parent Relationship": "Outer",
            "Parallel Aware": false,
            "Startup Cost": 479698.39,
            "Total Cost": 479698.4,
            "Plan Rows": 1,
            "Plan Width": 8,
            "Actual Startup Time": 7477.304,
            "Actual Total Time": 7477.308,
            "Actual Rows": 1,
            "Actual Loops": 2,
            "Plans": [
              {
                "Node Type": "Nested Loop",
                "Parent Relationship": "Outer",
                "Parallel Aware": false,
                "Join Type": "Inner",
                "Startup Cost": 78238.05,
                "Total Cost": 476917.57,
                "Plan Rows": 1112329,
                "Plan Width": 0,
                "Actual Startup Time": 195.984,
                "Actual Total Time": 6975.732,
                "Actual Rows": 10079340,
                "Actual Loops": 2,
                "Inner Unique": false,
                "Join Filter": "(t.id = ci.movie_id)",
                "Rows Removed by Join Filter": 0,
                "Plans": [
                  {
                    "Node Type": "Hash Join",
                    "Parent Relationship": "Outer",
                    "Parallel Aware": true,
                    "Join Type": "Inner",
                    "Startup Cost": 78237.48,
                    "Total Cost": 251292.25,
                    "Plan Rows": 77628,
                    "Plan Width": 8,
                    "Actual Startup Time": 195.857,
                    "Actual Total Time": 429.932,
                    "Actual Rows": 145052,
                    "Actual Loops": 2,
                    "Inner Unique": true,
                    "Hash Cond": "(mi.movie_id = t.id)",
                    "Plans": [
                      {
                        "Node Type": "Bitmap Heap Scan",
                        "Parent Relationship": "Outer",
                        "Parallel Aware": true,
                        "Relation Name": "movie_info",
                        "Alias": "mi",
                        "Startup Cost": 22524.06,
                        "Total Cost": 193659.01,
                        "Plan Rows": 731356,
                        "Plan Width": 4,
                        "Actual Startup Time": 47.42,
                        "Actual Total Time": 149.937,
                        "Actual Rows": 602354,
                        "Actual Loops": 2,
                        "Recheck Cond": "(info_type_id > 18)",
                        "Rows Removed by Index Recheck": 0,
                        "Exact Heap Blocks": 18602,
                        "Lossy Heap Blocks": 0,
                        "Plans": [
                          {
                            "Node Type": "Bitmap Index Scan",
                            "Parent Relationship": "Outer",
                            "Parallel Aware": false,
                            "Index Name": "info_type_id_movie_info",
                            "Startup Cost": 0.0,
                            "Total Cost": 22213.23,
                            "Plan Rows": 1243306,
                            "Plan Width": 0,
                            "Actual Startup Time": 41.795,
                            "Actual Total Time": 41.795,
                            "Actual Rows": 1204709,
                            "Actual Loops": 1,
                            "Index Cond": "(info_type_id > 18)"
                          }
                        ]
                      },
                      {
                        "Node Type": "Hash",
                        "Parent Relationship": "Inner",
                        "Parallel Aware": true,
                        "Startup Cost": 53740.2,
                        "Total Cost": 53740.2,
                        "Plan Rows": 157858,
                        "Plan Width": 4,
                        "Actual Startup Time": 125.147,
                        "Actual Total Time": 125.148,
                        "Actual Rows": 108141,
                        "Actual Loops": 2,
                        "Hash Buckets": 524288,
                        "Original Hash Buckets": 524288,
                        "Hash Batches": 1,
                        "Original Hash Batches": 1,
                        "Peak Memory Usage": 12576,
                        "Plans": [
                          {
                            "Node Type": "Bitmap Heap Scan",
                            "Parent Relationship": "Outer",
                            "Parallel Aware": true,
                            "Relation Name": "title",
                            "Alias": "t",
                            "Startup Cost": 11889.94,
                            "Total Cost": 53740.2,
                            "Plan Rows": 157858,
                            "Plan Width": 4,
                            "Actual Startup Time": 34.69,
                            "Actual Total Time": 98.64,
                            "Actual Rows": 108141,
                            "Actual Loops": 2,
                            "Recheck Cond": "(kind_id = 1)",
                            "Rows Removed by Index Recheck": 0,
                            "Filter": "(production_year > 2005)",
                            "Rows Removed by Filter": 223272,
                            "Exact Heap Blocks": 8331,
                            "Lossy Heap Blocks": 0,
                            "Plans": [
                              {
                                "Node Type": "Bitmap Index Scan",
                                "Parent Relationship": "Outer",
                                "Parallel Aware": false,
                                "Index Name": "kind_id_title",
                                "Startup Cost": 0.0,
                                "Total Cost": 11822.85,
                                "Plan Rows": 663256,
                                "Plan Width": 0,
                                "Actual Startup Time": 33.024,
                                "Actual Total Time": 33.024,
                                "Actual Rows": 662825,
                                "Actual Loops": 1,
                                "Index Cond": "(kind_id = 1)"
                              }
                            ]
                          }
                        ]
                      }
                    ]
                  },
                  {
                    "Node Type": "Index Only Scan",
                    "Parent Relationship": "Inner",
                    "Parallel Aware": false,
                    "Scan Direction": "Forward",
                    "Index Name": "movie_id_cast_info",
                    "Relation Name": "cast_info",
                    "Alias": "ci",
                    "Startup Cost": 0.56,
                    "Total Cost": 2.44,
                    "Plan Rows": 37,
                    "Plan Width": 4,
                    "Actual Startup Time": 0.005,
                    "Actual Total Time": 0.038,
                    "Actual Rows": 69,
                    "Actual Loops": 290105,
                    "Index Cond": "(movie_id = mi.movie_id)",
                    "Rows Removed by Index Recheck": 0,
                    "Heap Fetches": 20158679
                  }
                ]
              }
            ]
          }
        ]
      }
    ]
  },
  "Planning Time": 0.918,
  "Triggers": [],
  "Execution Time": 7566.007
}