[
  {
    "Plan": {
      "Node Type": "Aggregate",
      "Strategy": "Plain",
      "Partial Mode": "Finalize",
      "Parallel Aware": false,
      "Startup Cost": 47323.12,
      "Total Cost": 47323.13,
      "Plan Rows": 1,
      "Plan Width": 8,
      "Actual Startup Time": 125.788,
      "Actual Total Time": 138.351,
      "Actual Rows": 1,
      "Actual Loops": 1,
      "Plans": [
        {
          "Node Type": "Gather",
          "Parent Relationship": "Outer",
          "Parallel Aware": false,
          "Startup Cost": 47322.7,
          "Total Cost": 47323.11,
          "Plan Rows": 4,
          "Plan Width": 8,
          "Actual Startup Time": 125.593,
          "Actual Total Time": 138.338,
          "Actual Rows": 5,
          "Actual Loops": 1,
          "Workers Planned": 4,
          "Workers Launched": 4,
          "Single Copy": false,
          "Plans": [
            {
              "Node Type": "Aggregate",
              "Strategy": "Plain",
              "Partial Mode": "Partial",
              "Parent Relationship": "Outer",
              "Parallel Aware": false,
              "Startup Cost": 46322.7,
              "Total Cost": 46322.71,
              "Plan Rows": 1,
              "Plan Width": 8,
              "Actual Startup Time": 116.096,
              "Actual Total Time": 116.098,
              "Actual Rows": 1,
              "Actual Loops": 5,
              "Plans": [
                {
                  "Node Type": "Seq Scan",
                  "Parent Relationship": "Outer",
                  "Parallel Aware": true,
                  "Relation Name": "title",
                  "Alias": "t",
                  "Startup Cost": 0.0,
                  "Total Cost": 45479.59,
                  "Plan Rows": 337245,
                  "Plan Width": 0,
                  "Actual Startup Time": 0.057,
                  "Actual Total Time": 99.037,
                  "Actual Rows": 292540,
                  "Actual Loops": 5,
                  "Filter": "((kind_id > 1) AND (production_year > 1987))",
                  "Rows Removed by Filter": 213122
                }
              ]
            }
          ]
        }
      ]
    },
    "Planning Time": 0.24,
    "Triggers": [],
    "Execution Time": 138.414
  }
]