[
    {
        "Bao": {
            "Bao prediction": "NaN",
            "Bao recommended hint": "(no hint)"
        }
    },
    {
        "Plan": {
            "Node Type": "Aggregate",
            "Strategy": "Plain",
            "Partial Mode": "Finalize",
            "Parallel Aware": false,
            "Startup Cost": 115700.88,
            "Total Cost": 115700.89,
            "Plan Rows": 1,
            "Plan Width": 8,
            "Actual Startup Time": 91.038,
            "Actual Total Time": 99.265,
            "Actual Rows": 1,
            "Actual Loops": 1,
            "Output": [
                "count(*)"
            ],
            "Plans": [
                {
                    "Node Type": "Gather",
                    "Parent Relationship": "Outer",
                    "Parallel Aware": false,
                    "Startup Cost": 115700.46,
                    "Total Cost": 115700.87,
                    "Plan Rows": 4,
                    "Plan Width": 8,
                    "Actual Startup Time": 90.893,
                    "Actual Total Time": 99.257,
                    "Actual Rows": 5,
                    "Actual Loops": 1,
                    "Output": [
                        "(PARTIAL count(*))"
                    ],
                    "Workers Planned": 4,
                    "Workers Launched": 4,
                    "Single Copy": false,
                    "Plans": [
                        {
                            "Node Type": "Aggregate",
                            "Strategy": "Plain",
                            "Partial Mode": "Partial",
                            "Parent Relationship": "Outer",
                            "Parallel Aware": false,
                            "Startup Cost": 114700.46,
                            "Total Cost": 114700.47,
                            "Plan Rows": 1,
                            "Plan Width": 8,
                            "Actual Startup Time": 80.918,
                            "Actual Total Time": 80.919,
                            "Actual Rows": 1,
                            "Actual Loops": 5,
                            "Output": [
                                "PARTIAL count(*)"
                            ],
                            "Workers": [
                                {
                                    "Worker Number": 0,
                                    "Actual Startup Time": 78.213,
                                    "Actual Total Time": 78.214,
                                    "Actual Rows": 1,
                                    "Actual Loops": 1
                                },
                                {
                                    "Worker Number": 1,
                                    "Actual Startup Time": 78.482,
                                    "Actual Total Time": 78.484,
                                    "Actual Rows": 1,
                                    "Actual Loops": 1
                                },
                                {
                                    "Worker Number": 2,
                                    "Actual Startup Time": 78.663,
                                    "Actual Total Time": 78.664,
                                    "Actual Rows": 1,
                                    "Actual Loops": 1
                                },
                                {
                                    "Worker Number": 3,
                                    "Actual Startup Time": 79.14,
                                    "Actual Total Time": 79.141,
                                    "Actual Rows": 1,
                                    "Actual Loops": 1
                                }
                            ],
                            "Plans": [
                                {
                                    "Node Type": "Nested Loop",
                                    "Parent Relationship": "Outer",
                                    "Parallel Aware": false,
                                    "Join Type": "Inner",
                                    "Startup Cost": 0.56,
                                    "Total Cost": 114681.98,
                                    "Plan Rows": 7392,
                                    "Plan Width": 0,
                                    "Actual Startup Time": 43.19,
                                    "Actual Total Time": 80.832,
                                    "Actual Rows": 620,
                                    "Actual Loops": 5,
                                    "Inner Unique": false,
                                    "Workers": [
                                        {
                                            "Worker Number": 0,
                                            "Actual Startup Time": 50.376,
                                            "Actual Total Time": 78.108,
                                            "Actual Rows": 446,
                                            "Actual Loops": 1
                                        },
                                        {
                                            "Worker Number": 1,
                                            "Actual Startup Time": 50.469,
                                            "Actual Total Time": 78.394,
                                            "Actual Rows": 348,
                                            "Actual Loops": 1
                                        },
                                        {
                                            "Worker Number": 2,
                                            "Actual Startup Time": 50.595,
                                            "Actual Total Time": 78.575,
                                            "Actual Rows": 596,
                                            "Actual Loops": 1
                                        },
                                        {
                                            "Worker Number": 3,
                                            "Actual Startup Time": 46.647,
                                            "Actual Total Time": 79.054,
                                            "Actual Rows": 567,
                                            "Actual Loops": 1
                                        }
                                    ],
                                    "Plans": [
                                        {
                                            "Node Type": "Seq Scan",
                                            "Parent Relationship": "Outer",
                                            "Parallel Aware": true,
                                            "Relation Name": "title",
                                            "Schema": "public",
                                            "Alias": "t",
                                            "Startup Cost": 0.0,
                                            "Total Cost": 43899.01,
                                            "Plan Rows": 516,
                                            "Plan Width": 4,
                                            "Actual Startup Time": 43.094,
                                            "Actual Total Time": 75.471,
                                            "Actual Rows": 88,
                                            "Actual Loops": 5,
                                            "Output": [
                                                "t.id",
                                                "t.title",
                                                "t.imdb_index",
                                                "t.kind_id",
                                                "t.production_year",
                                                "t.imdb_id",
                                                "t.phonetic_code",
                                                "t.episode_of_id",
                                                "t.season_nr",
                                                "t.episode_nr",
                                                "t.series_years",
                                                "t.md5sum"
                                            ],
                                            "Filter": "(t.production_year > 2014)",
                                            "Rows Removed by Filter": 505575,
                                            "Workers": [
                                                {
                                                    "Worker Number": 0,
                                                    "Actual Startup Time": 50.251,
                                                    "Actual Total Time": 71.338,
                                                    "Actual Rows": 62,
                                                    "Actual Loops": 1
                                                },
                                                {
                                                    "Worker Number": 1,
                                                    "Actual Startup Time": 50.352,
                                                    "Actual Total Time": 72.897,
                                                    "Actual Rows": 56,
                                                    "Actual Loops": 1
                                                },
                                                {
                                                    "Worker Number": 2,
                                                    "Actual Startup Time": 50.486,
                                                    "Actual Total Time": 72.565,
                                                    "Actual Rows": 89,
                                                    "Actual Loops": 1
                                                },
                                                {
                                                    "Worker Number": 3,
                                                    "Actual Startup Time": 46.538,
                                                    "Actual Total Time": 73.027,
                                                    "Actual Rows": 77,
                                                    "Actual Loops": 1
                                                }
                                            ]
                                        },
                                        {
                                            "Node Type": "Index Only Scan",
                                            "Parent Relationship": "Inner",
                                            "Parallel Aware": false,
                                            "Scan Direction": "Forward",
                                            "Index Name": "movie_id_cast_info",
                                            "Relation Name": "cast_info",
                                            "Schema": "public",
                                            "Alias": "ci",
                                            "Startup Cost": 0.56,
                                            "Total Cost": 136.8,
                                            "Plan Rows": 38,
                                            "Plan Width": 4,
                                            "Actual Startup Time": 0.026,
                                            "Actual Total Time": 0.06,
                                            "Actual Rows": 7,
                                            "Actual Loops": 438,
                                            "Output": [
                                                "ci.movie_id"
                                            ],
                                            "Index Cond": "(ci.movie_id = t.id)",
                                            "Rows Removed by Index Recheck": 0,
                                            "Heap Fetches": 3099,
                                            "Workers": [
                                                {
                                                    "Worker Number": 0,
                                                    "Actual Startup Time": 0.044,
                                                    "Actual Total Time": 0.107,
                                                    "Actual Rows": 7,
                                                    "Actual Loops": 62
                                                },
                                                {
                                                    "Worker Number": 1,
                                                    "Actual Startup Time": 0.042,
                                                    "Actual Total Time": 0.096,
                                                    "Actual Rows": 6,
                                                    "Actual Loops": 56
                                                },
                                                {
                                                    "Worker Number": 2,
                                                    "Actual Startup Time": 0.029,
                                                    "Actual Total Time": 0.066,
                                                    "Actual Rows": 7,
                                                    "Actual Loops": 89
                                                },
                                                {
                                                    "Worker Number": 3,
                                                    "Actual Startup Time": 0.032,
                                                    "Actual Total Time": 0.077,
                                                    "Actual Rows": 7,
                                                    "Actual Loops": 77
                                                }
                                            ]
                                        }
                                    ]
                                }
                            ]
                        }
                    ]
                }
            ]
        },
        "Planning Time": 201.497,
        "Triggers": [],
        "Execution Time": 99.359
    }
]