[
  {
    "Plan": {
      "Node Type": "Aggregate",
      "Strategy": "Plain",
      "Partial Mode": "Simple",
      "Parallel Aware": false,
      "Startup Cost": 109753.33,
      "Total Cost": 109753.34,
      "Plan Rows": 1,
      "Plan Width": 8,
      "Actual Startup Time": 9.607,
      "Actual Total Time": 9.607,
      "Actual Rows": 1,
      "Actual Loops": 1,
      "Plans": [
        {
          "Node Type": "Index Scan",
          "Parent Relationship": "Outer",
          "Parallel Aware": false,
          "Scan Direction": "Forward",
          "Index Name": "person_id_cast_info",
          "Relation Name": "cast_info",
          "Alias": "ci",
          "Startup Cost": 0.56,
          "Total Cost": 109657.01,
          "Plan Rows": 38528,
          "Plan Width": 0,
          "Actual Startup Time": 0.016,
          "Actual Total Time": 8.782,
          "Actual Rows": 18130,
          "Actual Loops": 1,
          "Index Cond": "(person_id < 6971)",
          "Rows Removed by Index Recheck": 0,
          "Filter": "(role_id > 1)",
          "Rows Removed by Filter": 41152
        }
      ]
    },
    "Planning Time": 0.092,
    "Triggers": [],
    "Execution Time": 9.625
  }
]