[
  {
    "Plan": {
      "Node Type": "Aggregate",
      "Strategy": "Plain",
      "Partial Mode": "Finalize",
      "Parallel Aware": false,
      "Startup Cost": 268796.74,
      "Total Cost": 268796.75,
      "Plan Rows": 1,
      "Plan Width": 8,
      "Actual Startup Time": 85.621,
      "Actual Total Time": 90.504,
      "Actual Rows": 1,
      "Actual Loops": 1,
      "Plans": [
        {
          "Node Type": "Gather",
          "Parent Relationship": "Outer",
          "Parallel Aware": false,
          "Startup Cost": 268796.11,
          "Total Cost": 268796.72,
          "Plan Rows": 6,
          "Plan Width": 8,
          "Actual Startup Time": 85.347,
          "Actual Total Time": 90.496,
          "Actual Rows": 7,
          "Actual Loops": 1,
          "Workers Planned": 6,
          "Workers Launched": 6,
          "Single Copy": false,
          "Plans": [
            {
              "Node Type": "Aggregate",
              "Strategy": "Plain",
              "Partial Mode": "Partial",
              "Parent Relationship": "Outer",
              "Parallel Aware": false,
              "Startup Cost": 267796.11,
              "Total Cost": 267796.12,
              "Plan Rows": 1,
              "Plan Width": 8,
              "Actual Startup Time": 78.758,
              "Actual Total Time": 78.759,
              "Actual Rows": 1,
              "Actual Loops": 7,
              "Plans": [
                {
                  "Node Type": "Bitmap Heap Scan",
                  "Parent Relationship": "Outer",
                  "Parallel Aware": true,
                  "Relation Name": "cast_info",
                  "Alias": "ci",
                  "Startup Cost": 13462.13,
                  "Total Cost": 267683.04,
                  "Plan Rows": 45230,
                  "Plan Width": 0,
                  "Actual Startup Time": 64.584,
                  "Actual Total Time": 77.148,
                  "Actual Rows": 23617,
                  "Actual Loops": 7,
                  "Recheck Cond": "(person_id < 68865)",
                  "Rows Removed by Index Recheck": 0,
                  "Filter": "(role_id > 2)",
                  "Rows Removed by Filter": 68375,
                  "Exact Heap Blocks": 2830,
                  "Lossy Heap Blocks": 0,
                  "Plans": [
                    {
                      "Node Type": "Bitmap Index Scan",
                      "Parent Relationship": "Outer",
                      "Parallel Aware": false,
                      "Index Name": "person_id_cast_info",
                      "Startup Cost": 0.0,
                      "Total Cost": 13394.29,
                      "Plan Rows": 613563,
                      "Plan Width": 0,
                      "Actual Startup Time": 44.035,
                      "Actual Total Time": 44.036,
                      "Actual Rows": 643943,
                      "Actual Loops": 1,
                      "Index Cond": "(person_id < 68865)"
                    }
                  ]
                }
              ]
            }
          ]
        }
      ]
    },
    "Planning Time": 0.233,
    "Triggers": [],
    "Execution Time": 90.581
  }
]