[
  {
    "Plan": {
      "Node Type": "Aggregate",
      "Strategy": "Plain",
      "Partial Mode": "Finalize",
      "Parallel Aware": false,
      "Startup Cost": 269985.76,
      "Total Cost": 269985.77,
      "Plan Rows": 1,
      "Plan Width": 8,
      "Actual Startup Time": 79.058,
      "Actual Total Time": 83.343,
      "Actual Rows": 1,
      "Actual Loops": 1,
      "Plans": [
        {
          "Node Type": "Gather",
          "Parent Relationship": "Outer",
          "Parallel Aware": false,
          "Startup Cost": 269985.13,
          "Total Cost": 269985.74,
          "Plan Rows": 6,
          "Plan Width": 8,
          "Actual Startup Time": 78.835,
          "Actual Total Time": 83.336,
          "Actual Rows": 7,
          "Actual Loops": 1,
          "Workers Planned": 6,
          "Workers Launched": 6,
          "Single Copy": false,
          "Plans": [
            {
              "Node Type": "Aggregate",
              "Strategy": "Plain",
              "Partial Mode": "Partial",
              "Parent Relationship": "Outer",
              "Parallel Aware": false,
              "Startup Cost": 268985.13,
              "Total Cost": 268985.14,
              "Plan Rows": 1,
              "Plan Width": 8,
              "Actual Startup Time": 68.714,
              "Actual Total Time": 68.715,
              "Actual Rows": 1,
              "Actual Loops": 7,
              "Plans": [
                {
                  "Node Type": "Bitmap Heap Scan",
                  "Parent Relationship": "Outer",
                  "Parallel Aware": true,
                  "Relation Name": "cast_info",
                  "Alias": "ci",
                  "Startup Cost": 14519.94,
                  "Total Cost": 268860.46,
                  "Plan Rows": 49867,
                  "Plan Width": 0,
                  "Actual Startup Time": 54.473,
                  "Actual Total Time": 67.102,
                  "Actual Rows": 23617,
                  "Actual Loops": 7,
                  "Recheck Cond": "(person_id < 68865)",
                  "Rows Removed by Index Recheck": 0,
                  "Filter": "(role_id > 2)",
                  "Rows Removed by Filter": 68375,
                  "Exact Heap Blocks": 2706,
                  "Lossy Heap Blocks": 0,
                  "Plans": [
                    {
                      "Node Type": "Bitmap Index Scan",
                      "Parent Relationship": "Outer",
                      "Parallel Aware": false,
                      "Index Name": "person_id_cast_info",
                      "Startup Cost": 0.0,
                      "Total Cost": 14445.14,
                      "Plan Rows": 661410,
                      "Plan Width": 0,
                      "Actual Startup Time": 38.352,
                      "Actual Total Time": 38.353,
                      "Actual Rows": 643943,
                      "Actual Loops": 1,
                      "Index Cond": "(person_id < 68865)"
                    }
                  ]
                }
              ]
            }
          ]
        }
      ]
    },
    "Planning Time": 0.159,
    "Triggers": [],
    "Execution Time": 83.398
  }
]