[
  {
    "Plan": {
      "Node Type": "Aggregate",
      "Strategy": "Plain",
      "Partial Mode": "Finalize",
      "Parallel Aware": false,
      "Startup Cost": 29748.18,
      "Total Cost": 29748.19,
      "Plan Rows": 1,
      "Plan Width": 8,
      "Actual Startup Time": 93.73,
      "Actual Total Time": 100.236,
      "Actual Rows": 1,
      "Actual Loops": 1,
      "Plans": [
        {
          "Node Type": "Gather",
          "Parent Relationship": "Outer",
          "Parallel Aware": false,
          "Startup Cost": 29747.86,
          "Total Cost": 29748.17,
          "Plan Rows": 3,
          "Plan Width": 8,
          "Actual Startup Time": 93.457,
          "Actual Total Time": 100.229,
          "Actual Rows": 4,
          "Actual Loops": 1,
          "Workers Planned": 3,
          "Workers Launched": 3,
          "Single Copy": false,
          "Plans": [
            {
              "Node Type": "Aggregate",
              "Strategy": "Plain",
              "Partial Mode": "Partial",
              "Parent Relationship": "Outer",
              "Parallel Aware": false,
              "Startup Cost": 28747.86,
              "Total Cost": 28747.87,
              "Plan Rows": 1,
              "Plan Width": 8,
              "Actual Startup Time": 84.433,
              "Actual Total Time": 84.435,
              "Actual Rows": 1,
              "Actual Loops": 4,
              "Plans": [
                {
                  "Node Type": "Bitmap Heap Scan",
                  "Parent Relationship": "Outer",
                  "Parallel Aware": true,
                  "Relation Name": "movie_companies",
                  "Alias": "mc",
                  "Startup Cost": 8007.22,
                  "Total Cost": 28595.67,
                  "Plan Rows": 60876,
                  "Plan Width": 0,
                  "Actual Startup Time": 69.328,
                  "Actual Total Time": 83.322,
                  "Actual Rows": 21166,
                  "Actual Loops": 4,
                  "Recheck Cond": "(company_id < 197)",
                  "Rows Removed by Index Recheck": 0,
                  "Filter": "(company_type_id = 2)",
                  "Rows Removed by Filter": 70874,
                  "Exact Heap Blocks": 10211,
                  "Lossy Heap Blocks": 0,
                  "Plans": [
                    {
                      "Node Type": "Bitmap Index Scan",
                      "Parent Relationship": "Outer",
                      "Parallel Aware": false,
                      "Index Name": "company_id_movie_companies",
                      "Startup Cost": 0.0,
                      "Total Cost": 7960.04,
                      "Plan Rows": 371681,
                      "Plan Width": 0,
                      "Actual Startup Time": 37.317,
                      "Actual Total Time": 37.318,
                      "Actual Rows": 368162,
                      "Actual Loops": 1,
                      "Index Cond": "(company_id < 197)"
                    }
                  ]
                }
              ]
            }
          ]
        }
      ]
    },
    "Planning Time": 0.246,
    "Triggers": [],
    "Execution Time": 100.305
  }
]