{
  "Plan": {
    "Node Type": "Aggregate",
    "Strategy": "Plain",
    "Partial Mode": "Finalize",
    "Parallel Aware": false,
    "Startup Cost": 134876.34,
    "Total Cost": 134876.35,
    "Plan Rows": 1,
    "Plan Width": 8,
    "Actual Startup Time": 801.198,
    "Actual Total Time": 820.886,
    "Actual Rows": 1,
    "Actual Loops": 1,
    "Plans": [
      {
        "Node Type": "Gather",
        "Parent Relationship": "Outer",
        "Parallel Aware": false,
        "Startup Cost": 134876.22,
        "Total Cost": 134876.33,
        "Plan Rows": 1,
        "Plan Width": 8,
        "Actual Startup Time": 798.523,
        "Actual Total Time": 820.872,
        "Actual Rows": 2,
        "Actual Loops": 1,
        "Workers Planned": 1,
        "Workers Launched": 1,
        "Single Copy": false,
        "Plans": [
          {
            "Node Type": "Aggregate",
            "Strategy": "Plain",
            "Partial Mode": "Partial",
            "Parent Relationship": "Outer",
            "Parallel Aware": false,
            "Startup Cost": 133876.22,
            "Total Cost": 133876.23,
            "Plan Rows": 1,
            "Plan Width": 8,
            "Actual Startup Time": 791.041,
            "Actual Total Time": 791.046,
            "Actual Rows": 1,
            "Actual Loops": 2,
            "Plans": [
              {
                "Node Type": "Hash Join",
                "Parent Relationship": "Outer",
                "Parallel Aware": true,
                "Join Type": "Inner",
                "Startup Cost": 68725.03,
                "Total Cost": 131289.55,
                "Plan Rows": 1034670,
                "Plan Width": 0,
                "Actual Startup Time": 396.662,
                "Actual Total Time": 772.131,
                "Actual Rows": 475370,
                "Actual Loops": 2,
                "Inner Unique": true,
                "Hash Cond": "(mk.movie_id = t.id)",
                "Plans": [
                  {
                    "Node Type": "Seq Scan",
                    "Parent Relationship": "Outer",
                    "Parallel Aware": true,
                    "Relation Name": "movie_keyword",
                    "Alias": "mk",
                    "Startup Cost": 0.0,
                    "Total Cost": 57718.19,
                    "Plan Rows": 1846216,
                    "Plan Width": 4,
                    "Actual Startup Time": 0.197,
                    "Actual Total Time": 201.011,
                    "Actual Rows": 1565120,
                    "Actual Loops": 2,
                    "Filter": "(keyword_id > 1880)",
                    "Rows Removed by Filter": 696844
                  },
                  {
                    "Node Type": "Hash",
                    "Parent Relationship": "Inner",
                    "Parallel Aware": true,
                    "Startup Cost": 58306.47,
                    "Total Cost": 58306.47,
                    "Plan Rows": 833485,
                    "Plan Width": 4,
                    "Actual Startup Time": 381.973,
                    "Actual Total Time": 381.974,
                    "Actual Rows": 699360,
                    "Actual Loops": 2,
                    "Hash Buckets": 2097152,
                    "Original Hash Buckets": 2097152,
                    "Hash Batches": 1,
                    "Original Hash Batches": 1,
                    "Peak Memory Usage": 71136,
                    "Plans": [
                      {
                        "Node Type": "Seq Scan",
                        "Parent Relationship": "Outer",
                        "Parallel Aware": true,
                        "Relation Name": "title",
                        "Alias": "t",
                        "Startup Cost": 0.0,
                        "Total Cost": 58306.47,
                        "Plan Rows": 833485,
                        "Plan Width": 4,
                        "Actual Startup Time": 0.051,
                        "Actual Total Time": 177.7,
                        "Actual Rows": 699360,
                        "Actual Loops": 2,
                        "Filter": "((kind_id > 1) AND (production_year < 2010))",
                        "Rows Removed by Filter": 564796
                      }
                    ]
                  }
                ]
              }
            ]
          }
        ]
      }
    ]
  },
  "Planning Time": 0.763,
  "Triggers": [],
  "Execution Time": 820.963
}