{
  "Plan": {
    "Node Type": "Aggregate",
    "Strategy": "Plain",
    "Partial Mode": "Finalize",
    "Parallel Aware": false,
    "Startup Cost": 1930480.94,
    "Total Cost": 1930480.95,
    "Plan Rows": 1,
    "Plan Width": 8,
    "Actual Startup Time": 12420.489,
    "Actual Total Time": 12457.266,
    "Actual Rows": 1,
    "Actual Loops": 1,
    "Plans": [
      {
        "Node Type": "Gather",
        "Parent Relationship": "Outer",
        "Parallel Aware": false,
        "Startup Cost": 1930480.82,
        "Total Cost": 1930480.93,
        "Plan Rows": 1,
        "Plan Width": 8,
        "Actual Startup Time": 12420.478,
        "Actual Total Time": 12457.258,
        "Actual Rows": 2,
        "Actual Loops": 1,
        "Workers Planned": 1,
        "Workers Launched": 1,
        "Single Copy": false,
        "Plans": [
          {
            "Node Type": "Aggregate",
            "Strategy": "Plain",
            "Partial Mode": "Partial",
            "Parent Relationship": "Outer",
            "Parallel Aware": false,
            "Startup Cost": 1929480.82,
            "Total Cost": 1929480.83,
            "Plan Rows": 1,
            "Plan Width": 8,
            "Actual Startup Time": 12377.217,
            "Actual Total Time": 12377.224,
            "Actual Rows": 1,
            "Actual Loops": 2,
            "Plans": [
              {
                "Node Type": "Merge Join",
                "Parent Relationship": "Outer",
                "Parallel Aware": false,
                "Join Type": "Inner",
                "Startup Cost": 1818805.45,
                "Total Cost": 1919248.13,
                "Plan Rows": 4093076,
                "Plan Width": 0,
                "Actual Startup Time": 8928.693,
                "Actual Total Time": 12048.832,
                "Actual Rows": 8106830,
                "Actual Loops": 2,
                "Inner Unique": false,
                "Merge Cond": "(t.id = mi.movie_id)",
                "Plans": [
                  {
                    "Node Type": "Sort",
                    "Parent Relationship": "Outer",
                    "Parallel Aware": false,
                    "Startup Cost": 1481632.77,
                    "Total Cost": 1501171.15,
                    "Plan Rows": 7815354,
                    "Plan Width": 8,
                    "Actual Startup Time": 8441.658,
                    "Actual Total Time": 9906.215,
                    "Actual Rows": 7186210,
                    "Actual Loops": 2,
                    "Sort Key": [
                      "ci.movie_id"
                    ],
                    "Sort Method": "quicksort",
                    "Sort Space Used": 538341,
                    "Sort Space Type": "Memory",
                    "Workers": [
                      {
                        "Worker Number": 0,
                        "Sort Method": "quicksort",
                        "Sort Space Used": 528583,
                        "Sort Space Type": "Memory"
                      }
                    ],
                    "Plans": [
                      {
                        "Node Type": "Hash Join",
                        "Parent Relationship": "Outer",
                        "Parallel Aware": true,
                        "Join Type": "Inner",
                        "Startup Cost": 65124.23,
                        "Total Cost": 586857.58,
                        "Plan Rows": 7815354,
                        "Plan Width": 8,
                        "Actual Startup Time": 281.825,
                        "Actual Total Time": 6507.614,
                        "Actual Rows": 7186210,
                        "Actual Loops": 2,
                        "Inner Unique": true,
                        "Hash Cond": "(ci.movie_id = t.id)",
                        "Plans": [
                          {
                            "Node Type": "Seq Scan",
                            "Parent Relationship": "Outer",
                            "Parallel Aware": true,
                            "Relation Name": "cast_info",
                            "Alias": "ci",
                            "Startup Cost": 0.0,
                            "Total Cost": 465792.95,
                            "Plan Rows": 21310595,
                            "Plan Width": 4,
                            "Actual Startup Time": 0.013,
                            "Actual Total Time": 1426.548,
                            "Actual Rows": 18122172,
                            "Actual Loops": 2
                          },
                          {
                            "Node Type": "Hash",
                            "Parent Relationship": "Inner",
                            "Parallel Aware": true,
                            "Startup Cost": 58306.47,
                            "Total Cost": 58306.47,
                            "Plan Rows": 545421,
                            "Plan Width": 4,
                            "Actual Startup Time": 272.629,
                            "Actual Total Time": 272.63,
                            "Actual Rows": 440908,
                            "Actual Loops": 2,
                            "Hash Buckets": 1048576,
                            "Original Hash Buckets": 1048576,
                            "Hash Batches": 1,
                            "Original Hash Batches": 1,
                            "Peak Memory Usage": 42720,
                            "Plans": [
                              {
                                "Node Type": "Seq Scan",
                                "Parent Relationship": "Outer",
                                "Parallel Aware": true,
                                "Relation Name": "title",
                                "Alias": "t",
                                "Startup Cost": 0.0,
                                "Total Cost": 58306.47,
                                "Plan Rows": 545421,
                                "Plan Width": 4,
                                "Actual Startup Time": 0.04,
                                "Actual Total Time": 169.058,
                                "Actual Rows": 440908,
                                "Actual Loops": 2,
                                "Filter": "((kind_id < 7) AND (production_year > 1922))",
                                "Rows Removed by Filter": 823248
                              }
                            ]
                          }
                        ]
                      }
                    ]
                  },
                  {
                    "Node Type": "Sort",
                    "Parent Relationship": "Inner",
                    "Parallel Aware": false,
                    "Startup Cost": 337171.89,
                    "Total Cost": 340482.2,
                    "Plan Rows": 1324124,
                    "Plan Width": 4,
                    "Actual Startup Time": 487.022,
                    "Actual Total Time": 811.302,
                    "Actual Rows": 8565846,
                    "Actual Loops": 2,
                    "Sort Key": [
                      "mi.movie_id"
                    ],
                    "Sort Method": "quicksort",
                    "Sort Space Used": 111279,
                    "Sort Space Type": "Memory",
                    "Workers": [
                      {
                        "Worker Number": 0,
                        "Sort Method": "quicksort",
                        "Sort Space Used": 111279,
                        "Sort Space Type": "Memory"
                      }
                    ],
                    "Plans": [
                      {
                        "Node Type": "Bitmap Heap Scan",
                        "Parent Relationship": "Outer",
                        "Parallel Aware": false,
                        "Relation Name": "movie_info",
                        "Alias": "mi",
                        "Startup Cost": 23986.4,
                        "Total Cost": 202530.95,
                        "Plan Rows": 1324124,
                        "Plan Width": 4,
                        "Actual Startup Time": 61.109,
                        "Actual Total Time": 191.986,
                        "Actual Rows": 1325361,
                        "Actual Loops": 2,
                        "Recheck Cond": "(info_type_id = 8)",
                        "Rows Removed by Index Recheck": 0,
                        "Exact Heap Blocks": 7852,
                        "Lossy Heap Blocks": 0,
                        "Plans": [
                          {
                            "Node Type": "Bitmap Index Scan",
                            "Parent Relationship": "Outer",
                            "Parallel Aware": false,
                            "Index Name": "info_type_id_movie_info",
                            "Startup Cost": 0.0,
                            "Total Cost": 23655.37,
                            "Plan Rows": 1324124,
                            "Plan Width": 0,
                            "Actual Startup Time": 60.184,
                            "Actual Total Time": 60.185,
                            "Actual Rows": 1325361,
                            "Actual Loops": 2,
                            "Index Cond": "(info_type_id = 8)"
                          }
                        ]
                      }
                    ]
                  }
                ]
              }
            ]
          }
        ]
      }
    ]
  },
  "Planning Time": 1.064,
  "Triggers": [],
  "Execution Time": 12498.398
}