[
  {
    "Plan": {
      "Node Type": "Aggregate",
      "Strategy": "Plain",
      "Partial Mode": "Finalize",
      "Parallel Aware": false,
      "Startup Cost": 28249.01,
      "Total Cost": 28249.02,
      "Plan Rows": 1,
      "Plan Width": 8,
      "Actual Startup Time": 65.317,
      "Actual Total Time": 74.779,
      "Actual Rows": 1,
      "Actual Loops": 1,
      "Plans": [
        {
          "Node Type": "Gather",
          "Parent Relationship": "Outer",
          "Parallel Aware": false,
          "Startup Cost": 28248.89,
          "Total Cost": 28249.0,
          "Plan Rows": 1,
          "Plan Width": 8,
          "Actual Startup Time": 65.191,
          "Actual Total Time": 74.773,
          "Actual Rows": 2,
          "Actual Loops": 1,
          "Workers Planned": 1,
          "Workers Launched": 1,
          "Single Copy": false,
          "Plans": [
            {
              "Node Type": "Aggregate",
              "Strategy": "Plain",
              "Partial Mode": "Partial",
              "Parent Relationship": "Outer",
              "Parallel Aware": false,
              "Startup Cost": 27248.89,
              "Total Cost": 27248.9,
              "Plan Rows": 1,
              "Plan Width": 8,
              "Actual Startup Time": 58.952,
              "Actual Total Time": 58.953,
              "Actual Rows": 1,
              "Actual Loops": 2,
              "Plans": [
                {
                  "Node Type": "Nested Loop",
                  "Parent Relationship": "Outer",
                  "Parallel Aware": false,
                  "Join Type": "Inner",
                  "Startup Cost": 74.91,
                  "Total Cost": 27227.38,
                  "Plan Rows": 8606,
                  "Plan Width": 0,
                  "Actual Startup Time": 3.714,
                  "Actual Total Time": 57.75,
                  "Actual Rows": 13536,
                  "Actual Loops": 2,
                  "Inner Unique": false,
                  "Plans": [
                    {
                      "Node Type": "Nested Loop",
                      "Parent Relationship": "Outer",
                      "Parallel Aware": false,
                      "Join Type": "Inner",
                      "Startup Cost": 74.47,
                      "Total Cost": 23461.79,
                      "Plan Rows": 1944,
                      "Plan Width": 8,
                      "Actual Startup Time": 3.577,
                      "Actual Total Time": 21.664,
                      "Actual Rows": 2240,
                      "Actual Loops": 2,
                      "Inner Unique": true,
                      "Plans": [
                        {
                          "Node Type": "Bitmap Heap Scan",
                          "Parent Relationship": "Outer",
                          "Parallel Aware": true,
                          "Relation Name": "movie_companies",
                          "Alias": "mc",
                          "Startup Cost": 74.04,
                          "Total Cost": 8585.64,
                          "Plan Rows": 1944,
                          "Plan Width": 4,
                          "Actual Startup Time": 3.446,
                          "Actual Total Time": 7.903,
                          "Actual Rows": 2240,
                          "Actual Loops": 2,
                          "Recheck Cond": "(company_id = 11373)",
                          "Rows Removed by Index Recheck": 0,
                          "Exact Heap Blocks": 1799,
                          "Lossy Heap Blocks": 0,
                          "Plans": [
                            {
                              "Node Type": "Bitmap Index Scan",
                              "Parent Relationship": "Outer",
                              "Parallel Aware": false,
                              "Index Name": "company_id_movie_companies",
                              "Startup Cost": 0.0,
                              "Total Cost": 73.22,
                              "Plan Rows": 3305,
                              "Plan Width": 0,
                              "Actual Startup Time": 5.621,
                              "Actual Total Time": 5.621,
                              "Actual Rows": 4481,
                              "Actual Loops": 1,
                              "Index Cond": "(company_id = 11373)"
                            }
                          ]
                        },
                        {
                          "Node Type": "Index Only Scan",
                          "Parent Relationship": "Inner",
                          "Parallel Aware": false,
                          "Scan Direction": "Forward",
                          "Index Name": "title_pkey",
                          "Relation Name": "title",
                          "Alias": "t",
                          "Startup Cost": 0.43,
                          "Total Cost": 7.65,
                          "Plan Rows": 1,
                          "Plan Width": 4,
                          "Actual Startup Time": 0.006,
                          "Actual Total Time": 0.006,
                          "Actual Rows": 1,
                          "Actual Loops": 4481,
                          "Index Cond": "(id = mc.movie_id)",
                          "Rows Removed by Index Recheck": 0,
                          "Heap Fetches": 4481
                        }
                      ]
                    },
                    {
                      "Node Type": "Index Scan",
                      "Parent Relationship": "Inner",
                      "Parallel Aware": false,
                      "Scan Direction": "Forward",
                      "Index Name": "movie_id_movie_info",
                      "Relation Name": "movie_info",
                      "Alias": "mi",
                      "Startup Cost": 0.43,
                      "Total Cost": 1.62,
                      "Plan Rows": 32,
                      "Plan Width": 4,
                      "Actual Startup Time": 0.006,
                      "Actual Total Time": 0.015,
                      "Actual Rows": 6,
                      "Actual Loops": 4481,
                      "Index Cond": "(movie_id = t.id)",
                      "Rows Removed by Index Recheck": 0,
                      "Filter": "(info_type_id > 3)",
                      "Rows Removed by Filter": 3
                    }
                  ]
                }
              ]
            }
          ]
        }
      ]
    },
    "Planning Time": 1.379,
    "Triggers": [],
    "Execution Time": 74.885
  }
]