[
  {
    "Plan": {
      "Node Type": "Aggregate",
      "Strategy": "Plain",
      "Partial Mode": "Finalize",
      "Parallel Aware": false,
      "Startup Cost": 420013.2,
      "Total Cost": 420013.21,
      "Plan Rows": 1,
      "Plan Width": 8,
      "Actual Startup Time": 1345.569,
      "Actual Total Time": 1416.935,
      "Actual Rows": 1,
      "Actual Loops": 1,
      "Plans": [
        {
          "Node Type": "Gather",
          "Parent Relationship": "Outer",
          "Parallel Aware": false,
          "Startup Cost": 420012.58,
          "Total Cost": 420013.19,
          "Plan Rows": 6,
          "Plan Width": 8,
          "Actual Startup Time": 1336.896,
          "Actual Total Time": 1416.923,
          "Actual Rows": 7,
          "Actual Loops": 1,
          "Workers Planned": 6,
          "Workers Launched": 6,
          "Single Copy": false,
          "Plans": [
            {
              "Node Type": "Aggregate",
              "Strategy": "Plain",
              "Partial Mode": "Partial",
              "Parent Relationship": "Outer",
              "Parallel Aware": false,
              "Startup Cost": 419012.58,
              "Total Cost": 419012.59,
              "Plan Rows": 1,
              "Plan Width": 8,
              "Actual Startup Time": 1326.067,
              "Actual Total Time": 1326.316,
              "Actual Rows": 1,
              "Actual Loops": 7,
              "Plans": [
                {
                  "Node Type": "Hash Join",
                  "Parent Relationship": "Outer",
                  "Parallel Aware": true,
                  "Join Type": "Inner",
                  "Startup Cost": 80982.46,
                  "Total Cost": 418108.44,
                  "Plan Rows": 361653,
                  "Plan Width": 0,
                  "Actual Startup Time": 290.992,
                  "Actual Total Time": 1299.132,
                  "Actual Rows": 589409,
                  "Actual Loops": 7,
                  "Inner Unique": false,
                  "Hash Cond": "(ci.movie_id = t.id)",
                  "Plans": [
                    {
                      "Node Type": "Seq Scan",
                      "Parent Relationship": "Outer",
                      "Parallel Aware": true,
                      "Relation Name": "cast_info",
                      "Alias": "ci",
                      "Startup Cost": 0.0,
                      "Total Cost": 328162.03,
                      "Plan Rows": 2079287,
                      "Plan Width": 4,
                      "Actual Startup Time": 0.036,
                      "Actual Total Time": 652.28,
                      "Actual Rows": 1810098,
                      "Actual Loops": 7,
                      "Filter": "(role_id < 2)",
                      "Rows Removed by Filter": 3367665
                    },
                    {
                      "Node Type": "Hash",
                      "Parent Relationship": "Inner",
                      "Parallel Aware": true,
                      "Startup Cost": 79209.27,
                      "Total Cost": 79209.27,
                      "Plan Rows": 141855,
                      "Plan Width": 8,
                      "Actual Startup Time": 288.606,
                      "Actual Total Time": 288.854,
                      "Actual Rows": 77807,
                      "Actual Loops": 7,
                      "Hash Buckets": 1048576,
                      "Original Hash Buckets": 524288,
                      "Hash Batches": 1,
                      "Original Hash Batches": 1,
                      "Peak Memory Usage": 33696,
                      "Plans": [
                        {
                          "Node Type": "Hash Join",
                          "Parent Relationship": "Outer",
                          "Parallel Aware": true,
                          "Join Type": "Inner",
                          "Startup Cost": 46769.59,
                          "Total Cost": 79209.27,
                          "Plan Rows": 141855,
                          "Plan Width": 8,
                          "Actual Startup Time": 173.217,
                          "Actual Total Time": 248.822,
                          "Actual Rows": 77807,
                          "Actual Loops": 7,
                          "Inner Unique": true,
                          "Hash Cond": "(mc.movie_id = t.id)",
                          "Plans": [
                            {
                              "Node Type": "Seq Scan",
                              "Parent Relationship": "Outer",
                              "Parallel Aware": true,
                              "Relation Name": "movie_companies",
                              "Alias": "mc",
                              "Startup Cost": 0.0,
                              "Total Cost": 31414.82,
                              "Plan Rows": 390425,
                              "Plan Width": 4,
                              "Actual Startup Time": 22.187,
                              "Actual Total Time": 48.819,
                              "Actual Rows": 158919,
                              "Actual Loops": 7,
                              "Filter": "((company_id < 107290) AND (company_type_id > 1))",
                              "Rows Removed by Filter": 213814
                            },
                            {
                              "Node Type": "Hash",
                              "Parent Relationship": "Inner",
                              "Parallel Aware": true,
                              "Startup Cost": 43898.92,
                              "Total Cost": 43898.92,
                              "Plan Rows": 229654,
                              "Plan Width": 4,
                              "Actual Startup Time": 148.989,
                              "Actual Total Time": 148.99,
                              "Actual Rows": 132086,
                              "Actual Loops": 7,
                              "Hash Buckets": 1048576,
                              "Original Hash Buckets": 1048576,
                              "Hash Batches": 1,
                              "Original Hash Batches": 1,
                              "Peak Memory Usage": 44448,
                              "Plans": [
                                {
                                  "Node Type": "Seq Scan",
                                  "Parent Relationship": "Outer",
                                  "Parallel Aware": true,
                                  "Relation Name": "title",
                                  "Alias": "t",
                                  "Startup Cost": 0.0,
                                  "Total Cost": 43898.92,
                                  "Plan Rows": 229654,
                                  "Plan Width": 4,
                                  "Actual Startup Time": 0.052,
                                  "Actual Total Time": 81.736,
                                  "Actual Rows": 132086,
                                  "Actual Loops": 7,
                                  "Filter": "(production_year < 1998)",
                                  "Rows Removed by Filter": 229101
                                }
                              ]
                            }
                          ]
                        }
                      ]
                    }
                  ]
                }
              ]
            }
          ]
        }
      ]
    },
    "Planning Time": 1.394,
    "Triggers": [],
    "Execution Time": 1417.041
  }
]