[
  {
    "Plan": {
      "Node Type": "Aggregate",
      "Strategy": "Plain",
      "Partial Mode": "Simple",
      "Parallel Aware": false,
      "Startup Cost": 14800.58,
      "Total Cost": 14800.59,
      "Plan Rows": 1,
      "Plan Width": 8,
      "Actual Startup Time": 18.847,
      "Actual Total Time": 18.849,
      "Actual Rows": 1,
      "Actual Loops": 1,
      "Plans": [
        {
          "Node Type": "Bitmap Heap Scan",
          "Parent Relationship": "Outer",
          "Parallel Aware": false,
          "Relation Name": "movie_companies",
          "Alias": "mc",
          "Startup Cost": 172.13,
          "Total Cost": 14790.65,
          "Plan Rows": 3974,
          "Plan Width": 0,
          "Actual Startup Time": 12.78,
          "Actual Total Time": 18.336,
          "Actual Rows": 3185,
          "Actual Loops": 1,
          "Recheck Cond": "(company_id = 159)",
          "Rows Removed by Index Recheck": 0,
          "Filter": "(company_type_id > 1)",
          "Rows Removed by Filter": 4375,
          "Exact Heap Blocks": 4702,
          "Lossy Heap Blocks": 0,
          "Plans": [
            {
              "Node Type": "Bitmap Index Scan",
              "Parent Relationship": "Outer",
              "Parallel Aware": false,
              "Index Name": "company_id_movie_companies",
              "Startup Cost": 0.0,
              "Total Cost": 171.13,
              "Plan Rows": 7827,
              "Plan Width": 0,
              "Actual Startup Time": 2.146,
              "Actual Total Time": 2.147,
              "Actual Rows": 7560,
              "Actual Loops": 1,
              "Index Cond": "(company_id = 159)"
            }
          ]
        }
      ]
    },
    "Planning Time": 0.218,
    "Triggers": [],
    "Execution Time": 18.918
  }
]