[
  {
    "Plan": {
      "Node Type": "Aggregate",
      "Strategy": "Plain",
      "Partial Mode": "Finalize",
      "Parallel Aware": false,
      "Startup Cost": 619588.42,
      "Total Cost": 619588.43,
      "Plan Rows": 1,
      "Plan Width": 8,
      "Actual Startup Time": 2483.233,
      "Actual Total Time": 2568.494,
      "Actual Rows": 1,
      "Actual Loops": 1,
      "Plans": [
        {
          "Node Type": "Gather",
          "Parent Relationship": "Outer",
          "Parallel Aware": false,
          "Startup Cost": 619587.79,
          "Total Cost": 619588.4,
          "Plan Rows": 6,
          "Plan Width": 8,
          "Actual Startup Time": 2465.289,
          "Actual Total Time": 2568.48,
          "Actual Rows": 7,
          "Actual Loops": 1,
          "Workers Planned": 6,
          "Workers Launched": 6,
          "Single Copy": false,
          "Plans": [
            {
              "Node Type": "Aggregate",
              "Strategy": "Plain",
              "Partial Mode": "Partial",
              "Parent Relationship": "Outer",
              "Parallel Aware": false,
              "Startup Cost": 618587.79,
              "Total Cost": 618587.8,
              "Plan Rows": 1,
              "Plan Width": 8,
              "Actual Startup Time": 2444.363,
              "Actual Total Time": 2444.371,
              "Actual Rows": 1,
              "Actual Loops": 7,
              "Plans": [
                {
                  "Node Type": "Hash Join",
                  "Parent Relationship": "Outer",
                  "Parallel Aware": true,
                  "Join Type": "Inner",
                  "Startup Cost": 259380.54,
                  "Total Cost": 608565.42,
                  "Plan Rows": 4008947,
                  "Plan Width": 0,
                  "Actual Startup Time": 1070.121,
                  "Actual Total Time": 2344.453,
                  "Actual Rows": 1932129,
                  "Actual Loops": 7,
                  "Inner Unique": false,
                  "Hash Cond": "(ci.movie_id = t.id)",
                  "Plans": [
                    {
                      "Node Type": "Seq Scan",
                      "Parent Relationship": "Outer",
                      "Parallel Aware": true,
                      "Relation Name": "cast_info",
                      "Alias": "ci",
                      "Startup Cost": 0.0,
                      "Total Cost": 328211.39,
                      "Plan Rows": 3454825,
                      "Plan Width": 4,
                      "Actual Startup Time": 175.2,
                      "Actual Total Time": 660.629,
                      "Actual Rows": 2939197,
                      "Actual Loops": 7,
                      "Filter": "(person_id > 1547687)",
                      "Rows Removed by Filter": 2238567
                    },
                    {
                      "Node Type": "Hash",
                      "Parent Relationship": "Inner",
                      "Parallel Aware": true,
                      "Startup Cost": 252045.64,
                      "Total Cost": 252045.64,
                      "Plan Rows": 586792,
                      "Plan Width": 8,
                      "Actual Startup Time": 887.619,
                      "Actual Total Time": 887.623,
                      "Actual Rows": 95215,
                      "Actual Loops": 7,
                      "Hash Buckets": 4194304,
                      "Original Hash Buckets": 4194304,
                      "Hash Batches": 1,
                      "Original Hash Batches": 1,
                      "Peak Memory Usage": 58912,
                      "Plans": [
                        {
                          "Node Type": "Hash Join",
                          "Parent Relationship": "Outer",
                          "Parallel Aware": true,
                          "Join Type": "Inner",
                          "Startup Cost": 47891.65,
                          "Total Cost": 252045.64,
                          "Plan Rows": 586792,
                          "Plan Width": 8,
                          "Actual Startup Time": 151.189,
                          "Actual Total Time": 813.177,
                          "Actual Rows": 95215,
                          "Actual Loops": 7,
                          "Inner Unique": true,
                          "Hash Cond": "(mi.movie_id = t.id)",
                          "Plans": [
                            {
                              "Node Type": "Seq Scan",
                              "Parent Relationship": "Outer",
                              "Parallel Aware": true,
                              "Relation Name": "movie_info",
                              "Alias": "mi",
                              "Startup Cost": 0.0,
                              "Total Cost": 199108.24,
                              "Plan Rows": 1922185,
                              "Plan Width": 4,
                              "Actual Startup Time": 0.043,
                              "Actual Total Time": 365.132,
                              "Actual Rows": 1366450,
                              "Actual Loops": 7,
                              "Filter": "(info_type_id < 16)",
                              "Rows Removed by Filter": 752938
                            },
                            {
                              "Node Type": "Hash",
                              "Parent Relationship": "Inner",
                              "Parallel Aware": true,
                              "Startup Cost": 45479.59,
                              "Total Cost": 45479.59,
                              "Plan Rows": 192965,
                              "Plan Width": 4,
                              "Actual Startup Time": 148.803,
                              "Actual Total Time": 148.804,
                              "Actual Rows": 120001,
                              "Actual Loops": 7,
                              "Hash Buckets": 1048576,
                              "Original Hash Buckets": 1048576,
                              "Hash Batches": 1,
                              "Original Hash Batches": 1,
                              "Peak Memory Usage": 41184,
                              "Plans": [
                                {
                                  "Node Type": "Seq Scan",
                                  "Parent Relationship": "Outer",
                                  "Parallel Aware": true,
                                  "Relation Name": "title",
                                  "Alias": "t",
                                  "Startup Cost": 0.0,
                                  "Total Cost": 45479.59,
                                  "Plan Rows": 192965,
                                  "Plan Width": 4,
                                  "Actual Startup Time": 0.06,
                                  "Actual Total Time": 87.396,
                                  "Actual Rows": 120001,
                                  "Actual Loops": 7,
                                  "Filter": "((production_year > 2002) AND (kind_id = 7))",
                                  "Rows Removed by Filter": 241186
                                }
                              ]
                            }
                          ]
                        }
                      ]
                    }
                  ]
                }
              ]
            }
          ]
        }
      ]
    },
    "Planning Time": 1.403,
    "Triggers": [],
    "Execution Time": 2568.6
  }
]