[
  {
    "Plan": {
      "Node Type": "Aggregate",
      "Strategy": "Plain",
      "Partial Mode": "Finalize",
      "Parallel Aware": false,
      "Startup Cost": 342384.85,
      "Total Cost": 342384.86,
      "Plan Rows": 1,
      "Plan Width": 8,
      "Actual Startup Time": 826.224,
      "Actual Total Time": 870.153,
      "Actual Rows": 1,
      "Actual Loops": 1,
      "Plans": [
        {
          "Node Type": "Gather",
          "Parent Relationship": "Outer",
          "Parallel Aware": false,
          "Startup Cost": 342384.22,
          "Total Cost": 342384.83,
          "Plan Rows": 6,
          "Plan Width": 8,
          "Actual Startup Time": 825.945,
          "Actual Total Time": 870.136,
          "Actual Rows": 7,
          "Actual Loops": 1,
          "Workers Planned": 6,
          "Workers Launched": 6,
          "Single Copy": false,
          "Plans": [
            {
              "Node Type": "Aggregate",
              "Strategy": "Plain",
              "Partial Mode": "Partial",
              "Parent Relationship": "Outer",
              "Parallel Aware": false,
              "Startup Cost": 341384.22,
              "Total Cost": 341384.23,
              "Plan Rows": 1,
              "Plan Width": 8,
              "Actual Startup Time": 818.053,
              "Actual Total Time": 818.054,
              "Actual Rows": 1,
              "Actual Loops": 7,
              "Plans": [
                {
                  "Node Type": "Seq Scan",
                  "Parent Relationship": "Outer",
                  "Parallel Aware": true,
                  "Relation Name": "cast_info",
                  "Alias": "ci",
                  "Startup Cost": 0.0,
                  "Total Cost": 328211.39,
                  "Plan Rows": 5269132,
                  "Plan Width": 0,
                  "Actual Startup Time": 0.051,
                  "Actual Total Time": 613.474,
                  "Actual Rows": 4521244,
                  "Actual Loops": 7,
                  "Filter": "(person_id < 3225361)",
                  "Rows Removed by Filter": 656520
                }
              ]
            }
          ]
        }
      ]
    },
    "Planning Time": 0.091,
    "Triggers": [],
    "Execution Time": 870.204
  }
]