{
  "Plan": {
    "Node Type": "Aggregate",
    "Strategy": "Plain",
    "Partial Mode": "Finalize",
    "Parallel Aware": false,
    "Startup Cost": 175223.65,
    "Total Cost": 175223.66,
    "Plan Rows": 1,
    "Plan Width": 8,
    "Actual Startup Time": 3269.016,
    "Actual Total Time": 3358.184,
    "Actual Rows": 1,
    "Actual Loops": 1,
    "Plans": [
      {
        "Node Type": "Gather",
        "Parent Relationship": "Outer",
        "Parallel Aware": false,
        "Startup Cost": 175223.53,
        "Total Cost": 175223.64,
        "Plan Rows": 1,
        "Plan Width": 8,
        "Actual Startup Time": 3268.866,
        "Actual Total Time": 3358.173,
        "Actual Rows": 2,
        "Actual Loops": 1,
        "Workers Planned": 1,
        "Workers Launched": 1,
        "Single Copy": false,
        "Plans": [
          {
            "Node Type": "Aggregate",
            "Strategy": "Plain",
            "Partial Mode": "Partial",
            "Parent Relationship": "Outer",
            "Parallel Aware": false,
            "Startup Cost": 174223.53,
            "Total Cost": 174223.54,
            "Plan Rows": 1,
            "Plan Width": 8,
            "Actual Startup Time": 3261.868,
            "Actual Total Time": 3261.875,
            "Actual Rows": 1,
            "Actual Loops": 2,
            "Plans": [
              {
                "Node Type": "Hash Join",
                "Parent Relationship": "Outer",
                "Parallel Aware": false,
                "Join Type": "Inner",
                "Startup Cost": 6.74,
                "Total Cost": 174223.43,
                "Plan Rows": 41,
                "Plan Width": 0,
                "Actual Startup Time": 9.737,
                "Actual Total Time": 3258.191,
                "Actual Rows": 33868,
                "Actual Loops": 2,
                "Inner Unique": true,
                "Hash Cond": "(mi.info_type_id = it1.id)",
                "Plans": [
                  {
                    "Node Type": "Nested Loop",
                    "Parent Relationship": "Outer",
                    "Parallel Aware": false,
                    "Join Type": "Inner",
                    "Startup Cost": 4.3,
                    "Total Cost": 174214.62,
                    "Plan Rows": 2338,
                    "Plan Width": 4,
                    "Actual Startup Time": 4.674,
                    "Actual Total Time": 3237.401,
                    "Actual Rows": 202638,
                    "Actual Loops": 2,
                    "Inner Unique": false,
                    "Join Filter": "(t.id = mi.movie_id)",
                    "Rows Removed by Join Filter": 0,
                    "Plans": [
                      {
                        "Node Type": "Nested Loop",
                        "Parent Relationship": "Outer",
                        "Parallel Aware": false,
                        "Join Type": "Inner",
                        "Startup Cost": 3.86,
                        "Total Cost": 170956.23,
                        "Plan Rows": 2480,
                        "Plan Width": 8,
                        "Actual Startup Time": 4.209,
                        "Actual Total Time": 1533.463,
                        "Actual Rows": 104530,
                        "Actual Loops": 2,
                        "Inner Unique": true,
                        "Plans": [
                          {
                            "Node Type": "Nested Loop",
                            "Parent Relationship": "Outer",
                            "Parallel Aware": false,
                            "Join Type": "Inner",
                            "Startup Cost": 3.43,
                            "Total Cost": 169834.1,
                            "Plan Rows": 2480,
                            "Plan Width": 4,
                            "Actual Startup Time": 4.103,
                            "Actual Total Time": 1163.809,
                            "Actual Rows": 104530,
                            "Actual Loops": 2,
                            "Inner Unique": false,
                            "Plans": [
                              {
                                "Node Type": "Hash Join",
                                "Parent Relationship": "Outer",
                                "Parallel Aware": false,
                                "Join Type": "Inner",
                                "Startup Cost": 2.87,
                                "Total Cost": 165571.31,
                                "Plan Rows": 285,
                                "Plan Width": 8,
                                "Actual Startup Time": 4.018,
                                "Actual Total Time": 1099.835,
                                "Actual Rows": 2334,
                                "Actual Loops": 2,
                                "Inner Unique": true,
                                "Hash Cond": "(pi.info_type_id = it2.id)",
                                "Plans": [
                                  {
                                    "Node Type": "Nested Loop",
                                    "Parent Relationship": "Outer",
                                    "Parallel Aware": false,
                                    "Join Type": "Inner",
                                    "Startup Cost": 0.43,
                                    "Total Cost": 165524.96,
                                    "Plan Rows": 16121,
                                    "Plan Width": 12,
                                    "Actual Startup Time": 1.34,
                                    "Actual Total Time": 1097.485,
                                    "Actual Rows": 8174,
                                    "Actual Loops": 2,
                                    "Inner Unique": true,
                                    "Plans": [
                                      {
                                        "Node Type": "Seq Scan",
                                        "Parent Relationship": "Outer",
                                        "Parallel Aware": true,
                                        "Relation Name": "person_info",
                                        "Alias": "pi",
                                        "Startup Cost": 0.0,
                                        "Total Cost": 72859.99,
                                        "Plan Rows": 16121,
                                        "Plan Width": 8,
                                        "Actual Startup Time": 1.189,
                                        "Actual Total Time": 1047.624,
                                        "Actual Rows": 8174,
                                        "Actual Loops": 2,
                                        "Filter": "(info ~~* '%india%'::text)",
                                        "Rows Removed by Filter": 1473658
                                      },
                                      {
                                        "Node Type": "Index Only Scan",
                                        "Parent Relationship": "Inner",
                                        "Parallel Aware": false,
                                        "Scan Direction": "Forward",
                                        "Index Name": "name_pkey",
                                        "Relation Name": "name",
                                        "Alias": "n",
                                        "Startup Cost": 0.43,
                                        "Total Cost": 5.75,
                                        "Plan Rows": 1,
                                        "Plan Width": 4,
                                        "Actual Startup Time": 0.006,
                                        "Actual Total Time": 0.006,
                                        "Actual Rows": 1,
                                        "Actual Loops": 16348,
                                        "Index Cond": "(id = pi.person_id)",
                                        "Rows Removed by Index Recheck": 0,
                                        "Heap Fetches": 16348
                                      }
                                    ]
                                  },
                                  {
                                    "Node Type": "Hash",
                                    "Parent Relationship": "Inner",
                                    "Parallel Aware": false,
                                    "Startup Cost": 2.41,
                                    "Total Cost": 2.41,
                                    "Plan Rows": 2,
                                    "Plan Width": 4,
                                    "Actual Startup Time": 0.141,
                                    "Actual Total Time": 0.141,
                                    "Actual Rows": 3,
                                    "Actual Loops": 2,
                                    "Hash Buckets": 1024,
                                    "Original Hash Buckets": 1024,
                                    "Hash Batches": 1,
                                    "Original Hash Batches": 1,
                                    "Peak Memory Usage": 9,
                                    "Plans": [
                                      {
                                        "Node Type": "Seq Scan",
                                        "Parent Relationship": "Outer",
                                        "Parallel Aware": false,
                                        "Relation Name": "info_type",
                                        "Alias": "it2",
                                        "Startup Cost": 0.0,
                                        "Total Cost": 2.41,
                                        "Plan Rows": 2,
                                        "Plan Width": 4,
                                        "Actual Startup Time": 0.037,
                                        "Actual Total Time": 0.12,
                                        "Actual Rows": 3,
                                        "Actual Loops": 2,
                                        "Filter": "((info)::text ~~* '%birth%'::text)",
                                        "Rows Removed by Filter": 110
                                      }
                                    ]
                                  }
                                ]
                              },
                              {
                                "Node Type": "Index Scan",
                                "Parent Relationship": "Inner",
                                "Parallel Aware": false,
                                "Scan Direction": "Forward",
                                "Index Name": "person_id_cast_info",
                                "Relation Name": "cast_info",
                                "Alias": "ci",
                                "Startup Cost": 0.56,
                                "Total Cost": 9.86,
                                "Plan Rows": 510,
                                "Plan Width": 8,
                                "Actual Startup Time": 0.01,
                                "Actual Total Time": 0.022,
                                "Actual Rows": 45,
                                "Actual Loops": 4668,
                                "Index Cond": "(person_id = n.id)",
                                "Rows Removed by Index Recheck": 0
                              }
                            ]
                          },
                          {
                            "Node Type": "Index Only Scan",
                            "Parent Relationship": "Inner",
                            "Parallel Aware": false,
                            "Scan Direction": "Forward",
                            "Index Name": "title_pkey",
                            "Relation Name": "title",
                            "Alias": "t",
                            "Startup Cost": 0.43,
                            "Total Cost": 0.45,
                            "Plan Rows": 1,
                            "Plan Width": 4,
                            "Actual Startup Time": 0.003,
                            "Actual Total Time": 0.003,
                            "Actual Rows": 1,
                            "Actual Loops": 209061,
                            "Index Cond": "(id = ci.movie_id)",
                            "Rows Removed by Index Recheck": 0,
                            "Heap Fetches": 209061
                          }
                        ]
                      },
                      {
                        "Node Type": "Index Scan",
                        "Parent Relationship": "Inner",
                        "Parallel Aware": false,
                        "Scan Direction": "Forward",
                        "Index Name": "movie_id_movie_info",
                        "Relation Name": "movie_info",
                        "Alias": "mi",
                        "Startup Cost": 0.43,
                        "Total Cost": 1.24,
                        "Plan Rows": 6,
                        "Plan Width": 8,
                        "Actual Startup Time": 0.008,
                        "Actual Total Time": 0.016,
                        "Actual Rows": 2,
                        "Actual Loops": 209061,
                        "Index Cond": "(movie_id = ci.movie_id)",
                        "Rows Removed by Index Recheck": 0,
                        "Filter": "(info ~~* '%usa%'::text)",
                        "Rows Removed by Filter": 11
                      }
                    ]
                  },
                  {
                    "Node Type": "Hash",
                    "Parent Relationship": "Inner",
                    "Parallel Aware": false,
                    "Startup Cost": 2.41,
                    "Total Cost": 2.41,
                    "Plan Rows": 2,
                    "Plan Width": 4,
                    "Actual Startup Time": 0.177,
                    "Actual Total Time": 0.178,
                    "Actual Rows": 3,
                    "Actual Loops": 2,
                    "Hash Buckets": 1024,
                    "Original Hash Buckets": 1024,
                    "Hash Batches": 1,
                    "Original Hash Batches": 1,
                    "Peak Memory Usage": 9,
                    "Plans": [
                      {
                        "Node Type": "Seq Scan",
                        "Parent Relationship": "Outer",
                        "Parallel Aware": false,
                        "Relation Name": "info_type",
                        "Alias": "it1",
                        "Startup Cost": 0.0,
                        "Total Cost": 2.41,
                        "Plan Rows": 2,
                        "Plan Width": 4,
                        "Actual Startup Time": 0.069,
                        "Actual Total Time": 0.163,
                        "Actual Rows": 3,
                        "Actual Loops": 2,
                        "Filter": "((info)::text ~~* '%count%'::text)",
                        "Rows Removed by Filter": 110
                      }
                    ]
                  }
                ]
              }
            ]
          }
        ]
      }
    ]
  },
  "Planning Time": 2.52,
  "Triggers": [],
  "Execution Time": 3358.347
}