[
    {
        "Bao": {
            "Bao prediction": "NaN",
            "Bao recommended hint": "(no hint)"
        }
    },
    {
        "Plan": {
            "Node Type": "Aggregate",
            "Strategy": "Plain",
            "Partial Mode": "Simple",
            "Parallel Aware": false,
            "Startup Cost": 3487.68,
            "Total Cost": 3487.69,
            "Plan Rows": 1,
            "Plan Width": 8,
            "Actual Startup Time": 107.91,
            "Actual Total Time": 107.912,
            "Actual Rows": 1,
            "Actual Loops": 1,
            "Output": [
                "count(*)"
            ],
            "Plans": [
                {
                    "Node Type": "Nested Loop",
                    "Parent Relationship": "Outer",
                    "Parallel Aware": false,
                    "Join Type": "Inner",
                    "Startup Cost": 7.32,
                    "Total Cost": 3482.64,
                    "Plan Rows": 2016,
                    "Plan Width": 0,
                    "Actual Startup Time": 1.198,
                    "Actual Total Time": 105.266,
                    "Actual Rows": 43322,
                    "Actual Loops": 1,
                    "Inner Unique": false,
                    "Plans": [
                        {
                            "Node Type": "Nested Loop",
                            "Parent Relationship": "Outer",
                            "Parallel Aware": false,
                            "Join Type": "Inner",
                            "Startup Cost": 6.75,
                            "Total Cost": 2957.89,
                            "Plan Rows": 244,
                            "Plan Width": 8,
                            "Actual Startup Time": 1.175,
                            "Actual Total Time": 10.517,
                            "Actual Rows": 1503,
                            "Actual Loops": 1,
                            "Output": [
                                "t.id",
                                "mk.movie_id"
                            ],
                            "Inner Unique": true,
                            "Plans": [
                                {
                                    "Node Type": "Bitmap Heap Scan",
                                    "Parent Relationship": "Outer",
                                    "Parallel Aware": false,
                                    "Relation Name": "movie_keyword",
                                    "Schema": "public",
                                    "Alias": "mk",
                                    "Startup Cost": 6.32,
                                    "Total Cost": 908.7,
                                    "Plan Rows": 244,
                                    "Plan Width": 4,
                                    "Actual Startup Time": 1.15,
                                    "Actual Total Time": 3.503,
                                    "Actual Rows": 1503,
                                    "Actual Loops": 1,
                                    "Output": [
                                        "mk.id",
                                        "mk.movie_id",
                                        "mk.keyword_id"
                                    ],
                                    "Recheck Cond": "(mk.keyword_id = 545)",
                                    "Rows Removed by Index Recheck": 0,
                                    "Exact Heap Blocks": 1430,
                                    "Lossy Heap Blocks": 0,
                                    "Plans": [
                                        {
                                            "Node Type": "Bitmap Index Scan",
                                            "Parent Relationship": "Outer",
                                            "Parallel Aware": false,
                                            "Index Name": "keyword_id_movie_keyword",
                                            "Startup Cost": 0.0,
                                            "Total Cost": 6.26,
                                            "Plan Rows": 244,
                                            "Plan Width": 0,
                                            "Actual Startup Time": 0.706,
                                            "Actual Total Time": 0.707,
                                            "Actual Rows": 1503,
                                            "Actual Loops": 1,
                                            "Index Cond": "(mk.keyword_id = 545)"
                                        }
                                    ]
                                },
                                {
                                    "Node Type": "Index Only Scan",
                                    "Parent Relationship": "Inner",
                                    "Parallel Aware": false,
                                    "Scan Direction": "Forward",
                                    "Index Name": "title_pkey",
                                    "Relation Name": "title",
                                    "Schema": "public",
                                    "Alias": "t",
                                    "Startup Cost": 0.43,
                                    "Total Cost": 8.4,
                                    "Plan Rows": 1,
                                    "Plan Width": 4,
                                    "Actual Startup Time": 0.004,
                                    "Actual Total Time": 0.004,
                                    "Actual Rows": 1,
                                    "Actual Loops": 1503,
                                    "Output": [
                                        "t.id"
                                    ],
                                    "Index Cond": "(t.id = mk.movie_id)",
                                    "Rows Removed by Index Recheck": 0,
                                    "Heap Fetches": 1503
                                }
                            ]
                        },
                        {
                            "Node Type": "Index Scan",
                            "Parent Relationship": "Inner",
                            "Parallel Aware": false,
                            "Scan Direction": "Forward",
                            "Index Name": "movie_id_cast_info",
                            "Relation Name": "cast_info",
                            "Schema": "public",
                            "Alias": "ci",
                            "Startup Cost": 0.56,
                            "Total Cost": 1.93,
                            "Plan Rows": 22,
                            "Plan Width": 4,
                            "Actual Startup Time": 0.007,
                            "Actual Total Time": 0.06,
                            "Actual Rows": 29,
                            "Actual Loops": 1503,
                            "Output": [
                                "ci.id",
                                "ci.person_id",
                                "ci.movie_id",
                                "ci.person_role_id",
                                "ci.note",
                                "ci.nr_order",
                                "ci.role_id"
                            ],
                            "Index Cond": "(ci.movie_id = t.id)",
                            "Rows Removed by Index Recheck": 0,
                            "Filter": "(ci.person_id < 2095053)",
                            "Rows Removed by Filter": 21
                        }
                    ]
                }
            ]
        },
        "Planning Time": 179.472,
        "Triggers": [],
        "Execution Time": 108.028
    }
]