[
  {
    "Plan": {
      "Node Type": "Aggregate",
      "Strategy": "Plain",
      "Partial Mode": "Finalize",
      "Parallel Aware": false,
      "Startup Cost": 64566.33,
      "Total Cost": 64566.34,
      "Plan Rows": 1,
      "Plan Width": 8,
      "Actual Startup Time": 112.063,
      "Actual Total Time": 126.608,
      "Actual Rows": 1,
      "Actual Loops": 1,
      "Plans": [
        {
          "Node Type": "Gather",
          "Parent Relationship": "Outer",
          "Parallel Aware": false,
          "Startup Cost": 64565.91,
          "Total Cost": 64566.32,
          "Plan Rows": 4,
          "Plan Width": 8,
          "Actual Startup Time": 111.796,
          "Actual Total Time": 126.592,
          "Actual Rows": 5,
          "Actual Loops": 1,
          "Workers Planned": 4,
          "Workers Launched": 4,
          "Single Copy": false,
          "Plans": [
            {
              "Node Type": "Aggregate",
              "Strategy": "Plain",
              "Partial Mode": "Partial",
              "Parent Relationship": "Outer",
              "Parallel Aware": false,
              "Startup Cost": 63565.91,
              "Total Cost": 63565.92,
              "Plan Rows": 1,
              "Plan Width": 8,
              "Actual Startup Time": 103.972,
              "Actual Total Time": 103.975,
              "Actual Rows": 1,
              "Actual Loops": 5,
              "Plans": [
                {
                  "Node Type": "Nested Loop",
                  "Parent Relationship": "Outer",
                  "Parallel Aware": false,
                  "Join Type": "Inner",
                  "Startup Cost": 0.43,
                  "Total Cost": 63555.35,
                  "Plan Rows": 4222,
                  "Plan Width": 0,
                  "Actual Startup Time": 61.435,
                  "Actual Total Time": 103.907,
                  "Actual Rows": 500,
                  "Actual Loops": 5,
                  "Inner Unique": false,
                  "Plans": [
                    {
                      "Node Type": "Seq Scan",
                      "Parent Relationship": "Outer",
                      "Parallel Aware": true,
                      "Relation Name": "title",
                      "Alias": "t",
                      "Startup Cost": 0.0,
                      "Total Cost": 43899.32,
                      "Plan Rows": 2360,
                      "Plan Width": 4,
                      "Actual Startup Time": 61.006,
                      "Actual Total Time": 87.756,
                      "Actual Rows": 1780,
                      "Actual Loops": 5,
                      "Filter": "(production_year = 1913)",
                      "Rows Removed by Filter": 503882
                    },
                    {
                      "Node Type": "Index Only Scan",
                      "Parent Relationship": "Inner",
                      "Parallel Aware": false,
                      "Scan Direction": "Forward",
                      "Index Name": "movie_id_movie_keyword",
                      "Relation Name": "movie_keyword",
                      "Alias": "mk",
                      "Startup Cost": 0.43,
                      "Total Cost": 7.87,
                      "Plan Rows": 46,
                      "Plan Width": 4,
                      "Actual Startup Time": 0.009,
                      "Actual Total Time": 0.009,
                      "Actual Rows": 0,
                      "Actual Loops": 8902,
                      "Index Cond": "(movie_id = t.id)",
                      "Rows Removed by Index Recheck": 0,
                      "Heap Fetches": 2500
                    }
                  ]
                }
              ]
            }
          ]
        }
      ]
    },
    "Planning Time": 0.654,
    "Triggers": [],
    "Execution Time": 126.685
  }
]