[
  {
    "Plan": {
      "Node Type": "Aggregate",
      "Strategy": "Plain",
      "Partial Mode": "Finalize",
      "Parallel Aware": false,
      "Startup Cost": 44810.08,
      "Total Cost": 44810.09,
      "Plan Rows": 1,
      "Plan Width": 8,
      "Actual Startup Time": 49.401,
      "Actual Total Time": 55.493,
      "Actual Rows": 1,
      "Actual Loops": 1,
      "Plans": [
        {
          "Node Type": "Gather",
          "Parent Relationship": "Outer",
          "Parallel Aware": false,
          "Startup Cost": 44809.66,
          "Total Cost": 44810.07,
          "Plan Rows": 4,
          "Plan Width": 8,
          "Actual Startup Time": 49.197,
          "Actual Total Time": 55.485,
          "Actual Rows": 5,
          "Actual Loops": 1,
          "Workers Planned": 4,
          "Workers Launched": 4,
          "Single Copy": false,
          "Plans": [
            {
              "Node Type": "Aggregate",
              "Strategy": "Plain",
              "Partial Mode": "Partial",
              "Parent Relationship": "Outer",
              "Parallel Aware": false,
              "Startup Cost": 43809.66,
              "Total Cost": 43809.67,
              "Plan Rows": 1,
              "Plan Width": 8,
              "Actual Startup Time": 40.713,
              "Actual Total Time": 40.715,
              "Actual Rows": 1,
              "Actual Loops": 5,
              "Plans": [
                {
                  "Node Type": "Nested Loop",
                  "Parent Relationship": "Outer",
                  "Parallel Aware": false,
                  "Join Type": "Inner",
                  "Startup Cost": 2168.45,
                  "Total Cost": 43809.33,
                  "Plan Rows": 134,
                  "Plan Width": 0,
                  "Actual Startup Time": 4.853,
                  "Actual Total Time": 40.635,
                  "Actual Rows": 313,
                  "Actual Loops": 5,
                  "Inner Unique": false,
                  "Plans": [
                    {
                      "Node Type": "Bitmap Heap Scan",
                      "Parent Relationship": "Outer",
                      "Parallel Aware": true,
                      "Relation Name": "title",
                      "Alias": "t",
                      "Startup Cost": 2168.03,
                      "Total Cost": 38621.46,
                      "Plan Rows": 728,
                      "Plan Width": 4,
                      "Actual Startup Time": 4.621,
                      "Actual Total Time": 30.73,
                      "Actual Rows": 947,
                      "Actual Loops": 5,
                      "Recheck Cond": "(kind_id = 4)",
                      "Rows Removed by Index Recheck": 0,
                      "Filter": "(production_year = 2002)",
                      "Rows Removed by Filter": 22699,
                      "Exact Heap Blocks": 5272,
                      "Lossy Heap Blocks": 0,
                      "Plans": [
                        {
                          "Node Type": "Bitmap Index Scan",
                          "Parent Relationship": "Outer",
                          "Parallel Aware": false,
                          "Index Name": "kind_id_title",
                          "Startup Cost": 0.0,
                          "Total Cost": 2167.3,
                          "Plan Rows": 121449,
                          "Plan Width": 0,
                          "Actual Startup Time": 9.054,
                          "Actual Total Time": 9.055,
                          "Actual Rows": 118234,
                          "Actual Loops": 1,
                          "Index Cond": "(kind_id = 4)"
                        }
                      ]
                    },
                    {
                      "Node Type": "Index Scan",
                      "Parent Relationship": "Inner",
                      "Parallel Aware": false,
                      "Scan Direction": "Forward",
                      "Index Name": "movie_id_movie_info_idx",
                      "Relation Name": "movie_info_idx",
                      "Alias": "mi_idx",
                      "Startup Cost": 0.43,
                      "Total Cost": 7.12,
                      "Plan Rows": 1,
                      "Plan Width": 4,
                      "Actual Startup Time": 0.01,
                      "Actual Total Time": 0.01,
                      "Actual Rows": 0,
                      "Actual Loops": 4737,
                      "Index Cond": "(movie_id = t.id)",
                      "Rows Removed by Index Recheck": 0,
                      "Filter": "(info_type_id = 101)",
                      "Rows Removed by Filter": 1
                    }
                  ]
                }
              ]
            }
          ]
        }
      ]
    },
    "Planning Time": 0.32,
    "Triggers": [],
    "Execution Time": 55.555
  }
]