{
  "Plan": {
    "Node Type": "Aggregate",
    "Strategy": "Plain",
    "Partial Mode": "Finalize",
    "Parallel Aware": false,
    "Startup Cost": 675740.43,
    "Total Cost": 675740.44,
    "Plan Rows": 1,
    "Plan Width": 8,
    "Actual Startup Time": 4367.427,
    "Actual Total Time": 4423.297,
    "Actual Rows": 1,
    "Actual Loops": 1,
    "Plans": [
      {
        "Node Type": "Gather",
        "Parent Relationship": "Outer",
        "Parallel Aware": false,
        "Startup Cost": 675740.32,
        "Total Cost": 675740.43,
        "Plan Rows": 1,
        "Plan Width": 8,
        "Actual Startup Time": 4366.416,
        "Actual Total Time": 4423.29,
        "Actual Rows": 2,
        "Actual Loops": 1,
        "Workers Planned": 1,
        "Workers Launched": 1,
        "Single Copy": false,
        "Plans": [
          {
            "Node Type": "Aggregate",
            "Strategy": "Plain",
            "Partial Mode": "Partial",
            "Parent Relationship": "Outer",
            "Parallel Aware": false,
            "Startup Cost": 674740.32,
            "Total Cost": 674740.33,
            "Plan Rows": 1,
            "Plan Width": 8,
            "Actual Startup Time": 4360.701,
            "Actual Total Time": 4360.705,
            "Actual Rows": 1,
            "Actual Loops": 2,
            "Plans": [
              {
                "Node Type": "Hash Join",
                "Parent Relationship": "Outer",
                "Parallel Aware": true,
                "Join Type": "Inner",
                "Startup Cost": 62612.27,
                "Total Cost": 667550.88,
                "Plan Rows": 2875775,
                "Plan Width": 0,
                "Actual Startup Time": 899.931,
                "Actual Total Time": 4260.705,
                "Actual Rows": 2286846,
                "Actual Loops": 2,
                "Inner Unique": true,
                "Hash Cond": "(ci.movie_id = t.id)",
                "Plans": [
                  {
                    "Node Type": "Seq Scan",
                    "Parent Relationship": "Outer",
                    "Parallel Aware": true,
                    "Relation Name": "cast_info",
                    "Alias": "ci",
                    "Startup Cost": 0.0,
                    "Total Cost": 572345.93,
                    "Plan Rows": 12416239,
                    "Plan Width": 4,
                    "Actual Startup Time": 627.214,
                    "Actual Total Time": 1982.814,
                    "Actual Rows": 9871330,
                    "Actual Loops": 2,
                    "Filter": "((person_id < 3360563) AND (role_id > 1))",
                    "Rows Removed by Filter": 8250842
                  },
                  {
                    "Node Type": "Hash",
                    "Parent Relationship": "Inner",
                    "Parallel Aware": true,
                    "Startup Cost": 58306.47,
                    "Total Cost": 58306.47,
                    "Plan Rows": 344464,
                    "Plan Width": 4,
                    "Actual Startup Time": 265.287,
                    "Actual Total Time": 265.288,
                    "Actual Rows": 246479,
                    "Actual Loops": 2,
                    "Hash Buckets": 1048576,
                    "Original Hash Buckets": 1048576,
                    "Hash Batches": 1,
                    "Original Hash Batches": 1,
                    "Peak Memory Usage": 27488,
                    "Plans": [
                      {
                        "Node Type": "Seq Scan",
                        "Parent Relationship": "Outer",
                        "Parallel Aware": true,
                        "Relation Name": "title",
                        "Alias": "t",
                        "Startup Cost": 0.0,
                        "Total Cost": 58306.47,
                        "Plan Rows": 344464,
                        "Plan Width": 4,
                        "Actual Startup Time": 0.036,
                        "Actual Total Time": 175.719,
                        "Actual Rows": 246479,
                        "Actual Loops": 2,
                        "Filter": "((kind_id < 7) AND (production_year > 1998))",
                        "Rows Removed by Filter": 1017677
                      }
                    ]
                  }
                ]
              }
            ]
          }
        ]
      }
    ]
  },
  "Planning Time": 0.354,
  "Triggers": [],
  "Execution Time": 4423.354
}