[
  {
    "Plan": {
      "Node Type": "Aggregate",
      "Strategy": "Plain",
      "Partial Mode": "Finalize",
      "Parallel Aware": false,
      "Startup Cost": 33257.31,
      "Total Cost": 33257.32,
      "Plan Rows": 1,
      "Plan Width": 8,
      "Actual Startup Time": 115.698,
      "Actual Total Time": 125.844,
      "Actual Rows": 1,
      "Actual Loops": 1,
      "Plans": [
        {
          "Node Type": "Gather",
          "Parent Relationship": "Outer",
          "Parallel Aware": false,
          "Startup Cost": 33256.99,
          "Total Cost": 33257.3,
          "Plan Rows": 3,
          "Plan Width": 8,
          "Actual Startup Time": 115.558,
          "Actual Total Time": 125.835,
          "Actual Rows": 4,
          "Actual Loops": 1,
          "Workers Planned": 3,
          "Workers Launched": 3,
          "Single Copy": false,
          "Plans": [
            {
              "Node Type": "Aggregate",
              "Strategy": "Plain",
              "Partial Mode": "Partial",
              "Parent Relationship": "Outer",
              "Parallel Aware": false,
              "Startup Cost": 32256.99,
              "Total Cost": 32257.0,
              "Plan Rows": 1,
              "Plan Width": 8,
              "Actual Startup Time": 107.972,
              "Actual Total Time": 107.973,
              "Actual Rows": 1,
              "Actual Loops": 4,
              "Plans": [
                {
                  "Node Type": "Seq Scan",
                  "Parent Relationship": "Outer",
                  "Parallel Aware": true,
                  "Relation Name": "movie_companies",
                  "Alias": "mc",
                  "Startup Cost": 0.0,
                  "Total Cost": 31414.82,
                  "Plan Rows": 336868,
                  "Plan Width": 0,
                  "Actual Startup Time": 50.688,
                  "Actual Total Time": 93.192,
                  "Actual Rows": 297225,
                  "Actual Loops": 4,
                  "Filter": "((company_id > 594) AND (company_type_id > 1))",
                  "Rows Removed by Filter": 355057
                }
              ]
            }
          ]
        }
      ]
    },
    "Planning Time": 0.145,
    "Triggers": [],
    "Execution Time": 125.885
  }
]