[
  {
    "Plan": {
      "Node Type": "Aggregate",
      "Strategy": "Plain",
      "Partial Mode": "Finalize",
      "Parallel Aware": false,
      "Startup Cost": 249795.57,
      "Total Cost": 249795.58,
      "Plan Rows": 1,
      "Plan Width": 8,
      "Actual Startup Time": 685.525,
      "Actual Total Time": 734.173,
      "Actual Rows": 1,
      "Actual Loops": 1,
      "Plans": [
        {
          "Node Type": "Gather",
          "Parent Relationship": "Outer",
          "Parallel Aware": false,
          "Startup Cost": 249795.05,
          "Total Cost": 249795.56,
          "Plan Rows": 5,
          "Plan Width": 8,
          "Actual Startup Time": 678.286,
          "Actual Total Time": 734.159,
          "Actual Rows": 6,
          "Actual Loops": 1,
          "Workers Planned": 5,
          "Workers Launched": 5,
          "Single Copy": false,
          "Plans": [
            {
              "Node Type": "Aggregate",
              "Strategy": "Plain",
              "Partial Mode": "Partial",
              "Parent Relationship": "Outer",
              "Parallel Aware": false,
              "Startup Cost": 248795.05,
              "Total Cost": 248795.06,
              "Plan Rows": 1,
              "Plan Width": 8,
              "Actual Startup Time": 667.569,
              "Actual Total Time": 667.575,
              "Actual Rows": 1,
              "Actual Loops": 6,
              "Plans": [
                {
                  "Node Type": "Hash Join",
                  "Parent Relationship": "Outer",
                  "Parallel Aware": true,
                  "Join Type": "Inner",
                  "Startup Cost": 47832.9,
                  "Total Cost": 248350.8,
                  "Plan Rows": 177698,
                  "Plan Width": 0,
                  "Actual Startup Time": 252.141,
                  "Actual Total Time": 656.666,
                  "Actual Rows": 195572,
                  "Actual Loops": 6,
                  "Inner Unique": true,
                  "Hash Cond": "(mi.movie_id = t.id)",
                  "Plans": [
                    {
                      "Node Type": "Seq Scan",
                      "Parent Relationship": "Outer",
                      "Parallel Aware": true,
                      "Relation Name": "movie_info",
                      "Alias": "mi",
                      "Startup Cost": 0.0,
                      "Total Cost": 198952.16,
                      "Plan Rows": 596472,
                      "Plan Width": 4,
                      "Actual Startup Time": 83.822,
                      "Actual Total Time": 352.515,
                      "Actual Rows": 506120,
                      "Actual Loops": 6,
                      "Filter": "(info_type_id = 16)",
                      "Rows Removed by Filter": 1966500
                    },
                    {
                      "Node Type": "Hash",
                      "Parent Relationship": "Inner",
                      "Parallel Aware": true,
                      "Startup Cost": 45479.1,
                      "Total Cost": 45479.1,
                      "Plan Rows": 188304,
                      "Plan Width": 4,
                      "Actual Startup Time": 164.241,
                      "Actual Total Time": 164.244,
                      "Actual Rows": 132324,
                      "Actual Loops": 6,
                      "Hash Buckets": 1048576,
                      "Original Hash Buckets": 1048576,
                      "Hash Batches": 1,
                      "Original Hash Batches": 1,
                      "Peak Memory Usage": 39328,
                      "Plans": [
                        {
                          "Node Type": "Seq Scan",
                          "Parent Relationship": "Outer",
                          "Parallel Aware": true,
                          "Relation Name": "title",
                          "Alias": "t",
                          "Startup Cost": 0.0,
                          "Total Cost": 45479.1,
                          "Plan Rows": 188304,
                          "Plan Width": 4,
                          "Actual Startup Time": 0.044,
                          "Actual Total Time": 99.31,
                          "Actual Rows": 132324,
                          "Actual Loops": 6,
                          "Filter": "((kind_id < 7) AND (production_year < 2010))",
                          "Rows Removed by Filter": 289062
                        }
                      ]
                    }
                  ]
                }
              ]
            }
          ]
        }
      ]
    },
    "Planning Time": 0.64,
    "Triggers": [],
    "Execution Time": 734.26
  }
]