[
  {
    "Plan": {
      "Node Type": "Aggregate",
      "Strategy": "Plain",
      "Partial Mode": "Finalize",
      "Parallel Aware": false,
      "Startup Cost": 94139.94,
      "Total Cost": 94139.95,
      "Plan Rows": 1,
      "Plan Width": 8,
      "Actual Startup Time": 297.939,
      "Actual Total Time": 325.2,
      "Actual Rows": 1,
      "Actual Loops": 1,
      "Plans": [
        {
          "Node Type": "Gather",
          "Parent Relationship": "Outer",
          "Parallel Aware": false,
          "Startup Cost": 94139.62,
          "Total Cost": 94139.93,
          "Plan Rows": 3,
          "Plan Width": 8,
          "Actual Startup Time": 297.424,
          "Actual Total Time": 325.19,
          "Actual Rows": 4,
          "Actual Loops": 1,
          "Workers Planned": 3,
          "Workers Launched": 3,
          "Single Copy": false,
          "Plans": [
            {
              "Node Type": "Aggregate",
              "Strategy": "Plain",
              "Partial Mode": "Partial",
              "Parent Relationship": "Outer",
              "Parallel Aware": false,
              "Startup Cost": 93139.62,
              "Total Cost": 93139.63,
              "Plan Rows": 1,
              "Plan Width": 8,
              "Actual Startup Time": 287.336,
              "Actual Total Time": 287.34,
              "Actual Rows": 1,
              "Actual Loops": 4,
              "Plans": [
                {
                  "Node Type": "Nested Loop",
                  "Parent Relationship": "Outer",
                  "Parallel Aware": false,
                  "Join Type": "Inner",
                  "Startup Cost": 56678.53,
                  "Total Cost": 93098.54,
                  "Plan Rows": 16433,
                  "Plan Width": 0,
                  "Actual Startup Time": 154.061,
                  "Actual Total Time": 280.722,
                  "Actual Rows": 144264,
                  "Actual Loops": 4,
                  "Inner Unique": false,
                  "Join Filter": "(t.id = mi.movie_id)",
                  "Rows Removed by Join Filter": 0,
                  "Plans": [
                    {
                      "Node Type": "Hash Join",
                      "Parent Relationship": "Outer",
                      "Parallel Aware": true,
                      "Join Type": "Inner",
                      "Startup Cost": 56678.1,
                      "Total Cost": 83677.12,
                      "Plan Rows": 2810,
                      "Plan Width": 8,
                      "Actual Startup Time": 153.926,
                      "Actual Total Time": 201.469,
                      "Actual Rows": 2288,
                      "Actual Loops": 4,
                      "Inner Unique": true,
                      "Hash Cond": "(mk.movie_id = t.id)",
                      "Plans": [
                        {
                          "Node Type": "Bitmap Heap Scan",
                          "Parent Relationship": "Outer",
                          "Parallel Aware": true,
                          "Relation Name": "movie_keyword",
                          "Alias": "mk",
                          "Startup Cost": 11067.03,
                          "Total Cost": 37624.36,
                          "Plan Rows": 168266,
                          "Plan Width": 4,
                          "Actual Startup Time": 35.174,
                          "Actual Total Time": 83.894,
                          "Actual Rows": 127311,
                          "Actual Loops": 4,
                          "Recheck Cond": "(keyword_id > 35667)",
                          "Rows Removed by Index Recheck": 0,
                          "Exact Heap Blocks": 6470,
                          "Lossy Heap Blocks": 0,
                          "Plans": [
                            {
                              "Node Type": "Bitmap Index Scan",
                              "Parent Relationship": "Outer",
                              "Parallel Aware": false,
                              "Index Name": "keyword_id_movie_keyword",
                              "Startup Cost": 0.0,
                              "Total Cost": 10936.63,
                              "Plan Rows": 521626,
                              "Plan Width": 0,
                              "Actual Startup Time": 31.649,
                              "Actual Total Time": 31.65,
                              "Actual Rows": 509245,
                              "Actual Loops": 1,
                              "Index Cond": "(keyword_id > 35667)"
                            }
                          ]
                        },
                        {
                          "Node Type": "Hash",
                          "Parent Relationship": "Inner",
                          "Parallel Aware": true,
                          "Startup Cost": 45479.1,
                          "Total Cost": 45479.1,
                          "Plan Rows": 10557,
                          "Plan Width": 4,
                          "Actual Startup Time": 100.141,
                          "Actual Total Time": 100.142,
                          "Actual Rows": 9890,
                          "Actual Loops": 4,
                          "Hash Buckets": 65536,
                          "Original Hash Buckets": 65536,
                          "Hash Batches": 1,
                          "Original Hash Batches": 1,
                          "Peak Memory Usage": 2144,
                          "Plans": [
                            {
                              "Node Type": "Seq Scan",
                              "Parent Relationship": "Outer",
                              "Parallel Aware": true,
                              "Relation Name": "title",
                              "Alias": "t",
                              "Startup Cost": 0.0,
                              "Total Cost": 45479.1,
                              "Plan Rows": 10557,
                              "Plan Width": 4,
                              "Actual Startup Time": 48.077,
                              "Actual Total Time": 96.454,
                              "Actual Rows": 9890,
                              "Actual Loops": 4,
                              "Filter": "((kind_id = 1) AND (production_year = 2012))",
                              "Rows Removed by Filter": 622188
                            }
                          ]
                        }
                      ]
                    },
                    {
                      "Node Type": "Index Only Scan",
                      "Parent Relationship": "Inner",
                      "Parallel Aware": false,
                      "Scan Direction": "Forward",
                      "Index Name": "movie_id_movie_info",
                      "Relation Name": "movie_info",
                      "Alias": "mi",
                      "Startup Cost": 0.43,
                      "Total Cost": 2.83,
                      "Plan Rows": 42,
                      "Plan Width": 4,
                      "Actual Startup Time": 0.007,
                      "Actual Total Time": 0.029,
                      "Actual Rows": 63,
                      "Actual Loops": 9153,
                      "Index Cond": "(movie_id = mk.movie_id)",
                      "Rows Removed by Index Recheck": 0,
                      "Heap Fetches": 577054
                    }
                  ]
                }
              ]
            }
          ]
        }
      ]
    },
    "Planning Time": 1.326,
    "Triggers": [],
    "Execution Time": 325.31
  }
]