[
  {
    "Plan": {
      "Node Type": "Aggregate",
      "Strategy": "Plain",
      "Partial Mode": "Finalize",
      "Parallel Aware": false,
      "Startup Cost": 339629.63,
      "Total Cost": 339629.64,
      "Plan Rows": 1,
      "Plan Width": 8,
      "Actual Startup Time": 914.155,
      "Actual Total Time": 982.364,
      "Actual Rows": 1,
      "Actual Loops": 1,
      "Plans": [
        {
          "Node Type": "Gather",
          "Parent Relationship": "Outer",
          "Parallel Aware": false,
          "Startup Cost": 339629.01,
          "Total Cost": 339629.62,
          "Plan Rows": 6,
          "Plan Width": 8,
          "Actual Startup Time": 913.999,
          "Actual Total Time": 982.351,
          "Actual Rows": 7,
          "Actual Loops": 1,
          "Workers Planned": 6,
          "Workers Launched": 6,
          "Single Copy": false,
          "Plans": [
            {
              "Node Type": "Aggregate",
              "Strategy": "Plain",
              "Partial Mode": "Partial",
              "Parent Relationship": "Outer",
              "Parallel Aware": false,
              "Startup Cost": 338629.01,
              "Total Cost": 338629.02,
              "Plan Rows": 1,
              "Plan Width": 8,
              "Actual Startup Time": 903.705,
              "Actual Total Time": 903.707,
              "Actual Rows": 1,
              "Actual Loops": 7,
              "Plans": [
                {
                  "Node Type": "Seq Scan",
                  "Parent Relationship": "Outer",
                  "Parallel Aware": true,
                  "Relation Name": "cast_info",
                  "Alias": "ci",
                  "Startup Cost": 0.0,
                  "Total Cost": 328211.39,
                  "Plan Rows": 4167047,
                  "Plan Width": 0,
                  "Actual Startup Time": 143.867,
                  "Actual Total Time": 717.302,
                  "Actual Rows": 3558482,
                  "Actual Loops": 7,
                  "Filter": "(person_id > 1113523)",
                  "Rows Removed by Filter": 1619282
                }
              ]
            }
          ]
        }
      ]
    },
    "Planning Time": 0.18,
    "Triggers": [],
    "Execution Time": 982.432
  }
]