[
  {
    "Plan": {
      "Node Type": "Aggregate",
      "Strategy": "Plain",
      "Partial Mode": "Finalize",
      "Parallel Aware": false,
      "Startup Cost": 386818.43,
      "Total Cost": 386818.44,
      "Plan Rows": 1,
      "Plan Width": 8,
      "Actual Startup Time": 1547.11,
      "Actual Total Time": 1616.551,
      "Actual Rows": 1,
      "Actual Loops": 1,
      "Plans": [
        {
          "Node Type": "Gather",
          "Parent Relationship": "Outer",
          "Parallel Aware": false,
          "Startup Cost": 386817.8,
          "Total Cost": 386818.41,
          "Plan Rows": 6,
          "Plan Width": 8,
          "Actual Startup Time": 1540.819,
          "Actual Total Time": 1616.534,
          "Actual Rows": 7,
          "Actual Loops": 1,
          "Workers Planned": 6,
          "Workers Launched": 6,
          "Single Copy": false,
          "Plans": [
            {
              "Node Type": "Aggregate",
              "Strategy": "Plain",
              "Partial Mode": "Partial",
              "Parent Relationship": "Outer",
              "Parallel Aware": false,
              "Startup Cost": 385817.8,
              "Total Cost": 385817.81,
              "Plan Rows": 1,
              "Plan Width": 8,
              "Actual Startup Time": 1528.502,
              "Actual Total Time": 1528.506,
              "Actual Rows": 1,
              "Actual Loops": 7,
              "Plans": [
                {
                  "Node Type": "Hash Join",
                  "Parent Relationship": "Outer",
                  "Parallel Aware": true,
                  "Join Type": "Inner",
                  "Startup Cost": 48041.3,
                  "Total Cost": 383561.14,
                  "Plan Rows": 902664,
                  "Plan Width": 0,
                  "Actual Startup Time": 147.698,
                  "Actual Total Time": 1489.614,
                  "Actual Rows": 690795,
                  "Actual Loops": 7,
                  "Inner Unique": true,
                  "Hash Cond": "(ci.movie_id = t.id)",
                  "Plans": [
                    {
                      "Node Type": "Seq Scan",
                      "Parent Relationship": "Outer",
                      "Parallel Aware": true,
                      "Relation Name": "cast_info",
                      "Alias": "ci",
                      "Startup Cost": 0.0,
                      "Total Cost": 328211.39,
                      "Plan Rows": 2784168,
                      "Plan Width": 4,
                      "Actual Startup Time": 0.024,
                      "Actual Total Time": 703.556,
                      "Actual Rows": 2413907,
                      "Actual Loops": 7,
                      "Filter": "(person_id < 1670546)",
                      "Rows Removed by Filter": 2763856
                    },
                    {
                      "Node Type": "Hash",
                      "Parent Relationship": "Inner",
                      "Parallel Aware": true,
                      "Startup Cost": 45479.59,
                      "Total Cost": 45479.59,
                      "Plan Rows": 204937,
                      "Plan Width": 4,
                      "Actual Startup Time": 145.355,
                      "Actual Total Time": 145.356,
                      "Actual Rows": 105537,
                      "Actual Loops": 7,
                      "Hash Buckets": 1048576,
                      "Original Hash Buckets": 1048576,
                      "Hash Batches": 1,
                      "Original Hash Batches": 1,
                      "Peak Memory Usage": 37184,
                      "Plans": [
                        {
                          "Node Type": "Seq Scan",
                          "Parent Relationship": "Outer",
                          "Parallel Aware": true,
                          "Relation Name": "title",
                          "Alias": "t",
                          "Startup Cost": 0.0,
                          "Total Cost": 45479.59,
                          "Plan Rows": 204937,
                          "Plan Width": 4,
                          "Actual Startup Time": 0.028,
                          "Actual Total Time": 86.176,
                          "Actual Rows": 105537,
                          "Actual Loops": 7,
                          "Filter": "((production_year < 2005) AND (kind_id = 7))",
                          "Rows Removed by Filter": 255650
                        }
                      ]
                    }
                  ]
                }
              ]
            }
          ]
        }
      ]
    },
    "Planning Time": 0.292,
    "Triggers": [],
    "Execution Time": 1616.607
  }
]