[
    {
        "Bao": {
            "Bao prediction": "NaN",
            "Bao recommended hint": "(no hint)"
        }
    },
    {
        "Plan": {
            "Node Type": "Aggregate",
            "Strategy": "Plain",
            "Partial Mode": "Finalize",
            "Parallel Aware": false,
            "Startup Cost": 78587.59,
            "Total Cost": 78587.6,
            "Plan Rows": 1,
            "Plan Width": 8,
            "Actual Startup Time": 322.812,
            "Actual Total Time": 358.105,
            "Actual Rows": 1,
            "Actual Loops": 1,
            "Output": [
                "count(*)"
            ],
            "Plans": [
                {
                    "Node Type": "Gather",
                    "Parent Relationship": "Outer",
                    "Parallel Aware": false,
                    "Startup Cost": 78587.17,
                    "Total Cost": 78587.58,
                    "Plan Rows": 4,
                    "Plan Width": 8,
                    "Actual Startup Time": 321.93,
                    "Actual Total Time": 358.097,
                    "Actual Rows": 5,
                    "Actual Loops": 1,
                    "Output": [
                        "(PARTIAL count(*))"
                    ],
                    "Workers Planned": 4,
                    "Workers Launched": 4,
                    "Single Copy": false,
                    "Plans": [
                        {
                            "Node Type": "Aggregate",
                            "Strategy": "Plain",
                            "Partial Mode": "Partial",
                            "Parent Relationship": "Outer",
                            "Parallel Aware": false,
                            "Startup Cost": 77587.17,
                            "Total Cost": 77587.18,
                            "Plan Rows": 1,
                            "Plan Width": 8,
                            "Actual Startup Time": 312.086,
                            "Actual Total Time": 312.09,
                            "Actual Rows": 1,
                            "Actual Loops": 5,
                            "Output": [
                                "PARTIAL count(*)"
                            ],
                            "Workers": [
                                {
                                    "Worker Number": 0,
                                    "Actual Startup Time": 310.463,
                                    "Actual Total Time": 310.468,
                                    "Actual Rows": 1,
                                    "Actual Loops": 1
                                },
                                {
                                    "Worker Number": 1,
                                    "Actual Startup Time": 310.226,
                                    "Actual Total Time": 310.229,
                                    "Actual Rows": 1,
                                    "Actual Loops": 1
                                },
                                {
                                    "Worker Number": 2,
                                    "Actual Startup Time": 309.554,
                                    "Actual Total Time": 309.558,
                                    "Actual Rows": 1,
                                    "Actual Loops": 1
                                },
                                {
                                    "Worker Number": 3,
                                    "Actual Startup Time": 309.626,
                                    "Actual Total Time": 309.629,
                                    "Actual Rows": 1,
                                    "Actual Loops": 1
                                }
                            ],
                            "Plans": [
                                {
                                    "Node Type": "Nested Loop",
                                    "Parent Relationship": "Outer",
                                    "Parallel Aware": false,
                                    "Join Type": "Inner",
                                    "Startup Cost": 22156.34,
                                    "Total Cost": 77537.51,
                                    "Plan Rows": 19866,
                                    "Plan Width": 0,
                                    "Actual Startup Time": 98.381,
                                    "Actual Total Time": 305.064,
                                    "Actual Rows": 74088,
                                    "Actual Loops": 5,
                                    "Inner Unique": false,
                                    "Workers": [
                                        {
                                            "Worker Number": 0,
                                            "Actual Startup Time": 97.587,
                                            "Actual Total Time": 303.319,
                                            "Actual Rows": 47926,
                                            "Actual Loops": 1
                                        },
                                        {
                                            "Worker Number": 1,
                                            "Actual Startup Time": 97.3,
                                            "Actual Total Time": 304.156,
                                            "Actual Rows": 75725,
                                            "Actual Loops": 1
                                        },
                                        {
                                            "Worker Number": 2,
                                            "Actual Startup Time": 96.674,
                                            "Actual Total Time": 303.315,
                                            "Actual Rows": 75500,
                                            "Actual Loops": 1
                                        },
                                        {
                                            "Worker Number": 3,
                                            "Actual Startup Time": 92.839,
                                            "Actual Total Time": 302.388,
                                            "Actual Rows": 49392,
                                            "Actual Loops": 1
                                        }
                                    ],
                                    "Plans": [
                                        {
                                            "Node Type": "Hash Join",
                                            "Parent Relationship": "Outer",
                                            "Parallel Aware": true,
                                            "Join Type": "Inner",
                                            "Startup Cost": 22155.78,
                                            "Total Cost": 66349.76,
                                            "Plan Rows": 1386,
                                            "Plan Width": 8,
                                            "Actual Startup Time": 98.279,
                                            "Actual Total Time": 124.514,
                                            "Actual Rows": 2809,
                                            "Actual Loops": 5,
                                            "Output": [
                                                "t.id",
                                                "mc.movie_id"
                                            ],
                                            "Inner Unique": false,
                                            "Hash Cond": "(t.id = mc.movie_id)",
                                            "Workers": [
                                                {
                                                    "Worker Number": 0,
                                                    "Actual Startup Time": 97.464,
                                                    "Actual Total Time": 118.921,
                                                    "Actual Rows": 1912,
                                                    "Actual Loops": 1
                                                },
                                                {
                                                    "Worker Number": 1,
                                                    "Actual Startup Time": 97.186,
                                                    "Actual Total Time": 118.408,
                                                    "Actual Rows": 2745,
                                                    "Actual Loops": 1
                                                },
                                                {
                                                    "Worker Number": 2,
                                                    "Actual Startup Time": 96.583,
                                                    "Actual Total Time": 119.285,
                                                    "Actual Rows": 2946,
                                                    "Actual Loops": 1
                                                },
                                                {
                                                    "Worker Number": 3,
                                                    "Actual Startup Time": 92.698,
                                                    "Actual Total Time": 119.015,
                                                    "Actual Rows": 1901,
                                                    "Actual Loops": 1
                                                }
                                            ],
                                            "Plans": [
                                                {
                                                    "Node Type": "Seq Scan",
                                                    "Parent Relationship": "Outer",
                                                    "Parallel Aware": true,
                                                    "Relation Name": "title",
                                                    "Schema": "public",
                                                    "Alias": "t",
                                                    "Startup Cost": 0.0,
                                                    "Total Cost": 43899.01,
                                                    "Plan Rows": 58100,
                                                    "Plan Width": 4,
                                                    "Actual Startup Time": 0.013,
                                                    "Actual Total Time": 73.935,
                                                    "Actual Rows": 46330,
                                                    "Actual Loops": 5,
                                                    "Output": [
                                                        "t.id",
                                                        "t.title",
                                                        "t.imdb_index",
                                                        "t.kind_id",
                                                        "t.production_year",
                                                        "t.imdb_id",
                                                        "t.phonetic_code",
                                                        "t.episode_of_id",
                                                        "t.season_nr",
                                                        "t.episode_nr",
                                                        "t.series_years",
                                                        "t.md5sum"
                                                    ],
                                                    "Filter": "(t.production_year > 2011)",
                                                    "Rows Removed by Filter": 459333,
                                                    "Workers": [
                                                        {
                                                            "Worker Number": 0,
                                                            "Actual Startup Time": 0.01,
                                                            "Actual Total Time": 72.174,
                                                            "Actual Rows": 33286,
                                                            "Actual Loops": 1
                                                        },
                                                        {
                                                            "Worker Number": 1,
                                                            "Actual Startup Time": 0.012,
                                                            "Actual Total Time": 70.305,
                                                            "Actual Rows": 50428,
                                                            "Actual Loops": 1
                                                        },
                                                        {
                                                            "Worker Number": 2,
                                                            "Actual Startup Time": 0.012,
                                                            "Actual Total Time": 71.192,
                                                            "Actual Rows": 52561,
                                                            "Actual Loops": 1
                                                        },
                                                        {
                                                            "Worker Number": 3,
                                                            "Actual Startup Time": 0.023,
                                                            "Actual Total Time": 73.056,
                                                            "Actual Rows": 33270,
                                                            "Actual Loops": 1
                                                        }
                                                    ]
                                                },
                                                {
                                                    "Node Type": "Hash",
                                                    "Parent Relationship": "Inner",
                                                    "Parallel Aware": true,
                                                    "Startup Cost": 21912.67,
                                                    "Total Cost": 21912.67,
                                                    "Plan Rows": 19449,
                                                    "Plan Width": 4,
                                                    "Actual Startup Time": 33.996,
                                                    "Actual Total Time": 33.997,
                                                    "Actual Rows": 24193,
                                                    "Actual Loops": 5,
                                                    "Output": [
                                                        "mc.movie_id"
                                                    ],
                                                    "Hash Buckets": 131072,
                                                    "Original Hash Buckets": 65536,
                                                    "Hash Batches": 1,
                                                    "Original Hash Batches": 1,
                                                    "Peak Memory Usage": 6336,
                                                    "Workers": [
                                                        {
                                                            "Worker Number": 0,
                                                            "Actual Startup Time": 32.47,
                                                            "Actual Total Time": 32.471,
                                                            "Actual Rows": 21214,
                                                            "Actual Loops": 1
                                                        },
                                                        {
                                                            "Worker Number": 1,
                                                            "Actual Startup Time": 32.209,
                                                            "Actual Total Time": 32.211,
                                                            "Actual Rows": 18920,
                                                            "Actual Loops": 1
                                                        },
                                                        {
                                                            "Worker Number": 2,
                                                            "Actual Startup Time": 31.588,
                                                            "Actual Total Time": 31.589,
                                                            "Actual Rows": 20355,
                                                            "Actual Loops": 1
                                                        },
                                                        {
                                                            "Worker Number": 3,
                                                            "Actual Startup Time": 31.675,
                                                            "Actual Total Time": 31.677,
                                                            "Actual Rows": 18304,
                                                            "Actual Loops": 1
                                                        }
                                                    ],
                                                    "Plans": [
                                                        {
                                                            "Node Type": "Bitmap Heap Scan",
                                                            "Parent Relationship": "Outer",
                                                            "Parallel Aware": true,
                                                            "Relation Name": "movie_companies",
                                                            "Schema": "public",
                                                            "Alias": "mc",
                                                            "Startup Cost": 2550.45,
                                                            "Total Cost": 21912.67,
                                                            "Plan Rows": 19449,
                                                            "Plan Width": 4,
                                                            "Actual Startup Time": 2.159,
                                                            "Actual Total Time": 21.089,
                                                            "Actual Rows": 24193,
                                                            "Actual Loops": 5,
                                                            "Output": [
                                                                "mc.movie_id"
                                                            ],
                                                            "Recheck Cond": "(mc.company_id > 145824)",
                                                            "Rows Removed by Index Recheck": 0,
                                                            "Filter": "(mc.company_type_id = 2)",
                                                            "Rows Removed by Filter": 0,
                                                            "Exact Heap Blocks": 1232,
                                                            "Lossy Heap Blocks": 0,
                                                            "Workers": [
                                                                {
                                                                    "Worker Number": 0,
                                                                    "Actual Startup Time": 0.475,
                                                                    "Actual Total Time": 20.658,
                                                                    "Actual Rows": 21214,
                                                                    "Actual Loops": 1
                                                                },
                                                                {
                                                                    "Worker Number": 1,
                                                                    "Actual Startup Time": 0.232,
                                                                    "Actual Total Time": 20.222,
                                                                    "Actual Rows": 18920,
                                                                    "Actual Loops": 1
                                                                },
                                                                {
                                                                    "Worker Number": 2,
                                                                    "Actual Startup Time": 0.12,
                                                                    "Actual Total Time": 19.487,
                                                                    "Actual Rows": 20355,
                                                                    "Actual Loops": 1
                                                                },
                                                                {
                                                                    "Worker Number": 3,
                                                                    "Actual Startup Time": 0.126,
                                                                    "Actual Total Time": 19.292,
                                                                    "Actual Rows": 18304,
                                                                    "Actual Loops": 1
                                                                }
                                                            ],
                                                            "Plans": [
                                                                {
                                                                    "Node Type": "Bitmap Index Scan",
                                                                    "Parent Relationship": "Outer",
                                                                    "Parallel Aware": false,
                                                                    "Index Name": "company_id_movie_companies",
                                                                    "Startup Cost": 0.0,
                                                                    "Total Cost": 2535.37,
                                                                    "Plan Rows": 118259,
                                                                    "Plan Width": 0,
                                                                    "Actual Startup Time": 9.075,
                                                                    "Actual Total Time": 9.075,
                                                                    "Actual Rows": 120966,
                                                                    "Actual Loops": 1,
                                                                    "Index Cond": "(mc.company_id > 145824)"
                                                                }
                                                            ]
                                                        }
                                                    ]
                                                }
                                            ]
                                        },
                                        {
                                            "Node Type": "Index Only Scan",
                                            "Parent Relationship": "Inner",
                                            "Parallel Aware": false,
                                            "Scan Direction": "Forward",
                                            "Index Name": "movie_id_cast_info",
                                            "Relation Name": "cast_info",
                                            "Schema": "public",
                                            "Alias": "ci",
                                            "Startup Cost": 0.56,
                                            "Total Cost": 7.69,
                                            "Plan Rows": 38,
                                            "Plan Width": 4,
                                            "Actual Startup Time": 0.012,
                                            "Actual Total Time": 0.061,
                                            "Actual Rows": 26,
                                            "Actual Loops": 14044,
                                            "Output": [
                                                "ci.movie_id"
                                            ],
                                            "Index Cond": "(ci.movie_id = t.id)",
                                            "Rows Removed by Index Recheck": 0,
                                            "Heap Fetches": 370441,
                                            "Workers": [
                                                {
                                                    "Worker Number": 0,
                                                    "Actual Startup Time": 0.018,
                                                    "Actual Total Time": 0.092,
                                                    "Actual Rows": 25,
                                                    "Actual Loops": 1912
                                                },
                                                {
                                                    "Worker Number": 1,
                                                    "Actual Startup Time": 0.013,
                                                    "Actual Total Time": 0.065,
                                                    "Actual Rows": 28,
                                                    "Actual Loops": 2745
                                                },
                                                {
                                                    "Worker Number": 2,
                                                    "Actual Startup Time": 0.012,
                                                    "Actual Total Time": 0.06,
                                                    "Actual Rows": 26,
                                                    "Actual Loops": 2946
                                                },
                                                {
                                                    "Worker Number": 3,
                                                    "Actual Startup Time": 0.018,
                                                    "Actual Total Time": 0.092,
                                                    "Actual Rows": 26,
                                                    "Actual Loops": 1901
                                                }
                                            ]
                                        }
                                    ]
                                }
                            ]
                        }
                    ]
                }
            ]
        },
        "Planning Time": 298.814,
        "Triggers": [],
        "Execution Time": 358.19
    }
]