[
  {
    "Plan": {
      "Node Type": "Aggregate",
      "Strategy": "Plain",
      "Partial Mode": "Finalize",
      "Parallel Aware": false,
      "Startup Cost": 112367.39,
      "Total Cost": 112367.4,
      "Plan Rows": 1,
      "Plan Width": 8,
      "Actual Startup Time": 534.055,
      "Actual Total Time": 555.019,
      "Actual Rows": 1,
      "Actual Loops": 1,
      "Plans": [
        {
          "Node Type": "Gather",
          "Parent Relationship": "Outer",
          "Parallel Aware": false,
          "Startup Cost": 112367.07,
          "Total Cost": 112367.38,
          "Plan Rows": 3,
          "Plan Width": 8,
          "Actual Startup Time": 531.05,
          "Actual Total Time": 555.008,
          "Actual Rows": 4,
          "Actual Loops": 1,
          "Workers Planned": 3,
          "Workers Launched": 3,
          "Single Copy": false,
          "Plans": [
            {
              "Node Type": "Aggregate",
              "Strategy": "Plain",
              "Partial Mode": "Partial",
              "Parent Relationship": "Outer",
              "Parallel Aware": false,
              "Startup Cost": 111367.07,
              "Total Cost": 111367.08,
              "Plan Rows": 1,
              "Plan Width": 8,
              "Actual Startup Time": 521.711,
              "Actual Total Time": 521.941,
              "Actual Rows": 1,
              "Actual Loops": 4,
              "Plans": [
                {
                  "Node Type": "Hash Join",
                  "Parent Relationship": "Outer",
                  "Parallel Aware": true,
                  "Join Type": "Inner",
                  "Startup Cost": 64616.44,
                  "Total Cost": 111056.81,
                  "Plan Rows": 124102,
                  "Plan Width": 0,
                  "Actual Startup Time": 326.858,
                  "Actual Total Time": 515.277,
                  "Actual Rows": 149918,
                  "Actual Loops": 4,
                  "Inner Unique": false,
                  "Hash Cond": "(mk.movie_id = t.id)",
                  "Plans": [
                    {
                      "Node Type": "Seq Scan",
                      "Parent Relationship": "Outer",
                      "Parallel Aware": true,
                      "Relation Name": "movie_keyword",
                      "Alias": "mk",
                      "Startup Cost": 0.0,
                      "Total Cost": 42695.65,
                      "Plan Rows": 915859,
                      "Plan Width": 4,
                      "Actual Startup Time": 0.039,
                      "Actual Total Time": 114.48,
                      "Actual Rows": 708289,
                      "Actual Loops": 4,
                      "Filter": "(keyword_id < 8556)",
                      "Rows Removed by Filter": 422694
                    },
                    {
                      "Node Type": "Hash",
                      "Parent Relationship": "Inner",
                      "Parallel Aware": true,
                      "Startup Cost": 63545.84,
                      "Total Cost": 63545.84,
                      "Plan Rows": 85648,
                      "Plan Width": 8,
                      "Actual Startup Time": 323.499,
                      "Actual Total Time": 323.727,
                      "Actual Rows": 62511,
                      "Actual Loops": 4,
                      "Hash Buckets": 524288,
                      "Original Hash Buckets": 524288,
                      "Hash Batches": 1,
                      "Original Hash Batches": 1,
                      "Peak Memory Usage": 13920,
                      "Plans": [
                        {
                          "Node Type": "Hash Join",
                          "Parent Relationship": "Outer",
                          "Parallel Aware": true,
                          "Join Type": "Inner",
                          "Startup Cost": 17541.58,
                          "Total Cost": 63545.84,
                          "Plan Rows": 85648,
                          "Plan Width": 8,
                          "Actual Startup Time": 90.874,
                          "Actual Total Time": 301.03,
                          "Actual Rows": 62511,
                          "Actual Loops": 4,
                          "Inner Unique": false,
                          "Hash Cond": "(t.id = mi_idx.movie_id)",
                          "Plans": [
                            {
                              "Node Type": "Seq Scan",
                              "Parent Relationship": "Outer",
                              "Parallel Aware": true,
                              "Relation Name": "title",
                              "Alias": "t",
                              "Startup Cost": 0.0,
                              "Total Cost": 43898.92,
                              "Plan Rows": 466259,
                              "Plan Width": 4,
                              "Actual Startup Time": 0.014,
                              "Actual Total Time": 97.06,
                              "Actual Rows": 466372,
                              "Actual Loops": 4,
                              "Filter": "(kind_id > 1)",
                              "Rows Removed by Filter": 165706
                            },
                            {
                              "Node Type": "Hash",
                              "Parent Relationship": "Inner",
                              "Parallel Aware": true,
                              "Startup Cost": 15122.68,
                              "Total Cost": 15122.68,
                              "Plan Rows": 193512,
                              "Plan Width": 4,
                              "Actual Startup Time": 88.982,
                              "Actual Total Time": 88.983,
                              "Actual Rows": 114981,
                              "Actual Loops": 4,
                              "Hash Buckets": 524288,
                              "Original Hash Buckets": 524288,
                              "Hash Batches": 1,
                              "Original Hash Batches": 1,
                              "Peak Memory Usage": 22176,
                              "Plans": [
                                {
                                  "Node Type": "Seq Scan",
                                  "Parent Relationship": "Outer",
                                  "Parallel Aware": true,
                                  "Relation Name": "movie_info_idx",
                                  "Alias": "mi_idx",
                                  "Startup Cost": 0.0,
                                  "Total Cost": 15122.68,
                                  "Plan Rows": 193512,
                                  "Plan Width": 4,
                                  "Actual Startup Time": 0.072,
                                  "Actual Total Time": 45.015,
                                  "Actual Rows": 114981,
                                  "Actual Loops": 4,
                                  "Filter": "(info_type_id = 100)",
                                  "Rows Removed by Filter": 230028
                                }
                              ]
                            }
                          ]
                        }
                      ]
                    }
                  ]
                }
              ]
            }
          ]
        }
      ]
    },
    "Planning Time": 1.347,
    "Triggers": [],
    "Execution Time": 555.131
  }
]