{
  "Plan": {
    "Node Type": "Aggregate",
    "Strategy": "Plain",
    "Partial Mode": "Finalize",
    "Parallel Aware": false,
    "Startup Cost": 97338.16,
    "Total Cost": 97338.17,
    "Plan Rows": 1,
    "Plan Width": 8,
    "Actual Startup Time": 186.656,
    "Actual Total Time": 205.392,
    "Actual Rows": 1,
    "Actual Loops": 1,
    "Plans": [
      {
        "Node Type": "Gather",
        "Parent Relationship": "Outer",
        "Parallel Aware": false,
        "Startup Cost": 97338.05,
        "Total Cost": 97338.16,
        "Plan Rows": 1,
        "Plan Width": 8,
        "Actual Startup Time": 186.542,
        "Actual Total Time": 205.384,
        "Actual Rows": 2,
        "Actual Loops": 1,
        "Workers Planned": 1,
        "Workers Launched": 1,
        "Single Copy": false,
        "Plans": [
          {
            "Node Type": "Aggregate",
            "Strategy": "Plain",
            "Partial Mode": "Partial",
            "Parent Relationship": "Outer",
            "Parallel Aware": false,
            "Startup Cost": 96338.05,
            "Total Cost": 96338.06,
            "Plan Rows": 1,
            "Plan Width": 8,
            "Actual Startup Time": 180.594,
            "Actual Total Time": 180.596,
            "Actual Rows": 1,
            "Actual Loops": 2,
            "Plans": [
              {
                "Node Type": "Nested Loop",
                "Parent Relationship": "Outer",
                "Parallel Aware": false,
                "Join Type": "Inner",
                "Startup Cost": 0.43,
                "Total Cost": 96318.14,
                "Plan Rows": 7966,
                "Plan Width": 0,
                "Actual Startup Time": 0.735,
                "Actual Total Time": 179.512,
                "Actual Rows": 21328,
                "Actual Loops": 2,
                "Inner Unique": false,
                "Plans": [
                  {
                    "Node Type": "Seq Scan",
                    "Parent Relationship": "Outer",
                    "Parallel Aware": true,
                    "Relation Name": "title",
                    "Alias": "t",
                    "Startup Cost": 0.0,
                    "Total Cost": 58306.47,
                    "Plan Rows": 4452,
                    "Plan Width": 4,
                    "Actual Startup Time": 0.56,
                    "Actual Total Time": 147.286,
                    "Actual Rows": 3888,
                    "Actual Loops": 2,
                    "Filter": "((kind_id < 7) AND (production_year = 1985))",
                    "Rows Removed by Filter": 1260268
                  },
                  {
                    "Node Type": "Index Only Scan",
                    "Parent Relationship": "Inner",
                    "Parallel Aware": false,
                    "Scan Direction": "Forward",
                    "Index Name": "movie_id_movie_keyword",
                    "Relation Name": "movie_keyword",
                    "Alias": "mk",
                    "Startup Cost": 0.43,
                    "Total Cost": 8.09,
                    "Plan Rows": 45,
                    "Plan Width": 4,
                    "Actual Startup Time": 0.007,
                    "Actual Total Time": 0.008,
                    "Actual Rows": 5,
                    "Actual Loops": 7777,
                    "Index Cond": "(movie_id = t.id)",
                    "Rows Removed by Index Recheck": 0,
                    "Heap Fetches": 42657
                  }
                ]
              }
            ]
          }
        ]
      }
    ]
  },
  "Planning Time": 0.508,
  "Triggers": [],
  "Execution Time": 205.468
}