{
  "Plan": {
    "Node Type": "Aggregate",
    "Strategy": "Plain",
    "Partial Mode": "Finalize",
    "Parallel Aware": false,
    "Startup Cost": 58725.7,
    "Total Cost": 58725.71,
    "Plan Rows": 1,
    "Plan Width": 8,
    "Actual Startup Time": 168.805,
    "Actual Total Time": 176.857,
    "Actual Rows": 1,
    "Actual Loops": 1,
    "Plans": [
      {
        "Node Type": "Gather",
        "Parent Relationship": "Outer",
        "Parallel Aware": false,
        "Startup Cost": 58725.59,
        "Total Cost": 58725.7,
        "Plan Rows": 1,
        "Plan Width": 8,
        "Actual Startup Time": 168.612,
        "Actual Total Time": 176.851,
        "Actual Rows": 2,
        "Actual Loops": 1,
        "Workers Planned": 1,
        "Workers Launched": 1,
        "Single Copy": false,
        "Plans": [
          {
            "Node Type": "Aggregate",
            "Strategy": "Plain",
            "Partial Mode": "Partial",
            "Parent Relationship": "Outer",
            "Parallel Aware": false,
            "Startup Cost": 57725.59,
            "Total Cost": 57725.6,
            "Plan Rows": 1,
            "Plan Width": 8,
            "Actual Startup Time": 162.213,
            "Actual Total Time": 162.217,
            "Actual Rows": 1,
            "Actual Loops": 2,
            "Plans": [
              {
                "Node Type": "Hash Join",
                "Parent Relationship": "Outer",
                "Parallel Aware": true,
                "Join Type": "Inner",
                "Startup Cost": 39514.62,
                "Total Cost": 57698.41,
                "Plan Rows": 10872,
                "Plan Width": 0,
                "Actual Startup Time": 94.611,
                "Actual Total Time": 161.966,
                "Actual Rows": 3802,
                "Actual Loops": 2,
                "Inner Unique": true,
                "Hash Cond": "(mi_idx.movie_id = t.id)",
                "Plans": [
                  {
                    "Node Type": "Seq Scan",
                    "Parent Relationship": "Outer",
                    "Parallel Aware": true,
                    "Relation Name": "movie_info_idx",
                    "Alias": "mi_idx",
                    "Startup Cost": 0.0,
                    "Total Cost": 16052.85,
                    "Plan Rows": 811785,
                    "Plan Width": 4,
                    "Actual Startup Time": 0.024,
                    "Actual Total Time": 56.21,
                    "Actual Rows": 690018,
                    "Actual Loops": 2
                  },
                  {
                    "Node Type": "Hash",
                    "Parent Relationship": "Inner",
                    "Parallel Aware": true,
                    "Startup Cost": 39265.65,
                    "Total Cost": 39265.65,
                    "Plan Rows": 19918,
                    "Plan Width": 4,
                    "Actual Startup Time": 49.218,
                    "Actual Total Time": 49.219,
                    "Actual Rows": 2946,
                    "Actual Loops": 2,
                    "Hash Buckets": 65536,
                    "Original Hash Buckets": 65536,
                    "Hash Batches": 1,
                    "Original Hash Batches": 1,
                    "Peak Memory Usage": 768,
                    "Plans": [
                      {
                        "Node Type": "Bitmap Heap Scan",
                        "Parent Relationship": "Outer",
                        "Parallel Aware": true,
                        "Relation Name": "title",
                        "Alias": "t",
                        "Startup Cost": 2189.4,
                        "Total Cost": 39265.65,
                        "Plan Rows": 19918,
                        "Plan Width": 4,
                        "Actual Startup Time": 13.394,
                        "Actual Total Time": 48.171,
                        "Actual Rows": 2946,
                        "Actual Loops": 2,
                        "Recheck Cond": "(kind_id = 4)",
                        "Rows Removed by Index Recheck": 0,
                        "Filter": "(production_year < 1991)",
                        "Rows Removed by Filter": 56171,
                        "Exact Heap Blocks": 11345,
                        "Lossy Heap Blocks": 0,
                        "Plans": [
                          {
                            "Node Type": "Bitmap Index Scan",
                            "Parent Relationship": "Outer",
                            "Parallel Aware": false,
                            "Index Name": "kind_id_title",
                            "Startup Cost": 0.0,
                            "Total Cost": 2180.94,
                            "Plan Rows": 122201,
                            "Plan Width": 0,
                            "Actual Startup Time": 14.436,
                            "Actual Total Time": 14.436,
                            "Actual Rows": 118234,
                            "Actual Loops": 1,
                            "Index Cond": "(kind_id = 4)"
                          }
                        ]
                      }
                    ]
                  }
                ]
              }
            ]
          }
        ]
      }
    ]
  },
  "Planning Time": 0.442,
  "Triggers": [],
  "Execution Time": 176.948
}