[
  {
    "Plan": {
      "Node Type": "Aggregate",
      "Strategy": "Plain",
      "Partial Mode": "Finalize",
      "Parallel Aware": false,
      "Startup Cost": 341483.61,
      "Total Cost": 341483.62,
      "Plan Rows": 1,
      "Plan Width": 8,
      "Actual Startup Time": 855.31,
      "Actual Total Time": 917.116,
      "Actual Rows": 1,
      "Actual Loops": 1,
      "Plans": [
        {
          "Node Type": "Gather",
          "Parent Relationship": "Outer",
          "Parallel Aware": false,
          "Startup Cost": 341482.99,
          "Total Cost": 341483.6,
          "Plan Rows": 6,
          "Plan Width": 8,
          "Actual Startup Time": 855.192,
          "Actual Total Time": 917.104,
          "Actual Rows": 7,
          "Actual Loops": 1,
          "Workers Planned": 6,
          "Workers Launched": 6,
          "Single Copy": false,
          "Plans": [
            {
              "Node Type": "Aggregate",
              "Strategy": "Plain",
              "Partial Mode": "Partial",
              "Parent Relationship": "Outer",
              "Parallel Aware": false,
              "Startup Cost": 340482.99,
              "Total Cost": 340483.0,
              "Plan Rows": 1,
              "Plan Width": 8,
              "Actual Startup Time": 845.775,
              "Actual Total Time": 845.776,
              "Actual Rows": 1,
              "Actual Loops": 7,
              "Plans": [
                {
                  "Node Type": "Seq Scan",
                  "Parent Relationship": "Outer",
                  "Parallel Aware": true,
                  "Relation Name": "cast_info",
                  "Alias": "ci",
                  "Startup Cost": 0.0,
                  "Total Cost": 328162.03,
                  "Plan Rows": 4928384,
                  "Plan Width": 0,
                  "Actual Startup Time": 0.059,
                  "Actual Total Time": 653.552,
                  "Actual Rows": 4249832,
                  "Actual Loops": 7,
                  "Filter": "(person_id < 3007089)",
                  "Rows Removed by Filter": 927932
                }
              ]
            }
          ]
        }
      ]
    },
    "Planning Time": 0.124,
    "Triggers": [],
    "Execution Time": 917.169
  }
]