[
    {
        "Bao": {
            "Bao prediction": "NaN",
            "Bao recommended hint": "(no hint)"
        }
    },
    {
        "Plan": {
            "Node Type": "Aggregate",
            "Strategy": "Plain",
            "Partial Mode": "Finalize",
            "Parallel Aware": false,
            "Startup Cost": 32805.29,
            "Total Cost": 32805.3,
            "Plan Rows": 1,
            "Plan Width": 8,
            "Actual Startup Time": 81.794,
            "Actual Total Time": 86.798,
            "Actual Rows": 1,
            "Actual Loops": 1,
            "Output": [
                "count(*)"
            ],
            "Plans": [
                {
                    "Node Type": "Gather",
                    "Parent Relationship": "Outer",
                    "Parallel Aware": false,
                    "Startup Cost": 32804.98,
                    "Total Cost": 32805.29,
                    "Plan Rows": 3,
                    "Plan Width": 8,
                    "Actual Startup Time": 81.687,
                    "Actual Total Time": 86.79,
                    "Actual Rows": 4,
                    "Actual Loops": 1,
                    "Output": [
                        "(PARTIAL count(*))"
                    ],
                    "Workers Planned": 3,
                    "Workers Launched": 3,
                    "Single Copy": false,
                    "Plans": [
                        {
                            "Node Type": "Aggregate",
                            "Strategy": "Plain",
                            "Partial Mode": "Partial",
                            "Parent Relationship": "Outer",
                            "Parallel Aware": false,
                            "Startup Cost": 31804.98,
                            "Total Cost": 31804.99,
                            "Plan Rows": 1,
                            "Plan Width": 8,
                            "Actual Startup Time": 73.754,
                            "Actual Total Time": 73.755,
                            "Actual Rows": 1,
                            "Actual Loops": 4,
                            "Output": [
                                "PARTIAL count(*)"
                            ],
                            "Workers": [
                                {
                                    "Worker Number": 0,
                                    "Actual Startup Time": 70.881,
                                    "Actual Total Time": 70.882,
                                    "Actual Rows": 1,
                                    "Actual Loops": 1
                                },
                                {
                                    "Worker Number": 1,
                                    "Actual Startup Time": 71.076,
                                    "Actual Total Time": 71.077,
                                    "Actual Rows": 1,
                                    "Actual Loops": 1
                                },
                                {
                                    "Worker Number": 2,
                                    "Actual Startup Time": 71.614,
                                    "Actual Total Time": 71.615,
                                    "Actual Rows": 1,
                                    "Actual Loops": 1
                                }
                            ],
                            "Plans": [
                                {
                                    "Node Type": "Seq Scan",
                                    "Parent Relationship": "Outer",
                                    "Parallel Aware": true,
                                    "Relation Name": "movie_companies",
                                    "Schema": "public",
                                    "Alias": "mc",
                                    "Startup Cost": 0.0,
                                    "Total Cost": 31414.82,
                                    "Plan Rows": 156063,
                                    "Plan Width": 0,
                                    "Actual Startup Time": 16.077,
                                    "Actual Total Time": 71.155,
                                    "Actual Rows": 44013,
                                    "Actual Loops": 4,
                                    "Output": [
                                        "id",
                                        "movie_id",
                                        "company_id",
                                        "company_type_id",
                                        "note"
                                    ],
                                    "Filter": "((mc.company_id > 17059) AND (mc.company_type_id < 2))",
                                    "Rows Removed by Filter": 608269,
                                    "Workers": [
                                        {
                                            "Worker Number": 0,
                                            "Actual Startup Time": 13.213,
                                            "Actual Total Time": 68.44,
                                            "Actual Rows": 34710,
                                            "Actual Loops": 1
                                        },
                                        {
                                            "Worker Number": 1,
                                            "Actual Startup Time": 13.402,
                                            "Actual Total Time": 68.621,
                                            "Actual Rows": 38089,
                                            "Actual Loops": 1
                                        },
                                        {
                                            "Worker Number": 2,
                                            "Actual Startup Time": 13.934,
                                            "Actual Total Time": 69.135,
                                            "Actual Rows": 30261,
                                            "Actual Loops": 1
                                        }
                                    ]
                                }
                            ]
                        }
                    ]
                }
            ]
        },
        "Planning Time": 176.685,
        "Triggers": [],
        "Execution Time": 86.836
    }
]