{
  "Plan": {
    "Node Type": "Aggregate",
    "Strategy": "Plain",
    "Partial Mode": "Simple",
    "Parallel Aware": false,
    "Startup Cost": 433403.7,
    "Total Cost": 433403.71,
    "Plan Rows": 1,
    "Plan Width": 64,
    "Actual Startup Time": 8364.169,
    "Actual Total Time": 8367.855,
    "Actual Rows": 1,
    "Actual Loops": 1,
    "Plans": [
      {
        "Node Type": "Gather",
        "Parent Relationship": "Outer",
        "Parallel Aware": false,
        "Startup Cost": 433392.0,
        "Total Cost": 433403.69,
        "Plan Rows": 1,
        "Plan Width": 32,
        "Actual Startup Time": 8364.163,
        "Actual Total Time": 8367.848,
        "Actual Rows": 0,
        "Actual Loops": 1,
        "Workers Planned": 1,
        "Workers Launched": 0,
        "Single Copy": false,
        "Plans": [
          {
            "Node Type": "Nested Loop",
            "Parent Relationship": "Outer",
            "Parallel Aware": false,
            "Join Type": "Inner",
            "Startup Cost": 432392.0,
            "Total Cost": 432403.59,
            "Plan Rows": 1,
            "Plan Width": 32,
            "Actual Startup Time": 8362.81,
            "Actual Total Time": 8362.827,
            "Actual Rows": 0,
            "Actual Loops": 1,
            "Inner Unique": true,
            "Plans": [
              {
                "Node Type": "Nested Loop",
                "Parent Relationship": "Outer",
                "Parallel Aware": false,
                "Join Type": "Inner",
                "Startup Cost": 432391.58,
                "Total Cost": 432403.1,
                "Plan Rows": 1,
                "Plan Width": 36,
                "Actual Startup Time": 8362.809,
                "Actual Total Time": 8362.826,
                "Actual Rows": 0,
                "Actual Loops": 1,
                "Inner Unique": true,
                "Plans": [
                  {
                    "Node Type": "Nested Loop",
                    "Parent Relationship": "Outer",
                    "Parallel Aware": false,
                    "Join Type": "Inner",
                    "Startup Cost": 432391.15,
                    "Total Cost": 432402.58,
                    "Plan Rows": 1,
                    "Plan Width": 40,
                    "Actual Startup Time": 8362.808,
                    "Actual Total Time": 8362.824,
                    "Actual Rows": 0,
                    "Actual Loops": 1,
                    "Inner Unique": true,
                    "Plans": [
                      {
                        "Node Type": "Merge Join",
                        "Parent Relationship": "Outer",
                        "Parallel Aware": false,
                        "Join Type": "Inner",
                        "Startup Cost": 432390.72,
                        "Total Cost": 432392.05,
                        "Plan Rows": 19,
                        "Plan Width": 33,
                        "Actual Startup Time": 8275.473,
                        "Actual Total Time": 8287.053,
                        "Actual Rows": 49360,
                        "Actual Loops": 1,
                        "Inner Unique": true,
                        "Merge Cond": "(ci.role_id = rt.id)",
                        "Plans": [
                          {
                            "Node Type": "Sort",
                            "Parent Relationship": "Outer",
                            "Parallel Aware": false,
                            "Startup Cost": 432389.56,
                            "Total Cost": 432390.13,
                            "Plan Rows": 226,
                            "Plan Width": 37,
                            "Actual Startup Time": 8262.1,
                            "Actual Total Time": 8271.346,
                            "Actual Rows": 182902,
                            "Actual Loops": 1,
                            "Sort Key": [
                              "ci.role_id"
                            ],
                            "Sort Method": "quicksort",
                            "Sort Space Used": 39653,
                            "Sort Space Type": "Memory",
                            "Plans": [
                              {
                                "Node Type": "Merge Join",
                                "Parent Relationship": "Outer",
                                "Parallel Aware": false,
                                "Join Type": "Inner",
                                "Startup Cost": 432250.47,
                                "Total Cost": 432380.73,
                                "Plan Rows": 226,
                                "Plan Width": 37,
                                "Actual Startup Time": 8155.146,
                                "Actual Total Time": 8209.878,
                                "Actual Rows": 329002,
                                "Actual Loops": 1,
                                "Inner Unique": true,
                                "Merge Cond": "(mi.info_type_id = it.id)",
                                "Plans": [
                                  {
                                    "Node Type": "Sort",
                                    "Parent Relationship": "Outer",
                                    "Parallel Aware": false,
                                    "Startup Cost": 432248.05,
                                    "Total Cost": 432312.04,
                                    "Plan Rows": 25595,
                                    "Plan Width": 41,
                                    "Actual Startup Time": 8155.103,
                                    "Actual Total Time": 8167.468,
                                    "Actual Rows": 329022,
                                    "Actual Loops": 1,
                                    "Sort Key": [
                                      "mi.info_type_id"
                                    ],
                                    "Sort Method": "quicksort",
                                    "Sort Space Used": 40354,
                                    "Sort Space Type": "Memory",
                                    "Plans": [
                                      {
                                        "Node Type": "Nested Loop",
                                        "Parent Relationship": "Outer",
                                        "Parallel Aware": false,
                                        "Join Type": "Inner",
                                        "Startup Cost": 43970.83,
                                        "Total Cost": 430374.04,
                                        "Plan Rows": 25595,
                                        "Plan Width": 41,
                                        "Actual Startup Time": 508.702,
                                        "Actual Total Time": 8068.399,
                                        "Actual Rows": 329022,
                                        "Actual Loops": 1,
                                        "Inner Unique": false,
                                        "Join Filter": "(t.id = mi.movie_id)",
                                        "Rows Removed by Join Filter": 0,
                                        "Plans": [
                                          {
                                            "Node Type": "Nested Loop",
                                            "Parent Relationship": "Outer",
                                            "Parallel Aware": false,
                                            "Join Type": "Inner",
                                            "Startup Cost": 43970.39,
                                            "Total Cost": 277626.45,
                                            "Plan Rows": 92655,
                                            "Plan Width": 49,
                                            "Actual Startup Time": 508.673,
                                            "Actual Total Time": 4519.082,
                                            "Actual Rows": 176450,
                                            "Actual Loops": 1,
                                            "Inner Unique": false,
                                            "Plans": [
                                              {
                                                "Node Type": "Nested Loop",
                                                "Parent Relationship": "Outer",
                                                "Parallel Aware": false,
                                                "Join Type": "Inner",
                                                "Startup Cost": 43969.97,
                                                "Total Cost": 257828.67,
                                                "Plan Rows": 39512,
                                                "Plan Width": 45,
                                                "Actual Startup Time": 508.654,
                                                "Actual Total Time": 3989.37,
                                                "Actual Rows": 203360,
                                                "Actual Loops": 1,
                                                "Inner Unique": false,
                                                "Plans": [
                                                  {
                                                    "Node Type": "Hash Join",
                                                    "Parent Relationship": "Outer",
                                                    "Parallel Aware": true,
                                                    "Join Type": "Inner",
                                                    "Startup Cost": 43969.4,
                                                    "Total Cost": 104421.29,
                                                    "Plan Rows": 35933,
                                                    "Plan Width": 29,
                                                    "Actual Startup Time": 508.396,
                                                    "Actual Total Time": 979.067,
                                                    "Actual Rows": 93851,
                                                    "Actual Loops": 1,
                                                    "Inner Unique": false,
                                                    "Hash Cond": "(t.id = mc.movie_id)",
                                                    "Plans": [
                                                      {
                                                        "Node Type": "Seq Scan",
                                                        "Parent Relationship": "Outer",
                                                        "Parallel Aware": true,
                                                        "Relation Name": "title",
                                                        "Alias": "t",
                                                        "Startup Cost": 0.0,
                                                        "Total Cost": 58305.62,
                                                        "Plan Rows": 309584,
                                                        "Plan Width": 21,
                                                        "Actual Startup Time": 0.007,
                                                        "Actual Total Time": 260.014,
                                                        "Actual Rows": 529975,
                                                        "Actual Loops": 1,
                                                        "Filter": "((production_year >= 2000) AND (production_year <= 2006))",
                                                        "Rows Removed by Filter": 1998337
                                                      },
                                                      {
                                                        "Node Type": "Hash",
                                                        "Parent Relationship": "Inner",
                                                        "Parallel Aware": true,
                                                        "Startup Cost": 41811.73,
                                                        "Total Cost": 41811.73,
                                                        "Plan Rows": 172614,
                                                        "Plan Width": 8,
                                                        "Actual Startup Time": 499.235,
                                                        "Actual Total Time": 499.236,
                                                        "Actual Rows": 590994,
                                                        "Actual Loops": 1,
                                                        "Hash Buckets": 1048576,
                                                        "Original Hash Buckets": 524288,
                                                        "Hash Batches": 1,
                                                        "Original Hash Batches": 1,
                                                        "Peak Memory Usage": 35424,
                                                        "Plans": [
                                                          {
                                                            "Node Type": "Seq Scan",
                                                            "Parent Relationship": "Outer",
                                                            "Parallel Aware": true,
                                                            "Relation Name": "movie_companies",
                                                            "Alias": "mc",
                                                            "Startup Cost": 0.0,
                                                            "Total Cost": 41811.73,
                                                            "Plan Rows": 172614,
                                                            "Plan Width": 8,
                                                            "Actual Startup Time": 0.022,
                                                            "Actual Total Time": 363.458,
                                                            "Actual Rows": 590994,
                                                            "Actual Loops": 1,
                                                            "Filter": "((note IS NOT NULL) AND ((note ~~ '%(USA)%'::text) OR (note ~~ '%(worldwide)%'::text)))",
                                                            "Rows Removed by Filter": 2018135
                                                          }
                                                        ]
                                                      }
                                                    ]
                                                  },
                                                  {
                                                    "Node Type": "Index Scan",
                                                    "Parent Relationship": "Inner",
                                                    "Parallel Aware": false,
                                                    "Scan Direction": "Forward",
                                                    "Index Name": "movie_id_cast_info",
                                                    "Relation Name": "cast_info",
                                                    "Alias": "ci",
                                                    "Startup Cost": 0.56,
                                                    "Total Cost": 4.24,
                                                    "Plan Rows": 3,
                                                    "Plan Width": 16,
                                                    "Actual Startup Time": 0.017,
                                                    "Actual Total Time": 0.032,
                                                    "Actual Rows": 2,
                                                    "Actual Loops": 93851,
                                                    "Index Cond": "(movie_id = t.id)",
                                                    "Rows Removed by Index Recheck": 0,
                                                    "Filter": "(note = ANY ('{(writer),(producer),(uncredited),\"(as Anya)\"}'::text[]))",
                                                    "Rows Removed by Filter": 30
                                                  }
                                                ]
                                              },
                                              {
                                                "Node Type": "Index Only Scan",
                                                "Parent Relationship": "Inner",
                                                "Parallel Aware": false,
                                                "Scan Direction": "Forward",
                                                "Index Name": "person_id_aka_name",
                                                "Relation Name": "aka_name",
                                                "Alias": "an",
                                                "Startup Cost": 0.42,
                                                "Total Cost": 0.48,
                                                "Plan Rows": 2,
                                                "Plan Width": 4,
                                                "Actual Startup Time": 0.002,
                                                "Actual Total Time": 0.002,
                                                "Actual Rows": 1,
                                                "Actual Loops": 203360,
                                                "Index Cond": "(person_id = ci.person_id)",
                                                "Rows Removed by Index Recheck": 0,
                                                "Heap Fetches": 176450
                                              }
                                            ]
                                          },
                                          {
                                            "Node Type": "Index Scan",
                                            "Parent Relationship": "Inner",
                                            "Parallel Aware": false,
                                            "Scan Direction": "Forward",
                                            "Index Name": "movie_id_movie_info",
                                            "Relation Name": "movie_info",
                                            "Alias": "mi",
                                            "Startup Cost": 0.43,
                                            "Total Cost": 1.62,
                                            "Plan Rows": 2,
                                            "Plan Width": 8,
                                            "Actual Startup Time": 0.005,
                                            "Actual Total Time": 0.02,
                                            "Actual Rows": 2,
                                            "Actual Loops": 176450,
                                            "Index Cond": "(movie_id = ci.movie_id)",
                                            "Rows Removed by Index Recheck": 0,
                                            "Filter": "((info IS NOT NULL) AND ((info ~~ 'Japan:%200%'::text) OR (info ~~ 'USA:%200%'::text)))",
                                            "Rows Removed by Filter": 96
                                          }
                                        ]
                                      }
                                    ]
                                  },
                                  {
                                    "Node Type": "Sort",
                                    "Parent Relationship": "Inner",
                                    "Parallel Aware": false,
                                    "Startup Cost": 2.42,
                                    "Total Cost": 2.43,
                                    "Plan Rows": 1,
                                    "Plan Width": 4,
                                    "Actual Startup Time": 0.031,
                                    "Actual Total Time": 0.032,
                                    "Actual Rows": 1,
                                    "Actual Loops": 1,
                                    "Sort Key": [
                                      "it.id"
                                    ],
                                    "Sort Method": "quicksort",
                                    "Sort Space Used": 25,
                                    "Sort Space Type": "Memory",
                                    "Plans": [
                                      {
                                        "Node Type": "Seq Scan",
                                        "Parent Relationship": "Outer",
                                        "Parallel Aware": false,
                                        "Relation Name": "info_type",
                                        "Alias": "it",
                                        "Startup Cost": 0.0,
                                        "Total Cost": 2.41,
                                        "Plan Rows": 1,
                                        "Plan Width": 4,
                                        "Actual Startup Time": 0.018,
                                        "Actual Total Time": 0.022,
                                        "Actual Rows": 1,
                                        "Actual Loops": 1,
                                        "Filter": "((info)::text = 'release dates'::text)",
                                        "Rows Removed by Filter": 112
                                      }
                                    ]
                                  }
                                ]
                              }
                            ]
                          },
                          {
                            "Node Type": "Sort",
                            "Parent Relationship": "Inner",
                            "Parallel Aware": false,
                            "Startup Cost": 1.16,
                            "Total Cost": 1.16,
                            "Plan Rows": 1,
                            "Plan Width": 4,
                            "Actual Startup Time": 0.031,
                            "Actual Total Time": 0.032,
                            "Actual Rows": 1,
                            "Actual Loops": 1,
                            "Sort Key": [
                              "rt.id"
                            ],
                            "Sort Method": "quicksort",
                            "Sort Space Used": 25,
                            "Sort Space Type": "Memory",
                            "Plans": [
                              {
                                "Node Type": "Seq Scan",
                                "Parent Relationship": "Outer",
                                "Parallel Aware": false,
                                "Relation Name": "role_type",
                                "Alias": "rt",
                                "Startup Cost": 0.0,
                                "Total Cost": 1.15,
                                "Plan Rows": 1,
                                "Plan Width": 4,
                                "Actual Startup Time": 0.022,
                                "Actual Total Time": 0.023,
                                "Actual Rows": 1,
                                "Actual Loops": 1,
                                "Filter": "((role)::text = 'actress'::text)",
                                "Rows Removed by Filter": 11
                              }
                            ]
                          }
                        ]
                      },
                      {
                        "Node Type": "Index Scan",
                        "Parent Relationship": "Inner",
                        "Parallel Aware": false,
                        "Scan Direction": "Forward",
                        "Index Name": "name_pkey",
                        "Relation Name": "name",
                        "Alias": "n",
                        "Startup Cost": 0.43,
                        "Total Cost": 0.55,
                        "Plan Rows": 1,
                        "Plan Width": 19,
                        "Actual Startup Time": 0.001,
                        "Actual Total Time": 0.001,
                        "Actual Rows": 0,
                        "Actual Loops": 49360,
                        "Index Cond": "(id = ci.person_id)",
                        "Rows Removed by Index Recheck": 0,
                        "Filter": "((name ~~ '%Kop,%'::text) AND ((gender)::text = 'f'::text))",
                        "Rows Removed by Filter": 1
                      }
                    ]
                  },
                  {
                    "Node Type": "Index Only Scan",
                    "Parent Relationship": "Inner",
                    "Parallel Aware": false,
                    "Scan Direction": "Forward",
                    "Index Name": "char_name_pkey",
                    "Relation Name": "char_name",
                    "Alias": "chn",
                    "Startup Cost": 0.43,
                    "Total Cost": 0.52,
                    "Plan Rows": 1,
                    "Plan Width": 4,
                    "Actual Startup Time": 0.0,
                    "Actual Total Time": 0.0,
                    "Actual Rows": 0,
                    "Actual Loops": 0,
                    "Index Cond": "(id = ci.person_role_id)",
                    "Rows Removed by Index Recheck": 0,
                    "Heap Fetches": 0
                  }
                ]
              },
              {
                "Node Type": "Index Scan",
                "Parent Relationship": "Inner",
                "Parallel Aware": false,
                "Scan Direction": "Forward",
                "Index Name": "company_name_pkey",
                "Relation Name": "company_name",
                "Alias": "cn",
                "Startup Cost": 0.42,
                "Total Cost": 0.49,
                "Plan Rows": 1,
                "Plan Width": 4,
                "Actual Startup Time": 0.0,
                "Actual Total Time": 0.0,
                "Actual Rows": 0,
                "Actual Loops": 0,
                "Index Cond": "(id = mc.company_id)",
                "Rows Removed by Index Recheck": 0,
                "Filter": "((country_code)::text = '[us]'::text)",
                "Rows Removed by Filter": 0
              }
            ]
          }
        ]
      }
    ]
  },
  "Planning Time": 3.51,
  "Triggers": [],
  "Execution Time": 8368.061
}