{
  "Plan": {
    "Node Type": "Aggregate",
    "Strategy": "Plain",
    "Partial Mode": "Finalize",
    "Parallel Aware": false,
    "Startup Cost": 100756.17,
    "Total Cost": 100756.18,
    "Plan Rows": 1,
    "Plan Width": 8,
    "Actual Startup Time": 654.922,
    "Actual Total Time": 666.195,
    "Actual Rows": 1,
    "Actual Loops": 1,
    "Plans": [
      {
        "Node Type": "Gather",
        "Parent Relationship": "Outer",
        "Parallel Aware": false,
        "Startup Cost": 100756.05,
        "Total Cost": 100756.16,
        "Plan Rows": 1,
        "Plan Width": 8,
        "Actual Startup Time": 653.123,
        "Actual Total Time": 666.187,
        "Actual Rows": 2,
        "Actual Loops": 1,
        "Workers Planned": 1,
        "Workers Launched": 1,
        "Single Copy": false,
        "Plans": [
          {
            "Node Type": "Aggregate",
            "Strategy": "Plain",
            "Partial Mode": "Partial",
            "Parent Relationship": "Outer",
            "Parallel Aware": false,
            "Startup Cost": 99756.05,
            "Total Cost": 99756.06,
            "Plan Rows": 1,
            "Plan Width": 8,
            "Actual Startup Time": 646.814,
            "Actual Total Time": 646.819,
            "Actual Rows": 1,
            "Actual Loops": 2,
            "Plans": [
              {
                "Node Type": "Hash Join",
                "Parent Relationship": "Outer",
                "Parallel Aware": true,
                "Join Type": "Inner",
                "Startup Cost": 38167.91,
                "Total Cost": 99331.76,
                "Plan Rows": 169718,
                "Plan Width": 0,
                "Actual Startup Time": 205.94,
                "Actual Total Time": 634.29,
                "Actual Rows": 294508,
                "Actual Loops": 2,
                "Inner Unique": false,
                "Hash Cond": "(t.id = mc.movie_id)",
                "Plans": [
                  {
                    "Node Type": "Seq Scan",
                    "Parent Relationship": "Outer",
                    "Parallel Aware": true,
                    "Relation Name": "title",
                    "Alias": "t",
                    "Startup Cost": 0.0,
                    "Total Cost": 50870.31,
                    "Plan Rows": 1487231,
                    "Plan Width": 4,
                    "Actual Startup Time": 0.011,
                    "Actual Total Time": 123.098,
                    "Actual Rows": 1264156,
                    "Actual Loops": 2
                  },
                  {
                    "Node Type": "Hash",
                    "Parent Relationship": "Inner",
                    "Parallel Aware": true,
                    "Startup Cost": 36046.44,
                    "Total Cost": 36046.44,
                    "Plan Rows": 169718,
                    "Plan Width": 4,
                    "Actual Startup Time": 200.41,
                    "Actual Total Time": 200.411,
                    "Actual Rows": 294508,
                    "Actual Loops": 2,
                    "Hash Buckets": 1048576,
                    "Original Hash Buckets": 524288,
                    "Hash Batches": 1,
                    "Original Hash Batches": 1,
                    "Peak Memory Usage": 35392,
                    "Plans": [
                      {
                        "Node Type": "Bitmap Heap Scan",
                        "Parent Relationship": "Outer",
                        "Parallel Aware": true,
                        "Relation Name": "movie_companies",
                        "Alias": "mc",
                        "Startup Cost": 12242.45,
                        "Total Cost": 36046.44,
                        "Plan Rows": 169718,
                        "Plan Width": 4,
                        "Actual Startup Time": 50.313,
                        "Actual Total Time": 111.147,
                        "Actual Rows": 294508,
                        "Actual Loops": 2,
                        "Recheck Cond": "(company_id > 70577)",
                        "Rows Removed by Index Recheck": 0,
                        "Filter": "(company_type_id > 1)",
                        "Rows Removed by Filter": 158,
                        "Exact Heap Blocks": 4555,
                        "Lossy Heap Blocks": 0,
                        "Plans": [
                          {
                            "Node Type": "Bitmap Index Scan",
                            "Parent Relationship": "Outer",
                            "Parallel Aware": false,
                            "Index Name": "company_id_movie_companies",
                            "Startup Cost": 0.0,
                            "Total Cost": 12170.32,
                            "Plan Rows": 568252,
                            "Plan Width": 0,
                            "Actual Startup Time": 49.423,
                            "Actual Total Time": 49.423,
                            "Actual Rows": 589332,
                            "Actual Loops": 1,
                            "Index Cond": "(company_id > 70577)"
                          }
                        ]
                      }
                    ]
                  }
                ]
              }
            ]
          }
        ]
      }
    ]
  },
  "Planning Time": 0.711,
  "Triggers": [],
  "Execution Time": 666.285
}