[
  {
    "Plan": {
      "Node Type": "Aggregate",
      "Strategy": "Plain",
      "Partial Mode": "Finalize",
      "Parallel Aware": false,
      "Startup Cost": 46497.85,
      "Total Cost": 46497.86,
      "Plan Rows": 1,
      "Plan Width": 8,
      "Actual Startup Time": 94.103,
      "Actual Total Time": 105.605,
      "Actual Rows": 1,
      "Actual Loops": 1,
      "Plans": [
        {
          "Node Type": "Gather",
          "Parent Relationship": "Outer",
          "Parallel Aware": false,
          "Startup Cost": 46497.43,
          "Total Cost": 46497.84,
          "Plan Rows": 4,
          "Plan Width": 8,
          "Actual Startup Time": 93.808,
          "Actual Total Time": 105.597,
          "Actual Rows": 5,
          "Actual Loops": 1,
          "Workers Planned": 4,
          "Workers Launched": 4,
          "Single Copy": false,
          "Plans": [
            {
              "Node Type": "Aggregate",
              "Strategy": "Plain",
              "Partial Mode": "Partial",
              "Parent Relationship": "Outer",
              "Parallel Aware": false,
              "Startup Cost": 45497.43,
              "Total Cost": 45497.44,
              "Plan Rows": 1,
              "Plan Width": 8,
              "Actual Startup Time": 85.403,
              "Actual Total Time": 85.404,
              "Actual Rows": 1,
              "Actual Loops": 5,
              "Plans": [
                {
                  "Node Type": "Seq Scan",
                  "Parent Relationship": "Outer",
                  "Parallel Aware": true,
                  "Relation Name": "title",
                  "Alias": "t",
                  "Startup Cost": 0.0,
                  "Total Cost": 45479.1,
                  "Plan Rows": 7334,
                  "Plan Width": 0,
                  "Actual Startup Time": 55.86,
                  "Actual Total Time": 85.142,
                  "Actual Rows": 3223,
                  "Actual Loops": 5,
                  "Filter": "((kind_id < 2) AND (production_year = 2006))",
                  "Rows Removed by Filter": 502439
                }
              ]
            }
          ]
        }
      ]
    },
    "Planning Time": 0.186,
    "Triggers": [],
    "Execution Time": 105.663
  }
]