[
  {
    "Plan": {
      "Node Type": "Aggregate",
      "Strategy": "Plain",
      "Partial Mode": "Finalize",
      "Parallel Aware": false,
      "Startup Cost": 342110.4,
      "Total Cost": 342110.41,
      "Plan Rows": 1,
      "Plan Width": 8,
      "Actual Startup Time": 855.698,
      "Actual Total Time": 910.276,
      "Actual Rows": 1,
      "Actual Loops": 1,
      "Plans": [
        {
          "Node Type": "Gather",
          "Parent Relationship": "Outer",
          "Parallel Aware": false,
          "Startup Cost": 342109.77,
          "Total Cost": 342110.38,
          "Plan Rows": 6,
          "Plan Width": 8,
          "Actual Startup Time": 855.563,
          "Actual Total Time": 910.266,
          "Actual Rows": 7,
          "Actual Loops": 1,
          "Workers Planned": 6,
          "Workers Launched": 6,
          "Single Copy": false,
          "Plans": [
            {
              "Node Type": "Aggregate",
              "Strategy": "Plain",
              "Partial Mode": "Partial",
              "Parent Relationship": "Outer",
              "Parallel Aware": false,
              "Startup Cost": 341109.77,
              "Total Cost": 341109.78,
              "Plan Rows": 1,
              "Plan Width": 8,
              "Actual Startup Time": 846.559,
              "Actual Total Time": 846.56,
              "Actual Rows": 1,
              "Actual Loops": 7,
              "Plans": [
                {
                  "Node Type": "Seq Scan",
                  "Parent Relationship": "Outer",
                  "Parallel Aware": true,
                  "Relation Name": "cast_info",
                  "Alias": "ci",
                  "Startup Cost": 0.0,
                  "Total Cost": 328162.03,
                  "Plan Rows": 5179099,
                  "Plan Width": 0,
                  "Actual Startup Time": 0.048,
                  "Actual Total Time": 648.74,
                  "Actual Rows": 4464899,
                  "Actual Loops": 7,
                  "Filter": "(person_id < 3171183)",
                  "Rows Removed by Filter": 712864
                }
              ]
            }
          ]
        }
      ]
    },
    "Planning Time": 0.198,
    "Triggers": [],
    "Execution Time": 910.347
  }
]