[
  {
    "Plan": {
      "Node Type": "Aggregate",
      "Strategy": "Plain",
      "Partial Mode": "Simple",
      "Parallel Aware": false,
      "Startup Cost": 987.85,
      "Total Cost": 987.86,
      "Plan Rows": 1,
      "Plan Width": 8,
      "Actual Startup Time": 0.386,
      "Actual Total Time": 0.388,
      "Actual Rows": 1,
      "Actual Loops": 1,
      "Plans": [
        {
          "Node Type": "Index Scan",
          "Parent Relationship": "Outer",
          "Parallel Aware": false,
          "Scan Direction": "Forward",
          "Index Name": "person_id_cast_info",
          "Relation Name": "cast_info",
          "Alias": "ci",
          "Startup Cost": 0.56,
          "Total Cost": 987.07,
          "Plan Rows": 315,
          "Plan Width": 0,
          "Actual Startup Time": 0.293,
          "Actual Total Time": 0.362,
          "Actual Rows": 101,
          "Actual Loops": 1,
          "Index Cond": "(person_id = 530271)",
          "Rows Removed by Index Recheck": 0,
          "Filter": "(role_id > 1)",
          "Rows Removed by Filter": 7
        }
      ]
    },
    "Planning Time": 0.272,
    "Triggers": [],
    "Execution Time": 0.442
  }
]