[
  {
    "Plan": {
      "Node Type": "Aggregate",
      "Strategy": "Plain",
      "Partial Mode": "Finalize",
      "Parallel Aware": false,
      "Startup Cost": 443864.54,
      "Total Cost": 443864.55,
      "Plan Rows": 1,
      "Plan Width": 8,
      "Actual Startup Time": 1678.211,
      "Actual Total Time": 1747.488,
      "Actual Rows": 1,
      "Actual Loops": 1,
      "Plans": [
        {
          "Node Type": "Gather",
          "Parent Relationship": "Outer",
          "Parallel Aware": false,
          "Startup Cost": 443863.91,
          "Total Cost": 443864.52,
          "Plan Rows": 6,
          "Plan Width": 8,
          "Actual Startup Time": 1668.454,
          "Actual Total Time": 1747.476,
          "Actual Rows": 7,
          "Actual Loops": 1,
          "Workers Planned": 6,
          "Workers Launched": 6,
          "Single Copy": false,
          "Plans": [
            {
              "Node Type": "Aggregate",
              "Strategy": "Plain",
              "Partial Mode": "Partial",
              "Parent Relationship": "Outer",
              "Parallel Aware": false,
              "Startup Cost": 442863.91,
              "Total Cost": 442863.92,
              "Plan Rows": 1,
              "Plan Width": 8,
              "Actual Startup Time": 1656.498,
              "Actual Total Time": 1656.6,
              "Actual Rows": 1,
              "Actual Loops": 7,
              "Plans": [
                {
                  "Node Type": "Hash Join",
                  "Parent Relationship": "Outer",
                  "Parallel Aware": true,
                  "Join Type": "Inner",
                  "Startup Cost": 81727.28,
                  "Total Cost": 439984.47,
                  "Plan Rows": 1151776,
                  "Plan Width": 0,
                  "Actual Startup Time": 514.292,
                  "Actual Total Time": 1603.119,
                  "Actual Rows": 1191318,
                  "Actual Loops": 7,
                  "Inner Unique": false,
                  "Hash Cond": "(ci.movie_id = t.id)",
                  "Plans": [
                    {
                      "Node Type": "Seq Scan",
                      "Parent Relationship": "Outer",
                      "Parallel Aware": true,
                      "Relation Name": "cast_info",
                      "Alias": "ci",
                      "Startup Cost": 0.0,
                      "Total Cost": 343257.03,
                      "Plan Rows": 3009268,
                      "Plan Width": 4,
                      "Actual Startup Time": 208.348,
                      "Actual Total Time": 704.916,
                      "Actual Rows": 3016864,
                      "Actual Loops": 7,
                      "Filter": "((person_id > 868187) AND (role_id > 1))",
                      "Rows Removed by Filter": 2160900
                    },
                    {
                      "Node Type": "Hash",
                      "Parent Relationship": "Inner",
                      "Parallel Aware": true,
                      "Startup Cost": 77825.31,
                      "Total Cost": 77825.31,
                      "Plan Rows": 312157,
                      "Plan Width": 8,
                      "Actual Startup Time": 302.808,
                      "Actual Total Time": 302.909,
                      "Actual Rows": 91897,
                      "Actual Loops": 7,
                      "Hash Buckets": 1048576,
                      "Original Hash Buckets": 1048576,
                      "Hash Batches": 1,
                      "Original Hash Batches": 1,
                      "Peak Memory Usage": 33440,
                      "Plans": [
                        {
                          "Node Type": "Hash Join",
                          "Parent Relationship": "Outer",
                          "Parallel Aware": true,
                          "Join Type": "Inner",
                          "Startup Cost": 48409.42,
                          "Total Cost": 77825.31,
                          "Plan Rows": 312157,
                          "Plan Width": 8,
                          "Actual Startup Time": 139.985,
                          "Actual Total Time": 265.881,
                          "Actual Rows": 91897,
                          "Actual Loops": 7,
                          "Inner Unique": true,
                          "Hash Cond": "(mc.movie_id = t.id)",
                          "Plans": [
                            {
                              "Node Type": "Seq Scan",
                              "Parent Relationship": "Outer",
                              "Parallel Aware": true,
                              "Relation Name": "movie_companies",
                              "Alias": "mc",
                              "Startup Cost": 0.0,
                              "Total Cost": 27206.55,
                              "Plan Rows": 841655,
                              "Plan Width": 4,
                              "Actual Startup Time": 0.018,
                              "Actual Total Time": 40.646,
                              "Actual Rows": 372733,
                              "Actual Loops": 7
                            },
                            {
                              "Node Type": "Hash",
                              "Parent Relationship": "Inner",
                              "Parallel Aware": true,
                              "Startup Cost": 45479.1,
                              "Total Cost": 45479.1,
                              "Plan Rows": 234426,
                              "Plan Width": 4,
                              "Actual Startup Time": 138.381,
                              "Actual Total Time": 138.382,
                              "Actual Rows": 124373,
                              "Actual Loops": 7,
                              "Hash Buckets": 1048576,
                              "Original Hash Buckets": 1048576,
                              "Hash Batches": 1,
                              "Original Hash Batches": 1,
                              "Peak Memory Usage": 42336,
                              "Plans": [
                                {
                                  "Node Type": "Seq Scan",
                                  "Parent Relationship": "Outer",
                                  "Parallel Aware": true,
                                  "Relation Name": "title",
                                  "Alias": "t",
                                  "Startup Cost": 0.0,
                                  "Total Cost": 45479.1,
                                  "Plan Rows": 234426,
                                  "Plan Width": 4,
                                  "Actual Startup Time": 0.041,
                                  "Actual Total Time": 79.367,
                                  "Actual Rows": 124373,
                                  "Actual Loops": 7,
                                  "Filter": "((kind_id > 2) AND (production_year < 2005))",
                                  "Rows Removed by Filter": 236815
                                }
                              ]
                            }
                          ]
                        }
                      ]
                    }
                  ]
                }
              ]
            }
          ]
        }
      ]
    },
    "Planning Time": 1.545,
    "Triggers": [],
    "Execution Time": 1747.592
  }
]