[
  {
    "Plan": {
      "Node Type": "Aggregate",
      "Strategy": "Plain",
      "Partial Mode": "Finalize",
      "Parallel Aware": false,
      "Startup Cost": 349814.5,
      "Total Cost": 349814.51,
      "Plan Rows": 1,
      "Plan Width": 8,
      "Actual Startup Time": 757.758,
      "Actual Total Time": 801.775,
      "Actual Rows": 1,
      "Actual Loops": 1,
      "Plans": [
        {
          "Node Type": "Gather",
          "Parent Relationship": "Outer",
          "Parallel Aware": false,
          "Startup Cost": 349813.87,
          "Total Cost": 349814.48,
          "Plan Rows": 6,
          "Plan Width": 8,
          "Actual Startup Time": 757.624,
          "Actual Total Time": 801.762,
          "Actual Rows": 7,
          "Actual Loops": 1,
          "Workers Planned": 6,
          "Workers Launched": 6,
          "Single Copy": false,
          "Plans": [
            {
              "Node Type": "Aggregate",
              "Strategy": "Plain",
              "Partial Mode": "Partial",
              "Parent Relationship": "Outer",
              "Parallel Aware": false,
              "Startup Cost": 348813.87,
              "Total Cost": 348813.88,
              "Plan Rows": 1,
              "Plan Width": 8,
              "Actual Startup Time": 749.619,
              "Actual Total Time": 749.62,
              "Actual Rows": 1,
              "Actual Loops": 7,
              "Plans": [
                {
                  "Node Type": "Seq Scan",
                  "Parent Relationship": "Outer",
                  "Parallel Aware": true,
                  "Relation Name": "cast_info",
                  "Alias": "ci",
                  "Startup Cost": 0.0,
                  "Total Cost": 343316.27,
                  "Plan Rows": 2199041,
                  "Plan Width": 0,
                  "Actual Startup Time": 339.432,
                  "Actual Total Time": 657.204,
                  "Actual Rows": 2040855,
                  "Actual Loops": 7,
                  "Filter": "((person_id > 632541) AND (role_id > 2))",
                  "Rows Removed by Filter": 3136909
                }
              ]
            }
          ]
        }
      ]
    },
    "Planning Time": 0.185,
    "Triggers": [],
    "Execution Time": 801.836
  }
]