[
  {
    "Plan": {
      "Node Type": "Aggregate",
      "Strategy": "Plain",
      "Partial Mode": "Finalize",
      "Parallel Aware": false,
      "Startup Cost": 341638.52,
      "Total Cost": 341638.53,
      "Plan Rows": 1,
      "Plan Width": 8,
      "Actual Startup Time": 815.458,
      "Actual Total Time": 865.394,
      "Actual Rows": 1,
      "Actual Loops": 1,
      "Plans": [
        {
          "Node Type": "Gather",
          "Parent Relationship": "Outer",
          "Parallel Aware": false,
          "Startup Cost": 341637.89,
          "Total Cost": 341638.5,
          "Plan Rows": 6,
          "Plan Width": 8,
          "Actual Startup Time": 815.301,
          "Actual Total Time": 865.381,
          "Actual Rows": 7,
          "Actual Loops": 1,
          "Workers Planned": 6,
          "Workers Launched": 6,
          "Single Copy": false,
          "Plans": [
            {
              "Node Type": "Aggregate",
              "Strategy": "Plain",
              "Partial Mode": "Partial",
              "Parent Relationship": "Outer",
              "Parallel Aware": false,
              "Startup Cost": 340637.89,
              "Total Cost": 340637.9,
              "Plan Rows": 1,
              "Plan Width": 8,
              "Actual Startup Time": 808.193,
              "Actual Total Time": 808.195,
              "Actual Rows": 1,
              "Actual Loops": 7,
              "Plans": [
                {
                  "Node Type": "Seq Scan",
                  "Parent Relationship": "Outer",
                  "Parallel Aware": true,
                  "Relation Name": "cast_info",
                  "Alias": "ci",
                  "Startup Cost": 0.0,
                  "Total Cost": 328211.39,
                  "Plan Rows": 4970600,
                  "Plan Width": 0,
                  "Actual Startup Time": 0.044,
                  "Actual Total Time": 617.632,
                  "Actual Rows": 4270122,
                  "Actual Loops": 7,
                  "Filter": "(person_id < 3018323)",
                  "Rows Removed by Filter": 907642
                }
              ]
            }
          ]
        }
      ]
    },
    "Planning Time": 0.101,
    "Triggers": [],
    "Execution Time": 865.442
  }
]