[
  {
    "Plan": {
      "Node Type": "Aggregate",
      "Strategy": "Plain",
      "Partial Mode": "Finalize",
      "Parallel Aware": false,
      "Startup Cost": 45150.57,
      "Total Cost": 45150.58,
      "Plan Rows": 1,
      "Plan Width": 8,
      "Actual Startup Time": 139.16,
      "Actual Total Time": 148.782,
      "Actual Rows": 1,
      "Actual Loops": 1,
      "Plans": [
        {
          "Node Type": "Gather",
          "Parent Relationship": "Outer",
          "Parallel Aware": false,
          "Startup Cost": 45150.26,
          "Total Cost": 45150.57,
          "Plan Rows": 3,
          "Plan Width": 8,
          "Actual Startup Time": 139.055,
          "Actual Total Time": 148.774,
          "Actual Rows": 4,
          "Actual Loops": 1,
          "Workers Planned": 3,
          "Workers Launched": 3,
          "Single Copy": false,
          "Plans": [
            {
              "Node Type": "Aggregate",
              "Strategy": "Plain",
              "Partial Mode": "Partial",
              "Parent Relationship": "Outer",
              "Parallel Aware": false,
              "Startup Cost": 44150.26,
              "Total Cost": 44150.27,
              "Plan Rows": 1,
              "Plan Width": 8,
              "Actual Startup Time": 132.816,
              "Actual Total Time": 132.817,
              "Actual Rows": 1,
              "Actual Loops": 4,
              "Plans": [
                {
                  "Node Type": "Seq Scan",
                  "Parent Relationship": "Outer",
                  "Parallel Aware": true,
                  "Relation Name": "movie_keyword",
                  "Alias": "mk",
                  "Startup Cost": 0.0,
                  "Total Cost": 42695.65,
                  "Plan Rows": 581841,
                  "Plan Width": 0,
                  "Actual Startup Time": 0.923,
                  "Actual Total Time": 111.536,
                  "Actual Rows": 452474,
                  "Actual Loops": 4,
                  "Filter": "(keyword_id > 7667)",
                  "Rows Removed by Filter": 678508
                }
              ]
            }
          ]
        }
      ]
    },
    "Planning Time": 0.148,
    "Triggers": [],
    "Execution Time": 148.838
  }
]