{
  "Plan": {
    "Node Type": "Aggregate",
    "Strategy": "Plain",
    "Partial Mode": "Finalize",
    "Parallel Aware": false,
    "Startup Cost": 98774.48,
    "Total Cost": 98774.49,
    "Plan Rows": 1,
    "Plan Width": 8,
    "Actual Startup Time": 195.964,
    "Actual Total Time": 209.366,
    "Actual Rows": 1,
    "Actual Loops": 1,
    "Plans": [
      {
        "Node Type": "Gather",
        "Parent Relationship": "Outer",
        "Parallel Aware": false,
        "Startup Cost": 98774.37,
        "Total Cost": 98774.48,
        "Plan Rows": 1,
        "Plan Width": 8,
        "Actual Startup Time": 195.531,
        "Actual Total Time": 209.359,
        "Actual Rows": 2,
        "Actual Loops": 1,
        "Workers Planned": 1,
        "Workers Launched": 1,
        "Single Copy": false,
        "Plans": [
          {
            "Node Type": "Aggregate",
            "Strategy": "Plain",
            "Partial Mode": "Partial",
            "Parent Relationship": "Outer",
            "Parallel Aware": false,
            "Startup Cost": 97774.37,
            "Total Cost": 97774.38,
            "Plan Rows": 1,
            "Plan Width": 8,
            "Actual Startup Time": 189.622,
            "Actual Total Time": 189.627,
            "Actual Rows": 1,
            "Actual Loops": 2,
            "Plans": [
              {
                "Node Type": "Nested Loop",
                "Parent Relationship": "Outer",
                "Parallel Aware": false,
                "Join Type": "Inner",
                "Startup Cost": 59654.8,
                "Total Cost": 97751.72,
                "Plan Rows": 9061,
                "Plan Width": 0,
                "Actual Startup Time": 169.333,
                "Actual Total Time": 189.511,
                "Actual Rows": 1934,
                "Actual Loops": 2,
                "Inner Unique": false,
                "Plans": [
                  {
                    "Node Type": "Hash Join",
                    "Parent Relationship": "Outer",
                    "Parallel Aware": true,
                    "Join Type": "Inner",
                    "Startup Cost": 59654.23,
                    "Total Cost": 85433.45,
                    "Plan Rows": 632,
                    "Plan Width": 8,
                    "Actual Startup Time": 169.269,
                    "Actual Total Time": 186.255,
                    "Actual Rows": 19,
                    "Actual Loops": 2,
                    "Inner Unique": true,
                    "Hash Cond": "(mk.movie_id = t.id)",
                    "Plans": [
                      {
                        "Node Type": "Bitmap Heap Scan",
                        "Parent Relationship": "Outer",
                        "Parallel Aware": true,
                        "Relation Name": "movie_keyword",
                        "Alias": "mk",
                        "Startup Cost": 843.67,
                        "Total Cost": 26561.67,
                        "Plan Rows": 23319,
                        "Plan Width": 4,
                        "Actual Startup Time": 6.843,
                        "Actual Total Time": 25.599,
                        "Actual Rows": 20047,
                        "Actual Loops": 2,
                        "Recheck Cond": "(keyword_id > 104559)",
                        "Rows Removed by Index Recheck": 0,
                        "Exact Heap Blocks": 7378,
                        "Lossy Heap Blocks": 0,
                        "Plans": [
                          {
                            "Node Type": "Bitmap Index Scan",
                            "Parent Relationship": "Outer",
                            "Parallel Aware": false,
                            "Index Name": "keyword_id_movie_keyword",
                            "Startup Cost": 0.0,
                            "Total Cost": 833.75,
                            "Plan Rows": 39643,
                            "Plan Width": 0,
                            "Actual Startup Time": 4.872,
                            "Actual Total Time": 4.872,
                            "Actual Rows": 40094,
                            "Actual Loops": 1,
                            "Index Cond": "(keyword_id > 104559)"
                          }
                        ]
                      },
                      {
                        "Node Type": "Hash",
                        "Parent Relationship": "Inner",
                        "Parallel Aware": true,
                        "Startup Cost": 58306.47,
                        "Total Cost": 58306.47,
                        "Plan Rows": 40328,
                        "Plan Width": 4,
                        "Actual Startup Time": 155.325,
                        "Actual Total Time": 155.326,
                        "Actual Rows": 37486,
                        "Actual Loops": 2,
                        "Hash Buckets": 131072,
                        "Original Hash Buckets": 131072,
                        "Hash Batches": 1,
                        "Original Hash Batches": 1,
                        "Peak Memory Usage": 3968,
                        "Plans": [
                          {
                            "Node Type": "Seq Scan",
                            "Parent Relationship": "Outer",
                            "Parallel Aware": true,
                            "Relation Name": "title",
                            "Alias": "t",
                            "Startup Cost": 0.0,
                            "Total Cost": 58306.47,
                            "Plan Rows": 40328,
                            "Plan Width": 4,
                            "Actual Startup Time": 0.044,
                            "Actual Total Time": 142.951,
                            "Actual Rows": 37486,
                            "Actual Loops": 2,
                            "Filter": "((kind_id > 4) AND (production_year = 2006))",
                            "Rows Removed by Filter": 1226670
                          }
                        ]
                      }
                    ]
                  },
                  {
                    "Node Type": "Index Only Scan",
                    "Parent Relationship": "Inner",
                    "Parallel Aware": false,
                    "Scan Direction": "Forward",
                    "Index Name": "movie_id_cast_info",
                    "Relation Name": "cast_info",
                    "Alias": "ci",
                    "Startup Cost": 0.56,
                    "Total Cost": 19.12,
                    "Plan Rows": 37,
                    "Plan Width": 4,
                    "Actual Startup Time": 0.014,
                    "Actual Total Time": 0.162,
                    "Actual Rows": 102,
                    "Actual Loops": 38,
                    "Index Cond": "(movie_id = t.id)",
                    "Rows Removed by Index Recheck": 0,
                    "Heap Fetches": 3868
                  }
                ]
              }
            ]
          }
        ]
      }
    ]
  },
  "Planning Time": 0.717,
  "Triggers": [],
  "Execution Time": 209.44
}