[
  {
    "Plan": {
      "Node Type": "Aggregate",
      "Strategy": "Plain",
      "Partial Mode": "Finalize",
      "Parallel Aware": false,
      "Startup Cost": 68572.51,
      "Total Cost": 68572.52,
      "Plan Rows": 1,
      "Plan Width": 8,
      "Actual Startup Time": 119.005,
      "Actual Total Time": 134.757,
      "Actual Rows": 1,
      "Actual Loops": 1,
      "Plans": [
        {
          "Node Type": "Gather",
          "Parent Relationship": "Outer",
          "Parallel Aware": false,
          "Startup Cost": 68572.09,
          "Total Cost": 68572.5,
          "Plan Rows": 4,
          "Plan Width": 8,
          "Actual Startup Time": 118.873,
          "Actual Total Time": 134.747,
          "Actual Rows": 5,
          "Actual Loops": 1,
          "Workers Planned": 4,
          "Workers Launched": 4,
          "Single Copy": false,
          "Plans": [
            {
              "Node Type": "Aggregate",
              "Strategy": "Plain",
              "Partial Mode": "Partial",
              "Parent Relationship": "Outer",
              "Parallel Aware": false,
              "Startup Cost": 67572.09,
              "Total Cost": 67572.1,
              "Plan Rows": 1,
              "Plan Width": 8,
              "Actual Startup Time": 108.762,
              "Actual Total Time": 108.764,
              "Actual Rows": 1,
              "Actual Loops": 5,
              "Plans": [
                {
                  "Node Type": "Nested Loop",
                  "Parent Relationship": "Outer",
                  "Parallel Aware": false,
                  "Join Type": "Inner",
                  "Startup Cost": 0.43,
                  "Total Cost": 67566.28,
                  "Plan Rows": 2326,
                  "Plan Width": 0,
                  "Actual Startup Time": 62.993,
                  "Actual Total Time": 108.383,
                  "Actual Rows": 3071,
                  "Actual Loops": 5,
                  "Inner Unique": false,
                  "Plans": [
                    {
                      "Node Type": "Seq Scan",
                      "Parent Relationship": "Outer",
                      "Parallel Aware": true,
                      "Relation Name": "title",
                      "Alias": "t",
                      "Startup Cost": 0.0,
                      "Total Cost": 43898.92,
                      "Plan Rows": 2254,
                      "Plan Width": 4,
                      "Actual Startup Time": 62.879,
                      "Actual Total Time": 89.987,
                      "Actual Rows": 1554,
                      "Actual Loops": 5,
                      "Filter": "(production_year = 1912)",
                      "Rows Removed by Filter": 504108
                    },
                    {
                      "Node Type": "Index Only Scan",
                      "Parent Relationship": "Inner",
                      "Parallel Aware": false,
                      "Scan Direction": "Forward",
                      "Index Name": "movie_id_movie_companies",
                      "Relation Name": "movie_companies",
                      "Alias": "mc",
                      "Startup Cost": 0.43,
                      "Total Cost": 10.45,
                      "Plan Rows": 5,
                      "Plan Width": 4,
                      "Actual Startup Time": 0.009,
                      "Actual Total Time": 0.011,
                      "Actual Rows": 2,
                      "Actual Loops": 7770,
                      "Index Cond": "(movie_id = t.id)",
                      "Rows Removed by Index Recheck": 0,
                      "Heap Fetches": 15354
                    }
                  ]
                }
              ]
            }
          ]
        }
      ]
    },
    "Planning Time": 0.651,
    "Triggers": [],
    "Execution Time": 134.843
  }
]