[
    {
        "Bao": {
            "Bao prediction": "NaN",
            "Bao recommended hint": "(no hint)"
        }
    },
    {
        "Plan": {
            "Node Type": "Aggregate",
            "Strategy": "Plain",
            "Partial Mode": "Finalize",
            "Parallel Aware": false,
            "Startup Cost": 333493.21,
            "Total Cost": 333493.22,
            "Plan Rows": 1,
            "Plan Width": 8,
            "Actual Startup Time": 679.752,
            "Actual Total Time": 712.198,
            "Actual Rows": 1,
            "Actual Loops": 1,
            "Output": [
                "count(*)"
            ],
            "Plans": [
                {
                    "Node Type": "Gather",
                    "Parent Relationship": "Outer",
                    "Parallel Aware": false,
                    "Startup Cost": 333492.58,
                    "Total Cost": 333493.19,
                    "Plan Rows": 6,
                    "Plan Width": 8,
                    "Actual Startup Time": 679.586,
                    "Actual Total Time": 712.152,
                    "Actual Rows": 7,
                    "Actual Loops": 1,
                    "Output": [
                        "(PARTIAL count(*))"
                    ],
                    "Workers Planned": 6,
                    "Workers Launched": 6,
                    "Single Copy": false,
                    "Plans": [
                        {
                            "Node Type": "Aggregate",
                            "Strategy": "Plain",
                            "Partial Mode": "Partial",
                            "Parent Relationship": "Outer",
                            "Parallel Aware": false,
                            "Startup Cost": 332492.58,
                            "Total Cost": 332492.59,
                            "Plan Rows": 1,
                            "Plan Width": 8,
                            "Actual Startup Time": 669.967,
                            "Actual Total Time": 669.969,
                            "Actual Rows": 1,
                            "Actual Loops": 7,
                            "Output": [
                                "PARTIAL count(*)"
                            ],
                            "Workers": [
                                {
                                    "Worker Number": 0,
                                    "Actual Startup Time": 667.652,
                                    "Actual Total Time": 667.653,
                                    "Actual Rows": 1,
                                    "Actual Loops": 1
                                },
                                {
                                    "Worker Number": 1,
                                    "Actual Startup Time": 668.035,
                                    "Actual Total Time": 668.036,
                                    "Actual Rows": 1,
                                    "Actual Loops": 1
                                },
                                {
                                    "Worker Number": 2,
                                    "Actual Startup Time": 668.08,
                                    "Actual Total Time": 668.081,
                                    "Actual Rows": 1,
                                    "Actual Loops": 1
                                },
                                {
                                    "Worker Number": 3,
                                    "Actual Startup Time": 668.745,
                                    "Actual Total Time": 668.746,
                                    "Actual Rows": 1,
                                    "Actual Loops": 1
                                },
                                {
                                    "Worker Number": 4,
                                    "Actual Startup Time": 668.901,
                                    "Actual Total Time": 668.902,
                                    "Actual Rows": 1,
                                    "Actual Loops": 1
                                },
                                {
                                    "Worker Number": 5,
                                    "Actual Startup Time": 669.186,
                                    "Actual Total Time": 669.187,
                                    "Actual Rows": 1,
                                    "Actual Loops": 1
                                }
                            ],
                            "Plans": [
                                {
                                    "Node Type": "Seq Scan",
                                    "Parent Relationship": "Outer",
                                    "Parallel Aware": true,
                                    "Relation Name": "cast_info",
                                    "Schema": "public",
                                    "Alias": "ci",
                                    "Startup Cost": 0.0,
                                    "Total Cost": 328213.62,
                                    "Plan Rows": 1711587,
                                    "Plan Width": 0,
                                    "Actual Startup Time": 304.26,
                                    "Actual Total Time": 592.251,
                                    "Actual Rows": 1470779,
                                    "Actual Loops": 7,
                                    "Output": [
                                        "id",
                                        "person_id",
                                        "movie_id",
                                        "person_role_id",
                                        "note",
                                        "nr_order",
                                        "role_id"
                                    ],
                                    "Filter": "(ci.person_id > 2682229)",
                                    "Rows Removed by Filter": 3706985,
                                    "Workers": [
                                        {
                                            "Worker Number": 0,
                                            "Actual Startup Time": 301.949,
                                            "Actual Total Time": 592.499,
                                            "Actual Rows": 1132828,
                                            "Actual Loops": 1
                                        },
                                        {
                                            "Worker Number": 1,
                                            "Actual Startup Time": 302.331,
                                            "Actual Total Time": 593.317,
                                            "Actual Rows": 1787833,
                                            "Actual Loops": 1
                                        },
                                        {
                                            "Worker Number": 2,
                                            "Actual Startup Time": 302.361,
                                            "Actual Total Time": 591.356,
                                            "Actual Rows": 1156047,
                                            "Actual Loops": 1
                                        },
                                        {
                                            "Worker Number": 3,
                                            "Actual Startup Time": 303.045,
                                            "Actual Total Time": 593.308,
                                            "Actual Rows": 1133075,
                                            "Actual Loops": 1
                                        },
                                        {
                                            "Worker Number": 4,
                                            "Actual Startup Time": 303.187,
                                            "Actual Total Time": 595.71,
                                            "Actual Rows": 1786644,
                                            "Actual Loops": 1
                                        },
                                        {
                                            "Worker Number": 5,
                                            "Actual Startup Time": 303.481,
                                            "Actual Total Time": 593.852,
                                            "Actual Rows": 1805416,
                                            "Actual Loops": 1
                                        }
                                    ]
                                }
                            ]
                        }
                    ]
                }
            ]
        },
        "Planning Time": 281.849,
        "Triggers": [],
        "Execution Time": 712.25
    }
]