[
  {
    "Plan": {
      "Node Type": "Aggregate",
      "Strategy": "Plain",
      "Partial Mode": "Finalize",
      "Parallel Aware": false,
      "Startup Cost": 342674.16,
      "Total Cost": 342674.17,
      "Plan Rows": 1,
      "Plan Width": 8,
      "Actual Startup Time": 913.733,
      "Actual Total Time": 959.321,
      "Actual Rows": 1,
      "Actual Loops": 1,
      "Plans": [
        {
          "Node Type": "Gather",
          "Parent Relationship": "Outer",
          "Parallel Aware": false,
          "Startup Cost": 342673.53,
          "Total Cost": 342674.14,
          "Plan Rows": 6,
          "Plan Width": 8,
          "Actual Startup Time": 913.563,
          "Actual Total Time": 959.3,
          "Actual Rows": 7,
          "Actual Loops": 1,
          "Workers Planned": 6,
          "Workers Launched": 6,
          "Single Copy": false,
          "Plans": [
            {
              "Node Type": "Aggregate",
              "Strategy": "Plain",
              "Partial Mode": "Partial",
              "Parent Relationship": "Outer",
              "Parallel Aware": false,
              "Startup Cost": 341673.53,
              "Total Cost": 341673.54,
              "Plan Rows": 1,
              "Plan Width": 8,
              "Actual Startup Time": 905.172,
              "Actual Total Time": 905.173,
              "Actual Rows": 1,
              "Actual Loops": 7,
              "Plans": [
                {
                  "Node Type": "Seq Scan",
                  "Parent Relationship": "Outer",
                  "Parallel Aware": true,
                  "Relation Name": "cast_info",
                  "Alias": "ci",
                  "Startup Cost": 0.0,
                  "Total Cost": 328211.39,
                  "Plan Rows": 5384857,
                  "Plan Width": 0,
                  "Actual Startup Time": 57.678,
                  "Actual Total Time": 672.027,
                  "Actual Rows": 4592572,
                  "Actual Loops": 7,
                  "Filter": "(person_id > 393874)",
                  "Rows Removed by Filter": 585192
                }
              ]
            }
          ]
        }
      ]
    },
    "Planning Time": 0.084,
    "Triggers": [],
    "Execution Time": 959.367
  }
]