{
  "Plan": {
    "Node Type": "Aggregate",
    "Strategy": "Plain",
    "Partial Mode": "Simple",
    "Parallel Aware": false,
    "Startup Cost": 6251.29,
    "Total Cost": 6251.3,
    "Plan Rows": 1,
    "Plan Width": 96,
    "Actual Startup Time": 47.337,
    "Actual Total Time": 47.345,
    "Actual Rows": 1,
    "Actual Loops": 1,
    "Plans": [
      {
        "Node Type": "Nested Loop",
        "Parent Relationship": "Outer",
        "Parallel Aware": false,
        "Join Type": "Inner",
        "Startup Cost": 12.39,
        "Total Cost": 6251.26,
        "Plan Rows": 4,
        "Plan Width": 60,
        "Actual Startup Time": 47.304,
        "Actual Total Time": 47.326,
        "Actual Rows": 8,
        "Actual Loops": 1,
        "Inner Unique": false,
        "Join Filter": "(ml.link_type_id = lt.id)",
        "Rows Removed by Join Filter": 136,
        "Plans": [
          {
            "Node Type": "Seq Scan",
            "Parent Relationship": "Outer",
            "Parallel Aware": false,
            "Relation Name": "link_type",
            "Alias": "lt",
            "Startup Cost": 0.0,
            "Total Cost": 1.18,
            "Plan Rows": 18,
            "Plan Width": 4,
            "Actual Startup Time": 0.015,
            "Actual Total Time": 0.019,
            "Actual Rows": 18,
            "Actual Loops": 1
          },
          {
            "Node Type": "Materialize",
            "Parent Relationship": "Inner",
            "Parallel Aware": false,
            "Startup Cost": 12.39,
            "Total Cost": 6249.01,
            "Plan Rows": 4,
            "Plan Width": 64,
            "Actual Startup Time": 0.404,
            "Actual Total Time": 2.627,
            "Actual Rows": 8,
            "Actual Loops": 18,
            "Plans": [
              {
                "Node Type": "Nested Loop",
                "Parent Relationship": "Outer",
                "Parallel Aware": false,
                "Join Type": "Inner",
                "Startup Cost": 12.39,
                "Total Cost": 6248.99,
                "Plan Rows": 4,
                "Plan Width": 64,
                "Actual Startup Time": 7.258,
                "Actual Total Time": 47.262,
                "Actual Rows": 8,
                "Actual Loops": 1,
                "Inner Unique": true,
                "Join Filter": "(mc.company_type_id = ct.id)",
                "Rows Removed by Join Filter": 429,
                "Plans": [
                  {
                    "Node Type": "Nested Loop",
                    "Parent Relationship": "Outer",
                    "Parallel Aware": false,
                    "Join Type": "Inner",
                    "Startup Cost": 12.39,
                    "Total Cost": 6247.73,
                    "Plan Rows": 5,
                    "Plan Width": 68,
                    "Actual Startup Time": 7.025,
                    "Actual Total Time": 47.061,
                    "Actual Rows": 151,
                    "Actual Loops": 1,
                    "Inner Unique": true,
                    "Plans": [
                      {
                        "Node Type": "Nested Loop",
                        "Parent Relationship": "Outer",
                        "Parallel Aware": false,
                        "Join Type": "Inner",
                        "Startup Cost": 11.97,
                        "Total Cost": 6245.02,
                        "Plan Rows": 6,
                        "Plan Width": 53,
                        "Actual Startup Time": 7.005,
                        "Actual Total Time": 46.368,
                        "Actual Rows": 157,
                        "Actual Loops": 1,
                        "Inner Unique": false,
                        "Join Filter": "(ml.movie_id = mc.movie_id)",
                        "Rows Removed by Join Filter": 0,
                        "Plans": [
                          {
                            "Node Type": "Nested Loop",
                            "Parent Relationship": "Outer",
                            "Parallel Aware": false,
                            "Join Type": "Inner",
                            "Startup Cost": 11.54,
                            "Total Cost": 6238.06,
                            "Plan Rows": 12,
                            "Plan Width": 33,
                            "Actual Startup Time": 6.985,
                            "Actual Total Time": 46.108,
                            "Actual Rows": 16,
                            "Actual Loops": 1,
                            "Inner Unique": true,
                            "Join Filter": "(ml.movie_id = t.id)",
                            "Rows Removed by Join Filter": 0,
                            "Plans": [
                              {
                                "Node Type": "Nested Loop",
                                "Parent Relationship": "Outer",
                                "Parallel Aware": false,
                                "Join Type": "Inner",
                                "Startup Cost": 11.11,
                                "Total Cost": 6222.49,
                                "Plan Rows": 31,
                                "Plan Width": 12,
                                "Actual Startup Time": 5.351,
                                "Actual Total Time": 43.614,
                                "Actual Rows": 506,
                                "Actual Loops": 1,
                                "Inner Unique": false,
                                "Plans": [
                                  {
                                    "Node Type": "Nested Loop",
                                    "Parent Relationship": "Outer",
                                    "Parallel Aware": false,
                                    "Join Type": "Inner",
                                    "Startup Cost": 10.82,
                                    "Total Cost": 6179.54,
                                    "Plan Rows": 101,
                                    "Plan Width": 4,
                                    "Actual Startup Time": 5.295,
                                    "Actual Total Time": 33.951,
                                    "Actual Rows": 6137,
                                    "Actual Loops": 1,
                                    "Inner Unique": false,
                                    "Plans": [
                                      {
                                        "Node Type": "Seq Scan",
                                        "Parent Relationship": "Outer",
                                        "Parallel Aware": false,
                                        "Relation Name": "keyword",
                                        "Alias": "k",
                                        "Startup Cost": 0.0,
                                        "Total Cost": 2793.84,
                                        "Plan Rows": 3,
                                        "Plan Width": 4,
                                        "Actual Startup Time": 1.114,
                                        "Actual Total Time": 17.314,
                                        "Actual Rows": 2,
                                        "Actual Loops": 1,
                                        "Filter": "(keyword = ANY ('{fight,claw,fight}'::text[]))",
                                        "Rows Removed by Filter": 134168
                                      },
                                      {
                                        "Node Type": "Bitmap Heap Scan",
                                        "Parent Relationship": "Inner",
                                        "Parallel Aware": false,
                                        "Relation Name": "movie_keyword",
                                        "Alias": "mk",
                                        "Startup Cost": 10.82,
                                        "Total Cost": 1125.49,
                                        "Plan Rows": 308,
                                        "Plan Width": 8,
                                        "Actual Startup Time": 2.101,
                                        "Actual Total Time": 7.733,
                                        "Actual Rows": 3068,
                                        "Actual Loops": 2,
                                        "Recheck Cond": "(keyword_id = k.id)",
                                        "Rows Removed by Index Recheck": 0,
                                        "Exact Heap Blocks": 5027,
                                        "Lossy Heap Blocks": 0,
                                        "Plans": [
                                          {
                                            "Node Type": "Bitmap Index Scan",
                                            "Parent Relationship": "Outer",
                                            "Parallel Aware": false,
                                            "Index Name": "keyword_id_movie_keyword",
                                            "Startup Cost": 0.0,
                                            "Total Cost": 10.74,
                                            "Plan Rows": 308,
                                            "Plan Width": 0,
                                            "Actual Startup Time": 1.01,
                                            "Actual Total Time": 1.01,
                                            "Actual Rows": 3068,
                                            "Actual Loops": 2,
                                            "Index Cond": "(keyword_id = k.id)"
                                          }
                                        ]
                                      }
                                    ]
                                  },
                                  {
                                    "Node Type": "Index Scan",
                                    "Parent Relationship": "Inner",
                                    "Parallel Aware": false,
                                    "Scan Direction": "Forward",
                                    "Index Name": "movie_id_movie_link",
                                    "Relation Name": "movie_link",
                                    "Alias": "ml",
                                    "Startup Cost": 0.29,
                                    "Total Cost": 0.38,
                                    "Plan Rows": 5,
                                    "Plan Width": 8,
                                    "Actual Startup Time": 0.001,
                                    "Actual Total Time": 0.001,
                                    "Actual Rows": 0,
                                    "Actual Loops": 6137,
                                    "Index Cond": "(movie_id = mk.movie_id)",
                                    "Rows Removed by Index Recheck": 0
                                  }
                                ]
                              },
                              {
                                "Node Type": "Index Scan",
                                "Parent Relationship": "Inner",
                                "Parallel Aware": false,
                                "Scan Direction": "Forward",
                                "Index Name": "title_pkey",
                                "Relation Name": "title",
                                "Alias": "t",
                                "Startup Cost": 0.43,
                                "Total Cost": 0.49,
                                "Plan Rows": 1,
                                "Plan Width": 21,
                                "Actual Startup Time": 0.004,
                                "Actual Total Time": 0.004,
                                "Actual Rows": 0,
                                "Actual Loops": 506,
                                "Index Cond": "(id = mk.movie_id)",
                                "Rows Removed by Index Recheck": 0,
                                "Filter": "(production_year > 2005)",
                                "Rows Removed by Filter": 1
                              }
                            ]
                          },
                          {
                            "Node Type": "Index Scan",
                            "Parent Relationship": "Inner",
                            "Parallel Aware": false,
                            "Scan Direction": "Forward",
                            "Index Name": "movie_id_movie_companies",
                            "Relation Name": "movie_companies",
                            "Alias": "mc",
                            "Startup Cost": 0.43,
                            "Total Cost": 0.54,
                            "Plan Rows": 3,
                            "Plan Width": 36,
                            "Actual Startup Time": 0.006,
                            "Actual Total Time": 0.013,
                            "Actual Rows": 10,
                            "Actual Loops": 16,
                            "Index Cond": "(movie_id = mk.movie_id)",
                            "Rows Removed by Index Recheck": 0,
                            "Filter": "(note IS NOT NULL)",
                            "Rows Removed by Filter": 2
                          }
                        ]
                      },
                      {
                        "Node Type": "Index Scan",
                        "Parent Relationship": "Inner",
                        "Parallel Aware": false,
                        "Scan Direction": "Forward",
                        "Index Name": "company_name_pkey",
                        "Relation Name": "company_name",
                        "Alias": "cn",
                        "Startup Cost": 0.42,
                        "Total Cost": 0.45,
                        "Plan Rows": 1,
                        "Plan Width": 23,
                        "Actual Startup Time": 0.004,
                        "Actual Total Time": 0.004,
                        "Actual Rows": 1,
                        "Actual Loops": 157,
                        "Index Cond": "(id = mc.company_id)",
                        "Rows Removed by Index Recheck": 0,
                        "Filter": "((country_code)::text <> '[pl]'::text)",
                        "Rows Removed by Filter": 0
                      }
                    ]
                  },
                  {
                    "Node Type": "Materialize",
                    "Parent Relationship": "Inner",
                    "Parallel Aware": false,
                    "Startup Cost": 0.0,
                    "Total Cost": 1.06,
                    "Plan Rows": 3,
                    "Plan Width": 4,
                    "Actual Startup Time": 0.0,
                    "Actual Total Time": 0.001,
                    "Actual Rows": 3,
                    "Actual Loops": 151,
                    "Plans": [
                      {
                        "Node Type": "Seq Scan",
                        "Parent Relationship": "Outer",
                        "Parallel Aware": false,
                        "Relation Name": "company_type",
                        "Alias": "ct",
                        "Startup Cost": 0.0,
                        "Total Cost": 1.05,
                        "Plan Rows": 3,
                        "Plan Width": 4,
                        "Actual Startup Time": 0.015,
                        "Actual Total Time": 0.017,
                        "Actual Rows": 3,
                        "Actual Loops": 1,
                        "Filter": "((kind IS NOT NULL) AND ((kind)::text <> 'distributors'::text))",
                        "Rows Removed by Filter": 1
                      }
                    ]
                  }
                ]
              }
            ]
          }
        ]
      }
    ]
  },
  "Planning Time": 2.125,
  "Triggers": [],
  "Execution Time": 47.521
}