{
  "Plan": {
    "Node Type": "Aggregate",
    "Strategy": "Plain",
    "Partial Mode": "Simple",
    "Parallel Aware": false,
    "Startup Cost": 16825.96,
    "Total Cost": 16825.97,
    "Plan Rows": 1,
    "Plan Width": 64,
    "Actual Startup Time": 87.833,
    "Actual Total Time": 87.835,
    "Actual Rows": 1,
    "Actual Loops": 1,
    "Plans": [
      {
        "Node Type": "Nested Loop",
        "Parent Relationship": "Outer",
        "Parallel Aware": false,
        "Join Type": "Inner",
        "Startup Cost": 11.68,
        "Total Cost": 16825.96,
        "Plan Rows": 1,
        "Plan Width": 23,
        "Actual Startup Time": 7.933,
        "Actual Total Time": 87.628,
        "Actual Rows": 868,
        "Actual Loops": 1,
        "Inner Unique": false,
        "Join Filter": "(mi_idx.info_type_id = it.id)",
        "Rows Removed by Join Filter": 623,
        "Plans": [
          {
            "Node Type": "Seq Scan",
            "Parent Relationship": "Outer",
            "Parallel Aware": false,
            "Relation Name": "info_type",
            "Alias": "it",
            "Startup Cost": 0.0,
            "Total Cost": 2.41,
            "Plan Rows": 1,
            "Plan Width": 4,
            "Actual Startup Time": 0.042,
            "Actual Total Time": 0.045,
            "Actual Rows": 1,
            "Actual Loops": 1,
            "Filter": "((info)::text = 'rating'::text)",
            "Rows Removed by Filter": 112
          },
          {
            "Node Type": "Nested Loop",
            "Parent Relationship": "Inner",
            "Parallel Aware": false,
            "Join Type": "Inner",
            "Startup Cost": 11.68,
            "Total Cost": 16823.18,
            "Plan Rows": 29,
            "Plan Width": 27,
            "Actual Startup Time": 7.885,
            "Actual Total Time": 87.362,
            "Actual Rows": 1491,
            "Actual Loops": 1,
            "Inner Unique": false,
            "Join Filter": "(t.id = mi_idx.movie_id)",
            "Rows Removed by Join Filter": 0,
            "Plans": [
              {
                "Node Type": "Nested Loop",
                "Parent Relationship": "Outer",
                "Parallel Aware": false,
                "Join Type": "Inner",
                "Startup Cost": 11.25,
                "Total Cost": 16691.46,
                "Plan Rows": 257,
                "Plan Width": 25,
                "Actual Startup Time": 7.795,
                "Actual Total Time": 72.137,
                "Actual Rows": 5285,
                "Actual Loops": 1,
                "Inner Unique": true,
                "Plans": [
                  {
                    "Node Type": "Nested Loop",
                    "Parent Relationship": "Outer",
                    "Parallel Aware": false,
                    "Join Type": "Inner",
                    "Startup Cost": 10.82,
                    "Total Cost": 16476.94,
                    "Plan Rows": 438,
                    "Plan Width": 4,
                    "Actual Startup Time": 7.763,
                    "Actual Total Time": 33.579,
                    "Actual Rows": 12951,
                    "Actual Loops": 1,
                    "Inner Unique": false,
                    "Plans": [
                      {
                        "Node Type": "Seq Scan",
                        "Parent Relationship": "Outer",
                        "Parallel Aware": false,
                        "Relation Name": "keyword",
                        "Alias": "k",
                        "Startup Cost": 0.0,
                        "Total Cost": 2626.12,
                        "Plan Rows": 13,
                        "Plan Width": 4,
                        "Actual Startup Time": 2.85,
                        "Actual Total Time": 15.688,
                        "Actual Rows": 30,
                        "Actual Loops": 1,
                        "Filter": "(keyword ~~ '%sequel%'::text)",
                        "Rows Removed by Filter": 134140
                      },
                      {
                        "Node Type": "Bitmap Heap Scan",
                        "Parent Relationship": "Inner",
                        "Parallel Aware": false,
                        "Relation Name": "movie_keyword",
                        "Alias": "mk",
                        "Startup Cost": 10.82,
                        "Total Cost": 1062.37,
                        "Plan Rows": 308,
                        "Plan Width": 8,
                        "Actual Startup Time": 0.177,
                        "Actual Total Time": 0.543,
                        "Actual Rows": 432,
                        "Actual Loops": 30,
                        "Recheck Cond": "(keyword_id = k.id)",
                        "Rows Removed by Index Recheck": 0,
                        "Exact Heap Blocks": 6979,
                        "Lossy Heap Blocks": 0,
                        "Plans": [
                          {
                            "Node Type": "Bitmap Index Scan",
                            "Parent Relationship": "Outer",
                            "Parallel Aware": false,
                            "Index Name": "keyword_id_movie_keyword",
                            "Startup Cost": 0.0,
                            "Total Cost": 10.74,
                            "Plan Rows": 308,
                            "Plan Width": 0,
                            "Actual Startup Time": 0.089,
                            "Actual Total Time": 0.089,
                            "Actual Rows": 432,
                            "Actual Loops": 30,
                            "Index Cond": "(keyword_id = k.id)"
                          }
                        ]
                      }
                    ]
                  },
                  {
                    "Node Type": "Index Scan",
                    "Parent Relationship": "Inner",
                    "Parallel Aware": false,
                    "Scan Direction": "Forward",
                    "Index Name": "title_pkey",
                    "Relation Name": "title",
                    "Alias": "t",
                    "Startup Cost": 0.43,
                    "Total Cost": 0.49,
                    "Plan Rows": 1,
                    "Plan Width": 21,
                    "Actual Startup Time": 0.003,
                    "Actual Total Time": 0.003,
                    "Actual Rows": 0,
                    "Actual Loops": 12951,
                    "Index Cond": "(id = mk.movie_id)",
                    "Rows Removed by Index Recheck": 0,
                    "Filter": "(production_year > 1998)",
                    "Rows Removed by Filter": 1
                  }
                ]
              },
              {
                "Node Type": "Index Scan",
                "Parent Relationship": "Inner",
                "Parallel Aware": false,
                "Scan Direction": "Forward",
                "Index Name": "movie_id_movie_info_idx",
                "Relation Name": "movie_info_idx",
                "Alias": "mi_idx",
                "Startup Cost": 0.43,
                "Total Cost": 0.5,
                "Plan Rows": 1,
                "Plan Width": 14,
                "Actual Startup Time": 0.003,
                "Actual Total Time": 0.003,
                "Actual Rows": 0,
                "Actual Loops": 5285,
                "Index Cond": "(movie_id = mk.movie_id)",
                "Rows Removed by Index Recheck": 0,
                "Filter": "(info > '6.6'::text)",
                "Rows Removed by Filter": 1
              }
            ]
          }
        ]
      }
    ]
  },
  "Planning Time": 1.402,
  "Triggers": [],
  "Execution Time": 87.951
}