[
  {
    "Plan": {
      "Node Type": "Aggregate",
      "Strategy": "Plain",
      "Partial Mode": "Finalize",
      "Parallel Aware": false,
      "Startup Cost": 31723.49,
      "Total Cost": 31723.5,
      "Plan Rows": 1,
      "Plan Width": 8,
      "Actual Startup Time": 105.244,
      "Actual Total Time": 111.432,
      "Actual Rows": 1,
      "Actual Loops": 1,
      "Plans": [
        {
          "Node Type": "Gather",
          "Parent Relationship": "Outer",
          "Parallel Aware": false,
          "Startup Cost": 31723.17,
          "Total Cost": 31723.48,
          "Plan Rows": 3,
          "Plan Width": 8,
          "Actual Startup Time": 105.137,
          "Actual Total Time": 111.424,
          "Actual Rows": 4,
          "Actual Loops": 1,
          "Workers Planned": 3,
          "Workers Launched": 3,
          "Single Copy": false,
          "Plans": [
            {
              "Node Type": "Aggregate",
              "Strategy": "Plain",
              "Partial Mode": "Partial",
              "Parent Relationship": "Outer",
              "Parallel Aware": false,
              "Startup Cost": 30723.17,
              "Total Cost": 30723.18,
              "Plan Rows": 1,
              "Plan Width": 8,
              "Actual Startup Time": 101.144,
              "Actual Total Time": 101.145,
              "Actual Rows": 1,
              "Actual Loops": 4,
              "Plans": [
                {
                  "Node Type": "Seq Scan",
                  "Parent Relationship": "Outer",
                  "Parallel Aware": true,
                  "Relation Name": "movie_companies",
                  "Alias": "mc",
                  "Startup Cost": 0.0,
                  "Total Cost": 29310.68,
                  "Plan Rows": 564995,
                  "Plan Width": 0,
                  "Actual Startup Time": 0.022,
                  "Actual Total Time": 78.518,
                  "Actual Rows": 440379,
                  "Actual Loops": 4,
                  "Filter": "(company_id < 25496)",
                  "Rows Removed by Filter": 211903
                }
              ]
            }
          ]
        }
      ]
    },
    "Planning Time": 0.198,
    "Triggers": [],
    "Execution Time": 111.487
  }
]