{
  "Plan": {
    "Node Type": "Aggregate",
    "Strategy": "Plain",
    "Partial Mode": "Finalize",
    "Parallel Aware": false,
    "Startup Cost": 59105.13,
    "Total Cost": 59105.14,
    "Plan Rows": 1,
    "Plan Width": 8,
    "Actual Startup Time": 45.808,
    "Actual Total Time": 50.324,
    "Actual Rows": 1,
    "Actual Loops": 1,
    "Plans": [
      {
        "Node Type": "Gather",
        "Parent Relationship": "Outer",
        "Parallel Aware": false,
        "Startup Cost": 59105.01,
        "Total Cost": 59105.12,
        "Plan Rows": 1,
        "Plan Width": 8,
        "Actual Startup Time": 45.59,
        "Actual Total Time": 50.318,
        "Actual Rows": 2,
        "Actual Loops": 1,
        "Workers Planned": 1,
        "Workers Launched": 1,
        "Single Copy": false,
        "Plans": [
          {
            "Node Type": "Aggregate",
            "Strategy": "Plain",
            "Partial Mode": "Partial",
            "Parent Relationship": "Outer",
            "Parallel Aware": false,
            "Startup Cost": 58105.01,
            "Total Cost": 58105.02,
            "Plan Rows": 1,
            "Plan Width": 8,
            "Actual Startup Time": 39.424,
            "Actual Total Time": 39.425,
            "Actual Rows": 1,
            "Actual Loops": 2,
            "Plans": [
              {
                "Node Type": "Nested Loop",
                "Parent Relationship": "Outer",
                "Parallel Aware": false,
                "Join Type": "Inner",
                "Startup Cost": 207.66,
                "Total Cost": 58101.59,
                "Plan Rows": 1368,
                "Plan Width": 0,
                "Actual Startup Time": 4.447,
                "Actual Total Time": 38.471,
                "Actual Rows": 9659,
                "Actual Loops": 2,
                "Inner Unique": false,
                "Plans": [
                  {
                    "Node Type": "Nested Loop",
                    "Parent Relationship": "Outer",
                    "Parallel Aware": false,
                    "Join Type": "Inner",
                    "Startup Cost": 207.22,
                    "Total Cost": 55772.35,
                    "Plan Rows": 249,
                    "Plan Width": 8,
                    "Actual Startup Time": 4.34,
                    "Actual Total Time": 25.841,
                    "Actual Rows": 209,
                    "Actual Loops": 2,
                    "Inner Unique": true,
                    "Plans": [
                      {
                        "Node Type": "Bitmap Heap Scan",
                        "Parent Relationship": "Outer",
                        "Parallel Aware": true,
                        "Relation Name": "movie_keyword",
                        "Alias": "mk",
                        "Startup Cost": 206.79,
                        "Total Cost": 18581.5,
                        "Plan Rows": 5644,
                        "Plan Width": 4,
                        "Actual Startup Time": 2.402,
                        "Actual Total Time": 8.265,
                        "Actual Rows": 4047,
                        "Actual Loops": 2,
                        "Recheck Cond": "(keyword_id > 126746)",
                        "Rows Removed by Index Recheck": 0,
                        "Exact Heap Blocks": 2117,
                        "Lossy Heap Blocks": 0,
                        "Plans": [
                          {
                            "Node Type": "Bitmap Index Scan",
                            "Parent Relationship": "Outer",
                            "Parallel Aware": false,
                            "Index Name": "keyword_id_movie_keyword",
                            "Startup Cost": 0.0,
                            "Total Cost": 204.39,
                            "Plan Rows": 9595,
                            "Plan Width": 0,
                            "Actual Startup Time": 3.404,
                            "Actual Total Time": 3.404,
                            "Actual Rows": 8094,
                            "Actual Loops": 1,
                            "Index Cond": "(keyword_id > 126746)"
                          }
                        ]
                      },
                      {
                        "Node Type": "Index Scan",
                        "Parent Relationship": "Inner",
                        "Parallel Aware": false,
                        "Scan Direction": "Forward",
                        "Index Name": "title_pkey",
                        "Relation Name": "title",
                        "Alias": "t",
                        "Startup Cost": 0.43,
                        "Total Cost": 6.59,
                        "Plan Rows": 1,
                        "Plan Width": 4,
                        "Actual Startup Time": 0.004,
                        "Actual Total Time": 0.004,
                        "Actual Rows": 0,
                        "Actual Loops": 8094,
                        "Index Cond": "(id = mk.movie_id)",
                        "Rows Removed by Index Recheck": 0,
                        "Filter": "(production_year = 2006)",
                        "Rows Removed by Filter": 1
                      }
                    ]
                  },
                  {
                    "Node Type": "Index Scan",
                    "Parent Relationship": "Inner",
                    "Parallel Aware": false,
                    "Scan Direction": "Forward",
                    "Index Name": "movie_id_movie_info",
                    "Relation Name": "movie_info",
                    "Alias": "mi",
                    "Startup Cost": 0.43,
                    "Total Cost": 8.96,
                    "Plan Rows": 39,
                    "Plan Width": 4,
                    "Actual Startup Time": 0.01,
                    "Actual Total Time": 0.053,
                    "Actual Rows": 46,
                    "Actual Loops": 418,
                    "Index Cond": "(movie_id = t.id)",
                    "Rows Removed by Index Recheck": 0,
                    "Filter": "(info_type_id < 98)",
                    "Rows Removed by Filter": 20
                  }
                ]
              }
            ]
          }
        ]
      }
    ]
  },
  "Planning Time": 1.074,
  "Triggers": [],
  "Execution Time": 50.419
}