[
  {
    "Plan": {
      "Node Type": "Aggregate",
      "Strategy": "Plain",
      "Partial Mode": "Finalize",
      "Parallel Aware": false,
      "Startup Cost": 83284.01,
      "Total Cost": 83284.02,
      "Plan Rows": 1,
      "Plan Width": 8,
      "Actual Startup Time": 561.529,
      "Actual Total Time": 578.289,
      "Actual Rows": 1,
      "Actual Loops": 1,
      "Plans": [
        {
          "Node Type": "Gather",
          "Parent Relationship": "Outer",
          "Parallel Aware": false,
          "Startup Cost": 83283.7,
          "Total Cost": 83284.01,
          "Plan Rows": 3,
          "Plan Width": 8,
          "Actual Startup Time": 553.449,
          "Actual Total Time": 578.277,
          "Actual Rows": 4,
          "Actual Loops": 1,
          "Workers Planned": 3,
          "Workers Launched": 3,
          "Single Copy": false,
          "Plans": [
            {
              "Node Type": "Aggregate",
              "Strategy": "Plain",
              "Partial Mode": "Partial",
              "Parent Relationship": "Outer",
              "Parallel Aware": false,
              "Startup Cost": 82283.7,
              "Total Cost": 82283.71,
              "Plan Rows": 1,
              "Plan Width": 8,
              "Actual Startup Time": 541.047,
              "Actual Total Time": 541.051,
              "Actual Rows": 1,
              "Actual Loops": 4,
              "Plans": [
                {
                  "Node Type": "Hash Join",
                  "Parent Relationship": "Outer",
                  "Parallel Aware": true,
                  "Join Type": "Inner",
                  "Startup Cost": 49081.46,
                  "Total Cost": 81596.48,
                  "Plan Rows": 274886,
                  "Plan Width": 0,
                  "Actual Startup Time": 363.338,
                  "Actual Total Time": 530.219,
                  "Actual Rows": 184798,
                  "Actual Loops": 4,
                  "Inner Unique": true,
                  "Hash Cond": "(mc.movie_id = t.id)",
                  "Plans": [
                    {
                      "Node Type": "Seq Scan",
                      "Parent Relationship": "Outer",
                      "Parallel Aware": true,
                      "Relation Name": "movie_companies",
                      "Alias": "mc",
                      "Startup Cost": 0.0,
                      "Total Cost": 31414.82,
                      "Plan Rows": 419125,
                      "Plan Width": 4,
                      "Actual Startup Time": 39.428,
                      "Actual Total Time": 90.795,
                      "Actual Rows": 331890,
                      "Actual Loops": 4,
                      "Filter": "((company_id > 6) AND (company_type_id > 1))",
                      "Rows Removed by Filter": 320392
                    },
                    {
                      "Node Type": "Hash",
                      "Parent Relationship": "Inner",
                      "Parallel Aware": true,
                      "Startup Cost": 43899.32,
                      "Total Cost": 43899.32,
                      "Plan Rows": 414571,
                      "Plan Width": 4,
                      "Actual Startup Time": 315.949,
                      "Actual Total Time": 315.95,
                      "Actual Rows": 410878,
                      "Actual Loops": 4,
                      "Hash Buckets": 2097152,
                      "Original Hash Buckets": 2097152,
                      "Hash Batches": 1,
                      "Original Hash Batches": 1,
                      "Peak Memory Usage": 80768,
                      "Plans": [
                        {
                          "Node Type": "Seq Scan",
                          "Parent Relationship": "Outer",
                          "Parallel Aware": true,
                          "Relation Name": "title",
                          "Alias": "t",
                          "Startup Cost": 0.0,
                          "Total Cost": 43899.32,
                          "Plan Rows": 414571,
                          "Plan Width": 4,
                          "Actual Startup Time": 0.059,
                          "Actual Total Time": 138.19,
                          "Actual Rows": 410878,
                          "Actual Loops": 4,
                          "Filter": "(production_year > 1994)",
                          "Rows Removed by Filter": 221200
                        }
                      ]
                    }
                  ]
                }
              ]
            }
          ]
        }
      ]
    },
    "Planning Time": 0.662,
    "Triggers": [],
    "Execution Time": 578.367
  }
]