[
  {
    "Plan": {
      "Node Type": "Aggregate",
      "Strategy": "Plain",
      "Partial Mode": "Finalize",
      "Parallel Aware": false,
      "Startup Cost": 343965.89,
      "Total Cost": 343965.9,
      "Plan Rows": 1,
      "Plan Width": 8,
      "Actual Startup Time": 854.724,
      "Actual Total Time": 900.42,
      "Actual Rows": 1,
      "Actual Loops": 1,
      "Plans": [
        {
          "Node Type": "Gather",
          "Parent Relationship": "Outer",
          "Parallel Aware": false,
          "Startup Cost": 343965.27,
          "Total Cost": 343965.88,
          "Plan Rows": 6,
          "Plan Width": 8,
          "Actual Startup Time": 854.511,
          "Actual Total Time": 900.407,
          "Actual Rows": 7,
          "Actual Loops": 1,
          "Workers Planned": 6,
          "Workers Launched": 6,
          "Single Copy": false,
          "Plans": [
            {
              "Node Type": "Aggregate",
              "Strategy": "Plain",
              "Partial Mode": "Partial",
              "Parent Relationship": "Outer",
              "Parallel Aware": false,
              "Startup Cost": 342965.27,
              "Total Cost": 342965.28,
              "Plan Rows": 1,
              "Plan Width": 8,
              "Actual Startup Time": 849.162,
              "Actual Total Time": 849.163,
              "Actual Rows": 1,
              "Actual Loops": 7,
              "Plans": [
                {
                  "Node Type": "Seq Scan",
                  "Parent Relationship": "Outer",
                  "Parallel Aware": true,
                  "Relation Name": "cast_info",
                  "Alias": "ci",
                  "Startup Cost": 0.0,
                  "Total Cost": 328211.39,
                  "Plan Rows": 5901550,
                  "Plan Width": 0,
                  "Actual Startup Time": 13.658,
                  "Actual Total Time": 623.262,
                  "Actual Rows": 5054573,
                  "Actual Loops": 7,
                  "Filter": "(person_id > 90709)",
                  "Rows Removed by Filter": 123190
                }
              ]
            }
          ]
        }
      ]
    },
    "Planning Time": 0.136,
    "Triggers": [],
    "Execution Time": 900.475
  }
]