[
  {
    "Plan": {
      "Node Type": "Aggregate",
      "Strategy": "Plain",
      "Partial Mode": "Finalize",
      "Parallel Aware": false,
      "Startup Cost": 330874.79,
      "Total Cost": 330874.8,
      "Plan Rows": 1,
      "Plan Width": 8,
      "Actual Startup Time": 642.324,
      "Actual Total Time": 701.745,
      "Actual Rows": 1,
      "Actual Loops": 1,
      "Plans": [
        {
          "Node Type": "Gather",
          "Parent Relationship": "Outer",
          "Parallel Aware": false,
          "Startup Cost": 330874.16,
          "Total Cost": 330874.77,
          "Plan Rows": 6,
          "Plan Width": 8,
          "Actual Startup Time": 642.028,
          "Actual Total Time": 701.732,
          "Actual Rows": 7,
          "Actual Loops": 1,
          "Workers Planned": 6,
          "Workers Launched": 6,
          "Single Copy": false,
          "Plans": [
            {
              "Node Type": "Aggregate",
              "Strategy": "Plain",
              "Partial Mode": "Partial",
              "Parent Relationship": "Outer",
              "Parallel Aware": false,
              "Startup Cost": 329874.16,
              "Total Cost": 329874.17,
              "Plan Rows": 1,
              "Plan Width": 8,
              "Actual Startup Time": 631.832,
              "Actual Total Time": 631.834,
              "Actual Rows": 1,
              "Actual Loops": 7,
              "Plans": [
                {
                  "Node Type": "Seq Scan",
                  "Parent Relationship": "Outer",
                  "Parallel Aware": true,
                  "Relation Name": "cast_info",
                  "Alias": "ci",
                  "Startup Cost": 0.0,
                  "Total Cost": 328162.03,
                  "Plan Rows": 684855,
                  "Plan Width": 0,
                  "Actual Startup Time": 454.339,
                  "Actual Total Time": 603.467,
                  "Actual Rows": 557501,
                  "Actual Loops": 7,
                  "Filter": "(person_id > 3344623)",
                  "Rows Removed by Filter": 4620263
                }
              ]
            }
          ]
        }
      ]
    },
    "Planning Time": 0.165,
    "Triggers": [],
    "Execution Time": 701.815
  }
]