{
  "Plan": {
    "Node Type": "Aggregate",
    "Strategy": "Plain",
    "Partial Mode": "Simple",
    "Parallel Aware": false,
    "Startup Cost": 1535332.12,
    "Total Cost": 1535332.13,
    "Plan Rows": 1,
    "Plan Width": 128,
    "Actual Startup Time": 30483.532,
    "Actual Total Time": 30483.693,
    "Actual Rows": 1,
    "Actual Loops": 1,
    "Plans": [
      {
        "Node Type": "Nested Loop",
        "Parent Relationship": "Outer",
        "Parallel Aware": false,
        "Join Type": "Inner",
        "Startup Cost": 1444702.38,
        "Total Cost": 1535332.11,
        "Plan Rows": 1,
        "Plan Width": 54,
        "Actual Startup Time": 28467.267,
        "Actual Total Time": 30483.169,
        "Actual Rows": 3017,
        "Actual Loops": 1,
        "Inner Unique": false,
        "Join Filter": "(mk.keyword_id = k.id)",
        "Rows Removed by Join Filter": 9334593,
        "Plans": [
          {
            "Node Type": "Seq Scan",
            "Parent Relationship": "Outer",
            "Parallel Aware": false,
            "Relation Name": "keyword",
            "Alias": "k",
            "Startup Cost": 0.0,
            "Total Cost": 3967.82,
            "Plan Rows": 10,
            "Plan Width": 4,
            "Actual Startup Time": 0.137,
            "Actual Total Time": 26.513,
            "Actual Rows": 10,
            "Actual Loops": 1,
            "Filter": "(keyword = ANY ('{superhero,marvel-comics,based-on-comic,tv-special,fight,violence,magnet,web,claw,laser}'::text[]))",
            "Rows Removed by Filter": 134160
          },
          {
            "Node Type": "Materialize",
            "Parent Relationship": "Inner",
            "Parallel Aware": false,
            "Startup Cost": 1444702.38,
            "Total Cost": 1531362.37,
            "Plan Rows": 13,
            "Plan Width": 58,
            "Actual Startup Time": 2842.646,
            "Actual Total Time": 2993.684,
            "Actual Rows": 933761,
            "Actual Loops": 10,
            "Plans": [
              {
                "Node Type": "Nested Loop",
                "Parent Relationship": "Outer",
                "Parallel Aware": false,
                "Join Type": "Inner",
                "Startup Cost": 1444702.38,
                "Total Cost": 1531362.3,
                "Plan Rows": 13,
                "Plan Width": 58,
                "Actual Startup Time": 28426.44,
                "Actual Total Time": 29221.768,
                "Actual Rows": 933761,
                "Actual Loops": 1,
                "Inner Unique": false,
                "Join Filter": "(cc.subject_id = cct1.id)",
                "Rows Removed by Join Filter": 769866,
                "Plans": [
                  {
                    "Node Type": "Seq Scan",
                    "Parent Relationship": "Outer",
                    "Parallel Aware": false,
                    "Relation Name": "comp_cast_type",
                    "Alias": "cct1",
                    "Startup Cost": 0.0,
                    "Total Cost": 1.05,
                    "Plan Rows": 1,
                    "Plan Width": 4,
                    "Actual Startup Time": 0.005,
                    "Actual Total Time": 0.009,
                    "Actual Rows": 1,
                    "Actual Loops": 1,
                    "Filter": "((kind)::text = 'cast'::text)",
                    "Rows Removed by Filter": 3
                  },
                  {
                    "Node Type": "Hash Join",
                    "Parent Relationship": "Inner",
                    "Parallel Aware": false,
                    "Join Type": "Inner",
                    "Startup Cost": 1444702.38,
                    "Total Cost": 1531360.61,
                    "Plan Rows": 51,
                    "Plan Width": 62,
                    "Actual Startup Time": 28426.433,
                    "Actual Total Time": 29104.268,
                    "Actual Rows": 1703627,
                    "Actual Loops": 1,
                    "Inner Unique": false,
                    "Hash Cond": "(mk.movie_id = t.id)",
                    "Plans": [
                      {
                        "Node Type": "Seq Scan",
                        "Parent Relationship": "Outer",
                        "Parallel Aware": false,
                        "Relation Name": "movie_keyword",
                        "Alias": "mk",
                        "Startup Cost": 0.0,
                        "Total Cost": 69693.3,
                        "Plan Rows": 4523930,
                        "Plan Width": 8,
                        "Actual Startup Time": 0.005,
                        "Actual Total Time": 322.79,
                        "Actual Rows": 4523930,
                        "Actual Loops": 1
                      },
                      {
                        "Node Type": "Hash",
                        "Parent Relationship": "Inner",
                        "Parallel Aware": false,
                        "Startup Cost": 1444702.24,
                        "Total Cost": 1444702.24,
                        "Plan Rows": 11,
                        "Plan Width": 74,
                        "Actual Startup Time": 28314.255,
                        "Actual Total Time": 28314.412,
                        "Actual Rows": 21861,
                        "Actual Loops": 1,
                        "Hash Buckets": 32768,
                        "Original Hash Buckets": 1024,
                        "Hash Batches": 1,
                        "Original Hash Batches": 1,
                        "Peak Memory Usage": 2541,
                        "Plans": [
                          {
                            "Node Type": "Nested Loop",
                            "Parent Relationship": "Outer",
                            "Parallel Aware": false,
                            "Join Type": "Inner",
                            "Startup Cost": 1326518.51,
                            "Total Cost": 1444702.24,
                            "Plan Rows": 11,
                            "Plan Width": 74,
                            "Actual Startup Time": 18656.031,
                            "Actual Total Time": 28300.507,
                            "Actual Rows": 21861,
                            "Actual Loops": 1,
                            "Inner Unique": false,
                            "Join Filter": "(cc.status_id = cct2.id)",
                            "Rows Removed by Join Filter": 21861,
                            "Plans": [
                              {
                                "Node Type": "Seq Scan",
                                "Parent Relationship": "Outer",
                                "Parallel Aware": false,
                                "Relation Name": "comp_cast_type",
                                "Alias": "cct2",
                                "Startup Cost": 0.0,
                                "Total Cost": 1.05,
                                "Plan Rows": 1,
                                "Plan Width": 4,
                                "Actual Startup Time": 0.004,
                                "Actual Total Time": 0.008,
                                "Actual Rows": 2,
                                "Actual Loops": 1,
                                "Filter": "((kind)::text ~~ '%complete%'::text)",
                                "Rows Removed by Filter": 2
                              },
                              {
                                "Node Type": "Hash Join",
                                "Parent Relationship": "Inner",
                                "Parallel Aware": false,
                                "Join Type": "Inner",
                                "Startup Cost": 1326518.51,
                                "Total Cost": 1444700.65,
                                "Plan Rows": 43,
                                "Plan Width": 78,
                                "Actual Startup Time": 9328.814,
                                "Actual Total Time": 14147.328,
                                "Actual Rows": 21861,
                                "Actual Loops": 2,
                                "Inner Unique": true,
                                "Hash Cond": "(t.kind_id = kt.id)",
                                "Plans": [
                                  {
                                    "Node Type": "Nested Loop",
                                    "Parent Relationship": "Outer",
                                    "Parallel Aware": false,
                                    "Join Type": "Inner",
                                    "Startup Cost": 1326517.41,
                                    "Total Cost": 1444698.28,
                                    "Plan Rows": 304,
                                    "Plan Width": 82,
                                    "Actual Startup Time": 9328.796,
                                    "Actual Total Time": 14141.081,
                                    "Actual Rows": 31881,
                                    "Actual Loops": 2,
                                    "Inner Unique": true,
                                    "Plans": [
                                      {
                                        "Node Type": "Nested Loop",
                                        "Parent Relationship": "Outer",
                                        "Parallel Aware": false,
                                        "Join Type": "Inner",
                                        "Startup Cost": 1326516.98,
                                        "Total Cost": 1444333.85,
                                        "Plan Rows": 801,
                                        "Plan Width": 57,
                                        "Actual Startup Time": 9328.742,
                                        "Actual Total Time": 14016.902,
                                        "Actual Rows": 43538,
                                        "Actual Loops": 2,
                                        "Inner Unique": false,
                                        "Join Filter": "(mi_idx.info_type_id = it2.id)",
                                        "Rows Removed by Join Filter": 23897,
                                        "Plans": [
                                          {
                                            "Node Type": "Seq Scan",
                                            "Parent Relationship": "Outer",
                                            "Parallel Aware": false,
                                            "Relation Name": "info_type",
                                            "Alias": "it2",
                                            "Startup Cost": 0.0,
                                            "Total Cost": 2.41,
                                            "Plan Rows": 1,
                                            "Plan Width": 4,
                                            "Actual Startup Time": 0.009,
                                            "Actual Total Time": 0.021,
                                            "Actual Rows": 1,
                                            "Actual Loops": 2,
                                            "Filter": "((info)::text = 'rating'::text)",
                                            "Rows Removed by Filter": 112
                                          },
                                          {
                                            "Node Type": "Hash Join",
                                            "Parent Relationship": "Inner",
                                            "Parallel Aware": false,
                                            "Join Type": "Inner",
                                            "Startup Cost": 1326516.98,
                                            "Total Cost": 1443199.47,
                                            "Plan Rows": 90557,
                                            "Plan Width": 61,
                                            "Actual Startup Time": 9328.729,
                                            "Actual Total Time": 14010.228,
                                            "Actual Rows": 67435,
                                            "Actual Loops": 2,
                                            "Inner Unique": true,
                                            "Hash Cond": "(ci.person_role_id = chn.id)",
                                            "Plans": [
                                              {
                                                "Node Type": "Hash Join",
                                                "Parent Relationship": "Outer",
                                                "Parallel Aware": false,
                                                "Join Type": "Inner",
                                                "Startup Cost": 1245465.21,
                                                "Total Cost": 1359509.18,
                                                "Plan Rows": 1005151,
                                                "Plan Width": 49,
                                                "Actual Startup Time": 9216.005,
                                                "Actual Total Time": 13665.049,
                                                "Actual Rows": 1974381,
                                                "Actual Loops": 2,
                                                "Inner Unique": false,
                                                "Hash Cond": "(ci.movie_id = mi_idx.movie_id)",
                                                "Plans": [
                                                  {
                                                    "Node Type": "Hash Join",
                                                    "Parent Relationship": "Outer",
                                                    "Parallel Aware": false,
                                                    "Join Type": "Inner",
                                                    "Startup Cost": 1217867.02,
                                                    "Total Cost": 1290294.87,
                                                    "Plan Rows": 5050339,
                                                    "Plan Width": 35,
                                                    "Actual Startup Time": 9129.532,
                                                    "Actual Total Time": 13063.27,
                                                    "Actual Rows": 5212164,
                                                    "Actual Loops": 2,
                                                    "Inner Unique": true,
                                                    "Hash Cond": "(ci.person_id = n.id)",
                                                    "Plans": [
                                                      {
                                                        "Node Type": "Hash Join",
                                                        "Parent Relationship": "Outer",
                                                        "Parallel Aware": false,
                                                        "Join Type": "Inner",
                                                        "Startup Cost": 1068488.04,
                                                        "Total Cost": 1127658.73,
                                                        "Plan Rows": 5050339,
                                                        "Plan Width": 24,
                                                        "Actual Startup Time": 8156.0,
                                                        "Actual Total Time": 9842.994,
                                                        "Actual Rows": 5212164,
                                                        "Actual Loops": 2,
                                                        "Inner Unique": false,
                                                        "Hash Cond": "(cc.movie_id = ci.movie_id)",
                                                        "Plans": [
                                                          {
                                                            "Node Type": "Seq Scan",
                                                            "Parent Relationship": "Outer",
                                                            "Parallel Aware": false,
                                                            "Relation Name": "complete_cast",
                                                            "Alias": "cc",
                                                            "Startup Cost": 0.0,
                                                            "Total Cost": 2081.86,
                                                            "Plan Rows": 135086,
                                                            "Plan Width": 12,
                                                            "Actual Startup Time": 0.019,
                                                            "Actual Total Time": 13.936,
                                                            "Actual Rows": 135086,
                                                            "Actual Loops": 2
                                                          },
                                                          {
                                                            "Node Type": "Hash",
                                                            "Parent Relationship": "Inner",
                                                            "Parallel Aware": false,
                                                            "Startup Cost": 615265.24,
                                                            "Total Cost": 615265.24,
                                                            "Plan Rows": 36257824,
                                                            "Plan Width": 12,
                                                            "Actual Startup Time": 16005.622,
                                                            "Actual Total Time": 16005.623,
                                                            "Actual Rows": 36244344,
                                                            "Actual Loops": 1,
                                                            "Hash Buckets": 67108864,
                                                            "Original Hash Buckets": 67108864,
                                                            "Hash Batches": 1,
                                                            "Original Hash Batches": 1,
                                                            "Peak Memory Usage": 2008722,
                                                            "Plans": [
                                                              {
                                                                "Node Type": "Seq Scan",
                                                                "Parent Relationship": "Outer",
                                                                "Parallel Aware": false,
                                                                "Relation Name": "cast_info",
                                                                "Alias": "ci",
                                                                "Startup Cost": 0.0,
                                                                "Total Cost": 615265.24,
                                                                "Plan Rows": 36257824,
                                                                "Plan Width": 12,
                                                                "Actual Startup Time": 0.027,
                                                                "Actual Total Time": 4179.864,
                                                                "Actual Rows": 36244344,
                                                                "Actual Loops": 1
                                                              }
                                                            ]
                                                          }
                                                        ]
                                                      },
                                                      {
                                                        "Node Type": "Hash",
                                                        "Parent Relationship": "Inner",
                                                        "Parallel Aware": false,
                                                        "Startup Cost": 97286.77,
                                                        "Total Cost": 97286.77,
                                                        "Plan Rows": 4167377,
                                                        "Plan Width": 19,
                                                        "Actual Startup Time": 1929.585,
                                                        "Actual Total Time": 1929.586,
                                                        "Actual Rows": 4167491,
                                                        "Actual Loops": 1,
                                                        "Hash Buckets": 4194304,
                                                        "Original Hash Buckets": 4194304,
                                                        "Hash Batches": 1,
                                                        "Original Hash Batches": 1,
                                                        "Peak Memory Usage": 248744,
                                                        "Plans": [
                                                          {
                                                            "Node Type": "Seq Scan",
                                                            "Parent Relationship": "Outer",
                                                            "Parallel Aware": false,
                                                            "Relation Name": "name",
                                                            "Alias": "n",
                                                            "Startup Cost": 0.0,
                                                            "Total Cost": 97286.77,
                                                            "Plan Rows": 4167377,
                                                            "Plan Width": 19,
                                                            "Actual Startup Time": 0.039,
                                                            "Actual Total Time": 587.481,
                                                            "Actual Rows": 4167491,
                                                            "Actual Loops": 1
                                                          }
                                                        ]
                                                      }
                                                    ]
                                                  },
                                                  {
                                                    "Node Type": "Hash",
                                                    "Parent Relationship": "Inner",
                                                    "Parallel Aware": false,
                                                    "Startup Cost": 25185.44,
                                                    "Total Cost": 25185.44,
                                                    "Plan Rows": 193020,
                                                    "Plan Width": 14,
                                                    "Actual Startup Time": 171.009,
                                                    "Actual Total Time": 171.01,
                                                    "Actual Rows": 192839,
                                                    "Actual Loops": 1,
                                                    "Hash Buckets": 262144,
                                                    "Original Hash Buckets": 262144,
                                                    "Hash Batches": 1,
                                                    "Original Hash Batches": 1,
                                                    "Peak Memory Usage": 10355,
                                                    "Plans": [
                                                      {
                                                        "Node Type": "Seq Scan",
                                                        "Parent Relationship": "Outer",
                                                        "Parallel Aware": false,
                                                        "Relation Name": "movie_info_idx",
                                                        "Alias": "mi_idx",
                                                        "Startup Cost": 0.0,
                                                        "Total Cost": 25185.44,
                                                        "Plan Rows": 193020,
                                                        "Plan Width": 14,
                                                        "Actual Startup Time": 0.026,
                                                        "Actual Total Time": 133.081,
                                                        "Actual Rows": 192839,
                                                        "Actual Loops": 1,
                                                        "Filter": "(info > '7.0'::text)",
                                                        "Rows Removed by Filter": 1187196
                                                      }
                                                    ]
                                                  }
                                                ]
                                              },
                                              {
                                                "Node Type": "Hash",
                                                "Parent Relationship": "Inner",
                                                "Parallel Aware": false,
                                                "Startup Cost": 77515.35,
                                                "Total Cost": 77515.35,
                                                "Plan Rows": 282914,
                                                "Plan Width": 20,
                                                "Actual Startup Time": 219.068,
                                                "Actual Total Time": 219.192,
                                                "Actual Rows": 180152,
                                                "Actual Loops": 1,
                                                "Hash Buckets": 524288,
                                                "Original Hash Buckets": 524288,
                                                "Hash Batches": 1,
                                                "Original Hash Batches": 1,
                                                "Peak Memory Usage": 14028,
                                                "Plans": [
                                                  {
                                                    "Node Type": "Gather",
                                                    "Parent Relationship": "Outer",
                                                    "Parallel Aware": false,
                                                    "Startup Cost": 1000.0,
                                                    "Total Cost": 77515.35,
                                                    "Plan Rows": 282914,
                                                    "Plan Width": 20,
                                                    "Actual Startup Time": 0.44,
                                                    "Actual Total Time": 171.952,
                                                    "Actual Rows": 180152,
                                                    "Actual Loops": 1,
                                                    "Workers Planned": 4,
                                                    "Workers Launched": 4,
                                                    "Single Copy": false,
                                                    "Plans": [
                                                      {
                                                        "Node Type": "Seq Scan",
                                                        "Parent Relationship": "Outer",
                                                        "Parallel Aware": true,
                                                        "Relation Name": "char_name",
                                                        "Alias": "chn",
                                                        "Startup Cost": 0.0,
                                                        "Total Cost": 48223.94,
                                                        "Plan Rows": 70728,
                                                        "Plan Width": 20,
                                                        "Actual Startup Time": 0.063,
                                                        "Actual Total Time": 180.335,
                                                        "Actual Rows": 36030,
                                                        "Actual Loops": 5,
                                                        "Filter": "((name IS NOT NULL) AND ((name ~~ '%man%'::text) OR (name ~~ '%Man%'::text)))",
                                                        "Rows Removed by Filter": 592037
                                                      }
                                                    ]
                                                  }
                                                ]
                                              }
                                            ]
                                          }
                                        ]
                                      },
                                      {
                                        "Node Type": "Index Scan",
                                        "Parent Relationship": "Inner",
                                        "Parallel Aware": false,
                                        "Scan Direction": "Forward",
                                        "Index Name": "title_pkey",
                                        "Relation Name": "title",
                                        "Alias": "t",
                                        "Startup Cost": 0.43,
                                        "Total Cost": 0.45,
                                        "Plan Rows": 1,
                                        "Plan Width": 25,
                                        "Actual Startup Time": 0.003,
                                        "Actual Total Time": 0.003,
                                        "Actual Rows": 1,
                                        "Actual Loops": 87076,
                                        "Index Cond": "(id = ci.movie_id)",
                                        "Rows Removed by Index Recheck": 0,
                                        "Filter": "(production_year < 1999)",
                                        "Rows Removed by Filter": 0
                                      }
                                    ]
                                  },
                                  {
                                    "Node Type": "Hash",
                                    "Parent Relationship": "Inner",
                                    "Parallel Aware": false,
                                    "Startup Cost": 1.09,
                                    "Total Cost": 1.09,
                                    "Plan Rows": 1,
                                    "Plan Width": 4,
                                    "Actual Startup Time": 0.01,
                                    "Actual Total Time": 0.011,
                                    "Actual Rows": 1,
                                    "Actual Loops": 1,
                                    "Hash Buckets": 1024,
                                    "Original Hash Buckets": 1024,
                                    "Hash Batches": 1,
                                    "Original Hash Batches": 1,
                                    "Peak Memory Usage": 9,
                                    "Plans": [
                                      {
                                        "Node Type": "Seq Scan",
                                        "Parent Relationship": "Outer",
                                        "Parallel Aware": false,
                                        "Relation Name": "kind_type",
                                        "Alias": "kt",
                                        "Startup Cost": 0.0,
                                        "Total Cost": 1.09,
                                        "Plan Rows": 1,
                                        "Plan Width": 4,
                                        "Actual Startup Time": 0.004,
                                        "Actual Total Time": 0.005,
                                        "Actual Rows": 1,
                                        "Actual Loops": 1,
                                        "Filter": "((kind)::text = 'movie'::text)",
                                        "Rows Removed by Filter": 6
                                      }
                                    ]
                                  }
                                ]
                              }
                            ]
                          }
                        ]
                      }
                    ]
                  }
                ]
              }
            ]
          }
        ]
      }
    ]
  },
  "Planning Time": 57.545,
  "Triggers": [],
  "Execution Time": 30575.84
}