[
  {
    "Plan": {
      "Node Type": "Aggregate",
      "Strategy": "Plain",
      "Partial Mode": "Finalize",
      "Parallel Aware": false,
      "Startup Cost": 31512.06,
      "Total Cost": 31512.07,
      "Plan Rows": 1,
      "Plan Width": 8,
      "Actual Startup Time": 109.785,
      "Actual Total Time": 118.294,
      "Actual Rows": 1,
      "Actual Loops": 1,
      "Plans": [
        {
          "Node Type": "Gather",
          "Parent Relationship": "Outer",
          "Parallel Aware": false,
          "Startup Cost": 31511.74,
          "Total Cost": 31512.05,
          "Plan Rows": 3,
          "Plan Width": 8,
          "Actual Startup Time": 109.523,
          "Actual Total Time": 118.286,
          "Actual Rows": 4,
          "Actual Loops": 1,
          "Workers Planned": 3,
          "Workers Launched": 3,
          "Single Copy": false,
          "Plans": [
            {
              "Node Type": "Aggregate",
              "Strategy": "Plain",
              "Partial Mode": "Partial",
              "Parent Relationship": "Outer",
              "Parallel Aware": false,
              "Startup Cost": 30511.74,
              "Total Cost": 30511.75,
              "Plan Rows": 1,
              "Plan Width": 8,
              "Actual Startup Time": 103.86,
              "Actual Total Time": 103.861,
              "Actual Rows": 1,
              "Actual Loops": 4,
              "Plans": [
                {
                  "Node Type": "Seq Scan",
                  "Parent Relationship": "Outer",
                  "Parallel Aware": true,
                  "Relation Name": "movie_companies",
                  "Alias": "mc",
                  "Startup Cost": 0.0,
                  "Total Cost": 29310.68,
                  "Plan Rows": 480424,
                  "Plan Width": 0,
                  "Actual Startup Time": 7.784,
                  "Actual Total Time": 84.545,
                  "Actual Rows": 370820,
                  "Actual Loops": 4,
                  "Filter": "(company_id > 8078)",
                  "Rows Removed by Filter": 281462
                }
              ]
            }
          ]
        }
      ]
    },
    "Planning Time": 0.097,
    "Triggers": [],
    "Execution Time": 118.326
  }
]