[
  {
    "Plan": {
      "Node Type": "Aggregate",
      "Strategy": "Plain",
      "Partial Mode": "Finalize",
      "Parallel Aware": false,
      "Startup Cost": 31505.71,
      "Total Cost": 31505.72,
      "Plan Rows": 1,
      "Plan Width": 8,
      "Actual Startup Time": 105.831,
      "Actual Total Time": 113.472,
      "Actual Rows": 1,
      "Actual Loops": 1,
      "Plans": [
        {
          "Node Type": "Gather",
          "Parent Relationship": "Outer",
          "Parallel Aware": false,
          "Startup Cost": 31505.39,
          "Total Cost": 31505.7,
          "Plan Rows": 3,
          "Plan Width": 8,
          "Actual Startup Time": 105.742,
          "Actual Total Time": 113.464,
          "Actual Rows": 4,
          "Actual Loops": 1,
          "Workers Planned": 3,
          "Workers Launched": 3,
          "Single Copy": false,
          "Plans": [
            {
              "Node Type": "Aggregate",
              "Strategy": "Plain",
              "Partial Mode": "Partial",
              "Parent Relationship": "Outer",
              "Parallel Aware": false,
              "Startup Cost": 30505.39,
              "Total Cost": 30505.4,
              "Plan Rows": 1,
              "Plan Width": 8,
              "Actual Startup Time": 100.146,
              "Actual Total Time": 100.147,
              "Actual Rows": 1,
              "Actual Loops": 4,
              "Plans": [
                {
                  "Node Type": "Seq Scan",
                  "Parent Relationship": "Outer",
                  "Parallel Aware": true,
                  "Relation Name": "movie_companies",
                  "Alias": "mc",
                  "Startup Cost": 0.0,
                  "Total Cost": 29310.68,
                  "Plan Rows": 477884,
                  "Plan Width": 0,
                  "Actual Startup Time": 12.514,
                  "Actual Total Time": 83.03,
                  "Actual Rows": 370820,
                  "Actual Loops": 4,
                  "Filter": "(company_id > 8078)",
                  "Rows Removed by Filter": 281462
                }
              ]
            }
          ]
        }
      ]
    },
    "Planning Time": 0.186,
    "Triggers": [],
    "Execution Time": 113.518
  }
]