[
  {
    "Plan": {
      "Node Type": "Aggregate",
      "Strategy": "Plain",
      "Partial Mode": "Finalize",
      "Parallel Aware": false,
      "Startup Cost": 277455.49,
      "Total Cost": 277455.5,
      "Plan Rows": 1,
      "Plan Width": 8,
      "Actual Startup Time": 107.261,
      "Actual Total Time": 112.155,
      "Actual Rows": 1,
      "Actual Loops": 1,
      "Plans": [
        {
          "Node Type": "Gather",
          "Parent Relationship": "Outer",
          "Parallel Aware": false,
          "Startup Cost": 277454.87,
          "Total Cost": 277455.48,
          "Plan Rows": 6,
          "Plan Width": 8,
          "Actual Startup Time": 106.938,
          "Actual Total Time": 112.149,
          "Actual Rows": 7,
          "Actual Loops": 1,
          "Workers Planned": 6,
          "Workers Launched": 6,
          "Single Copy": false,
          "Plans": [
            {
              "Node Type": "Aggregate",
              "Strategy": "Plain",
              "Partial Mode": "Partial",
              "Parent Relationship": "Outer",
              "Parallel Aware": false,
              "Startup Cost": 276454.87,
              "Total Cost": 276454.88,
              "Plan Rows": 1,
              "Plan Width": 8,
              "Actual Startup Time": 97.588,
              "Actual Total Time": 97.589,
              "Actual Rows": 1,
              "Actual Loops": 7,
              "Plans": [
                {
                  "Node Type": "Bitmap Heap Scan",
                  "Parent Relationship": "Outer",
                  "Parallel Aware": true,
                  "Relation Name": "cast_info",
                  "Alias": "ci",
                  "Startup Cost": 21351.45,
                  "Total Cost": 276052.13,
                  "Plan Rows": 161094,
                  "Plan Width": 0,
                  "Actual Startup Time": 44.957,
                  "Actual Total Time": 87.359,
                  "Actual Rows": 137494,
                  "Actual Loops": 7,
                  "Recheck Cond": "(person_id < 99610)",
                  "Rows Removed by Index Recheck": 0,
                  "Exact Heap Blocks": 3063,
                  "Lossy Heap Blocks": 0,
                  "Plans": [
                    {
                      "Node Type": "Bitmap Index Scan",
                      "Parent Relationship": "Outer",
                      "Parallel Aware": false,
                      "Index Name": "person_id_cast_info",
                      "Startup Cost": 0.0,
                      "Total Cost": 21109.81,
                      "Plan Rows": 966566,
                      "Plan Width": 0,
                      "Actual Startup Time": 51.816,
                      "Actual Total Time": 51.817,
                      "Actual Rows": 962460,
                      "Actual Loops": 1,
                      "Index Cond": "(person_id < 99610)"
                    }
                  ]
                }
              ]
            }
          ]
        }
      ]
    },
    "Planning Time": 0.127,
    "Triggers": [],
    "Execution Time": 112.206
  }
]