[
  {
    "Plan": {
      "Node Type": "Aggregate",
      "Strategy": "Plain",
      "Partial Mode": "Finalize",
      "Parallel Aware": false,
      "Startup Cost": 339615.91,
      "Total Cost": 339615.92,
      "Plan Rows": 1,
      "Plan Width": 8,
      "Actual Startup Time": 870.181,
      "Actual Total Time": 930.356,
      "Actual Rows": 1,
      "Actual Loops": 1,
      "Plans": [
        {
          "Node Type": "Gather",
          "Parent Relationship": "Outer",
          "Parallel Aware": false,
          "Startup Cost": 339615.29,
          "Total Cost": 339615.9,
          "Plan Rows": 6,
          "Plan Width": 8,
          "Actual Startup Time": 869.987,
          "Actual Total Time": 930.341,
          "Actual Rows": 7,
          "Actual Loops": 1,
          "Workers Planned": 6,
          "Workers Launched": 6,
          "Single Copy": false,
          "Plans": [
            {
              "Node Type": "Aggregate",
              "Strategy": "Plain",
              "Partial Mode": "Partial",
              "Parent Relationship": "Outer",
              "Parallel Aware": false,
              "Startup Cost": 338615.29,
              "Total Cost": 338615.3,
              "Plan Rows": 1,
              "Plan Width": 8,
              "Actual Startup Time": 859.992,
              "Actual Total Time": 859.994,
              "Actual Rows": 1,
              "Actual Loops": 7,
              "Plans": [
                {
                  "Node Type": "Seq Scan",
                  "Parent Relationship": "Outer",
                  "Parallel Aware": true,
                  "Relation Name": "cast_info",
                  "Alias": "ci",
                  "Startup Cost": 0.0,
                  "Total Cost": 328211.39,
                  "Plan Rows": 4161559,
                  "Plan Width": 0,
                  "Actual Startup Time": 144.179,
                  "Actual Total Time": 690.753,
                  "Actual Rows": 3553979,
                  "Actual Loops": 7,
                  "Filter": "(person_id > 1117098)",
                  "Rows Removed by Filter": 1623785
                }
              ]
            }
          ]
        }
      ]
    },
    "Planning Time": 0.137,
    "Triggers": [],
    "Execution Time": 930.417
  }
]