[
    {
        "Bao": {
            "Bao prediction": "NaN",
            "Bao recommended hint": "(no hint)"
        }
    },
    {
        "Plan": {
            "Node Type": "Aggregate",
            "Strategy": "Plain",
            "Partial Mode": "Finalize",
            "Parallel Aware": false,
            "Startup Cost": 342414.64,
            "Total Cost": 342414.65,
            "Plan Rows": 1,
            "Plan Width": 8,
            "Actual Startup Time": 816.634,
            "Actual Total Time": 846.407,
            "Actual Rows": 1,
            "Actual Loops": 1,
            "Output": [
                "count(*)"
            ],
            "Plans": [
                {
                    "Node Type": "Gather",
                    "Parent Relationship": "Outer",
                    "Parallel Aware": false,
                    "Startup Cost": 342414.01,
                    "Total Cost": 342414.62,
                    "Plan Rows": 6,
                    "Plan Width": 8,
                    "Actual Startup Time": 816.485,
                    "Actual Total Time": 846.398,
                    "Actual Rows": 7,
                    "Actual Loops": 1,
                    "Output": [
                        "(PARTIAL count(*))"
                    ],
                    "Workers Planned": 6,
                    "Workers Launched": 6,
                    "Single Copy": false,
                    "Plans": [
                        {
                            "Node Type": "Aggregate",
                            "Strategy": "Plain",
                            "Partial Mode": "Partial",
                            "Parent Relationship": "Outer",
                            "Parallel Aware": false,
                            "Startup Cost": 341414.01,
                            "Total Cost": 341414.02,
                            "Plan Rows": 1,
                            "Plan Width": 8,
                            "Actual Startup Time": 806.701,
                            "Actual Total Time": 806.702,
                            "Actual Rows": 1,
                            "Actual Loops": 7,
                            "Output": [
                                "PARTIAL count(*)"
                            ],
                            "Workers": [
                                {
                                    "Worker Number": 0,
                                    "Actual Startup Time": 804.396,
                                    "Actual Total Time": 804.397,
                                    "Actual Rows": 1,
                                    "Actual Loops": 1
                                },
                                {
                                    "Worker Number": 1,
                                    "Actual Startup Time": 804.632,
                                    "Actual Total Time": 804.633,
                                    "Actual Rows": 1,
                                    "Actual Loops": 1
                                },
                                {
                                    "Worker Number": 2,
                                    "Actual Startup Time": 804.763,
                                    "Actual Total Time": 804.764,
                                    "Actual Rows": 1,
                                    "Actual Loops": 1
                                },
                                {
                                    "Worker Number": 3,
                                    "Actual Startup Time": 805.38,
                                    "Actual Total Time": 805.381,
                                    "Actual Rows": 1,
                                    "Actual Loops": 1
                                },
                                {
                                    "Worker Number": 4,
                                    "Actual Startup Time": 805.824,
                                    "Actual Total Time": 805.825,
                                    "Actual Rows": 1,
                                    "Actual Loops": 1
                                },
                                {
                                    "Worker Number": 5,
                                    "Actual Startup Time": 805.994,
                                    "Actual Total Time": 805.995,
                                    "Actual Rows": 1,
                                    "Actual Loops": 1
                                }
                            ],
                            "Plans": [
                                {
                                    "Node Type": "Seq Scan",
                                    "Parent Relationship": "Outer",
                                    "Parallel Aware": true,
                                    "Relation Name": "cast_info",
                                    "Schema": "public",
                                    "Alias": "ci",
                                    "Startup Cost": 0.0,
                                    "Total Cost": 328213.62,
                                    "Plan Rows": 5280159,
                                    "Plan Width": 0,
                                    "Actual Startup Time": 56.558,
                                    "Actual Total Time": 599.993,
                                    "Actual Rows": 4512612,
                                    "Actual Loops": 7,
                                    "Output": [
                                        "id",
                                        "person_id",
                                        "movie_id",
                                        "person_role_id",
                                        "note",
                                        "nr_order",
                                        "role_id"
                                    ],
                                    "Filter": "(ci.person_id > 450566)",
                                    "Rows Removed by Filter": 665152,
                                    "Workers": [
                                        {
                                            "Worker Number": 0,
                                            "Actual Startup Time": 54.267,
                                            "Actual Total Time": 598.207,
                                            "Actual Rows": 3067651,
                                            "Actual Loops": 1
                                        },
                                        {
                                            "Worker Number": 1,
                                            "Actual Startup Time": 54.491,
                                            "Actual Total Time": 598.239,
                                            "Actual Rows": 3122194,
                                            "Actual Loops": 1
                                        },
                                        {
                                            "Worker Number": 2,
                                            "Actual Startup Time": 54.607,
                                            "Actual Total Time": 606.369,
                                            "Actual Rows": 4806160,
                                            "Actual Loops": 1
                                        },
                                        {
                                            "Worker Number": 3,
                                            "Actual Startup Time": 55.244,
                                            "Actual Total Time": 604.255,
                                            "Actual Rows": 4976051,
                                            "Actual Loops": 1
                                        },
                                        {
                                            "Worker Number": 4,
                                            "Actual Startup Time": 55.682,
                                            "Actual Total Time": 603.846,
                                            "Actual Rows": 4706056,
                                            "Actual Loops": 1
                                        },
                                        {
                                            "Worker Number": 5,
                                            "Actual Startup Time": 55.841,
                                            "Actual Total Time": 605.185,
                                            "Actual Rows": 4938587,
                                            "Actual Loops": 1
                                        }
                                    ]
                                }
                            ]
                        }
                    ]
                }
            ]
        },
        "Planning Time": 205.385,
        "Triggers": [],
        "Execution Time": 846.494
    }
]