[
  {
    "Plan": {
      "Node Type": "Aggregate",
      "Strategy": "Plain",
      "Partial Mode": "Finalize",
      "Parallel Aware": false,
      "Startup Cost": 157943.6,
      "Total Cost": 157943.61,
      "Plan Rows": 1,
      "Plan Width": 8,
      "Actual Startup Time": 233.903,
      "Actual Total Time": 254.131,
      "Actual Rows": 1,
      "Actual Loops": 1,
      "Plans": [
        {
          "Node Type": "Gather",
          "Parent Relationship": "Outer",
          "Parallel Aware": false,
          "Startup Cost": 157943.07,
          "Total Cost": 157943.58,
          "Plan Rows": 5,
          "Plan Width": 8,
          "Actual Startup Time": 233.758,
          "Actual Total Time": 254.116,
          "Actual Rows": 6,
          "Actual Loops": 1,
          "Workers Planned": 5,
          "Workers Launched": 5,
          "Single Copy": false,
          "Plans": [
            {
              "Node Type": "Aggregate",
              "Strategy": "Plain",
              "Partial Mode": "Partial",
              "Parent Relationship": "Outer",
              "Parallel Aware": false,
              "Startup Cost": 156943.07,
              "Total Cost": 156943.08,
              "Plan Rows": 1,
              "Plan Width": 8,
              "Actual Startup Time": 229.095,
              "Actual Total Time": 229.097,
              "Actual Rows": 1,
              "Actual Loops": 6,
              "Plans": [
                {
                  "Node Type": "Index Scan",
                  "Parent Relationship": "Outer",
                  "Parallel Aware": true,
                  "Scan Direction": "Forward",
                  "Index Name": "role_id_cast_info",
                  "Relation Name": "cast_info",
                  "Alias": "ci",
                  "Startup Cost": 0.56,
                  "Total Cost": 155872.35,
                  "Plan Rows": 428291,
                  "Plan Width": 0,
                  "Actual Startup Time": 0.101,
                  "Actual Total Time": 221.43,
                  "Actual Rows": 126832,
                  "Actual Loops": 6,
                  "Index Cond": "(role_id > 8)",
                  "Rows Removed by Index Recheck": 0,
                  "Filter": "(person_id < 1352583)",
                  "Rows Removed by Filter": 828617
                }
              ]
            }
          ]
        }
      ]
    },
    "Planning Time": 0.236,
    "Triggers": [],
    "Execution Time": 254.199
  }
]