{
  "Plan": {
    "Node Type": "Aggregate",
    "Strategy": "Plain",
    "Partial Mode": "Finalize",
    "Parallel Aware": false,
    "Startup Cost": 127925.96,
    "Total Cost": 127925.97,
    "Plan Rows": 1,
    "Plan Width": 8,
    "Actual Startup Time": 855.756,
    "Actual Total Time": 869.555,
    "Actual Rows": 1,
    "Actual Loops": 1,
    "Plans": [
      {
        "Node Type": "Gather",
        "Parent Relationship": "Outer",
        "Parallel Aware": false,
        "Startup Cost": 127925.84,
        "Total Cost": 127925.95,
        "Plan Rows": 1,
        "Plan Width": 8,
        "Actual Startup Time": 854.569,
        "Actual Total Time": 869.547,
        "Actual Rows": 2,
        "Actual Loops": 1,
        "Workers Planned": 1,
        "Workers Launched": 1,
        "Single Copy": false,
        "Plans": [
          {
            "Node Type": "Aggregate",
            "Strategy": "Plain",
            "Partial Mode": "Partial",
            "Parent Relationship": "Outer",
            "Parallel Aware": false,
            "Startup Cost": 126925.84,
            "Total Cost": 126925.85,
            "Plan Rows": 1,
            "Plan Width": 8,
            "Actual Startup Time": 848.285,
            "Actual Total Time": 848.29,
            "Actual Rows": 1,
            "Actual Loops": 2,
            "Plans": [
              {
                "Node Type": "Hash Join",
                "Parent Relationship": "Outer",
                "Parallel Aware": true,
                "Join Type": "Inner",
                "Startup Cost": 62330.75,
                "Total Cost": 126763.22,
                "Plan Rows": 65048,
                "Plan Width": 0,
                "Actual Startup Time": 302.331,
                "Actual Total Time": 842.081,
                "Actual Rows": 143063,
                "Actual Loops": 2,
                "Inner Unique": false,
                "Hash Cond": "(t.id = mi_idx.movie_id)",
                "Plans": [
                  {
                    "Node Type": "Hash Join",
                    "Parent Relationship": "Outer",
                    "Parallel Aware": true,
                    "Join Type": "Inner",
                    "Startup Cost": 40860.59,
                    "Total Cost": 103125.73,
                    "Plan Rows": 356939,
                    "Plan Width": 8,
                    "Actual Startup Time": 165.531,
                    "Actual Total Time": 597.42,
                    "Actual Rows": 310278,
                    "Actual Loops": 2,
                    "Inner Unique": false,
                    "Hash Cond": "(t.id = mc.movie_id)",
                    "Plans": [
                      {
                        "Node Type": "Seq Scan",
                        "Parent Relationship": "Outer",
                        "Parallel Aware": true,
                        "Relation Name": "title",
                        "Alias": "t",
                        "Startup Cost": 0.0,
                        "Total Cost": 50870.31,
                        "Plan Rows": 1487231,
                        "Plan Width": 4,
                        "Actual Startup Time": 0.015,
                        "Actual Total Time": 122.189,
                        "Actual Rows": 1264156,
                        "Actual Loops": 2
                      },
                      {
                        "Node Type": "Hash",
                        "Parent Relationship": "Inner",
                        "Parallel Aware": true,
                        "Startup Cost": 36398.85,
                        "Total Cost": 36398.85,
                        "Plan Rows": 356939,
                        "Plan Width": 4,
                        "Actual Startup Time": 162.701,
                        "Actual Total Time": 162.703,
                        "Actual Rows": 310278,
                        "Actual Loops": 2,
                        "Hash Buckets": 1048576,
                        "Original Hash Buckets": 1048576,
                        "Hash Batches": 1,
                        "Original Hash Batches": 1,
                        "Peak Memory Usage": 32512,
                        "Plans": [
                          {
                            "Node Type": "Bitmap Heap Scan",
                            "Parent Relationship": "Outer",
                            "Parallel Aware": true,
                            "Relation Name": "movie_companies",
                            "Alias": "mc",
                            "Startup Cost": 13147.11,
                            "Total Cost": 36398.85,
                            "Plan Rows": 356939,
                            "Plan Width": 4,
                            "Actual Startup Time": 30.537,
                            "Actual Total Time": 85.357,
                            "Actual Rows": 310278,
                            "Actual Loops": 2,
                            "Recheck Cond": "(company_id > 62188)",
                            "Rows Removed by Index Recheck": 0,
                            "Exact Heap Blocks": 4160,
                            "Lossy Heap Blocks": 0,
                            "Plans": [
                              {
                                "Node Type": "Bitmap Index Scan",
                                "Parent Relationship": "Outer",
                                "Parallel Aware": false,
                                "Index Name": "company_id_movie_companies",
                                "Startup Cost": 0.0,
                                "Total Cost": 12995.41,
                                "Plan Rows": 606797,
                                "Plan Width": 0,
                                "Actual Startup Time": 29.203,
                                "Actual Total Time": 29.203,
                                "Actual Rows": 620557,
                                "Actual Loops": 1,
                                "Index Cond": "(company_id > 62188)"
                              }
                            ]
                          }
                        ]
                      }
                    ]
                  },
                  {
                    "Node Type": "Hash",
                    "Parent Relationship": "Inner",
                    "Parallel Aware": true,
                    "Startup Cost": 18082.32,
                    "Total Cost": 18082.32,
                    "Plan Rows": 271028,
                    "Plan Width": 4,
                    "Actual Startup Time": 131.166,
                    "Actual Total Time": 131.166,
                    "Actual Rows": 229962,
                    "Actual Loops": 2,
                    "Hash Buckets": 524288,
                    "Original Hash Buckets": 524288,
                    "Hash Batches": 1,
                    "Original Hash Batches": 1,
                    "Peak Memory Usage": 22112,
                    "Plans": [
                      {
                        "Node Type": "Seq Scan",
                        "Parent Relationship": "Outer",
                        "Parallel Aware": true,
                        "Relation Name": "movie_info_idx",
                        "Alias": "mi_idx",
                        "Startup Cost": 0.0,
                        "Total Cost": 18082.32,
                        "Plan Rows": 271028,
                        "Plan Width": 4,
                        "Actual Startup Time": 0.072,
                        "Actual Total Time": 68.326,
                        "Actual Rows": 229962,
                        "Actual Loops": 2,
                        "Filter": "(info_type_id = 101)",
                        "Rows Removed by Filter": 460055
                      }
                    ]
                  }
                ]
              }
            ]
          }
        ]
      }
    ]
  },
  "Planning Time": 0.916,
  "Triggers": [],
  "Execution Time": 869.659
}