[
    {
        "Bao": {
            "Bao prediction": "NaN",
            "Bao recommended hint": "(no hint)"
        }
    },
    {
        "Plan": {
            "Node Type": "Aggregate",
            "Strategy": "Plain",
            "Partial Mode": "Finalize",
            "Parallel Aware": false,
            "Startup Cost": 252532.79,
            "Total Cost": 252532.8,
            "Plan Rows": 1,
            "Plan Width": 8,
            "Actual Startup Time": 727.508,
            "Actual Total Time": 768.036,
            "Actual Rows": 1,
            "Actual Loops": 1,
            "Output": [
                "count(*)"
            ],
            "Plans": [
                {
                    "Node Type": "Gather",
                    "Parent Relationship": "Outer",
                    "Parallel Aware": false,
                    "Startup Cost": 252532.26,
                    "Total Cost": 252532.77,
                    "Plan Rows": 5,
                    "Plan Width": 8,
                    "Actual Startup Time": 725.912,
                    "Actual Total Time": 768.025,
                    "Actual Rows": 6,
                    "Actual Loops": 1,
                    "Output": [
                        "(PARTIAL count(*))"
                    ],
                    "Workers Planned": 5,
                    "Workers Launched": 5,
                    "Single Copy": false,
                    "Plans": [
                        {
                            "Node Type": "Aggregate",
                            "Strategy": "Plain",
                            "Partial Mode": "Partial",
                            "Parent Relationship": "Outer",
                            "Parallel Aware": false,
                            "Startup Cost": 251532.26,
                            "Total Cost": 251532.27,
                            "Plan Rows": 1,
                            "Plan Width": 8,
                            "Actual Startup Time": 714.856,
                            "Actual Total Time": 714.86,
                            "Actual Rows": 1,
                            "Actual Loops": 6,
                            "Output": [
                                "PARTIAL count(*)"
                            ],
                            "Workers": [
                                {
                                    "Worker Number": 0,
                                    "Actual Startup Time": 711.644,
                                    "Actual Total Time": 711.648,
                                    "Actual Rows": 1,
                                    "Actual Loops": 1
                                },
                                {
                                    "Worker Number": 1,
                                    "Actual Startup Time": 712.496,
                                    "Actual Total Time": 712.499,
                                    "Actual Rows": 1,
                                    "Actual Loops": 1
                                },
                                {
                                    "Worker Number": 2,
                                    "Actual Startup Time": 713.235,
                                    "Actual Total Time": 713.238,
                                    "Actual Rows": 1,
                                    "Actual Loops": 1
                                },
                                {
                                    "Worker Number": 3,
                                    "Actual Startup Time": 713.085,
                                    "Actual Total Time": 713.088,
                                    "Actual Rows": 1,
                                    "Actual Loops": 1
                                },
                                {
                                    "Worker Number": 4,
                                    "Actual Startup Time": 713.266,
                                    "Actual Total Time": 713.27,
                                    "Actual Rows": 1,
                                    "Actual Loops": 1
                                }
                            ],
                            "Plans": [
                                {
                                    "Node Type": "Nested Loop",
                                    "Parent Relationship": "Outer",
                                    "Parallel Aware": false,
                                    "Join Type": "Inner",
                                    "Startup Cost": 60347.32,
                                    "Total Cost": 251258.05,
                                    "Plan Rows": 109687,
                                    "Plan Width": 0,
                                    "Actual Startup Time": 145.574,
                                    "Actual Total Time": 686.49,
                                    "Actual Rows": 534274,
                                    "Actual Loops": 6,
                                    "Inner Unique": false,
                                    "Join Filter": "(t.id = ci.movie_id)",
                                    "Rows Removed by Join Filter": 0,
                                    "Workers": [
                                        {
                                            "Worker Number": 0,
                                            "Actual Startup Time": 140.079,
                                            "Actual Total Time": 683.384,
                                            "Actual Rows": 350822,
                                            "Actual Loops": 1
                                        },
                                        {
                                            "Worker Number": 1,
                                            "Actual Startup Time": 140.265,
                                            "Actual Total Time": 685.57,
                                            "Actual Rows": 532155,
                                            "Actual Loops": 1
                                        },
                                        {
                                            "Worker Number": 2,
                                            "Actual Startup Time": 144.178,
                                            "Actual Total Time": 685.079,
                                            "Actual Rows": 543442,
                                            "Actual Loops": 1
                                        },
                                        {
                                            "Worker Number": 3,
                                            "Actual Startup Time": 146.788,
                                            "Actual Total Time": 688.14,
                                            "Actual Rows": 509787,
                                            "Actual Loops": 1
                                        },
                                        {
                                            "Worker Number": 4,
                                            "Actual Startup Time": 148.428,
                                            "Actual Total Time": 684.712,
                                            "Actual Rows": 544396,
                                            "Actual Loops": 1
                                        }
                                    ],
                                    "Plans": [
                                        {
                                            "Node Type": "Hash Join",
                                            "Parent Relationship": "Outer",
                                            "Parallel Aware": true,
                                            "Join Type": "Inner",
                                            "Startup Cost": 60346.75,
                                            "Total Cost": 225026.36,
                                            "Plan Rows": 7650,
                                            "Plan Width": 8,
                                            "Actual Startup Time": 145.404,
                                            "Actual Total Time": 206.415,
                                            "Actual Rows": 7833,
                                            "Actual Loops": 6,
                                            "Output": [
                                                "t.id",
                                                "mi.movie_id"
                                            ],
                                            "Inner Unique": true,
                                            "Hash Cond": "(mi.movie_id = t.id)",
                                            "Workers": [
                                                {
                                                    "Worker Number": 0,
                                                    "Actual Startup Time": 139.793,
                                                    "Actual Total Time": 201.508,
                                                    "Actual Rows": 5336,
                                                    "Actual Loops": 1
                                                },
                                                {
                                                    "Worker Number": 1,
                                                    "Actual Startup Time": 140.15,
                                                    "Actual Total Time": 204.467,
                                                    "Actual Rows": 7720,
                                                    "Actual Loops": 1
                                                },
                                                {
                                                    "Worker Number": 2,
                                                    "Actual Startup Time": 143.967,
                                                    "Actual Total Time": 201.314,
                                                    "Actual Rows": 7671,
                                                    "Actual Loops": 1
                                                },
                                                {
                                                    "Worker Number": 3,
                                                    "Actual Startup Time": 146.598,
                                                    "Actual Total Time": 205.87,
                                                    "Actual Rows": 7915,
                                                    "Actual Loops": 1
                                                },
                                                {
                                                    "Worker Number": 4,
                                                    "Actual Startup Time": 148.281,
                                                    "Actual Total Time": 203.518,
                                                    "Actual Rows": 7721,
                                                    "Actual Loops": 1
                                                }
                                            ],
                                            "Plans": [
                                                {
                                                    "Node Type": "Bitmap Heap Scan",
                                                    "Parent Relationship": "Outer",
                                                    "Parallel Aware": true,
                                                    "Relation Name": "movie_info",
                                                    "Schema": "public",
                                                    "Alias": "mi",
                                                    "Startup Cost": 16107.47,
                                                    "Total Cost": 180320.81,
                                                    "Plan Rows": 177627,
                                                    "Plan Width": 4,
                                                    "Actual Startup Time": 46.891,
                                                    "Actual Total Time": 91.679,
                                                    "Actual Rows": 150057,
                                                    "Actual Loops": 6,
                                                    "Output": [
                                                        "mi.id",
                                                        "mi.movie_id",
                                                        "mi.info_type_id",
                                                        "mi.info",
                                                        "mi.note"
                                                    ],
                                                    "Recheck Cond": "(mi.info_type_id > 94)",
                                                    "Rows Removed by Index Recheck": 0,
                                                    "Exact Heap Blocks": 7280,
                                                    "Lossy Heap Blocks": 0,
                                                    "Workers": [
                                                        {
                                                            "Worker Number": 0,
                                                            "Actual Startup Time": 46.983,
                                                            "Actual Total Time": 93.512,
                                                            "Actual Rows": 103205,
                                                            "Actual Loops": 1
                                                        },
                                                        {
                                                            "Worker Number": 1,
                                                            "Actual Startup Time": 46.589,
                                                            "Actual Total Time": 91.188,
                                                            "Actual Rows": 188405,
                                                            "Actual Loops": 1
                                                        },
                                                        {
                                                            "Worker Number": 2,
                                                            "Actual Startup Time": 47.123,
                                                            "Actual Total Time": 90.832,
                                                            "Actual Rows": 134483,
                                                            "Actual Loops": 1
                                                        },
                                                        {
                                                            "Worker Number": 3,
                                                            "Actual Startup Time": 46.848,
                                                            "Actual Total Time": 94.465,
                                                            "Actual Rows": 138394,
                                                            "Actual Loops": 1
                                                        },
                                                        {
                                                            "Worker Number": 4,
                                                            "Actual Startup Time": 46.966,
                                                            "Actual Total Time": 91.475,
                                                            "Actual Rows": 144345,
                                                            "Actual Loops": 1
                                                        }
                                                    ],
                                                    "Plans": [
                                                        {
                                                            "Node Type": "Bitmap Index Scan",
                                                            "Parent Relationship": "Outer",
                                                            "Parallel Aware": false,
                                                            "Index Name": "info_type_id_movie_info",
                                                            "Startup Cost": 0.0,
                                                            "Total Cost": 15885.44,
                                                            "Plan Rows": 888134,
                                                            "Plan Width": 0,
                                                            "Actual Startup Time": 41.324,
                                                            "Actual Total Time": 41.325,
                                                            "Actual Rows": 900340,
                                                            "Actual Loops": 1,
                                                            "Index Cond": "(mi.info_type_id > 94)",
                                                            "Workers": [
                                                                {
                                                                    "Worker Number": 1,
                                                                    "Actual Startup Time": 41.324,
                                                                    "Actual Total Time": 41.325,
                                                                    "Actual Rows": 900340,
                                                                    "Actual Loops": 1
                                                                }
                                                            ]
                                                        }
                                                    ]
                                                },
                                                {
                                                    "Node Type": "Hash",
                                                    "Parent Relationship": "Inner",
                                                    "Parallel Aware": true,
                                                    "Startup Cost": 43899.01,
                                                    "Total Cost": 43899.01,
                                                    "Plan Rows": 27222,
                                                    "Plan Width": 4,
                                                    "Actual Startup Time": 79.397,
                                                    "Actual Total Time": 79.398,
                                                    "Actual Rows": 18072,
                                                    "Actual Loops": 6,
                                                    "Output": [
                                                        "t.id"
                                                    ],
                                                    "Hash Buckets": 131072,
                                                    "Original Hash Buckets": 131072,
                                                    "Hash Batches": 1,
                                                    "Original Hash Batches": 1,
                                                    "Peak Memory Usage": 5344,
                                                    "Workers": [
                                                        {
                                                            "Worker Number": 0,
                                                            "Actual Startup Time": 76.524,
                                                            "Actual Total Time": 76.525,
                                                            "Actual Rows": 11236,
                                                            "Actual Loops": 1
                                                        },
                                                        {
                                                            "Worker Number": 1,
                                                            "Actual Startup Time": 77.208,
                                                            "Actual Total Time": 77.209,
                                                            "Actual Rows": 15111,
                                                            "Actual Loops": 1
                                                        },
                                                        {
                                                            "Worker Number": 2,
                                                            "Actual Startup Time": 77.548,
                                                            "Actual Total Time": 77.549,
                                                            "Actual Rows": 15132,
                                                            "Actual Loops": 1
                                                        },
                                                        {
                                                            "Worker Number": 3,
                                                            "Actual Startup Time": 78.038,
                                                            "Actual Total Time": 78.039,
                                                            "Actual Rows": 14337,
                                                            "Actual Loops": 1
                                                        },
                                                        {
                                                            "Worker Number": 4,
                                                            "Actual Startup Time": 78.182,
                                                            "Actual Total Time": 78.182,
                                                            "Actual Rows": 15918,
                                                            "Actual Loops": 1
                                                        }
                                                    ],
                                                    "Plans": [
                                                        {
                                                            "Node Type": "Seq Scan",
                                                            "Parent Relationship": "Outer",
                                                            "Parallel Aware": true,
                                                            "Relation Name": "title",
                                                            "Schema": "public",
                                                            "Alias": "t",
                                                            "Startup Cost": 0.0,
                                                            "Total Cost": 43899.01,
                                                            "Plan Rows": 27222,
                                                            "Plan Width": 4,
                                                            "Actual Startup Time": 0.061,
                                                            "Actual Total Time": 71.321,
                                                            "Actual Rows": 18072,
                                                            "Actual Loops": 6,
                                                            "Output": [
                                                                "t.id"
                                                            ],
                                                            "Filter": "(t.production_year = 2006)",
                                                            "Rows Removed by Filter": 403314,
                                                            "Workers": [
                                                                {
                                                                    "Worker Number": 0,
                                                                    "Actual Startup Time": 0.063,
                                                                    "Actual Total Time": 69.481,
                                                                    "Actual Rows": 11236,
                                                                    "Actual Loops": 1
                                                                },
                                                                {
                                                                    "Worker Number": 1,
                                                                    "Actual Startup Time": 0.075,
                                                                    "Actual Total Time": 69.603,
                                                                    "Actual Rows": 15111,
                                                                    "Actual Loops": 1
                                                                },
                                                                {
                                                                    "Worker Number": 2,
                                                                    "Actual Startup Time": 0.074,
                                                                    "Actual Total Time": 70.064,
                                                                    "Actual Rows": 15132,
                                                                    "Actual Loops": 1
                                                                },
                                                                {
                                                                    "Worker Number": 3,
                                                                    "Actual Startup Time": 0.078,
                                                                    "Actual Total Time": 70.192,
                                                                    "Actual Rows": 14337,
                                                                    "Actual Loops": 1
                                                                },
                                                                {
                                                                    "Worker Number": 4,
                                                                    "Actual Startup Time": 0.06,
                                                                    "Actual Total Time": 71.259,
                                                                    "Actual Rows": 15918,
                                                                    "Actual Loops": 1
                                                                }
                                                            ]
                                                        }
                                                    ]
                                                }
                                            ]
                                        },
                                        {
                                            "Node Type": "Index Only Scan",
                                            "Parent Relationship": "Inner",
                                            "Parallel Aware": false,
                                            "Scan Direction": "Forward",
                                            "Index Name": "movie_id_cast_info",
                                            "Relation Name": "cast_info",
                                            "Schema": "public",
                                            "Alias": "ci",
                                            "Startup Cost": 0.56,
                                            "Total Cost": 2.95,
                                            "Plan Rows": 38,
                                            "Plan Width": 4,
                                            "Actual Startup Time": 0.009,
                                            "Actual Total Time": 0.054,
                                            "Actual Rows": 68,
                                            "Actual Loops": 46996,
                                            "Output": [
                                                "ci.movie_id"
                                            ],
                                            "Index Cond": "(ci.movie_id = mi.movie_id)",
                                            "Rows Removed by Index Recheck": 0,
                                            "Heap Fetches": 3205647,
                                            "Workers": [
                                                {
                                                    "Worker Number": 0,
                                                    "Actual Startup Time": 0.014,
                                                    "Actual Total Time": 0.08,
                                                    "Actual Rows": 66,
                                                    "Actual Loops": 5336
                                                },
                                                {
                                                    "Worker Number": 1,
                                                    "Actual Startup Time": 0.01,
                                                    "Actual Total Time": 0.055,
                                                    "Actual Rows": 69,
                                                    "Actual Loops": 7720
                                                },
                                                {
                                                    "Worker Number": 2,
                                                    "Actual Startup Time": 0.01,
                                                    "Actual Total Time": 0.056,
                                                    "Actual Rows": 71,
                                                    "Actual Loops": 7671
                                                },
                                                {
                                                    "Worker Number": 3,
                                                    "Actual Startup Time": 0.01,
                                                    "Actual Total Time": 0.055,
                                                    "Actual Rows": 64,
                                                    "Actual Loops": 7915
                                                },
                                                {
                                                    "Worker Number": 4,
                                                    "Actual Startup Time": 0.01,
                                                    "Actual Total Time": 0.055,
                                                    "Actual Rows": 71,
                                                    "Actual Loops": 7721
                                                }
                                            ]
                                        }
                                    ]
                                }
                            ]
                        }
                    ]
                }
            ]
        },
        "Planning Time": 200.449,
        "Triggers": [],
        "Execution Time": 768.145
    }
]