[
  {
    "Plan": {
      "Node Type": "Aggregate",
      "Strategy": "Plain",
      "Partial Mode": "Finalize",
      "Parallel Aware": false,
      "Startup Cost": 33450.98,
      "Total Cost": 33450.99,
      "Plan Rows": 1,
      "Plan Width": 8,
      "Actual Startup Time": 129.227,
      "Actual Total Time": 139.504,
      "Actual Rows": 1,
      "Actual Loops": 1,
      "Plans": [
        {
          "Node Type": "Gather",
          "Parent Relationship": "Outer",
          "Parallel Aware": false,
          "Startup Cost": 33450.66,
          "Total Cost": 33450.97,
          "Plan Rows": 3,
          "Plan Width": 8,
          "Actual Startup Time": 129.103,
          "Actual Total Time": 139.495,
          "Actual Rows": 4,
          "Actual Loops": 1,
          "Workers Planned": 3,
          "Workers Launched": 3,
          "Single Copy": false,
          "Plans": [
            {
              "Node Type": "Aggregate",
              "Strategy": "Plain",
              "Partial Mode": "Partial",
              "Parent Relationship": "Outer",
              "Parallel Aware": false,
              "Startup Cost": 32450.66,
              "Total Cost": 32450.67,
              "Plan Rows": 1,
              "Plan Width": 8,
              "Actual Startup Time": 120.682,
              "Actual Total Time": 120.684,
              "Actual Rows": 1,
              "Actual Loops": 4,
              "Plans": [
                {
                  "Node Type": "Seq Scan",
                  "Parent Relationship": "Outer",
                  "Parallel Aware": true,
                  "Relation Name": "movie_companies",
                  "Alias": "mc",
                  "Startup Cost": 0.0,
                  "Total Cost": 31414.82,
                  "Plan Rows": 414338,
                  "Plan Width": 0,
                  "Actual Startup Time": 54.746,
                  "Actual Total Time": 103.201,
                  "Actual Rows": 309878,
                  "Actual Loops": 4,
                  "Filter": "((company_id < 160357) AND (company_type_id = 2))",
                  "Rows Removed by Filter": 342404
                }
              ]
            }
          ]
        }
      ]
    },
    "Planning Time": 0.23,
    "Triggers": [],
    "Execution Time": 139.566
  }
]