[
  {
    "Plan": {
      "Node Type": "Aggregate",
      "Strategy": "Plain",
      "Partial Mode": "Simple",
      "Parallel Aware": false,
      "Startup Cost": 273.53,
      "Total Cost": 273.54,
      "Plan Rows": 1,
      "Plan Width": 8,
      "Actual Startup Time": 1.049,
      "Actual Total Time": 1.05,
      "Actual Rows": 1,
      "Actual Loops": 1,
      "Plans": [
        {
          "Node Type": "Index Scan",
          "Parent Relationship": "Outer",
          "Parallel Aware": false,
          "Scan Direction": "Forward",
          "Index Name": "company_id_movie_companies",
          "Relation Name": "movie_companies",
          "Alias": "mc",
          "Startup Cost": 0.43,
          "Total Cost": 273.41,
          "Plan Rows": 50,
          "Plan Width": 0,
          "Actual Startup Time": 0.114,
          "Actual Total Time": 1.045,
          "Actual Rows": 12,
          "Actual Loops": 1,
          "Index Cond": "(company_id = 12167)",
          "Rows Removed by Index Recheck": 0,
          "Filter": "(company_type_id = 1)",
          "Rows Removed by Filter": 773
        }
      ]
    },
    "Planning Time": 0.107,
    "Triggers": [],
    "Execution Time": 1.071
  }
]