[
  {
    "Plan": {
      "Node Type": "Aggregate",
      "Strategy": "Plain",
      "Partial Mode": "Finalize",
      "Parallel Aware": false,
      "Startup Cost": 32808.59,
      "Total Cost": 32808.6,
      "Plan Rows": 1,
      "Plan Width": 8,
      "Actual Startup Time": 103.691,
      "Actual Total Time": 111.698,
      "Actual Rows": 1,
      "Actual Loops": 1,
      "Plans": [
        {
          "Node Type": "Gather",
          "Parent Relationship": "Outer",
          "Parallel Aware": false,
          "Startup Cost": 32808.27,
          "Total Cost": 32808.58,
          "Plan Rows": 3,
          "Plan Width": 8,
          "Actual Startup Time": 103.627,
          "Actual Total Time": 111.685,
          "Actual Rows": 4,
          "Actual Loops": 1,
          "Workers Planned": 3,
          "Workers Launched": 3,
          "Single Copy": false,
          "Plans": [
            {
              "Node Type": "Aggregate",
              "Strategy": "Plain",
              "Partial Mode": "Partial",
              "Parent Relationship": "Outer",
              "Parallel Aware": false,
              "Startup Cost": 31808.27,
              "Total Cost": 31808.28,
              "Plan Rows": 1,
              "Plan Width": 8,
              "Actual Startup Time": 97.493,
              "Actual Total Time": 97.494,
              "Actual Rows": 1,
              "Actual Loops": 4,
              "Plans": [
                {
                  "Node Type": "Seq Scan",
                  "Parent Relationship": "Outer",
                  "Parallel Aware": true,
                  "Relation Name": "movie_companies",
                  "Alias": "mc",
                  "Startup Cost": 0.0,
                  "Total Cost": 31414.82,
                  "Plan Rows": 157380,
                  "Plan Width": 0,
                  "Actual Startup Time": 0.035,
                  "Actual Total Time": 84.82,
                  "Actual Rows": 173309,
                  "Actual Loops": 4,
                  "Filter": "((company_id < 4556) AND (company_type_id < 2))",
                  "Rows Removed by Filter": 478974
                }
              ]
            }
          ]
        }
      ]
    },
    "Planning Time": 0.214,
    "Triggers": [],
    "Execution Time": 111.757
  }
]