[
  {
    "Plan": {
      "Node Type": "Aggregate",
      "Strategy": "Plain",
      "Partial Mode": "Finalize",
      "Parallel Aware": false,
      "Startup Cost": 64215.08,
      "Total Cost": 64215.09,
      "Plan Rows": 1,
      "Plan Width": 8,
      "Actual Startup Time": 244.98,
      "Actual Total Time": 259.766,
      "Actual Rows": 1,
      "Actual Loops": 1,
      "Plans": [
        {
          "Node Type": "Gather",
          "Parent Relationship": "Outer",
          "Parallel Aware": false,
          "Startup Cost": 64214.86,
          "Total Cost": 64215.07,
          "Plan Rows": 2,
          "Plan Width": 8,
          "Actual Startup Time": 243.157,
          "Actual Total Time": 259.758,
          "Actual Rows": 3,
          "Actual Loops": 1,
          "Workers Planned": 2,
          "Workers Launched": 2,
          "Single Copy": false,
          "Plans": [
            {
              "Node Type": "Aggregate",
              "Strategy": "Plain",
              "Partial Mode": "Partial",
              "Parent Relationship": "Outer",
              "Parallel Aware": false,
              "Startup Cost": 63214.86,
              "Total Cost": 63214.87,
              "Plan Rows": 1,
              "Plan Width": 8,
              "Actual Startup Time": 237.648,
              "Actual Total Time": 237.652,
              "Actual Rows": 1,
              "Actual Loops": 3,
              "Plans": [
                {
                  "Node Type": "Hash Join",
                  "Parent Relationship": "Outer",
                  "Parallel Aware": true,
                  "Join Type": "Inner",
                  "Startup Cost": 46916.89,
                  "Total Cost": 63041.32,
                  "Plan Rows": 69419,
                  "Plan Width": 0,
                  "Actual Startup Time": 177.847,
                  "Actual Total Time": 234.473,
                  "Actual Rows": 76877,
                  "Actual Loops": 3,
                  "Inner Unique": true,
                  "Hash Cond": "(mi_idx.movie_id = t.id)",
                  "Plans": [
                    {
                      "Node Type": "Seq Scan",
                      "Parent Relationship": "Outer",
                      "Parallel Aware": true,
                      "Relation Name": "movie_info_idx",
                      "Alias": "mi_idx",
                      "Startup Cost": 0.0,
                      "Total Cost": 15122.68,
                      "Plan Rows": 381618,
                      "Plan Width": 4,
                      "Actual Startup Time": 0.011,
                      "Actual Total Time": 44.567,
                      "Actual Rows": 306617,
                      "Actual Loops": 3,
                      "Filter": "(info_type_id < 101)",
                      "Rows Removed by Filter": 153395
                    },
                    {
                      "Node Type": "Hash",
                      "Parent Relationship": "Inner",
                      "Parallel Aware": true,
                      "Startup Cost": 45479.59,
                      "Total Cost": 45479.59,
                      "Plan Rows": 114984,
                      "Plan Width": 4,
                      "Actual Startup Time": 142.782,
                      "Actual Total Time": 142.783,
                      "Actual Rows": 111762,
                      "Actual Loops": 3,
                      "Hash Buckets": 524288,
                      "Original Hash Buckets": 524288,
                      "Hash Batches": 1,
                      "Original Hash Batches": 1,
                      "Peak Memory Usage": 17280,
                      "Plans": [
                        {
                          "Node Type": "Seq Scan",
                          "Parent Relationship": "Outer",
                          "Parallel Aware": true,
                          "Relation Name": "title",
                          "Alias": "t",
                          "Startup Cost": 0.0,
                          "Total Cost": 45479.59,
                          "Plan Rows": 114984,
                          "Plan Width": 4,
                          "Actual Startup Time": 42.845,
                          "Actual Total Time": 111.18,
                          "Actual Rows": 111762,
                          "Actual Loops": 3,
                          "Filter": "((production_year > 1990) AND (kind_id = 1))",
                          "Rows Removed by Filter": 731009
                        }
                      ]
                    }
                  ]
                }
              ]
            }
          ]
        }
      ]
    },
    "Planning Time": 0.22,
    "Triggers": [],
    "Execution Time": 259.799
  }
]