{
    "Plan": {
        "Node Type": "Aggregate",
        "Strategy": "Plain",
        "Partial Mode": "Finalize",
        "Parallel Aware": false,
        "Startup Cost": 130890.67,
        "Total Cost": 130890.68,
        "Plan Rows": 1,
        "Plan Width": 8,
        "Actual Startup Time": 114.413,
        "Actual Total Time": 125.355,
        "Actual Rows": 1,
        "Actual Loops": 1,
        "Output": [
            "count(*)"
        ],
        "Plans": [
            {
                "Node Type": "Gather",
                "Parent Relationship": "Outer",
                "Parallel Aware": false,
                "Startup Cost": 130890.25,
                "Total Cost": 130890.66,
                "Plan Rows": 4,
                "Plan Width": 8,
                "Actual Startup Time": 106.899,
                "Actual Total Time": 125.346,
                "Actual Rows": 5,
                "Actual Loops": 1,
                "Output": [
                    "(PARTIAL count(*))"
                ],
                "Workers Planned": 4,
                "Workers Launched": 4,
                "Single Copy": false,
                "Plans": [
                    {
                        "Node Type": "Aggregate",
                        "Strategy": "Plain",
                        "Partial Mode": "Partial",
                        "Parent Relationship": "Outer",
                        "Parallel Aware": false,
                        "Startup Cost": 129890.25,
                        "Total Cost": 129890.26,
                        "Plan Rows": 1,
                        "Plan Width": 8,
                        "Actual Startup Time": 104.657,
                        "Actual Total Time": 104.659,
                        "Actual Rows": 1,
                        "Actual Loops": 5,
                        "Output": [
                            "PARTIAL count(*)"
                        ],
                        "Workers": [
                            {
                                "Worker Number": 0,
                                "Actual Startup Time": 98.165,
                                "Actual Total Time": 98.167,
                                "Actual Rows": 1,
                                "Actual Loops": 1
                            },
                            {
                                "Worker Number": 1,
                                "Actual Startup Time": 107.111,
                                "Actual Total Time": 107.113,
                                "Actual Rows": 1,
                                "Actual Loops": 1
                            },
                            {
                                "Worker Number": 2,
                                "Actual Startup Time": 104.121,
                                "Actual Total Time": 104.123,
                                "Actual Rows": 1,
                                "Actual Loops": 1
                            },
                            {
                                "Worker Number": 3,
                                "Actual Startup Time": 107.716,
                                "Actual Total Time": 107.719,
                                "Actual Rows": 1,
                                "Actual Loops": 1
                            }
                        ],
                        "Plans": [
                            {
                                "Node Type": "Merge Join",
                                "Parent Relationship": "Outer",
                                "Parallel Aware": false,
                                "Join Type": "Inner",
                                "Startup Cost": 129725.88,
                                "Total Cost": 129890.02,
                                "Plan Rows": 92,
                                "Plan Width": 0,
                                "Actual Startup Time": 99.949,
                                "Actual Total Time": 104.649,
                                "Actual Rows": 72,
                                "Actual Loops": 5,
                                "Inner Unique": false,
                                "Merge Cond": "(t.id = mi.movie_id)",
                                "Workers": [
                                    {
                                        "Worker Number": 0,
                                        "Actual Startup Time": 93.976,
                                        "Actual Total Time": 98.159,
                                        "Actual Rows": 50,
                                        "Actual Loops": 1
                                    },
                                    {
                                        "Worker Number": 1,
                                        "Actual Startup Time": 101.98,
                                        "Actual Total Time": 107.102,
                                        "Actual Rows": 61,
                                        "Actual Loops": 1
                                    },
                                    {
                                        "Worker Number": 2,
                                        "Actual Startup Time": 99.705,
                                        "Actual Total Time": 104.113,
                                        "Actual Rows": 103,
                                        "Actual Loops": 1
                                    },
                                    {
                                        "Worker Number": 3,
                                        "Actual Startup Time": 102.669,
                                        "Actual Total Time": 107.708,
                                        "Actual Rows": 69,
                                        "Actual Loops": 1
                                    }
                                ],
                                "Plans": [
                                    {
                                        "Node Type": "Sort",
                                        "Parent Relationship": "Outer",
                                        "Parallel Aware": false,
                                        "Startup Cost": 46181.84,
                                        "Total Cost": 46208.14,
                                        "Plan Rows": 10518,
                                        "Plan Width": 4,
                                        "Actual Startup Time": 80.655,
                                        "Actual Total Time": 81.311,
                                        "Actual Rows": 7471,
                                        "Actual Loops": 5,
                                        "Output": [
                                            "t.id"
                                        ],
                                        "Sort Key": [
                                            "t.id"
                                        ],
                                        "Sort Method": "quicksort",
                                        "Sort Space Used": 840,
                                        "Sort Space Type": "Memory",
                                        "Workers": [
                                            {
                                                "Worker Number": 0,
                                                "Actual Startup Time": 74.701,
                                                "Actual Total Time": 75.276,
                                                "Actual Rows": 6788,
                                                "Actual Loops": 1
                                            },
                                            {
                                                "Worker Number": 1,
                                                "Actual Startup Time": 80.23,
                                                "Actual Total Time": 80.903,
                                                "Actual Rows": 6688,
                                                "Actual Loops": 1
                                            },
                                            {
                                                "Worker Number": 2,
                                                "Actual Startup Time": 80.669,
                                                "Actual Total Time": 81.286,
                                                "Actual Rows": 7303,
                                                "Actual Loops": 1
                                            },
                                            {
                                                "Worker Number": 3,
                                                "Actual Startup Time": 80.877,
                                                "Actual Total Time": 81.503,
                                                "Actual Rows": 6874,
                                                "Actual Loops": 1
                                            }
                                        ],
                                        "Plans": [
                                            {
                                                "Node Type": "Seq Scan",
                                                "Parent Relationship": "Outer",
                                                "Parallel Aware": true,
                                                "Relation Name": "title",
                                                "Schema": "public",
                                                "Alias": "t",
                                                "Startup Cost": 0.0,
                                                "Total Cost": 45479.21,
                                                "Plan Rows": 10518,
                                                "Plan Width": 4,
                                                "Actual Startup Time": 52.22,
                                                "Actual Total Time": 78.683,
                                                "Actual Rows": 7482,
                                                "Actual Loops": 5,
                                                "Output": [
                                                    "t.id"
                                                ],
                                                "Filter": "((t.kind_id = 1) AND (t.production_year = 2011))",
                                                "Rows Removed by Filter": 498180,
                                                "Workers": [
                                                    {
                                                        "Worker Number": 0,
                                                        "Actual Startup Time": 45.192,
                                                        "Actual Total Time": 72.726,
                                                        "Actual Rows": 6803,
                                                        "Actual Loops": 1
                                                    },
                                                    {
                                                        "Worker Number": 1,
                                                        "Actual Startup Time": 49.873,
                                                        "Actual Total Time": 78.285,
                                                        "Actual Rows": 6689,
                                                        "Actual Loops": 1
                                                    },
                                                    {
                                                        "Worker Number": 2,
                                                        "Actual Startup Time": 54.626,
                                                        "Actual Total Time": 78.613,
                                                        "Actual Rows": 7319,
                                                        "Actual Loops": 1
                                                    },
                                                    {
                                                        "Worker Number": 3,
                                                        "Actual Startup Time": 50.877,
                                                        "Actual Total Time": 78.897,
                                                        "Actual Rows": 6892,
                                                        "Actual Loops": 1
                                                    }
                                                ]
                                            }
                                        ]
                                    },
                                    {
                                        "Node Type": "Sort",
                                        "Parent Relationship": "Inner",
                                        "Parallel Aware": false,
                                        "Startup Cost": 83544.04,
                                        "Total Cost": 83599.37,
                                        "Plan Rows": 22133,
                                        "Plan Width": 4,
                                        "Actual Startup Time": 19.087,
                                        "Actual Total Time": 21.051,
                                        "Actual Rows": 30180,
                                        "Actual Loops": 5,
                                        "Output": [
                                            "mi.movie_id"
                                        ],
                                        "Sort Key": [
                                            "mi.movie_id"
                                        ],
                                        "Sort Method": "quicksort",
                                        "Sort Space Used": 2183,
                                        "Sort Space Type": "Memory",
                                        "Workers": [
                                            {
                                                "Worker Number": 0,
                                                "Actual Startup Time": 18.814,
                                                "Actual Total Time": 20.704,
                                                "Actual Rows": 30180,
                                                "Actual Loops": 1
                                            },
                                            {
                                                "Worker Number": 1,
                                                "Actual Startup Time": 21.684,
                                                "Actual Total Time": 23.842,
                                                "Actual Rows": 30180,
                                                "Actual Loops": 1
                                            },
                                            {
                                                "Worker Number": 2,
                                                "Actual Startup Time": 18.79,
                                                "Actual Total Time": 20.623,
                                                "Actual Rows": 30180,
                                                "Actual Loops": 1
                                            },
                                            {
                                                "Worker Number": 3,
                                                "Actual Startup Time": 21.658,
                                                "Actual Total Time": 23.832,
                                                "Actual Rows": 30180,
                                                "Actual Loops": 1
                                            }
                                        ],
                                        "Plans": [
                                            {
                                                "Node Type": "Index Scan",
                                                "Parent Relationship": "Outer",
                                                "Parallel Aware": false,
                                                "Scan Direction": "Forward",
                                                "Index Name": "info_type_id_movie_info",
                                                "Relation Name": "movie_info",
                                                "Schema": "public",
                                                "Alias": "mi",
                                                "Startup Cost": 0.43,
                                                "Total Cost": 81946.71,
                                                "Plan Rows": 22133,
                                                "Plan Width": 4,
                                                "Actual Startup Time": 0.099,
                                                "Actual Total Time": 12.77,
                                                "Actual Rows": 30180,
                                                "Actual Loops": 5,
                                                "Output": [
                                                    "mi.movie_id"
                                                ],
                                                "Index Cond": "(mi.info_type_id = 110)",
                                                "Rows Removed by Index Recheck": 0,
                                                "Workers": [
                                                    {
                                                        "Worker Number": 0,
                                                        "Actual Startup Time": 0.118,
                                                        "Actual Total Time": 12.316,
                                                        "Actual Rows": 30180,
                                                        "Actual Loops": 1
                                                    },
                                                    {
                                                        "Worker Number": 1,
                                                        "Actual Startup Time": 0.144,
                                                        "Actual Total Time": 14.934,
                                                        "Actual Rows": 30180,
                                                        "Actual Loops": 1
                                                    },
                                                    {
                                                        "Worker Number": 2,
                                                        "Actual Startup Time": 0.081,
                                                        "Actual Total Time": 12.259,
                                                        "Actual Rows": 30180,
                                                        "Actual Loops": 1
                                                    },
                                                    {
                                                        "Worker Number": 3,
                                                        "Actual Startup Time": 0.131,
                                                        "Actual Total Time": 14.91,
                                                        "Actual Rows": 30180,
                                                        "Actual Loops": 1
                                                    }
                                                ]
                                            }
                                        ]
                                    }
                                ]
                            }
                        ]
                    }
                ]
            }
        ]
    },
    "Planning Time": 0.717,
    "Triggers": [],
    "Execution Time": 125.438
}