[
  {
    "Plan": {
      "Node Type": "Aggregate",
      "Strategy": "Plain",
      "Partial Mode": "Finalize",
      "Parallel Aware": false,
      "Startup Cost": 45137.09,
      "Total Cost": 45137.1,
      "Plan Rows": 1,
      "Plan Width": 8,
      "Actual Startup Time": 172.7,
      "Actual Total Time": 184.518,
      "Actual Rows": 1,
      "Actual Loops": 1,
      "Plans": [
        {
          "Node Type": "Gather",
          "Parent Relationship": "Outer",
          "Parallel Aware": false,
          "Startup Cost": 45136.77,
          "Total Cost": 45137.08,
          "Plan Rows": 3,
          "Plan Width": 8,
          "Actual Startup Time": 172.56,
          "Actual Total Time": 184.509,
          "Actual Rows": 4,
          "Actual Loops": 1,
          "Workers Planned": 3,
          "Workers Launched": 3,
          "Single Copy": false,
          "Plans": [
            {
              "Node Type": "Aggregate",
              "Strategy": "Plain",
              "Partial Mode": "Partial",
              "Parent Relationship": "Outer",
              "Parallel Aware": false,
              "Startup Cost": 44136.77,
              "Total Cost": 44136.78,
              "Plan Rows": 1,
              "Plan Width": 8,
              "Actual Startup Time": 163.695,
              "Actual Total Time": 163.697,
              "Actual Rows": 1,
              "Actual Loops": 4,
              "Plans": [
                {
                  "Node Type": "Seq Scan",
                  "Parent Relationship": "Outer",
                  "Parallel Aware": true,
                  "Relation Name": "movie_keyword",
                  "Alias": "mk",
                  "Startup Cost": 0.0,
                  "Total Cost": 42695.65,
                  "Plan Rows": 576448,
                  "Plan Width": 0,
                  "Actual Startup Time": 0.084,
                  "Actual Total Time": 136.06,
                  "Actual Rows": 447481,
                  "Actual Loops": 4,
                  "Filter": "(keyword_id < 2892)",
                  "Rows Removed by Filter": 683502
                }
              ]
            }
          ]
        }
      ]
    },
    "Planning Time": 0.158,
    "Triggers": [],
    "Execution Time": 184.572
  }
]