[
  {
    "Plan": {
      "Node Type": "Aggregate",
      "Strategy": "Plain",
      "Partial Mode": "Finalize",
      "Parallel Aware": false,
      "Startup Cost": 388663.08,
      "Total Cost": 388663.09,
      "Plan Rows": 1,
      "Plan Width": 8,
      "Actual Startup Time": 1745.849,
      "Actual Total Time": 1806.311,
      "Actual Rows": 1,
      "Actual Loops": 1,
      "Plans": [
        {
          "Node Type": "Gather",
          "Parent Relationship": "Outer",
          "Parallel Aware": false,
          "Startup Cost": 388662.45,
          "Total Cost": 388663.06,
          "Plan Rows": 6,
          "Plan Width": 8,
          "Actual Startup Time": 1736.571,
          "Actual Total Time": 1806.3,
          "Actual Rows": 7,
          "Actual Loops": 1,
          "Workers Planned": 6,
          "Workers Launched": 6,
          "Single Copy": false,
          "Plans": [
            {
              "Node Type": "Aggregate",
              "Strategy": "Plain",
              "Partial Mode": "Partial",
              "Parent Relationship": "Outer",
              "Parallel Aware": false,
              "Startup Cost": 387662.45,
              "Total Cost": 387662.46,
              "Plan Rows": 1,
              "Plan Width": 8,
              "Actual Startup Time": 1721.355,
              "Actual Total Time": 1721.358,
              "Actual Rows": 1,
              "Actual Loops": 7,
              "Plans": [
                {
                  "Node Type": "Hash Join",
                  "Parent Relationship": "Outer",
                  "Parallel Aware": true,
                  "Join Type": "Inner",
                  "Startup Cost": 48701.62,
                  "Total Cost": 383703.01,
                  "Plan Rows": 1583778,
                  "Plan Width": 0,
                  "Actual Startup Time": 433.057,
                  "Actual Total Time": 1652.545,
                  "Actual Rows": 1347075,
                  "Actual Loops": 7,
                  "Inner Unique": true,
                  "Hash Cond": "(ci.movie_id = t.id)",
                  "Plans": [
                    {
                      "Node Type": "Seq Scan",
                      "Parent Relationship": "Outer",
                      "Parallel Aware": true,
                      "Relation Name": "cast_info",
                      "Alias": "ci",
                      "Startup Cost": 0.0,
                      "Total Cost": 328162.03,
                      "Plan Rows": 2605469,
                      "Plan Width": 4,
                      "Actual Startup Time": 225.899,
                      "Actual Total Time": 616.206,
                      "Actual Rows": 2230940,
                      "Actual Loops": 7,
                      "Filter": "(person_id > 2076248)",
                      "Rows Removed by Filter": 2946823
                    },
                    {
                      "Node Type": "Hash",
                      "Parent Relationship": "Inner",
                      "Parallel Aware": true,
                      "Startup Cost": 43898.92,
                      "Total Cost": 43898.92,
                      "Plan Rows": 384216,
                      "Plan Width": 4,
                      "Actual Startup Time": 202.227,
                      "Actual Total Time": 202.228,
                      "Actual Rows": 220466,
                      "Actual Loops": 7,
                      "Hash Buckets": 2097152,
                      "Original Hash Buckets": 2097152,
                      "Hash Batches": 1,
                      "Original Hash Batches": 1,
                      "Peak Memory Usage": 76896,
                      "Plans": [
                        {
                          "Node Type": "Seq Scan",
                          "Parent Relationship": "Outer",
                          "Parallel Aware": true,
                          "Relation Name": "title",
                          "Alias": "t",
                          "Startup Cost": 0.0,
                          "Total Cost": 43898.92,
                          "Plan Rows": 384216,
                          "Plan Width": 4,
                          "Actual Startup Time": 0.044,
                          "Actual Total Time": 82.377,
                          "Actual Rows": 220466,
                          "Actual Loops": 7,
                          "Filter": "(kind_id = 7)",
                          "Rows Removed by Filter": 140721
                        }
                      ]
                    }
                  ]
                }
              ]
            }
          ]
        }
      ]
    },
    "Planning Time": 0.673,
    "Triggers": [],
    "Execution Time": 1806.401
  }
]