[
  {
    "Plan": {
      "Node Type": "Aggregate",
      "Strategy": "Plain",
      "Partial Mode": "Finalize",
      "Parallel Aware": false,
      "Startup Cost": 176971.58,
      "Total Cost": 176971.59,
      "Plan Rows": 1,
      "Plan Width": 8,
      "Actual Startup Time": 501.9,
      "Actual Total Time": 526.513,
      "Actual Rows": 1,
      "Actual Loops": 1,
      "Plans": [
        {
          "Node Type": "Gather",
          "Parent Relationship": "Outer",
          "Parallel Aware": false,
          "Startup Cost": 176971.06,
          "Total Cost": 176971.57,
          "Plan Rows": 5,
          "Plan Width": 8,
          "Actual Startup Time": 499.219,
          "Actual Total Time": 526.501,
          "Actual Rows": 6,
          "Actual Loops": 1,
          "Workers Planned": 5,
          "Workers Launched": 5,
          "Single Copy": false,
          "Plans": [
            {
              "Node Type": "Aggregate",
              "Strategy": "Plain",
              "Partial Mode": "Partial",
              "Parent Relationship": "Outer",
              "Parallel Aware": false,
              "Startup Cost": 175971.06,
              "Total Cost": 175971.07,
              "Plan Rows": 1,
              "Plan Width": 8,
              "Actual Startup Time": 487.059,
              "Actual Total Time": 487.119,
              "Actual Rows": 1,
              "Actual Loops": 6,
              "Plans": [
                {
                  "Node Type": "Hash Join",
                  "Parent Relationship": "Outer",
                  "Parallel Aware": true,
                  "Join Type": "Inner",
                  "Startup Cost": 62275.76,
                  "Total Cost": 175856.63,
                  "Plan Rows": 45769,
                  "Plan Width": 0,
                  "Actual Startup Time": 191.057,
                  "Actual Total Time": 480.73,
                  "Actual Rows": 104453,
                  "Actual Loops": 6,
                  "Inner Unique": false,
                  "Hash Cond": "(ci.movie_id = t.id)",
                  "Plans": [
                    {
                      "Node Type": "Index Scan",
                      "Parent Relationship": "Outer",
                      "Parallel Aware": true,
                      "Scan Direction": "Forward",
                      "Index Name": "role_id_cast_info",
                      "Relation Name": "cast_info",
                      "Alias": "ci",
                      "Startup Cost": 0.56,
                      "Total Cost": 110428.26,
                      "Plan Rows": 789995,
                      "Plan Width": 4,
                      "Actual Startup Time": 0.346,
                      "Actual Total Time": 173.598,
                      "Actual Rows": 658410,
                      "Actual Loops": 6,
                      "Index Cond": "(role_id = 3)",
                      "Rows Removed by Index Recheck": 0,
                      "Filter": "(person_id > 89089)",
                      "Rows Removed by Filter": 9596
                    },
                    {
                      "Node Type": "Hash",
                      "Parent Relationship": "Inner",
                      "Parallel Aware": true,
                      "Startup Cost": 61512.28,
                      "Total Cost": 61512.28,
                      "Plan Rows": 61033,
                      "Plan Width": 8,
                      "Actual Startup Time": 188.814,
                      "Actual Total Time": 188.872,
                      "Actual Rows": 29020,
                      "Actual Loops": 6,
                      "Hash Buckets": 262144,
                      "Original Hash Buckets": 262144,
                      "Hash Batches": 1,
                      "Original Hash Batches": 1,
                      "Peak Memory Usage": 8928,
                      "Plans": [
                        {
                          "Node Type": "Hash Join",
                          "Parent Relationship": "Outer",
                          "Parallel Aware": true,
                          "Join Type": "Inner",
                          "Startup Cost": 46317.72,
                          "Total Cost": 61512.28,
                          "Plan Rows": 61033,
                          "Plan Width": 8,
                          "Actual Startup Time": 138.77,
                          "Actual Total Time": 178.59,
                          "Actual Rows": 29020,
                          "Actual Loops": 6,
                          "Inner Unique": true,
                          "Hash Cond": "(mi_idx.movie_id = t.id)",
                          "Plans": [
                            {
                              "Node Type": "Seq Scan",
                              "Parent Relationship": "Outer",
                              "Parallel Aware": true,
                              "Relation Name": "movie_info_idx",
                              "Alias": "mi_idx",
                              "Startup Cost": 0.0,
                              "Total Cost": 13685.15,
                              "Plan Rows": 575015,
                              "Plan Width": 4,
                              "Actual Startup Time": 0.028,
                              "Actual Total Time": 26.781,
                              "Actual Rows": 230006,
                              "Actual Loops": 6
                            },
                            {
                              "Node Type": "Hash",
                              "Parent Relationship": "Inner",
                              "Parallel Aware": true,
                              "Startup Cost": 45479.1,
                              "Total Cost": 45479.1,
                              "Plan Rows": 67090,
                              "Plan Width": 4,
                              "Actual Startup Time": 113.783,
                              "Actual Total Time": 113.784,
                              "Actual Rows": 36047,
                              "Actual Loops": 6,
                              "Hash Buckets": 524288,
                              "Original Hash Buckets": 524288,
                              "Hash Batches": 1,
                              "Original Hash Batches": 1,
                              "Peak Memory Usage": 12640,
                              "Plans": [
                                {
                                  "Node Type": "Seq Scan",
                                  "Parent Relationship": "Outer",
                                  "Parallel Aware": true,
                                  "Relation Name": "title",
                                  "Alias": "t",
                                  "Startup Cost": 0.0,
                                  "Total Cost": 45479.1,
                                  "Plan Rows": 67090,
                                  "Plan Width": 4,
                                  "Actual Startup Time": 50.104,
                                  "Actual Total Time": 96.83,
                                  "Actual Rows": 36047,
                                  "Actual Loops": 6,
                                  "Filter": "((production_year > 2005) AND (kind_id = 1))",
                                  "Rows Removed by Filter": 385338
                                }
                              ]
                            }
                          ]
                        }
                      ]
                    }
                  ]
                }
              ]
            }
          ]
        }
      ]
    },
    "Planning Time": 1.671,
    "Triggers": [],
    "Execution Time": 526.611
  }
]