{
    "Plan": {
        "Node Type": "Aggregate",
        "Strategy": "Plain",
        "Partial Mode": "Simple",
        "Parallel Aware": false,
        "Startup Cost": 50002078463.85,
        "Total Cost": 50002078463.86,
        "Plan Rows": 1,
        "Plan Width": 64,
        "Actual Startup Time": 8988.02,
        "Actual Total Time": 9101.672,
        "Actual Rows": 1,
        "Actual Loops": 1,
        "Output": [
            "min((kt.kind)::text)",
            "min(t.title)"
        ],
        "Plans": [
            {
                "Node Type": "Nested Loop",
                "Parent Relationship": "Outer",
                "Parallel Aware": false,
                "Join Type": "Inner",
                "Startup Cost": 50002078279.28,
                "Total Cost": 50002078463.85,
                "Plan Rows": 1,
                "Plan Width": 27,
                "Actual Startup Time": 8988.013,
                "Actual Total Time": 9101.651,
                "Actual Rows": 0,
                "Actual Loops": 1,
                "Output": [
                    "kt.kind",
                    "t.title"
                ],
                "Inner Unique": true,
                "Plans": [
                    {
                        "Node Type": "Gather",
                        "Parent Relationship": "Outer",
                        "Parallel Aware": false,
                        "Startup Cost": 40002078279.14,
                        "Total Cost": 40002078455.68,
                        "Plan Rows": 1,
                        "Plan Width": 31,
                        "Actual Startup Time": 8967.021,
                        "Actual Total Time": 9101.08,
                        "Actual Rows": 32,
                        "Actual Loops": 1,
                        "Output": [
                            "cc.status_id",
                            "t.title",
                            "kt.kind"
                        ],
                        "Workers Planned": 3,
                        "Workers Launched": 3,
                        "Single Copy": false,
                        "Plans": [
                            {
                                "Node Type": "Hash Join",
                                "Parent Relationship": "Outer",
                                "Parallel Aware": false,
                                "Join Type": "Inner",
                                "Startup Cost": 40002077279.14,
                                "Total Cost": 40002077455.58,
                                "Plan Rows": 1,
                                "Plan Width": 31,
                                "Actual Startup Time": 8568.527,
                                "Actual Total Time": 8571.291,
                                "Actual Rows": 8,
                                "Actual Loops": 4,
                                "Output": [
                                    "cc.status_id",
                                    "t.title",
                                    "kt.kind"
                                ],
                                "Inner Unique": true,
                                "Hash Cond": "(mi.info_type_id = it1.id)",
                                "Workers": [
                                    {
                                        "Worker Number": 0,
                                        "Actual Startup Time": 8951.622,
                                        "Actual Total Time": 8962.606,
                                        "Actual Rows": 32,
                                        "Actual Loops": 1
                                    },
                                    {
                                        "Worker Number": 1,
                                        "Actual Startup Time": 8962.811,
                                        "Actual Total Time": 8962.832,
                                        "Actual Rows": 0,
                                        "Actual Loops": 1
                                    },
                                    {
                                        "Worker Number": 2,
                                        "Actual Startup Time": 8270.14,
                                        "Actual Total Time": 8270.16,
                                        "Actual Rows": 0,
                                        "Actual Loops": 1
                                    }
                                ],
                                "Plans": [
                                    {
                                        "Node Type": "Merge Join",
                                        "Parent Relationship": "Outer",
                                        "Parallel Aware": false,
                                        "Join Type": "Inner",
                                        "Startup Cost": 40002077265.01,
                                        "Total Cost": 40002077441.37,
                                        "Plan Rows": 30,
                                        "Plan Width": 35,
                                        "Actual Startup Time": 8567.952,
                                        "Actual Total Time": 8570.713,
                                        "Actual Rows": 8,
                                        "Actual Loops": 4,
                                        "Output": [
                                            "cc.status_id",
                                            "mi.info_type_id",
                                            "t.title",
                                            "kt.kind"
                                        ],
                                        "Inner Unique": false,
                                        "Merge Cond": "(t.id = mi.movie_id)",
                                        "Workers": [
                                            {
                                                "Worker Number": 0,
                                                "Actual Startup Time": 8950.839,
                                                "Actual Total Time": 8961.815,
                                                "Actual Rows": 32,
                                                "Actual Loops": 1
                                            },
                                            {
                                                "Worker Number": 1,
                                                "Actual Startup Time": 8961.972,
                                                "Actual Total Time": 8961.99,
                                                "Actual Rows": 0,
                                                "Actual Loops": 1
                                            },
                                            {
                                                "Worker Number": 2,
                                                "Actual Startup Time": 8269.512,
                                                "Actual Total Time": 8269.531,
                                                "Actual Rows": 0,
                                                "Actual Loops": 1
                                            }
                                        ],
                                        "Plans": [
                                            {
                                                "Node Type": "Sort",
                                                "Parent Relationship": "Outer",
                                                "Parallel Aware": false,
                                                "Startup Cost": 40000953156.94,
                                                "Total Cost": 40000953244.36,
                                                "Plan Rows": 34971,
                                                "Plan Width": 47,
                                                "Actual Startup Time": 5905.181,
                                                "Actual Total Time": 5909.407,
                                                "Actual Rows": 129586,
                                                "Actual Loops": 4,
                                                "Output": [
                                                    "cc.movie_id",
                                                    "cc.status_id",
                                                    "mc.movie_id",
                                                    "mk.movie_id",
                                                    "t.title",
                                                    "t.id",
                                                    "kt.kind"
                                                ],
                                                "Sort Key": [
                                                    "cc.movie_id"
                                                ],
                                                "Sort Method": "quicksort",
                                                "Sort Space Used": 18818,
                                                "Sort Space Type": "Memory",
                                                "Workers": [
                                                    {
                                                        "Worker Number": 0,
                                                        "Actual Startup Time": 5893.903,
                                                        "Actual Total Time": 5898.085,
                                                        "Actual Rows": 128458,
                                                        "Actual Loops": 1
                                                    },
                                                    {
                                                        "Worker Number": 1,
                                                        "Actual Startup Time": 5911.032,
                                                        "Actual Total Time": 5915.288,
                                                        "Actual Rows": 131723,
                                                        "Actual Loops": 1
                                                    },
                                                    {
                                                        "Worker Number": 2,
                                                        "Actual Startup Time": 5894.715,
                                                        "Actual Total Time": 5898.657,
                                                        "Actual Rows": 118302,
                                                        "Actual Loops": 1
                                                    }
                                                ],
                                                "Plans": [
                                                    {
                                                        "Node Type": "Hash Join",
                                                        "Parent Relationship": "Outer",
                                                        "Parallel Aware": false,
                                                        "Join Type": "Inner",
                                                        "Startup Cost": 40000389257.61,
                                                        "Total Cost": 40000950517.7,
                                                        "Plan Rows": 34971,
                                                        "Plan Width": 47,
                                                        "Actual Startup Time": 2576.786,
                                                        "Actual Total Time": 5840.564,
                                                        "Actual Rows": 129589,
                                                        "Actual Loops": 4,
                                                        "Output": [
                                                            "cc.movie_id",
                                                            "cc.status_id",
                                                            "mc.movie_id",
                                                            "mk.movie_id",
                                                            "t.title",
                                                            "t.id",
                                                            "kt.kind"
                                                        ],
                                                        "Inner Unique": false,
                                                        "Hash Cond": "(mc.company_type_id = ct.id)",
                                                        "Workers": [
                                                            {
                                                                "Worker Number": 0,
                                                                "Actual Startup Time": 2588.508,
                                                                "Actual Total Time": 5830.588,
                                                                "Actual Rows": 128458,
                                                                "Actual Loops": 1
                                                            },
                                                            {
                                                                "Worker Number": 1,
                                                                "Actual Startup Time": 2589.648,
                                                                "Actual Total Time": 5845.294,
                                                                "Actual Rows": 131723,
                                                                "Actual Loops": 1
                                                            },
                                                            {
                                                                "Worker Number": 2,
                                                                "Actual Startup Time": 2568.34,
                                                                "Actual Total Time": 5834.801,
                                                                "Actual Rows": 118315,
                                                                "Actual Loops": 1
                                                            }
                                                        ],
                                                        "Plans": [
                                                            {
                                                                "Node Type": "Nested Loop",
                                                                "Parent Relationship": "Outer",
                                                                "Parallel Aware": false,
                                                                "Join Type": "Inner",
                                                                "Startup Cost": 30000389256.52,
                                                                "Total Cost": 30000950035.76,
                                                                "Plan Rows": 34971,
                                                                "Plan Width": 51,
                                                                "Actual Startup Time": 2576.649,
                                                                "Actual Total Time": 5793.635,
                                                                "Actual Rows": 129589,
                                                                "Actual Loops": 4,
                                                                "Output": [
                                                                    "cc.movie_id",
                                                                    "cc.status_id",
                                                                    "mc.movie_id",
                                                                    "mc.company_type_id",
                                                                    "mk.movie_id",
                                                                    "t.title",
                                                                    "t.id",
                                                                    "kt.kind"
                                                                ],
                                                                "Inner Unique": true,
                                                                "Workers": [
                                                                    {
                                                                        "Worker Number": 0,
                                                                        "Actual Startup Time": 2588.326,
                                                                        "Actual Total Time": 5783.693,
                                                                        "Actual Rows": 128458,
                                                                        "Actual Loops": 1
                                                                    },
                                                                    {
                                                                        "Worker Number": 1,
                                                                        "Actual Startup Time": 2589.451,
                                                                        "Actual Total Time": 5797.554,
                                                                        "Actual Rows": 131723,
                                                                        "Actual Loops": 1
                                                                    },
                                                                    {
                                                                        "Worker Number": 2,
                                                                        "Actual Startup Time": 2568.203,
                                                                        "Actual Total Time": 5791.627,
                                                                        "Actual Rows": 118315,
                                                                        "Actual Loops": 1
                                                                    }
                                                                ],
                                                                "Plans": [
                                                                    {
                                                                        "Node Type": "Merge Join",
                                                                        "Parent Relationship": "Outer",
                                                                        "Parallel Aware": false,
                                                                        "Join Type": "Inner",
                                                                        "Startup Cost": 20000389256.09,
                                                                        "Total Cost": 20000516806.75,
                                                                        "Plan Rows": 97484,
                                                                        "Plan Width": 55,
                                                                        "Actual Startup Time": 2572.758,
                                                                        "Actual Total Time": 2945.729,
                                                                        "Actual Rows": 581210,
                                                                        "Actual Loops": 4,
                                                                        "Output": [
                                                                            "cc.movie_id",
                                                                            "cc.status_id",
                                                                            "mc.movie_id",
                                                                            "mc.company_id",
                                                                            "mc.company_type_id",
                                                                            "mk.movie_id",
                                                                            "t.title",
                                                                            "t.id",
                                                                            "kt.kind"
                                                                        ],
                                                                        "Inner Unique": false,
                                                                        "Merge Cond": "(mc.movie_id = t.id)",
                                                                        "Workers": [
                                                                            {
                                                                                "Worker Number": 0,
                                                                                "Actual Startup Time": 2588.143,
                                                                                "Actual Total Time": 2990.242,
                                                                                "Actual Rows": 582798,
                                                                                "Actual Loops": 1
                                                                            },
                                                                            {
                                                                                "Worker Number": 1,
                                                                                "Actual Startup Time": 2588.812,
                                                                                "Actual Total Time": 2949.188,
                                                                                "Actual Rows": 590668,
                                                                                "Actual Loops": 1
                                                                            },
                                                                            {
                                                                                "Worker Number": 2,
                                                                                "Actual Startup Time": 2568.137,
                                                                                "Actual Total Time": 2938.284,
                                                                                "Actual Rows": 556441,
                                                                                "Actual Loops": 1
                                                                            }
                                                                        ],
                                                                        "Plans": [
                                                                            {
                                                                                "Node Type": "Index Scan",
                                                                                "Parent Relationship": "Outer",
                                                                                "Parallel Aware": true,
                                                                                "Scan Direction": "Forward",
                                                                                "Index Name": "movie_id_movie_companies",
                                                                                "Relation Name": "movie_companies",
                                                                                "Schema": "public",
                                                                                "Alias": "mc",
                                                                                "Startup Cost": 10000000000.43,
                                                                                "Total Cost": 10000123175.18,
                                                                                "Plan Rows": 841655,
                                                                                "Plan Width": 12,
                                                                                "Actual Startup Time": 0.122,
                                                                                "Actual Total Time": 151.763,
                                                                                "Actual Rows": 651374,
                                                                                "Actual Loops": 4,
                                                                                "Output": [
                                                                                    "mc.id",
                                                                                    "mc.movie_id",
                                                                                    "mc.company_id",
                                                                                    "mc.company_type_id",
                                                                                    "mc.note"
                                                                                ],
                                                                                "Workers": [
                                                                                    {
                                                                                        "Worker Number": 0,
                                                                                        "Actual Startup Time": 0.153,
                                                                                        "Actual Total Time": 129.414,
                                                                                        "Actual Rows": 508377,
                                                                                        "Actual Loops": 1
                                                                                    },
                                                                                    {
                                                                                        "Worker Number": 1,
                                                                                        "Actual Startup Time": 0.252,
                                                                                        "Actual Total Time": 96.512,
                                                                                        "Actual Rows": 369603,
                                                                                        "Actual Loops": 1
                                                                                    },
                                                                                    {
                                                                                        "Worker Number": 2,
                                                                                        "Actual Startup Time": 0.073,
                                                                                        "Actual Total Time": 109.4,
                                                                                        "Actual Rows": 394366,
                                                                                        "Actual Loops": 1
                                                                                    }
                                                                                ]
                                                                            },
                                                                            {
                                                                                "Node Type": "Sort",
                                                                                "Parent Relationship": "Inner",
                                                                                "Parallel Aware": false,
                                                                                "Startup Cost": 10000389255.52,
                                                                                "Total Cost": 10000389937.87,
                                                                                "Plan Rows": 272937,
                                                                                "Plan Width": 43,
                                                                                "Actual Startup Time": 2511.928,
                                                                                "Actual Total Time": 2613.009,
                                                                                "Actual Rows": 645502,
                                                                                "Actual Loops": 4,
                                                                                "Output": [
                                                                                    "cc.movie_id",
                                                                                    "cc.status_id",
                                                                                    "mk.movie_id",
                                                                                    "t.title",
                                                                                    "t.id",
                                                                                    "kt.kind"
                                                                                ],
                                                                                "Sort Key": [
                                                                                    "cc.movie_id"
                                                                                ],
                                                                                "Sort Method": "quicksort",
                                                                                "Sort Space Used": 10427,
                                                                                "Sort Space Type": "Memory",
                                                                                "Workers": [
                                                                                    {
                                                                                        "Worker Number": 0,
                                                                                        "Actual Startup Time": 2587.565,
                                                                                        "Actual Total Time": 2690.954,
                                                                                        "Actual Rows": 646137,
                                                                                        "Actual Loops": 1
                                                                                    },
                                                                                    {
                                                                                        "Worker Number": 1,
                                                                                        "Actual Startup Time": 2588.08,
                                                                                        "Actual Total Time": 2690.602,
                                                                                        "Actual Rows": 654961,
                                                                                        "Actual Loops": 1
                                                                                    },
                                                                                    {
                                                                                        "Worker Number": 2,
                                                                                        "Actual Startup Time": 2567.395,
                                                                                        "Actual Total Time": 2667.602,
                                                                                        "Actual Rows": 621912,
                                                                                        "Actual Loops": 1
                                                                                    }
                                                                                ],
                                                                                "Plans": [
                                                                                    {
                                                                                        "Node Type": "Merge Join",
                                                                                        "Parent Relationship": "Outer",
                                                                                        "Parallel Aware": false,
                                                                                        "Join Type": "Inner",
                                                                                        "Startup Cost": 10000359848.65,
                                                                                        "Total Cost": 10000364611.76,
                                                                                        "Plan Rows": 272937,
                                                                                        "Plan Width": 43,
                                                                                        "Actual Startup Time": 2434.158,
                                                                                        "Actual Total Time": 2488.003,
                                                                                        "Actual Rows": 85536,
                                                                                        "Actual Loops": 4,
                                                                                        "Output": [
                                                                                            "cc.movie_id",
                                                                                            "cc.status_id",
                                                                                            "mk.movie_id",
                                                                                            "t.title",
                                                                                            "t.id",
                                                                                            "kt.kind"
                                                                                        ],
                                                                                        "Inner Unique": false,
                                                                                        "Merge Cond": "(k.id = mk.keyword_id)",
                                                                                        "Workers": [
                                                                                            {
                                                                                                "Worker Number": 0,
                                                                                                "Actual Startup Time": 2508.943,
                                                                                                "Actual Total Time": 2563.537,
                                                                                                "Actual Rows": 85536,
                                                                                                "Actual Loops": 1
                                                                                            },
                                                                                            {
                                                                                                "Worker Number": 1,
                                                                                                "Actual Startup Time": 2508.866,
                                                                                                "Actual Total Time": 2564.001,
                                                                                                "Actual Rows": 85536,
                                                                                                "Actual Loops": 1
                                                                                            },
                                                                                            {
                                                                                                "Worker Number": 2,
                                                                                                "Actual Startup Time": 2490.969,
                                                                                                "Actual Total Time": 2543.463,
                                                                                                "Actual Rows": 85536,
                                                                                                "Actual Loops": 1
                                                                                            }
                                                                                        ],
                                                                                        "Plans": [
                                                                                            {
                                                                                                "Node Type": "Sort",
                                                                                                "Parent Relationship": "Outer",
                                                                                                "Parallel Aware": false,
                                                                                                "Startup Cost": 13717.76,
                                                                                                "Total Cost": 14053.18,
                                                                                                "Plan Rows": 134170,
                                                                                                "Plan Width": 4,
                                                                                                "Actual Startup Time": 72.476,
                                                                                                "Actual Total Time": 87.288,
                                                                                                "Actual Rows": 133842,
                                                                                                "Actual Loops": 4,
                                                                                                "Output": [
                                                                                                    "k.id"
                                                                                                ],
                                                                                                "Sort Key": [
                                                                                                    "k.id"
                                                                                                ],
                                                                                                "Sort Method": "quicksort",
                                                                                                "Sort Space Used": 12434,
                                                                                                "Sort Space Type": "Memory",
                                                                                                "Workers": [
                                                                                                    {
                                                                                                        "Worker Number": 0,
                                                                                                        "Actual Startup Time": 78.328,
                                                                                                        "Actual Total Time": 93.115,
                                                                                                        "Actual Rows": 133842,
                                                                                                        "Actual Loops": 1
                                                                                                    },
                                                                                                    {
                                                                                                        "Worker Number": 1,
                                                                                                        "Actual Startup Time": 78.256,
                                                                                                        "Actual Total Time": 93.064,
                                                                                                        "Actual Rows": 133842,
                                                                                                        "Actual Loops": 1
                                                                                                    },
                                                                                                    {
                                                                                                        "Worker Number": 2,
                                                                                                        "Actual Startup Time": 77.371,
                                                                                                        "Actual Total Time": 92.903,
                                                                                                        "Actual Rows": 133842,
                                                                                                        "Actual Loops": 1
                                                                                                    }
                                                                                                ],
                                                                                                "Plans": [
                                                                                                    {
                                                                                                        "Node Type": "Seq Scan",
                                                                                                        "Parent Relationship": "Outer",
                                                                                                        "Parallel Aware": false,
                                                                                                        "Relation Name": "keyword",
                                                                                                        "Schema": "public",
                                                                                                        "Alias": "k",
                                                                                                        "Startup Cost": 0.0,
                                                                                                        "Total Cost": 2290.7,
                                                                                                        "Plan Rows": 134170,
                                                                                                        "Plan Width": 4,
                                                                                                        "Actual Startup Time": 0.058,
                                                                                                        "Actual Total Time": 23.658,
                                                                                                        "Actual Rows": 134170,
                                                                                                        "Actual Loops": 4,
                                                                                                        "Output": [
                                                                                                            "k.id"
                                                                                                        ],
                                                                                                        "Workers": [
                                                                                                            {
                                                                                                                "Worker Number": 0,
                                                                                                                "Actual Startup Time": 0.081,
                                                                                                                "Actual Total Time": 25.811,
                                                                                                                "Actual Rows": 134170,
                                                                                                                "Actual Loops": 1
                                                                                                            },
                                                                                                            {
                                                                                                                "Worker Number": 1,
                                                                                                                "Actual Startup Time": 0.079,
                                                                                                                "Actual Total Time": 26.092,
                                                                                                                "Actual Rows": 134170,
                                                                                                                "Actual Loops": 1
                                                                                                            },
                                                                                                            {
                                                                                                                "Worker Number": 2,
                                                                                                                "Actual Startup Time": 0.062,
                                                                                                                "Actual Total Time": 25.961,
                                                                                                                "Actual Rows": 134170,
                                                                                                                "Actual Loops": 1
                                                                                                            }
                                                                                                        ]
                                                                                                    }
                                                                                                ]
                                                                                            },
                                                                                            {
                                                                                                "Node Type": "Sort",
                                                                                                "Parent Relationship": "Inner",
                                                                                                "Parallel Aware": false,
                                                                                                "Startup Cost": 10000346130.83,
                                                                                                "Total Cost": 10000346813.17,
                                                                                                "Plan Rows": 272937,
                                                                                                "Plan Width": 47,
                                                                                                "Actual Startup Time": 2361.67,
                                                                                                "Actual Total Time": 2374.867,
                                                                                                "Actual Rows": 85536,
                                                                                                "Actual Loops": 4,
                                                                                                "Output": [
                                                                                                    "cc.movie_id",
                                                                                                    "cc.status_id",
                                                                                                    "mk.movie_id",
                                                                                                    "mk.keyword_id",
                                                                                                    "t.title",
                                                                                                    "t.id",
                                                                                                    "kt.kind"
                                                                                                ],
                                                                                                "Sort Key": [
                                                                                                    "mk.keyword_id"
                                                                                                ],
                                                                                                "Sort Method": "quicksort",
                                                                                                "Sort Space Used": 10866,
                                                                                                "Sort Space Type": "Memory",
                                                                                                "Workers": [
                                                                                                    {
                                                                                                        "Worker Number": 0,
                                                                                                        "Actual Startup Time": 2430.604,
                                                                                                        "Actual Total Time": 2444.06,
                                                                                                        "Actual Rows": 85536,
                                                                                                        "Actual Loops": 1
                                                                                                    },
                                                                                                    {
                                                                                                        "Worker Number": 1,
                                                                                                        "Actual Startup Time": 2430.6,
                                                                                                        "Actual Total Time": 2444.291,
                                                                                                        "Actual Rows": 85536,
                                                                                                        "Actual Loops": 1
                                                                                                    },
                                                                                                    {
                                                                                                        "Worker Number": 2,
                                                                                                        "Actual Startup Time": 2413.587,
                                                                                                        "Actual Total Time": 2425.597,
                                                                                                        "Actual Rows": 85536,
                                                                                                        "Actual Loops": 1
                                                                                                    }
                                                                                                ],
                                                                                                "Plans": [
                                                                                                    {
                                                                                                        "Node Type": "Hash Join",
                                                                                                        "Parent Relationship": "Outer",
                                                                                                        "Parallel Aware": false,
                                                                                                        "Join Type": "Inner",
                                                                                                        "Startup Cost": 10000240785.91,
                                                                                                        "Total Cost": 10000321487.06,
                                                                                                        "Plan Rows": 272937,
                                                                                                        "Plan Width": 47,
                                                                                                        "Actual Startup Time": 2154.855,
                                                                                                        "Actual Total Time": 2333.693,
                                                                                                        "Actual Rows": 85536,
                                                                                                        "Actual Loops": 4,
                                                                                                        "Output": [
                                                                                                            "cc.movie_id",
                                                                                                            "cc.status_id",
                                                                                                            "mk.movie_id",
                                                                                                            "mk.keyword_id",
                                                                                                            "t.title",
                                                                                                            "t.id",
                                                                                                            "kt.kind"
                                                                                                        ],
                                                                                                        "Inner Unique": false,
                                                                                                        "Hash Cond": "(t.id = mk.movie_id)",
                                                                                                        "Workers": [
                                                                                                            {
                                                                                                                "Worker Number": 0,
                                                                                                                "Actual Startup Time": 2220.737,
                                                                                                                "Actual Total Time": 2402.443,
                                                                                                                "Actual Rows": 85536,
                                                                                                                "Actual Loops": 1
                                                                                                            },
                                                                                                            {
                                                                                                                "Worker Number": 1,
                                                                                                                "Actual Startup Time": 2220.701,
                                                                                                                "Actual Total Time": 2402.032,
                                                                                                                "Actual Rows": 85536,
                                                                                                                "Actual Loops": 1
                                                                                                            },
                                                                                                            {
                                                                                                                "Worker Number": 2,
                                                                                                                "Actual Startup Time": 2208.484,
                                                                                                                "Actual Total Time": 2386.64,
                                                                                                                "Actual Rows": 85536,
                                                                                                                "Actual Loops": 1
                                                                                                            }
                                                                                                        ],
                                                                                                        "Plans": [
                                                                                                            {
                                                                                                                "Node Type": "Hash Join",
                                                                                                                "Parent Relationship": "Outer",
                                                                                                                "Parallel Aware": false,
                                                                                                                "Join Type": "Inner",
                                                                                                                "Startup Cost": 10000007059.32,
                                                                                                                "Total Cost": 10000078594.65,
                                                                                                                "Plan Rows": 5999,
                                                                                                                "Plan Width": 39,
                                                                                                                "Actual Startup Time": 235.1,
                                                                                                                "Actual Total Time": 404.405,
                                                                                                                "Actual Rows": 2080,
                                                                                                                "Actual Loops": 4,
                                                                                                                "Output": [
                                                                                                                    "cc.movie_id",
                                                                                                                    "cc.status_id",
                                                                                                                    "t.title",
                                                                                                                    "t.id",
                                                                                                                    "kt.kind"
                                                                                                                ],
                                                                                                                "Inner Unique": false,
                                                                                                                "Hash Cond": "(t.id = cc.movie_id)",
                                                                                                                "Workers": [
                                                                                                                    {
                                                                                                                        "Worker Number": 0,
                                                                                                                        "Actual Startup Time": 225.276,
                                                                                                                        "Actual Total Time": 397.253,
                                                                                                                        "Actual Rows": 2080,
                                                                                                                        "Actual Loops": 1
                                                                                                                    },
                                                                                                                    {
                                                                                                                        "Worker Number": 1,
                                                                                                                        "Actual Startup Time": 238.711,
                                                                                                                        "Actual Total Time": 410.305,
                                                                                                                        "Actual Rows": 2080,
                                                                                                                        "Actual Loops": 1
                                                                                                                    },
                                                                                                                    {
                                                                                                                        "Worker Number": 2,
                                                                                                                        "Actual Startup Time": 247.05,
                                                                                                                        "Actual Total Time": 415.786,
                                                                                                                        "Actual Rows": 2080,
                                                                                                                        "Actual Loops": 1
                                                                                                                    }
                                                                                                                ],
                                                                                                                "Plans": [
                                                                                                                    {
                                                                                                                        "Node Type": "Hash Join",
                                                                                                                        "Parent Relationship": "Outer",
                                                                                                                        "Parallel Aware": false,
                                                                                                                        "Join Type": "Inner",
                                                                                                                        "Startup Cost": 12.27,
                                                                                                                        "Total Cost": 70926.26,
                                                                                                                        "Plan Rows": 112270,
                                                                                                                        "Plan Width": 31,
                                                                                                                        "Actual Startup Time": 11.789,
                                                                                                                        "Actual Total Time": 315.126,
                                                                                                                        "Actual Rows": 182393,
                                                                                                                        "Actual Loops": 4,
                                                                                                                        "Output": [
                                                                                                                            "kt.kind",
                                                                                                                            "t.title",
                                                                                                                            "t.id"
                                                                                                                        ],
                                                                                                                        "Inner Unique": true,
                                                                                                                        "Hash Cond": "(t.kind_id = kt.id)",
                                                                                                                        "Workers": [
                                                                                                                            {
                                                                                                                                "Worker Number": 0,
                                                                                                                                "Actual Startup Time": 12.062,
                                                                                                                                "Actual Total Time": 308.272,
                                                                                                                                "Actual Rows": 182393,
                                                                                                                                "Actual Loops": 1
                                                                                                                            },
                                                                                                                            {
                                                                                                                                "Worker Number": 1,
                                                                                                                                "Actual Startup Time": 11.865,
                                                                                                                                "Actual Total Time": 318.791,
                                                                                                                                "Actual Rows": 182393,
                                                                                                                                "Actual Loops": 1
                                                                                                                            },
                                                                                                                            {
                                                                                                                                "Worker Number": 2,
                                                                                                                                "Actual Startup Time": 12.686,
                                                                                                                                "Actual Total Time": 329.887,
                                                                                                                                "Actual Rows": 182393,
                                                                                                                                "Actual Loops": 1
                                                                                                                            }
                                                                                                                        ],
                                                                                                                        "Plans": [
                                                                                                                            {
                                                                                                                                "Node Type": "Seq Scan",
                                                                                                                                "Parent Relationship": "Outer",
                                                                                                                                "Parallel Aware": false,
                                                                                                                                "Relation Name": "title",
                                                                                                                                "Schema": "public",
                                                                                                                                "Alias": "t",
                                                                                                                                "Startup Cost": 0.0,
                                                                                                                                "Total Cost": 67602.02,
                                                                                                                                "Plan Rows": 785892,
                                                                                                                                "Plan Width": 25,
                                                                                                                                "Actual Startup Time": 0.05,
                                                                                                                                "Actual Total Time": 258.104,
                                                                                                                                "Actual Rows": 784926,
                                                                                                                                "Actual Loops": 4,
                                                                                                                                "Output": [
                                                                                                                                    "t.id",
                                                                                                                                    "t.title",
                                                                                                                                    "t.imdb_index",
                                                                                                                                    "t.kind_id",
                                                                                                                                    "t.production_year",
                                                                                                                                    "t.imdb_id",
                                                                                                                                    "t.phonetic_code",
                                                                                                                                    "t.episode_of_id",
                                                                                                                                    "t.season_nr",
                                                                                                                                    "t.episode_nr",
                                                                                                                                    "t.series_years",
                                                                                                                                    "t.md5sum"
                                                                                                                                ],
                                                                                                                                "Filter": "(t.production_year > 2007)",
                                                                                                                                "Rows Removed by Filter": 1743386,
                                                                                                                                "Workers": [
                                                                                                                                    {
                                                                                                                                        "Worker Number": 0,
                                                                                                                                        "Actual Startup Time": 0.052,
                                                                                                                                        "Actual Total Time": 250.298,
                                                                                                                                        "Actual Rows": 784926,
                                                                                                                                        "Actual Loops": 1
                                                                                                                                    },
                                                                                                                                    {
                                                                                                                                        "Worker Number": 1,
                                                                                                                                        "Actual Startup Time": 0.058,
                                                                                                                                        "Actual Total Time": 261.058,
                                                                                                                                        "Actual Rows": 784926,
                                                                                                                                        "Actual Loops": 1
                                                                                                                                    },
                                                                                                                                    {
                                                                                                                                        "Worker Number": 2,
                                                                                                                                        "Actual Startup Time": 0.072,
                                                                                                                                        "Actual Total Time": 273.72,
                                                                                                                                        "Actual Rows": 784926,
                                                                                                                                        "Actual Loops": 1
                                                                                                                                    }
                                                                                                                                ]
                                                                                                                            },
                                                                                                                            {
                                                                                                                                "Node Type": "Hash",
                                                                                                                                "Parent Relationship": "Inner",
                                                                                                                                "Parallel Aware": false,
                                                                                                                                "Startup Cost": 12.26,
                                                                                                                                "Total Cost": 12.26,
                                                                                                                                "Plan Rows": 1,
                                                                                                                                "Plan Width": 14,
                                                                                                                                "Actual Startup Time": 0.05,
                                                                                                                                "Actual Total Time": 0.052,
                                                                                                                                "Actual Rows": 1,
                                                                                                                                "Actual Loops": 4,
                                                                                                                                "Output": [
                                                                                                                                    "kt.kind",
                                                                                                                                    "kt.id"
                                                                                                                                ],
                                                                                                                                "Hash Buckets": 1024,
                                                                                                                                "Original Hash Buckets": 1024,
                                                                                                                                "Hash Batches": 1,
                                                                                                                                "Original Hash Batches": 1,
                                                                                                                                "Peak Memory Usage": 9,
                                                                                                                                "Workers": [
                                                                                                                                    {
                                                                                                                                        "Worker Number": 0,
                                                                                                                                        "Actual Startup Time": 0.061,
                                                                                                                                        "Actual Total Time": 0.063,
                                                                                                                                        "Actual Rows": 1,
                                                                                                                                        "Actual Loops": 1
                                                                                                                                    },
                                                                                                                                    {
                                                                                                                                        "Worker Number": 1,
                                                                                                                                        "Actual Startup Time": 0.056,
                                                                                                                                        "Actual Total Time": 0.057,
                                                                                                                                        "Actual Rows": 1,
                                                                                                                                        "Actual Loops": 1
                                                                                                                                    },
                                                                                                                                    {
                                                                                                                                        "Worker Number": 2,
                                                                                                                                        "Actual Startup Time": 0.06,
                                                                                                                                        "Actual Total Time": 0.062,
                                                                                                                                        "Actual Rows": 1,
                                                                                                                                        "Actual Loops": 1
                                                                                                                                    }
                                                                                                                                ],
                                                                                                                                "Plans": [
                                                                                                                                    {
                                                                                                                                        "Node Type": "Index Scan",
                                                                                                                                        "Parent Relationship": "Outer",
                                                                                                                                        "Parallel Aware": false,
                                                                                                                                        "Scan Direction": "Forward",
                                                                                                                                        "Index Name": "kind_type_pkey",
                                                                                                                                        "Relation Name": "kind_type",
                                                                                                                                        "Schema": "public",
                                                                                                                                        "Alias": "kt",
                                                                                                                                        "Startup Cost": 0.13,
                                                                                                                                        "Total Cost": 12.26,
                                                                                                                                        "Plan Rows": 1,
                                                                                                                                        "Plan Width": 14,
                                                                                                                                        "Actual Startup Time": 0.044,
                                                                                                                                        "Actual Total Time": 0.047,
                                                                                                                                        "Actual Rows": 1,
                                                                                                                                        "Actual Loops": 4,
                                                                                                                                        "Output": [
                                                                                                                                            "kt.kind",
                                                                                                                                            "kt.id"
                                                                                                                                        ],
                                                                                                                                        "Filter": "((kt.kind)::text = 'movie'::text)",
                                                                                                                                        "Rows Removed by Filter": 6,
                                                                                                                                        "Workers": [
                                                                                                                                            {
                                                                                                                                                "Worker Number": 0,
                                                                                                                                                "Actual Startup Time": 0.055,
                                                                                                                                                "Actual Total Time": 0.057,
                                                                                                                                                "Actual Rows": 1,
                                                                                                                                                "Actual Loops": 1
                                                                                                                                            },
                                                                                                                                            {
                                                                                                                                                "Worker Number": 1,
                                                                                                                                                "Actual Startup Time": 0.049,
                                                                                                                                                "Actual Total Time": 0.051,
                                                                                                                                                "Actual Rows": 1,
                                                                                                                                                "Actual Loops": 1
                                                                                                                                            },
                                                                                                                                            {
                                                                                                                                                "Worker Number": 2,
                                                                                                                                                "Actual Startup Time": 0.054,
                                                                                                                                                "Actual Total Time": 0.057,
                                                                                                                                                "Actual Rows": 1,
                                                                                                                                                "Actual Loops": 1
                                                                                                                                            }
                                                                                                                                        ]
                                                                                                                                    }
                                                                                                                                ]
                                                                                                                            }
                                                                                                                        ]
                                                                                                                    },
                                                                                                                    {
                                                                                                                        "Node Type": "Hash",
                                                                                                                        "Parent Relationship": "Inner",
                                                                                                                        "Parallel Aware": false,
                                                                                                                        "Startup Cost": 10000005358.48,
                                                                                                                        "Total Cost": 10000005358.48,
                                                                                                                        "Plan Rows": 135086,
                                                                                                                        "Plan Width": 8,
                                                                                                                        "Actual Startup Time": 44.952,
                                                                                                                        "Actual Total Time": 44.953,
                                                                                                                        "Actual Rows": 135086,
                                                                                                                        "Actual Loops": 4,
                                                                                                                        "Output": [
                                                                                                                            "cc.movie_id",
                                                                                                                            "cc.status_id"
                                                                                                                        ],
                                                                                                                        "Hash Buckets": 262144,
                                                                                                                        "Original Hash Buckets": 262144,
                                                                                                                        "Hash Batches": 1,
                                                                                                                        "Original Hash Batches": 1,
                                                                                                                        "Peak Memory Usage": 7325,
                                                                                                                        "Workers": [
                                                                                                                            {
                                                                                                                                "Worker Number": 0,
                                                                                                                                "Actual Startup Time": 44.457,
                                                                                                                                "Actual Total Time": 44.458,
                                                                                                                                "Actual Rows": 135086,
                                                                                                                                "Actual Loops": 1
                                                                                                                            },
                                                                                                                            {
                                                                                                                                "Worker Number": 1,
                                                                                                                                "Actual Startup Time": 46.367,
                                                                                                                                "Actual Total Time": 46.368,
                                                                                                                                "Actual Rows": 135086,
                                                                                                                                "Actual Loops": 1
                                                                                                                            },
                                                                                                                            {
                                                                                                                                "Worker Number": 2,
                                                                                                                                "Actual Startup Time": 43.894,
                                                                                                                                "Actual Total Time": 43.896,
                                                                                                                                "Actual Rows": 135086,
                                                                                                                                "Actual Loops": 1
                                                                                                                            }
                                                                                                                        ],
                                                                                                                        "Plans": [
                                                                                                                            {
                                                                                                                                "Node Type": "Index Scan",
                                                                                                                                "Parent Relationship": "Outer",
                                                                                                                                "Parallel Aware": false,
                                                                                                                                "Scan Direction": "Forward",
                                                                                                                                "Index Name": "status_id_complete_cast",
                                                                                                                                "Relation Name": "complete_cast",
                                                                                                                                "Schema": "public",
                                                                                                                                "Alias": "cc",
                                                                                                                                "Startup Cost": 10000000000.42,
                                                                                                                                "Total Cost": 10000005358.48,
                                                                                                                                "Plan Rows": 135086,
                                                                                                                                "Plan Width": 8,
                                                                                                                                "Actual Startup Time": 0.058,
                                                                                                                                "Actual Total Time": 21.792,
                                                                                                                                "Actual Rows": 135086,
                                                                                                                                "Actual Loops": 4,
                                                                                                                                "Output": [
                                                                                                                                    "cc.movie_id",
                                                                                                                                    "cc.status_id"
                                                                                                                                ],
                                                                                                                                "Workers": [
                                                                                                                                    {
                                                                                                                                        "Worker Number": 0,
                                                                                                                                        "Actual Startup Time": 0.061,
                                                                                                                                        "Actual Total Time": 21.174,
                                                                                                                                        "Actual Rows": 135086,
                                                                                                                                        "Actual Loops": 1
                                                                                                                                    },
                                                                                                                                    {
                                                                                                                                        "Worker Number": 1,
                                                                                                                                        "Actual Startup Time": 0.072,
                                                                                                                                        "Actual Total Time": 21.966,
                                                                                                                                        "Actual Rows": 135086,
                                                                                                                                        "Actual Loops": 1
                                                                                                                                    },
                                                                                                                                    {
                                                                                                                                        "Worker Number": 2,
                                                                                                                                        "Actual Startup Time": 0.074,
                                                                                                                                        "Actual Total Time": 21.6,
                                                                                                                                        "Actual Rows": 135086,
                                                                                                                                        "Actual Loops": 1
                                                                                                                                    }
                                                                                                                                ]
                                                                                                                            }
                                                                                                                        ]
                                                                                                                    }
                                                                                                                ]
                                                                                                            },
                                                                                                            {
                                                                                                                "Node Type": "Hash",
                                                                                                                "Parent Relationship": "Inner",
                                                                                                                "Parallel Aware": false,
                                                                                                                "Startup Cost": 177177.46,
                                                                                                                "Total Cost": 177177.46,
                                                                                                                "Plan Rows": 4523930,
                                                                                                                "Plan Width": 8,
                                                                                                                "Actual Startup Time": 1880.56,
                                                                                                                "Actual Total Time": 1880.561,
                                                                                                                "Actual Rows": 4523930,
                                                                                                                "Actual Loops": 4,
                                                                                                                "Output": [
                                                                                                                    "mk.movie_id",
                                                                                                                    "mk.keyword_id"
                                                                                                                ],
                                                                                                                "Hash Buckets": 8388608,
                                                                                                                "Original Hash Buckets": 8388608,
                                                                                                                "Hash Batches": 1,
                                                                                                                "Original Hash Batches": 1,
                                                                                                                "Peak Memory Usage": 242253,
                                                                                                                "Workers": [
                                                                                                                    {
                                                                                                                        "Worker Number": 0,
                                                                                                                        "Actual Startup Time": 1947.148,
                                                                                                                        "Actual Total Time": 1947.15,
                                                                                                                        "Actual Rows": 4523930,
                                                                                                                        "Actual Loops": 1
                                                                                                                    },
                                                                                                                    {
                                                                                                                        "Worker Number": 1,
                                                                                                                        "Actual Startup Time": 1933.08,
                                                                                                                        "Actual Total Time": 1933.081,
                                                                                                                        "Actual Rows": 4523930,
                                                                                                                        "Actual Loops": 1
                                                                                                                    },
                                                                                                                    {
                                                                                                                        "Worker Number": 2,
                                                                                                                        "Actual Startup Time": 1912.034,
                                                                                                                        "Actual Total Time": 1912.035,
                                                                                                                        "Actual Rows": 4523930,
                                                                                                                        "Actual Loops": 1
                                                                                                                    }
                                                                                                                ],
                                                                                                                "Plans": [
                                                                                                                    {
                                                                                                                        "Node Type": "Index Scan",
                                                                                                                        "Parent Relationship": "Outer",
                                                                                                                        "Parallel Aware": false,
                                                                                                                        "Scan Direction": "Forward",
                                                                                                                        "Index Name": "movie_id_movie_keyword",
                                                                                                                        "Relation Name": "movie_keyword",
                                                                                                                        "Schema": "public",
                                                                                                                        "Alias": "mk",
                                                                                                                        "Startup Cost": 0.43,
                                                                                                                        "Total Cost": 177177.46,
                                                                                                                        "Plan Rows": 4523930,
                                                                                                                        "Plan Width": 8,
                                                                                                                        "Actual Startup Time": 0.08,
                                                                                                                        "Actual Total Time": 1011.772,
                                                                                                                        "Actual Rows": 4523930,
                                                                                                                        "Actual Loops": 4,
                                                                                                                        "Output": [
                                                                                                                            "mk.movie_id",
                                                                                                                            "mk.keyword_id"
                                                                                                                        ],
                                                                                                                        "Workers": [
                                                                                                                            {
                                                                                                                                "Worker Number": 0,
                                                                                                                                "Actual Startup Time": 0.097,
                                                                                                                                "Actual Total Time": 1038.079,
                                                                                                                                "Actual Rows": 4523930,
                                                                                                                                "Actual Loops": 1
                                                                                                                            },
                                                                                                                            {
                                                                                                                                "Worker Number": 1,
                                                                                                                                "Actual Startup Time": 0.083,
                                                                                                                                "Actual Total Time": 1029.091,
                                                                                                                                "Actual Rows": 4523930,
                                                                                                                                "Actual Loops": 1
                                                                                                                            },
                                                                                                                            {
                                                                                                                                "Worker Number": 2,
                                                                                                                                "Actual Startup Time": 0.102,
                                                                                                                                "Actual Total Time": 1002.84,
                                                                                                                                "Actual Rows": 4523930,
                                                                                                                                "Actual Loops": 1
                                                                                                                            }
                                                                                                                        ]
                                                                                                                    }
                                                                                                                ]
                                                                                                            }
                                                                                                        ]
                                                                                                    }
                                                                                                ]
                                                                                            }
                                                                                        ]
                                                                                    }
                                                                                ]
                                                                            }
                                                                        ]
                                                                    },
                                                                    {
                                                                        "Node Type": "Bitmap Heap Scan",
                                                                        "Parent Relationship": "Inner",
                                                                        "Parallel Aware": false,
                                                                        "Relation Name": "company_name",
                                                                        "Schema": "public",
                                                                        "Alias": "cn",
                                                                        "Startup Cost": 0.43,
                                                                        "Total Cost": 4.44,
                                                                        "Plan Rows": 1,
                                                                        "Plan Width": 4,
                                                                        "Actual Startup Time": 0.003,
                                                                        "Actual Total Time": 0.003,
                                                                        "Actual Rows": 0,
                                                                        "Actual Loops": 2324841,
                                                                        "Output": [
                                                                            "cn.id",
                                                                            "cn.name",
                                                                            "cn.country_code",
                                                                            "cn.imdb_id",
                                                                            "cn.name_pcode_nf",
                                                                            "cn.name_pcode_sf",
                                                                            "cn.md5sum"
                                                                        ],
                                                                        "Recheck Cond": "(cn.id = mc.company_id)",
                                                                        "Rows Removed by Index Recheck": 0,
                                                                        "Filter": "((cn.country_code)::text = '[us]'::text)",
                                                                        "Rows Removed by Filter": 1,
                                                                        "Exact Heap Blocks": 594934,
                                                                        "Lossy Heap Blocks": 0,
                                                                        "Workers": [
                                                                            {
                                                                                "Worker Number": 0,
                                                                                "Actual Startup Time": 0.003,
                                                                                "Actual Total Time": 0.003,
                                                                                "Actual Rows": 0,
                                                                                "Actual Loops": 582798
                                                                            },
                                                                            {
                                                                                "Worker Number": 1,
                                                                                "Actual Startup Time": 0.003,
                                                                                "Actual Total Time": 0.003,
                                                                                "Actual Rows": 0,
                                                                                "Actual Loops": 590668
                                                                            },
                                                                            {
                                                                                "Worker Number": 2,
                                                                                "Actual Startup Time": 0.004,
                                                                                "Actual Total Time": 0.004,
                                                                                "Actual Rows": 0,
                                                                                "Actual Loops": 556441
                                                                            }
                                                                        ],
                                                                        "Plans": [
                                                                            {
                                                                                "Node Type": "Bitmap Index Scan",
                                                                                "Parent Relationship": "Outer",
                                                                                "Parallel Aware": false,
                                                                                "Index Name": "company_name_pkey",
                                                                                "Startup Cost": 0.0,
                                                                                "Total Cost": 0.43,
                                                                                "Plan Rows": 1,
                                                                                "Plan Width": 0,
                                                                                "Actual Startup Time": 0.002,
                                                                                "Actual Total Time": 0.002,
                                                                                "Actual Rows": 1,
                                                                                "Actual Loops": 2324841,
                                                                                "Index Cond": "(cn.id = mc.company_id)",
                                                                                "Workers": [
                                                                                    {
                                                                                        "Worker Number": 0,
                                                                                        "Actual Startup Time": 0.002,
                                                                                        "Actual Total Time": 0.002,
                                                                                        "Actual Rows": 1,
                                                                                        "Actual Loops": 582798
                                                                                    },
                                                                                    {
                                                                                        "Worker Number": 1,
                                                                                        "Actual Startup Time": 0.002,
                                                                                        "Actual Total Time": 0.002,
                                                                                        "Actual Rows": 1,
                                                                                        "Actual Loops": 590668
                                                                                    },
                                                                                    {
                                                                                        "Worker Number": 2,
                                                                                        "Actual Startup Time": 0.002,
                                                                                        "Actual Total Time": 0.002,
                                                                                        "Actual Rows": 1,
                                                                                        "Actual Loops": 556441
                                                                                    }
                                                                                ]
                                                                            }
                                                                        ]
                                                                    }
                                                                ]
                                                            },
                                                            {
                                                                "Node Type": "Hash",
                                                                "Parent Relationship": "Inner",
                                                                "Parallel Aware": false,
                                                                "Startup Cost": 10000000001.04,
                                                                "Total Cost": 10000000001.04,
                                                                "Plan Rows": 4,
                                                                "Plan Width": 4,
                                                                "Actual Startup Time": 0.084,
                                                                "Actual Total Time": 0.085,
                                                                "Actual Rows": 4,
                                                                "Actual Loops": 4,
                                                                "Output": [
                                                                    "ct.id"
                                                                ],
                                                                "Hash Buckets": 1024,
                                                                "Original Hash Buckets": 1024,
                                                                "Hash Batches": 1,
                                                                "Original Hash Batches": 1,
                                                                "Peak Memory Usage": 9,
                                                                "Workers": [
                                                                    {
                                                                        "Worker Number": 0,
                                                                        "Actual Startup Time": 0.113,
                                                                        "Actual Total Time": 0.114,
                                                                        "Actual Rows": 4,
                                                                        "Actual Loops": 1
                                                                    },
                                                                    {
                                                                        "Worker Number": 1,
                                                                        "Actual Startup Time": 0.127,
                                                                        "Actual Total Time": 0.128,
                                                                        "Actual Rows": 4,
                                                                        "Actual Loops": 1
                                                                    },
                                                                    {
                                                                        "Worker Number": 2,
                                                                        "Actual Startup Time": 0.083,
                                                                        "Actual Total Time": 0.084,
                                                                        "Actual Rows": 4,
                                                                        "Actual Loops": 1
                                                                    }
                                                                ],
                                                                "Plans": [
                                                                    {
                                                                        "Node Type": "Seq Scan",
                                                                        "Parent Relationship": "Outer",
                                                                        "Parallel Aware": false,
                                                                        "Relation Name": "company_type",
                                                                        "Schema": "public",
                                                                        "Alias": "ct",
                                                                        "Startup Cost": 10000000000.0,
                                                                        "Total Cost": 10000000001.04,
                                                                        "Plan Rows": 4,
                                                                        "Plan Width": 4,
                                                                        "Actual Startup Time": 0.07,
                                                                        "Actual Total Time": 0.073,
                                                                        "Actual Rows": 4,
                                                                        "Actual Loops": 4,
                                                                        "Output": [
                                                                            "ct.id"
                                                                        ],
                                                                        "Workers": [
                                                                            {
                                                                                "Worker Number": 0,
                                                                                "Actual Startup Time": 0.094,
                                                                                "Actual Total Time": 0.098,
                                                                                "Actual Rows": 4,
                                                                                "Actual Loops": 1
                                                                            },
                                                                            {
                                                                                "Worker Number": 1,
                                                                                "Actual Startup Time": 0.108,
                                                                                "Actual Total Time": 0.112,
                                                                                "Actual Rows": 4,
                                                                                "Actual Loops": 1
                                                                            },
                                                                            {
                                                                                "Worker Number": 2,
                                                                                "Actual Startup Time": 0.069,
                                                                                "Actual Total Time": 0.072,
                                                                                "Actual Rows": 4,
                                                                                "Actual Loops": 1
                                                                            }
                                                                        ]
                                                                    }
                                                                ]
                                                            }
                                                        ]
                                                    }
                                                ]
                                            },
                                            {
                                                "Node Type": "Sort",
                                                "Parent Relationship": "Inner",
                                                "Parallel Aware": false,
                                                "Startup Cost": 1124108.06,
                                                "Total Cost": 1124108.86,
                                                "Plan Rows": 322,
                                                "Plan Width": 8,
                                                "Actual Startup Time": 2653.582,
                                                "Actual Total Time": 2653.645,
                                                "Actual Rows": 1783,
                                                "Actual Loops": 4,
                                                "Output": [
                                                    "mi.movie_id",
                                                    "mi.info_type_id"
                                                ],
                                                "Sort Key": [
                                                    "mi.movie_id"
                                                ],
                                                "Sort Method": "quicksort",
                                                "Sort Space Used": 132,
                                                "Sort Space Type": "Memory",
                                                "Workers": [
                                                    {
                                                        "Worker Number": 0,
                                                        "Actual Startup Time": 3056.04,
                                                        "Actual Total Time": 3056.105,
                                                        "Actual Rows": 1805,
                                                        "Actual Loops": 1
                                                    },
                                                    {
                                                        "Worker Number": 1,
                                                        "Actual Startup Time": 3038.915,
                                                        "Actual Total Time": 3038.978,
                                                        "Actual Rows": 1781,
                                                        "Actual Loops": 1
                                                    },
                                                    {
                                                        "Worker Number": 2,
                                                        "Actual Startup Time": 2363.671,
                                                        "Actual Total Time": 2363.735,
                                                        "Actual Rows": 1783,
                                                        "Actual Loops": 1
                                                    }
                                                ],
                                                "Plans": [
                                                    {
                                                        "Node Type": "Index Scan",
                                                        "Parent Relationship": "Outer",
                                                        "Parallel Aware": false,
                                                        "Scan Direction": "Forward",
                                                        "Index Name": "info_type_id_movie_info",
                                                        "Relation Name": "movie_info",
                                                        "Schema": "public",
                                                        "Alias": "mi",
                                                        "Startup Cost": 0.43,
                                                        "Total Cost": 1124094.65,
                                                        "Plan Rows": 322,
                                                        "Plan Width": 8,
                                                        "Actual Startup Time": 1560.288,
                                                        "Actual Total Time": 2652.906,
                                                        "Actual Rows": 1783,
                                                        "Actual Loops": 4,
                                                        "Output": [
                                                            "mi.movie_id",
                                                            "mi.info_type_id"
                                                        ],
                                                        "Filter": "((mi.info IS NOT NULL) AND (mi.note ~~ '%internet%'::text) AND ((mi.info ~~ 'USA:% 199%'::text) OR (mi.info ~~ 'USA:% 200%'::text)))",
                                                        "Rows Removed by Filter": 14833937,
                                                        "Workers": [
                                                            {
                                                                "Worker Number": 0,
                                                                "Actual Startup Time": 1816.835,
                                                                "Actual Total Time": 3055.311,
                                                                "Actual Rows": 1783,
                                                                "Actual Loops": 1
                                                            },
                                                            {
                                                                "Worker Number": 1,
                                                                "Actual Startup Time": 1799.712,
                                                                "Actual Total Time": 3038.18,
                                                                "Actual Rows": 1783,
                                                                "Actual Loops": 1
                                                            },
                                                            {
                                                                "Worker Number": 2,
                                                                "Actual Startup Time": 1393.704,
                                                                "Actual Total Time": 2362.914,
                                                                "Actual Rows": 1783,
                                                                "Actual Loops": 1
                                                            }
                                                        ]
                                                    }
                                                ]
                                            }
                                        ]
                                    },
                                    {
                                        "Node Type": "Hash",
                                        "Parent Relationship": "Inner",
                                        "Parallel Aware": false,
                                        "Startup Cost": 14.12,
                                        "Total Cost": 14.12,
                                        "Plan Rows": 1,
                                        "Plan Width": 4,
                                        "Actual Startup Time": 0.186,
                                        "Actual Total Time": 0.187,
                                        "Actual Rows": 1,
                                        "Actual Loops": 4,
                                        "Output": [
                                            "it1.id"
                                        ],
                                        "Hash Buckets": 1024,
                                        "Original Hash Buckets": 1024,
                                        "Hash Batches": 1,
                                        "Original Hash Batches": 1,
                                        "Peak Memory Usage": 9,
                                        "Workers": [
                                            {
                                                "Worker Number": 0,
                                                "Actual Startup Time": 0.243,
                                                "Actual Total Time": 0.244,
                                                "Actual Rows": 1,
                                                "Actual Loops": 1
                                            },
                                            {
                                                "Worker Number": 1,
                                                "Actual Startup Time": 0.275,
                                                "Actual Total Time": 0.276,
                                                "Actual Rows": 1,
                                                "Actual Loops": 1
                                            },
                                            {
                                                "Worker Number": 2,
                                                "Actual Startup Time": 0.188,
                                                "Actual Total Time": 0.189,
                                                "Actual Rows": 1,
                                                "Actual Loops": 1
                                            }
                                        ],
                                        "Plans": [
                                            {
                                                "Node Type": "Index Scan",
                                                "Parent Relationship": "Outer",
                                                "Parallel Aware": false,
                                                "Scan Direction": "Forward",
                                                "Index Name": "info_type_pkey",
                                                "Relation Name": "info_type",
                                                "Schema": "public",
                                                "Alias": "it1",
                                                "Startup Cost": 0.14,
                                                "Total Cost": 14.12,
                                                "Plan Rows": 1,
                                                "Plan Width": 4,
                                                "Actual Startup Time": 0.128,
                                                "Actual Total Time": 0.168,
                                                "Actual Rows": 1,
                                                "Actual Loops": 4,
                                                "Output": [
                                                    "it1.id"
                                                ],
                                                "Filter": "((it1.info)::text = 'release dates'::text)",
                                                "Rows Removed by Filter": 112,
                                                "Workers": [
                                                    {
                                                        "Worker Number": 0,
                                                        "Actual Startup Time": 0.161,
                                                        "Actual Total Time": 0.218,
                                                        "Actual Rows": 1,
                                                        "Actual Loops": 1
                                                    },
                                                    {
                                                        "Worker Number": 1,
                                                        "Actual Startup Time": 0.191,
                                                        "Actual Total Time": 0.248,
                                                        "Actual Rows": 1,
                                                        "Actual Loops": 1
                                                    },
                                                    {
                                                        "Worker Number": 2,
                                                        "Actual Startup Time": 0.138,
                                                        "Actual Total Time": 0.168,
                                                        "Actual Rows": 1,
                                                        "Actual Loops": 1
                                                    }
                                                ]
                                            }
                                        ]
                                    }
                                ]
                            }
                        ]
                    },
                    {
                        "Node Type": "Bitmap Heap Scan",
                        "Parent Relationship": "Inner",
                        "Parallel Aware": false,
                        "Relation Name": "comp_cast_type",
                        "Schema": "public",
                        "Alias": "cct1",
                        "Startup Cost": 0.14,
                        "Total Cost": 4.15,
                        "Plan Rows": 1,
                        "Plan Width": 4,
                        "Actual Startup Time": 0.011,
                        "Actual Total Time": 0.011,
                        "Actual Rows": 0,
                        "Actual Loops": 32,
                        "Output": [
                            "cct1.id",
                            "cct1.kind"
                        ],
                        "Recheck Cond": "(cct1.id = cc.status_id)",
                        "Rows Removed by Index Recheck": 0,
                        "Filter": "((cct1.kind)::text = 'complete+verified'::text)",
                        "Rows Removed by Filter": 1,
                        "Exact Heap Blocks": 32,
                        "Lossy Heap Blocks": 0,
                        "Plans": [
                            {
                                "Node Type": "Bitmap Index Scan",
                                "Parent Relationship": "Outer",
                                "Parallel Aware": false,
                                "Index Name": "comp_cast_type_pkey",
                                "Startup Cost": 0.0,
                                "Total Cost": 0.14,
                                "Plan Rows": 1,
                                "Plan Width": 0,
                                "Actual Startup Time": 0.006,
                                "Actual Total Time": 0.006,
                                "Actual Rows": 1,
                                "Actual Loops": 32,
                                "Index Cond": "(cct1.id = cc.status_id)"
                            }
                        ]
                    }
                ]
            }
        ]
    },
    "Planning Time": 31.388,
    "Triggers": [],
    "Execution Time": 9104.736
}