{
  "Plan": {
    "Node Type": "Aggregate",
    "Strategy": "Plain",
    "Partial Mode": "Finalize",
    "Parallel Aware": false,
    "Startup Cost": 83138.48,
    "Total Cost": 83138.49,
    "Plan Rows": 1,
    "Plan Width": 8,
    "Actual Startup Time": 235.872,
    "Actual Total Time": 248.135,
    "Actual Rows": 1,
    "Actual Loops": 1,
    "Plans": [
      {
        "Node Type": "Gather",
        "Parent Relationship": "Outer",
        "Parallel Aware": false,
        "Startup Cost": 83138.36,
        "Total Cost": 83138.47,
        "Plan Rows": 1,
        "Plan Width": 8,
        "Actual Startup Time": 235.612,
        "Actual Total Time": 248.126,
        "Actual Rows": 2,
        "Actual Loops": 1,
        "Workers Planned": 1,
        "Workers Launched": 1,
        "Single Copy": false,
        "Plans": [
          {
            "Node Type": "Aggregate",
            "Strategy": "Plain",
            "Partial Mode": "Partial",
            "Parent Relationship": "Outer",
            "Parallel Aware": false,
            "Startup Cost": 82138.36,
            "Total Cost": 82138.37,
            "Plan Rows": 1,
            "Plan Width": 8,
            "Actual Startup Time": 230.285,
            "Actual Total Time": 230.288,
            "Actual Rows": 1,
            "Actual Loops": 2,
            "Plans": [
              {
                "Node Type": "Hash Join",
                "Parent Relationship": "Outer",
                "Parallel Aware": true,
                "Join Type": "Inner",
                "Startup Cost": 20917.05,
                "Total Cost": 82105.69,
                "Plan Rows": 13071,
                "Plan Width": 0,
                "Actual Startup Time": 30.357,
                "Actual Total Time": 230.057,
                "Actual Rows": 3144,
                "Actual Loops": 2,
                "Inner Unique": false,
                "Hash Cond": "(t.id = mc.movie_id)",
                "Plans": [
                  {
                    "Node Type": "Seq Scan",
                    "Parent Relationship": "Outer",
                    "Parallel Aware": true,
                    "Relation Name": "title",
                    "Alias": "t",
                    "Startup Cost": 0.0,
                    "Total Cost": 54588.39,
                    "Plan Rows": 1043739,
                    "Plan Width": 4,
                    "Actual Startup Time": 0.019,
                    "Actual Total Time": 141.334,
                    "Actual Rows": 887318,
                    "Actual Loops": 2,
                    "Filter": "(kind_id > 2)",
                    "Rows Removed by Filter": 376838
                  },
                  {
                    "Node Type": "Hash",
                    "Parent Relationship": "Inner",
                    "Parallel Aware": true,
                    "Startup Cost": 20684.25,
                    "Total Cost": 20684.25,
                    "Plan Rows": 18624,
                    "Plan Width": 4,
                    "Actual Startup Time": 27.343,
                    "Actual Total Time": 27.344,
                    "Actual Rows": 3289,
                    "Actual Loops": 2,
                    "Hash Buckets": 32768,
                    "Original Hash Buckets": 32768,
                    "Hash Batches": 1,
                    "Original Hash Batches": 1,
                    "Peak Memory Usage": 544,
                    "Plans": [
                      {
                        "Node Type": "Bitmap Heap Scan",
                        "Parent Relationship": "Outer",
                        "Parallel Aware": true,
                        "Relation Name": "movie_companies",
                        "Alias": "mc",
                        "Startup Cost": 1344.03,
                        "Total Cost": 20684.25,
                        "Plan Rows": 18624,
                        "Plan Width": 4,
                        "Actual Startup Time": 24.257,
                        "Actual Total Time": 26.318,
                        "Actual Rows": 3289,
                        "Actual Loops": 2,
                        "Recheck Cond": "(company_id = 6)",
                        "Rows Removed by Index Recheck": 0,
                        "Filter": "(company_type_id = 2)",
                        "Rows Removed by Filter": 27748,
                        "Exact Heap Blocks": 4530,
                        "Lossy Heap Blocks": 0,
                        "Plans": [
                          {
                            "Node Type": "Bitmap Index Scan",
                            "Parent Relationship": "Outer",
                            "Parallel Aware": false,
                            "Index Name": "company_id_movie_companies",
                            "Startup Cost": 0.0,
                            "Total Cost": 1336.12,
                            "Plan Rows": 62358,
                            "Plan Width": 0,
                            "Actual Startup Time": 9.005,
                            "Actual Total Time": 9.005,
                            "Actual Rows": 62075,
                            "Actual Loops": 1,
                            "Index Cond": "(company_id = 6)"
                          }
                        ]
                      }
                    ]
                  }
                ]
              }
            ]
          }
        ]
      }
    ]
  },
  "Planning Time": 0.67,
  "Triggers": [],
  "Execution Time": 248.224
}