[
  {
    "Plan": {
      "Node Type": "Aggregate",
      "Strategy": "Plain",
      "Partial Mode": "Finalize",
      "Parallel Aware": false,
      "Startup Cost": 341126.73,
      "Total Cost": 341126.74,
      "Plan Rows": 1,
      "Plan Width": 8,
      "Actual Startup Time": 1065.791,
      "Actual Total Time": 1134.574,
      "Actual Rows": 1,
      "Actual Loops": 1,
      "Plans": [
        {
          "Node Type": "Gather",
          "Parent Relationship": "Outer",
          "Parallel Aware": false,
          "Startup Cost": 341126.1,
          "Total Cost": 341126.71,
          "Plan Rows": 6,
          "Plan Width": 8,
          "Actual Startup Time": 1065.479,
          "Actual Total Time": 1134.558,
          "Actual Rows": 7,
          "Actual Loops": 1,
          "Workers Planned": 6,
          "Workers Launched": 6,
          "Single Copy": false,
          "Plans": [
            {
              "Node Type": "Aggregate",
              "Strategy": "Plain",
              "Partial Mode": "Partial",
              "Parent Relationship": "Outer",
              "Parallel Aware": false,
              "Startup Cost": 340126.1,
              "Total Cost": 340126.11,
              "Plan Rows": 1,
              "Plan Width": 8,
              "Actual Startup Time": 1055.02,
              "Actual Total Time": 1055.023,
              "Actual Rows": 1,
              "Actual Loops": 7,
              "Plans": [
                {
                  "Node Type": "Seq Scan",
                  "Parent Relationship": "Outer",
                  "Parallel Aware": true,
                  "Relation Name": "cast_info",
                  "Alias": "ci",
                  "Startup Cost": 0.0,
                  "Total Cost": 328211.39,
                  "Plan Rows": 4765885,
                  "Plan Width": 0,
                  "Actual Startup Time": 0.051,
                  "Actual Total Time": 807.114,
                  "Actual Rows": 4091177,
                  "Actual Loops": 7,
                  "Filter": "(person_id < 2914047)",
                  "Rows Removed by Filter": 1086587
                }
              ]
            }
          ]
        }
      ]
    },
    "Planning Time": 0.205,
    "Triggers": [],
    "Execution Time": 1134.65
  }
]