[
  {
    "Plan": {
      "Node Type": "Aggregate",
      "Strategy": "Plain",
      "Partial Mode": "Finalize",
      "Parallel Aware": false,
      "Startup Cost": 48658.32,
      "Total Cost": 48658.33,
      "Plan Rows": 1,
      "Plan Width": 8,
      "Actual Startup Time": 111.993,
      "Actual Total Time": 126.597,
      "Actual Rows": 1,
      "Actual Loops": 1,
      "Plans": [
        {
          "Node Type": "Gather",
          "Parent Relationship": "Outer",
          "Parallel Aware": false,
          "Startup Cost": 48657.9,
          "Total Cost": 48658.31,
          "Plan Rows": 4,
          "Plan Width": 8,
          "Actual Startup Time": 111.836,
          "Actual Total Time": 126.582,
          "Actual Rows": 5,
          "Actual Loops": 1,
          "Workers Planned": 4,
          "Workers Launched": 4,
          "Single Copy": false,
          "Plans": [
            {
              "Node Type": "Aggregate",
              "Strategy": "Plain",
              "Partial Mode": "Partial",
              "Parent Relationship": "Outer",
              "Parallel Aware": false,
              "Startup Cost": 47657.9,
              "Total Cost": 47657.91,
              "Plan Rows": 1,
              "Plan Width": 8,
              "Actual Startup Time": 103.025,
              "Actual Total Time": 103.027,
              "Actual Rows": 1,
              "Actual Loops": 5,
              "Plans": [
                {
                  "Node Type": "Nested Loop",
                  "Parent Relationship": "Outer",
                  "Parallel Aware": false,
                  "Join Type": "Inner",
                  "Startup Cost": 0.43,
                  "Total Cost": 47657.29,
                  "Plan Rows": 244,
                  "Plan Width": 0,
                  "Actual Startup Time": 61.903,
                  "Actual Total Time": 102.961,
                  "Actual Rows": 685,
                  "Actual Loops": 5,
                  "Inner Unique": false,
                  "Plans": [
                    {
                      "Node Type": "Seq Scan",
                      "Parent Relationship": "Outer",
                      "Parallel Aware": true,
                      "Relation Name": "title",
                      "Alias": "t",
                      "Startup Cost": 0.0,
                      "Total Cost": 45479.59,
                      "Plan Rows": 228,
                      "Plan Width": 4,
                      "Actual Startup Time": 60.169,
                      "Actual Total Time": 93.161,
                      "Actual Rows": 643,
                      "Actual Loops": 5,
                      "Filter": "((production_year > 2013) AND (kind_id = 1))",
                      "Rows Removed by Filter": 505019
                    },
                    {
                      "Node Type": "Index Scan",
                      "Parent Relationship": "Inner",
                      "Parallel Aware": false,
                      "Scan Direction": "Forward",
                      "Index Name": "movie_id_movie_keyword",
                      "Relation Name": "movie_keyword",
                      "Alias": "mk",
                      "Startup Cost": 0.43,
                      "Total Cost": 9.28,
                      "Plan Rows": 27,
                      "Plan Width": 4,
                      "Actual Startup Time": 0.014,
                      "Actual Total Time": 0.015,
                      "Actual Rows": 1,
                      "Actual Loops": 3217,
                      "Index Cond": "(movie_id = t.id)",
                      "Rows Removed by Index Recheck": 0,
                      "Filter": "(keyword_id < 7677)",
                      "Rows Removed by Filter": 1
                    }
                  ]
                }
              ]
            }
          ]
        }
      ]
    },
    "Planning Time": 0.681,
    "Triggers": [],
    "Execution Time": 126.674
  }
]