[
  {
    "Plan": {
      "Node Type": "Aggregate",
      "Strategy": "Plain",
      "Partial Mode": "Finalize",
      "Parallel Aware": false,
      "Startup Cost": 401645.27,
      "Total Cost": 401645.28,
      "Plan Rows": 1,
      "Plan Width": 8,
      "Actual Startup Time": 1712.658,
      "Actual Total Time": 1777.181,
      "Actual Rows": 1,
      "Actual Loops": 1,
      "Plans": [
        {
          "Node Type": "Gather",
          "Parent Relationship": "Outer",
          "Parallel Aware": false,
          "Startup Cost": 401644.65,
          "Total Cost": 401645.26,
          "Plan Rows": 6,
          "Plan Width": 8,
          "Actual Startup Time": 1701.446,
          "Actual Total Time": 1777.169,
          "Actual Rows": 7,
          "Actual Loops": 1,
          "Workers Planned": 6,
          "Workers Launched": 6,
          "Single Copy": false,
          "Plans": [
            {
              "Node Type": "Aggregate",
              "Strategy": "Plain",
              "Partial Mode": "Partial",
              "Parent Relationship": "Outer",
              "Parallel Aware": false,
              "Startup Cost": 400644.65,
              "Total Cost": 400644.66,
              "Plan Rows": 1,
              "Plan Width": 8,
              "Actual Startup Time": 1687.431,
              "Actual Total Time": 1687.434,
              "Actual Rows": 1,
              "Actual Loops": 7,
              "Plans": [
                {
                  "Node Type": "Hash Join",
                  "Parent Relationship": "Outer",
                  "Parallel Aware": true,
                  "Join Type": "Inner",
                  "Startup Cost": 47598.29,
                  "Total Cost": 397625.61,
                  "Plan Rows": 1207614,
                  "Plan Width": 0,
                  "Actual Startup Time": 166.858,
                  "Actual Total Time": 1631.845,
                  "Actual Rows": 1355689,
                  "Actual Loops": 7,
                  "Inner Unique": true,
                  "Hash Cond": "(ci.movie_id = t.id)",
                  "Plans": [
                    {
                      "Node Type": "Seq Scan",
                      "Parent Relationship": "Outer",
                      "Parallel Aware": true,
                      "Relation Name": "cast_info",
                      "Alias": "ci",
                      "Startup Cost": 0.0,
                      "Total Cost": 343257.03,
                      "Plan Rows": 2579154,
                      "Plan Width": 4,
                      "Actual Startup Time": 0.022,
                      "Actual Total Time": 654.813,
                      "Actual Rows": 2779800,
                      "Actual Loops": 7,
                      "Filter": "((person_id < 2409113) AND (role_id < 4))",
                      "Rows Removed by Filter": 2397963
                    },
                    {
                      "Node Type": "Hash",
                      "Parent Relationship": "Inner",
                      "Parallel Aware": true,
                      "Startup Cost": 43898.92,
                      "Total Cost": 43898.92,
                      "Plan Rows": 295950,
                      "Plan Width": 4,
                      "Actual Startup Time": 162.221,
                      "Actual Total Time": 162.222,
                      "Actual Rows": 170846,
                      "Actual Loops": 7,
                      "Hash Buckets": 2097152,
                      "Original Hash Buckets": 2097152,
                      "Hash Batches": 1,
                      "Original Hash Batches": 1,
                      "Peak Memory Usage": 63232,
                      "Plans": [
                        {
                          "Node Type": "Seq Scan",
                          "Parent Relationship": "Outer",
                          "Parallel Aware": true,
                          "Relation Name": "title",
                          "Alias": "t",
                          "Startup Cost": 0.0,
                          "Total Cost": 43898.92,
                          "Plan Rows": 295950,
                          "Plan Width": 4,
                          "Actual Startup Time": 0.052,
                          "Actual Total Time": 77.305,
                          "Actual Rows": 170846,
                          "Actual Loops": 7,
                          "Filter": "(production_year < 2003)",
                          "Rows Removed by Filter": 190341
                        }
                      ]
                    }
                  ]
                }
              ]
            }
          ]
        }
      ]
    },
    "Planning Time": 0.562,
    "Triggers": [],
    "Execution Time": 1777.258
  }
]