[
  {
    "Plan": {
      "Node Type": "Aggregate",
      "Strategy": "Plain",
      "Partial Mode": "Finalize",
      "Parallel Aware": false,
      "Startup Cost": 44316.66,
      "Total Cost": 44316.67,
      "Plan Rows": 1,
      "Plan Width": 8,
      "Actual Startup Time": 126.585,
      "Actual Total Time": 136.973,
      "Actual Rows": 1,
      "Actual Loops": 1,
      "Plans": [
        {
          "Node Type": "Gather",
          "Parent Relationship": "Outer",
          "Parallel Aware": false,
          "Startup Cost": 44316.34,
          "Total Cost": 44316.65,
          "Plan Rows": 3,
          "Plan Width": 8,
          "Actual Startup Time": 126.459,
          "Actual Total Time": 136.966,
          "Actual Rows": 4,
          "Actual Loops": 1,
          "Workers Planned": 3,
          "Workers Launched": 3,
          "Single Copy": false,
          "Plans": [
            {
              "Node Type": "Aggregate",
              "Strategy": "Plain",
              "Partial Mode": "Partial",
              "Parent Relationship": "Outer",
              "Parallel Aware": false,
              "Startup Cost": 43316.34,
              "Total Cost": 43316.35,
              "Plan Rows": 1,
              "Plan Width": 8,
              "Actual Startup Time": 118.512,
              "Actual Total Time": 118.513,
              "Actual Rows": 1,
              "Actual Loops": 4,
              "Plans": [
                {
                  "Node Type": "Seq Scan",
                  "Parent Relationship": "Outer",
                  "Parallel Aware": true,
                  "Relation Name": "movie_keyword",
                  "Alias": "mk",
                  "Startup Cost": 0.0,
                  "Total Cost": 42695.65,
                  "Plan Rows": 248276,
                  "Plan Width": 0,
                  "Actual Startup Time": 0.056,
                  "Actual Total Time": 107.749,
                  "Actual Rows": 194845,
                  "Actual Loops": 4,
                  "Filter": "(keyword_id < 745)",
                  "Rows Removed by Filter": 936138
                }
              ]
            }
          ]
        }
      ]
    },
    "Planning Time": 0.141,
    "Triggers": [],
    "Execution Time": 137.011
  }
]