[
  {
    "Plan": {
      "Node Type": "Aggregate",
      "Strategy": "Plain",
      "Partial Mode": "Finalize",
      "Parallel Aware": false,
      "Startup Cost": 33099.1,
      "Total Cost": 33099.11,
      "Plan Rows": 1,
      "Plan Width": 8,
      "Actual Startup Time": 95.29,
      "Actual Total Time": 103.029,
      "Actual Rows": 1,
      "Actual Loops": 1,
      "Plans": [
        {
          "Node Type": "Gather",
          "Parent Relationship": "Outer",
          "Parallel Aware": false,
          "Startup Cost": 33098.78,
          "Total Cost": 33099.09,
          "Plan Rows": 3,
          "Plan Width": 8,
          "Actual Startup Time": 95.136,
          "Actual Total Time": 103.022,
          "Actual Rows": 4,
          "Actual Loops": 1,
          "Workers Planned": 3,
          "Workers Launched": 3,
          "Single Copy": false,
          "Plans": [
            {
              "Node Type": "Aggregate",
              "Strategy": "Plain",
              "Partial Mode": "Partial",
              "Parent Relationship": "Outer",
              "Parallel Aware": false,
              "Startup Cost": 32098.78,
              "Total Cost": 32098.79,
              "Plan Rows": 1,
              "Plan Width": 8,
              "Actual Startup Time": 91.42,
              "Actual Total Time": 91.421,
              "Actual Rows": 1,
              "Actual Loops": 4,
              "Plans": [
                {
                  "Node Type": "Seq Scan",
                  "Parent Relationship": "Outer",
                  "Parallel Aware": true,
                  "Relation Name": "movie_companies",
                  "Alias": "mc",
                  "Startup Cost": 0.0,
                  "Total Cost": 31414.82,
                  "Plan Rows": 273586,
                  "Plan Width": 0,
                  "Actual Startup Time": 0.02,
                  "Actual Total Time": 77.059,
                  "Actual Rows": 293146,
                  "Actual Loops": 4,
                  "Filter": "((company_id < 23990) AND (company_type_id < 2))",
                  "Rows Removed by Filter": 359136
                }
              ]
            }
          ]
        }
      ]
    },
    "Planning Time": 0.123,
    "Triggers": [],
    "Execution Time": 103.063
  }
]