[
  {
    "Plan": {
      "Node Type": "Aggregate",
      "Strategy": "Plain",
      "Partial Mode": "Finalize",
      "Parallel Aware": false,
      "Startup Cost": 247896.71,
      "Total Cost": 247896.72,
      "Plan Rows": 1,
      "Plan Width": 8,
      "Actual Startup Time": 799.928,
      "Actual Total Time": 843.567,
      "Actual Rows": 1,
      "Actual Loops": 1,
      "Plans": [
        {
          "Node Type": "Gather",
          "Parent Relationship": "Outer",
          "Parallel Aware": false,
          "Startup Cost": 247896.18,
          "Total Cost": 247896.69,
          "Plan Rows": 5,
          "Plan Width": 8,
          "Actual Startup Time": 796.338,
          "Actual Total Time": 843.536,
          "Actual Rows": 6,
          "Actual Loops": 1,
          "Workers Planned": 5,
          "Workers Launched": 5,
          "Single Copy": false,
          "Plans": [
            {
              "Node Type": "Aggregate",
              "Strategy": "Plain",
              "Partial Mode": "Partial",
              "Parent Relationship": "Outer",
              "Parallel Aware": false,
              "Startup Cost": 246896.18,
              "Total Cost": 246896.19,
              "Plan Rows": 1,
              "Plan Width": 8,
              "Actual Startup Time": 786.441,
              "Actual Total Time": 786.444,
              "Actual Rows": 1,
              "Actual Loops": 6,
              "Plans": [
                {
                  "Node Type": "Hash Join",
                  "Parent Relationship": "Outer",
                  "Parallel Aware": true,
                  "Join Type": "Inner",
                  "Startup Cost": 46561.64,
                  "Total Cost": 245883.4,
                  "Plan Rows": 405113,
                  "Plan Width": 0,
                  "Actual Startup Time": 104.986,
                  "Actual Total Time": 762.022,
                  "Actual Rows": 509452,
                  "Actual Loops": 6,
                  "Inner Unique": true,
                  "Hash Cond": "(mi.movie_id = t.id)",
                  "Plans": [
                    {
                      "Node Type": "Seq Scan",
                      "Parent Relationship": "Outer",
                      "Parallel Aware": true,
                      "Relation Name": "movie_info",
                      "Alias": "mi",
                      "Startup Cost": 0.0,
                      "Total Cost": 191560.33,
                      "Plan Rows": 2956733,
                      "Plan Width": 4,
                      "Actual Startup Time": 0.025,
                      "Actual Total Time": 303.009,
                      "Actual Rows": 2472620,
                      "Actual Loops": 6
                    },
                    {
                      "Node Type": "Hash",
                      "Parent Relationship": "Inner",
                      "Parallel Aware": true,
                      "Startup Cost": 45479.1,
                      "Total Cost": 45479.1,
                      "Plan Rows": 86603,
                      "Plan Width": 4,
                      "Actual Startup Time": 101.522,
                      "Actual Total Time": 101.522,
                      "Actual Rows": 46191,
                      "Actual Loops": 6,
                      "Hash Buckets": 524288,
                      "Original Hash Buckets": 524288,
                      "Hash Batches": 1,
                      "Original Hash Batches": 1,
                      "Peak Memory Usage": 14976,
                      "Plans": [
                        {
                          "Node Type": "Seq Scan",
                          "Parent Relationship": "Outer",
                          "Parallel Aware": true,
                          "Relation Name": "title",
                          "Alias": "t",
                          "Startup Cost": 0.0,
                          "Total Cost": 45479.1,
                          "Plan Rows": 86603,
                          "Plan Width": 4,
                          "Actual Startup Time": 0.069,
                          "Actual Total Time": 82.334,
                          "Actual Rows": 46191,
                          "Actual Loops": 6,
                          "Filter": "((kind_id < 4) AND (production_year > 2005))",
                          "Rows Removed by Filter": 375194
                        }
                      ]
                    }
                  ]
                }
              ]
            }
          ]
        }
      ]
    },
    "Planning Time": 0.505,
    "Triggers": [],
    "Execution Time": 843.638
  }
]