[
  {
    "Plan": {
      "Node Type": "Aggregate",
      "Strategy": "Plain",
      "Partial Mode": "Finalize",
      "Parallel Aware": false,
      "Startup Cost": 96837.45,
      "Total Cost": 96837.46,
      "Plan Rows": 1,
      "Plan Width": 8,
      "Actual Startup Time": 537.07,
      "Actual Total Time": 578.566,
      "Actual Rows": 1,
      "Actual Loops": 1,
      "Plans": [
        {
          "Node Type": "Gather",
          "Parent Relationship": "Outer",
          "Parallel Aware": false,
          "Startup Cost": 96837.14,
          "Total Cost": 96837.45,
          "Plan Rows": 3,
          "Plan Width": 8,
          "Actual Startup Time": 536.214,
          "Actual Total Time": 578.554,
          "Actual Rows": 4,
          "Actual Loops": 1,
          "Workers Planned": 3,
          "Workers Launched": 3,
          "Single Copy": false,
          "Plans": [
            {
              "Node Type": "Aggregate",
              "Strategy": "Plain",
              "Partial Mode": "Partial",
              "Parent Relationship": "Outer",
              "Parallel Aware": false,
              "Startup Cost": 95837.14,
              "Total Cost": 95837.15,
              "Plan Rows": 1,
              "Plan Width": 8,
              "Actual Startup Time": 527.162,
              "Actual Total Time": 527.206,
              "Actual Rows": 1,
              "Actual Loops": 4,
              "Plans": [
                {
                  "Node Type": "Nested Loop",
                  "Parent Relationship": "Outer",
                  "Parallel Aware": false,
                  "Join Type": "Inner",
                  "Startup Cost": 45634.26,
                  "Total Cost": 95714.8,
                  "Plan Rows": 48934,
                  "Plan Width": 0,
                  "Actual Startup Time": 169.062,
                  "Actual Total Time": 511.639,
                  "Actual Rows": 351548,
                  "Actual Loops": 4,
                  "Inner Unique": false,
                  "Join Filter": "(t.id = mi.movie_id)",
                  "Rows Removed by Join Filter": 0,
                  "Plans": [
                    {
                      "Node Type": "Hash Join",
                      "Parent Relationship": "Outer",
                      "Parallel Aware": true,
                      "Join Type": "Inner",
                      "Startup Cost": 45633.82,
                      "Total Cost": 76066.26,
                      "Plan Rows": 8369,
                      "Plan Width": 8,
                      "Actual Startup Time": 168.979,
                      "Actual Total Time": 225.603,
                      "Actual Rows": 30556,
                      "Actual Loops": 4,
                      "Inner Unique": true,
                      "Hash Cond": "(mc.movie_id = t.id)",
                      "Plans": [
                        {
                          "Node Type": "Seq Scan",
                          "Parent Relationship": "Outer",
                          "Parallel Aware": true,
                          "Relation Name": "movie_companies",
                          "Alias": "mc",
                          "Startup Cost": 0.0,
                          "Total Cost": 29310.68,
                          "Plan Rows": 427336,
                          "Plan Width": 4,
                          "Actual Startup Time": 29.023,
                          "Actual Total Time": 65.564,
                          "Actual Rows": 333721,
                          "Actual Loops": 4,
                          "Filter": "(company_type_id = 2)",
                          "Rows Removed by Filter": 318562
                        },
                        {
                          "Node Type": "Hash",
                          "Parent Relationship": "Inner",
                          "Parallel Aware": true,
                          "Startup Cost": 45479.1,
                          "Total Cost": 45479.1,
                          "Plan Rows": 12378,
                          "Plan Width": 4,
                          "Actual Startup Time": 109.262,
                          "Actual Total Time": 109.263,
                          "Actual Rows": 31964,
                          "Actual Loops": 4,
                          "Hash Buckets": 131072,
                          "Original Hash Buckets": 65536,
                          "Hash Batches": 1,
                          "Original Hash Batches": 1,
                          "Peak Memory Usage": 6624,
                          "Plans": [
                            {
                              "Node Type": "Seq Scan",
                              "Parent Relationship": "Outer",
                              "Parallel Aware": true,
                              "Relation Name": "title",
                              "Alias": "t",
                              "Startup Cost": 0.0,
                              "Total Cost": 45479.1,
                              "Plan Rows": 12378,
                              "Plan Width": 4,
                              "Actual Startup Time": 62.916,
                              "Actual Total Time": 97.466,
                              "Actual Rows": 31964,
                              "Actual Loops": 4,
                              "Filter": "((kind_id < 7) AND (production_year < 1935))",
                              "Rows Removed by Filter": 600114
                            }
                          ]
                        }
                      ]
                    },
                    {
                      "Node Type": "Index Only Scan",
                      "Parent Relationship": "Inner",
                      "Parallel Aware": false,
                      "Scan Direction": "Forward",
                      "Index Name": "movie_id_movie_info",
                      "Relation Name": "movie_info",
                      "Alias": "mi",
                      "Startup Cost": 0.43,
                      "Total Cost": 1.82,
                      "Plan Rows": 42,
                      "Plan Width": 4,
                      "Actual Startup Time": 0.003,
                      "Actual Total Time": 0.008,
                      "Actual Rows": 12,
                      "Actual Loops": 122226,
                      "Index Cond": "(movie_id = mc.movie_id)",
                      "Rows Removed by Index Recheck": 0,
                      "Heap Fetches": 1406193
                    }
                  ]
                }
              ]
            }
          ]
        }
      ]
    },
    "Planning Time": 1.62,
    "Triggers": [],
    "Execution Time": 578.671
  }
]