[
  {
    "Plan": {
      "Node Type": "Aggregate",
      "Strategy": "Plain",
      "Partial Mode": "Finalize",
      "Parallel Aware": false,
      "Startup Cost": 9690.26,
      "Total Cost": 9690.27,
      "Plan Rows": 1,
      "Plan Width": 8,
      "Actual Startup Time": 44.288,
      "Actual Total Time": 45.951,
      "Actual Rows": 1,
      "Actual Loops": 1,
      "Plans": [
        {
          "Node Type": "Gather",
          "Parent Relationship": "Outer",
          "Parallel Aware": false,
          "Startup Cost": 9689.95,
          "Total Cost": 9690.26,
          "Plan Rows": 3,
          "Plan Width": 8,
          "Actual Startup Time": 44.223,
          "Actual Total Time": 45.937,
          "Actual Rows": 4,
          "Actual Loops": 1,
          "Workers Planned": 3,
          "Workers Launched": 3,
          "Single Copy": false,
          "Plans": [
            {
              "Node Type": "Aggregate",
              "Strategy": "Plain",
              "Partial Mode": "Partial",
              "Parent Relationship": "Outer",
              "Parallel Aware": false,
              "Startup Cost": 8689.95,
              "Total Cost": 8689.96,
              "Plan Rows": 1,
              "Plan Width": 8,
              "Actual Startup Time": 36.883,
              "Actual Total Time": 36.884,
              "Actual Rows": 1,
              "Actual Loops": 4,
              "Plans": [
                {
                  "Node Type": "Index Scan",
                  "Parent Relationship": "Outer",
                  "Parallel Aware": true,
                  "Scan Direction": "Forward",
                  "Index Name": "role_id_cast_info",
                  "Relation Name": "cast_info",
                  "Alias": "ci",
                  "Startup Cost": 0.56,
                  "Total Cost": 8600.37,
                  "Plan Rows": 35830,
                  "Plan Width": 0,
                  "Actual Startup Time": 0.148,
                  "Actual Total Time": 31.447,
                  "Actual Rows": 59190,
                  "Actual Loops": 4,
                  "Index Cond": "(role_id > 10)",
                  "Rows Removed by Index Recheck": 0,
                  "Filter": "(person_id > 2325851)",
                  "Rows Removed by Filter": 19839
                }
              ]
            }
          ]
        }
      ]
    },
    "Planning Time": 0.233,
    "Triggers": [],
    "Execution Time": 46.014
  }
]