[
  {
    "Plan": {
      "Node Type": "Aggregate",
      "Strategy": "Plain",
      "Partial Mode": "Finalize",
      "Parallel Aware": false,
      "Startup Cost": 65173.78,
      "Total Cost": 65173.79,
      "Plan Rows": 1,
      "Plan Width": 8,
      "Actual Startup Time": 106.581,
      "Actual Total Time": 120.683,
      "Actual Rows": 1,
      "Actual Loops": 1,
      "Plans": [
        {
          "Node Type": "Gather",
          "Parent Relationship": "Outer",
          "Parallel Aware": false,
          "Startup Cost": 65173.36,
          "Total Cost": 65173.77,
          "Plan Rows": 4,
          "Plan Width": 8,
          "Actual Startup Time": 106.468,
          "Actual Total Time": 120.675,
          "Actual Rows": 5,
          "Actual Loops": 1,
          "Workers Planned": 4,
          "Workers Launched": 4,
          "Single Copy": false,
          "Plans": [
            {
              "Node Type": "Aggregate",
              "Strategy": "Plain",
              "Partial Mode": "Partial",
              "Parent Relationship": "Outer",
              "Parallel Aware": false,
              "Startup Cost": 64173.36,
              "Total Cost": 64173.37,
              "Plan Rows": 1,
              "Plan Width": 8,
              "Actual Startup Time": 96.584,
              "Actual Total Time": 96.585,
              "Actual Rows": 1,
              "Actual Loops": 5,
              "Plans": [
                {
                  "Node Type": "Nested Loop",
                  "Parent Relationship": "Outer",
                  "Parallel Aware": false,
                  "Join Type": "Inner",
                  "Startup Cost": 0.43,
                  "Total Cost": 64169.76,
                  "Plan Rows": 1441,
                  "Plan Width": 0,
                  "Actual Startup Time": 0.734,
                  "Actual Total Time": 96.336,
                  "Actual Rows": 2532,
                  "Actual Loops": 5,
                  "Inner Unique": false,
                  "Plans": [
                    {
                      "Node Type": "Seq Scan",
                      "Parent Relationship": "Outer",
                      "Parallel Aware": true,
                      "Relation Name": "title",
                      "Alias": "t",
                      "Startup Cost": 0.0,
                      "Total Cost": 45479.1,
                      "Plan Rows": 1396,
                      "Plan Width": 4,
                      "Actual Startup Time": 0.517,
                      "Actual Total Time": 80.229,
                      "Actual Rows": 1330,
                      "Actual Loops": 5,
                      "Filter": "((kind_id < 7) AND (production_year = 1981))",
                      "Rows Removed by Filter": 504332
                    },
                    {
                      "Node Type": "Index Only Scan",
                      "Parent Relationship": "Inner",
                      "Parallel Aware": false,
                      "Scan Direction": "Forward",
                      "Index Name": "movie_id_movie_companies",
                      "Relation Name": "movie_companies",
                      "Alias": "mc",
                      "Startup Cost": 0.43,
                      "Total Cost": 13.34,
                      "Plan Rows": 5,
                      "Plan Width": 4,
                      "Actual Startup Time": 0.01,
                      "Actual Total Time": 0.011,
                      "Actual Rows": 2,
                      "Actual Loops": 6650,
                      "Index Cond": "(movie_id = t.id)",
                      "Rows Removed by Index Recheck": 0,
                      "Heap Fetches": 12660
                    }
                  ]
                }
              ]
            }
          ]
        }
      ]
    },
    "Planning Time": 0.572,
    "Triggers": [],
    "Execution Time": 120.753
  }
]