[
  {
    "Bao": {
      "Bao prediction": 548.808,
      "Bao recommended hint": "SET enable_nestloop TO off; SET enable_hashjoin TO off; "
    }
  },
  {
    "Plan": {
      "Node Type": "Aggregate",
      "Strategy": "Plain",
      "Partial Mode": "Simple",
      "Parallel Aware": false,
      "Startup Cost": 620986.78,
      "Total Cost": 620986.79,
      "Plan Rows": 1,
      "Plan Width": 96,
      "Actual Startup Time": 3575.347,
      "Actual Total Time": 3575.662,
      "Actual Rows": 1,
      "Actual Loops": 1,
      "Plans": [
        {
          "Node Type": "Merge Join",
          "Parent Relationship": "Outer",
          "Parallel Aware": false,
          "Join Type": "Inner",
          "Startup Cost": 608212.11,
          "Total Cost": 620986.77,
          "Plan Rows": 1,
          "Plan Width": 42,
          "Actual Startup Time": 3539.124,
          "Actual Total Time": 3574.837,
          "Actual Rows": 8373,
          "Actual Loops": 1,
          "Inner Unique": false,
          "Merge Cond": "(cn.id = mc.company_id)",
          "Plans": [
            {
              "Node Type": "Index Scan",
              "Parent Relationship": "Outer",
              "Parallel Aware": false,
              "Scan Direction": "Forward",
              "Index Name": "company_name_pkey",
              "Relation Name": "company_name",
              "Alias": "cn",
              "Startup Cost": 0.42,
              "Total Cost": 12469.43,
              "Plan Rows": 125473,
              "Plan Width": 23,
              "Actual Startup Time": 0.118,
              "Actual Total Time": 32.002,
              "Actual Rows": 38547,
              "Actual Loops": 1,
              "Filter": "((country_code)::text <> '[us]'::text)",
              "Rows Removed by Filter": 31676
            },
            {
              "Node Type": "Sort",
              "Parent Relationship": "Inner",
              "Parallel Aware": false,
              "Startup Cost": 608211.69,
              "Total Cost": 608211.7,
              "Plan Rows": 1,
              "Plan Width": 27,
              "Actual Startup Time": 3538.981,
              "Actual Total Time": 3539.937,
              "Actual Rows": 8771,
              "Actual Loops": 1,
              "Sort Key": [
                "mc.company_id"
              ],
              "Sort Method": "quicksort",
              "Sort Space Used": 1048,
              "Sort Space Type": "Memory",
              "Plans": [
                {
                  "Node Type": "Merge Join",
                  "Parent Relationship": "Outer",
                  "Parallel Aware": false,
                  "Join Type": "Inner",
                  "Startup Cost": 608211.64,
                  "Total Cost": 608211.68,
                  "Plan Rows": 1,
                  "Plan Width": 27,
                  "Actual Startup Time": 3535.426,
                  "Actual Total Time": 3537.13,
                  "Actual Rows": 8771,
                  "Actual Loops": 1,
                  "Inner Unique": true,
                  "Merge Cond": "(mc.company_type_id = ct.id)",
                  "Plans": [
                    {
                      "Node Type": "Sort",
                      "Parent Relationship": "Outer",
                      "Parallel Aware": false,
                      "Startup Cost": 608210.56,
                      "Total Cost": 608210.57,
                      "Plan Rows": 1,
                      "Plan Width": 31,
                      "Actual Startup Time": 3535.394,
                      "Actual Total Time": 3536.026,
                      "Actual Rows": 8771,
                      "Actual Loops": 1,
                      "Sort Key": [
                        "mc.company_type_id"
                      ],
                      "Sort Method": "quicksort",
                      "Sort Space Used": 1088,
                      "Sort Space Type": "Memory",
                      "Plans": [
                        {
                          "Node Type": "Merge Join",
                          "Parent Relationship": "Outer",
                          "Parallel Aware": false,
                          "Join Type": "Inner",
                          "Startup Cost": 607497.24,
                          "Total Cost": 608210.55,
                          "Plan Rows": 1,
                          "Plan Width": 31,
                          "Actual Startup Time": 3448.94,
                          "Actual Total Time": 3533.933,
                          "Actual Rows": 8771,
                          "Actual Loops": 1,
                          "Inner Unique": false,
                          "Merge Cond": "(t.id = mc.movie_id)",
                          "Plans": [
                            {
                              "Node Type": "Merge Join",
                              "Parent Relationship": "Outer",
                              "Parallel Aware": false,
                              "Join Type": "Inner",
                              "Startup Cost": 549952.23,
                              "Total Cost": 549987.25,
                              "Plan Rows": 1,
                              "Plan Width": 43,
                              "Actual Startup Time": 3239.775,
                              "Actual Total Time": 3298.301,
                              "Actual Rows": 778,
                              "Actual Loops": 1,
                              "Inner Unique": false,
                              "Merge Cond": "(mi.movie_id = t.id)",
                              "Plans": [
                                {
                                  "Node Type": "Merge Join",
                                  "Parent Relationship": "Outer",
                                  "Parallel Aware": false,
                                  "Join Type": "Inner",
                                  "Startup Cost": 472795.53,
                                  "Total Cost": 472825.66,
                                  "Plan Rows": 1,
                                  "Plan Width": 18,
                                  "Actual Startup Time": 2874.323,
                                  "Actual Total Time": 2931.795,
                                  "Actual Rows": 20967,
                                  "Actual Loops": 1,
                                  "Inner Unique": false,
                                  "Merge Cond": "(mi.movie_id = mk.movie_id)",
                                  "Plans": [
                                    {
                                      "Node Type": "Sort",
                                      "Parent Relationship": "Outer",
                                      "Parallel Aware": false,
                                      "Startup Cost": 243187.48,
                                      "Total Cost": 243202.54,
                                      "Plan Rows": 6024,
                                      "Plan Width": 4,
                                      "Actual Startup Time": 1071.855,
                                      "Actual Total Time": 1092.732,
                                      "Actual Rows": 614200,
                                      "Actual Loops": 1,
                                      "Sort Key": [
                                        "mi.movie_id"
                                      ],
                                      "Sort Method": "quicksort",
                                      "Sort Space Used": 53370,
                                      "Sort Space Type": "Memory",
                                      "Plans": [
                                        {
                                          "Node Type": "Gather",
                                          "Parent Relationship": "Outer",
                                          "Parallel Aware": false,
                                          "Startup Cost": 241514.06,
                                          "Total Cost": 242809.28,
                                          "Plan Rows": 6024,
                                          "Plan Width": 4,
                                          "Actual Startup Time": 887.809,
                                          "Actual Total Time": 960.495,
                                          "Actual Rows": 614251,
                                          "Actual Loops": 1,
                                          "Workers Planned": 5,
                                          "Workers Launched": 5,
                                          "Single Copy": false,
                                          "Plans": [
                                            {
                                              "Node Type": "Merge Join",
                                              "Parent Relationship": "Outer",
                                              "Parallel Aware": false,
                                              "Join Type": "Inner",
                                              "Startup Cost": 240514.06,
                                              "Total Cost": 241206.88,
                                              "Plan Rows": 1205,
                                              "Plan Width": 4,
                                              "Actual Startup Time": 876.317,
                                              "Actual Total Time": 898.161,
                                              "Actual Rows": 102375,
                                              "Actual Loops": 6,
                                              "Inner Unique": true,
                                              "Merge Cond": "(mi.info_type_id = it1.id)",
                                              "Plans": [
                                                {
                                                  "Node Type": "Sort",
                                                  "Parent Relationship": "Outer",
                                                  "Parallel Aware": false,
                                                  "Startup Cost": 240511.64,
                                                  "Total Cost": 240852.02,
                                                  "Plan Rows": 136153,
                                                  "Plan Width": 8,
                                                  "Actual Startup Time": 874.448,
                                                  "Actual Total Time": 880.997,
                                                  "Actual Rows": 116706,
                                                  "Actual Loops": 6,
                                                  "Sort Key": [
                                                    "mi.info_type_id"
                                                  ],
                                                  "Sort Method": "quicksort",
                                                  "Sort Space Used": 14336,
                                                  "Sort Space Type": "Memory",
                                                  "Workers": [
                                                    {
                                                      "Worker Number": 0,
                                                      "Sort Method": "quicksort",
                                                      "Sort Space Used": 8108,
                                                      "Sort Space Type": "Memory"
                                                    },
                                                    {
                                                      "Worker Number": 1,
                                                      "Sort Method": "quicksort",
                                                      "Sort Space Used": 8106,
                                                      "Sort Space Type": "Memory"
                                                    },
                                                    {
                                                      "Worker Number": 2,
                                                      "Sort Method": "quicksort",
                                                      "Sort Space Used": 8164,
                                                      "Sort Space Type": "Memory"
                                                    },
                                                    {
                                                      "Worker Number": 3,
                                                      "Sort Method": "quicksort",
                                                      "Sort Space Used": 8217,
                                                      "Sort Space Type": "Memory"
                                                    },
                                                    {
                                                      "Worker Number": 4,
                                                      "Sort Method": "quicksort",
                                                      "Sort Space Used": 8148,
                                                      "Sort Space Type": "Memory"
                                                    }
                                                  ],
                                                  "Plans": [
                                                    {
                                                      "Node Type": "Seq Scan",
                                                      "Parent Relationship": "Outer",
                                                      "Parallel Aware": true,
                                                      "Relation Name": "movie_info",
                                                      "Alias": "mi",
                                                      "Startup Cost": 0.0,
                                                      "Total Cost": 228901.28,
                                                      "Plan Rows": 136153,
                                                      "Plan Width": 8,
                                                      "Actual Startup Time": 0.922,
                                                      "Actual Total Time": 848.399,
                                                      "Actual Rows": 119368,
                                                      "Actual Loops": 6,
                                                      "Filter": "(info = ANY ('{Sweden,Norway,Germany,Denmark,Swedish,Danish,Norwegian,German,USA,American}'::text[]))",
                                                      "Rows Removed by Filter": 2353252
                                                    }
                                                  ]
                                                },
                                                {
                                                  "Node Type": "Sort",
                                                  "Parent Relationship": "Inner",
                                                  "Parallel Aware": false,
                                                  "Startup Cost": 2.42,
                                                  "Total Cost": 2.43,
                                                  "Plan Rows": 1,
                                                  "Plan Width": 4,
                                                  "Actual Startup Time": 0.085,
                                                  "Actual Total Time": 0.086,
                                                  "Actual Rows": 1,
                                                  "Actual Loops": 6,
                                                  "Sort Key": [
                                                    "it1.id"
                                                  ],
                                                  "Sort Method": "quicksort",
                                                  "Sort Space Used": 25,
                                                  "Sort Space Type": "Memory",
                                                  "Workers": [
                                                    {
                                                      "Worker Number": 0,
                                                      "Sort Method": "quicksort",
                                                      "Sort Space Used": 25,
                                                      "Sort Space Type": "Memory"
                                                    },
                                                    {
                                                      "Worker Number": 1,
                                                      "Sort Method": "quicksort",
                                                      "Sort Space Used": 25,
                                                      "Sort Space Type": "Memory"
                                                    },
                                                    {
                                                      "Worker Number": 2,
                                                      "Sort Method": "quicksort",
                                                      "Sort Space Used": 25,
                                                      "Sort Space Type": "Memory"
                                                    },
                                                    {
                                                      "Worker Number": 3,
                                                      "Sort Method": "quicksort",
                                                      "Sort Space Used": 25,
                                                      "Sort Space Type": "Memory"
                                                    },
                                                    {
                                                      "Worker Number": 4,
                                                      "Sort Method": "quicksort",
                                                      "Sort Space Used": 25,
                                                      "Sort Space Type": "Memory"
                                                    }
                                                  ],
                                                  "Plans": [
                                                    {
                                                      "Node Type": "Seq Scan",
                                                      "Parent Relationship": "Outer",
                                                      "Parallel Aware": false,
                                                      "Relation Name": "info_type",
                                                      "Alias": "it1",
                                                      "Startup Cost": 0.0,
                                                      "Total Cost": 2.41,
                                                      "Plan Rows": 1,
                                                      "Plan Width": 4,
                                                      "Actual Startup Time": 0.064,
                                                      "Actual Total Time": 0.072,
                                                      "Actual Rows": 1,
                                                      "Actual Loops": 6,
                                                      "Filter": "((info)::text = 'countries'::text)",
                                                      "Rows Removed by Filter": 112
                                                    }
                                                  ]
                                                }
                                              ]
                                            }
                                          ]
                                        }
                                      ]
                                    },
                                    {
                                      "Node Type": "Sort",
                                      "Parent Relationship": "Inner",
                                      "Parallel Aware": false,
                                      "Startup Cost": 229608.04,
                                      "Total Cost": 229608.05,
                                      "Plan Rows": 4,
                                      "Plan Width": 14,
                                      "Actual Startup Time": 1802.456,
                                      "Actual Total Time": 1805.678,
                                      "Actual Rows": 32826,
                                      "Actual Loops": 1,
                                      "Sort Key": [
                                        "mi_idx.movie_id"
                                      ],
                                      "Sort Method": "quicksort",
                                      "Sort Space Used": 2259,
                                      "Sort Space Type": "Memory",
                                      "Plans": [
                                        {
                                          "Node Type": "Gather",
                                          "Parent Relationship": "Outer",
                                          "Parallel Aware": false,
                                          "Startup Cost": 229416.19,
                                          "Total Cost": 229608.0,
                                          "Plan Rows": 4,
                                          "Plan Width": 14,
                                          "Actual Startup Time": 1719.717,
                                          "Actual Total Time": 1795.357,
                                          "Actual Rows": 31800,
                                          "Actual Loops": 1,
                                          "Workers Planned": 3,
                                          "Workers Launched": 3,
                                          "Single Copy": false,
                                          "Plans": [
                                            {
                                              "Node Type": "Merge Join",
                                              "Parent Relationship": "Outer",
                                              "Parallel Aware": false,
                                              "Join Type": "Inner",
                                              "Startup Cost": 228416.19,
                                              "Total Cost": 228607.6,
                                              "Plan Rows": 1,
                                              "Plan Width": 14,
                                              "Actual Startup Time": 1655.749,
                                              "Actual Total Time": 1704.156,
                                              "Actual Rows": 7950,
                                              "Actual Loops": 4,
                                              "Inner Unique": true,
                                              "Merge Cond": "(mk.keyword_id = k.id)",
                                              "Plans": [
                                                {
                                                  "Node Type": "Sort",
                                                  "Parent Relationship": "Outer",
                                                  "Parallel Aware": false,
                                                  "Startup Cost": 225453.92,
                                                  "Total Cost": 225549.95,
                                                  "Plan Rows": 38412,
                                                  "Plan Width": 18,
                                                  "Actual Startup Time": 1622.817,
                                                  "Actual Total Time": 1656.003,
                                                  "Actual Rows": 166600,
                                                  "Actual Loops": 4,
                                                  "Sort Key": [
                                                    "mk.keyword_id"
                                                  ],
                                                  "Sort Method": "quicksort",
                                                  "Sort Space Used": 121080,
                                                  "Sort Space Type": "Memory",
                                                  "Workers": [
                                                    {
                                                      "Worker Number": 0,
                                                      "Sort Method": "quicksort",
                                                      "Sort Space Used": 53650,
                                                      "Sort Space Type": "Memory"
                                                    },
                                                    {
                                                      "Worker Number": 1,
                                                      "Sort Method": "quicksort",
                                                      "Sort Space Used": 53776,
                                                      "Sort Space Type": "Memory"
                                                    },
                                                    {
                                                      "Worker Number": 2,
                                                      "Sort Method": "quicksort",
                                                      "Sort Space Used": 53916,
                                                      "Sort Space Type": "Memory"
                                                    }
                                                  ],
                                                  "Plans": [
                                                    {
                                                      "Node Type": "Merge Join",
                                                      "Parent Relationship": "Outer",
                                                      "Parallel Aware": false,
                                                      "Join Type": "Inner",
                                                      "Startup Cost": 71834.94,
                                                      "Total Cost": 222528.99,
                                                      "Plan Rows": 38412,
                                                      "Plan Width": 18,
                                                      "Actual Startup Time": 714.957,
                                                      "Actual Total Time": 1326.905,
                                                      "Actual Rows": 850868,
                                                      "Actual Loops": 4,
                                                      "Inner Unique": false,
                                                      "Merge Cond": "(mk.movie_id = mi_idx.movie_id)",
                                                      "Plans": [
                                                        {
                                                          "Node Type": "Index Scan",
                                                          "Parent Relationship": "Outer",
                                                          "Parallel Aware": true,
                                                          "Scan Direction": "Forward",
                                                          "Index Name": "movie_id_movie_keyword",
                                                          "Relation Name": "movie_keyword",
                                                          "Alias": "mk",
                                                          "Startup Cost": 0.43,
                                                          "Total Cost": 146502.5,
                                                          "Plan Rows": 1459332,
                                                          "Plan Width": 8,
                                                          "Actual Startup Time": 0.082,
                                                          "Actual Total Time": 271.891,
                                                          "Actual Rows": 1130981,
                                                          "Actual Loops": 4
                                                        },
                                                        {
                                                          "Node Type": "Sort",
                                                          "Parent Relationship": "Inner",
                                                          "Parallel Aware": false,
                                                          "Startup Cost": 71834.5,
                                                          "Total Cost": 71864.18,
                                                          "Plan Rows": 11871,
                                                          "Plan Width": 10,
                                                          "Actual Startup Time": 714.825,
                                                          "Actual Total Time": 781.958,
                                                          "Actual Rows": 1246977,
                                                          "Actual Loops": 4,
                                                          "Sort Key": [
                                                            "mi_idx.movie_id"
                                                          ],
                                                          "Sort Method": "quicksort",
                                                          "Sort Space Used": 33581,
                                                          "Sort Space Type": "Memory",
                                                          "Workers": [
                                                            {
                                                              "Worker Number": 0,
                                                              "Sort Method": "quicksort",
                                                              "Sort Space Used": 33581,
                                                              "Sort Space Type": "Memory"
                                                            },
                                                            {
                                                              "Worker Number": 1,
                                                              "Sort Method": "quicksort",
                                                              "Sort Space Used": 33581,
                                                              "Sort Space Type": "Memory"
                                                            },
                                                            {
                                                              "Worker Number": 2,
                                                              "Sort Method": "quicksort",
                                                              "Sort Space Used": 33581,
                                                              "Sort Space Type": "Memory"
                                                            }
                                                          ],
                                                          "Plans": [
                                                            {
                                                              "Node Type": "Merge Join",
                                                              "Parent Relationship": "Outer",
                                                              "Parallel Aware": false,
                                                              "Join Type": "Inner",
                                                              "Startup Cost": 2.86,
                                                              "Total Cost": 71031.12,
                                                              "Plan Rows": 11871,
                                                              "Plan Width": 10,
                                                              "Actual Startup Time": 368.255,
                                                              "Actual Total Time": 573.792,
                                                              "Actual Rows": 454230,
                                                              "Actual Loops": 4,
                                                              "Inner Unique": true,
                                                              "Merge Cond": "(mi_idx.info_type_id = it2.id)",
                                                              "Plans": [
                                                                {
                                                                  "Node Type": "Index Scan",
                                                                  "Parent Relationship": "Outer",
                                                                  "Parallel Aware": false,
                                                                  "Scan Direction": "Forward",
                                                                  "Index Name": "info_type_id_movie_info_idx",
                                                                  "Relation Name": "movie_info_idx",
                                                                  "Alias": "mi_idx",
                                                                  "Startup Cost": 0.43,
                                                                  "Total Cost": 67556.34,
                                                                  "Plan Rows": 1341456,
                                                                  "Plan Width": 14,
                                                                  "Actual Startup Time": 0.203,
                                                                  "Actual Total Time": 449.831,
                                                                  "Actual Rows": 1337397,
                                                                  "Actual Loops": 4,
                                                                  "Filter": "(info < '8.5'::text)",
                                                                  "Rows Removed by Filter": 42379
                                                                },
                                                                {
                                                                  "Node Type": "Sort",
                                                                  "Parent Relationship": "Inner",
                                                                  "Parallel Aware": false,
                                                                  "Startup Cost": 2.42,
                                                                  "Total Cost": 2.43,
                                                                  "Plan Rows": 1,
                                                                  "Plan Width": 4,
                                                                  "Actual Startup Time": 0.118,
                                                                  "Actual Total Time": 0.12,
                                                                  "Actual Rows": 1,
                                                                  "Actual Loops": 4,
                                                                  "Sort Key": [
                                                                    "it2.id"
                                                                  ],
                                                                  "Sort Method": "quicksort",
                                                                  "Sort Space Used": 25,
                                                                  "Sort Space Type": "Memory",
                                                                  "Workers": [
                                                                    {
                                                                      "Worker Number": 0,
                                                                      "Sort Method": "quicksort",
                                                                      "Sort Space Used": 25,
                                                                      "Sort Space Type": "Memory"
                                                                    },
                                                                    {
                                                                      "Worker Number": 1,
                                                                      "Sort Method": "quicksort",
                                                                      "Sort Space Used": 25,
                                                                      "Sort Space Type": "Memory"
                                                                    },
                                                                    {
                                                                      "Worker Number": 2,
                                                                      "Sort Method": "quicksort",
                                                                      "Sort Space Used": 25,
                                                                      "Sort Space Type": "Memory"
                                                                    }
                                                                  ],
                                                                  "Plans": [
                                                                    {
                                                                      "Node Type": "Seq Scan",
                                                                      "Parent Relationship": "Outer",
                                                                      "Parallel Aware": false,
                                                                      "Relation Name": "info_type",
                                                                      "Alias": "it2",
                                                                      "Startup Cost": 0.0,
                                                                      "Total Cost": 2.41,
                                                                      "Plan Rows": 1,
                                                                      "Plan Width": 4,
                                                                      "Actual Startup Time": 0.07,
                                                                      "Actual Total Time": 0.073,
                                                                      "Actual Rows": 1,
                                                                      "Actual Loops": 4,
                                                                      "Filter": "((info)::text = 'rating'::text)",
                                                                      "Rows Removed by Filter": 112
                                                                    }
                                                                  ]
                                                                }
                                                              ]
                                                            }
                                                          ]
                                                        }
                                                      ]
                                                    }
                                                  ]
                                                },
                                                {
                                                  "Node Type": "Sort",
                                                  "Parent Relationship": "Inner",
                                                  "Parallel Aware": false,
                                                  "Startup Cost": 2961.59,
                                                  "Total Cost": 2961.6,
                                                  "Plan Rows": 4,
                                                  "Plan Width": 4,
                                                  "Actual Startup Time": 23.364,
                                                  "Actual Total Time": 23.368,
                                                  "Actual Rows": 3,
                                                  "Actual Loops": 4,
                                                  "Sort Key": [
                                                    "k.id"
                                                  ],
                                                  "Sort Method": "quicksort",
                                                  "Sort Space Used": 25,
                                                  "Sort Space Type": "Memory",
                                                  "Workers": [
                                                    {
                                                      "Worker Number": 0,
                                                      "Sort Method": "quicksort",
                                                      "Sort Space Used": 25,
                                                      "Sort Space Type": "Memory"
                                                    },
                                                    {
                                                      "Worker Number": 1,
                                                      "Sort Method": "quicksort",
                                                      "Sort Space Used": 25,
                                                      "Sort Space Type": "Memory"
                                                    },
                                                    {
                                                      "Worker Number": 2,
                                                      "Sort Method": "quicksort",
                                                      "Sort Space Used": 25,
                                                      "Sort Space Type": "Memory"
                                                    }
                                                  ],
                                                  "Plans": [
                                                    {
                                                      "Node Type": "Seq Scan",
                                                      "Parent Relationship": "Outer",
                                                      "Parallel Aware": false,
                                                      "Relation Name": "keyword",
                                                      "Alias": "k",
                                                      "Startup Cost": 0.0,
                                                      "Total Cost": 2961.55,
                                                      "Plan Rows": 4,
                                                      "Plan Width": 4,
                                                      "Actual Startup Time": 1.069,
                                                      "Actual Total Time": 23.348,
                                                      "Actual Rows": 3,
                                                      "Actual Loops": 4,
                                                      "Filter": "(keyword = ANY ('{murder,murder-in-title,blood,violence}'::text[]))",
                                                      "Rows Removed by Filter": 134167
                                                    }
                                                  ]
                                                }
                                              ]
                                            }
                                          ]
                                        }
                                      ]
                                    }
                                  ]
                                },
                                {
                                  "Node Type": "Sort",
                                  "Parent Relationship": "Inner",
                                  "Parallel Aware": false,
                                  "Startup Cost": 77156.71,
                                  "Total Cost": 77159.14,
                                  "Plan Rows": 975,
                                  "Plan Width": 25,
                                  "Actual Startup Time": 364.022,
                                  "Actual Total Time": 364.696,
                                  "Actual Rows": 13603,
                                  "Actual Loops": 1,
                                  "Sort Key": [
                                    "cc.movie_id"
                                  ],
                                  "Sort Method": "quicksort",
                                  "Sort Space Used": 1364,
                                  "Sort Space Type": "Memory",
                                  "Plans": [
                                    {
                                      "Node Type": "Gather",
                                      "Parent Relationship": "Outer",
                                      "Parallel Aware": false,
                                      "Startup Cost": 77003.48,
                                      "Total Cost": 77108.3,
                                      "Plan Rows": 975,
                                      "Plan Width": 25,
                                      "Actual Startup Time": 351.286,
                                      "Actual Total Time": 360.76,
                                      "Actual Rows": 13304,
                                      "Actual Loops": 1,
                                      "Workers Planned": 4,
                                      "Workers Launched": 4,
                                      "Single Copy": false,
                                      "Plans": [
                                        {
                                          "Node Type": "Merge Join",
                                          "Parent Relationship": "Outer",
                                          "Parallel Aware": false,
                                          "Join Type": "Inner",
                                          "Startup Cost": 76003.48,
                                          "Total Cost": 76010.8,
                                          "Plan Rows": 244,
                                          "Plan Width": 25,
                                          "Actual Startup Time": 345.09,
                                          "Actual Total Time": 345.749,
                                          "Actual Rows": 2661,
                                          "Actual Loops": 5,
                                          "Inner Unique": true,
                                          "Merge Cond": "(cc.status_id = cct2.id)",
                                          "Plans": [
                                            {
                                              "Node Type": "Sort",
                                              "Parent Relationship": "Outer",
                                              "Parallel Aware": false,
                                              "Startup Cost": 76002.42,
                                              "Total Cost": 76004.86,
                                              "Plan Rows": 975,
                                              "Plan Width": 29,
                                              "Actual Startup Time": 345.067,
                                              "Actual Total Time": 345.214,
                                              "Actual Rows": 2662,
                                              "Actual Loops": 5,
                                              "Sort Key": [
                                                "cc.status_id"
                                              ],
                                              "Sort Method": "quicksort",
                                              "Sort Space Used": 554,
                                              "Sort Space Type": "Memory",
                                              "Workers": [
                                                {
                                                  "Worker Number": 0,
                                                  "Sort Method": "quicksort",
                                                  "Sort Space Used": 295,
                                                  "Sort Space Type": "Memory"
                                                },
                                                {
                                                  "Worker Number": 1,
                                                  "Sort Method": "quicksort",
                                                  "Sort Space Used": 288,
                                                  "Sort Space Type": "Memory"
                                                },
                                                {
                                                  "Worker Number": 2,
                                                  "Sort Method": "quicksort",
                                                  "Sort Space Used": 292,
                                                  "Sort Space Type": "Memory"
                                                },
                                                {
                                                  "Worker Number": 3,
                                                  "Sort Method": "quicksort",
                                                  "Sort Space Used": 294,
                                                  "Sort Space Type": "Memory"
                                                }
                                              ],
                                              "Plans": [
                                                {
                                                  "Node Type": "Merge Join",
                                                  "Parent Relationship": "Outer",
                                                  "Parallel Aware": false,
                                                  "Join Type": "Inner",
                                                  "Startup Cost": 75927.19,
                                                  "Total Cost": 75954.01,
                                                  "Plan Rows": 975,
                                                  "Plan Width": 29,
                                                  "Actual Startup Time": 343.555,
                                                  "Actual Total Time": 344.258,
                                                  "Actual Rows": 2854,
                                                  "Actual Loops": 5,
                                                  "Inner Unique": true,
                                                  "Merge Cond": "(t.kind_id = kt.id)",
                                                  "Plans": [
                                                    {
                                                      "Node Type": "Sort",
                                                      "Parent Relationship": "Outer",
                                                      "Parallel Aware": false,
                                                      "Startup Cost": 75926.09,
                                                      "Total Cost": 75934.62,
                                                      "Plan Rows": 3413,
                                                      "Plan Width": 33,
                                                      "Actual Startup Time": 343.499,
                                                      "Actual Total Time": 343.663,
                                                      "Actual Rows": 3093,
                                                      "Actual Loops": 5,
                                                      "Sort Key": [
                                                        "t.kind_id"
                                                      ],
                                                      "Sort Method": "quicksort",
                                                      "Sort Space Used": 591,
                                                      "Sort Space Type": "Memory",
                                                      "Workers": [
                                                        {
                                                          "Worker Number": 0,
                                                          "Sort Method": "quicksort",
                                                          "Sort Space Used": 317,
                                                          "Sort Space Type": "Memory"
                                                        },
                                                        {
                                                          "Worker Number": 1,
                                                          "Sort Method": "quicksort",
                                                          "Sort Space Used": 308,
                                                          "Sort Space Type": "Memory"
                                                        },
                                                        {
                                                          "Worker Number": 2,
                                                          "Sort Method": "quicksort",
                                                          "Sort Space Used": 315,
                                                          "Sort Space Type": "Memory"
                                                        },
                                                        {
                                                          "Worker Number": 3,
                                                          "Sort Method": "quicksort",
                                                          "Sort Space Used": 319,
                                                          "Sort Space Type": "Memory"
                                                        }
                                                      ],
                                                      "Plans": [
                                                        {
                                                          "Node Type": "Merge Join",
                                                          "Parent Relationship": "Outer",
                                                          "Parallel Aware": false,
                                                          "Join Type": "Inner",
                                                          "Startup Cost": 74245.26,
                                                          "Total Cost": 75725.8,
                                                          "Plan Rows": 3413,
                                                          "Plan Width": 33,
                                                          "Actual Startup Time": 279.528,
                                                          "Actual Total Time": 342.461,
                                                          "Actual Rows": 3093,
                                                          "Actual Loops": 5,
                                                          "Inner Unique": false,
                                                          "Merge Cond": "(t.id = cc.movie_id)",
                                                          "Plans": [
                                                            {
                                                              "Node Type": "Sort",
                                                              "Parent Relationship": "Outer",
                                                              "Parallel Aware": false,
                                                              "Startup Cost": 66852.52,
                                                              "Total Cost": 67491.4,
                                                              "Plan Rows": 255554,
                                                              "Plan Width": 25,
                                                              "Actual Startup Time": 214.558,
                                                              "Actual Total Time": 240.682,
                                                              "Actual Rows": 202582,
                                                              "Actual Loops": 5,
                                                              "Sort Key": [
                                                                "t.id"
                                                              ],
                                                              "Sort Method": "quicksort",
                                                              "Sort Space Used": 36875,
                                                              "Sort Space Type": "Memory",
                                                              "Workers": [
                                                                {
                                                                  "Worker Number": 0,
                                                                  "Sort Method": "quicksort",
                                                                  "Sort Space Used": 19134,
                                                                  "Sort Space Type": "Memory"
                                                                },
                                                                {
                                                                  "Worker Number": 1,
                                                                  "Sort Method": "quicksort",
                                                                  "Sort Space Used": 19092,
                                                                  "Sort Space Type": "Memory"
                                                                },
                                                                {
                                                                  "Worker Number": 2,
                                                                  "Sort Method": "quicksort",
                                                                  "Sort Space Used": 19114,
                                                                  "Sort Space Type": "Memory"
                                                                },
                                                                {
                                                                  "Worker Number": 3,
                                                                  "Sort Method": "quicksort",
                                                                  "Sort Space Used": 19269,
                                                                  "Sort Space Type": "Memory"
                                                                }
                                                              ],
                                                              "Plans": [
                                                                {
                                                                  "Node Type": "Seq Scan",
                                                                  "Parent Relationship": "Outer",
                                                                  "Parallel Aware": true,
                                                                  "Relation Name": "title",
                                                                  "Alias": "t",
                                                                  "Startup Cost": 0.0,
                                                                  "Total Cost": 43899.59,
                                                                  "Plan Rows": 255554,
                                                                  "Plan Width": 25,
                                                                  "Actual Startup Time": 0.056,
                                                                  "Actual Total Time": 119.543,
                                                                  "Actual Rows": 202584,
                                                                  "Actual Loops": 5,
                                                                  "Filter": "(production_year > 2005)",
                                                                  "Rows Removed by Filter": 303078
                                                                }
                                                              ]
                                                            },
                                                            {
                                                              "Node Type": "Sort",
                                                              "Parent Relationship": "Inner",
                                                              "Parallel Aware": false,
                                                              "Startup Cost": 7392.6,
                                                              "Total Cost": 7477.03,
                                                              "Plan Rows": 33772,
                                                              "Plan Width": 8,
                                                              "Actual Startup Time": 64.895,
                                                              "Actual Total Time": 70.44,
                                                              "Actual Rows": 85878,
                                                              "Actual Loops": 5,
                                                              "Sort Key": [
                                                                "cc.movie_id"
                                                              ],
                                                              "Sort Method": "quicksort",
                                                              "Sort Space Used": 7101,
                                                              "Sort Space Type": "Memory",
                                                              "Workers": [
                                                                {
                                                                  "Worker Number": 0,
                                                                  "Sort Method": "quicksort",
                                                                  "Sort Space Used": 7101,
                                                                  "Sort Space Type": "Memory"
                                                                },
                                                                {
                                                                  "Worker Number": 1,
                                                                  "Sort Method": "quicksort",
                                                                  "Sort Space Used": 7101,
                                                                  "Sort Space Type": "Memory"
                                                                },
                                                                {
                                                                  "Worker Number": 2,
                                                                  "Sort Method": "quicksort",
                                                                  "Sort Space Used": 7101,
                                                                  "Sort Space Type": "Memory"
                                                                },
                                                                {
                                                                  "Worker Number": 3,
                                                                  "Sort Method": "quicksort",
                                                                  "Sort Space Used": 7101,
                                                                  "Sort Space Type": "Memory"
                                                                }
                                                              ],
                                                              "Plans": [
                                                                {
                                                                  "Node Type": "Merge Join",
                                                                  "Parent Relationship": "Outer",
                                                                  "Parallel Aware": false,
                                                                  "Join Type": "Inner",
                                                                  "Startup Cost": 0.55,
                                                                  "Total Cost": 4852.35,
                                                                  "Plan Rows": 33772,
                                                                  "Plan Width": 8,
                                                                  "Actual Startup Time": 0.081,
                                                                  "Actual Total Time": 38.121,
                                                                  "Actual Rows": 85941,
                                                                  "Actual Loops": 5,
                                                                  "Inner Unique": true,
                                                                  "Merge Cond": "(cc.subject_id = cct1.id)",
                                                                  "Plans": [
                                                                    {
                                                                      "Node Type": "Index Scan",
                                                                      "Parent Relationship": "Outer",
                                                                      "Parallel Aware": false,
                                                                      "Scan Direction": "Forward",
                                                                      "Index Name": "subject_id_complete_cast",
                                                                      "Relation Name": "complete_cast",
                                                                      "Alias": "cc",
                                                                      "Startup Cost": 0.42,
                                                                      "Total Cost": 4164.71,
                                                                      "Plan Rows": 135086,
                                                                      "Plan Width": 12,
                                                                      "Actual Startup Time": 0.06,
                                                                      "Actual Total Time": 22.443,
                                                                      "Actual Rows": 85942,
                                                                      "Actual Loops": 5
                                                                    },
                                                                    {
                                                                      "Node Type": "Index Scan",
                                                                      "Parent Relationship": "Inner",
                                                                      "Parallel Aware": false,
                                                                      "Scan Direction": "Forward",
                                                                      "Index Name": "comp_cast_type_pkey",
                                                                      "Relation Name": "comp_cast_type",
                                                                      "Alias": "cct1",
                                                                      "Startup Cost": 0.13,
                                                                      "Total Cost": 12.2,
                                                                      "Plan Rows": 1,
                                                                      "Plan Width": 4,
                                                                      "Actual Startup Time": 0.017,
                                                                      "Actual Total Time": 0.021,
                                                                      "Actual Rows": 1,
                                                                      "Actual Loops": 5,
                                                                      "Filter": "((kind)::text = 'cast'::text)",
                                                                      "Rows Removed by Filter": 3
                                                                    }
                                                                  ]
                                                                }
                                                              ]
                                                            }
                                                          ]
                                                        }
                                                      ]
                                                    },
                                                    {
                                                      "Node Type": "Sort",
                                                      "Parent Relationship": "Inner",
                                                      "Parallel Aware": false,
                                                      "Startup Cost": 1.1,
                                                      "Total Cost": 1.1,
                                                      "Plan Rows": 2,
                                                      "Plan Width": 4,
                                                      "Actual Startup Time": 0.052,
                                                      "Actual Total Time": 0.053,
                                                      "Actual Rows": 2,
                                                      "Actual Loops": 5,
                                                      "Sort Key": [
                                                        "kt.id"
                                                      ],
                                                      "Sort Method": "quicksort",
                                                      "Sort Space Used": 25,
                                                      "Sort Space Type": "Memory",
                                                      "Workers": [
                                                        {
                                                          "Worker Number": 0,
                                                          "Sort Method": "quicksort",
                                                          "Sort Space Used": 25,
                                                          "Sort Space Type": "Memory"
                                                        },
                                                        {
                                                          "Worker Number": 1,
                                                          "Sort Method": "quicksort",
                                                          "Sort Space Used": 25,
                                                          "Sort Space Type": "Memory"
                                                        },
                                                        {
                                                          "Worker Number": 2,
                                                          "Sort Method": "quicksort",
                                                          "Sort Space Used": 25,
                                                          "Sort Space Type": "Memory"
                                                        },
                                                        {
                                                          "Worker Number": 3,
                                                          "Sort Method": "quicksort",
                                                          "Sort Space Used": 25,
                                                          "Sort Space Type": "Memory"
                                                        }
                                                      ],
                                                      "Plans": [
                                                        {
                                                          "Node Type": "Seq Scan",
                                                          "Parent Relationship": "Outer",
                                                          "Parallel Aware": false,
                                                          "Relation Name": "kind_type",
                                                          "Alias": "kt",
                                                          "Startup Cost": 0.0,
                                                          "Total Cost": 1.09,
                                                          "Plan Rows": 2,
                                                          "Plan Width": 4,
                                                          "Actual Startup Time": 0.043,
                                                          "Actual Total Time": 0.045,
                                                          "Actual Rows": 2,
                                                          "Actual Loops": 5,
                                                          "Filter": "((kind)::text = ANY ('{movie,episode}'::text[]))",
                                                          "Rows Removed by Filter": 5
                                                        }
                                                      ]
                                                    }
                                                  ]
                                                }
                                              ]
                                            },
                                            {
                                              "Node Type": "Sort",
                                              "Parent Relationship": "Inner",
                                              "Parallel Aware": false,
                                              "Startup Cost": 1.06,
                                              "Total Cost": 1.06,
                                              "Plan Rows": 1,
                                              "Plan Width": 4,
                                              "Actual Startup Time": 0.02,
                                              "Actual Total Time": 0.02,
                                              "Actual Rows": 1,
                                              "Actual Loops": 5,
                                              "Sort Key": [
                                                "cct2.id"
                                              ],
                                              "Sort Method": "quicksort",
                                              "Sort Space Used": 25,
                                              "Sort Space Type": "Memory",
                                              "Workers": [
                                                {
                                                  "Worker Number": 0,
                                                  "Sort Method": "quicksort",
                                                  "Sort Space Used": 25,
                                                  "Sort Space Type": "Memory"
                                                },
                                                {
                                                  "Worker Number": 1,
                                                  "Sort Method": "quicksort",
                                                  "Sort Space Used": 25,
                                                  "Sort Space Type": "Memory"
                                                },
                                                {
                                                  "Worker Number": 2,
                                                  "Sort Method": "quicksort",
                                                  "Sort Space Used": 25,
                                                  "Sort Space Type": "Memory"
                                                },
                                                {
                                                  "Worker Number": 3,
                                                  "Sort Method": "quicksort",
                                                  "Sort Space Used": 25,
                                                  "Sort Space Type": "Memory"
                                                }
                                              ],
                                              "Plans": [
                                                {
                                                  "Node Type": "Seq Scan",
                                                  "Parent Relationship": "Outer",
                                                  "Parallel Aware": false,
                                                  "Relation Name": "comp_cast_type",
                                                  "Alias": "cct2",
                                                  "Startup Cost": 0.0,
                                                  "Total Cost": 1.05,
                                                  "Plan Rows": 1,
                                                  "Plan Width": 4,
                                                  "Actual Startup Time": 0.016,
                                                  "Actual Total Time": 0.016,
                                                  "Actual Rows": 1,
                                                  "Actual Loops": 5,
                                                  "Filter": "((kind)::text = 'complete'::text)",
                                                  "Rows Removed by Filter": 3
                                                }
                                              ]
                                            }
                                          ]
                                        }
                                      ]
                                    }
                                  ]
                                }
                              ]
                            },
                            {
                              "Node Type": "Sort",
                              "Parent Relationship": "Inner",
                              "Parallel Aware": false,
                              "Startup Cost": 57545.01,
                              "Total Cost": 57884.15,
                              "Plan Rows": 135657,
                              "Plan Width": 12,
                              "Actual Startup Time": 207.784,
                              "Actual Total Time": 220.112,
                              "Actual Rows": 306980,
                              "Actual Loops": 1,
                              "Sort Key": [
                                "mc.movie_id"
                              ],
                              "Sort Method": "quicksort",
                              "Sort Space Used": 26504,
                              "Sort Space Type": "Memory",
                              "Plans": [
                                {
                                  "Node Type": "Gather",
                                  "Parent Relationship": "Outer",
                                  "Parallel Aware": false,
                                  "Startup Cost": 1000.0,
                                  "Total Cost": 45980.52,
                                  "Plan Rows": 135657,
                                  "Plan Width": 12,
                                  "Actual Startup Time": 0.449,
                                  "Actual Total Time": 149.444,
                                  "Actual Rows": 303271,
                                  "Actual Loops": 1,
                                  "Workers Planned": 3,
                                  "Workers Launched": 3,
                                  "Single Copy": false,
                                  "Plans": [
                                    {
                                      "Node Type": "Seq Scan",
                                      "Parent Relationship": "Outer",
                                      "Parallel Aware": true,
                                      "Relation Name": "movie_companies",
                                      "Alias": "mc",
                                      "Startup Cost": 0.0,
                                      "Total Cost": 31414.82,
                                      "Plan Rows": 43760,
                                      "Plan Width": 12,
                                      "Actual Startup Time": 0.064,
                                      "Actual Total Time": 136.588,
                                      "Actual Rows": 75818,
                                      "Actual Loops": 4,
                                      "Filter": "((note !~~ '%(USA)%'::text) AND (note ~~ '%(200%)%'::text))",
                                      "Rows Removed by Filter": 576464
                                    }
                                  ]
                                }
                              ]
                            }
                          ]
                        }
                      ]
                    },
                    {
                      "Node Type": "Sort",
                      "Parent Relationship": "Inner",
                      "Parallel Aware": false,
                      "Startup Cost": 1.08,
                      "Total Cost": 1.09,
                      "Plan Rows": 4,
                      "Plan Width": 4,
                      "Actual Startup Time": 0.028,
                      "Actual Total Time": 0.029,
                      "Actual Rows": 1,
                      "Actual Loops": 1,
                      "Sort Key": [
                        "ct.id"
                      ],
                      "Sort Method": "quicksort",
                      "Sort Space Used": 25,
                      "Sort Space Type": "Memory",
                      "Plans": [
                        {
                          "Node Type": "Seq Scan",
                          "Parent Relationship": "Outer",
                          "Parallel Aware": false,
                          "Relation Name": "company_type",
                          "Alias": "ct",
                          "Startup Cost": 0.0,
                          "Total Cost": 1.04,
                          "Plan Rows": 4,
                          "Plan Width": 4,
                          "Actual Startup Time": 0.019,
                          "Actual Total Time": 0.02,
                          "Actual Rows": 4,
                          "Actual Loops": 1
                        }
                      ]
                    }
                  ]
                }
              ]
            }
          ]
        }
      ]
    },
    "Planning Time": 7027.194,
    "Triggers": [],
    "Execution Time": 3590.235
  }
]