[
  {
    "Plan": {
      "Node Type": "Aggregate",
      "Strategy": "Plain",
      "Partial Mode": "Simple",
      "Parallel Aware": false,
      "Startup Cost": 567719.35,
      "Total Cost": 567719.36,
      "Plan Rows": 1,
      "Plan Width": 64,
      "Actual Startup Time": 2460.136,
      "Actual Total Time": 2460.581,
      "Actual Rows": 1,
      "Actual Loops": 1,
      "Plans": [
        {
          "Node Type": "Merge Join",
          "Parent Relationship": "Outer",
          "Parallel Aware": false,
          "Join Type": "Inner",
          "Startup Cost": 503688.61,
          "Total Cost": 567719.35,
          "Plan Rows": 1,
          "Plan Width": 33,
          "Actual Startup Time": 2460.042,
          "Actual Total Time": 2460.562,
          "Actual Rows": 6,
          "Actual Loops": 1,
          "Inner Unique": true,
          "Merge Cond": "(an.person_id = n.id)",
          "Plans": [
            {
              "Node Type": "Merge Join",
              "Parent Relationship": "Outer",
              "Parallel Aware": false,
              "Join Type": "Inner",
              "Startup Cost": 424005.82,
              "Total Cost": 487826.11,
              "Plan Rows": 1,
              "Plan Width": 41,
              "Actual Startup Time": 2049.076,
              "Actual Total Time": 2149.032,
              "Actual Rows": 24,
              "Actual Loops": 1,
              "Inner Unique": false,
              "Merge Cond": "(an.person_id = ci.person_id)",
              "Plans": [
                {
                  "Node Type": "Index Scan",
                  "Parent Relationship": "Outer",
                  "Parallel Aware": false,
                  "Scan Direction": "Forward",
                  "Index Name": "person_id_aka_name",
                  "Relation Name": "aka_name",
                  "Alias": "an",
                  "Startup Cost": 0.42,
                  "Total Cost": 72006.77,
                  "Plan Rows": 901343,
                  "Plan Width": 20,
                  "Actual Startup Time": 0.01,
                  "Actual Total Time": 348.482,
                  "Actual Rows": 576728,
                  "Actual Loops": 1
                },
                {
                  "Node Type": "Materialize",
                  "Parent Relationship": "Inner",
                  "Parallel Aware": false,
                  "Startup Cost": 423995.84,
                  "Total Cost": 423995.85,
                  "Plan Rows": 1,
                  "Plan Width": 21,
                  "Actual Startup Time": 1739.598,
                  "Actual Total Time": 1739.998,
                  "Actual Rows": 33,
                  "Actual Loops": 1,
                  "Plans": [
                    {
                      "Node Type": "Sort",
                      "Parent Relationship": "Outer",
                      "Parallel Aware": false,
                      "Startup Cost": 423995.84,
                      "Total Cost": 423995.85,
                      "Plan Rows": 1,
                      "Plan Width": 21,
                      "Actual Startup Time": 1739.591,
                      "Actual Total Time": 1739.969,
                      "Actual Rows": 25,
                      "Actual Loops": 1,
                      "Sort Key": [
                        "ci.person_id"
                      ],
                      "Sort Method": "quicksort",
                      "Sort Space Used": 27,
                      "Sort Space Type": "Memory",
                      "Plans": [
                        {
                          "Node Type": "Merge Join",
                          "Parent Relationship": "Outer",
                          "Parallel Aware": false,
                          "Join Type": "Inner",
                          "Startup Cost": 423962.32,
                          "Total Cost": 423995.83,
                          "Plan Rows": 1,
                          "Plan Width": 21,
                          "Actual Startup Time": 1738.586,
                          "Actual Total Time": 1739.911,
                          "Actual Rows": 25,
                          "Actual Loops": 1,
                          "Inner Unique": true,
                          "Merge Cond": "(ci.movie_id = t.id)",
                          "Plans": [
                            {
                              "Node Type": "Merge Join",
                              "Parent Relationship": "Outer",
                              "Parallel Aware": false,
                              "Join Type": "Inner",
                              "Startup Cost": 374317.86,
                              "Total Cost": 374351.16,
                              "Plan Rows": 1,
                              "Plan Width": 12,
                              "Actual Startup Time": 1549.063,
                              "Actual Total Time": 1557.212,
                              "Actual Rows": 925,
                              "Actual Loops": 1,
                              "Inner Unique": false,
                              "Merge Cond": "(ci.movie_id = mc.movie_id)",
                              "Plans": [
                                {
                                  "Node Type": "Sort",
                                  "Parent Relationship": "Outer",
                                  "Parallel Aware": false,
                                  "Startup Cost": 331308.52,
                                  "Total Cost": 331325.14,
                                  "Plan Rows": 6648,
                                  "Plan Width": 8,
                                  "Actual Startup Time": 1135.495,
                                  "Actual Total Time": 1138.601,
                                  "Actual Rows": 32758,
                                  "Actual Loops": 1,
                                  "Sort Key": [
                                    "ci.movie_id"
                                  ],
                                  "Sort Method": "quicksort",
                                  "Sort Space Used": 3170,
                                  "Sort Space Type": "Memory",
                                  "Plans": [
                                    {
                                      "Node Type": "Gather",
                                      "Parent Relationship": "Outer",
                                      "Parallel Aware": false,
                                      "Startup Cost": 330144.05,
                                      "Total Cost": 330886.42,
                                      "Plan Rows": 6648,
                                      "Plan Width": 8,
                                      "Actual Startup Time": 1117.939,
                                      "Actual Total Time": 1125.06,
                                      "Actual Rows": 34848,
                                      "Actual Loops": 1,
                                      "Workers Planned": 6,
                                      "Workers Launched": 6,
                                      "Single Copy": false,
                                      "Plans": [
                                        {
                                          "Node Type": "Merge Join",
                                          "Parent Relationship": "Outer",
                                          "Parallel Aware": false,
                                          "Join Type": "Inner",
                                          "Startup Cost": 329144.05,
                                          "Total Cost": 329221.62,
                                          "Plan Rows": 1108,
                                          "Plan Width": 8,
                                          "Actual Startup Time": 1108.586,
                                          "Actual Total Time": 1109.737,
                                          "Actual Rows": 4978,
                                          "Actual Loops": 7,
                                          "Inner Unique": true,
                                          "Merge Cond": "(ci.role_id = rt.id)",
                                          "Plans": [
                                            {
                                              "Node Type": "Sort",
                                              "Parent Relationship": "Outer",
                                              "Parallel Aware": false,
                                              "Startup Cost": 329142.89,
                                              "Total Cost": 329176.13,
                                              "Plan Rows": 13296,
                                              "Plan Width": 12,
                                              "Actual Startup Time": 1107.285,
                                              "Actual Total Time": 1108.035,
                                              "Actual Rows": 13299,
                                              "Actual Loops": 7,
                                              "Sort Key": [
                                                "ci.role_id"
                                              ],
                                              "Sort Method": "quicksort",
                                              "Sort Space Used": 942,
                                              "Sort Space Type": "Memory",
                                              "Workers": [
                                                {
                                                  "Worker Number": 0,
                                                  "Sort Method": "quicksort",
                                                  "Sort Space Used": 950,
                                                  "Sort Space Type": "Memory"
                                                },
                                                {
                                                  "Worker Number": 1,
                                                  "Sort Method": "quicksort",
                                                  "Sort Space Used": 1006,
                                                  "Sort Space Type": "Memory"
                                                },
                                                {
                                                  "Worker Number": 2,
                                                  "Sort Method": "quicksort",
                                                  "Sort Space Used": 981,
                                                  "Sort Space Type": "Memory"
                                                },
                                                {
                                                  "Worker Number": 3,
                                                  "Sort Method": "quicksort",
                                                  "Sort Space Used": 1565,
                                                  "Sort Space Type": "Memory"
                                                },
                                                {
                                                  "Worker Number": 4,
                                                  "Sort Method": "quicksort",
                                                  "Sort Space Used": 953,
                                                  "Sort Space Type": "Memory"
                                                },
                                                {
                                                  "Worker Number": 5,
                                                  "Sort Method": "quicksort",
                                                  "Sort Space Used": 1041,
                                                  "Sort Space Type": "Memory"
                                                }
                                              ],
                                              "Plans": [
                                                {
                                                  "Node Type": "Seq Scan",
                                                  "Parent Relationship": "Outer",
                                                  "Parallel Aware": true,
                                                  "Relation Name": "cast_info",
                                                  "Alias": "ci",
                                                  "Startup Cost": 0.0,
                                                  "Total Cost": 328232.2,
                                                  "Plan Rows": 13296,
                                                  "Plan Width": 12,
                                                  "Actual Startup Time": 2.192,
                                                  "Actual Total Time": 1102.669,
                                                  "Actual Rows": 13299,
                                                  "Actual Loops": 7,
                                                  "Filter": "(note = '(voice: English version)'::text)",
                                                  "Rows Removed by Filter": 5164464
                                                }
                                              ]
                                            },
                                            {
                                              "Node Type": "Sort",
                                              "Parent Relationship": "Inner",
                                              "Parallel Aware": false,
                                              "Startup Cost": 1.16,
                                              "Total Cost": 1.16,
                                              "Plan Rows": 1,
                                              "Plan Width": 4,
                                              "Actual Startup Time": 0.146,
                                              "Actual Total Time": 0.147,
                                              "Actual Rows": 1,
                                              "Actual Loops": 7,
                                              "Sort Key": [
                                                "rt.id"
                                              ],
                                              "Sort Method": "quicksort",
                                              "Sort Space Used": 25,
                                              "Sort Space Type": "Memory",
                                              "Workers": [
                                                {
                                                  "Worker Number": 0,
                                                  "Sort Method": "quicksort",
                                                  "Sort Space Used": 25,
                                                  "Sort Space Type": "Memory"
                                                },
                                                {
                                                  "Worker Number": 1,
                                                  "Sort Method": "quicksort",
                                                  "Sort Space Used": 25,
                                                  "Sort Space Type": "Memory"
                                                },
                                                {
                                                  "Worker Number": 2,
                                                  "Sort Method": "quicksort",
                                                  "Sort Space Used": 25,
                                                  "Sort Space Type": "Memory"
                                                },
                                                {
                                                  "Worker Number": 3,
                                                  "Sort Method": "quicksort",
                                                  "Sort Space Used": 25,
                                                  "Sort Space Type": "Memory"
                                                },
                                                {
                                                  "Worker Number": 4,
                                                  "Sort Method": "quicksort",
                                                  "Sort Space Used": 25,
                                                  "Sort Space Type": "Memory"
                                                },
                                                {
                                                  "Worker Number": 5,
                                                  "Sort Method": "quicksort",
                                                  "Sort Space Used": 25,
                                                  "Sort Space Type": "Memory"
                                                }
                                              ],
                                              "Plans": [
                                                {
                                                  "Node Type": "Seq Scan",
                                                  "Parent Relationship": "Outer",
                                                  "Parallel Aware": false,
                                                  "Relation Name": "role_type",
                                                  "Alias": "rt",
                                                  "Startup Cost": 0.0,
                                                  "Total Cost": 1.15,
                                                  "Plan Rows": 1,
                                                  "Plan Width": 4,
                                                  "Actual Startup Time": 0.103,
                                                  "Actual Total Time": 0.105,
                                                  "Actual Rows": 1,
                                                  "Actual Loops": 7,
                                                  "Filter": "((role)::text = 'actress'::text)",
                                                  "Rows Removed by Filter": 11
                                                }
                                              ]
                                            }
                                          ]
                                        }
                                      ]
                                    }
                                  ]
                                },
                                {
                                  "Node Type": "Sort",
                                  "Parent Relationship": "Inner",
                                  "Parallel Aware": false,
                                  "Startup Cost": 43009.34,
                                  "Total Cost": 43009.36,
                                  "Plan Rows": 10,
                                  "Plan Width": 4,
                                  "Actual Startup Time": 413.558,
                                  "Actual Total Time": 414.597,
                                  "Actual Rows": 7988,
                                  "Actual Loops": 1,
                                  "Sort Key": [
                                    "mc.movie_id"
                                  ],
                                  "Sort Method": "quicksort",
                                  "Sort Space Used": 783,
                                  "Sort Space Type": "Memory",
                                  "Plans": [
                                    {
                                      "Node Type": "Gather",
                                      "Parent Relationship": "Outer",
                                      "Parallel Aware": false,
                                      "Startup Cost": 42974.81,
                                      "Total Cost": 43009.17,
                                      "Plan Rows": 10,
                                      "Plan Width": 4,
                                      "Actual Startup Time": 406.535,
                                      "Actual Total Time": 410.988,
                                      "Actual Rows": 8495,
                                      "Actual Loops": 1,
                                      "Workers Planned": 3,
                                      "Workers Launched": 1,
                                      "Single Copy": false,
                                      "Plans": [
                                        {
                                          "Node Type": "Merge Join",
                                          "Parent Relationship": "Outer",
                                          "Parallel Aware": false,
                                          "Join Type": "Inner",
                                          "Startup Cost": 41974.81,
                                          "Total Cost": 42008.17,
                                          "Plan Rows": 3,
                                          "Plan Width": 4,
                                          "Actual Startup Time": 398.508,
                                          "Actual Total Time": 400.092,
                                          "Actual Rows": 4248,
                                          "Actual Loops": 2,
                                          "Inner Unique": true,
                                          "Merge Cond": "(mc.company_id = cn.id)",
                                          "Plans": [
                                            {
                                              "Node Type": "Sort",
                                              "Parent Relationship": "Outer",
                                              "Parallel Aware": false,
                                              "Startup Cost": 35627.23,
                                              "Total Cost": 35627.53,
                                              "Plan Rows": 120,
                                              "Plan Width": 8,
                                              "Actual Startup Time": 326.89,
                                              "Actual Total Time": 327.288,
                                              "Actual Rows": 4284,
                                              "Actual Loops": 2,
                                              "Sort Key": [
                                                "mc.company_id"
                                              ],
                                              "Sort Method": "quicksort",
                                              "Sort Space Used": 421,
                                              "Sort Space Type": "Memory",
                                              "Workers": [
                                                {
                                                  "Worker Number": 0,
                                                  "Sort Method": "quicksort",
                                                  "Sort Space Used": 270,
                                                  "Sort Space Type": "Memory"
                                                }
                                              ],
                                              "Plans": [
                                                {
                                                  "Node Type": "Seq Scan",
                                                  "Parent Relationship": "Outer",
                                                  "Parallel Aware": true,
                                                  "Relation Name": "movie_companies",
                                                  "Alias": "mc",
                                                  "Startup Cost": 0.0,
                                                  "Total Cost": 35623.09,
                                                  "Plan Rows": 120,
                                                  "Plan Width": 8,
                                                  "Actual Startup Time": 0.728,
                                                  "Actual Total Time": 324.871,
                                                  "Actual Rows": 4284,
                                                  "Actual Loops": 2,
                                                  "Filter": "((note ~~ '%(Japan)%'::text) AND (note !~~ '%(USA)%'::text) AND ((note ~~ '%(2006)%'::text) OR (note ~~ '%(2007)%'::text)))",
                                                  "Rows Removed by Filter": 1300280
                                                }
                                              ]
                                            },
                                            {
                                              "Node Type": "Sort",
                                              "Parent Relationship": "Inner",
                                              "Parallel Aware": false,
                                              "Startup Cost": 6347.57,
                                              "Total Cost": 6363.95,
                                              "Plan Rows": 6549,
                                              "Plan Width": 4,
                                              "Actual Startup Time": 71.602,
                                              "Actual Total Time": 71.822,
                                              "Actual Rows": 2398,
                                              "Actual Loops": 2,
                                              "Sort Key": [
                                                "cn.id"
                                              ],
                                              "Sort Method": "quicksort",
                                              "Sort Space Used": 509,
                                              "Sort Space Type": "Memory",
                                              "Workers": [
                                                {
                                                  "Worker Number": 0,
                                                  "Sort Method": "quicksort",
                                                  "Sort Space Used": 509,
                                                  "Sort Space Type": "Memory"
                                                }
                                              ],
                                              "Plans": [
                                                {
                                                  "Node Type": "Seq Scan",
                                                  "Parent Relationship": "Outer",
                                                  "Parallel Aware": false,
                                                  "Relation Name": "company_name",
                                                  "Alias": "cn",
                                                  "Startup Cost": 0.0,
                                                  "Total Cost": 5932.46,
                                                  "Plan Rows": 6549,
                                                  "Plan Width": 4,
                                                  "Actual Startup Time": 0.046,
                                                  "Actual Total Time": 68.01,
                                                  "Actual Rows": 6752,
                                                  "Actual Loops": 2,
                                                  "Filter": "((country_code)::text = '[jp]'::text)",
                                                  "Rows Removed by Filter": 228245
                                                }
                                              ]
                                            }
                                          ]
                                        }
                                      ]
                                    }
                                  ]
                                }
                              ]
                            },
                            {
                              "Node Type": "Sort",
                              "Parent Relationship": "Inner",
                              "Parallel Aware": false,
                              "Startup Cost": 49644.46,
                              "Total Cost": 49644.56,
                              "Plan Rows": 41,
                              "Plan Width": 21,
                              "Actual Startup Time": 182.554,
                              "Actual Total Time": 182.62,
                              "Actual Rows": 7,
                              "Actual Loops": 1,
                              "Sort Key": [
                                "t.id"
                              ],
                              "Sort Method": "quicksort",
                              "Sort Space Used": 25,
                              "Sort Space Type": "Memory",
                              "Plans": [
                                {
                                  "Node Type": "Gather",
                                  "Parent Relationship": "Outer",
                                  "Parallel Aware": false,
                                  "Startup Cost": 1000.0,
                                  "Total Cost": 49643.36,
                                  "Plan Rows": 41,
                                  "Plan Width": 21,
                                  "Actual Startup Time": 182.397,
                                  "Actual Total Time": 182.584,
                                  "Actual Rows": 7,
                                  "Actual Loops": 1,
                                  "Workers Planned": 4,
                                  "Workers Launched": 4,
                                  "Single Copy": false,
                                  "Plans": [
                                    {
                                      "Node Type": "Seq Scan",
                                      "Parent Relationship": "Outer",
                                      "Parallel Aware": true,
                                      "Relation Name": "title",
                                      "Alias": "t",
                                      "Startup Cost": 0.0,
                                      "Total Cost": 48639.26,
                                      "Plan Rows": 10,
                                      "Plan Width": 21,
                                      "Actual Startup Time": 150.193,
                                      "Actual Total Time": 173.943,
                                      "Actual Rows": 1,
                                      "Actual Loops": 5,
                                      "Filter": "((production_year >= 2006) AND (production_year <= 2007) AND ((title ~~ 'One Piece%'::text) OR (title ~~ 'Dragon Ball Z%'::text)))",
                                      "Rows Removed by Filter": 505661
                                    }
                                  ]
                                }
                              ]
                            }
                          ]
                        }
                      ]
                    }
                  ]
                }
              ]
            },
            {
              "Node Type": "Sort",
              "Parent Relationship": "Inner",
              "Parallel Aware": false,
              "Startup Cost": 79682.77,
              "Total Cost": 79788.0,
              "Plan Rows": 42091,
              "Plan Width": 4,
              "Actual Startup Time": 309.543,
              "Actual Total Time": 310.547,
              "Actual Rows": 11650,
              "Actual Loops": 1,
              "Sort Key": [
                "n.id"
              ],
              "Sort Method": "quicksort",
              "Sort Space Used": 1749,
              "Sort Space Type": "Memory",
              "Plans": [
                {
                  "Node Type": "Gather",
                  "Parent Relationship": "Outer",
                  "Parallel Aware": false,
                  "Startup Cost": 1000.0,
                  "Total Cost": 76449.92,
                  "Plan Rows": 42091,
                  "Plan Width": 4,
                  "Actual Startup Time": 0.551,
                  "Actual Total Time": 301.899,
                  "Actual Rows": 20911,
                  "Actual Loops": 1,
                  "Workers Planned": 4,
                  "Workers Launched": 4,
                  "Single Copy": false,
                  "Plans": [
                    {
                      "Node Type": "Seq Scan",
                      "Parent Relationship": "Outer",
                      "Parallel Aware": true,
                      "Relation Name": "name",
                      "Alias": "n",
                      "Startup Cost": 0.0,
                      "Total Cost": 71240.82,
                      "Plan Rows": 10523,
                      "Plan Width": 4,
                      "Actual Startup Time": 0.828,
                      "Actual Total Time": 293.449,
                      "Actual Rows": 4182,
                      "Actual Loops": 5,
                      "Filter": "((name ~~ '%Yo%'::text) AND (name !~~ '%Yu%'::text))",
                      "Rows Removed by Filter": 829316
                    }
                  ]
                }
              ]
            }
          ]
        }
      ]
    },
    "Planning Time": 7.99,
    "Triggers": [],
    "Execution Time": 2461.506
  }
]