[
  {
    "Plan": {
      "Node Type": "Aggregate",
      "Strategy": "Plain",
      "Partial Mode": "Simple",
      "Parallel Aware": false,
      "Startup Cost": 28429.54,
      "Total Cost": 28429.55,
      "Plan Rows": 1,
      "Plan Width": 8,
      "Actual Startup Time": 72.876,
      "Actual Total Time": 72.878,
      "Actual Rows": 1,
      "Actual Loops": 1,
      "Plans": [
        {
          "Node Type": "Bitmap Heap Scan",
          "Parent Relationship": "Outer",
          "Parallel Aware": false,
          "Relation Name": "movie_keyword",
          "Alias": "mk",
          "Startup Cost": 2330.41,
          "Total Cost": 28155.35,
          "Plan Rows": 109675,
          "Plan Width": 0,
          "Actual Startup Time": 22.865,
          "Actual Total Time": 67.607,
          "Actual Rows": 110199,
          "Actual Loops": 1,
          "Recheck Cond": "(keyword_id > 80072)",
          "Rows Removed by Index Recheck": 0,
          "Exact Heap Blocks": 17839,
          "Lossy Heap Blocks": 0,
          "Plans": [
            {
              "Node Type": "Bitmap Index Scan",
              "Parent Relationship": "Outer",
              "Parallel Aware": false,
              "Index Name": "keyword_id_movie_keyword",
              "Startup Cost": 0.0,
              "Total Cost": 2302.99,
              "Plan Rows": 109675,
              "Plan Width": 0,
              "Actual Startup Time": 17.644,
              "Actual Total Time": 17.645,
              "Actual Rows": 110199,
              "Actual Loops": 1,
              "Index Cond": "(keyword_id > 80072)"
            }
          ]
        }
      ]
    },
    "Planning Time": 0.147,
    "Triggers": [],
    "Execution Time": 72.969
  }
]