[
  {
    "Plan": {
      "Node Type": "Aggregate",
      "Strategy": "Plain",
      "Partial Mode": "Finalize",
      "Parallel Aware": false,
      "Startup Cost": 338176.9,
      "Total Cost": 338176.91,
      "Plan Rows": 1,
      "Plan Width": 8,
      "Actual Startup Time": 844.763,
      "Actual Total Time": 897.709,
      "Actual Rows": 1,
      "Actual Loops": 1,
      "Plans": [
        {
          "Node Type": "Gather",
          "Parent Relationship": "Outer",
          "Parallel Aware": false,
          "Startup Cost": 338176.27,
          "Total Cost": 338176.88,
          "Plan Rows": 6,
          "Plan Width": 8,
          "Actual Startup Time": 844.578,
          "Actual Total Time": 897.697,
          "Actual Rows": 7,
          "Actual Loops": 1,
          "Workers Planned": 6,
          "Workers Launched": 6,
          "Single Copy": false,
          "Plans": [
            {
              "Node Type": "Aggregate",
              "Strategy": "Plain",
              "Partial Mode": "Partial",
              "Parent Relationship": "Outer",
              "Parallel Aware": false,
              "Startup Cost": 337176.27,
              "Total Cost": 337176.28,
              "Plan Rows": 1,
              "Plan Width": 8,
              "Actual Startup Time": 838.107,
              "Actual Total Time": 838.109,
              "Actual Rows": 1,
              "Actual Loops": 7,
              "Plans": [
                {
                  "Node Type": "Seq Scan",
                  "Parent Relationship": "Outer",
                  "Parallel Aware": true,
                  "Relation Name": "cast_info",
                  "Alias": "ci",
                  "Startup Cost": 0.0,
                  "Total Cost": 328211.39,
                  "Plan Rows": 3585953,
                  "Plan Width": 0,
                  "Actual Startup Time": 176.386,
                  "Actual Total Time": 671.536,
                  "Actual Rows": 3054377,
                  "Actual Loops": 7,
                  "Filter": "(person_id > 1466630)",
                  "Rows Removed by Filter": 2123386
                }
              ]
            }
          ]
        }
      ]
    },
    "Planning Time": 0.102,
    "Triggers": [],
    "Execution Time": 897.754
  }
]