[
  {
    "Plan": {
      "Node Type": "Aggregate",
      "Strategy": "Plain",
      "Partial Mode": "Finalize",
      "Parallel Aware": false,
      "Startup Cost": 112535.32,
      "Total Cost": 112535.33,
      "Plan Rows": 1,
      "Plan Width": 8,
      "Actual Startup Time": 120.726,
      "Actual Total Time": 144.438,
      "Actual Rows": 1,
      "Actual Loops": 1,
      "Plans": [
        {
          "Node Type": "Gather",
          "Parent Relationship": "Outer",
          "Parallel Aware": false,
          "Startup Cost": 112534.9,
          "Total Cost": 112535.31,
          "Plan Rows": 4,
          "Plan Width": 8,
          "Actual Startup Time": 120.435,
          "Actual Total Time": 144.426,
          "Actual Rows": 5,
          "Actual Loops": 1,
          "Workers Planned": 4,
          "Workers Launched": 4,
          "Single Copy": false,
          "Plans": [
            {
              "Node Type": "Aggregate",
              "Strategy": "Plain",
              "Partial Mode": "Partial",
              "Parent Relationship": "Outer",
              "Parallel Aware": false,
              "Startup Cost": 111534.9,
              "Total Cost": 111534.91,
              "Plan Rows": 1,
              "Plan Width": 8,
              "Actual Startup Time": 115.058,
              "Actual Total Time": 115.06,
              "Actual Rows": 1,
              "Actual Loops": 5,
              "Plans": [
                {
                  "Node Type": "Nested Loop",
                  "Parent Relationship": "Outer",
                  "Parallel Aware": false,
                  "Join Type": "Inner",
                  "Startup Cost": 0.56,
                  "Total Cost": 111531.05,
                  "Plan Rows": 1538,
                  "Plan Width": 0,
                  "Actual Startup Time": 46.901,
                  "Actual Total Time": 114.86,
                  "Actual Rows": 2105,
                  "Actual Loops": 5,
                  "Inner Unique": false,
                  "Plans": [
                    {
                      "Node Type": "Seq Scan",
                      "Parent Relationship": "Outer",
                      "Parallel Aware": true,
                      "Relation Name": "title",
                      "Alias": "t",
                      "Startup Cost": 0.0,
                      "Total Cost": 45479.59,
                      "Plan Rows": 517,
                      "Plan Width": 4,
                      "Actual Startup Time": 46.37,
                      "Actual Total Time": 66.931,
                      "Actual Rows": 610,
                      "Actual Loops": 5,
                      "Filter": "((kind_id = 1) AND (production_year = 1957))",
                      "Rows Removed by Filter": 505052
                    },
                    {
                      "Node Type": "Index Scan",
                      "Parent Relationship": "Inner",
                      "Parallel Aware": false,
                      "Scan Direction": "Forward",
                      "Index Name": "movie_id_cast_info",
                      "Relation Name": "cast_info",
                      "Alias": "ci",
                      "Startup Cost": 0.56,
                      "Total Cost": 127.69,
                      "Plan Rows": 7,
                      "Plan Width": 4,
                      "Actual Startup Time": 0.046,
                      "Actual Total Time": 0.078,
                      "Actual Rows": 3,
                      "Actual Loops": 3050,
                      "Index Cond": "(movie_id = t.id)",
                      "Rows Removed by Index Recheck": 0,
                      "Filter": "(role_id = 2)",
                      "Rows Removed by Filter": 14
                    }
                  ]
                }
              ]
            }
          ]
        }
      ]
    },
    "Planning Time": 0.212,
    "Triggers": [],
    "Execution Time": 144.476
  }
]