[
  {
    "Plan": {
      "Node Type": "Aggregate",
      "Strategy": "Plain",
      "Partial Mode": "Simple",
      "Parallel Aware": false,
      "Startup Cost": 20589.6,
      "Total Cost": 20589.61,
      "Plan Rows": 1,
      "Plan Width": 8,
      "Actual Startup Time": 12.852,
      "Actual Total Time": 12.852,
      "Actual Rows": 1,
      "Actual Loops": 1,
      "Plans": [
        {
          "Node Type": "Bitmap Heap Scan",
          "Parent Relationship": "Outer",
          "Parallel Aware": false,
          "Relation Name": "movie_companies",
          "Alias": "mc",
          "Startup Cost": 1026.64,
          "Total Cost": 20528.93,
          "Plan Rows": 24269,
          "Plan Width": 0,
          "Actual Startup Time": 11.138,
          "Actual Total Time": 12.635,
          "Actual Rows": 5188,
          "Actual Loops": 1,
          "Recheck Cond": "(company_id = 19)",
          "Rows Removed by Index Recheck": 0,
          "Filter": "(company_type_id > 1)",
          "Rows Removed by Filter": 42064,
          "Exact Heap Blocks": 4740,
          "Lossy Heap Blocks": 0,
          "Plans": [
            {
              "Node Type": "Bitmap Index Scan",
              "Parent Relationship": "Outer",
              "Parallel Aware": false,
              "Index Name": "company_id_movie_companies",
              "Startup Cost": 0.0,
              "Total Cost": 1020.57,
              "Plan Rows": 47486,
              "Plan Width": 0,
              "Actual Startup Time": 1.737,
              "Actual Total Time": 1.738,
              "Actual Rows": 47252,
              "Actual Loops": 1,
              "Index Cond": "(company_id = 19)"
            }
          ]
        }
      ]
    },
    "Planning Time": 0.092,
    "Triggers": [],
    "Execution Time": 12.879
  }
]