[
  {
    "Plan": {
      "Node Type": "Aggregate",
      "Strategy": "Plain",
      "Partial Mode": "Finalize",
      "Parallel Aware": false,
      "Startup Cost": 15291.85,
      "Total Cost": 15291.86,
      "Plan Rows": 1,
      "Plan Width": 8,
      "Actual Startup Time": 23.709,
      "Actual Total Time": 26.938,
      "Actual Rows": 1,
      "Actual Loops": 1,
      "Plans": [
        {
          "Node Type": "Gather",
          "Parent Relationship": "Outer",
          "Parallel Aware": false,
          "Startup Cost": 15291.64,
          "Total Cost": 15291.85,
          "Plan Rows": 2,
          "Plan Width": 8,
          "Actual Startup Time": 23.606,
          "Actual Total Time": 26.93,
          "Actual Rows": 3,
          "Actual Loops": 1,
          "Workers Planned": 2,
          "Workers Launched": 2,
          "Single Copy": false,
          "Plans": [
            {
              "Node Type": "Aggregate",
              "Strategy": "Plain",
              "Partial Mode": "Partial",
              "Parent Relationship": "Outer",
              "Parallel Aware": false,
              "Startup Cost": 14291.64,
              "Total Cost": 14291.65,
              "Plan Rows": 1,
              "Plan Width": 8,
              "Actual Startup Time": 20.162,
              "Actual Total Time": 20.164,
              "Actual Rows": 1,
              "Actual Loops": 3,
              "Plans": [
                {
                  "Node Type": "Nested Loop",
                  "Parent Relationship": "Outer",
                  "Parallel Aware": false,
                  "Join Type": "Inner",
                  "Startup Cost": 74.71,
                  "Total Cost": 14291.34,
                  "Plan Rows": 119,
                  "Plan Width": 0,
                  "Actual Startup Time": 3.462,
                  "Actual Total Time": 19.989,
                  "Actual Rows": 780,
                  "Actual Loops": 3,
                  "Inner Unique": true,
                  "Plans": [
                    {
                      "Node Type": "Bitmap Heap Scan",
                      "Parent Relationship": "Outer",
                      "Parallel Aware": true,
                      "Relation Name": "movie_companies",
                      "Alias": "mc",
                      "Startup Cost": 74.28,
                      "Total Cost": 8744.07,
                      "Plan Rows": 691,
                      "Plan Width": 4,
                      "Actual Startup Time": 3.355,
                      "Actual Total Time": 9.444,
                      "Actual Rows": 780,
                      "Actual Loops": 3,
                      "Recheck Cond": "(company_id = 4625)",
                      "Rows Removed by Index Recheck": 0,
                      "Filter": "(company_type_id < 2)",
                      "Rows Removed by Filter": 420,
                      "Exact Heap Blocks": 1308,
                      "Lossy Heap Blocks": 0,
                      "Plans": [
                        {
                          "Node Type": "Bitmap Index Scan",
                          "Parent Relationship": "Outer",
                          "Parallel Aware": false,
                          "Index Name": "company_id_movie_companies",
                          "Startup Cost": 0.0,
                          "Total Cost": 73.87,
                          "Plan Rows": 3392,
                          "Plan Width": 0,
                          "Actual Startup Time": 4.917,
                          "Actual Total Time": 4.917,
                          "Actual Rows": 3599,
                          "Actual Loops": 1,
                          "Index Cond": "(company_id = 4625)"
                        }
                      ]
                    },
                    {
                      "Node Type": "Index Scan",
                      "Parent Relationship": "Inner",
                      "Parallel Aware": false,
                      "Scan Direction": "Forward",
                      "Index Name": "title_pkey",
                      "Relation Name": "title",
                      "Alias": "t",
                      "Startup Cost": 0.43,
                      "Total Cost": 8.03,
                      "Plan Rows": 1,
                      "Plan Width": 4,
                      "Actual Startup Time": 0.013,
                      "Actual Total Time": 0.013,
                      "Actual Rows": 1,
                      "Actual Loops": 2340,
                      "Index Cond": "(id = mc.movie_id)",
                      "Rows Removed by Index Recheck": 0,
                      "Filter": "((production_year < 2008) AND (kind_id = 1))",
                      "Rows Removed by Filter": 0
                    }
                  ]
                }
              ]
            }
          ]
        }
      ]
    },
    "Planning Time": 0.66,
    "Triggers": [],
    "Execution Time": 27.022
  }
]