[
  {
    "Plan": {
      "Node Type": "Aggregate",
      "Strategy": "Plain",
      "Partial Mode": "Finalize",
      "Parallel Aware": false,
      "Startup Cost": 217616.91,
      "Total Cost": 217616.92,
      "Plan Rows": 1,
      "Plan Width": 8,
      "Actual Startup Time": 394.942,
      "Actual Total Time": 419.948,
      "Actual Rows": 1,
      "Actual Loops": 1,
      "Plans": [
        {
          "Node Type": "Gather",
          "Parent Relationship": "Outer",
          "Parallel Aware": false,
          "Startup Cost": 217616.59,
          "Total Cost": 217616.9,
          "Plan Rows": 3,
          "Plan Width": 8,
          "Actual Startup Time": 391.382,
          "Actual Total Time": 419.938,
          "Actual Rows": 4,
          "Actual Loops": 1,
          "Workers Planned": 3,
          "Workers Launched": 3,
          "Single Copy": false,
          "Plans": [
            {
              "Node Type": "Aggregate",
              "Strategy": "Plain",
              "Partial Mode": "Partial",
              "Parent Relationship": "Outer",
              "Parallel Aware": false,
              "Startup Cost": 216616.59,
              "Total Cost": 216616.6,
              "Plan Rows": 1,
              "Plan Width": 8,
              "Actual Startup Time": 381.976,
              "Actual Total Time": 381.981,
              "Actual Rows": 1,
              "Actual Loops": 4,
              "Plans": [
                {
                  "Node Type": "Nested Loop",
                  "Parent Relationship": "Outer",
                  "Parallel Aware": false,
                  "Join Type": "Inner",
                  "Startup Cost": 57692.3,
                  "Total Cost": 215850.49,
                  "Plan Rows": 306441,
                  "Plan Width": 0,
                  "Actual Startup Time": 213.107,
                  "Actual Total Time": 377.78,
                  "Actual Rows": 81272,
                  "Actual Loops": 4,
                  "Inner Unique": false,
                  "Plans": [
                    {
                      "Node Type": "Hash Join",
                      "Parent Relationship": "Outer",
                      "Parallel Aware": true,
                      "Join Type": "Inner",
                      "Startup Cost": 57691.87,
                      "Total Cost": 84279.28,
                      "Plan Rows": 52407,
                      "Plan Width": 8,
                      "Actual Startup Time": 212.994,
                      "Actual Total Time": 295.383,
                      "Actual Rows": 9176,
                      "Actual Loops": 4,
                      "Inner Unique": true,
                      "Hash Cond": "(mk.movie_id = t.id)",
                      "Plans": [
                        {
                          "Node Type": "Bitmap Heap Scan",
                          "Parent Relationship": "Outer",
                          "Parallel Aware": true,
                          "Relation Name": "movie_keyword",
                          "Alias": "mk",
                          "Startup Cost": 9277.21,
                          "Total Cost": 35494.35,
                          "Plan Rows": 141052,
                          "Plan Width": 4,
                          "Actual Startup Time": 26.244,
                          "Actual Total Time": 75.458,
                          "Actual Rows": 113332,
                          "Actual Loops": 4,
                          "Recheck Cond": "(keyword_id < 348)",
                          "Rows Removed by Index Recheck": 0,
                          "Exact Heap Blocks": 8265,
                          "Lossy Heap Blocks": 0,
                          "Plans": [
                            {
                              "Node Type": "Bitmap Index Scan",
                              "Parent Relationship": "Outer",
                              "Parallel Aware": false,
                              "Index Name": "keyword_id_movie_keyword",
                              "Startup Cost": 0.0,
                              "Total Cost": 9167.89,
                              "Plan Rows": 437261,
                              "Plan Width": 0,
                              "Actual Startup Time": 22.54,
                              "Actual Total Time": 22.54,
                              "Actual Rows": 453330,
                              "Actual Loops": 1,
                              "Index Cond": "(keyword_id < 348)"
                            }
                          ]
                        },
                        {
                          "Node Type": "Hash",
                          "Parent Relationship": "Inner",
                          "Parallel Aware": true,
                          "Startup Cost": 45479.1,
                          "Total Cost": 45479.1,
                          "Plan Rows": 234845,
                          "Plan Width": 4,
                          "Actual Startup Time": 181.739,
                          "Actual Total Time": 181.74,
                          "Actual Rows": 219009,
                          "Actual Loops": 4,
                          "Hash Buckets": 1048576,
                          "Original Hash Buckets": 1048576,
                          "Hash Batches": 1,
                          "Original Hash Batches": 1,
                          "Peak Memory Usage": 42528,
                          "Plans": [
                            {
                              "Node Type": "Seq Scan",
                              "Parent Relationship": "Outer",
                              "Parallel Aware": true,
                              "Relation Name": "title",
                              "Alias": "t",
                              "Startup Cost": 0.0,
                              "Total Cost": 45479.1,
                              "Plan Rows": 234845,
                              "Plan Width": 4,
                              "Actual Startup Time": 0.045,
                              "Actual Total Time": 103.285,
                              "Actual Rows": 219009,
                              "Actual Loops": 4,
                              "Filter": "((production_year < 2007) AND (kind_id = 7))",
                              "Rows Removed by Filter": 413069
                            }
                          ]
                        }
                      ]
                    },
                    {
                      "Node Type": "Index Only Scan",
                      "Parent Relationship": "Inner",
                      "Parallel Aware": false,
                      "Scan Direction": "Forward",
                      "Index Name": "movie_id_movie_info",
                      "Relation Name": "movie_info",
                      "Alias": "mi",
                      "Startup Cost": 0.43,
                      "Total Cost": 2.09,
                      "Plan Rows": 42,
                      "Plan Width": 4,
                      "Actual Startup Time": 0.003,
                      "Actual Total Time": 0.008,
                      "Actual Rows": 9,
                      "Actual Loops": 36703,
                      "Index Cond": "(movie_id = t.id)",
                      "Rows Removed by Index Recheck": 0,
                      "Heap Fetches": 325090
                    }
                  ]
                }
              ]
            }
          ]
        }
      ]
    },
    "Planning Time": 1.35,
    "Triggers": [],
    "Execution Time": 420.054
  }
]