[
  {
    "Plan": {
      "Node Type": "Aggregate",
      "Strategy": "Plain",
      "Partial Mode": "Finalize",
      "Parallel Aware": false,
      "Startup Cost": 45325.71,
      "Total Cost": 45325.72,
      "Plan Rows": 1,
      "Plan Width": 8,
      "Actual Startup Time": 143.642,
      "Actual Total Time": 153.075,
      "Actual Rows": 1,
      "Actual Loops": 1,
      "Plans": [
        {
          "Node Type": "Gather",
          "Parent Relationship": "Outer",
          "Parallel Aware": false,
          "Startup Cost": 45325.39,
          "Total Cost": 45325.7,
          "Plan Rows": 3,
          "Plan Width": 8,
          "Actual Startup Time": 143.529,
          "Actual Total Time": 153.066,
          "Actual Rows": 4,
          "Actual Loops": 1,
          "Workers Planned": 3,
          "Workers Launched": 3,
          "Single Copy": false,
          "Plans": [
            {
              "Node Type": "Aggregate",
              "Strategy": "Plain",
              "Partial Mode": "Partial",
              "Parent Relationship": "Outer",
              "Parallel Aware": false,
              "Startup Cost": 44325.39,
              "Total Cost": 44325.4,
              "Plan Rows": 1,
              "Plan Width": 8,
              "Actual Startup Time": 136.232,
              "Actual Total Time": 136.233,
              "Actual Rows": 1,
              "Actual Loops": 4,
              "Plans": [
                {
                  "Node Type": "Seq Scan",
                  "Parent Relationship": "Outer",
                  "Parallel Aware": true,
                  "Relation Name": "movie_keyword",
                  "Alias": "mk",
                  "Startup Cost": 0.0,
                  "Total Cost": 42695.65,
                  "Plan Rows": 651895,
                  "Plan Width": 0,
                  "Actual Startup Time": 0.053,
                  "Actual Total Time": 112.731,
                  "Actual Rows": 506771,
                  "Actual Loops": 4,
                  "Filter": "(keyword_id < 3630)",
                  "Rows Removed by Filter": 624211
                }
              ]
            }
          ]
        }
      ]
    },
    "Planning Time": 0.217,
    "Triggers": [],
    "Execution Time": 153.137
  }
]