{
  "Plan": {
    "Node Type": "Aggregate",
    "Strategy": "Plain",
    "Partial Mode": "Finalize",
    "Parallel Aware": false,
    "Startup Cost": 122963.24,
    "Total Cost": 122963.25,
    "Plan Rows": 1,
    "Plan Width": 8,
    "Actual Startup Time": 462.675,
    "Actual Total Time": 475.255,
    "Actual Rows": 1,
    "Actual Loops": 1,
    "Plans": [
      {
        "Node Type": "Gather",
        "Parent Relationship": "Outer",
        "Parallel Aware": false,
        "Startup Cost": 122963.13,
        "Total Cost": 122963.24,
        "Plan Rows": 1,
        "Plan Width": 8,
        "Actual Startup Time": 461.819,
        "Actual Total Time": 475.246,
        "Actual Rows": 2,
        "Actual Loops": 1,
        "Workers Planned": 1,
        "Workers Launched": 1,
        "Single Copy": false,
        "Plans": [
          {
            "Node Type": "Aggregate",
            "Strategy": "Plain",
            "Partial Mode": "Partial",
            "Parent Relationship": "Outer",
            "Parallel Aware": false,
            "Startup Cost": 121963.13,
            "Total Cost": 121963.14,
            "Plan Rows": 1,
            "Plan Width": 8,
            "Actual Startup Time": 457.43,
            "Actual Total Time": 457.435,
            "Actual Rows": 1,
            "Actual Loops": 2,
            "Plans": [
              {
                "Node Type": "Hash Join",
                "Parent Relationship": "Outer",
                "Parallel Aware": false,
                "Join Type": "Inner",
                "Startup Cost": 46333.27,
                "Total Cost": 121963.07,
                "Plan Rows": 25,
                "Plan Width": 0,
                "Actual Startup Time": 409.869,
                "Actual Total Time": 457.428,
                "Actual Rows": 1,
                "Actual Loops": 2,
                "Inner Unique": false,
                "Hash Cond": "(t.id = ci.movie_id)",
                "Plans": [
                  {
                    "Node Type": "Hash Join",
                    "Parent Relationship": "Outer",
                    "Parallel Aware": true,
                    "Join Type": "Inner",
                    "Startup Cost": 45270.79,
                    "Total Cost": 107064.08,
                    "Plan Rows": 276725,
                    "Plan Width": 8,
                    "Actual Startup Time": 149.042,
                    "Actual Total Time": 449.37,
                    "Actual Rows": 135354,
                    "Actual Loops": 2,
                    "Inner Unique": false,
                    "Hash Cond": "(t.id = mc.movie_id)",
                    "Plans": [
                      {
                        "Node Type": "Seq Scan",
                        "Parent Relationship": "Outer",
                        "Parallel Aware": true,
                        "Relation Name": "title",
                        "Alias": "t",
                        "Startup Cost": 0.0,
                        "Total Cost": 50870.31,
                        "Plan Rows": 1487231,
                        "Plan Width": 4,
                        "Actual Startup Time": 0.01,
                        "Actual Total Time": 108.845,
                        "Actual Rows": 1264156,
                        "Actual Loops": 2
                      },
                      {
                        "Node Type": "Hash",
                        "Parent Relationship": "Inner",
                        "Parallel Aware": true,
                        "Startup Cost": 41811.73,
                        "Total Cost": 41811.73,
                        "Plan Rows": 276725,
                        "Plan Width": 4,
                        "Actual Startup Time": 144.168,
                        "Actual Total Time": 144.169,
                        "Actual Rows": 135354,
                        "Actual Loops": 2,
                        "Hash Buckets": 524288,
                        "Original Hash Buckets": 524288,
                        "Hash Batches": 1,
                        "Original Hash Batches": 1,
                        "Peak Memory Usage": 14720,
                        "Plans": [
                          {
                            "Node Type": "Seq Scan",
                            "Parent Relationship": "Outer",
                            "Parallel Aware": true,
                            "Relation Name": "movie_companies",
                            "Alias": "mc",
                            "Startup Cost": 0.0,
                            "Total Cost": 41811.73,
                            "Plan Rows": 276725,
                            "Plan Width": 4,
                            "Actual Startup Time": 64.294,
                            "Actual Total Time": 114.805,
                            "Actual Rows": 135354,
                            "Actual Loops": 2,
                            "Filter": "((company_id < 3264) AND (company_type_id = 2))",
                            "Rows Removed by Filter": 1169210
                          }
                        ]
                      }
                    ]
                  },
                  {
                    "Node Type": "Hash",
                    "Parent Relationship": "Inner",
                    "Parallel Aware": false,
                    "Startup Cost": 1059.67,
                    "Total Cost": 1059.67,
                    "Plan Rows": 225,
                    "Plan Width": 4,
                    "Actual Startup Time": 0.304,
                    "Actual Total Time": 0.305,
                    "Actual Rows": 4,
                    "Actual Loops": 2,
                    "Hash Buckets": 1024,
                    "Original Hash Buckets": 1024,
                    "Hash Batches": 1,
                    "Original Hash Batches": 1,
                    "Peak Memory Usage": 9,
                    "Plans": [
                      {
                        "Node Type": "Index Scan",
                        "Parent Relationship": "Outer",
                        "Parallel Aware": false,
                        "Scan Direction": "Forward",
                        "Index Name": "person_id_cast_info",
                        "Relation Name": "cast_info",
                        "Alias": "ci",
                        "Startup Cost": 0.56,
                        "Total Cost": 1059.67,
                        "Plan Rows": 225,
                        "Plan Width": 4,
                        "Actual Startup Time": 0.266,
                        "Actual Total Time": 0.293,
                        "Actual Rows": 4,
                        "Actual Loops": 2,
                        "Index Cond": "(person_id = 334116)",
                        "Rows Removed by Index Recheck": 0,
                        "Filter": "(role_id > 2)",
                        "Rows Removed by Filter": 51
                      }
                    ]
                  }
                ]
              }
            ]
          }
        ]
      }
    ]
  },
  "Planning Time": 0.991,
  "Triggers": [],
  "Execution Time": 475.341
}