[
  {
    "Plan": {
      "Node Type": "Aggregate",
      "Strategy": "Plain",
      "Partial Mode": "Finalize",
      "Parallel Aware": false,
      "Startup Cost": 332570.76,
      "Total Cost": 332570.77,
      "Plan Rows": 1,
      "Plan Width": 8,
      "Actual Startup Time": 662.256,
      "Actual Total Time": 719.869,
      "Actual Rows": 1,
      "Actual Loops": 1,
      "Plans": [
        {
          "Node Type": "Gather",
          "Parent Relationship": "Outer",
          "Parallel Aware": false,
          "Startup Cost": 332570.14,
          "Total Cost": 332570.75,
          "Plan Rows": 6,
          "Plan Width": 8,
          "Actual Startup Time": 662.063,
          "Actual Total Time": 719.857,
          "Actual Rows": 7,
          "Actual Loops": 1,
          "Workers Planned": 6,
          "Workers Launched": 6,
          "Single Copy": false,
          "Plans": [
            {
              "Node Type": "Aggregate",
              "Strategy": "Plain",
              "Partial Mode": "Partial",
              "Parent Relationship": "Outer",
              "Parallel Aware": false,
              "Startup Cost": 331570.14,
              "Total Cost": 331570.15,
              "Plan Rows": 1,
              "Plan Width": 8,
              "Actual Startup Time": 653.403,
              "Actual Total Time": 653.405,
              "Actual Rows": 1,
              "Actual Loops": 7,
              "Plans": [
                {
                  "Node Type": "Seq Scan",
                  "Parent Relationship": "Outer",
                  "Parallel Aware": true,
                  "Relation Name": "cast_info",
                  "Alias": "ci",
                  "Startup Cost": 0.0,
                  "Total Cost": 328211.39,
                  "Plan Rows": 1343498,
                  "Plan Width": 0,
                  "Actual Startup Time": 0.039,
                  "Actual Total Time": 592.65,
                  "Actual Rows": 1169222,
                  "Actual Loops": 7,
                  "Filter": "(person_id < 799952)",
                  "Rows Removed by Filter": 4008541
                }
              ]
            }
          ]
        }
      ]
    },
    "Planning Time": 0.21,
    "Triggers": [],
    "Execution Time": 719.946
  }
]