[
  {
    "Plan": {
      "Node Type": "Aggregate",
      "Strategy": "Plain",
      "Partial Mode": "Finalize",
      "Parallel Aware": false,
      "Startup Cost": 332507.01,
      "Total Cost": 332507.02,
      "Plan Rows": 1,
      "Plan Width": 8,
      "Actual Startup Time": 613.251,
      "Actual Total Time": 672.932,
      "Actual Rows": 1,
      "Actual Loops": 1,
      "Plans": [
        {
          "Node Type": "Gather",
          "Parent Relationship": "Outer",
          "Parallel Aware": false,
          "Startup Cost": 332506.39,
          "Total Cost": 332506.99,
          "Plan Rows": 6,
          "Plan Width": 8,
          "Actual Startup Time": 613.132,
          "Actual Total Time": 672.921,
          "Actual Rows": 7,
          "Actual Loops": 1,
          "Workers Planned": 6,
          "Workers Launched": 6,
          "Single Copy": false,
          "Plans": [
            {
              "Node Type": "Aggregate",
              "Strategy": "Plain",
              "Partial Mode": "Partial",
              "Parent Relationship": "Outer",
              "Parallel Aware": false,
              "Startup Cost": 331506.39,
              "Total Cost": 331506.4,
              "Plan Rows": 1,
              "Plan Width": 8,
              "Actual Startup Time": 602.906,
              "Actual Total Time": 602.907,
              "Actual Rows": 1,
              "Actual Loops": 7,
              "Plans": [
                {
                  "Node Type": "Seq Scan",
                  "Parent Relationship": "Outer",
                  "Parallel Aware": true,
                  "Relation Name": "cast_info",
                  "Alias": "ci",
                  "Startup Cost": 0.0,
                  "Total Cost": 328162.03,
                  "Plan Rows": 1337744,
                  "Plan Width": 0,
                  "Actual Startup Time": 0.052,
                  "Actual Total Time": 549.811,
                  "Actual Rows": 1169222,
                  "Actual Loops": 7,
                  "Filter": "(person_id < 799952)",
                  "Rows Removed by Filter": 4008541
                }
              ]
            }
          ]
        }
      ]
    },
    "Planning Time": 0.134,
    "Triggers": [],
    "Execution Time": 672.991
  }
]