{
  "Plan": {
    "Node Type": "Aggregate",
    "Strategy": "Plain",
    "Partial Mode": "Finalize",
    "Parallel Aware": false,
    "Startup Cost": 29234.9,
    "Total Cost": 29234.91,
    "Plan Rows": 1,
    "Plan Width": 8,
    "Actual Startup Time": 33.959,
    "Actual Total Time": 38.785,
    "Actual Rows": 1,
    "Actual Loops": 1,
    "Plans": [
      {
        "Node Type": "Gather",
        "Parent Relationship": "Outer",
        "Parallel Aware": false,
        "Startup Cost": 29234.79,
        "Total Cost": 29234.9,
        "Plan Rows": 1,
        "Plan Width": 8,
        "Actual Startup Time": 33.779,
        "Actual Total Time": 38.778,
        "Actual Rows": 2,
        "Actual Loops": 1,
        "Workers Planned": 1,
        "Workers Launched": 1,
        "Single Copy": false,
        "Plans": [
          {
            "Node Type": "Aggregate",
            "Strategy": "Plain",
            "Partial Mode": "Partial",
            "Parent Relationship": "Outer",
            "Parallel Aware": false,
            "Startup Cost": 28234.79,
            "Total Cost": 28234.8,
            "Plan Rows": 1,
            "Plan Width": 8,
            "Actual Startup Time": 27.807,
            "Actual Total Time": 27.808,
            "Actual Rows": 1,
            "Actual Loops": 2,
            "Plans": [
              {
                "Node Type": "Nested Loop",
                "Parent Relationship": "Outer",
                "Parallel Aware": false,
                "Join Type": "Inner",
                "Startup Cost": 234.92,
                "Total Cost": 28233.85,
                "Plan Rows": 375,
                "Plan Width": 0,
                "Actual Startup Time": 8.802,
                "Actual Total Time": 27.784,
                "Actual Rows": 100,
                "Actual Loops": 2,
                "Inner Unique": false,
                "Plans": [
                  {
                    "Node Type": "Bitmap Heap Scan",
                    "Parent Relationship": "Outer",
                    "Parallel Aware": true,
                    "Relation Name": "title",
                    "Alias": "t",
                    "Startup Cost": 234.49,
                    "Total Cost": 26193.84,
                    "Plan Rows": 209,
                    "Plan Width": 4,
                    "Actual Startup Time": 7.341,
                    "Actual Total Time": 26.328,
                    "Actual Rows": 76,
                    "Actual Loops": 2,
                    "Recheck Cond": "(kind_id = 6)",
                    "Rows Removed by Index Recheck": 0,
                    "Filter": "(production_year > 2012)",
                    "Rows Removed by Filter": 6224,
                    "Exact Heap Blocks": 7067,
                    "Lossy Heap Blocks": 0,
                    "Plans": [
                      {
                        "Node Type": "Bitmap Index Scan",
                        "Parent Relationship": "Outer",
                        "Parallel Aware": false,
                        "Index Name": "kind_id_title",
                        "Startup Cost": 0.0,
                        "Total Cost": 234.4,
                        "Plan Rows": 13063,
                        "Plan Width": 0,
                        "Actual Startup Time": 7.754,
                        "Actual Total Time": 7.755,
                        "Actual Rows": 12600,
                        "Actual Loops": 1,
                        "Index Cond": "(kind_id = 6)"
                      }
                    ]
                  },
                  {
                    "Node Type": "Index Only Scan",
                    "Parent Relationship": "Inner",
                    "Parallel Aware": false,
                    "Scan Direction": "Forward",
                    "Index Name": "movie_id_movie_keyword",
                    "Relation Name": "movie_keyword",
                    "Alias": "mk",
                    "Startup Cost": 0.43,
                    "Total Cost": 9.31,
                    "Plan Rows": 45,
                    "Plan Width": 4,
                    "Actual Startup Time": 0.017,
                    "Actual Total Time": 0.018,
                    "Actual Rows": 1,
                    "Actual Loops": 152,
                    "Index Cond": "(movie_id = t.id)",
                    "Rows Removed by Index Recheck": 0,
                    "Heap Fetches": 200
                  }
                ]
              }
            ]
          }
        ]
      }
    ]
  },
  "Planning Time": 0.462,
  "Triggers": [],
  "Execution Time": 38.89
}