[
  {
    "Plan": {
      "Node Type": "Aggregate",
      "Strategy": "Plain",
      "Partial Mode": "Finalize",
      "Parallel Aware": false,
      "Startup Cost": 30967.68,
      "Total Cost": 30967.69,
      "Plan Rows": 1,
      "Plan Width": 8,
      "Actual Startup Time": 96.819,
      "Actual Total Time": 105.124,
      "Actual Rows": 1,
      "Actual Loops": 1,
      "Plans": [
        {
          "Node Type": "Gather",
          "Parent Relationship": "Outer",
          "Parallel Aware": false,
          "Startup Cost": 30967.37,
          "Total Cost": 30967.68,
          "Plan Rows": 3,
          "Plan Width": 8,
          "Actual Startup Time": 96.706,
          "Actual Total Time": 105.116,
          "Actual Rows": 4,
          "Actual Loops": 1,
          "Workers Planned": 3,
          "Workers Launched": 3,
          "Single Copy": false,
          "Plans": [
            {
              "Node Type": "Aggregate",
              "Strategy": "Plain",
              "Partial Mode": "Partial",
              "Parent Relationship": "Outer",
              "Parallel Aware": false,
              "Startup Cost": 29967.37,
              "Total Cost": 29967.38,
              "Plan Rows": 1,
              "Plan Width": 8,
              "Actual Startup Time": 88.427,
              "Actual Total Time": 88.428,
              "Actual Rows": 1,
              "Actual Loops": 4,
              "Plans": [
                {
                  "Node Type": "Seq Scan",
                  "Parent Relationship": "Outer",
                  "Parallel Aware": true,
                  "Relation Name": "movie_companies",
                  "Alias": "mc",
                  "Startup Cost": 0.0,
                  "Total Cost": 29310.68,
                  "Plan Rows": 262674,
                  "Plan Width": 0,
                  "Actual Startup Time": 0.047,
                  "Actual Total Time": 75.074,
                  "Actual Rows": 201636,
                  "Actual Loops": 4,
                  "Filter": "(company_id < 1831)",
                  "Rows Removed by Filter": 450646
                }
              ]
            }
          ]
        }
      ]
    },
    "Planning Time": 0.166,
    "Triggers": [],
    "Execution Time": 105.191
  }
]