{
  "Plan": {
    "Node Type": "Aggregate",
    "Strategy": "Plain",
    "Partial Mode": "Finalize",
    "Parallel Aware": false,
    "Startup Cost": 329899.04,
    "Total Cost": 329899.05,
    "Plan Rows": 1,
    "Plan Width": 8,
    "Actual Startup Time": 927.214,
    "Actual Total Time": 953.421,
    "Actual Rows": 1,
    "Actual Loops": 1,
    "Plans": [
      {
        "Node Type": "Gather",
        "Parent Relationship": "Outer",
        "Parallel Aware": false,
        "Startup Cost": 329898.93,
        "Total Cost": 329899.04,
        "Plan Rows": 1,
        "Plan Width": 8,
        "Actual Startup Time": 923.373,
        "Actual Total Time": 953.411,
        "Actual Rows": 2,
        "Actual Loops": 1,
        "Workers Planned": 1,
        "Workers Launched": 1,
        "Single Copy": false,
        "Plans": [
          {
            "Node Type": "Aggregate",
            "Strategy": "Plain",
            "Partial Mode": "Partial",
            "Parent Relationship": "Outer",
            "Parallel Aware": false,
            "Startup Cost": 328898.93,
            "Total Cost": 328898.94,
            "Plan Rows": 1,
            "Plan Width": 8,
            "Actual Startup Time": 915.396,
            "Actual Total Time": 915.712,
            "Actual Rows": 1,
            "Actual Loops": 2,
            "Plans": [
              {
                "Node Type": "Hash Join",
                "Parent Relationship": "Outer",
                "Parallel Aware": true,
                "Join Type": "Inner",
                "Startup Cost": 152909.32,
                "Total Cost": 327979.61,
                "Plan Rows": 367727,
                "Plan Width": 0,
                "Actual Startup Time": 757.854,
                "Actual Total Time": 909.536,
                "Actual Rows": 157215,
                "Actual Loops": 2,
                "Inner Unique": false,
                "Hash Cond": "(mi.movie_id = t.id)",
                "Plans": [
                  {
                    "Node Type": "Bitmap Heap Scan",
                    "Parent Relationship": "Outer",
                    "Parallel Aware": true,
                    "Relation Name": "movie_info",
                    "Alias": "mi",
                    "Startup Cost": 20685.32,
                    "Total Cost": 191073.85,
                    "Plan Rows": 671642,
                    "Plan Width": 4,
                    "Actual Startup Time": 48.958,
                    "Actual Total Time": 145.059,
                    "Actual Rows": 547892,
                    "Actual Loops": 2,
                    "Recheck Cond": "(info_type_id > 66)",
                    "Rows Removed by Index Recheck": 0,
                    "Exact Heap Blocks": 18547,
                    "Lossy Heap Blocks": 0,
                    "Plans": [
                      {
                        "Node Type": "Bitmap Index Scan",
                        "Parent Relationship": "Outer",
                        "Parallel Aware": false,
                        "Index Name": "info_type_id_movie_info",
                        "Startup Cost": 0.0,
                        "Total Cost": 20399.88,
                        "Plan Rows": 1141792,
                        "Plan Width": 0,
                        "Actual Startup Time": 43.508,
                        "Actual Total Time": 43.509,
                        "Actual Rows": 1095784,
                        "Actual Loops": 1,
                        "Index Cond": "(info_type_id > 66)"
                      }
                    ]
                  },
                  {
                    "Node Type": "Hash",
                    "Parent Relationship": "Inner",
                    "Parallel Aware": true,
                    "Startup Cost": 122045.67,
                    "Total Cost": 122045.67,
                    "Plan Rows": 814266,
                    "Plan Width": 8,
                    "Actual Startup Time": 662.263,
                    "Actual Total Time": 662.577,
                    "Actual Rows": 174708,
                    "Actual Loops": 2,
                    "Hash Buckets": 2097152,
                    "Original Hash Buckets": 2097152,
                    "Hash Batches": 1,
                    "Original Hash Batches": 1,
                    "Peak Memory Usage": 30112,
                    "Plans": [
                      {
                        "Node Type": "Hash Join",
                        "Parent Relationship": "Outer",
                        "Parallel Aware": true,
                        "Join Type": "Inner",
                        "Startup Cost": 63994.83,
                        "Total Cost": 122045.67,
                        "Plan Rows": 814266,
                        "Plan Width": 8,
                        "Actual Startup Time": 260.374,
                        "Actual Total Time": 624.125,
                        "Actual Rows": 174708,
                        "Actual Loops": 2,
                        "Inner Unique": true,
                        "Hash Cond": "(mk.movie_id = t.id)",
                        "Plans": [
                          {
                            "Node Type": "Seq Scan",
                            "Parent Relationship": "Outer",
                            "Parallel Aware": true,
                            "Relation Name": "movie_keyword",
                            "Alias": "mk",
                            "Startup Cost": 0.0,
                            "Total Cost": 51065.35,
                            "Plan Rows": 2661135,
                            "Plan Width": 4,
                            "Actual Startup Time": 0.011,
                            "Actual Total Time": 150.605,
                            "Actual Rows": 2261965,
                            "Actual Loops": 2
                          },
                          {
                            "Node Type": "Hash",
                            "Parent Relationship": "Inner",
                            "Parallel Aware": true,
                            "Startup Cost": 58306.47,
                            "Total Cost": 58306.47,
                            "Plan Rows": 455069,
                            "Plan Width": 4,
                            "Actual Startup Time": 256.14,
                            "Actual Total Time": 256.141,
                            "Actual Rows": 420005,
                            "Actual Loops": 2,
                            "Hash Buckets": 1048576,
                            "Original Hash Buckets": 1048576,
                            "Hash Batches": 1,
                            "Original Hash Batches": 1,
                            "Peak Memory Usage": 41088,
                            "Plans": [
                              {
                                "Node Type": "Seq Scan",
                                "Parent Relationship": "Outer",
                                "Parallel Aware": true,
                                "Relation Name": "title",
                                "Alias": "t",
                                "Startup Cost": 0.0,
                                "Total Cost": 58306.47,
                                "Plan Rows": 455069,
                                "Plan Width": 4,
                                "Actual Startup Time": 0.031,
                                "Actual Total Time": 159.325,
                                "Actual Rows": 420005,
                                "Actual Loops": 2,
                                "Filter": "((production_year > 2002) AND (kind_id = 7))",
                                "Rows Removed by Filter": 844151
                              }
                            ]
                          }
                        ]
                      }
                    ]
                  }
                ]
              }
            ]
          }
        ]
      }
    ]
  },
  "Planning Time": 1.04,
  "Triggers": [],
  "Execution Time": 953.521
}