{
  "Plan": {
    "Node Type": "Aggregate",
    "Strategy": "Plain",
    "Partial Mode": "Finalize",
    "Parallel Aware": false,
    "Startup Cost": 357725.96,
    "Total Cost": 357725.97,
    "Plan Rows": 1,
    "Plan Width": 8,
    "Actual Startup Time": 2265.472,
    "Actual Total Time": 2315.18,
    "Actual Rows": 1,
    "Actual Loops": 1,
    "Plans": [
      {
        "Node Type": "Gather",
        "Parent Relationship": "Outer",
        "Parallel Aware": false,
        "Startup Cost": 357725.85,
        "Total Cost": 357725.96,
        "Plan Rows": 1,
        "Plan Width": 8,
        "Actual Startup Time": 2263.423,
        "Actual Total Time": 2315.17,
        "Actual Rows": 2,
        "Actual Loops": 1,
        "Workers Planned": 1,
        "Workers Launched": 1,
        "Single Copy": false,
        "Plans": [
          {
            "Node Type": "Aggregate",
            "Strategy": "Plain",
            "Partial Mode": "Partial",
            "Parent Relationship": "Outer",
            "Parallel Aware": false,
            "Startup Cost": 356725.85,
            "Total Cost": 356725.86,
            "Plan Rows": 1,
            "Plan Width": 8,
            "Actual Startup Time": 2257.915,
            "Actual Total Time": 2257.918,
            "Actual Rows": 1,
            "Actual Loops": 2,
            "Plans": [
              {
                "Node Type": "Hash Join",
                "Parent Relationship": "Outer",
                "Parallel Aware": true,
                "Join Type": "Inner",
                "Startup Cost": 63844.83,
                "Total Cost": 351822.63,
                "Plan Rows": 1961288,
                "Plan Width": 0,
                "Actual Startup Time": 259.597,
                "Actual Total Time": 2127.011,
                "Actual Rows": 3339581,
                "Actual Loops": 2,
                "Inner Unique": true,
                "Hash Cond": "(mi.movie_id = t.id)",
                "Plans": [
                  {
                    "Node Type": "Seq Scan",
                    "Parent Relationship": "Outer",
                    "Parallel Aware": true,
                    "Relation Name": "movie_info",
                    "Alias": "mi",
                    "Startup Cost": 0.0,
                    "Total Cost": 270696.42,
                    "Plan Rows": 6583369,
                    "Plan Width": 4,
                    "Actual Startup Time": 0.009,
                    "Actual Total Time": 740.791,
                    "Actual Rows": 5605372,
                    "Actual Loops": 2,
                    "Filter": "(info_type_id > 3)",
                    "Rows Removed by Filter": 1812488
                  },
                  {
                    "Node Type": "Hash",
                    "Parent Relationship": "Inner",
                    "Parallel Aware": true,
                    "Startup Cost": 58306.47,
                    "Total Cost": 58306.47,
                    "Plan Rows": 443069,
                    "Plan Width": 4,
                    "Actual Startup Time": 248.304,
                    "Actual Total Time": 248.305,
                    "Actual Rows": 396972,
                    "Actual Loops": 2,
                    "Hash Buckets": 1048576,
                    "Original Hash Buckets": 1048576,
                    "Hash Batches": 1,
                    "Original Hash Batches": 1,
                    "Peak Memory Usage": 39296,
                    "Plans": [
                      {
                        "Node Type": "Seq Scan",
                        "Parent Relationship": "Outer",
                        "Parallel Aware": true,
                        "Relation Name": "title",
                        "Alias": "t",
                        "Startup Cost": 0.0,
                        "Total Cost": 58306.47,
                        "Plan Rows": 443069,
                        "Plan Width": 4,
                        "Actual Startup Time": 0.041,
                        "Actual Total Time": 156.287,
                        "Actual Rows": 396972,
                        "Actual Loops": 2,
                        "Filter": "((kind_id < 7) AND (production_year < 2010))",
                        "Rows Removed by Filter": 867184
                      }
                    ]
                  }
                ]
              }
            ]
          }
        ]
      }
    ]
  },
  "Planning Time": 0.695,
  "Triggers": [],
  "Execution Time": 2315.261
}