{
  "Plan": {
    "Node Type": "Aggregate",
    "Strategy": "Plain",
    "Partial Mode": "Finalize",
    "Parallel Aware": false,
    "Startup Cost": 78111.86,
    "Total Cost": 78111.87,
    "Plan Rows": 1,
    "Plan Width": 8,
    "Actual Startup Time": 274.06,
    "Actual Total Time": 291.907,
    "Actual Rows": 1,
    "Actual Loops": 1,
    "Plans": [
      {
        "Node Type": "Gather",
        "Parent Relationship": "Outer",
        "Parallel Aware": false,
        "Startup Cost": 78111.75,
        "Total Cost": 78111.86,
        "Plan Rows": 1,
        "Plan Width": 8,
        "Actual Startup Time": 273.834,
        "Actual Total Time": 291.898,
        "Actual Rows": 2,
        "Actual Loops": 1,
        "Workers Planned": 1,
        "Workers Launched": 1,
        "Single Copy": false,
        "Plans": [
          {
            "Node Type": "Aggregate",
            "Strategy": "Plain",
            "Partial Mode": "Partial",
            "Parent Relationship": "Outer",
            "Parallel Aware": false,
            "Startup Cost": 77111.75,
            "Total Cost": 77111.76,
            "Plan Rows": 1,
            "Plan Width": 8,
            "Actual Startup Time": 268.238,
            "Actual Total Time": 268.242,
            "Actual Rows": 1,
            "Actual Loops": 2,
            "Plans": [
              {
                "Node Type": "Hash Join",
                "Parent Relationship": "Outer",
                "Parallel Aware": true,
                "Join Type": "Inner",
                "Startup Cost": 58866.79,
                "Total Cost": 77050.58,
                "Plan Rows": 24468,
                "Plan Width": 0,
                "Actual Startup Time": 154.125,
                "Actual Total Time": 267.78,
                "Actual Rows": 10156,
                "Actual Loops": 2,
                "Inner Unique": true,
                "Hash Cond": "(mi_idx.movie_id = t.id)",
                "Plans": [
                  {
                    "Node Type": "Seq Scan",
                    "Parent Relationship": "Outer",
                    "Parallel Aware": true,
                    "Relation Name": "movie_info_idx",
                    "Alias": "mi_idx",
                    "Startup Cost": 0.0,
                    "Total Cost": 16052.85,
                    "Plan Rows": 811785,
                    "Plan Width": 4,
                    "Actual Startup Time": 0.019,
                    "Actual Total Time": 52.788,
                    "Actual Rows": 690018,
                    "Actual Loops": 2
                  },
                  {
                    "Node Type": "Hash",
                    "Parent Relationship": "Inner",
                    "Parallel Aware": true,
                    "Startup Cost": 58306.47,
                    "Total Cost": 58306.47,
                    "Plan Rows": 44826,
                    "Plan Width": 4,
                    "Actual Startup Time": 151.535,
                    "Actual Total Time": 151.537,
                    "Actual Rows": 42253,
                    "Actual Loops": 2,
                    "Hash Buckets": 131072,
                    "Original Hash Buckets": 131072,
                    "Hash Batches": 1,
                    "Original Hash Batches": 1,
                    "Peak Memory Usage": 4352,
                    "Plans": [
                      {
                        "Node Type": "Seq Scan",
                        "Parent Relationship": "Outer",
                        "Parallel Aware": true,
                        "Relation Name": "title",
                        "Alias": "t",
                        "Startup Cost": 0.0,
                        "Total Cost": 58306.47,
                        "Plan Rows": 44826,
                        "Plan Width": 4,
                        "Actual Startup Time": 0.044,
                        "Actual Total Time": 139.677,
                        "Actual Rows": 42253,
                        "Actual Loops": 2,
                        "Filter": "((kind_id > 4) AND (production_year = 2007))",
                        "Rows Removed by Filter": 1221903
                      }
                    ]
                  }
                ]
              }
            ]
          }
        ]
      }
    ]
  },
  "Planning Time": 0.445,
  "Triggers": [],
  "Execution Time": 291.984
}