{
    "Plan": {
        "Node Type": "Aggregate",
        "Strategy": "Plain",
        "Partial Mode": "Finalize",
        "Parallel Aware": false,
        "Startup Cost": 69421.67,
        "Total Cost": 69421.68,
        "Plan Rows": 1,
        "Plan Width": 8,
        "Actual Startup Time": 137.162,
        "Actual Total Time": 150.531,
        "Actual Rows": 1,
        "Actual Loops": 1,
        "Output": [
            "count(*)"
        ],
        "Plans": [
            {
                "Node Type": "Gather",
                "Parent Relationship": "Outer",
                "Parallel Aware": false,
                "Startup Cost": 69421.25,
                "Total Cost": 69421.66,
                "Plan Rows": 4,
                "Plan Width": 8,
                "Actual Startup Time": 136.778,
                "Actual Total Time": 150.522,
                "Actual Rows": 5,
                "Actual Loops": 1,
                "Output": [
                    "(PARTIAL count(*))"
                ],
                "Workers Planned": 4,
                "Workers Launched": 4,
                "Single Copy": false,
                "Plans": [
                    {
                        "Node Type": "Aggregate",
                        "Strategy": "Plain",
                        "Partial Mode": "Partial",
                        "Parent Relationship": "Outer",
                        "Parallel Aware": false,
                        "Startup Cost": 68421.25,
                        "Total Cost": 68421.26,
                        "Plan Rows": 1,
                        "Plan Width": 8,
                        "Actual Startup Time": 126.605,
                        "Actual Total Time": 126.608,
                        "Actual Rows": 1,
                        "Actual Loops": 5,
                        "Output": [
                            "PARTIAL count(*)"
                        ],
                        "Workers": [
                            {
                                "Worker Number": 0,
                                "Actual Startup Time": 124.009,
                                "Actual Total Time": 124.012,
                                "Actual Rows": 1,
                                "Actual Loops": 1
                            },
                            {
                                "Worker Number": 1,
                                "Actual Startup Time": 123.978,
                                "Actual Total Time": 123.981,
                                "Actual Rows": 1,
                                "Actual Loops": 1
                            },
                            {
                                "Worker Number": 2,
                                "Actual Startup Time": 124.134,
                                "Actual Total Time": 124.137,
                                "Actual Rows": 1,
                                "Actual Loops": 1
                            },
                            {
                                "Worker Number": 3,
                                "Actual Startup Time": 124.953,
                                "Actual Total Time": 124.956,
                                "Actual Rows": 1,
                                "Actual Loops": 1
                            }
                        ],
                        "Plans": [
                            {
                                "Node Type": "Hash Join",
                                "Parent Relationship": "Outer",
                                "Parallel Aware": true,
                                "Join Type": "Inner",
                                "Startup Cost": 45653.99,
                                "Total Cost": 68417.67,
                                "Plan Rows": 1430,
                                "Plan Width": 0,
                                "Actual Startup Time": 90.291,
                                "Actual Total Time": 126.528,
                                "Actual Rows": 886,
                                "Actual Loops": 5,
                                "Inner Unique": true,
                                "Hash Cond": "(ci.movie_id = t.id)",
                                "Workers": [
                                    {
                                        "Worker Number": 0,
                                        "Actual Startup Time": 87.661,
                                        "Actual Total Time": 123.927,
                                        "Actual Rows": 943,
                                        "Actual Loops": 1
                                    },
                                    {
                                        "Worker Number": 1,
                                        "Actual Startup Time": 87.581,
                                        "Actual Total Time": 123.906,
                                        "Actual Rows": 721,
                                        "Actual Loops": 1
                                    },
                                    {
                                        "Worker Number": 2,
                                        "Actual Startup Time": 88.088,
                                        "Actual Total Time": 124.062,
                                        "Actual Rows": 780,
                                        "Actual Loops": 1
                                    },
                                    {
                                        "Worker Number": 3,
                                        "Actual Startup Time": 88.815,
                                        "Actual Total Time": 124.883,
                                        "Actual Rows": 791,
                                        "Actual Loops": 1
                                    }
                                ],
                                "Plans": [
                                    {
                                        "Node Type": "Index Scan",
                                        "Parent Relationship": "Outer",
                                        "Parallel Aware": true,
                                        "Scan Direction": "Forward",
                                        "Index Name": "role_id_cast_info",
                                        "Relation Name": "cast_info",
                                        "Schema": "public",
                                        "Alias": "ci",
                                        "Startup Cost": 0.56,
                                        "Total Cost": 22594.04,
                                        "Plan Rows": 64842,
                                        "Plan Width": 4,
                                        "Actual Startup Time": 0.157,
                                        "Actual Total Time": 29.96,
                                        "Actual Rows": 38141,
                                        "Actual Loops": 5,
                                        "Output": [
                                            "ci.id",
                                            "ci.person_id",
                                            "ci.movie_id",
                                            "ci.person_role_id",
                                            "ci.note",
                                            "ci.nr_order",
                                            "ci.role_id"
                                        ],
                                        "Index Cond": "(ci.role_id = 6)",
                                        "Rows Removed by Index Recheck": 0,
                                        "Filter": "(ci.person_id < 1146692)",
                                        "Rows Removed by Filter": 116594,
                                        "Workers": [
                                            {
                                                "Worker Number": 0,
                                                "Actual Startup Time": 0.234,
                                                "Actual Total Time": 30.142,
                                                "Actual Rows": 35915,
                                                "Actual Loops": 1
                                            },
                                            {
                                                "Worker Number": 1,
                                                "Actual Startup Time": 0.072,
                                                "Actual Total Time": 30.494,
                                                "Actual Rows": 32223,
                                                "Actual Loops": 1
                                            },
                                            {
                                                "Worker Number": 2,
                                                "Actual Startup Time": 0.118,
                                                "Actual Total Time": 30.247,
                                                "Actual Rows": 36390,
                                                "Actual Loops": 1
                                            },
                                            {
                                                "Worker Number": 3,
                                                "Actual Startup Time": 0.309,
                                                "Actual Total Time": 30.104,
                                                "Actual Rows": 35981,
                                                "Actual Loops": 1
                                            }
                                        ]
                                    },
                                    {
                                        "Node Type": "Hash",
                                        "Parent Relationship": "Inner",
                                        "Parallel Aware": true,
                                        "Startup Cost": 45479.21,
                                        "Total Cost": 45479.21,
                                        "Plan Rows": 13937,
                                        "Plan Width": 4,
                                        "Actual Startup Time": 88.617,
                                        "Actual Total Time": 88.619,
                                        "Actual Rows": 9815,
                                        "Actual Loops": 5,
                                        "Output": [
                                            "t.id"
                                        ],
                                        "Hash Buckets": 65536,
                                        "Original Hash Buckets": 65536,
                                        "Hash Batches": 1,
                                        "Original Hash Batches": 1,
                                        "Peak Memory Usage": 2496,
                                        "Workers": [
                                            {
                                                "Worker Number": 0,
                                                "Actual Startup Time": 86.895,
                                                "Actual Total Time": 86.897,
                                                "Actual Rows": 9060,
                                                "Actual Loops": 1
                                            },
                                            {
                                                "Worker Number": 1,
                                                "Actual Startup Time": 86.847,
                                                "Actual Total Time": 86.848,
                                                "Actual Rows": 8158,
                                                "Actual Loops": 1
                                            },
                                            {
                                                "Worker Number": 2,
                                                "Actual Startup Time": 87.033,
                                                "Actual Total Time": 87.034,
                                                "Actual Rows": 8854,
                                                "Actual Loops": 1
                                            },
                                            {
                                                "Worker Number": 3,
                                                "Actual Startup Time": 87.687,
                                                "Actual Total Time": 87.688,
                                                "Actual Rows": 9603,
                                                "Actual Loops": 1
                                            }
                                        ],
                                        "Plans": [
                                            {
                                                "Node Type": "Seq Scan",
                                                "Parent Relationship": "Outer",
                                                "Parallel Aware": true,
                                                "Relation Name": "title",
                                                "Schema": "public",
                                                "Alias": "t",
                                                "Startup Cost": 0.0,
                                                "Total Cost": 45479.21,
                                                "Plan Rows": 13937,
                                                "Plan Width": 4,
                                                "Actual Startup Time": 0.458,
                                                "Actual Total Time": 84.422,
                                                "Actual Rows": 9815,
                                                "Actual Loops": 5,
                                                "Output": [
                                                    "t.id"
                                                ],
                                                "Filter": "((t.kind_id < 7) AND (t.production_year = 2010))",
                                                "Rows Removed by Filter": 495847,
                                                "Workers": [
                                                    {
                                                        "Worker Number": 0,
                                                        "Actual Startup Time": 0.495,
                                                        "Actual Total Time": 82.855,
                                                        "Actual Rows": 9060,
                                                        "Actual Loops": 1
                                                    },
                                                    {
                                                        "Worker Number": 1,
                                                        "Actual Startup Time": 0.742,
                                                        "Actual Total Time": 82.471,
                                                        "Actual Rows": 8158,
                                                        "Actual Loops": 1
                                                    },
                                                    {
                                                        "Worker Number": 2,
                                                        "Actual Startup Time": 0.404,
                                                        "Actual Total Time": 82.984,
                                                        "Actual Rows": 8854,
                                                        "Actual Loops": 1
                                                    },
                                                    {
                                                        "Worker Number": 3,
                                                        "Actual Startup Time": 0.517,
                                                        "Actual Total Time": 83.949,
                                                        "Actual Rows": 9603,
                                                        "Actual Loops": 1
                                                    }
                                                ]
                                            }
                                        ]
                                    }
                                ]
                            }
                        ]
                    }
                ]
            }
        ]
    },
    "Planning Time": 0.745,
    "Triggers": [],
    "Execution Time": 150.639
}