{
  "Plan": {
    "Node Type": "Aggregate",
    "Strategy": "Plain",
    "Partial Mode": "Finalize",
    "Parallel Aware": false,
    "Startup Cost": 21778.69,
    "Total Cost": 21778.7,
    "Plan Rows": 1,
    "Plan Width": 8,
    "Actual Startup Time": 29.406,
    "Actual Total Time": 32.461,
    "Actual Rows": 1,
    "Actual Loops": 1,
    "Plans": [
      {
        "Node Type": "Gather",
        "Parent Relationship": "Outer",
        "Parallel Aware": false,
        "Startup Cost": 21778.58,
        "Total Cost": 21778.69,
        "Plan Rows": 1,
        "Plan Width": 8,
        "Actual Startup Time": 29.238,
        "Actual Total Time": 32.453,
        "Actual Rows": 2,
        "Actual Loops": 1,
        "Workers Planned": 1,
        "Workers Launched": 1,
        "Single Copy": false,
        "Plans": [
          {
            "Node Type": "Aggregate",
            "Strategy": "Plain",
            "Partial Mode": "Partial",
            "Parent Relationship": "Outer",
            "Parallel Aware": false,
            "Startup Cost": 20778.58,
            "Total Cost": 20778.59,
            "Plan Rows": 1,
            "Plan Width": 8,
            "Actual Startup Time": 23.285,
            "Actual Total Time": 23.288,
            "Actual Rows": 1,
            "Actual Loops": 2,
            "Plans": [
              {
                "Node Type": "Nested Loop",
                "Parent Relationship": "Outer",
                "Parallel Aware": false,
                "Join Type": "Inner",
                "Startup Cost": 62.86,
                "Total Cost": 20778.38,
                "Plan Rows": 79,
                "Plan Width": 0,
                "Actual Startup Time": 13.951,
                "Actual Total Time": 23.27,
                "Actual Rows": 74,
                "Actual Loops": 2,
                "Inner Unique": false,
                "Plans": [
                  {
                    "Node Type": "Nested Loop",
                    "Parent Relationship": "Outer",
                    "Parallel Aware": false,
                    "Join Type": "Inner",
                    "Startup Cost": 62.43,
                    "Total Cost": 20277.42,
                    "Plan Rows": 14,
                    "Plan Width": 8,
                    "Actual Startup Time": 13.928,
                    "Actual Total Time": 23.123,
                    "Actual Rows": 2,
                    "Actual Loops": 2,
                    "Inner Unique": true,
                    "Plans": [
                      {
                        "Node Type": "Bitmap Heap Scan",
                        "Parent Relationship": "Outer",
                        "Parallel Aware": true,
                        "Relation Name": "movie_companies",
                        "Alias": "mc",
                        "Startup Cost": 62.0,
                        "Total Cost": 7562.37,
                        "Plan Rows": 1637,
                        "Plan Width": 4,
                        "Actual Startup Time": 1.551,
                        "Actual Total Time": 6.823,
                        "Actual Rows": 1708,
                        "Actual Loops": 2,
                        "Recheck Cond": "(company_id = 483)",
                        "Rows Removed by Index Recheck": 0,
                        "Exact Heap Blocks": 1278,
                        "Lossy Heap Blocks": 0,
                        "Plans": [
                          {
                            "Node Type": "Bitmap Index Scan",
                            "Parent Relationship": "Outer",
                            "Parallel Aware": false,
                            "Index Name": "company_id_movie_companies",
                            "Startup Cost": 0.0,
                            "Total Cost": 61.3,
                            "Plan Rows": 2783,
                            "Plan Width": 0,
                            "Actual Startup Time": 2.28,
                            "Actual Total Time": 2.28,
                            "Actual Rows": 3417,
                            "Actual Loops": 1,
                            "Index Cond": "(company_id = 483)"
                          }
                        ]
                      },
                      {
                        "Node Type": "Index Scan",
                        "Parent Relationship": "Inner",
                        "Parallel Aware": false,
                        "Scan Direction": "Forward",
                        "Index Name": "title_pkey",
                        "Relation Name": "title",
                        "Alias": "t",
                        "Startup Cost": 0.43,
                        "Total Cost": 7.77,
                        "Plan Rows": 1,
                        "Plan Width": 4,
                        "Actual Startup Time": 0.009,
                        "Actual Total Time": 0.009,
                        "Actual Rows": 0,
                        "Actual Loops": 3417,
                        "Index Cond": "(id = mc.movie_id)",
                        "Rows Removed by Index Recheck": 0,
                        "Filter": "(production_year = 1988)",
                        "Rows Removed by Filter": 1
                      }
                    ]
                  },
                  {
                    "Node Type": "Index Only Scan",
                    "Parent Relationship": "Inner",
                    "Parallel Aware": false,
                    "Scan Direction": "Forward",
                    "Index Name": "movie_id_movie_info",
                    "Relation Name": "movie_info",
                    "Alias": "mi",
                    "Startup Cost": 0.43,
                    "Total Cost": 35.36,
                    "Plan Rows": 42,
                    "Plan Width": 4,
                    "Actual Startup Time": 0.024,
                    "Actual Total Time": 0.063,
                    "Actual Rows": 37,
                    "Actual Loops": 4,
                    "Index Cond": "(movie_id = t.id)",
                    "Rows Removed by Index Recheck": 0,
                    "Heap Fetches": 148
                  }
                ]
              }
            ]
          }
        ]
      }
    ]
  },
  "Planning Time": 1.0,
  "Triggers": [],
  "Execution Time": 32.558
}