[
    {
        "Bao": {
            "Bao prediction": "NaN",
            "Bao recommended hint": "(no hint)"
        }
    },
    {
        "Plan": {
            "Node Type": "Aggregate",
            "Strategy": "Plain",
            "Partial Mode": "Finalize",
            "Parallel Aware": false,
            "Startup Cost": 332543.85,
            "Total Cost": 332543.86,
            "Plan Rows": 1,
            "Plan Width": 8,
            "Actual Startup Time": 597.715,
            "Actual Total Time": 626.444,
            "Actual Rows": 1,
            "Actual Loops": 1,
            "Output": [
                "count(*)"
            ],
            "Plans": [
                {
                    "Node Type": "Gather",
                    "Parent Relationship": "Outer",
                    "Parallel Aware": false,
                    "Startup Cost": 332543.22,
                    "Total Cost": 332543.83,
                    "Plan Rows": 6,
                    "Plan Width": 8,
                    "Actual Startup Time": 597.583,
                    "Actual Total Time": 626.436,
                    "Actual Rows": 7,
                    "Actual Loops": 1,
                    "Output": [
                        "(PARTIAL count(*))"
                    ],
                    "Workers Planned": 6,
                    "Workers Launched": 6,
                    "Single Copy": false,
                    "Plans": [
                        {
                            "Node Type": "Aggregate",
                            "Strategy": "Plain",
                            "Partial Mode": "Partial",
                            "Parent Relationship": "Outer",
                            "Parallel Aware": false,
                            "Startup Cost": 331543.22,
                            "Total Cost": 331543.23,
                            "Plan Rows": 1,
                            "Plan Width": 8,
                            "Actual Startup Time": 588.012,
                            "Actual Total Time": 588.013,
                            "Actual Rows": 1,
                            "Actual Loops": 7,
                            "Output": [
                                "PARTIAL count(*)"
                            ],
                            "Workers": [
                                {
                                    "Worker Number": 0,
                                    "Actual Startup Time": 585.373,
                                    "Actual Total Time": 585.374,
                                    "Actual Rows": 1,
                                    "Actual Loops": 1
                                },
                                {
                                    "Worker Number": 1,
                                    "Actual Startup Time": 585.947,
                                    "Actual Total Time": 585.948,
                                    "Actual Rows": 1,
                                    "Actual Loops": 1
                                },
                                {
                                    "Worker Number": 2,
                                    "Actual Startup Time": 586.334,
                                    "Actual Total Time": 586.335,
                                    "Actual Rows": 1,
                                    "Actual Loops": 1
                                },
                                {
                                    "Worker Number": 3,
                                    "Actual Startup Time": 586.726,
                                    "Actual Total Time": 586.727,
                                    "Actual Rows": 1,
                                    "Actual Loops": 1
                                },
                                {
                                    "Worker Number": 4,
                                    "Actual Startup Time": 587.133,
                                    "Actual Total Time": 587.134,
                                    "Actual Rows": 1,
                                    "Actual Loops": 1
                                },
                                {
                                    "Worker Number": 5,
                                    "Actual Startup Time": 587.298,
                                    "Actual Total Time": 587.299,
                                    "Actual Rows": 1,
                                    "Actual Loops": 1
                                }
                            ],
                            "Plans": [
                                {
                                    "Node Type": "Seq Scan",
                                    "Parent Relationship": "Outer",
                                    "Parallel Aware": true,
                                    "Relation Name": "cast_info",
                                    "Schema": "public",
                                    "Alias": "ci",
                                    "Startup Cost": 0.0,
                                    "Total Cost": 328213.62,
                                    "Plan Rows": 1331842,
                                    "Plan Width": 0,
                                    "Actual Startup Time": 315.173,
                                    "Actual Total Time": 535.321,
                                    "Actual Rows": 1139341,
                                    "Actual Loops": 7,
                                    "Output": [
                                        "id",
                                        "person_id",
                                        "movie_id",
                                        "person_role_id",
                                        "note",
                                        "nr_order",
                                        "role_id"
                                    ],
                                    "Filter": "(ci.person_id > 2882072)",
                                    "Rows Removed by Filter": 4038423,
                                    "Workers": [
                                        {
                                            "Worker Number": 0,
                                            "Actual Startup Time": 312.533,
                                            "Actual Total Time": 532.008,
                                            "Actual Rows": 796217,
                                            "Actual Loops": 1
                                        },
                                        {
                                            "Worker Number": 1,
                                            "Actual Startup Time": 313.101,
                                            "Actual Total Time": 536.952,
                                            "Actual Rows": 1198904,
                                            "Actual Loops": 1
                                        },
                                        {
                                            "Worker Number": 2,
                                            "Actual Startup Time": 313.492,
                                            "Actual Total Time": 535.017,
                                            "Actual Rows": 1209451,
                                            "Actual Loops": 1
                                        },
                                        {
                                            "Worker Number": 3,
                                            "Actual Startup Time": 313.902,
                                            "Actual Total Time": 535.012,
                                            "Actual Rows": 777740,
                                            "Actual Loops": 1
                                        },
                                        {
                                            "Worker Number": 4,
                                            "Actual Startup Time": 314.301,
                                            "Actual Total Time": 536.169,
                                            "Actual Rows": 1202561,
                                            "Actual Loops": 1
                                        },
                                        {
                                            "Worker Number": 5,
                                            "Actual Startup Time": 314.453,
                                            "Actual Total Time": 536.15,
                                            "Actual Rows": 1203888,
                                            "Actual Loops": 1
                                        }
                                    ]
                                }
                            ]
                        }
                    ]
                }
            ]
        },
        "Planning Time": 176.964,
        "Triggers": [],
        "Execution Time": 626.491
    }
]