[
  {
    "Plan": {
      "Node Type": "Aggregate",
      "Strategy": "Plain",
      "Partial Mode": "Finalize",
      "Parallel Aware": false,
      "Startup Cost": 333384.19,
      "Total Cost": 333384.2,
      "Plan Rows": 1,
      "Plan Width": 8,
      "Actual Startup Time": 690.369,
      "Actual Total Time": 738.329,
      "Actual Rows": 1,
      "Actual Loops": 1,
      "Plans": [
        {
          "Node Type": "Gather",
          "Parent Relationship": "Outer",
          "Parallel Aware": false,
          "Startup Cost": 333383.56,
          "Total Cost": 333384.17,
          "Plan Rows": 6,
          "Plan Width": 8,
          "Actual Startup Time": 690.184,
          "Actual Total Time": 738.314,
          "Actual Rows": 7,
          "Actual Loops": 1,
          "Workers Planned": 6,
          "Workers Launched": 6,
          "Single Copy": false,
          "Plans": [
            {
              "Node Type": "Aggregate",
              "Strategy": "Plain",
              "Partial Mode": "Partial",
              "Parent Relationship": "Outer",
              "Parallel Aware": false,
              "Startup Cost": 332383.56,
              "Total Cost": 332383.57,
              "Plan Rows": 1,
              "Plan Width": 8,
              "Actual Startup Time": 680.883,
              "Actual Total Time": 680.884,
              "Actual Rows": 1,
              "Actual Loops": 7,
              "Plans": [
                {
                  "Node Type": "Seq Scan",
                  "Parent Relationship": "Outer",
                  "Parallel Aware": true,
                  "Relation Name": "cast_info",
                  "Alias": "ci",
                  "Startup Cost": 0.0,
                  "Total Cost": 328211.39,
                  "Plan Rows": 1668869,
                  "Plan Width": 0,
                  "Actual Startup Time": 318.049,
                  "Actual Total Time": 604.036,
                  "Actual Rows": 1413525,
                  "Actual Loops": 7,
                  "Filter": "(person_id > 2723357)",
                  "Rows Removed by Filter": 3764238
                }
              ]
            }
          ]
        }
      ]
    },
    "Planning Time": 0.131,
    "Triggers": [],
    "Execution Time": 738.388
  }
]