{
  "Plan": {
    "Node Type": "Aggregate",
    "Strategy": "Plain",
    "Partial Mode": "Simple",
    "Parallel Aware": false,
    "Startup Cost": 71324.62,
    "Total Cost": 71324.63,
    "Plan Rows": 1,
    "Plan Width": 64,
    "Actual Startup Time": 328.474,
    "Actual Total Time": 328.611,
    "Actual Rows": 1,
    "Actual Loops": 1,
    "Plans": [
      {
        "Node Type": "Hash Join",
        "Parent Relationship": "Outer",
        "Parallel Aware": false,
        "Join Type": "Inner",
        "Startup Cost": 27303.11,
        "Total Cost": 71324.62,
        "Plan Rows": 1,
        "Plan Width": 23,
        "Actual Startup Time": 328.469,
        "Actual Total Time": 328.605,
        "Actual Rows": 0,
        "Actual Loops": 1,
        "Inner Unique": false,
        "Hash Cond": "(t.id = mi_idx.movie_id)",
        "Plans": [
          {
            "Node Type": "Bitmap Heap Scan",
            "Parent Relationship": "Outer",
            "Parallel Aware": false,
            "Relation Name": "title",
            "Alias": "t",
            "Startup Cost": 9255.02,
            "Total Cost": 51424.95,
            "Plan Rows": 493754,
            "Plan Width": 21,
            "Actual Startup Time": 43.985,
            "Actual Total Time": 192.244,
            "Actual Rows": 479601,
            "Actual Loops": 1,
            "Recheck Cond": "(production_year < 1978)",
            "Rows Removed by Index Recheck": 0,
            "Exact Heap Blocks": 35964,
            "Lossy Heap Blocks": 0,
            "Plans": [
              {
                "Node Type": "Bitmap Index Scan",
                "Parent Relationship": "Outer",
                "Parallel Aware": false,
                "Index Name": "idx_title_production_year",
                "Startup Cost": 0.0,
                "Total Cost": 9131.58,
                "Plan Rows": 493754,
                "Plan Width": 0,
                "Actual Startup Time": 36.344,
                "Actual Total Time": 36.345,
                "Actual Rows": 479601,
                "Actual Loops": 1,
                "Index Cond": "(production_year < 1978)"
              }
            ]
          },
          {
            "Node Type": "Hash",
            "Parent Relationship": "Inner",
            "Parallel Aware": false,
            "Startup Cost": 18048.07,
            "Total Cost": 18048.07,
            "Plan Rows": 1,
            "Plan Width": 14,
            "Actual Startup Time": 90.308,
            "Actual Total Time": 90.442,
            "Actual Rows": 21,
            "Actual Loops": 1,
            "Hash Buckets": 1024,
            "Original Hash Buckets": 1024,
            "Hash Batches": 1,
            "Original Hash Batches": 1,
            "Peak Memory Usage": 9,
            "Plans": [
              {
                "Node Type": "Nested Loop",
                "Parent Relationship": "Outer",
                "Parallel Aware": false,
                "Join Type": "Inner",
                "Startup Cost": 1000.85,
                "Total Cost": 18048.07,
                "Plan Rows": 1,
                "Plan Width": 14,
                "Actual Startup Time": 45.934,
                "Actual Total Time": 90.417,
                "Actual Rows": 21,
                "Actual Loops": 1,
                "Inner Unique": true,
                "Plans": [
                  {
                    "Node Type": "Nested Loop",
                    "Parent Relationship": "Outer",
                    "Parallel Aware": false,
                    "Join Type": "Inner",
                    "Startup Cost": 1000.43,
                    "Total Cost": 17728.14,
                    "Plan Rows": 725,
                    "Plan Width": 18,
                    "Actual Startup Time": 3.795,
                    "Actual Total Time": 73.509,
                    "Actual Rows": 6032,
                    "Actual Loops": 1,
                    "Inner Unique": false,
                    "Plans": [
                      {
                        "Node Type": "Nested Loop",
                        "Parent Relationship": "Outer",
                        "Parallel Aware": false,
                        "Join Type": "Inner",
                        "Startup Cost": 1000.0,
                        "Total Cost": 17086.97,
                        "Plan Rows": 76,
                        "Plan Width": 10,
                        "Actual Startup Time": 2.071,
                        "Actual Total Time": 68.943,
                        "Actual Rows": 305,
                        "Actual Loops": 1,
                        "Inner Unique": false,
                        "Join Filter": "(it.id = mi_idx.info_type_id)",
                        "Rows Removed by Join Filter": 8017,
                        "Plans": [
                          {
                            "Node Type": "Seq Scan",
                            "Parent Relationship": "Outer",
                            "Parallel Aware": false,
                            "Relation Name": "info_type",
                            "Alias": "it",
                            "Startup Cost": 0.0,
                            "Total Cost": 2.41,
                            "Plan Rows": 1,
                            "Plan Width": 4,
                            "Actual Startup Time": 0.026,
                            "Actual Total Time": 0.031,
                            "Actual Rows": 1,
                            "Actual Loops": 1,
                            "Filter": "((info)::text = 'rating'::text)",
                            "Rows Removed by Filter": 112
                          },
                          {
                            "Node Type": "Gather",
                            "Parent Relationship": "Inner",
                            "Parallel Aware": false,
                            "Startup Cost": 1000.0,
                            "Total Cost": 16977.68,
                            "Plan Rows": 8550,
                            "Plan Width": 14,
                            "Actual Startup Time": 0.405,
                            "Actual Total Time": 68.047,
                            "Actual Rows": 8322,
                            "Actual Loops": 1,
                            "Workers Planned": 2,
                            "Workers Launched": 2,
                            "Single Copy": false,
                            "Plans": [
                              {
                                "Node Type": "Seq Scan",
                                "Parent Relationship": "Outer",
                                "Parallel Aware": true,
                                "Relation Name": "movie_info_idx",
                                "Alias": "mi_idx",
                                "Startup Cost": 0.0,
                                "Total Cost": 15122.68,
                                "Plan Rows": 3562,
                                "Plan Width": 14,
                                "Actual Startup Time": 0.105,
                                "Actual Total Time": 73.172,
                                "Actual Rows": 2774,
                                "Actual Loops": 3,
                                "Filter": "(info > '9.0'::text)",
                                "Rows Removed by Filter": 457238
                              }
                            ]
                          }
                        ]
                      },
                      {
                        "Node Type": "Index Scan",
                        "Parent Relationship": "Inner",
                        "Parallel Aware": false,
                        "Scan Direction": "Forward",
                        "Index Name": "movie_id_movie_keyword",
                        "Relation Name": "movie_keyword",
                        "Alias": "mk",
                        "Startup Cost": 0.43,
                        "Total Cost": 7.98,
                        "Plan Rows": 46,
                        "Plan Width": 8,
                        "Actual Startup Time": 0.007,
                        "Actual Total Time": 0.011,
                        "Actual Rows": 20,
                        "Actual Loops": 305,
                        "Index Cond": "(movie_id = mi_idx.movie_id)",
                        "Rows Removed by Index Recheck": 0
                      }
                    ]
                  },
                  {
                    "Node Type": "Index Scan",
                    "Parent Relationship": "Inner",
                    "Parallel Aware": false,
                    "Scan Direction": "Forward",
                    "Index Name": "keyword_pkey",
                    "Relation Name": "keyword",
                    "Alias": "k",
                    "Startup Cost": 0.42,
                    "Total Cost": 0.44,
                    "Plan Rows": 1,
                    "Plan Width": 4,
                    "Actual Startup Time": 0.003,
                    "Actual Total Time": 0.003,
                    "Actual Rows": 0,
                    "Actual Loops": 6032,
                    "Index Cond": "(id = mk.keyword_id)",
                    "Rows Removed by Index Recheck": 0,
                    "Filter": "(keyword ~~ '%sequel%'::text)",
                    "Rows Removed by Filter": 1
                  }
                ]
              }
            ]
          }
        ]
      }
    ]
  },
  "Planning Time": 0.725,
  "Triggers": [],
  "Execution Time": 328.722
}