[
    {
        "Bao": {
            "Bao prediction": "NaN",
            "Bao recommended hint": "(no hint)"
        }
    },
    {
        "Plan": {
            "Node Type": "Aggregate",
            "Strategy": "Plain",
            "Partial Mode": "Finalize",
            "Parallel Aware": false,
            "Startup Cost": 30948.73,
            "Total Cost": 30948.74,
            "Plan Rows": 1,
            "Plan Width": 8,
            "Actual Startup Time": 97.012,
            "Actual Total Time": 103.29,
            "Actual Rows": 1,
            "Actual Loops": 1,
            "Output": [
                "count(*)"
            ],
            "Plans": [
                {
                    "Node Type": "Gather",
                    "Parent Relationship": "Outer",
                    "Parallel Aware": false,
                    "Startup Cost": 30948.41,
                    "Total Cost": 30948.72,
                    "Plan Rows": 3,
                    "Plan Width": 8,
                    "Actual Startup Time": 96.602,
                    "Actual Total Time": 103.279,
                    "Actual Rows": 4,
                    "Actual Loops": 1,
                    "Output": [
                        "(PARTIAL count(*))"
                    ],
                    "Workers Planned": 3,
                    "Workers Launched": 3,
                    "Single Copy": false,
                    "Plans": [
                        {
                            "Node Type": "Aggregate",
                            "Strategy": "Plain",
                            "Partial Mode": "Partial",
                            "Parent Relationship": "Outer",
                            "Parallel Aware": false,
                            "Startup Cost": 29948.41,
                            "Total Cost": 29948.42,
                            "Plan Rows": 1,
                            "Plan Width": 8,
                            "Actual Startup Time": 88.244,
                            "Actual Total Time": 88.245,
                            "Actual Rows": 1,
                            "Actual Loops": 4,
                            "Output": [
                                "PARTIAL count(*)"
                            ],
                            "Workers": [
                                {
                                    "Worker Number": 0,
                                    "Actual Startup Time": 85.32,
                                    "Actual Total Time": 85.322,
                                    "Actual Rows": 1,
                                    "Actual Loops": 1
                                },
                                {
                                    "Worker Number": 1,
                                    "Actual Startup Time": 85.496,
                                    "Actual Total Time": 85.498,
                                    "Actual Rows": 1,
                                    "Actual Loops": 1
                                },
                                {
                                    "Worker Number": 2,
                                    "Actual Startup Time": 85.883,
                                    "Actual Total Time": 85.885,
                                    "Actual Rows": 1,
                                    "Actual Loops": 1
                                }
                            ],
                            "Plans": [
                                {
                                    "Node Type": "Bitmap Heap Scan",
                                    "Parent Relationship": "Outer",
                                    "Parallel Aware": true,
                                    "Relation Name": "movie_companies",
                                    "Schema": "public",
                                    "Alias": "mc",
                                    "Startup Cost": 8977.13,
                                    "Total Cost": 29783.67,
                                    "Plan Rows": 65896,
                                    "Plan Width": 0,
                                    "Actual Startup Time": 22.005,
                                    "Actual Total Time": 81.144,
                                    "Actual Rows": 78962,
                                    "Actual Loops": 4,
                                    "Recheck Cond": "(mc.company_id < 272)",
                                    "Rows Removed by Index Recheck": 0,
                                    "Filter": "(mc.company_type_id < 2)",
                                    "Rows Removed by Filter": 24129,
                                    "Exact Heap Blocks": 6910,
                                    "Lossy Heap Blocks": 0,
                                    "Workers": [
                                        {
                                            "Worker Number": 0,
                                            "Actual Startup Time": 19.267,
                                            "Actual Total Time": 78.923,
                                            "Actual Rows": 59499,
                                            "Actual Loops": 1
                                        },
                                        {
                                            "Worker Number": 1,
                                            "Actual Startup Time": 19.368,
                                            "Actual Total Time": 79.028,
                                            "Actual Rows": 60201,
                                            "Actual Loops": 1
                                        },
                                        {
                                            "Worker Number": 2,
                                            "Actual Startup Time": 19.661,
                                            "Actual Total Time": 79.517,
                                            "Actual Rows": 55516,
                                            "Actual Loops": 1
                                        }
                                    ],
                                    "Plans": [
                                        {
                                            "Node Type": "Bitmap Index Scan",
                                            "Parent Relationship": "Outer",
                                            "Parallel Aware": false,
                                            "Index Name": "company_id_movie_companies",
                                            "Startup Cost": 0.0,
                                            "Total Cost": 8926.06,
                                            "Plan Rows": 416751,
                                            "Plan Width": 0,
                                            "Actual Startup Time": 25.436,
                                            "Actual Total Time": 25.436,
                                            "Actual Rows": 412364,
                                            "Actual Loops": 1,
                                            "Index Cond": "(mc.company_id < 272)"
                                        }
                                    ]
                                }
                            ]
                        }
                    ]
                }
            ]
        },
        "Planning Time": 284.109,
        "Triggers": [],
        "Execution Time": 103.358
    }
]