{
    "Plan": {
        "Node Type": "Aggregate",
        "Strategy": "Plain",
        "Partial Mode": "Simple",
        "Parallel Aware": false,
        "Startup Cost": 40000035367.54,
        "Total Cost": 40000035367.55,
        "Plan Rows": 1,
        "Plan Width": 32,
        "Actual Startup Time": 103.816,
        "Actual Total Time": 103.82,
        "Actual Rows": 1,
        "Actual Loops": 1,
        "Output": [
            "min(t.title)"
        ],
        "Plans": [
            {
                "Node Type": "Nested Loop",
                "Parent Relationship": "Outer",
                "Parallel Aware": false,
                "Join Type": "Inner",
                "Startup Cost": 40000000007.57,
                "Total Cost": 40000035367.53,
                "Plan Rows": 1,
                "Plan Width": 17,
                "Actual Startup Time": 21.232,
                "Actual Total Time": 103.809,
                "Actual Rows": 1,
                "Actual Loops": 1,
                "Output": [
                    "t.title"
                ],
                "Inner Unique": true,
                "Join Filter": "(mc.movie_id = t.id)",
                "Rows Removed by Join Filter": 0,
                "Plans": [
                    {
                        "Node Type": "Nested Loop",
                        "Parent Relationship": "Outer",
                        "Parallel Aware": false,
                        "Join Type": "Inner",
                        "Startup Cost": 30000000007.12,
                        "Total Cost": 30000035363.06,
                        "Plan Rows": 1,
                        "Plan Width": 8,
                        "Actual Startup Time": 21.21,
                        "Actual Total Time": 103.785,
                        "Actual Rows": 1,
                        "Actual Loops": 1,
                        "Output": [
                            "mc.movie_id",
                            "mk.movie_id"
                        ],
                        "Inner Unique": true,
                        "Plans": [
                            {
                                "Node Type": "Nested Loop",
                                "Parent Relationship": "Outer",
                                "Parallel Aware": false,
                                "Join Type": "Inner",
                                "Startup Cost": 20000000006.69,
                                "Total Cost": 20000024770.92,
                                "Plan Rows": 2383,
                                "Plan Width": 12,
                                "Actual Startup Time": 21.094,
                                "Actual Total Time": 103.226,
                                "Actual Rows": 47,
                                "Actual Loops": 1,
                                "Output": [
                                    "mc.movie_id",
                                    "mk.movie_id",
                                    "mk.keyword_id"
                                ],
                                "Inner Unique": false,
                                "Plans": [
                                    {
                                        "Node Type": "Nested Loop",
                                        "Parent Relationship": "Outer",
                                        "Parallel Aware": false,
                                        "Join Type": "Inner",
                                        "Startup Cost": 10000000005.87,
                                        "Total Cost": 10000023277.51,
                                        "Plan Rows": 255,
                                        "Plan Width": 4,
                                        "Actual Startup Time": 21.048,
                                        "Actual Total Time": 103.029,
                                        "Actual Rows": 7,
                                        "Actual Loops": 1,
                                        "Output": [
                                            "mc.movie_id"
                                        ],
                                        "Inner Unique": false,
                                        "Plans": [
                                            {
                                                "Node Type": "Index Scan",
                                                "Parent Relationship": "Outer",
                                                "Parallel Aware": false,
                                                "Scan Direction": "Forward",
                                                "Index Name": "company_name_pkey",
                                                "Relation Name": "company_name",
                                                "Schema": "public",
                                                "Alias": "cn",
                                                "Startup Cost": 0.42,
                                                "Total Cost": 12454.44,
                                                "Plan Rows": 23,
                                                "Plan Width": 4,
                                                "Actual Startup Time": 20.978,
                                                "Actual Total Time": 102.761,
                                                "Actual Rows": 5,
                                                "Actual Loops": 1,
                                                "Output": [
                                                    "cn.id",
                                                    "cn.name",
                                                    "cn.country_code",
                                                    "cn.imdb_id",
                                                    "cn.name_pcode_nf",
                                                    "cn.name_pcode_sf",
                                                    "cn.md5sum"
                                                ],
                                                "Filter": "((cn.country_code)::text = '[sl]'::text)",
                                                "Rows Removed by Filter": 234992
                                            },
                                            {
                                                "Node Type": "Bitmap Heap Scan",
                                                "Parent Relationship": "Inner",
                                                "Parallel Aware": false,
                                                "Relation Name": "movie_companies",
                                                "Schema": "public",
                                                "Alias": "mc",
                                                "Startup Cost": 5.45,
                                                "Total Cost": 469.25,
                                                "Plan Rows": 132,
                                                "Plan Width": 8,
                                                "Actual Startup Time": 0.043,
                                                "Actual Total Time": 0.045,
                                                "Actual Rows": 1,
                                                "Actual Loops": 5,
                                                "Output": [
                                                    "mc.id",
                                                    "mc.movie_id",
                                                    "mc.company_id",
                                                    "mc.company_type_id",
                                                    "mc.note"
                                                ],
                                                "Recheck Cond": "(mc.company_id = cn.id)",
                                                "Rows Removed by Index Recheck": 0,
                                                "Exact Heap Blocks": 7,
                                                "Lossy Heap Blocks": 0,
                                                "Plans": [
                                                    {
                                                        "Node Type": "Bitmap Index Scan",
                                                        "Parent Relationship": "Outer",
                                                        "Parallel Aware": false,
                                                        "Index Name": "company_id_movie_companies",
                                                        "Startup Cost": 0.0,
                                                        "Total Cost": 5.42,
                                                        "Plan Rows": 132,
                                                        "Plan Width": 0,
                                                        "Actual Startup Time": 0.038,
                                                        "Actual Total Time": 0.038,
                                                        "Actual Rows": 1,
                                                        "Actual Loops": 5,
                                                        "Index Cond": "(mc.company_id = cn.id)"
                                                    }
                                                ]
                                            }
                                        ]
                                    },
                                    {
                                        "Node Type": "Bitmap Heap Scan",
                                        "Parent Relationship": "Inner",
                                        "Parallel Aware": false,
                                        "Relation Name": "movie_keyword",
                                        "Schema": "public",
                                        "Alias": "mk",
                                        "Startup Cost": 0.82,
                                        "Total Cost": 5.4,
                                        "Plan Rows": 46,
                                        "Plan Width": 8,
                                        "Actual Startup Time": 0.02,
                                        "Actual Total Time": 0.022,
                                        "Actual Rows": 7,
                                        "Actual Loops": 7,
                                        "Output": [
                                            "mk.id",
                                            "mk.movie_id",
                                            "mk.keyword_id"
                                        ],
                                        "Recheck Cond": "(mk.movie_id = mc.movie_id)",
                                        "Rows Removed by Index Recheck": 0,
                                        "Exact Heap Blocks": 6,
                                        "Lossy Heap Blocks": 0,
                                        "Plans": [
                                            {
                                                "Node Type": "Bitmap Index Scan",
                                                "Parent Relationship": "Outer",
                                                "Parallel Aware": false,
                                                "Index Name": "movie_id_movie_keyword",
                                                "Startup Cost": 0.0,
                                                "Total Cost": 0.81,
                                                "Plan Rows": 46,
                                                "Plan Width": 0,
                                                "Actual Startup Time": 0.017,
                                                "Actual Total Time": 0.017,
                                                "Actual Rows": 7,
                                                "Actual Loops": 7,
                                                "Index Cond": "(mk.movie_id = mc.movie_id)"
                                            }
                                        ]
                                    }
                                ]
                            },
                            {
                                "Node Type": "Bitmap Heap Scan",
                                "Parent Relationship": "Inner",
                                "Parallel Aware": false,
                                "Relation Name": "keyword",
                                "Schema": "public",
                                "Alias": "k",
                                "Startup Cost": 0.43,
                                "Total Cost": 4.44,
                                "Plan Rows": 1,
                                "Plan Width": 4,
                                "Actual Startup Time": 0.009,
                                "Actual Total Time": 0.009,
                                "Actual Rows": 0,
                                "Actual Loops": 47,
                                "Output": [
                                    "k.id",
                                    "k.keyword",
                                    "k.phonetic_code"
                                ],
                                "Recheck Cond": "(k.id = mk.keyword_id)",
                                "Rows Removed by Index Recheck": 0,
                                "Filter": "(k.keyword = 'character-name-in-title'::text)",
                                "Rows Removed by Filter": 1,
                                "Exact Heap Blocks": 47,
                                "Lossy Heap Blocks": 0,
                                "Plans": [
                                    {
                                        "Node Type": "Bitmap Index Scan",
                                        "Parent Relationship": "Outer",
                                        "Parallel Aware": false,
                                        "Index Name": "keyword_pkey",
                                        "Startup Cost": 0.0,
                                        "Total Cost": 0.43,
                                        "Plan Rows": 1,
                                        "Plan Width": 0,
                                        "Actual Startup Time": 0.005,
                                        "Actual Total Time": 0.005,
                                        "Actual Rows": 1,
                                        "Actual Loops": 47,
                                        "Index Cond": "(k.id = mk.keyword_id)"
                                    }
                                ]
                            }
                        ]
                    },
                    {
                        "Node Type": "Bitmap Heap Scan",
                        "Parent Relationship": "Inner",
                        "Parallel Aware": false,
                        "Relation Name": "title",
                        "Schema": "public",
                        "Alias": "t",
                        "Startup Cost": 0.45,
                        "Total Cost": 4.46,
                        "Plan Rows": 1,
                        "Plan Width": 21,
                        "Actual Startup Time": 0.015,
                        "Actual Total Time": 0.015,
                        "Actual Rows": 1,
                        "Actual Loops": 1,
                        "Output": [
                            "t.id",
                            "t.title",
                            "t.imdb_index",
                            "t.kind_id",
                            "t.production_year",
                            "t.imdb_id",
                            "t.phonetic_code",
                            "t.episode_of_id",
                            "t.season_nr",
                            "t.episode_nr",
                            "t.series_years",
                            "t.md5sum"
                        ],
                        "Recheck Cond": "(t.id = mk.movie_id)",
                        "Rows Removed by Index Recheck": 0,
                        "Exact Heap Blocks": 1,
                        "Lossy Heap Blocks": 0,
                        "Plans": [
                            {
                                "Node Type": "Bitmap Index Scan",
                                "Parent Relationship": "Outer",
                                "Parallel Aware": false,
                                "Index Name": "title_pkey",
                                "Startup Cost": 0.0,
                                "Total Cost": 0.45,
                                "Plan Rows": 1,
                                "Plan Width": 0,
                                "Actual Startup Time": 0.011,
                                "Actual Total Time": 0.011,
                                "Actual Rows": 1,
                                "Actual Loops": 1,
                                "Index Cond": "(t.id = mk.movie_id)"
                            }
                        ]
                    }
                ]
            }
        ]
    },
    "Planning Time": 2.05,
    "Triggers": [],
    "Execution Time": 104.024
}