[
  {
    "Plan": {
      "Node Type": "Aggregate",
      "Strategy": "Plain",
      "Partial Mode": "Finalize",
      "Parallel Aware": false,
      "Startup Cost": 202630.01,
      "Total Cost": 202630.02,
      "Plan Rows": 1,
      "Plan Width": 8,
      "Actual Startup Time": 371.238,
      "Actual Total Time": 403.901,
      "Actual Rows": 1,
      "Actual Loops": 1,
      "Plans": [
        {
          "Node Type": "Gather",
          "Parent Relationship": "Outer",
          "Parallel Aware": false,
          "Startup Cost": 202629.49,
          "Total Cost": 202630.0,
          "Plan Rows": 5,
          "Plan Width": 8,
          "Actual Startup Time": 371.143,
          "Actual Total Time": 403.893,
          "Actual Rows": 6,
          "Actual Loops": 1,
          "Workers Planned": 5,
          "Workers Launched": 5,
          "Single Copy": false,
          "Plans": [
            {
              "Node Type": "Aggregate",
              "Strategy": "Plain",
              "Partial Mode": "Partial",
              "Parent Relationship": "Outer",
              "Parallel Aware": false,
              "Startup Cost": 201629.49,
              "Total Cost": 201629.5,
              "Plan Rows": 1,
              "Plan Width": 8,
              "Actual Startup Time": 363.304,
              "Actual Total Time": 363.305,
              "Actual Rows": 1,
              "Actual Loops": 6,
              "Plans": [
                {
                  "Node Type": "Seq Scan",
                  "Parent Relationship": "Outer",
                  "Parallel Aware": true,
                  "Relation Name": "movie_info",
                  "Alias": "mi",
                  "Startup Cost": 0.0,
                  "Total Cost": 198952.16,
                  "Plan Rows": 1070929,
                  "Plan Width": 0,
                  "Actual Startup Time": 0.051,
                  "Actual Total Time": 321.435,
                  "Actual Rows": 901753,
                  "Actual Loops": 6,
                  "Filter": "(info_type_id < 6)",
                  "Rows Removed by Filter": 1570867
                }
              ]
            }
          ]
        }
      ]
    },
    "Planning Time": 0.115,
    "Triggers": [],
    "Execution Time": 403.944
  }
]