[
  {
    "Plan": {
      "Node Type": "Aggregate",
      "Strategy": "Plain",
      "Partial Mode": "Finalize",
      "Parallel Aware": false,
      "Startup Cost": 31303.13,
      "Total Cost": 31303.14,
      "Plan Rows": 1,
      "Plan Width": 8,
      "Actual Startup Time": 105.592,
      "Actual Total Time": 113.344,
      "Actual Rows": 1,
      "Actual Loops": 1,
      "Plans": [
        {
          "Node Type": "Gather",
          "Parent Relationship": "Outer",
          "Parallel Aware": false,
          "Startup Cost": 31302.81,
          "Total Cost": 31303.12,
          "Plan Rows": 3,
          "Plan Width": 8,
          "Actual Startup Time": 105.491,
          "Actual Total Time": 113.338,
          "Actual Rows": 4,
          "Actual Loops": 1,
          "Workers Planned": 3,
          "Workers Launched": 3,
          "Single Copy": false,
          "Plans": [
            {
              "Node Type": "Aggregate",
              "Strategy": "Plain",
              "Partial Mode": "Partial",
              "Parent Relationship": "Outer",
              "Parallel Aware": false,
              "Startup Cost": 30302.81,
              "Total Cost": 30302.82,
              "Plan Rows": 1,
              "Plan Width": 8,
              "Actual Startup Time": 96.969,
              "Actual Total Time": 96.97,
              "Actual Rows": 1,
              "Actual Loops": 4,
              "Plans": [
                {
                  "Node Type": "Seq Scan",
                  "Parent Relationship": "Outer",
                  "Parallel Aware": true,
                  "Relation Name": "movie_companies",
                  "Alias": "mc",
                  "Startup Cost": 0.0,
                  "Total Cost": 29310.68,
                  "Plan Rows": 396852,
                  "Plan Width": 0,
                  "Actual Startup Time": 22.829,
                  "Actual Total Time": 83.995,
                  "Actual Rows": 307904,
                  "Actual Loops": 4,
                  "Filter": "(company_id > 11872)",
                  "Rows Removed by Filter": 344378
                }
              ]
            }
          ]
        }
      ]
    },
    "Planning Time": 0.189,
    "Triggers": [],
    "Execution Time": 113.401
  }
]