{
  "Plan": {
    "Node Type": "Aggregate",
    "Strategy": "Plain",
    "Partial Mode": "Finalize",
    "Parallel Aware": false,
    "Startup Cost": 91398.43,
    "Total Cost": 91398.44,
    "Plan Rows": 1,
    "Plan Width": 8,
    "Actual Startup Time": 248.443,
    "Actual Total Time": 264.235,
    "Actual Rows": 1,
    "Actual Loops": 1,
    "Plans": [
      {
        "Node Type": "Gather",
        "Parent Relationship": "Outer",
        "Parallel Aware": false,
        "Startup Cost": 91398.31,
        "Total Cost": 91398.42,
        "Plan Rows": 1,
        "Plan Width": 8,
        "Actual Startup Time": 247.997,
        "Actual Total Time": 264.229,
        "Actual Rows": 2,
        "Actual Loops": 1,
        "Workers Planned": 1,
        "Workers Launched": 1,
        "Single Copy": false,
        "Plans": [
          {
            "Node Type": "Aggregate",
            "Strategy": "Plain",
            "Partial Mode": "Partial",
            "Parent Relationship": "Outer",
            "Parallel Aware": false,
            "Startup Cost": 90398.31,
            "Total Cost": 90398.32,
            "Plan Rows": 1,
            "Plan Width": 8,
            "Actual Startup Time": 242.007,
            "Actual Total Time": 242.011,
            "Actual Rows": 1,
            "Actual Loops": 2,
            "Plans": [
              {
                "Node Type": "Hash Join",
                "Parent Relationship": "Outer",
                "Parallel Aware": true,
                "Join Type": "Inner",
                "Startup Cost": 67719.91,
                "Total Cost": 90386.65,
                "Plan Rows": 4664,
                "Plan Width": 0,
                "Actual Startup Time": 214.72,
                "Actual Total Time": 241.876,
                "Actual Rows": 2220,
                "Actual Loops": 2,
                "Inner Unique": true,
                "Hash Cond": "(mc.movie_id = t.id)",
                "Plans": [
                  {
                    "Node Type": "Bitmap Heap Scan",
                    "Parent Relationship": "Outer",
                    "Parallel Aware": true,
                    "Relation Name": "movie_companies",
                    "Alias": "mc",
                    "Startup Cost": 8693.98,
                    "Total Cost": 31044.37,
                    "Plan Rows": 120515,
                    "Plan Width": 4,
                    "Actual Startup Time": 47.717,
                    "Actual Total Time": 65.206,
                    "Actual Rows": 47100,
                    "Actual Loops": 2,
                    "Recheck Cond": "(company_id < 253)",
                    "Rows Removed by Index Recheck": 0,
                    "Filter": "(company_type_id > 1)",
                    "Rows Removed by Filter": 153606,
                    "Exact Heap Blocks": 13516,
                    "Lossy Heap Blocks": 0,
                    "Plans": [
                      {
                        "Node Type": "Bitmap Index Scan",
                        "Parent Relationship": "Outer",
                        "Parallel Aware": false,
                        "Index Name": "company_id_movie_companies",
                        "Startup Cost": 0.0,
                        "Total Cost": 8642.76,
                        "Plan Rows": 403511,
                        "Plan Width": 0,
                        "Actual Startup Time": 14.59,
                        "Actual Total Time": 14.59,
                        "Actual Rows": 401412,
                        "Actual Loops": 1,
                        "Index Cond": "(company_id < 253)"
                      }
                    ]
                  },
                  {
                    "Node Type": "Hash",
                    "Parent Relationship": "Inner",
                    "Parallel Aware": true,
                    "Startup Cost": 58306.47,
                    "Total Cost": 58306.47,
                    "Plan Rows": 57557,
                    "Plan Width": 4,
                    "Actual Startup Time": 165.726,
                    "Actual Total Time": 165.727,
                    "Actual Rows": 55201,
                    "Actual Loops": 2,
                    "Hash Buckets": 131072,
                    "Original Hash Buckets": 131072,
                    "Hash Batches": 1,
                    "Original Hash Batches": 1,
                    "Peak Memory Usage": 5376,
                    "Plans": [
                      {
                        "Node Type": "Seq Scan",
                        "Parent Relationship": "Outer",
                        "Parallel Aware": true,
                        "Relation Name": "title",
                        "Alias": "t",
                        "Startup Cost": 0.0,
                        "Total Cost": 58306.47,
                        "Plan Rows": 57557,
                        "Plan Width": 4,
                        "Actual Startup Time": 0.029,
                        "Actual Total Time": 150.071,
                        "Actual Rows": 55201,
                        "Actual Loops": 2,
                        "Filter": "((kind_id = 7) AND (production_year = 2012))",
                        "Rows Removed by Filter": 1208955
                      }
                    ]
                  }
                ]
              }
            ]
          }
        ]
      }
    ]
  },
  "Planning Time": 0.268,
  "Triggers": [],
  "Execution Time": 264.289
}