[
  {
    "Plan": {
      "Node Type": "Aggregate",
      "Strategy": "Plain",
      "Partial Mode": "Finalize",
      "Parallel Aware": false,
      "Startup Cost": 370720.28,
      "Total Cost": 370720.29,
      "Plan Rows": 1,
      "Plan Width": 8,
      "Actual Startup Time": 450.228,
      "Actual Total Time": 513.237,
      "Actual Rows": 1,
      "Actual Loops": 1,
      "Plans": [
        {
          "Node Type": "Gather",
          "Parent Relationship": "Outer",
          "Parallel Aware": false,
          "Startup Cost": 370719.86,
          "Total Cost": 370720.27,
          "Plan Rows": 4,
          "Plan Width": 8,
          "Actual Startup Time": 450.092,
          "Actual Total Time": 513.227,
          "Actual Rows": 5,
          "Actual Loops": 1,
          "Workers Planned": 4,
          "Workers Launched": 4,
          "Single Copy": false,
          "Plans": [
            {
              "Node Type": "Aggregate",
              "Strategy": "Plain",
              "Partial Mode": "Partial",
              "Parent Relationship": "Outer",
              "Parallel Aware": false,
              "Startup Cost": 369719.86,
              "Total Cost": 369719.87,
              "Plan Rows": 1,
              "Plan Width": 8,
              "Actual Startup Time": 440.102,
              "Actual Total Time": 440.104,
              "Actual Rows": 1,
              "Actual Loops": 5,
              "Plans": [
                {
                  "Node Type": "Nested Loop",
                  "Parent Relationship": "Outer",
                  "Parallel Aware": false,
                  "Join Type": "Inner",
                  "Startup Cost": 0.56,
                  "Total Cost": 369362.87,
                  "Plan Rows": 142794,
                  "Plan Width": 0,
                  "Actual Startup Time": 0.291,
                  "Actual Total Time": 432.267,
                  "Actual Rows": 113833,
                  "Actual Loops": 5,
                  "Inner Unique": false,
                  "Plans": [
                    {
                      "Node Type": "Seq Scan",
                      "Parent Relationship": "Outer",
                      "Parallel Aware": true,
                      "Relation Name": "title",
                      "Alias": "t",
                      "Startup Cost": 0.0,
                      "Total Cost": 45479.1,
                      "Plan Rows": 14792,
                      "Plan Width": 4,
                      "Actual Startup Time": 0.034,
                      "Actual Total Time": 66.47,
                      "Actual Rows": 12550,
                      "Actual Loops": 5,
                      "Filter": "((kind_id = 7) AND (production_year = 2005))",
                      "Rows Removed by Filter": 493112
                    },
                    {
                      "Node Type": "Index Scan",
                      "Parent Relationship": "Inner",
                      "Parallel Aware": false,
                      "Scan Direction": "Forward",
                      "Index Name": "movie_id_cast_info",
                      "Relation Name": "cast_info",
                      "Alias": "ci",
                      "Startup Cost": 0.56,
                      "Total Cost": 21.65,
                      "Plan Rows": 25,
                      "Plan Width": 4,
                      "Actual Startup Time": 0.007,
                      "Actual Total Time": 0.028,
                      "Actual Rows": 9,
                      "Actual Loops": 62752,
                      "Index Cond": "(movie_id = t.id)",
                      "Rows Removed by Index Recheck": 0,
                      "Filter": "(person_id < 2515101)",
                      "Rows Removed by Filter": 4
                    }
                  ]
                }
              ]
            }
          ]
        }
      ]
    },
    "Planning Time": 0.612,
    "Triggers": [],
    "Execution Time": 513.349
  }
]