[
    {
        "Bao": {
            "Bao prediction": "NaN",
            "Bao recommended hint": "(no hint)"
        }
    },
    {
        "Plan": {
            "Node Type": "Aggregate",
            "Strategy": "Plain",
            "Partial Mode": "Finalize",
            "Parallel Aware": false,
            "Startup Cost": 33206.27,
            "Total Cost": 33206.28,
            "Plan Rows": 1,
            "Plan Width": 8,
            "Actual Startup Time": 101.456,
            "Actual Total Time": 106.19,
            "Actual Rows": 1,
            "Actual Loops": 1,
            "Output": [
                "count(*)"
            ],
            "Plans": [
                {
                    "Node Type": "Gather",
                    "Parent Relationship": "Outer",
                    "Parallel Aware": false,
                    "Startup Cost": 33205.95,
                    "Total Cost": 33206.26,
                    "Plan Rows": 3,
                    "Plan Width": 8,
                    "Actual Startup Time": 101.327,
                    "Actual Total Time": 106.183,
                    "Actual Rows": 4,
                    "Actual Loops": 1,
                    "Output": [
                        "(PARTIAL count(*))"
                    ],
                    "Workers Planned": 3,
                    "Workers Launched": 3,
                    "Single Copy": false,
                    "Plans": [
                        {
                            "Node Type": "Aggregate",
                            "Strategy": "Plain",
                            "Partial Mode": "Partial",
                            "Parent Relationship": "Outer",
                            "Parallel Aware": false,
                            "Startup Cost": 32205.95,
                            "Total Cost": 32205.96,
                            "Plan Rows": 1,
                            "Plan Width": 8,
                            "Actual Startup Time": 93.294,
                            "Actual Total Time": 93.295,
                            "Actual Rows": 1,
                            "Actual Loops": 4,
                            "Output": [
                                "PARTIAL count(*)"
                            ],
                            "Workers": [
                                {
                                    "Worker Number": 0,
                                    "Actual Startup Time": 90.582,
                                    "Actual Total Time": 90.584,
                                    "Actual Rows": 1,
                                    "Actual Loops": 1
                                },
                                {
                                    "Worker Number": 1,
                                    "Actual Startup Time": 90.622,
                                    "Actual Total Time": 90.623,
                                    "Actual Rows": 1,
                                    "Actual Loops": 1
                                },
                                {
                                    "Worker Number": 2,
                                    "Actual Startup Time": 90.878,
                                    "Actual Total Time": 90.879,
                                    "Actual Rows": 1,
                                    "Actual Loops": 1
                                }
                            ],
                            "Plans": [
                                {
                                    "Node Type": "Seq Scan",
                                    "Parent Relationship": "Outer",
                                    "Parallel Aware": true,
                                    "Relation Name": "movie_companies",
                                    "Schema": "public",
                                    "Alias": "mc",
                                    "Startup Cost": 0.0,
                                    "Total Cost": 31414.82,
                                    "Plan Rows": 316452,
                                    "Plan Width": 0,
                                    "Actual Startup Time": 41.793,
                                    "Actual Total Time": 80.609,
                                    "Actual Rows": 284897,
                                    "Actual Loops": 4,
                                    "Output": [
                                        "id",
                                        "movie_id",
                                        "company_id",
                                        "company_type_id",
                                        "note"
                                    ],
                                    "Filter": "((mc.company_id > 1211) AND (mc.company_type_id = 2))",
                                    "Rows Removed by Filter": 367386,
                                    "Workers": [
                                        {
                                            "Worker Number": 0,
                                            "Actual Startup Time": 39.084,
                                            "Actual Total Time": 77.779,
                                            "Actual Rows": 193854,
                                            "Actual Loops": 1
                                        },
                                        {
                                            "Worker Number": 1,
                                            "Actual Startup Time": 39.113,
                                            "Actual Total Time": 77.988,
                                            "Actual Rows": 302193,
                                            "Actual Loops": 1
                                        },
                                        {
                                            "Worker Number": 2,
                                            "Actual Startup Time": 39.381,
                                            "Actual Total Time": 78.38,
                                            "Actual Rows": 310342,
                                            "Actual Loops": 1
                                        }
                                    ]
                                }
                            ]
                        }
                    ]
                }
            ]
        },
        "Planning Time": 172.765,
        "Triggers": [],
        "Execution Time": 106.23
    }
]