[
  {
    "Plan": {
      "Node Type": "Aggregate",
      "Strategy": "Plain",
      "Partial Mode": "Finalize",
      "Parallel Aware": false,
      "Startup Cost": 32122.3,
      "Total Cost": 32122.31,
      "Plan Rows": 1,
      "Plan Width": 8,
      "Actual Startup Time": 113.556,
      "Actual Total Time": 121.478,
      "Actual Rows": 1,
      "Actual Loops": 1,
      "Plans": [
        {
          "Node Type": "Gather",
          "Parent Relationship": "Outer",
          "Parallel Aware": false,
          "Startup Cost": 32121.98,
          "Total Cost": 32122.29,
          "Plan Rows": 3,
          "Plan Width": 8,
          "Actual Startup Time": 113.453,
          "Actual Total Time": 121.469,
          "Actual Rows": 4,
          "Actual Loops": 1,
          "Workers Planned": 3,
          "Workers Launched": 3,
          "Single Copy": false,
          "Plans": [
            {
              "Node Type": "Aggregate",
              "Strategy": "Plain",
              "Partial Mode": "Partial",
              "Parent Relationship": "Outer",
              "Parallel Aware": false,
              "Startup Cost": 31121.98,
              "Total Cost": 31121.99,
              "Plan Rows": 1,
              "Plan Width": 8,
              "Actual Startup Time": 107.363,
              "Actual Total Time": 107.364,
              "Actual Rows": 1,
              "Actual Loops": 4,
              "Plans": [
                {
                  "Node Type": "Seq Scan",
                  "Parent Relationship": "Outer",
                  "Parallel Aware": true,
                  "Relation Name": "movie_companies",
                  "Alias": "mc",
                  "Startup Cost": 0.0,
                  "Total Cost": 29310.68,
                  "Plan Rows": 724520,
                  "Plan Width": 0,
                  "Actual Startup Time": 0.037,
                  "Actual Total Time": 80.913,
                  "Actual Rows": 561343,
                  "Actual Loops": 4,
                  "Filter": "(company_id < 86318)",
                  "Rows Removed by Filter": 90940
                }
              ]
            }
          ]
        }
      ]
    },
    "Planning Time": 0.154,
    "Triggers": [],
    "Execution Time": 121.524
  }
]