{
  "Plan": {
    "Node Type": "Aggregate",
    "Strategy": "Plain",
    "Partial Mode": "Finalize",
    "Parallel Aware": false,
    "Startup Cost": 111989.95,
    "Total Cost": 111989.96,
    "Plan Rows": 1,
    "Plan Width": 8,
    "Actual Startup Time": 969.364,
    "Actual Total Time": 987.714,
    "Actual Rows": 1,
    "Actual Loops": 1,
    "Plans": [
      {
        "Node Type": "Gather",
        "Parent Relationship": "Outer",
        "Parallel Aware": false,
        "Startup Cost": 111989.84,
        "Total Cost": 111989.95,
        "Plan Rows": 1,
        "Plan Width": 8,
        "Actual Startup Time": 965.443,
        "Actual Total Time": 987.703,
        "Actual Rows": 2,
        "Actual Loops": 1,
        "Workers Planned": 1,
        "Workers Launched": 1,
        "Single Copy": false,
        "Plans": [
          {
            "Node Type": "Aggregate",
            "Strategy": "Plain",
            "Partial Mode": "Partial",
            "Parent Relationship": "Outer",
            "Parallel Aware": false,
            "Startup Cost": 110989.84,
            "Total Cost": 110989.85,
            "Plan Rows": 1,
            "Plan Width": 8,
            "Actual Startup Time": 956.718,
            "Actual Total Time": 956.722,
            "Actual Rows": 1,
            "Actual Loops": 2,
            "Plans": [
              {
                "Node Type": "Hash Join",
                "Parent Relationship": "Outer",
                "Parallel Aware": true,
                "Join Type": "Inner",
                "Startup Cost": 67667.0,
                "Total Cost": 108844.18,
                "Plan Rows": 858264,
                "Plan Width": 0,
                "Actual Startup Time": 488.46,
                "Actual Total Time": 927.444,
                "Actual Rows": 590940,
                "Actual Loops": 2,
                "Inner Unique": true,
                "Hash Cond": "(mc.movie_id = t.id)",
                "Plans": [
                  {
                    "Node Type": "Seq Scan",
                    "Parent Relationship": "Outer",
                    "Parallel Aware": true,
                    "Relation Name": "movie_companies",
                    "Alias": "mc",
                    "Startup Cost": 0.0,
                    "Total Cost": 37974.77,
                    "Plan Rows": 1219965,
                    "Plan Width": 4,
                    "Actual Startup Time": 0.021,
                    "Actual Total Time": 149.127,
                    "Actual Rows": 1031970,
                    "Actual Loops": 2,
                    "Filter": "(company_id < 72033)",
                    "Rows Removed by Filter": 272594
                  },
                  {
                    "Node Type": "Hash",
                    "Parent Relationship": "Inner",
                    "Parallel Aware": true,
                    "Startup Cost": 54588.39,
                    "Total Cost": 54588.39,
                    "Plan Rows": 1046289,
                    "Plan Width": 4,
                    "Actual Startup Time": 472.364,
                    "Actual Total Time": 472.364,
                    "Actual Rows": 886036,
                    "Actual Loops": 2,
                    "Hash Buckets": 2097152,
                    "Original Hash Buckets": 2097152,
                    "Hash Batches": 1,
                    "Original Hash Batches": 1,
                    "Peak Memory Usage": 85760,
                    "Plans": [
                      {
                        "Node Type": "Seq Scan",
                        "Parent Relationship": "Outer",
                        "Parallel Aware": true,
                        "Relation Name": "title",
                        "Alias": "t",
                        "Startup Cost": 0.0,
                        "Total Cost": 54588.39,
                        "Plan Rows": 1046289,
                        "Plan Width": 4,
                        "Actual Startup Time": 0.043,
                        "Actual Total Time": 210.391,
                        "Actual Rows": 886036,
                        "Actual Loops": 2,
                        "Filter": "(production_year > 1989)",
                        "Rows Removed by Filter": 378120
                      }
                    ]
                  }
                ]
              }
            ]
          }
        ]
      }
    ]
  },
  "Planning Time": 0.47,
  "Triggers": [],
  "Execution Time": 987.797
}