[
  {
    "Plan": {
      "Node Type": "Aggregate",
      "Strategy": "Plain",
      "Partial Mode": "Finalize",
      "Parallel Aware": false,
      "Startup Cost": 46505.38,
      "Total Cost": 46505.39,
      "Plan Rows": 1,
      "Plan Width": 8,
      "Actual Startup Time": 100.045,
      "Actual Total Time": 111.733,
      "Actual Rows": 1,
      "Actual Loops": 1,
      "Plans": [
        {
          "Node Type": "Gather",
          "Parent Relationship": "Outer",
          "Parallel Aware": false,
          "Startup Cost": 46504.96,
          "Total Cost": 46505.37,
          "Plan Rows": 4,
          "Plan Width": 8,
          "Actual Startup Time": 99.855,
          "Actual Total Time": 111.723,
          "Actual Rows": 5,
          "Actual Loops": 1,
          "Workers Planned": 4,
          "Workers Launched": 4,
          "Single Copy": false,
          "Plans": [
            {
              "Node Type": "Aggregate",
              "Strategy": "Plain",
              "Partial Mode": "Partial",
              "Parent Relationship": "Outer",
              "Parallel Aware": false,
              "Startup Cost": 45504.96,
              "Total Cost": 45504.97,
              "Plan Rows": 1,
              "Plan Width": 8,
              "Actual Startup Time": 92.913,
              "Actual Total Time": 92.914,
              "Actual Rows": 1,
              "Actual Loops": 5,
              "Plans": [
                {
                  "Node Type": "Seq Scan",
                  "Parent Relationship": "Outer",
                  "Parallel Aware": true,
                  "Relation Name": "title",
                  "Alias": "t",
                  "Startup Cost": 0.0,
                  "Total Cost": 45479.59,
                  "Plan Rows": 10151,
                  "Plan Width": 0,
                  "Actual Startup Time": 0.052,
                  "Actual Total Time": 91.981,
                  "Actual Rows": 8983,
                  "Actual Loops": 5,
                  "Filter": "((kind_id > 1) AND (production_year = 2000))",
                  "Rows Removed by Filter": 496680
                }
              ]
            }
          ]
        }
      ]
    },
    "Planning Time": 0.137,
    "Triggers": [],
    "Execution Time": 111.779
  }
]