[
  {
    "Plan": {
      "Node Type": "Aggregate",
      "Strategy": "Plain",
      "Partial Mode": "Finalize",
      "Parallel Aware": false,
      "Startup Cost": 46849.54,
      "Total Cost": 46849.55,
      "Plan Rows": 1,
      "Plan Width": 8,
      "Actual Startup Time": 193.062,
      "Actual Total Time": 203.902,
      "Actual Rows": 1,
      "Actual Loops": 1,
      "Plans": [
        {
          "Node Type": "Gather",
          "Parent Relationship": "Outer",
          "Parallel Aware": false,
          "Startup Cost": 46849.22,
          "Total Cost": 46849.53,
          "Plan Rows": 3,
          "Plan Width": 8,
          "Actual Startup Time": 192.934,
          "Actual Total Time": 203.893,
          "Actual Rows": 4,
          "Actual Loops": 1,
          "Workers Planned": 3,
          "Workers Launched": 3,
          "Single Copy": false,
          "Plans": [
            {
              "Node Type": "Aggregate",
              "Strategy": "Plain",
              "Partial Mode": "Partial",
              "Parent Relationship": "Outer",
              "Parallel Aware": false,
              "Startup Cost": 45849.22,
              "Total Cost": 45849.23,
              "Plan Rows": 1,
              "Plan Width": 8,
              "Actual Startup Time": 183.911,
              "Actual Total Time": 183.912,
              "Actual Rows": 1,
              "Actual Loops": 4,
              "Plans": [
                {
                  "Node Type": "Seq Scan",
                  "Parent Relationship": "Outer",
                  "Parallel Aware": true,
                  "Relation Name": "movie_keyword",
                  "Alias": "mk",
                  "Startup Cost": 0.0,
                  "Total Cost": 42695.65,
                  "Plan Rows": 1261428,
                  "Plan Width": 0,
                  "Actual Startup Time": 0.049,
                  "Actual Total Time": 133.302,
                  "Actual Rows": 977541,
                  "Actual Loops": 4,
                  "Filter": "(keyword_id < 29865)",
                  "Rows Removed by Filter": 153442
                }
              ]
            }
          ]
        }
      ]
    },
    "Planning Time": 0.163,
    "Triggers": [],
    "Execution Time": 203.966
  }
]