{
  "Plan": {
    "Node Type": "Aggregate",
    "Strategy": "Plain",
    "Partial Mode": "Finalize",
    "Parallel Aware": false,
    "Startup Cost": 140842.15,
    "Total Cost": 140842.16,
    "Plan Rows": 1,
    "Plan Width": 8,
    "Actual Startup Time": 1038.626,
    "Actual Total Time": 1064.608,
    "Actual Rows": 1,
    "Actual Loops": 1,
    "Plans": [
      {
        "Node Type": "Gather",
        "Parent Relationship": "Outer",
        "Parallel Aware": false,
        "Startup Cost": 140842.04,
        "Total Cost": 140842.15,
        "Plan Rows": 1,
        "Plan Width": 8,
        "Actual Startup Time": 1032.656,
        "Actual Total Time": 1064.601,
        "Actual Rows": 2,
        "Actual Loops": 1,
        "Workers Planned": 1,
        "Workers Launched": 1,
        "Single Copy": false,
        "Plans": [
          {
            "Node Type": "Aggregate",
            "Strategy": "Plain",
            "Partial Mode": "Partial",
            "Parent Relationship": "Outer",
            "Parallel Aware": false,
            "Startup Cost": 139842.04,
            "Total Cost": 139842.05,
            "Plan Rows": 1,
            "Plan Width": 8,
            "Actual Startup Time": 1026.145,
            "Actual Total Time": 1026.151,
            "Actual Rows": 1,
            "Actual Loops": 2,
            "Plans": [
              {
                "Node Type": "Hash Join",
                "Parent Relationship": "Outer",
                "Parallel Aware": true,
                "Join Type": "Inner",
                "Startup Cost": 118946.73,
                "Total Cost": 139305.71,
                "Plan Rows": 214530,
                "Plan Width": 0,
                "Actual Startup Time": 827.146,
                "Actual Total Time": 996.063,
                "Actual Rows": 751380,
                "Actual Loops": 2,
                "Inner Unique": false,
                "Hash Cond": "(mi_idx.movie_id = t.id)",
                "Plans": [
                  {
                    "Node Type": "Seq Scan",
                    "Parent Relationship": "Outer",
                    "Parallel Aware": true,
                    "Relation Name": "movie_info_idx",
                    "Alias": "mi_idx",
                    "Startup Cost": 0.0,
                    "Total Cost": 16052.85,
                    "Plan Rows": 811785,
                    "Plan Width": 4,
                    "Actual Startup Time": 0.024,
                    "Actual Total Time": 47.793,
                    "Actual Rows": 690018,
                    "Actual Loops": 2
                  },
                  {
                    "Node Type": "Hash",
                    "Parent Relationship": "Inner",
                    "Parallel Aware": true,
                    "Startup Cost": 114033.86,
                    "Total Cost": 114033.86,
                    "Plan Rows": 393029,
                    "Plan Width": 8,
                    "Actual Startup Time": 808.773,
                    "Actual Total Time": 808.778,
                    "Actual Rows": 328707,
                    "Actual Loops": 2,
                    "Hash Buckets": 1048576,
                    "Original Hash Buckets": 1048576,
                    "Hash Batches": 1,
                    "Original Hash Batches": 1,
                    "Peak Memory Usage": 33920,
                    "Plans": [
                      {
                        "Node Type": "Hash Join",
                        "Parent Relationship": "Outer",
                        "Parallel Aware": true,
                        "Join Type": "Inner",
                        "Startup Cost": 83635.29,
                        "Total Cost": 114033.86,
                        "Plan Rows": 393029,
                        "Plan Width": 8,
                        "Actual Startup Time": 573.008,
                        "Actual Total Time": 735.262,
                        "Actual Rows": 328707,
                        "Actual Loops": 2,
                        "Inner Unique": true,
                        "Hash Cond": "(mk.movie_id = t.id)",
                        "Plans": [
                          {
                            "Node Type": "Bitmap Heap Scan",
                            "Parent Relationship": "Outer",
                            "Parallel Aware": true,
                            "Relation Name": "movie_keyword",
                            "Alias": "mk",
                            "Startup Cost": 14174.6,
                            "Total Cost": 43541.46,
                            "Plan Rows": 393029,
                            "Plan Width": 4,
                            "Actual Startup Time": 36.444,
                            "Actual Total Time": 111.659,
                            "Actual Rows": 328707,
                            "Actual Loops": 2,
                            "Recheck Cond": "(keyword_id > 28588)",
                            "Rows Removed by Index Recheck": 0,
                            "Exact Heap Blocks": 12576,
                            "Lossy Heap Blocks": 0,
                            "Plans": [
                              {
                                "Node Type": "Bitmap Index Scan",
                                "Parent Relationship": "Outer",
                                "Parallel Aware": false,
                                "Index Name": "keyword_id_movie_keyword",
                                "Startup Cost": 0.0,
                                "Total Cost": 14007.56,
                                "Plan Rows": 668150,
                                "Plan Width": 0,
                                "Actual Startup Time": 32.959,
                                "Actual Total Time": 32.959,
                                "Actual Rows": 657414,
                                "Actual Loops": 1,
                                "Index Cond": "(keyword_id > 28588)"
                              }
                            ]
                          },
                          {
                            "Node Type": "Hash",
                            "Parent Relationship": "Inner",
                            "Parallel Aware": true,
                            "Startup Cost": 50870.31,
                            "Total Cost": 50870.31,
                            "Plan Rows": 1487231,
                            "Plan Width": 4,
                            "Actual Startup Time": 521.02,
                            "Actual Total Time": 521.021,
                            "Actual Rows": 1264156,
                            "Actual Loops": 2,
                            "Hash Buckets": 4194304,
                            "Original Hash Buckets": 4194304,
                            "Hash Batches": 1,
                            "Original Hash Batches": 1,
                            "Peak Memory Usage": 131680,
                            "Plans": [
                              {
                                "Node Type": "Seq Scan",
                                "Parent Relationship": "Outer",
                                "Parallel Aware": true,
                                "Relation Name": "title",
                                "Alias": "t",
                                "Startup Cost": 0.0,
                                "Total Cost": 50870.31,
                                "Plan Rows": 1487231,
                                "Plan Width": 4,
                                "Actual Startup Time": 0.031,
                                "Actual Total Time": 155.562,
                                "Actual Rows": 1264156,
                                "Actual Loops": 2
                              }
                            ]
                          }
                        ]
                      }
                    ]
                  }
                ]
              }
            ]
          }
        ]
      }
    ]
  },
  "Planning Time": 1.004,
  "Triggers": [],
  "Execution Time": 1064.708
}