[
  {
    "Plan": {
      "Node Type": "Aggregate",
      "Strategy": "Plain",
      "Partial Mode": "Finalize",
      "Parallel Aware": false,
      "Startup Cost": 43700.12,
      "Total Cost": 43700.13,
      "Plan Rows": 1,
      "Plan Width": 8,
      "Actual Startup Time": 42.88,
      "Actual Total Time": 48.724,
      "Actual Rows": 1,
      "Actual Loops": 1,
      "Plans": [
        {
          "Node Type": "Gather",
          "Parent Relationship": "Outer",
          "Parallel Aware": false,
          "Startup Cost": 43699.9,
          "Total Cost": 43700.11,
          "Plan Rows": 2,
          "Plan Width": 8,
          "Actual Startup Time": 42.716,
          "Actual Total Time": 48.716,
          "Actual Rows": 3,
          "Actual Loops": 1,
          "Workers Planned": 2,
          "Workers Launched": 2,
          "Single Copy": false,
          "Plans": [
            {
              "Node Type": "Aggregate",
              "Strategy": "Plain",
              "Partial Mode": "Partial",
              "Parent Relationship": "Outer",
              "Parallel Aware": false,
              "Startup Cost": 42699.9,
              "Total Cost": 42699.91,
              "Plan Rows": 1,
              "Plan Width": 8,
              "Actual Startup Time": 34.102,
              "Actual Total Time": 34.104,
              "Actual Rows": 1,
              "Actual Loops": 3,
              "Plans": [
                {
                  "Node Type": "Nested Loop",
                  "Parent Relationship": "Outer",
                  "Parallel Aware": false,
                  "Join Type": "Inner",
                  "Startup Cost": 176.41,
                  "Total Cost": 42692.67,
                  "Plan Rows": 2894,
                  "Plan Width": 0,
                  "Actual Startup Time": 6.54,
                  "Actual Total Time": 34.083,
                  "Actual Rows": 52,
                  "Actual Loops": 3,
                  "Inner Unique": false,
                  "Plans": [
                    {
                      "Node Type": "Nested Loop",
                      "Parent Relationship": "Outer",
                      "Parallel Aware": false,
                      "Join Type": "Inner",
                      "Startup Cost": 175.97,
                      "Total Cost": 40028.0,
                      "Plan Rows": 1020,
                      "Plan Width": 8,
                      "Actual Startup Time": 5.997,
                      "Actual Total Time": 32.971,
                      "Actual Rows": 37,
                      "Actual Loops": 3,
                      "Inner Unique": true,
                      "Plans": [
                        {
                          "Node Type": "Bitmap Heap Scan",
                          "Parent Relationship": "Outer",
                          "Parallel Aware": true,
                          "Relation Name": "movie_keyword",
                          "Alias": "mk",
                          "Startup Cost": 175.54,
                          "Total Cost": 16952.14,
                          "Plan Rows": 3393,
                          "Plan Width": 4,
                          "Actual Startup Time": 1.666,
                          "Actual Total Time": 6.18,
                          "Actual Rows": 2624,
                          "Actual Loops": 3,
                          "Recheck Cond": "(keyword_id = 3)",
                          "Rows Removed by Index Recheck": 0,
                          "Exact Heap Blocks": 1439,
                          "Lossy Heap Blocks": 0,
                          "Plans": [
                            {
                              "Node Type": "Bitmap Index Scan",
                              "Parent Relationship": "Outer",
                              "Parallel Aware": false,
                              "Index Name": "keyword_id_movie_keyword",
                              "Startup Cost": 0.0,
                              "Total Cost": 173.5,
                              "Plan Rows": 8143,
                              "Plan Width": 0,
                              "Actual Startup Time": 3.702,
                              "Actual Total Time": 3.702,
                              "Actual Rows": 7873,
                              "Actual Loops": 1,
                              "Index Cond": "(keyword_id = 3)"
                            }
                          ]
                        },
                        {
                          "Node Type": "Index Scan",
                          "Parent Relationship": "Inner",
                          "Parallel Aware": false,
                          "Scan Direction": "Forward",
                          "Index Name": "title_pkey",
                          "Relation Name": "title",
                          "Alias": "t",
                          "Startup Cost": 0.43,
                          "Total Cost": 6.8,
                          "Plan Rows": 1,
                          "Plan Width": 4,
                          "Actual Startup Time": 0.01,
                          "Actual Total Time": 0.01,
                          "Actual Rows": 0,
                          "Actual Loops": 7873,
                          "Index Cond": "(id = mk.movie_id)",
                          "Rows Removed by Index Recheck": 0,
                          "Filter": "((production_year < 2004) AND (kind_id = 7))",
                          "Rows Removed by Filter": 1
                        }
                      ]
                    },
                    {
                      "Node Type": "Index Scan",
                      "Parent Relationship": "Inner",
                      "Parallel Aware": false,
                      "Scan Direction": "Forward",
                      "Index Name": "movie_id_movie_info",
                      "Relation Name": "movie_info",
                      "Alias": "mi",
                      "Startup Cost": 0.43,
                      "Total Cost": 2.41,
                      "Plan Rows": 20,
                      "Plan Width": 4,
                      "Actual Startup Time": 0.018,
                      "Actual Total Time": 0.029,
                      "Actual Rows": 1,
                      "Actual Loops": 112,
                      "Index Cond": "(movie_id = t.id)",
                      "Rows Removed by Index Recheck": 0,
                      "Filter": "(info_type_id < 8)",
                      "Rows Removed by Filter": 3
                    }
                  ]
                }
              ]
            }
          ]
        }
      ]
    },
    "Planning Time": 1.505,
    "Triggers": [],
    "Execution Time": 48.832
  }
]