[
  {
    "Plan": {
      "Node Type": "Aggregate",
      "Strategy": "Plain",
      "Partial Mode": "Finalize",
      "Parallel Aware": false,
      "Startup Cost": 96008.38,
      "Total Cost": 96008.39,
      "Plan Rows": 1,
      "Plan Width": 8,
      "Actual Startup Time": 450.098,
      "Actual Total Time": 464.854,
      "Actual Rows": 1,
      "Actual Loops": 1,
      "Plans": [
        {
          "Node Type": "Gather",
          "Parent Relationship": "Outer",
          "Parallel Aware": false,
          "Startup Cost": 96008.07,
          "Total Cost": 96008.38,
          "Plan Rows": 3,
          "Plan Width": 8,
          "Actual Startup Time": 444.921,
          "Actual Total Time": 464.845,
          "Actual Rows": 4,
          "Actual Loops": 1,
          "Workers Planned": 3,
          "Workers Launched": 3,
          "Single Copy": false,
          "Plans": [
            {
              "Node Type": "Aggregate",
              "Strategy": "Plain",
              "Partial Mode": "Partial",
              "Parent Relationship": "Outer",
              "Parallel Aware": false,
              "Startup Cost": 95008.07,
              "Total Cost": 95008.08,
              "Plan Rows": 1,
              "Plan Width": 8,
              "Actual Startup Time": 433.372,
              "Actual Total Time": 433.374,
              "Actual Rows": 1,
              "Actual Loops": 4,
              "Plans": [
                {
                  "Node Type": "Hash Join",
                  "Parent Relationship": "Outer",
                  "Parallel Aware": true,
                  "Join Type": "Inner",
                  "Startup Cost": 49770.89,
                  "Total Cost": 93954.72,
                  "Plan Rows": 421339,
                  "Plan Width": 0,
                  "Actual Startup Time": 251.019,
                  "Actual Total Time": 421.58,
                  "Actual Rows": 299151,
                  "Actual Loops": 4,
                  "Inner Unique": true,
                  "Hash Cond": "(mk.movie_id = t.id)",
                  "Plans": [
                    {
                      "Node Type": "Seq Scan",
                      "Parent Relationship": "Outer",
                      "Parallel Aware": true,
                      "Relation Name": "movie_keyword",
                      "Alias": "mk",
                      "Startup Cost": 0.0,
                      "Total Cost": 42695.65,
                      "Plan Rows": 566924,
                      "Plan Width": 4,
                      "Actual Startup Time": 0.025,
                      "Actual Total Time": 93.049,
                      "Actual Rows": 442524,
                      "Actual Loops": 4,
                      "Filter": "(keyword_id < 2869)",
                      "Rows Removed by Filter": 688459
                    },
                    {
                      "Node Type": "Hash",
                      "Parent Relationship": "Inner",
                      "Parallel Aware": true,
                      "Startup Cost": 43898.92,
                      "Total Cost": 43898.92,
                      "Plan Rows": 469758,
                      "Plan Width": 4,
                      "Actual Startup Time": 243.159,
                      "Actual Total Time": 243.159,
                      "Actual Rows": 467800,
                      "Actual Loops": 4,
                      "Hash Buckets": 2097152,
                      "Original Hash Buckets": 2097152,
                      "Hash Batches": 1,
                      "Original Hash Batches": 1,
                      "Peak Memory Usage": 89664,
                      "Plans": [
                        {
                          "Node Type": "Seq Scan",
                          "Parent Relationship": "Outer",
                          "Parallel Aware": true,
                          "Relation Name": "title",
                          "Alias": "t",
                          "Startup Cost": 0.0,
                          "Total Cost": 43898.92,
                          "Plan Rows": 469758,
                          "Plan Width": 4,
                          "Actual Startup Time": 0.033,
                          "Actual Total Time": 101.692,
                          "Actual Rows": 467800,
                          "Actual Loops": 4,
                          "Filter": "(production_year > 1984)",
                          "Rows Removed by Filter": 164278
                        }
                      ]
                    }
                  ]
                }
              ]
            }
          ]
        }
      ]
    },
    "Planning Time": 0.607,
    "Triggers": [],
    "Execution Time": 464.921
  }
]