{
  "Plan": {
    "Node Type": "Aggregate",
    "Strategy": "Plain",
    "Partial Mode": "Finalize",
    "Parallel Aware": false,
    "Startup Cost": 331441.15,
    "Total Cost": 331441.16,
    "Plan Rows": 1,
    "Plan Width": 8,
    "Actual Startup Time": 1558.19,
    "Actual Total Time": 1599.733,
    "Actual Rows": 1,
    "Actual Loops": 1,
    "Plans": [
      {
        "Node Type": "Gather",
        "Parent Relationship": "Outer",
        "Parallel Aware": false,
        "Startup Cost": 331441.04,
        "Total Cost": 331441.15,
        "Plan Rows": 1,
        "Plan Width": 8,
        "Actual Startup Time": 1557.893,
        "Actual Total Time": 1599.726,
        "Actual Rows": 2,
        "Actual Loops": 1,
        "Workers Planned": 1,
        "Workers Launched": 1,
        "Single Copy": false,
        "Plans": [
          {
            "Node Type": "Aggregate",
            "Strategy": "Plain",
            "Partial Mode": "Partial",
            "Parent Relationship": "Outer",
            "Parallel Aware": false,
            "Startup Cost": 330441.04,
            "Total Cost": 330441.05,
            "Plan Rows": 1,
            "Plan Width": 8,
            "Actual Startup Time": 1552.203,
            "Actual Total Time": 1552.207,
            "Actual Rows": 1,
            "Actual Loops": 2,
            "Plans": [
              {
                "Node Type": "Hash Join",
                "Parent Relationship": "Outer",
                "Parallel Aware": true,
                "Join Type": "Inner",
                "Startup Cost": 58468.29,
                "Total Cost": 330251.78,
                "Plan Rows": 75702,
                "Plan Width": 0,
                "Actual Startup Time": 179.255,
                "Actual Total Time": 1538.864,
                "Actual Rows": 327845,
                "Actual Loops": 2,
                "Inner Unique": true,
                "Hash Cond": "(mi.movie_id = t.id)",
                "Plans": [
                  {
                    "Node Type": "Seq Scan",
                    "Parent Relationship": "Outer",
                    "Parallel Aware": true,
                    "Relation Name": "movie_info",
                    "Alias": "mi",
                    "Startup Cost": 0.0,
                    "Total Cost": 248955.74,
                    "Plan Rows": 8696274,
                    "Plan Width": 4,
                    "Actual Startup Time": 0.009,
                    "Actual Total Time": 641.446,
                    "Actual Rows": 7417860,
                    "Actual Loops": 2
                  },
                  {
                    "Node Type": "Hash",
                    "Parent Relationship": "Inner",
                    "Parallel Aware": true,
                    "Startup Cost": 58306.47,
                    "Total Cost": 58306.47,
                    "Plan Rows": 12946,
                    "Plan Width": 4,
                    "Actual Startup Time": 155.919,
                    "Actual Total Time": 155.92,
                    "Actual Rows": 29923,
                    "Actual Loops": 2,
                    "Hash Buckets": 65536,
                    "Original Hash Buckets": 32768,
                    "Hash Batches": 1,
                    "Original Hash Batches": 1,
                    "Peak Memory Usage": 3136,
                    "Plans": [
                      {
                        "Node Type": "Seq Scan",
                        "Parent Relationship": "Outer",
                        "Parallel Aware": true,
                        "Relation Name": "title",
                        "Alias": "t",
                        "Startup Cost": 0.0,
                        "Total Cost": 58306.47,
                        "Plan Rows": 12946,
                        "Plan Width": 4,
                        "Actual Startup Time": 96.963,
                        "Actual Total Time": 145.441,
                        "Actual Rows": 29923,
                        "Actual Loops": 2,
                        "Filter": "((kind_id < 7) AND (production_year < 1915))",
                        "Rows Removed by Filter": 1234233
                      }
                    ]
                  }
                ]
              }
            ]
          }
        ]
      }
    ]
  },
  "Planning Time": 0.448,
  "Triggers": [],
  "Execution Time": 1599.812
}