[
  {
    "Plan": {
      "Node Type": "Aggregate",
      "Strategy": "Plain",
      "Partial Mode": "Finalize",
      "Parallel Aware": false,
      "Startup Cost": 36895.02,
      "Total Cost": 36895.03,
      "Plan Rows": 1,
      "Plan Width": 8,
      "Actual Startup Time": 136.606,
      "Actual Total Time": 146.452,
      "Actual Rows": 1,
      "Actual Loops": 1,
      "Plans": [
        {
          "Node Type": "Gather",
          "Parent Relationship": "Outer",
          "Parallel Aware": false,
          "Startup Cost": 36894.7,
          "Total Cost": 36895.01,
          "Plan Rows": 3,
          "Plan Width": 8,
          "Actual Startup Time": 136.327,
          "Actual Total Time": 146.438,
          "Actual Rows": 4,
          "Actual Loops": 1,
          "Workers Planned": 3,
          "Workers Launched": 3,
          "Single Copy": false,
          "Plans": [
            {
              "Node Type": "Aggregate",
              "Strategy": "Plain",
              "Partial Mode": "Partial",
              "Parent Relationship": "Outer",
              "Parallel Aware": false,
              "Startup Cost": 35894.7,
              "Total Cost": 35894.71,
              "Plan Rows": 1,
              "Plan Width": 8,
              "Actual Startup Time": 130.2,
              "Actual Total Time": 130.202,
              "Actual Rows": 1,
              "Actual Loops": 4,
              "Plans": [
                {
                  "Node Type": "Bitmap Heap Scan",
                  "Parent Relationship": "Outer",
                  "Parallel Aware": true,
                  "Relation Name": "movie_keyword",
                  "Alias": "mk",
                  "Startup Cost": 9315.81,
                  "Total Cost": 35540.55,
                  "Plan Rows": 141660,
                  "Plan Width": 0,
                  "Actual Startup Time": 44.475,
                  "Actual Total Time": 122.472,
                  "Actual Rows": 110305,
                  "Actual Loops": 4,
                  "Recheck Cond": "(keyword_id < 343)",
                  "Rows Removed by Index Recheck": 0,
                  "Exact Heap Blocks": 9189,
                  "Lossy Heap Blocks": 0,
                  "Plans": [
                    {
                      "Node Type": "Bitmap Index Scan",
                      "Parent Relationship": "Outer",
                      "Parallel Aware": false,
                      "Index Name": "keyword_id_movie_keyword",
                      "Startup Cost": 0.0,
                      "Total Cost": 9206.02,
                      "Plan Rows": 439145,
                      "Plan Width": 0,
                      "Actual Startup Time": 44.029,
                      "Actual Total Time": 44.03,
                      "Actual Rows": 441219,
                      "Actual Loops": 1,
                      "Index Cond": "(keyword_id < 343)"
                    }
                  ]
                }
              ]
            }
          ]
        }
      ]
    },
    "Planning Time": 0.191,
    "Triggers": [],
    "Execution Time": 146.527
  }
]