[
  {
    "Plan": {
      "Node Type": "Aggregate",
      "Strategy": "Plain",
      "Partial Mode": "Finalize",
      "Parallel Aware": false,
      "Startup Cost": 96958.91,
      "Total Cost": 96958.92,
      "Plan Rows": 1,
      "Plan Width": 8,
      "Actual Startup Time": 467.007,
      "Actual Total Time": 485.66,
      "Actual Rows": 1,
      "Actual Loops": 1,
      "Plans": [
        {
          "Node Type": "Gather",
          "Parent Relationship": "Outer",
          "Parallel Aware": false,
          "Startup Cost": 96958.59,
          "Total Cost": 96958.9,
          "Plan Rows": 3,
          "Plan Width": 8,
          "Actual Startup Time": 462.257,
          "Actual Total Time": 485.654,
          "Actual Rows": 4,
          "Actual Loops": 1,
          "Workers Planned": 3,
          "Workers Launched": 3,
          "Single Copy": false,
          "Plans": [
            {
              "Node Type": "Aggregate",
              "Strategy": "Plain",
              "Partial Mode": "Partial",
              "Parent Relationship": "Outer",
              "Parallel Aware": false,
              "Startup Cost": 95958.59,
              "Total Cost": 95958.6,
              "Plan Rows": 1,
              "Plan Width": 8,
              "Actual Startup Time": 456.832,
              "Actual Total Time": 457.067,
              "Actual Rows": 1,
              "Actual Loops": 4,
              "Plans": [
                {
                  "Node Type": "Hash Join",
                  "Parent Relationship": "Outer",
                  "Parallel Aware": true,
                  "Join Type": "Inner",
                  "Startup Cost": 63378.86,
                  "Total Cost": 95857.12,
                  "Plan Rows": 40589,
                  "Plan Width": 0,
                  "Actual Startup Time": 283.805,
                  "Actual Total Time": 443.789,
                  "Actual Rows": 267171,
                  "Actual Loops": 4,
                  "Inner Unique": false,
                  "Hash Cond": "(mc.movie_id = t.id)",
                  "Plans": [
                    {
                      "Node Type": "Seq Scan",
                      "Parent Relationship": "Outer",
                      "Parallel Aware": true,
                      "Relation Name": "movie_companies",
                      "Alias": "mc",
                      "Startup Cost": 0.0,
                      "Total Cost": 29310.68,
                      "Plan Rows": 799587,
                      "Plan Width": 4,
                      "Actual Startup Time": 0.013,
                      "Actual Total Time": 84.331,
                      "Actual Rows": 619452,
                      "Actual Loops": 4,
                      "Filter": "(company_id > 19)",
                      "Rows Removed by Filter": 32831
                    },
                    {
                      "Node Type": "Hash",
                      "Parent Relationship": "Inner",
                      "Parallel Aware": true,
                      "Startup Cost": 62710.38,
                      "Total Cost": 62710.38,
                      "Plan Rows": 53479,
                      "Plan Width": 8,
                      "Actual Startup Time": 258.821,
                      "Actual Total Time": 259.054,
                      "Actual Rows": 72396,
                      "Actual Loops": 4,
                      "Hash Buckets": 524288,
                      "Original Hash Buckets": 131072,
                      "Hash Batches": 1,
                      "Original Hash Batches": 1,
                      "Peak Memory Usage": 18560,
                      "Plans": [
                        {
                          "Node Type": "Hash Join",
                          "Parent Relationship": "Outer",
                          "Parallel Aware": true,
                          "Join Type": "Inner",
                          "Startup Cost": 46576.39,
                          "Total Cost": 62710.38,
                          "Plan Rows": 53479,
                          "Plan Width": 8,
                          "Actual Startup Time": 167.21,
                          "Actual Total Time": 225.767,
                          "Actual Rows": 72396,
                          "Actual Loops": 4,
                          "Inner Unique": true,
                          "Hash Cond": "(mi_idx.movie_id = t.id)",
                          "Plans": [
                            {
                              "Node Type": "Seq Scan",
                              "Parent Relationship": "Outer",
                              "Parallel Aware": true,
                              "Relation Name": "movie_info_idx",
                              "Alias": "mi_idx",
                              "Startup Cost": 0.0,
                              "Total Cost": 15122.68,
                              "Plan Rows": 385260,
                              "Plan Width": 4,
                              "Actual Startup Time": 0.014,
                              "Actual Total Time": 42.575,
                              "Actual Rows": 230028,
                              "Actual Loops": 4,
                              "Filter": "(info_type_id > 99)",
                              "Rows Removed by Filter": 114981
                            },
                            {
                              "Node Type": "Hash",
                              "Parent Relationship": "Inner",
                              "Parallel Aware": true,
                              "Startup Cost": 45479.59,
                              "Total Cost": 45479.59,
                              "Plan Rows": 87744,
                              "Plan Width": 4,
                              "Actual Startup Time": 135.595,
                              "Actual Total Time": 135.596,
                              "Actual Rows": 106143,
                              "Actual Loops": 4,
                              "Hash Buckets": 524288,
                              "Original Hash Buckets": 524288,
                              "Hash Batches": 1,
                              "Original Hash Batches": 1,
                              "Peak Memory Usage": 20768,
                              "Plans": [
                                {
                                  "Node Type": "Seq Scan",
                                  "Parent Relationship": "Outer",
                                  "Parallel Aware": true,
                                  "Relation Name": "title",
                                  "Alias": "t",
                                  "Startup Cost": 0.0,
                                  "Total Cost": 45479.59,
                                  "Plan Rows": 87744,
                                  "Plan Width": 4,
                                  "Actual Startup Time": 55.299,
                                  "Actual Total Time": 102.289,
                                  "Actual Rows": 106143,
                                  "Actual Loops": 4,
                                  "Filter": "((production_year < 2005) AND (kind_id = 1))",
                                  "Rows Removed by Filter": 525935
                                }
                              ]
                            }
                          ]
                        }
                      ]
                    }
                  ]
                }
              ]
            }
          ]
        }
      ]
    },
    "Planning Time": 0.486,
    "Triggers": [],
    "Execution Time": 485.7
  }
]