[
  {
    "Plan": {
      "Node Type": "Aggregate",
      "Strategy": "Plain",
      "Partial Mode": "Finalize",
      "Parallel Aware": false,
      "Startup Cost": 666012.67,
      "Total Cost": 666012.68,
      "Plan Rows": 1,
      "Plan Width": 8,
      "Actual Startup Time": 8371.463,
      "Actual Total Time": 8458.805,
      "Actual Rows": 1,
      "Actual Loops": 1,
      "Plans": [
        {
          "Node Type": "Gather",
          "Parent Relationship": "Outer",
          "Parallel Aware": false,
          "Startup Cost": 666012.05,
          "Total Cost": 666012.66,
          "Plan Rows": 6,
          "Plan Width": 8,
          "Actual Startup Time": 8308.94,
          "Actual Total Time": 8458.774,
          "Actual Rows": 7,
          "Actual Loops": 1,
          "Workers Planned": 6,
          "Workers Launched": 6,
          "Single Copy": false,
          "Plans": [
            {
              "Node Type": "Aggregate",
              "Strategy": "Plain",
              "Partial Mode": "Partial",
              "Parent Relationship": "Outer",
              "Parallel Aware": false,
              "Startup Cost": 665012.05,
              "Total Cost": 665012.06,
              "Plan Rows": 1,
              "Plan Width": 8,
              "Actual Startup Time": 8287.118,
              "Actual Total Time": 8288.741,
              "Actual Rows": 1,
              "Actual Loops": 7,
              "Plans": [
                {
                  "Node Type": "Hash Join",
                  "Parent Relationship": "Outer",
                  "Parallel Aware": true,
                  "Join Type": "Inner",
                  "Startup Cost": 264534.61,
                  "Total Cost": 634176.41,
                  "Plan Rows": 12334255,
                  "Plan Width": 0,
                  "Actual Startup Time": 1970.331,
                  "Actual Total Time": 7227.559,
                  "Actual Rows": 24177922,
                  "Actual Loops": 7,
                  "Inner Unique": false,
                  "Hash Cond": "(ci.movie_id = t.id)",
                  "Plans": [
                    {
                      "Node Type": "Seq Scan",
                      "Parent Relationship": "Outer",
                      "Parallel Aware": true,
                      "Relation Name": "cast_info",
                      "Alias": "ci",
                      "Startup Cost": 0.0,
                      "Total Cost": 328211.39,
                      "Plan Rows": 4469836,
                      "Plan Width": 4,
                      "Actual Startup Time": 0.031,
                      "Actual Total Time": 713.43,
                      "Actual Rows": 3837092,
                      "Actual Loops": 7,
                      "Filter": "(role_id < 5)",
                      "Rows Removed by Filter": 1340672
                    },
                    {
                      "Node Type": "Hash",
                      "Parent Relationship": "Inner",
                      "Parallel Aware": true,
                      "Startup Cost": 247092.01,
                      "Total Cost": 247092.01,
                      "Plan Rows": 1395408,
                      "Plan Width": 8,
                      "Actual Startup Time": 1961.85,
                      "Actual Total Time": 1963.47,
                      "Actual Rows": 1210389,
                      "Actual Loops": 7,
                      "Hash Buckets": 16777216,
                      "Original Hash Buckets": 8388608,
                      "Hash Batches": 1,
                      "Original Hash Batches": 1,
                      "Peak Memory Usage": 528128,
                      "Plans": [
                        {
                          "Node Type": "Hash Join",
                          "Parent Relationship": "Outer",
                          "Parallel Aware": true,
                          "Join Type": "Inner",
                          "Startup Cost": 47612.61,
                          "Total Cost": 247092.01,
                          "Plan Rows": 1395408,
                          "Plan Width": 8,
                          "Actual Startup Time": 172.479,
                          "Actual Total Time": 1130.585,
                          "Actual Rows": 1210389,
                          "Actual Loops": 7,
                          "Inner Unique": true,
                          "Hash Cond": "(mi.movie_id = t.id)",
                          "Plans": [
                            {
                              "Node Type": "Seq Scan",
                              "Parent Relationship": "Outer",
                              "Parallel Aware": true,
                              "Relation Name": "movie_info",
                              "Alias": "mi",
                              "Startup Cost": 0.0,
                              "Total Cost": 191685.19,
                              "Plan Rows": 2969219,
                              "Plan Width": 4,
                              "Actual Startup Time": 0.042,
                              "Actual Total Time": 314.295,
                              "Actual Rows": 2119389,
                              "Actual Loops": 7
                            },
                            {
                              "Node Type": "Hash",
                              "Parent Relationship": "Inner",
                              "Parallel Aware": true,
                              "Startup Cost": 43899.32,
                              "Total Cost": 43899.32,
                              "Plan Rows": 297063,
                              "Plan Width": 4,
                              "Actual Startup Time": 170.488,
                              "Actual Total Time": 170.489,
                              "Actual Rows": 170846,
                              "Actual Loops": 7,
                              "Hash Buckets": 2097152,
                              "Original Hash Buckets": 2097152,
                              "Hash Batches": 1,
                              "Original Hash Batches": 1,
                              "Peak Memory Usage": 63296,
                              "Plans": [
                                {
                                  "Node Type": "Seq Scan",
                                  "Parent Relationship": "Outer",
                                  "Parallel Aware": true,
                                  "Relation Name": "title",
                                  "Alias": "t",
                                  "Startup Cost": 0.0,
                                  "Total Cost": 43899.32,
                                  "Plan Rows": 297063,
                                  "Plan Width": 4,
                                  "Actual Startup Time": 0.062,
                                  "Actual Total Time": 85.072,
                                  "Actual Rows": 170846,
                                  "Actual Loops": 7,
                                  "Filter": "(production_year < 2003)",
                                  "Rows Removed by Filter": 190341
                                }
                              ]
                            }
                          ]
                        }
                      ]
                    }
                  ]
                }
              ]
            }
          ]
        }
      ]
    },
    "Planning Time": 0.437,
    "Triggers": [],
    "Execution Time": 8458.855
  }
]