[
  {
    "Plan": {
      "Node Type": "Aggregate",
      "Strategy": "Plain",
      "Partial Mode": "Finalize",
      "Parallel Aware": false,
      "Startup Cost": 32661.53,
      "Total Cost": 32661.54,
      "Plan Rows": 1,
      "Plan Width": 8,
      "Actual Startup Time": 83.417,
      "Actual Total Time": 92.047,
      "Actual Rows": 1,
      "Actual Loops": 1,
      "Plans": [
        {
          "Node Type": "Gather",
          "Parent Relationship": "Outer",
          "Parallel Aware": false,
          "Startup Cost": 32661.22,
          "Total Cost": 32661.53,
          "Plan Rows": 3,
          "Plan Width": 8,
          "Actual Startup Time": 83.283,
          "Actual Total Time": 92.038,
          "Actual Rows": 4,
          "Actual Loops": 1,
          "Workers Planned": 3,
          "Workers Launched": 3,
          "Single Copy": false,
          "Plans": [
            {
              "Node Type": "Aggregate",
              "Strategy": "Plain",
              "Partial Mode": "Partial",
              "Parent Relationship": "Outer",
              "Parallel Aware": false,
              "Startup Cost": 31661.22,
              "Total Cost": 31661.23,
              "Plan Rows": 1,
              "Plan Width": 8,
              "Actual Startup Time": 78.419,
              "Actual Total Time": 78.42,
              "Actual Rows": 1,
              "Actual Loops": 4,
              "Plans": [
                {
                  "Node Type": "Seq Scan",
                  "Parent Relationship": "Outer",
                  "Parallel Aware": true,
                  "Relation Name": "movie_companies",
                  "Alias": "mc",
                  "Startup Cost": 0.0,
                  "Total Cost": 31414.82,
                  "Plan Rows": 98559,
                  "Plan Width": 0,
                  "Actual Startup Time": 0.025,
                  "Actual Total Time": 72.087,
                  "Actual Rows": 111609,
                  "Actual Loops": 4,
                  "Filter": "((company_id < 774) AND (company_type_id < 2))",
                  "Rows Removed by Filter": 540674
                }
              ]
            }
          ]
        }
      ]
    },
    "Planning Time": 0.11,
    "Triggers": [],
    "Execution Time": 92.08
  }
]