{
  "Plan": {
    "Node Type": "Aggregate",
    "Strategy": "Plain",
    "Partial Mode": "Finalize",
    "Parallel Aware": false,
    "Startup Cost": 196978.54,
    "Total Cost": 196978.55,
    "Plan Rows": 1,
    "Plan Width": 8,
    "Actual Startup Time": 931.039,
    "Actual Total Time": 946.726,
    "Actual Rows": 1,
    "Actual Loops": 1,
    "Plans": [
      {
        "Node Type": "Gather",
        "Parent Relationship": "Outer",
        "Parallel Aware": false,
        "Startup Cost": 196978.43,
        "Total Cost": 196978.54,
        "Plan Rows": 1,
        "Plan Width": 8,
        "Actual Startup Time": 928.1,
        "Actual Total Time": 946.719,
        "Actual Rows": 2,
        "Actual Loops": 1,
        "Workers Planned": 1,
        "Workers Launched": 1,
        "Single Copy": false,
        "Plans": [
          {
            "Node Type": "Aggregate",
            "Strategy": "Plain",
            "Partial Mode": "Partial",
            "Parent Relationship": "Outer",
            "Parallel Aware": false,
            "Startup Cost": 195978.43,
            "Total Cost": 195978.44,
            "Plan Rows": 1,
            "Plan Width": 8,
            "Actual Startup Time": 920.208,
            "Actual Total Time": 920.214,
            "Actual Rows": 1,
            "Actual Loops": 2,
            "Plans": [
              {
                "Node Type": "Hash Join",
                "Parent Relationship": "Outer",
                "Parallel Aware": true,
                "Join Type": "Inner",
                "Startup Cost": 97984.16,
                "Total Cost": 195686.64,
                "Plan Rows": 116714,
                "Plan Width": 0,
                "Actual Startup Time": 464.213,
                "Actual Total Time": 908.755,
                "Actual Rows": 258229,
                "Actual Loops": 2,
                "Inner Unique": false,
                "Hash Cond": "(ci.movie_id = t.id)",
                "Plans": [
                  {
                    "Node Type": "Index Scan",
                    "Parent Relationship": "Outer",
                    "Parallel Aware": true,
                    "Scan Direction": "Forward",
                    "Index Name": "role_id_cast_info",
                    "Relation Name": "cast_info",
                    "Alias": "ci",
                    "Startup Cost": 0.56,
                    "Total Cost": 91565.57,
                    "Plan Rows": 1453580,
                    "Plan Width": 4,
                    "Actual Startup Time": 0.066,
                    "Actual Total Time": 211.689,
                    "Actual Rows": 1192256,
                    "Actual Loops": 2,
                    "Index Cond": "(role_id = 4)",
                    "Rows Removed by Index Recheck": 0,
                    "Filter": "(person_id > 481349)",
                    "Rows Removed by Filter": 172215
                  },
                  {
                    "Node Type": "Hash",
                    "Parent Relationship": "Inner",
                    "Parallel Aware": true,
                    "Startup Cost": 96490.9,
                    "Total Cost": 96490.9,
                    "Plan Rows": 119416,
                    "Plan Width": 8,
                    "Actual Startup Time": 460.578,
                    "Actual Total Time": 460.582,
                    "Actual Rows": 200941,
                    "Actual Loops": 2,
                    "Hash Buckets": 524288,
                    "Original Hash Buckets": 262144,
                    "Hash Batches": 1,
                    "Original Hash Batches": 1,
                    "Peak Memory Usage": 21888,
                    "Plans": [
                      {
                        "Node Type": "Hash Join",
                        "Parent Relationship": "Outer",
                        "Parallel Aware": true,
                        "Join Type": "Inner",
                        "Startup Cost": 73094.9,
                        "Total Cost": 96490.9,
                        "Plan Rows": 119416,
                        "Plan Width": 8,
                        "Actual Startup Time": 284.879,
                        "Actual Total Time": 413.207,
                        "Actual Rows": 200941,
                        "Actual Loops": 2,
                        "Inner Unique": true,
                        "Hash Cond": "(mc.movie_id = t.id)",
                        "Plans": [
                          {
                            "Node Type": "Bitmap Heap Scan",
                            "Parent Relationship": "Outer",
                            "Parallel Aware": true,
                            "Relation Name": "movie_companies",
                            "Alias": "mc",
                            "Startup Cost": 11216.6,
                            "Total Cost": 33813.21,
                            "Plan Rows": 304529,
                            "Plan Width": 4,
                            "Actual Startup Time": 20.118,
                            "Actual Total Time": 54.602,
                            "Actual Rows": 264226,
                            "Actual Loops": 2,
                            "Recheck Cond": "(company_id > 72837)",
                            "Rows Removed by Index Recheck": 0,
                            "Exact Heap Blocks": 3836,
                            "Lossy Heap Blocks": 0,
                            "Plans": [
                              {
                                "Node Type": "Bitmap Index Scan",
                                "Parent Relationship": "Outer",
                                "Parallel Aware": false,
                                "Index Name": "company_id_movie_companies",
                                "Startup Cost": 0.0,
                                "Total Cost": 11087.17,
                                "Plan Rows": 517699,
                                "Plan Width": 0,
                                "Actual Startup Time": 19.021,
                                "Actual Total Time": 19.022,
                                "Actual Rows": 528451,
                                "Actual Loops": 1,
                                "Index Cond": "(company_id > 72837)"
                              }
                            ]
                          },
                          {
                            "Node Type": "Hash",
                            "Parent Relationship": "Inner",
                            "Parallel Aware": true,
                            "Startup Cost": 54588.39,
                            "Total Cost": 54588.39,
                            "Plan Rows": 583193,
                            "Plan Width": 4,
                            "Actual Startup Time": 257.945,
                            "Actual Total Time": 257.946,
                            "Actual Rows": 492524,
                            "Actual Loops": 2,
                            "Hash Buckets": 1048576,
                            "Original Hash Buckets": 1048576,
                            "Hash Batches": 1,
                            "Original Hash Batches": 1,
                            "Peak Memory Usage": 46752,
                            "Plans": [
                              {
                                "Node Type": "Seq Scan",
                                "Parent Relationship": "Outer",
                                "Parallel Aware": true,
                                "Relation Name": "title",
                                "Alias": "t",
                                "Startup Cost": 0.0,
                                "Total Cost": 54588.39,
                                "Plan Rows": 583193,
                                "Plan Width": 4,
                                "Actual Startup Time": 0.03,
                                "Actual Total Time": 145.802,
                                "Actual Rows": 492524,
                                "Actual Loops": 2,
                                "Filter": "(kind_id < 7)",
                                "Rows Removed by Filter": 771632
                              }
                            ]
                          }
                        ]
                      }
                    ]
                  }
                ]
              }
            ]
          }
        ]
      }
    ]
  },
  "Planning Time": 1.059,
  "Triggers": [],
  "Execution Time": 946.835
}