[
  {
    "Plan": {
      "Node Type": "Aggregate",
      "Strategy": "Plain",
      "Partial Mode": "Simple",
      "Parallel Aware": false,
      "Startup Cost": 667992.57,
      "Total Cost": 667992.58,
      "Plan Rows": 1,
      "Plan Width": 64,
      "Actual Startup Time": 3204.303,
      "Actual Total Time": 3204.57,
      "Actual Rows": 1,
      "Actual Loops": 1,
      "Plans": [
        {
          "Node Type": "Merge Join",
          "Parent Relationship": "Outer",
          "Parallel Aware": false,
          "Join Type": "Inner",
          "Startup Cost": 655309.85,
          "Total Cost": 667992.55,
          "Plan Rows": 5,
          "Plan Width": 27,
          "Actual Startup Time": 3078.529,
          "Actual Total Time": 3204.48,
          "Actual Rows": 628,
          "Actual Loops": 1,
          "Inner Unique": false,
          "Merge Cond": "(cn.id = mc.company_id)",
          "Plans": [
            {
              "Node Type": "Index Scan",
              "Parent Relationship": "Outer",
              "Parallel Aware": false,
              "Scan Direction": "Forward",
              "Index Name": "company_name_pkey",
              "Relation Name": "company_name",
              "Alias": "cn",
              "Startup Cost": 0.42,
              "Total Cost": 12474.79,
              "Plan Rows": 84928,
              "Plan Width": 4,
              "Actual Startup Time": 0.018,
              "Actual Total Time": 138.203,
              "Actual Rows": 75247,
              "Actual Loops": 1,
              "Filter": "((country_code)::text = '[us]'::text)",
              "Rows Removed by Filter": 138116
            },
            {
              "Node Type": "Sort",
              "Parent Relationship": "Inner",
              "Parallel Aware": false,
              "Startup Cost": 655309.43,
              "Total Cost": 655309.44,
              "Plan Rows": 5,
              "Plan Width": 31,
              "Actual Startup Time": 3061.857,
              "Actual Total Time": 3062.152,
              "Actual Rows": 628,
              "Actual Loops": 1,
              "Sort Key": [
                "mc.company_id"
              ],
              "Sort Method": "quicksort",
              "Sort Space Used": 74,
              "Sort Space Type": "Memory",
              "Plans": [
                {
                  "Node Type": "Merge Join",
                  "Parent Relationship": "Outer",
                  "Parallel Aware": false,
                  "Join Type": "Inner",
                  "Startup Cost": 655309.27,
                  "Total Cost": 655309.37,
                  "Plan Rows": 5,
                  "Plan Width": 31,
                  "Actual Startup Time": 3061.597,
                  "Actual Total Time": 3061.963,
                  "Actual Rows": 628,
                  "Actual Loops": 1,
                  "Inner Unique": true,
                  "Merge Cond": "(mc.company_type_id = ct.id)",
                  "Plans": [
                    {
                      "Node Type": "Sort",
                      "Parent Relationship": "Outer",
                      "Parallel Aware": false,
                      "Startup Cost": 655308.19,
                      "Total Cost": 655308.21,
                      "Plan Rows": 5,
                      "Plan Width": 35,
                      "Actual Startup Time": 3061.557,
                      "Actual Total Time": 3061.842,
                      "Actual Rows": 628,
                      "Actual Loops": 1,
                      "Sort Key": [
                        "mc.company_type_id"
                      ],
                      "Sort Method": "quicksort",
                      "Sort Space Used": 74,
                      "Sort Space Type": "Memory",
                      "Plans": [
                        {
                          "Node Type": "Merge Join",
                          "Parent Relationship": "Outer",
                          "Parallel Aware": false,
                          "Join Type": "Inner",
                          "Startup Cost": 507904.82,
                          "Total Cost": 655308.13,
                          "Plan Rows": 5,
                          "Plan Width": 35,
                          "Actual Startup Time": 2743.227,
                          "Actual Total Time": 3061.64,
                          "Actual Rows": 628,
                          "Actual Loops": 1,
                          "Inner Unique": false,
                          "Merge Cond": "(mc.movie_id = t.id)",
                          "Plans": [
                            {
                              "Node Type": "Index Scan",
                              "Parent Relationship": "Outer",
                              "Parallel Aware": false,
                              "Scan Direction": "Forward",
                              "Index Name": "movie_id_movie_companies",
                              "Relation Name": "movie_companies",
                              "Alias": "mc",
                              "Startup Cost": 0.43,
                              "Total Cost": 140880.84,
                              "Plan Rows": 2609129,
                              "Plan Width": 12,
                              "Actual Startup Time": 0.017,
                              "Actual Total Time": 588.361,
                              "Actual Rows": 2246002,
                              "Actual Loops": 1
                            },
                            {
                              "Node Type": "Sort",
                              "Parent Relationship": "Inner",
                              "Parallel Aware": false,
                              "Startup Cost": 507904.39,
                              "Total Cost": 507904.41,
                              "Plan Rows": 5,
                              "Plan Width": 43,
                              "Actual Startup Time": 2330.324,
                              "Actual Total Time": 2330.618,
                              "Actual Rows": 628,
                              "Actual Loops": 1,
                              "Sort Key": [
                                "cc.movie_id"
                              ],
                              "Sort Method": "quicksort",
                              "Sort Space Used": 73,
                              "Sort Space Type": "Memory",
                              "Plans": [
                                {
                                  "Node Type": "Merge Join",
                                  "Parent Relationship": "Outer",
                                  "Parallel Aware": false,
                                  "Join Type": "Inner",
                                  "Startup Cost": 502584.67,
                                  "Total Cost": 507904.34,
                                  "Plan Rows": 5,
                                  "Plan Width": 43,
                                  "Actual Startup Time": 2274.587,
                                  "Actual Total Time": 2330.371,
                                  "Actual Rows": 625,
                                  "Actual Loops": 1,
                                  "Inner Unique": false,
                                  "Merge Cond": "(k.id = mk.keyword_id)",
                                  "Plans": [
                                    {
                                      "Node Type": "Index Only Scan",
                                      "Parent Relationship": "Outer",
                                      "Parallel Aware": false,
                                      "Scan Direction": "Forward",
                                      "Index Name": "keyword_pkey",
                                      "Relation Name": "keyword",
                                      "Alias": "k",
                                      "Startup Cost": 0.42,
                                      "Total Cost": 5007.72,
                                      "Plan Rows": 134170,
                                      "Plan Width": 4,
                                      "Actual Startup Time": 0.026,
                                      "Actual Total Time": 49.741,
                                      "Actual Rows": 124591,
                                      "Actual Loops": 1,
                                      "Heap Fetches": 124591
                                    },
                                    {
                                      "Node Type": "Sort",
                                      "Parent Relationship": "Inner",
                                      "Parallel Aware": false,
                                      "Startup Cost": 502584.25,
                                      "Total Cost": 502584.26,
                                      "Plan Rows": 5,
                                      "Plan Width": 47,
                                      "Actual Startup Time": 2274.233,
                                      "Actual Total Time": 2274.586,
                                      "Actual Rows": 625,
                                      "Actual Loops": 1,
                                      "Sort Key": [
                                        "mk.keyword_id"
                                      ],
                                      "Sort Method": "quicksort",
                                      "Sort Space Used": 73,
                                      "Sort Space Type": "Memory",
                                      "Plans": [
                                        {
                                          "Node Type": "Merge Join",
                                          "Parent Relationship": "Outer",
                                          "Parallel Aware": false,
                                          "Join Type": "Inner",
                                          "Startup Cost": 314051.87,
                                          "Total Cost": 502584.19,
                                          "Plan Rows": 5,
                                          "Plan Width": 47,
                                          "Actual Startup Time": 1807.527,
                                          "Actual Total Time": 2274.29,
                                          "Actual Rows": 625,
                                          "Actual Loops": 1,
                                          "Inner Unique": false,
                                          "Merge Cond": "(t.id = mk.movie_id)",
                                          "Plans": [
                                            {
                                              "Node Type": "Merge Join",
                                              "Parent Relationship": "Outer",
                                              "Parallel Aware": false,
                                              "Join Type": "Inner",
                                              "Startup Cost": 314051.43,
                                              "Total Cost": 314117.52,
                                              "Plan Rows": 1,
                                              "Plan Width": 39,
                                              "Actual Startup Time": 1432.69,
                                              "Actual Total Time": 1433.567,
                                              "Actual Rows": 6,
                                              "Actual Loops": 1,
                                              "Inner Unique": false,
                                              "Merge Cond": "(mi.movie_id = t.id)",
                                              "Plans": [
                                                {
                                                  "Node Type": "Sort",
                                                  "Parent Relationship": "Outer",
                                                  "Parallel Aware": false,
                                                  "Startup Cost": 214941.11,
                                                  "Total Cost": 214941.12,
                                                  "Plan Rows": 3,
                                                  "Plan Width": 4,
                                                  "Actual Startup Time": 675.78,
                                                  "Actual Total Time": 676.031,
                                                  "Actual Rows": 1783,
                                                  "Actual Loops": 1,
                                                  "Sort Key": [
                                                    "mi.movie_id"
                                                  ],
                                                  "Sort Method": "quicksort",
                                                  "Sort Space Used": 132,
                                                  "Sort Space Type": "Memory",
                                                  "Plans": [
                                                    {
                                                      "Node Type": "Gather",
                                                      "Parent Relationship": "Outer",
                                                      "Parallel Aware": false,
                                                      "Startup Cost": 214940.49,
                                                      "Total Cost": 214941.09,
                                                      "Plan Rows": 3,
                                                      "Plan Width": 4,
                                                      "Actual Startup Time": 674.994,
                                                      "Actual Total Time": 675.452,
                                                      "Actual Rows": 1783,
                                                      "Actual Loops": 1,
                                                      "Workers Planned": 5,
                                                      "Workers Launched": 5,
                                                      "Single Copy": false,
                                                      "Plans": [
                                                        {
                                                          "Node Type": "Merge Join",
                                                          "Parent Relationship": "Outer",
                                                          "Parallel Aware": false,
                                                          "Join Type": "Inner",
                                                          "Startup Cost": 213940.49,
                                                          "Total Cost": 213940.79,
                                                          "Plan Rows": 1,
                                                          "Plan Width": 4,
                                                          "Actual Startup Time": 664.03,
                                                          "Actual Total Time": 664.093,
                                                          "Actual Rows": 297,
                                                          "Actual Loops": 6,
                                                          "Inner Unique": true,
                                                          "Merge Cond": "(mi.info_type_id = it1.id)",
                                                          "Plans": [
                                                            {
                                                              "Node Type": "Sort",
                                                              "Parent Relationship": "Outer",
                                                              "Parallel Aware": false,
                                                              "Startup Cost": 213938.06,
                                                              "Total Cost": 213938.21,
                                                              "Plan Rows": 57,
                                                              "Plan Width": 8,
                                                              "Actual Startup Time": 663.843,
                                                              "Actual Total Time": 663.862,
                                                              "Actual Rows": 297,
                                                              "Actual Loops": 6,
                                                              "Sort Key": [
                                                                "mi.info_type_id"
                                                              ],
                                                              "Sort Method": "quicksort",
                                                              "Sort Space Used": 41,
                                                              "Sort Space Type": "Memory",
                                                              "Workers": [
                                                                {
                                                                  "Worker Number": 0,
                                                                  "Sort Method": "quicksort",
                                                                  "Sort Space Used": 35,
                                                                  "Sort Space Type": "Memory"
                                                                },
                                                                {
                                                                  "Worker Number": 1,
                                                                  "Sort Method": "quicksort",
                                                                  "Sort Space Used": 38,
                                                                  "Sort Space Type": "Memory"
                                                                },
                                                                {
                                                                  "Worker Number": 2,
                                                                  "Sort Method": "quicksort",
                                                                  "Sort Space Used": 42,
                                                                  "Sort Space Type": "Memory"
                                                                },
                                                                {
                                                                  "Worker Number": 3,
                                                                  "Sort Method": "quicksort",
                                                                  "Sort Space Used": 37,
                                                                  "Sort Space Type": "Memory"
                                                                },
                                                                {
                                                                  "Worker Number": 4,
                                                                  "Sort Method": "quicksort",
                                                                  "Sort Space Used": 37,
                                                                  "Sort Space Type": "Memory"
                                                                }
                                                              ],
                                                              "Plans": [
                                                                {
                                                                  "Node Type": "Seq Scan",
                                                                  "Parent Relationship": "Outer",
                                                                  "Parallel Aware": true,
                                                                  "Relation Name": "movie_info",
                                                                  "Alias": "mi",
                                                                  "Startup Cost": 0.0,
                                                                  "Total Cost": 213936.4,
                                                                  "Plan Rows": 57,
                                                                  "Plan Width": 8,
                                                                  "Actual Startup Time": 159.269,
                                                                  "Actual Total Time": 663.586,
                                                                  "Actual Rows": 297,
                                                                  "Actual Loops": 6,
                                                                  "Filter": "((info IS NOT NULL) AND (note ~~ '%internet%'::text) AND ((info ~~ 'USA:% 199%'::text) OR (info ~~ 'USA:% 200%'::text)))",
                                                                  "Rows Removed by Filter": 2472323
                                                                }
                                                              ]
                                                            },
                                                            {
                                                              "Node Type": "Sort",
                                                              "Parent Relationship": "Inner",
                                                              "Parallel Aware": false,
                                                              "Startup Cost": 2.42,
                                                              "Total Cost": 2.43,
                                                              "Plan Rows": 1,
                                                              "Plan Width": 4,
                                                              "Actual Startup Time": 0.175,
                                                              "Actual Total Time": 0.176,
                                                              "Actual Rows": 1,
                                                              "Actual Loops": 6,
                                                              "Sort Key": [
                                                                "it1.id"
                                                              ],
                                                              "Sort Method": "quicksort",
                                                              "Sort Space Used": 25,
                                                              "Sort Space Type": "Memory",
                                                              "Workers": [
                                                                {
                                                                  "Worker Number": 0,
                                                                  "Sort Method": "quicksort",
                                                                  "Sort Space Used": 25,
                                                                  "Sort Space Type": "Memory"
                                                                },
                                                                {
                                                                  "Worker Number": 1,
                                                                  "Sort Method": "quicksort",
                                                                  "Sort Space Used": 25,
                                                                  "Sort Space Type": "Memory"
                                                                },
                                                                {
                                                                  "Worker Number": 2,
                                                                  "Sort Method": "quicksort",
                                                                  "Sort Space Used": 25,
                                                                  "Sort Space Type": "Memory"
                                                                },
                                                                {
                                                                  "Worker Number": 3,
                                                                  "Sort Method": "quicksort",
                                                                  "Sort Space Used": 25,
                                                                  "Sort Space Type": "Memory"
                                                                },
                                                                {
                                                                  "Worker Number": 4,
                                                                  "Sort Method": "quicksort",
                                                                  "Sort Space Used": 25,
                                                                  "Sort Space Type": "Memory"
                                                                }
                                                              ],
                                                              "Plans": [
                                                                {
                                                                  "Node Type": "Seq Scan",
                                                                  "Parent Relationship": "Outer",
                                                                  "Parallel Aware": false,
                                                                  "Relation Name": "info_type",
                                                                  "Alias": "it1",
                                                                  "Startup Cost": 0.0,
                                                                  "Total Cost": 2.41,
                                                                  "Plan Rows": 1,
                                                                  "Plan Width": 4,
                                                                  "Actual Startup Time": 0.093,
                                                                  "Actual Total Time": 0.099,
                                                                  "Actual Rows": 1,
                                                                  "Actual Loops": 6,
                                                                  "Filter": "((info)::text = 'release dates'::text)",
                                                                  "Rows Removed by Filter": 112
                                                                }
                                                              ]
                                                            }
                                                          ]
                                                        }
                                                      ]
                                                    }
                                                  ]
                                                },
                                                {
                                                  "Node Type": "Sort",
                                                  "Parent Relationship": "Inner",
                                                  "Parallel Aware": false,
                                                  "Startup Cost": 99110.32,
                                                  "Total Cost": 99143.38,
                                                  "Plan Rows": 13224,
                                                  "Plan Width": 35,
                                                  "Actual Startup Time": 756.679,
                                                  "Actual Total Time": 757.085,
                                                  "Actual Rows": 4942,
                                                  "Actual Loops": 1,
                                                  "Sort Key": [
                                                    "cc.movie_id"
                                                  ],
                                                  "Sort Method": "quicksort",
                                                  "Sort Space Used": 607,
                                                  "Sort Space Type": "Memory",
                                                  "Plans": [
                                                    {
                                                      "Node Type": "Gather",
                                                      "Parent Relationship": "Outer",
                                                      "Parallel Aware": false,
                                                      "Startup Cost": 96820.67,
                                                      "Total Cost": 98205.08,
                                                      "Plan Rows": 13224,
                                                      "Plan Width": 35,
                                                      "Actual Startup Time": 748.306,
                                                      "Actual Total Time": 755.446,
                                                      "Actual Rows": 5053,
                                                      "Actual Loops": 1,
                                                      "Workers Planned": 4,
                                                      "Workers Launched": 2,
                                                      "Single Copy": false,
                                                      "Plans": [
                                                        {
                                                          "Node Type": "Merge Join",
                                                          "Parent Relationship": "Outer",
                                                          "Parallel Aware": false,
                                                          "Join Type": "Inner",
                                                          "Startup Cost": 95820.67,
                                                          "Total Cost": 95882.68,
                                                          "Plan Rows": 3306,
                                                          "Plan Width": 35,
                                                          "Actual Startup Time": 732.89,
                                                          "Actual Total Time": 733.263,
                                                          "Actual Rows": 1684,
                                                          "Actual Loops": 3,
                                                          "Inner Unique": true,
                                                          "Merge Cond": "(t.kind_id = kt.id)",
                                                          "Plans": [
                                                            {
                                                              "Node Type": "Sort",
                                                              "Parent Relationship": "Outer",
                                                              "Parallel Aware": false,
                                                              "Startup Cost": 95819.53,
                                                              "Total Cost": 95833.99,
                                                              "Plan Rows": 5786,
                                                              "Plan Width": 29,
                                                              "Actual Startup Time": 732.811,
                                                              "Actual Total Time": 732.909,
                                                              "Actual Rows": 1720,
                                                              "Actual Loops": 3,
                                                              "Sort Key": [
                                                                "t.kind_id"
                                                              ],
                                                              "Sort Method": "quicksort",
                                                              "Sort Space Used": 284,
                                                              "Sort Space Type": "Memory",
                                                              "Workers": [
                                                                {
                                                                  "Worker Number": 0,
                                                                  "Sort Method": "quicksort",
                                                                  "Sort Space Used": 185,
                                                                  "Sort Space Type": "Memory"
                                                                },
                                                                {
                                                                  "Worker Number": 1,
                                                                  "Sort Method": "quicksort",
                                                                  "Sort Space Used": 287,
                                                                  "Sort Space Type": "Memory"
                                                                }
                                                              ],
                                                              "Plans": [
                                                                {
                                                                  "Node Type": "Merge Join",
                                                                  "Parent Relationship": "Outer",
                                                                  "Parallel Aware": false,
                                                                  "Join Type": "Inner",
                                                                  "Startup Cost": 93065.96,
                                                                  "Total Cost": 95457.95,
                                                                  "Plan Rows": 5786,
                                                                  "Plan Width": 29,
                                                                  "Actual Startup Time": 582.208,
                                                                  "Actual Total Time": 732.032,
                                                                  "Actual Rows": 2141,
                                                                  "Actual Loops": 3,
                                                                  "Inner Unique": false,
                                                                  "Merge Cond": "(t.id = cc.movie_id)",
                                                                  "Plans": [
                                                                    {
                                                                      "Node Type": "Sort",
                                                                      "Parent Relationship": "Outer",
                                                                      "Parallel Aware": false,
                                                                      "Startup Cost": 84447.56,
                                                                      "Total Cost": 85530.34,
                                                                      "Plan Rows": 433112,
                                                                      "Plan Width": 25,
                                                                      "Actual Startup Time": 537.241,
                                                                      "Actual Total Time": 618.142,
                                                                      "Actual Rows": 583006,
                                                                      "Actual Loops": 3,
                                                                      "Sort Key": [
                                                                        "t.id"
                                                                      ],
                                                                      "Sort Method": "quicksort",
                                                                      "Sort Space Used": 74349,
                                                                      "Sort Space Type": "Memory",
                                                                      "Workers": [
                                                                        {
                                                                          "Worker Number": 0,
                                                                          "Sort Method": "quicksort",
                                                                          "Sort Space Used": 47564,
                                                                          "Sort Space Type": "Memory"
                                                                        },
                                                                        {
                                                                          "Worker Number": 1,
                                                                          "Sort Method": "quicksort",
                                                                          "Sort Space Used": 72077,
                                                                          "Sort Space Type": "Memory"
                                                                        }
                                                                      ],
                                                                      "Plans": [
                                                                        {
                                                                          "Node Type": "Seq Scan",
                                                                          "Parent Relationship": "Outer",
                                                                          "Parallel Aware": true,
                                                                          "Relation Name": "title",
                                                                          "Alias": "t",
                                                                          "Startup Cost": 0.0,
                                                                          "Total Cost": 43898.79,
                                                                          "Plan Rows": 433112,
                                                                          "Plan Width": 25,
                                                                          "Actual Startup Time": 0.076,
                                                                          "Actual Total Time": 279.663,
                                                                          "Actual Rows": 583011,
                                                                          "Actual Loops": 3,
                                                                          "Filter": "(production_year > 1990)",
                                                                          "Rows Removed by Filter": 259760
                                                                        }
                                                                      ]
                                                                    },
                                                                    {
                                                                      "Node Type": "Sort",
                                                                      "Parent Relationship": "Inner",
                                                                      "Parallel Aware": false,
                                                                      "Startup Cost": 8618.17,
                                                                      "Total Cost": 8702.6,
                                                                      "Plan Rows": 33772,
                                                                      "Plan Width": 4,
                                                                      "Actual Startup Time": 43.744,
                                                                      "Actual Total Time": 46.06,
                                                                      "Actual Rows": 24592,
                                                                      "Actual Loops": 3,
                                                                      "Sort Key": [
                                                                        "cc.movie_id"
                                                                      ],
                                                                      "Sort Method": "quicksort",
                                                                      "Sort Space Used": 1921,
                                                                      "Sort Space Type": "Memory",
                                                                      "Workers": [
                                                                        {
                                                                          "Worker Number": 0,
                                                                          "Sort Method": "quicksort",
                                                                          "Sort Space Used": 1921,
                                                                          "Sort Space Type": "Memory"
                                                                        },
                                                                        {
                                                                          "Worker Number": 1,
                                                                          "Sort Method": "quicksort",
                                                                          "Sort Space Used": 1921,
                                                                          "Sort Space Type": "Memory"
                                                                        }
                                                                      ],
                                                                      "Plans": [
                                                                        {
                                                                          "Node Type": "Merge Join",
                                                                          "Parent Relationship": "Outer",
                                                                          "Parallel Aware": false,
                                                                          "Join Type": "Inner",
                                                                          "Startup Cost": 0.55,
                                                                          "Total Cost": 6077.91,
                                                                          "Plan Rows": 33772,
                                                                          "Plan Width": 4,
                                                                          "Actual Startup Time": 29.426,
                                                                          "Actual Total Time": 37.46,
                                                                          "Actual Rows": 24592,
                                                                          "Actual Loops": 3,
                                                                          "Inner Unique": true,
                                                                          "Merge Cond": "(cc.status_id = cct1.id)",
                                                                          "Plans": [
                                                                            {
                                                                              "Node Type": "Index Scan",
                                                                              "Parent Relationship": "Outer",
                                                                              "Parallel Aware": false,
                                                                              "Scan Direction": "Forward",
                                                                              "Index Name": "status_id_complete_cast",
                                                                              "Relation Name": "complete_cast",
                                                                              "Alias": "cc",
                                                                              "Startup Cost": 0.42,
                                                                              "Total Cost": 5390.28,
                                                                              "Plan Rows": 135086,
                                                                              "Plan Width": 8,
                                                                              "Actual Startup Time": 0.107,
                                                                              "Actual Total Time": 24.895,
                                                                              "Actual Rows": 135086,
                                                                              "Actual Loops": 3
                                                                            },
                                                                            {
                                                                              "Node Type": "Index Scan",
                                                                              "Parent Relationship": "Inner",
                                                                              "Parallel Aware": false,
                                                                              "Scan Direction": "Forward",
                                                                              "Index Name": "comp_cast_type_pkey",
                                                                              "Relation Name": "comp_cast_type",
                                                                              "Alias": "cct1",
                                                                              "Startup Cost": 0.13,
                                                                              "Total Cost": 12.2,
                                                                              "Plan Rows": 1,
                                                                              "Plan Width": 4,
                                                                              "Actual Startup Time": 0.021,
                                                                              "Actual Total Time": 0.021,
                                                                              "Actual Rows": 1,
                                                                              "Actual Loops": 3,
                                                                              "Filter": "((kind)::text = 'complete+verified'::text)",
                                                                              "Rows Removed by Filter": 3
                                                                            }
                                                                          ]
                                                                        }
                                                                      ]
                                                                    }
                                                                  ]
                                                                }
                                                              ]
                                                            },
                                                            {
                                                              "Node Type": "Sort",
                                                              "Parent Relationship": "Inner",
                                                              "Parallel Aware": false,
                                                              "Startup Cost": 1.15,
                                                              "Total Cost": 1.16,
                                                              "Plan Rows": 4,
                                                              "Plan Width": 14,
                                                              "Actual Startup Time": 0.073,
                                                              "Actual Total Time": 0.074,
                                                              "Actual Rows": 4,
                                                              "Actual Loops": 3,
                                                              "Sort Key": [
                                                                "kt.id"
                                                              ],
                                                              "Sort Method": "quicksort",
                                                              "Sort Space Used": 25,
                                                              "Sort Space Type": "Memory",
                                                              "Workers": [
                                                                {
                                                                  "Worker Number": 0,
                                                                  "Sort Method": "quicksort",
                                                                  "Sort Space Used": 25,
                                                                  "Sort Space Type": "Memory"
                                                                },
                                                                {
                                                                  "Worker Number": 1,
                                                                  "Sort Method": "quicksort",
                                                                  "Sort Space Used": 25,
                                                                  "Sort Space Type": "Memory"
                                                                }
                                                              ],
                                                              "Plans": [
                                                                {
                                                                  "Node Type": "Seq Scan",
                                                                  "Parent Relationship": "Outer",
                                                                  "Parallel Aware": false,
                                                                  "Relation Name": "kind_type",
                                                                  "Alias": "kt",
                                                                  "Startup Cost": 0.0,
                                                                  "Total Cost": 1.1,
                                                                  "Plan Rows": 4,
                                                                  "Plan Width": 14,
                                                                  "Actual Startup Time": 0.061,
                                                                  "Actual Total Time": 0.064,
                                                                  "Actual Rows": 4,
                                                                  "Actual Loops": 3,
                                                                  "Filter": "((kind)::text = ANY ('{movie,\"tv movie\",\"video movie\",\"video game\"}'::text[]))",
                                                                  "Rows Removed by Filter": 3
                                                                }
                                                              ]
                                                            }
                                                          ]
                                                        }
                                                      ]
                                                    }
                                                  ]
                                                }
                                              ]
                                            },
                                            {
                                              "Node Type": "Index Scan",
                                              "Parent Relationship": "Inner",
                                              "Parallel Aware": false,
                                              "Scan Direction": "Forward",
                                              "Index Name": "movie_id_movie_keyword",
                                              "Relation Name": "movie_keyword",
                                              "Alias": "mk",
                                              "Startup Cost": 0.43,
                                              "Total Cost": 177156.82,
                                              "Plan Rows": 4523930,
                                              "Plan Width": 8,
                                              "Actual Startup Time": 0.034,
                                              "Actual Total Time": 616.067,
                                              "Actual Rows": 3689832,
                                              "Actual Loops": 1
                                            }
                                          ]
                                        }
                                      ]
                                    }
                                  ]
                                }
                              ]
                            }
                          ]
                        }
                      ]
                    },
                    {
                      "Node Type": "Sort",
                      "Parent Relationship": "Inner",
                      "Parallel Aware": false,
                      "Startup Cost": 1.08,
                      "Total Cost": 1.09,
                      "Plan Rows": 4,
                      "Plan Width": 4,
                      "Actual Startup Time": 0.036,
                      "Actual Total Time": 0.037,
                      "Actual Rows": 2,
                      "Actual Loops": 1,
                      "Sort Key": [
                        "ct.id"
                      ],
                      "Sort Method": "quicksort",
                      "Sort Space Used": 25,
                      "Sort Space Type": "Memory",
                      "Plans": [
                        {
                          "Node Type": "Seq Scan",
                          "Parent Relationship": "Outer",
                          "Parallel Aware": false,
                          "Relation Name": "company_type",
                          "Alias": "ct",
                          "Startup Cost": 0.0,
                          "Total Cost": 1.04,
                          "Plan Rows": 4,
                          "Plan Width": 4,
                          "Actual Startup Time": 0.017,
                          "Actual Total Time": 0.018,
                          "Actual Rows": 4,
                          "Actual Loops": 1
                        }
                      ]
                    }
                  ]
                }
              ]
            }
          ]
        }
      ]
    },
    "Planning Time": 42.024,
    "Triggers": [],
    "Execution Time": 3211.077
  }
]