[
  {
    "Plan": {
      "Node Type": "Aggregate",
      "Strategy": "Plain",
      "Partial Mode": "Finalize",
      "Parallel Aware": false,
      "Startup Cost": 98173.9,
      "Total Cost": 98173.91,
      "Plan Rows": 1,
      "Plan Width": 8,
      "Actual Startup Time": 579.062,
      "Actual Total Time": 595.468,
      "Actual Rows": 1,
      "Actual Loops": 1,
      "Plans": [
        {
          "Node Type": "Gather",
          "Parent Relationship": "Outer",
          "Parallel Aware": false,
          "Startup Cost": 98173.58,
          "Total Cost": 98173.89,
          "Plan Rows": 3,
          "Plan Width": 8,
          "Actual Startup Time": 566.618,
          "Actual Total Time": 595.461,
          "Actual Rows": 4,
          "Actual Loops": 1,
          "Workers Planned": 3,
          "Workers Launched": 3,
          "Single Copy": false,
          "Plans": [
            {
              "Node Type": "Aggregate",
              "Strategy": "Plain",
              "Partial Mode": "Partial",
              "Parent Relationship": "Outer",
              "Parallel Aware": false,
              "Startup Cost": 97173.58,
              "Total Cost": 97173.59,
              "Plan Rows": 1,
              "Plan Width": 8,
              "Actual Startup Time": 546.39,
              "Actual Total Time": 546.393,
              "Actual Rows": 1,
              "Actual Loops": 4,
              "Plans": [
                {
                  "Node Type": "Hash Join",
                  "Parent Relationship": "Outer",
                  "Parallel Aware": true,
                  "Join Type": "Inner",
                  "Startup Cost": 50820.62,
                  "Total Cost": 95510.07,
                  "Plan Rows": 665406,
                  "Plan Width": 0,
                  "Actual Startup Time": 326.08,
                  "Actual Total Time": 527.232,
                  "Actual Rows": 483082,
                  "Actual Loops": 4,
                  "Inner Unique": true,
                  "Hash Cond": "(mk.movie_id = t.id)",
                  "Plans": [
                    {
                      "Node Type": "Seq Scan",
                      "Parent Relationship": "Outer",
                      "Parallel Aware": true,
                      "Relation Name": "movie_keyword",
                      "Alias": "mk",
                      "Startup Cost": 0.0,
                      "Total Cost": 42695.65,
                      "Plan Rows": 759543,
                      "Plan Width": 4,
                      "Actual Startup Time": 0.266,
                      "Actual Total Time": 104.33,
                      "Actual Rows": 587514,
                      "Actual Loops": 4,
                      "Filter": "(keyword_id > 4228)",
                      "Rows Removed by Filter": 543469
                    },
                    {
                      "Node Type": "Hash",
                      "Parent Relationship": "Inner",
                      "Parallel Aware": true,
                      "Startup Cost": 43898.92,
                      "Total Cost": 43898.92,
                      "Plan Rows": 553736,
                      "Plan Width": 4,
                      "Actual Startup Time": 314.22,
                      "Actual Total Time": 314.221,
                      "Actual Rows": 550924,
                      "Actual Loops": 4,
                      "Hash Buckets": 4194304,
                      "Original Hash Buckets": 4194304,
                      "Hash Batches": 1,
                      "Original Hash Batches": 1,
                      "Peak Memory Usage": 119040,
                      "Plans": [
                        {
                          "Node Type": "Seq Scan",
                          "Parent Relationship": "Outer",
                          "Parallel Aware": true,
                          "Relation Name": "title",
                          "Alias": "t",
                          "Startup Cost": 0.0,
                          "Total Cost": 43898.92,
                          "Plan Rows": 553736,
                          "Plan Width": 4,
                          "Actual Startup Time": 0.035,
                          "Actual Total Time": 110.009,
                          "Actual Rows": 550924,
                          "Actual Loops": 4,
                          "Filter": "(production_year > 1960)",
                          "Rows Removed by Filter": 81154
                        }
                      ]
                    }
                  ]
                }
              ]
            }
          ]
        }
      ]
    },
    "Planning Time": 0.635,
    "Triggers": [],
    "Execution Time": 595.532
  }
]