[
  {
    "Plan": {
      "Node Type": "Aggregate",
      "Strategy": "Plain",
      "Partial Mode": "Finalize",
      "Parallel Aware": false,
      "Startup Cost": 45206.88,
      "Total Cost": 45206.89,
      "Plan Rows": 1,
      "Plan Width": 8,
      "Actual Startup Time": 130.235,
      "Actual Total Time": 140.773,
      "Actual Rows": 1,
      "Actual Loops": 1,
      "Plans": [
        {
          "Node Type": "Gather",
          "Parent Relationship": "Outer",
          "Parallel Aware": false,
          "Startup Cost": 45206.56,
          "Total Cost": 45206.87,
          "Plan Rows": 3,
          "Plan Width": 8,
          "Actual Startup Time": 130.083,
          "Actual Total Time": 140.762,
          "Actual Rows": 4,
          "Actual Loops": 1,
          "Workers Planned": 3,
          "Workers Launched": 3,
          "Single Copy": false,
          "Plans": [
            {
              "Node Type": "Aggregate",
              "Strategy": "Plain",
              "Partial Mode": "Partial",
              "Parent Relationship": "Outer",
              "Parallel Aware": false,
              "Startup Cost": 44206.56,
              "Total Cost": 44206.57,
              "Plan Rows": 1,
              "Plan Width": 8,
              "Actual Startup Time": 124.393,
              "Actual Total Time": 124.396,
              "Actual Rows": 1,
              "Actual Loops": 4,
              "Plans": [
                {
                  "Node Type": "Seq Scan",
                  "Parent Relationship": "Outer",
                  "Parallel Aware": true,
                  "Relation Name": "movie_keyword",
                  "Alias": "mk",
                  "Startup Cost": 0.0,
                  "Total Cost": 42695.65,
                  "Plan Rows": 604364,
                  "Plan Width": 0,
                  "Actual Startup Time": 0.539,
                  "Actual Total Time": 104.088,
                  "Actual Rows": 465183,
                  "Actual Loops": 4,
                  "Filter": "(keyword_id > 7416)",
                  "Rows Removed by Filter": 665800
                }
              ]
            }
          ]
        }
      ]
    },
    "Planning Time": 0.089,
    "Triggers": [],
    "Execution Time": 140.807
  }
]