[
  {
    "Plan": {
      "Node Type": "Aggregate",
      "Strategy": "Plain",
      "Partial Mode": "Finalize",
      "Parallel Aware": false,
      "Startup Cost": 45237.62,
      "Total Cost": 45237.63,
      "Plan Rows": 1,
      "Plan Width": 8,
      "Actual Startup Time": 160.204,
      "Actual Total Time": 170.331,
      "Actual Rows": 1,
      "Actual Loops": 1,
      "Plans": [
        {
          "Node Type": "Gather",
          "Parent Relationship": "Outer",
          "Parallel Aware": false,
          "Startup Cost": 45237.3,
          "Total Cost": 45237.61,
          "Plan Rows": 3,
          "Plan Width": 8,
          "Actual Startup Time": 160.114,
          "Actual Total Time": 170.322,
          "Actual Rows": 4,
          "Actual Loops": 1,
          "Workers Planned": 3,
          "Workers Launched": 3,
          "Single Copy": false,
          "Plans": [
            {
              "Node Type": "Aggregate",
              "Strategy": "Plain",
              "Partial Mode": "Partial",
              "Parent Relationship": "Outer",
              "Parallel Aware": false,
              "Startup Cost": 44237.3,
              "Total Cost": 44237.31,
              "Plan Rows": 1,
              "Plan Width": 8,
              "Actual Startup Time": 152.19,
              "Actual Total Time": 152.191,
              "Actual Rows": 1,
              "Actual Loops": 4,
              "Plans": [
                {
                  "Node Type": "Seq Scan",
                  "Parent Relationship": "Outer",
                  "Parallel Aware": true,
                  "Relation Name": "movie_keyword",
                  "Alias": "mk",
                  "Startup Cost": 0.0,
                  "Total Cost": 42695.65,
                  "Plan Rows": 616660,
                  "Plan Width": 0,
                  "Actual Startup Time": 0.075,
                  "Actual Total Time": 125.276,
                  "Actual Rows": 478551,
                  "Actual Loops": 4,
                  "Filter": "(keyword_id < 3295)",
                  "Rows Removed by Filter": 652432
                }
              ]
            }
          ]
        }
      ]
    },
    "Planning Time": 0.126,
    "Triggers": [],
    "Execution Time": 170.37
  }
]