{
  "Plan": {
    "Node Type": "Aggregate",
    "Strategy": "Plain",
    "Partial Mode": "Finalize",
    "Parallel Aware": false,
    "Startup Cost": 234187.7,
    "Total Cost": 234187.71,
    "Plan Rows": 1,
    "Plan Width": 8,
    "Actual Startup Time": 800.954,
    "Actual Total Time": 859.497,
    "Actual Rows": 1,
    "Actual Loops": 1,
    "Plans": [
      {
        "Node Type": "Gather",
        "Parent Relationship": "Outer",
        "Parallel Aware": false,
        "Startup Cost": 234187.59,
        "Total Cost": 234187.7,
        "Plan Rows": 1,
        "Plan Width": 8,
        "Actual Startup Time": 800.39,
        "Actual Total Time": 859.489,
        "Actual Rows": 2,
        "Actual Loops": 1,
        "Workers Planned": 1,
        "Workers Launched": 1,
        "Single Copy": false,
        "Plans": [
          {
            "Node Type": "Aggregate",
            "Strategy": "Plain",
            "Partial Mode": "Partial",
            "Parent Relationship": "Outer",
            "Parallel Aware": false,
            "Startup Cost": 233187.59,
            "Total Cost": 233187.6,
            "Plan Rows": 1,
            "Plan Width": 8,
            "Actual Startup Time": 794.054,
            "Actual Total Time": 794.058,
            "Actual Rows": 1,
            "Actual Loops": 2,
            "Plans": [
              {
                "Node Type": "Nested Loop",
                "Parent Relationship": "Outer",
                "Parallel Aware": false,
                "Join Type": "Inner",
                "Startup Cost": 35471.15,
                "Total Cost": 232374.09,
                "Plan Rows": 325398,
                "Plan Width": 0,
                "Actual Startup Time": 116.893,
                "Actual Total Time": 775.594,
                "Actual Rows": 373150,
                "Actual Loops": 2,
                "Inner Unique": false,
                "Plans": [
                  {
                    "Node Type": "Hash Join",
                    "Parent Relationship": "Outer",
                    "Parallel Aware": true,
                    "Join Type": "Inner",
                    "Startup Cost": 35470.71,
                    "Total Cost": 93927.4,
                    "Plan Rows": 55649,
                    "Plan Width": 8,
                    "Actual Startup Time": 116.827,
                    "Actual Total Time": 361.146,
                    "Actual Rows": 34699,
                    "Actual Loops": 2,
                    "Inner Unique": false,
                    "Hash Cond": "(t.id = mc.movie_id)",
                    "Plans": [
                      {
                        "Node Type": "Seq Scan",
                        "Parent Relationship": "Outer",
                        "Parallel Aware": true,
                        "Relation Name": "title",
                        "Alias": "t",
                        "Startup Cost": 0.0,
                        "Total Cost": 54588.39,
                        "Plan Rows": 566552,
                        "Plan Width": 4,
                        "Actual Startup Time": 0.015,
                        "Actual Total Time": 143.191,
                        "Actual Rows": 485594,
                        "Actual Loops": 2,
                        "Filter": "(production_year < 1999)",
                        "Rows Removed by Filter": 778562
                      },
                      {
                        "Node Type": "Hash",
                        "Parent Relationship": "Inner",
                        "Parallel Aware": true,
                        "Startup Cost": 33644.66,
                        "Total Cost": 33644.66,
                        "Plan Rows": 146084,
                        "Plan Width": 4,
                        "Actual Startup Time": 113.361,
                        "Actual Total Time": 113.362,
                        "Actual Rows": 65866,
                        "Actual Loops": 2,
                        "Hash Buckets": 262144,
                        "Original Hash Buckets": 262144,
                        "Hash Batches": 1,
                        "Original Hash Batches": 1,
                        "Peak Memory Usage": 7232,
                        "Plans": [
                          {
                            "Node Type": "Bitmap Heap Scan",
                            "Parent Relationship": "Outer",
                            "Parallel Aware": true,
                            "Relation Name": "movie_companies",
                            "Alias": "mc",
                            "Startup Cost": 10538.91,
                            "Total Cost": 33644.66,
                            "Plan Rows": 146084,
                            "Plan Width": 4,
                            "Actual Startup Time": 80.196,
                            "Actual Total Time": 100.026,
                            "Actual Rows": 65866,
                            "Actual Loops": 2,
                            "Recheck Cond": "(company_id < 428)",
                            "Rows Removed by Index Recheck": 0,
                            "Filter": "(company_type_id > 1)",
                            "Rows Removed by Filter": 178400,
                            "Exact Heap Blocks": 13380,
                            "Lossy Heap Blocks": 0,
                            "Plans": [
                              {
                                "Node Type": "Bitmap Index Scan",
                                "Parent Relationship": "Outer",
                                "Parallel Aware": false,
                                "Index Name": "company_id_movie_companies",
                                "Startup Cost": 0.0,
                                "Total Cost": 10476.82,
                                "Plan Rows": 489119,
                                "Plan Width": 0,
                                "Actual Startup Time": 37.567,
                                "Actual Total Time": 37.567,
                                "Actual Rows": 488533,
                                "Actual Loops": 1,
                                "Index Cond": "(company_id < 428)"
                              }
                            ]
                          }
                        ]
                      }
                    ]
                  },
                  {
                    "Node Type": "Index Only Scan",
                    "Parent Relationship": "Inner",
                    "Parallel Aware": false,
                    "Scan Direction": "Forward",
                    "Index Name": "movie_id_movie_info",
                    "Relation Name": "movie_info",
                    "Alias": "mi",
                    "Startup Cost": 0.43,
                    "Total Cost": 2.07,
                    "Plan Rows": 42,
                    "Plan Width": 4,
                    "Actual Startup Time": 0.004,
                    "Actual Total Time": 0.011,
                    "Actual Rows": 11,
                    "Actual Loops": 69398,
                    "Index Cond": "(movie_id = t.id)",
                    "Rows Removed by Index Recheck": 0,
                    "Heap Fetches": 746301
                  }
                ]
              }
            ]
          }
        ]
      }
    ]
  },
  "Planning Time": 0.95,
  "Triggers": [],
  "Execution Time": 859.615
}