[
  {
    "Plan": {
      "Node Type": "Aggregate",
      "Strategy": "Plain",
      "Partial Mode": "Finalize",
      "Parallel Aware": false,
      "Startup Cost": 31211.57,
      "Total Cost": 31211.58,
      "Plan Rows": 1,
      "Plan Width": 8,
      "Actual Startup Time": 97.799,
      "Actual Total Time": 103.93,
      "Actual Rows": 1,
      "Actual Loops": 1,
      "Plans": [
        {
          "Node Type": "Gather",
          "Parent Relationship": "Outer",
          "Parallel Aware": false,
          "Startup Cost": 31211.25,
          "Total Cost": 31211.56,
          "Plan Rows": 3,
          "Plan Width": 8,
          "Actual Startup Time": 97.689,
          "Actual Total Time": 103.921,
          "Actual Rows": 4,
          "Actual Loops": 1,
          "Workers Planned": 3,
          "Workers Launched": 3,
          "Single Copy": false,
          "Plans": [
            {
              "Node Type": "Aggregate",
              "Strategy": "Plain",
              "Partial Mode": "Partial",
              "Parent Relationship": "Outer",
              "Parallel Aware": false,
              "Startup Cost": 30211.25,
              "Total Cost": 30211.26,
              "Plan Rows": 1,
              "Plan Width": 8,
              "Actual Startup Time": 89.465,
              "Actual Total Time": 89.466,
              "Actual Rows": 1,
              "Actual Loops": 4,
              "Plans": [
                {
                  "Node Type": "Seq Scan",
                  "Parent Relationship": "Outer",
                  "Parallel Aware": true,
                  "Relation Name": "movie_companies",
                  "Alias": "mc",
                  "Startup Cost": 0.0,
                  "Total Cost": 29310.68,
                  "Plan Rows": 360228,
                  "Plan Width": 0,
                  "Actual Startup Time": 22.673,
                  "Actual Total Time": 77.59,
                  "Actual Rows": 279986,
                  "Actual Loops": 4,
                  "Filter": "(company_id > 13713)",
                  "Rows Removed by Filter": 372296
                }
              ]
            }
          ]
        }
      ]
    },
    "Planning Time": 0.165,
    "Triggers": [],
    "Execution Time": 103.982
  }
]