[
  {
    "Plan": {
      "Node Type": "Aggregate",
      "Strategy": "Plain",
      "Partial Mode": "Finalize",
      "Parallel Aware": false,
      "Startup Cost": 46063.03,
      "Total Cost": 46063.04,
      "Plan Rows": 1,
      "Plan Width": 8,
      "Actual Startup Time": 141.941,
      "Actual Total Time": 147.66,
      "Actual Rows": 1,
      "Actual Loops": 1,
      "Plans": [
        {
          "Node Type": "Gather",
          "Parent Relationship": "Outer",
          "Parallel Aware": false,
          "Startup Cost": 46062.71,
          "Total Cost": 46063.02,
          "Plan Rows": 3,
          "Plan Width": 8,
          "Actual Startup Time": 141.859,
          "Actual Total Time": 147.654,
          "Actual Rows": 4,
          "Actual Loops": 1,
          "Workers Planned": 3,
          "Workers Launched": 3,
          "Single Copy": false,
          "Plans": [
            {
              "Node Type": "Aggregate",
              "Strategy": "Plain",
              "Partial Mode": "Partial",
              "Parent Relationship": "Outer",
              "Parallel Aware": false,
              "Startup Cost": 45062.71,
              "Total Cost": 45062.72,
              "Plan Rows": 1,
              "Plan Width": 8,
              "Actual Startup Time": 138.419,
              "Actual Total Time": 138.42,
              "Actual Rows": 1,
              "Actual Loops": 4,
              "Plans": [
                {
                  "Node Type": "Seq Scan",
                  "Parent Relationship": "Outer",
                  "Parallel Aware": true,
                  "Relation Name": "movie_keyword",
                  "Alias": "mk",
                  "Startup Cost": 0.0,
                  "Total Cost": 42695.65,
                  "Plan Rows": 946824,
                  "Plan Width": 0,
                  "Actual Startup Time": 0.35,
                  "Actual Total Time": 105.93,
                  "Actual Rows": 733232,
                  "Actual Loops": 4,
                  "Filter": "(keyword_id > 2439)",
                  "Rows Removed by Filter": 397750
                }
              ]
            }
          ]
        }
      ]
    },
    "Planning Time": 0.172,
    "Triggers": [],
    "Execution Time": 147.71
  }
]