[
  {
    "Plan": {
      "Node Type": "Aggregate",
      "Strategy": "Plain",
      "Partial Mode": "Finalize",
      "Parallel Aware": false,
      "Startup Cost": 46274.43,
      "Total Cost": 46274.44,
      "Plan Rows": 1,
      "Plan Width": 8,
      "Actual Startup Time": 162.711,
      "Actual Total Time": 170.515,
      "Actual Rows": 1,
      "Actual Loops": 1,
      "Plans": [
        {
          "Node Type": "Gather",
          "Parent Relationship": "Outer",
          "Parallel Aware": false,
          "Startup Cost": 46274.11,
          "Total Cost": 46274.42,
          "Plan Rows": 3,
          "Plan Width": 8,
          "Actual Startup Time": 162.631,
          "Actual Total Time": 170.508,
          "Actual Rows": 4,
          "Actual Loops": 1,
          "Workers Planned": 3,
          "Workers Launched": 3,
          "Single Copy": false,
          "Plans": [
            {
              "Node Type": "Aggregate",
              "Strategy": "Plain",
              "Partial Mode": "Partial",
              "Parent Relationship": "Outer",
              "Parallel Aware": false,
              "Startup Cost": 45274.11,
              "Total Cost": 45274.12,
              "Plan Rows": 1,
              "Plan Width": 8,
              "Actual Startup Time": 154.774,
              "Actual Total Time": 154.775,
              "Actual Rows": 1,
              "Actual Loops": 4,
              "Plans": [
                {
                  "Node Type": "Seq Scan",
                  "Parent Relationship": "Outer",
                  "Parallel Aware": true,
                  "Relation Name": "movie_keyword",
                  "Alias": "mk",
                  "Startup Cost": 0.0,
                  "Total Cost": 42695.65,
                  "Plan Rows": 1031383,
                  "Plan Width": 0,
                  "Actual Startup Time": 0.255,
                  "Actual Total Time": 118.639,
                  "Actual Rows": 794774,
                  "Actual Loops": 4,
                  "Filter": "(keyword_id > 1749)",
                  "Rows Removed by Filter": 336208
                }
              ]
            }
          ]
        }
      ]
    },
    "Planning Time": 0.164,
    "Triggers": [],
    "Execution Time": 170.565
  }
]