[
  {
    "Plan": {
      "Node Type": "Aggregate",
      "Strategy": "Plain",
      "Partial Mode": "Finalize",
      "Parallel Aware": false,
      "Startup Cost": 32970.48,
      "Total Cost": 32970.49,
      "Plan Rows": 1,
      "Plan Width": 8,
      "Actual Startup Time": 105.626,
      "Actual Total Time": 113.55,
      "Actual Rows": 1,
      "Actual Loops": 1,
      "Plans": [
        {
          "Node Type": "Gather",
          "Parent Relationship": "Outer",
          "Parallel Aware": false,
          "Startup Cost": 32970.16,
          "Total Cost": 32970.47,
          "Plan Rows": 3,
          "Plan Width": 8,
          "Actual Startup Time": 105.396,
          "Actual Total Time": 113.543,
          "Actual Rows": 4,
          "Actual Loops": 1,
          "Workers Planned": 3,
          "Workers Launched": 3,
          "Single Copy": false,
          "Plans": [
            {
              "Node Type": "Aggregate",
              "Strategy": "Plain",
              "Partial Mode": "Partial",
              "Parent Relationship": "Outer",
              "Parallel Aware": false,
              "Startup Cost": 31970.16,
              "Total Cost": 31970.17,
              "Plan Rows": 1,
              "Plan Width": 8,
              "Actual Startup Time": 101.735,
              "Actual Total Time": 101.736,
              "Actual Rows": 1,
              "Actual Loops": 4,
              "Plans": [
                {
                  "Node Type": "Bitmap Heap Scan",
                  "Parent Relationship": "Outer",
                  "Parallel Aware": true,
                  "Relation Name": "movie_keyword",
                  "Alias": "mk",
                  "Startup Cost": 6120.24,
                  "Total Cost": 31737.51,
                  "Plan Rows": 93062,
                  "Plan Width": 0,
                  "Actual Startup Time": 38.198,
                  "Actual Total Time": 97.259,
                  "Actual Rows": 70962,
                  "Actual Loops": 4,
                  "Recheck Cond": "(keyword_id < 236)",
                  "Rows Removed by Index Recheck": 0,
                  "Exact Heap Blocks": 12376,
                  "Lossy Heap Blocks": 0,
                  "Plans": [
                    {
                      "Node Type": "Bitmap Index Scan",
                      "Parent Relationship": "Outer",
                      "Parallel Aware": false,
                      "Index Name": "keyword_id_movie_keyword",
                      "Startup Cost": 0.0,
                      "Total Cost": 6048.11,
                      "Plan Rows": 288491,
                      "Plan Width": 0,
                      "Actual Startup Time": 36.592,
                      "Actual Total Time": 36.592,
                      "Actual Rows": 283847,
                      "Actual Loops": 1,
                      "Index Cond": "(keyword_id < 236)"
                    }
                  ]
                }
              ]
            }
          ]
        }
      ]
    },
    "Planning Time": 0.161,
    "Triggers": [],
    "Execution Time": 113.616
  }
]