[
  {
    "Plan": {
      "Node Type": "Aggregate",
      "Strategy": "Plain",
      "Partial Mode": "Finalize",
      "Parallel Aware": false,
      "Startup Cost": 32483.33,
      "Total Cost": 32483.34,
      "Plan Rows": 1,
      "Plan Width": 8,
      "Actual Startup Time": 126.87,
      "Actual Total Time": 135.7,
      "Actual Rows": 1,
      "Actual Loops": 1,
      "Plans": [
        {
          "Node Type": "Gather",
          "Parent Relationship": "Outer",
          "Parallel Aware": false,
          "Startup Cost": 32483.02,
          "Total Cost": 32483.33,
          "Plan Rows": 3,
          "Plan Width": 8,
          "Actual Startup Time": 126.448,
          "Actual Total Time": 135.688,
          "Actual Rows": 4,
          "Actual Loops": 1,
          "Workers Planned": 3,
          "Workers Launched": 3,
          "Single Copy": false,
          "Plans": [
            {
              "Node Type": "Aggregate",
              "Strategy": "Plain",
              "Partial Mode": "Partial",
              "Parent Relationship": "Outer",
              "Parallel Aware": false,
              "Startup Cost": 31483.02,
              "Total Cost": 31483.03,
              "Plan Rows": 1,
              "Plan Width": 8,
              "Actual Startup Time": 116.715,
              "Actual Total Time": 116.717,
              "Actual Rows": 1,
              "Actual Loops": 4,
              "Plans": [
                {
                  "Node Type": "Bitmap Heap Scan",
                  "Parent Relationship": "Outer",
                  "Parallel Aware": true,
                  "Relation Name": "movie_keyword",
                  "Alias": "mk",
                  "Startup Cost": 5723.48,
                  "Total Cost": 31265.43,
                  "Plan Rows": 87036,
                  "Plan Width": 0,
                  "Actual Startup Time": 36.78,
                  "Actual Total Time": 110.034,
                  "Actual Rows": 70962,
                  "Actual Loops": 4,
                  "Recheck Cond": "(keyword_id < 236)",
                  "Rows Removed by Index Recheck": 0,
                  "Exact Heap Blocks": 7128,
                  "Lossy Heap Blocks": 0,
                  "Plans": [
                    {
                      "Node Type": "Bitmap Index Scan",
                      "Parent Relationship": "Outer",
                      "Parallel Aware": false,
                      "Index Name": "keyword_id_movie_keyword",
                      "Startup Cost": 0.0,
                      "Total Cost": 5656.02,
                      "Plan Rows": 269812,
                      "Plan Width": 0,
                      "Actual Startup Time": 39.942,
                      "Actual Total Time": 39.943,
                      "Actual Rows": 283847,
                      "Actual Loops": 1,
                      "Index Cond": "(keyword_id < 236)"
                    }
                  ]
                }
              ]
            }
          ]
        }
      ]
    },
    "Planning Time": 0.166,
    "Triggers": [],
    "Execution Time": 135.772
  }
]