{
  "Plan": {
    "Node Type": "Aggregate",
    "Strategy": "Plain",
    "Partial Mode": "Simple",
    "Parallel Aware": false,
    "Startup Cost": 3323.87,
    "Total Cost": 3323.88,
    "Plan Rows": 1,
    "Plan Width": 8,
    "Actual Startup Time": 30.625,
    "Actual Total Time": 30.627,
    "Actual Rows": 1,
    "Actual Loops": 1,
    "Plans": [
      {
        "Node Type": "Nested Loop",
        "Parent Relationship": "Outer",
        "Parallel Aware": false,
        "Join Type": "Inner",
        "Startup Cost": 7.35,
        "Total Cost": 3323.69,
        "Plan Rows": 72,
        "Plan Width": 0,
        "Actual Startup Time": 0.593,
        "Actual Total Time": 30.553,
        "Actual Rows": 303,
        "Actual Loops": 1,
        "Inner Unique": false,
        "Plans": [
          {
            "Node Type": "Nested Loop",
            "Parent Relationship": "Outer",
            "Parallel Aware": false,
            "Join Type": "Inner",
            "Startup Cost": 6.78,
            "Total Cost": 3006.58,
            "Plan Rows": 118,
            "Plan Width": 8,
            "Actual Startup Time": 0.361,
            "Actual Total Time": 3.455,
            "Actual Rows": 162,
            "Actual Loops": 1,
            "Inner Unique": true,
            "Plans": [
              {
                "Node Type": "Bitmap Heap Scan",
                "Parent Relationship": "Outer",
                "Parallel Aware": false,
                "Relation Name": "movie_keyword",
                "Alias": "mk",
                "Startup Cost": 6.35,
                "Total Cost": 922.98,
                "Plan Rows": 248,
                "Plan Width": 4,
                "Actual Startup Time": 0.308,
                "Actual Total Time": 1.082,
                "Actual Rows": 276,
                "Actual Loops": 1,
                "Recheck Cond": "(keyword_id = 1747)",
                "Rows Removed by Index Recheck": 0,
                "Exact Heap Blocks": 253,
                "Lossy Heap Blocks": 0,
                "Plans": [
                  {
                    "Node Type": "Bitmap Index Scan",
                    "Parent Relationship": "Outer",
                    "Parallel Aware": false,
                    "Index Name": "keyword_id_movie_keyword",
                    "Startup Cost": 0.0,
                    "Total Cost": 6.29,
                    "Plan Rows": 248,
                    "Plan Width": 0,
                    "Actual Startup Time": 0.215,
                    "Actual Total Time": 0.216,
                    "Actual Rows": 276,
                    "Actual Loops": 1,
                    "Index Cond": "(keyword_id = 1747)"
                  }
                ]
              },
              {
                "Node Type": "Index Scan",
                "Parent Relationship": "Inner",
                "Parallel Aware": false,
                "Scan Direction": "Forward",
                "Index Name": "title_pkey",
                "Relation Name": "title",
                "Alias": "t",
                "Startup Cost": 0.43,
                "Total Cost": 8.4,
                "Plan Rows": 1,
                "Plan Width": 4,
                "Actual Startup Time": 0.008,
                "Actual Total Time": 0.008,
                "Actual Rows": 1,
                "Actual Loops": 276,
                "Index Cond": "(id = mk.movie_id)",
                "Rows Removed by Index Recheck": 0,
                "Filter": "(production_year > 2003)",
                "Rows Removed by Filter": 0
              }
            ]
          },
          {
            "Node Type": "Index Scan",
            "Parent Relationship": "Inner",
            "Parallel Aware": false,
            "Scan Direction": "Forward",
            "Index Name": "movie_id_cast_info",
            "Relation Name": "cast_info",
            "Alias": "ci",
            "Startup Cost": 0.56,
            "Total Cost": 2.67,
            "Plan Rows": 2,
            "Plan Width": 4,
            "Actual Startup Time": 0.108,
            "Actual Total Time": 0.166,
            "Actual Rows": 2,
            "Actual Loops": 162,
            "Index Cond": "(movie_id = t.id)",
            "Rows Removed by Index Recheck": 0,
            "Filter": "((person_id < 231661) AND (role_id > 1))",
            "Rows Removed by Filter": 70
          }
        ]
      }
    ]
  },
  "Planning Time": 1.099,
  "Triggers": [],
  "Execution Time": 30.715
}