{
  "Plan": {
    "Node Type": "Aggregate",
    "Strategy": "Plain",
    "Partial Mode": "Finalize",
    "Parallel Aware": false,
    "Startup Cost": 155423.47,
    "Total Cost": 155423.48,
    "Plan Rows": 1,
    "Plan Width": 8,
    "Actual Startup Time": 850.284,
    "Actual Total Time": 871.71,
    "Actual Rows": 1,
    "Actual Loops": 1,
    "Plans": [
      {
        "Node Type": "Gather",
        "Parent Relationship": "Outer",
        "Parallel Aware": false,
        "Startup Cost": 155423.36,
        "Total Cost": 155423.47,
        "Plan Rows": 1,
        "Plan Width": 8,
        "Actual Startup Time": 846.337,
        "Actual Total Time": 871.703,
        "Actual Rows": 2,
        "Actual Loops": 1,
        "Workers Planned": 1,
        "Workers Launched": 1,
        "Single Copy": false,
        "Plans": [
          {
            "Node Type": "Aggregate",
            "Strategy": "Plain",
            "Partial Mode": "Partial",
            "Parent Relationship": "Outer",
            "Parallel Aware": false,
            "Startup Cost": 154423.36,
            "Total Cost": 154423.37,
            "Plan Rows": 1,
            "Plan Width": 8,
            "Actual Startup Time": 840.239,
            "Actual Total Time": 840.246,
            "Actual Rows": 1,
            "Actual Loops": 2,
            "Plans": [
              {
                "Node Type": "Hash Join",
                "Parent Relationship": "Outer",
                "Parallel Aware": true,
                "Join Type": "Inner",
                "Startup Cost": 89339.49,
                "Total Cost": 153647.95,
                "Plan Rows": 310163,
                "Plan Width": 0,
                "Actual Startup Time": 551.146,
                "Actual Total Time": 831.345,
                "Actual Rows": 228645,
                "Actual Loops": 2,
                "Inner Unique": false,
                "Hash Cond": "(mk.movie_id = t.id)",
                "Plans": [
                  {
                    "Node Type": "Seq Scan",
                    "Parent Relationship": "Outer",
                    "Parallel Aware": true,
                    "Relation Name": "movie_keyword",
                    "Alias": "mk",
                    "Startup Cost": 0.0,
                    "Total Cost": 57718.19,
                    "Plan Rows": 1270873,
                    "Plan Width": 4,
                    "Actual Startup Time": 0.489,
                    "Actual Total Time": 179.748,
                    "Actual Rows": 1079864,
                    "Actual Loops": 2,
                    "Filter": "(keyword_id > 5329)",
                    "Rows Removed by Filter": 1182102
                  },
                  {
                    "Node Type": "Hash",
                    "Parent Relationship": "Inner",
                    "Parallel Aware": true,
                    "Startup Cost": 84802.42,
                    "Total Cost": 84802.42,
                    "Plan Rows": 362966,
                    "Plan Width": 8,
                    "Actual Startup Time": 541.237,
                    "Actual Total Time": 541.242,
                    "Actual Rows": 166629,
                    "Actual Loops": 2,
                    "Hash Buckets": 1048576,
                    "Original Hash Buckets": 1048576,
                    "Hash Batches": 1,
                    "Original Hash Batches": 1,
                    "Peak Memory Usage": 21248,
                    "Plans": [
                      {
                        "Node Type": "Hash Join",
                        "Parent Relationship": "Outer",
                        "Parallel Aware": true,
                        "Join Type": "Inner",
                        "Startup Cost": 66618.63,
                        "Total Cost": 84802.42,
                        "Plan Rows": 362966,
                        "Plan Width": 8,
                        "Actual Startup Time": 339.875,
                        "Actual Total Time": 503.432,
                        "Actual Rows": 166629,
                        "Actual Loops": 2,
                        "Inner Unique": true,
                        "Hash Cond": "(mi_idx.movie_id = t.id)",
                        "Plans": [
                          {
                            "Node Type": "Seq Scan",
                            "Parent Relationship": "Outer",
                            "Parallel Aware": true,
                            "Relation Name": "movie_info_idx",
                            "Alias": "mi_idx",
                            "Startup Cost": 0.0,
                            "Total Cost": 16052.85,
                            "Plan Rows": 811785,
                            "Plan Width": 4,
                            "Actual Startup Time": 0.019,
                            "Actual Total Time": 47.721,
                            "Actual Rows": 690018,
                            "Actual Loops": 2
                          },
                          {
                            "Node Type": "Hash",
                            "Parent Relationship": "Inner",
                            "Parallel Aware": true,
                            "Startup Cost": 58306.47,
                            "Total Cost": 58306.47,
                            "Plan Rows": 664973,
                            "Plan Width": 4,
                            "Actual Startup Time": 330.166,
                            "Actual Total Time": 330.167,
                            "Actual Rows": 612337,
                            "Actual Loops": 2,
                            "Hash Buckets": 2097152,
                            "Original Hash Buckets": 2097152,
                            "Hash Batches": 1,
                            "Original Hash Batches": 1,
                            "Peak Memory Usage": 64320,
                            "Plans": [
                              {
                                "Node Type": "Seq Scan",
                                "Parent Relationship": "Outer",
                                "Parallel Aware": true,
                                "Relation Name": "title",
                                "Alias": "t",
                                "Startup Cost": 0.0,
                                "Total Cost": 58306.47,
                                "Plan Rows": 664973,
                                "Plan Width": 4,
                                "Actual Startup Time": 0.051,
                                "Actual Total Time": 163.13,
                                "Actual Rows": 612337,
                                "Actual Loops": 2,
                                "Filter": "((production_year > 1985) AND (kind_id = 7))",
                                "Rows Removed by Filter": 651819
                              }
                            ]
                          }
                        ]
                      }
                    ]
                  }
                ]
              }
            ]
          }
        ]
      }
    ]
  },
  "Planning Time": 1.113,
  "Triggers": [],
  "Execution Time": 871.799
}