[
  {
    "Plan": {
      "Node Type": "Aggregate",
      "Strategy": "Plain",
      "Partial Mode": "Finalize",
      "Parallel Aware": false,
      "Startup Cost": 350438.2,
      "Total Cost": 350438.21,
      "Plan Rows": 1,
      "Plan Width": 8,
      "Actual Startup Time": 833.906,
      "Actual Total Time": 892.328,
      "Actual Rows": 1,
      "Actual Loops": 1,
      "Plans": [
        {
          "Node Type": "Gather",
          "Parent Relationship": "Outer",
          "Parallel Aware": false,
          "Startup Cost": 350437.58,
          "Total Cost": 350438.19,
          "Plan Rows": 6,
          "Plan Width": 8,
          "Actual Startup Time": 833.809,
          "Actual Total Time": 892.319,
          "Actual Rows": 7,
          "Actual Loops": 1,
          "Workers Planned": 6,
          "Workers Launched": 6,
          "Single Copy": false,
          "Plans": [
            {
              "Node Type": "Aggregate",
              "Strategy": "Plain",
              "Partial Mode": "Partial",
              "Parent Relationship": "Outer",
              "Parallel Aware": false,
              "Startup Cost": 349437.58,
              "Total Cost": 349437.59,
              "Plan Rows": 1,
              "Plan Width": 8,
              "Actual Startup Time": 823.681,
              "Actual Total Time": 823.682,
              "Actual Rows": 1,
              "Actual Loops": 7,
              "Plans": [
                {
                  "Node Type": "Seq Scan",
                  "Parent Relationship": "Outer",
                  "Parallel Aware": true,
                  "Relation Name": "cast_info",
                  "Alias": "ci",
                  "Startup Cost": 0.0,
                  "Total Cost": 343257.03,
                  "Plan Rows": 2472220,
                  "Plan Width": 0,
                  "Actual Startup Time": 366.306,
                  "Actual Total Time": 721.094,
                  "Actual Rows": 2160114,
                  "Actual Loops": 7,
                  "Filter": "((person_id > 340833) AND (role_id > 2))",
                  "Rows Removed by Filter": 3017649
                }
              ]
            }
          ]
        }
      ]
    },
    "Planning Time": 0.201,
    "Triggers": [],
    "Execution Time": 892.393
  }
]