[
  {
    "Plan": {
      "Node Type": "Aggregate",
      "Strategy": "Plain",
      "Partial Mode": "Finalize",
      "Parallel Aware": false,
      "Startup Cost": 44621.15,
      "Total Cost": 44621.16,
      "Plan Rows": 1,
      "Plan Width": 8,
      "Actual Startup Time": 123.652,
      "Actual Total Time": 135.159,
      "Actual Rows": 1,
      "Actual Loops": 1,
      "Plans": [
        {
          "Node Type": "Gather",
          "Parent Relationship": "Outer",
          "Parallel Aware": false,
          "Startup Cost": 44620.84,
          "Total Cost": 44621.15,
          "Plan Rows": 3,
          "Plan Width": 8,
          "Actual Startup Time": 123.498,
          "Actual Total Time": 135.144,
          "Actual Rows": 4,
          "Actual Loops": 1,
          "Workers Planned": 3,
          "Workers Launched": 3,
          "Single Copy": false,
          "Plans": [
            {
              "Node Type": "Aggregate",
              "Strategy": "Plain",
              "Partial Mode": "Partial",
              "Parent Relationship": "Outer",
              "Parallel Aware": false,
              "Startup Cost": 43620.84,
              "Total Cost": 43620.85,
              "Plan Rows": 1,
              "Plan Width": 8,
              "Actual Startup Time": 118.206,
              "Actual Total Time": 118.208,
              "Actual Rows": 1,
              "Actual Loops": 4,
              "Plans": [
                {
                  "Node Type": "Seq Scan",
                  "Parent Relationship": "Outer",
                  "Parallel Aware": true,
                  "Relation Name": "movie_keyword",
                  "Alias": "mk",
                  "Startup Cost": 0.0,
                  "Total Cost": 42695.65,
                  "Plan Rows": 370073,
                  "Plan Width": 0,
                  "Actual Startup Time": 1.128,
                  "Actual Total Time": 104.363,
                  "Actual Rows": 287216,
                  "Actual Loops": 4,
                  "Filter": "(keyword_id > 16203)",
                  "Rows Removed by Filter": 843766
                }
              ]
            }
          ]
        }
      ]
    },
    "Planning Time": 0.114,
    "Triggers": [],
    "Execution Time": 135.191
  }
]