[
  {
    "Plan": {
      "Node Type": "Aggregate",
      "Strategy": "Plain",
      "Partial Mode": "Finalize",
      "Parallel Aware": false,
      "Startup Cost": 45197.68,
      "Total Cost": 45197.69,
      "Plan Rows": 1,
      "Plan Width": 8,
      "Actual Startup Time": 134.68,
      "Actual Total Time": 144.214,
      "Actual Rows": 1,
      "Actual Loops": 1,
      "Plans": [
        {
          "Node Type": "Gather",
          "Parent Relationship": "Outer",
          "Parallel Aware": false,
          "Startup Cost": 45197.37,
          "Total Cost": 45197.68,
          "Plan Rows": 3,
          "Plan Width": 8,
          "Actual Startup Time": 134.563,
          "Actual Total Time": 144.205,
          "Actual Rows": 4,
          "Actual Loops": 1,
          "Workers Planned": 3,
          "Workers Launched": 3,
          "Single Copy": false,
          "Plans": [
            {
              "Node Type": "Aggregate",
              "Strategy": "Plain",
              "Partial Mode": "Partial",
              "Parent Relationship": "Outer",
              "Parallel Aware": false,
              "Startup Cost": 44197.37,
              "Total Cost": 44197.38,
              "Plan Rows": 1,
              "Plan Width": 8,
              "Actual Startup Time": 130.148,
              "Actual Total Time": 130.149,
              "Actual Rows": 1,
              "Actual Loops": 4,
              "Plans": [
                {
                  "Node Type": "Seq Scan",
                  "Parent Relationship": "Outer",
                  "Parallel Aware": true,
                  "Relation Name": "movie_keyword",
                  "Alias": "mk",
                  "Startup Cost": 0.0,
                  "Total Cost": 42695.65,
                  "Plan Rows": 600685,
                  "Plan Width": 0,
                  "Actual Startup Time": 0.679,
                  "Actual Total Time": 108.733,
                  "Actual Rows": 465984,
                  "Actual Loops": 4,
                  "Filter": "(keyword_id > 7396)",
                  "Rows Removed by Filter": 664999
                }
              ]
            }
          ]
        }
      ]
    },
    "Planning Time": 0.183,
    "Triggers": [],
    "Execution Time": 144.277
  }
]