[
    {
        "Bao": {
            "Bao prediction": "NaN",
            "Bao recommended hint": "(no hint)"
        }
    },
    {
        "Plan": {
            "Node Type": "Aggregate",
            "Strategy": "Plain",
            "Partial Mode": "Finalize",
            "Parallel Aware": false,
            "Startup Cost": 40478.7,
            "Total Cost": 40478.71,
            "Plan Rows": 1,
            "Plan Width": 8,
            "Actual Startup Time": 126.348,
            "Actual Total Time": 134.266,
            "Actual Rows": 1,
            "Actual Loops": 1,
            "Output": [
                "count(*)"
            ],
            "Plans": [
                {
                    "Node Type": "Gather",
                    "Parent Relationship": "Outer",
                    "Parallel Aware": false,
                    "Startup Cost": 40478.38,
                    "Total Cost": 40478.69,
                    "Plan Rows": 3,
                    "Plan Width": 8,
                    "Actual Startup Time": 126.082,
                    "Actual Total Time": 134.259,
                    "Actual Rows": 4,
                    "Actual Loops": 1,
                    "Output": [
                        "(PARTIAL count(*))"
                    ],
                    "Workers Planned": 3,
                    "Workers Launched": 3,
                    "Single Copy": false,
                    "Plans": [
                        {
                            "Node Type": "Aggregate",
                            "Strategy": "Plain",
                            "Partial Mode": "Partial",
                            "Parent Relationship": "Outer",
                            "Parallel Aware": false,
                            "Startup Cost": 39478.38,
                            "Total Cost": 39478.39,
                            "Plan Rows": 1,
                            "Plan Width": 8,
                            "Actual Startup Time": 117.748,
                            "Actual Total Time": 117.749,
                            "Actual Rows": 1,
                            "Actual Loops": 4,
                            "Output": [
                                "PARTIAL count(*)"
                            ],
                            "Workers": [
                                {
                                    "Worker Number": 0,
                                    "Actual Startup Time": 114.776,
                                    "Actual Total Time": 114.777,
                                    "Actual Rows": 1,
                                    "Actual Loops": 1
                                },
                                {
                                    "Worker Number": 1,
                                    "Actual Startup Time": 115.023,
                                    "Actual Total Time": 115.024,
                                    "Actual Rows": 1,
                                    "Actual Loops": 1
                                },
                                {
                                    "Worker Number": 2,
                                    "Actual Startup Time": 115.389,
                                    "Actual Total Time": 115.391,
                                    "Actual Rows": 1,
                                    "Actual Loops": 1
                                }
                            ],
                            "Plans": [
                                {
                                    "Node Type": "Bitmap Heap Scan",
                                    "Parent Relationship": "Outer",
                                    "Parallel Aware": true,
                                    "Relation Name": "movie_keyword",
                                    "Schema": "public",
                                    "Alias": "mk",
                                    "Startup Cost": 12233.88,
                                    "Total Cost": 39013.3,
                                    "Plan Rows": 186033,
                                    "Plan Width": 0,
                                    "Actual Startup Time": 31.171,
                                    "Actual Total Time": 109.197,
                                    "Actual Rows": 143145,
                                    "Actual Loops": 4,
                                    "Recheck Cond": "(mk.keyword_id > 32106)",
                                    "Rows Removed by Index Recheck": 0,
                                    "Exact Heap Blocks": 10903,
                                    "Lossy Heap Blocks": 0,
                                    "Workers": [
                                        {
                                            "Worker Number": 0,
                                            "Actual Startup Time": 28.122,
                                            "Actual Total Time": 106.65,
                                            "Actual Rows": 93956,
                                            "Actual Loops": 1
                                        },
                                        {
                                            "Worker Number": 1,
                                            "Actual Startup Time": 28.746,
                                            "Actual Total Time": 107.463,
                                            "Actual Rows": 117392,
                                            "Actual Loops": 1
                                        },
                                        {
                                            "Worker Number": 2,
                                            "Actual Startup Time": 29.089,
                                            "Actual Total Time": 107.285,
                                            "Actual Rows": 93887,
                                            "Actual Loops": 1
                                        }
                                    ],
                                    "Plans": [
                                        {
                                            "Node Type": "Bitmap Index Scan",
                                            "Parent Relationship": "Outer",
                                            "Parallel Aware": false,
                                            "Index Name": "keyword_id_movie_keyword",
                                            "Startup Cost": 0.0,
                                            "Total Cost": 12089.7,
                                            "Plan Rows": 576703,
                                            "Plan Width": 0,
                                            "Actual Startup Time": 35.371,
                                            "Actual Total Time": 35.372,
                                            "Actual Rows": 572580,
                                            "Actual Loops": 1,
                                            "Index Cond": "(mk.keyword_id > 32106)"
                                        }
                                    ]
                                }
                            ]
                        }
                    ]
                }
            ]
        },
        "Planning Time": 188.108,
        "Triggers": [],
        "Execution Time": 134.317
    }
]