[
  {
    "Plan": {
      "Node Type": "Aggregate",
      "Strategy": "Plain",
      "Partial Mode": "Finalize",
      "Parallel Aware": false,
      "Startup Cost": 23325.53,
      "Total Cost": 23325.54,
      "Plan Rows": 1,
      "Plan Width": 8,
      "Actual Startup Time": 34.278,
      "Actual Total Time": 41.519,
      "Actual Rows": 1,
      "Actual Loops": 1,
      "Plans": [
        {
          "Node Type": "Gather",
          "Parent Relationship": "Outer",
          "Parallel Aware": false,
          "Startup Cost": 23325.42,
          "Total Cost": 23325.53,
          "Plan Rows": 1,
          "Plan Width": 8,
          "Actual Startup Time": 34.145,
          "Actual Total Time": 41.513,
          "Actual Rows": 2,
          "Actual Loops": 1,
          "Workers Planned": 1,
          "Workers Launched": 1,
          "Single Copy": false,
          "Plans": [
            {
              "Node Type": "Aggregate",
              "Strategy": "Plain",
              "Partial Mode": "Partial",
              "Parent Relationship": "Outer",
              "Parallel Aware": false,
              "Startup Cost": 22325.42,
              "Total Cost": 22325.43,
              "Plan Rows": 1,
              "Plan Width": 8,
              "Actual Startup Time": 31.235,
              "Actual Total Time": 31.236,
              "Actual Rows": 1,
              "Actual Loops": 2,
              "Plans": [
                {
                  "Node Type": "Nested Loop",
                  "Parent Relationship": "Outer",
                  "Parallel Aware": false,
                  "Join Type": "Inner",
                  "Startup Cost": 62.19,
                  "Total Cost": 22322.99,
                  "Plan Rows": 971,
                  "Plan Width": 0,
                  "Actual Startup Time": 1.901,
                  "Actual Total Time": 30.944,
                  "Actual Rows": 1704,
                  "Actual Loops": 2,
                  "Inner Unique": false,
                  "Plans": [
                    {
                      "Node Type": "Nested Loop",
                      "Parent Relationship": "Outer",
                      "Parallel Aware": false,
                      "Join Type": "Inner",
                      "Startup Cost": 61.75,
                      "Total Cost": 19726.69,
                      "Plan Rows": 1586,
                      "Plan Width": 8,
                      "Actual Startup Time": 1.751,
                      "Actual Total Time": 12.685,
                      "Actual Rows": 1217,
                      "Actual Loops": 2,
                      "Inner Unique": true,
                      "Plans": [
                        {
                          "Node Type": "Bitmap Heap Scan",
                          "Parent Relationship": "Outer",
                          "Parallel Aware": true,
                          "Relation Name": "movie_companies",
                          "Alias": "mc",
                          "Startup Cost": 61.32,
                          "Total Cost": 7383.15,
                          "Plan Rows": 1586,
                          "Plan Width": 4,
                          "Actual Startup Time": 1.662,
                          "Actual Total Time": 4.208,
                          "Actual Rows": 1217,
                          "Actual Loops": 2,
                          "Recheck Cond": "(company_id = 13114)",
                          "Rows Removed by Index Recheck": 0,
                          "Exact Heap Blocks": 697,
                          "Lossy Heap Blocks": 0,
                          "Plans": [
                            {
                              "Node Type": "Bitmap Index Scan",
                              "Parent Relationship": "Outer",
                              "Parallel Aware": false,
                              "Index Name": "company_id_movie_companies",
                              "Startup Cost": 0.0,
                              "Total Cost": 60.65,
                              "Plan Rows": 2696,
                              "Plan Width": 0,
                              "Actual Startup Time": 2.811,
                              "Actual Total Time": 2.811,
                              "Actual Rows": 2434,
                              "Actual Loops": 1,
                              "Index Cond": "(company_id = 13114)"
                            }
                          ]
                        },
                        {
                          "Node Type": "Index Only Scan",
                          "Parent Relationship": "Inner",
                          "Parallel Aware": false,
                          "Scan Direction": "Forward",
                          "Index Name": "title_pkey",
                          "Relation Name": "title",
                          "Alias": "t",
                          "Startup Cost": 0.43,
                          "Total Cost": 7.78,
                          "Plan Rows": 1,
                          "Plan Width": 4,
                          "Actual Startup Time": 0.006,
                          "Actual Total Time": 0.006,
                          "Actual Rows": 1,
                          "Actual Loops": 2434,
                          "Index Cond": "(id = mc.movie_id)",
                          "Rows Removed by Index Recheck": 0,
                          "Heap Fetches": 2434
                        }
                      ]
                    },
                    {
                      "Node Type": "Index Scan",
                      "Parent Relationship": "Inner",
                      "Parallel Aware": false,
                      "Scan Direction": "Forward",
                      "Index Name": "movie_id_movie_info",
                      "Relation Name": "movie_info",
                      "Alias": "mi",
                      "Startup Cost": 0.43,
                      "Total Cost": 1.6,
                      "Plan Rows": 4,
                      "Plan Width": 4,
                      "Actual Startup Time": 0.014,
                      "Actual Total Time": 0.014,
                      "Actual Rows": 1,
                      "Actual Loops": 2434,
                      "Index Cond": "(movie_id = t.id)",
                      "Rows Removed by Index Recheck": 0,
                      "Filter": "(info_type_id = 3)",
                      "Rows Removed by Filter": 5
                    }
                  ]
                }
              ]
            }
          ]
        }
      ]
    },
    "Planning Time": 1.388,
    "Triggers": [],
    "Execution Time": 41.612
  }
]