[
  {
    "Plan": {
      "Node Type": "Aggregate",
      "Strategy": "Plain",
      "Partial Mode": "Finalize",
      "Parallel Aware": false,
      "Startup Cost": 346858.43,
      "Total Cost": 346858.44,
      "Plan Rows": 1,
      "Plan Width": 8,
      "Actual Startup Time": 632.51,
      "Actual Total Time": 695.817,
      "Actual Rows": 1,
      "Actual Loops": 1,
      "Plans": [
        {
          "Node Type": "Gather",
          "Parent Relationship": "Outer",
          "Parallel Aware": false,
          "Startup Cost": 346857.8,
          "Total Cost": 346858.41,
          "Plan Rows": 6,
          "Plan Width": 8,
          "Actual Startup Time": 632.419,
          "Actual Total Time": 695.808,
          "Actual Rows": 7,
          "Actual Loops": 1,
          "Workers Planned": 6,
          "Workers Launched": 6,
          "Single Copy": false,
          "Plans": [
            {
              "Node Type": "Aggregate",
              "Strategy": "Plain",
              "Partial Mode": "Partial",
              "Parent Relationship": "Outer",
              "Parallel Aware": false,
              "Startup Cost": 345857.8,
              "Total Cost": 345857.82,
              "Plan Rows": 1,
              "Plan Width": 8,
              "Actual Startup Time": 624.653,
              "Actual Total Time": 624.654,
              "Actual Rows": 1,
              "Actual Loops": 7,
              "Plans": [
                {
                  "Node Type": "Seq Scan",
                  "Parent Relationship": "Outer",
                  "Parallel Aware": true,
                  "Relation Name": "cast_info",
                  "Alias": "ci",
                  "Startup Cost": 0.0,
                  "Total Cost": 343257.03,
                  "Plan Rows": 1040310,
                  "Plan Width": 0,
                  "Actual Startup Time": 334.04,
                  "Actual Total Time": 601.305,
                  "Actual Rows": 548045,
                  "Actual Loops": 7,
                  "Filter": "((person_id < 1361641) AND (role_id > 2))",
                  "Rows Removed by Filter": 4629718
                }
              ]
            }
          ]
        }
      ]
    },
    "Planning Time": 0.287,
    "Triggers": [],
    "Execution Time": 695.895
  }
]