[
  {
    "Plan": {
      "Node Type": "Aggregate",
      "Strategy": "Plain",
      "Partial Mode": "Finalize",
      "Parallel Aware": false,
      "Startup Cost": 46595.25,
      "Total Cost": 46595.26,
      "Plan Rows": 1,
      "Plan Width": 8,
      "Actual Startup Time": 166.593,
      "Actual Total Time": 175.396,
      "Actual Rows": 1,
      "Actual Loops": 1,
      "Plans": [
        {
          "Node Type": "Gather",
          "Parent Relationship": "Outer",
          "Parallel Aware": false,
          "Startup Cost": 46594.93,
          "Total Cost": 46595.24,
          "Plan Rows": 3,
          "Plan Width": 8,
          "Actual Startup Time": 166.504,
          "Actual Total Time": 175.389,
          "Actual Rows": 4,
          "Actual Loops": 1,
          "Workers Planned": 3,
          "Workers Launched": 3,
          "Single Copy": false,
          "Plans": [
            {
              "Node Type": "Aggregate",
              "Strategy": "Plain",
              "Partial Mode": "Partial",
              "Parent Relationship": "Outer",
              "Parallel Aware": false,
              "Startup Cost": 45594.93,
              "Total Cost": 45594.94,
              "Plan Rows": 1,
              "Plan Width": 8,
              "Actual Startup Time": 162.371,
              "Actual Total Time": 162.372,
              "Actual Rows": 1,
              "Actual Loops": 4,
              "Plans": [
                {
                  "Node Type": "Seq Scan",
                  "Parent Relationship": "Outer",
                  "Parallel Aware": true,
                  "Relation Name": "movie_keyword",
                  "Alias": "mk",
                  "Startup Cost": 0.0,
                  "Total Cost": 42695.65,
                  "Plan Rows": 1159712,
                  "Plan Width": 0,
                  "Actual Startup Time": 0.033,
                  "Actual Total Time": 121.386,
                  "Actual Rows": 898183,
                  "Actual Loops": 4,
                  "Filter": "(keyword_id < 20321)",
                  "Rows Removed by Filter": 232800
                }
              ]
            }
          ]
        }
      ]
    },
    "Planning Time": 0.114,
    "Triggers": [],
    "Execution Time": 175.431
  }
]