[
  {
    "Plan": {
      "Node Type": "Aggregate",
      "Strategy": "Plain",
      "Partial Mode": "Finalize",
      "Parallel Aware": false,
      "Startup Cost": 596141.26,
      "Total Cost": 596141.27,
      "Plan Rows": 1,
      "Plan Width": 8,
      "Actual Startup Time": 2961.817,
      "Actual Total Time": 3054.206,
      "Actual Rows": 1,
      "Actual Loops": 1,
      "Plans": [
        {
          "Node Type": "Gather",
          "Parent Relationship": "Outer",
          "Parallel Aware": false,
          "Startup Cost": 596140.74,
          "Total Cost": 596141.25,
          "Plan Rows": 5,
          "Plan Width": 8,
          "Actual Startup Time": 2945.517,
          "Actual Total Time": 3054.192,
          "Actual Rows": 6,
          "Actual Loops": 1,
          "Workers Planned": 5,
          "Workers Launched": 5,
          "Single Copy": false,
          "Plans": [
            {
              "Node Type": "Aggregate",
              "Strategy": "Plain",
              "Partial Mode": "Partial",
              "Parent Relationship": "Outer",
              "Parallel Aware": false,
              "Startup Cost": 595140.74,
              "Total Cost": 595140.75,
              "Plan Rows": 1,
              "Plan Width": 8,
              "Actual Startup Time": 2935.143,
              "Actual Total Time": 2935.148,
              "Actual Rows": 1,
              "Actual Loops": 6,
              "Plans": [
                {
                  "Node Type": "Hash Join",
                  "Parent Relationship": "Outer",
                  "Parallel Aware": true,
                  "Join Type": "Inner",
                  "Startup Cost": 384840.05,
                  "Total Cost": 590549.18,
                  "Plan Rows": 1836626,
                  "Plan Width": 0,
                  "Actual Startup Time": 1309.526,
                  "Actual Total Time": 2738.237,
                  "Actual Rows": 5028326,
                  "Actual Loops": 6,
                  "Inner Unique": false,
                  "Hash Cond": "(mi.movie_id = t.id)",
                  "Plans": [
                    {
                      "Node Type": "Seq Scan",
                      "Parent Relationship": "Outer",
                      "Parallel Aware": true,
                      "Relation Name": "movie_info",
                      "Alias": "mi",
                      "Startup Cost": 0.0,
                      "Total Cost": 191560.33,
                      "Plan Rows": 2956733,
                      "Plan Width": 4,
                      "Actual Startup Time": 0.024,
                      "Actual Total Time": 296.027,
                      "Actual Rows": 2472620,
                      "Actual Loops": 6
                    },
                    {
                      "Node Type": "Hash",
                      "Parent Relationship": "Inner",
                      "Parallel Aware": true,
                      "Startup Cost": 381568.19,
                      "Total Cost": 381568.19,
                      "Plan Rows": 261749,
                      "Plan Width": 8,
                      "Actual Startup Time": 1302.955,
                      "Actual Total Time": 1302.959,
                      "Actual Rows": 262883,
                      "Actual Loops": 6,
                      "Hash Buckets": 2097152,
                      "Original Hash Buckets": 2097152,
                      "Hash Batches": 1,
                      "Original Hash Batches": 1,
                      "Peak Memory Usage": 78208,
                      "Plans": [
                        {
                          "Node Type": "Hash Join",
                          "Parent Relationship": "Outer",
                          "Parallel Aware": true,
                          "Join Type": "Inner",
                          "Startup Cost": 46236.25,
                          "Total Cost": 381568.19,
                          "Plan Rows": 261749,
                          "Plan Width": 8,
                          "Actual Startup Time": 442.052,
                          "Actual Total Time": 1195.597,
                          "Actual Rows": 262883,
                          "Actual Loops": 6,
                          "Inner Unique": true,
                          "Hash Cond": "(ci.movie_id = t.id)",
                          "Plans": [
                            {
                              "Node Type": "Seq Scan",
                              "Parent Relationship": "Outer",
                              "Parallel Aware": true,
                              "Relation Name": "cast_info",
                              "Alias": "ci",
                              "Startup Cost": 0.0,
                              "Total Cost": 328162.03,
                              "Plan Rows": 2731391,
                              "Plan Width": 4,
                              "Actual Startup Time": 331.625,
                              "Actual Total Time": 676.047,
                              "Actual Rows": 2686947,
                              "Actual Loops": 6,
                              "Filter": "(role_id > 2)",
                              "Rows Removed by Filter": 3353777
                            },
                            {
                              "Node Type": "Hash",
                              "Parent Relationship": "Inner",
                              "Parallel Aware": true,
                              "Startup Cost": 45479.1,
                              "Total Cost": 45479.1,
                              "Plan Rows": 60572,
                              "Plan Width": 4,
                              "Actual Startup Time": 109.923,
                              "Actual Total Time": 109.924,
                              "Actual Rows": 59583,
                              "Actual Loops": 6,
                              "Hash Buckets": 524288,
                              "Original Hash Buckets": 262144,
                              "Hash Batches": 1,
                              "Original Hash Batches": 1,
                              "Peak Memory Usage": 20224,
                              "Plans": [
                                {
                                  "Node Type": "Seq Scan",
                                  "Parent Relationship": "Outer",
                                  "Parallel Aware": true,
                                  "Relation Name": "title",
                                  "Alias": "t",
                                  "Startup Cost": 0.0,
                                  "Total Cost": 45479.1,
                                  "Plan Rows": 60572,
                                  "Plan Width": 4,
                                  "Actual Startup Time": 0.08,
                                  "Actual Total Time": 81.072,
                                  "Actual Rows": 59583,
                                  "Actual Loops": 6,
                                  "Filter": "((kind_id < 7) AND (production_year < 1987))",
                                  "Rows Removed by Filter": 361802
                                }
                              ]
                            }
                          ]
                        }
                      ]
                    }
                  ]
                }
              ]
            }
          ]
        }
      ]
    },
    "Planning Time": 0.813,
    "Triggers": [],
    "Execution Time": 3054.283
  }
]