[
  {
    "Plan": {
      "Node Type": "Aggregate",
      "Strategy": "Plain",
      "Partial Mode": "Finalize",
      "Parallel Aware": false,
      "Startup Cost": 629640.87,
      "Total Cost": 629640.88,
      "Plan Rows": 1,
      "Plan Width": 8,
      "Actual Startup Time": 9660.608,
      "Actual Total Time": 9751.876,
      "Actual Rows": 1,
      "Actual Loops": 1,
      "Plans": [
        {
          "Node Type": "Gather",
          "Parent Relationship": "Outer",
          "Parallel Aware": false,
          "Startup Cost": 629640.24,
          "Total Cost": 629640.85,
          "Plan Rows": 6,
          "Plan Width": 8,
          "Actual Startup Time": 9633.843,
          "Actual Total Time": 9751.864,
          "Actual Rows": 7,
          "Actual Loops": 1,
          "Workers Planned": 6,
          "Workers Launched": 6,
          "Single Copy": false,
          "Plans": [
            {
              "Node Type": "Aggregate",
              "Strategy": "Plain",
              "Partial Mode": "Partial",
              "Parent Relationship": "Outer",
              "Parallel Aware": false,
              "Startup Cost": 628640.24,
              "Total Cost": 628640.25,
              "Plan Rows": 1,
              "Plan Width": 8,
              "Actual Startup Time": 9608.136,
              "Actual Total Time": 9608.144,
              "Actual Rows": 1,
              "Actual Loops": 7,
              "Plans": [
                {
                  "Node Type": "Hash Join",
                  "Parent Relationship": "Outer",
                  "Parallel Aware": true,
                  "Join Type": "Inner",
                  "Startup Cost": 260620.62,
                  "Total Cost": 610720.36,
                  "Plan Rows": 7167954,
                  "Plan Width": 0,
                  "Actual Startup Time": 1320.02,
                  "Actual Total Time": 7939.075,
                  "Actual Rows": 38808314,
                  "Actual Loops": 7,
                  "Inner Unique": false,
                  "Hash Cond": "(ci.movie_id = t.id)",
                  "Plans": [
                    {
                      "Node Type": "Seq Scan",
                      "Parent Relationship": "Outer",
                      "Parallel Aware": true,
                      "Relation Name": "cast_info",
                      "Alias": "ci",
                      "Startup Cost": 0.0,
                      "Total Cost": 313106.51,
                      "Plan Rows": 6041951,
                      "Plan Width": 4,
                      "Actual Startup Time": 0.033,
                      "Actual Total Time": 566.968,
                      "Actual Rows": 5177763,
                      "Actual Loops": 7
                    },
                    {
                      "Node Type": "Hash",
                      "Parent Relationship": "Inner",
                      "Parallel Aware": true,
                      "Startup Cost": 253121.54,
                      "Total Cost": 253121.54,
                      "Plan Rows": 599926,
                      "Plan Width": 8,
                      "Actual Startup Time": 1313.545,
                      "Actual Total Time": 1313.551,
                      "Actual Rows": 774351,
                      "Actual Loops": 7,
                      "Hash Buckets": 8388608,
                      "Original Hash Buckets": 4194304,
                      "Hash Batches": 1,
                      "Original Hash Batches": 1,
                      "Peak Memory Usage": 310496,
                      "Plans": [
                        {
                          "Node Type": "Hash Join",
                          "Parent Relationship": "Outer",
                          "Parallel Aware": true,
                          "Join Type": "Inner",
                          "Startup Cost": 47345.82,
                          "Total Cost": 253121.54,
                          "Plan Rows": 599926,
                          "Plan Width": 8,
                          "Actual Startup Time": 128.192,
                          "Actual Total Time": 872.524,
                          "Actual Rows": 774351,
                          "Actual Loops": 7,
                          "Inner Unique": true,
                          "Hash Cond": "(mi.movie_id = t.id)",
                          "Plans": [
                            {
                              "Node Type": "Seq Scan",
                              "Parent Relationship": "Outer",
                              "Parallel Aware": true,
                              "Relation Name": "movie_info",
                              "Alias": "mi",
                              "Startup Cost": 0.0,
                              "Total Cost": 199108.24,
                              "Plan Rows": 2539986,
                              "Plan Width": 4,
                              "Actual Startup Time": 0.036,
                              "Actual Total Time": 357.151,
                              "Actual Rows": 1820665,
                              "Actual Loops": 7,
                              "Filter": "(info_type_id > 2)",
                              "Rows Removed by Filter": 298724
                            },
                            {
                              "Node Type": "Hash",
                              "Parent Relationship": "Inner",
                              "Parallel Aware": true,
                              "Startup Cost": 45479.59,
                              "Total Cost": 45479.59,
                              "Plan Rows": 149299,
                              "Plan Width": 4,
                              "Actual Startup Time": 115.478,
                              "Actual Total Time": 115.479,
                              "Actual Rows": 69623,
                              "Actual Loops": 7,
                              "Hash Buckets": 1048576,
                              "Original Hash Buckets": 1048576,
                              "Hash Batches": 1,
                              "Original Hash Batches": 1,
                              "Peak Memory Usage": 27392,
                              "Plans": [
                                {
                                  "Node Type": "Seq Scan",
                                  "Parent Relationship": "Outer",
                                  "Parallel Aware": true,
                                  "Relation Name": "title",
                                  "Alias": "t",
                                  "Startup Cost": 0.0,
                                  "Total Cost": 45479.59,
                                  "Plan Rows": 149299,
                                  "Plan Width": 4,
                                  "Actual Startup Time": 42.494,
                                  "Actual Total Time": 80.762,
                                  "Actual Rows": 69623,
                                  "Actual Loops": 7,
                                  "Filter": "((kind_id < 2) AND (production_year > 1952))",
                                  "Rows Removed by Filter": 291564
                                }
                              ]
                            }
                          ]
                        }
                      ]
                    }
                  ]
                }
              ]
            }
          ]
        }
      ]
    },
    "Planning Time": 1.063,
    "Triggers": [],
    "Execution Time": 9751.949
  }
]