[
    {
        "Bao": {
            "Bao prediction": "NaN",
            "Bao recommended hint": "(no hint)"
        }
    },
    {
        "Plan": {
            "Node Type": "Aggregate",
            "Strategy": "Plain",
            "Partial Mode": "Finalize",
            "Parallel Aware": false,
            "Startup Cost": 340883.02,
            "Total Cost": 340883.03,
            "Plan Rows": 1,
            "Plan Width": 8,
            "Actual Startup Time": 794.958,
            "Actual Total Time": 822.521,
            "Actual Rows": 1,
            "Actual Loops": 1,
            "Output": [
                "count(*)"
            ],
            "Plans": [
                {
                    "Node Type": "Gather",
                    "Parent Relationship": "Outer",
                    "Parallel Aware": false,
                    "Startup Cost": 340882.39,
                    "Total Cost": 340883.0,
                    "Plan Rows": 6,
                    "Plan Width": 8,
                    "Actual Startup Time": 794.867,
                    "Actual Total Time": 822.513,
                    "Actual Rows": 7,
                    "Actual Loops": 1,
                    "Output": [
                        "(PARTIAL count(*))"
                    ],
                    "Workers Planned": 6,
                    "Workers Launched": 6,
                    "Single Copy": false,
                    "Plans": [
                        {
                            "Node Type": "Aggregate",
                            "Strategy": "Plain",
                            "Partial Mode": "Partial",
                            "Parent Relationship": "Outer",
                            "Parallel Aware": false,
                            "Startup Cost": 339882.39,
                            "Total Cost": 339882.4,
                            "Plan Rows": 1,
                            "Plan Width": 8,
                            "Actual Startup Time": 785.093,
                            "Actual Total Time": 785.094,
                            "Actual Rows": 1,
                            "Actual Loops": 7,
                            "Output": [
                                "PARTIAL count(*)"
                            ],
                            "Workers": [
                                {
                                    "Worker Number": 0,
                                    "Actual Startup Time": 782.917,
                                    "Actual Total Time": 782.918,
                                    "Actual Rows": 1,
                                    "Actual Loops": 1
                                },
                                {
                                    "Worker Number": 1,
                                    "Actual Startup Time": 782.921,
                                    "Actual Total Time": 782.923,
                                    "Actual Rows": 1,
                                    "Actual Loops": 1
                                },
                                {
                                    "Worker Number": 2,
                                    "Actual Startup Time": 783.237,
                                    "Actual Total Time": 783.238,
                                    "Actual Rows": 1,
                                    "Actual Loops": 1
                                },
                                {
                                    "Worker Number": 3,
                                    "Actual Startup Time": 783.823,
                                    "Actual Total Time": 783.825,
                                    "Actual Rows": 1,
                                    "Actual Loops": 1
                                },
                                {
                                    "Worker Number": 4,
                                    "Actual Startup Time": 784.134,
                                    "Actual Total Time": 784.134,
                                    "Actual Rows": 1,
                                    "Actual Loops": 1
                                },
                                {
                                    "Worker Number": 5,
                                    "Actual Startup Time": 784.405,
                                    "Actual Total Time": 784.406,
                                    "Actual Rows": 1,
                                    "Actual Loops": 1
                                }
                            ],
                            "Plans": [
                                {
                                    "Node Type": "Seq Scan",
                                    "Parent Relationship": "Outer",
                                    "Parallel Aware": true,
                                    "Relation Name": "cast_info",
                                    "Schema": "public",
                                    "Alias": "ci",
                                    "Startup Cost": 0.0,
                                    "Total Cost": 328213.62,
                                    "Plan Rows": 4667510,
                                    "Plan Width": 0,
                                    "Actual Startup Time": 98.366,
                                    "Actual Total Time": 602.832,
                                    "Actual Rows": 3973441,
                                    "Actual Loops": 7,
                                    "Output": [
                                        "id",
                                        "person_id",
                                        "movie_id",
                                        "person_role_id",
                                        "note",
                                        "nr_order",
                                        "role_id"
                                    ],
                                    "Filter": "(ci.person_id > 826544)",
                                    "Rows Removed by Filter": 1204323,
                                    "Workers": [
                                        {
                                            "Worker Number": 0,
                                            "Actual Startup Time": 96.177,
                                            "Actual Total Time": 601.443,
                                            "Actual Rows": 2760504,
                                            "Actual Loops": 1
                                        },
                                        {
                                            "Worker Number": 1,
                                            "Actual Startup Time": 96.208,
                                            "Actual Total Time": 601.194,
                                            "Actual Rows": 2760744,
                                            "Actual Loops": 1
                                        },
                                        {
                                            "Worker Number": 2,
                                            "Actual Startup Time": 96.518,
                                            "Actual Total Time": 608.505,
                                            "Actual Rows": 4127478,
                                            "Actual Loops": 1
                                        },
                                        {
                                            "Worker Number": 3,
                                            "Actual Startup Time": 97.101,
                                            "Actual Total Time": 607.557,
                                            "Actual Rows": 4255813,
                                            "Actual Loops": 1
                                        },
                                        {
                                            "Worker Number": 4,
                                            "Actual Startup Time": 97.398,
                                            "Actual Total Time": 607.533,
                                            "Actual Rows": 4315136,
                                            "Actual Loops": 1
                                        },
                                        {
                                            "Worker Number": 5,
                                            "Actual Startup Time": 97.684,
                                            "Actual Total Time": 608.427,
                                            "Actual Rows": 4249226,
                                            "Actual Loops": 1
                                        }
                                    ]
                                }
                            ]
                        }
                    ]
                }
            ]
        },
        "Planning Time": 206.985,
        "Triggers": [],
        "Execution Time": 822.588
    }
]