[
    {
        "Bao": {
            "Bao prediction": 469.903,
            "Bao recommended hint": "SET enable_mergejoin TO off; "
        }
    },
    {
        "Plan": {
            "Node Type": "Aggregate",
            "Strategy": "Plain",
            "Partial Mode": "Finalize",
            "Parallel Aware": false,
            "Startup Cost": 33461.74,
            "Total Cost": 33461.75,
            "Plan Rows": 1,
            "Plan Width": 8,
            "Actual Startup Time": 119.157,
            "Actual Total Time": 124.339,
            "Actual Rows": 1,
            "Actual Loops": 1,
            "Output": [
                "count(*)"
            ],
            "Plans": [
                {
                    "Node Type": "Gather",
                    "Parent Relationship": "Outer",
                    "Parallel Aware": false,
                    "Startup Cost": 33461.42,
                    "Total Cost": 33461.73,
                    "Plan Rows": 3,
                    "Plan Width": 8,
                    "Actual Startup Time": 119.051,
                    "Actual Total Time": 124.333,
                    "Actual Rows": 4,
                    "Actual Loops": 1,
                    "Output": [
                        "(PARTIAL count(*))"
                    ],
                    "Workers Planned": 3,
                    "Workers Launched": 3,
                    "Single Copy": false,
                    "Plans": [
                        {
                            "Node Type": "Aggregate",
                            "Strategy": "Plain",
                            "Partial Mode": "Partial",
                            "Parent Relationship": "Outer",
                            "Parallel Aware": false,
                            "Startup Cost": 32461.42,
                            "Total Cost": 32461.43,
                            "Plan Rows": 1,
                            "Plan Width": 8,
                            "Actual Startup Time": 111.447,
                            "Actual Total Time": 111.448,
                            "Actual Rows": 1,
                            "Actual Loops": 4,
                            "Output": [
                                "PARTIAL count(*)"
                            ],
                            "Workers": [
                                {
                                    "Worker Number": 0,
                                    "Actual Startup Time": 108.806,
                                    "Actual Total Time": 108.806,
                                    "Actual Rows": 1,
                                    "Actual Loops": 1
                                },
                                {
                                    "Worker Number": 1,
                                    "Actual Startup Time": 109.184,
                                    "Actual Total Time": 109.186,
                                    "Actual Rows": 1,
                                    "Actual Loops": 1
                                },
                                {
                                    "Worker Number": 2,
                                    "Actual Startup Time": 109.314,
                                    "Actual Total Time": 109.314,
                                    "Actual Rows": 1,
                                    "Actual Loops": 1
                                }
                            ],
                            "Plans": [
                                {
                                    "Node Type": "Seq Scan",
                                    "Parent Relationship": "Outer",
                                    "Parallel Aware": true,
                                    "Relation Name": "movie_companies",
                                    "Schema": "public",
                                    "Alias": "mc",
                                    "Startup Cost": 0.0,
                                    "Total Cost": 31414.82,
                                    "Plan Rows": 418642,
                                    "Plan Width": 0,
                                    "Actual Startup Time": 50.932,
                                    "Actual Total Time": 94.548,
                                    "Actual Rows": 331890,
                                    "Actual Loops": 4,
                                    "Output": [
                                        "id",
                                        "movie_id",
                                        "company_id",
                                        "company_type_id",
                                        "note"
                                    ],
                                    "Filter": "((mc.company_id > 6) AND (mc.company_type_id = 2))",
                                    "Rows Removed by Filter": 320392,
                                    "Workers": [
                                        {
                                            "Worker Number": 0,
                                            "Actual Startup Time": 48.275,
                                            "Actual Total Time": 92.151,
                                            "Actual Rows": 254868,
                                            "Actual Loops": 1
                                        },
                                        {
                                            "Worker Number": 1,
                                            "Actual Startup Time": 48.671,
                                            "Actual Total Time": 92.373,
                                            "Actual Rows": 258086,
                                            "Actual Loops": 1
                                        },
                                        {
                                            "Worker Number": 2,
                                            "Actual Startup Time": 48.798,
                                            "Actual Total Time": 92.512,
                                            "Actual Rows": 347608,
                                            "Actual Loops": 1
                                        }
                                    ]
                                }
                            ]
                        }
                    ]
                }
            ]
        },
        "Planning Time": 973.626,
        "Triggers": [],
        "Execution Time": 124.415
    }
]