[
  {
    "Plan": {
      "Node Type": "Aggregate",
      "Strategy": "Plain",
      "Partial Mode": "Finalize",
      "Parallel Aware": false,
      "Startup Cost": 293131.01,
      "Total Cost": 293131.02,
      "Plan Rows": 1,
      "Plan Width": 8,
      "Actual Startup Time": 2265.761,
      "Actual Total Time": 2295.733,
      "Actual Rows": 1,
      "Actual Loops": 1,
      "Plans": [
        {
          "Node Type": "Gather",
          "Parent Relationship": "Outer",
          "Parallel Aware": false,
          "Startup Cost": 293130.69,
          "Total Cost": 293131.0,
          "Plan Rows": 3,
          "Plan Width": 8,
          "Actual Startup Time": 2245.593,
          "Actual Total Time": 2295.726,
          "Actual Rows": 4,
          "Actual Loops": 1,
          "Workers Planned": 3,
          "Workers Launched": 3,
          "Single Copy": false,
          "Plans": [
            {
              "Node Type": "Aggregate",
              "Strategy": "Plain",
              "Partial Mode": "Partial",
              "Parent Relationship": "Outer",
              "Parallel Aware": false,
              "Startup Cost": 292130.69,
              "Total Cost": 292130.7,
              "Plan Rows": 1,
              "Plan Width": 8,
              "Actual Startup Time": 2230.979,
              "Actual Total Time": 2230.984,
              "Actual Rows": 1,
              "Actual Loops": 4,
              "Plans": [
                {
                  "Node Type": "Hash Join",
                  "Parent Relationship": "Outer",
                  "Parallel Aware": true,
                  "Join Type": "Inner",
                  "Startup Cost": 241605.96,
                  "Total Cost": 290516.54,
                  "Plan Rows": 645658,
                  "Plan Width": 0,
                  "Actual Startup Time": 687.725,
                  "Actual Total Time": 1730.856,
                  "Actual Rows": 12826012,
                  "Actual Loops": 4,
                  "Inner Unique": false,
                  "Hash Cond": "(mk.movie_id = t.id)",
                  "Plans": [
                    {
                      "Node Type": "Seq Scan",
                      "Parent Relationship": "Outer",
                      "Parallel Aware": true,
                      "Relation Name": "movie_keyword",
                      "Alias": "mk",
                      "Startup Cost": 0.0,
                      "Total Cost": 42695.65,
                      "Plan Rows": 1312962,
                      "Plan Width": 4,
                      "Actual Startup Time": 0.031,
                      "Actual Total Time": 108.856,
                      "Actual Rows": 1019836,
                      "Actual Loops": 4,
                      "Filter": "(keyword_id < 39825)",
                      "Rows Removed by Filter": 111146
                    },
                    {
                      "Node Type": "Hash",
                      "Parent Relationship": "Inner",
                      "Parallel Aware": true,
                      "Startup Cost": 238497.7,
                      "Total Cost": 238497.7,
                      "Plan Rows": 248661,
                      "Plan Width": 8,
                      "Actual Startup Time": 680.09,
                      "Actual Total Time": 680.095,
                      "Actual Rows": 301177,
                      "Actual Loops": 4,
                      "Hash Buckets": 2097152,
                      "Original Hash Buckets": 2097152,
                      "Hash Batches": 1,
                      "Original Hash Batches": 1,
                      "Peak Memory Usage": 63552,
                      "Plans": [
                        {
                          "Node Type": "Hash Join",
                          "Parent Relationship": "Outer",
                          "Parallel Aware": true,
                          "Join Type": "Inner",
                          "Startup Cost": 72743.7,
                          "Total Cost": 238497.7,
                          "Plan Rows": 248661,
                          "Plan Width": 8,
                          "Actual Startup Time": 393.004,
                          "Actual Total Time": 583.591,
                          "Actual Rows": 301177,
                          "Actual Loops": 4,
                          "Inner Unique": true,
                          "Hash Cond": "(mi.movie_id = t.id)",
                          "Plans": [
                            {
                              "Node Type": "Bitmap Heap Scan",
                              "Parent Relationship": "Outer",
                              "Parallel Aware": true,
                              "Relation Name": "movie_info",
                              "Alias": "mi",
                              "Startup Cost": 22524.06,
                              "Total Cost": 187625.32,
                              "Plan Rows": 248661,
                              "Plan Width": 4,
                              "Actual Startup Time": 46.7,
                              "Actual Total Time": 125.218,
                              "Actual Rows": 301177,
                              "Actual Loops": 4,
                              "Recheck Cond": "(info_type_id > 18)",
                              "Rows Removed by Index Recheck": 0,
                              "Exact Heap Blocks": 10763,
                              "Lossy Heap Blocks": 0,
                              "Plans": [
                                {
                                  "Node Type": "Bitmap Index Scan",
                                  "Parent Relationship": "Outer",
                                  "Parallel Aware": false,
                                  "Index Name": "info_type_id_movie_info",
                                  "Startup Cost": 0.0,
                                  "Total Cost": 22213.23,
                                  "Plan Rows": 1243306,
                                  "Plan Width": 0,
                                  "Actual Startup Time": 41.091,
                                  "Actual Total Time": 41.091,
                                  "Actual Rows": 1204709,
                                  "Actual Loops": 1,
                                  "Index Cond": "(info_type_id > 18)"
                                }
                              ]
                            },
                            {
                              "Node Type": "Hash",
                              "Parent Relationship": "Inner",
                              "Parallel Aware": true,
                              "Startup Cost": 42318.73,
                              "Total Cost": 42318.73,
                              "Plan Rows": 632073,
                              "Plan Width": 4,
                              "Actual Startup Time": 339.591,
                              "Actual Total Time": 339.592,
                              "Actual Rows": 632078,
                              "Actual Loops": 4,
                              "Hash Buckets": 4194304,
                              "Original Hash Buckets": 4194304,
                              "Hash Batches": 1,
                              "Original Hash Batches": 1,
                              "Peak Memory Usage": 131712,
                              "Plans": [
                                {
                                  "Node Type": "Seq Scan",
                                  "Parent Relationship": "Outer",
                                  "Parallel Aware": true,
                                  "Relation Name": "title",
                                  "Alias": "t",
                                  "Startup Cost": 0.0,
                                  "Total Cost": 42318.73,
                                  "Plan Rows": 632073,
                                  "Plan Width": 4,
                                  "Actual Startup Time": 0.034,
                                  "Actual Total Time": 97.289,
                                  "Actual Rows": 632078,
                                  "Actual Loops": 4
                                }
                              ]
                            }
                          ]
                        }
                      ]
                    }
                  ]
                }
              ]
            }
          ]
        }
      ]
    },
    "Planning Time": 1.341,
    "Triggers": [],
    "Execution Time": 2295.835
  }
]