{
    "Plan": {
        "Node Type": "Aggregate",
        "Strategy": "Plain",
        "Partial Mode": "Finalize",
        "Parallel Aware": false,
        "Startup Cost": 78906.27,
        "Total Cost": 78906.28,
        "Plan Rows": 1,
        "Plan Width": 8,
        "Actual Startup Time": 192.215,
        "Actual Total Time": 208.107,
        "Actual Rows": 1,
        "Actual Loops": 1,
        "Output": [
            "count(*)"
        ],
        "Plans": [
            {
                "Node Type": "Gather",
                "Parent Relationship": "Outer",
                "Parallel Aware": false,
                "Startup Cost": 78905.95,
                "Total Cost": 78906.26,
                "Plan Rows": 3,
                "Plan Width": 8,
                "Actual Startup Time": 191.483,
                "Actual Total Time": 208.098,
                "Actual Rows": 4,
                "Actual Loops": 1,
                "Output": [
                    "(PARTIAL count(*))"
                ],
                "Workers Planned": 3,
                "Workers Launched": 3,
                "Single Copy": false,
                "Plans": [
                    {
                        "Node Type": "Aggregate",
                        "Strategy": "Plain",
                        "Partial Mode": "Partial",
                        "Parent Relationship": "Outer",
                        "Parallel Aware": false,
                        "Startup Cost": 77905.95,
                        "Total Cost": 77905.96,
                        "Plan Rows": 1,
                        "Plan Width": 8,
                        "Actual Startup Time": 184.522,
                        "Actual Total Time": 184.525,
                        "Actual Rows": 1,
                        "Actual Loops": 4,
                        "Output": [
                            "PARTIAL count(*)"
                        ],
                        "Workers": [
                            {
                                "Worker Number": 0,
                                "Actual Startup Time": 183.228,
                                "Actual Total Time": 183.231,
                                "Actual Rows": 1,
                                "Actual Loops": 1
                            },
                            {
                                "Worker Number": 1,
                                "Actual Startup Time": 182.069,
                                "Actual Total Time": 182.071,
                                "Actual Rows": 1,
                                "Actual Loops": 1
                            },
                            {
                                "Worker Number": 2,
                                "Actual Startup Time": 181.999,
                                "Actual Total Time": 182.002,
                                "Actual Rows": 1,
                                "Actual Loops": 1
                            }
                        ],
                        "Plans": [
                            {
                                "Node Type": "Hash Join",
                                "Parent Relationship": "Outer",
                                "Parallel Aware": true,
                                "Join Type": "Inner",
                                "Startup Cost": 45779.38,
                                "Total Cost": 77881.1,
                                "Plan Rows": 9942,
                                "Plan Width": 0,
                                "Actual Startup Time": 135.324,
                                "Actual Total Time": 184.366,
                                "Actual Rows": 3386,
                                "Actual Loops": 4,
                                "Inner Unique": true,
                                "Hash Cond": "(mc.movie_id = t.id)",
                                "Workers": [
                                    {
                                        "Worker Number": 0,
                                        "Actual Startup Time": 134.125,
                                        "Actual Total Time": 183.084,
                                        "Actual Rows": 2857,
                                        "Actual Loops": 1
                                    },
                                    {
                                        "Worker Number": 1,
                                        "Actual Startup Time": 132.938,
                                        "Actual Total Time": 181.926,
                                        "Actual Rows": 3002,
                                        "Actual Loops": 1
                                    },
                                    {
                                        "Worker Number": 2,
                                        "Actual Startup Time": 132.724,
                                        "Actual Total Time": 181.841,
                                        "Actual Rows": 3374,
                                        "Actual Loops": 1
                                    }
                                ],
                                "Plans": [
                                    {
                                        "Node Type": "Seq Scan",
                                        "Parent Relationship": "Outer",
                                        "Parallel Aware": true,
                                        "Relation Name": "movie_companies",
                                        "Schema": "public",
                                        "Alias": "mc",
                                        "Startup Cost": 0.0,
                                        "Total Cost": 31414.82,
                                        "Plan Rows": 261675,
                                        "Plan Width": 4,
                                        "Actual Startup Time": 30.207,
                                        "Actual Total Time": 60.869,
                                        "Actual Rows": 127121,
                                        "Actual Loops": 4,
                                        "Output": [
                                            "mc.id",
                                            "mc.movie_id",
                                            "mc.company_id",
                                            "mc.company_type_id",
                                            "mc.note"
                                        ],
                                        "Filter": "((mc.company_id < 15980) AND (mc.company_type_id = 2))",
                                        "Rows Removed by Filter": 525161,
                                        "Workers": [
                                            {
                                                "Worker Number": 0,
                                                "Actual Startup Time": 30.173,
                                                "Actual Total Time": 59.926,
                                                "Actual Rows": 110538,
                                                "Actual Loops": 1
                                            },
                                            {
                                                "Worker Number": 1,
                                                "Actual Startup Time": 30.215,
                                                "Actual Total Time": 61.087,
                                                "Actual Rows": 125938,
                                                "Actual Loops": 1
                                            },
                                            {
                                                "Worker Number": 2,
                                                "Actual Startup Time": 30.21,
                                                "Actual Total Time": 61.069,
                                                "Actual Rows": 123791,
                                                "Actual Loops": 1
                                            }
                                        ]
                                    },
                                    {
                                        "Node Type": "Hash",
                                        "Parent Relationship": "Inner",
                                        "Parallel Aware": true,
                                        "Startup Cost": 45479.21,
                                        "Total Cost": 45479.21,
                                        "Plan Rows": 24014,
                                        "Plan Width": 4,
                                        "Actual Startup Time": 103.306,
                                        "Actual Total Time": 103.307,
                                        "Actual Rows": 26562,
                                        "Actual Loops": 4,
                                        "Output": [
                                            "t.id"
                                        ],
                                        "Hash Buckets": 131072,
                                        "Original Hash Buckets": 131072,
                                        "Hash Batches": 1,
                                        "Original Hash Batches": 1,
                                        "Peak Memory Usage": 5248,
                                        "Workers": [
                                            {
                                                "Worker Number": 0,
                                                "Actual Startup Time": 103.287,
                                                "Actual Total Time": 103.288,
                                                "Actual Rows": 21583,
                                                "Actual Loops": 1
                                            },
                                            {
                                                "Worker Number": 1,
                                                "Actual Startup Time": 101.934,
                                                "Actual Total Time": 101.934,
                                                "Actual Rows": 23513,
                                                "Actual Loops": 1
                                            },
                                            {
                                                "Worker Number": 2,
                                                "Actual Startup Time": 101.93,
                                                "Actual Total Time": 101.931,
                                                "Actual Rows": 24115,
                                                "Actual Loops": 1
                                            }
                                        ],
                                        "Plans": [
                                            {
                                                "Node Type": "Seq Scan",
                                                "Parent Relationship": "Outer",
                                                "Parallel Aware": true,
                                                "Relation Name": "title",
                                                "Schema": "public",
                                                "Alias": "t",
                                                "Startup Cost": 0.0,
                                                "Total Cost": 45479.21,
                                                "Plan Rows": 24014,
                                                "Plan Width": 4,
                                                "Actual Startup Time": 0.044,
                                                "Actual Total Time": 93.562,
                                                "Actual Rows": 26562,
                                                "Actual Loops": 4,
                                                "Output": [
                                                    "t.id"
                                                ],
                                                "Filter": "((t.kind_id = 7) AND (t.production_year = 2011))",
                                                "Rows Removed by Filter": 605516,
                                                "Workers": [
                                                    {
                                                        "Worker Number": 0,
                                                        "Actual Startup Time": 0.039,
                                                        "Actual Total Time": 93.948,
                                                        "Actual Rows": 21583,
                                                        "Actual Loops": 1
                                                    },
                                                    {
                                                        "Worker Number": 1,
                                                        "Actual Startup Time": 0.053,
                                                        "Actual Total Time": 92.71,
                                                        "Actual Rows": 23513,
                                                        "Actual Loops": 1
                                                    },
                                                    {
                                                        "Worker Number": 2,
                                                        "Actual Startup Time": 0.059,
                                                        "Actual Total Time": 92.236,
                                                        "Actual Rows": 24115,
                                                        "Actual Loops": 1
                                                    }
                                                ]
                                            }
                                        ]
                                    }
                                ]
                            }
                        ]
                    }
                ]
            }
        ]
    },
    "Planning Time": 0.763,
    "Triggers": [],
    "Execution Time": 208.179
}