[
  {
    "Plan": {
      "Node Type": "Aggregate",
      "Strategy": "Plain",
      "Partial Mode": "Finalize",
      "Parallel Aware": false,
      "Startup Cost": 109115.36,
      "Total Cost": 109115.37,
      "Plan Rows": 1,
      "Plan Width": 8,
      "Actual Startup Time": 352.326,
      "Actual Total Time": 374.376,
      "Actual Rows": 1,
      "Actual Loops": 1,
      "Plans": [
        {
          "Node Type": "Gather",
          "Parent Relationship": "Outer",
          "Parallel Aware": false,
          "Startup Cost": 109115.04,
          "Total Cost": 109115.35,
          "Plan Rows": 3,
          "Plan Width": 8,
          "Actual Startup Time": 351.799,
          "Actual Total Time": 374.368,
          "Actual Rows": 4,
          "Actual Loops": 1,
          "Workers Planned": 3,
          "Workers Launched": 3,
          "Single Copy": false,
          "Plans": [
            {
              "Node Type": "Aggregate",
              "Strategy": "Plain",
              "Partial Mode": "Partial",
              "Parent Relationship": "Outer",
              "Parallel Aware": false,
              "Startup Cost": 108115.04,
              "Total Cost": 108115.05,
              "Plan Rows": 1,
              "Plan Width": 8,
              "Actual Startup Time": 348.477,
              "Actual Total Time": 348.481,
              "Actual Rows": 1,
              "Actual Loops": 4,
              "Plans": [
                {
                  "Node Type": "Nested Loop",
                  "Parent Relationship": "Outer",
                  "Parallel Aware": false,
                  "Join Type": "Inner",
                  "Startup Cost": 38385.39,
                  "Total Cost": 107944.25,
                  "Plan Rows": 68315,
                  "Plan Width": 0,
                  "Actual Startup Time": 68.59,
                  "Actual Total Time": 335.817,
                  "Actual Rows": 287857,
                  "Actual Loops": 4,
                  "Inner Unique": false,
                  "Join Filter": "(t.id = mi.movie_id)",
                  "Rows Removed by Join Filter": 0,
                  "Plans": [
                    {
                      "Node Type": "Hash Join",
                      "Parent Relationship": "Outer",
                      "Parallel Aware": true,
                      "Join Type": "Inner",
                      "Startup Cost": 38384.96,
                      "Total Cost": 82337.78,
                      "Plan Rows": 11706,
                      "Plan Width": 8,
                      "Actual Startup Time": 68.525,
                      "Actual Total Time": 164.006,
                      "Actual Rows": 14151,
                      "Actual Loops": 4,
                      "Inner Unique": true,
                      "Hash Cond": "(mk.movie_id = t.id)",
                      "Plans": [
                        {
                          "Node Type": "Seq Scan",
                          "Parent Relationship": "Outer",
                          "Parallel Aware": true,
                          "Relation Name": "movie_keyword",
                          "Alias": "mk",
                          "Startup Cost": 0.0,
                          "Total Cost": 42695.65,
                          "Plan Rows": 478921,
                          "Plan Width": 4,
                          "Actual Startup Time": 0.614,
                          "Actual Total Time": 86.379,
                          "Actual Rows": 365718,
                          "Actual Loops": 4,
                          "Filter": "(keyword_id > 11337)",
                          "Rows Removed by Filter": 765264
                        },
                        {
                          "Node Type": "Hash",
                          "Parent Relationship": "Inner",
                          "Parallel Aware": true,
                          "Startup Cost": 38191.83,
                          "Total Cost": 38191.83,
                          "Plan Rows": 15450,
                          "Plan Width": 4,
                          "Actual Startup Time": 45.954,
                          "Actual Total Time": 45.955,
                          "Actual Rows": 19374,
                          "Actual Loops": 4,
                          "Hash Buckets": 131072,
                          "Original Hash Buckets": 65536,
                          "Hash Batches": 1,
                          "Original Hash Batches": 1,
                          "Peak Memory Usage": 4640,
                          "Plans": [
                            {
                              "Node Type": "Bitmap Heap Scan",
                              "Parent Relationship": "Outer",
                              "Parallel Aware": true,
                              "Relation Name": "title",
                              "Alias": "t",
                              "Startup Cost": 1815.85,
                              "Total Cost": 38191.83,
                              "Plan Rows": 15450,
                              "Plan Width": 4,
                              "Actual Startup Time": 11.969,
                              "Actual Total Time": 38.129,
                              "Actual Rows": 19374,
                              "Actual Loops": 4,
                              "Recheck Cond": "(kind_id = 3)",
                              "Rows Removed by Index Recheck": 0,
                              "Filter": "(production_year < 2007)",
                              "Rows Removed by Filter": 5760,
                              "Exact Heap Blocks": 5917,
                              "Lossy Heap Blocks": 0,
                              "Plans": [
                                {
                                  "Node Type": "Bitmap Index Scan",
                                  "Parent Relationship": "Outer",
                                  "Parallel Aware": false,
                                  "Index Name": "kind_id_title",
                                  "Startup Cost": 0.0,
                                  "Total Cost": 1800.4,
                                  "Plan Rows": 100796,
                                  "Plan Width": 0,
                                  "Actual Startup Time": 9.669,
                                  "Actual Total Time": 9.669,
                                  "Actual Rows": 100537,
                                  "Actual Loops": 1,
                                  "Index Cond": "(kind_id = 3)"
                                }
                              ]
                            }
                          ]
                        }
                      ]
                    },
                    {
                      "Node Type": "Index Only Scan",
                      "Parent Relationship": "Inner",
                      "Parallel Aware": false,
                      "Scan Direction": "Forward",
                      "Index Name": "movie_id_movie_info",
                      "Relation Name": "movie_info",
                      "Alias": "mi",
                      "Startup Cost": 0.43,
                      "Total Cost": 1.7,
                      "Plan Rows": 39,
                      "Plan Width": 4,
                      "Actual Startup Time": 0.003,
                      "Actual Total Time": 0.01,
                      "Actual Rows": 20,
                      "Actual Loops": 56605,
                      "Index Cond": "(movie_id = mk.movie_id)",
                      "Rows Removed by Index Recheck": 0,
                      "Heap Fetches": 1151428
                    }
                  ]
                }
              ]
            }
          ]
        }
      ]
    },
    "Planning Time": 0.73,
    "Triggers": [],
    "Execution Time": 374.445
  }
]