[
  {
    "Plan": {
      "Node Type": "Aggregate",
      "Strategy": "Plain",
      "Partial Mode": "Finalize",
      "Parallel Aware": false,
      "Startup Cost": 83068.6,
      "Total Cost": 83068.61,
      "Plan Rows": 1,
      "Plan Width": 8,
      "Actual Startup Time": 385.312,
      "Actual Total Time": 400.639,
      "Actual Rows": 1,
      "Actual Loops": 1,
      "Plans": [
        {
          "Node Type": "Gather",
          "Parent Relationship": "Outer",
          "Parallel Aware": false,
          "Startup Cost": 83068.28,
          "Total Cost": 83068.59,
          "Plan Rows": 3,
          "Plan Width": 8,
          "Actual Startup Time": 380.429,
          "Actual Total Time": 400.625,
          "Actual Rows": 4,
          "Actual Loops": 1,
          "Workers Planned": 3,
          "Workers Launched": 3,
          "Single Copy": false,
          "Plans": [
            {
              "Node Type": "Aggregate",
              "Strategy": "Plain",
              "Partial Mode": "Partial",
              "Parent Relationship": "Outer",
              "Parallel Aware": false,
              "Startup Cost": 82068.28,
              "Total Cost": 82068.29,
              "Plan Rows": 1,
              "Plan Width": 8,
              "Actual Startup Time": 371.248,
              "Actual Total Time": 371.252,
              "Actual Rows": 1,
              "Actual Loops": 4,
              "Plans": [
                {
                  "Node Type": "Hash Join",
                  "Parent Relationship": "Outer",
                  "Parallel Aware": true,
                  "Join Type": "Inner",
                  "Startup Cost": 55525.49,
                  "Total Cost": 81941.14,
                  "Plan Rows": 50858,
                  "Plan Width": 0,
                  "Actual Startup Time": 266.562,
                  "Actual Total Time": 365.379,
                  "Actual Rows": 87432,
                  "Actual Loops": 4,
                  "Inner Unique": true,
                  "Hash Cond": "(mk.movie_id = t.id)",
                  "Plans": [
                    {
                      "Node Type": "Bitmap Heap Scan",
                      "Parent Relationship": "Outer",
                      "Parallel Aware": true,
                      "Relation Name": "movie_keyword",
                      "Alias": "mk",
                      "Startup Cost": 8528.37,
                      "Total Cost": 34603.56,
                      "Plan Rows": 129695,
                      "Plan Width": 4,
                      "Actual Startup Time": 41.44,
                      "Actual Total Time": 102.922,
                      "Actual Rows": 97756,
                      "Actual Loops": 4,
                      "Recheck Cond": "(keyword_id > 44057)",
                      "Rows Removed by Index Recheck": 0,
                      "Exact Heap Blocks": 6171,
                      "Lossy Heap Blocks": 0,
                      "Plans": [
                        {
                          "Node Type": "Bitmap Index Scan",
                          "Parent Relationship": "Outer",
                          "Parallel Aware": false,
                          "Index Name": "keyword_id_movie_keyword",
                          "Startup Cost": 0.0,
                          "Total Cost": 8427.85,
                          "Plan Rows": 402056,
                          "Plan Width": 0,
                          "Actual Startup Time": 35.895,
                          "Actual Total Time": 35.896,
                          "Actual Rows": 391022,
                          "Actual Loops": 1,
                          "Index Cond": "(keyword_id > 44057)"
                        }
                      ]
                    },
                    {
                      "Node Type": "Hash",
                      "Parent Relationship": "Inner",
                      "Parallel Aware": true,
                      "Startup Cost": 43898.92,
                      "Total Cost": 43898.92,
                      "Plan Rows": 247857,
                      "Plan Width": 4,
                      "Actual Startup Time": 220.307,
                      "Actual Total Time": 220.308,
                      "Actual Rows": 246262,
                      "Actual Loops": 4,
                      "Hash Buckets": 1048576,
                      "Original Hash Buckets": 1048576,
                      "Hash Batches": 1,
                      "Original Hash Batches": 1,
                      "Peak Memory Usage": 46816,
                      "Plans": [
                        {
                          "Node Type": "Seq Scan",
                          "Parent Relationship": "Outer",
                          "Parallel Aware": true,
                          "Relation Name": "title",
                          "Alias": "t",
                          "Startup Cost": 0.0,
                          "Total Cost": 43898.92,
                          "Plan Rows": 247857,
                          "Plan Width": 4,
                          "Actual Startup Time": 0.058,
                          "Actual Total Time": 124.602,
                          "Actual Rows": 246262,
                          "Actual Loops": 4,
                          "Filter": "(kind_id < 7)",
                          "Rows Removed by Filter": 385816
                        }
                      ]
                    }
                  ]
                }
              ]
            }
          ]
        }
      ]
    },
    "Planning Time": 0.606,
    "Triggers": [],
    "Execution Time": 400.746
  }
]