[
  {
    "Plan": {
      "Node Type": "Aggregate",
      "Strategy": "Plain",
      "Partial Mode": "Finalize",
      "Parallel Aware": false,
      "Startup Cost": 102357.8,
      "Total Cost": 102357.81,
      "Plan Rows": 1,
      "Plan Width": 8,
      "Actual Startup Time": 864.512,
      "Actual Total Time": 880.509,
      "Actual Rows": 1,
      "Actual Loops": 1,
      "Plans": [
        {
          "Node Type": "Gather",
          "Parent Relationship": "Outer",
          "Parallel Aware": false,
          "Startup Cost": 102357.59,
          "Total Cost": 102357.8,
          "Plan Rows": 2,
          "Plan Width": 8,
          "Actual Startup Time": 857.098,
          "Actual Total Time": 880.501,
          "Actual Rows": 3,
          "Actual Loops": 1,
          "Workers Planned": 2,
          "Workers Launched": 2,
          "Single Copy": false,
          "Plans": [
            {
              "Node Type": "Aggregate",
              "Strategy": "Plain",
              "Partial Mode": "Partial",
              "Parent Relationship": "Outer",
              "Parallel Aware": false,
              "Startup Cost": 101357.59,
              "Total Cost": 101357.6,
              "Plan Rows": 1,
              "Plan Width": 8,
              "Actual Startup Time": 848.404,
              "Actual Total Time": 848.41,
              "Actual Rows": 1,
              "Actual Loops": 3,
              "Plans": [
                {
                  "Node Type": "Hash Join",
                  "Parent Relationship": "Outer",
                  "Parallel Aware": true,
                  "Join Type": "Inner",
                  "Startup Cost": 84649.94,
                  "Total Cost": 100924.49,
                  "Plan Rows": 173238,
                  "Plan Width": 0,
                  "Actual Startup Time": 688.241,
                  "Actual Total Time": 831.489,
                  "Actual Rows": 432461,
                  "Actual Loops": 3,
                  "Inner Unique": false,
                  "Hash Cond": "(mi_idx.movie_id = t.id)",
                  "Plans": [
                    {
                      "Node Type": "Seq Scan",
                      "Parent Relationship": "Outer",
                      "Parallel Aware": true,
                      "Relation Name": "movie_info_idx",
                      "Alias": "mi_idx",
                      "Startup Cost": 0.0,
                      "Total Cost": 13685.15,
                      "Plan Rows": 575015,
                      "Plan Width": 4,
                      "Actual Startup Time": 0.027,
                      "Actual Total Time": 35.053,
                      "Actual Rows": 460012,
                      "Actual Loops": 3
                    },
                    {
                      "Node Type": "Hash",
                      "Parent Relationship": "Inner",
                      "Parallel Aware": true,
                      "Startup Cost": 82269.58,
                      "Total Cost": 82269.58,
                      "Plan Rows": 190429,
                      "Plan Width": 8,
                      "Actual Startup Time": 680.259,
                      "Actual Total Time": 680.263,
                      "Actual Rows": 312483,
                      "Actual Loops": 3,
                      "Hash Buckets": 1048576,
                      "Original Hash Buckets": 1048576,
                      "Hash Batches": 1,
                      "Original Hash Batches": 1,
                      "Peak Memory Usage": 44896,
                      "Plans": [
                        {
                          "Node Type": "Hash Join",
                          "Parent Relationship": "Outer",
                          "Parallel Aware": true,
                          "Join Type": "Inner",
                          "Startup Cost": 35174.64,
                          "Total Cost": 82269.58,
                          "Plan Rows": 190429,
                          "Plan Width": 8,
                          "Actual Startup Time": 237.314,
                          "Actual Total Time": 589.936,
                          "Actual Rows": 312483,
                          "Actual Loops": 3,
                          "Inner Unique": false,
                          "Hash Cond": "(t.id = mc.movie_id)",
                          "Plans": [
                            {
                              "Node Type": "Seq Scan",
                              "Parent Relationship": "Outer",
                              "Parallel Aware": true,
                              "Relation Name": "title",
                              "Alias": "t",
                              "Startup Cost": 0.0,
                              "Total Cost": 43898.92,
                              "Plan Rows": 516346,
                              "Plan Width": 4,
                              "Actual Startup Time": 0.012,
                              "Actual Total Time": 121.361,
                              "Actual Rows": 688184,
                              "Actual Loops": 3,
                              "Filter": "(production_year < 2011)",
                              "Rows Removed by Filter": 154587
                            },
                            {
                              "Node Type": "Hash",
                              "Parent Relationship": "Inner",
                              "Parallel Aware": true,
                              "Startup Cost": 31414.82,
                              "Total Cost": 31414.82,
                              "Plan Rows": 300786,
                              "Plan Width": 4,
                              "Actual Startup Time": 233.585,
                              "Actual Total Time": 233.587,
                              "Actual Rows": 368712,
                              "Actual Loops": 3,
                              "Hash Buckets": 2097152,
                              "Original Hash Buckets": 1048576,
                              "Hash Batches": 1,
                              "Original Hash Batches": 1,
                              "Peak Memory Usage": 67936,
                              "Plans": [
                                {
                                  "Node Type": "Seq Scan",
                                  "Parent Relationship": "Outer",
                                  "Parallel Aware": true,
                                  "Relation Name": "movie_companies",
                                  "Alias": "mc",
                                  "Startup Cost": 0.0,
                                  "Total Cost": 31414.82,
                                  "Plan Rows": 300786,
                                  "Plan Width": 4,
                                  "Actual Startup Time": 56.291,
                                  "Actual Total Time": 109.902,
                                  "Actual Rows": 368712,
                                  "Actual Loops": 3,
                                  "Filter": "((company_id > 1583) AND (company_type_id > 1))",
                                  "Rows Removed by Filter": 500998
                                }
                              ]
                            }
                          ]
                        }
                      ]
                    }
                  ]
                }
              ]
            }
          ]
        }
      ]
    },
    "Planning Time": 1.195,
    "Triggers": [],
    "Execution Time": 880.586
  }
]