[
  {
    "Plan": {
      "Node Type": "Aggregate",
      "Strategy": "Plain",
      "Partial Mode": "Finalize",
      "Parallel Aware": false,
      "Startup Cost": 133105.49,
      "Total Cost": 133105.5,
      "Plan Rows": 1,
      "Plan Width": 8,
      "Actual Startup Time": 1260.217,
      "Actual Total Time": 1279.254,
      "Actual Rows": 1,
      "Actual Loops": 1,
      "Plans": [
        {
          "Node Type": "Gather",
          "Parent Relationship": "Outer",
          "Parallel Aware": false,
          "Startup Cost": 133105.17,
          "Total Cost": 133105.48,
          "Plan Rows": 3,
          "Plan Width": 8,
          "Actual Startup Time": 1252.344,
          "Actual Total Time": 1279.244,
          "Actual Rows": 4,
          "Actual Loops": 1,
          "Workers Planned": 3,
          "Workers Launched": 3,
          "Single Copy": false,
          "Plans": [
            {
              "Node Type": "Aggregate",
              "Strategy": "Plain",
              "Partial Mode": "Partial",
              "Parent Relationship": "Outer",
              "Parallel Aware": false,
              "Startup Cost": 132105.17,
              "Total Cost": 132105.18,
              "Plan Rows": 1,
              "Plan Width": 8,
              "Actual Startup Time": 1243.02,
              "Actual Total Time": 1243.136,
              "Actual Rows": 1,
              "Actual Loops": 4,
              "Plans": [
                {
                  "Node Type": "Hash Join",
                  "Parent Relationship": "Outer",
                  "Parallel Aware": true,
                  "Join Type": "Inner",
                  "Startup Cost": 84741.46,
                  "Total Cost": 130683.22,
                  "Plan Rows": 568780,
                  "Plan Width": 0,
                  "Actual Startup Time": 478.358,
                  "Actual Total Time": 1032.382,
                  "Actual Rows": 5393745,
                  "Actual Loops": 4,
                  "Inner Unique": false,
                  "Hash Cond": "(mk.movie_id = t.id)",
                  "Plans": [
                    {
                      "Node Type": "Seq Scan",
                      "Parent Relationship": "Outer",
                      "Parallel Aware": true,
                      "Relation Name": "movie_keyword",
                      "Alias": "mk",
                      "Startup Cost": 0.0,
                      "Total Cost": 39047.32,
                      "Plan Rows": 1459332,
                      "Plan Width": 4,
                      "Actual Startup Time": 0.03,
                      "Actual Total Time": 88.789,
                      "Actual Rows": 1130982,
                      "Actual Loops": 4
                    },
                    {
                      "Node Type": "Hash",
                      "Parent Relationship": "Inner",
                      "Parallel Aware": true,
                      "Startup Cost": 81662.04,
                      "Total Cost": 81662.04,
                      "Plan Rows": 246353,
                      "Plan Width": 8,
                      "Actual Startup Time": 472.232,
                      "Actual Total Time": 472.346,
                      "Actual Rows": 210867,
                      "Actual Loops": 4,
                      "Hash Buckets": 1048576,
                      "Original Hash Buckets": 1048576,
                      "Hash Batches": 1,
                      "Original Hash Batches": 1,
                      "Peak Memory Usage": 41248,
                      "Plans": [
                        {
                          "Node Type": "Hash Join",
                          "Parent Relationship": "Outer",
                          "Parallel Aware": true,
                          "Join Type": "Inner",
                          "Startup Cost": 35388.26,
                          "Total Cost": 81662.04,
                          "Plan Rows": 246353,
                          "Plan Width": 8,
                          "Actual Startup Time": 152.409,
                          "Actual Total Time": 408.769,
                          "Actual Rows": 210867,
                          "Actual Loops": 4,
                          "Inner Unique": false,
                          "Hash Cond": "(t.id = mc.movie_id)",
                          "Plans": [
                            {
                              "Node Type": "Seq Scan",
                              "Parent Relationship": "Outer",
                              "Parallel Aware": true,
                              "Relation Name": "title",
                              "Alias": "t",
                              "Startup Cost": 0.0,
                              "Total Cost": 42318.73,
                              "Plan Rows": 632073,
                              "Plan Width": 4,
                              "Actual Startup Time": 0.011,
                              "Actual Total Time": 77.022,
                              "Actual Rows": 632078,
                              "Actual Loops": 4
                            },
                            {
                              "Node Type": "Hash",
                              "Parent Relationship": "Inner",
                              "Parallel Aware": true,
                              "Startup Cost": 31414.82,
                              "Total Cost": 31414.82,
                              "Plan Rows": 317875,
                              "Plan Width": 4,
                              "Actual Startup Time": 149.625,
                              "Actual Total Time": 149.626,
                              "Actual Rows": 210867,
                              "Actual Loops": 4,
                              "Hash Buckets": 1048576,
                              "Original Hash Buckets": 1048576,
                              "Hash Batches": 1,
                              "Original Hash Batches": 1,
                              "Peak Memory Usage": 41248,
                              "Plans": [
                                {
                                  "Node Type": "Seq Scan",
                                  "Parent Relationship": "Outer",
                                  "Parallel Aware": true,
                                  "Relation Name": "movie_companies",
                                  "Alias": "mc",
                                  "Startup Cost": 0.0,
                                  "Total Cost": 31414.82,
                                  "Plan Rows": 317875,
                                  "Plan Width": 4,
                                  "Actual Startup Time": 0.388,
                                  "Actual Total Time": 82.231,
                                  "Actual Rows": 210867,
                                  "Actual Loops": 4,
                                  "Filter": "((company_id > 687) AND (company_type_id < 2))",
                                  "Rows Removed by Filter": 441416
                                }
                              ]
                            }
                          ]
                        }
                      ]
                    }
                  ]
                }
              ]
            }
          ]
        }
      ]
    },
    "Planning Time": 1.429,
    "Triggers": [],
    "Execution Time": 1279.334
  }
]