[
  {
    "Plan": {
      "Node Type": "Aggregate",
      "Strategy": "Plain",
      "Partial Mode": "Finalize",
      "Parallel Aware": false,
      "Startup Cost": 386753.74,
      "Total Cost": 386753.75,
      "Plan Rows": 1,
      "Plan Width": 8,
      "Actual Startup Time": 1646.49,
      "Actual Total Time": 1695.918,
      "Actual Rows": 1,
      "Actual Loops": 1,
      "Plans": [
        {
          "Node Type": "Gather",
          "Parent Relationship": "Outer",
          "Parallel Aware": false,
          "Startup Cost": 386753.22,
          "Total Cost": 386753.73,
          "Plan Rows": 5,
          "Plan Width": 8,
          "Actual Startup Time": 1633.472,
          "Actual Total Time": 1695.907,
          "Actual Rows": 6,
          "Actual Loops": 1,
          "Workers Planned": 5,
          "Workers Launched": 5,
          "Single Copy": false,
          "Plans": [
            {
              "Node Type": "Aggregate",
              "Strategy": "Plain",
              "Partial Mode": "Partial",
              "Parent Relationship": "Outer",
              "Parallel Aware": false,
              "Startup Cost": 385753.22,
              "Total Cost": 385753.23,
              "Plan Rows": 1,
              "Plan Width": 8,
              "Actual Startup Time": 1617.934,
              "Actual Total Time": 1618.298,
              "Actual Rows": 1,
              "Actual Loops": 6,
              "Plans": [
                {
                  "Node Type": "Hash Join",
                  "Parent Relationship": "Outer",
                  "Parallel Aware": true,
                  "Join Type": "Inner",
                  "Startup Cost": 173995.94,
                  "Total Cost": 382252.23,
                  "Plan Rows": 1400395,
                  "Plan Width": 0,
                  "Actual Startup Time": 715.561,
                  "Actual Total Time": 1576.784,
                  "Actual Rows": 916190,
                  "Actual Loops": 6,
                  "Inner Unique": false,
                  "Hash Cond": "(mi.movie_id = t.id)",
                  "Plans": [
                    {
                      "Node Type": "Seq Scan",
                      "Parent Relationship": "Outer",
                      "Parallel Aware": true,
                      "Relation Name": "movie_info",
                      "Alias": "mi",
                      "Startup Cost": 0.0,
                      "Total Cost": 198952.16,
                      "Plan Rows": 1734222,
                      "Plan Width": 4,
                      "Actual Startup Time": 0.032,
                      "Actual Total Time": 348.115,
                      "Actual Rows": 1464430,
                      "Actual Loops": 6,
                      "Filter": "(info_type_id < 13)",
                      "Rows Removed by Filter": 1008190
                    },
                    {
                      "Node Type": "Hash",
                      "Parent Relationship": "Inner",
                      "Parallel Aware": true,
                      "Startup Cost": 168891.92,
                      "Total Cost": 168891.92,
                      "Plan Rows": 408322,
                      "Plan Width": 8,
                      "Actual Startup Time": 709.897,
                      "Actual Total Time": 710.26,
                      "Actual Rows": 326866,
                      "Actual Loops": 6,
                      "Hash Buckets": 2097152,
                      "Original Hash Buckets": 2097152,
                      "Hash Batches": 1,
                      "Original Hash Batches": 1,
                      "Peak Memory Usage": 93216,
                      "Plans": [
                        {
                          "Node Type": "Hash Join",
                          "Parent Relationship": "Outer",
                          "Parallel Aware": true,
                          "Join Type": "Inner",
                          "Startup Cost": 49159.44,
                          "Total Cost": 168891.92,
                          "Plan Rows": 408322,
                          "Plan Width": 8,
                          "Actual Startup Time": 185.706,
                          "Actual Total Time": 575.311,
                          "Actual Rows": 326866,
                          "Actual Loops": 6,
                          "Inner Unique": true,
                          "Hash Cond": "(ci.movie_id = t.id)",
                          "Plans": [
                            {
                              "Node Type": "Index Scan",
                              "Parent Relationship": "Outer",
                              "Parallel Aware": true,
                              "Scan Direction": "Forward",
                              "Index Name": "role_id_cast_info",
                              "Relation Name": "cast_info",
                              "Alias": "ci",
                              "Startup Cost": 0.56,
                              "Total Cost": 117431.66,
                              "Plan Rows": 876718,
                              "Plan Width": 4,
                              "Actual Startup Time": 0.121,
                              "Actual Total Time": 138.476,
                              "Actual Rows": 720503,
                              "Actual Loops": 6,
                              "Index Cond": "(role_id = 10)",
                              "Rows Removed by Index Recheck": 0
                            },
                            {
                              "Node Type": "Hash",
                              "Parent Relationship": "Inner",
                              "Parallel Aware": true,
                              "Startup Cost": 45479.1,
                              "Total Cost": 45479.1,
                              "Plan Rows": 294382,
                              "Plan Width": 4,
                              "Actual Startup Time": 182.533,
                              "Actual Total Time": 182.534,
                              "Actual Rows": 189993,
                              "Actual Loops": 6,
                              "Hash Buckets": 2097152,
                              "Original Hash Buckets": 2097152,
                              "Hash Batches": 1,
                              "Original Hash Batches": 1,
                              "Peak Memory Usage": 61088,
                              "Plans": [
                                {
                                  "Node Type": "Seq Scan",
                                  "Parent Relationship": "Outer",
                                  "Parallel Aware": true,
                                  "Relation Name": "title",
                                  "Alias": "t",
                                  "Startup Cost": 0.0,
                                  "Total Cost": 45479.1,
                                  "Plan Rows": 294382,
                                  "Plan Width": 4,
                                  "Actual Startup Time": 0.046,
                                  "Actual Total Time": 87.75,
                                  "Actual Rows": 189993,
                                  "Actual Loops": 6,
                                  "Filter": "((kind_id > 4) AND (production_year < 2010))",
                                  "Rows Removed by Filter": 231392
                                }
                              ]
                            }
                          ]
                        }
                      ]
                    }
                  ]
                }
              ]
            }
          ]
        }
      ]
    },
    "Planning Time": 1.36,
    "Triggers": [],
    "Execution Time": 1696.018
  }
]