[
  {
    "Plan": {
      "Node Type": "Aggregate",
      "Strategy": "Plain",
      "Partial Mode": "Finalize",
      "Parallel Aware": false,
      "Startup Cost": 45618.71,
      "Total Cost": 45618.72,
      "Plan Rows": 1,
      "Plan Width": 8,
      "Actual Startup Time": 136.329,
      "Actual Total Time": 145.839,
      "Actual Rows": 1,
      "Actual Loops": 1,
      "Plans": [
        {
          "Node Type": "Gather",
          "Parent Relationship": "Outer",
          "Parallel Aware": false,
          "Startup Cost": 45618.4,
          "Total Cost": 45618.71,
          "Plan Rows": 3,
          "Plan Width": 8,
          "Actual Startup Time": 136.23,
          "Actual Total Time": 145.831,
          "Actual Rows": 4,
          "Actual Loops": 1,
          "Workers Planned": 3,
          "Workers Launched": 3,
          "Single Copy": false,
          "Plans": [
            {
              "Node Type": "Aggregate",
              "Strategy": "Plain",
              "Partial Mode": "Partial",
              "Parent Relationship": "Outer",
              "Parallel Aware": false,
              "Startup Cost": 44618.4,
              "Total Cost": 44618.41,
              "Plan Rows": 1,
              "Plan Width": 8,
              "Actual Startup Time": 131.251,
              "Actual Total Time": 131.252,
              "Actual Rows": 1,
              "Actual Loops": 4,
              "Plans": [
                {
                  "Node Type": "Seq Scan",
                  "Parent Relationship": "Outer",
                  "Parallel Aware": true,
                  "Relation Name": "movie_keyword",
                  "Alias": "mk",
                  "Startup Cost": 0.0,
                  "Total Cost": 42695.65,
                  "Plan Rows": 769097,
                  "Plan Width": 0,
                  "Actual Startup Time": 0.365,
                  "Actual Total Time": 105.973,
                  "Actual Rows": 592386,
                  "Actual Loops": 4,
                  "Filter": "(keyword_id > 4066)",
                  "Rows Removed by Filter": 538596
                }
              ]
            }
          ]
        }
      ]
    },
    "Planning Time": 0.123,
    "Triggers": [],
    "Execution Time": 145.877
  }
]