[
  {
    "Plan": {
      "Node Type": "Aggregate",
      "Strategy": "Plain",
      "Partial Mode": "Finalize",
      "Parallel Aware": false,
      "Startup Cost": 248820.52,
      "Total Cost": 248820.53,
      "Plan Rows": 1,
      "Plan Width": 8,
      "Actual Startup Time": 594.086,
      "Actual Total Time": 636.453,
      "Actual Rows": 1,
      "Actual Loops": 1,
      "Plans": [
        {
          "Node Type": "Gather",
          "Parent Relationship": "Outer",
          "Parallel Aware": false,
          "Startup Cost": 248820.0,
          "Total Cost": 248820.51,
          "Plan Rows": 5,
          "Plan Width": 8,
          "Actual Startup Time": 591.769,
          "Actual Total Time": 636.438,
          "Actual Rows": 6,
          "Actual Loops": 1,
          "Workers Planned": 5,
          "Workers Launched": 5,
          "Single Copy": false,
          "Plans": [
            {
              "Node Type": "Aggregate",
              "Strategy": "Plain",
              "Partial Mode": "Partial",
              "Parent Relationship": "Outer",
              "Parallel Aware": false,
              "Startup Cost": 247820.0,
              "Total Cost": 247820.01,
              "Plan Rows": 1,
              "Plan Width": 8,
              "Actual Startup Time": 581.141,
              "Actual Total Time": 581.145,
              "Actual Rows": 1,
              "Actual Loops": 6,
              "Plans": [
                {
                  "Node Type": "Hash Join",
                  "Parent Relationship": "Outer",
                  "Parallel Aware": true,
                  "Join Type": "Inner",
                  "Startup Cost": 45910.47,
                  "Total Cost": 247673.82,
                  "Plan Rows": 58471,
                  "Plan Width": 0,
                  "Actual Startup Time": 118.943,
                  "Actual Total Time": 572.279,
                  "Actual Rows": 192756,
                  "Actual Loops": 6,
                  "Inner Unique": true,
                  "Hash Cond": "(mi.movie_id = t.id)",
                  "Plans": [
                    {
                      "Node Type": "Seq Scan",
                      "Parent Relationship": "Outer",
                      "Parallel Aware": true,
                      "Relation Name": "movie_info",
                      "Alias": "mi",
                      "Startup Cost": 0.0,
                      "Total Cost": 198952.16,
                      "Plan Rows": 1070929,
                      "Plan Width": 4,
                      "Actual Startup Time": 0.025,
                      "Actual Total Time": 316.125,
                      "Actual Rows": 901753,
                      "Actual Loops": 6,
                      "Filter": "(info_type_id < 6)",
                      "Rows Removed by Filter": 1570867
                    },
                    {
                      "Node Type": "Hash",
                      "Parent Relationship": "Inner",
                      "Parallel Aware": true,
                      "Startup Cost": 45479.1,
                      "Total Cost": 45479.1,
                      "Plan Rows": 34510,
                      "Plan Width": 4,
                      "Actual Startup Time": 105.359,
                      "Actual Total Time": 105.36,
                      "Actual Rows": 46398,
                      "Actual Loops": 6,
                      "Hash Buckets": 524288,
                      "Original Hash Buckets": 262144,
                      "Hash Batches": 1,
                      "Original Hash Batches": 1,
                      "Peak Memory Usage": 17120,
                      "Plans": [
                        {
                          "Node Type": "Seq Scan",
                          "Parent Relationship": "Outer",
                          "Parallel Aware": true,
                          "Relation Name": "title",
                          "Alias": "t",
                          "Startup Cost": 0.0,
                          "Total Cost": 45479.1,
                          "Plan Rows": 34510,
                          "Plan Width": 4,
                          "Actual Startup Time": 51.747,
                          "Actual Total Time": 82.22,
                          "Actual Rows": 46398,
                          "Actual Loops": 6,
                          "Filter": "((production_year < 1982) AND (kind_id = 1))",
                          "Rows Removed by Filter": 374987
                        }
                      ]
                    }
                  ]
                }
              ]
            }
          ]
        }
      ]
    },
    "Planning Time": 0.666,
    "Triggers": [],
    "Execution Time": 636.554
  }
]