[
  {
    "Plan": {
      "Node Type": "Aggregate",
      "Strategy": "Plain",
      "Partial Mode": "Finalize",
      "Parallel Aware": false,
      "Startup Cost": 46005.25,
      "Total Cost": 46005.26,
      "Plan Rows": 1,
      "Plan Width": 8,
      "Actual Startup Time": 158.736,
      "Actual Total Time": 168.464,
      "Actual Rows": 1,
      "Actual Loops": 1,
      "Plans": [
        {
          "Node Type": "Gather",
          "Parent Relationship": "Outer",
          "Parallel Aware": false,
          "Startup Cost": 46004.93,
          "Total Cost": 46005.24,
          "Plan Rows": 3,
          "Plan Width": 8,
          "Actual Startup Time": 158.6,
          "Actual Total Time": 168.455,
          "Actual Rows": 4,
          "Actual Loops": 1,
          "Workers Planned": 3,
          "Workers Launched": 3,
          "Single Copy": false,
          "Plans": [
            {
              "Node Type": "Aggregate",
              "Strategy": "Plain",
              "Partial Mode": "Partial",
              "Parent Relationship": "Outer",
              "Parallel Aware": false,
              "Startup Cost": 45004.93,
              "Total Cost": 45004.94,
              "Plan Rows": 1,
              "Plan Width": 8,
              "Actual Startup Time": 150.708,
              "Actual Total Time": 150.709,
              "Actual Rows": 1,
              "Actual Loops": 4,
              "Plans": [
                {
                  "Node Type": "Seq Scan",
                  "Parent Relationship": "Outer",
                  "Parallel Aware": true,
                  "Relation Name": "movie_keyword",
                  "Alias": "mk",
                  "Startup Cost": 0.0,
                  "Total Cost": 42695.65,
                  "Plan Rows": 923711,
                  "Plan Width": 0,
                  "Actual Startup Time": 0.426,
                  "Actual Total Time": 119.147,
                  "Actual Rows": 711321,
                  "Actual Loops": 4,
                  "Filter": "(keyword_id > 2584)",
                  "Rows Removed by Filter": 419662
                }
              ]
            }
          ]
        }
      ]
    },
    "Planning Time": 0.188,
    "Triggers": [],
    "Execution Time": 168.52
  }
]