{
  "Plan": {
    "Node Type": "Aggregate",
    "Strategy": "Plain",
    "Partial Mode": "Finalize",
    "Parallel Aware": false,
    "Startup Cost": 110495.51,
    "Total Cost": 110495.52,
    "Plan Rows": 1,
    "Plan Width": 8,
    "Actual Startup Time": 874.691,
    "Actual Total Time": 895.965,
    "Actual Rows": 1,
    "Actual Loops": 1,
    "Plans": [
      {
        "Node Type": "Gather",
        "Parent Relationship": "Outer",
        "Parallel Aware": false,
        "Startup Cost": 110495.4,
        "Total Cost": 110495.51,
        "Plan Rows": 1,
        "Plan Width": 8,
        "Actual Startup Time": 870.757,
        "Actual Total Time": 895.955,
        "Actual Rows": 2,
        "Actual Loops": 1,
        "Workers Planned": 1,
        "Workers Launched": 1,
        "Single Copy": false,
        "Plans": [
          {
            "Node Type": "Aggregate",
            "Strategy": "Plain",
            "Partial Mode": "Partial",
            "Parent Relationship": "Outer",
            "Parallel Aware": false,
            "Startup Cost": 109495.4,
            "Total Cost": 109495.41,
            "Plan Rows": 1,
            "Plan Width": 8,
            "Actual Startup Time": 862.524,
            "Actual Total Time": 862.529,
            "Actual Rows": 1,
            "Actual Loops": 2,
            "Plans": [
              {
                "Node Type": "Hash Join",
                "Parent Relationship": "Outer",
                "Parallel Aware": true,
                "Join Type": "Inner",
                "Startup Cost": 79685.05,
                "Total Cost": 108913.28,
                "Plan Rows": 232846,
                "Plan Width": 0,
                "Actual Startup Time": 645.74,
                "Actual Total Time": 853.734,
                "Actual Rows": 119272,
                "Actual Loops": 2,
                "Inner Unique": true,
                "Hash Cond": "(mk.movie_id = t.id)",
                "Plans": [
                  {
                    "Node Type": "Bitmap Heap Scan",
                    "Parent Relationship": "Outer",
                    "Parallel Aware": true,
                    "Relation Name": "movie_keyword",
                    "Alias": "mk",
                    "Startup Cost": 11383.14,
                    "Total Cost": 39782.79,
                    "Plan Rows": 315652,
                    "Plan Width": 4,
                    "Actual Startup Time": 48.653,
                    "Actual Total Time": 146.766,
                    "Actual Rows": 273753,
                    "Actual Loops": 2,
                    "Recheck Cond": "(keyword_id < 394)",
                    "Rows Removed by Index Recheck": 0,
                    "Exact Heap Blocks": 13479,
                    "Lossy Heap Blocks": 0,
                    "Plans": [
                      {
                        "Node Type": "Bitmap Index Scan",
                        "Parent Relationship": "Outer",
                        "Parallel Aware": false,
                        "Index Name": "keyword_id_movie_keyword",
                        "Startup Cost": 0.0,
                        "Total Cost": 11248.99,
                        "Plan Rows": 536608,
                        "Plan Width": 0,
                        "Actual Startup Time": 42.971,
                        "Actual Total Time": 42.972,
                        "Actual Rows": 547506,
                        "Actual Loops": 1,
                        "Index Cond": "(keyword_id < 394)"
                      }
                    ]
                  },
                  {
                    "Node Type": "Hash",
                    "Parent Relationship": "Inner",
                    "Parallel Aware": true,
                    "Startup Cost": 54588.39,
                    "Total Cost": 54588.39,
                    "Plan Rows": 1097081,
                    "Plan Width": 4,
                    "Actual Startup Time": 582.788,
                    "Actual Total Time": 582.789,
                    "Actual Rows": 932744,
                    "Actual Loops": 2,
                    "Hash Buckets": 2097152,
                    "Original Hash Buckets": 2097152,
                    "Hash Batches": 1,
                    "Original Hash Batches": 1,
                    "Peak Memory Usage": 89376,
                    "Plans": [
                      {
                        "Node Type": "Seq Scan",
                        "Parent Relationship": "Outer",
                        "Parallel Aware": true,
                        "Relation Name": "title",
                        "Alias": "t",
                        "Startup Cost": 0.0,
                        "Total Cost": 54588.39,
                        "Plan Rows": 1097081,
                        "Plan Width": 4,
                        "Actual Startup Time": 0.03,
                        "Actual Total Time": 247.667,
                        "Actual Rows": 932744,
                        "Actual Loops": 2,
                        "Filter": "(kind_id > 1)",
                        "Rows Removed by Filter": 331412
                      }
                    ]
                  }
                ]
              }
            ]
          }
        ]
      }
    ]
  },
  "Planning Time": 0.603,
  "Triggers": [],
  "Execution Time": 896.059
}