[
    {
        "Bao": {
            "Bao prediction": "NaN",
            "Bao recommended hint": "(no hint)"
        }
    },
    {
        "Plan": {
            "Node Type": "Aggregate",
            "Strategy": "Plain",
            "Partial Mode": "Finalize",
            "Parallel Aware": false,
            "Startup Cost": 352163.7,
            "Total Cost": 352163.71,
            "Plan Rows": 1,
            "Plan Width": 8,
            "Actual Startup Time": 778.261,
            "Actual Total Time": 804.264,
            "Actual Rows": 1,
            "Actual Loops": 1,
            "Output": [
                "count(*)"
            ],
            "Plans": [
                {
                    "Node Type": "Gather",
                    "Parent Relationship": "Outer",
                    "Parallel Aware": false,
                    "Startup Cost": 352163.07,
                    "Total Cost": 352163.68,
                    "Plan Rows": 6,
                    "Plan Width": 8,
                    "Actual Startup Time": 778.127,
                    "Actual Total Time": 804.256,
                    "Actual Rows": 7,
                    "Actual Loops": 1,
                    "Output": [
                        "(PARTIAL count(*))"
                    ],
                    "Workers Planned": 6,
                    "Workers Launched": 6,
                    "Single Copy": false,
                    "Plans": [
                        {
                            "Node Type": "Aggregate",
                            "Strategy": "Plain",
                            "Partial Mode": "Partial",
                            "Parent Relationship": "Outer",
                            "Parallel Aware": false,
                            "Startup Cost": 351163.07,
                            "Total Cost": 351163.08,
                            "Plan Rows": 1,
                            "Plan Width": 8,
                            "Actual Startup Time": 768.616,
                            "Actual Total Time": 768.617,
                            "Actual Rows": 1,
                            "Actual Loops": 7,
                            "Output": [
                                "PARTIAL count(*)"
                            ],
                            "Workers": [
                                {
                                    "Worker Number": 0,
                                    "Actual Startup Time": 766.52,
                                    "Actual Total Time": 766.521,
                                    "Actual Rows": 1,
                                    "Actual Loops": 1
                                },
                                {
                                    "Worker Number": 1,
                                    "Actual Startup Time": 766.603,
                                    "Actual Total Time": 766.603,
                                    "Actual Rows": 1,
                                    "Actual Loops": 1
                                },
                                {
                                    "Worker Number": 2,
                                    "Actual Startup Time": 766.609,
                                    "Actual Total Time": 766.61,
                                    "Actual Rows": 1,
                                    "Actual Loops": 1
                                },
                                {
                                    "Worker Number": 3,
                                    "Actual Startup Time": 767.226,
                                    "Actual Total Time": 767.228,
                                    "Actual Rows": 1,
                                    "Actual Loops": 1
                                },
                                {
                                    "Worker Number": 4,
                                    "Actual Startup Time": 767.794,
                                    "Actual Total Time": 767.794,
                                    "Actual Rows": 1,
                                    "Actual Loops": 1
                                },
                                {
                                    "Worker Number": 5,
                                    "Actual Startup Time": 767.733,
                                    "Actual Total Time": 767.734,
                                    "Actual Rows": 1,
                                    "Actual Loops": 1
                                }
                            ],
                            "Plans": [
                                {
                                    "Node Type": "Seq Scan",
                                    "Parent Relationship": "Outer",
                                    "Parallel Aware": true,
                                    "Relation Name": "cast_info",
                                    "Schema": "public",
                                    "Alias": "ci",
                                    "Startup Cost": 0.0,
                                    "Total Cost": 343318.94,
                                    "Plan Rows": 3137653,
                                    "Plan Width": 0,
                                    "Actual Startup Time": 203.19,
                                    "Actual Total Time": 636.643,
                                    "Actual Rows": 3072480,
                                    "Actual Loops": 7,
                                    "Output": [
                                        "id",
                                        "person_id",
                                        "movie_id",
                                        "person_role_id",
                                        "note",
                                        "nr_order",
                                        "role_id"
                                    ],
                                    "Filter": "((ci.person_id > 717159) AND (ci.role_id > 1))",
                                    "Rows Removed by Filter": 2105284,
                                    "Workers": [
                                        {
                                            "Worker Number": 0,
                                            "Actual Startup Time": 201.107,
                                            "Actual Total Time": 632.864,
                                            "Actual Rows": 2020869,
                                            "Actual Loops": 1
                                        },
                                        {
                                            "Worker Number": 1,
                                            "Actual Startup Time": 201.169,
                                            "Actual Total Time": 637.885,
                                            "Actual Rows": 3149489,
                                            "Actual Loops": 1
                                        },
                                        {
                                            "Worker Number": 2,
                                            "Actual Startup Time": 201.169,
                                            "Actual Total Time": 638.155,
                                            "Actual Rows": 3142108,
                                            "Actual Loops": 1
                                        },
                                        {
                                            "Worker Number": 3,
                                            "Actual Startup Time": 201.805,
                                            "Actual Total Time": 639.492,
                                            "Actual Rows": 3125473,
                                            "Actual Loops": 1
                                        },
                                        {
                                            "Worker Number": 4,
                                            "Actual Startup Time": 202.363,
                                            "Actual Total Time": 638.856,
                                            "Actual Rows": 3155005,
                                            "Actual Loops": 1
                                        },
                                        {
                                            "Worker Number": 5,
                                            "Actual Startup Time": 202.31,
                                            "Actual Total Time": 639.665,
                                            "Actual Rows": 3135611,
                                            "Actual Loops": 1
                                        }
                                    ]
                                }
                            ]
                        }
                    ]
                }
            ]
        },
        "Planning Time": 186.689,
        "Triggers": [],
        "Execution Time": 804.305
    }
]