[
  {
    "Plan": {
      "Node Type": "Aggregate",
      "Strategy": "Plain",
      "Partial Mode": "Finalize",
      "Parallel Aware": false,
      "Startup Cost": 395428.36,
      "Total Cost": 395428.37,
      "Plan Rows": 1,
      "Plan Width": 8,
      "Actual Startup Time": 5692.646,
      "Actual Total Time": 5781.495,
      "Actual Rows": 1,
      "Actual Loops": 1,
      "Plans": [
        {
          "Node Type": "Gather",
          "Parent Relationship": "Outer",
          "Parallel Aware": false,
          "Startup Cost": 395428.04,
          "Total Cost": 395428.35,
          "Plan Rows": 3,
          "Plan Width": 8,
          "Actual Startup Time": 5688.94,
          "Actual Total Time": 5781.483,
          "Actual Rows": 4,
          "Actual Loops": 1,
          "Workers Planned": 3,
          "Workers Launched": 3,
          "Single Copy": false,
          "Plans": [
            {
              "Node Type": "Aggregate",
              "Strategy": "Plain",
              "Partial Mode": "Partial",
              "Parent Relationship": "Outer",
              "Parallel Aware": false,
              "Startup Cost": 394428.04,
              "Total Cost": 394428.05,
              "Plan Rows": 1,
              "Plan Width": 8,
              "Actual Startup Time": 5679.343,
              "Actual Total Time": 5679.347,
              "Actual Rows": 1,
              "Actual Loops": 4,
              "Plans": [
                {
                  "Node Type": "Nested Loop",
                  "Parent Relationship": "Outer",
                  "Parallel Aware": false,
                  "Join Type": "Inner",
                  "Startup Cost": 47833.46,
                  "Total Cost": 392530.46,
                  "Plan Rows": 759034,
                  "Plan Width": 0,
                  "Actual Startup Time": 329.625,
                  "Actual Total Time": 5552.21,
                  "Actual Rows": 2158344,
                  "Actual Loops": 4,
                  "Inner Unique": false,
                  "Join Filter": "(t.id = ci.movie_id)",
                  "Rows Removed by Join Filter": 0,
                  "Plans": [
                    {
                      "Node Type": "Hash Join",
                      "Parent Relationship": "Outer",
                      "Parallel Aware": true,
                      "Join Type": "Inner",
                      "Startup Cost": 47832.9,
                      "Total Cost": 80199.03,
                      "Plan Rows": 107966,
                      "Plan Width": 8,
                      "Actual Startup Time": 329.333,
                      "Actual Total Time": 574.949,
                      "Actual Rows": 183206,
                      "Actual Loops": 4,
                      "Inner Unique": true,
                      "Hash Cond": "(mc.movie_id = t.id)",
                      "Plans": [
                        {
                          "Node Type": "Seq Scan",
                          "Parent Relationship": "Outer",
                          "Parallel Aware": true,
                          "Relation Name": "movie_companies",
                          "Alias": "mc",
                          "Startup Cost": 0.0,
                          "Total Cost": 31414.82,
                          "Plan Rows": 362405,
                          "Plan Width": 4,
                          "Actual Startup Time": 52.845,
                          "Actual Total Time": 113.145,
                          "Actual Rows": 310493,
                          "Actual Loops": 4,
                          "Filter": "((company_id > 239) AND (company_type_id = 2))",
                          "Rows Removed by Filter": 341789
                        },
                        {
                          "Node Type": "Hash",
                          "Parent Relationship": "Inner",
                          "Parallel Aware": true,
                          "Startup Cost": 45479.1,
                          "Total Cost": 45479.1,
                          "Plan Rows": 188304,
                          "Plan Width": 4,
                          "Actual Startup Time": 271.325,
                          "Actual Total Time": 271.326,
                          "Actual Rows": 198486,
                          "Actual Loops": 4,
                          "Hash Buckets": 1048576,
                          "Original Hash Buckets": 1048576,
                          "Hash Batches": 1,
                          "Original Hash Batches": 1,
                          "Peak Memory Usage": 39328,
                          "Plans": [
                            {
                              "Node Type": "Seq Scan",
                              "Parent Relationship": "Outer",
                              "Parallel Aware": true,
                              "Relation Name": "title",
                              "Alias": "t",
                              "Startup Cost": 0.0,
                              "Total Cost": 45479.1,
                              "Plan Rows": 188304,
                              "Plan Width": 4,
                              "Actual Startup Time": 0.049,
                              "Actual Total Time": 156.499,
                              "Actual Rows": 198486,
                              "Actual Loops": 4,
                              "Filter": "((kind_id < 7) AND (production_year < 2010))",
                              "Rows Removed by Filter": 433592
                            }
                          ]
                        }
                      ]
                    },
                    {
                      "Node Type": "Index Scan",
                      "Parent Relationship": "Inner",
                      "Parallel Aware": false,
                      "Scan Direction": "Forward",
                      "Index Name": "movie_id_cast_info",
                      "Relation Name": "cast_info",
                      "Alias": "ci",
                      "Startup Cost": 0.56,
                      "Total Cost": 2.67,
                      "Plan Rows": 18,
                      "Plan Width": 4,
                      "Actual Startup Time": 0.005,
                      "Actual Total Time": 0.026,
                      "Actual Rows": 12,
                      "Actual Loops": 732824,
                      "Index Cond": "(movie_id = mc.movie_id)",
                      "Rows Removed by Index Recheck": 0,
                      "Filter": "(person_id < 1765386)",
                      "Rows Removed by Filter": 11
                    }
                  ]
                }
              ]
            }
          ]
        }
      ]
    },
    "Planning Time": 1.548,
    "Triggers": [],
    "Execution Time": 5781.609
  }
]