{
  "Plan": {
    "Node Type": "Aggregate",
    "Strategy": "Plain",
    "Partial Mode": "Finalize",
    "Parallel Aware": false,
    "Startup Cost": 597703.75,
    "Total Cost": 597703.76,
    "Plan Rows": 1,
    "Plan Width": 8,
    "Actual Startup Time": 4498.381,
    "Actual Total Time": 4530.402,
    "Actual Rows": 1,
    "Actual Loops": 1,
    "Plans": [
      {
        "Node Type": "Gather",
        "Parent Relationship": "Outer",
        "Parallel Aware": false,
        "Startup Cost": 597703.64,
        "Total Cost": 597703.75,
        "Plan Rows": 1,
        "Plan Width": 8,
        "Actual Startup Time": 4490.7,
        "Actual Total Time": 4530.393,
        "Actual Rows": 2,
        "Actual Loops": 1,
        "Workers Planned": 1,
        "Workers Launched": 1,
        "Single Copy": false,
        "Plans": [
          {
            "Node Type": "Aggregate",
            "Strategy": "Plain",
            "Partial Mode": "Partial",
            "Parent Relationship": "Outer",
            "Parallel Aware": false,
            "Startup Cost": 596703.64,
            "Total Cost": 596703.65,
            "Plan Rows": 1,
            "Plan Width": 8,
            "Actual Startup Time": 4484.929,
            "Actual Total Time": 4484.935,
            "Actual Rows": 1,
            "Actual Loops": 2,
            "Plans": [
              {
                "Node Type": "Hash Join",
                "Parent Relationship": "Outer",
                "Parallel Aware": true,
                "Join Type": "Inner",
                "Startup Cost": 253580.43,
                "Total Cost": 593435.12,
                "Plan Rows": 1307409,
                "Plan Width": 0,
                "Actual Startup Time": 1166.796,
                "Actual Total Time": 4379.389,
                "Actual Rows": 2717300,
                "Actual Loops": 2,
                "Inner Unique": false,
                "Hash Cond": "(t.id = mc.movie_id)",
                "Plans": [
                  {
                    "Node Type": "Hash Join",
                    "Parent Relationship": "Outer",
                    "Parallel Aware": true,
                    "Join Type": "Inner",
                    "Startup Cost": 209068.87,
                    "Total Cost": 517994.02,
                    "Plan Rows": 3718224,
                    "Plan Width": 8,
                    "Actual Startup Time": 910.787,
                    "Actual Total Time": 2908.173,
                    "Actual Rows": 3262194,
                    "Actual Loops": 2,
                    "Inner Unique": true,
                    "Hash Cond": "(ci.movie_id = t.id)",
                    "Plans": [
                      {
                        "Node Type": "Bitmap Heap Scan",
                        "Parent Relationship": "Outer",
                        "Parallel Aware": true,
                        "Relation Name": "cast_info",
                        "Alias": "ci",
                        "Startup Cost": 139608.17,
                        "Total Cost": 438772.97,
                        "Plan Rows": 3718224,
                        "Plan Width": 4,
                        "Actual Startup Time": 347.059,
                        "Actual Total Time": 708.772,
                        "Actual Rows": 3262194,
                        "Actual Loops": 2,
                        "Recheck Cond": "(person_id < 629527)",
                        "Rows Removed by Index Recheck": 0,
                        "Exact Heap Blocks": 36483,
                        "Lossy Heap Blocks": 0,
                        "Plans": [
                          {
                            "Node Type": "Bitmap Index Scan",
                            "Parent Relationship": "Outer",
                            "Parallel Aware": false,
                            "Index Name": "person_id_cast_info",
                            "Startup Cost": 0.0,
                            "Total Cost": 138027.92,
                            "Plan Rows": 6320981,
                            "Plan Width": 0,
                            "Actual Startup Time": 334.856,
                            "Actual Total Time": 334.857,
                            "Actual Rows": 6524387,
                            "Actual Loops": 1,
                            "Index Cond": "(person_id < 629527)"
                          }
                        ]
                      },
                      {
                        "Node Type": "Hash",
                        "Parent Relationship": "Inner",
                        "Parallel Aware": true,
                        "Startup Cost": 50870.31,
                        "Total Cost": 50870.31,
                        "Plan Rows": 1487231,
                        "Plan Width": 4,
                        "Actual Startup Time": 551.523,
                        "Actual Total Time": 551.524,
                        "Actual Rows": 1264156,
                        "Actual Loops": 2,
                        "Hash Buckets": 4194304,
                        "Original Hash Buckets": 4194304,
                        "Hash Batches": 1,
                        "Original Hash Batches": 1,
                        "Peak Memory Usage": 131712,
                        "Plans": [
                          {
                            "Node Type": "Seq Scan",
                            "Parent Relationship": "Outer",
                            "Parallel Aware": true,
                            "Relation Name": "title",
                            "Alias": "t",
                            "Startup Cost": 0.0,
                            "Total Cost": 50870.31,
                            "Plan Rows": 1487231,
                            "Plan Width": 4,
                            "Actual Startup Time": 0.019,
                            "Actual Total Time": 154.147,
                            "Actual Rows": 1264156,
                            "Actual Loops": 2
                          }
                        ]
                      }
                    ]
                  },
                  {
                    "Node Type": "Hash",
                    "Parent Relationship": "Inner",
                    "Parallel Aware": true,
                    "Startup Cost": 37974.77,
                    "Total Cost": 37974.77,
                    "Plan Rows": 522943,
                    "Plan Width": 4,
                    "Actual Startup Time": 246.508,
                    "Actual Total Time": 246.509,
                    "Actual Rows": 442445,
                    "Actual Loops": 2,
                    "Hash Buckets": 1048576,
                    "Original Hash Buckets": 1048576,
                    "Hash Batches": 1,
                    "Original Hash Batches": 1,
                    "Peak Memory Usage": 42848,
                    "Plans": [
                      {
                        "Node Type": "Seq Scan",
                        "Parent Relationship": "Outer",
                        "Parallel Aware": true,
                        "Relation Name": "movie_companies",
                        "Alias": "mc",
                        "Startup Cost": 0.0,
                        "Total Cost": 37974.77,
                        "Plan Rows": 522943,
                        "Plan Width": 4,
                        "Actual Startup Time": 0.039,
                        "Actual Total Time": 125.083,
                        "Actual Rows": 442445,
                        "Actual Loops": 2,
                        "Filter": "(company_id < 2677)",
                        "Rows Removed by Filter": 862120
                      }
                    ]
                  }
                ]
              }
            ]
          }
        ]
      }
    ]
  },
  "Planning Time": 1.04,
  "Triggers": [],
  "Execution Time": 4530.502
}