[
  {
    "Plan": {
      "Node Type": "Aggregate",
      "Strategy": "Plain",
      "Partial Mode": "Finalize",
      "Parallel Aware": false,
      "Startup Cost": 456495.94,
      "Total Cost": 456495.95,
      "Plan Rows": 1,
      "Plan Width": 8,
      "Actual Startup Time": 3190.139,
      "Actual Total Time": 3247.848,
      "Actual Rows": 1,
      "Actual Loops": 1,
      "Plans": [
        {
          "Node Type": "Gather",
          "Parent Relationship": "Outer",
          "Parallel Aware": false,
          "Startup Cost": 456495.31,
          "Total Cost": 456495.92,
          "Plan Rows": 6,
          "Plan Width": 8,
          "Actual Startup Time": 3161.146,
          "Actual Total Time": 3247.83,
          "Actual Rows": 7,
          "Actual Loops": 1,
          "Workers Planned": 6,
          "Workers Launched": 6,
          "Single Copy": false,
          "Plans": [
            {
              "Node Type": "Aggregate",
              "Strategy": "Plain",
              "Partial Mode": "Partial",
              "Parent Relationship": "Outer",
              "Parallel Aware": false,
              "Startup Cost": 455495.31,
              "Total Cost": 455495.32,
              "Plan Rows": 1,
              "Plan Width": 8,
              "Actual Startup Time": 3138.376,
              "Actual Total Time": 3139.0,
              "Actual Rows": 1,
              "Actual Loops": 7,
              "Plans": [
                {
                  "Node Type": "Hash Join",
                  "Parent Relationship": "Outer",
                  "Parallel Aware": true,
                  "Join Type": "Inner",
                  "Startup Cost": 99709.7,
                  "Total Cost": 448563.25,
                  "Plan Rows": 2772824,
                  "Plan Width": 0,
                  "Actual Startup Time": 513.555,
                  "Actual Total Time": 2675.186,
                  "Actual Rows": 10264615,
                  "Actual Loops": 7,
                  "Inner Unique": false,
                  "Hash Cond": "(ci.movie_id = t.id)",
                  "Plans": [
                    {
                      "Node Type": "Seq Scan",
                      "Parent Relationship": "Outer",
                      "Parallel Aware": true,
                      "Relation Name": "cast_info",
                      "Alias": "ci",
                      "Startup Cost": 0.0,
                      "Total Cost": 328162.03,
                      "Plan Rows": 3132515,
                      "Plan Width": 4,
                      "Actual Startup Time": 0.023,
                      "Actual Total Time": 580.705,
                      "Actual Rows": 2695138,
                      "Actual Loops": 7,
                      "Filter": "(person_id < 1879533)",
                      "Rows Removed by Filter": 2482625
                    },
                    {
                      "Node Type": "Hash",
                      "Parent Relationship": "Inner",
                      "Parallel Aware": true,
                      "Startup Cost": 90685.57,
                      "Total Cost": 90685.57,
                      "Plan Rows": 721930,
                      "Plan Width": 8,
                      "Actual Startup Time": 506.586,
                      "Actual Total Time": 507.208,
                      "Actual Rows": 416785,
                      "Actual Loops": 7,
                      "Hash Buckets": 4194304,
                      "Original Hash Buckets": 4194304,
                      "Hash Batches": 1,
                      "Original Hash Batches": 1,
                      "Peak Memory Usage": 147072,
                      "Plans": [
                        {
                          "Node Type": "Hash Join",
                          "Parent Relationship": "Outer",
                          "Parallel Aware": true,
                          "Join Type": "Inner",
                          "Startup Cost": 47807.49,
                          "Total Cost": 90685.57,
                          "Plan Rows": 721930,
                          "Plan Width": 8,
                          "Actual Startup Time": 188.189,
                          "Actual Total Time": 369.655,
                          "Actual Rows": 416785,
                          "Actual Loops": 7,
                          "Inner Unique": true,
                          "Hash Cond": "(mk.movie_id = t.id)",
                          "Plans": [
                            {
                              "Node Type": "Seq Scan",
                              "Parent Relationship": "Outer",
                              "Parallel Aware": true,
                              "Relation Name": "movie_keyword",
                              "Alias": "mk",
                              "Startup Cost": 0.0,
                              "Total Cost": 39047.32,
                              "Plan Rows": 1459332,
                              "Plan Width": 4,
                              "Actual Startup Time": 0.034,
                              "Actual Total Time": 64.894,
                              "Actual Rows": 646276,
                              "Actual Loops": 7
                            },
                            {
                              "Node Type": "Hash",
                              "Parent Relationship": "Inner",
                              "Parallel Aware": true,
                              "Startup Cost": 43898.92,
                              "Total Cost": 43898.92,
                              "Plan Rows": 312686,
                              "Plan Width": 4,
                              "Actual Startup Time": 185.28,
                              "Actual Total Time": 185.281,
                              "Actual Rows": 180529,
                              "Actual Loops": 7,
                              "Hash Buckets": 2097152,
                              "Original Hash Buckets": 2097152,
                              "Hash Batches": 1,
                              "Original Hash Batches": 1,
                              "Peak Memory Usage": 65952,
                              "Plans": [
                                {
                                  "Node Type": "Seq Scan",
                                  "Parent Relationship": "Outer",
                                  "Parallel Aware": true,
                                  "Relation Name": "title",
                                  "Alias": "t",
                                  "Startup Cost": 0.0,
                                  "Total Cost": 43898.92,
                                  "Plan Rows": 312686,
                                  "Plan Width": 4,
                                  "Actual Startup Time": 0.061,
                                  "Actual Total Time": 84.917,
                                  "Actual Rows": 180529,
                                  "Actual Loops": 7,
                                  "Filter": "(production_year < 2004)",
                                  "Rows Removed by Filter": 180659
                                }
                              ]
                            }
                          ]
                        }
                      ]
                    }
                  ]
                }
              ]
            }
          ]
        }
      ]
    },
    "Planning Time": 1.217,
    "Triggers": [],
    "Execution Time": 3247.935
  }
]