[
  {
    "Plan": {
      "Node Type": "Aggregate",
      "Strategy": "Plain",
      "Partial Mode": "Finalize",
      "Parallel Aware": false,
      "Startup Cost": 249221.12,
      "Total Cost": 249221.13,
      "Plan Rows": 1,
      "Plan Width": 8,
      "Actual Startup Time": 1065.886,
      "Actual Total Time": 1122.878,
      "Actual Rows": 1,
      "Actual Loops": 1,
      "Plans": [
        {
          "Node Type": "Gather",
          "Parent Relationship": "Outer",
          "Parallel Aware": false,
          "Startup Cost": 249220.6,
          "Total Cost": 249221.11,
          "Plan Rows": 5,
          "Plan Width": 8,
          "Actual Startup Time": 1062.605,
          "Actual Total Time": 1122.864,
          "Actual Rows": 6,
          "Actual Loops": 1,
          "Workers Planned": 5,
          "Workers Launched": 5,
          "Single Copy": false,
          "Plans": [
            {
              "Node Type": "Aggregate",
              "Strategy": "Plain",
              "Partial Mode": "Partial",
              "Parent Relationship": "Outer",
              "Parallel Aware": false,
              "Startup Cost": 248220.6,
              "Total Cost": 248220.61,
              "Plan Rows": 1,
              "Plan Width": 8,
              "Actual Startup Time": 1051.434,
              "Actual Total Time": 1051.438,
              "Actual Rows": 1,
              "Actual Loops": 6,
              "Plans": [
                {
                  "Node Type": "Hash Join",
                  "Parent Relationship": "Outer",
                  "Parallel Aware": true,
                  "Join Type": "Inner",
                  "Startup Cost": 47161.29,
                  "Total Cost": 246640.69,
                  "Plan Rows": 631962,
                  "Plan Width": 0,
                  "Actual Startup Time": 172.495,
                  "Actual Total Time": 1008.126,
                  "Actual Rows": 904968,
                  "Actual Loops": 6,
                  "Inner Unique": true,
                  "Hash Cond": "(mi.movie_id = t.id)",
                  "Plans": [
                    {
                      "Node Type": "Seq Scan",
                      "Parent Relationship": "Outer",
                      "Parallel Aware": true,
                      "Relation Name": "movie_info",
                      "Alias": "mi",
                      "Startup Cost": 0.0,
                      "Total Cost": 191685.19,
                      "Plan Rows": 2969219,
                      "Plan Width": 4,
                      "Actual Startup Time": 0.033,
                      "Actual Total Time": 334.721,
                      "Actual Rows": 2472620,
                      "Actual Loops": 6
                    },
                    {
                      "Node Type": "Hash",
                      "Parent Relationship": "Inner",
                      "Parallel Aware": true,
                      "Startup Cost": 45479.59,
                      "Total Cost": 45479.59,
                      "Plan Rows": 134536,
                      "Plan Width": 4,
                      "Actual Startup Time": 154.705,
                      "Actual Total Time": 154.707,
                      "Actual Rows": 69402,
                      "Actual Loops": 6,
                      "Hash Buckets": 1048576,
                      "Original Hash Buckets": 1048576,
                      "Hash Batches": 1,
                      "Original Hash Batches": 1,
                      "Peak Memory Usage": 24576,
                      "Plans": [
                        {
                          "Node Type": "Seq Scan",
                          "Parent Relationship": "Outer",
                          "Parallel Aware": true,
                          "Relation Name": "title",
                          "Alias": "t",
                          "Startup Cost": 0.0,
                          "Total Cost": 45479.59,
                          "Plan Rows": 134536,
                          "Plan Width": 4,
                          "Actual Startup Time": 51.642,
                          "Actual Total Time": 100.468,
                          "Actual Rows": 69402,
                          "Actual Loops": 6,
                          "Filter": "((production_year > 1972) AND (kind_id = 1))",
                          "Rows Removed by Filter": 351983
                        }
                      ]
                    }
                  ]
                }
              ]
            }
          ]
        }
      ]
    },
    "Planning Time": 0.624,
    "Triggers": [],
    "Execution Time": 1122.963
  }
]