{
  "Plan": {
    "Node Type": "Aggregate",
    "Strategy": "Plain",
    "Partial Mode": "Finalize",
    "Parallel Aware": false,
    "Startup Cost": 475921.91,
    "Total Cost": 475921.92,
    "Plan Rows": 1,
    "Plan Width": 8,
    "Actual Startup Time": 997.694,
    "Actual Total Time": 1013.669,
    "Actual Rows": 1,
    "Actual Loops": 1,
    "Plans": [
      {
        "Node Type": "Gather",
        "Parent Relationship": "Outer",
        "Parallel Aware": false,
        "Startup Cost": 475921.8,
        "Total Cost": 475921.91,
        "Plan Rows": 1,
        "Plan Width": 8,
        "Actual Startup Time": 989.161,
        "Actual Total Time": 1013.661,
        "Actual Rows": 2,
        "Actual Loops": 1,
        "Workers Planned": 1,
        "Workers Launched": 1,
        "Single Copy": false,
        "Plans": [
          {
            "Node Type": "Aggregate",
            "Strategy": "Plain",
            "Partial Mode": "Partial",
            "Parent Relationship": "Outer",
            "Parallel Aware": false,
            "Startup Cost": 474921.8,
            "Total Cost": 474921.81,
            "Plan Rows": 1,
            "Plan Width": 8,
            "Actual Startup Time": 982.587,
            "Actual Total Time": 982.594,
            "Actual Rows": 1,
            "Actual Loops": 2,
            "Plans": [
              {
                "Node Type": "Merge Join",
                "Parent Relationship": "Outer",
                "Parallel Aware": false,
                "Join Type": "Inner",
                "Startup Cost": 464256.92,
                "Total Cost": 474332.71,
                "Plan Rows": 235637,
                "Plan Width": 0,
                "Actual Startup Time": 939.215,
                "Actual Total Time": 979.435,
                "Actual Rows": 78538,
                "Actual Loops": 2,
                "Inner Unique": false,
                "Merge Cond": "(t.id = mi.movie_id)",
                "Plans": [
                  {
                    "Node Type": "Sort",
                    "Parent Relationship": "Outer",
                    "Parallel Aware": false,
                    "Startup Cost": 199827.28,
                    "Total Cost": 201697.57,
                    "Plan Rows": 748116,
                    "Plan Width": 8,
                    "Actual Startup Time": 685.856,
                    "Actual Total Time": 691.608,
                    "Actual Rows": 159449,
                    "Actual Loops": 2,
                    "Sort Key": [
                      "t.id"
                    ],
                    "Sort Method": "quicksort",
                    "Sort Space Used": 14061,
                    "Sort Space Type": "Memory",
                    "Workers": [
                      {
                        "Worker Number": 0,
                        "Sort Method": "quicksort",
                        "Sort Space Used": 13176,
                        "Sort Space Type": "Memory"
                      }
                    ],
                    "Plans": [
                      {
                        "Node Type": "Hash Join",
                        "Parent Relationship": "Outer",
                        "Parallel Aware": true,
                        "Join Type": "Inner",
                        "Startup Cost": 65888.86,
                        "Total Cost": 126837.71,
                        "Plan Rows": 748116,
                        "Plan Width": 8,
                        "Actual Startup Time": 358.234,
                        "Actual Total Time": 659.081,
                        "Actual Rows": 159449,
                        "Actual Loops": 2,
                        "Inner Unique": true,
                        "Hash Cond": "(mk.movie_id = t.id)",
                        "Plans": [
                          {
                            "Node Type": "Seq Scan",
                            "Parent Relationship": "Outer",
                            "Parallel Aware": true,
                            "Relation Name": "movie_keyword",
                            "Alias": "mk",
                            "Startup Cost": 0.0,
                            "Total Cost": 57718.19,
                            "Plan Rows": 1230724,
                            "Plan Width": 4,
                            "Actual Startup Time": 0.505,
                            "Actual Total Time": 175.898,
                            "Actual Rows": 1044567,
                            "Actual Loops": 2,
                            "Filter": "(keyword_id > 5772)",
                            "Rows Removed by Filter": 1217398
                          },
                          {
                            "Node Type": "Hash",
                            "Parent Relationship": "Inner",
                            "Parallel Aware": true,
                            "Startup Cost": 54588.39,
                            "Total Cost": 54588.39,
                            "Plan Rows": 904038,
                            "Plan Width": 4,
                            "Actual Startup Time": 343.78,
                            "Actual Total Time": 343.781,
                            "Actual Rows": 771632,
                            "Actual Loops": 2,
                            "Hash Buckets": 2097152,
                            "Original Hash Buckets": 2097152,
                            "Hash Batches": 1,
                            "Original Hash Batches": 1,
                            "Peak Memory Usage": 76768,
                            "Plans": [
                              {
                                "Node Type": "Seq Scan",
                                "Parent Relationship": "Outer",
                                "Parallel Aware": true,
                                "Relation Name": "title",
                                "Alias": "t",
                                "Startup Cost": 0.0,
                                "Total Cost": 54588.39,
                                "Plan Rows": 904038,
                                "Plan Width": 4,
                                "Actual Startup Time": 0.028,
                                "Actual Total Time": 149.423,
                                "Actual Rows": 771632,
                                "Actual Loops": 2,
                                "Filter": "(kind_id = 7)",
                                "Rows Removed by Filter": 492524
                              }
                            ]
                          }
                        ]
                      }
                    ]
                  },
                  {
                    "Node Type": "Sort",
                    "Parent Relationship": "Inner",
                    "Parallel Aware": false,
                    "Startup Cost": 264429.56,
                    "Total Cost": 266420.43,
                    "Plan Rows": 796347,
                    "Plan Width": 4,
                    "Actual Startup Time": 253.073,
                    "Actual Total Time": 262.297,
                    "Actual Rows": 282918,
                    "Actual Loops": 2,
                    "Sort Key": [
                      "mi.movie_id"
                    ],
                    "Sort Method": "quicksort",
                    "Sort Space Used": 62177,
                    "Sort Space Type": "Memory",
                    "Workers": [
                      {
                        "Worker Number": 0,
                        "Sort Method": "quicksort",
                        "Sort Space Used": 62177,
                        "Sort Space Type": "Memory"
                      }
                    ],
                    "Plans": [
                      {
                        "Node Type": "Bitmap Heap Scan",
                        "Parent Relationship": "Outer",
                        "Parallel Aware": false,
                        "Relation Name": "movie_info",
                        "Alias": "mi",
                        "Startup Cost": 14428.12,
                        "Total Cost": 186375.46,
                        "Plan Rows": 796347,
                        "Plan Width": 4,
                        "Actual Startup Time": 22.37,
                        "Actual Total Time": 99.105,
                        "Actual Rows": 802140,
                        "Actual Loops": 2,
                        "Recheck Cond": "(info_type_id < 2)",
                        "Rows Removed by Index Recheck": 0,
                        "Exact Heap Blocks": 4868,
                        "Lossy Heap Blocks": 0,
                        "Plans": [
                          {
                            "Node Type": "Bitmap Index Scan",
                            "Parent Relationship": "Outer",
                            "Parallel Aware": false,
                            "Index Name": "info_type_id_movie_info",
                            "Startup Cost": 0.0,
                            "Total Cost": 14229.04,
                            "Plan Rows": 796347,
                            "Plan Width": 0,
                            "Actual Startup Time": 21.842,
                            "Actual Total Time": 21.842,
                            "Actual Rows": 802140,
                            "Actual Loops": 2,
                            "Index Cond": "(info_type_id < 2)"
                          }
                        ]
                      }
                    ]
                  }
                ]
              }
            ]
          }
        ]
      }
    ]
  },
  "Planning Time": 1.078,
  "Triggers": [],
  "Execution Time": 1015.911
}