{
  "Plan": {
    "Node Type": "Aggregate",
    "Strategy": "Plain",
    "Partial Mode": "Simple",
    "Parallel Aware": false,
    "Startup Cost": 12771.73,
    "Total Cost": 12771.74,
    "Plan Rows": 1,
    "Plan Width": 128,
    "Actual Startup Time": 474.463,
    "Actual Total Time": 474.564,
    "Actual Rows": 1,
    "Actual Loops": 1,
    "Plans": [
      {
        "Node Type": "Gather",
        "Parent Relationship": "Outer",
        "Parallel Aware": false,
        "Startup Cost": 1003.86,
        "Total Cost": 12771.72,
        "Plan Rows": 1,
        "Plan Width": 81,
        "Actual Startup Time": 7.282,
        "Actual Total Time": 474.365,
        "Actual Rows": 637,
        "Actual Loops": 1,
        "Workers Planned": 1,
        "Workers Launched": 0,
        "Single Copy": false,
        "Plans": [
          {
            "Node Type": "Nested Loop",
            "Parent Relationship": "Outer",
            "Parallel Aware": false,
            "Join Type": "Inner",
            "Startup Cost": 3.86,
            "Total Cost": 11771.62,
            "Plan Rows": 1,
            "Plan Width": 81,
            "Actual Startup Time": 5.983,
            "Actual Total Time": 472.892,
            "Actual Rows": 637,
            "Actual Loops": 1,
            "Inner Unique": true,
            "Plans": [
              {
                "Node Type": "Nested Loop",
                "Parent Relationship": "Outer",
                "Parallel Aware": false,
                "Join Type": "Inner",
                "Startup Cost": 3.71,
                "Total Cost": 11771.43,
                "Plan Rows": 1,
                "Plan Width": 85,
                "Actual Startup Time": 2.164,
                "Actual Total Time": 471.09,
                "Actual Rows": 1969,
                "Actual Loops": 1,
                "Inner Unique": true,
                "Plans": [
                  {
                    "Node Type": "Nested Loop",
                    "Parent Relationship": "Outer",
                    "Parallel Aware": false,
                    "Join Type": "Inner",
                    "Startup Cost": 3.57,
                    "Total Cost": 11771.25,
                    "Plan Rows": 1,
                    "Plan Width": 89,
                    "Actual Startup Time": 2.152,
                    "Actual Total Time": 469.051,
                    "Actual Rows": 1969,
                    "Actual Loops": 1,
                    "Inner Unique": true,
                    "Plans": [
                      {
                        "Node Type": "Nested Loop",
                        "Parent Relationship": "Outer",
                        "Parallel Aware": false,
                        "Join Type": "Inner",
                        "Startup Cost": 3.15,
                        "Total Cost": 11298.65,
                        "Plan Rows": 1056,
                        "Plan Width": 93,
                        "Actual Startup Time": 2.019,
                        "Actual Total Time": 343.697,
                        "Actual Rows": 80534,
                        "Actual Loops": 1,
                        "Inner Unique": true,
                        "Join Filter": "(mi_idx.movie_id = t.id)",
                        "Rows Removed by Join Filter": 0,
                        "Plans": [
                          {
                            "Node Type": "Nested Loop",
                            "Parent Relationship": "Outer",
                            "Parallel Aware": false,
                            "Join Type": "Inner",
                            "Startup Cost": 2.72,
                            "Total Cost": 10770.87,
                            "Plan Rows": 1056,
                            "Plan Width": 96,
                            "Actual Startup Time": 1.995,
                            "Actual Total Time": 241.23,
                            "Actual Rows": 80534,
                            "Actual Loops": 1,
                            "Inner Unique": false,
                            "Plans": [
                              {
                                "Node Type": "Nested Loop",
                                "Parent Relationship": "Outer",
                                "Parallel Aware": false,
                                "Join Type": "Inner",
                                "Startup Cost": 2.29,
                                "Total Cost": 10576.91,
                                "Plan Rows": 106,
                                "Plan Width": 88,
                                "Actual Startup Time": 1.906,
                                "Actual Total Time": 220.101,
                                "Actual Rows": 737,
                                "Actual Loops": 1,
                                "Inner Unique": true,
                                "Plans": [
                                  {
                                    "Node Type": "Nested Loop",
                                    "Parent Relationship": "Outer",
                                    "Parallel Aware": false,
                                    "Join Type": "Inner",
                                    "Startup Cost": 1.86,
                                    "Total Cost": 10406.32,
                                    "Plan Rows": 249,
                                    "Plan Width": 77,
                                    "Actual Startup Time": 1.885,
                                    "Actual Total Time": 216.835,
                                    "Actual Rows": 1015,
                                    "Actual Loops": 1,
                                    "Inner Unique": false,
                                    "Join Filter": "(mi_idx.movie_id = ci.movie_id)",
                                    "Rows Removed by Join Filter": 0,
                                    "Plans": [
                                      {
                                        "Node Type": "Nested Loop",
                                        "Parent Relationship": "Outer",
                                        "Parallel Aware": false,
                                        "Join Type": "Inner",
                                        "Startup Cost": 1.29,
                                        "Total Cost": 9974.49,
                                        "Plan Rows": 219,
                                        "Plan Width": 69,
                                        "Actual Startup Time": 1.77,
                                        "Actual Total Time": 116.758,
                                        "Actual Rows": 1510,
                                        "Actual Loops": 1,
                                        "Inner Unique": false,
                                        "Join Filter": "(mi_idx.movie_id = mi.movie_id)",
                                        "Rows Removed by Join Filter": 0,
                                        "Plans": [
                                          {
                                            "Node Type": "Nested Loop",
                                            "Parent Relationship": "Outer",
                                            "Parallel Aware": false,
                                            "Join Type": "Inner",
                                            "Startup Cost": 0.86,
                                            "Total Cost": 9299.47,
                                            "Plan Rows": 433,
                                            "Plan Width": 18,
                                            "Actual Startup Time": 1.354,
                                            "Actual Total Time": 28.574,
                                            "Actual Rows": 4370,
                                            "Actual Loops": 1,
                                            "Inner Unique": false,
                                            "Plans": [
                                              {
                                                "Node Type": "Nested Loop",
                                                "Parent Relationship": "Outer",
                                                "Parallel Aware": false,
                                                "Join Type": "Inner",
                                                "Startup Cost": 0.43,
                                                "Total Cost": 9219.71,
                                                "Plan Rows": 150,
                                                "Plan Width": 4,
                                                "Actual Startup Time": 1.323,
                                                "Actual Total Time": 21.487,
                                                "Actual Rows": 1814,
                                                "Actual Loops": 1,
                                                "Inner Unique": false,
                                                "Plans": [
                                                  {
                                                    "Node Type": "Seq Scan",
                                                    "Parent Relationship": "Outer",
                                                    "Parallel Aware": true,
                                                    "Relation Name": "company_name",
                                                    "Alias": "cn",
                                                    "Startup Cost": 0.0,
                                                    "Total Cost": 4722.92,
                                                    "Plan Rows": 14,
                                                    "Plan Width": 4,
                                                    "Actual Startup Time": 1.245,
                                                    "Actual Total Time": 19.37,
                                                    "Actual Rows": 10,
                                                    "Actual Loops": 1,
                                                    "Filter": "(name ~~ 'Lionsgate%'::text)",
                                                    "Rows Removed by Filter": 234987
                                                  },
                                                  {
                                                    "Node Type": "Index Scan",
                                                    "Parent Relationship": "Inner",
                                                    "Parallel Aware": false,
                                                    "Scan Direction": "Forward",
                                                    "Index Name": "company_id_movie_companies",
                                                    "Relation Name": "movie_companies",
                                                    "Alias": "mc",
                                                    "Startup Cost": 0.43,
                                                    "Total Cost": 319.89,
                                                    "Plan Rows": 131,
                                                    "Plan Width": 8,
                                                    "Actual Startup Time": 0.013,
                                                    "Actual Total Time": 0.186,
                                                    "Actual Rows": 181,
                                                    "Actual Loops": 10,
                                                    "Index Cond": "(company_id = cn.id)",
                                                    "Rows Removed by Index Recheck": 0
                                                  }
                                                ]
                                              },
                                              {
                                                "Node Type": "Index Scan",
                                                "Parent Relationship": "Inner",
                                                "Parallel Aware": false,
                                                "Scan Direction": "Forward",
                                                "Index Name": "movie_id_movie_info_idx",
                                                "Relation Name": "movie_info_idx",
                                                "Alias": "mi_idx",
                                                "Startup Cost": 0.43,
                                                "Total Cost": 0.5,
                                                "Plan Rows": 3,
                                                "Plan Width": 14,
                                                "Actual Startup Time": 0.003,
                                                "Actual Total Time": 0.003,
                                                "Actual Rows": 2,
                                                "Actual Loops": 1814,
                                                "Index Cond": "(movie_id = mc.movie_id)",
                                                "Rows Removed by Index Recheck": 0
                                              }
                                            ]
                                          },
                                          {
                                            "Node Type": "Index Scan",
                                            "Parent Relationship": "Inner",
                                            "Parallel Aware": false,
                                            "Scan Direction": "Forward",
                                            "Index Name": "movie_id_movie_info",
                                            "Relation Name": "movie_info",
                                            "Alias": "mi",
                                            "Startup Cost": 0.43,
                                            "Total Cost": 1.55,
                                            "Plan Rows": 1,
                                            "Plan Width": 51,
                                            "Actual Startup Time": 0.02,
                                            "Actual Total Time": 0.02,
                                            "Actual Rows": 0,
                                            "Actual Loops": 4370,
                                            "Index Cond": "(movie_id = mc.movie_id)",
                                            "Rows Removed by Index Recheck": 0,
                                            "Filter": "(info = ANY ('{Crime,Comedy}'::text[]))",
                                            "Rows Removed by Filter": 77
                                          }
                                        ]
                                      },
                                      {
                                        "Node Type": "Index Scan",
                                        "Parent Relationship": "Inner",
                                        "Parallel Aware": false,
                                        "Scan Direction": "Forward",
                                        "Index Name": "movie_id_cast_info",
                                        "Relation Name": "cast_info",
                                        "Alias": "ci",
                                        "Startup Cost": 0.56,
                                        "Total Cost": 1.96,
                                        "Plan Rows": 1,
                                        "Plan Width": 8,
                                        "Actual Startup Time": 0.05,
                                        "Actual Total Time": 0.066,
                                        "Actual Rows": 1,
                                        "Actual Loops": 1510,
                                        "Index Cond": "(movie_id = mc.movie_id)",
                                        "Rows Removed by Index Recheck": 0,
                                        "Filter": "(note = ANY ('{(writer),\"(head writer)\",\"(written by)\",(story),\"(story editor)\"}'::text[]))",
                                        "Rows Removed by Filter": 102
                                      }
                                    ]
                                  },
                                  {
                                    "Node Type": "Index Scan",
                                    "Parent Relationship": "Inner",
                                    "Parallel Aware": false,
                                    "Scan Direction": "Forward",
                                    "Index Name": "name_pkey",
                                    "Relation Name": "name",
                                    "Alias": "n",
                                    "Startup Cost": 0.43,
                                    "Total Cost": 0.69,
                                    "Plan Rows": 1,
                                    "Plan Width": 19,
                                    "Actual Startup Time": 0.003,
                                    "Actual Total Time": 0.003,
                                    "Actual Rows": 1,
                                    "Actual Loops": 1015,
                                    "Index Cond": "(id = ci.person_id)",
                                    "Rows Removed by Index Recheck": 0,
                                    "Filter": "((gender)::text = 'm'::text)",
                                    "Rows Removed by Filter": 0
                                  }
                                ]
                              },
                              {
                                "Node Type": "Index Scan",
                                "Parent Relationship": "Inner",
                                "Parallel Aware": false,
                                "Scan Direction": "Forward",
                                "Index Name": "movie_id_movie_keyword",
                                "Relation Name": "movie_keyword",
                                "Alias": "mk",
                                "Startup Cost": 0.43,
                                "Total Cost": 1.37,
                                "Plan Rows": 46,
                                "Plan Width": 8,
                                "Actual Startup Time": 0.004,
                                "Actual Total Time": 0.017,
                                "Actual Rows": 109,
                                "Actual Loops": 737,
                                "Index Cond": "(movie_id = mi_idx.movie_id)",
                                "Rows Removed by Index Recheck": 0
                              }
                            ]
                          },
                          {
                            "Node Type": "Index Scan",
                            "Parent Relationship": "Inner",
                            "Parallel Aware": false,
                            "Scan Direction": "Forward",
                            "Index Name": "title_pkey",
                            "Relation Name": "title",
                            "Alias": "t",
                            "Startup Cost": 0.43,
                            "Total Cost": 0.49,
                            "Plan Rows": 1,
                            "Plan Width": 21,
                            "Actual Startup Time": 0.001,
                            "Actual Total Time": 0.001,
                            "Actual Rows": 1,
                            "Actual Loops": 80534,
                            "Index Cond": "(id = mk.movie_id)",
                            "Rows Removed by Index Recheck": 0
                          }
                        ]
                      },
                      {
                        "Node Type": "Index Scan",
                        "Parent Relationship": "Inner",
                        "Parallel Aware": false,
                        "Scan Direction": "Forward",
                        "Index Name": "keyword_pkey",
                        "Relation Name": "keyword",
                        "Alias": "k",
                        "Startup Cost": 0.42,
                        "Total Cost": 0.45,
                        "Plan Rows": 1,
                        "Plan Width": 4,
                        "Actual Startup Time": 0.001,
                        "Actual Total Time": 0.001,
                        "Actual Rows": 0,
                        "Actual Loops": 80534,
                        "Index Cond": "(id = mk.keyword_id)",
                        "Rows Removed by Index Recheck": 0,
                        "Filter": "(keyword = ANY ('{murder,violence,blood,gore,death,female-nudity,hospital}'::text[]))",
                        "Rows Removed by Filter": 1
                      }
                    ]
                  },
                  {
                    "Node Type": "Index Scan",
                    "Parent Relationship": "Inner",
                    "Parallel Aware": false,
                    "Scan Direction": "Forward",
                    "Index Name": "info_type_pkey",
                    "Relation Name": "info_type",
                    "Alias": "it1",
                    "Startup Cost": 0.14,
                    "Total Cost": 0.16,
                    "Plan Rows": 1,
                    "Plan Width": 4,
                    "Actual Startup Time": 0.001,
                    "Actual Total Time": 0.001,
                    "Actual Rows": 1,
                    "Actual Loops": 1969,
                    "Index Cond": "(id = mi.info_type_id)",
                    "Rows Removed by Index Recheck": 0,
                    "Filter": "((info)::text = 'genres'::text)",
                    "Rows Removed by Filter": 0
                  }
                ]
              },
              {
                "Node Type": "Index Scan",
                "Parent Relationship": "Inner",
                "Parallel Aware": false,
                "Scan Direction": "Forward",
                "Index Name": "info_type_pkey",
                "Relation Name": "info_type",
                "Alias": "it2",
                "Startup Cost": 0.14,
                "Total Cost": 0.16,
                "Plan Rows": 1,
                "Plan Width": 4,
                "Actual Startup Time": 0.001,
                "Actual Total Time": 0.001,
                "Actual Rows": 0,
                "Actual Loops": 1969,
                "Index Cond": "(id = mi_idx.info_type_id)",
                "Rows Removed by Index Recheck": 0,
                "Filter": "((info)::text = 'votes'::text)",
                "Rows Removed by Filter": 1
              }
            ]
          }
        ]
      }
    ]
  },
  "Planning Time": 3.245,
  "Triggers": [],
  "Execution Time": 474.74
}