[
  {
    "Plan": {
      "Node Type": "Aggregate",
      "Strategy": "Plain",
      "Partial Mode": "Finalize",
      "Parallel Aware": false,
      "Startup Cost": 31287.52,
      "Total Cost": 31287.53,
      "Plan Rows": 1,
      "Plan Width": 8,
      "Actual Startup Time": 97.899,
      "Actual Total Time": 103.814,
      "Actual Rows": 1,
      "Actual Loops": 1,
      "Plans": [
        {
          "Node Type": "Gather",
          "Parent Relationship": "Outer",
          "Parallel Aware": false,
          "Startup Cost": 31287.2,
          "Total Cost": 31287.51,
          "Plan Rows": 3,
          "Plan Width": 8,
          "Actual Startup Time": 97.792,
          "Actual Total Time": 103.807,
          "Actual Rows": 4,
          "Actual Loops": 1,
          "Workers Planned": 3,
          "Workers Launched": 3,
          "Single Copy": false,
          "Plans": [
            {
              "Node Type": "Aggregate",
              "Strategy": "Plain",
              "Partial Mode": "Partial",
              "Parent Relationship": "Outer",
              "Parallel Aware": false,
              "Startup Cost": 30287.2,
              "Total Cost": 30287.21,
              "Plan Rows": 1,
              "Plan Width": 8,
              "Actual Startup Time": 92.914,
              "Actual Total Time": 92.915,
              "Actual Rows": 1,
              "Actual Loops": 4,
              "Plans": [
                {
                  "Node Type": "Seq Scan",
                  "Parent Relationship": "Outer",
                  "Parallel Aware": true,
                  "Relation Name": "movie_companies",
                  "Alias": "mc",
                  "Startup Cost": 0.0,
                  "Total Cost": 29310.68,
                  "Plan Rows": 390607,
                  "Plan Width": 0,
                  "Actual Startup Time": 18.756,
                  "Actual Total Time": 79.057,
                  "Actual Rows": 303572,
                  "Actual Loops": 4,
                  "Filter": "(company_id > 12123)",
                  "Rows Removed by Filter": 348711
                }
              ]
            }
          ]
        }
      ]
    },
    "Planning Time": 0.118,
    "Triggers": [],
    "Execution Time": 103.851
  }
]