{
  "Plan": {
    "Node Type": "Aggregate",
    "Strategy": "Plain",
    "Partial Mode": "Finalize",
    "Parallel Aware": false,
    "Startup Cost": 113131.44,
    "Total Cost": 113131.45,
    "Plan Rows": 1,
    "Plan Width": 8,
    "Actual Startup Time": 515.919,
    "Actual Total Time": 533.411,
    "Actual Rows": 1,
    "Actual Loops": 1,
    "Plans": [
      {
        "Node Type": "Gather",
        "Parent Relationship": "Outer",
        "Parallel Aware": false,
        "Startup Cost": 113131.33,
        "Total Cost": 113131.44,
        "Plan Rows": 1,
        "Plan Width": 8,
        "Actual Startup Time": 513.749,
        "Actual Total Time": 533.403,
        "Actual Rows": 2,
        "Actual Loops": 1,
        "Workers Planned": 1,
        "Workers Launched": 1,
        "Single Copy": false,
        "Plans": [
          {
            "Node Type": "Aggregate",
            "Strategy": "Plain",
            "Partial Mode": "Partial",
            "Parent Relationship": "Outer",
            "Parallel Aware": false,
            "Startup Cost": 112131.33,
            "Total Cost": 112131.34,
            "Plan Rows": 1,
            "Plan Width": 8,
            "Actual Startup Time": 507.583,
            "Actual Total Time": 507.587,
            "Actual Rows": 1,
            "Actual Loops": 2,
            "Plans": [
              {
                "Node Type": "Hash Join",
                "Parent Relationship": "Outer",
                "Parallel Aware": true,
                "Join Type": "Inner",
                "Startup Cost": 79763.74,
                "Total Cost": 111637.62,
                "Plan Rows": 197482,
                "Plan Width": 0,
                "Actual Startup Time": 337.967,
                "Actual Total Time": 498.111,
                "Actual Rows": 219872,
                "Actual Loops": 2,
                "Inner Unique": true,
                "Hash Cond": "(mk.movie_id = t.id)",
                "Plans": [
                  {
                    "Node Type": "Bitmap Heap Scan",
                    "Parent Relationship": "Outer",
                    "Parallel Aware": true,
                    "Relation Name": "movie_keyword",
                    "Alias": "mk",
                    "Startup Cost": 17691.7,
                    "Total Cost": 48277.83,
                    "Plan Rows": 490571,
                    "Plan Width": 4,
                    "Actual Startup Time": 47.388,
                    "Actual Total Time": 129.34,
                    "Actual Rows": 408922,
                    "Actual Loops": 2,
                    "Recheck Cond": "(keyword_id > 22373)",
                    "Rows Removed by Index Recheck": 0,
                    "Exact Heap Blocks": 13450,
                    "Lossy Heap Blocks": 0,
                    "Plans": [
                      {
                        "Node Type": "Bitmap Index Scan",
                        "Parent Relationship": "Outer",
                        "Parallel Aware": false,
                        "Index Name": "keyword_id_movie_keyword",
                        "Startup Cost": 0.0,
                        "Total Cost": 17483.21,
                        "Plan Rows": 833970,
                        "Plan Width": 0,
                        "Actual Startup Time": 43.796,
                        "Actual Total Time": 43.797,
                        "Actual Rows": 817844,
                        "Actual Loops": 1,
                        "Index Cond": "(keyword_id > 22373)"
                      }
                    ]
                  },
                  {
                    "Node Type": "Hash",
                    "Parent Relationship": "Inner",
                    "Parallel Aware": true,
                    "Startup Cost": 54588.39,
                    "Total Cost": 54588.39,
                    "Plan Rows": 598692,
                    "Plan Width": 4,
                    "Actual Startup Time": 281.147,
                    "Actual Total Time": 281.147,
                    "Actual Rows": 510876,
                    "Actual Loops": 2,
                    "Hash Buckets": 1048576,
                    "Original Hash Buckets": 1048576,
                    "Hash Batches": 1,
                    "Original Hash Batches": 1,
                    "Peak Memory Usage": 48192,
                    "Plans": [
                      {
                        "Node Type": "Seq Scan",
                        "Parent Relationship": "Outer",
                        "Parallel Aware": true,
                        "Relation Name": "title",
                        "Alias": "t",
                        "Startup Cost": 0.0,
                        "Total Cost": 54588.39,
                        "Plan Rows": 598692,
                        "Plan Width": 4,
                        "Actual Startup Time": 0.033,
                        "Actual Total Time": 161.141,
                        "Actual Rows": 510876,
                        "Actual Loops": 2,
                        "Filter": "(production_year < 2000)",
                        "Rows Removed by Filter": 753280
                      }
                    ]
                  }
                ]
              }
            ]
          }
        ]
      }
    ]
  },
  "Planning Time": 0.454,
  "Triggers": [],
  "Execution Time": 533.521
}