{
  "Plan": {
    "Node Type": "Aggregate",
    "Strategy": "Plain",
    "Partial Mode": "Finalize",
    "Parallel Aware": false,
    "Startup Cost": 517025.09,
    "Total Cost": 517025.1,
    "Plan Rows": 1,
    "Plan Width": 8,
    "Actual Startup Time": 2288.797,
    "Actual Total Time": 2316.862,
    "Actual Rows": 1,
    "Actual Loops": 1,
    "Plans": [
      {
        "Node Type": "Gather",
        "Parent Relationship": "Outer",
        "Parallel Aware": false,
        "Startup Cost": 517024.98,
        "Total Cost": 517025.09,
        "Plan Rows": 1,
        "Plan Width": 8,
        "Actual Startup Time": 2283.655,
        "Actual Total Time": 2316.855,
        "Actual Rows": 2,
        "Actual Loops": 1,
        "Workers Planned": 1,
        "Workers Launched": 1,
        "Single Copy": false,
        "Plans": [
          {
            "Node Type": "Aggregate",
            "Strategy": "Plain",
            "Partial Mode": "Partial",
            "Parent Relationship": "Outer",
            "Parallel Aware": false,
            "Startup Cost": 516024.98,
            "Total Cost": 516024.99,
            "Plan Rows": 1,
            "Plan Width": 8,
            "Actual Startup Time": 2271.066,
            "Actual Total Time": 2271.07,
            "Actual Rows": 1,
            "Actual Loops": 2,
            "Plans": [
              {
                "Node Type": "Hash Join",
                "Parent Relationship": "Outer",
                "Parallel Aware": true,
                "Join Type": "Inner",
                "Startup Cost": 201402.86,
                "Total Cost": 507239.86,
                "Plan Rows": 3514049,
                "Plan Width": 0,
                "Actual Startup Time": 704.364,
                "Actual Total Time": 2151.294,
                "Actual Rows": 2887200,
                "Actual Loops": 2,
                "Inner Unique": true,
                "Hash Cond": "(ci.movie_id = t.id)",
                "Plans": [
                  {
                    "Node Type": "Bitmap Heap Scan",
                    "Parent Relationship": "Outer",
                    "Parallel Aware": true,
                    "Relation Name": "cast_info",
                    "Alias": "ci",
                    "Startup Cost": 131942.16,
                    "Total Cost": 428554.77,
                    "Plan Rows": 3514049,
                    "Plan Width": 4,
                    "Actual Startup Time": 189.841,
                    "Actual Total Time": 510.232,
                    "Actual Rows": 2887200,
                    "Actual Loops": 2,
                    "Recheck Cond": "(person_id > 3068192)",
                    "Rows Removed by Index Recheck": 0,
                    "Exact Heap Blocks": 40798,
                    "Lossy Heap Blocks": 0,
                    "Plans": [
                      {
                        "Node Type": "Bitmap Index Scan",
                        "Parent Relationship": "Outer",
                        "Parallel Aware": false,
                        "Index Name": "person_id_cast_info",
                        "Startup Cost": 0.0,
                        "Total Cost": 130448.69,
                        "Plan Rows": 5973883,
                        "Plan Width": 0,
                        "Actual Startup Time": 175.709,
                        "Actual Total Time": 175.71,
                        "Actual Rows": 5774401,
                        "Actual Loops": 1,
                        "Index Cond": "(person_id > 3068192)"
                      }
                    ]
                  },
                  {
                    "Node Type": "Hash",
                    "Parent Relationship": "Inner",
                    "Parallel Aware": true,
                    "Startup Cost": 50870.31,
                    "Total Cost": 50870.31,
                    "Plan Rows": 1487231,
                    "Plan Width": 4,
                    "Actual Startup Time": 492.58,
                    "Actual Total Time": 492.581,
                    "Actual Rows": 1264156,
                    "Actual Loops": 2,
                    "Hash Buckets": 4194304,
                    "Original Hash Buckets": 4194304,
                    "Hash Batches": 1,
                    "Original Hash Batches": 1,
                    "Peak Memory Usage": 131680,
                    "Plans": [
                      {
                        "Node Type": "Seq Scan",
                        "Parent Relationship": "Outer",
                        "Parallel Aware": true,
                        "Relation Name": "title",
                        "Alias": "t",
                        "Startup Cost": 0.0,
                        "Total Cost": 50870.31,
                        "Plan Rows": 1487231,
                        "Plan Width": 4,
                        "Actual Startup Time": 0.027,
                        "Actual Total Time": 151.119,
                        "Actual Rows": 1264156,
                        "Actual Loops": 2
                      }
                    ]
                  }
                ]
              }
            ]
          }
        ]
      }
    ]
  },
  "Planning Time": 0.715,
  "Triggers": [],
  "Execution Time": 2316.953
}