[
  {
    "Plan": {
      "Node Type": "Aggregate",
      "Strategy": "Plain",
      "Partial Mode": "Finalize",
      "Parallel Aware": false,
      "Startup Cost": 317447.06,
      "Total Cost": 317447.07,
      "Plan Rows": 1,
      "Plan Width": 8,
      "Actual Startup Time": 233.163,
      "Actual Total Time": 280.659,
      "Actual Rows": 1,
      "Actual Loops": 1,
      "Plans": [
        {
          "Node Type": "Gather",
          "Parent Relationship": "Outer",
          "Parallel Aware": false,
          "Startup Cost": 317446.64,
          "Total Cost": 317447.05,
          "Plan Rows": 4,
          "Plan Width": 8,
          "Actual Startup Time": 232.976,
          "Actual Total Time": 280.643,
          "Actual Rows": 5,
          "Actual Loops": 1,
          "Workers Planned": 4,
          "Workers Launched": 4,
          "Single Copy": false,
          "Plans": [
            {
              "Node Type": "Aggregate",
              "Strategy": "Plain",
              "Partial Mode": "Partial",
              "Parent Relationship": "Outer",
              "Parallel Aware": false,
              "Startup Cost": 316446.64,
              "Total Cost": 316446.65,
              "Plan Rows": 1,
              "Plan Width": 8,
              "Actual Startup Time": 224.962,
              "Actual Total Time": 224.963,
              "Actual Rows": 1,
              "Actual Loops": 5,
              "Plans": [
                {
                  "Node Type": "Nested Loop",
                  "Parent Relationship": "Outer",
                  "Parallel Aware": false,
                  "Join Type": "Inner",
                  "Startup Cost": 0.56,
                  "Total Cost": 316400.74,
                  "Plan Rows": 18360,
                  "Plan Width": 0,
                  "Actual Startup Time": 1.06,
                  "Actual Total Time": 223.743,
                  "Actual Rows": 13699,
                  "Actual Loops": 5,
                  "Inner Unique": false,
                  "Plans": [
                    {
                      "Node Type": "Seq Scan",
                      "Parent Relationship": "Outer",
                      "Parallel Aware": true,
                      "Relation Name": "title",
                      "Alias": "t",
                      "Startup Cost": 0.0,
                      "Total Cost": 43899.32,
                      "Plan Rows": 3835,
                      "Plan Width": 4,
                      "Actual Startup Time": 0.132,
                      "Actual Total Time": 62.703,
                      "Actual Rows": 2985,
                      "Actual Loops": 5,
                      "Filter": "(production_year = 1979)",
                      "Rows Removed by Filter": 502677
                    },
                    {
                      "Node Type": "Index Scan",
                      "Parent Relationship": "Inner",
                      "Parallel Aware": false,
                      "Scan Direction": "Forward",
                      "Index Name": "movie_id_cast_info",
                      "Relation Name": "cast_info",
                      "Alias": "ci",
                      "Startup Cost": 0.56,
                      "Total Cost": 70.94,
                      "Plan Rows": 12,
                      "Plan Width": 4,
                      "Actual Startup Time": 0.041,
                      "Actual Total Time": 0.053,
                      "Actual Rows": 5,
                      "Actual Loops": 14926,
                      "Index Cond": "(movie_id = t.id)",
                      "Rows Removed by Index Recheck": 0,
                      "Filter": "(role_id > 3)",
                      "Rows Removed by Filter": 10
                    }
                  ]
                }
              ]
            }
          ]
        }
      ]
    },
    "Planning Time": 0.253,
    "Triggers": [],
    "Execution Time": 280.71
  }
]