{
  "Plan": {
    "Node Type": "Aggregate",
    "Strategy": "Plain",
    "Partial Mode": "Finalize",
    "Parallel Aware": false,
    "Startup Cost": 45361.63,
    "Total Cost": 45361.64,
    "Plan Rows": 1,
    "Plan Width": 8,
    "Actual Startup Time": 47.379,
    "Actual Total Time": 53.94,
    "Actual Rows": 1,
    "Actual Loops": 1,
    "Plans": [
      {
        "Node Type": "Gather",
        "Parent Relationship": "Outer",
        "Parallel Aware": false,
        "Startup Cost": 45361.52,
        "Total Cost": 45361.63,
        "Plan Rows": 1,
        "Plan Width": 8,
        "Actual Startup Time": 47.29,
        "Actual Total Time": 53.935,
        "Actual Rows": 2,
        "Actual Loops": 1,
        "Workers Planned": 1,
        "Workers Launched": 1,
        "Single Copy": false,
        "Plans": [
          {
            "Node Type": "Aggregate",
            "Strategy": "Plain",
            "Partial Mode": "Partial",
            "Parent Relationship": "Outer",
            "Parallel Aware": false,
            "Startup Cost": 44361.52,
            "Total Cost": 44361.53,
            "Plan Rows": 1,
            "Plan Width": 8,
            "Actual Startup Time": 41.812,
            "Actual Total Time": 41.814,
            "Actual Rows": 1,
            "Actual Loops": 2,
            "Plans": [
              {
                "Node Type": "Nested Loop",
                "Parent Relationship": "Outer",
                "Parallel Aware": false,
                "Join Type": "Inner",
                "Startup Cost": 144.72,
                "Total Cost": 44356.33,
                "Plan Rows": 2074,
                "Plan Width": 0,
                "Actual Startup Time": 4.397,
                "Actual Total Time": 41.623,
                "Actual Rows": 1882,
                "Actual Loops": 2,
                "Inner Unique": false,
                "Plans": [
                  {
                    "Node Type": "Nested Loop",
                    "Parent Relationship": "Outer",
                    "Parallel Aware": false,
                    "Join Type": "Inner",
                    "Startup Cost": 144.28,
                    "Total Cost": 42458.85,
                    "Plan Rows": 355,
                    "Plan Width": 8,
                    "Actual Startup Time": 4.294,
                    "Actual Total Time": 36.372,
                    "Actual Rows": 158,
                    "Actual Loops": 2,
                    "Inner Unique": true,
                    "Plans": [
                      {
                        "Node Type": "Bitmap Heap Scan",
                        "Parent Relationship": "Outer",
                        "Parallel Aware": true,
                        "Relation Name": "movie_keyword",
                        "Alias": "mk",
                        "Startup Cost": 143.85,
                        "Total Cost": 14996.23,
                        "Plan Rows": 3903,
                        "Plan Width": 4,
                        "Actual Startup Time": 3.444,
                        "Actual Total Time": 12.44,
                        "Actual Rows": 3395,
                        "Actual Loops": 2,
                        "Recheck Cond": "(keyword_id = 495)",
                        "Rows Removed by Index Recheck": 0,
                        "Exact Heap Blocks": 3942,
                        "Lossy Heap Blocks": 0,
                        "Plans": [
                          {
                            "Node Type": "Bitmap Index Scan",
                            "Parent Relationship": "Outer",
                            "Parallel Aware": false,
                            "Index Name": "keyword_id_movie_keyword",
                            "Startup Cost": 0.0,
                            "Total Cost": 142.19,
                            "Plan Rows": 6635,
                            "Plan Width": 0,
                            "Actual Startup Time": 4.202,
                            "Actual Total Time": 4.202,
                            "Actual Rows": 6790,
                            "Actual Loops": 1,
                            "Index Cond": "(keyword_id = 495)"
                          }
                        ]
                      },
                      {
                        "Node Type": "Index Scan",
                        "Parent Relationship": "Inner",
                        "Parallel Aware": false,
                        "Scan Direction": "Forward",
                        "Index Name": "title_pkey",
                        "Relation Name": "title",
                        "Alias": "t",
                        "Startup Cost": 0.43,
                        "Total Cost": 7.04,
                        "Plan Rows": 1,
                        "Plan Width": 4,
                        "Actual Startup Time": 0.007,
                        "Actual Total Time": 0.007,
                        "Actual Rows": 0,
                        "Actual Loops": 6790,
                        "Index Cond": "(id = mk.movie_id)",
                        "Rows Removed by Index Recheck": 0,
                        "Filter": "(production_year > 2011)",
                        "Rows Removed by Filter": 1
                      }
                    ]
                  },
                  {
                    "Node Type": "Index Only Scan",
                    "Parent Relationship": "Inner",
                    "Parallel Aware": false,
                    "Scan Direction": "Forward",
                    "Index Name": "movie_id_movie_info",
                    "Relation Name": "movie_info",
                    "Alias": "mi",
                    "Startup Cost": 0.43,
                    "Total Cost": 4.93,
                    "Plan Rows": 42,
                    "Plan Width": 4,
                    "Actual Startup Time": 0.011,
                    "Actual Total Time": 0.031,
                    "Actual Rows": 12,
                    "Actual Loops": 317,
                    "Index Cond": "(movie_id = t.id)",
                    "Rows Removed by Index Recheck": 0,
                    "Heap Fetches": 3763
                  }
                ]
              }
            ]
          }
        ]
      }
    ]
  },
  "Planning Time": 0.916,
  "Triggers": [],
  "Execution Time": 54.031
}