{
  "Plan": {
    "Node Type": "Aggregate",
    "Strategy": "Plain",
    "Partial Mode": "Finalize",
    "Parallel Aware": false,
    "Startup Cost": 46796.97,
    "Total Cost": 46796.98,
    "Plan Rows": 1,
    "Plan Width": 8,
    "Actual Startup Time": 51.549,
    "Actual Total Time": 56.387,
    "Actual Rows": 1,
    "Actual Loops": 1,
    "Plans": [
      {
        "Node Type": "Gather",
        "Parent Relationship": "Outer",
        "Parallel Aware": false,
        "Startup Cost": 46796.86,
        "Total Cost": 46796.97,
        "Plan Rows": 1,
        "Plan Width": 8,
        "Actual Startup Time": 51.428,
        "Actual Total Time": 56.381,
        "Actual Rows": 2,
        "Actual Loops": 1,
        "Workers Planned": 1,
        "Workers Launched": 1,
        "Single Copy": false,
        "Plans": [
          {
            "Node Type": "Aggregate",
            "Strategy": "Plain",
            "Partial Mode": "Partial",
            "Parent Relationship": "Outer",
            "Parallel Aware": false,
            "Startup Cost": 45796.86,
            "Total Cost": 45796.87,
            "Plan Rows": 1,
            "Plan Width": 8,
            "Actual Startup Time": 45.268,
            "Actual Total Time": 45.27,
            "Actual Rows": 1,
            "Actual Loops": 2,
            "Plans": [
              {
                "Node Type": "Nested Loop",
                "Parent Relationship": "Outer",
                "Parallel Aware": false,
                "Join Type": "Inner",
                "Startup Cost": 161.23,
                "Total Cost": 45794.93,
                "Plan Rows": 774,
                "Plan Width": 0,
                "Actual Startup Time": 2.052,
                "Actual Total Time": 44.789,
                "Actual Rows": 2712,
                "Actual Loops": 2,
                "Inner Unique": false,
                "Plans": [
                  {
                    "Node Type": "Nested Loop",
                    "Parent Relationship": "Outer",
                    "Parallel Aware": false,
                    "Join Type": "Inner",
                    "Startup Cost": 160.81,
                    "Total Cost": 43587.32,
                    "Plan Rows": 4246,
                    "Plan Width": 8,
                    "Actual Startup Time": 1.896,
                    "Actual Total Time": 28.919,
                    "Actual Rows": 4118,
                    "Actual Loops": 2,
                    "Inner Unique": true,
                    "Plans": [
                      {
                        "Node Type": "Bitmap Heap Scan",
                        "Parent Relationship": "Outer",
                        "Parallel Aware": true,
                        "Relation Name": "movie_companies",
                        "Alias": "mc",
                        "Startup Cost": 160.38,
                        "Total Cost": 14123.23,
                        "Plan Rows": 4246,
                        "Plan Width": 4,
                        "Actual Startup Time": 1.741,
                        "Actual Total Time": 4.894,
                        "Actual Rows": 4118,
                        "Actual Loops": 2,
                        "Recheck Cond": "(company_id = 424)",
                        "Rows Removed by Index Recheck": 0,
                        "Exact Heap Blocks": 823,
                        "Lossy Heap Blocks": 0,
                        "Plans": [
                          {
                            "Node Type": "Bitmap Index Scan",
                            "Parent Relationship": "Outer",
                            "Parallel Aware": false,
                            "Index Name": "company_id_movie_companies",
                            "Startup Cost": 0.0,
                            "Total Cost": 158.57,
                            "Plan Rows": 7219,
                            "Plan Width": 0,
                            "Actual Startup Time": 2.807,
                            "Actual Total Time": 2.807,
                            "Actual Rows": 8235,
                            "Actual Loops": 1,
                            "Index Cond": "(company_id = 424)"
                          }
                        ]
                      },
                      {
                        "Node Type": "Index Only Scan",
                        "Parent Relationship": "Inner",
                        "Parallel Aware": false,
                        "Scan Direction": "Forward",
                        "Index Name": "title_pkey",
                        "Relation Name": "title",
                        "Alias": "t",
                        "Startup Cost": 0.43,
                        "Total Cost": 6.94,
                        "Plan Rows": 1,
                        "Plan Width": 4,
                        "Actual Startup Time": 0.005,
                        "Actual Total Time": 0.005,
                        "Actual Rows": 1,
                        "Actual Loops": 8235,
                        "Index Cond": "(id = mc.movie_id)",
                        "Rows Removed by Index Recheck": 0,
                        "Heap Fetches": 8235
                      }
                    ]
                  },
                  {
                    "Node Type": "Index Scan",
                    "Parent Relationship": "Inner",
                    "Parallel Aware": false,
                    "Scan Direction": "Forward",
                    "Index Name": "movie_id_movie_info_idx",
                    "Relation Name": "movie_info_idx",
                    "Alias": "mi_idx",
                    "Startup Cost": 0.43,
                    "Total Cost": 0.51,
                    "Plan Rows": 1,
                    "Plan Width": 4,
                    "Actual Startup Time": 0.003,
                    "Actual Total Time": 0.003,
                    "Actual Rows": 1,
                    "Actual Loops": 8235,
                    "Index Cond": "(movie_id = t.id)",
                    "Rows Removed by Index Recheck": 0,
                    "Filter": "(info_type_id > 100)",
                    "Rows Removed by Filter": 1
                  }
                ]
              }
            ]
          }
        ]
      }
    ]
  },
  "Planning Time": 0.947,
  "Triggers": [],
  "Execution Time": 56.486
}