[
  {
    "Plan": {
      "Node Type": "Aggregate",
      "Strategy": "Plain",
      "Partial Mode": "Finalize",
      "Parallel Aware": false,
      "Startup Cost": 47020.89,
      "Total Cost": 47020.9,
      "Plan Rows": 1,
      "Plan Width": 8,
      "Actual Startup Time": 196.303,
      "Actual Total Time": 205.304,
      "Actual Rows": 1,
      "Actual Loops": 1,
      "Plans": [
        {
          "Node Type": "Gather",
          "Parent Relationship": "Outer",
          "Parallel Aware": false,
          "Startup Cost": 47020.58,
          "Total Cost": 47020.89,
          "Plan Rows": 3,
          "Plan Width": 8,
          "Actual Startup Time": 196.186,
          "Actual Total Time": 205.296,
          "Actual Rows": 4,
          "Actual Loops": 1,
          "Workers Planned": 3,
          "Workers Launched": 3,
          "Single Copy": false,
          "Plans": [
            {
              "Node Type": "Aggregate",
              "Strategy": "Plain",
              "Partial Mode": "Partial",
              "Parent Relationship": "Outer",
              "Parallel Aware": false,
              "Startup Cost": 46020.58,
              "Total Cost": 46020.59,
              "Plan Rows": 1,
              "Plan Width": 8,
              "Actual Startup Time": 187.689,
              "Actual Total Time": 187.69,
              "Actual Rows": 1,
              "Actual Loops": 4,
              "Plans": [
                {
                  "Node Type": "Seq Scan",
                  "Parent Relationship": "Outer",
                  "Parallel Aware": true,
                  "Relation Name": "movie_keyword",
                  "Alias": "mk",
                  "Startup Cost": 0.0,
                  "Total Cost": 42695.65,
                  "Plan Rows": 1329969,
                  "Plan Width": 0,
                  "Actual Startup Time": 0.059,
                  "Actual Total Time": 135.917,
                  "Actual Rows": 1033653,
                  "Actual Loops": 4,
                  "Filter": "(keyword_id < 44167)",
                  "Rows Removed by Filter": 97330
                }
              ]
            }
          ]
        }
      ]
    },
    "Planning Time": 0.158,
    "Triggers": [],
    "Execution Time": 205.354
  }
]