[
  {
    "Plan": {
      "Node Type": "Aggregate",
      "Strategy": "Plain",
      "Partial Mode": "Finalize",
      "Parallel Aware": false,
      "Startup Cost": 332527.74,
      "Total Cost": 332527.75,
      "Plan Rows": 1,
      "Plan Width": 8,
      "Actual Startup Time": 706.02,
      "Actual Total Time": 760.014,
      "Actual Rows": 1,
      "Actual Loops": 1,
      "Plans": [
        {
          "Node Type": "Gather",
          "Parent Relationship": "Outer",
          "Parallel Aware": false,
          "Startup Cost": 332527.11,
          "Total Cost": 332527.72,
          "Plan Rows": 6,
          "Plan Width": 8,
          "Actual Startup Time": 705.827,
          "Actual Total Time": 760.003,
          "Actual Rows": 7,
          "Actual Loops": 1,
          "Workers Planned": 6,
          "Workers Launched": 6,
          "Single Copy": false,
          "Plans": [
            {
              "Node Type": "Aggregate",
              "Strategy": "Plain",
              "Partial Mode": "Partial",
              "Parent Relationship": "Outer",
              "Parallel Aware": false,
              "Startup Cost": 331527.11,
              "Total Cost": 331527.12,
              "Plan Rows": 1,
              "Plan Width": 8,
              "Actual Startup Time": 695.989,
              "Actual Total Time": 695.99,
              "Actual Rows": 1,
              "Actual Loops": 7,
              "Plans": [
                {
                  "Node Type": "Seq Scan",
                  "Parent Relationship": "Outer",
                  "Parallel Aware": true,
                  "Relation Name": "cast_info",
                  "Alias": "ci",
                  "Startup Cost": 0.0,
                  "Total Cost": 328211.39,
                  "Plan Rows": 1326289,
                  "Plan Width": 0,
                  "Actual Startup Time": 373.162,
                  "Actual Total Time": 631.243,
                  "Actual Rows": 1129208,
                  "Actual Loops": 7,
                  "Filter": "(person_id > 2888460)",
                  "Rows Removed by Filter": 4048555
                }
              ]
            }
          ]
        }
      ]
    },
    "Planning Time": 0.11,
    "Triggers": [],
    "Execution Time": 760.065
  }
]