[
  {
    "Plan": {
      "Node Type": "Aggregate",
      "Strategy": "Plain",
      "Partial Mode": "Finalize",
      "Parallel Aware": false,
      "Startup Cost": 33017.59,
      "Total Cost": 33017.6,
      "Plan Rows": 1,
      "Plan Width": 8,
      "Actual Startup Time": 91.79,
      "Actual Total Time": 97.548,
      "Actual Rows": 1,
      "Actual Loops": 1,
      "Plans": [
        {
          "Node Type": "Gather",
          "Parent Relationship": "Outer",
          "Parallel Aware": false,
          "Startup Cost": 33017.27,
          "Total Cost": 33017.58,
          "Plan Rows": 3,
          "Plan Width": 8,
          "Actual Startup Time": 91.659,
          "Actual Total Time": 97.541,
          "Actual Rows": 4,
          "Actual Loops": 1,
          "Workers Planned": 3,
          "Workers Launched": 3,
          "Single Copy": false,
          "Plans": [
            {
              "Node Type": "Aggregate",
              "Strategy": "Plain",
              "Partial Mode": "Partial",
              "Parent Relationship": "Outer",
              "Parallel Aware": false,
              "Startup Cost": 32017.27,
              "Total Cost": 32017.28,
              "Plan Rows": 1,
              "Plan Width": 8,
              "Actual Startup Time": 86.266,
              "Actual Total Time": 86.266,
              "Actual Rows": 1,
              "Actual Loops": 4,
              "Plans": [
                {
                  "Node Type": "Seq Scan",
                  "Parent Relationship": "Outer",
                  "Parallel Aware": true,
                  "Relation Name": "movie_companies",
                  "Alias": "mc",
                  "Startup Cost": 0.0,
                  "Total Cost": 31414.82,
                  "Plan Rows": 240981,
                  "Plan Width": 0,
                  "Actual Startup Time": 44.321,
                  "Actual Total Time": 76.92,
                  "Actual Rows": 241304,
                  "Actual Loops": 4,
                  "Filter": "((company_id > 8434) AND (company_type_id > 1))",
                  "Rows Removed by Filter": 410979
                }
              ]
            }
          ]
        }
      ]
    },
    "Planning Time": 0.215,
    "Triggers": [],
    "Execution Time": 97.603
  }
]