[
  {
    "Plan": {
      "Node Type": "Gather",
      "Parallel Aware": false,
      "Startup Cost": 33781.97,
      "Total Cost": 106521.92,
      "Plan Rows": 265148,
      "Plan Width": 40,
      "Actual Startup Time": 172.502,
      "Actual Total Time": 476.509,
      "Actual Rows": 259406,
      "Actual Loops": 1,
      "Workers Planned": 4,
      "Workers Launched": 4,
      "Single Copy": false,
      "Plans": [
        {
          "Node Type": "Hash Join",
          "Parent Relationship": "Outer",
          "Parallel Aware": false,
          "Join Type": "Inner",
          "Startup Cost": 32781.97,
          "Total Cost": 79007.12,
          "Plan Rows": 66287,
          "Plan Width": 40,
          "Actual Startup Time": 161.982,
          "Actual Total Time": 420.934,
          "Actual Rows": 51881,
          "Actual Loops": 5,
          "Inner Unique": true,
          "Hash Cond": "(mc.company_type_id = ct.id)",
          "Plans": [
            {
              "Node Type": "Hash Join",
              "Parent Relationship": "Outer",
              "Parallel Aware": true,
              "Join Type": "Inner",
              "Startup Cost": 32780.88,
              "Total Cost": 78647.66,
              "Plan Rows": 66287,
              "Plan Width": 40,
              "Actual Startup Time": 161.578,
              "Actual Total Time": 409.661,
              "Actual Rows": 51881,
              "Actual Loops": 5,
              "Inner Unique": true,
              "Hash Cond": "(mc.company_id = cn.id)",
              "Plans": [
                {
                  "Node Type": "Hash Join",
                  "Parent Relationship": "Outer",
                  "Parallel Aware": true,
                  "Join Type": "Inner",
                  "Startup Cost": 26675.62,
                  "Total Cost": 72368.4,
                  "Plan Rows": 66287,
                  "Plan Width": 40,
                  "Actual Startup Time": 119.407,
                  "Actual Total Time": 352.454,
                  "Actual Rows": 51881,
                  "Actual Loops": 5,
                  "Inner Unique": false,
                  "Hash Cond": "(t.id = mc.movie_id)",
                  "Plans": [
                    {
                      "Node Type": "Seq Scan",
                      "Parent Relationship": "Outer",
                      "Parallel Aware": true,
                      "Relation Name": "title",
                      "Alias": "t",
                      "Startup Cost": 0.0,
                      "Total Cost": 42318.63,
                      "Plan Rows": 632063,
                      "Plan Width": 4,
                      "Actual Startup Time": 0.037,
                      "Actual Total Time": 99.641,
                      "Actual Rows": 505662,
                      "Actual Loops": 5
                    },
                    {
                      "Node Type": "Hash",
                      "Parent Relationship": "Inner",
                      "Parallel Aware": true,
                      "Startup Cost": 25606.47,
                      "Total Cost": 25606.47,
                      "Plan Rows": 85532,
                      "Plan Width": 40,
                      "Actual Startup Time": 118.259,
                      "Actual Total Time": 118.26,
                      "Actual Rows": 51881,
                      "Actual Loops": 5,
                      "Hash Buckets": 524288,
                      "Original Hash Buckets": 524288,
                      "Hash Batches": 1,
                      "Original Hash Batches": 1,
                      "Peak Memory Usage": 21728,
                      "Plans": [
                        {
                          "Node Type": "Bitmap Heap Scan",
                          "Parent Relationship": "Outer",
                          "Parallel Aware": true,
                          "Relation Name": "movie_companies",
                          "Alias": "mc",
                          "Startup Cost": 5747.33,
                          "Total Cost": 25606.47,
                          "Plan Rows": 85532,
                          "Plan Width": 40,
                          "Actual Startup Time": 26.309,
                          "Actual Total Time": 78.607,
                          "Actual Rows": 51881,
                          "Actual Loops": 5,
                          "Recheck Cond": "(company_id < 133)",
                          "Rows Removed by Index Recheck": 0,
                          "Exact Heap Blocks": 3966,
                          "Lossy Heap Blocks": 0,
                          "Plans": [
                            {
                              "Node Type": "Bitmap Index Scan",
                              "Parent Relationship": "Outer",
                              "Parallel Aware": false,
                              "Index Name": "company_id_movie_companies",
                              "Startup Cost": 0.0,
                              "Total Cost": 5681.04,
                              "Plan Rows": 265148,
                              "Plan Width": 0,
                              "Actual Startup Time": 22.103,
                              "Actual Total Time": 22.103,
                              "Actual Rows": 259406,
                              "Actual Loops": 1,
                              "Index Cond": "(company_id < 133)"
                            }
                          ]
                        }
                      ]
                    }
                  ]
                },
                {
                  "Node Type": "Hash",
                  "Parent Relationship": "Inner",
                  "Parallel Aware": true,
                  "Startup Cost": 4377.34,
                  "Total Cost": 4377.34,
                  "Plan Rows": 138234,
                  "Plan Width": 4,
                  "Actual Startup Time": 41.024,
                  "Actual Total Time": 41.025,
                  "Actual Rows": 46999,
                  "Actual Loops": 5,
                  "Hash Buckets": 262144,
                  "Original Hash Buckets": 262144,
                  "Hash Batches": 1,
                  "Original Hash Batches": 1,
                  "Peak Memory Usage": 11328,
                  "Plans": [
                    {
                      "Node Type": "Seq Scan",
                      "Parent Relationship": "Outer",
                      "Parallel Aware": true,
                      "Relation Name": "company_name",
                      "Alias": "cn",
                      "Startup Cost": 0.0,
                      "Total Cost": 4377.34,
                      "Plan Rows": 138234,
                      "Plan Width": 4,
                      "Actual Startup Time": 0.054,
                      "Actual Total Time": 16.133,
                      "Actual Rows": 46999,
                      "Actual Loops": 5
                    }
                  ]
                }
              ]
            },
            {
              "Node Type": "Hash",
              "Parent Relationship": "Inner",
              "Parallel Aware": false,
              "Startup Cost": 1.04,
              "Total Cost": 1.04,
              "Plan Rows": 4,
              "Plan Width": 4,
              "Actual Startup Time": 0.062,
              "Actual Total Time": 0.063,
              "Actual Rows": 4,
              "Actual Loops": 5,
              "Hash Buckets": 1024,
              "Original Hash Buckets": 1024,
              "Hash Batches": 1,
              "Original Hash Batches": 1,
              "Peak Memory Usage": 9,
              "Plans": [
                {
                  "Node Type": "Seq Scan",
                  "Parent Relationship": "Outer",
                  "Parallel Aware": false,
                  "Relation Name": "company_type",
                  "Alias": "ct",
                  "Startup Cost": 0.0,
                  "Total Cost": 1.04,
                  "Plan Rows": 4,
                  "Plan Width": 4,
                  "Actual Startup Time": 0.037,
                  "Actual Total Time": 0.04,
                  "Actual Rows": 4,
                  "Actual Loops": 5
                }
              ]
            }
          ]
        }
      ]
    },
    "Planning Time": 2.24,
    "Triggers": [],
    "Execution Time": 489.672
  }
]