[
  {
    "Plan": {
      "Node Type": "Gather",
      "Parallel Aware": false,
      "Startup Cost": 64470.59,
      "Total Cost": 137210.53,
      "Plan Rows": 265148,
      "Plan Width": 40,
      "Actual Startup Time": 146.253,
      "Actual Total Time": 446.366,
      "Actual Rows": 259406,
      "Actual Loops": 1,
      "Workers Planned": 4,
      "Workers Launched": 4,
      "Single Copy": false,
      "Plans": [
        {
          "Node Type": "Hash Join",
          "Parent Relationship": "Outer",
          "Parallel Aware": false,
          "Join Type": "Inner",
          "Startup Cost": 63470.59,
          "Total Cost": 109695.73,
          "Plan Rows": 66287,
          "Plan Width": 40,
          "Actual Startup Time": 134.41,
          "Actual Total Time": 389.122,
          "Actual Rows": 51881,
          "Actual Loops": 5,
          "Inner Unique": true,
          "Hash Cond": "(mc.company_type_id = ct.id)",
          "Plans": [
            {
              "Node Type": "Hash Join",
              "Parent Relationship": "Outer",
              "Parallel Aware": true,
              "Join Type": "Inner",
              "Startup Cost": 63469.5,
              "Total Cost": 109336.28,
              "Plan Rows": 66287,
              "Plan Width": 40,
              "Actual Startup Time": 133.907,
              "Actual Total Time": 377.606,
              "Actual Rows": 51881,
              "Actual Loops": 5,
              "Inner Unique": true,
              "Hash Cond": "(mc.company_id = cn.id)",
              "Plans": [
                {
                  "Node Type": "Hash Join",
                  "Parent Relationship": "Outer",
                  "Parallel Aware": true,
                  "Join Type": "Inner",
                  "Startup Cost": 57364.24,
                  "Total Cost": 103057.01,
                  "Plan Rows": 66287,
                  "Plan Width": 40,
                  "Actual Startup Time": 86.402,
                  "Actual Total Time": 314.823,
                  "Actual Rows": 51881,
                  "Actual Loops": 5,
                  "Inner Unique": false,
                  "Hash Cond": "(t.id = mc.movie_id)",
                  "Plans": [
                    {
                      "Node Type": "Seq Scan",
                      "Parent Relationship": "Outer",
                      "Parallel Aware": true,
                      "Relation Name": "title",
                      "Alias": "t",
                      "Startup Cost": 0.0,
                      "Total Cost": 42318.63,
                      "Plan Rows": 632063,
                      "Plan Width": 4,
                      "Actual Startup Time": 0.041,
                      "Actual Total Time": 97.222,
                      "Actual Rows": 505662,
                      "Actual Loops": 5
                    },
                    {
                      "Node Type": "Hash",
                      "Parent Relationship": "Inner",
                      "Parallel Aware": true,
                      "Startup Cost": 56295.09,
                      "Total Cost": 56295.09,
                      "Plan Rows": 85532,
                      "Plan Width": 40,
                      "Actual Startup Time": 85.125,
                      "Actual Total Time": 85.126,
                      "Actual Rows": 51881,
                      "Actual Loops": 5,
                      "Hash Buckets": 524288,
                      "Original Hash Buckets": 524288,
                      "Hash Batches": 1,
                      "Original Hash Batches": 1,
                      "Peak Memory Usage": 21728,
                      "Plans": [
                        {
                          "Node Type": "Index Scan",
                          "Parent Relationship": "Outer",
                          "Parallel Aware": true,
                          "Scan Direction": "Forward",
                          "Index Name": "company_id_movie_companies",
                          "Relation Name": "movie_companies",
                          "Alias": "mc",
                          "Startup Cost": 0.43,
                          "Total Cost": 56295.09,
                          "Plan Rows": 85532,
                          "Plan Width": 40,
                          "Actual Startup Time": 0.256,
                          "Actual Total Time": 46.819,
                          "Actual Rows": 51881,
                          "Actual Loops": 5,
                          "Index Cond": "(company_id < 133)",
                          "Rows Removed by Index Recheck": 0
                        }
                      ]
                    }
                  ]
                },
                {
                  "Node Type": "Hash",
                  "Parent Relationship": "Inner",
                  "Parallel Aware": true,
                  "Startup Cost": 4377.34,
                  "Total Cost": 4377.34,
                  "Plan Rows": 138234,
                  "Plan Width": 4,
                  "Actual Startup Time": 45.821,
                  "Actual Total Time": 45.822,
                  "Actual Rows": 46999,
                  "Actual Loops": 5,
                  "Hash Buckets": 262144,
                  "Original Hash Buckets": 262144,
                  "Hash Batches": 1,
                  "Original Hash Batches": 1,
                  "Peak Memory Usage": 11328,
                  "Plans": [
                    {
                      "Node Type": "Seq Scan",
                      "Parent Relationship": "Outer",
                      "Parallel Aware": true,
                      "Relation Name": "company_name",
                      "Alias": "cn",
                      "Startup Cost": 0.0,
                      "Total Cost": 4377.34,
                      "Plan Rows": 138234,
                      "Plan Width": 4,
                      "Actual Startup Time": 0.063,
                      "Actual Total Time": 17.411,
                      "Actual Rows": 46999,
                      "Actual Loops": 5
                    }
                  ]
                }
              ]
            },
            {
              "Node Type": "Hash",
              "Parent Relationship": "Inner",
              "Parallel Aware": false,
              "Startup Cost": 1.04,
              "Total Cost": 1.04,
              "Plan Rows": 4,
              "Plan Width": 4,
              "Actual Startup Time": 0.069,
              "Actual Total Time": 0.069,
              "Actual Rows": 4,
              "Actual Loops": 5,
              "Hash Buckets": 1024,
              "Original Hash Buckets": 1024,
              "Hash Batches": 1,
              "Original Hash Batches": 1,
              "Peak Memory Usage": 9,
              "Plans": [
                {
                  "Node Type": "Seq Scan",
                  "Parent Relationship": "Outer",
                  "Parallel Aware": false,
                  "Relation Name": "company_type",
                  "Alias": "ct",
                  "Startup Cost": 0.0,
                  "Total Cost": 1.04,
                  "Plan Rows": 4,
                  "Plan Width": 4,
                  "Actual Startup Time": 0.036,
                  "Actual Total Time": 0.04,
                  "Actual Rows": 4,
                  "Actual Loops": 5
                }
              ]
            }
          ]
        }
      ]
    },
    "Planning Time": 4.789,
    "Triggers": [],
    "Execution Time": 459.629
  }
]