{
  "Plan": {
    "Node Type": "Aggregate",
    "Strategy": "Plain",
    "Partial Mode": "Finalize",
    "Parallel Aware": false,
    "Startup Cost": 120759.7,
    "Total Cost": 120759.71,
    "Plan Rows": 1,
    "Plan Width": 8,
    "Actual Startup Time": 601.113,
    "Actual Total Time": 615.15,
    "Actual Rows": 1,
    "Actual Loops": 1,
    "Plans": [
      {
        "Node Type": "Gather",
        "Parent Relationship": "Outer",
        "Parallel Aware": false,
        "Startup Cost": 120759.58,
        "Total Cost": 120759.69,
        "Plan Rows": 1,
        "Plan Width": 8,
        "Actual Startup Time": 599.716,
        "Actual Total Time": 615.142,
        "Actual Rows": 2,
        "Actual Loops": 1,
        "Workers Planned": 1,
        "Workers Launched": 1,
        "Single Copy": false,
        "Plans": [
          {
            "Node Type": "Aggregate",
            "Strategy": "Plain",
            "Partial Mode": "Partial",
            "Parent Relationship": "Outer",
            "Parallel Aware": false,
            "Startup Cost": 119759.58,
            "Total Cost": 119759.59,
            "Plan Rows": 1,
            "Plan Width": 8,
            "Actual Startup Time": 593.607,
            "Actual Total Time": 593.785,
            "Actual Rows": 1,
            "Actual Loops": 2,
            "Plans": [
              {
                "Node Type": "Hash Join",
                "Parent Relationship": "Outer",
                "Parallel Aware": true,
                "Join Type": "Inner",
                "Startup Cost": 109892.66,
                "Total Cost": 119736.64,
                "Plan Rows": 9178,
                "Plan Width": 0,
                "Actual Startup Time": 539.228,
                "Actual Total Time": 592.693,
                "Actual Rows": 26284,
                "Actual Loops": 2,
                "Inner Unique": false,
                "Hash Cond": "(ci.movie_id = t.id)",
                "Plans": [
                  {
                    "Node Type": "Index Scan",
                    "Parent Relationship": "Outer",
                    "Parallel Aware": true,
                    "Scan Direction": "Forward",
                    "Index Name": "role_id_cast_info",
                    "Relation Name": "cast_info",
                    "Alias": "ci",
                    "Startup Cost": 0.56,
                    "Total Cost": 9590.86,
                    "Plan Rows": 53255,
                    "Plan Width": 4,
                    "Actual Startup Time": 0.052,
                    "Actual Total Time": 24.091,
                    "Actual Rows": 116568,
                    "Actual Loops": 2,
                    "Index Cond": "(role_id > 10)",
                    "Rows Removed by Index Recheck": 0,
                    "Filter": "(person_id > 2616485)",
                    "Rows Removed by Filter": 41490
                  },
                  {
                    "Node Type": "Hash",
                    "Parent Relationship": "Inner",
                    "Parallel Aware": true,
                    "Startup Cost": 106688.46,
                    "Total Cost": 106688.46,
                    "Plan Rows": 256291,
                    "Plan Width": 8,
                    "Actual Startup Time": 533.197,
                    "Actual Total Time": 533.373,
                    "Actual Rows": 124950,
                    "Actual Loops": 2,
                    "Hash Buckets": 524288,
                    "Original Hash Buckets": 524288,
                    "Hash Batches": 1,
                    "Original Hash Batches": 1,
                    "Peak Memory Usage": 13888,
                    "Plans": [
                      {
                        "Node Type": "Hash Join",
                        "Parent Relationship": "Outer",
                        "Parallel Aware": true,
                        "Join Type": "Inner",
                        "Startup Cost": 45015.36,
                        "Total Cost": 106688.46,
                        "Plan Rows": 256291,
                        "Plan Width": 8,
                        "Actual Startup Time": 158.951,
                        "Actual Total Time": 493.587,
                        "Actual Rows": 124950,
                        "Actual Loops": 2,
                        "Inner Unique": false,
                        "Hash Cond": "(t.id = mc.movie_id)",
                        "Plans": [
                          {
                            "Node Type": "Seq Scan",
                            "Parent Relationship": "Outer",
                            "Parallel Aware": true,
                            "Relation Name": "title",
                            "Alias": "t",
                            "Startup Cost": 0.0,
                            "Total Cost": 50870.31,
                            "Plan Rows": 1487231,
                            "Plan Width": 4,
                            "Actual Startup Time": 0.012,
                            "Actual Total Time": 123.524,
                            "Actual Rows": 1264156,
                            "Actual Loops": 2
                          },
                          {
                            "Node Type": "Hash",
                            "Parent Relationship": "Inner",
                            "Parallel Aware": true,
                            "Startup Cost": 41811.73,
                            "Total Cost": 41811.73,
                            "Plan Rows": 256291,
                            "Plan Width": 4,
                            "Actual Startup Time": 155.493,
                            "Actual Total Time": 155.495,
                            "Actual Rows": 124950,
                            "Actual Loops": 2,
                            "Hash Buckets": 524288,
                            "Original Hash Buckets": 524288,
                            "Hash Batches": 1,
                            "Original Hash Batches": 1,
                            "Peak Memory Usage": 13888,
                            "Plans": [
                              {
                                "Node Type": "Seq Scan",
                                "Parent Relationship": "Outer",
                                "Parallel Aware": true,
                                "Relation Name": "movie_companies",
                                "Alias": "mc",
                                "Startup Cost": 0.0,
                                "Total Cost": 41811.73,
                                "Plan Rows": 256291,
                                "Plan Width": 4,
                                "Actual Startup Time": 66.69,
                                "Actual Total Time": 119.219,
                                "Actual Rows": 124950,
                                "Actual Loops": 2,
                                "Filter": "((company_id < 2394) AND (company_type_id = 2))",
                                "Rows Removed by Filter": 1179614
                              }
                            ]
                          }
                        ]
                      }
                    ]
                  }
                ]
              }
            ]
          }
        ]
      }
    ]
  },
  "Planning Time": 0.86,
  "Triggers": [],
  "Execution Time": 615.234
}