[
  {
    "Plan": {
      "Node Type": "Aggregate",
      "Strategy": "Plain",
      "Partial Mode": "Finalize",
      "Parallel Aware": false,
      "Startup Cost": 47284.64,
      "Total Cost": 47284.65,
      "Plan Rows": 1,
      "Plan Width": 8,
      "Actual Startup Time": 119.816,
      "Actual Total Time": 133.651,
      "Actual Rows": 1,
      "Actual Loops": 1,
      "Plans": [
        {
          "Node Type": "Gather",
          "Parent Relationship": "Outer",
          "Parallel Aware": false,
          "Startup Cost": 47284.22,
          "Total Cost": 47284.63,
          "Plan Rows": 4,
          "Plan Width": 8,
          "Actual Startup Time": 119.673,
          "Actual Total Time": 133.643,
          "Actual Rows": 5,
          "Actual Loops": 1,
          "Workers Planned": 4,
          "Workers Launched": 4,
          "Single Copy": false,
          "Plans": [
            {
              "Node Type": "Aggregate",
              "Strategy": "Plain",
              "Partial Mode": "Partial",
              "Parent Relationship": "Outer",
              "Parallel Aware": false,
              "Startup Cost": 46284.22,
              "Total Cost": 46284.23,
              "Plan Rows": 1,
              "Plan Width": 8,
              "Actual Startup Time": 113.167,
              "Actual Total Time": 113.168,
              "Actual Rows": 1,
              "Actual Loops": 5,
              "Plans": [
                {
                  "Node Type": "Seq Scan",
                  "Parent Relationship": "Outer",
                  "Parallel Aware": true,
                  "Relation Name": "title",
                  "Alias": "t",
                  "Startup Cost": 0.0,
                  "Total Cost": 45479.1,
                  "Plan Rows": 322048,
                  "Plan Width": 0,
                  "Actual Startup Time": 0.037,
                  "Actual Total Time": 96.542,
                  "Actual Rows": 274016,
                  "Actual Loops": 5,
                  "Filter": "((kind_id > 4) AND (production_year > 1969))",
                  "Rows Removed by Filter": 231646
                }
              ]
            }
          ]
        }
      ]
    },
    "Planning Time": 0.152,
    "Triggers": [],
    "Execution Time": 133.703
  }
]