[
  {
    "Plan": {
      "Node Type": "Aggregate",
      "Strategy": "Plain",
      "Partial Mode": "Finalize",
      "Parallel Aware": false,
      "Startup Cost": 346866.45,
      "Total Cost": 346866.46,
      "Plan Rows": 1,
      "Plan Width": 8,
      "Actual Startup Time": 650.633,
      "Actual Total Time": 693.985,
      "Actual Rows": 1,
      "Actual Loops": 1,
      "Plans": [
        {
          "Node Type": "Gather",
          "Parent Relationship": "Outer",
          "Parallel Aware": false,
          "Startup Cost": 346865.82,
          "Total Cost": 346866.43,
          "Plan Rows": 6,
          "Plan Width": 8,
          "Actual Startup Time": 650.222,
          "Actual Total Time": 693.97,
          "Actual Rows": 7,
          "Actual Loops": 1,
          "Workers Planned": 6,
          "Workers Launched": 6,
          "Single Copy": false,
          "Plans": [
            {
              "Node Type": "Aggregate",
              "Strategy": "Plain",
              "Partial Mode": "Partial",
              "Parent Relationship": "Outer",
              "Parallel Aware": false,
              "Startup Cost": 345865.82,
              "Total Cost": 345865.83,
              "Plan Rows": 1,
              "Plan Width": 8,
              "Actual Startup Time": 642.809,
              "Actual Total Time": 642.81,
              "Actual Rows": 1,
              "Actual Loops": 7,
              "Plans": [
                {
                  "Node Type": "Seq Scan",
                  "Parent Relationship": "Outer",
                  "Parallel Aware": true,
                  "Relation Name": "cast_info",
                  "Alias": "ci",
                  "Startup Cost": 0.0,
                  "Total Cost": 343316.27,
                  "Plan Rows": 1019821,
                  "Plan Width": 0,
                  "Actual Startup Time": 303.477,
                  "Actual Total Time": 577.304,
                  "Actual Rows": 1509771,
                  "Actual Loops": 7,
                  "Filter": "((person_id > 2315175) AND (role_id > 2))",
                  "Rows Removed by Filter": 3667992
                }
              ]
            }
          ]
        }
      ]
    },
    "Planning Time": 0.152,
    "Triggers": [],
    "Execution Time": 694.04
  }
]