[
  {
    "Plan": {
      "Node Type": "Aggregate",
      "Strategy": "Plain",
      "Partial Mode": "Finalize",
      "Parallel Aware": false,
      "Startup Cost": 346818.89,
      "Total Cost": 346818.9,
      "Plan Rows": 1,
      "Plan Width": 8,
      "Actual Startup Time": 704.626,
      "Actual Total Time": 766.57,
      "Actual Rows": 1,
      "Actual Loops": 1,
      "Plans": [
        {
          "Node Type": "Gather",
          "Parent Relationship": "Outer",
          "Parallel Aware": false,
          "Startup Cost": 346818.27,
          "Total Cost": 346818.88,
          "Plan Rows": 6,
          "Plan Width": 8,
          "Actual Startup Time": 704.488,
          "Actual Total Time": 766.56,
          "Actual Rows": 7,
          "Actual Loops": 1,
          "Workers Planned": 6,
          "Workers Launched": 6,
          "Single Copy": false,
          "Plans": [
            {
              "Node Type": "Aggregate",
              "Strategy": "Plain",
              "Partial Mode": "Partial",
              "Parent Relationship": "Outer",
              "Parallel Aware": false,
              "Startup Cost": 345818.27,
              "Total Cost": 345818.28,
              "Plan Rows": 1,
              "Plan Width": 8,
              "Actual Startup Time": 694.15,
              "Actual Total Time": 694.151,
              "Actual Rows": 1,
              "Actual Loops": 7,
              "Plans": [
                {
                  "Node Type": "Seq Scan",
                  "Parent Relationship": "Outer",
                  "Parallel Aware": true,
                  "Relation Name": "cast_info",
                  "Alias": "ci",
                  "Startup Cost": 0.0,
                  "Total Cost": 343257.03,
                  "Plan Rows": 1024496,
                  "Plan Width": 0,
                  "Actual Startup Time": 330.481,
                  "Actual Total Time": 631.084,
                  "Actual Rows": 1509771,
                  "Actual Loops": 7,
                  "Filter": "((person_id > 2315175) AND (role_id > 2))",
                  "Rows Removed by Filter": 3667992
                }
              ]
            }
          ]
        }
      ]
    },
    "Planning Time": 0.196,
    "Triggers": [],
    "Execution Time": 766.641
  }
]