[
    {
        "Bao": {
            "Bao prediction": "NaN",
            "Bao recommended hint": "(no hint)"
        }
    },
    {
        "Plan": {
            "Node Type": "Aggregate",
            "Strategy": "Plain",
            "Partial Mode": "Finalize",
            "Parallel Aware": false,
            "Startup Cost": 273821.87,
            "Total Cost": 273821.88,
            "Plan Rows": 1,
            "Plan Width": 8,
            "Actual Startup Time": 104.932,
            "Actual Total Time": 109.3,
            "Actual Rows": 1,
            "Actual Loops": 1,
            "Output": [
                "count(*)"
            ],
            "Plans": [
                {
                    "Node Type": "Gather",
                    "Parent Relationship": "Outer",
                    "Parallel Aware": false,
                    "Startup Cost": 273821.24,
                    "Total Cost": 273821.85,
                    "Plan Rows": 6,
                    "Plan Width": 8,
                    "Actual Startup Time": 104.435,
                    "Actual Total Time": 109.29,
                    "Actual Rows": 7,
                    "Actual Loops": 1,
                    "Output": [
                        "(PARTIAL count(*))"
                    ],
                    "Workers Planned": 6,
                    "Workers Launched": 6,
                    "Single Copy": false,
                    "Plans": [
                        {
                            "Node Type": "Aggregate",
                            "Strategy": "Plain",
                            "Partial Mode": "Partial",
                            "Parent Relationship": "Outer",
                            "Parallel Aware": false,
                            "Startup Cost": 272821.24,
                            "Total Cost": 272821.25,
                            "Plan Rows": 1,
                            "Plan Width": 8,
                            "Actual Startup Time": 93.831,
                            "Actual Total Time": 93.833,
                            "Actual Rows": 1,
                            "Actual Loops": 7,
                            "Output": [
                                "PARTIAL count(*)"
                            ],
                            "Workers": [
                                {
                                    "Worker Number": 0,
                                    "Actual Startup Time": 91.36,
                                    "Actual Total Time": 91.362,
                                    "Actual Rows": 1,
                                    "Actual Loops": 1
                                },
                                {
                                    "Worker Number": 1,
                                    "Actual Startup Time": 91.819,
                                    "Actual Total Time": 91.82,
                                    "Actual Rows": 1,
                                    "Actual Loops": 1
                                },
                                {
                                    "Worker Number": 2,
                                    "Actual Startup Time": 91.928,
                                    "Actual Total Time": 91.93,
                                    "Actual Rows": 1,
                                    "Actual Loops": 1
                                },
                                {
                                    "Worker Number": 3,
                                    "Actual Startup Time": 92.339,
                                    "Actual Total Time": 92.34,
                                    "Actual Rows": 1,
                                    "Actual Loops": 1
                                },
                                {
                                    "Worker Number": 4,
                                    "Actual Startup Time": 92.603,
                                    "Actual Total Time": 92.604,
                                    "Actual Rows": 1,
                                    "Actual Loops": 1
                                },
                                {
                                    "Worker Number": 5,
                                    "Actual Startup Time": 92.975,
                                    "Actual Total Time": 92.977,
                                    "Actual Rows": 1,
                                    "Actual Loops": 1
                                }
                            ],
                            "Plans": [
                                {
                                    "Node Type": "Bitmap Heap Scan",
                                    "Parent Relationship": "Outer",
                                    "Parallel Aware": true,
                                    "Relation Name": "cast_info",
                                    "Schema": "public",
                                    "Alias": "ci",
                                    "Startup Cost": 17964.67,
                                    "Total Cost": 272700.99,
                                    "Plan Rows": 48100,
                                    "Plan Width": 0,
                                    "Actual Startup Time": 35.438,
                                    "Actual Total Time": 85.544,
                                    "Actual Rows": 88557,
                                    "Actual Loops": 7,
                                    "Recheck Cond": "(ci.person_id < 88289)",
                                    "Rows Removed by Index Recheck": 0,
                                    "Filter": "(ci.role_id < 2)",
                                    "Rows Removed by Filter": 31171,
                                    "Exact Heap Blocks": 2077,
                                    "Lossy Heap Blocks": 0,
                                    "Workers": [
                                        {
                                            "Worker Number": 0,
                                            "Actual Startup Time": 33.449,
                                            "Actual Total Time": 83.251,
                                            "Actual Rows": 77105,
                                            "Actual Loops": 1
                                        },
                                        {
                                            "Worker Number": 1,
                                            "Actual Startup Time": 33.274,
                                            "Actual Total Time": 83.588,
                                            "Actual Rows": 80784,
                                            "Actual Loops": 1
                                        },
                                        {
                                            "Worker Number": 2,
                                            "Actual Startup Time": 33.749,
                                            "Actual Total Time": 83.852,
                                            "Actual Rows": 74755,
                                            "Actual Loops": 1
                                        },
                                        {
                                            "Worker Number": 3,
                                            "Actual Startup Time": 34.45,
                                            "Actual Total Time": 84.299,
                                            "Actual Rows": 80362,
                                            "Actual Loops": 1
                                        },
                                        {
                                            "Worker Number": 4,
                                            "Actual Startup Time": 33.91,
                                            "Actual Total Time": 84.65,
                                            "Actual Rows": 80870,
                                            "Actual Loops": 1
                                        },
                                        {
                                            "Worker Number": 5,
                                            "Actual Startup Time": 34.395,
                                            "Actual Total Time": 84.964,
                                            "Actual Rows": 74057,
                                            "Actual Loops": 1
                                        }
                                    ],
                                    "Plans": [
                                        {
                                            "Node Type": "Bitmap Index Scan",
                                            "Parent Relationship": "Outer",
                                            "Parallel Aware": false,
                                            "Index Name": "person_id_cast_info",
                                            "Startup Cost": 0.0,
                                            "Total Cost": 17892.52,
                                            "Plan Rows": 819728,
                                            "Plan Width": 0,
                                            "Actual Startup Time": 42.887,
                                            "Actual Total Time": 42.888,
                                            "Actual Rows": 838101,
                                            "Actual Loops": 1,
                                            "Index Cond": "(ci.person_id < 88289)"
                                        }
                                    ]
                                }
                            ]
                        }
                    ]
                }
            ]
        },
        "Planning Time": 206.207,
        "Triggers": [],
        "Execution Time": 109.408
    }
]