[
    {
        "Bao": {
            "Bao prediction": 429.342,
            "Bao recommended hint": "(no hint)"
        }
    },
    {
        "Plan": {
            "Node Type": "Aggregate",
            "Strategy": "Plain",
            "Partial Mode": "Simple",
            "Parallel Aware": false,
            "Startup Cost": 8639.69,
            "Total Cost": 8639.7,
            "Plan Rows": 1,
            "Plan Width": 8,
            "Actual Startup Time": 3.97,
            "Actual Total Time": 3.972,
            "Actual Rows": 1,
            "Actual Loops": 1,
            "Output": [
                "count(*)"
            ],
            "Plans": [
                {
                    "Node Type": "Index Scan",
                    "Parent Relationship": "Outer",
                    "Parallel Aware": false,
                    "Scan Direction": "Forward",
                    "Index Name": "company_id_movie_companies",
                    "Relation Name": "movie_companies",
                    "Schema": "public",
                    "Alias": "mc",
                    "Startup Cost": 0.43,
                    "Total Cost": 8635.14,
                    "Plan Rows": 1818,
                    "Plan Width": 0,
                    "Actual Startup Time": 2.01,
                    "Actual Total Time": 3.707,
                    "Actual Rows": 1433,
                    "Actual Loops": 1,
                    "Output": [
                        "id",
                        "movie_id",
                        "company_id",
                        "company_type_id",
                        "note"
                    ],
                    "Index Cond": "(mc.company_id = 181)",
                    "Rows Removed by Index Recheck": 0,
                    "Filter": "(mc.company_type_id > 1)",
                    "Rows Removed by Filter": 1947
                }
            ]
        },
        "Planning Time": 594.423,
        "Triggers": [],
        "Execution Time": 4.047
    }
]