[
  {
    "Plan": {
      "Node Type": "Aggregate",
      "Strategy": "Plain",
      "Partial Mode": "Finalize",
      "Parallel Aware": false,
      "Startup Cost": 420262.52,
      "Total Cost": 420262.53,
      "Plan Rows": 1,
      "Plan Width": 8,
      "Actual Startup Time": 1586.678,
      "Actual Total Time": 1616.449,
      "Actual Rows": 1,
      "Actual Loops": 1,
      "Plans": [
        {
          "Node Type": "Gather",
          "Parent Relationship": "Outer",
          "Parallel Aware": false,
          "Startup Cost": 420262.21,
          "Total Cost": 420262.52,
          "Plan Rows": 3,
          "Plan Width": 8,
          "Actual Startup Time": 1576.922,
          "Actual Total Time": 1616.438,
          "Actual Rows": 4,
          "Actual Loops": 1,
          "Workers Planned": 3,
          "Workers Launched": 3,
          "Single Copy": false,
          "Plans": [
            {
              "Node Type": "Aggregate",
              "Strategy": "Plain",
              "Partial Mode": "Partial",
              "Parent Relationship": "Outer",
              "Parallel Aware": false,
              "Startup Cost": 419262.21,
              "Total Cost": 419262.22,
              "Plan Rows": 1,
              "Plan Width": 8,
              "Actual Startup Time": 1567.472,
              "Actual Total Time": 1567.906,
              "Actual Rows": 1,
              "Actual Loops": 4,
              "Plans": [
                {
                  "Node Type": "Hash Join",
                  "Parent Relationship": "Outer",
                  "Parallel Aware": true,
                  "Join Type": "Inner",
                  "Startup Cost": 372399.19,
                  "Total Cost": 417856.28,
                  "Plan Rows": 562369,
                  "Plan Width": 0,
                  "Actual Startup Time": 859.801,
                  "Actual Total Time": 1393.612,
                  "Actual Rows": 3913572,
                  "Actual Loops": 4,
                  "Inner Unique": false,
                  "Hash Cond": "(mk.movie_id = t.id)",
                  "Plans": [
                    {
                      "Node Type": "Seq Scan",
                      "Parent Relationship": "Outer",
                      "Parallel Aware": true,
                      "Relation Name": "movie_keyword",
                      "Alias": "mk",
                      "Startup Cost": 0.0,
                      "Total Cost": 39047.32,
                      "Plan Rows": 1459332,
                      "Plan Width": 4,
                      "Actual Startup Time": 0.037,
                      "Actual Total Time": 100.838,
                      "Actual Rows": 1130982,
                      "Actual Loops": 4
                    },
                    {
                      "Node Type": "Hash",
                      "Parent Relationship": "Inner",
                      "Parallel Aware": true,
                      "Startup Cost": 370369.29,
                      "Total Cost": 370369.29,
                      "Plan Rows": 162392,
                      "Plan Width": 8,
                      "Actual Startup Time": 854.218,
                      "Actual Total Time": 854.65,
                      "Actual Rows": 283446,
                      "Actual Loops": 4,
                      "Hash Buckets": 2097152,
                      "Original Hash Buckets": 1048576,
                      "Hash Batches": 1,
                      "Original Hash Batches": 1,
                      "Peak Memory Usage": 68992,
                      "Plans": [
                        {
                          "Node Type": "Hash Join",
                          "Parent Relationship": "Outer",
                          "Parallel Aware": true,
                          "Join Type": "Inner",
                          "Startup Cost": 110393.9,
                          "Total Cost": 370369.29,
                          "Plan Rows": 162392,
                          "Plan Width": 8,
                          "Actual Startup Time": 362.528,
                          "Actual Total Time": 712.029,
                          "Actual Rows": 283446,
                          "Actual Loops": 4,
                          "Inner Unique": true,
                          "Hash Cond": "(ci.movie_id = t.id)",
                          "Plans": [
                            {
                              "Node Type": "Bitmap Heap Scan",
                              "Parent Relationship": "Outer",
                              "Parallel Aware": true,
                              "Relation Name": "cast_info",
                              "Alias": "ci",
                              "Startup Cost": 63831.83,
                              "Total Cost": 322542.29,
                              "Plan Rows": 481877,
                              "Plan Width": 4,
                              "Actual Startup Time": 173.586,
                              "Actual Total Time": 289.01,
                              "Actual Rows": 747767,
                              "Actual Loops": 4,
                              "Recheck Cond": "(person_id < 290659)",
                              "Rows Removed by Index Recheck": 0,
                              "Exact Heap Blocks": 9108,
                              "Lossy Heap Blocks": 0,
                              "Plans": [
                                {
                                  "Node Type": "Bitmap Index Scan",
                                  "Parent Relationship": "Outer",
                                  "Parallel Aware": false,
                                  "Index Name": "person_id_cast_info",
                                  "Startup Cost": 0.0,
                                  "Total Cost": 63109.01,
                                  "Plan Rows": 2891260,
                                  "Plan Width": 0,
                                  "Actual Startup Time": 165.517,
                                  "Actual Total Time": 165.517,
                                  "Actual Rows": 2991068,
                                  "Actual Loops": 1,
                                  "Index Cond": "(person_id < 290659)"
                                }
                              ]
                            },
                            {
                              "Node Type": "Hash",
                              "Parent Relationship": "Inner",
                              "Parallel Aware": true,
                              "Startup Cost": 43899.32,
                              "Total Cost": 43899.32,
                              "Plan Rows": 213020,
                              "Plan Width": 4,
                              "Actual Startup Time": 185.522,
                              "Actual Total Time": 185.523,
                              "Actual Rows": 213554,
                              "Actual Loops": 4,
                              "Hash Buckets": 1048576,
                              "Original Hash Buckets": 1048576,
                              "Hash Batches": 1,
                              "Original Hash Batches": 1,
                              "Peak Memory Usage": 41728,
                              "Plans": [
                                {
                                  "Node Type": "Seq Scan",
                                  "Parent Relationship": "Outer",
                                  "Parallel Aware": true,
                                  "Relation Name": "title",
                                  "Alias": "t",
                                  "Startup Cost": 0.0,
                                  "Total Cost": 43899.32,
                                  "Plan Rows": 213020,
                                  "Plan Width": 4,
                                  "Actual Startup Time": 0.032,
                                  "Actual Total Time": 106.698,
                                  "Actual Rows": 213554,
                                  "Actual Loops": 4,
                                  "Filter": "(kind_id < 4)",
                                  "Rows Removed by Filter": 418524
                                }
                              ]
                            }
                          ]
                        }
                      ]
                    }
                  ]
                }
              ]
            }
          ]
        }
      ]
    },
    "Planning Time": 1.362,
    "Triggers": [],
    "Execution Time": 1616.562
  }
]