[
  {
    "Plan": {
      "Node Type": "Aggregate",
      "Strategy": "Plain",
      "Partial Mode": "Finalize",
      "Parallel Aware": false,
      "Startup Cost": 353965.04,
      "Total Cost": 353965.05,
      "Plan Rows": 1,
      "Plan Width": 8,
      "Actual Startup Time": 983.408,
      "Actual Total Time": 1026.847,
      "Actual Rows": 1,
      "Actual Loops": 1,
      "Plans": [
        {
          "Node Type": "Gather",
          "Parent Relationship": "Outer",
          "Parallel Aware": false,
          "Startup Cost": 353964.41,
          "Total Cost": 353965.02,
          "Plan Rows": 6,
          "Plan Width": 8,
          "Actual Startup Time": 983.2,
          "Actual Total Time": 1026.832,
          "Actual Rows": 7,
          "Actual Loops": 1,
          "Workers Planned": 6,
          "Workers Launched": 6,
          "Single Copy": false,
          "Plans": [
            {
              "Node Type": "Aggregate",
              "Strategy": "Plain",
              "Partial Mode": "Partial",
              "Parent Relationship": "Outer",
              "Parallel Aware": false,
              "Startup Cost": 352964.41,
              "Total Cost": 352964.42,
              "Plan Rows": 1,
              "Plan Width": 8,
              "Actual Startup Time": 976.708,
              "Actual Total Time": 976.71,
              "Actual Rows": 1,
              "Actual Loops": 7,
              "Plans": [
                {
                  "Node Type": "Seq Scan",
                  "Parent Relationship": "Outer",
                  "Parallel Aware": true,
                  "Relation Name": "cast_info",
                  "Alias": "ci",
                  "Startup Cost": 0.0,
                  "Total Cost": 343316.27,
                  "Plan Rows": 3859257,
                  "Plan Width": 0,
                  "Actual Startup Time": 0.043,
                  "Actual Total Time": 774.279,
                  "Actual Rows": 3803751,
                  "Actual Loops": 7,
                  "Filter": "((person_id < 3180111) AND (role_id < 5))",
                  "Rows Removed by Filter": 1374013
                }
              ]
            }
          ]
        }
      ]
    },
    "Planning Time": 0.175,
    "Triggers": [],
    "Execution Time": 1026.891
  }
]