[
  {
    "Plan": {
      "Node Type": "Aggregate",
      "Strategy": "Plain",
      "Partial Mode": "Finalize",
      "Parallel Aware": false,
      "Startup Cost": 40671.93,
      "Total Cost": 40671.94,
      "Plan Rows": 1,
      "Plan Width": 8,
      "Actual Startup Time": 118.126,
      "Actual Total Time": 128.696,
      "Actual Rows": 1,
      "Actual Loops": 1,
      "Plans": [
        {
          "Node Type": "Gather",
          "Parent Relationship": "Outer",
          "Parallel Aware": false,
          "Startup Cost": 40671.61,
          "Total Cost": 40671.92,
          "Plan Rows": 3,
          "Plan Width": 8,
          "Actual Startup Time": 117.814,
          "Actual Total Time": 128.684,
          "Actual Rows": 4,
          "Actual Loops": 1,
          "Workers Planned": 3,
          "Workers Launched": 3,
          "Single Copy": false,
          "Plans": [
            {
              "Node Type": "Aggregate",
              "Strategy": "Plain",
              "Partial Mode": "Partial",
              "Parent Relationship": "Outer",
              "Parallel Aware": false,
              "Startup Cost": 39671.61,
              "Total Cost": 39671.62,
              "Plan Rows": 1,
              "Plan Width": 8,
              "Actual Startup Time": 112.444,
              "Actual Total Time": 112.446,
              "Actual Rows": 1,
              "Actual Loops": 4,
              "Plans": [
                {
                  "Node Type": "Bitmap Heap Scan",
                  "Parent Relationship": "Outer",
                  "Parallel Aware": true,
                  "Relation Name": "movie_keyword",
                  "Alias": "mk",
                  "Startup Cost": 12391.28,
                  "Total Cost": 39200.56,
                  "Plan Rows": 188422,
                  "Plan Width": 0,
                  "Actual Startup Time": 33.44,
                  "Actual Total Time": 104.775,
                  "Actual Rows": 146160,
                  "Actual Loops": 4,
                  "Recheck Cond": "(keyword_id > 31395)",
                  "Rows Removed by Index Recheck": 0,
                  "Exact Heap Blocks": 10113,
                  "Lossy Heap Blocks": 0,
                  "Plans": [
                    {
                      "Node Type": "Bitmap Index Scan",
                      "Parent Relationship": "Outer",
                      "Parallel Aware": false,
                      "Index Name": "keyword_id_movie_keyword",
                      "Startup Cost": 0.0,
                      "Total Cost": 12245.25,
                      "Plan Rows": 584109,
                      "Plan Width": 0,
                      "Actual Startup Time": 34.892,
                      "Actual Total Time": 34.893,
                      "Actual Rows": 584640,
                      "Actual Loops": 1,
                      "Index Cond": "(keyword_id > 31395)"
                    }
                  ]
                }
              ]
            }
          ]
        }
      ]
    },
    "Planning Time": 0.182,
    "Triggers": [],
    "Execution Time": 128.77
  }
]