[
    {
        "Bao": {
            "Bao prediction": "NaN",
            "Bao recommended hint": "(no hint)"
        }
    },
    {
        "Plan": {
            "Node Type": "Aggregate",
            "Strategy": "Plain",
            "Partial Mode": "Finalize",
            "Parallel Aware": false,
            "Startup Cost": 33413.84,
            "Total Cost": 33413.85,
            "Plan Rows": 1,
            "Plan Width": 8,
            "Actual Startup Time": 99.848,
            "Actual Total Time": 105.969,
            "Actual Rows": 1,
            "Actual Loops": 1,
            "Output": [
                "count(*)"
            ],
            "Plans": [
                {
                    "Node Type": "Gather",
                    "Parent Relationship": "Outer",
                    "Parallel Aware": false,
                    "Startup Cost": 33413.52,
                    "Total Cost": 33413.83,
                    "Plan Rows": 3,
                    "Plan Width": 8,
                    "Actual Startup Time": 99.762,
                    "Actual Total Time": 105.962,
                    "Actual Rows": 4,
                    "Actual Loops": 1,
                    "Output": [
                        "(PARTIAL count(*))"
                    ],
                    "Workers Planned": 3,
                    "Workers Launched": 3,
                    "Single Copy": false,
                    "Plans": [
                        {
                            "Node Type": "Aggregate",
                            "Strategy": "Plain",
                            "Partial Mode": "Partial",
                            "Parent Relationship": "Outer",
                            "Parallel Aware": false,
                            "Startup Cost": 32413.52,
                            "Total Cost": 32413.53,
                            "Plan Rows": 1,
                            "Plan Width": 8,
                            "Actual Startup Time": 91.96,
                            "Actual Total Time": 91.961,
                            "Actual Rows": 1,
                            "Actual Loops": 4,
                            "Output": [
                                "PARTIAL count(*)"
                            ],
                            "Workers": [
                                {
                                    "Worker Number": 0,
                                    "Actual Startup Time": 89.319,
                                    "Actual Total Time": 89.32,
                                    "Actual Rows": 1,
                                    "Actual Loops": 1
                                },
                                {
                                    "Worker Number": 1,
                                    "Actual Startup Time": 89.554,
                                    "Actual Total Time": 89.555,
                                    "Actual Rows": 1,
                                    "Actual Loops": 1
                                },
                                {
                                    "Worker Number": 2,
                                    "Actual Startup Time": 89.603,
                                    "Actual Total Time": 89.605,
                                    "Actual Rows": 1,
                                    "Actual Loops": 1
                                }
                            ],
                            "Plans": [
                                {
                                    "Node Type": "Seq Scan",
                                    "Parent Relationship": "Outer",
                                    "Parallel Aware": true,
                                    "Relation Name": "movie_companies",
                                    "Schema": "public",
                                    "Alias": "mc",
                                    "Startup Cost": 0.0,
                                    "Total Cost": 31414.82,
                                    "Plan Rows": 399480,
                                    "Plan Width": 0,
                                    "Actual Startup Time": 45.708,
                                    "Actual Total Time": 80.207,
                                    "Actual Rows": 287966,
                                    "Actual Loops": 4,
                                    "Output": [
                                        "id",
                                        "movie_id",
                                        "company_id",
                                        "company_type_id",
                                        "note"
                                    ],
                                    "Filter": "((mc.company_id < 119167) AND (mc.company_type_id > 1))",
                                    "Rows Removed by Filter": 364317,
                                    "Workers": [
                                        {
                                            "Worker Number": 0,
                                            "Actual Startup Time": 43.065,
                                            "Actual Total Time": 78.021,
                                            "Actual Rows": 280787,
                                            "Actual Loops": 1
                                        },
                                        {
                                            "Worker Number": 1,
                                            "Actual Startup Time": 43.3,
                                            "Actual Total Time": 78.212,
                                            "Actual Rows": 280864,
                                            "Actual Loops": 1
                                        },
                                        {
                                            "Worker Number": 2,
                                            "Actual Startup Time": 43.358,
                                            "Actual Total Time": 78.28,
                                            "Actual Rows": 275057,
                                            "Actual Loops": 1
                                        }
                                    ]
                                }
                            ]
                        }
                    ]
                }
            ]
        },
        "Planning Time": 197.686,
        "Triggers": [],
        "Execution Time": 106.027
    }
]