[
  {
    "Plan": {
      "Node Type": "Aggregate",
      "Strategy": "Plain",
      "Partial Mode": "Finalize",
      "Parallel Aware": false,
      "Startup Cost": 213194.17,
      "Total Cost": 213194.18,
      "Plan Rows": 1,
      "Plan Width": 8,
      "Actual Startup Time": 261.653,
      "Actual Total Time": 274.012,
      "Actual Rows": 1,
      "Actual Loops": 1,
      "Plans": [
        {
          "Node Type": "Gather",
          "Parent Relationship": "Outer",
          "Parallel Aware": false,
          "Startup Cost": 213193.75,
          "Total Cost": 213194.16,
          "Plan Rows": 4,
          "Plan Width": 8,
          "Actual Startup Time": 254.431,
          "Actual Total Time": 274.002,
          "Actual Rows": 5,
          "Actual Loops": 1,
          "Workers Planned": 4,
          "Workers Launched": 4,
          "Single Copy": false,
          "Plans": [
            {
              "Node Type": "Aggregate",
              "Strategy": "Plain",
              "Partial Mode": "Partial",
              "Parent Relationship": "Outer",
              "Parallel Aware": false,
              "Startup Cost": 212193.75,
              "Total Cost": 212193.76,
              "Plan Rows": 1,
              "Plan Width": 8,
              "Actual Startup Time": 240.539,
              "Actual Total Time": 240.543,
              "Actual Rows": 1,
              "Actual Loops": 5,
              "Plans": [
                {
                  "Node Type": "Nested Loop",
                  "Parent Relationship": "Outer",
                  "Parallel Aware": false,
                  "Join Type": "Inner",
                  "Startup Cost": 50615.77,
                  "Total Cost": 212181.47,
                  "Plan Rows": 4912,
                  "Plan Width": 0,
                  "Actual Startup Time": 231.177,
                  "Actual Total Time": 240.533,
                  "Actual Rows": 47,
                  "Actual Loops": 5,
                  "Inner Unique": false,
                  "Plans": [
                    {
                      "Node Type": "Hash Join",
                      "Parent Relationship": "Outer",
                      "Parallel Aware": true,
                      "Join Type": "Inner",
                      "Startup Cost": 50615.34,
                      "Total Cost": 201986.01,
                      "Plan Rows": 16026,
                      "Plan Width": 8,
                      "Actual Startup Time": 230.002,
                      "Actual Total Time": 240.346,
                      "Actual Rows": 27,
                      "Actual Loops": 5,
                      "Inner Unique": true,
                      "Hash Cond": "(mi.movie_id = t.id)",
                      "Plans": [
                        {
                          "Node Type": "Bitmap Heap Scan",
                          "Parent Relationship": "Outer",
                          "Parallel Aware": true,
                          "Relation Name": "movie_info",
                          "Alias": "mi",
                          "Startup Cost": 1913.73,
                          "Total Cost": 153215.19,
                          "Plan Rows": 26364,
                          "Plan Width": 4,
                          "Actual Startup Time": 4.788,
                          "Actual Total Time": 13.224,
                          "Actual Rows": 21807,
                          "Actual Loops": 5,
                          "Recheck Cond": "(info_type_id = 106)",
                          "Rows Removed by Index Recheck": 0,
                          "Exact Heap Blocks": 1209,
                          "Lossy Heap Blocks": 0,
                          "Plans": [
                            {
                              "Node Type": "Bitmap Index Scan",
                              "Parent Relationship": "Outer",
                              "Parallel Aware": false,
                              "Index Name": "info_type_id_movie_info",
                              "Startup Cost": 0.0,
                              "Total Cost": 1887.36,
                              "Plan Rows": 105457,
                              "Plan Width": 0,
                              "Actual Startup Time": 4.176,
                              "Actual Total Time": 4.177,
                              "Actual Rows": 109034,
                              "Actual Loops": 1,
                              "Index Cond": "(info_type_id = 106)"
                            }
                          ]
                        },
                        {
                          "Node Type": "Hash",
                          "Parent Relationship": "Inner",
                          "Parallel Aware": true,
                          "Startup Cost": 43898.92,
                          "Total Cost": 43898.92,
                          "Plan Rows": 384216,
                          "Plan Width": 4,
                          "Actual Startup Time": 215.793,
                          "Actual Total Time": 215.794,
                          "Actual Rows": 308653,
                          "Actual Loops": 5,
                          "Hash Buckets": 2097152,
                          "Original Hash Buckets": 2097152,
                          "Hash Batches": 1,
                          "Original Hash Batches": 1,
                          "Peak Memory Usage": 76800,
                          "Plans": [
                            {
                              "Node Type": "Seq Scan",
                              "Parent Relationship": "Outer",
                              "Parallel Aware": true,
                              "Relation Name": "title",
                              "Alias": "t",
                              "Startup Cost": 0.0,
                              "Total Cost": 43898.92,
                              "Plan Rows": 384216,
                              "Plan Width": 4,
                              "Actual Startup Time": 0.042,
                              "Actual Total Time": 89.845,
                              "Actual Rows": 308653,
                              "Actual Loops": 5,
                              "Filter": "(kind_id = 7)",
                              "Rows Removed by Filter": 197010
                            }
                          ]
                        }
                      ]
                    },
                    {
                      "Node Type": "Index Scan",
                      "Parent Relationship": "Inner",
                      "Parallel Aware": false,
                      "Scan Direction": "Forward",
                      "Index Name": "movie_id_movie_companies",
                      "Relation Name": "movie_companies",
                      "Alias": "mc",
                      "Startup Cost": 0.43,
                      "Total Cost": 0.62,
                      "Plan Rows": 2,
                      "Plan Width": 4,
                      "Actual Startup Time": 0.006,
                      "Actual Total Time": 0.006,
                      "Actual Rows": 2,
                      "Actual Loops": 135,
                      "Index Cond": "(movie_id = t.id)",
                      "Rows Removed by Index Recheck": 0,
                      "Filter": "((company_id > 6986) AND (company_type_id > 1))",
                      "Rows Removed by Filter": 7
                    }
                  ]
                }
              ]
            }
          ]
        }
      ]
    },
    "Planning Time": 1.554,
    "Triggers": [],
    "Execution Time": 274.125
  }
]