{
  "Plan": {
    "Node Type": "Aggregate",
    "Strategy": "Plain",
    "Partial Mode": "Finalize",
    "Parallel Aware": false,
    "Startup Cost": 967277.26,
    "Total Cost": 967277.27,
    "Plan Rows": 1,
    "Plan Width": 8,
    "Actual Startup Time": 6474.456,
    "Actual Total Time": 6550.591,
    "Actual Rows": 1,
    "Actual Loops": 1,
    "Plans": [
      {
        "Node Type": "Gather",
        "Parent Relationship": "Outer",
        "Parallel Aware": false,
        "Startup Cost": 967277.15,
        "Total Cost": 967277.26,
        "Plan Rows": 1,
        "Plan Width": 8,
        "Actual Startup Time": 6471.599,
        "Actual Total Time": 6550.583,
        "Actual Rows": 2,
        "Actual Loops": 1,
        "Workers Planned": 1,
        "Workers Launched": 1,
        "Single Copy": false,
        "Plans": [
          {
            "Node Type": "Aggregate",
            "Strategy": "Plain",
            "Partial Mode": "Partial",
            "Parent Relationship": "Outer",
            "Parallel Aware": false,
            "Startup Cost": 966277.15,
            "Total Cost": 966277.16,
            "Plan Rows": 1,
            "Plan Width": 8,
            "Actual Startup Time": 6465.352,
            "Actual Total Time": 6465.357,
            "Actual Rows": 1,
            "Actual Loops": 2,
            "Plans": [
              {
                "Node Type": "Merge Join",
                "Parent Relationship": "Outer",
                "Parallel Aware": false,
                "Join Type": "Inner",
                "Startup Cost": 792670.92,
                "Total Cost": 965077.68,
                "Plan Rows": 479786,
                "Plan Width": 0,
                "Actual Startup Time": 5826.333,
                "Actual Total Time": 6438.814,
                "Actual Rows": 708376,
                "Actual Loops": 2,
                "Inner Unique": false,
                "Merge Cond": "(mk.movie_id = t.id)",
                "Plans": [
                  {
                    "Node Type": "Index Only Scan",
                    "Parent Relationship": "Outer",
                    "Parallel Aware": true,
                    "Scan Direction": "Forward",
                    "Index Name": "movie_id_movie_keyword",
                    "Relation Name": "movie_keyword",
                    "Alias": "mk",
                    "Startup Cost": 0.43,
                    "Total Cost": 158560.11,
                    "Plan Rows": 2661135,
                    "Plan Width": 4,
                    "Actual Startup Time": 0.104,
                    "Actual Total Time": 425.913,
                    "Actual Rows": 2261933,
                    "Actual Loops": 2,
                    "Heap Fetches": 4523866
                  },
                  {
                    "Node Type": "Sort",
                    "Parent Relationship": "Inner",
                    "Parallel Aware": false,
                    "Startup Cost": 792670.23,
                    "Total Cost": 793809.81,
                    "Plan Rows": 455835,
                    "Plan Width": 8,
                    "Actual Startup Time": 5732.392,
                    "Actual Total Time": 5823.979,
                    "Actual Rows": 1061854,
                    "Actual Loops": 2,
                    "Sort Key": [
                      "t.id"
                    ],
                    "Sort Method": "quicksort",
                    "Sort Space Used": 32331,
                    "Sort Space Type": "Memory",
                    "Workers": [
                      {
                        "Worker Number": 0,
                        "Sort Method": "quicksort",
                        "Sort Space Used": 32331,
                        "Sort Space Type": "Memory"
                      }
                    ],
                    "Plans": [
                      {
                        "Node Type": "Hash Join",
                        "Parent Relationship": "Outer",
                        "Parallel Aware": false,
                        "Join Type": "Inner",
                        "Startup Cost": 39760.14,
                        "Total Cost": 749825.95,
                        "Plan Rows": 455835,
                        "Plan Width": 8,
                        "Actual Startup Time": 66.243,
                        "Actual Total Time": 5621.284,
                        "Actual Rows": 427568,
                        "Actual Loops": 2,
                        "Inner Unique": true,
                        "Hash Cond": "(ci.movie_id = t.id)",
                        "Plans": [
                          {
                            "Node Type": "Seq Scan",
                            "Parent Relationship": "Outer",
                            "Parallel Aware": false,
                            "Relation Name": "cast_info",
                            "Alias": "ci",
                            "Startup Cost": 0.0,
                            "Total Cost": 614967.12,
                            "Plan Rows": 36228012,
                            "Plan Width": 4,
                            "Actual Startup Time": 0.042,
                            "Actual Total Time": 2499.734,
                            "Actual Rows": 36244344,
                            "Actual Loops": 2
                          },
                          {
                            "Node Type": "Hash",
                            "Parent Relationship": "Inner",
                            "Parallel Aware": false,
                            "Startup Cost": 39362.49,
                            "Total Cost": 39362.49,
                            "Plan Rows": 31812,
                            "Plan Width": 4,
                            "Actual Startup Time": 65.727,
                            "Actual Total Time": 65.729,
                            "Actual Rows": 18823,
                            "Actual Loops": 2,
                            "Hash Buckets": 32768,
                            "Original Hash Buckets": 32768,
                            "Hash Batches": 1,
                            "Original Hash Batches": 1,
                            "Peak Memory Usage": 918,
                            "Plans": [
                              {
                                "Node Type": "Bitmap Heap Scan",
                                "Parent Relationship": "Outer",
                                "Parallel Aware": false,
                                "Relation Name": "title",
                                "Alias": "t",
                                "Startup Cost": 1831.09,
                                "Total Cost": 39362.49,
                                "Plan Rows": 31812,
                                "Plan Width": 4,
                                "Actual Startup Time": 18.872,
                                "Actual Total Time": 61.898,
                                "Actual Rows": 18823,
                                "Actual Loops": 2,
                                "Recheck Cond": "(kind_id = 3)",
                                "Rows Removed by Index Recheck": 0,
                                "Filter": "(production_year > 2007)",
                                "Rows Removed by Filter": 81714,
                                "Exact Heap Blocks": 12707,
                                "Lossy Heap Blocks": 0,
                                "Plans": [
                                  {
                                    "Node Type": "Bitmap Index Scan",
                                    "Parent Relationship": "Outer",
                                    "Parallel Aware": false,
                                    "Index Name": "kind_id_title",
                                    "Startup Cost": 0.0,
                                    "Total Cost": 1823.13,
                                    "Plan Rows": 102227,
                                    "Plan Width": 0,
                                    "Actual Startup Time": 15.299,
                                    "Actual Total Time": 15.299,
                                    "Actual Rows": 100537,
                                    "Actual Loops": 2,
                                    "Index Cond": "(kind_id = 3)"
                                  }
                                ]
                              }
                            ]
                          }
                        ]
                      }
                    ]
                  }
                ]
              }
            ]
          }
        ]
      }
    ]
  },
  "Planning Time": 1.047,
  "Triggers": [],
  "Execution Time": 6557.106
}