[
    {
        "Bao": {
            "Bao prediction": "NaN",
            "Bao recommended hint": "(no hint)"
        }
    },
    {
        "Plan": {
            "Node Type": "Aggregate",
            "Strategy": "Plain",
            "Partial Mode": "Finalize",
            "Parallel Aware": false,
            "Startup Cost": 33150.53,
            "Total Cost": 33150.54,
            "Plan Rows": 1,
            "Plan Width": 8,
            "Actual Startup Time": 88.363,
            "Actual Total Time": 94.149,
            "Actual Rows": 1,
            "Actual Loops": 1,
            "Output": [
                "count(*)"
            ],
            "Plans": [
                {
                    "Node Type": "Gather",
                    "Parent Relationship": "Outer",
                    "Parallel Aware": false,
                    "Startup Cost": 33150.22,
                    "Total Cost": 33150.53,
                    "Plan Rows": 3,
                    "Plan Width": 8,
                    "Actual Startup Time": 88.274,
                    "Actual Total Time": 94.142,
                    "Actual Rows": 4,
                    "Actual Loops": 1,
                    "Output": [
                        "(PARTIAL count(*))"
                    ],
                    "Workers Planned": 3,
                    "Workers Launched": 3,
                    "Single Copy": false,
                    "Plans": [
                        {
                            "Node Type": "Aggregate",
                            "Strategy": "Plain",
                            "Partial Mode": "Partial",
                            "Parent Relationship": "Outer",
                            "Parallel Aware": false,
                            "Startup Cost": 32150.22,
                            "Total Cost": 32150.23,
                            "Plan Rows": 1,
                            "Plan Width": 8,
                            "Actual Startup Time": 80.281,
                            "Actual Total Time": 80.282,
                            "Actual Rows": 1,
                            "Actual Loops": 4,
                            "Output": [
                                "PARTIAL count(*)"
                            ],
                            "Workers": [
                                {
                                    "Worker Number": 0,
                                    "Actual Startup Time": 77.563,
                                    "Actual Total Time": 77.564,
                                    "Actual Rows": 1,
                                    "Actual Loops": 1
                                },
                                {
                                    "Worker Number": 1,
                                    "Actual Startup Time": 77.736,
                                    "Actual Total Time": 77.737,
                                    "Actual Rows": 1,
                                    "Actual Loops": 1
                                },
                                {
                                    "Worker Number": 2,
                                    "Actual Startup Time": 77.893,
                                    "Actual Total Time": 77.894,
                                    "Actual Rows": 1,
                                    "Actual Loops": 1
                                }
                            ],
                            "Plans": [
                                {
                                    "Node Type": "Seq Scan",
                                    "Parent Relationship": "Outer",
                                    "Parallel Aware": true,
                                    "Relation Name": "movie_companies",
                                    "Schema": "public",
                                    "Alias": "mc",
                                    "Startup Cost": 0.0,
                                    "Total Cost": 31414.82,
                                    "Plan Rows": 294159,
                                    "Plan Width": 0,
                                    "Actual Startup Time": 43.869,
                                    "Actual Total Time": 74.302,
                                    "Actual Rows": 148120,
                                    "Actual Loops": 4,
                                    "Output": [
                                        "id",
                                        "movie_id",
                                        "company_id",
                                        "company_type_id",
                                        "note"
                                    ],
                                    "Filter": "((mc.company_id < 28158) AND (mc.company_type_id = 2))",
                                    "Rows Removed by Filter": 504163,
                                    "Workers": [
                                        {
                                            "Worker Number": 0,
                                            "Actual Startup Time": 41.147,
                                            "Actual Total Time": 71.707,
                                            "Actual Rows": 142257,
                                            "Actual Loops": 1
                                        },
                                        {
                                            "Worker Number": 1,
                                            "Actual Startup Time": 41.323,
                                            "Actual Total Time": 71.948,
                                            "Actual Rows": 140517,
                                            "Actual Loops": 1
                                        },
                                        {
                                            "Worker Number": 2,
                                            "Actual Startup Time": 41.476,
                                            "Actual Total Time": 72.124,
                                            "Actual Rows": 139043,
                                            "Actual Loops": 1
                                        }
                                    ]
                                }
                            ]
                        }
                    ]
                }
            ]
        },
        "Planning Time": 187.517,
        "Triggers": [],
        "Execution Time": 94.206
    }
]