{
    "Plan": {
        "Node Type": "Aggregate",
        "Strategy": "Plain",
        "Partial Mode": "Finalize",
        "Parallel Aware": false,
        "Startup Cost": 316175.05,
        "Total Cost": 316175.06,
        "Plan Rows": 1,
        "Plan Width": 8,
        "Actual Startup Time": 3378.723,
        "Actual Total Time": 3427.917,
        "Actual Rows": 1,
        "Actual Loops": 1,
        "Output": [
            "count(*)"
        ],
        "Plans": [
            {
                "Node Type": "Gather",
                "Parent Relationship": "Outer",
                "Parallel Aware": false,
                "Startup Cost": 316174.52,
                "Total Cost": 316175.03,
                "Plan Rows": 5,
                "Plan Width": 8,
                "Actual Startup Time": 3356.419,
                "Actual Total Time": 3427.905,
                "Actual Rows": 6,
                "Actual Loops": 1,
                "Output": [
                    "(PARTIAL count(*))"
                ],
                "Workers Planned": 5,
                "Workers Launched": 5,
                "Single Copy": false,
                "Plans": [
                    {
                        "Node Type": "Aggregate",
                        "Strategy": "Plain",
                        "Partial Mode": "Partial",
                        "Parent Relationship": "Outer",
                        "Parallel Aware": false,
                        "Startup Cost": 315174.52,
                        "Total Cost": 315174.53,
                        "Plan Rows": 1,
                        "Plan Width": 8,
                        "Actual Startup Time": 3341.736,
                        "Actual Total Time": 3342.323,
                        "Actual Rows": 1,
                        "Actual Loops": 6,
                        "Output": [
                            "PARTIAL count(*)"
                        ],
                        "Workers": [
                            {
                                "Worker Number": 0,
                                "Actual Startup Time": 3338.394,
                                "Actual Total Time": 3338.399,
                                "Actual Rows": 1,
                                "Actual Loops": 1
                            },
                            {
                                "Worker Number": 1,
                                "Actual Startup Time": 3340.955,
                                "Actual Total Time": 3340.961,
                                "Actual Rows": 1,
                                "Actual Loops": 1
                            },
                            {
                                "Worker Number": 2,
                                "Actual Startup Time": 3338.365,
                                "Actual Total Time": 3338.371,
                                "Actual Rows": 1,
                                "Actual Loops": 1
                            },
                            {
                                "Worker Number": 3,
                                "Actual Startup Time": 3338.614,
                                "Actual Total Time": 3338.619,
                                "Actual Rows": 1,
                                "Actual Loops": 1
                            },
                            {
                                "Worker Number": 4,
                                "Actual Startup Time": 3338.593,
                                "Actual Total Time": 3338.597,
                                "Actual Rows": 1,
                                "Actual Loops": 1
                            }
                        ],
                        "Plans": [
                            {
                                "Node Type": "Hash Join",
                                "Parent Relationship": "Outer",
                                "Parallel Aware": true,
                                "Join Type": "Inner",
                                "Startup Cost": 101224.15,
                                "Total Cost": 310205.41,
                                "Plan Rows": 1987645,
                                "Plan Width": 0,
                                "Actual Startup Time": 578.87,
                                "Actual Total Time": 2634.833,
                                "Actual Rows": 15209112,
                                "Actual Loops": 6,
                                "Inner Unique": false,
                                "Hash Cond": "(mi.movie_id = t.id)",
                                "Workers": [
                                    {
                                        "Worker Number": 0,
                                        "Actual Startup Time": 576.034,
                                        "Actual Total Time": 2627.953,
                                        "Actual Rows": 14713583,
                                        "Actual Loops": 1
                                    },
                                    {
                                        "Worker Number": 1,
                                        "Actual Startup Time": 576.114,
                                        "Actual Total Time": 2618.984,
                                        "Actual Rows": 11305568,
                                        "Actual Loops": 1
                                    },
                                    {
                                        "Worker Number": 2,
                                        "Actual Startup Time": 575.872,
                                        "Actual Total Time": 2658.289,
                                        "Actual Rows": 16027412,
                                        "Actual Loops": 1
                                    },
                                    {
                                        "Worker Number": 3,
                                        "Actual Startup Time": 576.087,
                                        "Actual Total Time": 2640.439,
                                        "Actual Rows": 17507538,
                                        "Actual Loops": 1
                                    },
                                    {
                                        "Worker Number": 4,
                                        "Actual Startup Time": 576.103,
                                        "Actual Total Time": 2644.26,
                                        "Actual Rows": 17292573,
                                        "Actual Loops": 1
                                    }
                                ],
                                "Plans": [
                                    {
                                        "Node Type": "Seq Scan",
                                        "Parent Relationship": "Outer",
                                        "Parallel Aware": true,
                                        "Relation Name": "movie_info",
                                        "Schema": "public",
                                        "Alias": "mi",
                                        "Startup Cost": 0.0,
                                        "Total Cost": 191503.19,
                                        "Plan Rows": 2951019,
                                        "Plan Width": 4,
                                        "Actual Startup Time": 0.035,
                                        "Actual Total Time": 298.462,
                                        "Actual Rows": 2472620,
                                        "Actual Loops": 6,
                                        "Output": [
                                            "mi.id",
                                            "mi.movie_id",
                                            "mi.info_type_id",
                                            "mi.info",
                                            "mi.note"
                                        ],
                                        "Workers": [
                                            {
                                                "Worker Number": 0,
                                                "Actual Startup Time": 0.041,
                                                "Actual Total Time": 309.411,
                                                "Actual Rows": 2288149,
                                                "Actual Loops": 1
                                            },
                                            {
                                                "Worker Number": 1,
                                                "Actual Startup Time": 0.034,
                                                "Actual Total Time": 312.889,
                                                "Actual Rows": 1909154,
                                                "Actual Loops": 1
                                            },
                                            {
                                                "Worker Number": 2,
                                                "Actual Startup Time": 0.048,
                                                "Actual Total Time": 320.817,
                                                "Actual Rows": 2509128,
                                                "Actual Loops": 1
                                            },
                                            {
                                                "Worker Number": 3,
                                                "Actual Startup Time": 0.037,
                                                "Actual Total Time": 304.778,
                                                "Actual Rows": 2855162,
                                                "Actual Loops": 1
                                            },
                                            {
                                                "Worker Number": 4,
                                                "Actual Startup Time": 0.034,
                                                "Actual Total Time": 311.014,
                                                "Actual Rows": 2825669,
                                                "Actual Loops": 1
                                            }
                                        ]
                                    },
                                    {
                                        "Node Type": "Hash",
                                        "Parent Relationship": "Inner",
                                        "Parallel Aware": true,
                                        "Startup Cost": 94357.46,
                                        "Total Cost": 94357.46,
                                        "Plan Rows": 549335,
                                        "Plan Width": 8,
                                        "Actual Startup Time": 572.687,
                                        "Actual Total Time": 573.272,
                                        "Actual Rows": 280524,
                                        "Actual Loops": 6,
                                        "Output": [
                                            "t.id",
                                            "mk.movie_id"
                                        ],
                                        "Hash Buckets": 2097152,
                                        "Original Hash Buckets": 2097152,
                                        "Hash Batches": 1,
                                        "Original Hash Batches": 1,
                                        "Peak Memory Usage": 82336,
                                        "Workers": [
                                            {
                                                "Worker Number": 0,
                                                "Actual Startup Time": 574.633,
                                                "Actual Total Time": 574.637,
                                                "Actual Rows": 227196,
                                                "Actual Loops": 1
                                            },
                                            {
                                                "Worker Number": 1,
                                                "Actual Startup Time": 574.749,
                                                "Actual Total Time": 574.753,
                                                "Actual Rows": 228002,
                                                "Actual Loops": 1
                                            },
                                            {
                                                "Worker Number": 2,
                                                "Actual Startup Time": 574.537,
                                                "Actual Total Time": 574.541,
                                                "Actual Rows": 298247,
                                                "Actual Loops": 1
                                            },
                                            {
                                                "Worker Number": 3,
                                                "Actual Startup Time": 574.879,
                                                "Actual Total Time": 574.883,
                                                "Actual Rows": 338182,
                                                "Actual Loops": 1
                                            },
                                            {
                                                "Worker Number": 4,
                                                "Actual Startup Time": 574.846,
                                                "Actual Total Time": 574.85,
                                                "Actual Rows": 328031,
                                                "Actual Loops": 1
                                            }
                                        ],
                                        "Plans": [
                                            {
                                                "Node Type": "Hash Join",
                                                "Parent Relationship": "Outer",
                                                "Parallel Aware": true,
                                                "Join Type": "Inner",
                                                "Startup Cost": 50219.81,
                                                "Total Cost": 94357.46,
                                                "Plan Rows": 549335,
                                                "Plan Width": 8,
                                                "Actual Startup Time": 303.741,
                                                "Actual Total Time": 476.515,
                                                "Actual Rows": 280524,
                                                "Actual Loops": 6,
                                                "Output": [
                                                    "t.id",
                                                    "mk.movie_id"
                                                ],
                                                "Inner Unique": true,
                                                "Hash Cond": "(mk.movie_id = t.id)",
                                                "Workers": [
                                                    {
                                                        "Worker Number": 0,
                                                        "Actual Startup Time": 303.75,
                                                        "Actual Total Time": 476.561,
                                                        "Actual Rows": 227196,
                                                        "Actual Loops": 1
                                                    },
                                                    {
                                                        "Worker Number": 1,
                                                        "Actual Startup Time": 303.727,
                                                        "Actual Total Time": 478.699,
                                                        "Actual Rows": 228002,
                                                        "Actual Loops": 1
                                                    },
                                                    {
                                                        "Worker Number": 2,
                                                        "Actual Startup Time": 303.708,
                                                        "Actual Total Time": 476.124,
                                                        "Actual Rows": 298247,
                                                        "Actual Loops": 1
                                                    },
                                                    {
                                                        "Worker Number": 3,
                                                        "Actual Startup Time": 303.719,
                                                        "Actual Total Time": 476.733,
                                                        "Actual Rows": 338182,
                                                        "Actual Loops": 1
                                                    },
                                                    {
                                                        "Worker Number": 4,
                                                        "Actual Startup Time": 303.695,
                                                        "Actual Total Time": 476.319,
                                                        "Actual Rows": 328031,
                                                        "Actual Loops": 1
                                                    }
                                                ],
                                                "Plans": [
                                                    {
                                                        "Node Type": "Seq Scan",
                                                        "Parent Relationship": "Outer",
                                                        "Parallel Aware": true,
                                                        "Relation Name": "movie_keyword",
                                                        "Schema": "public",
                                                        "Alias": "mk",
                                                        "Startup Cost": 0.0,
                                                        "Total Cost": 42695.65,
                                                        "Plan Rows": 549335,
                                                        "Plan Width": 4,
                                                        "Actual Startup Time": 0.401,
                                                        "Actual Total Time": 97.626,
                                                        "Actual Rows": 280524,
                                                        "Actual Loops": 6,
                                                        "Output": [
                                                            "mk.id",
                                                            "mk.movie_id",
                                                            "mk.keyword_id"
                                                        ],
                                                        "Filter": "(mk.keyword_id > 8626)",
                                                        "Rows Removed by Filter": 473464,
                                                        "Workers": [
                                                            {
                                                                "Worker Number": 0,
                                                                "Actual Startup Time": 0.363,
                                                                "Actual Total Time": 100.542,
                                                                "Actual Rows": 227196,
                                                                "Actual Loops": 1
                                                            },
                                                            {
                                                                "Worker Number": 1,
                                                                "Actual Startup Time": 0.38,
                                                                "Actual Total Time": 100.419,
                                                                "Actual Rows": 228002,
                                                                "Actual Loops": 1
                                                            },
                                                            {
                                                                "Worker Number": 2,
                                                                "Actual Startup Time": 0.376,
                                                                "Actual Total Time": 98.48,
                                                                "Actual Rows": 298247,
                                                                "Actual Loops": 1
                                                            },
                                                            {
                                                                "Worker Number": 3,
                                                                "Actual Startup Time": 0.453,
                                                                "Actual Total Time": 100.758,
                                                                "Actual Rows": 338182,
                                                                "Actual Loops": 1
                                                            },
                                                            {
                                                                "Worker Number": 4,
                                                                "Actual Startup Time": 0.36,
                                                                "Actual Total Time": 99.818,
                                                                "Actual Rows": 328031,
                                                                "Actual Loops": 1
                                                            }
                                                        ]
                                                    },
                                                    {
                                                        "Node Type": "Hash",
                                                        "Parent Relationship": "Inner",
                                                        "Parallel Aware": true,
                                                        "Startup Cost": 42318.81,
                                                        "Total Cost": 42318.81,
                                                        "Plan Rows": 632080,
                                                        "Plan Width": 4,
                                                        "Actual Startup Time": 297.642,
                                                        "Actual Total Time": 297.643,
                                                        "Actual Rows": 421385,
                                                        "Actual Loops": 6,
                                                        "Output": [
                                                            "t.id"
                                                        ],
                                                        "Hash Buckets": 4194304,
                                                        "Original Hash Buckets": 4194304,
                                                        "Hash Batches": 1,
                                                        "Original Hash Batches": 1,
                                                        "Peak Memory Usage": 131744,
                                                        "Workers": [
                                                            {
                                                                "Worker Number": 0,
                                                                "Actual Startup Time": 303.051,
                                                                "Actual Total Time": 303.052,
                                                                "Actual Rows": 361287,
                                                                "Actual Loops": 1
                                                            },
                                                            {
                                                                "Worker Number": 1,
                                                                "Actual Startup Time": 303.005,
                                                                "Actual Total Time": 303.006,
                                                                "Actual Rows": 361490,
                                                                "Actual Loops": 1
                                                            },
                                                            {
                                                                "Worker Number": 2,
                                                                "Actual Startup Time": 303.033,
                                                                "Actual Total Time": 303.035,
                                                                "Actual Rows": 397709,
                                                                "Actual Loops": 1
                                                            },
                                                            {
                                                                "Worker Number": 3,
                                                                "Actual Startup Time": 303.163,
                                                                "Actual Total Time": 303.164,
                                                                "Actual Rows": 477964,
                                                                "Actual Loops": 1
                                                            },
                                                            {
                                                                "Worker Number": 4,
                                                                "Actual Startup Time": 302.971,
                                                                "Actual Total Time": 302.973,
                                                                "Actual Rows": 468630,
                                                                "Actual Loops": 1
                                                            }
                                                        ],
                                                        "Plans": [
                                                            {
                                                                "Node Type": "Seq Scan",
                                                                "Parent Relationship": "Outer",
                                                                "Parallel Aware": true,
                                                                "Relation Name": "title",
                                                                "Schema": "public",
                                                                "Alias": "t",
                                                                "Startup Cost": 0.0,
                                                                "Total Cost": 42318.81,
                                                                "Plan Rows": 632080,
                                                                "Plan Width": 4,
                                                                "Actual Startup Time": 0.063,
                                                                "Actual Total Time": 85.844,
                                                                "Actual Rows": 421385,
                                                                "Actual Loops": 6,
                                                                "Output": [
                                                                    "t.id"
                                                                ],
                                                                "Workers": [
                                                                    {
                                                                        "Worker Number": 0,
                                                                        "Actual Startup Time": 0.077,
                                                                        "Actual Total Time": 91.644,
                                                                        "Actual Rows": 361287,
                                                                        "Actual Loops": 1
                                                                    },
                                                                    {
                                                                        "Worker Number": 1,
                                                                        "Actual Startup Time": 0.074,
                                                                        "Actual Total Time": 90.937,
                                                                        "Actual Rows": 361490,
                                                                        "Actual Loops": 1
                                                                    },
                                                                    {
                                                                        "Worker Number": 2,
                                                                        "Actual Startup Time": 0.074,
                                                                        "Actual Total Time": 85.342,
                                                                        "Actual Rows": 397709,
                                                                        "Actual Loops": 1
                                                                    },
                                                                    {
                                                                        "Worker Number": 3,
                                                                        "Actual Startup Time": 0.067,
                                                                        "Actual Total Time": 86.429,
                                                                        "Actual Rows": 477964,
                                                                        "Actual Loops": 1
                                                                    },
                                                                    {
                                                                        "Worker Number": 4,
                                                                        "Actual Startup Time": 0.071,
                                                                        "Actual Total Time": 86.015,
                                                                        "Actual Rows": 468630,
                                                                        "Actual Loops": 1
                                                                    }
                                                                ]
                                                            }
                                                        ]
                                                    }
                                                ]
                                            }
                                        ]
                                    }
                                ]
                            }
                        ]
                    }
                ]
            }
        ]
    },
    "Planning Time": 1.496,
    "Triggers": [],
    "Execution Time": 3428.006
}