{
  "Plan": {
    "Node Type": "Aggregate",
    "Strategy": "Plain",
    "Partial Mode": "Finalize",
    "Parallel Aware": false,
    "Startup Cost": 117953.82,
    "Total Cost": 117953.83,
    "Plan Rows": 1,
    "Plan Width": 8,
    "Actual Startup Time": 513.33,
    "Actual Total Time": 533.065,
    "Actual Rows": 1,
    "Actual Loops": 1,
    "Plans": [
      {
        "Node Type": "Gather",
        "Parent Relationship": "Outer",
        "Parallel Aware": false,
        "Startup Cost": 117953.7,
        "Total Cost": 117953.81,
        "Plan Rows": 1,
        "Plan Width": 8,
        "Actual Startup Time": 512.587,
        "Actual Total Time": 533.055,
        "Actual Rows": 2,
        "Actual Loops": 1,
        "Workers Planned": 1,
        "Workers Launched": 1,
        "Single Copy": false,
        "Plans": [
          {
            "Node Type": "Aggregate",
            "Strategy": "Plain",
            "Partial Mode": "Partial",
            "Parent Relationship": "Outer",
            "Parallel Aware": false,
            "Startup Cost": 116953.7,
            "Total Cost": 116953.71,
            "Plan Rows": 1,
            "Plan Width": 8,
            "Actual Startup Time": 506.759,
            "Actual Total Time": 506.764,
            "Actual Rows": 1,
            "Actual Loops": 2,
            "Plans": [
              {
                "Node Type": "Hash Join",
                "Parent Relationship": "Outer",
                "Parallel Aware": true,
                "Join Type": "Inner",
                "Startup Cost": 55965.96,
                "Total Cost": 116738.17,
                "Plan Rows": 86212,
                "Plan Width": 0,
                "Actual Startup Time": 185.831,
                "Actual Total Time": 500.334,
                "Actual Rows": 131932,
                "Actual Loops": 2,
                "Inner Unique": true,
                "Hash Cond": "(mk.movie_id = t.id)",
                "Plans": [
                  {
                    "Node Type": "Seq Scan",
                    "Parent Relationship": "Outer",
                    "Parallel Aware": true,
                    "Relation Name": "movie_keyword",
                    "Alias": "mk",
                    "Startup Cost": 0.0,
                    "Total Cost": 57718.19,
                    "Plan Rows": 1163435,
                    "Plan Width": 4,
                    "Actual Startup Time": 0.017,
                    "Actual Total Time": 209.286,
                    "Actual Rows": 994494,
                    "Actual Loops": 2,
                    "Filter": "(keyword_id < 3518)",
                    "Rows Removed by Filter": 1267472
                  },
                  {
                    "Node Type": "Hash",
                    "Parent Relationship": "Inner",
                    "Parallel Aware": true,
                    "Startup Cost": 54588.39,
                    "Total Cost": 54588.39,
                    "Plan Rows": 110206,
                    "Plan Width": 4,
                    "Actual Startup Time": 181.738,
                    "Actual Total Time": 181.739,
                    "Actual Rows": 97494,
                    "Actual Loops": 2,
                    "Hash Buckets": 262144,
                    "Original Hash Buckets": 262144,
                    "Hash Batches": 1,
                    "Original Hash Batches": 1,
                    "Peak Memory Usage": 9696,
                    "Plans": [
                      {
                        "Node Type": "Seq Scan",
                        "Parent Relationship": "Outer",
                        "Parallel Aware": true,
                        "Relation Name": "title",
                        "Alias": "t",
                        "Startup Cost": 0.0,
                        "Total Cost": 54588.39,
                        "Plan Rows": 110206,
                        "Plan Width": 4,
                        "Actual Startup Time": 0.039,
                        "Actual Total Time": 156.629,
                        "Actual Rows": 97494,
                        "Actual Loops": 2,
                        "Filter": "(production_year < 1955)",
                        "Rows Removed by Filter": 1166662
                      }
                    ]
                  }
                ]
              }
            ]
          }
        ]
      }
    ]
  },
  "Planning Time": 0.476,
  "Triggers": [],
  "Execution Time": 533.138
}