[
  {
    "Plan": {
      "Node Type": "Aggregate",
      "Strategy": "Plain",
      "Partial Mode": "Finalize",
      "Parallel Aware": false,
      "Startup Cost": 337401.28,
      "Total Cost": 337401.29,
      "Plan Rows": 1,
      "Plan Width": 8,
      "Actual Startup Time": 721.859,
      "Actual Total Time": 764.753,
      "Actual Rows": 1,
      "Actual Loops": 1,
      "Plans": [
        {
          "Node Type": "Gather",
          "Parent Relationship": "Outer",
          "Parallel Aware": false,
          "Startup Cost": 337400.65,
          "Total Cost": 337401.26,
          "Plan Rows": 6,
          "Plan Width": 8,
          "Actual Startup Time": 721.639,
          "Actual Total Time": 764.735,
          "Actual Rows": 7,
          "Actual Loops": 1,
          "Workers Planned": 6,
          "Workers Launched": 6,
          "Single Copy": false,
          "Plans": [
            {
              "Node Type": "Aggregate",
              "Strategy": "Plain",
              "Partial Mode": "Partial",
              "Parent Relationship": "Outer",
              "Parallel Aware": false,
              "Startup Cost": 336400.65,
              "Total Cost": 336400.66,
              "Plan Rows": 1,
              "Plan Width": 8,
              "Actual Startup Time": 713.776,
              "Actual Total Time": 713.777,
              "Actual Rows": 1,
              "Actual Loops": 7,
              "Plans": [
                {
                  "Node Type": "Seq Scan",
                  "Parent Relationship": "Outer",
                  "Parallel Aware": true,
                  "Relation Name": "cast_info",
                  "Alias": "ci",
                  "Startup Cost": 0.0,
                  "Total Cost": 328211.39,
                  "Plan Rows": 3275704,
                  "Plan Width": 0,
                  "Actual Startup Time": 184.105,
                  "Actual Total Time": 588.342,
                  "Actual Rows": 2780746,
                  "Actual Loops": 7,
                  "Filter": "(person_id > 1660310)",
                  "Rows Removed by Filter": 2397017
                }
              ]
            }
          ]
        }
      ]
    },
    "Planning Time": 0.061,
    "Triggers": [],
    "Execution Time": 764.792
  }
]