[
  {
    "Plan": {
      "Node Type": "Aggregate",
      "Strategy": "Plain",
      "Partial Mode": "Finalize",
      "Parallel Aware": false,
      "Startup Cost": 337272.13,
      "Total Cost": 337272.14,
      "Plan Rows": 1,
      "Plan Width": 8,
      "Actual Startup Time": 820.207,
      "Actual Total Time": 881.076,
      "Actual Rows": 1,
      "Actual Loops": 1,
      "Plans": [
        {
          "Node Type": "Gather",
          "Parent Relationship": "Outer",
          "Parallel Aware": false,
          "Startup Cost": 337271.5,
          "Total Cost": 337272.11,
          "Plan Rows": 6,
          "Plan Width": 8,
          "Actual Startup Time": 820.074,
          "Actual Total Time": 881.065,
          "Actual Rows": 7,
          "Actual Loops": 1,
          "Workers Planned": 6,
          "Workers Launched": 6,
          "Single Copy": false,
          "Plans": [
            {
              "Node Type": "Aggregate",
              "Strategy": "Plain",
              "Partial Mode": "Partial",
              "Parent Relationship": "Outer",
              "Parallel Aware": false,
              "Startup Cost": 336271.5,
              "Total Cost": 336271.51,
              "Plan Rows": 1,
              "Plan Width": 8,
              "Actual Startup Time": 810.53,
              "Actual Total Time": 810.531,
              "Actual Rows": 1,
              "Actual Loops": 7,
              "Plans": [
                {
                  "Node Type": "Seq Scan",
                  "Parent Relationship": "Outer",
                  "Parallel Aware": true,
                  "Relation Name": "cast_info",
                  "Alias": "ci",
                  "Startup Cost": 0.0,
                  "Total Cost": 328162.03,
                  "Plan Rows": 3243791,
                  "Plan Width": 0,
                  "Actual Startup Time": 202.225,
                  "Actual Total Time": 671.493,
                  "Actual Rows": 2780746,
                  "Actual Loops": 7,
                  "Filter": "(person_id > 1660310)",
                  "Rows Removed by Filter": 2397017
                }
              ]
            }
          ]
        }
      ]
    },
    "Planning Time": 0.204,
    "Triggers": [],
    "Execution Time": 881.151
  }
]