[
  {
    "Plan": {
      "Node Type": "Aggregate",
      "Strategy": "Plain",
      "Partial Mode": "Finalize",
      "Parallel Aware": false,
      "Startup Cost": 288684.55,
      "Total Cost": 288684.56,
      "Plan Rows": 1,
      "Plan Width": 8,
      "Actual Startup Time": 1369.357,
      "Actual Total Time": 1415.579,
      "Actual Rows": 1,
      "Actual Loops": 1,
      "Plans": [
        {
          "Node Type": "Gather",
          "Parent Relationship": "Outer",
          "Parallel Aware": false,
          "Startup Cost": 288684.03,
          "Total Cost": 288684.54,
          "Plan Rows": 5,
          "Plan Width": 8,
          "Actual Startup Time": 1356.264,
          "Actual Total Time": 1415.565,
          "Actual Rows": 6,
          "Actual Loops": 1,
          "Workers Planned": 5,
          "Workers Launched": 5,
          "Single Copy": false,
          "Plans": [
            {
              "Node Type": "Aggregate",
              "Strategy": "Plain",
              "Partial Mode": "Partial",
              "Parent Relationship": "Outer",
              "Parallel Aware": false,
              "Startup Cost": 287684.03,
              "Total Cost": 287684.04,
              "Plan Rows": 1,
              "Plan Width": 8,
              "Actual Startup Time": 1345.663,
              "Actual Total Time": 1345.669,
              "Actual Rows": 1,
              "Actual Loops": 6,
              "Plans": [
                {
                  "Node Type": "Hash Join",
                  "Parent Relationship": "Outer",
                  "Parallel Aware": true,
                  "Join Type": "Inner",
                  "Startup Cost": 80697.93,
                  "Total Cost": 285515.02,
                  "Plan Rows": 867604,
                  "Plan Width": 0,
                  "Actual Startup Time": 350.731,
                  "Actual Total Time": 1267.131,
                  "Actual Rows": 1972120,
                  "Actual Loops": 6,
                  "Inner Unique": false,
                  "Hash Cond": "(mi.movie_id = t.id)",
                  "Plans": [
                    {
                      "Node Type": "Seq Scan",
                      "Parent Relationship": "Outer",
                      "Parallel Aware": true,
                      "Relation Name": "movie_info",
                      "Alias": "mi",
                      "Startup Cost": 0.0,
                      "Total Cost": 191560.33,
                      "Plan Rows": 2956733,
                      "Plan Width": 4,
                      "Actual Startup Time": 0.021,
                      "Actual Total Time": 296.982,
                      "Actual Rows": 2472620,
                      "Actual Loops": 6
                    },
                    {
                      "Node Type": "Hash",
                      "Parent Relationship": "Inner",
                      "Parallel Aware": true,
                      "Startup Cost": 78379.54,
                      "Total Cost": 78379.54,
                      "Plan Rows": 185471,
                      "Plan Width": 8,
                      "Actual Startup Time": 345.847,
                      "Actual Total Time": 345.851,
                      "Actual Rows": 126119,
                      "Actual Loops": 6,
                      "Hash Buckets": 1048576,
                      "Original Hash Buckets": 1048576,
                      "Hash Batches": 1,
                      "Original Hash Batches": 1,
                      "Peak Memory Usage": 37888,
                      "Plans": [
                        {
                          "Node Type": "Hash Join",
                          "Parent Relationship": "Outer",
                          "Parallel Aware": true,
                          "Join Type": "Inner",
                          "Startup Cost": 32302.16,
                          "Total Cost": 78379.54,
                          "Plan Rows": 185471,
                          "Plan Width": 8,
                          "Actual Startup Time": 115.194,
                          "Actual Total Time": 296.281,
                          "Actual Rows": 126119,
                          "Actual Loops": 6,
                          "Inner Unique": false,
                          "Hash Cond": "(t.id = mc.movie_id)",
                          "Plans": [
                            {
                              "Node Type": "Seq Scan",
                              "Parent Relationship": "Outer",
                              "Parallel Aware": true,
                              "Relation Name": "title",
                              "Alias": "t",
                              "Startup Cost": 0.0,
                              "Total Cost": 42318.73,
                              "Plan Rows": 632073,
                              "Plan Width": 4,
                              "Actual Startup Time": 0.015,
                              "Actual Total Time": 58.373,
                              "Actual Rows": 421385,
                              "Actual Loops": 6
                            },
                            {
                              "Node Type": "Hash",
                              "Parent Relationship": "Inner",
                              "Parallel Aware": true,
                              "Startup Cost": 29310.68,
                              "Total Cost": 29310.68,
                              "Plan Rows": 239318,
                              "Plan Width": 4,
                              "Actual Startup Time": 113.389,
                              "Actual Total Time": 113.39,
                              "Actual Rows": 126119,
                              "Actual Loops": 6,
                              "Hash Buckets": 1048576,
                              "Original Hash Buckets": 1048576,
                              "Hash Batches": 1,
                              "Original Hash Batches": 1,
                              "Peak Memory Usage": 37888,
                              "Plans": [
                                {
                                  "Node Type": "Seq Scan",
                                  "Parent Relationship": "Outer",
                                  "Parallel Aware": true,
                                  "Relation Name": "movie_companies",
                                  "Alias": "mc",
                                  "Startup Cost": 0.0,
                                  "Total Cost": 29310.68,
                                  "Plan Rows": 239318,
                                  "Plan Width": 4,
                                  "Actual Startup Time": 24.027,
                                  "Actual Total Time": 66.232,
                                  "Actual Rows": 126119,
                                  "Actual Loops": 6,
                                  "Filter": "(company_id > 35923)",
                                  "Rows Removed by Filter": 308736
                                }
                              ]
                            }
                          ]
                        }
                      ]
                    }
                  ]
                }
              ]
            }
          ]
        }
      ]
    },
    "Planning Time": 1.441,
    "Triggers": [],
    "Execution Time": 1415.689
  }
]