[
  {
    "Plan": {
      "Node Type": "Aggregate",
      "Strategy": "Plain",
      "Partial Mode": "Finalize",
      "Parallel Aware": false,
      "Startup Cost": 336439.38,
      "Total Cost": 336439.39,
      "Plan Rows": 1,
      "Plan Width": 8,
      "Actual Startup Time": 816.822,
      "Actual Total Time": 863.82,
      "Actual Rows": 1,
      "Actual Loops": 1,
      "Plans": [
        {
          "Node Type": "Gather",
          "Parent Relationship": "Outer",
          "Parallel Aware": false,
          "Startup Cost": 336438.75,
          "Total Cost": 336439.36,
          "Plan Rows": 6,
          "Plan Width": 8,
          "Actual Startup Time": 816.629,
          "Actual Total Time": 863.808,
          "Actual Rows": 7,
          "Actual Loops": 1,
          "Workers Planned": 6,
          "Workers Launched": 6,
          "Single Copy": false,
          "Plans": [
            {
              "Node Type": "Aggregate",
              "Strategy": "Plain",
              "Partial Mode": "Partial",
              "Parent Relationship": "Outer",
              "Parallel Aware": false,
              "Startup Cost": 335438.75,
              "Total Cost": 335438.76,
              "Plan Rows": 1,
              "Plan Width": 8,
              "Actual Startup Time": 809.151,
              "Actual Total Time": 809.153,
              "Actual Rows": 1,
              "Actual Loops": 7,
              "Plans": [
                {
                  "Node Type": "Seq Scan",
                  "Parent Relationship": "Outer",
                  "Parallel Aware": true,
                  "Relation Name": "cast_info",
                  "Alias": "ci",
                  "Startup Cost": 0.0,
                  "Total Cost": 328211.39,
                  "Plan Rows": 2890944,
                  "Plan Width": 0,
                  "Actual Startup Time": 227.09,
                  "Actual Total Time": 666.276,
                  "Actual Rows": 2449274,
                  "Actual Loops": 7,
                  "Filter": "(person_id > 1907418)",
                  "Rows Removed by Filter": 2728489
                }
              ]
            }
          ]
        }
      ]
    },
    "Planning Time": 0.147,
    "Triggers": [],
    "Execution Time": 863.876
  }
]