[
    {
        "Bao": {
            "Bao prediction": "NaN",
            "Bao recommended hint": "(no hint)"
        }
    },
    {
        "Plan": {
            "Node Type": "Aggregate",
            "Strategy": "Plain",
            "Partial Mode": "Finalize",
            "Parallel Aware": false,
            "Startup Cost": 338788.43,
            "Total Cost": 338788.44,
            "Plan Rows": 1,
            "Plan Width": 8,
            "Actual Startup Time": 1699.37,
            "Actual Total Time": 1739.16,
            "Actual Rows": 1,
            "Actual Loops": 1,
            "Output": [
                "count(*)"
            ],
            "Plans": [
                {
                    "Node Type": "Gather",
                    "Parent Relationship": "Outer",
                    "Parallel Aware": false,
                    "Startup Cost": 338788.01,
                    "Total Cost": 338788.42,
                    "Plan Rows": 4,
                    "Plan Width": 8,
                    "Actual Startup Time": 1398.936,
                    "Actual Total Time": 1739.12,
                    "Actual Rows": 5,
                    "Actual Loops": 1,
                    "Output": [
                        "(PARTIAL count(*))"
                    ],
                    "Workers Planned": 4,
                    "Workers Launched": 4,
                    "Single Copy": false,
                    "Plans": [
                        {
                            "Node Type": "Aggregate",
                            "Strategy": "Plain",
                            "Partial Mode": "Partial",
                            "Parent Relationship": "Outer",
                            "Parallel Aware": false,
                            "Startup Cost": 337788.01,
                            "Total Cost": 337788.02,
                            "Plan Rows": 1,
                            "Plan Width": 8,
                            "Actual Startup Time": 1488.536,
                            "Actual Total Time": 1488.543,
                            "Actual Rows": 1,
                            "Actual Loops": 5,
                            "Output": [
                                "PARTIAL count(*)"
                            ],
                            "Workers": [
                                {
                                    "Worker Number": 0,
                                    "Actual Startup Time": 1387.767,
                                    "Actual Total Time": 1387.771,
                                    "Actual Rows": 1,
                                    "Actual Loops": 1
                                },
                                {
                                    "Worker Number": 1,
                                    "Actual Startup Time": 1582.907,
                                    "Actual Total Time": 1582.909,
                                    "Actual Rows": 1,
                                    "Actual Loops": 1
                                },
                                {
                                    "Worker Number": 2,
                                    "Actual Startup Time": 1387.1,
                                    "Actual Total Time": 1387.119,
                                    "Actual Rows": 1,
                                    "Actual Loops": 1
                                },
                                {
                                    "Worker Number": 3,
                                    "Actual Startup Time": 1687.28,
                                    "Actual Total Time": 1687.283,
                                    "Actual Rows": 1,
                                    "Actual Loops": 1
                                }
                            ],
                            "Plans": [
                                {
                                    "Node Type": "Nested Loop",
                                    "Parent Relationship": "Outer",
                                    "Parallel Aware": false,
                                    "Join Type": "Inner",
                                    "Startup Cost": 2.21,
                                    "Total Cost": 335457.38,
                                    "Plan Rows": 932252,
                                    "Plan Width": 0,
                                    "Actual Startup Time": 6.001,
                                    "Actual Total Time": 1431.387,
                                    "Actual Rows": 985840,
                                    "Actual Loops": 5,
                                    "Inner Unique": false,
                                    "Join Filter": "(t.id = ci.movie_id)",
                                    "Rows Removed by Join Filter": 0,
                                    "Workers": [
                                        {
                                            "Worker Number": 0,
                                            "Actual Startup Time": 6.005,
                                            "Actual Total Time": 1335.678,
                                            "Actual Rows": 1158444,
                                            "Actual Loops": 1
                                        },
                                        {
                                            "Worker Number": 1,
                                            "Actual Startup Time": 9.599,
                                            "Actual Total Time": 1531.427,
                                            "Actual Rows": 1155174,
                                            "Actual Loops": 1
                                        },
                                        {
                                            "Worker Number": 2,
                                            "Actual Startup Time": 11.514,
                                            "Actual Total Time": 1334.186,
                                            "Actual Rows": 714777,
                                            "Actual Loops": 1
                                        },
                                        {
                                            "Worker Number": 3,
                                            "Actual Startup Time": 2.717,
                                            "Actual Total Time": 1629.893,
                                            "Actual Rows": 780960,
                                            "Actual Loops": 1
                                        }
                                    ],
                                    "Plans": [
                                        {
                                            "Node Type": "Merge Join",
                                            "Parent Relationship": "Outer",
                                            "Parallel Aware": false,
                                            "Join Type": "Inner",
                                            "Startup Cost": 1.64,
                                            "Total Cost": 152471.01,
                                            "Plan Rows": 65016,
                                            "Plan Width": 8,
                                            "Actual Startup Time": 5.811,
                                            "Actual Total Time": 646.693,
                                            "Actual Rows": 23171,
                                            "Actual Loops": 5,
                                            "Output": [
                                                "t.id",
                                                "mi_idx.movie_id"
                                            ],
                                            "Inner Unique": false,
                                            "Merge Cond": "(t.id = mi_idx.movie_id)",
                                            "Workers": [
                                                {
                                                    "Worker Number": 0,
                                                    "Actual Startup Time": 5.761,
                                                    "Actual Total Time": 533.38,
                                                    "Actual Rows": 26991,
                                                    "Actual Loops": 1
                                                },
                                                {
                                                    "Worker Number": 1,
                                                    "Actual Startup Time": 9.419,
                                                    "Actual Total Time": 749.853,
                                                    "Actual Rows": 29124,
                                                    "Actual Loops": 1
                                                },
                                                {
                                                    "Worker Number": 2,
                                                    "Actual Startup Time": 11.294,
                                                    "Actual Total Time": 581.895,
                                                    "Actual Rows": 16551,
                                                    "Actual Loops": 1
                                                },
                                                {
                                                    "Worker Number": 3,
                                                    "Actual Startup Time": 2.429,
                                                    "Actual Total Time": 842.397,
                                                    "Actual Rows": 18507,
                                                    "Actual Loops": 1
                                                }
                                            ],
                                            "Plans": [
                                                {
                                                    "Node Type": "Index Scan",
                                                    "Parent Relationship": "Outer",
                                                    "Parallel Aware": true,
                                                    "Scan Direction": "Forward",
                                                    "Index Name": "title_pkey",
                                                    "Relation Name": "title",
                                                    "Schema": "public",
                                                    "Alias": "t",
                                                    "Startup Cost": 0.43,
                                                    "Total Cost": 94540.09,
                                                    "Plan Rows": 119115,
                                                    "Plan Width": 4,
                                                    "Actual Startup Time": 0.238,
                                                    "Actual Total Time": 369.416,
                                                    "Actual Rows": 103664,
                                                    "Actual Loops": 5,
                                                    "Output": [
                                                        "t.id",
                                                        "t.title",
                                                        "t.imdb_index",
                                                        "t.kind_id",
                                                        "t.production_year",
                                                        "t.imdb_id",
                                                        "t.phonetic_code",
                                                        "t.episode_of_id",
                                                        "t.season_nr",
                                                        "t.episode_nr",
                                                        "t.series_years",
                                                        "t.md5sum"
                                                    ],
                                                    "Filter": "((t.production_year > 2007) AND (t.kind_id = 7))",
                                                    "Rows Removed by Filter": 401908,
                                                    "Workers": [
                                                        {
                                                            "Worker Number": 0,
                                                            "Actual Startup Time": 0.468,
                                                            "Actual Total Time": 388.216,
                                                            "Actual Rows": 116771,
                                                            "Actual Loops": 1
                                                        },
                                                        {
                                                            "Worker Number": 1,
                                                            "Actual Startup Time": 0.153,
                                                            "Actual Total Time": 408.997,
                                                            "Actual Rows": 136489,
                                                            "Actual Loops": 1
                                                        },
                                                        {
                                                            "Worker Number": 2,
                                                            "Actual Startup Time": 0.155,
                                                            "Actual Total Time": 371.246,
                                                            "Actual Rows": 81072,
                                                            "Actual Loops": 1
                                                        },
                                                        {
                                                            "Worker Number": 3,
                                                            "Actual Startup Time": 0.371,
                                                            "Actual Total Time": 335.178,
                                                            "Actual Rows": 76677,
                                                            "Actual Loops": 1
                                                        }
                                                    ]
                                                },
                                                {
                                                    "Node Type": "Index Only Scan",
                                                    "Parent Relationship": "Inner",
                                                    "Parallel Aware": false,
                                                    "Scan Direction": "Forward",
                                                    "Index Name": "movie_id_movie_info_idx",
                                                    "Relation Name": "movie_info_idx",
                                                    "Schema": "public",
                                                    "Alias": "mi_idx",
                                                    "Startup Cost": 0.43,
                                                    "Total Cost": 53630.81,
                                                    "Plan Rows": 1380035,
                                                    "Plan Width": 4,
                                                    "Actual Startup Time": 0.205,
                                                    "Actual Total Time": 216.114,
                                                    "Actual Rows": 875147,
                                                    "Actual Loops": 5,
                                                    "Output": [
                                                        "mi_idx.movie_id"
                                                    ],
                                                    "Heap Fetches": 4375735,
                                                    "Workers": [
                                                        {
                                                            "Worker Number": 0,
                                                            "Actual Startup Time": 0.231,
                                                            "Actual Total Time": 112.26,
                                                            "Actual Rows": 538489,
                                                            "Actual Loops": 1
                                                        },
                                                        {
                                                            "Worker Number": 1,
                                                            "Actual Startup Time": 0.256,
                                                            "Actual Total Time": 270.076,
                                                            "Actual Rows": 1380035,
                                                            "Actual Loops": 1
                                                        },
                                                        {
                                                            "Worker Number": 2,
                                                            "Actual Startup Time": 0.242,
                                                            "Actual Total Time": 162.863,
                                                            "Actual Rows": 538435,
                                                            "Actual Loops": 1
                                                        },
                                                        {
                                                            "Worker Number": 3,
                                                            "Actual Startup Time": 0.273,
                                                            "Actual Total Time": 400.013,
                                                            "Actual Rows": 1380035,
                                                            "Actual Loops": 1
                                                        }
                                                    ]
                                                }
                                            ]
                                        },
                                        {
                                            "Node Type": "Index Only Scan",
                                            "Parent Relationship": "Inner",
                                            "Parallel Aware": false,
                                            "Scan Direction": "Forward",
                                            "Index Name": "movie_id_cast_info",
                                            "Relation Name": "cast_info",
                                            "Schema": "public",
                                            "Alias": "ci",
                                            "Startup Cost": 0.56,
                                            "Total Cost": 2.34,
                                            "Plan Rows": 38,
                                            "Plan Width": 4,
                                            "Actual Startup Time": 0.005,
                                            "Actual Total Time": 0.029,
                                            "Actual Rows": 43,
                                            "Actual Loops": 115854,
                                            "Output": [
                                                "ci.movie_id"
                                            ],
                                            "Index Cond": "(ci.movie_id = mi_idx.movie_id)",
                                            "Rows Removed by Index Recheck": 0,
                                            "Heap Fetches": 4929201,
                                            "Workers": [
                                                {
                                                    "Worker Number": 0,
                                                    "Actual Startup Time": 0.004,
                                                    "Actual Total Time": 0.026,
                                                    "Actual Rows": 43,
                                                    "Actual Loops": 26991
                                                },
                                                {
                                                    "Worker Number": 1,
                                                    "Actual Startup Time": 0.004,
                                                    "Actual Total Time": 0.023,
                                                    "Actual Rows": 40,
                                                    "Actual Loops": 29124
                                                },
                                                {
                                                    "Worker Number": 2,
                                                    "Actual Startup Time": 0.007,
                                                    "Actual Total Time": 0.039,
                                                    "Actual Rows": 43,
                                                    "Actual Loops": 16551
                                                },
                                                {
                                                    "Worker Number": 3,
                                                    "Actual Startup Time": 0.006,
                                                    "Actual Total Time": 0.037,
                                                    "Actual Rows": 42,
                                                    "Actual Loops": 18507
                                                }
                                            ]
                                        }
                                    ]
                                }
                            ]
                        }
                    ]
                }
            ]
        },
        "Planning Time": 284.384,
        "Triggers": [],
        "Execution Time": 1739.287
    }
]