[
  {
    "Plan": {
      "Node Type": "Aggregate",
      "Strategy": "Plain",
      "Partial Mode": "Finalize",
      "Parallel Aware": false,
      "Startup Cost": 43929.56,
      "Total Cost": 43929.57,
      "Plan Rows": 1,
      "Plan Width": 8,
      "Actual Startup Time": 160.714,
      "Actual Total Time": 167.91,
      "Actual Rows": 1,
      "Actual Loops": 1,
      "Plans": [
        {
          "Node Type": "Gather",
          "Parent Relationship": "Outer",
          "Parallel Aware": false,
          "Startup Cost": 43929.24,
          "Total Cost": 43929.55,
          "Plan Rows": 3,
          "Plan Width": 8,
          "Actual Startup Time": 160.457,
          "Actual Total Time": 167.895,
          "Actual Rows": 4,
          "Actual Loops": 1,
          "Workers Planned": 3,
          "Workers Launched": 3,
          "Single Copy": false,
          "Plans": [
            {
              "Node Type": "Aggregate",
              "Strategy": "Plain",
              "Partial Mode": "Partial",
              "Parent Relationship": "Outer",
              "Parallel Aware": false,
              "Startup Cost": 42929.24,
              "Total Cost": 42929.25,
              "Plan Rows": 1,
              "Plan Width": 8,
              "Actual Startup Time": 151.814,
              "Actual Total Time": 151.816,
              "Actual Rows": 1,
              "Actual Loops": 4,
              "Plans": [
                {
                  "Node Type": "Bitmap Heap Scan",
                  "Parent Relationship": "Outer",
                  "Parallel Aware": true,
                  "Relation Name": "movie_keyword",
                  "Alias": "mk",
                  "Startup Cost": 15044.05,
                  "Total Cost": 42357.37,
                  "Plan Rows": 228746,
                  "Plan Width": 0,
                  "Actual Startup Time": 59.043,
                  "Actual Total Time": 139.861,
                  "Actual Rows": 176508,
                  "Actual Loops": 4,
                  "Recheck Cond": "(keyword_id > 26724)",
                  "Rows Removed by Index Recheck": 0,
                  "Exact Heap Blocks": 7515,
                  "Lossy Heap Blocks": 0,
                  "Plans": [
                    {
                      "Node Type": "Bitmap Index Scan",
                      "Parent Relationship": "Outer",
                      "Parallel Aware": false,
                      "Index Name": "keyword_id_movie_keyword",
                      "Startup Cost": 0.0,
                      "Total Cost": 14866.77,
                      "Plan Rows": 709112,
                      "Plan Width": 0,
                      "Actual Startup Time": 61.477,
                      "Actual Total Time": 61.478,
                      "Actual Rows": 706034,
                      "Actual Loops": 1,
                      "Index Cond": "(keyword_id > 26724)"
                    }
                  ]
                }
              ]
            }
          ]
        }
      ]
    },
    "Planning Time": 0.072,
    "Triggers": [],
    "Execution Time": 167.951
  }
]