[
  {
    "Plan": {
      "Node Type": "Aggregate",
      "Strategy": "Plain",
      "Partial Mode": "Finalize",
      "Parallel Aware": false,
      "Startup Cost": 44070.41,
      "Total Cost": 44070.42,
      "Plan Rows": 1,
      "Plan Width": 8,
      "Actual Startup Time": 173.404,
      "Actual Total Time": 182.448,
      "Actual Rows": 1,
      "Actual Loops": 1,
      "Plans": [
        {
          "Node Type": "Gather",
          "Parent Relationship": "Outer",
          "Parallel Aware": false,
          "Startup Cost": 44070.1,
          "Total Cost": 44070.41,
          "Plan Rows": 3,
          "Plan Width": 8,
          "Actual Startup Time": 173.14,
          "Actual Total Time": 182.436,
          "Actual Rows": 4,
          "Actual Loops": 1,
          "Workers Planned": 3,
          "Workers Launched": 3,
          "Single Copy": false,
          "Plans": [
            {
              "Node Type": "Aggregate",
              "Strategy": "Plain",
              "Partial Mode": "Partial",
              "Parent Relationship": "Outer",
              "Parallel Aware": false,
              "Startup Cost": 43070.1,
              "Total Cost": 43070.11,
              "Plan Rows": 1,
              "Plan Width": 8,
              "Actual Startup Time": 166.231,
              "Actual Total Time": 166.233,
              "Actual Rows": 1,
              "Actual Loops": 4,
              "Plans": [
                {
                  "Node Type": "Bitmap Heap Scan",
                  "Parent Relationship": "Outer",
                  "Parallel Aware": true,
                  "Relation Name": "movie_keyword",
                  "Alias": "mk",
                  "Startup Cost": 15158.44,
                  "Total Cost": 42493.82,
                  "Plan Rows": 230510,
                  "Plan Width": 0,
                  "Actual Startup Time": 65.854,
                  "Actual Total Time": 154.696,
                  "Actual Rows": 176508,
                  "Actual Loops": 4,
                  "Recheck Cond": "(keyword_id > 26724)",
                  "Rows Removed by Index Recheck": 0,
                  "Exact Heap Blocks": 7676,
                  "Lossy Heap Blocks": 0,
                  "Plans": [
                    {
                      "Node Type": "Bitmap Index Scan",
                      "Parent Relationship": "Outer",
                      "Parallel Aware": false,
                      "Index Name": "keyword_id_movie_keyword",
                      "Startup Cost": 0.0,
                      "Total Cost": 14979.8,
                      "Plan Rows": 714582,
                      "Plan Width": 0,
                      "Actual Startup Time": 66.313,
                      "Actual Total Time": 66.314,
                      "Actual Rows": 706034,
                      "Actual Loops": 1,
                      "Index Cond": "(keyword_id > 26724)"
                    }
                  ]
                }
              ]
            }
          ]
        }
      ]
    },
    "Planning Time": 0.19,
    "Triggers": [],
    "Execution Time": 182.527
  }
]