{
  "Plan": {
    "Node Type": "Aggregate",
    "Strategy": "Plain",
    "Partial Mode": "Finalize",
    "Parallel Aware": false,
    "Startup Cost": 114027.82,
    "Total Cost": 114027.83,
    "Plan Rows": 1,
    "Plan Width": 8,
    "Actual Startup Time": 829.006,
    "Actual Total Time": 845.327,
    "Actual Rows": 1,
    "Actual Loops": 1,
    "Plans": [
      {
        "Node Type": "Gather",
        "Parent Relationship": "Outer",
        "Parallel Aware": false,
        "Startup Cost": 114027.71,
        "Total Cost": 114027.82,
        "Plan Rows": 1,
        "Plan Width": 8,
        "Actual Startup Time": 825.516,
        "Actual Total Time": 845.316,
        "Actual Rows": 2,
        "Actual Loops": 1,
        "Workers Planned": 1,
        "Workers Launched": 1,
        "Single Copy": false,
        "Plans": [
          {
            "Node Type": "Aggregate",
            "Strategy": "Plain",
            "Partial Mode": "Partial",
            "Parent Relationship": "Outer",
            "Parallel Aware": false,
            "Startup Cost": 113027.71,
            "Total Cost": 113027.72,
            "Plan Rows": 1,
            "Plan Width": 8,
            "Actual Startup Time": 820.063,
            "Actual Total Time": 820.654,
            "Actual Rows": 1,
            "Actual Loops": 2,
            "Plans": [
              {
                "Node Type": "Hash Join",
                "Parent Relationship": "Outer",
                "Parallel Aware": true,
                "Join Type": "Inner",
                "Startup Cost": 48426.45,
                "Total Cost": 111704.77,
                "Plan Rows": 529178,
                "Plan Width": 0,
                "Actual Startup Time": 288.768,
                "Actual Total Time": 798.41,
                "Actual Rows": 545716,
                "Actual Loops": 2,
                "Inner Unique": false,
                "Hash Cond": "(t.id = mc.movie_id)",
                "Plans": [
                  {
                    "Node Type": "Seq Scan",
                    "Parent Relationship": "Outer",
                    "Parallel Aware": true,
                    "Relation Name": "title",
                    "Alias": "t",
                    "Startup Cost": 0.0,
                    "Total Cost": 50870.31,
                    "Plan Rows": 1487231,
                    "Plan Width": 4,
                    "Actual Startup Time": 0.014,
                    "Actual Total Time": 128.197,
                    "Actual Rows": 1264156,
                    "Actual Loops": 2
                  },
                  {
                    "Node Type": "Hash",
                    "Parent Relationship": "Inner",
                    "Parallel Aware": true,
                    "Startup Cost": 41811.73,
                    "Total Cost": 41811.73,
                    "Plan Rows": 529178,
                    "Plan Width": 4,
                    "Actual Startup Time": 279.068,
                    "Actual Total Time": 279.069,
                    "Actual Rows": 545716,
                    "Actual Loops": 2,
                    "Hash Buckets": 2097152,
                    "Original Hash Buckets": 1048576,
                    "Hash Batches": 1,
                    "Original Hash Batches": 1,
                    "Peak Memory Usage": 67296,
                    "Plans": [
                      {
                        "Node Type": "Seq Scan",
                        "Parent Relationship": "Outer",
                        "Parallel Aware": true,
                        "Relation Name": "movie_companies",
                        "Alias": "mc",
                        "Startup Cost": 0.0,
                        "Total Cost": 41811.73,
                        "Plan Rows": 529178,
                        "Plan Width": 4,
                        "Actual Startup Time": 69.713,
                        "Actual Total Time": 144.919,
                        "Actual Rows": 545716,
                        "Actual Loops": 2,
                        "Filter": "((company_id > 2085) AND (company_type_id = 2))",
                        "Rows Removed by Filter": 758848
                      }
                    ]
                  }
                ]
              }
            ]
          }
        ]
      }
    ]
  },
  "Planning Time": 0.739,
  "Triggers": [],
  "Execution Time": 845.399
}