[
    {
        "Bao": {
            "Bao prediction": "NaN",
            "Bao recommended hint": "(no hint)"
        }
    },
    {
        "Plan": {
            "Node Type": "Aggregate",
            "Strategy": "Plain",
            "Partial Mode": "Finalize",
            "Parallel Aware": false,
            "Startup Cost": 318338.25,
            "Total Cost": 318338.26,
            "Plan Rows": 1,
            "Plan Width": 8,
            "Actual Startup Time": 937.638,
            "Actual Total Time": 989.808,
            "Actual Rows": 1,
            "Actual Loops": 1,
            "Output": [
                "count(*)"
            ],
            "Plans": [
                {
                    "Node Type": "Gather",
                    "Parent Relationship": "Outer",
                    "Parallel Aware": false,
                    "Startup Cost": 318337.73,
                    "Total Cost": 318338.24,
                    "Plan Rows": 5,
                    "Plan Width": 8,
                    "Actual Startup Time": 937.261,
                    "Actual Total Time": 989.8,
                    "Actual Rows": 6,
                    "Actual Loops": 1,
                    "Output": [
                        "(PARTIAL count(*))"
                    ],
                    "Workers Planned": 5,
                    "Workers Launched": 5,
                    "Single Copy": false,
                    "Plans": [
                        {
                            "Node Type": "Aggregate",
                            "Strategy": "Plain",
                            "Partial Mode": "Partial",
                            "Parent Relationship": "Outer",
                            "Parallel Aware": false,
                            "Startup Cost": 317337.73,
                            "Total Cost": 317337.74,
                            "Plan Rows": 1,
                            "Plan Width": 8,
                            "Actual Startup Time": 927.261,
                            "Actual Total Time": 927.264,
                            "Actual Rows": 1,
                            "Actual Loops": 6,
                            "Output": [
                                "PARTIAL count(*)"
                            ],
                            "Workers": [
                                {
                                    "Worker Number": 0,
                                    "Actual Startup Time": 924.742,
                                    "Actual Total Time": 924.746,
                                    "Actual Rows": 1,
                                    "Actual Loops": 1
                                },
                                {
                                    "Worker Number": 1,
                                    "Actual Startup Time": 924.782,
                                    "Actual Total Time": 924.784,
                                    "Actual Rows": 1,
                                    "Actual Loops": 1
                                },
                                {
                                    "Worker Number": 2,
                                    "Actual Startup Time": 925.287,
                                    "Actual Total Time": 925.291,
                                    "Actual Rows": 1,
                                    "Actual Loops": 1
                                },
                                {
                                    "Worker Number": 3,
                                    "Actual Startup Time": 925.872,
                                    "Actual Total Time": 925.875,
                                    "Actual Rows": 1,
                                    "Actual Loops": 1
                                },
                                {
                                    "Worker Number": 4,
                                    "Actual Startup Time": 925.98,
                                    "Actual Total Time": 925.983,
                                    "Actual Rows": 1,
                                    "Actual Loops": 1
                                }
                            ],
                            "Plans": [
                                {
                                    "Node Type": "Nested Loop",
                                    "Parent Relationship": "Outer",
                                    "Parallel Aware": false,
                                    "Join Type": "Inner",
                                    "Startup Cost": 45603.85,
                                    "Total Cost": 317208.37,
                                    "Plan Rows": 51746,
                                    "Plan Width": 0,
                                    "Actual Startup Time": 79.949,
                                    "Actual Total Time": 925.017,
                                    "Actual Rows": 27948,
                                    "Actual Loops": 6,
                                    "Inner Unique": false,
                                    "Join Filter": "(t.id = ci.movie_id)",
                                    "Rows Removed by Join Filter": 0,
                                    "Workers": [
                                        {
                                            "Worker Number": 0,
                                            "Actual Startup Time": 77.596,
                                            "Actual Total Time": 922.322,
                                            "Actual Rows": 21477,
                                            "Actual Loops": 1
                                        },
                                        {
                                            "Worker Number": 1,
                                            "Actual Startup Time": 77.597,
                                            "Actual Total Time": 922.32,
                                            "Actual Rows": 22157,
                                            "Actual Loops": 1
                                        },
                                        {
                                            "Worker Number": 2,
                                            "Actual Startup Time": 78.445,
                                            "Actual Total Time": 922.969,
                                            "Actual Rows": 20735,
                                            "Actual Loops": 1
                                        },
                                        {
                                            "Worker Number": 3,
                                            "Actual Startup Time": 78.136,
                                            "Actual Total Time": 923.795,
                                            "Actual Rows": 30014,
                                            "Actual Loops": 1
                                        },
                                        {
                                            "Worker Number": 4,
                                            "Actual Startup Time": 78.708,
                                            "Actual Total Time": 924.06,
                                            "Actual Rows": 28295,
                                            "Actual Loops": 1
                                        }
                                    ],
                                    "Plans": [
                                        {
                                            "Node Type": "Hash Join",
                                            "Parent Relationship": "Outer",
                                            "Parallel Aware": true,
                                            "Join Type": "Inner",
                                            "Startup Cost": 45603.28,
                                            "Total Cost": 244852.91,
                                            "Plan Rows": 46344,
                                            "Plan Width": 8,
                                            "Actual Startup Time": 79.837,
                                            "Actual Total Time": 649.567,
                                            "Actual Rows": 10191,
                                            "Actual Loops": 6,
                                            "Output": [
                                                "t.id",
                                                "mi.movie_id"
                                            ],
                                            "Inner Unique": true,
                                            "Hash Cond": "(mi.movie_id = t.id)",
                                            "Workers": [
                                                {
                                                    "Worker Number": 0,
                                                    "Actual Startup Time": 77.504,
                                                    "Actual Total Time": 636.25,
                                                    "Actual Rows": 7512,
                                                    "Actual Loops": 1
                                                },
                                                {
                                                    "Worker Number": 1,
                                                    "Actual Startup Time": 77.499,
                                                    "Actual Total Time": 637.344,
                                                    "Actual Rows": 7658,
                                                    "Actual Loops": 1
                                                },
                                                {
                                                    "Worker Number": 2,
                                                    "Actual Startup Time": 78.166,
                                                    "Actual Total Time": 643.035,
                                                    "Actual Rows": 6950,
                                                    "Actual Loops": 1
                                                },
                                                {
                                                    "Worker Number": 3,
                                                    "Actual Startup Time": 78.047,
                                                    "Actual Total Time": 645.39,
                                                    "Actual Rows": 11531,
                                                    "Actual Loops": 1
                                                },
                                                {
                                                    "Worker Number": 4,
                                                    "Actual Startup Time": 78.619,
                                                    "Actual Total Time": 642.067,
                                                    "Actual Rows": 10811,
                                                    "Actual Loops": 1
                                                }
                                            ],
                                            "Plans": [
                                                {
                                                    "Node Type": "Seq Scan",
                                                    "Parent Relationship": "Outer",
                                                    "Parallel Aware": true,
                                                    "Relation Name": "movie_info",
                                                    "Schema": "public",
                                                    "Alias": "mi",
                                                    "Startup Cost": 0.0,
                                                    "Total Cost": 191503.19,
                                                    "Plan Rows": 2951019,
                                                    "Plan Width": 4,
                                                    "Actual Startup Time": 0.024,
                                                    "Actual Total Time": 288.046,
                                                    "Actual Rows": 2472620,
                                                    "Actual Loops": 6,
                                                    "Output": [
                                                        "mi.id",
                                                        "mi.movie_id",
                                                        "mi.info_type_id",
                                                        "mi.info",
                                                        "mi.note"
                                                    ],
                                                    "Workers": [
                                                        {
                                                            "Worker Number": 0,
                                                            "Actual Startup Time": 0.036,
                                                            "Actual Total Time": 287.158,
                                                            "Actual Rows": 1807711,
                                                            "Actual Loops": 1
                                                        },
                                                        {
                                                            "Worker Number": 1,
                                                            "Actual Startup Time": 0.026,
                                                            "Actual Total Time": 288.346,
                                                            "Actual Rows": 1831189,
                                                            "Actual Loops": 1
                                                        },
                                                        {
                                                            "Worker Number": 2,
                                                            "Actual Startup Time": 0.027,
                                                            "Actual Total Time": 294.95,
                                                            "Actual Rows": 1800737,
                                                            "Actual Loops": 1
                                                        },
                                                        {
                                                            "Worker Number": 3,
                                                            "Actual Startup Time": 0.025,
                                                            "Actual Total Time": 286.192,
                                                            "Actual Rows": 2835578,
                                                            "Actual Loops": 1
                                                        },
                                                        {
                                                            "Worker Number": 4,
                                                            "Actual Startup Time": 0.023,
                                                            "Actual Total Time": 297.863,
                                                            "Actual Rows": 2798635,
                                                            "Actual Loops": 1
                                                        }
                                                    ]
                                                },
                                                {
                                                    "Node Type": "Hash",
                                                    "Parent Relationship": "Inner",
                                                    "Parallel Aware": true,
                                                    "Startup Cost": 45479.21,
                                                    "Total Cost": 45479.21,
                                                    "Plan Rows": 9926,
                                                    "Plan Width": 4,
                                                    "Actual Startup Time": 78.513,
                                                    "Actual Total Time": 78.514,
                                                    "Actual Rows": 6711,
                                                    "Actual Loops": 6,
                                                    "Output": [
                                                        "t.id"
                                                    ],
                                                    "Hash Buckets": 65536,
                                                    "Original Hash Buckets": 65536,
                                                    "Hash Batches": 1,
                                                    "Original Hash Batches": 1,
                                                    "Peak Memory Usage": 2240,
                                                    "Workers": [
                                                        {
                                                            "Worker Number": 0,
                                                            "Actual Startup Time": 76.148,
                                                            "Actual Total Time": 76.149,
                                                            "Actual Rows": 4130,
                                                            "Actual Loops": 1
                                                        },
                                                        {
                                                            "Worker Number": 1,
                                                            "Actual Startup Time": 76.169,
                                                            "Actual Total Time": 76.17,
                                                            "Actual Rows": 4219,
                                                            "Actual Loops": 1
                                                        },
                                                        {
                                                            "Worker Number": 2,
                                                            "Actual Startup Time": 76.64,
                                                            "Actual Total Time": 76.641,
                                                            "Actual Rows": 4301,
                                                            "Actual Loops": 1
                                                        },
                                                        {
                                                            "Worker Number": 3,
                                                            "Actual Startup Time": 76.868,
                                                            "Actual Total Time": 76.869,
                                                            "Actual Rows": 5378,
                                                            "Actual Loops": 1
                                                        },
                                                        {
                                                            "Worker Number": 4,
                                                            "Actual Startup Time": 77.273,
                                                            "Actual Total Time": 77.274,
                                                            "Actual Rows": 5786,
                                                            "Actual Loops": 1
                                                        }
                                                    ],
                                                    "Plans": [
                                                        {
                                                            "Node Type": "Seq Scan",
                                                            "Parent Relationship": "Outer",
                                                            "Parallel Aware": true,
                                                            "Relation Name": "title",
                                                            "Schema": "public",
                                                            "Alias": "t",
                                                            "Startup Cost": 0.0,
                                                            "Total Cost": 45479.21,
                                                            "Plan Rows": 9926,
                                                            "Plan Width": 4,
                                                            "Actual Startup Time": 0.07,
                                                            "Actual Total Time": 75.047,
                                                            "Actual Rows": 6711,
                                                            "Actual Loops": 6,
                                                            "Output": [
                                                                "t.id"
                                                            ],
                                                            "Filter": "((t.kind_id > 4) AND (t.production_year = 2013))",
                                                            "Rows Removed by Filter": 414675,
                                                            "Workers": [
                                                                {
                                                                    "Worker Number": 0,
                                                                    "Actual Startup Time": 0.106,
                                                                    "Actual Total Time": 73.061,
                                                                    "Actual Rows": 4130,
                                                                    "Actual Loops": 1
                                                                },
                                                                {
                                                                    "Worker Number": 1,
                                                                    "Actual Startup Time": 0.058,
                                                                    "Actual Total Time": 73.085,
                                                                    "Actual Rows": 4219,
                                                                    "Actual Loops": 1
                                                                },
                                                                {
                                                                    "Worker Number": 2,
                                                                    "Actual Startup Time": 0.056,
                                                                    "Actual Total Time": 73.334,
                                                                    "Actual Rows": 4301,
                                                                    "Actual Loops": 1
                                                                },
                                                                {
                                                                    "Worker Number": 3,
                                                                    "Actual Startup Time": 0.109,
                                                                    "Actual Total Time": 73.41,
                                                                    "Actual Rows": 5378,
                                                                    "Actual Loops": 1
                                                                },
                                                                {
                                                                    "Worker Number": 4,
                                                                    "Actual Startup Time": 0.065,
                                                                    "Actual Total Time": 73.966,
                                                                    "Actual Rows": 5786,
                                                                    "Actual Loops": 1
                                                                }
                                                            ]
                                                        }
                                                    ]
                                                }
                                            ]
                                        },
                                        {
                                            "Node Type": "Index Scan",
                                            "Parent Relationship": "Inner",
                                            "Parallel Aware": false,
                                            "Scan Direction": "Forward",
                                            "Index Name": "movie_id_cast_info",
                                            "Relation Name": "cast_info",
                                            "Schema": "public",
                                            "Alias": "ci",
                                            "Startup Cost": 0.56,
                                            "Total Cost": 1.52,
                                            "Plan Rows": 3,
                                            "Plan Width": 4,
                                            "Actual Startup Time": 0.007,
                                            "Actual Total Time": 0.026,
                                            "Actual Rows": 3,
                                            "Actual Loops": 61147,
                                            "Output": [
                                                "ci.id",
                                                "ci.person_id",
                                                "ci.movie_id",
                                                "ci.person_role_id",
                                                "ci.note",
                                                "ci.nr_order",
                                                "ci.role_id"
                                            ],
                                            "Index Cond": "(ci.movie_id = mi.movie_id)",
                                            "Rows Removed by Index Recheck": 0,
                                            "Filter": "((ci.person_id < 802434) AND (ci.role_id = 1))",
                                            "Rows Removed by Filter": 17,
                                            "Workers": [
                                                {
                                                    "Worker Number": 0,
                                                    "Actual Startup Time": 0.01,
                                                    "Actual Total Time": 0.037,
                                                    "Actual Rows": 3,
                                                    "Actual Loops": 7512
                                                },
                                                {
                                                    "Worker Number": 1,
                                                    "Actual Startup Time": 0.01,
                                                    "Actual Total Time": 0.036,
                                                    "Actual Rows": 3,
                                                    "Actual Loops": 7658
                                                },
                                                {
                                                    "Worker Number": 2,
                                                    "Actual Startup Time": 0.011,
                                                    "Actual Total Time": 0.039,
                                                    "Actual Rows": 3,
                                                    "Actual Loops": 6950
                                                },
                                                {
                                                    "Worker Number": 3,
                                                    "Actual Startup Time": 0.007,
                                                    "Actual Total Time": 0.024,
                                                    "Actual Rows": 3,
                                                    "Actual Loops": 11531
                                                },
                                                {
                                                    "Worker Number": 4,
                                                    "Actual Startup Time": 0.007,
                                                    "Actual Total Time": 0.026,
                                                    "Actual Rows": 3,
                                                    "Actual Loops": 10811
                                                }
                                            ]
                                        }
                                    ]
                                }
                            ]
                        }
                    ]
                }
            ]
        },
        "Planning Time": 180.549,
        "Triggers": [],
        "Execution Time": 989.888
    }
]