[
  {
    "Plan": {
      "Node Type": "Aggregate",
      "Strategy": "Plain",
      "Partial Mode": "Finalize",
      "Parallel Aware": false,
      "Startup Cost": 52102.87,
      "Total Cost": 52102.88,
      "Plan Rows": 1,
      "Plan Width": 8,
      "Actual Startup Time": 5.814,
      "Actual Total Time": 6.922,
      "Actual Rows": 1,
      "Actual Loops": 1,
      "Plans": [
        {
          "Node Type": "Gather",
          "Parent Relationship": "Outer",
          "Parallel Aware": false,
          "Startup Cost": 52102.55,
          "Total Cost": 52102.86,
          "Plan Rows": 3,
          "Plan Width": 8,
          "Actual Startup Time": 5.128,
          "Actual Total Time": 6.909,
          "Actual Rows": 4,
          "Actual Loops": 1,
          "Workers Planned": 3,
          "Workers Launched": 3,
          "Single Copy": false,
          "Plans": [
            {
              "Node Type": "Aggregate",
              "Strategy": "Plain",
              "Partial Mode": "Partial",
              "Parent Relationship": "Outer",
              "Parallel Aware": false,
              "Startup Cost": 51102.55,
              "Total Cost": 51102.56,
              "Plan Rows": 1,
              "Plan Width": 8,
              "Actual Startup Time": 1.163,
              "Actual Total Time": 1.165,
              "Actual Rows": 1,
              "Actual Loops": 4,
              "Plans": [
                {
                  "Node Type": "Nested Loop",
                  "Parent Relationship": "Outer",
                  "Parallel Aware": false,
                  "Join Type": "Inner",
                  "Startup Cost": 215.54,
                  "Total Cost": 51095.16,
                  "Plan Rows": 2954,
                  "Plan Width": 0,
                  "Actual Startup Time": 0.863,
                  "Actual Total Time": 1.156,
                  "Actual Rows": 27,
                  "Actual Loops": 4,
                  "Inner Unique": false,
                  "Plans": [
                    {
                      "Node Type": "Nested Loop",
                      "Parent Relationship": "Outer",
                      "Parallel Aware": false,
                      "Join Type": "Inner",
                      "Startup Cost": 215.11,
                      "Total Cost": 47367.52,
                      "Plan Rows": 2077,
                      "Plan Width": 8,
                      "Actual Startup Time": 0.851,
                      "Actual Total Time": 1.087,
                      "Actual Rows": 1,
                      "Actual Loops": 4,
                      "Inner Unique": true,
                      "Plans": [
                        {
                          "Node Type": "Bitmap Heap Scan",
                          "Parent Relationship": "Outer",
                          "Parallel Aware": true,
                          "Relation Name": "cast_info",
                          "Alias": "ci",
                          "Startup Cost": 214.68,
                          "Total Cost": 32691.61,
                          "Plan Rows": 2077,
                          "Plan Width": 4,
                          "Actual Startup Time": 0.836,
                          "Actual Total Time": 1.054,
                          "Actual Rows": 1,
                          "Actual Loops": 4,
                          "Recheck Cond": "(person_id = 2891029)",
                          "Rows Removed by Index Recheck": 0,
                          "Filter": "(role_id < 4)",
                          "Rows Removed by Filter": 805,
                          "Exact Heap Blocks": 36,
                          "Lossy Heap Blocks": 0,
                          "Plans": [
                            {
                              "Node Type": "Bitmap Index Scan",
                              "Parent Relationship": "Outer",
                              "Parallel Aware": false,
                              "Index Name": "person_id_cast_info",
                              "Startup Cost": 0.0,
                              "Total Cost": 213.07,
                              "Plan Rows": 9667,
                              "Plan Width": 0,
                              "Actual Startup Time": 3.044,
                              "Actual Total Time": 3.045,
                              "Actual Rows": 3225,
                              "Actual Loops": 1,
                              "Index Cond": "(person_id = 2891029)"
                            }
                          ]
                        },
                        {
                          "Node Type": "Index Only Scan",
                          "Parent Relationship": "Inner",
                          "Parallel Aware": false,
                          "Scan Direction": "Forward",
                          "Index Name": "title_pkey",
                          "Relation Name": "title",
                          "Alias": "t",
                          "Startup Cost": 0.43,
                          "Total Cost": 7.07,
                          "Plan Rows": 1,
                          "Plan Width": 4,
                          "Actual Startup Time": 0.022,
                          "Actual Total Time": 0.023,
                          "Actual Rows": 1,
                          "Actual Loops": 5,
                          "Index Cond": "(id = ci.movie_id)",
                          "Rows Removed by Index Recheck": 0,
                          "Heap Fetches": 5
                        }
                      ]
                    },
                    {
                      "Node Type": "Index Scan",
                      "Parent Relationship": "Inner",
                      "Parallel Aware": false,
                      "Scan Direction": "Forward",
                      "Index Name": "movie_id_movie_keyword",
                      "Relation Name": "movie_keyword",
                      "Alias": "mk",
                      "Startup Cost": 0.43,
                      "Total Cost": 1.42,
                      "Plan Rows": 37,
                      "Plan Width": 4,
                      "Actual Startup Time": 0.034,
                      "Actual Total Time": 0.048,
                      "Actual Rows": 22,
                      "Actual Loops": 5,
                      "Index Cond": "(movie_id = t.id)",
                      "Rows Removed by Index Recheck": 0,
                      "Filter": "(keyword_id < 20341)",
                      "Rows Removed by Filter": 5
                    }
                  ]
                }
              ]
            }
          ]
        }
      ]
    },
    "Planning Time": 1.342,
    "Triggers": [],
    "Execution Time": 7.041
  }
]