[
  {
    "Plan": {
      "Node Type": "Aggregate",
      "Strategy": "Plain",
      "Partial Mode": "Simple",
      "Parallel Aware": false,
      "Startup Cost": 2953.12,
      "Total Cost": 2953.13,
      "Plan Rows": 1,
      "Plan Width": 8,
      "Actual Startup Time": 1.034,
      "Actual Total Time": 1.037,
      "Actual Rows": 1,
      "Actual Loops": 1,
      "Plans": [
        {
          "Node Type": "Nested Loop",
          "Parent Relationship": "Outer",
          "Parallel Aware": false,
          "Join Type": "Inner",
          "Startup Cost": 0.99,
          "Total Cost": 2952.92,
          "Plan Rows": 78,
          "Plan Width": 0,
          "Actual Startup Time": 0.223,
          "Actual Total Time": 1.013,
          "Actual Rows": 63,
          "Actual Loops": 1,
          "Inner Unique": true,
          "Plans": [
            {
              "Node Type": "Index Scan",
              "Parent Relationship": "Outer",
              "Parallel Aware": false,
              "Scan Direction": "Forward",
              "Index Name": "person_id_cast_info",
              "Relation Name": "cast_info",
              "Alias": "ci",
              "Startup Cost": 0.56,
              "Total Cost": 1059.67,
              "Plan Rows": 225,
              "Plan Width": 4,
              "Actual Startup Time": 0.197,
              "Actual Total Time": 0.242,
              "Actual Rows": 63,
              "Actual Loops": 1,
              "Index Cond": "(person_id = 3289347)",
              "Rows Removed by Index Recheck": 0,
              "Filter": "(role_id > 2)",
              "Rows Removed by Filter": 0
            },
            {
              "Node Type": "Index Scan",
              "Parent Relationship": "Inner",
              "Parallel Aware": false,
              "Scan Direction": "Forward",
              "Index Name": "title_pkey",
              "Relation Name": "title",
              "Alias": "t",
              "Startup Cost": 0.43,
              "Total Cost": 8.41,
              "Plan Rows": 1,
              "Plan Width": 4,
              "Actual Startup Time": 0.011,
              "Actual Total Time": 0.011,
              "Actual Rows": 1,
              "Actual Loops": 63,
              "Index Cond": "(id = ci.movie_id)",
              "Rows Removed by Index Recheck": 0,
              "Filter": "(production_year < 1997)",
              "Rows Removed by Filter": 0
            }
          ]
        }
      ]
    },
    "Planning Time": 0.631,
    "Triggers": [],
    "Execution Time": 1.15
  }
]