[
  {
    "Plan": {
      "Node Type": "Aggregate",
      "Strategy": "Plain",
      "Partial Mode": "Finalize",
      "Parallel Aware": false,
      "Startup Cost": 44750.23,
      "Total Cost": 44750.24,
      "Plan Rows": 1,
      "Plan Width": 8,
      "Actual Startup Time": 117.637,
      "Actual Total Time": 131.685,
      "Actual Rows": 1,
      "Actual Loops": 1,
      "Plans": [
        {
          "Node Type": "Gather",
          "Parent Relationship": "Outer",
          "Parallel Aware": false,
          "Startup Cost": 44749.91,
          "Total Cost": 44750.22,
          "Plan Rows": 3,
          "Plan Width": 8,
          "Actual Startup Time": 117.511,
          "Actual Total Time": 131.674,
          "Actual Rows": 4,
          "Actual Loops": 1,
          "Workers Planned": 3,
          "Workers Launched": 3,
          "Single Copy": false,
          "Plans": [
            {
              "Node Type": "Aggregate",
              "Strategy": "Plain",
              "Partial Mode": "Partial",
              "Parent Relationship": "Outer",
              "Parallel Aware": false,
              "Startup Cost": 43749.91,
              "Total Cost": 43749.92,
              "Plan Rows": 1,
              "Plan Width": 8,
              "Actual Startup Time": 112.445,
              "Actual Total Time": 112.446,
              "Actual Rows": 1,
              "Actual Loops": 4,
              "Plans": [
                {
                  "Node Type": "Seq Scan",
                  "Parent Relationship": "Outer",
                  "Parallel Aware": true,
                  "Relation Name": "movie_keyword",
                  "Alias": "mk",
                  "Startup Cost": 0.0,
                  "Total Cost": 42695.65,
                  "Plan Rows": 421703,
                  "Plan Width": 0,
                  "Actual Startup Time": 1.005,
                  "Actual Total Time": 97.486,
                  "Actual Rows": 327660,
                  "Actual Loops": 4,
                  "Filter": "(keyword_id > 13410)",
                  "Rows Removed by Filter": 803323
                }
              ]
            }
          ]
        }
      ]
    },
    "Planning Time": 0.098,
    "Triggers": [],
    "Execution Time": 131.716
  }
]