[
    {
        "Bao": {
            "Bao prediction": 455.161,
            "Bao recommended hint": "(no hint)"
        }
    },
    {
        "Plan": {
            "Node Type": "Aggregate",
            "Strategy": "Plain",
            "Partial Mode": "Finalize",
            "Parallel Aware": false,
            "Startup Cost": 33150.6,
            "Total Cost": 33150.61,
            "Plan Rows": 1,
            "Plan Width": 8,
            "Actual Startup Time": 129.075,
            "Actual Total Time": 136.466,
            "Actual Rows": 1,
            "Actual Loops": 1,
            "Output": [
                "count(*)"
            ],
            "Plans": [
                {
                    "Node Type": "Gather",
                    "Parent Relationship": "Outer",
                    "Parallel Aware": false,
                    "Startup Cost": 33150.28,
                    "Total Cost": 33150.59,
                    "Plan Rows": 3,
                    "Plan Width": 8,
                    "Actual Startup Time": 129.003,
                    "Actual Total Time": 136.459,
                    "Actual Rows": 4,
                    "Actual Loops": 1,
                    "Output": [
                        "(PARTIAL count(*))"
                    ],
                    "Workers Planned": 3,
                    "Workers Launched": 3,
                    "Single Copy": false,
                    "Plans": [
                        {
                            "Node Type": "Aggregate",
                            "Strategy": "Plain",
                            "Partial Mode": "Partial",
                            "Parent Relationship": "Outer",
                            "Parallel Aware": false,
                            "Startup Cost": 32150.28,
                            "Total Cost": 32150.29,
                            "Plan Rows": 1,
                            "Plan Width": 8,
                            "Actual Startup Time": 121.54,
                            "Actual Total Time": 121.541,
                            "Actual Rows": 1,
                            "Actual Loops": 4,
                            "Output": [
                                "PARTIAL count(*)"
                            ],
                            "Workers": [
                                {
                                    "Worker Number": 0,
                                    "Actual Startup Time": 118.886,
                                    "Actual Total Time": 118.887,
                                    "Actual Rows": 1,
                                    "Actual Loops": 1
                                },
                                {
                                    "Worker Number": 1,
                                    "Actual Startup Time": 119.321,
                                    "Actual Total Time": 119.322,
                                    "Actual Rows": 1,
                                    "Actual Loops": 1
                                },
                                {
                                    "Worker Number": 2,
                                    "Actual Startup Time": 119.508,
                                    "Actual Total Time": 119.509,
                                    "Actual Rows": 1,
                                    "Actual Loops": 1
                                }
                            ],
                            "Plans": [
                                {
                                    "Node Type": "Seq Scan",
                                    "Parent Relationship": "Outer",
                                    "Parallel Aware": true,
                                    "Relation Name": "movie_companies",
                                    "Schema": "public",
                                    "Alias": "mc",
                                    "Startup Cost": 0.0,
                                    "Total Cost": 31414.82,
                                    "Plan Rows": 294185,
                                    "Plan Width": 0,
                                    "Actual Startup Time": 52.635,
                                    "Actual Total Time": 103.797,
                                    "Actual Rows": 274359,
                                    "Actual Loops": 4,
                                    "Output": [
                                        "id",
                                        "movie_id",
                                        "company_id",
                                        "company_type_id",
                                        "note"
                                    ],
                                    "Filter": "((mc.company_id > 1924) AND (mc.company_type_id = 2))",
                                    "Rows Removed by Filter": 377923,
                                    "Workers": [
                                        {
                                            "Worker Number": 0,
                                            "Actual Startup Time": 49.993,
                                            "Actual Total Time": 101.555,
                                            "Actual Rows": 265292,
                                            "Actual Loops": 1
                                        },
                                        {
                                            "Worker Number": 1,
                                            "Actual Startup Time": 50.408,
                                            "Actual Total Time": 101.886,
                                            "Actual Rows": 267097,
                                            "Actual Loops": 1
                                        },
                                        {
                                            "Worker Number": 2,
                                            "Actual Startup Time": 50.602,
                                            "Actual Total Time": 102.13,
                                            "Actual Rows": 262277,
                                            "Actual Loops": 1
                                        }
                                    ]
                                }
                            ]
                        }
                    ]
                }
            ]
        },
        "Planning Time": 1329.402,
        "Triggers": [],
        "Execution Time": 136.569
    }
]