[
  {
    "Plan": {
      "Node Type": "Aggregate",
      "Strategy": "Plain",
      "Partial Mode": "Simple",
      "Parallel Aware": false,
      "Startup Cost": 51687.86,
      "Total Cost": 51687.87,
      "Plan Rows": 1,
      "Plan Width": 8,
      "Actual Startup Time": 14.98,
      "Actual Total Time": 14.982,
      "Actual Rows": 1,
      "Actual Loops": 1,
      "Plans": [
        {
          "Node Type": "Index Scan",
          "Parent Relationship": "Outer",
          "Parallel Aware": false,
          "Scan Direction": "Forward",
          "Index Name": "person_id_cast_info",
          "Relation Name": "cast_info",
          "Alias": "ci",
          "Startup Cost": 0.56,
          "Total Cost": 51665.91,
          "Plan Rows": 8783,
          "Plan Width": 0,
          "Actual Startup Time": 0.023,
          "Actual Total Time": 12.601,
          "Actual Rows": 15513,
          "Actual Loops": 1,
          "Index Cond": "(person_id < 3088)",
          "Rows Removed by Index Recheck": 0,
          "Filter": "(role_id = 1)",
          "Rows Removed by Filter": 5297
        }
      ]
    },
    "Planning Time": 0.306,
    "Triggers": [],
    "Execution Time": 15.032
  }
]