[
  {
    "Plan": {
      "Node Type": "Aggregate",
      "Strategy": "Plain",
      "Partial Mode": "Finalize",
      "Parallel Aware": false,
      "Startup Cost": 91169.38,
      "Total Cost": 91169.39,
      "Plan Rows": 1,
      "Plan Width": 8,
      "Actual Startup Time": 566.19,
      "Actual Total Time": 581.613,
      "Actual Rows": 1,
      "Actual Loops": 1,
      "Plans": [
        {
          "Node Type": "Gather",
          "Parent Relationship": "Outer",
          "Parallel Aware": false,
          "Startup Cost": 91169.06,
          "Total Cost": 91169.37,
          "Plan Rows": 3,
          "Plan Width": 8,
          "Actual Startup Time": 554.974,
          "Actual Total Time": 581.601,
          "Actual Rows": 4,
          "Actual Loops": 1,
          "Workers Planned": 3,
          "Workers Launched": 3,
          "Single Copy": false,
          "Plans": [
            {
              "Node Type": "Aggregate",
              "Strategy": "Plain",
              "Partial Mode": "Partial",
              "Parent Relationship": "Outer",
              "Parallel Aware": false,
              "Startup Cost": 90169.06,
              "Total Cost": 90169.07,
              "Plan Rows": 1,
              "Plan Width": 8,
              "Actual Startup Time": 543.007,
              "Actual Total Time": 543.014,
              "Actual Rows": 1,
              "Actual Loops": 4,
              "Plans": [
                {
                  "Node Type": "Hash Join",
                  "Parent Relationship": "Outer",
                  "Parallel Aware": true,
                  "Join Type": "Inner",
                  "Startup Cost": 62440.47,
                  "Total Cost": 89704.58,
                  "Plan Rows": 185792,
                  "Plan Width": 0,
                  "Actual Startup Time": 412.028,
                  "Actual Total Time": 534.281,
                  "Actual Rows": 146458,
                  "Actual Loops": 4,
                  "Inner Unique": true,
                  "Hash Cond": "(mk.movie_id = t.id)",
                  "Plans": [
                    {
                      "Node Type": "Bitmap Heap Scan",
                      "Parent Relationship": "Outer",
                      "Parallel Aware": true,
                      "Relation Name": "movie_keyword",
                      "Alias": "mk",
                      "Startup Cost": 12220.09,
                      "Total Cost": 38996.49,
                      "Plan Rows": 185792,
                      "Plan Width": 4,
                      "Actual Startup Time": 34.189,
                      "Actual Total Time": 91.766,
                      "Actual Rows": 146458,
                      "Actual Loops": 4,
                      "Recheck Cond": "(keyword_id < 419)",
                      "Rows Removed by Index Recheck": 0,
                      "Exact Heap Blocks": 7398,
                      "Lossy Heap Blocks": 0,
                      "Plans": [
                        {
                          "Node Type": "Bitmap Index Scan",
                          "Parent Relationship": "Outer",
                          "Parallel Aware": false,
                          "Index Name": "keyword_id_movie_keyword",
                          "Startup Cost": 0.0,
                          "Total Cost": 12076.1,
                          "Plan Rows": 575956,
                          "Plan Width": 0,
                          "Actual Startup Time": 30.568,
                          "Actual Total Time": 30.569,
                          "Actual Rows": 585831,
                          "Actual Loops": 1,
                          "Index Cond": "(keyword_id < 419)"
                        }
                      ]
                    },
                    {
                      "Node Type": "Hash",
                      "Parent Relationship": "Inner",
                      "Parallel Aware": true,
                      "Startup Cost": 42319.06,
                      "Total Cost": 42319.06,
                      "Plan Rows": 632106,
                      "Plan Width": 4,
                      "Actual Startup Time": 369.7,
                      "Actual Total Time": 369.703,
                      "Actual Rows": 632078,
                      "Actual Loops": 4,
                      "Hash Buckets": 4194304,
                      "Original Hash Buckets": 4194304,
                      "Hash Batches": 1,
                      "Original Hash Batches": 1,
                      "Peak Memory Usage": 131744,
                      "Plans": [
                        {
                          "Node Type": "Seq Scan",
                          "Parent Relationship": "Outer",
                          "Parallel Aware": true,
                          "Relation Name": "title",
                          "Alias": "t",
                          "Startup Cost": 0.0,
                          "Total Cost": 42319.06,
                          "Plan Rows": 632106,
                          "Plan Width": 4,
                          "Actual Startup Time": 0.049,
                          "Actual Total Time": 109.674,
                          "Actual Rows": 632078,
                          "Actual Loops": 4
                        }
                      ]
                    }
                  ]
                }
              ]
            }
          ]
        }
      ]
    },
    "Planning Time": 0.169,
    "Triggers": [],
    "Execution Time": 581.655
  }
]