[
  {
    "Plan": {
      "Node Type": "Aggregate",
      "Strategy": "Plain",
      "Partial Mode": "Finalize",
      "Parallel Aware": false,
      "Startup Cost": 91075.55,
      "Total Cost": 91075.56,
      "Plan Rows": 1,
      "Plan Width": 8,
      "Actual Startup Time": 600.529,
      "Actual Total Time": 619.303,
      "Actual Rows": 1,
      "Actual Loops": 1,
      "Plans": [
        {
          "Node Type": "Gather",
          "Parent Relationship": "Outer",
          "Parallel Aware": false,
          "Startup Cost": 91075.24,
          "Total Cost": 91075.55,
          "Plan Rows": 3,
          "Plan Width": 8,
          "Actual Startup Time": 591.791,
          "Actual Total Time": 619.292,
          "Actual Rows": 4,
          "Actual Loops": 1,
          "Workers Planned": 3,
          "Workers Launched": 3,
          "Single Copy": false,
          "Plans": [
            {
              "Node Type": "Aggregate",
              "Strategy": "Plain",
              "Partial Mode": "Partial",
              "Parent Relationship": "Outer",
              "Parallel Aware": false,
              "Startup Cost": 90075.24,
              "Total Cost": 90075.25,
              "Plan Rows": 1,
              "Plan Width": 8,
              "Actual Startup Time": 573.879,
              "Actual Total Time": 573.883,
              "Actual Rows": 1,
              "Actual Loops": 4,
              "Plans": [
                {
                  "Node Type": "Hash Join",
                  "Parent Relationship": "Outer",
                  "Parallel Aware": true,
                  "Join Type": "Inner",
                  "Startup Cost": 62365.73,
                  "Total Cost": 89613.46,
                  "Plan Rows": 184710,
                  "Plan Width": 0,
                  "Actual Startup Time": 429.184,
                  "Actual Total Time": 564.756,
                  "Actual Rows": 146458,
                  "Actual Loops": 4,
                  "Inner Unique": true,
                  "Hash Cond": "(mk.movie_id = t.id)",
                  "Plans": [
                    {
                      "Node Type": "Bitmap Heap Scan",
                      "Parent Relationship": "Outer",
                      "Parallel Aware": true,
                      "Relation Name": "movie_keyword",
                      "Alias": "mk",
                      "Startup Cost": 12146.08,
                      "Total Cost": 38908.95,
                      "Plan Rows": 184710,
                      "Plan Width": 4,
                      "Actual Startup Time": 51.256,
                      "Actual Total Time": 118.41,
                      "Actual Rows": 146458,
                      "Actual Loops": 4,
                      "Recheck Cond": "(keyword_id < 419)",
                      "Rows Removed by Index Recheck": 0,
                      "Exact Heap Blocks": 6199,
                      "Lossy Heap Blocks": 0,
                      "Plans": [
                        {
                          "Node Type": "Bitmap Index Scan",
                          "Parent Relationship": "Outer",
                          "Parallel Aware": false,
                          "Index Name": "keyword_id_movie_keyword",
                          "Startup Cost": 0.0,
                          "Total Cost": 12002.93,
                          "Plan Rows": 572600,
                          "Plan Width": 0,
                          "Actual Startup Time": 45.29,
                          "Actual Total Time": 45.291,
                          "Actual Rows": 585831,
                          "Actual Loops": 1,
                          "Index Cond": "(keyword_id < 419)"
                        }
                      ]
                    },
                    {
                      "Node Type": "Hash",
                      "Parent Relationship": "Inner",
                      "Parallel Aware": true,
                      "Startup Cost": 42318.73,
                      "Total Cost": 42318.73,
                      "Plan Rows": 632073,
                      "Plan Width": 4,
                      "Actual Startup Time": 366.62,
                      "Actual Total Time": 366.621,
                      "Actual Rows": 632078,
                      "Actual Loops": 4,
                      "Hash Buckets": 4194304,
                      "Original Hash Buckets": 4194304,
                      "Hash Batches": 1,
                      "Original Hash Batches": 1,
                      "Peak Memory Usage": 131744,
                      "Plans": [
                        {
                          "Node Type": "Seq Scan",
                          "Parent Relationship": "Outer",
                          "Parallel Aware": true,
                          "Relation Name": "title",
                          "Alias": "t",
                          "Startup Cost": 0.0,
                          "Total Cost": 42318.73,
                          "Plan Rows": 632073,
                          "Plan Width": 4,
                          "Actual Startup Time": 0.039,
                          "Actual Total Time": 112.041,
                          "Actual Rows": 632078,
                          "Actual Loops": 4
                        }
                      ]
                    }
                  ]
                }
              ]
            }
          ]
        }
      ]
    },
    "Planning Time": 0.611,
    "Triggers": [],
    "Execution Time": 619.394
  }
]