[
    {
        "Bao": {
            "Bao prediction": "NaN",
            "Bao recommended hint": "(no hint)"
        }
    },
    {
        "Plan": {
            "Node Type": "Aggregate",
            "Strategy": "Plain",
            "Partial Mode": "Finalize",
            "Parallel Aware": false,
            "Startup Cost": 33014.0,
            "Total Cost": 33014.01,
            "Plan Rows": 1,
            "Plan Width": 8,
            "Actual Startup Time": 85.376,
            "Actual Total Time": 90.093,
            "Actual Rows": 1,
            "Actual Loops": 1,
            "Output": [
                "count(*)"
            ],
            "Plans": [
                {
                    "Node Type": "Gather",
                    "Parent Relationship": "Outer",
                    "Parallel Aware": false,
                    "Startup Cost": 33013.68,
                    "Total Cost": 33013.99,
                    "Plan Rows": 3,
                    "Plan Width": 8,
                    "Actual Startup Time": 85.302,
                    "Actual Total Time": 90.088,
                    "Actual Rows": 4,
                    "Actual Loops": 1,
                    "Output": [
                        "(PARTIAL count(*))"
                    ],
                    "Workers Planned": 3,
                    "Workers Launched": 3,
                    "Single Copy": false,
                    "Plans": [
                        {
                            "Node Type": "Aggregate",
                            "Strategy": "Plain",
                            "Partial Mode": "Partial",
                            "Parent Relationship": "Outer",
                            "Parallel Aware": false,
                            "Startup Cost": 32013.68,
                            "Total Cost": 32013.69,
                            "Plan Rows": 1,
                            "Plan Width": 8,
                            "Actual Startup Time": 77.141,
                            "Actual Total Time": 77.142,
                            "Actual Rows": 1,
                            "Actual Loops": 4,
                            "Output": [
                                "PARTIAL count(*)"
                            ],
                            "Workers": [
                                {
                                    "Worker Number": 0,
                                    "Actual Startup Time": 74.221,
                                    "Actual Total Time": 74.222,
                                    "Actual Rows": 1,
                                    "Actual Loops": 1
                                },
                                {
                                    "Worker Number": 1,
                                    "Actual Startup Time": 74.508,
                                    "Actual Total Time": 74.509,
                                    "Actual Rows": 1,
                                    "Actual Loops": 1
                                },
                                {
                                    "Worker Number": 2,
                                    "Actual Startup Time": 74.779,
                                    "Actual Total Time": 74.78,
                                    "Actual Rows": 1,
                                    "Actual Loops": 1
                                }
                            ],
                            "Plans": [
                                {
                                    "Node Type": "Seq Scan",
                                    "Parent Relationship": "Outer",
                                    "Parallel Aware": true,
                                    "Relation Name": "movie_companies",
                                    "Schema": "public",
                                    "Alias": "mc",
                                    "Startup Cost": 0.0,
                                    "Total Cost": 31414.82,
                                    "Plan Rows": 239546,
                                    "Plan Width": 0,
                                    "Actual Startup Time": 4.749,
                                    "Actual Total Time": 70.282,
                                    "Actual Rows": 131713,
                                    "Actual Loops": 4,
                                    "Output": [
                                        "id",
                                        "movie_id",
                                        "company_id",
                                        "company_type_id",
                                        "note"
                                    ],
                                    "Filter": "((mc.company_id > 7281) AND (mc.company_type_id < 2))",
                                    "Rows Removed by Filter": 520569,
                                    "Workers": [
                                        {
                                            "Worker Number": 0,
                                            "Actual Startup Time": 1.855,
                                            "Actual Total Time": 67.656,
                                            "Actual Rows": 114908,
                                            "Actual Loops": 1
                                        },
                                        {
                                            "Worker Number": 1,
                                            "Actual Startup Time": 2.111,
                                            "Actual Total Time": 67.892,
                                            "Actual Rows": 107143,
                                            "Actual Loops": 1
                                        },
                                        {
                                            "Worker Number": 2,
                                            "Actual Startup Time": 2.403,
                                            "Actual Total Time": 68.132,
                                            "Actual Rows": 104290,
                                            "Actual Loops": 1
                                        }
                                    ]
                                }
                            ]
                        }
                    ]
                }
            ]
        },
        "Planning Time": 180.035,
        "Triggers": [],
        "Execution Time": 90.133
    }
]