[
  {
    "Plan": {
      "Node Type": "Aggregate",
      "Strategy": "Plain",
      "Partial Mode": "Finalize",
      "Parallel Aware": false,
      "Startup Cost": 405849.42,
      "Total Cost": 405849.43,
      "Plan Rows": 1,
      "Plan Width": 8,
      "Actual Startup Time": 1581.69,
      "Actual Total Time": 1639.394,
      "Actual Rows": 1,
      "Actual Loops": 1,
      "Plans": [
        {
          "Node Type": "Gather",
          "Parent Relationship": "Outer",
          "Parallel Aware": false,
          "Startup Cost": 405848.79,
          "Total Cost": 405849.4,
          "Plan Rows": 6,
          "Plan Width": 8,
          "Actual Startup Time": 1569.238,
          "Actual Total Time": 1639.382,
          "Actual Rows": 7,
          "Actual Loops": 1,
          "Workers Planned": 6,
          "Workers Launched": 6,
          "Single Copy": false,
          "Plans": [
            {
              "Node Type": "Aggregate",
              "Strategy": "Plain",
              "Partial Mode": "Partial",
              "Parent Relationship": "Outer",
              "Parallel Aware": false,
              "Startup Cost": 404848.79,
              "Total Cost": 404848.8,
              "Plan Rows": 1,
              "Plan Width": 8,
              "Actual Startup Time": 1555.099,
              "Actual Total Time": 1555.103,
              "Actual Rows": 1,
              "Actual Loops": 7,
              "Plans": [
                {
                  "Node Type": "Hash Join",
                  "Parent Relationship": "Outer",
                  "Parallel Aware": true,
                  "Join Type": "Inner",
                  "Startup Cost": 49675.06,
                  "Total Cost": 400846.05,
                  "Plan Rows": 1601098,
                  "Plan Width": 0,
                  "Actual Startup Time": 381.461,
                  "Actual Total Time": 1499.258,
                  "Actual Rows": 1314965,
                  "Actual Loops": 7,
                  "Inner Unique": true,
                  "Hash Cond": "(ci.movie_id = t.id)",
                  "Plans": [
                    {
                      "Node Type": "Seq Scan",
                      "Parent Relationship": "Outer",
                      "Parallel Aware": true,
                      "Relation Name": "cast_info",
                      "Alias": "ci",
                      "Startup Cost": 0.0,
                      "Total Cost": 343257.03,
                      "Plan Rows": 3014836,
                      "Plan Width": 4,
                      "Actual Startup Time": 204.945,
                      "Actual Total Time": 653.445,
                      "Actual Rows": 2144628,
                      "Actual Loops": 7,
                      "Filter": "((person_id < 2831299) AND (role_id > 1))",
                      "Rows Removed by Filter": 3033136
                    },
                    {
                      "Node Type": "Hash",
                      "Parent Relationship": "Inner",
                      "Parallel Aware": true,
                      "Startup Cost": 45479.1,
                      "Total Cost": 45479.1,
                      "Plan Rows": 335677,
                      "Plan Width": 4,
                      "Actual Startup Time": 171.664,
                      "Actual Total Time": 171.665,
                      "Actual Rows": 208957,
                      "Actual Loops": 7,
                      "Hash Buckets": 2097152,
                      "Original Hash Buckets": 2097152,
                      "Hash Batches": 1,
                      "Original Hash Batches": 1,
                      "Peak Memory Usage": 73664,
                      "Plans": [
                        {
                          "Node Type": "Seq Scan",
                          "Parent Relationship": "Outer",
                          "Parallel Aware": true,
                          "Relation Name": "title",
                          "Alias": "t",
                          "Startup Cost": 0.0,
                          "Total Cost": 45479.1,
                          "Plan Rows": 335677,
                          "Plan Width": 4,
                          "Actual Startup Time": 0.042,
                          "Actual Total Time": 79.711,
                          "Actual Rows": 208957,
                          "Actual Loops": 7,
                          "Filter": "((kind_id > 1) AND (production_year > 1987))",
                          "Rows Removed by Filter": 152230
                        }
                      ]
                    }
                  ]
                }
              ]
            }
          ]
        }
      ]
    },
    "Planning Time": 0.658,
    "Triggers": [],
    "Execution Time": 1639.485
  }
]