[
  {
    "Plan": {
      "Node Type": "Aggregate",
      "Strategy": "Plain",
      "Partial Mode": "Finalize",
      "Parallel Aware": false,
      "Startup Cost": 122133.81,
      "Total Cost": 122133.82,
      "Plan Rows": 1,
      "Plan Width": 8,
      "Actual Startup Time": 169.142,
      "Actual Total Time": 179.338,
      "Actual Rows": 1,
      "Actual Loops": 1,
      "Plans": [
        {
          "Node Type": "Gather",
          "Parent Relationship": "Outer",
          "Parallel Aware": false,
          "Startup Cost": 122133.29,
          "Total Cost": 122133.8,
          "Plan Rows": 5,
          "Plan Width": 8,
          "Actual Startup Time": 169.044,
          "Actual Total Time": 179.33,
          "Actual Rows": 6,
          "Actual Loops": 1,
          "Workers Planned": 5,
          "Workers Launched": 5,
          "Single Copy": false,
          "Plans": [
            {
              "Node Type": "Aggregate",
              "Strategy": "Plain",
              "Partial Mode": "Partial",
              "Parent Relationship": "Outer",
              "Parallel Aware": false,
              "Startup Cost": 121133.29,
              "Total Cost": 121133.3,
              "Plan Rows": 1,
              "Plan Width": 8,
              "Actual Startup Time": 159.766,
              "Actual Total Time": 159.767,
              "Actual Rows": 1,
              "Actual Loops": 6,
              "Plans": [
                {
                  "Node Type": "Index Scan",
                  "Parent Relationship": "Outer",
                  "Parallel Aware": true,
                  "Scan Direction": "Forward",
                  "Index Name": "role_id_cast_info",
                  "Relation Name": "cast_info",
                  "Alias": "ci",
                  "Startup Cost": 0.56,
                  "Total Cost": 119623.46,
                  "Plan Rows": 603934,
                  "Plan Width": 0,
                  "Actual Startup Time": 0.243,
                  "Actual Total Time": 151.081,
                  "Actual Rows": 160139,
                  "Actual Loops": 6,
                  "Index Cond": "(role_id = 10)",
                  "Rows Removed by Index Recheck": 0,
                  "Filter": "(person_id < 2583149)",
                  "Rows Removed by Filter": 560364
                }
              ]
            }
          ]
        }
      ]
    },
    "Planning Time": 0.223,
    "Triggers": [],
    "Execution Time": 179.401
  }
]