{
    "Plan": {
        "Node Type": "Aggregate",
        "Strategy": "Plain",
        "Partial Mode": "Finalize",
        "Parallel Aware": false,
        "Startup Cost": 60082.73,
        "Total Cost": 60082.74,
        "Plan Rows": 1,
        "Plan Width": 8,
        "Actual Startup Time": 396.741,
        "Actual Total Time": 412.35,
        "Actual Rows": 1,
        "Actual Loops": 1,
        "Output": [
            "count(*)"
        ],
        "Plans": [
            {
                "Node Type": "Gather",
                "Parent Relationship": "Outer",
                "Parallel Aware": false,
                "Startup Cost": 60082.41,
                "Total Cost": 60082.72,
                "Plan Rows": 3,
                "Plan Width": 8,
                "Actual Startup Time": 387.781,
                "Actual Total Time": 412.342,
                "Actual Rows": 4,
                "Actual Loops": 1,
                "Output": [
                    "(PARTIAL count(*))"
                ],
                "Workers Planned": 3,
                "Workers Launched": 3,
                "Single Copy": false,
                "Plans": [
                    {
                        "Node Type": "Aggregate",
                        "Strategy": "Plain",
                        "Partial Mode": "Partial",
                        "Parent Relationship": "Outer",
                        "Parallel Aware": false,
                        "Startup Cost": 59082.41,
                        "Total Cost": 59082.42,
                        "Plan Rows": 1,
                        "Plan Width": 8,
                        "Actual Startup Time": 368.68,
                        "Actual Total Time": 368.684,
                        "Actual Rows": 1,
                        "Actual Loops": 4,
                        "Output": [
                            "PARTIAL count(*)"
                        ],
                        "Workers": [
                            {
                                "Worker Number": 0,
                                "Actual Startup Time": 362.064,
                                "Actual Total Time": 362.068,
                                "Actual Rows": 1,
                                "Actual Loops": 1
                            },
                            {
                                "Worker Number": 1,
                                "Actual Startup Time": 363.43,
                                "Actual Total Time": 363.433,
                                "Actual Rows": 1,
                                "Actual Loops": 1
                            },
                            {
                                "Worker Number": 2,
                                "Actual Startup Time": 362.155,
                                "Actual Total Time": 362.159,
                                "Actual Rows": 1,
                                "Actual Loops": 1
                            }
                        ],
                        "Plans": [
                            {
                                "Node Type": "Hash Join",
                                "Parent Relationship": "Outer",
                                "Parallel Aware": true,
                                "Join Type": "Inner",
                                "Startup Cost": 50220.37,
                                "Total Cost": 59007.74,
                                "Plan Rows": 29866,
                                "Plan Width": 0,
                                "Actual Startup Time": 345.011,
                                "Actual Total Time": 368.16,
                                "Actual Rows": 11070,
                                "Actual Loops": 4,
                                "Inner Unique": true,
                                "Hash Cond": "(ci.movie_id = t.id)",
                                "Workers": [
                                    {
                                        "Worker Number": 0,
                                        "Actual Startup Time": 338.681,
                                        "Actual Total Time": 361.642,
                                        "Actual Rows": 9075,
                                        "Actual Loops": 1
                                    },
                                    {
                                        "Worker Number": 1,
                                        "Actual Startup Time": 338.881,
                                        "Actual Total Time": 362.914,
                                        "Actual Rows": 11326,
                                        "Actual Loops": 1
                                    },
                                    {
                                        "Worker Number": 2,
                                        "Actual Startup Time": 338.795,
                                        "Actual Total Time": 361.618,
                                        "Actual Rows": 11984,
                                        "Actual Loops": 1
                                    }
                                ],
                                "Plans": [
                                    {
                                        "Node Type": "Index Scan",
                                        "Parent Relationship": "Outer",
                                        "Parallel Aware": true,
                                        "Scan Direction": "Forward",
                                        "Index Name": "role_id_cast_info",
                                        "Relation Name": "cast_info",
                                        "Schema": "public",
                                        "Alias": "ci",
                                        "Startup Cost": 0.56,
                                        "Total Cost": 8709.54,
                                        "Plan Rows": 29866,
                                        "Plan Width": 4,
                                        "Actual Startup Time": 0.118,
                                        "Actual Total Time": 11.271,
                                        "Actual Rows": 11070,
                                        "Actual Loops": 4,
                                        "Output": [
                                            "ci.id",
                                            "ci.person_id",
                                            "ci.movie_id",
                                            "ci.person_role_id",
                                            "ci.note",
                                            "ci.nr_order",
                                            "ci.role_id"
                                        ],
                                        "Index Cond": "(ci.role_id > 10)",
                                        "Rows Removed by Index Recheck": 0,
                                        "Filter": "(ci.person_id < 1094258)",
                                        "Rows Removed by Filter": 67959,
                                        "Workers": [
                                            {
                                                "Worker Number": 0,
                                                "Actual Startup Time": 0.082,
                                                "Actual Total Time": 11.005,
                                                "Actual Rows": 9075,
                                                "Actual Loops": 1
                                            },
                                            {
                                                "Worker Number": 1,
                                                "Actual Startup Time": 0.19,
                                                "Actual Total Time": 11.646,
                                                "Actual Rows": 11326,
                                                "Actual Loops": 1
                                            },
                                            {
                                                "Worker Number": 2,
                                                "Actual Startup Time": 0.108,
                                                "Actual Total Time": 11.242,
                                                "Actual Rows": 11984,
                                                "Actual Loops": 1
                                            }
                                        ]
                                    },
                                    {
                                        "Node Type": "Hash",
                                        "Parent Relationship": "Inner",
                                        "Parallel Aware": true,
                                        "Startup Cost": 42318.81,
                                        "Total Cost": 42318.81,
                                        "Plan Rows": 632080,
                                        "Plan Width": 4,
                                        "Actual Startup Time": 333.54,
                                        "Actual Total Time": 333.541,
                                        "Actual Rows": 632078,
                                        "Actual Loops": 4,
                                        "Output": [
                                            "t.id"
                                        ],
                                        "Hash Buckets": 4194304,
                                        "Original Hash Buckets": 4194304,
                                        "Hash Batches": 1,
                                        "Original Hash Batches": 1,
                                        "Peak Memory Usage": 131744,
                                        "Workers": [
                                            {
                                                "Worker Number": 0,
                                                "Actual Startup Time": 338.216,
                                                "Actual Total Time": 338.217,
                                                "Actual Rows": 549641,
                                                "Actual Loops": 1
                                            },
                                            {
                                                "Worker Number": 1,
                                                "Actual Startup Time": 338.269,
                                                "Actual Total Time": 338.27,
                                                "Actual Rows": 603753,
                                                "Actual Loops": 1
                                            },
                                            {
                                                "Worker Number": 2,
                                                "Actual Startup Time": 338.286,
                                                "Actual Total Time": 338.287,
                                                "Actual Rows": 612795,
                                                "Actual Loops": 1
                                            }
                                        ],
                                        "Plans": [
                                            {
                                                "Node Type": "Seq Scan",
                                                "Parent Relationship": "Outer",
                                                "Parallel Aware": true,
                                                "Relation Name": "title",
                                                "Schema": "public",
                                                "Alias": "t",
                                                "Startup Cost": 0.0,
                                                "Total Cost": 42318.81,
                                                "Plan Rows": 632080,
                                                "Plan Width": 4,
                                                "Actual Startup Time": 0.051,
                                                "Actual Total Time": 96.254,
                                                "Actual Rows": 632078,
                                                "Actual Loops": 4,
                                                "Output": [
                                                    "t.id"
                                                ],
                                                "Workers": [
                                                    {
                                                        "Worker Number": 0,
                                                        "Actual Startup Time": 0.072,
                                                        "Actual Total Time": 99.741,
                                                        "Actual Rows": 549641,
                                                        "Actual Loops": 1
                                                    },
                                                    {
                                                        "Worker Number": 1,
                                                        "Actual Startup Time": 0.064,
                                                        "Actual Total Time": 101.123,
                                                        "Actual Rows": 603753,
                                                        "Actual Loops": 1
                                                    },
                                                    {
                                                        "Worker Number": 2,
                                                        "Actual Startup Time": 0.059,
                                                        "Actual Total Time": 101.725,
                                                        "Actual Rows": 612795,
                                                        "Actual Loops": 1
                                                    }
                                                ]
                                            }
                                        ]
                                    }
                                ]
                            }
                        ]
                    }
                ]
            }
        ]
    },
    "Planning Time": 0.713,
    "Triggers": [],
    "Execution Time": 412.425
}