[
  {
    "Plan": {
      "Node Type": "Aggregate",
      "Strategy": "Plain",
      "Partial Mode": "Finalize",
      "Parallel Aware": false,
      "Startup Cost": 44817.77,
      "Total Cost": 44817.78,
      "Plan Rows": 1,
      "Plan Width": 8,
      "Actual Startup Time": 138.874,
      "Actual Total Time": 145.79,
      "Actual Rows": 1,
      "Actual Loops": 1,
      "Plans": [
        {
          "Node Type": "Gather",
          "Parent Relationship": "Outer",
          "Parallel Aware": false,
          "Startup Cost": 44817.45,
          "Total Cost": 44817.76,
          "Plan Rows": 3,
          "Plan Width": 8,
          "Actual Startup Time": 138.728,
          "Actual Total Time": 145.781,
          "Actual Rows": 4,
          "Actual Loops": 1,
          "Workers Planned": 3,
          "Workers Launched": 3,
          "Single Copy": false,
          "Plans": [
            {
              "Node Type": "Aggregate",
              "Strategy": "Plain",
              "Partial Mode": "Partial",
              "Parent Relationship": "Outer",
              "Parallel Aware": false,
              "Startup Cost": 43817.45,
              "Total Cost": 43817.46,
              "Plan Rows": 1,
              "Plan Width": 8,
              "Actual Startup Time": 129.873,
              "Actual Total Time": 129.874,
              "Actual Rows": 1,
              "Actual Loops": 4,
              "Plans": [
                {
                  "Node Type": "Seq Scan",
                  "Parent Relationship": "Outer",
                  "Parallel Aware": true,
                  "Relation Name": "movie_keyword",
                  "Alias": "mk",
                  "Startup Cost": 0.0,
                  "Total Cost": 42695.65,
                  "Plan Rows": 448718,
                  "Plan Width": 0,
                  "Actual Startup Time": 0.063,
                  "Actual Total Time": 111.726,
                  "Actual Rows": 346730,
                  "Actual Loops": 4,
                  "Filter": "(keyword_id < 1874)",
                  "Rows Removed by Filter": 784252
                }
              ]
            }
          ]
        }
      ]
    },
    "Planning Time": 0.188,
    "Triggers": [],
    "Execution Time": 145.842
  }
]