[
  {
    "Plan": {
      "Node Type": "Aggregate",
      "Strategy": "Plain",
      "Partial Mode": "Finalize",
      "Parallel Aware": false,
      "Startup Cost": 89666.54,
      "Total Cost": 89666.55,
      "Plan Rows": 1,
      "Plan Width": 8,
      "Actual Startup Time": 501.633,
      "Actual Total Time": 521.732,
      "Actual Rows": 1,
      "Actual Loops": 1,
      "Plans": [
        {
          "Node Type": "Gather",
          "Parent Relationship": "Outer",
          "Parallel Aware": false,
          "Startup Cost": 89666.22,
          "Total Cost": 89666.53,
          "Plan Rows": 3,
          "Plan Width": 8,
          "Actual Startup Time": 493.071,
          "Actual Total Time": 521.723,
          "Actual Rows": 4,
          "Actual Loops": 1,
          "Workers Planned": 3,
          "Workers Launched": 3,
          "Single Copy": false,
          "Plans": [
            {
              "Node Type": "Aggregate",
              "Strategy": "Plain",
              "Partial Mode": "Partial",
              "Parent Relationship": "Outer",
              "Parallel Aware": false,
              "Startup Cost": 88666.22,
              "Total Cost": 88666.23,
              "Plan Rows": 1,
              "Plan Width": 8,
              "Actual Startup Time": 484.088,
              "Actual Total Time": 484.092,
              "Actual Rows": 1,
              "Actual Loops": 4,
              "Plans": [
                {
                  "Node Type": "Hash Join",
                  "Parent Relationship": "Outer",
                  "Parallel Aware": true,
                  "Join Type": "Inner",
                  "Startup Cost": 61255.37,
                  "Total Cost": 88246.81,
                  "Plan Rows": 167765,
                  "Plan Width": 0,
                  "Actual Startup Time": 368.615,
                  "Actual Total Time": 477.638,
                  "Actual Rows": 130220,
                  "Actual Loops": 4,
                  "Inner Unique": true,
                  "Hash Cond": "(mk.movie_id = t.id)",
                  "Plans": [
                    {
                      "Node Type": "Bitmap Heap Scan",
                      "Parent Relationship": "Outer",
                      "Parallel Aware": true,
                      "Relation Name": "movie_keyword",
                      "Alias": "mk",
                      "Startup Cost": 11034.98,
                      "Total Cost": 37586.04,
                      "Plan Rows": 167765,
                      "Plan Width": 4,
                      "Actual Startup Time": 26.888,
                      "Actual Total Time": 80.827,
                      "Actual Rows": 130220,
                      "Actual Loops": 4,
                      "Recheck Cond": "(keyword_id < 382)",
                      "Rows Removed by Index Recheck": 0,
                      "Exact Heap Blocks": 8092,
                      "Lossy Heap Blocks": 0,
                      "Plans": [
                        {
                          "Node Type": "Bitmap Index Scan",
                          "Parent Relationship": "Outer",
                          "Parallel Aware": false,
                          "Index Name": "keyword_id_movie_keyword",
                          "Startup Cost": 0.0,
                          "Total Cost": 10904.97,
                          "Plan Rows": 520071,
                          "Plan Width": 0,
                          "Actual Startup Time": 23.378,
                          "Actual Total Time": 23.378,
                          "Actual Rows": 520878,
                          "Actual Loops": 1,
                          "Index Cond": "(keyword_id < 382)"
                        }
                      ]
                    },
                    {
                      "Node Type": "Hash",
                      "Parent Relationship": "Inner",
                      "Parallel Aware": true,
                      "Startup Cost": 42319.06,
                      "Total Cost": 42319.06,
                      "Plan Rows": 632106,
                      "Plan Width": 4,
                      "Actual Startup Time": 334.959,
                      "Actual Total Time": 334.961,
                      "Actual Rows": 632078,
                      "Actual Loops": 4,
                      "Hash Buckets": 4194304,
                      "Original Hash Buckets": 4194304,
                      "Hash Batches": 1,
                      "Original Hash Batches": 1,
                      "Peak Memory Usage": 131776,
                      "Plans": [
                        {
                          "Node Type": "Seq Scan",
                          "Parent Relationship": "Outer",
                          "Parallel Aware": true,
                          "Relation Name": "title",
                          "Alias": "t",
                          "Startup Cost": 0.0,
                          "Total Cost": 42319.06,
                          "Plan Rows": 632106,
                          "Plan Width": 4,
                          "Actual Startup Time": 0.036,
                          "Actual Total Time": 100.586,
                          "Actual Rows": 632078,
                          "Actual Loops": 4
                        }
                      ]
                    }
                  ]
                }
              ]
            }
          ]
        }
      ]
    },
    "Planning Time": 0.503,
    "Triggers": [],
    "Execution Time": 521.813
  }
]