{
  "Plan": {
    "Node Type": "Aggregate",
    "Strategy": "Plain",
    "Partial Mode": "Finalize",
    "Parallel Aware": false,
    "Startup Cost": 99683.15,
    "Total Cost": 99683.16,
    "Plan Rows": 1,
    "Plan Width": 8,
    "Actual Startup Time": 361.64,
    "Actual Total Time": 379.656,
    "Actual Rows": 1,
    "Actual Loops": 1,
    "Plans": [
      {
        "Node Type": "Gather",
        "Parent Relationship": "Outer",
        "Parallel Aware": false,
        "Startup Cost": 99683.04,
        "Total Cost": 99683.15,
        "Plan Rows": 1,
        "Plan Width": 8,
        "Actual Startup Time": 361.32,
        "Actual Total Time": 379.647,
        "Actual Rows": 2,
        "Actual Loops": 1,
        "Workers Planned": 1,
        "Workers Launched": 1,
        "Single Copy": false,
        "Plans": [
          {
            "Node Type": "Aggregate",
            "Strategy": "Plain",
            "Partial Mode": "Partial",
            "Parent Relationship": "Outer",
            "Parallel Aware": false,
            "Startup Cost": 98683.04,
            "Total Cost": 98683.05,
            "Plan Rows": 1,
            "Plan Width": 8,
            "Actual Startup Time": 355.586,
            "Actual Total Time": 355.591,
            "Actual Rows": 1,
            "Actual Loops": 2,
            "Plans": [
              {
                "Node Type": "Hash Join",
                "Parent Relationship": "Outer",
                "Parallel Aware": true,
                "Join Type": "Inner",
                "Startup Cost": 58628.92,
                "Total Cost": 98649.25,
                "Plan Rows": 13516,
                "Plan Width": 0,
                "Actual Startup Time": 215.774,
                "Actual Total Time": 354.58,
                "Actual Rows": 17469,
                "Actual Loops": 2,
                "Inner Unique": true,
                "Hash Cond": "(mc.movie_id = t.id)",
                "Plans": [
                  {
                    "Node Type": "Seq Scan",
                    "Parent Relationship": "Outer",
                    "Parallel Aware": true,
                    "Relation Name": "movie_companies",
                    "Alias": "mc",
                    "Startup Cost": 0.0,
                    "Total Cost": 37974.77,
                    "Plan Rows": 779260,
                    "Plan Width": 4,
                    "Actual Startup Time": 52.746,
                    "Actual Total Time": 127.162,
                    "Actual Rows": 667442,
                    "Actual Loops": 2,
                    "Filter": "(company_type_id = 2)",
                    "Rows Removed by Filter": 637123
                  },
                  {
                    "Node Type": "Hash",
                    "Parent Relationship": "Inner",
                    "Parallel Aware": true,
                    "Startup Cost": 58306.47,
                    "Total Cost": 58306.47,
                    "Plan Rows": 25796,
                    "Plan Width": 4,
                    "Actual Startup Time": 161.594,
                    "Actual Total Time": 161.597,
                    "Actual Rows": 16952,
                    "Actual Loops": 2,
                    "Hash Buckets": 65536,
                    "Original Hash Buckets": 65536,
                    "Hash Batches": 1,
                    "Original Hash Batches": 1,
                    "Peak Memory Usage": 1856,
                    "Plans": [
                      {
                        "Node Type": "Seq Scan",
                        "Parent Relationship": "Outer",
                        "Parallel Aware": true,
                        "Relation Name": "title",
                        "Alias": "t",
                        "Startup Cost": 0.0,
                        "Total Cost": 58306.47,
                        "Plan Rows": 25796,
                        "Plan Width": 4,
                        "Actual Startup Time": 0.108,
                        "Actual Total Time": 155.926,
                        "Actual Rows": 16952,
                        "Actual Loops": 2,
                        "Filter": "((kind_id < 7) AND (production_year = 2006))",
                        "Rows Removed by Filter": 1247204
                      }
                    ]
                  }
                ]
              }
            ]
          }
        ]
      }
    ]
  },
  "Planning Time": 0.467,
  "Triggers": [],
  "Execution Time": 379.728
}