[
  {
    "Plan": {
      "Node Type": "Aggregate",
      "Strategy": "Plain",
      "Partial Mode": "Finalize",
      "Parallel Aware": false,
      "Startup Cost": 73314.96,
      "Total Cost": 73314.97,
      "Plan Rows": 1,
      "Plan Width": 8,
      "Actual Startup Time": 103.435,
      "Actual Total Time": 109.431,
      "Actual Rows": 1,
      "Actual Loops": 1,
      "Plans": [
        {
          "Node Type": "Gather",
          "Parent Relationship": "Outer",
          "Parallel Aware": false,
          "Startup Cost": 73314.44,
          "Total Cost": 73314.95,
          "Plan Rows": 5,
          "Plan Width": 8,
          "Actual Startup Time": 103.296,
          "Actual Total Time": 109.425,
          "Actual Rows": 6,
          "Actual Loops": 1,
          "Workers Planned": 5,
          "Workers Launched": 5,
          "Single Copy": false,
          "Plans": [
            {
              "Node Type": "Aggregate",
              "Strategy": "Plain",
              "Partial Mode": "Partial",
              "Parent Relationship": "Outer",
              "Parallel Aware": false,
              "Startup Cost": 72314.44,
              "Total Cost": 72314.45,
              "Plan Rows": 1,
              "Plan Width": 8,
              "Actual Startup Time": 97.732,
              "Actual Total Time": 97.733,
              "Actual Rows": 1,
              "Actual Loops": 6,
              "Plans": [
                {
                  "Node Type": "Index Scan",
                  "Parent Relationship": "Outer",
                  "Parallel Aware": true,
                  "Scan Direction": "Forward",
                  "Index Name": "role_id_cast_info",
                  "Relation Name": "cast_info",
                  "Alias": "ci",
                  "Startup Cost": 0.56,
                  "Total Cost": 72121.93,
                  "Plan Rows": 77005,
                  "Plan Width": 0,
                  "Actual Startup Time": 47.959,
                  "Actual Total Time": 94.032,
                  "Actual Rows": 72783,
                  "Actual Loops": 6,
                  "Index Cond": "(role_id = 4)",
                  "Rows Removed by Index Recheck": 0,
                  "Filter": "(person_id > 3138622)",
                  "Rows Removed by Filter": 382040
                }
              ]
            }
          ]
        }
      ]
    },
    "Planning Time": 0.081,
    "Triggers": [],
    "Execution Time": 109.456
  }
]