[
  {
    "Plan": {
      "Node Type": "Aggregate",
      "Strategy": "Plain",
      "Partial Mode": "Finalize",
      "Parallel Aware": false,
      "Startup Cost": 78953.03,
      "Total Cost": 78953.04,
      "Plan Rows": 1,
      "Plan Width": 8,
      "Actual Startup Time": 102.356,
      "Actual Total Time": 109.99,
      "Actual Rows": 1,
      "Actual Loops": 1,
      "Plans": [
        {
          "Node Type": "Gather",
          "Parent Relationship": "Outer",
          "Parallel Aware": false,
          "Startup Cost": 78952.51,
          "Total Cost": 78953.02,
          "Plan Rows": 5,
          "Plan Width": 8,
          "Actual Startup Time": 102.259,
          "Actual Total Time": 109.981,
          "Actual Rows": 6,
          "Actual Loops": 1,
          "Workers Planned": 5,
          "Workers Launched": 5,
          "Single Copy": false,
          "Plans": [
            {
              "Node Type": "Aggregate",
              "Strategy": "Plain",
              "Partial Mode": "Partial",
              "Parent Relationship": "Outer",
              "Parallel Aware": false,
              "Startup Cost": 77952.51,
              "Total Cost": 77952.52,
              "Plan Rows": 1,
              "Plan Width": 8,
              "Actual Startup Time": 94.46,
              "Actual Total Time": 94.461,
              "Actual Rows": 1,
              "Actual Loops": 6,
              "Plans": [
                {
                  "Node Type": "Index Scan",
                  "Parent Relationship": "Outer",
                  "Parallel Aware": true,
                  "Scan Direction": "Forward",
                  "Index Name": "role_id_cast_info",
                  "Relation Name": "cast_info",
                  "Alias": "ci",
                  "Startup Cost": 0.56,
                  "Total Cost": 77740.85,
                  "Plan Rows": 84663,
                  "Plan Width": 0,
                  "Actual Startup Time": 51.549,
                  "Actual Total Time": 91.534,
                  "Actual Rows": 72783,
                  "Actual Loops": 6,
                  "Index Cond": "(role_id = 4)",
                  "Rows Removed by Index Recheck": 0,
                  "Filter": "(person_id > 3138622)",
                  "Rows Removed by Filter": 382040
                }
              ]
            }
          ]
        }
      ]
    },
    "Planning Time": 0.232,
    "Triggers": [],
    "Execution Time": 110.063
  }
]