[
  {
    "Plan": {
      "Node Type": "Aggregate",
      "Strategy": "Plain",
      "Partial Mode": "Finalize",
      "Parallel Aware": false,
      "Startup Cost": 46485.52,
      "Total Cost": 46485.53,
      "Plan Rows": 1,
      "Plan Width": 8,
      "Actual Startup Time": 88.372,
      "Actual Total Time": 97.759,
      "Actual Rows": 1,
      "Actual Loops": 1,
      "Plans": [
        {
          "Node Type": "Gather",
          "Parent Relationship": "Outer",
          "Parallel Aware": false,
          "Startup Cost": 46485.1,
          "Total Cost": 46485.51,
          "Plan Rows": 4,
          "Plan Width": 8,
          "Actual Startup Time": 88.2,
          "Actual Total Time": 97.749,
          "Actual Rows": 5,
          "Actual Loops": 1,
          "Workers Planned": 4,
          "Workers Launched": 4,
          "Single Copy": false,
          "Plans": [
            {
              "Node Type": "Aggregate",
              "Strategy": "Plain",
              "Partial Mode": "Partial",
              "Parent Relationship": "Outer",
              "Parallel Aware": false,
              "Startup Cost": 45485.1,
              "Total Cost": 45485.11,
              "Plan Rows": 1,
              "Plan Width": 8,
              "Actual Startup Time": 81.125,
              "Actual Total Time": 81.126,
              "Actual Rows": 1,
              "Actual Loops": 5,
              "Plans": [
                {
                  "Node Type": "Seq Scan",
                  "Parent Relationship": "Outer",
                  "Parallel Aware": true,
                  "Relation Name": "title",
                  "Alias": "t",
                  "Startup Cost": 0.0,
                  "Total Cost": 45479.1,
                  "Plan Rows": 2399,
                  "Plan Width": 0,
                  "Actual Startup Time": 54.43,
                  "Actual Total Time": 80.991,
                  "Actual Rows": 1172,
                  "Actual Loops": 5,
                  "Filter": "((kind_id = 1) AND (production_year = 1996))",
                  "Rows Removed by Filter": 504490
                }
              ]
            }
          ]
        }
      ]
    },
    "Planning Time": 0.198,
    "Triggers": [],
    "Execution Time": 97.822
  }
]