{
  "Plan": {
    "Node Type": "Aggregate",
    "Strategy": "Plain",
    "Partial Mode": "Finalize",
    "Parallel Aware": false,
    "Startup Cost": 132075.38,
    "Total Cost": 132075.39,
    "Plan Rows": 1,
    "Plan Width": 8,
    "Actual Startup Time": 748.923,
    "Actual Total Time": 765.546,
    "Actual Rows": 1,
    "Actual Loops": 1,
    "Plans": [
      {
        "Node Type": "Gather",
        "Parent Relationship": "Outer",
        "Parallel Aware": false,
        "Startup Cost": 132075.26,
        "Total Cost": 132075.37,
        "Plan Rows": 1,
        "Plan Width": 8,
        "Actual Startup Time": 746.213,
        "Actual Total Time": 765.519,
        "Actual Rows": 2,
        "Actual Loops": 1,
        "Workers Planned": 1,
        "Workers Launched": 1,
        "Single Copy": false,
        "Plans": [
          {
            "Node Type": "Aggregate",
            "Strategy": "Plain",
            "Partial Mode": "Partial",
            "Parent Relationship": "Outer",
            "Parallel Aware": false,
            "Startup Cost": 131075.26,
            "Total Cost": 131075.27,
            "Plan Rows": 1,
            "Plan Width": 8,
            "Actual Startup Time": 737.485,
            "Actual Total Time": 737.491,
            "Actual Rows": 1,
            "Actual Loops": 2,
            "Plans": [
              {
                "Node Type": "Hash Join",
                "Parent Relationship": "Outer",
                "Parallel Aware": true,
                "Join Type": "Inner",
                "Startup Cost": 67129.17,
                "Total Cost": 129136.6,
                "Plan Rows": 775466,
                "Plan Width": 0,
                "Actual Startup Time": 394.793,
                "Actual Total Time": 729.684,
                "Actual Rows": 200945,
                "Actual Loops": 2,
                "Inner Unique": true,
                "Hash Cond": "(mk.movie_id = t.id)",
                "Plans": [
                  {
                    "Node Type": "Seq Scan",
                    "Parent Relationship": "Outer",
                    "Parallel Aware": true,
                    "Relation Name": "movie_keyword",
                    "Alias": "mk",
                    "Startup Cost": 0.0,
                    "Total Cost": 57718.19,
                    "Plan Rows": 1633992,
                    "Plan Width": 4,
                    "Actual Startup Time": 0.271,
                    "Actual Total Time": 190.023,
                    "Actual Rows": 1383130,
                    "Actual Loops": 2,
                    "Filter": "(keyword_id > 2860)",
                    "Rows Removed by Filter": 878836
                  },
                  {
                    "Node Type": "Hash",
                    "Parent Relationship": "Inner",
                    "Parallel Aware": true,
                    "Startup Cost": 58306.47,
                    "Total Cost": 58306.47,
                    "Plan Rows": 705816,
                    "Plan Width": 4,
                    "Actual Startup Time": 379.053,
                    "Actual Total Time": 379.055,
                    "Actual Rows": 644113,
                    "Actual Loops": 2,
                    "Hash Buckets": 2097152,
                    "Original Hash Buckets": 2097152,
                    "Hash Batches": 1,
                    "Original Hash Batches": 1,
                    "Peak Memory Usage": 66816,
                    "Plans": [
                      {
                        "Node Type": "Seq Scan",
                        "Parent Relationship": "Outer",
                        "Parallel Aware": true,
                        "Relation Name": "title",
                        "Alias": "t",
                        "Startup Cost": 0.0,
                        "Total Cost": 58306.47,
                        "Plan Rows": 705816,
                        "Plan Width": 4,
                        "Actual Startup Time": 0.042,
                        "Actual Total Time": 175.292,
                        "Actual Rows": 644113,
                        "Actual Loops": 2,
                        "Filter": "((kind_id > 4) AND (production_year > 1979))",
                        "Rows Removed by Filter": 620043
                      }
                    ]
                  }
                ]
              }
            ]
          }
        ]
      }
    ]
  },
  "Planning Time": 0.776,
  "Triggers": [],
  "Execution Time": 765.64
}