[
  {
    "Plan": {
      "Node Type": "Aggregate",
      "Strategy": "Plain",
      "Partial Mode": "Finalize",
      "Parallel Aware": false,
      "Startup Cost": 250270.26,
      "Total Cost": 250270.27,
      "Plan Rows": 1,
      "Plan Width": 8,
      "Actual Startup Time": 210.061,
      "Actual Total Time": 240.601,
      "Actual Rows": 1,
      "Actual Loops": 1,
      "Plans": [
        {
          "Node Type": "Gather",
          "Parent Relationship": "Outer",
          "Parallel Aware": false,
          "Startup Cost": 250269.84,
          "Total Cost": 250270.25,
          "Plan Rows": 4,
          "Plan Width": 8,
          "Actual Startup Time": 209.927,
          "Actual Total Time": 240.59,
          "Actual Rows": 5,
          "Actual Loops": 1,
          "Workers Planned": 4,
          "Workers Launched": 4,
          "Single Copy": false,
          "Plans": [
            {
              "Node Type": "Aggregate",
              "Strategy": "Plain",
              "Partial Mode": "Partial",
              "Parent Relationship": "Outer",
              "Parallel Aware": false,
              "Startup Cost": 249269.84,
              "Total Cost": 249269.85,
              "Plan Rows": 1,
              "Plan Width": 8,
              "Actual Startup Time": 205.211,
              "Actual Total Time": 205.213,
              "Actual Rows": 1,
              "Actual Loops": 5,
              "Plans": [
                {
                  "Node Type": "Nested Loop",
                  "Parent Relationship": "Outer",
                  "Parallel Aware": false,
                  "Join Type": "Inner",
                  "Startup Cost": 0.43,
                  "Total Cost": 249177.89,
                  "Plan Rows": 36780,
                  "Plan Width": 0,
                  "Actual Startup Time": 0.256,
                  "Actual Total Time": 202.028,
                  "Actual Rows": 48521,
                  "Actual Loops": 5,
                  "Inner Unique": false,
                  "Plans": [
                    {
                      "Node Type": "Seq Scan",
                      "Parent Relationship": "Outer",
                      "Parallel Aware": true,
                      "Relation Name": "title",
                      "Alias": "t",
                      "Startup Cost": 0.0,
                      "Total Cost": 45479.59,
                      "Plan Rows": 9676,
                      "Plan Width": 4,
                      "Actual Startup Time": 0.15,
                      "Actual Total Time": 66.304,
                      "Actual Rows": 6451,
                      "Actual Loops": 5,
                      "Filter": "((kind_id < 7) AND (production_year = 2005))",
                      "Rows Removed by Filter": 499212
                    },
                    {
                      "Node Type": "Index Scan",
                      "Parent Relationship": "Inner",
                      "Parallel Aware": false,
                      "Scan Direction": "Forward",
                      "Index Name": "movie_id_movie_info",
                      "Relation Name": "movie_info",
                      "Alias": "mi",
                      "Startup Cost": 0.43,
                      "Total Cost": 20.78,
                      "Plan Rows": 27,
                      "Plan Width": 4,
                      "Actual Startup Time": 0.007,
                      "Actual Total Time": 0.02,
                      "Actual Rows": 8,
                      "Actual Loops": 32253,
                      "Index Cond": "(movie_id = t.id)",
                      "Rows Removed by Index Recheck": 0,
                      "Filter": "(info_type_id < 16)",
                      "Rows Removed by Filter": 4
                    }
                  ]
                }
              ]
            }
          ]
        }
      ]
    },
    "Planning Time": 0.275,
    "Triggers": [],
    "Execution Time": 240.653
  }
]