{
    "Plan": {
        "Node Type": "Aggregate",
        "Strategy": "Plain",
        "Partial Mode": "Finalize",
        "Parallel Aware": false,
        "Startup Cost": 421829.48,
        "Total Cost": 421829.49,
        "Plan Rows": 1,
        "Plan Width": 8,
        "Actual Startup Time": 2410.114,
        "Actual Total Time": 2456.53,
        "Actual Rows": 1,
        "Actual Loops": 1,
        "Output": [
            "count(*)"
        ],
        "Plans": [
            {
                "Node Type": "Gather",
                "Parent Relationship": "Outer",
                "Parallel Aware": false,
                "Startup Cost": 421828.86,
                "Total Cost": 421829.47,
                "Plan Rows": 6,
                "Plan Width": 8,
                "Actual Startup Time": 2403.761,
                "Actual Total Time": 2456.517,
                "Actual Rows": 7,
                "Actual Loops": 1,
                "Output": [
                    "(PARTIAL count(*))"
                ],
                "Workers Planned": 6,
                "Workers Launched": 6,
                "Single Copy": false,
                "Plans": [
                    {
                        "Node Type": "Aggregate",
                        "Strategy": "Plain",
                        "Partial Mode": "Partial",
                        "Parent Relationship": "Outer",
                        "Parallel Aware": false,
                        "Startup Cost": 420828.86,
                        "Total Cost": 420828.87,
                        "Plan Rows": 1,
                        "Plan Width": 8,
                        "Actual Startup Time": 2392.536,
                        "Actual Total Time": 2392.711,
                        "Actual Rows": 1,
                        "Actual Loops": 7,
                        "Output": [
                            "PARTIAL count(*)"
                        ],
                        "Workers": [
                            {
                                "Worker Number": 0,
                                "Actual Startup Time": 2389.968,
                                "Actual Total Time": 2389.972,
                                "Actual Rows": 1,
                                "Actual Loops": 1
                            },
                            {
                                "Worker Number": 1,
                                "Actual Startup Time": 2390.252,
                                "Actual Total Time": 2390.257,
                                "Actual Rows": 1,
                                "Actual Loops": 1
                            },
                            {
                                "Worker Number": 2,
                                "Actual Startup Time": 2390.447,
                                "Actual Total Time": 2390.451,
                                "Actual Rows": 1,
                                "Actual Loops": 1
                            },
                            {
                                "Worker Number": 3,
                                "Actual Startup Time": 2391.654,
                                "Actual Total Time": 2391.659,
                                "Actual Rows": 1,
                                "Actual Loops": 1
                            },
                            {
                                "Worker Number": 4,
                                "Actual Startup Time": 2391.047,
                                "Actual Total Time": 2391.052,
                                "Actual Rows": 1,
                                "Actual Loops": 1
                            },
                            {
                                "Worker Number": 5,
                                "Actual Startup Time": 2391.659,
                                "Actual Total Time": 2391.664,
                                "Actual Rows": 1,
                                "Actual Loops": 1
                            }
                        ],
                        "Plans": [
                            {
                                "Node Type": "Hash Join",
                                "Parent Relationship": "Outer",
                                "Parallel Aware": true,
                                "Join Type": "Inner",
                                "Startup Cost": 78355.75,
                                "Total Cost": 417900.52,
                                "Plan Rows": 1171333,
                                "Plan Width": 0,
                                "Actual Startup Time": 266.095,
                                "Actual Total Time": 2194.636,
                                "Actual Rows": 4655526,
                                "Actual Loops": 7,
                                "Inner Unique": false,
                                "Hash Cond": "(ci.movie_id = t.id)",
                                "Workers": [
                                    {
                                        "Worker Number": 0,
                                        "Actual Startup Time": 263.654,
                                        "Actual Total Time": 2182.314,
                                        "Actual Rows": 3926232,
                                        "Actual Loops": 1
                                    },
                                    {
                                        "Worker Number": 1,
                                        "Actual Startup Time": 263.883,
                                        "Actual Total Time": 2202.942,
                                        "Actual Rows": 4744378,
                                        "Actual Loops": 1
                                    },
                                    {
                                        "Worker Number": 2,
                                        "Actual Startup Time": 264.12,
                                        "Actual Total Time": 2198.381,
                                        "Actual Rows": 5023819,
                                        "Actual Loops": 1
                                    },
                                    {
                                        "Worker Number": 3,
                                        "Actual Startup Time": 264.493,
                                        "Actual Total Time": 2185.609,
                                        "Actual Rows": 3890910,
                                        "Actual Loops": 1
                                    },
                                    {
                                        "Worker Number": 4,
                                        "Actual Startup Time": 264.719,
                                        "Actual Total Time": 2200.856,
                                        "Actual Rows": 4963179,
                                        "Actual Loops": 1
                                    },
                                    {
                                        "Worker Number": 5,
                                        "Actual Startup Time": 265.405,
                                        "Actual Total Time": 2201.993,
                                        "Actual Rows": 4809229,
                                        "Actual Loops": 1
                                    }
                                ],
                                "Plans": [
                                    {
                                        "Node Type": "Seq Scan",
                                        "Parent Relationship": "Outer",
                                        "Parallel Aware": true,
                                        "Relation Name": "cast_info",
                                        "Schema": "public",
                                        "Alias": "ci",
                                        "Startup Cost": 0.0,
                                        "Total Cost": 313108.29,
                                        "Plan Rows": 6042129,
                                        "Plan Width": 4,
                                        "Actual Startup Time": 0.035,
                                        "Actual Total Time": 561.004,
                                        "Actual Rows": 5177763,
                                        "Actual Loops": 7,
                                        "Output": [
                                            "ci.id",
                                            "ci.person_id",
                                            "ci.movie_id",
                                            "ci.person_role_id",
                                            "ci.note",
                                            "ci.nr_order",
                                            "ci.role_id"
                                        ],
                                        "Workers": [
                                            {
                                                "Worker Number": 0,
                                                "Actual Startup Time": 0.043,
                                                "Actual Total Time": 569.197,
                                                "Actual Rows": 4116302,
                                                "Actual Loops": 1
                                            },
                                            {
                                                "Worker Number": 1,
                                                "Actual Startup Time": 0.044,
                                                "Actual Total Time": 582.544,
                                                "Actual Rows": 5379357,
                                                "Actual Loops": 1
                                            },
                                            {
                                                "Worker Number": 2,
                                                "Actual Startup Time": 0.035,
                                                "Actual Total Time": 558.91,
                                                "Actual Rows": 5675839,
                                                "Actual Loops": 1
                                            },
                                            {
                                                "Worker Number": 3,
                                                "Actual Startup Time": 0.045,
                                                "Actual Total Time": 587.799,
                                                "Actual Rows": 4107516,
                                                "Actual Loops": 1
                                            },
                                            {
                                                "Worker Number": 4,
                                                "Actual Startup Time": 0.031,
                                                "Actual Total Time": 558.251,
                                                "Actual Rows": 5582180,
                                                "Actual Loops": 1
                                            },
                                            {
                                                "Worker Number": 5,
                                                "Actual Startup Time": 0.032,
                                                "Actual Total Time": 584.174,
                                                "Actual Rows": 5416436,
                                                "Actual Loops": 1
                                            }
                                        ]
                                    },
                                    {
                                        "Node Type": "Hash",
                                        "Parent Relationship": "Inner",
                                        "Parallel Aware": true,
                                        "Startup Cost": 76379.36,
                                        "Total Cost": 76379.36,
                                        "Plan Rows": 158111,
                                        "Plan Width": 8,
                                        "Actual Startup Time": 263.587,
                                        "Actual Total Time": 263.761,
                                        "Actual Rows": 92431,
                                        "Actual Loops": 7,
                                        "Output": [
                                            "t.id",
                                            "mc.movie_id"
                                        ],
                                        "Hash Buckets": 1048576,
                                        "Original Hash Buckets": 524288,
                                        "Hash Batches": 1,
                                        "Original Hash Batches": 1,
                                        "Peak Memory Usage": 37728,
                                        "Workers": [
                                            {
                                                "Worker Number": 0,
                                                "Actual Startup Time": 262.925,
                                                "Actual Total Time": 262.928,
                                                "Actual Rows": 68747,
                                                "Actual Loops": 1
                                            },
                                            {
                                                "Worker Number": 1,
                                                "Actual Startup Time": 263.133,
                                                "Actual Total Time": 263.136,
                                                "Actual Rows": 97846,
                                                "Actual Loops": 1
                                            },
                                            {
                                                "Worker Number": 2,
                                                "Actual Startup Time": 263.369,
                                                "Actual Total Time": 263.371,
                                                "Actual Rows": 102897,
                                                "Actual Loops": 1
                                            },
                                            {
                                                "Worker Number": 3,
                                                "Actual Startup Time": 263.722,
                                                "Actual Total Time": 263.726,
                                                "Actual Rows": 69640,
                                                "Actual Loops": 1
                                            },
                                            {
                                                "Worker Number": 4,
                                                "Actual Startup Time": 264.025,
                                                "Actual Total Time": 264.029,
                                                "Actual Rows": 99207,
                                                "Actual Loops": 1
                                            },
                                            {
                                                "Worker Number": 5,
                                                "Actual Startup Time": 264.527,
                                                "Actual Total Time": 264.531,
                                                "Actual Rows": 98886,
                                                "Actual Loops": 1
                                            }
                                        ],
                                        "Plans": [
                                            {
                                                "Node Type": "Hash Join",
                                                "Parent Relationship": "Outer",
                                                "Parallel Aware": true,
                                                "Join Type": "Inner",
                                                "Startup Cost": 46963.47,
                                                "Total Cost": 76379.36,
                                                "Plan Rows": 158111,
                                                "Plan Width": 8,
                                                "Actual Startup Time": 126.479,
                                                "Actual Total Time": 223.068,
                                                "Actual Rows": 92431,
                                                "Actual Loops": 7,
                                                "Output": [
                                                    "t.id",
                                                    "mc.movie_id"
                                                ],
                                                "Inner Unique": true,
                                                "Hash Cond": "(mc.movie_id = t.id)",
                                                "Workers": [
                                                    {
                                                        "Worker Number": 0,
                                                        "Actual Startup Time": 126.13,
                                                        "Actual Total Time": 222.854,
                                                        "Actual Rows": 68747,
                                                        "Actual Loops": 1
                                                    },
                                                    {
                                                        "Worker Number": 1,
                                                        "Actual Startup Time": 126.328,
                                                        "Actual Total Time": 222.992,
                                                        "Actual Rows": 97846,
                                                        "Actual Loops": 1
                                                    },
                                                    {
                                                        "Worker Number": 2,
                                                        "Actual Startup Time": 126.52,
                                                        "Actual Total Time": 223.198,
                                                        "Actual Rows": 102897,
                                                        "Actual Loops": 1
                                                    },
                                                    {
                                                        "Worker Number": 3,
                                                        "Actual Startup Time": 126.615,
                                                        "Actual Total Time": 223.657,
                                                        "Actual Rows": 69640,
                                                        "Actual Loops": 1
                                                    },
                                                    {
                                                        "Worker Number": 4,
                                                        "Actual Startup Time": 126.57,
                                                        "Actual Total Time": 222.563,
                                                        "Actual Rows": 99207,
                                                        "Actual Loops": 1
                                                    },
                                                    {
                                                        "Worker Number": 5,
                                                        "Actual Startup Time": 126.504,
                                                        "Actual Total Time": 223.63,
                                                        "Actual Rows": 98886,
                                                        "Actual Loops": 1
                                                    }
                                                ],
                                                "Plans": [
                                                    {
                                                        "Node Type": "Seq Scan",
                                                        "Parent Relationship": "Outer",
                                                        "Parallel Aware": true,
                                                        "Relation Name": "movie_companies",
                                                        "Schema": "public",
                                                        "Alias": "mc",
                                                        "Startup Cost": 0.0,
                                                        "Total Cost": 27206.55,
                                                        "Plan Rows": 841655,
                                                        "Plan Width": 4,
                                                        "Actual Startup Time": 0.021,
                                                        "Actual Total Time": 41.8,
                                                        "Actual Rows": 372733,
                                                        "Actual Loops": 7,
                                                        "Output": [
                                                            "mc.id",
                                                            "mc.movie_id",
                                                            "mc.company_id",
                                                            "mc.company_type_id",
                                                            "mc.note"
                                                        ],
                                                        "Workers": [
                                                            {
                                                                "Worker Number": 0,
                                                                "Actual Startup Time": 0.028,
                                                                "Actual Total Time": 43.867,
                                                                "Actual Rows": 277678,
                                                                "Actual Loops": 1
                                                            },
                                                            {
                                                                "Worker Number": 1,
                                                                "Actual Startup Time": 0.019,
                                                                "Actual Total Time": 42.783,
                                                                "Actual Rows": 393333,
                                                                "Actual Loops": 1
                                                            },
                                                            {
                                                                "Worker Number": 2,
                                                                "Actual Startup Time": 0.023,
                                                                "Actual Total Time": 41.386,
                                                                "Actual Rows": 412520,
                                                                "Actual Loops": 1
                                                            },
                                                            {
                                                                "Worker Number": 3,
                                                                "Actual Startup Time": 0.028,
                                                                "Actual Total Time": 45.11,
                                                                "Actual Rows": 278711,
                                                                "Actual Loops": 1
                                                            },
                                                            {
                                                                "Worker Number": 4,
                                                                "Actual Startup Time": 0.021,
                                                                "Actual Total Time": 41.097,
                                                                "Actual Rows": 398170,
                                                                "Actual Loops": 1
                                                            },
                                                            {
                                                                "Worker Number": 5,
                                                                "Actual Startup Time": 0.02,
                                                                "Actual Total Time": 42.967,
                                                                "Actual Rows": 398116,
                                                                "Actual Loops": 1
                                                            }
                                                        ]
                                                    },
                                                    {
                                                        "Node Type": "Hash",
                                                        "Parent Relationship": "Inner",
                                                        "Parallel Aware": true,
                                                        "Startup Cost": 45479.21,
                                                        "Total Cost": 45479.21,
                                                        "Plan Rows": 118741,
                                                        "Plan Width": 4,
                                                        "Actual Startup Time": 105.937,
                                                        "Actual Total Time": 105.938,
                                                        "Actual Rows": 49384,
                                                        "Actual Loops": 7,
                                                        "Output": [
                                                            "t.id"
                                                        ],
                                                        "Hash Buckets": 524288,
                                                        "Original Hash Buckets": 524288,
                                                        "Hash Batches": 1,
                                                        "Original Hash Batches": 1,
                                                        "Peak Memory Usage": 17760,
                                                        "Workers": [
                                                            {
                                                                "Worker Number": 0,
                                                                "Actual Startup Time": 106.566,
                                                                "Actual Total Time": 106.567,
                                                                "Actual Rows": 38324,
                                                                "Actual Loops": 1
                                                            },
                                                            {
                                                                "Worker Number": 1,
                                                                "Actual Startup Time": 106.816,
                                                                "Actual Total Time": 106.817,
                                                                "Actual Rows": 49247,
                                                                "Actual Loops": 1
                                                            },
                                                            {
                                                                "Worker Number": 2,
                                                                "Actual Startup Time": 107.008,
                                                                "Actual Total Time": 107.008,
                                                                "Actual Rows": 54044,
                                                                "Actual Loops": 1
                                                            },
                                                            {
                                                                "Worker Number": 3,
                                                                "Actual Startup Time": 107.026,
                                                                "Actual Total Time": 107.027,
                                                                "Actual Rows": 36913,
                                                                "Actual Loops": 1
                                                            },
                                                            {
                                                                "Worker Number": 4,
                                                                "Actual Startup Time": 107.017,
                                                                "Actual Total Time": 107.018,
                                                                "Actual Rows": 54194,
                                                                "Actual Loops": 1
                                                            },
                                                            {
                                                                "Worker Number": 5,
                                                                "Actual Startup Time": 106.949,
                                                                "Actual Total Time": 106.951,
                                                                "Actual Rows": 50275,
                                                                "Actual Loops": 1
                                                            }
                                                        ],
                                                        "Plans": [
                                                            {
                                                                "Node Type": "Seq Scan",
                                                                "Parent Relationship": "Outer",
                                                                "Parallel Aware": true,
                                                                "Relation Name": "title",
                                                                "Schema": "public",
                                                                "Alias": "t",
                                                                "Startup Cost": 0.0,
                                                                "Total Cost": 45479.21,
                                                                "Plan Rows": 118741,
                                                                "Plan Width": 4,
                                                                "Actual Startup Time": 44.778,
                                                                "Actual Total Time": 79.823,
                                                                "Actual Rows": 49384,
                                                                "Actual Loops": 7,
                                                                "Output": [
                                                                    "t.id"
                                                                ],
                                                                "Filter": "((t.production_year > 1988) AND (t.kind_id = 1))",
                                                                "Rows Removed by Filter": 311804,
                                                                "Workers": [
                                                                    {
                                                                        "Worker Number": 0,
                                                                        "Actual Startup Time": 51.13,
                                                                        "Actual Total Time": 80.419,
                                                                        "Actual Rows": 38324,
                                                                        "Actual Loops": 1
                                                                    },
                                                                    {
                                                                        "Worker Number": 1,
                                                                        "Actual Startup Time": 51.116,
                                                                        "Actual Total Time": 79.582,
                                                                        "Actual Rows": 49247,
                                                                        "Actual Loops": 1
                                                                    },
                                                                    {
                                                                        "Worker Number": 2,
                                                                        "Actual Startup Time": 51.06,
                                                                        "Actual Total Time": 79.593,
                                                                        "Actual Rows": 54044,
                                                                        "Actual Loops": 1
                                                                    },
                                                                    {
                                                                        "Worker Number": 3,
                                                                        "Actual Startup Time": 51.217,
                                                                        "Actual Total Time": 80.568,
                                                                        "Actual Rows": 36913,
                                                                        "Actual Loops": 1
                                                                    },
                                                                    {
                                                                        "Worker Number": 4,
                                                                        "Actual Startup Time": 51.339,
                                                                        "Actual Total Time": 80.076,
                                                                        "Actual Rows": 54194,
                                                                        "Actual Loops": 1
                                                                    },
                                                                    {
                                                                        "Worker Number": 5,
                                                                        "Actual Startup Time": 6.465,
                                                                        "Actual Total Time": 80.157,
                                                                        "Actual Rows": 50275,
                                                                        "Actual Loops": 1
                                                                    }
                                                                ]
                                                            }
                                                        ]
                                                    }
                                                ]
                                            }
                                        ]
                                    }
                                ]
                            }
                        ]
                    }
                ]
            }
        ]
    },
    "Planning Time": 1.603,
    "Triggers": [],
    "Execution Time": 2456.637
}