[
    {
        "Bao": {
            "Bao prediction": "NaN",
            "Bao recommended hint": "(no hint)"
        }
    },
    {
        "Plan": {
            "Node Type": "Aggregate",
            "Strategy": "Plain",
            "Partial Mode": "Finalize",
            "Parallel Aware": false,
            "Startup Cost": 32938.41,
            "Total Cost": 32938.42,
            "Plan Rows": 1,
            "Plan Width": 8,
            "Actual Startup Time": 92.486,
            "Actual Total Time": 98.431,
            "Actual Rows": 1,
            "Actual Loops": 1,
            "Output": [
                "count(*)"
            ],
            "Plans": [
                {
                    "Node Type": "Gather",
                    "Parent Relationship": "Outer",
                    "Parallel Aware": false,
                    "Startup Cost": 32938.1,
                    "Total Cost": 32938.41,
                    "Plan Rows": 3,
                    "Plan Width": 8,
                    "Actual Startup Time": 92.4,
                    "Actual Total Time": 98.423,
                    "Actual Rows": 4,
                    "Actual Loops": 1,
                    "Output": [
                        "(PARTIAL count(*))"
                    ],
                    "Workers Planned": 3,
                    "Workers Launched": 3,
                    "Single Copy": false,
                    "Plans": [
                        {
                            "Node Type": "Aggregate",
                            "Strategy": "Plain",
                            "Partial Mode": "Partial",
                            "Parent Relationship": "Outer",
                            "Parallel Aware": false,
                            "Startup Cost": 31938.1,
                            "Total Cost": 31938.11,
                            "Plan Rows": 1,
                            "Plan Width": 8,
                            "Actual Startup Time": 84.303,
                            "Actual Total Time": 84.304,
                            "Actual Rows": 1,
                            "Actual Loops": 4,
                            "Output": [
                                "PARTIAL count(*)"
                            ],
                            "Workers": [
                                {
                                    "Worker Number": 0,
                                    "Actual Startup Time": 81.373,
                                    "Actual Total Time": 81.373,
                                    "Actual Rows": 1,
                                    "Actual Loops": 1
                                },
                                {
                                    "Worker Number": 1,
                                    "Actual Startup Time": 81.799,
                                    "Actual Total Time": 81.801,
                                    "Actual Rows": 1,
                                    "Actual Loops": 1
                                },
                                {
                                    "Worker Number": 2,
                                    "Actual Startup Time": 81.942,
                                    "Actual Total Time": 81.944,
                                    "Actual Rows": 1,
                                    "Actual Loops": 1
                                }
                            ],
                            "Plans": [
                                {
                                    "Node Type": "Seq Scan",
                                    "Parent Relationship": "Outer",
                                    "Parallel Aware": true,
                                    "Relation Name": "movie_companies",
                                    "Schema": "public",
                                    "Alias": "mc",
                                    "Startup Cost": 0.0,
                                    "Total Cost": 31414.82,
                                    "Plan Rows": 209311,
                                    "Plan Width": 0,
                                    "Actual Startup Time": 42.127,
                                    "Actual Total Time": 75.173,
                                    "Actual Rows": 224617,
                                    "Actual Loops": 4,
                                    "Output": [
                                        "id",
                                        "movie_id",
                                        "company_id",
                                        "company_type_id",
                                        "note"
                                    ],
                                    "Filter": "((mc.company_id > 11402) AND (mc.company_type_id = 2))",
                                    "Rows Removed by Filter": 427665,
                                    "Workers": [
                                        {
                                            "Worker Number": 0,
                                            "Actual Startup Time": 39.194,
                                            "Actual Total Time": 72.616,
                                            "Actual Rows": 214800,
                                            "Actual Loops": 1
                                        },
                                        {
                                            "Worker Number": 1,
                                            "Actual Startup Time": 39.629,
                                            "Actual Total Time": 73.036,
                                            "Actual Rows": 214897,
                                            "Actual Loops": 1
                                        },
                                        {
                                            "Worker Number": 2,
                                            "Actual Startup Time": 39.767,
                                            "Actual Total Time": 73.149,
                                            "Actual Rows": 215851,
                                            "Actual Loops": 1
                                        }
                                    ]
                                }
                            ]
                        }
                    ]
                }
            ]
        },
        "Planning Time": 202.086,
        "Triggers": [],
        "Execution Time": 98.491
    }
]