[
  {
    "Plan": {
      "Node Type": "Aggregate",
      "Strategy": "Plain",
      "Partial Mode": "Finalize",
      "Parallel Aware": false,
      "Startup Cost": 351561.35,
      "Total Cost": 351561.36,
      "Plan Rows": 1,
      "Plan Width": 8,
      "Actual Startup Time": 895.739,
      "Actual Total Time": 945.522,
      "Actual Rows": 1,
      "Actual Loops": 1,
      "Plans": [
        {
          "Node Type": "Gather",
          "Parent Relationship": "Outer",
          "Parallel Aware": false,
          "Startup Cost": 351560.72,
          "Total Cost": 351561.33,
          "Plan Rows": 6,
          "Plan Width": 8,
          "Actual Startup Time": 895.532,
          "Actual Total Time": 945.502,
          "Actual Rows": 7,
          "Actual Loops": 1,
          "Workers Planned": 6,
          "Workers Launched": 6,
          "Single Copy": false,
          "Plans": [
            {
              "Node Type": "Aggregate",
              "Strategy": "Plain",
              "Partial Mode": "Partial",
              "Parent Relationship": "Outer",
              "Parallel Aware": false,
              "Startup Cost": 350560.72,
              "Total Cost": 350560.73,
              "Plan Rows": 1,
              "Plan Width": 8,
              "Actual Startup Time": 887.31,
              "Actual Total Time": 887.312,
              "Actual Rows": 1,
              "Actual Loops": 7,
              "Plans": [
                {
                  "Node Type": "Seq Scan",
                  "Parent Relationship": "Outer",
                  "Parallel Aware": true,
                  "Relation Name": "cast_info",
                  "Alias": "ci",
                  "Startup Cost": 0.0,
                  "Total Cost": 343316.27,
                  "Plan Rows": 2897781,
                  "Plan Width": 0,
                  "Actual Startup Time": 0.054,
                  "Actual Total Time": 739.379,
                  "Actual Rows": 2761398,
                  "Actual Loops": 7,
                  "Filter": "((person_id < 2028019) AND (role_id < 10))",
                  "Rows Removed by Filter": 2416365
                }
              ]
            }
          ]
        }
      ]
    },
    "Planning Time": 0.257,
    "Triggers": [],
    "Execution Time": 945.596
  }
]