{
  "Plan": {
    "Node Type": "Aggregate",
    "Strategy": "Plain",
    "Partial Mode": "Finalize",
    "Parallel Aware": false,
    "Startup Cost": 61536.04,
    "Total Cost": 61536.05,
    "Plan Rows": 1,
    "Plan Width": 8,
    "Actual Startup Time": 247.959,
    "Actual Total Time": 285.561,
    "Actual Rows": 1,
    "Actual Loops": 1,
    "Plans": [
      {
        "Node Type": "Gather",
        "Parent Relationship": "Outer",
        "Parallel Aware": false,
        "Startup Cost": 61535.93,
        "Total Cost": 61536.04,
        "Plan Rows": 1,
        "Plan Width": 8,
        "Actual Startup Time": 247.779,
        "Actual Total Time": 285.552,
        "Actual Rows": 2,
        "Actual Loops": 1,
        "Workers Planned": 1,
        "Workers Launched": 1,
        "Single Copy": false,
        "Plans": [
          {
            "Node Type": "Aggregate",
            "Strategy": "Plain",
            "Partial Mode": "Partial",
            "Parent Relationship": "Outer",
            "Parallel Aware": false,
            "Startup Cost": 60535.93,
            "Total Cost": 60535.94,
            "Plan Rows": 1,
            "Plan Width": 8,
            "Actual Startup Time": 241.649,
            "Actual Total Time": 241.651,
            "Actual Rows": 1,
            "Actual Loops": 2,
            "Plans": [
              {
                "Node Type": "Nested Loop",
                "Parent Relationship": "Outer",
                "Parallel Aware": false,
                "Join Type": "Inner",
                "Startup Cost": 182.75,
                "Total Cost": 60463.31,
                "Plan Rows": 29047,
                "Plan Width": 0,
                "Actual Startup Time": 4.559,
                "Actual Total Time": 227.382,
                "Actual Rows": 294970,
                "Actual Loops": 2,
                "Inner Unique": false,
                "Plans": [
                  {
                    "Node Type": "Nested Loop",
                    "Parent Relationship": "Outer",
                    "Parallel Aware": false,
                    "Join Type": "Inner",
                    "Startup Cost": 182.31,
                    "Total Cost": 50864.97,
                    "Plan Rows": 4968,
                    "Plan Width": 8,
                    "Actual Startup Time": 4.451,
                    "Actual Total Time": 39.187,
                    "Actual Rows": 4168,
                    "Actual Loops": 2,
                    "Inner Unique": true,
                    "Plans": [
                      {
                        "Node Type": "Bitmap Heap Scan",
                        "Parent Relationship": "Outer",
                        "Parallel Aware": true,
                        "Relation Name": "movie_keyword",
                        "Alias": "mk",
                        "Startup Cost": 181.88,
                        "Total Cost": 17326.62,
                        "Plan Rows": 4968,
                        "Plan Width": 4,
                        "Actual Startup Time": 4.31,
                        "Actual Total Time": 15.724,
                        "Actual Rows": 4168,
                        "Actual Loops": 2,
                        "Recheck Cond": "(keyword_id = 865)",
                        "Rows Removed by Index Recheck": 0,
                        "Exact Heap Blocks": 4615,
                        "Lossy Heap Blocks": 0,
                        "Plans": [
                          {
                            "Node Type": "Bitmap Index Scan",
                            "Parent Relationship": "Outer",
                            "Parallel Aware": false,
                            "Index Name": "keyword_id_movie_keyword",
                            "Startup Cost": 0.0,
                            "Total Cost": 179.77,
                            "Plan Rows": 8445,
                            "Plan Width": 0,
                            "Actual Startup Time": 4.832,
                            "Actual Total Time": 4.833,
                            "Actual Rows": 8337,
                            "Actual Loops": 1,
                            "Index Cond": "(keyword_id = 865)"
                          }
                        ]
                      },
                      {
                        "Node Type": "Index Only Scan",
                        "Parent Relationship": "Inner",
                        "Parallel Aware": false,
                        "Scan Direction": "Forward",
                        "Index Name": "title_pkey",
                        "Relation Name": "title",
                        "Alias": "t",
                        "Startup Cost": 0.43,
                        "Total Cost": 6.75,
                        "Plan Rows": 1,
                        "Plan Width": 4,
                        "Actual Startup Time": 0.005,
                        "Actual Total Time": 0.005,
                        "Actual Rows": 1,
                        "Actual Loops": 8337,
                        "Index Cond": "(id = mk.movie_id)",
                        "Rows Removed by Index Recheck": 0,
                        "Heap Fetches": 8337
                      }
                    ]
                  },
                  {
                    "Node Type": "Index Only Scan",
                    "Parent Relationship": "Inner",
                    "Parallel Aware": false,
                    "Scan Direction": "Forward",
                    "Index Name": "movie_id_movie_info",
                    "Relation Name": "movie_info",
                    "Alias": "mi",
                    "Startup Cost": 0.43,
                    "Total Cost": 1.51,
                    "Plan Rows": 42,
                    "Plan Width": 4,
                    "Actual Startup Time": 0.009,
                    "Actual Total Time": 0.039,
                    "Actual Rows": 71,
                    "Actual Loops": 8337,
                    "Index Cond": "(movie_id = t.id)",
                    "Rows Removed by Index Recheck": 0,
                    "Heap Fetches": 589939
                  }
                ]
              }
            ]
          }
        ]
      }
    ]
  },
  "Planning Time": 0.9,
  "Triggers": [],
  "Execution Time": 285.664
}