[
  {
    "Plan": {
      "Node Type": "Aggregate",
      "Strategy": "Plain",
      "Partial Mode": "Finalize",
      "Parallel Aware": false,
      "Startup Cost": 123885.24,
      "Total Cost": 123885.25,
      "Plan Rows": 1,
      "Plan Width": 8,
      "Actual Startup Time": 606.995,
      "Actual Total Time": 629.317,
      "Actual Rows": 1,
      "Actual Loops": 1,
      "Plans": [
        {
          "Node Type": "Gather",
          "Parent Relationship": "Outer",
          "Parallel Aware": false,
          "Startup Cost": 123884.92,
          "Total Cost": 123885.23,
          "Plan Rows": 3,
          "Plan Width": 8,
          "Actual Startup Time": 602.146,
          "Actual Total Time": 629.308,
          "Actual Rows": 4,
          "Actual Loops": 1,
          "Workers Planned": 3,
          "Workers Launched": 3,
          "Single Copy": false,
          "Plans": [
            {
              "Node Type": "Aggregate",
              "Strategy": "Plain",
              "Partial Mode": "Partial",
              "Parent Relationship": "Outer",
              "Parallel Aware": false,
              "Startup Cost": 122884.92,
              "Total Cost": 122884.93,
              "Plan Rows": 1,
              "Plan Width": 8,
              "Actual Startup Time": 595.581,
              "Actual Total Time": 595.589,
              "Actual Rows": 1,
              "Actual Loops": 4,
              "Plans": [
                {
                  "Node Type": "Hash Join",
                  "Parent Relationship": "Outer",
                  "Parallel Aware": true,
                  "Join Type": "Inner",
                  "Startup Cost": 77804.0,
                  "Total Cost": 122639.93,
                  "Plan Rows": 97995,
                  "Plan Width": 0,
                  "Actual Startup Time": 312.62,
                  "Actual Total Time": 558.835,
                  "Actual Rows": 923380,
                  "Actual Loops": 4,
                  "Inner Unique": false,
                  "Hash Cond": "(mk.movie_id = t.id)",
                  "Plans": [
                    {
                      "Node Type": "Seq Scan",
                      "Parent Relationship": "Outer",
                      "Parallel Aware": true,
                      "Relation Name": "movie_keyword",
                      "Alias": "mk",
                      "Startup Cost": 0.0,
                      "Total Cost": 39047.32,
                      "Plan Rows": 1459332,
                      "Plan Width": 4,
                      "Actual Startup Time": 0.026,
                      "Actual Total Time": 84.052,
                      "Actual Rows": 1130982,
                      "Actual Loops": 4
                    },
                    {
                      "Node Type": "Hash",
                      "Parent Relationship": "Inner",
                      "Parallel Aware": true,
                      "Startup Cost": 77119.39,
                      "Total Cost": 77119.39,
                      "Plan Rows": 54769,
                      "Plan Width": 8,
                      "Actual Startup Time": 310.611,
                      "Actual Total Time": 310.618,
                      "Actual Rows": 91148,
                      "Actual Loops": 4,
                      "Hash Buckets": 524288,
                      "Original Hash Buckets": 262144,
                      "Hash Batches": 1,
                      "Original Hash Batches": 1,
                      "Peak Memory Usage": 20448,
                      "Plans": [
                        {
                          "Node Type": "Hash Join",
                          "Parent Relationship": "Outer",
                          "Parallel Aware": true,
                          "Join Type": "Inner",
                          "Startup Cost": 47113.44,
                          "Total Cost": 77119.39,
                          "Plan Rows": 54769,
                          "Plan Width": 8,
                          "Actual Startup Time": 169.825,
                          "Actual Total Time": 277.556,
                          "Actual Rows": 91148,
                          "Actual Loops": 4,
                          "Inner Unique": true,
                          "Hash Cond": "(mc.movie_id = t.id)",
                          "Plans": [
                            {
                              "Node Type": "Seq Scan",
                              "Parent Relationship": "Outer",
                              "Parallel Aware": true,
                              "Relation Name": "movie_companies",
                              "Alias": "mc",
                              "Startup Cost": 0.0,
                              "Total Cost": 29310.68,
                              "Plan Rows": 264866,
                              "Plan Width": 4,
                              "Actual Startup Time": 12.365,
                              "Actual Total Time": 63.749,
                              "Actual Rows": 202449,
                              "Actual Loops": 4,
                              "Filter": "(company_id > 29231)",
                              "Rows Removed by Filter": 449833
                            },
                            {
                              "Node Type": "Hash",
                              "Parent Relationship": "Inner",
                              "Parallel Aware": true,
                              "Startup Cost": 45479.59,
                              "Total Cost": 45479.59,
                              "Plan Rows": 130708,
                              "Plan Width": 4,
                              "Actual Startup Time": 156.292,
                              "Actual Total Time": 156.294,
                              "Actual Rows": 148618,
                              "Actual Loops": 4,
                              "Hash Buckets": 1048576,
                              "Original Hash Buckets": 524288,
                              "Hash Batches": 1,
                              "Original Hash Batches": 1,
                              "Peak Memory Usage": 35616,
                              "Plans": [
                                {
                                  "Node Type": "Seq Scan",
                                  "Parent Relationship": "Outer",
                                  "Parallel Aware": true,
                                  "Relation Name": "title",
                                  "Alias": "t",
                                  "Startup Cost": 0.0,
                                  "Total Cost": 45479.59,
                                  "Plan Rows": 130708,
                                  "Plan Width": 4,
                                  "Actual Startup Time": 0.031,
                                  "Actual Total Time": 94.149,
                                  "Actual Rows": 148618,
                                  "Actual Loops": 4,
                                  "Filter": "((kind_id < 4) AND (production_year < 2007))",
                                  "Rows Removed by Filter": 483460
                                }
                              ]
                            }
                          ]
                        }
                      ]
                    }
                  ]
                }
              ]
            }
          ]
        }
      ]
    },
    "Planning Time": 0.531,
    "Triggers": [],
    "Execution Time": 629.377
  }
]