[
  {
    "Plan": {
      "Node Type": "Aggregate",
      "Strategy": "Plain",
      "Partial Mode": "Finalize",
      "Parallel Aware": false,
      "Startup Cost": 123827.7,
      "Total Cost": 123827.71,
      "Plan Rows": 1,
      "Plan Width": 8,
      "Actual Startup Time": 623.86,
      "Actual Total Time": 642.788,
      "Actual Rows": 1,
      "Actual Loops": 1,
      "Plans": [
        {
          "Node Type": "Gather",
          "Parent Relationship": "Outer",
          "Parallel Aware": false,
          "Startup Cost": 123827.38,
          "Total Cost": 123827.69,
          "Plan Rows": 3,
          "Plan Width": 8,
          "Actual Startup Time": 618.66,
          "Actual Total Time": 642.781,
          "Actual Rows": 4,
          "Actual Loops": 1,
          "Workers Planned": 3,
          "Workers Launched": 3,
          "Single Copy": false,
          "Plans": [
            {
              "Node Type": "Aggregate",
              "Strategy": "Plain",
              "Partial Mode": "Partial",
              "Parent Relationship": "Outer",
              "Parallel Aware": false,
              "Startup Cost": 122827.38,
              "Total Cost": 122827.39,
              "Plan Rows": 1,
              "Plan Width": 8,
              "Actual Startup Time": 608.223,
              "Actual Total Time": 608.229,
              "Actual Rows": 1,
              "Actual Loops": 4,
              "Plans": [
                {
                  "Node Type": "Hash Join",
                  "Parent Relationship": "Outer",
                  "Parallel Aware": true,
                  "Join Type": "Inner",
                  "Startup Cost": 77763.18,
                  "Total Cost": 122589.7,
                  "Plan Rows": 95075,
                  "Plan Width": 0,
                  "Actual Startup Time": 319.117,
                  "Actual Total Time": 572.143,
                  "Actual Rows": 923380,
                  "Actual Loops": 4,
                  "Inner Unique": false,
                  "Hash Cond": "(mk.movie_id = t.id)",
                  "Plans": [
                    {
                      "Node Type": "Seq Scan",
                      "Parent Relationship": "Outer",
                      "Parallel Aware": true,
                      "Relation Name": "movie_keyword",
                      "Alias": "mk",
                      "Startup Cost": 0.0,
                      "Total Cost": 39047.32,
                      "Plan Rows": 1459332,
                      "Plan Width": 4,
                      "Actual Startup Time": 0.027,
                      "Actual Total Time": 93.599,
                      "Actual Rows": 1130982,
                      "Actual Loops": 4
                    },
                    {
                      "Node Type": "Hash",
                      "Parent Relationship": "Inner",
                      "Parallel Aware": true,
                      "Startup Cost": 77098.99,
                      "Total Cost": 77098.99,
                      "Plan Rows": 53135,
                      "Plan Width": 8,
                      "Actual Startup Time": 315.937,
                      "Actual Total Time": 315.942,
                      "Actual Rows": 91148,
                      "Actual Loops": 4,
                      "Hash Buckets": 524288,
                      "Original Hash Buckets": 262144,
                      "Hash Batches": 1,
                      "Original Hash Batches": 1,
                      "Peak Memory Usage": 20512,
                      "Plans": [
                        {
                          "Node Type": "Hash Join",
                          "Parent Relationship": "Outer",
                          "Parallel Aware": true,
                          "Join Type": "Inner",
                          "Startup Cost": 47114.45,
                          "Total Cost": 77098.99,
                          "Plan Rows": 53135,
                          "Plan Width": 8,
                          "Actual Startup Time": 179.043,
                          "Actual Total Time": 285.126,
                          "Actual Rows": 91148,
                          "Actual Loops": 4,
                          "Inner Unique": true,
                          "Hash Cond": "(mc.movie_id = t.id)",
                          "Plans": [
                            {
                              "Node Type": "Seq Scan",
                              "Parent Relationship": "Outer",
                              "Parallel Aware": true,
                              "Relation Name": "movie_companies",
                              "Alias": "mc",
                              "Startup Cost": 0.0,
                              "Total Cost": 29310.68,
                              "Plan Rows": 256709,
                              "Plan Width": 4,
                              "Actual Startup Time": 11.889,
                              "Actual Total Time": 61.209,
                              "Actual Rows": 202449,
                              "Actual Loops": 4,
                              "Filter": "(company_id > 29231)",
                              "Rows Removed by Filter": 449833
                            },
                            {
                              "Node Type": "Hash",
                              "Parent Relationship": "Inner",
                              "Parallel Aware": true,
                              "Startup Cost": 45479.1,
                              "Total Cost": 45479.1,
                              "Plan Rows": 130828,
                              "Plan Width": 4,
                              "Actual Startup Time": 165.225,
                              "Actual Total Time": 165.226,
                              "Actual Rows": 148618,
                              "Actual Loops": 4,
                              "Hash Buckets": 1048576,
                              "Original Hash Buckets": 524288,
                              "Hash Batches": 1,
                              "Original Hash Batches": 1,
                              "Peak Memory Usage": 35616,
                              "Plans": [
                                {
                                  "Node Type": "Seq Scan",
                                  "Parent Relationship": "Outer",
                                  "Parallel Aware": true,
                                  "Relation Name": "title",
                                  "Alias": "t",
                                  "Startup Cost": 0.0,
                                  "Total Cost": 45479.1,
                                  "Plan Rows": 130828,
                                  "Plan Width": 4,
                                  "Actual Startup Time": 0.053,
                                  "Actual Total Time": 103.987,
                                  "Actual Rows": 148618,
                                  "Actual Loops": 4,
                                  "Filter": "((kind_id < 4) AND (production_year < 2007))",
                                  "Rows Removed by Filter": 483460
                                }
                              ]
                            }
                          ]
                        }
                      ]
                    }
                  ]
                }
              ]
            }
          ]
        }
      ]
    },
    "Planning Time": 1.461,
    "Triggers": [],
    "Execution Time": 642.862
  }
]