[
  {
    "Plan": {
      "Node Type": "Aggregate",
      "Strategy": "Plain",
      "Partial Mode": "Simple",
      "Parallel Aware": false,
      "Startup Cost": 26514.06,
      "Total Cost": 26514.07,
      "Plan Rows": 1,
      "Plan Width": 8,
      "Actual Startup Time": 54.984,
      "Actual Total Time": 54.985,
      "Actual Rows": 1,
      "Actual Loops": 1,
      "Plans": [
        {
          "Node Type": "Bitmap Heap Scan",
          "Parent Relationship": "Outer",
          "Parallel Aware": false,
          "Relation Name": "movie_keyword",
          "Alias": "mk",
          "Startup Cost": 1208.44,
          "Total Cost": 26372.13,
          "Plan Rows": 56775,
          "Plan Width": 0,
          "Actual Startup Time": 19.297,
          "Actual Total Time": 51.413,
          "Actual Rows": 56471,
          "Actual Loops": 1,
          "Recheck Cond": "(keyword_id > 96640)",
          "Rows Removed by Index Recheck": 0,
          "Exact Heap Blocks": 13203,
          "Lossy Heap Blocks": 0,
          "Plans": [
            {
              "Node Type": "Bitmap Index Scan",
              "Parent Relationship": "Outer",
              "Parallel Aware": false,
              "Index Name": "keyword_id_movie_keyword",
              "Startup Cost": 0.0,
              "Total Cost": 1194.24,
              "Plan Rows": 56775,
              "Plan Width": 0,
              "Actual Startup Time": 13.924,
              "Actual Total Time": 13.924,
              "Actual Rows": 56471,
              "Actual Loops": 1,
              "Index Cond": "(keyword_id > 96640)"
            }
          ]
        }
      ]
    },
    "Planning Time": 0.272,
    "Triggers": [],
    "Execution Time": 55.042
  }
]