[
  {
    "Plan": {
      "Node Type": "Aggregate",
      "Strategy": "Plain",
      "Partial Mode": "Simple",
      "Parallel Aware": false,
      "Startup Cost": 26550.38,
      "Total Cost": 26550.39,
      "Plan Rows": 1,
      "Plan Width": 8,
      "Actual Startup Time": 59.922,
      "Actual Total Time": 59.925,
      "Actual Rows": 1,
      "Actual Loops": 1,
      "Plans": [
        {
          "Node Type": "Bitmap Heap Scan",
          "Parent Relationship": "Outer",
          "Parallel Aware": false,
          "Relation Name": "movie_keyword",
          "Alias": "mk",
          "Startup Cost": 1228.72,
          "Total Cost": 26405.77,
          "Plan Rows": 57844,
          "Plan Width": 0,
          "Actual Startup Time": 17.942,
          "Actual Total Time": 55.745,
          "Actual Rows": 56471,
          "Actual Loops": 1,
          "Recheck Cond": "(keyword_id > 96640)",
          "Rows Removed by Index Recheck": 0,
          "Exact Heap Blocks": 13203,
          "Lossy Heap Blocks": 0,
          "Plans": [
            {
              "Node Type": "Bitmap Index Scan",
              "Parent Relationship": "Outer",
              "Parallel Aware": false,
              "Index Name": "keyword_id_movie_keyword",
              "Startup Cost": 0.0,
              "Total Cost": 1214.26,
              "Plan Rows": 57844,
              "Plan Width": 0,
              "Actual Startup Time": 12.478,
              "Actual Total Time": 12.479,
              "Actual Rows": 56471,
              "Actual Loops": 1,
              "Index Cond": "(keyword_id > 96640)"
            }
          ]
        }
      ]
    },
    "Planning Time": 0.268,
    "Triggers": [],
    "Execution Time": 59.99
  }
]