[
  {
    "Plan": {
      "Node Type": "Aggregate",
      "Strategy": "Plain",
      "Partial Mode": "Finalize",
      "Parallel Aware": false,
      "Startup Cost": 30957.05,
      "Total Cost": 30957.06,
      "Plan Rows": 1,
      "Plan Width": 8,
      "Actual Startup Time": 101.787,
      "Actual Total Time": 112.321,
      "Actual Rows": 1,
      "Actual Loops": 1,
      "Plans": [
        {
          "Node Type": "Gather",
          "Parent Relationship": "Outer",
          "Parallel Aware": false,
          "Startup Cost": 30956.74,
          "Total Cost": 30957.05,
          "Plan Rows": 3,
          "Plan Width": 8,
          "Actual Startup Time": 101.652,
          "Actual Total Time": 112.313,
          "Actual Rows": 4,
          "Actual Loops": 1,
          "Workers Planned": 3,
          "Workers Launched": 3,
          "Single Copy": false,
          "Plans": [
            {
              "Node Type": "Aggregate",
              "Strategy": "Plain",
              "Partial Mode": "Partial",
              "Parent Relationship": "Outer",
              "Parallel Aware": false,
              "Startup Cost": 29956.74,
              "Total Cost": 29956.75,
              "Plan Rows": 1,
              "Plan Width": 8,
              "Actual Startup Time": 93.565,
              "Actual Total Time": 93.566,
              "Actual Rows": 1,
              "Actual Loops": 4,
              "Plans": [
                {
                  "Node Type": "Seq Scan",
                  "Parent Relationship": "Outer",
                  "Parallel Aware": true,
                  "Relation Name": "movie_companies",
                  "Alias": "mc",
                  "Startup Cost": 0.0,
                  "Total Cost": 29310.68,
                  "Plan Rows": 258422,
                  "Plan Width": 0,
                  "Actual Startup Time": 17.769,
                  "Actual Total Time": 81.9,
                  "Actual Rows": 197842,
                  "Actual Loops": 4,
                  "Filter": "(company_id > 31575)",
                  "Rows Removed by Filter": 454440
                }
              ]
            }
          ]
        }
      ]
    },
    "Planning Time": 0.069,
    "Triggers": [],
    "Execution Time": 112.345
  }
]