{
    "Plan": {
        "Node Type": "Aggregate",
        "Strategy": "Plain",
        "Partial Mode": "Finalize",
        "Parallel Aware": false,
        "Startup Cost": 485856.77,
        "Total Cost": 485856.78,
        "Plan Rows": 1,
        "Plan Width": 8,
        "Actual Startup Time": 3161.093,
        "Actual Total Time": 3219.996,
        "Actual Rows": 1,
        "Actual Loops": 1,
        "Output": [
            "count(*)"
        ],
        "Plans": [
            {
                "Node Type": "Gather",
                "Parent Relationship": "Outer",
                "Parallel Aware": false,
                "Startup Cost": 485856.15,
                "Total Cost": 485856.76,
                "Plan Rows": 6,
                "Plan Width": 8,
                "Actual Startup Time": 3138.03,
                "Actual Total Time": 3219.982,
                "Actual Rows": 7,
                "Actual Loops": 1,
                "Output": [
                    "(PARTIAL count(*))"
                ],
                "Workers Planned": 6,
                "Workers Launched": 6,
                "Single Copy": false,
                "Plans": [
                    {
                        "Node Type": "Aggregate",
                        "Strategy": "Plain",
                        "Partial Mode": "Partial",
                        "Parent Relationship": "Outer",
                        "Parallel Aware": false,
                        "Startup Cost": 484856.15,
                        "Total Cost": 484856.16,
                        "Plan Rows": 1,
                        "Plan Width": 8,
                        "Actual Startup Time": 3114.842,
                        "Actual Total Time": 3115.05,
                        "Actual Rows": 1,
                        "Actual Loops": 7,
                        "Output": [
                            "PARTIAL count(*)"
                        ],
                        "Workers": [
                            {
                                "Worker Number": 0,
                                "Actual Startup Time": 3111.157,
                                "Actual Total Time": 3111.162,
                                "Actual Rows": 1,
                                "Actual Loops": 1
                            },
                            {
                                "Worker Number": 1,
                                "Actual Startup Time": 3110.395,
                                "Actual Total Time": 3110.4,
                                "Actual Rows": 1,
                                "Actual Loops": 1
                            },
                            {
                                "Worker Number": 2,
                                "Actual Startup Time": 3111.162,
                                "Actual Total Time": 3111.166,
                                "Actual Rows": 1,
                                "Actual Loops": 1
                            },
                            {
                                "Worker Number": 3,
                                "Actual Startup Time": 3112.552,
                                "Actual Total Time": 3112.557,
                                "Actual Rows": 1,
                                "Actual Loops": 1
                            },
                            {
                                "Worker Number": 4,
                                "Actual Startup Time": 3111.254,
                                "Actual Total Time": 3111.26,
                                "Actual Rows": 1,
                                "Actual Loops": 1
                            },
                            {
                                "Worker Number": 5,
                                "Actual Startup Time": 3110.422,
                                "Actual Total Time": 3110.425,
                                "Actual Rows": 1,
                                "Actual Loops": 1
                            }
                        ],
                        "Plans": [
                            {
                                "Node Type": "Hash Join",
                                "Parent Relationship": "Outer",
                                "Parallel Aware": true,
                                "Join Type": "Inner",
                                "Startup Cost": 106390.15,
                                "Total Cost": 466212.61,
                                "Plan Rows": 7457416,
                                "Plan Width": 0,
                                "Actual Startup Time": 501.694,
                                "Actual Total Time": 2809.343,
                                "Actual Rows": 6675795,
                                "Actual Loops": 7,
                                "Inner Unique": false,
                                "Hash Cond": "(ci.movie_id = t.id)",
                                "Workers": [
                                    {
                                        "Worker Number": 0,
                                        "Actual Startup Time": 498.201,
                                        "Actual Total Time": 2788.428,
                                        "Actual Rows": 6031891,
                                        "Actual Loops": 1
                                    },
                                    {
                                        "Worker Number": 1,
                                        "Actual Startup Time": 497.448,
                                        "Actual Total Time": 2788.032,
                                        "Actual Rows": 6082998,
                                        "Actual Loops": 1
                                    },
                                    {
                                        "Worker Number": 2,
                                        "Actual Startup Time": 498.216,
                                        "Actual Total Time": 2812.623,
                                        "Actual Rows": 7547947,
                                        "Actual Loops": 1
                                    },
                                    {
                                        "Worker Number": 3,
                                        "Actual Startup Time": 498.212,
                                        "Actual Total Time": 2815.938,
                                        "Actual Rows": 7494026,
                                        "Actual Loops": 1
                                    },
                                    {
                                        "Worker Number": 4,
                                        "Actual Startup Time": 498.277,
                                        "Actual Total Time": 2836.095,
                                        "Actual Rows": 6901852,
                                        "Actual Loops": 1
                                    },
                                    {
                                        "Worker Number": 5,
                                        "Actual Startup Time": 497.536,
                                        "Actual Total Time": 2778.833,
                                        "Actual Rows": 5344576,
                                        "Actual Loops": 1
                                    }
                                ],
                                "Plans": [
                                    {
                                        "Node Type": "Seq Scan",
                                        "Parent Relationship": "Outer",
                                        "Parallel Aware": true,
                                        "Relation Name": "cast_info",
                                        "Schema": "public",
                                        "Alias": "ci",
                                        "Startup Cost": 0.0,
                                        "Total Cost": 313108.29,
                                        "Plan Rows": 6042129,
                                        "Plan Width": 4,
                                        "Actual Startup Time": 0.027,
                                        "Actual Total Time": 557.903,
                                        "Actual Rows": 5177763,
                                        "Actual Loops": 7,
                                        "Output": [
                                            "ci.id",
                                            "ci.person_id",
                                            "ci.movie_id",
                                            "ci.person_role_id",
                                            "ci.note",
                                            "ci.nr_order",
                                            "ci.role_id"
                                        ],
                                        "Workers": [
                                            {
                                                "Worker Number": 0,
                                                "Actual Startup Time": 0.029,
                                                "Actual Total Time": 580.539,
                                                "Actual Rows": 4625014,
                                                "Actual Loops": 1
                                            },
                                            {
                                                "Worker Number": 1,
                                                "Actual Startup Time": 0.027,
                                                "Actual Total Time": 580.269,
                                                "Actual Rows": 4663550,
                                                "Actual Loops": 1
                                            },
                                            {
                                                "Worker Number": 2,
                                                "Actual Startup Time": 0.034,
                                                "Actual Total Time": 566.221,
                                                "Actual Rows": 5871591,
                                                "Actual Loops": 1
                                            },
                                            {
                                                "Worker Number": 3,
                                                "Actual Startup Time": 0.022,
                                                "Actual Total Time": 566.276,
                                                "Actual Rows": 5877356,
                                                "Actual Loops": 1
                                            },
                                            {
                                                "Worker Number": 4,
                                                "Actual Startup Time": 0.033,
                                                "Actual Total Time": 568.076,
                                                "Actual Rows": 5362854,
                                                "Actual Loops": 1
                                            },
                                            {
                                                "Worker Number": 5,
                                                "Actual Startup Time": 0.03,
                                                "Actual Total Time": 580.602,
                                                "Actual Rows": 4106317,
                                                "Actual Loops": 1
                                            }
                                        ]
                                    },
                                    {
                                        "Node Type": "Hash",
                                        "Parent Relationship": "Inner",
                                        "Parallel Aware": true,
                                        "Startup Cost": 93807.3,
                                        "Total Cost": 93807.3,
                                        "Plan Rows": 1006628,
                                        "Plan Width": 8,
                                        "Actual Startup Time": 494.558,
                                        "Actual Total Time": 494.764,
                                        "Actual Rows": 231671,
                                        "Actual Loops": 7,
                                        "Output": [
                                            "t.id",
                                            "mk.movie_id"
                                        ],
                                        "Hash Buckets": 4194304,
                                        "Original Hash Buckets": 4194304,
                                        "Hash Batches": 1,
                                        "Original Hash Batches": 1,
                                        "Peak Memory Usage": 96320,
                                        "Workers": [
                                            {
                                                "Worker Number": 0,
                                                "Actual Startup Time": 497.526,
                                                "Actual Total Time": 497.53,
                                                "Actual Rows": 182061,
                                                "Actual Loops": 1
                                            },
                                            {
                                                "Worker Number": 1,
                                                "Actual Startup Time": 496.471,
                                                "Actual Total Time": 496.474,
                                                "Actual Rows": 183457,
                                                "Actual Loops": 1
                                            },
                                            {
                                                "Worker Number": 2,
                                                "Actual Startup Time": 497.532,
                                                "Actual Total Time": 497.535,
                                                "Actual Rows": 272700,
                                                "Actual Loops": 1
                                            },
                                            {
                                                "Worker Number": 3,
                                                "Actual Startup Time": 497.494,
                                                "Actual Total Time": 497.497,
                                                "Actual Rows": 269704,
                                                "Actual Loops": 1
                                            },
                                            {
                                                "Worker Number": 4,
                                                "Actual Startup Time": 497.558,
                                                "Actual Total Time": 497.561,
                                                "Actual Rows": 245818,
                                                "Actual Loops": 1
                                            },
                                            {
                                                "Worker Number": 5,
                                                "Actual Startup Time": 496.339,
                                                "Actual Total Time": 496.342,
                                                "Actual Rows": 183943,
                                                "Actual Loops": 1
                                            }
                                        ],
                                        "Plans": [
                                            {
                                                "Node Type": "Hash Join",
                                                "Parent Relationship": "Outer",
                                                "Parallel Aware": true,
                                                "Join Type": "Inner",
                                                "Startup Cost": 50929.22,
                                                "Total Cost": 93807.3,
                                                "Plan Rows": 1006628,
                                                "Plan Width": 8,
                                                "Actual Startup Time": 222.806,
                                                "Actual Total Time": 400.793,
                                                "Actual Rows": 231671,
                                                "Actual Loops": 7,
                                                "Output": [
                                                    "t.id",
                                                    "mk.movie_id"
                                                ],
                                                "Inner Unique": true,
                                                "Hash Cond": "(mk.movie_id = t.id)",
                                                "Workers": [
                                                    {
                                                        "Worker Number": 0,
                                                        "Actual Startup Time": 222.859,
                                                        "Actual Total Time": 400.468,
                                                        "Actual Rows": 182061,
                                                        "Actual Loops": 1
                                                    },
                                                    {
                                                        "Worker Number": 1,
                                                        "Actual Startup Time": 222.663,
                                                        "Actual Total Time": 400.048,
                                                        "Actual Rows": 183457,
                                                        "Actual Loops": 1
                                                    },
                                                    {
                                                        "Worker Number": 2,
                                                        "Actual Startup Time": 222.803,
                                                        "Actual Total Time": 401.071,
                                                        "Actual Rows": 272700,
                                                        "Actual Loops": 1
                                                    },
                                                    {
                                                        "Worker Number": 3,
                                                        "Actual Startup Time": 222.769,
                                                        "Actual Total Time": 401.24,
                                                        "Actual Rows": 269704,
                                                        "Actual Loops": 1
                                                    },
                                                    {
                                                        "Worker Number": 4,
                                                        "Actual Startup Time": 222.794,
                                                        "Actual Total Time": 401.341,
                                                        "Actual Rows": 245818,
                                                        "Actual Loops": 1
                                                    },
                                                    {
                                                        "Worker Number": 5,
                                                        "Actual Startup Time": 222.79,
                                                        "Actual Total Time": 400.763,
                                                        "Actual Rows": 183943,
                                                        "Actual Loops": 1
                                                    }
                                                ],
                                                "Plans": [
                                                    {
                                                        "Node Type": "Seq Scan",
                                                        "Parent Relationship": "Outer",
                                                        "Parallel Aware": true,
                                                        "Relation Name": "movie_keyword",
                                                        "Schema": "public",
                                                        "Alias": "mk",
                                                        "Startup Cost": 0.0,
                                                        "Total Cost": 39047.32,
                                                        "Plan Rows": 1459332,
                                                        "Plan Width": 4,
                                                        "Actual Startup Time": 0.024,
                                                        "Actual Total Time": 71.699,
                                                        "Actual Rows": 646276,
                                                        "Actual Loops": 7,
                                                        "Output": [
                                                            "mk.id",
                                                            "mk.movie_id",
                                                            "mk.keyword_id"
                                                        ],
                                                        "Workers": [
                                                            {
                                                                "Worker Number": 0,
                                                                "Actual Startup Time": 0.035,
                                                                "Actual Total Time": 73.388,
                                                                "Actual Rows": 511095,
                                                                "Actual Loops": 1
                                                            },
                                                            {
                                                                "Worker Number": 1,
                                                                "Actual Startup Time": 0.026,
                                                                "Actual Total Time": 73.728,
                                                                "Actual Rows": 511155,
                                                                "Actual Loops": 1
                                                            },
                                                            {
                                                                "Worker Number": 2,
                                                                "Actual Startup Time": 0.017,
                                                                "Actual Total Time": 73.728,
                                                                "Actual Rows": 752765,
                                                                "Actual Loops": 1
                                                            },
                                                            {
                                                                "Worker Number": 3,
                                                                "Actual Startup Time": 0.02,
                                                                "Actual Total Time": 73.896,
                                                                "Actual Rows": 754615,
                                                                "Actual Loops": 1
                                                            },
                                                            {
                                                                "Worker Number": 4,
                                                                "Actual Startup Time": 0.024,
                                                                "Actual Total Time": 74.662,
                                                                "Actual Rows": 693750,
                                                                "Actual Loops": 1
                                                            },
                                                            {
                                                                "Worker Number": 5,
                                                                "Actual Startup Time": 0.03,
                                                                "Actual Total Time": 72.593,
                                                                "Actual Rows": 503940,
                                                                "Actual Loops": 1
                                                            }
                                                        ]
                                                    },
                                                    {
                                                        "Node Type": "Hash",
                                                        "Parent Relationship": "Inner",
                                                        "Parallel Aware": true,
                                                        "Startup Cost": 45479.21,
                                                        "Total Cost": 45479.21,
                                                        "Plan Rows": 436001,
                                                        "Plan Width": 4,
                                                        "Actual Startup Time": 220.67,
                                                        "Actual Total Time": 220.671,
                                                        "Actual Rows": 257129,
                                                        "Actual Loops": 7,
                                                        "Output": [
                                                            "t.id"
                                                        ],
                                                        "Hash Buckets": 2097152,
                                                        "Original Hash Buckets": 2097152,
                                                        "Hash Batches": 1,
                                                        "Original Hash Batches": 1,
                                                        "Peak Memory Usage": 86912,
                                                        "Workers": [
                                                            {
                                                                "Worker Number": 0,
                                                                "Actual Startup Time": 222.47,
                                                                "Actual Total Time": 222.471,
                                                                "Actual Rows": 224537,
                                                                "Actual Loops": 1
                                                            },
                                                            {
                                                                "Worker Number": 1,
                                                                "Actual Startup Time": 222.558,
                                                                "Actual Total Time": 222.559,
                                                                "Actual Rows": 141323,
                                                                "Actual Loops": 1
                                                            },
                                                            {
                                                                "Worker Number": 2,
                                                                "Actual Startup Time": 222.474,
                                                                "Actual Total Time": 222.475,
                                                                "Actual Rows": 304372,
                                                                "Actual Loops": 1
                                                            },
                                                            {
                                                                "Worker Number": 3,
                                                                "Actual Startup Time": 222.431,
                                                                "Actual Total Time": 222.433,
                                                                "Actual Rows": 304351,
                                                                "Actual Loops": 1
                                                            },
                                                            {
                                                                "Worker Number": 4,
                                                                "Actual Startup Time": 222.447,
                                                                "Actual Total Time": 222.448,
                                                                "Actual Rows": 278770,
                                                                "Actual Loops": 1
                                                            },
                                                            {
                                                                "Worker Number": 5,
                                                                "Actual Startup Time": 222.387,
                                                                "Actual Total Time": 222.388,
                                                                "Actual Rows": 159454,
                                                                "Actual Loops": 1
                                                            }
                                                        ],
                                                        "Plans": [
                                                            {
                                                                "Node Type": "Seq Scan",
                                                                "Parent Relationship": "Outer",
                                                                "Parallel Aware": true,
                                                                "Relation Name": "title",
                                                                "Schema": "public",
                                                                "Alias": "t",
                                                                "Startup Cost": 0.0,
                                                                "Total Cost": 45479.21,
                                                                "Plan Rows": 436001,
                                                                "Plan Width": 4,
                                                                "Actual Startup Time": 0.071,
                                                                "Actual Total Time": 90.324,
                                                                "Actual Rows": 257129,
                                                                "Actual Loops": 7,
                                                                "Output": [
                                                                    "t.id"
                                                                ],
                                                                "Filter": "((t.kind_id > 1) AND (t.production_year > 1917))",
                                                                "Rows Removed by Filter": 104058,
                                                                "Workers": [
                                                                    {
                                                                        "Worker Number": 0,
                                                                        "Actual Startup Time": 0.073,
                                                                        "Actual Total Time": 92.42,
                                                                        "Actual Rows": 224537,
                                                                        "Actual Loops": 1
                                                                    },
                                                                    {
                                                                        "Worker Number": 1,
                                                                        "Actual Startup Time": 0.088,
                                                                        "Actual Total Time": 99.197,
                                                                        "Actual Rows": 141323,
                                                                        "Actual Loops": 1
                                                                    },
                                                                    {
                                                                        "Worker Number": 2,
                                                                        "Actual Startup Time": 0.074,
                                                                        "Actual Total Time": 88.313,
                                                                        "Actual Rows": 304372,
                                                                        "Actual Loops": 1
                                                                    },
                                                                    {
                                                                        "Worker Number": 3,
                                                                        "Actual Startup Time": 0.066,
                                                                        "Actual Total Time": 89.113,
                                                                        "Actual Rows": 304351,
                                                                        "Actual Loops": 1
                                                                    },
                                                                    {
                                                                        "Worker Number": 4,
                                                                        "Actual Startup Time": 0.081,
                                                                        "Actual Total Time": 89.962,
                                                                        "Actual Rows": 278770,
                                                                        "Actual Loops": 1
                                                                    },
                                                                    {
                                                                        "Worker Number": 5,
                                                                        "Actual Startup Time": 0.094,
                                                                        "Actual Total Time": 97.687,
                                                                        "Actual Rows": 159454,
                                                                        "Actual Loops": 1
                                                                    }
                                                                ]
                                                            }
                                                        ]
                                                    }
                                                ]
                                            }
                                        ]
                                    }
                                ]
                            }
                        ]
                    }
                ]
            }
        ]
    },
    "Planning Time": 1.463,
    "Triggers": [],
    "Execution Time": 3220.102
}