[
    {
        "Bao": {
            "Bao prediction": "NaN",
            "Bao recommended hint": "(no hint)"
        }
    },
    {
        "Plan": {
            "Node Type": "Aggregate",
            "Strategy": "Plain",
            "Partial Mode": "Finalize",
            "Parallel Aware": false,
            "Startup Cost": 28844.34,
            "Total Cost": 28844.35,
            "Plan Rows": 1,
            "Plan Width": 8,
            "Actual Startup Time": 56.017,
            "Actual Total Time": 60.348,
            "Actual Rows": 1,
            "Actual Loops": 1,
            "Output": [
                "count(*)"
            ],
            "Plans": [
                {
                    "Node Type": "Gather",
                    "Parent Relationship": "Outer",
                    "Parallel Aware": false,
                    "Startup Cost": 28844.02,
                    "Total Cost": 28844.33,
                    "Plan Rows": 3,
                    "Plan Width": 8,
                    "Actual Startup Time": 55.78,
                    "Actual Total Time": 60.34,
                    "Actual Rows": 4,
                    "Actual Loops": 1,
                    "Output": [
                        "(PARTIAL count(*))"
                    ],
                    "Workers Planned": 3,
                    "Workers Launched": 3,
                    "Single Copy": false,
                    "Plans": [
                        {
                            "Node Type": "Aggregate",
                            "Strategy": "Plain",
                            "Partial Mode": "Partial",
                            "Parent Relationship": "Outer",
                            "Parallel Aware": false,
                            "Startup Cost": 27844.02,
                            "Total Cost": 27844.03,
                            "Plan Rows": 1,
                            "Plan Width": 8,
                            "Actual Startup Time": 46.913,
                            "Actual Total Time": 46.915,
                            "Actual Rows": 1,
                            "Actual Loops": 4,
                            "Output": [
                                "PARTIAL count(*)"
                            ],
                            "Workers": [
                                {
                                    "Worker Number": 0,
                                    "Actual Startup Time": 44.1,
                                    "Actual Total Time": 44.102,
                                    "Actual Rows": 1,
                                    "Actual Loops": 1
                                },
                                {
                                    "Worker Number": 1,
                                    "Actual Startup Time": 44.173,
                                    "Actual Total Time": 44.174,
                                    "Actual Rows": 1,
                                    "Actual Loops": 1
                                },
                                {
                                    "Worker Number": 2,
                                    "Actual Startup Time": 44.103,
                                    "Actual Total Time": 44.105,
                                    "Actual Rows": 1,
                                    "Actual Loops": 1
                                }
                            ],
                            "Plans": [
                                {
                                    "Node Type": "Bitmap Heap Scan",
                                    "Parent Relationship": "Outer",
                                    "Parallel Aware": true,
                                    "Relation Name": "movie_keyword",
                                    "Schema": "public",
                                    "Alias": "mk",
                                    "Startup Cost": 2760.58,
                                    "Total Cost": 27739.12,
                                    "Plan Rows": 41963,
                                    "Plan Width": 0,
                                    "Actual Startup Time": 6.283,
                                    "Actual Total Time": 44.725,
                                    "Actual Rows": 30372,
                                    "Actual Loops": 4,
                                    "Recheck Cond": "(mk.keyword_id > 77734)",
                                    "Rows Removed by Index Recheck": 0,
                                    "Exact Heap Blocks": 11846,
                                    "Lossy Heap Blocks": 0,
                                    "Workers": [
                                        {
                                            "Worker Number": 0,
                                            "Actual Startup Time": 3.497,
                                            "Actual Total Time": 42.312,
                                            "Actual Rows": 15490,
                                            "Actual Loops": 1
                                        },
                                        {
                                            "Worker Number": 1,
                                            "Actual Startup Time": 3.727,
                                            "Actual Total Time": 42.41,
                                            "Actual Rows": 13740,
                                            "Actual Loops": 1
                                        },
                                        {
                                            "Worker Number": 2,
                                            "Actual Startup Time": 3.662,
                                            "Actual Total Time": 42.303,
                                            "Actual Rows": 14180,
                                            "Actual Loops": 1
                                        }
                                    ],
                                    "Plans": [
                                        {
                                            "Node Type": "Bitmap Index Scan",
                                            "Parent Relationship": "Outer",
                                            "Parallel Aware": false,
                                            "Index Name": "keyword_id_movie_keyword",
                                            "Startup Cost": 0.0,
                                            "Total Cost": 2728.06,
                                            "Plan Rows": 130084,
                                            "Plan Width": 0,
                                            "Actual Startup Time": 10.787,
                                            "Actual Total Time": 10.788,
                                            "Actual Rows": 121488,
                                            "Actual Loops": 1,
                                            "Index Cond": "(mk.keyword_id > 77734)"
                                        }
                                    ]
                                }
                            ]
                        }
                    ]
                }
            ]
        },
        "Planning Time": 192.769,
        "Triggers": [],
        "Execution Time": 60.454
    }
]