[
  {
    "Plan": {
      "Node Type": "Aggregate",
      "Strategy": "Plain",
      "Partial Mode": "Finalize",
      "Parallel Aware": false,
      "Startup Cost": 349260.4,
      "Total Cost": 349260.41,
      "Plan Rows": 1,
      "Plan Width": 8,
      "Actual Startup Time": 786.456,
      "Actual Total Time": 855.666,
      "Actual Rows": 1,
      "Actual Loops": 1,
      "Plans": [
        {
          "Node Type": "Gather",
          "Parent Relationship": "Outer",
          "Parallel Aware": false,
          "Startup Cost": 349259.77,
          "Total Cost": 349260.38,
          "Plan Rows": 6,
          "Plan Width": 8,
          "Actual Startup Time": 786.318,
          "Actual Total Time": 855.653,
          "Actual Rows": 7,
          "Actual Loops": 1,
          "Workers Planned": 6,
          "Workers Launched": 6,
          "Single Copy": false,
          "Plans": [
            {
              "Node Type": "Aggregate",
              "Strategy": "Plain",
              "Partial Mode": "Partial",
              "Parent Relationship": "Outer",
              "Parallel Aware": false,
              "Startup Cost": 348259.77,
              "Total Cost": 348259.78,
              "Plan Rows": 1,
              "Plan Width": 8,
              "Actual Startup Time": 776.477,
              "Actual Total Time": 776.478,
              "Actual Rows": 1,
              "Actual Loops": 7,
              "Plans": [
                {
                  "Node Type": "Seq Scan",
                  "Parent Relationship": "Outer",
                  "Parallel Aware": true,
                  "Relation Name": "cast_info",
                  "Alias": "ci",
                  "Startup Cost": 0.0,
                  "Total Cost": 343257.03,
                  "Plan Rows": 2001097,
                  "Plan Width": 0,
                  "Actual Startup Time": 0.052,
                  "Actual Total Time": 674.277,
                  "Actual Rows": 2360044,
                  "Actual Loops": 7,
                  "Filter": "((person_id < 2237915) AND (role_id < 3))",
                  "Rows Removed by Filter": 2817719
                }
              ]
            }
          ]
        }
      ]
    },
    "Planning Time": 0.222,
    "Triggers": [],
    "Execution Time": 855.733
  }
]