[
  {
    "Plan": {
      "Node Type": "Aggregate",
      "Strategy": "Plain",
      "Partial Mode": "Finalize",
      "Parallel Aware": false,
      "Startup Cost": 45148.54,
      "Total Cost": 45148.55,
      "Plan Rows": 1,
      "Plan Width": 8,
      "Actual Startup Time": 136.416,
      "Actual Total Time": 146.092,
      "Actual Rows": 1,
      "Actual Loops": 1,
      "Plans": [
        {
          "Node Type": "Gather",
          "Parent Relationship": "Outer",
          "Parallel Aware": false,
          "Startup Cost": 45148.22,
          "Total Cost": 45148.53,
          "Plan Rows": 3,
          "Plan Width": 8,
          "Actual Startup Time": 136.226,
          "Actual Total Time": 146.082,
          "Actual Rows": 4,
          "Actual Loops": 1,
          "Workers Planned": 3,
          "Workers Launched": 3,
          "Single Copy": false,
          "Plans": [
            {
              "Node Type": "Aggregate",
              "Strategy": "Plain",
              "Partial Mode": "Partial",
              "Parent Relationship": "Outer",
              "Parallel Aware": false,
              "Startup Cost": 44148.22,
              "Total Cost": 44148.23,
              "Plan Rows": 1,
              "Plan Width": 8,
              "Actual Startup Time": 129.836,
              "Actual Total Time": 129.837,
              "Actual Rows": 1,
              "Actual Loops": 4,
              "Plans": [
                {
                  "Node Type": "Seq Scan",
                  "Parent Relationship": "Outer",
                  "Parallel Aware": true,
                  "Relation Name": "movie_keyword",
                  "Alias": "mk",
                  "Startup Cost": 0.0,
                  "Total Cost": 42695.65,
                  "Plan Rows": 581026,
                  "Plan Width": 0,
                  "Actual Startup Time": 0.701,
                  "Actual Total Time": 109.205,
                  "Actual Rows": 448194,
                  "Actual Loops": 4,
                  "Filter": "(keyword_id > 7763)",
                  "Rows Removed by Filter": 682788
                }
              ]
            }
          ]
        }
      ]
    },
    "Planning Time": 0.127,
    "Triggers": [],
    "Execution Time": 146.126
  }
]