[
  {
    "Plan": {
      "Node Type": "Aggregate",
      "Strategy": "Plain",
      "Partial Mode": "Finalize",
      "Parallel Aware": false,
      "Startup Cost": 30996.49,
      "Total Cost": 30996.5,
      "Plan Rows": 1,
      "Plan Width": 8,
      "Actual Startup Time": 88.819,
      "Actual Total Time": 94.087,
      "Actual Rows": 1,
      "Actual Loops": 1,
      "Plans": [
        {
          "Node Type": "Gather",
          "Parent Relationship": "Outer",
          "Parallel Aware": false,
          "Startup Cost": 30996.17,
          "Total Cost": 30996.48,
          "Plan Rows": 3,
          "Plan Width": 8,
          "Actual Startup Time": 88.706,
          "Actual Total Time": 94.08,
          "Actual Rows": 4,
          "Actual Loops": 1,
          "Workers Planned": 3,
          "Workers Launched": 3,
          "Single Copy": false,
          "Plans": [
            {
              "Node Type": "Aggregate",
              "Strategy": "Plain",
              "Partial Mode": "Partial",
              "Parent Relationship": "Outer",
              "Parallel Aware": false,
              "Startup Cost": 29996.17,
              "Total Cost": 29996.18,
              "Plan Rows": 1,
              "Plan Width": 8,
              "Actual Startup Time": 81.893,
              "Actual Total Time": 81.894,
              "Actual Rows": 1,
              "Actual Loops": 4,
              "Plans": [
                {
                  "Node Type": "Seq Scan",
                  "Parent Relationship": "Outer",
                  "Parallel Aware": true,
                  "Relation Name": "movie_companies",
                  "Alias": "mc",
                  "Startup Cost": 0.0,
                  "Total Cost": 29310.68,
                  "Plan Rows": 274196,
                  "Plan Width": 0,
                  "Actual Startup Time": 16.511,
                  "Actual Total Time": 72.221,
                  "Actual Rows": 209959,
                  "Actual Loops": 4,
                  "Filter": "(company_id > 26263)",
                  "Rows Removed by Filter": 442323
                }
              ]
            }
          ]
        }
      ]
    },
    "Planning Time": 0.148,
    "Triggers": [],
    "Execution Time": 94.115
  }
]