[
  {
    "Plan": {
      "Node Type": "Aggregate",
      "Strategy": "Plain",
      "Partial Mode": "Finalize",
      "Parallel Aware": false,
      "Startup Cost": 30977.63,
      "Total Cost": 30977.64,
      "Plan Rows": 1,
      "Plan Width": 8,
      "Actual Startup Time": 94.997,
      "Actual Total Time": 102.961,
      "Actual Rows": 1,
      "Actual Loops": 1,
      "Plans": [
        {
          "Node Type": "Gather",
          "Parent Relationship": "Outer",
          "Parallel Aware": false,
          "Startup Cost": 30977.32,
          "Total Cost": 30977.63,
          "Plan Rows": 3,
          "Plan Width": 8,
          "Actual Startup Time": 94.888,
          "Actual Total Time": 102.952,
          "Actual Rows": 4,
          "Actual Loops": 1,
          "Workers Planned": 3,
          "Workers Launched": 3,
          "Single Copy": false,
          "Plans": [
            {
              "Node Type": "Aggregate",
              "Strategy": "Plain",
              "Partial Mode": "Partial",
              "Parent Relationship": "Outer",
              "Parallel Aware": false,
              "Startup Cost": 29977.32,
              "Total Cost": 29977.33,
              "Plan Rows": 1,
              "Plan Width": 8,
              "Actual Startup Time": 87.945,
              "Actual Total Time": 87.946,
              "Actual Rows": 1,
              "Actual Loops": 4,
              "Plans": [
                {
                  "Node Type": "Seq Scan",
                  "Parent Relationship": "Outer",
                  "Parallel Aware": true,
                  "Relation Name": "movie_companies",
                  "Alias": "mc",
                  "Startup Cost": 0.0,
                  "Total Cost": 29310.68,
                  "Plan Rows": 266654,
                  "Plan Width": 0,
                  "Actual Startup Time": 25.935,
                  "Actual Total Time": 79.021,
                  "Actual Rows": 209959,
                  "Actual Loops": 4,
                  "Filter": "(company_id > 26263)",
                  "Rows Removed by Filter": 442323
                }
              ]
            }
          ]
        }
      ]
    },
    "Planning Time": 0.201,
    "Triggers": [],
    "Execution Time": 103.028
  }
]