[
  {
    "Plan": {
      "Node Type": "Aggregate",
      "Strategy": "Plain",
      "Partial Mode": "Finalize",
      "Parallel Aware": false,
      "Startup Cost": 144370.56,
      "Total Cost": 144370.57,
      "Plan Rows": 1,
      "Plan Width": 8,
      "Actual Startup Time": 1125.402,
      "Actual Total Time": 1200.019,
      "Actual Rows": 1,
      "Actual Loops": 1,
      "Plans": [
        {
          "Node Type": "Gather",
          "Parent Relationship": "Outer",
          "Parallel Aware": false,
          "Startup Cost": 144370.24,
          "Total Cost": 144370.55,
          "Plan Rows": 3,
          "Plan Width": 8,
          "Actual Startup Time": 1124.937,
          "Actual Total Time": 1200.012,
          "Actual Rows": 4,
          "Actual Loops": 1,
          "Workers Planned": 3,
          "Workers Launched": 3,
          "Single Copy": false,
          "Plans": [
            {
              "Node Type": "Aggregate",
              "Strategy": "Plain",
              "Partial Mode": "Partial",
              "Parent Relationship": "Outer",
              "Parallel Aware": false,
              "Startup Cost": 143370.24,
              "Total Cost": 143370.25,
              "Plan Rows": 1,
              "Plan Width": 8,
              "Actual Startup Time": 1120.482,
              "Actual Total Time": 1120.487,
              "Actual Rows": 1,
              "Actual Loops": 4,
              "Plans": [
                {
                  "Node Type": "Nested Loop",
                  "Parent Relationship": "Outer",
                  "Parallel Aware": false,
                  "Join Type": "Inner",
                  "Startup Cost": 38391.77,
                  "Total Cost": 142440.71,
                  "Plan Rows": 371812,
                  "Plan Width": 0,
                  "Actual Startup Time": 68.611,
                  "Actual Total Time": 1062.499,
                  "Actual Rows": 1169418,
                  "Actual Loops": 4,
                  "Inner Unique": false,
                  "Join Filter": "(t.id = ci.movie_id)",
                  "Rows Removed by Join Filter": 0,
                  "Plans": [
                    {
                      "Node Type": "Hash Join",
                      "Parent Relationship": "Outer",
                      "Parallel Aware": true,
                      "Join Type": "Inner",
                      "Startup Cost": 38391.2,
                      "Total Cost": 83001.9,
                      "Plan Rows": 25933,
                      "Plan Width": 8,
                      "Actual Startup Time": 68.509,
                      "Actual Total Time": 200.746,
                      "Actual Rows": 28342,
                      "Actual Loops": 4,
                      "Inner Unique": true,
                      "Hash Cond": "(mk.movie_id = t.id)",
                      "Plans": [
                        {
                          "Node Type": "Seq Scan",
                          "Parent Relationship": "Outer",
                          "Parallel Aware": true,
                          "Relation Name": "movie_keyword",
                          "Alias": "mk",
                          "Startup Cost": 0.0,
                          "Total Cost": 42695.65,
                          "Plan Rows": 729543,
                          "Plan Width": 4,
                          "Actual Startup Time": 0.292,
                          "Actual Total Time": 102.722,
                          "Actual Rows": 561783,
                          "Actual Loops": 4,
                          "Filter": "(keyword_id > 4801)",
                          "Rows Removed by Filter": 569200
                        },
                        {
                          "Node Type": "Hash",
                          "Parent Relationship": "Inner",
                          "Parallel Aware": true,
                          "Startup Cost": 38110.34,
                          "Total Cost": 38110.34,
                          "Plan Rows": 22469,
                          "Plan Width": 4,
                          "Actual Startup Time": 39.007,
                          "Actual Total Time": 39.009,
                          "Actual Rows": 25114,
                          "Actual Loops": 4,
                          "Hash Buckets": 131072,
                          "Original Hash Buckets": 131072,
                          "Hash Batches": 1,
                          "Original Hash Batches": 1,
                          "Peak Memory Usage": 4992,
                          "Plans": [
                            {
                              "Node Type": "Bitmap Heap Scan",
                              "Parent Relationship": "Outer",
                              "Parallel Aware": true,
                              "Relation Name": "title",
                              "Alias": "t",
                              "Startup Cost": 1749.19,
                              "Total Cost": 38110.34,
                              "Plan Rows": 22469,
                              "Plan Width": 4,
                              "Actual Startup Time": 4.796,
                              "Actual Total Time": 31.278,
                              "Actual Rows": 25114,
                              "Actual Loops": 4,
                              "Recheck Cond": "(kind_id = 3)",
                              "Rows Removed by Index Recheck": 0,
                              "Filter": "(production_year > 1930)",
                              "Rows Removed by Filter": 20,
                              "Exact Heap Blocks": 6197,
                              "Lossy Heap Blocks": 0,
                              "Plans": [
                                {
                                  "Node Type": "Bitmap Index Scan",
                                  "Parent Relationship": "Outer",
                                  "Parallel Aware": false,
                                  "Index Name": "kind_id_title",
                                  "Startup Cost": 0.0,
                                  "Total Cost": 1726.72,
                                  "Plan Rows": 96839,
                                  "Plan Width": 0,
                                  "Actual Startup Time": 5.774,
                                  "Actual Total Time": 5.775,
                                  "Actual Rows": 100537,
                                  "Actual Loops": 1,
                                  "Index Cond": "(kind_id = 3)"
                                }
                              ]
                            }
                          ]
                        }
                      ]
                    },
                    {
                      "Node Type": "Index Only Scan",
                      "Parent Relationship": "Inner",
                      "Parallel Aware": false,
                      "Scan Direction": "Forward",
                      "Index Name": "movie_id_cast_info",
                      "Relation Name": "cast_info",
                      "Alias": "ci",
                      "Startup Cost": 0.56,
                      "Total Cost": 1.85,
                      "Plan Rows": 35,
                      "Plan Width": 4,
                      "Actual Startup Time": 0.004,
                      "Actual Total Time": 0.026,
                      "Actual Rows": 41,
                      "Actual Loops": 113370,
                      "Index Cond": "(movie_id = mk.movie_id)",
                      "Rows Removed by Index Recheck": 0,
                      "Heap Fetches": 4677674
                    }
                  ]
                }
              ]
            }
          ]
        }
      ]
    },
    "Planning Time": 0.656,
    "Triggers": [],
    "Execution Time": 1200.101
  }
]