[
  {
    "Plan": {
      "Node Type": "Aggregate",
      "Strategy": "Plain",
      "Partial Mode": "Finalize",
      "Parallel Aware": false,
      "Startup Cost": 149055.42,
      "Total Cost": 149055.43,
      "Plan Rows": 1,
      "Plan Width": 8,
      "Actual Startup Time": 1165.481,
      "Actual Total Time": 1235.605,
      "Actual Rows": 1,
      "Actual Loops": 1,
      "Plans": [
        {
          "Node Type": "Gather",
          "Parent Relationship": "Outer",
          "Parallel Aware": false,
          "Startup Cost": 149055.11,
          "Total Cost": 149055.42,
          "Plan Rows": 3,
          "Plan Width": 8,
          "Actual Startup Time": 1164.705,
          "Actual Total Time": 1235.595,
          "Actual Rows": 4,
          "Actual Loops": 1,
          "Workers Planned": 3,
          "Workers Launched": 3,
          "Single Copy": false,
          "Plans": [
            {
              "Node Type": "Aggregate",
              "Strategy": "Plain",
              "Partial Mode": "Partial",
              "Parent Relationship": "Outer",
              "Parallel Aware": false,
              "Startup Cost": 148055.11,
              "Total Cost": 148055.12,
              "Plan Rows": 1,
              "Plan Width": 8,
              "Actual Startup Time": 1155.349,
              "Actual Total Time": 1155.372,
              "Actual Rows": 1,
              "Actual Loops": 4,
              "Plans": [
                {
                  "Node Type": "Nested Loop",
                  "Parent Relationship": "Outer",
                  "Parallel Aware": false,
                  "Join Type": "Inner",
                  "Startup Cost": 38524.43,
                  "Total Cost": 147082.58,
                  "Plan Rows": 389012,
                  "Plan Width": 0,
                  "Actual Startup Time": 91.528,
                  "Actual Total Time": 1097.66,
                  "Actual Rows": 1169418,
                  "Actual Loops": 4,
                  "Inner Unique": false,
                  "Join Filter": "(t.id = ci.movie_id)",
                  "Rows Removed by Join Filter": 0,
                  "Plans": [
                    {
                      "Node Type": "Hash Join",
                      "Parent Relationship": "Outer",
                      "Parallel Aware": true,
                      "Join Type": "Inner",
                      "Startup Cost": 38523.87,
                      "Total Cost": 83123.53,
                      "Plan Rows": 27148,
                      "Plan Width": 8,
                      "Actual Startup Time": 91.444,
                      "Actual Total Time": 226.938,
                      "Actual Rows": 28342,
                      "Actual Loops": 4,
                      "Inner Unique": true,
                      "Hash Cond": "(mk.movie_id = t.id)",
                      "Plans": [
                        {
                          "Node Type": "Seq Scan",
                          "Parent Relationship": "Outer",
                          "Parallel Aware": true,
                          "Relation Name": "movie_keyword",
                          "Alias": "mk",
                          "Startup Cost": 0.0,
                          "Total Cost": 42695.65,
                          "Plan Rows": 725337,
                          "Plan Width": 4,
                          "Actual Startup Time": 0.339,
                          "Actual Total Time": 106.699,
                          "Actual Rows": 561783,
                          "Actual Loops": 4,
                          "Filter": "(keyword_id > 4801)",
                          "Rows Removed by Filter": 569200
                        },
                        {
                          "Node Type": "Hash",
                          "Parent Relationship": "Inner",
                          "Parallel Aware": true,
                          "Startup Cost": 38228.14,
                          "Total Cost": 38228.14,
                          "Plan Rows": 23658,
                          "Plan Width": 4,
                          "Actual Startup Time": 59.401,
                          "Actual Total Time": 59.402,
                          "Actual Rows": 25114,
                          "Actual Loops": 4,
                          "Hash Buckets": 131072,
                          "Original Hash Buckets": 131072,
                          "Hash Batches": 1,
                          "Original Hash Batches": 1,
                          "Peak Memory Usage": 4992,
                          "Plans": [
                            {
                              "Node Type": "Bitmap Heap Scan",
                              "Parent Relationship": "Outer",
                              "Parallel Aware": true,
                              "Relation Name": "title",
                              "Alias": "t",
                              "Startup Cost": 1846.79,
                              "Total Cost": 38228.14,
                              "Plan Rows": 23658,
                              "Plan Width": 4,
                              "Actual Startup Time": 13.675,
                              "Actual Total Time": 49.165,
                              "Actual Rows": 25114,
                              "Actual Loops": 4,
                              "Recheck Cond": "(kind_id = 3)",
                              "Rows Removed by Index Recheck": 0,
                              "Filter": "(production_year > 1930)",
                              "Rows Removed by Filter": 20,
                              "Exact Heap Blocks": 7580,
                              "Lossy Heap Blocks": 0,
                              "Plans": [
                                {
                                  "Node Type": "Bitmap Index Scan",
                                  "Parent Relationship": "Outer",
                                  "Parallel Aware": false,
                                  "Index Name": "kind_id_title",
                                  "Startup Cost": 0.0,
                                  "Total Cost": 1823.13,
                                  "Plan Rows": 102227,
                                  "Plan Width": 0,
                                  "Actual Startup Time": 13.496,
                                  "Actual Total Time": 13.497,
                                  "Actual Rows": 100537,
                                  "Actual Loops": 1,
                                  "Index Cond": "(kind_id = 3)"
                                }
                              ]
                            }
                          ]
                        }
                      ]
                    },
                    {
                      "Node Type": "Index Only Scan",
                      "Parent Relationship": "Inner",
                      "Parallel Aware": false,
                      "Scan Direction": "Forward",
                      "Index Name": "movie_id_cast_info",
                      "Relation Name": "cast_info",
                      "Alias": "ci",
                      "Startup Cost": 0.56,
                      "Total Cost": 1.89,
                      "Plan Rows": 37,
                      "Plan Width": 4,
                      "Actual Startup Time": 0.004,
                      "Actual Total Time": 0.027,
                      "Actual Rows": 41,
                      "Actual Loops": 113370,
                      "Index Cond": "(movie_id = mk.movie_id)",
                      "Rows Removed by Index Recheck": 0,
                      "Heap Fetches": 4677674
                    }
                  ]
                }
              ]
            }
          ]
        }
      ]
    },
    "Planning Time": 1.437,
    "Triggers": [],
    "Execution Time": 1235.738
  }
]