{
    "Plan": {
        "Node Type": "Aggregate",
        "Strategy": "Plain",
        "Partial Mode": "Finalize",
        "Parallel Aware": false,
        "Startup Cost": 615881.97,
        "Total Cost": 615881.98,
        "Plan Rows": 1,
        "Plan Width": 8,
        "Actual Startup Time": 6570.047,
        "Actual Total Time": 6652.592,
        "Actual Rows": 1,
        "Actual Loops": 1,
        "Output": [
            "count(*)"
        ],
        "Plans": [
            {
                "Node Type": "Gather",
                "Parent Relationship": "Outer",
                "Parallel Aware": false,
                "Startup Cost": 615881.45,
                "Total Cost": 615881.96,
                "Plan Rows": 5,
                "Plan Width": 8,
                "Actual Startup Time": 6513.906,
                "Actual Total Time": 6652.577,
                "Actual Rows": 6,
                "Actual Loops": 1,
                "Output": [
                    "(PARTIAL count(*))"
                ],
                "Workers Planned": 5,
                "Workers Launched": 5,
                "Single Copy": false,
                "Plans": [
                    {
                        "Node Type": "Aggregate",
                        "Strategy": "Plain",
                        "Partial Mode": "Partial",
                        "Parent Relationship": "Outer",
                        "Parallel Aware": false,
                        "Startup Cost": 614881.45,
                        "Total Cost": 614881.46,
                        "Plan Rows": 1,
                        "Plan Width": 8,
                        "Actual Startup Time": 6495.321,
                        "Actual Total Time": 6496.455,
                        "Actual Rows": 1,
                        "Actual Loops": 6,
                        "Output": [
                            "PARTIAL count(*)"
                        ],
                        "Workers": [
                            {
                                "Worker Number": 0,
                                "Actual Startup Time": 6491.028,
                                "Actual Total Time": 6491.033,
                                "Actual Rows": 1,
                                "Actual Loops": 1
                            },
                            {
                                "Worker Number": 1,
                                "Actual Startup Time": 6491.049,
                                "Actual Total Time": 6491.055,
                                "Actual Rows": 1,
                                "Actual Loops": 1
                            },
                            {
                                "Worker Number": 2,
                                "Actual Startup Time": 6494.392,
                                "Actual Total Time": 6494.398,
                                "Actual Rows": 1,
                                "Actual Loops": 1
                            },
                            {
                                "Worker Number": 3,
                                "Actual Startup Time": 6491.227,
                                "Actual Total Time": 6491.233,
                                "Actual Rows": 1,
                                "Actual Loops": 1
                            },
                            {
                                "Worker Number": 4,
                                "Actual Startup Time": 6491.225,
                                "Actual Total Time": 6491.229,
                                "Actual Rows": 1,
                                "Actual Loops": 1
                            }
                        ],
                        "Plans": [
                            {
                                "Node Type": "Hash Join",
                                "Parent Relationship": "Outer",
                                "Parallel Aware": true,
                                "Join Type": "Inner",
                                "Startup Cost": 399299.05,
                                "Total Cost": 607073.71,
                                "Plan Rows": 3123096,
                                "Plan Width": 0,
                                "Actual Startup Time": 1998.445,
                                "Actual Total Time": 5558.762,
                                "Actual Rows": 22681394,
                                "Actual Loops": 6,
                                "Inner Unique": false,
                                "Hash Cond": "(mi.movie_id = t.id)",
                                "Workers": [
                                    {
                                        "Worker Number": 0,
                                        "Actual Startup Time": 1994.683,
                                        "Actual Total Time": 5553.056,
                                        "Actual Rows": 24188253,
                                        "Actual Loops": 1
                                    },
                                    {
                                        "Worker Number": 1,
                                        "Actual Startup Time": 1994.694,
                                        "Actual Total Time": 5597.683,
                                        "Actual Rows": 22718036,
                                        "Actual Loops": 1
                                    },
                                    {
                                        "Worker Number": 2,
                                        "Actual Startup Time": 1994.745,
                                        "Actual Total Time": 5602.239,
                                        "Actual Rows": 22348222,
                                        "Actual Loops": 1
                                    },
                                    {
                                        "Worker Number": 3,
                                        "Actual Startup Time": 1994.92,
                                        "Actual Total Time": 5557.584,
                                        "Actual Rows": 24063035,
                                        "Actual Loops": 1
                                    },
                                    {
                                        "Worker Number": 4,
                                        "Actual Startup Time": 1994.941,
                                        "Actual Total Time": 5484.043,
                                        "Actual Rows": 17641289,
                                        "Actual Loops": 1
                                    }
                                ],
                                "Plans": [
                                    {
                                        "Node Type": "Seq Scan",
                                        "Parent Relationship": "Outer",
                                        "Parallel Aware": true,
                                        "Relation Name": "movie_info",
                                        "Schema": "public",
                                        "Alias": "mi",
                                        "Startup Cost": 0.0,
                                        "Total Cost": 191503.19,
                                        "Plan Rows": 2951019,
                                        "Plan Width": 4,
                                        "Actual Startup Time": 0.035,
                                        "Actual Total Time": 296.434,
                                        "Actual Rows": 2472620,
                                        "Actual Loops": 6,
                                        "Output": [
                                            "mi.id",
                                            "mi.movie_id",
                                            "mi.info_type_id",
                                            "mi.info",
                                            "mi.note"
                                        ],
                                        "Workers": [
                                            {
                                                "Worker Number": 0,
                                                "Actual Startup Time": 0.035,
                                                "Actual Total Time": 303.753,
                                                "Actual Rows": 2623614,
                                                "Actual Loops": 1
                                            },
                                            {
                                                "Worker Number": 1,
                                                "Actual Startup Time": 0.045,
                                                "Actual Total Time": 310.862,
                                                "Actual Rows": 2366447,
                                                "Actual Loops": 1
                                            },
                                            {
                                                "Worker Number": 2,
                                                "Actual Startup Time": 0.037,
                                                "Actual Total Time": 310.928,
                                                "Actual Rows": 2350159,
                                                "Actual Loops": 1
                                            },
                                            {
                                                "Worker Number": 3,
                                                "Actual Startup Time": 0.038,
                                                "Actual Total Time": 303.979,
                                                "Actual Rows": 2607492,
                                                "Actual Loops": 1
                                            },
                                            {
                                                "Worker Number": 4,
                                                "Actual Startup Time": 0.047,
                                                "Actual Total Time": 321.943,
                                                "Actual Rows": 2063977,
                                                "Actual Loops": 1
                                            }
                                        ]
                                    },
                                    {
                                        "Node Type": "Hash",
                                        "Parent Relationship": "Inner",
                                        "Parallel Aware": true,
                                        "Startup Cost": 393724.57,
                                        "Total Cost": 393724.57,
                                        "Plan Rows": 445958,
                                        "Plan Width": 8,
                                        "Actual Startup Time": 1971.398,
                                        "Actual Total Time": 1972.529,
                                        "Actual Rows": 717257,
                                        "Actual Loops": 6,
                                        "Output": [
                                            "t.id",
                                            "ci.movie_id"
                                        ],
                                        "Hash Buckets": 8388608,
                                        "Original Hash Buckets": 4194304,
                                        "Hash Batches": 1,
                                        "Original Hash Batches": 1,
                                        "Peak Memory Usage": 266752,
                                        "Workers": [
                                            {
                                                "Worker Number": 0,
                                                "Actual Startup Time": 1974.259,
                                                "Actual Total Time": 1974.262,
                                                "Actual Rows": 776564,
                                                "Actual Loops": 1
                                            },
                                            {
                                                "Worker Number": 1,
                                                "Actual Startup Time": 1974.224,
                                                "Actual Total Time": 1974.228,
                                                "Actual Rows": 689147,
                                                "Actual Loops": 1
                                            },
                                            {
                                                "Worker Number": 2,
                                                "Actual Startup Time": 1974.251,
                                                "Actual Total Time": 1974.256,
                                                "Actual Rows": 682654,
                                                "Actual Loops": 1
                                            },
                                            {
                                                "Worker Number": 3,
                                                "Actual Startup Time": 1974.461,
                                                "Actual Total Time": 1974.466,
                                                "Actual Rows": 763076,
                                                "Actual Loops": 1
                                            },
                                            {
                                                "Worker Number": 4,
                                                "Actual Startup Time": 1974.451,
                                                "Actual Total Time": 1974.454,
                                                "Actual Rows": 552525,
                                                "Actual Loops": 1
                                            }
                                        ],
                                        "Plans": [
                                            {
                                                "Node Type": "Hash Join",
                                                "Parent Relationship": "Outer",
                                                "Parallel Aware": true,
                                                "Join Type": "Inner",
                                                "Startup Cost": 45996.98,
                                                "Total Cost": 393724.57,
                                                "Plan Rows": 445958,
                                                "Plan Width": 8,
                                                "Actual Startup Time": 401.715,
                                                "Actual Total Time": 1528.719,
                                                "Actual Rows": 717257,
                                                "Actual Loops": 6,
                                                "Output": [
                                                    "t.id",
                                                    "ci.movie_id"
                                                ],
                                                "Inner Unique": true,
                                                "Hash Cond": "(ci.movie_id = t.id)",
                                                "Workers": [
                                                    {
                                                        "Worker Number": 0,
                                                        "Actual Startup Time": 401.851,
                                                        "Actual Total Time": 1519.784,
                                                        "Actual Rows": 776564,
                                                        "Actual Loops": 1
                                                    },
                                                    {
                                                        "Worker Number": 1,
                                                        "Actual Startup Time": 401.629,
                                                        "Actual Total Time": 1531.134,
                                                        "Actual Rows": 689147,
                                                        "Actual Loops": 1
                                                    },
                                                    {
                                                        "Worker Number": 2,
                                                        "Actual Startup Time": 401.675,
                                                        "Actual Total Time": 1532.049,
                                                        "Actual Rows": 682654,
                                                        "Actual Loops": 1
                                                    },
                                                    {
                                                        "Worker Number": 3,
                                                        "Actual Startup Time": 401.621,
                                                        "Actual Total Time": 1527.431,
                                                        "Actual Rows": 763076,
                                                        "Actual Loops": 1
                                                    },
                                                    {
                                                        "Worker Number": 4,
                                                        "Actual Startup Time": 401.742,
                                                        "Actual Total Time": 1540.401,
                                                        "Actual Rows": 552525,
                                                        "Actual Loops": 1
                                                    }
                                                ],
                                                "Plans": [
                                                    {
                                                        "Node Type": "Seq Scan",
                                                        "Parent Relationship": "Outer",
                                                        "Parallel Aware": true,
                                                        "Relation Name": "cast_info",
                                                        "Schema": "public",
                                                        "Alias": "ci",
                                                        "Startup Cost": 0.0,
                                                        "Total Cost": 343318.94,
                                                        "Plan Rows": 1679482,
                                                        "Plan Width": 4,
                                                        "Actual Startup Time": 278.682,
                                                        "Actual Total Time": 760.485,
                                                        "Actual Rows": 2607422,
                                                        "Actual Loops": 6,
                                                        "Output": [
                                                            "ci.id",
                                                            "ci.person_id",
                                                            "ci.movie_id",
                                                            "ci.person_role_id",
                                                            "ci.note",
                                                            "ci.nr_order",
                                                            "ci.role_id"
                                                        ],
                                                        "Filter": "((ci.person_id > 2073193) AND (ci.role_id > 1))",
                                                        "Rows Removed by Filter": 3433302,
                                                        "Workers": [
                                                            {
                                                                "Worker Number": 0,
                                                                "Actual Startup Time": 278.692,
                                                                "Actual Total Time": 767.547,
                                                                "Actual Rows": 2813886,
                                                                "Actual Loops": 1
                                                            },
                                                            {
                                                                "Worker Number": 1,
                                                                "Actual Startup Time": 278.673,
                                                                "Actual Total Time": 745.68,
                                                                "Actual Rows": 2496137,
                                                                "Actual Loops": 1
                                                            },
                                                            {
                                                                "Worker Number": 2,
                                                                "Actual Startup Time": 278.682,
                                                                "Actual Total Time": 747.43,
                                                                "Actual Rows": 2486749,
                                                                "Actual Loops": 1
                                                            },
                                                            {
                                                                "Worker Number": 3,
                                                                "Actual Startup Time": 278.682,
                                                                "Actual Total Time": 773.076,
                                                                "Actual Rows": 2788172,
                                                                "Actual Loops": 1
                                                            },
                                                            {
                                                                "Worker Number": 4,
                                                                "Actual Startup Time": 278.671,
                                                                "Actual Total Time": 806.029,
                                                                "Actual Rows": 2007045,
                                                                "Actual Loops": 1
                                                            }
                                                        ]
                                                    },
                                                    {
                                                        "Node Type": "Hash",
                                                        "Parent Relationship": "Inner",
                                                        "Parallel Aware": true,
                                                        "Startup Cost": 43899.01,
                                                        "Total Cost": 43899.01,
                                                        "Plan Rows": 167838,
                                                        "Plan Width": 4,
                                                        "Actual Startup Time": 121.97,
                                                        "Actual Total Time": 121.971,
                                                        "Actual Rows": 110471,
                                                        "Actual Loops": 6,
                                                        "Output": [
                                                            "t.id"
                                                        ],
                                                        "Hash Buckets": 1048576,
                                                        "Original Hash Buckets": 1048576,
                                                        "Hash Batches": 1,
                                                        "Original Hash Batches": 1,
                                                        "Peak Memory Usage": 34208,
                                                        "Workers": [
                                                            {
                                                                "Worker Number": 0,
                                                                "Actual Startup Time": 122.885,
                                                                "Actual Total Time": 122.886,
                                                                "Actual Rows": 116851,
                                                                "Actual Loops": 1
                                                            },
                                                            {
                                                                "Worker Number": 1,
                                                                "Actual Startup Time": 122.876,
                                                                "Actual Total Time": 122.877,
                                                                "Actual Rows": 104359,
                                                                "Actual Loops": 1
                                                            },
                                                            {
                                                                "Worker Number": 2,
                                                                "Actual Startup Time": 122.87,
                                                                "Actual Total Time": 122.872,
                                                                "Actual Rows": 105146,
                                                                "Actual Loops": 1
                                                            },
                                                            {
                                                                "Worker Number": 3,
                                                                "Actual Startup Time": 122.884,
                                                                "Actual Total Time": 122.885,
                                                                "Actual Rows": 115673,
                                                                "Actual Loops": 1
                                                            },
                                                            {
                                                                "Worker Number": 4,
                                                                "Actual Startup Time": 122.861,
                                                                "Actual Total Time": 122.862,
                                                                "Actual Rows": 82950,
                                                                "Actual Loops": 1
                                                            }
                                                        ],
                                                        "Plans": [
                                                            {
                                                                "Node Type": "Seq Scan",
                                                                "Parent Relationship": "Outer",
                                                                "Parallel Aware": true,
                                                                "Relation Name": "title",
                                                                "Schema": "public",
                                                                "Alias": "t",
                                                                "Startup Cost": 0.0,
                                                                "Total Cost": 43899.01,
                                                                "Plan Rows": 167838,
                                                                "Plan Width": 4,
                                                                "Actual Startup Time": 40.554,
                                                                "Actual Total Time": 78.544,
                                                                "Actual Rows": 110471,
                                                                "Actual Loops": 6,
                                                                "Output": [
                                                                    "t.id"
                                                                ],
                                                                "Filter": "(t.kind_id = 1)",
                                                                "Rows Removed by Filter": 310914,
                                                                "Workers": [
                                                                    {
                                                                        "Worker Number": 0,
                                                                        "Actual Startup Time": 47.746,
                                                                        "Actual Total Time": 79.059,
                                                                        "Actual Rows": 116851,
                                                                        "Actual Loops": 1
                                                                    },
                                                                    {
                                                                        "Worker Number": 1,
                                                                        "Actual Startup Time": 47.683,
                                                                        "Actual Total Time": 78.417,
                                                                        "Actual Rows": 104359,
                                                                        "Actual Loops": 1
                                                                    },
                                                                    {
                                                                        "Worker Number": 2,
                                                                        "Actual Startup Time": 47.667,
                                                                        "Actual Total Time": 78.516,
                                                                        "Actual Rows": 105146,
                                                                        "Actual Loops": 1
                                                                    },
                                                                    {
                                                                        "Worker Number": 3,
                                                                        "Actual Startup Time": 47.95,
                                                                        "Actual Total Time": 79.315,
                                                                        "Actual Rows": 115673,
                                                                        "Actual Loops": 1
                                                                    },
                                                                    {
                                                                        "Worker Number": 4,
                                                                        "Actual Startup Time": 4.573,
                                                                        "Actual Total Time": 80.261,
                                                                        "Actual Rows": 82950,
                                                                        "Actual Loops": 1
                                                                    }
                                                                ]
                                                            }
                                                        ]
                                                    }
                                                ]
                                            }
                                        ]
                                    }
                                ]
                            }
                        ]
                    }
                ]
            }
        ]
    },
    "Planning Time": 1.649,
    "Triggers": [],
    "Execution Time": 6652.686
}