[
    {
        "Bao": {
            "Bao prediction": "NaN",
            "Bao recommended hint": "(no hint)"
        }
    },
    {
        "Plan": {
            "Node Type": "Aggregate",
            "Strategy": "Plain",
            "Partial Mode": "Finalize",
            "Parallel Aware": false,
            "Startup Cost": 542257.05,
            "Total Cost": 542257.06,
            "Plan Rows": 1,
            "Plan Width": 8,
            "Actual Startup Time": 1731.383,
            "Actual Total Time": 1803.494,
            "Actual Rows": 1,
            "Actual Loops": 1,
            "Output": [
                "count(*)"
            ],
            "Plans": [
                {
                    "Node Type": "Gather",
                    "Parent Relationship": "Outer",
                    "Parallel Aware": false,
                    "Startup Cost": 542256.53,
                    "Total Cost": 542257.04,
                    "Plan Rows": 5,
                    "Plan Width": 8,
                    "Actual Startup Time": 1726.192,
                    "Actual Total Time": 1803.481,
                    "Actual Rows": 6,
                    "Actual Loops": 1,
                    "Output": [
                        "(PARTIAL count(*))"
                    ],
                    "Workers Planned": 5,
                    "Workers Launched": 5,
                    "Single Copy": false,
                    "Plans": [
                        {
                            "Node Type": "Aggregate",
                            "Strategy": "Plain",
                            "Partial Mode": "Partial",
                            "Parent Relationship": "Outer",
                            "Parallel Aware": false,
                            "Startup Cost": 541256.53,
                            "Total Cost": 541256.54,
                            "Plan Rows": 1,
                            "Plan Width": 8,
                            "Actual Startup Time": 1716.023,
                            "Actual Total Time": 1716.028,
                            "Actual Rows": 1,
                            "Actual Loops": 6,
                            "Output": [
                                "PARTIAL count(*)"
                            ],
                            "Workers": [
                                {
                                    "Worker Number": 0,
                                    "Actual Startup Time": 1713.543,
                                    "Actual Total Time": 1713.548,
                                    "Actual Rows": 1,
                                    "Actual Loops": 1
                                },
                                {
                                    "Worker Number": 1,
                                    "Actual Startup Time": 1713.435,
                                    "Actual Total Time": 1713.44,
                                    "Actual Rows": 1,
                                    "Actual Loops": 1
                                },
                                {
                                    "Worker Number": 2,
                                    "Actual Startup Time": 1714.629,
                                    "Actual Total Time": 1714.634,
                                    "Actual Rows": 1,
                                    "Actual Loops": 1
                                },
                                {
                                    "Worker Number": 3,
                                    "Actual Startup Time": 1714.055,
                                    "Actual Total Time": 1714.061,
                                    "Actual Rows": 1,
                                    "Actual Loops": 1
                                },
                                {
                                    "Worker Number": 4,
                                    "Actual Startup Time": 1714.624,
                                    "Actual Total Time": 1714.628,
                                    "Actual Rows": 1,
                                    "Actual Loops": 1
                                }
                            ],
                            "Plans": [
                                {
                                    "Node Type": "Nested Loop",
                                    "Parent Relationship": "Outer",
                                    "Parallel Aware": false,
                                    "Join Type": "Inner",
                                    "Startup Cost": 47623.39,
                                    "Total Cost": 536922.0,
                                    "Plan Rows": 1733812,
                                    "Plan Width": 0,
                                    "Actual Startup Time": 157.596,
                                    "Actual Total Time": 1655.362,
                                    "Actual Rows": 931052,
                                    "Actual Loops": 6,
                                    "Inner Unique": false,
                                    "Join Filter": "(t.id = ci.movie_id)",
                                    "Rows Removed by Join Filter": 0,
                                    "Workers": [
                                        {
                                            "Worker Number": 0,
                                            "Actual Startup Time": 155.153,
                                            "Actual Total Time": 1654.326,
                                            "Actual Rows": 887569,
                                            "Actual Loops": 1
                                        },
                                        {
                                            "Worker Number": 1,
                                            "Actual Startup Time": 155.192,
                                            "Actual Total Time": 1653.248,
                                            "Actual Rows": 744269,
                                            "Actual Loops": 1
                                        },
                                        {
                                            "Worker Number": 2,
                                            "Actual Startup Time": 155.725,
                                            "Actual Total Time": 1654.38,
                                            "Actual Rows": 835793,
                                            "Actual Loops": 1
                                        },
                                        {
                                            "Worker Number": 3,
                                            "Actual Startup Time": 155.738,
                                            "Actual Total Time": 1653.74,
                                            "Actual Rows": 837868,
                                            "Actual Loops": 1
                                        },
                                        {
                                            "Worker Number": 4,
                                            "Actual Startup Time": 156.356,
                                            "Actual Total Time": 1656.36,
                                            "Actual Rows": 800861,
                                            "Actual Loops": 1
                                        }
                                    ],
                                    "Plans": [
                                        {
                                            "Node Type": "Hash Join",
                                            "Parent Relationship": "Outer",
                                            "Parallel Aware": true,
                                            "Join Type": "Inner",
                                            "Startup Cost": 47622.82,
                                            "Total Cost": 247673.49,
                                            "Plan Rows": 120919,
                                            "Plan Width": 8,
                                            "Actual Startup Time": 157.485,
                                            "Actual Total Time": 590.058,
                                            "Actual Rows": 34839,
                                            "Actual Loops": 6,
                                            "Output": [
                                                "t.id",
                                                "mi.movie_id"
                                            ],
                                            "Inner Unique": true,
                                            "Hash Cond": "(mi.movie_id = t.id)",
                                            "Workers": [
                                                {
                                                    "Worker Number": 0,
                                                    "Actual Startup Time": 155.01,
                                                    "Actual Total Time": 586.002,
                                                    "Actual Rows": 33361,
                                                    "Actual Loops": 1
                                                },
                                                {
                                                    "Worker Number": 1,
                                                    "Actual Startup Time": 155.058,
                                                    "Actual Total Time": 583.937,
                                                    "Actual Rows": 27829,
                                                    "Actual Loops": 1
                                                },
                                                {
                                                    "Worker Number": 2,
                                                    "Actual Startup Time": 155.611,
                                                    "Actual Total Time": 587.054,
                                                    "Actual Rows": 31035,
                                                    "Actual Loops": 1
                                                },
                                                {
                                                    "Worker Number": 3,
                                                    "Actual Startup Time": 155.627,
                                                    "Actual Total Time": 586.56,
                                                    "Actual Rows": 30748,
                                                    "Actual Loops": 1
                                                },
                                                {
                                                    "Worker Number": 4,
                                                    "Actual Startup Time": 156.231,
                                                    "Actual Total Time": 589.362,
                                                    "Actual Rows": 29193,
                                                    "Actual Loops": 1
                                                }
                                            ],
                                            "Plans": [
                                                {
                                                    "Node Type": "Seq Scan",
                                                    "Parent Relationship": "Outer",
                                                    "Parallel Aware": true,
                                                    "Relation Name": "movie_info",
                                                    "Schema": "public",
                                                    "Alias": "mi",
                                                    "Startup Cost": 0.0,
                                                    "Total Cost": 198880.74,
                                                    "Plan Rows": 445687,
                                                    "Plan Width": 4,
                                                    "Actual Startup Time": 19.31,
                                                    "Actual Total Time": 358.843,
                                                    "Actual Rows": 372308,
                                                    "Actual Loops": 6,
                                                    "Output": [
                                                        "mi.id",
                                                        "mi.movie_id",
                                                        "mi.info_type_id",
                                                        "mi.info",
                                                        "mi.note"
                                                    ],
                                                    "Filter": "(mi.info_type_id > 16)",
                                                    "Rows Removed by Filter": 2100312,
                                                    "Workers": [
                                                        {
                                                            "Worker Number": 0,
                                                            "Actual Startup Time": 19.196,
                                                            "Actual Total Time": 359.91,
                                                            "Actual Rows": 350731,
                                                            "Actual Loops": 1
                                                        },
                                                        {
                                                            "Worker Number": 1,
                                                            "Actual Startup Time": 19.271,
                                                            "Actual Total Time": 363.722,
                                                            "Actual Rows": 284767,
                                                            "Actual Loops": 1
                                                        },
                                                        {
                                                            "Worker Number": 2,
                                                            "Actual Startup Time": 19.236,
                                                            "Actual Total Time": 362.129,
                                                            "Actual Rows": 327522,
                                                            "Actual Loops": 1
                                                        },
                                                        {
                                                            "Worker Number": 3,
                                                            "Actual Startup Time": 19.384,
                                                            "Actual Total Time": 363.042,
                                                            "Actual Rows": 329211,
                                                            "Actual Loops": 1
                                                        },
                                                        {
                                                            "Worker Number": 4,
                                                            "Actual Startup Time": 19.376,
                                                            "Actual Total Time": 361.31,
                                                            "Actual Rows": 326119,
                                                            "Actual Loops": 1
                                                        }
                                                    ]
                                                },
                                                {
                                                    "Node Type": "Hash",
                                                    "Parent Relationship": "Inner",
                                                    "Parallel Aware": true,
                                                    "Startup Cost": 45479.21,
                                                    "Total Cost": 45479.21,
                                                    "Plan Rows": 171489,
                                                    "Plan Width": 4,
                                                    "Actual Startup Time": 135.955,
                                                    "Actual Total Time": 135.956,
                                                    "Actual Rows": 99416,
                                                    "Actual Loops": 6,
                                                    "Output": [
                                                        "t.id"
                                                    ],
                                                    "Hash Buckets": 1048576,
                                                    "Original Hash Buckets": 1048576,
                                                    "Hash Batches": 1,
                                                    "Original Hash Batches": 1,
                                                    "Peak Memory Usage": 31616,
                                                    "Workers": [
                                                        {
                                                            "Worker Number": 0,
                                                            "Actual Startup Time": 135.031,
                                                            "Actual Total Time": 135.032,
                                                            "Actual Rows": 83476,
                                                            "Actual Loops": 1
                                                        },
                                                        {
                                                            "Worker Number": 1,
                                                            "Actual Startup Time": 134.899,
                                                            "Actual Total Time": 134.9,
                                                            "Actual Rows": 73193,
                                                            "Actual Loops": 1
                                                        },
                                                        {
                                                            "Worker Number": 2,
                                                            "Actual Startup Time": 135.455,
                                                            "Actual Total Time": 135.456,
                                                            "Actual Rows": 87014,
                                                            "Actual Loops": 1
                                                        },
                                                        {
                                                            "Worker Number": 3,
                                                            "Actual Startup Time": 135.455,
                                                            "Actual Total Time": 135.457,
                                                            "Actual Rows": 84097,
                                                            "Actual Loops": 1
                                                        },
                                                        {
                                                            "Worker Number": 4,
                                                            "Actual Startup Time": 136.144,
                                                            "Actual Total Time": 136.145,
                                                            "Actual Rows": 79776,
                                                            "Actual Loops": 1
                                                        }
                                                    ],
                                                    "Plans": [
                                                        {
                                                            "Node Type": "Seq Scan",
                                                            "Parent Relationship": "Outer",
                                                            "Parallel Aware": true,
                                                            "Relation Name": "title",
                                                            "Schema": "public",
                                                            "Alias": "t",
                                                            "Startup Cost": 0.0,
                                                            "Total Cost": 45479.21,
                                                            "Plan Rows": 171489,
                                                            "Plan Width": 4,
                                                            "Actual Startup Time": 0.042,
                                                            "Actual Total Time": 93.147,
                                                            "Actual Rows": 99416,
                                                            "Actual Loops": 6,
                                                            "Output": [
                                                                "t.id"
                                                            ],
                                                            "Filter": "((t.production_year < 2002) AND (t.kind_id = 7))",
                                                            "Rows Removed by Filter": 321970,
                                                            "Workers": [
                                                                {
                                                                    "Worker Number": 0,
                                                                    "Actual Startup Time": 0.04,
                                                                    "Actual Total Time": 93.713,
                                                                    "Actual Rows": 83476,
                                                                    "Actual Loops": 1
                                                                },
                                                                {
                                                                    "Worker Number": 1,
                                                                    "Actual Startup Time": 0.062,
                                                                    "Actual Total Time": 93.255,
                                                                    "Actual Rows": 73193,
                                                                    "Actual Loops": 1
                                                                },
                                                                {
                                                                    "Worker Number": 2,
                                                                    "Actual Startup Time": 0.049,
                                                                    "Actual Total Time": 96.213,
                                                                    "Actual Rows": 87014,
                                                                    "Actual Loops": 1
                                                                },
                                                                {
                                                                    "Worker Number": 3,
                                                                    "Actual Startup Time": 0.041,
                                                                    "Actual Total Time": 94.665,
                                                                    "Actual Rows": 84097,
                                                                    "Actual Loops": 1
                                                                },
                                                                {
                                                                    "Worker Number": 4,
                                                                    "Actual Startup Time": 0.048,
                                                                    "Actual Total Time": 93.02,
                                                                    "Actual Rows": 79776,
                                                                    "Actual Loops": 1
                                                                }
                                                            ]
                                                        }
                                                    ]
                                                }
                                            ]
                                        },
                                        {
                                            "Node Type": "Index Only Scan",
                                            "Parent Relationship": "Inner",
                                            "Parallel Aware": false,
                                            "Scan Direction": "Forward",
                                            "Index Name": "movie_id_cast_info",
                                            "Relation Name": "cast_info",
                                            "Schema": "public",
                                            "Alias": "ci",
                                            "Startup Cost": 0.56,
                                            "Total Cost": 1.92,
                                            "Plan Rows": 38,
                                            "Plan Width": 4,
                                            "Actual Startup Time": 0.006,
                                            "Actual Total Time": 0.027,
                                            "Actual Rows": 27,
                                            "Actual Loops": 209035,
                                            "Output": [
                                                "ci.movie_id"
                                            ],
                                            "Index Cond": "(ci.movie_id = mi.movie_id)",
                                            "Rows Removed by Index Recheck": 0,
                                            "Heap Fetches": 5586313,
                                            "Workers": [
                                                {
                                                    "Worker Number": 0,
                                                    "Actual Startup Time": 0.007,
                                                    "Actual Total Time": 0.028,
                                                    "Actual Rows": 27,
                                                    "Actual Loops": 33361
                                                },
                                                {
                                                    "Worker Number": 1,
                                                    "Actual Startup Time": 0.008,
                                                    "Actual Total Time": 0.034,
                                                    "Actual Rows": 27,
                                                    "Actual Loops": 27829
                                                },
                                                {
                                                    "Worker Number": 2,
                                                    "Actual Startup Time": 0.007,
                                                    "Actual Total Time": 0.03,
                                                    "Actual Rows": 27,
                                                    "Actual Loops": 31035
                                                },
                                                {
                                                    "Worker Number": 3,
                                                    "Actual Startup Time": 0.007,
                                                    "Actual Total Time": 0.031,
                                                    "Actual Rows": 27,
                                                    "Actual Loops": 30748
                                                },
                                                {
                                                    "Worker Number": 4,
                                                    "Actual Startup Time": 0.007,
                                                    "Actual Total Time": 0.032,
                                                    "Actual Rows": 27,
                                                    "Actual Loops": 29193
                                                }
                                            ]
                                        }
                                    ]
                                }
                            ]
                        }
                    ]
                }
            ]
        },
        "Planning Time": 178.779,
        "Triggers": [],
        "Execution Time": 1803.583
    }
]