[
  {
    "Plan": {
      "Node Type": "Aggregate",
      "Strategy": "Plain",
      "Partial Mode": "Finalize",
      "Parallel Aware": false,
      "Startup Cost": 44722.87,
      "Total Cost": 44722.88,
      "Plan Rows": 1,
      "Plan Width": 8,
      "Actual Startup Time": 137.008,
      "Actual Total Time": 146.479,
      "Actual Rows": 1,
      "Actual Loops": 1,
      "Plans": [
        {
          "Node Type": "Gather",
          "Parent Relationship": "Outer",
          "Parallel Aware": false,
          "Startup Cost": 44722.55,
          "Total Cost": 44722.86,
          "Plan Rows": 3,
          "Plan Width": 8,
          "Actual Startup Time": 136.87,
          "Actual Total Time": 146.469,
          "Actual Rows": 4,
          "Actual Loops": 1,
          "Workers Planned": 3,
          "Workers Launched": 3,
          "Single Copy": false,
          "Plans": [
            {
              "Node Type": "Aggregate",
              "Strategy": "Plain",
              "Partial Mode": "Partial",
              "Parent Relationship": "Outer",
              "Parallel Aware": false,
              "Startup Cost": 43722.55,
              "Total Cost": 43722.56,
              "Plan Rows": 1,
              "Plan Width": 8,
              "Actual Startup Time": 130.307,
              "Actual Total Time": 130.308,
              "Actual Rows": 1,
              "Actual Loops": 4,
              "Plans": [
                {
                  "Node Type": "Seq Scan",
                  "Parent Relationship": "Outer",
                  "Parallel Aware": true,
                  "Relation Name": "movie_keyword",
                  "Alias": "mk",
                  "Startup Cost": 0.0,
                  "Total Cost": 42695.65,
                  "Plan Rows": 410759,
                  "Plan Width": 0,
                  "Actual Startup Time": 0.055,
                  "Actual Total Time": 113.273,
                  "Actual Rows": 319576,
                  "Actual Loops": 4,
                  "Filter": "(keyword_id < 1647)",
                  "Rows Removed by Filter": 811406
                }
              ]
            }
          ]
        }
      ]
    },
    "Planning Time": 0.179,
    "Triggers": [],
    "Execution Time": 146.533
  }
]