{
  "Plan": {
    "Node Type": "Aggregate",
    "Strategy": "Plain",
    "Partial Mode": "Finalize",
    "Parallel Aware": false,
    "Startup Cost": 593859.28,
    "Total Cost": 593859.29,
    "Plan Rows": 1,
    "Plan Width": 8,
    "Actual Startup Time": 1922.575,
    "Actual Total Time": 1977.894,
    "Actual Rows": 1,
    "Actual Loops": 1,
    "Plans": [
      {
        "Node Type": "Gather",
        "Parent Relationship": "Outer",
        "Parallel Aware": false,
        "Startup Cost": 593859.17,
        "Total Cost": 593859.28,
        "Plan Rows": 1,
        "Plan Width": 8,
        "Actual Startup Time": 1921.537,
        "Actual Total Time": 1977.885,
        "Actual Rows": 2,
        "Actual Loops": 1,
        "Workers Planned": 1,
        "Workers Launched": 1,
        "Single Copy": false,
        "Plans": [
          {
            "Node Type": "Aggregate",
            "Strategy": "Plain",
            "Partial Mode": "Partial",
            "Parent Relationship": "Outer",
            "Parallel Aware": false,
            "Startup Cost": 592859.17,
            "Total Cost": 592859.18,
            "Plan Rows": 1,
            "Plan Width": 8,
            "Actual Startup Time": 1915.388,
            "Actual Total Time": 1915.4,
            "Actual Rows": 1,
            "Actual Loops": 2,
            "Plans": [
              {
                "Node Type": "Hash Join",
                "Parent Relationship": "Outer",
                "Parallel Aware": true,
                "Join Type": "Inner",
                "Startup Cost": 300806.15,
                "Total Cost": 589731.69,
                "Plan Rows": 1250990,
                "Plan Width": 0,
                "Actual Startup Time": 704.577,
                "Actual Total Time": 1915.335,
                "Actual Rows": 324,
                "Actual Loops": 2,
                "Inner Unique": false,
                "Hash Cond": "(mi.movie_id = t.id)",
                "Plans": [
                  {
                    "Node Type": "Seq Scan",
                    "Parent Relationship": "Outer",
                    "Parallel Aware": true,
                    "Relation Name": "movie_info",
                    "Alias": "mi",
                    "Startup Cost": 0.0,
                    "Total Cost": 248955.74,
                    "Plan Rows": 8696274,
                    "Plan Width": 4,
                    "Actual Startup Time": 0.017,
                    "Actual Total Time": 643.644,
                    "Actual Rows": 7417860,
                    "Actual Loops": 2
                  },
                  {
                    "Node Type": "Hash",
                    "Parent Relationship": "Inner",
                    "Parallel Aware": true,
                    "Startup Cost": 298131.85,
                    "Total Cost": 298131.85,
                    "Plan Rows": 213944,
                    "Plan Width": 8,
                    "Actual Startup Time": 689.301,
                    "Actual Total Time": 689.311,
                    "Actual Rows": 18,
                    "Actual Loops": 2,
                    "Hash Buckets": 524288,
                    "Original Hash Buckets": 524288,
                    "Hash Batches": 1,
                    "Original Hash Batches": 1,
                    "Peak Memory Usage": 4160,
                    "Plans": [
                      {
                        "Node Type": "Hash Join",
                        "Parent Relationship": "Outer",
                        "Parallel Aware": true,
                        "Join Type": "Inner",
                        "Startup Cost": 56867.48,
                        "Total Cost": 298131.85,
                        "Plan Rows": 213944,
                        "Plan Width": 8,
                        "Actual Startup Time": 288.924,
                        "Actual Total Time": 689.015,
                        "Actual Rows": 18,
                        "Actual Loops": 2,
                        "Inner Unique": true,
                        "Hash Cond": "(ci.movie_id = t.id)",
                        "Plans": [
                          {
                            "Node Type": "Index Scan",
                            "Parent Relationship": "Outer",
                            "Parallel Aware": true,
                            "Scan Direction": "Forward",
                            "Index Name": "role_id_cast_info",
                            "Relation Name": "cast_info",
                            "Alias": "ci",
                            "Startup Cost": 0.56,
                            "Total Cost": 236682.84,
                            "Plan Rows": 1745558,
                            "Plan Width": 4,
                            "Actual Startup Time": 0.555,
                            "Actual Total Time": 486.167,
                            "Actual Rows": 1324,
                            "Actual Loops": 2,
                            "Index Cond": "(role_id = 2)",
                            "Rows Removed by Index Recheck": 0,
                            "Filter": "(person_id < 1438962)",
                            "Rows Removed by Filter": 3724662
                          },
                          {
                            "Node Type": "Hash",
                            "Parent Relationship": "Inner",
                            "Parallel Aware": true,
                            "Startup Cost": 54588.39,
                            "Total Cost": 54588.39,
                            "Plan Rows": 182282,
                            "Plan Width": 4,
                            "Actual Startup Time": 197.921,
                            "Actual Total Time": 197.928,
                            "Actual Rows": 161622,
                            "Actual Loops": 2,
                            "Hash Buckets": 524288,
                            "Original Hash Buckets": 524288,
                            "Hash Batches": 1,
                            "Original Hash Batches": 1,
                            "Peak Memory Usage": 16800,
                            "Plans": [
                              {
                                "Node Type": "Seq Scan",
                                "Parent Relationship": "Outer",
                                "Parallel Aware": true,
                                "Relation Name": "title",
                                "Alias": "t",
                                "Startup Cost": 0.0,
                                "Total Cost": 54588.39,
                                "Plan Rows": 182282,
                                "Plan Width": 4,
                                "Actual Startup Time": 0.044,
                                "Actual Total Time": 144.747,
                                "Actual Rows": 161622,
                                "Actual Loops": 2,
                                "Filter": "(production_year < 1967)",
                                "Rows Removed by Filter": 1102534
                              }
                            ]
                          }
                        ]
                      }
                    ]
                  }
                ]
              }
            ]
          }
        ]
      }
    ]
  },
  "Planning Time": 0.941,
  "Triggers": [],
  "Execution Time": 1977.998
}