{
  "Plan": {
    "Node Type": "Aggregate",
    "Strategy": "Plain",
    "Partial Mode": "Finalize",
    "Parallel Aware": false,
    "Startup Cost": 28998.84,
    "Total Cost": 28998.85,
    "Plan Rows": 1,
    "Plan Width": 8,
    "Actual Startup Time": 19.128,
    "Actual Total Time": 22.081,
    "Actual Rows": 1,
    "Actual Loops": 1,
    "Plans": [
      {
        "Node Type": "Gather",
        "Parent Relationship": "Outer",
        "Parallel Aware": false,
        "Startup Cost": 28998.73,
        "Total Cost": 28998.84,
        "Plan Rows": 1,
        "Plan Width": 8,
        "Actual Startup Time": 18.86,
        "Actual Total Time": 22.065,
        "Actual Rows": 2,
        "Actual Loops": 1,
        "Workers Planned": 1,
        "Workers Launched": 1,
        "Single Copy": false,
        "Plans": [
          {
            "Node Type": "Aggregate",
            "Strategy": "Plain",
            "Partial Mode": "Partial",
            "Parent Relationship": "Outer",
            "Parallel Aware": false,
            "Startup Cost": 27998.73,
            "Total Cost": 27998.74,
            "Plan Rows": 1,
            "Plan Width": 8,
            "Actual Startup Time": 13.136,
            "Actual Total Time": 13.138,
            "Actual Rows": 1,
            "Actual Loops": 2,
            "Plans": [
              {
                "Node Type": "Nested Loop",
                "Parent Relationship": "Outer",
                "Parallel Aware": false,
                "Join Type": "Inner",
                "Startup Cost": 92.54,
                "Total Cost": 27998.34,
                "Plan Rows": 153,
                "Plan Width": 0,
                "Actual Startup Time": 3.972,
                "Actual Total Time": 13.121,
                "Actual Rows": 63,
                "Actual Loops": 2,
                "Inner Unique": true,
                "Plans": [
                  {
                    "Node Type": "Bitmap Heap Scan",
                    "Parent Relationship": "Outer",
                    "Parallel Aware": true,
                    "Relation Name": "movie_companies",
                    "Alias": "mc",
                    "Startup Cost": 92.11,
                    "Total Cost": 9970.49,
                    "Plan Rows": 2405,
                    "Plan Width": 4,
                    "Actual Startup Time": 0.894,
                    "Actual Total Time": 2.213,
                    "Actual Rows": 1861,
                    "Actual Loops": 2,
                    "Recheck Cond": "(company_id = 164)",
                    "Rows Removed by Index Recheck": 0,
                    "Exact Heap Blocks": 426,
                    "Lossy Heap Blocks": 0,
                    "Plans": [
                      {
                        "Node Type": "Bitmap Index Scan",
                        "Parent Relationship": "Outer",
                        "Parallel Aware": false,
                        "Index Name": "company_id_movie_companies",
                        "Startup Cost": 0.0,
                        "Total Cost": 91.09,
                        "Plan Rows": 4088,
                        "Plan Width": 0,
                        "Actual Startup Time": 1.557,
                        "Actual Total Time": 1.557,
                        "Actual Rows": 3722,
                        "Actual Loops": 1,
                        "Index Cond": "(company_id = 164)"
                      }
                    ]
                  },
                  {
                    "Node Type": "Index Scan",
                    "Parent Relationship": "Inner",
                    "Parallel Aware": false,
                    "Scan Direction": "Forward",
                    "Index Name": "title_pkey",
                    "Relation Name": "title",
                    "Alias": "t",
                    "Startup Cost": 0.43,
                    "Total Cost": 7.5,
                    "Plan Rows": 1,
                    "Plan Width": 4,
                    "Actual Startup Time": 0.005,
                    "Actual Total Time": 0.005,
                    "Actual Rows": 0,
                    "Actual Loops": 3722,
                    "Index Cond": "(id = mc.movie_id)",
                    "Rows Removed by Index Recheck": 0,
                    "Filter": "(production_year = 2012)",
                    "Rows Removed by Filter": 1
                  }
                ]
              }
            ]
          }
        ]
      }
    ]
  },
  "Planning Time": 0.26,
  "Triggers": [],
  "Execution Time": 22.148
}