[
  {
    "Plan": {
      "Node Type": "Aggregate",
      "Strategy": "Plain",
      "Partial Mode": "Finalize",
      "Parallel Aware": false,
      "Startup Cost": 422383.59,
      "Total Cost": 422383.6,
      "Plan Rows": 1,
      "Plan Width": 8,
      "Actual Startup Time": 4340.954,
      "Actual Total Time": 4424.976,
      "Actual Rows": 1,
      "Actual Loops": 1,
      "Plans": [
        {
          "Node Type": "Gather",
          "Parent Relationship": "Outer",
          "Parallel Aware": false,
          "Startup Cost": 422383.07,
          "Total Cost": 422383.58,
          "Plan Rows": 5,
          "Plan Width": 8,
          "Actual Startup Time": 4322.633,
          "Actual Total Time": 4424.963,
          "Actual Rows": 6,
          "Actual Loops": 1,
          "Workers Planned": 5,
          "Workers Launched": 5,
          "Single Copy": false,
          "Plans": [
            {
              "Node Type": "Aggregate",
              "Strategy": "Plain",
              "Partial Mode": "Partial",
              "Parent Relationship": "Outer",
              "Parallel Aware": false,
              "Startup Cost": 421383.07,
              "Total Cost": 421383.08,
              "Plan Rows": 1,
              "Plan Width": 8,
              "Actual Startup Time": 4301.555,
              "Actual Total Time": 4301.559,
              "Actual Rows": 1,
              "Actual Loops": 6,
              "Plans": [
                {
                  "Node Type": "Nested Loop",
                  "Parent Relationship": "Outer",
                  "Parallel Aware": false,
                  "Join Type": "Inner",
                  "Startup Cost": 58355.86,
                  "Total Cost": 418166.69,
                  "Plan Rows": 1286550,
                  "Plan Width": 0,
                  "Actual Startup Time": 300.738,
                  "Actual Total Time": 4012.302,
                  "Actual Rows": 6228132,
                  "Actual Loops": 6,
                  "Inner Unique": false,
                  "Plans": [
                    {
                      "Node Type": "Hash Join",
                      "Parent Relationship": "Outer",
                      "Parallel Aware": true,
                      "Join Type": "Inner",
                      "Startup Cost": 58355.3,
                      "Total Cost": 221706.31,
                      "Plan Rows": 89786,
                      "Plan Width": 8,
                      "Actual Startup Time": 300.583,
                      "Actual Total Time": 354.257,
                      "Actual Rows": 71442,
                      "Actual Loops": 6,
                      "Inner Unique": true,
                      "Hash Cond": "(mi.movie_id = t.id)",
                      "Plans": [
                        {
                          "Node Type": "Bitmap Heap Scan",
                          "Parent Relationship": "Outer",
                          "Parallel Aware": true,
                          "Relation Name": "movie_info",
                          "Alias": "mi",
                          "Startup Cost": 8135.65,
                          "Total Cost": 171250.98,
                          "Plan Rows": 89786,
                          "Plan Width": 4,
                          "Actual Startup Time": 22.455,
                          "Actual Total Time": 36.787,
                          "Actual Rows": 71442,
                          "Actual Loops": 6,
                          "Recheck Cond": "(info_type_id > 104)",
                          "Rows Removed by Index Recheck": 0,
                          "Exact Heap Blocks": 1274,
                          "Lossy Heap Blocks": 0,
                          "Plans": [
                            {
                              "Node Type": "Bitmap Index Scan",
                              "Parent Relationship": "Outer",
                              "Parallel Aware": false,
                              "Index Name": "info_type_id_movie_info",
                              "Startup Cost": 0.0,
                              "Total Cost": 8023.42,
                              "Plan Rows": 448931,
                              "Plan Width": 0,
                              "Actual Startup Time": 21.237,
                              "Actual Total Time": 21.238,
                              "Actual Rows": 428651,
                              "Actual Loops": 1,
                              "Index Cond": "(info_type_id > 104)"
                            }
                          ]
                        },
                        {
                          "Node Type": "Hash",
                          "Parent Relationship": "Inner",
                          "Parallel Aware": true,
                          "Startup Cost": 42318.73,
                          "Total Cost": 42318.73,
                          "Plan Rows": 632073,
                          "Plan Width": 4,
                          "Actual Startup Time": 270.396,
                          "Actual Total Time": 270.397,
                          "Actual Rows": 421385,
                          "Actual Loops": 6,
                          "Hash Buckets": 4194304,
                          "Original Hash Buckets": 4194304,
                          "Hash Batches": 1,
                          "Original Hash Batches": 1,
                          "Peak Memory Usage": 131808,
                          "Plans": [
                            {
                              "Node Type": "Seq Scan",
                              "Parent Relationship": "Outer",
                              "Parallel Aware": true,
                              "Relation Name": "title",
                              "Alias": "t",
                              "Startup Cost": 0.0,
                              "Total Cost": 42318.73,
                              "Plan Rows": 632073,
                              "Plan Width": 4,
                              "Actual Startup Time": 0.038,
                              "Actual Total Time": 81.287,
                              "Actual Rows": 421385,
                              "Actual Loops": 6
                            }
                          ]
                        }
                      ]
                    },
                    {
                      "Node Type": "Index Only Scan",
                      "Parent Relationship": "Inner",
                      "Parallel Aware": false,
                      "Scan Direction": "Forward",
                      "Index Name": "movie_id_cast_info",
                      "Relation Name": "cast_info",
                      "Alias": "ci",
                      "Startup Cost": 0.56,
                      "Total Cost": 1.82,
                      "Plan Rows": 37,
                      "Plan Width": 4,
                      "Actual Startup Time": 0.006,
                      "Actual Total Time": 0.045,
                      "Actual Rows": 87,
                      "Actual Loops": 428651,
                      "Index Cond": "(movie_id = t.id)",
                      "Rows Removed by Index Recheck": 0,
                      "Heap Fetches": 37368794
                    }
                  ]
                }
              ]
            }
          ]
        }
      ]
    },
    "Planning Time": 1.321,
    "Triggers": [],
    "Execution Time": 4425.112
  }
]