[
  {
    "Plan": {
      "Node Type": "Aggregate",
      "Strategy": "Plain",
      "Partial Mode": "Finalize",
      "Parallel Aware": false,
      "Startup Cost": 42920.27,
      "Total Cost": 42920.28,
      "Plan Rows": 1,
      "Plan Width": 8,
      "Actual Startup Time": 79.49,
      "Actual Total Time": 86.159,
      "Actual Rows": 1,
      "Actual Loops": 1,
      "Plans": [
        {
          "Node Type": "Gather",
          "Parent Relationship": "Outer",
          "Parallel Aware": false,
          "Startup Cost": 42919.85,
          "Total Cost": 42920.26,
          "Plan Rows": 4,
          "Plan Width": 8,
          "Actual Startup Time": 78.956,
          "Actual Total Time": 86.15,
          "Actual Rows": 5,
          "Actual Loops": 1,
          "Workers Planned": 4,
          "Workers Launched": 4,
          "Single Copy": false,
          "Plans": [
            {
              "Node Type": "Aggregate",
              "Strategy": "Plain",
              "Partial Mode": "Partial",
              "Parent Relationship": "Outer",
              "Parallel Aware": false,
              "Startup Cost": 41919.85,
              "Total Cost": 41919.86,
              "Plan Rows": 1,
              "Plan Width": 8,
              "Actual Startup Time": 68.492,
              "Actual Total Time": 68.493,
              "Actual Rows": 1,
              "Actual Loops": 5,
              "Plans": [
                {
                  "Node Type": "Nested Loop",
                  "Parent Relationship": "Outer",
                  "Parallel Aware": false,
                  "Join Type": "Inner",
                  "Startup Cost": 1617.13,
                  "Total Cost": 41918.91,
                  "Plan Rows": 376,
                  "Plan Width": 0,
                  "Actual Startup Time": 27.179,
                  "Actual Total Time": 68.462,
                  "Actual Rows": 125,
                  "Actual Loops": 5,
                  "Inner Unique": false,
                  "Plans": [
                    {
                      "Node Type": "Bitmap Heap Scan",
                      "Parent Relationship": "Outer",
                      "Parallel Aware": true,
                      "Relation Name": "title",
                      "Alias": "t",
                      "Startup Cost": 1616.56,
                      "Total Cost": 37954.62,
                      "Plan Rows": 26,
                      "Plan Width": 4,
                      "Actual Startup Time": 26.348,
                      "Actual Total Time": 66.438,
                      "Actual Rows": 17,
                      "Actual Loops": 5,
                      "Recheck Cond": "(kind_id = 2)",
                      "Rows Removed by Index Recheck": 0,
                      "Filter": "(production_year > 2013)",
                      "Rows Removed by Filter": 18153,
                      "Exact Heap Blocks": 12812,
                      "Lossy Heap Blocks": 0,
                      "Plans": [
                        {
                          "Node Type": "Bitmap Index Scan",
                          "Parent Relationship": "Outer",
                          "Parallel Aware": false,
                          "Index Name": "kind_id_title",
                          "Startup Cost": 0.0,
                          "Total Cost": 1616.54,
                          "Plan Rows": 90681,
                          "Plan Width": 0,
                          "Actual Startup Time": 20.92,
                          "Actual Total Time": 20.921,
                          "Actual Rows": 90852,
                          "Actual Loops": 1,
                          "Index Cond": "(kind_id = 2)"
                        }
                      ]
                    },
                    {
                      "Node Type": "Index Only Scan",
                      "Parent Relationship": "Inner",
                      "Parallel Aware": false,
                      "Scan Direction": "Forward",
                      "Index Name": "movie_id_cast_info",
                      "Relation Name": "cast_info",
                      "Alias": "ci",
                      "Startup Cost": 0.56,
                      "Total Cost": 152.1,
                      "Plan Rows": 37,
                      "Plan Width": 4,
                      "Actual Startup Time": 0.049,
                      "Actual Total Time": 0.114,
                      "Actual Rows": 7,
                      "Actual Loops": 86,
                      "Index Cond": "(movie_id = t.id)",
                      "Rows Removed by Index Recheck": 0,
                      "Heap Fetches": 623
                    }
                  ]
                }
              ]
            }
          ]
        }
      ]
    },
    "Planning Time": 0.621,
    "Triggers": [],
    "Execution Time": 86.246
  }
]