[
  {
    "Plan": {
      "Node Type": "Aggregate",
      "Strategy": "Plain",
      "Partial Mode": "Finalize",
      "Parallel Aware": false,
      "Startup Cost": 75005.29,
      "Total Cost": 75005.3,
      "Plan Rows": 1,
      "Plan Width": 8,
      "Actual Startup Time": 197.269,
      "Actual Total Time": 213.483,
      "Actual Rows": 1,
      "Actual Loops": 1,
      "Plans": [
        {
          "Node Type": "Gather",
          "Parent Relationship": "Outer",
          "Parallel Aware": false,
          "Startup Cost": 75004.98,
          "Total Cost": 75005.29,
          "Plan Rows": 3,
          "Plan Width": 8,
          "Actual Startup Time": 197.033,
          "Actual Total Time": 213.475,
          "Actual Rows": 4,
          "Actual Loops": 1,
          "Workers Planned": 3,
          "Workers Launched": 3,
          "Single Copy": false,
          "Plans": [
            {
              "Node Type": "Aggregate",
              "Strategy": "Plain",
              "Partial Mode": "Partial",
              "Parent Relationship": "Outer",
              "Parallel Aware": false,
              "Startup Cost": 74004.98,
              "Total Cost": 74004.99,
              "Plan Rows": 1,
              "Plan Width": 8,
              "Actual Startup Time": 188.507,
              "Actual Total Time": 188.512,
              "Actual Rows": 1,
              "Actual Loops": 4,
              "Plans": [
                {
                  "Node Type": "Hash Join",
                  "Parent Relationship": "Outer",
                  "Parallel Aware": true,
                  "Join Type": "Inner",
                  "Startup Cost": 43979.77,
                  "Total Cost": 73998.08,
                  "Plan Rows": 2759,
                  "Plan Width": 0,
                  "Actual Startup Time": 112.4,
                  "Actual Total Time": 188.339,
                  "Actual Rows": 2119,
                  "Actual Loops": 4,
                  "Inner Unique": true,
                  "Hash Cond": "(mc.movie_id = t.id)",
                  "Plans": [
                    {
                      "Node Type": "Seq Scan",
                      "Parent Relationship": "Outer",
                      "Parallel Aware": true,
                      "Relation Name": "movie_companies",
                      "Alias": "mc",
                      "Startup Cost": 0.0,
                      "Total Cost": 29310.68,
                      "Plan Rows": 269574,
                      "Plan Width": 4,
                      "Actual Startup Time": 11.509,
                      "Actual Total Time": 64.717,
                      "Actual Rows": 212234,
                      "Actual Loops": 4,
                      "Filter": "(company_id > 25367)",
                      "Rows Removed by Filter": 440048
                    },
                    {
                      "Node Type": "Hash",
                      "Parent Relationship": "Inner",
                      "Parallel Aware": true,
                      "Startup Cost": 43898.92,
                      "Total Cost": 43898.92,
                      "Plan Rows": 6468,
                      "Plan Width": 4,
                      "Actual Startup Time": 99.376,
                      "Actual Total Time": 99.378,
                      "Actual Rows": 6694,
                      "Actual Loops": 4,
                      "Hash Buckets": 32768,
                      "Original Hash Buckets": 32768,
                      "Hash Batches": 1,
                      "Original Hash Batches": 1,
                      "Peak Memory Usage": 1376,
                      "Plans": [
                        {
                          "Node Type": "Seq Scan",
                          "Parent Relationship": "Outer",
                          "Parallel Aware": true,
                          "Relation Name": "title",
                          "Alias": "t",
                          "Startup Cost": 0.0,
                          "Total Cost": 43898.92,
                          "Plan Rows": 6468,
                          "Plan Width": 4,
                          "Actual Startup Time": 0.08,
                          "Actual Total Time": 95.649,
                          "Actual Rows": 6694,
                          "Actual Loops": 4,
                          "Filter": "(production_year = 1993)",
                          "Rows Removed by Filter": 625384
                        }
                      ]
                    }
                  ]
                }
              ]
            }
          ]
        }
      ]
    },
    "Planning Time": 0.653,
    "Triggers": [],
    "Execution Time": 213.552
  }
]