[
  {
    "Plan": {
      "Node Type": "Aggregate",
      "Strategy": "Plain",
      "Partial Mode": "Finalize",
      "Parallel Aware": false,
      "Startup Cost": 46388.47,
      "Total Cost": 46388.48,
      "Plan Rows": 1,
      "Plan Width": 8,
      "Actual Startup Time": 162.987,
      "Actual Total Time": 171.964,
      "Actual Rows": 1,
      "Actual Loops": 1,
      "Plans": [
        {
          "Node Type": "Gather",
          "Parent Relationship": "Outer",
          "Parallel Aware": false,
          "Startup Cost": 46388.15,
          "Total Cost": 46388.46,
          "Plan Rows": 3,
          "Plan Width": 8,
          "Actual Startup Time": 162.864,
          "Actual Total Time": 171.955,
          "Actual Rows": 4,
          "Actual Loops": 1,
          "Workers Planned": 3,
          "Workers Launched": 3,
          "Single Copy": false,
          "Plans": [
            {
              "Node Type": "Aggregate",
              "Strategy": "Plain",
              "Partial Mode": "Partial",
              "Parent Relationship": "Outer",
              "Parallel Aware": false,
              "Startup Cost": 45388.15,
              "Total Cost": 45388.16,
              "Plan Rows": 1,
              "Plan Width": 8,
              "Actual Startup Time": 156.281,
              "Actual Total Time": 156.282,
              "Actual Rows": 1,
              "Actual Loops": 4,
              "Plans": [
                {
                  "Node Type": "Seq Scan",
                  "Parent Relationship": "Outer",
                  "Parallel Aware": true,
                  "Relation Name": "movie_keyword",
                  "Alias": "mk",
                  "Startup Cost": 0.0,
                  "Total Cost": 42695.65,
                  "Plan Rows": 1076999,
                  "Plan Width": 0,
                  "Actual Startup Time": 0.049,
                  "Actual Total Time": 118.39,
                  "Actual Rows": 833078,
                  "Actual Loops": 4,
                  "Filter": "(keyword_id < 15555)",
                  "Rows Removed by Filter": 297905
                }
              ]
            }
          ]
        }
      ]
    },
    "Planning Time": 0.235,
    "Triggers": [],
    "Execution Time": 172.018
  }
]