[
  {
    "Plan": {
      "Node Type": "Aggregate",
      "Strategy": "Plain",
      "Partial Mode": "Finalize",
      "Parallel Aware": false,
      "Startup Cost": 78424.6,
      "Total Cost": 78424.61,
      "Plan Rows": 1,
      "Plan Width": 8,
      "Actual Startup Time": 201.113,
      "Actual Total Time": 223.252,
      "Actual Rows": 1,
      "Actual Loops": 1,
      "Plans": [
        {
          "Node Type": "Gather",
          "Parent Relationship": "Outer",
          "Parallel Aware": false,
          "Startup Cost": 78424.28,
          "Total Cost": 78424.59,
          "Plan Rows": 3,
          "Plan Width": 8,
          "Actual Startup Time": 200.05,
          "Actual Total Time": 223.242,
          "Actual Rows": 4,
          "Actual Loops": 1,
          "Workers Planned": 3,
          "Workers Launched": 3,
          "Single Copy": false,
          "Plans": [
            {
              "Node Type": "Aggregate",
              "Strategy": "Plain",
              "Partial Mode": "Partial",
              "Parent Relationship": "Outer",
              "Parallel Aware": false,
              "Startup Cost": 77424.28,
              "Total Cost": 77424.29,
              "Plan Rows": 1,
              "Plan Width": 8,
              "Actual Startup Time": 193.793,
              "Actual Total Time": 193.797,
              "Actual Rows": 1,
              "Actual Loops": 4,
              "Plans": [
                {
                  "Node Type": "Hash Join",
                  "Parent Relationship": "Outer",
                  "Parallel Aware": true,
                  "Join Type": "Inner",
                  "Startup Cost": 45668.17,
                  "Total Cost": 77416.69,
                  "Plan Rows": 3034,
                  "Plan Width": 0,
                  "Actual Startup Time": 149.627,
                  "Actual Total Time": 193.703,
                  "Actual Rows": 972,
                  "Actual Loops": 4,
                  "Inner Unique": true,
                  "Hash Cond": "(mc.movie_id = t.id)",
                  "Plans": [
                    {
                      "Node Type": "Seq Scan",
                      "Parent Relationship": "Outer",
                      "Parallel Aware": true,
                      "Relation Name": "movie_companies",
                      "Alias": "mc",
                      "Startup Cost": 0.0,
                      "Total Cost": 31414.82,
                      "Plan Rows": 127125,
                      "Plan Width": 4,
                      "Actual Startup Time": 34.607,
                      "Actual Total Time": 68.173,
                      "Actual Rows": 57308,
                      "Actual Loops": 4,
                      "Filter": "((company_id < 1624) AND (company_type_id = 2))",
                      "Rows Removed by Filter": 594974
                    },
                    {
                      "Node Type": "Hash",
                      "Parent Relationship": "Inner",
                      "Parallel Aware": true,
                      "Startup Cost": 45479.59,
                      "Total Cost": 45479.59,
                      "Plan Rows": 15087,
                      "Plan Width": 4,
                      "Actual Startup Time": 114.104,
                      "Actual Total Time": 114.105,
                      "Actual Rows": 17068,
                      "Actual Loops": 4,
                      "Hash Buckets": 131072,
                      "Original Hash Buckets": 65536,
                      "Hash Batches": 1,
                      "Original Hash Batches": 1,
                      "Peak Memory Usage": 4288,
                      "Plans": [
                        {
                          "Node Type": "Seq Scan",
                          "Parent Relationship": "Outer",
                          "Parallel Aware": true,
                          "Relation Name": "title",
                          "Alias": "t",
                          "Startup Cost": 0.0,
                          "Total Cost": 45479.59,
                          "Plan Rows": 15087,
                          "Plan Width": 4,
                          "Actual Startup Time": 0.048,
                          "Actual Total Time": 103.289,
                          "Actual Rows": 17068,
                          "Actual Loops": 4,
                          "Filter": "((kind_id > 2) AND (production_year = 2004))",
                          "Rows Removed by Filter": 615010
                        }
                      ]
                    }
                  ]
                }
              ]
            }
          ]
        }
      ]
    },
    "Planning Time": 0.513,
    "Triggers": [],
    "Execution Time": 223.293
  }
]