[
  {
    "Plan": {
      "Node Type": "Aggregate",
      "Strategy": "Plain",
      "Partial Mode": "Finalize",
      "Parallel Aware": false,
      "Startup Cost": 78423.58,
      "Total Cost": 78423.59,
      "Plan Rows": 1,
      "Plan Width": 8,
      "Actual Startup Time": 180.007,
      "Actual Total Time": 196.935,
      "Actual Rows": 1,
      "Actual Loops": 1,
      "Plans": [
        {
          "Node Type": "Gather",
          "Parent Relationship": "Outer",
          "Parallel Aware": false,
          "Startup Cost": 78423.27,
          "Total Cost": 78423.58,
          "Plan Rows": 3,
          "Plan Width": 8,
          "Actual Startup Time": 179.491,
          "Actual Total Time": 196.926,
          "Actual Rows": 4,
          "Actual Loops": 1,
          "Workers Planned": 3,
          "Workers Launched": 3,
          "Single Copy": false,
          "Plans": [
            {
              "Node Type": "Aggregate",
              "Strategy": "Plain",
              "Partial Mode": "Partial",
              "Parent Relationship": "Outer",
              "Parallel Aware": false,
              "Startup Cost": 77423.27,
              "Total Cost": 77423.28,
              "Plan Rows": 1,
              "Plan Width": 8,
              "Actual Startup Time": 172.432,
              "Actual Total Time": 172.434,
              "Actual Rows": 1,
              "Actual Loops": 4,
              "Plans": [
                {
                  "Node Type": "Hash Join",
                  "Parent Relationship": "Outer",
                  "Parallel Aware": true,
                  "Join Type": "Inner",
                  "Startup Cost": 45666.32,
                  "Total Cost": 77415.72,
                  "Plan Rows": 3020,
                  "Plan Width": 0,
                  "Actual Startup Time": 134.711,
                  "Actual Total Time": 172.365,
                  "Actual Rows": 972,
                  "Actual Loops": 4,
                  "Inner Unique": true,
                  "Hash Cond": "(mc.movie_id = t.id)",
                  "Plans": [
                    {
                      "Node Type": "Seq Scan",
                      "Parent Relationship": "Outer",
                      "Parallel Aware": true,
                      "Relation Name": "movie_companies",
                      "Alias": "mc",
                      "Startup Cost": 0.0,
                      "Total Cost": 31414.82,
                      "Plan Rows": 127457,
                      "Plan Width": 4,
                      "Actual Startup Time": 29.931,
                      "Actual Total Time": 57.937,
                      "Actual Rows": 57308,
                      "Actual Loops": 4,
                      "Filter": "((company_id < 1624) AND (company_type_id = 2))",
                      "Rows Removed by Filter": 594974
                    },
                    {
                      "Node Type": "Hash",
                      "Parent Relationship": "Inner",
                      "Parallel Aware": true,
                      "Startup Cost": 45479.1,
                      "Total Cost": 45479.1,
                      "Plan Rows": 14978,
                      "Plan Width": 4,
                      "Actual Startup Time": 103.907,
                      "Actual Total Time": 103.908,
                      "Actual Rows": 17068,
                      "Actual Loops": 4,
                      "Hash Buckets": 65536,
                      "Original Hash Buckets": 65536,
                      "Hash Batches": 1,
                      "Original Hash Batches": 1,
                      "Peak Memory Usage": 3200,
                      "Plans": [
                        {
                          "Node Type": "Seq Scan",
                          "Parent Relationship": "Outer",
                          "Parallel Aware": true,
                          "Relation Name": "title",
                          "Alias": "t",
                          "Startup Cost": 0.0,
                          "Total Cost": 45479.1,
                          "Plan Rows": 14978,
                          "Plan Width": 4,
                          "Actual Startup Time": 0.042,
                          "Actual Total Time": 96.52,
                          "Actual Rows": 17068,
                          "Actual Loops": 4,
                          "Filter": "((kind_id > 2) AND (production_year = 2004))",
                          "Rows Removed by Filter": 615010
                        }
                      ]
                    }
                  ]
                }
              ]
            }
          ]
        }
      ]
    },
    "Planning Time": 0.725,
    "Triggers": [],
    "Execution Time": 197.006
  }
]