[
  {
    "Plan": {
      "Node Type": "Aggregate",
      "Strategy": "Plain",
      "Partial Mode": "Finalize",
      "Parallel Aware": false,
      "Startup Cost": 233167.25,
      "Total Cost": 233167.26,
      "Plan Rows": 1,
      "Plan Width": 8,
      "Actual Startup Time": 157.053,
      "Actual Total Time": 185.158,
      "Actual Rows": 1,
      "Actual Loops": 1,
      "Plans": [
        {
          "Node Type": "Gather",
          "Parent Relationship": "Outer",
          "Parallel Aware": false,
          "Startup Cost": 233166.83,
          "Total Cost": 233167.24,
          "Plan Rows": 4,
          "Plan Width": 8,
          "Actual Startup Time": 156.871,
          "Actual Total Time": 185.149,
          "Actual Rows": 5,
          "Actual Loops": 1,
          "Workers Planned": 4,
          "Workers Launched": 4,
          "Single Copy": false,
          "Plans": [
            {
              "Node Type": "Aggregate",
              "Strategy": "Plain",
              "Partial Mode": "Partial",
              "Parent Relationship": "Outer",
              "Parallel Aware": false,
              "Startup Cost": 232166.83,
              "Total Cost": 232166.84,
              "Plan Rows": 1,
              "Plan Width": 8,
              "Actual Startup Time": 152.8,
              "Actual Total Time": 152.801,
              "Actual Rows": 1,
              "Actual Loops": 5,
              "Plans": [
                {
                  "Node Type": "Nested Loop",
                  "Parent Relationship": "Outer",
                  "Parallel Aware": false,
                  "Join Type": "Inner",
                  "Startup Cost": 0.43,
                  "Total Cost": 232095.39,
                  "Plan Rows": 28575,
                  "Plan Width": 0,
                  "Actual Startup Time": 0.113,
                  "Actual Total Time": 151.034,
                  "Actual Rows": 24463,
                  "Actual Loops": 5,
                  "Inner Unique": false,
                  "Plans": [
                    {
                      "Node Type": "Seq Scan",
                      "Parent Relationship": "Outer",
                      "Parallel Aware": true,
                      "Relation Name": "title",
                      "Alias": "t",
                      "Startup Cost": 0.0,
                      "Total Cost": 43899.32,
                      "Plan Rows": 5689,
                      "Plan Width": 4,
                      "Actual Startup Time": 0.024,
                      "Actual Total Time": 66.721,
                      "Actual Rows": 4608,
                      "Actual Loops": 5,
                      "Filter": "(production_year = 1990)",
                      "Rows Removed by Filter": 501054
                    },
                    {
                      "Node Type": "Index Scan",
                      "Parent Relationship": "Inner",
                      "Parallel Aware": false,
                      "Scan Direction": "Forward",
                      "Index Name": "movie_id_movie_info",
                      "Relation Name": "movie_info",
                      "Alias": "mi",
                      "Startup Cost": 0.43,
                      "Total Cost": 32.73,
                      "Plan Rows": 35,
                      "Plan Width": 4,
                      "Actual Startup Time": 0.008,
                      "Actual Total Time": 0.017,
                      "Actual Rows": 5,
                      "Actual Loops": 23040,
                      "Index Cond": "(movie_id = t.id)",
                      "Rows Removed by Index Recheck": 0,
                      "Filter": "(info_type_id > 2)",
                      "Rows Removed by Filter": 1
                    }
                  ]
                }
              ]
            }
          ]
        }
      ]
    },
    "Planning Time": 0.317,
    "Triggers": [],
    "Execution Time": 185.211
  }
]