[
  {
    "Plan": {
      "Node Type": "Aggregate",
      "Strategy": "Plain",
      "Partial Mode": "Finalize",
      "Parallel Aware": false,
      "Startup Cost": 377225.95,
      "Total Cost": 377225.96,
      "Plan Rows": 1,
      "Plan Width": 8,
      "Actual Startup Time": 895.387,
      "Actual Total Time": 991.468,
      "Actual Rows": 1,
      "Actual Loops": 1,
      "Plans": [
        {
          "Node Type": "Gather",
          "Parent Relationship": "Outer",
          "Parallel Aware": false,
          "Startup Cost": 377225.33,
          "Total Cost": 377225.94,
          "Plan Rows": 6,
          "Plan Width": 8,
          "Actual Startup Time": 893.512,
          "Actual Total Time": 991.43,
          "Actual Rows": 7,
          "Actual Loops": 1,
          "Workers Planned": 6,
          "Workers Launched": 6,
          "Single Copy": false,
          "Plans": [
            {
              "Node Type": "Aggregate",
              "Strategy": "Plain",
              "Partial Mode": "Partial",
              "Parent Relationship": "Outer",
              "Parallel Aware": false,
              "Startup Cost": 376225.33,
              "Total Cost": 376225.34,
              "Plan Rows": 1,
              "Plan Width": 8,
              "Actual Startup Time": 883.112,
              "Actual Total Time": 883.116,
              "Actual Rows": 1,
              "Actual Loops": 7,
              "Plans": [
                {
                  "Node Type": "Hash Join",
                  "Parent Relationship": "Outer",
                  "Parallel Aware": true,
                  "Join Type": "Inner",
                  "Startup Cost": 45953.04,
                  "Total Cost": 376114.07,
                  "Plan Rows": 44504,
                  "Plan Width": 0,
                  "Actual Startup Time": 598.357,
                  "Actual Total Time": 880.758,
                  "Actual Rows": 39228,
                  "Actual Loops": 7,
                  "Inner Unique": true,
                  "Hash Cond": "(ci.movie_id = t.id)",
                  "Plans": [
                    {
                      "Node Type": "Seq Scan",
                      "Parent Relationship": "Outer",
                      "Parallel Aware": true,
                      "Relation Name": "cast_info",
                      "Alias": "ci",
                      "Startup Cost": 0.0,
                      "Total Cost": 328211.39,
                      "Plan Rows": 742719,
                      "Plan Width": 4,
                      "Actual Startup Time": 506.985,
                      "Actual Total Time": 697.418,
                      "Actual Rows": 630187,
                      "Actual Loops": 7,
                      "Filter": "(person_id > 3255328)",
                      "Rows Removed by Filter": 4547576
                    },
                    {
                      "Node Type": "Hash",
                      "Parent Relationship": "Inner",
                      "Parallel Aware": true,
                      "Startup Cost": 45479.59,
                      "Total Cost": 45479.59,
                      "Plan Rows": 37876,
                      "Plan Width": 4,
                      "Actual Startup Time": 89.335,
                      "Actual Total Time": 89.337,
                      "Actual Rows": 19251,
                      "Actual Loops": 7,
                      "Hash Buckets": 262144,
                      "Original Hash Buckets": 262144,
                      "Hash Batches": 1,
                      "Original Hash Batches": 1,
                      "Peak Memory Usage": 7456,
                      "Plans": [
                        {
                          "Node Type": "Seq Scan",
                          "Parent Relationship": "Outer",
                          "Parallel Aware": true,
                          "Relation Name": "title",
                          "Alias": "t",
                          "Startup Cost": 0.0,
                          "Total Cost": 45479.59,
                          "Plan Rows": 37876,
                          "Plan Width": 4,
                          "Actual Startup Time": 0.148,
                          "Actual Total Time": 79.512,
                          "Actual Rows": 19251,
                          "Actual Loops": 7,
                          "Filter": "((kind_id < 7) AND (production_year > 2010))",
                          "Rows Removed by Filter": 341936
                        }
                      ]
                    }
                  ]
                }
              ]
            }
          ]
        }
      ]
    },
    "Planning Time": 0.531,
    "Triggers": [],
    "Execution Time": 991.547
  }
]