{
  "Plan": {
    "Node Type": "Aggregate",
    "Strategy": "Plain",
    "Partial Mode": "Finalize",
    "Parallel Aware": false,
    "Startup Cost": 403196.71,
    "Total Cost": 403196.72,
    "Plan Rows": 1,
    "Plan Width": 8,
    "Actual Startup Time": 2598.063,
    "Actual Total Time": 2642.18,
    "Actual Rows": 1,
    "Actual Loops": 1,
    "Plans": [
      {
        "Node Type": "Gather",
        "Parent Relationship": "Outer",
        "Parallel Aware": false,
        "Startup Cost": 403196.6,
        "Total Cost": 403196.71,
        "Plan Rows": 1,
        "Plan Width": 8,
        "Actual Startup Time": 2596.573,
        "Actual Total Time": 2642.168,
        "Actual Rows": 2,
        "Actual Loops": 1,
        "Workers Planned": 1,
        "Workers Launched": 1,
        "Single Copy": false,
        "Plans": [
          {
            "Node Type": "Aggregate",
            "Strategy": "Plain",
            "Partial Mode": "Partial",
            "Parent Relationship": "Outer",
            "Parallel Aware": false,
            "Startup Cost": 402196.6,
            "Total Cost": 402196.61,
            "Plan Rows": 1,
            "Plan Width": 8,
            "Actual Startup Time": 2592.849,
            "Actual Total Time": 2593.258,
            "Actual Rows": 1,
            "Actual Loops": 2,
            "Plans": [
              {
                "Node Type": "Hash Join",
                "Parent Relationship": "Outer",
                "Parallel Aware": true,
                "Join Type": "Inner",
                "Startup Cost": 110276.79,
                "Total Cost": 399108.84,
                "Plan Rows": 1235103,
                "Plan Width": 0,
                "Actual Startup Time": 567.863,
                "Actual Total Time": 2550.034,
                "Actual Rows": 697000,
                "Actual Loops": 2,
                "Inner Unique": false,
                "Hash Cond": "(mi.movie_id = t.id)",
                "Plans": [
                  {
                    "Node Type": "Seq Scan",
                    "Parent Relationship": "Outer",
                    "Parallel Aware": true,
                    "Relation Name": "movie_info",
                    "Alias": "mi",
                    "Startup Cost": 0.0,
                    "Total Cost": 248955.74,
                    "Plan Rows": 8696274,
                    "Plan Width": 4,
                    "Actual Startup Time": 0.017,
                    "Actual Total Time": 813.477,
                    "Actual Rows": 7417860,
                    "Actual Loops": 2
                  },
                  {
                    "Node Type": "Hash",
                    "Parent Relationship": "Inner",
                    "Parallel Aware": true,
                    "Startup Cost": 107636.46,
                    "Total Cost": 107636.46,
                    "Plan Rows": 211226,
                    "Plan Width": 8,
                    "Actual Startup Time": 562.124,
                    "Actual Total Time": 562.531,
                    "Actual Rows": 95272,
                    "Actual Loops": 2,
                    "Hash Buckets": 524288,
                    "Original Hash Buckets": 524288,
                    "Hash Batches": 1,
                    "Original Hash Batches": 1,
                    "Peak Memory Usage": 11584,
                    "Plans": [
                      {
                        "Node Type": "Hash Join",
                        "Parent Relationship": "Outer",
                        "Parallel Aware": true,
                        "Join Type": "Inner",
                        "Startup Cost": 46155.33,
                        "Total Cost": 107636.46,
                        "Plan Rows": 211226,
                        "Plan Width": 8,
                        "Actual Startup Time": 198.712,
                        "Actual Total Time": 529.426,
                        "Actual Rows": 95272,
                        "Actual Loops": 2,
                        "Inner Unique": false,
                        "Hash Cond": "(t.id = mc.movie_id)",
                        "Plans": [
                          {
                            "Node Type": "Seq Scan",
                            "Parent Relationship": "Outer",
                            "Parallel Aware": true,
                            "Relation Name": "title",
                            "Alias": "t",
                            "Startup Cost": 0.0,
                            "Total Cost": 54588.39,
                            "Plan Rows": 904038,
                            "Plan Width": 4,
                            "Actual Startup Time": 0.011,
                            "Actual Total Time": 158.767,
                            "Actual Rows": 771632,
                            "Actual Loops": 2,
                            "Filter": "(kind_id = 7)",
                            "Rows Removed by Filter": 492524
                          },
                          {
                            "Node Type": "Hash",
                            "Parent Relationship": "Inner",
                            "Parallel Aware": true,
                            "Startup Cost": 41811.73,
                            "Total Cost": 41811.73,
                            "Plan Rows": 347488,
                            "Plan Width": 4,
                            "Actual Startup Time": 191.721,
                            "Actual Total Time": 191.722,
                            "Actual Rows": 189063,
                            "Actual Loops": 2,
                            "Hash Buckets": 1048576,
                            "Original Hash Buckets": 1048576,
                            "Hash Batches": 1,
                            "Original Hash Batches": 1,
                            "Peak Memory Usage": 23040,
                            "Plans": [
                              {
                                "Node Type": "Seq Scan",
                                "Parent Relationship": "Outer",
                                "Parallel Aware": true,
                                "Relation Name": "movie_companies",
                                "Alias": "mc",
                                "Startup Cost": 0.0,
                                "Total Cost": 41811.73,
                                "Plan Rows": 347488,
                                "Plan Width": 4,
                                "Actual Startup Time": 67.64,
                                "Actual Total Time": 134.501,
                                "Actual Rows": 189063,
                                "Actual Loops": 2,
                                "Filter": "((company_id < 9452) AND (company_type_id > 1))",
                                "Rows Removed by Filter": 1115502
                              }
                            ]
                          }
                        ]
                      }
                    ]
                  }
                ]
              }
            ]
          }
        ]
      }
    ]
  },
  "Planning Time": 0.934,
  "Triggers": [],
  "Execution Time": 2642.275
}