{
  "Plan": {
    "Node Type": "Aggregate",
    "Strategy": "Plain",
    "Partial Mode": "Finalize",
    "Parallel Aware": false,
    "Startup Cost": 446684.32,
    "Total Cost": 446684.33,
    "Plan Rows": 1,
    "Plan Width": 8,
    "Actual Startup Time": 1785.726,
    "Actual Total Time": 1834.548,
    "Actual Rows": 1,
    "Actual Loops": 1,
    "Plans": [
      {
        "Node Type": "Gather",
        "Parent Relationship": "Outer",
        "Parallel Aware": false,
        "Startup Cost": 446684.2,
        "Total Cost": 446684.31,
        "Plan Rows": 1,
        "Plan Width": 8,
        "Actual Startup Time": 1775.011,
        "Actual Total Time": 1834.54,
        "Actual Rows": 2,
        "Actual Loops": 1,
        "Workers Planned": 1,
        "Workers Launched": 1,
        "Single Copy": false,
        "Plans": [
          {
            "Node Type": "Aggregate",
            "Strategy": "Plain",
            "Partial Mode": "Partial",
            "Parent Relationship": "Outer",
            "Parallel Aware": false,
            "Startup Cost": 445684.2,
            "Total Cost": 445684.21,
            "Plan Rows": 1,
            "Plan Width": 8,
            "Actual Startup Time": 1754.8,
            "Actual Total Time": 1754.806,
            "Actual Rows": 1,
            "Actual Loops": 2,
            "Plans": [
              {
                "Node Type": "Hash Join",
                "Parent Relationship": "Outer",
                "Parallel Aware": true,
                "Join Type": "Inner",
                "Startup Cost": 173218.45,
                "Total Cost": 444773.58,
                "Plan Rows": 364250,
                "Plan Width": 0,
                "Actual Startup Time": 1502.058,
                "Actual Total Time": 1692.661,
                "Actual Rows": 1590156,
                "Actual Loops": 2,
                "Inner Unique": false,
                "Hash Cond": "(ci.movie_id = t.id)",
                "Plans": [
                  {
                    "Node Type": "Bitmap Heap Scan",
                    "Parent Relationship": "Outer",
                    "Parallel Aware": true,
                    "Relation Name": "cast_info",
                    "Alias": "ci",
                    "Startup Cost": 8115.02,
                    "Total Cost": 276177.2,
                    "Plan Rows": 216049,
                    "Plan Width": 4,
                    "Actual Startup Time": 13.476,
                    "Actual Total Time": 33.405,
                    "Actual Rows": 180148,
                    "Actual Loops": 2,
                    "Recheck Cond": "(person_id > 3995666)",
                    "Rows Removed by Index Recheck": 0,
                    "Exact Heap Blocks": 2377,
                    "Lossy Heap Blocks": 0,
                    "Plans": [
                      {
                        "Node Type": "Bitmap Index Scan",
                        "Parent Relationship": "Outer",
                        "Parallel Aware": false,
                        "Index Name": "person_id_cast_info",
                        "Startup Cost": 0.0,
                        "Total Cost": 8023.19,
                        "Plan Rows": 367284,
                        "Plan Width": 0,
                        "Actual Startup Time": 12.86,
                        "Actual Total Time": 12.86,
                        "Actual Rows": 360297,
                        "Actual Loops": 1,
                        "Index Cond": "(person_id > 3995666)"
                      }
                    ]
                  },
                  {
                    "Node Type": "Hash",
                    "Parent Relationship": "Inner",
                    "Parallel Aware": true,
                    "Startup Cost": 133760.84,
                    "Total Cost": 133760.84,
                    "Plan Rows": 2507407,
                    "Plan Width": 8,
                    "Actual Startup Time": 1455.054,
                    "Actual Total Time": 1455.058,
                    "Actual Rows": 2127834,
                    "Actual Loops": 2,
                    "Hash Buckets": 8388608,
                    "Original Hash Buckets": 8388608,
                    "Hash Batches": 1,
                    "Original Hash Batches": 1,
                    "Peak Memory Usage": 232032,
                    "Plans": [
                      {
                        "Node Type": "Hash Join",
                        "Parent Relationship": "Outer",
                        "Parallel Aware": true,
                        "Join Type": "Inner",
                        "Startup Cost": 69460.7,
                        "Total Cost": 133760.84,
                        "Plan Rows": 2507407,
                        "Plan Width": 8,
                        "Actual Startup Time": 510.368,
                        "Actual Total Time": 1074.063,
                        "Actual Rows": 2127834,
                        "Actual Loops": 2,
                        "Inner Unique": true,
                        "Hash Cond": "(mk.movie_id = t.id)",
                        "Plans": [
                          {
                            "Node Type": "Seq Scan",
                            "Parent Relationship": "Outer",
                            "Parallel Aware": true,
                            "Relation Name": "movie_keyword",
                            "Alias": "mk",
                            "Startup Cost": 0.0,
                            "Total Cost": 57718.19,
                            "Plan Rows": 2507407,
                            "Plan Width": 4,
                            "Actual Startup Time": 0.026,
                            "Actual Total Time": 218.598,
                            "Actual Rows": 2127834,
                            "Actual Loops": 2,
                            "Filter": "(keyword_id > 229)",
                            "Rows Removed by Filter": 134130
                          },
                          {
                            "Node Type": "Hash",
                            "Parent Relationship": "Inner",
                            "Parallel Aware": true,
                            "Startup Cost": 50870.31,
                            "Total Cost": 50870.31,
                            "Plan Rows": 1487231,
                            "Plan Width": 4,
                            "Actual Startup Time": 498.942,
                            "Actual Total Time": 498.943,
                            "Actual Rows": 1264156,
                            "Actual Loops": 2,
                            "Hash Buckets": 4194304,
                            "Original Hash Buckets": 4194304,
                            "Hash Batches": 1,
                            "Original Hash Batches": 1,
                            "Peak Memory Usage": 131712,
                            "Plans": [
                              {
                                "Node Type": "Seq Scan",
                                "Parent Relationship": "Outer",
                                "Parallel Aware": true,
                                "Relation Name": "title",
                                "Alias": "t",
                                "Startup Cost": 0.0,
                                "Total Cost": 50870.31,
                                "Plan Rows": 1487231,
                                "Plan Width": 4,
                                "Actual Startup Time": 0.026,
                                "Actual Total Time": 144.676,
                                "Actual Rows": 1264156,
                                "Actual Loops": 2
                              }
                            ]
                          }
                        ]
                      }
                    ]
                  }
                ]
              }
            ]
          }
        ]
      }
    ]
  },
  "Planning Time": 1.113,
  "Triggers": [],
  "Execution Time": 1834.653
}