[
  {
    "Plan": {
      "Node Type": "Aggregate",
      "Strategy": "Plain",
      "Partial Mode": "Finalize",
      "Parallel Aware": false,
      "Startup Cost": 319265.48,
      "Total Cost": 319265.49,
      "Plan Rows": 1,
      "Plan Width": 8,
      "Actual Startup Time": 2704.754,
      "Actual Total Time": 2767.376,
      "Actual Rows": 1,
      "Actual Loops": 1,
      "Plans": [
        {
          "Node Type": "Gather",
          "Parent Relationship": "Outer",
          "Parallel Aware": false,
          "Startup Cost": 319265.16,
          "Total Cost": 319265.47,
          "Plan Rows": 3,
          "Plan Width": 8,
          "Actual Startup Time": 2668.642,
          "Actual Total Time": 2767.363,
          "Actual Rows": 4,
          "Actual Loops": 1,
          "Workers Planned": 3,
          "Workers Launched": 3,
          "Single Copy": false,
          "Plans": [
            {
              "Node Type": "Aggregate",
              "Strategy": "Plain",
              "Partial Mode": "Partial",
              "Parent Relationship": "Outer",
              "Parallel Aware": false,
              "Startup Cost": 318265.16,
              "Total Cost": 318265.17,
              "Plan Rows": 1,
              "Plan Width": 8,
              "Actual Startup Time": 2647.115,
              "Actual Total Time": 2647.122,
              "Actual Rows": 1,
              "Actual Loops": 4,
              "Plans": [
                {
                  "Node Type": "Hash Join",
                  "Parent Relationship": "Outer",
                  "Parallel Aware": true,
                  "Join Type": "Inner",
                  "Startup Cost": 263775.43,
                  "Total Cost": 312283.21,
                  "Plan Rows": 2392779,
                  "Plan Width": 0,
                  "Actual Startup Time": 2158.817,
                  "Actual Total Time": 2557.44,
                  "Actual Rows": 1994750,
                  "Actual Loops": 4,
                  "Inner Unique": false,
                  "Hash Cond": "(mk.movie_id = t.id)",
                  "Plans": [
                    {
                      "Node Type": "Seq Scan",
                      "Parent Relationship": "Outer",
                      "Parallel Aware": true,
                      "Relation Name": "movie_keyword",
                      "Alias": "mk",
                      "Startup Cost": 0.0,
                      "Total Cost": 39047.32,
                      "Plan Rows": 1459332,
                      "Plan Width": 4,
                      "Actual Startup Time": 0.025,
                      "Actual Total Time": 88.925,
                      "Actual Rows": 1130982,
                      "Actual Loops": 4
                    },
                    {
                      "Node Type": "Hash",
                      "Parent Relationship": "Inner",
                      "Parallel Aware": true,
                      "Startup Cost": 255138.56,
                      "Total Cost": 255138.56,
                      "Plan Rows": 690950,
                      "Plan Width": 8,
                      "Actual Startup Time": 2146.946,
                      "Actual Total Time": 2146.95,
                      "Actual Rows": 1167360,
                      "Actual Loops": 4,
                      "Hash Buckets": 8388608,
                      "Original Hash Buckets": 4194304,
                      "Hash Batches": 1,
                      "Original Hash Batches": 1,
                      "Peak Memory Usage": 281056,
                      "Plans": [
                        {
                          "Node Type": "Hash Join",
                          "Parent Relationship": "Outer",
                          "Parallel Aware": true,
                          "Join Type": "Inner",
                          "Startup Cost": 50249.83,
                          "Total Cost": 255138.56,
                          "Plan Rows": 690950,
                          "Plan Width": 8,
                          "Actual Startup Time": 273.632,
                          "Actual Total Time": 1488.128,
                          "Actual Rows": 1167360,
                          "Actual Loops": 4,
                          "Inner Unique": true,
                          "Hash Cond": "(ci.movie_id = t.id)",
                          "Plans": [
                            {
                              "Node Type": "Index Scan",
                              "Parent Relationship": "Outer",
                              "Parallel Aware": true,
                              "Scan Direction": "Forward",
                              "Index Name": "role_id_cast_info",
                              "Relation Name": "cast_info",
                              "Alias": "ci",
                              "Startup Cost": 0.56,
                              "Total Cost": 201884.69,
                              "Plan Rows": 1144612,
                              "Plan Width": 4,
                              "Actual Startup Time": 0.2,
                              "Actual Total Time": 419.6,
                              "Actual Rows": 1862776,
                              "Actual Loops": 4,
                              "Index Cond": "(role_id = 2)",
                              "Rows Removed by Index Recheck": 0,
                              "Filter": "(person_id > 312328)",
                              "Rows Removed by Filter": 218
                            },
                            {
                              "Node Type": "Hash",
                              "Parent Relationship": "Inner",
                              "Parallel Aware": true,
                              "Startup Cost": 45479.59,
                              "Total Cost": 45479.59,
                              "Plan Rows": 381574,
                              "Plan Width": 4,
                              "Actual Startup Time": 268.845,
                              "Actual Total Time": 268.846,
                              "Actual Rows": 376808,
                              "Actual Loops": 4,
                              "Hash Buckets": 2097152,
                              "Original Hash Buckets": 2097152,
                              "Hash Batches": 1,
                              "Original Hash Batches": 1,
                              "Peak Memory Usage": 75392,
                              "Plans": [
                                {
                                  "Node Type": "Seq Scan",
                                  "Parent Relationship": "Outer",
                                  "Parallel Aware": true,
                                  "Relation Name": "title",
                                  "Alias": "t",
                                  "Startup Cost": 0.0,
                                  "Total Cost": 45479.59,
                                  "Plan Rows": 381574,
                                  "Plan Width": 4,
                                  "Actual Startup Time": 0.059,
                                  "Actual Total Time": 116.668,
                                  "Actual Rows": 376808,
                                  "Actual Loops": 4,
                                  "Filter": "((kind_id > 1) AND (production_year < 2011))",
                                  "Rows Removed by Filter": 255270
                                }
                              ]
                            }
                          ]
                        }
                      ]
                    }
                  ]
                }
              ]
            }
          ]
        }
      ]
    },
    "Planning Time": 1.157,
    "Triggers": [],
    "Execution Time": 2767.461
  }
]