{
    "Plan": {
        "Node Type": "Aggregate",
        "Strategy": "Plain",
        "Partial Mode": "Finalize",
        "Parallel Aware": false,
        "Startup Cost": 49643.72,
        "Total Cost": 49643.73,
        "Plan Rows": 1,
        "Plan Width": 64,
        "Actual Startup Time": 97.525,
        "Actual Total Time": 111.062,
        "Actual Rows": 1,
        "Actual Loops": 1,
        "Plans": [
            {
                "Node Type": "Gather",
                "Parent Relationship": "Outer",
                "Parallel Aware": false,
                "Startup Cost": 49643.6,
                "Total Cost": 49643.71,
                "Plan Rows": 1,
                "Plan Width": 64,
                "Actual Startup Time": 97.397,
                "Actual Total Time": 111.054,
                "Actual Rows": 2,
                "Actual Loops": 1,
                "Workers Planned": 1,
                "Workers Launched": 1,
                "Single Copy": false,
                "Plans": [
                    {
                        "Node Type": "Aggregate",
                        "Strategy": "Plain",
                        "Partial Mode": "Partial",
                        "Parent Relationship": "Outer",
                        "Parallel Aware": false,
                        "Startup Cost": 48643.6,
                        "Total Cost": 48643.61,
                        "Plan Rows": 1,
                        "Plan Width": 64,
                        "Actual Startup Time": 90.304,
                        "Actual Total Time": 90.309,
                        "Actual Rows": 1,
                        "Actual Loops": 2,
                        "Plans": [
                            {
                                "Node Type": "Nested Loop",
                                "Parent Relationship": "Outer",
                                "Parallel Aware": false,
                                "Join Type": "Inner",
                                "Startup Cost": 4.11,
                                "Total Cost": 48643.25,
                                "Plan Rows": 70,
                                "Plan Width": 33,
                                "Actual Startup Time": 90.3,
                                "Actual Total Time": 90.304,
                                "Actual Rows": 0,
                                "Actual Loops": 2,
                                "Inner Unique": true,
                                "Plans": [
                                    {
                                        "Node Type": "Hash Join",
                                        "Parent Relationship": "Outer",
                                        "Parallel Aware": false,
                                        "Join Type": "Inner",
                                        "Startup Cost": 3.68,
                                        "Total Cost": 48603.21,
                                        "Plan Rows": 70,
                                        "Plan Width": 21,
                                        "Actual Startup Time": 90.298,
                                        "Actual Total Time": 90.303,
                                        "Actual Rows": 0,
                                        "Actual Loops": 2,
                                        "Inner Unique": true,
                                        "Hash Cond": "(ci.role_id = rt.id)",
                                        "Plans": [
                                            {
                                                "Node Type": "Nested Loop",
                                                "Parent Relationship": "Outer",
                                                "Parallel Aware": false,
                                                "Join Type": "Inner",
                                                "Startup Cost": 2.51,
                                                "Total Cost": 48599.06,
                                                "Plan Rows": 838,
                                                "Plan Width": 25,
                                                "Actual Startup Time": 3.815,
                                                "Actual Total Time": 89.83,
                                                "Actual Rows": 1307,
                                                "Actual Loops": 2,
                                                "Inner Unique": false,
                                                "Join Filter": "(t.id = ci.movie_id)",
                                                "Rows Removed by Join Filter": 0,
                                                "Plans": [
                                                    {
                                                        "Node Type": "Hash Join",
                                                        "Parent Relationship": "Outer",
                                                        "Parallel Aware": false,
                                                        "Join Type": "Inner",
                                                        "Startup Cost": 1.95,
                                                        "Total Cost": 45879.76,
                                                        "Plan Rows": 1464,
                                                        "Plan Width": 25,
                                                        "Actual Startup Time": 3.092,
                                                        "Actual Total Time": 47.851,
                                                        "Actual Rows": 630,
                                                        "Actual Loops": 2,
                                                        "Inner Unique": true,
                                                        "Hash Cond": "(mc.company_type_id = ct.id)",
                                                        "Plans": [
                                                            {
                                                                "Node Type": "Nested Loop",
                                                                "Parent Relationship": "Outer",
                                                                "Parallel Aware": false,
                                                                "Join Type": "Inner",
                                                                "Startup Cost": 0.86,
                                                                "Total Cost": 45870.75,
                                                                "Plan Rows": 1464,
                                                                "Plan Width": 29,
                                                                "Actual Startup Time": 2.993,
                                                                "Actual Total Time": 47.562,
                                                                "Actual Rows": 630,
                                                                "Actual Loops": 2,
                                                                "Inner Unique": true,
                                                                "Plans": [
                                                                    {
                                                                        "Node Type": "Nested Loop",
                                                                        "Parent Relationship": "Outer",
                                                                        "Parallel Aware": false,
                                                                        "Join Type": "Inner",
                                                                        "Startup Cost": 0.43,
                                                                        "Total Cost": 40989.04,
                                                                        "Plan Rows": 9464,
                                                                        "Plan Width": 8,
                                                                        "Actual Startup Time": 0.162,
                                                                        "Actual Total Time": 24.857,
                                                                        "Actual Rows": 4395,
                                                                        "Actual Loops": 2,
                                                                        "Inner Unique": false,
                                                                        "Plans": [
                                                                            {
                                                                                "Node Type": "Seq Scan",
                                                                                "Parent Relationship": "Outer",
                                                                                "Parallel Aware": true,
                                                                                "Relation Name": "company_name",
                                                                                "Alias": "cn",
                                                                                "Startup Cost": 0.0,
                                                                                "Total Cost": 4722.92,
                                                                                "Plan Rows": 852,
                                                                                "Plan Width": 4,
                                                                                "Actual Startup Time": 0.051,
                                                                                "Actual Total Time": 13.272,
                                                                                "Actual Rows": 680,
                                                                                "Actual Loops": 2,
                                                                                "Filter": "((country_code)::text = '[ru]'::text)",
                                                                                "Rows Removed by Filter": 116818
                                                                            },
                                                                            {
                                                                                "Node Type": "Index Scan",
                                                                                "Parent Relationship": "Inner",
                                                                                "Parallel Aware": false,
                                                                                "Scan Direction": "Forward",
                                                                                "Index Name": "company_id_movie_companies",
                                                                                "Relation Name": "movie_companies",
                                                                                "Alias": "mc",
                                                                                "Startup Cost": 0.43,
                                                                                "Total Cost": 41.24,
                                                                                "Plan Rows": 133,
                                                                                "Plan Width": 12,
                                                                                "Actual Startup Time": 0.006,
                                                                                "Actual Total Time": 0.016,
                                                                                "Actual Rows": 6,
                                                                                "Actual Loops": 1361,
                                                                                "Index Cond": "(company_id = cn.id)",
                                                                                "Rows Removed by Index Recheck": 0
                                                                            }
                                                                        ]
                                                                    },
                                                                    {
                                                                        "Node Type": "Index Scan",
                                                                        "Parent Relationship": "Inner",
                                                                        "Parallel Aware": false,
                                                                        "Scan Direction": "Forward",
                                                                        "Index Name": "title_pkey",
                                                                        "Relation Name": "title",
                                                                        "Alias": "t",
                                                                        "Startup Cost": 0.43,
                                                                        "Total Cost": 0.52,
                                                                        "Plan Rows": 1,
                                                                        "Plan Width": 21,
                                                                        "Actual Startup Time": 0.005,
                                                                        "Actual Total Time": 0.005,
                                                                        "Actual Rows": 0,
                                                                        "Actual Loops": 8790,
                                                                        "Index Cond": "(id = mc.movie_id)",
                                                                        "Rows Removed by Index Recheck": 0,
                                                                        "Filter": "(production_year > 2010)",
                                                                        "Rows Removed by Filter": 1
                                                                    }
                                                                ]
                                                            },
                                                            {
                                                                "Node Type": "Hash",
                                                                "Parent Relationship": "Inner",
                                                                "Parallel Aware": false,
                                                                "Startup Cost": 1.04,
                                                                "Total Cost": 1.04,
                                                                "Plan Rows": 4,
                                                                "Plan Width": 4,
                                                                "Actual Startup Time": 0.05,
                                                                "Actual Total Time": 0.051,
                                                                "Actual Rows": 4,
                                                                "Actual Loops": 2,
                                                                "Hash Buckets": 1024,
                                                                "Original Hash Buckets": 1024,
                                                                "Hash Batches": 1,
                                                                "Original Hash Batches": 1,
                                                                "Peak Memory Usage": 9,
                                                                "Plans": [
                                                                    {
                                                                        "Node Type": "Seq Scan",
                                                                        "Parent Relationship": "Outer",
                                                                        "Parallel Aware": false,
                                                                        "Relation Name": "company_type",
                                                                        "Alias": "ct",
                                                                        "Startup Cost": 0.0,
                                                                        "Total Cost": 1.04,
                                                                        "Plan Rows": 4,
                                                                        "Plan Width": 4,
                                                                        "Actual Startup Time": 0.034,
                                                                        "Actual Total Time": 0.037,
                                                                        "Actual Rows": 4,
                                                                        "Actual Loops": 2
                                                                    }
                                                                ]
                                                            }
                                                        ]
                                                    },
                                                    {
                                                        "Node Type": "Index Scan",
                                                        "Parent Relationship": "Inner",
                                                        "Parallel Aware": false,
                                                        "Scan Direction": "Forward",
                                                        "Index Name": "movie_id_cast_info",
                                                        "Relation Name": "cast_info",
                                                        "Alias": "ci",
                                                        "Startup Cost": 0.56,
                                                        "Total Cost": 1.84,
                                                        "Plan Rows": 1,
                                                        "Plan Width": 12,
                                                        "Actual Startup Time": 0.037,
                                                        "Actual Total Time": 0.066,
                                                        "Actual Rows": 2,
                                                        "Actual Loops": 1259,
                                                        "Index Cond": "(movie_id = mc.movie_id)",
                                                        "Rows Removed by Index Recheck": 0,
                                                        "Filter": "(note ~~ '%(producer)%'::text)",
                                                        "Rows Removed by Filter": 44
                                                    }
                                                ]
                                            },
                                            {
                                                "Node Type": "Hash",
                                                "Parent Relationship": "Inner",
                                                "Parallel Aware": false,
                                                "Startup Cost": 1.15,
                                                "Total Cost": 1.15,
                                                "Plan Rows": 1,
                                                "Plan Width": 4,
                                                "Actual Startup Time": 0.077,
                                                "Actual Total Time": 0.077,
                                                "Actual Rows": 1,
                                                "Actual Loops": 2,
                                                "Hash Buckets": 1024,
                                                "Original Hash Buckets": 1024,
                                                "Hash Batches": 1,
                                                "Original Hash Batches": 1,
                                                "Peak Memory Usage": 9,
                                                "Plans": [
                                                    {
                                                        "Node Type": "Seq Scan",
                                                        "Parent Relationship": "Outer",
                                                        "Parallel Aware": false,
                                                        "Relation Name": "role_type",
                                                        "Alias": "rt",
                                                        "Startup Cost": 0.0,
                                                        "Total Cost": 1.15,
                                                        "Plan Rows": 1,
                                                        "Plan Width": 4,
                                                        "Actual Startup Time": 0.059,
                                                        "Actual Total Time": 0.065,
                                                        "Actual Rows": 1,
                                                        "Actual Loops": 2,
                                                        "Filter": "((role)::text = 'actor'::text)",
                                                        "Rows Removed by Filter": 11
                                                    }
                                                ]
                                            }
                                        ]
                                    },
                                    {
                                        "Node Type": "Index Scan",
                                        "Parent Relationship": "Inner",
                                        "Parallel Aware": false,
                                        "Scan Direction": "Forward",
                                        "Index Name": "char_name_pkey",
                                        "Relation Name": "char_name",
                                        "Alias": "chn",
                                        "Startup Cost": 0.43,
                                        "Total Cost": 0.57,
                                        "Plan Rows": 1,
                                        "Plan Width": 20,
                                        "Actual Startup Time": 0.0,
                                        "Actual Total Time": 0.0,
                                        "Actual Rows": 0,
                                        "Actual Loops": 0,
                                        "Index Cond": "(id = ci.person_role_id)",
                                        "Rows Removed by Index Recheck": 0
                                    }
                                ]
                            }
                        ]
                    }
                ]
            }
        ]
    },
    "Planning Time": 2.074,
    "Triggers": [],
    "Execution Time": 111.201
}