[
  {
    "Plan": {
      "Node Type": "Aggregate",
      "Strategy": "Plain",
      "Partial Mode": "Finalize",
      "Parallel Aware": false,
      "Startup Cost": 115997.01,
      "Total Cost": 115997.02,
      "Plan Rows": 1,
      "Plan Width": 8,
      "Actual Startup Time": 470.189,
      "Actual Total Time": 512.886,
      "Actual Rows": 1,
      "Actual Loops": 1,
      "Plans": [
        {
          "Node Type": "Gather",
          "Parent Relationship": "Outer",
          "Parallel Aware": false,
          "Startup Cost": 115996.8,
          "Total Cost": 115997.01,
          "Plan Rows": 2,
          "Plan Width": 8,
          "Actual Startup Time": 468.49,
          "Actual Total Time": 512.876,
          "Actual Rows": 3,
          "Actual Loops": 1,
          "Workers Planned": 2,
          "Workers Launched": 2,
          "Single Copy": false,
          "Plans": [
            {
              "Node Type": "Aggregate",
              "Strategy": "Plain",
              "Partial Mode": "Partial",
              "Parent Relationship": "Outer",
              "Parallel Aware": false,
              "Startup Cost": 114996.8,
              "Total Cost": 114996.81,
              "Plan Rows": 1,
              "Plan Width": 8,
              "Actual Startup Time": 460.643,
              "Actual Total Time": 460.647,
              "Actual Rows": 1,
              "Actual Loops": 3,
              "Plans": [
                {
                  "Node Type": "Nested Loop",
                  "Parent Relationship": "Outer",
                  "Parallel Aware": false,
                  "Join Type": "Inner",
                  "Startup Cost": 44248.84,
                  "Total Cost": 114805.34,
                  "Plan Rows": 76583,
                  "Plan Width": 0,
                  "Actual Startup Time": 126.258,
                  "Actual Total Time": 450.507,
                  "Actual Rows": 187657,
                  "Actual Loops": 3,
                  "Inner Unique": false,
                  "Join Filter": "(t.id = mi.movie_id)",
                  "Rows Removed by Join Filter": 0,
                  "Plans": [
                    {
                      "Node Type": "Hash Join",
                      "Parent Relationship": "Outer",
                      "Parallel Aware": true,
                      "Join Type": "Inner",
                      "Startup Cost": 44248.4,
                      "Total Cost": 59442.96,
                      "Plan Rows": 25435,
                      "Plan Width": 8,
                      "Actual Startup Time": 126.162,
                      "Actual Total Time": 221.967,
                      "Actual Rows": 20525,
                      "Actual Loops": 3,
                      "Inner Unique": true,
                      "Hash Cond": "(mi_idx.movie_id = t.id)",
                      "Plans": [
                        {
                          "Node Type": "Seq Scan",
                          "Parent Relationship": "Outer",
                          "Parallel Aware": true,
                          "Relation Name": "movie_info_idx",
                          "Alias": "mi_idx",
                          "Startup Cost": 0.0,
                          "Total Cost": 13685.15,
                          "Plan Rows": 575015,
                          "Plan Width": 4,
                          "Actual Startup Time": 0.025,
                          "Actual Total Time": 37.538,
                          "Actual Rows": 460012,
                          "Actual Loops": 3
                        },
                        {
                          "Node Type": "Hash",
                          "Parent Relationship": "Inner",
                          "Parallel Aware": true,
                          "Startup Cost": 43898.92,
                          "Total Cost": 43898.92,
                          "Plan Rows": 27959,
                          "Plan Width": 4,
                          "Actual Startup Time": 124.238,
                          "Actual Total Time": 124.239,
                          "Actual Rows": 36143,
                          "Actual Loops": 3,
                          "Hash Buckets": 131072,
                          "Original Hash Buckets": 131072,
                          "Hash Batches": 1,
                          "Original Hash Batches": 1,
                          "Peak Memory Usage": 5312,
                          "Plans": [
                            {
                              "Node Type": "Seq Scan",
                              "Parent Relationship": "Outer",
                              "Parallel Aware": true,
                              "Relation Name": "title",
                              "Alias": "t",
                              "Startup Cost": 0.0,
                              "Total Cost": 43898.92,
                              "Plan Rows": 27959,
                              "Plan Width": 4,
                              "Actual Startup Time": 0.041,
                              "Actual Total Time": 110.639,
                              "Actual Rows": 36143,
                              "Actual Loops": 3,
                              "Filter": "(production_year = 2006)",
                              "Rows Removed by Filter": 806628
                            }
                          ]
                        }
                      ]
                    },
                    {
                      "Node Type": "Index Scan",
                      "Parent Relationship": "Inner",
                      "Parallel Aware": false,
                      "Scan Direction": "Forward",
                      "Index Name": "movie_id_movie_info",
                      "Relation Name": "movie_info",
                      "Alias": "mi",
                      "Startup Cost": 0.43,
                      "Total Cost": 1.9,
                      "Plan Rows": 22,
                      "Plan Width": 4,
                      "Actual Startup Time": 0.004,
                      "Actual Total Time": 0.01,
                      "Actual Rows": 9,
                      "Actual Loops": 61574,
                      "Index Cond": "(movie_id = mi_idx.movie_id)",
                      "Rows Removed by Index Recheck": 0,
                      "Filter": "(info_type_id > 7)",
                      "Rows Removed by Filter": 5
                    }
                  ]
                }
              ]
            }
          ]
        }
      ]
    },
    "Planning Time": 1.4,
    "Triggers": [],
    "Execution Time": 512.986
  }
]