[
  {
    "Plan": {
      "Node Type": "Aggregate",
      "Strategy": "Plain",
      "Partial Mode": "Finalize",
      "Parallel Aware": false,
      "Startup Cost": 329471.81,
      "Total Cost": 329471.82,
      "Plan Rows": 1,
      "Plan Width": 8,
      "Actual Startup Time": 497.796,
      "Actual Total Time": 532.542,
      "Actual Rows": 1,
      "Actual Loops": 1,
      "Plans": [
        {
          "Node Type": "Gather",
          "Parent Relationship": "Outer",
          "Parallel Aware": false,
          "Startup Cost": 329471.19,
          "Total Cost": 329471.8,
          "Plan Rows": 6,
          "Plan Width": 8,
          "Actual Startup Time": 497.626,
          "Actual Total Time": 532.53,
          "Actual Rows": 7,
          "Actual Loops": 1,
          "Workers Planned": 6,
          "Workers Launched": 6,
          "Single Copy": false,
          "Plans": [
            {
              "Node Type": "Aggregate",
              "Strategy": "Plain",
              "Partial Mode": "Partial",
              "Parent Relationship": "Outer",
              "Parallel Aware": false,
              "Startup Cost": 328471.19,
              "Total Cost": 328471.2,
              "Plan Rows": 1,
              "Plan Width": 8,
              "Actual Startup Time": 489.532,
              "Actual Total Time": 489.534,
              "Actual Rows": 1,
              "Actual Loops": 7,
              "Plans": [
                {
                  "Node Type": "Index Scan",
                  "Parent Relationship": "Outer",
                  "Parallel Aware": true,
                  "Scan Direction": "Forward",
                  "Index Name": "role_id_cast_info",
                  "Relation Name": "cast_info",
                  "Alias": "ci",
                  "Startup Cost": 0.56,
                  "Total Cost": 325153.08,
                  "Plan Rows": 1327242,
                  "Plan Width": 0,
                  "Actual Startup Time": 0.119,
                  "Actual Total Time": 451.873,
                  "Actual Rows": 587370,
                  "Actual Loops": 7,
                  "Index Cond": "(role_id > 3)",
                  "Rows Removed by Index Recheck": 0,
                  "Filter": "(person_id < 2461505)",
                  "Rows Removed by Filter": 1143150
                }
              ]
            }
          ]
        }
      ]
    },
    "Planning Time": 0.121,
    "Triggers": [],
    "Execution Time": 532.588
  }
]