[
    {
        "Bao": {
            "Bao prediction": "NaN",
            "Bao recommended hint": "(no hint)"
        }
    },
    {
        "Plan": {
            "Node Type": "Aggregate",
            "Strategy": "Plain",
            "Partial Mode": "Finalize",
            "Parallel Aware": false,
            "Startup Cost": 149617.22,
            "Total Cost": 149617.23,
            "Plan Rows": 1,
            "Plan Width": 8,
            "Actual Startup Time": 277.749,
            "Actual Total Time": 293.528,
            "Actual Rows": 1,
            "Actual Loops": 1,
            "Output": [
                "count(*)"
            ],
            "Plans": [
                {
                    "Node Type": "Gather",
                    "Parent Relationship": "Outer",
                    "Parallel Aware": false,
                    "Startup Cost": 149616.9,
                    "Total Cost": 149617.21,
                    "Plan Rows": 3,
                    "Plan Width": 8,
                    "Actual Startup Time": 276.234,
                    "Actual Total Time": 293.517,
                    "Actual Rows": 4,
                    "Actual Loops": 1,
                    "Output": [
                        "(PARTIAL count(*))"
                    ],
                    "Workers Planned": 3,
                    "Workers Launched": 3,
                    "Single Copy": false,
                    "Plans": [
                        {
                            "Node Type": "Aggregate",
                            "Strategy": "Plain",
                            "Partial Mode": "Partial",
                            "Parent Relationship": "Outer",
                            "Parallel Aware": false,
                            "Startup Cost": 148616.9,
                            "Total Cost": 148616.91,
                            "Plan Rows": 1,
                            "Plan Width": 8,
                            "Actual Startup Time": 266.831,
                            "Actual Total Time": 266.835,
                            "Actual Rows": 1,
                            "Actual Loops": 4,
                            "Output": [
                                "PARTIAL count(*)"
                            ],
                            "Workers": [
                                {
                                    "Worker Number": 0,
                                    "Actual Startup Time": 263.673,
                                    "Actual Total Time": 263.676,
                                    "Actual Rows": 1,
                                    "Actual Loops": 1
                                },
                                {
                                    "Worker Number": 1,
                                    "Actual Startup Time": 263.83,
                                    "Actual Total Time": 263.834,
                                    "Actual Rows": 1,
                                    "Actual Loops": 1
                                },
                                {
                                    "Worker Number": 2,
                                    "Actual Startup Time": 264.358,
                                    "Actual Total Time": 264.362,
                                    "Actual Rows": 1,
                                    "Actual Loops": 1
                                }
                            ],
                            "Plans": [
                                {
                                    "Node Type": "Nested Loop",
                                    "Parent Relationship": "Outer",
                                    "Parallel Aware": false,
                                    "Join Type": "Inner",
                                    "Startup Cost": 54390.35,
                                    "Total Cost": 148346.38,
                                    "Plan Rows": 108209,
                                    "Plan Width": 0,
                                    "Actual Startup Time": 161.502,
                                    "Actual Total Time": 265.188,
                                    "Actual Rows": 24714,
                                    "Actual Loops": 4,
                                    "Inner Unique": false,
                                    "Workers": [
                                        {
                                            "Worker Number": 0,
                                            "Actual Startup Time": 158.578,
                                            "Actual Total Time": 262.039,
                                            "Actual Rows": 21066,
                                            "Actual Loops": 1
                                        },
                                        {
                                            "Worker Number": 1,
                                            "Actual Startup Time": 158.631,
                                            "Actual Total Time": 262.341,
                                            "Actual Rows": 18839,
                                            "Actual Loops": 1
                                        },
                                        {
                                            "Worker Number": 2,
                                            "Actual Startup Time": 158.878,
                                            "Actual Total Time": 262.685,
                                            "Actual Rows": 17373,
                                            "Actual Loops": 1
                                        }
                                    ],
                                    "Plans": [
                                        {
                                            "Node Type": "Hash Join",
                                            "Parent Relationship": "Outer",
                                            "Parallel Aware": true,
                                            "Join Type": "Inner",
                                            "Startup Cost": 54389.91,
                                            "Total Cost": 80603.51,
                                            "Plan Rows": 18542,
                                            "Plan Width": 8,
                                            "Actual Startup Time": 161.415,
                                            "Actual Total Time": 233.171,
                                            "Actual Rows": 2722,
                                            "Actual Loops": 4,
                                            "Output": [
                                                "t.id",
                                                "mk.movie_id"
                                            ],
                                            "Inner Unique": true,
                                            "Hash Cond": "(mk.movie_id = t.id)",
                                            "Workers": [
                                                {
                                                    "Worker Number": 0,
                                                    "Actual Startup Time": 158.475,
                                                    "Actual Total Time": 228.131,
                                                    "Actual Rows": 2209,
                                                    "Actual Loops": 1
                                                },
                                                {
                                                    "Worker Number": 1,
                                                    "Actual Startup Time": 158.522,
                                                    "Actual Total Time": 229.747,
                                                    "Actual Rows": 2119,
                                                    "Actual Loops": 1
                                                },
                                                {
                                                    "Worker Number": 2,
                                                    "Actual Startup Time": 158.77,
                                                    "Actual Total Time": 228.862,
                                                    "Actual Rows": 1973,
                                                    "Actual Loops": 1
                                                }
                                            ],
                                            "Plans": [
                                                {
                                                    "Node Type": "Bitmap Heap Scan",
                                                    "Parent Relationship": "Outer",
                                                    "Parallel Aware": true,
                                                    "Relation Name": "movie_keyword",
                                                    "Schema": "public",
                                                    "Alias": "mk",
                                                    "Startup Cost": 7651.43,
                                                    "Total Cost": 33559.64,
                                                    "Plan Rows": 116337,
                                                    "Plan Width": 4,
                                                    "Actual Startup Time": 24.046,
                                                    "Actual Total Time": 72.931,
                                                    "Actual Rows": 90923,
                                                    "Actual Loops": 4,
                                                    "Output": [
                                                        "mk.id",
                                                        "mk.movie_id",
                                                        "mk.keyword_id"
                                                    ],
                                                    "Recheck Cond": "(mk.keyword_id < 335)",
                                                    "Rows Removed by Index Recheck": 0,
                                                    "Exact Heap Blocks": 8537,
                                                    "Lossy Heap Blocks": 0,
                                                    "Workers": [
                                                        {
                                                            "Worker Number": 0,
                                                            "Actual Startup Time": 24.125,
                                                            "Actual Total Time": 72.973,
                                                            "Actual Rows": 86479,
                                                            "Actual Loops": 1
                                                        },
                                                        {
                                                            "Worker Number": 1,
                                                            "Actual Startup Time": 24.052,
                                                            "Actual Total Time": 73.484,
                                                            "Actual Rows": 88275,
                                                            "Actual Loops": 1
                                                        },
                                                        {
                                                            "Worker Number": 2,
                                                            "Actual Startup Time": 24.028,
                                                            "Actual Total Time": 74.598,
                                                            "Actual Rows": 60073,
                                                            "Actual Loops": 1
                                                        }
                                                    ],
                                                    "Plans": [
                                                        {
                                                            "Node Type": "Bitmap Index Scan",
                                                            "Parent Relationship": "Outer",
                                                            "Parallel Aware": false,
                                                            "Index Name": "keyword_id_movie_keyword",
                                                            "Startup Cost": 0.0,
                                                            "Total Cost": 7561.27,
                                                            "Plan Rows": 360645,
                                                            "Plan Width": 0,
                                                            "Actual Startup Time": 20.447,
                                                            "Actual Total Time": 20.448,
                                                            "Actual Rows": 363692,
                                                            "Actual Loops": 1,
                                                            "Index Cond": "(mk.keyword_id < 335)"
                                                        }
                                                    ]
                                                },
                                                {
                                                    "Node Type": "Hash",
                                                    "Parent Relationship": "Inner",
                                                    "Parallel Aware": true,
                                                    "Startup Cost": 45479.21,
                                                    "Total Cost": 45479.21,
                                                    "Plan Rows": 100742,
                                                    "Plan Width": 4,
                                                    "Actual Startup Time": 134.121,
                                                    "Actual Total Time": 134.122,
                                                    "Actual Rows": 108554,
                                                    "Actual Loops": 4,
                                                    "Output": [
                                                        "t.id"
                                                    ],
                                                    "Hash Buckets": 524288,
                                                    "Original Hash Buckets": 524288,
                                                    "Hash Batches": 1,
                                                    "Original Hash Batches": 1,
                                                    "Peak Memory Usage": 21152,
                                                    "Workers": [
                                                        {
                                                            "Worker Number": 0,
                                                            "Actual Startup Time": 133.681,
                                                            "Actual Total Time": 133.682,
                                                            "Actual Rows": 108616,
                                                            "Actual Loops": 1
                                                        },
                                                        {
                                                            "Worker Number": 1,
                                                            "Actual Startup Time": 133.862,
                                                            "Actual Total Time": 133.863,
                                                            "Actual Rows": 108852,
                                                            "Actual Loops": 1
                                                        },
                                                        {
                                                            "Worker Number": 2,
                                                            "Actual Startup Time": 134.046,
                                                            "Actual Total Time": 134.047,
                                                            "Actual Rows": 77959,
                                                            "Actual Loops": 1
                                                        }
                                                    ],
                                                    "Plans": [
                                                        {
                                                            "Node Type": "Seq Scan",
                                                            "Parent Relationship": "Outer",
                                                            "Parallel Aware": true,
                                                            "Relation Name": "title",
                                                            "Schema": "public",
                                                            "Alias": "t",
                                                            "Startup Cost": 0.0,
                                                            "Total Cost": 45479.21,
                                                            "Plan Rows": 100742,
                                                            "Plan Width": 4,
                                                            "Actual Startup Time": 0.043,
                                                            "Actual Total Time": 95.84,
                                                            "Actual Rows": 108554,
                                                            "Actual Loops": 4,
                                                            "Output": [
                                                                "t.id"
                                                            ],
                                                            "Filter": "((t.production_year > 2008) AND (t.kind_id = 7))",
                                                            "Rows Removed by Filter": 523524,
                                                            "Workers": [
                                                                {
                                                                    "Worker Number": 0,
                                                                    "Actual Startup Time": 0.053,
                                                                    "Actual Total Time": 96.053,
                                                                    "Actual Rows": 108616,
                                                                    "Actual Loops": 1
                                                                },
                                                                {
                                                                    "Worker Number": 1,
                                                                    "Actual Startup Time": 0.049,
                                                                    "Actual Total Time": 96.347,
                                                                    "Actual Rows": 108852,
                                                                    "Actual Loops": 1
                                                                },
                                                                {
                                                                    "Worker Number": 2,
                                                                    "Actual Startup Time": 0.048,
                                                                    "Actual Total Time": 99.434,
                                                                    "Actual Rows": 77959,
                                                                    "Actual Loops": 1
                                                                }
                                                            ]
                                                        }
                                                    ]
                                                }
                                            ]
                                        },
                                        {
                                            "Node Type": "Index Only Scan",
                                            "Parent Relationship": "Inner",
                                            "Parallel Aware": false,
                                            "Scan Direction": "Forward",
                                            "Index Name": "movie_id_movie_info",
                                            "Relation Name": "movie_info",
                                            "Schema": "public",
                                            "Alias": "mi",
                                            "Startup Cost": 0.43,
                                            "Total Cost": 3.26,
                                            "Plan Rows": 39,
                                            "Plan Width": 4,
                                            "Actual Startup Time": 0.005,
                                            "Actual Total Time": 0.011,
                                            "Actual Rows": 9,
                                            "Actual Loops": 10889,
                                            "Output": [
                                                "mi.movie_id"
                                            ],
                                            "Index Cond": "(mi.movie_id = t.id)",
                                            "Rows Removed by Index Recheck": 0,
                                            "Heap Fetches": 98855,
                                            "Workers": [
                                                {
                                                    "Worker Number": 0,
                                                    "Actual Startup Time": 0.006,
                                                    "Actual Total Time": 0.014,
                                                    "Actual Rows": 10,
                                                    "Actual Loops": 2209
                                                },
                                                {
                                                    "Worker Number": 1,
                                                    "Actual Startup Time": 0.006,
                                                    "Actual Total Time": 0.014,
                                                    "Actual Rows": 9,
                                                    "Actual Loops": 2119
                                                },
                                                {
                                                    "Worker Number": 2,
                                                    "Actual Startup Time": 0.007,
                                                    "Actual Total Time": 0.016,
                                                    "Actual Rows": 9,
                                                    "Actual Loops": 1973
                                                }
                                            ]
                                        }
                                    ]
                                }
                            ]
                        }
                    ]
                }
            ]
        },
        "Planning Time": 376.495,
        "Triggers": [],
        "Execution Time": 293.688
    }
]