{
  "Plan": {
    "Node Type": "Aggregate",
    "Strategy": "Plain",
    "Partial Mode": "Finalize",
    "Parallel Aware": false,
    "Startup Cost": 335145.08,
    "Total Cost": 335145.09,
    "Plan Rows": 1,
    "Plan Width": 8,
    "Actual Startup Time": 2074.955,
    "Actual Total Time": 2108.344,
    "Actual Rows": 1,
    "Actual Loops": 1,
    "Plans": [
      {
        "Node Type": "Gather",
        "Parent Relationship": "Outer",
        "Parallel Aware": false,
        "Startup Cost": 335144.97,
        "Total Cost": 335145.08,
        "Plan Rows": 1,
        "Plan Width": 8,
        "Actual Startup Time": 2073.899,
        "Actual Total Time": 2108.335,
        "Actual Rows": 2,
        "Actual Loops": 1,
        "Workers Planned": 1,
        "Workers Launched": 1,
        "Single Copy": false,
        "Plans": [
          {
            "Node Type": "Aggregate",
            "Strategy": "Plain",
            "Partial Mode": "Partial",
            "Parent Relationship": "Outer",
            "Parallel Aware": false,
            "Startup Cost": 334144.97,
            "Total Cost": 334144.98,
            "Plan Rows": 1,
            "Plan Width": 8,
            "Actual Startup Time": 2068.02,
            "Actual Total Time": 2068.024,
            "Actual Rows": 1,
            "Actual Loops": 2,
            "Plans": [
              {
                "Node Type": "Hash Join",
                "Parent Relationship": "Outer",
                "Parallel Aware": true,
                "Join Type": "Inner",
                "Startup Cost": 57750.24,
                "Total Cost": 329533.72,
                "Plan Rows": 1844497,
                "Plan Width": 0,
                "Actual Startup Time": 183.47,
                "Actual Total Time": 1957.467,
                "Actual Rows": 2690080,
                "Actual Loops": 2,
                "Inner Unique": true,
                "Hash Cond": "(mi.movie_id = t.id)",
                "Plans": [
                  {
                    "Node Type": "Seq Scan",
                    "Parent Relationship": "Outer",
                    "Parallel Aware": true,
                    "Relation Name": "movie_info",
                    "Alias": "mi",
                    "Startup Cost": 0.0,
                    "Total Cost": 248955.74,
                    "Plan Rows": 8696274,
                    "Plan Width": 4,
                    "Actual Startup Time": 0.01,
                    "Actual Total Time": 600.779,
                    "Actual Rows": 7417860,
                    "Actual Loops": 2
                  },
                  {
                    "Node Type": "Hash",
                    "Parent Relationship": "Inner",
                    "Parallel Aware": true,
                    "Startup Cost": 53807.17,
                    "Total Cost": 53807.17,
                    "Plan Rows": 315445,
                    "Plan Width": 4,
                    "Actual Startup Time": 149.321,
                    "Actual Total Time": 149.322,
                    "Actual Rows": 206135,
                    "Actual Loops": 2,
                    "Hash Buckets": 1048576,
                    "Original Hash Buckets": 1048576,
                    "Hash Batches": 1,
                    "Original Hash Batches": 1,
                    "Peak Memory Usage": 24352,
                    "Plans": [
                      {
                        "Node Type": "Bitmap Heap Scan",
                        "Parent Relationship": "Outer",
                        "Parallel Aware": true,
                        "Relation Name": "title",
                        "Alias": "t",
                        "Startup Cost": 11956.91,
                        "Total Cost": 53807.17,
                        "Plan Rows": 315445,
                        "Plan Width": 4,
                        "Actual Startup Time": 31.607,
                        "Actual Total Time": 95.717,
                        "Actual Rows": 206135,
                        "Actual Loops": 2,
                        "Recheck Cond": "(kind_id = 1)",
                        "Rows Removed by Index Recheck": 0,
                        "Filter": "(production_year > 1973)",
                        "Rows Removed by Filter": 125278,
                        "Exact Heap Blocks": 7873,
                        "Lossy Heap Blocks": 0,
                        "Plans": [
                          {
                            "Node Type": "Bitmap Index Scan",
                            "Parent Relationship": "Outer",
                            "Parallel Aware": false,
                            "Index Name": "kind_id_title",
                            "Startup Cost": 0.0,
                            "Total Cost": 11822.85,
                            "Plan Rows": 663256,
                            "Plan Width": 0,
                            "Actual Startup Time": 29.715,
                            "Actual Total Time": 29.715,
                            "Actual Rows": 662825,
                            "Actual Loops": 1,
                            "Index Cond": "(kind_id = 1)"
                          }
                        ]
                      }
                    ]
                  }
                ]
              }
            ]
          }
        ]
      }
    ]
  },
  "Planning Time": 0.565,
  "Triggers": [],
  "Execution Time": 2108.46
}