[
  {
    "Plan": {
      "Node Type": "Aggregate",
      "Strategy": "Plain",
      "Partial Mode": "Finalize",
      "Parallel Aware": false,
      "Startup Cost": 45100.81,
      "Total Cost": 45100.82,
      "Plan Rows": 1,
      "Plan Width": 8,
      "Actual Startup Time": 105.51,
      "Actual Total Time": 119.172,
      "Actual Rows": 1,
      "Actual Loops": 1,
      "Plans": [
        {
          "Node Type": "Gather",
          "Parent Relationship": "Outer",
          "Parallel Aware": false,
          "Startup Cost": 45100.39,
          "Total Cost": 45100.8,
          "Plan Rows": 4,
          "Plan Width": 8,
          "Actual Startup Time": 105.36,
          "Actual Total Time": 119.163,
          "Actual Rows": 5,
          "Actual Loops": 1,
          "Workers Planned": 4,
          "Workers Launched": 4,
          "Single Copy": false,
          "Plans": [
            {
              "Node Type": "Aggregate",
              "Strategy": "Plain",
              "Partial Mode": "Partial",
              "Parent Relationship": "Outer",
              "Parallel Aware": false,
              "Startup Cost": 44100.39,
              "Total Cost": 44100.4,
              "Plan Rows": 1,
              "Plan Width": 8,
              "Actual Startup Time": 95.927,
              "Actual Total Time": 95.928,
              "Actual Rows": 1,
              "Actual Loops": 5,
              "Plans": [
                {
                  "Node Type": "Seq Scan",
                  "Parent Relationship": "Outer",
                  "Parallel Aware": true,
                  "Relation Name": "title",
                  "Alias": "t",
                  "Startup Cost": 0.0,
                  "Total Cost": 43899.32,
                  "Plan Rows": 80429,
                  "Plan Width": 0,
                  "Actual Startup Time": 0.069,
                  "Actual Total Time": 92.002,
                  "Actual Rows": 67569,
                  "Actual Loops": 5,
                  "Filter": "(production_year < 1968)",
                  "Rows Removed by Filter": 438093
                }
              ]
            }
          ]
        }
      ]
    },
    "Planning Time": 0.162,
    "Triggers": [],
    "Execution Time": 119.233
  }
]