[
  {
    "Plan": {
      "Node Type": "Aggregate",
      "Strategy": "Plain",
      "Partial Mode": "Finalize",
      "Parallel Aware": false,
      "Startup Cost": 290086.68,
      "Total Cost": 290086.69,
      "Plan Rows": 1,
      "Plan Width": 8,
      "Actual Startup Time": 1593.265,
      "Actual Total Time": 1647.638,
      "Actual Rows": 1,
      "Actual Loops": 1,
      "Plans": [
        {
          "Node Type": "Gather",
          "Parent Relationship": "Outer",
          "Parallel Aware": false,
          "Startup Cost": 290086.16,
          "Total Cost": 290086.67,
          "Plan Rows": 5,
          "Plan Width": 8,
          "Actual Startup Time": 1587.663,
          "Actual Total Time": 1647.628,
          "Actual Rows": 6,
          "Actual Loops": 1,
          "Workers Planned": 5,
          "Workers Launched": 5,
          "Single Copy": false,
          "Plans": [
            {
              "Node Type": "Aggregate",
              "Strategy": "Plain",
              "Partial Mode": "Partial",
              "Parent Relationship": "Outer",
              "Parallel Aware": false,
              "Startup Cost": 289086.16,
              "Total Cost": 289086.17,
              "Plan Rows": 1,
              "Plan Width": 8,
              "Actual Startup Time": 1576.407,
              "Actual Total Time": 1576.413,
              "Actual Rows": 1,
              "Actual Loops": 6,
              "Plans": [
                {
                  "Node Type": "Hash Join",
                  "Parent Relationship": "Outer",
                  "Parallel Aware": true,
                  "Join Type": "Inner",
                  "Startup Cost": 79088.82,
                  "Total Cost": 287928.52,
                  "Plan Rows": 463058,
                  "Plan Width": 0,
                  "Actual Startup Time": 405.752,
                  "Actual Total Time": 1442.111,
                  "Actual Rows": 2504124,
                  "Actual Loops": 6,
                  "Inner Unique": false,
                  "Hash Cond": "(mi.movie_id = t.id)",
                  "Plans": [
                    {
                      "Node Type": "Seq Scan",
                      "Parent Relationship": "Outer",
                      "Parallel Aware": true,
                      "Relation Name": "movie_info",
                      "Alias": "mi",
                      "Startup Cost": 0.0,
                      "Total Cost": 198952.16,
                      "Plan Rows": 2238345,
                      "Plan Width": 4,
                      "Actual Startup Time": 0.02,
                      "Actual Total Time": 418.51,
                      "Actual Rows": 1868457,
                      "Actual Loops": 6,
                      "Filter": "(info_type_id > 3)",
                      "Rows Removed by Filter": 604163
                    },
                    {
                      "Node Type": "Hash",
                      "Parent Relationship": "Inner",
                      "Parallel Aware": true,
                      "Startup Cost": 76979.78,
                      "Total Cost": 76979.78,
                      "Plan Rows": 168723,
                      "Plan Width": 8,
                      "Actual Startup Time": 402.107,
                      "Actual Total Time": 402.112,
                      "Actual Rows": 131247,
                      "Actual Loops": 6,
                      "Hash Buckets": 1048576,
                      "Original Hash Buckets": 524288,
                      "Hash Batches": 1,
                      "Original Hash Batches": 1,
                      "Peak Memory Usage": 43200,
                      "Plans": [
                        {
                          "Node Type": "Hash Join",
                          "Parent Relationship": "Outer",
                          "Parallel Aware": true,
                          "Join Type": "Inner",
                          "Startup Cost": 46016.99,
                          "Total Cost": 76979.78,
                          "Plan Rows": 168723,
                          "Plan Width": 8,
                          "Actual Startup Time": 169.708,
                          "Actual Total Time": 333.079,
                          "Actual Rows": 131247,
                          "Actual Loops": 6,
                          "Inner Unique": true,
                          "Hash Cond": "(mc.movie_id = t.id)",
                          "Plans": [
                            {
                              "Node Type": "Seq Scan",
                              "Parent Relationship": "Outer",
                              "Parallel Aware": true,
                              "Relation Name": "movie_companies",
                              "Alias": "mc",
                              "Startup Cost": 0.0,
                              "Total Cost": 29310.68,
                              "Plan Rows": 629375,
                              "Plan Width": 4,
                              "Actual Startup Time": 0.246,
                              "Actual Total Time": 67.979,
                              "Actual Rows": 325463,
                              "Actual Loops": 6,
                              "Filter": "(company_id > 917)",
                              "Rows Removed by Filter": 109392
                            },
                            {
                              "Node Type": "Hash",
                              "Parent Relationship": "Inner",
                              "Parallel Aware": true,
                              "Startup Cost": 43898.92,
                              "Total Cost": 43898.92,
                              "Plan Rows": 169446,
                              "Plan Width": 4,
                              "Actual Startup Time": 167.101,
                              "Actual Total Time": 167.102,
                              "Actual Rows": 114024,
                              "Actual Loops": 6,
                              "Hash Buckets": 1048576,
                              "Original Hash Buckets": 1048576,
                              "Hash Batches": 1,
                              "Original Hash Batches": 1,
                              "Peak Memory Usage": 35104,
                              "Plans": [
                                {
                                  "Node Type": "Seq Scan",
                                  "Parent Relationship": "Outer",
                                  "Parallel Aware": true,
                                  "Relation Name": "title",
                                  "Alias": "t",
                                  "Startup Cost": 0.0,
                                  "Total Cost": 43898.92,
                                  "Plan Rows": 169446,
                                  "Plan Width": 4,
                                  "Actual Startup Time": 0.052,
                                  "Actual Total Time": 100.923,
                                  "Actual Rows": 114024,
                                  "Actual Loops": 6,
                                  "Filter": "(production_year < 1990)",
                                  "Rows Removed by Filter": 307361
                                }
                              ]
                            }
                          ]
                        }
                      ]
                    }
                  ]
                }
              ]
            }
          ]
        }
      ]
    },
    "Planning Time": 1.511,
    "Triggers": [],
    "Execution Time": 1647.737
  }
]