[
  {
    "Plan": {
      "Node Type": "Aggregate",
      "Strategy": "Plain",
      "Partial Mode": "Finalize",
      "Parallel Aware": false,
      "Startup Cost": 369530.31,
      "Total Cost": 369530.32,
      "Plan Rows": 1,
      "Plan Width": 8,
      "Actual Startup Time": 4169.633,
      "Actual Total Time": 4224.763,
      "Actual Rows": 1,
      "Actual Loops": 1,
      "Plans": [
        {
          "Node Type": "Gather",
          "Parent Relationship": "Outer",
          "Parallel Aware": false,
          "Startup Cost": 369529.69,
          "Total Cost": 369530.3,
          "Plan Rows": 6,
          "Plan Width": 8,
          "Actual Startup Time": 4152.587,
          "Actual Total Time": 4224.75,
          "Actual Rows": 7,
          "Actual Loops": 1,
          "Workers Planned": 6,
          "Workers Launched": 6,
          "Single Copy": false,
          "Plans": [
            {
              "Node Type": "Aggregate",
              "Strategy": "Plain",
              "Partial Mode": "Partial",
              "Parent Relationship": "Outer",
              "Parallel Aware": false,
              "Startup Cost": 368529.69,
              "Total Cost": 368529.7,
              "Plan Rows": 1,
              "Plan Width": 8,
              "Actual Startup Time": 4144.253,
              "Actual Total Time": 4144.256,
              "Actual Rows": 1,
              "Actual Loops": 7,
              "Plans": [
                {
                  "Node Type": "Nested Loop",
                  "Parent Relationship": "Outer",
                  "Parallel Aware": false,
                  "Join Type": "Inner",
                  "Startup Cost": 79182.47,
                  "Total Cost": 365976.31,
                  "Plan Rows": 1021353,
                  "Plan Width": 0,
                  "Actual Startup Time": 249.332,
                  "Actual Total Time": 3847.09,
                  "Actual Rows": 6577417,
                  "Actual Loops": 7,
                  "Inner Unique": false,
                  "Join Filter": "(t.id = ci.movie_id)",
                  "Rows Removed by Join Filter": 0,
                  "Plans": [
                    {
                      "Node Type": "Merge Join",
                      "Parent Relationship": "Outer",
                      "Parallel Aware": false,
                      "Join Type": "Inner",
                      "Startup Cost": 79181.91,
                      "Total Cost": 222461.62,
                      "Plan Rows": 71278,
                      "Plan Width": 8,
                      "Actual Startup Time": 249.238,
                      "Actual Total Time": 445.547,
                      "Actual Rows": 84405,
                      "Actual Loops": 7,
                      "Inner Unique": true,
                      "Merge Cond": "(mk.movie_id = t.id)",
                      "Plans": [
                        {
                          "Node Type": "Index Only Scan",
                          "Parent Relationship": "Outer",
                          "Parallel Aware": true,
                          "Scan Direction": "Forward",
                          "Index Name": "movie_id_movie_keyword",
                          "Relation Name": "movie_keyword",
                          "Alias": "mk",
                          "Startup Cost": 0.43,
                          "Total Cost": 139488.64,
                          "Plan Rows": 753988,
                          "Plan Width": 4,
                          "Actual Startup Time": 0.209,
                          "Actual Total Time": 148.485,
                          "Actual Rows": 646276,
                          "Actual Loops": 7,
                          "Heap Fetches": 4523930
                        },
                        {
                          "Node Type": "Sort",
                          "Parent Relationship": "Inner",
                          "Parallel Aware": false,
                          "Startup Cost": 79181.35,
                          "Total Cost": 79778.88,
                          "Plan Rows": 239013,
                          "Plan Width": 4,
                          "Actual Startup Time": 207.666,
                          "Actual Total Time": 244.13,
                          "Actual Rows": 199750,
                          "Actual Loops": 7,
                          "Sort Key": [
                            "t.id"
                          ],
                          "Sort Method": "quicksort",
                          "Sort Space Used": 15527,
                          "Sort Space Type": "Memory",
                          "Workers": [
                            {
                              "Worker Number": 0,
                              "Sort Method": "quicksort",
                              "Sort Space Used": 15527,
                              "Sort Space Type": "Memory"
                            },
                            {
                              "Worker Number": 1,
                              "Sort Method": "quicksort",
                              "Sort Space Used": 15527,
                              "Sort Space Type": "Memory"
                            },
                            {
                              "Worker Number": 2,
                              "Sort Method": "quicksort",
                              "Sort Space Used": 15527,
                              "Sort Space Type": "Memory"
                            },
                            {
                              "Worker Number": 3,
                              "Sort Method": "quicksort",
                              "Sort Space Used": 15527,
                              "Sort Space Type": "Memory"
                            },
                            {
                              "Worker Number": 4,
                              "Sort Method": "quicksort",
                              "Sort Space Used": 15527,
                              "Sort Space Type": "Memory"
                            },
                            {
                              "Worker Number": 5,
                              "Sort Method": "quicksort",
                              "Sort Space Used": 15527,
                              "Sort Space Type": "Memory"
                            }
                          ],
                          "Plans": [
                            {
                              "Node Type": "Bitmap Heap Scan",
                              "Parent Relationship": "Outer",
                              "Parallel Aware": false,
                              "Relation Name": "title",
                              "Alias": "t",
                              "Startup Cost": 11882.6,
                              "Total Cost": 57829.44,
                              "Plan Rows": 239013,
                              "Plan Width": 4,
                              "Actual Startup Time": 57.358,
                              "Actual Total Time": 155.421,
                              "Actual Rows": 200165,
                              "Actual Loops": 7,
                              "Recheck Cond": "(kind_id = 1)",
                              "Rows Removed by Index Recheck": 0,
                              "Filter": "(production_year > 2006)",
                              "Rows Removed by Filter": 462660,
                              "Exact Heap Blocks": 12863,
                              "Lossy Heap Blocks": 0,
                              "Plans": [
                                {
                                  "Node Type": "Bitmap Index Scan",
                                  "Parent Relationship": "Outer",
                                  "Parallel Aware": false,
                                  "Index Name": "kind_id_title",
                                  "Startup Cost": 0.0,
                                  "Total Cost": 11822.85,
                                  "Plan Rows": 663256,
                                  "Plan Width": 0,
                                  "Actual Startup Time": 55.87,
                                  "Actual Total Time": 55.87,
                                  "Actual Rows": 662825,
                                  "Actual Loops": 7,
                                  "Index Cond": "(kind_id = 1)"
                                }
                              ]
                            }
                          ]
                        }
                      ]
                    },
                    {
                      "Node Type": "Index Only Scan",
                      "Parent Relationship": "Inner",
                      "Parallel Aware": false,
                      "Scan Direction": "Forward",
                      "Index Name": "movie_id_cast_info",
                      "Relation Name": "cast_info",
                      "Alias": "ci",
                      "Startup Cost": 0.56,
                      "Total Cost": 1.55,
                      "Plan Rows": 37,
                      "Plan Width": 4,
                      "Actual Startup Time": 0.004,
                      "Actual Total Time": 0.034,
                      "Actual Rows": 78,
                      "Actual Loops": 590835,
                      "Index Cond": "(movie_id = mk.movie_id)",
                      "Rows Removed by Index Recheck": 0,
                      "Heap Fetches": 46041919
                    }
                  ]
                }
              ]
            }
          ]
        }
      ]
    },
    "Planning Time": 1.249,
    "Triggers": [],
    "Execution Time": 4224.908
  }
]