[
  {
    "Plan": {
      "Node Type": "Aggregate",
      "Strategy": "Plain",
      "Partial Mode": "Finalize",
      "Parallel Aware": false,
      "Startup Cost": 87384.71,
      "Total Cost": 87384.72,
      "Plan Rows": 1,
      "Plan Width": 8,
      "Actual Startup Time": 418.997,
      "Actual Total Time": 439.463,
      "Actual Rows": 1,
      "Actual Loops": 1,
      "Plans": [
        {
          "Node Type": "Gather",
          "Parent Relationship": "Outer",
          "Parallel Aware": false,
          "Startup Cost": 87384.39,
          "Total Cost": 87384.7,
          "Plan Rows": 3,
          "Plan Width": 8,
          "Actual Startup Time": 416.93,
          "Actual Total Time": 439.451,
          "Actual Rows": 4,
          "Actual Loops": 1,
          "Workers Planned": 3,
          "Workers Launched": 3,
          "Single Copy": false,
          "Plans": [
            {
              "Node Type": "Aggregate",
              "Strategy": "Plain",
              "Partial Mode": "Partial",
              "Parent Relationship": "Outer",
              "Parallel Aware": false,
              "Startup Cost": 86384.39,
              "Total Cost": 86384.4,
              "Plan Rows": 1,
              "Plan Width": 8,
              "Actual Startup Time": 408.473,
              "Actual Total Time": 408.477,
              "Actual Rows": 1,
              "Actual Loops": 4,
              "Plans": [
                {
                  "Node Type": "Nested Loop",
                  "Parent Relationship": "Outer",
                  "Parallel Aware": false,
                  "Join Type": "Inner",
                  "Startup Cost": 46400.09,
                  "Total Cost": 86368.16,
                  "Plan Rows": 6492,
                  "Plan Width": 0,
                  "Actual Startup Time": 224.88,
                  "Actual Total Time": 405.019,
                  "Actual Rows": 60290,
                  "Actual Loops": 4,
                  "Inner Unique": false,
                  "Join Filter": "(t.id = mi_idx.movie_id)",
                  "Rows Removed by Join Filter": 0,
                  "Plans": [
                    {
                      "Node Type": "Hash Join",
                      "Parent Relationship": "Outer",
                      "Parallel Aware": true,
                      "Join Type": "Inner",
                      "Startup Cost": 46399.66,
                      "Total Cost": 78082.62,
                      "Plan Rows": 11895,
                      "Plan Width": 8,
                      "Actual Startup Time": 224.772,
                      "Actual Total Time": 283.461,
                      "Actual Rows": 43150,
                      "Actual Loops": 4,
                      "Inner Unique": true,
                      "Hash Cond": "(mc.movie_id = t.id)",
                      "Plans": [
                        {
                          "Node Type": "Seq Scan",
                          "Parent Relationship": "Outer",
                          "Parallel Aware": true,
                          "Relation Name": "movie_companies",
                          "Alias": "mc",
                          "Startup Cost": 0.0,
                          "Total Cost": 31414.82,
                          "Plan Rows": 102148,
                          "Plan Width": 4,
                          "Actual Startup Time": 34.35,
                          "Actual Total Time": 76.211,
                          "Actual Rows": 151587,
                          "Actual Loops": 4,
                          "Filter": "((company_id > 63639) AND (company_type_id > 1))",
                          "Rows Removed by Filter": 500696
                        },
                        {
                          "Node Type": "Hash",
                          "Parent Relationship": "Inner",
                          "Parallel Aware": true,
                          "Startup Cost": 45479.59,
                          "Total Cost": 45479.59,
                          "Plan Rows": 73606,
                          "Plan Width": 4,
                          "Actual Startup Time": 159.41,
                          "Actual Total Time": 159.411,
                          "Actual Rows": 97759,
                          "Actual Loops": 4,
                          "Hash Buckets": 524288,
                          "Original Hash Buckets": 524288,
                          "Hash Batches": 1,
                          "Original Hash Batches": 1,
                          "Peak Memory Usage": 19424,
                          "Plans": [
                            {
                              "Node Type": "Seq Scan",
                              "Parent Relationship": "Outer",
                              "Parallel Aware": true,
                              "Relation Name": "title",
                              "Alias": "t",
                              "Startup Cost": 0.0,
                              "Total Cost": 45479.59,
                              "Plan Rows": 73606,
                              "Plan Width": 4,
                              "Actual Startup Time": 72.204,
                              "Actual Total Time": 121.59,
                              "Actual Rows": 97759,
                              "Actual Loops": 4,
                              "Filter": "((production_year < 2002) AND (kind_id = 1))",
                              "Rows Removed by Filter": 534319
                            }
                          ]
                        }
                      ]
                    },
                    {
                      "Node Type": "Index Only Scan",
                      "Parent Relationship": "Inner",
                      "Parallel Aware": false,
                      "Scan Direction": "Forward",
                      "Index Name": "movie_id_movie_info_idx",
                      "Relation Name": "movie_info_idx",
                      "Alias": "mi_idx",
                      "Startup Cost": 0.43,
                      "Total Cost": 0.66,
                      "Plan Rows": 3,
                      "Plan Width": 4,
                      "Actual Startup Time": 0.002,
                      "Actual Total Time": 0.002,
                      "Actual Rows": 1,
                      "Actual Loops": 172598,
                      "Index Cond": "(movie_id = mc.movie_id)",
                      "Rows Removed by Index Recheck": 0,
                      "Heap Fetches": 241158
                    }
                  ]
                }
              ]
            }
          ]
        }
      ]
    },
    "Planning Time": 0.826,
    "Triggers": [],
    "Execution Time": 439.543
  }
]