[
  {
    "Plan": {
      "Node Type": "Aggregate",
      "Strategy": "Plain",
      "Partial Mode": "Finalize",
      "Parallel Aware": false,
      "Startup Cost": 134654.25,
      "Total Cost": 134654.26,
      "Plan Rows": 1,
      "Plan Width": 8,
      "Actual Startup Time": 1146.434,
      "Actual Total Time": 1167.359,
      "Actual Rows": 1,
      "Actual Loops": 1,
      "Plans": [
        {
          "Node Type": "Gather",
          "Parent Relationship": "Outer",
          "Parallel Aware": false,
          "Startup Cost": 134653.93,
          "Total Cost": 134654.24,
          "Plan Rows": 3,
          "Plan Width": 8,
          "Actual Startup Time": 1135.891,
          "Actual Total Time": 1167.348,
          "Actual Rows": 4,
          "Actual Loops": 1,
          "Workers Planned": 3,
          "Workers Launched": 3,
          "Single Copy": false,
          "Plans": [
            {
              "Node Type": "Aggregate",
              "Strategy": "Plain",
              "Partial Mode": "Partial",
              "Parent Relationship": "Outer",
              "Parallel Aware": false,
              "Startup Cost": 133653.93,
              "Total Cost": 133653.94,
              "Plan Rows": 1,
              "Plan Width": 8,
              "Actual Startup Time": 1123.449,
              "Actual Total Time": 1123.988,
              "Actual Rows": 1,
              "Actual Loops": 4,
              "Plans": [
                {
                  "Node Type": "Hash Join",
                  "Parent Relationship": "Outer",
                  "Parallel Aware": true,
                  "Join Type": "Inner",
                  "Startup Cost": 85878.24,
                  "Total Cost": 132026.0,
                  "Plan Rows": 651174,
                  "Plan Width": 0,
                  "Actual Startup Time": 656.528,
                  "Actual Total Time": 1034.721,
                  "Actual Rows": 2017641,
                  "Actual Loops": 4,
                  "Inner Unique": false,
                  "Hash Cond": "(mk.movie_id = t.id)",
                  "Plans": [
                    {
                      "Node Type": "Seq Scan",
                      "Parent Relationship": "Outer",
                      "Parallel Aware": true,
                      "Relation Name": "movie_keyword",
                      "Alias": "mk",
                      "Startup Cost": 0.0,
                      "Total Cost": 39047.32,
                      "Plan Rows": 1459332,
                      "Plan Width": 4,
                      "Actual Startup Time": 0.033,
                      "Actual Total Time": 95.319,
                      "Actual Rows": 1130982,
                      "Actual Loops": 4
                    },
                    {
                      "Node Type": "Hash",
                      "Parent Relationship": "Inner",
                      "Parallel Aware": true,
                      "Startup Cost": 82352.74,
                      "Total Cost": 82352.74,
                      "Plan Rows": 282040,
                      "Plan Width": 8,
                      "Actual Startup Time": 648.447,
                      "Actual Total Time": 648.985,
                      "Actual Rows": 310794,
                      "Actual Loops": 4,
                      "Hash Buckets": 2097152,
                      "Original Hash Buckets": 2097152,
                      "Hash Batches": 1,
                      "Original Hash Batches": 1,
                      "Peak Memory Usage": 65088,
                      "Plans": [
                        {
                          "Node Type": "Hash Join",
                          "Parent Relationship": "Outer",
                          "Parallel Aware": true,
                          "Join Type": "Inner",
                          "Startup Cost": 35963.84,
                          "Total Cost": 82352.74,
                          "Plan Rows": 282040,
                          "Plan Width": 8,
                          "Actual Startup Time": 202.246,
                          "Actual Total Time": 533.784,
                          "Actual Rows": 310794,
                          "Actual Loops": 4,
                          "Inner Unique": false,
                          "Hash Cond": "(t.id = mc.movie_id)",
                          "Plans": [
                            {
                              "Node Type": "Seq Scan",
                              "Parent Relationship": "Outer",
                              "Parallel Aware": true,
                              "Relation Name": "title",
                              "Alias": "t",
                              "Startup Cost": 0.0,
                              "Total Cost": 42318.73,
                              "Plan Rows": 632073,
                              "Plan Width": 4,
                              "Actual Startup Time": 0.018,
                              "Actual Total Time": 83.156,
                              "Actual Rows": 632078,
                              "Actual Loops": 4
                            },
                            {
                              "Node Type": "Hash",
                              "Parent Relationship": "Inner",
                              "Parallel Aware": true,
                              "Startup Cost": 31414.82,
                              "Total Cost": 31414.82,
                              "Plan Rows": 363922,
                              "Plan Width": 4,
                              "Actual Startup Time": 198.189,
                              "Actual Total Time": 198.19,
                              "Actual Rows": 310794,
                              "Actual Loops": 4,
                              "Hash Buckets": 2097152,
                              "Original Hash Buckets": 2097152,
                              "Hash Batches": 1,
                              "Original Hash Batches": 1,
                              "Peak Memory Usage": 65088,
                              "Plans": [
                                {
                                  "Node Type": "Seq Scan",
                                  "Parent Relationship": "Outer",
                                  "Parallel Aware": true,
                                  "Relation Name": "movie_companies",
                                  "Alias": "mc",
                                  "Startup Cost": 0.0,
                                  "Total Cost": 31414.82,
                                  "Plan Rows": 363922,
                                  "Plan Width": 4,
                                  "Actual Startup Time": 48.755,
                                  "Actual Total Time": 95.887,
                                  "Actual Rows": 310794,
                                  "Actual Loops": 4,
                                  "Filter": "((company_id > 225) AND (company_type_id = 2))",
                                  "Rows Removed by Filter": 341489
                                }
                              ]
                            }
                          ]
                        }
                      ]
                    }
                  ]
                }
              ]
            }
          ]
        }
      ]
    },
    "Planning Time": 1.468,
    "Triggers": [],
    "Execution Time": 1167.443
  }
]