{
  "Plan": {
    "Node Type": "Aggregate",
    "Strategy": "Plain",
    "Partial Mode": "Finalize",
    "Parallel Aware": false,
    "Startup Cost": 133810.73,
    "Total Cost": 133810.74,
    "Plan Rows": 1,
    "Plan Width": 8,
    "Actual Startup Time": 973.32,
    "Actual Total Time": 998.345,
    "Actual Rows": 1,
    "Actual Loops": 1,
    "Plans": [
      {
        "Node Type": "Gather",
        "Parent Relationship": "Outer",
        "Parallel Aware": false,
        "Startup Cost": 133810.62,
        "Total Cost": 133810.73,
        "Plan Rows": 1,
        "Plan Width": 8,
        "Actual Startup Time": 965.921,
        "Actual Total Time": 998.33,
        "Actual Rows": 2,
        "Actual Loops": 1,
        "Workers Planned": 1,
        "Workers Launched": 1,
        "Single Copy": false,
        "Plans": [
          {
            "Node Type": "Aggregate",
            "Strategy": "Plain",
            "Partial Mode": "Partial",
            "Parent Relationship": "Outer",
            "Parallel Aware": false,
            "Startup Cost": 132810.62,
            "Total Cost": 132810.63,
            "Plan Rows": 1,
            "Plan Width": 8,
            "Actual Startup Time": 954.587,
            "Actual Total Time": 954.596,
            "Actual Rows": 1,
            "Actual Loops": 2,
            "Plans": [
              {
                "Node Type": "Hash Join",
                "Parent Relationship": "Outer",
                "Parallel Aware": true,
                "Join Type": "Inner",
                "Startup Cost": 111843.3,
                "Total Cost": 132554.82,
                "Plan Rows": 102319,
                "Plan Width": 0,
                "Actual Startup Time": 809.618,
                "Actual Total Time": 939.596,
                "Actual Rows": 363518,
                "Actual Loops": 2,
                "Inner Unique": false,
                "Hash Cond": "(mi_idx.movie_id = t.id)",
                "Plans": [
                  {
                    "Node Type": "Seq Scan",
                    "Parent Relationship": "Outer",
                    "Parallel Aware": true,
                    "Relation Name": "movie_info_idx",
                    "Alias": "mi_idx",
                    "Startup Cost": 0.0,
                    "Total Cost": 18082.32,
                    "Plan Rows": 540622,
                    "Plan Width": 4,
                    "Actual Startup Time": 0.029,
                    "Actual Total Time": 59.182,
                    "Actual Rows": 459925,
                    "Actual Loops": 2,
                    "Filter": "(info_type_id < 101)",
                    "Rows Removed by Filter": 230092
                  },
                  {
                    "Node Type": "Hash",
                    "Parent Relationship": "Inner",
                    "Parallel Aware": true,
                    "Startup Cost": 108324.87,
                    "Total Cost": 108324.87,
                    "Plan Rows": 281475,
                    "Plan Width": 8,
                    "Actual Startup Time": 790.018,
                    "Actual Total Time": 790.024,
                    "Actual Rows": 233557,
                    "Actual Loops": 2,
                    "Hash Buckets": 524288,
                    "Original Hash Buckets": 524288,
                    "Hash Batches": 1,
                    "Original Hash Batches": 1,
                    "Peak Memory Usage": 22400,
                    "Plans": [
                      {
                        "Node Type": "Hash Join",
                        "Parent Relationship": "Outer",
                        "Parallel Aware": true,
                        "Join Type": "Inner",
                        "Startup Cost": 79613.56,
                        "Total Cost": 108324.87,
                        "Plan Rows": 281475,
                        "Plan Width": 8,
                        "Actual Startup Time": 597.214,
                        "Actual Total Time": 738.867,
                        "Actual Rows": 233557,
                        "Actual Loops": 2,
                        "Inner Unique": true,
                        "Hash Cond": "(mk.movie_id = t.id)",
                        "Plans": [
                          {
                            "Node Type": "Bitmap Heap Scan",
                            "Parent Relationship": "Outer",
                            "Parallel Aware": true,
                            "Relation Name": "movie_keyword",
                            "Alias": "mk",
                            "Startup Cost": 10152.86,
                            "Total Cost": 38125.3,
                            "Plan Rows": 281475,
                            "Plan Width": 4,
                            "Actual Startup Time": 27.734,
                            "Actual Total Time": 99.948,
                            "Actual Rows": 233557,
                            "Actual Loops": 2,
                            "Recheck Cond": "(keyword_id > 38131)",
                            "Rows Removed by Index Recheck": 0,
                            "Exact Heap Blocks": 13309,
                            "Lossy Heap Blocks": 0,
                            "Plans": [
                              {
                                "Node Type": "Bitmap Index Scan",
                                "Parent Relationship": "Outer",
                                "Parallel Aware": false,
                                "Index Name": "keyword_id_movie_keyword",
                                "Startup Cost": 0.0,
                                "Total Cost": 10033.24,
                                "Plan Rows": 478507,
                                "Plan Width": 0,
                                "Actual Startup Time": 24.351,
                                "Actual Total Time": 24.351,
                                "Actual Rows": 467114,
                                "Actual Loops": 1,
                                "Index Cond": "(keyword_id > 38131)"
                              }
                            ]
                          },
                          {
                            "Node Type": "Hash",
                            "Parent Relationship": "Inner",
                            "Parallel Aware": true,
                            "Startup Cost": 50870.31,
                            "Total Cost": 50870.31,
                            "Plan Rows": 1487231,
                            "Plan Width": 4,
                            "Actual Startup Time": 555.122,
                            "Actual Total Time": 555.124,
                            "Actual Rows": 1264156,
                            "Actual Loops": 2,
                            "Hash Buckets": 4194304,
                            "Original Hash Buckets": 4194304,
                            "Hash Batches": 1,
                            "Original Hash Batches": 1,
                            "Peak Memory Usage": 131680,
                            "Plans": [
                              {
                                "Node Type": "Seq Scan",
                                "Parent Relationship": "Outer",
                                "Parallel Aware": true,
                                "Relation Name": "title",
                                "Alias": "t",
                                "Startup Cost": 0.0,
                                "Total Cost": 50870.31,
                                "Plan Rows": 1487231,
                                "Plan Width": 4,
                                "Actual Startup Time": 0.034,
                                "Actual Total Time": 158.861,
                                "Actual Rows": 1264156,
                                "Actual Loops": 2
                              }
                            ]
                          }
                        ]
                      }
                    ]
                  }
                ]
              }
            ]
          }
        ]
      }
    ]
  },
  "Planning Time": 0.491,
  "Triggers": [],
  "Execution Time": 998.405
}