[
  {
    "Plan": {
      "Node Type": "Aggregate",
      "Strategy": "Plain",
      "Partial Mode": "Finalize",
      "Parallel Aware": false,
      "Startup Cost": 77718.23,
      "Total Cost": 77718.24,
      "Plan Rows": 1,
      "Plan Width": 8,
      "Actual Startup Time": 256.669,
      "Actual Total Time": 272.593,
      "Actual Rows": 1,
      "Actual Loops": 1,
      "Plans": [
        {
          "Node Type": "Gather",
          "Parent Relationship": "Outer",
          "Parallel Aware": false,
          "Startup Cost": 77717.92,
          "Total Cost": 77718.23,
          "Plan Rows": 3,
          "Plan Width": 8,
          "Actual Startup Time": 255.646,
          "Actual Total Time": 272.581,
          "Actual Rows": 4,
          "Actual Loops": 1,
          "Workers Planned": 3,
          "Workers Launched": 3,
          "Single Copy": false,
          "Plans": [
            {
              "Node Type": "Aggregate",
              "Strategy": "Plain",
              "Partial Mode": "Partial",
              "Parent Relationship": "Outer",
              "Parallel Aware": false,
              "Startup Cost": 76717.92,
              "Total Cost": 76717.93,
              "Plan Rows": 1,
              "Plan Width": 8,
              "Actual Startup Time": 248.682,
              "Actual Total Time": 248.686,
              "Actual Rows": 1,
              "Actual Loops": 4,
              "Plans": [
                {
                  "Node Type": "Hash Join",
                  "Parent Relationship": "Outer",
                  "Parallel Aware": true,
                  "Join Type": "Inner",
                  "Startup Cost": 46219.61,
                  "Total Cost": 76620.66,
                  "Plan Rows": 38903,
                  "Plan Width": 0,
                  "Actual Startup Time": 124.343,
                  "Actual Total Time": 247.81,
                  "Actual Rows": 18282,
                  "Actual Loops": 4,
                  "Inner Unique": true,
                  "Hash Cond": "(mc.movie_id = t.id)",
                  "Plans": [
                    {
                      "Node Type": "Seq Scan",
                      "Parent Relationship": "Outer",
                      "Parallel Aware": true,
                      "Relation Name": "movie_companies",
                      "Alias": "mc",
                      "Startup Cost": 0.0,
                      "Total Cost": 29310.68,
                      "Plan Rows": 415378,
                      "Plan Width": 4,
                      "Actual Startup Time": 0.01,
                      "Actual Total Time": 70.442,
                      "Actual Rows": 324987,
                      "Actual Loops": 4,
                      "Filter": "(company_id < 11299)",
                      "Rows Removed by Filter": 327295
                    },
                    {
                      "Node Type": "Hash",
                      "Parent Relationship": "Inner",
                      "Parallel Aware": true,
                      "Startup Cost": 45479.59,
                      "Total Cost": 45479.59,
                      "Plan Rows": 59202,
                      "Plan Width": 4,
                      "Actual Startup Time": 122.552,
                      "Actual Total Time": 122.553,
                      "Actual Rows": 64226,
                      "Actual Loops": 4,
                      "Hash Buckets": 262144,
                      "Original Hash Buckets": 262144,
                      "Hash Batches": 1,
                      "Original Hash Batches": 1,
                      "Peak Memory Usage": 12160,
                      "Plans": [
                        {
                          "Node Type": "Seq Scan",
                          "Parent Relationship": "Outer",
                          "Parallel Aware": true,
                          "Relation Name": "title",
                          "Alias": "t",
                          "Startup Cost": 0.0,
                          "Total Cost": 45479.59,
                          "Plan Rows": 59202,
                          "Plan Width": 4,
                          "Actual Startup Time": 0.047,
                          "Actual Total Time": 97.774,
                          "Actual Rows": 64226,
                          "Actual Loops": 4,
                          "Filter": "((production_year > 2010) AND (kind_id = 7))",
                          "Rows Removed by Filter": 567852
                        }
                      ]
                    }
                  ]
                }
              ]
            }
          ]
        }
      ]
    },
    "Planning Time": 0.347,
    "Triggers": [],
    "Execution Time": 272.633
  }
]