[
  {
    "Plan": {
      "Node Type": "Aggregate",
      "Strategy": "Plain",
      "Partial Mode": "Finalize",
      "Parallel Aware": false,
      "Startup Cost": 339415.87,
      "Total Cost": 339415.88,
      "Plan Rows": 1,
      "Plan Width": 8,
      "Actual Startup Time": 390.356,
      "Actual Total Time": 408.561,
      "Actual Rows": 1,
      "Actual Loops": 1,
      "Plans": [
        {
          "Node Type": "Gather",
          "Parent Relationship": "Outer",
          "Parallel Aware": false,
          "Startup Cost": 339415.25,
          "Total Cost": 339415.86,
          "Plan Rows": 6,
          "Plan Width": 8,
          "Actual Startup Time": 376.342,
          "Actual Total Time": 408.552,
          "Actual Rows": 7,
          "Actual Loops": 1,
          "Workers Planned": 6,
          "Workers Launched": 6,
          "Single Copy": false,
          "Plans": [
            {
              "Node Type": "Aggregate",
              "Strategy": "Plain",
              "Partial Mode": "Partial",
              "Parent Relationship": "Outer",
              "Parallel Aware": false,
              "Startup Cost": 338415.25,
              "Total Cost": 338415.26,
              "Plan Rows": 1,
              "Plan Width": 8,
              "Actual Startup Time": 362.782,
              "Actual Total Time": 362.786,
              "Actual Rows": 1,
              "Actual Loops": 7,
              "Plans": [
                {
                  "Node Type": "Hash Join",
                  "Parent Relationship": "Outer",
                  "Parallel Aware": true,
                  "Join Type": "Inner",
                  "Startup Cost": 81597.96,
                  "Total Cost": 338223.66,
                  "Plan Rows": 76633,
                  "Plan Width": 0,
                  "Actual Startup Time": 307.045,
                  "Actual Total Time": 360.673,
                  "Actual Rows": 42295,
                  "Actual Loops": 7,
                  "Inner Unique": true,
                  "Hash Cond": "(ci.movie_id = t.id)",
                  "Plans": [
                    {
                      "Node Type": "Bitmap Heap Scan",
                      "Parent Relationship": "Outer",
                      "Parallel Aware": true,
                      "Relation Name": "cast_info",
                      "Alias": "ci",
                      "Startup Cost": 32081.49,
                      "Total Cost": 288424.23,
                      "Plan Rows": 107796,
                      "Plan Width": 4,
                      "Actual Startup Time": 97.792,
                      "Actual Total Time": 118.414,
                      "Actual Rows": 60040,
                      "Actual Loops": 7,
                      "Recheck Cond": "(person_id < 150378)",
                      "Rows Removed by Index Recheck": 0,
                      "Filter": "(role_id > 2)",
                      "Rows Removed by Filter": 153783,
                      "Exact Heap Blocks": 2890,
                      "Lossy Heap Blocks": 0,
                      "Plans": [
                        {
                          "Node Type": "Bitmap Index Scan",
                          "Parent Relationship": "Outer",
                          "Parallel Aware": false,
                          "Index Name": "person_id_cast_info",
                          "Startup Cost": 0.0,
                          "Total Cost": 31919.79,
                          "Plan Rows": 1462297,
                          "Plan Width": 0,
                          "Actual Startup Time": 51.018,
                          "Actual Total Time": 51.019,
                          "Actual Rows": 1496761,
                          "Actual Loops": 1,
                          "Index Cond": "(person_id < 150378)"
                        }
                      ]
                    },
                    {
                      "Node Type": "Hash",
                      "Parent Relationship": "Inner",
                      "Parallel Aware": true,
                      "Startup Cost": 43899.32,
                      "Total Cost": 43899.32,
                      "Plan Rows": 449372,
                      "Plan Width": 4,
                      "Actual Startup Time": 205.043,
                      "Actual Total Time": 205.044,
                      "Actual Rows": 256308,
                      "Actual Loops": 7,
                      "Hash Buckets": 2097152,
                      "Original Hash Buckets": 2097152,
                      "Hash Batches": 1,
                      "Original Hash Batches": 1,
                      "Peak Memory Usage": 86656,
                      "Plans": [
                        {
                          "Node Type": "Seq Scan",
                          "Parent Relationship": "Outer",
                          "Parallel Aware": true,
                          "Relation Name": "title",
                          "Alias": "t",
                          "Startup Cost": 0.0,
                          "Total Cost": 43899.32,
                          "Plan Rows": 449372,
                          "Plan Width": 4,
                          "Actual Startup Time": 0.039,
                          "Actual Total Time": 84.075,
                          "Actual Rows": 256308,
                          "Actual Loops": 7,
                          "Filter": "(production_year < 2009)",
                          "Rows Removed by Filter": 104880
                        }
                      ]
                    }
                  ]
                }
              ]
            }
          ]
        }
      ]
    },
    "Planning Time": 0.44,
    "Triggers": [],
    "Execution Time": 408.637
  }
]