[
  {
    "Plan": {
      "Node Type": "Aggregate",
      "Strategy": "Plain",
      "Partial Mode": "Finalize",
      "Parallel Aware": false,
      "Startup Cost": 41366.75,
      "Total Cost": 41366.76,
      "Plan Rows": 1,
      "Plan Width": 8,
      "Actual Startup Time": 44.83,
      "Actual Total Time": 51.65,
      "Actual Rows": 1,
      "Actual Loops": 1,
      "Plans": [
        {
          "Node Type": "Gather",
          "Parent Relationship": "Outer",
          "Parallel Aware": false,
          "Startup Cost": 41366.53,
          "Total Cost": 41366.74,
          "Plan Rows": 2,
          "Plan Width": 8,
          "Actual Startup Time": 44.539,
          "Actual Total Time": 51.645,
          "Actual Rows": 3,
          "Actual Loops": 1,
          "Workers Planned": 2,
          "Workers Launched": 2,
          "Single Copy": false,
          "Plans": [
            {
              "Node Type": "Aggregate",
              "Strategy": "Plain",
              "Partial Mode": "Partial",
              "Parent Relationship": "Outer",
              "Parallel Aware": false,
              "Startup Cost": 40366.53,
              "Total Cost": 40366.54,
              "Plan Rows": 1,
              "Plan Width": 8,
              "Actual Startup Time": 36.007,
              "Actual Total Time": 36.009,
              "Actual Rows": 1,
              "Actual Loops": 3,
              "Plans": [
                {
                  "Node Type": "Nested Loop",
                  "Parent Relationship": "Outer",
                  "Parallel Aware": false,
                  "Join Type": "Inner",
                  "Startup Cost": 170.07,
                  "Total Cost": 40365.24,
                  "Plan Rows": 518,
                  "Plan Width": 0,
                  "Actual Startup Time": 3.956,
                  "Actual Total Time": 35.98,
                  "Actual Rows": 83,
                  "Actual Loops": 3,
                  "Inner Unique": false,
                  "Plans": [
                    {
                      "Node Type": "Nested Loop",
                      "Parent Relationship": "Outer",
                      "Parallel Aware": false,
                      "Join Type": "Inner",
                      "Startup Cost": 169.63,
                      "Total Cost": 38951.88,
                      "Plan Rows": 212,
                      "Plan Width": 8,
                      "Actual Startup Time": 3.75,
                      "Actual Total Time": 34.423,
                      "Actual Rows": 18,
                      "Actual Loops": 3,
                      "Inner Unique": true,
                      "Plans": [
                        {
                          "Node Type": "Bitmap Heap Scan",
                          "Parent Relationship": "Outer",
                          "Parallel Aware": true,
                          "Relation Name": "movie_keyword",
                          "Alias": "mk",
                          "Startup Cost": 169.2,
                          "Total Cost": 16584.09,
                          "Plan Rows": 3267,
                          "Plan Width": 4,
                          "Actual Startup Time": 2.552,
                          "Actual Total Time": 12.566,
                          "Actual Rows": 2175,
                          "Actual Loops": 3,
                          "Recheck Cond": "(keyword_id = 70)",
                          "Rows Removed by Index Recheck": 0,
                          "Exact Heap Blocks": 3897,
                          "Lossy Heap Blocks": 0,
                          "Plans": [
                            {
                              "Node Type": "Bitmap Index Scan",
                              "Parent Relationship": "Outer",
                              "Parallel Aware": false,
                              "Index Name": "keyword_id_movie_keyword",
                              "Startup Cost": 0.0,
                              "Total Cost": 167.24,
                              "Plan Rows": 7841,
                              "Plan Width": 0,
                              "Actual Startup Time": 4.633,
                              "Actual Total Time": 4.634,
                              "Actual Rows": 6525,
                              "Actual Loops": 1,
                              "Index Cond": "(keyword_id = 70)"
                            }
                          ]
                        },
                        {
                          "Node Type": "Index Scan",
                          "Parent Relationship": "Inner",
                          "Parallel Aware": false,
                          "Scan Direction": "Forward",
                          "Index Name": "title_pkey",
                          "Relation Name": "title",
                          "Alias": "t",
                          "Startup Cost": 0.43,
                          "Total Cost": 6.85,
                          "Plan Rows": 1,
                          "Plan Width": 4,
                          "Actual Startup Time": 0.009,
                          "Actual Total Time": 0.009,
                          "Actual Rows": 0,
                          "Actual Loops": 6525,
                          "Index Cond": "(id = mk.movie_id)",
                          "Rows Removed by Index Recheck": 0,
                          "Filter": "((production_year < 1964) AND (kind_id = 7))",
                          "Rows Removed by Filter": 1
                        }
                      ]
                    },
                    {
                      "Node Type": "Index Scan",
                      "Parent Relationship": "Inner",
                      "Parallel Aware": false,
                      "Scan Direction": "Forward",
                      "Index Name": "movie_id_movie_info",
                      "Relation Name": "movie_info",
                      "Alias": "mi",
                      "Startup Cost": 0.43,
                      "Total Cost": 6.5,
                      "Plan Rows": 17,
                      "Plan Width": 4,
                      "Actual Startup Time": 0.037,
                      "Actual Total Time": 0.084,
                      "Actual Rows": 5,
                      "Actual Loops": 54,
                      "Index Cond": "(movie_id = t.id)",
                      "Rows Removed by Index Recheck": 0,
                      "Filter": "(info_type_id > 8)",
                      "Rows Removed by Filter": 5
                    }
                  ]
                }
              ]
            }
          ]
        }
      ]
    },
    "Planning Time": 1.516,
    "Triggers": [],
    "Execution Time": 51.752
  }
]