[
  {
    "Plan": {
      "Node Type": "Aggregate",
      "Strategy": "Plain",
      "Partial Mode": "Finalize",
      "Parallel Aware": false,
      "Startup Cost": 27497.55,
      "Total Cost": 27497.56,
      "Plan Rows": 1,
      "Plan Width": 8,
      "Actual Startup Time": 79.885,
      "Actual Total Time": 84.073,
      "Actual Rows": 1,
      "Actual Loops": 1,
      "Plans": [
        {
          "Node Type": "Gather",
          "Parent Relationship": "Outer",
          "Parallel Aware": false,
          "Startup Cost": 27497.24,
          "Total Cost": 27497.55,
          "Plan Rows": 3,
          "Plan Width": 8,
          "Actual Startup Time": 79.722,
          "Actual Total Time": 84.065,
          "Actual Rows": 4,
          "Actual Loops": 1,
          "Workers Planned": 3,
          "Workers Launched": 3,
          "Single Copy": false,
          "Plans": [
            {
              "Node Type": "Aggregate",
              "Strategy": "Plain",
              "Partial Mode": "Partial",
              "Parent Relationship": "Outer",
              "Parallel Aware": false,
              "Startup Cost": 26497.24,
              "Total Cost": 26497.25,
              "Plan Rows": 1,
              "Plan Width": 8,
              "Actual Startup Time": 70.436,
              "Actual Total Time": 70.437,
              "Actual Rows": 1,
              "Actual Loops": 4,
              "Plans": [
                {
                  "Node Type": "Bitmap Heap Scan",
                  "Parent Relationship": "Outer",
                  "Parallel Aware": true,
                  "Relation Name": "movie_companies",
                  "Alias": "mc",
                  "Startup Cost": 6300.91,
                  "Total Cost": 26262.85,
                  "Plan Rows": 93755,
                  "Plan Width": 0,
                  "Actual Startup Time": 32.074,
                  "Actual Total Time": 64.83,
                  "Actual Rows": 71905,
                  "Actual Loops": 4,
                  "Recheck Cond": "(company_id > 95125)",
                  "Rows Removed by Index Recheck": 0,
                  "Exact Heap Blocks": 2496,
                  "Lossy Heap Blocks": 0,
                  "Plans": [
                    {
                      "Node Type": "Bitmap Index Scan",
                      "Parent Relationship": "Outer",
                      "Parallel Aware": false,
                      "Index Name": "company_id_movie_companies",
                      "Startup Cost": 0.0,
                      "Total Cost": 6228.25,
                      "Plan Rows": 290642,
                      "Plan Width": 0,
                      "Actual Startup Time": 39.415,
                      "Actual Total Time": 39.416,
                      "Actual Rows": 287619,
                      "Actual Loops": 1,
                      "Index Cond": "(company_id > 95125)"
                    }
                  ]
                }
              ]
            }
          ]
        }
      ]
    },
    "Planning Time": 0.179,
    "Triggers": [],
    "Execution Time": 84.143
  }
]