[
  {
    "Plan": {
      "Node Type": "Aggregate",
      "Strategy": "Plain",
      "Partial Mode": "Finalize",
      "Parallel Aware": false,
      "Startup Cost": 280105.03,
      "Total Cost": 280105.04,
      "Plan Rows": 1,
      "Plan Width": 8,
      "Actual Startup Time": 636.991,
      "Actual Total Time": 664.457,
      "Actual Rows": 1,
      "Actual Loops": 1,
      "Plans": [
        {
          "Node Type": "Gather",
          "Parent Relationship": "Outer",
          "Parallel Aware": false,
          "Startup Cost": 280104.51,
          "Total Cost": 280105.02,
          "Plan Rows": 5,
          "Plan Width": 8,
          "Actual Startup Time": 623.833,
          "Actual Total Time": 664.444,
          "Actual Rows": 6,
          "Actual Loops": 1,
          "Workers Planned": 5,
          "Workers Launched": 5,
          "Single Copy": false,
          "Plans": [
            {
              "Node Type": "Aggregate",
              "Strategy": "Plain",
              "Partial Mode": "Partial",
              "Parent Relationship": "Outer",
              "Parallel Aware": false,
              "Startup Cost": 279104.51,
              "Total Cost": 279104.52,
              "Plan Rows": 1,
              "Plan Width": 8,
              "Actual Startup Time": 612.715,
              "Actual Total Time": 612.914,
              "Actual Rows": 1,
              "Actual Loops": 6,
              "Plans": [
                {
                  "Node Type": "Hash Join",
                  "Parent Relationship": "Outer",
                  "Parallel Aware": true,
                  "Join Type": "Inner",
                  "Startup Cost": 111597.04,
                  "Total Cost": 278841.71,
                  "Plan Rows": 105121,
                  "Plan Width": 0,
                  "Actual Startup Time": 472.769,
                  "Actual Total Time": 599.725,
                  "Actual Rows": 209642,
                  "Actual Loops": 6,
                  "Inner Unique": false,
                  "Hash Cond": "(mi.movie_id = t.id)",
                  "Plans": [
                    {
                      "Node Type": "Bitmap Heap Scan",
                      "Parent Relationship": "Outer",
                      "Parallel Aware": true,
                      "Relation Name": "movie_info",
                      "Alias": "mi",
                      "Startup Cost": 27808.97,
                      "Total Cost": 193639.56,
                      "Plan Rows": 307007,
                      "Plan Width": 4,
                      "Actual Startup Time": 98.982,
                      "Actual Total Time": 142.122,
                      "Actual Rows": 255652,
                      "Actual Loops": 6,
                      "Recheck Cond": "(info_type_id = 3)",
                      "Rows Removed by Index Recheck": 0,
                      "Exact Heap Blocks": 2119,
                      "Lossy Heap Blocks": 0,
                      "Plans": [
                        {
                          "Node Type": "Bitmap Index Scan",
                          "Parent Relationship": "Outer",
                          "Parallel Aware": false,
                          "Index Name": "info_type_id_movie_info",
                          "Startup Cost": 0.0,
                          "Total Cost": 27425.21,
                          "Plan Rows": 1535037,
                          "Plan Width": 0,
                          "Actual Startup Time": 96.538,
                          "Actual Total Time": 96.539,
                          "Actual Rows": 1533909,
                          "Actual Loops": 1,
                          "Index Cond": "(info_type_id = 3)"
                        }
                      ]
                    },
                    {
                      "Node Type": "Hash",
                      "Parent Relationship": "Inner",
                      "Parallel Aware": true,
                      "Startup Cost": 81082.77,
                      "Total Cost": 81082.77,
                      "Plan Rows": 216424,
                      "Plan Width": 8,
                      "Actual Startup Time": 366.779,
                      "Actual Total Time": 366.977,
                      "Actual Rows": 112775,
                      "Actual Loops": 6,
                      "Hash Buckets": 1048576,
                      "Original Hash Buckets": 1048576,
                      "Hash Batches": 1,
                      "Original Hash Batches": 1,
                      "Peak Memory Usage": 34720,
                      "Plans": [
                        {
                          "Node Type": "Hash Join",
                          "Parent Relationship": "Outer",
                          "Parallel Aware": true,
                          "Join Type": "Inner",
                          "Startup Cost": 34905.53,
                          "Total Cost": 81082.77,
                          "Plan Rows": 216424,
                          "Plan Width": 8,
                          "Actual Startup Time": 124.89,
                          "Actual Total Time": 319.938,
                          "Actual Rows": 112775,
                          "Actual Loops": 6,
                          "Inner Unique": false,
                          "Hash Cond": "(t.id = mc.movie_id)",
                          "Plans": [
                            {
                              "Node Type": "Seq Scan",
                              "Parent Relationship": "Outer",
                              "Parallel Aware": true,
                              "Relation Name": "title",
                              "Alias": "t",
                              "Startup Cost": 0.0,
                              "Total Cost": 42318.73,
                              "Plan Rows": 632073,
                              "Plan Width": 4,
                              "Actual Startup Time": 0.017,
                              "Actual Total Time": 70.666,
                              "Actual Rows": 421385,
                              "Actual Loops": 6
                            },
                            {
                              "Node Type": "Hash",
                              "Parent Relationship": "Inner",
                              "Parallel Aware": true,
                              "Startup Cost": 31414.82,
                              "Total Cost": 31414.82,
                              "Plan Rows": 279257,
                              "Plan Width": 4,
                              "Actual Startup Time": 122.765,
                              "Actual Total Time": 122.767,
                              "Actual Rows": 112775,
                              "Actual Loops": 6,
                              "Hash Buckets": 1048576,
                              "Original Hash Buckets": 1048576,
                              "Hash Batches": 1,
                              "Original Hash Batches": 1,
                              "Peak Memory Usage": 34720,
                              "Plans": [
                                {
                                  "Node Type": "Seq Scan",
                                  "Parent Relationship": "Outer",
                                  "Parallel Aware": true,
                                  "Relation Name": "movie_companies",
                                  "Alias": "mc",
                                  "Startup Cost": 0.0,
                                  "Total Cost": 31414.82,
                                  "Plan Rows": 279257,
                                  "Plan Width": 4,
                                  "Actual Startup Time": 1.61,
                                  "Actual Total Time": 71.266,
                                  "Actual Rows": 112775,
                                  "Actual Loops": 6,
                                  "Filter": "((company_id > 2281) AND (company_type_id = 1))",
                                  "Rows Removed by Filter": 322080
                                }
                              ]
                            }
                          ]
                        }
                      ]
                    }
                  ]
                }
              ]
            }
          ]
        }
      ]
    },
    "Planning Time": 1.461,
    "Triggers": [],
    "Execution Time": 664.57
  }
]