[
  {
    "Plan": {
      "Node Type": "Aggregate",
      "Strategy": "Plain",
      "Partial Mode": "Finalize",
      "Parallel Aware": false,
      "Startup Cost": 46494.05,
      "Total Cost": 46494.06,
      "Plan Rows": 1,
      "Plan Width": 8,
      "Actual Startup Time": 88.764,
      "Actual Total Time": 99.973,
      "Actual Rows": 1,
      "Actual Loops": 1,
      "Plans": [
        {
          "Node Type": "Gather",
          "Parent Relationship": "Outer",
          "Parallel Aware": false,
          "Startup Cost": 46493.63,
          "Total Cost": 46494.04,
          "Plan Rows": 4,
          "Plan Width": 8,
          "Actual Startup Time": 88.595,
          "Actual Total Time": 99.96,
          "Actual Rows": 5,
          "Actual Loops": 1,
          "Workers Planned": 4,
          "Workers Launched": 4,
          "Single Copy": false,
          "Plans": [
            {
              "Node Type": "Aggregate",
              "Strategy": "Plain",
              "Partial Mode": "Partial",
              "Parent Relationship": "Outer",
              "Parallel Aware": false,
              "Startup Cost": 45493.63,
              "Total Cost": 45493.64,
              "Plan Rows": 1,
              "Plan Width": 8,
              "Actual Startup Time": 81.199,
              "Actual Total Time": 81.201,
              "Actual Rows": 1,
              "Actual Loops": 5,
              "Plans": [
                {
                  "Node Type": "Seq Scan",
                  "Parent Relationship": "Outer",
                  "Parallel Aware": true,
                  "Relation Name": "title",
                  "Alias": "t",
                  "Startup Cost": 0.0,
                  "Total Cost": 45479.59,
                  "Plan Rows": 5617,
                  "Plan Width": 0,
                  "Actual Startup Time": 52.494,
                  "Actual Total Time": 80.971,
                  "Actual Rows": 2610,
                  "Actual Loops": 5,
                  "Filter": "((kind_id < 2) AND (production_year = 2004))",
                  "Rows Removed by Filter": 503052
                }
              ]
            }
          ]
        }
      ]
    },
    "Planning Time": 0.083,
    "Triggers": [],
    "Execution Time": 100.002
  }
]