[
  {
    "Plan": {
      "Node Type": "Aggregate",
      "Strategy": "Plain",
      "Partial Mode": "Finalize",
      "Parallel Aware": false,
      "Startup Cost": 385275.8,
      "Total Cost": 385275.81,
      "Plan Rows": 1,
      "Plan Width": 8,
      "Actual Startup Time": 1136.529,
      "Actual Total Time": 1167.629,
      "Actual Rows": 1,
      "Actual Loops": 1,
      "Plans": [
        {
          "Node Type": "Gather",
          "Parent Relationship": "Outer",
          "Parallel Aware": false,
          "Startup Cost": 385275.17,
          "Total Cost": 385275.78,
          "Plan Rows": 6,
          "Plan Width": 8,
          "Actual Startup Time": 1134.875,
          "Actual Total Time": 1167.62,
          "Actual Rows": 7,
          "Actual Loops": 1,
          "Workers Planned": 6,
          "Workers Launched": 6,
          "Single Copy": false,
          "Plans": [
            {
              "Node Type": "Aggregate",
              "Strategy": "Plain",
              "Partial Mode": "Partial",
              "Parent Relationship": "Outer",
              "Parallel Aware": false,
              "Startup Cost": 384275.17,
              "Total Cost": 384275.18,
              "Plan Rows": 1,
              "Plan Width": 8,
              "Actual Startup Time": 1128.178,
              "Actual Total Time": 1128.181,
              "Actual Rows": 1,
              "Actual Loops": 7,
              "Plans": [
                {
                  "Node Type": "Hash Join",
                  "Parent Relationship": "Outer",
                  "Parallel Aware": true,
                  "Join Type": "Inner",
                  "Startup Cost": 44458.67,
                  "Total Cost": 383541.89,
                  "Plan Rows": 293312,
                  "Plan Width": 0,
                  "Actual Startup Time": 71.961,
                  "Actual Total Time": 1117.839,
                  "Actual Rows": 188331,
                  "Actual Loops": 7,
                  "Inner Unique": true,
                  "Hash Cond": "(ci.movie_id = t.id)",
                  "Plans": [
                    {
                      "Node Type": "Seq Scan",
                      "Parent Relationship": "Outer",
                      "Parallel Aware": true,
                      "Relation Name": "cast_info",
                      "Alias": "ci",
                      "Startup Cost": 0.0,
                      "Total Cost": 328213.62,
                      "Plan Rows": 4140795,
                      "Plan Width": 4,
                      "Actual Startup Time": 0.018,
                      "Actual Total Time": 568.579,
                      "Actual Rows": 3534302,
                      "Actual Loops": 7,
                      "Filter": "(person_id < 2547802)",
                      "Rows Removed by Filter": 1643461
                    },
                    {
                      "Node Type": "Hash",
                      "Parent Relationship": "Inner",
                      "Parallel Aware": true,
                      "Startup Cost": 43899.01,
                      "Total Cost": 43899.01,
                      "Plan Rows": 44773,
                      "Plan Width": 4,
                      "Actual Startup Time": 70.634,
                      "Actual Total Time": 70.635,
                      "Actual Rows": 25851,
                      "Actual Loops": 7,
                      "Hash Buckets": 262144,
                      "Original Hash Buckets": 262144,
                      "Hash Batches": 1,
                      "Original Hash Batches": 1,
                      "Peak Memory Usage": 9248,
                      "Plans": [
                        {
                          "Node Type": "Seq Scan",
                          "Parent Relationship": "Outer",
                          "Parallel Aware": true,
                          "Relation Name": "title",
                          "Alias": "t",
                          "Startup Cost": 0.0,
                          "Total Cost": 43899.01,
                          "Plan Rows": 44773,
                          "Plan Width": 4,
                          "Actual Startup Time": 0.05,
                          "Actual Total Time": 61.072,
                          "Actual Rows": 25851,
                          "Actual Loops": 7,
                          "Filter": "(production_year < 1953)",
                          "Rows Removed by Filter": 335337
                        }
                      ]
                    }
                  ]
                }
              ]
            }
          ]
        }
      ]
    },
    "Planning Time": 0.243,
    "Triggers": [],
    "Execution Time": 1167.667
  }
]