{
  "Plan": {
    "Node Type": "Aggregate",
    "Strategy": "Plain",
    "Partial Mode": "Finalize",
    "Parallel Aware": false,
    "Startup Cost": 459461.02,
    "Total Cost": 459461.03,
    "Plan Rows": 1,
    "Plan Width": 8,
    "Actual Startup Time": 2229.333,
    "Actual Total Time": 2255.526,
    "Actual Rows": 1,
    "Actual Loops": 1,
    "Plans": [
      {
        "Node Type": "Gather",
        "Parent Relationship": "Outer",
        "Parallel Aware": false,
        "Startup Cost": 459460.91,
        "Total Cost": 459461.02,
        "Plan Rows": 1,
        "Plan Width": 8,
        "Actual Startup Time": 2222.855,
        "Actual Total Time": 2255.517,
        "Actual Rows": 2,
        "Actual Loops": 1,
        "Workers Planned": 1,
        "Workers Launched": 1,
        "Single Copy": false,
        "Plans": [
          {
            "Node Type": "Aggregate",
            "Strategy": "Plain",
            "Partial Mode": "Partial",
            "Parent Relationship": "Outer",
            "Parallel Aware": false,
            "Startup Cost": 458460.91,
            "Total Cost": 458460.92,
            "Plan Rows": 1,
            "Plan Width": 8,
            "Actual Startup Time": 2210.651,
            "Actual Total Time": 2210.655,
            "Actual Rows": 1,
            "Actual Loops": 2,
            "Plans": [
              {
                "Node Type": "Hash Join",
                "Parent Relationship": "Outer",
                "Parallel Aware": true,
                "Join Type": "Inner",
                "Startup Cost": 162228.34,
                "Total Cost": 452284.24,
                "Plan Rows": 2470670,
                "Plan Width": 0,
                "Actual Startup Time": 893.918,
                "Actual Total Time": 2106.423,
                "Actual Rows": 2157442,
                "Actual Loops": 2,
                "Inner Unique": true,
                "Hash Cond": "(ci.movie_id = t.id)",
                "Plans": [
                  {
                    "Node Type": "Bitmap Heap Scan",
                    "Parent Relationship": "Outer",
                    "Parallel Aware": true,
                    "Relation Name": "cast_info",
                    "Alias": "ci",
                    "Startup Cost": 92767.64,
                    "Total Cost": 376338.02,
                    "Plan Rows": 2470670,
                    "Plan Width": 4,
                    "Actual Startup Time": 308.991,
                    "Actual Total Time": 553.338,
                    "Actual Rows": 2157442,
                    "Actual Loops": 2,
                    "Recheck Cond": "(person_id < 415811)",
                    "Rows Removed by Index Recheck": 0,
                    "Exact Heap Blocks": 24555,
                    "Lossy Heap Blocks": 0,
                    "Plans": [
                      {
                        "Node Type": "Bitmap Index Scan",
                        "Parent Relationship": "Outer",
                        "Parallel Aware": false,
                        "Index Name": "person_id_cast_info",
                        "Startup Cost": 0.0,
                        "Total Cost": 91717.61,
                        "Plan Rows": 4200139,
                        "Plan Width": 0,
                        "Actual Startup Time": 296.993,
                        "Actual Total Time": 296.993,
                        "Actual Rows": 4314885,
                        "Actual Loops": 1,
                        "Index Cond": "(person_id < 415811)"
                      }
                    ]
                  },
                  {
                    "Node Type": "Hash",
                    "Parent Relationship": "Inner",
                    "Parallel Aware": true,
                    "Startup Cost": 50870.31,
                    "Total Cost": 50870.31,
                    "Plan Rows": 1487231,
                    "Plan Width": 4,
                    "Actual Startup Time": 562.919,
                    "Actual Total Time": 562.92,
                    "Actual Rows": 1264156,
                    "Actual Loops": 2,
                    "Hash Buckets": 4194304,
                    "Original Hash Buckets": 4194304,
                    "Hash Batches": 1,
                    "Original Hash Batches": 1,
                    "Peak Memory Usage": 131712,
                    "Plans": [
                      {
                        "Node Type": "Seq Scan",
                        "Parent Relationship": "Outer",
                        "Parallel Aware": true,
                        "Relation Name": "title",
                        "Alias": "t",
                        "Startup Cost": 0.0,
                        "Total Cost": 50870.31,
                        "Plan Rows": 1487231,
                        "Plan Width": 4,
                        "Actual Startup Time": 0.024,
                        "Actual Total Time": 177.321,
                        "Actual Rows": 1264156,
                        "Actual Loops": 2
                      }
                    ]
                  }
                ]
              }
            ]
          }
        ]
      }
    ]
  },
  "Planning Time": 0.531,
  "Triggers": [],
  "Execution Time": 2255.602
}