[
  {
    "Plan": {
      "Node Type": "Aggregate",
      "Strategy": "Plain",
      "Partial Mode": "Finalize",
      "Parallel Aware": false,
      "Startup Cost": 131507.98,
      "Total Cost": 131507.99,
      "Plan Rows": 1,
      "Plan Width": 8,
      "Actual Startup Time": 812.955,
      "Actual Total Time": 831.652,
      "Actual Rows": 1,
      "Actual Loops": 1,
      "Plans": [
        {
          "Node Type": "Gather",
          "Parent Relationship": "Outer",
          "Parallel Aware": false,
          "Startup Cost": 131507.66,
          "Total Cost": 131507.97,
          "Plan Rows": 3,
          "Plan Width": 8,
          "Actual Startup Time": 799.724,
          "Actual Total Time": 831.644,
          "Actual Rows": 4,
          "Actual Loops": 1,
          "Workers Planned": 3,
          "Workers Launched": 3,
          "Single Copy": false,
          "Plans": [
            {
              "Node Type": "Aggregate",
              "Strategy": "Plain",
              "Partial Mode": "Partial",
              "Parent Relationship": "Outer",
              "Parallel Aware": false,
              "Startup Cost": 130507.66,
              "Total Cost": 130507.67,
              "Plan Rows": 1,
              "Plan Width": 8,
              "Actual Startup Time": 793.378,
              "Actual Total Time": 793.513,
              "Actual Rows": 1,
              "Actual Loops": 4,
              "Plans": [
                {
                  "Node Type": "Hash Join",
                  "Parent Relationship": "Outer",
                  "Parallel Aware": true,
                  "Join Type": "Inner",
                  "Startup Cost": 84172.86,
                  "Total Cost": 129715.2,
                  "Plan Rows": 316984,
                  "Plan Width": 0,
                  "Actual Startup Time": 431.038,
                  "Actual Total Time": 714.387,
                  "Actual Rows": 1996566,
                  "Actual Loops": 4,
                  "Inner Unique": false,
                  "Hash Cond": "(mk.movie_id = t.id)",
                  "Plans": [
                    {
                      "Node Type": "Seq Scan",
                      "Parent Relationship": "Outer",
                      "Parallel Aware": true,
                      "Relation Name": "movie_keyword",
                      "Alias": "mk",
                      "Startup Cost": 0.0,
                      "Total Cost": 39047.32,
                      "Plan Rows": 1459332,
                      "Plan Width": 4,
                      "Actual Startup Time": 0.032,
                      "Actual Total Time": 81.046,
                      "Actual Rows": 1130982,
                      "Actual Loops": 4
                    },
                    {
                      "Node Type": "Hash",
                      "Parent Relationship": "Inner",
                      "Parallel Aware": true,
                      "Startup Cost": 81958.33,
                      "Total Cost": 81958.33,
                      "Plan Rows": 177162,
                      "Plan Width": 8,
                      "Actual Startup Time": 404.985,
                      "Actual Total Time": 405.118,
                      "Actual Rows": 70699,
                      "Actual Loops": 4,
                      "Hash Buckets": 1048576,
                      "Original Hash Buckets": 1048576,
                      "Hash Batches": 1,
                      "Original Hash Batches": 1,
                      "Peak Memory Usage": 19296,
                      "Plans": [
                        {
                          "Node Type": "Hash Join",
                          "Parent Relationship": "Outer",
                          "Parallel Aware": true,
                          "Join Type": "Inner",
                          "Startup Cost": 49934.68,
                          "Total Cost": 81958.33,
                          "Plan Rows": 177162,
                          "Plan Width": 8,
                          "Actual Startup Time": 285.931,
                          "Actual Total Time": 384.843,
                          "Actual Rows": 70699,
                          "Actual Loops": 4,
                          "Inner Unique": true,
                          "Hash Cond": "(mc.movie_id = t.id)",
                          "Plans": [
                            {
                              "Node Type": "Seq Scan",
                              "Parent Relationship": "Outer",
                              "Parallel Aware": true,
                              "Relation Name": "movie_companies",
                              "Alias": "mc",
                              "Startup Cost": 0.0,
                              "Total Cost": 31414.82,
                              "Plan Rows": 231935,
                              "Plan Width": 4,
                              "Actual Startup Time": 6.21,
                              "Actual Total Time": 62.17,
                              "Actual Rows": 125091,
                              "Actual Loops": 4,
                              "Filter": "((company_id > 8878) AND (company_type_id < 2))",
                              "Rows Removed by Filter": 527192
                            },
                            {
                              "Node Type": "Hash",
                              "Parent Relationship": "Inner",
                              "Parallel Aware": true,
                              "Startup Cost": 43899.32,
                              "Total Cost": 43899.32,
                              "Plan Rows": 482829,
                              "Plan Width": 4,
                              "Actual Startup Time": 276.102,
                              "Actual Total Time": 276.103,
                              "Actual Rows": 479507,
                              "Actual Loops": 4,
                              "Hash Buckets": 2097152,
                              "Original Hash Buckets": 2097152,
                              "Hash Batches": 1,
                              "Original Hash Batches": 1,
                              "Peak Memory Usage": 91488,
                              "Plans": [
                                {
                                  "Node Type": "Seq Scan",
                                  "Parent Relationship": "Outer",
                                  "Parallel Aware": true,
                                  "Relation Name": "title",
                                  "Alias": "t",
                                  "Startup Cost": 0.0,
                                  "Total Cost": 43899.32,
                                  "Plan Rows": 482829,
                                  "Plan Width": 4,
                                  "Actual Startup Time": 0.047,
                                  "Actual Total Time": 107.73,
                                  "Actual Rows": 479507,
                                  "Actual Loops": 4,
                                  "Filter": "(production_year > 1981)",
                                  "Rows Removed by Filter": 152571
                                }
                              ]
                            }
                          ]
                        }
                      ]
                    }
                  ]
                }
              ]
            }
          ]
        }
      ]
    },
    "Planning Time": 0.528,
    "Triggers": [],
    "Execution Time": 831.701
  }
]