[
  {
    "Plan": {
      "Node Type": "Aggregate",
      "Strategy": "Plain",
      "Partial Mode": "Finalize",
      "Parallel Aware": false,
      "Startup Cost": 129885.36,
      "Total Cost": 129885.37,
      "Plan Rows": 1,
      "Plan Width": 8,
      "Actual Startup Time": 1062.152,
      "Actual Total Time": 1082.321,
      "Actual Rows": 1,
      "Actual Loops": 1,
      "Plans": [
        {
          "Node Type": "Gather",
          "Parent Relationship": "Outer",
          "Parallel Aware": false,
          "Startup Cost": 129885.04,
          "Total Cost": 129885.35,
          "Plan Rows": 3,
          "Plan Width": 8,
          "Actual Startup Time": 1058.332,
          "Actual Total Time": 1082.31,
          "Actual Rows": 4,
          "Actual Loops": 1,
          "Workers Planned": 3,
          "Workers Launched": 3,
          "Single Copy": false,
          "Plans": [
            {
              "Node Type": "Aggregate",
              "Strategy": "Plain",
              "Partial Mode": "Partial",
              "Parent Relationship": "Outer",
              "Parallel Aware": false,
              "Startup Cost": 128885.04,
              "Total Cost": 128885.05,
              "Plan Rows": 1,
              "Plan Width": 8,
              "Actual Startup Time": 1049.649,
              "Actual Total Time": 1049.813,
              "Actual Rows": 1,
              "Actual Loops": 4,
              "Plans": [
                {
                  "Node Type": "Hash Join",
                  "Parent Relationship": "Outer",
                  "Parallel Aware": true,
                  "Join Type": "Inner",
                  "Startup Cost": 82781.69,
                  "Total Cost": 128093.27,
                  "Plan Rows": 316708,
                  "Plan Width": 0,
                  "Actual Startup Time": 539.413,
                  "Actual Total Time": 939.839,
                  "Actual Rows": 1996566,
                  "Actual Loops": 4,
                  "Inner Unique": false,
                  "Hash Cond": "(mk.movie_id = t.id)",
                  "Plans": [
                    {
                      "Node Type": "Seq Scan",
                      "Parent Relationship": "Outer",
                      "Parallel Aware": true,
                      "Relation Name": "movie_keyword",
                      "Alias": "mk",
                      "Startup Cost": 0.0,
                      "Total Cost": 39047.32,
                      "Plan Rows": 1459332,
                      "Plan Width": 4,
                      "Actual Startup Time": 0.052,
                      "Actual Total Time": 116.2,
                      "Actual Rows": 1130982,
                      "Actual Loops": 4
                    },
                    {
                      "Node Type": "Hash",
                      "Parent Relationship": "Inner",
                      "Parallel Aware": true,
                      "Startup Cost": 81067.01,
                      "Total Cost": 81067.01,
                      "Plan Rows": 137174,
                      "Plan Width": 8,
                      "Actual Startup Time": 495.279,
                      "Actual Total Time": 495.441,
                      "Actual Rows": 70699,
                      "Actual Loops": 4,
                      "Hash Buckets": 1048576,
                      "Original Hash Buckets": 1048576,
                      "Hash Batches": 1,
                      "Original Hash Batches": 1,
                      "Peak Memory Usage": 19328,
                      "Plans": [
                        {
                          "Node Type": "Hash Join",
                          "Parent Relationship": "Outer",
                          "Parallel Aware": true,
                          "Join Type": "Inner",
                          "Startup Cost": 34312.76,
                          "Total Cost": 81067.01,
                          "Plan Rows": 137174,
                          "Plan Width": 8,
                          "Actual Startup Time": 193.933,
                          "Actual Total Time": 455.793,
                          "Actual Rows": 70699,
                          "Actual Loops": 4,
                          "Inner Unique": false,
                          "Hash Cond": "(t.id = mc.movie_id)",
                          "Plans": [
                            {
                              "Node Type": "Seq Scan",
                              "Parent Relationship": "Outer",
                              "Parallel Aware": true,
                              "Relation Name": "title",
                              "Alias": "t",
                              "Startup Cost": 0.0,
                              "Total Cost": 43898.92,
                              "Plan Rows": 482568,
                              "Plan Width": 4,
                              "Actual Startup Time": 0.015,
                              "Actual Total Time": 135.9,
                              "Actual Rows": 479507,
                              "Actual Loops": 4,
                              "Filter": "(production_year > 1981)",
                              "Rows Removed by Filter": 152571
                            },
                            {
                              "Node Type": "Hash",
                              "Parent Relationship": "Inner",
                              "Parallel Aware": true,
                              "Startup Cost": 31414.82,
                              "Total Cost": 31414.82,
                              "Plan Rows": 231835,
                              "Plan Width": 4,
                              "Actual Startup Time": 154.023,
                              "Actual Total Time": 154.024,
                              "Actual Rows": 125091,
                              "Actual Loops": 4,
                              "Hash Buckets": 1048576,
                              "Original Hash Buckets": 1048576,
                              "Hash Batches": 1,
                              "Original Hash Batches": 1,
                              "Peak Memory Usage": 27840,
                              "Plans": [
                                {
                                  "Node Type": "Seq Scan",
                                  "Parent Relationship": "Outer",
                                  "Parallel Aware": true,
                                  "Relation Name": "movie_companies",
                                  "Alias": "mc",
                                  "Startup Cost": 0.0,
                                  "Total Cost": 31414.82,
                                  "Plan Rows": 231835,
                                  "Plan Width": 4,
                                  "Actual Startup Time": 15.155,
                                  "Actual Total Time": 102.561,
                                  "Actual Rows": 125091,
                                  "Actual Loops": 4,
                                  "Filter": "((company_id > 8878) AND (company_type_id < 2))",
                                  "Rows Removed by Filter": 527192
                                }
                              ]
                            }
                          ]
                        }
                      ]
                    }
                  ]
                }
              ]
            }
          ]
        }
      ]
    },
    "Planning Time": 1.421,
    "Triggers": [],
    "Execution Time": 1082.405
  }
]