[
  {
    "Plan": {
      "Node Type": "Aggregate",
      "Strategy": "Plain",
      "Partial Mode": "Finalize",
      "Parallel Aware": false,
      "Startup Cost": 44752.1,
      "Total Cost": 44752.11,
      "Plan Rows": 1,
      "Plan Width": 8,
      "Actual Startup Time": 126.176,
      "Actual Total Time": 133.61,
      "Actual Rows": 1,
      "Actual Loops": 1,
      "Plans": [
        {
          "Node Type": "Gather",
          "Parent Relationship": "Outer",
          "Parallel Aware": false,
          "Startup Cost": 44751.79,
          "Total Cost": 44752.1,
          "Plan Rows": 3,
          "Plan Width": 8,
          "Actual Startup Time": 126.059,
          "Actual Total Time": 133.602,
          "Actual Rows": 4,
          "Actual Loops": 1,
          "Workers Planned": 3,
          "Workers Launched": 3,
          "Single Copy": false,
          "Plans": [
            {
              "Node Type": "Aggregate",
              "Strategy": "Plain",
              "Partial Mode": "Partial",
              "Parent Relationship": "Outer",
              "Parallel Aware": false,
              "Startup Cost": 43751.79,
              "Total Cost": 43751.8,
              "Plan Rows": 1,
              "Plan Width": 8,
              "Actual Startup Time": 119.212,
              "Actual Total Time": 119.213,
              "Actual Rows": 1,
              "Actual Loops": 4,
              "Plans": [
                {
                  "Node Type": "Seq Scan",
                  "Parent Relationship": "Outer",
                  "Parallel Aware": true,
                  "Relation Name": "movie_keyword",
                  "Alias": "mk",
                  "Startup Cost": 0.0,
                  "Total Cost": 42695.65,
                  "Plan Rows": 422453,
                  "Plan Width": 0,
                  "Actual Startup Time": 1.699,
                  "Actual Total Time": 102.557,
                  "Actual Rows": 328513,
                  "Actual Loops": 4,
                  "Filter": "(keyword_id > 13366)",
                  "Rows Removed by Filter": 802470
                }
              ]
            }
          ]
        }
      ]
    },
    "Planning Time": 0.167,
    "Triggers": [],
    "Execution Time": 133.656
  }
]