[
  {
    "Plan": {
      "Node Type": "Aggregate",
      "Strategy": "Plain",
      "Partial Mode": "Finalize",
      "Parallel Aware": false,
      "Startup Cost": 174297.98,
      "Total Cost": 174297.99,
      "Plan Rows": 1,
      "Plan Width": 8,
      "Actual Startup Time": 689.368,
      "Actual Total Time": 709.707,
      "Actual Rows": 1,
      "Actual Loops": 1,
      "Plans": [
        {
          "Node Type": "Gather",
          "Parent Relationship": "Outer",
          "Parallel Aware": false,
          "Startup Cost": 174297.67,
          "Total Cost": 174297.98,
          "Plan Rows": 3,
          "Plan Width": 8,
          "Actual Startup Time": 683.709,
          "Actual Total Time": 709.697,
          "Actual Rows": 4,
          "Actual Loops": 1,
          "Workers Planned": 3,
          "Workers Launched": 3,
          "Single Copy": false,
          "Plans": [
            {
              "Node Type": "Aggregate",
              "Strategy": "Plain",
              "Partial Mode": "Partial",
              "Parent Relationship": "Outer",
              "Parallel Aware": false,
              "Startup Cost": 173297.67,
              "Total Cost": 173297.68,
              "Plan Rows": 1,
              "Plan Width": 8,
              "Actual Startup Time": 674.599,
              "Actual Total Time": 674.708,
              "Actual Rows": 1,
              "Actual Loops": 4,
              "Plans": [
                {
                  "Node Type": "Hash Join",
                  "Parent Relationship": "Outer",
                  "Parallel Aware": true,
                  "Join Type": "Inner",
                  "Startup Cost": 126967.24,
                  "Total Cost": 172291.77,
                  "Plan Rows": 402357,
                  "Plan Width": 0,
                  "Actual Startup Time": 476.066,
                  "Actual Total Time": 669.504,
                  "Actual Rows": 134301,
                  "Actual Loops": 4,
                  "Inner Unique": false,
                  "Hash Cond": "(mk.movie_id = t.id)",
                  "Plans": [
                    {
                      "Node Type": "Seq Scan",
                      "Parent Relationship": "Outer",
                      "Parallel Aware": true,
                      "Relation Name": "movie_keyword",
                      "Alias": "mk",
                      "Startup Cost": 0.0,
                      "Total Cost": 39047.32,
                      "Plan Rows": 1459332,
                      "Plan Width": 4,
                      "Actual Startup Time": 0.026,
                      "Actual Total Time": 85.149,
                      "Actual Rows": 1130982,
                      "Actual Loops": 4
                    },
                    {
                      "Node Type": "Hash",
                      "Parent Relationship": "Inner",
                      "Parallel Aware": true,
                      "Startup Cost": 125224.52,
                      "Total Cost": 125224.52,
                      "Plan Rows": 139417,
                      "Plan Width": 8,
                      "Actual Startup Time": 471.109,
                      "Actual Total Time": 471.216,
                      "Actual Rows": 154454,
                      "Actual Loops": 4,
                      "Hash Buckets": 1048576,
                      "Original Hash Buckets": 1048576,
                      "Hash Batches": 1,
                      "Original Hash Batches": 1,
                      "Peak Memory Usage": 32448,
                      "Plans": [
                        {
                          "Node Type": "Hash Join",
                          "Parent Relationship": "Outer",
                          "Parallel Aware": true,
                          "Join Type": "Inner",
                          "Startup Cost": 47413.01,
                          "Total Cost": 125224.52,
                          "Plan Rows": 139417,
                          "Plan Width": 8,
                          "Actual Startup Time": 154.568,
                          "Actual Total Time": 416.442,
                          "Actual Rows": 154454,
                          "Actual Loops": 4,
                          "Inner Unique": true,
                          "Hash Cond": "(ci.movie_id = t.id)",
                          "Plans": [
                            {
                              "Node Type": "Index Scan",
                              "Parent Relationship": "Outer",
                              "Parallel Aware": true,
                              "Scan Direction": "Forward",
                              "Index Name": "role_id_cast_info",
                              "Relation Name": "cast_info",
                              "Alias": "ci",
                              "Startup Cost": 0.56,
                              "Total Cost": 76316.49,
                              "Plan Rows": 569746,
                              "Plan Width": 4,
                              "Actual Startup Time": 0.31,
                              "Actual Total Time": 108.206,
                              "Actual Rows": 682236,
                              "Actual Loops": 4,
                              "Index Cond": "(role_id = 4)",
                              "Rows Removed by Index Recheck": 0
                            },
                            {
                              "Node Type": "Hash",
                              "Parent Relationship": "Inner",
                              "Parallel Aware": true,
                              "Startup Cost": 45479.1,
                              "Total Cost": 45479.1,
                              "Plan Rows": 154668,
                              "Plan Width": 4,
                              "Actual Startup Time": 151.461,
                              "Actual Total Time": 151.463,
                              "Actual Rows": 130285,
                              "Actual Loops": 4,
                              "Hash Buckets": 1048576,
                              "Original Hash Buckets": 1048576,
                              "Hash Batches": 1,
                              "Original Hash Batches": 1,
                              "Peak Memory Usage": 28640,
                              "Plans": [
                                {
                                  "Node Type": "Seq Scan",
                                  "Parent Relationship": "Outer",
                                  "Parallel Aware": true,
                                  "Relation Name": "title",
                                  "Alias": "t",
                                  "Startup Cost": 0.0,
                                  "Total Cost": 45479.1,
                                  "Plan Rows": 154668,
                                  "Plan Width": 4,
                                  "Actual Startup Time": 0.044,
                                  "Actual Total Time": 99.933,
                                  "Actual Rows": 130285,
                                  "Actual Loops": 4,
                                  "Filter": "((production_year < 2000) AND (kind_id = 7))",
                                  "Rows Removed by Filter": 501793
                                }
                              ]
                            }
                          ]
                        }
                      ]
                    }
                  ]
                }
              ]
            }
          ]
        }
      ]
    },
    "Planning Time": 1.372,
    "Triggers": [],
    "Execution Time": 709.828
  }
]