[
  {
    "Plan": {
      "Node Type": "Aggregate",
      "Strategy": "Plain",
      "Partial Mode": "Finalize",
      "Parallel Aware": false,
      "Startup Cost": 47264.94,
      "Total Cost": 47264.95,
      "Plan Rows": 1,
      "Plan Width": 8,
      "Actual Startup Time": 191.437,
      "Actual Total Time": 198.061,
      "Actual Rows": 1,
      "Actual Loops": 1,
      "Plans": [
        {
          "Node Type": "Gather",
          "Parent Relationship": "Outer",
          "Parallel Aware": false,
          "Startup Cost": 47264.62,
          "Total Cost": 47264.93,
          "Plan Rows": 3,
          "Plan Width": 8,
          "Actual Startup Time": 191.303,
          "Actual Total Time": 198.053,
          "Actual Rows": 4,
          "Actual Loops": 1,
          "Workers Planned": 3,
          "Workers Launched": 3,
          "Single Copy": false,
          "Plans": [
            {
              "Node Type": "Aggregate",
              "Strategy": "Plain",
              "Partial Mode": "Partial",
              "Parent Relationship": "Outer",
              "Parallel Aware": false,
              "Startup Cost": 46264.62,
              "Total Cost": 46264.63,
              "Plan Rows": 1,
              "Plan Width": 8,
              "Actual Startup Time": 186.747,
              "Actual Total Time": 186.748,
              "Actual Rows": 1,
              "Actual Loops": 4,
              "Plans": [
                {
                  "Node Type": "Seq Scan",
                  "Parent Relationship": "Outer",
                  "Parallel Aware": true,
                  "Relation Name": "movie_keyword",
                  "Alias": "mk",
                  "Startup Cost": 0.0,
                  "Total Cost": 42695.65,
                  "Plan Rows": 1427588,
                  "Plan Width": 0,
                  "Actual Startup Time": 0.026,
                  "Actual Total Time": 129.015,
                  "Actual Rows": 1107986,
                  "Actual Loops": 4,
                  "Filter": "(keyword_id < 84405)",
                  "Rows Removed by Filter": 22996
                }
              ]
            }
          ]
        }
      ]
    },
    "Planning Time": 0.17,
    "Triggers": [],
    "Execution Time": 198.113
  }
]