[
  {
    "Plan": {
      "Node Type": "Aggregate",
      "Strategy": "Plain",
      "Partial Mode": "Finalize",
      "Parallel Aware": false,
      "Startup Cost": 45326.14,
      "Total Cost": 45326.15,
      "Plan Rows": 1,
      "Plan Width": 8,
      "Actual Startup Time": 160.345,
      "Actual Total Time": 171.848,
      "Actual Rows": 1,
      "Actual Loops": 1,
      "Plans": [
        {
          "Node Type": "Gather",
          "Parent Relationship": "Outer",
          "Parallel Aware": false,
          "Startup Cost": 45325.82,
          "Total Cost": 45326.13,
          "Plan Rows": 3,
          "Plan Width": 8,
          "Actual Startup Time": 160.227,
          "Actual Total Time": 171.839,
          "Actual Rows": 4,
          "Actual Loops": 1,
          "Workers Planned": 3,
          "Workers Launched": 3,
          "Single Copy": false,
          "Plans": [
            {
              "Node Type": "Aggregate",
              "Strategy": "Plain",
              "Partial Mode": "Partial",
              "Parent Relationship": "Outer",
              "Parallel Aware": false,
              "Startup Cost": 44325.82,
              "Total Cost": 44325.83,
              "Plan Rows": 1,
              "Plan Width": 8,
              "Actual Startup Time": 151.544,
              "Actual Total Time": 151.545,
              "Actual Rows": 1,
              "Actual Loops": 4,
              "Plans": [
                {
                  "Node Type": "Seq Scan",
                  "Parent Relationship": "Outer",
                  "Parallel Aware": true,
                  "Relation Name": "movie_keyword",
                  "Alias": "mk",
                  "Startup Cost": 0.0,
                  "Total Cost": 42695.65,
                  "Plan Rows": 652067,
                  "Plan Width": 0,
                  "Actual Startup Time": 0.049,
                  "Actual Total Time": 124.802,
                  "Actual Rows": 505628,
                  "Actual Loops": 4,
                  "Filter": "(keyword_id < 3624)",
                  "Rows Removed by Filter": 625354
                }
              ]
            }
          ]
        }
      ]
    },
    "Planning Time": 0.145,
    "Triggers": [],
    "Execution Time": 171.896
  }
]