[
  {
    "Plan": {
      "Node Type": "Aggregate",
      "Strategy": "Plain",
      "Partial Mode": "Finalize",
      "Parallel Aware": false,
      "Startup Cost": 82365.15,
      "Total Cost": 82365.16,
      "Plan Rows": 1,
      "Plan Width": 8,
      "Actual Startup Time": 598.062,
      "Actual Total Time": 622.775,
      "Actual Rows": 1,
      "Actual Loops": 1,
      "Plans": [
        {
          "Node Type": "Gather",
          "Parent Relationship": "Outer",
          "Parallel Aware": false,
          "Startup Cost": 82364.83,
          "Total Cost": 82365.14,
          "Plan Rows": 3,
          "Plan Width": 8,
          "Actual Startup Time": 590.684,
          "Actual Total Time": 622.758,
          "Actual Rows": 4,
          "Actual Loops": 1,
          "Workers Planned": 3,
          "Workers Launched": 3,
          "Single Copy": false,
          "Plans": [
            {
              "Node Type": "Aggregate",
              "Strategy": "Plain",
              "Partial Mode": "Partial",
              "Parent Relationship": "Outer",
              "Parallel Aware": false,
              "Startup Cost": 81364.83,
              "Total Cost": 81364.84,
              "Plan Rows": 1,
              "Plan Width": 8,
              "Actual Startup Time": 576.762,
              "Actual Total Time": 576.768,
              "Actual Rows": 1,
              "Actual Loops": 4,
              "Plans": [
                {
                  "Node Type": "Hash Join",
                  "Parent Relationship": "Outer",
                  "Parallel Aware": true,
                  "Join Type": "Inner",
                  "Startup Cost": 49604.16,
                  "Total Cost": 81249.99,
                  "Plan Rows": 45939,
                  "Plan Width": 0,
                  "Actual Startup Time": 439.593,
                  "Actual Total Time": 574.897,
                  "Actual Rows": 26758,
                  "Actual Loops": 4,
                  "Inner Unique": true,
                  "Hash Cond": "(mc.movie_id = t.id)",
                  "Plans": [
                    {
                      "Node Type": "Seq Scan",
                      "Parent Relationship": "Outer",
                      "Parallel Aware": true,
                      "Relation Name": "movie_companies",
                      "Alias": "mc",
                      "Startup Cost": 0.0,
                      "Total Cost": 31414.82,
                      "Plan Rows": 88003,
                      "Plan Width": 4,
                      "Actual Startup Time": 49.595,
                      "Actual Total Time": 102.141,
                      "Actual Rows": 133070,
                      "Actual Loops": 4,
                      "Filter": "((company_id > 72623) AND (company_type_id = 2))",
                      "Rows Removed by Filter": 519212
                    },
                    {
                      "Node Type": "Hash",
                      "Parent Relationship": "Inner",
                      "Parallel Aware": true,
                      "Startup Cost": 45479.59,
                      "Total Cost": 45479.59,
                      "Plan Rows": 329966,
                      "Plan Width": 4,
                      "Actual Startup Time": 381.504,
                      "Actual Total Time": 381.505,
                      "Actual Rows": 348884,
                      "Actual Loops": 4,
                      "Hash Buckets": 2097152,
                      "Original Hash Buckets": 2097152,
                      "Hash Batches": 1,
                      "Original Hash Batches": 1,
                      "Peak Memory Usage": 71040,
                      "Plans": [
                        {
                          "Node Type": "Seq Scan",
                          "Parent Relationship": "Outer",
                          "Parallel Aware": true,
                          "Relation Name": "title",
                          "Alias": "t",
                          "Startup Cost": 0.0,
                          "Total Cost": 45479.59,
                          "Plan Rows": 329966,
                          "Plan Width": 4,
                          "Actual Startup Time": 0.058,
                          "Actual Total Time": 168.498,
                          "Actual Rows": 348884,
                          "Actual Loops": 4,
                          "Filter": "((kind_id > 4) AND (production_year > 1966))",
                          "Rows Removed by Filter": 283194
                        }
                      ]
                    }
                  ]
                }
              ]
            }
          ]
        }
      ]
    },
    "Planning Time": 0.697,
    "Triggers": [],
    "Execution Time": 622.865
  }
]