[
  {
    "Plan": {
      "Node Type": "Aggregate",
      "Strategy": "Plain",
      "Partial Mode": "Finalize",
      "Parallel Aware": false,
      "Startup Cost": 273517.06,
      "Total Cost": 273517.07,
      "Plan Rows": 1,
      "Plan Width": 8,
      "Actual Startup Time": 66.342,
      "Actual Total Time": 70.397,
      "Actual Rows": 1,
      "Actual Loops": 1,
      "Plans": [
        {
          "Node Type": "Gather",
          "Parent Relationship": "Outer",
          "Parallel Aware": false,
          "Startup Cost": 273516.54,
          "Total Cost": 273517.05,
          "Plan Rows": 5,
          "Plan Width": 8,
          "Actual Startup Time": 66.124,
          "Actual Total Time": 70.389,
          "Actual Rows": 6,
          "Actual Loops": 1,
          "Workers Planned": 5,
          "Workers Launched": 5,
          "Single Copy": false,
          "Plans": [
            {
              "Node Type": "Aggregate",
              "Strategy": "Plain",
              "Partial Mode": "Partial",
              "Parent Relationship": "Outer",
              "Parallel Aware": false,
              "Startup Cost": 272516.54,
              "Total Cost": 272516.55,
              "Plan Rows": 1,
              "Plan Width": 8,
              "Actual Startup Time": 56.603,
              "Actual Total Time": 56.605,
              "Actual Rows": 1,
              "Actual Loops": 6,
              "Plans": [
                {
                  "Node Type": "Bitmap Heap Scan",
                  "Parent Relationship": "Outer",
                  "Parallel Aware": true,
                  "Relation Name": "cast_info",
                  "Alias": "ci",
                  "Startup Cost": 9179.18,
                  "Total Cost": 272445.25,
                  "Plan Rows": 28516,
                  "Plan Width": 0,
                  "Actual Startup Time": 48.162,
                  "Actual Total Time": 55.606,
                  "Actual Rows": 13070,
                  "Actual Loops": 6,
                  "Recheck Cond": "(person_id < 46741)",
                  "Rows Removed by Index Recheck": 0,
                  "Filter": "(role_id > 3)",
                  "Rows Removed by Filter": 55792,
                  "Exact Heap Blocks": 2255,
                  "Lossy Heap Blocks": 0,
                  "Plans": [
                    {
                      "Node Type": "Bitmap Index Scan",
                      "Parent Relationship": "Outer",
                      "Parallel Aware": false,
                      "Index Name": "person_id_cast_info",
                      "Startup Cost": 0.0,
                      "Total Cost": 9143.53,
                      "Plan Rows": 418529,
                      "Plan Width": 0,
                      "Actual Startup Time": 34.915,
                      "Actual Total Time": 34.915,
                      "Actual Rows": 413175,
                      "Actual Loops": 1,
                      "Index Cond": "(person_id < 46741)"
                    }
                  ]
                }
              ]
            }
          ]
        }
      ]
    },
    "Planning Time": 0.264,
    "Triggers": [],
    "Execution Time": 70.487
  }
]