[
  {
    "Plan": {
      "Node Type": "Aggregate",
      "Strategy": "Plain",
      "Partial Mode": "Finalize",
      "Parallel Aware": false,
      "Startup Cost": 80818.45,
      "Total Cost": 80818.46,
      "Plan Rows": 1,
      "Plan Width": 8,
      "Actual Startup Time": 310.709,
      "Actual Total Time": 327.619,
      "Actual Rows": 1,
      "Actual Loops": 1,
      "Plans": [
        {
          "Node Type": "Gather",
          "Parent Relationship": "Outer",
          "Parallel Aware": false,
          "Startup Cost": 80818.13,
          "Total Cost": 80818.44,
          "Plan Rows": 3,
          "Plan Width": 8,
          "Actual Startup Time": 306.59,
          "Actual Total Time": 327.607,
          "Actual Rows": 4,
          "Actual Loops": 1,
          "Workers Planned": 3,
          "Workers Launched": 3,
          "Single Copy": false,
          "Plans": [
            {
              "Node Type": "Aggregate",
              "Strategy": "Plain",
              "Partial Mode": "Partial",
              "Parent Relationship": "Outer",
              "Parallel Aware": false,
              "Startup Cost": 79818.13,
              "Total Cost": 79818.14,
              "Plan Rows": 1,
              "Plan Width": 8,
              "Actual Startup Time": 299.574,
              "Actual Total Time": 299.58,
              "Actual Rows": 1,
              "Actual Loops": 4,
              "Plans": [
                {
                  "Node Type": "Nested Loop",
                  "Parent Relationship": "Outer",
                  "Parallel Aware": false,
                  "Join Type": "Inner",
                  "Startup Cost": 52068.09,
                  "Total Cost": 79800.45,
                  "Plan Rows": 7071,
                  "Plan Width": 0,
                  "Actual Startup Time": 204.403,
                  "Actual Total Time": 298.544,
                  "Actual Rows": 16520,
                  "Actual Loops": 4,
                  "Inner Unique": false,
                  "Plans": [
                    {
                      "Node Type": "Hash Join",
                      "Parent Relationship": "Outer",
                      "Parallel Aware": true,
                      "Join Type": "Inner",
                      "Startup Cost": 52067.66,
                      "Total Cost": 72253.54,
                      "Plan Rows": 12955,
                      "Plan Width": 8,
                      "Actual Startup Time": 204.277,
                      "Actual Total Time": 261.351,
                      "Actual Rows": 8774,
                      "Actual Loops": 4,
                      "Inner Unique": true,
                      "Hash Cond": "(mc.movie_id = t.id)",
                      "Plans": [
                        {
                          "Node Type": "Bitmap Heap Scan",
                          "Parent Relationship": "Outer",
                          "Parallel Aware": true,
                          "Relation Name": "movie_companies",
                          "Alias": "mc",
                          "Startup Cost": 5725.99,
                          "Total Cost": 25801.85,
                          "Plan Rows": 41913,
                          "Plan Width": 4,
                          "Actual Startup Time": 13.289,
                          "Actual Total Time": 49.943,
                          "Actual Rows": 50292,
                          "Actual Loops": 4,
                          "Recheck Cond": "(company_id < 137)",
                          "Rows Removed by Index Recheck": 0,
                          "Filter": "(company_type_id < 2)",
                          "Rows Removed by Filter": 15416,
                          "Exact Heap Blocks": 7212,
                          "Lossy Heap Blocks": 0,
                          "Plans": [
                            {
                              "Node Type": "Bitmap Index Scan",
                              "Parent Relationship": "Outer",
                              "Parallel Aware": false,
                              "Index Name": "company_id_movie_companies",
                              "Startup Cost": 0.0,
                              "Total Cost": 5693.51,
                              "Plan Rows": 265744,
                              "Plan Width": 0,
                              "Actual Startup Time": 10.625,
                              "Actual Total Time": 10.626,
                              "Actual Rows": 262833,
                              "Actual Loops": 1,
                              "Index Cond": "(company_id < 137)"
                            }
                          ]
                        },
                        {
                          "Node Type": "Hash",
                          "Parent Relationship": "Inner",
                          "Parallel Aware": true,
                          "Startup Cost": 43899.32,
                          "Total Cost": 43899.32,
                          "Plan Rows": 195388,
                          "Plan Width": 4,
                          "Actual Startup Time": 186.772,
                          "Actual Total Time": 186.773,
                          "Actual Rows": 196232,
                          "Actual Loops": 4,
                          "Hash Buckets": 1048576,
                          "Original Hash Buckets": 1048576,
                          "Hash Batches": 1,
                          "Original Hash Batches": 1,
                          "Peak Memory Usage": 38976,
                          "Plans": [
                            {
                              "Node Type": "Seq Scan",
                              "Parent Relationship": "Outer",
                              "Parallel Aware": true,
                              "Relation Name": "title",
                              "Alias": "t",
                              "Startup Cost": 0.0,
                              "Total Cost": 43899.32,
                              "Plan Rows": 195388,
                              "Plan Width": 4,
                              "Actual Startup Time": 0.046,
                              "Actual Total Time": 106.8,
                              "Actual Rows": 196232,
                              "Actual Loops": 4,
                              "Filter": "(production_year > 2007)",
                              "Rows Removed by Filter": 435846
                            }
                          ]
                        }
                      ]
                    },
                    {
                      "Node Type": "Index Only Scan",
                      "Parent Relationship": "Inner",
                      "Parallel Aware": false,
                      "Scan Direction": "Forward",
                      "Index Name": "movie_id_movie_info_idx",
                      "Relation Name": "movie_info_idx",
                      "Alias": "mi_idx",
                      "Startup Cost": 0.43,
                      "Total Cost": 0.55,
                      "Plan Rows": 3,
                      "Plan Width": 4,
                      "Actual Startup Time": 0.003,
                      "Actual Total Time": 0.004,
                      "Actual Rows": 2,
                      "Actual Loops": 35097,
                      "Index Cond": "(movie_id = t.id)",
                      "Rows Removed by Index Recheck": 0,
                      "Heap Fetches": 66080
                    }
                  ]
                }
              ]
            }
          ]
        }
      ]
    },
    "Planning Time": 0.96,
    "Triggers": [],
    "Execution Time": 327.69
  }
]