[
  {
    "Plan": {
      "Node Type": "Aggregate",
      "Strategy": "Plain",
      "Partial Mode": "Finalize",
      "Parallel Aware": false,
      "Startup Cost": 78113.41,
      "Total Cost": 78113.42,
      "Plan Rows": 1,
      "Plan Width": 8,
      "Actual Startup Time": 238.256,
      "Actual Total Time": 256.86,
      "Actual Rows": 1,
      "Actual Loops": 1,
      "Plans": [
        {
          "Node Type": "Gather",
          "Parent Relationship": "Outer",
          "Parallel Aware": false,
          "Startup Cost": 78112.99,
          "Total Cost": 78113.4,
          "Plan Rows": 4,
          "Plan Width": 8,
          "Actual Startup Time": 236.784,
          "Actual Total Time": 256.851,
          "Actual Rows": 5,
          "Actual Loops": 1,
          "Workers Planned": 4,
          "Workers Launched": 4,
          "Single Copy": false,
          "Plans": [
            {
              "Node Type": "Aggregate",
              "Strategy": "Plain",
              "Partial Mode": "Partial",
              "Parent Relationship": "Outer",
              "Parallel Aware": false,
              "Startup Cost": 77112.99,
              "Total Cost": 77113.0,
              "Plan Rows": 1,
              "Plan Width": 8,
              "Actual Startup Time": 226.313,
              "Actual Total Time": 226.368,
              "Actual Rows": 1,
              "Actual Loops": 5,
              "Plans": [
                {
                  "Node Type": "Nested Loop",
                  "Parent Relationship": "Outer",
                  "Parallel Aware": false,
                  "Join Type": "Inner",
                  "Startup Cost": 26290.55,
                  "Total Cost": 77099.17,
                  "Plan Rows": 5527,
                  "Plan Width": 0,
                  "Actual Startup Time": 92.968,
                  "Actual Total Time": 225.583,
                  "Actual Rows": 13216,
                  "Actual Loops": 5,
                  "Inner Unique": false,
                  "Plans": [
                    {
                      "Node Type": "Hash Join",
                      "Parent Relationship": "Outer",
                      "Parallel Aware": true,
                      "Join Type": "Inner",
                      "Startup Cost": 26290.12,
                      "Total Cost": 71205.16,
                      "Plan Rows": 10126,
                      "Plan Width": 8,
                      "Actual Startup Time": 92.795,
                      "Actual Total Time": 197.021,
                      "Actual Rows": 7019,
                      "Actual Loops": 5,
                      "Inner Unique": false,
                      "Hash Cond": "(t.id = mc.movie_id)",
                      "Plans": [
                        {
                          "Node Type": "Seq Scan",
                          "Parent Relationship": "Outer",
                          "Parallel Aware": true,
                          "Relation Name": "title",
                          "Alias": "t",
                          "Startup Cost": 0.0,
                          "Total Cost": 43898.92,
                          "Plan Rows": 196693,
                          "Plan Width": 4,
                          "Actual Startup Time": 0.013,
                          "Actual Total Time": 70.806,
                          "Actual Rows": 156985,
                          "Actual Loops": 5,
                          "Filter": "(production_year > 2007)",
                          "Rows Removed by Filter": 348677
                        },
                        {
                          "Node Type": "Hash",
                          "Parent Relationship": "Inner",
                          "Parallel Aware": true,
                          "Startup Cost": 25765.31,
                          "Total Cost": 25765.31,
                          "Plan Rows": 41985,
                          "Plan Width": 4,
                          "Actual Startup Time": 91.268,
                          "Actual Total Time": 91.27,
                          "Actual Rows": 40234,
                          "Actual Loops": 5,
                          "Hash Buckets": 262144,
                          "Original Hash Buckets": 131072,
                          "Hash Batches": 1,
                          "Original Hash Batches": 1,
                          "Peak Memory Usage": 11008,
                          "Plans": [
                            {
                              "Node Type": "Bitmap Heap Scan",
                              "Parent Relationship": "Outer",
                              "Parallel Aware": true,
                              "Relation Name": "movie_companies",
                              "Alias": "mc",
                              "Startup Cost": 5695.96,
                              "Total Cost": 25765.31,
                              "Plan Rows": 41985,
                              "Plan Width": 4,
                              "Actual Startup Time": 24.108,
                              "Actual Total Time": 68.576,
                              "Actual Rows": 40234,
                              "Actual Loops": 5,
                              "Recheck Cond": "(company_id < 137)",
                              "Rows Removed by Index Recheck": 0,
                              "Filter": "(company_type_id < 2)",
                              "Rows Removed by Filter": 12333,
                              "Exact Heap Blocks": 6662,
                              "Lossy Heap Blocks": 0,
                              "Plans": [
                                {
                                  "Node Type": "Bitmap Index Scan",
                                  "Parent Relationship": "Outer",
                                  "Parallel Aware": false,
                                  "Index Name": "company_id_movie_companies",
                                  "Startup Cost": 0.0,
                                  "Total Cost": 5663.42,
                                  "Plan Rows": 264399,
                                  "Plan Width": 0,
                                  "Actual Startup Time": 24.869,
                                  "Actual Total Time": 24.87,
                                  "Actual Rows": 262833,
                                  "Actual Loops": 1,
                                  "Index Cond": "(company_id < 137)"
                                }
                              ]
                            }
                          ]
                        }
                      ]
                    },
                    {
                      "Node Type": "Index Only Scan",
                      "Parent Relationship": "Inner",
                      "Parallel Aware": false,
                      "Scan Direction": "Forward",
                      "Index Name": "movie_id_movie_info_idx",
                      "Relation Name": "movie_info_idx",
                      "Alias": "mi_idx",
                      "Startup Cost": 0.43,
                      "Total Cost": 0.55,
                      "Plan Rows": 3,
                      "Plan Width": 4,
                      "Actual Startup Time": 0.003,
                      "Actual Total Time": 0.004,
                      "Actual Rows": 2,
                      "Actual Loops": 35097,
                      "Index Cond": "(movie_id = t.id)",
                      "Rows Removed by Index Recheck": 0,
                      "Heap Fetches": 66080
                    }
                  ]
                }
              ]
            }
          ]
        }
      ]
    },
    "Planning Time": 1.401,
    "Triggers": [],
    "Execution Time": 256.974
  }
]