[
  {
    "Plan": {
      "Node Type": "Aggregate",
      "Strategy": "Plain",
      "Partial Mode": "Finalize",
      "Parallel Aware": false,
      "Startup Cost": 331252.12,
      "Total Cost": 331252.13,
      "Plan Rows": 1,
      "Plan Width": 8,
      "Actual Startup Time": 588.595,
      "Actual Total Time": 650.262,
      "Actual Rows": 1,
      "Actual Loops": 1,
      "Plans": [
        {
          "Node Type": "Gather",
          "Parent Relationship": "Outer",
          "Parallel Aware": false,
          "Startup Cost": 331251.49,
          "Total Cost": 331252.1,
          "Plan Rows": 6,
          "Plan Width": 8,
          "Actual Startup Time": 588.498,
          "Actual Total Time": 650.252,
          "Actual Rows": 7,
          "Actual Loops": 1,
          "Workers Planned": 6,
          "Workers Launched": 6,
          "Single Copy": false,
          "Plans": [
            {
              "Node Type": "Aggregate",
              "Strategy": "Plain",
              "Partial Mode": "Partial",
              "Parent Relationship": "Outer",
              "Parallel Aware": false,
              "Startup Cost": 330251.49,
              "Total Cost": 330251.5,
              "Plan Rows": 1,
              "Plan Width": 8,
              "Actual Startup Time": 581.908,
              "Actual Total Time": 581.909,
              "Actual Rows": 1,
              "Actual Loops": 7,
              "Plans": [
                {
                  "Node Type": "Seq Scan",
                  "Parent Relationship": "Outer",
                  "Parallel Aware": true,
                  "Relation Name": "cast_info",
                  "Alias": "ci",
                  "Startup Cost": 0.0,
                  "Total Cost": 328162.03,
                  "Plan Rows": 835786,
                  "Plan Width": 0,
                  "Actual Startup Time": 395.734,
                  "Actual Total Time": 552.39,
                  "Actual Rows": 691540,
                  "Actual Loops": 7,
                  "Filter": "(person_id > 3191236)",
                  "Rows Removed by Filter": 4486223
                }
              ]
            }
          ]
        }
      ]
    },
    "Planning Time": 0.19,
    "Triggers": [],
    "Execution Time": 650.335
  }
]