[
    {
        "Bao": {
            "Bao prediction": "NaN",
            "Bao recommended hint": "(no hint)"
        }
    },
    {
        "Plan": {
            "Node Type": "Aggregate",
            "Strategy": "Plain",
            "Partial Mode": "Finalize",
            "Parallel Aware": false,
            "Startup Cost": 400397.06,
            "Total Cost": 400397.07,
            "Plan Rows": 1,
            "Plan Width": 8,
            "Actual Startup Time": 859.007,
            "Actual Total Time": 881.983,
            "Actual Rows": 1,
            "Actual Loops": 1,
            "Output": [
                "count(*)"
            ],
            "Plans": [
                {
                    "Node Type": "Gather",
                    "Parent Relationship": "Outer",
                    "Parallel Aware": false,
                    "Startup Cost": 400396.43,
                    "Total Cost": 400397.04,
                    "Plan Rows": 6,
                    "Plan Width": 8,
                    "Actual Startup Time": 843.544,
                    "Actual Total Time": 881.969,
                    "Actual Rows": 7,
                    "Actual Loops": 1,
                    "Output": [
                        "(PARTIAL count(*))"
                    ],
                    "Workers Planned": 6,
                    "Workers Launched": 6,
                    "Single Copy": false,
                    "Plans": [
                        {
                            "Node Type": "Aggregate",
                            "Strategy": "Plain",
                            "Partial Mode": "Partial",
                            "Parent Relationship": "Outer",
                            "Parallel Aware": false,
                            "Startup Cost": 399396.43,
                            "Total Cost": 399396.44,
                            "Plan Rows": 1,
                            "Plan Width": 8,
                            "Actual Startup Time": 830.409,
                            "Actual Total Time": 830.413,
                            "Actual Rows": 1,
                            "Actual Loops": 7,
                            "Output": [
                                "PARTIAL count(*)"
                            ],
                            "Workers": [
                                {
                                    "Worker Number": 0,
                                    "Actual Startup Time": 829.794,
                                    "Actual Total Time": 829.797,
                                    "Actual Rows": 1,
                                    "Actual Loops": 1
                                },
                                {
                                    "Worker Number": 1,
                                    "Actual Startup Time": 827.868,
                                    "Actual Total Time": 827.872,
                                    "Actual Rows": 1,
                                    "Actual Loops": 1
                                },
                                {
                                    "Worker Number": 2,
                                    "Actual Startup Time": 828.05,
                                    "Actual Total Time": 828.053,
                                    "Actual Rows": 1,
                                    "Actual Loops": 1
                                },
                                {
                                    "Worker Number": 3,
                                    "Actual Startup Time": 828.003,
                                    "Actual Total Time": 828.005,
                                    "Actual Rows": 1,
                                    "Actual Loops": 1
                                },
                                {
                                    "Worker Number": 4,
                                    "Actual Startup Time": 828.036,
                                    "Actual Total Time": 828.038,
                                    "Actual Rows": 1,
                                    "Actual Loops": 1
                                },
                                {
                                    "Worker Number": 5,
                                    "Actual Startup Time": 827.939,
                                    "Actual Total Time": 827.942,
                                    "Actual Rows": 1,
                                    "Actual Loops": 1
                                }
                            ],
                            "Plans": [
                                {
                                    "Node Type": "Hash Join",
                                    "Parent Relationship": "Outer",
                                    "Parallel Aware": true,
                                    "Join Type": "Inner",
                                    "Startup Cost": 50220.37,
                                    "Total Cost": 396292.92,
                                    "Plan Rows": 1241406,
                                    "Plan Width": 0,
                                    "Actual Startup Time": 621.091,
                                    "Actual Total Time": 815.305,
                                    "Actual Rows": 261057,
                                    "Actual Loops": 7,
                                    "Inner Unique": true,
                                    "Hash Cond": "(ci.movie_id = t.id)",
                                    "Workers": [
                                        {
                                            "Worker Number": 0,
                                            "Actual Startup Time": 618.821,
                                            "Actual Total Time": 813.368,
                                            "Actual Rows": 208259,
                                            "Actual Loops": 1
                                        },
                                        {
                                            "Worker Number": 1,
                                            "Actual Startup Time": 618.884,
                                            "Actual Total Time": 811.425,
                                            "Actual Rows": 228150,
                                            "Actual Loops": 1
                                        },
                                        {
                                            "Worker Number": 2,
                                            "Actual Startup Time": 618.871,
                                            "Actual Total Time": 811.528,
                                            "Actual Rows": 227760,
                                            "Actual Loops": 1
                                        },
                                        {
                                            "Worker Number": 3,
                                            "Actual Startup Time": 618.904,
                                            "Actual Total Time": 814.831,
                                            "Actual Rows": 295983,
                                            "Actual Loops": 1
                                        },
                                        {
                                            "Worker Number": 4,
                                            "Actual Startup Time": 618.946,
                                            "Actual Total Time": 813.172,
                                            "Actual Rows": 286261,
                                            "Actual Loops": 1
                                        },
                                        {
                                            "Worker Number": 5,
                                            "Actual Startup Time": 618.943,
                                            "Actual Total Time": 813.19,
                                            "Actual Rows": 283809,
                                            "Actual Loops": 1
                                        }
                                    ],
                                    "Plans": [
                                        {
                                            "Node Type": "Index Scan",
                                            "Parent Relationship": "Outer",
                                            "Parallel Aware": true,
                                            "Scan Direction": "Forward",
                                            "Index Name": "role_id_cast_info",
                                            "Relation Name": "cast_info",
                                            "Schema": "public",
                                            "Alias": "ci",
                                            "Startup Cost": 0.56,
                                            "Total Cost": 342814.42,
                                            "Plan Rows": 1241406,
                                            "Plan Width": 4,
                                            "Actual Startup Time": 380.972,
                                            "Actual Total Time": 441.772,
                                            "Actual Rows": 261057,
                                            "Actual Loops": 7,
                                            "Output": [
                                                "ci.id",
                                                "ci.person_id",
                                                "ci.movie_id",
                                                "ci.person_role_id",
                                                "ci.note",
                                                "ci.nr_order",
                                                "ci.role_id"
                                            ],
                                            "Index Cond": "(ci.role_id = 1)",
                                            "Rows Removed by Index Recheck": 0,
                                            "Filter": "(ci.person_id > 1485345)",
                                            "Rows Removed by Filter": 1549041,
                                            "Workers": [
                                                {
                                                    "Worker Number": 0,
                                                    "Actual Startup Time": 380.919,
                                                    "Actual Total Time": 445.926,
                                                    "Actual Rows": 208259,
                                                    "Actual Loops": 1
                                                },
                                                {
                                                    "Worker Number": 1,
                                                    "Actual Startup Time": 380.998,
                                                    "Actual Total Time": 446.074,
                                                    "Actual Rows": 228150,
                                                    "Actual Loops": 1
                                                },
                                                {
                                                    "Worker Number": 2,
                                                    "Actual Startup Time": 380.905,
                                                    "Actual Total Time": 445.762,
                                                    "Actual Rows": 227760,
                                                    "Actual Loops": 1
                                                },
                                                {
                                                    "Worker Number": 3,
                                                    "Actual Startup Time": 380.974,
                                                    "Actual Total Time": 436.976,
                                                    "Actual Rows": 295983,
                                                    "Actual Loops": 1
                                                },
                                                {
                                                    "Worker Number": 4,
                                                    "Actual Startup Time": 380.938,
                                                    "Actual Total Time": 441.066,
                                                    "Actual Rows": 286261,
                                                    "Actual Loops": 1
                                                },
                                                {
                                                    "Worker Number": 5,
                                                    "Actual Startup Time": 381.022,
                                                    "Actual Total Time": 440.588,
                                                    "Actual Rows": 283809,
                                                    "Actual Loops": 1
                                                }
                                            ]
                                        },
                                        {
                                            "Node Type": "Hash",
                                            "Parent Relationship": "Inner",
                                            "Parallel Aware": true,
                                            "Startup Cost": 42318.81,
                                            "Total Cost": 42318.81,
                                            "Plan Rows": 632080,
                                            "Plan Width": 4,
                                            "Actual Startup Time": 235.517,
                                            "Actual Total Time": 235.518,
                                            "Actual Rows": 361187,
                                            "Actual Loops": 7,
                                            "Output": [
                                                "t.id"
                                            ],
                                            "Hash Buckets": 4194304,
                                            "Original Hash Buckets": 4194304,
                                            "Hash Batches": 1,
                                            "Original Hash Batches": 1,
                                            "Peak Memory Usage": 131808,
                                            "Workers": [
                                                {
                                                    "Worker Number": 0,
                                                    "Actual Startup Time": 237.197,
                                                    "Actual Total Time": 237.198,
                                                    "Actual Rows": 301295,
                                                    "Actual Loops": 1
                                                },
                                                {
                                                    "Worker Number": 1,
                                                    "Actual Startup Time": 237.176,
                                                    "Actual Total Time": 237.178,
                                                    "Actual Rows": 301727,
                                                    "Actual Loops": 1
                                                },
                                                {
                                                    "Worker Number": 2,
                                                    "Actual Startup Time": 237.227,
                                                    "Actual Total Time": 237.228,
                                                    "Actual Rows": 297006,
                                                    "Actual Loops": 1
                                                },
                                                {
                                                    "Worker Number": 3,
                                                    "Actual Startup Time": 237.216,
                                                    "Actual Total Time": 237.217,
                                                    "Actual Rows": 366043,
                                                    "Actual Loops": 1
                                                },
                                                {
                                                    "Worker Number": 4,
                                                    "Actual Startup Time": 237.295,
                                                    "Actual Total Time": 237.296,
                                                    "Actual Rows": 385480,
                                                    "Actual Loops": 1
                                                },
                                                {
                                                    "Worker Number": 5,
                                                    "Actual Startup Time": 237.436,
                                                    "Actual Total Time": 237.437,
                                                    "Actual Rows": 375218,
                                                    "Actual Loops": 1
                                                }
                                            ],
                                            "Plans": [
                                                {
                                                    "Node Type": "Seq Scan",
                                                    "Parent Relationship": "Outer",
                                                    "Parallel Aware": true,
                                                    "Relation Name": "title",
                                                    "Schema": "public",
                                                    "Alias": "t",
                                                    "Startup Cost": 0.0,
                                                    "Total Cost": 42318.81,
                                                    "Plan Rows": 632080,
                                                    "Plan Width": 4,
                                                    "Actual Startup Time": 0.038,
                                                    "Actual Total Time": 70.147,
                                                    "Actual Rows": 361187,
                                                    "Actual Loops": 7,
                                                    "Output": [
                                                        "t.id"
                                                    ],
                                                    "Workers": [
                                                        {
                                                            "Worker Number": 0,
                                                            "Actual Startup Time": 0.044,
                                                            "Actual Total Time": 75.323,
                                                            "Actual Rows": 301295,
                                                            "Actual Loops": 1
                                                        },
                                                        {
                                                            "Worker Number": 1,
                                                            "Actual Startup Time": 0.058,
                                                            "Actual Total Time": 75.533,
                                                            "Actual Rows": 301727,
                                                            "Actual Loops": 1
                                                        },
                                                        {
                                                            "Worker Number": 2,
                                                            "Actual Startup Time": 0.025,
                                                            "Actual Total Time": 75.259,
                                                            "Actual Rows": 297006,
                                                            "Actual Loops": 1
                                                        },
                                                        {
                                                            "Worker Number": 3,
                                                            "Actual Startup Time": 0.043,
                                                            "Actual Total Time": 66.895,
                                                            "Actual Rows": 366043,
                                                            "Actual Loops": 1
                                                        },
                                                        {
                                                            "Worker Number": 4,
                                                            "Actual Startup Time": 0.043,
                                                            "Actual Total Time": 70.457,
                                                            "Actual Rows": 385480,
                                                            "Actual Loops": 1
                                                        },
                                                        {
                                                            "Worker Number": 5,
                                                            "Actual Startup Time": 0.044,
                                                            "Actual Total Time": 70.387,
                                                            "Actual Rows": 375218,
                                                            "Actual Loops": 1
                                                        }
                                                    ]
                                                }
                                            ]
                                        }
                                    ]
                                }
                            ]
                        }
                    ]
                }
            ]
        },
        "Planning Time": 179.751,
        "Triggers": [],
        "Execution Time": 882.054
    }
]