[
  {
    "Plan": {
      "Node Type": "Aggregate",
      "Strategy": "Plain",
      "Partial Mode": "Finalize",
      "Parallel Aware": false,
      "Startup Cost": 40641.59,
      "Total Cost": 40641.6,
      "Plan Rows": 1,
      "Plan Width": 8,
      "Actual Startup Time": 152.256,
      "Actual Total Time": 161.929,
      "Actual Rows": 1,
      "Actual Loops": 1,
      "Plans": [
        {
          "Node Type": "Gather",
          "Parent Relationship": "Outer",
          "Parallel Aware": false,
          "Startup Cost": 40641.27,
          "Total Cost": 40641.58,
          "Plan Rows": 3,
          "Plan Width": 8,
          "Actual Startup Time": 151.952,
          "Actual Total Time": 161.92,
          "Actual Rows": 4,
          "Actual Loops": 1,
          "Workers Planned": 3,
          "Workers Launched": 3,
          "Single Copy": false,
          "Plans": [
            {
              "Node Type": "Aggregate",
              "Strategy": "Plain",
              "Partial Mode": "Partial",
              "Parent Relationship": "Outer",
              "Parallel Aware": false,
              "Startup Cost": 39641.27,
              "Total Cost": 39641.28,
              "Plan Rows": 1,
              "Plan Width": 8,
              "Actual Startup Time": 140.945,
              "Actual Total Time": 140.946,
              "Actual Rows": 1,
              "Actual Loops": 4,
              "Plans": [
                {
                  "Node Type": "Bitmap Heap Scan",
                  "Parent Relationship": "Outer",
                  "Parallel Aware": true,
                  "Relation Name": "movie_keyword",
                  "Alias": "mk",
                  "Startup Cost": 12366.45,
                  "Total Cost": 39171.14,
                  "Plan Rows": 188055,
                  "Plan Width": 0,
                  "Actual Startup Time": 54.367,
                  "Actual Total Time": 132.625,
                  "Actual Rows": 143244,
                  "Actual Loops": 4,
                  "Recheck Cond": "(keyword_id > 32083)",
                  "Rows Removed by Index Recheck": 0,
                  "Exact Heap Blocks": 10239,
                  "Lossy Heap Blocks": 0,
                  "Plans": [
                    {
                      "Node Type": "Bitmap Index Scan",
                      "Parent Relationship": "Outer",
                      "Parallel Aware": false,
                      "Index Name": "keyword_id_movie_keyword",
                      "Startup Cost": 0.0,
                      "Total Cost": 12220.71,
                      "Plan Rows": 582970,
                      "Plan Width": 0,
                      "Actual Startup Time": 60.784,
                      "Actual Total Time": 60.785,
                      "Actual Rows": 572977,
                      "Actual Loops": 1,
                      "Index Cond": "(keyword_id > 32083)"
                    }
                  ]
                }
              ]
            }
          ]
        }
      ]
    },
    "Planning Time": 0.184,
    "Triggers": [],
    "Execution Time": 162.011
  }
]