{
  "Plan": {
    "Node Type": "Aggregate",
    "Strategy": "Plain",
    "Partial Mode": "Finalize",
    "Parallel Aware": false,
    "Startup Cost": 98293.2,
    "Total Cost": 98293.21,
    "Plan Rows": 1,
    "Plan Width": 8,
    "Actual Startup Time": 324.933,
    "Actual Total Time": 341.755,
    "Actual Rows": 1,
    "Actual Loops": 1,
    "Plans": [
      {
        "Node Type": "Gather",
        "Parent Relationship": "Outer",
        "Parallel Aware": false,
        "Startup Cost": 98293.09,
        "Total Cost": 98293.2,
        "Plan Rows": 1,
        "Plan Width": 8,
        "Actual Startup Time": 324.186,
        "Actual Total Time": 341.746,
        "Actual Rows": 2,
        "Actual Loops": 1,
        "Workers Planned": 1,
        "Workers Launched": 1,
        "Single Copy": false,
        "Plans": [
          {
            "Node Type": "Aggregate",
            "Strategy": "Plain",
            "Partial Mode": "Partial",
            "Parent Relationship": "Outer",
            "Parallel Aware": false,
            "Startup Cost": 97293.09,
            "Total Cost": 97293.1,
            "Plan Rows": 1,
            "Plan Width": 8,
            "Actual Startup Time": 318.124,
            "Actual Total Time": 318.128,
            "Actual Rows": 1,
            "Actual Loops": 2,
            "Plans": [
              {
                "Node Type": "Hash Join",
                "Parent Relationship": "Outer",
                "Parallel Aware": true,
                "Join Type": "Inner",
                "Startup Cost": 67894.35,
                "Total Cost": 97219.89,
                "Plan Rows": 29281,
                "Plan Width": 0,
                "Actual Startup Time": 208.446,
                "Actual Total Time": 317.432,
                "Actual Rows": 11378,
                "Actual Loops": 2,
                "Inner Unique": true,
                "Hash Cond": "(mk.movie_id = t.id)",
                "Plans": [
                  {
                    "Node Type": "Bitmap Heap Scan",
                    "Parent Relationship": "Outer",
                    "Parallel Aware": true,
                    "Relation Name": "movie_keyword",
                    "Alias": "mk",
                    "Startup Cost": 11615.91,
                    "Total Cost": 40095.97,
                    "Plan Rows": 322085,
                    "Plan Width": 4,
                    "Actual Startup Time": 35.751,
                    "Actual Total Time": 106.806,
                    "Actual Rows": 267232,
                    "Actual Loops": 2,
                    "Recheck Cond": "(keyword_id > 34311)",
                    "Rows Removed by Index Recheck": 0,
                    "Exact Heap Blocks": 14085,
                    "Lossy Heap Blocks": 0,
                    "Plans": [
                      {
                        "Node Type": "Bitmap Index Scan",
                        "Parent Relationship": "Outer",
                        "Parallel Aware": false,
                        "Index Name": "keyword_id_movie_keyword",
                        "Startup Cost": 0.0,
                        "Total Cost": 11479.02,
                        "Plan Rows": 547545,
                        "Plan Width": 0,
                        "Actual Startup Time": 32.329,
                        "Actual Total Time": 32.329,
                        "Actual Rows": 534465,
                        "Actual Loops": 1,
                        "Index Cond": "(keyword_id > 34311)"
                      }
                    ]
                  },
                  {
                    "Node Type": "Hash",
                    "Parent Relationship": "Inner",
                    "Parallel Aware": true,
                    "Startup Cost": 54588.39,
                    "Total Cost": 54588.39,
                    "Plan Rows": 135204,
                    "Plan Width": 4,
                    "Actual Startup Time": 168.974,
                    "Actual Total Time": 168.974,
                    "Actual Rows": 115824,
                    "Actual Loops": 2,
                    "Hash Buckets": 262144,
                    "Original Hash Buckets": 262144,
                    "Hash Batches": 1,
                    "Original Hash Batches": 1,
                    "Peak Memory Usage": 11136,
                    "Plans": [
                      {
                        "Node Type": "Seq Scan",
                        "Parent Relationship": "Outer",
                        "Parallel Aware": true,
                        "Relation Name": "title",
                        "Alias": "t",
                        "Startup Cost": 0.0,
                        "Total Cost": 54588.39,
                        "Plan Rows": 135204,
                        "Plan Width": 4,
                        "Actual Startup Time": 0.031,
                        "Actual Total Time": 142.269,
                        "Actual Rows": 115824,
                        "Actual Loops": 2,
                        "Filter": "(production_year > 2011)",
                        "Rows Removed by Filter": 1148332
                      }
                    ]
                  }
                ]
              }
            ]
          }
        ]
      }
    ]
  },
  "Planning Time": 0.447,
  "Triggers": [],
  "Execution Time": 341.847
}