[
  {
    "Plan": {
      "Node Type": "Aggregate",
      "Strategy": "Plain",
      "Partial Mode": "Finalize",
      "Parallel Aware": false,
      "Startup Cost": 30845.15,
      "Total Cost": 30845.16,
      "Plan Rows": 1,
      "Plan Width": 8,
      "Actual Startup Time": 94.562,
      "Actual Total Time": 102.306,
      "Actual Rows": 1,
      "Actual Loops": 1,
      "Plans": [
        {
          "Node Type": "Gather",
          "Parent Relationship": "Outer",
          "Parallel Aware": false,
          "Startup Cost": 30844.83,
          "Total Cost": 30845.14,
          "Plan Rows": 3,
          "Plan Width": 8,
          "Actual Startup Time": 94.459,
          "Actual Total Time": 102.297,
          "Actual Rows": 4,
          "Actual Loops": 1,
          "Workers Planned": 3,
          "Workers Launched": 3,
          "Single Copy": false,
          "Plans": [
            {
              "Node Type": "Aggregate",
              "Strategy": "Plain",
              "Partial Mode": "Partial",
              "Parent Relationship": "Outer",
              "Parallel Aware": false,
              "Startup Cost": 29844.83,
              "Total Cost": 29844.84,
              "Plan Rows": 1,
              "Plan Width": 8,
              "Actual Startup Time": 87.613,
              "Actual Total Time": 87.614,
              "Actual Rows": 1,
              "Actual Loops": 4,
              "Plans": [
                {
                  "Node Type": "Seq Scan",
                  "Parent Relationship": "Outer",
                  "Parallel Aware": true,
                  "Relation Name": "movie_companies",
                  "Alias": "mc",
                  "Startup Cost": 0.0,
                  "Total Cost": 29310.68,
                  "Plan Rows": 213660,
                  "Plan Width": 0,
                  "Actual Startup Time": 0.043,
                  "Actual Total Time": 76.636,
                  "Actual Rows": 164548,
                  "Actual Loops": 4,
                  "Filter": "(company_id < 942)",
                  "Rows Removed by Filter": 487734
                }
              ]
            }
          ]
        }
      ]
    },
    "Planning Time": 0.2,
    "Triggers": [],
    "Execution Time": 102.363
  }
]