[
    {
        "Bao": {
            "Bao prediction": "NaN",
            "Bao recommended hint": "(no hint)"
        }
    },
    {
        "Plan": {
            "Node Type": "Aggregate",
            "Strategy": "Plain",
            "Partial Mode": "Finalize",
            "Parallel Aware": false,
            "Startup Cost": 37560.7,
            "Total Cost": 37560.71,
            "Plan Rows": 1,
            "Plan Width": 8,
            "Actual Startup Time": 113.487,
            "Actual Total Time": 120.199,
            "Actual Rows": 1,
            "Actual Loops": 1,
            "Output": [
                "count(*)"
            ],
            "Plans": [
                {
                    "Node Type": "Gather",
                    "Parent Relationship": "Outer",
                    "Parallel Aware": false,
                    "Startup Cost": 37560.38,
                    "Total Cost": 37560.69,
                    "Plan Rows": 3,
                    "Plan Width": 8,
                    "Actual Startup Time": 113.208,
                    "Actual Total Time": 120.191,
                    "Actual Rows": 4,
                    "Actual Loops": 1,
                    "Output": [
                        "(PARTIAL count(*))"
                    ],
                    "Workers Planned": 3,
                    "Workers Launched": 3,
                    "Single Copy": false,
                    "Plans": [
                        {
                            "Node Type": "Aggregate",
                            "Strategy": "Plain",
                            "Partial Mode": "Partial",
                            "Parent Relationship": "Outer",
                            "Parallel Aware": false,
                            "Startup Cost": 36560.38,
                            "Total Cost": 36560.39,
                            "Plan Rows": 1,
                            "Plan Width": 8,
                            "Actual Startup Time": 104.688,
                            "Actual Total Time": 104.69,
                            "Actual Rows": 1,
                            "Actual Loops": 4,
                            "Output": [
                                "PARTIAL count(*)"
                            ],
                            "Workers": [
                                {
                                    "Worker Number": 0,
                                    "Actual Startup Time": 101.567,
                                    "Actual Total Time": 101.568,
                                    "Actual Rows": 1,
                                    "Actual Loops": 1
                                },
                                {
                                    "Worker Number": 1,
                                    "Actual Startup Time": 101.962,
                                    "Actual Total Time": 101.964,
                                    "Actual Rows": 1,
                                    "Actual Loops": 1
                                },
                                {
                                    "Worker Number": 2,
                                    "Actual Startup Time": 102.284,
                                    "Actual Total Time": 102.285,
                                    "Actual Rows": 1,
                                    "Actual Loops": 1
                                }
                            ],
                            "Plans": [
                                {
                                    "Node Type": "Bitmap Heap Scan",
                                    "Parent Relationship": "Outer",
                                    "Parallel Aware": true,
                                    "Relation Name": "movie_keyword",
                                    "Schema": "public",
                                    "Alias": "mk",
                                    "Startup Cost": 9857.84,
                                    "Total Cost": 36185.62,
                                    "Plan Rows": 149903,
                                    "Plan Width": 0,
                                    "Actual Startup Time": 27.2,
                                    "Actual Total Time": 97.693,
                                    "Actual Rows": 114027,
                                    "Actual Loops": 4,
                                    "Recheck Cond": "(mk.keyword_id > 38868)",
                                    "Rows Removed by Index Recheck": 0,
                                    "Exact Heap Blocks": 10977,
                                    "Lossy Heap Blocks": 0,
                                    "Workers": [
                                        {
                                            "Worker Number": 0,
                                            "Actual Startup Time": 24.203,
                                            "Actual Total Time": 95.4,
                                            "Actual Rows": 68554,
                                            "Actual Loops": 1
                                        },
                                        {
                                            "Worker Number": 1,
                                            "Actual Startup Time": 24.612,
                                            "Actual Total Time": 95.535,
                                            "Actual Rows": 71767,
                                            "Actual Loops": 1
                                        },
                                        {
                                            "Worker Number": 2,
                                            "Actual Startup Time": 24.799,
                                            "Actual Total Time": 95.874,
                                            "Actual Rows": 97336,
                                            "Actual Loops": 1
                                        }
                                    ],
                                    "Plans": [
                                        {
                                            "Node Type": "Bitmap Index Scan",
                                            "Parent Relationship": "Outer",
                                            "Parallel Aware": false,
                                            "Index Name": "keyword_id_movie_keyword",
                                            "Startup Cost": 0.0,
                                            "Total Cost": 9741.67,
                                            "Plan Rows": 464698,
                                            "Plan Width": 0,
                                            "Actual Startup Time": 31.666,
                                            "Actual Total Time": 31.666,
                                            "Actual Rows": 456108,
                                            "Actual Loops": 1,
                                            "Index Cond": "(mk.keyword_id > 38868)"
                                        }
                                    ]
                                }
                            ]
                        }
                    ]
                }
            ]
        },
        "Planning Time": 196.508,
        "Triggers": [],
        "Execution Time": 120.256
    }
]