{
  "Plan": {
    "Node Type": "Aggregate",
    "Strategy": "Plain",
    "Partial Mode": "Finalize",
    "Parallel Aware": false,
    "Startup Cost": 367327.45,
    "Total Cost": 367327.46,
    "Plan Rows": 1,
    "Plan Width": 8,
    "Actual Startup Time": 1467.094,
    "Actual Total Time": 1498.67,
    "Actual Rows": 1,
    "Actual Loops": 1,
    "Plans": [
      {
        "Node Type": "Gather",
        "Parent Relationship": "Outer",
        "Parallel Aware": false,
        "Startup Cost": 367327.34,
        "Total Cost": 367327.45,
        "Plan Rows": 1,
        "Plan Width": 8,
        "Actual Startup Time": 1459.855,
        "Actual Total Time": 1498.653,
        "Actual Rows": 2,
        "Actual Loops": 1,
        "Workers Planned": 1,
        "Workers Launched": 1,
        "Single Copy": false,
        "Plans": [
          {
            "Node Type": "Aggregate",
            "Strategy": "Plain",
            "Partial Mode": "Partial",
            "Parent Relationship": "Outer",
            "Parallel Aware": false,
            "Startup Cost": 366327.34,
            "Total Cost": 366327.35,
            "Plan Rows": 1,
            "Plan Width": 8,
            "Actual Startup Time": 1454.067,
            "Actual Total Time": 1455.807,
            "Actual Rows": 1,
            "Actual Loops": 2,
            "Plans": [
              {
                "Node Type": "Hash Join",
                "Parent Relationship": "Outer",
                "Parallel Aware": true,
                "Join Type": "Inner",
                "Startup Cost": 124158.72,
                "Total Cost": 365700.47,
                "Plan Rows": 250748,
                "Plan Width": 0,
                "Actual Startup Time": 950.171,
                "Actual Total Time": 1455.761,
                "Actual Rows": 540,
                "Actual Loops": 2,
                "Inner Unique": false,
                "Hash Cond": "(ci.movie_id = t.id)",
                "Plans": [
                  {
                    "Node Type": "Index Scan",
                    "Parent Relationship": "Outer",
                    "Parallel Aware": true,
                    "Scan Direction": "Forward",
                    "Index Name": "role_id_cast_info",
                    "Relation Name": "cast_info",
                    "Alias": "ci",
                    "Startup Cost": 0.56,
                    "Total Cost": 236682.84,
                    "Plan Rows": 902531,
                    "Plan Width": 4,
                    "Actual Startup Time": 0.826,
                    "Actual Total Time": 507.26,
                    "Actual Rows": 724,
                    "Actual Loops": 2,
                    "Index Cond": "(role_id = 2)",
                    "Rows Removed by Index Recheck": 0,
                    "Filter": "(person_id < 752339)",
                    "Rows Removed by Filter": 3725262
                  },
                  {
                    "Node Type": "Hash",
                    "Parent Relationship": "Inner",
                    "Parallel Aware": true,
                    "Startup Cost": 118993.22,
                    "Total Cost": 118993.22,
                    "Plan Rows": 413195,
                    "Plan Width": 8,
                    "Actual Startup Time": 935.858,
                    "Actual Total Time": 937.595,
                    "Actual Rows": 362477,
                    "Actual Loops": 2,
                    "Hash Buckets": 1048576,
                    "Original Hash Buckets": 1048576,
                    "Hash Batches": 1,
                    "Original Hash Batches": 1,
                    "Peak Memory Usage": 36576,
                    "Plans": [
                      {
                        "Node Type": "Hash Join",
                        "Parent Relationship": "Outer",
                        "Parallel Aware": true,
                        "Join Type": "Inner",
                        "Startup Cost": 87921.45,
                        "Total Cost": 118993.22,
                        "Plan Rows": 413195,
                        "Plan Width": 8,
                        "Actual Startup Time": 656.678,
                        "Actual Total Time": 851.035,
                        "Actual Rows": 362477,
                        "Actual Loops": 2,
                        "Inner Unique": true,
                        "Hash Cond": "(mk.movie_id = t.id)",
                        "Plans": [
                          {
                            "Node Type": "Bitmap Heap Scan",
                            "Parent Relationship": "Outer",
                            "Parallel Aware": true,
                            "Relation Name": "movie_keyword",
                            "Alias": "mk",
                            "Startup Cost": 15777.0,
                            "Total Cost": 45700.23,
                            "Plan Rows": 437538,
                            "Plan Width": 4,
                            "Actual Startup Time": 43.854,
                            "Actual Total Time": 134.573,
                            "Actual Rows": 368653,
                            "Actual Loops": 2,
                            "Recheck Cond": "(keyword_id > 25556)",
                            "Rows Removed by Index Recheck": 0,
                            "Exact Heap Blocks": 12186,
                            "Lossy Heap Blocks": 0,
                            "Plans": [
                              {
                                "Node Type": "Bitmap Index Scan",
                                "Parent Relationship": "Outer",
                                "Parallel Aware": false,
                                "Index Name": "keyword_id_movie_keyword",
                                "Startup Cost": 0.0,
                                "Total Cost": 15591.05,
                                "Plan Rows": 743815,
                                "Plan Width": 0,
                                "Actual Startup Time": 40.324,
                                "Actual Total Time": 40.324,
                                "Actual Rows": 737306,
                                "Actual Loops": 1,
                                "Index Cond": "(keyword_id > 25556)"
                              }
                            ]
                          },
                          {
                            "Node Type": "Hash",
                            "Parent Relationship": "Inner",
                            "Parallel Aware": true,
                            "Startup Cost": 54588.39,
                            "Total Cost": 54588.39,
                            "Plan Rows": 1404485,
                            "Plan Width": 4,
                            "Actual Startup Time": 595.735,
                            "Actual Total Time": 595.736,
                            "Actual Rows": 1194438,
                            "Actual Loops": 2,
                            "Hash Buckets": 4194304,
                            "Original Hash Buckets": 4194304,
                            "Hash Batches": 1,
                            "Original Hash Batches": 1,
                            "Peak Memory Usage": 126240,
                            "Plans": [
                              {
                                "Node Type": "Seq Scan",
                                "Parent Relationship": "Outer",
                                "Parallel Aware": true,
                                "Relation Name": "title",
                                "Alias": "t",
                                "Startup Cost": 0.0,
                                "Total Cost": 54588.39,
                                "Plan Rows": 1404485,
                                "Plan Width": 4,
                                "Actual Startup Time": 0.043,
                                "Actual Total Time": 196.409,
                                "Actual Rows": 1194438,
                                "Actual Loops": 2,
                                "Filter": "(production_year < 2013)",
                                "Rows Removed by Filter": 69718
                              }
                            ]
                          }
                        ]
                      }
                    ]
                  }
                ]
              }
            ]
          }
        ]
      }
    ]
  },
  "Planning Time": 1.039,
  "Triggers": [],
  "Execution Time": 1498.808
}