{
  "Plan": {
    "Node Type": "Aggregate",
    "Strategy": "Plain",
    "Partial Mode": "Finalize",
    "Parallel Aware": false,
    "Startup Cost": 101155.44,
    "Total Cost": 101155.45,
    "Plan Rows": 1,
    "Plan Width": 8,
    "Actual Startup Time": 701.01,
    "Actual Total Time": 721.41,
    "Actual Rows": 1,
    "Actual Loops": 1,
    "Plans": [
      {
        "Node Type": "Gather",
        "Parent Relationship": "Outer",
        "Parallel Aware": false,
        "Startup Cost": 101155.32,
        "Total Cost": 101155.43,
        "Plan Rows": 1,
        "Plan Width": 8,
        "Actual Startup Time": 698.234,
        "Actual Total Time": 721.398,
        "Actual Rows": 2,
        "Actual Loops": 1,
        "Workers Planned": 1,
        "Workers Launched": 1,
        "Single Copy": false,
        "Plans": [
          {
            "Node Type": "Aggregate",
            "Strategy": "Plain",
            "Partial Mode": "Partial",
            "Parent Relationship": "Outer",
            "Parallel Aware": false,
            "Startup Cost": 100155.32,
            "Total Cost": 100155.33,
            "Plan Rows": 1,
            "Plan Width": 8,
            "Actual Startup Time": 684.603,
            "Actual Total Time": 684.61,
            "Actual Rows": 1,
            "Actual Loops": 2,
            "Plans": [
              {
                "Node Type": "Hash Join",
                "Parent Relationship": "Outer",
                "Parallel Aware": true,
                "Join Type": "Inner",
                "Startup Cost": 73652.59,
                "Total Cost": 99864.72,
                "Plan Rows": 116240,
                "Plan Width": 0,
                "Actual Startup Time": 600.658,
                "Actual Total Time": 680.132,
                "Actual Rows": 98155,
                "Actual Loops": 2,
                "Inner Unique": true,
                "Hash Cond": "(mk.movie_id = t.id)",
                "Plans": [
                  {
                    "Node Type": "Bitmap Heap Scan",
                    "Parent Relationship": "Outer",
                    "Parallel Aware": true,
                    "Relation Name": "movie_keyword",
                    "Alias": "mk",
                    "Startup Cost": 4191.89,
                    "Total Cost": 30098.89,
                    "Plan Rows": 116240,
                    "Plan Width": 4,
                    "Actual Startup Time": 14.147,
                    "Actual Total Time": 62.492,
                    "Actual Rows": 98155,
                    "Actual Loops": 2,
                    "Recheck Cond": "(keyword_id > 69555)",
                    "Rows Removed by Index Recheck": 0,
                    "Exact Heap Blocks": 11028,
                    "Lossy Heap Blocks": 0,
                    "Plans": [
                      {
                        "Node Type": "Bitmap Index Scan",
                        "Parent Relationship": "Outer",
                        "Parallel Aware": false,
                        "Index Name": "keyword_id_movie_keyword",
                        "Startup Cost": 0.0,
                        "Total Cost": 4142.49,
                        "Plan Rows": 197608,
                        "Plan Width": 0,
                        "Actual Startup Time": 11.162,
                        "Actual Total Time": 11.163,
                        "Actual Rows": 196310,
                        "Actual Loops": 1,
                        "Index Cond": "(keyword_id > 69555)"
                      }
                    ]
                  },
                  {
                    "Node Type": "Hash",
                    "Parent Relationship": "Inner",
                    "Parallel Aware": true,
                    "Startup Cost": 50870.31,
                    "Total Cost": 50870.31,
                    "Plan Rows": 1487231,
                    "Plan Width": 4,
                    "Actual Startup Time": 563.85,
                    "Actual Total Time": 563.851,
                    "Actual Rows": 1264156,
                    "Actual Loops": 2,
                    "Hash Buckets": 4194304,
                    "Original Hash Buckets": 4194304,
                    "Hash Batches": 1,
                    "Original Hash Batches": 1,
                    "Peak Memory Usage": 131712,
                    "Plans": [
                      {
                        "Node Type": "Seq Scan",
                        "Parent Relationship": "Outer",
                        "Parallel Aware": true,
                        "Relation Name": "title",
                        "Alias": "t",
                        "Startup Cost": 0.0,
                        "Total Cost": 50870.31,
                        "Plan Rows": 1487231,
                        "Plan Width": 4,
                        "Actual Startup Time": 0.027,
                        "Actual Total Time": 162.202,
                        "Actual Rows": 1264156,
                        "Actual Loops": 2
                      }
                    ]
                  }
                ]
              }
            ]
          }
        ]
      }
    ]
  },
  "Planning Time": 0.686,
  "Triggers": [],
  "Execution Time": 721.503
}