{
  "Plan": {
    "Node Type": "Aggregate",
    "Strategy": "Plain",
    "Partial Mode": "Finalize",
    "Parallel Aware": false,
    "Startup Cost": 574842.41,
    "Total Cost": 574842.42,
    "Plan Rows": 1,
    "Plan Width": 8,
    "Actual Startup Time": 4728.723,
    "Actual Total Time": 4775.626,
    "Actual Rows": 1,
    "Actual Loops": 1,
    "Plans": [
      {
        "Node Type": "Gather",
        "Parent Relationship": "Outer",
        "Parallel Aware": false,
        "Startup Cost": 574842.3,
        "Total Cost": 574842.41,
        "Plan Rows": 1,
        "Plan Width": 8,
        "Actual Startup Time": 4718.718,
        "Actual Total Time": 4775.617,
        "Actual Rows": 2,
        "Actual Loops": 1,
        "Workers Planned": 1,
        "Workers Launched": 1,
        "Single Copy": false,
        "Plans": [
          {
            "Node Type": "Aggregate",
            "Strategy": "Plain",
            "Partial Mode": "Partial",
            "Parent Relationship": "Outer",
            "Parallel Aware": false,
            "Startup Cost": 573842.3,
            "Total Cost": 573842.31,
            "Plan Rows": 1,
            "Plan Width": 8,
            "Actual Startup Time": 4707.312,
            "Actual Total Time": 4709.377,
            "Actual Rows": 1,
            "Actual Loops": 2,
            "Plans": [
              {
                "Node Type": "Hash Join",
                "Parent Relationship": "Outer",
                "Parallel Aware": true,
                "Join Type": "Inner",
                "Startup Cost": 250061.81,
                "Total Cost": 565410.79,
                "Plan Rows": 3372603,
                "Plan Width": 0,
                "Actual Startup Time": 2315.876,
                "Actual Total Time": 4214.752,
                "Actual Rows": 10199510,
                "Actual Loops": 2,
                "Inner Unique": false,
                "Hash Cond": "(ci.movie_id = t.id)",
                "Plans": [
                  {
                    "Node Type": "Bitmap Heap Scan",
                    "Parent Relationship": "Outer",
                    "Parallel Aware": true,
                    "Relation Name": "cast_info",
                    "Alias": "ci",
                    "Startup Cost": 91880.26,
                    "Total Cost": 375155.21,
                    "Plan Rows": 2447036,
                    "Plan Width": 4,
                    "Actual Startup Time": 262.169,
                    "Actual Total Time": 548.572,
                    "Actual Rows": 2136757,
                    "Actual Loops": 2,
                    "Recheck Cond": "(person_id < 412032)",
                    "Rows Removed by Index Recheck": 0,
                    "Exact Heap Blocks": 26151,
                    "Lossy Heap Blocks": 0,
                    "Plans": [
                      {
                        "Node Type": "Bitmap Index Scan",
                        "Parent Relationship": "Outer",
                        "Parallel Aware": false,
                        "Index Name": "person_id_cast_info",
                        "Startup Cost": 0.0,
                        "Total Cost": 90840.27,
                        "Plan Rows": 4159961,
                        "Plan Width": 0,
                        "Actual Startup Time": 253.779,
                        "Actual Total Time": 253.78,
                        "Actual Rows": 4273514,
                        "Actual Loops": 1,
                        "Index Cond": "(person_id < 412032)"
                      }
                    ]
                  },
                  {
                    "Node Type": "Hash",
                    "Parent Relationship": "Inner",
                    "Parallel Aware": true,
                    "Startup Cost": 132559.53,
                    "Total Cost": 132559.53,
                    "Plan Rows": 2049762,
                    "Plan Width": 8,
                    "Actual Startup Time": 2030.736,
                    "Actual Total Time": 2032.798,
                    "Actual Rows": 1743604,
                    "Actual Loops": 2,
                    "Hash Buckets": 4194304,
                    "Original Hash Buckets": 4194304,
                    "Hash Batches": 1,
                    "Original Hash Batches": 1,
                    "Peak Memory Usage": 169216,
                    "Plans": [
                      {
                        "Node Type": "Hash Join",
                        "Parent Relationship": "Outer",
                        "Parallel Aware": true,
                        "Join Type": "Inner",
                        "Startup Cost": 69460.7,
                        "Total Cost": 132559.53,
                        "Plan Rows": 2049762,
                        "Plan Width": 8,
                        "Actual Startup Time": 757.356,
                        "Actual Total Time": 1554.716,
                        "Actual Rows": 1743604,
                        "Actual Loops": 2,
                        "Inner Unique": true,
                        "Hash Cond": "(mk.movie_id = t.id)",
                        "Plans": [
                          {
                            "Node Type": "Seq Scan",
                            "Parent Relationship": "Outer",
                            "Parallel Aware": true,
                            "Relation Name": "movie_keyword",
                            "Alias": "mk",
                            "Startup Cost": 0.0,
                            "Total Cost": 57718.19,
                            "Plan Rows": 2049762,
                            "Plan Width": 4,
                            "Actual Startup Time": 0.019,
                            "Actual Total Time": 337.729,
                            "Actual Rows": 1743604,
                            "Actual Loops": 2,
                            "Filter": "(keyword_id < 17103)",
                            "Rows Removed by Filter": 518360
                          },
                          {
                            "Node Type": "Hash",
                            "Parent Relationship": "Inner",
                            "Parallel Aware": true,
                            "Startup Cost": 50870.31,
                            "Total Cost": 50870.31,
                            "Plan Rows": 1487231,
                            "Plan Width": 4,
                            "Actual Startup Time": 740.501,
                            "Actual Total Time": 740.503,
                            "Actual Rows": 1264156,
                            "Actual Loops": 2,
                            "Hash Buckets": 4194304,
                            "Original Hash Buckets": 4194304,
                            "Hash Batches": 1,
                            "Original Hash Batches": 1,
                            "Peak Memory Usage": 131712,
                            "Plans": [
                              {
                                "Node Type": "Seq Scan",
                                "Parent Relationship": "Outer",
                                "Parallel Aware": true,
                                "Relation Name": "title",
                                "Alias": "t",
                                "Startup Cost": 0.0,
                                "Total Cost": 50870.31,
                                "Plan Rows": 1487231,
                                "Plan Width": 4,
                                "Actual Startup Time": 0.033,
                                "Actual Total Time": 219.896,
                                "Actual Rows": 1264156,
                                "Actual Loops": 2
                              }
                            ]
                          }
                        ]
                      }
                    ]
                  }
                ]
              }
            ]
          }
        ]
      }
    ]
  },
  "Planning Time": 0.941,
  "Triggers": [],
  "Execution Time": 4775.718
}