{
  "Plan": {
    "Node Type": "Aggregate",
    "Strategy": "Plain",
    "Partial Mode": "Finalize",
    "Parallel Aware": false,
    "Startup Cost": 108025.35,
    "Total Cost": 108025.36,
    "Plan Rows": 1,
    "Plan Width": 8,
    "Actual Startup Time": 495.067,
    "Actual Total Time": 511.338,
    "Actual Rows": 1,
    "Actual Loops": 1,
    "Plans": [
      {
        "Node Type": "Gather",
        "Parent Relationship": "Outer",
        "Parallel Aware": false,
        "Startup Cost": 108025.24,
        "Total Cost": 108025.35,
        "Plan Rows": 1,
        "Plan Width": 8,
        "Actual Startup Time": 492.909,
        "Actual Total Time": 511.329,
        "Actual Rows": 2,
        "Actual Loops": 1,
        "Workers Planned": 1,
        "Workers Launched": 1,
        "Single Copy": false,
        "Plans": [
          {
            "Node Type": "Aggregate",
            "Strategy": "Plain",
            "Partial Mode": "Partial",
            "Parent Relationship": "Outer",
            "Parallel Aware": false,
            "Startup Cost": 107025.24,
            "Total Cost": 107025.25,
            "Plan Rows": 1,
            "Plan Width": 8,
            "Actual Startup Time": 487.221,
            "Actual Total Time": 487.523,
            "Actual Rows": 1,
            "Actual Loops": 2,
            "Plans": [
              {
                "Node Type": "Hash Join",
                "Parent Relationship": "Outer",
                "Parallel Aware": true,
                "Join Type": "Inner",
                "Startup Cost": 44984.86,
                "Total Cost": 106817.79,
                "Plan Rows": 82978,
                "Plan Width": 0,
                "Actual Startup Time": 217.401,
                "Actual Total Time": 484.301,
                "Actual Rows": 74138,
                "Actual Loops": 2,
                "Inner Unique": false,
                "Hash Cond": "(t.id = mc.movie_id)",
                "Plans": [
                  {
                    "Node Type": "Seq Scan",
                    "Parent Relationship": "Outer",
                    "Parallel Aware": true,
                    "Relation Name": "title",
                    "Alias": "t",
                    "Startup Cost": 0.0,
                    "Total Cost": 58306.47,
                    "Plan Rows": 486138,
                    "Plan Width": 4,
                    "Actual Startup Time": 0.015,
                    "Actual Total Time": 151.877,
                    "Actual Rows": 438093,
                    "Actual Loops": 2,
                    "Filter": "((kind_id > 1) AND (production_year > 2004))",
                    "Rows Removed by Filter": 826063
                  },
                  {
                    "Node Type": "Hash",
                    "Parent Relationship": "Inner",
                    "Parallel Aware": true,
                    "Startup Cost": 41811.73,
                    "Total Cost": 41811.73,
                    "Plan Rows": 253851,
                    "Plan Width": 4,
                    "Actual Startup Time": 211.362,
                    "Actual Total Time": 211.363,
                    "Actual Rows": 381060,
                    "Actual Loops": 2,
                    "Hash Buckets": 1048576,
                    "Original Hash Buckets": 524288,
                    "Hash Batches": 1,
                    "Original Hash Batches": 1,
                    "Peak Memory Usage": 42112,
                    "Plans": [
                      {
                        "Node Type": "Seq Scan",
                        "Parent Relationship": "Outer",
                        "Parallel Aware": true,
                        "Relation Name": "movie_companies",
                        "Alias": "mc",
                        "Startup Cost": 0.0,
                        "Total Cost": 41811.73,
                        "Plan Rows": 253851,
                        "Plan Width": 4,
                        "Actual Startup Time": 65.16,
                        "Actual Total Time": 133.591,
                        "Actual Rows": 381060,
                        "Actual Loops": 2,
                        "Filter": "((company_id > 24076) AND (company_type_id > 1))",
                        "Rows Removed by Filter": 923504
                      }
                    ]
                  }
                ]
              }
            ]
          }
        ]
      }
    ]
  },
  "Planning Time": 0.646,
  "Triggers": [],
  "Execution Time": 511.409
}