[
  {
    "Plan": {
      "Node Type": "Aggregate",
      "Strategy": "Plain",
      "Partial Mode": "Finalize",
      "Parallel Aware": false,
      "Startup Cost": 348731.59,
      "Total Cost": 348731.6,
      "Plan Rows": 1,
      "Plan Width": 8,
      "Actual Startup Time": 705.542,
      "Actual Total Time": 733.521,
      "Actual Rows": 1,
      "Actual Loops": 1,
      "Plans": [
        {
          "Node Type": "Gather",
          "Parent Relationship": "Outer",
          "Parallel Aware": false,
          "Startup Cost": 348730.97,
          "Total Cost": 348731.58,
          "Plan Rows": 6,
          "Plan Width": 8,
          "Actual Startup Time": 705.462,
          "Actual Total Time": 733.515,
          "Actual Rows": 7,
          "Actual Loops": 1,
          "Workers Planned": 6,
          "Workers Launched": 6,
          "Single Copy": false,
          "Plans": [
            {
              "Node Type": "Aggregate",
              "Strategy": "Plain",
              "Partial Mode": "Partial",
              "Parent Relationship": "Outer",
              "Parallel Aware": false,
              "Startup Cost": 347730.97,
              "Total Cost": 347730.98,
              "Plan Rows": 1,
              "Plan Width": 8,
              "Actual Startup Time": 699.437,
              "Actual Total Time": 699.437,
              "Actual Rows": 1,
              "Actual Loops": 7,
              "Plans": [
                {
                  "Node Type": "Seq Scan",
                  "Parent Relationship": "Outer",
                  "Parallel Aware": true,
                  "Relation Name": "cast_info",
                  "Alias": "ci",
                  "Startup Cost": 0.0,
                  "Total Cost": 343318.94,
                  "Plan Rows": 1764810,
                  "Plan Width": 0,
                  "Actual Startup Time": 314.558,
                  "Actual Total Time": 615.221,
                  "Actual Rows": 1815369,
                  "Actual Loops": 7,
                  "Filter": "((person_id > 1213343) AND (role_id > 2))",
                  "Rows Removed by Filter": 3362394
                }
              ]
            }
          ]
        }
      ]
    },
    "Planning Time": 0.072,
    "Triggers": [],
    "Execution Time": 733.549
  }
]