[
  {
    "Plan": {
      "Node Type": "Aggregate",
      "Strategy": "Plain",
      "Partial Mode": "Finalize",
      "Parallel Aware": false,
      "Startup Cost": 348760.57,
      "Total Cost": 348760.58,
      "Plan Rows": 1,
      "Plan Width": 8,
      "Actual Startup Time": 759.024,
      "Actual Total Time": 814.629,
      "Actual Rows": 1,
      "Actual Loops": 1,
      "Plans": [
        {
          "Node Type": "Gather",
          "Parent Relationship": "Outer",
          "Parallel Aware": false,
          "Startup Cost": 348759.94,
          "Total Cost": 348760.55,
          "Plan Rows": 6,
          "Plan Width": 8,
          "Actual Startup Time": 758.895,
          "Actual Total Time": 814.619,
          "Actual Rows": 7,
          "Actual Loops": 1,
          "Workers Planned": 6,
          "Workers Launched": 6,
          "Single Copy": false,
          "Plans": [
            {
              "Node Type": "Aggregate",
              "Strategy": "Plain",
              "Partial Mode": "Partial",
              "Parent Relationship": "Outer",
              "Parallel Aware": false,
              "Startup Cost": 347759.94,
              "Total Cost": 347759.95,
              "Plan Rows": 1,
              "Plan Width": 8,
              "Actual Startup Time": 751.098,
              "Actual Total Time": 751.099,
              "Actual Rows": 1,
              "Actual Loops": 7,
              "Plans": [
                {
                  "Node Type": "Seq Scan",
                  "Parent Relationship": "Outer",
                  "Parallel Aware": true,
                  "Relation Name": "cast_info",
                  "Alias": "ci",
                  "Startup Cost": 0.0,
                  "Total Cost": 343257.03,
                  "Plan Rows": 1801166,
                  "Plan Width": 0,
                  "Actual Startup Time": 344.415,
                  "Actual Total Time": 669.829,
                  "Actual Rows": 1815369,
                  "Actual Loops": 7,
                  "Filter": "((person_id > 1213343) AND (role_id > 2))",
                  "Rows Removed by Filter": 3362394
                }
              ]
            }
          ]
        }
      ]
    },
    "Planning Time": 0.141,
    "Triggers": [],
    "Execution Time": 814.682
  }
]