[
  {
    "Plan": {
      "Node Type": "Aggregate",
      "Strategy": "Plain",
      "Partial Mode": "Finalize",
      "Parallel Aware": false,
      "Startup Cost": 47101.57,
      "Total Cost": 47101.58,
      "Plan Rows": 1,
      "Plan Width": 8,
      "Actual Startup Time": 191.3,
      "Actual Total Time": 201.735,
      "Actual Rows": 1,
      "Actual Loops": 1,
      "Plans": [
        {
          "Node Type": "Gather",
          "Parent Relationship": "Outer",
          "Parallel Aware": false,
          "Startup Cost": 47101.25,
          "Total Cost": 47101.56,
          "Plan Rows": 3,
          "Plan Width": 8,
          "Actual Startup Time": 191.045,
          "Actual Total Time": 201.726,
          "Actual Rows": 4,
          "Actual Loops": 1,
          "Workers Planned": 3,
          "Workers Launched": 3,
          "Single Copy": false,
          "Plans": [
            {
              "Node Type": "Aggregate",
              "Strategy": "Plain",
              "Partial Mode": "Partial",
              "Parent Relationship": "Outer",
              "Parallel Aware": false,
              "Startup Cost": 46101.25,
              "Total Cost": 46101.26,
              "Plan Rows": 1,
              "Plan Width": 8,
              "Actual Startup Time": 185.537,
              "Actual Total Time": 185.538,
              "Actual Rows": 1,
              "Actual Loops": 4,
              "Plans": [
                {
                  "Node Type": "Seq Scan",
                  "Parent Relationship": "Outer",
                  "Parallel Aware": true,
                  "Relation Name": "movie_keyword",
                  "Alias": "mk",
                  "Startup Cost": 0.0,
                  "Total Cost": 42695.65,
                  "Plan Rows": 1362240,
                  "Plan Width": 0,
                  "Actual Startup Time": 0.045,
                  "Actual Total Time": 133.83,
                  "Actual Rows": 1057406,
                  "Actual Loops": 4,
                  "Filter": "(keyword_id > 239)",
                  "Rows Removed by Filter": 73576
                }
              ]
            }
          ]
        }
      ]
    },
    "Planning Time": 0.111,
    "Triggers": [],
    "Execution Time": 201.768
  }
]