[
    {
        "Bao": {
            "Bao prediction": 466.43,
            "Bao recommended hint": "(no hint)"
        }
    },
    {
        "Plan": {
            "Node Type": "Aggregate",
            "Strategy": "Plain",
            "Partial Mode": "Finalize",
            "Parallel Aware": false,
            "Startup Cost": 33372.68,
            "Total Cost": 33372.69,
            "Plan Rows": 1,
            "Plan Width": 8,
            "Actual Startup Time": 129.914,
            "Actual Total Time": 138.505,
            "Actual Rows": 1,
            "Actual Loops": 1,
            "Output": [
                "count(*)"
            ],
            "Plans": [
                {
                    "Node Type": "Gather",
                    "Parent Relationship": "Outer",
                    "Parallel Aware": false,
                    "Startup Cost": 33372.36,
                    "Total Cost": 33372.67,
                    "Plan Rows": 3,
                    "Plan Width": 8,
                    "Actual Startup Time": 129.817,
                    "Actual Total Time": 138.496,
                    "Actual Rows": 4,
                    "Actual Loops": 1,
                    "Output": [
                        "(PARTIAL count(*))"
                    ],
                    "Workers Planned": 3,
                    "Workers Launched": 3,
                    "Single Copy": false,
                    "Plans": [
                        {
                            "Node Type": "Aggregate",
                            "Strategy": "Plain",
                            "Partial Mode": "Partial",
                            "Parent Relationship": "Outer",
                            "Parallel Aware": false,
                            "Startup Cost": 32372.36,
                            "Total Cost": 32372.37,
                            "Plan Rows": 1,
                            "Plan Width": 8,
                            "Actual Startup Time": 121.253,
                            "Actual Total Time": 121.254,
                            "Actual Rows": 1,
                            "Actual Loops": 4,
                            "Output": [
                                "PARTIAL count(*)"
                            ],
                            "Workers": [
                                {
                                    "Worker Number": 0,
                                    "Actual Startup Time": 118.197,
                                    "Actual Total Time": 118.198,
                                    "Actual Rows": 1,
                                    "Actual Loops": 1
                                },
                                {
                                    "Worker Number": 1,
                                    "Actual Startup Time": 118.579,
                                    "Actual Total Time": 118.579,
                                    "Actual Rows": 1,
                                    "Actual Loops": 1
                                },
                                {
                                    "Worker Number": 2,
                                    "Actual Startup Time": 118.981,
                                    "Actual Total Time": 118.982,
                                    "Actual Rows": 1,
                                    "Actual Loops": 1
                                }
                            ],
                            "Plans": [
                                {
                                    "Node Type": "Seq Scan",
                                    "Parent Relationship": "Outer",
                                    "Parallel Aware": true,
                                    "Relation Name": "movie_companies",
                                    "Schema": "public",
                                    "Alias": "mc",
                                    "Startup Cost": 0.0,
                                    "Total Cost": 31414.82,
                                    "Plan Rows": 383017,
                                    "Plan Width": 0,
                                    "Actual Startup Time": 52.491,
                                    "Actual Total Time": 104.361,
                                    "Actual Rows": 262710,
                                    "Actual Loops": 4,
                                    "Output": [
                                        "id",
                                        "movie_id",
                                        "company_id",
                                        "company_type_id",
                                        "note"
                                    ],
                                    "Filter": "((mc.company_id < 95373) AND (mc.company_type_id = 2))",
                                    "Rows Removed by Filter": 389572,
                                    "Workers": [
                                        {
                                            "Worker Number": 0,
                                            "Actual Startup Time": 49.421,
                                            "Actual Total Time": 101.216,
                                            "Actual Rows": 258313,
                                            "Actual Loops": 1
                                        },
                                        {
                                            "Worker Number": 1,
                                            "Actual Startup Time": 49.824,
                                            "Actual Total Time": 102.005,
                                            "Actual Rows": 253366,
                                            "Actual Loops": 1
                                        },
                                        {
                                            "Worker Number": 2,
                                            "Actual Startup Time": 50.213,
                                            "Actual Total Time": 102.241,
                                            "Actual Rows": 251790,
                                            "Actual Loops": 1
                                        }
                                    ]
                                }
                            ]
                        }
                    ]
                }
            ]
        },
        "Planning Time": 592.384,
        "Triggers": [],
        "Execution Time": 138.609
    }
]