[
  {
    "Plan": {
      "Node Type": "Aggregate",
      "Strategy": "Plain",
      "Partial Mode": "Finalize",
      "Parallel Aware": false,
      "Startup Cost": 27292.77,
      "Total Cost": 27292.78,
      "Plan Rows": 1,
      "Plan Width": 8,
      "Actual Startup Time": 35.449,
      "Actual Total Time": 41.497,
      "Actual Rows": 1,
      "Actual Loops": 1,
      "Plans": [
        {
          "Node Type": "Gather",
          "Parent Relationship": "Outer",
          "Parallel Aware": false,
          "Startup Cost": 27292.56,
          "Total Cost": 27292.77,
          "Plan Rows": 2,
          "Plan Width": 8,
          "Actual Startup Time": 35.281,
          "Actual Total Time": 41.484,
          "Actual Rows": 3,
          "Actual Loops": 1,
          "Workers Planned": 2,
          "Workers Launched": 2,
          "Single Copy": false,
          "Plans": [
            {
              "Node Type": "Aggregate",
              "Strategy": "Plain",
              "Partial Mode": "Partial",
              "Parent Relationship": "Outer",
              "Parallel Aware": false,
              "Startup Cost": 26292.56,
              "Total Cost": 26292.57,
              "Plan Rows": 1,
              "Plan Width": 8,
              "Actual Startup Time": 28.537,
              "Actual Total Time": 28.539,
              "Actual Rows": 1,
              "Actual Loops": 3,
              "Plans": [
                {
                  "Node Type": "Nested Loop",
                  "Parent Relationship": "Outer",
                  "Parallel Aware": false,
                  "Join Type": "Inner",
                  "Startup Cost": 101.52,
                  "Total Cost": 26292.52,
                  "Plan Rows": 16,
                  "Plan Width": 0,
                  "Actual Startup Time": 4.893,
                  "Actual Total Time": 28.508,
                  "Actual Rows": 123,
                  "Actual Loops": 3,
                  "Inner Unique": false,
                  "Plans": [
                    {
                      "Node Type": "Nested Loop",
                      "Parent Relationship": "Outer",
                      "Parallel Aware": false,
                      "Join Type": "Inner",
                      "Startup Cost": 101.09,
                      "Total Cost": 26233.27,
                      "Plan Rows": 30,
                      "Plan Width": 8,
                      "Actual Startup Time": 4.726,
                      "Actual Total Time": 27.407,
                      "Actual Rows": 41,
                      "Actual Loops": 3,
                      "Inner Unique": true,
                      "Plans": [
                        {
                          "Node Type": "Bitmap Heap Scan",
                          "Parent Relationship": "Outer",
                          "Parallel Aware": true,
                          "Relation Name": "movie_keyword",
                          "Alias": "mk",
                          "Startup Cost": 100.66,
                          "Total Cost": 11847.89,
                          "Plan Rows": 1948,
                          "Plan Width": 4,
                          "Actual Startup Time": 2.122,
                          "Actual Total Time": 9.919,
                          "Actual Rows": 1350,
                          "Actual Loops": 3,
                          "Recheck Cond": "(keyword_id = 1749)",
                          "Rows Removed by Index Recheck": 0,
                          "Exact Heap Blocks": 2437,
                          "Lossy Heap Blocks": 0,
                          "Plans": [
                            {
                              "Node Type": "Bitmap Index Scan",
                              "Parent Relationship": "Outer",
                              "Parallel Aware": false,
                              "Index Name": "keyword_id_movie_keyword",
                              "Startup Cost": 0.0,
                              "Total Cost": 99.5,
                              "Plan Rows": 4675,
                              "Plan Width": 0,
                              "Actual Startup Time": 4.454,
                              "Actual Total Time": 4.454,
                              "Actual Rows": 4049,
                              "Actual Loops": 1,
                              "Index Cond": "(keyword_id = 1749)"
                            }
                          ]
                        },
                        {
                          "Node Type": "Index Scan",
                          "Parent Relationship": "Inner",
                          "Parallel Aware": false,
                          "Scan Direction": "Forward",
                          "Index Name": "title_pkey",
                          "Relation Name": "title",
                          "Alias": "t",
                          "Startup Cost": 0.43,
                          "Total Cost": 7.38,
                          "Plan Rows": 1,
                          "Plan Width": 4,
                          "Actual Startup Time": 0.012,
                          "Actual Total Time": 0.012,
                          "Actual Rows": 0,
                          "Actual Loops": 4049,
                          "Index Cond": "(id = mk.movie_id)",
                          "Rows Removed by Index Recheck": 0,
                          "Filter": "((kind_id < 7) AND (production_year = 2005))",
                          "Rows Removed by Filter": 1
                        }
                      ]
                    },
                    {
                      "Node Type": "Index Only Scan",
                      "Parent Relationship": "Inner",
                      "Parallel Aware": false,
                      "Scan Direction": "Forward",
                      "Index Name": "movie_id_movie_info_idx",
                      "Relation Name": "movie_info_idx",
                      "Alias": "mi_idx",
                      "Startup Cost": 0.43,
                      "Total Cost": 1.94,
                      "Plan Rows": 3,
                      "Plan Width": 4,
                      "Actual Startup Time": 0.024,
                      "Actual Total Time": 0.025,
                      "Actual Rows": 3,
                      "Actual Loops": 123,
                      "Index Cond": "(movie_id = t.id)",
                      "Rows Removed by Index Recheck": 0,
                      "Heap Fetches": 368
                    }
                  ]
                }
              ]
            }
          ]
        }
      ]
    },
    "Planning Time": 1.391,
    "Triggers": [],
    "Execution Time": 41.598
  }
]