[
  {
    "Plan": {
      "Node Type": "Aggregate",
      "Strategy": "Plain",
      "Partial Mode": "Finalize",
      "Parallel Aware": false,
      "Startup Cost": 388425.18,
      "Total Cost": 388425.19,
      "Plan Rows": 1,
      "Plan Width": 8,
      "Actual Startup Time": 1659.536,
      "Actual Total Time": 1717.651,
      "Actual Rows": 1,
      "Actual Loops": 1,
      "Plans": [
        {
          "Node Type": "Gather",
          "Parent Relationship": "Outer",
          "Parallel Aware": false,
          "Startup Cost": 388424.56,
          "Total Cost": 388425.17,
          "Plan Rows": 6,
          "Plan Width": 8,
          "Actual Startup Time": 1657.552,
          "Actual Total Time": 1717.637,
          "Actual Rows": 7,
          "Actual Loops": 1,
          "Workers Planned": 6,
          "Workers Launched": 6,
          "Single Copy": false,
          "Plans": [
            {
              "Node Type": "Aggregate",
              "Strategy": "Plain",
              "Partial Mode": "Partial",
              "Parent Relationship": "Outer",
              "Parallel Aware": false,
              "Startup Cost": 387424.56,
              "Total Cost": 387424.57,
              "Plan Rows": 1,
              "Plan Width": 8,
              "Actual Startup Time": 1647.377,
              "Actual Total Time": 1647.382,
              "Actual Rows": 1,
              "Actual Loops": 7,
              "Plans": [
                {
                  "Node Type": "Hash Join",
                  "Parent Relationship": "Outer",
                  "Parallel Aware": true,
                  "Join Type": "Inner",
                  "Startup Cost": 45990.74,
                  "Total Cost": 386657.2,
                  "Plan Rows": 306944,
                  "Plan Width": 0,
                  "Actual Startup Time": 120.565,
                  "Actual Total Time": 1623.216,
                  "Actual Rows": 383139,
                  "Actual Loops": 7,
                  "Inner Unique": true,
                  "Hash Cond": "(ci.movie_id = t.id)",
                  "Plans": [
                    {
                      "Node Type": "Seq Scan",
                      "Parent Relationship": "Outer",
                      "Parallel Aware": true,
                      "Relation Name": "cast_info",
                      "Alias": "ci",
                      "Startup Cost": 0.0,
                      "Total Cost": 328211.39,
                      "Plan Rows": 4744780,
                      "Plan Width": 4,
                      "Actual Startup Time": 0.036,
                      "Actual Total Time": 745.009,
                      "Actual Rows": 4071507,
                      "Actual Loops": 7,
                      "Filter": "(person_id < 2903072)",
                      "Rows Removed by Filter": 1106257
                    },
                    {
                      "Node Type": "Hash",
                      "Parent Relationship": "Inner",
                      "Parallel Aware": true,
                      "Startup Cost": 45479.59,
                      "Total Cost": 45479.59,
                      "Plan Rows": 40892,
                      "Plan Width": 4,
                      "Actual Startup Time": 118.568,
                      "Actual Total Time": 118.57,
                      "Actual Rows": 39404,
                      "Actual Loops": 7,
                      "Hash Buckets": 524288,
                      "Original Hash Buckets": 262144,
                      "Hash Batches": 1,
                      "Original Hash Batches": 1,
                      "Peak Memory Usage": 17056,
                      "Plans": [
                        {
                          "Node Type": "Seq Scan",
                          "Parent Relationship": "Outer",
                          "Parallel Aware": true,
                          "Relation Name": "title",
                          "Alias": "t",
                          "Startup Cost": 0.0,
                          "Total Cost": 45479.59,
                          "Plan Rows": 40892,
                          "Plan Width": 4,
                          "Actual Startup Time": 0.151,
                          "Actual Total Time": 87.646,
                          "Actual Rows": 39404,
                          "Actual Loops": 7,
                          "Filter": "((kind_id < 7) AND (production_year < 1975))",
                          "Rows Removed by Filter": 321783
                        }
                      ]
                    }
                  ]
                }
              ]
            }
          ]
        }
      ]
    },
    "Planning Time": 0.614,
    "Triggers": [],
    "Execution Time": 1717.737
  }
]