[
  {
    "Plan": {
      "Node Type": "Aggregate",
      "Strategy": "Plain",
      "Partial Mode": "Finalize",
      "Parallel Aware": false,
      "Startup Cost": 388383.79,
      "Total Cost": 388383.8,
      "Plan Rows": 1,
      "Plan Width": 8,
      "Actual Startup Time": 1368.968,
      "Actual Total Time": 1438.976,
      "Actual Rows": 1,
      "Actual Loops": 1,
      "Plans": [
        {
          "Node Type": "Gather",
          "Parent Relationship": "Outer",
          "Parallel Aware": false,
          "Startup Cost": 388383.17,
          "Total Cost": 388383.78,
          "Plan Rows": 6,
          "Plan Width": 8,
          "Actual Startup Time": 1366.953,
          "Actual Total Time": 1438.965,
          "Actual Rows": 7,
          "Actual Loops": 1,
          "Workers Planned": 6,
          "Workers Launched": 6,
          "Single Copy": false,
          "Plans": [
            {
              "Node Type": "Aggregate",
              "Strategy": "Plain",
              "Partial Mode": "Partial",
              "Parent Relationship": "Outer",
              "Parallel Aware": false,
              "Startup Cost": 387383.17,
              "Total Cost": 387383.18,
              "Plan Rows": 1,
              "Plan Width": 8,
              "Actual Startup Time": 1356.412,
              "Actual Total Time": 1356.415,
              "Actual Rows": 1,
              "Actual Loops": 7,
              "Plans": [
                {
                  "Node Type": "Hash Join",
                  "Parent Relationship": "Outer",
                  "Parallel Aware": true,
                  "Join Type": "Inner",
                  "Startup Cost": 46002.55,
                  "Total Cost": 386598.62,
                  "Plan Rows": 313818,
                  "Plan Width": 0,
                  "Actual Startup Time": 99.598,
                  "Actual Total Time": 1337.921,
                  "Actual Rows": 383139,
                  "Actual Loops": 7,
                  "Inner Unique": true,
                  "Hash Cond": "(ci.movie_id = t.id)",
                  "Plans": [
                    {
                      "Node Type": "Seq Scan",
                      "Parent Relationship": "Outer",
                      "Parallel Aware": true,
                      "Relation Name": "cast_info",
                      "Alias": "ci",
                      "Startup Cost": 0.0,
                      "Total Cost": 328162.03,
                      "Plan Rows": 4736772,
                      "Plan Width": 4,
                      "Actual Startup Time": 0.02,
                      "Actual Total Time": 629.911,
                      "Actual Rows": 4071507,
                      "Actual Loops": 7,
                      "Filter": "(person_id < 2903072)",
                      "Rows Removed by Filter": 1106257
                    },
                    {
                      "Node Type": "Hash",
                      "Parent Relationship": "Inner",
                      "Parallel Aware": true,
                      "Startup Cost": 45479.1,
                      "Total Cost": 45479.1,
                      "Plan Rows": 41876,
                      "Plan Width": 4,
                      "Actual Startup Time": 97.705,
                      "Actual Total Time": 97.706,
                      "Actual Rows": 39404,
                      "Actual Loops": 7,
                      "Hash Buckets": 524288,
                      "Original Hash Buckets": 262144,
                      "Hash Batches": 1,
                      "Original Hash Batches": 1,
                      "Peak Memory Usage": 17088,
                      "Plans": [
                        {
                          "Node Type": "Seq Scan",
                          "Parent Relationship": "Outer",
                          "Parallel Aware": true,
                          "Relation Name": "title",
                          "Alias": "t",
                          "Startup Cost": 0.0,
                          "Total Cost": 45479.1,
                          "Plan Rows": 41876,
                          "Plan Width": 4,
                          "Actual Startup Time": 0.09,
                          "Actual Total Time": 74.963,
                          "Actual Rows": 39404,
                          "Actual Loops": 7,
                          "Filter": "((kind_id < 7) AND (production_year < 1975))",
                          "Rows Removed by Filter": 321783
                        }
                      ]
                    }
                  ]
                }
              ]
            }
          ]
        }
      ]
    },
    "Planning Time": 0.608,
    "Triggers": [],
    "Execution Time": 1439.065
  }
]