[
  {
    "Plan": {
      "Node Type": "Aggregate",
      "Strategy": "Plain",
      "Partial Mode": "Finalize",
      "Parallel Aware": false,
      "Startup Cost": 45857.9,
      "Total Cost": 45857.91,
      "Plan Rows": 1,
      "Plan Width": 8,
      "Actual Startup Time": 132.151,
      "Actual Total Time": 141.468,
      "Actual Rows": 1,
      "Actual Loops": 1,
      "Plans": [
        {
          "Node Type": "Gather",
          "Parent Relationship": "Outer",
          "Parallel Aware": false,
          "Startup Cost": 45857.59,
          "Total Cost": 45857.9,
          "Plan Rows": 3,
          "Plan Width": 8,
          "Actual Startup Time": 131.997,
          "Actual Total Time": 141.46,
          "Actual Rows": 4,
          "Actual Loops": 1,
          "Workers Planned": 3,
          "Workers Launched": 3,
          "Single Copy": false,
          "Plans": [
            {
              "Node Type": "Aggregate",
              "Strategy": "Plain",
              "Partial Mode": "Partial",
              "Parent Relationship": "Outer",
              "Parallel Aware": false,
              "Startup Cost": 44857.59,
              "Total Cost": 44857.6,
              "Plan Rows": 1,
              "Plan Width": 8,
              "Actual Startup Time": 128.938,
              "Actual Total Time": 128.94,
              "Actual Rows": 1,
              "Actual Loops": 4,
              "Plans": [
                {
                  "Node Type": "Seq Scan",
                  "Parent Relationship": "Outer",
                  "Parallel Aware": true,
                  "Relation Name": "movie_keyword",
                  "Alias": "mk",
                  "Startup Cost": 0.0,
                  "Total Cost": 42695.65,
                  "Plan Rows": 864773,
                  "Plan Width": 0,
                  "Actual Startup Time": 0.023,
                  "Actual Total Time": 101.569,
                  "Actual Rows": 671588,
                  "Actual Loops": 4,
                  "Filter": "(keyword_id < 7581)",
                  "Rows Removed by Filter": 459394
                }
              ]
            }
          ]
        }
      ]
    },
    "Planning Time": 0.081,
    "Triggers": [],
    "Execution Time": 141.497
  }
]