[
  {
    "Plan": {
      "Node Type": "Aggregate",
      "Strategy": "Plain",
      "Partial Mode": "Finalize",
      "Parallel Aware": false,
      "Startup Cost": 45854.47,
      "Total Cost": 45854.48,
      "Plan Rows": 1,
      "Plan Width": 8,
      "Actual Startup Time": 157.302,
      "Actual Total Time": 168.65,
      "Actual Rows": 1,
      "Actual Loops": 1,
      "Plans": [
        {
          "Node Type": "Gather",
          "Parent Relationship": "Outer",
          "Parallel Aware": false,
          "Startup Cost": 45854.15,
          "Total Cost": 45854.46,
          "Plan Rows": 3,
          "Plan Width": 8,
          "Actual Startup Time": 157.162,
          "Actual Total Time": 168.635,
          "Actual Rows": 4,
          "Actual Loops": 1,
          "Workers Planned": 3,
          "Workers Launched": 3,
          "Single Copy": false,
          "Plans": [
            {
              "Node Type": "Aggregate",
              "Strategy": "Plain",
              "Partial Mode": "Partial",
              "Parent Relationship": "Outer",
              "Parallel Aware": false,
              "Startup Cost": 44854.15,
              "Total Cost": 44854.16,
              "Plan Rows": 1,
              "Plan Width": 8,
              "Actual Startup Time": 153.437,
              "Actual Total Time": 153.439,
              "Actual Rows": 1,
              "Actual Loops": 4,
              "Plans": [
                {
                  "Node Type": "Seq Scan",
                  "Parent Relationship": "Outer",
                  "Parallel Aware": true,
                  "Relation Name": "movie_keyword",
                  "Alias": "mk",
                  "Startup Cost": 0.0,
                  "Total Cost": 42695.65,
                  "Plan Rows": 863399,
                  "Plan Width": 0,
                  "Actual Startup Time": 0.031,
                  "Actual Total Time": 121.802,
                  "Actual Rows": 670798,
                  "Actual Loops": 4,
                  "Filter": "(keyword_id < 7560)",
                  "Rows Removed by Filter": 460185
                }
              ]
            }
          ]
        }
      ]
    },
    "Planning Time": 0.142,
    "Triggers": [],
    "Execution Time": 168.697
  }
]