[
    {
        "Bao": {
            "Bao prediction": "NaN",
            "Bao recommended hint": "(no hint)"
        }
    },
    {
        "Plan": {
            "Node Type": "Aggregate",
            "Strategy": "Plain",
            "Partial Mode": "Finalize",
            "Parallel Aware": false,
            "Startup Cost": 60226.77,
            "Total Cost": 60226.78,
            "Plan Rows": 1,
            "Plan Width": 8,
            "Actual Startup Time": 103.275,
            "Actual Total Time": 113.202,
            "Actual Rows": 1,
            "Actual Loops": 1,
            "Output": [
                "count(*)"
            ],
            "Plans": [
                {
                    "Node Type": "Gather",
                    "Parent Relationship": "Outer",
                    "Parallel Aware": false,
                    "Startup Cost": 60226.35,
                    "Total Cost": 60226.76,
                    "Plan Rows": 4,
                    "Plan Width": 8,
                    "Actual Startup Time": 103.012,
                    "Actual Total Time": 113.195,
                    "Actual Rows": 5,
                    "Actual Loops": 1,
                    "Output": [
                        "(PARTIAL count(*))"
                    ],
                    "Workers Planned": 4,
                    "Workers Launched": 4,
                    "Single Copy": false,
                    "Plans": [
                        {
                            "Node Type": "Aggregate",
                            "Strategy": "Plain",
                            "Partial Mode": "Partial",
                            "Parent Relationship": "Outer",
                            "Parallel Aware": false,
                            "Startup Cost": 59226.35,
                            "Total Cost": 59226.36,
                            "Plan Rows": 1,
                            "Plan Width": 8,
                            "Actual Startup Time": 93.546,
                            "Actual Total Time": 93.548,
                            "Actual Rows": 1,
                            "Actual Loops": 5,
                            "Output": [
                                "PARTIAL count(*)"
                            ],
                            "Workers": [
                                {
                                    "Worker Number": 0,
                                    "Actual Startup Time": 90.714,
                                    "Actual Total Time": 90.716,
                                    "Actual Rows": 1,
                                    "Actual Loops": 1
                                },
                                {
                                    "Worker Number": 1,
                                    "Actual Startup Time": 91.156,
                                    "Actual Total Time": 91.158,
                                    "Actual Rows": 1,
                                    "Actual Loops": 1
                                },
                                {
                                    "Worker Number": 2,
                                    "Actual Startup Time": 91.45,
                                    "Actual Total Time": 91.451,
                                    "Actual Rows": 1,
                                    "Actual Loops": 1
                                },
                                {
                                    "Worker Number": 3,
                                    "Actual Startup Time": 91.819,
                                    "Actual Total Time": 91.821,
                                    "Actual Rows": 1,
                                    "Actual Loops": 1
                                }
                            ],
                            "Plans": [
                                {
                                    "Node Type": "Nested Loop",
                                    "Parent Relationship": "Outer",
                                    "Parallel Aware": false,
                                    "Join Type": "Inner",
                                    "Startup Cost": 1.0,
                                    "Total Cost": 59171.74,
                                    "Plan Rows": 21846,
                                    "Plan Width": 0,
                                    "Actual Startup Time": 3.4,
                                    "Actual Total Time": 93.193,
                                    "Actual Rows": 4359,
                                    "Actual Loops": 5,
                                    "Inner Unique": false,
                                    "Join Filter": "(t.id = ci.movie_id)",
                                    "Rows Removed by Join Filter": 0,
                                    "Workers": [
                                        {
                                            "Worker Number": 0,
                                            "Actual Startup Time": 5.366,
                                            "Actual Total Time": 90.474,
                                            "Actual Rows": 3045,
                                            "Actual Loops": 1
                                        },
                                        {
                                            "Worker Number": 1,
                                            "Actual Startup Time": 6.751,
                                            "Actual Total Time": 90.903,
                                            "Actual Rows": 2279,
                                            "Actual Loops": 1
                                        },
                                        {
                                            "Worker Number": 2,
                                            "Actual Startup Time": 3.622,
                                            "Actual Total Time": 91.178,
                                            "Actual Rows": 3535,
                                            "Actual Loops": 1
                                        },
                                        {
                                            "Worker Number": 3,
                                            "Actual Startup Time": 0.762,
                                            "Actual Total Time": 91.416,
                                            "Actual Rows": 4615,
                                            "Actual Loops": 1
                                        }
                                    ],
                                    "Plans": [
                                        {
                                            "Node Type": "Nested Loop",
                                            "Parent Relationship": "Outer",
                                            "Parallel Aware": false,
                                            "Join Type": "Inner",
                                            "Startup Cost": 0.43,
                                            "Total Cost": 55229.37,
                                            "Plan Rows": 1934,
                                            "Plan Width": 8,
                                            "Actual Startup Time": 3.104,
                                            "Actual Total Time": 81.957,
                                            "Actual Rows": 631,
                                            "Actual Loops": 5,
                                            "Output": [
                                                "t.id",
                                                "mk.movie_id"
                                            ],
                                            "Inner Unique": false,
                                            "Workers": [
                                                {
                                                    "Worker Number": 0,
                                                    "Actual Startup Time": 5.123,
                                                    "Actual Total Time": 80.545,
                                                    "Actual Rows": 475,
                                                    "Actual Loops": 1
                                                },
                                                {
                                                    "Worker Number": 1,
                                                    "Actual Startup Time": 6.373,
                                                    "Actual Total Time": 79.156,
                                                    "Actual Rows": 383,
                                                    "Actual Loops": 1
                                                },
                                                {
                                                    "Worker Number": 2,
                                                    "Actual Startup Time": 3.294,
                                                    "Actual Total Time": 80.102,
                                                    "Actual Rows": 607,
                                                    "Actual Loops": 1
                                                },
                                                {
                                                    "Worker Number": 3,
                                                    "Actual Startup Time": 0.263,
                                                    "Actual Total Time": 78.438,
                                                    "Actual Rows": 627,
                                                    "Actual Loops": 1
                                                }
                                            ],
                                            "Plans": [
                                                {
                                                    "Node Type": "Seq Scan",
                                                    "Parent Relationship": "Outer",
                                                    "Parallel Aware": true,
                                                    "Relation Name": "title",
                                                    "Schema": "public",
                                                    "Alias": "t",
                                                    "Startup Cost": 0.0,
                                                    "Total Cost": 45479.21,
                                                    "Plan Rows": 1081,
                                                    "Plan Width": 4,
                                                    "Actual Startup Time": 0.523,
                                                    "Actual Total Time": 77.716,
                                                    "Actual Rows": 661,
                                                    "Actual Loops": 5,
                                                    "Output": [
                                                        "t.id",
                                                        "t.title",
                                                        "t.imdb_index",
                                                        "t.kind_id",
                                                        "t.production_year",
                                                        "t.imdb_id",
                                                        "t.phonetic_code",
                                                        "t.episode_of_id",
                                                        "t.season_nr",
                                                        "t.episode_nr",
                                                        "t.series_years",
                                                        "t.md5sum"
                                                    ],
                                                    "Filter": "((t.kind_id > 3) AND (t.production_year = 1952))",
                                                    "Rows Removed by Filter": 505002,
                                                    "Workers": [
                                                        {
                                                            "Worker Number": 0,
                                                            "Actual Startup Time": 1.671,
                                                            "Actual Total Time": 76.212,
                                                            "Actual Rows": 608,
                                                            "Actual Loops": 1
                                                        },
                                                        {
                                                            "Worker Number": 1,
                                                            "Actual Startup Time": 0.093,
                                                            "Actual Total Time": 74.449,
                                                            "Actual Rows": 435,
                                                            "Actual Loops": 1
                                                        },
                                                        {
                                                            "Worker Number": 2,
                                                            "Actual Startup Time": 0.666,
                                                            "Actual Total Time": 75.684,
                                                            "Actual Rows": 634,
                                                            "Actual Loops": 1
                                                        },
                                                        {
                                                            "Worker Number": 3,
                                                            "Actual Startup Time": 0.059,
                                                            "Actual Total Time": 73.867,
                                                            "Actual Rows": 598,
                                                            "Actual Loops": 1
                                                        }
                                                    ]
                                                },
                                                {
                                                    "Node Type": "Index Only Scan",
                                                    "Parent Relationship": "Inner",
                                                    "Parallel Aware": false,
                                                    "Scan Direction": "Forward",
                                                    "Index Name": "movie_id_movie_keyword",
                                                    "Relation Name": "movie_keyword",
                                                    "Schema": "public",
                                                    "Alias": "mk",
                                                    "Startup Cost": 0.43,
                                                    "Total Cost": 8.56,
                                                    "Plan Rows": 46,
                                                    "Plan Width": 4,
                                                    "Actual Startup Time": 0.005,
                                                    "Actual Total Time": 0.006,
                                                    "Actual Rows": 1,
                                                    "Actual Loops": 3303,
                                                    "Output": [
                                                        "mk.movie_id"
                                                    ],
                                                    "Index Cond": "(mk.movie_id = t.id)",
                                                    "Rows Removed by Index Recheck": 0,
                                                    "Heap Fetches": 3156,
                                                    "Workers": [
                                                        {
                                                            "Worker Number": 0,
                                                            "Actual Startup Time": 0.006,
                                                            "Actual Total Time": 0.006,
                                                            "Actual Rows": 1,
                                                            "Actual Loops": 608
                                                        },
                                                        {
                                                            "Worker Number": 1,
                                                            "Actual Startup Time": 0.009,
                                                            "Actual Total Time": 0.01,
                                                            "Actual Rows": 1,
                                                            "Actual Loops": 435
                                                        },
                                                        {
                                                            "Worker Number": 2,
                                                            "Actual Startup Time": 0.006,
                                                            "Actual Total Time": 0.006,
                                                            "Actual Rows": 1,
                                                            "Actual Loops": 634
                                                        },
                                                        {
                                                            "Worker Number": 3,
                                                            "Actual Startup Time": 0.007,
                                                            "Actual Total Time": 0.007,
                                                            "Actual Rows": 1,
                                                            "Actual Loops": 598
                                                        }
                                                    ]
                                                }
                                            ]
                                        },
                                        {
                                            "Node Type": "Index Scan",
                                            "Parent Relationship": "Inner",
                                            "Parallel Aware": false,
                                            "Scan Direction": "Forward",
                                            "Index Name": "movie_id_cast_info",
                                            "Relation Name": "cast_info",
                                            "Schema": "public",
                                            "Alias": "ci",
                                            "Startup Cost": 0.56,
                                            "Total Cost": 1.66,
                                            "Plan Rows": 30,
                                            "Plan Width": 4,
                                            "Actual Startup Time": 0.008,
                                            "Actual Total Time": 0.016,
                                            "Actual Rows": 7,
                                            "Actual Loops": 3156,
                                            "Output": [
                                                "ci.id",
                                                "ci.person_id",
                                                "ci.movie_id",
                                                "ci.person_role_id",
                                                "ci.note",
                                                "ci.nr_order",
                                                "ci.role_id"
                                            ],
                                            "Index Cond": "(ci.movie_id = mk.movie_id)",
                                            "Rows Removed by Index Recheck": 0,
                                            "Filter": "(ci.person_id > 770856)",
                                            "Rows Removed by Filter": 4,
                                            "Workers": [
                                                {
                                                    "Worker Number": 0,
                                                    "Actual Startup Time": 0.01,
                                                    "Actual Total Time": 0.02,
                                                    "Actual Rows": 6,
                                                    "Actual Loops": 475
                                                },
                                                {
                                                    "Worker Number": 1,
                                                    "Actual Startup Time": 0.015,
                                                    "Actual Total Time": 0.029,
                                                    "Actual Rows": 6,
                                                    "Actual Loops": 383
                                                },
                                                {
                                                    "Worker Number": 2,
                                                    "Actual Startup Time": 0.009,
                                                    "Actual Total Time": 0.017,
                                                    "Actual Rows": 6,
                                                    "Actual Loops": 607
                                                },
                                                {
                                                    "Worker Number": 3,
                                                    "Actual Startup Time": 0.009,
                                                    "Actual Total Time": 0.019,
                                                    "Actual Rows": 7,
                                                    "Actual Loops": 627
                                                }
                                            ]
                                        }
                                    ]
                                }
                            ]
                        }
                    ]
                }
            ]
        },
        "Planning Time": 278.545,
        "Triggers": [],
        "Execution Time": 113.28
    }
]