[
  {
    "Plan": {
      "Node Type": "Aggregate",
      "Strategy": "Plain",
      "Partial Mode": "Finalize",
      "Parallel Aware": false,
      "Startup Cost": 47804.73,
      "Total Cost": 47804.74,
      "Plan Rows": 1,
      "Plan Width": 8,
      "Actual Startup Time": 115.125,
      "Actual Total Time": 128.411,
      "Actual Rows": 1,
      "Actual Loops": 1,
      "Plans": [
        {
          "Node Type": "Gather",
          "Parent Relationship": "Outer",
          "Parallel Aware": false,
          "Startup Cost": 47804.41,
          "Total Cost": 47804.72,
          "Plan Rows": 3,
          "Plan Width": 8,
          "Actual Startup Time": 114.824,
          "Actual Total Time": 128.402,
          "Actual Rows": 4,
          "Actual Loops": 1,
          "Workers Planned": 3,
          "Workers Launched": 3,
          "Single Copy": false,
          "Plans": [
            {
              "Node Type": "Aggregate",
              "Strategy": "Plain",
              "Partial Mode": "Partial",
              "Parent Relationship": "Outer",
              "Parallel Aware": false,
              "Startup Cost": 46804.41,
              "Total Cost": 46804.42,
              "Plan Rows": 1,
              "Plan Width": 8,
              "Actual Startup Time": 110.432,
              "Actual Total Time": 110.434,
              "Actual Rows": 1,
              "Actual Loops": 4,
              "Plans": [
                {
                  "Node Type": "Nested Loop",
                  "Parent Relationship": "Outer",
                  "Parallel Aware": false,
                  "Join Type": "Inner",
                  "Startup Cost": 476.4,
                  "Total Cost": 46783.73,
                  "Plan Rows": 8274,
                  "Plan Width": 0,
                  "Actual Startup Time": 1.356,
                  "Actual Total Time": 104.977,
                  "Actual Rows": 96978,
                  "Actual Loops": 4,
                  "Inner Unique": false,
                  "Plans": [
                    {
                      "Node Type": "Nested Loop",
                      "Parent Relationship": "Outer",
                      "Parallel Aware": false,
                      "Join Type": "Inner",
                      "Startup Cost": 475.96,
                      "Total Cost": 43347.05,
                      "Plan Rows": 1409,
                      "Plan Width": 8,
                      "Actual Startup Time": 1.242,
                      "Actual Total Time": 23.014,
                      "Actual Rows": 5239,
                      "Actual Loops": 4,
                      "Inner Unique": true,
                      "Plans": [
                        {
                          "Node Type": "Bitmap Heap Scan",
                          "Parent Relationship": "Outer",
                          "Parallel Aware": true,
                          "Relation Name": "movie_companies",
                          "Alias": "mc",
                          "Startup Cost": 475.53,
                          "Total Cost": 20307.74,
                          "Plan Rows": 3612,
                          "Plan Width": 4,
                          "Actual Startup Time": 1.138,
                          "Actual Total Time": 3.745,
                          "Actual Rows": 5239,
                          "Actual Loops": 4,
                          "Recheck Cond": "(company_id > 215514)",
                          "Rows Removed by Index Recheck": 0,
                          "Filter": "(company_type_id > 1)",
                          "Rows Removed by Filter": 0,
                          "Exact Heap Blocks": 311,
                          "Lossy Heap Blocks": 0,
                          "Plans": [
                            {
                              "Node Type": "Bitmap Index Scan",
                              "Parent Relationship": "Outer",
                              "Parallel Aware": false,
                              "Index Name": "company_id_movie_companies",
                              "Startup Cost": 0.0,
                              "Total Cost": 472.73,
                              "Plan Rows": 21907,
                              "Plan Width": 0,
                              "Actual Startup Time": 4.102,
                              "Actual Total Time": 4.103,
                              "Actual Rows": 20957,
                              "Actual Loops": 1,
                              "Index Cond": "(company_id > 215514)"
                            }
                          ]
                        },
                        {
                          "Node Type": "Index Scan",
                          "Parent Relationship": "Inner",
                          "Parallel Aware": false,
                          "Scan Direction": "Forward",
                          "Index Name": "title_pkey",
                          "Relation Name": "title",
                          "Alias": "t",
                          "Startup Cost": 0.43,
                          "Total Cost": 6.38,
                          "Plan Rows": 1,
                          "Plan Width": 4,
                          "Actual Startup Time": 0.003,
                          "Actual Total Time": 0.003,
                          "Actual Rows": 1,
                          "Actual Loops": 20957,
                          "Index Cond": "(id = mc.movie_id)",
                          "Rows Removed by Index Recheck": 0,
                          "Filter": "(kind_id < 7)",
                          "Rows Removed by Filter": 0
                        }
                      ]
                    },
                    {
                      "Node Type": "Index Only Scan",
                      "Parent Relationship": "Inner",
                      "Parallel Aware": false,
                      "Scan Direction": "Forward",
                      "Index Name": "movie_id_movie_info",
                      "Relation Name": "movie_info",
                      "Alias": "mi",
                      "Startup Cost": 0.43,
                      "Total Cost": 2.03,
                      "Plan Rows": 41,
                      "Plan Width": 4,
                      "Actual Startup Time": 0.004,
                      "Actual Total Time": 0.014,
                      "Actual Rows": 19,
                      "Actual Loops": 20957,
                      "Index Cond": "(movie_id = t.id)",
                      "Rows Removed by Index Recheck": 0,
                      "Heap Fetches": 387913
                    }
                  ]
                }
              ]
            }
          ]
        }
      ]
    },
    "Planning Time": 0.946,
    "Triggers": [],
    "Execution Time": 128.482
  }
]