{
  "Plan": {
    "Node Type": "Aggregate",
    "Strategy": "Plain",
    "Partial Mode": "Finalize",
    "Parallel Aware": false,
    "Startup Cost": 313781.1,
    "Total Cost": 313781.11,
    "Plan Rows": 1,
    "Plan Width": 8,
    "Actual Startup Time": 1493.703,
    "Actual Total Time": 1515.899,
    "Actual Rows": 1,
    "Actual Loops": 1,
    "Plans": [
      {
        "Node Type": "Gather",
        "Parent Relationship": "Outer",
        "Parallel Aware": false,
        "Startup Cost": 313780.99,
        "Total Cost": 313781.1,
        "Plan Rows": 1,
        "Plan Width": 8,
        "Actual Startup Time": 1492.949,
        "Actual Total Time": 1515.892,
        "Actual Rows": 2,
        "Actual Loops": 1,
        "Workers Planned": 1,
        "Workers Launched": 1,
        "Single Copy": false,
        "Plans": [
          {
            "Node Type": "Aggregate",
            "Strategy": "Plain",
            "Partial Mode": "Partial",
            "Parent Relationship": "Outer",
            "Parallel Aware": false,
            "Startup Cost": 312780.99,
            "Total Cost": 312781.0,
            "Plan Rows": 1,
            "Plan Width": 8,
            "Actual Startup Time": 1487.004,
            "Actual Total Time": 1487.007,
            "Actual Rows": 1,
            "Actual Loops": 2,
            "Plans": [
              {
                "Node Type": "Hash Join",
                "Parent Relationship": "Outer",
                "Parallel Aware": true,
                "Join Type": "Inner",
                "Startup Cost": 60701.21,
                "Total Cost": 311307.65,
                "Plan Rows": 589336,
                "Plan Width": 0,
                "Actual Startup Time": 186.13,
                "Actual Total Time": 1457.212,
                "Actual Rows": 692369,
                "Actual Loops": 2,
                "Inner Unique": true,
                "Hash Cond": "(ci.movie_id = t.id)",
                "Plans": [
                  {
                    "Node Type": "Index Scan",
                    "Parent Relationship": "Outer",
                    "Parallel Aware": true,
                    "Scan Direction": "Forward",
                    "Index Name": "role_id_cast_info",
                    "Relation Name": "cast_info",
                    "Alias": "ci",
                    "Startup Cost": 0.56,
                    "Total Cost": 238594.73,
                    "Plan Rows": 4576095,
                    "Plan Width": 4,
                    "Actual Startup Time": 0.065,
                    "Actual Total Time": 518.751,
                    "Actual Rows": 3856320,
                    "Actual Loops": 2,
                    "Index Cond": "(role_id > 6)",
                    "Rows Removed by Index Recheck": 0
                  },
                  {
                    "Node Type": "Hash",
                    "Parent Relationship": "Inner",
                    "Parallel Aware": true,
                    "Startup Cost": 58306.47,
                    "Total Cost": 58306.47,
                    "Plan Rows": 191534,
                    "Plan Width": 4,
                    "Actual Startup Time": 180.506,
                    "Actual Total Time": 180.507,
                    "Actual Rows": 174767,
                    "Actual Loops": 2,
                    "Hash Buckets": 524288,
                    "Original Hash Buckets": 524288,
                    "Hash Batches": 1,
                    "Original Hash Batches": 1,
                    "Peak Memory Usage": 17824,
                    "Plans": [
                      {
                        "Node Type": "Seq Scan",
                        "Parent Relationship": "Outer",
                        "Parallel Aware": true,
                        "Relation Name": "title",
                        "Alias": "t",
                        "Startup Cost": 0.0,
                        "Total Cost": 58306.47,
                        "Plan Rows": 191534,
                        "Plan Width": 4,
                        "Actual Startup Time": 0.06,
                        "Actual Total Time": 136.879,
                        "Actual Rows": 174767,
                        "Actual Loops": 2,
                        "Filter": "((production_year > 2009) AND (kind_id = 7))",
                        "Rows Removed by Filter": 1089389
                      }
                    ]
                  }
                ]
              }
            ]
          }
        ]
      }
    ]
  },
  "Planning Time": 0.522,
  "Triggers": [],
  "Execution Time": 1515.981
}