[
  {
    "Plan": {
      "Node Type": "Aggregate",
      "Strategy": "Plain",
      "Partial Mode": "Finalize",
      "Parallel Aware": false,
      "Startup Cost": 69813.86,
      "Total Cost": 69813.87,
      "Plan Rows": 1,
      "Plan Width": 8,
      "Actual Startup Time": 164.823,
      "Actual Total Time": 178.633,
      "Actual Rows": 1,
      "Actual Loops": 1,
      "Plans": [
        {
          "Node Type": "Gather",
          "Parent Relationship": "Outer",
          "Parallel Aware": false,
          "Startup Cost": 69813.54,
          "Total Cost": 69813.85,
          "Plan Rows": 3,
          "Plan Width": 8,
          "Actual Startup Time": 162.744,
          "Actual Total Time": 178.627,
          "Actual Rows": 4,
          "Actual Loops": 1,
          "Workers Planned": 3,
          "Workers Launched": 3,
          "Single Copy": false,
          "Plans": [
            {
              "Node Type": "Aggregate",
              "Strategy": "Plain",
              "Partial Mode": "Partial",
              "Parent Relationship": "Outer",
              "Parallel Aware": false,
              "Startup Cost": 68813.54,
              "Total Cost": 68813.55,
              "Plan Rows": 1,
              "Plan Width": 8,
              "Actual Startup Time": 156.785,
              "Actual Total Time": 156.789,
              "Actual Rows": 1,
              "Actual Loops": 4,
              "Plans": [
                {
                  "Node Type": "Nested Loop",
                  "Parent Relationship": "Outer",
                  "Parallel Aware": false,
                  "Join Type": "Inner",
                  "Startup Cost": 34119.94,
                  "Total Cost": 68808.99,
                  "Plan Rows": 1820,
                  "Plan Width": 0,
                  "Actual Startup Time": 114.977,
                  "Actual Total Time": 156.437,
                  "Actual Rows": 2958,
                  "Actual Loops": 4,
                  "Inner Unique": true,
                  "Plans": [
                    {
                      "Node Type": "Hash Join",
                      "Parent Relationship": "Outer",
                      "Parallel Aware": true,
                      "Join Type": "Inner",
                      "Startup Cost": 34119.51,
                      "Total Cost": 61674.38,
                      "Plan Rows": 9053,
                      "Plan Width": 8,
                      "Actual Startup Time": 114.874,
                      "Actual Total Time": 134.79,
                      "Actual Rows": 2958,
                      "Actual Loops": 4,
                      "Inner Unique": false,
                      "Hash Cond": "(mk.movie_id = mc.movie_id)",
                      "Plans": [
                        {
                          "Node Type": "Bitmap Heap Scan",
                          "Parent Relationship": "Outer",
                          "Parallel Aware": true,
                          "Relation Name": "movie_keyword",
                          "Alias": "mk",
                          "Startup Cost": 573.63,
                          "Total Cost": 26249.07,
                          "Plan Rows": 8707,
                          "Plan Width": 4,
                          "Actual Startup Time": 4.412,
                          "Actual Total Time": 20.095,
                          "Actual Rows": 7360,
                          "Actual Loops": 4,
                          "Recheck Cond": "(keyword_id = 359)",
                          "Rows Removed by Index Recheck": 0,
                          "Exact Heap Blocks": 5880,
                          "Lossy Heap Blocks": 0,
                          "Plans": [
                            {
                              "Node Type": "Bitmap Index Scan",
                              "Parent Relationship": "Outer",
                              "Parallel Aware": false,
                              "Index Name": "keyword_id_movie_keyword",
                              "Startup Cost": 0.0,
                              "Total Cost": 566.88,
                              "Plan Rows": 26993,
                              "Plan Width": 0,
                              "Actual Startup Time": 2.475,
                              "Actual Total Time": 2.476,
                              "Actual Rows": 29440,
                              "Actual Loops": 1,
                              "Index Cond": "(keyword_id = 359)"
                            }
                          ]
                        },
                        {
                          "Node Type": "Hash",
                          "Parent Relationship": "Inner",
                          "Parallel Aware": true,
                          "Startup Cost": 31414.82,
                          "Total Cost": 31414.82,
                          "Plan Rows": 170485,
                          "Plan Width": 4,
                          "Actual Startup Time": 106.907,
                          "Actual Total Time": 106.908,
                          "Actual Rows": 79259,
                          "Actual Loops": 4,
                          "Hash Buckets": 1048576,
                          "Original Hash Buckets": 1048576,
                          "Hash Batches": 1,
                          "Original Hash Batches": 1,
                          "Peak Memory Usage": 20672,
                          "Plans": [
                            {
                              "Node Type": "Seq Scan",
                              "Parent Relationship": "Outer",
                              "Parallel Aware": true,
                              "Relation Name": "movie_companies",
                              "Alias": "mc",
                              "Startup Cost": 0.0,
                              "Total Cost": 31414.82,
                              "Plan Rows": 170485,
                              "Plan Width": 4,
                              "Actual Startup Time": 41.076,
                              "Actual Total Time": 75.256,
                              "Actual Rows": 79259,
                              "Actual Loops": 4,
                              "Filter": "((company_id < 5876) AND (company_type_id = 2))",
                              "Rows Removed by Filter": 573023
                            }
                          ]
                        }
                      ]
                    },
                    {
                      "Node Type": "Index Only Scan",
                      "Parent Relationship": "Inner",
                      "Parallel Aware": false,
                      "Scan Direction": "Forward",
                      "Index Name": "title_pkey",
                      "Relation Name": "title",
                      "Alias": "t",
                      "Startup Cost": 0.43,
                      "Total Cost": 0.79,
                      "Plan Rows": 1,
                      "Plan Width": 4,
                      "Actual Startup Time": 0.007,
                      "Actual Total Time": 0.007,
                      "Actual Rows": 1,
                      "Actual Loops": 11833,
                      "Index Cond": "(id = mc.movie_id)",
                      "Rows Removed by Index Recheck": 0,
                      "Heap Fetches": 11833
                    }
                  ]
                }
              ]
            }
          ]
        }
      ]
    },
    "Planning Time": 0.717,
    "Triggers": [],
    "Execution Time": 178.7
  }
]