[
  {
    "Plan": {
      "Node Type": "Aggregate",
      "Strategy": "Plain",
      "Partial Mode": "Finalize",
      "Parallel Aware": false,
      "Startup Cost": 331639.69,
      "Total Cost": 331639.7,
      "Plan Rows": 1,
      "Plan Width": 8,
      "Actual Startup Time": 601.292,
      "Actual Total Time": 660.139,
      "Actual Rows": 1,
      "Actual Loops": 1,
      "Plans": [
        {
          "Node Type": "Gather",
          "Parent Relationship": "Outer",
          "Parallel Aware": false,
          "Startup Cost": 331639.06,
          "Total Cost": 331639.67,
          "Plan Rows": 6,
          "Plan Width": 8,
          "Actual Startup Time": 601.17,
          "Actual Total Time": 660.129,
          "Actual Rows": 7,
          "Actual Loops": 1,
          "Workers Planned": 6,
          "Workers Launched": 6,
          "Single Copy": false,
          "Plans": [
            {
              "Node Type": "Aggregate",
              "Strategy": "Plain",
              "Partial Mode": "Partial",
              "Parent Relationship": "Outer",
              "Parallel Aware": false,
              "Startup Cost": 330639.06,
              "Total Cost": 330639.07,
              "Plan Rows": 1,
              "Plan Width": 8,
              "Actual Startup Time": 590.847,
              "Actual Total Time": 590.848,
              "Actual Rows": 1,
              "Actual Loops": 7,
              "Plans": [
                {
                  "Node Type": "Seq Scan",
                  "Parent Relationship": "Outer",
                  "Parallel Aware": true,
                  "Relation Name": "cast_info",
                  "Alias": "ci",
                  "Startup Cost": 0.0,
                  "Total Cost": 328162.03,
                  "Plan Rows": 990815,
                  "Plan Width": 0,
                  "Actual Startup Time": 361.64,
                  "Actual Total Time": 555.015,
                  "Actual Rows": 821400,
                  "Actual Loops": 7,
                  "Filter": "(person_id > 3071755)",
                  "Rows Removed by Filter": 4356363
                }
              ]
            }
          ]
        }
      ]
    },
    "Planning Time": 0.175,
    "Triggers": [],
    "Execution Time": 660.207
  }
]