[
  {
    "Plan": {
      "Node Type": "Aggregate",
      "Strategy": "Plain",
      "Partial Mode": "Finalize",
      "Parallel Aware": false,
      "Startup Cost": 91265.69,
      "Total Cost": 91265.7,
      "Plan Rows": 1,
      "Plan Width": 8,
      "Actual Startup Time": 304.925,
      "Actual Total Time": 323.341,
      "Actual Rows": 1,
      "Actual Loops": 1,
      "Plans": [
        {
          "Node Type": "Gather",
          "Parent Relationship": "Outer",
          "Parallel Aware": false,
          "Startup Cost": 91265.37,
          "Total Cost": 91265.68,
          "Plan Rows": 3,
          "Plan Width": 8,
          "Actual Startup Time": 303.823,
          "Actual Total Time": 323.33,
          "Actual Rows": 4,
          "Actual Loops": 1,
          "Workers Planned": 3,
          "Workers Launched": 3,
          "Single Copy": false,
          "Plans": [
            {
              "Node Type": "Aggregate",
              "Strategy": "Plain",
              "Partial Mode": "Partial",
              "Parent Relationship": "Outer",
              "Parallel Aware": false,
              "Startup Cost": 90265.37,
              "Total Cost": 90265.38,
              "Plan Rows": 1,
              "Plan Width": 8,
              "Actual Startup Time": 294.925,
              "Actual Total Time": 294.99,
              "Actual Rows": 1,
              "Actual Loops": 4,
              "Plans": [
                {
                  "Node Type": "Hash Join",
                  "Parent Relationship": "Outer",
                  "Parallel Aware": true,
                  "Join Type": "Inner",
                  "Startup Cost": 45804.64,
                  "Total Cost": 90198.72,
                  "Plan Rows": 26659,
                  "Plan Width": 0,
                  "Actual Startup Time": 155.05,
                  "Actual Total Time": 290.161,
                  "Actual Rows": 104944,
                  "Actual Loops": 4,
                  "Inner Unique": true,
                  "Hash Cond": "(mk.movie_id = t.id)",
                  "Plans": [
                    {
                      "Node Type": "Seq Scan",
                      "Parent Relationship": "Outer",
                      "Parallel Aware": true,
                      "Relation Name": "movie_keyword",
                      "Alias": "mk",
                      "Startup Cost": 0.0,
                      "Total Cost": 42695.65,
                      "Plan Rows": 647022,
                      "Plan Width": 4,
                      "Actual Startup Time": 0.398,
                      "Actual Total Time": 107.746,
                      "Actual Rows": 500904,
                      "Actual Loops": 4,
                      "Filter": "(keyword_id > 6243)",
                      "Rows Removed by Filter": 630078
                    },
                    {
                      "Node Type": "Hash",
                      "Parent Relationship": "Inner",
                      "Parallel Aware": true,
                      "Startup Cost": 45479.1,
                      "Total Cost": 45479.1,
                      "Plan Rows": 26043,
                      "Plan Width": 4,
                      "Actual Startup Time": 123.167,
                      "Actual Total Time": 123.168,
                      "Actual Rows": 59975,
                      "Actual Loops": 4,
                      "Hash Buckets": 262144,
                      "Original Hash Buckets": 131072,
                      "Hash Batches": 1,
                      "Original Hash Batches": 1,
                      "Peak Memory Usage": 12480,
                      "Plans": [
                        {
                          "Node Type": "Seq Scan",
                          "Parent Relationship": "Outer",
                          "Parallel Aware": true,
                          "Relation Name": "title",
                          "Alias": "t",
                          "Startup Cost": 0.0,
                          "Total Cost": 45479.1,
                          "Plan Rows": 26043,
                          "Plan Width": 4,
                          "Actual Startup Time": 59.922,
                          "Actual Total Time": 99.643,
                          "Actual Rows": 59975,
                          "Actual Loops": 4,
                          "Filter": "((production_year < 1973) AND (kind_id = 1))",
                          "Rows Removed by Filter": 572103
                        }
                      ]
                    }
                  ]
                }
              ]
            }
          ]
        }
      ]
    },
    "Planning Time": 0.579,
    "Triggers": [],
    "Execution Time": 323.406
  }
]