[
  {
    "Plan": {
      "Node Type": "Aggregate",
      "Strategy": "Plain",
      "Partial Mode": "Finalize",
      "Parallel Aware": false,
      "Startup Cost": 46334.58,
      "Total Cost": 46334.59,
      "Plan Rows": 1,
      "Plan Width": 8,
      "Actual Startup Time": 177.284,
      "Actual Total Time": 186.337,
      "Actual Rows": 1,
      "Actual Loops": 1,
      "Plans": [
        {
          "Node Type": "Gather",
          "Parent Relationship": "Outer",
          "Parallel Aware": false,
          "Startup Cost": 46334.26,
          "Total Cost": 46334.57,
          "Plan Rows": 3,
          "Plan Width": 8,
          "Actual Startup Time": 177.173,
          "Actual Total Time": 186.329,
          "Actual Rows": 4,
          "Actual Loops": 1,
          "Workers Planned": 3,
          "Workers Launched": 3,
          "Single Copy": false,
          "Plans": [
            {
              "Node Type": "Aggregate",
              "Strategy": "Plain",
              "Partial Mode": "Partial",
              "Parent Relationship": "Outer",
              "Parallel Aware": false,
              "Startup Cost": 45334.26,
              "Total Cost": 45334.27,
              "Plan Rows": 1,
              "Plan Width": 8,
              "Actual Startup Time": 169.85,
              "Actual Total Time": 169.851,
              "Actual Rows": 1,
              "Actual Loops": 4,
              "Plans": [
                {
                  "Node Type": "Seq Scan",
                  "Parent Relationship": "Outer",
                  "Parallel Aware": true,
                  "Relation Name": "movie_keyword",
                  "Alias": "mk",
                  "Startup Cost": 0.0,
                  "Total Cost": 42695.65,
                  "Plan Rows": 1055442,
                  "Plan Width": 0,
                  "Actual Startup Time": 0.242,
                  "Actual Total Time": 131.192,
                  "Actual Rows": 815626,
                  "Actual Loops": 4,
                  "Filter": "(keyword_id > 1609)",
                  "Rows Removed by Filter": 315356
                }
              ]
            }
          ]
        }
      ]
    },
    "Planning Time": 0.186,
    "Triggers": [],
    "Execution Time": 186.393
  }
]