[
  {
    "Plan": {
      "Node Type": "Aggregate",
      "Strategy": "Plain",
      "Partial Mode": "Finalize",
      "Parallel Aware": false,
      "Startup Cost": 44909.49,
      "Total Cost": 44909.5,
      "Plan Rows": 1,
      "Plan Width": 8,
      "Actual Startup Time": 97.239,
      "Actual Total Time": 108.665,
      "Actual Rows": 1,
      "Actual Loops": 1,
      "Plans": [
        {
          "Node Type": "Gather",
          "Parent Relationship": "Outer",
          "Parallel Aware": false,
          "Startup Cost": 44909.07,
          "Total Cost": 44909.48,
          "Plan Rows": 4,
          "Plan Width": 8,
          "Actual Startup Time": 97.049,
          "Actual Total Time": 108.652,
          "Actual Rows": 5,
          "Actual Loops": 1,
          "Workers Planned": 4,
          "Workers Launched": 4,
          "Single Copy": false,
          "Plans": [
            {
              "Node Type": "Aggregate",
              "Strategy": "Plain",
              "Partial Mode": "Partial",
              "Parent Relationship": "Outer",
              "Parallel Aware": false,
              "Startup Cost": 43909.07,
              "Total Cost": 43909.08,
              "Plan Rows": 1,
              "Plan Width": 8,
              "Actual Startup Time": 89.896,
              "Actual Total Time": 89.898,
              "Actual Rows": 1,
              "Actual Loops": 5,
              "Plans": [
                {
                  "Node Type": "Seq Scan",
                  "Parent Relationship": "Outer",
                  "Parallel Aware": true,
                  "Relation Name": "title",
                  "Alias": "t",
                  "Startup Cost": 0.0,
                  "Total Cost": 43899.32,
                  "Plan Rows": 3898,
                  "Plan Width": 0,
                  "Actual Startup Time": 0.144,
                  "Actual Total Time": 89.509,
                  "Actual Rows": 3000,
                  "Actual Loops": 5,
                  "Filter": "(production_year = 1970)",
                  "Rows Removed by Filter": 502662
                }
              ]
            }
          ]
        }
      ]
    },
    "Planning Time": 0.054,
    "Triggers": [],
    "Execution Time": 108.703
  }
]