[
  {
    "Plan": {
      "Node Type": "Aggregate",
      "Strategy": "Plain",
      "Partial Mode": "Finalize",
      "Parallel Aware": false,
      "Startup Cost": 30697.52,
      "Total Cost": 30697.53,
      "Plan Rows": 1,
      "Plan Width": 8,
      "Actual Startup Time": 72.933,
      "Actual Total Time": 78.541,
      "Actual Rows": 1,
      "Actual Loops": 1,
      "Plans": [
        {
          "Node Type": "Gather",
          "Parent Relationship": "Outer",
          "Parallel Aware": false,
          "Startup Cost": 30697.2,
          "Total Cost": 30697.51,
          "Plan Rows": 3,
          "Plan Width": 8,
          "Actual Startup Time": 72.828,
          "Actual Total Time": 78.534,
          "Actual Rows": 4,
          "Actual Loops": 1,
          "Workers Planned": 3,
          "Workers Launched": 3,
          "Single Copy": false,
          "Plans": [
            {
              "Node Type": "Aggregate",
              "Strategy": "Plain",
              "Partial Mode": "Partial",
              "Parent Relationship": "Outer",
              "Parallel Aware": false,
              "Startup Cost": 29697.2,
              "Total Cost": 29697.21,
              "Plan Rows": 1,
              "Plan Width": 8,
              "Actual Startup Time": 68.699,
              "Actual Total Time": 68.701,
              "Actual Rows": 1,
              "Actual Loops": 4,
              "Plans": [
                {
                  "Node Type": "Seq Scan",
                  "Parent Relationship": "Outer",
                  "Parallel Aware": true,
                  "Relation Name": "movie_companies",
                  "Alias": "mc",
                  "Startup Cost": 0.0,
                  "Total Cost": 29310.68,
                  "Plan Rows": 154608,
                  "Plan Width": 0,
                  "Actual Startup Time": 0.016,
                  "Actual Total Time": 62.314,
                  "Actual Rows": 117882,
                  "Actual Loops": 4,
                  "Filter": "(company_id < 419)",
                  "Rows Removed by Filter": 534400
                }
              ]
            }
          ]
        }
      ]
    },
    "Planning Time": 0.106,
    "Triggers": [],
    "Execution Time": 78.584
  }
]