[
  {
    "Plan": {
      "Node Type": "Aggregate",
      "Strategy": "Plain",
      "Partial Mode": "Finalize",
      "Parallel Aware": false,
      "Startup Cost": 50264.3,
      "Total Cost": 50264.31,
      "Plan Rows": 1,
      "Plan Width": 8,
      "Actual Startup Time": 56.36,
      "Actual Total Time": 65.173,
      "Actual Rows": 1,
      "Actual Loops": 1,
      "Plans": [
        {
          "Node Type": "Gather",
          "Parent Relationship": "Outer",
          "Parallel Aware": false,
          "Startup Cost": 50263.99,
          "Total Cost": 50264.3,
          "Plan Rows": 3,
          "Plan Width": 8,
          "Actual Startup Time": 56.113,
          "Actual Total Time": 65.164,
          "Actual Rows": 4,
          "Actual Loops": 1,
          "Workers Planned": 3,
          "Workers Launched": 3,
          "Single Copy": false,
          "Plans": [
            {
              "Node Type": "Aggregate",
              "Strategy": "Plain",
              "Partial Mode": "Partial",
              "Parent Relationship": "Outer",
              "Parallel Aware": false,
              "Startup Cost": 49263.99,
              "Total Cost": 49264.0,
              "Plan Rows": 1,
              "Plan Width": 8,
              "Actual Startup Time": 48.206,
              "Actual Total Time": 48.207,
              "Actual Rows": 1,
              "Actual Loops": 4,
              "Plans": [
                {
                  "Node Type": "Nested Loop",
                  "Parent Relationship": "Outer",
                  "Parallel Aware": false,
                  "Join Type": "Inner",
                  "Startup Cost": 296.77,
                  "Total Cost": 49252.76,
                  "Plan Rows": 4491,
                  "Plan Width": 0,
                  "Actual Startup Time": 2.682,
                  "Actual Total Time": 47.605,
                  "Actual Rows": 3593,
                  "Actual Loops": 4,
                  "Inner Unique": true,
                  "Plans": [
                    {
                      "Node Type": "Bitmap Heap Scan",
                      "Parent Relationship": "Outer",
                      "Parallel Aware": true,
                      "Relation Name": "movie_keyword",
                      "Alias": "mk",
                      "Startup Cost": 296.34,
                      "Total Cost": 22058.86,
                      "Plan Rows": 4491,
                      "Plan Width": 4,
                      "Actual Startup Time": 2.512,
                      "Actual Total Time": 12.513,
                      "Actual Rows": 3593,
                      "Actual Loops": 4,
                      "Recheck Cond": "(keyword_id < 3)",
                      "Rows Removed by Index Recheck": 0,
                      "Exact Heap Blocks": 3371,
                      "Lossy Heap Blocks": 0,
                      "Plans": [
                        {
                          "Node Type": "Bitmap Index Scan",
                          "Parent Relationship": "Outer",
                          "Parallel Aware": false,
                          "Index Name": "keyword_id_movie_keyword",
                          "Startup Cost": 0.0,
                          "Total Cost": 292.86,
                          "Plan Rows": 13923,
                          "Plan Width": 0,
                          "Actual Startup Time": 6.584,
                          "Actual Total Time": 6.584,
                          "Actual Rows": 14373,
                          "Actual Loops": 1,
                          "Index Cond": "(keyword_id < 3)"
                        }
                      ]
                    },
                    {
                      "Node Type": "Index Only Scan",
                      "Parent Relationship": "Inner",
                      "Parallel Aware": false,
                      "Scan Direction": "Forward",
                      "Index Name": "title_pkey",
                      "Relation Name": "title",
                      "Alias": "t",
                      "Startup Cost": 0.43,
                      "Total Cost": 6.06,
                      "Plan Rows": 1,
                      "Plan Width": 4,
                      "Actual Startup Time": 0.009,
                      "Actual Total Time": 0.009,
                      "Actual Rows": 1,
                      "Actual Loops": 14373,
                      "Index Cond": "(id = mk.movie_id)",
                      "Rows Removed by Index Recheck": 0,
                      "Heap Fetches": 14373
                    }
                  ]
                }
              ]
            }
          ]
        }
      ]
    },
    "Planning Time": 0.63,
    "Triggers": [],
    "Execution Time": 65.257
  }
]