[
  {
    "Plan": {
      "Node Type": "Aggregate",
      "Strategy": "Plain",
      "Partial Mode": "Finalize",
      "Parallel Aware": false,
      "Startup Cost": 98679.01,
      "Total Cost": 98679.02,
      "Plan Rows": 1,
      "Plan Width": 8,
      "Actual Startup Time": 579.039,
      "Actual Total Time": 641.029,
      "Actual Rows": 1,
      "Actual Loops": 1,
      "Plans": [
        {
          "Node Type": "Gather",
          "Parent Relationship": "Outer",
          "Parallel Aware": false,
          "Startup Cost": 98678.59,
          "Total Cost": 98679.0,
          "Plan Rows": 4,
          "Plan Width": 8,
          "Actual Startup Time": 578.576,
          "Actual Total Time": 641.019,
          "Actual Rows": 5,
          "Actual Loops": 1,
          "Workers Planned": 4,
          "Workers Launched": 4,
          "Single Copy": false,
          "Plans": [
            {
              "Node Type": "Aggregate",
              "Strategy": "Plain",
              "Partial Mode": "Partial",
              "Parent Relationship": "Outer",
              "Parallel Aware": false,
              "Startup Cost": 97678.59,
              "Total Cost": 97678.6,
              "Plan Rows": 1,
              "Plan Width": 8,
              "Actual Startup Time": 568.085,
              "Actual Total Time": 568.089,
              "Actual Rows": 1,
              "Actual Loops": 5,
              "Plans": [
                {
                  "Node Type": "Nested Loop",
                  "Parent Relationship": "Outer",
                  "Parallel Aware": false,
                  "Join Type": "Inner",
                  "Startup Cost": 20645.15,
                  "Total Cost": 97519.16,
                  "Plan Rows": 63772,
                  "Plan Width": 0,
                  "Actual Startup Time": 30.835,
                  "Actual Total Time": 563.374,
                  "Actual Rows": 67225,
                  "Actual Loops": 5,
                  "Inner Unique": false,
                  "Plans": [
                    {
                      "Node Type": "Hash Join",
                      "Parent Relationship": "Outer",
                      "Parallel Aware": true,
                      "Join Type": "Inner",
                      "Startup Cost": 20644.59,
                      "Total Cost": 66173.97,
                      "Plan Rows": 15590,
                      "Plan Width": 8,
                      "Actual Startup Time": 30.291,
                      "Actual Total Time": 170.327,
                      "Actual Rows": 12415,
                      "Actual Loops": 5,
                      "Inner Unique": false,
                      "Hash Cond": "(t.id = mc.movie_id)",
                      "Plans": [
                        {
                          "Node Type": "Seq Scan",
                          "Parent Relationship": "Outer",
                          "Parallel Aware": true,
                          "Relation Name": "title",
                          "Alias": "t",
                          "Startup Cost": 0.0,
                          "Total Cost": 42318.73,
                          "Plan Rows": 632073,
                          "Plan Width": 4,
                          "Actual Startup Time": 0.016,
                          "Actual Total Time": 59.036,
                          "Actual Rows": 505662,
                          "Actual Loops": 5
                        },
                        {
                          "Node Type": "Hash",
                          "Parent Relationship": "Inner",
                          "Parallel Aware": true,
                          "Startup Cost": 20393.15,
                          "Total Cost": 20393.15,
                          "Plan Rows": 20115,
                          "Plan Width": 4,
                          "Actual Startup Time": 28.886,
                          "Actual Total Time": 28.888,
                          "Actual Rows": 12415,
                          "Actual Loops": 5,
                          "Hash Buckets": 65536,
                          "Original Hash Buckets": 65536,
                          "Hash Batches": 1,
                          "Original Hash Batches": 1,
                          "Peak Memory Usage": 2976,
                          "Plans": [
                            {
                              "Node Type": "Bitmap Heap Scan",
                              "Parent Relationship": "Outer",
                              "Parallel Aware": true,
                              "Relation Name": "movie_companies",
                              "Alias": "mc",
                              "Startup Cost": 1351.7,
                              "Total Cost": 20393.15,
                              "Plan Rows": 20115,
                              "Plan Width": 4,
                              "Actual Startup Time": 4.595,
                              "Actual Total Time": 20.735,
                              "Actual Rows": 12415,
                              "Actual Loops": 5,
                              "Recheck Cond": "(company_id = 6)",
                              "Rows Removed by Index Recheck": 0,
                              "Exact Heap Blocks": 3150,
                              "Lossy Heap Blocks": 0,
                              "Plans": [
                                {
                                  "Node Type": "Bitmap Index Scan",
                                  "Parent Relationship": "Outer",
                                  "Parallel Aware": false,
                                  "Index Name": "company_id_movie_companies",
                                  "Startup Cost": 0.0,
                                  "Total Cost": 1336.12,
                                  "Plan Rows": 62358,
                                  "Plan Width": 0,
                                  "Actual Startup Time": 8.611,
                                  "Actual Total Time": 8.612,
                                  "Actual Rows": 62075,
                                  "Actual Loops": 1,
                                  "Index Cond": "(company_id = 6)"
                                }
                              ]
                            }
                          ]
                        }
                      ]
                    },
                    {
                      "Node Type": "Index Scan",
                      "Parent Relationship": "Inner",
                      "Parallel Aware": false,
                      "Scan Direction": "Forward",
                      "Index Name": "movie_id_cast_info",
                      "Relation Name": "cast_info",
                      "Alias": "ci",
                      "Startup Cost": 0.56,
                      "Total Cost": 1.91,
                      "Plan Rows": 10,
                      "Plan Width": 4,
                      "Actual Startup Time": 0.021,
                      "Actual Total Time": 0.031,
                      "Actual Rows": 5,
                      "Actual Loops": 62075,
                      "Index Cond": "(movie_id = t.id)",
                      "Rows Removed by Index Recheck": 0,
                      "Filter": "(person_id > 2689678)",
                      "Rows Removed by Filter": 15
                    }
                  ]
                }
              ]
            }
          ]
        }
      ]
    },
    "Planning Time": 1.402,
    "Triggers": [],
    "Execution Time": 641.161
  }
]