{
  "Plan": {
    "Node Type": "Aggregate",
    "Strategy": "Plain",
    "Partial Mode": "Finalize",
    "Parallel Aware": false,
    "Startup Cost": 197624.21,
    "Total Cost": 197624.22,
    "Plan Rows": 1,
    "Plan Width": 8,
    "Actual Startup Time": 2222.064,
    "Actual Total Time": 2252.061,
    "Actual Rows": 1,
    "Actual Loops": 1,
    "Plans": [
      {
        "Node Type": "Gather",
        "Parent Relationship": "Outer",
        "Parallel Aware": false,
        "Startup Cost": 197624.09,
        "Total Cost": 197624.2,
        "Plan Rows": 1,
        "Plan Width": 8,
        "Actual Startup Time": 2212.849,
        "Actual Total Time": 2252.054,
        "Actual Rows": 2,
        "Actual Loops": 1,
        "Workers Planned": 1,
        "Workers Launched": 1,
        "Single Copy": false,
        "Plans": [
          {
            "Node Type": "Aggregate",
            "Strategy": "Plain",
            "Partial Mode": "Partial",
            "Parent Relationship": "Outer",
            "Parallel Aware": false,
            "Startup Cost": 196624.09,
            "Total Cost": 196624.1,
            "Plan Rows": 1,
            "Plan Width": 8,
            "Actual Startup Time": 2204.238,
            "Actual Total Time": 2204.244,
            "Actual Rows": 1,
            "Actual Loops": 2,
            "Plans": [
              {
                "Node Type": "Hash Join",
                "Parent Relationship": "Outer",
                "Parallel Aware": true,
                "Join Type": "Inner",
                "Startup Cost": 144975.92,
                "Total Cost": 194019.07,
                "Plan Rows": 1042011,
                "Plan Width": 0,
                "Actual Startup Time": 1124.539,
                "Actual Total Time": 1929.287,
                "Actual Rows": 6870226,
                "Actual Loops": 2,
                "Inner Unique": false,
                "Hash Cond": "(mc.movie_id = t.id)",
                "Plans": [
                  {
                    "Node Type": "Seq Scan",
                    "Parent Relationship": "Outer",
                    "Parallel Aware": true,
                    "Relation Name": "movie_companies",
                    "Alias": "mc",
                    "Startup Cost": 0.0,
                    "Total Cost": 37974.77,
                    "Plan Rows": 1317039,
                    "Plan Width": 4,
                    "Actual Startup Time": 0.063,
                    "Actual Total Time": 125.033,
                    "Actual Rows": 1121350,
                    "Actual Loops": 2,
                    "Filter": "(company_id > 191)",
                    "Rows Removed by Filter": 183215
                  },
                  {
                    "Node Type": "Hash",
                    "Parent Relationship": "Inner",
                    "Parallel Aware": true,
                    "Startup Cost": 130267.63,
                    "Total Cost": 130267.63,
                    "Plan Rows": 1176663,
                    "Plan Width": 8,
                    "Actual Startup Time": 1109.626,
                    "Actual Total Time": 1109.63,
                    "Actual Rows": 1005780,
                    "Actual Loops": 2,
                    "Hash Buckets": 2097152,
                    "Original Hash Buckets": 2097152,
                    "Hash Batches": 1,
                    "Original Hash Batches": 1,
                    "Peak Memory Usage": 95104,
                    "Plans": [
                      {
                        "Node Type": "Hash Join",
                        "Parent Relationship": "Outer",
                        "Parallel Aware": true,
                        "Join Type": "Inner",
                        "Startup Cost": 69460.7,
                        "Total Cost": 130267.63,
                        "Plan Rows": 1176663,
                        "Plan Width": 8,
                        "Actual Startup Time": 527.06,
                        "Actual Total Time": 918.58,
                        "Actual Rows": 1005780,
                        "Actual Loops": 2,
                        "Inner Unique": true,
                        "Hash Cond": "(mk.movie_id = t.id)",
                        "Plans": [
                          {
                            "Node Type": "Seq Scan",
                            "Parent Relationship": "Outer",
                            "Parallel Aware": true,
                            "Relation Name": "movie_keyword",
                            "Alias": "mk",
                            "Startup Cost": 0.0,
                            "Total Cost": 57718.19,
                            "Plan Rows": 1176663,
                            "Plan Width": 4,
                            "Actual Startup Time": 0.019,
                            "Actual Total Time": 189.342,
                            "Actual Rows": 1005780,
                            "Actual Loops": 2,
                            "Filter": "(keyword_id < 3580)",
                            "Rows Removed by Filter": 1256184
                          },
                          {
                            "Node Type": "Hash",
                            "Parent Relationship": "Inner",
                            "Parallel Aware": true,
                            "Startup Cost": 50870.31,
                            "Total Cost": 50870.31,
                            "Plan Rows": 1487231,
                            "Plan Width": 4,
                            "Actual Startup Time": 513.633,
                            "Actual Total Time": 513.634,
                            "Actual Rows": 1264156,
                            "Actual Loops": 2,
                            "Hash Buckets": 4194304,
                            "Original Hash Buckets": 4194304,
                            "Hash Batches": 1,
                            "Original Hash Batches": 1,
                            "Peak Memory Usage": 131712,
                            "Plans": [
                              {
                                "Node Type": "Seq Scan",
                                "Parent Relationship": "Outer",
                                "Parallel Aware": true,
                                "Relation Name": "title",
                                "Alias": "t",
                                "Startup Cost": 0.0,
                                "Total Cost": 50870.31,
                                "Plan Rows": 1487231,
                                "Plan Width": 4,
                                "Actual Startup Time": 0.027,
                                "Actual Total Time": 150.758,
                                "Actual Rows": 1264156,
                                "Actual Loops": 2
                              }
                            ]
                          }
                        ]
                      }
                    ]
                  }
                ]
              }
            ]
          }
        ]
      }
    ]
  },
  "Planning Time": 0.867,
  "Triggers": [],
  "Execution Time": 2252.148
}