[
  {
    "Plan": {
      "Node Type": "Aggregate",
      "Strategy": "Plain",
      "Partial Mode": "Finalize",
      "Parallel Aware": false,
      "Startup Cost": 59989.51,
      "Total Cost": 59989.52,
      "Plan Rows": 1,
      "Plan Width": 8,
      "Actual Startup Time": 47.297,
      "Actual Total Time": 53.1,
      "Actual Rows": 1,
      "Actual Loops": 1,
      "Plans": [
        {
          "Node Type": "Gather",
          "Parent Relationship": "Outer",
          "Parallel Aware": false,
          "Startup Cost": 59989.19,
          "Total Cost": 59989.5,
          "Plan Rows": 3,
          "Plan Width": 8,
          "Actual Startup Time": 47.116,
          "Actual Total Time": 53.092,
          "Actual Rows": 4,
          "Actual Loops": 1,
          "Workers Planned": 3,
          "Workers Launched": 3,
          "Single Copy": false,
          "Plans": [
            {
              "Node Type": "Aggregate",
              "Strategy": "Plain",
              "Partial Mode": "Partial",
              "Parent Relationship": "Outer",
              "Parallel Aware": false,
              "Startup Cost": 58989.19,
              "Total Cost": 58989.2,
              "Plan Rows": 1,
              "Plan Width": 8,
              "Actual Startup Time": 37.514,
              "Actual Total Time": 37.515,
              "Actual Rows": 1,
              "Actual Loops": 4,
              "Plans": [
                {
                  "Node Type": "Nested Loop",
                  "Parent Relationship": "Outer",
                  "Parallel Aware": false,
                  "Join Type": "Inner",
                  "Startup Cost": 209.08,
                  "Total Cost": 58989.11,
                  "Plan Rows": 33,
                  "Plan Width": 0,
                  "Actual Startup Time": 3.306,
                  "Actual Total Time": 37.492,
                  "Actual Rows": 55,
                  "Actual Loops": 4,
                  "Inner Unique": true,
                  "Plans": [
                    {
                      "Node Type": "Bitmap Heap Scan",
                      "Parent Relationship": "Outer",
                      "Parallel Aware": true,
                      "Relation Name": "movie_info",
                      "Alias": "mi",
                      "Startup Cost": 208.65,
                      "Total Cost": 35643.95,
                      "Plan Rows": 3672,
                      "Plan Width": 4,
                      "Actual Startup Time": 2.242,
                      "Actual Total Time": 3.952,
                      "Actual Rows": 4022,
                      "Actual Loops": 4,
                      "Recheck Cond": "(info_type_id = 12)",
                      "Rows Removed by Index Recheck": 0,
                      "Exact Heap Blocks": 500,
                      "Lossy Heap Blocks": 0,
                      "Plans": [
                        {
                          "Node Type": "Bitmap Index Scan",
                          "Parent Relationship": "Outer",
                          "Parallel Aware": false,
                          "Index Name": "info_type_id_movie_info",
                          "Startup Cost": 0.0,
                          "Total Cost": 205.8,
                          "Plan Rows": 11382,
                          "Plan Width": 0,
                          "Actual Startup Time": 8.244,
                          "Actual Total Time": 8.244,
                          "Actual Rows": 16086,
                          "Actual Loops": 1,
                          "Index Cond": "(info_type_id = 12)"
                        }
                      ]
                    },
                    {
                      "Node Type": "Index Scan",
                      "Parent Relationship": "Inner",
                      "Parallel Aware": false,
                      "Scan Direction": "Forward",
                      "Index Name": "title_pkey",
                      "Relation Name": "title",
                      "Alias": "t",
                      "Startup Cost": 0.43,
                      "Total Cost": 6.36,
                      "Plan Rows": 1,
                      "Plan Width": 4,
                      "Actual Startup Time": 0.008,
                      "Actual Total Time": 0.008,
                      "Actual Rows": 0,
                      "Actual Loops": 16086,
                      "Index Cond": "(id = mi.movie_id)",
                      "Rows Removed by Index Recheck": 0,
                      "Filter": "((kind_id > 1) AND (production_year = 1994))",
                      "Rows Removed by Filter": 1
                    }
                  ]
                }
              ]
            }
          ]
        }
      ]
    },
    "Planning Time": 0.715,
    "Triggers": [],
    "Execution Time": 53.2
  }
]