[
  {
    "Plan": {
      "Node Type": "Aggregate",
      "Strategy": "Plain",
      "Partial Mode": "Finalize",
      "Parallel Aware": false,
      "Startup Cost": 91353.41,
      "Total Cost": 91353.42,
      "Plan Rows": 1,
      "Plan Width": 8,
      "Actual Startup Time": 47.671,
      "Actual Total Time": 53.38,
      "Actual Rows": 1,
      "Actual Loops": 1,
      "Plans": [
        {
          "Node Type": "Gather",
          "Parent Relationship": "Outer",
          "Parallel Aware": false,
          "Startup Cost": 91353.09,
          "Total Cost": 91353.4,
          "Plan Rows": 3,
          "Plan Width": 8,
          "Actual Startup Time": 47.346,
          "Actual Total Time": 53.372,
          "Actual Rows": 4,
          "Actual Loops": 1,
          "Workers Planned": 3,
          "Workers Launched": 3,
          "Single Copy": false,
          "Plans": [
            {
              "Node Type": "Aggregate",
              "Strategy": "Plain",
              "Partial Mode": "Partial",
              "Parent Relationship": "Outer",
              "Parallel Aware": false,
              "Startup Cost": 90353.09,
              "Total Cost": 90353.1,
              "Plan Rows": 1,
              "Plan Width": 8,
              "Actual Startup Time": 38.115,
              "Actual Total Time": 38.116,
              "Actual Rows": 1,
              "Actual Loops": 4,
              "Plans": [
                {
                  "Node Type": "Nested Loop",
                  "Parent Relationship": "Outer",
                  "Parallel Aware": false,
                  "Join Type": "Inner",
                  "Startup Cost": 361.63,
                  "Total Cost": 90352.96,
                  "Plan Rows": 53,
                  "Plan Width": 0,
                  "Actual Startup Time": 3.395,
                  "Actual Total Time": 38.094,
                  "Actual Rows": 55,
                  "Actual Loops": 4,
                  "Inner Unique": true,
                  "Plans": [
                    {
                      "Node Type": "Bitmap Heap Scan",
                      "Parent Relationship": "Outer",
                      "Parallel Aware": true,
                      "Relation Name": "movie_info",
                      "Alias": "mi",
                      "Startup Cost": 361.2,
                      "Total Cost": 55888.26,
                      "Plan Rows": 6359,
                      "Plan Width": 4,
                      "Actual Startup Time": 1.748,
                      "Actual Total Time": 3.637,
                      "Actual Rows": 4022,
                      "Actual Loops": 4,
                      "Recheck Cond": "(info_type_id = 12)",
                      "Rows Removed by Index Recheck": 0,
                      "Exact Heap Blocks": 500,
                      "Lossy Heap Blocks": 0,
                      "Plans": [
                        {
                          "Node Type": "Bitmap Index Scan",
                          "Parent Relationship": "Outer",
                          "Parallel Aware": false,
                          "Index Name": "info_type_id_movie_info",
                          "Startup Cost": 0.0,
                          "Total Cost": 356.28,
                          "Plan Rows": 19712,
                          "Plan Width": 0,
                          "Actual Startup Time": 6.258,
                          "Actual Total Time": 6.259,
                          "Actual Rows": 16086,
                          "Actual Loops": 1,
                          "Index Cond": "(info_type_id = 12)"
                        }
                      ]
                    },
                    {
                      "Node Type": "Index Scan",
                      "Parent Relationship": "Inner",
                      "Parallel Aware": false,
                      "Scan Direction": "Forward",
                      "Index Name": "title_pkey",
                      "Relation Name": "title",
                      "Alias": "t",
                      "Startup Cost": 0.43,
                      "Total Cost": 5.42,
                      "Plan Rows": 1,
                      "Plan Width": 4,
                      "Actual Startup Time": 0.008,
                      "Actual Total Time": 0.008,
                      "Actual Rows": 0,
                      "Actual Loops": 16086,
                      "Index Cond": "(id = mi.movie_id)",
                      "Rows Removed by Index Recheck": 0,
                      "Filter": "((kind_id > 1) AND (production_year = 1994))",
                      "Rows Removed by Filter": 1
                    }
                  ]
                }
              ]
            }
          ]
        }
      ]
    },
    "Planning Time": 0.692,
    "Triggers": [],
    "Execution Time": 53.476
  }
]