[
  {
    "Plan": {
      "Node Type": "Aggregate",
      "Strategy": "Plain",
      "Partial Mode": "Finalize",
      "Parallel Aware": false,
      "Startup Cost": 79224.26,
      "Total Cost": 79224.27,
      "Plan Rows": 1,
      "Plan Width": 8,
      "Actual Startup Time": 478.99,
      "Actual Total Time": 501.749,
      "Actual Rows": 1,
      "Actual Loops": 1,
      "Plans": [
        {
          "Node Type": "Gather",
          "Parent Relationship": "Outer",
          "Parallel Aware": false,
          "Startup Cost": 79223.94,
          "Total Cost": 79224.25,
          "Plan Rows": 3,
          "Plan Width": 8,
          "Actual Startup Time": 474.935,
          "Actual Total Time": 501.734,
          "Actual Rows": 4,
          "Actual Loops": 1,
          "Workers Planned": 3,
          "Workers Launched": 3,
          "Single Copy": false,
          "Plans": [
            {
              "Node Type": "Aggregate",
              "Strategy": "Plain",
              "Partial Mode": "Partial",
              "Parent Relationship": "Outer",
              "Parallel Aware": false,
              "Startup Cost": 78223.94,
              "Total Cost": 78223.95,
              "Plan Rows": 1,
              "Plan Width": 8,
              "Actual Startup Time": 465.481,
              "Actual Total Time": 465.492,
              "Actual Rows": 1,
              "Actual Loops": 4,
              "Plans": [
                {
                  "Node Type": "Hash Join",
                  "Parent Relationship": "Outer",
                  "Parallel Aware": true,
                  "Join Type": "Inner",
                  "Startup Cost": 45577.11,
                  "Total Cost": 78016.7,
                  "Plan Rows": 82896,
                  "Plan Width": 0,
                  "Actual Startup Time": 293.401,
                  "Actual Total Time": 459.359,
                  "Actual Rows": 93175,
                  "Actual Loops": 4,
                  "Inner Unique": true,
                  "Hash Cond": "(mc.movie_id = t.id)",
                  "Plans": [
                    {
                      "Node Type": "Seq Scan",
                      "Parent Relationship": "Outer",
                      "Parallel Aware": true,
                      "Relation Name": "movie_companies",
                      "Alias": "mc",
                      "Startup Cost": 0.0,
                      "Total Cost": 31414.82,
                      "Plan Rows": 390390,
                      "Plan Width": 4,
                      "Actual Startup Time": 52.348,
                      "Actual Total Time": 112.403,
                      "Actual Rows": 274172,
                      "Actual Loops": 4,
                      "Filter": "((company_id < 103470) AND (company_type_id = 2))",
                      "Rows Removed by Filter": 378110
                    },
                    {
                      "Node Type": "Hash",
                      "Parent Relationship": "Inner",
                      "Parallel Aware": true,
                      "Startup Cost": 43899.32,
                      "Total Cost": 43899.32,
                      "Plan Rows": 134223,
                      "Plan Width": 4,
                      "Actual Startup Time": 236.49,
                      "Actual Total Time": 236.491,
                      "Actual Rows": 138240,
                      "Actual Loops": 4,
                      "Hash Buckets": 1048576,
                      "Original Hash Buckets": 1048576,
                      "Hash Batches": 1,
                      "Original Hash Batches": 1,
                      "Peak Memory Usage": 29888,
                      "Plans": [
                        {
                          "Node Type": "Seq Scan",
                          "Parent Relationship": "Outer",
                          "Parallel Aware": true,
                          "Relation Name": "title",
                          "Alias": "t",
                          "Startup Cost": 0.0,
                          "Total Cost": 43899.32,
                          "Plan Rows": 134223,
                          "Plan Width": 4,
                          "Actual Startup Time": 0.055,
                          "Actual Total Time": 154.972,
                          "Actual Rows": 138240,
                          "Actual Loops": 4,
                          "Filter": "(production_year < 1983)",
                          "Rows Removed by Filter": 493838
                        }
                      ]
                    }
                  ]
                }
              ]
            }
          ]
        }
      ]
    },
    "Planning Time": 0.327,
    "Triggers": [],
    "Execution Time": 501.805
  }
]