{
  "Plan": {
    "Node Type": "Aggregate",
    "Strategy": "Plain",
    "Partial Mode": "Finalize",
    "Parallel Aware": false,
    "Startup Cost": 119668.33,
    "Total Cost": 119668.34,
    "Plan Rows": 1,
    "Plan Width": 8,
    "Actual Startup Time": 719.433,
    "Actual Total Time": 740.827,
    "Actual Rows": 1,
    "Actual Loops": 1,
    "Plans": [
      {
        "Node Type": "Gather",
        "Parent Relationship": "Outer",
        "Parallel Aware": false,
        "Startup Cost": 119668.21,
        "Total Cost": 119668.32,
        "Plan Rows": 1,
        "Plan Width": 8,
        "Actual Startup Time": 714.147,
        "Actual Total Time": 740.817,
        "Actual Rows": 2,
        "Actual Loops": 1,
        "Workers Planned": 1,
        "Workers Launched": 1,
        "Single Copy": false,
        "Plans": [
          {
            "Node Type": "Aggregate",
            "Strategy": "Plain",
            "Partial Mode": "Partial",
            "Parent Relationship": "Outer",
            "Parallel Aware": false,
            "Startup Cost": 118668.21,
            "Total Cost": 118668.22,
            "Plan Rows": 1,
            "Plan Width": 8,
            "Actual Startup Time": 700.22,
            "Actual Total Time": 700.226,
            "Actual Rows": 1,
            "Actual Loops": 2,
            "Plans": [
              {
                "Node Type": "Hash Join",
                "Parent Relationship": "Outer",
                "Parallel Aware": true,
                "Join Type": "Inner",
                "Startup Cost": 99436.52,
                "Total Cost": 118628.69,
                "Plan Rows": 15808,
                "Plan Width": 0,
                "Actual Startup Time": 645.342,
                "Actual Total Time": 697.624,
                "Actual Rows": 60172,
                "Actual Loops": 2,
                "Inner Unique": false,
                "Hash Cond": "(mi_idx.movie_id = t.id)",
                "Plans": [
                  {
                    "Node Type": "Seq Scan",
                    "Parent Relationship": "Outer",
                    "Parallel Aware": true,
                    "Relation Name": "movie_info_idx",
                    "Alias": "mi_idx",
                    "Startup Cost": 0.0,
                    "Total Cost": 18082.32,
                    "Plan Rows": 271164,
                    "Plan Width": 4,
                    "Actual Startup Time": 0.032,
                    "Actual Total Time": 53.769,
                    "Actual Rows": 230092,
                    "Actual Loops": 2,
                    "Filter": "(info_type_id > 100)",
                    "Rows Removed by Filter": 459925
                  },
                  {
                    "Node Type": "Hash",
                    "Parent Relationship": "Inner",
                    "Parallel Aware": true,
                    "Startup Cost": 98352.76,
                    "Total Cost": 98352.76,
                    "Plan Rows": 86701,
                    "Plan Width": 8,
                    "Actual Startup Time": 608.555,
                    "Actual Total Time": 608.56,
                    "Actual Rows": 72630,
                    "Actual Loops": 2,
                    "Hash Buckets": 262144,
                    "Original Hash Buckets": 262144,
                    "Hash Batches": 1,
                    "Original Hash Batches": 1,
                    "Peak Memory Usage": 7776,
                    "Plans": [
                      {
                        "Node Type": "Hash Join",
                        "Parent Relationship": "Outer",
                        "Parallel Aware": true,
                        "Join Type": "Inner",
                        "Startup Cost": 72587.41,
                        "Total Cost": 98352.76,
                        "Plan Rows": 86701,
                        "Plan Width": 8,
                        "Actual Startup Time": 536.189,
                        "Actual Total Time": 594.516,
                        "Actual Rows": 72630,
                        "Actual Loops": 2,
                        "Inner Unique": true,
                        "Hash Cond": "(mk.movie_id = t.id)",
                        "Plans": [
                          {
                            "Node Type": "Bitmap Heap Scan",
                            "Parent Relationship": "Outer",
                            "Parallel Aware": true,
                            "Relation Name": "movie_keyword",
                            "Alias": "mk",
                            "Startup Cost": 3126.71,
                            "Total Cost": 28664.47,
                            "Plan Rows": 86701,
                            "Plan Width": 4,
                            "Actual Startup Time": 11.479,
                            "Actual Total Time": 46.944,
                            "Actual Rows": 72630,
                            "Actual Loops": 2,
                            "Recheck Cond": "(keyword_id > 74342)",
                            "Rows Removed by Index Recheck": 0,
                            "Exact Heap Blocks": 10883,
                            "Lossy Heap Blocks": 0,
                            "Plans": [
                              {
                                "Node Type": "Bitmap Index Scan",
                                "Parent Relationship": "Outer",
                                "Parallel Aware": false,
                                "Index Name": "keyword_id_movie_keyword",
                                "Startup Cost": 0.0,
                                "Total Cost": 3089.86,
                                "Plan Rows": 147391,
                                "Plan Width": 0,
                                "Actual Startup Time": 8.68,
                                "Actual Total Time": 8.68,
                                "Actual Rows": 145261,
                                "Actual Loops": 1,
                                "Index Cond": "(keyword_id > 74342)"
                              }
                            ]
                          },
                          {
                            "Node Type": "Hash",
                            "Parent Relationship": "Inner",
                            "Parallel Aware": true,
                            "Startup Cost": 50870.31,
                            "Total Cost": 50870.31,
                            "Plan Rows": 1487231,
                            "Plan Width": 4,
                            "Actual Startup Time": 505.602,
                            "Actual Total Time": 505.603,
                            "Actual Rows": 1264156,
                            "Actual Loops": 2,
                            "Hash Buckets": 4194304,
                            "Original Hash Buckets": 4194304,
                            "Hash Batches": 1,
                            "Original Hash Batches": 1,
                            "Peak Memory Usage": 131712,
                            "Plans": [
                              {
                                "Node Type": "Seq Scan",
                                "Parent Relationship": "Outer",
                                "Parallel Aware": true,
                                "Relation Name": "title",
                                "Alias": "t",
                                "Startup Cost": 0.0,
                                "Total Cost": 50870.31,
                                "Plan Rows": 1487231,
                                "Plan Width": 4,
                                "Actual Startup Time": 0.026,
                                "Actual Total Time": 159.942,
                                "Actual Rows": 1264156,
                                "Actual Loops": 2
                              }
                            ]
                          }
                        ]
                      }
                    ]
                  }
                ]
              }
            ]
          }
        ]
      }
    ]
  },
  "Planning Time": 0.894,
  "Triggers": [],
  "Execution Time": 740.929
}