[
  {
    "Plan": {
      "Node Type": "Aggregate",
      "Strategy": "Plain",
      "Partial Mode": "Finalize",
      "Parallel Aware": false,
      "Startup Cost": 437675.74,
      "Total Cost": 437675.75,
      "Plan Rows": 1,
      "Plan Width": 8,
      "Actual Startup Time": 3168.276,
      "Actual Total Time": 3222.565,
      "Actual Rows": 1,
      "Actual Loops": 1,
      "Plans": [
        {
          "Node Type": "Gather",
          "Parent Relationship": "Outer",
          "Parallel Aware": false,
          "Startup Cost": 437675.11,
          "Total Cost": 437675.72,
          "Plan Rows": 6,
          "Plan Width": 8,
          "Actual Startup Time": 3153.313,
          "Actual Total Time": 3222.551,
          "Actual Rows": 7,
          "Actual Loops": 1,
          "Workers Planned": 6,
          "Workers Launched": 6,
          "Single Copy": false,
          "Plans": [
            {
              "Node Type": "Aggregate",
              "Strategy": "Plain",
              "Partial Mode": "Partial",
              "Parent Relationship": "Outer",
              "Parallel Aware": false,
              "Startup Cost": 436675.11,
              "Total Cost": 436675.12,
              "Plan Rows": 1,
              "Plan Width": 8,
              "Actual Startup Time": 3143.807,
              "Actual Total Time": 3144.2,
              "Actual Rows": 1,
              "Actual Loops": 7,
              "Plans": [
                {
                  "Node Type": "Hash Join",
                  "Parent Relationship": "Outer",
                  "Parallel Aware": true,
                  "Join Type": "Inner",
                  "Startup Cost": 84455.17,
                  "Total Cost": 429490.05,
                  "Plan Rows": 2874023,
                  "Plan Width": 0,
                  "Actual Startup Time": 438.009,
                  "Actual Total Time": 2858.055,
                  "Actual Rows": 5464468,
                  "Actual Loops": 7,
                  "Inner Unique": false,
                  "Hash Cond": "(ci.movie_id = t.id)",
                  "Plans": [
                    {
                      "Node Type": "Seq Scan",
                      "Parent Relationship": "Outer",
                      "Parallel Aware": true,
                      "Relation Name": "cast_info",
                      "Alias": "ci",
                      "Startup Cost": 0.0,
                      "Total Cost": 313106.51,
                      "Plan Rows": 6041951,
                      "Plan Width": 4,
                      "Actual Startup Time": 0.039,
                      "Actual Total Time": 606.858,
                      "Actual Rows": 5177763,
                      "Actual Loops": 7
                    },
                    {
                      "Node Type": "Hash",
                      "Parent Relationship": "Inner",
                      "Parallel Aware": true,
                      "Startup Cost": 79605.51,
                      "Total Cost": 79605.51,
                      "Plan Rows": 387973,
                      "Plan Width": 8,
                      "Actual Startup Time": 434.906,
                      "Actual Total Time": 435.297,
                      "Actual Rows": 135652,
                      "Actual Loops": 7,
                      "Hash Buckets": 2097152,
                      "Original Hash Buckets": 2097152,
                      "Hash Batches": 1,
                      "Original Hash Batches": 1,
                      "Peak Memory Usage": 53632,
                      "Plans": [
                        {
                          "Node Type": "Hash Join",
                          "Parent Relationship": "Outer",
                          "Parallel Aware": true,
                          "Join Type": "Inner",
                          "Startup Cost": 48573.12,
                          "Total Cost": 79605.51,
                          "Plan Rows": 387973,
                          "Plan Width": 8,
                          "Actual Startup Time": 215.15,
                          "Actual Total Time": 373.789,
                          "Actual Rows": 135652,
                          "Actual Loops": 7,
                          "Inner Unique": true,
                          "Hash Cond": "(mc.movie_id = t.id)",
                          "Plans": [
                            {
                              "Node Type": "Seq Scan",
                              "Parent Relationship": "Outer",
                              "Parallel Aware": true,
                              "Relation Name": "movie_companies",
                              "Alias": "mc",
                              "Startup Cost": 0.0,
                              "Total Cost": 29310.68,
                              "Plan Rows": 655889,
                              "Plan Width": 4,
                              "Actual Startup Time": 0.016,
                              "Actual Total Time": 57.865,
                              "Actual Rows": 291251,
                              "Actual Loops": 7,
                              "Filter": "(company_id < 71360)",
                              "Rows Removed by Filter": 81482
                            },
                            {
                              "Node Type": "Hash",
                              "Parent Relationship": "Inner",
                              "Parallel Aware": true,
                              "Startup Cost": 43899.32,
                              "Total Cost": 43899.32,
                              "Plan Rows": 373904,
                              "Plan Width": 4,
                              "Actual Startup Time": 213.085,
                              "Actual Total Time": 213.087,
                              "Actual Rows": 212147,
                              "Actual Loops": 7,
                              "Hash Buckets": 2097152,
                              "Original Hash Buckets": 2097152,
                              "Hash Batches": 1,
                              "Original Hash Batches": 1,
                              "Peak Memory Usage": 74624,
                              "Plans": [
                                {
                                  "Node Type": "Seq Scan",
                                  "Parent Relationship": "Outer",
                                  "Parallel Aware": true,
                                  "Relation Name": "title",
                                  "Alias": "t",
                                  "Startup Cost": 0.0,
                                  "Total Cost": 43899.32,
                                  "Plan Rows": 373904,
                                  "Plan Width": 4,
                                  "Actual Startup Time": 0.057,
                                  "Actual Total Time": 89.587,
                                  "Actual Rows": 212147,
                                  "Actual Loops": 7,
                                  "Filter": "(production_year > 1998)",
                                  "Rows Removed by Filter": 149040
                                }
                              ]
                            }
                          ]
                        }
                      ]
                    }
                  ]
                }
              ]
            }
          ]
        }
      ]
    },
    "Planning Time": 0.535,
    "Triggers": [],
    "Execution Time": 3222.62
  }
]