[
  {
    "Plan": {
      "Node Type": "Aggregate",
      "Strategy": "Plain",
      "Partial Mode": "Finalize",
      "Parallel Aware": false,
      "Startup Cost": 46499.57,
      "Total Cost": 46499.58,
      "Plan Rows": 1,
      "Plan Width": 8,
      "Actual Startup Time": 101.181,
      "Actual Total Time": 114.012,
      "Actual Rows": 1,
      "Actual Loops": 1,
      "Plans": [
        {
          "Node Type": "Gather",
          "Parent Relationship": "Outer",
          "Parallel Aware": false,
          "Startup Cost": 46499.15,
          "Total Cost": 46499.56,
          "Plan Rows": 4,
          "Plan Width": 8,
          "Actual Startup Time": 100.888,
          "Actual Total Time": 113.981,
          "Actual Rows": 5,
          "Actual Loops": 1,
          "Workers Planned": 4,
          "Workers Launched": 4,
          "Single Copy": false,
          "Plans": [
            {
              "Node Type": "Aggregate",
              "Strategy": "Plain",
              "Partial Mode": "Partial",
              "Parent Relationship": "Outer",
              "Parallel Aware": false,
              "Startup Cost": 45499.15,
              "Total Cost": 45499.16,
              "Plan Rows": 1,
              "Plan Width": 8,
              "Actual Startup Time": 91.137,
              "Actual Total Time": 91.138,
              "Actual Rows": 1,
              "Actual Loops": 5,
              "Plans": [
                {
                  "Node Type": "Seq Scan",
                  "Parent Relationship": "Outer",
                  "Parallel Aware": true,
                  "Relation Name": "title",
                  "Alias": "t",
                  "Startup Cost": 0.0,
                  "Total Cost": 45479.59,
                  "Plan Rows": 7825,
                  "Plan Width": 0,
                  "Actual Startup Time": 0.096,
                  "Actual Total Time": 90.416,
                  "Actual Rows": 6427,
                  "Actual Loops": 5,
                  "Filter": "((kind_id = 7) AND (production_year = 1998))",
                  "Rows Removed by Filter": 499236
                }
              ]
            }
          ]
        }
      ]
    },
    "Planning Time": 0.198,
    "Triggers": [],
    "Execution Time": 114.071
  }
]