[
  {
    "Plan": {
      "Node Type": "Aggregate",
      "Strategy": "Plain",
      "Partial Mode": "Finalize",
      "Parallel Aware": false,
      "Startup Cost": 47100.36,
      "Total Cost": 47100.37,
      "Plan Rows": 1,
      "Plan Width": 8,
      "Actual Startup Time": 191.643,
      "Actual Total Time": 201.559,
      "Actual Rows": 1,
      "Actual Loops": 1,
      "Plans": [
        {
          "Node Type": "Gather",
          "Parent Relationship": "Outer",
          "Parallel Aware": false,
          "Startup Cost": 47100.04,
          "Total Cost": 47100.35,
          "Plan Rows": 3,
          "Plan Width": 8,
          "Actual Startup Time": 191.501,
          "Actual Total Time": 201.545,
          "Actual Rows": 4,
          "Actual Loops": 1,
          "Workers Planned": 3,
          "Workers Launched": 3,
          "Single Copy": false,
          "Plans": [
            {
              "Node Type": "Aggregate",
              "Strategy": "Plain",
              "Partial Mode": "Partial",
              "Parent Relationship": "Outer",
              "Parallel Aware": false,
              "Startup Cost": 46100.04,
              "Total Cost": 46100.05,
              "Plan Rows": 1,
              "Plan Width": 8,
              "Actual Startup Time": 186.627,
              "Actual Total Time": 186.629,
              "Actual Rows": 1,
              "Actual Loops": 4,
              "Plans": [
                {
                  "Node Type": "Seq Scan",
                  "Parent Relationship": "Outer",
                  "Parallel Aware": true,
                  "Relation Name": "movie_keyword",
                  "Alias": "mk",
                  "Startup Cost": 0.0,
                  "Total Cost": 42695.65,
                  "Plan Rows": 1361755,
                  "Plan Width": 0,
                  "Actual Startup Time": 0.038,
                  "Actual Total Time": 133.559,
                  "Actual Rows": 1054863,
                  "Actual Loops": 4,
                  "Filter": "(keyword_id < 53162)",
                  "Rows Removed by Filter": 76120
                }
              ]
            }
          ]
        }
      ]
    },
    "Planning Time": 0.184,
    "Triggers": [],
    "Execution Time": 201.613
  }
]