[
  {
    "Plan": {
      "Node Type": "Aggregate",
      "Strategy": "Plain",
      "Partial Mode": "Simple",
      "Parallel Aware": false,
      "Startup Cost": 17728.97,
      "Total Cost": 17728.98,
      "Plan Rows": 1,
      "Plan Width": 64,
      "Actual Startup Time": 2667.26,
      "Actual Total Time": 2667.268,
      "Actual Rows": 1,
      "Actual Loops": 1,
      "Plans": [
        {
          "Node Type": "Nested Loop",
          "Parent Relationship": "Outer",
          "Parallel Aware": false,
          "Join Type": "Inner",
          "Startup Cost": 13.91,
          "Total Cost": 17728.96,
          "Plan Rows": 1,
          "Plan Width": 32,
          "Actual Startup Time": 33.045,
          "Actual Total Time": 2667.237,
          "Actual Rows": 7,
          "Actual Loops": 1,
          "Inner Unique": true,
          "Plans": [
            {
              "Node Type": "Nested Loop",
              "Parent Relationship": "Outer",
              "Parallel Aware": false,
              "Join Type": "Inner",
              "Startup Cost": 13.48,
              "Total Cost": 17728.51,
              "Plan Rows": 1,
              "Plan Width": 21,
              "Actual Startup Time": 32.969,
              "Actual Total Time": 2666.959,
              "Actual Rows": 7,
              "Actual Loops": 1,
              "Inner Unique": true,
              "Plans": [
                {
                  "Node Type": "Nested Loop",
                  "Parent Relationship": "Outer",
                  "Parallel Aware": false,
                  "Join Type": "Inner",
                  "Startup Cost": 13.05,
                  "Total Cost": 17724.41,
                  "Plan Rows": 9,
                  "Plan Width": 25,
                  "Actual Startup Time": 27.787,
                  "Actual Total Time": 1647.164,
                  "Actual Rows": 427606,
                  "Actual Loops": 1,
                  "Inner Unique": false,
                  "Join Filter": "(t.id = ci.movie_id)",
                  "Rows Removed by Join Filter": 0,
                  "Plans": [
                    {
                      "Node Type": "Nested Loop",
                      "Parent Relationship": "Outer",
                      "Parallel Aware": false,
                      "Join Type": "Inner",
                      "Startup Cost": 12.48,
                      "Total Cost": 17718.64,
                      "Plan Rows": 3,
                      "Plan Width": 29,
                      "Actual Startup Time": 27.74,
                      "Actual Total Time": 624.856,
                      "Actual Rows": 3719,
                      "Actual Loops": 1,
                      "Inner Unique": true,
                      "Plans": [
                        {
                          "Node Type": "Nested Loop",
                          "Parent Relationship": "Outer",
                          "Parallel Aware": false,
                          "Join Type": "Inner",
                          "Startup Cost": 12.35,
                          "Total Cost": 17716.96,
                          "Plan Rows": 11,
                          "Plan Width": 33,
                          "Actual Startup Time": 27.735,
                          "Actual Total Time": 618.784,
                          "Actual Rows": 3719,
                          "Actual Loops": 1,
                          "Inner Unique": true,
                          "Plans": [
                            {
                              "Node Type": "Nested Loop",
                              "Parent Relationship": "Outer",
                              "Parallel Aware": false,
                              "Join Type": "Inner",
                              "Startup Cost": 12.22,
                              "Total Cost": 17710.25,
                              "Plan Rows": 44,
                              "Plan Width": 37,
                              "Actual Startup Time": 27.72,
                              "Actual Total Time": 608.762,
                              "Actual Rows": 4672,
                              "Actual Loops": 1,
                              "Inner Unique": false,
                              "Plans": [
                                {
                                  "Node Type": "Nested Loop",
                                  "Parent Relationship": "Outer",
                                  "Parallel Aware": false,
                                  "Join Type": "Inner",
                                  "Startup Cost": 11.8,
                                  "Total Cost": 17694.96,
                                  "Plan Rows": 32,
                                  "Plan Width": 25,
                                  "Actual Startup Time": 27.659,
                                  "Actual Total Time": 567.055,
                                  "Actual Rows": 12251,
                                  "Actual Loops": 1,
                                  "Inner Unique": false,
                                  "Join Filter": "(t.kind_id = kt.id)",
                                  "Rows Removed by Join Filter": 12669,
                                  "Plans": [
                                    {
                                      "Node Type": "Index Scan",
                                      "Parent Relationship": "Outer",
                                      "Parallel Aware": false,
                                      "Scan Direction": "Forward",
                                      "Index Name": "kind_type_pkey",
                                      "Relation Name": "kind_type",
                                      "Alias": "kt",
                                      "Startup Cost": 0.13,
                                      "Total Cost": 12.26,
                                      "Plan Rows": 1,
                                      "Plan Width": 4,
                                      "Actual Startup Time": 0.042,
                                      "Actual Total Time": 0.046,
                                      "Actual Rows": 1,
                                      "Actual Loops": 1,
                                      "Filter": "((kind)::text = 'movie'::text)",
                                      "Rows Removed by Filter": 6
                                    },
                                    {
                                      "Node Type": "Nested Loop",
                                      "Parent Relationship": "Inner",
                                      "Parallel Aware": false,
                                      "Join Type": "Inner",
                                      "Startup Cost": 11.67,
                                      "Total Cost": 17679.86,
                                      "Plan Rows": 227,
                                      "Plan Width": 29,
                                      "Actual Startup Time": 5.391,
                                      "Actual Total Time": 562.635,
                                      "Actual Rows": 24920,
                                      "Actual Loops": 1,
                                      "Inner Unique": true,
                                      "Plans": [
                                        {
                                          "Node Type": "Nested Loop",
                                          "Parent Relationship": "Outer",
                                          "Parallel Aware": false,
                                          "Join Type": "Inner",
                                          "Startup Cost": 11.24,
                                          "Total Cost": 17514.81,
                                          "Plan Rows": 337,
                                          "Plan Width": 4,
                                          "Actual Startup Time": 5.291,
                                          "Actual Total Time": 255.167,
                                          "Actual Rows": 51056,
                                          "Actual Loops": 1,
                                          "Inner Unique": false,
                                          "Plans": [
                                            {
                                              "Node Type": "Index Scan",
                                              "Parent Relationship": "Outer",
                                              "Parallel Aware": false,
                                              "Scan Direction": "Forward",
                                              "Index Name": "keyword_pkey",
                                              "Relation Name": "keyword",
                                              "Alias": "k",
                                              "Startup Cost": 0.42,
                                              "Total Cost": 6684.73,
                                              "Plan Rows": 10,
                                              "Plan Width": 4,
                                              "Actual Startup Time": 0.939,
                                              "Actual Total Time": 94.928,
                                              "Actual Rows": 7,
                                              "Actual Loops": 1,
                                              "Filter": "(keyword = ANY ('{sequel,murder-in-title,blood,murder-in-title,violence,gore,second-part,tv-special,violence,based-on-play}'::text[]))",
                                              "Rows Removed by Filter": 134163
                                            },
                                            {
                                              "Node Type": "Bitmap Heap Scan",
                                              "Parent Relationship": "Inner",
                                              "Parallel Aware": false,
                                              "Relation Name": "movie_keyword",
                                              "Alias": "mk",
                                              "Startup Cost": 10.82,
                                              "Total Cost": 1079.93,
                                              "Plan Rows": 308,
                                              "Plan Width": 8,
                                              "Actual Startup Time": 1.992,
                                              "Actual Total Time": 21.57,
                                              "Actual Rows": 7294,
                                              "Actual Loops": 7,
                                              "Recheck Cond": "(keyword_id = k.id)",
                                              "Rows Removed by Index Recheck": 0,
                                              "Exact Heap Blocks": 32015,
                                              "Lossy Heap Blocks": 0,
                                              "Plans": [
                                                {
                                                  "Node Type": "Bitmap Index Scan",
                                                  "Parent Relationship": "Outer",
                                                  "Parallel Aware": false,
                                                  "Index Name": "keyword_id_movie_keyword",
                                                  "Startup Cost": 0.0,
                                                  "Total Cost": 10.74,
                                                  "Plan Rows": 308,
                                                  "Plan Width": 0,
                                                  "Actual Startup Time": 1.21,
                                                  "Actual Total Time": 1.211,
                                                  "Actual Rows": 7294,
                                                  "Actual Loops": 7,
                                                  "Index Cond": "(keyword_id = k.id)"
                                                }
                                              ]
                                            }
                                          ]
                                        },
                                        {
                                          "Node Type": "Index Scan",
                                          "Parent Relationship": "Inner",
                                          "Parallel Aware": false,
                                          "Scan Direction": "Forward",
                                          "Index Name": "title_pkey",
                                          "Relation Name": "title",
                                          "Alias": "t",
                                          "Startup Cost": 0.43,
                                          "Total Cost": 0.49,
                                          "Plan Rows": 1,
                                          "Plan Width": 25,
                                          "Actual Startup Time": 0.006,
                                          "Actual Total Time": 0.006,
                                          "Actual Rows": 0,
                                          "Actual Loops": 51056,
                                          "Index Cond": "(id = mk.movie_id)",
                                          "Rows Removed by Index Recheck": 0,
                                          "Filter": "(production_year > 1992)",
                                          "Rows Removed by Filter": 1
                                        }
                                      ]
                                    }
                                  ]
                                },
                                {
                                  "Node Type": "Index Scan",
                                  "Parent Relationship": "Inner",
                                  "Parallel Aware": false,
                                  "Scan Direction": "Forward",
                                  "Index Name": "movie_id_complete_cast",
                                  "Relation Name": "complete_cast",
                                  "Alias": "cc",
                                  "Startup Cost": 0.42,
                                  "Total Cost": 0.46,
                                  "Plan Rows": 2,
                                  "Plan Width": 12,
                                  "Actual Startup Time": 0.003,
                                  "Actual Total Time": 0.003,
                                  "Actual Rows": 0,
                                  "Actual Loops": 12251,
                                  "Index Cond": "(movie_id = t.id)",
                                  "Rows Removed by Index Recheck": 0
                                }
                              ]
                            },
                            {
                              "Node Type": "Index Scan",
                              "Parent Relationship": "Inner",
                              "Parallel Aware": false,
                              "Scan Direction": "Forward",
                              "Index Name": "comp_cast_type_pkey",
                              "Relation Name": "comp_cast_type",
                              "Alias": "cct1",
                              "Startup Cost": 0.13,
                              "Total Cost": 0.15,
                              "Plan Rows": 1,
                              "Plan Width": 4,
                              "Actual Startup Time": 0.002,
                              "Actual Total Time": 0.002,
                              "Actual Rows": 1,
                              "Actual Loops": 4672,
                              "Index Cond": "(id = cc.subject_id)",
                              "Rows Removed by Index Recheck": 0,
                              "Filter": "((kind)::text = 'cast'::text)",
                              "Rows Removed by Filter": 0
                            }
                          ]
                        },
                        {
                          "Node Type": "Index Scan",
                          "Parent Relationship": "Inner",
                          "Parallel Aware": false,
                          "Scan Direction": "Forward",
                          "Index Name": "comp_cast_type_pkey",
                          "Relation Name": "comp_cast_type",
                          "Alias": "cct2",
                          "Startup Cost": 0.13,
                          "Total Cost": 0.15,
                          "Plan Rows": 1,
                          "Plan Width": 4,
                          "Actual Startup Time": 0.001,
                          "Actual Total Time": 0.001,
                          "Actual Rows": 1,
                          "Actual Loops": 3719,
                          "Index Cond": "(id = cc.status_id)",
                          "Rows Removed by Index Recheck": 0,
                          "Filter": "((kind)::text ~~ '%complete%'::text)",
                          "Rows Removed by Filter": 0
                        }
                      ]
                    },
                    {
                      "Node Type": "Index Scan",
                      "Parent Relationship": "Inner",
                      "Parallel Aware": false,
                      "Scan Direction": "Forward",
                      "Index Name": "movie_id_cast_info",
                      "Relation Name": "cast_info",
                      "Alias": "ci",
                      "Startup Cost": 0.56,
                      "Total Cost": 1.5,
                      "Plan Rows": 34,
                      "Plan Width": 12,
                      "Actual Startup Time": 0.013,
                      "Actual Total Time": 0.249,
                      "Actual Rows": 115,
                      "Actual Loops": 3719,
                      "Index Cond": "(movie_id = mk.movie_id)",
                      "Rows Removed by Index Recheck": 0
                    }
                  ]
                },
                {
                  "Node Type": "Index Scan",
                  "Parent Relationship": "Inner",
                  "Parallel Aware": false,
                  "Scan Direction": "Forward",
                  "Index Name": "char_name_pkey",
                  "Relation Name": "char_name",
                  "Alias": "chn",
                  "Startup Cost": 0.43,
                  "Total Cost": 0.46,
                  "Plan Rows": 1,
                  "Plan Width": 4,
                  "Actual Startup Time": 0.002,
                  "Actual Total Time": 0.002,
                  "Actual Rows": 0,
                  "Actual Loops": 427606,
                  "Index Cond": "(id = ci.person_role_id)",
                  "Rows Removed by Index Recheck": 0,
                  "Filter": "((name IS NOT NULL) AND (name ~~ '%Gina''s%'::text))",
                  "Rows Removed by Filter": 0
                }
              ]
            },
            {
              "Node Type": "Index Scan",
              "Parent Relationship": "Inner",
              "Parallel Aware": false,
              "Scan Direction": "Forward",
              "Index Name": "name_pkey",
              "Relation Name": "name",
              "Alias": "n",
              "Startup Cost": 0.43,
              "Total Cost": 0.46,
              "Plan Rows": 1,
              "Plan Width": 19,
              "Actual Startup Time": 0.037,
              "Actual Total Time": 0.037,
              "Actual Rows": 1,
              "Actual Loops": 7,
              "Index Cond": "(id = ci.person_id)",
              "Rows Removed by Index Recheck": 0
            }
          ]
        }
      ]
    },
    "Planning Time": 19.962,
    "Triggers": [],
    "Execution Time": 2667.689
  }
]