{
    "Plan": {
        "Node Type": "Aggregate",
        "Strategy": "Plain",
        "Partial Mode": "Finalize",
        "Parallel Aware": false,
        "Startup Cost": 408259.67,
        "Total Cost": 408259.68,
        "Plan Rows": 1,
        "Plan Width": 8,
        "Actual Startup Time": 1699.557,
        "Actual Total Time": 1742.664,
        "Actual Rows": 1,
        "Actual Loops": 1,
        "Output": [
            "count(*)"
        ],
        "Plans": [
            {
                "Node Type": "Gather",
                "Parent Relationship": "Outer",
                "Parallel Aware": false,
                "Startup Cost": 408259.04,
                "Total Cost": 408259.65,
                "Plan Rows": 6,
                "Plan Width": 8,
                "Actual Startup Time": 1682.093,
                "Actual Total Time": 1742.645,
                "Actual Rows": 7,
                "Actual Loops": 1,
                "Output": [
                    "(PARTIAL count(*))"
                ],
                "Workers Planned": 6,
                "Workers Launched": 6,
                "Single Copy": false,
                "Plans": [
                    {
                        "Node Type": "Aggregate",
                        "Strategy": "Plain",
                        "Partial Mode": "Partial",
                        "Parent Relationship": "Outer",
                        "Parallel Aware": false,
                        "Startup Cost": 407259.04,
                        "Total Cost": 407259.05,
                        "Plan Rows": 1,
                        "Plan Width": 8,
                        "Actual Startup Time": 1670.87,
                        "Actual Total Time": 1671.063,
                        "Actual Rows": 1,
                        "Actual Loops": 7,
                        "Output": [
                            "PARTIAL count(*)"
                        ],
                        "Workers": [
                            {
                                "Worker Number": 0,
                                "Actual Startup Time": 1668.122,
                                "Actual Total Time": 1668.128,
                                "Actual Rows": 1,
                                "Actual Loops": 1
                            },
                            {
                                "Worker Number": 1,
                                "Actual Startup Time": 1668.198,
                                "Actual Total Time": 1668.204,
                                "Actual Rows": 1,
                                "Actual Loops": 1
                            },
                            {
                                "Worker Number": 2,
                                "Actual Startup Time": 1670.991,
                                "Actual Total Time": 1670.997,
                                "Actual Rows": 1,
                                "Actual Loops": 1
                            },
                            {
                                "Worker Number": 3,
                                "Actual Startup Time": 1669.266,
                                "Actual Total Time": 1669.272,
                                "Actual Rows": 1,
                                "Actual Loops": 1
                            },
                            {
                                "Worker Number": 4,
                                "Actual Startup Time": 1669.11,
                                "Actual Total Time": 1669.115,
                                "Actual Rows": 1,
                                "Actual Loops": 1
                            },
                            {
                                "Worker Number": 5,
                                "Actual Startup Time": 1669.285,
                                "Actual Total Time": 1669.291,
                                "Actual Rows": 1,
                                "Actual Loops": 1
                            }
                        ],
                        "Plans": [
                            {
                                "Node Type": "Hash Join",
                                "Parent Relationship": "Outer",
                                "Parallel Aware": true,
                                "Join Type": "Inner",
                                "Startup Cost": 79342.65,
                                "Total Cost": 406012.5,
                                "Plan Rows": 498616,
                                "Plan Width": 0,
                                "Actual Startup Time": 394.102,
                                "Actual Total Time": 1563.072,
                                "Actual Rows": 2149540,
                                "Actual Loops": 7,
                                "Inner Unique": false,
                                "Hash Cond": "(ci.movie_id = t.id)",
                                "Workers": [
                                    {
                                        "Worker Number": 0,
                                        "Actual Startup Time": 391.91,
                                        "Actual Total Time": 1554.097,
                                        "Actual Rows": 1832033,
                                        "Actual Loops": 1
                                    },
                                    {
                                        "Worker Number": 1,
                                        "Actual Startup Time": 391.611,
                                        "Actual Total Time": 1557.798,
                                        "Actual Rows": 1744917,
                                        "Actual Loops": 1
                                    },
                                    {
                                        "Worker Number": 2,
                                        "Actual Startup Time": 392.122,
                                        "Actual Total Time": 1559.205,
                                        "Actual Rows": 1796131,
                                        "Actual Loops": 1
                                    },
                                    {
                                        "Worker Number": 3,
                                        "Actual Startup Time": 392.722,
                                        "Actual Total Time": 1569.722,
                                        "Actual Rows": 2598197,
                                        "Actual Loops": 1
                                    },
                                    {
                                        "Worker Number": 4,
                                        "Actual Startup Time": 392.78,
                                        "Actual Total Time": 1573.401,
                                        "Actual Rows": 2440410,
                                        "Actual Loops": 1
                                    },
                                    {
                                        "Worker Number": 5,
                                        "Actual Startup Time": 392.883,
                                        "Actual Total Time": 1555.798,
                                        "Actual Rows": 1823902,
                                        "Actual Loops": 1
                                    }
                                ],
                                "Plans": [
                                    {
                                        "Node Type": "Index Scan",
                                        "Parent Relationship": "Outer",
                                        "Parallel Aware": true,
                                        "Scan Direction": "Forward",
                                        "Index Name": "role_id_cast_info",
                                        "Relation Name": "cast_info",
                                        "Schema": "public",
                                        "Alias": "ci",
                                        "Startup Cost": 0.56,
                                        "Total Cost": 317556.15,
                                        "Plan Rows": 2001556,
                                        "Plan Width": 4,
                                        "Actual Startup Time": 0.252,
                                        "Actual Total Time": 414.933,
                                        "Actual Rows": 1730521,
                                        "Actual Loops": 7,
                                        "Output": [
                                            "ci.id",
                                            "ci.person_id",
                                            "ci.movie_id",
                                            "ci.person_role_id",
                                            "ci.note",
                                            "ci.nr_order",
                                            "ci.role_id"
                                        ],
                                        "Index Cond": "(ci.role_id > 3)",
                                        "Rows Removed by Index Recheck": 0,
                                        "Workers": [
                                            {
                                                "Worker Number": 0,
                                                "Actual Startup Time": 0.471,
                                                "Actual Total Time": 435.752,
                                                "Actual Rows": 1480483,
                                                "Actual Loops": 1
                                            },
                                            {
                                                "Worker Number": 1,
                                                "Actual Startup Time": 0.095,
                                                "Actual Total Time": 433.988,
                                                "Actual Rows": 1412431,
                                                "Actual Loops": 1
                                            },
                                            {
                                                "Worker Number": 2,
                                                "Actual Startup Time": 0.332,
                                                "Actual Total Time": 430.567,
                                                "Actual Rows": 1428190,
                                                "Actual Loops": 1
                                            },
                                            {
                                                "Worker Number": 3,
                                                "Actual Startup Time": 0.064,
                                                "Actual Total Time": 412.45,
                                                "Actual Rows": 2087717,
                                                "Actual Loops": 1
                                            },
                                            {
                                                "Worker Number": 4,
                                                "Actual Startup Time": 0.34,
                                                "Actual Total Time": 412.001,
                                                "Actual Rows": 1974114,
                                                "Actual Loops": 1
                                            },
                                            {
                                                "Worker Number": 5,
                                                "Actual Startup Time": 0.305,
                                                "Actual Total Time": 435.614,
                                                "Actual Rows": 1480069,
                                                "Actual Loops": 1
                                            }
                                        ]
                                    },
                                    {
                                        "Node Type": "Hash",
                                        "Parent Relationship": "Inner",
                                        "Parallel Aware": true,
                                        "Startup Cost": 76802.4,
                                        "Total Cost": 76802.4,
                                        "Plan Rows": 203175,
                                        "Plan Width": 8,
                                        "Actual Startup Time": 390.611,
                                        "Actual Total Time": 390.802,
                                        "Actual Rows": 198273,
                                        "Actual Loops": 7,
                                        "Output": [
                                            "t.id",
                                            "mc.movie_id"
                                        ],
                                        "Hash Buckets": 2097152,
                                        "Original Hash Buckets": 1048576,
                                        "Hash Batches": 1,
                                        "Original Hash Batches": 1,
                                        "Peak Memory Usage": 78976,
                                        "Workers": [
                                            {
                                                "Worker Number": 0,
                                                "Actual Startup Time": 391.022,
                                                "Actual Total Time": 391.026,
                                                "Actual Rows": 171825,
                                                "Actual Loops": 1
                                            },
                                            {
                                                "Worker Number": 1,
                                                "Actual Startup Time": 390.935,
                                                "Actual Total Time": 390.938,
                                                "Actual Rows": 162185,
                                                "Actual Loops": 1
                                            },
                                            {
                                                "Worker Number": 2,
                                                "Actual Startup Time": 391.05,
                                                "Actual Total Time": 391.054,
                                                "Actual Rows": 164083,
                                                "Actual Loops": 1
                                            },
                                            {
                                                "Worker Number": 3,
                                                "Actual Startup Time": 392.093,
                                                "Actual Total Time": 392.097,
                                                "Actual Rows": 237786,
                                                "Actual Loops": 1
                                            },
                                            {
                                                "Worker Number": 4,
                                                "Actual Startup Time": 391.949,
                                                "Actual Total Time": 391.953,
                                                "Actual Rows": 223994,
                                                "Actual Loops": 1
                                            },
                                            {
                                                "Worker Number": 5,
                                                "Actual Startup Time": 392.157,
                                                "Actual Total Time": 392.161,
                                                "Actual Rows": 171478,
                                                "Actual Loops": 1
                                            }
                                        ],
                                        "Plans": [
                                            {
                                                "Node Type": "Hash Join",
                                                "Parent Relationship": "Outer",
                                                "Parallel Aware": true,
                                                "Join Type": "Inner",
                                                "Startup Cost": 47386.51,
                                                "Total Cost": 76802.4,
                                                "Plan Rows": 203175,
                                                "Plan Width": 8,
                                                "Actual Startup Time": 133.271,
                                                "Actual Total Time": 290.463,
                                                "Actual Rows": 198273,
                                                "Actual Loops": 7,
                                                "Output": [
                                                    "t.id",
                                                    "mc.movie_id"
                                                ],
                                                "Inner Unique": true,
                                                "Hash Cond": "(mc.movie_id = t.id)",
                                                "Workers": [
                                                    {
                                                        "Worker Number": 0,
                                                        "Actual Startup Time": 133.389,
                                                        "Actual Total Time": 291.359,
                                                        "Actual Rows": 171825,
                                                        "Actual Loops": 1
                                                    },
                                                    {
                                                        "Worker Number": 1,
                                                        "Actual Startup Time": 133.385,
                                                        "Actual Total Time": 290.678,
                                                        "Actual Rows": 162185,
                                                        "Actual Loops": 1
                                                    },
                                                    {
                                                        "Worker Number": 2,
                                                        "Actual Startup Time": 133.259,
                                                        "Actual Total Time": 290.519,
                                                        "Actual Rows": 164083,
                                                        "Actual Loops": 1
                                                    },
                                                    {
                                                        "Worker Number": 3,
                                                        "Actual Startup Time": 133.241,
                                                        "Actual Total Time": 290.954,
                                                        "Actual Rows": 237786,
                                                        "Actual Loops": 1
                                                    },
                                                    {
                                                        "Worker Number": 4,
                                                        "Actual Startup Time": 133.104,
                                                        "Actual Total Time": 289.921,
                                                        "Actual Rows": 223994,
                                                        "Actual Loops": 1
                                                    },
                                                    {
                                                        "Worker Number": 5,
                                                        "Actual Startup Time": 133.255,
                                                        "Actual Total Time": 290.346,
                                                        "Actual Rows": 171478,
                                                        "Actual Loops": 1
                                                    }
                                                ],
                                                "Plans": [
                                                    {
                                                        "Node Type": "Seq Scan",
                                                        "Parent Relationship": "Outer",
                                                        "Parallel Aware": true,
                                                        "Relation Name": "movie_companies",
                                                        "Schema": "public",
                                                        "Alias": "mc",
                                                        "Startup Cost": 0.0,
                                                        "Total Cost": 27206.55,
                                                        "Plan Rows": 841655,
                                                        "Plan Width": 4,
                                                        "Actual Startup Time": 0.02,
                                                        "Actual Total Time": 48.655,
                                                        "Actual Rows": 372733,
                                                        "Actual Loops": 7,
                                                        "Output": [
                                                            "mc.id",
                                                            "mc.movie_id",
                                                            "mc.company_id",
                                                            "mc.company_type_id",
                                                            "mc.note"
                                                        ],
                                                        "Workers": [
                                                            {
                                                                "Worker Number": 0,
                                                                "Actual Startup Time": 0.021,
                                                                "Actual Total Time": 51.766,
                                                                "Actual Rows": 322240,
                                                                "Actual Loops": 1
                                                            },
                                                            {
                                                                "Worker Number": 1,
                                                                "Actual Startup Time": 0.024,
                                                                "Actual Total Time": 51.688,
                                                                "Actual Rows": 304530,
                                                                "Actual Loops": 1
                                                            },
                                                            {
                                                                "Worker Number": 2,
                                                                "Actual Startup Time": 0.02,
                                                                "Actual Total Time": 52.881,
                                                                "Actual Rows": 304777,
                                                                "Actual Loops": 1
                                                            },
                                                            {
                                                                "Worker Number": 3,
                                                                "Actual Startup Time": 0.018,
                                                                "Actual Total Time": 48.243,
                                                                "Actual Rows": 447654,
                                                                "Actual Loops": 1
                                                            },
                                                            {
                                                                "Worker Number": 4,
                                                                "Actual Startup Time": 0.021,
                                                                "Actual Total Time": 47.563,
                                                                "Actual Rows": 420666,
                                                                "Actual Loops": 1
                                                            },
                                                            {
                                                                "Worker Number": 5,
                                                                "Actual Startup Time": 0.026,
                                                                "Actual Total Time": 51.084,
                                                                "Actual Rows": 317125,
                                                                "Actual Loops": 1
                                                            }
                                                        ]
                                                    },
                                                    {
                                                        "Node Type": "Hash",
                                                        "Parent Relationship": "Inner",
                                                        "Parallel Aware": true,
                                                        "Startup Cost": 45479.21,
                                                        "Total Cost": 45479.21,
                                                        "Plan Rows": 152584,
                                                        "Plan Width": 4,
                                                        "Actual Startup Time": 131.703,
                                                        "Actual Total Time": 131.704,
                                                        "Actual Rows": 96527,
                                                        "Actual Loops": 7,
                                                        "Output": [
                                                            "t.id"
                                                        ],
                                                        "Hash Buckets": 1048576,
                                                        "Original Hash Buckets": 1048576,
                                                        "Hash Batches": 1,
                                                        "Original Hash Batches": 1,
                                                        "Peak Memory Usage": 34720,
                                                        "Workers": [
                                                            {
                                                                "Worker Number": 0,
                                                                "Actual Startup Time": 133.028,
                                                                "Actual Total Time": 133.029,
                                                                "Actual Rows": 81661,
                                                                "Actual Loops": 1
                                                            },
                                                            {
                                                                "Worker Number": 1,
                                                                "Actual Startup Time": 133.093,
                                                                "Actual Total Time": 133.094,
                                                                "Actual Rows": 77688,
                                                                "Actual Loops": 1
                                                            },
                                                            {
                                                                "Worker Number": 2,
                                                                "Actual Startup Time": 133.032,
                                                                "Actual Total Time": 133.034,
                                                                "Actual Rows": 78937,
                                                                "Actual Loops": 1
                                                            },
                                                            {
                                                                "Worker Number": 3,
                                                                "Actual Startup Time": 133.07,
                                                                "Actual Total Time": 133.071,
                                                                "Actual Rows": 114647,
                                                                "Actual Loops": 1
                                                            },
                                                            {
                                                                "Worker Number": 4,
                                                                "Actual Startup Time": 132.974,
                                                                "Actual Total Time": 132.975,
                                                                "Actual Rows": 106488,
                                                                "Actual Loops": 1
                                                            },
                                                            {
                                                                "Worker Number": 5,
                                                                "Actual Startup Time": 133.05,
                                                                "Actual Total Time": 133.051,
                                                                "Actual Rows": 82158,
                                                                "Actual Loops": 1
                                                            }
                                                        ],
                                                        "Plans": [
                                                            {
                                                                "Node Type": "Seq Scan",
                                                                "Parent Relationship": "Outer",
                                                                "Parallel Aware": true,
                                                                "Relation Name": "title",
                                                                "Schema": "public",
                                                                "Alias": "t",
                                                                "Startup Cost": 0.0,
                                                                "Total Cost": 45479.21,
                                                                "Plan Rows": 152584,
                                                                "Plan Width": 4,
                                                                "Actual Startup Time": 0.085,
                                                                "Actual Total Time": 81.453,
                                                                "Actual Rows": 96527,
                                                                "Actual Loops": 7,
                                                                "Output": [
                                                                    "t.id"
                                                                ],
                                                                "Filter": "((t.kind_id < 7) AND (t.production_year < 2007))",
                                                                "Rows Removed by Filter": 264660,
                                                                "Workers": [
                                                                    {
                                                                        "Worker Number": 0,
                                                                        "Actual Startup Time": 0.088,
                                                                        "Actual Total Time": 81.982,
                                                                        "Actual Rows": 81661,
                                                                        "Actual Loops": 1
                                                                    },
                                                                    {
                                                                        "Worker Number": 1,
                                                                        "Actual Startup Time": 0.09,
                                                                        "Actual Total Time": 82.431,
                                                                        "Actual Rows": 77688,
                                                                        "Actual Loops": 1
                                                                    },
                                                                    {
                                                                        "Worker Number": 2,
                                                                        "Actual Startup Time": 0.158,
                                                                        "Actual Total Time": 82.214,
                                                                        "Actual Rows": 78937,
                                                                        "Actual Loops": 1
                                                                    },
                                                                    {
                                                                        "Worker Number": 3,
                                                                        "Actual Startup Time": 0.077,
                                                                        "Actual Total Time": 81.135,
                                                                        "Actual Rows": 114647,
                                                                        "Actual Loops": 1
                                                                    },
                                                                    {
                                                                        "Worker Number": 4,
                                                                        "Actual Startup Time": 0.082,
                                                                        "Actual Total Time": 80.777,
                                                                        "Actual Rows": 106488,
                                                                        "Actual Loops": 1
                                                                    },
                                                                    {
                                                                        "Worker Number": 5,
                                                                        "Actual Startup Time": 0.08,
                                                                        "Actual Total Time": 82.531,
                                                                        "Actual Rows": 82158,
                                                                        "Actual Loops": 1
                                                                    }
                                                                ]
                                                            }
                                                        ]
                                                    }
                                                ]
                                            }
                                        ]
                                    }
                                ]
                            }
                        ]
                    }
                ]
            }
        ]
    },
    "Planning Time": 1.625,
    "Triggers": [],
    "Execution Time": 1742.773
}