[
  {
    "Plan": {
      "Node Type": "Aggregate",
      "Strategy": "Plain",
      "Partial Mode": "Finalize",
      "Parallel Aware": false,
      "Startup Cost": 32738.2,
      "Total Cost": 32738.21,
      "Plan Rows": 1,
      "Plan Width": 8,
      "Actual Startup Time": 91.355,
      "Actual Total Time": 99.453,
      "Actual Rows": 1,
      "Actual Loops": 1,
      "Plans": [
        {
          "Node Type": "Gather",
          "Parent Relationship": "Outer",
          "Parallel Aware": false,
          "Startup Cost": 32737.88,
          "Total Cost": 32738.19,
          "Plan Rows": 3,
          "Plan Width": 8,
          "Actual Startup Time": 91.232,
          "Actual Total Time": 99.445,
          "Actual Rows": 4,
          "Actual Loops": 1,
          "Workers Planned": 3,
          "Workers Launched": 3,
          "Single Copy": false,
          "Plans": [
            {
              "Node Type": "Aggregate",
              "Strategy": "Plain",
              "Partial Mode": "Partial",
              "Parent Relationship": "Outer",
              "Parallel Aware": false,
              "Startup Cost": 31737.88,
              "Total Cost": 31737.89,
              "Plan Rows": 1,
              "Plan Width": 8,
              "Actual Startup Time": 84.65,
              "Actual Total Time": 84.651,
              "Actual Rows": 1,
              "Actual Loops": 4,
              "Plans": [
                {
                  "Node Type": "Seq Scan",
                  "Parent Relationship": "Outer",
                  "Parallel Aware": true,
                  "Relation Name": "movie_companies",
                  "Alias": "mc",
                  "Startup Cost": 0.0,
                  "Total Cost": 31414.82,
                  "Plan Rows": 129225,
                  "Plan Width": 0,
                  "Actual Startup Time": 0.039,
                  "Actual Total Time": 74.892,
                  "Actual Rows": 143174,
                  "Actual Loops": 4,
                  "Filter": "((company_id < 1826) AND (company_type_id = 1))",
                  "Rows Removed by Filter": 509108
                }
              ]
            }
          ]
        }
      ]
    },
    "Planning Time": 0.253,
    "Triggers": [],
    "Execution Time": 99.512
  }
]