[
  {
    "Plan": {
      "Node Type": "Aggregate",
      "Strategy": "Plain",
      "Partial Mode": "Finalize",
      "Parallel Aware": false,
      "Startup Cost": 89240.16,
      "Total Cost": 89240.17,
      "Plan Rows": 1,
      "Plan Width": 8,
      "Actual Startup Time": 260.516,
      "Actual Total Time": 276.889,
      "Actual Rows": 1,
      "Actual Loops": 1,
      "Plans": [
        {
          "Node Type": "Gather",
          "Parent Relationship": "Outer",
          "Parallel Aware": false,
          "Startup Cost": 89239.84,
          "Total Cost": 89240.15,
          "Plan Rows": 3,
          "Plan Width": 8,
          "Actual Startup Time": 259.093,
          "Actual Total Time": 276.878,
          "Actual Rows": 4,
          "Actual Loops": 1,
          "Workers Planned": 3,
          "Workers Launched": 3,
          "Single Copy": false,
          "Plans": [
            {
              "Node Type": "Aggregate",
              "Strategy": "Plain",
              "Partial Mode": "Partial",
              "Parent Relationship": "Outer",
              "Parallel Aware": false,
              "Startup Cost": 88239.84,
              "Total Cost": 88239.85,
              "Plan Rows": 1,
              "Plan Width": 8,
              "Actual Startup Time": 253.14,
              "Actual Total Time": 253.144,
              "Actual Rows": 1,
              "Actual Loops": 4,
              "Plans": [
                {
                  "Node Type": "Hash Join",
                  "Parent Relationship": "Outer",
                  "Parallel Aware": true,
                  "Join Type": "Inner",
                  "Startup Cost": 44551.03,
                  "Total Cost": 88167.51,
                  "Plan Rows": 28934,
                  "Plan Width": 0,
                  "Actual Startup Time": 122.71,
                  "Actual Total Time": 251.041,
                  "Actual Rows": 41889,
                  "Actual Loops": 4,
                  "Inner Unique": true,
                  "Hash Cond": "(mk.movie_id = t.id)",
                  "Plans": [
                    {
                      "Node Type": "Seq Scan",
                      "Parent Relationship": "Outer",
                      "Parallel Aware": true,
                      "Relation Name": "movie_keyword",
                      "Alias": "mk",
                      "Startup Cost": 0.0,
                      "Total Cost": 42695.65,
                      "Plan Rows": 350788,
                      "Plan Width": 4,
                      "Actual Startup Time": 1.229,
                      "Actual Total Time": 95.322,
                      "Actual Rows": 271693,
                      "Actual Loops": 4,
                      "Filter": "(keyword_id > 16270)",
                      "Rows Removed by Filter": 859290
                    },
                    {
                      "Node Type": "Hash",
                      "Parent Relationship": "Inner",
                      "Parallel Aware": true,
                      "Startup Cost": 43899.32,
                      "Total Cost": 43899.32,
                      "Plan Rows": 52137,
                      "Plan Width": 4,
                      "Actual Startup Time": 118.422,
                      "Actual Total Time": 118.423,
                      "Actual Rows": 55279,
                      "Actual Loops": 4,
                      "Hash Buckets": 262144,
                      "Original Hash Buckets": 262144,
                      "Hash Batches": 1,
                      "Original Hash Batches": 1,
                      "Peak Memory Usage": 10784,
                      "Plans": [
                        {
                          "Node Type": "Seq Scan",
                          "Parent Relationship": "Outer",
                          "Parallel Aware": true,
                          "Relation Name": "title",
                          "Alias": "t",
                          "Startup Cost": 0.0,
                          "Total Cost": 43899.32,
                          "Plan Rows": 52137,
                          "Plan Width": 4,
                          "Actual Startup Time": 0.067,
                          "Actual Total Time": 97.017,
                          "Actual Rows": 55279,
                          "Actual Loops": 4,
                          "Filter": "(production_year < 1958)",
                          "Rows Removed by Filter": 576799
                        }
                      ]
                    }
                  ]
                }
              ]
            }
          ]
        }
      ]
    },
    "Planning Time": 0.612,
    "Triggers": [],
    "Execution Time": 276.965
  }
]