[
  {
    "Plan": {
      "Node Type": "Aggregate",
      "Strategy": "Plain",
      "Partial Mode": "Finalize",
      "Parallel Aware": false,
      "Startup Cost": 45895.65,
      "Total Cost": 45895.66,
      "Plan Rows": 1,
      "Plan Width": 8,
      "Actual Startup Time": 171.341,
      "Actual Total Time": 181.473,
      "Actual Rows": 1,
      "Actual Loops": 1,
      "Plans": [
        {
          "Node Type": "Gather",
          "Parent Relationship": "Outer",
          "Parallel Aware": false,
          "Startup Cost": 45895.33,
          "Total Cost": 45895.64,
          "Plan Rows": 3,
          "Plan Width": 8,
          "Actual Startup Time": 171.252,
          "Actual Total Time": 181.463,
          "Actual Rows": 4,
          "Actual Loops": 1,
          "Workers Planned": 3,
          "Workers Launched": 3,
          "Single Copy": false,
          "Plans": [
            {
              "Node Type": "Aggregate",
              "Strategy": "Plain",
              "Partial Mode": "Partial",
              "Parent Relationship": "Outer",
              "Parallel Aware": false,
              "Startup Cost": 44895.33,
              "Total Cost": 44895.34,
              "Plan Rows": 1,
              "Plan Width": 8,
              "Actual Startup Time": 162.919,
              "Actual Total Time": 162.921,
              "Actual Rows": 1,
              "Actual Loops": 4,
              "Plans": [
                {
                  "Node Type": "Seq Scan",
                  "Parent Relationship": "Outer",
                  "Parallel Aware": true,
                  "Relation Name": "movie_keyword",
                  "Alias": "mk",
                  "Startup Cost": 0.0,
                  "Total Cost": 42695.65,
                  "Plan Rows": 879872,
                  "Plan Width": 0,
                  "Actual Startup Time": 0.059,
                  "Actual Total Time": 128.227,
                  "Actual Rows": 679960,
                  "Actual Loops": 4,
                  "Filter": "(keyword_id < 7695)",
                  "Rows Removed by Filter": 451022
                }
              ]
            }
          ]
        }
      ]
    },
    "Planning Time": 0.163,
    "Triggers": [],
    "Execution Time": 181.549
  }
]