{
  "Plan": {
    "Node Type": "Aggregate",
    "Strategy": "Plain",
    "Partial Mode": "Finalize",
    "Parallel Aware": false,
    "Startup Cost": 142281.65,
    "Total Cost": 142281.66,
    "Plan Rows": 1,
    "Plan Width": 8,
    "Actual Startup Time": 881.717,
    "Actual Total Time": 896.175,
    "Actual Rows": 1,
    "Actual Loops": 1,
    "Plans": [
      {
        "Node Type": "Gather",
        "Parent Relationship": "Outer",
        "Parallel Aware": false,
        "Startup Cost": 142281.54,
        "Total Cost": 142281.65,
        "Plan Rows": 1,
        "Plan Width": 8,
        "Actual Startup Time": 877.657,
        "Actual Total Time": 896.166,
        "Actual Rows": 2,
        "Actual Loops": 1,
        "Workers Planned": 1,
        "Workers Launched": 1,
        "Single Copy": false,
        "Plans": [
          {
            "Node Type": "Aggregate",
            "Strategy": "Plain",
            "Partial Mode": "Partial",
            "Parent Relationship": "Outer",
            "Parallel Aware": false,
            "Startup Cost": 141281.54,
            "Total Cost": 141281.55,
            "Plan Rows": 1,
            "Plan Width": 8,
            "Actual Startup Time": 874.06,
            "Actual Total Time": 874.79,
            "Actual Rows": 1,
            "Actual Loops": 2,
            "Plans": [
              {
                "Node Type": "Hash Join",
                "Parent Relationship": "Outer",
                "Parallel Aware": true,
                "Join Type": "Inner",
                "Startup Cost": 121885.02,
                "Total Cost": 141192.71,
                "Plan Rows": 35533,
                "Plan Width": 0,
                "Actual Startup Time": 745.036,
                "Actual Total Time": 849.797,
                "Actual Rows": 597019,
                "Actual Loops": 2,
                "Inner Unique": false,
                "Hash Cond": "(mi_idx.movie_id = t.id)",
                "Plans": [
                  {
                    "Node Type": "Seq Scan",
                    "Parent Relationship": "Outer",
                    "Parallel Aware": true,
                    "Relation Name": "movie_info_idx",
                    "Alias": "mi_idx",
                    "Startup Cost": 0.0,
                    "Total Cost": 18082.32,
                    "Plan Rows": 271028,
                    "Plan Width": 4,
                    "Actual Startup Time": 0.028,
                    "Actual Total Time": 49.829,
                    "Actual Rows": 229962,
                    "Actual Loops": 2,
                    "Filter": "(info_type_id = 101)",
                    "Rows Removed by Filter": 460055
                  },
                  {
                    "Node Type": "Hash",
                    "Parent Relationship": "Inner",
                    "Parallel Aware": true,
                    "Startup Cost": 119447.75,
                    "Total Cost": 119447.75,
                    "Plan Rows": 194981,
                    "Plan Width": 8,
                    "Actual Startup Time": 701.314,
                    "Actual Total Time": 702.042,
                    "Actual Rows": 686256,
                    "Actual Loops": 2,
                    "Hash Buckets": 2097152,
                    "Original Hash Buckets": 524288,
                    "Hash Batches": 1,
                    "Original Hash Batches": 1,
                    "Peak Memory Usage": 82400,
                    "Plans": [
                      {
                        "Node Type": "Hash Join",
                        "Parent Relationship": "Outer",
                        "Parallel Aware": true,
                        "Join Type": "Inner",
                        "Startup Cost": 55173.88,
                        "Total Cost": 119447.75,
                        "Plan Rows": 194981,
                        "Plan Width": 8,
                        "Actual Startup Time": 203.899,
                        "Actual Total Time": 554.762,
                        "Actual Rows": 686256,
                        "Actual Loops": 2,
                        "Inner Unique": true,
                        "Hash Cond": "(mk.movie_id = t.id)",
                        "Plans": [
                          {
                            "Node Type": "Seq Scan",
                            "Parent Relationship": "Outer",
                            "Parallel Aware": true,
                            "Relation Name": "movie_keyword",
                            "Alias": "mk",
                            "Startup Cost": 0.0,
                            "Total Cost": 57718.19,
                            "Plan Rows": 2497398,
                            "Plan Width": 4,
                            "Actual Startup Time": 0.022,
                            "Actual Total Time": 200.686,
                            "Actual Rows": 2115222,
                            "Actual Loops": 2,
                            "Filter": "(keyword_id > 236)",
                            "Rows Removed by Filter": 146742
                          },
                          {
                            "Node Type": "Hash",
                            "Parent Relationship": "Inner",
                            "Parallel Aware": true,
                            "Startup Cost": 53722.46,
                            "Total Cost": 53722.46,
                            "Plan Rows": 116114,
                            "Plan Width": 4,
                            "Actual Startup Time": 138.903,
                            "Actual Total Time": 138.904,
                            "Actual Rows": 165611,
                            "Actual Loops": 2,
                            "Hash Buckets": 524288,
                            "Original Hash Buckets": 262144,
                            "Hash Batches": 1,
                            "Original Hash Batches": 1,
                            "Peak Memory Usage": 19136,
                            "Plans": [
                              {
                                "Node Type": "Bitmap Heap Scan",
                                "Parent Relationship": "Outer",
                                "Parallel Aware": true,
                                "Relation Name": "title",
                                "Alias": "t",
                                "Startup Cost": 11872.2,
                                "Total Cost": 53722.46,
                                "Plan Rows": 116114,
                                "Plan Width": 4,
                                "Actual Startup Time": 33.117,
                                "Actual Total Time": 97.496,
                                "Actual Rows": 165611,
                                "Actual Loops": 2,
                                "Recheck Cond": "(kind_id < 2)",
                                "Rows Removed by Index Recheck": 0,
                                "Filter": "(production_year < 1993)",
                                "Rows Removed by Filter": 165802,
                                "Exact Heap Blocks": 8170,
                                "Lossy Heap Blocks": 0,
                                "Plans": [
                                  {
                                    "Node Type": "Bitmap Index Scan",
                                    "Parent Relationship": "Outer",
                                    "Parallel Aware": false,
                                    "Index Name": "kind_id_title",
                                    "Startup Cost": 0.0,
                                    "Total Cost": 11822.85,
                                    "Plan Rows": 663256,
                                    "Plan Width": 0,
                                    "Actual Startup Time": 31.214,
                                    "Actual Total Time": 31.214,
                                    "Actual Rows": 662825,
                                    "Actual Loops": 1,
                                    "Index Cond": "(kind_id < 2)"
                                  }
                                ]
                              }
                            ]
                          }
                        ]
                      }
                    ]
                  }
                ]
              }
            ]
          }
        ]
      }
    ]
  },
  "Planning Time": 1.004,
  "Triggers": [],
  "Execution Time": 896.275
}