[
  {
    "Plan": {
      "Node Type": "Aggregate",
      "Strategy": "Plain",
      "Partial Mode": "Finalize",
      "Parallel Aware": false,
      "Startup Cost": 33279.33,
      "Total Cost": 33279.34,
      "Plan Rows": 1,
      "Plan Width": 8,
      "Actual Startup Time": 87.204,
      "Actual Total Time": 95.317,
      "Actual Rows": 1,
      "Actual Loops": 1,
      "Plans": [
        {
          "Node Type": "Gather",
          "Parent Relationship": "Outer",
          "Parallel Aware": false,
          "Startup Cost": 33279.01,
          "Total Cost": 33279.32,
          "Plan Rows": 3,
          "Plan Width": 8,
          "Actual Startup Time": 87.043,
          "Actual Total Time": 95.306,
          "Actual Rows": 4,
          "Actual Loops": 1,
          "Workers Planned": 3,
          "Workers Launched": 3,
          "Single Copy": false,
          "Plans": [
            {
              "Node Type": "Aggregate",
              "Strategy": "Plain",
              "Partial Mode": "Partial",
              "Parent Relationship": "Outer",
              "Parallel Aware": false,
              "Startup Cost": 32279.01,
              "Total Cost": 32279.02,
              "Plan Rows": 1,
              "Plan Width": 8,
              "Actual Startup Time": 82.998,
              "Actual Total Time": 83.0,
              "Actual Rows": 1,
              "Actual Loops": 4,
              "Plans": [
                {
                  "Node Type": "Seq Scan",
                  "Parent Relationship": "Outer",
                  "Parallel Aware": true,
                  "Relation Name": "movie_companies",
                  "Alias": "mc",
                  "Startup Cost": 0.0,
                  "Total Cost": 31414.82,
                  "Plan Rows": 345676,
                  "Plan Width": 0,
                  "Actual Startup Time": 40.136,
                  "Actual Total Time": 74.428,
                  "Actual Rows": 206265,
                  "Actual Loops": 4,
                  "Filter": "((company_id < 73797) AND (company_type_id = 2))",
                  "Rows Removed by Filter": 446017
                }
              ]
            }
          ]
        }
      ]
    },
    "Planning Time": 0.234,
    "Triggers": [],
    "Execution Time": 95.374
  }
]