[
  {
    "Plan": {
      "Node Type": "Aggregate",
      "Strategy": "Plain",
      "Partial Mode": "Finalize",
      "Parallel Aware": false,
      "Startup Cost": 33111.32,
      "Total Cost": 33111.33,
      "Plan Rows": 1,
      "Plan Width": 8,
      "Actual Startup Time": 102.384,
      "Actual Total Time": 110.244,
      "Actual Rows": 1,
      "Actual Loops": 1,
      "Plans": [
        {
          "Node Type": "Gather",
          "Parent Relationship": "Outer",
          "Parallel Aware": false,
          "Startup Cost": 33111.0,
          "Total Cost": 33111.31,
          "Plan Rows": 3,
          "Plan Width": 8,
          "Actual Startup Time": 102.232,
          "Actual Total Time": 110.231,
          "Actual Rows": 4,
          "Actual Loops": 1,
          "Workers Planned": 3,
          "Workers Launched": 3,
          "Single Copy": false,
          "Plans": [
            {
              "Node Type": "Aggregate",
              "Strategy": "Plain",
              "Partial Mode": "Partial",
              "Parent Relationship": "Outer",
              "Parallel Aware": false,
              "Startup Cost": 32111.0,
              "Total Cost": 32111.01,
              "Plan Rows": 1,
              "Plan Width": 8,
              "Actual Startup Time": 98.145,
              "Actual Total Time": 98.147,
              "Actual Rows": 1,
              "Actual Loops": 4,
              "Plans": [
                {
                  "Node Type": "Seq Scan",
                  "Parent Relationship": "Outer",
                  "Parallel Aware": true,
                  "Relation Name": "movie_companies",
                  "Alias": "mc",
                  "Startup Cost": 0.0,
                  "Total Cost": 31414.82,
                  "Plan Rows": 278474,
                  "Plan Width": 0,
                  "Actual Startup Time": 43.896,
                  "Actual Total Time": 85.023,
                  "Actual Rows": 266703,
                  "Actual Loops": 4,
                  "Filter": "((company_id > 3139) AND (company_type_id = 2))",
                  "Rows Removed by Filter": 385580
                }
              ]
            }
          ]
        }
      ]
    },
    "Planning Time": 0.201,
    "Triggers": [],
    "Execution Time": 110.296
  }
]