{
  "Plan": {
    "Node Type": "Aggregate",
    "Strategy": "Plain",
    "Partial Mode": "Finalize",
    "Parallel Aware": false,
    "Startup Cost": 348326.25,
    "Total Cost": 348326.26,
    "Plan Rows": 1,
    "Plan Width": 8,
    "Actual Startup Time": 1766.384,
    "Actual Total Time": 1800.737,
    "Actual Rows": 1,
    "Actual Loops": 1,
    "Plans": [
      {
        "Node Type": "Gather",
        "Parent Relationship": "Outer",
        "Parallel Aware": false,
        "Startup Cost": 348326.14,
        "Total Cost": 348326.25,
        "Plan Rows": 1,
        "Plan Width": 8,
        "Actual Startup Time": 1766.119,
        "Actual Total Time": 1800.728,
        "Actual Rows": 2,
        "Actual Loops": 1,
        "Workers Planned": 1,
        "Workers Launched": 1,
        "Single Copy": false,
        "Plans": [
          {
            "Node Type": "Aggregate",
            "Strategy": "Plain",
            "Partial Mode": "Partial",
            "Parent Relationship": "Outer",
            "Parallel Aware": false,
            "Startup Cost": 347326.14,
            "Total Cost": 347326.15,
            "Plan Rows": 1,
            "Plan Width": 8,
            "Actual Startup Time": 1759.992,
            "Actual Total Time": 1759.997,
            "Actual Rows": 1,
            "Actual Loops": 2,
            "Plans": [
              {
                "Node Type": "Hash Join",
                "Parent Relationship": "Outer",
                "Parallel Aware": true,
                "Join Type": "Inner",
                "Startup Cost": 53961.39,
                "Total Cost": 347006.94,
                "Plan Rows": 127681,
                "Plan Width": 0,
                "Actual Startup Time": 144.365,
                "Actual Total Time": 1749.782,
                "Actual Rows": 182482,
                "Actual Loops": 2,
                "Inner Unique": true,
                "Hash Cond": "(mi.movie_id = t.id)",
                "Plans": [
                  {
                    "Node Type": "Seq Scan",
                    "Parent Relationship": "Outer",
                    "Parallel Aware": true,
                    "Relation Name": "movie_info",
                    "Alias": "mi",
                    "Startup Cost": 0.0,
                    "Total Cost": 270696.42,
                    "Plan Rows": 8513942,
                    "Plan Width": 4,
                    "Actual Startup Time": 0.017,
                    "Actual Total Time": 959.6,
                    "Actual Rows": 7264466,
                    "Actual Loops": 2,
                    "Filter": "(info_type_id < 106)",
                    "Rows Removed by Filter": 153394
                  },
                  {
                    "Node Type": "Hash",
                    "Parent Relationship": "Inner",
                    "Parallel Aware": true,
                    "Startup Cost": 53682.59,
                    "Total Cost": 53682.59,
                    "Plan Rows": 22304,
                    "Plan Width": 4,
                    "Actual Startup Time": 118.919,
                    "Actual Total Time": 118.92,
                    "Actual Rows": 16595,
                    "Actual Loops": 2,
                    "Hash Buckets": 65536,
                    "Original Hash Buckets": 65536,
                    "Hash Batches": 1,
                    "Original Hash Batches": 1,
                    "Peak Memory Usage": 1856,
                    "Plans": [
                      {
                        "Node Type": "Bitmap Heap Scan",
                        "Parent Relationship": "Outer",
                        "Parallel Aware": true,
                        "Relation Name": "title",
                        "Alias": "t",
                        "Startup Cost": 11832.33,
                        "Total Cost": 53682.59,
                        "Plan Rows": 22304,
                        "Plan Width": 4,
                        "Actual Startup Time": 40.312,
                        "Actual Total Time": 112.929,
                        "Actual Rows": 16595,
                        "Actual Loops": 2,
                        "Recheck Cond": "(kind_id = 1)",
                        "Rows Removed by Index Recheck": 0,
                        "Filter": "(production_year = 2010)",
                        "Rows Removed by Filter": 314818,
                        "Exact Heap Blocks": 7561,
                        "Lossy Heap Blocks": 0,
                        "Plans": [
                          {
                            "Node Type": "Bitmap Index Scan",
                            "Parent Relationship": "Outer",
                            "Parallel Aware": false,
                            "Index Name": "kind_id_title",
                            "Startup Cost": 0.0,
                            "Total Cost": 11822.85,
                            "Plan Rows": 663256,
                            "Plan Width": 0,
                            "Actual Startup Time": 41.91,
                            "Actual Total Time": 41.91,
                            "Actual Rows": 662825,
                            "Actual Loops": 1,
                            "Index Cond": "(kind_id = 1)"
                          }
                        ]
                      }
                    ]
                  }
                ]
              }
            ]
          }
        ]
      }
    ]
  },
  "Planning Time": 0.481,
  "Triggers": [],
  "Execution Time": 1800.84
}