[
    {
        "Bao": {
            "Bao prediction": "NaN",
            "Bao recommended hint": "(no hint)"
        }
    },
    {
        "Plan": {
            "Node Type": "Aggregate",
            "Strategy": "Plain",
            "Partial Mode": "Finalize",
            "Parallel Aware": false,
            "Startup Cost": 217265.66,
            "Total Cost": 217265.67,
            "Plan Rows": 1,
            "Plan Width": 8,
            "Actual Startup Time": 963.568,
            "Actual Total Time": 994.089,
            "Actual Rows": 1,
            "Actual Loops": 1,
            "Output": [
                "count(*)"
            ],
            "Plans": [
                {
                    "Node Type": "Gather",
                    "Parent Relationship": "Outer",
                    "Parallel Aware": false,
                    "Startup Cost": 217265.14,
                    "Total Cost": 217265.65,
                    "Plan Rows": 5,
                    "Plan Width": 8,
                    "Actual Startup Time": 961.281,
                    "Actual Total Time": 994.079,
                    "Actual Rows": 6,
                    "Actual Loops": 1,
                    "Output": [
                        "(PARTIAL count(*))"
                    ],
                    "Workers Planned": 5,
                    "Workers Launched": 5,
                    "Single Copy": false,
                    "Plans": [
                        {
                            "Node Type": "Aggregate",
                            "Strategy": "Plain",
                            "Partial Mode": "Partial",
                            "Parent Relationship": "Outer",
                            "Parallel Aware": false,
                            "Startup Cost": 216265.14,
                            "Total Cost": 216265.15,
                            "Plan Rows": 1,
                            "Plan Width": 8,
                            "Actual Startup Time": 951.162,
                            "Actual Total Time": 951.165,
                            "Actual Rows": 1,
                            "Actual Loops": 6,
                            "Output": [
                                "PARTIAL count(*)"
                            ],
                            "Workers": [
                                {
                                    "Worker Number": 0,
                                    "Actual Startup Time": 948.623,
                                    "Actual Total Time": 948.627,
                                    "Actual Rows": 1,
                                    "Actual Loops": 1
                                },
                                {
                                    "Worker Number": 1,
                                    "Actual Startup Time": 949.232,
                                    "Actual Total Time": 949.235,
                                    "Actual Rows": 1,
                                    "Actual Loops": 1
                                },
                                {
                                    "Worker Number": 2,
                                    "Actual Startup Time": 948.954,
                                    "Actual Total Time": 948.958,
                                    "Actual Rows": 1,
                                    "Actual Loops": 1
                                },
                                {
                                    "Worker Number": 3,
                                    "Actual Startup Time": 949.655,
                                    "Actual Total Time": 949.658,
                                    "Actual Rows": 1,
                                    "Actual Loops": 1
                                },
                                {
                                    "Worker Number": 4,
                                    "Actual Startup Time": 950.069,
                                    "Actual Total Time": 950.072,
                                    "Actual Rows": 1,
                                    "Actual Loops": 1
                                }
                            ],
                            "Plans": [
                                {
                                    "Node Type": "Nested Loop",
                                    "Parent Relationship": "Outer",
                                    "Parallel Aware": false,
                                    "Join Type": "Inner",
                                    "Startup Cost": 90444.33,
                                    "Total Cost": 215980.81,
                                    "Plan Rows": 113729,
                                    "Plan Width": 0,
                                    "Actual Startup Time": 278.6,
                                    "Actual Total Time": 915.315,
                                    "Actual Rows": 559540,
                                    "Actual Loops": 6,
                                    "Inner Unique": false,
                                    "Join Filter": "(t.id = mi.movie_id)",
                                    "Rows Removed by Join Filter": 0,
                                    "Workers": [
                                        {
                                            "Worker Number": 0,
                                            "Actual Startup Time": 282.838,
                                            "Actual Total Time": 913.629,
                                            "Actual Rows": 468925,
                                            "Actual Loops": 1
                                        },
                                        {
                                            "Worker Number": 1,
                                            "Actual Startup Time": 283.472,
                                            "Actual Total Time": 916.274,
                                            "Actual Rows": 422235,
                                            "Actual Loops": 1
                                        },
                                        {
                                            "Worker Number": 2,
                                            "Actual Startup Time": 260.842,
                                            "Actual Total Time": 911.875,
                                            "Actual Rows": 695777,
                                            "Actual Loops": 1
                                        },
                                        {
                                            "Worker Number": 3,
                                            "Actual Startup Time": 283.47,
                                            "Actual Total Time": 914.227,
                                            "Actual Rows": 477615,
                                            "Actual Loops": 1
                                        },
                                        {
                                            "Worker Number": 4,
                                            "Actual Startup Time": 289.21,
                                            "Actual Total Time": 916.734,
                                            "Actual Rows": 435745,
                                            "Actual Loops": 1
                                        }
                                    ],
                                    "Plans": [
                                        {
                                            "Node Type": "Merge Join",
                                            "Parent Relationship": "Outer",
                                            "Parallel Aware": false,
                                            "Join Type": "Inner",
                                            "Startup Cost": 90443.89,
                                            "Total Cost": 135859.15,
                                            "Plan Rows": 38306,
                                            "Plan Width": 8,
                                            "Actual Startup Time": 278.515,
                                            "Actual Total Time": 406.57,
                                            "Actual Rows": 41071,
                                            "Actual Loops": 6,
                                            "Output": [
                                                "t.id",
                                                "mi_idx.movie_id"
                                            ],
                                            "Inner Unique": true,
                                            "Merge Cond": "(mi_idx.movie_id = t.id)",
                                            "Workers": [
                                                {
                                                    "Worker Number": 0,
                                                    "Actual Startup Time": 282.729,
                                                    "Actual Total Time": 413.286,
                                                    "Actual Rows": 35596,
                                                    "Actual Loops": 1
                                                },
                                                {
                                                    "Worker Number": 1,
                                                    "Actual Startup Time": 283.371,
                                                    "Actual Total Time": 417.188,
                                                    "Actual Rows": 33612,
                                                    "Actual Loops": 1
                                                },
                                                {
                                                    "Worker Number": 2,
                                                    "Actual Startup Time": 260.771,
                                                    "Actual Total Time": 383.958,
                                                    "Actual Rows": 49888,
                                                    "Actual Loops": 1
                                                },
                                                {
                                                    "Worker Number": 3,
                                                    "Actual Startup Time": 283.377,
                                                    "Actual Total Time": 412.843,
                                                    "Actual Rows": 35126,
                                                    "Actual Loops": 1
                                                },
                                                {
                                                    "Worker Number": 4,
                                                    "Actual Startup Time": 289.105,
                                                    "Actual Total Time": 420.342,
                                                    "Actual Rows": 32102,
                                                    "Actual Loops": 1
                                                }
                                            ],
                                            "Plans": [
                                                {
                                                    "Node Type": "Index Only Scan",
                                                    "Parent Relationship": "Outer",
                                                    "Parallel Aware": true,
                                                    "Scan Direction": "Forward",
                                                    "Index Name": "movie_id_movie_info_idx",
                                                    "Relation Name": "movie_info_idx",
                                                    "Schema": "public",
                                                    "Alias": "mi_idx",
                                                    "Startup Cost": 0.43,
                                                    "Total Cost": 42590.53,
                                                    "Plan Rows": 276007,
                                                    "Plan Width": 4,
                                                    "Actual Startup Time": 0.157,
                                                    "Actual Total Time": 61.746,
                                                    "Actual Rows": 230006,
                                                    "Actual Loops": 6,
                                                    "Output": [
                                                        "mi_idx.movie_id"
                                                    ],
                                                    "Heap Fetches": 1380035,
                                                    "Workers": [
                                                        {
                                                            "Worker Number": 0,
                                                            "Actual Startup Time": 0.136,
                                                            "Actual Total Time": 44.243,
                                                            "Actual Rows": 123172,
                                                            "Actual Loops": 1
                                                        },
                                                        {
                                                            "Worker Number": 1,
                                                            "Actual Startup Time": 0.301,
                                                            "Actual Total Time": 44.337,
                                                            "Actual Rows": 114797,
                                                            "Actual Loops": 1
                                                        },
                                                        {
                                                            "Worker Number": 2,
                                                            "Actual Startup Time": 0.157,
                                                            "Actual Total Time": 87.101,
                                                            "Actual Rows": 362955,
                                                            "Actual Loops": 1
                                                        },
                                                        {
                                                            "Worker Number": 3,
                                                            "Actual Startup Time": 0.14,
                                                            "Actual Total Time": 43.097,
                                                            "Actual Rows": 120333,
                                                            "Actual Loops": 1
                                                        },
                                                        {
                                                            "Worker Number": 4,
                                                            "Actual Startup Time": 0.161,
                                                            "Actual Total Time": 42.99,
                                                            "Actual Rows": 110340,
                                                            "Actual Loops": 1
                                                        }
                                                    ]
                                                },
                                                {
                                                    "Node Type": "Sort",
                                                    "Parent Relationship": "Inner",
                                                    "Parallel Aware": false,
                                                    "Startup Cost": 90442.84,
                                                    "Total Cost": 91320.09,
                                                    "Plan Rows": 350901,
                                                    "Plan Width": 4,
                                                    "Actual Startup Time": 255.014,
                                                    "Actual Total Time": 299.19,
                                                    "Actual Rows": 264839,
                                                    "Actual Loops": 6,
                                                    "Output": [
                                                        "t.id"
                                                    ],
                                                    "Sort Key": [
                                                        "t.id"
                                                    ],
                                                    "Sort Method": "quicksort",
                                                    "Sort Space Used": 24723,
                                                    "Sort Space Type": "Memory",
                                                    "Workers": [
                                                        {
                                                            "Worker Number": 0,
                                                            "Actual Startup Time": 281.345,
                                                            "Actual Total Time": 326.252,
                                                            "Actual Rows": 264763,
                                                            "Actual Loops": 1
                                                        },
                                                        {
                                                            "Worker Number": 1,
                                                            "Actual Startup Time": 281.749,
                                                            "Actual Total Time": 328.993,
                                                            "Actual Rows": 264655,
                                                            "Actual Loops": 1
                                                        },
                                                        {
                                                            "Worker Number": 2,
                                                            "Actual Startup Time": 209.26,
                                                            "Actual Total Time": 250.51,
                                                            "Actual Rows": 264837,
                                                            "Actual Loops": 1
                                                        },
                                                        {
                                                            "Worker Number": 3,
                                                            "Actual Startup Time": 281.95,
                                                            "Actual Total Time": 327.249,
                                                            "Actual Rows": 264814,
                                                            "Actual Loops": 1
                                                        },
                                                        {
                                                            "Worker Number": 4,
                                                            "Actual Startup Time": 287.07,
                                                            "Actual Total Time": 334.899,
                                                            "Actual Rows": 264947,
                                                            "Actual Loops": 1
                                                        }
                                                    ],
                                                    "Plans": [
                                                        {
                                                            "Node Type": "Bitmap Heap Scan",
                                                            "Parent Relationship": "Outer",
                                                            "Parallel Aware": false,
                                                            "Relation Name": "title",
                                                            "Schema": "public",
                                                            "Alias": "t",
                                                            "Startup Cost": 12055.31,
                                                            "Total Cost": 58123.62,
                                                            "Plan Rows": 350901,
                                                            "Plan Width": 4,
                                                            "Actual Startup Time": 48.297,
                                                            "Actual Total Time": 166.229,
                                                            "Actual Rows": 265275,
                                                            "Actual Loops": 6,
                                                            "Output": [
                                                                "t.id"
                                                            ],
                                                            "Recheck Cond": "(t.kind_id = 1)",
                                                            "Rows Removed by Index Recheck": 0,
                                                            "Filter": "(t.production_year > 2001)",
                                                            "Rows Removed by Filter": 397550,
                                                            "Exact Heap Blocks": 12863,
                                                            "Lossy Heap Blocks": 0,
                                                            "Workers": [
                                                                {
                                                                    "Worker Number": 0,
                                                                    "Actual Startup Time": 51.447,
                                                                    "Actual Total Time": 183.858,
                                                                    "Actual Rows": 265275,
                                                                    "Actual Loops": 1
                                                                },
                                                                {
                                                                    "Worker Number": 1,
                                                                    "Actual Startup Time": 51.475,
                                                                    "Actual Total Time": 183.549,
                                                                    "Actual Rows": 265275,
                                                                    "Actual Loops": 1
                                                                },
                                                                {
                                                                    "Worker Number": 2,
                                                                    "Actual Startup Time": 47.072,
                                                                    "Actual Total Time": 139.699,
                                                                    "Actual Rows": 265275,
                                                                    "Actual Loops": 1
                                                                },
                                                                {
                                                                    "Worker Number": 3,
                                                                    "Actual Startup Time": 51.476,
                                                                    "Actual Total Time": 184.037,
                                                                    "Actual Rows": 265275,
                                                                    "Actual Loops": 1
                                                                },
                                                                {
                                                                    "Worker Number": 4,
                                                                    "Actual Startup Time": 55.534,
                                                                    "Actual Total Time": 187.748,
                                                                    "Actual Rows": 265275,
                                                                    "Actual Loops": 1
                                                                }
                                                            ],
                                                            "Plans": [
                                                                {
                                                                    "Node Type": "Bitmap Index Scan",
                                                                    "Parent Relationship": "Outer",
                                                                    "Parallel Aware": false,
                                                                    "Index Name": "kind_id_title",
                                                                    "Startup Cost": 0.0,
                                                                    "Total Cost": 11967.58,
                                                                    "Plan Rows": 671354,
                                                                    "Plan Width": 0,
                                                                    "Actual Startup Time": 46.19,
                                                                    "Actual Total Time": 46.191,
                                                                    "Actual Rows": 662825,
                                                                    "Actual Loops": 6,
                                                                    "Index Cond": "(t.kind_id = 1)",
                                                                    "Workers": [
                                                                        {
                                                                            "Worker Number": 0,
                                                                            "Actual Startup Time": 49.097,
                                                                            "Actual Total Time": 49.098,
                                                                            "Actual Rows": 662825,
                                                                            "Actual Loops": 1
                                                                        },
                                                                        {
                                                                            "Worker Number": 1,
                                                                            "Actual Startup Time": 49.114,
                                                                            "Actual Total Time": 49.114,
                                                                            "Actual Rows": 662825,
                                                                            "Actual Loops": 1
                                                                        },
                                                                        {
                                                                            "Worker Number": 2,
                                                                            "Actual Startup Time": 45.543,
                                                                            "Actual Total Time": 45.543,
                                                                            "Actual Rows": 662825,
                                                                            "Actual Loops": 1
                                                                        },
                                                                        {
                                                                            "Worker Number": 3,
                                                                            "Actual Startup Time": 49.105,
                                                                            "Actual Total Time": 49.105,
                                                                            "Actual Rows": 662825,
                                                                            "Actual Loops": 1
                                                                        },
                                                                        {
                                                                            "Worker Number": 4,
                                                                            "Actual Startup Time": 53.127,
                                                                            "Actual Total Time": 53.127,
                                                                            "Actual Rows": 662825,
                                                                            "Actual Loops": 1
                                                                        }
                                                                    ]
                                                                }
                                                            ]
                                                        }
                                                    ]
                                                }
                                            ]
                                        },
                                        {
                                            "Node Type": "Index Scan",
                                            "Parent Relationship": "Inner",
                                            "Parallel Aware": false,
                                            "Scan Direction": "Forward",
                                            "Index Name": "movie_id_movie_info",
                                            "Relation Name": "movie_info",
                                            "Schema": "public",
                                            "Alias": "mi",
                                            "Startup Cost": 0.43,
                                            "Total Cost": 1.84,
                                            "Plan Rows": 20,
                                            "Plan Width": 4,
                                            "Actual Startup Time": 0.004,
                                            "Actual Total Time": 0.011,
                                            "Actual Rows": 14,
                                            "Actual Loops": 246428,
                                            "Output": [
                                                "mi.id",
                                                "mi.movie_id",
                                                "mi.info_type_id",
                                                "mi.info",
                                                "mi.note"
                                            ],
                                            "Index Cond": "(mi.movie_id = mi_idx.movie_id)",
                                            "Rows Removed by Index Recheck": 0,
                                            "Filter": "(mi.info_type_id > 7)",
                                            "Rows Removed by Filter": 8,
                                            "Workers": [
                                                {
                                                    "Worker Number": 0,
                                                    "Actual Startup Time": 0.005,
                                                    "Actual Total Time": 0.012,
                                                    "Actual Rows": 13,
                                                    "Actual Loops": 35596
                                                },
                                                {
                                                    "Worker Number": 1,
                                                    "Actual Startup Time": 0.005,
                                                    "Actual Total Time": 0.013,
                                                    "Actual Rows": 13,
                                                    "Actual Loops": 33612
                                                },
                                                {
                                                    "Worker Number": 2,
                                                    "Actual Startup Time": 0.004,
                                                    "Actual Total Time": 0.009,
                                                    "Actual Rows": 14,
                                                    "Actual Loops": 49888
                                                },
                                                {
                                                    "Worker Number": 3,
                                                    "Actual Startup Time": 0.005,
                                                    "Actual Total Time": 0.012,
                                                    "Actual Rows": 14,
                                                    "Actual Loops": 35126
                                                },
                                                {
                                                    "Worker Number": 4,
                                                    "Actual Startup Time": 0.005,
                                                    "Actual Total Time": 0.013,
                                                    "Actual Rows": 14,
                                                    "Actual Loops": 32102
                                                }
                                            ]
                                        }
                                    ]
                                }
                            ]
                        }
                    ]
                }
            ]
        },
        "Planning Time": 216.512,
        "Triggers": [],
        "Execution Time": 996.316
    }
]