[
  {
    "Plan": {
      "Node Type": "Aggregate",
      "Strategy": "Plain",
      "Partial Mode": "Finalize",
      "Parallel Aware": false,
      "Startup Cost": 347996.43,
      "Total Cost": 347996.44,
      "Plan Rows": 1,
      "Plan Width": 8,
      "Actual Startup Time": 720.621,
      "Actual Total Time": 780.373,
      "Actual Rows": 1,
      "Actual Loops": 1,
      "Plans": [
        {
          "Node Type": "Gather",
          "Parent Relationship": "Outer",
          "Parallel Aware": false,
          "Startup Cost": 347995.8,
          "Total Cost": 347996.41,
          "Plan Rows": 6,
          "Plan Width": 8,
          "Actual Startup Time": 720.513,
          "Actual Total Time": 780.362,
          "Actual Rows": 7,
          "Actual Loops": 1,
          "Workers Planned": 6,
          "Workers Launched": 6,
          "Single Copy": false,
          "Plans": [
            {
              "Node Type": "Aggregate",
              "Strategy": "Plain",
              "Partial Mode": "Partial",
              "Parent Relationship": "Outer",
              "Parallel Aware": false,
              "Startup Cost": 346995.8,
              "Total Cost": 346995.81,
              "Plan Rows": 1,
              "Plan Width": 8,
              "Actual Startup Time": 711.146,
              "Actual Total Time": 711.147,
              "Actual Rows": 1,
              "Actual Loops": 7,
              "Plans": [
                {
                  "Node Type": "Seq Scan",
                  "Parent Relationship": "Outer",
                  "Parallel Aware": true,
                  "Relation Name": "cast_info",
                  "Alias": "ci",
                  "Startup Cost": 0.0,
                  "Total Cost": 343257.03,
                  "Plan Rows": 1495509,
                  "Plan Width": 0,
                  "Actual Startup Time": 0.05,
                  "Actual Total Time": 644.777,
                  "Actual Rows": 1416846,
                  "Actual Loops": 7,
                  "Filter": "((person_id < 1017876) AND (role_id < 10))",
                  "Rows Removed by Filter": 3760917
                }
              ]
            }
          ]
        }
      ]
    },
    "Planning Time": 0.223,
    "Triggers": [],
    "Execution Time": 780.448
  }
]