[
  {
    "Plan": {
      "Node Type": "Aggregate",
      "Strategy": "Plain",
      "Partial Mode": "Finalize",
      "Parallel Aware": false,
      "Startup Cost": 58740.47,
      "Total Cost": 58740.48,
      "Plan Rows": 1,
      "Plan Width": 8,
      "Actual Startup Time": 98.933,
      "Actual Total Time": 111.737,
      "Actual Rows": 1,
      "Actual Loops": 1,
      "Plans": [
        {
          "Node Type": "Gather",
          "Parent Relationship": "Outer",
          "Parallel Aware": false,
          "Startup Cost": 58740.05,
          "Total Cost": 58740.46,
          "Plan Rows": 4,
          "Plan Width": 8,
          "Actual Startup Time": 98.754,
          "Actual Total Time": 111.729,
          "Actual Rows": 5,
          "Actual Loops": 1,
          "Workers Planned": 4,
          "Workers Launched": 4,
          "Single Copy": false,
          "Plans": [
            {
              "Node Type": "Aggregate",
              "Strategy": "Plain",
              "Partial Mode": "Partial",
              "Parent Relationship": "Outer",
              "Parallel Aware": false,
              "Startup Cost": 57740.05,
              "Total Cost": 57740.06,
              "Plan Rows": 1,
              "Plan Width": 8,
              "Actual Startup Time": 89.932,
              "Actual Total Time": 89.935,
              "Actual Rows": 1,
              "Actual Loops": 5,
              "Plans": [
                {
                  "Node Type": "Nested Loop",
                  "Parent Relationship": "Outer",
                  "Parallel Aware": false,
                  "Join Type": "Inner",
                  "Startup Cost": 0.99,
                  "Total Cost": 57716.12,
                  "Plan Rows": 9570,
                  "Plan Width": 0,
                  "Actual Startup Time": 8.323,
                  "Actual Total Time": 89.836,
                  "Actual Rows": 872,
                  "Actual Loops": 5,
                  "Inner Unique": false,
                  "Join Filter": "(t.id = ci.movie_id)",
                  "Rows Removed by Join Filter": 0,
                  "Plans": [
                    {
                      "Node Type": "Nested Loop",
                      "Parent Relationship": "Outer",
                      "Parallel Aware": false,
                      "Join Type": "Inner",
                      "Startup Cost": 0.43,
                      "Total Cost": 56245.3,
                      "Plan Rows": 668,
                      "Plan Width": 8,
                      "Actual Startup Time": 8.103,
                      "Actual Total Time": 85.203,
                      "Actual Rows": 69,
                      "Actual Loops": 5,
                      "Inner Unique": false,
                      "Plans": [
                        {
                          "Node Type": "Seq Scan",
                          "Parent Relationship": "Outer",
                          "Parallel Aware": true,
                          "Relation Name": "title",
                          "Alias": "t",
                          "Startup Cost": 0.0,
                          "Total Cost": 45479.59,
                          "Plan Rows": 647,
                          "Plan Width": 4,
                          "Actual Startup Time": 1.69,
                          "Actual Total Time": 83.846,
                          "Actual Rows": 60,
                          "Actual Loops": 5,
                          "Filter": "((kind_id > 1) AND (production_year > 2013))",
                          "Rows Removed by Filter": 505603
                        },
                        {
                          "Node Type": "Index Only Scan",
                          "Parent Relationship": "Inner",
                          "Parallel Aware": false,
                          "Scan Direction": "Forward",
                          "Index Name": "movie_id_movie_companies",
                          "Relation Name": "movie_companies",
                          "Alias": "mc",
                          "Startup Cost": 0.43,
                          "Total Cost": 16.59,
                          "Plan Rows": 5,
                          "Plan Width": 4,
                          "Actual Startup Time": 0.019,
                          "Actual Total Time": 0.022,
                          "Actual Rows": 1,
                          "Actual Loops": 298,
                          "Index Cond": "(movie_id = t.id)",
                          "Rows Removed by Index Recheck": 0,
                          "Heap Fetches": 343
                        }
                      ]
                    },
                    {
                      "Node Type": "Index Only Scan",
                      "Parent Relationship": "Inner",
                      "Parallel Aware": false,
                      "Scan Direction": "Forward",
                      "Index Name": "movie_id_cast_info",
                      "Relation Name": "cast_info",
                      "Alias": "ci",
                      "Startup Cost": 0.56,
                      "Total Cost": 1.76,
                      "Plan Rows": 35,
                      "Plan Width": 4,
                      "Actual Startup Time": 0.019,
                      "Actual Total Time": 0.065,
                      "Actual Rows": 13,
                      "Actual Loops": 343,
                      "Index Cond": "(movie_id = mc.movie_id)",
                      "Rows Removed by Index Recheck": 0,
                      "Heap Fetches": 4362
                    }
                  ]
                }
              ]
            }
          ]
        }
      ]
    },
    "Planning Time": 0.454,
    "Triggers": [],
    "Execution Time": 111.78
  }
]