[
  {
    "Plan": {
      "Node Type": "Aggregate",
      "Strategy": "Plain",
      "Partial Mode": "Finalize",
      "Parallel Aware": false,
      "Startup Cost": 45137.01,
      "Total Cost": 45137.02,
      "Plan Rows": 1,
      "Plan Width": 8,
      "Actual Startup Time": 88.246,
      "Actual Total Time": 99.457,
      "Actual Rows": 1,
      "Actual Loops": 1,
      "Plans": [
        {
          "Node Type": "Gather",
          "Parent Relationship": "Outer",
          "Parallel Aware": false,
          "Startup Cost": 45136.59,
          "Total Cost": 45137.0,
          "Plan Rows": 4,
          "Plan Width": 8,
          "Actual Startup Time": 87.975,
          "Actual Total Time": 99.442,
          "Actual Rows": 5,
          "Actual Loops": 1,
          "Workers Planned": 4,
          "Workers Launched": 4,
          "Single Copy": false,
          "Plans": [
            {
              "Node Type": "Aggregate",
              "Strategy": "Plain",
              "Partial Mode": "Partial",
              "Parent Relationship": "Outer",
              "Parallel Aware": false,
              "Startup Cost": 44136.59,
              "Total Cost": 44136.6,
              "Plan Rows": 1,
              "Plan Width": 8,
              "Actual Startup Time": 81.472,
              "Actual Total Time": 81.474,
              "Actual Rows": 1,
              "Actual Loops": 5,
              "Plans": [
                {
                  "Node Type": "Seq Scan",
                  "Parent Relationship": "Outer",
                  "Parallel Aware": true,
                  "Relation Name": "title",
                  "Alias": "t",
                  "Startup Cost": 0.0,
                  "Total Cost": 43899.32,
                  "Plan Rows": 94906,
                  "Plan Width": 0,
                  "Actual Startup Time": 0.039,
                  "Actual Total Time": 77.526,
                  "Actual Rows": 79174,
                  "Actual Loops": 5,
                  "Filter": "(production_year < 1972)",
                  "Rows Removed by Filter": 426488
                }
              ]
            }
          ]
        }
      ]
    },
    "Planning Time": 0.152,
    "Triggers": [],
    "Execution Time": 99.513
  }
]