[
  {
    "Plan": {
      "Node Type": "Aggregate",
      "Strategy": "Plain",
      "Partial Mode": "Finalize",
      "Parallel Aware": false,
      "Startup Cost": 45538.69,
      "Total Cost": 45538.7,
      "Plan Rows": 1,
      "Plan Width": 8,
      "Actual Startup Time": 114.629,
      "Actual Total Time": 126.337,
      "Actual Rows": 1,
      "Actual Loops": 1,
      "Plans": [
        {
          "Node Type": "Gather",
          "Parent Relationship": "Outer",
          "Parallel Aware": false,
          "Startup Cost": 45538.27,
          "Total Cost": 45538.68,
          "Plan Rows": 4,
          "Plan Width": 8,
          "Actual Startup Time": 114.469,
          "Actual Total Time": 126.327,
          "Actual Rows": 5,
          "Actual Loops": 1,
          "Workers Planned": 4,
          "Workers Launched": 4,
          "Single Copy": false,
          "Plans": [
            {
              "Node Type": "Aggregate",
              "Strategy": "Plain",
              "Partial Mode": "Partial",
              "Parent Relationship": "Outer",
              "Parallel Aware": false,
              "Startup Cost": 44538.27,
              "Total Cost": 44538.28,
              "Plan Rows": 1,
              "Plan Width": 8,
              "Actual Startup Time": 105.274,
              "Actual Total Time": 105.275,
              "Actual Rows": 1,
              "Actual Loops": 5,
              "Plans": [
                {
                  "Node Type": "Seq Scan",
                  "Parent Relationship": "Outer",
                  "Parallel Aware": true,
                  "Relation Name": "title",
                  "Alias": "t",
                  "Startup Cost": 0.0,
                  "Total Cost": 43898.92,
                  "Plan Rows": 255742,
                  "Plan Width": 0,
                  "Actual Startup Time": 0.038,
                  "Actual Total Time": 93.289,
                  "Actual Rows": 202584,
                  "Actual Loops": 5,
                  "Filter": "(production_year > 2005)",
                  "Rows Removed by Filter": 303078
                }
              ]
            }
          ]
        }
      ]
    },
    "Planning Time": 0.127,
    "Triggers": [],
    "Execution Time": 126.391
  }
]