{
  "Plan": {
    "Node Type": "Aggregate",
    "Strategy": "Plain",
    "Partial Mode": "Finalize",
    "Parallel Aware": false,
    "Startup Cost": 655989.79,
    "Total Cost": 655989.8,
    "Plan Rows": 1,
    "Plan Width": 8,
    "Actual Startup Time": 3491.284,
    "Actual Total Time": 3549.17,
    "Actual Rows": 1,
    "Actual Loops": 1,
    "Plans": [
      {
        "Node Type": "Gather",
        "Parent Relationship": "Outer",
        "Parallel Aware": false,
        "Startup Cost": 655989.68,
        "Total Cost": 655989.79,
        "Plan Rows": 1,
        "Plan Width": 8,
        "Actual Startup Time": 3490.224,
        "Actual Total Time": 3549.155,
        "Actual Rows": 2,
        "Actual Loops": 1,
        "Workers Planned": 1,
        "Workers Launched": 1,
        "Single Copy": false,
        "Plans": [
          {
            "Node Type": "Aggregate",
            "Strategy": "Plain",
            "Partial Mode": "Partial",
            "Parent Relationship": "Outer",
            "Parallel Aware": false,
            "Startup Cost": 654989.68,
            "Total Cost": 654989.69,
            "Plan Rows": 1,
            "Plan Width": 8,
            "Actual Startup Time": 3484.455,
            "Actual Total Time": 3484.46,
            "Actual Rows": 1,
            "Actual Loops": 2,
            "Plans": [
              {
                "Node Type": "Hash Join",
                "Parent Relationship": "Outer",
                "Parallel Aware": true,
                "Join Type": "Inner",
                "Startup Cost": 61834.36,
                "Total Cost": 651804.43,
                "Plan Rows": 1274102,
                "Plan Width": 0,
                "Actual Startup Time": 888.037,
                "Actual Total Time": 3446.653,
                "Actual Rows": 852134,
                "Actual Loops": 2,
                "Inner Unique": true,
                "Hash Cond": "(ci.movie_id = t.id)",
                "Plans": [
                  {
                    "Node Type": "Seq Scan",
                    "Parent Relationship": "Outer",
                    "Parallel Aware": true,
                    "Relation Name": "cast_info",
                    "Alias": "ci",
                    "Startup Cost": 0.0,
                    "Total Cost": 572345.93,
                    "Plan Rows": 6713946,
                    "Plan Width": 4,
                    "Actual Startup Time": 648.93,
                    "Actual Total Time": 1899.166,
                    "Actual Rows": 8676900,
                    "Actual Loops": 2,
                    "Filter": "((person_id > 1882485) AND (role_id > 1))",
                    "Rows Removed by Filter": 9445272
                  },
                  {
                    "Node Type": "Hash",
                    "Parent Relationship": "Inner",
                    "Parallel Aware": true,
                    "Startup Cost": 58306.47,
                    "Total Cost": 58306.47,
                    "Plan Rows": 282231,
                    "Plan Width": 4,
                    "Actual Startup Time": 233.366,
                    "Actual Total Time": 233.368,
                    "Actual Rows": 170535,
                    "Actual Loops": 2,
                    "Hash Buckets": 524288,
                    "Original Hash Buckets": 524288,
                    "Hash Batches": 1,
                    "Original Hash Batches": 1,
                    "Peak Memory Usage": 17472,
                    "Plans": [
                      {
                        "Node Type": "Seq Scan",
                        "Parent Relationship": "Outer",
                        "Parallel Aware": true,
                        "Relation Name": "title",
                        "Alias": "t",
                        "Startup Cost": 0.0,
                        "Total Cost": 58306.47,
                        "Plan Rows": 282231,
                        "Plan Width": 4,
                        "Actual Startup Time": 0.045,
                        "Actual Total Time": 174.526,
                        "Actual Rows": 170535,
                        "Actual Loops": 2,
                        "Filter": "((kind_id > 3) AND (production_year < 1992))",
                        "Rows Removed by Filter": 1093621
                      }
                    ]
                  }
                ]
              }
            ]
          }
        ]
      }
    ]
  },
  "Planning Time": 0.595,
  "Triggers": [],
  "Execution Time": 3549.252
}