[
    {
        "Bao": {
            "Bao prediction": "NaN",
            "Bao recommended hint": "(no hint)"
        }
    },
    {
        "Plan": {
            "Node Type": "Aggregate",
            "Strategy": "Plain",
            "Partial Mode": "Finalize",
            "Parallel Aware": false,
            "Startup Cost": 32769.02,
            "Total Cost": 32769.03,
            "Plan Rows": 1,
            "Plan Width": 8,
            "Actual Startup Time": 84.4,
            "Actual Total Time": 90.477,
            "Actual Rows": 1,
            "Actual Loops": 1,
            "Output": [
                "count(*)"
            ],
            "Plans": [
                {
                    "Node Type": "Gather",
                    "Parent Relationship": "Outer",
                    "Parallel Aware": false,
                    "Startup Cost": 32768.7,
                    "Total Cost": 32769.01,
                    "Plan Rows": 3,
                    "Plan Width": 8,
                    "Actual Startup Time": 84.295,
                    "Actual Total Time": 90.47,
                    "Actual Rows": 4,
                    "Actual Loops": 1,
                    "Output": [
                        "(PARTIAL count(*))"
                    ],
                    "Workers Planned": 3,
                    "Workers Launched": 3,
                    "Single Copy": false,
                    "Plans": [
                        {
                            "Node Type": "Aggregate",
                            "Strategy": "Plain",
                            "Partial Mode": "Partial",
                            "Parent Relationship": "Outer",
                            "Parallel Aware": false,
                            "Startup Cost": 31768.7,
                            "Total Cost": 31768.71,
                            "Plan Rows": 1,
                            "Plan Width": 8,
                            "Actual Startup Time": 75.877,
                            "Actual Total Time": 75.878,
                            "Actual Rows": 1,
                            "Actual Loops": 4,
                            "Output": [
                                "PARTIAL count(*)"
                            ],
                            "Workers": [
                                {
                                    "Worker Number": 0,
                                    "Actual Startup Time": 73.15,
                                    "Actual Total Time": 73.152,
                                    "Actual Rows": 1,
                                    "Actual Loops": 1
                                },
                                {
                                    "Worker Number": 1,
                                    "Actual Startup Time": 73.311,
                                    "Actual Total Time": 73.313,
                                    "Actual Rows": 1,
                                    "Actual Loops": 1
                                },
                                {
                                    "Worker Number": 2,
                                    "Actual Startup Time": 73.373,
                                    "Actual Total Time": 73.374,
                                    "Actual Rows": 1,
                                    "Actual Loops": 1
                                }
                            ],
                            "Plans": [
                                {
                                    "Node Type": "Seq Scan",
                                    "Parent Relationship": "Outer",
                                    "Parallel Aware": true,
                                    "Relation Name": "movie_companies",
                                    "Schema": "public",
                                    "Alias": "mc",
                                    "Startup Cost": 0.0,
                                    "Total Cost": 31414.82,
                                    "Plan Rows": 141554,
                                    "Plan Width": 0,
                                    "Actual Startup Time": 25.492,
                                    "Actual Total Time": 74.196,
                                    "Actual Rows": 29892,
                                    "Actual Loops": 4,
                                    "Output": [
                                        "id",
                                        "movie_id",
                                        "company_id",
                                        "company_type_id",
                                        "note"
                                    ],
                                    "Filter": "((mc.company_id > 21539) AND (mc.company_type_id < 2))",
                                    "Rows Removed by Filter": 622390,
                                    "Workers": [
                                        {
                                            "Worker Number": 0,
                                            "Actual Startup Time": 22.783,
                                            "Actual Total Time": 71.512,
                                            "Actual Rows": 28213,
                                            "Actual Loops": 1
                                        },
                                        {
                                            "Worker Number": 1,
                                            "Actual Startup Time": 22.934,
                                            "Actual Total Time": 71.71,
                                            "Actual Rows": 27304,
                                            "Actual Loops": 1
                                        },
                                        {
                                            "Worker Number": 2,
                                            "Actual Startup Time": 23.004,
                                            "Actual Total Time": 71.842,
                                            "Actual Rows": 26816,
                                            "Actual Loops": 1
                                        }
                                    ]
                                }
                            ]
                        }
                    ]
                }
            ]
        },
        "Planning Time": 216.887,
        "Triggers": [],
        "Execution Time": 90.555
    }
]