[
  {
    "Plan": {
      "Node Type": "Aggregate",
      "Strategy": "Plain",
      "Partial Mode": "Finalize",
      "Parallel Aware": false,
      "Startup Cost": 106990.36,
      "Total Cost": 106990.37,
      "Plan Rows": 1,
      "Plan Width": 8,
      "Actual Startup Time": 93.986,
      "Actual Total Time": 105.333,
      "Actual Rows": 1,
      "Actual Loops": 1,
      "Plans": [
        {
          "Node Type": "Gather",
          "Parent Relationship": "Outer",
          "Parallel Aware": false,
          "Startup Cost": 106989.94,
          "Total Cost": 106990.35,
          "Plan Rows": 4,
          "Plan Width": 8,
          "Actual Startup Time": 93.847,
          "Actual Total Time": 105.325,
          "Actual Rows": 5,
          "Actual Loops": 1,
          "Workers Planned": 4,
          "Workers Launched": 4,
          "Single Copy": false,
          "Plans": [
            {
              "Node Type": "Aggregate",
              "Strategy": "Plain",
              "Partial Mode": "Partial",
              "Parent Relationship": "Outer",
              "Parallel Aware": false,
              "Startup Cost": 105989.94,
              "Total Cost": 105989.95,
              "Plan Rows": 1,
              "Plan Width": 8,
              "Actual Startup Time": 84.466,
              "Actual Total Time": 84.468,
              "Actual Rows": 1,
              "Actual Loops": 5,
              "Plans": [
                {
                  "Node Type": "Nested Loop",
                  "Parent Relationship": "Outer",
                  "Parallel Aware": false,
                  "Join Type": "Inner",
                  "Startup Cost": 0.56,
                  "Total Cost": 105988.69,
                  "Plan Rows": 500,
                  "Plan Width": 0,
                  "Actual Startup Time": 8.78,
                  "Actual Total Time": 84.45,
                  "Actual Rows": 38,
                  "Actual Loops": 5,
                  "Inner Unique": false,
                  "Plans": [
                    {
                      "Node Type": "Seq Scan",
                      "Parent Relationship": "Outer",
                      "Parallel Aware": true,
                      "Relation Name": "title",
                      "Alias": "t",
                      "Startup Cost": 0.0,
                      "Total Cost": 45479.1,
                      "Plan Rows": 444,
                      "Plan Width": 4,
                      "Actual Startup Time": 3.005,
                      "Actual Total Time": 81.276,
                      "Actual Rows": 27,
                      "Actual Loops": 5,
                      "Filter": "((production_year > 2013) AND (kind_id = 7))",
                      "Rows Removed by Filter": 505635
                    },
                    {
                      "Node Type": "Index Scan",
                      "Parent Relationship": "Inner",
                      "Parallel Aware": false,
                      "Scan Direction": "Forward",
                      "Index Name": "movie_id_cast_info",
                      "Relation Name": "cast_info",
                      "Alias": "ci",
                      "Startup Cost": 0.56,
                      "Total Cost": 136.25,
                      "Plan Rows": 3,
                      "Plan Width": 4,
                      "Actual Startup Time": 0.096,
                      "Actual Total Time": 0.114,
                      "Actual Rows": 1,
                      "Actual Loops": 137,
                      "Index Cond": "(movie_id = t.id)",
                      "Rows Removed by Index Recheck": 0,
                      "Filter": "(role_id = 4)",
                      "Rows Removed by Filter": 8
                    }
                  ]
                }
              ]
            }
          ]
        }
      ]
    },
    "Planning Time": 0.608,
    "Triggers": [],
    "Execution Time": 105.402
  }
]