{
  "Plan": {
    "Node Type": "Aggregate",
    "Strategy": "Plain",
    "Partial Mode": "Finalize",
    "Parallel Aware": false,
    "Startup Cost": 80295.97,
    "Total Cost": 80295.98,
    "Plan Rows": 1,
    "Plan Width": 8,
    "Actual Startup Time": 44.07,
    "Actual Total Time": 47.482,
    "Actual Rows": 1,
    "Actual Loops": 1,
    "Plans": [
      {
        "Node Type": "Gather",
        "Parent Relationship": "Outer",
        "Parallel Aware": false,
        "Startup Cost": 80295.86,
        "Total Cost": 80295.97,
        "Plan Rows": 1,
        "Plan Width": 8,
        "Actual Startup Time": 43.986,
        "Actual Total Time": 47.477,
        "Actual Rows": 2,
        "Actual Loops": 1,
        "Workers Planned": 1,
        "Workers Launched": 1,
        "Single Copy": false,
        "Plans": [
          {
            "Node Type": "Aggregate",
            "Strategy": "Plain",
            "Partial Mode": "Partial",
            "Parent Relationship": "Outer",
            "Parallel Aware": false,
            "Startup Cost": 79295.86,
            "Total Cost": 79295.87,
            "Plan Rows": 1,
            "Plan Width": 8,
            "Actual Startup Time": 39.271,
            "Actual Total Time": 39.272,
            "Actual Rows": 1,
            "Actual Loops": 2,
            "Plans": [
              {
                "Node Type": "Nested Loop",
                "Parent Relationship": "Outer",
                "Parallel Aware": false,
                "Join Type": "Inner",
                "Startup Cost": 347.48,
                "Total Cost": 79294.73,
                "Plan Rows": 451,
                "Plan Width": 0,
                "Actual Startup Time": 2.74,
                "Actual Total Time": 39.256,
                "Actual Rows": 42,
                "Actual Loops": 2,
                "Inner Unique": true,
                "Plans": [
                  {
                    "Node Type": "Bitmap Heap Scan",
                    "Parent Relationship": "Outer",
                    "Parallel Aware": true,
                    "Relation Name": "movie_keyword",
                    "Alias": "mk",
                    "Startup Cost": 347.05,
                    "Total Cost": 23454.13,
                    "Plan Rows": 9611,
                    "Plan Width": 4,
                    "Actual Startup Time": 2.122,
                    "Actual Total Time": 11.968,
                    "Actual Rows": 7250,
                    "Actual Loops": 2,
                    "Recheck Cond": "(keyword_id > 121529)",
                    "Rows Removed by Index Recheck": 0,
                    "Exact Heap Blocks": 3399,
                    "Lossy Heap Blocks": 0,
                    "Plans": [
                      {
                        "Node Type": "Bitmap Index Scan",
                        "Parent Relationship": "Outer",
                        "Parallel Aware": false,
                        "Index Name": "keyword_id_movie_keyword",
                        "Startup Cost": 0.0,
                        "Total Cost": 342.97,
                        "Plan Rows": 16338,
                        "Plan Width": 0,
                        "Actual Startup Time": 2.72,
                        "Actual Total Time": 2.721,
                        "Actual Rows": 14501,
                        "Actual Loops": 1,
                        "Index Cond": "(keyword_id > 121529)"
                      }
                    ]
                  },
                  {
                    "Node Type": "Index Scan",
                    "Parent Relationship": "Inner",
                    "Parallel Aware": false,
                    "Scan Direction": "Forward",
                    "Index Name": "title_pkey",
                    "Relation Name": "title",
                    "Alias": "t",
                    "Startup Cost": 0.43,
                    "Total Cost": 5.81,
                    "Plan Rows": 1,
                    "Plan Width": 4,
                    "Actual Startup Time": 0.003,
                    "Actual Total Time": 0.003,
                    "Actual Rows": 0,
                    "Actual Loops": 14501,
                    "Index Cond": "(id = mk.movie_id)",
                    "Rows Removed by Index Recheck": 0,
                    "Filter": "((kind_id > 1) AND (production_year = 2012))",
                    "Rows Removed by Filter": 1
                  }
                ]
              }
            ]
          }
        ]
      }
    ]
  },
  "Planning Time": 0.364,
  "Triggers": [],
  "Execution Time": 47.537
}