[
  {
    "Plan": {
      "Node Type": "Aggregate",
      "Strategy": "Plain",
      "Partial Mode": "Finalize",
      "Parallel Aware": false,
      "Startup Cost": 46515.75,
      "Total Cost": 46515.76,
      "Plan Rows": 1,
      "Plan Width": 8,
      "Actual Startup Time": 44.131,
      "Actual Total Time": 51.782,
      "Actual Rows": 1,
      "Actual Loops": 1,
      "Plans": [
        {
          "Node Type": "Gather",
          "Parent Relationship": "Outer",
          "Parallel Aware": false,
          "Startup Cost": 46515.44,
          "Total Cost": 46515.75,
          "Plan Rows": 3,
          "Plan Width": 8,
          "Actual Startup Time": 43.918,
          "Actual Total Time": 51.772,
          "Actual Rows": 4,
          "Actual Loops": 1,
          "Workers Planned": 3,
          "Workers Launched": 3,
          "Single Copy": false,
          "Plans": [
            {
              "Node Type": "Aggregate",
              "Strategy": "Plain",
              "Partial Mode": "Partial",
              "Parent Relationship": "Outer",
              "Parallel Aware": false,
              "Startup Cost": 45515.44,
              "Total Cost": 45515.45,
              "Plan Rows": 1,
              "Plan Width": 8,
              "Actual Startup Time": 38.349,
              "Actual Total Time": 38.351,
              "Actual Rows": 1,
              "Actual Loops": 4,
              "Plans": [
                {
                  "Node Type": "Nested Loop",
                  "Parent Relationship": "Outer",
                  "Parallel Aware": false,
                  "Join Type": "Inner",
                  "Startup Cost": 263.53,
                  "Total Cost": 45508.92,
                  "Plan Rows": 2606,
                  "Plan Width": 0,
                  "Actual Startup Time": 3.555,
                  "Actual Total Time": 38.067,
                  "Actual Rows": 1968,
                  "Actual Loops": 4,
                  "Inner Unique": true,
                  "Plans": [
                    {
                      "Node Type": "Bitmap Heap Scan",
                      "Parent Relationship": "Outer",
                      "Parallel Aware": true,
                      "Relation Name": "movie_keyword",
                      "Alias": "mk",
                      "Startup Cost": 263.1,
                      "Total Cost": 20870.7,
                      "Plan Rows": 3940,
                      "Plan Width": 4,
                      "Actual Startup Time": 3.307,
                      "Actual Total Time": 15.538,
                      "Actual Rows": 2577,
                      "Actual Loops": 4,
                      "Recheck Cond": "(keyword_id = 870)",
                      "Rows Removed by Index Recheck": 0,
                      "Exact Heap Blocks": 4848,
                      "Lossy Heap Blocks": 0,
                      "Plans": [
                        {
                          "Node Type": "Bitmap Index Scan",
                          "Parent Relationship": "Outer",
                          "Parallel Aware": false,
                          "Index Name": "keyword_id_movie_keyword",
                          "Startup Cost": 0.0,
                          "Total Cost": 260.05,
                          "Plan Rows": 12215,
                          "Plan Width": 0,
                          "Actual Startup Time": 4.918,
                          "Actual Total Time": 4.918,
                          "Actual Rows": 10307,
                          "Actual Loops": 1,
                          "Index Cond": "(keyword_id = 870)"
                        }
                      ]
                    },
                    {
                      "Node Type": "Index Scan",
                      "Parent Relationship": "Inner",
                      "Parallel Aware": false,
                      "Scan Direction": "Forward",
                      "Index Name": "title_pkey",
                      "Relation Name": "title",
                      "Alias": "t",
                      "Startup Cost": 0.43,
                      "Total Cost": 6.25,
                      "Plan Rows": 1,
                      "Plan Width": 4,
                      "Actual Startup Time": 0.008,
                      "Actual Total Time": 0.008,
                      "Actual Rows": 1,
                      "Actual Loops": 10307,
                      "Index Cond": "(id = mk.movie_id)",
                      "Rows Removed by Index Recheck": 0,
                      "Filter": "(production_year < 2008)",
                      "Rows Removed by Filter": 0
                    }
                  ]
                }
              ]
            }
          ]
        }
      ]
    },
    "Planning Time": 0.331,
    "Triggers": [],
    "Execution Time": 51.83
  }
]