[
  {
    "Plan": {
      "Node Type": "Aggregate",
      "Strategy": "Plain",
      "Partial Mode": "Finalize",
      "Parallel Aware": false,
      "Startup Cost": 31155.88,
      "Total Cost": 31155.89,
      "Plan Rows": 1,
      "Plan Width": 8,
      "Actual Startup Time": 113.543,
      "Actual Total Time": 122.173,
      "Actual Rows": 1,
      "Actual Loops": 1,
      "Plans": [
        {
          "Node Type": "Gather",
          "Parent Relationship": "Outer",
          "Parallel Aware": false,
          "Startup Cost": 31155.56,
          "Total Cost": 31155.87,
          "Plan Rows": 3,
          "Plan Width": 8,
          "Actual Startup Time": 113.394,
          "Actual Total Time": 122.161,
          "Actual Rows": 4,
          "Actual Loops": 1,
          "Workers Planned": 3,
          "Workers Launched": 3,
          "Single Copy": false,
          "Plans": [
            {
              "Node Type": "Aggregate",
              "Strategy": "Plain",
              "Partial Mode": "Partial",
              "Parent Relationship": "Outer",
              "Parallel Aware": false,
              "Startup Cost": 30155.56,
              "Total Cost": 30155.57,
              "Plan Rows": 1,
              "Plan Width": 8,
              "Actual Startup Time": 104.694,
              "Actual Total Time": 104.695,
              "Actual Rows": 1,
              "Actual Loops": 4,
              "Plans": [
                {
                  "Node Type": "Seq Scan",
                  "Parent Relationship": "Outer",
                  "Parallel Aware": true,
                  "Relation Name": "movie_companies",
                  "Alias": "mc",
                  "Startup Cost": 0.0,
                  "Total Cost": 29310.68,
                  "Plan Rows": 337953,
                  "Plan Width": 0,
                  "Actual Startup Time": 23.717,
                  "Actual Total Time": 91.356,
                  "Actual Rows": 260265,
                  "Actual Loops": 4,
                  "Filter": "(company_id > 15194)",
                  "Rows Removed by Filter": 392017
                }
              ]
            }
          ]
        }
      ]
    },
    "Planning Time": 0.161,
    "Triggers": [],
    "Execution Time": 122.232
  }
]