[
  {
    "Plan": {
      "Node Type": "Aggregate",
      "Strategy": "Plain",
      "Partial Mode": "Finalize",
      "Parallel Aware": false,
      "Startup Cost": 31142.41,
      "Total Cost": 31142.42,
      "Plan Rows": 1,
      "Plan Width": 8,
      "Actual Startup Time": 100.78,
      "Actual Total Time": 108.253,
      "Actual Rows": 1,
      "Actual Loops": 1,
      "Plans": [
        {
          "Node Type": "Gather",
          "Parent Relationship": "Outer",
          "Parallel Aware": false,
          "Startup Cost": 31142.09,
          "Total Cost": 31142.4,
          "Plan Rows": 3,
          "Plan Width": 8,
          "Actual Startup Time": 100.699,
          "Actual Total Time": 108.245,
          "Actual Rows": 4,
          "Actual Loops": 1,
          "Workers Planned": 3,
          "Workers Launched": 3,
          "Single Copy": false,
          "Plans": [
            {
              "Node Type": "Aggregate",
              "Strategy": "Plain",
              "Partial Mode": "Partial",
              "Parent Relationship": "Outer",
              "Parallel Aware": false,
              "Startup Cost": 30142.09,
              "Total Cost": 30142.1,
              "Plan Rows": 1,
              "Plan Width": 8,
              "Actual Startup Time": 94.866,
              "Actual Total Time": 94.867,
              "Actual Rows": 1,
              "Actual Loops": 4,
              "Plans": [
                {
                  "Node Type": "Seq Scan",
                  "Parent Relationship": "Outer",
                  "Parallel Aware": true,
                  "Relation Name": "movie_companies",
                  "Alias": "mc",
                  "Startup Cost": 0.0,
                  "Total Cost": 29310.68,
                  "Plan Rows": 332564,
                  "Plan Width": 0,
                  "Actual Startup Time": 21.572,
                  "Actual Total Time": 82.928,
                  "Actual Rows": 260265,
                  "Actual Loops": 4,
                  "Filter": "(company_id > 15194)",
                  "Rows Removed by Filter": 392017
                }
              ]
            }
          ]
        }
      ]
    },
    "Planning Time": 0.191,
    "Triggers": [],
    "Execution Time": 108.31
  }
]