{
  "Plan": {
    "Node Type": "Aggregate",
    "Strategy": "Plain",
    "Partial Mode": "Finalize",
    "Parallel Aware": false,
    "Startup Cost": 133327.07,
    "Total Cost": 133327.08,
    "Plan Rows": 1,
    "Plan Width": 8,
    "Actual Startup Time": 766.667,
    "Actual Total Time": 779.519,
    "Actual Rows": 1,
    "Actual Loops": 1,
    "Plans": [
      {
        "Node Type": "Gather",
        "Parent Relationship": "Outer",
        "Parallel Aware": false,
        "Startup Cost": 133326.96,
        "Total Cost": 133327.07,
        "Plan Rows": 1,
        "Plan Width": 8,
        "Actual Startup Time": 764.654,
        "Actual Total Time": 779.507,
        "Actual Rows": 2,
        "Actual Loops": 1,
        "Workers Planned": 1,
        "Workers Launched": 1,
        "Single Copy": false,
        "Plans": [
          {
            "Node Type": "Aggregate",
            "Strategy": "Plain",
            "Partial Mode": "Partial",
            "Parent Relationship": "Outer",
            "Parallel Aware": false,
            "Startup Cost": 132326.96,
            "Total Cost": 132326.97,
            "Plan Rows": 1,
            "Plan Width": 8,
            "Actual Startup Time": 756.444,
            "Actual Total Time": 756.45,
            "Actual Rows": 1,
            "Actual Loops": 2,
            "Plans": [
              {
                "Node Type": "Hash Join",
                "Parent Relationship": "Outer",
                "Parallel Aware": true,
                "Join Type": "Inner",
                "Startup Cost": 66688.59,
                "Total Cost": 129947.64,
                "Plan Rows": 951728,
                "Plan Width": 0,
                "Actual Startup Time": 362.64,
                "Actual Total Time": 739.504,
                "Actual Rows": 436763,
                "Actual Loops": 2,
                "Inner Unique": true,
                "Hash Cond": "(mk.movie_id = t.id)",
                "Plans": [
                  {
                    "Node Type": "Seq Scan",
                    "Parent Relationship": "Outer",
                    "Parallel Aware": true,
                    "Relation Name": "movie_keyword",
                    "Alias": "mk",
                    "Startup Cost": 0.0,
                    "Total Cost": 57718.19,
                    "Plan Rows": 2110799,
                    "Plan Width": 4,
                    "Actual Startup Time": 0.068,
                    "Actual Total Time": 196.432,
                    "Actual Rows": 1790174,
                    "Actual Loops": 2,
                    "Filter": "(keyword_id > 875)",
                    "Rows Removed by Filter": 471790
                  },
                  {
                    "Node Type": "Hash",
                    "Parent Relationship": "Inner",
                    "Parallel Aware": true,
                    "Startup Cost": 58306.47,
                    "Total Cost": 58306.47,
                    "Plan Rows": 670570,
                    "Plan Width": 4,
                    "Actual Startup Time": 347.846,
                    "Actual Total Time": 347.847,
                    "Actual Rows": 547790,
                    "Actual Loops": 2,
                    "Hash Buckets": 2097152,
                    "Original Hash Buckets": 2097152,
                    "Hash Batches": 1,
                    "Original Hash Batches": 1,
                    "Peak Memory Usage": 59296,
                    "Plans": [
                      {
                        "Node Type": "Seq Scan",
                        "Parent Relationship": "Outer",
                        "Parallel Aware": true,
                        "Relation Name": "title",
                        "Alias": "t",
                        "Startup Cost": 0.0,
                        "Total Cost": 58306.47,
                        "Plan Rows": 670570,
                        "Plan Width": 4,
                        "Actual Startup Time": 0.029,
                        "Actual Total Time": 171.793,
                        "Actual Rows": 547790,
                        "Actual Loops": 2,
                        "Filter": "((kind_id > 1) AND (production_year < 2007))",
                        "Rows Removed by Filter": 716366
                      }
                    ]
                  }
                ]
              }
            ]
          }
        ]
      }
    ]
  },
  "Planning Time": 0.486,
  "Triggers": [],
  "Execution Time": 779.607
}