{
  "Plan": {
    "Node Type": "Aggregate",
    "Strategy": "Plain",
    "Partial Mode": "Finalize",
    "Parallel Aware": false,
    "Startup Cost": 195892.98,
    "Total Cost": 195892.99,
    "Plan Rows": 1,
    "Plan Width": 8,
    "Actual Startup Time": 1224.866,
    "Actual Total Time": 1246.59,
    "Actual Rows": 1,
    "Actual Loops": 1,
    "Plans": [
      {
        "Node Type": "Gather",
        "Parent Relationship": "Outer",
        "Parallel Aware": false,
        "Startup Cost": 195892.87,
        "Total Cost": 195892.98,
        "Plan Rows": 1,
        "Plan Width": 8,
        "Actual Startup Time": 1217.387,
        "Actual Total Time": 1246.582,
        "Actual Rows": 2,
        "Actual Loops": 1,
        "Workers Planned": 1,
        "Workers Launched": 1,
        "Single Copy": false,
        "Plans": [
          {
            "Node Type": "Aggregate",
            "Strategy": "Plain",
            "Partial Mode": "Partial",
            "Parent Relationship": "Outer",
            "Parallel Aware": false,
            "Startup Cost": 194892.87,
            "Total Cost": 194892.88,
            "Plan Rows": 1,
            "Plan Width": 8,
            "Actual Startup Time": 1205.869,
            "Actual Total Time": 1205.875,
            "Actual Rows": 1,
            "Actual Loops": 2,
            "Plans": [
              {
                "Node Type": "Hash Join",
                "Parent Relationship": "Outer",
                "Parallel Aware": false,
                "Join Type": "Inner",
                "Startup Cost": 70521.63,
                "Total Cost": 194892.73,
                "Plan Rows": 56,
                "Plan Width": 0,
                "Actual Startup Time": 687.683,
                "Actual Total Time": 1205.854,
                "Actual Rows": 133,
                "Actual Loops": 2,
                "Inner Unique": false,
                "Hash Cond": "(t.id = ci.movie_id)",
                "Plans": [
                  {
                    "Node Type": "Hash Join",
                    "Parent Relationship": "Outer",
                    "Parallel Aware": true,
                    "Join Type": "Inner",
                    "Startup Cost": 69460.7,
                    "Total Cost": 130852.65,
                    "Plan Rows": 1399524,
                    "Plan Width": 8,
                    "Actual Startup Time": 648.142,
                    "Actual Total Time": 1126.009,
                    "Actual Rows": 1188538,
                    "Actual Loops": 2,
                    "Inner Unique": true,
                    "Hash Cond": "(mk.movie_id = t.id)",
                    "Plans": [
                      {
                        "Node Type": "Seq Scan",
                        "Parent Relationship": "Outer",
                        "Parallel Aware": true,
                        "Relation Name": "movie_keyword",
                        "Alias": "mk",
                        "Startup Cost": 0.0,
                        "Total Cost": 57718.19,
                        "Plan Rows": 1399524,
                        "Plan Width": 4,
                        "Actual Startup Time": 0.406,
                        "Actual Total Time": 228.571,
                        "Actual Rows": 1188538,
                        "Actual Loops": 2,
                        "Filter": "(keyword_id > 4030)",
                        "Rows Removed by Filter": 1073427
                      },
                      {
                        "Node Type": "Hash",
                        "Parent Relationship": "Inner",
                        "Parallel Aware": true,
                        "Startup Cost": 50870.31,
                        "Total Cost": 50870.31,
                        "Plan Rows": 1487231,
                        "Plan Width": 4,
                        "Actual Startup Time": 626.618,
                        "Actual Total Time": 626.619,
                        "Actual Rows": 1264156,
                        "Actual Loops": 2,
                        "Hash Buckets": 4194304,
                        "Original Hash Buckets": 4194304,
                        "Hash Batches": 1,
                        "Original Hash Batches": 1,
                        "Peak Memory Usage": 131712,
                        "Plans": [
                          {
                            "Node Type": "Seq Scan",
                            "Parent Relationship": "Outer",
                            "Parallel Aware": true,
                            "Relation Name": "title",
                            "Alias": "t",
                            "Startup Cost": 0.0,
                            "Total Cost": 50870.31,
                            "Plan Rows": 1487231,
                            "Plan Width": 4,
                            "Actual Startup Time": 0.03,
                            "Actual Total Time": 185.001,
                            "Actual Rows": 1264156,
                            "Actual Loops": 2
                          }
                        ]
                      }
                    ]
                  },
                  {
                    "Node Type": "Hash",
                    "Parent Relationship": "Inner",
                    "Parallel Aware": false,
                    "Startup Cost": 1059.67,
                    "Total Cost": 1059.67,
                    "Plan Rows": 101,
                    "Plan Width": 4,
                    "Actual Startup Time": 0.952,
                    "Actual Total Time": 0.953,
                    "Actual Rows": 405,
                    "Actual Loops": 2,
                    "Hash Buckets": 1024,
                    "Original Hash Buckets": 1024,
                    "Hash Batches": 1,
                    "Original Hash Batches": 1,
                    "Peak Memory Usage": 23,
                    "Plans": [
                      {
                        "Node Type": "Index Scan",
                        "Parent Relationship": "Outer",
                        "Parallel Aware": false,
                        "Scan Direction": "Forward",
                        "Index Name": "person_id_cast_info",
                        "Relation Name": "cast_info",
                        "Alias": "ci",
                        "Startup Cost": 0.56,
                        "Total Cost": 1059.67,
                        "Plan Rows": 101,
                        "Plan Width": 4,
                        "Actual Startup Time": 0.354,
                        "Actual Total Time": 0.754,
                        "Actual Rows": 405,
                        "Actual Loops": 2,
                        "Index Cond": "(person_id = 2046545)",
                        "Rows Removed by Index Recheck": 0,
                        "Filter": "(role_id = 2)",
                        "Rows Removed by Filter": 7
                      }
                    ]
                  }
                ]
              }
            ]
          }
        ]
      }
    ]
  },
  "Planning Time": 0.91,
  "Triggers": [],
  "Execution Time": 1246.674
}