{
  "Plan": {
    "Node Type": "Aggregate",
    "Strategy": "Plain",
    "Partial Mode": "Finalize",
    "Parallel Aware": false,
    "Startup Cost": 123999.94,
    "Total Cost": 123999.95,
    "Plan Rows": 1,
    "Plan Width": 8,
    "Actual Startup Time": 574.47,
    "Actual Total Time": 590.364,
    "Actual Rows": 1,
    "Actual Loops": 1,
    "Plans": [
      {
        "Node Type": "Gather",
        "Parent Relationship": "Outer",
        "Parallel Aware": false,
        "Startup Cost": 123999.83,
        "Total Cost": 123999.94,
        "Plan Rows": 1,
        "Plan Width": 8,
        "Actual Startup Time": 573.311,
        "Actual Total Time": 590.355,
        "Actual Rows": 2,
        "Actual Loops": 1,
        "Workers Planned": 1,
        "Workers Launched": 1,
        "Single Copy": false,
        "Plans": [
          {
            "Node Type": "Aggregate",
            "Strategy": "Plain",
            "Partial Mode": "Partial",
            "Parent Relationship": "Outer",
            "Parallel Aware": false,
            "Startup Cost": 122999.83,
            "Total Cost": 122999.84,
            "Plan Rows": 1,
            "Plan Width": 8,
            "Actual Startup Time": 567.787,
            "Actual Total Time": 567.791,
            "Actual Rows": 1,
            "Actual Loops": 2,
            "Plans": [
              {
                "Node Type": "Hash Join",
                "Parent Relationship": "Outer",
                "Parallel Aware": true,
                "Join Type": "Inner",
                "Startup Cost": 62106.36,
                "Total Cost": 122482.43,
                "Plan Rows": 206961,
                "Plan Width": 0,
                "Actual Startup Time": 243.989,
                "Actual Total Time": 564.058,
                "Actual Rows": 66760,
                "Actual Loops": 2,
                "Inner Unique": true,
                "Hash Cond": "(mk.movie_id = t.id)",
                "Plans": [
                  {
                    "Node Type": "Seq Scan",
                    "Parent Relationship": "Outer",
                    "Parallel Aware": true,
                    "Relation Name": "movie_keyword",
                    "Alias": "mk",
                    "Startup Cost": 0.0,
                    "Total Cost": 57718.19,
                    "Plan Rows": 1012526,
                    "Plan Width": 4,
                    "Actual Startup Time": 0.824,
                    "Actual Total Time": 207.353,
                    "Actual Rows": 864276,
                    "Actual Loops": 2,
                    "Filter": "(keyword_id > 8190)",
                    "Rows Removed by Filter": 1397689
                  },
                  {
                    "Node Type": "Hash",
                    "Parent Relationship": "Inner",
                    "Parallel Aware": true,
                    "Startup Cost": 58306.47,
                    "Total Cost": 58306.47,
                    "Plan Rows": 303991,
                    "Plan Width": 4,
                    "Actual Startup Time": 237.651,
                    "Actual Total Time": 237.652,
                    "Actual Rows": 193080,
                    "Actual Loops": 2,
                    "Hash Buckets": 524288,
                    "Original Hash Buckets": 524288,
                    "Hash Batches": 1,
                    "Original Hash Batches": 1,
                    "Peak Memory Usage": 19232,
                    "Plans": [
                      {
                        "Node Type": "Seq Scan",
                        "Parent Relationship": "Outer",
                        "Parallel Aware": true,
                        "Relation Name": "title",
                        "Alias": "t",
                        "Startup Cost": 0.0,
                        "Total Cost": 58306.47,
                        "Plan Rows": 303991,
                        "Plan Width": 4,
                        "Actual Startup Time": 0.032,
                        "Actual Total Time": 172.388,
                        "Actual Rows": 193080,
                        "Actual Loops": 2,
                        "Filter": "((kind_id > 1) AND (production_year < 1991))",
                        "Rows Removed by Filter": 1071076
                      }
                    ]
                  }
                ]
              }
            ]
          }
        ]
      }
    ]
  },
  "Planning Time": 0.641,
  "Triggers": [],
  "Execution Time": 590.437
}