[
  {
    "Plan": {
      "Node Type": "Aggregate",
      "Strategy": "Plain",
      "Partial Mode": "Finalize",
      "Parallel Aware": false,
      "Startup Cost": 31145.49,
      "Total Cost": 31145.5,
      "Plan Rows": 1,
      "Plan Width": 8,
      "Actual Startup Time": 111.491,
      "Actual Total Time": 119.536,
      "Actual Rows": 1,
      "Actual Loops": 1,
      "Plans": [
        {
          "Node Type": "Gather",
          "Parent Relationship": "Outer",
          "Parallel Aware": false,
          "Startup Cost": 31145.17,
          "Total Cost": 31145.48,
          "Plan Rows": 3,
          "Plan Width": 8,
          "Actual Startup Time": 111.376,
          "Actual Total Time": 119.527,
          "Actual Rows": 4,
          "Actual Loops": 1,
          "Workers Planned": 3,
          "Workers Launched": 3,
          "Single Copy": false,
          "Plans": [
            {
              "Node Type": "Aggregate",
              "Strategy": "Plain",
              "Partial Mode": "Partial",
              "Parent Relationship": "Outer",
              "Parallel Aware": false,
              "Startup Cost": 30145.17,
              "Total Cost": 30145.18,
              "Plan Rows": 1,
              "Plan Width": 8,
              "Actual Startup Time": 105.425,
              "Actual Total Time": 105.426,
              "Actual Rows": 1,
              "Actual Loops": 4,
              "Plans": [
                {
                  "Node Type": "Seq Scan",
                  "Parent Relationship": "Outer",
                  "Parallel Aware": true,
                  "Relation Name": "movie_companies",
                  "Alias": "mc",
                  "Startup Cost": 0.0,
                  "Total Cost": 29310.68,
                  "Plan Rows": 333797,
                  "Plan Width": 0,
                  "Actual Startup Time": 22.727,
                  "Actual Total Time": 90.79,
                  "Actual Rows": 261302,
                  "Actual Loops": 4,
                  "Filter": "(company_id > 15099)",
                  "Rows Removed by Filter": 390980
                }
              ]
            }
          ]
        }
      ]
    },
    "Planning Time": 0.23,
    "Triggers": [],
    "Execution Time": 119.592
  }
]