[
  {
    "Plan": {
      "Node Type": "Aggregate",
      "Strategy": "Plain",
      "Partial Mode": "Finalize",
      "Parallel Aware": false,
      "Startup Cost": 46019.82,
      "Total Cost": 46019.83,
      "Plan Rows": 1,
      "Plan Width": 8,
      "Actual Startup Time": 187.189,
      "Actual Total Time": 197.627,
      "Actual Rows": 1,
      "Actual Loops": 1,
      "Plans": [
        {
          "Node Type": "Gather",
          "Parent Relationship": "Outer",
          "Parallel Aware": false,
          "Startup Cost": 46019.5,
          "Total Cost": 46019.81,
          "Plan Rows": 3,
          "Plan Width": 8,
          "Actual Startup Time": 187.056,
          "Actual Total Time": 197.616,
          "Actual Rows": 4,
          "Actual Loops": 1,
          "Workers Planned": 3,
          "Workers Launched": 3,
          "Single Copy": false,
          "Plans": [
            {
              "Node Type": "Aggregate",
              "Strategy": "Plain",
              "Partial Mode": "Partial",
              "Parent Relationship": "Outer",
              "Parallel Aware": false,
              "Startup Cost": 45019.5,
              "Total Cost": 45019.51,
              "Plan Rows": 1,
              "Plan Width": 8,
              "Actual Startup Time": 179.501,
              "Actual Total Time": 179.503,
              "Actual Rows": 1,
              "Actual Loops": 4,
              "Plans": [
                {
                  "Node Type": "Seq Scan",
                  "Parent Relationship": "Outer",
                  "Parallel Aware": true,
                  "Relation Name": "movie_keyword",
                  "Alias": "mk",
                  "Startup Cost": 0.0,
                  "Total Cost": 42695.65,
                  "Plan Rows": 929540,
                  "Plan Width": 0,
                  "Actual Startup Time": 0.062,
                  "Actual Total Time": 139.952,
                  "Actual Rows": 719733,
                  "Actual Loops": 4,
                  "Filter": "(keyword_id < 8946)",
                  "Rows Removed by Filter": 411250
                }
              ]
            }
          ]
        }
      ]
    },
    "Planning Time": 0.19,
    "Triggers": [],
    "Execution Time": 197.685
  }
]