[
  {
    "Plan": {
      "Node Type": "Aggregate",
      "Strategy": "Plain",
      "Partial Mode": "Finalize",
      "Parallel Aware": false,
      "Startup Cost": 37481.46,
      "Total Cost": 37481.47,
      "Plan Rows": 1,
      "Plan Width": 8,
      "Actual Startup Time": 134.342,
      "Actual Total Time": 143.329,
      "Actual Rows": 1,
      "Actual Loops": 1,
      "Plans": [
        {
          "Node Type": "Gather",
          "Parent Relationship": "Outer",
          "Parallel Aware": false,
          "Startup Cost": 37481.14,
          "Total Cost": 37481.45,
          "Plan Rows": 3,
          "Plan Width": 8,
          "Actual Startup Time": 134.018,
          "Actual Total Time": 143.321,
          "Actual Rows": 4,
          "Actual Loops": 1,
          "Workers Planned": 3,
          "Workers Launched": 3,
          "Single Copy": false,
          "Plans": [
            {
              "Node Type": "Aggregate",
              "Strategy": "Plain",
              "Partial Mode": "Partial",
              "Parent Relationship": "Outer",
              "Parallel Aware": false,
              "Startup Cost": 36481.14,
              "Total Cost": 36481.15,
              "Plan Rows": 1,
              "Plan Width": 8,
              "Actual Startup Time": 125.778,
              "Actual Total Time": 125.78,
              "Actual Rows": 1,
              "Actual Loops": 4,
              "Plans": [
                {
                  "Node Type": "Bitmap Heap Scan",
                  "Parent Relationship": "Outer",
                  "Parallel Aware": true,
                  "Relation Name": "movie_keyword",
                  "Alias": "mk",
                  "Startup Cost": 9793.69,
                  "Total Cost": 36108.9,
                  "Plan Rows": 148897,
                  "Plan Width": 0,
                  "Actual Startup Time": 44.136,
                  "Actual Total Time": 118.558,
                  "Actual Rows": 112840,
                  "Actual Loops": 4,
                  "Recheck Cond": "(keyword_id > 39264)",
                  "Rows Removed by Index Recheck": 0,
                  "Exact Heap Blocks": 10934,
                  "Lossy Heap Blocks": 0,
                  "Plans": [
                    {
                      "Node Type": "Bitmap Index Scan",
                      "Parent Relationship": "Outer",
                      "Parallel Aware": false,
                      "Index Name": "keyword_id_movie_keyword",
                      "Startup Cost": 0.0,
                      "Total Cost": 9678.29,
                      "Plan Rows": 461581,
                      "Plan Width": 0,
                      "Actual Startup Time": 46.318,
                      "Actual Total Time": 46.319,
                      "Actual Rows": 451359,
                      "Actual Loops": 1,
                      "Index Cond": "(keyword_id > 39264)"
                    }
                  ]
                }
              ]
            }
          ]
        }
      ]
    },
    "Planning Time": 0.185,
    "Triggers": [],
    "Execution Time": 143.441
  }
]