[
  {
    "Plan": {
      "Node Type": "Aggregate",
      "Strategy": "Plain",
      "Partial Mode": "Finalize",
      "Parallel Aware": false,
      "Startup Cost": 302306.62,
      "Total Cost": 302306.63,
      "Plan Rows": 1,
      "Plan Width": 8,
      "Actual Startup Time": 349.275,
      "Actual Total Time": 372.065,
      "Actual Rows": 1,
      "Actual Loops": 1,
      "Plans": [
        {
          "Node Type": "Gather",
          "Parent Relationship": "Outer",
          "Parallel Aware": false,
          "Startup Cost": 302305.99,
          "Total Cost": 302306.6,
          "Plan Rows": 6,
          "Plan Width": 8,
          "Actual Startup Time": 347.39,
          "Actual Total Time": 372.056,
          "Actual Rows": 7,
          "Actual Loops": 1,
          "Workers Planned": 6,
          "Workers Launched": 6,
          "Single Copy": false,
          "Plans": [
            {
              "Node Type": "Aggregate",
              "Strategy": "Plain",
              "Partial Mode": "Partial",
              "Parent Relationship": "Outer",
              "Parallel Aware": false,
              "Startup Cost": 301305.99,
              "Total Cost": 301306.0,
              "Plan Rows": 1,
              "Plan Width": 8,
              "Actual Startup Time": 334.432,
              "Actual Total Time": 334.437,
              "Actual Rows": 1,
              "Actual Loops": 7,
              "Plans": [
                {
                  "Node Type": "Nested Loop",
                  "Parent Relationship": "Outer",
                  "Parallel Aware": false,
                  "Join Type": "Inner",
                  "Startup Cost": 46575.43,
                  "Total Cost": 300989.08,
                  "Plan Rows": 126766,
                  "Plan Width": 0,
                  "Actual Startup Time": 169.981,
                  "Actual Total Time": 334.407,
                  "Actual Rows": 151,
                  "Actual Loops": 7,
                  "Inner Unique": false,
                  "Plans": [
                    {
                      "Node Type": "Hash Join",
                      "Parent Relationship": "Outer",
                      "Parallel Aware": true,
                      "Join Type": "Inner",
                      "Startup Cost": 46574.99,
                      "Total Cost": 244620.21,
                      "Plan Rows": 21680,
                      "Plan Width": 8,
                      "Actual Startup Time": 169.888,
                      "Actual Total Time": 332.841,
                      "Actual Rows": 13,
                      "Actual Loops": 7,
                      "Inner Unique": true,
                      "Hash Cond": "(ci.movie_id = t.id)",
                      "Plans": [
                        {
                          "Node Type": "Index Scan",
                          "Parent Relationship": "Outer",
                          "Parallel Aware": true,
                          "Scan Direction": "Forward",
                          "Index Name": "role_id_cast_info",
                          "Relation Name": "cast_info",
                          "Alias": "ci",
                          "Startup Cost": 0.56,
                          "Total Cost": 197877.72,
                          "Plan Rows": 64021,
                          "Plan Width": 4,
                          "Actual Startup Time": 2.811,
                          "Actual Total Time": 194.112,
                          "Actual Rows": 33,
                          "Actual Loops": 7,
                          "Index Cond": "(role_id = 2)",
                          "Rows Removed by Index Recheck": 0,
                          "Filter": "(person_id < 187827)",
                          "Rows Removed by Filter": 1064535
                        },
                        {
                          "Node Type": "Hash",
                          "Parent Relationship": "Inner",
                          "Parallel Aware": true,
                          "Startup Cost": 43898.92,
                          "Total Cost": 43898.92,
                          "Plan Rows": 214041,
                          "Plan Width": 4,
                          "Actual Startup Time": 134.782,
                          "Actual Total Time": 134.785,
                          "Actual Rows": 122031,
                          "Actual Loops": 7,
                          "Hash Buckets": 1048576,
                          "Original Hash Buckets": 1048576,
                          "Hash Batches": 1,
                          "Original Hash Batches": 1,
                          "Peak Memory Usage": 41728,
                          "Plans": [
                            {
                              "Node Type": "Seq Scan",
                              "Parent Relationship": "Outer",
                              "Parallel Aware": true,
                              "Relation Name": "title",
                              "Alias": "t",
                              "Startup Cost": 0.0,
                              "Total Cost": 43898.92,
                              "Plan Rows": 214041,
                              "Plan Width": 4,
                              "Actual Startup Time": 0.05,
                              "Actual Total Time": 81.08,
                              "Actual Rows": 122031,
                              "Actual Loops": 7,
                              "Filter": "(kind_id < 4)",
                              "Rows Removed by Filter": 239157
                            }
                          ]
                        }
                      ]
                    },
                    {
                      "Node Type": "Index Only Scan",
                      "Parent Relationship": "Inner",
                      "Parallel Aware": false,
                      "Scan Direction": "Forward",
                      "Index Name": "movie_id_movie_info",
                      "Relation Name": "movie_info",
                      "Alias": "mi",
                      "Startup Cost": 0.43,
                      "Total Cost": 2.18,
                      "Plan Rows": 42,
                      "Plan Width": 4,
                      "Actual Startup Time": 0.045,
                      "Actual Total Time": 0.12,
                      "Actual Rows": 12,
                      "Actual Loops": 89,
                      "Index Cond": "(movie_id = t.id)",
                      "Rows Removed by Index Recheck": 0,
                      "Heap Fetches": 1057
                    }
                  ]
                }
              ]
            }
          ]
        }
      ]
    },
    "Planning Time": 1.409,
    "Triggers": [],
    "Execution Time": 372.164
  }
]