[
  {
    "Plan": {
      "Node Type": "Aggregate",
      "Strategy": "Plain",
      "Partial Mode": "Finalize",
      "Parallel Aware": false,
      "Startup Cost": 128363.31,
      "Total Cost": 128363.32,
      "Plan Rows": 1,
      "Plan Width": 8,
      "Actual Startup Time": 1720.106,
      "Actual Total Time": 1742.203,
      "Actual Rows": 1,
      "Actual Loops": 1,
      "Plans": [
        {
          "Node Type": "Gather",
          "Parent Relationship": "Outer",
          "Parallel Aware": false,
          "Startup Cost": 128362.99,
          "Total Cost": 128363.3,
          "Plan Rows": 3,
          "Plan Width": 8,
          "Actual Startup Time": 1711.892,
          "Actual Total Time": 1742.196,
          "Actual Rows": 4,
          "Actual Loops": 1,
          "Workers Planned": 3,
          "Workers Launched": 3,
          "Single Copy": false,
          "Plans": [
            {
              "Node Type": "Aggregate",
              "Strategy": "Plain",
              "Partial Mode": "Partial",
              "Parent Relationship": "Outer",
              "Parallel Aware": false,
              "Startup Cost": 127362.99,
              "Total Cost": 127363.0,
              "Plan Rows": 1,
              "Plan Width": 8,
              "Actual Startup Time": 1701.743,
              "Actual Total Time": 1701.749,
              "Actual Rows": 1,
              "Actual Loops": 4,
              "Plans": [
                {
                  "Node Type": "Hash Join",
                  "Parent Relationship": "Outer",
                  "Parallel Aware": true,
                  "Join Type": "Inner",
                  "Startup Cost": 80972.38,
                  "Total Cost": 126546.17,
                  "Plan Rows": 326731,
                  "Plan Width": 0,
                  "Actual Startup Time": 563.202,
                  "Actual Total Time": 1347.62,
                  "Actual Rows": 7247570,
                  "Actual Loops": 4,
                  "Inner Unique": false,
                  "Hash Cond": "(mk.movie_id = t.id)",
                  "Plans": [
                    {
                      "Node Type": "Seq Scan",
                      "Parent Relationship": "Outer",
                      "Parallel Aware": true,
                      "Relation Name": "movie_keyword",
                      "Alias": "mk",
                      "Startup Cost": 0.0,
                      "Total Cost": 39047.32,
                      "Plan Rows": 1459332,
                      "Plan Width": 4,
                      "Actual Startup Time": 0.034,
                      "Actual Total Time": 102.474,
                      "Actual Rows": 1130982,
                      "Actual Loops": 4
                    },
                    {
                      "Node Type": "Hash",
                      "Parent Relationship": "Inner",
                      "Parallel Aware": true,
                      "Startup Cost": 78689.87,
                      "Total Cost": 78689.87,
                      "Plan Rows": 182601,
                      "Plan Width": 8,
                      "Actual Startup Time": 514.141,
                      "Actual Total Time": 514.145,
                      "Actual Rows": 304119,
                      "Actual Loops": 4,
                      "Hash Buckets": 2097152,
                      "Original Hash Buckets": 1048576,
                      "Hash Batches": 1,
                      "Original Hash Batches": 1,
                      "Peak Memory Usage": 72224,
                      "Plans": [
                        {
                          "Node Type": "Hash Join",
                          "Parent Relationship": "Outer",
                          "Parallel Aware": true,
                          "Join Type": "Inner",
                          "Startup Cost": 47304.47,
                          "Total Cost": 78689.87,
                          "Plan Rows": 182601,
                          "Plan Width": 8,
                          "Actual Startup Time": 193.832,
                          "Actual Total Time": 394.923,
                          "Actual Rows": 304119,
                          "Actual Loops": 4,
                          "Inner Unique": true,
                          "Hash Cond": "(mc.movie_id = t.id)",
                          "Plans": [
                            {
                              "Node Type": "Seq Scan",
                              "Parent Relationship": "Outer",
                              "Parallel Aware": true,
                              "Relation Name": "movie_companies",
                              "Alias": "mc",
                              "Startup Cost": 0.0,
                              "Total Cost": 29310.68,
                              "Plan Rows": 790366,
                              "Plan Width": 4,
                              "Actual Startup Time": 0.02,
                              "Actual Total Time": 83.2,
                              "Actual Rows": 611755,
                              "Actual Loops": 4,
                              "Filter": "(company_id > 27)",
                              "Rows Removed by Filter": 40528
                            },
                            {
                              "Node Type": "Hash",
                              "Parent Relationship": "Inner",
                              "Parallel Aware": true,
                              "Startup Cost": 45479.1,
                              "Total Cost": 45479.1,
                              "Plan Rows": 146030,
                              "Plan Width": 4,
                              "Actual Startup Time": 163.674,
                              "Actual Total Time": 163.675,
                              "Actual Rows": 148682,
                              "Actual Loops": 4,
                              "Hash Buckets": 1048576,
                              "Original Hash Buckets": 1048576,
                              "Hash Batches": 1,
                              "Original Hash Batches": 1,
                              "Peak Memory Usage": 31552,
                              "Plans": [
                                {
                                  "Node Type": "Seq Scan",
                                  "Parent Relationship": "Outer",
                                  "Parallel Aware": true,
                                  "Relation Name": "title",
                                  "Alias": "t",
                                  "Startup Cost": 0.0,
                                  "Total Cost": 45479.1,
                                  "Plan Rows": 146030,
                                  "Plan Width": 4,
                                  "Actual Startup Time": 61.627,
                                  "Actual Total Time": 106.981,
                                  "Actual Rows": 148682,
                                  "Actual Loops": 4,
                                  "Filter": "((production_year < 2012) AND (kind_id = 1))",
                                  "Rows Removed by Filter": 483396
                                }
                              ]
                            }
                          ]
                        }
                      ]
                    }
                  ]
                }
              ]
            }
          ]
        }
      ]
    },
    "Planning Time": 1.398,
    "Triggers": [],
    "Execution Time": 1742.279
  }
]