[
    {
        "Bao": {
            "Bao prediction": "NaN",
            "Bao recommended hint": "(no hint)"
        }
    },
    {
        "Plan": {
            "Node Type": "Aggregate",
            "Strategy": "Plain",
            "Partial Mode": "Finalize",
            "Parallel Aware": false,
            "Startup Cost": 74026.29,
            "Total Cost": 74026.3,
            "Plan Rows": 1,
            "Plan Width": 8,
            "Actual Startup Time": 158.288,
            "Actual Total Time": 170.038,
            "Actual Rows": 1,
            "Actual Loops": 1,
            "Output": [
                "count(*)"
            ],
            "Plans": [
                {
                    "Node Type": "Gather",
                    "Parent Relationship": "Outer",
                    "Parallel Aware": false,
                    "Startup Cost": 74025.87,
                    "Total Cost": 74026.28,
                    "Plan Rows": 4,
                    "Plan Width": 8,
                    "Actual Startup Time": 157.595,
                    "Actual Total Time": 170.028,
                    "Actual Rows": 5,
                    "Actual Loops": 1,
                    "Output": [
                        "(PARTIAL count(*))"
                    ],
                    "Workers Planned": 4,
                    "Workers Launched": 4,
                    "Single Copy": false,
                    "Plans": [
                        {
                            "Node Type": "Aggregate",
                            "Strategy": "Plain",
                            "Partial Mode": "Partial",
                            "Parent Relationship": "Outer",
                            "Parallel Aware": false,
                            "Startup Cost": 73025.87,
                            "Total Cost": 73025.88,
                            "Plan Rows": 1,
                            "Plan Width": 8,
                            "Actual Startup Time": 147.602,
                            "Actual Total Time": 147.605,
                            "Actual Rows": 1,
                            "Actual Loops": 5,
                            "Output": [
                                "PARTIAL count(*)"
                            ],
                            "Workers": [
                                {
                                    "Worker Number": 0,
                                    "Actual Startup Time": 144.536,
                                    "Actual Total Time": 144.538,
                                    "Actual Rows": 1,
                                    "Actual Loops": 1
                                },
                                {
                                    "Worker Number": 1,
                                    "Actual Startup Time": 145.391,
                                    "Actual Total Time": 145.394,
                                    "Actual Rows": 1,
                                    "Actual Loops": 1
                                },
                                {
                                    "Worker Number": 2,
                                    "Actual Startup Time": 145.529,
                                    "Actual Total Time": 145.532,
                                    "Actual Rows": 1,
                                    "Actual Loops": 1
                                },
                                {
                                    "Worker Number": 3,
                                    "Actual Startup Time": 145.733,
                                    "Actual Total Time": 145.738,
                                    "Actual Rows": 1,
                                    "Actual Loops": 1
                                }
                            ],
                            "Plans": [
                                {
                                    "Node Type": "Hash Join",
                                    "Parent Relationship": "Outer",
                                    "Parallel Aware": true,
                                    "Join Type": "Inner",
                                    "Startup Cost": 28409.28,
                                    "Total Cost": 73003.18,
                                    "Plan Rows": 9078,
                                    "Plan Width": 0,
                                    "Actual Startup Time": 65.067,
                                    "Actual Total Time": 147.433,
                                    "Actual Rows": 1522,
                                    "Actual Loops": 5,
                                    "Inner Unique": false,
                                    "Hash Cond": "(t.id = mc.movie_id)",
                                    "Workers": [
                                        {
                                            "Worker Number": 0,
                                            "Actual Startup Time": 62.031,
                                            "Actual Total Time": 144.367,
                                            "Actual Rows": 1399,
                                            "Actual Loops": 1
                                        },
                                        {
                                            "Worker Number": 1,
                                            "Actual Startup Time": 62.98,
                                            "Actual Total Time": 145.209,
                                            "Actual Rows": 1560,
                                            "Actual Loops": 1
                                        },
                                        {
                                            "Worker Number": 2,
                                            "Actual Startup Time": 62.952,
                                            "Actual Total Time": 145.34,
                                            "Actual Rows": 1568,
                                            "Actual Loops": 1
                                        },
                                        {
                                            "Worker Number": 3,
                                            "Actual Startup Time": 63.129,
                                            "Actual Total Time": 145.548,
                                            "Actual Rows": 895,
                                            "Actual Loops": 1
                                        }
                                    ],
                                    "Plans": [
                                        {
                                            "Node Type": "Seq Scan",
                                            "Parent Relationship": "Outer",
                                            "Parallel Aware": true,
                                            "Relation Name": "title",
                                            "Schema": "public",
                                            "Alias": "t",
                                            "Startup Cost": 0.0,
                                            "Total Cost": 43899.01,
                                            "Plan Rows": 133123,
                                            "Plan Width": 4,
                                            "Actual Startup Time": 0.012,
                                            "Actual Total Time": 65.884,
                                            "Actual Rows": 106674,
                                            "Actual Loops": 5,
                                            "Output": [
                                                "t.id",
                                                "t.title",
                                                "t.imdb_index",
                                                "t.kind_id",
                                                "t.production_year",
                                                "t.imdb_id",
                                                "t.phonetic_code",
                                                "t.episode_of_id",
                                                "t.season_nr",
                                                "t.episode_nr",
                                                "t.series_years",
                                                "t.md5sum"
                                            ],
                                            "Filter": "(t.production_year > 2009)",
                                            "Rows Removed by Filter": 398989,
                                            "Workers": [
                                                {
                                                    "Worker Number": 0,
                                                    "Actual Startup Time": 0.008,
                                                    "Actual Total Time": 66.521,
                                                    "Actual Rows": 105145,
                                                    "Actual Loops": 1
                                                },
                                                {
                                                    "Worker Number": 1,
                                                    "Actual Startup Time": 0.01,
                                                    "Actual Total Time": 66.592,
                                                    "Actual Rows": 107282,
                                                    "Actual Loops": 1
                                                },
                                                {
                                                    "Worker Number": 2,
                                                    "Actual Startup Time": 0.009,
                                                    "Actual Total Time": 66.594,
                                                    "Actual Rows": 105987,
                                                    "Actual Loops": 1
                                                },
                                                {
                                                    "Worker Number": 3,
                                                    "Actual Startup Time": 0.024,
                                                    "Actual Total Time": 65.209,
                                                    "Actual Rows": 62106,
                                                    "Actual Loops": 1
                                                }
                                            ]
                                        },
                                        {
                                            "Node Type": "Hash",
                                            "Parent Relationship": "Inner",
                                            "Parallel Aware": true,
                                            "Startup Cost": 27714.08,
                                            "Total Cost": 27714.08,
                                            "Plan Rows": 55616,
                                            "Plan Width": 4,
                                            "Actual Startup Time": 63.774,
                                            "Actual Total Time": 63.775,
                                            "Actual Rows": 13865,
                                            "Actual Loops": 5,
                                            "Output": [
                                                "mc.movie_id"
                                            ],
                                            "Hash Buckets": 262144,
                                            "Original Hash Buckets": 262144,
                                            "Hash Batches": 1,
                                            "Original Hash Batches": 1,
                                            "Peak Memory Usage": 4864,
                                            "Workers": [
                                                {
                                                    "Worker Number": 0,
                                                    "Actual Startup Time": 61.465,
                                                    "Actual Total Time": 61.466,
                                                    "Actual Rows": 12157,
                                                    "Actual Loops": 1
                                                },
                                                {
                                                    "Worker Number": 1,
                                                    "Actual Startup Time": 62.341,
                                                    "Actual Total Time": 62.342,
                                                    "Actual Rows": 11490,
                                                    "Actual Loops": 1
                                                },
                                                {
                                                    "Worker Number": 2,
                                                    "Actual Startup Time": 62.528,
                                                    "Actual Total Time": 62.529,
                                                    "Actual Rows": 11672,
                                                    "Actual Loops": 1
                                                },
                                                {
                                                    "Worker Number": 3,
                                                    "Actual Startup Time": 62.586,
                                                    "Actual Total Time": 62.588,
                                                    "Actual Rows": 8329,
                                                    "Actual Loops": 1
                                                }
                                            ],
                                            "Plans": [
                                                {
                                                    "Node Type": "Bitmap Heap Scan",
                                                    "Parent Relationship": "Outer",
                                                    "Parallel Aware": true,
                                                    "Relation Name": "movie_companies",
                                                    "Schema": "public",
                                                    "Alias": "mc",
                                                    "Startup Cost": 7287.78,
                                                    "Total Cost": 27714.08,
                                                    "Plan Rows": 55616,
                                                    "Plan Width": 4,
                                                    "Actual Startup Time": 47.602,
                                                    "Actual Total Time": 59.209,
                                                    "Actual Rows": 13865,
                                                    "Actual Loops": 5,
                                                    "Output": [
                                                        "mc.movie_id"
                                                    ],
                                                    "Recheck Cond": "(mc.company_id < 164)",
                                                    "Rows Removed by Index Recheck": 0,
                                                    "Filter": "(mc.company_type_id = 2)",
                                                    "Rows Removed by Filter": 52119,
                                                    "Exact Heap Blocks": 9272,
                                                    "Lossy Heap Blocks": 0,
                                                    "Workers": [
                                                        {
                                                            "Worker Number": 0,
                                                            "Actual Startup Time": 45.267,
                                                            "Actual Total Time": 57.217,
                                                            "Actual Rows": 12157,
                                                            "Actual Loops": 1
                                                        },
                                                        {
                                                            "Worker Number": 1,
                                                            "Actual Startup Time": 46.198,
                                                            "Actual Total Time": 57.982,
                                                            "Actual Rows": 11490,
                                                            "Actual Loops": 1
                                                        },
                                                        {
                                                            "Worker Number": 2,
                                                            "Actual Startup Time": 46.361,
                                                            "Actual Total Time": 58.03,
                                                            "Actual Rows": 11672,
                                                            "Actual Loops": 1
                                                        },
                                                        {
                                                            "Worker Number": 3,
                                                            "Actual Startup Time": 46.389,
                                                            "Actual Total Time": 58.244,
                                                            "Actual Rows": 8329,
                                                            "Actual Loops": 1
                                                        }
                                                    ],
                                                    "Plans": [
                                                        {
                                                            "Node Type": "Bitmap Index Scan",
                                                            "Parent Relationship": "Outer",
                                                            "Parallel Aware": false,
                                                            "Index Name": "company_id_movie_companies",
                                                            "Startup Cost": 0.0,
                                                            "Total Cost": 7244.68,
                                                            "Plan Rows": 338167,
                                                            "Plan Width": 0,
                                                            "Actual Startup Time": 16.691,
                                                            "Actual Total Time": 16.691,
                                                            "Actual Rows": 329920,
                                                            "Actual Loops": 1,
                                                            "Index Cond": "(mc.company_id < 164)"
                                                        }
                                                    ]
                                                }
                                            ]
                                        }
                                    ]
                                }
                            ]
                        }
                    ]
                }
            ]
        },
        "Planning Time": 189.141,
        "Triggers": [],
        "Execution Time": 170.16
    }
]