{
  "Plan": {
    "Node Type": "Aggregate",
    "Strategy": "Plain",
    "Partial Mode": "Finalize",
    "Parallel Aware": false,
    "Startup Cost": 112342.08,
    "Total Cost": 112342.09,
    "Plan Rows": 1,
    "Plan Width": 8,
    "Actual Startup Time": 579.965,
    "Actual Total Time": 594.84,
    "Actual Rows": 1,
    "Actual Loops": 1,
    "Plans": [
      {
        "Node Type": "Gather",
        "Parent Relationship": "Outer",
        "Parallel Aware": false,
        "Startup Cost": 112341.97,
        "Total Cost": 112342.08,
        "Plan Rows": 1,
        "Plan Width": 8,
        "Actual Startup Time": 578.257,
        "Actual Total Time": 594.833,
        "Actual Rows": 2,
        "Actual Loops": 1,
        "Workers Planned": 1,
        "Workers Launched": 1,
        "Single Copy": false,
        "Plans": [
          {
            "Node Type": "Aggregate",
            "Strategy": "Plain",
            "Partial Mode": "Partial",
            "Parent Relationship": "Outer",
            "Parallel Aware": false,
            "Startup Cost": 111341.97,
            "Total Cost": 111341.98,
            "Plan Rows": 1,
            "Plan Width": 8,
            "Actual Startup Time": 571.709,
            "Actual Total Time": 571.715,
            "Actual Rows": 1,
            "Actual Loops": 2,
            "Plans": [
              {
                "Node Type": "Hash Join",
                "Parent Relationship": "Outer",
                "Parallel Aware": true,
                "Join Type": "Inner",
                "Startup Cost": 92133.53,
                "Total Cost": 111309.38,
                "Plan Rows": 13034,
                "Plan Width": 0,
                "Actual Startup Time": 509.778,
                "Actual Total Time": 569.349,
                "Actual Rows": 60808,
                "Actual Loops": 2,
                "Inner Unique": false,
                "Hash Cond": "(mi_idx.movie_id = t.id)",
                "Plans": [
                  {
                    "Node Type": "Seq Scan",
                    "Parent Relationship": "Outer",
                    "Parallel Aware": true,
                    "Relation Name": "movie_info_idx",
                    "Alias": "mi_idx",
                    "Startup Cost": 0.0,
                    "Total Cost": 18082.32,
                    "Plan Rows": 271164,
                    "Plan Width": 4,
                    "Actual Startup Time": 0.028,
                    "Actual Total Time": 52.009,
                    "Actual Rows": 230092,
                    "Actual Loops": 2,
                    "Filter": "(info_type_id > 100)",
                    "Rows Removed by Filter": 459925
                  },
                  {
                    "Node Type": "Hash",
                    "Parent Relationship": "Inner",
                    "Parallel Aware": true,
                    "Startup Cost": 91239.97,
                    "Total Cost": 91239.97,
                    "Plan Rows": 71485,
                    "Plan Width": 8,
                    "Actual Startup Time": 467.995,
                    "Actual Total Time": 467.999,
                    "Actual Rows": 116739,
                    "Actual Loops": 2,
                    "Hash Buckets": 262144,
                    "Original Hash Buckets": 131072,
                    "Hash Batches": 1,
                    "Original Hash Batches": 1,
                    "Peak Memory Usage": 12256,
                    "Plans": [
                      {
                        "Node Type": "Hash Join",
                        "Parent Relationship": "Outer",
                        "Parallel Aware": true,
                        "Join Type": "Inner",
                        "Startup Cost": 27912.66,
                        "Total Cost": 91239.97,
                        "Plan Rows": 71485,
                        "Plan Width": 8,
                        "Actual Startup Time": 274.083,
                        "Actual Total Time": 438.488,
                        "Actual Rows": 116739,
                        "Actual Loops": 2,
                        "Inner Unique": false,
                        "Hash Cond": "(t.id = mc.movie_id)",
                        "Plans": [
                          {
                            "Node Type": "Seq Scan",
                            "Parent Relationship": "Outer",
                            "Parallel Aware": true,
                            "Relation Name": "title",
                            "Alias": "t",
                            "Startup Cost": 0.0,
                            "Total Cost": 54588.39,
                            "Plan Rows": 1330947,
                            "Plan Width": 4,
                            "Actual Startup Time": 0.018,
                            "Actual Total Time": 160.753,
                            "Actual Rows": 1126611,
                            "Actual Loops": 2,
                            "Filter": "(production_year > 1955)",
                            "Rows Removed by Filter": 137545
                          },
                          {
                            "Node Type": "Hash",
                            "Parent Relationship": "Inner",
                            "Parallel Aware": true,
                            "Startup Cost": 26914.17,
                            "Total Cost": 26914.17,
                            "Plan Rows": 79879,
                            "Plan Width": 4,
                            "Actual Startup Time": 92.931,
                            "Actual Total Time": 92.933,
                            "Actual Rows": 133223,
                            "Actual Loops": 2,
                            "Hash Buckets": 524288,
                            "Original Hash Buckets": 262144,
                            "Hash Batches": 1,
                            "Original Hash Batches": 1,
                            "Peak Memory Usage": 16576,
                            "Plans": [
                              {
                                "Node Type": "Bitmap Heap Scan",
                                "Parent Relationship": "Outer",
                                "Parallel Aware": true,
                                "Relation Name": "movie_companies",
                                "Alias": "mc",
                                "Startup Cost": 5764.28,
                                "Total Cost": 26914.17,
                                "Plan Rows": 79879,
                                "Plan Width": 4,
                                "Actual Startup Time": 23.098,
                                "Actual Total Time": 59.61,
                                "Actual Rows": 133223,
                                "Actual Loops": 2,
                                "Recheck Cond": "(company_id > 98391)",
                                "Rows Removed by Index Recheck": 0,
                                "Filter": "(company_type_id > 1)",
                                "Rows Removed by Filter": 0,
                                "Exact Heap Blocks": 3143,
                                "Lossy Heap Blocks": 0,
                                "Plans": [
                                  {
                                    "Node Type": "Bitmap Index Scan",
                                    "Parent Relationship": "Outer",
                                    "Parallel Aware": false,
                                    "Index Name": "company_id_movie_companies",
                                    "Startup Cost": 0.0,
                                    "Total Cost": 5730.34,
                                    "Plan Rows": 267454,
                                    "Plan Width": 0,
                                    "Actual Startup Time": 23.572,
                                    "Actual Total Time": 23.573,
                                    "Actual Rows": 266446,
                                    "Actual Loops": 1,
                                    "Index Cond": "(company_id > 98391)"
                                  }
                                ]
                              }
                            ]
                          }
                        ]
                      }
                    ]
                  }
                ]
              }
            ]
          }
        ]
      }
    ]
  },
  "Planning Time": 0.943,
  "Triggers": [],
  "Execution Time": 594.953
}