[
  {
    "Plan": {
      "Node Type": "Aggregate",
      "Strategy": "Plain",
      "Partial Mode": "Finalize",
      "Parallel Aware": false,
      "Startup Cost": 46108.56,
      "Total Cost": 46108.57,
      "Plan Rows": 1,
      "Plan Width": 8,
      "Actual Startup Time": 153.406,
      "Actual Total Time": 162.813,
      "Actual Rows": 1,
      "Actual Loops": 1,
      "Plans": [
        {
          "Node Type": "Gather",
          "Parent Relationship": "Outer",
          "Parallel Aware": false,
          "Startup Cost": 46108.24,
          "Total Cost": 46108.55,
          "Plan Rows": 3,
          "Plan Width": 8,
          "Actual Startup Time": 153.259,
          "Actual Total Time": 162.799,
          "Actual Rows": 4,
          "Actual Loops": 1,
          "Workers Planned": 3,
          "Workers Launched": 3,
          "Single Copy": false,
          "Plans": [
            {
              "Node Type": "Aggregate",
              "Strategy": "Plain",
              "Partial Mode": "Partial",
              "Parent Relationship": "Outer",
              "Parallel Aware": false,
              "Startup Cost": 45108.24,
              "Total Cost": 45108.25,
              "Plan Rows": 1,
              "Plan Width": 8,
              "Actual Startup Time": 149.459,
              "Actual Total Time": 149.461,
              "Actual Rows": 1,
              "Actual Loops": 4,
              "Plans": [
                {
                  "Node Type": "Seq Scan",
                  "Parent Relationship": "Outer",
                  "Parallel Aware": true,
                  "Relation Name": "movie_keyword",
                  "Alias": "mk",
                  "Startup Cost": 0.0,
                  "Total Cost": 42695.65,
                  "Plan Rows": 965034,
                  "Plan Width": 0,
                  "Actual Startup Time": 0.029,
                  "Actual Total Time": 115.901,
                  "Actual Rows": 750443,
                  "Actual Loops": 4,
                  "Filter": "(keyword_id < 10575)",
                  "Rows Removed by Filter": 380540
                }
              ]
            }
          ]
        }
      ]
    },
    "Planning Time": 0.104,
    "Triggers": [],
    "Execution Time": 162.855
  }
]