[
  {
    "Plan": {
      "Node Type": "Aggregate",
      "Strategy": "Plain",
      "Partial Mode": "Simple",
      "Parallel Aware": false,
      "Startup Cost": 39244.35,
      "Total Cost": 39244.36,
      "Plan Rows": 1,
      "Plan Width": 8,
      "Actual Startup Time": 55.912,
      "Actual Total Time": 55.913,
      "Actual Rows": 1,
      "Actual Loops": 1,
      "Plans": [
        {
          "Node Type": "Bitmap Heap Scan",
          "Parent Relationship": "Outer",
          "Parallel Aware": false,
          "Relation Name": "title",
          "Alias": "t",
          "Startup Cost": 1708.62,
          "Total Cost": 39132.65,
          "Plan Rows": 44678,
          "Plan Width": 0,
          "Actual Startup Time": 10.331,
          "Actual Total Time": 53.848,
          "Actual Rows": 46784,
          "Actual Loops": 1,
          "Recheck Cond": "(kind_id = 2)",
          "Rows Removed by Index Recheck": 0,
          "Filter": "(production_year < 2003)",
          "Rows Removed by Filter": 44068,
          "Exact Heap Blocks": 23872,
          "Lossy Heap Blocks": 0,
          "Plans": [
            {
              "Node Type": "Bitmap Index Scan",
              "Parent Relationship": "Outer",
              "Parallel Aware": false,
              "Index Name": "kind_id_title",
              "Startup Cost": 0.0,
              "Total Cost": 1697.45,
              "Plan Rows": 95069,
              "Plan Width": 0,
              "Actual Startup Time": 6.762,
              "Actual Total Time": 6.763,
              "Actual Rows": 90852,
              "Actual Loops": 1,
              "Index Cond": "(kind_id = 2)"
            }
          ]
        }
      ]
    },
    "Planning Time": 0.18,
    "Triggers": [],
    "Execution Time": 56.115
  }
]