[
  {
    "Plan": {
      "Node Type": "Aggregate",
      "Strategy": "Plain",
      "Partial Mode": "Finalize",
      "Parallel Aware": false,
      "Startup Cost": 350429.75,
      "Total Cost": 350429.76,
      "Plan Rows": 1,
      "Plan Width": 8,
      "Actual Startup Time": 594.72,
      "Actual Total Time": 610.011,
      "Actual Rows": 1,
      "Actual Loops": 1,
      "Plans": [
        {
          "Node Type": "Gather",
          "Parent Relationship": "Outer",
          "Parallel Aware": false,
          "Startup Cost": 350429.44,
          "Total Cost": 350429.75,
          "Plan Rows": 3,
          "Plan Width": 8,
          "Actual Startup Time": 589.8,
          "Actual Total Time": 610.003,
          "Actual Rows": 4,
          "Actual Loops": 1,
          "Workers Planned": 3,
          "Workers Launched": 3,
          "Single Copy": false,
          "Plans": [
            {
              "Node Type": "Aggregate",
              "Strategy": "Plain",
              "Partial Mode": "Partial",
              "Parent Relationship": "Outer",
              "Parallel Aware": false,
              "Startup Cost": 349429.44,
              "Total Cost": 349429.45,
              "Plan Rows": 1,
              "Plan Width": 8,
              "Actual Startup Time": 579.575,
              "Actual Total Time": 579.581,
              "Actual Rows": 1,
              "Actual Loops": 4,
              "Plans": [
                {
                  "Node Type": "Hash Join",
                  "Parent Relationship": "Outer",
                  "Parallel Aware": true,
                  "Join Type": "Inner",
                  "Startup Cost": 318042.19,
                  "Total Cost": 349192.41,
                  "Plan Rows": 94811,
                  "Plan Width": 0,
                  "Actual Startup Time": 465.13,
                  "Actual Total Time": 574.232,
                  "Actual Rows": 121688,
                  "Actual Loops": 4,
                  "Inner Unique": false,
                  "Hash Cond": "(mc.movie_id = t.id)",
                  "Plans": [
                    {
                      "Node Type": "Seq Scan",
                      "Parent Relationship": "Outer",
                      "Parallel Aware": true,
                      "Relation Name": "movie_companies",
                      "Alias": "mc",
                      "Startup Cost": 0.0,
                      "Total Cost": 29310.68,
                      "Plan Rows": 427336,
                      "Plan Width": 4,
                      "Actual Startup Time": 30.813,
                      "Actual Total Time": 69.577,
                      "Actual Rows": 333721,
                      "Actual Loops": 4,
                      "Filter": "(company_type_id = 2)",
                      "Rows Removed by Filter": 318562
                    },
                    {
                      "Node Type": "Hash",
                      "Parent Relationship": "Inner",
                      "Parallel Aware": true,
                      "Startup Cost": 316289.26,
                      "Total Cost": 316289.26,
                      "Plan Rows": 140234,
                      "Plan Width": 8,
                      "Actual Startup Time": 429.5,
                      "Actual Total Time": 429.505,
                      "Actual Rows": 136590,
                      "Actual Loops": 4,
                      "Hash Buckets": 1048576,
                      "Original Hash Buckets": 1048576,
                      "Hash Batches": 1,
                      "Original Hash Batches": 1,
                      "Peak Memory Usage": 29632,
                      "Plans": [
                        {
                          "Node Type": "Hash Join",
                          "Parent Relationship": "Outer",
                          "Parallel Aware": true,
                          "Join Type": "Inner",
                          "Startup Cost": 267416.08,
                          "Total Cost": 316289.26,
                          "Plan Rows": 140234,
                          "Plan Width": 8,
                          "Actual Startup Time": 127.355,
                          "Actual Total Time": 379.729,
                          "Actual Rows": 136590,
                          "Actual Loops": 4,
                          "Inner Unique": false,
                          "Hash Cond": "(t.id = ci.movie_id)",
                          "Plans": [
                            {
                              "Node Type": "Seq Scan",
                              "Parent Relationship": "Outer",
                              "Parallel Aware": true,
                              "Relation Name": "title",
                              "Alias": "t",
                              "Startup Cost": 0.0,
                              "Total Cost": 42318.73,
                              "Plan Rows": 632073,
                              "Plan Width": 4,
                              "Actual Startup Time": 0.013,
                              "Actual Total Time": 80.635,
                              "Actual Rows": 632078,
                              "Actual Loops": 4
                            },
                            {
                              "Node Type": "Hash",
                              "Parent Relationship": "Inner",
                              "Parallel Aware": true,
                              "Startup Cost": 266247.46,
                              "Total Cost": 266247.46,
                              "Plan Rows": 93490,
                              "Plan Width": 4,
                              "Actual Startup Time": 124.582,
                              "Actual Total Time": 124.584,
                              "Actual Rows": 136590,
                              "Actual Loops": 4,
                              "Hash Buckets": 1048576,
                              "Original Hash Buckets": 1048576,
                              "Hash Batches": 1,
                              "Original Hash Batches": 1,
                              "Peak Memory Usage": 29632,
                              "Plans": [
                                {
                                  "Node Type": "Bitmap Heap Scan",
                                  "Parent Relationship": "Outer",
                                  "Parallel Aware": true,
                                  "Relation Name": "cast_info",
                                  "Alias": "ci",
                                  "Startup Cost": 12391.83,
                                  "Total Cost": 266247.46,
                                  "Plan Rows": 93490,
                                  "Plan Width": 4,
                                  "Actual Startup Time": 25.944,
                                  "Actual Total Time": 61.03,
                                  "Actual Rows": 136590,
                                  "Actual Loops": 4,
                                  "Recheck Cond": "(person_id < 59713)",
                                  "Rows Removed by Index Recheck": 0,
                                  "Exact Heap Blocks": 1554,
                                  "Lossy Heap Blocks": 0,
                                  "Plans": [
                                    {
                                      "Node Type": "Bitmap Index Scan",
                                      "Parent Relationship": "Outer",
                                      "Parallel Aware": false,
                                      "Index Name": "person_id_cast_info",
                                      "Startup Cost": 0.0,
                                      "Total Cost": 12251.6,
                                      "Plan Rows": 560938,
                                      "Plan Width": 0,
                                      "Actual Startup Time": 24.57,
                                      "Actual Total Time": 24.571,
                                      "Actual Rows": 546358,
                                      "Actual Loops": 1,
                                      "Index Cond": "(person_id < 59713)"
                                    }
                                  ]
                                }
                              ]
                            }
                          ]
                        }
                      ]
                    }
                  ]
                }
              ]
            }
          ]
        }
      ]
    },
    "Planning Time": 1.462,
    "Triggers": [],
    "Execution Time": 610.122
  }
]