[
  {
    "Plan": {
      "Node Type": "Aggregate",
      "Strategy": "Plain",
      "Partial Mode": "Finalize",
      "Parallel Aware": false,
      "Startup Cost": 299697.04,
      "Total Cost": 299697.05,
      "Plan Rows": 1,
      "Plan Width": 8,
      "Actual Startup Time": 1581.526,
      "Actual Total Time": 1629.822,
      "Actual Rows": 1,
      "Actual Loops": 1,
      "Plans": [
        {
          "Node Type": "Gather",
          "Parent Relationship": "Outer",
          "Parallel Aware": false,
          "Startup Cost": 299696.52,
          "Total Cost": 299697.03,
          "Plan Rows": 5,
          "Plan Width": 8,
          "Actual Startup Time": 1552.483,
          "Actual Total Time": 1629.811,
          "Actual Rows": 6,
          "Actual Loops": 1,
          "Workers Planned": 5,
          "Workers Launched": 5,
          "Single Copy": false,
          "Plans": [
            {
              "Node Type": "Aggregate",
              "Strategy": "Plain",
              "Partial Mode": "Partial",
              "Parent Relationship": "Outer",
              "Parallel Aware": false,
              "Startup Cost": 298696.52,
              "Total Cost": 298696.53,
              "Plan Rows": 1,
              "Plan Width": 8,
              "Actual Startup Time": 1540.793,
              "Actual Total Time": 1540.8,
              "Actual Rows": 1,
              "Actual Loops": 6,
              "Plans": [
                {
                  "Node Type": "Hash Join",
                  "Parent Relationship": "Outer",
                  "Parallel Aware": true,
                  "Join Type": "Inner",
                  "Startup Cost": 92161.53,
                  "Total Cost": 296999.42,
                  "Plan Rows": 678840,
                  "Plan Width": 0,
                  "Actual Startup Time": 448.048,
                  "Actual Total Time": 1381.015,
                  "Actual Rows": 3836944,
                  "Actual Loops": 6,
                  "Inner Unique": false,
                  "Hash Cond": "(mi.movie_id = t.id)",
                  "Plans": [
                    {
                      "Node Type": "Seq Scan",
                      "Parent Relationship": "Outer",
                      "Parallel Aware": true,
                      "Relation Name": "movie_info",
                      "Alias": "mi",
                      "Startup Cost": 0.0,
                      "Total Cost": 191560.33,
                      "Plan Rows": 2956733,
                      "Plan Width": 4,
                      "Actual Startup Time": 0.048,
                      "Actual Total Time": 290.025,
                      "Actual Rows": 2472620,
                      "Actual Loops": 6
                    },
                    {
                      "Node Type": "Hash",
                      "Parent Relationship": "Inner",
                      "Parallel Aware": true,
                      "Startup Cost": 89820.9,
                      "Total Cost": 89820.9,
                      "Plan Rows": 187250,
                      "Plan Width": 8,
                      "Actual Startup Time": 443.537,
                      "Actual Total Time": 443.541,
                      "Actual Rows": 98473,
                      "Actual Loops": 6,
                      "Hash Buckets": 1048576,
                      "Original Hash Buckets": 1048576,
                      "Hash Batches": 1,
                      "Original Hash Batches": 1,
                      "Peak Memory Usage": 31424,
                      "Plans": [
                        {
                          "Node Type": "Hash Join",
                          "Parent Relationship": "Outer",
                          "Parallel Aware": true,
                          "Join Type": "Inner",
                          "Startup Cost": 62534.75,
                          "Total Cost": 89820.9,
                          "Plan Rows": 187250,
                          "Plan Width": 8,
                          "Actual Startup Time": 304.594,
                          "Actual Total Time": 397.873,
                          "Actual Rows": 98473,
                          "Actual Loops": 6,
                          "Inner Unique": true,
                          "Hash Cond": "(mk.movie_id = t.id)",
                          "Plans": [
                            {
                              "Node Type": "Bitmap Heap Scan",
                              "Parent Relationship": "Outer",
                              "Parallel Aware": true,
                              "Relation Name": "movie_keyword",
                              "Alias": "mk",
                              "Startup Cost": 12315.11,
                              "Total Cost": 39109.73,
                              "Plan Rows": 187250,
                              "Plan Width": 4,
                              "Actual Startup Time": 34.624,
                              "Actual Total Time": 83.681,
                              "Actual Rows": 98473,
                              "Actual Loops": 6,
                              "Recheck Cond": "(keyword_id < 430)",
                              "Rows Removed by Index Recheck": 0,
                              "Exact Heap Blocks": 4919,
                              "Lossy Heap Blocks": 0,
                              "Plans": [
                                {
                                  "Node Type": "Bitmap Index Scan",
                                  "Parent Relationship": "Outer",
                                  "Parallel Aware": false,
                                  "Index Name": "keyword_id_movie_keyword",
                                  "Startup Cost": 0.0,
                                  "Total Cost": 12169.99,
                                  "Plan Rows": 580474,
                                  "Plan Width": 0,
                                  "Actual Startup Time": 30.95,
                                  "Actual Total Time": 30.95,
                                  "Actual Rows": 590840,
                                  "Actual Loops": 1,
                                  "Index Cond": "(keyword_id < 430)"
                                }
                              ]
                            },
                            {
                              "Node Type": "Hash",
                              "Parent Relationship": "Inner",
                              "Parallel Aware": true,
                              "Startup Cost": 42318.73,
                              "Total Cost": 42318.73,
                              "Plan Rows": 632073,
                              "Plan Width": 4,
                              "Actual Startup Time": 264.603,
                              "Actual Total Time": 264.604,
                              "Actual Rows": 421385,
                              "Actual Loops": 6,
                              "Hash Buckets": 4194304,
                              "Original Hash Buckets": 4194304,
                              "Hash Batches": 1,
                              "Original Hash Batches": 1,
                              "Peak Memory Usage": 131776,
                              "Plans": [
                                {
                                  "Node Type": "Seq Scan",
                                  "Parent Relationship": "Outer",
                                  "Parallel Aware": true,
                                  "Relation Name": "title",
                                  "Alias": "t",
                                  "Startup Cost": 0.0,
                                  "Total Cost": 42318.73,
                                  "Plan Rows": 632073,
                                  "Plan Width": 4,
                                  "Actual Startup Time": 0.043,
                                  "Actual Total Time": 75.395,
                                  "Actual Rows": 421385,
                                  "Actual Loops": 6
                                }
                              ]
                            }
                          ]
                        }
                      ]
                    }
                  ]
                }
              ]
            }
          ]
        }
      ]
    },
    "Planning Time": 1.443,
    "Triggers": [],
    "Execution Time": 1629.943
  }
]