{
    "Plan": {
        "Node Type": "Aggregate",
        "Strategy": "Plain",
        "Partial Mode": "Simple",
        "Parallel Aware": false,
        "Startup Cost": 4276.98,
        "Total Cost": 4276.99,
        "Plan Rows": 1,
        "Plan Width": 64,
        "Actual Startup Time": 1298.483,
        "Actual Total Time": 1298.489,
        "Actual Rows": 1,
        "Actual Loops": 1,
        "Plans": [
            {
                "Node Type": "Nested Loop",
                "Parent Relationship": "Outer",
                "Parallel Aware": false,
                "Join Type": "Inner",
                "Startup Cost": 9.5,
                "Total Cost": 4271.88,
                "Plan Rows": 1021,
                "Plan Width": 33,
                "Actual Startup Time": 9.376,
                "Actual Total Time": 1265.215,
                "Actual Rows": 319932,
                "Actual Loops": 1,
                "Inner Unique": false,
                "Join Filter": "(n.id = an.person_id)",
                "Rows Removed by Join Filter": 0,
                "Plans": [
                    {
                        "Node Type": "Nested Loop",
                        "Parent Relationship": "Outer",
                        "Parallel Aware": false,
                        "Join Type": "Inner",
                        "Startup Cost": 9.08,
                        "Total Cost": 4059.27,
                        "Plan Rows": 437,
                        "Plan Width": 25,
                        "Actual Startup Time": 9.358,
                        "Actual Total Time": 817.736,
                        "Actual Rows": 221609,
                        "Actual Loops": 1,
                        "Inner Unique": true,
                        "Plans": [
                            {
                                "Node Type": "Nested Loop",
                                "Parent Relationship": "Outer",
                                "Parallel Aware": false,
                                "Join Type": "Inner",
                                "Startup Cost": 8.65,
                                "Total Cost": 3860.48,
                                "Plan Rows": 437,
                                "Plan Width": 21,
                                "Actual Startup Time": 9.34,
                                "Actual Total Time": 360.063,
                                "Actual Rows": 221609,
                                "Actual Loops": 1,
                                "Inner Unique": false,
                                "Join Filter": "(t.id = ci.movie_id)",
                                "Rows Removed by Join Filter": 0,
                                "Plans": [
                                    {
                                        "Node Type": "Nested Loop",
                                        "Parent Relationship": "Outer",
                                        "Parallel Aware": false,
                                        "Join Type": "Inner",
                                        "Startup Cost": 8.08,
                                        "Total Cost": 3812.8,
                                        "Plan Rows": 24,
                                        "Plan Width": 29,
                                        "Actual Startup Time": 9.322,
                                        "Actual Total Time": 184.639,
                                        "Actual Rows": 8538,
                                        "Actual Loops": 1,
                                        "Inner Unique": true,
                                        "Plans": [
                                            {
                                                "Node Type": "Nested Loop",
                                                "Parent Relationship": "Outer",
                                                "Parallel Aware": false,
                                                "Join Type": "Inner",
                                                "Startup Cost": 7.66,
                                                "Total Cost": 3782.06,
                                                "Plan Rows": 69,
                                                "Plan Width": 33,
                                                "Actual Startup Time": 9.054,
                                                "Actual Total Time": 163.845,
                                                "Actual Rows": 11406,
                                                "Actual Loops": 1,
                                                "Inner Unique": false,
                                                "Join Filter": "(t.id = mc.movie_id)",
                                                "Rows Removed by Join Filter": 0,
                                                "Plans": [
                                                    {
                                                        "Node Type": "Nested Loop",
                                                        "Parent Relationship": "Outer",
                                                        "Parallel Aware": false,
                                                        "Join Type": "Inner",
                                                        "Startup Cost": 7.23,
                                                        "Total Cost": 3774.22,
                                                        "Plan Rows": 13,
                                                        "Plan Width": 25,
                                                        "Actual Startup Time": 8.973,
                                                        "Actual Total Time": 145.865,
                                                        "Actual Rows": 6926,
                                                        "Actual Loops": 1,
                                                        "Inner Unique": true,
                                                        "Plans": [
                                                            {
                                                                "Node Type": "Nested Loop",
                                                                "Parent Relationship": "Outer",
                                                                "Parallel Aware": false,
                                                                "Join Type": "Inner",
                                                                "Startup Cost": 6.8,
                                                                "Total Cost": 3757.63,
                                                                "Plan Rows": 34,
                                                                "Plan Width": 4,
                                                                "Actual Startup Time": 8.951,
                                                                "Actual Total Time": 43.706,
                                                                "Actual Rows": 41840,
                                                                "Actual Loops": 1,
                                                                "Inner Unique": false,
                                                                "Plans": [
                                                                    {
                                                                        "Node Type": "Seq Scan",
                                                                        "Parent Relationship": "Outer",
                                                                        "Parallel Aware": false,
                                                                        "Relation Name": "keyword",
                                                                        "Alias": "k",
                                                                        "Startup Cost": 0.0,
                                                                        "Total Cost": 2626.12,
                                                                        "Plan Rows": 1,
                                                                        "Plan Width": 4,
                                                                        "Actual Startup Time": 1.031,
                                                                        "Actual Total Time": 9.333,
                                                                        "Actual Rows": 1,
                                                                        "Actual Loops": 1,
                                                                        "Filter": "(keyword = 'character-name-in-title'::text)",
                                                                        "Rows Removed by Filter": 134169
                                                                    },
                                                                    {
                                                                        "Node Type": "Bitmap Heap Scan",
                                                                        "Parent Relationship": "Inner",
                                                                        "Parallel Aware": false,
                                                                        "Relation Name": "movie_keyword",
                                                                        "Alias": "mk",
                                                                        "Startup Cost": 6.8,
                                                                        "Total Cost": 1128.44,
                                                                        "Plan Rows": 306,
                                                                        "Plan Width": 8,
                                                                        "Actual Startup Time": 7.91,
                                                                        "Actual Total Time": 30.811,
                                                                        "Actual Rows": 41840,
                                                                        "Actual Loops": 1,
                                                                        "Recheck Cond": "(keyword_id = k.id)",
                                                                        "Rows Removed by Index Recheck": 0,
                                                                        "Exact Heap Blocks": 11541,
                                                                        "Lossy Heap Blocks": 0,
                                                                        "Plans": [
                                                                            {
                                                                                "Node Type": "Bitmap Index Scan",
                                                                                "Parent Relationship": "Outer",
                                                                                "Parallel Aware": false,
                                                                                "Index Name": "keyword_id_movie_keyword",
                                                                                "Startup Cost": 0.0,
                                                                                "Total Cost": 6.73,
                                                                                "Plan Rows": 306,
                                                                                "Plan Width": 0,
                                                                                "Actual Startup Time": 4.751,
                                                                                "Actual Total Time": 4.751,
                                                                                "Actual Rows": 41840,
                                                                                "Actual Loops": 1,
                                                                                "Index Cond": "(keyword_id = k.id)"
                                                                            }
                                                                        ]
                                                                    }
                                                                ]
                                                            },
                                                            {
                                                                "Node Type": "Index Scan",
                                                                "Parent Relationship": "Inner",
                                                                "Parallel Aware": false,
                                                                "Scan Direction": "Forward",
                                                                "Index Name": "title_pkey",
                                                                "Relation Name": "title",
                                                                "Alias": "t",
                                                                "Startup Cost": 0.43,
                                                                "Total Cost": 0.49,
                                                                "Plan Rows": 1,
                                                                "Plan Width": 21,
                                                                "Actual Startup Time": 0.002,
                                                                "Actual Total Time": 0.002,
                                                                "Actual Rows": 0,
                                                                "Actual Loops": 41840,
                                                                "Index Cond": "(id = mk.movie_id)",
                                                                "Rows Removed by Index Recheck": 0,
                                                                "Filter": "(episode_nr < 100)",
                                                                "Rows Removed by Filter": 1
                                                            }
                                                        ]
                                                    },
                                                    {
                                                        "Node Type": "Index Scan",
                                                        "Parent Relationship": "Inner",
                                                        "Parallel Aware": false,
                                                        "Scan Direction": "Forward",
                                                        "Index Name": "movie_id_movie_companies",
                                                        "Relation Name": "movie_companies",
                                                        "Alias": "mc",
                                                        "Startup Cost": 0.43,
                                                        "Total Cost": 0.54,
                                                        "Plan Rows": 5,
                                                        "Plan Width": 8,
                                                        "Actual Startup Time": 0.002,
                                                        "Actual Total Time": 0.002,
                                                        "Actual Rows": 2,
                                                        "Actual Loops": 6926,
                                                        "Index Cond": "(movie_id = mk.movie_id)",
                                                        "Rows Removed by Index Recheck": 0
                                                    }
                                                ]
                                            },
                                            {
                                                "Node Type": "Index Scan",
                                                "Parent Relationship": "Inner",
                                                "Parallel Aware": false,
                                                "Scan Direction": "Forward",
                                                "Index Name": "company_name_pkey",
                                                "Relation Name": "company_name",
                                                "Alias": "cn",
                                                "Startup Cost": 0.42,
                                                "Total Cost": 0.45,
                                                "Plan Rows": 1,
                                                "Plan Width": 4,
                                                "Actual Startup Time": 0.002,
                                                "Actual Total Time": 0.002,
                                                "Actual Rows": 1,
                                                "Actual Loops": 11406,
                                                "Index Cond": "(id = mc.company_id)",
                                                "Rows Removed by Index Recheck": 0,
                                                "Filter": "((country_code)::text = '[us]'::text)",
                                                "Rows Removed by Filter": 0
                                            }
                                        ]
                                    },
                                    {
                                        "Node Type": "Index Scan",
                                        "Parent Relationship": "Inner",
                                        "Parallel Aware": false,
                                        "Scan Direction": "Forward",
                                        "Index Name": "movie_id_cast_info",
                                        "Relation Name": "cast_info",
                                        "Alias": "ci",
                                        "Startup Cost": 0.56,
                                        "Total Cost": 1.52,
                                        "Plan Rows": 37,
                                        "Plan Width": 8,
                                        "Actual Startup Time": 0.003,
                                        "Actual Total Time": 0.017,
                                        "Actual Rows": 26,
                                        "Actual Loops": 8538,
                                        "Index Cond": "(movie_id = mk.movie_id)",
                                        "Rows Removed by Index Recheck": 0
                                    }
                                ]
                            },
                            {
                                "Node Type": "Index Only Scan",
                                "Parent Relationship": "Inner",
                                "Parallel Aware": false,
                                "Scan Direction": "Forward",
                                "Index Name": "name_pkey",
                                "Relation Name": "name",
                                "Alias": "n",
                                "Startup Cost": 0.43,
                                "Total Cost": 0.45,
                                "Plan Rows": 1,
                                "Plan Width": 4,
                                "Actual Startup Time": 0.002,
                                "Actual Total Time": 0.002,
                                "Actual Rows": 1,
                                "Actual Loops": 221609,
                                "Index Cond": "(id = ci.person_id)",
                                "Rows Removed by Index Recheck": 0,
                                "Heap Fetches": 221609
                            }
                        ]
                    },
                    {
                        "Node Type": "Index Scan",
                        "Parent Relationship": "Inner",
                        "Parallel Aware": false,
                        "Scan Direction": "Forward",
                        "Index Name": "person_id_aka_name",
                        "Relation Name": "aka_name",
                        "Alias": "an",
                        "Startup Cost": 0.42,
                        "Total Cost": 0.46,
                        "Plan Rows": 2,
                        "Plan Width": 20,
                        "Actual Startup Time": 0.001,
                        "Actual Total Time": 0.002,
                        "Actual Rows": 1,
                        "Actual Loops": 221609,
                        "Index Cond": "(person_id = ci.person_id)",
                        "Rows Removed by Index Recheck": 0
                    }
                ]
            }
        ]
    },
    "Planning Time": 12.131,
    "Triggers": [],
    "Execution Time": 1298.635
}