[
  {
    "Plan": {
      "Node Type": "Aggregate",
      "Strategy": "Plain",
      "Partial Mode": "Finalize",
      "Parallel Aware": false,
      "Startup Cost": 45499.58,
      "Total Cost": 45499.59,
      "Plan Rows": 1,
      "Plan Width": 8,
      "Actual Startup Time": 169.008,
      "Actual Total Time": 179.366,
      "Actual Rows": 1,
      "Actual Loops": 1,
      "Plans": [
        {
          "Node Type": "Gather",
          "Parent Relationship": "Outer",
          "Parallel Aware": false,
          "Startup Cost": 45499.27,
          "Total Cost": 45499.58,
          "Plan Rows": 3,
          "Plan Width": 8,
          "Actual Startup Time": 168.861,
          "Actual Total Time": 179.356,
          "Actual Rows": 4,
          "Actual Loops": 1,
          "Workers Planned": 3,
          "Workers Launched": 3,
          "Single Copy": false,
          "Plans": [
            {
              "Node Type": "Aggregate",
              "Strategy": "Plain",
              "Partial Mode": "Partial",
              "Parent Relationship": "Outer",
              "Parallel Aware": false,
              "Startup Cost": 44499.27,
              "Total Cost": 44499.28,
              "Plan Rows": 1,
              "Plan Width": 8,
              "Actual Startup Time": 164.726,
              "Actual Total Time": 164.728,
              "Actual Rows": 1,
              "Actual Loops": 4,
              "Plans": [
                {
                  "Node Type": "Seq Scan",
                  "Parent Relationship": "Outer",
                  "Parallel Aware": true,
                  "Relation Name": "movie_keyword",
                  "Alias": "mk",
                  "Startup Cost": 0.0,
                  "Total Cost": 42695.65,
                  "Plan Rows": 721445,
                  "Plan Width": 0,
                  "Actual Startup Time": 0.04,
                  "Actual Total Time": 133.308,
                  "Actual Rows": 564982,
                  "Actual Loops": 4,
                  "Filter": "(keyword_id < 4684)",
                  "Rows Removed by Filter": 566001
                }
              ]
            }
          ]
        }
      ]
    },
    "Planning Time": 0.191,
    "Triggers": [],
    "Execution Time": 179.424
  }
]