{
  "Plan": {
    "Node Type": "Aggregate",
    "Strategy": "Plain",
    "Partial Mode": "Finalize",
    "Parallel Aware": false,
    "Startup Cost": 864287.54,
    "Total Cost": 864287.55,
    "Plan Rows": 1,
    "Plan Width": 8,
    "Actual Startup Time": 3869.591,
    "Actual Total Time": 3895.972,
    "Actual Rows": 1,
    "Actual Loops": 1,
    "Plans": [
      {
        "Node Type": "Gather",
        "Parent Relationship": "Outer",
        "Parallel Aware": false,
        "Startup Cost": 864287.43,
        "Total Cost": 864287.54,
        "Plan Rows": 1,
        "Plan Width": 8,
        "Actual Startup Time": 3842.147,
        "Actual Total Time": 3895.963,
        "Actual Rows": 2,
        "Actual Loops": 1,
        "Workers Planned": 1,
        "Workers Launched": 1,
        "Single Copy": false,
        "Plans": [
          {
            "Node Type": "Aggregate",
            "Strategy": "Plain",
            "Partial Mode": "Partial",
            "Parent Relationship": "Outer",
            "Parallel Aware": false,
            "Startup Cost": 863287.43,
            "Total Cost": 863287.44,
            "Plan Rows": 1,
            "Plan Width": 8,
            "Actual Startup Time": 3840.025,
            "Actual Total Time": 3840.034,
            "Actual Rows": 1,
            "Actual Loops": 2,
            "Plans": [
              {
                "Node Type": "Merge Join",
                "Parent Relationship": "Outer",
                "Parallel Aware": false,
                "Join Type": "Inner",
                "Startup Cost": 835766.67,
                "Total Cost": 860916.68,
                "Plan Rows": 948297,
                "Plan Width": 0,
                "Actual Startup Time": 3337.857,
                "Actual Total Time": 3816.69,
                "Actual Rows": 554997,
                "Actual Loops": 2,
                "Inner Unique": false,
                "Merge Cond": "(t.id = mi.movie_id)",
                "Plans": [
                  {
                    "Node Type": "Sort",
                    "Parent Relationship": "Outer",
                    "Parallel Aware": false,
                    "Startup Cost": 498594.6,
                    "Total Cost": 503121.31,
                    "Plan Rows": 1810686,
                    "Plan Width": 8,
                    "Actual Startup Time": 2874.238,
                    "Actual Total Time": 3038.409,
                    "Actual Rows": 2002494,
                    "Actual Loops": 2,
                    "Sort Key": [
                      "t.id"
                    ],
                    "Sort Method": "quicksort",
                    "Sort Space Used": 146158,
                    "Sort Space Type": "Memory",
                    "Workers": [
                      {
                        "Worker Number": 0,
                        "Sort Method": "quicksort",
                        "Sort Space Used": 139881,
                        "Sort Space Type": "Memory"
                      }
                    ],
                    "Plans": [
                      {
                        "Node Type": "Hash Join",
                        "Parent Relationship": "Outer",
                        "Parallel Aware": true,
                        "Join Type": "Inner",
                        "Startup Cost": 65889.43,
                        "Total Cost": 310390.94,
                        "Plan Rows": 1810686,
                        "Plan Width": 8,
                        "Actual Startup Time": 416.619,
                        "Actual Total Time": 2367.019,
                        "Actual Rows": 2002494,
                        "Actual Loops": 2,
                        "Inner Unique": true,
                        "Hash Cond": "(ci.movie_id = t.id)",
                        "Plans": [
                          {
                            "Node Type": "Index Scan",
                            "Parent Relationship": "Outer",
                            "Parallel Aware": true,
                            "Scan Direction": "Forward",
                            "Index Name": "role_id_cast_info",
                            "Relation Name": "cast_info",
                            "Alias": "ci",
                            "Startup Cost": 0.56,
                            "Total Cost": 236682.84,
                            "Plan Rows": 2978755,
                            "Plan Width": 4,
                            "Actual Startup Time": 0.046,
                            "Actual Total Time": 642.678,
                            "Actual Rows": 3246353,
                            "Actual Loops": 2,
                            "Index Cond": "(role_id = 2)",
                            "Rows Removed by Index Recheck": 0,
                            "Filter": "(person_id < 2577858)",
                            "Rows Removed by Filter": 479634
                          },
                          {
                            "Node Type": "Hash",
                            "Parent Relationship": "Inner",
                            "Parallel Aware": true,
                            "Startup Cost": 54588.39,
                            "Total Cost": 54588.39,
                            "Plan Rows": 904038,
                            "Plan Width": 4,
                            "Actual Startup Time": 402.271,
                            "Actual Total Time": 402.273,
                            "Actual Rows": 771632,
                            "Actual Loops": 2,
                            "Hash Buckets": 2097152,
                            "Original Hash Buckets": 2097152,
                            "Hash Batches": 1,
                            "Original Hash Batches": 1,
                            "Peak Memory Usage": 76768,
                            "Plans": [
                              {
                                "Node Type": "Seq Scan",
                                "Parent Relationship": "Outer",
                                "Parallel Aware": true,
                                "Relation Name": "title",
                                "Alias": "t",
                                "Startup Cost": 0.0,
                                "Total Cost": 54588.39,
                                "Plan Rows": 904038,
                                "Plan Width": 4,
                                "Actual Startup Time": 0.033,
                                "Actual Total Time": 165.768,
                                "Actual Rows": 771632,
                                "Actual Loops": 2,
                                "Filter": "(kind_id = 7)",
                                "Rows Removed by Filter": 492524
                              }
                            ]
                          }
                        ]
                      }
                    ]
                  },
                  {
                    "Node Type": "Sort",
                    "Parent Relationship": "Inner",
                    "Parallel Aware": false,
                    "Startup Cost": 337171.89,
                    "Total Cost": 340482.2,
                    "Plan Rows": 1324124,
                    "Plan Width": 4,
                    "Actual Startup Time": 463.591,
                    "Actual Total Time": 524.079,
                    "Actual Rows": 1687183,
                    "Actual Loops": 2,
                    "Sort Key": [
                      "mi.movie_id"
                    ],
                    "Sort Method": "quicksort",
                    "Sort Space Used": 111279,
                    "Sort Space Type": "Memory",
                    "Workers": [
                      {
                        "Worker Number": 0,
                        "Sort Method": "quicksort",
                        "Sort Space Used": 111279,
                        "Sort Space Type": "Memory"
                      }
                    ],
                    "Plans": [
                      {
                        "Node Type": "Bitmap Heap Scan",
                        "Parent Relationship": "Outer",
                        "Parallel Aware": false,
                        "Relation Name": "movie_info",
                        "Alias": "mi",
                        "Startup Cost": 23986.4,
                        "Total Cost": 202530.95,
                        "Plan Rows": 1324124,
                        "Plan Width": 4,
                        "Actual Startup Time": 65.869,
                        "Actual Total Time": 196.306,
                        "Actual Rows": 1325361,
                        "Actual Loops": 2,
                        "Recheck Cond": "(info_type_id = 8)",
                        "Rows Removed by Index Recheck": 0,
                        "Exact Heap Blocks": 7852,
                        "Lossy Heap Blocks": 0,
                        "Plans": [
                          {
                            "Node Type": "Bitmap Index Scan",
                            "Parent Relationship": "Outer",
                            "Parallel Aware": false,
                            "Index Name": "info_type_id_movie_info",
                            "Startup Cost": 0.0,
                            "Total Cost": 23655.37,
                            "Plan Rows": 1324124,
                            "Plan Width": 0,
                            "Actual Startup Time": 64.923,
                            "Actual Total Time": 64.924,
                            "Actual Rows": 1325361,
                            "Actual Loops": 2,
                            "Index Cond": "(info_type_id = 8)"
                          }
                        ]
                      }
                    ]
                  }
                ]
              }
            ]
          }
        ]
      }
    ]
  },
  "Planning Time": 1.107,
  "Triggers": [],
  "Execution Time": 3909.857
}