[
  {
    "Plan": {
      "Node Type": "Aggregate",
      "Strategy": "Plain",
      "Partial Mode": "Finalize",
      "Parallel Aware": false,
      "Startup Cost": 347180.69,
      "Total Cost": 347180.7,
      "Plan Rows": 1,
      "Plan Width": 8,
      "Actual Startup Time": 668.036,
      "Actual Total Time": 728.963,
      "Actual Rows": 1,
      "Actual Loops": 1,
      "Plans": [
        {
          "Node Type": "Gather",
          "Parent Relationship": "Outer",
          "Parallel Aware": false,
          "Startup Cost": 347180.06,
          "Total Cost": 347180.67,
          "Plan Rows": 6,
          "Plan Width": 8,
          "Actual Startup Time": 667.897,
          "Actual Total Time": 728.954,
          "Actual Rows": 7,
          "Actual Loops": 1,
          "Workers Planned": 6,
          "Workers Launched": 6,
          "Single Copy": false,
          "Plans": [
            {
              "Node Type": "Aggregate",
              "Strategy": "Plain",
              "Partial Mode": "Partial",
              "Parent Relationship": "Outer",
              "Parallel Aware": false,
              "Startup Cost": 346180.06,
              "Total Cost": 346180.07,
              "Plan Rows": 1,
              "Plan Width": 8,
              "Actual Startup Time": 657.586,
              "Actual Total Time": 657.588,
              "Actual Rows": 1,
              "Actual Loops": 7,
              "Plans": [
                {
                  "Node Type": "Seq Scan",
                  "Parent Relationship": "Outer",
                  "Parallel Aware": true,
                  "Relation Name": "cast_info",
                  "Alias": "ci",
                  "Startup Cost": 0.0,
                  "Total Cost": 343257.03,
                  "Plan Rows": 1169214,
                  "Plan Width": 0,
                  "Actual Startup Time": 312.787,
                  "Actual Total Time": 642.597,
                  "Actual Rows": 326733,
                  "Actual Loops": 7,
                  "Filter": "((person_id > 2403143) AND (role_id < 3))",
                  "Rows Removed by Filter": 4851031
                }
              ]
            }
          ]
        }
      ]
    },
    "Planning Time": 0.223,
    "Triggers": [],
    "Execution Time": 729.04
  }
]