{
  "Plan": {
    "Node Type": "Aggregate",
    "Strategy": "Plain",
    "Partial Mode": "Finalize",
    "Parallel Aware": false,
    "Startup Cost": 298261.76,
    "Total Cost": 298261.77,
    "Plan Rows": 1,
    "Plan Width": 8,
    "Actual Startup Time": 1104.548,
    "Actual Total Time": 1126.753,
    "Actual Rows": 1,
    "Actual Loops": 1,
    "Plans": [
      {
        "Node Type": "Gather",
        "Parent Relationship": "Outer",
        "Parallel Aware": false,
        "Startup Cost": 298261.65,
        "Total Cost": 298261.76,
        "Plan Rows": 1,
        "Plan Width": 8,
        "Actual Startup Time": 1099.663,
        "Actual Total Time": 1126.744,
        "Actual Rows": 2,
        "Actual Loops": 1,
        "Workers Planned": 1,
        "Workers Launched": 1,
        "Single Copy": false,
        "Plans": [
          {
            "Node Type": "Aggregate",
            "Strategy": "Plain",
            "Partial Mode": "Partial",
            "Parent Relationship": "Outer",
            "Parallel Aware": false,
            "Startup Cost": 297261.65,
            "Total Cost": 297261.66,
            "Plan Rows": 1,
            "Plan Width": 8,
            "Actual Startup Time": 1093.64,
            "Actual Total Time": 1093.901,
            "Actual Rows": 1,
            "Actual Loops": 2,
            "Plans": [
              {
                "Node Type": "Hash Join",
                "Parent Relationship": "Outer",
                "Parallel Aware": true,
                "Join Type": "Inner",
                "Startup Cost": 128635.08,
                "Total Cost": 297036.51,
                "Plan Rows": 90056,
                "Plan Width": 0,
                "Actual Startup Time": 848.891,
                "Actual Total Time": 1032.621,
                "Actual Rows": 1402638,
                "Actual Loops": 2,
                "Inner Unique": false,
                "Hash Cond": "(mi.movie_id = t.id)",
                "Plans": [
                  {
                    "Node Type": "Bitmap Heap Scan",
                    "Parent Relationship": "Outer",
                    "Parallel Aware": true,
                    "Relation Name": "movie_info",
                    "Alias": "mi",
                    "Startup Cost": 11142.68,
                    "Total Cost": 177657.74,
                    "Plan Rows": 361765,
                    "Plan Width": 4,
                    "Actual Startup Time": 33.334,
                    "Actual Total Time": 86.326,
                    "Actual Rows": 299228,
                    "Actual Loops": 2,
                    "Recheck Cond": "(info_type_id = 15)",
                    "Rows Removed by Index Recheck": 0,
                    "Exact Heap Blocks": 12101,
                    "Lossy Heap Blocks": 0,
                    "Plans": [
                      {
                        "Node Type": "Bitmap Index Scan",
                        "Parent Relationship": "Outer",
                        "Parallel Aware": false,
                        "Index Name": "info_type_id_movie_info",
                        "Startup Cost": 0.0,
                        "Total Cost": 10988.93,
                        "Plan Rows": 615000,
                        "Plan Width": 0,
                        "Actual Startup Time": 30.266,
                        "Actual Total Time": 30.266,
                        "Actual Rows": 598457,
                        "Actual Loops": 1,
                        "Index Cond": "(info_type_id = 15)"
                      }
                    ]
                  },
                  {
                    "Node Type": "Hash",
                    "Parent Relationship": "Inner",
                    "Parallel Aware": true,
                    "Startup Cost": 112864.56,
                    "Total Cost": 112864.56,
                    "Plan Rows": 370227,
                    "Plan Width": 8,
                    "Actual Startup Time": 806.28,
                    "Actual Total Time": 806.539,
                    "Actual Rows": 320863,
                    "Actual Loops": 2,
                    "Hash Buckets": 1048576,
                    "Original Hash Buckets": 1048576,
                    "Hash Batches": 1,
                    "Original Hash Batches": 1,
                    "Peak Memory Usage": 33344,
                    "Plans": [
                      {
                        "Node Type": "Hash Join",
                        "Parent Relationship": "Outer",
                        "Parallel Aware": true,
                        "Join Type": "Inner",
                        "Startup Cost": 82810.87,
                        "Total Cost": 112864.56,
                        "Plan Rows": 370227,
                        "Plan Width": 8,
                        "Actual Startup Time": 551.977,
                        "Actual Total Time": 727.892,
                        "Actual Rows": 320863,
                        "Actual Loops": 2,
                        "Inner Unique": true,
                        "Hash Cond": "(mk.movie_id = t.id)",
                        "Plans": [
                          {
                            "Node Type": "Bitmap Heap Scan",
                            "Parent Relationship": "Outer",
                            "Parallel Aware": true,
                            "Relation Name": "movie_keyword",
                            "Alias": "mk",
                            "Startup Cost": 13350.17,
                            "Total Cost": 42432.01,
                            "Plan Rows": 370227,
                            "Plan Width": 4,
                            "Actual Startup Time": 32.928,
                            "Actual Total Time": 104.839,
                            "Actual Rows": 320863,
                            "Actual Loops": 2,
                            "Recheck Cond": "(keyword_id < 498)",
                            "Rows Removed by Index Recheck": 0,
                            "Exact Heap Blocks": 13166,
                            "Lossy Heap Blocks": 0,
                            "Plans": [
                              {
                                "Node Type": "Bitmap Index Scan",
                                "Parent Relationship": "Outer",
                                "Parallel Aware": false,
                                "Index Name": "keyword_id_movie_keyword",
                                "Startup Cost": 0.0,
                                "Total Cost": 13192.83,
                                "Plan Rows": 629386,
                                "Plan Width": 0,
                                "Actual Startup Time": 29.349,
                                "Actual Total Time": 29.35,
                                "Actual Rows": 641726,
                                "Actual Loops": 1,
                                "Index Cond": "(keyword_id < 498)"
                              }
                            ]
                          },
                          {
                            "Node Type": "Hash",
                            "Parent Relationship": "Inner",
                            "Parallel Aware": true,
                            "Startup Cost": 50870.31,
                            "Total Cost": 50870.31,
                            "Plan Rows": 1487231,
                            "Plan Width": 4,
                            "Actual Startup Time": 503.116,
                            "Actual Total Time": 503.117,
                            "Actual Rows": 1264156,
                            "Actual Loops": 2,
                            "Hash Buckets": 4194304,
                            "Original Hash Buckets": 4194304,
                            "Hash Batches": 1,
                            "Original Hash Batches": 1,
                            "Peak Memory Usage": 131712,
                            "Plans": [
                              {
                                "Node Type": "Seq Scan",
                                "Parent Relationship": "Outer",
                                "Parallel Aware": true,
                                "Relation Name": "title",
                                "Alias": "t",
                                "Startup Cost": 0.0,
                                "Total Cost": 50870.31,
                                "Plan Rows": 1487231,
                                "Plan Width": 4,
                                "Actual Startup Time": 0.036,
                                "Actual Total Time": 146.613,
                                "Actual Rows": 1264156,
                                "Actual Loops": 2
                              }
                            ]
                          }
                        ]
                      }
                    ]
                  }
                ]
              }
            ]
          }
        ]
      }
    ]
  },
  "Planning Time": 0.865,
  "Triggers": [],
  "Execution Time": 1126.863
}