[
  {
    "Plan": {
      "Node Type": "Aggregate",
      "Strategy": "Plain",
      "Partial Mode": "Finalize",
      "Parallel Aware": false,
      "Startup Cost": 56469.2,
      "Total Cost": 56469.21,
      "Plan Rows": 1,
      "Plan Width": 8,
      "Actual Startup Time": 162.544,
      "Actual Total Time": 173.749,
      "Actual Rows": 1,
      "Actual Loops": 1,
      "Plans": [
        {
          "Node Type": "Gather",
          "Parent Relationship": "Outer",
          "Parallel Aware": false,
          "Startup Cost": 56468.98,
          "Total Cost": 56469.19,
          "Plan Rows": 2,
          "Plan Width": 8,
          "Actual Startup Time": 162.304,
          "Actual Total Time": 173.741,
          "Actual Rows": 3,
          "Actual Loops": 1,
          "Workers Planned": 2,
          "Workers Launched": 2,
          "Single Copy": false,
          "Plans": [
            {
              "Node Type": "Aggregate",
              "Strategy": "Plain",
              "Partial Mode": "Partial",
              "Parent Relationship": "Outer",
              "Parallel Aware": false,
              "Startup Cost": 55468.98,
              "Total Cost": 55468.99,
              "Plan Rows": 1,
              "Plan Width": 8,
              "Actual Startup Time": 154.156,
              "Actual Total Time": 154.16,
              "Actual Rows": 1,
              "Actual Loops": 3,
              "Plans": [
                {
                  "Node Type": "Nested Loop",
                  "Parent Relationship": "Outer",
                  "Parallel Aware": false,
                  "Join Type": "Inner",
                  "Startup Cost": 38006.73,
                  "Total Cost": 55464.56,
                  "Plan Rows": 1770,
                  "Plan Width": 0,
                  "Actual Startup Time": 71.924,
                  "Actual Total Time": 153.805,
                  "Actual Rows": 6154,
                  "Actual Loops": 3,
                  "Inner Unique": false,
                  "Join Filter": "(t.id = mc.movie_id)",
                  "Rows Removed by Join Filter": 0,
                  "Plans": [
                    {
                      "Node Type": "Hash Join",
                      "Parent Relationship": "Outer",
                      "Parallel Aware": true,
                      "Join Type": "Inner",
                      "Startup Cost": 38006.3,
                      "Total Cost": 53200.86,
                      "Plan Rows": 3485,
                      "Plan Width": 8,
                      "Actual Startup Time": 71.877,
                      "Actual Total Time": 138.928,
                      "Actual Rows": 3670,
                      "Actual Loops": 3,
                      "Inner Unique": true,
                      "Hash Cond": "(mi_idx.movie_id = t.id)",
                      "Plans": [
                        {
                          "Node Type": "Seq Scan",
                          "Parent Relationship": "Outer",
                          "Parallel Aware": true,
                          "Relation Name": "movie_info_idx",
                          "Alias": "mi_idx",
                          "Startup Cost": 0.0,
                          "Total Cost": 13685.15,
                          "Plan Rows": 575015,
                          "Plan Width": 4,
                          "Actual Startup Time": 0.021,
                          "Actual Total Time": 33.697,
                          "Actual Rows": 460012,
                          "Actual Loops": 3
                        },
                        {
                          "Node Type": "Hash",
                          "Parent Relationship": "Inner",
                          "Parallel Aware": true,
                          "Startup Cost": 37958.42,
                          "Total Cost": 37958.42,
                          "Plan Rows": 3830,
                          "Plan Width": 4,
                          "Actual Startup Time": 70.948,
                          "Actual Total Time": 70.95,
                          "Actual Rows": 3616,
                          "Actual Loops": 3,
                          "Hash Buckets": 16384,
                          "Original Hash Buckets": 16384,
                          "Hash Batches": 1,
                          "Original Hash Batches": 1,
                          "Peak Memory Usage": 576,
                          "Plans": [
                            {
                              "Node Type": "Bitmap Heap Scan",
                              "Parent Relationship": "Outer",
                              "Parallel Aware": true,
                              "Relation Name": "title",
                              "Alias": "t",
                              "Startup Cost": 1620.37,
                              "Total Cost": 37958.42,
                              "Plan Rows": 3830,
                              "Plan Width": 4,
                              "Actual Startup Time": 21.012,
                              "Actual Total Time": 69.245,
                              "Actual Rows": 3616,
                              "Actual Loops": 3,
                              "Recheck Cond": "(kind_id = 2)",
                              "Rows Removed by Index Recheck": 0,
                              "Filter": "(production_year < 1975)",
                              "Rows Removed by Filter": 26668,
                              "Exact Heap Blocks": 16597,
                              "Lossy Heap Blocks": 0,
                              "Plans": [
                                {
                                  "Node Type": "Bitmap Index Scan",
                                  "Parent Relationship": "Outer",
                                  "Parallel Aware": false,
                                  "Index Name": "kind_id_title",
                                  "Startup Cost": 0.0,
                                  "Total Cost": 1616.54,
                                  "Plan Rows": 90681,
                                  "Plan Width": 0,
                                  "Actual Startup Time": 19.061,
                                  "Actual Total Time": 19.061,
                                  "Actual Rows": 90852,
                                  "Actual Loops": 1,
                                  "Index Cond": "(kind_id = 2)"
                                }
                              ]
                            }
                          ]
                        }
                      ]
                    },
                    {
                      "Node Type": "Index Scan",
                      "Parent Relationship": "Inner",
                      "Parallel Aware": false,
                      "Scan Direction": "Forward",
                      "Index Name": "movie_id_movie_companies",
                      "Relation Name": "movie_companies",
                      "Alias": "mc",
                      "Startup Cost": 0.43,
                      "Total Cost": 0.61,
                      "Plan Rows": 3,
                      "Plan Width": 4,
                      "Actual Startup Time": 0.003,
                      "Actual Total Time": 0.004,
                      "Actual Rows": 2,
                      "Actual Loops": 11010,
                      "Index Cond": "(movie_id = mi_idx.movie_id)",
                      "Rows Removed by Index Recheck": 0,
                      "Filter": "(company_type_id = 1)",
                      "Rows Removed by Filter": 1
                    }
                  ]
                }
              ]
            }
          ]
        }
      ]
    },
    "Planning Time": 1.433,
    "Triggers": [],
    "Execution Time": 173.862
  }
]