{
  "Plan": {
    "Node Type": "Aggregate",
    "Strategy": "Plain",
    "Partial Mode": "Finalize",
    "Parallel Aware": false,
    "Startup Cost": 131005.64,
    "Total Cost": 131005.65,
    "Plan Rows": 1,
    "Plan Width": 8,
    "Actual Startup Time": 666.982,
    "Actual Total Time": 683.941,
    "Actual Rows": 1,
    "Actual Loops": 1,
    "Plans": [
      {
        "Node Type": "Gather",
        "Parent Relationship": "Outer",
        "Parallel Aware": false,
        "Startup Cost": 131005.53,
        "Total Cost": 131005.64,
        "Plan Rows": 1,
        "Plan Width": 8,
        "Actual Startup Time": 664.147,
        "Actual Total Time": 683.933,
        "Actual Rows": 2,
        "Actual Loops": 1,
        "Workers Planned": 1,
        "Workers Launched": 1,
        "Single Copy": false,
        "Plans": [
          {
            "Node Type": "Aggregate",
            "Strategy": "Plain",
            "Partial Mode": "Partial",
            "Parent Relationship": "Outer",
            "Parallel Aware": false,
            "Startup Cost": 130005.53,
            "Total Cost": 130005.54,
            "Plan Rows": 1,
            "Plan Width": 8,
            "Actual Startup Time": 656.281,
            "Actual Total Time": 656.285,
            "Actual Rows": 1,
            "Actual Loops": 2,
            "Plans": [
              {
                "Node Type": "Hash Join",
                "Parent Relationship": "Outer",
                "Parallel Aware": true,
                "Join Type": "Inner",
                "Startup Cost": 67250.29,
                "Total Cost": 128422.8,
                "Plan Rows": 633091,
                "Plan Width": 0,
                "Actual Startup Time": 347.988,
                "Actual Total Time": 651.377,
                "Actual Rows": 127158,
                "Actual Loops": 2,
                "Inner Unique": true,
                "Hash Cond": "(mk.movie_id = t.id)",
                "Plans": [
                  {
                    "Node Type": "Seq Scan",
                    "Parent Relationship": "Outer",
                    "Parallel Aware": true,
                    "Relation Name": "movie_keyword",
                    "Alias": "mk",
                    "Startup Cost": 0.0,
                    "Total Cost": 57718.19,
                    "Plan Rows": 1315925,
                    "Plan Width": 4,
                    "Actual Startup Time": 0.016,
                    "Actual Total Time": 176.975,
                    "Actual Rows": 1124500,
                    "Actual Loops": 2,
                    "Filter": "(keyword_id < 4630)",
                    "Rows Removed by Filter": 1137466
                  },
                  {
                    "Node Type": "Hash",
                    "Parent Relationship": "Inner",
                    "Parallel Aware": true,
                    "Startup Cost": 58306.47,
                    "Total Cost": 58306.47,
                    "Plan Rows": 715506,
                    "Plan Width": 4,
                    "Actual Startup Time": 333.072,
                    "Actual Total Time": 333.073,
                    "Actual Rows": 650550,
                    "Actual Loops": 2,
                    "Hash Buckets": 2097152,
                    "Original Hash Buckets": 2097152,
                    "Hash Batches": 1,
                    "Original Hash Batches": 1,
                    "Peak Memory Usage": 67328,
                    "Plans": [
                      {
                        "Node Type": "Seq Scan",
                        "Parent Relationship": "Outer",
                        "Parallel Aware": true,
                        "Relation Name": "title",
                        "Alias": "t",
                        "Startup Cost": 0.0,
                        "Total Cost": 58306.47,
                        "Plan Rows": 715506,
                        "Plan Width": 4,
                        "Actual Startup Time": 0.029,
                        "Actual Total Time": 165.672,
                        "Actual Rows": 650550,
                        "Actual Loops": 2,
                        "Filter": "((production_year > 1976) AND (kind_id = 7))",
                        "Rows Removed by Filter": 613606
                      }
                    ]
                  }
                ]
              }
            ]
          }
        ]
      }
    ]
  },
  "Planning Time": 0.68,
  "Triggers": [],
  "Execution Time": 684.008
}