[
  {
    "Plan": {
      "Node Type": "Aggregate",
      "Strategy": "Plain",
      "Partial Mode": "Finalize",
      "Parallel Aware": false,
      "Startup Cost": 74200.83,
      "Total Cost": 74200.84,
      "Plan Rows": 1,
      "Plan Width": 8,
      "Actual Startup Time": 210.283,
      "Actual Total Time": 223.567,
      "Actual Rows": 1,
      "Actual Loops": 1,
      "Plans": [
        {
          "Node Type": "Gather",
          "Parent Relationship": "Outer",
          "Parallel Aware": false,
          "Startup Cost": 74200.41,
          "Total Cost": 74200.82,
          "Plan Rows": 4,
          "Plan Width": 8,
          "Actual Startup Time": 209.303,
          "Actual Total Time": 223.557,
          "Actual Rows": 5,
          "Actual Loops": 1,
          "Workers Planned": 4,
          "Workers Launched": 4,
          "Single Copy": false,
          "Plans": [
            {
              "Node Type": "Aggregate",
              "Strategy": "Plain",
              "Partial Mode": "Partial",
              "Parent Relationship": "Outer",
              "Parallel Aware": false,
              "Startup Cost": 73200.41,
              "Total Cost": 73200.42,
              "Plan Rows": 1,
              "Plan Width": 8,
              "Actual Startup Time": 199.736,
              "Actual Total Time": 199.791,
              "Actual Rows": 1,
              "Actual Loops": 5,
              "Plans": [
                {
                  "Node Type": "Hash Join",
                  "Parent Relationship": "Outer",
                  "Parallel Aware": true,
                  "Join Type": "Inner",
                  "Startup Cost": 26290.12,
                  "Total Cost": 73165.62,
                  "Plan Rows": 13915,
                  "Plan Width": 0,
                  "Actual Startup Time": 88.292,
                  "Actual Total Time": 198.953,
                  "Actual Rows": 12487,
                  "Actual Loops": 5,
                  "Inner Unique": false,
                  "Hash Cond": "(t.id = mc.movie_id)",
                  "Plans": [
                    {
                      "Node Type": "Seq Scan",
                      "Parent Relationship": "Outer",
                      "Parallel Aware": true,
                      "Relation Name": "title",
                      "Alias": "t",
                      "Startup Cost": 0.0,
                      "Total Cost": 45479.1,
                      "Plan Rows": 270302,
                      "Plan Width": 4,
                      "Actual Startup Time": 0.012,
                      "Actual Total Time": 72.416,
                      "Actual Rows": 235381,
                      "Actual Loops": 5,
                      "Filter": "((production_year > 1989) AND (kind_id = 7))",
                      "Rows Removed by Filter": 270281
                    },
                    {
                      "Node Type": "Hash",
                      "Parent Relationship": "Inner",
                      "Parallel Aware": true,
                      "Startup Cost": 25765.31,
                      "Total Cost": 25765.31,
                      "Plan Rows": 41985,
                      "Plan Width": 4,
                      "Actual Startup Time": 86.797,
                      "Actual Total Time": 86.798,
                      "Actual Rows": 40234,
                      "Actual Loops": 5,
                      "Hash Buckets": 262144,
                      "Original Hash Buckets": 131072,
                      "Hash Batches": 1,
                      "Original Hash Batches": 1,
                      "Peak Memory Usage": 11008,
                      "Plans": [
                        {
                          "Node Type": "Bitmap Heap Scan",
                          "Parent Relationship": "Outer",
                          "Parallel Aware": true,
                          "Relation Name": "movie_companies",
                          "Alias": "mc",
                          "Startup Cost": 5695.96,
                          "Total Cost": 25765.31,
                          "Plan Rows": 41985,
                          "Plan Width": 4,
                          "Actual Startup Time": 26.548,
                          "Actual Total Time": 66.932,
                          "Actual Rows": 40234,
                          "Actual Loops": 5,
                          "Recheck Cond": "(company_id < 137)",
                          "Rows Removed by Index Recheck": 0,
                          "Filter": "(company_type_id = 1)",
                          "Rows Removed by Filter": 12333,
                          "Exact Heap Blocks": 8345,
                          "Lossy Heap Blocks": 0,
                          "Plans": [
                            {
                              "Node Type": "Bitmap Index Scan",
                              "Parent Relationship": "Outer",
                              "Parallel Aware": false,
                              "Index Name": "company_id_movie_companies",
                              "Startup Cost": 0.0,
                              "Total Cost": 5663.42,
                              "Plan Rows": 264399,
                              "Plan Width": 0,
                              "Actual Startup Time": 27.724,
                              "Actual Total Time": 27.724,
                              "Actual Rows": 262833,
                              "Actual Loops": 1,
                              "Index Cond": "(company_id < 137)"
                            }
                          ]
                        }
                      ]
                    }
                  ]
                }
              ]
            }
          ]
        }
      ]
    },
    "Planning Time": 0.67,
    "Triggers": [],
    "Execution Time": 223.657
  }
]