[
  {
    "Plan": {
      "Node Type": "Aggregate",
      "Strategy": "Plain",
      "Partial Mode": "Finalize",
      "Parallel Aware": false,
      "Startup Cost": 62180.25,
      "Total Cost": 62180.26,
      "Plan Rows": 1,
      "Plan Width": 8,
      "Actual Startup Time": 167.137,
      "Actual Total Time": 180.126,
      "Actual Rows": 1,
      "Actual Loops": 1,
      "Plans": [
        {
          "Node Type": "Gather",
          "Parent Relationship": "Outer",
          "Parallel Aware": false,
          "Startup Cost": 62180.04,
          "Total Cost": 62180.25,
          "Plan Rows": 2,
          "Plan Width": 8,
          "Actual Startup Time": 167.012,
          "Actual Total Time": 180.117,
          "Actual Rows": 3,
          "Actual Loops": 1,
          "Workers Planned": 2,
          "Workers Launched": 2,
          "Single Copy": false,
          "Plans": [
            {
              "Node Type": "Aggregate",
              "Strategy": "Plain",
              "Partial Mode": "Partial",
              "Parent Relationship": "Outer",
              "Parallel Aware": false,
              "Startup Cost": 61180.04,
              "Total Cost": 61180.05,
              "Plan Rows": 1,
              "Plan Width": 8,
              "Actual Startup Time": 162.669,
              "Actual Total Time": 162.672,
              "Actual Rows": 1,
              "Actual Loops": 3,
              "Plans": [
                {
                  "Node Type": "Hash Join",
                  "Parent Relationship": "Outer",
                  "Parallel Aware": true,
                  "Join Type": "Inner",
                  "Startup Cost": 45555.52,
                  "Total Cost": 61175.46,
                  "Plan Rows": 1832,
                  "Plan Width": 0,
                  "Actual Startup Time": 110.545,
                  "Actual Total Time": 162.456,
                  "Actual Rows": 3203,
                  "Actual Loops": 3,
                  "Inner Unique": true,
                  "Hash Cond": "(mi_idx.movie_id = t.id)",
                  "Plans": [
                    {
                      "Node Type": "Seq Scan",
                      "Parent Relationship": "Outer",
                      "Parallel Aware": true,
                      "Relation Name": "movie_info_idx",
                      "Alias": "mi_idx",
                      "Startup Cost": 0.0,
                      "Total Cost": 15122.68,
                      "Plan Rows": 189429,
                      "Plan Width": 4,
                      "Actual Startup Time": 0.03,
                      "Actual Total Time": 36.773,
                      "Actual Rows": 153308,
                      "Actual Loops": 3,
                      "Filter": "(info_type_id = 99)",
                      "Rows Removed by Filter": 306703
                    },
                    {
                      "Node Type": "Hash",
                      "Parent Relationship": "Inner",
                      "Parallel Aware": true,
                      "Startup Cost": 45479.1,
                      "Total Cost": 45479.1,
                      "Plan Rows": 6114,
                      "Plan Width": 4,
                      "Actual Startup Time": 109.26,
                      "Actual Total Time": 109.261,
                      "Actual Rows": 6878,
                      "Actual Loops": 3,
                      "Hash Buckets": 32768,
                      "Original Hash Buckets": 32768,
                      "Hash Batches": 1,
                      "Original Hash Batches": 1,
                      "Peak Memory Usage": 1120,
                      "Plans": [
                        {
                          "Node Type": "Seq Scan",
                          "Parent Relationship": "Outer",
                          "Parallel Aware": true,
                          "Relation Name": "title",
                          "Alias": "t",
                          "Startup Cost": 0.0,
                          "Total Cost": 45479.1,
                          "Plan Rows": 6114,
                          "Plan Width": 4,
                          "Actual Startup Time": 0.151,
                          "Actual Total Time": 106.39,
                          "Actual Rows": 6878,
                          "Actual Loops": 3,
                          "Filter": "((kind_id < 7) AND (production_year = 2002))",
                          "Rows Removed by Filter": 835893
                        }
                      ]
                    }
                  ]
                }
              ]
            }
          ]
        }
      ]
    },
    "Planning Time": 0.691,
    "Triggers": [],
    "Execution Time": 180.205
  }
]