[
    {
        "Bao": {
            "Bao prediction": "NaN",
            "Bao recommended hint": "(no hint)"
        }
    },
    {
        "Plan": {
            "Node Type": "Aggregate",
            "Strategy": "Plain",
            "Partial Mode": "Finalize",
            "Parallel Aware": false,
            "Startup Cost": 235577.97,
            "Total Cost": 235577.98,
            "Plan Rows": 1,
            "Plan Width": 8,
            "Actual Startup Time": 332.14,
            "Actual Total Time": 342.959,
            "Actual Rows": 1,
            "Actual Loops": 1,
            "Output": [
                "count(*)"
            ],
            "Plans": [
                {
                    "Node Type": "Gather",
                    "Parent Relationship": "Outer",
                    "Parallel Aware": false,
                    "Startup Cost": 235577.45,
                    "Total Cost": 235577.96,
                    "Plan Rows": 5,
                    "Plan Width": 8,
                    "Actual Startup Time": 328.034,
                    "Actual Total Time": 342.947,
                    "Actual Rows": 6,
                    "Actual Loops": 1,
                    "Output": [
                        "(PARTIAL count(*))"
                    ],
                    "Workers Planned": 5,
                    "Workers Launched": 5,
                    "Single Copy": false,
                    "Plans": [
                        {
                            "Node Type": "Aggregate",
                            "Strategy": "Plain",
                            "Partial Mode": "Partial",
                            "Parent Relationship": "Outer",
                            "Parallel Aware": false,
                            "Startup Cost": 234577.45,
                            "Total Cost": 234577.46,
                            "Plan Rows": 1,
                            "Plan Width": 8,
                            "Actual Startup Time": 318.078,
                            "Actual Total Time": 318.082,
                            "Actual Rows": 1,
                            "Actual Loops": 6,
                            "Output": [
                                "PARTIAL count(*)"
                            ],
                            "Workers": [
                                {
                                    "Worker Number": 0,
                                    "Actual Startup Time": 316.379,
                                    "Actual Total Time": 316.383,
                                    "Actual Rows": 1,
                                    "Actual Loops": 1
                                },
                                {
                                    "Worker Number": 1,
                                    "Actual Startup Time": 316.44,
                                    "Actual Total Time": 316.444,
                                    "Actual Rows": 1,
                                    "Actual Loops": 1
                                },
                                {
                                    "Worker Number": 2,
                                    "Actual Startup Time": 316.752,
                                    "Actual Total Time": 316.755,
                                    "Actual Rows": 1,
                                    "Actual Loops": 1
                                },
                                {
                                    "Worker Number": 3,
                                    "Actual Startup Time": 316.38,
                                    "Actual Total Time": 316.383,
                                    "Actual Rows": 1,
                                    "Actual Loops": 1
                                },
                                {
                                    "Worker Number": 4,
                                    "Actual Startup Time": 316.02,
                                    "Actual Total Time": 316.024,
                                    "Actual Rows": 1,
                                    "Actual Loops": 1
                                }
                            ],
                            "Plans": [
                                {
                                    "Node Type": "Hash Join",
                                    "Parent Relationship": "Outer",
                                    "Parallel Aware": true,
                                    "Join Type": "Inner",
                                    "Startup Cost": 68839.29,
                                    "Total Cost": 234451.87,
                                    "Plan Rows": 50229,
                                    "Plan Width": 0,
                                    "Actual Startup Time": 183.935,
                                    "Actual Total Time": 310.336,
                                    "Actual Rows": 113168,
                                    "Actual Loops": 6,
                                    "Inner Unique": true,
                                    "Hash Cond": "(mi.movie_id = t.id)",
                                    "Workers": [
                                        {
                                            "Worker Number": 0,
                                            "Actual Startup Time": 182.545,
                                            "Actual Total Time": 308.885,
                                            "Actual Rows": 118766,
                                            "Actual Loops": 1
                                        },
                                        {
                                            "Worker Number": 1,
                                            "Actual Startup Time": 181.968,
                                            "Actual Total Time": 309.237,
                                            "Actual Rows": 163511,
                                            "Actual Loops": 1
                                        },
                                        {
                                            "Worker Number": 2,
                                            "Actual Startup Time": 182.481,
                                            "Actual Total Time": 308.878,
                                            "Actual Rows": 117183,
                                            "Actual Loops": 1
                                        },
                                        {
                                            "Worker Number": 3,
                                            "Actual Startup Time": 182.373,
                                            "Actual Total Time": 308.467,
                                            "Actual Rows": 90194,
                                            "Actual Loops": 1
                                        },
                                        {
                                            "Worker Number": 4,
                                            "Actual Startup Time": 181.887,
                                            "Actual Total Time": 308.301,
                                            "Actual Rows": 85575,
                                            "Actual Loops": 1
                                        }
                                    ],
                                    "Plans": [
                                        {
                                            "Node Type": "Bitmap Heap Scan",
                                            "Parent Relationship": "Outer",
                                            "Parallel Aware": true,
                                            "Relation Name": "movie_info",
                                            "Schema": "public",
                                            "Alias": "mi",
                                            "Startup Cost": 21701.74,
                                            "Total Cost": 186686.12,
                                            "Plan Rows": 239311,
                                            "Plan Width": 4,
                                            "Actual Startup Time": 58.546,
                                            "Actual Total Time": 126.133,
                                            "Actual Rows": 200785,
                                            "Actual Loops": 6,
                                            "Output": [
                                                "mi.id",
                                                "mi.movie_id",
                                                "mi.info_type_id",
                                                "mi.info",
                                                "mi.note"
                                            ],
                                            "Recheck Cond": "(mi.info_type_id > 18)",
                                            "Rows Removed by Index Recheck": 0,
                                            "Exact Heap Blocks": 6168,
                                            "Lossy Heap Blocks": 0,
                                            "Workers": [
                                                {
                                                    "Worker Number": 0,
                                                    "Actual Startup Time": 58.784,
                                                    "Actual Total Time": 127.572,
                                                    "Actual Rows": 216460,
                                                    "Actual Loops": 1
                                                },
                                                {
                                                    "Worker Number": 1,
                                                    "Actual Startup Time": 58.177,
                                                    "Actual Total Time": 127.316,
                                                    "Actual Rows": 266713,
                                                    "Actual Loops": 1
                                                },
                                                {
                                                    "Worker Number": 2,
                                                    "Actual Startup Time": 58.704,
                                                    "Actual Total Time": 126.941,
                                                    "Actual Rows": 213118,
                                                    "Actual Loops": 1
                                                },
                                                {
                                                    "Worker Number": 3,
                                                    "Actual Startup Time": 58.637,
                                                    "Actual Total Time": 128.716,
                                                    "Actual Rows": 161753,
                                                    "Actual Loops": 1
                                                },
                                                {
                                                    "Worker Number": 4,
                                                    "Actual Startup Time": 58.488,
                                                    "Actual Total Time": 129.117,
                                                    "Actual Rows": 153601,
                                                    "Actual Loops": 1
                                                }
                                            ],
                                            "Plans": [
                                                {
                                                    "Node Type": "Bitmap Index Scan",
                                                    "Parent Relationship": "Outer",
                                                    "Parallel Aware": false,
                                                    "Index Name": "info_type_id_movie_info",
                                                    "Startup Cost": 0.0,
                                                    "Total Cost": 21402.6,
                                                    "Plan Rows": 1196555,
                                                    "Plan Width": 0,
                                                    "Actual Startup Time": 52.798,
                                                    "Actual Total Time": 52.799,
                                                    "Actual Rows": 1204709,
                                                    "Actual Loops": 1,
                                                    "Index Cond": "(mi.info_type_id > 18)",
                                                    "Workers": [
                                                        {
                                                            "Worker Number": 1,
                                                            "Actual Startup Time": 52.798,
                                                            "Actual Total Time": 52.799,
                                                            "Actual Rows": 1204709,
                                                            "Actual Loops": 1
                                                        }
                                                    ]
                                                }
                                            ]
                                        },
                                        {
                                            "Node Type": "Hash",
                                            "Parent Relationship": "Inner",
                                            "Parallel Aware": true,
                                            "Startup Cost": 45479.21,
                                            "Total Cost": 45479.21,
                                            "Plan Rows": 132668,
                                            "Plan Width": 4,
                                            "Actual Startup Time": 123.262,
                                            "Actual Total Time": 123.263,
                                            "Actual Rows": 101589,
                                            "Actual Loops": 6,
                                            "Output": [
                                                "t.id"
                                            ],
                                            "Hash Buckets": 1048576,
                                            "Original Hash Buckets": 1048576,
                                            "Hash Batches": 1,
                                            "Original Hash Batches": 1,
                                            "Peak Memory Usage": 32096,
                                            "Workers": [
                                                {
                                                    "Worker Number": 0,
                                                    "Actual Startup Time": 123.282,
                                                    "Actual Total Time": 123.283,
                                                    "Actual Rows": 118601,
                                                    "Actual Loops": 1
                                                },
                                                {
                                                    "Worker Number": 1,
                                                    "Actual Startup Time": 123.358,
                                                    "Actual Total Time": 123.359,
                                                    "Actual Rows": 119990,
                                                    "Actual Loops": 1
                                                },
                                                {
                                                    "Worker Number": 2,
                                                    "Actual Startup Time": 123.323,
                                                    "Actual Total Time": 123.324,
                                                    "Actual Rows": 116791,
                                                    "Actual Loops": 1
                                                },
                                                {
                                                    "Worker Number": 3,
                                                    "Actual Startup Time": 123.282,
                                                    "Actual Total Time": 123.284,
                                                    "Actual Rows": 80189,
                                                    "Actual Loops": 1
                                                },
                                                {
                                                    "Worker Number": 4,
                                                    "Actual Startup Time": 122.935,
                                                    "Actual Total Time": 122.937,
                                                    "Actual Rows": 75078,
                                                    "Actual Loops": 1
                                                }
                                            ],
                                            "Plans": [
                                                {
                                                    "Node Type": "Seq Scan",
                                                    "Parent Relationship": "Outer",
                                                    "Parallel Aware": true,
                                                    "Relation Name": "title",
                                                    "Schema": "public",
                                                    "Alias": "t",
                                                    "Startup Cost": 0.0,
                                                    "Total Cost": 45479.21,
                                                    "Plan Rows": 132668,
                                                    "Plan Width": 4,
                                                    "Actual Startup Time": 0.04,
                                                    "Actual Total Time": 82.753,
                                                    "Actual Rows": 101589,
                                                    "Actual Loops": 6,
                                                    "Output": [
                                                        "t.id"
                                                    ],
                                                    "Filter": "((t.kind_id < 7) AND (t.production_year < 2005))",
                                                    "Rows Removed by Filter": 319797,
                                                    "Workers": [
                                                        {
                                                            "Worker Number": 0,
                                                            "Actual Startup Time": 0.052,
                                                            "Actual Total Time": 82.149,
                                                            "Actual Rows": 118601,
                                                            "Actual Loops": 1
                                                        },
                                                        {
                                                            "Worker Number": 1,
                                                            "Actual Startup Time": 0.044,
                                                            "Actual Total Time": 83.121,
                                                            "Actual Rows": 119990,
                                                            "Actual Loops": 1
                                                        },
                                                        {
                                                            "Worker Number": 2,
                                                            "Actual Startup Time": 0.041,
                                                            "Actual Total Time": 82.419,
                                                            "Actual Rows": 116791,
                                                            "Actual Loops": 1
                                                        },
                                                        {
                                                            "Worker Number": 3,
                                                            "Actual Startup Time": 0.037,
                                                            "Actual Total Time": 84.376,
                                                            "Actual Rows": 80189,
                                                            "Actual Loops": 1
                                                        },
                                                        {
                                                            "Worker Number": 4,
                                                            "Actual Startup Time": 0.05,
                                                            "Actual Total Time": 84.366,
                                                            "Actual Rows": 75078,
                                                            "Actual Loops": 1
                                                        }
                                                    ]
                                                }
                                            ]
                                        }
                                    ]
                                }
                            ]
                        }
                    ]
                }
            ]
        },
        "Planning Time": 304.832,
        "Triggers": [],
        "Execution Time": 343.03
    }
]