[
  {
    "Plan": {
      "Node Type": "Aggregate",
      "Strategy": "Plain",
      "Partial Mode": "Finalize",
      "Parallel Aware": false,
      "Startup Cost": 91048.6,
      "Total Cost": 91048.61,
      "Plan Rows": 1,
      "Plan Width": 8,
      "Actual Startup Time": 417.063,
      "Actual Total Time": 432.653,
      "Actual Rows": 1,
      "Actual Loops": 1,
      "Plans": [
        {
          "Node Type": "Gather",
          "Parent Relationship": "Outer",
          "Parallel Aware": false,
          "Startup Cost": 91048.18,
          "Total Cost": 91048.59,
          "Plan Rows": 4,
          "Plan Width": 8,
          "Actual Startup Time": 409.341,
          "Actual Total Time": 432.642,
          "Actual Rows": 5,
          "Actual Loops": 1,
          "Workers Planned": 4,
          "Workers Launched": 4,
          "Single Copy": false,
          "Plans": [
            {
              "Node Type": "Aggregate",
              "Strategy": "Plain",
              "Partial Mode": "Partial",
              "Parent Relationship": "Outer",
              "Parallel Aware": false,
              "Startup Cost": 90048.18,
              "Total Cost": 90048.19,
              "Plan Rows": 1,
              "Plan Width": 8,
              "Actual Startup Time": 399.058,
              "Actual Total Time": 399.522,
              "Actual Rows": 1,
              "Actual Loops": 5,
              "Plans": [
                {
                  "Node Type": "Hash Join",
                  "Parent Relationship": "Outer",
                  "Parallel Aware": true,
                  "Join Type": "Inner",
                  "Startup Cost": 45035.43,
                  "Total Cost": 89972.97,
                  "Plan Rows": 30083,
                  "Plan Width": 0,
                  "Actual Startup Time": 242.493,
                  "Actual Total Time": 395.994,
                  "Actual Rows": 72247,
                  "Actual Loops": 5,
                  "Inner Unique": false,
                  "Hash Cond": "(t.id = mc.movie_id)",
                  "Plans": [
                    {
                      "Node Type": "Seq Scan",
                      "Parent Relationship": "Outer",
                      "Parallel Aware": true,
                      "Relation Name": "title",
                      "Alias": "t",
                      "Startup Cost": 0.0,
                      "Total Cost": 42318.73,
                      "Plan Rows": 632073,
                      "Plan Width": 4,
                      "Actual Startup Time": 0.016,
                      "Actual Total Time": 66.775,
                      "Actual Rows": 505662,
                      "Actual Loops": 5
                    },
                    {
                      "Node Type": "Hash",
                      "Parent Relationship": "Inner",
                      "Parallel Aware": true,
                      "Startup Cost": 43792.77,
                      "Total Cost": 43792.77,
                      "Plan Rows": 99413,
                      "Plan Width": 8,
                      "Actual Startup Time": 239.62,
                      "Actual Total Time": 240.082,
                      "Actual Rows": 72247,
                      "Actual Loops": 5,
                      "Hash Buckets": 524288,
                      "Original Hash Buckets": 524288,
                      "Hash Batches": 1,
                      "Original Hash Batches": 1,
                      "Peak Memory Usage": 18304,
                      "Plans": [
                        {
                          "Node Type": "Hash Join",
                          "Parent Relationship": "Outer",
                          "Parallel Aware": true,
                          "Join Type": "Inner",
                          "Startup Cost": 34490.22,
                          "Total Cost": 43792.77,
                          "Plan Rows": 99413,
                          "Plan Width": 8,
                          "Actual Startup Time": 176.806,
                          "Actual Total Time": 220.799,
                          "Actual Rows": 72247,
                          "Actual Loops": 5,
                          "Inner Unique": false,
                          "Hash Cond": "(ci.movie_id = mc.movie_id)",
                          "Plans": [
                            {
                              "Node Type": "Index Scan",
                              "Parent Relationship": "Outer",
                              "Parallel Aware": true,
                              "Scan Direction": "Forward",
                              "Index Name": "role_id_cast_info",
                              "Relation Name": "cast_info",
                              "Alias": "ci",
                              "Startup Cost": 0.56,
                              "Total Cost": 8600.37,
                              "Plan Rows": 76410,
                              "Plan Width": 4,
                              "Actual Startup Time": 0.121,
                              "Actual Total Time": 13.286,
                              "Actual Rows": 56944,
                              "Actual Loops": 5,
                              "Index Cond": "(role_id > 10)",
                              "Rows Removed by Index Recheck": 0,
                              "Filter": "(person_id > 742559)",
                              "Rows Removed by Filter": 6280
                            },
                            {
                              "Node Type": "Hash",
                              "Parent Relationship": "Inner",
                              "Parallel Aware": true,
                              "Startup Cost": 29310.68,
                              "Total Cost": 29310.68,
                              "Plan Rows": 414318,
                              "Plan Width": 4,
                              "Actual Startup Time": 172.233,
                              "Actual Total Time": 172.234,
                              "Actual Rows": 254849,
                              "Actual Loops": 5,
                              "Hash Buckets": 2097152,
                              "Original Hash Buckets": 2097152,
                              "Hash Batches": 1,
                              "Original Hash Batches": 1,
                              "Peak Memory Usage": 66336,
                              "Plans": [
                                {
                                  "Node Type": "Seq Scan",
                                  "Parent Relationship": "Outer",
                                  "Parallel Aware": true,
                                  "Relation Name": "movie_companies",
                                  "Alias": "mc",
                                  "Startup Cost": 0.0,
                                  "Total Cost": 29310.68,
                                  "Plan Rows": 414318,
                                  "Plan Width": 4,
                                  "Actual Startup Time": 0.064,
                                  "Actual Total Time": 71.243,
                                  "Actual Rows": 254849,
                                  "Actual Loops": 5,
                                  "Filter": "(company_type_id = 1)",
                                  "Rows Removed by Filter": 266977
                                }
                              ]
                            }
                          ]
                        }
                      ]
                    }
                  ]
                }
              ]
            }
          ]
        }
      ]
    },
    "Planning Time": 1.456,
    "Triggers": [],
    "Execution Time": 432.749
  }
]