[
  {
    "Plan": {
      "Node Type": "Aggregate",
      "Strategy": "Plain",
      "Partial Mode": "Finalize",
      "Parallel Aware": false,
      "Startup Cost": 473142.42,
      "Total Cost": 473142.43,
      "Plan Rows": 1,
      "Plan Width": 64,
      "Actual Startup Time": 2876.139,
      "Actual Total Time": 2958.381,
      "Actual Rows": 1,
      "Actual Loops": 1,
      "Plans": [
        {
          "Node Type": "Gather",
          "Parent Relationship": "Outer",
          "Parallel Aware": false,
          "Startup Cost": 473141.78,
          "Total Cost": 473142.39,
          "Plan Rows": 6,
          "Plan Width": 64,
          "Actual Startup Time": 2830.538,
          "Actual Total Time": 2958.338,
          "Actual Rows": 7,
          "Actual Loops": 1,
          "Workers Planned": 6,
          "Workers Launched": 6,
          "Single Copy": false,
          "Plans": [
            {
              "Node Type": "Aggregate",
              "Strategy": "Plain",
              "Partial Mode": "Partial",
              "Parent Relationship": "Outer",
              "Parallel Aware": false,
              "Startup Cost": 472141.78,
              "Total Cost": 472141.79,
              "Plan Rows": 1,
              "Plan Width": 64,
              "Actual Startup Time": 2803.553,
              "Actual Total Time": 2803.584,
              "Actual Rows": 1,
              "Actual Loops": 7,
              "Plans": [
                {
                  "Node Type": "Hash Join",
                  "Parent Relationship": "Outer",
                  "Parallel Aware": false,
                  "Join Type": "Inner",
                  "Startup Cost": 141271.57,
                  "Total Cost": 471452.6,
                  "Plan Rows": 137836,
                  "Plan Width": 33,
                  "Actual Startup Time": 2242.392,
                  "Actual Total Time": 2803.548,
                  "Actual Rows": 2,
                  "Actual Loops": 7,
                  "Inner Unique": true,
                  "Hash Cond": "(ci.role_id = rt.id)",
                  "Plans": [
                    {
                      "Node Type": "Hash Join",
                      "Parent Relationship": "Outer",
                      "Parallel Aware": true,
                      "Join Type": "Inner",
                      "Startup Cost": 141270.3,
                      "Total Cost": 470961.73,
                      "Plan Rows": 137836,
                      "Plan Width": 37,
                      "Actual Startup Time": 2241.426,
                      "Actual Total Time": 2802.575,
                      "Actual Rows": 2,
                      "Actual Loops": 7,
                      "Inner Unique": true,
                      "Hash Cond": "(ci.person_role_id = chn.id)",
                      "Plans": [
                        {
                          "Node Type": "Hash Join",
                          "Parent Relationship": "Outer",
                          "Parallel Aware": true,
                          "Join Type": "Inner",
                          "Startup Cost": 87157.89,
                          "Total Cost": 416487.5,
                          "Plan Rows": 137836,
                          "Plan Width": 25,
                          "Actual Startup Time": 1233.09,
                          "Actual Total Time": 2240.371,
                          "Actual Rows": 105462,
                          "Actual Loops": 7,
                          "Inner Unique": false,
                          "Hash Cond": "(ci.movie_id = t.id)",
                          "Plans": [
                            {
                              "Node Type": "Seq Scan",
                              "Parent Relationship": "Outer",
                              "Parallel Aware": true,
                              "Relation Name": "cast_info",
                              "Alias": "ci",
                              "Startup Cost": 0.0,
                              "Total Cost": 328232.2,
                              "Plan Rows": 246960,
                              "Plan Width": 12,
                              "Actual Startup Time": 281.675,
                              "Actual Total Time": 1355.274,
                              "Actual Rows": 205063,
                              "Actual Loops": 7,
                              "Filter": "(note ~~ '%(producer)%'::text)",
                              "Rows Removed by Filter": 4972701
                            },
                            {
                              "Node Type": "Hash",
                              "Parent Relationship": "Inner",
                              "Parallel Aware": true,
                              "Startup Cost": 84965.6,
                              "Total Cost": 84965.6,
                              "Plan Rows": 175383,
                              "Plan Width": 25,
                              "Actual Startup Time": 763.476,
                              "Actual Total Time": 763.495,
                              "Actual Rows": 114667,
                              "Actual Loops": 7,
                              "Hash Buckets": 1048576,
                              "Original Hash Buckets": 1048576,
                              "Hash Batches": 1,
                              "Original Hash Batches": 1,
                              "Peak Memory Usage": 57568,
                              "Plans": [
                                {
                                  "Node Type": "Hash Join",
                                  "Parent Relationship": "Outer",
                                  "Parallel Aware": false,
                                  "Join Type": "Inner",
                                  "Startup Cost": 53803.05,
                                  "Total Cost": 84965.6,
                                  "Plan Rows": 175383,
                                  "Plan Width": 25,
                                  "Actual Startup Time": 387.648,
                                  "Actual Total Time": 654.745,
                                  "Actual Rows": 114667,
                                  "Actual Loops": 7,
                                  "Inner Unique": true,
                                  "Hash Cond": "(mc.company_type_id = ct.id)",
                                  "Plans": [
                                    {
                                      "Node Type": "Hash Join",
                                      "Parent Relationship": "Outer",
                                      "Parallel Aware": true,
                                      "Join Type": "Inner",
                                      "Startup Cost": 53801.96,
                                      "Total Cost": 84016.35,
                                      "Plan Rows": 175383,
                                      "Plan Width": 29,
                                      "Actual Startup Time": 387.48,
                                      "Actual Total Time": 634.767,
                                      "Actual Rows": 114667,
                                      "Actual Loops": 7,
                                      "Inner Unique": true,
                                      "Hash Cond": "(mc.movie_id = t.id)",
                                      "Plans": [
                                        {
                                          "Node Type": "Hash Join",
                                          "Parent Relationship": "Outer",
                                          "Parallel Aware": true,
                                          "Join Type": "Inner",
                                          "Startup Cost": 5347.39,
                                          "Total Cost": 34763.33,
                                          "Plan Rows": 304174,
                                          "Plan Width": 8,
                                          "Actual Startup Time": 13.819,
                                          "Actual Total Time": 168.162,
                                          "Actual Rows": 164828,
                                          "Actual Loops": 7,
                                          "Inner Unique": true,
                                          "Hash Cond": "(mc.company_id = cn.id)",
                                          "Plans": [
                                            {
                                              "Node Type": "Seq Scan",
                                              "Parent Relationship": "Outer",
                                              "Parallel Aware": true,
                                              "Relation Name": "movie_companies",
                                              "Alias": "mc",
                                              "Startup Cost": 0.0,
                                              "Total Cost": 27206.55,
                                              "Plan Rows": 841655,
                                              "Plan Width": 12,
                                              "Actual Startup Time": 0.028,
                                              "Actual Total Time": 72.6,
                                              "Actual Rows": 372733,
                                              "Actual Loops": 7
                                            },
                                            {
                                              "Node Type": "Hash",
                                              "Parent Relationship": "Inner",
                                              "Parallel Aware": true,
                                              "Startup Cost": 4722.92,
                                              "Total Cost": 4722.92,
                                              "Plan Rows": 49958,
                                              "Plan Width": 4,
                                              "Actual Startup Time": 13.45,
                                              "Actual Total Time": 13.452,
                                              "Actual Rows": 12120,
                                              "Actual Loops": 7,
                                              "Hash Buckets": 131072,
                                              "Original Hash Buckets": 131072,
                                              "Hash Batches": 1,
                                              "Original Hash Batches": 1,
                                              "Peak Memory Usage": 4480,
                                              "Plans": [
                                                {
                                                  "Node Type": "Seq Scan",
                                                  "Parent Relationship": "Outer",
                                                  "Parallel Aware": true,
                                                  "Relation Name": "company_name",
                                                  "Alias": "cn",
                                                  "Startup Cost": 0.0,
                                                  "Total Cost": 4722.92,
                                                  "Plan Rows": 49958,
                                                  "Plan Width": 4,
                                                  "Actual Startup Time": 0.051,
                                                  "Actual Total Time": 9.068,
                                                  "Actual Rows": 12120,
                                                  "Actual Loops": 7,
                                                  "Filter": "((country_code)::text = '[us]'::text)",
                                                  "Rows Removed by Filter": 21451
                                                }
                                              ]
                                            }
                                          ]
                                        },
                                        {
                                          "Node Type": "Hash",
                                          "Parent Relationship": "Inner",
                                          "Parallel Aware": true,
                                          "Startup Cost": 43898.97,
                                          "Total Cost": 43898.97,
                                          "Plan Rows": 364447,
                                          "Plan Width": 21,
                                          "Actual Startup Time": 369.663,
                                          "Actual Total Time": 369.666,
                                          "Actual Rows": 206185,
                                          "Actual Loops": 7,
                                          "Hash Buckets": 2097152,
                                          "Original Hash Buckets": 2097152,
                                          "Hash Batches": 1,
                                          "Original Hash Batches": 1,
                                          "Peak Memory Usage": 97792,
                                          "Plans": [
                                            {
                                              "Node Type": "Seq Scan",
                                              "Parent Relationship": "Outer",
                                              "Parallel Aware": true,
                                              "Relation Name": "title",
                                              "Alias": "t",
                                              "Startup Cost": 0.0,
                                              "Total Cost": 43898.97,
                                              "Plan Rows": 364447,
                                              "Plan Width": 21,
                                              "Actual Startup Time": 0.078,
                                              "Actual Total Time": 147.567,
                                              "Actual Rows": 206185,
                                              "Actual Loops": 7,
                                              "Filter": "(production_year < 2006)",
                                              "Rows Removed by Filter": 155002
                                            }
                                          ]
                                        }
                                      ]
                                    },
                                    {
                                      "Node Type": "Hash",
                                      "Parent Relationship": "Inner",
                                      "Parallel Aware": false,
                                      "Startup Cost": 1.04,
                                      "Total Cost": 1.04,
                                      "Plan Rows": 4,
                                      "Plan Width": 4,
                                      "Actual Startup Time": 0.097,
                                      "Actual Total Time": 0.099,
                                      "Actual Rows": 4,
                                      "Actual Loops": 7,
                                      "Hash Buckets": 1024,
                                      "Original Hash Buckets": 1024,
                                      "Hash Batches": 1,
                                      "Original Hash Batches": 1,
                                      "Peak Memory Usage": 9,
                                      "Plans": [
                                        {
                                          "Node Type": "Seq Scan",
                                          "Parent Relationship": "Outer",
                                          "Parallel Aware": false,
                                          "Relation Name": "company_type",
                                          "Alias": "ct",
                                          "Startup Cost": 0.0,
                                          "Total Cost": 1.04,
                                          "Plan Rows": 4,
                                          "Plan Width": 4,
                                          "Actual Startup Time": 0.073,
                                          "Actual Total Time": 0.075,
                                          "Actual Rows": 4,
                                          "Actual Loops": 7
                                        }
                                      ]
                                    }
                                  ]
                                }
                              ]
                            }
                          ]
                        },
                        {
                          "Node Type": "Hash",
                          "Parent Relationship": "Inner",
                          "Parallel Aware": true,
                          "Startup Cost": 44298.85,
                          "Total Cost": 44298.85,
                          "Plan Rows": 785085,
                          "Plan Width": 20,
                          "Actual Startup Time": 546.502,
                          "Actual Total Time": 546.503,
                          "Actual Rows": 448620,
                          "Actual Loops": 7,
                          "Hash Buckets": 4194304,
                          "Original Hash Buckets": 4194304,
                          "Hash Batches": 1,
                          "Original Hash Batches": 1,
                          "Peak Memory Usage": 205120,
                          "Plans": [
                            {
                              "Node Type": "Seq Scan",
                              "Parent Relationship": "Outer",
                              "Parallel Aware": true,
                              "Relation Name": "char_name",
                              "Alias": "chn",
                              "Startup Cost": 0.0,
                              "Total Cost": 44298.85,
                              "Plan Rows": 785085,
                              "Plan Width": 20,
                              "Actual Startup Time": 0.115,
                              "Actual Total Time": 154.323,
                              "Actual Rows": 448620,
                              "Actual Loops": 7
                            }
                          ]
                        }
                      ]
                    },
                    {
                      "Node Type": "Hash",
                      "Parent Relationship": "Inner",
                      "Parallel Aware": false,
                      "Startup Cost": 1.12,
                      "Total Cost": 1.12,
                      "Plan Rows": 12,
                      "Plan Width": 4,
                      "Actual Startup Time": 0.123,
                      "Actual Total Time": 0.126,
                      "Actual Rows": 12,
                      "Actual Loops": 7,
                      "Hash Buckets": 1024,
                      "Original Hash Buckets": 1024,
                      "Hash Batches": 1,
                      "Original Hash Batches": 1,
                      "Peak Memory Usage": 9,
                      "Plans": [
                        {
                          "Node Type": "Seq Scan",
                          "Parent Relationship": "Outer",
                          "Parallel Aware": false,
                          "Relation Name": "role_type",
                          "Alias": "rt",
                          "Startup Cost": 0.0,
                          "Total Cost": 1.12,
                          "Plan Rows": 12,
                          "Plan Width": 4,
                          "Actual Startup Time": 0.071,
                          "Actual Total Time": 0.078,
                          "Actual Rows": 12,
                          "Actual Loops": 7
                        }
                      ]
                    }
                  ]
                }
              ]
            }
          ]
        }
      ]
    },
    "Planning Time": 9.111,
    "Triggers": [],
    "Execution Time": 2958.879
  }
]