[
  {
    "Plan": {
      "Node Type": "Aggregate",
      "Strategy": "Plain",
      "Partial Mode": "Finalize",
      "Parallel Aware": false,
      "Startup Cost": 32619.42,
      "Total Cost": 32619.43,
      "Plan Rows": 1,
      "Plan Width": 8,
      "Actual Startup Time": 87.459,
      "Actual Total Time": 93.188,
      "Actual Rows": 1,
      "Actual Loops": 1,
      "Plans": [
        {
          "Node Type": "Gather",
          "Parent Relationship": "Outer",
          "Parallel Aware": false,
          "Startup Cost": 32619.1,
          "Total Cost": 32619.41,
          "Plan Rows": 3,
          "Plan Width": 8,
          "Actual Startup Time": 87.312,
          "Actual Total Time": 93.179,
          "Actual Rows": 4,
          "Actual Loops": 1,
          "Workers Planned": 3,
          "Workers Launched": 3,
          "Single Copy": false,
          "Plans": [
            {
              "Node Type": "Aggregate",
              "Strategy": "Plain",
              "Partial Mode": "Partial",
              "Parent Relationship": "Outer",
              "Parallel Aware": false,
              "Startup Cost": 31619.1,
              "Total Cost": 31619.11,
              "Plan Rows": 1,
              "Plan Width": 8,
              "Actual Startup Time": 80.922,
              "Actual Total Time": 80.923,
              "Actual Rows": 1,
              "Actual Loops": 4,
              "Plans": [
                {
                  "Node Type": "Seq Scan",
                  "Parent Relationship": "Outer",
                  "Parallel Aware": true,
                  "Relation Name": "movie_companies",
                  "Alias": "mc",
                  "Startup Cost": 0.0,
                  "Total Cost": 31414.82,
                  "Plan Rows": 81714,
                  "Plan Width": 0,
                  "Actual Startup Time": 0.042,
                  "Actual Total Time": 74.881,
                  "Actual Rows": 93963,
                  "Actual Loops": 4,
                  "Filter": "((company_id < 474) AND (company_type_id < 2))",
                  "Rows Removed by Filter": 558319
                }
              ]
            }
          ]
        }
      ]
    },
    "Planning Time": 0.102,
    "Triggers": [],
    "Execution Time": 93.219
  }
]