{
  "Plan": {
    "Node Type": "Aggregate",
    "Strategy": "Plain",
    "Partial Mode": "Finalize",
    "Parallel Aware": false,
    "Startup Cost": 1053327.18,
    "Total Cost": 1053327.19,
    "Plan Rows": 1,
    "Plan Width": 96,
    "Actual Startup Time": 10597.643,
    "Actual Total Time": 10726.432,
    "Actual Rows": 1,
    "Actual Loops": 1,
    "Plans": [
      {
        "Node Type": "Gather",
        "Parent Relationship": "Outer",
        "Parallel Aware": false,
        "Startup Cost": 1053327.06,
        "Total Cost": 1053327.17,
        "Plan Rows": 1,
        "Plan Width": 96,
        "Actual Startup Time": 10570.166,
        "Actual Total Time": 10726.416,
        "Actual Rows": 2,
        "Actual Loops": 1,
        "Workers Planned": 1,
        "Workers Launched": 1,
        "Single Copy": false,
        "Plans": [
          {
            "Node Type": "Aggregate",
            "Strategy": "Plain",
            "Partial Mode": "Partial",
            "Parent Relationship": "Outer",
            "Parallel Aware": false,
            "Startup Cost": 1052327.06,
            "Total Cost": 1052327.07,
            "Plan Rows": 1,
            "Plan Width": 96,
            "Actual Startup Time": 10558.366,
            "Actual Total Time": 10560.191,
            "Actual Rows": 1,
            "Actual Loops": 2,
            "Plans": [
              {
                "Node Type": "Hash Join",
                "Parent Relationship": "Outer",
                "Parallel Aware": false,
                "Join Type": "Inner",
                "Startup Cost": 733459.45,
                "Total Cost": 1052327.03,
                "Plan Rows": 4,
                "Plan Width": 66,
                "Actual Startup Time": 7173.696,
                "Actual Total Time": 10547.771,
                "Actual Rows": 71022,
                "Actual Loops": 2,
                "Inner Unique": true,
                "Hash Cond": "(mi_idx.info_type_id = it2.id)",
                "Plans": [
                  {
                    "Node Type": "Nested Loop",
                    "Parent Relationship": "Outer",
                    "Parallel Aware": false,
                    "Join Type": "Inner",
                    "Startup Cost": 733457.03,
                    "Total Cost": 1052323.27,
                    "Plan Rows": 491,
                    "Plan Width": 70,
                    "Actual Startup Time": 7173.389,
                    "Actual Total Time": 10524.816,
                    "Actual Rows": 213894,
                    "Actual Loops": 2,
                    "Inner Unique": true,
                    "Plans": [
                      {
                        "Node Type": "Hash Join",
                        "Parent Relationship": "Outer",
                        "Parallel Aware": false,
                        "Join Type": "Inner",
                        "Startup Cost": 733456.6,
                        "Total Cost": 1051223.01,
                        "Plan Rows": 2147,
                        "Plan Width": 74,
                        "Actual Startup Time": 7172.729,
                        "Actual Total Time": 7945.838,
                        "Actual Rows": 1301798,
                        "Actual Loops": 2,
                        "Inner Unique": true,
                        "Hash Cond": "(mi.info_type_id = it1.id)",
                        "Plans": [
                          {
                            "Node Type": "Hash Join",
                            "Parent Relationship": "Outer",
                            "Parallel Aware": true,
                            "Join Type": "Inner",
                            "Startup Cost": 733454.17,
                            "Total Cost": 1050559.8,
                            "Plan Rows": 242630,
                            "Plan Width": 78,
                            "Actual Startup Time": 6771.412,
                            "Actual Total Time": 7754.386,
                            "Actual Rows": 1365720,
                            "Actual Loops": 2,
                            "Inner Unique": false,
                            "Hash Cond": "(mi.movie_id = t.id)",
                            "Plans": [
                              {
                                "Node Type": "Seq Scan",
                                "Parent Relationship": "Outer",
                                "Parallel Aware": true,
                                "Relation Name": "movie_info",
                                "Alias": "mi",
                                "Startup Cost": 0.0,
                                "Total Cost": 314746.6,
                                "Plan Rows": 248479,
                                "Plan Width": 51,
                                "Actual Startup Time": 608.651,
                                "Actual Total Time": 1138.271,
                                "Actual Rows": 199414,
                                "Actual Loops": 2,
                                "Filter": "(info = ANY ('{Sci-Fi,Drama,Crime,Action,War,Family}'::text[]))",
                                "Rows Removed by Filter": 7218446
                              },
                              {
                                "Node Type": "Hash",
                                "Parent Relationship": "Inner",
                                "Parallel Aware": true,
                                "Startup Cost": 715302.08,
                                "Total Cost": 715302.08,
                                "Plan Rows": 1452167,
                                "Plan Width": 43,
                                "Actual Startup Time": 6138.554,
                                "Actual Total Time": 6140.372,
                                "Actual Rows": 2826912,
                                "Actual Loops": 2,
                                "Hash Buckets": 8388608,
                                "Original Hash Buckets": 4194304,
                                "Hash Batches": 1,
                                "Original Hash Batches": 1,
                                "Peak Memory Usage": 549312,
                                "Plans": [
                                  {
                                    "Node Type": "Hash Join",
                                    "Parent Relationship": "Outer",
                                    "Parallel Aware": true,
                                    "Join Type": "Inner",
                                    "Startup Cost": 97790.54,
                                    "Total Cost": 715302.08,
                                    "Plan Rows": 1452167,
                                    "Plan Width": 43,
                                    "Actual Startup Time": 1372.639,
                                    "Actual Total Time": 4729.66,
                                    "Actual Rows": 2826912,
                                    "Actual Loops": 2,
                                    "Inner Unique": false,
                                    "Hash Cond": "(ci.movie_id = t.id)",
                                    "Plans": [
                                      {
                                        "Node Type": "Seq Scan",
                                        "Parent Relationship": "Outer",
                                        "Parallel Aware": true,
                                        "Relation Name": "cast_info",
                                        "Alias": "ci",
                                        "Startup Cost": 0.0,
                                        "Total Cost": 598993.12,
                                        "Plan Rows": 2660341,
                                        "Plan Width": 8,
                                        "Actual Startup Time": 0.039,
                                        "Actual Total Time": 2044.832,
                                        "Actual Rows": 2242188,
                                        "Actual Loops": 2,
                                        "Filter": "(note = ANY ('{(producer),(voice),(uncredited),\"(executive producer)\",(writer)}'::text[]))",
                                        "Rows Removed by Filter": 15879984
                                      },
                                      {
                                        "Node Type": "Hash",
                                        "Parent Relationship": "Inner",
                                        "Parallel Aware": true,
                                        "Startup Cost": 87643.22,
                                        "Total Cost": 87643.22,
                                        "Plan Rows": 811785,
                                        "Plan Width": 35,
                                        "Actual Startup Time": 1364.732,
                                        "Actual Total Time": 1366.548,
                                        "Actual Rows": 690018,
                                        "Actual Loops": 2,
                                        "Hash Buckets": 2097152,
                                        "Original Hash Buckets": 2097152,
                                        "Hash Batches": 1,
                                        "Original Hash Batches": 1,
                                        "Peak Memory Usage": 115200,
                                        "Plans": [
                                          {
                                            "Node Type": "Hash Join",
                                            "Parent Relationship": "Outer",
                                            "Parallel Aware": true,
                                            "Join Type": "Inner",
                                            "Startup Cost": 69459.43,
                                            "Total Cost": 87643.22,
                                            "Plan Rows": 811785,
                                            "Plan Width": 35,
                                            "Actual Startup Time": 768.727,
                                            "Actual Total Time": 1084.557,
                                            "Actual Rows": 690018,
                                            "Actual Loops": 2,
                                            "Inner Unique": true,
                                            "Hash Cond": "(mi_idx.movie_id = t.id)",
                                            "Plans": [
                                              {
                                                "Node Type": "Seq Scan",
                                                "Parent Relationship": "Outer",
                                                "Parallel Aware": true,
                                                "Relation Name": "movie_info_idx",
                                                "Alias": "mi_idx",
                                                "Startup Cost": 0.0,
                                                "Total Cost": 16052.85,
                                                "Plan Rows": 811785,
                                                "Plan Width": 14,
                                                "Actual Startup Time": 0.026,
                                                "Actual Total Time": 67.808,
                                                "Actual Rows": 690018,
                                                "Actual Loops": 2
                                              },
                                              {
                                                "Node Type": "Hash",
                                                "Parent Relationship": "Inner",
                                                "Parallel Aware": true,
                                                "Startup Cost": 50869.75,
                                                "Total Cost": 50869.75,
                                                "Plan Rows": 1487175,
                                                "Plan Width": 21,
                                                "Actual Startup Time": 754.116,
                                                "Actual Total Time": 754.117,
                                                "Actual Rows": 1264156,
                                                "Actual Loops": 2,
                                                "Hash Buckets": 4194304,
                                                "Original Hash Buckets": 4194304,
                                                "Hash Batches": 1,
                                                "Original Hash Batches": 1,
                                                "Peak Memory Usage": 174752,
                                                "Plans": [
                                                  {
                                                    "Node Type": "Seq Scan",
                                                    "Parent Relationship": "Outer",
                                                    "Parallel Aware": true,
                                                    "Relation Name": "title",
                                                    "Alias": "t",
                                                    "Startup Cost": 0.0,
                                                    "Total Cost": 50869.75,
                                                    "Plan Rows": 1487175,
                                                    "Plan Width": 21,
                                                    "Actual Startup Time": 0.057,
                                                    "Actual Total Time": 205.204,
                                                    "Actual Rows": 1264156,
                                                    "Actual Loops": 2
                                                  }
                                                ]
                                              }
                                            ]
                                          }
                                        ]
                                      }
                                    ]
                                  }
                                ]
                              }
                            ]
                          },
                          {
                            "Node Type": "Hash",
                            "Parent Relationship": "Inner",
                            "Parallel Aware": false,
                            "Startup Cost": 2.41,
                            "Total Cost": 2.41,
                            "Plan Rows": 1,
                            "Plan Width": 4,
                            "Actual Startup Time": 0.049,
                            "Actual Total Time": 0.05,
                            "Actual Rows": 1,
                            "Actual Loops": 2,
                            "Hash Buckets": 1024,
                            "Original Hash Buckets": 1024,
                            "Hash Batches": 1,
                            "Original Hash Batches": 1,
                            "Peak Memory Usage": 9,
                            "Plans": [
                              {
                                "Node Type": "Seq Scan",
                                "Parent Relationship": "Outer",
                                "Parallel Aware": false,
                                "Relation Name": "info_type",
                                "Alias": "it1",
                                "Startup Cost": 0.0,
                                "Total Cost": 2.41,
                                "Plan Rows": 1,
                                "Plan Width": 4,
                                "Actual Startup Time": 0.017,
                                "Actual Total Time": 0.038,
                                "Actual Rows": 1,
                                "Actual Loops": 2,
                                "Filter": "((info)::text = 'genres'::text)",
                                "Rows Removed by Filter": 112
                              }
                            ]
                          }
                        ]
                      },
                      {
                        "Node Type": "Index Scan",
                        "Parent Relationship": "Inner",
                        "Parallel Aware": false,
                        "Scan Direction": "Forward",
                        "Index Name": "name_pkey",
                        "Relation Name": "name",
                        "Alias": "n",
                        "Startup Cost": 0.43,
                        "Total Cost": 0.51,
                        "Plan Rows": 1,
                        "Plan Width": 4,
                        "Actual Startup Time": 0.002,
                        "Actual Total Time": 0.002,
                        "Actual Rows": 0,
                        "Actual Loops": 2603595,
                        "Index Cond": "(id = ci.person_id)",
                        "Rows Removed by Index Recheck": 0,
                        "Filter": "((gender)::text = 'f'::text)",
                        "Rows Removed by Filter": 1
                      }
                    ]
                  },
                  {
                    "Node Type": "Hash",
                    "Parent Relationship": "Inner",
                    "Parallel Aware": false,
                    "Startup Cost": 2.41,
                    "Total Cost": 2.41,
                    "Plan Rows": 1,
                    "Plan Width": 4,
                    "Actual Startup Time": 0.078,
                    "Actual Total Time": 0.078,
                    "Actual Rows": 1,
                    "Actual Loops": 2,
                    "Hash Buckets": 1024,
                    "Original Hash Buckets": 1024,
                    "Hash Batches": 1,
                    "Original Hash Batches": 1,
                    "Peak Memory Usage": 9,
                    "Plans": [
                      {
                        "Node Type": "Seq Scan",
                        "Parent Relationship": "Outer",
                        "Parallel Aware": false,
                        "Relation Name": "info_type",
                        "Alias": "it2",
                        "Startup Cost": 0.0,
                        "Total Cost": 2.41,
                        "Plan Rows": 1,
                        "Plan Width": 4,
                        "Actual Startup Time": 0.054,
                        "Actual Total Time": 0.06,
                        "Actual Rows": 1,
                        "Actual Loops": 2,
                        "Filter": "((info)::text = 'votes'::text)",
                        "Rows Removed by Filter": 112
                      }
                    ]
                  }
                ]
              }
            ]
          }
        ]
      }
    ]
  },
  "Planning Time": 2.033,
  "Triggers": [],
  "Execution Time": 10726.605
}