[
  {
    "Plan": {
      "Node Type": "Aggregate",
      "Strategy": "Plain",
      "Partial Mode": "Finalize",
      "Parallel Aware": false,
      "Startup Cost": 66187.75,
      "Total Cost": 66187.76,
      "Plan Rows": 1,
      "Plan Width": 8,
      "Actual Startup Time": 140.612,
      "Actual Total Time": 153.175,
      "Actual Rows": 1,
      "Actual Loops": 1,
      "Plans": [
        {
          "Node Type": "Gather",
          "Parent Relationship": "Outer",
          "Parallel Aware": false,
          "Startup Cost": 66187.44,
          "Total Cost": 66187.75,
          "Plan Rows": 3,
          "Plan Width": 8,
          "Actual Startup Time": 139.485,
          "Actual Total Time": 153.165,
          "Actual Rows": 4,
          "Actual Loops": 1,
          "Workers Planned": 3,
          "Workers Launched": 3,
          "Single Copy": false,
          "Plans": [
            {
              "Node Type": "Aggregate",
              "Strategy": "Plain",
              "Partial Mode": "Partial",
              "Parent Relationship": "Outer",
              "Parallel Aware": false,
              "Startup Cost": 65187.44,
              "Total Cost": 65187.45,
              "Plan Rows": 1,
              "Plan Width": 8,
              "Actual Startup Time": 132.884,
              "Actual Total Time": 132.888,
              "Actual Rows": 1,
              "Actual Loops": 4,
              "Plans": [
                {
                  "Node Type": "Hash Join",
                  "Parent Relationship": "Outer",
                  "Parallel Aware": true,
                  "Join Type": "Inner",
                  "Startup Cost": 46017.9,
                  "Total Cost": 65183.94,
                  "Plan Rows": 1400,
                  "Plan Width": 0,
                  "Actual Startup Time": 120.755,
                  "Actual Total Time": 132.789,
                  "Actual Rows": 1130,
                  "Actual Loops": 4,
                  "Inner Unique": true,
                  "Hash Cond": "(mc.movie_id = t.id)",
                  "Plans": [
                    {
                      "Node Type": "Bitmap Heap Scan",
                      "Parent Relationship": "Outer",
                      "Parallel Aware": true,
                      "Relation Name": "movie_companies",
                      "Alias": "mc",
                      "Startup Cost": 1673.73,
                      "Total Cost": 20774.5,
                      "Plan Rows": 24862,
                      "Plan Width": 4,
                      "Actual Startup Time": 5.408,
                      "Actual Total Time": 12.317,
                      "Actual Rows": 19133,
                      "Actual Loops": 4,
                      "Recheck Cond": "(company_id > 172206)",
                      "Rows Removed by Index Recheck": 0,
                      "Exact Heap Blocks": 603,
                      "Lossy Heap Blocks": 0,
                      "Plans": [
                        {
                          "Node Type": "Bitmap Index Scan",
                          "Parent Relationship": "Outer",
                          "Parallel Aware": false,
                          "Index Name": "company_id_movie_companies",
                          "Startup Cost": 0.0,
                          "Total Cost": 1654.46,
                          "Plan Rows": 77071,
                          "Plan Width": 0,
                          "Actual Startup Time": 5.0,
                          "Actual Total Time": 5.001,
                          "Actual Rows": 76532,
                          "Actual Loops": 1,
                          "Index Cond": "(company_id > 172206)"
                        }
                      ]
                    },
                    {
                      "Node Type": "Hash",
                      "Parent Relationship": "Inner",
                      "Parallel Aware": true,
                      "Startup Cost": 43899.32,
                      "Total Cost": 43899.32,
                      "Plan Rows": 35588,
                      "Plan Width": 4,
                      "Actual Startup Time": 112.966,
                      "Actual Total Time": 112.967,
                      "Actual Rows": 35426,
                      "Actual Loops": 4,
                      "Hash Buckets": 262144,
                      "Original Hash Buckets": 262144,
                      "Hash Batches": 1,
                      "Original Hash Batches": 1,
                      "Peak Memory Usage": 7680,
                      "Plans": [
                        {
                          "Node Type": "Seq Scan",
                          "Parent Relationship": "Outer",
                          "Parallel Aware": true,
                          "Relation Name": "title",
                          "Alias": "t",
                          "Startup Cost": 0.0,
                          "Total Cost": 43899.32,
                          "Plan Rows": 35588,
                          "Plan Width": 4,
                          "Actual Startup Time": 0.043,
                          "Actual Total Time": 97.866,
                          "Actual Rows": 35426,
                          "Actual Loops": 4,
                          "Filter": "(production_year = 2010)",
                          "Rows Removed by Filter": 596652
                        }
                      ]
                    }
                  ]
                }
              ]
            }
          ]
        }
      ]
    },
    "Planning Time": 0.619,
    "Triggers": [],
    "Execution Time": 153.263
  }
]