[
  {
    "Plan": {
      "Node Type": "Aggregate",
      "Strategy": "Plain",
      "Partial Mode": "Finalize",
      "Parallel Aware": false,
      "Startup Cost": 46299.75,
      "Total Cost": 46299.76,
      "Plan Rows": 1,
      "Plan Width": 8,
      "Actual Startup Time": 102.465,
      "Actual Total Time": 108.598,
      "Actual Rows": 1,
      "Actual Loops": 1,
      "Plans": [
        {
          "Node Type": "Gather",
          "Parent Relationship": "Outer",
          "Parallel Aware": false,
          "Startup Cost": 46299.33,
          "Total Cost": 46299.74,
          "Plan Rows": 4,
          "Plan Width": 8,
          "Actual Startup Time": 102.374,
          "Actual Total Time": 108.592,
          "Actual Rows": 5,
          "Actual Loops": 1,
          "Workers Planned": 4,
          "Workers Launched": 4,
          "Single Copy": false,
          "Plans": [
            {
              "Node Type": "Aggregate",
              "Strategy": "Plain",
              "Partial Mode": "Partial",
              "Parent Relationship": "Outer",
              "Parallel Aware": false,
              "Startup Cost": 45299.33,
              "Total Cost": 45299.34,
              "Plan Rows": 1,
              "Plan Width": 8,
              "Actual Startup Time": 97.863,
              "Actual Total Time": 97.863,
              "Actual Rows": 1,
              "Actual Loops": 5,
              "Plans": [
                {
                  "Node Type": "Seq Scan",
                  "Parent Relationship": "Outer",
                  "Parallel Aware": true,
                  "Relation Name": "title",
                  "Alias": "t",
                  "Startup Cost": 0.0,
                  "Total Cost": 43899.01,
                  "Plan Rows": 560128,
                  "Plan Width": 0,
                  "Actual Startup Time": 0.024,
                  "Actual Total Time": 78.035,
                  "Actual Rows": 448919,
                  "Actual Loops": 5,
                  "Filter": "(production_year > 1956)",
                  "Rows Removed by Filter": 56744
                }
              ]
            }
          ]
        }
      ]
    },
    "Planning Time": 0.071,
    "Triggers": [],
    "Execution Time": 108.625
  }
]