{
  "Plan": {
    "Node Type": "Aggregate",
    "Strategy": "Plain",
    "Partial Mode": "Finalize",
    "Parallel Aware": false,
    "Startup Cost": 406597.04,
    "Total Cost": 406597.05,
    "Plan Rows": 1,
    "Plan Width": 8,
    "Actual Startup Time": 2692.167,
    "Actual Total Time": 2726.988,
    "Actual Rows": 1,
    "Actual Loops": 1,
    "Plans": [
      {
        "Node Type": "Gather",
        "Parent Relationship": "Outer",
        "Parallel Aware": false,
        "Startup Cost": 406596.93,
        "Total Cost": 406597.04,
        "Plan Rows": 1,
        "Plan Width": 8,
        "Actual Startup Time": 2685.212,
        "Actual Total Time": 2726.98,
        "Actual Rows": 2,
        "Actual Loops": 1,
        "Workers Planned": 1,
        "Workers Launched": 1,
        "Single Copy": false,
        "Plans": [
          {
            "Node Type": "Aggregate",
            "Strategy": "Plain",
            "Partial Mode": "Partial",
            "Parent Relationship": "Outer",
            "Parallel Aware": false,
            "Startup Cost": 405596.93,
            "Total Cost": 405596.94,
            "Plan Rows": 1,
            "Plan Width": 8,
            "Actual Startup Time": 2672.531,
            "Actual Total Time": 2672.537,
            "Actual Rows": 1,
            "Actual Loops": 2,
            "Plans": [
              {
                "Node Type": "Hash Join",
                "Parent Relationship": "Outer",
                "Parallel Aware": true,
                "Join Type": "Inner",
                "Startup Cost": 333942.73,
                "Total Cost": 402836.47,
                "Plan Rows": 1104183,
                "Plan Width": 0,
                "Actual Startup Time": 1741.354,
                "Actual Total Time": 2420.026,
                "Actual Rows": 6042799,
                "Actual Loops": 2,
                "Inner Unique": false,
                "Hash Cond": "(mk.movie_id = t.id)",
                "Plans": [
                  {
                    "Node Type": "Seq Scan",
                    "Parent Relationship": "Outer",
                    "Parallel Aware": true,
                    "Relation Name": "movie_keyword",
                    "Alias": "mk",
                    "Startup Cost": 0.0,
                    "Total Cost": 57718.19,
                    "Plan Rows": 936071,
                    "Plan Width": 4,
                    "Actual Startup Time": 0.019,
                    "Actual Total Time": 165.792,
                    "Actual Rows": 802148,
                    "Actual Loops": 2,
                    "Filter": "(keyword_id < 2487)",
                    "Rows Removed by Filter": 1459817
                  },
                  {
                    "Node Type": "Hash",
                    "Parent Relationship": "Inner",
                    "Parallel Aware": true,
                    "Startup Cost": 312013.63,
                    "Total Cost": 312013.63,
                    "Plan Rows": 1754328,
                    "Plan Width": 8,
                    "Actual Startup Time": 1720.004,
                    "Actual Total Time": 1720.009,
                    "Actual Rows": 1518360,
                    "Actual Loops": 2,
                    "Hash Buckets": 4194304,
                    "Original Hash Buckets": 4194304,
                    "Hash Batches": 1,
                    "Original Hash Batches": 1,
                    "Peak Memory Usage": 151584,
                    "Plans": [
                      {
                        "Node Type": "Hash Join",
                        "Parent Relationship": "Outer",
                        "Parallel Aware": true,
                        "Join Type": "Inner",
                        "Startup Cost": 123486.41,
                        "Total Cost": 312013.63,
                        "Plan Rows": 1754328,
                        "Plan Width": 8,
                        "Actual Startup Time": 618.318,
                        "Actual Total Time": 1321.566,
                        "Actual Rows": 1518360,
                        "Actual Loops": 2,
                        "Inner Unique": true,
                        "Hash Cond": "(mi.movie_id = t.id)",
                        "Plans": [
                          {
                            "Node Type": "Bitmap Heap Scan",
                            "Parent Relationship": "Outer",
                            "Parallel Aware": true,
                            "Relation Name": "movie_info",
                            "Alias": "mi",
                            "Startup Cost": 54025.71,
                            "Total Cost": 237947.81,
                            "Plan Rows": 1754328,
                            "Plan Width": 4,
                            "Actual Startup Time": 115.484,
                            "Actual Total Time": 266.642,
                            "Actual Rows": 1518360,
                            "Actual Loops": 2,
                            "Recheck Cond": "(info_type_id = 16)",
                            "Rows Removed by Index Recheck": 0,
                            "Exact Heap Blocks": 12883,
                            "Lossy Heap Blocks": 0,
                            "Plans": [
                              {
                                "Node Type": "Bitmap Index Scan",
                                "Parent Relationship": "Outer",
                                "Parallel Aware": false,
                                "Index Name": "info_type_id_movie_info",
                                "Startup Cost": 0.0,
                                "Total Cost": 53280.12,
                                "Plan Rows": 2982358,
                                "Plan Width": 0,
                                "Actual Startup Time": 111.26,
                                "Actual Total Time": 111.261,
                                "Actual Rows": 3036719,
                                "Actual Loops": 1,
                                "Index Cond": "(info_type_id = 16)"
                              }
                            ]
                          },
                          {
                            "Node Type": "Hash",
                            "Parent Relationship": "Inner",
                            "Parallel Aware": true,
                            "Startup Cost": 50870.31,
                            "Total Cost": 50870.31,
                            "Plan Rows": 1487231,
                            "Plan Width": 4,
                            "Actual Startup Time": 491.424,
                            "Actual Total Time": 491.425,
                            "Actual Rows": 1264156,
                            "Actual Loops": 2,
                            "Hash Buckets": 4194304,
                            "Original Hash Buckets": 4194304,
                            "Hash Batches": 1,
                            "Original Hash Batches": 1,
                            "Peak Memory Usage": 131712,
                            "Plans": [
                              {
                                "Node Type": "Seq Scan",
                                "Parent Relationship": "Outer",
                                "Parallel Aware": true,
                                "Relation Name": "title",
                                "Alias": "t",
                                "Startup Cost": 0.0,
                                "Total Cost": 50870.31,
                                "Plan Rows": 1487231,
                                "Plan Width": 4,
                                "Actual Startup Time": 0.026,
                                "Actual Total Time": 149.661,
                                "Actual Rows": 1264156,
                                "Actual Loops": 2
                              }
                            ]
                          }
                        ]
                      }
                    ]
                  }
                ]
              }
            ]
          }
        ]
      }
    ]
  },
  "Planning Time": 1.115,
  "Triggers": [],
  "Execution Time": 2727.09
}