[
  {
    "Plan": {
      "Node Type": "Aggregate",
      "Strategy": "Plain",
      "Partial Mode": "Finalize",
      "Parallel Aware": false,
      "Startup Cost": 15362.42,
      "Total Cost": 15362.43,
      "Plan Rows": 1,
      "Plan Width": 8,
      "Actual Startup Time": 35.031,
      "Actual Total Time": 39.057,
      "Actual Rows": 1,
      "Actual Loops": 1,
      "Plans": [
        {
          "Node Type": "Gather",
          "Parent Relationship": "Outer",
          "Parallel Aware": false,
          "Startup Cost": 15362.3,
          "Total Cost": 15362.41,
          "Plan Rows": 1,
          "Plan Width": 8,
          "Actual Startup Time": 34.898,
          "Actual Total Time": 39.05,
          "Actual Rows": 2,
          "Actual Loops": 1,
          "Workers Planned": 1,
          "Workers Launched": 1,
          "Single Copy": false,
          "Plans": [
            {
              "Node Type": "Aggregate",
              "Strategy": "Plain",
              "Partial Mode": "Partial",
              "Parent Relationship": "Outer",
              "Parallel Aware": false,
              "Startup Cost": 14362.3,
              "Total Cost": 14362.31,
              "Plan Rows": 1,
              "Plan Width": 8,
              "Actual Startup Time": 28.423,
              "Actual Total Time": 28.425,
              "Actual Rows": 1,
              "Actual Loops": 2,
              "Plans": [
                {
                  "Node Type": "Nested Loop",
                  "Parent Relationship": "Outer",
                  "Parallel Aware": false,
                  "Join Type": "Inner",
                  "Startup Cost": 56.53,
                  "Total Cost": 14361.2,
                  "Plan Rows": 442,
                  "Plan Width": 0,
                  "Actual Startup Time": 2.868,
                  "Actual Total Time": 28.243,
                  "Actual Rows": 1146,
                  "Actual Loops": 2,
                  "Inner Unique": false,
                  "Plans": [
                    {
                      "Node Type": "Nested Loop",
                      "Parent Relationship": "Outer",
                      "Parallel Aware": false,
                      "Join Type": "Inner",
                      "Startup Cost": 56.1,
                      "Total Cost": 13167.56,
                      "Plan Rows": 758,
                      "Plan Width": 8,
                      "Actual Startup Time": 2.37,
                      "Actual Total Time": 15.549,
                      "Actual Rows": 904,
                      "Actual Loops": 2,
                      "Inner Unique": true,
                      "Plans": [
                        {
                          "Node Type": "Bitmap Heap Scan",
                          "Parent Relationship": "Outer",
                          "Parallel Aware": true,
                          "Relation Name": "movie_companies",
                          "Alias": "mc",
                          "Startup Cost": 55.67,
                          "Total Cost": 7018.39,
                          "Plan Rows": 758,
                          "Plan Width": 4,
                          "Actual Startup Time": 2.227,
                          "Actual Total Time": 5.14,
                          "Actual Rows": 904,
                          "Actual Loops": 2,
                          "Recheck Cond": "(company_id = 708)",
                          "Rows Removed by Index Recheck": 0,
                          "Filter": "(company_type_id = 2)",
                          "Rows Removed by Filter": 301,
                          "Exact Heap Blocks": 1201,
                          "Lossy Heap Blocks": 0,
                          "Plans": [
                            {
                              "Node Type": "Bitmap Index Scan",
                              "Parent Relationship": "Outer",
                              "Parallel Aware": false,
                              "Index Name": "company_id_movie_companies",
                              "Startup Cost": 0.0,
                              "Total Cost": 55.34,
                              "Plan Rows": 2522,
                              "Plan Width": 0,
                              "Actual Startup Time": 2.192,
                              "Actual Total Time": 2.193,
                              "Actual Rows": 2411,
                              "Actual Loops": 1,
                              "Index Cond": "(company_id = 708)"
                            }
                          ]
                        },
                        {
                          "Node Type": "Index Only Scan",
                          "Parent Relationship": "Inner",
                          "Parallel Aware": false,
                          "Scan Direction": "Forward",
                          "Index Name": "title_pkey",
                          "Relation Name": "title",
                          "Alias": "t",
                          "Startup Cost": 0.43,
                          "Total Cost": 8.11,
                          "Plan Rows": 1,
                          "Plan Width": 4,
                          "Actual Startup Time": 0.011,
                          "Actual Total Time": 0.011,
                          "Actual Rows": 1,
                          "Actual Loops": 1809,
                          "Index Cond": "(id = mc.movie_id)",
                          "Rows Removed by Index Recheck": 0,
                          "Heap Fetches": 1809
                        }
                      ]
                    },
                    {
                      "Node Type": "Index Scan",
                      "Parent Relationship": "Inner",
                      "Parallel Aware": false,
                      "Scan Direction": "Forward",
                      "Index Name": "movie_id_movie_keyword",
                      "Relation Name": "movie_keyword",
                      "Alias": "mk",
                      "Startup Cost": 0.43,
                      "Total Cost": 1.42,
                      "Plan Rows": 15,
                      "Plan Width": 4,
                      "Actual Startup Time": 0.012,
                      "Actual Total Time": 0.013,
                      "Actual Rows": 1,
                      "Actual Loops": 1809,
                      "Index Cond": "(movie_id = t.id)",
                      "Rows Removed by Index Recheck": 0,
                      "Filter": "(keyword_id > 11267)",
                      "Rows Removed by Filter": 3
                    }
                  ]
                }
              ]
            }
          ]
        }
      ]
    },
    "Planning Time": 1.463,
    "Triggers": [],
    "Execution Time": 39.151
  }
]