[
    {
        "Bao": {
            "Bao prediction": "NaN",
            "Bao recommended hint": "(no hint)"
        }
    },
    {
        "Plan": {
            "Node Type": "Aggregate",
            "Strategy": "Plain",
            "Partial Mode": "Finalize",
            "Parallel Aware": false,
            "Startup Cost": 46361.89,
            "Total Cost": 46361.9,
            "Plan Rows": 1,
            "Plan Width": 8,
            "Actual Startup Time": 161.018,
            "Actual Total Time": 167.111,
            "Actual Rows": 1,
            "Actual Loops": 1,
            "Output": [
                "count(*)"
            ],
            "Plans": [
                {
                    "Node Type": "Gather",
                    "Parent Relationship": "Outer",
                    "Parallel Aware": false,
                    "Startup Cost": 46361.57,
                    "Total Cost": 46361.88,
                    "Plan Rows": 3,
                    "Plan Width": 8,
                    "Actual Startup Time": 160.934,
                    "Actual Total Time": 167.105,
                    "Actual Rows": 4,
                    "Actual Loops": 1,
                    "Output": [
                        "(PARTIAL count(*))"
                    ],
                    "Workers Planned": 3,
                    "Workers Launched": 3,
                    "Single Copy": false,
                    "Plans": [
                        {
                            "Node Type": "Aggregate",
                            "Strategy": "Plain",
                            "Partial Mode": "Partial",
                            "Parent Relationship": "Outer",
                            "Parallel Aware": false,
                            "Startup Cost": 45361.57,
                            "Total Cost": 45361.58,
                            "Plan Rows": 1,
                            "Plan Width": 8,
                            "Actual Startup Time": 152.843,
                            "Actual Total Time": 152.845,
                            "Actual Rows": 1,
                            "Actual Loops": 4,
                            "Output": [
                                "PARTIAL count(*)"
                            ],
                            "Workers": [
                                {
                                    "Worker Number": 0,
                                    "Actual Startup Time": 149.791,
                                    "Actual Total Time": 149.792,
                                    "Actual Rows": 1,
                                    "Actual Loops": 1
                                },
                                {
                                    "Worker Number": 1,
                                    "Actual Startup Time": 150.415,
                                    "Actual Total Time": 150.416,
                                    "Actual Rows": 1,
                                    "Actual Loops": 1
                                },
                                {
                                    "Worker Number": 2,
                                    "Actual Startup Time": 150.473,
                                    "Actual Total Time": 150.474,
                                    "Actual Rows": 1,
                                    "Actual Loops": 1
                                }
                            ],
                            "Plans": [
                                {
                                    "Node Type": "Seq Scan",
                                    "Parent Relationship": "Outer",
                                    "Parallel Aware": true,
                                    "Relation Name": "movie_keyword",
                                    "Schema": "public",
                                    "Alias": "mk",
                                    "Startup Cost": 0.0,
                                    "Total Cost": 42695.65,
                                    "Plan Rows": 1066367,
                                    "Plan Width": 0,
                                    "Actual Startup Time": 0.051,
                                    "Actual Total Time": 114.484,
                                    "Actual Rows": 832543,
                                    "Actual Loops": 4,
                                    "Output": [
                                        "id",
                                        "movie_id",
                                        "keyword_id"
                                    ],
                                    "Filter": "(mk.keyword_id < 15489)",
                                    "Rows Removed by Filter": 298439,
                                    "Workers": [
                                        {
                                            "Worker Number": 0,
                                            "Actual Startup Time": 0.071,
                                            "Actual Total Time": 112.843,
                                            "Actual Rows": 784473,
                                            "Actual Loops": 1
                                        },
                                        {
                                            "Worker Number": 1,
                                            "Actual Startup Time": 0.061,
                                            "Actual Total Time": 113.454,
                                            "Actual Rows": 685055,
                                            "Actual Loops": 1
                                        },
                                        {
                                            "Worker Number": 2,
                                            "Actual Startup Time": 0.059,
                                            "Actual Total Time": 113.529,
                                            "Actual Rows": 761474,
                                            "Actual Loops": 1
                                        }
                                    ]
                                }
                            ]
                        }
                    ]
                }
            ]
        },
        "Planning Time": 212.943,
        "Triggers": [],
        "Execution Time": 167.154
    }
]