{
  "Plan": {
    "Node Type": "Aggregate",
    "Strategy": "Plain",
    "Partial Mode": "Finalize",
    "Parallel Aware": false,
    "Startup Cost": 38918.71,
    "Total Cost": 38918.72,
    "Plan Rows": 1,
    "Plan Width": 64,
    "Actual Startup Time": 247.729,
    "Actual Total Time": 281.987,
    "Actual Rows": 1,
    "Actual Loops": 1,
    "Plans": [
      {
        "Node Type": "Gather",
        "Parent Relationship": "Outer",
        "Parallel Aware": false,
        "Startup Cost": 38918.39,
        "Total Cost": 38918.7,
        "Plan Rows": 3,
        "Plan Width": 64,
        "Actual Startup Time": 247.6,
        "Actual Total Time": 281.975,
        "Actual Rows": 4,
        "Actual Loops": 1,
        "Workers Planned": 3,
        "Workers Launched": 3,
        "Single Copy": false,
        "Plans": [
          {
            "Node Type": "Aggregate",
            "Strategy": "Plain",
            "Partial Mode": "Partial",
            "Parent Relationship": "Outer",
            "Parallel Aware": false,
            "Startup Cost": 37918.39,
            "Total Cost": 37918.4,
            "Plan Rows": 1,
            "Plan Width": 64,
            "Actual Startup Time": 237.044,
            "Actual Total Time": 237.052,
            "Actual Rows": 1,
            "Actual Loops": 4,
            "Plans": [
              {
                "Node Type": "Hash Join",
                "Parent Relationship": "Outer",
                "Parallel Aware": false,
                "Join Type": "Inner",
                "Startup Cost": 4735.92,
                "Total Cost": 37917.97,
                "Plan Rows": 83,
                "Plan Width": 33,
                "Actual Startup Time": 237.039,
                "Actual Total Time": 237.047,
                "Actual Rows": 0,
                "Actual Loops": 4,
                "Inner Unique": true,
                "Hash Cond": "(mc.company_type_id = ct.id)",
                "Plans": [
                  {
                    "Node Type": "Nested Loop",
                    "Parent Relationship": "Outer",
                    "Parallel Aware": false,
                    "Join Type": "Inner",
                    "Startup Cost": 4734.83,
                    "Total Cost": 37916.43,
                    "Plan Rows": 83,
                    "Plan Width": 37,
                    "Actual Startup Time": 236.658,
                    "Actual Total Time": 236.664,
                    "Actual Rows": 0,
                    "Actual Loops": 4,
                    "Inner Unique": true,
                    "Plans": [
                      {
                        "Node Type": "Hash Join",
                        "Parent Relationship": "Outer",
                        "Parallel Aware": false,
                        "Join Type": "Inner",
                        "Startup Cost": 4734.4,
                        "Total Cost": 37867.55,
                        "Plan Rows": 83,
                        "Plan Width": 25,
                        "Actual Startup Time": 236.657,
                        "Actual Total Time": 236.662,
                        "Actual Rows": 0,
                        "Actual Loops": 4,
                        "Inner Unique": true,
                        "Hash Cond": "(ci.role_id = rt.id)",
                        "Plans": [
                          {
                            "Node Type": "Nested Loop",
                            "Parent Relationship": "Outer",
                            "Parallel Aware": false,
                            "Join Type": "Inner",
                            "Startup Cost": 4733.24,
                            "Total Cost": 37862.87,
                            "Plan Rows": 990,
                            "Plan Width": 29,
                            "Actual Startup Time": 23.379,
                            "Actual Total Time": 236.375,
                            "Actual Rows": 654,
                            "Actual Loops": 4,
                            "Inner Unique": false,
                            "Join Filter": "(t.id = ci.movie_id)",
                            "Rows Removed by Join Filter": 0,
                            "Plans": [
                              {
                                "Node Type": "Nested Loop",
                                "Parent Relationship": "Outer",
                                "Parallel Aware": false,
                                "Join Type": "Inner",
                                "Startup Cost": 4732.67,
                                "Total Cost": 36506.99,
                                "Plan Rows": 712,
                                "Plan Width": 29,
                                "Actual Startup Time": 21.903,
                                "Actual Total Time": 170.167,
                                "Actual Rows": 315,
                                "Actual Loops": 4,
                                "Inner Unique": true,
                                "Plans": [
                                  {
                                    "Node Type": "Hash Join",
                                    "Parent Relationship": "Outer",
                                    "Parallel Aware": true,
                                    "Join Type": "Inner",
                                    "Startup Cost": 4732.24,
                                    "Total Cost": 34148.18,
                                    "Plan Rows": 4545,
                                    "Plan Width": 8,
                                    "Actual Startup Time": 20.142,
                                    "Actual Total Time": 145.217,
                                    "Actual Rows": 2198,
                                    "Actual Loops": 4,
                                    "Inner Unique": true,
                                    "Hash Cond": "(mc.company_id = cn.id)",
                                    "Plans": [
                                      {
                                        "Node Type": "Seq Scan",
                                        "Parent Relationship": "Outer",
                                        "Parallel Aware": true,
                                        "Relation Name": "movie_companies",
                                        "Alias": "mc",
                                        "Startup Cost": 0.0,
                                        "Total Cost": 27206.55,
                                        "Plan Rows": 841655,
                                        "Plan Width": 12,
                                        "Actual Startup Time": 0.014,
                                        "Actual Total Time": 68.426,
                                        "Actual Rows": 652282,
                                        "Actual Loops": 4
                                      },
                                      {
                                        "Node Type": "Hash",
                                        "Parent Relationship": "Inner",
                                        "Parallel Aware": true,
                                        "Startup Cost": 4722.92,
                                        "Total Cost": 4722.92,
                                        "Plan Rows": 746,
                                        "Plan Width": 4,
                                        "Actual Startup Time": 19.13,
                                        "Actual Total Time": 19.13,
                                        "Actual Rows": 340,
                                        "Actual Loops": 4,
                                        "Hash Buckets": 2048,
                                        "Original Hash Buckets": 2048,
                                        "Hash Batches": 1,
                                        "Original Hash Batches": 1,
                                        "Peak Memory Usage": 144,
                                        "Plans": [
                                          {
                                            "Node Type": "Seq Scan",
                                            "Parent Relationship": "Outer",
                                            "Parallel Aware": true,
                                            "Relation Name": "company_name",
                                            "Alias": "cn",
                                            "Startup Cost": 0.0,
                                            "Total Cost": 4722.92,
                                            "Plan Rows": 746,
                                            "Plan Width": 4,
                                            "Actual Startup Time": 0.119,
                                            "Actual Total Time": 18.668,
                                            "Actual Rows": 340,
                                            "Actual Loops": 4,
                                            "Filter": "((country_code)::text = '[ru]'::text)",
                                            "Rows Removed by Filter": 58409
                                          }
                                        ]
                                      }
                                    ]
                                  },
                                  {
                                    "Node Type": "Index Scan",
                                    "Parent Relationship": "Inner",
                                    "Parallel Aware": false,
                                    "Scan Direction": "Forward",
                                    "Index Name": "title_pkey",
                                    "Relation Name": "title",
                                    "Alias": "t",
                                    "Startup Cost": 0.43,
                                    "Total Cost": 0.52,
                                    "Plan Rows": 1,
                                    "Plan Width": 21,
                                    "Actual Startup Time": 0.011,
                                    "Actual Total Time": 0.011,
                                    "Actual Rows": 0,
                                    "Actual Loops": 8790,
                                    "Index Cond": "(id = mc.movie_id)",
                                    "Rows Removed by Index Recheck": 0,
                                    "Filter": "(production_year > 2010)",
                                    "Rows Removed by Filter": 1
                                  }
                                ]
                              },
                              {
                                "Node Type": "Index Scan",
                                "Parent Relationship": "Inner",
                                "Parallel Aware": false,
                                "Scan Direction": "Forward",
                                "Index Name": "movie_id_cast_info",
                                "Relation Name": "cast_info",
                                "Alias": "ci",
                                "Startup Cost": 0.56,
                                "Total Cost": 1.89,
                                "Plan Rows": 1,
                                "Plan Width": 12,
                                "Actual Startup Time": 0.122,
                                "Actual Total Time": 0.209,
                                "Actual Rows": 2,
                                "Actual Loops": 1259,
                                "Index Cond": "(movie_id = mc.movie_id)",
                                "Rows Removed by Index Recheck": 0,
                                "Filter": "(note ~~ '%(producer)%'::text)",
                                "Rows Removed by Filter": 44
                              }
                            ]
                          },
                          {
                            "Node Type": "Hash",
                            "Parent Relationship": "Inner",
                            "Parallel Aware": false,
                            "Startup Cost": 1.15,
                            "Total Cost": 1.15,
                            "Plan Rows": 1,
                            "Plan Width": 4,
                            "Actual Startup Time": 0.081,
                            "Actual Total Time": 0.082,
                            "Actual Rows": 1,
                            "Actual Loops": 4,
                            "Hash Buckets": 1024,
                            "Original Hash Buckets": 1024,
                            "Hash Batches": 1,
                            "Original Hash Batches": 1,
                            "Peak Memory Usage": 9,
                            "Plans": [
                              {
                                "Node Type": "Seq Scan",
                                "Parent Relationship": "Outer",
                                "Parallel Aware": false,
                                "Relation Name": "role_type",
                                "Alias": "rt",
                                "Startup Cost": 0.0,
                                "Total Cost": 1.15,
                                "Plan Rows": 1,
                                "Plan Width": 4,
                                "Actual Startup Time": 0.061,
                                "Actual Total Time": 0.066,
                                "Actual Rows": 1,
                                "Actual Loops": 4,
                                "Filter": "((role)::text = 'actor'::text)",
                                "Rows Removed by Filter": 11
                              }
                            ]
                          }
                        ]
                      },
                      {
                        "Node Type": "Index Scan",
                        "Parent Relationship": "Inner",
                        "Parallel Aware": false,
                        "Scan Direction": "Forward",
                        "Index Name": "char_name_pkey",
                        "Relation Name": "char_name",
                        "Alias": "chn",
                        "Startup Cost": 0.43,
                        "Total Cost": 0.59,
                        "Plan Rows": 1,
                        "Plan Width": 20,
                        "Actual Startup Time": 0.0,
                        "Actual Total Time": 0.0,
                        "Actual Rows": 0,
                        "Actual Loops": 0,
                        "Index Cond": "(id = ci.person_role_id)",
                        "Rows Removed by Index Recheck": 0
                      }
                    ]
                  },
                  {
                    "Node Type": "Hash",
                    "Parent Relationship": "Inner",
                    "Parallel Aware": false,
                    "Startup Cost": 1.04,
                    "Total Cost": 1.04,
                    "Plan Rows": 4,
                    "Plan Width": 4,
                    "Actual Startup Time": 0.087,
                    "Actual Total Time": 0.089,
                    "Actual Rows": 4,
                    "Actual Loops": 4,
                    "Hash Buckets": 1024,
                    "Original Hash Buckets": 1024,
                    "Hash Batches": 1,
                    "Original Hash Batches": 1,
                    "Peak Memory Usage": 9,
                    "Plans": [
                      {
                        "Node Type": "Seq Scan",
                        "Parent Relationship": "Outer",
                        "Parallel Aware": false,
                        "Relation Name": "company_type",
                        "Alias": "ct",
                        "Startup Cost": 0.0,
                        "Total Cost": 1.04,
                        "Plan Rows": 4,
                        "Plan Width": 4,
                        "Actual Startup Time": 0.061,
                        "Actual Total Time": 0.065,
                        "Actual Rows": 4,
                        "Actual Loops": 4
                      }
                    ]
                  }
                ]
              }
            ]
          }
        ]
      }
    ]
  },
  "Planning Time": 13.191,
  "Triggers": [],
  "Execution Time": 282.558
}