[
  {
    "Plan": {
      "Node Type": "Aggregate",
      "Strategy": "Plain",
      "Partial Mode": "Finalize",
      "Parallel Aware": false,
      "Startup Cost": 328981.19,
      "Total Cost": 328981.2,
      "Plan Rows": 1,
      "Plan Width": 8,
      "Actual Startup Time": 2777.246,
      "Actual Total Time": 2830.261,
      "Actual Rows": 1,
      "Actual Loops": 1,
      "Plans": [
        {
          "Node Type": "Gather",
          "Parent Relationship": "Outer",
          "Parallel Aware": false,
          "Startup Cost": 328980.67,
          "Total Cost": 328981.18,
          "Plan Rows": 5,
          "Plan Width": 8,
          "Actual Startup Time": 2737.889,
          "Actual Total Time": 2830.251,
          "Actual Rows": 6,
          "Actual Loops": 1,
          "Workers Planned": 5,
          "Workers Launched": 5,
          "Single Copy": false,
          "Plans": [
            {
              "Node Type": "Aggregate",
              "Strategy": "Plain",
              "Partial Mode": "Partial",
              "Parent Relationship": "Outer",
              "Parallel Aware": false,
              "Startup Cost": 327980.67,
              "Total Cost": 327980.68,
              "Plan Rows": 1,
              "Plan Width": 8,
              "Actual Startup Time": 2719.513,
              "Actual Total Time": 2719.521,
              "Actual Rows": 1,
              "Actual Loops": 6,
              "Plans": [
                {
                  "Node Type": "Hash Join",
                  "Parent Relationship": "Outer",
                  "Parallel Aware": true,
                  "Join Type": "Inner",
                  "Startup Cost": 108109.26,
                  "Total Cost": 322062.3,
                  "Plan Rows": 2367346,
                  "Plan Width": 0,
                  "Actual Startup Time": 631.727,
                  "Actual Total Time": 2188.269,
                  "Actual Rows": 13483162,
                  "Actual Loops": 6,
                  "Inner Unique": false,
                  "Hash Cond": "(mi.movie_id = t.id)",
                  "Plans": [
                    {
                      "Node Type": "Seq Scan",
                      "Parent Relationship": "Outer",
                      "Parallel Aware": true,
                      "Relation Name": "movie_info",
                      "Alias": "mi",
                      "Startup Cost": 0.0,
                      "Total Cost": 199108.24,
                      "Plan Rows": 1922185,
                      "Plan Width": 4,
                      "Actual Startup Time": 0.036,
                      "Actual Total Time": 330.837,
                      "Actual Rows": 1594192,
                      "Actual Loops": 6,
                      "Filter": "(info_type_id < 16)",
                      "Rows Removed by Filter": 878428
                    },
                    {
                      "Node Type": "Hash",
                      "Parent Relationship": "Inner",
                      "Parallel Aware": true,
                      "Startup Cost": 95552.88,
                      "Total Cost": 95552.88,
                      "Plan Rows": 1004511,
                      "Plan Width": 8,
                      "Actual Startup Time": 625.193,
                      "Actual Total Time": 625.199,
                      "Actual Rows": 518824,
                      "Actual Loops": 6,
                      "Hash Buckets": 4194304,
                      "Original Hash Buckets": 4194304,
                      "Hash Batches": 1,
                      "Original Hash Batches": 1,
                      "Peak Memory Usage": 154624,
                      "Plans": [
                        {
                          "Node Type": "Hash Join",
                          "Parent Relationship": "Outer",
                          "Parallel Aware": true,
                          "Join Type": "Inner",
                          "Startup Cost": 50220.38,
                          "Total Cost": 95552.88,
                          "Plan Rows": 1004511,
                          "Plan Width": 8,
                          "Actual Startup Time": 287.312,
                          "Actual Total Time": 476.024,
                          "Actual Rows": 518824,
                          "Actual Loops": 6,
                          "Inner Unique": true,
                          "Hash Cond": "(mk.movie_id = t.id)",
                          "Plans": [
                            {
                              "Node Type": "Seq Scan",
                              "Parent Relationship": "Outer",
                              "Parallel Aware": true,
                              "Relation Name": "movie_keyword",
                              "Alias": "mk",
                              "Startup Cost": 0.0,
                              "Total Cost": 42695.65,
                              "Plan Rows": 1004511,
                              "Plan Width": 4,
                              "Actual Startup Time": 0.116,
                              "Actual Total Time": 84.778,
                              "Actual Rows": 518824,
                              "Actual Loops": 6,
                              "Filter": "(keyword_id > 1932)",
                              "Rows Removed by Filter": 235165
                            },
                            {
                              "Node Type": "Hash",
                              "Parent Relationship": "Inner",
                              "Parallel Aware": true,
                              "Startup Cost": 42319.06,
                              "Total Cost": 42319.06,
                              "Plan Rows": 632106,
                              "Plan Width": 4,
                              "Actual Startup Time": 282.224,
                              "Actual Total Time": 282.226,
                              "Actual Rows": 421385,
                              "Actual Loops": 6,
                              "Hash Buckets": 4194304,
                              "Original Hash Buckets": 4194304,
                              "Hash Batches": 1,
                              "Original Hash Batches": 1,
                              "Peak Memory Usage": 131808,
                              "Plans": [
                                {
                                  "Node Type": "Seq Scan",
                                  "Parent Relationship": "Outer",
                                  "Parallel Aware": true,
                                  "Relation Name": "title",
                                  "Alias": "t",
                                  "Startup Cost": 0.0,
                                  "Total Cost": 42319.06,
                                  "Plan Rows": 632106,
                                  "Plan Width": 4,
                                  "Actual Startup Time": 0.075,
                                  "Actual Total Time": 78.258,
                                  "Actual Rows": 421385,
                                  "Actual Loops": 6
                                }
                              ]
                            }
                          ]
                        }
                      ]
                    }
                  ]
                }
              ]
            }
          ]
        }
      ]
    },
    "Planning Time": 0.692,
    "Triggers": [],
    "Execution Time": 2830.307
  }
]