[
  {
    "Plan": {
      "Node Type": "Aggregate",
      "Strategy": "Plain",
      "Partial Mode": "Finalize",
      "Parallel Aware": false,
      "Startup Cost": 31426.3,
      "Total Cost": 31426.31,
      "Plan Rows": 1,
      "Plan Width": 8,
      "Actual Startup Time": 92.307,
      "Actual Total Time": 100.509,
      "Actual Rows": 1,
      "Actual Loops": 1,
      "Plans": [
        {
          "Node Type": "Gather",
          "Parent Relationship": "Outer",
          "Parallel Aware": false,
          "Startup Cost": 31425.98,
          "Total Cost": 31426.29,
          "Plan Rows": 3,
          "Plan Width": 8,
          "Actual Startup Time": 92.189,
          "Actual Total Time": 100.5,
          "Actual Rows": 4,
          "Actual Loops": 1,
          "Workers Planned": 3,
          "Workers Launched": 3,
          "Single Copy": false,
          "Plans": [
            {
              "Node Type": "Aggregate",
              "Strategy": "Plain",
              "Partial Mode": "Partial",
              "Parent Relationship": "Outer",
              "Parallel Aware": false,
              "Startup Cost": 30425.98,
              "Total Cost": 30425.99,
              "Plan Rows": 1,
              "Plan Width": 8,
              "Actual Startup Time": 88.821,
              "Actual Total Time": 88.822,
              "Actual Rows": 1,
              "Actual Loops": 4,
              "Plans": [
                {
                  "Node Type": "Seq Scan",
                  "Parent Relationship": "Outer",
                  "Parallel Aware": true,
                  "Relation Name": "movie_companies",
                  "Alias": "mc",
                  "Startup Cost": 0.0,
                  "Total Cost": 29310.68,
                  "Plan Rows": 446121,
                  "Plan Width": 0,
                  "Actual Startup Time": 0.017,
                  "Actual Total Time": 72.879,
                  "Actual Rows": 348113,
                  "Actual Loops": 4,
                  "Filter": "(company_id < 12093)",
                  "Rows Removed by Filter": 304169
                }
              ]
            }
          ]
        }
      ]
    },
    "Planning Time": 0.111,
    "Triggers": [],
    "Execution Time": 100.542
  }
]