[
  {
    "Plan": {
      "Node Type": "Aggregate",
      "Strategy": "Plain",
      "Partial Mode": "Simple",
      "Parallel Aware": false,
      "Startup Cost": 21387.79,
      "Total Cost": 21387.8,
      "Plan Rows": 1,
      "Plan Width": 8,
      "Actual Startup Time": 37.375,
      "Actual Total Time": 37.376,
      "Actual Rows": 1,
      "Actual Loops": 1,
      "Plans": [
        {
          "Node Type": "Bitmap Heap Scan",
          "Parent Relationship": "Outer",
          "Parallel Aware": false,
          "Relation Name": "movie_companies",
          "Alias": "mc",
          "Startup Cost": 1536.67,
          "Total Cost": 21210.94,
          "Plan Rows": 70741,
          "Plan Width": 0,
          "Actual Startup Time": 9.362,
          "Actual Total Time": 31.06,
          "Actual Rows": 70083,
          "Actual Loops": 1,
          "Recheck Cond": "(company_id > 176716)",
          "Rows Removed by Index Recheck": 0,
          "Exact Heap Blocks": 2411,
          "Lossy Heap Blocks": 0,
          "Plans": [
            {
              "Node Type": "Bitmap Index Scan",
              "Parent Relationship": "Outer",
              "Parallel Aware": false,
              "Index Name": "company_id_movie_companies",
              "Startup Cost": 0.0,
              "Total Cost": 1518.99,
              "Plan Rows": 70741,
              "Plan Width": 0,
              "Actual Startup Time": 8.379,
              "Actual Total Time": 8.38,
              "Actual Rows": 70083,
              "Actual Loops": 1,
              "Index Cond": "(company_id > 176716)"
            }
          ]
        }
      ]
    },
    "Planning Time": 0.157,
    "Triggers": [],
    "Execution Time": 37.429
  }
]