{
  "Plan": {
    "Node Type": "Aggregate",
    "Strategy": "Plain",
    "Partial Mode": "Finalize",
    "Parallel Aware": false,
    "Startup Cost": 328846.68,
    "Total Cost": 328846.69,
    "Plan Rows": 1,
    "Plan Width": 8,
    "Actual Startup Time": 1221.215,
    "Actual Total Time": 1247.112,
    "Actual Rows": 1,
    "Actual Loops": 1,
    "Plans": [
      {
        "Node Type": "Gather",
        "Parent Relationship": "Outer",
        "Parallel Aware": false,
        "Startup Cost": 328846.56,
        "Total Cost": 328846.67,
        "Plan Rows": 1,
        "Plan Width": 8,
        "Actual Startup Time": 1221.071,
        "Actual Total Time": 1247.105,
        "Actual Rows": 2,
        "Actual Loops": 1,
        "Workers Planned": 1,
        "Workers Launched": 1,
        "Single Copy": false,
        "Plans": [
          {
            "Node Type": "Aggregate",
            "Strategy": "Plain",
            "Partial Mode": "Partial",
            "Parent Relationship": "Outer",
            "Parallel Aware": false,
            "Startup Cost": 327846.56,
            "Total Cost": 327846.57,
            "Plan Rows": 1,
            "Plan Width": 8,
            "Actual Startup Time": 1214.506,
            "Actual Total Time": 1214.51,
            "Actual Rows": 1,
            "Actual Loops": 2,
            "Plans": [
              {
                "Node Type": "Hash Join",
                "Parent Relationship": "Outer",
                "Parallel Aware": true,
                "Join Type": "Inner",
                "Startup Cost": 45410.33,
                "Total Cost": 327810.41,
                "Plan Rows": 14461,
                "Plan Width": 0,
                "Actual Startup Time": 45.135,
                "Actual Total Time": 1210.039,
                "Actual Rows": 67158,
                "Actual Loops": 2,
                "Inner Unique": false,
                "Hash Cond": "(ci.movie_id = t.id)",
                "Plans": [
                  {
                    "Node Type": "Index Scan",
                    "Parent Relationship": "Outer",
                    "Parallel Aware": true,
                    "Scan Direction": "Forward",
                    "Index Name": "role_id_cast_info",
                    "Relation Name": "cast_info",
                    "Alias": "ci",
                    "Startup Cost": 0.56,
                    "Total Cost": 263373.12,
                    "Plan Rows": 5051321,
                    "Plan Width": 4,
                    "Actual Startup Time": 0.045,
                    "Actual Total Time": 680.376,
                    "Actual Rows": 4243157,
                    "Actual Loops": 2,
                    "Index Cond": "(role_id > 5)",
                    "Rows Removed by Index Recheck": 0
                  },
                  {
                    "Node Type": "Hash",
                    "Parent Relationship": "Inner",
                    "Parallel Aware": true,
                    "Startup Cost": 45356.54,
                    "Total Cost": 45356.54,
                    "Plan Rows": 4258,
                    "Plan Width": 8,
                    "Actual Startup Time": 43.983,
                    "Actual Total Time": 43.986,
                    "Actual Rows": 3748,
                    "Actual Loops": 2,
                    "Hash Buckets": 8192,
                    "Original Hash Buckets": 8192,
                    "Hash Batches": 1,
                    "Original Hash Batches": 1,
                    "Peak Memory Usage": 384,
                    "Plans": [
                      {
                        "Node Type": "Nested Loop",
                        "Parent Relationship": "Outer",
                        "Parallel Aware": false,
                        "Join Type": "Inner",
                        "Startup Cost": 156.96,
                        "Total Cost": 45356.54,
                        "Plan Rows": 4258,
                        "Plan Width": 8,
                        "Actual Startup Time": 2.865,
                        "Actual Total Time": 42.066,
                        "Actual Rows": 3748,
                        "Actual Loops": 2,
                        "Inner Unique": true,
                        "Plans": [
                          {
                            "Node Type": "Bitmap Heap Scan",
                            "Parent Relationship": "Outer",
                            "Parallel Aware": true,
                            "Relation Name": "movie_keyword",
                            "Alias": "mk",
                            "Startup Cost": 156.53,
                            "Total Cost": 15825.27,
                            "Plan Rows": 4258,
                            "Plan Width": 4,
                            "Actual Startup Time": 2.717,
                            "Actual Total Time": 11.954,
                            "Actual Rows": 3748,
                            "Actual Loops": 2,
                            "Recheck Cond": "(keyword_id = 889)",
                            "Rows Removed by Index Recheck": 0,
                            "Exact Heap Blocks": 3597,
                            "Lossy Heap Blocks": 0,
                            "Plans": [
                              {
                                "Node Type": "Bitmap Index Scan",
                                "Parent Relationship": "Outer",
                                "Parallel Aware": false,
                                "Index Name": "keyword_id_movie_keyword",
                                "Startup Cost": 0.0,
                                "Total Cost": 154.72,
                                "Plan Rows": 7238,
                                "Plan Width": 0,
                                "Actual Startup Time": 2.967,
                                "Actual Total Time": 2.967,
                                "Actual Rows": 7495,
                                "Actual Loops": 1,
                                "Index Cond": "(keyword_id = 889)"
                              }
                            ]
                          },
                          {
                            "Node Type": "Index Only Scan",
                            "Parent Relationship": "Inner",
                            "Parallel Aware": false,
                            "Scan Direction": "Forward",
                            "Index Name": "title_pkey",
                            "Relation Name": "title",
                            "Alias": "t",
                            "Startup Cost": 0.43,
                            "Total Cost": 6.94,
                            "Plan Rows": 1,
                            "Plan Width": 4,
                            "Actual Startup Time": 0.007,
                            "Actual Total Time": 0.007,
                            "Actual Rows": 1,
                            "Actual Loops": 7495,
                            "Index Cond": "(id = mk.movie_id)",
                            "Rows Removed by Index Recheck": 0,
                            "Heap Fetches": 7495
                          }
                        ]
                      }
                    ]
                  }
                ]
              }
            ]
          }
        ]
      }
    ]
  },
  "Planning Time": 0.959,
  "Triggers": [],
  "Execution Time": 1247.229
}