[
  {
    "Plan": {
      "Node Type": "Aggregate",
      "Strategy": "Plain",
      "Partial Mode": "Finalize",
      "Parallel Aware": false,
      "Startup Cost": 33156.56,
      "Total Cost": 33156.57,
      "Plan Rows": 1,
      "Plan Width": 8,
      "Actual Startup Time": 82.44,
      "Actual Total Time": 90.07,
      "Actual Rows": 1,
      "Actual Loops": 1,
      "Plans": [
        {
          "Node Type": "Gather",
          "Parent Relationship": "Outer",
          "Parallel Aware": false,
          "Startup Cost": 33156.25,
          "Total Cost": 33156.56,
          "Plan Rows": 3,
          "Plan Width": 8,
          "Actual Startup Time": 82.354,
          "Actual Total Time": 90.064,
          "Actual Rows": 4,
          "Actual Loops": 1,
          "Workers Planned": 3,
          "Workers Launched": 3,
          "Single Copy": false,
          "Plans": [
            {
              "Node Type": "Aggregate",
              "Strategy": "Plain",
              "Partial Mode": "Partial",
              "Parent Relationship": "Outer",
              "Parallel Aware": false,
              "Startup Cost": 32156.25,
              "Total Cost": 32156.26,
              "Plan Rows": 1,
              "Plan Width": 8,
              "Actual Startup Time": 79.253,
              "Actual Total Time": 79.254,
              "Actual Rows": 1,
              "Actual Loops": 4,
              "Plans": [
                {
                  "Node Type": "Seq Scan",
                  "Parent Relationship": "Outer",
                  "Parallel Aware": true,
                  "Relation Name": "movie_companies",
                  "Alias": "mc",
                  "Startup Cost": 0.0,
                  "Total Cost": 31414.82,
                  "Plan Rows": 296571,
                  "Plan Width": 0,
                  "Actual Startup Time": 33.513,
                  "Actual Total Time": 68.321,
                  "Actual Rows": 275165,
                  "Actual Loops": 4,
                  "Filter": "((company_id > 1868) AND (company_type_id > 1))",
                  "Rows Removed by Filter": 377118
                }
              ]
            }
          ]
        }
      ]
    },
    "Planning Time": 0.088,
    "Triggers": [],
    "Execution Time": 90.098
  }
]