[
  {
    "Plan": {
      "Node Type": "Aggregate",
      "Strategy": "Plain",
      "Partial Mode": "Finalize",
      "Parallel Aware": false,
      "Startup Cost": 77438.39,
      "Total Cost": 77438.4,
      "Plan Rows": 1,
      "Plan Width": 8,
      "Actual Startup Time": 191.906,
      "Actual Total Time": 202.709,
      "Actual Rows": 1,
      "Actual Loops": 1,
      "Plans": [
        {
          "Node Type": "Gather",
          "Parent Relationship": "Outer",
          "Parallel Aware": false,
          "Startup Cost": 77438.07,
          "Total Cost": 77438.38,
          "Plan Rows": 3,
          "Plan Width": 8,
          "Actual Startup Time": 191.09,
          "Actual Total Time": 202.703,
          "Actual Rows": 4,
          "Actual Loops": 1,
          "Workers Planned": 3,
          "Workers Launched": 3,
          "Single Copy": false,
          "Plans": [
            {
              "Node Type": "Aggregate",
              "Strategy": "Plain",
              "Partial Mode": "Partial",
              "Parent Relationship": "Outer",
              "Parallel Aware": false,
              "Startup Cost": 76438.07,
              "Total Cost": 76438.08,
              "Plan Rows": 1,
              "Plan Width": 8,
              "Actual Startup Time": 187.258,
              "Actual Total Time": 187.261,
              "Actual Rows": 1,
              "Actual Loops": 4,
              "Plans": [
                {
                  "Node Type": "Hash Join",
                  "Parent Relationship": "Outer",
                  "Parallel Aware": true,
                  "Join Type": "Inner",
                  "Startup Cost": 44625.26,
                  "Total Cost": 76406.03,
                  "Plan Rows": 12815,
                  "Plan Width": 0,
                  "Actual Startup Time": 124.931,
                  "Actual Total Time": 186.454,
                  "Actual Rows": 17332,
                  "Actual Loops": 4,
                  "Inner Unique": true,
                  "Hash Cond": "(mc.movie_id = t.id)",
                  "Plans": [
                    {
                      "Node Type": "Seq Scan",
                      "Parent Relationship": "Outer",
                      "Parallel Aware": true,
                      "Relation Name": "movie_companies",
                      "Alias": "mc",
                      "Startup Cost": 0.0,
                      "Total Cost": 31414.82,
                      "Plan Rows": 139412,
                      "Plan Width": 4,
                      "Actual Startup Time": 26.938,
                      "Actual Total Time": 59.226,
                      "Actual Rows": 188828,
                      "Actual Loops": 4,
                      "Filter": "((company_id > 25166) AND (company_type_id > 1))",
                      "Rows Removed by Filter": 463455
                    },
                    {
                      "Node Type": "Hash",
                      "Parent Relationship": "Inner",
                      "Parallel Aware": true,
                      "Startup Cost": 43899.01,
                      "Total Cost": 43899.01,
                      "Plan Rows": 58100,
                      "Plan Width": 4,
                      "Actual Startup Time": 96.395,
                      "Actual Total Time": 96.396,
                      "Actual Rows": 57912,
                      "Actual Loops": 4,
                      "Hash Buckets": 262144,
                      "Original Hash Buckets": 262144,
                      "Hash Batches": 1,
                      "Original Hash Batches": 1,
                      "Peak Memory Usage": 11168,
                      "Plans": [
                        {
                          "Node Type": "Seq Scan",
                          "Parent Relationship": "Outer",
                          "Parallel Aware": true,
                          "Relation Name": "title",
                          "Alias": "t",
                          "Startup Cost": 0.0,
                          "Total Cost": 43899.01,
                          "Plan Rows": 58100,
                          "Plan Width": 4,
                          "Actual Startup Time": 0.018,
                          "Actual Total Time": 78.45,
                          "Actual Rows": 57912,
                          "Actual Loops": 4,
                          "Filter": "(production_year > 2011)",
                          "Rows Removed by Filter": 574166
                        }
                      ]
                    }
                  ]
                }
              ]
            }
          ]
        }
      ]
    },
    "Planning Time": 0.408,
    "Triggers": [],
    "Execution Time": 202.754
  }
]