[
  {
    "Plan": {
      "Node Type": "Aggregate",
      "Strategy": "Plain",
      "Partial Mode": "Finalize",
      "Parallel Aware": false,
      "Startup Cost": 108295.82,
      "Total Cost": 108295.83,
      "Plan Rows": 1,
      "Plan Width": 8,
      "Actual Startup Time": 494.998,
      "Actual Total Time": 518.364,
      "Actual Rows": 1,
      "Actual Loops": 1,
      "Plans": [
        {
          "Node Type": "Gather",
          "Parent Relationship": "Outer",
          "Parallel Aware": false,
          "Startup Cost": 108295.61,
          "Total Cost": 108295.82,
          "Plan Rows": 2,
          "Plan Width": 8,
          "Actual Startup Time": 493.875,
          "Actual Total Time": 518.353,
          "Actual Rows": 3,
          "Actual Loops": 1,
          "Workers Planned": 2,
          "Workers Launched": 2,
          "Single Copy": false,
          "Plans": [
            {
              "Node Type": "Aggregate",
              "Strategy": "Plain",
              "Partial Mode": "Partial",
              "Parent Relationship": "Outer",
              "Parallel Aware": false,
              "Startup Cost": 107295.61,
              "Total Cost": 107295.62,
              "Plan Rows": 1,
              "Plan Width": 8,
              "Actual Startup Time": 485.945,
              "Actual Total Time": 486.039,
              "Actual Rows": 1,
              "Actual Loops": 3,
              "Plans": [
                {
                  "Node Type": "Hash Join",
                  "Parent Relationship": "Outer",
                  "Parallel Aware": true,
                  "Join Type": "Inner",
                  "Startup Cost": 91274.89,
                  "Total Cost": 107217.34,
                  "Plan Rows": 31308,
                  "Plan Width": 0,
                  "Actual Startup Time": 399.836,
                  "Actual Total Time": 485.298,
                  "Actual Rows": 12704,
                  "Actual Loops": 3,
                  "Inner Unique": false,
                  "Hash Cond": "(mi_idx.movie_id = t.id)",
                  "Plans": [
                    {
                      "Node Type": "Seq Scan",
                      "Parent Relationship": "Outer",
                      "Parallel Aware": true,
                      "Relation Name": "movie_info_idx",
                      "Alias": "mi_idx",
                      "Startup Cost": 0.0,
                      "Total Cost": 13685.15,
                      "Plan Rows": 575015,
                      "Plan Width": 4,
                      "Actual Startup Time": 0.013,
                      "Actual Total Time": 42.895,
                      "Actual Rows": 460012,
                      "Actual Loops": 3
                    },
                    {
                      "Node Type": "Hash",
                      "Parent Relationship": "Inner",
                      "Parallel Aware": true,
                      "Startup Cost": 90719.77,
                      "Total Cost": 90719.77,
                      "Plan Rows": 44409,
                      "Plan Width": 8,
                      "Actual Startup Time": 395.764,
                      "Actual Total Time": 395.856,
                      "Actual Rows": 7669,
                      "Actual Loops": 3,
                      "Hash Buckets": 262144,
                      "Original Hash Buckets": 262144,
                      "Hash Batches": 1,
                      "Original Hash Batches": 1,
                      "Peak Memory Usage": 2976,
                      "Plans": [
                        {
                          "Node Type": "Hash Join",
                          "Parent Relationship": "Outer",
                          "Parallel Aware": true,
                          "Join Type": "Inner",
                          "Startup Cost": 45916.64,
                          "Total Cost": 90719.77,
                          "Plan Rows": 44409,
                          "Plan Width": 8,
                          "Actual Startup Time": 150.269,
                          "Actual Total Time": 393.775,
                          "Actual Rows": 7669,
                          "Actual Loops": 3,
                          "Inner Unique": true,
                          "Hash Cond": "(mk.movie_id = t.id)",
                          "Plans": [
                            {
                              "Node Type": "Seq Scan",
                              "Parent Relationship": "Outer",
                              "Parallel Aware": true,
                              "Relation Name": "movie_keyword",
                              "Alias": "mk",
                              "Startup Cost": 0.0,
                              "Total Cost": 42695.65,
                              "Plan Rows": 802851,
                              "Plan Width": 4,
                              "Actual Startup Time": 0.32,
                              "Actual Total Time": 165.878,
                              "Actual Rows": 828289,
                              "Actual Loops": 3,
                              "Filter": "(keyword_id > 3642)",
                              "Rows Removed by Filter": 679688
                            },
                            {
                              "Node Type": "Hash",
                              "Parent Relationship": "Inner",
                              "Parallel Aware": true,
                              "Startup Cost": 45479.59,
                              "Total Cost": 45479.59,
                              "Plan Rows": 34964,
                              "Plan Width": 4,
                              "Actual Startup Time": 147.49,
                              "Actual Total Time": 147.491,
                              "Actual Rows": 50220,
                              "Actual Loops": 3,
                              "Hash Buckets": 262144,
                              "Original Hash Buckets": 262144,
                              "Hash Batches": 1,
                              "Original Hash Batches": 1,
                              "Peak Memory Usage": 7968,
                              "Plans": [
                                {
                                  "Node Type": "Seq Scan",
                                  "Parent Relationship": "Outer",
                                  "Parallel Aware": true,
                                  "Relation Name": "title",
                                  "Alias": "t",
                                  "Startup Cost": 0.0,
                                  "Total Cost": 45479.59,
                                  "Plan Rows": 34964,
                                  "Plan Width": 4,
                                  "Actual Startup Time": 0.033,
                                  "Actual Total Time": 128.194,
                                  "Actual Rows": 50220,
                                  "Actual Loops": 3,
                                  "Filter": "((production_year > 2011) AND (kind_id = 7))",
                                  "Rows Removed by Filter": 792551
                                }
                              ]
                            }
                          ]
                        }
                      ]
                    }
                  ]
                }
              ]
            }
          ]
        }
      ]
    },
    "Planning Time": 1.379,
    "Triggers": [],
    "Execution Time": 518.446
  }
]