[
    {
        "Bao": {
            "Bao prediction": "NaN",
            "Bao recommended hint": "(no hint)"
        }
    },
    {
        "Plan": {
            "Node Type": "Aggregate",
            "Strategy": "Plain",
            "Partial Mode": "Finalize",
            "Parallel Aware": false,
            "Startup Cost": 347560.05,
            "Total Cost": 347560.06,
            "Plan Rows": 1,
            "Plan Width": 8,
            "Actual Startup Time": 661.545,
            "Actual Total Time": 693.41,
            "Actual Rows": 1,
            "Actual Loops": 1,
            "Output": [
                "count(*)"
            ],
            "Plans": [
                {
                    "Node Type": "Gather",
                    "Parent Relationship": "Outer",
                    "Parallel Aware": false,
                    "Startup Cost": 347559.42,
                    "Total Cost": 347560.03,
                    "Plan Rows": 6,
                    "Plan Width": 8,
                    "Actual Startup Time": 661.434,
                    "Actual Total Time": 693.401,
                    "Actual Rows": 7,
                    "Actual Loops": 1,
                    "Output": [
                        "(PARTIAL count(*))"
                    ],
                    "Workers Planned": 6,
                    "Workers Launched": 6,
                    "Single Copy": false,
                    "Plans": [
                        {
                            "Node Type": "Aggregate",
                            "Strategy": "Plain",
                            "Partial Mode": "Partial",
                            "Parent Relationship": "Outer",
                            "Parallel Aware": false,
                            "Startup Cost": 346559.42,
                            "Total Cost": 346559.43,
                            "Plan Rows": 1,
                            "Plan Width": 8,
                            "Actual Startup Time": 651.613,
                            "Actual Total Time": 651.614,
                            "Actual Rows": 1,
                            "Actual Loops": 7,
                            "Output": [
                                "PARTIAL count(*)"
                            ],
                            "Workers": [
                                {
                                    "Worker Number": 0,
                                    "Actual Startup Time": 649.386,
                                    "Actual Total Time": 649.387,
                                    "Actual Rows": 1,
                                    "Actual Loops": 1
                                },
                                {
                                    "Worker Number": 1,
                                    "Actual Startup Time": 649.87,
                                    "Actual Total Time": 649.871,
                                    "Actual Rows": 1,
                                    "Actual Loops": 1
                                },
                                {
                                    "Worker Number": 2,
                                    "Actual Startup Time": 650.032,
                                    "Actual Total Time": 650.033,
                                    "Actual Rows": 1,
                                    "Actual Loops": 1
                                },
                                {
                                    "Worker Number": 3,
                                    "Actual Startup Time": 650.128,
                                    "Actual Total Time": 650.129,
                                    "Actual Rows": 1,
                                    "Actual Loops": 1
                                },
                                {
                                    "Worker Number": 4,
                                    "Actual Startup Time": 650.187,
                                    "Actual Total Time": 650.188,
                                    "Actual Rows": 1,
                                    "Actual Loops": 1
                                },
                                {
                                    "Worker Number": 5,
                                    "Actual Startup Time": 650.723,
                                    "Actual Total Time": 650.724,
                                    "Actual Rows": 1,
                                    "Actual Loops": 1
                                }
                            ],
                            "Plans": [
                                {
                                    "Node Type": "Seq Scan",
                                    "Parent Relationship": "Outer",
                                    "Parallel Aware": true,
                                    "Relation Name": "cast_info",
                                    "Schema": "public",
                                    "Alias": "ci",
                                    "Startup Cost": 0.0,
                                    "Total Cost": 343318.94,
                                    "Plan Rows": 1296194,
                                    "Plan Width": 0,
                                    "Actual Startup Time": 229.495,
                                    "Actual Total Time": 626.293,
                                    "Actual Rows": 478170,
                                    "Actual Loops": 7,
                                    "Output": [
                                        "id",
                                        "person_id",
                                        "movie_id",
                                        "person_role_id",
                                        "note",
                                        "nr_order",
                                        "role_id"
                                    ],
                                    "Filter": "((ci.person_id < 1186804) AND (ci.role_id > 1))",
                                    "Rows Removed by Filter": 4699594,
                                    "Workers": [
                                        {
                                            "Worker Number": 0,
                                            "Actual Startup Time": 230.817,
                                            "Actual Total Time": 624.072,
                                            "Actual Rows": 368623,
                                            "Actual Loops": 1
                                        },
                                        {
                                            "Worker Number": 1,
                                            "Actual Startup Time": 231.48,
                                            "Actual Total Time": 624.97,
                                            "Actual Rows": 364303,
                                            "Actual Loops": 1
                                        },
                                        {
                                            "Worker Number": 2,
                                            "Actual Startup Time": 226.522,
                                            "Actual Total Time": 625.384,
                                            "Actual Rows": 359717,
                                            "Actual Loops": 1
                                        },
                                        {
                                            "Worker Number": 3,
                                            "Actual Startup Time": 225.374,
                                            "Actual Total Time": 626.215,
                                            "Actual Rows": 569464,
                                            "Actual Loops": 1
                                        },
                                        {
                                            "Worker Number": 4,
                                            "Actual Startup Time": 229.068,
                                            "Actual Total Time": 624.848,
                                            "Actual Rows": 368904,
                                            "Actual Loops": 1
                                        },
                                        {
                                            "Worker Number": 5,
                                            "Actual Startup Time": 227.297,
                                            "Actual Total Time": 625.873,
                                            "Actual Rows": 590685,
                                            "Actual Loops": 1
                                        }
                                    ]
                                }
                            ]
                        }
                    ]
                }
            ]
        },
        "Planning Time": 191.2,
        "Triggers": [],
        "Execution Time": 693.497
    }
]