{
    "Plan": {
        "Node Type": "Aggregate",
        "Strategy": "Plain",
        "Partial Mode": "Simple",
        "Parallel Aware": false,
        "Startup Cost": 10000187891.97,
        "Total Cost": 10000187891.98,
        "Plan Rows": 1,
        "Plan Width": 8,
        "Actual Startup Time": 2183.357,
        "Actual Total Time": 2183.362,
        "Actual Rows": 1,
        "Actual Loops": 1,
        "Output": [
            "count(*)"
        ],
        "Plans": [
            {
                "Node Type": "Hash Join",
                "Parent Relationship": "Outer",
                "Parallel Aware": false,
                "Join Type": "Inner",
                "Startup Cost": 10000071113.11,
                "Total Cost": 10000187885.51,
                "Plan Rows": 2586,
                "Plan Width": 0,
                "Actual Startup Time": 449.162,
                "Actual Total Time": 2182.979,
                "Actual Rows": 2860,
                "Actual Loops": 1,
                "Inner Unique": false,
                "Hash Cond": "(t.id = mc.movie_id)",
                "Plans": [
                    {
                        "Node Type": "Index Scan",
                        "Parent Relationship": "Outer",
                        "Parallel Aware": false,
                        "Scan Direction": "Forward",
                        "Index Name": "title_pkey",
                        "Relation Name": "title",
                        "Schema": "public",
                        "Alias": "t",
                        "Startup Cost": 10000000000.43,
                        "Total Cost": 10000116662.9,
                        "Plan Rows": 9608,
                        "Plan Width": 4,
                        "Actual Startup Time": 13.045,
                        "Actual Total Time": 1739.583,
                        "Actual Rows": 8628,
                        "Actual Loops": 1,
                        "Output": [
                            "t.id",
                            "t.title",
                            "t.imdb_index",
                            "t.kind_id",
                            "t.production_year",
                            "t.imdb_id",
                            "t.phonetic_code",
                            "t.episode_of_id",
                            "t.season_nr",
                            "t.episode_nr",
                            "t.series_years",
                            "t.md5sum"
                        ],
                        "Filter": "(t.production_year = 1956)",
                        "Rows Removed by Filter": 2519684
                    },
                    {
                        "Node Type": "Hash",
                        "Parent Relationship": "Inner",
                        "Parallel Aware": false,
                        "Startup Cost": 62606.53,
                        "Total Cost": 62606.53,
                        "Plan Rows": 680492,
                        "Plan Width": 4,
                        "Actual Startup Time": 425.426,
                        "Actual Total Time": 425.428,
                        "Actual Rows": 435277,
                        "Actual Loops": 1,
                        "Output": [
                            "mc.movie_id"
                        ],
                        "Hash Buckets": 1048576,
                        "Original Hash Buckets": 1048576,
                        "Hash Batches": 1,
                        "Original Hash Batches": 1,
                        "Peak Memory Usage": 23495,
                        "Plans": [
                            {
                                "Node Type": "Bitmap Heap Scan",
                                "Parent Relationship": "Outer",
                                "Parallel Aware": false,
                                "Relation Name": "movie_companies",
                                "Schema": "public",
                                "Alias": "mc",
                                "Startup Cost": 23863.21,
                                "Total Cost": 62606.53,
                                "Plan Rows": 680492,
                                "Plan Width": 4,
                                "Actual Startup Time": 76.144,
                                "Actual Total Time": 292.763,
                                "Actual Rows": 435277,
                                "Actual Loops": 1,
                                "Output": [
                                    "mc.movie_id"
                                ],
                                "Recheck Cond": "(mc.company_type_id > 1)",
                                "Rows Removed by Index Recheck": 0,
                                "Filter": "(mc.company_id < 11388)",
                                "Rows Removed by Filter": 899606,
                                "Exact Heap Blocks": 7614,
                                "Lossy Heap Blocks": 0,
                                "Plans": [
                                    {
                                        "Node Type": "Bitmap Index Scan",
                                        "Parent Relationship": "Outer",
                                        "Parallel Aware": false,
                                        "Index Name": "company_type_id_movie_companies",
                                        "Startup Cost": 0.0,
                                        "Total Cost": 23693.09,
                                        "Plan Rows": 1330221,
                                        "Plan Width": 0,
                                        "Actual Startup Time": 74.699,
                                        "Actual Total Time": 74.699,
                                        "Actual Rows": 1334883,
                                        "Actual Loops": 1,
                                        "Index Cond": "(mc.company_type_id > 1)"
                                    }
                                ]
                            }
                        ]
                    }
                ]
            }
        ]
    },
    "Planning Time": 2.767,
    "Triggers": [],
    "Execution Time": 2184.529
}