[
  {
    "Plan": {
      "Node Type": "Aggregate",
      "Strategy": "Plain",
      "Partial Mode": "Finalize",
      "Parallel Aware": false,
      "Startup Cost": 33253.15,
      "Total Cost": 33253.16,
      "Plan Rows": 1,
      "Plan Width": 8,
      "Actual Startup Time": 99.407,
      "Actual Total Time": 107.311,
      "Actual Rows": 1,
      "Actual Loops": 1,
      "Plans": [
        {
          "Node Type": "Gather",
          "Parent Relationship": "Outer",
          "Parallel Aware": false,
          "Startup Cost": 33252.83,
          "Total Cost": 33253.14,
          "Plan Rows": 3,
          "Plan Width": 8,
          "Actual Startup Time": 99.263,
          "Actual Total Time": 107.301,
          "Actual Rows": 4,
          "Actual Loops": 1,
          "Workers Planned": 3,
          "Workers Launched": 3,
          "Single Copy": false,
          "Plans": [
            {
              "Node Type": "Aggregate",
              "Strategy": "Plain",
              "Partial Mode": "Partial",
              "Parent Relationship": "Outer",
              "Parallel Aware": false,
              "Startup Cost": 32252.83,
              "Total Cost": 32252.84,
              "Plan Rows": 1,
              "Plan Width": 8,
              "Actual Startup Time": 91.746,
              "Actual Total Time": 91.748,
              "Actual Rows": 1,
              "Actual Loops": 4,
              "Plans": [
                {
                  "Node Type": "Seq Scan",
                  "Parent Relationship": "Outer",
                  "Parallel Aware": true,
                  "Relation Name": "movie_companies",
                  "Alias": "mc",
                  "Startup Cost": 0.0,
                  "Total Cost": 31414.82,
                  "Plan Rows": 335206,
                  "Plan Width": 0,
                  "Actual Startup Time": 0.175,
                  "Actual Total Time": 79.906,
                  "Actual Rows": 230374,
                  "Actual Loops": 4,
                  "Filter": "((company_id > 420) AND (company_type_id = 1))",
                  "Rows Removed by Filter": 421909
                }
              ]
            }
          ]
        }
      ]
    },
    "Planning Time": 0.243,
    "Triggers": [],
    "Execution Time": 107.365
  }
]