[
  {
    "Plan": {
      "Node Type": "Aggregate",
      "Strategy": "Plain",
      "Partial Mode": "Finalize",
      "Parallel Aware": false,
      "Startup Cost": 26637.68,
      "Total Cost": 26637.69,
      "Plan Rows": 1,
      "Plan Width": 8,
      "Actual Startup Time": 79.957,
      "Actual Total Time": 85.945,
      "Actual Rows": 1,
      "Actual Loops": 1,
      "Plans": [
        {
          "Node Type": "Gather",
          "Parent Relationship": "Outer",
          "Parallel Aware": false,
          "Startup Cost": 26637.36,
          "Total Cost": 26637.67,
          "Plan Rows": 3,
          "Plan Width": 8,
          "Actual Startup Time": 79.679,
          "Actual Total Time": 85.939,
          "Actual Rows": 4,
          "Actual Loops": 1,
          "Workers Planned": 3,
          "Workers Launched": 3,
          "Single Copy": false,
          "Plans": [
            {
              "Node Type": "Aggregate",
              "Strategy": "Plain",
              "Partial Mode": "Partial",
              "Parent Relationship": "Outer",
              "Parallel Aware": false,
              "Startup Cost": 25637.36,
              "Total Cost": 25637.37,
              "Plan Rows": 1,
              "Plan Width": 8,
              "Actual Startup Time": 74.271,
              "Actual Total Time": 74.272,
              "Actual Rows": 1,
              "Actual Loops": 4,
              "Plans": [
                {
                  "Node Type": "Bitmap Heap Scan",
                  "Parent Relationship": "Outer",
                  "Parallel Aware": true,
                  "Relation Name": "movie_companies",
                  "Alias": "mc",
                  "Startup Cost": 5597.81,
                  "Total Cost": 25429.1,
                  "Plan Rows": 83304,
                  "Plan Width": 0,
                  "Actual Startup Time": 24.559,
                  "Actual Total Time": 69.668,
                  "Actual Rows": 63932,
                  "Actual Loops": 4,
                  "Recheck Cond": "(company_id < 125)",
                  "Rows Removed by Index Recheck": 0,
                  "Exact Heap Blocks": 10191,
                  "Lossy Heap Blocks": 0,
                  "Plans": [
                    {
                      "Node Type": "Bitmap Index Scan",
                      "Parent Relationship": "Outer",
                      "Parallel Aware": false,
                      "Index Name": "company_id_movie_companies",
                      "Startup Cost": 0.0,
                      "Total Cost": 5533.24,
                      "Plan Rows": 258242,
                      "Plan Width": 0,
                      "Actual Startup Time": 25.546,
                      "Actual Total Time": 25.547,
                      "Actual Rows": 255726,
                      "Actual Loops": 1,
                      "Index Cond": "(company_id < 125)"
                    }
                  ]
                }
              ]
            }
          ]
        }
      ]
    },
    "Planning Time": 0.135,
    "Triggers": [],
    "Execution Time": 85.999
  }
]