{
  "Plan": {
    "Node Type": "Aggregate",
    "Strategy": "Plain",
    "Partial Mode": "Finalize",
    "Parallel Aware": false,
    "Startup Cost": 702970.21,
    "Total Cost": 702970.22,
    "Plan Rows": 1,
    "Plan Width": 8,
    "Actual Startup Time": 7060.08,
    "Actual Total Time": 7109.574,
    "Actual Rows": 1,
    "Actual Loops": 1,
    "Plans": [
      {
        "Node Type": "Gather",
        "Parent Relationship": "Outer",
        "Parallel Aware": false,
        "Startup Cost": 702970.1,
        "Total Cost": 702970.21,
        "Plan Rows": 1,
        "Plan Width": 8,
        "Actual Startup Time": 7052.441,
        "Actual Total Time": 7109.562,
        "Actual Rows": 2,
        "Actual Loops": 1,
        "Workers Planned": 1,
        "Workers Launched": 1,
        "Single Copy": false,
        "Plans": [
          {
            "Node Type": "Aggregate",
            "Strategy": "Plain",
            "Partial Mode": "Partial",
            "Parent Relationship": "Outer",
            "Parallel Aware": false,
            "Startup Cost": 701970.1,
            "Total Cost": 701970.11,
            "Plan Rows": 1,
            "Plan Width": 8,
            "Actual Startup Time": 7046.294,
            "Actual Total Time": 7046.299,
            "Actual Rows": 1,
            "Actual Loops": 2,
            "Plans": [
              {
                "Node Type": "Hash Join",
                "Parent Relationship": "Outer",
                "Parallel Aware": true,
                "Join Type": "Inner",
                "Startup Cost": 118749.94,
                "Total Cost": 697331.99,
                "Plan Rows": 1855246,
                "Plan Width": 0,
                "Actual Startup Time": 897.494,
                "Actual Total Time": 6916.042,
                "Actual Rows": 2833348,
                "Actual Loops": 2,
                "Inner Unique": false,
                "Hash Cond": "(t.id = mc.movie_id)",
                "Plans": [
                  {
                    "Node Type": "Hash Join",
                    "Parent Relationship": "Outer",
                    "Parallel Aware": true,
                    "Join Type": "Inner",
                    "Startup Cost": 69461.26,
                    "Total Cost": 608300.04,
                    "Plan Rows": 4612810,
                    "Plan Width": 8,
                    "Actual Startup Time": 614.634,
                    "Actual Total Time": 4749.711,
                    "Actual Rows": 5522818,
                    "Actual Loops": 2,
                    "Inner Unique": true,
                    "Hash Cond": "(ci.movie_id = t.id)",
                    "Plans": [
                      {
                        "Node Type": "Index Scan",
                        "Parent Relationship": "Outer",
                        "Parallel Aware": true,
                        "Scan Direction": "Forward",
                        "Index Name": "role_id_cast_info",
                        "Relation Name": "cast_info",
                        "Alias": "ci",
                        "Startup Cost": 0.56,
                        "Total Cost": 526730.69,
                        "Plan Rows": 4612810,
                        "Plan Width": 4,
                        "Actual Startup Time": 0.06,
                        "Actual Total Time": 1425.255,
                        "Actual Rows": 5522818,
                        "Actual Loops": 2,
                        "Index Cond": "(role_id > 2)",
                        "Rows Removed by Index Recheck": 0,
                        "Filter": "(person_id > 1891611)",
                        "Rows Removed by Filter": 2538023
                      },
                      {
                        "Node Type": "Hash",
                        "Parent Relationship": "Inner",
                        "Parallel Aware": true,
                        "Startup Cost": 50870.31,
                        "Total Cost": 50870.31,
                        "Plan Rows": 1487231,
                        "Plan Width": 4,
                        "Actual Startup Time": 603.341,
                        "Actual Total Time": 603.341,
                        "Actual Rows": 1264156,
                        "Actual Loops": 2,
                        "Hash Buckets": 4194304,
                        "Original Hash Buckets": 4194304,
                        "Hash Batches": 1,
                        "Original Hash Batches": 1,
                        "Peak Memory Usage": 131712,
                        "Plans": [
                          {
                            "Node Type": "Seq Scan",
                            "Parent Relationship": "Outer",
                            "Parallel Aware": true,
                            "Relation Name": "title",
                            "Alias": "t",
                            "Startup Cost": 0.0,
                            "Total Cost": 50870.31,
                            "Plan Rows": 1487231,
                            "Plan Width": 4,
                            "Actual Startup Time": 0.027,
                            "Actual Total Time": 175.529,
                            "Actual Rows": 1264156,
                            "Actual Loops": 2
                          }
                        ]
                      }
                    ]
                  },
                  {
                    "Node Type": "Hash",
                    "Parent Relationship": "Inner",
                    "Parallel Aware": true,
                    "Startup Cost": 41811.73,
                    "Total Cost": 41811.73,
                    "Plan Rows": 598156,
                    "Plan Width": 4,
                    "Actual Startup Time": 273.279,
                    "Actual Total Time": 273.279,
                    "Actual Rows": 362372,
                    "Actual Loops": 2,
                    "Hash Buckets": 1048576,
                    "Original Hash Buckets": 1048576,
                    "Hash Batches": 1,
                    "Original Hash Batches": 1,
                    "Peak Memory Usage": 36576,
                    "Plans": [
                      {
                        "Node Type": "Seq Scan",
                        "Parent Relationship": "Outer",
                        "Parallel Aware": true,
                        "Relation Name": "movie_companies",
                        "Alias": "mc",
                        "Startup Cost": 0.0,
                        "Total Cost": 41811.73,
                        "Plan Rows": 598156,
                        "Plan Width": 4,
                        "Actual Startup Time": 79.642,
                        "Actual Total Time": 163.826,
                        "Actual Rows": 362372,
                        "Actual Loops": 2,
                        "Filter": "((company_id < 62311) AND (company_type_id = 2))",
                        "Rows Removed by Filter": 942192
                      }
                    ]
                  }
                ]
              }
            ]
          }
        ]
      }
    ]
  },
  "Planning Time": 1.088,
  "Triggers": [],
  "Execution Time": 7109.686
}