[
  {
    "Plan": {
      "Node Type": "Aggregate",
      "Strategy": "Plain",
      "Partial Mode": "Finalize",
      "Parallel Aware": false,
      "Startup Cost": 30923.82,
      "Total Cost": 30923.83,
      "Plan Rows": 1,
      "Plan Width": 8,
      "Actual Startup Time": 100.287,
      "Actual Total Time": 106.453,
      "Actual Rows": 1,
      "Actual Loops": 1,
      "Plans": [
        {
          "Node Type": "Gather",
          "Parent Relationship": "Outer",
          "Parallel Aware": false,
          "Startup Cost": 30923.5,
          "Total Cost": 30923.81,
          "Plan Rows": 3,
          "Plan Width": 8,
          "Actual Startup Time": 100.171,
          "Actual Total Time": 106.444,
          "Actual Rows": 4,
          "Actual Loops": 1,
          "Workers Planned": 3,
          "Workers Launched": 3,
          "Single Copy": false,
          "Plans": [
            {
              "Node Type": "Aggregate",
              "Strategy": "Plain",
              "Partial Mode": "Partial",
              "Parent Relationship": "Outer",
              "Parallel Aware": false,
              "Startup Cost": 29923.5,
              "Total Cost": 29923.51,
              "Plan Rows": 1,
              "Plan Width": 8,
              "Actual Startup Time": 91.808,
              "Actual Total Time": 91.81,
              "Actual Rows": 1,
              "Actual Loops": 4,
              "Plans": [
                {
                  "Node Type": "Seq Scan",
                  "Parent Relationship": "Outer",
                  "Parallel Aware": true,
                  "Relation Name": "movie_companies",
                  "Alias": "mc",
                  "Startup Cost": 0.0,
                  "Total Cost": 29310.68,
                  "Plan Rows": 245129,
                  "Plan Width": 0,
                  "Actual Startup Time": 0.038,
                  "Actual Total Time": 78.555,
                  "Actual Rows": 189610,
                  "Actual Loops": 4,
                  "Filter": "(company_id < 1531)",
                  "Rows Removed by Filter": 462673
                }
              ]
            }
          ]
        }
      ]
    },
    "Planning Time": 0.207,
    "Triggers": [],
    "Execution Time": 106.517
  }
]