[
  {
    "Plan": {
      "Node Type": "Aggregate",
      "Strategy": "Plain",
      "Partial Mode": "Finalize",
      "Parallel Aware": false,
      "Startup Cost": 30928.79,
      "Total Cost": 30928.8,
      "Plan Rows": 1,
      "Plan Width": 8,
      "Actual Startup Time": 93.265,
      "Actual Total Time": 101.11,
      "Actual Rows": 1,
      "Actual Loops": 1,
      "Plans": [
        {
          "Node Type": "Gather",
          "Parent Relationship": "Outer",
          "Parallel Aware": false,
          "Startup Cost": 30928.47,
          "Total Cost": 30928.78,
          "Plan Rows": 3,
          "Plan Width": 8,
          "Actual Startup Time": 93.157,
          "Actual Total Time": 101.102,
          "Actual Rows": 4,
          "Actual Loops": 1,
          "Workers Planned": 3,
          "Workers Launched": 3,
          "Single Copy": false,
          "Plans": [
            {
              "Node Type": "Aggregate",
              "Strategy": "Plain",
              "Partial Mode": "Partial",
              "Parent Relationship": "Outer",
              "Parallel Aware": false,
              "Startup Cost": 29928.47,
              "Total Cost": 29928.48,
              "Plan Rows": 1,
              "Plan Width": 8,
              "Actual Startup Time": 85.892,
              "Actual Total Time": 85.893,
              "Actual Rows": 1,
              "Actual Loops": 4,
              "Plans": [
                {
                  "Node Type": "Seq Scan",
                  "Parent Relationship": "Outer",
                  "Parallel Aware": true,
                  "Relation Name": "movie_companies",
                  "Alias": "mc",
                  "Startup Cost": 0.0,
                  "Total Cost": 29310.68,
                  "Plan Rows": 247115,
                  "Plan Width": 0,
                  "Actual Startup Time": 0.042,
                  "Actual Total Time": 73.598,
                  "Actual Rows": 189610,
                  "Actual Loops": 4,
                  "Filter": "(company_id < 1531)",
                  "Rows Removed by Filter": 462673
                }
              ]
            }
          ]
        }
      ]
    },
    "Planning Time": 0.184,
    "Triggers": [],
    "Execution Time": 101.159
  }
]