[
    {
        "Bao": {
            "Bao prediction": "NaN",
            "Bao recommended hint": "(no hint)"
        }
    },
    {
        "Plan": {
            "Node Type": "Aggregate",
            "Strategy": "Plain",
            "Partial Mode": "Finalize",
            "Parallel Aware": false,
            "Startup Cost": 33077.99,
            "Total Cost": 33078.0,
            "Plan Rows": 1,
            "Plan Width": 8,
            "Actual Startup Time": 123.727,
            "Actual Total Time": 132.66,
            "Actual Rows": 1,
            "Actual Loops": 1,
            "Output": [
                "count(*)"
            ],
            "Plans": [
                {
                    "Node Type": "Gather",
                    "Parent Relationship": "Outer",
                    "Parallel Aware": false,
                    "Startup Cost": 33077.67,
                    "Total Cost": 33077.98,
                    "Plan Rows": 3,
                    "Plan Width": 8,
                    "Actual Startup Time": 123.649,
                    "Actual Total Time": 132.649,
                    "Actual Rows": 4,
                    "Actual Loops": 1,
                    "Output": [
                        "(PARTIAL count(*))"
                    ],
                    "Workers Planned": 3,
                    "Workers Launched": 3,
                    "Single Copy": false,
                    "Plans": [
                        {
                            "Node Type": "Aggregate",
                            "Strategy": "Plain",
                            "Partial Mode": "Partial",
                            "Parent Relationship": "Outer",
                            "Parallel Aware": false,
                            "Startup Cost": 32077.67,
                            "Total Cost": 32077.68,
                            "Plan Rows": 1,
                            "Plan Width": 8,
                            "Actual Startup Time": 114.917,
                            "Actual Total Time": 114.919,
                            "Actual Rows": 1,
                            "Actual Loops": 4,
                            "Output": [
                                "PARTIAL count(*)"
                            ],
                            "Workers": [
                                {
                                    "Worker Number": 0,
                                    "Actual Startup Time": 111.76,
                                    "Actual Total Time": 111.761,
                                    "Actual Rows": 1,
                                    "Actual Loops": 1
                                },
                                {
                                    "Worker Number": 1,
                                    "Actual Startup Time": 112.146,
                                    "Actual Total Time": 112.148,
                                    "Actual Rows": 1,
                                    "Actual Loops": 1
                                },
                                {
                                    "Worker Number": 2,
                                    "Actual Startup Time": 112.509,
                                    "Actual Total Time": 112.511,
                                    "Actual Rows": 1,
                                    "Actual Loops": 1
                                }
                            ],
                            "Plans": [
                                {
                                    "Node Type": "Seq Scan",
                                    "Parent Relationship": "Outer",
                                    "Parallel Aware": true,
                                    "Relation Name": "movie_companies",
                                    "Schema": "public",
                                    "Alias": "mc",
                                    "Startup Cost": 0.0,
                                    "Total Cost": 31414.82,
                                    "Plan Rows": 265141,
                                    "Plan Width": 0,
                                    "Actual Startup Time": 52.08,
                                    "Actual Total Time": 100.222,
                                    "Actual Rows": 258597,
                                    "Actual Loops": 4,
                                    "Output": [
                                        "id",
                                        "movie_id",
                                        "company_id",
                                        "company_type_id",
                                        "note"
                                    ],
                                    "Filter": "((mc.company_id > 4625) AND (mc.company_type_id = 2))",
                                    "Rows Removed by Filter": 393685,
                                    "Workers": [
                                        {
                                            "Worker Number": 0,
                                            "Actual Startup Time": 48.922,
                                            "Actual Total Time": 97.319,
                                            "Actual Rows": 220922,
                                            "Actual Loops": 1
                                        },
                                        {
                                            "Worker Number": 1,
                                            "Actual Startup Time": 49.33,
                                            "Actual Total Time": 98.554,
                                            "Actual Rows": 333813,
                                            "Actual Loops": 1
                                        },
                                        {
                                            "Worker Number": 2,
                                            "Actual Startup Time": 49.655,
                                            "Actual Total Time": 98.006,
                                            "Actual Rows": 219866,
                                            "Actual Loops": 1
                                        }
                                    ]
                                }
                            ]
                        }
                    ]
                }
            ]
        },
        "Planning Time": 274.557,
        "Triggers": [],
        "Execution Time": 132.736
    }
]