[
    {
        "Bao": {
            "Bao prediction": "NaN",
            "Bao recommended hint": "(no hint)"
        }
    },
    {
        "Plan": {
            "Node Type": "Aggregate",
            "Strategy": "Plain",
            "Partial Mode": "Finalize",
            "Parallel Aware": false,
            "Startup Cost": 346810.43,
            "Total Cost": 346810.44,
            "Plan Rows": 1,
            "Plan Width": 8,
            "Actual Startup Time": 601.686,
            "Actual Total Time": 631.206,
            "Actual Rows": 1,
            "Actual Loops": 1,
            "Output": [
                "count(*)"
            ],
            "Plans": [
                {
                    "Node Type": "Gather",
                    "Parent Relationship": "Outer",
                    "Parallel Aware": false,
                    "Startup Cost": 346809.81,
                    "Total Cost": 346810.42,
                    "Plan Rows": 6,
                    "Plan Width": 8,
                    "Actual Startup Time": 601.554,
                    "Actual Total Time": 631.197,
                    "Actual Rows": 7,
                    "Actual Loops": 1,
                    "Output": [
                        "(PARTIAL count(*))"
                    ],
                    "Workers Planned": 6,
                    "Workers Launched": 6,
                    "Single Copy": false,
                    "Plans": [
                        {
                            "Node Type": "Aggregate",
                            "Strategy": "Plain",
                            "Partial Mode": "Partial",
                            "Parent Relationship": "Outer",
                            "Parallel Aware": false,
                            "Startup Cost": 345809.81,
                            "Total Cost": 345809.82,
                            "Plan Rows": 1,
                            "Plan Width": 8,
                            "Actual Startup Time": 591.872,
                            "Actual Total Time": 591.874,
                            "Actual Rows": 1,
                            "Actual Loops": 7,
                            "Output": [
                                "PARTIAL count(*)"
                            ],
                            "Workers": [
                                {
                                    "Worker Number": 0,
                                    "Actual Startup Time": 589.567,
                                    "Actual Total Time": 589.568,
                                    "Actual Rows": 1,
                                    "Actual Loops": 1
                                },
                                {
                                    "Worker Number": 1,
                                    "Actual Startup Time": 590.057,
                                    "Actual Total Time": 590.059,
                                    "Actual Rows": 1,
                                    "Actual Loops": 1
                                },
                                {
                                    "Worker Number": 2,
                                    "Actual Startup Time": 590.04,
                                    "Actual Total Time": 590.042,
                                    "Actual Rows": 1,
                                    "Actual Loops": 1
                                },
                                {
                                    "Worker Number": 3,
                                    "Actual Startup Time": 590.106,
                                    "Actual Total Time": 590.107,
                                    "Actual Rows": 1,
                                    "Actual Loops": 1
                                },
                                {
                                    "Worker Number": 4,
                                    "Actual Startup Time": 590.817,
                                    "Actual Total Time": 590.819,
                                    "Actual Rows": 1,
                                    "Actual Loops": 1
                                },
                                {
                                    "Worker Number": 5,
                                    "Actual Startup Time": 591.337,
                                    "Actual Total Time": 591.338,
                                    "Actual Rows": 1,
                                    "Actual Loops": 1
                                }
                            ],
                            "Plans": [
                                {
                                    "Node Type": "Seq Scan",
                                    "Parent Relationship": "Outer",
                                    "Parallel Aware": true,
                                    "Relation Name": "cast_info",
                                    "Schema": "public",
                                    "Alias": "ci",
                                    "Startup Cost": 0.0,
                                    "Total Cost": 343318.94,
                                    "Plan Rows": 996347,
                                    "Plan Width": 0,
                                    "Actual Startup Time": 316.091,
                                    "Actual Total Time": 588.231,
                                    "Actual Rows": 75371,
                                    "Actual Loops": 7,
                                    "Output": [
                                        "id",
                                        "person_id",
                                        "movie_id",
                                        "person_role_id",
                                        "note",
                                        "nr_order",
                                        "role_id"
                                    ],
                                    "Filter": "((ci.person_id > 2632032) AND (ci.role_id < 3))",
                                    "Rows Removed by Filter": 5102392,
                                    "Workers": [
                                        {
                                            "Worker Number": 0,
                                            "Actual Startup Time": 313.766,
                                            "Actual Total Time": 585.955,
                                            "Actual Rows": 55245,
                                            "Actual Loops": 1
                                        },
                                        {
                                            "Worker Number": 1,
                                            "Actual Startup Time": 314.284,
                                            "Actual Total Time": 586.446,
                                            "Actual Rows": 54931,
                                            "Actual Loops": 1
                                        },
                                        {
                                            "Worker Number": 2,
                                            "Actual Startup Time": 314.256,
                                            "Actual Total Time": 586.388,
                                            "Actual Rows": 55346,
                                            "Actual Loops": 1
                                        },
                                        {
                                            "Worker Number": 3,
                                            "Actual Startup Time": 314.33,
                                            "Actual Total Time": 586.563,
                                            "Actual Rows": 86648,
                                            "Actual Loops": 1
                                        },
                                        {
                                            "Worker Number": 4,
                                            "Actual Startup Time": 315.037,
                                            "Actual Total Time": 587.196,
                                            "Actual Rows": 86723,
                                            "Actual Loops": 1
                                        },
                                        {
                                            "Worker Number": 5,
                                            "Actual Startup Time": 315.562,
                                            "Actual Total Time": 587.807,
                                            "Actual Rows": 86745,
                                            "Actual Loops": 1
                                        }
                                    ]
                                }
                            ]
                        }
                    ]
                }
            ]
        },
        "Planning Time": 178.632,
        "Triggers": [],
        "Execution Time": 631.274
    }
]