[
  {
    "Plan": {
      "Node Type": "Aggregate",
      "Strategy": "Plain",
      "Partial Mode": "Finalize",
      "Parallel Aware": false,
      "Startup Cost": 46157.59,
      "Total Cost": 46157.6,
      "Plan Rows": 1,
      "Plan Width": 8,
      "Actual Startup Time": 164.565,
      "Actual Total Time": 173.641,
      "Actual Rows": 1,
      "Actual Loops": 1,
      "Plans": [
        {
          "Node Type": "Gather",
          "Parent Relationship": "Outer",
          "Parallel Aware": false,
          "Startup Cost": 46157.27,
          "Total Cost": 46157.58,
          "Plan Rows": 3,
          "Plan Width": 8,
          "Actual Startup Time": 164.464,
          "Actual Total Time": 173.634,
          "Actual Rows": 4,
          "Actual Loops": 1,
          "Workers Planned": 3,
          "Workers Launched": 3,
          "Single Copy": false,
          "Plans": [
            {
              "Node Type": "Aggregate",
              "Strategy": "Plain",
              "Partial Mode": "Partial",
              "Parent Relationship": "Outer",
              "Parallel Aware": false,
              "Startup Cost": 45157.27,
              "Total Cost": 45157.28,
              "Plan Rows": 1,
              "Plan Width": 8,
              "Actual Startup Time": 157.228,
              "Actual Total Time": 157.229,
              "Actual Rows": 1,
              "Actual Loops": 4,
              "Plans": [
                {
                  "Node Type": "Seq Scan",
                  "Parent Relationship": "Outer",
                  "Parallel Aware": true,
                  "Relation Name": "movie_keyword",
                  "Alias": "mk",
                  "Startup Cost": 0.0,
                  "Total Cost": 42695.65,
                  "Plan Rows": 984648,
                  "Plan Width": 0,
                  "Actual Startup Time": 0.269,
                  "Actual Total Time": 122.482,
                  "Actual Rows": 759026,
                  "Actual Loops": 4,
                  "Filter": "(keyword_id > 2128)",
                  "Rows Removed by Filter": 371956
                }
              ]
            }
          ]
        }
      ]
    },
    "Planning Time": 0.146,
    "Triggers": [],
    "Execution Time": 173.685
  }
]