[
  {
    "Plan": {
      "Node Type": "Aggregate",
      "Strategy": "Plain",
      "Partial Mode": "Finalize",
      "Parallel Aware": false,
      "Startup Cost": 96651.41,
      "Total Cost": 96651.42,
      "Plan Rows": 1,
      "Plan Width": 8,
      "Actual Startup Time": 338.81,
      "Actual Total Time": 357.218,
      "Actual Rows": 1,
      "Actual Loops": 1,
      "Plans": [
        {
          "Node Type": "Gather",
          "Parent Relationship": "Outer",
          "Parallel Aware": false,
          "Startup Cost": 96650.99,
          "Total Cost": 96651.4,
          "Plan Rows": 4,
          "Plan Width": 8,
          "Actual Startup Time": 333.687,
          "Actual Total Time": 357.208,
          "Actual Rows": 5,
          "Actual Loops": 1,
          "Workers Planned": 4,
          "Workers Launched": 4,
          "Single Copy": false,
          "Plans": [
            {
              "Node Type": "Aggregate",
              "Strategy": "Plain",
              "Partial Mode": "Partial",
              "Parent Relationship": "Outer",
              "Parallel Aware": false,
              "Startup Cost": 95650.99,
              "Total Cost": 95651.0,
              "Plan Rows": 1,
              "Plan Width": 8,
              "Actual Startup Time": 323.458,
              "Actual Total Time": 323.479,
              "Actual Rows": 1,
              "Actual Loops": 5,
              "Plans": [
                {
                  "Node Type": "Hash Join",
                  "Parent Relationship": "Outer",
                  "Parallel Aware": true,
                  "Join Type": "Inner",
                  "Startup Cost": 50712.08,
                  "Total Cost": 95619.65,
                  "Plan Rows": 12534,
                  "Plan Width": 0,
                  "Actual Startup Time": 224.049,
                  "Actual Total Time": 321.456,
                  "Actual Rows": 41791,
                  "Actual Loops": 5,
                  "Inner Unique": false,
                  "Hash Cond": "(t.id = mi_idx.movie_id)",
                  "Plans": [
                    {
                      "Node Type": "Seq Scan",
                      "Parent Relationship": "Outer",
                      "Parallel Aware": true,
                      "Relation Name": "title",
                      "Alias": "t",
                      "Startup Cost": 0.0,
                      "Total Cost": 42318.73,
                      "Plan Rows": 632073,
                      "Plan Width": 4,
                      "Actual Startup Time": 0.016,
                      "Actual Total Time": 66.509,
                      "Actual Rows": 505662,
                      "Actual Loops": 5
                    },
                    {
                      "Node Type": "Hash",
                      "Parent Relationship": "Inner",
                      "Parallel Aware": true,
                      "Startup Cost": 49619.24,
                      "Total Cost": 49619.24,
                      "Plan Rows": 87427,
                      "Plan Width": 8,
                      "Actual Startup Time": 181.027,
                      "Actual Total Time": 181.032,
                      "Actual Rows": 41791,
                      "Actual Loops": 5,
                      "Hash Buckets": 524288,
                      "Original Hash Buckets": 524288,
                      "Hash Batches": 1,
                      "Original Hash Batches": 1,
                      "Peak Memory Usage": 12352,
                      "Plans": [
                        {
                          "Node Type": "Hash Join",
                          "Parent Relationship": "Outer",
                          "Parallel Aware": true,
                          "Join Type": "Inner",
                          "Startup Cost": 23358.89,
                          "Total Cost": 49619.24,
                          "Plan Rows": 87427,
                          "Plan Width": 8,
                          "Actual Startup Time": 106.824,
                          "Actual Total Time": 167.14,
                          "Actual Rows": 41791,
                          "Actual Loops": 5,
                          "Inner Unique": false,
                          "Hash Cond": "(mk.movie_id = mi_idx.movie_id)",
                          "Plans": [
                            {
                              "Node Type": "Bitmap Heap Scan",
                              "Parent Relationship": "Outer",
                              "Parallel Aware": true,
                              "Relation Name": "movie_keyword",
                              "Alias": "mk",
                              "Startup Cost": 5836.48,
                              "Total Cost": 31399.77,
                              "Plan Rows": 88743,
                              "Plan Width": 4,
                              "Actual Startup Time": 21.766,
                              "Actual Total Time": 63.241,
                              "Actual Rows": 54239,
                              "Actual Loops": 5,
                              "Recheck Cond": "(keyword_id > 58154)",
                              "Rows Removed by Index Recheck": 0,
                              "Exact Heap Blocks": 5796,
                              "Lossy Heap Blocks": 0,
                              "Plans": [
                                {
                                  "Node Type": "Bitmap Index Scan",
                                  "Parent Relationship": "Outer",
                                  "Parallel Aware": false,
                                  "Index Name": "keyword_id_movie_keyword",
                                  "Startup Cost": 0.0,
                                  "Total Cost": 5767.7,
                                  "Plan Rows": 275103,
                                  "Plan Width": 0,
                                  "Actual Startup Time": 18.451,
                                  "Actual Total Time": 18.451,
                                  "Actual Rows": 271195,
                                  "Actual Loops": 1,
                                  "Index Cond": "(keyword_id > 58154)"
                                }
                              ]
                            },
                            {
                              "Node Type": "Hash",
                              "Parent Relationship": "Inner",
                              "Parallel Aware": true,
                              "Startup Cost": 15122.68,
                              "Total Cost": 15122.68,
                              "Plan Rows": 191978,
                              "Plan Width": 4,
                              "Actual Startup Time": 83.601,
                              "Actual Total Time": 83.602,
                              "Actual Rows": 91985,
                              "Actual Loops": 5,
                              "Hash Buckets": 524288,
                              "Original Hash Buckets": 524288,
                              "Hash Batches": 1,
                              "Original Hash Batches": 1,
                              "Peak Memory Usage": 22144,
                              "Plans": [
                                {
                                  "Node Type": "Seq Scan",
                                  "Parent Relationship": "Outer",
                                  "Parallel Aware": true,
                                  "Relation Name": "movie_info_idx",
                                  "Alias": "mi_idx",
                                  "Startup Cost": 0.0,
                                  "Total Cost": 15122.68,
                                  "Plan Rows": 191978,
                                  "Plan Width": 4,
                                  "Actual Startup Time": 0.08,
                                  "Actual Total Time": 40.653,
                                  "Actual Rows": 91985,
                                  "Actual Loops": 5,
                                  "Filter": "(info_type_id = 101)",
                                  "Rows Removed by Filter": 184022
                                }
                              ]
                            }
                          ]
                        }
                      ]
                    }
                  ]
                }
              ]
            }
          ]
        }
      ]
    },
    "Planning Time": 1.317,
    "Triggers": [],
    "Execution Time": 357.329
  }
]