[
  {
    "Plan": {
      "Node Type": "Aggregate",
      "Strategy": "Plain",
      "Partial Mode": "Finalize",
      "Parallel Aware": false,
      "Startup Cost": 66214.01,
      "Total Cost": 66214.02,
      "Plan Rows": 1,
      "Plan Width": 8,
      "Actual Startup Time": 36.092,
      "Actual Total Time": 41.134,
      "Actual Rows": 1,
      "Actual Loops": 1,
      "Plans": [
        {
          "Node Type": "Gather",
          "Parent Relationship": "Outer",
          "Parallel Aware": false,
          "Startup Cost": 66213.59,
          "Total Cost": 66214.0,
          "Plan Rows": 4,
          "Plan Width": 8,
          "Actual Startup Time": 35.797,
          "Actual Total Time": 41.129,
          "Actual Rows": 5,
          "Actual Loops": 1,
          "Workers Planned": 4,
          "Workers Launched": 4,
          "Single Copy": false,
          "Plans": [
            {
              "Node Type": "Aggregate",
              "Strategy": "Plain",
              "Partial Mode": "Partial",
              "Parent Relationship": "Outer",
              "Parallel Aware": false,
              "Startup Cost": 65213.59,
              "Total Cost": 65213.6,
              "Plan Rows": 1,
              "Plan Width": 8,
              "Actual Startup Time": 29.762,
              "Actual Total Time": 29.764,
              "Actual Rows": 1,
              "Actual Loops": 5,
              "Plans": [
                {
                  "Node Type": "Nested Loop",
                  "Parent Relationship": "Outer",
                  "Parallel Aware": false,
                  "Join Type": "Inner",
                  "Startup Cost": 2167.9,
                  "Total Cost": 65211.07,
                  "Plan Rows": 1010,
                  "Plan Width": 0,
                  "Actual Startup Time": 25.944,
                  "Actual Total Time": 29.759,
                  "Actual Rows": 3,
                  "Actual Loops": 5,
                  "Inner Unique": false,
                  "Plans": [
                    {
                      "Node Type": "Bitmap Heap Scan",
                      "Parent Relationship": "Outer",
                      "Parallel Aware": true,
                      "Relation Name": "title",
                      "Alias": "t",
                      "Startup Cost": 2167.47,
                      "Total Cost": 38620.9,
                      "Plan Rows": 172,
                      "Plan Width": 4,
                      "Actual Startup Time": 25.887,
                      "Actual Total Time": 29.654,
                      "Actual Rows": 0,
                      "Actual Loops": 5,
                      "Recheck Cond": "(kind_id = 4)",
                      "Rows Removed by Index Recheck": 0,
                      "Filter": "(production_year = 1965)",
                      "Rows Removed by Filter": 23646,
                      "Exact Heap Blocks": 5754,
                      "Lossy Heap Blocks": 0,
                      "Plans": [
                        {
                          "Node Type": "Bitmap Index Scan",
                          "Parent Relationship": "Outer",
                          "Parallel Aware": false,
                          "Index Name": "kind_id_title",
                          "Startup Cost": 0.0,
                          "Total Cost": 2167.3,
                          "Plan Rows": 121449,
                          "Plan Width": 0,
                          "Actual Startup Time": 5.992,
                          "Actual Total Time": 5.992,
                          "Actual Rows": 118234,
                          "Actual Loops": 1,
                          "Index Cond": "(kind_id = 4)"
                        }
                      ]
                    },
                    {
                      "Node Type": "Index Only Scan",
                      "Parent Relationship": "Inner",
                      "Parallel Aware": false,
                      "Scan Direction": "Forward",
                      "Index Name": "movie_id_movie_info",
                      "Relation Name": "movie_info",
                      "Alias": "mi",
                      "Startup Cost": 0.43,
                      "Total Cost": 154.18,
                      "Plan Rows": 41,
                      "Plan Width": 4,
                      "Actual Startup Time": 0.136,
                      "Actual Total Time": 0.251,
                      "Actual Rows": 7,
                      "Actual Loops": 2,
                      "Index Cond": "(movie_id = t.id)",
                      "Rows Removed by Index Recheck": 0,
                      "Heap Fetches": 14
                    }
                  ]
                }
              ]
            }
          ]
        }
      ]
    },
    "Planning Time": 0.248,
    "Triggers": [],
    "Execution Time": 41.176
  }
]