[
  {
    "Plan": {
      "Node Type": "Aggregate",
      "Strategy": "Plain",
      "Partial Mode": "Finalize",
      "Parallel Aware": false,
      "Startup Cost": 355535.02,
      "Total Cost": 355535.03,
      "Plan Rows": 1,
      "Plan Width": 8,
      "Actual Startup Time": 584.99,
      "Actual Total Time": 605.455,
      "Actual Rows": 1,
      "Actual Loops": 1,
      "Plans": [
        {
          "Node Type": "Gather",
          "Parent Relationship": "Outer",
          "Parallel Aware": false,
          "Startup Cost": 355534.39,
          "Total Cost": 355535.0,
          "Plan Rows": 6,
          "Plan Width": 8,
          "Actual Startup Time": 576.072,
          "Actual Total Time": 605.447,
          "Actual Rows": 7,
          "Actual Loops": 1,
          "Workers Planned": 6,
          "Workers Launched": 6,
          "Single Copy": false,
          "Plans": [
            {
              "Node Type": "Aggregate",
              "Strategy": "Plain",
              "Partial Mode": "Partial",
              "Parent Relationship": "Outer",
              "Parallel Aware": false,
              "Startup Cost": 354534.39,
              "Total Cost": 354534.4,
              "Plan Rows": 1,
              "Plan Width": 8,
              "Actual Startup Time": 564.394,
              "Actual Total Time": 564.398,
              "Actual Rows": 1,
              "Actual Loops": 7,
              "Plans": [
                {
                  "Node Type": "Hash Join",
                  "Parent Relationship": "Outer",
                  "Parallel Aware": true,
                  "Join Type": "Inner",
                  "Startup Cost": 95929.05,
                  "Total Cost": 353890.24,
                  "Plan Rows": 257660,
                  "Plan Width": 0,
                  "Actual Startup Time": 332.55,
                  "Actual Total Time": 551.701,
                  "Actual Rows": 218792,
                  "Actual Loops": 7,
                  "Inner Unique": true,
                  "Hash Cond": "(ci.movie_id = t.id)",
                  "Plans": [
                    {
                      "Node Type": "Bitmap Heap Scan",
                      "Parent Relationship": "Outer",
                      "Parallel Aware": true,
                      "Relation Name": "cast_info",
                      "Alias": "ci",
                      "Startup Cost": 46191.44,
                      "Total Cost": 303237.28,
                      "Plan Rows": 348707,
                      "Plan Width": 4,
                      "Actual Startup Time": 114.851,
                      "Actual Total Time": 196.321,
                      "Actual Rows": 288287,
                      "Actual Loops": 7,
                      "Recheck Cond": "(person_id > 3665488)",
                      "Rows Removed by Index Recheck": 0,
                      "Exact Heap Blocks": 5718,
                      "Lossy Heap Blocks": 0,
                      "Plans": [
                        {
                          "Node Type": "Bitmap Index Scan",
                          "Parent Relationship": "Outer",
                          "Parallel Aware": false,
                          "Index Name": "person_id_cast_info",
                          "Startup Cost": 0.0,
                          "Total Cost": 45668.38,
                          "Plan Rows": 2092242,
                          "Plan Width": 0,
                          "Actual Startup Time": 107.274,
                          "Actual Total Time": 107.275,
                          "Actual Rows": 2018007,
                          "Actual Loops": 1,
                          "Index Cond": "(person_id > 3665488)"
                        }
                      ]
                    },
                    {
                      "Node Type": "Hash",
                      "Parent Relationship": "Inner",
                      "Parallel Aware": true,
                      "Startup Cost": 43899.32,
                      "Total Cost": 43899.32,
                      "Plan Rows": 467063,
                      "Plan Width": 4,
                      "Actual Startup Time": 214.425,
                      "Actual Total Time": 214.426,
                      "Actual Rows": 266498,
                      "Actual Loops": 7,
                      "Hash Buckets": 2097152,
                      "Original Hash Buckets": 2097152,
                      "Hash Batches": 1,
                      "Original Hash Batches": 1,
                      "Peak Memory Usage": 89472,
                      "Plans": [
                        {
                          "Node Type": "Seq Scan",
                          "Parent Relationship": "Outer",
                          "Parallel Aware": true,
                          "Relation Name": "title",
                          "Alias": "t",
                          "Startup Cost": 0.0,
                          "Total Cost": 43899.32,
                          "Plan Rows": 467063,
                          "Plan Width": 4,
                          "Actual Startup Time": 0.054,
                          "Actual Total Time": 89.596,
                          "Actual Rows": 266498,
                          "Actual Loops": 7,
                          "Filter": "(kind_id > 1)",
                          "Rows Removed by Filter": 94689
                        }
                      ]
                    }
                  ]
                }
              ]
            }
          ]
        }
      ]
    },
    "Planning Time": 0.288,
    "Triggers": [],
    "Execution Time": 605.51
  }
]