[
  {
    "Plan": {
      "Node Type": "Aggregate",
      "Strategy": "Plain",
      "Partial Mode": "Finalize",
      "Parallel Aware": false,
      "Startup Cost": 130866.79,
      "Total Cost": 130866.8,
      "Plan Rows": 1,
      "Plan Width": 8,
      "Actual Startup Time": 229.42,
      "Actual Total Time": 240.873,
      "Actual Rows": 1,
      "Actual Loops": 1,
      "Plans": [
        {
          "Node Type": "Gather",
          "Parent Relationship": "Outer",
          "Parallel Aware": false,
          "Startup Cost": 130866.27,
          "Total Cost": 130866.78,
          "Plan Rows": 5,
          "Plan Width": 8,
          "Actual Startup Time": 229.26,
          "Actual Total Time": 240.863,
          "Actual Rows": 6,
          "Actual Loops": 1,
          "Workers Planned": 5,
          "Workers Launched": 5,
          "Single Copy": false,
          "Plans": [
            {
              "Node Type": "Aggregate",
              "Strategy": "Plain",
              "Partial Mode": "Partial",
              "Parent Relationship": "Outer",
              "Parallel Aware": false,
              "Startup Cost": 129866.27,
              "Total Cost": 129866.28,
              "Plan Rows": 1,
              "Plan Width": 8,
              "Actual Startup Time": 219.716,
              "Actual Total Time": 219.718,
              "Actual Rows": 1,
              "Actual Loops": 6,
              "Plans": [
                {
                  "Node Type": "Index Scan",
                  "Parent Relationship": "Outer",
                  "Parallel Aware": true,
                  "Scan Direction": "Forward",
                  "Index Name": "role_id_cast_info",
                  "Relation Name": "cast_info",
                  "Alias": "ci",
                  "Startup Cost": 0.56,
                  "Total Cost": 127762.24,
                  "Plan Rows": 841615,
                  "Plan Width": 0,
                  "Actual Startup Time": 0.181,
                  "Actual Total Time": 182.167,
                  "Actual Rows": 746312,
                  "Actual Loops": 6,
                  "Index Cond": "(role_id > 9)",
                  "Rows Removed by Index Recheck": 0,
                  "Filter": "(person_id > 363442)",
                  "Rows Removed by Filter": 26877
                }
              ]
            }
          ]
        }
      ]
    },
    "Planning Time": 0.233,
    "Triggers": [],
    "Execution Time": 240.936
  }
]