[
  {
    "Plan": {
      "Node Type": "Aggregate",
      "Strategy": "Plain",
      "Partial Mode": "Finalize",
      "Parallel Aware": false,
      "Startup Cost": 429663.91,
      "Total Cost": 429663.92,
      "Plan Rows": 1,
      "Plan Width": 8,
      "Actual Startup Time": 1641.345,
      "Actual Total Time": 1721.178,
      "Actual Rows": 1,
      "Actual Loops": 1,
      "Plans": [
        {
          "Node Type": "Gather",
          "Parent Relationship": "Outer",
          "Parallel Aware": false,
          "Startup Cost": 429663.29,
          "Total Cost": 429663.9,
          "Plan Rows": 6,
          "Plan Width": 8,
          "Actual Startup Time": 1634.413,
          "Actual Total Time": 1721.155,
          "Actual Rows": 7,
          "Actual Loops": 1,
          "Workers Planned": 6,
          "Workers Launched": 6,
          "Single Copy": false,
          "Plans": [
            {
              "Node Type": "Aggregate",
              "Strategy": "Plain",
              "Partial Mode": "Partial",
              "Parent Relationship": "Outer",
              "Parallel Aware": false,
              "Startup Cost": 428663.29,
              "Total Cost": 428663.3,
              "Plan Rows": 1,
              "Plan Width": 8,
              "Actual Startup Time": 1620.897,
              "Actual Total Time": 1621.128,
              "Actual Rows": 1,
              "Actual Loops": 7,
              "Plans": [
                {
                  "Node Type": "Hash Join",
                  "Parent Relationship": "Outer",
                  "Parallel Aware": true,
                  "Join Type": "Inner",
                  "Startup Cost": 83438.0,
                  "Total Cost": 425527.1,
                  "Plan Rows": 1254477,
                  "Plan Width": 0,
                  "Actual Startup Time": 385.102,
                  "Actual Total Time": 1565.928,
                  "Actual Rows": 1232641,
                  "Actual Loops": 7,
                  "Inner Unique": false,
                  "Hash Cond": "(ci.movie_id = t.id)",
                  "Plans": [
                    {
                      "Node Type": "Seq Scan",
                      "Parent Relationship": "Outer",
                      "Parallel Aware": true,
                      "Relation Name": "cast_info",
                      "Alias": "ci",
                      "Startup Cost": 0.0,
                      "Total Cost": 328211.39,
                      "Plan Rows": 2621604,
                      "Plan Width": 4,
                      "Actual Startup Time": 0.045,
                      "Actual Total Time": 614.62,
                      "Actual Rows": 2271704,
                      "Actual Loops": 7,
                      "Filter": "(person_id < 1571966)",
                      "Rows Removed by Filter": 2906059
                    },
                    {
                      "Node Type": "Hash",
                      "Parent Relationship": "Inner",
                      "Parallel Aware": true,
                      "Startup Cost": 78559.43,
                      "Total Cost": 78559.43,
                      "Plan Rows": 390286,
                      "Plan Width": 8,
                      "Actual Startup Time": 380.168,
                      "Actual Total Time": 380.397,
                      "Actual Rows": 111665,
                      "Actual Loops": 7,
                      "Hash Buckets": 2097152,
                      "Original Hash Buckets": 2097152,
                      "Hash Batches": 1,
                      "Original Hash Batches": 1,
                      "Peak Memory Usage": 47072,
                      "Plans": [
                        {
                          "Node Type": "Hash Join",
                          "Parent Relationship": "Outer",
                          "Parallel Aware": true,
                          "Join Type": "Inner",
                          "Startup Cost": 49143.54,
                          "Total Cost": 78559.43,
                          "Plan Rows": 390286,
                          "Plan Width": 8,
                          "Actual Startup Time": 183.349,
                          "Actual Total Time": 321.192,
                          "Actual Rows": 111665,
                          "Actual Loops": 7,
                          "Inner Unique": true,
                          "Hash Cond": "(mc.movie_id = t.id)",
                          "Plans": [
                            {
                              "Node Type": "Seq Scan",
                              "Parent Relationship": "Outer",
                              "Parallel Aware": true,
                              "Relation Name": "movie_companies",
                              "Alias": "mc",
                              "Startup Cost": 0.0,
                              "Total Cost": 27206.55,
                              "Plan Rows": 841655,
                              "Plan Width": 4,
                              "Actual Startup Time": 0.015,
                              "Actual Total Time": 40.539,
                              "Actual Rows": 372733,
                              "Actual Loops": 7
                            },
                            {
                              "Node Type": "Hash",
                              "Parent Relationship": "Inner",
                              "Parallel Aware": true,
                              "Startup Cost": 45479.59,
                              "Total Cost": 45479.59,
                              "Plan Rows": 293116,
                              "Plan Width": 4,
                              "Actual Startup Time": 180.662,
                              "Actual Total Time": 180.665,
                              "Actual Rows": 181047,
                              "Actual Loops": 7,
                              "Hash Buckets": 2097152,
                              "Original Hash Buckets": 2097152,
                              "Hash Batches": 1,
                              "Original Hash Batches": 1,
                              "Peak Memory Usage": 66048,
                              "Plans": [
                                {
                                  "Node Type": "Seq Scan",
                                  "Parent Relationship": "Outer",
                                  "Parallel Aware": true,
                                  "Relation Name": "title",
                                  "Alias": "t",
                                  "Startup Cost": 0.0,
                                  "Total Cost": 45479.59,
                                  "Plan Rows": 293116,
                                  "Plan Width": 4,
                                  "Actual Startup Time": 0.054,
                                  "Actual Total Time": 85.97,
                                  "Actual Rows": 181047,
                                  "Actual Loops": 7,
                                  "Filter": "((kind_id > 1) AND (production_year > 1996))",
                                  "Rows Removed by Filter": 180140
                                }
                              ]
                            }
                          ]
                        }
                      ]
                    }
                  ]
                }
              ]
            }
          ]
        }
      ]
    },
    "Planning Time": 1.416,
    "Triggers": [],
    "Execution Time": 1721.277
  }
]