[
  {
    "Plan": {
      "Node Type": "Aggregate",
      "Strategy": "Plain",
      "Partial Mode": "Finalize",
      "Parallel Aware": false,
      "Startup Cost": 334519.66,
      "Total Cost": 334519.67,
      "Plan Rows": 1,
      "Plan Width": 8,
      "Actual Startup Time": 441.463,
      "Actual Total Time": 462.767,
      "Actual Rows": 1,
      "Actual Loops": 1,
      "Plans": [
        {
          "Node Type": "Gather",
          "Parent Relationship": "Outer",
          "Parallel Aware": false,
          "Startup Cost": 334519.03,
          "Total Cost": 334519.64,
          "Plan Rows": 6,
          "Plan Width": 8,
          "Actual Startup Time": 441.348,
          "Actual Total Time": 462.757,
          "Actual Rows": 7,
          "Actual Loops": 1,
          "Workers Planned": 6,
          "Workers Launched": 6,
          "Single Copy": false,
          "Plans": [
            {
              "Node Type": "Aggregate",
              "Strategy": "Plain",
              "Partial Mode": "Partial",
              "Parent Relationship": "Outer",
              "Parallel Aware": false,
              "Startup Cost": 333519.03,
              "Total Cost": 333519.04,
              "Plan Rows": 1,
              "Plan Width": 8,
              "Actual Startup Time": 432.467,
              "Actual Total Time": 432.468,
              "Actual Rows": 1,
              "Actual Loops": 7,
              "Plans": [
                {
                  "Node Type": "Index Scan",
                  "Parent Relationship": "Outer",
                  "Parallel Aware": true,
                  "Scan Direction": "Forward",
                  "Index Name": "role_id_cast_info",
                  "Relation Name": "cast_info",
                  "Alias": "ci",
                  "Startup Cost": 0.56,
                  "Total Cost": 331632.96,
                  "Plan Rows": 754429,
                  "Plan Width": 0,
                  "Actual Startup Time": 0.172,
                  "Actual Total Time": 376.713,
                  "Actual Rows": 1155136,
                  "Actual Loops": 7,
                  "Index Cond": "(role_id > 3)",
                  "Rows Removed by Index Recheck": 0,
                  "Filter": "(person_id > 2348305)",
                  "Rows Removed by Filter": 575385
                }
              ]
            }
          ]
        }
      ]
    },
    "Planning Time": 0.197,
    "Triggers": [],
    "Execution Time": 462.83
  }
]