[
  {
    "Plan": {
      "Node Type": "Aggregate",
      "Strategy": "Plain",
      "Partial Mode": "Finalize",
      "Parallel Aware": false,
      "Startup Cost": 123768.48,
      "Total Cost": 123768.49,
      "Plan Rows": 1,
      "Plan Width": 8,
      "Actual Startup Time": 625.927,
      "Actual Total Time": 645.734,
      "Actual Rows": 1,
      "Actual Loops": 1,
      "Plans": [
        {
          "Node Type": "Gather",
          "Parent Relationship": "Outer",
          "Parallel Aware": false,
          "Startup Cost": 123768.16,
          "Total Cost": 123768.47,
          "Plan Rows": 3,
          "Plan Width": 8,
          "Actual Startup Time": 612.065,
          "Actual Total Time": 645.715,
          "Actual Rows": 4,
          "Actual Loops": 1,
          "Workers Planned": 3,
          "Workers Launched": 3,
          "Single Copy": false,
          "Plans": [
            {
              "Node Type": "Aggregate",
              "Strategy": "Plain",
              "Partial Mode": "Partial",
              "Parent Relationship": "Outer",
              "Parallel Aware": false,
              "Startup Cost": 122768.16,
              "Total Cost": 122768.17,
              "Plan Rows": 1,
              "Plan Width": 8,
              "Actual Startup Time": 605.241,
              "Actual Total Time": 605.581,
              "Actual Rows": 1,
              "Actual Loops": 4,
              "Plans": [
                {
                  "Node Type": "Hash Join",
                  "Parent Relationship": "Outer",
                  "Parallel Aware": true,
                  "Join Type": "Inner",
                  "Startup Cost": 95133.14,
                  "Total Cost": 122708.83,
                  "Plan Rows": 23733,
                  "Plan Width": 0,
                  "Actual Startup Time": 499.793,
                  "Actual Total Time": 601.634,
                  "Actual Rows": 60925,
                  "Actual Loops": 4,
                  "Inner Unique": false,
                  "Hash Cond": "(mk.movie_id = t.id)",
                  "Plans": [
                    {
                      "Node Type": "Bitmap Heap Scan",
                      "Parent Relationship": "Outer",
                      "Parallel Aware": true,
                      "Relation Name": "movie_keyword",
                      "Alias": "mk",
                      "Startup Cost": 12322.53,
                      "Total Cost": 39118.93,
                      "Plan Rows": 187392,
                      "Plan Width": 4,
                      "Actual Startup Time": 34.495,
                      "Actual Total Time": 95.537,
                      "Actual Rows": 146958,
                      "Actual Loops": 4,
                      "Recheck Cond": "(keyword_id < 429)",
                      "Rows Removed by Index Recheck": 0,
                      "Exact Heap Blocks": 5728,
                      "Lossy Heap Blocks": 0,
                      "Plans": [
                        {
                          "Node Type": "Bitmap Index Scan",
                          "Parent Relationship": "Outer",
                          "Parallel Aware": false,
                          "Index Name": "keyword_id_movie_keyword",
                          "Startup Cost": 0.0,
                          "Total Cost": 12177.3,
                          "Plan Rows": 580916,
                          "Plan Width": 0,
                          "Actual Startup Time": 30.941,
                          "Actual Total Time": 30.942,
                          "Actual Rows": 587834,
                          "Actual Loops": 1,
                          "Index Cond": "(keyword_id < 429)"
                        }
                      ]
                    },
                    {
                      "Node Type": "Hash",
                      "Parent Relationship": "Inner",
                      "Parallel Aware": true,
                      "Startup Cost": 81519.4,
                      "Total Cost": 81519.4,
                      "Plan Rows": 103297,
                      "Plan Width": 8,
                      "Actual Startup Time": 463.085,
                      "Actual Total Time": 463.421,
                      "Actual Rows": 114521,
                      "Actual Loops": 4,
                      "Hash Buckets": 524288,
                      "Original Hash Buckets": 524288,
                      "Hash Batches": 1,
                      "Original Hash Batches": 1,
                      "Peak Memory Usage": 22080,
                      "Plans": [
                        {
                          "Node Type": "Hash Join",
                          "Parent Relationship": "Outer",
                          "Parallel Aware": true,
                          "Join Type": "Inner",
                          "Startup Cost": 49737.61,
                          "Total Cost": 81519.4,
                          "Plan Rows": 103297,
                          "Plan Width": 8,
                          "Actual Startup Time": 292.48,
                          "Actual Total Time": 422.494,
                          "Actual Rows": 114521,
                          "Actual Loops": 4,
                          "Inner Unique": true,
                          "Hash Cond": "(mc.movie_id = t.id)",
                          "Plans": [
                            {
                              "Node Type": "Seq Scan",
                              "Parent Relationship": "Outer",
                              "Parallel Aware": true,
                              "Relation Name": "movie_companies",
                              "Alias": "mc",
                              "Startup Cost": 0.0,
                              "Total Cost": 31414.82,
                              "Plan Rows": 139799,
                              "Plan Width": 4,
                              "Actual Startup Time": 0.022,
                              "Actual Total Time": 67.763,
                              "Actual Rows": 157508,
                              "Actual Loops": 4,
                              "Filter": "((company_id < 2716) AND (company_type_id = 1))",
                              "Rows Removed by Filter": 494774
                            },
                            {
                              "Node Type": "Hash",
                              "Parent Relationship": "Inner",
                              "Parallel Aware": true,
                              "Startup Cost": 43899.32,
                              "Total Cost": 43899.32,
                              "Plan Rows": 467063,
                              "Plan Width": 4,
                              "Actual Startup Time": 287.969,
                              "Actual Total Time": 287.971,
                              "Actual Rows": 466372,
                              "Actual Loops": 4,
                              "Hash Buckets": 2097152,
                              "Original Hash Buckets": 2097152,
                              "Hash Batches": 1,
                              "Original Hash Batches": 1,
                              "Peak Memory Usage": 89440,
                              "Plans": [
                                {
                                  "Node Type": "Seq Scan",
                                  "Parent Relationship": "Outer",
                                  "Parallel Aware": true,
                                  "Relation Name": "title",
                                  "Alias": "t",
                                  "Startup Cost": 0.0,
                                  "Total Cost": 43899.32,
                                  "Plan Rows": 467063,
                                  "Plan Width": 4,
                                  "Actual Startup Time": 0.063,
                                  "Actual Total Time": 111.526,
                                  "Actual Rows": 466372,
                                  "Actual Loops": 4,
                                  "Filter": "(kind_id > 1)",
                                  "Rows Removed by Filter": 165706
                                }
                              ]
                            }
                          ]
                        }
                      ]
                    }
                  ]
                }
              ]
            }
          ]
        }
      ]
    },
    "Planning Time": 0.682,
    "Triggers": [],
    "Execution Time": 645.798
  }
]