[
    {
        "Bao": {
            "Bao prediction": "NaN",
            "Bao recommended hint": "(no hint)"
        }
    },
    {
        "Plan": {
            "Node Type": "Aggregate",
            "Strategy": "Plain",
            "Partial Mode": "Finalize",
            "Parallel Aware": false,
            "Startup Cost": 315491.62,
            "Total Cost": 315491.63,
            "Plan Rows": 1,
            "Plan Width": 8,
            "Actual Startup Time": 206.204,
            "Actual Total Time": 211.49,
            "Actual Rows": 1,
            "Actual Loops": 1,
            "Output": [
                "count(*)"
            ],
            "Plans": [
                {
                    "Node Type": "Gather",
                    "Parent Relationship": "Outer",
                    "Parallel Aware": false,
                    "Startup Cost": 315491.0,
                    "Total Cost": 315491.61,
                    "Plan Rows": 6,
                    "Plan Width": 8,
                    "Actual Startup Time": 205.662,
                    "Actual Total Time": 211.484,
                    "Actual Rows": 7,
                    "Actual Loops": 1,
                    "Output": [
                        "(PARTIAL count(*))"
                    ],
                    "Workers Planned": 6,
                    "Workers Launched": 6,
                    "Single Copy": false,
                    "Plans": [
                        {
                            "Node Type": "Aggregate",
                            "Strategy": "Plain",
                            "Partial Mode": "Partial",
                            "Parent Relationship": "Outer",
                            "Parallel Aware": false,
                            "Startup Cost": 314491.0,
                            "Total Cost": 314491.01,
                            "Plan Rows": 1,
                            "Plan Width": 8,
                            "Actual Startup Time": 194.889,
                            "Actual Total Time": 194.891,
                            "Actual Rows": 1,
                            "Actual Loops": 7,
                            "Output": [
                                "PARTIAL count(*)"
                            ],
                            "Workers": [
                                {
                                    "Worker Number": 0,
                                    "Actual Startup Time": 192.583,
                                    "Actual Total Time": 192.584,
                                    "Actual Rows": 1,
                                    "Actual Loops": 1
                                },
                                {
                                    "Worker Number": 1,
                                    "Actual Startup Time": 192.926,
                                    "Actual Total Time": 192.928,
                                    "Actual Rows": 1,
                                    "Actual Loops": 1
                                },
                                {
                                    "Worker Number": 2,
                                    "Actual Startup Time": 193.273,
                                    "Actual Total Time": 193.274,
                                    "Actual Rows": 1,
                                    "Actual Loops": 1
                                },
                                {
                                    "Worker Number": 3,
                                    "Actual Startup Time": 193.515,
                                    "Actual Total Time": 193.517,
                                    "Actual Rows": 1,
                                    "Actual Loops": 1
                                },
                                {
                                    "Worker Number": 4,
                                    "Actual Startup Time": 193.659,
                                    "Actual Total Time": 193.66,
                                    "Actual Rows": 1,
                                    "Actual Loops": 1
                                },
                                {
                                    "Worker Number": 5,
                                    "Actual Startup Time": 193.424,
                                    "Actual Total Time": 193.425,
                                    "Actual Rows": 1,
                                    "Actual Loops": 1
                                }
                            ],
                            "Plans": [
                                {
                                    "Node Type": "Bitmap Heap Scan",
                                    "Parent Relationship": "Outer",
                                    "Parallel Aware": true,
                                    "Relation Name": "cast_info",
                                    "Schema": "public",
                                    "Alias": "ci",
                                    "Startup Cost": 55066.97,
                                    "Total Cost": 314029.05,
                                    "Plan Rows": 184780,
                                    "Plan Width": 0,
                                    "Actual Startup Time": 157.902,
                                    "Actual Total Time": 189.755,
                                    "Actual Rows": 101818,
                                    "Actual Loops": 7,
                                    "Recheck Cond": "(ci.person_id < 243925)",
                                    "Rows Removed by Index Recheck": 0,
                                    "Filter": "(ci.role_id > 2)",
                                    "Rows Removed by Filter": 258145,
                                    "Exact Heap Blocks": 6886,
                                    "Lossy Heap Blocks": 0,
                                    "Workers": [
                                        {
                                            "Worker Number": 0,
                                            "Actual Startup Time": 155.592,
                                            "Actual Total Time": 187.371,
                                            "Actual Rows": 75655,
                                            "Actual Loops": 1
                                        },
                                        {
                                            "Worker Number": 1,
                                            "Actual Startup Time": 155.946,
                                            "Actual Total Time": 187.796,
                                            "Actual Rows": 74351,
                                            "Actual Loops": 1
                                        },
                                        {
                                            "Worker Number": 2,
                                            "Actual Startup Time": 156.28,
                                            "Actual Total Time": 188.02,
                                            "Actual Rows": 76056,
                                            "Actual Loops": 1
                                        },
                                        {
                                            "Worker Number": 3,
                                            "Actual Startup Time": 156.524,
                                            "Actual Total Time": 188.569,
                                            "Actual Rows": 117030,
                                            "Actual Loops": 1
                                        },
                                        {
                                            "Worker Number": 4,
                                            "Actual Startup Time": 156.673,
                                            "Actual Total Time": 188.742,
                                            "Actual Rows": 115555,
                                            "Actual Loops": 1
                                        },
                                        {
                                            "Worker Number": 5,
                                            "Actual Startup Time": 156.462,
                                            "Actual Total Time": 188.948,
                                            "Actual Rows": 105937,
                                            "Actual Loops": 1
                                        }
                                    ],
                                    "Plans": [
                                        {
                                            "Node Type": "Bitmap Index Scan",
                                            "Parent Relationship": "Outer",
                                            "Parallel Aware": false,
                                            "Index Name": "person_id_cast_info",
                                            "Startup Cost": 0.0,
                                            "Total Cost": 54789.8,
                                            "Plan Rows": 2510031,
                                            "Plan Width": 0,
                                            "Actual Startup Time": 107.174,
                                            "Actual Total Time": 107.175,
                                            "Actual Rows": 2519743,
                                            "Actual Loops": 1,
                                            "Index Cond": "(ci.person_id < 243925)"
                                        }
                                    ]
                                }
                            ]
                        }
                    ]
                }
            ]
        },
        "Planning Time": 192.382,
        "Triggers": [],
        "Execution Time": 211.597
    }
]