[
  {
    "Plan": {
      "Node Type": "Aggregate",
      "Strategy": "Plain",
      "Partial Mode": "Finalize",
      "Parallel Aware": false,
      "Startup Cost": 253500.21,
      "Total Cost": 253500.22,
      "Plan Rows": 1,
      "Plan Width": 8,
      "Actual Startup Time": 1026.03,
      "Actual Total Time": 1073.814,
      "Actual Rows": 1,
      "Actual Loops": 1,
      "Plans": [
        {
          "Node Type": "Gather",
          "Parent Relationship": "Outer",
          "Parallel Aware": false,
          "Startup Cost": 253499.68,
          "Total Cost": 253500.19,
          "Plan Rows": 5,
          "Plan Width": 8,
          "Actual Startup Time": 1020.962,
          "Actual Total Time": 1073.8,
          "Actual Rows": 6,
          "Actual Loops": 1,
          "Workers Planned": 5,
          "Workers Launched": 5,
          "Single Copy": false,
          "Plans": [
            {
              "Node Type": "Aggregate",
              "Strategy": "Plain",
              "Partial Mode": "Partial",
              "Parent Relationship": "Outer",
              "Parallel Aware": false,
              "Startup Cost": 252499.68,
              "Total Cost": 252499.69,
              "Plan Rows": 1,
              "Plan Width": 8,
              "Actual Startup Time": 1012.374,
              "Actual Total Time": 1012.378,
              "Actual Rows": 1,
              "Actual Loops": 6,
              "Plans": [
                {
                  "Node Type": "Hash Join",
                  "Parent Relationship": "Outer",
                  "Parallel Aware": true,
                  "Join Type": "Inner",
                  "Startup Cost": 47261.79,
                  "Total Cost": 251415.78,
                  "Plan Rows": 433563,
                  "Plan Width": 0,
                  "Actual Startup Time": 155.358,
                  "Actual Total Time": 973.491,
                  "Actual Rows": 625246,
                  "Actual Loops": 6,
                  "Inner Unique": true,
                  "Hash Cond": "(mi.movie_id = t.id)",
                  "Plans": [
                    {
                      "Node Type": "Seq Scan",
                      "Parent Relationship": "Outer",
                      "Parallel Aware": true,
                      "Relation Name": "movie_info",
                      "Alias": "mi",
                      "Startup Cost": 0.0,
                      "Total Cost": 199108.24,
                      "Plan Rows": 1922185,
                      "Plan Width": 4,
                      "Actual Startup Time": 0.037,
                      "Actual Total Time": 461.03,
                      "Actual Rows": 1594192,
                      "Actual Loops": 6,
                      "Filter": "(info_type_id < 16)",
                      "Rows Removed by Filter": 878428
                    },
                    {
                      "Node Type": "Hash",
                      "Parent Relationship": "Inner",
                      "Parallel Aware": true,
                      "Startup Cost": 45479.59,
                      "Total Cost": 45479.59,
                      "Plan Rows": 142576,
                      "Plan Width": 4,
                      "Actual Startup Time": 136.136,
                      "Actual Total Time": 136.138,
                      "Actual Rows": 75667,
                      "Actual Loops": 6,
                      "Hash Buckets": 1048576,
                      "Original Hash Buckets": 1048576,
                      "Hash Batches": 1,
                      "Original Hash Batches": 1,
                      "Peak Memory Usage": 26048,
                      "Plans": [
                        {
                          "Node Type": "Seq Scan",
                          "Parent Relationship": "Outer",
                          "Parallel Aware": true,
                          "Relation Name": "title",
                          "Alias": "t",
                          "Startup Cost": 0.0,
                          "Total Cost": 45479.59,
                          "Plan Rows": 142576,
                          "Plan Width": 4,
                          "Actual Startup Time": 46.971,
                          "Actual Total Time": 98.54,
                          "Actual Rows": 75667,
                          "Actual Loops": 6,
                          "Filter": "((production_year > 1963) AND (kind_id = 1))",
                          "Rows Removed by Filter": 345718
                        }
                      ]
                    }
                  ]
                }
              ]
            }
          ]
        }
      ]
    },
    "Planning Time": 0.282,
    "Triggers": [],
    "Execution Time": 1073.865
  }
]