[
    {
        "Bao": {
            "Bao prediction": "NaN",
            "Bao recommended hint": "(no hint)"
        }
    },
    {
        "Plan": {
            "Node Type": "Aggregate",
            "Strategy": "Plain",
            "Partial Mode": "Finalize",
            "Parallel Aware": false,
            "Startup Cost": 137284.18,
            "Total Cost": 137284.19,
            "Plan Rows": 1,
            "Plan Width": 8,
            "Actual Startup Time": 981.207,
            "Actual Total Time": 1029.244,
            "Actual Rows": 1,
            "Actual Loops": 1,
            "Output": [
                "count(*)"
            ],
            "Plans": [
                {
                    "Node Type": "Gather",
                    "Parent Relationship": "Outer",
                    "Parallel Aware": false,
                    "Startup Cost": 137283.86,
                    "Total Cost": 137284.17,
                    "Plan Rows": 3,
                    "Plan Width": 8,
                    "Actual Startup Time": 980.999,
                    "Actual Total Time": 1029.235,
                    "Actual Rows": 4,
                    "Actual Loops": 1,
                    "Output": [
                        "(PARTIAL count(*))"
                    ],
                    "Workers Planned": 3,
                    "Workers Launched": 3,
                    "Single Copy": false,
                    "Plans": [
                        {
                            "Node Type": "Aggregate",
                            "Strategy": "Plain",
                            "Partial Mode": "Partial",
                            "Parent Relationship": "Outer",
                            "Parallel Aware": false,
                            "Startup Cost": 136283.86,
                            "Total Cost": 136283.87,
                            "Plan Rows": 1,
                            "Plan Width": 8,
                            "Actual Startup Time": 972.072,
                            "Actual Total Time": 972.076,
                            "Actual Rows": 1,
                            "Actual Loops": 4,
                            "Output": [
                                "PARTIAL count(*)"
                            ],
                            "Workers": [
                                {
                                    "Worker Number": 0,
                                    "Actual Startup Time": 968.901,
                                    "Actual Total Time": 968.904,
                                    "Actual Rows": 1,
                                    "Actual Loops": 1
                                },
                                {
                                    "Worker Number": 1,
                                    "Actual Startup Time": 969.352,
                                    "Actual Total Time": 969.355,
                                    "Actual Rows": 1,
                                    "Actual Loops": 1
                                },
                                {
                                    "Worker Number": 2,
                                    "Actual Startup Time": 969.474,
                                    "Actual Total Time": 969.477,
                                    "Actual Rows": 1,
                                    "Actual Loops": 1
                                }
                            ],
                            "Plans": [
                                {
                                    "Node Type": "Nested Loop",
                                    "Parent Relationship": "Outer",
                                    "Parallel Aware": false,
                                    "Join Type": "Inner",
                                    "Startup Cost": 45765.72,
                                    "Total Cost": 136094.14,
                                    "Plan Rows": 75889,
                                    "Plan Width": 0,
                                    "Actual Startup Time": 98.743,
                                    "Actual Total Time": 970.41,
                                    "Actual Rows": 20385,
                                    "Actual Loops": 4,
                                    "Inner Unique": false,
                                    "Join Filter": "(t.id = ci.movie_id)",
                                    "Rows Removed by Join Filter": 0,
                                    "Workers": [
                                        {
                                            "Worker Number": 0,
                                            "Actual Startup Time": 96.87,
                                            "Actual Total Time": 967.505,
                                            "Actual Rows": 17914,
                                            "Actual Loops": 1
                                        },
                                        {
                                            "Worker Number": 1,
                                            "Actual Startup Time": 95.546,
                                            "Actual Total Time": 967.694,
                                            "Actual Rows": 22142,
                                            "Actual Loops": 1
                                        },
                                        {
                                            "Worker Number": 2,
                                            "Actual Startup Time": 95.386,
                                            "Actual Total Time": 967.884,
                                            "Actual Rows": 20825,
                                            "Actual Loops": 1
                                        }
                                    ],
                                    "Plans": [
                                        {
                                            "Node Type": "Hash Join",
                                            "Parent Relationship": "Outer",
                                            "Parallel Aware": true,
                                            "Join Type": "Inner",
                                            "Startup Cost": 45765.16,
                                            "Total Cost": 77056.27,
                                            "Plan Rows": 27305,
                                            "Plan Width": 8,
                                            "Actual Startup Time": 97.06,
                                            "Actual Total Time": 247.793,
                                            "Actual Rows": 26372,
                                            "Actual Loops": 4,
                                            "Output": [
                                                "t.id",
                                                "mc.movie_id"
                                            ],
                                            "Inner Unique": true,
                                            "Hash Cond": "(mc.movie_id = t.id)",
                                            "Workers": [
                                                {
                                                    "Worker Number": 0,
                                                    "Actual Startup Time": 93.851,
                                                    "Actual Total Time": 234.371,
                                                    "Actual Rows": 25335,
                                                    "Actual Loops": 1
                                                },
                                                {
                                                    "Worker Number": 1,
                                                    "Actual Startup Time": 94.392,
                                                    "Actual Total Time": 235.51,
                                                    "Actual Rows": 27470,
                                                    "Actual Loops": 1
                                                },
                                                {
                                                    "Worker Number": 2,
                                                    "Actual Startup Time": 94.705,
                                                    "Actual Total Time": 234.711,
                                                    "Actual Rows": 26732,
                                                    "Actual Loops": 1
                                                }
                                            ],
                                            "Plans": [
                                                {
                                                    "Node Type": "Seq Scan",
                                                    "Parent Relationship": "Outer",
                                                    "Parallel Aware": true,
                                                    "Relation Name": "movie_companies",
                                                    "Schema": "public",
                                                    "Alias": "mc",
                                                    "Startup Cost": 0.0,
                                                    "Total Cost": 29310.68,
                                                    "Plan Rows": 754451,
                                                    "Plan Width": 4,
                                                    "Actual Startup Time": 0.044,
                                                    "Actual Total Time": 72.129,
                                                    "Actual Rows": 585781,
                                                    "Actual Loops": 4,
                                                    "Output": [
                                                        "mc.id",
                                                        "mc.movie_id",
                                                        "mc.company_id",
                                                        "mc.company_type_id",
                                                        "mc.note"
                                                    ],
                                                    "Filter": "(mc.company_id > 137)",
                                                    "Rows Removed by Filter": 66501,
                                                    "Workers": [
                                                        {
                                                            "Worker Number": 0,
                                                            "Actual Startup Time": 0.039,
                                                            "Actual Total Time": 67.939,
                                                            "Actual Rows": 575831,
                                                            "Actual Loops": 1
                                                        },
                                                        {
                                                            "Worker Number": 1,
                                                            "Actual Startup Time": 0.04,
                                                            "Actual Total Time": 67.033,
                                                            "Actual Rows": 599222,
                                                            "Actual Loops": 1
                                                        },
                                                        {
                                                            "Worker Number": 2,
                                                            "Actual Startup Time": 0.041,
                                                            "Actual Total Time": 66.235,
                                                            "Actual Rows": 591903,
                                                            "Actual Loops": 1
                                                        }
                                                    ]
                                                },
                                                {
                                                    "Node Type": "Hash",
                                                    "Parent Relationship": "Inner",
                                                    "Parallel Aware": true,
                                                    "Startup Cost": 45479.21,
                                                    "Total Cost": 45479.21,
                                                    "Plan Rows": 22876,
                                                    "Plan Width": 4,
                                                    "Actual Startup Time": 96.161,
                                                    "Actual Total Time": 96.162,
                                                    "Actual Rows": 20248,
                                                    "Actual Loops": 4,
                                                    "Output": [
                                                        "t.id"
                                                    ],
                                                    "Hash Buckets": 131072,
                                                    "Original Hash Buckets": 131072,
                                                    "Hash Batches": 1,
                                                    "Original Hash Batches": 1,
                                                    "Peak Memory Usage": 4256,
                                                    "Workers": [
                                                        {
                                                            "Worker Number": 0,
                                                            "Actual Startup Time": 93.336,
                                                            "Actual Total Time": 93.337,
                                                            "Actual Rows": 18795,
                                                            "Actual Loops": 1
                                                        },
                                                        {
                                                            "Worker Number": 1,
                                                            "Actual Startup Time": 93.77,
                                                            "Actual Total Time": 93.771,
                                                            "Actual Rows": 21284,
                                                            "Actual Loops": 1
                                                        },
                                                        {
                                                            "Worker Number": 2,
                                                            "Actual Startup Time": 94.0,
                                                            "Actual Total Time": 94.001,
                                                            "Actual Rows": 20529,
                                                            "Actual Loops": 1
                                                        }
                                                    ],
                                                    "Plans": [
                                                        {
                                                            "Node Type": "Seq Scan",
                                                            "Parent Relationship": "Outer",
                                                            "Parallel Aware": true,
                                                            "Relation Name": "title",
                                                            "Schema": "public",
                                                            "Alias": "t",
                                                            "Startup Cost": 0.0,
                                                            "Total Cost": 45479.21,
                                                            "Plan Rows": 22876,
                                                            "Plan Width": 4,
                                                            "Actual Startup Time": 0.202,
                                                            "Actual Total Time": 88.851,
                                                            "Actual Rows": 20248,
                                                            "Actual Loops": 4,
                                                            "Output": [
                                                                "t.id"
                                                            ],
                                                            "Filter": "((t.kind_id < 7) AND (t.production_year > 2011))",
                                                            "Rows Removed by Filter": 611830,
                                                            "Workers": [
                                                                {
                                                                    "Worker Number": 0,
                                                                    "Actual Startup Time": 0.404,
                                                                    "Actual Total Time": 85.905,
                                                                    "Actual Rows": 18795,
                                                                    "Actual Loops": 1
                                                                },
                                                                {
                                                                    "Worker Number": 1,
                                                                    "Actual Startup Time": 0.253,
                                                                    "Actual Total Time": 86.903,
                                                                    "Actual Rows": 21284,
                                                                    "Actual Loops": 1
                                                                },
                                                                {
                                                                    "Worker Number": 2,
                                                                    "Actual Startup Time": 0.113,
                                                                    "Actual Total Time": 86.982,
                                                                    "Actual Rows": 20529,
                                                                    "Actual Loops": 1
                                                                }
                                                            ]
                                                        }
                                                    ]
                                                }
                                            ]
                                        },
                                        {
                                            "Node Type": "Index Scan",
                                            "Parent Relationship": "Inner",
                                            "Parallel Aware": false,
                                            "Scan Direction": "Forward",
                                            "Index Name": "movie_id_cast_info",
                                            "Relation Name": "cast_info",
                                            "Schema": "public",
                                            "Alias": "ci",
                                            "Startup Cost": 0.56,
                                            "Total Cost": 2.07,
                                            "Plan Rows": 7,
                                            "Plan Width": 4,
                                            "Actual Startup Time": 0.018,
                                            "Actual Total Time": 0.027,
                                            "Actual Rows": 1,
                                            "Actual Loops": 105490,
                                            "Output": [
                                                "ci.id",
                                                "ci.person_id",
                                                "ci.movie_id",
                                                "ci.person_role_id",
                                                "ci.note",
                                                "ci.nr_order",
                                                "ci.role_id"
                                            ],
                                            "Index Cond": "(ci.movie_id = mc.movie_id)",
                                            "Rows Removed by Index Recheck": 0,
                                            "Filter": "((ci.person_id > 1605182) AND (ci.role_id < 2))",
                                            "Rows Removed by Filter": 32,
                                            "Workers": [
                                                {
                                                    "Worker Number": 0,
                                                    "Actual Startup Time": 0.02,
                                                    "Actual Total Time": 0.029,
                                                    "Actual Rows": 1,
                                                    "Actual Loops": 25335
                                                },
                                                {
                                                    "Worker Number": 1,
                                                    "Actual Startup Time": 0.018,
                                                    "Actual Total Time": 0.026,
                                                    "Actual Rows": 1,
                                                    "Actual Loops": 27470
                                                },
                                                {
                                                    "Worker Number": 2,
                                                    "Actual Startup Time": 0.018,
                                                    "Actual Total Time": 0.027,
                                                    "Actual Rows": 1,
                                                    "Actual Loops": 26732
                                                }
                                            ]
                                        }
                                    ]
                                }
                            ]
                        }
                    ]
                }
            ]
        },
        "Planning Time": 290.886,
        "Triggers": [],
        "Execution Time": 1029.386
    }
]