{
  "Plan": {
    "Node Type": "Aggregate",
    "Strategy": "Plain",
    "Partial Mode": "Finalize",
    "Parallel Aware": false,
    "Startup Cost": 17937.72,
    "Total Cost": 17937.73,
    "Plan Rows": 1,
    "Plan Width": 8,
    "Actual Startup Time": 25.705,
    "Actual Total Time": 29.106,
    "Actual Rows": 1,
    "Actual Loops": 1,
    "Plans": [
      {
        "Node Type": "Gather",
        "Parent Relationship": "Outer",
        "Parallel Aware": false,
        "Startup Cost": 17937.6,
        "Total Cost": 17937.71,
        "Plan Rows": 1,
        "Plan Width": 8,
        "Actual Startup Time": 25.546,
        "Actual Total Time": 29.097,
        "Actual Rows": 2,
        "Actual Loops": 1,
        "Workers Planned": 1,
        "Workers Launched": 1,
        "Single Copy": false,
        "Plans": [
          {
            "Node Type": "Aggregate",
            "Strategy": "Plain",
            "Partial Mode": "Partial",
            "Parent Relationship": "Outer",
            "Parallel Aware": false,
            "Startup Cost": 16937.6,
            "Total Cost": 16937.61,
            "Plan Rows": 1,
            "Plan Width": 8,
            "Actual Startup Time": 19.282,
            "Actual Total Time": 19.285,
            "Actual Rows": 1,
            "Actual Loops": 2,
            "Plans": [
              {
                "Node Type": "Nested Loop",
                "Parent Relationship": "Outer",
                "Parallel Aware": false,
                "Join Type": "Inner",
                "Startup Cost": 75.15,
                "Total Cost": 16937.47,
                "Plan Rows": 52,
                "Plan Width": 0,
                "Actual Startup Time": 2.26,
                "Actual Total Time": 19.254,
                "Actual Rows": 92,
                "Actual Loops": 2,
                "Inner Unique": false,
                "Plans": [
                  {
                    "Node Type": "Nested Loop",
                    "Parent Relationship": "Outer",
                    "Parallel Aware": false,
                    "Join Type": "Inner",
                    "Startup Cost": 74.72,
                    "Total Cost": 16634.48,
                    "Plan Rows": 9,
                    "Plan Width": 8,
                    "Actual Startup Time": 2.133,
                    "Actual Total Time": 18.636,
                    "Actual Rows": 14,
                    "Actual Loops": 2,
                    "Inner Unique": true,
                    "Plans": [
                      {
                        "Node Type": "Bitmap Heap Scan",
                        "Parent Relationship": "Outer",
                        "Parallel Aware": true,
                        "Relation Name": "movie_companies",
                        "Alias": "mc",
                        "Startup Cost": 74.29,
                        "Total Cost": 8752.8,
                        "Plan Rows": 982,
                        "Plan Width": 4,
                        "Actual Startup Time": 1.712,
                        "Actual Total Time": 6.125,
                        "Actual Rows": 1382,
                        "Actual Loops": 2,
                        "Recheck Cond": "(company_id = 240)",
                        "Rows Removed by Index Recheck": 0,
                        "Filter": "(company_type_id < 2)",
                        "Rows Removed by Filter": 564,
                        "Exact Heap Blocks": 1551,
                        "Lossy Heap Blocks": 0,
                        "Plans": [
                          {
                            "Node Type": "Bitmap Index Scan",
                            "Parent Relationship": "Outer",
                            "Parallel Aware": false,
                            "Index Name": "company_id_movie_companies",
                            "Startup Cost": 0.0,
                            "Total Cost": 73.87,
                            "Plan Rows": 3392,
                            "Plan Width": 0,
                            "Actual Startup Time": 2.502,
                            "Actual Total Time": 2.502,
                            "Actual Rows": 3890,
                            "Actual Loops": 1,
                            "Index Cond": "(company_id = 240)"
                          }
                        ]
                      },
                      {
                        "Node Type": "Index Scan",
                        "Parent Relationship": "Inner",
                        "Parallel Aware": false,
                        "Scan Direction": "Forward",
                        "Index Name": "title_pkey",
                        "Relation Name": "title",
                        "Alias": "t",
                        "Startup Cost": 0.43,
                        "Total Cost": 8.03,
                        "Plan Rows": 1,
                        "Plan Width": 4,
                        "Actual Startup Time": 0.008,
                        "Actual Total Time": 0.008,
                        "Actual Rows": 0,
                        "Actual Loops": 2763,
                        "Index Cond": "(id = mc.movie_id)",
                        "Rows Removed by Index Recheck": 0,
                        "Filter": "((kind_id = 7) AND (production_year = 1996))",
                        "Rows Removed by Filter": 1
                      }
                    ]
                  },
                  {
                    "Node Type": "Index Only Scan",
                    "Parent Relationship": "Inner",
                    "Parallel Aware": false,
                    "Scan Direction": "Forward",
                    "Index Name": "movie_id_movie_info",
                    "Relation Name": "movie_info",
                    "Alias": "mi",
                    "Startup Cost": 0.43,
                    "Total Cost": 33.25,
                    "Plan Rows": 42,
                    "Plan Width": 4,
                    "Actual Startup Time": 0.016,
                    "Actual Total Time": 0.041,
                    "Actual Rows": 7,
                    "Actual Loops": 28,
                    "Index Cond": "(movie_id = t.id)",
                    "Rows Removed by Index Recheck": 0,
                    "Heap Fetches": 185
                  }
                ]
              }
            ]
          }
        ]
      }
    ]
  },
  "Planning Time": 1.0,
  "Triggers": [],
  "Execution Time": 29.204
}