{
  "Plan": {
    "Node Type": "Aggregate",
    "Strategy": "Plain",
    "Partial Mode": "Finalize",
    "Parallel Aware": false,
    "Startup Cost": 410003.52,
    "Total Cost": 410003.53,
    "Plan Rows": 1,
    "Plan Width": 8,
    "Actual Startup Time": 284.96,
    "Actual Total Time": 330.265,
    "Actual Rows": 1,
    "Actual Loops": 1,
    "Plans": [
      {
        "Node Type": "Gather",
        "Parent Relationship": "Outer",
        "Parallel Aware": false,
        "Startup Cost": 410003.4,
        "Total Cost": 410003.51,
        "Plan Rows": 1,
        "Plan Width": 8,
        "Actual Startup Time": 284.876,
        "Actual Total Time": 330.258,
        "Actual Rows": 2,
        "Actual Loops": 1,
        "Workers Planned": 1,
        "Workers Launched": 1,
        "Single Copy": false,
        "Plans": [
          {
            "Node Type": "Aggregate",
            "Strategy": "Plain",
            "Partial Mode": "Partial",
            "Parent Relationship": "Outer",
            "Parallel Aware": false,
            "Startup Cost": 409003.4,
            "Total Cost": 409003.41,
            "Plan Rows": 1,
            "Plan Width": 8,
            "Actual Startup Time": 278.961,
            "Actual Total Time": 278.963,
            "Actual Rows": 1,
            "Actual Loops": 2,
            "Plans": [
              {
                "Node Type": "Nested Loop",
                "Parent Relationship": "Outer",
                "Parallel Aware": false,
                "Join Type": "Inner",
                "Startup Cost": 0.56,
                "Total Cost": 408891.28,
                "Plan Rows": 44850,
                "Plan Width": 0,
                "Actual Startup Time": 2.673,
                "Actual Total Time": 275.652,
                "Actual Rows": 50086,
                "Actual Loops": 2,
                "Inner Unique": false,
                "Plans": [
                  {
                    "Node Type": "Seq Scan",
                    "Parent Relationship": "Outer",
                    "Parallel Aware": true,
                    "Relation Name": "title",
                    "Alias": "t",
                    "Startup Cost": 0.0,
                    "Total Cost": 58306.47,
                    "Plan Rows": 3130,
                    "Plan Width": 4,
                    "Actual Startup Time": 2.204,
                    "Actual Total Time": 135.748,
                    "Actual Rows": 3165,
                    "Actual Loops": 2,
                    "Filter": "((kind_id < 7) AND (production_year = 1978))",
                    "Rows Removed by Filter": 1260991
                  },
                  {
                    "Node Type": "Index Only Scan",
                    "Parent Relationship": "Inner",
                    "Parallel Aware": false,
                    "Scan Direction": "Forward",
                    "Index Name": "movie_id_cast_info",
                    "Relation Name": "cast_info",
                    "Alias": "ci",
                    "Startup Cost": 0.56,
                    "Total Cost": 111.64,
                    "Plan Rows": 37,
                    "Plan Width": 4,
                    "Actual Startup Time": 0.01,
                    "Actual Total Time": 0.042,
                    "Actual Rows": 16,
                    "Actual Loops": 6330,
                    "Index Cond": "(movie_id = t.id)",
                    "Rows Removed by Index Recheck": 0,
                    "Heap Fetches": 100172
                  }
                ]
              }
            ]
          }
        ]
      }
    ]
  },
  "Planning Time": 0.54,
  "Triggers": [],
  "Execution Time": 330.348
}