{
  "Plan": {
    "Node Type": "Aggregate",
    "Strategy": "Plain",
    "Partial Mode": "Finalize",
    "Parallel Aware": false,
    "Startup Cost": 176833.51,
    "Total Cost": 176833.52,
    "Plan Rows": 1,
    "Plan Width": 8,
    "Actual Startup Time": 1230.802,
    "Actual Total Time": 1260.176,
    "Actual Rows": 1,
    "Actual Loops": 1,
    "Plans": [
      {
        "Node Type": "Gather",
        "Parent Relationship": "Outer",
        "Parallel Aware": false,
        "Startup Cost": 176833.39,
        "Total Cost": 176833.5,
        "Plan Rows": 1,
        "Plan Width": 8,
        "Actual Startup Time": 1230.381,
        "Actual Total Time": 1260.164,
        "Actual Rows": 2,
        "Actual Loops": 1,
        "Workers Planned": 1,
        "Workers Launched": 1,
        "Single Copy": false,
        "Plans": [
          {
            "Node Type": "Aggregate",
            "Strategy": "Plain",
            "Partial Mode": "Partial",
            "Parent Relationship": "Outer",
            "Parallel Aware": false,
            "Startup Cost": 175833.39,
            "Total Cost": 175833.4,
            "Plan Rows": 1,
            "Plan Width": 8,
            "Actual Startup Time": 1224.141,
            "Actual Total Time": 1224.147,
            "Actual Rows": 1,
            "Actual Loops": 2,
            "Plans": [
              {
                "Node Type": "Nested Loop",
                "Parent Relationship": "Outer",
                "Parallel Aware": false,
                "Join Type": "Inner",
                "Startup Cost": 39038.95,
                "Total Cost": 175161.38,
                "Plan Rows": 268804,
                "Plan Width": 0,
                "Actual Startup Time": 88.317,
                "Actual Total Time": 1158.619,
                "Actual Rows": 1638187,
                "Actual Loops": 2,
                "Inner Unique": false,
                "Join Filter": "(t.id = mi.movie_id)",
                "Rows Removed by Join Filter": 0,
                "Plans": [
                  {
                    "Node Type": "Hash Join",
                    "Parent Relationship": "Outer",
                    "Parallel Aware": true,
                    "Join Type": "Inner",
                    "Startup Cost": 39038.51,
                    "Total Cost": 80731.56,
                    "Plan Rows": 45971,
                    "Plan Width": 8,
                    "Actual Startup Time": 88.249,
                    "Actual Total Time": 355.134,
                    "Actual Rows": 96152,
                    "Actual Loops": 2,
                    "Inner Unique": true,
                    "Hash Cond": "(mc.movie_id = t.id)",
                    "Plans": [
                      {
                        "Node Type": "Seq Scan",
                        "Parent Relationship": "Outer",
                        "Parallel Aware": true,
                        "Relation Name": "movie_companies",
                        "Alias": "mc",
                        "Startup Cost": 0.0,
                        "Total Cost": 37974.77,
                        "Plan Rows": 1416479,
                        "Plan Width": 4,
                        "Actual Startup Time": 0.021,
                        "Actual Total Time": 130.72,
                        "Actual Rows": 1206928,
                        "Actual Loops": 2,
                        "Filter": "(company_id < 114956)",
                        "Rows Removed by Filter": 97637
                      },
                      {
                        "Node Type": "Hash",
                        "Parent Relationship": "Inner",
                        "Parallel Aware": true,
                        "Startup Cost": 38435.18,
                        "Total Cost": 38435.18,
                        "Plan Rows": 48267,
                        "Plan Width": 4,
                        "Actual Startup Time": 85.832,
                        "Actual Total Time": 85.834,
                        "Actual Rows": 44919,
                        "Actual Loops": 2,
                        "Hash Buckets": 131072,
                        "Original Hash Buckets": 131072,
                        "Hash Batches": 1,
                        "Original Hash Batches": 1,
                        "Peak Memory Usage": 4576,
                        "Plans": [
                          {
                            "Node Type": "Bitmap Heap Scan",
                            "Parent Relationship": "Outer",
                            "Parallel Aware": true,
                            "Relation Name": "title",
                            "Alias": "t",
                            "Startup Cost": 1637.05,
                            "Total Cost": 38435.18,
                            "Plan Rows": 48267,
                            "Plan Width": 4,
                            "Actual Startup Time": 21.456,
                            "Actual Total Time": 73.557,
                            "Actual Rows": 44919,
                            "Actual Loops": 2,
                            "Recheck Cond": "(kind_id = 2)",
                            "Rows Removed by Index Recheck": 0,
                            "Filter": "(production_year > 1951)",
                            "Rows Removed by Filter": 507,
                            "Exact Heap Blocks": 18287,
                            "Lossy Heap Blocks": 0,
                            "Plans": [
                              {
                                "Node Type": "Bitmap Index Scan",
                                "Parent Relationship": "Outer",
                                "Parallel Aware": false,
                                "Index Name": "kind_id_title",
                                "Startup Cost": 0.0,
                                "Total Cost": 1616.54,
                                "Plan Rows": 90681,
                                "Plan Width": 0,
                                "Actual Startup Time": 17.705,
                                "Actual Total Time": 17.706,
                                "Actual Rows": 90852,
                                "Actual Loops": 1,
                                "Index Cond": "(kind_id = 2)"
                              }
                            ]
                          }
                        ]
                      }
                    ]
                  },
                  {
                    "Node Type": "Index Only Scan",
                    "Parent Relationship": "Inner",
                    "Parallel Aware": false,
                    "Scan Direction": "Forward",
                    "Index Name": "movie_id_movie_info",
                    "Relation Name": "movie_info",
                    "Alias": "mi",
                    "Startup Cost": 0.43,
                    "Total Cost": 1.53,
                    "Plan Rows": 42,
                    "Plan Width": 4,
                    "Actual Startup Time": 0.002,
                    "Actual Total Time": 0.007,
                    "Actual Rows": 17,
                    "Actual Loops": 192304,
                    "Index Cond": "(movie_id = mc.movie_id)",
                    "Rows Removed by Index Recheck": 0,
                    "Heap Fetches": 3276374
                  }
                ]
              }
            ]
          }
        ]
      }
    ]
  },
  "Planning Time": 1.041,
  "Triggers": [],
  "Execution Time": 1260.298
}