{
  "Plan": {
    "Node Type": "Aggregate",
    "Strategy": "Plain",
    "Partial Mode": "Finalize",
    "Parallel Aware": false,
    "Startup Cost": 204095.73,
    "Total Cost": 204095.74,
    "Plan Rows": 1,
    "Plan Width": 8,
    "Actual Startup Time": 477.006,
    "Actual Total Time": 489.004,
    "Actual Rows": 1,
    "Actual Loops": 1,
    "Plans": [
      {
        "Node Type": "Gather",
        "Parent Relationship": "Outer",
        "Parallel Aware": false,
        "Startup Cost": 204095.62,
        "Total Cost": 204095.73,
        "Plan Rows": 1,
        "Plan Width": 8,
        "Actual Startup Time": 474.192,
        "Actual Total Time": 488.997,
        "Actual Rows": 2,
        "Actual Loops": 1,
        "Workers Planned": 1,
        "Workers Launched": 1,
        "Single Copy": false,
        "Plans": [
          {
            "Node Type": "Aggregate",
            "Strategy": "Plain",
            "Partial Mode": "Partial",
            "Parent Relationship": "Outer",
            "Parallel Aware": false,
            "Startup Cost": 203095.62,
            "Total Cost": 203095.63,
            "Plan Rows": 1,
            "Plan Width": 8,
            "Actual Startup Time": 468.269,
            "Actual Total Time": 468.276,
            "Actual Rows": 1,
            "Actual Loops": 2,
            "Plans": [
              {
                "Node Type": "Merge Join",
                "Parent Relationship": "Outer",
                "Parallel Aware": false,
                "Join Type": "Inner",
                "Startup Cost": 202058.57,
                "Total Cost": 203089.43,
                "Plan Rows": 2476,
                "Plan Width": 0,
                "Actual Startup Time": 441.69,
                "Actual Total Time": 466.664,
                "Actual Rows": 40216,
                "Actual Loops": 2,
                "Inner Unique": false,
                "Merge Cond": "(t.id = mi.movie_id)",
                "Plans": [
                  {
                    "Node Type": "Sort",
                    "Parent Relationship": "Outer",
                    "Parallel Aware": false,
                    "Startup Cost": 107982.47,
                    "Total Cost": 108389.74,
                    "Plan Rows": 162905,
                    "Plan Width": 8,
                    "Actual Startup Time": 418.466,
                    "Actual Total Time": 425.205,
                    "Actual Rows": 174414,
                    "Actual Loops": 2,
                    "Sort Key": [
                      "t.id"
                    ],
                    "Sort Method": "quicksort",
                    "Sort Space Used": 14507,
                    "Sort Space Type": "Memory",
                    "Workers": [
                      {
                        "Worker Number": 0,
                        "Sort Method": "quicksort",
                        "Sort Space Used": 14142,
                        "Sort Space Type": "Memory"
                      }
                    ],
                    "Plans": [
                      {
                        "Node Type": "Hash Join",
                        "Parent Relationship": "Outer",
                        "Parallel Aware": true,
                        "Join Type": "Inner",
                        "Startup Cost": 55713.42,
                        "Total Cost": 93880.06,
                        "Plan Rows": 162905,
                        "Plan Width": 8,
                        "Actual Startup Time": 167.431,
                        "Actual Total Time": 382.854,
                        "Actual Rows": 174509,
                        "Actual Loops": 2,
                        "Inner Unique": true,
                        "Hash Cond": "(mc.movie_id = t.id)",
                        "Plans": [
                          {
                            "Node Type": "Seq Scan",
                            "Parent Relationship": "Outer",
                            "Parallel Aware": true,
                            "Relation Name": "movie_companies",
                            "Alias": "mc",
                            "Startup Cost": 0.0,
                            "Total Cost": 34137.82,
                            "Plan Rows": 1534782,
                            "Plan Width": 4,
                            "Actual Startup Time": 0.013,
                            "Actual Total Time": 97.218,
                            "Actual Rows": 1304564,
                            "Actual Loops": 2
                          },
                          {
                            "Node Type": "Hash",
                            "Parent Relationship": "Inner",
                            "Parallel Aware": true,
                            "Startup Cost": 53740.2,
                            "Total Cost": 53740.2,
                            "Plan Rows": 157858,
                            "Plan Width": 4,
                            "Actual Startup Time": 122.63,
                            "Actual Total Time": 122.631,
                            "Actual Rows": 108141,
                            "Actual Loops": 2,
                            "Hash Buckets": 524288,
                            "Original Hash Buckets": 524288,
                            "Hash Batches": 1,
                            "Original Hash Batches": 1,
                            "Peak Memory Usage": 12576,
                            "Plans": [
                              {
                                "Node Type": "Bitmap Heap Scan",
                                "Parent Relationship": "Outer",
                                "Parallel Aware": true,
                                "Relation Name": "title",
                                "Alias": "t",
                                "Startup Cost": 11889.94,
                                "Total Cost": 53740.2,
                                "Plan Rows": 157858,
                                "Plan Width": 4,
                                "Actual Startup Time": 34.334,
                                "Actual Total Time": 96.763,
                                "Actual Rows": 108141,
                                "Actual Loops": 2,
                                "Recheck Cond": "(kind_id = 1)",
                                "Rows Removed by Index Recheck": 0,
                                "Filter": "(production_year > 2005)",
                                "Rows Removed by Filter": 223272,
                                "Exact Heap Blocks": 8442,
                                "Lossy Heap Blocks": 0,
                                "Plans": [
                                  {
                                    "Node Type": "Bitmap Index Scan",
                                    "Parent Relationship": "Outer",
                                    "Parallel Aware": false,
                                    "Index Name": "kind_id_title",
                                    "Startup Cost": 0.0,
                                    "Total Cost": 11822.85,
                                    "Plan Rows": 663256,
                                    "Plan Width": 0,
                                    "Actual Startup Time": 32.917,
                                    "Actual Total Time": 32.917,
                                    "Actual Rows": 662825,
                                    "Actual Loops": 1,
                                    "Index Cond": "(kind_id = 1)"
                                  }
                                ]
                              }
                            ]
                          }
                        ]
                      }
                    ]
                  },
                  {
                    "Node Type": "Sort",
                    "Parent Relationship": "Inner",
                    "Parallel Aware": false,
                    "Startup Cost": 94076.08,
                    "Total Cost": 94172.18,
                    "Plan Rows": 38438,
                    "Plan Width": 4,
                    "Actual Startup Time": 22.631,
                    "Actual Total Time": 26.522,
                    "Actual Rows": 70546,
                    "Actual Loops": 2,
                    "Sort Key": [
                      "mi.movie_id"
                    ],
                    "Sort Method": "quicksort",
                    "Sort Space Used": 3270,
                    "Sort Space Type": "Memory",
                    "Workers": [
                      {
                        "Worker Number": 0,
                        "Sort Method": "quicksort",
                        "Sort Space Used": 3270,
                        "Sort Space Type": "Memory"
                      }
                    ],
                    "Plans": [
                      {
                        "Node Type": "Bitmap Heap Scan",
                        "Parent Relationship": "Outer",
                        "Parallel Aware": false,
                        "Relation Name": "movie_info",
                        "Alias": "mi",
                        "Startup Cost": 698.33,
                        "Total Cost": 91148.98,
                        "Plan Rows": 38438,
                        "Plan Width": 4,
                        "Actual Startup Time": 2.166,
                        "Actual Total Time": 14.602,
                        "Actual Rows": 36985,
                        "Actual Loops": 2,
                        "Recheck Cond": "(info_type_id = 104)",
                        "Rows Removed by Index Recheck": 0,
                        "Exact Heap Blocks": 4797,
                        "Lossy Heap Blocks": 0,
                        "Plans": [
                          {
                            "Node Type": "Bitmap Index Scan",
                            "Parent Relationship": "Outer",
                            "Parallel Aware": false,
                            "Index Name": "info_type_id_movie_info",
                            "Startup Cost": 0.0,
                            "Total Cost": 688.72,
                            "Plan Rows": 38438,
                            "Plan Width": 0,
                            "Actual Startup Time": 1.65,
                            "Actual Total Time": 1.65,
                            "Actual Rows": 36985,
                            "Actual Loops": 2,
                            "Index Cond": "(info_type_id = 104)"
                          }
                        ]
                      }
                    ]
                  }
                ]
              }
            ]
          }
        ]
      }
    ]
  },
  "Planning Time": 1.088,
  "Triggers": [],
  "Execution Time": 489.128
}