[
    {
        "Bao": {
            "Bao prediction": "NaN",
            "Bao recommended hint": "(no hint)"
        }
    },
    {
        "Plan": {
            "Node Type": "Aggregate",
            "Strategy": "Plain",
            "Partial Mode": "Finalize",
            "Parallel Aware": false,
            "Startup Cost": 539548.56,
            "Total Cost": 539548.57,
            "Plan Rows": 1,
            "Plan Width": 8,
            "Actual Startup Time": 604.105,
            "Actual Total Time": 638.179,
            "Actual Rows": 1,
            "Actual Loops": 1,
            "Output": [
                "count(*)"
            ],
            "Plans": [
                {
                    "Node Type": "Gather",
                    "Parent Relationship": "Outer",
                    "Parallel Aware": false,
                    "Startup Cost": 539548.03,
                    "Total Cost": 539548.54,
                    "Plan Rows": 5,
                    "Plan Width": 8,
                    "Actual Startup Time": 600.838,
                    "Actual Total Time": 638.17,
                    "Actual Rows": 6,
                    "Actual Loops": 1,
                    "Output": [
                        "(PARTIAL count(*))"
                    ],
                    "Workers Planned": 5,
                    "Workers Launched": 5,
                    "Single Copy": false,
                    "Plans": [
                        {
                            "Node Type": "Aggregate",
                            "Strategy": "Plain",
                            "Partial Mode": "Partial",
                            "Parent Relationship": "Outer",
                            "Parallel Aware": false,
                            "Startup Cost": 538548.03,
                            "Total Cost": 538548.04,
                            "Plan Rows": 1,
                            "Plan Width": 8,
                            "Actual Startup Time": 590.495,
                            "Actual Total Time": 590.499,
                            "Actual Rows": 1,
                            "Actual Loops": 6,
                            "Output": [
                                "PARTIAL count(*)"
                            ],
                            "Workers": [
                                {
                                    "Worker Number": 0,
                                    "Actual Startup Time": 588.68,
                                    "Actual Total Time": 588.684,
                                    "Actual Rows": 1,
                                    "Actual Loops": 1
                                },
                                {
                                    "Worker Number": 1,
                                    "Actual Startup Time": 588.068,
                                    "Actual Total Time": 588.072,
                                    "Actual Rows": 1,
                                    "Actual Loops": 1
                                },
                                {
                                    "Worker Number": 2,
                                    "Actual Startup Time": 588.474,
                                    "Actual Total Time": 588.478,
                                    "Actual Rows": 1,
                                    "Actual Loops": 1
                                },
                                {
                                    "Worker Number": 3,
                                    "Actual Startup Time": 588.48,
                                    "Actual Total Time": 588.484,
                                    "Actual Rows": 1,
                                    "Actual Loops": 1
                                },
                                {
                                    "Worker Number": 4,
                                    "Actual Startup Time": 589.025,
                                    "Actual Total Time": 589.029,
                                    "Actual Rows": 1,
                                    "Actual Loops": 1
                                }
                            ],
                            "Plans": [
                                {
                                    "Node Type": "Nested Loop",
                                    "Parent Relationship": "Outer",
                                    "Parallel Aware": false,
                                    "Join Type": "Inner",
                                    "Startup Cost": 74689.52,
                                    "Total Cost": 534734.36,
                                    "Plan Rows": 1525470,
                                    "Plan Width": 0,
                                    "Actual Startup Time": 192.208,
                                    "Actual Total Time": 574.292,
                                    "Actual Rows": 281864,
                                    "Actual Loops": 6,
                                    "Inner Unique": false,
                                    "Join Filter": "(t.id = ci.movie_id)",
                                    "Rows Removed by Join Filter": 0,
                                    "Workers": [
                                        {
                                            "Worker Number": 0,
                                            "Actual Startup Time": 190.006,
                                            "Actual Total Time": 571.715,
                                            "Actual Rows": 194337,
                                            "Actual Loops": 1
                                        },
                                        {
                                            "Worker Number": 1,
                                            "Actual Startup Time": 189.664,
                                            "Actual Total Time": 573.289,
                                            "Actual Rows": 281370,
                                            "Actual Loops": 1
                                        },
                                        {
                                            "Worker Number": 2,
                                            "Actual Startup Time": 191.152,
                                            "Actual Total Time": 570.935,
                                            "Actual Rows": 202525,
                                            "Actual Loops": 1
                                        },
                                        {
                                            "Worker Number": 3,
                                            "Actual Startup Time": 190.311,
                                            "Actual Total Time": 573.043,
                                            "Actual Rows": 290865,
                                            "Actual Loops": 1
                                        },
                                        {
                                            "Worker Number": 4,
                                            "Actual Startup Time": 190.625,
                                            "Actual Total Time": 574.115,
                                            "Actual Rows": 283529,
                                            "Actual Loops": 1
                                        }
                                    ],
                                    "Plans": [
                                        {
                                            "Node Type": "Hash Join",
                                            "Parent Relationship": "Outer",
                                            "Parallel Aware": true,
                                            "Join Type": "Inner",
                                            "Startup Cost": 74688.96,
                                            "Total Cost": 241070.98,
                                            "Plan Rows": 106389,
                                            "Plan Width": 8,
                                            "Actual Startup Time": 192.045,
                                            "Actual Total Time": 270.569,
                                            "Actual Rows": 6201,
                                            "Actual Loops": 6,
                                            "Output": [
                                                "t.id",
                                                "mi.movie_id"
                                            ],
                                            "Inner Unique": true,
                                            "Hash Cond": "(mi.movie_id = t.id)",
                                            "Workers": [
                                                {
                                                    "Worker Number": 0,
                                                    "Actual Startup Time": 189.851,
                                                    "Actual Total Time": 265.362,
                                                    "Actual Rows": 4366,
                                                    "Actual Loops": 1
                                                },
                                                {
                                                    "Worker Number": 1,
                                                    "Actual Startup Time": 189.493,
                                                    "Actual Total Time": 267.104,
                                                    "Actual Rows": 6277,
                                                    "Actual Loops": 1
                                                },
                                                {
                                                    "Worker Number": 2,
                                                    "Actual Startup Time": 190.978,
                                                    "Actual Total Time": 264.427,
                                                    "Actual Rows": 4185,
                                                    "Actual Loops": 1
                                                },
                                                {
                                                    "Worker Number": 3,
                                                    "Actual Startup Time": 190.044,
                                                    "Actual Total Time": 267.452,
                                                    "Actual Rows": 6165,
                                                    "Actual Loops": 1
                                                },
                                                {
                                                    "Worker Number": 4,
                                                    "Actual Startup Time": 190.456,
                                                    "Actual Total Time": 268.498,
                                                    "Actual Rows": 6560,
                                                    "Actual Loops": 1
                                                }
                                            ],
                                            "Plans": [
                                                {
                                                    "Node Type": "Bitmap Heap Scan",
                                                    "Parent Relationship": "Outer",
                                                    "Parallel Aware": true,
                                                    "Relation Name": "movie_info",
                                                    "Schema": "public",
                                                    "Alias": "mi",
                                                    "Startup Cost": 26313.05,
                                                    "Total Cost": 191933.34,
                                                    "Plan Rows": 290184,
                                                    "Plan Width": 4,
                                                    "Actual Startup Time": 41.457,
                                                    "Actual Total Time": 72.484,
                                                    "Actual Rows": 233650,
                                                    "Actual Loops": 6,
                                                    "Output": [
                                                        "mi.id",
                                                        "mi.movie_id",
                                                        "mi.info_type_id",
                                                        "mi.info",
                                                        "mi.note"
                                                    ],
                                                    "Recheck Cond": "(mi.info_type_id = 7)",
                                                    "Rows Removed by Index Recheck": 0,
                                                    "Exact Heap Blocks": 2210,
                                                    "Lossy Heap Blocks": 0,
                                                    "Workers": [
                                                        {
                                                            "Worker Number": 0,
                                                            "Actual Startup Time": 41.494,
                                                            "Actual Total Time": 72.868,
                                                            "Actual Rows": 173944,
                                                            "Actual Loops": 1
                                                        },
                                                        {
                                                            "Worker Number": 1,
                                                            "Actual Startup Time": 41.396,
                                                            "Actual Total Time": 72.165,
                                                            "Actual Rows": 249447,
                                                            "Actual Loops": 1
                                                        },
                                                        {
                                                            "Worker Number": 2,
                                                            "Actual Startup Time": 41.521,
                                                            "Actual Total Time": 72.708,
                                                            "Actual Rows": 171550,
                                                            "Actual Loops": 1
                                                        },
                                                        {
                                                            "Worker Number": 3,
                                                            "Actual Startup Time": 41.536,
                                                            "Actual Total Time": 71.33,
                                                            "Actual Rows": 249032,
                                                            "Actual Loops": 1
                                                        },
                                                        {
                                                            "Worker Number": 4,
                                                            "Actual Startup Time": 41.478,
                                                            "Actual Total Time": 72.298,
                                                            "Actual Rows": 248690,
                                                            "Actual Loops": 1
                                                        }
                                                    ],
                                                    "Plans": [
                                                        {
                                                            "Node Type": "Bitmap Index Scan",
                                                            "Parent Relationship": "Outer",
                                                            "Parallel Aware": false,
                                                            "Index Name": "info_type_id_movie_info",
                                                            "Startup Cost": 0.0,
                                                            "Total Cost": 25950.32,
                                                            "Plan Rows": 1450918,
                                                            "Plan Width": 0,
                                                            "Actual Startup Time": 39.904,
                                                            "Actual Total Time": 39.905,
                                                            "Actual Rows": 1401902,
                                                            "Actual Loops": 1,
                                                            "Index Cond": "(mi.info_type_id = 7)"
                                                        }
                                                    ]
                                                },
                                                {
                                                    "Node Type": "Hash",
                                                    "Parent Relationship": "Inner",
                                                    "Parallel Aware": true,
                                                    "Startup Cost": 45479.21,
                                                    "Total Cost": 45479.21,
                                                    "Plan Rows": 231736,
                                                    "Plan Width": 4,
                                                    "Actual Startup Time": 147.899,
                                                    "Actual Total Time": 147.9,
                                                    "Actual Rows": 170701,
                                                    "Actual Loops": 6,
                                                    "Output": [
                                                        "t.id"
                                                    ],
                                                    "Hash Buckets": 1048576,
                                                    "Original Hash Buckets": 1048576,
                                                    "Hash Batches": 1,
                                                    "Original Hash Batches": 1,
                                                    "Peak Memory Usage": 48384,
                                                    "Workers": [
                                                        {
                                                            "Worker Number": 0,
                                                            "Actual Startup Time": 147.39,
                                                            "Actual Total Time": 147.391,
                                                            "Actual Rows": 127878,
                                                            "Actual Loops": 1
                                                        },
                                                        {
                                                            "Worker Number": 1,
                                                            "Actual Startup Time": 147.518,
                                                            "Actual Total Time": 147.519,
                                                            "Actual Rows": 174447,
                                                            "Actual Loops": 1
                                                        },
                                                        {
                                                            "Worker Number": 2,
                                                            "Actual Startup Time": 147.872,
                                                            "Actual Total Time": 147.873,
                                                            "Actual Rows": 126301,
                                                            "Actual Loops": 1
                                                        },
                                                        {
                                                            "Worker Number": 3,
                                                            "Actual Startup Time": 147.865,
                                                            "Actual Total Time": 147.866,
                                                            "Actual Rows": 170060,
                                                            "Actual Loops": 1
                                                        },
                                                        {
                                                            "Worker Number": 4,
                                                            "Actual Startup Time": 148.47,
                                                            "Actual Total Time": 148.471,
                                                            "Actual Rows": 175902,
                                                            "Actual Loops": 1
                                                        }
                                                    ],
                                                    "Plans": [
                                                        {
                                                            "Node Type": "Seq Scan",
                                                            "Parent Relationship": "Outer",
                                                            "Parallel Aware": true,
                                                            "Relation Name": "title",
                                                            "Schema": "public",
                                                            "Alias": "t",
                                                            "Startup Cost": 0.0,
                                                            "Total Cost": 45479.21,
                                                            "Plan Rows": 231736,
                                                            "Plan Width": 4,
                                                            "Actual Startup Time": 0.045,
                                                            "Actual Total Time": 80.422,
                                                            "Actual Rows": 170701,
                                                            "Actual Loops": 6,
                                                            "Output": [
                                                                "t.id"
                                                            ],
                                                            "Filter": "((t.production_year > 1997) AND (t.kind_id = 7))",
                                                            "Rows Removed by Filter": 250684,
                                                            "Workers": [
                                                                {
                                                                    "Worker Number": 0,
                                                                    "Actual Startup Time": 0.044,
                                                                    "Actual Total Time": 82.692,
                                                                    "Actual Rows": 127878,
                                                                    "Actual Loops": 1
                                                                },
                                                                {
                                                                    "Worker Number": 1,
                                                                    "Actual Startup Time": 0.044,
                                                                    "Actual Total Time": 81.723,
                                                                    "Actual Rows": 174447,
                                                                    "Actual Loops": 1
                                                                },
                                                                {
                                                                    "Worker Number": 2,
                                                                    "Actual Startup Time": 0.05,
                                                                    "Actual Total Time": 82.569,
                                                                    "Actual Rows": 126301,
                                                                    "Actual Loops": 1
                                                                },
                                                                {
                                                                    "Worker Number": 3,
                                                                    "Actual Startup Time": 0.051,
                                                                    "Actual Total Time": 79.136,
                                                                    "Actual Rows": 170060,
                                                                    "Actual Loops": 1
                                                                },
                                                                {
                                                                    "Worker Number": 4,
                                                                    "Actual Startup Time": 0.066,
                                                                    "Actual Total Time": 82.442,
                                                                    "Actual Rows": 175902,
                                                                    "Actual Loops": 1
                                                                }
                                                            ]
                                                        }
                                                    ]
                                                }
                                            ]
                                        },
                                        {
                                            "Node Type": "Index Only Scan",
                                            "Parent Relationship": "Inner",
                                            "Parallel Aware": false,
                                            "Scan Direction": "Forward",
                                            "Index Name": "movie_id_cast_info",
                                            "Relation Name": "cast_info",
                                            "Schema": "public",
                                            "Alias": "ci",
                                            "Startup Cost": 0.56,
                                            "Total Cost": 2.29,
                                            "Plan Rows": 38,
                                            "Plan Width": 4,
                                            "Actual Startup Time": 0.007,
                                            "Actual Total Time": 0.044,
                                            "Actual Rows": 45,
                                            "Actual Loops": 37204,
                                            "Output": [
                                                "ci.movie_id"
                                            ],
                                            "Index Cond": "(ci.movie_id = mi.movie_id)",
                                            "Rows Removed by Index Recheck": 0,
                                            "Heap Fetches": 1691182,
                                            "Workers": [
                                                {
                                                    "Worker Number": 0,
                                                    "Actual Startup Time": 0.01,
                                                    "Actual Total Time": 0.062,
                                                    "Actual Rows": 45,
                                                    "Actual Loops": 4366
                                                },
                                                {
                                                    "Worker Number": 1,
                                                    "Actual Startup Time": 0.007,
                                                    "Actual Total Time": 0.044,
                                                    "Actual Rows": 45,
                                                    "Actual Loops": 6277
                                                },
                                                {
                                                    "Worker Number": 2,
                                                    "Actual Startup Time": 0.01,
                                                    "Actual Total Time": 0.065,
                                                    "Actual Rows": 48,
                                                    "Actual Loops": 4185
                                                },
                                                {
                                                    "Worker Number": 3,
                                                    "Actual Startup Time": 0.007,
                                                    "Actual Total Time": 0.045,
                                                    "Actual Rows": 47,
                                                    "Actual Loops": 6165
                                                },
                                                {
                                                    "Worker Number": 4,
                                                    "Actual Startup Time": 0.007,
                                                    "Actual Total Time": 0.042,
                                                    "Actual Rows": 43,
                                                    "Actual Loops": 6560
                                                }
                                            ]
                                        }
                                    ]
                                }
                            ]
                        }
                    ]
                }
            ]
        },
        "Planning Time": 206.178,
        "Triggers": [],
        "Execution Time": 638.364
    }
]