[
  {
    "Plan": {
      "Node Type": "Aggregate",
      "Strategy": "Plain",
      "Partial Mode": "Finalize",
      "Parallel Aware": false,
      "Startup Cost": 130569.54,
      "Total Cost": 130569.55,
      "Plan Rows": 1,
      "Plan Width": 8,
      "Actual Startup Time": 1535.593,
      "Actual Total Time": 1620.155,
      "Actual Rows": 1,
      "Actual Loops": 1,
      "Plans": [
        {
          "Node Type": "Gather",
          "Parent Relationship": "Outer",
          "Parallel Aware": false,
          "Startup Cost": 130569.22,
          "Total Cost": 130569.53,
          "Plan Rows": 3,
          "Plan Width": 8,
          "Actual Startup Time": 1524.747,
          "Actual Total Time": 1620.14,
          "Actual Rows": 4,
          "Actual Loops": 1,
          "Workers Planned": 3,
          "Workers Launched": 3,
          "Single Copy": false,
          "Plans": [
            {
              "Node Type": "Aggregate",
              "Strategy": "Plain",
              "Partial Mode": "Partial",
              "Parent Relationship": "Outer",
              "Parallel Aware": false,
              "Startup Cost": 129569.22,
              "Total Cost": 129569.23,
              "Plan Rows": 1,
              "Plan Width": 8,
              "Actual Startup Time": 1511.53,
              "Actual Total Time": 1511.535,
              "Actual Rows": 1,
              "Actual Loops": 4,
              "Plans": [
                {
                  "Node Type": "Nested Loop",
                  "Parent Relationship": "Outer",
                  "Parallel Aware": false,
                  "Join Type": "Inner",
                  "Startup Cost": 51859.56,
                  "Total Cost": 128989.45,
                  "Plan Rows": 231909,
                  "Plan Width": 0,
                  "Actual Startup Time": 379.332,
                  "Actual Total Time": 1471.737,
                  "Actual Rows": 718150,
                  "Actual Loops": 4,
                  "Inner Unique": false,
                  "Plans": [
                    {
                      "Node Type": "Hash Join",
                      "Parent Relationship": "Outer",
                      "Parallel Aware": true,
                      "Join Type": "Inner",
                      "Startup Cost": 51859.0,
                      "Total Cost": 76689.59,
                      "Plan Rows": 24898,
                      "Plan Width": 8,
                      "Actual Startup Time": 379.035,
                      "Actual Total Time": 415.379,
                      "Actual Rows": 19226,
                      "Actual Loops": 4,
                      "Inner Unique": true,
                      "Hash Cond": "(mk.movie_id = t.id)",
                      "Plans": [
                        {
                          "Node Type": "Bitmap Heap Scan",
                          "Parent Relationship": "Outer",
                          "Parallel Aware": true,
                          "Relation Name": "movie_keyword",
                          "Alias": "mk",
                          "Startup Cost": 1638.62,
                          "Total Cost": 26403.85,
                          "Plan Rows": 24898,
                          "Plan Width": 4,
                          "Actual Startup Time": 11.946,
                          "Actual Total Time": 33.857,
                          "Actual Rows": 19226,
                          "Actual Loops": 4,
                          "Recheck Cond": "(keyword_id > 88732)",
                          "Rows Removed by Index Recheck": 0,
                          "Exact Heap Blocks": 3764,
                          "Lossy Heap Blocks": 0,
                          "Plans": [
                            {
                              "Node Type": "Bitmap Index Scan",
                              "Parent Relationship": "Outer",
                              "Parallel Aware": false,
                              "Index Name": "keyword_id_movie_keyword",
                              "Startup Cost": 0.0,
                              "Total Cost": 1619.32,
                              "Plan Rows": 77185,
                              "Plan Width": 0,
                              "Actual Startup Time": 8.228,
                              "Actual Total Time": 8.231,
                              "Actual Rows": 76902,
                              "Actual Loops": 1,
                              "Index Cond": "(keyword_id > 88732)"
                            }
                          ]
                        },
                        {
                          "Node Type": "Hash",
                          "Parent Relationship": "Inner",
                          "Parallel Aware": true,
                          "Startup Cost": 42319.06,
                          "Total Cost": 42319.06,
                          "Plan Rows": 632106,
                          "Plan Width": 4,
                          "Actual Startup Time": 358.545,
                          "Actual Total Time": 358.546,
                          "Actual Rows": 632078,
                          "Actual Loops": 4,
                          "Hash Buckets": 4194304,
                          "Original Hash Buckets": 4194304,
                          "Hash Batches": 1,
                          "Original Hash Batches": 1,
                          "Peak Memory Usage": 131744,
                          "Plans": [
                            {
                              "Node Type": "Seq Scan",
                              "Parent Relationship": "Outer",
                              "Parallel Aware": true,
                              "Relation Name": "title",
                              "Alias": "t",
                              "Startup Cost": 0.0,
                              "Total Cost": 42319.06,
                              "Plan Rows": 632106,
                              "Plan Width": 4,
                              "Actual Startup Time": 0.033,
                              "Actual Total Time": 105.84,
                              "Actual Rows": 632078,
                              "Actual Loops": 4
                            }
                          ]
                        }
                      ]
                    },
                    {
                      "Node Type": "Index Scan",
                      "Parent Relationship": "Inner",
                      "Parallel Aware": false,
                      "Scan Direction": "Forward",
                      "Index Name": "movie_id_cast_info",
                      "Relation Name": "cast_info",
                      "Alias": "ci",
                      "Startup Cost": 0.56,
                      "Total Cost": 1.87,
                      "Plan Rows": 23,
                      "Plan Width": 4,
                      "Actual Startup Time": 0.022,
                      "Actual Total Time": 0.052,
                      "Actual Rows": 37,
                      "Actual Loops": 76902,
                      "Index Cond": "(movie_id = t.id)",
                      "Rows Removed by Index Recheck": 0,
                      "Filter": "(role_id > 1)",
                      "Rows Removed by Filter": 21
                    }
                  ]
                }
              ]
            }
          ]
        }
      ]
    },
    "Planning Time": 0.474,
    "Triggers": [],
    "Execution Time": 1620.238
  }
]