[
    {
        "Bao": {
            "Bao prediction": 438.098,
            "Bao recommended hint": "(no hint)"
        }
    },
    {
        "Plan": {
            "Node Type": "Aggregate",
            "Strategy": "Plain",
            "Partial Mode": "Finalize",
            "Parallel Aware": false,
            "Startup Cost": 32662.34,
            "Total Cost": 32662.35,
            "Plan Rows": 1,
            "Plan Width": 8,
            "Actual Startup Time": 99.19,
            "Actual Total Time": 104.163,
            "Actual Rows": 1,
            "Actual Loops": 1,
            "Output": [
                "count(*)"
            ],
            "Plans": [
                {
                    "Node Type": "Gather",
                    "Parent Relationship": "Outer",
                    "Parallel Aware": false,
                    "Startup Cost": 32662.03,
                    "Total Cost": 32662.34,
                    "Plan Rows": 3,
                    "Plan Width": 8,
                    "Actual Startup Time": 99.101,
                    "Actual Total Time": 104.155,
                    "Actual Rows": 4,
                    "Actual Loops": 1,
                    "Output": [
                        "(PARTIAL count(*))"
                    ],
                    "Workers Planned": 3,
                    "Workers Launched": 3,
                    "Single Copy": false,
                    "Plans": [
                        {
                            "Node Type": "Aggregate",
                            "Strategy": "Plain",
                            "Partial Mode": "Partial",
                            "Parent Relationship": "Outer",
                            "Parallel Aware": false,
                            "Startup Cost": 31662.03,
                            "Total Cost": 31662.04,
                            "Plan Rows": 1,
                            "Plan Width": 8,
                            "Actual Startup Time": 91.563,
                            "Actual Total Time": 91.564,
                            "Actual Rows": 1,
                            "Actual Loops": 4,
                            "Output": [
                                "PARTIAL count(*)"
                            ],
                            "Workers": [
                                {
                                    "Worker Number": 0,
                                    "Actual Startup Time": 89.005,
                                    "Actual Total Time": 89.006,
                                    "Actual Rows": 1,
                                    "Actual Loops": 1
                                },
                                {
                                    "Worker Number": 1,
                                    "Actual Startup Time": 89.196,
                                    "Actual Total Time": 89.198,
                                    "Actual Rows": 1,
                                    "Actual Loops": 1
                                },
                                {
                                    "Worker Number": 2,
                                    "Actual Startup Time": 89.547,
                                    "Actual Total Time": 89.548,
                                    "Actual Rows": 1,
                                    "Actual Loops": 1
                                }
                            ],
                            "Plans": [
                                {
                                    "Node Type": "Seq Scan",
                                    "Parent Relationship": "Outer",
                                    "Parallel Aware": true,
                                    "Relation Name": "movie_companies",
                                    "Schema": "public",
                                    "Alias": "mc",
                                    "Startup Cost": 0.0,
                                    "Total Cost": 31414.82,
                                    "Plan Rows": 98883,
                                    "Plan Width": 0,
                                    "Actual Startup Time": 50.888,
                                    "Actual Total Time": 88.673,
                                    "Actual Rows": 42345,
                                    "Actual Loops": 4,
                                    "Output": [
                                        "id",
                                        "movie_id",
                                        "company_id",
                                        "company_type_id",
                                        "note"
                                    ],
                                    "Filter": "((mc.company_id < 689) AND (mc.company_type_id > 1))",
                                    "Rows Removed by Filter": 609937,
                                    "Workers": [
                                        {
                                            "Worker Number": 0,
                                            "Actual Startup Time": 48.322,
                                            "Actual Total Time": 86.125,
                                            "Actual Rows": 40916,
                                            "Actual Loops": 1
                                        },
                                        {
                                            "Worker Number": 1,
                                            "Actual Startup Time": 48.535,
                                            "Actual Total Time": 86.361,
                                            "Actual Rows": 40289,
                                            "Actual Loops": 1
                                        },
                                        {
                                            "Worker Number": 2,
                                            "Actual Startup Time": 48.872,
                                            "Actual Total Time": 86.728,
                                            "Actual Rows": 40162,
                                            "Actual Loops": 1
                                        }
                                    ]
                                }
                            ]
                        }
                    ]
                }
            ]
        },
        "Planning Time": 2271.363,
        "Triggers": [],
        "Execution Time": 104.253
    }
]