[
  {
    "Plan": {
      "Node Type": "Aggregate",
      "Strategy": "Plain",
      "Partial Mode": "Finalize",
      "Parallel Aware": false,
      "Startup Cost": 31524.52,
      "Total Cost": 31524.53,
      "Plan Rows": 1,
      "Plan Width": 8,
      "Actual Startup Time": 112.861,
      "Actual Total Time": 120.451,
      "Actual Rows": 1,
      "Actual Loops": 1,
      "Plans": [
        {
          "Node Type": "Gather",
          "Parent Relationship": "Outer",
          "Parallel Aware": false,
          "Startup Cost": 31524.2,
          "Total Cost": 31524.51,
          "Plan Rows": 3,
          "Plan Width": 8,
          "Actual Startup Time": 112.706,
          "Actual Total Time": 120.436,
          "Actual Rows": 4,
          "Actual Loops": 1,
          "Workers Planned": 3,
          "Workers Launched": 3,
          "Single Copy": false,
          "Plans": [
            {
              "Node Type": "Aggregate",
              "Strategy": "Plain",
              "Partial Mode": "Partial",
              "Parent Relationship": "Outer",
              "Parallel Aware": false,
              "Startup Cost": 30524.2,
              "Total Cost": 30524.21,
              "Plan Rows": 1,
              "Plan Width": 8,
              "Actual Startup Time": 109.335,
              "Actual Total Time": 109.336,
              "Actual Rows": 1,
              "Actual Loops": 4,
              "Plans": [
                {
                  "Node Type": "Seq Scan",
                  "Parent Relationship": "Outer",
                  "Parallel Aware": true,
                  "Relation Name": "movie_companies",
                  "Alias": "mc",
                  "Startup Cost": 0.0,
                  "Total Cost": 29310.68,
                  "Plan Rows": 485409,
                  "Plan Width": 0,
                  "Actual Startup Time": 0.017,
                  "Actual Total Time": 86.519,
                  "Actual Rows": 378042,
                  "Actual Loops": 4,
                  "Filter": "(company_id < 14091)",
                  "Rows Removed by Filter": 274240
                }
              ]
            }
          ]
        }
      ]
    },
    "Planning Time": 0.107,
    "Triggers": [],
    "Execution Time": 120.487
  }
]