[
  {
    "Plan": {
      "Node Type": "Aggregate",
      "Strategy": "Plain",
      "Partial Mode": "Finalize",
      "Parallel Aware": false,
      "Startup Cost": 45126.62,
      "Total Cost": 45126.63,
      "Plan Rows": 1,
      "Plan Width": 8,
      "Actual Startup Time": 138.137,
      "Actual Total Time": 147.573,
      "Actual Rows": 1,
      "Actual Loops": 1,
      "Plans": [
        {
          "Node Type": "Gather",
          "Parent Relationship": "Outer",
          "Parallel Aware": false,
          "Startup Cost": 45126.31,
          "Total Cost": 45126.62,
          "Plan Rows": 3,
          "Plan Width": 8,
          "Actual Startup Time": 138.021,
          "Actual Total Time": 147.563,
          "Actual Rows": 4,
          "Actual Loops": 1,
          "Workers Planned": 3,
          "Workers Launched": 3,
          "Single Copy": false,
          "Plans": [
            {
              "Node Type": "Aggregate",
              "Strategy": "Plain",
              "Partial Mode": "Partial",
              "Parent Relationship": "Outer",
              "Parallel Aware": false,
              "Startup Cost": 44126.31,
              "Total Cost": 44126.32,
              "Plan Rows": 1,
              "Plan Width": 8,
              "Actual Startup Time": 131.549,
              "Actual Total Time": 131.55,
              "Actual Rows": 1,
              "Actual Loops": 4,
              "Plans": [
                {
                  "Node Type": "Seq Scan",
                  "Parent Relationship": "Outer",
                  "Parallel Aware": true,
                  "Relation Name": "movie_keyword",
                  "Alias": "mk",
                  "Startup Cost": 0.0,
                  "Total Cost": 42695.65,
                  "Plan Rows": 572261,
                  "Plan Width": 0,
                  "Actual Startup Time": 1.034,
                  "Actual Total Time": 110.477,
                  "Actual Rows": 444284,
                  "Actual Loops": 4,
                  "Filter": "(keyword_id > 7778)",
                  "Rows Removed by Filter": 686698
                }
              ]
            }
          ]
        }
      ]
    },
    "Planning Time": 0.188,
    "Triggers": [],
    "Execution Time": 147.639
  }
]