[
  {
    "Plan": {
      "Node Type": "Aggregate",
      "Strategy": "Plain",
      "Partial Mode": "Finalize",
      "Parallel Aware": false,
      "Startup Cost": 45727.94,
      "Total Cost": 45727.95,
      "Plan Rows": 1,
      "Plan Width": 8,
      "Actual Startup Time": 158.565,
      "Actual Total Time": 168.166,
      "Actual Rows": 1,
      "Actual Loops": 1,
      "Plans": [
        {
          "Node Type": "Gather",
          "Parent Relationship": "Outer",
          "Parallel Aware": false,
          "Startup Cost": 45727.62,
          "Total Cost": 45727.93,
          "Plan Rows": 3,
          "Plan Width": 8,
          "Actual Startup Time": 158.424,
          "Actual Total Time": 168.159,
          "Actual Rows": 4,
          "Actual Loops": 1,
          "Workers Planned": 3,
          "Workers Launched": 3,
          "Single Copy": false,
          "Plans": [
            {
              "Node Type": "Aggregate",
              "Strategy": "Plain",
              "Partial Mode": "Partial",
              "Parent Relationship": "Outer",
              "Parallel Aware": false,
              "Startup Cost": 44727.62,
              "Total Cost": 44727.63,
              "Plan Rows": 1,
              "Plan Width": 8,
              "Actual Startup Time": 150.327,
              "Actual Total Time": 150.329,
              "Actual Rows": 1,
              "Actual Loops": 4,
              "Plans": [
                {
                  "Node Type": "Seq Scan",
                  "Parent Relationship": "Outer",
                  "Parallel Aware": true,
                  "Relation Name": "movie_keyword",
                  "Alias": "mk",
                  "Startup Cost": 0.0,
                  "Total Cost": 42695.65,
                  "Plan Rows": 812786,
                  "Plan Width": 0,
                  "Actual Startup Time": 0.564,
                  "Actual Total Time": 120.048,
                  "Actual Rows": 628001,
                  "Actual Loops": 4,
                  "Filter": "(keyword_id > 3580)",
                  "Rows Removed by Filter": 502982
                }
              ]
            }
          ]
        }
      ]
    },
    "Planning Time": 0.155,
    "Triggers": [],
    "Execution Time": 168.217
  }
]