[
  {
    "Plan": {
      "Node Type": "Aggregate",
      "Strategy": "Plain",
      "Partial Mode": "Finalize",
      "Parallel Aware": false,
      "Startup Cost": 127198.61,
      "Total Cost": 127198.62,
      "Plan Rows": 1,
      "Plan Width": 8,
      "Actual Startup Time": 928.977,
      "Actual Total Time": 949.637,
      "Actual Rows": 1,
      "Actual Loops": 1,
      "Plans": [
        {
          "Node Type": "Gather",
          "Parent Relationship": "Outer",
          "Parallel Aware": false,
          "Startup Cost": 127198.29,
          "Total Cost": 127198.6,
          "Plan Rows": 3,
          "Plan Width": 8,
          "Actual Startup Time": 923.961,
          "Actual Total Time": 949.628,
          "Actual Rows": 4,
          "Actual Loops": 1,
          "Workers Planned": 3,
          "Workers Launched": 3,
          "Single Copy": false,
          "Plans": [
            {
              "Node Type": "Aggregate",
              "Strategy": "Plain",
              "Partial Mode": "Partial",
              "Parent Relationship": "Outer",
              "Parallel Aware": false,
              "Startup Cost": 126198.29,
              "Total Cost": 126198.3,
              "Plan Rows": 1,
              "Plan Width": 8,
              "Actual Startup Time": 919.58,
              "Actual Total Time": 919.676,
              "Actual Rows": 1,
              "Actual Loops": 4,
              "Plans": [
                {
                  "Node Type": "Hash Join",
                  "Parent Relationship": "Outer",
                  "Parallel Aware": true,
                  "Join Type": "Inner",
                  "Startup Cost": 77595.92,
                  "Total Cost": 125507.11,
                  "Plan Rows": 276471,
                  "Plan Width": 0,
                  "Actual Startup Time": 510.788,
                  "Actual Total Time": 837.028,
                  "Actual Rows": 2018971,
                  "Actual Loops": 4,
                  "Inner Unique": false,
                  "Hash Cond": "(mk.movie_id = t.id)",
                  "Plans": [
                    {
                      "Node Type": "Seq Scan",
                      "Parent Relationship": "Outer",
                      "Parallel Aware": true,
                      "Relation Name": "movie_keyword",
                      "Alias": "mk",
                      "Startup Cost": 0.0,
                      "Total Cost": 42695.65,
                      "Plan Rows": 1152985,
                      "Plan Width": 4,
                      "Actual Startup Time": 0.052,
                      "Actual Total Time": 106.195,
                      "Actual Rows": 894086,
                      "Actual Loops": 4,
                      "Filter": "(keyword_id < 20023)",
                      "Rows Removed by Filter": 236896
                    },
                    {
                      "Node Type": "Hash",
                      "Parent Relationship": "Inner",
                      "Parallel Aware": true,
                      "Startup Cost": 75151.24,
                      "Total Cost": 75151.24,
                      "Plan Rows": 195575,
                      "Plan Width": 8,
                      "Actual Startup Time": 507.841,
                      "Actual Total Time": 507.936,
                      "Actual Rows": 239656,
                      "Actual Loops": 4,
                      "Hash Buckets": 1048576,
                      "Original Hash Buckets": 1048576,
                      "Hash Batches": 1,
                      "Original Hash Batches": 1,
                      "Peak Memory Usage": 45760,
                      "Plans": [
                        {
                          "Node Type": "Hash Join",
                          "Parent Relationship": "Outer",
                          "Parallel Aware": true,
                          "Join Type": "Inner",
                          "Startup Cost": 45735.35,
                          "Total Cost": 75151.24,
                          "Plan Rows": 195575,
                          "Plan Width": 8,
                          "Actual Startup Time": 176.984,
                          "Actual Total Time": 380.658,
                          "Actual Rows": 239656,
                          "Actual Loops": 4,
                          "Inner Unique": true,
                          "Hash Cond": "(mc.movie_id = t.id)",
                          "Plans": [
                            {
                              "Node Type": "Seq Scan",
                              "Parent Relationship": "Outer",
                              "Parallel Aware": true,
                              "Relation Name": "movie_companies",
                              "Alias": "mc",
                              "Startup Cost": 0.0,
                              "Total Cost": 27206.55,
                              "Plan Rows": 841655,
                              "Plan Width": 4,
                              "Actual Startup Time": 0.008,
                              "Actual Total Time": 62.061,
                              "Actual Rows": 652282,
                              "Actual Loops": 4
                            },
                            {
                              "Node Type": "Hash",
                              "Parent Relationship": "Inner",
                              "Parallel Aware": true,
                              "Startup Cost": 43899.32,
                              "Total Cost": 43899.32,
                              "Plan Rows": 146882,
                              "Plan Width": 4,
                              "Actual Startup Time": 174.886,
                              "Actual Total Time": 174.888,
                              "Actual Rows": 150853,
                              "Actual Loops": 4,
                              "Hash Buckets": 1048576,
                              "Original Hash Buckets": 1048576,
                              "Hash Batches": 1,
                              "Original Hash Batches": 1,
                              "Peak Memory Usage": 31904,
                              "Plans": [
                                {
                                  "Node Type": "Seq Scan",
                                  "Parent Relationship": "Outer",
                                  "Parallel Aware": true,
                                  "Relation Name": "title",
                                  "Alias": "t",
                                  "Startup Cost": 0.0,
                                  "Total Cost": 43899.32,
                                  "Plan Rows": 146882,
                                  "Plan Width": 4,
                                  "Actual Startup Time": 0.028,
                                  "Actual Total Time": 96.684,
                                  "Actual Rows": 150853,
                                  "Actual Loops": 4,
                                  "Filter": "(production_year < 1986)",
                                  "Rows Removed by Filter": 481225
                                }
                              ]
                            }
                          ]
                        }
                      ]
                    }
                  ]
                }
              ]
            }
          ]
        }
      ]
    },
    "Planning Time": 0.576,
    "Triggers": [],
    "Execution Time": 949.681
  }
]