[
  {
    "Plan": {
      "Node Type": "Aggregate",
      "Strategy": "Plain",
      "Partial Mode": "Finalize",
      "Parallel Aware": false,
      "Startup Cost": 96714.82,
      "Total Cost": 96714.83,
      "Plan Rows": 1,
      "Plan Width": 8,
      "Actual Startup Time": 534.722,
      "Actual Total Time": 551.634,
      "Actual Rows": 1,
      "Actual Loops": 1,
      "Plans": [
        {
          "Node Type": "Gather",
          "Parent Relationship": "Outer",
          "Parallel Aware": false,
          "Startup Cost": 96714.6,
          "Total Cost": 96714.81,
          "Plan Rows": 2,
          "Plan Width": 8,
          "Actual Startup Time": 530.437,
          "Actual Total Time": 551.615,
          "Actual Rows": 3,
          "Actual Loops": 1,
          "Workers Planned": 2,
          "Workers Launched": 2,
          "Single Copy": false,
          "Plans": [
            {
              "Node Type": "Aggregate",
              "Strategy": "Plain",
              "Partial Mode": "Partial",
              "Parent Relationship": "Outer",
              "Parallel Aware": false,
              "Startup Cost": 95714.6,
              "Total Cost": 95714.61,
              "Plan Rows": 1,
              "Plan Width": 8,
              "Actual Startup Time": 521.588,
              "Actual Total Time": 521.987,
              "Actual Rows": 1,
              "Actual Loops": 3,
              "Plans": [
                {
                  "Node Type": "Hash Join",
                  "Parent Relationship": "Outer",
                  "Parallel Aware": true,
                  "Join Type": "Inner",
                  "Startup Cost": 79780.52,
                  "Total Cost": 95668.86,
                  "Plan Rows": 18296,
                  "Plan Width": 0,
                  "Actual Startup Time": 444.551,
                  "Actual Total Time": 520.079,
                  "Actual Rows": 46040,
                  "Actual Loops": 3,
                  "Inner Unique": false,
                  "Hash Cond": "(mi_idx.movie_id = t.id)",
                  "Plans": [
                    {
                      "Node Type": "Seq Scan",
                      "Parent Relationship": "Outer",
                      "Parallel Aware": true,
                      "Relation Name": "movie_info_idx",
                      "Alias": "mi_idx",
                      "Startup Cost": 0.0,
                      "Total Cost": 15122.68,
                      "Plan Rows": 191978,
                      "Plan Width": 4,
                      "Actual Startup Time": 0.033,
                      "Actual Total Time": 39.174,
                      "Actual Rows": 153308,
                      "Actual Loops": 3,
                      "Filter": "(info_type_id = 101)",
                      "Rows Removed by Filter": 306703
                    },
                    {
                      "Node Type": "Hash",
                      "Parent Relationship": "Inner",
                      "Parallel Aware": true,
                      "Startup Cost": 79027.52,
                      "Total Cost": 79027.52,
                      "Plan Rows": 60240,
                      "Plan Width": 8,
                      "Actual Startup Time": 441.619,
                      "Actual Total Time": 442.015,
                      "Actual Rows": 95131,
                      "Actual Loops": 3,
                      "Hash Buckets": 524288,
                      "Original Hash Buckets": 262144,
                      "Hash Batches": 1,
                      "Original Hash Batches": 1,
                      "Peak Memory Usage": 17376,
                      "Plans": [
                        {
                          "Node Type": "Hash Join",
                          "Parent Relationship": "Outer",
                          "Parallel Aware": true,
                          "Join Type": "Inner",
                          "Startup Cost": 33013.21,
                          "Total Cost": 79027.52,
                          "Plan Rows": 60240,
                          "Plan Width": 8,
                          "Actual Startup Time": 169.241,
                          "Actual Total Time": 409.157,
                          "Actual Rows": 95131,
                          "Actual Loops": 3,
                          "Inner Unique": false,
                          "Hash Cond": "(t.id = mc.movie_id)",
                          "Plans": [
                            {
                              "Node Type": "Seq Scan",
                              "Parent Relationship": "Outer",
                              "Parallel Aware": true,
                              "Relation Name": "title",
                              "Alias": "t",
                              "Startup Cost": 0.0,
                              "Total Cost": 43898.92,
                              "Plan Rows": 384216,
                              "Plan Width": 4,
                              "Actual Startup Time": 0.011,
                              "Actual Total Time": 110.971,
                              "Actual Rows": 514421,
                              "Actual Loops": 3,
                              "Filter": "(kind_id = 7)",
                              "Rows Removed by Filter": 328349
                            },
                            {
                              "Node Type": "Hash",
                              "Parent Relationship": "Inner",
                              "Parallel Aware": true,
                              "Startup Cost": 31414.82,
                              "Total Cost": 31414.82,
                              "Plan Rows": 127871,
                              "Plan Width": 4,
                              "Actual Startup Time": 166.458,
                              "Actual Total Time": 166.46,
                              "Actual Rows": 189167,
                              "Actual Loops": 3,
                              "Hash Buckets": 1048576,
                              "Original Hash Buckets": 524288,
                              "Hash Batches": 1,
                              "Original Hash Batches": 1,
                              "Peak Memory Usage": 34560,
                              "Plans": [
                                {
                                  "Node Type": "Seq Scan",
                                  "Parent Relationship": "Outer",
                                  "Parallel Aware": true,
                                  "Relation Name": "movie_companies",
                                  "Alias": "mc",
                                  "Startup Cost": 0.0,
                                  "Total Cost": 31414.82,
                                  "Plan Rows": 127871,
                                  "Plan Width": 4,
                                  "Actual Startup Time": 0.042,
                                  "Actual Total Time": 95.365,
                                  "Actual Rows": 189167,
                                  "Actual Loops": 3,
                                  "Filter": "((company_id < 1742) AND (company_type_id = 1))",
                                  "Rows Removed by Filter": 680543
                                }
                              ]
                            }
                          ]
                        }
                      ]
                    }
                  ]
                }
              ]
            }
          ]
        }
      ]
    },
    "Planning Time": 1.548,
    "Triggers": [],
    "Execution Time": 551.73
  }
]