[
  {
    "Plan": {
      "Node Type": "Aggregate",
      "Strategy": "Plain",
      "Partial Mode": "Finalize",
      "Parallel Aware": false,
      "Startup Cost": 299470.78,
      "Total Cost": 299470.79,
      "Plan Rows": 1,
      "Plan Width": 8,
      "Actual Startup Time": 2214.167,
      "Actual Total Time": 2262.115,
      "Actual Rows": 1,
      "Actual Loops": 1,
      "Plans": [
        {
          "Node Type": "Gather",
          "Parent Relationship": "Outer",
          "Parallel Aware": false,
          "Startup Cost": 299470.25,
          "Total Cost": 299470.76,
          "Plan Rows": 5,
          "Plan Width": 8,
          "Actual Startup Time": 2197.671,
          "Actual Total Time": 2262.107,
          "Actual Rows": 6,
          "Actual Loops": 1,
          "Workers Planned": 5,
          "Workers Launched": 5,
          "Single Copy": false,
          "Plans": [
            {
              "Node Type": "Aggregate",
              "Strategy": "Plain",
              "Partial Mode": "Partial",
              "Parent Relationship": "Outer",
              "Parallel Aware": false,
              "Startup Cost": 298470.25,
              "Total Cost": 298470.26,
              "Plan Rows": 1,
              "Plan Width": 8,
              "Actual Startup Time": 2182.015,
              "Actual Total Time": 2182.021,
              "Actual Rows": 1,
              "Actual Loops": 6,
              "Plans": [
                {
                  "Node Type": "Hash Join",
                  "Parent Relationship": "Outer",
                  "Parallel Aware": true,
                  "Join Type": "Inner",
                  "Startup Cost": 81104.67,
                  "Total Cost": 295255.42,
                  "Plan Rows": 1285933,
                  "Plan Width": 0,
                  "Actual Startup Time": 469.771,
                  "Actual Total Time": 1900.318,
                  "Actual Rows": 5906153,
                  "Actual Loops": 6,
                  "Inner Unique": false,
                  "Hash Cond": "(mi.movie_id = t.id)",
                  "Plans": [
                    {
                      "Node Type": "Seq Scan",
                      "Parent Relationship": "Outer",
                      "Parallel Aware": true,
                      "Relation Name": "movie_info",
                      "Alias": "mi",
                      "Startup Cost": 0.0,
                      "Total Cost": 198952.16,
                      "Plan Rows": 2946779,
                      "Plan Width": 4,
                      "Actual Startup Time": 0.019,
                      "Actual Total Time": 404.288,
                      "Actual Rows": 2464242,
                      "Actual Loops": 6,
                      "Filter": "(info_type_id < 108)",
                      "Rows Removed by Filter": 8378
                    },
                    {
                      "Node Type": "Hash",
                      "Parent Relationship": "Inner",
                      "Parallel Aware": true,
                      "Startup Cost": 76655.83,
                      "Total Cost": 76655.83,
                      "Plan Rows": 355907,
                      "Plan Width": 8,
                      "Actual Startup Time": 462.984,
                      "Actual Total Time": 462.988,
                      "Actual Rows": 235728,
                      "Actual Loops": 6,
                      "Hash Buckets": 2097152,
                      "Original Hash Buckets": 2097152,
                      "Hash Batches": 1,
                      "Original Hash Batches": 1,
                      "Peak Memory Usage": 71808,
                      "Plans": [
                        {
                          "Node Type": "Hash Join",
                          "Parent Relationship": "Outer",
                          "Parallel Aware": true,
                          "Join Type": "Inner",
                          "Startup Cost": 47239.94,
                          "Total Cost": 76655.83,
                          "Plan Rows": 355907,
                          "Plan Width": 8,
                          "Actual Startup Time": 186.035,
                          "Actual Total Time": 368.957,
                          "Actual Rows": 235728,
                          "Actual Loops": 6,
                          "Inner Unique": true,
                          "Hash Cond": "(mc.movie_id = t.id)",
                          "Plans": [
                            {
                              "Node Type": "Seq Scan",
                              "Parent Relationship": "Outer",
                              "Parallel Aware": true,
                              "Relation Name": "movie_companies",
                              "Alias": "mc",
                              "Startup Cost": 0.0,
                              "Total Cost": 27206.55,
                              "Plan Rows": 841655,
                              "Plan Width": 4,
                              "Actual Startup Time": 0.019,
                              "Actual Total Time": 50.332,
                              "Actual Rows": 434855,
                              "Actual Loops": 6
                            },
                            {
                              "Node Type": "Hash",
                              "Parent Relationship": "Inner",
                              "Parallel Aware": true,
                              "Startup Cost": 43898.92,
                              "Total Cost": 43898.92,
                              "Plan Rows": 267282,
                              "Plan Width": 4,
                              "Actual Startup Time": 183.45,
                              "Actual Total Time": 183.452,
                              "Actual Rows": 179128,
                              "Actual Loops": 6,
                              "Hash Buckets": 2097152,
                              "Original Hash Buckets": 2097152,
                              "Hash Batches": 1,
                              "Original Hash Batches": 1,
                              "Peak Memory Usage": 58528,
                              "Plans": [
                                {
                                  "Node Type": "Seq Scan",
                                  "Parent Relationship": "Outer",
                                  "Parallel Aware": true,
                                  "Relation Name": "title",
                                  "Alias": "t",
                                  "Startup Cost": 0.0,
                                  "Total Cost": 43898.92,
                                  "Plan Rows": 267282,
                                  "Plan Width": 4,
                                  "Actual Startup Time": 0.05,
                                  "Actual Total Time": 90.737,
                                  "Actual Rows": 179128,
                                  "Actual Loops": 6,
                                  "Filter": "(production_year < 2001)",
                                  "Rows Removed by Filter": 242258
                                }
                              ]
                            }
                          ]
                        }
                      ]
                    }
                  ]
                }
              ]
            }
          ]
        }
      ]
    },
    "Planning Time": 1.493,
    "Triggers": [],
    "Execution Time": 2262.208
  }
]