[
  {
    "Plan": {
      "Node Type": "Aggregate",
      "Strategy": "Plain",
      "Partial Mode": "Finalize",
      "Parallel Aware": false,
      "Startup Cost": 45475.0,
      "Total Cost": 45475.01,
      "Plan Rows": 1,
      "Plan Width": 8,
      "Actual Startup Time": 140.256,
      "Actual Total Time": 150.888,
      "Actual Rows": 1,
      "Actual Loops": 1,
      "Plans": [
        {
          "Node Type": "Gather",
          "Parent Relationship": "Outer",
          "Parallel Aware": false,
          "Startup Cost": 45474.68,
          "Total Cost": 45474.99,
          "Plan Rows": 3,
          "Plan Width": 8,
          "Actual Startup Time": 140.118,
          "Actual Total Time": 150.874,
          "Actual Rows": 4,
          "Actual Loops": 1,
          "Workers Planned": 3,
          "Workers Launched": 3,
          "Single Copy": false,
          "Plans": [
            {
              "Node Type": "Aggregate",
              "Strategy": "Plain",
              "Partial Mode": "Partial",
              "Parent Relationship": "Outer",
              "Parallel Aware": false,
              "Startup Cost": 44474.68,
              "Total Cost": 44474.69,
              "Plan Rows": 1,
              "Plan Width": 8,
              "Actual Startup Time": 133.416,
              "Actual Total Time": 133.418,
              "Actual Rows": 1,
              "Actual Loops": 4,
              "Plans": [
                {
                  "Node Type": "Seq Scan",
                  "Parent Relationship": "Outer",
                  "Parallel Aware": true,
                  "Relation Name": "movie_keyword",
                  "Alias": "mk",
                  "Startup Cost": 0.0,
                  "Total Cost": 42695.65,
                  "Plan Rows": 711610,
                  "Plan Width": 0,
                  "Actual Startup Time": 0.288,
                  "Actual Total Time": 108.964,
                  "Actual Rows": 548640,
                  "Actual Loops": 4,
                  "Filter": "(keyword_id > 5117)",
                  "Rows Removed by Filter": 582342
                }
              ]
            }
          ]
        }
      ]
    },
    "Planning Time": 0.08,
    "Triggers": [],
    "Execution Time": 150.916
  }
]