[
  {
    "Plan": {
      "Node Type": "Aggregate",
      "Strategy": "Plain",
      "Partial Mode": "Finalize",
      "Parallel Aware": false,
      "Startup Cost": 47054.45,
      "Total Cost": 47054.46,
      "Plan Rows": 1,
      "Plan Width": 8,
      "Actual Startup Time": 57.004,
      "Actual Total Time": 66.451,
      "Actual Rows": 1,
      "Actual Loops": 1,
      "Plans": [
        {
          "Node Type": "Gather",
          "Parent Relationship": "Outer",
          "Parallel Aware": false,
          "Startup Cost": 47054.24,
          "Total Cost": 47054.45,
          "Plan Rows": 2,
          "Plan Width": 8,
          "Actual Startup Time": 56.777,
          "Actual Total Time": 66.444,
          "Actual Rows": 3,
          "Actual Loops": 1,
          "Workers Planned": 2,
          "Workers Launched": 2,
          "Single Copy": false,
          "Plans": [
            {
              "Node Type": "Aggregate",
              "Strategy": "Plain",
              "Partial Mode": "Partial",
              "Parent Relationship": "Outer",
              "Parallel Aware": false,
              "Startup Cost": 46054.24,
              "Total Cost": 46054.25,
              "Plan Rows": 1,
              "Plan Width": 8,
              "Actual Startup Time": 50.449,
              "Actual Total Time": 50.45,
              "Actual Rows": 1,
              "Actual Loops": 3,
              "Plans": [
                {
                  "Node Type": "Nested Loop",
                  "Parent Relationship": "Outer",
                  "Parallel Aware": false,
                  "Join Type": "Inner",
                  "Startup Cost": 214.0,
                  "Total Cost": 46053.19,
                  "Plan Rows": 420,
                  "Plan Width": 0,
                  "Actual Startup Time": 5.916,
                  "Actual Total Time": 50.347,
                  "Actual Rows": 681,
                  "Actual Loops": 3,
                  "Inner Unique": true,
                  "Plans": [
                    {
                      "Node Type": "Bitmap Heap Scan",
                      "Parent Relationship": "Outer",
                      "Parallel Aware": true,
                      "Relation Name": "movie_keyword",
                      "Alias": "mk",
                      "Startup Cost": 213.57,
                      "Total Cost": 18918.84,
                      "Plan Rows": 4147,
                      "Plan Width": 4,
                      "Actual Startup Time": 4.462,
                      "Actual Total Time": 18.512,
                      "Actual Rows": 4215,
                      "Actual Loops": 3,
                      "Recheck Cond": "(keyword_id = 245)",
                      "Rows Removed by Index Recheck": 0,
                      "Exact Heap Blocks": 5887,
                      "Lossy Heap Blocks": 0,
                      "Plans": [
                        {
                          "Node Type": "Bitmap Index Scan",
                          "Parent Relationship": "Outer",
                          "Parallel Aware": false,
                          "Index Name": "keyword_id_movie_keyword",
                          "Startup Cost": 0.0,
                          "Total Cost": 211.08,
                          "Plan Rows": 9953,
                          "Plan Width": 0,
                          "Actual Startup Time": 5.973,
                          "Actual Total Time": 5.974,
                          "Actual Rows": 12645,
                          "Actual Loops": 1,
                          "Index Cond": "(keyword_id = 245)"
                        }
                      ]
                    },
                    {
                      "Node Type": "Index Scan",
                      "Parent Relationship": "Inner",
                      "Parallel Aware": false,
                      "Scan Direction": "Forward",
                      "Index Name": "title_pkey",
                      "Relation Name": "title",
                      "Alias": "t",
                      "Startup Cost": 0.43,
                      "Total Cost": 6.54,
                      "Plan Rows": 1,
                      "Plan Width": 4,
                      "Actual Startup Time": 0.007,
                      "Actual Total Time": 0.007,
                      "Actual Rows": 0,
                      "Actual Loops": 12645,
                      "Index Cond": "(id = mk.movie_id)",
                      "Rows Removed by Index Recheck": 0,
                      "Filter": "((kind_id < 7) AND (production_year > 2008))",
                      "Rows Removed by Filter": 1
                    }
                  ]
                }
              ]
            }
          ]
        }
      ]
    },
    "Planning Time": 0.527,
    "Triggers": [],
    "Execution Time": 66.538
  }
]