[
  {
    "Plan": {
      "Node Type": "Aggregate",
      "Strategy": "Plain",
      "Partial Mode": "Finalize",
      "Parallel Aware": false,
      "Startup Cost": 320660.39,
      "Total Cost": 320660.4,
      "Plan Rows": 1,
      "Plan Width": 8,
      "Actual Startup Time": 251.381,
      "Actual Total Time": 261.894,
      "Actual Rows": 1,
      "Actual Loops": 1,
      "Plans": [
        {
          "Node Type": "Gather",
          "Parent Relationship": "Outer",
          "Parallel Aware": false,
          "Startup Cost": 320659.77,
          "Total Cost": 320660.38,
          "Plan Rows": 6,
          "Plan Width": 8,
          "Actual Startup Time": 250.198,
          "Actual Total Time": 261.882,
          "Actual Rows": 7,
          "Actual Loops": 1,
          "Workers Planned": 6,
          "Workers Launched": 6,
          "Single Copy": false,
          "Plans": [
            {
              "Node Type": "Aggregate",
              "Strategy": "Plain",
              "Partial Mode": "Partial",
              "Parent Relationship": "Outer",
              "Parallel Aware": false,
              "Startup Cost": 319659.77,
              "Total Cost": 319659.78,
              "Plan Rows": 1,
              "Plan Width": 8,
              "Actual Startup Time": 240.948,
              "Actual Total Time": 240.95,
              "Actual Rows": 1,
              "Actual Loops": 7,
              "Plans": [
                {
                  "Node Type": "Bitmap Heap Scan",
                  "Parent Relationship": "Outer",
                  "Parallel Aware": true,
                  "Relation Name": "cast_info",
                  "Alias": "ci",
                  "Startup Cost": 60162.96,
                  "Total Cost": 318524.8,
                  "Plan Rows": 453987,
                  "Plan Width": 0,
                  "Actual Startup Time": 117.732,
                  "Actual Total Time": 221.674,
                  "Actual Rows": 370921,
                  "Actual Loops": 7,
                  "Recheck Cond": "(person_id > 3558281)",
                  "Rows Removed by Index Recheck": 0,
                  "Exact Heap Blocks": 5268,
                  "Lossy Heap Blocks": 0,
                  "Plans": [
                    {
                      "Node Type": "Bitmap Index Scan",
                      "Parent Relationship": "Outer",
                      "Parallel Aware": false,
                      "Index Name": "person_id_cast_info",
                      "Startup Cost": 0.0,
                      "Total Cost": 59481.98,
                      "Plan Rows": 2723922,
                      "Plan Width": 0,
                      "Actual Startup Time": 119.528,
                      "Actual Total Time": 119.528,
                      "Actual Rows": 2596447,
                      "Actual Loops": 1,
                      "Index Cond": "(person_id > 3558281)"
                    }
                  ]
                }
              ]
            }
          ]
        }
      ]
    },
    "Planning Time": 0.21,
    "Triggers": [],
    "Execution Time": 261.978
  }
]