{
  "Plan": {
    "Node Type": "Aggregate",
    "Strategy": "Plain",
    "Partial Mode": "Finalize",
    "Parallel Aware": false,
    "Startup Cost": 304550.03,
    "Total Cost": 304550.04,
    "Plan Rows": 1,
    "Plan Width": 8,
    "Actual Startup Time": 1161.295,
    "Actual Total Time": 1193.633,
    "Actual Rows": 1,
    "Actual Loops": 1,
    "Plans": [
      {
        "Node Type": "Gather",
        "Parent Relationship": "Outer",
        "Parallel Aware": false,
        "Startup Cost": 304549.92,
        "Total Cost": 304550.03,
        "Plan Rows": 1,
        "Plan Width": 8,
        "Actual Startup Time": 1158.788,
        "Actual Total Time": 1193.625,
        "Actual Rows": 2,
        "Actual Loops": 1,
        "Workers Planned": 1,
        "Workers Launched": 1,
        "Single Copy": false,
        "Plans": [
          {
            "Node Type": "Aggregate",
            "Strategy": "Plain",
            "Partial Mode": "Partial",
            "Parent Relationship": "Outer",
            "Parallel Aware": false,
            "Startup Cost": 303549.92,
            "Total Cost": 303549.93,
            "Plan Rows": 1,
            "Plan Width": 8,
            "Actual Startup Time": 1152.9,
            "Actual Total Time": 1152.904,
            "Actual Rows": 1,
            "Actual Loops": 2,
            "Plans": [
              {
                "Node Type": "Merge Join",
                "Parent Relationship": "Outer",
                "Parallel Aware": false,
                "Join Type": "Inner",
                "Startup Cost": 128673.6,
                "Total Cost": 302981.29,
                "Plan Rows": 227449,
                "Plan Width": 0,
                "Actual Startup Time": 618.314,
                "Actual Total Time": 1146.462,
                "Actual Rows": 158979,
                "Actual Loops": 2,
                "Inner Unique": false,
                "Merge Cond": "(mk.movie_id = t.id)",
                "Plans": [
                  {
                    "Node Type": "Index Scan",
                    "Parent Relationship": "Outer",
                    "Parallel Aware": true,
                    "Scan Direction": "Forward",
                    "Index Name": "movie_id_movie_keyword",
                    "Relation Name": "movie_keyword",
                    "Alias": "mk",
                    "Startup Cost": 0.43,
                    "Total Cost": 165212.95,
                    "Plan Rows": 2207953,
                    "Plan Width": 4,
                    "Actual Startup Time": 0.309,
                    "Actual Total Time": 410.813,
                    "Actual Rows": 1867076,
                    "Actual Loops": 2,
                    "Filter": "(keyword_id > 746)",
                    "Rows Removed by Filter": 390172
                  },
                  {
                    "Node Type": "Sort",
                    "Parent Relationship": "Inner",
                    "Parallel Aware": false,
                    "Startup Cost": 128673.02,
                    "Total Cost": 129324.14,
                    "Plan Rows": 260449,
                    "Plan Width": 8,
                    "Actual Startup Time": 617.797,
                    "Actual Total Time": 627.557,
                    "Actual Rows": 276576,
                    "Actual Loops": 2,
                    "Sort Key": [
                      "mi_idx.movie_id"
                    ],
                    "Sort Method": "quicksort",
                    "Sort Space Used": 12577,
                    "Sort Space Type": "Memory",
                    "Workers": [
                      {
                        "Worker Number": 0,
                        "Sort Method": "quicksort",
                        "Sort Space Used": 12577,
                        "Sort Space Type": "Memory"
                      }
                    ],
                    "Plans": [
                      {
                        "Node Type": "Hash Join",
                        "Parent Relationship": "Outer",
                        "Parallel Aware": false,
                        "Join Type": "Inner",
                        "Startup Cost": 79886.84,
                        "Total Cost": 105244.8,
                        "Plan Rows": 260449,
                        "Plan Width": 8,
                        "Actual Startup Time": 336.053,
                        "Actual Total Time": 590.445,
                        "Actual Rows": 137226,
                        "Actual Loops": 2,
                        "Inner Unique": true,
                        "Hash Cond": "(mi_idx.movie_id = t.id)",
                        "Plans": [
                          {
                            "Node Type": "Seq Scan",
                            "Parent Relationship": "Outer",
                            "Parallel Aware": false,
                            "Relation Name": "movie_info_idx",
                            "Alias": "mi_idx",
                            "Startup Cost": 0.0,
                            "Total Cost": 21735.35,
                            "Plan Rows": 1380035,
                            "Plan Width": 4,
                            "Actual Startup Time": 0.055,
                            "Actual Total Time": 88.946,
                            "Actual Rows": 1380035,
                            "Actual Loops": 2
                          },
                          {
                            "Node Type": "Hash",
                            "Parent Relationship": "Inner",
                            "Parallel Aware": false,
                            "Startup Cost": 73922.39,
                            "Total Cost": 73922.39,
                            "Plan Rows": 477156,
                            "Plan Width": 4,
                            "Actual Startup Time": 330.018,
                            "Actual Total Time": 330.019,
                            "Actual Rows": 365259,
                            "Actual Loops": 2,
                            "Hash Buckets": 524288,
                            "Original Hash Buckets": 524288,
                            "Hash Batches": 1,
                            "Original Hash Batches": 1,
                            "Peak Memory Usage": 16938,
                            "Plans": [
                              {
                                "Node Type": "Seq Scan",
                                "Parent Relationship": "Outer",
                                "Parallel Aware": false,
                                "Relation Name": "title",
                                "Alias": "t",
                                "Startup Cost": 0.0,
                                "Total Cost": 73922.39,
                                "Plan Rows": 477156,
                                "Plan Width": 4,
                                "Actual Startup Time": 0.041,
                                "Actual Total Time": 249.135,
                                "Actual Rows": 365259,
                                "Actual Loops": 2,
                                "Filter": "((kind_id > 4) AND (production_year < 1994))",
                                "Rows Removed by Filter": 2163053
                              }
                            ]
                          }
                        ]
                      }
                    ]
                  }
                ]
              }
            ]
          }
        ]
      }
    ]
  },
  "Planning Time": 1.045,
  "Triggers": [],
  "Execution Time": 1193.895
}