[
    {
        "Bao": {
            "Bao prediction": 1630.465,
            "Bao recommended hint": "SET enable_mergejoin TO off; SET enable_indexscan TO off; "
        }
    },
    {
        "Plan": {
            "Node Type": "Aggregate",
            "Strategy": "Plain",
            "Partial Mode": "Finalize",
            "Parallel Aware": false,
            "Startup Cost": 357515.97,
            "Total Cost": 357515.98,
            "Plan Rows": 1,
            "Plan Width": 8,
            "Actual Startup Time": 524.958,
            "Actual Total Time": 538.081,
            "Actual Rows": 1,
            "Actual Loops": 1,
            "Output": [
                "count(*)"
            ],
            "Plans": [
                {
                    "Node Type": "Gather",
                    "Parent Relationship": "Outer",
                    "Parallel Aware": false,
                    "Startup Cost": 357515.55,
                    "Total Cost": 357515.96,
                    "Plan Rows": 4,
                    "Plan Width": 8,
                    "Actual Startup Time": 516.998,
                    "Actual Total Time": 538.069,
                    "Actual Rows": 5,
                    "Actual Loops": 1,
                    "Output": [
                        "(PARTIAL count(*))"
                    ],
                    "Workers Planned": 4,
                    "Workers Launched": 4,
                    "Single Copy": false,
                    "Plans": [
                        {
                            "Node Type": "Aggregate",
                            "Strategy": "Plain",
                            "Partial Mode": "Partial",
                            "Parent Relationship": "Outer",
                            "Parallel Aware": false,
                            "Startup Cost": 356515.55,
                            "Total Cost": 356515.56,
                            "Plan Rows": 1,
                            "Plan Width": 8,
                            "Actual Startup Time": 507.211,
                            "Actual Total Time": 507.333,
                            "Actual Rows": 1,
                            "Actual Loops": 5,
                            "Output": [
                                "PARTIAL count(*)"
                            ],
                            "Workers": [
                                {
                                    "Worker Number": 0,
                                    "Actual Startup Time": 504.443,
                                    "Actual Total Time": 504.45,
                                    "Actual Rows": 1,
                                    "Actual Loops": 1
                                },
                                {
                                    "Worker Number": 1,
                                    "Actual Startup Time": 504.96,
                                    "Actual Total Time": 504.966,
                                    "Actual Rows": 1,
                                    "Actual Loops": 1
                                },
                                {
                                    "Worker Number": 2,
                                    "Actual Startup Time": 505.098,
                                    "Actual Total Time": 505.113,
                                    "Actual Rows": 1,
                                    "Actual Loops": 1
                                },
                                {
                                    "Worker Number": 3,
                                    "Actual Startup Time": 505.434,
                                    "Actual Total Time": 505.44,
                                    "Actual Rows": 1,
                                    "Actual Loops": 1
                                }
                            ],
                            "Plans": [
                                {
                                    "Node Type": "Hash Join",
                                    "Parent Relationship": "Outer",
                                    "Parallel Aware": true,
                                    "Join Type": "Inner",
                                    "Startup Cost": 309961.33,
                                    "Total Cost": 356451.62,
                                    "Plan Rows": 25569,
                                    "Plan Width": 0,
                                    "Actual Startup Time": 403.281,
                                    "Actual Total Time": 504.496,
                                    "Actual Rows": 42409,
                                    "Actual Loops": 5,
                                    "Inner Unique": false,
                                    "Hash Cond": "(t.id = ci.movie_id)",
                                    "Workers": [
                                        {
                                            "Worker Number": 0,
                                            "Actual Startup Time": 417.109,
                                            "Actual Total Time": 501.706,
                                            "Actual Rows": 40281,
                                            "Actual Loops": 1
                                        },
                                        {
                                            "Worker Number": 1,
                                            "Actual Startup Time": 375.021,
                                            "Actual Total Time": 502.321,
                                            "Actual Rows": 38543,
                                            "Actual Loops": 1
                                        },
                                        {
                                            "Worker Number": 2,
                                            "Actual Startup Time": 376.758,
                                            "Actual Total Time": 502.349,
                                            "Actual Rows": 40126,
                                            "Actual Loops": 1
                                        },
                                        {
                                            "Worker Number": 3,
                                            "Actual Startup Time": 418.419,
                                            "Actual Total Time": 502.61,
                                            "Actual Rows": 41562,
                                            "Actual Loops": 1
                                        }
                                    ],
                                    "Plans": [
                                        {
                                            "Node Type": "Seq Scan",
                                            "Parent Relationship": "Outer",
                                            "Parallel Aware": true,
                                            "Relation Name": "title",
                                            "Schema": "public",
                                            "Alias": "t",
                                            "Startup Cost": 0.0,
                                            "Total Cost": 42318.81,
                                            "Plan Rows": 632080,
                                            "Plan Width": 4,
                                            "Actual Startup Time": 0.013,
                                            "Actual Total Time": 80.293,
                                            "Actual Rows": 505662,
                                            "Actual Loops": 5,
                                            "Output": [
                                                "t.id",
                                                "t.title",
                                                "t.imdb_index",
                                                "t.kind_id",
                                                "t.production_year",
                                                "t.imdb_id",
                                                "t.phonetic_code",
                                                "t.episode_of_id",
                                                "t.season_nr",
                                                "t.episode_nr",
                                                "t.series_years",
                                                "t.md5sum"
                                            ],
                                            "Workers": [
                                                {
                                                    "Worker Number": 0,
                                                    "Actual Startup Time": 0.012,
                                                    "Actual Total Time": 82.701,
                                                    "Actual Rows": 476374,
                                                    "Actual Loops": 1
                                                },
                                                {
                                                    "Worker Number": 1,
                                                    "Actual Startup Time": 0.01,
                                                    "Actual Total Time": 83.265,
                                                    "Actual Rows": 476005,
                                                    "Actual Loops": 1
                                                },
                                                {
                                                    "Worker Number": 2,
                                                    "Actual Startup Time": 0.011,
                                                    "Actual Total Time": 82.781,
                                                    "Actual Rows": 472835,
                                                    "Actual Loops": 1
                                                },
                                                {
                                                    "Worker Number": 3,
                                                    "Actual Startup Time": 0.023,
                                                    "Actual Total Time": 82.935,
                                                    "Actual Rows": 474638,
                                                    "Actual Loops": 1
                                                }
                                            ]
                                        },
                                        {
                                            "Node Type": "Hash",
                                            "Parent Relationship": "Inner",
                                            "Parallel Aware": true,
                                            "Startup Cost": 308856.39,
                                            "Total Cost": 308856.39,
                                            "Plan Rows": 88395,
                                            "Plan Width": 8,
                                            "Actual Startup Time": 329.757,
                                            "Actual Total Time": 329.876,
                                            "Actual Rows": 42409,
                                            "Actual Loops": 5,
                                            "Output": [
                                                "ci.movie_id",
                                                "mk.movie_id"
                                            ],
                                            "Hash Buckets": 524288,
                                            "Original Hash Buckets": 524288,
                                            "Hash Batches": 1,
                                            "Original Hash Batches": 1,
                                            "Peak Memory Usage": 12448,
                                            "Workers": [
                                                {
                                                    "Worker Number": 0,
                                                    "Actual Startup Time": 329.242,
                                                    "Actual Total Time": 329.247,
                                                    "Actual Rows": 42907,
                                                    "Actual Loops": 1
                                                },
                                                {
                                                    "Worker Number": 1,
                                                    "Actual Startup Time": 330.041,
                                                    "Actual Total Time": 330.046,
                                                    "Actual Rows": 39100,
                                                    "Actual Loops": 1
                                                },
                                                {
                                                    "Worker Number": 2,
                                                    "Actual Startup Time": 330.203,
                                                    "Actual Total Time": 330.217,
                                                    "Actual Rows": 39251,
                                                    "Actual Loops": 1
                                                },
                                                {
                                                    "Worker Number": 3,
                                                    "Actual Startup Time": 330.42,
                                                    "Actual Total Time": 330.425,
                                                    "Actual Rows": 38428,
                                                    "Actual Loops": 1
                                                }
                                            ],
                                            "Plans": [
                                                {
                                                    "Node Type": "Hash Join",
                                                    "Parent Relationship": "Outer",
                                                    "Parallel Aware": true,
                                                    "Join Type": "Inner",
                                                    "Startup Cost": 282588.6,
                                                    "Total Cost": 308856.39,
                                                    "Plan Rows": 88395,
                                                    "Plan Width": 8,
                                                    "Actual Startup Time": 243.23,
                                                    "Actual Total Time": 312.548,
                                                    "Actual Rows": 42409,
                                                    "Actual Loops": 5,
                                                    "Output": [
                                                        "ci.movie_id",
                                                        "mk.movie_id"
                                                    ],
                                                    "Inner Unique": false,
                                                    "Hash Cond": "(mk.movie_id = ci.movie_id)",
                                                    "Workers": [
                                                        {
                                                            "Worker Number": 0,
                                                            "Actual Startup Time": 243.113,
                                                            "Actual Total Time": 312.924,
                                                            "Actual Rows": 42907,
                                                            "Actual Loops": 1
                                                        },
                                                        {
                                                            "Worker Number": 1,
                                                            "Actual Startup Time": 243.249,
                                                            "Actual Total Time": 312.714,
                                                            "Actual Rows": 39100,
                                                            "Actual Loops": 1
                                                        },
                                                        {
                                                            "Worker Number": 2,
                                                            "Actual Startup Time": 243.111,
                                                            "Actual Total Time": 312.806,
                                                            "Actual Rows": 39251,
                                                            "Actual Loops": 1
                                                        },
                                                        {
                                                            "Worker Number": 3,
                                                            "Actual Startup Time": 243.195,
                                                            "Actual Total Time": 313.359,
                                                            "Actual Rows": 38428,
                                                            "Actual Loops": 1
                                                        }
                                                    ],
                                                    "Plans": [
                                                        {
                                                            "Node Type": "Bitmap Heap Scan",
                                                            "Parent Relationship": "Outer",
                                                            "Parallel Aware": true,
                                                            "Relation Name": "movie_keyword",
                                                            "Schema": "public",
                                                            "Alias": "mk",
                                                            "Startup Cost": 4871.85,
                                                            "Total Cost": 30251.66,
                                                            "Plan Rows": 74065,
                                                            "Plan Width": 4,
                                                            "Actual Startup Time": 32.203,
                                                            "Actual Total Time": 76.932,
                                                            "Actual Rows": 45006,
                                                            "Actual Loops": 5,
                                                            "Output": [
                                                                "mk.id",
                                                                "mk.movie_id",
                                                                "mk.keyword_id"
                                                            ],
                                                            "Recheck Cond": "(mk.keyword_id > 64051)",
                                                            "Rows Removed by Index Recheck": 0,
                                                            "Exact Heap Blocks": 5004,
                                                            "Lossy Heap Blocks": 0,
                                                            "Workers": [
                                                                {
                                                                    "Worker Number": 0,
                                                                    "Actual Startup Time": 32.1,
                                                                    "Actual Total Time": 79.65,
                                                                    "Actual Rows": 45269,
                                                                    "Actual Loops": 1
                                                                },
                                                                {
                                                                    "Worker Number": 1,
                                                                    "Actual Startup Time": 32.241,
                                                                    "Actual Total Time": 78.119,
                                                                    "Actual Rows": 41756,
                                                                    "Actual Loops": 1
                                                                },
                                                                {
                                                                    "Worker Number": 2,
                                                                    "Actual Startup Time": 32.15,
                                                                    "Actual Total Time": 78.391,
                                                                    "Actual Rows": 42449,
                                                                    "Actual Loops": 1
                                                                },
                                                                {
                                                                    "Worker Number": 3,
                                                                    "Actual Startup Time": 32.246,
                                                                    "Actual Total Time": 78.298,
                                                                    "Actual Rows": 41073,
                                                                    "Actual Loops": 1
                                                                }
                                                            ],
                                                            "Plans": [
                                                                {
                                                                    "Node Type": "Bitmap Index Scan",
                                                                    "Parent Relationship": "Outer",
                                                                    "Parallel Aware": false,
                                                                    "Index Name": "keyword_id_movie_keyword",
                                                                    "Startup Cost": 0.0,
                                                                    "Total Cost": 4814.45,
                                                                    "Plan Rows": 229602,
                                                                    "Plan Width": 0,
                                                                    "Actual Startup Time": 27.214,
                                                                    "Actual Total Time": 27.214,
                                                                    "Actual Rows": 225031,
                                                                    "Actual Loops": 1,
                                                                    "Index Cond": "(mk.keyword_id > 64051)",
                                                                    "Workers": [
                                                                        {
                                                                            "Worker Number": 0,
                                                                            "Actual Startup Time": 27.214,
                                                                            "Actual Total Time": 27.214,
                                                                            "Actual Rows": 225031,
                                                                            "Actual Loops": 1
                                                                        }
                                                                    ]
                                                                }
                                                            ]
                                                        },
                                                        {
                                                            "Node Type": "Hash",
                                                            "Parent Relationship": "Inner",
                                                            "Parallel Aware": true,
                                                            "Startup Cost": 275370.39,
                                                            "Total Cost": 275370.39,
                                                            "Plan Rows": 187709,
                                                            "Plan Width": 4,
                                                            "Actual Startup Time": 206.657,
                                                            "Actual Total Time": 206.658,
                                                            "Actual Rows": 218712,
                                                            "Actual Loops": 5,
                                                            "Output": [
                                                                "ci.movie_id"
                                                            ],
                                                            "Hash Buckets": 2097152,
                                                            "Original Hash Buckets": 2097152,
                                                            "Hash Batches": 1,
                                                            "Original Hash Batches": 1,
                                                            "Peak Memory Usage": 59232,
                                                            "Workers": [
                                                                {
                                                                    "Worker Number": 0,
                                                                    "Actual Startup Time": 210.934,
                                                                    "Actual Total Time": 210.936,
                                                                    "Actual Rows": 209215,
                                                                    "Actual Loops": 1
                                                                },
                                                                {
                                                                    "Worker Number": 1,
                                                                    "Actual Startup Time": 210.91,
                                                                    "Actual Total Time": 210.912,
                                                                    "Actual Rows": 210772,
                                                                    "Actual Loops": 1
                                                                },
                                                                {
                                                                    "Worker Number": 2,
                                                                    "Actual Startup Time": 210.86,
                                                                    "Actual Total Time": 210.861,
                                                                    "Actual Rows": 206735,
                                                                    "Actual Loops": 1
                                                                },
                                                                {
                                                                    "Worker Number": 3,
                                                                    "Actual Startup Time": 210.853,
                                                                    "Actual Total Time": 210.855,
                                                                    "Actual Rows": 209759,
                                                                    "Actual Loops": 1
                                                                }
                                                            ],
                                                            "Plans": [
                                                                {
                                                                    "Node Type": "Bitmap Heap Scan",
                                                                    "Parent Relationship": "Outer",
                                                                    "Parallel Aware": true,
                                                                    "Relation Name": "cast_info",
                                                                    "Schema": "public",
                                                                    "Alias": "ci",
                                                                    "Startup Cost": 20337.03,
                                                                    "Total Cost": 275370.39,
                                                                    "Plan Rows": 187709,
                                                                    "Plan Width": 4,
                                                                    "Actual Startup Time": 48.705,
                                                                    "Actual Total Time": 95.17,
                                                                    "Actual Rows": 218712,
                                                                    "Actual Loops": 5,
                                                                    "Output": [
                                                                        "ci.movie_id"
                                                                    ],
                                                                    "Recheck Cond": "(ci.role_id = 9)",
                                                                    "Rows Removed by Index Recheck": 0,
                                                                    "Exact Heap Blocks": 1462,
                                                                    "Lossy Heap Blocks": 0,
                                                                    "Workers": [
                                                                        {
                                                                            "Worker Number": 0,
                                                                            "Actual Startup Time": 48.819,
                                                                            "Actual Total Time": 96.181,
                                                                            "Actual Rows": 209215,
                                                                            "Actual Loops": 1
                                                                        },
                                                                        {
                                                                            "Worker Number": 1,
                                                                            "Actual Startup Time": 48.768,
                                                                            "Actual Total Time": 96.338,
                                                                            "Actual Rows": 210772,
                                                                            "Actual Loops": 1
                                                                        },
                                                                        {
                                                                            "Worker Number": 2,
                                                                            "Actual Startup Time": 48.695,
                                                                            "Actual Total Time": 95.92,
                                                                            "Actual Rows": 206735,
                                                                            "Actual Loops": 1
                                                                        },
                                                                        {
                                                                            "Worker Number": 3,
                                                                            "Actual Startup Time": 48.737,
                                                                            "Actual Total Time": 96.253,
                                                                            "Actual Rows": 209759,
                                                                            "Actual Loops": 1
                                                                        }
                                                                    ],
                                                                    "Plans": [
                                                                        {
                                                                            "Node Type": "Bitmap Index Scan",
                                                                            "Parent Relationship": "Outer",
                                                                            "Parallel Aware": false,
                                                                            "Index Name": "role_id_cast_info",
                                                                            "Startup Cost": 0.0,
                                                                            "Total Cost": 20055.46,
                                                                            "Plan Rows": 1126253,
                                                                            "Plan Width": 0,
                                                                            "Actual Startup Time": 47.199,
                                                                            "Actual Total Time": 47.199,
                                                                            "Actual Rows": 1093558,
                                                                            "Actual Loops": 1,
                                                                            "Index Cond": "(ci.role_id = 9)"
                                                                        }
                                                                    ]
                                                                }
                                                            ]
                                                        }
                                                    ]
                                                }
                                            ]
                                        }
                                    ]
                                }
                            ]
                        }
                    ]
                }
            ]
        },
        "Planning Time": 2422.008,
        "Triggers": [],
        "Execution Time": 538.271
    }
]