[
  {
    "Plan": {
      "Node Type": "Aggregate",
      "Strategy": "Plain",
      "Partial Mode": "Finalize",
      "Parallel Aware": false,
      "Startup Cost": 31485.42,
      "Total Cost": 31485.43,
      "Plan Rows": 1,
      "Plan Width": 8,
      "Actual Startup Time": 108.306,
      "Actual Total Time": 114.555,
      "Actual Rows": 1,
      "Actual Loops": 1,
      "Plans": [
        {
          "Node Type": "Gather",
          "Parent Relationship": "Outer",
          "Parallel Aware": false,
          "Startup Cost": 31485.1,
          "Total Cost": 31485.41,
          "Plan Rows": 3,
          "Plan Width": 8,
          "Actual Startup Time": 108.02,
          "Actual Total Time": 114.548,
          "Actual Rows": 4,
          "Actual Loops": 1,
          "Workers Planned": 3,
          "Workers Launched": 3,
          "Single Copy": false,
          "Plans": [
            {
              "Node Type": "Aggregate",
              "Strategy": "Plain",
              "Partial Mode": "Partial",
              "Parent Relationship": "Outer",
              "Parallel Aware": false,
              "Startup Cost": 30485.1,
              "Total Cost": 30485.11,
              "Plan Rows": 1,
              "Plan Width": 8,
              "Actual Startup Time": 99.367,
              "Actual Total Time": 99.368,
              "Actual Rows": 1,
              "Actual Loops": 4,
              "Plans": [
                {
                  "Node Type": "Seq Scan",
                  "Parent Relationship": "Outer",
                  "Parallel Aware": true,
                  "Relation Name": "movie_companies",
                  "Alias": "mc",
                  "Startup Cost": 0.0,
                  "Total Cost": 29310.68,
                  "Plan Rows": 469767,
                  "Plan Width": 0,
                  "Actual Startup Time": 17.392,
                  "Actual Total Time": 83.468,
                  "Actual Rows": 361866,
                  "Actual Loops": 4,
                  "Filter": "(company_id > 9557)",
                  "Rows Removed by Filter": 290417
                }
              ]
            }
          ]
        }
      ]
    },
    "Planning Time": 0.147,
    "Triggers": [],
    "Execution Time": 114.599
  }
]