[
  {
    "Plan": {
      "Node Type": "Aggregate",
      "Strategy": "Plain",
      "Partial Mode": "Finalize",
      "Parallel Aware": false,
      "Startup Cost": 81769.77,
      "Total Cost": 81769.78,
      "Plan Rows": 1,
      "Plan Width": 8,
      "Actual Startup Time": 452.221,
      "Actual Total Time": 469.165,
      "Actual Rows": 1,
      "Actual Loops": 1,
      "Plans": [
        {
          "Node Type": "Gather",
          "Parent Relationship": "Outer",
          "Parallel Aware": false,
          "Startup Cost": 81769.46,
          "Total Cost": 81769.77,
          "Plan Rows": 3,
          "Plan Width": 8,
          "Actual Startup Time": 442.516,
          "Actual Total Time": 469.157,
          "Actual Rows": 4,
          "Actual Loops": 1,
          "Workers Planned": 3,
          "Workers Launched": 3,
          "Single Copy": false,
          "Plans": [
            {
              "Node Type": "Aggregate",
              "Strategy": "Plain",
              "Partial Mode": "Partial",
              "Parent Relationship": "Outer",
              "Parallel Aware": false,
              "Startup Cost": 80769.46,
              "Total Cost": 80769.47,
              "Plan Rows": 1,
              "Plan Width": 8,
              "Actual Startup Time": 430.911,
              "Actual Total Time": 430.915,
              "Actual Rows": 1,
              "Actual Loops": 4,
              "Plans": [
                {
                  "Node Type": "Hash Join",
                  "Parent Relationship": "Outer",
                  "Parallel Aware": true,
                  "Join Type": "Inner",
                  "Startup Cost": 50024.14,
                  "Total Cost": 80261.72,
                  "Plan Rows": 203094,
                  "Plan Width": 0,
                  "Actual Startup Time": 263.842,
                  "Actual Total Time": 425.465,
                  "Actual Rows": 119130,
                  "Actual Loops": 4,
                  "Inner Unique": true,
                  "Hash Cond": "(mc.movie_id = t.id)",
                  "Plans": [
                    {
                      "Node Type": "Seq Scan",
                      "Parent Relationship": "Outer",
                      "Parallel Aware": true,
                      "Relation Name": "movie_companies",
                      "Alias": "mc",
                      "Startup Cost": 0.0,
                      "Total Cost": 29310.68,
                      "Plan Rows": 353106,
                      "Plan Width": 4,
                      "Actual Startup Time": 0.012,
                      "Actual Total Time": 69.703,
                      "Actual Rows": 274985,
                      "Actual Loops": 4,
                      "Filter": "(company_id < 7552)",
                      "Rows Removed by Filter": 377297
                    },
                    {
                      "Node Type": "Hash",
                      "Parent Relationship": "Inner",
                      "Parallel Aware": true,
                      "Startup Cost": 45479.59,
                      "Total Cost": 45479.59,
                      "Plan Rows": 363564,
                      "Plan Width": 4,
                      "Actual Startup Time": 256.781,
                      "Actual Total Time": 256.782,
                      "Actual Rows": 359546,
                      "Actual Loops": 4,
                      "Hash Buckets": 2097152,
                      "Original Hash Buckets": 2097152,
                      "Hash Batches": 1,
                      "Original Hash Batches": 1,
                      "Peak Memory Usage": 72704,
                      "Plans": [
                        {
                          "Node Type": "Seq Scan",
                          "Parent Relationship": "Outer",
                          "Parallel Aware": true,
                          "Relation Name": "title",
                          "Alias": "t",
                          "Startup Cost": 0.0,
                          "Total Cost": 45479.59,
                          "Plan Rows": 363564,
                          "Plan Width": 4,
                          "Actual Startup Time": 0.034,
                          "Actual Total Time": 116.053,
                          "Actual Rows": 359546,
                          "Actual Loops": 4,
                          "Filter": "((production_year < 2013) AND (kind_id = 7))",
                          "Rows Removed by Filter": 272532
                        }
                      ]
                    }
                  ]
                }
              ]
            }
          ]
        }
      ]
    },
    "Planning Time": 0.449,
    "Triggers": [],
    "Execution Time": 469.216
  }
]