[
  {
    "Plan": {
      "Node Type": "Aggregate",
      "Strategy": "Plain",
      "Partial Mode": "Finalize",
      "Parallel Aware": false,
      "Startup Cost": 95984.91,
      "Total Cost": 95984.92,
      "Plan Rows": 1,
      "Plan Width": 8,
      "Actual Startup Time": 545.764,
      "Actual Total Time": 563.749,
      "Actual Rows": 1,
      "Actual Loops": 1,
      "Plans": [
        {
          "Node Type": "Gather",
          "Parent Relationship": "Outer",
          "Parallel Aware": false,
          "Startup Cost": 95984.59,
          "Total Cost": 95984.9,
          "Plan Rows": 3,
          "Plan Width": 8,
          "Actual Startup Time": 533.021,
          "Actual Total Time": 563.738,
          "Actual Rows": 4,
          "Actual Loops": 1,
          "Workers Planned": 3,
          "Workers Launched": 3,
          "Single Copy": false,
          "Plans": [
            {
              "Node Type": "Aggregate",
              "Strategy": "Plain",
              "Partial Mode": "Partial",
              "Parent Relationship": "Outer",
              "Parallel Aware": false,
              "Startup Cost": 94984.59,
              "Total Cost": 94984.6,
              "Plan Rows": 1,
              "Plan Width": 8,
              "Actual Startup Time": 513.916,
              "Actual Total Time": 513.919,
              "Actual Rows": 1,
              "Actual Loops": 4,
              "Plans": [
                {
                  "Node Type": "Hash Join",
                  "Parent Relationship": "Outer",
                  "Parallel Aware": true,
                  "Join Type": "Inner",
                  "Startup Cost": 51116.75,
                  "Total Cost": 94439.23,
                  "Plan Rows": 218145,
                  "Plan Width": 0,
                  "Actual Startup Time": 353.372,
                  "Actual Total Time": 505.834,
                  "Actual Rows": 170655,
                  "Actual Loops": 4,
                  "Inner Unique": true,
                  "Hash Cond": "(mk.movie_id = t.id)",
                  "Plans": [
                    {
                      "Node Type": "Seq Scan",
                      "Parent Relationship": "Outer",
                      "Parallel Aware": true,
                      "Relation Name": "movie_keyword",
                      "Alias": "mk",
                      "Startup Cost": 0.0,
                      "Total Cost": 42695.65,
                      "Plan Rows": 238789,
                      "Plan Width": 4,
                      "Actual Startup Time": 0.027,
                      "Actual Total Time": 93.948,
                      "Actual Rows": 188667,
                      "Actual Loops": 4,
                      "Filter": "(keyword_id < 687)",
                      "Rows Removed by Filter": 942316
                    },
                    {
                      "Node Type": "Hash",
                      "Parent Relationship": "Inner",
                      "Parallel Aware": true,
                      "Startup Cost": 43898.92,
                      "Total Cost": 43898.92,
                      "Plan Rows": 577427,
                      "Plan Width": 4,
                      "Actual Startup Time": 341.5,
                      "Actual Total Time": 341.501,
                      "Actual Rows": 576634,
                      "Actual Loops": 4,
                      "Hash Buckets": 4194304,
                      "Original Hash Buckets": 4194304,
                      "Hash Batches": 1,
                      "Original Hash Batches": 1,
                      "Peak Memory Usage": 123040,
                      "Plans": [
                        {
                          "Node Type": "Seq Scan",
                          "Parent Relationship": "Outer",
                          "Parallel Aware": true,
                          "Relation Name": "title",
                          "Alias": "t",
                          "Startup Cost": 0.0,
                          "Total Cost": 43898.92,
                          "Plan Rows": 577427,
                          "Plan Width": 4,
                          "Actual Startup Time": 0.037,
                          "Actual Total Time": 117.751,
                          "Actual Rows": 576634,
                          "Actual Loops": 4,
                          "Filter": "(production_year > 1943)",
                          "Rows Removed by Filter": 55444
                        }
                      ]
                    }
                  ]
                }
              ]
            }
          ]
        }
      ]
    },
    "Planning Time": 0.582,
    "Triggers": [],
    "Execution Time": 563.815
  }
]