[
  {
    "Plan": {
      "Node Type": "Aggregate",
      "Strategy": "Plain",
      "Partial Mode": "Finalize",
      "Parallel Aware": false,
      "Startup Cost": 333151.6,
      "Total Cost": 333151.61,
      "Plan Rows": 1,
      "Plan Width": 8,
      "Actual Startup Time": 640.238,
      "Actual Total Time": 692.8,
      "Actual Rows": 1,
      "Actual Loops": 1,
      "Plans": [
        {
          "Node Type": "Gather",
          "Parent Relationship": "Outer",
          "Parallel Aware": false,
          "Startup Cost": 333150.98,
          "Total Cost": 333151.59,
          "Plan Rows": 6,
          "Plan Width": 8,
          "Actual Startup Time": 640.046,
          "Actual Total Time": 692.788,
          "Actual Rows": 7,
          "Actual Loops": 1,
          "Workers Planned": 6,
          "Workers Launched": 6,
          "Single Copy": false,
          "Plans": [
            {
              "Node Type": "Aggregate",
              "Strategy": "Plain",
              "Partial Mode": "Partial",
              "Parent Relationship": "Outer",
              "Parallel Aware": false,
              "Startup Cost": 332150.98,
              "Total Cost": 332150.99,
              "Plan Rows": 1,
              "Plan Width": 8,
              "Actual Startup Time": 633.07,
              "Actual Total Time": 633.07,
              "Actual Rows": 1,
              "Actual Loops": 7,
              "Plans": [
                {
                  "Node Type": "Seq Scan",
                  "Parent Relationship": "Outer",
                  "Parallel Aware": true,
                  "Relation Name": "cast_info",
                  "Alias": "ci",
                  "Startup Cost": 0.0,
                  "Total Cost": 328211.39,
                  "Plan Rows": 1575835,
                  "Plan Width": 0,
                  "Actual Startup Time": 312.85,
                  "Actual Total Time": 571.001,
                  "Actual Rows": 1336062,
                  "Actual Loops": 7,
                  "Filter": "(person_id > 2767420)",
                  "Rows Removed by Filter": 3841701
                }
              ]
            }
          ]
        }
      ]
    },
    "Planning Time": 0.243,
    "Triggers": [],
    "Execution Time": 692.865
  }
]