[
  {
    "Plan": {
      "Node Type": "Aggregate",
      "Strategy": "Plain",
      "Partial Mode": "Finalize",
      "Parallel Aware": false,
      "Startup Cost": 215577.72,
      "Total Cost": 215577.73,
      "Plan Rows": 1,
      "Plan Width": 8,
      "Actual Startup Time": 160.884,
      "Actual Total Time": 174.512,
      "Actual Rows": 1,
      "Actual Loops": 1,
      "Plans": [
        {
          "Node Type": "Gather",
          "Parent Relationship": "Outer",
          "Parallel Aware": false,
          "Startup Cost": 215577.19,
          "Total Cost": 215577.7,
          "Plan Rows": 5,
          "Plan Width": 8,
          "Actual Startup Time": 157.554,
          "Actual Total Time": 174.5,
          "Actual Rows": 6,
          "Actual Loops": 1,
          "Workers Planned": 5,
          "Workers Launched": 5,
          "Single Copy": false,
          "Plans": [
            {
              "Node Type": "Aggregate",
              "Strategy": "Plain",
              "Partial Mode": "Partial",
              "Parent Relationship": "Outer",
              "Parallel Aware": false,
              "Startup Cost": 214577.19,
              "Total Cost": 214577.2,
              "Plan Rows": 1,
              "Plan Width": 8,
              "Actual Startup Time": 150.437,
              "Actual Total Time": 150.442,
              "Actual Rows": 1,
              "Actual Loops": 6,
              "Plans": [
                {
                  "Node Type": "Hash Join",
                  "Parent Relationship": "Outer",
                  "Parallel Aware": true,
                  "Join Type": "Inner",
                  "Startup Cost": 51443.18,
                  "Total Cost": 214557.42,
                  "Plan Rows": 7908,
                  "Plan Width": 0,
                  "Actual Startup Time": 113.902,
                  "Actual Total Time": 149.737,
                  "Actual Rows": 11984,
                  "Actual Loops": 6,
                  "Inner Unique": true,
                  "Hash Cond": "(mi.movie_id = t.id)",
                  "Plans": [
                    {
                      "Node Type": "Bitmap Heap Scan",
                      "Parent Relationship": "Outer",
                      "Parallel Aware": true,
                      "Relation Name": "movie_info",
                      "Alias": "mi",
                      "Startup Cost": 6701.03,
                      "Total Cost": 169620.68,
                      "Plan Rows": 74132,
                      "Plan Width": 4,
                      "Actual Startup Time": 18.588,
                      "Actual Total Time": 42.23,
                      "Actual Rows": 61370,
                      "Actual Loops": 6,
                      "Recheck Cond": "(info_type_id = 17)",
                      "Rows Removed by Index Recheck": 0,
                      "Exact Heap Blocks": 2597,
                      "Lossy Heap Blocks": 0,
                      "Plans": [
                        {
                          "Node Type": "Bitmap Index Scan",
                          "Parent Relationship": "Outer",
                          "Parallel Aware": false,
                          "Index Name": "info_type_id_movie_info",
                          "Startup Cost": 0.0,
                          "Total Cost": 6608.37,
                          "Plan Rows": 370658,
                          "Plan Width": 0,
                          "Actual Startup Time": 16.919,
                          "Actual Total Time": 16.92,
                          "Actual Rows": 368218,
                          "Actual Loops": 1,
                          "Index Cond": "(info_type_id = 17)"
                        }
                      ]
                    },
                    {
                      "Node Type": "Hash",
                      "Parent Relationship": "Inner",
                      "Parallel Aware": true,
                      "Startup Cost": 43899.32,
                      "Total Cost": 43899.32,
                      "Plan Rows": 67426,
                      "Plan Width": 4,
                      "Actual Startup Time": 93.215,
                      "Actual Total Time": 93.217,
                      "Actual Rows": 47509,
                      "Actual Loops": 6,
                      "Hash Buckets": 524288,
                      "Original Hash Buckets": 524288,
                      "Hash Batches": 1,
                      "Original Hash Batches": 1,
                      "Peak Memory Usage": 15296,
                      "Plans": [
                        {
                          "Node Type": "Seq Scan",
                          "Parent Relationship": "Outer",
                          "Parallel Aware": true,
                          "Relation Name": "title",
                          "Alias": "t",
                          "Startup Cost": 0.0,
                          "Total Cost": 43899.32,
                          "Plan Rows": 67426,
                          "Plan Width": 4,
                          "Actual Startup Time": 0.038,
                          "Actual Total Time": 72.572,
                          "Actual Rows": 47509,
                          "Actual Loops": 6,
                          "Filter": "(production_year < 1964)",
                          "Rows Removed by Filter": 373876
                        }
                      ]
                    }
                  ]
                }
              ]
            }
          ]
        }
      ]
    },
    "Planning Time": 0.463,
    "Triggers": [],
    "Execution Time": 174.56
  }
]