{
  "Plan": {
    "Node Type": "Aggregate",
    "Strategy": "Plain",
    "Partial Mode": "Finalize",
    "Parallel Aware": false,
    "Startup Cost": 163199.82,
    "Total Cost": 163199.83,
    "Plan Rows": 1,
    "Plan Width": 8,
    "Actual Startup Time": 955.608,
    "Actual Total Time": 971.19,
    "Actual Rows": 1,
    "Actual Loops": 1,
    "Plans": [
      {
        "Node Type": "Gather",
        "Parent Relationship": "Outer",
        "Parallel Aware": false,
        "Startup Cost": 163199.7,
        "Total Cost": 163199.81,
        "Plan Rows": 1,
        "Plan Width": 8,
        "Actual Startup Time": 952.295,
        "Actual Total Time": 971.18,
        "Actual Rows": 2,
        "Actual Loops": 1,
        "Workers Planned": 1,
        "Workers Launched": 1,
        "Single Copy": false,
        "Plans": [
          {
            "Node Type": "Aggregate",
            "Strategy": "Plain",
            "Partial Mode": "Partial",
            "Parent Relationship": "Outer",
            "Parallel Aware": false,
            "Startup Cost": 162199.7,
            "Total Cost": 162199.71,
            "Plan Rows": 1,
            "Plan Width": 8,
            "Actual Startup Time": 946.73,
            "Actual Total Time": 947.583,
            "Actual Rows": 1,
            "Actual Loops": 2,
            "Plans": [
              {
                "Node Type": "Hash Join",
                "Parent Relationship": "Outer",
                "Parallel Aware": true,
                "Join Type": "Inner",
                "Startup Cost": 89339.49,
                "Total Cost": 160605.65,
                "Plan Rows": 637620,
                "Plan Width": 0,
                "Actual Startup Time": 554.673,
                "Actual Total Time": 929.725,
                "Actual Rows": 442890,
                "Actual Loops": 2,
                "Inner Unique": false,
                "Hash Cond": "(mk.movie_id = t.id)",
                "Plans": [
                  {
                    "Node Type": "Seq Scan",
                    "Parent Relationship": "Outer",
                    "Parallel Aware": true,
                    "Relation Name": "movie_keyword",
                    "Alias": "mk",
                    "Startup Cost": 0.0,
                    "Total Cost": 57718.19,
                    "Plan Rows": 2612605,
                    "Plan Width": 4,
                    "Actual Startup Time": 0.014,
                    "Actual Total Time": 194.384,
                    "Actual Rows": 2221506,
                    "Actual Loops": 2,
                    "Filter": "(keyword_id < 87540)",
                    "Rows Removed by Filter": 40459
                  },
                  {
                    "Node Type": "Hash",
                    "Parent Relationship": "Inner",
                    "Parallel Aware": true,
                    "Startup Cost": 84802.42,
                    "Total Cost": 84802.42,
                    "Plan Rows": 362966,
                    "Plan Width": 8,
                    "Actual Startup Time": 544.866,
                    "Actual Total Time": 545.718,
                    "Actual Rows": 166629,
                    "Actual Loops": 2,
                    "Hash Buckets": 1048576,
                    "Original Hash Buckets": 1048576,
                    "Hash Batches": 1,
                    "Original Hash Batches": 1,
                    "Peak Memory Usage": 21280,
                    "Plans": [
                      {
                        "Node Type": "Hash Join",
                        "Parent Relationship": "Outer",
                        "Parallel Aware": true,
                        "Join Type": "Inner",
                        "Startup Cost": 66618.63,
                        "Total Cost": 84802.42,
                        "Plan Rows": 362966,
                        "Plan Width": 8,
                        "Actual Startup Time": 339.771,
                        "Actual Total Time": 505.981,
                        "Actual Rows": 166629,
                        "Actual Loops": 2,
                        "Inner Unique": true,
                        "Hash Cond": "(mi_idx.movie_id = t.id)",
                        "Plans": [
                          {
                            "Node Type": "Seq Scan",
                            "Parent Relationship": "Outer",
                            "Parallel Aware": true,
                            "Relation Name": "movie_info_idx",
                            "Alias": "mi_idx",
                            "Startup Cost": 0.0,
                            "Total Cost": 16052.85,
                            "Plan Rows": 811785,
                            "Plan Width": 4,
                            "Actual Startup Time": 0.018,
                            "Actual Total Time": 46.908,
                            "Actual Rows": 690018,
                            "Actual Loops": 2
                          },
                          {
                            "Node Type": "Hash",
                            "Parent Relationship": "Inner",
                            "Parallel Aware": true,
                            "Startup Cost": 58306.47,
                            "Total Cost": 58306.47,
                            "Plan Rows": 664973,
                            "Plan Width": 4,
                            "Actual Startup Time": 329.94,
                            "Actual Total Time": 329.941,
                            "Actual Rows": 612337,
                            "Actual Loops": 2,
                            "Hash Buckets": 2097152,
                            "Original Hash Buckets": 2097152,
                            "Hash Batches": 1,
                            "Original Hash Batches": 1,
                            "Peak Memory Usage": 64320,
                            "Plans": [
                              {
                                "Node Type": "Seq Scan",
                                "Parent Relationship": "Outer",
                                "Parallel Aware": true,
                                "Relation Name": "title",
                                "Alias": "t",
                                "Startup Cost": 0.0,
                                "Total Cost": 58306.47,
                                "Plan Rows": 664973,
                                "Plan Width": 4,
                                "Actual Startup Time": 0.035,
                                "Actual Total Time": 158.648,
                                "Actual Rows": 612337,
                                "Actual Loops": 2,
                                "Filter": "((production_year > 1985) AND (kind_id = 7))",
                                "Rows Removed by Filter": 651819
                              }
                            ]
                          }
                        ]
                      }
                    ]
                  }
                ]
              }
            ]
          }
        ]
      }
    ]
  },
  "Planning Time": 0.876,
  "Triggers": [],
  "Execution Time": 971.276
}