[
    {
        "Bao": {
            "Bao prediction": 189.017,
            "Bao recommended hint": "(no hint)"
        }
    },
    {
        "Plan": {
            "Node Type": "Aggregate",
            "Strategy": "Plain",
            "Partial Mode": "Simple",
            "Parallel Aware": false,
            "Startup Cost": 3787.55,
            "Total Cost": 3787.56,
            "Plan Rows": 1,
            "Plan Width": 96,
            "Actual Startup Time": 73.602,
            "Actual Total Time": 73.609,
            "Actual Rows": 1,
            "Actual Loops": 1,
            "Output": [
                "min(chn.name)",
                "min(n.name)",
                "min(t.title)"
            ],
            "Plans": [
                {
                    "Node Type": "Nested Loop",
                    "Parent Relationship": "Outer",
                    "Parallel Aware": false,
                    "Join Type": "Inner",
                    "Startup Cost": 15.75,
                    "Total Cost": 3787.54,
                    "Plan Rows": 1,
                    "Plan Width": 48,
                    "Actual Startup Time": 73.597,
                    "Actual Total Time": 73.603,
                    "Actual Rows": 0,
                    "Actual Loops": 1,
                    "Output": [
                        "chn.name",
                        "n.name",
                        "t.title"
                    ],
                    "Inner Unique": true,
                    "Plans": [
                        {
                            "Node Type": "Nested Loop",
                            "Parent Relationship": "Outer",
                            "Parallel Aware": false,
                            "Join Type": "Inner",
                            "Startup Cost": 15.62,
                            "Total Cost": 3787.37,
                            "Plan Rows": 1,
                            "Plan Width": 52,
                            "Actual Startup Time": 73.597,
                            "Actual Total Time": 73.602,
                            "Actual Rows": 0,
                            "Actual Loops": 1,
                            "Output": [
                                "cc.status_id",
                                "chn.name",
                                "n.name",
                                "t.title"
                            ],
                            "Inner Unique": true,
                            "Plans": [
                                {
                                    "Node Type": "Nested Loop",
                                    "Parent Relationship": "Outer",
                                    "Parallel Aware": false,
                                    "Join Type": "Inner",
                                    "Startup Cost": 15.49,
                                    "Total Cost": 3787.2,
                                    "Plan Rows": 1,
                                    "Plan Width": 56,
                                    "Actual Startup Time": 73.596,
                                    "Actual Total Time": 73.602,
                                    "Actual Rows": 0,
                                    "Actual Loops": 1,
                                    "Output": [
                                        "cc.subject_id",
                                        "cc.status_id",
                                        "chn.name",
                                        "n.name",
                                        "t.title"
                                    ],
                                    "Inner Unique": true,
                                    "Plans": [
                                        {
                                            "Node Type": "Nested Loop",
                                            "Parent Relationship": "Outer",
                                            "Parallel Aware": false,
                                            "Join Type": "Inner",
                                            "Startup Cost": 15.06,
                                            "Total Cost": 3786.53,
                                            "Plan Rows": 1,
                                            "Plan Width": 44,
                                            "Actual Startup Time": 73.596,
                                            "Actual Total Time": 73.601,
                                            "Actual Rows": 0,
                                            "Actual Loops": 1,
                                            "Output": [
                                                "ci.person_role_id",
                                                "cc.subject_id",
                                                "cc.status_id",
                                                "n.name",
                                                "t.title"
                                            ],
                                            "Inner Unique": false,
                                            "Join Filter": "(n.id = an.person_id)",
                                            "Rows Removed by Join Filter": 0,
                                            "Plans": [
                                                {
                                                    "Node Type": "Nested Loop",
                                                    "Parent Relationship": "Outer",
                                                    "Parallel Aware": false,
                                                    "Join Type": "Inner",
                                                    "Startup Cost": 14.63,
                                                    "Total Cost": 3786.02,
                                                    "Plan Rows": 1,
                                                    "Plan Width": 56,
                                                    "Actual Startup Time": 73.596,
                                                    "Actual Total Time": 73.601,
                                                    "Actual Rows": 0,
                                                    "Actual Loops": 1,
                                                    "Output": [
                                                        "cc.subject_id",
                                                        "cc.status_id",
                                                        "ci.person_id",
                                                        "ci.person_role_id",
                                                        "n.name",
                                                        "n.id",
                                                        "pi.person_id",
                                                        "t.title"
                                                    ],
                                                    "Inner Unique": true,
                                                    "Plans": [
                                                        {
                                                            "Node Type": "Nested Loop",
                                                            "Parent Relationship": "Outer",
                                                            "Parallel Aware": false,
                                                            "Join Type": "Inner",
                                                            "Startup Cost": 14.49,
                                                            "Total Cost": 3785.84,
                                                            "Plan Rows": 1,
                                                            "Plan Width": 60,
                                                            "Actual Startup Time": 73.595,
                                                            "Actual Total Time": 73.6,
                                                            "Actual Rows": 0,
                                                            "Actual Loops": 1,
                                                            "Output": [
                                                                "cc.subject_id",
                                                                "cc.status_id",
                                                                "ci.person_id",
                                                                "ci.person_role_id",
                                                                "mi.info_type_id",
                                                                "n.name",
                                                                "n.id",
                                                                "pi.person_id",
                                                                "t.title"
                                                            ],
                                                            "Inner Unique": false,
                                                            "Join Filter": "(t.id = mi.movie_id)",
                                                            "Rows Removed by Join Filter": 0,
                                                            "Plans": [
                                                                {
                                                                    "Node Type": "Nested Loop",
                                                                    "Parent Relationship": "Outer",
                                                                    "Parallel Aware": false,
                                                                    "Join Type": "Inner",
                                                                    "Startup Cost": 14.06,
                                                                    "Total Cost": 3784.28,
                                                                    "Plan Rows": 1,
                                                                    "Plan Width": 76,
                                                                    "Actual Startup Time": 73.595,
                                                                    "Actual Total Time": 73.6,
                                                                    "Actual Rows": 0,
                                                                    "Actual Loops": 1,
                                                                    "Output": [
                                                                        "cc.movie_id",
                                                                        "cc.subject_id",
                                                                        "cc.status_id",
                                                                        "ci.movie_id",
                                                                        "ci.person_id",
                                                                        "ci.person_role_id",
                                                                        "mc.movie_id",
                                                                        "mk.movie_id",
                                                                        "n.name",
                                                                        "n.id",
                                                                        "pi.person_id",
                                                                        "t.title",
                                                                        "t.id"
                                                                    ],
                                                                    "Inner Unique": true,
                                                                    "Plans": [
                                                                        {
                                                                            "Node Type": "Nested Loop",
                                                                            "Parent Relationship": "Outer",
                                                                            "Parallel Aware": false,
                                                                            "Join Type": "Inner",
                                                                            "Startup Cost": 13.92,
                                                                            "Total Cost": 3784.1,
                                                                            "Plan Rows": 1,
                                                                            "Plan Width": 80,
                                                                            "Actual Startup Time": 73.595,
                                                                            "Actual Total Time": 73.599,
                                                                            "Actual Rows": 0,
                                                                            "Actual Loops": 1,
                                                                            "Output": [
                                                                                "cc.movie_id",
                                                                                "cc.subject_id",
                                                                                "cc.status_id",
                                                                                "ci.movie_id",
                                                                                "ci.person_id",
                                                                                "ci.role_id",
                                                                                "ci.person_role_id",
                                                                                "mc.movie_id",
                                                                                "mk.movie_id",
                                                                                "n.name",
                                                                                "n.id",
                                                                                "pi.person_id",
                                                                                "t.title",
                                                                                "t.id"
                                                                            ],
                                                                            "Inner Unique": true,
                                                                            "Join Filter": "(ci.person_id = n.id)",
                                                                            "Rows Removed by Join Filter": 0,
                                                                            "Plans": [
                                                                                {
                                                                                    "Node Type": "Nested Loop",
                                                                                    "Parent Relationship": "Outer",
                                                                                    "Parallel Aware": false,
                                                                                    "Join Type": "Inner",
                                                                                    "Startup Cost": 13.49,
                                                                                    "Total Cost": 3783.54,
                                                                                    "Plan Rows": 1,
                                                                                    "Plan Width": 61,
                                                                                    "Actual Startup Time": 26.284,
                                                                                    "Actual Total Time": 59.274,
                                                                                    "Actual Rows": 8862,
                                                                                    "Actual Loops": 1,
                                                                                    "Output": [
                                                                                        "cc.movie_id",
                                                                                        "cc.subject_id",
                                                                                        "cc.status_id",
                                                                                        "ci.movie_id",
                                                                                        "ci.person_id",
                                                                                        "ci.role_id",
                                                                                        "ci.person_role_id",
                                                                                        "mc.movie_id",
                                                                                        "mk.movie_id",
                                                                                        "pi.person_id",
                                                                                        "t.title",
                                                                                        "t.id"
                                                                                    ],
                                                                                    "Inner Unique": false,
                                                                                    "Join Filter": "(pi.info_type_id = it3.id)",
                                                                                    "Rows Removed by Join Filter": 21204,
                                                                                    "Plans": [
                                                                                        {
                                                                                            "Node Type": "Seq Scan",
                                                                                            "Parent Relationship": "Outer",
                                                                                            "Parallel Aware": false,
                                                                                            "Relation Name": "info_type",
                                                                                            "Schema": "public",
                                                                                            "Alias": "it3",
                                                                                            "Startup Cost": 0.0,
                                                                                            "Total Cost": 2.41,
                                                                                            "Plan Rows": 1,
                                                                                            "Plan Width": 4,
                                                                                            "Actual Startup Time": 0.052,
                                                                                            "Actual Total Time": 0.059,
                                                                                            "Actual Rows": 1,
                                                                                            "Actual Loops": 1,
                                                                                            "Output": [
                                                                                                "it3.id",
                                                                                                "it3.info"
                                                                                            ],
                                                                                            "Filter": "((it3.info)::text = 'trivia'::text)",
                                                                                            "Rows Removed by Filter": 112
                                                                                        },
                                                                                        {
                                                                                            "Node Type": "Nested Loop",
                                                                                            "Parent Relationship": "Inner",
                                                                                            "Parallel Aware": false,
                                                                                            "Join Type": "Inner",
                                                                                            "Startup Cost": 13.49,
                                                                                            "Total Cost": 3781.03,
                                                                                            "Plan Rows": 8,
                                                                                            "Plan Width": 65,
                                                                                            "Actual Startup Time": 3.357,
                                                                                            "Actual Total Time": 57.039,
                                                                                            "Actual Rows": 30066,
                                                                                            "Actual Loops": 1,
                                                                                            "Output": [
                                                                                                "cc.movie_id",
                                                                                                "cc.subject_id",
                                                                                                "cc.status_id",
                                                                                                "ci.movie_id",
                                                                                                "ci.person_id",
                                                                                                "ci.role_id",
                                                                                                "ci.person_role_id",
                                                                                                "mc.movie_id",
                                                                                                "mk.movie_id",
                                                                                                "pi.person_id",
                                                                                                "pi.info_type_id",
                                                                                                "t.title",
                                                                                                "t.id"
                                                                                            ],
                                                                                            "Inner Unique": false,
                                                                                            "Plans": [
                                                                                                {
                                                                                                    "Node Type": "Nested Loop",
                                                                                                    "Parent Relationship": "Outer",
                                                                                                    "Parallel Aware": false,
                                                                                                    "Join Type": "Inner",
                                                                                                    "Startup Cost": 13.06,
                                                                                                    "Total Cost": 3779.6,
                                                                                                    "Plan Rows": 1,
                                                                                                    "Plan Width": 57,
                                                                                                    "Actual Startup Time": 3.059,
                                                                                                    "Actual Total Time": 43.006,
                                                                                                    "Actual Rows": 1382,
                                                                                                    "Actual Loops": 1,
                                                                                                    "Output": [
                                                                                                        "cc.movie_id",
                                                                                                        "cc.subject_id",
                                                                                                        "cc.status_id",
                                                                                                        "ci.movie_id",
                                                                                                        "ci.person_id",
                                                                                                        "ci.role_id",
                                                                                                        "ci.person_role_id",
                                                                                                        "mc.movie_id",
                                                                                                        "mk.movie_id",
                                                                                                        "t.title",
                                                                                                        "t.id"
                                                                                                    ],
                                                                                                    "Inner Unique": false,
                                                                                                    "Join Filter": "(t.id = ci.movie_id)",
                                                                                                    "Rows Removed by Join Filter": 0,
                                                                                                    "Plans": [
                                                                                                        {
                                                                                                            "Node Type": "Nested Loop",
                                                                                                            "Parent Relationship": "Outer",
                                                                                                            "Parallel Aware": false,
                                                                                                            "Join Type": "Inner",
                                                                                                            "Startup Cost": 12.5,
                                                                                                            "Total Cost": 3777.9,
                                                                                                            "Plan Rows": 1,
                                                                                                            "Plan Width": 41,
                                                                                                            "Actual Startup Time": 2.95,
                                                                                                            "Actual Total Time": 36.273,
                                                                                                            "Actual Rows": 40,
                                                                                                            "Actual Loops": 1,
                                                                                                            "Output": [
                                                                                                                "cc.movie_id",
                                                                                                                "cc.subject_id",
                                                                                                                "cc.status_id",
                                                                                                                "mc.movie_id",
                                                                                                                "mk.movie_id",
                                                                                                                "t.title",
                                                                                                                "t.id"
                                                                                                            ],
                                                                                                            "Inner Unique": true,
                                                                                                            "Plans": [
                                                                                                                {
                                                                                                                    "Node Type": "Nested Loop",
                                                                                                                    "Parent Relationship": "Outer",
                                                                                                                    "Parallel Aware": false,
                                                                                                                    "Join Type": "Inner",
                                                                                                                    "Startup Cost": 12.08,
                                                                                                                    "Total Cost": 3777.01,
                                                                                                                    "Plan Rows": 2,
                                                                                                                    "Plan Width": 45,
                                                                                                                    "Actual Startup Time": 2.834,
                                                                                                                    "Actual Total Time": 34.487,
                                                                                                                    "Actual Rows": 123,
                                                                                                                    "Actual Loops": 1,
                                                                                                                    "Output": [
                                                                                                                        "cc.movie_id",
                                                                                                                        "cc.subject_id",
                                                                                                                        "cc.status_id",
                                                                                                                        "mc.movie_id",
                                                                                                                        "mc.company_id",
                                                                                                                        "mk.movie_id",
                                                                                                                        "t.title",
                                                                                                                        "t.id"
                                                                                                                    ],
                                                                                                                    "Inner Unique": false,
                                                                                                                    "Join Filter": "(t.id = mc.movie_id)",
                                                                                                                    "Rows Removed by Join Filter": 0,
                                                                                                                    "Plans": [
                                                                                                                        {
                                                                                                                            "Node Type": "Nested Loop",
                                                                                                                            "Parent Relationship": "Outer",
                                                                                                                            "Parallel Aware": false,
                                                                                                                            "Join Type": "Inner",
                                                                                                                            "Startup Cost": 11.65,
                                                                                                                            "Total Cost": 3775.8,
                                                                                                                            "Plan Rows": 2,
                                                                                                                            "Plan Width": 37,
                                                                                                                            "Actual Startup Time": 2.682,
                                                                                                                            "Actual Total Time": 33.827,
                                                                                                                            "Actual Rows": 10,
                                                                                                                            "Actual Loops": 1,
                                                                                                                            "Output": [
                                                                                                                                "cc.movie_id",
                                                                                                                                "cc.subject_id",
                                                                                                                                "cc.status_id",
                                                                                                                                "mk.movie_id",
                                                                                                                                "t.title",
                                                                                                                                "t.id"
                                                                                                                            ],
                                                                                                                            "Inner Unique": false,
                                                                                                                            "Join Filter": "(t.id = cc.movie_id)",
                                                                                                                            "Rows Removed by Join Filter": 0,
                                                                                                                            "Plans": [
                                                                                                                                {
                                                                                                                                    "Node Type": "Nested Loop",
                                                                                                                                    "Parent Relationship": "Outer",
                                                                                                                                    "Parallel Aware": false,
                                                                                                                                    "Join Type": "Inner",
                                                                                                                                    "Startup Cost": 11.23,
                                                                                                                                    "Total Cost": 3774.84,
                                                                                                                                    "Plan Rows": 2,
                                                                                                                                    "Plan Width": 25,
                                                                                                                                    "Actual Startup Time": 1.06,
                                                                                                                                    "Actual Total Time": 32.554,
                                                                                                                                    "Actual Rows": 40,
                                                                                                                                    "Actual Loops": 1,
                                                                                                                                    "Output": [
                                                                                                                                        "mk.movie_id",
                                                                                                                                        "t.title",
                                                                                                                                        "t.id"
                                                                                                                                    ],
                                                                                                                                    "Inner Unique": true,
                                                                                                                                    "Plans": [
                                                                                                                                        {
                                                                                                                                            "Node Type": "Nested Loop",
                                                                                                                                            "Parent Relationship": "Outer",
                                                                                                                                            "Parallel Aware": false,
                                                                                                                                            "Join Type": "Inner",
                                                                                                                                            "Startup Cost": 10.8,
                                                                                                                                            "Total Cost": 3758.1,
                                                                                                                                            "Plan Rows": 34,
                                                                                                                                            "Plan Width": 4,
                                                                                                                                            "Actual Startup Time": 0.613,
                                                                                                                                            "Actual Total Time": 16.593,
                                                                                                                                            "Actual Rows": 414,
                                                                                                                                            "Actual Loops": 1,
                                                                                                                                            "Output": [
                                                                                                                                                "mk.movie_id"
                                                                                                                                            ],
                                                                                                                                            "Inner Unique": false,
                                                                                                                                            "Plans": [
                                                                                                                                                {
                                                                                                                                                    "Node Type": "Seq Scan",
                                                                                                                                                    "Parent Relationship": "Outer",
                                                                                                                                                    "Parallel Aware": false,
                                                                                                                                                    "Relation Name": "keyword",
                                                                                                                                                    "Schema": "public",
                                                                                                                                                    "Alias": "k",
                                                                                                                                                    "Startup Cost": 0.0,
                                                                                                                                                    "Total Cost": 2626.12,
                                                                                                                                                    "Plan Rows": 1,
                                                                                                                                                    "Plan Width": 4,
                                                                                                                                                    "Actual Startup Time": 0.145,
                                                                                                                                                    "Actual Total Time": 9.334,
                                                                                                                                                    "Actual Rows": 1,
                                                                                                                                                    "Actual Loops": 1,
                                                                                                                                                    "Output": [
                                                                                                                                                        "k.id",
                                                                                                                                                        "k.keyword",
                                                                                                                                                        "k.phonetic_code"
                                                                                                                                                    ],
                                                                                                                                                    "Filter": "(k.keyword = 'computer-animation'::text)",
                                                                                                                                                    "Rows Removed by Filter": 134169
                                                                                                                                                },
                                                                                                                                                {
                                                                                                                                                    "Node Type": "Bitmap Heap Scan",
                                                                                                                                                    "Parent Relationship": "Inner",
                                                                                                                                                    "Parallel Aware": false,
                                                                                                                                                    "Relation Name": "movie_keyword",
                                                                                                                                                    "Schema": "public",
                                                                                                                                                    "Alias": "mk",
                                                                                                                                                    "Startup Cost": 10.8,
                                                                                                                                                    "Total Cost": 1128.92,
                                                                                                                                                    "Plan Rows": 305,
                                                                                                                                                    "Plan Width": 8,
                                                                                                                                                    "Actual Startup Time": 0.447,
                                                                                                                                                    "Actual Total Time": 6.978,
                                                                                                                                                    "Actual Rows": 414,
                                                                                                                                                    "Actual Loops": 1,
                                                                                                                                                    "Output": [
                                                                                                                                                        "mk.id",
                                                                                                                                                        "mk.movie_id",
                                                                                                                                                        "mk.keyword_id"
                                                                                                                                                    ],
                                                                                                                                                    "Recheck Cond": "(mk.keyword_id = k.id)",
                                                                                                                                                    "Rows Removed by Index Recheck": 0,
                                                                                                                                                    "Exact Heap Blocks": 358,
                                                                                                                                                    "Lossy Heap Blocks": 0,
                                                                                                                                                    "Plans": [
                                                                                                                                                        {
                                                                                                                                                            "Node Type": "Bitmap Index Scan",
                                                                                                                                                            "Parent Relationship": "Outer",
                                                                                                                                                            "Parallel Aware": false,
                                                                                                                                                            "Index Name": "keyword_id_movie_keyword",
                                                                                                                                                            "Startup Cost": 0.0,
                                                                                                                                                            "Total Cost": 10.72,
                                                                                                                                                            "Plan Rows": 305,
                                                                                                                                                            "Plan Width": 0,
                                                                                                                                                            "Actual Startup Time": 0.295,
                                                                                                                                                            "Actual Total Time": 0.295,
                                                                                                                                                            "Actual Rows": 414,
                                                                                                                                                            "Actual Loops": 1,
                                                                                                                                                            "Index Cond": "(mk.keyword_id = k.id)"
                                                                                                                                                        }
                                                                                                                                                    ]
                                                                                                                                                }
                                                                                                                                            ]
                                                                                                                                        },
                                                                                                                                        {
                                                                                                                                            "Node Type": "Index Scan",
                                                                                                                                            "Parent Relationship": "Inner",
                                                                                                                                            "Parallel Aware": false,
                                                                                                                                            "Scan Direction": "Forward",
                                                                                                                                            "Index Name": "title_pkey",
                                                                                                                                            "Relation Name": "title",
                                                                                                                                            "Schema": "public",
                                                                                                                                            "Alias": "t",
                                                                                                                                            "Startup Cost": 0.43,
                                                                                                                                            "Total Cost": 0.49,
                                                                                                                                            "Plan Rows": 1,
                                                                                                                                            "Plan Width": 21,
                                                                                                                                            "Actual Startup Time": 0.037,
                                                                                                                                            "Actual Total Time": 0.037,
                                                                                                                                            "Actual Rows": 0,
                                                                                                                                            "Actual Loops": 414,
                                                                                                                                            "Output": [
                                                                                                                                                "t.id",
                                                                                                                                                "t.title",
                                                                                                                                                "t.imdb_index",
                                                                                                                                                "t.kind_id",
                                                                                                                                                "t.production_year",
                                                                                                                                                "t.imdb_id",
                                                                                                                                                "t.phonetic_code",
                                                                                                                                                "t.episode_of_id",
                                                                                                                                                "t.season_nr",
                                                                                                                                                "t.episode_nr",
                                                                                                                                                "t.series_years",
                                                                                                                                                "t.md5sum"
                                                                                                                                            ],
                                                                                                                                            "Index Cond": "(t.id = mk.movie_id)",
                                                                                                                                            "Rows Removed by Index Recheck": 0,
                                                                                                                                            "Filter": "((t.production_year >= 1995) AND (t.production_year <= 1997))",
                                                                                                                                            "Rows Removed by Filter": 1
                                                                                                                                        }
                                                                                                                                    ]
                                                                                                                                },
                                                                                                                                {
                                                                                                                                    "Node Type": "Index Scan",
                                                                                                                                    "Parent Relationship": "Inner",
                                                                                                                                    "Parallel Aware": false,
                                                                                                                                    "Scan Direction": "Forward",
                                                                                                                                    "Index Name": "movie_id_complete_cast",
                                                                                                                                    "Relation Name": "complete_cast",
                                                                                                                                    "Schema": "public",
                                                                                                                                    "Alias": "cc",
                                                                                                                                    "Startup Cost": 0.42,
                                                                                                                                    "Total Cost": 0.46,
                                                                                                                                    "Plan Rows": 2,
                                                                                                                                    "Plan Width": 12,
                                                                                                                                    "Actual Startup Time": 0.029,
                                                                                                                                    "Actual Total Time": 0.03,
                                                                                                                                    "Actual Rows": 0,
                                                                                                                                    "Actual Loops": 40,
                                                                                                                                    "Output": [
                                                                                                                                        "cc.id",
                                                                                                                                        "cc.movie_id",
                                                                                                                                        "cc.subject_id",
                                                                                                                                        "cc.status_id"
                                                                                                                                    ],
                                                                                                                                    "Index Cond": "(cc.movie_id = mk.movie_id)",
                                                                                                                                    "Rows Removed by Index Recheck": 0
                                                                                                                                }
                                                                                                                            ]
                                                                                                                        },
                                                                                                                        {
                                                                                                                            "Node Type": "Index Scan",
                                                                                                                            "Parent Relationship": "Inner",
                                                                                                                            "Parallel Aware": false,
                                                                                                                            "Scan Direction": "Forward",
                                                                                                                            "Index Name": "movie_id_movie_companies",
                                                                                                                            "Relation Name": "movie_companies",
                                                                                                                            "Schema": "public",
                                                                                                                            "Alias": "mc",
                                                                                                                            "Startup Cost": 0.43,
                                                                                                                            "Total Cost": 0.54,
                                                                                                                            "Plan Rows": 5,
                                                                                                                            "Plan Width": 8,
                                                                                                                            "Actual Startup Time": 0.044,
                                                                                                                            "Actual Total Time": 0.06,
                                                                                                                            "Actual Rows": 12,
                                                                                                                            "Actual Loops": 10,
                                                                                                                            "Output": [
                                                                                                                                "mc.id",
                                                                                                                                "mc.movie_id",
                                                                                                                                "mc.company_id",
                                                                                                                                "mc.company_type_id",
                                                                                                                                "mc.note"
                                                                                                                            ],
                                                                                                                            "Index Cond": "(mc.movie_id = mk.movie_id)",
                                                                                                                            "Rows Removed by Index Recheck": 0
                                                                                                                        }
                                                                                                                    ]
                                                                                                                },
                                                                                                                {
                                                                                                                    "Node Type": "Index Scan",
                                                                                                                    "Parent Relationship": "Inner",
                                                                                                                    "Parallel Aware": false,
                                                                                                                    "Scan Direction": "Forward",
                                                                                                                    "Index Name": "company_name_pkey",
                                                                                                                    "Relation Name": "company_name",
                                                                                                                    "Schema": "public",
                                                                                                                    "Alias": "cn",
                                                                                                                    "Startup Cost": 0.42,
                                                                                                                    "Total Cost": 0.45,
                                                                                                                    "Plan Rows": 1,
                                                                                                                    "Plan Width": 4,
                                                                                                                    "Actual Startup Time": 0.014,
                                                                                                                    "Actual Total Time": 0.014,
                                                                                                                    "Actual Rows": 0,
                                                                                                                    "Actual Loops": 123,
                                                                                                                    "Output": [
                                                                                                                        "cn.id",
                                                                                                                        "cn.name",
                                                                                                                        "cn.country_code",
                                                                                                                        "cn.imdb_id",
                                                                                                                        "cn.name_pcode_nf",
                                                                                                                        "cn.name_pcode_sf",
                                                                                                                        "cn.md5sum"
                                                                                                                    ],
                                                                                                                    "Index Cond": "(cn.id = mc.company_id)",
                                                                                                                    "Rows Removed by Index Recheck": 0,
                                                                                                                    "Filter": "((cn.country_code)::text = '[us]'::text)",
                                                                                                                    "Rows Removed by Filter": 1
                                                                                                                }
                                                                                                            ]
                                                                                                        },
                                                                                                        {
                                                                                                            "Node Type": "Index Scan",
                                                                                                            "Parent Relationship": "Inner",
                                                                                                            "Parallel Aware": false,
                                                                                                            "Scan Direction": "Forward",
                                                                                                            "Index Name": "movie_id_cast_info",
                                                                                                            "Relation Name": "cast_info",
                                                                                                            "Schema": "public",
                                                                                                            "Alias": "ci",
                                                                                                            "Startup Cost": 0.56,
                                                                                                            "Total Cost": 1.69,
                                                                                                            "Plan Rows": 1,
                                                                                                            "Plan Width": 16,
                                                                                                            "Actual Startup Time": 0.047,
                                                                                                            "Actual Total Time": 0.162,
                                                                                                            "Actual Rows": 35,
                                                                                                            "Actual Loops": 40,
                                                                                                            "Output": [
                                                                                                                "ci.id",
                                                                                                                "ci.person_id",
                                                                                                                "ci.movie_id",
                                                                                                                "ci.person_role_id",
                                                                                                                "ci.note",
                                                                                                                "ci.nr_order",
                                                                                                                "ci.role_id"
                                                                                                            ],
                                                                                                            "Index Cond": "(ci.movie_id = mk.movie_id)",
                                                                                                            "Rows Removed by Index Recheck": 0,
                                                                                                            "Filter": "(ci.note = ANY ('{(voice),\"(voice: Japanese version)\",\"(voice) (uncredited)\",\"(voice: English version)\"}'::text[]))",
                                                                                                            "Rows Removed by Filter": 70
                                                                                                        }
                                                                                                    ]
                                                                                                },
                                                                                                {
                                                                                                    "Node Type": "Index Scan",
                                                                                                    "Parent Relationship": "Inner",
                                                                                                    "Parallel Aware": false,
                                                                                                    "Scan Direction": "Forward",
                                                                                                    "Index Name": "person_id_person_info",
                                                                                                    "Relation Name": "person_info",
                                                                                                    "Schema": "public",
                                                                                                    "Alias": "pi",
                                                                                                    "Startup Cost": 0.43,
                                                                                                    "Total Cost": 1.18,
                                                                                                    "Plan Rows": 25,
                                                                                                    "Plan Width": 8,
                                                                                                    "Actual Startup Time": 0.005,
                                                                                                    "Actual Total Time": 0.007,
                                                                                                    "Actual Rows": 22,
                                                                                                    "Actual Loops": 1382,
                                                                                                    "Output": [
                                                                                                        "pi.id",
                                                                                                        "pi.person_id",
                                                                                                        "pi.info_type_id",
                                                                                                        "pi.info",
                                                                                                        "pi.note"
                                                                                                    ],
                                                                                                    "Index Cond": "(pi.person_id = ci.person_id)",
                                                                                                    "Rows Removed by Index Recheck": 0
                                                                                                }
                                                                                            ]
                                                                                        }
                                                                                    ]
                                                                                },
                                                                                {
                                                                                    "Node Type": "Index Scan",
                                                                                    "Parent Relationship": "Inner",
                                                                                    "Parallel Aware": false,
                                                                                    "Scan Direction": "Forward",
                                                                                    "Index Name": "name_pkey",
                                                                                    "Relation Name": "name",
                                                                                    "Schema": "public",
                                                                                    "Alias": "n",
                                                                                    "Startup Cost": 0.43,
                                                                                    "Total Cost": 0.55,
                                                                                    "Plan Rows": 1,
                                                                                    "Plan Width": 19,
                                                                                    "Actual Startup Time": 0.001,
                                                                                    "Actual Total Time": 0.001,
                                                                                    "Actual Rows": 0,
                                                                                    "Actual Loops": 8862,
                                                                                    "Output": [
                                                                                        "n.id",
                                                                                        "n.name",
                                                                                        "n.imdb_index",
                                                                                        "n.imdb_id",
                                                                                        "n.gender",
                                                                                        "n.name_pcode_cf",
                                                                                        "n.name_pcode_nf",
                                                                                        "n.surname_pcode",
                                                                                        "n.md5sum"
                                                                                    ],
                                                                                    "Index Cond": "(n.id = pi.person_id)",
                                                                                    "Rows Removed by Index Recheck": 0,
                                                                                    "Filter": "((n.name ~~ '%Jo%'::text) AND ((n.gender)::text = 'f'::text))",
                                                                                    "Rows Removed by Filter": 1
                                                                                }
                                                                            ]
                                                                        },
                                                                        {
                                                                            "Node Type": "Index Scan",
                                                                            "Parent Relationship": "Inner",
                                                                            "Parallel Aware": false,
                                                                            "Scan Direction": "Forward",
                                                                            "Index Name": "role_type_pkey",
                                                                            "Relation Name": "role_type",
                                                                            "Schema": "public",
                                                                            "Alias": "rt",
                                                                            "Startup Cost": 0.14,
                                                                            "Total Cost": 0.16,
                                                                            "Plan Rows": 1,
                                                                            "Plan Width": 4,
                                                                            "Actual Startup Time": 0.0,
                                                                            "Actual Total Time": 0.0,
                                                                            "Actual Rows": 0,
                                                                            "Actual Loops": 0,
                                                                            "Output": [
                                                                                "rt.id",
                                                                                "rt.role"
                                                                            ],
                                                                            "Index Cond": "(rt.id = ci.role_id)",
                                                                            "Rows Removed by Index Recheck": 0,
                                                                            "Filter": "((rt.role)::text = 'actress'::text)",
                                                                            "Rows Removed by Filter": 0
                                                                        }
                                                                    ]
                                                                },
                                                                {
                                                                    "Node Type": "Index Scan",
                                                                    "Parent Relationship": "Inner",
                                                                    "Parallel Aware": false,
                                                                    "Scan Direction": "Forward",
                                                                    "Index Name": "movie_id_movie_info",
                                                                    "Relation Name": "movie_info",
                                                                    "Schema": "public",
                                                                    "Alias": "mi",
                                                                    "Startup Cost": 0.43,
                                                                    "Total Cost": 1.55,
                                                                    "Plan Rows": 1,
                                                                    "Plan Width": 8,
                                                                    "Actual Startup Time": 0.0,
                                                                    "Actual Total Time": 0.0,
                                                                    "Actual Rows": 0,
                                                                    "Actual Loops": 0,
                                                                    "Output": [
                                                                        "mi.id",
                                                                        "mi.movie_id",
                                                                        "mi.info_type_id",
                                                                        "mi.info",
                                                                        "mi.note"
                                                                    ],
                                                                    "Index Cond": "(mi.movie_id = mk.movie_id)",
                                                                    "Rows Removed by Index Recheck": 0,
                                                                    "Filter": "((mi.info IS NOT NULL) AND ((mi.info ~~ 'Japan:%200%'::text) OR (mi.info ~~ 'USA:%200%'::text)))",
                                                                    "Rows Removed by Filter": 0
                                                                }
                                                            ]
                                                        },
                                                        {
                                                            "Node Type": "Index Scan",
                                                            "Parent Relationship": "Inner",
                                                            "Parallel Aware": false,
                                                            "Scan Direction": "Forward",
                                                            "Index Name": "info_type_pkey",
                                                            "Relation Name": "info_type",
                                                            "Schema": "public",
                                                            "Alias": "it",
                                                            "Startup Cost": 0.14,
                                                            "Total Cost": 0.16,
                                                            "Plan Rows": 1,
                                                            "Plan Width": 4,
                                                            "Actual Startup Time": 0.0,
                                                            "Actual Total Time": 0.0,
                                                            "Actual Rows": 0,
                                                            "Actual Loops": 0,
                                                            "Output": [
                                                                "it.id",
                                                                "it.info"
                                                            ],
                                                            "Index Cond": "(it.id = mi.info_type_id)",
                                                            "Rows Removed by Index Recheck": 0,
                                                            "Filter": "((it.info)::text = 'release dates'::text)",
                                                            "Rows Removed by Filter": 0
                                                        }
                                                    ]
                                                },
                                                {
                                                    "Node Type": "Index Only Scan",
                                                    "Parent Relationship": "Inner",
                                                    "Parallel Aware": false,
                                                    "Scan Direction": "Forward",
                                                    "Index Name": "person_id_aka_name",
                                                    "Relation Name": "aka_name",
                                                    "Schema": "public",
                                                    "Alias": "an",
                                                    "Startup Cost": 0.42,
                                                    "Total Cost": 0.48,
                                                    "Plan Rows": 2,
                                                    "Plan Width": 4,
                                                    "Actual Startup Time": 0.0,
                                                    "Actual Total Time": 0.0,
                                                    "Actual Rows": 0,
                                                    "Actual Loops": 0,
                                                    "Output": [
                                                        "an.person_id"
                                                    ],
                                                    "Index Cond": "(an.person_id = pi.person_id)",
                                                    "Rows Removed by Index Recheck": 0,
                                                    "Heap Fetches": 0
                                                }
                                            ]
                                        },
                                        {
                                            "Node Type": "Index Scan",
                                            "Parent Relationship": "Inner",
                                            "Parallel Aware": false,
                                            "Scan Direction": "Forward",
                                            "Index Name": "char_name_pkey",
                                            "Relation Name": "char_name",
                                            "Schema": "public",
                                            "Alias": "chn",
                                            "Startup Cost": 0.43,
                                            "Total Cost": 0.67,
                                            "Plan Rows": 1,
                                            "Plan Width": 20,
                                            "Actual Startup Time": 0.0,
                                            "Actual Total Time": 0.0,
                                            "Actual Rows": 0,
                                            "Actual Loops": 0,
                                            "Output": [
                                                "chn.id",
                                                "chn.name",
                                                "chn.imdb_index",
                                                "chn.imdb_id",
                                                "chn.name_pcode_nf",
                                                "chn.surname_pcode",
                                                "chn.md5sum"
                                            ],
                                            "Index Cond": "(chn.id = ci.person_role_id)",
                                            "Rows Removed by Index Recheck": 0
                                        }
                                    ]
                                },
                                {
                                    "Node Type": "Index Scan",
                                    "Parent Relationship": "Inner",
                                    "Parallel Aware": false,
                                    "Scan Direction": "Forward",
                                    "Index Name": "comp_cast_type_pkey",
                                    "Relation Name": "comp_cast_type",
                                    "Schema": "public",
                                    "Alias": "cct1",
                                    "Startup Cost": 0.13,
                                    "Total Cost": 0.15,
                                    "Plan Rows": 1,
                                    "Plan Width": 4,
                                    "Actual Startup Time": 0.0,
                                    "Actual Total Time": 0.0,
                                    "Actual Rows": 0,
                                    "Actual Loops": 0,
                                    "Output": [
                                        "cct1.id",
                                        "cct1.kind"
                                    ],
                                    "Index Cond": "(cct1.id = cc.subject_id)",
                                    "Rows Removed by Index Recheck": 0,
                                    "Filter": "((cct1.kind)::text = 'cast'::text)",
                                    "Rows Removed by Filter": 0
                                }
                            ]
                        },
                        {
                            "Node Type": "Index Scan",
                            "Parent Relationship": "Inner",
                            "Parallel Aware": false,
                            "Scan Direction": "Forward",
                            "Index Name": "comp_cast_type_pkey",
                            "Relation Name": "comp_cast_type",
                            "Schema": "public",
                            "Alias": "cct2",
                            "Startup Cost": 0.13,
                            "Total Cost": 0.15,
                            "Plan Rows": 1,
                            "Plan Width": 4,
                            "Actual Startup Time": 0.0,
                            "Actual Total Time": 0.0,
                            "Actual Rows": 0,
                            "Actual Loops": 0,
                            "Output": [
                                "cct2.id",
                                "cct2.kind"
                            ],
                            "Index Cond": "(cct2.id = cc.status_id)",
                            "Rows Removed by Index Recheck": 0,
                            "Filter": "((cct2.kind)::text = 'complete+verified'::text)",
                            "Rows Removed by Filter": 0
                        }
                    ]
                }
            ]
        },
        "Planning Time": 16362.639,
        "Triggers": [],
        "Execution Time": 75.102
    }
]