[
  {
    "Plan": {
      "Node Type": "Aggregate",
      "Strategy": "Plain",
      "Partial Mode": "Finalize",
      "Parallel Aware": false,
      "Startup Cost": 44539.21,
      "Total Cost": 44539.22,
      "Plan Rows": 1,
      "Plan Width": 8,
      "Actual Startup Time": 143.516,
      "Actual Total Time": 150.463,
      "Actual Rows": 1,
      "Actual Loops": 1,
      "Plans": [
        {
          "Node Type": "Gather",
          "Parent Relationship": "Outer",
          "Parallel Aware": false,
          "Startup Cost": 44538.89,
          "Total Cost": 44539.2,
          "Plan Rows": 3,
          "Plan Width": 8,
          "Actual Startup Time": 143.375,
          "Actual Total Time": 150.454,
          "Actual Rows": 4,
          "Actual Loops": 1,
          "Workers Planned": 3,
          "Workers Launched": 3,
          "Single Copy": false,
          "Plans": [
            {
              "Node Type": "Aggregate",
              "Strategy": "Plain",
              "Partial Mode": "Partial",
              "Parent Relationship": "Outer",
              "Parallel Aware": false,
              "Startup Cost": 43538.89,
              "Total Cost": 43538.9,
              "Plan Rows": 1,
              "Plan Width": 8,
              "Actual Startup Time": 135.076,
              "Actual Total Time": 135.077,
              "Actual Rows": 1,
              "Actual Loops": 4,
              "Plans": [
                {
                  "Node Type": "Seq Scan",
                  "Parent Relationship": "Outer",
                  "Parallel Aware": true,
                  "Relation Name": "movie_keyword",
                  "Alias": "mk",
                  "Startup Cost": 0.0,
                  "Total Cost": 42695.65,
                  "Plan Rows": 337295,
                  "Plan Width": 0,
                  "Actual Startup Time": 3.47,
                  "Actual Total Time": 119.771,
                  "Actual Rows": 262282,
                  "Actual Loops": 4,
                  "Filter": "(keyword_id > 16914)",
                  "Rows Removed by Filter": 868700
                }
              ]
            }
          ]
        }
      ]
    },
    "Planning Time": 0.179,
    "Triggers": [],
    "Execution Time": 150.52
  }
]