[
  {
    "Plan": {
      "Node Type": "Aggregate",
      "Strategy": "Plain",
      "Partial Mode": "Finalize",
      "Parallel Aware": false,
      "Startup Cost": 330669.17,
      "Total Cost": 330669.18,
      "Plan Rows": 1,
      "Plan Width": 8,
      "Actual Startup Time": 286.667,
      "Actual Total Time": 301.286,
      "Actual Rows": 1,
      "Actual Loops": 1,
      "Plans": [
        {
          "Node Type": "Gather",
          "Parent Relationship": "Outer",
          "Parallel Aware": false,
          "Startup Cost": 330668.54,
          "Total Cost": 330669.15,
          "Plan Rows": 6,
          "Plan Width": 8,
          "Actual Startup Time": 285.388,
          "Actual Total Time": 301.269,
          "Actual Rows": 7,
          "Actual Loops": 1,
          "Workers Planned": 6,
          "Workers Launched": 6,
          "Single Copy": false,
          "Plans": [
            {
              "Node Type": "Aggregate",
              "Strategy": "Plain",
              "Partial Mode": "Partial",
              "Parent Relationship": "Outer",
              "Parallel Aware": false,
              "Startup Cost": 329668.54,
              "Total Cost": 329668.55,
              "Plan Rows": 1,
              "Plan Width": 8,
              "Actual Startup Time": 275.474,
              "Actual Total Time": 275.476,
              "Actual Rows": 1,
              "Actual Loops": 7,
              "Plans": [
                {
                  "Node Type": "Bitmap Heap Scan",
                  "Parent Relationship": "Outer",
                  "Parallel Aware": true,
                  "Relation Name": "cast_info",
                  "Alias": "ci",
                  "Startup Cost": 68349.81,
                  "Total Cost": 328806.07,
                  "Plan Rows": 344990,
                  "Plan Width": 0,
                  "Actual Startup Time": 101.405,
                  "Actual Total Time": 252.733,
                  "Actual Rows": 365242,
                  "Actual Loops": 7,
                  "Recheck Cond": "(person_id < 310496)",
                  "Rows Removed by Index Recheck": 0,
                  "Filter": "(role_id < 4)",
                  "Rows Removed by Filter": 93492,
                  "Exact Heap Blocks": 9384,
                  "Lossy Heap Blocks": 0,
                  "Plans": [
                    {
                      "Node Type": "Bitmap Index Scan",
                      "Parent Relationship": "Outer",
                      "Parallel Aware": false,
                      "Index Name": "person_id_cast_info",
                      "Startup Cost": 0.0,
                      "Total Cost": 67832.33,
                      "Plan Rows": 3107702,
                      "Plan Width": 0,
                      "Actual Startup Time": 105.186,
                      "Actual Total Time": 105.186,
                      "Actual Rows": 3211143,
                      "Actual Loops": 1,
                      "Index Cond": "(person_id < 310496)"
                    }
                  ]
                }
              ]
            }
          ]
        }
      ]
    },
    "Planning Time": 0.121,
    "Triggers": [],
    "Execution Time": 301.328
  }
]