{
    "Plan": {
        "Node Type": "Aggregate",
        "Strategy": "Plain",
        "Partial Mode": "Finalize",
        "Parallel Aware": false,
        "Startup Cost": 401994.73,
        "Total Cost": 401994.74,
        "Plan Rows": 1,
        "Plan Width": 8,
        "Actual Startup Time": 1170.043,
        "Actual Total Time": 1219.938,
        "Actual Rows": 1,
        "Actual Loops": 1,
        "Output": [
            "count(*)"
        ],
        "Plans": [
            {
                "Node Type": "Gather",
                "Parent Relationship": "Outer",
                "Parallel Aware": false,
                "Startup Cost": 401994.1,
                "Total Cost": 401994.71,
                "Plan Rows": 6,
                "Plan Width": 8,
                "Actual Startup Time": 1160.213,
                "Actual Total Time": 1219.924,
                "Actual Rows": 7,
                "Actual Loops": 1,
                "Output": [
                    "(PARTIAL count(*))"
                ],
                "Workers Planned": 6,
                "Workers Launched": 6,
                "Single Copy": false,
                "Plans": [
                    {
                        "Node Type": "Aggregate",
                        "Strategy": "Plain",
                        "Partial Mode": "Partial",
                        "Parent Relationship": "Outer",
                        "Parallel Aware": false,
                        "Startup Cost": 400994.1,
                        "Total Cost": 400994.11,
                        "Plan Rows": 1,
                        "Plan Width": 8,
                        "Actual Startup Time": 1148.706,
                        "Actual Total Time": 1148.782,
                        "Actual Rows": 1,
                        "Actual Loops": 7,
                        "Output": [
                            "PARTIAL count(*)"
                        ],
                        "Workers": [
                            {
                                "Worker Number": 0,
                                "Actual Startup Time": 1146.013,
                                "Actual Total Time": 1146.019,
                                "Actual Rows": 1,
                                "Actual Loops": 1
                            },
                            {
                                "Worker Number": 1,
                                "Actual Startup Time": 1146.72,
                                "Actual Total Time": 1146.726,
                                "Actual Rows": 1,
                                "Actual Loops": 1
                            },
                            {
                                "Worker Number": 2,
                                "Actual Startup Time": 1147.306,
                                "Actual Total Time": 1147.312,
                                "Actual Rows": 1,
                                "Actual Loops": 1
                            },
                            {
                                "Worker Number": 3,
                                "Actual Startup Time": 1146.749,
                                "Actual Total Time": 1146.755,
                                "Actual Rows": 1,
                                "Actual Loops": 1
                            },
                            {
                                "Worker Number": 4,
                                "Actual Startup Time": 1147.071,
                                "Actual Total Time": 1147.076,
                                "Actual Rows": 1,
                                "Actual Loops": 1
                            },
                            {
                                "Worker Number": 5,
                                "Actual Startup Time": 1147.962,
                                "Actual Total Time": 1147.967,
                                "Actual Rows": 1,
                                "Actual Loops": 1
                            }
                        ],
                        "Plans": [
                            {
                                "Node Type": "Hash Join",
                                "Parent Relationship": "Outer",
                                "Parallel Aware": true,
                                "Join Type": "Inner",
                                "Startup Cost": 63620.12,
                                "Total Cost": 400219.58,
                                "Plan Rows": 309808,
                                "Plan Width": 0,
                                "Actual Startup Time": 489.677,
                                "Actual Total Time": 1128.364,
                                "Actual Rows": 450434,
                                "Actual Loops": 7,
                                "Inner Unique": false,
                                "Hash Cond": "(ci.movie_id = t.id)",
                                "Workers": [
                                    {
                                        "Worker Number": 0,
                                        "Actual Startup Time": 486.931,
                                        "Actual Total Time": 1127.925,
                                        "Actual Rows": 429892,
                                        "Actual Loops": 1
                                    },
                                    {
                                        "Worker Number": 1,
                                        "Actual Startup Time": 487.659,
                                        "Actual Total Time": 1125.83,
                                        "Actual Rows": 445333,
                                        "Actual Loops": 1
                                    },
                                    {
                                        "Worker Number": 2,
                                        "Actual Startup Time": 487.799,
                                        "Actual Total Time": 1126.756,
                                        "Actual Rows": 438777,
                                        "Actual Loops": 1
                                    },
                                    {
                                        "Worker Number": 3,
                                        "Actual Startup Time": 488.034,
                                        "Actual Total Time": 1125.854,
                                        "Actual Rows": 446748,
                                        "Actual Loops": 1
                                    },
                                    {
                                        "Worker Number": 4,
                                        "Actual Startup Time": 488.194,
                                        "Actual Total Time": 1129.218,
                                        "Actual Rows": 424404,
                                        "Actual Loops": 1
                                    },
                                    {
                                        "Worker Number": 5,
                                        "Actual Startup Time": 489.076,
                                        "Actual Total Time": 1126.964,
                                        "Actual Rows": 449965,
                                        "Actual Loops": 1
                                    }
                                ],
                                "Plans": [
                                    {
                                        "Node Type": "Seq Scan",
                                        "Parent Relationship": "Outer",
                                        "Parallel Aware": true,
                                        "Relation Name": "cast_info",
                                        "Schema": "public",
                                        "Alias": "ci",
                                        "Startup Cost": 0.0,
                                        "Total Cost": 328213.62,
                                        "Plan Rows": 1891994,
                                        "Plan Width": 4,
                                        "Actual Startup Time": 264.911,
                                        "Actual Total Time": 562.218,
                                        "Actual Rows": 1634363,
                                        "Actual Loops": 7,
                                        "Output": [
                                            "ci.id",
                                            "ci.person_id",
                                            "ci.movie_id",
                                            "ci.person_role_id",
                                            "ci.note",
                                            "ci.nr_order",
                                            "ci.role_id"
                                        ],
                                        "Filter": "(ci.person_id > 2554486)",
                                        "Rows Removed by Filter": 3543400,
                                        "Workers": [
                                            {
                                                "Worker Number": 0,
                                                "Actual Startup Time": 264.909,
                                                "Actual Total Time": 540.931,
                                                "Actual Rows": 1543729,
                                                "Actual Loops": 1
                                            },
                                            {
                                                "Worker Number": 1,
                                                "Actual Startup Time": 264.924,
                                                "Actual Total Time": 575.656,
                                                "Actual Rows": 1625791,
                                                "Actual Loops": 1
                                            },
                                            {
                                                "Worker Number": 2,
                                                "Actual Startup Time": 264.914,
                                                "Actual Total Time": 574.224,
                                                "Actual Rows": 1616988,
                                                "Actual Loops": 1
                                            },
                                            {
                                                "Worker Number": 3,
                                                "Actual Startup Time": 264.845,
                                                "Actual Total Time": 575.034,
                                                "Actual Rows": 1616009,
                                                "Actual Loops": 1
                                            },
                                            {
                                                "Worker Number": 4,
                                                "Actual Startup Time": 264.912,
                                                "Actual Total Time": 543.434,
                                                "Actual Rows": 1553553,
                                                "Actual Loops": 1
                                            },
                                            {
                                                "Worker Number": 5,
                                                "Actual Startup Time": 264.928,
                                                "Actual Total Time": 576.044,
                                                "Actual Rows": 1620630,
                                                "Actual Loops": 1
                                            }
                                        ]
                                    },
                                    {
                                        "Node Type": "Hash",
                                        "Parent Relationship": "Inner",
                                        "Parallel Aware": true,
                                        "Startup Cost": 61463.84,
                                        "Total Cost": 61463.84,
                                        "Plan Rows": 172502,
                                        "Plan Width": 8,
                                        "Actual Startup Time": 222.16,
                                        "Actual Total Time": 222.234,
                                        "Actual Rows": 72118,
                                        "Actual Loops": 7,
                                        "Output": [
                                            "t.id",
                                            "mi_idx.movie_id"
                                        ],
                                        "Hash Buckets": 524288,
                                        "Original Hash Buckets": 524288,
                                        "Hash Batches": 1,
                                        "Original Hash Batches": 1,
                                        "Peak Memory Usage": 23936,
                                        "Workers": [
                                            {
                                                "Worker Number": 0,
                                                "Actual Startup Time": 221.35,
                                                "Actual Total Time": 221.354,
                                                "Actual Rows": 74697,
                                                "Actual Loops": 1
                                            },
                                            {
                                                "Worker Number": 1,
                                                "Actual Startup Time": 222.07,
                                                "Actual Total Time": 222.074,
                                                "Actual Rows": 69207,
                                                "Actual Loops": 1
                                            },
                                            {
                                                "Worker Number": 2,
                                                "Actual Startup Time": 222.068,
                                                "Actual Total Time": 222.072,
                                                "Actual Rows": 69239,
                                                "Actual Loops": 1
                                            },
                                            {
                                                "Worker Number": 3,
                                                "Actual Startup Time": 221.932,
                                                "Actual Total Time": 221.935,
                                                "Actual Rows": 69591,
                                                "Actual Loops": 1
                                            },
                                            {
                                                "Worker Number": 4,
                                                "Actual Startup Time": 222.356,
                                                "Actual Total Time": 222.359,
                                                "Actual Rows": 74409,
                                                "Actual Loops": 1
                                            },
                                            {
                                                "Worker Number": 5,
                                                "Actual Startup Time": 223.23,
                                                "Actual Total Time": 223.234,
                                                "Actual Rows": 70295,
                                                "Actual Loops": 1
                                            }
                                        ],
                                        "Plans": [
                                            {
                                                "Node Type": "Hash Join",
                                                "Parent Relationship": "Outer",
                                                "Parallel Aware": true,
                                                "Join Type": "Inner",
                                                "Startup Cost": 46269.28,
                                                "Total Cost": 61463.84,
                                                "Plan Rows": 172502,
                                                "Plan Width": 8,
                                                "Actual Startup Time": 140.094,
                                                "Actual Total Time": 202.146,
                                                "Actual Rows": 72118,
                                                "Actual Loops": 7,
                                                "Output": [
                                                    "t.id",
                                                    "mi_idx.movie_id"
                                                ],
                                                "Inner Unique": true,
                                                "Hash Cond": "(mi_idx.movie_id = t.id)",
                                                "Workers": [
                                                    {
                                                        "Worker Number": 0,
                                                        "Actual Startup Time": 139.387,
                                                        "Actual Total Time": 201.087,
                                                        "Actual Rows": 74697,
                                                        "Actual Loops": 1
                                                    },
                                                    {
                                                        "Worker Number": 1,
                                                        "Actual Startup Time": 140.193,
                                                        "Actual Total Time": 202.522,
                                                        "Actual Rows": 69207,
                                                        "Actual Loops": 1
                                                    },
                                                    {
                                                        "Worker Number": 2,
                                                        "Actual Startup Time": 140.215,
                                                        "Actual Total Time": 202.329,
                                                        "Actual Rows": 69239,
                                                        "Actual Loops": 1
                                                    },
                                                    {
                                                        "Worker Number": 3,
                                                        "Actual Startup Time": 140.114,
                                                        "Actual Total Time": 202.748,
                                                        "Actual Rows": 69591,
                                                        "Actual Loops": 1
                                                    },
                                                    {
                                                        "Worker Number": 4,
                                                        "Actual Startup Time": 140.112,
                                                        "Actual Total Time": 202.028,
                                                        "Actual Rows": 74409,
                                                        "Actual Loops": 1
                                                    },
                                                    {
                                                        "Worker Number": 5,
                                                        "Actual Startup Time": 140.292,
                                                        "Actual Total Time": 202.081,
                                                        "Actual Rows": 70295,
                                                        "Actual Loops": 1
                                                    }
                                                ],
                                                "Plans": [
                                                    {
                                                        "Node Type": "Seq Scan",
                                                        "Parent Relationship": "Outer",
                                                        "Parallel Aware": true,
                                                        "Relation Name": "movie_info_idx",
                                                        "Schema": "public",
                                                        "Alias": "mi_idx",
                                                        "Startup Cost": 0.0,
                                                        "Total Cost": 13685.15,
                                                        "Plan Rows": 575015,
                                                        "Plan Width": 4,
                                                        "Actual Startup Time": 0.016,
                                                        "Actual Total Time": 20.139,
                                                        "Actual Rows": 197148,
                                                        "Actual Loops": 7,
                                                        "Output": [
                                                            "mi_idx.id",
                                                            "mi_idx.movie_id",
                                                            "mi_idx.info_type_id",
                                                            "mi_idx.info",
                                                            "mi_idx.note"
                                                        ],
                                                        "Workers": [
                                                            {
                                                                "Worker Number": 0,
                                                                "Actual Startup Time": 0.017,
                                                                "Actual Total Time": 20.114,
                                                                "Actual Rows": 201410,
                                                                "Actual Loops": 1
                                                            },
                                                            {
                                                                "Worker Number": 1,
                                                                "Actual Startup Time": 0.013,
                                                                "Actual Total Time": 21.039,
                                                                "Actual Rows": 192988,
                                                                "Actual Loops": 1
                                                            },
                                                            {
                                                                "Worker Number": 2,
                                                                "Actual Startup Time": 0.024,
                                                                "Actual Total Time": 20.709,
                                                                "Actual Rows": 191301,
                                                                "Actual Loops": 1
                                                            },
                                                            {
                                                                "Worker Number": 3,
                                                                "Actual Startup Time": 0.014,
                                                                "Actual Total Time": 20.739,
                                                                "Actual Rows": 191162,
                                                                "Actual Loops": 1
                                                            },
                                                            {
                                                                "Worker Number": 4,
                                                                "Actual Startup Time": 0.013,
                                                                "Actual Total Time": 20.244,
                                                                "Actual Rows": 204010,
                                                                "Actual Loops": 1
                                                            },
                                                            {
                                                                "Worker Number": 5,
                                                                "Actual Startup Time": 0.014,
                                                                "Actual Total Time": 20.777,
                                                                "Actual Rows": 190984,
                                                                "Actual Loops": 1
                                                            }
                                                        ]
                                                    },
                                                    {
                                                        "Node Type": "Hash",
                                                        "Parent Relationship": "Inner",
                                                        "Parallel Aware": true,
                                                        "Startup Cost": 43899.01,
                                                        "Total Cost": 43899.01,
                                                        "Plan Rows": 189622,
                                                        "Plan Width": 4,
                                                        "Actual Startup Time": 137.979,
                                                        "Actual Total Time": 137.981,
                                                        "Actual Rows": 107986,
                                                        "Actual Loops": 7,
                                                        "Output": [
                                                            "t.id"
                                                        ],
                                                        "Hash Buckets": 1048576,
                                                        "Original Hash Buckets": 1048576,
                                                        "Hash Batches": 1,
                                                        "Original Hash Batches": 1,
                                                        "Peak Memory Usage": 37792,
                                                        "Workers": [
                                                            {
                                                                "Worker Number": 0,
                                                                "Actual Startup Time": 139.209,
                                                                "Actual Total Time": 139.21,
                                                                "Actual Rows": 102968,
                                                                "Actual Loops": 1
                                                            },
                                                            {
                                                                "Worker Number": 1,
                                                                "Actual Startup Time": 139.873,
                                                                "Actual Total Time": 139.875,
                                                                "Actual Rows": 100553,
                                                                "Actual Loops": 1
                                                            },
                                                            {
                                                                "Worker Number": 2,
                                                                "Actual Startup Time": 139.843,
                                                                "Actual Total Time": 139.844,
                                                                "Actual Rows": 99593,
                                                                "Actual Loops": 1
                                                            },
                                                            {
                                                                "Worker Number": 3,
                                                                "Actual Startup Time": 139.797,
                                                                "Actual Total Time": 139.798,
                                                                "Actual Rows": 99742,
                                                                "Actual Loops": 1
                                                            },
                                                            {
                                                                "Worker Number": 4,
                                                                "Actual Startup Time": 139.882,
                                                                "Actual Total Time": 139.883,
                                                                "Actual Rows": 103697,
                                                                "Actual Loops": 1
                                                            },
                                                            {
                                                                "Worker Number": 5,
                                                                "Actual Startup Time": 139.825,
                                                                "Actual Total Time": 139.826,
                                                                "Actual Rows": 101310,
                                                                "Actual Loops": 1
                                                            }
                                                        ],
                                                        "Plans": [
                                                            {
                                                                "Node Type": "Seq Scan",
                                                                "Parent Relationship": "Outer",
                                                                "Parallel Aware": true,
                                                                "Relation Name": "title",
                                                                "Schema": "public",
                                                                "Alias": "t",
                                                                "Startup Cost": 0.0,
                                                                "Total Cost": 43899.01,
                                                                "Plan Rows": 189622,
                                                                "Plan Width": 4,
                                                                "Actual Startup Time": 0.083,
                                                                "Actual Total Time": 78.13,
                                                                "Actual Rows": 107986,
                                                                "Actual Loops": 7,
                                                                "Output": [
                                                                    "t.id"
                                                                ],
                                                                "Filter": "(t.production_year < 1993)",
                                                                "Rows Removed by Filter": 253201,
                                                                "Workers": [
                                                                    {
                                                                        "Worker Number": 0,
                                                                        "Actual Startup Time": 0.105,
                                                                        "Actual Total Time": 77.758,
                                                                        "Actual Rows": 102968,
                                                                        "Actual Loops": 1
                                                                    },
                                                                    {
                                                                        "Worker Number": 1,
                                                                        "Actual Startup Time": 0.095,
                                                                        "Actual Total Time": 79.372,
                                                                        "Actual Rows": 100553,
                                                                        "Actual Loops": 1
                                                                    },
                                                                    {
                                                                        "Worker Number": 2,
                                                                        "Actual Startup Time": 0.101,
                                                                        "Actual Total Time": 79.723,
                                                                        "Actual Rows": 99593,
                                                                        "Actual Loops": 1
                                                                    },
                                                                    {
                                                                        "Worker Number": 3,
                                                                        "Actual Startup Time": 0.095,
                                                                        "Actual Total Time": 79.712,
                                                                        "Actual Rows": 99742,
                                                                        "Actual Loops": 1
                                                                    },
                                                                    {
                                                                        "Worker Number": 4,
                                                                        "Actual Startup Time": 0.087,
                                                                        "Actual Total Time": 77.964,
                                                                        "Actual Rows": 103697,
                                                                        "Actual Loops": 1
                                                                    },
                                                                    {
                                                                        "Worker Number": 5,
                                                                        "Actual Startup Time": 0.08,
                                                                        "Actual Total Time": 80.328,
                                                                        "Actual Rows": 101310,
                                                                        "Actual Loops": 1
                                                                    }
                                                                ]
                                                            }
                                                        ]
                                                    }
                                                ]
                                            }
                                        ]
                                    }
                                ]
                            }
                        ]
                    }
                ]
            }
        ]
    },
    "Planning Time": 1.498,
    "Triggers": [],
    "Execution Time": 1220.055
}