[
  {
    "Plan": {
      "Node Type": "Aggregate",
      "Strategy": "Plain",
      "Partial Mode": "Finalize",
      "Parallel Aware": false,
      "Startup Cost": 350107.98,
      "Total Cost": 350107.99,
      "Plan Rows": 1,
      "Plan Width": 8,
      "Actual Startup Time": 903.782,
      "Actual Total Time": 951.19,
      "Actual Rows": 1,
      "Actual Loops": 1,
      "Plans": [
        {
          "Node Type": "Gather",
          "Parent Relationship": "Outer",
          "Parallel Aware": false,
          "Startup Cost": 350107.36,
          "Total Cost": 350107.97,
          "Plan Rows": 6,
          "Plan Width": 8,
          "Actual Startup Time": 903.635,
          "Actual Total Time": 951.177,
          "Actual Rows": 7,
          "Actual Loops": 1,
          "Workers Planned": 6,
          "Workers Launched": 6,
          "Single Copy": false,
          "Plans": [
            {
              "Node Type": "Aggregate",
              "Strategy": "Plain",
              "Partial Mode": "Partial",
              "Parent Relationship": "Outer",
              "Parallel Aware": false,
              "Startup Cost": 349107.36,
              "Total Cost": 349107.37,
              "Plan Rows": 1,
              "Plan Width": 8,
              "Actual Startup Time": 896.233,
              "Actual Total Time": 896.234,
              "Actual Rows": 1,
              "Actual Loops": 7,
              "Plans": [
                {
                  "Node Type": "Seq Scan",
                  "Parent Relationship": "Outer",
                  "Parallel Aware": true,
                  "Relation Name": "cast_info",
                  "Alias": "ci",
                  "Startup Cost": 0.0,
                  "Total Cost": 343316.27,
                  "Plan Rows": 2316434,
                  "Plan Width": 0,
                  "Actual Startup Time": 233.059,
                  "Actual Total Time": 746.116,
                  "Actual Rows": 2769063,
                  "Actual Loops": 7,
                  "Filter": "((person_id > 1479218) AND (role_id > 1))",
                  "Rows Removed by Filter": 2408701
                }
              ]
            }
          ]
        }
      ]
    },
    "Planning Time": 0.108,
    "Triggers": [],
    "Execution Time": 951.234
  }
]