{
    "Plan": {
        "Node Type": "Aggregate",
        "Strategy": "Plain",
        "Partial Mode": "Simple",
        "Parallel Aware": false,
        "Startup Cost": 40008130226.58,
        "Total Cost": 40008130226.59,
        "Plan Rows": 1,
        "Plan Width": 96,
        "Actual Startup Time": 6723.626,
        "Actual Total Time": 6723.822,
        "Actual Rows": 1,
        "Actual Loops": 1,
        "Output": [
            "min(mi.info)",
            "min(miidx.info)",
            "min(t.title)"
        ],
        "Plans": [
            {
                "Node Type": "Hash Join",
                "Parent Relationship": "Outer",
                "Parallel Aware": false,
                "Join Type": "Inner",
                "Startup Cost": 40008129597.84,
                "Total Cost": 40008130224.88,
                "Plan Rows": 226,
                "Plan Width": 65,
                "Actual Startup Time": 6702.175,
                "Actual Total Time": 6720.898,
                "Actual Rows": 28471,
                "Actual Loops": 1,
                "Output": [
                    "mi.info",
                    "miidx.info",
                    "t.title"
                ],
                "Inner Unique": false,
                "Hash Cond": "(t.id = mi.movie_id)",
                "Plans": [
                    {
                        "Node Type": "Merge Join",
                        "Parent Relationship": "Outer",
                        "Parallel Aware": false,
                        "Join Type": "Inner",
                        "Startup Cost": 40007210466.28,
                        "Total Cost": 40007210947.46,
                        "Plan Rows": 837,
                        "Plan Width": 34,
                        "Actual Startup Time": 4913.392,
                        "Actual Total Time": 4917.141,
                        "Actual Rows": 17446,
                        "Actual Loops": 1,
                        "Output": [
                            "mc.movie_id",
                            "miidx.info",
                            "miidx.movie_id",
                            "t.title",
                            "t.id"
                        ],
                        "Inner Unique": false,
                        "Merge Cond": "(it.id = miidx.info_type_id)",
                        "Plans": [
                            {
                                "Node Type": "Sort",
                                "Parent Relationship": "Outer",
                                "Parallel Aware": false,
                                "Startup Cost": 10000000002.42,
                                "Total Cost": 10000000002.43,
                                "Plan Rows": 1,
                                "Plan Width": 4,
                                "Actual Startup Time": 0.072,
                                "Actual Total Time": 0.074,
                                "Actual Rows": 1,
                                "Actual Loops": 1,
                                "Output": [
                                    "it.id"
                                ],
                                "Sort Key": [
                                    "it.id"
                                ],
                                "Sort Method": "quicksort",
                                "Sort Space Used": 25,
                                "Sort Space Type": "Memory",
                                "Plans": [
                                    {
                                        "Node Type": "Seq Scan",
                                        "Parent Relationship": "Outer",
                                        "Parallel Aware": false,
                                        "Relation Name": "info_type",
                                        "Schema": "public",
                                        "Alias": "it",
                                        "Startup Cost": 10000000000.0,
                                        "Total Cost": 10000000002.41,
                                        "Plan Rows": 1,
                                        "Plan Width": 4,
                                        "Actual Startup Time": 0.046,
                                        "Actual Total Time": 0.049,
                                        "Actual Rows": 1,
                                        "Actual Loops": 1,
                                        "Output": [
                                            "it.id"
                                        ],
                                        "Filter": "((it.info)::text = 'rating'::text)",
                                        "Rows Removed by Filter": 112
                                    }
                                ]
                            },
                            {
                                "Node Type": "Sort",
                                "Parent Relationship": "Inner",
                                "Parallel Aware": false,
                                "Startup Cost": 30007210463.85,
                                "Total Cost": 30007210700.26,
                                "Plan Rows": 94563,
                                "Plan Width": 38,
                                "Actual Startup Time": 4909.07,
                                "Actual Total Time": 4912.589,
                                "Actual Rows": 52338,
                                "Actual Loops": 1,
                                "Output": [
                                    "mc.movie_id",
                                    "miidx.info",
                                    "miidx.movie_id",
                                    "miidx.info_type_id",
                                    "t.title",
                                    "t.id"
                                ],
                                "Sort Key": [
                                    "miidx.info_type_id"
                                ],
                                "Sort Method": "quicksort",
                                "Sort Space Used": 6191,
                                "Sort Space Type": "Memory",
                                "Plans": [
                                    {
                                        "Node Type": "Merge Join",
                                        "Parent Relationship": "Outer",
                                        "Parallel Aware": false,
                                        "Join Type": "Inner",
                                        "Startup Cost": 30007199811.8,
                                        "Total Cost": 30007202648.69,
                                        "Plan Rows": 94563,
                                        "Plan Width": 38,
                                        "Actual Startup Time": 4887.099,
                                        "Actual Total Time": 4897.351,
                                        "Actual Rows": 52338,
                                        "Actual Loops": 1,
                                        "Output": [
                                            "mc.movie_id",
                                            "miidx.info",
                                            "miidx.movie_id",
                                            "miidx.info_type_id",
                                            "t.title",
                                            "t.id"
                                        ],
                                        "Inner Unique": false,
                                        "Merge Cond": "(ct.id = mc.company_type_id)",
                                        "Plans": [
                                            {
                                                "Node Type": "Sort",
                                                "Parent Relationship": "Outer",
                                                "Parallel Aware": false,
                                                "Startup Cost": 10000000001.06,
                                                "Total Cost": 10000000001.06,
                                                "Plan Rows": 1,
                                                "Plan Width": 4,
                                                "Actual Startup Time": 0.018,
                                                "Actual Total Time": 0.02,
                                                "Actual Rows": 1,
                                                "Actual Loops": 1,
                                                "Output": [
                                                    "ct.id"
                                                ],
                                                "Sort Key": [
                                                    "ct.id"
                                                ],
                                                "Sort Method": "quicksort",
                                                "Sort Space Used": 25,
                                                "Sort Space Type": "Memory",
                                                "Plans": [
                                                    {
                                                        "Node Type": "Seq Scan",
                                                        "Parent Relationship": "Outer",
                                                        "Parallel Aware": false,
                                                        "Relation Name": "company_type",
                                                        "Schema": "public",
                                                        "Alias": "ct",
                                                        "Startup Cost": 10000000000.0,
                                                        "Total Cost": 10000000001.05,
                                                        "Plan Rows": 1,
                                                        "Plan Width": 4,
                                                        "Actual Startup Time": 0.013,
                                                        "Actual Total Time": 0.013,
                                                        "Actual Rows": 1,
                                                        "Actual Loops": 1,
                                                        "Output": [
                                                            "ct.id"
                                                        ],
                                                        "Filter": "((ct.kind)::text = 'production companies'::text)",
                                                        "Rows Removed by Filter": 3
                                                    }
                                                ]
                                            },
                                            {
                                                "Node Type": "Sort",
                                                "Parent Relationship": "Inner",
                                                "Parallel Aware": false,
                                                "Startup Cost": 20007199810.74,
                                                "Total Cost": 20007200756.37,
                                                "Plan Rows": 378252,
                                                "Plan Width": 42,
                                                "Actual Startup Time": 4879.291,
                                                "Actual Total Time": 4885.676,
                                                "Actual Rows": 116757,
                                                "Actual Loops": 1,
                                                "Output": [
                                                    "mc.movie_id",
                                                    "mc.company_type_id",
                                                    "miidx.info",
                                                    "miidx.movie_id",
                                                    "miidx.info_type_id",
                                                    "t.title",
                                                    "t.id"
                                                ],
                                                "Sort Key": [
                                                    "mc.company_type_id"
                                                ],
                                                "Sort Method": "quicksort",
                                                "Sort Space Used": 14229,
                                                "Sort Space Type": "Memory",
                                                "Plans": [
                                                    {
                                                        "Node Type": "Merge Join",
                                                        "Parent Relationship": "Outer",
                                                        "Parallel Aware": false,
                                                        "Join Type": "Inner",
                                                        "Startup Cost": 20007147746.27,
                                                        "Total Cost": 20007164767.6,
                                                        "Plan Rows": 378252,
                                                        "Plan Width": 42,
                                                        "Actual Startup Time": 4827.807,
                                                        "Actual Total Time": 4852.867,
                                                        "Actual Rows": 116757,
                                                        "Actual Loops": 1,
                                                        "Output": [
                                                            "mc.movie_id",
                                                            "mc.company_type_id",
                                                            "miidx.info",
                                                            "miidx.movie_id",
                                                            "miidx.info_type_id",
                                                            "t.title",
                                                            "t.id"
                                                        ],
                                                        "Inner Unique": false,
                                                        "Merge Cond": "(kt.id = t.kind_id)",
                                                        "Plans": [
                                                            {
                                                                "Node Type": "Sort",
                                                                "Parent Relationship": "Outer",
                                                                "Parallel Aware": false,
                                                                "Startup Cost": 1.1,
                                                                "Total Cost": 1.1,
                                                                "Plan Rows": 1,
                                                                "Plan Width": 4,
                                                                "Actual Startup Time": 0.015,
                                                                "Actual Total Time": 0.017,
                                                                "Actual Rows": 1,
                                                                "Actual Loops": 1,
                                                                "Output": [
                                                                    "kt.id"
                                                                ],
                                                                "Sort Key": [
                                                                    "kt.id"
                                                                ],
                                                                "Sort Method": "quicksort",
                                                                "Sort Space Used": 25,
                                                                "Sort Space Type": "Memory",
                                                                "Plans": [
                                                                    {
                                                                        "Node Type": "Seq Scan",
                                                                        "Parent Relationship": "Outer",
                                                                        "Parallel Aware": false,
                                                                        "Relation Name": "kind_type",
                                                                        "Schema": "public",
                                                                        "Alias": "kt",
                                                                        "Startup Cost": 0.0,
                                                                        "Total Cost": 1.09,
                                                                        "Plan Rows": 1,
                                                                        "Plan Width": 4,
                                                                        "Actual Startup Time": 0.01,
                                                                        "Actual Total Time": 0.011,
                                                                        "Actual Rows": 1,
                                                                        "Actual Loops": 1,
                                                                        "Output": [
                                                                            "kt.id"
                                                                        ],
                                                                        "Filter": "((kt.kind)::text = 'tv series'::text)",
                                                                        "Rows Removed by Filter": 6
                                                                    }
                                                                ]
                                                            },
                                                            {
                                                                "Node Type": "Sort",
                                                                "Parent Relationship": "Inner",
                                                                "Parallel Aware": false,
                                                                "Startup Cost": 20007147745.17,
                                                                "Total Cost": 20007154364.57,
                                                                "Plan Rows": 2647761,
                                                                "Plan Width": 46,
                                                                "Actual Startup Time": 4716.311,
                                                                "Actual Total Time": 4766.235,
                                                                "Actual Rows": 914846,
                                                                "Actual Loops": 1,
                                                                "Output": [
                                                                    "mc.movie_id",
                                                                    "mc.company_type_id",
                                                                    "miidx.info",
                                                                    "miidx.movie_id",
                                                                    "miidx.info_type_id",
                                                                    "t.title",
                                                                    "t.id",
                                                                    "t.kind_id"
                                                                ],
                                                                "Sort Key": [
                                                                    "t.kind_id"
                                                                ],
                                                                "Sort Method": "quicksort",
                                                                "Sort Space Used": 237555,
                                                                "Sort Space Type": "Memory",
                                                                "Plans": [
                                                                    {
                                                                        "Node Type": "Hash Join",
                                                                        "Parent Relationship": "Outer",
                                                                        "Parallel Aware": false,
                                                                        "Join Type": "Inner",
                                                                        "Startup Cost": 20006735243.22,
                                                                        "Total Cost": 20006865277.51,
                                                                        "Plan Rows": 2647761,
                                                                        "Plan Width": 46,
                                                                        "Actual Startup Time": 2962.482,
                                                                        "Actual Total Time": 4260.088,
                                                                        "Actual Rows": 1742698,
                                                                        "Actual Loops": 1,
                                                                        "Output": [
                                                                            "mc.movie_id",
                                                                            "mc.company_type_id",
                                                                            "miidx.info",
                                                                            "miidx.movie_id",
                                                                            "miidx.info_type_id",
                                                                            "t.title",
                                                                            "t.id",
                                                                            "t.kind_id"
                                                                        ],
                                                                        "Inner Unique": false,
                                                                        "Hash Cond": "(mc.movie_id = t.id)",
                                                                        "Plans": [
                                                                            {
                                                                                "Node Type": "Hash Join",
                                                                                "Parent Relationship": "Outer",
                                                                                "Parallel Aware": false,
                                                                                "Join Type": "Inner",
                                                                                "Startup Cost": 20006642357.97,
                                                                                "Total Cost": 20006729366.15,
                                                                                "Plan Rows": 2647761,
                                                                                "Plan Width": 21,
                                                                                "Actual Startup Time": 1447.897,
                                                                                "Actual Total Time": 2285.243,
                                                                                "Actual Rows": 1742698,
                                                                                "Actual Loops": 1,
                                                                                "Output": [
                                                                                    "mc.movie_id",
                                                                                    "mc.company_type_id",
                                                                                    "miidx.info",
                                                                                    "miidx.movie_id",
                                                                                    "miidx.info_type_id"
                                                                                ],
                                                                                "Inner Unique": false,
                                                                                "Hash Cond": "(miidx.movie_id = mc.movie_id)",
                                                                                "Plans": [
                                                                                    {
                                                                                        "Node Type": "Index Scan",
                                                                                        "Parent Relationship": "Outer",
                                                                                        "Parallel Aware": false,
                                                                                        "Scan Direction": "Forward",
                                                                                        "Index Name": "movie_id_movie_info_idx",
                                                                                        "Relation Name": "movie_info_idx",
                                                                                        "Schema": "public",
                                                                                        "Alias": "miidx",
                                                                                        "Startup Cost": 10000000000.43,
                                                                                        "Total Cost": 10000053630.81,
                                                                                        "Plan Rows": 1380035,
                                                                                        "Plan Width": 13,
                                                                                        "Actual Startup Time": 0.047,
                                                                                        "Actual Total Time": 265.571,
                                                                                        "Actual Rows": 1380035,
                                                                                        "Actual Loops": 1,
                                                                                        "Output": [
                                                                                            "miidx.id",
                                                                                            "miidx.movie_id",
                                                                                            "miidx.info_type_id",
                                                                                            "miidx.info",
                                                                                            "miidx.note"
                                                                                        ]
                                                                                    },
                                                                                    {
                                                                                        "Node Type": "Hash",
                                                                                        "Parent Relationship": "Inner",
                                                                                        "Parallel Aware": false,
                                                                                        "Startup Cost": 10006630657.81,
                                                                                        "Total Cost": 10006630657.81,
                                                                                        "Plan Rows": 935979,
                                                                                        "Plan Width": 8,
                                                                                        "Actual Startup Time": 1446.418,
                                                                                        "Actual Total Time": 1446.422,
                                                                                        "Actual Rows": 1153798,
                                                                                        "Actual Loops": 1,
                                                                                        "Output": [
                                                                                            "mc.movie_id",
                                                                                            "mc.company_type_id"
                                                                                        ],
                                                                                        "Hash Buckets": 2097152,
                                                                                        "Original Hash Buckets": 1048576,
                                                                                        "Hash Batches": 1,
                                                                                        "Original Hash Batches": 1,
                                                                                        "Peak Memory Usage": 61455,
                                                                                        "Plans": [
                                                                                            {
                                                                                                "Node Type": "Hash Join",
                                                                                                "Parent Relationship": "Outer",
                                                                                                "Parallel Aware": false,
                                                                                                "Join Type": "Inner",
                                                                                                "Startup Cost": 10000117444.48,
                                                                                                "Total Cost": 10006630657.81,
                                                                                                "Plan Rows": 935979,
                                                                                                "Plan Width": 8,
                                                                                                "Actual Startup Time": 879.339,
                                                                                                "Actual Total Time": 1199.179,
                                                                                                "Actual Rows": 1153798,
                                                                                                "Actual Loops": 1,
                                                                                                "Output": [
                                                                                                    "mc.movie_id",
                                                                                                    "mc.company_type_id"
                                                                                                ],
                                                                                                "Inner Unique": false,
                                                                                                "Hash Cond": "(cn.id = mc.company_id)",
                                                                                                "Plans": [
                                                                                                    {
                                                                                                        "Node Type": "Seq Scan",
                                                                                                        "Parent Relationship": "Outer",
                                                                                                        "Parallel Aware": false,
                                                                                                        "Relation Name": "company_name",
                                                                                                        "Schema": "public",
                                                                                                        "Alias": "cn",
                                                                                                        "Startup Cost": 10000000000.0,
                                                                                                        "Total Cost": 10000005932.46,
                                                                                                        "Plan Rows": 84301,
                                                                                                        "Plan Width": 4,
                                                                                                        "Actual Startup Time": 0.026,
                                                                                                        "Actual Total Time": 32.459,
                                                                                                        "Actual Rows": 84843,
                                                                                                        "Actual Loops": 1,
                                                                                                        "Output": [
                                                                                                            "cn.id",
                                                                                                            "cn.name",
                                                                                                            "cn.country_code",
                                                                                                            "cn.imdb_id",
                                                                                                            "cn.name_pcode_nf",
                                                                                                            "cn.name_pcode_sf",
                                                                                                            "cn.md5sum"
                                                                                                        ],
                                                                                                        "Filter": "((cn.country_code)::text = '[us]'::text)",
                                                                                                        "Rows Removed by Filter": 150154
                                                                                                    },
                                                                                                    {
                                                                                                        "Node Type": "Hash",
                                                                                                        "Parent Relationship": "Inner",
                                                                                                        "Parallel Aware": false,
                                                                                                        "Startup Cost": 84830.36,
                                                                                                        "Total Cost": 84830.36,
                                                                                                        "Plan Rows": 2609129,
                                                                                                        "Plan Width": 12,
                                                                                                        "Actual Startup Time": 873.894,
                                                                                                        "Actual Total Time": 873.895,
                                                                                                        "Actual Rows": 2609129,
                                                                                                        "Actual Loops": 1,
                                                                                                        "Output": [
                                                                                                            "mc.movie_id",
                                                                                                            "mc.company_id",
                                                                                                            "mc.company_type_id"
                                                                                                        ],
                                                                                                        "Hash Buckets": 4194304,
                                                                                                        "Original Hash Buckets": 4194304,
                                                                                                        "Hash Batches": 1,
                                                                                                        "Original Hash Batches": 1,
                                                                                                        "Peak Memory Usage": 144880,
                                                                                                        "Plans": [
                                                                                                            {
                                                                                                                "Node Type": "Index Scan",
                                                                                                                "Parent Relationship": "Outer",
                                                                                                                "Parallel Aware": false,
                                                                                                                "Scan Direction": "Forward",
                                                                                                                "Index Name": "company_type_id_movie_companies",
                                                                                                                "Relation Name": "movie_companies",
                                                                                                                "Schema": "public",
                                                                                                                "Alias": "mc",
                                                                                                                "Startup Cost": 0.43,
                                                                                                                "Total Cost": 84830.36,
                                                                                                                "Plan Rows": 2609129,
                                                                                                                "Plan Width": 12,
                                                                                                                "Actual Startup Time": 0.031,
                                                                                                                "Actual Total Time": 472.442,
                                                                                                                "Actual Rows": 2609129,
                                                                                                                "Actual Loops": 1,
                                                                                                                "Output": [
                                                                                                                    "mc.movie_id",
                                                                                                                    "mc.company_id",
                                                                                                                    "mc.company_type_id"
                                                                                                                ]
                                                                                                            }
                                                                                                        ]
                                                                                                    }
                                                                                                ]
                                                                                            }
                                                                                        ]
                                                                                    }
                                                                                ]
                                                                            },
                                                                            {
                                                                                "Node Type": "Hash",
                                                                                "Parent Relationship": "Inner",
                                                                                "Parallel Aware": false,
                                                                                "Startup Cost": 61281.22,
                                                                                "Total Cost": 61281.22,
                                                                                "Plan Rows": 2528322,
                                                                                "Plan Width": 25,
                                                                                "Actual Startup Time": 1505.591,
                                                                                "Actual Total Time": 1505.592,
                                                                                "Actual Rows": 2528312,
                                                                                "Actual Loops": 1,
                                                                                "Output": [
                                                                                    "t.title",
                                                                                    "t.id",
                                                                                    "t.kind_id"
                                                                                ],
                                                                                "Hash Buckets": 4194304,
                                                                                "Original Hash Buckets": 4194304,
                                                                                "Hash Batches": 1,
                                                                                "Original Hash Batches": 1,
                                                                                "Peak Memory Usage": 178513,
                                                                                "Plans": [
                                                                                    {
                                                                                        "Node Type": "Seq Scan",
                                                                                        "Parent Relationship": "Outer",
                                                                                        "Parallel Aware": false,
                                                                                        "Relation Name": "title",
                                                                                        "Schema": "public",
                                                                                        "Alias": "t",
                                                                                        "Startup Cost": 0.0,
                                                                                        "Total Cost": 61281.22,
                                                                                        "Plan Rows": 2528322,
                                                                                        "Plan Width": 25,
                                                                                        "Actual Startup Time": 0.025,
                                                                                        "Actual Total Time": 466.759,
                                                                                        "Actual Rows": 2528312,
                                                                                        "Actual Loops": 1,
                                                                                        "Output": [
                                                                                            "t.title",
                                                                                            "t.id",
                                                                                            "t.kind_id"
                                                                                        ]
                                                                                    }
                                                                                ]
                                                                            }
                                                                        ]
                                                                    }
                                                                ]
                                                            }
                                                        ]
                                                    }
                                                ]
                                            }
                                        ]
                                    }
                                ]
                            }
                        ]
                    },
                    {
                        "Node Type": "Hash",
                        "Parent Relationship": "Inner",
                        "Parallel Aware": false,
                        "Startup Cost": 917499.36,
                        "Total Cost": 917499.36,
                        "Plan Rows": 130576,
                        "Plan Width": 47,
                        "Actual Startup Time": 1788.552,
                        "Actual Total Time": 1788.732,
                        "Actual Rows": 3036719,
                        "Actual Loops": 1,
                        "Output": [
                            "mi.info",
                            "mi.movie_id"
                        ],
                        "Hash Buckets": 4194304,
                        "Original Hash Buckets": 131072,
                        "Hash Batches": 1,
                        "Original Hash Batches": 1,
                        "Peak Memory Usage": 204107,
                        "Plans": [
                            {
                                "Node Type": "Gather",
                                "Parent Relationship": "Outer",
                                "Parallel Aware": false,
                                "Startup Cost": 1014.57,
                                "Total Cost": 917499.36,
                                "Plan Rows": 130576,
                                "Plan Width": 47,
                                "Actual Startup Time": 687.119,
                                "Actual Total Time": 1280.177,
                                "Actual Rows": 3036719,
                                "Actual Loops": 1,
                                "Output": [
                                    "mi.info",
                                    "mi.movie_id"
                                ],
                                "Workers Planned": 5,
                                "Workers Launched": 5,
                                "Single Copy": false,
                                "Plans": [
                                    {
                                        "Node Type": "Hash Join",
                                        "Parent Relationship": "Outer",
                                        "Parallel Aware": false,
                                        "Join Type": "Inner",
                                        "Startup Cost": 14.57,
                                        "Total Cost": 903441.76,
                                        "Plan Rows": 26115,
                                        "Plan Width": 47,
                                        "Actual Startup Time": 676.714,
                                        "Actual Total Time": 1193.587,
                                        "Actual Rows": 506120,
                                        "Actual Loops": 6,
                                        "Output": [
                                            "mi.info",
                                            "mi.movie_id"
                                        ],
                                        "Inner Unique": true,
                                        "Hash Cond": "(mi.info_type_id = it2.id)",
                                        "Workers": [
                                            {
                                                "Worker Number": 0,
                                                "Actual Startup Time": 674.419,
                                                "Actual Total Time": 1249.736,
                                                "Actual Rows": 612027,
                                                "Actual Loops": 1
                                            },
                                            {
                                                "Worker Number": 1,
                                                "Actual Startup Time": 674.909,
                                                "Actual Total Time": 1253.964,
                                                "Actual Rows": 603486,
                                                "Actual Loops": 1
                                            },
                                            {
                                                "Worker Number": 2,
                                                "Actual Startup Time": 674.494,
                                                "Actual Total Time": 1255.171,
                                                "Actual Rows": 599555,
                                                "Actual Loops": 1
                                            },
                                            {
                                                "Worker Number": 3,
                                                "Actual Startup Time": 675.042,
                                                "Actual Total Time": 1249.874,
                                                "Actual Rows": 609956,
                                                "Actual Loops": 1
                                            },
                                            {
                                                "Worker Number": 4,
                                                "Actual Startup Time": 675.171,
                                                "Actual Total Time": 1250.343,
                                                "Actual Rows": 610915,
                                                "Actual Loops": 1
                                            }
                                        ],
                                        "Plans": [
                                            {
                                                "Node Type": "Index Scan",
                                                "Parent Relationship": "Outer",
                                                "Parallel Aware": true,
                                                "Scan Direction": "Forward",
                                                "Index Name": "info_type_id_movie_info",
                                                "Relation Name": "movie_info",
                                                "Schema": "public",
                                                "Alias": "mi",
                                                "Startup Cost": 0.43,
                                                "Total Cost": 895390.67,
                                                "Plan Rows": 2951019,
                                                "Plan Width": 51,
                                                "Actual Startup Time": 0.242,
                                                "Actual Total Time": 841.306,
                                                "Actual Rows": 2472620,
                                                "Actual Loops": 6,
                                                "Output": [
                                                    "mi.id",
                                                    "mi.movie_id",
                                                    "mi.info_type_id",
                                                    "mi.info",
                                                    "mi.note"
                                                ],
                                                "Workers": [
                                                    {
                                                        "Worker Number": 0,
                                                        "Actual Startup Time": 0.244,
                                                        "Actual Total Time": 872.917,
                                                        "Actual Rows": 2412568,
                                                        "Actual Loops": 1
                                                    },
                                                    {
                                                        "Worker Number": 1,
                                                        "Actual Startup Time": 0.18,
                                                        "Actual Total Time": 873.944,
                                                        "Actual Rows": 2409944,
                                                        "Actual Loops": 1
                                                    },
                                                    {
                                                        "Worker Number": 2,
                                                        "Actual Startup Time": 0.167,
                                                        "Actual Total Time": 875.222,
                                                        "Actual Rows": 2382650,
                                                        "Actual Loops": 1
                                                    },
                                                    {
                                                        "Worker Number": 3,
                                                        "Actual Startup Time": 0.579,
                                                        "Actual Total Time": 870.128,
                                                        "Actual Rows": 2425108,
                                                        "Actual Loops": 1
                                                    },
                                                    {
                                                        "Worker Number": 4,
                                                        "Actual Startup Time": 0.178,
                                                        "Actual Total Time": 873.461,
                                                        "Actual Rows": 2358155,
                                                        "Actual Loops": 1
                                                    }
                                                ]
                                            },
                                            {
                                                "Node Type": "Hash",
                                                "Parent Relationship": "Inner",
                                                "Parallel Aware": false,
                                                "Startup Cost": 14.12,
                                                "Total Cost": 14.12,
                                                "Plan Rows": 1,
                                                "Plan Width": 4,
                                                "Actual Startup Time": 0.218,
                                                "Actual Total Time": 0.219,
                                                "Actual Rows": 1,
                                                "Actual Loops": 6,
                                                "Output": [
                                                    "it2.id"
                                                ],
                                                "Hash Buckets": 1024,
                                                "Original Hash Buckets": 1024,
                                                "Hash Batches": 1,
                                                "Original Hash Batches": 1,
                                                "Peak Memory Usage": 9,
                                                "Workers": [
                                                    {
                                                        "Worker Number": 0,
                                                        "Actual Startup Time": 0.225,
                                                        "Actual Total Time": 0.227,
                                                        "Actual Rows": 1,
                                                        "Actual Loops": 1
                                                    },
                                                    {
                                                        "Worker Number": 1,
                                                        "Actual Startup Time": 0.226,
                                                        "Actual Total Time": 0.227,
                                                        "Actual Rows": 1,
                                                        "Actual Loops": 1
                                                    },
                                                    {
                                                        "Worker Number": 2,
                                                        "Actual Startup Time": 0.204,
                                                        "Actual Total Time": 0.206,
                                                        "Actual Rows": 1,
                                                        "Actual Loops": 1
                                                    },
                                                    {
                                                        "Worker Number": 3,
                                                        "Actual Startup Time": 0.3,
                                                        "Actual Total Time": 0.301,
                                                        "Actual Rows": 1,
                                                        "Actual Loops": 1
                                                    },
                                                    {
                                                        "Worker Number": 4,
                                                        "Actual Startup Time": 0.283,
                                                        "Actual Total Time": 0.285,
                                                        "Actual Rows": 1,
                                                        "Actual Loops": 1
                                                    }
                                                ],
                                                "Plans": [
                                                    {
                                                        "Node Type": "Index Scan",
                                                        "Parent Relationship": "Outer",
                                                        "Parallel Aware": false,
                                                        "Scan Direction": "Forward",
                                                        "Index Name": "info_type_pkey",
                                                        "Relation Name": "info_type",
                                                        "Schema": "public",
                                                        "Alias": "it2",
                                                        "Startup Cost": 0.14,
                                                        "Total Cost": 14.12,
                                                        "Plan Rows": 1,
                                                        "Plan Width": 4,
                                                        "Actual Startup Time": 0.155,
                                                        "Actual Total Time": 0.192,
                                                        "Actual Rows": 1,
                                                        "Actual Loops": 6,
                                                        "Output": [
                                                            "it2.id"
                                                        ],
                                                        "Filter": "((it2.info)::text = 'release dates'::text)",
                                                        "Rows Removed by Filter": 112,
                                                        "Workers": [
                                                            {
                                                                "Worker Number": 0,
                                                                "Actual Startup Time": 0.155,
                                                                "Actual Total Time": 0.197,
                                                                "Actual Rows": 1,
                                                                "Actual Loops": 1
                                                            },
                                                            {
                                                                "Worker Number": 1,
                                                                "Actual Startup Time": 0.157,
                                                                "Actual Total Time": 0.198,
                                                                "Actual Rows": 1,
                                                                "Actual Loops": 1
                                                            },
                                                            {
                                                                "Worker Number": 2,
                                                                "Actual Startup Time": 0.14,
                                                                "Actual Total Time": 0.178,
                                                                "Actual Rows": 1,
                                                                "Actual Loops": 1
                                                            },
                                                            {
                                                                "Worker Number": 3,
                                                                "Actual Startup Time": 0.22,
                                                                "Actual Total Time": 0.259,
                                                                "Actual Rows": 1,
                                                                "Actual Loops": 1
                                                            },
                                                            {
                                                                "Worker Number": 4,
                                                                "Actual Startup Time": 0.22,
                                                                "Actual Total Time": 0.257,
                                                                "Actual Rows": 1,
                                                                "Actual Loops": 1
                                                            }
                                                        ]
                                                    }
                                                ]
                                            }
                                        ]
                                    }
                                ]
                            }
                        ]
                    }
                ]
            }
        ]
    },
    "Planning Time": 9.93,
    "Triggers": [],
    "Execution Time": 6730.376
}