[
  {
    "Plan": {
      "Node Type": "Aggregate",
      "Strategy": "Plain",
      "Partial Mode": "Finalize",
      "Parallel Aware": false,
      "Startup Cost": 435831.0,
      "Total Cost": 435831.01,
      "Plan Rows": 1,
      "Plan Width": 8,
      "Actual Startup Time": 1321.436,
      "Actual Total Time": 1388.272,
      "Actual Rows": 1,
      "Actual Loops": 1,
      "Plans": [
        {
          "Node Type": "Gather",
          "Parent Relationship": "Outer",
          "Parallel Aware": false,
          "Startup Cost": 435830.37,
          "Total Cost": 435830.98,
          "Plan Rows": 6,
          "Plan Width": 8,
          "Actual Startup Time": 1303.349,
          "Actual Total Time": 1388.26,
          "Actual Rows": 7,
          "Actual Loops": 1,
          "Workers Planned": 6,
          "Workers Launched": 6,
          "Single Copy": false,
          "Plans": [
            {
              "Node Type": "Aggregate",
              "Strategy": "Plain",
              "Partial Mode": "Partial",
              "Parent Relationship": "Outer",
              "Parallel Aware": false,
              "Startup Cost": 434830.37,
              "Total Cost": 434830.38,
              "Plan Rows": 1,
              "Plan Width": 8,
              "Actual Startup Time": 1294.35,
              "Actual Total Time": 1294.735,
              "Actual Rows": 1,
              "Actual Loops": 7,
              "Plans": [
                {
                  "Node Type": "Hash Join",
                  "Parent Relationship": "Outer",
                  "Parallel Aware": true,
                  "Join Type": "Inner",
                  "Startup Cost": 82411.34,
                  "Total Cost": 433876.29,
                  "Plan Rows": 381633,
                  "Plan Width": 0,
                  "Actual Startup Time": 563.894,
                  "Actual Total Time": 1264.104,
                  "Actual Rows": 666063,
                  "Actual Loops": 7,
                  "Inner Unique": false,
                  "Hash Cond": "(ci.movie_id = t.id)",
                  "Plans": [
                    {
                      "Node Type": "Seq Scan",
                      "Parent Relationship": "Outer",
                      "Parallel Aware": true,
                      "Relation Name": "cast_info",
                      "Alias": "ci",
                      "Startup Cost": 0.0,
                      "Total Cost": 343257.03,
                      "Plan Rows": 1860493,
                      "Plan Width": 4,
                      "Actual Startup Time": 226.45,
                      "Actual Total Time": 637.396,
                      "Actual Rows": 1206686,
                      "Actual Loops": 7,
                      "Filter": "((person_id > 1939799) AND (role_id < 4))",
                      "Rows Removed by Filter": 3971077
                    },
                    {
                      "Node Type": "Hash",
                      "Parent Relationship": "Inner",
                      "Parallel Aware": true,
                      "Startup Cost": 80320.16,
                      "Total Cost": 80320.16,
                      "Plan Rows": 167295,
                      "Plan Width": 8,
                      "Actual Startup Time": 335.345,
                      "Actual Total Time": 335.728,
                      "Actual Rows": 120120,
                      "Actual Loops": 7,
                      "Hash Buckets": 1048576,
                      "Original Hash Buckets": 524288,
                      "Hash Batches": 1,
                      "Original Hash Batches": 1,
                      "Peak Memory Usage": 45312,
                      "Plans": [
                        {
                          "Node Type": "Hash Join",
                          "Parent Relationship": "Outer",
                          "Parallel Aware": true,
                          "Join Type": "Inner",
                          "Startup Cost": 48074.37,
                          "Total Cost": 80320.16,
                          "Plan Rows": 167295,
                          "Plan Width": 8,
                          "Actual Startup Time": 179.503,
                          "Actual Total Time": 285.524,
                          "Actual Rows": 120120,
                          "Actual Loops": 7,
                          "Inner Unique": true,
                          "Hash Cond": "(mc.movie_id = t.id)",
                          "Plans": [
                            {
                              "Node Type": "Seq Scan",
                              "Parent Relationship": "Outer",
                              "Parallel Aware": true,
                              "Relation Name": "movie_companies",
                              "Alias": "mc",
                              "Startup Cost": 0.0,
                              "Total Cost": 31414.82,
                              "Plan Rows": 316561,
                              "Plan Width": 4,
                              "Actual Startup Time": 0.02,
                              "Actual Total Time": 50.657,
                              "Actual Rows": 180269,
                              "Actual Loops": 7,
                              "Filter": "((company_id < 60141) AND (company_type_id < 2))",
                              "Rows Removed by Filter": 192464
                            },
                            {
                              "Node Type": "Hash",
                              "Parent Relationship": "Inner",
                              "Parallel Aware": true,
                              "Startup Cost": 43898.92,
                              "Total Cost": 43898.92,
                              "Plan Rows": 334036,
                              "Plan Width": 4,
                              "Actual Startup Time": 176.853,
                              "Actual Total Time": 176.854,
                              "Actual Rows": 192613,
                              "Actual Loops": 7,
                              "Hash Buckets": 2097152,
                              "Original Hash Buckets": 2097152,
                              "Hash Batches": 1,
                              "Original Hash Batches": 1,
                              "Peak Memory Usage": 69280,
                              "Plans": [
                                {
                                  "Node Type": "Seq Scan",
                                  "Parent Relationship": "Outer",
                                  "Parallel Aware": true,
                                  "Relation Name": "title",
                                  "Alias": "t",
                                  "Startup Cost": 0.0,
                                  "Total Cost": 43898.92,
                                  "Plan Rows": 334036,
                                  "Plan Width": 4,
                                  "Actual Startup Time": 0.047,
                                  "Actual Total Time": 80.618,
                                  "Actual Rows": 192613,
                                  "Actual Loops": 7,
                                  "Filter": "(production_year < 2005)",
                                  "Rows Removed by Filter": 168574
                                }
                              ]
                            }
                          ]
                        }
                      ]
                    }
                  ]
                }
              ]
            }
          ]
        }
      ]
    },
    "Planning Time": 0.731,
    "Triggers": [],
    "Execution Time": 1388.349
  }
]