{
  "Plan": {
    "Node Type": "Aggregate",
    "Strategy": "Plain",
    "Partial Mode": "Finalize",
    "Parallel Aware": false,
    "Startup Cost": 990803.54,
    "Total Cost": 990803.55,
    "Plan Rows": 1,
    "Plan Width": 8,
    "Actual Startup Time": 9496.755,
    "Actual Total Time": 9601.355,
    "Actual Rows": 1,
    "Actual Loops": 1,
    "Plans": [
      {
        "Node Type": "Gather",
        "Parent Relationship": "Outer",
        "Parallel Aware": false,
        "Startup Cost": 990803.43,
        "Total Cost": 990803.54,
        "Plan Rows": 1,
        "Plan Width": 8,
        "Actual Startup Time": 9490.01,
        "Actual Total Time": 9601.344,
        "Actual Rows": 2,
        "Actual Loops": 1,
        "Workers Planned": 1,
        "Workers Launched": 1,
        "Single Copy": false,
        "Plans": [
          {
            "Node Type": "Aggregate",
            "Strategy": "Plain",
            "Partial Mode": "Partial",
            "Parent Relationship": "Outer",
            "Parallel Aware": false,
            "Startup Cost": 989803.43,
            "Total Cost": 989803.44,
            "Plan Rows": 1,
            "Plan Width": 8,
            "Actual Startup Time": 9482.696,
            "Actual Total Time": 9483.007,
            "Actual Rows": 1,
            "Actual Loops": 2,
            "Plans": [
              {
                "Node Type": "Hash Join",
                "Parent Relationship": "Outer",
                "Parallel Aware": true,
                "Join Type": "Inner",
                "Startup Cost": 591208.26,
                "Total Cost": 977594.44,
                "Plan Rows": 4883595,
                "Plan Width": 0,
                "Actual Startup Time": 4329.102,
                "Actual Total Time": 8672.574,
                "Actual Rows": 21100950,
                "Actual Loops": 2,
                "Inner Unique": false,
                "Hash Cond": "(mi.movie_id = t.id)",
                "Plans": [
                  {
                    "Node Type": "Seq Scan",
                    "Parent Relationship": "Outer",
                    "Parallel Aware": true,
                    "Relation Name": "movie_info",
                    "Alias": "mi",
                    "Startup Cost": 0.0,
                    "Total Cost": 248955.74,
                    "Plan Rows": 8696274,
                    "Plan Width": 4,
                    "Actual Startup Time": 0.015,
                    "Actual Total Time": 633.017,
                    "Actual Rows": 7417860,
                    "Actual Loops": 2
                  },
                  {
                    "Node Type": "Hash",
                    "Parent Relationship": "Inner",
                    "Parallel Aware": true,
                    "Startup Cost": 580768.4,
                    "Total Cost": 580768.4,
                    "Plan Rows": 835189,
                    "Plan Width": 8,
                    "Actual Startup Time": 4312.237,
                    "Actual Total Time": 4312.546,
                    "Actual Rows": 1073280,
                    "Actual Loops": 2,
                    "Hash Buckets": 4194304,
                    "Original Hash Buckets": 2097152,
                    "Hash Batches": 1,
                    "Original Hash Batches": 1,
                    "Peak Memory Usage": 133152,
                    "Plans": [
                      {
                        "Node Type": "Hash Join",
                        "Parent Relationship": "Outer",
                        "Parallel Aware": true,
                        "Join Type": "Inner",
                        "Startup Cost": 59035.04,
                        "Total Cost": 580768.4,
                        "Plan Rows": 835189,
                        "Plan Width": 8,
                        "Actual Startup Time": 163.099,
                        "Actual Total Time": 3940.046,
                        "Actual Rows": 1073280,
                        "Actual Loops": 2,
                        "Inner Unique": true,
                        "Hash Cond": "(ci.movie_id = t.id)",
                        "Plans": [
                          {
                            "Node Type": "Seq Scan",
                            "Parent Relationship": "Outer",
                            "Parallel Aware": true,
                            "Relation Name": "cast_info",
                            "Alias": "ci",
                            "Startup Cost": 0.0,
                            "Total Cost": 465792.95,
                            "Plan Rows": 21310595,
                            "Plan Width": 4,
                            "Actual Startup Time": 0.013,
                            "Actual Total Time": 1321.347,
                            "Actual Rows": 18122172,
                            "Actual Loops": 2
                          },
                          {
                            "Node Type": "Hash",
                            "Parent Relationship": "Inner",
                            "Parallel Aware": true,
                            "Startup Cost": 58306.47,
                            "Total Cost": 58306.47,
                            "Plan Rows": 58286,
                            "Plan Width": 4,
                            "Actual Startup Time": 162.367,
                            "Actual Total Time": 162.368,
                            "Actual Rows": 101717,
                            "Actual Loops": 2,
                            "Hash Buckets": 262144,
                            "Original Hash Buckets": 131072,
                            "Hash Batches": 1,
                            "Original Hash Batches": 1,
                            "Peak Memory Usage": 11072,
                            "Plans": [
                              {
                                "Node Type": "Seq Scan",
                                "Parent Relationship": "Outer",
                                "Parallel Aware": true,
                                "Relation Name": "title",
                                "Alias": "t",
                                "Startup Cost": 0.0,
                                "Total Cost": 58306.47,
                                "Plan Rows": 58286,
                                "Plan Width": 4,
                                "Actual Startup Time": 0.337,
                                "Actual Total Time": 137.711,
                                "Actual Rows": 101717,
                                "Actual Loops": 2,
                                "Filter": "((kind_id < 7) AND (production_year < 1962))",
                                "Rows Removed by Filter": 1162439
                              }
                            ]
                          }
                        ]
                      }
                    ]
                  }
                ]
              }
            ]
          }
        ]
      }
    ]
  },
  "Planning Time": 1.023,
  "Triggers": [],
  "Execution Time": 9601.456
}