[
    {
        "Bao": {
            "Bao prediction": "NaN",
            "Bao recommended hint": "(no hint)"
        }
    },
    {
        "Plan": {
            "Node Type": "Aggregate",
            "Strategy": "Plain",
            "Partial Mode": "Finalize",
            "Parallel Aware": false,
            "Startup Cost": 127194.12,
            "Total Cost": 127194.13,
            "Plan Rows": 1,
            "Plan Width": 8,
            "Actual Startup Time": 428.027,
            "Actual Total Time": 440.826,
            "Actual Rows": 1,
            "Actual Loops": 1,
            "Output": [
                "count(*)"
            ],
            "Plans": [
                {
                    "Node Type": "Gather",
                    "Parent Relationship": "Outer",
                    "Parallel Aware": false,
                    "Startup Cost": 127193.81,
                    "Total Cost": 127194.12,
                    "Plan Rows": 3,
                    "Plan Width": 8,
                    "Actual Startup Time": 424.272,
                    "Actual Total Time": 440.818,
                    "Actual Rows": 4,
                    "Actual Loops": 1,
                    "Output": [
                        "(PARTIAL count(*))"
                    ],
                    "Workers Planned": 3,
                    "Workers Launched": 3,
                    "Single Copy": false,
                    "Plans": [
                        {
                            "Node Type": "Aggregate",
                            "Strategy": "Plain",
                            "Partial Mode": "Partial",
                            "Parent Relationship": "Outer",
                            "Parallel Aware": false,
                            "Startup Cost": 126193.81,
                            "Total Cost": 126193.82,
                            "Plan Rows": 1,
                            "Plan Width": 8,
                            "Actual Startup Time": 415.999,
                            "Actual Total Time": 416.007,
                            "Actual Rows": 1,
                            "Actual Loops": 4,
                            "Output": [
                                "PARTIAL count(*)"
                            ],
                            "Workers": [
                                {
                                    "Worker Number": 0,
                                    "Actual Startup Time": 413.117,
                                    "Actual Total Time": 413.123,
                                    "Actual Rows": 1,
                                    "Actual Loops": 1
                                },
                                {
                                    "Worker Number": 1,
                                    "Actual Startup Time": 413.253,
                                    "Actual Total Time": 413.258,
                                    "Actual Rows": 1,
                                    "Actual Loops": 1
                                },
                                {
                                    "Worker Number": 2,
                                    "Actual Startup Time": 413.657,
                                    "Actual Total Time": 413.671,
                                    "Actual Rows": 1,
                                    "Actual Loops": 1
                                }
                            ],
                            "Plans": [
                                {
                                    "Node Type": "Hash Join",
                                    "Parent Relationship": "Outer",
                                    "Parallel Aware": true,
                                    "Join Type": "Inner",
                                    "Startup Cost": 80935.0,
                                    "Total Cost": 125871.15,
                                    "Plan Rows": 129062,
                                    "Plan Width": 0,
                                    "Actual Startup Time": 276.997,
                                    "Actual Total Time": 415.994,
                                    "Actual Rows": 104,
                                    "Actual Loops": 4,
                                    "Inner Unique": false,
                                    "Hash Cond": "(mk.movie_id = t.id)",
                                    "Workers": [
                                        {
                                            "Worker Number": 0,
                                            "Actual Startup Time": 274.109,
                                            "Actual Total Time": 413.109,
                                            "Actual Rows": 116,
                                            "Actual Loops": 1
                                        },
                                        {
                                            "Worker Number": 1,
                                            "Actual Startup Time": 274.267,
                                            "Actual Total Time": 413.246,
                                            "Actual Rows": 80,
                                            "Actual Loops": 1
                                        },
                                        {
                                            "Worker Number": 2,
                                            "Actual Startup Time": 274.654,
                                            "Actual Total Time": 413.659,
                                            "Actual Rows": 41,
                                            "Actual Loops": 1
                                        }
                                    ],
                                    "Plans": [
                                        {
                                            "Node Type": "Seq Scan",
                                            "Parent Relationship": "Outer",
                                            "Parallel Aware": true,
                                            "Relation Name": "movie_keyword",
                                            "Schema": "public",
                                            "Alias": "mk",
                                            "Startup Cost": 0.0,
                                            "Total Cost": 39047.32,
                                            "Plan Rows": 1459332,
                                            "Plan Width": 4,
                                            "Actual Startup Time": 0.018,
                                            "Actual Total Time": 89.663,
                                            "Actual Rows": 1130982,
                                            "Actual Loops": 4,
                                            "Output": [
                                                "mk.id",
                                                "mk.movie_id",
                                                "mk.keyword_id"
                                            ],
                                            "Workers": [
                                                {
                                                    "Worker Number": 0,
                                                    "Actual Startup Time": 0.018,
                                                    "Actual Total Time": 91.715,
                                                    "Actual Rows": 1224145,
                                                    "Actual Loops": 1
                                                },
                                                {
                                                    "Worker Number": 1,
                                                    "Actual Startup Time": 0.018,
                                                    "Actual Total Time": 91.371,
                                                    "Actual Rows": 1192510,
                                                    "Actual Loops": 1
                                                },
                                                {
                                                    "Worker Number": 2,
                                                    "Actual Startup Time": 0.026,
                                                    "Actual Total Time": 91.45,
                                                    "Actual Rows": 774780,
                                                    "Actual Loops": 1
                                                }
                                            ]
                                        },
                                        {
                                            "Node Type": "Hash",
                                            "Parent Relationship": "Inner",
                                            "Parallel Aware": true,
                                            "Startup Cost": 80033.38,
                                            "Total Cost": 80033.38,
                                            "Plan Rows": 72130,
                                            "Plan Width": 8,
                                            "Actual Startup Time": 245.228,
                                            "Actual Total Time": 245.235,
                                            "Actual Rows": 44,
                                            "Actual Loops": 4,
                                            "Output": [
                                                "t.id",
                                                "mc.movie_id"
                                            ],
                                            "Hash Buckets": 262144,
                                            "Original Hash Buckets": 262144,
                                            "Hash Batches": 1,
                                            "Original Hash Batches": 1,
                                            "Peak Memory Usage": 2176,
                                            "Workers": [
                                                {
                                                    "Worker Number": 0,
                                                    "Actual Startup Time": 242.862,
                                                    "Actual Total Time": 242.866,
                                                    "Actual Rows": 25,
                                                    "Actual Loops": 1
                                                },
                                                {
                                                    "Worker Number": 1,
                                                    "Actual Startup Time": 243.127,
                                                    "Actual Total Time": 243.131,
                                                    "Actual Rows": 51,
                                                    "Actual Loops": 1
                                                },
                                                {
                                                    "Worker Number": 2,
                                                    "Actual Startup Time": 243.284,
                                                    "Actual Total Time": 243.297,
                                                    "Actual Rows": 10,
                                                    "Actual Loops": 1
                                                }
                                            ],
                                            "Plans": [
                                                {
                                                    "Node Type": "Hash Join",
                                                    "Parent Relationship": "Outer",
                                                    "Parallel Aware": true,
                                                    "Join Type": "Inner",
                                                    "Startup Cost": 48032.71,
                                                    "Total Cost": 80033.38,
                                                    "Plan Rows": 72130,
                                                    "Plan Width": 8,
                                                    "Actual Startup Time": 165.892,
                                                    "Actual Total Time": 244.578,
                                                    "Actual Rows": 44,
                                                    "Actual Loops": 4,
                                                    "Output": [
                                                        "t.id",
                                                        "mc.movie_id"
                                                    ],
                                                    "Inner Unique": true,
                                                    "Hash Cond": "(mc.movie_id = t.id)",
                                                    "Workers": [
                                                        {
                                                            "Worker Number": 0,
                                                            "Actual Startup Time": 163.585,
                                                            "Actual Total Time": 242.049,
                                                            "Actual Rows": 25,
                                                            "Actual Loops": 1
                                                        },
                                                        {
                                                            "Worker Number": 1,
                                                            "Actual Startup Time": 163.839,
                                                            "Actual Total Time": 242.246,
                                                            "Actual Rows": 51,
                                                            "Actual Loops": 1
                                                        },
                                                        {
                                                            "Worker Number": 2,
                                                            "Actual Startup Time": 163.861,
                                                            "Actual Total Time": 243.118,
                                                            "Actual Rows": 10,
                                                            "Actual Loops": 1
                                                        }
                                                    ],
                                                    "Plans": [
                                                        {
                                                            "Node Type": "Seq Scan",
                                                            "Parent Relationship": "Outer",
                                                            "Parallel Aware": true,
                                                            "Relation Name": "movie_companies",
                                                            "Schema": "public",
                                                            "Alias": "mc",
                                                            "Startup Cost": 0.0,
                                                            "Total Cost": 31414.82,
                                                            "Plan Rows": 223182,
                                                            "Plan Width": 4,
                                                            "Actual Startup Time": 8.168,
                                                            "Actual Total Time": 60.406,
                                                            "Actual Rows": 118960,
                                                            "Actual Loops": 4,
                                                            "Output": [
                                                                "mc.id",
                                                                "mc.movie_id",
                                                                "mc.company_id",
                                                                "mc.company_type_id",
                                                                "mc.note"
                                                            ],
                                                            "Filter": "((mc.company_id > 10584) AND (mc.company_type_id < 2))",
                                                            "Rows Removed by Filter": 533322,
                                                            "Workers": [
                                                                {
                                                                    "Worker Number": 0,
                                                                    "Actual Startup Time": 8.189,
                                                                    "Actual Total Time": 60.184,
                                                                    "Actual Rows": 121003,
                                                                    "Actual Loops": 1
                                                                },
                                                                {
                                                                    "Worker Number": 1,
                                                                    "Actual Startup Time": 8.093,
                                                                    "Actual Total Time": 60.321,
                                                                    "Actual Rows": 127787,
                                                                    "Actual Loops": 1
                                                                },
                                                                {
                                                                    "Worker Number": 2,
                                                                    "Actual Startup Time": 8.171,
                                                                    "Actual Total Time": 62.658,
                                                                    "Actual Rows": 86541,
                                                                    "Actual Loops": 1
                                                                }
                                                            ]
                                                        },
                                                        {
                                                            "Node Type": "Hash",
                                                            "Parent Relationship": "Inner",
                                                            "Parallel Aware": true,
                                                            "Startup Cost": 45479.21,
                                                            "Total Cost": 45479.21,
                                                            "Plan Rows": 204280,
                                                            "Plan Width": 4,
                                                            "Actual Startup Time": 155.758,
                                                            "Actual Total Time": 155.76,
                                                            "Actual Rows": 184690,
                                                            "Actual Loops": 4,
                                                            "Output": [
                                                                "t.id"
                                                            ],
                                                            "Hash Buckets": 1048576,
                                                            "Original Hash Buckets": 1048576,
                                                            "Hash Batches": 1,
                                                            "Original Hash Batches": 1,
                                                            "Peak Memory Usage": 37152,
                                                            "Workers": [
                                                                {
                                                                    "Worker Number": 0,
                                                                    "Actual Startup Time": 155.033,
                                                                    "Actual Total Time": 155.034,
                                                                    "Actual Rows": 174503,
                                                                    "Actual Loops": 1
                                                                },
                                                                {
                                                                    "Worker Number": 1,
                                                                    "Actual Startup Time": 155.292,
                                                                    "Actual Total Time": 155.293,
                                                                    "Actual Rows": 181191,
                                                                    "Actual Loops": 1
                                                                },
                                                                {
                                                                    "Worker Number": 2,
                                                                    "Actual Startup Time": 155.541,
                                                                    "Actual Total Time": 155.542,
                                                                    "Actual Rows": 130472,
                                                                    "Actual Loops": 1
                                                                }
                                                            ],
                                                            "Plans": [
                                                                {
                                                                    "Node Type": "Seq Scan",
                                                                    "Parent Relationship": "Outer",
                                                                    "Parallel Aware": true,
                                                                    "Relation Name": "title",
                                                                    "Schema": "public",
                                                                    "Alias": "t",
                                                                    "Startup Cost": 0.0,
                                                                    "Total Cost": 45479.21,
                                                                    "Plan Rows": 204280,
                                                                    "Plan Width": 4,
                                                                    "Actual Startup Time": 0.033,
                                                                    "Actual Total Time": 95.873,
                                                                    "Actual Rows": 184690,
                                                                    "Actual Loops": 4,
                                                                    "Output": [
                                                                        "t.id"
                                                                    ],
                                                                    "Filter": "((t.production_year < 2005) AND (t.kind_id = 7))",
                                                                    "Rows Removed by Filter": 447388,
                                                                    "Workers": [
                                                                        {
                                                                            "Worker Number": 0,
                                                                            "Actual Startup Time": 0.037,
                                                                            "Actual Total Time": 94.909,
                                                                            "Actual Rows": 174503,
                                                                            "Actual Loops": 1
                                                                        },
                                                                        {
                                                                            "Worker Number": 1,
                                                                            "Actual Startup Time": 0.037,
                                                                            "Actual Total Time": 97.546,
                                                                            "Actual Rows": 181191,
                                                                            "Actual Loops": 1
                                                                        },
                                                                        {
                                                                            "Worker Number": 2,
                                                                            "Actual Startup Time": 0.047,
                                                                            "Actual Total Time": 99.62,
                                                                            "Actual Rows": 130472,
                                                                            "Actual Loops": 1
                                                                        }
                                                                    ]
                                                                }
                                                            ]
                                                        }
                                                    ]
                                                }
                                            ]
                                        }
                                    ]
                                }
                            ]
                        }
                    ]
                }
            ]
        },
        "Planning Time": 181.649,
        "Triggers": [],
        "Execution Time": 440.898
    }
]