{
  "Plan": {
    "Node Type": "Aggregate",
    "Strategy": "Plain",
    "Partial Mode": "Finalize",
    "Parallel Aware": false,
    "Startup Cost": 164899.92,
    "Total Cost": 164899.93,
    "Plan Rows": 1,
    "Plan Width": 8,
    "Actual Startup Time": 881.554,
    "Actual Total Time": 902.66,
    "Actual Rows": 1,
    "Actual Loops": 1,
    "Plans": [
      {
        "Node Type": "Gather",
        "Parent Relationship": "Outer",
        "Parallel Aware": false,
        "Startup Cost": 164899.8,
        "Total Cost": 164899.91,
        "Plan Rows": 1,
        "Plan Width": 8,
        "Actual Startup Time": 881.319,
        "Actual Total Time": 902.65,
        "Actual Rows": 2,
        "Actual Loops": 1,
        "Workers Planned": 1,
        "Workers Launched": 1,
        "Single Copy": false,
        "Plans": [
          {
            "Node Type": "Aggregate",
            "Strategy": "Plain",
            "Partial Mode": "Partial",
            "Parent Relationship": "Outer",
            "Parallel Aware": false,
            "Startup Cost": 163899.8,
            "Total Cost": 163899.81,
            "Plan Rows": 1,
            "Plan Width": 8,
            "Actual Startup Time": 875.577,
            "Actual Total Time": 875.579,
            "Actual Rows": 1,
            "Actual Loops": 2,
            "Plans": [
              {
                "Node Type": "Merge Join",
                "Parent Relationship": "Outer",
                "Parallel Aware": false,
                "Join Type": "Inner",
                "Startup Cost": 2.98,
                "Total Cost": 163696.14,
                "Plan Rows": 81466,
                "Plan Width": 0,
                "Actual Startup Time": 1.269,
                "Actual Total Time": 869.445,
                "Actual Rows": 123783,
                "Actual Loops": 2,
                "Inner Unique": false,
                "Merge Cond": "(t.id = mi_idx.movie_id)",
                "Plans": [
                  {
                    "Node Type": "Index Scan",
                    "Parent Relationship": "Outer",
                    "Parallel Aware": true,
                    "Scan Direction": "Forward",
                    "Index Name": "title_pkey",
                    "Relation Name": "title",
                    "Alias": "t",
                    "Startup Cost": 0.43,
                    "Total Cost": 103647.43,
                    "Plan Rows": 443492,
                    "Plan Width": 4,
                    "Actual Startup Time": 0.339,
                    "Actual Total Time": 612.704,
                    "Actual Rows": 376225,
                    "Actual Loops": 2,
                    "Filter": "(kind_id < 3)",
                    "Rows Removed by Filter": 886672
                  },
                  {
                    "Node Type": "Index Scan",
                    "Parent Relationship": "Inner",
                    "Parallel Aware": false,
                    "Scan Direction": "Forward",
                    "Index Name": "movie_id_movie_info_idx",
                    "Relation Name": "movie_info_idx",
                    "Alias": "mi_idx",
                    "Startup Cost": 0.43,
                    "Total Cost": 57070.31,
                    "Plan Rows": 464428,
                    "Plan Width": 4,
                    "Actual Startup Time": 0.105,
                    "Actual Total Time": 202.682,
                    "Actual Rows": 459925,
                    "Actual Loops": 2,
                    "Filter": "(info_type_id = 100)",
                    "Rows Removed by Filter": 920110
                  }
                ]
              }
            ]
          }
        ]
      }
    ]
  },
  "Planning Time": 0.647,
  "Triggers": [],
  "Execution Time": 902.735
}