{
  "Plan": {
    "Node Type": "Aggregate",
    "Strategy": "Plain",
    "Partial Mode": "Simple",
    "Parallel Aware": false,
    "Startup Cost": 14885.83,
    "Total Cost": 14885.84,
    "Plan Rows": 1,
    "Plan Width": 64,
    "Actual Startup Time": 725.629,
    "Actual Total Time": 725.635,
    "Actual Rows": 1,
    "Actual Loops": 1,
    "Plans": [
      {
        "Node Type": "Nested Loop",
        "Parent Relationship": "Outer",
        "Parallel Aware": false,
        "Join Type": "Inner",
        "Startup Cost": 13.06,
        "Total Cost": 14885.83,
        "Plan Rows": 1,
        "Plan Width": 32,
        "Actual Startup Time": 7.645,
        "Actual Total Time": 724.392,
        "Actual Rows": 7591,
        "Actual Loops": 1,
        "Inner Unique": true,
        "Plans": [
          {
            "Node Type": "Nested Loop",
            "Parent Relationship": "Outer",
            "Parallel Aware": false,
            "Join Type": "Inner",
            "Startup Cost": 12.63,
            "Total Cost": 14885.37,
            "Plan Rows": 1,
            "Plan Width": 21,
            "Actual Startup Time": 7.623,
            "Actual Total Time": 682.864,
            "Actual Rows": 7591,
            "Actual Loops": 1,
            "Inner Unique": true,
            "Plans": [
              {
                "Node Type": "Nested Loop",
                "Parent Relationship": "Outer",
                "Parallel Aware": false,
                "Join Type": "Inner",
                "Startup Cost": 12.2,
                "Total Cost": 14878.96,
                "Plan Rows": 14,
                "Plan Width": 25,
                "Actual Startup Time": 5.282,
                "Actual Total Time": 411.657,
                "Actual Rows": 95797,
                "Actual Loops": 1,
                "Inner Unique": false,
                "Plans": [
                  {
                    "Node Type": "Nested Loop",
                    "Parent Relationship": "Outer",
                    "Parallel Aware": false,
                    "Join Type": "Inner",
                    "Startup Cost": 11.64,
                    "Total Cost": 14877.1,
                    "Plan Rows": 1,
                    "Plan Width": 29,
                    "Actual Startup Time": 5.254,
                    "Actual Total Time": 246.573,
                    "Actual Rows": 2090,
                    "Actual Loops": 1,
                    "Inner Unique": false,
                    "Join Filter": "(t.kind_id = kt.id)",
                    "Rows Removed by Join Filter": 99,
                    "Plans": [
                      {
                        "Node Type": "Seq Scan",
                        "Parent Relationship": "Outer",
                        "Parallel Aware": false,
                        "Relation Name": "kind_type",
                        "Alias": "kt",
                        "Startup Cost": 0.0,
                        "Total Cost": 1.09,
                        "Plan Rows": 1,
                        "Plan Width": 4,
                        "Actual Startup Time": 0.02,
                        "Actual Total Time": 0.022,
                        "Actual Rows": 1,
                        "Actual Loops": 1,
                        "Filter": "((kind)::text = 'movie'::text)",
                        "Rows Removed by Filter": 6
                      },
                      {
                        "Node Type": "Nested Loop",
                        "Parent Relationship": "Inner",
                        "Parallel Aware": false,
                        "Join Type": "Inner",
                        "Startup Cost": 11.64,
                        "Total Cost": 14875.94,
                        "Plan Rows": 6,
                        "Plan Width": 33,
                        "Actual Startup Time": 2.298,
                        "Actual Total Time": 246.221,
                        "Actual Rows": 2189,
                        "Actual Loops": 1,
                        "Inner Unique": true,
                        "Plans": [
                          {
                            "Node Type": "Nested Loop",
                            "Parent Relationship": "Outer",
                            "Parallel Aware": false,
                            "Join Type": "Inner",
                            "Startup Cost": 11.21,
                            "Total Cost": 14861.24,
                            "Plan Rows": 30,
                            "Plan Width": 8,
                            "Actual Startup Time": 1.893,
                            "Actual Total Time": 214.073,
                            "Actual Rows": 6396,
                            "Actual Loops": 1,
                            "Inner Unique": false,
                            "Join Filter": "(cc.subject_id = cct1.id)",
                            "Rows Removed by Join Filter": 2996,
                            "Plans": [
                              {
                                "Node Type": "Seq Scan",
                                "Parent Relationship": "Outer",
                                "Parallel Aware": false,
                                "Relation Name": "comp_cast_type",
                                "Alias": "cct1",
                                "Startup Cost": 0.0,
                                "Total Cost": 1.05,
                                "Plan Rows": 1,
                                "Plan Width": 4,
                                "Actual Startup Time": 0.011,
                                "Actual Total Time": 0.013,
                                "Actual Rows": 1,
                                "Actual Loops": 1,
                                "Filter": "((kind)::text = 'cast'::text)",
                                "Rows Removed by Filter": 3
                              },
                              {
                                "Node Type": "Nested Loop",
                                "Parent Relationship": "Inner",
                                "Parallel Aware": false,
                                "Join Type": "Inner",
                                "Startup Cost": 11.21,
                                "Total Cost": 14858.72,
                                "Plan Rows": 118,
                                "Plan Width": 12,
                                "Actual Startup Time": 1.88,
                                "Actual Total Time": 212.984,
                                "Actual Rows": 9392,
                                "Actual Loops": 1,
                                "Inner Unique": false,
                                "Join Filter": "(cc.status_id = cct2.id)",
                                "Rows Removed by Join Filter": 9392,
                                "Plans": [
                                  {
                                    "Node Type": "Seq Scan",
                                    "Parent Relationship": "Outer",
                                    "Parallel Aware": false,
                                    "Relation Name": "comp_cast_type",
                                    "Alias": "cct2",
                                    "Startup Cost": 0.0,
                                    "Total Cost": 1.05,
                                    "Plan Rows": 1,
                                    "Plan Width": 4,
                                    "Actual Startup Time": 0.012,
                                    "Actual Total Time": 0.015,
                                    "Actual Rows": 2,
                                    "Actual Loops": 1,
                                    "Filter": "((kind)::text ~~ '%complete%'::text)",
                                    "Rows Removed by Filter": 2
                                  },
                                  {
                                    "Node Type": "Nested Loop",
                                    "Parent Relationship": "Inner",
                                    "Parallel Aware": false,
                                    "Join Type": "Inner",
                                    "Startup Cost": 11.21,
                                    "Total Cost": 14851.78,
                                    "Plan Rows": 471,
                                    "Plan Width": 16,
                                    "Actual Startup Time": 1.217,
                                    "Actual Total Time": 105.578,
                                    "Actual Rows": 9392,
                                    "Actual Loops": 2,
                                    "Inner Unique": false,
                                    "Plans": [
                                      {
                                        "Node Type": "Nested Loop",
                                        "Parent Relationship": "Outer",
                                        "Parallel Aware": false,
                                        "Join Type": "Inner",
                                        "Startup Cost": 10.79,
                                        "Total Cost": 14691.35,
                                        "Plan Rows": 337,
                                        "Plan Width": 4,
                                        "Actual Startup Time": 1.029,
                                        "Actual Total Time": 64.034,
                                        "Actual Rows": 24091,
                                        "Actual Loops": 2,
                                        "Inner Unique": false,
                                        "Plans": [
                                          {
                                            "Node Type": "Seq Scan",
                                            "Parent Relationship": "Outer",
                                            "Parallel Aware": false,
                                            "Relation Name": "keyword",
                                            "Alias": "k",
                                            "Startup Cost": 0.0,
                                            "Total Cost": 3967.82,
                                            "Plan Rows": 10,
                                            "Plan Width": 4,
                                            "Actual Startup Time": 0.214,
                                            "Actual Total Time": 27.089,
                                            "Actual Rows": 10,
                                            "Actual Loops": 2,
                                            "Filter": "(keyword = ANY ('{superhero,marvel-comics,based-on-comic,tv-special,fight,violence,magnet,web,claw,laser}'::text[]))",
                                            "Rows Removed by Filter": 134160
                                          },
                                          {
                                            "Node Type": "Bitmap Heap Scan",
                                            "Parent Relationship": "Inner",
                                            "Parallel Aware": false,
                                            "Relation Name": "movie_keyword",
                                            "Alias": "mk",
                                            "Startup Cost": 10.79,
                                            "Total Cost": 1069.31,
                                            "Plan Rows": 304,
                                            "Plan Width": 8,
                                            "Actual Startup Time": 0.532,
                                            "Actual Total Time": 3.459,
                                            "Actual Rows": 2409,
                                            "Actual Loops": 20,
                                            "Recheck Cond": "(keyword_id = k.id)",
                                            "Rows Removed by Index Recheck": 0,
                                            "Exact Heap Blocks": 34254,
                                            "Lossy Heap Blocks": 0,
                                            "Plans": [
                                              {
                                                "Node Type": "Bitmap Index Scan",
                                                "Parent Relationship": "Outer",
                                                "Parallel Aware": false,
                                                "Index Name": "keyword_id_movie_keyword",
                                                "Startup Cost": 0.0,
                                                "Total Cost": 10.71,
                                                "Plan Rows": 304,
                                                "Plan Width": 0,
                                                "Actual Startup Time": 0.309,
                                                "Actual Total Time": 0.309,
                                                "Actual Rows": 2409,
                                                "Actual Loops": 20,
                                                "Index Cond": "(keyword_id = k.id)"
                                              }
                                            ]
                                          }
                                        ]
                                      },
                                      {
                                        "Node Type": "Index Scan",
                                        "Parent Relationship": "Inner",
                                        "Parallel Aware": false,
                                        "Scan Direction": "Forward",
                                        "Index Name": "movie_id_complete_cast",
                                        "Relation Name": "complete_cast",
                                        "Alias": "cc",
                                        "Startup Cost": 0.42,
                                        "Total Cost": 0.46,
                                        "Plan Rows": 2,
                                        "Plan Width": 12,
                                        "Actual Startup Time": 0.001,
                                        "Actual Total Time": 0.002,
                                        "Actual Rows": 0,
                                        "Actual Loops": 48182,
                                        "Index Cond": "(movie_id = mk.movie_id)",
                                        "Rows Removed by Index Recheck": 0
                                      }
                                    ]
                                  }
                                ]
                              }
                            ]
                          },
                          {
                            "Node Type": "Index Scan",
                            "Parent Relationship": "Inner",
                            "Parallel Aware": false,
                            "Scan Direction": "Forward",
                            "Index Name": "title_pkey",
                            "Relation Name": "title",
                            "Alias": "t",
                            "Startup Cost": 0.43,
                            "Total Cost": 0.49,
                            "Plan Rows": 1,
                            "Plan Width": 25,
                            "Actual Startup Time": 0.005,
                            "Actual Total Time": 0.005,
                            "Actual Rows": 0,
                            "Actual Loops": 6396,
                            "Index Cond": "(id = mk.movie_id)",
                            "Rows Removed by Index Recheck": 0,
                            "Filter": "(production_year < 1978)",
                            "Rows Removed by Filter": 1
                          }
                        ]
                      }
                    ]
                  },
                  {
                    "Node Type": "Index Scan",
                    "Parent Relationship": "Inner",
                    "Parallel Aware": false,
                    "Scan Direction": "Forward",
                    "Index Name": "movie_id_cast_info",
                    "Relation Name": "cast_info",
                    "Alias": "ci",
                    "Startup Cost": 0.56,
                    "Total Cost": 1.52,
                    "Plan Rows": 35,
                    "Plan Width": 12,
                    "Actual Startup Time": 0.008,
                    "Actual Total Time": 0.074,
                    "Actual Rows": 46,
                    "Actual Loops": 2090,
                    "Index Cond": "(movie_id = mk.movie_id)",
                    "Rows Removed by Index Recheck": 0
                  }
                ]
              },
              {
                "Node Type": "Index Scan",
                "Parent Relationship": "Inner",
                "Parallel Aware": false,
                "Scan Direction": "Forward",
                "Index Name": "char_name_pkey",
                "Relation Name": "char_name",
                "Alias": "chn",
                "Startup Cost": 0.43,
                "Total Cost": 0.46,
                "Plan Rows": 1,
                "Plan Width": 4,
                "Actual Startup Time": 0.003,
                "Actual Total Time": 0.003,
                "Actual Rows": 0,
                "Actual Loops": 95797,
                "Index Cond": "(id = ci.person_role_id)",
                "Rows Removed by Index Recheck": 0,
                "Filter": "((name IS NOT NULL) AND ((name ~~ '%man%'::text) OR (name ~~ '%Man%'::text)))",
                "Rows Removed by Filter": 1
              }
            ]
          },
          {
            "Node Type": "Index Scan",
            "Parent Relationship": "Inner",
            "Parallel Aware": false,
            "Scan Direction": "Forward",
            "Index Name": "name_pkey",
            "Relation Name": "name",
            "Alias": "n",
            "Startup Cost": 0.43,
            "Total Cost": 0.46,
            "Plan Rows": 1,
            "Plan Width": 19,
            "Actual Startup Time": 0.005,
            "Actual Total Time": 0.005,
            "Actual Rows": 1,
            "Actual Loops": 7591,
            "Index Cond": "(id = ci.person_id)",
            "Rows Removed by Index Recheck": 0
          }
        ]
      }
    ]
  },
  "Planning Time": 2.736,
  "Triggers": [],
  "Execution Time": 725.804
}