[
  {
    "Plan": {
      "Node Type": "Aggregate",
      "Strategy": "Plain",
      "Partial Mode": "Finalize",
      "Parallel Aware": false,
      "Startup Cost": 45790.18,
      "Total Cost": 45790.19,
      "Plan Rows": 1,
      "Plan Width": 8,
      "Actual Startup Time": 177.313,
      "Actual Total Time": 189.27,
      "Actual Rows": 1,
      "Actual Loops": 1,
      "Plans": [
        {
          "Node Type": "Gather",
          "Parent Relationship": "Outer",
          "Parallel Aware": false,
          "Startup Cost": 45789.86,
          "Total Cost": 45790.17,
          "Plan Rows": 3,
          "Plan Width": 8,
          "Actual Startup Time": 177.047,
          "Actual Total Time": 189.26,
          "Actual Rows": 4,
          "Actual Loops": 1,
          "Workers Planned": 3,
          "Workers Launched": 3,
          "Single Copy": false,
          "Plans": [
            {
              "Node Type": "Aggregate",
              "Strategy": "Plain",
              "Partial Mode": "Partial",
              "Parent Relationship": "Outer",
              "Parallel Aware": false,
              "Startup Cost": 44789.86,
              "Total Cost": 44789.87,
              "Plan Rows": 1,
              "Plan Width": 8,
              "Actual Startup Time": 172.721,
              "Actual Total Time": 172.722,
              "Actual Rows": 1,
              "Actual Loops": 4,
              "Plans": [
                {
                  "Node Type": "Seq Scan",
                  "Parent Relationship": "Outer",
                  "Parallel Aware": true,
                  "Relation Name": "movie_keyword",
                  "Alias": "mk",
                  "Startup Cost": 0.0,
                  "Total Cost": 42695.65,
                  "Plan Rows": 837682,
                  "Plan Width": 0,
                  "Actual Startup Time": 0.191,
                  "Actual Total Time": 136.796,
                  "Actual Rows": 647136,
                  "Actual Loops": 4,
                  "Filter": "(keyword_id > 3324)",
                  "Rows Removed by Filter": 483846
                }
              ]
            }
          ]
        }
      ]
    },
    "Planning Time": 0.194,
    "Triggers": [],
    "Execution Time": 189.346
  }
]