[
  {
    "Plan": {
      "Node Type": "Aggregate",
      "Strategy": "Plain",
      "Partial Mode": "Finalize",
      "Parallel Aware": false,
      "Startup Cost": 45787.48,
      "Total Cost": 45787.49,
      "Plan Rows": 1,
      "Plan Width": 8,
      "Actual Startup Time": 158.955,
      "Actual Total Time": 168.794,
      "Actual Rows": 1,
      "Actual Loops": 1,
      "Plans": [
        {
          "Node Type": "Gather",
          "Parent Relationship": "Outer",
          "Parallel Aware": false,
          "Startup Cost": 45787.17,
          "Total Cost": 45787.48,
          "Plan Rows": 3,
          "Plan Width": 8,
          "Actual Startup Time": 158.858,
          "Actual Total Time": 168.787,
          "Actual Rows": 4,
          "Actual Loops": 1,
          "Workers Planned": 3,
          "Workers Launched": 3,
          "Single Copy": false,
          "Plans": [
            {
              "Node Type": "Aggregate",
              "Strategy": "Plain",
              "Partial Mode": "Partial",
              "Parent Relationship": "Outer",
              "Parallel Aware": false,
              "Startup Cost": 44787.17,
              "Total Cost": 44787.18,
              "Plan Rows": 1,
              "Plan Width": 8,
              "Actual Startup Time": 151.037,
              "Actual Total Time": 151.038,
              "Actual Rows": 1,
              "Actual Loops": 4,
              "Plans": [
                {
                  "Node Type": "Seq Scan",
                  "Parent Relationship": "Outer",
                  "Parallel Aware": true,
                  "Relation Name": "movie_keyword",
                  "Alias": "mk",
                  "Startup Cost": 0.0,
                  "Total Cost": 42695.65,
                  "Plan Rows": 836605,
                  "Plan Width": 0,
                  "Actual Startup Time": 0.531,
                  "Actual Total Time": 120.591,
                  "Actual Rows": 647136,
                  "Actual Loops": 4,
                  "Filter": "(keyword_id > 3324)",
                  "Rows Removed by Filter": 483846
                }
              ]
            }
          ]
        }
      ]
    },
    "Planning Time": 0.191,
    "Triggers": [],
    "Execution Time": 168.852
  }
]