{
  "Plan": {
    "Node Type": "Aggregate",
    "Strategy": "Plain",
    "Partial Mode": "Finalize",
    "Parallel Aware": false,
    "Startup Cost": 337588.99,
    "Total Cost": 337589.0,
    "Plan Rows": 1,
    "Plan Width": 8,
    "Actual Startup Time": 442.502,
    "Actual Total Time": 452.585,
    "Actual Rows": 1,
    "Actual Loops": 1,
    "Plans": [
      {
        "Node Type": "Gather",
        "Parent Relationship": "Outer",
        "Parallel Aware": false,
        "Startup Cost": 337588.88,
        "Total Cost": 337588.99,
        "Plan Rows": 1,
        "Plan Width": 8,
        "Actual Startup Time": 440.506,
        "Actual Total Time": 452.576,
        "Actual Rows": 2,
        "Actual Loops": 1,
        "Workers Planned": 1,
        "Workers Launched": 1,
        "Single Copy": false,
        "Plans": [
          {
            "Node Type": "Aggregate",
            "Strategy": "Plain",
            "Partial Mode": "Partial",
            "Parent Relationship": "Outer",
            "Parallel Aware": false,
            "Startup Cost": 336588.88,
            "Total Cost": 336588.89,
            "Plan Rows": 1,
            "Plan Width": 8,
            "Actual Startup Time": 435.488,
            "Actual Total Time": 435.492,
            "Actual Rows": 1,
            "Actual Loops": 2,
            "Plans": [
              {
                "Node Type": "Hash Join",
                "Parent Relationship": "Outer",
                "Parallel Aware": true,
                "Join Type": "Inner",
                "Startup Cost": 77259.66,
                "Total Cost": 336293.46,
                "Plan Rows": 118169,
                "Plan Width": 0,
                "Actual Startup Time": 292.833,
                "Actual Total Time": 430.664,
                "Actual Rows": 113201,
                "Actual Loops": 2,
                "Inner Unique": true,
                "Hash Cond": "(ci.movie_id = t.id)",
                "Plans": [
                  {
                    "Node Type": "Bitmap Heap Scan",
                    "Parent Relationship": "Outer",
                    "Parallel Aware": true,
                    "Relation Name": "cast_info",
                    "Alias": "ci",
                    "Startup Cost": 15757.1,
                    "Total Cost": 273689.38,
                    "Plan Rows": 419623,
                    "Plan Width": 4,
                    "Actual Startup Time": 25.551,
                    "Actual Total Time": 64.391,
                    "Actual Rows": 344006,
                    "Actual Loops": 2,
                    "Recheck Cond": "(person_id < 73597)",
                    "Rows Removed by Index Recheck": 0,
                    "Exact Heap Blocks": 4040,
                    "Lossy Heap Blocks": 0,
                    "Plans": [
                      {
                        "Node Type": "Bitmap Index Scan",
                        "Parent Relationship": "Outer",
                        "Parallel Aware": false,
                        "Index Name": "person_id_cast_info",
                        "Startup Cost": 0.0,
                        "Total Cost": 15578.76,
                        "Plan Rows": 713359,
                        "Plan Width": 0,
                        "Actual Startup Time": 24.487,
                        "Actual Total Time": 24.487,
                        "Actual Rows": 688011,
                        "Actual Loops": 1,
                        "Index Cond": "(person_id < 73597)"
                      }
                    ]
                  },
                  {
                    "Node Type": "Hash",
                    "Parent Relationship": "Inner",
                    "Parallel Aware": true,
                    "Startup Cost": 56267.34,
                    "Total Cost": 56267.34,
                    "Plan Rows": 418818,
                    "Plan Width": 4,
                    "Actual Startup Time": 258.343,
                    "Actual Total Time": 258.345,
                    "Actual Rows": 361318,
                    "Actual Loops": 2,
                    "Hash Buckets": 1048576,
                    "Original Hash Buckets": 1048576,
                    "Hash Batches": 1,
                    "Original Hash Batches": 1,
                    "Peak Memory Usage": 36512,
                    "Plans": [
                      {
                        "Node Type": "Bitmap Heap Scan",
                        "Parent Relationship": "Outer",
                        "Parallel Aware": true,
                        "Relation Name": "title",
                        "Alias": "t",
                        "Startup Cost": 13616.95,
                        "Total Cost": 56267.34,
                        "Plan Rows": 418818,
                        "Plan Width": 4,
                        "Actual Startup Time": 43.218,
                        "Actual Total Time": 155.171,
                        "Actual Rows": 361318,
                        "Actual Loops": 2,
                        "Recheck Cond": "(kind_id < 3)",
                        "Rows Removed by Index Recheck": 0,
                        "Filter": "(production_year < 2013)",
                        "Rows Removed by Filter": 15521,
                        "Exact Heap Blocks": 25304,
                        "Lossy Heap Blocks": 0,
                        "Plans": [
                          {
                            "Node Type": "Bitmap Index Scan",
                            "Parent Relationship": "Outer",
                            "Parallel Aware": false,
                            "Index Name": "kind_id_title",
                            "Startup Cost": 0.0,
                            "Total Cost": 13438.96,
                            "Plan Rows": 753937,
                            "Plan Width": 0,
                            "Actual Startup Time": 37.421,
                            "Actual Total Time": 37.422,
                            "Actual Rows": 753677,
                            "Actual Loops": 1,
                            "Index Cond": "(kind_id < 3)"
                          }
                        ]
                      }
                    ]
                  }
                ]
              }
            ]
          }
        ]
      }
    ]
  },
  "Planning Time": 0.519,
  "Triggers": [],
  "Execution Time": 452.688
}