{
    "Plan": {
        "Node Type": "Aggregate",
        "Strategy": "Plain",
        "Partial Mode": "Finalize",
        "Parallel Aware": false,
        "Startup Cost": 683322.11,
        "Total Cost": 683322.12,
        "Plan Rows": 1,
        "Plan Width": 8,
        "Actual Startup Time": 9263.457,
        "Actual Total Time": 9342.117,
        "Actual Rows": 1,
        "Actual Loops": 1,
        "Output": [
            "count(*)"
        ],
        "Plans": [
            {
                "Node Type": "Gather",
                "Parent Relationship": "Outer",
                "Parallel Aware": false,
                "Startup Cost": 683321.49,
                "Total Cost": 683322.1,
                "Plan Rows": 6,
                "Plan Width": 8,
                "Actual Startup Time": 9212.534,
                "Actual Total Time": 9342.088,
                "Actual Rows": 7,
                "Actual Loops": 1,
                "Output": [
                    "(PARTIAL count(*))"
                ],
                "Workers Planned": 6,
                "Workers Launched": 6,
                "Single Copy": false,
                "Plans": [
                    {
                        "Node Type": "Aggregate",
                        "Strategy": "Plain",
                        "Partial Mode": "Partial",
                        "Parent Relationship": "Outer",
                        "Parallel Aware": false,
                        "Startup Cost": 682321.49,
                        "Total Cost": 682321.5,
                        "Plan Rows": 1,
                        "Plan Width": 8,
                        "Actual Startup Time": 9115.901,
                        "Actual Total Time": 9115.907,
                        "Actual Rows": 1,
                        "Actual Loops": 7,
                        "Output": [
                            "PARTIAL count(*)"
                        ],
                        "Workers": [
                            {
                                "Worker Number": 0,
                                "Actual Startup Time": 9099.916,
                                "Actual Total Time": 9099.92,
                                "Actual Rows": 1,
                                "Actual Loops": 1
                            },
                            {
                                "Worker Number": 1,
                                "Actual Startup Time": 9100.13,
                                "Actual Total Time": 9100.135,
                                "Actual Rows": 1,
                                "Actual Loops": 1
                            },
                            {
                                "Worker Number": 2,
                                "Actual Startup Time": 9099.936,
                                "Actual Total Time": 9099.941,
                                "Actual Rows": 1,
                                "Actual Loops": 1
                            },
                            {
                                "Worker Number": 3,
                                "Actual Startup Time": 9099.829,
                                "Actual Total Time": 9099.834,
                                "Actual Rows": 1,
                                "Actual Loops": 1
                            },
                            {
                                "Worker Number": 4,
                                "Actual Startup Time": 9099.911,
                                "Actual Total Time": 9099.916,
                                "Actual Rows": 1,
                                "Actual Loops": 1
                            },
                            {
                                "Worker Number": 5,
                                "Actual Startup Time": 9100.033,
                                "Actual Total Time": 9100.037,
                                "Actual Rows": 1,
                                "Actual Loops": 1
                            }
                        ],
                        "Plans": [
                            {
                                "Node Type": "Hash Join",
                                "Parent Relationship": "Outer",
                                "Parallel Aware": true,
                                "Join Type": "Inner",
                                "Startup Cost": 270233.53,
                                "Total Cost": 653264.71,
                                "Plan Rows": 11622710,
                                "Plan Width": 0,
                                "Actual Startup Time": 2618.332,
                                "Actual Total Time": 7917.934,
                                "Actual Rows": 25888629,
                                "Actual Loops": 7,
                                "Inner Unique": false,
                                "Hash Cond": "(ci.movie_id = t.id)",
                                "Workers": [
                                    {
                                        "Worker Number": 0,
                                        "Actual Startup Time": 2603.377,
                                        "Actual Total Time": 7806.264,
                                        "Actual Rows": 21577433,
                                        "Actual Loops": 1
                                    },
                                    {
                                        "Worker Number": 1,
                                        "Actual Startup Time": 2603.562,
                                        "Actual Total Time": 7922.771,
                                        "Actual Rows": 25805963,
                                        "Actual Loops": 1
                                    },
                                    {
                                        "Worker Number": 2,
                                        "Actual Startup Time": 2603.625,
                                        "Actual Total Time": 7898.925,
                                        "Actual Rows": 25779327,
                                        "Actual Loops": 1
                                    },
                                    {
                                        "Worker Number": 3,
                                        "Actual Startup Time": 2603.516,
                                        "Actual Total Time": 7931.053,
                                        "Actual Rows": 24336178,
                                        "Actual Loops": 1
                                    },
                                    {
                                        "Worker Number": 4,
                                        "Actual Startup Time": 2603.517,
                                        "Actual Total Time": 7926.226,
                                        "Actual Rows": 26931483,
                                        "Actual Loops": 1
                                    },
                                    {
                                        "Worker Number": 5,
                                        "Actual Startup Time": 2603.635,
                                        "Actual Total Time": 7952.63,
                                        "Actual Rows": 29535754,
                                        "Actual Loops": 1
                                    }
                                ],
                                "Plans": [
                                    {
                                        "Node Type": "Seq Scan",
                                        "Parent Relationship": "Outer",
                                        "Parallel Aware": true,
                                        "Relation Name": "cast_info",
                                        "Schema": "public",
                                        "Alias": "ci",
                                        "Startup Cost": 0.0,
                                        "Total Cost": 343318.94,
                                        "Plan Rows": 3293362,
                                        "Plan Width": 4,
                                        "Actual Startup Time": 237.024,
                                        "Actual Total Time": 792.413,
                                        "Actual Rows": 3132319,
                                        "Actual Loops": 7,
                                        "Output": [
                                            "ci.id",
                                            "ci.person_id",
                                            "ci.movie_id",
                                            "ci.person_role_id",
                                            "ci.note",
                                            "ci.nr_order",
                                            "ci.role_id"
                                        ],
                                        "Filter": "((ci.person_id > 574853) AND (ci.role_id > 1))",
                                        "Rows Removed by Filter": 2045445,
                                        "Workers": [
                                            {
                                                "Worker Number": 0,
                                                "Actual Startup Time": 236.975,
                                                "Actual Total Time": 823.479,
                                                "Actual Rows": 2672708,
                                                "Actual Loops": 1
                                            },
                                            {
                                                "Worker Number": 1,
                                                "Actual Startup Time": 237.024,
                                                "Actual Total Time": 789.457,
                                                "Actual Rows": 3427791,
                                                "Actual Loops": 1
                                            },
                                            {
                                                "Worker Number": 2,
                                                "Actual Startup Time": 237.04,
                                                "Actual Total Time": 809.726,
                                                "Actual Rows": 3022630,
                                                "Actual Loops": 1
                                            },
                                            {
                                                "Worker Number": 3,
                                                "Actual Startup Time": 237.039,
                                                "Actual Total Time": 816.491,
                                                "Actual Rows": 2796029,
                                                "Actual Loops": 1
                                            },
                                            {
                                                "Worker Number": 4,
                                                "Actual Startup Time": 237.031,
                                                "Actual Total Time": 801.668,
                                                "Actual Rows": 3170637,
                                                "Actual Loops": 1
                                            },
                                            {
                                                "Worker Number": 5,
                                                "Actual Startup Time": 237.045,
                                                "Actual Total Time": 786.554,
                                                "Actual Rows": 3621397,
                                                "Actual Loops": 1
                                            }
                                        ]
                                    },
                                    {
                                        "Node Type": "Hash",
                                        "Parent Relationship": "Inner",
                                        "Parallel Aware": true,
                                        "Startup Cost": 247926.57,
                                        "Total Cost": 247926.57,
                                        "Plan Rows": 1784557,
                                        "Plan Width": 8,
                                        "Actual Startup Time": 2354.323,
                                        "Actual Total Time": 2354.327,
                                        "Actual Rows": 1116742,
                                        "Actual Loops": 7,
                                        "Output": [
                                            "t.id",
                                            "mi.movie_id"
                                        ],
                                        "Hash Buckets": 16777216,
                                        "Original Hash Buckets": 16777216,
                                        "Hash Batches": 1,
                                        "Original Hash Batches": 1,
                                        "Peak Memory Usage": 436960,
                                        "Workers": [
                                            {
                                                "Worker Number": 0,
                                                "Actual Startup Time": 2365.551,
                                                "Actual Total Time": 2365.554,
                                                "Actual Rows": 975741,
                                                "Actual Loops": 1
                                            },
                                            {
                                                "Worker Number": 1,
                                                "Actual Startup Time": 2365.749,
                                                "Actual Total Time": 2365.753,
                                                "Actual Rows": 1319067,
                                                "Actual Loops": 1
                                            },
                                            {
                                                "Worker Number": 2,
                                                "Actual Startup Time": 2365.945,
                                                "Actual Total Time": 2365.948,
                                                "Actual Rows": 999301,
                                                "Actual Loops": 1
                                            },
                                            {
                                                "Worker Number": 3,
                                                "Actual Startup Time": 2365.759,
                                                "Actual Total Time": 2365.763,
                                                "Actual Rows": 905155,
                                                "Actual Loops": 1
                                            },
                                            {
                                                "Worker Number": 4,
                                                "Actual Startup Time": 2365.766,
                                                "Actual Total Time": 2365.77,
                                                "Actual Rows": 1172921,
                                                "Actual Loops": 1
                                            },
                                            {
                                                "Worker Number": 5,
                                                "Actual Startup Time": 2365.86,
                                                "Actual Total Time": 2365.864,
                                                "Actual Rows": 1335713,
                                                "Actual Loops": 1
                                            }
                                        ],
                                        "Plans": [
                                            {
                                                "Node Type": "Hash Join",
                                                "Parent Relationship": "Outer",
                                                "Parallel Aware": true,
                                                "Join Type": "Inner",
                                                "Startup Cost": 48676.94,
                                                "Total Cost": 247926.57,
                                                "Plan Rows": 1784557,
                                                "Plan Width": 8,
                                                "Actual Startup Time": 388.799,
                                                "Actual Total Time": 1470.608,
                                                "Actual Rows": 1116742,
                                                "Actual Loops": 7,
                                                "Output": [
                                                    "t.id",
                                                    "mi.movie_id"
                                                ],
                                                "Inner Unique": true,
                                                "Hash Cond": "(mi.movie_id = t.id)",
                                                "Workers": [
                                                    {
                                                        "Worker Number": 0,
                                                        "Actual Startup Time": 388.624,
                                                        "Actual Total Time": 1471.85,
                                                        "Actual Rows": 975741,
                                                        "Actual Loops": 1
                                                    },
                                                    {
                                                        "Worker Number": 1,
                                                        "Actual Startup Time": 389.022,
                                                        "Actual Total Time": 1470.021,
                                                        "Actual Rows": 1319067,
                                                        "Actual Loops": 1
                                                    },
                                                    {
                                                        "Worker Number": 2,
                                                        "Actual Startup Time": 388.54,
                                                        "Actual Total Time": 1477.235,
                                                        "Actual Rows": 999301,
                                                        "Actual Loops": 1
                                                    },
                                                    {
                                                        "Worker Number": 3,
                                                        "Actual Startup Time": 389.091,
                                                        "Actual Total Time": 1479.724,
                                                        "Actual Rows": 905155,
                                                        "Actual Loops": 1
                                                    },
                                                    {
                                                        "Worker Number": 4,
                                                        "Actual Startup Time": 388.594,
                                                        "Actual Total Time": 1474.973,
                                                        "Actual Rows": 1172921,
                                                        "Actual Loops": 1
                                                    },
                                                    {
                                                        "Worker Number": 5,
                                                        "Actual Startup Time": 388.645,
                                                        "Actual Total Time": 1466.319,
                                                        "Actual Rows": 1335713,
                                                        "Actual Loops": 1
                                                    }
                                                ],
                                                "Plans": [
                                                    {
                                                        "Node Type": "Seq Scan",
                                                        "Parent Relationship": "Outer",
                                                        "Parallel Aware": true,
                                                        "Relation Name": "movie_info",
                                                        "Schema": "public",
                                                        "Alias": "mi",
                                                        "Startup Cost": 0.0,
                                                        "Total Cost": 191503.19,
                                                        "Plan Rows": 2951019,
                                                        "Plan Width": 4,
                                                        "Actual Startup Time": 0.046,
                                                        "Actual Total Time": 339.877,
                                                        "Actual Rows": 2119389,
                                                        "Actual Loops": 7,
                                                        "Output": [
                                                            "mi.id",
                                                            "mi.movie_id",
                                                            "mi.info_type_id",
                                                            "mi.info",
                                                            "mi.note"
                                                        ],
                                                        "Workers": [
                                                            {
                                                                "Worker Number": 0,
                                                                "Actual Startup Time": 0.065,
                                                                "Actual Total Time": 363.272,
                                                                "Actual Rows": 1852744,
                                                                "Actual Loops": 1
                                                            },
                                                            {
                                                                "Worker Number": 1,
                                                                "Actual Startup Time": 0.041,
                                                                "Actual Total Time": 341.463,
                                                                "Actual Rows": 2498816,
                                                                "Actual Loops": 1
                                                            },
                                                            {
                                                                "Worker Number": 2,
                                                                "Actual Startup Time": 0.046,
                                                                "Actual Total Time": 359.029,
                                                                "Actual Rows": 1880249,
                                                                "Actual Loops": 1
                                                            },
                                                            {
                                                                "Worker Number": 3,
                                                                "Actual Startup Time": 0.047,
                                                                "Actual Total Time": 363.433,
                                                                "Actual Rows": 1711578,
                                                                "Actual Loops": 1
                                                            },
                                                            {
                                                                "Worker Number": 4,
                                                                "Actual Startup Time": 0.054,
                                                                "Actual Total Time": 339.5,
                                                                "Actual Rows": 2237909,
                                                                "Actual Loops": 1
                                                            },
                                                            {
                                                                "Worker Number": 5,
                                                                "Actual Startup Time": 0.055,
                                                                "Actual Total Time": 337.682,
                                                                "Actual Rows": 2539010,
                                                                "Actual Loops": 1
                                                            }
                                                        ]
                                                    },
                                                    {
                                                        "Node Type": "Hash",
                                                        "Parent Relationship": "Inner",
                                                        "Parallel Aware": true,
                                                        "Startup Cost": 43899.01,
                                                        "Total Cost": 43899.01,
                                                        "Plan Rows": 382235,
                                                        "Plan Width": 4,
                                                        "Actual Startup Time": 382.065,
                                                        "Actual Total Time": 382.067,
                                                        "Actual Rows": 218802,
                                                        "Actual Loops": 7,
                                                        "Output": [
                                                            "t.id"
                                                        ],
                                                        "Hash Buckets": 2097152,
                                                        "Original Hash Buckets": 2097152,
                                                        "Hash Batches": 1,
                                                        "Original Hash Batches": 1,
                                                        "Peak Memory Usage": 76416,
                                                        "Workers": [
                                                            {
                                                                "Worker Number": 0,
                                                                "Actual Startup Time": 387.663,
                                                                "Actual Total Time": 387.664,
                                                                "Actual Rows": 210295,
                                                                "Actual Loops": 1
                                                            },
                                                            {
                                                                "Worker Number": 1,
                                                                "Actual Startup Time": 387.638,
                                                                "Actual Total Time": 387.639,
                                                                "Actual Rows": 252771,
                                                                "Actual Loops": 1
                                                            },
                                                            {
                                                                "Worker Number": 2,
                                                                "Actual Startup Time": 387.635,
                                                                "Actual Total Time": 387.636,
                                                                "Actual Rows": 185573,
                                                                "Actual Loops": 1
                                                            },
                                                            {
                                                                "Worker Number": 3,
                                                                "Actual Startup Time": 387.623,
                                                                "Actual Total Time": 387.625,
                                                                "Actual Rows": 173815,
                                                                "Actual Loops": 1
                                                            },
                                                            {
                                                                "Worker Number": 4,
                                                                "Actual Startup Time": 387.6,
                                                                "Actual Total Time": 387.601,
                                                                "Actual Rows": 144874,
                                                                "Actual Loops": 1
                                                            },
                                                            {
                                                                "Worker Number": 5,
                                                                "Actual Startup Time": 387.616,
                                                                "Actual Total Time": 387.617,
                                                                "Actual Rows": 226484,
                                                                "Actual Loops": 1
                                                            }
                                                        ],
                                                        "Plans": [
                                                            {
                                                                "Node Type": "Seq Scan",
                                                                "Parent Relationship": "Outer",
                                                                "Parallel Aware": true,
                                                                "Relation Name": "title",
                                                                "Schema": "public",
                                                                "Alias": "t",
                                                                "Startup Cost": 0.0,
                                                                "Total Cost": 43899.01,
                                                                "Plan Rows": 382235,
                                                                "Plan Width": 4,
                                                                "Actual Startup Time": 0.09,
                                                                "Actual Total Time": 114.089,
                                                                "Actual Rows": 218802,
                                                                "Actual Loops": 7,
                                                                "Output": [
                                                                    "t.id"
                                                                ],
                                                                "Filter": "(t.production_year > 1997)",
                                                                "Rows Removed by Filter": 142386,
                                                                "Workers": [
                                                                    {
                                                                        "Worker Number": 0,
                                                                        "Actual Startup Time": 0.097,
                                                                        "Actual Total Time": 116.8,
                                                                        "Actual Rows": 210295,
                                                                        "Actual Loops": 1
                                                                    },
                                                                    {
                                                                        "Worker Number": 1,
                                                                        "Actual Startup Time": 0.1,
                                                                        "Actual Total Time": 115.046,
                                                                        "Actual Rows": 252771,
                                                                        "Actual Loops": 1
                                                                    },
                                                                    {
                                                                        "Worker Number": 2,
                                                                        "Actual Startup Time": 0.105,
                                                                        "Actual Total Time": 118.768,
                                                                        "Actual Rows": 185573,
                                                                        "Actual Loops": 1
                                                                    },
                                                                    {
                                                                        "Worker Number": 3,
                                                                        "Actual Startup Time": 0.107,
                                                                        "Actual Total Time": 115.583,
                                                                        "Actual Rows": 173815,
                                                                        "Actual Loops": 1
                                                                    },
                                                                    {
                                                                        "Worker Number": 4,
                                                                        "Actual Startup Time": 0.109,
                                                                        "Actual Total Time": 117.774,
                                                                        "Actual Rows": 144874,
                                                                        "Actual Loops": 1
                                                                    },
                                                                    {
                                                                        "Worker Number": 5,
                                                                        "Actual Startup Time": 0.091,
                                                                        "Actual Total Time": 116.355,
                                                                        "Actual Rows": 226484,
                                                                        "Actual Loops": 1
                                                                    }
                                                                ]
                                                            }
                                                        ]
                                                    }
                                                ]
                                            }
                                        ]
                                    }
                                ]
                            }
                        ]
                    }
                ]
            }
        ]
    },
    "Planning Time": 1.583,
    "Triggers": [],
    "Execution Time": 9342.223
}