[
  {
    "Plan": {
      "Node Type": "Aggregate",
      "Strategy": "Plain",
      "Partial Mode": "Finalize",
      "Parallel Aware": false,
      "Startup Cost": 399888.41,
      "Total Cost": 399888.42,
      "Plan Rows": 1,
      "Plan Width": 8,
      "Actual Startup Time": 1637.407,
      "Actual Total Time": 1695.308,
      "Actual Rows": 1,
      "Actual Loops": 1,
      "Plans": [
        {
          "Node Type": "Gather",
          "Parent Relationship": "Outer",
          "Parallel Aware": false,
          "Startup Cost": 399887.78,
          "Total Cost": 399888.39,
          "Plan Rows": 6,
          "Plan Width": 8,
          "Actual Startup Time": 1620.745,
          "Actual Total Time": 1695.297,
          "Actual Rows": 7,
          "Actual Loops": 1,
          "Workers Planned": 6,
          "Workers Launched": 6,
          "Single Copy": false,
          "Plans": [
            {
              "Node Type": "Aggregate",
              "Strategy": "Plain",
              "Partial Mode": "Partial",
              "Parent Relationship": "Outer",
              "Parallel Aware": false,
              "Startup Cost": 398887.78,
              "Total Cost": 398887.79,
              "Plan Rows": 1,
              "Plan Width": 8,
              "Actual Startup Time": 1597.181,
              "Actual Total Time": 1597.184,
              "Actual Rows": 1,
              "Actual Loops": 7,
              "Plans": [
                {
                  "Node Type": "Hash Join",
                  "Parent Relationship": "Outer",
                  "Parallel Aware": true,
                  "Join Type": "Inner",
                  "Startup Cost": 50219.64,
                  "Total Cost": 396248.22,
                  "Plan Rows": 1055826,
                  "Plan Width": 0,
                  "Actual Startup Time": 597.291,
                  "Actual Total Time": 1532.254,
                  "Actual Rows": 1367248,
                  "Actual Loops": 7,
                  "Inner Unique": true,
                  "Hash Cond": "(ci.movie_id = t.id)",
                  "Plans": [
                    {
                      "Node Type": "Seq Scan",
                      "Parent Relationship": "Outer",
                      "Parallel Aware": true,
                      "Relation Name": "cast_info",
                      "Alias": "ci",
                      "Startup Cost": 0.0,
                      "Total Cost": 343257.03,
                      "Plan Rows": 1055826,
                      "Plan Width": 4,
                      "Actual Startup Time": 337.559,
                      "Actual Total Time": 645.721,
                      "Actual Rows": 1367248,
                      "Actual Loops": 7,
                      "Filter": "((person_id > 2749419) AND (role_id > 1))",
                      "Rows Removed by Filter": 3810516
                    },
                    {
                      "Node Type": "Hash",
                      "Parent Relationship": "Inner",
                      "Parallel Aware": true,
                      "Startup Cost": 42318.73,
                      "Total Cost": 42318.73,
                      "Plan Rows": 632073,
                      "Plan Width": 4,
                      "Actual Startup Time": 252.537,
                      "Actual Total Time": 252.538,
                      "Actual Rows": 361187,
                      "Actual Loops": 7,
                      "Hash Buckets": 4194304,
                      "Original Hash Buckets": 4194304,
                      "Hash Batches": 1,
                      "Original Hash Batches": 1,
                      "Peak Memory Usage": 131776,
                      "Plans": [
                        {
                          "Node Type": "Seq Scan",
                          "Parent Relationship": "Outer",
                          "Parallel Aware": true,
                          "Relation Name": "title",
                          "Alias": "t",
                          "Startup Cost": 0.0,
                          "Total Cost": 42318.73,
                          "Plan Rows": 632073,
                          "Plan Width": 4,
                          "Actual Startup Time": 0.038,
                          "Actual Total Time": 74.189,
                          "Actual Rows": 361187,
                          "Actual Loops": 7
                        }
                      ]
                    }
                  ]
                }
              ]
            }
          ]
        }
      ]
    },
    "Planning Time": 0.677,
    "Triggers": [],
    "Execution Time": 1695.39
  }
]