[
  {
    "Plan": {
      "Node Type": "Aggregate",
      "Strategy": "Plain",
      "Partial Mode": "Finalize",
      "Parallel Aware": false,
      "Startup Cost": 91395.8,
      "Total Cost": 91395.81,
      "Plan Rows": 1,
      "Plan Width": 8,
      "Actual Startup Time": 475.957,
      "Actual Total Time": 495.031,
      "Actual Rows": 1,
      "Actual Loops": 1,
      "Plans": [
        {
          "Node Type": "Gather",
          "Parent Relationship": "Outer",
          "Parallel Aware": false,
          "Startup Cost": 91395.48,
          "Total Cost": 91395.79,
          "Plan Rows": 3,
          "Plan Width": 8,
          "Actual Startup Time": 466.903,
          "Actual Total Time": 495.023,
          "Actual Rows": 4,
          "Actual Loops": 1,
          "Workers Planned": 3,
          "Workers Launched": 3,
          "Single Copy": false,
          "Plans": [
            {
              "Node Type": "Aggregate",
              "Strategy": "Plain",
              "Partial Mode": "Partial",
              "Parent Relationship": "Outer",
              "Parallel Aware": false,
              "Startup Cost": 90395.48,
              "Total Cost": 90395.49,
              "Plan Rows": 1,
              "Plan Width": 8,
              "Actual Startup Time": 458.135,
              "Actual Total Time": 458.138,
              "Actual Rows": 1,
              "Actual Loops": 4,
              "Plans": [
                {
                  "Node Type": "Hash Join",
                  "Parent Relationship": "Outer",
                  "Parallel Aware": true,
                  "Join Type": "Inner",
                  "Startup Cost": 62618.23,
                  "Total Cost": 89924.1,
                  "Plan Rows": 188553,
                  "Plan Width": 0,
                  "Actual Startup Time": 341.558,
                  "Actual Total Time": 450.662,
                  "Actual Rows": 148230,
                  "Actual Loops": 4,
                  "Inner Unique": true,
                  "Hash Cond": "(mk.movie_id = t.id)",
                  "Plans": [
                    {
                      "Node Type": "Bitmap Heap Scan",
                      "Parent Relationship": "Outer",
                      "Parallel Aware": true,
                      "Relation Name": "movie_keyword",
                      "Alias": "mk",
                      "Startup Cost": 12398.42,
                      "Total Cost": 39209.34,
                      "Plan Rows": 188553,
                      "Plan Width": 4,
                      "Actual Startup Time": 44.554,
                      "Actual Total Time": 97.746,
                      "Actual Rows": 148230,
                      "Actual Loops": 4,
                      "Recheck Cond": "(keyword_id < 432)",
                      "Rows Removed by Index Recheck": 0,
                      "Exact Heap Blocks": 6620,
                      "Lossy Heap Blocks": 0,
                      "Plans": [
                        {
                          "Node Type": "Bitmap Index Scan",
                          "Parent Relationship": "Outer",
                          "Parallel Aware": false,
                          "Index Name": "keyword_id_movie_keyword",
                          "Startup Cost": 0.0,
                          "Total Cost": 12252.3,
                          "Plan Rows": 584515,
                          "Plan Width": 0,
                          "Actual Startup Time": 40.884,
                          "Actual Total Time": 40.884,
                          "Actual Rows": 592921,
                          "Actual Loops": 1,
                          "Index Cond": "(keyword_id < 432)"
                        }
                      ]
                    },
                    {
                      "Node Type": "Hash",
                      "Parent Relationship": "Inner",
                      "Parallel Aware": true,
                      "Startup Cost": 42318.81,
                      "Total Cost": 42318.81,
                      "Plan Rows": 632080,
                      "Plan Width": 4,
                      "Actual Startup Time": 290.645,
                      "Actual Total Time": 290.646,
                      "Actual Rows": 632078,
                      "Actual Loops": 4,
                      "Hash Buckets": 4194304,
                      "Original Hash Buckets": 4194304,
                      "Hash Batches": 1,
                      "Original Hash Batches": 1,
                      "Peak Memory Usage": 131744,
                      "Plans": [
                        {
                          "Node Type": "Seq Scan",
                          "Parent Relationship": "Outer",
                          "Parallel Aware": true,
                          "Relation Name": "title",
                          "Alias": "t",
                          "Startup Cost": 0.0,
                          "Total Cost": 42318.81,
                          "Plan Rows": 632080,
                          "Plan Width": 4,
                          "Actual Startup Time": 0.022,
                          "Actual Total Time": 85.804,
                          "Actual Rows": 632078,
                          "Actual Loops": 4
                        }
                      ]
                    }
                  ]
                }
              ]
            }
          ]
        }
      ]
    },
    "Planning Time": 0.217,
    "Triggers": [],
    "Execution Time": 495.068
  }
]