[
  {
    "Plan": {
      "Node Type": "Aggregate",
      "Strategy": "Plain",
      "Partial Mode": "Finalize",
      "Parallel Aware": false,
      "Startup Cost": 75232.91,
      "Total Cost": 75232.92,
      "Plan Rows": 1,
      "Plan Width": 8,
      "Actual Startup Time": 189.275,
      "Actual Total Time": 206.406,
      "Actual Rows": 1,
      "Actual Loops": 1,
      "Plans": [
        {
          "Node Type": "Gather",
          "Parent Relationship": "Outer",
          "Parallel Aware": false,
          "Startup Cost": 75232.6,
          "Total Cost": 75232.91,
          "Plan Rows": 3,
          "Plan Width": 8,
          "Actual Startup Time": 188.867,
          "Actual Total Time": 206.395,
          "Actual Rows": 4,
          "Actual Loops": 1,
          "Workers Planned": 3,
          "Workers Launched": 3,
          "Single Copy": false,
          "Plans": [
            {
              "Node Type": "Aggregate",
              "Strategy": "Plain",
              "Partial Mode": "Partial",
              "Parent Relationship": "Outer",
              "Parallel Aware": false,
              "Startup Cost": 74232.6,
              "Total Cost": 74232.61,
              "Plan Rows": 1,
              "Plan Width": 8,
              "Actual Startup Time": 183.705,
              "Actual Total Time": 183.709,
              "Actual Rows": 1,
              "Actual Loops": 4,
              "Plans": [
                {
                  "Node Type": "Hash Join",
                  "Parent Relationship": "Outer",
                  "Parallel Aware": true,
                  "Join Type": "Inner",
                  "Startup Cost": 43975.97,
                  "Total Cost": 74223.94,
                  "Plan Rows": 3464,
                  "Plan Width": 0,
                  "Actual Startup Time": 92.416,
                  "Actual Total Time": 183.489,
                  "Actual Rows": 3197,
                  "Actual Loops": 4,
                  "Inner Unique": true,
                  "Hash Cond": "(mc.movie_id = t.id)",
                  "Plans": [
                    {
                      "Node Type": "Seq Scan",
                      "Parent Relationship": "Outer",
                      "Parallel Aware": true,
                      "Relation Name": "movie_companies",
                      "Alias": "mc",
                      "Startup Cost": 0.0,
                      "Total Cost": 29310.68,
                      "Plan Rows": 357060,
                      "Plan Width": 4,
                      "Actual Startup Time": 0.017,
                      "Actual Total Time": 64.816,
                      "Actual Rows": 278414,
                      "Actual Loops": 4,
                      "Filter": "(company_id < 7851)",
                      "Rows Removed by Filter": 373868
                    },
                    {
                      "Node Type": "Hash",
                      "Parent Relationship": "Inner",
                      "Parallel Aware": true,
                      "Startup Cost": 43899.32,
                      "Total Cost": 43899.32,
                      "Plan Rows": 6132,
                      "Plan Width": 4,
                      "Actual Startup Time": 91.52,
                      "Actual Total Time": 91.521,
                      "Actual Rows": 6694,
                      "Actual Loops": 4,
                      "Hash Buckets": 32768,
                      "Original Hash Buckets": 32768,
                      "Hash Batches": 1,
                      "Original Hash Batches": 1,
                      "Peak Memory Usage": 1344,
                      "Plans": [
                        {
                          "Node Type": "Seq Scan",
                          "Parent Relationship": "Outer",
                          "Parallel Aware": true,
                          "Relation Name": "title",
                          "Alias": "t",
                          "Startup Cost": 0.0,
                          "Total Cost": 43899.32,
                          "Plan Rows": 6132,
                          "Plan Width": 4,
                          "Actual Startup Time": 0.049,
                          "Actual Total Time": 88.305,
                          "Actual Rows": 6694,
                          "Actual Loops": 4,
                          "Filter": "(production_year = 1993)",
                          "Rows Removed by Filter": 625384
                        }
                      ]
                    }
                  ]
                }
              ]
            }
          ]
        }
      ]
    },
    "Planning Time": 0.263,
    "Triggers": [],
    "Execution Time": 206.441
  }
]