[
  {
    "Plan": {
      "Node Type": "Aggregate",
      "Strategy": "Plain",
      "Partial Mode": "Finalize",
      "Parallel Aware": false,
      "Startup Cost": 75242.34,
      "Total Cost": 75242.35,
      "Plan Rows": 1,
      "Plan Width": 8,
      "Actual Startup Time": 206.661,
      "Actual Total Time": 225.0,
      "Actual Rows": 1,
      "Actual Loops": 1,
      "Plans": [
        {
          "Node Type": "Gather",
          "Parent Relationship": "Outer",
          "Parallel Aware": false,
          "Startup Cost": 75242.02,
          "Total Cost": 75242.33,
          "Plan Rows": 3,
          "Plan Width": 8,
          "Actual Startup Time": 206.363,
          "Actual Total Time": 224.992,
          "Actual Rows": 4,
          "Actual Loops": 1,
          "Workers Planned": 3,
          "Workers Launched": 3,
          "Single Copy": false,
          "Plans": [
            {
              "Node Type": "Aggregate",
              "Strategy": "Plain",
              "Partial Mode": "Partial",
              "Parent Relationship": "Outer",
              "Parallel Aware": false,
              "Startup Cost": 74242.02,
              "Total Cost": 74242.03,
              "Plan Rows": 1,
              "Plan Width": 8,
              "Actual Startup Time": 199.606,
              "Actual Total Time": 199.608,
              "Actual Rows": 1,
              "Actual Loops": 4,
              "Plans": [
                {
                  "Node Type": "Hash Join",
                  "Parent Relationship": "Outer",
                  "Parallel Aware": true,
                  "Join Type": "Inner",
                  "Startup Cost": 43979.77,
                  "Total Cost": 74232.83,
                  "Plan Rows": 3674,
                  "Plan Width": 0,
                  "Actual Startup Time": 100.611,
                  "Actual Total Time": 199.367,
                  "Actual Rows": 3197,
                  "Actual Loops": 4,
                  "Inner Unique": true,
                  "Hash Cond": "(mc.movie_id = t.id)",
                  "Plans": [
                    {
                      "Node Type": "Seq Scan",
                      "Parent Relationship": "Outer",
                      "Parallel Aware": true,
                      "Relation Name": "movie_companies",
                      "Alias": "mc",
                      "Startup Cost": 0.0,
                      "Total Cost": 29310.68,
                      "Plan Rows": 359004,
                      "Plan Width": 4,
                      "Actual Startup Time": 0.021,
                      "Actual Total Time": 70.247,
                      "Actual Rows": 278414,
                      "Actual Loops": 4,
                      "Filter": "(company_id < 7851)",
                      "Rows Removed by Filter": 373868
                    },
                    {
                      "Node Type": "Hash",
                      "Parent Relationship": "Inner",
                      "Parallel Aware": true,
                      "Startup Cost": 43898.92,
                      "Total Cost": 43898.92,
                      "Plan Rows": 6468,
                      "Plan Width": 4,
                      "Actual Startup Time": 99.148,
                      "Actual Total Time": 99.149,
                      "Actual Rows": 6694,
                      "Actual Loops": 4,
                      "Hash Buckets": 32768,
                      "Original Hash Buckets": 32768,
                      "Hash Batches": 1,
                      "Original Hash Batches": 1,
                      "Peak Memory Usage": 1344,
                      "Plans": [
                        {
                          "Node Type": "Seq Scan",
                          "Parent Relationship": "Outer",
                          "Parallel Aware": true,
                          "Relation Name": "title",
                          "Alias": "t",
                          "Startup Cost": 0.0,
                          "Total Cost": 43898.92,
                          "Plan Rows": 6468,
                          "Plan Width": 4,
                          "Actual Startup Time": 0.05,
                          "Actual Total Time": 95.517,
                          "Actual Rows": 6694,
                          "Actual Loops": 4,
                          "Filter": "(production_year = 1993)",
                          "Rows Removed by Filter": 625384
                        }
                      ]
                    }
                  ]
                }
              ]
            }
          ]
        }
      ]
    },
    "Planning Time": 0.654,
    "Triggers": [],
    "Execution Time": 225.074
  }
]