{
  "Plan": {
    "Node Type": "Aggregate",
    "Strategy": "Plain",
    "Partial Mode": "Finalize",
    "Parallel Aware": false,
    "Startup Cost": 129526.52,
    "Total Cost": 129526.53,
    "Plan Rows": 1,
    "Plan Width": 8,
    "Actual Startup Time": 1113.178,
    "Actual Total Time": 1195.628,
    "Actual Rows": 1,
    "Actual Loops": 1,
    "Plans": [
      {
        "Node Type": "Gather",
        "Parent Relationship": "Outer",
        "Parallel Aware": false,
        "Startup Cost": 129526.41,
        "Total Cost": 129526.52,
        "Plan Rows": 1,
        "Plan Width": 8,
        "Actual Startup Time": 1110.334,
        "Actual Total Time": 1195.618,
        "Actual Rows": 2,
        "Actual Loops": 1,
        "Workers Planned": 1,
        "Workers Launched": 1,
        "Single Copy": false,
        "Plans": [
          {
            "Node Type": "Aggregate",
            "Strategy": "Plain",
            "Partial Mode": "Partial",
            "Parent Relationship": "Outer",
            "Parallel Aware": false,
            "Startup Cost": 128526.41,
            "Total Cost": 128526.42,
            "Plan Rows": 1,
            "Plan Width": 8,
            "Actual Startup Time": 1104.16,
            "Actual Total Time": 1104.164,
            "Actual Rows": 1,
            "Actual Loops": 2,
            "Plans": [
              {
                "Node Type": "Nested Loop",
                "Parent Relationship": "Outer",
                "Parallel Aware": false,
                "Join Type": "Inner",
                "Startup Cost": 63062.58,
                "Total Cost": 128179.62,
                "Plan Rows": 138715,
                "Plan Width": 0,
                "Actual Startup Time": 278.074,
                "Actual Total Time": 1083.707,
                "Actual Rows": 429894,
                "Actual Loops": 2,
                "Inner Unique": false,
                "Plans": [
                  {
                    "Node Type": "Hash Join",
                    "Parent Relationship": "Outer",
                    "Parallel Aware": true,
                    "Join Type": "Inner",
                    "Startup Cost": 63062.01,
                    "Total Cost": 88011.13,
                    "Plan Rows": 12836,
                    "Plan Width": 8,
                    "Actual Startup Time": 277.992,
                    "Actual Total Time": 321.68,
                    "Actual Rows": 18700,
                    "Actual Loops": 2,
                    "Inner Unique": true,
                    "Hash Cond": "(mk.movie_id = t.id)",
                    "Plans": [
                      {
                        "Node Type": "Bitmap Heap Scan",
                        "Parent Relationship": "Outer",
                        "Parallel Aware": true,
                        "Relation Name": "movie_keyword",
                        "Alias": "mk",
                        "Startup Cost": 1183.71,
                        "Total Cost": 26046.9,
                        "Plan Rows": 32735,
                        "Plan Width": 4,
                        "Actual Startup Time": 5.809,
                        "Actual Total Time": 30.448,
                        "Actual Rows": 24296,
                        "Actual Loops": 2,
                        "Recheck Cond": "(keyword_id < 50)",
                        "Rows Removed by Index Recheck": 0,
                        "Exact Heap Blocks": 8458,
                        "Lossy Heap Blocks": 0,
                        "Plans": [
                          {
                            "Node Type": "Bitmap Index Scan",
                            "Parent Relationship": "Outer",
                            "Parallel Aware": false,
                            "Index Name": "keyword_id_movie_keyword",
                            "Startup Cost": 0.0,
                            "Total Cost": 1169.8,
                            "Plan Rows": 55649,
                            "Plan Width": 0,
                            "Actual Startup Time": 3.574,
                            "Actual Total Time": 3.574,
                            "Actual Rows": 48592,
                            "Actual Loops": 1,
                            "Index Cond": "(keyword_id < 50)"
                          }
                        ]
                      },
                      {
                        "Node Type": "Hash",
                        "Parent Relationship": "Inner",
                        "Parallel Aware": true,
                        "Startup Cost": 54588.39,
                        "Total Cost": 54588.39,
                        "Plan Rows": 583193,
                        "Plan Width": 4,
                        "Actual Startup Time": 262.772,
                        "Actual Total Time": 262.773,
                        "Actual Rows": 492524,
                        "Actual Loops": 2,
                        "Hash Buckets": 1048576,
                        "Original Hash Buckets": 1048576,
                        "Hash Batches": 1,
                        "Original Hash Batches": 1,
                        "Peak Memory Usage": 46784,
                        "Plans": [
                          {
                            "Node Type": "Seq Scan",
                            "Parent Relationship": "Outer",
                            "Parallel Aware": true,
                            "Relation Name": "title",
                            "Alias": "t",
                            "Startup Cost": 0.0,
                            "Total Cost": 54588.39,
                            "Plan Rows": 583193,
                            "Plan Width": 4,
                            "Actual Startup Time": 0.033,
                            "Actual Total Time": 155.465,
                            "Actual Rows": 492524,
                            "Actual Loops": 2,
                            "Filter": "(kind_id < 7)",
                            "Rows Removed by Filter": 771632
                          }
                        ]
                      }
                    ]
                  },
                  {
                    "Node Type": "Index Scan",
                    "Parent Relationship": "Inner",
                    "Parallel Aware": false,
                    "Scan Direction": "Forward",
                    "Index Name": "movie_id_cast_info",
                    "Relation Name": "cast_info",
                    "Alias": "ci",
                    "Startup Cost": 0.56,
                    "Total Cost": 2.85,
                    "Plan Rows": 28,
                    "Plan Width": 4,
                    "Actual Startup Time": 0.013,
                    "Actual Total Time": 0.039,
                    "Actual Rows": 23,
                    "Actual Loops": 37401,
                    "Index Cond": "(movie_id = t.id)",
                    "Rows Removed by Index Recheck": 0,
                    "Filter": "(person_id > 890639)",
                    "Rows Removed by Filter": 9
                  }
                ]
              }
            ]
          }
        ]
      }
    ]
  },
  "Planning Time": 1.03,
  "Triggers": [],
  "Execution Time": 1195.761
}