[
  {
    "Plan": {
      "Node Type": "Aggregate",
      "Strategy": "Plain",
      "Partial Mode": "Finalize",
      "Parallel Aware": false,
      "Startup Cost": 45332.49,
      "Total Cost": 45332.5,
      "Plan Rows": 1,
      "Plan Width": 8,
      "Actual Startup Time": 97.983,
      "Actual Total Time": 109.988,
      "Actual Rows": 1,
      "Actual Loops": 1,
      "Plans": [
        {
          "Node Type": "Gather",
          "Parent Relationship": "Outer",
          "Parallel Aware": false,
          "Startup Cost": 45332.07,
          "Total Cost": 45332.48,
          "Plan Rows": 4,
          "Plan Width": 8,
          "Actual Startup Time": 97.808,
          "Actual Total Time": 109.976,
          "Actual Rows": 5,
          "Actual Loops": 1,
          "Workers Planned": 4,
          "Workers Launched": 4,
          "Single Copy": false,
          "Plans": [
            {
              "Node Type": "Aggregate",
              "Strategy": "Plain",
              "Partial Mode": "Partial",
              "Parent Relationship": "Outer",
              "Parallel Aware": false,
              "Startup Cost": 44332.07,
              "Total Cost": 44332.08,
              "Plan Rows": 1,
              "Plan Width": 8,
              "Actual Startup Time": 92.329,
              "Actual Total Time": 92.331,
              "Actual Rows": 1,
              "Actual Loops": 5,
              "Plans": [
                {
                  "Node Type": "Seq Scan",
                  "Parent Relationship": "Outer",
                  "Parallel Aware": true,
                  "Relation Name": "title",
                  "Alias": "t",
                  "Startup Cost": 0.0,
                  "Total Cost": 43899.32,
                  "Plan Rows": 173101,
                  "Plan Width": 0,
                  "Actual Startup Time": 0.025,
                  "Actual Total Time": 84.674,
                  "Actual Rows": 141437,
                  "Actual Loops": 5,
                  "Filter": "(production_year < 1991)",
                  "Rows Removed by Filter": 364225
                }
              ]
            }
          ]
        }
      ]
    },
    "Planning Time": 0.075,
    "Triggers": [],
    "Execution Time": 110.027
  }
]