{
    "Plan": {
        "Node Type": "Aggregate",
        "Strategy": "Plain",
        "Partial Mode": "Simple",
        "Parallel Aware": false,
        "Startup Cost": 140000206177.26,
        "Total Cost": 140000206177.27,
        "Plan Rows": 1,
        "Plan Width": 192,
        "Actual Startup Time": 545.551,
        "Actual Total Time": 545.561,
        "Actual Rows": 1,
        "Actual Loops": 1,
        "Output": [
            "min(cn1.name)",
            "min(cn2.name)",
            "min(mi_idx1.info)",
            "min(mi_idx2.info)",
            "min(t1.title)",
            "min(t2.title)"
        ],
        "Plans": [
            {
                "Node Type": "Nested Loop",
                "Parent Relationship": "Outer",
                "Parallel Aware": false,
                "Join Type": "Inner",
                "Startup Cost": 140000000007.1,
                "Total Cost": 140000206177.24,
                "Plan Rows": 1,
                "Plan Width": 82,
                "Actual Startup Time": 482.938,
                "Actual Total Time": 544.83,
                "Actual Rows": 1447,
                "Actual Loops": 1,
                "Output": [
                    "cn1.name",
                    "cn2.name",
                    "mi_idx1.info",
                    "mi_idx2.info",
                    "t1.title",
                    "t2.title"
                ],
                "Inner Unique": true,
                "Plans": [
                    {
                        "Node Type": "Nested Loop",
                        "Parent Relationship": "Outer",
                        "Parallel Aware": false,
                        "Join Type": "Inner",
                        "Startup Cost": 130000000006.95,
                        "Total Cost": 130000206158.58,
                        "Plan Rows": 4,
                        "Plan Width": 86,
                        "Actual Startup Time": 1.058,
                        "Actual Total Time": 493.507,
                        "Actual Rows": 13905,
                        "Actual Loops": 1,
                        "Output": [
                            "cn1.name",
                            "mi_idx1.info",
                            "mi_idx2.info",
                            "cn2.name",
                            "ml.link_type_id",
                            "t1.title",
                            "t2.title"
                        ],
                        "Inner Unique": true,
                        "Plans": [
                            {
                                "Node Type": "Nested Loop",
                                "Parent Relationship": "Outer",
                                "Parallel Aware": false,
                                "Join Type": "Inner",
                                "Startup Cost": 120000000006.52,
                                "Total Cost": 120000206140.82,
                                "Plan Rows": 4,
                                "Plan Width": 71,
                                "Actual Startup Time": 1.05,
                                "Actual Total Time": 427.805,
                                "Actual Rows": 13905,
                                "Actual Loops": 1,
                                "Output": [
                                    "cn1.name",
                                    "mi_idx1.info",
                                    "mi_idx2.info",
                                    "mc2.company_id",
                                    "ml.link_type_id",
                                    "t1.title",
                                    "t2.title"
                                ],
                                "Inner Unique": false,
                                "Join Filter": "(t2.id = mc2.movie_id)",
                                "Rows Removed by Join Filter": 0,
                                "Plans": [
                                    {
                                        "Node Type": "Nested Loop",
                                        "Parent Relationship": "Outer",
                                        "Parallel Aware": false,
                                        "Join Type": "Inner",
                                        "Startup Cost": 110000000006.02,
                                        "Total Cost": 110000206136.19,
                                        "Plan Rows": 1,
                                        "Plan Width": 79,
                                        "Actual Startup Time": 1.041,
                                        "Actual Total Time": 404.09,
                                        "Actual Rows": 2706,
                                        "Actual Loops": 1,
                                        "Output": [
                                            "cn1.name",
                                            "mi_idx1.info",
                                            "mi_idx2.info",
                                            "mi_idx2.movie_id",
                                            "ml.link_type_id",
                                            "ml.linked_movie_id",
                                            "t1.title",
                                            "t2.title",
                                            "t2.id"
                                        ],
                                        "Inner Unique": true,
                                        "Plans": [
                                            {
                                                "Node Type": "Nested Loop",
                                                "Parent Relationship": "Outer",
                                                "Parallel Aware": false,
                                                "Join Type": "Inner",
                                                "Startup Cost": 100000000005.59,
                                                "Total Cost": 100000206131.75,
                                                "Plan Rows": 1,
                                                "Plan Width": 64,
                                                "Actual Startup Time": 0.985,
                                                "Actual Total Time": 377.402,
                                                "Actual Rows": 4937,
                                                "Actual Loops": 1,
                                                "Output": [
                                                    "mi_idx1.info",
                                                    "mc1.company_id",
                                                    "mi_idx2.info",
                                                    "mi_idx2.movie_id",
                                                    "ml.link_type_id",
                                                    "ml.linked_movie_id",
                                                    "t1.title",
                                                    "t2.title",
                                                    "t2.id"
                                                ],
                                                "Inner Unique": false,
                                                "Plans": [
                                                    {
                                                        "Node Type": "Nested Loop",
                                                        "Parent Relationship": "Outer",
                                                        "Parallel Aware": false,
                                                        "Join Type": "Inner",
                                                        "Startup Cost": 90000000005.11,
                                                        "Total Cost": 90000206127.15,
                                                        "Plan Rows": 1,
                                                        "Plan Width": 72,
                                                        "Actual Startup Time": 0.924,
                                                        "Actual Total Time": 367.125,
                                                        "Actual Rows": 1036,
                                                        "Actual Loops": 1,
                                                        "Output": [
                                                            "mi_idx1.info",
                                                            "mi_idx1.movie_id",
                                                            "mi_idx2.info",
                                                            "mi_idx2.movie_id",
                                                            "ml.link_type_id",
                                                            "ml.movie_id",
                                                            "ml.linked_movie_id",
                                                            "t1.title",
                                                            "t1.id",
                                                            "t2.title",
                                                            "t2.id"
                                                        ],
                                                        "Inner Unique": true,
                                                        "Plans": [
                                                            {
                                                                "Node Type": "Nested Loop",
                                                                "Parent Relationship": "Outer",
                                                                "Parallel Aware": false,
                                                                "Join Type": "Inner",
                                                                "Startup Cost": 80000000004.96,
                                                                "Total Cost": 80000206010.67,
                                                                "Plan Rows": 27,
                                                                "Plan Width": 76,
                                                                "Actual Startup Time": 0.907,
                                                                "Actual Total Time": 355.446,
                                                                "Actual Rows": 3108,
                                                                "Actual Loops": 1,
                                                                "Output": [
                                                                    "mi_idx2.info",
                                                                    "mi_idx2.movie_id",
                                                                    "ml.link_type_id",
                                                                    "ml.movie_id",
                                                                    "ml.linked_movie_id",
                                                                    "mi_idx1.info",
                                                                    "mi_idx1.info_type_id",
                                                                    "mi_idx1.movie_id",
                                                                    "t1.title",
                                                                    "t1.id",
                                                                    "t2.title",
                                                                    "t2.id"
                                                                ],
                                                                "Inner Unique": false,
                                                                "Plans": [
                                                                    {
                                                                        "Node Type": "Nested Loop",
                                                                        "Parent Relationship": "Outer",
                                                                        "Parallel Aware": false,
                                                                        "Join Type": "Inner",
                                                                        "Startup Cost": 70000000004.49,
                                                                        "Total Cost": 70000205965.39,
                                                                        "Plan Rows": 10,
                                                                        "Plan Width": 63,
                                                                        "Actual Startup Time": 0.604,
                                                                        "Actual Total Time": 347.016,
                                                                        "Actual Rows": 1337,
                                                                        "Actual Loops": 1,
                                                                        "Output": [
                                                                            "mi_idx2.info",
                                                                            "mi_idx2.movie_id",
                                                                            "ml.link_type_id",
                                                                            "ml.movie_id",
                                                                            "ml.linked_movie_id",
                                                                            "t1.title",
                                                                            "t1.id",
                                                                            "t2.title",
                                                                            "t2.id"
                                                                        ],
                                                                        "Inner Unique": true,
                                                                        "Plans": [
                                                                            {
                                                                                "Node Type": "Nested Loop",
                                                                                "Parent Relationship": "Outer",
                                                                                "Parallel Aware": false,
                                                                                "Join Type": "Inner",
                                                                                "Startup Cost": 60000000004.35,
                                                                                "Total Cost": 60000205830.77,
                                                                                "Plan Rows": 34,
                                                                                "Plan Width": 67,
                                                                                "Actual Startup Time": 0.598,
                                                                                "Actual Total Time": 341.617,
                                                                                "Actual Rows": 1337,
                                                                                "Actual Loops": 1,
                                                                                "Output": [
                                                                                    "mi_idx2.info",
                                                                                    "mi_idx2.movie_id",
                                                                                    "ml.link_type_id",
                                                                                    "ml.movie_id",
                                                                                    "ml.linked_movie_id",
                                                                                    "t1.title",
                                                                                    "t1.id",
                                                                                    "t1.kind_id",
                                                                                    "t2.title",
                                                                                    "t2.id"
                                                                                ],
                                                                                "Inner Unique": true,
                                                                                "Plans": [
                                                                                    {
                                                                                        "Node Type": "Nested Loop",
                                                                                        "Parent Relationship": "Outer",
                                                                                        "Parallel Aware": false,
                                                                                        "Join Type": "Inner",
                                                                                        "Startup Cost": 50000000002.72,
                                                                                        "Total Cost": 50000205638.64,
                                                                                        "Plan Rows": 34,
                                                                                        "Plan Width": 42,
                                                                                        "Actual Startup Time": 0.574,
                                                                                        "Actual Total Time": 333.265,
                                                                                        "Actual Rows": 1337,
                                                                                        "Actual Loops": 1,
                                                                                        "Output": [
                                                                                            "mi_idx2.info",
                                                                                            "mi_idx2.movie_id",
                                                                                            "ml.link_type_id",
                                                                                            "ml.movie_id",
                                                                                            "ml.linked_movie_id",
                                                                                            "t2.title",
                                                                                            "t2.id"
                                                                                        ],
                                                                                        "Inner Unique": true,
                                                                                        "Plans": [
                                                                                            {
                                                                                                "Node Type": "Nested Loop",
                                                                                                "Parent Relationship": "Outer",
                                                                                                "Parallel Aware": false,
                                                                                                "Join Type": "Inner",
                                                                                                "Startup Cost": 40000000002.57,
                                                                                                "Total Cost": 40000202585.45,
                                                                                                "Plan Rows": 733,
                                                                                                "Plan Width": 46,
                                                                                                "Actual Startup Time": 0.554,
                                                                                                "Actual Total Time": 304.803,
                                                                                                "Actual Rows": 7470,
                                                                                                "Actual Loops": 1,
                                                                                                "Output": [
                                                                                                    "t2.title",
                                                                                                    "t2.id",
                                                                                                    "mi_idx2.info",
                                                                                                    "mi_idx2.info_type_id",
                                                                                                    "mi_idx2.movie_id",
                                                                                                    "ml.link_type_id",
                                                                                                    "ml.movie_id",
                                                                                                    "ml.linked_movie_id"
                                                                                                ],
                                                                                                "Inner Unique": false,
                                                                                                "Plans": [
                                                                                                    {
                                                                                                        "Node Type": "Nested Loop",
                                                                                                        "Parent Relationship": "Outer",
                                                                                                        "Parallel Aware": false,
                                                                                                        "Join Type": "Inner",
                                                                                                        "Startup Cost": 30000000002.07,
                                                                                                        "Total Cost": 30000194788.38,
                                                                                                        "Plan Rows": 1708,
                                                                                                        "Plan Width": 33,
                                                                                                        "Actual Startup Time": 0.506,
                                                                                                        "Actual Total Time": 270.94,
                                                                                                        "Actual Rows": 3922,
                                                                                                        "Actual Loops": 1,
                                                                                                        "Output": [
                                                                                                            "t2.title",
                                                                                                            "t2.id",
                                                                                                            "ml.link_type_id",
                                                                                                            "ml.movie_id",
                                                                                                            "ml.linked_movie_id"
                                                                                                        ],
                                                                                                        "Inner Unique": true,
                                                                                                        "Plans": [
                                                                                                            {
                                                                                                                "Node Type": "Nested Loop",
                                                                                                                "Parent Relationship": "Outer",
                                                                                                                "Parallel Aware": false,
                                                                                                                "Join Type": "Inner",
                                                                                                                "Startup Cost": 20000000001.93,
                                                                                                                "Total Cost": 20000171081.29,
                                                                                                                "Plan Rows": 5979,
                                                                                                                "Plan Width": 37,
                                                                                                                "Actual Startup Time": 0.449,
                                                                                                                "Actual Total Time": 237.398,
                                                                                                                "Actual Rows": 8525,
                                                                                                                "Actual Loops": 1,
                                                                                                                "Output": [
                                                                                                                    "ml.link_type_id",
                                                                                                                    "ml.movie_id",
                                                                                                                    "ml.linked_movie_id",
                                                                                                                    "t2.title",
                                                                                                                    "t2.id",
                                                                                                                    "t2.kind_id"
                                                                                                                ],
                                                                                                                "Inner Unique": true,
                                                                                                                "Plans": [
                                                                                                                    {
                                                                                                                        "Node Type": "Index Scan",
                                                                                                                        "Parent Relationship": "Outer",
                                                                                                                        "Parallel Aware": false,
                                                                                                                        "Scan Direction": "Forward",
                                                                                                                        "Index Name": "link_type_id_movie_link",
                                                                                                                        "Relation Name": "movie_link",
                                                                                                                        "Schema": "public",
                                                                                                                        "Alias": "ml",
                                                                                                                        "Startup Cost": 10000000000.29,
                                                                                                                        "Total Cost": 10000001425.16,
                                                                                                                        "Plan Rows": 29997,
                                                                                                                        "Plan Width": 12,
                                                                                                                        "Actual Startup Time": 0.04,
                                                                                                                        "Actual Total Time": 11.842,
                                                                                                                        "Actual Rows": 29997,
                                                                                                                        "Actual Loops": 1,
                                                                                                                        "Output": [
                                                                                                                            "ml.id",
                                                                                                                            "ml.movie_id",
                                                                                                                            "ml.linked_movie_id",
                                                                                                                            "ml.link_type_id"
                                                                                                                        ]
                                                                                                                    },
                                                                                                                    {
                                                                                                                        "Node Type": "Bitmap Heap Scan",
                                                                                                                        "Parent Relationship": "Inner",
                                                                                                                        "Parallel Aware": false,
                                                                                                                        "Relation Name": "title",
                                                                                                                        "Schema": "public",
                                                                                                                        "Alias": "t2",
                                                                                                                        "Startup Cost": 1.64,
                                                                                                                        "Total Cost": 5.66,
                                                                                                                        "Plan Rows": 1,
                                                                                                                        "Plan Width": 25,
                                                                                                                        "Actual Startup Time": 0.006,
                                                                                                                        "Actual Total Time": 0.006,
                                                                                                                        "Actual Rows": 0,
                                                                                                                        "Actual Loops": 29997,
                                                                                                                        "Output": [
                                                                                                                            "t2.id",
                                                                                                                            "t2.title",
                                                                                                                            "t2.imdb_index",
                                                                                                                            "t2.kind_id",
                                                                                                                            "t2.production_year",
                                                                                                                            "t2.imdb_id",
                                                                                                                            "t2.phonetic_code",
                                                                                                                            "t2.episode_of_id",
                                                                                                                            "t2.season_nr",
                                                                                                                            "t2.episode_nr",
                                                                                                                            "t2.series_years",
                                                                                                                            "t2.md5sum"
                                                                                                                        ],
                                                                                                                        "Recheck Cond": "(t2.id = ml.linked_movie_id)",
                                                                                                                        "Rows Removed by Index Recheck": 0,
                                                                                                                        "Filter": "((t2.production_year >= 1984) AND (t2.production_year <= 2000))",
                                                                                                                        "Rows Removed by Filter": 1,
                                                                                                                        "Exact Heap Blocks": 29997,
                                                                                                                        "Lossy Heap Blocks": 0,
                                                                                                                        "Plans": [
                                                                                                                            {
                                                                                                                                "Node Type": "Bitmap Index Scan",
                                                                                                                                "Parent Relationship": "Outer",
                                                                                                                                "Parallel Aware": false,
                                                                                                                                "Index Name": "title_pkey",
                                                                                                                                "Startup Cost": 0.0,
                                                                                                                                "Total Cost": 1.64,
                                                                                                                                "Plan Rows": 1,
                                                                                                                                "Plan Width": 0,
                                                                                                                                "Actual Startup Time": 0.004,
                                                                                                                                "Actual Total Time": 0.004,
                                                                                                                                "Actual Rows": 1,
                                                                                                                                "Actual Loops": 29997,
                                                                                                                                "Index Cond": "(t2.id = ml.linked_movie_id)"
                                                                                                                            }
                                                                                                                        ]
                                                                                                                    }
                                                                                                                ]
                                                                                                            },
                                                                                                            {
                                                                                                                "Node Type": "Bitmap Heap Scan",
                                                                                                                "Parent Relationship": "Inner",
                                                                                                                "Parallel Aware": false,
                                                                                                                "Relation Name": "kind_type",
                                                                                                                "Schema": "public",
                                                                                                                "Alias": "kt2",
                                                                                                                "Startup Cost": 0.14,
                                                                                                                "Total Cost": 4.16,
                                                                                                                "Plan Rows": 1,
                                                                                                                "Plan Width": 4,
                                                                                                                "Actual Startup Time": 0.002,
                                                                                                                "Actual Total Time": 0.002,
                                                                                                                "Actual Rows": 0,
                                                                                                                "Actual Loops": 8525,
                                                                                                                "Output": [
                                                                                                                    "kt2.id",
                                                                                                                    "kt2.kind"
                                                                                                                ],
                                                                                                                "Recheck Cond": "(kt2.id = t2.kind_id)",
                                                                                                                "Rows Removed by Index Recheck": 0,
                                                                                                                "Filter": "((kt2.kind)::text = ANY ('{\"tv series\",episode}'::text[]))",
                                                                                                                "Rows Removed by Filter": 1,
                                                                                                                "Exact Heap Blocks": 8525,
                                                                                                                "Lossy Heap Blocks": 0,
                                                                                                                "Plans": [
                                                                                                                    {
                                                                                                                        "Node Type": "Bitmap Index Scan",
                                                                                                                        "Parent Relationship": "Outer",
                                                                                                                        "Parallel Aware": false,
                                                                                                                        "Index Name": "kind_type_pkey",
                                                                                                                        "Startup Cost": 0.0,
                                                                                                                        "Total Cost": 0.14,
                                                                                                                        "Plan Rows": 1,
                                                                                                                        "Plan Width": 0,
                                                                                                                        "Actual Startup Time": 0.001,
                                                                                                                        "Actual Total Time": 0.001,
                                                                                                                        "Actual Rows": 1,
                                                                                                                        "Actual Loops": 8525,
                                                                                                                        "Index Cond": "(kt2.id = t2.kind_id)"
                                                                                                                    }
                                                                                                                ]
                                                                                                            }
                                                                                                        ]
                                                                                                    },
                                                                                                    {
                                                                                                        "Node Type": "Bitmap Heap Scan",
                                                                                                        "Parent Relationship": "Inner",
                                                                                                        "Parallel Aware": false,
                                                                                                        "Relation Name": "movie_info_idx",
                                                                                                        "Schema": "public",
                                                                                                        "Alias": "mi_idx2",
                                                                                                        "Startup Cost": 0.5,
                                                                                                        "Total Cost": 4.55,
                                                                                                        "Plan Rows": 2,
                                                                                                        "Plan Width": 13,
                                                                                                        "Actual Startup Time": 0.006,
                                                                                                        "Actual Total Time": 0.007,
                                                                                                        "Actual Rows": 2,
                                                                                                        "Actual Loops": 3922,
                                                                                                        "Output": [
                                                                                                            "mi_idx2.id",
                                                                                                            "mi_idx2.movie_id",
                                                                                                            "mi_idx2.info_type_id",
                                                                                                            "mi_idx2.info",
                                                                                                            "mi_idx2.note"
                                                                                                        ],
                                                                                                        "Recheck Cond": "(mi_idx2.movie_id = t2.id)",
                                                                                                        "Rows Removed by Index Recheck": 0,
                                                                                                        "Filter": "(mi_idx2.info < '6.7'::text)",
                                                                                                        "Rows Removed by Filter": 1,
                                                                                                        "Exact Heap Blocks": 3590,
                                                                                                        "Lossy Heap Blocks": 0,
                                                                                                        "Plans": [
                                                                                                            {
                                                                                                                "Node Type": "Bitmap Index Scan",
                                                                                                                "Parent Relationship": "Outer",
                                                                                                                "Parallel Aware": false,
                                                                                                                "Index Name": "movie_id_movie_info_idx",
                                                                                                                "Startup Cost": 0.0,
                                                                                                                "Total Cost": 0.5,
                                                                                                                "Plan Rows": 3,
                                                                                                                "Plan Width": 0,
                                                                                                                "Actual Startup Time": 0.004,
                                                                                                                "Actual Total Time": 0.004,
                                                                                                                "Actual Rows": 3,
                                                                                                                "Actual Loops": 3922,
                                                                                                                "Index Cond": "(mi_idx2.movie_id = t2.id)"
                                                                                                            }
                                                                                                        ]
                                                                                                    }
                                                                                                ]
                                                                                            },
                                                                                            {
                                                                                                "Node Type": "Bitmap Heap Scan",
                                                                                                "Parent Relationship": "Inner",
                                                                                                "Parallel Aware": false,
                                                                                                "Relation Name": "info_type",
                                                                                                "Schema": "public",
                                                                                                "Alias": "it2",
                                                                                                "Startup Cost": 0.15,
                                                                                                "Total Cost": 4.17,
                                                                                                "Plan Rows": 1,
                                                                                                "Plan Width": 4,
                                                                                                "Actual Startup Time": 0.002,
                                                                                                "Actual Total Time": 0.002,
                                                                                                "Actual Rows": 0,
                                                                                                "Actual Loops": 7470,
                                                                                                "Output": [
                                                                                                    "it2.id",
                                                                                                    "it2.info"
                                                                                                ],
                                                                                                "Recheck Cond": "(it2.id = mi_idx2.info_type_id)",
                                                                                                "Rows Removed by Index Recheck": 0,
                                                                                                "Filter": "((it2.info)::text = 'rating'::text COLLATE \"C\")",
                                                                                                "Rows Removed by Filter": 1,
                                                                                                "Exact Heap Blocks": 7470,
                                                                                                "Lossy Heap Blocks": 0,
                                                                                                "Plans": [
                                                                                                    {
                                                                                                        "Node Type": "Bitmap Index Scan",
                                                                                                        "Parent Relationship": "Outer",
                                                                                                        "Parallel Aware": false,
                                                                                                        "Index Name": "info_type_pkey",
                                                                                                        "Startup Cost": 0.0,
                                                                                                        "Total Cost": 0.15,
                                                                                                        "Plan Rows": 1,
                                                                                                        "Plan Width": 0,
                                                                                                        "Actual Startup Time": 0.001,
                                                                                                        "Actual Total Time": 0.001,
                                                                                                        "Actual Rows": 1,
                                                                                                        "Actual Loops": 7470,
                                                                                                        "Index Cond": "(it2.id = mi_idx2.info_type_id)"
                                                                                                    }
                                                                                                ]
                                                                                            }
                                                                                        ]
                                                                                    },
                                                                                    {
                                                                                        "Node Type": "Bitmap Heap Scan",
                                                                                        "Parent Relationship": "Inner",
                                                                                        "Parallel Aware": false,
                                                                                        "Relation Name": "title",
                                                                                        "Schema": "public",
                                                                                        "Alias": "t1",
                                                                                        "Startup Cost": 1.64,
                                                                                        "Total Cost": 5.65,
                                                                                        "Plan Rows": 1,
                                                                                        "Plan Width": 25,
                                                                                        "Actual Startup Time": 0.004,
                                                                                        "Actual Total Time": 0.004,
                                                                                        "Actual Rows": 1,
                                                                                        "Actual Loops": 1337,
                                                                                        "Output": [
                                                                                            "t1.id",
                                                                                            "t1.title",
                                                                                            "t1.imdb_index",
                                                                                            "t1.kind_id",
                                                                                            "t1.production_year",
                                                                                            "t1.imdb_id",
                                                                                            "t1.phonetic_code",
                                                                                            "t1.episode_of_id",
                                                                                            "t1.season_nr",
                                                                                            "t1.episode_nr",
                                                                                            "t1.series_years",
                                                                                            "t1.md5sum"
                                                                                        ],
                                                                                        "Recheck Cond": "(t1.id = ml.movie_id)",
                                                                                        "Rows Removed by Index Recheck": 0,
                                                                                        "Exact Heap Blocks": 1337,
                                                                                        "Lossy Heap Blocks": 0,
                                                                                        "Plans": [
                                                                                            {
                                                                                                "Node Type": "Bitmap Index Scan",
                                                                                                "Parent Relationship": "Outer",
                                                                                                "Parallel Aware": false,
                                                                                                "Index Name": "title_pkey",
                                                                                                "Startup Cost": 0.0,
                                                                                                "Total Cost": 1.64,
                                                                                                "Plan Rows": 1,
                                                                                                "Plan Width": 0,
                                                                                                "Actual Startup Time": 0.003,
                                                                                                "Actual Total Time": 0.003,
                                                                                                "Actual Rows": 1,
                                                                                                "Actual Loops": 1337,
                                                                                                "Index Cond": "(t1.id = ml.movie_id)"
                                                                                            }
                                                                                        ]
                                                                                    }
                                                                                ]
                                                                            },
                                                                            {
                                                                                "Node Type": "Bitmap Heap Scan",
                                                                                "Parent Relationship": "Inner",
                                                                                "Parallel Aware": false,
                                                                                "Relation Name": "kind_type",
                                                                                "Schema": "public",
                                                                                "Alias": "kt1",
                                                                                "Startup Cost": 0.14,
                                                                                "Total Cost": 4.16,
                                                                                "Plan Rows": 1,
                                                                                "Plan Width": 4,
                                                                                "Actual Startup Time": 0.002,
                                                                                "Actual Total Time": 0.002,
                                                                                "Actual Rows": 1,
                                                                                "Actual Loops": 1337,
                                                                                "Output": [
                                                                                    "kt1.id",
                                                                                    "kt1.kind"
                                                                                ],
                                                                                "Recheck Cond": "(kt1.id = t1.kind_id)",
                                                                                "Rows Removed by Index Recheck": 0,
                                                                                "Filter": "((kt1.kind)::text = ANY ('{\"tv series\",episode}'::text[]))",
                                                                                "Rows Removed by Filter": 0,
                                                                                "Exact Heap Blocks": 1337,
                                                                                "Lossy Heap Blocks": 0,
                                                                                "Plans": [
                                                                                    {
                                                                                        "Node Type": "Bitmap Index Scan",
                                                                                        "Parent Relationship": "Outer",
                                                                                        "Parallel Aware": false,
                                                                                        "Index Name": "kind_type_pkey",
                                                                                        "Startup Cost": 0.0,
                                                                                        "Total Cost": 0.14,
                                                                                        "Plan Rows": 1,
                                                                                        "Plan Width": 0,
                                                                                        "Actual Startup Time": 0.001,
                                                                                        "Actual Total Time": 0.001,
                                                                                        "Actual Rows": 1,
                                                                                        "Actual Loops": 1337,
                                                                                        "Index Cond": "(kt1.id = t1.kind_id)"
                                                                                    }
                                                                                ]
                                                                            }
                                                                        ]
                                                                    },
                                                                    {
                                                                        "Node Type": "Bitmap Heap Scan",
                                                                        "Parent Relationship": "Inner",
                                                                        "Parallel Aware": false,
                                                                        "Relation Name": "movie_info_idx",
                                                                        "Schema": "public",
                                                                        "Alias": "mi_idx1",
                                                                        "Startup Cost": 0.46,
                                                                        "Total Cost": 4.5,
                                                                        "Plan Rows": 3,
                                                                        "Plan Width": 13,
                                                                        "Actual Startup Time": 0.004,
                                                                        "Actual Total Time": 0.004,
                                                                        "Actual Rows": 2,
                                                                        "Actual Loops": 1337,
                                                                        "Output": [
                                                                            "mi_idx1.id",
                                                                            "mi_idx1.movie_id",
                                                                            "mi_idx1.info_type_id",
                                                                            "mi_idx1.info",
                                                                            "mi_idx1.note"
                                                                        ],
                                                                        "Recheck Cond": "(mi_idx1.movie_id = t1.id)",
                                                                        "Rows Removed by Index Recheck": 0,
                                                                        "Exact Heap Blocks": 1036,
                                                                        "Lossy Heap Blocks": 0,
                                                                        "Plans": [
                                                                            {
                                                                                "Node Type": "Bitmap Index Scan",
                                                                                "Parent Relationship": "Outer",
                                                                                "Parallel Aware": false,
                                                                                "Index Name": "movie_id_movie_info_idx",
                                                                                "Startup Cost": 0.0,
                                                                                "Total Cost": 0.46,
                                                                                "Plan Rows": 3,
                                                                                "Plan Width": 0,
                                                                                "Actual Startup Time": 0.003,
                                                                                "Actual Total Time": 0.003,
                                                                                "Actual Rows": 2,
                                                                                "Actual Loops": 1337,
                                                                                "Index Cond": "(mi_idx1.movie_id = t1.id)"
                                                                            }
                                                                        ]
                                                                    }
                                                                ]
                                                            },
                                                            {
                                                                "Node Type": "Bitmap Heap Scan",
                                                                "Parent Relationship": "Inner",
                                                                "Parallel Aware": false,
                                                                "Relation Name": "info_type",
                                                                "Schema": "public",
                                                                "Alias": "it1",
                                                                "Startup Cost": 0.15,
                                                                "Total Cost": 4.17,
                                                                "Plan Rows": 1,
                                                                "Plan Width": 4,
                                                                "Actual Startup Time": 0.002,
                                                                "Actual Total Time": 0.002,
                                                                "Actual Rows": 0,
                                                                "Actual Loops": 3108,
                                                                "Output": [
                                                                    "it1.id",
                                                                    "it1.info"
                                                                ],
                                                                "Recheck Cond": "(it1.id = mi_idx1.info_type_id)",
                                                                "Rows Removed by Index Recheck": 0,
                                                                "Filter": "((it1.info)::text = 'rating'::text COLLATE \"C\")",
                                                                "Rows Removed by Filter": 1,
                                                                "Exact Heap Blocks": 3108,
                                                                "Lossy Heap Blocks": 0,
                                                                "Plans": [
                                                                    {
                                                                        "Node Type": "Bitmap Index Scan",
                                                                        "Parent Relationship": "Outer",
                                                                        "Parallel Aware": false,
                                                                        "Index Name": "info_type_pkey",
                                                                        "Startup Cost": 0.0,
                                                                        "Total Cost": 0.15,
                                                                        "Plan Rows": 1,
                                                                        "Plan Width": 0,
                                                                        "Actual Startup Time": 0.001,
                                                                        "Actual Total Time": 0.001,
                                                                        "Actual Rows": 1,
                                                                        "Actual Loops": 3108,
                                                                        "Index Cond": "(it1.id = mi_idx1.info_type_id)"
                                                                    }
                                                                ]
                                                            }
                                                        ]
                                                    },
                                                    {
                                                        "Node Type": "Bitmap Heap Scan",
                                                        "Parent Relationship": "Inner",
                                                        "Parallel Aware": false,
                                                        "Relation Name": "movie_companies",
                                                        "Schema": "public",
                                                        "Alias": "mc1",
                                                        "Startup Cost": 0.48,
                                                        "Total Cost": 4.55,
                                                        "Plan Rows": 5,
                                                        "Plan Width": 8,
                                                        "Actual Startup Time": 0.006,
                                                        "Actual Total Time": 0.007,
                                                        "Actual Rows": 5,
                                                        "Actual Loops": 1036,
                                                        "Output": [
                                                            "mc1.id",
                                                            "mc1.movie_id",
                                                            "mc1.company_id",
                                                            "mc1.company_type_id",
                                                            "mc1.note"
                                                        ],
                                                        "Recheck Cond": "(mc1.movie_id = t1.id)",
                                                        "Rows Removed by Index Recheck": 0,
                                                        "Exact Heap Blocks": 1626,
                                                        "Lossy Heap Blocks": 0,
                                                        "Plans": [
                                                            {
                                                                "Node Type": "Bitmap Index Scan",
                                                                "Parent Relationship": "Outer",
                                                                "Parallel Aware": false,
                                                                "Index Name": "movie_id_movie_companies",
                                                                "Startup Cost": 0.0,
                                                                "Total Cost": 0.48,
                                                                "Plan Rows": 5,
                                                                "Plan Width": 0,
                                                                "Actual Startup Time": 0.004,
                                                                "Actual Total Time": 0.004,
                                                                "Actual Rows": 5,
                                                                "Actual Loops": 1036,
                                                                "Index Cond": "(mc1.movie_id = t1.id)"
                                                            }
                                                        ]
                                                    }
                                                ]
                                            },
                                            {
                                                "Node Type": "Bitmap Heap Scan",
                                                "Parent Relationship": "Inner",
                                                "Parallel Aware": false,
                                                "Relation Name": "company_name",
                                                "Schema": "public",
                                                "Alias": "cn1",
                                                "Startup Cost": 0.43,
                                                "Total Cost": 4.44,
                                                "Plan Rows": 1,
                                                "Plan Width": 23,
                                                "Actual Startup Time": 0.004,
                                                "Actual Total Time": 0.004,
                                                "Actual Rows": 1,
                                                "Actual Loops": 4937,
                                                "Output": [
                                                    "cn1.id",
                                                    "cn1.name",
                                                    "cn1.country_code",
                                                    "cn1.imdb_id",
                                                    "cn1.name_pcode_nf",
                                                    "cn1.name_pcode_sf",
                                                    "cn1.md5sum"
                                                ],
                                                "Recheck Cond": "(cn1.id = mc1.company_id)",
                                                "Rows Removed by Index Recheck": 0,
                                                "Filter": "((cn1.country_code)::text <> '[us]'::text)",
                                                "Rows Removed by Filter": 0,
                                                "Exact Heap Blocks": 4937,
                                                "Lossy Heap Blocks": 0,
                                                "Plans": [
                                                    {
                                                        "Node Type": "Bitmap Index Scan",
                                                        "Parent Relationship": "Outer",
                                                        "Parallel Aware": false,
                                                        "Index Name": "company_name_pkey",
                                                        "Startup Cost": 0.0,
                                                        "Total Cost": 0.43,
                                                        "Plan Rows": 1,
                                                        "Plan Width": 0,
                                                        "Actual Startup Time": 0.002,
                                                        "Actual Total Time": 0.002,
                                                        "Actual Rows": 1,
                                                        "Actual Loops": 4937,
                                                        "Index Cond": "(cn1.id = mc1.company_id)"
                                                    }
                                                ]
                                            }
                                        ]
                                    },
                                    {
                                        "Node Type": "Bitmap Heap Scan",
                                        "Parent Relationship": "Inner",
                                        "Parallel Aware": false,
                                        "Relation Name": "movie_companies",
                                        "Schema": "public",
                                        "Alias": "mc2",
                                        "Startup Cost": 0.5,
                                        "Total Cost": 4.57,
                                        "Plan Rows": 5,
                                        "Plan Width": 8,
                                        "Actual Startup Time": 0.005,
                                        "Actual Total Time": 0.006,
                                        "Actual Rows": 5,
                                        "Actual Loops": 2706,
                                        "Output": [
                                            "mc2.id",
                                            "mc2.movie_id",
                                            "mc2.company_id",
                                            "mc2.company_type_id",
                                            "mc2.note"
                                        ],
                                        "Recheck Cond": "(mc2.movie_id = mi_idx2.movie_id)",
                                        "Rows Removed by Index Recheck": 0,
                                        "Exact Heap Blocks": 4323,
                                        "Lossy Heap Blocks": 0,
                                        "Plans": [
                                            {
                                                "Node Type": "Bitmap Index Scan",
                                                "Parent Relationship": "Outer",
                                                "Parallel Aware": false,
                                                "Index Name": "movie_id_movie_companies",
                                                "Startup Cost": 0.0,
                                                "Total Cost": 0.5,
                                                "Plan Rows": 5,
                                                "Plan Width": 0,
                                                "Actual Startup Time": 0.003,
                                                "Actual Total Time": 0.003,
                                                "Actual Rows": 5,
                                                "Actual Loops": 2706,
                                                "Index Cond": "(mc2.movie_id = mi_idx2.movie_id)"
                                            }
                                        ]
                                    }
                                ]
                            },
                            {
                                "Node Type": "Bitmap Heap Scan",
                                "Parent Relationship": "Inner",
                                "Parallel Aware": false,
                                "Relation Name": "company_name",
                                "Schema": "public",
                                "Alias": "cn2",
                                "Startup Cost": 0.43,
                                "Total Cost": 4.44,
                                "Plan Rows": 1,
                                "Plan Width": 23,
                                "Actual Startup Time": 0.003,
                                "Actual Total Time": 0.003,
                                "Actual Rows": 1,
                                "Actual Loops": 13905,
                                "Output": [
                                    "cn2.id",
                                    "cn2.name",
                                    "cn2.country_code",
                                    "cn2.imdb_id",
                                    "cn2.name_pcode_nf",
                                    "cn2.name_pcode_sf",
                                    "cn2.md5sum"
                                ],
                                "Recheck Cond": "(cn2.id = mc2.company_id)",
                                "Rows Removed by Index Recheck": 0,
                                "Exact Heap Blocks": 13905,
                                "Lossy Heap Blocks": 0,
                                "Plans": [
                                    {
                                        "Node Type": "Bitmap Index Scan",
                                        "Parent Relationship": "Outer",
                                        "Parallel Aware": false,
                                        "Index Name": "company_name_pkey",
                                        "Startup Cost": 0.0,
                                        "Total Cost": 0.43,
                                        "Plan Rows": 1,
                                        "Plan Width": 0,
                                        "Actual Startup Time": 0.002,
                                        "Actual Total Time": 0.002,
                                        "Actual Rows": 1,
                                        "Actual Loops": 13905,
                                        "Index Cond": "(cn2.id = mc2.company_id)"
                                    }
                                ]
                            }
                        ]
                    },
                    {
                        "Node Type": "Bitmap Heap Scan",
                        "Parent Relationship": "Inner",
                        "Parallel Aware": false,
                        "Relation Name": "link_type",
                        "Schema": "public",
                        "Alias": "lt",
                        "Startup Cost": 0.15,
                        "Total Cost": 4.16,
                        "Plan Rows": 1,
                        "Plan Width": 4,
                        "Actual Startup Time": 0.002,
                        "Actual Total Time": 0.002,
                        "Actual Rows": 0,
                        "Actual Loops": 13905,
                        "Output": [
                            "lt.id",
                            "lt.link"
                        ],
                        "Recheck Cond": "(lt.id = ml.link_type_id)",
                        "Rows Removed by Index Recheck": 0,
                        "Filter": "((lt.link)::text = ANY ('{\"version of\",\"edited from\",\"edited into\"}'::text[]))",
                        "Rows Removed by Filter": 1,
                        "Exact Heap Blocks": 13905,
                        "Lossy Heap Blocks": 0,
                        "Plans": [
                            {
                                "Node Type": "Bitmap Index Scan",
                                "Parent Relationship": "Outer",
                                "Parallel Aware": false,
                                "Index Name": "link_type_pkey",
                                "Startup Cost": 0.0,
                                "Total Cost": 0.15,
                                "Plan Rows": 1,
                                "Plan Width": 0,
                                "Actual Startup Time": 0.001,
                                "Actual Total Time": 0.001,
                                "Actual Rows": 1,
                                "Actual Loops": 13905,
                                "Index Cond": "(lt.id = ml.link_type_id)"
                            }
                        ]
                    }
                ]
            }
        ]
    },
    "Planning Time": 139.748,
    "Triggers": [],
    "Execution Time": 546.103
}