[
  {
    "Plan": {
      "Node Type": "Aggregate",
      "Strategy": "Plain",
      "Partial Mode": "Finalize",
      "Parallel Aware": false,
      "Startup Cost": 80933.34,
      "Total Cost": 80933.35,
      "Plan Rows": 1,
      "Plan Width": 8,
      "Actual Startup Time": 376.554,
      "Actual Total Time": 391.64,
      "Actual Rows": 1,
      "Actual Loops": 1,
      "Plans": [
        {
          "Node Type": "Gather",
          "Parent Relationship": "Outer",
          "Parallel Aware": false,
          "Startup Cost": 80932.92,
          "Total Cost": 80933.33,
          "Plan Rows": 4,
          "Plan Width": 8,
          "Actual Startup Time": 372.584,
          "Actual Total Time": 391.629,
          "Actual Rows": 5,
          "Actual Loops": 1,
          "Workers Planned": 4,
          "Workers Launched": 4,
          "Single Copy": false,
          "Plans": [
            {
              "Node Type": "Aggregate",
              "Strategy": "Plain",
              "Partial Mode": "Partial",
              "Parent Relationship": "Outer",
              "Parallel Aware": false,
              "Startup Cost": 79932.92,
              "Total Cost": 79932.93,
              "Plan Rows": 1,
              "Plan Width": 8,
              "Actual Startup Time": 363.01,
              "Actual Total Time": 363.014,
              "Actual Rows": 1,
              "Actual Loops": 5,
              "Plans": [
                {
                  "Node Type": "Hash Join",
                  "Parent Relationship": "Outer",
                  "Parallel Aware": true,
                  "Join Type": "Inner",
                  "Startup Cost": 33657.63,
                  "Total Cost": 79585.29,
                  "Plan Rows": 139054,
                  "Plan Width": 0,
                  "Actual Startup Time": 137.737,
                  "Actual Total Time": 355.591,
                  "Actual Rows": 170433,
                  "Actual Loops": 5,
                  "Inner Unique": false,
                  "Hash Cond": "(t.id = mc.movie_id)",
                  "Plans": [
                    {
                      "Node Type": "Seq Scan",
                      "Parent Relationship": "Outer",
                      "Parallel Aware": true,
                      "Relation Name": "title",
                      "Alias": "t",
                      "Startup Cost": 0.0,
                      "Total Cost": 42318.73,
                      "Plan Rows": 632073,
                      "Plan Width": 4,
                      "Actual Startup Time": 0.014,
                      "Actual Total Time": 64.186,
                      "Actual Rows": 505662,
                      "Actual Loops": 5
                    },
                    {
                      "Node Type": "Hash",
                      "Parent Relationship": "Inner",
                      "Parallel Aware": true,
                      "Startup Cost": 31414.82,
                      "Total Cost": 31414.82,
                      "Plan Rows": 179425,
                      "Plan Width": 4,
                      "Actual Startup Time": 133.364,
                      "Actual Total Time": 133.366,
                      "Actual Rows": 170433,
                      "Actual Loops": 5,
                      "Hash Buckets": 1048576,
                      "Original Hash Buckets": 1048576,
                      "Hash Batches": 1,
                      "Original Hash Batches": 1,
                      "Peak Memory Usage": 41632,
                      "Plans": [
                        {
                          "Node Type": "Seq Scan",
                          "Parent Relationship": "Outer",
                          "Parallel Aware": true,
                          "Relation Name": "movie_companies",
                          "Alias": "mc",
                          "Startup Cost": 0.0,
                          "Total Cost": 31414.82,
                          "Plan Rows": 179425,
                          "Plan Width": 4,
                          "Actual Startup Time": 45.452,
                          "Actual Total Time": 77.352,
                          "Actual Rows": 170433,
                          "Actual Loops": 5,
                          "Filter": "((company_id > 14056) AND (company_type_id = 2))",
                          "Rows Removed by Filter": 351392
                        }
                      ]
                    }
                  ]
                }
              ]
            }
          ]
        }
      ]
    },
    "Planning Time": 0.656,
    "Triggers": [],
    "Execution Time": 391.712
  }
]