{
  "Plan": {
    "Node Type": "Aggregate",
    "Strategy": "Plain",
    "Partial Mode": "Finalize",
    "Parallel Aware": false,
    "Startup Cost": 41783.71,
    "Total Cost": 41783.72,
    "Plan Rows": 1,
    "Plan Width": 8,
    "Actual Startup Time": 35.7,
    "Actual Total Time": 40.146,
    "Actual Rows": 1,
    "Actual Loops": 1,
    "Plans": [
      {
        "Node Type": "Gather",
        "Parent Relationship": "Outer",
        "Parallel Aware": false,
        "Startup Cost": 41783.6,
        "Total Cost": 41783.71,
        "Plan Rows": 1,
        "Plan Width": 8,
        "Actual Startup Time": 35.568,
        "Actual Total Time": 40.141,
        "Actual Rows": 2,
        "Actual Loops": 1,
        "Workers Planned": 1,
        "Workers Launched": 1,
        "Single Copy": false,
        "Plans": [
          {
            "Node Type": "Aggregate",
            "Strategy": "Plain",
            "Partial Mode": "Partial",
            "Parent Relationship": "Outer",
            "Parallel Aware": false,
            "Startup Cost": 40783.6,
            "Total Cost": 40783.61,
            "Plan Rows": 1,
            "Plan Width": 8,
            "Actual Startup Time": 32.245,
            "Actual Total Time": 32.247,
            "Actual Rows": 1,
            "Actual Loops": 2,
            "Plans": [
              {
                "Node Type": "Nested Loop",
                "Parent Relationship": "Outer",
                "Parallel Aware": false,
                "Join Type": "Inner",
                "Startup Cost": 234.87,
                "Total Cost": 40783.49,
                "Plan Rows": 43,
                "Plan Width": 0,
                "Actual Startup Time": 12.388,
                "Actual Total Time": 32.228,
                "Actual Rows": 42,
                "Actual Loops": 2,
                "Inner Unique": false,
                "Plans": [
                  {
                    "Node Type": "Bitmap Heap Scan",
                    "Parent Relationship": "Outer",
                    "Parallel Aware": true,
                    "Relation Name": "title",
                    "Alias": "t",
                    "Startup Cost": 234.44,
                    "Total Cost": 26193.79,
                    "Plan Rows": 87,
                    "Plan Width": 4,
                    "Actual Startup Time": 11.446,
                    "Actual Total Time": 26.274,
                    "Actual Rows": 142,
                    "Actual Loops": 2,
                    "Recheck Cond": "(kind_id = 6)",
                    "Rows Removed by Index Recheck": 0,
                    "Filter": "(production_year = 1994)",
                    "Rows Removed by Filter": 6158,
                    "Exact Heap Blocks": 6877,
                    "Lossy Heap Blocks": 0,
                    "Plans": [
                      {
                        "Node Type": "Bitmap Index Scan",
                        "Parent Relationship": "Outer",
                        "Parallel Aware": false,
                        "Index Name": "kind_id_title",
                        "Startup Cost": 0.0,
                        "Total Cost": 234.4,
                        "Plan Rows": 13063,
                        "Plan Width": 0,
                        "Actual Startup Time": 9.499,
                        "Actual Total Time": 9.5,
                        "Actual Rows": 12600,
                        "Actual Loops": 1,
                        "Index Cond": "(kind_id = 6)"
                      }
                    ]
                  },
                  {
                    "Node Type": "Index Scan",
                    "Parent Relationship": "Inner",
                    "Parallel Aware": false,
                    "Scan Direction": "Forward",
                    "Index Name": "movie_id_movie_info",
                    "Relation Name": "movie_info",
                    "Alias": "mi",
                    "Startup Cost": 0.43,
                    "Total Cost": 167.66,
                    "Plan Rows": 4,
                    "Plan Width": 4,
                    "Actual Startup Time": 0.037,
                    "Actual Total Time": 0.041,
                    "Actual Rows": 0,
                    "Actual Loops": 283,
                    "Index Cond": "(movie_id = t.id)",
                    "Rows Removed by Index Recheck": 0,
                    "Filter": "(info_type_id > 18)",
                    "Rows Removed by Filter": 9
                  }
                ]
              }
            ]
          }
        ]
      }
    ]
  },
  "Planning Time": 0.364,
  "Triggers": [],
  "Execution Time": 40.218
}