[
  {
    "Plan": {
      "Node Type": "Aggregate",
      "Strategy": "Plain",
      "Partial Mode": "Finalize",
      "Parallel Aware": false,
      "Startup Cost": 115057.06,
      "Total Cost": 115057.07,
      "Plan Rows": 1,
      "Plan Width": 8,
      "Actual Startup Time": 744.456,
      "Actual Total Time": 769.928,
      "Actual Rows": 1,
      "Actual Loops": 1,
      "Plans": [
        {
          "Node Type": "Gather",
          "Parent Relationship": "Outer",
          "Parallel Aware": false,
          "Startup Cost": 115056.75,
          "Total Cost": 115057.06,
          "Plan Rows": 3,
          "Plan Width": 8,
          "Actual Startup Time": 722.396,
          "Actual Total Time": 769.918,
          "Actual Rows": 4,
          "Actual Loops": 1,
          "Workers Planned": 3,
          "Workers Launched": 3,
          "Single Copy": false,
          "Plans": [
            {
              "Node Type": "Aggregate",
              "Strategy": "Plain",
              "Partial Mode": "Partial",
              "Parent Relationship": "Outer",
              "Parallel Aware": false,
              "Startup Cost": 114056.75,
              "Total Cost": 114056.76,
              "Plan Rows": 1,
              "Plan Width": 8,
              "Actual Startup Time": 712.795,
              "Actual Total Time": 712.803,
              "Actual Rows": 1,
              "Actual Loops": 4,
              "Plans": [
                {
                  "Node Type": "Hash Join",
                  "Parent Relationship": "Outer",
                  "Parallel Aware": true,
                  "Join Type": "Inner",
                  "Startup Cost": 83157.31,
                  "Total Cost": 113822.42,
                  "Plan Rows": 93731,
                  "Plan Width": 0,
                  "Actual Startup Time": 496.952,
                  "Actual Total Time": 691.183,
                  "Actual Rows": 474819,
                  "Actual Loops": 4,
                  "Inner Unique": false,
                  "Hash Cond": "(mc.movie_id = t.id)",
                  "Plans": [
                    {
                      "Node Type": "Seq Scan",
                      "Parent Relationship": "Outer",
                      "Parallel Aware": true,
                      "Relation Name": "movie_companies",
                      "Alias": "mc",
                      "Startup Cost": 0.0,
                      "Total Cost": 27206.55,
                      "Plan Rows": 841655,
                      "Plan Width": 4,
                      "Actual Startup Time": 0.024,
                      "Actual Total Time": 68.218,
                      "Actual Rows": 652282,
                      "Actual Loops": 4
                    },
                    {
                      "Node Type": "Hash",
                      "Parent Relationship": "Inner",
                      "Parallel Aware": true,
                      "Startup Cost": 82021.97,
                      "Total Cost": 82021.97,
                      "Plan Rows": 90827,
                      "Plan Width": 8,
                      "Actual Startup Time": 493.544,
                      "Actual Total Time": 493.55,
                      "Actual Rows": 74461,
                      "Actual Loops": 4,
                      "Hash Buckets": 524288,
                      "Original Hash Buckets": 524288,
                      "Hash Batches": 1,
                      "Original Hash Batches": 1,
                      "Peak Memory Usage": 15808,
                      "Plans": [
                        {
                          "Node Type": "Hash Join",
                          "Parent Relationship": "Outer",
                          "Parallel Aware": true,
                          "Join Type": "Inner",
                          "Startup Cost": 56194.21,
                          "Total Cost": 82021.97,
                          "Plan Rows": 90827,
                          "Plan Width": 8,
                          "Actual Startup Time": 385.45,
                          "Actual Total Time": 469.442,
                          "Actual Rows": 74461,
                          "Actual Loops": 4,
                          "Inner Unique": true,
                          "Hash Cond": "(mk.movie_id = t.id)",
                          "Plans": [
                            {
                              "Node Type": "Bitmap Heap Scan",
                              "Parent Relationship": "Outer",
                              "Parallel Aware": true,
                              "Relation Name": "movie_keyword",
                              "Alias": "mk",
                              "Startup Cost": 5974.56,
                              "Total Cost": 31563.9,
                              "Plan Rows": 90827,
                              "Plan Width": 4,
                              "Actual Startup Time": 19.613,
                              "Actual Total Time": 67.407,
                              "Actual Rows": 74461,
                              "Actual Loops": 4,
                              "Recheck Cond": "(keyword_id < 245)",
                              "Rows Removed by Index Recheck": 0,
                              "Exact Heap Blocks": 8239,
                              "Lossy Heap Blocks": 0,
                              "Plans": [
                                {
                                  "Node Type": "Bitmap Index Scan",
                                  "Parent Relationship": "Outer",
                                  "Parallel Aware": false,
                                  "Index Name": "keyword_id_movie_keyword",
                                  "Startup Cost": 0.0,
                                  "Total Cost": 5904.17,
                                  "Plan Rows": 281565,
                                  "Plan Width": 0,
                                  "Actual Startup Time": 16.043,
                                  "Actual Total Time": 16.043,
                                  "Actual Rows": 297845,
                                  "Actual Loops": 1,
                                  "Index Cond": "(keyword_id < 245)"
                                }
                              ]
                            },
                            {
                              "Node Type": "Hash",
                              "Parent Relationship": "Inner",
                              "Parallel Aware": true,
                              "Startup Cost": 42318.73,
                              "Total Cost": 42318.73,
                              "Plan Rows": 632073,
                              "Plan Width": 4,
                              "Actual Startup Time": 356.741,
                              "Actual Total Time": 356.742,
                              "Actual Rows": 632078,
                              "Actual Loops": 4,
                              "Hash Buckets": 4194304,
                              "Original Hash Buckets": 4194304,
                              "Hash Batches": 1,
                              "Original Hash Batches": 1,
                              "Peak Memory Usage": 131744,
                              "Plans": [
                                {
                                  "Node Type": "Seq Scan",
                                  "Parent Relationship": "Outer",
                                  "Parallel Aware": true,
                                  "Relation Name": "title",
                                  "Alias": "t",
                                  "Startup Cost": 0.0,
                                  "Total Cost": 42318.73,
                                  "Plan Rows": 632073,
                                  "Plan Width": 4,
                                  "Actual Startup Time": 0.045,
                                  "Actual Total Time": 105.601,
                                  "Actual Rows": 632078,
                                  "Actual Loops": 4
                                }
                              ]
                            }
                          ]
                        }
                      ]
                    }
                  ]
                }
              ]
            }
          ]
        }
      ]
    },
    "Planning Time": 1.432,
    "Triggers": [],
    "Execution Time": 770.042
  }
]