{
  "Plan": {
    "Node Type": "Aggregate",
    "Strategy": "Plain",
    "Partial Mode": "Finalize",
    "Parallel Aware": false,
    "Startup Cost": 431086.9,
    "Total Cost": 431086.91,
    "Plan Rows": 1,
    "Plan Width": 8,
    "Actual Startup Time": 1911.718,
    "Actual Total Time": 1966.984,
    "Actual Rows": 1,
    "Actual Loops": 1,
    "Plans": [
      {
        "Node Type": "Gather",
        "Parent Relationship": "Outer",
        "Parallel Aware": false,
        "Startup Cost": 431086.79,
        "Total Cost": 431086.9,
        "Plan Rows": 1,
        "Plan Width": 8,
        "Actual Startup Time": 1911.147,
        "Actual Total Time": 1966.976,
        "Actual Rows": 2,
        "Actual Loops": 1,
        "Workers Planned": 1,
        "Workers Launched": 1,
        "Single Copy": false,
        "Plans": [
          {
            "Node Type": "Aggregate",
            "Strategy": "Plain",
            "Partial Mode": "Partial",
            "Parent Relationship": "Outer",
            "Parallel Aware": false,
            "Startup Cost": 430086.79,
            "Total Cost": 430086.8,
            "Plan Rows": 1,
            "Plan Width": 8,
            "Actual Startup Time": 1904.892,
            "Actual Total Time": 1904.897,
            "Actual Rows": 1,
            "Actual Loops": 2,
            "Plans": [
              {
                "Node Type": "Hash Join",
                "Parent Relationship": "Outer",
                "Parallel Aware": true,
                "Join Type": "Inner",
                "Startup Cost": 330803.15,
                "Total Cost": 429989.97,
                "Plan Rows": 38726,
                "Plan Width": 0,
                "Actual Startup Time": 1619.672,
                "Actual Total Time": 1901.691,
                "Actual Rows": 75716,
                "Actual Loops": 2,
                "Inner Unique": false,
                "Hash Cond": "(ci.movie_id = t.id)",
                "Plans": [
                  {
                    "Node Type": "Index Scan",
                    "Parent Relationship": "Outer",
                    "Parallel Aware": true,
                    "Scan Direction": "Forward",
                    "Index Name": "role_id_cast_info",
                    "Relation Name": "cast_info",
                    "Alias": "ci",
                    "Startup Cost": 0.56,
                    "Total Cost": 91565.57,
                    "Plan Rows": 1183044,
                    "Plan Width": 4,
                    "Actual Startup Time": 0.071,
                    "Actual Total Time": 193.328,
                    "Actual Rows": 714246,
                    "Actual Loops": 2,
                    "Index Cond": "(role_id = 4)",
                    "Rows Removed by Index Recheck": 0,
                    "Filter": "(person_id < 2655210)",
                    "Rows Removed by Filter": 650225
                  },
                  {
                    "Node Type": "Hash",
                    "Parent Relationship": "Inner",
                    "Parallel Aware": true,
                    "Startup Cost": 330194.03,
                    "Total Cost": 330194.03,
                    "Plan Rows": 48684,
                    "Plan Width": 8,
                    "Actual Startup Time": 1617.103,
                    "Actual Total Time": 1617.107,
                    "Actual Rows": 68908,
                    "Actual Loops": 2,
                    "Hash Buckets": 262144,
                    "Original Hash Buckets": 131072,
                    "Hash Batches": 1,
                    "Original Hash Batches": 1,
                    "Peak Memory Usage": 8512,
                    "Plans": [
                      {
                        "Node Type": "Hash Join",
                        "Parent Relationship": "Outer",
                        "Parallel Aware": true,
                        "Join Type": "Inner",
                        "Startup Cost": 58410.54,
                        "Total Cost": 330194.03,
                        "Plan Rows": 48684,
                        "Plan Width": 8,
                        "Actual Startup Time": 150.824,
                        "Actual Total Time": 1581.307,
                        "Actual Rows": 68908,
                        "Actual Loops": 2,
                        "Inner Unique": true,
                        "Hash Cond": "(mi.movie_id = t.id)",
                        "Plans": [
                          {
                            "Node Type": "Seq Scan",
                            "Parent Relationship": "Outer",
                            "Parallel Aware": true,
                            "Relation Name": "movie_info",
                            "Alias": "mi",
                            "Startup Cost": 0.0,
                            "Total Cost": 248955.74,
                            "Plan Rows": 8696274,
                            "Plan Width": 4,
                            "Actual Startup Time": 0.01,
                            "Actual Total Time": 711.413,
                            "Actual Rows": 7417860,
                            "Actual Loops": 2
                          },
                          {
                            "Node Type": "Hash",
                            "Parent Relationship": "Inner",
                            "Parallel Aware": true,
                            "Startup Cost": 58306.47,
                            "Total Cost": 58306.47,
                            "Plan Rows": 8326,
                            "Plan Width": 4,
                            "Actual Startup Time": 149.884,
                            "Actual Total Time": 149.885,
                            "Actual Rows": 5943,
                            "Actual Loops": 2,
                            "Hash Buckets": 16384,
                            "Original Hash Buckets": 16384,
                            "Hash Batches": 1,
                            "Original Hash Batches": 1,
                            "Peak Memory Usage": 608,
                            "Plans": [
                              {
                                "Node Type": "Seq Scan",
                                "Parent Relationship": "Outer",
                                "Parallel Aware": true,
                                "Relation Name": "title",
                                "Alias": "t",
                                "Startup Cost": 0.0,
                                "Total Cost": 58306.47,
                                "Plan Rows": 8326,
                                "Plan Width": 4,
                                "Actual Startup Time": 0.256,
                                "Actual Total Time": 147.713,
                                "Actual Rows": 5943,
                                "Actual Loops": 2,
                                "Filter": "((kind_id < 6) AND (production_year = 1996))",
                                "Rows Removed by Filter": 1258213
                              }
                            ]
                          }
                        ]
                      }
                    ]
                  }
                ]
              }
            ]
          }
        ]
      }
    ]
  },
  "Planning Time": 1.119,
  "Triggers": [],
  "Execution Time": 1967.141
}