[
  {
    "Plan": {
      "Node Type": "Aggregate",
      "Strategy": "Plain",
      "Partial Mode": "Finalize",
      "Parallel Aware": false,
      "Startup Cost": 46488.09,
      "Total Cost": 46488.1,
      "Plan Rows": 1,
      "Plan Width": 8,
      "Actual Startup Time": 96.784,
      "Actual Total Time": 109.032,
      "Actual Rows": 1,
      "Actual Loops": 1,
      "Plans": [
        {
          "Node Type": "Gather",
          "Parent Relationship": "Outer",
          "Parallel Aware": false,
          "Startup Cost": 46487.67,
          "Total Cost": 46488.08,
          "Plan Rows": 4,
          "Plan Width": 8,
          "Actual Startup Time": 96.63,
          "Actual Total Time": 109.022,
          "Actual Rows": 5,
          "Actual Loops": 1,
          "Workers Planned": 4,
          "Workers Launched": 4,
          "Single Copy": false,
          "Plans": [
            {
              "Node Type": "Aggregate",
              "Strategy": "Plain",
              "Partial Mode": "Partial",
              "Parent Relationship": "Outer",
              "Parallel Aware": false,
              "Startup Cost": 45487.67,
              "Total Cost": 45487.68,
              "Plan Rows": 1,
              "Plan Width": 8,
              "Actual Startup Time": 88.332,
              "Actual Total Time": 88.333,
              "Actual Rows": 1,
              "Actual Loops": 5,
              "Plans": [
                {
                  "Node Type": "Seq Scan",
                  "Parent Relationship": "Outer",
                  "Parallel Aware": true,
                  "Relation Name": "title",
                  "Alias": "t",
                  "Startup Cost": 0.0,
                  "Total Cost": 45479.1,
                  "Plan Rows": 3427,
                  "Plan Width": 0,
                  "Actual Startup Time": 60.065,
                  "Actual Total Time": 88.147,
                  "Actual Rows": 1748,
                  "Actual Loops": 5,
                  "Filter": "((kind_id = 1) AND (production_year = 2001))",
                  "Rows Removed by Filter": 503914
                }
              ]
            }
          ]
        }
      ]
    },
    "Planning Time": 0.19,
    "Triggers": [],
    "Execution Time": 109.084
  }
]