[
  {
    "Plan": {
      "Node Type": "Aggregate",
      "Strategy": "Plain",
      "Partial Mode": "Finalize",
      "Parallel Aware": false,
      "Startup Cost": 351540.81,
      "Total Cost": 351540.82,
      "Plan Rows": 1,
      "Plan Width": 8,
      "Actual Startup Time": 742.088,
      "Actual Total Time": 784.762,
      "Actual Rows": 1,
      "Actual Loops": 1,
      "Plans": [
        {
          "Node Type": "Gather",
          "Parent Relationship": "Outer",
          "Parallel Aware": false,
          "Startup Cost": 351540.18,
          "Total Cost": 351540.79,
          "Plan Rows": 6,
          "Plan Width": 8,
          "Actual Startup Time": 741.884,
          "Actual Total Time": 784.749,
          "Actual Rows": 7,
          "Actual Loops": 1,
          "Workers Planned": 6,
          "Workers Launched": 6,
          "Single Copy": false,
          "Plans": [
            {
              "Node Type": "Aggregate",
              "Strategy": "Plain",
              "Partial Mode": "Partial",
              "Parent Relationship": "Outer",
              "Parallel Aware": false,
              "Startup Cost": 350540.18,
              "Total Cost": 350540.19,
              "Plan Rows": 1,
              "Plan Width": 8,
              "Actual Startup Time": 733.701,
              "Actual Total Time": 733.702,
              "Actual Rows": 1,
              "Actual Loops": 7,
              "Plans": [
                {
                  "Node Type": "Seq Scan",
                  "Parent Relationship": "Outer",
                  "Parallel Aware": true,
                  "Relation Name": "cast_info",
                  "Alias": "ci",
                  "Startup Cost": 0.0,
                  "Total Cost": 343316.27,
                  "Plan Rows": 2889565,
                  "Plan Width": 0,
                  "Actual Startup Time": 220.916,
                  "Actual Total Time": 642.865,
                  "Actual Rows": 2013799,
                  "Actual Loops": 7,
                  "Filter": "((person_id < 2758231) AND (role_id > 1))",
                  "Rows Removed by Filter": 3163964
                }
              ]
            }
          ]
        }
      ]
    },
    "Planning Time": 0.119,
    "Triggers": [],
    "Execution Time": 784.809
  }
]