{
  "Plan": {
    "Node Type": "Aggregate",
    "Strategy": "Plain",
    "Partial Mode": "Finalize",
    "Parallel Aware": false,
    "Startup Cost": 48478.87,
    "Total Cost": 48478.88,
    "Plan Rows": 1,
    "Plan Width": 8,
    "Actual Startup Time": 46.775,
    "Actual Total Time": 53.354,
    "Actual Rows": 1,
    "Actual Loops": 1,
    "Plans": [
      {
        "Node Type": "Gather",
        "Parent Relationship": "Outer",
        "Parallel Aware": false,
        "Startup Cost": 48478.76,
        "Total Cost": 48478.87,
        "Plan Rows": 1,
        "Plan Width": 8,
        "Actual Startup Time": 46.656,
        "Actual Total Time": 53.349,
        "Actual Rows": 2,
        "Actual Loops": 1,
        "Workers Planned": 1,
        "Workers Launched": 1,
        "Single Copy": false,
        "Plans": [
          {
            "Node Type": "Aggregate",
            "Strategy": "Plain",
            "Partial Mode": "Partial",
            "Parent Relationship": "Outer",
            "Parallel Aware": false,
            "Startup Cost": 47478.76,
            "Total Cost": 47478.77,
            "Plan Rows": 1,
            "Plan Width": 8,
            "Actual Startup Time": 40.685,
            "Actual Total Time": 40.686,
            "Actual Rows": 1,
            "Actual Loops": 2,
            "Plans": [
              {
                "Node Type": "Nested Loop",
                "Parent Relationship": "Outer",
                "Parallel Aware": false,
                "Join Type": "Inner",
                "Startup Cost": 164.47,
                "Total Cost": 47478.48,
                "Plan Rows": 112,
                "Plan Width": 0,
                "Actual Startup Time": 6.074,
                "Actual Total Time": 40.649,
                "Actual Rows": 126,
                "Actual Loops": 2,
                "Inner Unique": true,
                "Plans": [
                  {
                    "Node Type": "Bitmap Heap Scan",
                    "Parent Relationship": "Outer",
                    "Parallel Aware": true,
                    "Relation Name": "movie_keyword",
                    "Alias": "mk",
                    "Startup Cost": 164.04,
                    "Total Cost": 16410.49,
                    "Plan Rows": 4524,
                    "Plan Width": 4,
                    "Actual Startup Time": 3.595,
                    "Actual Total Time": 13.738,
                    "Actual Rows": 3280,
                    "Actual Loops": 2,
                    "Recheck Cond": "(keyword_id = 12015)",
                    "Rows Removed by Index Recheck": 0,
                    "Exact Heap Blocks": 3673,
                    "Lossy Heap Blocks": 0,
                    "Plans": [
                      {
                        "Node Type": "Bitmap Index Scan",
                        "Parent Relationship": "Outer",
                        "Parallel Aware": false,
                        "Index Name": "keyword_id_movie_keyword",
                        "Startup Cost": 0.0,
                        "Total Cost": 162.12,
                        "Plan Rows": 7691,
                        "Plan Width": 0,
                        "Actual Startup Time": 4.696,
                        "Actual Total Time": 4.697,
                        "Actual Rows": 6560,
                        "Actual Loops": 1,
                        "Index Cond": "(keyword_id = 12015)"
                      }
                    ]
                  },
                  {
                    "Node Type": "Index Scan",
                    "Parent Relationship": "Inner",
                    "Parallel Aware": false,
                    "Scan Direction": "Forward",
                    "Index Name": "title_pkey",
                    "Relation Name": "title",
                    "Alias": "t",
                    "Startup Cost": 0.43,
                    "Total Cost": 6.87,
                    "Plan Rows": 1,
                    "Plan Width": 4,
                    "Actual Startup Time": 0.008,
                    "Actual Total Time": 0.008,
                    "Actual Rows": 0,
                    "Actual Loops": 6560,
                    "Index Cond": "(id = mk.movie_id)",
                    "Rows Removed by Index Recheck": 0,
                    "Filter": "(production_year = 2002)",
                    "Rows Removed by Filter": 1
                  }
                ]
              }
            ]
          }
        ]
      }
    ]
  },
  "Planning Time": 0.463,
  "Triggers": [],
  "Execution Time": 53.447
}