[
  {
    "Plan": {
      "Node Type": "Aggregate",
      "Strategy": "Plain",
      "Partial Mode": "Finalize",
      "Parallel Aware": false,
      "Startup Cost": 74083.63,
      "Total Cost": 74083.64,
      "Plan Rows": 1,
      "Plan Width": 8,
      "Actual Startup Time": 163.709,
      "Actual Total Time": 188.395,
      "Actual Rows": 1,
      "Actual Loops": 1,
      "Plans": [
        {
          "Node Type": "Gather",
          "Parent Relationship": "Outer",
          "Parallel Aware": false,
          "Startup Cost": 74083.21,
          "Total Cost": 74083.62,
          "Plan Rows": 4,
          "Plan Width": 8,
          "Actual Startup Time": 163.577,
          "Actual Total Time": 188.386,
          "Actual Rows": 5,
          "Actual Loops": 1,
          "Workers Planned": 4,
          "Workers Launched": 4,
          "Single Copy": false,
          "Plans": [
            {
              "Node Type": "Aggregate",
              "Strategy": "Plain",
              "Partial Mode": "Partial",
              "Parent Relationship": "Outer",
              "Parallel Aware": false,
              "Startup Cost": 73083.21,
              "Total Cost": 73083.22,
              "Plan Rows": 1,
              "Plan Width": 8,
              "Actual Startup Time": 153.401,
              "Actual Total Time": 153.403,
              "Actual Rows": 1,
              "Actual Loops": 5,
              "Plans": [
                {
                  "Node Type": "Nested Loop",
                  "Parent Relationship": "Outer",
                  "Parallel Aware": false,
                  "Join Type": "Inner",
                  "Startup Cost": 0.86,
                  "Total Cost": 73063.78,
                  "Plan Rows": 7771,
                  "Plan Width": 0,
                  "Actual Startup Time": 1.848,
                  "Actual Total Time": 151.274,
                  "Actual Rows": 38993,
                  "Actual Loops": 5,
                  "Inner Unique": false,
                  "Join Filter": "(t.id = mi.movie_id)",
                  "Rows Removed by Join Filter": 0,
                  "Plans": [
                    {
                      "Node Type": "Nested Loop",
                      "Parent Relationship": "Outer",
                      "Parallel Aware": false,
                      "Join Type": "Inner",
                      "Startup Cost": 0.43,
                      "Total Cost": 69943.58,
                      "Plan Rows": 1329,
                      "Plan Width": 8,
                      "Actual Startup Time": 1.663,
                      "Actual Total Time": 94.106,
                      "Actual Rows": 1928,
                      "Actual Loops": 5,
                      "Inner Unique": false,
                      "Plans": [
                        {
                          "Node Type": "Seq Scan",
                          "Parent Relationship": "Outer",
                          "Parallel Aware": true,
                          "Relation Name": "title",
                          "Alias": "t",
                          "Startup Cost": 0.0,
                          "Total Cost": 45479.1,
                          "Plan Rows": 2536,
                          "Plan Width": 4,
                          "Actual Startup Time": 0.85,
                          "Actual Total Time": 73.168,
                          "Actual Rows": 2106,
                          "Actual Loops": 5,
                          "Filter": "((kind_id < 7) AND (production_year = 1993))",
                          "Rows Removed by Filter": 503557
                        },
                        {
                          "Node Type": "Index Scan",
                          "Parent Relationship": "Inner",
                          "Parallel Aware": false,
                          "Scan Direction": "Forward",
                          "Index Name": "movie_id_movie_companies",
                          "Relation Name": "movie_companies",
                          "Alias": "mc",
                          "Startup Cost": 0.43,
                          "Total Cost": 9.62,
                          "Plan Rows": 3,
                          "Plan Width": 4,
                          "Actual Startup Time": 0.009,
                          "Actual Total Time": 0.009,
                          "Actual Rows": 1,
                          "Actual Loops": 10528,
                          "Index Cond": "(movie_id = t.id)",
                          "Rows Removed by Index Recheck": 0,
                          "Filter": "(company_type_id = 2)",
                          "Rows Removed by Filter": 1
                        }
                      ]
                    },
                    {
                      "Node Type": "Index Only Scan",
                      "Parent Relationship": "Inner",
                      "Parallel Aware": false,
                      "Scan Direction": "Forward",
                      "Index Name": "movie_id_movie_info",
                      "Relation Name": "movie_info",
                      "Alias": "mi",
                      "Startup Cost": 0.43,
                      "Total Cost": 1.82,
                      "Plan Rows": 42,
                      "Plan Width": 4,
                      "Actual Startup Time": 0.009,
                      "Actual Total Time": 0.027,
                      "Actual Rows": 20,
                      "Actual Loops": 9642,
                      "Index Cond": "(movie_id = mc.movie_id)",
                      "Rows Removed by Index Recheck": 0,
                      "Heap Fetches": 194967
                    }
                  ]
                }
              ]
            }
          ]
        }
      ]
    },
    "Planning Time": 1.462,
    "Triggers": [],
    "Execution Time": 188.489
  }
]