{
  "Plan": {
    "Node Type": "Aggregate",
    "Strategy": "Plain",
    "Partial Mode": "Finalize",
    "Parallel Aware": false,
    "Startup Cost": 114424.08,
    "Total Cost": 114424.09,
    "Plan Rows": 1,
    "Plan Width": 8,
    "Actual Startup Time": 511.013,
    "Actual Total Time": 526.466,
    "Actual Rows": 1,
    "Actual Loops": 1,
    "Plans": [
      {
        "Node Type": "Gather",
        "Parent Relationship": "Outer",
        "Parallel Aware": false,
        "Startup Cost": 114423.97,
        "Total Cost": 114424.08,
        "Plan Rows": 1,
        "Plan Width": 8,
        "Actual Startup Time": 509.348,
        "Actual Total Time": 526.457,
        "Actual Rows": 2,
        "Actual Loops": 1,
        "Workers Planned": 1,
        "Workers Launched": 1,
        "Single Copy": false,
        "Plans": [
          {
            "Node Type": "Aggregate",
            "Strategy": "Plain",
            "Partial Mode": "Partial",
            "Parent Relationship": "Outer",
            "Parallel Aware": false,
            "Startup Cost": 113423.97,
            "Total Cost": 113423.98,
            "Plan Rows": 1,
            "Plan Width": 8,
            "Actual Startup Time": 502.867,
            "Actual Total Time": 503.187,
            "Actual Rows": 1,
            "Actual Loops": 2,
            "Plans": [
              {
                "Node Type": "Hash Join",
                "Parent Relationship": "Outer",
                "Parallel Aware": true,
                "Join Type": "Inner",
                "Startup Cost": 94254.5,
                "Total Cost": 113402.86,
                "Plan Rows": 8446,
                "Plan Width": 0,
                "Actual Startup Time": 412.753,
                "Actual Total Time": 501.329,
                "Actual Rows": 46192,
                "Actual Loops": 2,
                "Inner Unique": false,
                "Hash Cond": "(mi_idx.movie_id = t.id)",
                "Plans": [
                  {
                    "Node Type": "Seq Scan",
                    "Parent Relationship": "Outer",
                    "Parallel Aware": true,
                    "Relation Name": "movie_info_idx",
                    "Alias": "mi_idx",
                    "Startup Cost": 0.0,
                    "Total Cost": 18082.32,
                    "Plan Rows": 271028,
                    "Plan Width": 4,
                    "Actual Startup Time": 0.027,
                    "Actual Total Time": 51.233,
                    "Actual Rows": 229962,
                    "Actual Loops": 2,
                    "Filter": "(info_type_id = 101)",
                    "Rows Removed by Filter": 460055
                  },
                  {
                    "Node Type": "Hash",
                    "Parent Relationship": "Inner",
                    "Parallel Aware": true,
                    "Startup Cost": 93675.2,
                    "Total Cost": 93675.2,
                    "Plan Rows": 46344,
                    "Plan Width": 8,
                    "Actual Startup Time": 410.394,
                    "Actual Total Time": 410.713,
                    "Actual Rows": 64184,
                    "Actual Loops": 2,
                    "Hash Buckets": 131072,
                    "Original Hash Buckets": 131072,
                    "Hash Batches": 1,
                    "Original Hash Batches": 1,
                    "Peak Memory Usage": 6080,
                    "Plans": [
                      {
                        "Node Type": "Hash Join",
                        "Parent Relationship": "Outer",
                        "Parallel Aware": true,
                        "Join Type": "Inner",
                        "Startup Cost": 66152.13,
                        "Total Cost": 93675.2,
                        "Plan Rows": 46344,
                        "Plan Width": 8,
                        "Actual Startup Time": 281.545,
                        "Actual Total Time": 395.765,
                        "Actual Rows": 64184,
                        "Actual Loops": 2,
                        "Inner Unique": true,
                        "Hash Cond": "(mk.movie_id = t.id)",
                        "Plans": [
                          {
                            "Node Type": "Bitmap Heap Scan",
                            "Parent Relationship": "Outer",
                            "Parallel Aware": true,
                            "Relation Name": "movie_keyword",
                            "Alias": "mk",
                            "Startup Cost": 7317.83,
                            "Total Cost": 34308.25,
                            "Plan Rows": 202914,
                            "Plan Width": 4,
                            "Actual Startup Time": 24.027,
                            "Actual Total Time": 90.658,
                            "Actual Rows": 181846,
                            "Actual Loops": 2,
                            "Recheck Cond": "(keyword_id < 335)",
                            "Rows Removed by Index Recheck": 0,
                            "Exact Heap Blocks": 13467,
                            "Lossy Heap Blocks": 0,
                            "Plans": [
                              {
                                "Node Type": "Bitmap Index Scan",
                                "Parent Relationship": "Outer",
                                "Parallel Aware": false,
                                "Index Name": "keyword_id_movie_keyword",
                                "Startup Cost": 0.0,
                                "Total Cost": 7231.59,
                                "Plan Rows": 344954,
                                "Plan Width": 0,
                                "Actual Startup Time": 20.434,
                                "Actual Total Time": 20.434,
                                "Actual Rows": 363692,
                                "Actual Loops": 1,
                                "Index Cond": "(keyword_id < 335)"
                              }
                            ]
                          },
                          {
                            "Node Type": "Hash",
                            "Parent Relationship": "Inner",
                            "Parallel Aware": true,
                            "Startup Cost": 54588.39,
                            "Total Cost": 54588.39,
                            "Plan Rows": 339673,
                            "Plan Width": 4,
                            "Actual Startup Time": 249.917,
                            "Actual Total Time": 249.918,
                            "Actual Rows": 292510,
                            "Actual Loops": 2,
                            "Hash Buckets": 1048576,
                            "Original Hash Buckets": 1048576,
                            "Hash Batches": 1,
                            "Original Hash Batches": 1,
                            "Peak Memory Usage": 31104,
                            "Plans": [
                              {
                                "Node Type": "Seq Scan",
                                "Parent Relationship": "Outer",
                                "Parallel Aware": true,
                                "Relation Name": "title",
                                "Alias": "t",
                                "Startup Cost": 0.0,
                                "Total Cost": 54588.39,
                                "Plan Rows": 339673,
                                "Plan Width": 4,
                                "Actual Startup Time": 0.032,
                                "Actual Total Time": 154.653,
                                "Actual Rows": 292510,
                                "Actual Loops": 2,
                                "Filter": "(production_year < 1985)",
                                "Rows Removed by Filter": 971646
                              }
                            ]
                          }
                        ]
                      }
                    ]
                  }
                ]
              }
            ]
          }
        ]
      }
    ]
  },
  "Planning Time": 0.78,
  "Triggers": [],
  "Execution Time": 526.56
}