[
    {
        "Bao": {
            "Bao prediction": 1254.428,
            "Bao recommended hint": "SET enable_mergejoin TO off; "
        }
    },
    {
        "Plan": {
            "Node Type": "Aggregate",
            "Strategy": "Plain",
            "Partial Mode": "Finalize",
            "Parallel Aware": false,
            "Startup Cost": 450223.05,
            "Total Cost": 450223.06,
            "Plan Rows": 1,
            "Plan Width": 8,
            "Actual Startup Time": 2360.756,
            "Actual Total Time": 2393.435,
            "Actual Rows": 1,
            "Actual Loops": 1,
            "Output": [
                "count(*)"
            ],
            "Plans": [
                {
                    "Node Type": "Gather",
                    "Parent Relationship": "Outer",
                    "Parallel Aware": false,
                    "Startup Cost": 450222.43,
                    "Total Cost": 450223.04,
                    "Plan Rows": 6,
                    "Plan Width": 8,
                    "Actual Startup Time": 2338.51,
                    "Actual Total Time": 2393.425,
                    "Actual Rows": 7,
                    "Actual Loops": 1,
                    "Output": [
                        "(PARTIAL count(*))"
                    ],
                    "Workers Planned": 6,
                    "Workers Launched": 6,
                    "Single Copy": false,
                    "Plans": [
                        {
                            "Node Type": "Aggregate",
                            "Strategy": "Plain",
                            "Partial Mode": "Partial",
                            "Parent Relationship": "Outer",
                            "Parallel Aware": false,
                            "Startup Cost": 449222.43,
                            "Total Cost": 449222.44,
                            "Plan Rows": 1,
                            "Plan Width": 8,
                            "Actual Startup Time": 2322.54,
                            "Actual Total Time": 2322.545,
                            "Actual Rows": 1,
                            "Actual Loops": 7,
                            "Output": [
                                "PARTIAL count(*)"
                            ],
                            "Workers": [
                                {
                                    "Worker Number": 0,
                                    "Actual Startup Time": 2319.943,
                                    "Actual Total Time": 2319.948,
                                    "Actual Rows": 1,
                                    "Actual Loops": 1
                                },
                                {
                                    "Worker Number": 1,
                                    "Actual Startup Time": 2320.009,
                                    "Actual Total Time": 2320.012,
                                    "Actual Rows": 1,
                                    "Actual Loops": 1
                                },
                                {
                                    "Worker Number": 2,
                                    "Actual Startup Time": 2320.029,
                                    "Actual Total Time": 2320.032,
                                    "Actual Rows": 1,
                                    "Actual Loops": 1
                                },
                                {
                                    "Worker Number": 3,
                                    "Actual Startup Time": 2320.053,
                                    "Actual Total Time": 2320.058,
                                    "Actual Rows": 1,
                                    "Actual Loops": 1
                                },
                                {
                                    "Worker Number": 4,
                                    "Actual Startup Time": 2320.103,
                                    "Actual Total Time": 2320.107,
                                    "Actual Rows": 1,
                                    "Actual Loops": 1
                                },
                                {
                                    "Worker Number": 5,
                                    "Actual Startup Time": 2320.093,
                                    "Actual Total Time": 2320.098,
                                    "Actual Rows": 1,
                                    "Actual Loops": 1
                                }
                            ],
                            "Plans": [
                                {
                                    "Node Type": "Hash Join",
                                    "Parent Relationship": "Outer",
                                    "Parallel Aware": true,
                                    "Join Type": "Inner",
                                    "Startup Cost": 101047.81,
                                    "Total Cost": 444850.42,
                                    "Plan Rows": 1748804,
                                    "Plan Width": 0,
                                    "Actual Startup Time": 682.114,
                                    "Actual Total Time": 2063.031,
                                    "Actual Rows": 4863819,
                                    "Actual Loops": 7,
                                    "Inner Unique": false,
                                    "Hash Cond": "(ci.movie_id = t.id)",
                                    "Workers": [
                                        {
                                            "Worker Number": 0,
                                            "Actual Startup Time": 679.609,
                                            "Actual Total Time": 2060.121,
                                            "Actual Rows": 4715185,
                                            "Actual Loops": 1
                                        },
                                        {
                                            "Worker Number": 1,
                                            "Actual Startup Time": 679.85,
                                            "Actual Total Time": 2056.858,
                                            "Actual Rows": 4708989,
                                            "Actual Loops": 1
                                        },
                                        {
                                            "Worker Number": 2,
                                            "Actual Startup Time": 679.976,
                                            "Actual Total Time": 2059.231,
                                            "Actual Rows": 4679050,
                                            "Actual Loops": 1
                                        },
                                        {
                                            "Worker Number": 3,
                                            "Actual Startup Time": 679.772,
                                            "Actual Total Time": 2058.69,
                                            "Actual Rows": 4365118,
                                            "Actual Loops": 1
                                        },
                                        {
                                            "Worker Number": 4,
                                            "Actual Startup Time": 679.898,
                                            "Actual Total Time": 2069.214,
                                            "Actual Rows": 5564865,
                                            "Actual Loops": 1
                                        },
                                        {
                                            "Worker Number": 5,
                                            "Actual Startup Time": 679.792,
                                            "Actual Total Time": 2054.975,
                                            "Actual Rows": 4202496,
                                            "Actual Loops": 1
                                        }
                                    ],
                                    "Plans": [
                                        {
                                            "Node Type": "Seq Scan",
                                            "Parent Relationship": "Outer",
                                            "Parallel Aware": true,
                                            "Relation Name": "cast_info",
                                            "Schema": "public",
                                            "Alias": "ci",
                                            "Startup Cost": 0.0,
                                            "Total Cost": 328213.62,
                                            "Plan Rows": 2652718,
                                            "Plan Width": 4,
                                            "Actual Startup Time": 206.206,
                                            "Actual Total Time": 591.635,
                                            "Actual Rows": 2283956,
                                            "Actual Loops": 7,
                                            "Output": [
                                                "ci.id",
                                                "ci.person_id",
                                                "ci.movie_id",
                                                "ci.person_role_id",
                                                "ci.note",
                                                "ci.nr_order",
                                                "ci.role_id"
                                            ],
                                            "Filter": "(ci.person_id > 2035500)",
                                            "Rows Removed by Filter": 2893808,
                                            "Workers": [
                                                {
                                                    "Worker Number": 0,
                                                    "Actual Startup Time": 206.216,
                                                    "Actual Total Time": 601.51,
                                                    "Actual Rows": 2148185,
                                                    "Actual Loops": 1
                                                },
                                                {
                                                    "Worker Number": 1,
                                                    "Actual Startup Time": 206.211,
                                                    "Actual Total Time": 599.444,
                                                    "Actual Rows": 2120362,
                                                    "Actual Loops": 1
                                                },
                                                {
                                                    "Worker Number": 2,
                                                    "Actual Startup Time": 206.207,
                                                    "Actual Total Time": 609.696,
                                                    "Actual Rows": 2118766,
                                                    "Actual Loops": 1
                                                },
                                                {
                                                    "Worker Number": 3,
                                                    "Actual Startup Time": 206.139,
                                                    "Actual Total Time": 602.068,
                                                    "Actual Rows": 2071768,
                                                    "Actual Loops": 1
                                                },
                                                {
                                                    "Worker Number": 4,
                                                    "Actual Startup Time": 206.24,
                                                    "Actual Total Time": 585.365,
                                                    "Actual Rows": 2686766,
                                                    "Actual Loops": 1
                                                },
                                                {
                                                    "Worker Number": 5,
                                                    "Actual Startup Time": 206.21,
                                                    "Actual Total Time": 604.386,
                                                    "Actual Rows": 2042770,
                                                    "Actual Loops": 1
                                                }
                                            ]
                                        },
                                        {
                                            "Node Type": "Hash",
                                            "Parent Relationship": "Inner",
                                            "Parallel Aware": true,
                                            "Startup Cost": 94326.86,
                                            "Total Cost": 94326.86,
                                            "Plan Rows": 537676,
                                            "Plan Width": 8,
                                            "Actual Startup Time": 470.815,
                                            "Actual Total Time": 470.819,
                                            "Actual Rows": 235067,
                                            "Actual Loops": 7,
                                            "Output": [
                                                "t.id",
                                                "mk.movie_id"
                                            ],
                                            "Hash Buckets": 2097152,
                                            "Original Hash Buckets": 2097152,
                                            "Hash Batches": 1,
                                            "Original Hash Batches": 1,
                                            "Peak Memory Usage": 80864,
                                            "Workers": [
                                                {
                                                    "Worker Number": 0,
                                                    "Actual Startup Time": 472.715,
                                                    "Actual Total Time": 472.719,
                                                    "Actual Rows": 209667,
                                                    "Actual Loops": 1
                                                },
                                                {
                                                    "Worker Number": 1,
                                                    "Actual Startup Time": 472.731,
                                                    "Actual Total Time": 472.734,
                                                    "Actual Rows": 209619,
                                                    "Actual Loops": 1
                                                },
                                                {
                                                    "Worker Number": 2,
                                                    "Actual Startup Time": 472.793,
                                                    "Actual Total Time": 472.796,
                                                    "Actual Rows": 210994,
                                                    "Actual Loops": 1
                                                },
                                                {
                                                    "Worker Number": 3,
                                                    "Actual Startup Time": 472.73,
                                                    "Actual Total Time": 472.733,
                                                    "Actual Rows": 208291,
                                                    "Actual Loops": 1
                                                },
                                                {
                                                    "Worker Number": 4,
                                                    "Actual Startup Time": 472.779,
                                                    "Actual Total Time": 472.782,
                                                    "Actual Rows": 287702,
                                                    "Actual Loops": 1
                                                },
                                                {
                                                    "Worker Number": 5,
                                                    "Actual Startup Time": 472.871,
                                                    "Actual Total Time": 472.874,
                                                    "Actual Rows": 210654,
                                                    "Actual Loops": 1
                                                }
                                            ],
                                            "Plans": [
                                                {
                                                    "Node Type": "Hash Join",
                                                    "Parent Relationship": "Outer",
                                                    "Parallel Aware": true,
                                                    "Join Type": "Inner",
                                                    "Startup Cost": 50219.81,
                                                    "Total Cost": 94326.86,
                                                    "Plan Rows": 537676,
                                                    "Plan Width": 8,
                                                    "Actual Startup Time": 243.018,
                                                    "Actual Total Time": 385.131,
                                                    "Actual Rows": 235067,
                                                    "Actual Loops": 7,
                                                    "Output": [
                                                        "t.id",
                                                        "mk.movie_id"
                                                    ],
                                                    "Inner Unique": true,
                                                    "Hash Cond": "(mk.movie_id = t.id)",
                                                    "Workers": [
                                                        {
                                                            "Worker Number": 0,
                                                            "Actual Startup Time": 243.033,
                                                            "Actual Total Time": 385.269,
                                                            "Actual Rows": 209667,
                                                            "Actual Loops": 1
                                                        },
                                                        {
                                                            "Worker Number": 1,
                                                            "Actual Startup Time": 243.03,
                                                            "Actual Total Time": 385.107,
                                                            "Actual Rows": 209619,
                                                            "Actual Loops": 1
                                                        },
                                                        {
                                                            "Worker Number": 2,
                                                            "Actual Startup Time": 243.008,
                                                            "Actual Total Time": 385.703,
                                                            "Actual Rows": 210994,
                                                            "Actual Loops": 1
                                                        },
                                                        {
                                                            "Worker Number": 3,
                                                            "Actual Startup Time": 243.012,
                                                            "Actual Total Time": 386.954,
                                                            "Actual Rows": 208291,
                                                            "Actual Loops": 1
                                                        },
                                                        {
                                                            "Worker Number": 4,
                                                            "Actual Startup Time": 242.975,
                                                            "Actual Total Time": 384.527,
                                                            "Actual Rows": 287702,
                                                            "Actual Loops": 1
                                                        },
                                                        {
                                                            "Worker Number": 5,
                                                            "Actual Startup Time": 242.986,
                                                            "Actual Total Time": 385.313,
                                                            "Actual Rows": 210654,
                                                            "Actual Loops": 1
                                                        }
                                                    ],
                                                    "Plans": [
                                                        {
                                                            "Node Type": "Seq Scan",
                                                            "Parent Relationship": "Outer",
                                                            "Parallel Aware": true,
                                                            "Relation Name": "movie_keyword",
                                                            "Schema": "public",
                                                            "Alias": "mk",
                                                            "Startup Cost": 0.0,
                                                            "Total Cost": 42695.65,
                                                            "Plan Rows": 537676,
                                                            "Plan Width": 4,
                                                            "Actual Startup Time": 0.359,
                                                            "Actual Total Time": 79.064,
                                                            "Actual Rows": 235067,
                                                            "Actual Loops": 7,
                                                            "Output": [
                                                                "mk.id",
                                                                "mk.movie_id",
                                                                "mk.keyword_id"
                                                            ],
                                                            "Filter": "(mk.keyword_id > 8937)",
                                                            "Rows Removed by Filter": 411209,
                                                            "Workers": [
                                                                {
                                                                    "Worker Number": 0,
                                                                    "Actual Startup Time": 0.414,
                                                                    "Actual Total Time": 80.139,
                                                                    "Actual Rows": 209667,
                                                                    "Actual Loops": 1
                                                                },
                                                                {
                                                                    "Worker Number": 1,
                                                                    "Actual Startup Time": 0.237,
                                                                    "Actual Total Time": 80.379,
                                                                    "Actual Rows": 209619,
                                                                    "Actual Loops": 1
                                                                },
                                                                {
                                                                    "Worker Number": 2,
                                                                    "Actual Startup Time": 0.409,
                                                                    "Actual Total Time": 80.863,
                                                                    "Actual Rows": 210994,
                                                                    "Actual Loops": 1
                                                                },
                                                                {
                                                                    "Worker Number": 3,
                                                                    "Actual Startup Time": 0.402,
                                                                    "Actual Total Time": 80.504,
                                                                    "Actual Rows": 208291,
                                                                    "Actual Loops": 1
                                                                },
                                                                {
                                                                    "Worker Number": 4,
                                                                    "Actual Startup Time": 0.4,
                                                                    "Actual Total Time": 78.701,
                                                                    "Actual Rows": 287702,
                                                                    "Actual Loops": 1
                                                                },
                                                                {
                                                                    "Worker Number": 5,
                                                                    "Actual Startup Time": 0.253,
                                                                    "Actual Total Time": 80.464,
                                                                    "Actual Rows": 210654,
                                                                    "Actual Loops": 1
                                                                }
                                                            ]
                                                        },
                                                        {
                                                            "Node Type": "Hash",
                                                            "Parent Relationship": "Inner",
                                                            "Parallel Aware": true,
                                                            "Startup Cost": 42318.81,
                                                            "Total Cost": 42318.81,
                                                            "Plan Rows": 632080,
                                                            "Plan Width": 4,
                                                            "Actual Startup Time": 238.774,
                                                            "Actual Total Time": 238.775,
                                                            "Actual Rows": 361187,
                                                            "Actual Loops": 7,
                                                            "Output": [
                                                                "t.id"
                                                            ],
                                                            "Hash Buckets": 4194304,
                                                            "Original Hash Buckets": 4194304,
                                                            "Hash Batches": 1,
                                                            "Original Hash Batches": 1,
                                                            "Peak Memory Usage": 131808,
                                                            "Workers": [
                                                                {
                                                                    "Worker Number": 0,
                                                                    "Actual Startup Time": 242.541,
                                                                    "Actual Total Time": 242.543,
                                                                    "Actual Rows": 315385,
                                                                    "Actual Loops": 1
                                                                },
                                                                {
                                                                    "Worker Number": 1,
                                                                    "Actual Startup Time": 242.524,
                                                                    "Actual Total Time": 242.525,
                                                                    "Actual Rows": 321861,
                                                                    "Actual Loops": 1
                                                                },
                                                                {
                                                                    "Worker Number": 2,
                                                                    "Actual Startup Time": 242.476,
                                                                    "Actual Total Time": 242.478,
                                                                    "Actual Rows": 319157,
                                                                    "Actual Loops": 1
                                                                },
                                                                {
                                                                    "Worker Number": 3,
                                                                    "Actual Startup Time": 242.5,
                                                                    "Actual Total Time": 242.501,
                                                                    "Actual Rows": 314752,
                                                                    "Actual Loops": 1
                                                                },
                                                                {
                                                                    "Worker Number": 4,
                                                                    "Actual Startup Time": 242.494,
                                                                    "Actual Total Time": 242.496,
                                                                    "Actual Rows": 403484,
                                                                    "Actual Loops": 1
                                                                },
                                                                {
                                                                    "Worker Number": 5,
                                                                    "Actual Startup Time": 242.482,
                                                                    "Actual Total Time": 242.483,
                                                                    "Actual Rows": 319507,
                                                                    "Actual Loops": 1
                                                                }
                                                            ],
                                                            "Plans": [
                                                                {
                                                                    "Node Type": "Seq Scan",
                                                                    "Parent Relationship": "Outer",
                                                                    "Parallel Aware": true,
                                                                    "Relation Name": "title",
                                                                    "Schema": "public",
                                                                    "Alias": "t",
                                                                    "Startup Cost": 0.0,
                                                                    "Total Cost": 42318.81,
                                                                    "Plan Rows": 632080,
                                                                    "Plan Width": 4,
                                                                    "Actual Startup Time": 0.044,
                                                                    "Actual Total Time": 71.599,
                                                                    "Actual Rows": 361187,
                                                                    "Actual Loops": 7,
                                                                    "Output": [
                                                                        "t.id"
                                                                    ],
                                                                    "Workers": [
                                                                        {
                                                                            "Worker Number": 0,
                                                                            "Actual Startup Time": 0.062,
                                                                            "Actual Total Time": 74.668,
                                                                            "Actual Rows": 315385,
                                                                            "Actual Loops": 1
                                                                        },
                                                                        {
                                                                            "Worker Number": 1,
                                                                            "Actual Startup Time": 0.06,
                                                                            "Actual Total Time": 74.388,
                                                                            "Actual Rows": 321861,
                                                                            "Actual Loops": 1
                                                                        },
                                                                        {
                                                                            "Worker Number": 2,
                                                                            "Actual Startup Time": 0.054,
                                                                            "Actual Total Time": 74.415,
                                                                            "Actual Rows": 319157,
                                                                            "Actual Loops": 1
                                                                        },
                                                                        {
                                                                            "Worker Number": 3,
                                                                            "Actual Startup Time": 0.058,
                                                                            "Actual Total Time": 74.207,
                                                                            "Actual Rows": 314752,
                                                                            "Actual Loops": 1
                                                                        },
                                                                        {
                                                                            "Worker Number": 4,
                                                                            "Actual Startup Time": 0.024,
                                                                            "Actual Total Time": 70.324,
                                                                            "Actual Rows": 403484,
                                                                            "Actual Loops": 1
                                                                        },
                                                                        {
                                                                            "Worker Number": 5,
                                                                            "Actual Startup Time": 0.041,
                                                                            "Actual Total Time": 74.315,
                                                                            "Actual Rows": 319507,
                                                                            "Actual Loops": 1
                                                                        }
                                                                    ]
                                                                }
                                                            ]
                                                        }
                                                    ]
                                                }
                                            ]
                                        }
                                    ]
                                }
                            ]
                        }
                    ]
                }
            ]
        },
        "Planning Time": 285.712,
        "Triggers": [],
        "Execution Time": 2393.546
    }
]