[
    {
        "Bao": {
            "Bao prediction": "NaN",
            "Bao recommended hint": "(no hint)"
        }
    },
    {
        "Plan": {
            "Node Type": "Aggregate",
            "Strategy": "Plain",
            "Partial Mode": "Finalize",
            "Parallel Aware": false,
            "Startup Cost": 33117.44,
            "Total Cost": 33117.45,
            "Plan Rows": 1,
            "Plan Width": 8,
            "Actual Startup Time": 95.412,
            "Actual Total Time": 101.32,
            "Actual Rows": 1,
            "Actual Loops": 1,
            "Output": [
                "count(*)"
            ],
            "Plans": [
                {
                    "Node Type": "Gather",
                    "Parent Relationship": "Outer",
                    "Parallel Aware": false,
                    "Startup Cost": 33117.12,
                    "Total Cost": 33117.43,
                    "Plan Rows": 3,
                    "Plan Width": 8,
                    "Actual Startup Time": 95.348,
                    "Actual Total Time": 101.313,
                    "Actual Rows": 4,
                    "Actual Loops": 1,
                    "Output": [
                        "(PARTIAL count(*))"
                    ],
                    "Workers Planned": 3,
                    "Workers Launched": 3,
                    "Single Copy": false,
                    "Plans": [
                        {
                            "Node Type": "Aggregate",
                            "Strategy": "Plain",
                            "Partial Mode": "Partial",
                            "Parent Relationship": "Outer",
                            "Parallel Aware": false,
                            "Startup Cost": 32117.12,
                            "Total Cost": 32117.13,
                            "Plan Rows": 1,
                            "Plan Width": 8,
                            "Actual Startup Time": 87.164,
                            "Actual Total Time": 87.165,
                            "Actual Rows": 1,
                            "Actual Loops": 4,
                            "Output": [
                                "PARTIAL count(*)"
                            ],
                            "Workers": [
                                {
                                    "Worker Number": 0,
                                    "Actual Startup Time": 84.292,
                                    "Actual Total Time": 84.293,
                                    "Actual Rows": 1,
                                    "Actual Loops": 1
                                },
                                {
                                    "Worker Number": 1,
                                    "Actual Startup Time": 84.559,
                                    "Actual Total Time": 84.56,
                                    "Actual Rows": 1,
                                    "Actual Loops": 1
                                },
                                {
                                    "Worker Number": 2,
                                    "Actual Startup Time": 84.732,
                                    "Actual Total Time": 84.733,
                                    "Actual Rows": 1,
                                    "Actual Loops": 1
                                }
                            ],
                            "Plans": [
                                {
                                    "Node Type": "Seq Scan",
                                    "Parent Relationship": "Outer",
                                    "Parallel Aware": true,
                                    "Relation Name": "movie_companies",
                                    "Schema": "public",
                                    "Alias": "mc",
                                    "Startup Cost": 0.0,
                                    "Total Cost": 31414.82,
                                    "Plan Rows": 280921,
                                    "Plan Width": 0,
                                    "Actual Startup Time": 42.429,
                                    "Actual Total Time": 76.39,
                                    "Actual Rows": 268259,
                                    "Actual Loops": 4,
                                    "Output": [
                                        "id",
                                        "movie_id",
                                        "company_id",
                                        "company_type_id",
                                        "note"
                                    ],
                                    "Filter": "((mc.company_id > 2853) AND (mc.company_type_id = 2))",
                                    "Rows Removed by Filter": 384024,
                                    "Workers": [
                                        {
                                            "Worker Number": 0,
                                            "Actual Startup Time": 39.559,
                                            "Actual Total Time": 73.988,
                                            "Actual Rows": 254890,
                                            "Actual Loops": 1
                                        },
                                        {
                                            "Worker Number": 1,
                                            "Actual Startup Time": 39.837,
                                            "Actual Total Time": 74.064,
                                            "Actual Rows": 257768,
                                            "Actual Loops": 1
                                        },
                                        {
                                            "Worker Number": 2,
                                            "Actual Startup Time": 39.992,
                                            "Actual Total Time": 74.398,
                                            "Actual Rows": 254785,
                                            "Actual Loops": 1
                                        }
                                    ]
                                }
                            ]
                        }
                    ]
                }
            ]
        },
        "Planning Time": 188.123,
        "Triggers": [],
        "Execution Time": 101.372
    }
]