{
  "Plan": {
    "Node Type": "Aggregate",
    "Strategy": "Plain",
    "Partial Mode": "Finalize",
    "Parallel Aware": false,
    "Startup Cost": 47992.71,
    "Total Cost": 47992.72,
    "Plan Rows": 1,
    "Plan Width": 8,
    "Actual Startup Time": 84.711,
    "Actual Total Time": 96.431,
    "Actual Rows": 1,
    "Actual Loops": 1,
    "Plans": [
      {
        "Node Type": "Gather",
        "Parent Relationship": "Outer",
        "Parallel Aware": false,
        "Startup Cost": 47992.6,
        "Total Cost": 47992.71,
        "Plan Rows": 1,
        "Plan Width": 8,
        "Actual Startup Time": 84.457,
        "Actual Total Time": 96.424,
        "Actual Rows": 2,
        "Actual Loops": 1,
        "Workers Planned": 1,
        "Workers Launched": 1,
        "Single Copy": false,
        "Plans": [
          {
            "Node Type": "Aggregate",
            "Strategy": "Plain",
            "Partial Mode": "Partial",
            "Parent Relationship": "Outer",
            "Parallel Aware": false,
            "Startup Cost": 46992.6,
            "Total Cost": 46992.61,
            "Plan Rows": 1,
            "Plan Width": 8,
            "Actual Startup Time": 78.194,
            "Actual Total Time": 78.196,
            "Actual Rows": 1,
            "Actual Loops": 2,
            "Plans": [
              {
                "Node Type": "Nested Loop",
                "Parent Relationship": "Outer",
                "Parallel Aware": false,
                "Join Type": "Inner",
                "Startup Cost": 246.86,
                "Total Cost": 46988.42,
                "Plan Rows": 1671,
                "Plan Width": 0,
                "Actual Startup Time": 3.391,
                "Actual Total Time": 77.672,
                "Actual Rows": 3954,
                "Actual Loops": 2,
                "Inner Unique": false,
                "Plans": [
                  {
                    "Node Type": "Nested Loop",
                    "Parent Relationship": "Outer",
                    "Parallel Aware": false,
                    "Join Type": "Inner",
                    "Startup Cost": 246.43,
                    "Total Cost": 41435.7,
                    "Plan Rows": 3351,
                    "Plan Width": 8,
                    "Actual Startup Time": 3.136,
                    "Actual Total Time": 27.996,
                    "Actual Rows": 4128,
                    "Actual Loops": 2,
                    "Inner Unique": true,
                    "Plans": [
                      {
                        "Node Type": "Bitmap Heap Scan",
                        "Parent Relationship": "Outer",
                        "Parallel Aware": true,
                        "Relation Name": "movie_companies",
                        "Alias": "mc",
                        "Startup Cost": 246.0,
                        "Total Cost": 17328.65,
                        "Plan Rows": 3351,
                        "Plan Width": 4,
                        "Actual Startup Time": 2.987,
                        "Actual Total Time": 5.274,
                        "Actual Rows": 4128,
                        "Actual Loops": 2,
                        "Recheck Cond": "(company_id = 11)",
                        "Rows Removed by Index Recheck": 0,
                        "Filter": "(company_type_id = 2)",
                        "Rows Removed by Filter": 1206,
                        "Exact Heap Blocks": 1057,
                        "Lossy Heap Blocks": 0,
                        "Plans": [
                          {
                            "Node Type": "Bitmap Index Scan",
                            "Parent Relationship": "Outer",
                            "Parallel Aware": false,
                            "Index Name": "company_id_movie_companies",
                            "Startup Cost": 0.0,
                            "Total Cost": 244.57,
                            "Plan Rows": 11219,
                            "Plan Width": 0,
                            "Actual Startup Time": 3.204,
                            "Actual Total Time": 3.205,
                            "Actual Rows": 10667,
                            "Actual Loops": 1,
                            "Index Cond": "(company_id = 11)"
                          }
                        ]
                      },
                      {
                        "Node Type": "Index Only Scan",
                        "Parent Relationship": "Inner",
                        "Parallel Aware": false,
                        "Scan Direction": "Forward",
                        "Index Name": "title_pkey",
                        "Relation Name": "title",
                        "Alias": "t",
                        "Startup Cost": 0.43,
                        "Total Cost": 7.19,
                        "Plan Rows": 1,
                        "Plan Width": 4,
                        "Actual Startup Time": 0.005,
                        "Actual Total Time": 0.005,
                        "Actual Rows": 1,
                        "Actual Loops": 8256,
                        "Index Cond": "(id = mc.movie_id)",
                        "Rows Removed by Index Recheck": 0,
                        "Heap Fetches": 8256
                      }
                    ]
                  },
                  {
                    "Node Type": "Index Scan",
                    "Parent Relationship": "Inner",
                    "Parallel Aware": false,
                    "Scan Direction": "Forward",
                    "Index Name": "movie_id_movie_info",
                    "Relation Name": "movie_info",
                    "Alias": "mi",
                    "Startup Cost": 0.43,
                    "Total Cost": 1.62,
                    "Plan Rows": 4,
                    "Plan Width": 4,
                    "Actual Startup Time": 0.01,
                    "Actual Total Time": 0.012,
                    "Actual Rows": 1,
                    "Actual Loops": 8256,
                    "Index Cond": "(movie_id = t.id)",
                    "Rows Removed by Index Recheck": 0,
                    "Filter": "(info_type_id = 2)",
                    "Rows Removed by Filter": 15
                  }
                ]
              }
            ]
          }
        ]
      }
    ]
  },
  "Planning Time": 0.916,
  "Triggers": [],
  "Execution Time": 96.523
}