{
  "Plan": {
    "Node Type": "Aggregate",
    "Strategy": "Plain",
    "Partial Mode": "Finalize",
    "Parallel Aware": false,
    "Startup Cost": 559252.72,
    "Total Cost": 559252.73,
    "Plan Rows": 1,
    "Plan Width": 8,
    "Actual Startup Time": 1323.383,
    "Actual Total Time": 1358.424,
    "Actual Rows": 1,
    "Actual Loops": 1,
    "Plans": [
      {
        "Node Type": "Gather",
        "Parent Relationship": "Outer",
        "Parallel Aware": false,
        "Startup Cost": 559252.61,
        "Total Cost": 559252.72,
        "Plan Rows": 1,
        "Plan Width": 8,
        "Actual Startup Time": 1322.598,
        "Actual Total Time": 1358.415,
        "Actual Rows": 2,
        "Actual Loops": 1,
        "Workers Planned": 1,
        "Workers Launched": 1,
        "Single Copy": false,
        "Plans": [
          {
            "Node Type": "Aggregate",
            "Strategy": "Plain",
            "Partial Mode": "Partial",
            "Parent Relationship": "Outer",
            "Parallel Aware": false,
            "Startup Cost": 558252.61,
            "Total Cost": 558252.62,
            "Plan Rows": 1,
            "Plan Width": 8,
            "Actual Startup Time": 1316.566,
            "Actual Total Time": 1316.575,
            "Actual Rows": 1,
            "Actual Loops": 2,
            "Plans": [
              {
                "Node Type": "Hash Join",
                "Parent Relationship": "Outer",
                "Parallel Aware": true,
                "Join Type": "Inner",
                "Startup Cost": 233451.45,
                "Total Cost": 558082.56,
                "Plan Rows": 68021,
                "Plan Width": 0,
                "Actual Startup Time": 451.22,
                "Actual Total Time": 1313.4,
                "Actual Rows": 61072,
                "Actual Loops": 2,
                "Inner Unique": true,
                "Hash Cond": "(ci.movie_id = t.id)",
                "Plans": [
                  {
                    "Node Type": "Bitmap Heap Scan",
                    "Parent Relationship": "Outer",
                    "Parallel Aware": true,
                    "Relation Name": "cast_info",
                    "Alias": "ci",
                    "Startup Cost": 178597.21,
                    "Total Cost": 490742.13,
                    "Plan Rows": 4756634,
                    "Plan Width": 4,
                    "Actual Startup Time": 303.234,
                    "Actual Total Time": 749.094,
                    "Actual Rows": 4121992,
                    "Actual Loops": 2,
                    "Recheck Cond": "(person_id < 805894)",
                    "Rows Removed by Index Recheck": 0,
                    "Exact Heap Blocks": 46392,
                    "Lossy Heap Blocks": 0,
                    "Plans": [
                      {
                        "Node Type": "Bitmap Index Scan",
                        "Parent Relationship": "Outer",
                        "Parallel Aware": false,
                        "Index Name": "person_id_cast_info",
                        "Startup Cost": 0.0,
                        "Total Cost": 176575.64,
                        "Plan Rows": 8086277,
                        "Plan Width": 0,
                        "Actual Startup Time": 288.347,
                        "Actual Total Time": 288.348,
                        "Actual Rows": 8243983,
                        "Actual Loops": 1,
                        "Index Cond": "(person_id < 805894)"
                      }
                    ]
                  },
                  {
                    "Node Type": "Hash",
                    "Parent Relationship": "Inner",
                    "Parallel Aware": true,
                    "Startup Cost": 54588.39,
                    "Total Cost": 54588.39,
                    "Plan Rows": 21268,
                    "Plan Width": 4,
                    "Actual Startup Time": 146.41,
                    "Actual Total Time": 146.415,
                    "Actual Rows": 18218,
                    "Actual Loops": 2,
                    "Hash Buckets": 65536,
                    "Original Hash Buckets": 65536,
                    "Hash Batches": 1,
                    "Original Hash Batches": 1,
                    "Peak Memory Usage": 1984,
                    "Plans": [
                      {
                        "Node Type": "Seq Scan",
                        "Parent Relationship": "Outer",
                        "Parallel Aware": true,
                        "Relation Name": "title",
                        "Alias": "t",
                        "Startup Cost": 0.0,
                        "Total Cost": 54588.39,
                        "Plan Rows": 21268,
                        "Plan Width": 4,
                        "Actual Startup Time": 0.056,
                        "Actual Total Time": 139.058,
                        "Actual Rows": 18218,
                        "Actual Loops": 2,
                        "Filter": "(production_year = 1995)",
                        "Rows Removed by Filter": 1245938
                      }
                    ]
                  }
                ]
              }
            ]
          }
        ]
      }
    ]
  },
  "Planning Time": 0.452,
  "Triggers": [],
  "Execution Time": 1358.523
}