[
  {
    "Plan": {
      "Node Type": "Aggregate",
      "Strategy": "Plain",
      "Partial Mode": "Finalize",
      "Parallel Aware": false,
      "Startup Cost": 45538.05,
      "Total Cost": 45538.06,
      "Plan Rows": 1,
      "Plan Width": 8,
      "Actual Startup Time": 169.339,
      "Actual Total Time": 178.974,
      "Actual Rows": 1,
      "Actual Loops": 1,
      "Plans": [
        {
          "Node Type": "Gather",
          "Parent Relationship": "Outer",
          "Parallel Aware": false,
          "Startup Cost": 45537.73,
          "Total Cost": 45538.04,
          "Plan Rows": 3,
          "Plan Width": 8,
          "Actual Startup Time": 169.216,
          "Actual Total Time": 178.963,
          "Actual Rows": 4,
          "Actual Loops": 1,
          "Workers Planned": 3,
          "Workers Launched": 3,
          "Single Copy": false,
          "Plans": [
            {
              "Node Type": "Aggregate",
              "Strategy": "Plain",
              "Partial Mode": "Partial",
              "Parent Relationship": "Outer",
              "Parallel Aware": false,
              "Startup Cost": 44537.73,
              "Total Cost": 44537.74,
              "Plan Rows": 1,
              "Plan Width": 8,
              "Actual Startup Time": 161.96,
              "Actual Total Time": 161.962,
              "Actual Rows": 1,
              "Actual Loops": 4,
              "Plans": [
                {
                  "Node Type": "Seq Scan",
                  "Parent Relationship": "Outer",
                  "Parallel Aware": true,
                  "Relation Name": "movie_keyword",
                  "Alias": "mk",
                  "Startup Cost": 0.0,
                  "Total Cost": 42695.65,
                  "Plan Rows": 736830,
                  "Plan Width": 0,
                  "Actual Startup Time": 0.064,
                  "Actual Total Time": 132.085,
                  "Actual Rows": 571088,
                  "Actual Loops": 4,
                  "Filter": "(keyword_id < 4851)",
                  "Rows Removed by Filter": 559894
                }
              ]
            }
          ]
        }
      ]
    },
    "Planning Time": 0.23,
    "Triggers": [],
    "Execution Time": 179.034
  }
]