[
  {
    "Plan": {
      "Node Type": "Aggregate",
      "Strategy": "Plain",
      "Partial Mode": "Finalize",
      "Parallel Aware": false,
      "Startup Cost": 72597.07,
      "Total Cost": 72597.08,
      "Plan Rows": 1,
      "Plan Width": 8,
      "Actual Startup Time": 232.939,
      "Actual Total Time": 247.263,
      "Actual Rows": 1,
      "Actual Loops": 1,
      "Plans": [
        {
          "Node Type": "Gather",
          "Parent Relationship": "Outer",
          "Parallel Aware": false,
          "Startup Cost": 72596.65,
          "Total Cost": 72597.06,
          "Plan Rows": 4,
          "Plan Width": 8,
          "Actual Startup Time": 232.111,
          "Actual Total Time": 247.252,
          "Actual Rows": 5,
          "Actual Loops": 1,
          "Workers Planned": 4,
          "Workers Launched": 4,
          "Single Copy": false,
          "Plans": [
            {
              "Node Type": "Aggregate",
              "Strategy": "Plain",
              "Partial Mode": "Partial",
              "Parent Relationship": "Outer",
              "Parallel Aware": false,
              "Startup Cost": 71596.65,
              "Total Cost": 71596.66,
              "Plan Rows": 1,
              "Plan Width": 8,
              "Actual Startup Time": 222.316,
              "Actual Total Time": 222.32,
              "Actual Rows": 1,
              "Actual Loops": 5,
              "Plans": [
                {
                  "Node Type": "Hash Join",
                  "Parent Relationship": "Outer",
                  "Parallel Aware": true,
                  "Join Type": "Inner",
                  "Startup Cost": 25780.98,
                  "Total Cost": 71449.69,
                  "Plan Rows": 58784,
                  "Plan Width": 0,
                  "Actual Startup Time": 154.984,
                  "Actual Total Time": 220.338,
                  "Actual Rows": 46642,
                  "Actual Loops": 5,
                  "Inner Unique": false,
                  "Hash Cond": "(t.id = mc.movie_id)",
                  "Plans": [
                    {
                      "Node Type": "Seq Scan",
                      "Parent Relationship": "Outer",
                      "Parallel Aware": true,
                      "Relation Name": "title",
                      "Alias": "t",
                      "Startup Cost": 0.0,
                      "Total Cost": 42318.73,
                      "Plan Rows": 632073,
                      "Plan Width": 4,
                      "Actual Startup Time": 0.013,
                      "Actual Total Time": 65.679,
                      "Actual Rows": 505662,
                      "Actual Loops": 5
                    },
                    {
                      "Node Type": "Hash",
                      "Parent Relationship": "Inner",
                      "Parallel Aware": true,
                      "Startup Cost": 24832.85,
                      "Total Cost": 24832.85,
                      "Plan Rows": 75850,
                      "Plan Width": 4,
                      "Actual Startup Time": 67.097,
                      "Actual Total Time": 67.098,
                      "Actual Rows": 46642,
                      "Actual Loops": 5,
                      "Hash Buckets": 262144,
                      "Original Hash Buckets": 262144,
                      "Hash Batches": 1,
                      "Original Hash Batches": 1,
                      "Peak Memory Usage": 11232,
                      "Plans": [
                        {
                          "Node Type": "Bitmap Heap Scan",
                          "Parent Relationship": "Outer",
                          "Parallel Aware": true,
                          "Relation Name": "movie_companies",
                          "Alias": "mc",
                          "Startup Cost": 5094.73,
                          "Total Cost": 24832.85,
                          "Plan Rows": 75850,
                          "Plan Width": 4,
                          "Actual Startup Time": 20.664,
                          "Actual Total Time": 46.766,
                          "Actual Rows": 46642,
                          "Actual Loops": 5,
                          "Recheck Cond": "(company_id > 104665)",
                          "Rows Removed by Index Recheck": 0,
                          "Exact Heap Blocks": 1805,
                          "Lossy Heap Blocks": 0,
                          "Plans": [
                            {
                              "Node Type": "Bitmap Index Scan",
                              "Parent Relationship": "Outer",
                              "Parallel Aware": false,
                              "Index Name": "company_id_movie_companies",
                              "Startup Cost": 0.0,
                              "Total Cost": 5035.94,
                              "Plan Rows": 235135,
                              "Plan Width": 0,
                              "Actual Startup Time": 21.922,
                              "Actual Total Time": 21.923,
                              "Actual Rows": 233210,
                              "Actual Loops": 1,
                              "Index Cond": "(company_id > 104665)"
                            }
                          ]
                        }
                      ]
                    }
                  ]
                }
              ]
            }
          ]
        }
      ]
    },
    "Planning Time": 0.69,
    "Triggers": [],
    "Execution Time": 247.372
  }
]