[
  {
    "Plan": {
      "Node Type": "Aggregate",
      "Strategy": "Plain",
      "Partial Mode": "Finalize",
      "Parallel Aware": false,
      "Startup Cost": 47213.05,
      "Total Cost": 47213.06,
      "Plan Rows": 1,
      "Plan Width": 8,
      "Actual Startup Time": 122.507,
      "Actual Total Time": 134.748,
      "Actual Rows": 1,
      "Actual Loops": 1,
      "Plans": [
        {
          "Node Type": "Gather",
          "Parent Relationship": "Outer",
          "Parallel Aware": false,
          "Startup Cost": 47212.63,
          "Total Cost": 47213.04,
          "Plan Rows": 4,
          "Plan Width": 8,
          "Actual Startup Time": 122.297,
          "Actual Total Time": 134.737,
          "Actual Rows": 5,
          "Actual Loops": 1,
          "Workers Planned": 4,
          "Workers Launched": 4,
          "Single Copy": false,
          "Plans": [
            {
              "Node Type": "Aggregate",
              "Strategy": "Plain",
              "Partial Mode": "Partial",
              "Parent Relationship": "Outer",
              "Parallel Aware": false,
              "Startup Cost": 46212.63,
              "Total Cost": 46212.64,
              "Plan Rows": 1,
              "Plan Width": 8,
              "Actual Startup Time": 113.158,
              "Actual Total Time": 113.159,
              "Actual Rows": 1,
              "Actual Loops": 5,
              "Plans": [
                {
                  "Node Type": "Seq Scan",
                  "Parent Relationship": "Outer",
                  "Parallel Aware": true,
                  "Relation Name": "title",
                  "Alias": "t",
                  "Startup Cost": 0.0,
                  "Total Cost": 45479.59,
                  "Plan Rows": 293216,
                  "Plan Width": 0,
                  "Actual Startup Time": 0.041,
                  "Actual Total Time": 99.282,
                  "Actual Rows": 225781,
                  "Actual Loops": 5,
                  "Filter": "((production_year < 2010) AND (kind_id = 7))",
                  "Rows Removed by Filter": 279881
                }
              ]
            }
          ]
        }
      ]
    },
    "Planning Time": 0.198,
    "Triggers": [],
    "Execution Time": 134.841
  }
]