[
  {
    "Plan": {
      "Node Type": "Aggregate",
      "Strategy": "Plain",
      "Partial Mode": "Finalize",
      "Parallel Aware": false,
      "Startup Cost": 45889.18,
      "Total Cost": 45889.19,
      "Plan Rows": 1,
      "Plan Width": 8,
      "Actual Startup Time": 158.506,
      "Actual Total Time": 167.283,
      "Actual Rows": 1,
      "Actual Loops": 1,
      "Plans": [
        {
          "Node Type": "Gather",
          "Parent Relationship": "Outer",
          "Parallel Aware": false,
          "Startup Cost": 45888.86,
          "Total Cost": 45889.17,
          "Plan Rows": 3,
          "Plan Width": 8,
          "Actual Startup Time": 158.378,
          "Actual Total Time": 167.276,
          "Actual Rows": 4,
          "Actual Loops": 1,
          "Workers Planned": 3,
          "Workers Launched": 3,
          "Single Copy": false,
          "Plans": [
            {
              "Node Type": "Aggregate",
              "Strategy": "Plain",
              "Partial Mode": "Partial",
              "Parent Relationship": "Outer",
              "Parallel Aware": false,
              "Startup Cost": 44888.86,
              "Total Cost": 44888.87,
              "Plan Rows": 1,
              "Plan Width": 8,
              "Actual Startup Time": 152.98,
              "Actual Total Time": 152.981,
              "Actual Rows": 1,
              "Actual Loops": 4,
              "Plans": [
                {
                  "Node Type": "Seq Scan",
                  "Parent Relationship": "Outer",
                  "Parallel Aware": true,
                  "Relation Name": "movie_keyword",
                  "Alias": "mk",
                  "Startup Cost": 0.0,
                  "Total Cost": 42695.65,
                  "Plan Rows": 877282,
                  "Plan Width": 0,
                  "Actual Startup Time": 0.038,
                  "Actual Total Time": 120.383,
                  "Actual Rows": 681414,
                  "Actual Loops": 4,
                  "Filter": "(keyword_id < 7752)",
                  "Rows Removed by Filter": 449568
                }
              ]
            }
          ]
        }
      ]
    },
    "Planning Time": 0.089,
    "Triggers": [],
    "Execution Time": 167.31
  }
]