[
  {
    "Plan": {
      "Node Type": "Aggregate",
      "Strategy": "Plain",
      "Partial Mode": "Finalize",
      "Parallel Aware": false,
      "Startup Cost": 83633.29,
      "Total Cost": 83633.3,
      "Plan Rows": 1,
      "Plan Width": 8,
      "Actual Startup Time": 533.461,
      "Actual Total Time": 550.804,
      "Actual Rows": 1,
      "Actual Loops": 1,
      "Plans": [
        {
          "Node Type": "Gather",
          "Parent Relationship": "Outer",
          "Parallel Aware": false,
          "Startup Cost": 83632.98,
          "Total Cost": 83633.29,
          "Plan Rows": 3,
          "Plan Width": 8,
          "Actual Startup Time": 524.392,
          "Actual Total Time": 550.794,
          "Actual Rows": 4,
          "Actual Loops": 1,
          "Workers Planned": 3,
          "Workers Launched": 3,
          "Single Copy": false,
          "Plans": [
            {
              "Node Type": "Aggregate",
              "Strategy": "Plain",
              "Partial Mode": "Partial",
              "Parent Relationship": "Outer",
              "Parallel Aware": false,
              "Startup Cost": 82632.98,
              "Total Cost": 82632.99,
              "Plan Rows": 1,
              "Plan Width": 8,
              "Actual Startup Time": 508.73,
              "Actual Total Time": 508.735,
              "Actual Rows": 1,
              "Actual Loops": 4,
              "Plans": [
                {
                  "Node Type": "Hash Join",
                  "Parent Relationship": "Outer",
                  "Parallel Aware": true,
                  "Join Type": "Inner",
                  "Startup Cost": 56497.23,
                  "Total Cost": 82394.43,
                  "Plan Rows": 95418,
                  "Plan Width": 0,
                  "Actual Startup Time": 430.309,
                  "Actual Total Time": 504.983,
                  "Actual Rows": 74954,
                  "Actual Loops": 4,
                  "Inner Unique": true,
                  "Hash Cond": "(mk.movie_id = t.id)",
                  "Plans": [
                    {
                      "Node Type": "Bitmap Heap Scan",
                      "Parent Relationship": "Outer",
                      "Parallel Aware": true,
                      "Relation Name": "movie_keyword",
                      "Alias": "mk",
                      "Startup Cost": 6276.85,
                      "Total Cost": 31923.58,
                      "Plan Rows": 95418,
                      "Plan Width": 4,
                      "Actual Startup Time": 21.313,
                      "Actual Total Time": 68.039,
                      "Actual Rows": 74954,
                      "Actual Loops": 4,
                      "Recheck Cond": "(keyword_id > 53924)",
                      "Rows Removed by Index Recheck": 0,
                      "Exact Heap Blocks": 7736,
                      "Lossy Heap Blocks": 0,
                      "Plans": [
                        {
                          "Node Type": "Bitmap Index Scan",
                          "Parent Relationship": "Outer",
                          "Parallel Aware": false,
                          "Index Name": "keyword_id_movie_keyword",
                          "Startup Cost": 0.0,
                          "Total Cost": 6202.9,
                          "Plan Rows": 295796,
                          "Plan Width": 0,
                          "Actual Startup Time": 18.127,
                          "Actual Total Time": 18.128,
                          "Actual Rows": 299815,
                          "Actual Loops": 1,
                          "Index Cond": "(keyword_id > 53924)"
                        }
                      ]
                    },
                    {
                      "Node Type": "Hash",
                      "Parent Relationship": "Inner",
                      "Parallel Aware": true,
                      "Startup Cost": 42319.06,
                      "Total Cost": 42319.06,
                      "Plan Rows": 632106,
                      "Plan Width": 4,
                      "Actual Startup Time": 398.428,
                      "Actual Total Time": 398.429,
                      "Actual Rows": 632078,
                      "Actual Loops": 4,
                      "Hash Buckets": 4194304,
                      "Original Hash Buckets": 4194304,
                      "Hash Batches": 1,
                      "Original Hash Batches": 1,
                      "Peak Memory Usage": 131776,
                      "Plans": [
                        {
                          "Node Type": "Seq Scan",
                          "Parent Relationship": "Outer",
                          "Parallel Aware": true,
                          "Relation Name": "title",
                          "Alias": "t",
                          "Startup Cost": 0.0,
                          "Total Cost": 42319.06,
                          "Plan Rows": 632106,
                          "Plan Width": 4,
                          "Actual Startup Time": 0.03,
                          "Actual Total Time": 113.988,
                          "Actual Rows": 632078,
                          "Actual Loops": 4
                        }
                      ]
                    }
                  ]
                }
              ]
            }
          ]
        }
      ]
    },
    "Planning Time": 0.26,
    "Triggers": [],
    "Execution Time": 550.859
  }
]