{
  "Plan": {
    "Node Type": "Aggregate",
    "Strategy": "Plain",
    "Partial Mode": "Finalize",
    "Parallel Aware": false,
    "Startup Cost": 86992.23,
    "Total Cost": 86992.24,
    "Plan Rows": 1,
    "Plan Width": 8,
    "Actual Startup Time": 328.157,
    "Actual Total Time": 360.513,
    "Actual Rows": 1,
    "Actual Loops": 1,
    "Plans": [
      {
        "Node Type": "Gather",
        "Parent Relationship": "Outer",
        "Parallel Aware": false,
        "Startup Cost": 86992.12,
        "Total Cost": 86992.23,
        "Plan Rows": 1,
        "Plan Width": 8,
        "Actual Startup Time": 327.934,
        "Actual Total Time": 360.504,
        "Actual Rows": 2,
        "Actual Loops": 1,
        "Workers Planned": 1,
        "Workers Launched": 1,
        "Single Copy": false,
        "Plans": [
          {
            "Node Type": "Aggregate",
            "Strategy": "Plain",
            "Partial Mode": "Partial",
            "Parent Relationship": "Outer",
            "Parallel Aware": false,
            "Startup Cost": 85992.12,
            "Total Cost": 85992.13,
            "Plan Rows": 1,
            "Plan Width": 8,
            "Actual Startup Time": 321.78,
            "Actual Total Time": 321.783,
            "Actual Rows": 1,
            "Actual Loops": 2,
            "Plans": [
              {
                "Node Type": "Nested Loop",
                "Parent Relationship": "Outer",
                "Parallel Aware": false,
                "Join Type": "Inner",
                "Startup Cost": 54741.26,
                "Total Cost": 85927.31,
                "Plan Rows": 25921,
                "Plan Width": 0,
                "Actual Startup Time": 140.357,
                "Actual Total Time": 317.73,
                "Actual Rows": 82672,
                "Actual Loops": 2,
                "Inner Unique": false,
                "Join Filter": "(t.id = mi.movie_id)",
                "Rows Removed by Join Filter": 0,
                "Plans": [
                  {
                    "Node Type": "Hash Join",
                    "Parent Relationship": "Outer",
                    "Parallel Aware": true,
                    "Join Type": "Inner",
                    "Startup Cost": 54740.83,
                    "Total Cost": 74242.28,
                    "Plan Rows": 4433,
                    "Plan Width": 8,
                    "Actual Startup Time": 140.276,
                    "Actual Total Time": 232.599,
                    "Actual Rows": 5677,
                    "Actual Loops": 2,
                    "Inner Unique": true,
                    "Hash Cond": "(mi_idx.movie_id = t.id)",
                    "Plans": [
                      {
                        "Node Type": "Seq Scan",
                        "Parent Relationship": "Outer",
                        "Parallel Aware": true,
                        "Relation Name": "movie_info_idx",
                        "Alias": "mi_idx",
                        "Startup Cost": 0.0,
                        "Total Cost": 18082.32,
                        "Plan Rows": 540622,
                        "Plan Width": 4,
                        "Actual Startup Time": 0.02,
                        "Actual Total Time": 57.152,
                        "Actual Rows": 459925,
                        "Actual Loops": 2,
                        "Filter": "(info_type_id < 101)",
                        "Rows Removed by Filter": 230092
                      },
                      {
                        "Node Type": "Hash",
                        "Parent Relationship": "Inner",
                        "Parallel Aware": true,
                        "Startup Cost": 54588.39,
                        "Total Cost": 54588.39,
                        "Plan Rows": 12195,
                        "Plan Width": 4,
                        "Actual Startup Time": 139.074,
                        "Actual Total Time": 139.075,
                        "Actual Rows": 10656,
                        "Actual Loops": 2,
                        "Hash Buckets": 32768,
                        "Original Hash Buckets": 32768,
                        "Hash Batches": 1,
                        "Original Hash Batches": 1,
                        "Peak Memory Usage": 1120,
                        "Plans": [
                          {
                            "Node Type": "Seq Scan",
                            "Parent Relationship": "Outer",
                            "Parallel Aware": true,
                            "Relation Name": "title",
                            "Alias": "t",
                            "Startup Cost": 0.0,
                            "Total Cost": 54588.39,
                            "Plan Rows": 12195,
                            "Plan Width": 4,
                            "Actual Startup Time": 0.038,
                            "Actual Total Time": 135.069,
                            "Actual Rows": 10656,
                            "Actual Loops": 2,
                            "Filter": "(production_year = 1989)",
                            "Rows Removed by Filter": 1253500
                          }
                        ]
                      }
                    ]
                  },
                  {
                    "Node Type": "Index Only Scan",
                    "Parent Relationship": "Inner",
                    "Parallel Aware": false,
                    "Scan Direction": "Forward",
                    "Index Name": "movie_id_movie_info",
                    "Relation Name": "movie_info",
                    "Alias": "mi",
                    "Startup Cost": 0.43,
                    "Total Cost": 2.11,
                    "Plan Rows": 42,
                    "Plan Width": 4,
                    "Actual Startup Time": 0.005,
                    "Actual Total Time": 0.013,
                    "Actual Rows": 15,
                    "Actual Loops": 11354,
                    "Index Cond": "(movie_id = mi_idx.movie_id)",
                    "Rows Removed by Index Recheck": 0,
                    "Heap Fetches": 165344
                  }
                ]
              }
            ]
          }
        ]
      }
    ]
  },
  "Planning Time": 0.927,
  "Triggers": [],
  "Execution Time": 360.602
}