[
  {
    "Plan": {
      "Node Type": "Aggregate",
      "Strategy": "Plain",
      "Partial Mode": "Finalize",
      "Parallel Aware": false,
      "Startup Cost": 44999.87,
      "Total Cost": 44999.88,
      "Plan Rows": 1,
      "Plan Width": 8,
      "Actual Startup Time": 134.784,
      "Actual Total Time": 145.221,
      "Actual Rows": 1,
      "Actual Loops": 1,
      "Plans": [
        {
          "Node Type": "Gather",
          "Parent Relationship": "Outer",
          "Parallel Aware": false,
          "Startup Cost": 44999.55,
          "Total Cost": 44999.86,
          "Plan Rows": 3,
          "Plan Width": 8,
          "Actual Startup Time": 134.636,
          "Actual Total Time": 145.212,
          "Actual Rows": 4,
          "Actual Loops": 1,
          "Workers Planned": 3,
          "Workers Launched": 3,
          "Single Copy": false,
          "Plans": [
            {
              "Node Type": "Aggregate",
              "Strategy": "Plain",
              "Partial Mode": "Partial",
              "Parent Relationship": "Outer",
              "Parallel Aware": false,
              "Startup Cost": 43999.55,
              "Total Cost": 43999.56,
              "Plan Rows": 1,
              "Plan Width": 8,
              "Actual Startup Time": 127.387,
              "Actual Total Time": 127.388,
              "Actual Rows": 1,
              "Actual Loops": 4,
              "Plans": [
                {
                  "Node Type": "Seq Scan",
                  "Parent Relationship": "Outer",
                  "Parallel Aware": true,
                  "Relation Name": "movie_keyword",
                  "Alias": "mk",
                  "Startup Cost": 0.0,
                  "Total Cost": 42695.65,
                  "Plan Rows": 521558,
                  "Plan Width": 0,
                  "Actual Startup Time": 0.413,
                  "Actual Total Time": 107.914,
                  "Actual Rows": 401598,
                  "Actual Loops": 4,
                  "Filter": "(keyword_id > 9485)",
                  "Rows Removed by Filter": 729384
                }
              ]
            }
          ]
        }
      ]
    },
    "Planning Time": 0.144,
    "Triggers": [],
    "Execution Time": 145.269
  }
]