[
  {
    "Plan": {
      "Node Type": "Aggregate",
      "Strategy": "Plain",
      "Partial Mode": "Finalize",
      "Parallel Aware": false,
      "Startup Cost": 119661.8,
      "Total Cost": 119661.81,
      "Plan Rows": 1,
      "Plan Width": 8,
      "Actual Startup Time": 199.036,
      "Actual Total Time": 215.382,
      "Actual Rows": 1,
      "Actual Loops": 1,
      "Plans": [
        {
          "Node Type": "Gather",
          "Parent Relationship": "Outer",
          "Parallel Aware": false,
          "Startup Cost": 119661.28,
          "Total Cost": 119661.79,
          "Plan Rows": 5,
          "Plan Width": 8,
          "Actual Startup Time": 198.869,
          "Actual Total Time": 215.372,
          "Actual Rows": 6,
          "Actual Loops": 1,
          "Workers Planned": 5,
          "Workers Launched": 5,
          "Single Copy": false,
          "Plans": [
            {
              "Node Type": "Aggregate",
              "Strategy": "Plain",
              "Partial Mode": "Partial",
              "Parent Relationship": "Outer",
              "Parallel Aware": false,
              "Startup Cost": 118661.28,
              "Total Cost": 118661.29,
              "Plan Rows": 1,
              "Plan Width": 8,
              "Actual Startup Time": 191.896,
              "Actual Total Time": 191.897,
              "Actual Rows": 1,
              "Actual Loops": 6,
              "Plans": [
                {
                  "Node Type": "Index Scan",
                  "Parent Relationship": "Outer",
                  "Parallel Aware": true,
                  "Scan Direction": "Forward",
                  "Index Name": "role_id_cast_info",
                  "Relation Name": "cast_info",
                  "Alias": "ci",
                  "Startup Cost": 0.56,
                  "Total Cost": 118067.1,
                  "Plan Rows": 237671,
                  "Plan Width": 0,
                  "Actual Startup Time": 0.087,
                  "Actual Total Time": 165.354,
                  "Actual Rows": 545255,
                  "Actual Loops": 6,
                  "Index Cond": "(role_id = 10)",
                  "Rows Removed by Index Recheck": 0,
                  "Filter": "(person_id > 2727800)",
                  "Rows Removed by Filter": 175248
                }
              ]
            }
          ]
        }
      ]
    },
    "Planning Time": 0.139,
    "Triggers": [],
    "Execution Time": 215.422
  }
]