{
  "Plan": {
    "Node Type": "Aggregate",
    "Strategy": "Plain",
    "Partial Mode": "Finalize",
    "Parallel Aware": false,
    "Startup Cost": 457225.09,
    "Total Cost": 457225.1,
    "Plan Rows": 1,
    "Plan Width": 8,
    "Actual Startup Time": 1824.955,
    "Actual Total Time": 1846.828,
    "Actual Rows": 1,
    "Actual Loops": 1,
    "Plans": [
      {
        "Node Type": "Gather",
        "Parent Relationship": "Outer",
        "Parallel Aware": false,
        "Startup Cost": 457224.97,
        "Total Cost": 457225.08,
        "Plan Rows": 1,
        "Plan Width": 8,
        "Actual Startup Time": 1819.517,
        "Actual Total Time": 1846.817,
        "Actual Rows": 2,
        "Actual Loops": 1,
        "Workers Planned": 1,
        "Workers Launched": 1,
        "Single Copy": false,
        "Plans": [
          {
            "Node Type": "Aggregate",
            "Strategy": "Plain",
            "Partial Mode": "Partial",
            "Parent Relationship": "Outer",
            "Parallel Aware": false,
            "Startup Cost": 456224.97,
            "Total Cost": 456224.98,
            "Plan Rows": 1,
            "Plan Width": 8,
            "Actual Startup Time": 1807.478,
            "Actual Total Time": 1807.483,
            "Actual Rows": 1,
            "Actual Loops": 2,
            "Plans": [
              {
                "Node Type": "Hash Join",
                "Parent Relationship": "Outer",
                "Parallel Aware": true,
                "Join Type": "Inner",
                "Startup Cost": 161937.99,
                "Total Cost": 454088.71,
                "Plan Rows": 854504,
                "Plan Width": 0,
                "Actual Startup Time": 733.457,
                "Actual Total Time": 1741.84,
                "Actual Rows": 1561914,
                "Actual Loops": 2,
                "Inner Unique": true,
                "Hash Cond": "(ci.movie_id = t.id)",
                "Plans": [
                  {
                    "Node Type": "Bitmap Heap Scan",
                    "Parent Relationship": "Outer",
                    "Parallel Aware": true,
                    "Relation Name": "cast_info",
                    "Alias": "ci",
                    "Startup Cost": 92477.29,
                    "Total Cost": 382384.94,
                    "Plan Rows": 854504,
                    "Plan Width": 4,
                    "Actual Startup Time": 152.668,
                    "Actual Total Time": 455.309,
                    "Actual Rows": 1561914,
                    "Actual Loops": 2,
                    "Recheck Cond": "(person_id < 417523)",
                    "Rows Removed by Index Recheck": 0,
                    "Filter": "(role_id = 1)",
                    "Rows Removed by Filter": 602460,
                    "Exact Heap Blocks": 22545,
                    "Lossy Heap Blocks": 0,
                    "Plans": [
                      {
                        "Node Type": "Bitmap Index Scan",
                        "Parent Relationship": "Outer",
                        "Parallel Aware": false,
                        "Index Name": "person_id_cast_info",
                        "Startup Cost": 0.0,
                        "Total Cost": 92114.12,
                        "Plan Rows": 4218341,
                        "Plan Width": 0,
                        "Actual Startup Time": 145.341,
                        "Actual Total Time": 145.342,
                        "Actual Rows": 4328748,
                        "Actual Loops": 1,
                        "Index Cond": "(person_id < 417523)"
                      }
                    ]
                  },
                  {
                    "Node Type": "Hash",
                    "Parent Relationship": "Inner",
                    "Parallel Aware": true,
                    "Startup Cost": 50870.31,
                    "Total Cost": 50870.31,
                    "Plan Rows": 1487231,
                    "Plan Width": 4,
                    "Actual Startup Time": 558.605,
                    "Actual Total Time": 558.606,
                    "Actual Rows": 1264156,
                    "Actual Loops": 2,
                    "Hash Buckets": 4194304,
                    "Original Hash Buckets": 4194304,
                    "Hash Batches": 1,
                    "Original Hash Batches": 1,
                    "Peak Memory Usage": 131712,
                    "Plans": [
                      {
                        "Node Type": "Seq Scan",
                        "Parent Relationship": "Outer",
                        "Parallel Aware": true,
                        "Relation Name": "title",
                        "Alias": "t",
                        "Startup Cost": 0.0,
                        "Total Cost": 50870.31,
                        "Plan Rows": 1487231,
                        "Plan Width": 4,
                        "Actual Startup Time": 0.033,
                        "Actual Total Time": 158.082,
                        "Actual Rows": 1264156,
                        "Actual Loops": 2
                      }
                    ]
                  }
                ]
              }
            ]
          }
        ]
      }
    ]
  },
  "Planning Time": 0.718,
  "Triggers": [],
  "Execution Time": 1846.927
}