[
  {
    "Plan": {
      "Node Type": "Aggregate",
      "Strategy": "Plain",
      "Partial Mode": "Finalize",
      "Parallel Aware": false,
      "Startup Cost": 79374.65,
      "Total Cost": 79374.66,
      "Plan Rows": 1,
      "Plan Width": 8,
      "Actual Startup Time": 296.681,
      "Actual Total Time": 318.632,
      "Actual Rows": 1,
      "Actual Loops": 1,
      "Plans": [
        {
          "Node Type": "Gather",
          "Parent Relationship": "Outer",
          "Parallel Aware": false,
          "Startup Cost": 79374.33,
          "Total Cost": 79374.64,
          "Plan Rows": 3,
          "Plan Width": 8,
          "Actual Startup Time": 294.264,
          "Actual Total Time": 318.622,
          "Actual Rows": 4,
          "Actual Loops": 1,
          "Workers Planned": 3,
          "Workers Launched": 3,
          "Single Copy": false,
          "Plans": [
            {
              "Node Type": "Aggregate",
              "Strategy": "Plain",
              "Partial Mode": "Partial",
              "Parent Relationship": "Outer",
              "Parallel Aware": false,
              "Startup Cost": 78374.33,
              "Total Cost": 78374.34,
              "Plan Rows": 1,
              "Plan Width": 8,
              "Actual Startup Time": 286.96,
              "Actual Total Time": 287.027,
              "Actual Rows": 1,
              "Actual Loops": 4,
              "Plans": [
                {
                  "Node Type": "Hash Join",
                  "Parent Relationship": "Outer",
                  "Parallel Aware": true,
                  "Join Type": "Inner",
                  "Startup Cost": 45998.95,
                  "Total Cost": 78317.74,
                  "Plan Rows": 22636,
                  "Plan Width": 0,
                  "Actual Startup Time": 191.404,
                  "Actual Total Time": 284.342,
                  "Actual Rows": 45138,
                  "Actual Loops": 4,
                  "Inner Unique": true,
                  "Hash Cond": "(mc.movie_id = t.id)",
                  "Plans": [
                    {
                      "Node Type": "Seq Scan",
                      "Parent Relationship": "Outer",
                      "Parallel Aware": true,
                      "Relation Name": "movie_companies",
                      "Alias": "mc",
                      "Startup Cost": 0.0,
                      "Total Cost": 31414.82,
                      "Plan Rows": 344372,
                      "Plan Width": 4,
                      "Actual Startup Time": 39.404,
                      "Actual Total Time": 85.543,
                      "Actual Rows": 204138,
                      "Actual Loops": 4,
                      "Filter": "((company_id < 73455) AND (company_type_id = 2))",
                      "Rows Removed by Filter": 448144
                    },
                    {
                      "Node Type": "Hash",
                      "Parent Relationship": "Inner",
                      "Parallel Aware": true,
                      "Startup Cost": 45479.59,
                      "Total Cost": 45479.59,
                      "Plan Rows": 41549,
                      "Plan Width": 4,
                      "Actual Startup Time": 150.492,
                      "Actual Total Time": 150.493,
                      "Actual Rows": 76546,
                      "Actual Loops": 4,
                      "Hash Buckets": 524288,
                      "Original Hash Buckets": 262144,
                      "Hash Batches": 1,
                      "Original Hash Batches": 1,
                      "Peak Memory Usage": 18208,
                      "Plans": [
                        {
                          "Node Type": "Seq Scan",
                          "Parent Relationship": "Outer",
                          "Parallel Aware": true,
                          "Relation Name": "title",
                          "Alias": "t",
                          "Startup Cost": 0.0,
                          "Total Cost": 45479.59,
                          "Plan Rows": 41549,
                          "Plan Width": 4,
                          "Actual Startup Time": 0.078,
                          "Actual Total Time": 112.454,
                          "Actual Rows": 76546,
                          "Actual Loops": 4,
                          "Filter": "((kind_id < 4) AND (production_year < 1980))",
                          "Rows Removed by Filter": 555532
                        }
                      ]
                    }
                  ]
                }
              ]
            }
          ]
        }
      ]
    },
    "Planning Time": 0.693,
    "Triggers": [],
    "Execution Time": 318.707
  }
]