[
  {
    "Plan": {
      "Node Type": "Aggregate",
      "Strategy": "Plain",
      "Partial Mode": "Finalize",
      "Parallel Aware": false,
      "Startup Cost": 385345.34,
      "Total Cost": 385345.35,
      "Plan Rows": 1,
      "Plan Width": 8,
      "Actual Startup Time": 2377.225,
      "Actual Total Time": 2438.011,
      "Actual Rows": 1,
      "Actual Loops": 1,
      "Plans": [
        {
          "Node Type": "Gather",
          "Parent Relationship": "Outer",
          "Parallel Aware": false,
          "Startup Cost": 385344.71,
          "Total Cost": 385345.32,
          "Plan Rows": 6,
          "Plan Width": 8,
          "Actual Startup Time": 2369.371,
          "Actual Total Time": 2438.001,
          "Actual Rows": 7,
          "Actual Loops": 1,
          "Workers Planned": 6,
          "Workers Launched": 6,
          "Single Copy": false,
          "Plans": [
            {
              "Node Type": "Aggregate",
              "Strategy": "Plain",
              "Partial Mode": "Partial",
              "Parent Relationship": "Outer",
              "Parallel Aware": false,
              "Startup Cost": 384344.71,
              "Total Cost": 384344.72,
              "Plan Rows": 1,
              "Plan Width": 8,
              "Actual Startup Time": 2354.025,
              "Actual Total Time": 2354.028,
              "Actual Rows": 1,
              "Actual Loops": 7,
              "Plans": [
                {
                  "Node Type": "Hash Join",
                  "Parent Relationship": "Outer",
                  "Parallel Aware": true,
                  "Join Type": "Inner",
                  "Startup Cost": 48897.3,
                  "Total Cost": 377814.1,
                  "Plan Rows": 2612246,
                  "Plan Width": 0,
                  "Actual Startup Time": 167.146,
                  "Actual Total Time": 2244.721,
                  "Actual Rows": 2502749,
                  "Actual Loops": 7,
                  "Inner Unique": true,
                  "Hash Cond": "(ci.movie_id = t.id)",
                  "Plans": [
                    {
                      "Node Type": "Seq Scan",
                      "Parent Relationship": "Outer",
                      "Parallel Aware": true,
                      "Relation Name": "cast_info",
                      "Alias": "ci",
                      "Startup Cost": 0.0,
                      "Total Cost": 313067.02,
                      "Plan Rows": 6038002,
                      "Plan Width": 4,
                      "Actual Startup Time": 0.023,
                      "Actual Total Time": 527.405,
                      "Actual Rows": 5177763,
                      "Actual Loops": 7
                    },
                    {
                      "Node Type": "Hash",
                      "Parent Relationship": "Inner",
                      "Parallel Aware": true,
                      "Startup Cost": 45479.1,
                      "Total Cost": 45479.1,
                      "Plan Rows": 273456,
                      "Plan Width": 4,
                      "Actual Startup Time": 162.202,
                      "Actual Total Time": 162.203,
                      "Actual Rows": 169935,
                      "Actual Loops": 7,
                      "Hash Buckets": 2097152,
                      "Original Hash Buckets": 2097152,
                      "Hash Batches": 1,
                      "Original Hash Batches": 1,
                      "Peak Memory Usage": 63040,
                      "Plans": [
                        {
                          "Node Type": "Seq Scan",
                          "Parent Relationship": "Outer",
                          "Parallel Aware": true,
                          "Relation Name": "title",
                          "Alias": "t",
                          "Startup Cost": 0.0,
                          "Total Cost": 45479.1,
                          "Plan Rows": 273456,
                          "Plan Width": 4,
                          "Actual Startup Time": 0.046,
                          "Actual Total Time": 77.208,
                          "Actual Rows": 169935,
                          "Actual Loops": 7,
                          "Filter": "((production_year > 1988) AND (kind_id = 7))",
                          "Rows Removed by Filter": 191252
                        }
                      ]
                    }
                  ]
                }
              ]
            }
          ]
        }
      ]
    },
    "Planning Time": 0.57,
    "Triggers": [],
    "Execution Time": 2438.088
  }
]