{
  "Plan": {
    "Node Type": "Aggregate",
    "Strategy": "Plain",
    "Partial Mode": "Finalize",
    "Parallel Aware": false,
    "Startup Cost": 136895.88,
    "Total Cost": 136895.89,
    "Plan Rows": 1,
    "Plan Width": 96,
    "Actual Startup Time": 2271.045,
    "Actual Total Time": 2271.176,
    "Actual Rows": 1,
    "Actual Loops": 1,
    "Plans": [
      {
        "Node Type": "Gather",
        "Parent Relationship": "Outer",
        "Parallel Aware": false,
        "Startup Cost": 136895.76,
        "Total Cost": 136895.87,
        "Plan Rows": 1,
        "Plan Width": 96,
        "Actual Startup Time": 2271.036,
        "Actual Total Time": 2271.168,
        "Actual Rows": 1,
        "Actual Loops": 1,
        "Workers Planned": 1,
        "Workers Launched": 0,
        "Single Copy": false,
        "Plans": [
          {
            "Node Type": "Aggregate",
            "Strategy": "Plain",
            "Partial Mode": "Partial",
            "Parent Relationship": "Outer",
            "Parallel Aware": false,
            "Startup Cost": 135895.76,
            "Total Cost": 135895.77,
            "Plan Rows": 1,
            "Plan Width": 96,
            "Actual Startup Time": 2270.42,
            "Actual Total Time": 2270.429,
            "Actual Rows": 1,
            "Actual Loops": 1,
            "Plans": [
              {
                "Node Type": "Hash Join",
                "Parent Relationship": "Outer",
                "Parallel Aware": false,
                "Join Type": "Inner",
                "Startup Cost": 12850.05,
                "Total Cost": 135886.47,
                "Plan Rows": 1239,
                "Plan Width": 48,
                "Actual Startup Time": 629.765,
                "Actual Total Time": 2214.211,
                "Actual Rows": 281253,
                "Actual Loops": 1,
                "Inner Unique": false,
                "Hash Cond": "(n.id = ci.person_id)",
                "Plans": [
                  {
                    "Node Type": "Seq Scan",
                    "Parent Relationship": "Outer",
                    "Parallel Aware": true,
                    "Relation Name": "name",
                    "Alias": "n",
                    "Startup Cost": 0.0,
                    "Total Cost": 80126.1,
                    "Plan Rows": 2451310,
                    "Plan Width": 19,
                    "Actual Startup Time": 0.009,
                    "Actual Total Time": 471.021,
                    "Actual Rows": 4167491,
                    "Actual Loops": 1
                  },
                  {
                    "Node Type": "Hash",
                    "Parent Relationship": "Inner",
                    "Parallel Aware": false,
                    "Startup Cost": 12823.71,
                    "Total Cost": 12823.71,
                    "Plan Rows": 2107,
                    "Plan Width": 37,
                    "Actual Startup Time": 629.708,
                    "Actual Total Time": 629.715,
                    "Actual Rows": 281253,
                    "Actual Loops": 1,
                    "Hash Buckets": 524288,
                    "Original Hash Buckets": 4096,
                    "Hash Batches": 1,
                    "Original Hash Batches": 1,
                    "Peak Memory Usage": 22729,
                    "Plans": [
                      {
                        "Node Type": "Nested Loop",
                        "Parent Relationship": "Outer",
                        "Parallel Aware": false,
                        "Join Type": "Inner",
                        "Startup Cost": 11.81,
                        "Total Cost": 12823.71,
                        "Plan Rows": 2107,
                        "Plan Width": 37,
                        "Actual Startup Time": 0.904,
                        "Actual Total Time": 544.61,
                        "Actual Rows": 281253,
                        "Actual Loops": 1,
                        "Inner Unique": false,
                        "Join Filter": "(t.id = ci.movie_id)",
                        "Rows Removed by Join Filter": 0,
                        "Plans": [
                          {
                            "Node Type": "Nested Loop",
                            "Parent Relationship": "Outer",
                            "Parallel Aware": false,
                            "Join Type": "Inner",
                            "Startup Cost": 11.25,
                            "Total Cost": 12540.97,
                            "Plan Rows": 147,
                            "Plan Width": 41,
                            "Actual Startup Time": 0.886,
                            "Actual Total Time": 100.741,
                            "Actual Rows": 5645,
                            "Actual Loops": 1,
                            "Inner Unique": true,
                            "Plans": [
                              {
                                "Node Type": "Nested Loop",
                                "Parent Relationship": "Outer",
                                "Parallel Aware": false,
                                "Join Type": "Inner",
                                "Startup Cost": 10.82,
                                "Total Cost": 12408.72,
                                "Plan Rows": 270,
                                "Plan Width": 20,
                                "Actual Startup Time": 0.866,
                                "Actual Total Time": 50.223,
                                "Actual Rows": 11697,
                                "Actual Loops": 1,
                                "Inner Unique": false,
                                "Plans": [
                                  {
                                    "Node Type": "Seq Scan",
                                    "Parent Relationship": "Outer",
                                    "Parallel Aware": false,
                                    "Relation Name": "keyword",
                                    "Alias": "k",
                                    "Startup Cost": 0.0,
                                    "Total Cost": 3632.4,
                                    "Plan Rows": 8,
                                    "Plan Width": 20,
                                    "Actual Startup Time": 0.164,
                                    "Actual Total Time": 31.241,
                                    "Actual Rows": 6,
                                    "Actual Loops": 1,
                                    "Filter": "(keyword = ANY ('{superhero,marvel-comics,gore,tv-special,based-on-comic,based-on-comic,murder-in-title,claw}'::text[]))",
                                    "Rows Removed by Filter": 134164
                                  },
                                  {
                                    "Node Type": "Bitmap Heap Scan",
                                    "Parent Relationship": "Inner",
                                    "Parallel Aware": false,
                                    "Relation Name": "movie_keyword",
                                    "Alias": "mk",
                                    "Startup Cost": 10.82,
                                    "Total Cost": 1093.96,
                                    "Plan Rows": 308,
                                    "Plan Width": 8,
                                    "Actual Startup Time": 0.433,
                                    "Actual Total Time": 2.86,
                                    "Actual Rows": 1950,
                                    "Actual Loops": 6,
                                    "Recheck Cond": "(keyword_id = k.id)",
                                    "Rows Removed by Index Recheck": 0,
                                    "Exact Heap Blocks": 7150,
                                    "Lossy Heap Blocks": 0,
                                    "Plans": [
                                      {
                                        "Node Type": "Bitmap Index Scan",
                                        "Parent Relationship": "Outer",
                                        "Parallel Aware": false,
                                        "Index Name": "keyword_id_movie_keyword",
                                        "Startup Cost": 0.0,
                                        "Total Cost": 10.74,
                                        "Plan Rows": 308,
                                        "Plan Width": 0,
                                        "Actual Startup Time": 0.235,
                                        "Actual Total Time": 0.235,
                                        "Actual Rows": 1950,
                                        "Actual Loops": 6,
                                        "Index Cond": "(keyword_id = k.id)"
                                      }
                                    ]
                                  }
                                ]
                              },
                              {
                                "Node Type": "Index Scan",
                                "Parent Relationship": "Inner",
                                "Parallel Aware": false,
                                "Scan Direction": "Forward",
                                "Index Name": "title_pkey",
                                "Relation Name": "title",
                                "Alias": "t",
                                "Startup Cost": 0.43,
                                "Total Cost": 0.49,
                                "Plan Rows": 1,
                                "Plan Width": 21,
                                "Actual Startup Time": 0.004,
                                "Actual Total Time": 0.004,
                                "Actual Rows": 0,
                                "Actual Loops": 11697,
                                "Index Cond": "(id = mk.movie_id)",
                                "Rows Removed by Index Recheck": 0,
                                "Filter": "(production_year > 2000)",
                                "Rows Removed by Filter": 1
                              }
                            ]
                          },
                          {
                            "Node Type": "Index Scan",
                            "Parent Relationship": "Inner",
                            "Parallel Aware": false,
                            "Scan Direction": "Forward",
                            "Index Name": "movie_id_cast_info",
                            "Relation Name": "cast_info",
                            "Alias": "ci",
                            "Startup Cost": 0.56,
                            "Total Cost": 1.5,
                            "Plan Rows": 34,
                            "Plan Width": 8,
                            "Actual Startup Time": 0.006,
                            "Actual Total Time": 0.07,
                            "Actual Rows": 50,
                            "Actual Loops": 5645,
                            "Index Cond": "(movie_id = mk.movie_id)",
                            "Rows Removed by Index Recheck": 0
                          }
                        ]
                      }
                    ]
                  }
                ]
              }
            ]
          }
        ]
      }
    ]
  },
  "Planning Time": 0.943,
  "Triggers": [],
  "Execution Time": 2271.402
}