[
  {
    "Plan": {
      "Node Type": "Aggregate",
      "Strategy": "Plain",
      "Partial Mode": "Finalize",
      "Parallel Aware": false,
      "Startup Cost": 77979.76,
      "Total Cost": 77979.77,
      "Plan Rows": 1,
      "Plan Width": 8,
      "Actual Startup Time": 297.843,
      "Actual Total Time": 319.017,
      "Actual Rows": 1,
      "Actual Loops": 1,
      "Plans": [
        {
          "Node Type": "Gather",
          "Parent Relationship": "Outer",
          "Parallel Aware": false,
          "Startup Cost": 77979.44,
          "Total Cost": 77979.75,
          "Plan Rows": 3,
          "Plan Width": 8,
          "Actual Startup Time": 295.26,
          "Actual Total Time": 319.01,
          "Actual Rows": 4,
          "Actual Loops": 1,
          "Workers Planned": 3,
          "Workers Launched": 3,
          "Single Copy": false,
          "Plans": [
            {
              "Node Type": "Aggregate",
              "Strategy": "Plain",
              "Partial Mode": "Partial",
              "Parent Relationship": "Outer",
              "Parallel Aware": false,
              "Startup Cost": 76979.44,
              "Total Cost": 76979.45,
              "Plan Rows": 1,
              "Plan Width": 8,
              "Actual Startup Time": 289.093,
              "Actual Total Time": 289.096,
              "Actual Rows": 1,
              "Actual Loops": 4,
              "Plans": [
                {
                  "Node Type": "Hash Join",
                  "Parent Relationship": "Outer",
                  "Parallel Aware": true,
                  "Join Type": "Inner",
                  "Startup Cost": 44709.16,
                  "Total Cost": 76903.36,
                  "Plan Rows": 30431,
                  "Plan Width": 0,
                  "Actual Startup Time": 187.09,
                  "Actual Total Time": 286.038,
                  "Actual Rows": 53370,
                  "Actual Loops": 4,
                  "Inner Unique": true,
                  "Hash Cond": "(mc.movie_id = t.id)",
                  "Plans": [
                    {
                      "Node Type": "Seq Scan",
                      "Parent Relationship": "Outer",
                      "Parallel Aware": true,
                      "Relation Name": "movie_companies",
                      "Alias": "mc",
                      "Startup Cost": 0.0,
                      "Total Cost": 31414.82,
                      "Plan Rows": 296908,
                      "Plan Width": 4,
                      "Actual Startup Time": 39.027,
                      "Actual Total Time": 86.347,
                      "Actual Rows": 275238,
                      "Actual Loops": 4,
                      "Filter": "((company_id > 1841) AND (company_type_id > 1))",
                      "Rows Removed by Filter": 377044
                    },
                    {
                      "Node Type": "Hash",
                      "Parent Relationship": "Inner",
                      "Parallel Aware": true,
                      "Startup Cost": 43899.32,
                      "Total Cost": 43899.32,
                      "Plan Rows": 64787,
                      "Plan Width": 4,
                      "Actual Startup Time": 145.445,
                      "Actual Total Time": 145.446,
                      "Actual Rows": 68476,
                      "Actual Loops": 4,
                      "Hash Buckets": 524288,
                      "Original Hash Buckets": 262144,
                      "Hash Batches": 1,
                      "Original Hash Batches": 1,
                      "Peak Memory Usage": 16960,
                      "Plans": [
                        {
                          "Node Type": "Seq Scan",
                          "Parent Relationship": "Outer",
                          "Parallel Aware": true,
                          "Relation Name": "title",
                          "Alias": "t",
                          "Startup Cost": 0.0,
                          "Total Cost": 43899.32,
                          "Plan Rows": 64787,
                          "Plan Width": 4,
                          "Actual Startup Time": 0.036,
                          "Actual Total Time": 110.046,
                          "Actual Rows": 68476,
                          "Actual Loops": 4,
                          "Filter": "(production_year < 1963)",
                          "Rows Removed by Filter": 563602
                        }
                      ]
                    }
                  ]
                }
              ]
            }
          ]
        }
      ]
    },
    "Planning Time": 0.545,
    "Triggers": [],
    "Execution Time": 319.087
  }
]