[
    {
        "Bao": {
            "Bao prediction": 458.797,
            "Bao recommended hint": "(no hint)"
        }
    },
    {
        "Plan": {
            "Node Type": "Aggregate",
            "Strategy": "Plain",
            "Partial Mode": "Finalize",
            "Parallel Aware": false,
            "Startup Cost": 346390.77,
            "Total Cost": 346390.78,
            "Plan Rows": 1,
            "Plan Width": 8,
            "Actual Startup Time": 629.287,
            "Actual Total Time": 670.612,
            "Actual Rows": 1,
            "Actual Loops": 1,
            "Output": [
                "count(*)"
            ],
            "Plans": [
                {
                    "Node Type": "Gather",
                    "Parent Relationship": "Outer",
                    "Parallel Aware": false,
                    "Startup Cost": 346390.15,
                    "Total Cost": 346390.76,
                    "Plan Rows": 6,
                    "Plan Width": 8,
                    "Actual Startup Time": 629.199,
                    "Actual Total Time": 670.605,
                    "Actual Rows": 7,
                    "Actual Loops": 1,
                    "Output": [
                        "(PARTIAL count(*))"
                    ],
                    "Workers Planned": 6,
                    "Workers Launched": 6,
                    "Single Copy": false,
                    "Plans": [
                        {
                            "Node Type": "Aggregate",
                            "Strategy": "Plain",
                            "Partial Mode": "Partial",
                            "Parent Relationship": "Outer",
                            "Parallel Aware": false,
                            "Startup Cost": 345390.15,
                            "Total Cost": 345390.16,
                            "Plan Rows": 1,
                            "Plan Width": 8,
                            "Actual Startup Time": 619.991,
                            "Actual Total Time": 619.992,
                            "Actual Rows": 1,
                            "Actual Loops": 7,
                            "Output": [
                                "PARTIAL count(*)"
                            ],
                            "Workers": [
                                {
                                    "Worker Number": 0,
                                    "Actual Startup Time": 617.832,
                                    "Actual Total Time": 617.833,
                                    "Actual Rows": 1,
                                    "Actual Loops": 1
                                },
                                {
                                    "Worker Number": 1,
                                    "Actual Startup Time": 618.054,
                                    "Actual Total Time": 618.055,
                                    "Actual Rows": 1,
                                    "Actual Loops": 1
                                },
                                {
                                    "Worker Number": 2,
                                    "Actual Startup Time": 618.724,
                                    "Actual Total Time": 618.725,
                                    "Actual Rows": 1,
                                    "Actual Loops": 1
                                },
                                {
                                    "Worker Number": 3,
                                    "Actual Startup Time": 618.952,
                                    "Actual Total Time": 618.953,
                                    "Actual Rows": 1,
                                    "Actual Loops": 1
                                },
                                {
                                    "Worker Number": 4,
                                    "Actual Startup Time": 618.957,
                                    "Actual Total Time": 618.958,
                                    "Actual Rows": 1,
                                    "Actual Loops": 1
                                },
                                {
                                    "Worker Number": 5,
                                    "Actual Startup Time": 619.066,
                                    "Actual Total Time": 619.067,
                                    "Actual Rows": 1,
                                    "Actual Loops": 1
                                }
                            ],
                            "Plans": [
                                {
                                    "Node Type": "Seq Scan",
                                    "Parent Relationship": "Outer",
                                    "Parallel Aware": true,
                                    "Relation Name": "cast_info",
                                    "Schema": "public",
                                    "Alias": "ci",
                                    "Startup Cost": 0.0,
                                    "Total Cost": 343318.94,
                                    "Plan Rows": 828482,
                                    "Plan Width": 0,
                                    "Actual Startup Time": 389.91,
                                    "Actual Total Time": 603.242,
                                    "Actual Rows": 317056,
                                    "Actual Loops": 7,
                                    "Output": [
                                        "id",
                                        "person_id",
                                        "movie_id",
                                        "person_role_id",
                                        "note",
                                        "nr_order",
                                        "role_id"
                                    ],
                                    "Filter": "((ci.person_id > 3031060) AND (ci.role_id < 8))",
                                    "Rows Removed by Filter": 4860708,
                                    "Workers": [
                                        {
                                            "Worker Number": 0,
                                            "Actual Startup Time": 387.762,
                                            "Actual Total Time": 601.17,
                                            "Actual Rows": 244156,
                                            "Actual Loops": 1
                                        },
                                        {
                                            "Worker Number": 1,
                                            "Actual Startup Time": 387.977,
                                            "Actual Total Time": 601.969,
                                            "Actual Rows": 238830,
                                            "Actual Loops": 1
                                        },
                                        {
                                            "Worker Number": 2,
                                            "Actual Startup Time": 388.637,
                                            "Actual Total Time": 602.27,
                                            "Actual Rows": 245095,
                                            "Actual Loops": 1
                                        },
                                        {
                                            "Worker Number": 3,
                                            "Actual Startup Time": 388.871,
                                            "Actual Total Time": 602.243,
                                            "Actual Rows": 346070,
                                            "Actual Loops": 1
                                        },
                                        {
                                            "Worker Number": 4,
                                            "Actual Startup Time": 388.871,
                                            "Actual Total Time": 602.239,
                                            "Actual Rows": 346608,
                                            "Actual Loops": 1
                                        },
                                        {
                                            "Worker Number": 5,
                                            "Actual Startup Time": 388.986,
                                            "Actual Total Time": 602.369,
                                            "Actual Rows": 346976,
                                            "Actual Loops": 1
                                        }
                                    ]
                                }
                            ]
                        }
                    ]
                }
            ]
        },
        "Planning Time": 411.637,
        "Triggers": [],
        "Execution Time": 670.72
    }
]