[
  {
    "Plan": {
      "Node Type": "Aggregate",
      "Strategy": "Plain",
      "Partial Mode": "Finalize",
      "Parallel Aware": false,
      "Startup Cost": 45993.63,
      "Total Cost": 45993.64,
      "Plan Rows": 1,
      "Plan Width": 8,
      "Actual Startup Time": 171.765,
      "Actual Total Time": 181.395,
      "Actual Rows": 1,
      "Actual Loops": 1,
      "Plans": [
        {
          "Node Type": "Gather",
          "Parent Relationship": "Outer",
          "Parallel Aware": false,
          "Startup Cost": 45993.31,
          "Total Cost": 45993.62,
          "Plan Rows": 3,
          "Plan Width": 8,
          "Actual Startup Time": 171.679,
          "Actual Total Time": 181.386,
          "Actual Rows": 4,
          "Actual Loops": 1,
          "Workers Planned": 3,
          "Workers Launched": 3,
          "Single Copy": false,
          "Plans": [
            {
              "Node Type": "Aggregate",
              "Strategy": "Plain",
              "Partial Mode": "Partial",
              "Parent Relationship": "Outer",
              "Parallel Aware": false,
              "Startup Cost": 44993.31,
              "Total Cost": 44993.32,
              "Plan Rows": 1,
              "Plan Width": 8,
              "Actual Startup Time": 164.199,
              "Actual Total Time": 164.2,
              "Actual Rows": 1,
              "Actual Loops": 4,
              "Plans": [
                {
                  "Node Type": "Seq Scan",
                  "Parent Relationship": "Outer",
                  "Parallel Aware": true,
                  "Relation Name": "movie_keyword",
                  "Alias": "mk",
                  "Startup Cost": 0.0,
                  "Total Cost": 42695.65,
                  "Plan Rows": 919064,
                  "Plan Width": 0,
                  "Actual Startup Time": 0.437,
                  "Actual Total Time": 129.173,
                  "Actual Rows": 706770,
                  "Actual Loops": 4,
                  "Filter": "(keyword_id > 2632)",
                  "Rows Removed by Filter": 424212
                }
              ]
            }
          ]
        }
      ]
    },
    "Planning Time": 0.185,
    "Triggers": [],
    "Execution Time": 181.46
  }
]