{
    "Plan": {
        "Node Type": "Aggregate",
        "Strategy": "Plain",
        "Partial Mode": "Finalize",
        "Parallel Aware": false,
        "Startup Cost": 263809.9,
        "Total Cost": 263809.91,
        "Plan Rows": 1,
        "Plan Width": 8,
        "Actual Startup Time": 3119.746,
        "Actual Total Time": 3228.258,
        "Actual Rows": 1,
        "Actual Loops": 1,
        "Output": [
            "count(*)"
        ],
        "Plans": [
            {
                "Node Type": "Gather",
                "Parent Relationship": "Outer",
                "Parallel Aware": false,
                "Startup Cost": 263809.48,
                "Total Cost": 263809.89,
                "Plan Rows": 4,
                "Plan Width": 8,
                "Actual Startup Time": 3117.784,
                "Actual Total Time": 3228.246,
                "Actual Rows": 5,
                "Actual Loops": 1,
                "Output": [
                    "(PARTIAL count(*))"
                ],
                "Workers Planned": 4,
                "Workers Launched": 4,
                "Single Copy": false,
                "Plans": [
                    {
                        "Node Type": "Aggregate",
                        "Strategy": "Plain",
                        "Partial Mode": "Partial",
                        "Parent Relationship": "Outer",
                        "Parallel Aware": false,
                        "Startup Cost": 262809.48,
                        "Total Cost": 262809.49,
                        "Plan Rows": 1,
                        "Plan Width": 8,
                        "Actual Startup Time": 3107.565,
                        "Actual Total Time": 3107.568,
                        "Actual Rows": 1,
                        "Actual Loops": 5,
                        "Output": [
                            "PARTIAL count(*)"
                        ],
                        "Workers": [
                            {
                                "Worker Number": 0,
                                "Actual Startup Time": 3104.602,
                                "Actual Total Time": 3104.605,
                                "Actual Rows": 1,
                                "Actual Loops": 1
                            },
                            {
                                "Worker Number": 1,
                                "Actual Startup Time": 3104.972,
                                "Actual Total Time": 3104.975,
                                "Actual Rows": 1,
                                "Actual Loops": 1
                            },
                            {
                                "Worker Number": 2,
                                "Actual Startup Time": 3105.592,
                                "Actual Total Time": 3105.595,
                                "Actual Rows": 1,
                                "Actual Loops": 1
                            },
                            {
                                "Worker Number": 3,
                                "Actual Startup Time": 3105.789,
                                "Actual Total Time": 3105.792,
                                "Actual Rows": 1,
                                "Actual Loops": 1
                            }
                        ],
                        "Plans": [
                            {
                                "Node Type": "Nested Loop",
                                "Parent Relationship": "Outer",
                                "Parallel Aware": false,
                                "Join Type": "Inner",
                                "Startup Cost": 17511.96,
                                "Total Cost": 261680.45,
                                "Plan Rows": 451612,
                                "Plan Width": 0,
                                "Actual Startup Time": 74.895,
                                "Actual Total Time": 3081.789,
                                "Actual Rows": 500969,
                                "Actual Loops": 5,
                                "Inner Unique": false,
                                "Workers": [
                                    {
                                        "Worker Number": 0,
                                        "Actual Startup Time": 72.155,
                                        "Actual Total Time": 3080.906,
                                        "Actual Rows": 445609,
                                        "Actual Loops": 1
                                    },
                                    {
                                        "Worker Number": 1,
                                        "Actual Startup Time": 72.304,
                                        "Actual Total Time": 3078.191,
                                        "Actual Rows": 513049,
                                        "Actual Loops": 1
                                    },
                                    {
                                        "Worker Number": 2,
                                        "Actual Startup Time": 72.4,
                                        "Actual Total Time": 3079.005,
                                        "Actual Rows": 505997,
                                        "Actual Loops": 1
                                    },
                                    {
                                        "Worker Number": 3,
                                        "Actual Startup Time": 73.441,
                                        "Actual Total Time": 3082.206,
                                        "Actual Rows": 446546,
                                        "Actual Loops": 1
                                    }
                                ],
                                "Plans": [
                                    {
                                        "Node Type": "Hash Join",
                                        "Parent Relationship": "Outer",
                                        "Parallel Aware": true,
                                        "Join Type": "Inner",
                                        "Startup Cost": 17511.39,
                                        "Total Cost": 63448.13,
                                        "Plan Rows": 82036,
                                        "Plan Width": 8,
                                        "Actual Startup Time": 74.68,
                                        "Actual Total Time": 332.77,
                                        "Actual Rows": 63976,
                                        "Actual Loops": 5,
                                        "Output": [
                                            "t.id",
                                            "mi_idx.movie_id"
                                        ],
                                        "Inner Unique": false,
                                        "Hash Cond": "(t.id = mi_idx.movie_id)",
                                        "Workers": [
                                            {
                                                "Worker Number": 0,
                                                "Actual Startup Time": 71.935,
                                                "Actual Total Time": 321.189,
                                                "Actual Rows": 56711,
                                                "Actual Loops": 1
                                            },
                                            {
                                                "Worker Number": 1,
                                                "Actual Startup Time": 72.113,
                                                "Actual Total Time": 333.812,
                                                "Actual Rows": 65892,
                                                "Actual Loops": 1
                                            },
                                            {
                                                "Worker Number": 2,
                                                "Actual Startup Time": 72.165,
                                                "Actual Total Time": 331.686,
                                                "Actual Rows": 64935,
                                                "Actual Loops": 1
                                            },
                                            {
                                                "Worker Number": 3,
                                                "Actual Startup Time": 73.07,
                                                "Actual Total Time": 321.531,
                                                "Actual Rows": 57102,
                                                "Actual Loops": 1
                                            }
                                        ],
                                        "Plans": [
                                            {
                                                "Node Type": "Seq Scan",
                                                "Parent Relationship": "Outer",
                                                "Parallel Aware": true,
                                                "Relation Name": "title",
                                                "Schema": "public",
                                                "Alias": "t",
                                                "Startup Cost": 0.0,
                                                "Total Cost": 43899.01,
                                                "Plan Rows": 452242,
                                                "Plan Width": 4,
                                                "Actual Startup Time": 0.029,
                                                "Actual Total Time": 80.498,
                                                "Actual Rows": 362649,
                                                "Actual Loops": 5,
                                                "Output": [
                                                    "t.id",
                                                    "t.title",
                                                    "t.imdb_index",
                                                    "t.kind_id",
                                                    "t.production_year",
                                                    "t.imdb_id",
                                                    "t.phonetic_code",
                                                    "t.episode_of_id",
                                                    "t.season_nr",
                                                    "t.episode_nr",
                                                    "t.series_years",
                                                    "t.md5sum"
                                                ],
                                                "Filter": "(t.production_year > 1987)",
                                                "Rows Removed by Filter": 143013,
                                                "Workers": [
                                                    {
                                                        "Worker Number": 0,
                                                        "Actual Startup Time": 0.039,
                                                        "Actual Total Time": 80.355,
                                                        "Actual Rows": 320174,
                                                        "Actual Loops": 1
                                                    },
                                                    {
                                                        "Worker Number": 1,
                                                        "Actual Startup Time": 0.031,
                                                        "Actual Total Time": 85.425,
                                                        "Actual Rows": 370643,
                                                        "Actual Loops": 1
                                                    },
                                                    {
                                                        "Worker Number": 2,
                                                        "Actual Startup Time": 0.033,
                                                        "Actual Total Time": 84.924,
                                                        "Actual Rows": 362648,
                                                        "Actual Loops": 1
                                                    },
                                                    {
                                                        "Worker Number": 3,
                                                        "Actual Startup Time": 0.032,
                                                        "Actual Total Time": 80.333,
                                                        "Actual Rows": 319633,
                                                        "Actual Loops": 1
                                                    }
                                                ]
                                            },
                                            {
                                                "Node Type": "Hash",
                                                "Parent Relationship": "Inner",
                                                "Parallel Aware": true,
                                                "Startup Cost": 15122.68,
                                                "Total Cost": 15122.68,
                                                "Plan Rows": 191097,
                                                "Plan Width": 4,
                                                "Actual Startup Time": 71.779,
                                                "Actual Total Time": 71.78,
                                                "Actual Rows": 91985,
                                                "Actual Loops": 5,
                                                "Output": [
                                                    "mi_idx.movie_id"
                                                ],
                                                "Hash Buckets": 524288,
                                                "Original Hash Buckets": 524288,
                                                "Hash Batches": 1,
                                                "Original Hash Batches": 1,
                                                "Peak Memory Usage": 22176,
                                                "Workers": [
                                                    {
                                                        "Worker Number": 0,
                                                        "Actual Startup Time": 71.225,
                                                        "Actual Total Time": 71.225,
                                                        "Actual Rows": 81936,
                                                        "Actual Loops": 1
                                                    },
                                                    {
                                                        "Worker Number": 1,
                                                        "Actual Startup Time": 71.7,
                                                        "Actual Total Time": 71.701,
                                                        "Actual Rows": 88586,
                                                        "Actual Loops": 1
                                                    },
                                                    {
                                                        "Worker Number": 2,
                                                        "Actual Startup Time": 71.72,
                                                        "Actual Total Time": 71.72,
                                                        "Actual Rows": 91833,
                                                        "Actual Loops": 1
                                                    },
                                                    {
                                                        "Worker Number": 3,
                                                        "Actual Startup Time": 72.444,
                                                        "Actual Total Time": 72.445,
                                                        "Actual Rows": 79191,
                                                        "Actual Loops": 1
                                                    }
                                                ],
                                                "Plans": [
                                                    {
                                                        "Node Type": "Seq Scan",
                                                        "Parent Relationship": "Outer",
                                                        "Parallel Aware": true,
                                                        "Relation Name": "movie_info_idx",
                                                        "Schema": "public",
                                                        "Alias": "mi_idx",
                                                        "Startup Cost": 0.0,
                                                        "Total Cost": 15122.68,
                                                        "Plan Rows": 191097,
                                                        "Plan Width": 4,
                                                        "Actual Startup Time": 0.036,
                                                        "Actual Total Time": 36.76,
                                                        "Actual Rows": 91985,
                                                        "Actual Loops": 5,
                                                        "Output": [
                                                            "mi_idx.movie_id"
                                                        ],
                                                        "Filter": "(mi_idx.info_type_id = 101)",
                                                        "Rows Removed by Filter": 184022,
                                                        "Workers": [
                                                            {
                                                                "Worker Number": 0,
                                                                "Actual Startup Time": 0.045,
                                                                "Actual Total Time": 37.337,
                                                                "Actual Rows": 81936,
                                                                "Actual Loops": 1
                                                            },
                                                            {
                                                                "Worker Number": 1,
                                                                "Actual Startup Time": 0.033,
                                                                "Actual Total Time": 37.361,
                                                                "Actual Rows": 88586,
                                                                "Actual Loops": 1
                                                            },
                                                            {
                                                                "Worker Number": 2,
                                                                "Actual Startup Time": 0.026,
                                                                "Actual Total Time": 37.57,
                                                                "Actual Rows": 91833,
                                                                "Actual Loops": 1
                                                            },
                                                            {
                                                                "Worker Number": 3,
                                                                "Actual Startup Time": 0.052,
                                                                "Actual Total Time": 37.167,
                                                                "Actual Rows": 79191,
                                                                "Actual Loops": 1
                                                            }
                                                        ]
                                                    }
                                                ]
                                            }
                                        ]
                                    },
                                    {
                                        "Node Type": "Index Scan",
                                        "Parent Relationship": "Inner",
                                        "Parallel Aware": false,
                                        "Scan Direction": "Forward",
                                        "Index Name": "movie_id_cast_info",
                                        "Relation Name": "cast_info",
                                        "Schema": "public",
                                        "Alias": "ci",
                                        "Startup Cost": 0.56,
                                        "Total Cost": 2.27,
                                        "Plan Rows": 15,
                                        "Plan Width": 4,
                                        "Actual Startup Time": 0.019,
                                        "Actual Total Time": 0.042,
                                        "Actual Rows": 8,
                                        "Actual Loops": 319881,
                                        "Output": [
                                            "ci.id",
                                            "ci.person_id",
                                            "ci.movie_id",
                                            "ci.person_role_id",
                                            "ci.note",
                                            "ci.nr_order",
                                            "ci.role_id"
                                        ],
                                        "Index Cond": "(ci.movie_id = t.id)",
                                        "Rows Removed by Index Recheck": 0,
                                        "Filter": "((ci.person_id < 2165859) AND (ci.role_id > 1))",
                                        "Rows Removed by Filter": 24,
                                        "Workers": [
                                            {
                                                "Worker Number": 0,
                                                "Actual Startup Time": 0.022,
                                                "Actual Total Time": 0.048,
                                                "Actual Rows": 8,
                                                "Actual Loops": 56711
                                            },
                                            {
                                                "Worker Number": 1,
                                                "Actual Startup Time": 0.018,
                                                "Actual Total Time": 0.041,
                                                "Actual Rows": 8,
                                                "Actual Loops": 65892
                                            },
                                            {
                                                "Worker Number": 2,
                                                "Actual Startup Time": 0.019,
                                                "Actual Total Time": 0.041,
                                                "Actual Rows": 8,
                                                "Actual Loops": 64935
                                            },
                                            {
                                                "Worker Number": 3,
                                                "Actual Startup Time": 0.021,
                                                "Actual Total Time": 0.047,
                                                "Actual Rows": 8,
                                                "Actual Loops": 57102
                                            }
                                        ]
                                    }
                                ]
                            }
                        ]
                    }
                ]
            }
        ]
    },
    "Planning Time": 1.492,
    "Triggers": [],
    "Execution Time": 3228.371
}