[
  {
    "Plan": {
      "Node Type": "Aggregate",
      "Strategy": "Plain",
      "Partial Mode": "Finalize",
      "Parallel Aware": false,
      "Startup Cost": 45217.46,
      "Total Cost": 45217.47,
      "Plan Rows": 1,
      "Plan Width": 8,
      "Actual Startup Time": 143.322,
      "Actual Total Time": 152.413,
      "Actual Rows": 1,
      "Actual Loops": 1,
      "Plans": [
        {
          "Node Type": "Gather",
          "Parent Relationship": "Outer",
          "Parallel Aware": false,
          "Startup Cost": 45217.15,
          "Total Cost": 45217.46,
          "Plan Rows": 3,
          "Plan Width": 8,
          "Actual Startup Time": 143.198,
          "Actual Total Time": 152.406,
          "Actual Rows": 4,
          "Actual Loops": 1,
          "Workers Planned": 3,
          "Workers Launched": 3,
          "Single Copy": false,
          "Plans": [
            {
              "Node Type": "Aggregate",
              "Strategy": "Plain",
              "Partial Mode": "Partial",
              "Parent Relationship": "Outer",
              "Parallel Aware": false,
              "Startup Cost": 44217.15,
              "Total Cost": 44217.16,
              "Plan Rows": 1,
              "Plan Width": 8,
              "Actual Startup Time": 134.701,
              "Actual Total Time": 134.703,
              "Actual Rows": 1,
              "Actual Loops": 4,
              "Plans": [
                {
                  "Node Type": "Seq Scan",
                  "Parent Relationship": "Outer",
                  "Parallel Aware": true,
                  "Relation Name": "movie_keyword",
                  "Alias": "mk",
                  "Startup Cost": 0.0,
                  "Total Cost": 42695.65,
                  "Plan Rows": 608597,
                  "Plan Width": 0,
                  "Actual Startup Time": 0.665,
                  "Actual Total Time": 112.426,
                  "Actual Rows": 472342,
                  "Actual Loops": 4,
                  "Filter": "(keyword_id > 7222)",
                  "Rows Removed by Filter": 658641
                }
              ]
            }
          ]
        }
      ]
    },
    "Planning Time": 0.112,
    "Triggers": [],
    "Execution Time": 152.449
  }
]