[
  {
    "Plan": {
      "Node Type": "Aggregate",
      "Strategy": "Plain",
      "Partial Mode": "Finalize",
      "Parallel Aware": false,
      "Startup Cost": 474537.77,
      "Total Cost": 474537.78,
      "Plan Rows": 1,
      "Plan Width": 64,
      "Actual Startup Time": 3038.158,
      "Actual Total Time": 3115.615,
      "Actual Rows": 1,
      "Actual Loops": 1,
      "Plans": [
        {
          "Node Type": "Gather",
          "Parent Relationship": "Outer",
          "Parallel Aware": false,
          "Startup Cost": 474537.13,
          "Total Cost": 474537.74,
          "Plan Rows": 6,
          "Plan Width": 64,
          "Actual Startup Time": 2970.417,
          "Actual Total Time": 3115.533,
          "Actual Rows": 7,
          "Actual Loops": 1,
          "Workers Planned": 6,
          "Workers Launched": 6,
          "Single Copy": false,
          "Plans": [
            {
              "Node Type": "Aggregate",
              "Strategy": "Plain",
              "Partial Mode": "Partial",
              "Parent Relationship": "Outer",
              "Parallel Aware": false,
              "Startup Cost": 473537.13,
              "Total Cost": 473537.14,
              "Plan Rows": 1,
              "Plan Width": 64,
              "Actual Startup Time": 2948.434,
              "Actual Total Time": 2948.479,
              "Actual Rows": 1,
              "Actual Loops": 7,
              "Plans": [
                {
                  "Node Type": "Hash Join",
                  "Parent Relationship": "Outer",
                  "Parallel Aware": false,
                  "Join Type": "Inner",
                  "Startup Cost": 142171.31,
                  "Total Cost": 472627.96,
                  "Plan Rows": 181834,
                  "Plan Width": 33,
                  "Actual Startup Time": 2008.636,
                  "Actual Total Time": 2948.449,
                  "Actual Rows": 2,
                  "Actual Loops": 7,
                  "Inner Unique": true,
                  "Hash Cond": "(ci.role_id = rt.id)",
                  "Plans": [
                    {
                      "Node Type": "Hash Join",
                      "Parent Relationship": "Outer",
                      "Parallel Aware": true,
                      "Join Type": "Inner",
                      "Startup Cost": 142170.04,
                      "Total Cost": 471980.8,
                      "Plan Rows": 181834,
                      "Plan Width": 37,
                      "Actual Startup Time": 2007.697,
                      "Actual Total Time": 2947.499,
                      "Actual Rows": 2,
                      "Actual Loops": 7,
                      "Inner Unique": true,
                      "Hash Cond": "(ci.person_role_id = chn.id)",
                      "Plans": [
                        {
                          "Node Type": "Hash Join",
                          "Parent Relationship": "Outer",
                          "Parallel Aware": true,
                          "Join Type": "Inner",
                          "Startup Cost": 88057.63,
                          "Total Cost": 417391.07,
                          "Plan Rows": 181834,
                          "Plan Width": 25,
                          "Actual Startup Time": 1198.57,
                          "Actual Total Time": 2363.371,
                          "Actual Rows": 137240,
                          "Actual Loops": 7,
                          "Inner Unique": false,
                          "Hash Cond": "(ci.movie_id = t.id)",
                          "Plans": [
                            {
                              "Node Type": "Seq Scan",
                              "Parent Relationship": "Outer",
                              "Parallel Aware": true,
                              "Relation Name": "cast_info",
                              "Alias": "ci",
                              "Startup Cost": 0.0,
                              "Total Cost": 328232.2,
                              "Plan Rows": 246960,
                              "Plan Width": 12,
                              "Actual Startup Time": 215.678,
                              "Actual Total Time": 1432.773,
                              "Actual Rows": 205063,
                              "Actual Loops": 7,
                              "Filter": "(note ~~ '%(producer)%'::text)",
                              "Rows Removed by Filter": 4972701
                            },
                            {
                              "Node Type": "Hash",
                              "Parent Relationship": "Inner",
                              "Parallel Aware": true,
                              "Startup Cost": 85816.28,
                              "Total Cost": 85816.28,
                              "Plan Rows": 179308,
                              "Plan Width": 25,
                              "Actual Startup Time": 803.048,
                              "Actual Total Time": 803.075,
                              "Actual Rows": 138134,
                              "Actual Loops": 7,
                              "Hash Buckets": 1048576,
                              "Original Hash Buckets": 1048576,
                              "Hash Batches": 1,
                              "Original Hash Batches": 1,
                              "Peak Memory Usage": 67712,
                              "Plans": [
                                {
                                  "Node Type": "Hash Join",
                                  "Parent Relationship": "Outer",
                                  "Parallel Aware": false,
                                  "Join Type": "Inner",
                                  "Startup Cost": 38566.59,
                                  "Total Cost": 85816.28,
                                  "Plan Rows": 179308,
                                  "Plan Width": 25,
                                  "Actual Startup Time": 377.676,
                                  "Actual Total Time": 694.421,
                                  "Actual Rows": 138134,
                                  "Actual Loops": 7,
                                  "Inner Unique": true,
                                  "Hash Cond": "(mc.company_type_id = ct.id)",
                                  "Plans": [
                                    {
                                      "Node Type": "Hash Join",
                                      "Parent Relationship": "Outer",
                                      "Parallel Aware": true,
                                      "Join Type": "Inner",
                                      "Startup Cost": 38565.5,
                                      "Total Cost": 84845.81,
                                      "Plan Rows": 179308,
                                      "Plan Width": 29,
                                      "Actual Startup Time": 377.498,
                                      "Actual Total Time": 666.625,
                                      "Actual Rows": 138134,
                                      "Actual Loops": 7,
                                      "Inner Unique": false,
                                      "Hash Cond": "(t.id = mc.movie_id)",
                                      "Plans": [
                                        {
                                          "Node Type": "Seq Scan",
                                          "Parent Relationship": "Outer",
                                          "Parallel Aware": true,
                                          "Relation Name": "title",
                                          "Alias": "t",
                                          "Startup Cost": 0.0,
                                          "Total Cost": 43898.97,
                                          "Plan Rows": 480779,
                                          "Plan Width": 21,
                                          "Actual Startup Time": 0.067,
                                          "Actual Total Time": 135.283,
                                          "Actual Rows": 274693,
                                          "Actual Loops": 7,
                                          "Filter": "(production_year < 2010)",
                                          "Rows Removed by Filter": 86495
                                        },
                                        {
                                          "Node Type": "Hash",
                                          "Parent Relationship": "Inner",
                                          "Parallel Aware": true,
                                          "Startup Cost": 34763.33,
                                          "Total Cost": 34763.33,
                                          "Plan Rows": 304174,
                                          "Plan Width": 8,
                                          "Actual Startup Time": 376.281,
                                          "Actual Total Time": 376.293,
                                          "Actual Rows": 164828,
                                          "Actual Loops": 7,
                                          "Hash Buckets": 2097152,
                                          "Original Hash Buckets": 1048576,
                                          "Hash Batches": 1,
                                          "Original Hash Batches": 1,
                                          "Peak Memory Usage": 69824,
                                          "Plans": [
                                            {
                                              "Node Type": "Hash Join",
                                              "Parent Relationship": "Outer",
                                              "Parallel Aware": true,
                                              "Join Type": "Inner",
                                              "Startup Cost": 5347.39,
                                              "Total Cost": 34763.33,
                                              "Plan Rows": 304174,
                                              "Plan Width": 8,
                                              "Actual Startup Time": 52.588,
                                              "Actual Total Time": 233.123,
                                              "Actual Rows": 164828,
                                              "Actual Loops": 7,
                                              "Inner Unique": true,
                                              "Hash Cond": "(mc.company_id = cn.id)",
                                              "Plans": [
                                                {
                                                  "Node Type": "Seq Scan",
                                                  "Parent Relationship": "Outer",
                                                  "Parallel Aware": true,
                                                  "Relation Name": "movie_companies",
                                                  "Alias": "mc",
                                                  "Startup Cost": 0.0,
                                                  "Total Cost": 27206.55,
                                                  "Plan Rows": 841655,
                                                  "Plan Width": 12,
                                                  "Actual Startup Time": 0.05,
                                                  "Actual Total Time": 84.601,
                                                  "Actual Rows": 372733,
                                                  "Actual Loops": 7
                                                },
                                                {
                                                  "Node Type": "Hash",
                                                  "Parent Relationship": "Inner",
                                                  "Parallel Aware": true,
                                                  "Startup Cost": 4722.92,
                                                  "Total Cost": 4722.92,
                                                  "Plan Rows": 49958,
                                                  "Plan Width": 4,
                                                  "Actual Startup Time": 48.294,
                                                  "Actual Total Time": 48.297,
                                                  "Actual Rows": 12120,
                                                  "Actual Loops": 7,
                                                  "Hash Buckets": 131072,
                                                  "Original Hash Buckets": 131072,
                                                  "Hash Batches": 1,
                                                  "Original Hash Batches": 1,
                                                  "Peak Memory Usage": 4416,
                                                  "Plans": [
                                                    {
                                                      "Node Type": "Seq Scan",
                                                      "Parent Relationship": "Outer",
                                                      "Parallel Aware": true,
                                                      "Relation Name": "company_name",
                                                      "Alias": "cn",
                                                      "Startup Cost": 0.0,
                                                      "Total Cost": 4722.92,
                                                      "Plan Rows": 49958,
                                                      "Plan Width": 4,
                                                      "Actual Startup Time": 0.108,
                                                      "Actual Total Time": 17.234,
                                                      "Actual Rows": 12120,
                                                      "Actual Loops": 7,
                                                      "Filter": "((country_code)::text = '[us]'::text)",
                                                      "Rows Removed by Filter": 21451
                                                    }
                                                  ]
                                                }
                                              ]
                                            }
                                          ]
                                        }
                                      ]
                                    },
                                    {
                                      "Node Type": "Hash",
                                      "Parent Relationship": "Inner",
                                      "Parallel Aware": false,
                                      "Startup Cost": 1.04,
                                      "Total Cost": 1.04,
                                      "Plan Rows": 4,
                                      "Plan Width": 4,
                                      "Actual Startup Time": 0.098,
                                      "Actual Total Time": 0.102,
                                      "Actual Rows": 4,
                                      "Actual Loops": 7,
                                      "Hash Buckets": 1024,
                                      "Original Hash Buckets": 1024,
                                      "Hash Batches": 1,
                                      "Original Hash Batches": 1,
                                      "Peak Memory Usage": 9,
                                      "Plans": [
                                        {
                                          "Node Type": "Seq Scan",
                                          "Parent Relationship": "Outer",
                                          "Parallel Aware": false,
                                          "Relation Name": "company_type",
                                          "Alias": "ct",
                                          "Startup Cost": 0.0,
                                          "Total Cost": 1.04,
                                          "Plan Rows": 4,
                                          "Plan Width": 4,
                                          "Actual Startup Time": 0.076,
                                          "Actual Total Time": 0.079,
                                          "Actual Rows": 4,
                                          "Actual Loops": 7
                                        }
                                      ]
                                    }
                                  ]
                                }
                              ]
                            }
                          ]
                        },
                        {
                          "Node Type": "Hash",
                          "Parent Relationship": "Inner",
                          "Parallel Aware": true,
                          "Startup Cost": 44298.85,
                          "Total Cost": 44298.85,
                          "Plan Rows": 785085,
                          "Plan Width": 20,
                          "Actual Startup Time": 566.005,
                          "Actual Total Time": 566.007,
                          "Actual Rows": 448620,
                          "Actual Loops": 7,
                          "Hash Buckets": 4194304,
                          "Original Hash Buckets": 4194304,
                          "Hash Batches": 1,
                          "Original Hash Batches": 1,
                          "Peak Memory Usage": 205152,
                          "Plans": [
                            {
                              "Node Type": "Seq Scan",
                              "Parent Relationship": "Outer",
                              "Parallel Aware": true,
                              "Relation Name": "char_name",
                              "Alias": "chn",
                              "Startup Cost": 0.0,
                              "Total Cost": 44298.85,
                              "Plan Rows": 785085,
                              "Plan Width": 20,
                              "Actual Startup Time": 0.095,
                              "Actual Total Time": 162.146,
                              "Actual Rows": 448620,
                              "Actual Loops": 7
                            }
                          ]
                        }
                      ]
                    },
                    {
                      "Node Type": "Hash",
                      "Parent Relationship": "Inner",
                      "Parallel Aware": false,
                      "Startup Cost": 1.12,
                      "Total Cost": 1.12,
                      "Plan Rows": 12,
                      "Plan Width": 4,
                      "Actual Startup Time": 0.12,
                      "Actual Total Time": 0.122,
                      "Actual Rows": 12,
                      "Actual Loops": 7,
                      "Hash Buckets": 1024,
                      "Original Hash Buckets": 1024,
                      "Hash Batches": 1,
                      "Original Hash Batches": 1,
                      "Peak Memory Usage": 9,
                      "Plans": [
                        {
                          "Node Type": "Seq Scan",
                          "Parent Relationship": "Outer",
                          "Parallel Aware": false,
                          "Relation Name": "role_type",
                          "Alias": "rt",
                          "Startup Cost": 0.0,
                          "Total Cost": 1.12,
                          "Plan Rows": 12,
                          "Plan Width": 4,
                          "Actual Startup Time": 0.067,
                          "Actual Total Time": 0.074,
                          "Actual Rows": 12,
                          "Actual Loops": 7
                        }
                      ]
                    }
                  ]
                }
              ]
            }
          ]
        }
      ]
    },
    "Planning Time": 13.205,
    "Triggers": [],
    "Execution Time": 3116.186
  }
]