[
  {
    "Plan": {
      "Node Type": "Aggregate",
      "Strategy": "Plain",
      "Partial Mode": "Finalize",
      "Parallel Aware": false,
      "Startup Cost": 31413.5,
      "Total Cost": 31413.51,
      "Plan Rows": 1,
      "Plan Width": 8,
      "Actual Startup Time": 110.851,
      "Actual Total Time": 119.145,
      "Actual Rows": 1,
      "Actual Loops": 1,
      "Plans": [
        {
          "Node Type": "Gather",
          "Parent Relationship": "Outer",
          "Parallel Aware": false,
          "Startup Cost": 31413.18,
          "Total Cost": 31413.49,
          "Plan Rows": 3,
          "Plan Width": 8,
          "Actual Startup Time": 110.681,
          "Actual Total Time": 119.136,
          "Actual Rows": 4,
          "Actual Loops": 1,
          "Workers Planned": 3,
          "Workers Launched": 3,
          "Single Copy": false,
          "Plans": [
            {
              "Node Type": "Aggregate",
              "Strategy": "Plain",
              "Partial Mode": "Partial",
              "Parent Relationship": "Outer",
              "Parallel Aware": false,
              "Startup Cost": 30413.18,
              "Total Cost": 30413.19,
              "Plan Rows": 1,
              "Plan Width": 8,
              "Actual Startup Time": 104.288,
              "Actual Total Time": 104.289,
              "Actual Rows": 1,
              "Actual Loops": 4,
              "Plans": [
                {
                  "Node Type": "Seq Scan",
                  "Parent Relationship": "Outer",
                  "Parallel Aware": true,
                  "Relation Name": "movie_companies",
                  "Alias": "mc",
                  "Startup Cost": 0.0,
                  "Total Cost": 29310.68,
                  "Plan Rows": 441000,
                  "Plan Width": 0,
                  "Actual Startup Time": 0.027,
                  "Actual Total Time": 84.578,
                  "Actual Rows": 344378,
                  "Actual Loops": 4,
                  "Filter": "(company_id < 11873)",
                  "Rows Removed by Filter": 307904
                }
              ]
            }
          ]
        }
      ]
    },
    "Planning Time": 0.168,
    "Triggers": [],
    "Execution Time": 119.193
  }
]