[
  {
    "Plan": {
      "Node Type": "Aggregate",
      "Strategy": "Plain",
      "Partial Mode": "Finalize",
      "Parallel Aware": false,
      "Startup Cost": 383452.06,
      "Total Cost": 383452.07,
      "Plan Rows": 1,
      "Plan Width": 8,
      "Actual Startup Time": 2313.733,
      "Actual Total Time": 2360.824,
      "Actual Rows": 1,
      "Actual Loops": 1,
      "Plans": [
        {
          "Node Type": "Gather",
          "Parent Relationship": "Outer",
          "Parallel Aware": false,
          "Startup Cost": 383451.43,
          "Total Cost": 383452.04,
          "Plan Rows": 6,
          "Plan Width": 8,
          "Actual Startup Time": 2310.309,
          "Actual Total Time": 2360.804,
          "Actual Rows": 7,
          "Actual Loops": 1,
          "Workers Planned": 6,
          "Workers Launched": 6,
          "Single Copy": false,
          "Plans": [
            {
              "Node Type": "Aggregate",
              "Strategy": "Plain",
              "Partial Mode": "Partial",
              "Parent Relationship": "Outer",
              "Parallel Aware": false,
              "Startup Cost": 382451.43,
              "Total Cost": 382451.44,
              "Plan Rows": 1,
              "Plan Width": 8,
              "Actual Startup Time": 2302.041,
              "Actual Total Time": 2302.045,
              "Actual Rows": 1,
              "Actual Loops": 7,
              "Plans": [
                {
                  "Node Type": "Hash Join",
                  "Parent Relationship": "Outer",
                  "Parallel Aware": true,
                  "Join Type": "Inner",
                  "Startup Cost": 48228.91,
                  "Total Cost": 377195.57,
                  "Plan Rows": 2102345,
                  "Plan Width": 0,
                  "Actual Startup Time": 147.638,
                  "Actual Total Time": 2205.892,
                  "Actual Rows": 2042430,
                  "Actual Loops": 7,
                  "Inner Unique": true,
                  "Hash Cond": "(ci.movie_id = t.id)",
                  "Plans": [
                    {
                      "Node Type": "Seq Scan",
                      "Parent Relationship": "Outer",
                      "Parallel Aware": true,
                      "Relation Name": "cast_info",
                      "Alias": "ci",
                      "Startup Cost": 0.0,
                      "Total Cost": 313106.51,
                      "Plan Rows": 6041951,
                      "Plan Width": 4,
                      "Actual Startup Time": 0.039,
                      "Actual Total Time": 554.039,
                      "Actual Rows": 5177763,
                      "Actual Loops": 7
                    },
                    {
                      "Node Type": "Hash",
                      "Parent Relationship": "Inner",
                      "Parallel Aware": true,
                      "Startup Cost": 45479.59,
                      "Total Cost": 45479.59,
                      "Plan Rows": 219946,
                      "Plan Width": 4,
                      "Actual Startup Time": 145.282,
                      "Actual Total Time": 145.283,
                      "Actual Rows": 136757,
                      "Actual Loops": 7,
                      "Hash Buckets": 1048576,
                      "Original Hash Buckets": 1048576,
                      "Hash Batches": 1,
                      "Original Hash Batches": 1,
                      "Peak Memory Usage": 45728,
                      "Plans": [
                        {
                          "Node Type": "Seq Scan",
                          "Parent Relationship": "Outer",
                          "Parallel Aware": true,
                          "Relation Name": "title",
                          "Alias": "t",
                          "Startup Cost": 0.0,
                          "Total Cost": 45479.59,
                          "Plan Rows": 219946,
                          "Plan Width": 4,
                          "Actual Startup Time": 0.05,
                          "Actual Total Time": 80.101,
                          "Actual Rows": 136757,
                          "Actual Loops": 7,
                          "Filter": "((production_year > 1999) AND (kind_id = 7))",
                          "Rows Removed by Filter": 224430
                        }
                      ]
                    }
                  ]
                }
              ]
            }
          ]
        }
      ]
    },
    "Planning Time": 0.46,
    "Triggers": [],
    "Execution Time": 2360.88
  }
]