{
    "Plan": {
        "Node Type": "Aggregate",
        "Strategy": "Plain",
        "Partial Mode": "Simple",
        "Parallel Aware": false,
        "Startup Cost": 15727.49,
        "Total Cost": 15727.5,
        "Plan Rows": 1,
        "Plan Width": 8,
        "Actual Startup Time": 42.798,
        "Actual Total Time": 42.8,
        "Actual Rows": 1,
        "Actual Loops": 1,
        "Output": [
            "count(*)"
        ],
        "Plans": [
            {
                "Node Type": "Bitmap Heap Scan",
                "Parent Relationship": "Outer",
                "Parallel Aware": false,
                "Relation Name": "movie_companies",
                "Schema": "public",
                "Alias": "mc",
                "Startup Cost": 193.18,
                "Total Cost": 15705.31,
                "Plan Rows": 8871,
                "Plan Width": 0,
                "Actual Startup Time": 5.988,
                "Actual Total Time": 41.49,
                "Actual Rows": 10163,
                "Actual Loops": 1,
                "Recheck Cond": "(mc.company_id = 846)",
                "Rows Removed by Index Recheck": 0,
                "Exact Heap Blocks": 5689,
                "Lossy Heap Blocks": 0,
                "Plans": [
                    {
                        "Node Type": "Bitmap Index Scan",
                        "Parent Relationship": "Outer",
                        "Parallel Aware": false,
                        "Index Name": "company_id_movie_companies",
                        "Startup Cost": 0.0,
                        "Total Cost": 190.96,
                        "Plan Rows": 8871,
                        "Plan Width": 0,
                        "Actual Startup Time": 3.889,
                        "Actual Total Time": 3.889,
                        "Actual Rows": 10163,
                        "Actual Loops": 1,
                        "Index Cond": "(mc.company_id = 846)"
                    }
                ]
            }
        ]
    },
    "Planning Time": 1.747,
    "Triggers": [],
    "Execution Time": 43.032
}