[
    {
        "Bao": {
            "Bao prediction": 672.958,
            "Bao recommended hint": "(no hint)"
        }
    },
    {
        "Plan": {
            "Node Type": "Aggregate",
            "Strategy": "Plain",
            "Partial Mode": "Finalize",
            "Parallel Aware": false,
            "Startup Cost": 304792.78,
            "Total Cost": 304792.79,
            "Plan Rows": 1,
            "Plan Width": 8,
            "Actual Startup Time": 290.196,
            "Actual Total Time": 298.883,
            "Actual Rows": 1,
            "Actual Loops": 1,
            "Output": [
                "count(*)"
            ],
            "Plans": [
                {
                    "Node Type": "Gather",
                    "Parent Relationship": "Outer",
                    "Parallel Aware": false,
                    "Startup Cost": 304792.15,
                    "Total Cost": 304792.76,
                    "Plan Rows": 6,
                    "Plan Width": 8,
                    "Actual Startup Time": 289.01,
                    "Actual Total Time": 298.874,
                    "Actual Rows": 7,
                    "Actual Loops": 1,
                    "Output": [
                        "(PARTIAL count(*))"
                    ],
                    "Workers Planned": 6,
                    "Workers Launched": 6,
                    "Single Copy": false,
                    "Plans": [
                        {
                            "Node Type": "Aggregate",
                            "Strategy": "Plain",
                            "Partial Mode": "Partial",
                            "Parent Relationship": "Outer",
                            "Parallel Aware": false,
                            "Startup Cost": 303792.15,
                            "Total Cost": 303792.16,
                            "Plan Rows": 1,
                            "Plan Width": 8,
                            "Actual Startup Time": 279.219,
                            "Actual Total Time": 279.22,
                            "Actual Rows": 1,
                            "Actual Loops": 7,
                            "Output": [
                                "PARTIAL count(*)"
                            ],
                            "Workers": [
                                {
                                    "Worker Number": 0,
                                    "Actual Startup Time": 277.011,
                                    "Actual Total Time": 277.012,
                                    "Actual Rows": 1,
                                    "Actual Loops": 1
                                },
                                {
                                    "Worker Number": 1,
                                    "Actual Startup Time": 277.176,
                                    "Actual Total Time": 277.177,
                                    "Actual Rows": 1,
                                    "Actual Loops": 1
                                },
                                {
                                    "Worker Number": 2,
                                    "Actual Startup Time": 277.395,
                                    "Actual Total Time": 277.397,
                                    "Actual Rows": 1,
                                    "Actual Loops": 1
                                },
                                {
                                    "Worker Number": 3,
                                    "Actual Startup Time": 278.057,
                                    "Actual Total Time": 278.058,
                                    "Actual Rows": 1,
                                    "Actual Loops": 1
                                },
                                {
                                    "Worker Number": 4,
                                    "Actual Startup Time": 278.238,
                                    "Actual Total Time": 278.24,
                                    "Actual Rows": 1,
                                    "Actual Loops": 1
                                },
                                {
                                    "Worker Number": 5,
                                    "Actual Startup Time": 278.406,
                                    "Actual Total Time": 278.407,
                                    "Actual Rows": 1,
                                    "Actual Loops": 1
                                }
                            ],
                            "Plans": [
                                {
                                    "Node Type": "Bitmap Heap Scan",
                                    "Parent Relationship": "Outer",
                                    "Parallel Aware": true,
                                    "Relation Name": "cast_info",
                                    "Schema": "public",
                                    "Alias": "ci",
                                    "Startup Cost": 45387.66,
                                    "Total Cost": 303234.9,
                                    "Plan Rows": 222900,
                                    "Plan Width": 0,
                                    "Actual Startup Time": 128.97,
                                    "Actual Total Time": 256.454,
                                    "Actual Rows": 309691,
                                    "Actual Loops": 7,
                                    "Recheck Cond": "(ci.person_id > 3638867)",
                                    "Rows Removed by Index Recheck": 0,
                                    "Filter": "(ci.role_id > 1)",
                                    "Rows Removed by Filter": 0,
                                    "Exact Heap Blocks": 6258,
                                    "Lossy Heap Blocks": 0,
                                    "Workers": [
                                        {
                                            "Worker Number": 0,
                                            "Actual Startup Time": 126.928,
                                            "Actual Total Time": 254.672,
                                            "Actual Rows": 293000,
                                            "Actual Loops": 1
                                        },
                                        {
                                            "Worker Number": 1,
                                            "Actual Startup Time": 126.819,
                                            "Actual Total Time": 255.896,
                                            "Actual Rows": 280707,
                                            "Actual Loops": 1
                                        },
                                        {
                                            "Worker Number": 2,
                                            "Actual Startup Time": 127.229,
                                            "Actual Total Time": 256.059,
                                            "Actual Rows": 284920,
                                            "Actual Loops": 1
                                        },
                                        {
                                            "Worker Number": 3,
                                            "Actual Startup Time": 128.068,
                                            "Actual Total Time": 255.745,
                                            "Actual Rows": 293662,
                                            "Actual Loops": 1
                                        },
                                        {
                                            "Worker Number": 4,
                                            "Actual Startup Time": 127.957,
                                            "Actual Total Time": 256.057,
                                            "Actual Rows": 293526,
                                            "Actual Loops": 1
                                        },
                                        {
                                            "Worker Number": 5,
                                            "Actual Startup Time": 128.166,
                                            "Actual Total Time": 256.009,
                                            "Actual Rows": 295464,
                                            "Actual Loops": 1
                                        }
                                    ],
                                    "Plans": [
                                        {
                                            "Node Type": "Bitmap Index Scan",
                                            "Parent Relationship": "Outer",
                                            "Parallel Aware": false,
                                            "Index Name": "person_id_cast_info",
                                            "Startup Cost": 0.0,
                                            "Total Cost": 45053.31,
                                            "Plan Rows": 2064099,
                                            "Plan Width": 0,
                                            "Actual Startup Time": 129.671,
                                            "Actual Total Time": 129.672,
                                            "Actual Rows": 2167840,
                                            "Actual Loops": 1,
                                            "Index Cond": "(ci.person_id > 3638867)"
                                        }
                                    ]
                                }
                            ]
                        }
                    ]
                }
            ]
        },
        "Planning Time": 3778.361,
        "Triggers": [],
        "Execution Time": 298.995
    }
]