[
  {
    "Plan": {
      "Node Type": "Aggregate",
      "Strategy": "Plain",
      "Partial Mode": "Finalize",
      "Parallel Aware": false,
      "Startup Cost": 60218.73,
      "Total Cost": 60218.74,
      "Plan Rows": 1,
      "Plan Width": 8,
      "Actual Startup Time": 313.723,
      "Actual Total Time": 342.695,
      "Actual Rows": 1,
      "Actual Loops": 1,
      "Plans": [
        {
          "Node Type": "Gather",
          "Parent Relationship": "Outer",
          "Parallel Aware": false,
          "Startup Cost": 60218.52,
          "Total Cost": 60218.73,
          "Plan Rows": 2,
          "Plan Width": 8,
          "Actual Startup Time": 313.024,
          "Actual Total Time": 342.681,
          "Actual Rows": 3,
          "Actual Loops": 1,
          "Workers Planned": 2,
          "Workers Launched": 2,
          "Single Copy": false,
          "Plans": [
            {
              "Node Type": "Aggregate",
              "Strategy": "Plain",
              "Partial Mode": "Partial",
              "Parent Relationship": "Outer",
              "Parallel Aware": false,
              "Startup Cost": 59218.52,
              "Total Cost": 59218.53,
              "Plan Rows": 1,
              "Plan Width": 8,
              "Actual Startup Time": 307.903,
              "Actual Total Time": 307.908,
              "Actual Rows": 1,
              "Actual Loops": 3,
              "Plans": [
                {
                  "Node Type": "Hash Join",
                  "Parent Relationship": "Outer",
                  "Parallel Aware": true,
                  "Join Type": "Inner",
                  "Startup Cost": 44004.77,
                  "Total Cost": 59199.33,
                  "Plan Rows": 7674,
                  "Plan Width": 0,
                  "Actual Startup Time": 230.212,
                  "Actual Total Time": 307.595,
                  "Actual Rows": 3554,
                  "Actual Loops": 3,
                  "Inner Unique": true,
                  "Hash Cond": "(mi_idx.movie_id = t.id)",
                  "Plans": [
                    {
                      "Node Type": "Seq Scan",
                      "Parent Relationship": "Outer",
                      "Parallel Aware": true,
                      "Relation Name": "movie_info_idx",
                      "Alias": "mi_idx",
                      "Startup Cost": 0.0,
                      "Total Cost": 13685.15,
                      "Plan Rows": 575015,
                      "Plan Width": 4,
                      "Actual Startup Time": 0.021,
                      "Actual Total Time": 64.511,
                      "Actual Rows": 460012,
                      "Actual Loops": 3
                    },
                    {
                      "Node Type": "Hash",
                      "Parent Relationship": "Inner",
                      "Parallel Aware": true,
                      "Startup Cost": 43899.32,
                      "Total Cost": 43899.32,
                      "Plan Rows": 8436,
                      "Plan Width": 4,
                      "Actual Startup Time": 178.286,
                      "Actual Total Time": 178.287,
                      "Actual Rows": 11683,
                      "Actual Loops": 3,
                      "Hash Buckets": 65536,
                      "Original Hash Buckets": 65536,
                      "Hash Batches": 1,
                      "Original Hash Batches": 1,
                      "Peak Memory Usage": 1920,
                      "Plans": [
                        {
                          "Node Type": "Seq Scan",
                          "Parent Relationship": "Outer",
                          "Parallel Aware": true,
                          "Relation Name": "title",
                          "Alias": "t",
                          "Startup Cost": 0.0,
                          "Total Cost": 43899.32,
                          "Plan Rows": 8436,
                          "Plan Width": 4,
                          "Actual Startup Time": 95.026,
                          "Actual Total Time": 171.543,
                          "Actual Rows": 11683,
                          "Actual Loops": 3,
                          "Filter": "(production_year < 1912)",
                          "Rows Removed by Filter": 831087
                        }
                      ]
                    }
                  ]
                }
              ]
            }
          ]
        }
      ]
    },
    "Planning Time": 0.529,
    "Triggers": [],
    "Execution Time": 342.772
  }
]