[
  {
    "Plan": {
      "Node Type": "Aggregate",
      "Strategy": "Plain",
      "Partial Mode": "Finalize",
      "Parallel Aware": false,
      "Startup Cost": 259062.12,
      "Total Cost": 259062.13,
      "Plan Rows": 1,
      "Plan Width": 8,
      "Actual Startup Time": 1345.069,
      "Actual Total Time": 1402.414,
      "Actual Rows": 1,
      "Actual Loops": 1,
      "Plans": [
        {
          "Node Type": "Gather",
          "Parent Relationship": "Outer",
          "Parallel Aware": false,
          "Startup Cost": 259061.6,
          "Total Cost": 259062.11,
          "Plan Rows": 5,
          "Plan Width": 8,
          "Actual Startup Time": 1333.918,
          "Actual Total Time": 1402.401,
          "Actual Rows": 6,
          "Actual Loops": 1,
          "Workers Planned": 5,
          "Workers Launched": 5,
          "Single Copy": false,
          "Plans": [
            {
              "Node Type": "Aggregate",
              "Strategy": "Plain",
              "Partial Mode": "Partial",
              "Parent Relationship": "Outer",
              "Parallel Aware": false,
              "Startup Cost": 258061.6,
              "Total Cost": 258061.61,
              "Plan Rows": 1,
              "Plan Width": 8,
              "Actual Startup Time": 1319.22,
              "Actual Total Time": 1319.224,
              "Actual Rows": 1,
              "Actual Loops": 6,
              "Plans": [
                {
                  "Node Type": "Hash Join",
                  "Parent Relationship": "Outer",
                  "Parallel Aware": true,
                  "Join Type": "Inner",
                  "Startup Cost": 48742.44,
                  "Total Cost": 254240.08,
                  "Plan Rows": 1528606,
                  "Plan Width": 0,
                  "Actual Startup Time": 232.724,
                  "Actual Total Time": 1284.612,
                  "Actual Rows": 616392,
                  "Actual Loops": 6,
                  "Inner Unique": true,
                  "Hash Cond": "(mi.movie_id = t.id)",
                  "Plans": [
                    {
                      "Node Type": "Seq Scan",
                      "Parent Relationship": "Outer",
                      "Parallel Aware": true,
                      "Relation Name": "movie_info",
                      "Alias": "mi",
                      "Startup Cost": 0.0,
                      "Total Cost": 198952.16,
                      "Plan Rows": 2493512,
                      "Plan Width": 4,
                      "Actual Startup Time": 0.041,
                      "Actual Total Time": 427.924,
                      "Actual Rows": 2100312,
                      "Actual Loops": 6,
                      "Filter": "(info_type_id < 17)",
                      "Rows Removed by Filter": 372308
                    },
                    {
                      "Node Type": "Hash",
                      "Parent Relationship": "Inner",
                      "Parallel Aware": true,
                      "Startup Cost": 43898.92,
                      "Total Cost": 43898.92,
                      "Plan Rows": 387482,
                      "Plan Width": 4,
                      "Actual Startup Time": 226.996,
                      "Actual Total Time": 226.997,
                      "Actual Rows": 259311,
                      "Actual Loops": 6,
                      "Hash Buckets": 2097152,
                      "Original Hash Buckets": 2097152,
                      "Hash Batches": 1,
                      "Original Hash Batches": 1,
                      "Peak Memory Usage": 77312,
                      "Plans": [
                        {
                          "Node Type": "Seq Scan",
                          "Parent Relationship": "Outer",
                          "Parallel Aware": true,
                          "Relation Name": "title",
                          "Alias": "t",
                          "Startup Cost": 0.0,
                          "Total Cost": 43898.92,
                          "Plan Rows": 387482,
                          "Plan Width": 4,
                          "Actual Startup Time": 0.038,
                          "Actual Total Time": 96.32,
                          "Actual Rows": 259311,
                          "Actual Loops": 6,
                          "Filter": "(kind_id > 4)",
                          "Rows Removed by Filter": 162075
                        }
                      ]
                    }
                  ]
                }
              ]
            }
          ]
        }
      ]
    },
    "Planning Time": 0.62,
    "Triggers": [],
    "Execution Time": 1402.504
  }
]