[
  {
    "Plan": {
      "Node Type": "Aggregate",
      "Strategy": "Plain",
      "Partial Mode": "Finalize",
      "Parallel Aware": false,
      "Startup Cost": 79582.37,
      "Total Cost": 79582.38,
      "Plan Rows": 1,
      "Plan Width": 8,
      "Actual Startup Time": 258.185,
      "Actual Total Time": 273.093,
      "Actual Rows": 1,
      "Actual Loops": 1,
      "Plans": [
        {
          "Node Type": "Gather",
          "Parent Relationship": "Outer",
          "Parallel Aware": false,
          "Startup Cost": 79581.95,
          "Total Cost": 79582.36,
          "Plan Rows": 4,
          "Plan Width": 8,
          "Actual Startup Time": 254.38,
          "Actual Total Time": 273.086,
          "Actual Rows": 5,
          "Actual Loops": 1,
          "Workers Planned": 4,
          "Workers Launched": 4,
          "Single Copy": false,
          "Plans": [
            {
              "Node Type": "Aggregate",
              "Strategy": "Plain",
              "Partial Mode": "Partial",
              "Parent Relationship": "Outer",
              "Parallel Aware": false,
              "Startup Cost": 78581.95,
              "Total Cost": 78581.96,
              "Plan Rows": 1,
              "Plan Width": 8,
              "Actual Startup Time": 245.331,
              "Actual Total Time": 245.334,
              "Actual Rows": 1,
              "Actual Loops": 5,
              "Plans": [
                {
                  "Node Type": "Hash Join",
                  "Parent Relationship": "Outer",
                  "Parallel Aware": true,
                  "Join Type": "Inner",
                  "Startup Cost": 31380.93,
                  "Total Cost": 78440.1,
                  "Plan Rows": 56739,
                  "Plan Width": 0,
                  "Actual Startup Time": 106.344,
                  "Actual Total Time": 244.389,
                  "Actual Rows": 16191,
                  "Actual Loops": 5,
                  "Inner Unique": false,
                  "Hash Cond": "(t.id = mc.movie_id)",
                  "Plans": [
                    {
                      "Node Type": "Seq Scan",
                      "Parent Relationship": "Outer",
                      "Parallel Aware": true,
                      "Relation Name": "title",
                      "Alias": "t",
                      "Startup Cost": 0.0,
                      "Total Cost": 45479.1,
                      "Plan Rows": 279408,
                      "Plan Width": 4,
                      "Actual Startup Time": 0.012,
                      "Actual Total Time": 78.967,
                      "Actual Rows": 242617,
                      "Actual Loops": 5,
                      "Filter": "((production_year > 1986) AND (kind_id = 7))",
                      "Rows Removed by Filter": 263045
                    },
                    {
                      "Node Type": "Hash",
                      "Parent Relationship": "Inner",
                      "Parallel Aware": true,
                      "Startup Cost": 29310.68,
                      "Total Cost": 29310.68,
                      "Plan Rows": 165620,
                      "Plan Width": 4,
                      "Actual Startup Time": 103.326,
                      "Actual Total Time": 103.327,
                      "Actual Rows": 104931,
                      "Actual Loops": 5,
                      "Hash Buckets": 524288,
                      "Original Hash Buckets": 524288,
                      "Hash Batches": 1,
                      "Original Hash Batches": 1,
                      "Peak Memory Usage": 24704,
                      "Plans": [
                        {
                          "Node Type": "Seq Scan",
                          "Parent Relationship": "Outer",
                          "Parallel Aware": true,
                          "Relation Name": "movie_companies",
                          "Alias": "mc",
                          "Startup Cost": 0.0,
                          "Total Cost": 29310.68,
                          "Plan Rows": 165620,
                          "Plan Width": 4,
                          "Actual Startup Time": 42.05,
                          "Actual Total Time": 70.279,
                          "Actual Rows": 104931,
                          "Actual Loops": 5,
                          "Filter": "(company_id > 73076)",
                          "Rows Removed by Filter": 416895
                        }
                      ]
                    }
                  ]
                }
              ]
            }
          ]
        }
      ]
    },
    "Planning Time": 0.687,
    "Triggers": [],
    "Execution Time": 273.163
  }
]