{
  "Plan": {
    "Node Type": "Aggregate",
    "Strategy": "Plain",
    "Partial Mode": "Finalize",
    "Parallel Aware": false,
    "Startup Cost": 885370.45,
    "Total Cost": 885370.46,
    "Plan Rows": 1,
    "Plan Width": 8,
    "Actual Startup Time": 5151.992,
    "Actual Total Time": 5217.623,
    "Actual Rows": 1,
    "Actual Loops": 1,
    "Plans": [
      {
        "Node Type": "Gather",
        "Parent Relationship": "Outer",
        "Parallel Aware": false,
        "Startup Cost": 885370.34,
        "Total Cost": 885370.45,
        "Plan Rows": 1,
        "Plan Width": 8,
        "Actual Startup Time": 5147.97,
        "Actual Total Time": 5217.615,
        "Actual Rows": 2,
        "Actual Loops": 1,
        "Workers Planned": 1,
        "Workers Launched": 1,
        "Single Copy": false,
        "Plans": [
          {
            "Node Type": "Aggregate",
            "Strategy": "Plain",
            "Partial Mode": "Partial",
            "Parent Relationship": "Outer",
            "Parallel Aware": false,
            "Startup Cost": 884370.34,
            "Total Cost": 884370.35,
            "Plan Rows": 1,
            "Plan Width": 8,
            "Actual Startup Time": 5139.106,
            "Actual Total Time": 5139.113,
            "Actual Rows": 1,
            "Actual Loops": 2,
            "Plans": [
              {
                "Node Type": "Hash Join",
                "Parent Relationship": "Outer",
                "Parallel Aware": true,
                "Join Type": "Inner",
                "Startup Cost": 675443.19,
                "Total Cost": 882144.9,
                "Plan Rows": 890175,
                "Plan Width": 0,
                "Actual Startup Time": 4590.479,
                "Actual Total Time": 5038.222,
                "Actual Rows": 2621461,
                "Actual Loops": 2,
                "Inner Unique": false,
                "Hash Cond": "(mi.movie_id = t.id)",
                "Plans": [
                  {
                    "Node Type": "Bitmap Heap Scan",
                    "Parent Relationship": "Outer",
                    "Parallel Aware": true,
                    "Relation Name": "movie_info",
                    "Alias": "mi",
                    "Startup Cost": 54025.71,
                    "Total Cost": 237947.81,
                    "Plan Rows": 1754328,
                    "Plan Width": 4,
                    "Actual Startup Time": 124.156,
                    "Actual Total Time": 264.21,
                    "Actual Rows": 1518360,
                    "Actual Loops": 2,
                    "Recheck Cond": "(info_type_id = 16)",
                    "Rows Removed by Index Recheck": 0,
                    "Exact Heap Blocks": 12680,
                    "Lossy Heap Blocks": 0,
                    "Plans": [
                      {
                        "Node Type": "Bitmap Index Scan",
                        "Parent Relationship": "Outer",
                        "Parallel Aware": false,
                        "Index Name": "info_type_id_movie_info",
                        "Startup Cost": 0.0,
                        "Total Cost": 53280.12,
                        "Plan Rows": 2982358,
                        "Plan Width": 0,
                        "Actual Startup Time": 120.078,
                        "Actual Total Time": 120.079,
                        "Actual Rows": 3036719,
                        "Actual Loops": 1,
                        "Index Cond": "(info_type_id = 16)"
                      }
                    ]
                  },
                  {
                    "Node Type": "Hash",
                    "Parent Relationship": "Inner",
                    "Parallel Aware": true,
                    "Startup Cost": 611984.4,
                    "Total Cost": 611984.4,
                    "Plan Rows": 754646,
                    "Plan Width": 8,
                    "Actual Startup Time": 4129.438,
                    "Actual Total Time": 4129.443,
                    "Actual Rows": 1000224,
                    "Actual Loops": 2,
                    "Hash Buckets": 2097152,
                    "Original Hash Buckets": 2097152,
                    "Hash Batches": 1,
                    "Original Hash Batches": 1,
                    "Peak Memory Usage": 94656,
                    "Plans": [
                      {
                        "Node Type": "Hash Join",
                        "Parent Relationship": "Outer",
                        "Parallel Aware": true,
                        "Join Type": "Inner",
                        "Startup Cost": 54668.73,
                        "Total Cost": 611984.4,
                        "Plan Rows": 754646,
                        "Plan Width": 8,
                        "Actual Startup Time": 436.511,
                        "Actual Total Time": 3790.474,
                        "Actual Rows": 1000224,
                        "Actual Loops": 2,
                        "Inner Unique": true,
                        "Hash Cond": "(ci.movie_id = t.id)",
                        "Plans": [
                          {
                            "Node Type": "Seq Scan",
                            "Parent Relationship": "Outer",
                            "Parallel Aware": true,
                            "Relation Name": "cast_info",
                            "Alias": "ci",
                            "Startup Cost": 0.0,
                            "Total Cost": 519069.44,
                            "Plan Rows": 14569966,
                            "Plan Width": 4,
                            "Actual Startup Time": 300.648,
                            "Actual Total Time": 1750.921,
                            "Actual Rows": 12392598,
                            "Actual Loops": 2,
                            "Filter": "(person_id > 1126322)",
                            "Rows Removed by Filter": 5729574
                          },
                          {
                            "Node Type": "Hash",
                            "Parent Relationship": "Inner",
                            "Parallel Aware": true,
                            "Startup Cost": 53705.85,
                            "Total Cost": 53705.85,
                            "Plan Rows": 77031,
                            "Plan Width": 4,
                            "Actual Startup Time": 135.224,
                            "Actual Total Time": 135.226,
                            "Actual Rows": 134868,
                            "Actual Loops": 2,
                            "Hash Buckets": 524288,
                            "Original Hash Buckets": 131072,
                            "Hash Batches": 1,
                            "Original Hash Batches": 1,
                            "Peak Memory Usage": 17728,
                            "Plans": [
                              {
                                "Node Type": "Bitmap Heap Scan",
                                "Parent Relationship": "Outer",
                                "Parallel Aware": true,
                                "Relation Name": "title",
                                "Alias": "t",
                                "Startup Cost": 11855.59,
                                "Total Cost": 53705.85,
                                "Plan Rows": 77031,
                                "Plan Width": 4,
                                "Actual Startup Time": 25.039,
                                "Actual Total Time": 93.438,
                                "Actual Rows": 134868,
                                "Actual Loops": 2,
                                "Recheck Cond": "(kind_id < 2)",
                                "Rows Removed by Index Recheck": 0,
                                "Filter": "(production_year < 1980)",
                                "Rows Removed by Filter": 196544,
                                "Exact Heap Blocks": 9194,
                                "Lossy Heap Blocks": 0,
                                "Plans": [
                                  {
                                    "Node Type": "Bitmap Index Scan",
                                    "Parent Relationship": "Outer",
                                    "Parallel Aware": false,
                                    "Index Name": "kind_id_title",
                                    "Startup Cost": 0.0,
                                    "Total Cost": 11822.85,
                                    "Plan Rows": 663256,
                                    "Plan Width": 0,
                                    "Actual Startup Time": 23.145,
                                    "Actual Total Time": 23.145,
                                    "Actual Rows": 662825,
                                    "Actual Loops": 1,
                                    "Index Cond": "(kind_id < 2)"
                                  }
                                ]
                              }
                            ]
                          }
                        ]
                      }
                    ]
                  }
                ]
              }
            ]
          }
        ]
      }
    ]
  },
  "Planning Time": 1.016,
  "Triggers": [],
  "Execution Time": 5217.755
}