{
  "Plan": {
    "Node Type": "Aggregate",
    "Strategy": "Plain",
    "Partial Mode": "Finalize",
    "Parallel Aware": false,
    "Startup Cost": 124470.45,
    "Total Cost": 124470.46,
    "Plan Rows": 1,
    "Plan Width": 8,
    "Actual Startup Time": 776.221,
    "Actual Total Time": 792.376,
    "Actual Rows": 1,
    "Actual Loops": 1,
    "Plans": [
      {
        "Node Type": "Gather",
        "Parent Relationship": "Outer",
        "Parallel Aware": false,
        "Startup Cost": 124470.34,
        "Total Cost": 124470.45,
        "Plan Rows": 1,
        "Plan Width": 8,
        "Actual Startup Time": 774.34,
        "Actual Total Time": 792.368,
        "Actual Rows": 2,
        "Actual Loops": 1,
        "Workers Planned": 1,
        "Workers Launched": 1,
        "Single Copy": false,
        "Plans": [
          {
            "Node Type": "Aggregate",
            "Strategy": "Plain",
            "Partial Mode": "Partial",
            "Parent Relationship": "Outer",
            "Parallel Aware": false,
            "Startup Cost": 123470.34,
            "Total Cost": 123470.35,
            "Plan Rows": 1,
            "Plan Width": 8,
            "Actual Startup Time": 768.838,
            "Actual Total Time": 768.841,
            "Actual Rows": 1,
            "Actual Loops": 2,
            "Plans": [
              {
                "Node Type": "Hash Join",
                "Parent Relationship": "Outer",
                "Parallel Aware": true,
                "Join Type": "Inner",
                "Startup Cost": 59131.53,
                "Total Cost": 122220.36,
                "Plan Rows": 499992,
                "Plan Width": 0,
                "Actual Startup Time": 280.822,
                "Actual Total Time": 739.653,
                "Actual Rows": 591848,
                "Actual Loops": 2,
                "Inner Unique": true,
                "Hash Cond": "(mk.movie_id = t.id)",
                "Plans": [
                  {
                    "Node Type": "Seq Scan",
                    "Parent Relationship": "Outer",
                    "Parallel Aware": true,
                    "Relation Name": "movie_keyword",
                    "Alias": "mk",
                    "Startup Cost": 0.0,
                    "Total Cost": 57718.19,
                    "Plan Rows": 2045954,
                    "Plan Width": 4,
                    "Actual Startup Time": 0.012,
                    "Actual Total Time": 234.088,
                    "Actual Rows": 1737400,
                    "Actual Loops": 2,
                    "Filter": "(keyword_id < 16915)",
                    "Rows Removed by Filter": 524565
                  },
                  {
                    "Node Type": "Hash",
                    "Parent Relationship": "Inner",
                    "Parallel Aware": true,
                    "Startup Cost": 54588.39,
                    "Total Cost": 54588.39,
                    "Plan Rows": 363451,
                    "Plan Width": 4,
                    "Actual Startup Time": 271.63,
                    "Actual Total Time": 271.631,
                    "Actual Rows": 311426,
                    "Actual Loops": 2,
                    "Hash Buckets": 1048576,
                    "Original Hash Buckets": 1048576,
                    "Hash Batches": 1,
                    "Original Hash Batches": 1,
                    "Peak Memory Usage": 32608,
                    "Plans": [
                      {
                        "Node Type": "Seq Scan",
                        "Parent Relationship": "Outer",
                        "Parallel Aware": true,
                        "Relation Name": "title",
                        "Alias": "t",
                        "Startup Cost": 0.0,
                        "Total Cost": 54588.39,
                        "Plan Rows": 363451,
                        "Plan Width": 4,
                        "Actual Startup Time": 0.035,
                        "Actual Total Time": 172.182,
                        "Actual Rows": 311426,
                        "Actual Loops": 2,
                        "Filter": "(production_year < 1987)",
                        "Rows Removed by Filter": 952730
                      }
                    ]
                  }
                ]
              }
            ]
          }
        ]
      }
    ]
  },
  "Planning Time": 0.452,
  "Triggers": [],
  "Execution Time": 792.444
}