[
  {
    "Plan": {
      "Node Type": "Aggregate",
      "Strategy": "Plain",
      "Partial Mode": "Finalize",
      "Parallel Aware": false,
      "Startup Cost": 198722.78,
      "Total Cost": 198722.79,
      "Plan Rows": 1,
      "Plan Width": 8,
      "Actual Startup Time": 2754.817,
      "Actual Total Time": 2850.939,
      "Actual Rows": 1,
      "Actual Loops": 1,
      "Plans": [
        {
          "Node Type": "Gather",
          "Parent Relationship": "Outer",
          "Parallel Aware": false,
          "Startup Cost": 198722.36,
          "Total Cost": 198722.77,
          "Plan Rows": 4,
          "Plan Width": 8,
          "Actual Startup Time": 2751.572,
          "Actual Total Time": 2850.929,
          "Actual Rows": 5,
          "Actual Loops": 1,
          "Workers Planned": 4,
          "Workers Launched": 4,
          "Single Copy": false,
          "Plans": [
            {
              "Node Type": "Aggregate",
              "Strategy": "Plain",
              "Partial Mode": "Partial",
              "Parent Relationship": "Outer",
              "Parallel Aware": false,
              "Startup Cost": 197722.36,
              "Total Cost": 197722.37,
              "Plan Rows": 1,
              "Plan Width": 8,
              "Actual Startup Time": 2741.401,
              "Actual Total Time": 2741.405,
              "Actual Rows": 1,
              "Actual Loops": 5,
              "Plans": [
                {
                  "Node Type": "Nested Loop",
                  "Parent Relationship": "Outer",
                  "Parallel Aware": false,
                  "Join Type": "Inner",
                  "Startup Cost": 31305.44,
                  "Total Cost": 195777.13,
                  "Plan Rows": 778092,
                  "Plan Width": 0,
                  "Actual Startup Time": 119.787,
                  "Actual Total Time": 2636.879,
                  "Actual Rows": 2036999,
                  "Actual Loops": 5,
                  "Inner Unique": false,
                  "Plans": [
                    {
                      "Node Type": "Hash Join",
                      "Parent Relationship": "Outer",
                      "Parallel Aware": true,
                      "Join Type": "Inner",
                      "Startup Cost": 31304.88,
                      "Total Cost": 76959.14,
                      "Plan Rows": 54302,
                      "Plan Width": 8,
                      "Actual Startup Time": 119.677,
                      "Actual Total Time": 381.917,
                      "Actual Rows": 66599,
                      "Actual Loops": 5,
                      "Inner Unique": false,
                      "Hash Cond": "(t.id = mc.movie_id)",
                      "Plans": [
                        {
                          "Node Type": "Seq Scan",
                          "Parent Relationship": "Outer",
                          "Parallel Aware": true,
                          "Relation Name": "title",
                          "Alias": "t",
                          "Startup Cost": 0.0,
                          "Total Cost": 42318.73,
                          "Plan Rows": 632073,
                          "Plan Width": 4,
                          "Actual Startup Time": 0.011,
                          "Actual Total Time": 67.8,
                          "Actual Rows": 505662,
                          "Actual Loops": 5
                        },
                        {
                          "Node Type": "Hash",
                          "Parent Relationship": "Inner",
                          "Parallel Aware": true,
                          "Startup Cost": 30429.04,
                          "Total Cost": 30429.04,
                          "Plan Rows": 70067,
                          "Plan Width": 4,
                          "Actual Startup Time": 117.709,
                          "Actual Total Time": 117.71,
                          "Actual Rows": 66599,
                          "Actual Loops": 5,
                          "Hash Buckets": 524288,
                          "Original Hash Buckets": 262144,
                          "Hash Batches": 1,
                          "Original Hash Batches": 1,
                          "Peak Memory Usage": 19264,
                          "Plans": [
                            {
                              "Node Type": "Bitmap Heap Scan",
                              "Parent Relationship": "Outer",
                              "Parallel Aware": true,
                              "Relation Name": "movie_companies",
                              "Alias": "mc",
                              "Startup Cost": 9504.02,
                              "Total Cost": 30429.04,
                              "Plan Rows": 70067,
                              "Plan Width": 4,
                              "Actual Startup Time": 33.675,
                              "Actual Total Time": 84.072,
                              "Actual Rows": 66599,
                              "Actual Loops": 5,
                              "Recheck Cond": "(company_id < 321)",
                              "Rows Removed by Index Recheck": 0,
                              "Filter": "(company_type_id < 2)",
                              "Rows Removed by Filter": 20851,
                              "Exact Heap Blocks": 6442,
                              "Lossy Heap Blocks": 0,
                              "Plans": [
                                {
                                  "Node Type": "Bitmap Index Scan",
                                  "Parent Relationship": "Outer",
                                  "Parallel Aware": false,
                                  "Index Name": "company_id_movie_companies",
                                  "Startup Cost": 0.0,
                                  "Total Cost": 9449.72,
                                  "Plan Rows": 441238,
                                  "Plan Width": 0,
                                  "Actual Startup Time": 32.915,
                                  "Actual Total Time": 32.916,
                                  "Actual Rows": 437252,
                                  "Actual Loops": 1,
                                  "Index Cond": "(company_id < 321)"
                                }
                              ]
                            }
                          ]
                        }
                      ]
                    },
                    {
                      "Node Type": "Index Only Scan",
                      "Parent Relationship": "Inner",
                      "Parallel Aware": false,
                      "Scan Direction": "Forward",
                      "Index Name": "movie_id_cast_info",
                      "Relation Name": "cast_info",
                      "Alias": "ci",
                      "Startup Cost": 0.56,
                      "Total Cost": 1.82,
                      "Plan Rows": 37,
                      "Plan Width": 4,
                      "Actual Startup Time": 0.006,
                      "Actual Total Time": 0.031,
                      "Actual Rows": 31,
                      "Actual Loops": 332996,
                      "Index Cond": "(movie_id = t.id)",
                      "Rows Removed by Index Recheck": 0,
                      "Heap Fetches": 10184997
                    }
                  ]
                }
              ]
            }
          ]
        }
      ]
    },
    "Planning Time": 1.444,
    "Triggers": [],
    "Execution Time": 2851.075
  }
]