[
  {
    "Plan": {
      "Node Type": "Aggregate",
      "Strategy": "Plain",
      "Partial Mode": "Finalize",
      "Parallel Aware": false,
      "Startup Cost": 516300.13,
      "Total Cost": 516300.14,
      "Plan Rows": 1,
      "Plan Width": 8,
      "Actual Startup Time": 4421.265,
      "Actual Total Time": 4486.808,
      "Actual Rows": 1,
      "Actual Loops": 1,
      "Plans": [
        {
          "Node Type": "Gather",
          "Parent Relationship": "Outer",
          "Parallel Aware": false,
          "Startup Cost": 516299.51,
          "Total Cost": 516300.12,
          "Plan Rows": 6,
          "Plan Width": 8,
          "Actual Startup Time": 4390.289,
          "Actual Total Time": 4486.796,
          "Actual Rows": 7,
          "Actual Loops": 1,
          "Workers Planned": 6,
          "Workers Launched": 6,
          "Single Copy": false,
          "Plans": [
            {
              "Node Type": "Aggregate",
              "Strategy": "Plain",
              "Partial Mode": "Partial",
              "Parent Relationship": "Outer",
              "Parallel Aware": false,
              "Startup Cost": 515299.51,
              "Total Cost": 515299.52,
              "Plan Rows": 1,
              "Plan Width": 8,
              "Actual Startup Time": 4360.877,
              "Actual Total Time": 4361.503,
              "Actual Rows": 1,
              "Actual Loops": 7,
              "Plans": [
                {
                  "Node Type": "Hash Join",
                  "Parent Relationship": "Outer",
                  "Parallel Aware": true,
                  "Join Type": "Inner",
                  "Startup Cost": 113437.8,
                  "Total Cost": 496939.3,
                  "Plan Rows": 7344083,
                  "Plan Width": 0,
                  "Actual Startup Time": 671.047,
                  "Actual Total Time": 3626.498,
                  "Actual Rows": 17690566,
                  "Actual Loops": 7,
                  "Inner Unique": false,
                  "Hash Cond": "(ci.movie_id = t.id)",
                  "Plans": [
                    {
                      "Node Type": "Seq Scan",
                      "Parent Relationship": "Outer",
                      "Parallel Aware": true,
                      "Relation Name": "cast_info",
                      "Alias": "ci",
                      "Startup Cost": 0.0,
                      "Total Cost": 343257.03,
                      "Plan Rows": 4414368,
                      "Plan Width": 4,
                      "Actual Startup Time": 33.605,
                      "Actual Total Time": 699.109,
                      "Actual Rows": 3741260,
                      "Actual Loops": 7,
                      "Filter": "((person_id > 283991) AND (role_id < 8))",
                      "Rows Removed by Filter": 1436503
                    },
                    {
                      "Node Type": "Hash",
                      "Parent Relationship": "Inner",
                      "Parallel Aware": true,
                      "Startup Cost": 96477.06,
                      "Total Cost": 96477.06,
                      "Plan Rows": 1356859,
                      "Plan Width": 8,
                      "Actual Startup Time": 627.838,
                      "Actual Total Time": 628.463,
                      "Actual Rows": 601737,
                      "Actual Loops": 7,
                      "Hash Buckets": 8388608,
                      "Original Hash Buckets": 8388608,
                      "Hash Batches": 1,
                      "Original Hash Batches": 1,
                      "Peak Memory Usage": 230432,
                      "Plans": [
                        {
                          "Node Type": "Hash Join",
                          "Parent Relationship": "Outer",
                          "Parallel Aware": true,
                          "Join Type": "Inner",
                          "Startup Cost": 50219.64,
                          "Total Cost": 96477.06,
                          "Plan Rows": 1356859,
                          "Plan Width": 8,
                          "Actual Startup Time": 232.661,
                          "Actual Total Time": 439.382,
                          "Actual Rows": 601737,
                          "Actual Loops": 7,
                          "Inner Unique": true,
                          "Hash Cond": "(mk.movie_id = t.id)",
                          "Plans": [
                            {
                              "Node Type": "Seq Scan",
                              "Parent Relationship": "Outer",
                              "Parallel Aware": true,
                              "Relation Name": "movie_keyword",
                              "Alias": "mk",
                              "Startup Cost": 0.0,
                              "Total Cost": 42695.65,
                              "Plan Rows": 1356859,
                              "Plan Width": 4,
                              "Actual Startup Time": 0.035,
                              "Actual Total Time": 85.617,
                              "Actual Rows": 601737,
                              "Actual Loops": 7,
                              "Filter": "(keyword_id < 52348)",
                              "Rows Removed by Filter": 44538
                            },
                            {
                              "Node Type": "Hash",
                              "Parent Relationship": "Inner",
                              "Parallel Aware": true,
                              "Startup Cost": 42318.73,
                              "Total Cost": 42318.73,
                              "Plan Rows": 632073,
                              "Plan Width": 4,
                              "Actual Startup Time": 229.403,
                              "Actual Total Time": 229.404,
                              "Actual Rows": 361187,
                              "Actual Loops": 7,
                              "Hash Buckets": 4194304,
                              "Original Hash Buckets": 4194304,
                              "Hash Batches": 1,
                              "Original Hash Batches": 1,
                              "Peak Memory Usage": 131744,
                              "Plans": [
                                {
                                  "Node Type": "Seq Scan",
                                  "Parent Relationship": "Outer",
                                  "Parallel Aware": true,
                                  "Relation Name": "title",
                                  "Alias": "t",
                                  "Startup Cost": 0.0,
                                  "Total Cost": 42318.73,
                                  "Plan Rows": 632073,
                                  "Plan Width": 4,
                                  "Actual Startup Time": 0.044,
                                  "Actual Total Time": 72.898,
                                  "Actual Rows": 361187,
                                  "Actual Loops": 7
                                }
                              ]
                            }
                          ]
                        }
                      ]
                    }
                  ]
                }
              ]
            }
          ]
        }
      ]
    },
    "Planning Time": 1.357,
    "Triggers": [],
    "Execution Time": 4486.9
  }
]