{
  "Plan": {
    "Node Type": "Aggregate",
    "Strategy": "Plain",
    "Partial Mode": "Simple",
    "Parallel Aware": false,
    "Startup Cost": 5621.3,
    "Total Cost": 5621.31,
    "Plan Rows": 1,
    "Plan Width": 8,
    "Actual Startup Time": 1.594,
    "Actual Total Time": 1.597,
    "Actual Rows": 1,
    "Actual Loops": 1,
    "Plans": [
      {
        "Node Type": "Nested Loop",
        "Parent Relationship": "Outer",
        "Parallel Aware": false,
        "Join Type": "Inner",
        "Startup Cost": 1.43,
        "Total Cost": 5619.76,
        "Plan Rows": 619,
        "Plan Width": 0,
        "Actual Startup Time": 0.227,
        "Actual Total Time": 1.533,
        "Actual Rows": 303,
        "Actual Loops": 1,
        "Inner Unique": false,
        "Plans": [
          {
            "Node Type": "Nested Loop",
            "Parent Relationship": "Outer",
            "Parallel Aware": false,
            "Join Type": "Inner",
            "Startup Cost": 0.99,
            "Total Cost": 5195.32,
            "Plan Rows": 165,
            "Plan Width": 8,
            "Actual Startup Time": 0.191,
            "Actual Total Time": 0.344,
            "Actual Rows": 11,
            "Actual Loops": 1,
            "Inner Unique": true,
            "Plans": [
              {
                "Node Type": "Index Scan",
                "Parent Relationship": "Outer",
                "Parallel Aware": false,
                "Scan Direction": "Forward",
                "Index Name": "person_id_cast_info",
                "Relation Name": "cast_info",
                "Alias": "ci",
                "Startup Cost": 0.56,
                "Total Cost": 1058.43,
                "Plan Rows": 497,
                "Plan Width": 4,
                "Actual Startup Time": 0.162,
                "Actual Total Time": 0.168,
                "Actual Rows": 11,
                "Actual Loops": 1,
                "Index Cond": "(person_id = 1115894)",
                "Rows Removed by Index Recheck": 0
              },
              {
                "Node Type": "Index Scan",
                "Parent Relationship": "Inner",
                "Parallel Aware": false,
                "Scan Direction": "Forward",
                "Index Name": "title_pkey",
                "Relation Name": "title",
                "Alias": "t",
                "Startup Cost": 0.43,
                "Total Cost": 8.32,
                "Plan Rows": 1,
                "Plan Width": 4,
                "Actual Startup Time": 0.014,
                "Actual Total Time": 0.014,
                "Actual Rows": 1,
                "Actual Loops": 11,
                "Index Cond": "(id = ci.movie_id)",
                "Rows Removed by Index Recheck": 0,
                "Filter": "((kind_id < 7) AND (production_year > 1966))",
                "Rows Removed by Filter": 0
              }
            ]
          },
          {
            "Node Type": "Index Scan",
            "Parent Relationship": "Inner",
            "Parallel Aware": false,
            "Scan Direction": "Forward",
            "Index Name": "movie_id_movie_info",
            "Relation Name": "movie_info",
            "Alias": "mi",
            "Startup Cost": 0.43,
            "Total Cost": 2.3,
            "Plan Rows": 27,
            "Plan Width": 4,
            "Actual Startup Time": 0.025,
            "Actual Total Time": 0.099,
            "Actual Rows": 28,
            "Actual Loops": 11,
            "Index Cond": "(movie_id = t.id)",
            "Rows Removed by Index Recheck": 0,
            "Filter": "(info_type_id < 16)",
            "Rows Removed by Filter": 41
          }
        ]
      }
    ]
  },
  "Planning Time": 0.955,
  "Triggers": [],
  "Execution Time": 1.693
}