[
  {
    "Plan": {
      "Node Type": "Aggregate",
      "Strategy": "Plain",
      "Partial Mode": "Finalize",
      "Parallel Aware": false,
      "Startup Cost": 126704.53,
      "Total Cost": 126704.54,
      "Plan Rows": 1,
      "Plan Width": 8,
      "Actual Startup Time": 499.443,
      "Actual Total Time": 523.656,
      "Actual Rows": 1,
      "Actual Loops": 1,
      "Plans": [
        {
          "Node Type": "Gather",
          "Parent Relationship": "Outer",
          "Parallel Aware": false,
          "Startup Cost": 126704.22,
          "Total Cost": 126704.53,
          "Plan Rows": 3,
          "Plan Width": 8,
          "Actual Startup Time": 497.575,
          "Actual Total Time": 523.644,
          "Actual Rows": 4,
          "Actual Loops": 1,
          "Workers Planned": 3,
          "Workers Launched": 3,
          "Single Copy": false,
          "Plans": [
            {
              "Node Type": "Aggregate",
              "Strategy": "Plain",
              "Partial Mode": "Partial",
              "Parent Relationship": "Outer",
              "Parallel Aware": false,
              "Startup Cost": 125704.22,
              "Total Cost": 125704.23,
              "Plan Rows": 1,
              "Plan Width": 8,
              "Actual Startup Time": 488.271,
              "Actual Total Time": 488.276,
              "Actual Rows": 1,
              "Actual Loops": 4,
              "Plans": [
                {
                  "Node Type": "Hash Join",
                  "Parent Relationship": "Outer",
                  "Parallel Aware": true,
                  "Join Type": "Inner",
                  "Startup Cost": 80043.14,
                  "Total Cost": 125133.59,
                  "Plan Rows": 228252,
                  "Plan Width": 0,
                  "Actual Startup Time": 327.302,
                  "Actual Total Time": 476.727,
                  "Actual Rows": 261218,
                  "Actual Loops": 4,
                  "Inner Unique": false,
                  "Hash Cond": "(mk.movie_id = t.id)",
                  "Plans": [
                    {
                      "Node Type": "Seq Scan",
                      "Parent Relationship": "Outer",
                      "Parallel Aware": true,
                      "Relation Name": "movie_keyword",
                      "Alias": "mk",
                      "Startup Cost": 0.0,
                      "Total Cost": 39047.32,
                      "Plan Rows": 1459332,
                      "Plan Width": 4,
                      "Actual Startup Time": 0.031,
                      "Actual Total Time": 93.763,
                      "Actual Rows": 1130982,
                      "Actual Loops": 4
                    },
                    {
                      "Node Type": "Hash",
                      "Parent Relationship": "Inner",
                      "Parallel Aware": true,
                      "Startup Cost": 78807.36,
                      "Total Cost": 78807.36,
                      "Plan Rows": 98862,
                      "Plan Width": 8,
                      "Actual Startup Time": 268.014,
                      "Actual Total Time": 268.018,
                      "Actual Rows": 20033,
                      "Actual Loops": 4,
                      "Hash Buckets": 524288,
                      "Original Hash Buckets": 524288,
                      "Hash Batches": 1,
                      "Original Hash Batches": 1,
                      "Peak Memory Usage": 7296,
                      "Plans": [
                        {
                          "Node Type": "Hash Join",
                          "Parent Relationship": "Outer",
                          "Parallel Aware": true,
                          "Join Type": "Inner",
                          "Startup Cost": 33009.36,
                          "Total Cost": 78807.36,
                          "Plan Rows": 98862,
                          "Plan Width": 8,
                          "Actual Startup Time": 203.794,
                          "Actual Total Time": 260.73,
                          "Actual Rows": 20033,
                          "Actual Loops": 4,
                          "Inner Unique": false,
                          "Hash Cond": "(t.id = mc.movie_id)",
                          "Plans": [
                            {
                              "Node Type": "Seq Scan",
                              "Parent Relationship": "Outer",
                              "Parallel Aware": true,
                              "Relation Name": "title",
                              "Alias": "t",
                              "Startup Cost": 0.0,
                              "Total Cost": 42318.73,
                              "Plan Rows": 632073,
                              "Plan Width": 4,
                              "Actual Startup Time": 0.013,
                              "Actual Total Time": 81.934,
                              "Actual Rows": 632078,
                              "Actual Loops": 4
                            },
                            {
                              "Node Type": "Hash",
                              "Parent Relationship": "Inner",
                              "Parallel Aware": true,
                              "Startup Cost": 31414.82,
                              "Total Cost": 31414.82,
                              "Plan Rows": 127563,
                              "Plan Width": 4,
                              "Actual Startup Time": 94.635,
                              "Actual Total Time": 94.636,
                              "Actual Rows": 20033,
                              "Actual Loops": 4,
                              "Hash Buckets": 524288,
                              "Original Hash Buckets": 524288,
                              "Hash Batches": 1,
                              "Original Hash Batches": 1,
                              "Peak Memory Usage": 7296,
                              "Plans": [
                                {
                                  "Node Type": "Seq Scan",
                                  "Parent Relationship": "Outer",
                                  "Parallel Aware": true,
                                  "Relation Name": "movie_companies",
                                  "Alias": "mc",
                                  "Startup Cost": 0.0,
                                  "Total Cost": 31414.82,
                                  "Plan Rows": 127563,
                                  "Plan Width": 4,
                                  "Actual Startup Time": 27.514,
                                  "Actual Total Time": 82.65,
                                  "Actual Rows": 20033,
                                  "Actual Loops": 4,
                                  "Filter": "((company_id > 28339) AND (company_type_id = 1))",
                                  "Rows Removed by Filter": 632249
                                }
                              ]
                            }
                          ]
                        }
                      ]
                    }
                  ]
                }
              ]
            }
          ]
        }
      ]
    },
    "Planning Time": 1.42,
    "Triggers": [],
    "Execution Time": 523.787
  }
]