[
  {
    "Plan": {
      "Node Type": "Aggregate",
      "Strategy": "Plain",
      "Partial Mode": "Finalize",
      "Parallel Aware": false,
      "Startup Cost": 264040.3,
      "Total Cost": 264040.31,
      "Plan Rows": 1,
      "Plan Width": 8,
      "Actual Startup Time": 1722.777,
      "Actual Total Time": 1780.003,
      "Actual Rows": 1,
      "Actual Loops": 1,
      "Plans": [
        {
          "Node Type": "Gather",
          "Parent Relationship": "Outer",
          "Parallel Aware": false,
          "Startup Cost": 264039.78,
          "Total Cost": 264040.29,
          "Plan Rows": 5,
          "Plan Width": 8,
          "Actual Startup Time": 1705.905,
          "Actual Total Time": 1779.988,
          "Actual Rows": 6,
          "Actual Loops": 1,
          "Workers Planned": 5,
          "Workers Launched": 5,
          "Single Copy": false,
          "Plans": [
            {
              "Node Type": "Aggregate",
              "Strategy": "Plain",
              "Partial Mode": "Partial",
              "Parent Relationship": "Outer",
              "Parallel Aware": false,
              "Startup Cost": 263039.78,
              "Total Cost": 263039.79,
              "Plan Rows": 1,
              "Plan Width": 8,
              "Actual Startup Time": 1694.015,
              "Actual Total Time": 1694.019,
              "Actual Rows": 1,
              "Actual Loops": 6,
              "Plans": [
                {
                  "Node Type": "Hash Join",
                  "Parent Relationship": "Outer",
                  "Parallel Aware": true,
                  "Join Type": "Inner",
                  "Startup Cost": 50354.42,
                  "Total Cost": 257098.58,
                  "Plan Rows": 2376479,
                  "Plan Width": 0,
                  "Actual Startup Time": 278.189,
                  "Actual Total Time": 1574.856,
                  "Actual Rows": 2128552,
                  "Actual Loops": 6,
                  "Inner Unique": true,
                  "Hash Cond": "(mi.movie_id = t.id)",
                  "Plans": [
                    {
                      "Node Type": "Seq Scan",
                      "Parent Relationship": "Outer",
                      "Parallel Aware": true,
                      "Relation Name": "movie_info",
                      "Alias": "mi",
                      "Startup Cost": 0.0,
                      "Total Cost": 199108.24,
                      "Plan Rows": 2908916,
                      "Plan Width": 4,
                      "Actual Startup Time": 0.047,
                      "Actual Total Time": 453.544,
                      "Actual Rows": 2421489,
                      "Actual Loops": 6,
                      "Filter": "(info_type_id < 106)",
                      "Rows Removed by Filter": 51131
                    },
                    {
                      "Node Type": "Hash",
                      "Parent Relationship": "Inner",
                      "Parallel Aware": true,
                      "Startup Cost": 43899.32,
                      "Total Cost": 43899.32,
                      "Plan Rows": 516408,
                      "Plan Width": 4,
                      "Actual Startup Time": 272.792,
                      "Actual Total Time": 272.793,
                      "Actual Rows": 344092,
                      "Actual Loops": 6,
                      "Hash Buckets": 2097152,
                      "Original Hash Buckets": 2097152,
                      "Hash Batches": 1,
                      "Original Hash Batches": 1,
                      "Peak Memory Usage": 97248,
                      "Plans": [
                        {
                          "Node Type": "Seq Scan",
                          "Parent Relationship": "Outer",
                          "Parallel Aware": true,
                          "Relation Name": "title",
                          "Alias": "t",
                          "Startup Cost": 0.0,
                          "Total Cost": 43899.32,
                          "Plan Rows": 516408,
                          "Plan Width": 4,
                          "Actual Startup Time": 0.037,
                          "Actual Total Time": 106.988,
                          "Actual Rows": 344092,
                          "Actual Loops": 6,
                          "Filter": "(production_year < 2011)",
                          "Rows Removed by Filter": 77293
                        }
                      ]
                    }
                  ]
                }
              ]
            }
          ]
        }
      ]
    },
    "Planning Time": 0.608,
    "Triggers": [],
    "Execution Time": 1780.08
  }
]