[
  {
    "Plan": {
      "Node Type": "Aggregate",
      "Strategy": "Plain",
      "Partial Mode": "Finalize",
      "Parallel Aware": false,
      "Startup Cost": 60601.31,
      "Total Cost": 60601.32,
      "Plan Rows": 1,
      "Plan Width": 8,
      "Actual Startup Time": 209.275,
      "Actual Total Time": 222.021,
      "Actual Rows": 1,
      "Actual Loops": 1,
      "Plans": [
        {
          "Node Type": "Gather",
          "Parent Relationship": "Outer",
          "Parallel Aware": false,
          "Startup Cost": 60601.09,
          "Total Cost": 60601.3,
          "Plan Rows": 2,
          "Plan Width": 8,
          "Actual Startup Time": 208.517,
          "Actual Total Time": 222.012,
          "Actual Rows": 3,
          "Actual Loops": 1,
          "Workers Planned": 2,
          "Workers Launched": 2,
          "Single Copy": false,
          "Plans": [
            {
              "Node Type": "Aggregate",
              "Strategy": "Plain",
              "Partial Mode": "Partial",
              "Parent Relationship": "Outer",
              "Parallel Aware": false,
              "Startup Cost": 59601.09,
              "Total Cost": 59601.1,
              "Plan Rows": 1,
              "Plan Width": 8,
              "Actual Startup Time": 202.264,
              "Actual Total Time": 202.268,
              "Actual Rows": 1,
              "Actual Loops": 3,
              "Plans": [
                {
                  "Node Type": "Hash Join",
                  "Parent Relationship": "Outer",
                  "Parallel Aware": true,
                  "Join Type": "Inner",
                  "Startup Cost": 44328.39,
                  "Total Cost": 59522.95,
                  "Plan Rows": 31257,
                  "Plan Width": 0,
                  "Actual Startup Time": 133.219,
                  "Actual Total Time": 201.489,
                  "Actual Rows": 17290,
                  "Actual Loops": 3,
                  "Inner Unique": true,
                  "Hash Cond": "(mi_idx.movie_id = t.id)",
                  "Plans": [
                    {
                      "Node Type": "Seq Scan",
                      "Parent Relationship": "Outer",
                      "Parallel Aware": true,
                      "Relation Name": "movie_info_idx",
                      "Alias": "mi_idx",
                      "Startup Cost": 0.0,
                      "Total Cost": 13685.15,
                      "Plan Rows": 575015,
                      "Plan Width": 4,
                      "Actual Startup Time": 0.024,
                      "Actual Total Time": 35.288,
                      "Actual Rows": 460012,
                      "Actual Loops": 3
                    },
                    {
                      "Node Type": "Hash",
                      "Parent Relationship": "Inner",
                      "Parallel Aware": true,
                      "Startup Cost": 43898.92,
                      "Total Cost": 43898.92,
                      "Plan Rows": 34358,
                      "Plan Width": 4,
                      "Actual Startup Time": 119.271,
                      "Actual Total Time": 119.272,
                      "Actual Rows": 46216,
                      "Actual Loops": 3,
                      "Hash Buckets": 262144,
                      "Original Hash Buckets": 262144,
                      "Hash Batches": 1,
                      "Original Hash Batches": 1,
                      "Peak Memory Usage": 7520,
                      "Plans": [
                        {
                          "Node Type": "Seq Scan",
                          "Parent Relationship": "Outer",
                          "Parallel Aware": true,
                          "Relation Name": "title",
                          "Alias": "t",
                          "Startup Cost": 0.0,
                          "Total Cost": 43898.92,
                          "Plan Rows": 34358,
                          "Plan Width": 4,
                          "Actual Startup Time": 4.009,
                          "Actual Total Time": 105.807,
                          "Actual Rows": 46216,
                          "Actual Loops": 3,
                          "Filter": "(production_year < 1939)",
                          "Rows Removed by Filter": 796555
                        }
                      ]
                    }
                  ]
                }
              ]
            }
          ]
        }
      ]
    },
    "Planning Time": 0.465,
    "Triggers": [],
    "Execution Time": 222.078
  }
]