[
  {
    "Plan": {
      "Node Type": "Aggregate",
      "Strategy": "Plain",
      "Partial Mode": "Finalize",
      "Parallel Aware": false,
      "Startup Cost": 45682.07,
      "Total Cost": 45682.08,
      "Plan Rows": 1,
      "Plan Width": 8,
      "Actual Startup Time": 137.859,
      "Actual Total Time": 144.992,
      "Actual Rows": 1,
      "Actual Loops": 1,
      "Plans": [
        {
          "Node Type": "Gather",
          "Parent Relationship": "Outer",
          "Parallel Aware": false,
          "Startup Cost": 45681.75,
          "Total Cost": 45682.06,
          "Plan Rows": 3,
          "Plan Width": 8,
          "Actual Startup Time": 137.719,
          "Actual Total Time": 144.984,
          "Actual Rows": 4,
          "Actual Loops": 1,
          "Workers Planned": 3,
          "Workers Launched": 3,
          "Single Copy": false,
          "Plans": [
            {
              "Node Type": "Aggregate",
              "Strategy": "Plain",
              "Partial Mode": "Partial",
              "Parent Relationship": "Outer",
              "Parallel Aware": false,
              "Startup Cost": 44681.75,
              "Total Cost": 44681.76,
              "Plan Rows": 1,
              "Plan Width": 8,
              "Actual Startup Time": 134.35,
              "Actual Total Time": 134.351,
              "Actual Rows": 1,
              "Actual Loops": 4,
              "Plans": [
                {
                  "Node Type": "Seq Scan",
                  "Parent Relationship": "Outer",
                  "Parallel Aware": true,
                  "Relation Name": "movie_keyword",
                  "Alias": "mk",
                  "Startup Cost": 0.0,
                  "Total Cost": 42695.65,
                  "Plan Rows": 794438,
                  "Plan Width": 0,
                  "Actual Startup Time": 0.203,
                  "Actual Total Time": 107.009,
                  "Actual Rows": 614422,
                  "Actual Loops": 4,
                  "Filter": "(keyword_id > 3663)",
                  "Rows Removed by Filter": 516560
                }
              ]
            }
          ]
        }
      ]
    },
    "Planning Time": 0.187,
    "Triggers": [],
    "Execution Time": 145.047
  }
]