{
  "Plan": {
    "Node Type": "Aggregate",
    "Strategy": "Plain",
    "Partial Mode": "Finalize",
    "Parallel Aware": false,
    "Startup Cost": 133252.76,
    "Total Cost": 133252.77,
    "Plan Rows": 1,
    "Plan Width": 8,
    "Actual Startup Time": 740.995,
    "Actual Total Time": 757.378,
    "Actual Rows": 1,
    "Actual Loops": 1,
    "Plans": [
      {
        "Node Type": "Gather",
        "Parent Relationship": "Outer",
        "Parallel Aware": false,
        "Startup Cost": 133252.65,
        "Total Cost": 133252.76,
        "Plan Rows": 1,
        "Plan Width": 8,
        "Actual Startup Time": 737.963,
        "Actual Total Time": 757.361,
        "Actual Rows": 2,
        "Actual Loops": 1,
        "Workers Planned": 1,
        "Workers Launched": 1,
        "Single Copy": false,
        "Plans": [
          {
            "Node Type": "Aggregate",
            "Strategy": "Plain",
            "Partial Mode": "Partial",
            "Parent Relationship": "Outer",
            "Parallel Aware": false,
            "Startup Cost": 132252.65,
            "Total Cost": 132252.66,
            "Plan Rows": 1,
            "Plan Width": 8,
            "Actual Startup Time": 732.287,
            "Actual Total Time": 732.291,
            "Actual Rows": 1,
            "Actual Loops": 2,
            "Plans": [
              {
                "Node Type": "Hash Join",
                "Parent Relationship": "Outer",
                "Parallel Aware": true,
                "Join Type": "Inner",
                "Startup Cost": 71256.99,
                "Total Cost": 130945.46,
                "Plan Rows": 522874,
                "Plan Width": 0,
                "Actual Startup Time": 449.598,
                "Actual Total Time": 722.77,
                "Actual Rows": 240274,
                "Actual Loops": 2,
                "Inner Unique": true,
                "Hash Cond": "(mk.movie_id = t.id)",
                "Plans": [
                  {
                    "Node Type": "Seq Scan",
                    "Parent Relationship": "Outer",
                    "Parallel Aware": true,
                    "Relation Name": "movie_keyword",
                    "Alias": "mk",
                    "Startup Cost": 0.0,
                    "Total Cost": 57718.19,
                    "Plan Rows": 750582,
                    "Plan Width": 4,
                    "Actual Startup Time": 1.466,
                    "Actual Total Time": 167.012,
                    "Actual Rows": 640200,
                    "Actual Loops": 2,
                    "Filter": "(keyword_id > 13815)",
                    "Rows Removed by Filter": 1621764
                  },
                  {
                    "Node Type": "Hash",
                    "Parent Relationship": "Inner",
                    "Parallel Aware": true,
                    "Startup Cost": 58306.47,
                    "Total Cost": 58306.47,
                    "Plan Rows": 1036042,
                    "Plan Width": 4,
                    "Actual Startup Time": 439.017,
                    "Actual Total Time": 439.019,
                    "Actual Rows": 877293,
                    "Actual Loops": 2,
                    "Hash Buckets": 2097152,
                    "Original Hash Buckets": 2097152,
                    "Hash Batches": 1,
                    "Original Hash Batches": 1,
                    "Peak Memory Usage": 85056,
                    "Plans": [
                      {
                        "Node Type": "Seq Scan",
                        "Parent Relationship": "Outer",
                        "Parallel Aware": true,
                        "Relation Name": "title",
                        "Alias": "t",
                        "Startup Cost": 0.0,
                        "Total Cost": 58306.47,
                        "Plan Rows": 1036042,
                        "Plan Width": 4,
                        "Actual Startup Time": 0.029,
                        "Actual Total Time": 182.398,
                        "Actual Rows": 877293,
                        "Actual Loops": 2,
                        "Filter": "((kind_id > 1) AND (production_year < 2013))",
                        "Rows Removed by Filter": 386863
                      }
                    ]
                  }
                ]
              }
            ]
          }
        ]
      }
    ]
  },
  "Planning Time": 0.363,
  "Triggers": [],
  "Execution Time": 757.418
}