[
  {
    "Plan": {
      "Node Type": "Aggregate",
      "Strategy": "Plain",
      "Partial Mode": "Finalize",
      "Parallel Aware": false,
      "Startup Cost": 201498.69,
      "Total Cost": 201498.7,
      "Plan Rows": 1,
      "Plan Width": 8,
      "Actual Startup Time": 3912.31,
      "Actual Total Time": 3960.334,
      "Actual Rows": 1,
      "Actual Loops": 1,
      "Plans": [
        {
          "Node Type": "Gather",
          "Parent Relationship": "Outer",
          "Parallel Aware": false,
          "Startup Cost": 201498.37,
          "Total Cost": 201498.68,
          "Plan Rows": 3,
          "Plan Width": 8,
          "Actual Startup Time": 3910.732,
          "Actual Total Time": 3960.324,
          "Actual Rows": 4,
          "Actual Loops": 1,
          "Workers Planned": 3,
          "Workers Launched": 3,
          "Single Copy": false,
          "Plans": [
            {
              "Node Type": "Aggregate",
              "Strategy": "Plain",
              "Partial Mode": "Partial",
              "Parent Relationship": "Outer",
              "Parallel Aware": false,
              "Startup Cost": 200498.37,
              "Total Cost": 200498.38,
              "Plan Rows": 1,
              "Plan Width": 8,
              "Actual Startup Time": 3901.221,
              "Actual Total Time": 3901.282,
              "Actual Rows": 1,
              "Actual Loops": 4,
              "Plans": [
                {
                  "Node Type": "Nested Loop",
                  "Parent Relationship": "Outer",
                  "Parallel Aware": false,
                  "Join Type": "Inner",
                  "Startup Cost": 45986.06,
                  "Total Cost": 199713.97,
                  "Plan Rows": 313760,
                  "Plan Width": 0,
                  "Actual Startup Time": 170.496,
                  "Actual Total Time": 3521.847,
                  "Actual Rows": 8432339,
                  "Actual Loops": 4,
                  "Inner Unique": false,
                  "Join Filter": "(t.id = mi.movie_id)",
                  "Rows Removed by Join Filter": 0,
                  "Plans": [
                    {
                      "Node Type": "Hash Join",
                      "Parent Relationship": "Outer",
                      "Parallel Aware": true,
                      "Join Type": "Inner",
                      "Startup Cost": 45985.62,
                      "Total Cost": 90878.38,
                      "Plan Rows": 53659,
                      "Plan Width": 8,
                      "Actual Startup Time": 170.41,
                      "Actual Total Time": 341.983,
                      "Actual Rows": 180375,
                      "Actual Loops": 4,
                      "Inner Unique": true,
                      "Hash Cond": "(mk.movie_id = t.id)",
                      "Plans": [
                        {
                          "Node Type": "Seq Scan",
                          "Parent Relationship": "Outer",
                          "Parallel Aware": true,
                          "Relation Name": "movie_keyword",
                          "Alias": "mk",
                          "Startup Cost": 0.0,
                          "Total Cost": 42695.65,
                          "Plan Rows": 836993,
                          "Plan Width": 4,
                          "Actual Startup Time": 0.024,
                          "Actual Total Time": 113.307,
                          "Actual Rows": 647692,
                          "Actual Loops": 4,
                          "Filter": "(keyword_id < 6892)",
                          "Rows Removed by Filter": 483290
                        },
                        {
                          "Node Type": "Hash",
                          "Parent Relationship": "Inner",
                          "Parallel Aware": true,
                          "Startup Cost": 45479.1,
                          "Total Cost": 45479.1,
                          "Plan Rows": 40522,
                          "Plan Width": 4,
                          "Actual Startup Time": 134.493,
                          "Actual Total Time": 134.494,
                          "Actual Rows": 75271,
                          "Actual Loops": 4,
                          "Hash Buckets": 524288,
                          "Original Hash Buckets": 262144,
                          "Hash Batches": 1,
                          "Original Hash Batches": 1,
                          "Peak Memory Usage": 17984,
                          "Plans": [
                            {
                              "Node Type": "Seq Scan",
                              "Parent Relationship": "Outer",
                              "Parallel Aware": true,
                              "Relation Name": "title",
                              "Alias": "t",
                              "Startup Cost": 0.0,
                              "Total Cost": 45479.1,
                              "Plan Rows": 40522,
                              "Plan Width": 4,
                              "Actual Startup Time": 60.965,
                              "Actual Total Time": 103.114,
                              "Actual Rows": 75271,
                              "Actual Loops": 4,
                              "Filter": "((production_year < 1987) AND (kind_id = 1))",
                              "Rows Removed by Filter": 556807
                            }
                          ]
                        }
                      ]
                    },
                    {
                      "Node Type": "Index Only Scan",
                      "Parent Relationship": "Inner",
                      "Parallel Aware": false,
                      "Scan Direction": "Forward",
                      "Index Name": "movie_id_movie_info",
                      "Relation Name": "movie_info",
                      "Alias": "mi",
                      "Startup Cost": 0.43,
                      "Total Cost": 1.5,
                      "Plan Rows": 42,
                      "Plan Width": 4,
                      "Actual Startup Time": 0.003,
                      "Actual Total Time": 0.013,
                      "Actual Rows": 47,
                      "Actual Loops": 721500,
                      "Index Cond": "(movie_id = mk.movie_id)",
                      "Rows Removed by Index Recheck": 0,
                      "Heap Fetches": 33729357
                    }
                  ]
                }
              ]
            }
          ]
        }
      ]
    },
    "Planning Time": 1.532,
    "Triggers": [],
    "Execution Time": 3960.439
  }
]