[
  {
    "Plan": {
      "Node Type": "Aggregate",
      "Strategy": "Plain",
      "Partial Mode": "Finalize",
      "Parallel Aware": false,
      "Startup Cost": 39677.65,
      "Total Cost": 39677.66,
      "Plan Rows": 1,
      "Plan Width": 8,
      "Actual Startup Time": 53.745,
      "Actual Total Time": 58.501,
      "Actual Rows": 1,
      "Actual Loops": 1,
      "Plans": [
        {
          "Node Type": "Gather",
          "Parent Relationship": "Outer",
          "Parallel Aware": false,
          "Startup Cost": 39677.23,
          "Total Cost": 39677.64,
          "Plan Rows": 4,
          "Plan Width": 8,
          "Actual Startup Time": 53.495,
          "Actual Total Time": 58.488,
          "Actual Rows": 5,
          "Actual Loops": 1,
          "Workers Planned": 4,
          "Workers Launched": 4,
          "Single Copy": false,
          "Plans": [
            {
              "Node Type": "Aggregate",
              "Strategy": "Plain",
              "Partial Mode": "Partial",
              "Parent Relationship": "Outer",
              "Parallel Aware": false,
              "Startup Cost": 38677.23,
              "Total Cost": 38677.24,
              "Plan Rows": 1,
              "Plan Width": 8,
              "Actual Startup Time": 45.706,
              "Actual Total Time": 45.708,
              "Actual Rows": 1,
              "Actual Loops": 5,
              "Plans": [
                {
                  "Node Type": "Bitmap Heap Scan",
                  "Parent Relationship": "Outer",
                  "Parallel Aware": true,
                  "Relation Name": "title",
                  "Alias": "t",
                  "Startup Cost": 2183.44,
                  "Total Cost": 38636.87,
                  "Plan Rows": 16142,
                  "Plan Width": 0,
                  "Actual Startup Time": 8.138,
                  "Actual Total Time": 44.553,
                  "Actual Rows": 10676,
                  "Actual Loops": 5,
                  "Recheck Cond": "(kind_id = 4)",
                  "Rows Removed by Index Recheck": 0,
                  "Filter": "(production_year < 2005)",
                  "Rows Removed by Filter": 12971,
                  "Exact Heap Blocks": 5023,
                  "Lossy Heap Blocks": 0,
                  "Plans": [
                    {
                      "Node Type": "Bitmap Index Scan",
                      "Parent Relationship": "Outer",
                      "Parallel Aware": false,
                      "Index Name": "kind_id_title",
                      "Startup Cost": 0.0,
                      "Total Cost": 2167.3,
                      "Plan Rows": 121449,
                      "Plan Width": 0,
                      "Actual Startup Time": 11.077,
                      "Actual Total Time": 11.077,
                      "Actual Rows": 118234,
                      "Actual Loops": 1,
                      "Index Cond": "(kind_id = 4)"
                    }
                  ]
                }
              ]
            }
          ]
        }
      ]
    },
    "Planning Time": 0.122,
    "Triggers": [],
    "Execution Time": 58.551
  }
]