[
  {
    "Plan": {
      "Node Type": "Aggregate",
      "Strategy": "Plain",
      "Partial Mode": "Finalize",
      "Parallel Aware": false,
      "Startup Cost": 311320.52,
      "Total Cost": 311320.53,
      "Plan Rows": 1,
      "Plan Width": 8,
      "Actual Startup Time": 1313.902,
      "Actual Total Time": 1361.19,
      "Actual Rows": 1,
      "Actual Loops": 1,
      "Plans": [
        {
          "Node Type": "Gather",
          "Parent Relationship": "Outer",
          "Parallel Aware": false,
          "Startup Cost": 311319.9,
          "Total Cost": 311320.51,
          "Plan Rows": 6,
          "Plan Width": 8,
          "Actual Startup Time": 1273.689,
          "Actual Total Time": 1361.176,
          "Actual Rows": 7,
          "Actual Loops": 1,
          "Workers Planned": 6,
          "Workers Launched": 6,
          "Single Copy": false,
          "Plans": [
            {
              "Node Type": "Aggregate",
              "Strategy": "Plain",
              "Partial Mode": "Partial",
              "Parent Relationship": "Outer",
              "Parallel Aware": false,
              "Startup Cost": 310319.9,
              "Total Cost": 310319.91,
              "Plan Rows": 1,
              "Plan Width": 8,
              "Actual Startup Time": 1249.322,
              "Actual Total Time": 1250.016,
              "Actual Rows": 1,
              "Actual Loops": 7,
              "Plans": [
                {
                  "Node Type": "Hash Join",
                  "Parent Relationship": "Outer",
                  "Parallel Aware": true,
                  "Join Type": "Inner",
                  "Startup Cost": 104378.5,
                  "Total Cost": 307468.73,
                  "Plan Rows": 1140467,
                  "Plan Width": 0,
                  "Actual Startup Time": 497.816,
                  "Actual Total Time": 1146.163,
                  "Actual Rows": 2639056,
                  "Actual Loops": 7,
                  "Inner Unique": false,
                  "Hash Cond": "(ci.movie_id = t.id)",
                  "Plans": [
                    {
                      "Node Type": "Index Scan",
                      "Parent Relationship": "Outer",
                      "Parallel Aware": true,
                      "Scan Direction": "Forward",
                      "Index Name": "role_id_cast_info",
                      "Relation Name": "cast_info",
                      "Alias": "ci",
                      "Startup Cost": 0.56,
                      "Total Cost": 194809.41,
                      "Plan Rows": 1227324,
                      "Plan Width": 4,
                      "Actual Startup Time": 0.165,
                      "Actual Total Time": 167.776,
                      "Actual Rows": 1064568,
                      "Actual Loops": 7,
                      "Index Cond": "(role_id = 2)",
                      "Rows Removed by Index Recheck": 0
                    },
                    {
                      "Node Type": "Hash",
                      "Parent Relationship": "Inner",
                      "Parallel Aware": true,
                      "Startup Cost": 94904.68,
                      "Total Cost": 94904.68,
                      "Plan Rows": 757860,
                      "Plan Width": 8,
                      "Actual Startup Time": 490.705,
                      "Actual Total Time": 491.397,
                      "Actual Rows": 335308,
                      "Actual Loops": 7,
                      "Hash Buckets": 4194304,
                      "Original Hash Buckets": 4194304,
                      "Hash Batches": 1,
                      "Original Hash Batches": 1,
                      "Peak Memory Usage": 124640,
                      "Plans": [
                        {
                          "Node Type": "Hash Join",
                          "Parent Relationship": "Outer",
                          "Parallel Aware": true,
                          "Join Type": "Inner",
                          "Startup Cost": 50219.64,
                          "Total Cost": 94904.68,
                          "Plan Rows": 757860,
                          "Plan Width": 8,
                          "Actual Startup Time": 241.109,
                          "Actual Total Time": 382.744,
                          "Actual Rows": 335308,
                          "Actual Loops": 7,
                          "Inner Unique": true,
                          "Hash Cond": "(mk.movie_id = t.id)",
                          "Plans": [
                            {
                              "Node Type": "Seq Scan",
                              "Parent Relationship": "Outer",
                              "Parallel Aware": true,
                              "Relation Name": "movie_keyword",
                              "Alias": "mk",
                              "Startup Cost": 0.0,
                              "Total Cost": 42695.65,
                              "Plan Rows": 757860,
                              "Plan Width": 4,
                              "Actual Startup Time": 0.189,
                              "Actual Total Time": 70.72,
                              "Actual Rows": 335308,
                              "Actual Loops": 7,
                              "Filter": "(keyword_id > 4271)",
                              "Rows Removed by Filter": 310968
                            },
                            {
                              "Node Type": "Hash",
                              "Parent Relationship": "Inner",
                              "Parallel Aware": true,
                              "Startup Cost": 42318.73,
                              "Total Cost": 42318.73,
                              "Plan Rows": 632073,
                              "Plan Width": 4,
                              "Actual Startup Time": 237.247,
                              "Actual Total Time": 237.248,
                              "Actual Rows": 361187,
                              "Actual Loops": 7,
                              "Hash Buckets": 4194304,
                              "Original Hash Buckets": 4194304,
                              "Hash Batches": 1,
                              "Original Hash Batches": 1,
                              "Peak Memory Usage": 131744,
                              "Plans": [
                                {
                                  "Node Type": "Seq Scan",
                                  "Parent Relationship": "Outer",
                                  "Parallel Aware": true,
                                  "Relation Name": "title",
                                  "Alias": "t",
                                  "Startup Cost": 0.0,
                                  "Total Cost": 42318.73,
                                  "Plan Rows": 632073,
                                  "Plan Width": 4,
                                  "Actual Startup Time": 0.048,
                                  "Actual Total Time": 68.648,
                                  "Actual Rows": 361187,
                                  "Actual Loops": 7
                                }
                              ]
                            }
                          ]
                        }
                      ]
                    }
                  ]
                }
              ]
            }
          ]
        }
      ]
    },
    "Planning Time": 1.4,
    "Triggers": [],
    "Execution Time": 1361.284
  }
]