{
  "Plan": {
    "Node Type": "Aggregate",
    "Strategy": "Plain",
    "Partial Mode": "Finalize",
    "Parallel Aware": false,
    "Startup Cost": 122725.25,
    "Total Cost": 122725.26,
    "Plan Rows": 1,
    "Plan Width": 8,
    "Actual Startup Time": 468.804,
    "Actual Total Time": 483.336,
    "Actual Rows": 1,
    "Actual Loops": 1,
    "Plans": [
      {
        "Node Type": "Gather",
        "Parent Relationship": "Outer",
        "Parallel Aware": false,
        "Startup Cost": 122725.13,
        "Total Cost": 122725.24,
        "Plan Rows": 1,
        "Plan Width": 8,
        "Actual Startup Time": 468.229,
        "Actual Total Time": 483.33,
        "Actual Rows": 2,
        "Actual Loops": 1,
        "Workers Planned": 1,
        "Workers Launched": 1,
        "Single Copy": false,
        "Plans": [
          {
            "Node Type": "Aggregate",
            "Strategy": "Plain",
            "Partial Mode": "Partial",
            "Parent Relationship": "Outer",
            "Parallel Aware": false,
            "Startup Cost": 121725.13,
            "Total Cost": 121725.14,
            "Plan Rows": 1,
            "Plan Width": 8,
            "Actual Startup Time": 462.737,
            "Actual Total Time": 462.74,
            "Actual Rows": 1,
            "Actual Loops": 2,
            "Plans": [
              {
                "Node Type": "Hash Join",
                "Parent Relationship": "Outer",
                "Parallel Aware": true,
                "Join Type": "Inner",
                "Startup Cost": 60427.78,
                "Total Cost": 121374.3,
                "Plan Rows": 140334,
                "Plan Width": 0,
                "Actual Startup Time": 190.684,
                "Actual Total Time": 461.289,
                "Actual Rows": 33448,
                "Actual Loops": 2,
                "Inner Unique": true,
                "Hash Cond": "(mk.movie_id = t.id)",
                "Plans": [
                  {
                    "Node Type": "Seq Scan",
                    "Parent Relationship": "Outer",
                    "Parallel Aware": true,
                    "Relation Name": "movie_keyword",
                    "Alias": "mk",
                    "Startup Cost": 0.0,
                    "Total Cost": 57718.19,
                    "Plan Rows": 1229839,
                    "Plan Width": 4,
                    "Actual Startup Time": 0.578,
                    "Actual Total Time": 178.346,
                    "Actual Rows": 1044134,
                    "Actual Loops": 2,
                    "Filter": "(keyword_id > 5779)",
                    "Rows Removed by Filter": 1217832
                  },
                  {
                    "Node Type": "Hash",
                    "Parent Relationship": "Inner",
                    "Parallel Aware": true,
                    "Startup Cost": 58306.47,
                    "Total Cost": 58306.47,
                    "Plan Rows": 169705,
                    "Plan Width": 4,
                    "Actual Startup Time": 184.387,
                    "Actual Total Time": 184.388,
                    "Actual Rows": 146337,
                    "Actual Loops": 2,
                    "Hash Buckets": 524288,
                    "Original Hash Buckets": 524288,
                    "Hash Batches": 1,
                    "Original Hash Batches": 1,
                    "Peak Memory Usage": 15552,
                    "Plans": [
                      {
                        "Node Type": "Seq Scan",
                        "Parent Relationship": "Outer",
                        "Parallel Aware": true,
                        "Relation Name": "title",
                        "Alias": "t",
                        "Startup Cost": 0.0,
                        "Total Cost": 58306.47,
                        "Plan Rows": 169705,
                        "Plan Width": 4,
                        "Actual Startup Time": 0.027,
                        "Actual Total Time": 141.787,
                        "Actual Rows": 146337,
                        "Actual Loops": 2,
                        "Filter": "((kind_id > 1) AND (production_year > 2010))",
                        "Rows Removed by Filter": 1117819
                      }
                    ]
                  }
                ]
              }
            ]
          }
        ]
      }
    ]
  },
  "Planning Time": 0.606,
  "Triggers": [],
  "Execution Time": 483.402
}