{
  "Plan": {
    "Node Type": "Aggregate",
    "Strategy": "Plain",
    "Partial Mode": "Finalize",
    "Parallel Aware": false,
    "Startup Cost": 98808.24,
    "Total Cost": 98808.25,
    "Plan Rows": 1,
    "Plan Width": 8,
    "Actual Startup Time": 297.555,
    "Actual Total Time": 310.177,
    "Actual Rows": 1,
    "Actual Loops": 1,
    "Plans": [
      {
        "Node Type": "Gather",
        "Parent Relationship": "Outer",
        "Parallel Aware": false,
        "Startup Cost": 98808.13,
        "Total Cost": 98808.24,
        "Plan Rows": 1,
        "Plan Width": 8,
        "Actual Startup Time": 297.359,
        "Actual Total Time": 310.168,
        "Actual Rows": 2,
        "Actual Loops": 1,
        "Workers Planned": 1,
        "Workers Launched": 1,
        "Single Copy": false,
        "Plans": [
          {
            "Node Type": "Aggregate",
            "Strategy": "Plain",
            "Partial Mode": "Partial",
            "Parent Relationship": "Outer",
            "Parallel Aware": false,
            "Startup Cost": 97808.13,
            "Total Cost": 97808.14,
            "Plan Rows": 1,
            "Plan Width": 8,
            "Actual Startup Time": 293.89,
            "Actual Total Time": 293.894,
            "Actual Rows": 1,
            "Actual Loops": 2,
            "Plans": [
              {
                "Node Type": "Hash Join",
                "Parent Relationship": "Outer",
                "Parallel Aware": true,
                "Join Type": "Inner",
                "Startup Cost": 54740.83,
                "Total Cost": 97798.4,
                "Plan Rows": 3892,
                "Plan Width": 0,
                "Actual Startup Time": 188.524,
                "Actual Total Time": 293.641,
                "Actual Rows": 4288,
                "Actual Loops": 2,
                "Inner Unique": true,
                "Hash Cond": "(mc.movie_id = t.id)",
                "Plans": [
                  {
                    "Node Type": "Seq Scan",
                    "Parent Relationship": "Outer",
                    "Parallel Aware": true,
                    "Relation Name": "movie_companies",
                    "Alias": "mc",
                    "Startup Cost": 0.0,
                    "Total Cost": 41811.73,
                    "Plan Rows": 474608,
                    "Plan Width": 4,
                    "Actual Startup Time": 52.665,
                    "Actual Total Time": 117.589,
                    "Actual Rows": 513072,
                    "Actual Loops": 2,
                    "Filter": "((company_id > 5316) AND (company_type_id = 2))",
                    "Rows Removed by Filter": 791492
                  },
                  {
                    "Node Type": "Hash",
                    "Parent Relationship": "Inner",
                    "Parallel Aware": true,
                    "Startup Cost": 54588.39,
                    "Total Cost": 54588.39,
                    "Plan Rows": 12195,
                    "Plan Width": 4,
                    "Actual Startup Time": 135.036,
                    "Actual Total Time": 135.037,
                    "Actual Rows": 10656,
                    "Actual Loops": 2,
                    "Hash Buckets": 32768,
                    "Original Hash Buckets": 32768,
                    "Hash Batches": 1,
                    "Original Hash Batches": 1,
                    "Peak Memory Usage": 1120,
                    "Plans": [
                      {
                        "Node Type": "Seq Scan",
                        "Parent Relationship": "Outer",
                        "Parallel Aware": true,
                        "Relation Name": "title",
                        "Alias": "t",
                        "Startup Cost": 0.0,
                        "Total Cost": 54588.39,
                        "Plan Rows": 12195,
                        "Plan Width": 4,
                        "Actual Startup Time": 0.036,
                        "Actual Total Time": 130.744,
                        "Actual Rows": 10656,
                        "Actual Loops": 2,
                        "Filter": "(production_year = 1989)",
                        "Rows Removed by Filter": 1253500
                      }
                    ]
                  }
                ]
              }
            ]
          }
        ]
      }
    ]
  },
  "Planning Time": 0.26,
  "Triggers": [],
  "Execution Time": 310.223
}