[
    {
        "Bao": {
            "Bao prediction": "NaN",
            "Bao recommended hint": "(no hint)"
        }
    },
    {
        "Plan": {
            "Node Type": "Aggregate",
            "Strategy": "Plain",
            "Partial Mode": "Finalize",
            "Parallel Aware": false,
            "Startup Cost": 343750.95,
            "Total Cost": 343750.96,
            "Plan Rows": 1,
            "Plan Width": 8,
            "Actual Startup Time": 869.91,
            "Actual Total Time": 896.091,
            "Actual Rows": 1,
            "Actual Loops": 1,
            "Output": [
                "count(*)"
            ],
            "Plans": [
                {
                    "Node Type": "Gather",
                    "Parent Relationship": "Outer",
                    "Parallel Aware": false,
                    "Startup Cost": 343750.32,
                    "Total Cost": 343750.93,
                    "Plan Rows": 6,
                    "Plan Width": 8,
                    "Actual Startup Time": 869.806,
                    "Actual Total Time": 896.08,
                    "Actual Rows": 7,
                    "Actual Loops": 1,
                    "Output": [
                        "(PARTIAL count(*))"
                    ],
                    "Workers Planned": 6,
                    "Workers Launched": 6,
                    "Single Copy": false,
                    "Plans": [
                        {
                            "Node Type": "Aggregate",
                            "Strategy": "Plain",
                            "Partial Mode": "Partial",
                            "Parent Relationship": "Outer",
                            "Parallel Aware": false,
                            "Startup Cost": 342750.32,
                            "Total Cost": 342750.33,
                            "Plan Rows": 1,
                            "Plan Width": 8,
                            "Actual Startup Time": 860.066,
                            "Actual Total Time": 860.067,
                            "Actual Rows": 1,
                            "Actual Loops": 7,
                            "Output": [
                                "PARTIAL count(*)"
                            ],
                            "Workers": [
                                {
                                    "Worker Number": 0,
                                    "Actual Startup Time": 857.62,
                                    "Actual Total Time": 857.621,
                                    "Actual Rows": 1,
                                    "Actual Loops": 1
                                },
                                {
                                    "Worker Number": 1,
                                    "Actual Startup Time": 857.995,
                                    "Actual Total Time": 857.996,
                                    "Actual Rows": 1,
                                    "Actual Loops": 1
                                },
                                {
                                    "Worker Number": 2,
                                    "Actual Startup Time": 858.311,
                                    "Actual Total Time": 858.312,
                                    "Actual Rows": 1,
                                    "Actual Loops": 1
                                },
                                {
                                    "Worker Number": 3,
                                    "Actual Startup Time": 858.716,
                                    "Actual Total Time": 858.717,
                                    "Actual Rows": 1,
                                    "Actual Loops": 1
                                },
                                {
                                    "Worker Number": 4,
                                    "Actual Startup Time": 859.078,
                                    "Actual Total Time": 859.08,
                                    "Actual Rows": 1,
                                    "Actual Loops": 1
                                },
                                {
                                    "Worker Number": 5,
                                    "Actual Startup Time": 859.371,
                                    "Actual Total Time": 859.371,
                                    "Actual Rows": 1,
                                    "Actual Loops": 1
                                }
                            ],
                            "Plans": [
                                {
                                    "Node Type": "Seq Scan",
                                    "Parent Relationship": "Outer",
                                    "Parallel Aware": true,
                                    "Relation Name": "cast_info",
                                    "Schema": "public",
                                    "Alias": "ci",
                                    "Startup Cost": 0.0,
                                    "Total Cost": 328213.62,
                                    "Plan Rows": 5814683,
                                    "Plan Width": 0,
                                    "Actual Startup Time": 25.037,
                                    "Actual Total Time": 629.813,
                                    "Actual Rows": 4979537,
                                    "Actual Loops": 7,
                                    "Output": [
                                        "id",
                                        "person_id",
                                        "movie_id",
                                        "person_role_id",
                                        "note",
                                        "nr_order",
                                        "role_id"
                                    ],
                                    "Filter": "(ci.person_id > 139273)",
                                    "Rows Removed by Filter": 198227,
                                    "Workers": [
                                        {
                                            "Worker Number": 0,
                                            "Actual Startup Time": 22.591,
                                            "Actual Total Time": 635.36,
                                            "Actual Rows": 5451180,
                                            "Actual Loops": 1
                                        },
                                        {
                                            "Worker Number": 1,
                                            "Actual Startup Time": 22.967,
                                            "Actual Total Time": 635.687,
                                            "Actual Rows": 5262761,
                                            "Actual Loops": 1
                                        },
                                        {
                                            "Worker Number": 2,
                                            "Actual Startup Time": 23.27,
                                            "Actual Total Time": 635.631,
                                            "Actual Rows": 5268608,
                                            "Actual Loops": 1
                                        },
                                        {
                                            "Worker Number": 3,
                                            "Actual Startup Time": 23.691,
                                            "Actual Total Time": 627.711,
                                            "Actual Rows": 3514035,
                                            "Actual Loops": 1
                                        },
                                        {
                                            "Worker Number": 4,
                                            "Actual Startup Time": 24.054,
                                            "Actual Total Time": 637.075,
                                            "Actual Rows": 5477019,
                                            "Actual Loops": 1
                                        },
                                        {
                                            "Worker Number": 5,
                                            "Actual Startup Time": 24.349,
                                            "Actual Total Time": 637.714,
                                            "Actual Rows": 5463538,
                                            "Actual Loops": 1
                                        }
                                    ]
                                }
                            ]
                        }
                    ]
                }
            ]
        },
        "Planning Time": 187.402,
        "Triggers": [],
        "Execution Time": 896.144
    }
]