[
  {
    "Plan": {
      "Node Type": "Aggregate",
      "Strategy": "Plain",
      "Partial Mode": "Finalize",
      "Parallel Aware": false,
      "Startup Cost": 335324.19,
      "Total Cost": 335324.2,
      "Plan Rows": 1,
      "Plan Width": 8,
      "Actual Startup Time": 660.157,
      "Actual Total Time": 688.415,
      "Actual Rows": 1,
      "Actual Loops": 1,
      "Plans": [
        {
          "Node Type": "Gather",
          "Parent Relationship": "Outer",
          "Parallel Aware": false,
          "Startup Cost": 335323.57,
          "Total Cost": 335324.18,
          "Plan Rows": 6,
          "Plan Width": 8,
          "Actual Startup Time": 660.076,
          "Actual Total Time": 688.408,
          "Actual Rows": 7,
          "Actual Loops": 1,
          "Workers Planned": 6,
          "Workers Launched": 6,
          "Single Copy": false,
          "Plans": [
            {
              "Node Type": "Aggregate",
              "Strategy": "Plain",
              "Partial Mode": "Partial",
              "Parent Relationship": "Outer",
              "Parallel Aware": false,
              "Startup Cost": 334323.57,
              "Total Cost": 334323.58,
              "Plan Rows": 1,
              "Plan Width": 8,
              "Actual Startup Time": 653.034,
              "Actual Total Time": 653.035,
              "Actual Rows": 1,
              "Actual Loops": 7,
              "Plans": [
                {
                  "Node Type": "Seq Scan",
                  "Parent Relationship": "Outer",
                  "Parallel Aware": true,
                  "Relation Name": "cast_info",
                  "Alias": "ci",
                  "Startup Cost": 0.0,
                  "Total Cost": 328213.62,
                  "Plan Rows": 2443980,
                  "Plan Width": 0,
                  "Actual Startup Time": 0.045,
                  "Actual Total Time": 553.656,
                  "Actual Rows": 2091536,
                  "Actual Loops": 7,
                  "Filter": "(person_id < 1442879)",
                  "Rows Removed by Filter": 3086228
                }
              ]
            }
          ]
        }
      ]
    },
    "Planning Time": 0.059,
    "Triggers": [],
    "Execution Time": 688.439
  }
]