[
  {
    "Plan": {
      "Node Type": "Aggregate",
      "Strategy": "Plain",
      "Partial Mode": "Finalize",
      "Parallel Aware": false,
      "Startup Cost": 46517.22,
      "Total Cost": 46517.23,
      "Plan Rows": 1,
      "Plan Width": 8,
      "Actual Startup Time": 93.407,
      "Actual Total Time": 104.294,
      "Actual Rows": 1,
      "Actual Loops": 1,
      "Plans": [
        {
          "Node Type": "Gather",
          "Parent Relationship": "Outer",
          "Parallel Aware": false,
          "Startup Cost": 46516.8,
          "Total Cost": 46517.21,
          "Plan Rows": 4,
          "Plan Width": 8,
          "Actual Startup Time": 93.057,
          "Actual Total Time": 104.281,
          "Actual Rows": 5,
          "Actual Loops": 1,
          "Workers Planned": 4,
          "Workers Launched": 4,
          "Single Copy": false,
          "Plans": [
            {
              "Node Type": "Aggregate",
              "Strategy": "Plain",
              "Partial Mode": "Partial",
              "Parent Relationship": "Outer",
              "Parallel Aware": false,
              "Startup Cost": 45516.8,
              "Total Cost": 45516.81,
              "Plan Rows": 1,
              "Plan Width": 8,
              "Actual Startup Time": 86.397,
              "Actual Total Time": 86.398,
              "Actual Rows": 1,
              "Actual Loops": 5,
              "Plans": [
                {
                  "Node Type": "Seq Scan",
                  "Parent Relationship": "Outer",
                  "Parallel Aware": true,
                  "Relation Name": "title",
                  "Alias": "t",
                  "Startup Cost": 0.0,
                  "Total Cost": 45479.59,
                  "Plan Rows": 14887,
                  "Plan Width": 0,
                  "Actual Startup Time": 50.649,
                  "Actual Total Time": 84.529,
                  "Actual Rows": 37834,
                  "Actual Loops": 5,
                  "Filter": "((production_year < 1960) AND (kind_id = 1))",
                  "Rows Removed by Filter": 467828
                }
              ]
            }
          ]
        }
      ]
    },
    "Planning Time": 0.105,
    "Triggers": [],
    "Execution Time": 104.329
  }
]