[
  {
    "Plan": {
      "Node Type": "Aggregate",
      "Strategy": "Plain",
      "Partial Mode": "Finalize",
      "Parallel Aware": false,
      "Startup Cost": 46517.26,
      "Total Cost": 46517.27,
      "Plan Rows": 1,
      "Plan Width": 8,
      "Actual Startup Time": 94.29,
      "Actual Total Time": 105.978,
      "Actual Rows": 1,
      "Actual Loops": 1,
      "Plans": [
        {
          "Node Type": "Gather",
          "Parent Relationship": "Outer",
          "Parallel Aware": false,
          "Startup Cost": 46516.84,
          "Total Cost": 46517.25,
          "Plan Rows": 4,
          "Plan Width": 8,
          "Actual Startup Time": 94.15,
          "Actual Total Time": 105.971,
          "Actual Rows": 5,
          "Actual Loops": 1,
          "Workers Planned": 4,
          "Workers Launched": 4,
          "Single Copy": false,
          "Plans": [
            {
              "Node Type": "Aggregate",
              "Strategy": "Plain",
              "Partial Mode": "Partial",
              "Parent Relationship": "Outer",
              "Parallel Aware": false,
              "Startup Cost": 45516.84,
              "Total Cost": 45516.85,
              "Plan Rows": 1,
              "Plan Width": 8,
              "Actual Startup Time": 87.849,
              "Actual Total Time": 87.85,
              "Actual Rows": 1,
              "Actual Loops": 5,
              "Plans": [
                {
                  "Node Type": "Seq Scan",
                  "Parent Relationship": "Outer",
                  "Parallel Aware": true,
                  "Relation Name": "title",
                  "Alias": "t",
                  "Startup Cost": 0.0,
                  "Total Cost": 45479.1,
                  "Plan Rows": 15098,
                  "Plan Width": 0,
                  "Actual Startup Time": 54.862,
                  "Actual Total Time": 86.049,
                  "Actual Rows": 37834,
                  "Actual Loops": 5,
                  "Filter": "((production_year < 1960) AND (kind_id = 1))",
                  "Rows Removed by Filter": 467828
                }
              ]
            }
          ]
        }
      ]
    },
    "Planning Time": 0.135,
    "Triggers": [],
    "Execution Time": 106.021
  }
]