[
  {
    "Bao": {
      "Bao prediction": 1250.666,
      "Bao recommended hint": "SET enable_nestloop TO off; SET enable_hashjoin TO off; "
    }
  },
  {
    "Plan": {
      "Node Type": "Aggregate",
      "Strategy": "Plain",
      "Partial Mode": "Simple",
      "Parallel Aware": false,
      "Startup Cost": 711441.43,
      "Total Cost": 711441.44,
      "Plan Rows": 1,
      "Plan Width": 64,
      "Actual Startup Time": 4243.381,
      "Actual Total Time": 4243.529,
      "Actual Rows": 1,
      "Actual Loops": 1,
      "Plans": [
        {
          "Node Type": "Merge Join",
          "Parent Relationship": "Outer",
          "Parallel Aware": false,
          "Join Type": "Inner",
          "Startup Cost": 568462.81,
          "Total Cost": 711440.75,
          "Plan Rows": 135,
          "Plan Width": 60,
          "Actual Startup Time": 2772.443,
          "Actual Total Time": 4243.295,
          "Actual Rows": 2271,
          "Actual Loops": 1,
          "Inner Unique": true,
          "Merge Cond": "(at.movie_id = t.id)",
          "Plans": [
            {
              "Node Type": "Merge Join",
              "Parent Relationship": "Outer",
              "Parallel Aware": false,
              "Join Type": "Inner",
              "Startup Cost": 568462.38,
              "Total Cost": 590496.78,
              "Plan Rows": 194,
              "Plan Width": 59,
              "Actual Startup Time": 2764.628,
              "Actual Total Time": 2975.889,
              "Actual Rows": 2271,
              "Actual Loops": 1,
              "Inner Unique": false,
              "Merge Cond": "(at.movie_id = mi.movie_id)",
              "Plans": [
                {
                  "Node Type": "Index Only Scan",
                  "Parent Relationship": "Outer",
                  "Parallel Aware": false,
                  "Scan Direction": "Forward",
                  "Index Name": "movie_id_aka_title",
                  "Relation Name": "aka_title",
                  "Alias": "at",
                  "Startup Cost": 0.42,
                  "Total Cost": 21135.93,
                  "Plan Rows": 361472,
                  "Plan Width": 4,
                  "Actual Startup Time": 0.03,
                  "Actual Total Time": 193.055,
                  "Actual Rows": 357252,
                  "Actual Loops": 1,
                  "Heap Fetches": 357252
                },
                {
                  "Node Type": "Sort",
                  "Parent Relationship": "Inner",
                  "Parallel Aware": false,
                  "Startup Cost": 568456.05,
                  "Total Cost": 568456.23,
                  "Plan Rows": 75,
                  "Plan Width": 55,
                  "Actual Startup Time": 2763.822,
                  "Actual Total Time": 2764.824,
                  "Actual Rows": 8535,
                  "Actual Loops": 1,
                  "Sort Key": [
                    "mc.movie_id"
                  ],
                  "Sort Method": "quicksort",
                  "Sort Space Used": 815,
                  "Sort Space Type": "Memory",
                  "Plans": [
                    {
                      "Node Type": "Merge Join",
                      "Parent Relationship": "Outer",
                      "Parallel Aware": false,
                      "Join Type": "Inner",
                      "Startup Cost": 555776.15,
                      "Total Cost": 568453.71,
                      "Plan Rows": 75,
                      "Plan Width": 55,
                      "Actual Startup Time": 2639.563,
                      "Actual Total Time": 2761.906,
                      "Actual Rows": 7964,
                      "Actual Loops": 1,
                      "Inner Unique": false,
                      "Merge Cond": "(cn.id = mc.company_id)",
                      "Plans": [
                        {
                          "Node Type": "Index Scan",
                          "Parent Relationship": "Outer",
                          "Parallel Aware": false,
                          "Scan Direction": "Forward",
                          "Index Name": "company_name_pkey",
                          "Relation Name": "company_name",
                          "Alias": "cn",
                          "Startup Cost": 0.42,
                          "Total Cost": 12469.43,
                          "Plan Rows": 85931,
                          "Plan Width": 4,
                          "Actual Startup Time": 0.015,
                          "Actual Total Time": 115.513,
                          "Actual Rows": 84699,
                          "Actual Loops": 1,
                          "Filter": "((country_code)::text = '[us]'::text)",
                          "Rows Removed by Filter": 149415
                        },
                        {
                          "Node Type": "Sort",
                          "Parent Relationship": "Inner",
                          "Parallel Aware": false,
                          "Startup Cost": 555775.7,
                          "Total Cost": 555776.2,
                          "Plan Rows": 200,
                          "Plan Width": 59,
                          "Actual Startup Time": 2639.53,
                          "Actual Total Time": 2640.725,
                          "Actual Rows": 9187,
                          "Actual Loops": 1,
                          "Sort Key": [
                            "mc.company_id"
                          ],
                          "Sort Method": "quicksort",
                          "Sort Space Used": 1102,
                          "Sort Space Type": "Memory",
                          "Plans": [
                            {
                              "Node Type": "Merge Join",
                              "Parent Relationship": "Outer",
                              "Parallel Aware": false,
                              "Join Type": "Inner",
                              "Startup Cost": 550437.24,
                              "Total Cost": 555768.05,
                              "Plan Rows": 200,
                              "Plan Width": 59,
                              "Actual Startup Time": 2579.513,
                              "Actual Total Time": 2636.896,
                              "Actual Rows": 9187,
                              "Actual Loops": 1,
                              "Inner Unique": false,
                              "Merge Cond": "(k.id = mk.keyword_id)",
                              "Plans": [
                                {
                                  "Node Type": "Index Only Scan",
                                  "Parent Relationship": "Outer",
                                  "Parallel Aware": false,
                                  "Scan Direction": "Forward",
                                  "Index Name": "keyword_pkey",
                                  "Relation Name": "keyword",
                                  "Alias": "k",
                                  "Startup Cost": 0.42,
                                  "Total Cost": 5007.75,
                                  "Plan Rows": 134170,
                                  "Plan Width": 4,
                                  "Actual Startup Time": 0.036,
                                  "Actual Total Time": 48.716,
                                  "Actual Rows": 133881,
                                  "Actual Loops": 1,
                                  "Heap Fetches": 133881
                                },
                                {
                                  "Node Type": "Sort",
                                  "Parent Relationship": "Inner",
                                  "Parallel Aware": false,
                                  "Startup Cost": 550436.81,
                                  "Total Cost": 550437.31,
                                  "Plan Rows": 200,
                                  "Plan Width": 63,
                                  "Actual Startup Time": 2579.473,
                                  "Actual Total Time": 2580.422,
                                  "Actual Rows": 9187,
                                  "Actual Loops": 1,
                                  "Sort Key": [
                                    "mk.keyword_id"
                                  ],
                                  "Sort Method": "quicksort",
                                  "Sort Space Used": 1102,
                                  "Sort Space Type": "Memory",
                                  "Plans": [
                                    {
                                      "Node Type": "Merge Join",
                                      "Parent Relationship": "Outer",
                                      "Parallel Aware": false,
                                      "Join Type": "Inner",
                                      "Startup Cost": 361968.3,
                                      "Total Cost": 550429.17,
                                      "Plan Rows": 200,
                                      "Plan Width": 63,
                                      "Actual Startup Time": 1689.394,
                                      "Actual Total Time": 2576.303,
                                      "Actual Rows": 9187,
                                      "Actual Loops": 1,
                                      "Inner Unique": false,
                                      "Merge Cond": "(mk.movie_id = mi.movie_id)",
                                      "Plans": [
                                        {
                                          "Node Type": "Index Scan",
                                          "Parent Relationship": "Outer",
                                          "Parallel Aware": false,
                                          "Scan Direction": "Forward",
                                          "Index Name": "movie_id_movie_keyword",
                                          "Relation Name": "movie_keyword",
                                          "Alias": "mk",
                                          "Startup Cost": 0.43,
                                          "Total Cost": 177148.48,
                                          "Plan Rows": 4523930,
                                          "Plan Width": 8,
                                          "Actual Startup Time": 0.023,
                                          "Actual Total Time": 614.207,
                                          "Actual Rows": 4514673,
                                          "Actual Loops": 1
                                        },
                                        {
                                          "Node Type": "Sort",
                                          "Parent Relationship": "Inner",
                                          "Parallel Aware": false,
                                          "Startup Cost": 361967.87,
                                          "Total Cost": 361967.91,
                                          "Plan Rows": 16,
                                          "Plan Width": 55,
                                          "Actual Startup Time": 1689.32,
                                          "Actual Total Time": 1690.245,
                                          "Actual Rows": 10931,
                                          "Actual Loops": 1,
                                          "Sort Key": [
                                            "mc.movie_id"
                                          ],
                                          "Sort Method": "quicksort",
                                          "Sort Space Used": 322,
                                          "Sort Space Type": "Memory",
                                          "Plans": [
                                            {
                                              "Node Type": "Merge Join",
                                              "Parent Relationship": "Outer",
                                              "Parallel Aware": false,
                                              "Join Type": "Inner",
                                              "Startup Cost": 361967.3,
                                              "Total Cost": 361967.55,
                                              "Plan Rows": 16,
                                              "Plan Width": 55,
                                              "Actual Startup Time": 1687.358,
                                              "Actual Total Time": 1688.228,
                                              "Actual Rows": 2884,
                                              "Actual Loops": 1,
                                              "Inner Unique": true,
                                              "Merge Cond": "(mc.company_type_id = ct.id)",
                                              "Plans": [
                                                {
                                                  "Node Type": "Sort",
                                                  "Parent Relationship": "Outer",
                                                  "Parallel Aware": false,
                                                  "Startup Cost": 361966.22,
                                                  "Total Cost": 361966.26,
                                                  "Plan Rows": 15,
                                                  "Plan Width": 59,
                                                  "Actual Startup Time": 1687.294,
                                                  "Actual Total Time": 1687.609,
                                                  "Actual Rows": 2884,
                                                  "Actual Loops": 1,
                                                  "Sort Key": [
                                                    "mc.company_type_id"
                                                  ],
                                                  "Sort Method": "quicksort",
                                                  "Sort Space Used": 322,
                                                  "Sort Space Type": "Memory",
                                                  "Plans": [
                                                    {
                                                      "Node Type": "Merge Join",
                                                      "Parent Relationship": "Outer",
                                                      "Parallel Aware": false,
                                                      "Join Type": "Inner",
                                                      "Startup Cost": 215040.4,
                                                      "Total Cost": 361965.93,
                                                      "Plan Rows": 15,
                                                      "Plan Width": 59,
                                                      "Actual Startup Time": 477.496,
                                                      "Actual Total Time": 1685.481,
                                                      "Actual Rows": 2884,
                                                      "Actual Loops": 1,
                                                      "Inner Unique": false,
                                                      "Merge Cond": "(mc.movie_id = mi.movie_id)",
                                                      "Plans": [
                                                        {
                                                          "Node Type": "Index Scan",
                                                          "Parent Relationship": "Outer",
                                                          "Parallel Aware": false,
                                                          "Scan Direction": "Forward",
                                                          "Index Name": "movie_id_movie_companies",
                                                          "Relation Name": "movie_companies",
                                                          "Alias": "mc",
                                                          "Startup Cost": 0.43,
                                                          "Total Cost": 140404.76,
                                                          "Plan Rows": 2609129,
                                                          "Plan Width": 12,
                                                          "Actual Startup Time": 0.041,
                                                          "Actual Total Time": 945.295,
                                                          "Actual Rows": 2602928,
                                                          "Actual Loops": 1
                                                        },
                                                        {
                                                          "Node Type": "Sort",
                                                          "Parent Relationship": "Inner",
                                                          "Parallel Aware": false,
                                                          "Startup Cost": 215038.12,
                                                          "Total Cost": 215038.12,
                                                          "Plan Rows": 3,
                                                          "Plan Width": 47,
                                                          "Actual Startup Time": 477.35,
                                                          "Actual Total Time": 478.021,
                                                          "Actual Rows": 3235,
                                                          "Actual Loops": 1,
                                                          "Sort Key": [
                                                            "mi.movie_id"
                                                          ],
                                                          "Sort Method": "quicksort",
                                                          "Sort Space Used": 188,
                                                          "Sort Space Type": "Memory",
                                                          "Plans": [
                                                            {
                                                              "Node Type": "Gather",
                                                              "Parent Relationship": "Outer",
                                                              "Parallel Aware": false,
                                                              "Startup Cost": 215037.41,
                                                              "Total Cost": 215038.09,
                                                              "Plan Rows": 3,
                                                              "Plan Width": 47,
                                                              "Actual Startup Time": 476.345,
                                                              "Actual Total Time": 476.801,
                                                              "Actual Rows": 1783,
                                                              "Actual Loops": 1,
                                                              "Workers Planned": 5,
                                                              "Workers Launched": 5,
                                                              "Single Copy": false,
                                                              "Plans": [
                                                                {
                                                                  "Node Type": "Merge Join",
                                                                  "Parent Relationship": "Outer",
                                                                  "Parallel Aware": false,
                                                                  "Join Type": "Inner",
                                                                  "Startup Cost": 214037.41,
                                                                  "Total Cost": 214037.79,
                                                                  "Plan Rows": 1,
                                                                  "Plan Width": 47,
                                                                  "Actual Startup Time": 464.228,
                                                                  "Actual Total Time": 464.298,
                                                                  "Actual Rows": 297,
                                                                  "Actual Loops": 6,
                                                                  "Inner Unique": true,
                                                                  "Merge Cond": "(mi.info_type_id = it1.id)",
                                                                  "Plans": [
                                                                    {
                                                                      "Node Type": "Sort",
                                                                      "Parent Relationship": "Outer",
                                                                      "Parallel Aware": false,
                                                                      "Startup Cost": 214034.99,
                                                                      "Total Cost": 214035.17,
                                                                      "Plan Rows": 72,
                                                                      "Plan Width": 51,
                                                                      "Actual Startup Time": 464.097,
                                                                      "Actual Total Time": 464.114,
                                                                      "Actual Rows": 297,
                                                                      "Actual Loops": 6,
                                                                      "Sort Key": [
                                                                        "mi.info_type_id"
                                                                      ],
                                                                      "Sort Method": "quicksort",
                                                                      "Sort Space Used": 44,
                                                                      "Sort Space Type": "Memory",
                                                                      "Workers": [
                                                                        {
                                                                          "Worker Number": 0,
                                                                          "Sort Method": "quicksort",
                                                                          "Sort Space Used": 47,
                                                                          "Sort Space Type": "Memory"
                                                                        },
                                                                        {
                                                                          "Worker Number": 1,
                                                                          "Sort Method": "quicksort",
                                                                          "Sort Space Used": 44,
                                                                          "Sort Space Type": "Memory"
                                                                        },
                                                                        {
                                                                          "Worker Number": 2,
                                                                          "Sort Method": "quicksort",
                                                                          "Sort Space Used": 45,
                                                                          "Sort Space Type": "Memory"
                                                                        },
                                                                        {
                                                                          "Worker Number": 3,
                                                                          "Sort Method": "quicksort",
                                                                          "Sort Space Used": 46,
                                                                          "Sort Space Type": "Memory"
                                                                        },
                                                                        {
                                                                          "Worker Number": 4,
                                                                          "Sort Method": "quicksort",
                                                                          "Sort Space Used": 61,
                                                                          "Sort Space Type": "Memory"
                                                                        }
                                                                      ],
                                                                      "Plans": [
                                                                        {
                                                                          "Node Type": "Seq Scan",
                                                                          "Parent Relationship": "Outer",
                                                                          "Parallel Aware": true,
                                                                          "Relation Name": "movie_info",
                                                                          "Alias": "mi",
                                                                          "Startup Cost": 0.0,
                                                                          "Total Cost": 214032.77,
                                                                          "Plan Rows": 72,
                                                                          "Plan Width": 51,
                                                                          "Actual Startup Time": 128.375,
                                                                          "Actual Total Time": 463.771,
                                                                          "Actual Rows": 297,
                                                                          "Actual Loops": 6,
                                                                          "Filter": "((info IS NOT NULL) AND (note ~~ '%internet%'::text) AND ((info ~~ 'USA:% 199%'::text) OR (info ~~ 'USA:% 200%'::text)))",
                                                                          "Rows Removed by Filter": 2472323
                                                                        }
                                                                      ]
                                                                    },
                                                                    {
                                                                      "Node Type": "Sort",
                                                                      "Parent Relationship": "Inner",
                                                                      "Parallel Aware": false,
                                                                      "Startup Cost": 2.42,
                                                                      "Total Cost": 2.43,
                                                                      "Plan Rows": 1,
                                                                      "Plan Width": 4,
                                                                      "Actual Startup Time": 0.122,
                                                                      "Actual Total Time": 0.123,
                                                                      "Actual Rows": 1,
                                                                      "Actual Loops": 6,
                                                                      "Sort Key": [
                                                                        "it1.id"
                                                                      ],
                                                                      "Sort Method": "quicksort",
                                                                      "Sort Space Used": 25,
                                                                      "Sort Space Type": "Memory",
                                                                      "Workers": [
                                                                        {
                                                                          "Worker Number": 0,
                                                                          "Sort Method": "quicksort",
                                                                          "Sort Space Used": 25,
                                                                          "Sort Space Type": "Memory"
                                                                        },
                                                                        {
                                                                          "Worker Number": 1,
                                                                          "Sort Method": "quicksort",
                                                                          "Sort Space Used": 25,
                                                                          "Sort Space Type": "Memory"
                                                                        },
                                                                        {
                                                                          "Worker Number": 2,
                                                                          "Sort Method": "quicksort",
                                                                          "Sort Space Used": 25,
                                                                          "Sort Space Type": "Memory"
                                                                        },
                                                                        {
                                                                          "Worker Number": 3,
                                                                          "Sort Method": "quicksort",
                                                                          "Sort Space Used": 25,
                                                                          "Sort Space Type": "Memory"
                                                                        },
                                                                        {
                                                                          "Worker Number": 4,
                                                                          "Sort Method": "quicksort",
                                                                          "Sort Space Used": 25,
                                                                          "Sort Space Type": "Memory"
                                                                        }
                                                                      ],
                                                                      "Plans": [
                                                                        {
                                                                          "Node Type": "Seq Scan",
                                                                          "Parent Relationship": "Outer",
                                                                          "Parallel Aware": false,
                                                                          "Relation Name": "info_type",
                                                                          "Alias": "it1",
                                                                          "Startup Cost": 0.0,
                                                                          "Total Cost": 2.41,
                                                                          "Plan Rows": 1,
                                                                          "Plan Width": 4,
                                                                          "Actual Startup Time": 0.062,
                                                                          "Actual Total Time": 0.069,
                                                                          "Actual Rows": 1,
                                                                          "Actual Loops": 6,
                                                                          "Filter": "((info)::text = 'release dates'::text)",
                                                                          "Rows Removed by Filter": 112
                                                                        }
                                                                      ]
                                                                    }
                                                                  ]
                                                                }
                                                              ]
                                                            }
                                                          ]
                                                        }
                                                      ]
                                                    }
                                                  ]
                                                },
                                                {
                                                  "Node Type": "Sort",
                                                  "Parent Relationship": "Inner",
                                                  "Parallel Aware": false,
                                                  "Startup Cost": 1.08,
                                                  "Total Cost": 1.09,
                                                  "Plan Rows": 4,
                                                  "Plan Width": 4,
                                                  "Actual Startup Time": 0.057,
                                                  "Actual Total Time": 0.058,
                                                  "Actual Rows": 2,
                                                  "Actual Loops": 1,
                                                  "Sort Key": [
                                                    "ct.id"
                                                  ],
                                                  "Sort Method": "quicksort",
                                                  "Sort Space Used": 25,
                                                  "Sort Space Type": "Memory",
                                                  "Plans": [
                                                    {
                                                      "Node Type": "Seq Scan",
                                                      "Parent Relationship": "Outer",
                                                      "Parallel Aware": false,
                                                      "Relation Name": "company_type",
                                                      "Alias": "ct",
                                                      "Startup Cost": 0.0,
                                                      "Total Cost": 1.04,
                                                      "Plan Rows": 4,
                                                      "Plan Width": 4,
                                                      "Actual Startup Time": 0.022,
                                                      "Actual Total Time": 0.023,
                                                      "Actual Rows": 4,
                                                      "Actual Loops": 1
                                                    }
                                                  ]
                                                }
                                              ]
                                            }
                                          ]
                                        }
                                      ]
                                    }
                                  ]
                                }
                              ]
                            }
                          ]
                        }
                      ]
                    }
                  ]
                }
              ]
            },
            {
              "Node Type": "Index Scan",
              "Parent Relationship": "Inner",
              "Parallel Aware": false,
              "Scan Direction": "Forward",
              "Index Name": "title_pkey",
              "Relation Name": "title",
              "Alias": "t",
              "Startup Cost": 0.43,
              "Total Cost": 116680.33,
              "Plan Rows": 1758722,
              "Plan Width": 21,
              "Actual Startup Time": 0.016,
              "Actual Total Time": 1187.753,
              "Actual Rows": 1744749,
              "Actual Loops": 1,
              "Filter": "(production_year > 1990)",
              "Rows Removed by Filter": 773648
            }
          ]
        }
      ]
    },
    "Planning Time": 776.088,
    "Triggers": [],
    "Execution Time": 4244.571
  }
]