[
  {
    "Plan": {
      "Node Type": "Aggregate",
      "Strategy": "Plain",
      "Partial Mode": "Finalize",
      "Parallel Aware": false,
      "Startup Cost": 225974.41,
      "Total Cost": 225974.42,
      "Plan Rows": 1,
      "Plan Width": 8,
      "Actual Startup Time": 149.474,
      "Actual Total Time": 161.747,
      "Actual Rows": 1,
      "Actual Loops": 1,
      "Plans": [
        {
          "Node Type": "Gather",
          "Parent Relationship": "Outer",
          "Parallel Aware": false,
          "Startup Cost": 225973.89,
          "Total Cost": 225974.4,
          "Plan Rows": 5,
          "Plan Width": 8,
          "Actual Startup Time": 149.193,
          "Actual Total Time": 161.731,
          "Actual Rows": 6,
          "Actual Loops": 1,
          "Workers Planned": 5,
          "Workers Launched": 5,
          "Single Copy": false,
          "Plans": [
            {
              "Node Type": "Aggregate",
              "Strategy": "Plain",
              "Partial Mode": "Partial",
              "Parent Relationship": "Outer",
              "Parallel Aware": false,
              "Startup Cost": 224973.89,
              "Total Cost": 224973.9,
              "Plan Rows": 1,
              "Plan Width": 8,
              "Actual Startup Time": 141.271,
              "Actual Total Time": 141.274,
              "Actual Rows": 1,
              "Actual Loops": 6,
              "Plans": [
                {
                  "Node Type": "Hash Join",
                  "Parent Relationship": "Outer",
                  "Parallel Aware": true,
                  "Join Type": "Inner",
                  "Startup Cost": 60478.77,
                  "Total Cost": 224970.25,
                  "Plan Rows": 1457,
                  "Plan Width": 0,
                  "Actual Startup Time": 101.667,
                  "Actual Total Time": 141.228,
                  "Actual Rows": 459,
                  "Actual Loops": 6,
                  "Inner Unique": true,
                  "Hash Cond": "(mi.movie_id = t.id)",
                  "Plans": [
                    {
                      "Node Type": "Bitmap Heap Scan",
                      "Parent Relationship": "Outer",
                      "Parallel Aware": true,
                      "Relation Name": "movie_info",
                      "Alias": "mi",
                      "Startup Cost": 14929.49,
                      "Total Cost": 178987.34,
                      "Plan Rows": 165188,
                      "Plan Width": 4,
                      "Actual Startup Time": 23.68,
                      "Actual Total Time": 45.046,
                      "Actual Rows": 133690,
                      "Actual Loops": 6,
                      "Recheck Cond": "(info_type_id < 2)",
                      "Rows Removed by Index Recheck": 0,
                      "Exact Heap Blocks": 1215,
                      "Lossy Heap Blocks": 0,
                      "Plans": [
                        {
                          "Node Type": "Bitmap Index Scan",
                          "Parent Relationship": "Outer",
                          "Parallel Aware": false,
                          "Index Name": "info_type_id_movie_info",
                          "Startup Cost": 0.0,
                          "Total Cost": 14723.0,
                          "Plan Rows": 825942,
                          "Plan Width": 0,
                          "Actual Startup Time": 22.686,
                          "Actual Total Time": 22.687,
                          "Actual Rows": 802140,
                          "Actual Loops": 1,
                          "Index Cond": "(info_type_id < 2)"
                        }
                      ]
                    },
                    {
                      "Node Type": "Hash",
                      "Parent Relationship": "Inner",
                      "Parallel Aware": true,
                      "Startup Cost": 45479.59,
                      "Total Cost": 45479.59,
                      "Plan Rows": 5576,
                      "Plan Width": 4,
                      "Actual Startup Time": 76.722,
                      "Actual Total Time": 76.723,
                      "Actual Rows": 4100,
                      "Actual Loops": 6,
                      "Hash Buckets": 32768,
                      "Original Hash Buckets": 32768,
                      "Hash Batches": 1,
                      "Original Hash Batches": 1,
                      "Peak Memory Usage": 1312,
                      "Plans": [
                        {
                          "Node Type": "Seq Scan",
                          "Parent Relationship": "Outer",
                          "Parallel Aware": true,
                          "Relation Name": "title",
                          "Alias": "t",
                          "Startup Cost": 0.0,
                          "Total Cost": 45479.59,
                          "Plan Rows": 5576,
                          "Plan Width": 4,
                          "Actual Startup Time": 0.125,
                          "Actual Total Time": 74.404,
                          "Actual Rows": 4100,
                          "Actual Loops": 6,
                          "Filter": "((kind_id = 7) AND (production_year = 1995))",
                          "Rows Removed by Filter": 417285
                        }
                      ]
                    }
                  ]
                }
              ]
            }
          ]
        }
      ]
    },
    "Planning Time": 0.364,
    "Triggers": [],
    "Execution Time": 161.802
  }
]