[
    {
        "Bao": {
            "Bao prediction": "NaN",
            "Bao recommended hint": "(no hint)"
        }
    },
    {
        "Plan": {
            "Node Type": "Aggregate",
            "Strategy": "Plain",
            "Partial Mode": "Finalize",
            "Parallel Aware": false,
            "Startup Cost": 352026.49,
            "Total Cost": 352026.5,
            "Plan Rows": 1,
            "Plan Width": 8,
            "Actual Startup Time": 909.887,
            "Actual Total Time": 940.052,
            "Actual Rows": 1,
            "Actual Loops": 1,
            "Output": [
                "count(*)"
            ],
            "Plans": [
                {
                    "Node Type": "Gather",
                    "Parent Relationship": "Outer",
                    "Parallel Aware": false,
                    "Startup Cost": 352025.86,
                    "Total Cost": 352026.47,
                    "Plan Rows": 6,
                    "Plan Width": 8,
                    "Actual Startup Time": 909.739,
                    "Actual Total Time": 940.043,
                    "Actual Rows": 7,
                    "Actual Loops": 1,
                    "Output": [
                        "(PARTIAL count(*))"
                    ],
                    "Workers Planned": 6,
                    "Workers Launched": 6,
                    "Single Copy": false,
                    "Plans": [
                        {
                            "Node Type": "Aggregate",
                            "Strategy": "Plain",
                            "Partial Mode": "Partial",
                            "Parent Relationship": "Outer",
                            "Parallel Aware": false,
                            "Startup Cost": 351025.86,
                            "Total Cost": 351025.88,
                            "Plan Rows": 1,
                            "Plan Width": 8,
                            "Actual Startup Time": 900.161,
                            "Actual Total Time": 900.162,
                            "Actual Rows": 1,
                            "Actual Loops": 7,
                            "Output": [
                                "PARTIAL count(*)"
                            ],
                            "Workers": [
                                {
                                    "Worker Number": 0,
                                    "Actual Startup Time": 897.884,
                                    "Actual Total Time": 897.885,
                                    "Actual Rows": 1,
                                    "Actual Loops": 1
                                },
                                {
                                    "Worker Number": 1,
                                    "Actual Startup Time": 898.278,
                                    "Actual Total Time": 898.279,
                                    "Actual Rows": 1,
                                    "Actual Loops": 1
                                },
                                {
                                    "Worker Number": 2,
                                    "Actual Startup Time": 898.517,
                                    "Actual Total Time": 898.518,
                                    "Actual Rows": 1,
                                    "Actual Loops": 1
                                },
                                {
                                    "Worker Number": 3,
                                    "Actual Startup Time": 898.572,
                                    "Actual Total Time": 898.574,
                                    "Actual Rows": 1,
                                    "Actual Loops": 1
                                },
                                {
                                    "Worker Number": 4,
                                    "Actual Startup Time": 899.157,
                                    "Actual Total Time": 899.158,
                                    "Actual Rows": 1,
                                    "Actual Loops": 1
                                },
                                {
                                    "Worker Number": 5,
                                    "Actual Startup Time": 899.321,
                                    "Actual Total Time": 899.322,
                                    "Actual Rows": 1,
                                    "Actual Loops": 1
                                }
                            ],
                            "Plans": [
                                {
                                    "Node Type": "Seq Scan",
                                    "Parent Relationship": "Outer",
                                    "Parallel Aware": true,
                                    "Relation Name": "cast_info",
                                    "Schema": "public",
                                    "Alias": "ci",
                                    "Startup Cost": 0.0,
                                    "Total Cost": 343318.94,
                                    "Plan Rows": 3082770,
                                    "Plan Width": 0,
                                    "Actual Startup Time": 231.072,
                                    "Actual Total Time": 743.888,
                                    "Actual Rows": 3053619,
                                    "Actual Loops": 7,
                                    "Output": [
                                        "id",
                                        "person_id",
                                        "movie_id",
                                        "person_role_id",
                                        "note",
                                        "nr_order",
                                        "role_id"
                                    ],
                                    "Filter": "((ci.person_id > 771741) AND (ci.role_id > 1))",
                                    "Rows Removed by Filter": 2124145,
                                    "Workers": [
                                        {
                                            "Worker Number": 0,
                                            "Actual Startup Time": 228.809,
                                            "Actual Total Time": 741.392,
                                            "Actual Rows": 2361507,
                                            "Actual Loops": 1
                                        },
                                        {
                                            "Worker Number": 1,
                                            "Actual Startup Time": 229.196,
                                            "Actual Total Time": 741.98,
                                            "Actual Rows": 2366469,
                                            "Actual Loops": 1
                                        },
                                        {
                                            "Worker Number": 2,
                                            "Actual Startup Time": 229.422,
                                            "Actual Total Time": 742.09,
                                            "Actual Rows": 2360984,
                                            "Actual Loops": 1
                                        },
                                        {
                                            "Worker Number": 3,
                                            "Actual Startup Time": 229.478,
                                            "Actual Total Time": 742.448,
                                            "Actual Rows": 2356683,
                                            "Actual Loops": 1
                                        },
                                        {
                                            "Worker Number": 4,
                                            "Actual Startup Time": 230.065,
                                            "Actual Total Time": 748.451,
                                            "Actual Rows": 3703940,
                                            "Actual Loops": 1
                                        },
                                        {
                                            "Worker Number": 5,
                                            "Actual Startup Time": 230.221,
                                            "Actual Total Time": 748.392,
                                            "Actual Rows": 3707982,
                                            "Actual Loops": 1
                                        }
                                    ]
                                }
                            ]
                        }
                    ]
                }
            ]
        },
        "Planning Time": 208.526,
        "Triggers": [],
        "Execution Time": 940.099
    }
]