[
  {
    "Plan": {
      "Node Type": "Aggregate",
      "Strategy": "Plain",
      "Partial Mode": "Finalize",
      "Parallel Aware": false,
      "Startup Cost": 103002.1,
      "Total Cost": 103002.11,
      "Plan Rows": 1,
      "Plan Width": 8,
      "Actual Startup Time": 730.951,
      "Actual Total Time": 757.913,
      "Actual Rows": 1,
      "Actual Loops": 1,
      "Plans": [
        {
          "Node Type": "Gather",
          "Parent Relationship": "Outer",
          "Parallel Aware": false,
          "Startup Cost": 103001.88,
          "Total Cost": 103002.09,
          "Plan Rows": 2,
          "Plan Width": 8,
          "Actual Startup Time": 725.637,
          "Actual Total Time": 757.896,
          "Actual Rows": 3,
          "Actual Loops": 1,
          "Workers Planned": 2,
          "Workers Launched": 2,
          "Single Copy": false,
          "Plans": [
            {
              "Node Type": "Aggregate",
              "Strategy": "Plain",
              "Partial Mode": "Partial",
              "Parent Relationship": "Outer",
              "Parallel Aware": false,
              "Startup Cost": 102001.88,
              "Total Cost": 102001.89,
              "Plan Rows": 1,
              "Plan Width": 8,
              "Actual Startup Time": 717.598,
              "Actual Total Time": 718.043,
              "Actual Rows": 1,
              "Actual Loops": 3,
              "Plans": [
                {
                  "Node Type": "Hash Join",
                  "Parent Relationship": "Outer",
                  "Parallel Aware": true,
                  "Join Type": "Inner",
                  "Startup Cost": 85904.68,
                  "Total Cost": 101890.22,
                  "Plan Rows": 44666,
                  "Plan Width": 0,
                  "Actual Startup Time": 598.404,
                  "Actual Total Time": 706.904,
                  "Actual Rows": 169038,
                  "Actual Loops": 3,
                  "Inner Unique": false,
                  "Hash Cond": "(mi_idx.movie_id = t.id)",
                  "Plans": [
                    {
                      "Node Type": "Seq Scan",
                      "Parent Relationship": "Outer",
                      "Parallel Aware": true,
                      "Relation Name": "movie_info_idx",
                      "Alias": "mi_idx",
                      "Startup Cost": 0.0,
                      "Total Cost": 13685.15,
                      "Plan Rows": 575015,
                      "Plan Width": 4,
                      "Actual Startup Time": 0.034,
                      "Actual Total Time": 65.207,
                      "Actual Rows": 460012,
                      "Actual Loops": 3
                    },
                    {
                      "Node Type": "Hash",
                      "Parent Relationship": "Inner",
                      "Parallel Aware": true,
                      "Startup Cost": 85112.73,
                      "Total Cost": 85112.73,
                      "Plan Rows": 63356,
                      "Plan Width": 8,
                      "Actual Startup Time": 538.558,
                      "Actual Total Time": 539.0,
                      "Actual Rows": 131907,
                      "Actual Loops": 3,
                      "Hash Buckets": 524288,
                      "Original Hash Buckets": 262144,
                      "Hash Batches": 1,
                      "Original Hash Batches": 1,
                      "Peak Memory Usage": 21664,
                      "Plans": [
                        {
                          "Node Type": "Hash Join",
                          "Parent Relationship": "Outer",
                          "Parallel Aware": true,
                          "Join Type": "Inner",
                          "Startup Cost": 38954.71,
                          "Total Cost": 85112.73,
                          "Plan Rows": 63356,
                          "Plan Width": 8,
                          "Actual Startup Time": 143.481,
                          "Actual Total Time": 481.082,
                          "Actual Rows": 131907,
                          "Actual Loops": 3,
                          "Inner Unique": true,
                          "Hash Cond": "(mk.movie_id = t.id)",
                          "Plans": [
                            {
                              "Node Type": "Seq Scan",
                              "Parent Relationship": "Outer",
                              "Parallel Aware": true,
                              "Relation Name": "movie_keyword",
                              "Alias": "mk",
                              "Startup Cost": 0.0,
                              "Total Cost": 42695.65,
                              "Plan Rows": 1318993,
                              "Plan Width": 4,
                              "Actual Startup Time": 0.05,
                              "Actual Total Time": 237.293,
                              "Actual Rows": 1362581,
                              "Actual Loops": 3,
                              "Filter": "(keyword_id > 335)",
                              "Rows Removed by Filter": 145396
                            },
                            {
                              "Node Type": "Hash",
                              "Parent Relationship": "Inner",
                              "Parallel Aware": true,
                              "Startup Cost": 38575.19,
                              "Total Cost": 38575.19,
                              "Plan Rows": 30362,
                              "Plan Width": 4,
                              "Actual Startup Time": 67.038,
                              "Actual Total Time": 67.041,
                              "Actual Rows": 39411,
                              "Actual Loops": 3,
                              "Hash Buckets": 131072,
                              "Original Hash Buckets": 131072,
                              "Hash Batches": 1,
                              "Original Hash Batches": 1,
                              "Peak Memory Usage": 5696,
                              "Plans": [
                                {
                                  "Node Type": "Bitmap Heap Scan",
                                  "Parent Relationship": "Outer",
                                  "Parallel Aware": true,
                                  "Relation Name": "title",
                                  "Alias": "t",
                                  "Startup Cost": 2197.66,
                                  "Total Cost": 38575.19,
                                  "Plan Rows": 30362,
                                  "Plan Width": 4,
                                  "Actual Startup Time": 7.451,
                                  "Actual Total Time": 50.743,
                                  "Actual Rows": 39411,
                                  "Actual Loops": 3,
                                  "Recheck Cond": "(kind_id = 4)",
                                  "Rows Removed by Index Recheck": 0,
                                  "Exact Heap Blocks": 7019,
                                  "Lossy Heap Blocks": 0,
                                  "Plans": [
                                    {
                                      "Node Type": "Bitmap Index Scan",
                                      "Parent Relationship": "Outer",
                                      "Parallel Aware": false,
                                      "Index Name": "kind_id_title",
                                      "Startup Cost": 0.0,
                                      "Total Cost": 2167.3,
                                      "Plan Rows": 121449,
                                      "Plan Width": 0,
                                      "Actual Startup Time": 9.328,
                                      "Actual Total Time": 9.329,
                                      "Actual Rows": 118234,
                                      "Actual Loops": 1,
                                      "Index Cond": "(kind_id = 4)"
                                    }
                                  ]
                                }
                              ]
                            }
                          ]
                        }
                      ]
                    }
                  ]
                }
              ]
            }
          ]
        }
      ]
    },
    "Planning Time": 0.983,
    "Triggers": [],
    "Execution Time": 758.001
  }
]