[
  {
    "Bao": {
      "Bao prediction": 853.48,
      "Bao recommended hint": "SET enable_nestloop TO off; "
    }
  },
  {
    "Plan": {
      "Node Type": "Aggregate",
      "Strategy": "Plain",
      "Partial Mode": "Finalize",
      "Parallel Aware": false,
      "Startup Cost": 761565.62,
      "Total Cost": 761565.63,
      "Plan Rows": 1,
      "Plan Width": 64,
      "Actual Startup Time": 3378.344,
      "Actual Total Time": 3483.696,
      "Actual Rows": 1,
      "Actual Loops": 1,
      "Plans": [
        {
          "Node Type": "Gather",
          "Parent Relationship": "Outer",
          "Parallel Aware": false,
          "Startup Cost": 761565.29,
          "Total Cost": 761565.6,
          "Plan Rows": 3,
          "Plan Width": 64,
          "Actual Startup Time": 3368.509,
          "Actual Total Time": 3483.683,
          "Actual Rows": 4,
          "Actual Loops": 1,
          "Workers Planned": 3,
          "Workers Launched": 3,
          "Single Copy": false,
          "Plans": [
            {
              "Node Type": "Aggregate",
              "Strategy": "Plain",
              "Partial Mode": "Partial",
              "Parent Relationship": "Outer",
              "Parallel Aware": false,
              "Startup Cost": 760565.29,
              "Total Cost": 760565.3,
              "Plan Rows": 1,
              "Plan Width": 64,
              "Actual Startup Time": 3352.658,
              "Actual Total Time": 3352.685,
              "Actual Rows": 1,
              "Actual Loops": 4,
              "Plans": [
                {
                  "Node Type": "Hash Join",
                  "Parent Relationship": "Outer",
                  "Parallel Aware": true,
                  "Join Type": "Inner",
                  "Startup Cost": 745169.89,
                  "Total Cost": 760563.86,
                  "Plan Rows": 286,
                  "Plan Width": 32,
                  "Actual Startup Time": 3276.24,
                  "Actual Total Time": 3351.198,
                  "Actual Rows": 14204,
                  "Actual Loops": 4,
                  "Inner Unique": false,
                  "Hash Cond": "(an.person_id = n.id)",
                  "Plans": [
                    {
                      "Node Type": "Seq Scan",
                      "Parent Relationship": "Outer",
                      "Parallel Aware": true,
                      "Relation Name": "aka_name",
                      "Alias": "an",
                      "Startup Cost": 0.0,
                      "Total Cost": 14303.56,
                      "Plan Rows": 290756,
                      "Plan Width": 4,
                      "Actual Startup Time": 0.014,
                      "Actual Total Time": 44.945,
                      "Actual Rows": 225336,
                      "Actual Loops": 4
                    },
                    {
                      "Node Type": "Hash",
                      "Parent Relationship": "Inner",
                      "Parallel Aware": true,
                      "Startup Cost": 745168.38,
                      "Total Cost": 745168.38,
                      "Plan Rows": 121,
                      "Plan Width": 40,
                      "Actual Startup Time": 3274.403,
                      "Actual Total Time": 3274.429,
                      "Actual Rows": 11838,
                      "Actual Loops": 4,
                      "Hash Buckets": 65536,
                      "Original Hash Buckets": 1024,
                      "Hash Batches": 1,
                      "Original Hash Batches": 1,
                      "Peak Memory Usage": 4600,
                      "Plans": [
                        {
                          "Node Type": "Hash Join",
                          "Parent Relationship": "Outer",
                          "Parallel Aware": true,
                          "Join Type": "Inner",
                          "Startup Cost": 714804.58,
                          "Total Cost": 745168.38,
                          "Plan Rows": 121,
                          "Plan Width": 40,
                          "Actual Startup Time": 3056.788,
                          "Actual Total Time": 3241.177,
                          "Actual Rows": 11838,
                          "Actual Loops": 4,
                          "Inner Unique": true,
                          "Hash Cond": "(mc.company_id = cn.id)",
                          "Plans": [
                            {
                              "Node Type": "Hash Join",
                              "Parent Relationship": "Outer",
                              "Parallel Aware": true,
                              "Join Type": "Inner",
                              "Startup Cost": 709456.27,
                              "Total Cost": 739819.19,
                              "Plan Rows": 334,
                              "Plan Width": 44,
                              "Actual Startup Time": 3023.741,
                              "Actual Total Time": 3203.296,
                              "Actual Rows": 34054,
                              "Actual Loops": 4,
                              "Inner Unique": false,
                              "Hash Cond": "(mc.movie_id = t.id)",
                              "Plans": [
                                {
                                  "Node Type": "Seq Scan",
                                  "Parent Relationship": "Outer",
                                  "Parallel Aware": true,
                                  "Relation Name": "movie_companies",
                                  "Alias": "mc",
                                  "Startup Cost": 0.0,
                                  "Total Cost": 27206.55,
                                  "Plan Rows": 841655,
                                  "Plan Width": 8,
                                  "Actual Startup Time": 0.018,
                                  "Actual Total Time": 107.534,
                                  "Actual Rows": 652282,
                                  "Actual Loops": 4
                                },
                                {
                                  "Node Type": "Hash",
                                  "Parent Relationship": "Inner",
                                  "Parallel Aware": true,
                                  "Startup Cost": 709455.65,
                                  "Total Cost": 709455.65,
                                  "Plan Rows": 50,
                                  "Plan Width": 52,
                                  "Actual Startup Time": 3017.733,
                                  "Actual Total Time": 3017.754,
                                  "Actual Rows": 1927,
                                  "Actual Loops": 4,
                                  "Hash Buckets": 8192,
                                  "Original Hash Buckets": 1024,
                                  "Hash Batches": 1,
                                  "Original Hash Batches": 1,
                                  "Peak Memory Usage": 856,
                                  "Plans": [
                                    {
                                      "Node Type": "Hash Join",
                                      "Parent Relationship": "Outer",
                                      "Parallel Aware": true,
                                      "Join Type": "Inner",
                                      "Startup Cost": 639615.56,
                                      "Total Cost": 709455.65,
                                      "Plan Rows": 50,
                                      "Plan Width": 52,
                                      "Actual Startup Time": 2849.787,
                                      "Actual Total Time": 2976.967,
                                      "Actual Rows": 1927,
                                      "Actual Loops": 4,
                                      "Inner Unique": true,
                                      "Hash Cond": "(ci.person_role_id = chn.id)",
                                      "Plans": [
                                        {
                                          "Node Type": "Hash Join",
                                          "Parent Relationship": "Outer",
                                          "Parallel Aware": true,
                                          "Join Type": "Inner",
                                          "Startup Cost": 585502.36,
                                          "Total Cost": 655342.32,
                                          "Plan Rows": 50,
                                          "Plan Width": 56,
                                          "Actual Startup Time": 2348.438,
                                          "Actual Total Time": 2471.614,
                                          "Actual Rows": 2168,
                                          "Actual Loops": 4,
                                          "Inner Unique": false,
                                          "Hash Cond": "(n.id = ci.person_id)",
                                          "Plans": [
                                            {
                                              "Node Type": "Seq Scan",
                                              "Parent Relationship": "Outer",
                                              "Parallel Aware": true,
                                              "Relation Name": "name",
                                              "Alias": "n",
                                              "Startup Cost": 0.0,
                                              "Total Cost": 68636.32,
                                              "Plan Rows": 240706,
                                              "Plan Width": 19,
                                              "Actual Startup Time": 64.108,
                                              "Actual Total Time": 163.314,
                                              "Actual Rows": 240389,
                                              "Actual Loops": 4,
                                              "Filter": "((gender)::text = 'f'::text)",
                                              "Rows Removed by Filter": 801484
                                            },
                                            {
                                              "Node Type": "Hash",
                                              "Parent Relationship": "Inner",
                                              "Parallel Aware": true,
                                              "Startup Cost": 585500.21,
                                              "Total Cost": 585500.21,
                                              "Plan Rows": 172,
                                              "Plan Width": 37,
                                              "Actual Startup Time": 2283.209,
                                              "Actual Total Time": 2283.224,
                                              "Actual Rows": 2168,
                                              "Actual Loops": 4,
                                              "Hash Buckets": 8192,
                                              "Original Hash Buckets": 1024,
                                              "Hash Batches": 1,
                                              "Original Hash Batches": 1,
                                              "Peak Memory Usage": 760,
                                              "Plans": [
                                                {
                                                  "Node Type": "Hash Join",
                                                  "Parent Relationship": "Outer",
                                                  "Parallel Aware": true,
                                                  "Join Type": "Inner",
                                                  "Startup Cost": 385553.91,
                                                  "Total Cost": 585500.21,
                                                  "Plan Rows": 172,
                                                  "Plan Width": 37,
                                                  "Actual Startup Time": 1538.225,
                                                  "Actual Total Time": 2206.143,
                                                  "Actual Rows": 2168,
                                                  "Actual Loops": 4,
                                                  "Inner Unique": false,
                                                  "Hash Cond": "(mi.movie_id = t.id)",
                                                  "Plans": [
                                                    {
                                                      "Node Type": "Hash Join",
                                                      "Parent Relationship": "Outer",
                                                      "Parallel Aware": false,
                                                      "Join Type": "Inner",
                                                      "Startup Cost": 2.43,
                                                      "Total Cost": 199849.81,
                                                      "Plan Rows": 26329,
                                                      "Plan Width": 4,
                                                      "Actual Startup Time": 199.479,
                                                      "Actual Total Time": 817.877,
                                                      "Actual Rows": 759180,
                                                      "Actual Loops": 4,
                                                      "Inner Unique": true,
                                                      "Hash Cond": "(mi.info_type_id = it.id)",
                                                      "Plans": [
                                                        {
                                                          "Node Type": "Seq Scan",
                                                          "Parent Relationship": "Outer",
                                                          "Parallel Aware": true,
                                                          "Relation Name": "movie_info",
                                                          "Alias": "mi",
                                                          "Startup Cost": 0.0,
                                                          "Total Cost": 191744.67,
                                                          "Plan Rows": 2975167,
                                                          "Plan Width": 8,
                                                          "Actual Startup Time": 0.026,
                                                          "Actual Total Time": 450.564,
                                                          "Actual Rows": 3708930,
                                                          "Actual Loops": 4
                                                        },
                                                        {
                                                          "Node Type": "Hash",
                                                          "Parent Relationship": "Inner",
                                                          "Parallel Aware": false,
                                                          "Startup Cost": 2.41,
                                                          "Total Cost": 2.41,
                                                          "Plan Rows": 1,
                                                          "Plan Width": 4,
                                                          "Actual Startup Time": 0.054,
                                                          "Actual Total Time": 0.055,
                                                          "Actual Rows": 1,
                                                          "Actual Loops": 4,
                                                          "Hash Buckets": 1024,
                                                          "Original Hash Buckets": 1024,
                                                          "Hash Batches": 1,
                                                          "Original Hash Batches": 1,
                                                          "Peak Memory Usage": 9,
                                                          "Plans": [
                                                            {
                                                              "Node Type": "Seq Scan",
                                                              "Parent Relationship": "Outer",
                                                              "Parallel Aware": false,
                                                              "Relation Name": "info_type",
                                                              "Alias": "it",
                                                              "Startup Cost": 0.0,
                                                              "Total Cost": 2.41,
                                                              "Plan Rows": 1,
                                                              "Plan Width": 4,
                                                              "Actual Startup Time": 0.038,
                                                              "Actual Total Time": 0.044,
                                                              "Actual Rows": 1,
                                                              "Actual Loops": 4,
                                                              "Filter": "((info)::text = 'release dates'::text)",
                                                              "Rows Removed by Filter": 112
                                                            }
                                                          ]
                                                        }
                                                      ]
                                                    },
                                                    {
                                                      "Node Type": "Hash",
                                                      "Parent Relationship": "Inner",
                                                      "Parallel Aware": true,
                                                      "Startup Cost": 385530.08,
                                                      "Total Cost": 385530.08,
                                                      "Plan Rows": 1712,
                                                      "Plan Width": 33,
                                                      "Actual Startup Time": 1325.425,
                                                      "Actual Total Time": 1325.434,
                                                      "Actual Rows": 557,
                                                      "Actual Loops": 4,
                                                      "Hash Buckets": 8192,
                                                      "Original Hash Buckets": 8192,
                                                      "Hash Batches": 1,
                                                      "Original Hash Batches": 1,
                                                      "Peak Memory Usage": 288,
                                                      "Plans": [
                                                        {
                                                          "Node Type": "Hash Join",
                                                          "Parent Relationship": "Outer",
                                                          "Parallel Aware": true,
                                                          "Join Type": "Inner",
                                                          "Startup Cost": 348557.69,
                                                          "Total Cost": 385530.08,
                                                          "Plan Rows": 1712,
                                                          "Plan Width": 33,
                                                          "Actual Startup Time": 1237.084,
                                                          "Actual Total Time": 1324.686,
                                                          "Actual Rows": 557,
                                                          "Actual Loops": 4,
                                                          "Inner Unique": false,
                                                          "Hash Cond": "(t.id = ci.movie_id)",
                                                          "Plans": [
                                                            {
                                                              "Node Type": "Bitmap Heap Scan",
                                                              "Parent Relationship": "Outer",
                                                              "Parallel Aware": true,
                                                              "Relation Name": "title",
                                                              "Alias": "t",
                                                              "Startup Cost": 4481.83,
                                                              "Total Cost": 41227.16,
                                                              "Plan Rows": 59787,
                                                              "Plan Width": 21,
                                                              "Actual Startup Time": 37.208,
                                                              "Actual Total Time": 111.796,
                                                              "Actual Rows": 60350,
                                                              "Actual Loops": 4,
                                                              "Recheck Cond": "(production_year < 1960)",
                                                              "Rows Removed by Index Recheck": 0,
                                                              "Exact Heap Blocks": 5905,
                                                              "Lossy Heap Blocks": 0,
                                                              "Plans": [
                                                                {
                                                                  "Node Type": "Bitmap Index Scan",
                                                                  "Parent Relationship": "Outer",
                                                                  "Parallel Aware": false,
                                                                  "Index Name": "idx_title_production_year",
                                                                  "Startup Cost": 0.0,
                                                                  "Total Cost": 4422.04,
                                                                  "Plan Rows": 239148,
                                                                  "Plan Width": 0,
                                                                  "Actual Startup Time": 29.118,
                                                                  "Actual Total Time": 29.118,
                                                                  "Actual Rows": 241400,
                                                                  "Actual Loops": 1,
                                                                  "Index Cond": "(production_year < 1960)"
                                                                }
                                                              ]
                                                            },
                                                            {
                                                              "Node Type": "Hash",
                                                              "Parent Relationship": "Inner",
                                                              "Parallel Aware": true,
                                                              "Startup Cost": 343925.08,
                                                              "Total Cost": 343925.08,
                                                              "Plan Rows": 12063,
                                                              "Plan Width": 12,
                                                              "Actual Startup Time": 1192.392,
                                                              "Actual Total Time": 1192.396,
                                                              "Actual Rows": 69042,
                                                              "Actual Loops": 4,
                                                              "Hash Buckets": 524288,
                                                              "Original Hash Buckets": 131072,
                                                              "Hash Batches": 1,
                                                              "Original Hash Batches": 1,
                                                              "Peak Memory Usage": 20032,
                                                              "Plans": [
                                                                {
                                                                  "Node Type": "Hash Join",
                                                                  "Parent Relationship": "Outer",
                                                                  "Parallel Aware": false,
                                                                  "Join Type": "Inner",
                                                                  "Startup Cost": 1.16,
                                                                  "Total Cost": 343925.08,
                                                                  "Plan Rows": 12063,
                                                                  "Plan Width": 12,
                                                                  "Actual Startup Time": 369.964,
                                                                  "Actual Total Time": 1155.438,
                                                                  "Actual Rows": 69042,
                                                                  "Actual Loops": 4,
                                                                  "Inner Unique": true,
                                                                  "Hash Cond": "(ci.role_id = rt.id)",
                                                                  "Plans": [
                                                                    {
                                                                      "Node Type": "Seq Scan",
                                                                      "Parent Relationship": "Outer",
                                                                      "Parallel Aware": true,
                                                                      "Relation Name": "cast_info",
                                                                      "Alias": "ci",
                                                                      "Startup Cost": 0.0,
                                                                      "Total Cost": 343409.74,
                                                                      "Plan Rows": 144753,
                                                                      "Plan Width": 16,
                                                                      "Actual Startup Time": 0.066,
                                                                      "Actual Total Time": 1126.111,
                                                                      "Actual Rows": 216869,
                                                                      "Actual Loops": 4,
                                                                      "Filter": "(note = ANY ('{(voice),\"(voice: Japanese version)\",\"(voice) (uncredited)\",\"(voice: English version)\"}'::text[]))",
                                                                      "Rows Removed by Filter": 8844217
                                                                    },
                                                                    {
                                                                      "Node Type": "Hash",
                                                                      "Parent Relationship": "Inner",
                                                                      "Parallel Aware": false,
                                                                      "Startup Cost": 1.15,
                                                                      "Total Cost": 1.15,
                                                                      "Plan Rows": 1,
                                                                      "Plan Width": 4,
                                                                      "Actual Startup Time": 0.04,
                                                                      "Actual Total Time": 0.041,
                                                                      "Actual Rows": 1,
                                                                      "Actual Loops": 4,
                                                                      "Hash Buckets": 1024,
                                                                      "Original Hash Buckets": 1024,
                                                                      "Hash Batches": 1,
                                                                      "Original Hash Batches": 1,
                                                                      "Peak Memory Usage": 9,
                                                                      "Plans": [
                                                                        {
                                                                          "Node Type": "Seq Scan",
                                                                          "Parent Relationship": "Outer",
                                                                          "Parallel Aware": false,
                                                                          "Relation Name": "role_type",
                                                                          "Alias": "rt",
                                                                          "Startup Cost": 0.0,
                                                                          "Total Cost": 1.15,
                                                                          "Plan Rows": 1,
                                                                          "Plan Width": 4,
                                                                          "Actual Startup Time": 0.027,
                                                                          "Actual Total Time": 0.03,
                                                                          "Actual Rows": 1,
                                                                          "Actual Loops": 4,
                                                                          "Filter": "((role)::text = 'actress'::text)",
                                                                          "Rows Removed by Filter": 11
                                                                        }
                                                                      ]
                                                                    }
                                                                  ]
                                                                }
                                                              ]
                                                            }
                                                          ]
                                                        }
                                                      ]
                                                    }
                                                  ]
                                                }
                                              ]
                                            }
                                          ]
                                        },
                                        {
                                          "Node Type": "Hash",
                                          "Parent Relationship": "Inner",
                                          "Parallel Aware": true,
                                          "Startup Cost": 44299.2,
                                          "Total Cost": 44299.2,
                                          "Plan Rows": 785120,
                                          "Plan Width": 4,
                                          "Actual Startup Time": 494.535,
                                          "Actual Total Time": 494.536,
                                          "Actual Rows": 785085,
                                          "Actual Loops": 4,
                                          "Hash Buckets": 4194304,
                                          "Original Hash Buckets": 4194304,
                                          "Hash Batches": 1,
                                          "Original Hash Batches": 1,
                                          "Peak Memory Usage": 155680,
                                          "Plans": [
                                            {
                                              "Node Type": "Seq Scan",
                                              "Parent Relationship": "Outer",
                                              "Parallel Aware": true,
                                              "Relation Name": "char_name",
                                              "Alias": "chn",
                                              "Startup Cost": 0.0,
                                              "Total Cost": 44299.2,
                                              "Plan Rows": 785120,
                                              "Plan Width": 4,
                                              "Actual Startup Time": 0.068,
                                              "Actual Total Time": 146.092,
                                              "Actual Rows": 785085,
                                              "Actual Loops": 4
                                            }
                                          ]
                                        }
                                      ]
                                    }
                                  ]
                                }
                              ]
                            },
                            {
                              "Node Type": "Hash",
                              "Parent Relationship": "Inner",
                              "Parallel Aware": true,
                              "Startup Cost": 4722.92,
                              "Total Cost": 4722.92,
                              "Plan Rows": 50031,
                              "Plan Width": 4,
                              "Actual Startup Time": 32.609,
                              "Actual Total Time": 32.61,
                              "Actual Rows": 21211,
                              "Actual Loops": 4,
                              "Hash Buckets": 131072,
                              "Original Hash Buckets": 131072,
                              "Hash Batches": 1,
                              "Original Hash Batches": 1,
                              "Peak Memory Usage": 4384,
                              "Plans": [
                                {
                                  "Node Type": "Seq Scan",
                                  "Parent Relationship": "Outer",
                                  "Parallel Aware": true,
                                  "Relation Name": "company_name",
                                  "Alias": "cn",
                                  "Startup Cost": 0.0,
                                  "Total Cost": 4722.92,
                                  "Plan Rows": 50031,
                                  "Plan Width": 4,
                                  "Actual Startup Time": 0.076,
                                  "Actual Total Time": 22.302,
                                  "Actual Rows": 21211,
                                  "Actual Loops": 4,
                                  "Filter": "((country_code)::text = '[us]'::text)",
                                  "Rows Removed by Filter": 37538
                                }
                              ]
                            }
                          ]
                        }
                      ]
                    }
                  ]
                }
              ]
            }
          ]
        }
      ]
    },
    "Planning Time": 514.208,
    "Triggers": [],
    "Execution Time": 3485.166
  }
]