{
  "Plan": {
    "Node Type": "Aggregate",
    "Strategy": "Plain",
    "Partial Mode": "Finalize",
    "Parallel Aware": false,
    "Startup Cost": 439990.36,
    "Total Cost": 439990.37,
    "Plan Rows": 1,
    "Plan Width": 8,
    "Actual Startup Time": 3654.35,
    "Actual Total Time": 3709.581,
    "Actual Rows": 1,
    "Actual Loops": 1,
    "Plans": [
      {
        "Node Type": "Gather",
        "Parent Relationship": "Outer",
        "Parallel Aware": false,
        "Startup Cost": 439990.25,
        "Total Cost": 439990.36,
        "Plan Rows": 1,
        "Plan Width": 8,
        "Actual Startup Time": 3647.292,
        "Actual Total Time": 3709.573,
        "Actual Rows": 2,
        "Actual Loops": 1,
        "Workers Planned": 1,
        "Workers Launched": 1,
        "Single Copy": false,
        "Plans": [
          {
            "Node Type": "Aggregate",
            "Strategy": "Plain",
            "Partial Mode": "Partial",
            "Parent Relationship": "Outer",
            "Parallel Aware": false,
            "Startup Cost": 438990.25,
            "Total Cost": 438990.26,
            "Plan Rows": 1,
            "Plan Width": 8,
            "Actual Startup Time": 3639.237,
            "Actual Total Time": 3639.245,
            "Actual Rows": 1,
            "Actual Loops": 2,
            "Plans": [
              {
                "Node Type": "Hash Join",
                "Parent Relationship": "Outer",
                "Parallel Aware": true,
                "Join Type": "Inner",
                "Startup Cost": 356830.36,
                "Total Cost": 435972.15,
                "Plan Rows": 1207241,
                "Plan Width": 0,
                "Actual Startup Time": 2228.165,
                "Actual Total Time": 3247.354,
                "Actual Rows": 9586368,
                "Actual Loops": 2,
                "Inner Unique": false,
                "Hash Cond": "(mk.movie_id = t.id)",
                "Plans": [
                  {
                    "Node Type": "Seq Scan",
                    "Parent Relationship": "Outer",
                    "Parallel Aware": true,
                    "Relation Name": "movie_keyword",
                    "Alias": "mk",
                    "Startup Cost": 0.0,
                    "Total Cost": 57718.19,
                    "Plan Rows": 2291548,
                    "Plan Width": 4,
                    "Actual Startup Time": 0.053,
                    "Actual Total Time": 200.72,
                    "Actual Rows": 1942146,
                    "Actual Loops": 2,
                    "Filter": "(keyword_id > 495)",
                    "Rows Removed by Filter": 319819
                  },
                  {
                    "Node Type": "Hash",
                    "Parent Relationship": "Inner",
                    "Parallel Aware": true,
                    "Startup Cost": 347036.51,
                    "Total Cost": 347036.51,
                    "Plan Rows": 783508,
                    "Plan Width": 8,
                    "Actual Startup Time": 2213.488,
                    "Actual Total Time": 2213.493,
                    "Actual Rows": 1301374,
                    "Actual Loops": 2,
                    "Hash Buckets": 4194304,
                    "Original Hash Buckets": 2097152,
                    "Hash Batches": 1,
                    "Original Hash Batches": 1,
                    "Peak Memory Usage": 151008,
                    "Plans": [
                      {
                        "Node Type": "Hash Join",
                        "Parent Relationship": "Outer",
                        "Parallel Aware": true,
                        "Join Type": "Inner",
                        "Startup Cost": 56517.23,
                        "Total Cost": 347036.51,
                        "Plan Rows": 783508,
                        "Plan Width": 8,
                        "Actual Startup Time": 177.171,
                        "Actual Total Time": 1830.335,
                        "Actual Rows": 1301374,
                        "Actual Loops": 2,
                        "Inner Unique": true,
                        "Hash Cond": "(mi.movie_id = t.id)",
                        "Plans": [
                          {
                            "Node Type": "Seq Scan",
                            "Parent Relationship": "Outer",
                            "Parallel Aware": true,
                            "Relation Name": "movie_info",
                            "Alias": "mi",
                            "Startup Cost": 0.0,
                            "Total Cost": 270696.42,
                            "Plan Rows": 7551554,
                            "Plan Width": 4,
                            "Actual Startup Time": 0.01,
                            "Actual Total Time": 773.37,
                            "Actual Rows": 6485044,
                            "Actual Loops": 2,
                            "Filter": "(info_type_id < 18)",
                            "Rows Removed by Filter": 932816
                          },
                          {
                            "Node Type": "Hash",
                            "Parent Relationship": "Inner",
                            "Parallel Aware": true,
                            "Startup Cost": 54588.39,
                            "Total Cost": 54588.39,
                            "Plan Rows": 154307,
                            "Plan Width": 4,
                            "Actual Startup Time": 173.719,
                            "Actual Total Time": 173.72,
                            "Actual Rows": 136951,
                            "Actual Loops": 2,
                            "Hash Buckets": 524288,
                            "Original Hash Buckets": 524288,
                            "Hash Batches": 1,
                            "Original Hash Batches": 1,
                            "Peak Memory Usage": 14816,
                            "Plans": [
                              {
                                "Node Type": "Seq Scan",
                                "Parent Relationship": "Outer",
                                "Parallel Aware": true,
                                "Relation Name": "title",
                                "Alias": "t",
                                "Startup Cost": 0.0,
                                "Total Cost": 54588.39,
                                "Plan Rows": 154307,
                                "Plan Width": 4,
                                "Actual Startup Time": 0.048,
                                "Actual Total Time": 136.685,
                                "Actual Rows": 136951,
                                "Actual Loops": 2,
                                "Filter": "(production_year < 1963)",
                                "Rows Removed by Filter": 1127205
                              }
                            ]
                          }
                        ]
                      }
                    ]
                  }
                ]
              }
            ]
          }
        ]
      }
    ]
  },
  "Planning Time": 0.892,
  "Triggers": [],
  "Execution Time": 3709.661
}