{
  "Plan": {
    "Node Type": "Aggregate",
    "Strategy": "Plain",
    "Partial Mode": "Finalize",
    "Parallel Aware": false,
    "Startup Cost": 111513.69,
    "Total Cost": 111513.7,
    "Plan Rows": 1,
    "Plan Width": 8,
    "Actual Startup Time": 631.066,
    "Actual Total Time": 644.972,
    "Actual Rows": 1,
    "Actual Loops": 1,
    "Plans": [
      {
        "Node Type": "Gather",
        "Parent Relationship": "Outer",
        "Parallel Aware": false,
        "Startup Cost": 111513.58,
        "Total Cost": 111513.69,
        "Plan Rows": 1,
        "Plan Width": 8,
        "Actual Startup Time": 627.589,
        "Actual Total Time": 644.963,
        "Actual Rows": 2,
        "Actual Loops": 1,
        "Workers Planned": 1,
        "Workers Launched": 1,
        "Single Copy": false,
        "Plans": [
          {
            "Node Type": "Aggregate",
            "Strategy": "Plain",
            "Partial Mode": "Partial",
            "Parent Relationship": "Outer",
            "Parallel Aware": false,
            "Startup Cost": 110513.58,
            "Total Cost": 110513.59,
            "Plan Rows": 1,
            "Plan Width": 8,
            "Actual Startup Time": 619.835,
            "Actual Total Time": 619.839,
            "Actual Rows": 1,
            "Actual Loops": 2,
            "Plans": [
              {
                "Node Type": "Hash Join",
                "Parent Relationship": "Outer",
                "Parallel Aware": true,
                "Join Type": "Inner",
                "Startup Cost": 79599.75,
                "Total Cost": 109939.01,
                "Plan Rows": 229827,
                "Plan Width": 0,
                "Actual Startup Time": 460.713,
                "Actual Total Time": 612.871,
                "Actual Rows": 154337,
                "Actual Loops": 2,
                "Inner Unique": true,
                "Hash Cond": "(mk.movie_id = t.id)",
                "Plans": [
                  {
                    "Node Type": "Bitmap Heap Scan",
                    "Parent Relationship": "Outer",
                    "Parallel Aware": true,
                    "Relation Name": "movie_keyword",
                    "Alias": "mk",
                    "Startup Cost": 14030.93,
                    "Total Cost": 43348.79,
                    "Plan Rows": 389108,
                    "Plan Width": 4,
                    "Actual Startup Time": 40.872,
                    "Actual Total Time": 123.96,
                    "Actual Rows": 325483,
                    "Actual Loops": 2,
                    "Recheck Cond": "(keyword_id > 28875)",
                    "Rows Removed by Index Recheck": 0,
                    "Exact Heap Blocks": 13759,
                    "Lossy Heap Blocks": 0,
                    "Plans": [
                      {
                        "Node Type": "Bitmap Index Scan",
                        "Parent Relationship": "Outer",
                        "Parallel Aware": false,
                        "Index Name": "keyword_id_movie_keyword",
                        "Startup Cost": 0.0,
                        "Total Cost": 13865.56,
                        "Plan Rows": 661484,
                        "Plan Width": 0,
                        "Actual Startup Time": 37.312,
                        "Actual Total Time": 37.313,
                        "Actual Rows": 650966,
                        "Actual Loops": 1,
                        "Index Cond": "(keyword_id > 28875)"
                      }
                    ]
                  },
                  {
                    "Node Type": "Hash",
                    "Parent Relationship": "Inner",
                    "Parallel Aware": true,
                    "Startup Cost": 54588.39,
                    "Total Cost": 54588.39,
                    "Plan Rows": 878434,
                    "Plan Width": 4,
                    "Actual Startup Time": 403.921,
                    "Actual Total Time": 403.922,
                    "Actual Rows": 742515,
                    "Actual Loops": 2,
                    "Hash Buckets": 2097152,
                    "Original Hash Buckets": 2097152,
                    "Hash Batches": 1,
                    "Original Hash Batches": 1,
                    "Peak Memory Usage": 74528,
                    "Plans": [
                      {
                        "Node Type": "Seq Scan",
                        "Parent Relationship": "Outer",
                        "Parallel Aware": true,
                        "Relation Name": "title",
                        "Alias": "t",
                        "Startup Cost": 0.0,
                        "Total Cost": 54588.39,
                        "Plan Rows": 878434,
                        "Plan Width": 4,
                        "Actual Startup Time": 0.033,
                        "Actual Total Time": 174.997,
                        "Actual Rows": 742515,
                        "Actual Loops": 2,
                        "Filter": "(production_year > 1998)",
                        "Rows Removed by Filter": 521641
                      }
                    ]
                  }
                ]
              }
            ]
          }
        ]
      }
    ]
  },
  "Planning Time": 0.539,
  "Triggers": [],
  "Execution Time": 645.047
}