[
    {
        "Bao": {
            "Bao prediction": 668.004,
            "Bao recommended hint": "(no hint)"
        }
    },
    {
        "Plan": {
            "Node Type": "Aggregate",
            "Strategy": "Plain",
            "Partial Mode": "Finalize",
            "Parallel Aware": false,
            "Startup Cost": 39850.52,
            "Total Cost": 39850.53,
            "Plan Rows": 1,
            "Plan Width": 8,
            "Actual Startup Time": 146.953,
            "Actual Total Time": 156.565,
            "Actual Rows": 1,
            "Actual Loops": 1,
            "Output": [
                "count(*)"
            ],
            "Plans": [
                {
                    "Node Type": "Gather",
                    "Parent Relationship": "Outer",
                    "Parallel Aware": false,
                    "Startup Cost": 39850.2,
                    "Total Cost": 39850.51,
                    "Plan Rows": 3,
                    "Plan Width": 8,
                    "Actual Startup Time": 146.68,
                    "Actual Total Time": 156.557,
                    "Actual Rows": 4,
                    "Actual Loops": 1,
                    "Output": [
                        "(PARTIAL count(*))"
                    ],
                    "Workers Planned": 3,
                    "Workers Launched": 3,
                    "Single Copy": false,
                    "Plans": [
                        {
                            "Node Type": "Aggregate",
                            "Strategy": "Plain",
                            "Partial Mode": "Partial",
                            "Parent Relationship": "Outer",
                            "Parallel Aware": false,
                            "Startup Cost": 38850.2,
                            "Total Cost": 38850.21,
                            "Plan Rows": 1,
                            "Plan Width": 8,
                            "Actual Startup Time": 138.294,
                            "Actual Total Time": 138.295,
                            "Actual Rows": 1,
                            "Actual Loops": 4,
                            "Output": [
                                "PARTIAL count(*)"
                            ],
                            "Workers": [
                                {
                                    "Worker Number": 0,
                                    "Actual Startup Time": 135.561,
                                    "Actual Total Time": 135.562,
                                    "Actual Rows": 1,
                                    "Actual Loops": 1
                                },
                                {
                                    "Worker Number": 1,
                                    "Actual Startup Time": 135.556,
                                    "Actual Total Time": 135.558,
                                    "Actual Rows": 1,
                                    "Actual Loops": 1
                                },
                                {
                                    "Worker Number": 2,
                                    "Actual Startup Time": 135.992,
                                    "Actual Total Time": 135.994,
                                    "Actual Rows": 1,
                                    "Actual Loops": 1
                                }
                            ],
                            "Plans": [
                                {
                                    "Node Type": "Bitmap Heap Scan",
                                    "Parent Relationship": "Outer",
                                    "Parallel Aware": true,
                                    "Relation Name": "movie_keyword",
                                    "Schema": "public",
                                    "Alias": "mk",
                                    "Startup Cost": 11722.62,
                                    "Total Cost": 38404.6,
                                    "Plan Rows": 178239,
                                    "Plan Width": 0,
                                    "Actual Startup Time": 49.378,
                                    "Actual Total Time": 129.493,
                                    "Actual Rows": 137160,
                                    "Actual Loops": 4,
                                    "Recheck Cond": "(mk.keyword_id > 33562)",
                                    "Rows Removed by Index Recheck": 0,
                                    "Exact Heap Blocks": 11014,
                                    "Lossy Heap Blocks": 0,
                                    "Workers": [
                                        {
                                            "Worker Number": 0,
                                            "Actual Startup Time": 46.809,
                                            "Actual Total Time": 127.094,
                                            "Actual Rows": 97339,
                                            "Actual Loops": 1
                                        },
                                        {
                                            "Worker Number": 1,
                                            "Actual Startup Time": 46.673,
                                            "Actual Total Time": 127.023,
                                            "Actual Rows": 98543,
                                            "Actual Loops": 1
                                        },
                                        {
                                            "Worker Number": 2,
                                            "Actual Startup Time": 47.227,
                                            "Actual Total Time": 127.893,
                                            "Actual Rows": 93632,
                                            "Actual Loops": 1
                                        }
                                    ],
                                    "Plans": [
                                        {
                                            "Node Type": "Bitmap Index Scan",
                                            "Parent Relationship": "Outer",
                                            "Parallel Aware": false,
                                            "Index Name": "keyword_id_movie_keyword",
                                            "Startup Cost": 0.0,
                                            "Total Cost": 11584.48,
                                            "Plan Rows": 552540,
                                            "Plan Width": 0,
                                            "Actual Startup Time": 53.452,
                                            "Actual Total Time": 53.452,
                                            "Actual Rows": 548639,
                                            "Actual Loops": 1,
                                            "Index Cond": "(mk.keyword_id > 33562)"
                                        }
                                    ]
                                }
                            ]
                        }
                    ]
                }
            ]
        },
        "Planning Time": 1220.302,
        "Triggers": [],
        "Execution Time": 156.671
    }
]