[
  {
    "Plan": {
      "Node Type": "Aggregate",
      "Strategy": "Plain",
      "Partial Mode": "Finalize",
      "Parallel Aware": false,
      "Startup Cost": 152036.44,
      "Total Cost": 152036.45,
      "Plan Rows": 1,
      "Plan Width": 8,
      "Actual Startup Time": 146.539,
      "Actual Total Time": 171.099,
      "Actual Rows": 1,
      "Actual Loops": 1,
      "Plans": [
        {
          "Node Type": "Gather",
          "Parent Relationship": "Outer",
          "Parallel Aware": false,
          "Startup Cost": 152036.02,
          "Total Cost": 152036.43,
          "Plan Rows": 4,
          "Plan Width": 8,
          "Actual Startup Time": 146.399,
          "Actual Total Time": 171.092,
          "Actual Rows": 5,
          "Actual Loops": 1,
          "Workers Planned": 4,
          "Workers Launched": 4,
          "Single Copy": false,
          "Plans": [
            {
              "Node Type": "Aggregate",
              "Strategy": "Plain",
              "Partial Mode": "Partial",
              "Parent Relationship": "Outer",
              "Parallel Aware": false,
              "Startup Cost": 151036.02,
              "Total Cost": 151036.03,
              "Plan Rows": 1,
              "Plan Width": 8,
              "Actual Startup Time": 136.19,
              "Actual Total Time": 136.192,
              "Actual Rows": 1,
              "Actual Loops": 5,
              "Plans": [
                {
                  "Node Type": "Nested Loop",
                  "Parent Relationship": "Outer",
                  "Parallel Aware": false,
                  "Join Type": "Inner",
                  "Startup Cost": 0.56,
                  "Total Cost": 151005.54,
                  "Plan Rows": 12194,
                  "Plan Width": 0,
                  "Actual Startup Time": 3.79,
                  "Actual Total Time": 135.093,
                  "Actual Rows": 11884,
                  "Actual Loops": 5,
                  "Inner Unique": false,
                  "Plans": [
                    {
                      "Node Type": "Seq Scan",
                      "Parent Relationship": "Outer",
                      "Parallel Aware": true,
                      "Relation Name": "title",
                      "Alias": "t",
                      "Startup Cost": 0.0,
                      "Total Cost": 45479.1,
                      "Plan Rows": 851,
                      "Plan Width": 4,
                      "Actual Startup Time": 2.839,
                      "Actual Total Time": 77.753,
                      "Actual Rows": 685,
                      "Actual Loops": 5,
                      "Filter": "((kind_id < 7) AND (production_year = 1956))",
                      "Rows Removed by Filter": 504977
                    },
                    {
                      "Node Type": "Index Only Scan",
                      "Parent Relationship": "Inner",
                      "Parallel Aware": false,
                      "Scan Direction": "Forward",
                      "Index Name": "movie_id_cast_info",
                      "Relation Name": "cast_info",
                      "Alias": "ci",
                      "Startup Cost": 0.56,
                      "Total Cost": 123.63,
                      "Plan Rows": 37,
                      "Plan Width": 4,
                      "Actual Startup Time": 0.017,
                      "Actual Total Time": 0.081,
                      "Actual Rows": 17,
                      "Actual Loops": 3427,
                      "Index Cond": "(movie_id = t.id)",
                      "Rows Removed by Index Recheck": 0,
                      "Heap Fetches": 59422
                    }
                  ]
                }
              ]
            }
          ]
        }
      ]
    },
    "Planning Time": 0.637,
    "Triggers": [],
    "Execution Time": 171.176
  }
]