[
  {
    "Plan": {
      "Node Type": "Aggregate",
      "Strategy": "Plain",
      "Partial Mode": "Finalize",
      "Parallel Aware": false,
      "Startup Cost": 46834.71,
      "Total Cost": 46834.72,
      "Plan Rows": 1,
      "Plan Width": 8,
      "Actual Startup Time": 182.843,
      "Actual Total Time": 193.842,
      "Actual Rows": 1,
      "Actual Loops": 1,
      "Plans": [
        {
          "Node Type": "Gather",
          "Parent Relationship": "Outer",
          "Parallel Aware": false,
          "Startup Cost": 46834.4,
          "Total Cost": 46834.71,
          "Plan Rows": 3,
          "Plan Width": 8,
          "Actual Startup Time": 182.711,
          "Actual Total Time": 193.833,
          "Actual Rows": 4,
          "Actual Loops": 1,
          "Workers Planned": 3,
          "Workers Launched": 3,
          "Single Copy": false,
          "Plans": [
            {
              "Node Type": "Aggregate",
              "Strategy": "Plain",
              "Partial Mode": "Partial",
              "Parent Relationship": "Outer",
              "Parallel Aware": false,
              "Startup Cost": 45834.4,
              "Total Cost": 45834.41,
              "Plan Rows": 1,
              "Plan Width": 8,
              "Actual Startup Time": 175.805,
              "Actual Total Time": 175.807,
              "Actual Rows": 1,
              "Actual Loops": 4,
              "Plans": [
                {
                  "Node Type": "Seq Scan",
                  "Parent Relationship": "Outer",
                  "Parallel Aware": true,
                  "Relation Name": "movie_keyword",
                  "Alias": "mk",
                  "Startup Cost": 0.0,
                  "Total Cost": 42695.65,
                  "Plan Rows": 1255497,
                  "Plan Width": 0,
                  "Actual Startup Time": 0.062,
                  "Actual Total Time": 129.909,
                  "Actual Rows": 977170,
                  "Actual Loops": 4,
                  "Filter": "(keyword_id < 29726)",
                  "Rows Removed by Filter": 153812
                }
              ]
            }
          ]
        }
      ]
    },
    "Planning Time": 0.19,
    "Triggers": [],
    "Execution Time": 193.899
  }
]