[
  {
    "Plan": {
      "Node Type": "Aggregate",
      "Strategy": "Plain",
      "Partial Mode": "Finalize",
      "Parallel Aware": false,
      "Startup Cost": 30823.71,
      "Total Cost": 30823.72,
      "Plan Rows": 1,
      "Plan Width": 8,
      "Actual Startup Time": 90.338,
      "Actual Total Time": 98.437,
      "Actual Rows": 1,
      "Actual Loops": 1,
      "Plans": [
        {
          "Node Type": "Gather",
          "Parent Relationship": "Outer",
          "Parallel Aware": false,
          "Startup Cost": 30823.4,
          "Total Cost": 30823.71,
          "Plan Rows": 3,
          "Plan Width": 8,
          "Actual Startup Time": 90.236,
          "Actual Total Time": 98.429,
          "Actual Rows": 4,
          "Actual Loops": 1,
          "Workers Planned": 3,
          "Workers Launched": 3,
          "Single Copy": false,
          "Plans": [
            {
              "Node Type": "Aggregate",
              "Strategy": "Plain",
              "Partial Mode": "Partial",
              "Parent Relationship": "Outer",
              "Parallel Aware": false,
              "Startup Cost": 29823.4,
              "Total Cost": 29823.41,
              "Plan Rows": 1,
              "Plan Width": 8,
              "Actual Startup Time": 84.095,
              "Actual Total Time": 84.096,
              "Actual Rows": 1,
              "Actual Loops": 4,
              "Plans": [
                {
                  "Node Type": "Seq Scan",
                  "Parent Relationship": "Outer",
                  "Parallel Aware": true,
                  "Relation Name": "movie_companies",
                  "Alias": "mc",
                  "Startup Cost": 0.0,
                  "Total Cost": 29310.68,
                  "Plan Rows": 205086,
                  "Plan Width": 0,
                  "Actual Startup Time": 0.037,
                  "Actual Total Time": 72.969,
                  "Actual Rows": 158017,
                  "Actual Loops": 4,
                  "Filter": "(company_id < 846)",
                  "Rows Removed by Filter": 494266
                }
              ]
            }
          ]
        }
      ]
    },
    "Planning Time": 0.191,
    "Triggers": [],
    "Execution Time": 98.491
  }
]