{
  "Plan": {
    "Node Type": "Aggregate",
    "Strategy": "Plain",
    "Partial Mode": "Finalize",
    "Parallel Aware": false,
    "Startup Cost": 98432.81,
    "Total Cost": 98432.82,
    "Plan Rows": 1,
    "Plan Width": 8,
    "Actual Startup Time": 565.725,
    "Actual Total Time": 582.428,
    "Actual Rows": 1,
    "Actual Loops": 1,
    "Plans": [
      {
        "Node Type": "Gather",
        "Parent Relationship": "Outer",
        "Parallel Aware": false,
        "Startup Cost": 98432.7,
        "Total Cost": 98432.81,
        "Plan Rows": 1,
        "Plan Width": 8,
        "Actual Startup Time": 560.568,
        "Actual Total Time": 582.42,
        "Actual Rows": 2,
        "Actual Loops": 1,
        "Workers Planned": 1,
        "Workers Launched": 1,
        "Single Copy": false,
        "Plans": [
          {
            "Node Type": "Aggregate",
            "Strategy": "Plain",
            "Partial Mode": "Partial",
            "Parent Relationship": "Outer",
            "Parallel Aware": false,
            "Startup Cost": 97432.7,
            "Total Cost": 97432.71,
            "Plan Rows": 1,
            "Plan Width": 8,
            "Actual Startup Time": 548.291,
            "Actual Total Time": 548.295,
            "Actual Rows": 1,
            "Actual Loops": 2,
            "Plans": [
              {
                "Node Type": "Hash Join",
                "Parent Relationship": "Outer",
                "Parallel Aware": true,
                "Join Type": "Inner",
                "Startup Cost": 71874.8,
                "Total Cost": 97376.94,
                "Plan Rows": 22306,
                "Plan Width": 0,
                "Actual Startup Time": 513.071,
                "Actual Total Time": 547.334,
                "Actual Rows": 18322,
                "Actual Loops": 2,
                "Inner Unique": true,
                "Hash Cond": "(mk.movie_id = t.id)",
                "Plans": [
                  {
                    "Node Type": "Bitmap Heap Scan",
                    "Parent Relationship": "Outer",
                    "Parallel Aware": true,
                    "Relation Name": "movie_keyword",
                    "Alias": "mk",
                    "Startup Cost": 914.13,
                    "Total Cost": 26349.79,
                    "Plan Rows": 25328,
                    "Plan Width": 4,
                    "Actual Startup Time": 5.459,
                    "Actual Total Time": 26.44,
                    "Actual Rows": 19446,
                    "Actual Loops": 2,
                    "Recheck Cond": "(keyword_id < 47)",
                    "Rows Removed by Index Recheck": 0,
                    "Exact Heap Blocks": 10228,
                    "Lossy Heap Blocks": 0,
                    "Plans": [
                      {
                        "Node Type": "Bitmap Index Scan",
                        "Parent Relationship": "Outer",
                        "Parallel Aware": false,
                        "Index Name": "keyword_id_movie_keyword",
                        "Startup Cost": 0.0,
                        "Total Cost": 903.37,
                        "Plan Rows": 43058,
                        "Plan Width": 0,
                        "Actual Startup Time": 3.325,
                        "Actual Total Time": 3.326,
                        "Actual Rows": 38892,
                        "Actual Loops": 1,
                        "Index Cond": "(keyword_id < 47)"
                      }
                    ]
                  },
                  {
                    "Node Type": "Hash",
                    "Parent Relationship": "Inner",
                    "Parallel Aware": true,
                    "Startup Cost": 54588.39,
                    "Total Cost": 54588.39,
                    "Plan Rows": 1309782,
                    "Plan Width": 4,
                    "Actual Startup Time": 485.145,
                    "Actual Total Time": 485.145,
                    "Actual Rows": 1112284,
                    "Actual Loops": 2,
                    "Hash Buckets": 4194304,
                    "Original Hash Buckets": 4194304,
                    "Hash Batches": 1,
                    "Original Hash Batches": 1,
                    "Peak Memory Usage": 119840,
                    "Plans": [
                      {
                        "Node Type": "Seq Scan",
                        "Parent Relationship": "Outer",
                        "Parallel Aware": true,
                        "Relation Name": "title",
                        "Alias": "t",
                        "Startup Cost": 0.0,
                        "Total Cost": 54588.39,
                        "Plan Rows": 1309782,
                        "Plan Width": 4,
                        "Actual Startup Time": 0.027,
                        "Actual Total Time": 177.322,
                        "Actual Rows": 1112284,
                        "Actual Loops": 2,
                        "Filter": "(production_year < 2012)",
                        "Rows Removed by Filter": 151872
                      }
                    ]
                  }
                ]
              }
            ]
          }
        ]
      }
    ]
  },
  "Planning Time": 0.632,
  "Triggers": [],
  "Execution Time": 582.512
}