[
  {
    "Plan": {
      "Node Type": "Aggregate",
      "Strategy": "Plain",
      "Partial Mode": "Finalize",
      "Parallel Aware": false,
      "Startup Cost": 45786.16,
      "Total Cost": 45786.17,
      "Plan Rows": 1,
      "Plan Width": 8,
      "Actual Startup Time": 181.804,
      "Actual Total Time": 193.178,
      "Actual Rows": 1,
      "Actual Loops": 1,
      "Plans": [
        {
          "Node Type": "Gather",
          "Parent Relationship": "Outer",
          "Parallel Aware": false,
          "Startup Cost": 45785.84,
          "Total Cost": 45786.15,
          "Plan Rows": 3,
          "Plan Width": 8,
          "Actual Startup Time": 181.667,
          "Actual Total Time": 193.17,
          "Actual Rows": 4,
          "Actual Loops": 1,
          "Workers Planned": 3,
          "Workers Launched": 3,
          "Single Copy": false,
          "Plans": [
            {
              "Node Type": "Aggregate",
              "Strategy": "Plain",
              "Partial Mode": "Partial",
              "Parent Relationship": "Outer",
              "Parallel Aware": false,
              "Startup Cost": 44785.84,
              "Total Cost": 44785.85,
              "Plan Rows": 1,
              "Plan Width": 8,
              "Actual Startup Time": 175.045,
              "Actual Total Time": 175.047,
              "Actual Rows": 1,
              "Actual Loops": 4,
              "Plans": [
                {
                  "Node Type": "Seq Scan",
                  "Parent Relationship": "Outer",
                  "Parallel Aware": true,
                  "Relation Name": "movie_keyword",
                  "Alias": "mk",
                  "Startup Cost": 0.0,
                  "Total Cost": 42695.65,
                  "Plan Rows": 836076,
                  "Plan Width": 0,
                  "Actual Startup Time": 0.05,
                  "Actual Total Time": 138.244,
                  "Actual Rows": 650832,
                  "Actual Loops": 4,
                  "Filter": "(keyword_id < 7021)",
                  "Rows Removed by Filter": 480150
                }
              ]
            }
          ]
        }
      ]
    },
    "Planning Time": 0.077,
    "Triggers": [],
    "Execution Time": 193.204
  }
]