[
  {
    "Plan": {
      "Node Type": "Aggregate",
      "Strategy": "Plain",
      "Partial Mode": "Finalize",
      "Parallel Aware": false,
      "Startup Cost": 84921.88,
      "Total Cost": 84921.89,
      "Plan Rows": 1,
      "Plan Width": 8,
      "Actual Startup Time": 284.518,
      "Actual Total Time": 304.753,
      "Actual Rows": 1,
      "Actual Loops": 1,
      "Plans": [
        {
          "Node Type": "Gather",
          "Parent Relationship": "Outer",
          "Parallel Aware": false,
          "Startup Cost": 84921.56,
          "Total Cost": 84921.87,
          "Plan Rows": 3,
          "Plan Width": 8,
          "Actual Startup Time": 281.791,
          "Actual Total Time": 304.74,
          "Actual Rows": 4,
          "Actual Loops": 1,
          "Workers Planned": 3,
          "Workers Launched": 3,
          "Single Copy": false,
          "Plans": [
            {
              "Node Type": "Aggregate",
              "Strategy": "Plain",
              "Partial Mode": "Partial",
              "Parent Relationship": "Outer",
              "Parallel Aware": false,
              "Startup Cost": 83921.56,
              "Total Cost": 83921.57,
              "Plan Rows": 1,
              "Plan Width": 8,
              "Actual Startup Time": 276.802,
              "Actual Total Time": 276.807,
              "Actual Rows": 1,
              "Actual Loops": 4,
              "Plans": [
                {
                  "Node Type": "Hash Join",
                  "Parent Relationship": "Outer",
                  "Parallel Aware": true,
                  "Join Type": "Inner",
                  "Startup Cost": 57078.66,
                  "Total Cost": 83847.28,
                  "Plan Rows": 29711,
                  "Plan Width": 0,
                  "Actual Startup Time": 182.661,
                  "Actual Total Time": 273.107,
                  "Actual Rows": 69532,
                  "Actual Loops": 4,
                  "Inner Unique": true,
                  "Hash Cond": "(mk.movie_id = t.id)",
                  "Plans": [
                    {
                      "Node Type": "Bitmap Heap Scan",
                      "Parent Relationship": "Outer",
                      "Parallel Aware": true,
                      "Relation Name": "movie_keyword",
                      "Alias": "mk",
                      "Startup Cost": 10065.05,
                      "Total Cost": 36431.96,
                      "Plan Rows": 153033,
                      "Plan Width": 4,
                      "Actual Startup Time": 26.027,
                      "Actual Total Time": 80.972,
                      "Actual Rows": 118136,
                      "Actual Loops": 4,
                      "Recheck Cond": "(keyword_id < 359)",
                      "Rows Removed by Index Recheck": 0,
                      "Exact Heap Blocks": 8818,
                      "Lossy Heap Blocks": 0,
                      "Plans": [
                        {
                          "Node Type": "Bitmap Index Scan",
                          "Parent Relationship": "Outer",
                          "Parallel Aware": false,
                          "Index Name": "keyword_id_movie_keyword",
                          "Startup Cost": 0.0,
                          "Total Cost": 9946.45,
                          "Plan Rows": 474402,
                          "Plan Width": 0,
                          "Actual Startup Time": 22.422,
                          "Actual Total Time": 22.422,
                          "Actual Rows": 472545,
                          "Actual Loops": 1,
                          "Index Cond": "(keyword_id < 359)"
                        }
                      ]
                    },
                    {
                      "Node Type": "Hash",
                      "Parent Relationship": "Inner",
                      "Parallel Aware": true,
                      "Startup Cost": 45479.59,
                      "Total Cost": 45479.59,
                      "Plan Rows": 122722,
                      "Plan Width": 4,
                      "Actual Startup Time": 155.34,
                      "Actual Total Time": 155.341,
                      "Actual Rows": 145355,
                      "Actual Loops": 4,
                      "Hash Buckets": 1048576,
                      "Original Hash Buckets": 524288,
                      "Hash Batches": 1,
                      "Original Hash Batches": 1,
                      "Peak Memory Usage": 35040,
                      "Plans": [
                        {
                          "Node Type": "Seq Scan",
                          "Parent Relationship": "Outer",
                          "Parallel Aware": true,
                          "Relation Name": "title",
                          "Alias": "t",
                          "Startup Cost": 0.0,
                          "Total Cost": 45479.59,
                          "Plan Rows": 122722,
                          "Plan Width": 4,
                          "Actual Startup Time": 0.046,
                          "Actual Total Time": 92.876,
                          "Actual Rows": 145355,
                          "Actual Loops": 4,
                          "Filter": "((kind_id < 7) AND (production_year < 2004))",
                          "Rows Removed by Filter": 486723
                        }
                      ]
                    }
                  ]
                }
              ]
            }
          ]
        }
      ]
    },
    "Planning Time": 0.219,
    "Triggers": [],
    "Execution Time": 304.806
  }
]