[
  {
    "Plan": {
      "Node Type": "Aggregate",
      "Strategy": "Plain",
      "Partial Mode": "Finalize",
      "Parallel Aware": false,
      "Startup Cost": 69818.76,
      "Total Cost": 69818.77,
      "Plan Rows": 1,
      "Plan Width": 8,
      "Actual Startup Time": 173.638,
      "Actual Total Time": 202.429,
      "Actual Rows": 1,
      "Actual Loops": 1,
      "Plans": [
        {
          "Node Type": "Gather",
          "Parent Relationship": "Outer",
          "Parallel Aware": false,
          "Startup Cost": 69818.44,
          "Total Cost": 69818.75,
          "Plan Rows": 3,
          "Plan Width": 8,
          "Actual Startup Time": 172.948,
          "Actual Total Time": 202.402,
          "Actual Rows": 4,
          "Actual Loops": 1,
          "Workers Planned": 3,
          "Workers Launched": 3,
          "Single Copy": false,
          "Plans": [
            {
              "Node Type": "Aggregate",
              "Strategy": "Plain",
              "Partial Mode": "Partial",
              "Parent Relationship": "Outer",
              "Parallel Aware": false,
              "Startup Cost": 68818.44,
              "Total Cost": 68818.45,
              "Plan Rows": 1,
              "Plan Width": 8,
              "Actual Startup Time": 166.611,
              "Actual Total Time": 166.617,
              "Actual Rows": 1,
              "Actual Loops": 4,
              "Plans": [
                {
                  "Node Type": "Nested Loop",
                  "Parent Relationship": "Outer",
                  "Parallel Aware": false,
                  "Join Type": "Inner",
                  "Startup Cost": 38824.7,
                  "Total Cost": 68815.69,
                  "Plan Rows": 1102,
                  "Plan Width": 0,
                  "Actual Startup Time": 63.577,
                  "Actual Total Time": 165.571,
                  "Actual Rows": 12951,
                  "Actual Loops": 4,
                  "Inner Unique": false,
                  "Plans": [
                    {
                      "Node Type": "Hash Join",
                      "Parent Relationship": "Outer",
                      "Parallel Aware": true,
                      "Join Type": "Inner",
                      "Startup Cost": 38824.13,
                      "Total Cost": 64522.42,
                      "Plan Rows": 166,
                      "Plan Width": 8,
                      "Actual Startup Time": 63.435,
                      "Actual Total Time": 74.523,
                      "Actual Rows": 924,
                      "Actual Loops": 4,
                      "Inner Unique": true,
                      "Hash Cond": "(mk.movie_id = t.id)",
                      "Plans": [
                        {
                          "Node Type": "Bitmap Heap Scan",
                          "Parent Relationship": "Outer",
                          "Parallel Aware": true,
                          "Relation Name": "movie_keyword",
                          "Alias": "mk",
                          "Startup Cost": 573.63,
                          "Total Cost": 26249.07,
                          "Plan Rows": 8707,
                          "Plan Width": 4,
                          "Actual Startup Time": 5.279,
                          "Actual Total Time": 15.806,
                          "Actual Rows": 7360,
                          "Actual Loops": 4,
                          "Recheck Cond": "(keyword_id = 359)",
                          "Rows Removed by Index Recheck": 0,
                          "Exact Heap Blocks": 6623,
                          "Lossy Heap Blocks": 0,
                          "Plans": [
                            {
                              "Node Type": "Bitmap Index Scan",
                              "Parent Relationship": "Outer",
                              "Parallel Aware": false,
                              "Index Name": "keyword_id_movie_keyword",
                              "Startup Cost": 0.0,
                              "Total Cost": 566.88,
                              "Plan Rows": 26993,
                              "Plan Width": 0,
                              "Actual Startup Time": 3.503,
                              "Actual Total Time": 3.504,
                              "Actual Rows": 29440,
                              "Actual Loops": 1,
                              "Index Cond": "(keyword_id = 359)"
                            }
                          ]
                        },
                        {
                          "Node Type": "Hash",
                          "Parent Relationship": "Inner",
                          "Parallel Aware": true,
                          "Startup Cost": 38099.92,
                          "Total Cost": 38099.92,
                          "Plan Rows": 12047,
                          "Plan Width": 4,
                          "Actual Startup Time": 54.794,
                          "Actual Total Time": 54.795,
                          "Actual Rows": 16496,
                          "Actual Loops": 4,
                          "Hash Buckets": 65536,
                          "Original Hash Buckets": 65536,
                          "Hash Batches": 1,
                          "Original Hash Batches": 1,
                          "Peak Memory Usage": 3168,
                          "Plans": [
                            {
                              "Node Type": "Bitmap Heap Scan",
                              "Parent Relationship": "Outer",
                              "Parallel Aware": true,
                              "Relation Name": "title",
                              "Alias": "t",
                              "Startup Cost": 1738.77,
                              "Total Cost": 38099.92,
                              "Plan Rows": 12047,
                              "Plan Width": 4,
                              "Actual Startup Time": 13.188,
                              "Actual Total Time": 47.295,
                              "Actual Rows": 16496,
                              "Actual Loops": 4,
                              "Recheck Cond": "(kind_id = 3)",
                              "Rows Removed by Index Recheck": 0,
                              "Filter": "(production_year < 2004)",
                              "Rows Removed by Filter": 8639,
                              "Exact Heap Blocks": 6661,
                              "Lossy Heap Blocks": 0,
                              "Plans": [
                                {
                                  "Node Type": "Bitmap Index Scan",
                                  "Parent Relationship": "Outer",
                                  "Parallel Aware": false,
                                  "Index Name": "kind_id_title",
                                  "Startup Cost": 0.0,
                                  "Total Cost": 1726.72,
                                  "Plan Rows": 96839,
                                  "Plan Width": 0,
                                  "Actual Startup Time": 12.878,
                                  "Actual Total Time": 12.879,
                                  "Actual Rows": 100537,
                                  "Actual Loops": 1,
                                  "Index Cond": "(kind_id = 3)"
                                }
                              ]
                            }
                          ]
                        }
                      ]
                    },
                    {
                      "Node Type": "Index Scan",
                      "Parent Relationship": "Inner",
                      "Parallel Aware": false,
                      "Scan Direction": "Forward",
                      "Index Name": "movie_id_cast_info",
                      "Relation Name": "cast_info",
                      "Alias": "ci",
                      "Startup Cost": 0.56,
                      "Total Cost": 25.7,
                      "Plan Rows": 16,
                      "Plan Width": 4,
                      "Actual Startup Time": 0.024,
                      "Actual Total Time": 0.097,
                      "Actual Rows": 14,
                      "Actual Loops": 3697,
                      "Index Cond": "(movie_id = t.id)",
                      "Rows Removed by Index Recheck": 0,
                      "Filter": "((person_id > 608035) AND (role_id < 3))",
                      "Rows Removed by Filter": 15
                    }
                  ]
                }
              ]
            }
          ]
        }
      ]
    },
    "Planning Time": 1.361,
    "Triggers": [],
    "Execution Time": 202.538
  }
]