[
  {
    "Plan": {
      "Node Type": "Aggregate",
      "Strategy": "Plain",
      "Partial Mode": "Finalize",
      "Parallel Aware": false,
      "Startup Cost": 33013.98,
      "Total Cost": 33013.99,
      "Plan Rows": 1,
      "Plan Width": 8,
      "Actual Startup Time": 89.316,
      "Actual Total Time": 97.374,
      "Actual Rows": 1,
      "Actual Loops": 1,
      "Plans": [
        {
          "Node Type": "Gather",
          "Parent Relationship": "Outer",
          "Parallel Aware": false,
          "Startup Cost": 33013.67,
          "Total Cost": 33013.98,
          "Plan Rows": 3,
          "Plan Width": 8,
          "Actual Startup Time": 89.19,
          "Actual Total Time": 97.364,
          "Actual Rows": 4,
          "Actual Loops": 1,
          "Workers Planned": 3,
          "Workers Launched": 3,
          "Single Copy": false,
          "Plans": [
            {
              "Node Type": "Aggregate",
              "Strategy": "Plain",
              "Partial Mode": "Partial",
              "Parent Relationship": "Outer",
              "Parallel Aware": false,
              "Startup Cost": 32013.67,
              "Total Cost": 32013.68,
              "Plan Rows": 1,
              "Plan Width": 8,
              "Actual Startup Time": 81.956,
              "Actual Total Time": 81.957,
              "Actual Rows": 1,
              "Actual Loops": 4,
              "Plans": [
                {
                  "Node Type": "Seq Scan",
                  "Parent Relationship": "Outer",
                  "Parallel Aware": true,
                  "Relation Name": "movie_companies",
                  "Alias": "mc",
                  "Startup Cost": 0.0,
                  "Total Cost": 31414.82,
                  "Plan Rows": 239539,
                  "Plan Width": 0,
                  "Actual Startup Time": 43.542,
                  "Actual Total Time": 76.502,
                  "Actual Rows": 117062,
                  "Actual Loops": 4,
                  "Filter": "((company_id < 13165) AND (company_type_id > 1))",
                  "Rows Removed by Filter": 535220
                }
              ]
            }
          ]
        }
      ]
    },
    "Planning Time": 0.223,
    "Triggers": [],
    "Execution Time": 97.445
  }
]