[
  {
    "Plan": {
      "Node Type": "Aggregate",
      "Strategy": "Plain",
      "Partial Mode": "Finalize",
      "Parallel Aware": false,
      "Startup Cost": 33014.53,
      "Total Cost": 33014.54,
      "Plan Rows": 1,
      "Plan Width": 8,
      "Actual Startup Time": 100.255,
      "Actual Total Time": 108.188,
      "Actual Rows": 1,
      "Actual Loops": 1,
      "Plans": [
        {
          "Node Type": "Gather",
          "Parent Relationship": "Outer",
          "Parallel Aware": false,
          "Startup Cost": 33014.21,
          "Total Cost": 33014.52,
          "Plan Rows": 3,
          "Plan Width": 8,
          "Actual Startup Time": 100.123,
          "Actual Total Time": 108.178,
          "Actual Rows": 4,
          "Actual Loops": 1,
          "Workers Planned": 3,
          "Workers Launched": 3,
          "Single Copy": false,
          "Plans": [
            {
              "Node Type": "Aggregate",
              "Strategy": "Plain",
              "Partial Mode": "Partial",
              "Parent Relationship": "Outer",
              "Parallel Aware": false,
              "Startup Cost": 32014.21,
              "Total Cost": 32014.22,
              "Plan Rows": 1,
              "Plan Width": 8,
              "Actual Startup Time": 91.536,
              "Actual Total Time": 91.538,
              "Actual Rows": 1,
              "Actual Loops": 4,
              "Plans": [
                {
                  "Node Type": "Seq Scan",
                  "Parent Relationship": "Outer",
                  "Parallel Aware": true,
                  "Relation Name": "movie_companies",
                  "Alias": "mc",
                  "Startup Cost": 0.0,
                  "Total Cost": 31414.82,
                  "Plan Rows": 239756,
                  "Plan Width": 0,
                  "Actual Startup Time": 52.964,
                  "Actual Total Time": 86.2,
                  "Actual Rows": 117062,
                  "Actual Loops": 4,
                  "Filter": "((company_id < 13165) AND (company_type_id > 1))",
                  "Rows Removed by Filter": 535220
                }
              ]
            }
          ]
        }
      ]
    },
    "Planning Time": 0.182,
    "Triggers": [],
    "Execution Time": 108.239
  }
]