[
  {
    "Plan": {
      "Node Type": "Aggregate",
      "Strategy": "Plain",
      "Partial Mode": "Finalize",
      "Parallel Aware": false,
      "Startup Cost": 93963.35,
      "Total Cost": 93963.36,
      "Plan Rows": 1,
      "Plan Width": 8,
      "Actual Startup Time": 419.11,
      "Actual Total Time": 437.56,
      "Actual Rows": 1,
      "Actual Loops": 1,
      "Plans": [
        {
          "Node Type": "Gather",
          "Parent Relationship": "Outer",
          "Parallel Aware": false,
          "Startup Cost": 93963.03,
          "Total Cost": 93963.34,
          "Plan Rows": 3,
          "Plan Width": 8,
          "Actual Startup Time": 417.127,
          "Actual Total Time": 437.548,
          "Actual Rows": 4,
          "Actual Loops": 1,
          "Workers Planned": 3,
          "Workers Launched": 3,
          "Single Copy": false,
          "Plans": [
            {
              "Node Type": "Aggregate",
              "Strategy": "Plain",
              "Partial Mode": "Partial",
              "Parent Relationship": "Outer",
              "Parallel Aware": false,
              "Startup Cost": 92963.03,
              "Total Cost": 92963.04,
              "Plan Rows": 1,
              "Plan Width": 8,
              "Actual Startup Time": 406.974,
              "Actual Total Time": 407.073,
              "Actual Rows": 1,
              "Actual Loops": 4,
              "Plans": [
                {
                  "Node Type": "Hash Join",
                  "Parent Relationship": "Outer",
                  "Parallel Aware": true,
                  "Join Type": "Inner",
                  "Startup Cost": 62275.2,
                  "Total Cost": 92841.13,
                  "Plan Rows": 48762,
                  "Plan Width": 0,
                  "Actual Startup Time": 262.292,
                  "Actual Total Time": 398.895,
                  "Actual Rows": 160641,
                  "Actual Loops": 4,
                  "Inner Unique": false,
                  "Hash Cond": "(mc.movie_id = t.id)",
                  "Plans": [
                    {
                      "Node Type": "Seq Scan",
                      "Parent Relationship": "Outer",
                      "Parallel Aware": true,
                      "Relation Name": "movie_companies",
                      "Alias": "mc",
                      "Startup Cost": 0.0,
                      "Total Cost": 27206.55,
                      "Plan Rows": 841655,
                      "Plan Width": 4,
                      "Actual Startup Time": 0.024,
                      "Actual Total Time": 68.731,
                      "Actual Rows": 652282,
                      "Actual Loops": 4
                    },
                    {
                      "Node Type": "Hash",
                      "Parent Relationship": "Inner",
                      "Parallel Aware": true,
                      "Startup Cost": 61512.28,
                      "Total Cost": 61512.28,
                      "Plan Rows": 61033,
                      "Plan Width": 8,
                      "Actual Startup Time": 232.939,
                      "Actual Total Time": 233.037,
                      "Actual Rows": 43530,
                      "Actual Loops": 4,
                      "Hash Buckets": 262144,
                      "Original Hash Buckets": 262144,
                      "Hash Batches": 1,
                      "Original Hash Batches": 1,
                      "Peak Memory Usage": 8928,
                      "Plans": [
                        {
                          "Node Type": "Hash Join",
                          "Parent Relationship": "Outer",
                          "Parallel Aware": true,
                          "Join Type": "Inner",
                          "Startup Cost": 46317.72,
                          "Total Cost": 61512.28,
                          "Plan Rows": 61033,
                          "Plan Width": 8,
                          "Actual Startup Time": 169.298,
                          "Actual Total Time": 220.943,
                          "Actual Rows": 43530,
                          "Actual Loops": 4,
                          "Inner Unique": true,
                          "Hash Cond": "(mi_idx.movie_id = t.id)",
                          "Plans": [
                            {
                              "Node Type": "Seq Scan",
                              "Parent Relationship": "Outer",
                              "Parallel Aware": true,
                              "Relation Name": "movie_info_idx",
                              "Alias": "mi_idx",
                              "Startup Cost": 0.0,
                              "Total Cost": 13685.15,
                              "Plan Rows": 575015,
                              "Plan Width": 4,
                              "Actual Startup Time": 0.026,
                              "Actual Total Time": 34.025,
                              "Actual Rows": 345009,
                              "Actual Loops": 4
                            },
                            {
                              "Node Type": "Hash",
                              "Parent Relationship": "Inner",
                              "Parallel Aware": true,
                              "Startup Cost": 45479.1,
                              "Total Cost": 45479.1,
                              "Plan Rows": 67090,
                              "Plan Width": 4,
                              "Actual Startup Time": 136.454,
                              "Actual Total Time": 136.455,
                              "Actual Rows": 54070,
                              "Actual Loops": 4,
                              "Hash Buckets": 524288,
                              "Original Hash Buckets": 524288,
                              "Hash Batches": 1,
                              "Original Hash Batches": 1,
                              "Peak Memory Usage": 12608,
                              "Plans": [
                                {
                                  "Node Type": "Seq Scan",
                                  "Parent Relationship": "Outer",
                                  "Parallel Aware": true,
                                  "Relation Name": "title",
                                  "Alias": "t",
                                  "Startup Cost": 0.0,
                                  "Total Cost": 45479.1,
                                  "Plan Rows": 67090,
                                  "Plan Width": 4,
                                  "Actual Startup Time": 53.962,
                                  "Actual Total Time": 114.779,
                                  "Actual Rows": 54070,
                                  "Actual Loops": 4,
                                  "Filter": "((production_year > 2005) AND (kind_id = 1))",
                                  "Rows Removed by Filter": 578008
                                }
                              ]
                            }
                          ]
                        }
                      ]
                    }
                  ]
                }
              ]
            }
          ]
        }
      ]
    },
    "Planning Time": 1.364,
    "Triggers": [],
    "Execution Time": 437.642
  }
]