{
  "Plan": {
    "Node Type": "Aggregate",
    "Strategy": "Plain",
    "Partial Mode": "Finalize",
    "Parallel Aware": false,
    "Startup Cost": 1747897.23,
    "Total Cost": 1747897.24,
    "Plan Rows": 1,
    "Plan Width": 8,
    "Actual Startup Time": 7429.338,
    "Actual Total Time": 7505.464,
    "Actual Rows": 1,
    "Actual Loops": 1,
    "Plans": [
      {
        "Node Type": "Gather",
        "Parent Relationship": "Outer",
        "Parallel Aware": false,
        "Startup Cost": 1747897.12,
        "Total Cost": 1747897.23,
        "Plan Rows": 1,
        "Plan Width": 8,
        "Actual Startup Time": 7420.576,
        "Actual Total Time": 7505.457,
        "Actual Rows": 2,
        "Actual Loops": 1,
        "Workers Planned": 1,
        "Workers Launched": 1,
        "Single Copy": false,
        "Plans": [
          {
            "Node Type": "Aggregate",
            "Strategy": "Plain",
            "Partial Mode": "Partial",
            "Parent Relationship": "Outer",
            "Parallel Aware": false,
            "Startup Cost": 1746897.12,
            "Total Cost": 1746897.13,
            "Plan Rows": 1,
            "Plan Width": 8,
            "Actual Startup Time": 7414.15,
            "Actual Total Time": 7414.153,
            "Actual Rows": 1,
            "Actual Loops": 2,
            "Plans": [
              {
                "Node Type": "Merge Join",
                "Parent Relationship": "Outer",
                "Parallel Aware": false,
                "Join Type": "Inner",
                "Startup Cost": 476413.46,
                "Total Cost": 1734597.28,
                "Plan Rows": 4919938,
                "Plan Width": 0,
                "Actual Startup Time": 664.791,
                "Actual Total Time": 6991.177,
                "Actual Rows": 10089850,
                "Actual Loops": 2,
                "Inner Unique": false,
                "Merge Cond": "(mi.movie_id = t.id)",
                "Plans": [
                  {
                    "Node Type": "Index Only Scan",
                    "Parent Relationship": "Outer",
                    "Parallel Aware": true,
                    "Scan Direction": "Forward",
                    "Index Name": "movie_id_movie_info",
                    "Relation Name": "movie_info",
                    "Alias": "mi",
                    "Startup Cost": 0.43,
                    "Total Cost": 1018223.42,
                    "Plan Rows": 8696274,
                    "Plan Width": 4,
                    "Actual Startup Time": 0.097,
                    "Actual Total Time": 2447.309,
                    "Actual Rows": 7417260,
                    "Actual Loops": 2,
                    "Heap Fetches": 14834520
                  },
                  {
                    "Node Type": "Materialize",
                    "Parent Relationship": "Inner",
                    "Parallel Aware": false,
                    "Startup Cost": 476409.85,
                    "Total Cost": 624524.39,
                    "Plan Rows": 1430388,
                    "Plan Width": 8,
                    "Actual Startup Time": 664.36,
                    "Actual Total Time": 3157.635,
                    "Actual Rows": 10838635,
                    "Actual Loops": 2,
                    "Plans": [
                      {
                        "Node Type": "Merge Join",
                        "Parent Relationship": "Outer",
                        "Parallel Aware": false,
                        "Join Type": "Inner",
                        "Startup Cost": 476409.85,
                        "Total Cost": 620948.42,
                        "Plan Rows": 1430388,
                        "Plan Width": 8,
                        "Actual Startup Time": 664.351,
                        "Actual Total Time": 2606.122,
                        "Actual Rows": 1499980,
                        "Actual Loops": 2,
                        "Inner Unique": false,
                        "Merge Cond": "(t.id = ci.movie_id)",
                        "Plans": [
                          {
                            "Node Type": "Index Scan",
                            "Parent Relationship": "Outer",
                            "Parallel Aware": false,
                            "Scan Direction": "Forward",
                            "Index Name": "title_pkey",
                            "Relation Name": "title",
                            "Alias": "t",
                            "Startup Cost": 0.43,
                            "Total Cost": 116660.7,
                            "Plan Rows": 2226630,
                            "Plan Width": 4,
                            "Actual Startup Time": 0.082,
                            "Actual Total Time": 1305.646,
                            "Actual Rows": 2223481,
                            "Actual Loops": 2,
                            "Filter": "(production_year < 2012)",
                            "Rows Removed by Filter": 302490
                          },
                          {
                            "Node Type": "Sort",
                            "Parent Relationship": "Inner",
                            "Parallel Aware": false,
                            "Startup Cost": 476409.25,
                            "Total Cost": 480469.69,
                            "Plan Rows": 1624176,
                            "Plan Width": 4,
                            "Actual Startup Time": 664.228,
                            "Actual Total Time": 941.525,
                            "Actual Rows": 1658443,
                            "Actual Loops": 2,
                            "Sort Key": [
                              "ci.movie_id"
                            ],
                            "Sort Method": "quicksort",
                            "Sort Space Used": 126892,
                            "Sort Space Type": "Memory",
                            "Workers": [
                              {
                                "Worker Number": 0,
                                "Sort Method": "quicksort",
                                "Sort Space Used": 126892,
                                "Sort Space Type": "Memory"
                              }
                            ],
                            "Plans": [
                              {
                                "Node Type": "Bitmap Heap Scan",
                                "Parent Relationship": "Outer",
                                "Parallel Aware": false,
                                "Relation Name": "cast_info",
                                "Alias": "ci",
                                "Startup Cost": 35875.93,
                                "Total Cost": 308865.13,
                                "Plan Rows": 1624176,
                                "Plan Width": 4,
                                "Actual Startup Time": 79.828,
                                "Actual Total Time": 261.268,
                                "Actual Rows": 1658443,
                                "Actual Loops": 2,
                                "Recheck Cond": "(person_id < 165430)",
                                "Rows Removed by Index Recheck": 0,
                                "Exact Heap Blocks": 17378,
                                "Lossy Heap Blocks": 0,
                                "Plans": [
                                  {
                                    "Node Type": "Bitmap Index Scan",
                                    "Parent Relationship": "Outer",
                                    "Parallel Aware": false,
                                    "Index Name": "person_id_cast_info",
                                    "Startup Cost": 0.0,
                                    "Total Cost": 35469.89,
                                    "Plan Rows": 1624176,
                                    "Plan Width": 0,
                                    "Actual Startup Time": 77.607,
                                    "Actual Total Time": 77.607,
                                    "Actual Rows": 1658443,
                                    "Actual Loops": 2,
                                    "Index Cond": "(person_id < 165430)"
                                  }
                                ]
                              }
                            ]
                          }
                        ]
                      }
                    ]
                  }
                ]
              }
            ]
          }
        ]
      }
    ]
  },
  "Planning Time": 1.086,
  "Triggers": [],
  "Execution Time": 7523.807
}