[
  {
    "Plan": {
      "Node Type": "Aggregate",
      "Strategy": "Plain",
      "Partial Mode": "Finalize",
      "Parallel Aware": false,
      "Startup Cost": 75260.82,
      "Total Cost": 75260.83,
      "Plan Rows": 1,
      "Plan Width": 8,
      "Actual Startup Time": 171.072,
      "Actual Total Time": 182.019,
      "Actual Rows": 1,
      "Actual Loops": 1,
      "Plans": [
        {
          "Node Type": "Gather",
          "Parent Relationship": "Outer",
          "Parallel Aware": false,
          "Startup Cost": 75260.51,
          "Total Cost": 75260.82,
          "Plan Rows": 3,
          "Plan Width": 8,
          "Actual Startup Time": 169.004,
          "Actual Total Time": 182.011,
          "Actual Rows": 4,
          "Actual Loops": 1,
          "Workers Planned": 3,
          "Workers Launched": 3,
          "Single Copy": false,
          "Plans": [
            {
              "Node Type": "Aggregate",
              "Strategy": "Plain",
              "Partial Mode": "Partial",
              "Parent Relationship": "Outer",
              "Parallel Aware": false,
              "Startup Cost": 74260.51,
              "Total Cost": 74260.52,
              "Plan Rows": 1,
              "Plan Width": 8,
              "Actual Startup Time": 159.361,
              "Actual Total Time": 159.365,
              "Actual Rows": 1,
              "Actual Loops": 4,
              "Plans": [
                {
                  "Node Type": "Nested Loop",
                  "Parent Relationship": "Outer",
                  "Parallel Aware": false,
                  "Join Type": "Inner",
                  "Startup Cost": 31558.97,
                  "Total Cost": 74258.14,
                  "Plan Rows": 947,
                  "Plan Width": 0,
                  "Actual Startup Time": 107.539,
                  "Actual Total Time": 158.997,
                  "Actual Rows": 3259,
                  "Actual Loops": 4,
                  "Inner Unique": true,
                  "Plans": [
                    {
                      "Node Type": "Hash Join",
                      "Parent Relationship": "Outer",
                      "Parallel Aware": true,
                      "Join Type": "Inner",
                      "Startup Cost": 31558.54,
                      "Total Cost": 56505.53,
                      "Plan Rows": 19032,
                      "Plan Width": 8,
                      "Actual Startup Time": 107.345,
                      "Actual Total Time": 134.52,
                      "Actual Rows": 4061,
                      "Actual Loops": 4,
                      "Inner Unique": false,
                      "Hash Cond": "(mk.movie_id = mc.movie_id)",
                      "Plans": [
                        {
                          "Node Type": "Bitmap Heap Scan",
                          "Parent Relationship": "Outer",
                          "Parallel Aware": true,
                          "Relation Name": "movie_keyword",
                          "Alias": "mk",
                          "Startup Cost": 1624.95,
                          "Total Cost": 26387.23,
                          "Plan Rows": 24663,
                          "Plan Width": 4,
                          "Actual Startup Time": 7.779,
                          "Actual Total Time": 28.569,
                          "Actual Rows": 18124,
                          "Actual Loops": 4,
                          "Recheck Cond": "(keyword_id = 335)",
                          "Rows Removed by Index Recheck": 0,
                          "Exact Heap Blocks": 7852,
                          "Lossy Heap Blocks": 0,
                          "Plans": [
                            {
                              "Node Type": "Bitmap Index Scan",
                              "Parent Relationship": "Outer",
                              "Parallel Aware": false,
                              "Index Name": "keyword_id_movie_keyword",
                              "Startup Cost": 0.0,
                              "Total Cost": 1605.84,
                              "Plan Rows": 76454,
                              "Plan Width": 0,
                              "Actual Startup Time": 5.462,
                              "Actual Total Time": 5.462,
                              "Actual Rows": 72496,
                              "Actual Loops": 1,
                              "Index Cond": "(keyword_id = 335)"
                            }
                          ]
                        },
                        {
                          "Node Type": "Hash",
                          "Parent Relationship": "Inner",
                          "Parallel Aware": true,
                          "Startup Cost": 28422.33,
                          "Total Cost": 28422.33,
                          "Plan Rows": 120901,
                          "Plan Width": 4,
                          "Actual Startup Time": 94.998,
                          "Actual Total Time": 94.999,
                          "Actual Rows": 94753,
                          "Actual Loops": 4,
                          "Hash Buckets": 524288,
                          "Original Hash Buckets": 524288,
                          "Hash Batches": 1,
                          "Original Hash Batches": 1,
                          "Peak Memory Usage": 19008,
                          "Plans": [
                            {
                              "Node Type": "Bitmap Heap Scan",
                              "Parent Relationship": "Outer",
                              "Parallel Aware": true,
                              "Relation Name": "movie_companies",
                              "Alias": "mc",
                              "Startup Cost": 8121.07,
                              "Total Cost": 28422.33,
                              "Plan Rows": 120901,
                              "Plan Width": 4,
                              "Actual Startup Time": 32.236,
                              "Actual Total Time": 64.56,
                              "Actual Rows": 94753,
                              "Actual Loops": 4,
                              "Recheck Cond": "(company_id > 84407)",
                              "Rows Removed by Index Recheck": 0,
                              "Exact Heap Blocks": 2789,
                              "Lossy Heap Blocks": 0,
                              "Plans": [
                                {
                                  "Node Type": "Bitmap Index Scan",
                                  "Parent Relationship": "Outer",
                                  "Parallel Aware": false,
                                  "Index Name": "company_id_movie_companies",
                                  "Startup Cost": 0.0,
                                  "Total Cost": 8027.37,
                                  "Plan Rows": 374792,
                                  "Plan Width": 0,
                                  "Actual Startup Time": 31.89,
                                  "Actual Total Time": 31.89,
                                  "Actual Rows": 379011,
                                  "Actual Loops": 1,
                                  "Index Cond": "(company_id > 84407)"
                                }
                              ]
                            }
                          ]
                        }
                      ]
                    },
                    {
                      "Node Type": "Index Scan",
                      "Parent Relationship": "Inner",
                      "Parallel Aware": false,
                      "Scan Direction": "Forward",
                      "Index Name": "title_pkey",
                      "Relation Name": "title",
                      "Alias": "t",
                      "Startup Cost": 0.43,
                      "Total Cost": 0.93,
                      "Plan Rows": 1,
                      "Plan Width": 4,
                      "Actual Startup Time": 0.006,
                      "Actual Total Time": 0.006,
                      "Actual Rows": 1,
                      "Actual Loops": 16243,
                      "Index Cond": "(id = mc.movie_id)",
                      "Rows Removed by Index Recheck": 0,
                      "Filter": "((kind_id < 7) AND (production_year < 2008))",
                      "Rows Removed by Filter": 0
                    }
                  ]
                }
              ]
            }
          ]
        }
      ]
    },
    "Planning Time": 1.519,
    "Triggers": [],
    "Execution Time": 182.144
  }
]