[
  {
    "Plan": {
      "Node Type": "Aggregate",
      "Strategy": "Plain",
      "Partial Mode": "Simple",
      "Parallel Aware": false,
      "Startup Cost": 7052.99,
      "Total Cost": 7053.0,
      "Plan Rows": 1,
      "Plan Width": 8,
      "Actual Startup Time": 4.481,
      "Actual Total Time": 4.483,
      "Actual Rows": 1,
      "Actual Loops": 1,
      "Plans": [
        {
          "Node Type": "Index Scan",
          "Parent Relationship": "Outer",
          "Parallel Aware": false,
          "Scan Direction": "Forward",
          "Index Name": "company_id_movie_companies",
          "Relation Name": "movie_companies",
          "Alias": "mc",
          "Startup Cost": 0.43,
          "Total Cost": 7049.32,
          "Plan Rows": 1467,
          "Plan Width": 0,
          "Actual Startup Time": 4.207,
          "Actual Total Time": 4.461,
          "Actual Rows": 50,
          "Actual Loops": 1,
          "Index Cond": "(company_id = 425)",
          "Rows Removed by Index Recheck": 0,
          "Filter": "(company_type_id = 2)",
          "Rows Removed by Filter": 1918
        }
      ]
    },
    "Planning Time": 0.23,
    "Triggers": [],
    "Execution Time": 4.541
  }
]