[
    {
        "Bao": {
            "Bao prediction": "NaN",
            "Bao recommended hint": "(no hint)"
        }
    },
    {
        "Plan": {
            "Node Type": "Aggregate",
            "Strategy": "Plain",
            "Partial Mode": "Finalize",
            "Parallel Aware": false,
            "Startup Cost": 343318.43,
            "Total Cost": 343318.44,
            "Plan Rows": 1,
            "Plan Width": 8,
            "Actual Startup Time": 796.188,
            "Actual Total Time": 820.067,
            "Actual Rows": 1,
            "Actual Loops": 1,
            "Output": [
                "count(*)"
            ],
            "Plans": [
                {
                    "Node Type": "Gather",
                    "Parent Relationship": "Outer",
                    "Parallel Aware": false,
                    "Startup Cost": 343317.8,
                    "Total Cost": 343318.41,
                    "Plan Rows": 6,
                    "Plan Width": 8,
                    "Actual Startup Time": 796.073,
                    "Actual Total Time": 820.057,
                    "Actual Rows": 7,
                    "Actual Loops": 1,
                    "Output": [
                        "(PARTIAL count(*))"
                    ],
                    "Workers Planned": 6,
                    "Workers Launched": 6,
                    "Single Copy": false,
                    "Plans": [
                        {
                            "Node Type": "Aggregate",
                            "Strategy": "Plain",
                            "Partial Mode": "Partial",
                            "Parent Relationship": "Outer",
                            "Parallel Aware": false,
                            "Startup Cost": 342317.8,
                            "Total Cost": 342317.81,
                            "Plan Rows": 1,
                            "Plan Width": 8,
                            "Actual Startup Time": 786.287,
                            "Actual Total Time": 786.288,
                            "Actual Rows": 1,
                            "Actual Loops": 7,
                            "Output": [
                                "PARTIAL count(*)"
                            ],
                            "Workers": [
                                {
                                    "Worker Number": 0,
                                    "Actual Startup Time": 784.094,
                                    "Actual Total Time": 784.094,
                                    "Actual Rows": 1,
                                    "Actual Loops": 1
                                },
                                {
                                    "Worker Number": 1,
                                    "Actual Startup Time": 784.175,
                                    "Actual Total Time": 784.176,
                                    "Actual Rows": 1,
                                    "Actual Loops": 1
                                },
                                {
                                    "Worker Number": 2,
                                    "Actual Startup Time": 784.705,
                                    "Actual Total Time": 784.706,
                                    "Actual Rows": 1,
                                    "Actual Loops": 1
                                },
                                {
                                    "Worker Number": 3,
                                    "Actual Startup Time": 784.871,
                                    "Actual Total Time": 784.872,
                                    "Actual Rows": 1,
                                    "Actual Loops": 1
                                },
                                {
                                    "Worker Number": 4,
                                    "Actual Startup Time": 785.235,
                                    "Actual Total Time": 785.235,
                                    "Actual Rows": 1,
                                    "Actual Loops": 1
                                },
                                {
                                    "Worker Number": 5,
                                    "Actual Startup Time": 785.567,
                                    "Actual Total Time": 785.568,
                                    "Actual Rows": 1,
                                    "Actual Loops": 1
                                }
                            ],
                            "Plans": [
                                {
                                    "Node Type": "Seq Scan",
                                    "Parent Relationship": "Outer",
                                    "Parallel Aware": true,
                                    "Relation Name": "cast_info",
                                    "Schema": "public",
                                    "Alias": "ci",
                                    "Startup Cost": 0.0,
                                    "Total Cost": 328213.62,
                                    "Plan Rows": 5641675,
                                    "Plan Width": 0,
                                    "Actual Startup Time": 39.289,
                                    "Actual Total Time": 588.472,
                                    "Actual Rows": 4834112,
                                    "Actual Loops": 7,
                                    "Output": [
                                        "id",
                                        "person_id",
                                        "movie_id",
                                        "person_role_id",
                                        "note",
                                        "nr_order",
                                        "role_id"
                                    ],
                                    "Filter": "(ci.person_id > 233881)",
                                    "Rows Removed by Filter": 343651,
                                    "Workers": [
                                        {
                                            "Worker Number": 0,
                                            "Actual Startup Time": 37.101,
                                            "Actual Total Time": 592.201,
                                            "Actual Rows": 4718936,
                                            "Actual Loops": 1
                                        },
                                        {
                                            "Worker Number": 1,
                                            "Actual Startup Time": 37.181,
                                            "Actual Total Time": 592.033,
                                            "Actual Rows": 4725415,
                                            "Actual Loops": 1
                                        },
                                        {
                                            "Worker Number": 2,
                                            "Actual Startup Time": 37.709,
                                            "Actual Total Time": 591.177,
                                            "Actual Rows": 4536980,
                                            "Actual Loops": 1
                                        },
                                        {
                                            "Worker Number": 3,
                                            "Actual Startup Time": 37.859,
                                            "Actual Total Time": 591.12,
                                            "Actual Rows": 4540060,
                                            "Actual Loops": 1
                                        },
                                        {
                                            "Worker Number": 4,
                                            "Actual Startup Time": 38.24,
                                            "Actual Total Time": 593.586,
                                            "Actual Rows": 4713679,
                                            "Actual Loops": 1
                                        },
                                        {
                                            "Worker Number": 5,
                                            "Actual Startup Time": 38.567,
                                            "Actual Total Time": 591.798,
                                            "Actual Rows": 4549901,
                                            "Actual Loops": 1
                                        }
                                    ]
                                }
                            ]
                        }
                    ]
                }
            ]
        },
        "Planning Time": 194.539,
        "Triggers": [],
        "Execution Time": 820.148
    }
]