{
    "Plan": {
        "Node Type": "Aggregate",
        "Strategy": "Plain",
        "Partial Mode": "Finalize",
        "Parallel Aware": false,
        "Startup Cost": 247352.79,
        "Total Cost": 247352.8,
        "Plan Rows": 1,
        "Plan Width": 8,
        "Actual Startup Time": 738.245,
        "Actual Total Time": 779.85,
        "Actual Rows": 1,
        "Actual Loops": 1,
        "Output": [
            "count(*)"
        ],
        "Plans": [
            {
                "Node Type": "Gather",
                "Parent Relationship": "Outer",
                "Parallel Aware": false,
                "Startup Cost": 247352.27,
                "Total Cost": 247352.78,
                "Plan Rows": 5,
                "Plan Width": 8,
                "Actual Startup Time": 735.207,
                "Actual Total Time": 779.839,
                "Actual Rows": 6,
                "Actual Loops": 1,
                "Output": [
                    "(PARTIAL count(*))"
                ],
                "Workers Planned": 5,
                "Workers Launched": 5,
                "Single Copy": false,
                "Plans": [
                    {
                        "Node Type": "Aggregate",
                        "Strategy": "Plain",
                        "Partial Mode": "Partial",
                        "Parent Relationship": "Outer",
                        "Parallel Aware": false,
                        "Startup Cost": 246352.27,
                        "Total Cost": 246352.28,
                        "Plan Rows": 1,
                        "Plan Width": 8,
                        "Actual Startup Time": 725.828,
                        "Actual Total Time": 725.831,
                        "Actual Rows": 1,
                        "Actual Loops": 6,
                        "Output": [
                            "PARTIAL count(*)"
                        ],
                        "Workers": [
                            {
                                "Worker Number": 0,
                                "Actual Startup Time": 722.793,
                                "Actual Total Time": 722.796,
                                "Actual Rows": 1,
                                "Actual Loops": 1
                            },
                            {
                                "Worker Number": 1,
                                "Actual Startup Time": 723.471,
                                "Actual Total Time": 723.474,
                                "Actual Rows": 1,
                                "Actual Loops": 1
                            },
                            {
                                "Worker Number": 2,
                                "Actual Startup Time": 724.396,
                                "Actual Total Time": 724.398,
                                "Actual Rows": 1,
                                "Actual Loops": 1
                            },
                            {
                                "Worker Number": 3,
                                "Actual Startup Time": 723.735,
                                "Actual Total Time": 723.737,
                                "Actual Rows": 1,
                                "Actual Loops": 1
                            },
                            {
                                "Worker Number": 4,
                                "Actual Startup Time": 725.951,
                                "Actual Total Time": 725.954,
                                "Actual Rows": 1,
                                "Actual Loops": 1
                            }
                        ],
                        "Plans": [
                            {
                                "Node Type": "Hash Join",
                                "Parent Relationship": "Outer",
                                "Parallel Aware": true,
                                "Join Type": "Inner",
                                "Startup Cost": 46318.73,
                                "Total Cost": 245568.36,
                                "Plan Rows": 313563,
                                "Plan Width": 0,
                                "Actual Startup Time": 101.767,
                                "Actual Total Time": 707.289,
                                "Actual Rows": 430673,
                                "Actual Loops": 6,
                                "Inner Unique": true,
                                "Hash Cond": "(mi.movie_id = t.id)",
                                "Workers": [
                                    {
                                        "Worker Number": 0,
                                        "Actual Startup Time": 98.777,
                                        "Actual Total Time": 705.078,
                                        "Actual Rows": 407452,
                                        "Actual Loops": 1
                                    },
                                    {
                                        "Worker Number": 1,
                                        "Actual Startup Time": 99.436,
                                        "Actual Total Time": 705.602,
                                        "Actual Rows": 421944,
                                        "Actual Loops": 1
                                    },
                                    {
                                        "Worker Number": 2,
                                        "Actual Startup Time": 100.344,
                                        "Actual Total Time": 706.332,
                                        "Actual Rows": 423717,
                                        "Actual Loops": 1
                                    },
                                    {
                                        "Worker Number": 3,
                                        "Actual Startup Time": 99.696,
                                        "Actual Total Time": 705.723,
                                        "Actual Rows": 423870,
                                        "Actual Loops": 1
                                    },
                                    {
                                        "Worker Number": 4,
                                        "Actual Startup Time": 101.741,
                                        "Actual Total Time": 708.301,
                                        "Actual Rows": 404601,
                                        "Actual Loops": 1
                                    }
                                ],
                                "Plans": [
                                    {
                                        "Node Type": "Seq Scan",
                                        "Parent Relationship": "Outer",
                                        "Parallel Aware": true,
                                        "Relation Name": "movie_info",
                                        "Schema": "public",
                                        "Alias": "mi",
                                        "Startup Cost": 0.0,
                                        "Total Cost": 191503.19,
                                        "Plan Rows": 2951019,
                                        "Plan Width": 4,
                                        "Actual Startup Time": 0.025,
                                        "Actual Total Time": 287.746,
                                        "Actual Rows": 2472620,
                                        "Actual Loops": 6,
                                        "Output": [
                                            "mi.id",
                                            "mi.movie_id",
                                            "mi.info_type_id",
                                            "mi.info",
                                            "mi.note"
                                        ],
                                        "Workers": [
                                            {
                                                "Worker Number": 0,
                                                "Actual Startup Time": 0.029,
                                                "Actual Total Time": 299.111,
                                                "Actual Rows": 2330904,
                                                "Actual Loops": 1
                                            },
                                            {
                                                "Worker Number": 1,
                                                "Actual Startup Time": 0.022,
                                                "Actual Total Time": 292.48,
                                                "Actual Rows": 2427182,
                                                "Actual Loops": 1
                                            },
                                            {
                                                "Worker Number": 2,
                                                "Actual Startup Time": 0.032,
                                                "Actual Total Time": 290.234,
                                                "Actual Rows": 2409428,
                                                "Actual Loops": 1
                                            },
                                            {
                                                "Worker Number": 3,
                                                "Actual Startup Time": 0.033,
                                                "Actual Total Time": 291.722,
                                                "Actual Rows": 2426882,
                                                "Actual Loops": 1
                                            },
                                            {
                                                "Worker Number": 4,
                                                "Actual Startup Time": 0.027,
                                                "Actual Total Time": 298.004,
                                                "Actual Rows": 2310718,
                                                "Actual Loops": 1
                                            }
                                        ]
                                    },
                                    {
                                        "Node Type": "Hash",
                                        "Parent Relationship": "Inner",
                                        "Parallel Aware": true,
                                        "Startup Cost": 45479.21,
                                        "Total Cost": 45479.21,
                                        "Plan Rows": 67162,
                                        "Plan Width": 4,
                                        "Actual Startup Time": 89.168,
                                        "Actual Total Time": 89.169,
                                        "Actual Rows": 36047,
                                        "Actual Loops": 6,
                                        "Output": [
                                            "t.id"
                                        ],
                                        "Hash Buckets": 524288,
                                        "Original Hash Buckets": 524288,
                                        "Hash Batches": 1,
                                        "Original Hash Batches": 1,
                                        "Peak Memory Usage": 12640,
                                        "Workers": [
                                            {
                                                "Worker Number": 0,
                                                "Actual Startup Time": 87.812,
                                                "Actual Total Time": 87.812,
                                                "Actual Rows": 33916,
                                                "Actual Loops": 1
                                            },
                                            {
                                                "Worker Number": 1,
                                                "Actual Startup Time": 88.459,
                                                "Actual Total Time": 88.459,
                                                "Actual Rows": 35740,
                                                "Actual Loops": 1
                                            },
                                            {
                                                "Worker Number": 2,
                                                "Actual Startup Time": 89.465,
                                                "Actual Total Time": 89.466,
                                                "Actual Rows": 35017,
                                                "Actual Loops": 1
                                            },
                                            {
                                                "Worker Number": 3,
                                                "Actual Startup Time": 88.78,
                                                "Actual Total Time": 88.781,
                                                "Actual Rows": 35480,
                                                "Actual Loops": 1
                                            },
                                            {
                                                "Worker Number": 4,
                                                "Actual Startup Time": 90.814,
                                                "Actual Total Time": 90.815,
                                                "Actual Rows": 33693,
                                                "Actual Loops": 1
                                            }
                                        ],
                                        "Plans": [
                                            {
                                                "Node Type": "Seq Scan",
                                                "Parent Relationship": "Outer",
                                                "Parallel Aware": true,
                                                "Relation Name": "title",
                                                "Schema": "public",
                                                "Alias": "t",
                                                "Startup Cost": 0.0,
                                                "Total Cost": 45479.21,
                                                "Plan Rows": 67162,
                                                "Plan Width": 4,
                                                "Actual Startup Time": 41.91,
                                                "Actual Total Time": 76.083,
                                                "Actual Rows": 36047,
                                                "Actual Loops": 6,
                                                "Output": [
                                                    "t.id"
                                                ],
                                                "Filter": "((t.production_year > 2005) AND (t.kind_id = 1))",
                                                "Rows Removed by Filter": 385338,
                                                "Workers": [
                                                    {
                                                        "Worker Number": 0,
                                                        "Actual Startup Time": 47.936,
                                                        "Actual Total Time": 75.408,
                                                        "Actual Rows": 33916,
                                                        "Actual Loops": 1
                                                    },
                                                    {
                                                        "Worker Number": 1,
                                                        "Actual Startup Time": 48.51,
                                                        "Actual Total Time": 75.969,
                                                        "Actual Rows": 35740,
                                                        "Actual Loops": 1
                                                    },
                                                    {
                                                        "Worker Number": 2,
                                                        "Actual Startup Time": 7.216,
                                                        "Actual Total Time": 76.279,
                                                        "Actual Rows": 35017,
                                                        "Actual Loops": 1
                                                    },
                                                    {
                                                        "Worker Number": 3,
                                                        "Actual Startup Time": 48.648,
                                                        "Actual Total Time": 76.03,
                                                        "Actual Rows": 35480,
                                                        "Actual Loops": 1
                                                    },
                                                    {
                                                        "Worker Number": 4,
                                                        "Actual Startup Time": 49.441,
                                                        "Actual Total Time": 77.135,
                                                        "Actual Rows": 33693,
                                                        "Actual Loops": 1
                                                    }
                                                ]
                                            }
                                        ]
                                    }
                                ]
                            }
                        ]
                    }
                ]
            }
        ]
    },
    "Planning Time": 0.473,
    "Triggers": [],
    "Execution Time": 779.932
}