[
  {
    "Plan": {
      "Node Type": "Aggregate",
      "Strategy": "Plain",
      "Partial Mode": "Finalize",
      "Parallel Aware": false,
      "Startup Cost": 341210.98,
      "Total Cost": 341210.99,
      "Plan Rows": 1,
      "Plan Width": 8,
      "Actual Startup Time": 460.333,
      "Actual Total Time": 481.148,
      "Actual Rows": 1,
      "Actual Loops": 1,
      "Plans": [
        {
          "Node Type": "Gather",
          "Parent Relationship": "Outer",
          "Parallel Aware": false,
          "Startup Cost": 341210.36,
          "Total Cost": 341210.97,
          "Plan Rows": 6,
          "Plan Width": 8,
          "Actual Startup Time": 460.227,
          "Actual Total Time": 481.139,
          "Actual Rows": 7,
          "Actual Loops": 1,
          "Workers Planned": 6,
          "Workers Launched": 6,
          "Single Copy": false,
          "Plans": [
            {
              "Node Type": "Aggregate",
              "Strategy": "Plain",
              "Partial Mode": "Partial",
              "Parent Relationship": "Outer",
              "Parallel Aware": false,
              "Startup Cost": 340210.36,
              "Total Cost": 340210.37,
              "Plan Rows": 1,
              "Plan Width": 8,
              "Actual Startup Time": 449.484,
              "Actual Total Time": 449.485,
              "Actual Rows": 1,
              "Actual Loops": 7,
              "Plans": [
                {
                  "Node Type": "Index Scan",
                  "Parent Relationship": "Outer",
                  "Parallel Aware": true,
                  "Scan Direction": "Forward",
                  "Index Name": "role_id_cast_info",
                  "Relation Name": "cast_info",
                  "Alias": "ci",
                  "Startup Cost": 0.56,
                  "Total Cost": 335235.55,
                  "Plan Rows": 1989924,
                  "Plan Width": 0,
                  "Actual Startup Time": 50.764,
                  "Actual Total Time": 379.411,
                  "Actual Rows": 1645893,
                  "Actual Loops": 7,
                  "Index Cond": "(role_id = 1)",
                  "Rows Removed by Index Recheck": 0,
                  "Filter": "(person_id > 159749)",
                  "Rows Removed by Filter": 164205
                }
              ]
            }
          ]
        }
      ]
    },
    "Planning Time": 0.21,
    "Triggers": [],
    "Execution Time": 481.21
  }
]