[
  {
    "Plan": {
      "Node Type": "Aggregate",
      "Strategy": "Plain",
      "Partial Mode": "Finalize",
      "Parallel Aware": false,
      "Startup Cost": 322467.46,
      "Total Cost": 322467.47,
      "Plan Rows": 1,
      "Plan Width": 8,
      "Actual Startup Time": 233.14,
      "Actual Total Time": 245.872,
      "Actual Rows": 1,
      "Actual Loops": 1,
      "Plans": [
        {
          "Node Type": "Gather",
          "Parent Relationship": "Outer",
          "Parallel Aware": false,
          "Startup Cost": 322466.83,
          "Total Cost": 322467.44,
          "Plan Rows": 6,
          "Plan Width": 8,
          "Actual Startup Time": 229.898,
          "Actual Total Time": 245.863,
          "Actual Rows": 7,
          "Actual Loops": 1,
          "Workers Planned": 6,
          "Workers Launched": 6,
          "Single Copy": false,
          "Plans": [
            {
              "Node Type": "Aggregate",
              "Strategy": "Plain",
              "Partial Mode": "Partial",
              "Parent Relationship": "Outer",
              "Parallel Aware": false,
              "Startup Cost": 321466.83,
              "Total Cost": 321466.84,
              "Plan Rows": 1,
              "Plan Width": 8,
              "Actual Startup Time": 219.363,
              "Actual Total Time": 219.367,
              "Actual Rows": 1,
              "Actual Loops": 7,
              "Plans": [
                {
                  "Node Type": "Hash Join",
                  "Parent Relationship": "Outer",
                  "Parallel Aware": true,
                  "Join Type": "Inner",
                  "Startup Cost": 66300.88,
                  "Total Cost": 321405.03,
                  "Plan Rows": 24721,
                  "Plan Width": 0,
                  "Actual Startup Time": 144.737,
                  "Actual Total Time": 217.904,
                  "Actual Rows": 21010,
                  "Actual Loops": 7,
                  "Inner Unique": true,
                  "Hash Cond": "(ci.movie_id = t.id)",
                  "Plans": [
                    {
                      "Node Type": "Bitmap Heap Scan",
                      "Parent Relationship": "Outer",
                      "Parallel Aware": true,
                      "Relation Name": "cast_info",
                      "Alias": "ci",
                      "Startup Cost": 21179.79,
                      "Total Cost": 275864.43,
                      "Plan Rows": 159811,
                      "Plan Width": 4,
                      "Actual Startup Time": 33.18,
                      "Actual Total Time": 65.837,
                      "Actual Rows": 136174,
                      "Actual Loops": 7,
                      "Recheck Cond": "(person_id < 98750)",
                      "Rows Removed by Index Recheck": 0,
                      "Exact Heap Blocks": 1974,
                      "Lossy Heap Blocks": 0,
                      "Plans": [
                        {
                          "Node Type": "Bitmap Index Scan",
                          "Parent Relationship": "Outer",
                          "Parallel Aware": false,
                          "Index Name": "person_id_cast_info",
                          "Startup Cost": 0.0,
                          "Total Cost": 20940.07,
                          "Plan Rows": 958868,
                          "Plan Width": 0,
                          "Actual Startup Time": 31.66,
                          "Actual Total Time": 31.66,
                          "Actual Rows": 953216,
                          "Actual Loops": 1,
                          "Index Cond": "(person_id < 98750)"
                        }
                      ]
                    },
                    {
                      "Node Type": "Hash",
                      "Parent Relationship": "Inner",
                      "Parallel Aware": true,
                      "Startup Cost": 43898.92,
                      "Total Cost": 43898.92,
                      "Plan Rows": 97774,
                      "Plan Width": 4,
                      "Actual Startup Time": 109.25,
                      "Actual Total Time": 109.252,
                      "Actual Rows": 55952,
                      "Actual Loops": 7,
                      "Hash Buckets": 524288,
                      "Original Hash Buckets": 524288,
                      "Hash Batches": 1,
                      "Original Hash Batches": 1,
                      "Peak Memory Usage": 19552,
                      "Plans": [
                        {
                          "Node Type": "Seq Scan",
                          "Parent Relationship": "Outer",
                          "Parallel Aware": true,
                          "Relation Name": "title",
                          "Alias": "t",
                          "Startup Cost": 0.0,
                          "Total Cost": 43898.92,
                          "Plan Rows": 97774,
                          "Plan Width": 4,
                          "Actual Startup Time": 0.039,
                          "Actual Total Time": 80.55,
                          "Actual Rows": 55952,
                          "Actual Loops": 7,
                          "Filter": "(production_year > 2010)",
                          "Rows Removed by Filter": 305235
                        }
                      ]
                    }
                  ]
                }
              ]
            }
          ]
        }
      ]
    },
    "Planning Time": 0.607,
    "Triggers": [],
    "Execution Time": 245.964
  }
]