[
  {
    "Plan": {
      "Node Type": "Aggregate",
      "Strategy": "Plain",
      "Partial Mode": "Simple",
      "Parallel Aware": false,
      "Startup Cost": 39865.36,
      "Total Cost": 39865.37,
      "Plan Rows": 1,
      "Plan Width": 8,
      "Actual Startup Time": 58.501,
      "Actual Total Time": 64.071,
      "Actual Rows": 1,
      "Actual Loops": 1,
      "Plans": [
        {
          "Node Type": "Gather",
          "Parent Relationship": "Outer",
          "Parallel Aware": false,
          "Startup Cost": 2824.03,
          "Total Cost": 39865.36,
          "Plan Rows": 1,
          "Plan Width": 0,
          "Actual Startup Time": 58.196,
          "Actual Total Time": 64.066,
          "Actual Rows": 1,
          "Actual Loops": 1,
          "Workers Planned": 4,
          "Workers Launched": 4,
          "Single Copy": false,
          "Plans": [
            {
              "Node Type": "Nested Loop",
              "Parent Relationship": "Outer",
              "Parallel Aware": false,
              "Join Type": "Inner",
              "Startup Cost": 1824.03,
              "Total Cost": 38865.26,
              "Plan Rows": 1,
              "Plan Width": 0,
              "Actual Startup Time": 47.409,
              "Actual Total Time": 48.375,
              "Actual Rows": 0,
              "Actual Loops": 5,
              "Inner Unique": false,
              "Join Filter": "(t.id = mi.movie_id)",
              "Rows Removed by Join Filter": 0,
              "Plans": [
                {
                  "Node Type": "Nested Loop",
                  "Parent Relationship": "Outer",
                  "Parallel Aware": false,
                  "Join Type": "Inner",
                  "Startup Cost": 1823.59,
                  "Total Cost": 38829.57,
                  "Plan Rows": 20,
                  "Plan Width": 8,
                  "Actual Startup Time": 20.57,
                  "Actual Total Time": 47.297,
                  "Actual Rows": 12,
                  "Actual Loops": 5,
                  "Inner Unique": false,
                  "Plans": [
                    {
                      "Node Type": "Bitmap Heap Scan",
                      "Parent Relationship": "Outer",
                      "Parallel Aware": true,
                      "Relation Name": "title",
                      "Alias": "t",
                      "Startup Cost": 1823.16,
                      "Total Cost": 38204.51,
                      "Plan Rows": 30,
                      "Plan Width": 4,
                      "Actual Startup Time": 19.605,
                      "Actual Total Time": 46.61,
                      "Actual Rows": 11,
                      "Actual Loops": 5,
                      "Recheck Cond": "(kind_id = 3)",
                      "Rows Removed by Index Recheck": 0,
                      "Filter": "(production_year > 2013)",
                      "Rows Removed by Filter": 20096,
                      "Exact Heap Blocks": 7567,
                      "Lossy Heap Blocks": 0,
                      "Plans": [
                        {
                          "Node Type": "Bitmap Index Scan",
                          "Parent Relationship": "Outer",
                          "Parallel Aware": false,
                          "Index Name": "kind_id_title",
                          "Startup Cost": 0.0,
                          "Total Cost": 1823.13,
                          "Plan Rows": 102227,
                          "Plan Width": 0,
                          "Actual Startup Time": 17.001,
                          "Actual Total Time": 17.002,
                          "Actual Rows": 100537,
                          "Actual Loops": 1,
                          "Index Cond": "(kind_id = 3)"
                        }
                      ]
                    },
                    {
                      "Node Type": "Index Scan",
                      "Parent Relationship": "Inner",
                      "Parallel Aware": false,
                      "Scan Direction": "Forward",
                      "Index Name": "movie_id_movie_companies",
                      "Relation Name": "movie_companies",
                      "Alias": "mc",
                      "Startup Cost": 0.43,
                      "Total Cost": 20.8,
                      "Plan Rows": 4,
                      "Plan Width": 4,
                      "Actual Startup Time": 0.058,
                      "Actual Total Time": 0.06,
                      "Actual Rows": 1,
                      "Actual Loops": 55,
                      "Index Cond": "(movie_id = t.id)",
                      "Rows Removed by Index Recheck": 0,
                      "Filter": "(company_id > 2548)",
                      "Rows Removed by Filter": 1
                    }
                  ]
                },
                {
                  "Node Type": "Index Scan",
                  "Parent Relationship": "Inner",
                  "Parallel Aware": false,
                  "Scan Direction": "Forward",
                  "Index Name": "movie_id_movie_info",
                  "Relation Name": "movie_info",
                  "Alias": "mi",
                  "Startup Cost": 0.43,
                  "Total Cost": 1.77,
                  "Plan Rows": 1,
                  "Plan Width": 4,
                  "Actual Startup Time": 0.085,
                  "Actual Total Time": 0.086,
                  "Actual Rows": 0,
                  "Actual Loops": 62,
                  "Index Cond": "(movie_id = mc.movie_id)",
                  "Rows Removed by Index Recheck": 0,
                  "Filter": "(info_type_id = 102)",
                  "Rows Removed by Filter": 7
                }
              ]
            }
          ]
        }
      ]
    },
    "Planning Time": 1.447,
    "Triggers": [],
    "Execution Time": 64.161
  }
]