[
    {
        "Bao": {
            "Bao prediction": "NaN",
            "Bao recommended hint": "(no hint)"
        }
    },
    {
        "Plan": {
            "Node Type": "Aggregate",
            "Strategy": "Plain",
            "Partial Mode": "Finalize",
            "Parallel Aware": false,
            "Startup Cost": 25428.09,
            "Total Cost": 25428.1,
            "Plan Rows": 1,
            "Plan Width": 8,
            "Actual Startup Time": 44.025,
            "Actual Total Time": 47.746,
            "Actual Rows": 1,
            "Actual Loops": 1,
            "Output": [
                "count(*)"
            ],
            "Plans": [
                {
                    "Node Type": "Gather",
                    "Parent Relationship": "Outer",
                    "Parallel Aware": false,
                    "Startup Cost": 25427.77,
                    "Total Cost": 25428.08,
                    "Plan Rows": 3,
                    "Plan Width": 8,
                    "Actual Startup Time": 43.854,
                    "Actual Total Time": 47.74,
                    "Actual Rows": 4,
                    "Actual Loops": 1,
                    "Output": [
                        "(PARTIAL count(*))"
                    ],
                    "Workers Planned": 3,
                    "Workers Launched": 3,
                    "Single Copy": false,
                    "Plans": [
                        {
                            "Node Type": "Aggregate",
                            "Strategy": "Plain",
                            "Partial Mode": "Partial",
                            "Parent Relationship": "Outer",
                            "Parallel Aware": false,
                            "Startup Cost": 24427.77,
                            "Total Cost": 24427.78,
                            "Plan Rows": 1,
                            "Plan Width": 8,
                            "Actual Startup Time": 35.362,
                            "Actual Total Time": 35.364,
                            "Actual Rows": 1,
                            "Actual Loops": 4,
                            "Output": [
                                "PARTIAL count(*)"
                            ],
                            "Workers": [
                                {
                                    "Worker Number": 0,
                                    "Actual Startup Time": 32.151,
                                    "Actual Total Time": 32.152,
                                    "Actual Rows": 1,
                                    "Actual Loops": 1
                                },
                                {
                                    "Worker Number": 1,
                                    "Actual Startup Time": 32.761,
                                    "Actual Total Time": 32.762,
                                    "Actual Rows": 1,
                                    "Actual Loops": 1
                                },
                                {
                                    "Worker Number": 2,
                                    "Actual Startup Time": 32.921,
                                    "Actual Total Time": 32.923,
                                    "Actual Rows": 1,
                                    "Actual Loops": 1
                                }
                            ],
                            "Plans": [
                                {
                                    "Node Type": "Bitmap Heap Scan",
                                    "Parent Relationship": "Outer",
                                    "Parallel Aware": true,
                                    "Relation Name": "movie_companies",
                                    "Schema": "public",
                                    "Alias": "mc",
                                    "Startup Cost": 4608.68,
                                    "Total Cost": 24256.26,
                                    "Plan Rows": 68606,
                                    "Plan Width": 0,
                                    "Actual Startup Time": 6.121,
                                    "Actual Total Time": 31.571,
                                    "Actual Rows": 54263,
                                    "Actual Loops": 4,
                                    "Recheck Cond": "(mc.company_id > 108735)",
                                    "Rows Removed by Index Recheck": 0,
                                    "Exact Heap Blocks": 2856,
                                    "Lossy Heap Blocks": 0,
                                    "Workers": [
                                        {
                                            "Worker Number": 0,
                                            "Actual Startup Time": 3.023,
                                            "Actual Total Time": 28.912,
                                            "Actual Rows": 26256,
                                            "Actual Loops": 1
                                        },
                                        {
                                            "Worker Number": 1,
                                            "Actual Startup Time": 3.535,
                                            "Actual Total Time": 29.651,
                                            "Actual Rows": 25308,
                                            "Actual Loops": 1
                                        },
                                        {
                                            "Worker Number": 2,
                                            "Actual Startup Time": 3.737,
                                            "Actual Total Time": 29.706,
                                            "Actual Rows": 26255,
                                            "Actual Loops": 1
                                        }
                                    ],
                                    "Plans": [
                                        {
                                            "Node Type": "Bitmap Index Scan",
                                            "Parent Relationship": "Outer",
                                            "Parallel Aware": false,
                                            "Index Name": "company_id_movie_companies",
                                            "Startup Cost": 0.0,
                                            "Total Cost": 4555.52,
                                            "Plan Rows": 212678,
                                            "Plan Width": 0,
                                            "Actual Startup Time": 13.41,
                                            "Actual Total Time": 13.41,
                                            "Actual Rows": 217052,
                                            "Actual Loops": 1,
                                            "Index Cond": "(mc.company_id > 108735)"
                                        }
                                    ]
                                }
                            ]
                        }
                    ]
                }
            ]
        },
        "Planning Time": 217.647,
        "Triggers": [],
        "Execution Time": 47.79
    }
]