[
  {
    "Plan": {
      "Node Type": "Aggregate",
      "Strategy": "Plain",
      "Partial Mode": "Finalize",
      "Parallel Aware": false,
      "Startup Cost": 46873.01,
      "Total Cost": 46873.02,
      "Plan Rows": 1,
      "Plan Width": 8,
      "Actual Startup Time": 87.344,
      "Actual Total Time": 93.576,
      "Actual Rows": 1,
      "Actual Loops": 1,
      "Plans": [
        {
          "Node Type": "Gather",
          "Parent Relationship": "Outer",
          "Parallel Aware": false,
          "Startup Cost": 46872.59,
          "Total Cost": 46873.0,
          "Plan Rows": 4,
          "Plan Width": 8,
          "Actual Startup Time": 87.245,
          "Actual Total Time": 93.57,
          "Actual Rows": 5,
          "Actual Loops": 1,
          "Workers Planned": 4,
          "Workers Launched": 4,
          "Single Copy": false,
          "Plans": [
            {
              "Node Type": "Aggregate",
              "Strategy": "Plain",
              "Partial Mode": "Partial",
              "Parent Relationship": "Outer",
              "Parallel Aware": false,
              "Startup Cost": 45872.59,
              "Total Cost": 45872.6,
              "Plan Rows": 1,
              "Plan Width": 8,
              "Actual Startup Time": 81.999,
              "Actual Total Time": 82.0,
              "Actual Rows": 1,
              "Actual Loops": 5,
              "Plans": [
                {
                  "Node Type": "Seq Scan",
                  "Parent Relationship": "Outer",
                  "Parallel Aware": true,
                  "Relation Name": "title",
                  "Alias": "t",
                  "Startup Cost": 0.0,
                  "Total Cost": 45479.21,
                  "Plan Rows": 157351,
                  "Plan Width": 0,
                  "Actual Startup Time": 35.583,
                  "Actual Total Time": 76.583,
                  "Actual Rows": 114933,
                  "Actual Loops": 5,
                  "Filter": "((production_year > 1918) AND (kind_id = 1))",
                  "Rows Removed by Filter": 390729
                }
              ]
            }
          ]
        }
      ]
    },
    "Planning Time": 0.076,
    "Triggers": [],
    "Execution Time": 93.603
  }
]