[
  {
    "Plan": {
      "Node Type": "Aggregate",
      "Strategy": "Plain",
      "Partial Mode": "Finalize",
      "Parallel Aware": false,
      "Startup Cost": 346632.35,
      "Total Cost": 346632.36,
      "Plan Rows": 1,
      "Plan Width": 8,
      "Actual Startup Time": 740.278,
      "Actual Total Time": 806.147,
      "Actual Rows": 1,
      "Actual Loops": 1,
      "Plans": [
        {
          "Node Type": "Gather",
          "Parent Relationship": "Outer",
          "Parallel Aware": false,
          "Startup Cost": 346631.72,
          "Total Cost": 346632.33,
          "Plan Rows": 6,
          "Plan Width": 8,
          "Actual Startup Time": 739.988,
          "Actual Total Time": 806.133,
          "Actual Rows": 7,
          "Actual Loops": 1,
          "Workers Planned": 6,
          "Workers Launched": 6,
          "Single Copy": false,
          "Plans": [
            {
              "Node Type": "Aggregate",
              "Strategy": "Plain",
              "Partial Mode": "Partial",
              "Parent Relationship": "Outer",
              "Parallel Aware": false,
              "Startup Cost": 345631.72,
              "Total Cost": 345631.73,
              "Plan Rows": 1,
              "Plan Width": 8,
              "Actual Startup Time": 731.404,
              "Actual Total Time": 731.406,
              "Actual Rows": 1,
              "Actual Loops": 7,
              "Plans": [
                {
                  "Node Type": "Seq Scan",
                  "Parent Relationship": "Outer",
                  "Parallel Aware": true,
                  "Relation Name": "cast_info",
                  "Alias": "ci",
                  "Startup Cost": 0.0,
                  "Total Cost": 343316.27,
                  "Plan Rows": 926180,
                  "Plan Width": 0,
                  "Actual Startup Time": 345.524,
                  "Actual Total Time": 666.119,
                  "Actual Rows": 1490277,
                  "Actual Loops": 7,
                  "Filter": "((person_id > 2442486) AND (role_id > 2))",
                  "Rows Removed by Filter": 3687486
                }
              ]
            }
          ]
        }
      ]
    },
    "Planning Time": 0.231,
    "Triggers": [],
    "Execution Time": 806.22
  }
]