[
  {
    "Plan": {
      "Node Type": "Aggregate",
      "Strategy": "Plain",
      "Partial Mode": "Finalize",
      "Parallel Aware": false,
      "Startup Cost": 110792.21,
      "Total Cost": 110792.22,
      "Plan Rows": 1,
      "Plan Width": 8,
      "Actual Startup Time": 535.409,
      "Actual Total Time": 554.941,
      "Actual Rows": 1,
      "Actual Loops": 1,
      "Plans": [
        {
          "Node Type": "Gather",
          "Parent Relationship": "Outer",
          "Parallel Aware": false,
          "Startup Cost": 110791.89,
          "Total Cost": 110792.2,
          "Plan Rows": 3,
          "Plan Width": 8,
          "Actual Startup Time": 531.639,
          "Actual Total Time": 554.918,
          "Actual Rows": 4,
          "Actual Loops": 1,
          "Workers Planned": 3,
          "Workers Launched": 3,
          "Single Copy": false,
          "Plans": [
            {
              "Node Type": "Aggregate",
              "Strategy": "Plain",
              "Partial Mode": "Partial",
              "Parent Relationship": "Outer",
              "Parallel Aware": false,
              "Startup Cost": 109791.89,
              "Total Cost": 109791.9,
              "Plan Rows": 1,
              "Plan Width": 8,
              "Actual Startup Time": 525.222,
              "Actual Total Time": 525.339,
              "Actual Rows": 1,
              "Actual Loops": 4,
              "Plans": [
                {
                  "Node Type": "Hash Join",
                  "Parent Relationship": "Outer",
                  "Parallel Aware": true,
                  "Join Type": "Inner",
                  "Startup Cost": 64368.81,
                  "Total Cost": 109595.54,
                  "Plan Rows": 78541,
                  "Plan Width": 0,
                  "Actual Startup Time": 304.666,
                  "Actual Total Time": 505.314,
                  "Actual Rows": 447822,
                  "Actual Loops": 4,
                  "Inner Unique": false,
                  "Hash Cond": "(mk.movie_id = t.id)",
                  "Plans": [
                    {
                      "Node Type": "Seq Scan",
                      "Parent Relationship": "Outer",
                      "Parallel Aware": true,
                      "Relation Name": "movie_keyword",
                      "Alias": "mk",
                      "Startup Cost": 0.0,
                      "Total Cost": 42695.65,
                      "Plan Rows": 587684,
                      "Plan Width": 4,
                      "Actual Startup Time": 0.036,
                      "Actual Total Time": 106.048,
                      "Actual Rows": 454538,
                      "Actual Loops": 4,
                      "Filter": "(keyword_id < 2983)",
                      "Rows Removed by Filter": 676444
                    },
                    {
                      "Node Type": "Hash",
                      "Parent Relationship": "Inner",
                      "Parallel Aware": true,
                      "Startup Cost": 62608.85,
                      "Total Cost": 62608.85,
                      "Plan Rows": 140797,
                      "Plan Width": 8,
                      "Actual Startup Time": 301.496,
                      "Actual Total Time": 301.611,
                      "Actual Rows": 129516,
                      "Actual Loops": 4,
                      "Hash Buckets": 524288,
                      "Original Hash Buckets": 524288,
                      "Hash Batches": 1,
                      "Original Hash Batches": 1,
                      "Peak Memory Usage": 24416,
                      "Plans": [
                        {
                          "Node Type": "Hash Join",
                          "Parent Relationship": "Outer",
                          "Parallel Aware": true,
                          "Join Type": "Inner",
                          "Startup Cost": 47414.29,
                          "Total Cost": 62608.85,
                          "Plan Rows": 140797,
                          "Plan Width": 8,
                          "Actual Startup Time": 166.146,
                          "Actual Total Time": 267.355,
                          "Actual Rows": 129516,
                          "Actual Loops": 4,
                          "Inner Unique": true,
                          "Hash Cond": "(mi_idx.movie_id = t.id)",
                          "Plans": [
                            {
                              "Node Type": "Seq Scan",
                              "Parent Relationship": "Outer",
                              "Parallel Aware": true,
                              "Relation Name": "movie_info_idx",
                              "Alias": "mi_idx",
                              "Startup Cost": 0.0,
                              "Total Cost": 13685.15,
                              "Plan Rows": 575015,
                              "Plan Width": 4,
                              "Actual Startup Time": 0.011,
                              "Actual Total Time": 33.831,
                              "Actual Rows": 345009,
                              "Actual Loops": 4
                            },
                            {
                              "Node Type": "Hash",
                              "Parent Relationship": "Inner",
                              "Parallel Aware": true,
                              "Startup Cost": 45479.59,
                              "Total Cost": 45479.59,
                              "Plan Rows": 154776,
                              "Plan Width": 4,
                              "Actual Startup Time": 163.086,
                              "Actual Total Time": 163.087,
                              "Actual Rows": 130094,
                              "Actual Loops": 4,
                              "Hash Buckets": 1048576,
                              "Original Hash Buckets": 1048576,
                              "Hash Batches": 1,
                              "Original Hash Batches": 1,
                              "Peak Memory Usage": 28576,
                              "Plans": [
                                {
                                  "Node Type": "Seq Scan",
                                  "Parent Relationship": "Outer",
                                  "Parallel Aware": true,
                                  "Relation Name": "title",
                                  "Alias": "t",
                                  "Startup Cost": 0.0,
                                  "Total Cost": 45479.59,
                                  "Plan Rows": 154776,
                                  "Plan Width": 4,
                                  "Actual Startup Time": 0.044,
                                  "Actual Total Time": 108.519,
                                  "Actual Rows": 130094,
                                  "Actual Loops": 4,
                                  "Filter": "((kind_id < 7) AND (production_year > 1996))",
                                  "Rows Removed by Filter": 501984
                                }
                              ]
                            }
                          ]
                        }
                      ]
                    }
                  ]
                }
              ]
            }
          ]
        }
      ]
    },
    "Planning Time": 0.773,
    "Triggers": [],
    "Execution Time": 555.055
  }
]