[
  {
    "Plan": {
      "Node Type": "Aggregate",
      "Strategy": "Plain",
      "Partial Mode": "Finalize",
      "Parallel Aware": false,
      "Startup Cost": 354915.3,
      "Total Cost": 354915.31,
      "Plan Rows": 1,
      "Plan Width": 8,
      "Actual Startup Time": 893.526,
      "Actual Total Time": 935.581,
      "Actual Rows": 1,
      "Actual Loops": 1,
      "Plans": [
        {
          "Node Type": "Gather",
          "Parent Relationship": "Outer",
          "Parallel Aware": false,
          "Startup Cost": 354914.68,
          "Total Cost": 354915.29,
          "Plan Rows": 6,
          "Plan Width": 8,
          "Actual Startup Time": 893.256,
          "Actual Total Time": 935.566,
          "Actual Rows": 7,
          "Actual Loops": 1,
          "Workers Planned": 6,
          "Workers Launched": 6,
          "Single Copy": false,
          "Plans": [
            {
              "Node Type": "Aggregate",
              "Strategy": "Plain",
              "Partial Mode": "Partial",
              "Parent Relationship": "Outer",
              "Parallel Aware": false,
              "Startup Cost": 353914.68,
              "Total Cost": 353914.69,
              "Plan Rows": 1,
              "Plan Width": 8,
              "Actual Startup Time": 886.387,
              "Actual Total Time": 886.388,
              "Actual Rows": 1,
              "Actual Loops": 7,
              "Plans": [
                {
                  "Node Type": "Seq Scan",
                  "Parent Relationship": "Outer",
                  "Parallel Aware": true,
                  "Relation Name": "cast_info",
                  "Alias": "ci",
                  "Startup Cost": 0.0,
                  "Total Cost": 343316.27,
                  "Plan Rows": 4239363,
                  "Plan Width": 0,
                  "Actual Startup Time": 62.85,
                  "Actual Total Time": 718.412,
                  "Actual Rows": 3547403,
                  "Actual Loops": 7,
                  "Filter": "((person_id > 396925) AND (role_id < 7))",
                  "Rows Removed by Filter": 1630361
                }
              ]
            }
          ]
        }
      ]
    },
    "Planning Time": 0.278,
    "Triggers": [],
    "Execution Time": 935.653
  }
]