[
  {
    "Plan": {
      "Node Type": "Aggregate",
      "Strategy": "Plain",
      "Partial Mode": "Finalize",
      "Parallel Aware": false,
      "Startup Cost": 40263.72,
      "Total Cost": 40263.73,
      "Plan Rows": 1,
      "Plan Width": 8,
      "Actual Startup Time": 24.265,
      "Actual Total Time": 28.323,
      "Actual Rows": 1,
      "Actual Loops": 1,
      "Plans": [
        {
          "Node Type": "Gather",
          "Parent Relationship": "Outer",
          "Parallel Aware": false,
          "Startup Cost": 40263.5,
          "Total Cost": 40263.71,
          "Plan Rows": 2,
          "Plan Width": 8,
          "Actual Startup Time": 24.185,
          "Actual Total Time": 28.32,
          "Actual Rows": 3,
          "Actual Loops": 1,
          "Workers Planned": 2,
          "Workers Launched": 2,
          "Single Copy": false,
          "Plans": [
            {
              "Node Type": "Aggregate",
              "Strategy": "Plain",
              "Partial Mode": "Partial",
              "Parent Relationship": "Outer",
              "Parallel Aware": false,
              "Startup Cost": 39263.5,
              "Total Cost": 39263.51,
              "Plan Rows": 1,
              "Plan Width": 8,
              "Actual Startup Time": 21.571,
              "Actual Total Time": 21.573,
              "Actual Rows": 1,
              "Actual Loops": 3,
              "Plans": [
                {
                  "Node Type": "Nested Loop",
                  "Parent Relationship": "Outer",
                  "Parallel Aware": false,
                  "Join Type": "Inner",
                  "Startup Cost": 157.39,
                  "Total Cost": 39261.94,
                  "Plan Rows": 626,
                  "Plan Width": 0,
                  "Actual Startup Time": 1.351,
                  "Actual Total Time": 21.534,
                  "Actual Rows": 255,
                  "Actual Loops": 3,
                  "Inner Unique": false,
                  "Plans": [
                    {
                      "Node Type": "Nested Loop",
                      "Parent Relationship": "Outer",
                      "Parallel Aware": false,
                      "Join Type": "Inner",
                      "Startup Cost": 156.96,
                      "Total Cost": 36742.23,
                      "Plan Rows": 1186,
                      "Plan Width": 8,
                      "Actual Startup Time": 0.689,
                      "Actual Total Time": 18.118,
                      "Actual Rows": 789,
                      "Actual Loops": 3,
                      "Inner Unique": true,
                      "Plans": [
                        {
                          "Node Type": "Bitmap Heap Scan",
                          "Parent Relationship": "Outer",
                          "Parallel Aware": true,
                          "Relation Name": "movie_keyword",
                          "Alias": "mk",
                          "Startup Cost": 156.53,
                          "Total Cost": 15809.74,
                          "Plan Rows": 3016,
                          "Plan Width": 4,
                          "Actual Startup Time": 0.377,
                          "Actual Total Time": 2.958,
                          "Actual Rows": 3020,
                          "Actual Loops": 3,
                          "Recheck Cond": "(keyword_id = 47)",
                          "Rows Removed by Index Recheck": 0,
                          "Exact Heap Blocks": 1601,
                          "Lossy Heap Blocks": 0,
                          "Plans": [
                            {
                              "Node Type": "Bitmap Index Scan",
                              "Parent Relationship": "Outer",
                              "Parallel Aware": false,
                              "Index Name": "keyword_id_movie_keyword",
                              "Startup Cost": 0.0,
                              "Total Cost": 154.72,
                              "Plan Rows": 7238,
                              "Plan Width": 0,
                              "Actual Startup Time": 0.797,
                              "Actual Total Time": 0.797,
                              "Actual Rows": 9060,
                              "Actual Loops": 1,
                              "Index Cond": "(keyword_id = 47)"
                            }
                          ]
                        },
                        {
                          "Node Type": "Index Scan",
                          "Parent Relationship": "Inner",
                          "Parallel Aware": false,
                          "Scan Direction": "Forward",
                          "Index Name": "title_pkey",
                          "Relation Name": "title",
                          "Alias": "t",
                          "Startup Cost": 0.43,
                          "Total Cost": 6.94,
                          "Plan Rows": 1,
                          "Plan Width": 4,
                          "Actual Startup Time": 0.005,
                          "Actual Total Time": 0.005,
                          "Actual Rows": 0,
                          "Actual Loops": 9060,
                          "Index Cond": "(id = mk.movie_id)",
                          "Rows Removed by Index Recheck": 0,
                          "Filter": "((production_year > 1994) AND (kind_id = 7))",
                          "Rows Removed by Filter": 1
                        }
                      ]
                    },
                    {
                      "Node Type": "Index Scan",
                      "Parent Relationship": "Inner",
                      "Parallel Aware": false,
                      "Scan Direction": "Forward",
                      "Index Name": "movie_id_movie_info",
                      "Relation Name": "movie_info",
                      "Alias": "mi",
                      "Startup Cost": 0.43,
                      "Total Cost": 2.08,
                      "Plan Rows": 4,
                      "Plan Width": 4,
                      "Actual Startup Time": 0.004,
                      "Actual Total Time": 0.004,
                      "Actual Rows": 0,
                      "Actual Loops": 2366,
                      "Index Cond": "(movie_id = t.id)",
                      "Rows Removed by Index Recheck": 0,
                      "Filter": "(info_type_id = 8)",
                      "Rows Removed by Filter": 3
                    }
                  ]
                }
              ]
            }
          ]
        }
      ]
    },
    "Planning Time": 0.385,
    "Triggers": [],
    "Execution Time": 28.356
  }
]