{
  "Plan": {
    "Node Type": "Aggregate",
    "Strategy": "Plain",
    "Partial Mode": "Simple",
    "Parallel Aware": false,
    "Startup Cost": 42260.28,
    "Total Cost": 42260.29,
    "Plan Rows": 1,
    "Plan Width": 96,
    "Actual Startup Time": 4018.236,
    "Actual Total Time": 4018.242,
    "Actual Rows": 1,
    "Actual Loops": 1,
    "Plans": [
      {
        "Node Type": "Nested Loop",
        "Parent Relationship": "Outer",
        "Parallel Aware": false,
        "Join Type": "Inner",
        "Startup Cost": 6246.12,
        "Total Cost": 42260.14,
        "Plan Rows": 18,
        "Plan Width": 66,
        "Actual Startup Time": 1247.518,
        "Actual Total Time": 4008.765,
        "Actual Rows": 84770,
        "Actual Loops": 1,
        "Inner Unique": false,
        "Join Filter": "(miidx.movie_id = mi.movie_id)",
        "Rows Removed by Join Filter": 0,
        "Plans": [
          {
            "Node Type": "Hash Join",
            "Parent Relationship": "Outer",
            "Parallel Aware": false,
            "Join Type": "Inner",
            "Startup Cost": 6245.69,
            "Total Cost": 42254.06,
            "Plan Rows": 3,
            "Plan Width": 34,
            "Actual Startup Time": 1247.502,
            "Actual Total Time": 3960.565,
            "Actual Rows": 3524,
            "Actual Loops": 1,
            "Inner Unique": true,
            "Hash Cond": "(mc.company_type_id = ct.id)",
            "Plans": [
              {
                "Node Type": "Hash Join",
                "Parent Relationship": "Outer",
                "Parallel Aware": false,
                "Join Type": "Inner",
                "Startup Cost": 6244.63,
                "Total Cost": 42252.93,
                "Plan Rows": 12,
                "Plan Width": 38,
                "Actual Startup Time": 1247.397,
                "Actual Total Time": 3959.155,
                "Actual Rows": 7499,
                "Actual Loops": 1,
                "Inner Unique": true,
                "Hash Cond": "(t.kind_id = kt.id)",
                "Plans": [
                  {
                    "Node Type": "Nested Loop",
                    "Parent Relationship": "Outer",
                    "Parallel Aware": false,
                    "Join Type": "Inner",
                    "Startup Cost": 6243.53,
                    "Total Cost": 42251.47,
                    "Plan Rows": 87,
                    "Plan Width": 42,
                    "Actual Startup Time": 45.174,
                    "Actual Total Time": 3956.924,
                    "Actual Rows": 7954,
                    "Actual Loops": 1,
                    "Inner Unique": true,
                    "Plans": [
                      {
                        "Node Type": "Nested Loop",
                        "Parent Relationship": "Outer",
                        "Parallel Aware": false,
                        "Join Type": "Inner",
                        "Startup Cost": 6243.11,
                        "Total Cost": 36631.22,
                        "Plan Rows": 12603,
                        "Plan Width": 46,
                        "Actual Startup Time": 35.186,
                        "Actual Total Time": 1930.049,
                        "Actual Rows": 1354883,
                        "Actual Loops": 1,
                        "Inner Unique": false,
                        "Join Filter": "(miidx.movie_id = mc.movie_id)",
                        "Rows Removed by Join Filter": 0,
                        "Plans": [
                          {
                            "Node Type": "Nested Loop",
                            "Parent Relationship": "Outer",
                            "Parallel Aware": false,
                            "Join Type": "Inner",
                            "Startup Cost": 6242.68,
                            "Total Cost": 29000.67,
                            "Plan Rows": 12213,
                            "Plan Width": 34,
                            "Actual Startup Time": 35.171,
                            "Actual Total Time": 919.81,
                            "Actual Rows": 459925,
                            "Actual Loops": 1,
                            "Inner Unique": true,
                            "Plans": [
                              {
                                "Node Type": "Nested Loop",
                                "Parent Relationship": "Outer",
                                "Parallel Aware": false,
                                "Join Type": "Inner",
                                "Startup Cost": 6242.25,
                                "Total Cost": 21942.36,
                                "Plan Rows": 12213,
                                "Plan Width": 9,
                                "Actual Startup Time": 35.153,
                                "Actual Total Time": 135.44,
                                "Actual Rows": 459925,
                                "Actual Loops": 1,
                                "Inner Unique": false,
                                "Plans": [
                                  {
                                    "Node Type": "Seq Scan",
                                    "Parent Relationship": "Outer",
                                    "Parallel Aware": false,
                                    "Relation Name": "info_type",
                                    "Alias": "it",
                                    "Startup Cost": 0.0,
                                    "Total Cost": 2.41,
                                    "Plan Rows": 1,
                                    "Plan Width": 4,
                                    "Actual Startup Time": 0.034,
                                    "Actual Total Time": 0.038,
                                    "Actual Rows": 1,
                                    "Actual Loops": 1,
                                    "Filter": "((info)::text = 'rating'::text)",
                                    "Rows Removed by Filter": 112
                                  },
                                  {
                                    "Node Type": "Bitmap Heap Scan",
                                    "Parent Relationship": "Inner",
                                    "Parallel Aware": false,
                                    "Relation Name": "movie_info_idx",
                                    "Alias": "miidx",
                                    "Startup Cost": 6242.25,
                                    "Total Cost": 18489.86,
                                    "Plan Rows": 345009,
                                    "Plan Width": 13,
                                    "Actual Startup Time": 35.107,
                                    "Actual Total Time": 91.196,
                                    "Actual Rows": 459925,
                                    "Actual Loops": 1,
                                    "Recheck Cond": "(info_type_id = it.id)",
                                    "Rows Removed by Index Recheck": 0,
                                    "Exact Heap Blocks": 7934,
                                    "Lossy Heap Blocks": 0,
                                    "Plans": [
                                      {
                                        "Node Type": "Bitmap Index Scan",
                                        "Parent Relationship": "Outer",
                                        "Parallel Aware": false,
                                        "Index Name": "info_type_id_movie_info_idx",
                                        "Startup Cost": 0.0,
                                        "Total Cost": 6155.99,
                                        "Plan Rows": 345009,
                                        "Plan Width": 0,
                                        "Actual Startup Time": 33.843,
                                        "Actual Total Time": 33.843,
                                        "Actual Rows": 459925,
                                        "Actual Loops": 1,
                                        "Index Cond": "(info_type_id = it.id)"
                                      }
                                    ]
                                  }
                                ]
                              },
                              {
                                "Node Type": "Index Scan",
                                "Parent Relationship": "Inner",
                                "Parallel Aware": false,
                                "Scan Direction": "Forward",
                                "Index Name": "title_pkey",
                                "Relation Name": "title",
                                "Alias": "t",
                                "Startup Cost": 0.43,
                                "Total Cost": 0.58,
                                "Plan Rows": 1,
                                "Plan Width": 25,
                                "Actual Startup Time": 0.001,
                                "Actual Total Time": 0.001,
                                "Actual Rows": 1,
                                "Actual Loops": 459925,
                                "Index Cond": "(id = miidx.movie_id)",
                                "Rows Removed by Index Recheck": 0
                              }
                            ]
                          },
                          {
                            "Node Type": "Index Scan",
                            "Parent Relationship": "Inner",
                            "Parallel Aware": false,
                            "Scan Direction": "Forward",
                            "Index Name": "movie_id_movie_companies",
                            "Relation Name": "movie_companies",
                            "Alias": "mc",
                            "Startup Cost": 0.43,
                            "Total Cost": 0.56,
                            "Plan Rows": 5,
                            "Plan Width": 12,
                            "Actual Startup Time": 0.001,
                            "Actual Total Time": 0.002,
                            "Actual Rows": 3,
                            "Actual Loops": 459925,
                            "Index Cond": "(movie_id = t.id)",
                            "Rows Removed by Index Recheck": 0
                          }
                        ]
                      },
                      {
                        "Node Type": "Index Scan",
                        "Parent Relationship": "Inner",
                        "Parallel Aware": false,
                        "Scan Direction": "Forward",
                        "Index Name": "company_name_pkey",
                        "Relation Name": "company_name",
                        "Alias": "cn",
                        "Startup Cost": 0.42,
                        "Total Cost": 0.45,
                        "Plan Rows": 1,
                        "Plan Width": 4,
                        "Actual Startup Time": 0.001,
                        "Actual Total Time": 0.001,
                        "Actual Rows": 0,
                        "Actual Loops": 1354883,
                        "Index Cond": "(id = mc.company_id)",
                        "Rows Removed by Index Recheck": 0,
                        "Filter": "((country_code)::text = '[hk]'::text)",
                        "Rows Removed by Filter": 1
                      }
                    ]
                  },
                  {
                    "Node Type": "Hash",
                    "Parent Relationship": "Inner",
                    "Parallel Aware": false,
                    "Startup Cost": 1.09,
                    "Total Cost": 1.09,
                    "Plan Rows": 1,
                    "Plan Width": 4,
                    "Actual Startup Time": 0.018,
                    "Actual Total Time": 0.019,
                    "Actual Rows": 1,
                    "Actual Loops": 1,
                    "Hash Buckets": 1024,
                    "Original Hash Buckets": 1024,
                    "Hash Batches": 1,
                    "Original Hash Batches": 1,
                    "Peak Memory Usage": 9,
                    "Plans": [
                      {
                        "Node Type": "Seq Scan",
                        "Parent Relationship": "Outer",
                        "Parallel Aware": false,
                        "Relation Name": "kind_type",
                        "Alias": "kt",
                        "Startup Cost": 0.0,
                        "Total Cost": 1.09,
                        "Plan Rows": 1,
                        "Plan Width": 4,
                        "Actual Startup Time": 0.013,
                        "Actual Total Time": 0.015,
                        "Actual Rows": 1,
                        "Actual Loops": 1,
                        "Filter": "((kind)::text = 'movie'::text)",
                        "Rows Removed by Filter": 6
                      }
                    ]
                  }
                ]
              },
              {
                "Node Type": "Hash",
                "Parent Relationship": "Inner",
                "Parallel Aware": false,
                "Startup Cost": 1.05,
                "Total Cost": 1.05,
                "Plan Rows": 1,
                "Plan Width": 4,
                "Actual Startup Time": 0.029,
                "Actual Total Time": 0.029,
                "Actual Rows": 1,
                "Actual Loops": 1,
                "Hash Buckets": 1024,
                "Original Hash Buckets": 1024,
                "Hash Batches": 1,
                "Original Hash Batches": 1,
                "Peak Memory Usage": 9,
                "Plans": [
                  {
                    "Node Type": "Seq Scan",
                    "Parent Relationship": "Outer",
                    "Parallel Aware": false,
                    "Relation Name": "company_type",
                    "Alias": "ct",
                    "Startup Cost": 0.0,
                    "Total Cost": 1.05,
                    "Plan Rows": 1,
                    "Plan Width": 4,
                    "Actual Startup Time": 0.02,
                    "Actual Total Time": 0.022,
                    "Actual Rows": 1,
                    "Actual Loops": 1,
                    "Filter": "((kind)::text = 'production companies'::text)",
                    "Rows Removed by Filter": 3
                  }
                ]
              }
            ]
          },
          {
            "Node Type": "Index Scan",
            "Parent Relationship": "Inner",
            "Parallel Aware": false,
            "Scan Direction": "Forward",
            "Index Name": "movie_id_movie_info",
            "Relation Name": "movie_info",
            "Alias": "mi",
            "Startup Cost": 0.43,
            "Total Cost": 1.5,
            "Plan Rows": 42,
            "Plan Width": 48,
            "Actual Startup Time": 0.003,
            "Actual Total Time": 0.011,
            "Actual Rows": 24,
            "Actual Loops": 3524,
            "Index Cond": "(movie_id = mc.movie_id)",
            "Rows Removed by Index Recheck": 0
          }
        ]
      }
    ]
  },
  "Planning Time": 2.29,
  "Triggers": [],
  "Execution Time": 4018.425
}