[
  {
    "Plan": {
      "Node Type": "Aggregate",
      "Strategy": "Plain",
      "Partial Mode": "Simple",
      "Parallel Aware": false,
      "Startup Cost": 256669.0,
      "Total Cost": 256669.01,
      "Plan Rows": 1,
      "Plan Width": 8,
      "Actual Startup Time": 55.278,
      "Actual Total Time": 55.279,
      "Actual Rows": 1,
      "Actual Loops": 1,
      "Plans": [
        {
          "Node Type": "Bitmap Heap Scan",
          "Parent Relationship": "Outer",
          "Parallel Aware": false,
          "Relation Name": "cast_info",
          "Alias": "ci",
          "Startup Cost": 4406.08,
          "Total Cost": 256170.45,
          "Plan Rows": 199421,
          "Plan Width": 0,
          "Actual Startup Time": 21.183,
          "Actual Total Time": 44.124,
          "Actual Rows": 203863,
          "Actual Loops": 1,
          "Recheck Cond": "(person_id > 4025976)",
          "Rows Removed by Index Recheck": 0,
          "Exact Heap Blocks": 2355,
          "Lossy Heap Blocks": 0,
          "Plans": [
            {
              "Node Type": "Bitmap Index Scan",
              "Parent Relationship": "Outer",
              "Parallel Aware": false,
              "Index Name": "person_id_cast_info",
              "Startup Cost": 0.0,
              "Total Cost": 4356.22,
              "Plan Rows": 199421,
              "Plan Width": 0,
              "Actual Startup Time": 20.453,
              "Actual Total Time": 20.453,
              "Actual Rows": 203863,
              "Actual Loops": 1,
              "Index Cond": "(person_id > 4025976)"
            }
          ]
        }
      ]
    },
    "Planning Time": 0.216,
    "Triggers": [],
    "Execution Time": 55.327
  }
]