[
  {
    "Plan": {
      "Node Type": "Aggregate",
      "Strategy": "Plain",
      "Partial Mode": "Finalize",
      "Parallel Aware": false,
      "Startup Cost": 68677.59,
      "Total Cost": 68677.6,
      "Plan Rows": 1,
      "Plan Width": 8,
      "Actual Startup Time": 105.198,
      "Actual Total Time": 120.838,
      "Actual Rows": 1,
      "Actual Loops": 1,
      "Plans": [
        {
          "Node Type": "Gather",
          "Parent Relationship": "Outer",
          "Parallel Aware": false,
          "Startup Cost": 68677.27,
          "Total Cost": 68677.58,
          "Plan Rows": 3,
          "Plan Width": 8,
          "Actual Startup Time": 104.828,
          "Actual Total Time": 120.826,
          "Actual Rows": 4,
          "Actual Loops": 1,
          "Workers Planned": 3,
          "Workers Launched": 3,
          "Single Copy": false,
          "Plans": [
            {
              "Node Type": "Aggregate",
              "Strategy": "Plain",
              "Partial Mode": "Partial",
              "Parent Relationship": "Outer",
              "Parallel Aware": false,
              "Startup Cost": 67677.27,
              "Total Cost": 67677.28,
              "Plan Rows": 1,
              "Plan Width": 8,
              "Actual Startup Time": 96.709,
              "Actual Total Time": 96.711,
              "Actual Rows": 1,
              "Actual Loops": 4,
              "Plans": [
                {
                  "Node Type": "Nested Loop",
                  "Parent Relationship": "Outer",
                  "Parallel Aware": false,
                  "Join Type": "Inner",
                  "Startup Cost": 553.89,
                  "Total Cost": 67671.62,
                  "Plan Rows": 2260,
                  "Plan Width": 0,
                  "Actual Startup Time": 43.197,
                  "Actual Total Time": 95.868,
                  "Actual Rows": 9730,
                  "Actual Loops": 4,
                  "Inner Unique": false,
                  "Plans": [
                    {
                      "Node Type": "Nested Loop",
                      "Parent Relationship": "Outer",
                      "Parallel Aware": false,
                      "Join Type": "Inner",
                      "Startup Cost": 553.46,
                      "Total Cost": 66054.89,
                      "Plan Rows": 2190,
                      "Plan Width": 8,
                      "Actual Startup Time": 43.119,
                      "Actual Total Time": 75.52,
                      "Actual Rows": 1930,
                      "Actual Loops": 4,
                      "Inner Unique": true,
                      "Plans": [
                        {
                          "Node Type": "Bitmap Heap Scan",
                          "Parent Relationship": "Outer",
                          "Parallel Aware": true,
                          "Relation Name": "movie_keyword",
                          "Alias": "mk",
                          "Startup Cost": 553.03,
                          "Total Cost": 26116.15,
                          "Plan Rows": 8349,
                          "Plan Width": 4,
                          "Actual Startup Time": 6.4,
                          "Actual Total Time": 20.156,
                          "Actual Rows": 5978,
                          "Actual Loops": 4,
                          "Recheck Cond": "(keyword_id < 11)",
                          "Rows Removed by Index Recheck": 0,
                          "Exact Heap Blocks": 3990,
                          "Lossy Heap Blocks": 0,
                          "Plans": [
                            {
                              "Node Type": "Bitmap Index Scan",
                              "Parent Relationship": "Outer",
                              "Parallel Aware": false,
                              "Index Name": "keyword_id_movie_keyword",
                              "Startup Cost": 0.0,
                              "Total Cost": 546.55,
                              "Plan Rows": 25883,
                              "Plan Width": 0,
                              "Actual Startup Time": 10.15,
                              "Actual Total Time": 10.151,
                              "Actual Rows": 23913,
                              "Actual Loops": 1,
                              "Index Cond": "(keyword_id < 11)"
                            }
                          ]
                        },
                        {
                          "Node Type": "Index Scan",
                          "Parent Relationship": "Inner",
                          "Parallel Aware": false,
                          "Scan Direction": "Forward",
                          "Index Name": "title_pkey",
                          "Relation Name": "title",
                          "Alias": "t",
                          "Startup Cost": 0.43,
                          "Total Cost": 4.78,
                          "Plan Rows": 1,
                          "Plan Width": 4,
                          "Actual Startup Time": 0.009,
                          "Actual Total Time": 0.009,
                          "Actual Rows": 0,
                          "Actual Loops": 23913,
                          "Index Cond": "(id = mk.movie_id)",
                          "Rows Removed by Index Recheck": 0,
                          "Filter": "(kind_id = 1)",
                          "Rows Removed by Filter": 1
                        }
                      ]
                    },
                    {
                      "Node Type": "Index Only Scan",
                      "Parent Relationship": "Inner",
                      "Parallel Aware": false,
                      "Scan Direction": "Forward",
                      "Index Name": "movie_id_movie_companies",
                      "Relation Name": "movie_companies",
                      "Alias": "mc",
                      "Startup Cost": 0.43,
                      "Total Cost": 0.69,
                      "Plan Rows": 5,
                      "Plan Width": 4,
                      "Actual Startup Time": 0.007,
                      "Actual Total Time": 0.01,
                      "Actual Rows": 5,
                      "Actual Loops": 7719,
                      "Index Cond": "(movie_id = t.id)",
                      "Rows Removed by Index Recheck": 0,
                      "Heap Fetches": 38922
                    }
                  ]
                }
              ]
            }
          ]
        }
      ]
    },
    "Planning Time": 1.453,
    "Triggers": [],
    "Execution Time": 120.939
  }
]