{
  "Plan": {
    "Node Type": "Aggregate",
    "Strategy": "Plain",
    "Partial Mode": "Finalize",
    "Parallel Aware": false,
    "Startup Cost": 486361.79,
    "Total Cost": 486361.8,
    "Plan Rows": 1,
    "Plan Width": 8,
    "Actual Startup Time": 3764.873,
    "Actual Total Time": 3808.866,
    "Actual Rows": 1,
    "Actual Loops": 1,
    "Plans": [
      {
        "Node Type": "Gather",
        "Parent Relationship": "Outer",
        "Parallel Aware": false,
        "Startup Cost": 486361.68,
        "Total Cost": 486361.79,
        "Plan Rows": 1,
        "Plan Width": 8,
        "Actual Startup Time": 3759.526,
        "Actual Total Time": 3808.858,
        "Actual Rows": 2,
        "Actual Loops": 1,
        "Workers Planned": 1,
        "Workers Launched": 1,
        "Single Copy": false,
        "Plans": [
          {
            "Node Type": "Aggregate",
            "Strategy": "Plain",
            "Partial Mode": "Partial",
            "Parent Relationship": "Outer",
            "Parallel Aware": false,
            "Startup Cost": 485361.68,
            "Total Cost": 485361.69,
            "Plan Rows": 1,
            "Plan Width": 8,
            "Actual Startup Time": 3751.322,
            "Actual Total Time": 3751.328,
            "Actual Rows": 1,
            "Actual Loops": 2,
            "Plans": [
              {
                "Node Type": "Hash Join",
                "Parent Relationship": "Outer",
                "Parallel Aware": true,
                "Join Type": "Inner",
                "Startup Cost": 146522.48,
                "Total Cost": 468280.43,
                "Plan Rows": 6832501,
                "Plan Width": 0,
                "Actual Startup Time": 955.941,
                "Actual Total Time": 3419.346,
                "Actual Rows": 8512282,
                "Actual Loops": 2,
                "Inner Unique": false,
                "Hash Cond": "(mi.movie_id = t.id)",
                "Plans": [
                  {
                    "Node Type": "Seq Scan",
                    "Parent Relationship": "Outer",
                    "Parallel Aware": true,
                    "Relation Name": "movie_info",
                    "Alias": "mi",
                    "Startup Cost": 0.0,
                    "Total Cost": 248955.74,
                    "Plan Rows": 8696274,
                    "Plan Width": 4,
                    "Actual Startup Time": 0.017,
                    "Actual Total Time": 657.134,
                    "Actual Rows": 7417860,
                    "Actual Loops": 2
                  },
                  {
                    "Node Type": "Hash",
                    "Parent Relationship": "Inner",
                    "Parallel Aware": true,
                    "Startup Cost": 131916.35,
                    "Total Cost": 131916.35,
                    "Plan Rows": 1168490,
                    "Plan Width": 8,
                    "Actual Startup Time": 941.86,
                    "Actual Total Time": 941.864,
                    "Actual Rows": 533486,
                    "Actual Loops": 2,
                    "Hash Buckets": 2097152,
                    "Original Hash Buckets": 2097152,
                    "Hash Batches": 1,
                    "Original Hash Batches": 1,
                    "Peak Memory Usage": 58144,
                    "Plans": [
                      {
                        "Node Type": "Hash Join",
                        "Parent Relationship": "Outer",
                        "Parallel Aware": true,
                        "Join Type": "Inner",
                        "Startup Cost": 68725.03,
                        "Total Cost": 131916.35,
                        "Plan Rows": 1168490,
                        "Plan Width": 8,
                        "Actual Startup Time": 401.245,
                        "Actual Total Time": 830.47,
                        "Actual Rows": 533486,
                        "Actual Loops": 2,
                        "Inner Unique": true,
                        "Hash Cond": "(mk.movie_id = t.id)",
                        "Plans": [
                          {
                            "Node Type": "Seq Scan",
                            "Parent Relationship": "Outer",
                            "Parallel Aware": true,
                            "Relation Name": "movie_keyword",
                            "Alias": "mk",
                            "Startup Cost": 0.0,
                            "Total Cost": 57718.19,
                            "Plan Rows": 2084998,
                            "Plan Width": 4,
                            "Actual Startup Time": 0.067,
                            "Actual Total Time": 209.51,
                            "Actual Rows": 1771966,
                            "Actual Loops": 2,
                            "Filter": "(keyword_id > 917)",
                            "Rows Removed by Filter": 490000
                          },
                          {
                            "Node Type": "Hash",
                            "Parent Relationship": "Inner",
                            "Parallel Aware": true,
                            "Startup Cost": 58306.47,
                            "Total Cost": 58306.47,
                            "Plan Rows": 833485,
                            "Plan Width": 4,
                            "Actual Startup Time": 394.024,
                            "Actual Total Time": 394.025,
                            "Actual Rows": 699360,
                            "Actual Loops": 2,
                            "Hash Buckets": 2097152,
                            "Original Hash Buckets": 2097152,
                            "Hash Batches": 1,
                            "Original Hash Batches": 1,
                            "Peak Memory Usage": 71136,
                            "Plans": [
                              {
                                "Node Type": "Seq Scan",
                                "Parent Relationship": "Outer",
                                "Parallel Aware": true,
                                "Relation Name": "title",
                                "Alias": "t",
                                "Startup Cost": 0.0,
                                "Total Cost": 58306.47,
                                "Plan Rows": 833485,
                                "Plan Width": 4,
                                "Actual Startup Time": 0.028,
                                "Actual Total Time": 176.22,
                                "Actual Rows": 699360,
                                "Actual Loops": 2,
                                "Filter": "((kind_id > 1) AND (production_year < 2010))",
                                "Rows Removed by Filter": 564796
                              }
                            ]
                          }
                        ]
                      }
                    ]
                  }
                ]
              }
            ]
          }
        ]
      }
    ]
  },
  "Planning Time": 0.618,
  "Triggers": [],
  "Execution Time": 3808.927
}