[
    {
        "Bao": {
            "Bao prediction": "NaN",
            "Bao recommended hint": "(no hint)"
        }
    },
    {
        "Plan": {
            "Node Type": "Aggregate",
            "Strategy": "Plain",
            "Partial Mode": "Finalize",
            "Parallel Aware": false,
            "Startup Cost": 33005.23,
            "Total Cost": 33005.24,
            "Plan Rows": 1,
            "Plan Width": 8,
            "Actual Startup Time": 93.109,
            "Actual Total Time": 98.789,
            "Actual Rows": 1,
            "Actual Loops": 1,
            "Output": [
                "count(*)"
            ],
            "Plans": [
                {
                    "Node Type": "Gather",
                    "Parent Relationship": "Outer",
                    "Parallel Aware": false,
                    "Startup Cost": 33004.92,
                    "Total Cost": 33005.23,
                    "Plan Rows": 3,
                    "Plan Width": 8,
                    "Actual Startup Time": 93.015,
                    "Actual Total Time": 98.781,
                    "Actual Rows": 4,
                    "Actual Loops": 1,
                    "Output": [
                        "(PARTIAL count(*))"
                    ],
                    "Workers Planned": 3,
                    "Workers Launched": 3,
                    "Single Copy": false,
                    "Plans": [
                        {
                            "Node Type": "Aggregate",
                            "Strategy": "Plain",
                            "Partial Mode": "Partial",
                            "Parent Relationship": "Outer",
                            "Parallel Aware": false,
                            "Startup Cost": 32004.92,
                            "Total Cost": 32004.93,
                            "Plan Rows": 1,
                            "Plan Width": 8,
                            "Actual Startup Time": 84.911,
                            "Actual Total Time": 84.912,
                            "Actual Rows": 1,
                            "Actual Loops": 4,
                            "Output": [
                                "PARTIAL count(*)"
                            ],
                            "Workers": [
                                {
                                    "Worker Number": 0,
                                    "Actual Startup Time": 81.909,
                                    "Actual Total Time": 81.91,
                                    "Actual Rows": 1,
                                    "Actual Loops": 1
                                },
                                {
                                    "Worker Number": 1,
                                    "Actual Startup Time": 82.409,
                                    "Actual Total Time": 82.411,
                                    "Actual Rows": 1,
                                    "Actual Loops": 1
                                },
                                {
                                    "Worker Number": 2,
                                    "Actual Startup Time": 82.708,
                                    "Actual Total Time": 82.709,
                                    "Actual Rows": 1,
                                    "Actual Loops": 1
                                }
                            ],
                            "Plans": [
                                {
                                    "Node Type": "Seq Scan",
                                    "Parent Relationship": "Outer",
                                    "Parallel Aware": true,
                                    "Relation Name": "movie_companies",
                                    "Schema": "public",
                                    "Alias": "mc",
                                    "Startup Cost": 0.0,
                                    "Total Cost": 31414.82,
                                    "Plan Rows": 236039,
                                    "Plan Width": 0,
                                    "Actual Startup Time": 42.119,
                                    "Actual Total Time": 75.356,
                                    "Actual Rows": 237671,
                                    "Actual Loops": 4,
                                    "Output": [
                                        "id",
                                        "movie_id",
                                        "company_id",
                                        "company_type_id",
                                        "note"
                                    ],
                                    "Filter": "((mc.company_id > 9868) AND (mc.company_type_id = 2))",
                                    "Rows Removed by Filter": 414611,
                                    "Workers": [
                                        {
                                            "Worker Number": 0,
                                            "Actual Startup Time": 39.107,
                                            "Actual Total Time": 72.791,
                                            "Actual Rows": 223495,
                                            "Actual Loops": 1
                                        },
                                        {
                                            "Worker Number": 1,
                                            "Actual Startup Time": 39.619,
                                            "Actual Total Time": 73.117,
                                            "Actual Rows": 228094,
                                            "Actual Loops": 1
                                        },
                                        {
                                            "Worker Number": 2,
                                            "Actual Startup Time": 39.921,
                                            "Actual Total Time": 73.427,
                                            "Actual Rows": 228921,
                                            "Actual Loops": 1
                                        }
                                    ]
                                }
                            ]
                        }
                    ]
                }
            ]
        },
        "Planning Time": 196.124,
        "Triggers": [],
        "Execution Time": 98.87
    }
]