{
  "Plan": {
    "Node Type": "Aggregate",
    "Strategy": "Plain",
    "Partial Mode": "Finalize",
    "Parallel Aware": false,
    "Startup Cost": 2516272.58,
    "Total Cost": 2516272.59,
    "Plan Rows": 1,
    "Plan Width": 8,
    "Actual Startup Time": 19217.068,
    "Actual Total Time": 19326.54,
    "Actual Rows": 1,
    "Actual Loops": 1,
    "Plans": [
      {
        "Node Type": "Gather",
        "Parent Relationship": "Outer",
        "Parallel Aware": false,
        "Startup Cost": 2516272.47,
        "Total Cost": 2516272.58,
        "Plan Rows": 1,
        "Plan Width": 8,
        "Actual Startup Time": 19216.831,
        "Actual Total Time": 19326.531,
        "Actual Rows": 2,
        "Actual Loops": 1,
        "Workers Planned": 1,
        "Workers Launched": 1,
        "Single Copy": false,
        "Plans": [
          {
            "Node Type": "Aggregate",
            "Strategy": "Plain",
            "Partial Mode": "Partial",
            "Parent Relationship": "Outer",
            "Parallel Aware": false,
            "Startup Cost": 2515272.47,
            "Total Cost": 2515272.48,
            "Plan Rows": 1,
            "Plan Width": 8,
            "Actual Startup Time": 19210.715,
            "Actual Total Time": 19210.718,
            "Actual Rows": 1,
            "Actual Loops": 2,
            "Plans": [
              {
                "Node Type": "Merge Join",
                "Parent Relationship": "Outer",
                "Parallel Aware": false,
                "Join Type": "Inner",
                "Startup Cost": 89.05,
                "Total Cost": 2499490.59,
                "Plan Rows": 6312752,
                "Plan Width": 0,
                "Actual Startup Time": 9.194,
                "Actual Total Time": 18972.379,
                "Actual Rows": 5190406,
                "Actual Loops": 2,
                "Inner Unique": false,
                "Merge Cond": "(t.id = mc.movie_id)",
                "Plans": [
                  {
                    "Node Type": "Merge Join",
                    "Parent Relationship": "Outer",
                    "Parallel Aware": false,
                    "Join Type": "Inner",
                    "Startup Cost": 42.96,
                    "Total Cost": 2229437.25,
                    "Plan Rows": 12426540,
                    "Plan Width": 8,
                    "Actual Startup Time": 3.098,
                    "Actual Total Time": 16839.627,
                    "Actual Rows": 10526946,
                    "Actual Loops": 2,
                    "Inner Unique": true,
                    "Merge Cond": "(ci.movie_id = t.id)",
                    "Plans": [
                      {
                        "Node Type": "Index Only Scan",
                        "Parent Relationship": "Outer",
                        "Parallel Aware": true,
                        "Scan Direction": "Forward",
                        "Index Name": "movie_id_cast_info",
                        "Relation Name": "cast_info",
                        "Alias": "ci",
                        "Startup Cost": 0.56,
                        "Total Cost": 1925345.15,
                        "Plan Rows": 21310595,
                        "Plan Width": 4,
                        "Actual Startup Time": 0.167,
                        "Actual Total Time": 13733.345,
                        "Actual Rows": 18121686,
                        "Actual Loops": 2,
                        "Heap Fetches": 36243373
                      },
                      {
                        "Node Type": "Index Scan",
                        "Parent Relationship": "Inner",
                        "Parallel Aware": false,
                        "Scan Direction": "Forward",
                        "Index Name": "title_pkey",
                        "Relation Name": "title",
                        "Alias": "t",
                        "Startup Cost": 0.43,
                        "Total Cost": 122981.43,
                        "Plan Rows": 1474287,
                        "Plan Width": 4,
                        "Actual Startup Time": 0.133,
                        "Actual Total Time": 1458.931,
                        "Actual Rows": 1478428,
                        "Actual Loops": 2,
                        "Filter": "((production_year > 1911) AND (kind_id = 7))",
                        "Rows Removed by Filter": 1047346
                      }
                    ]
                  },
                  {
                    "Node Type": "Materialize",
                    "Parent Relationship": "Inner",
                    "Parallel Aware": false,
                    "Startup Cost": 0.43,
                    "Total Cost": 149793.23,
                    "Plan Rows": 1284387,
                    "Plan Width": 4,
                    "Actual Startup Time": 0.068,
                    "Actual Total Time": 968.897,
                    "Actual Rows": 6308868,
                    "Actual Loops": 2,
                    "Plans": [
                      {
                        "Node Type": "Index Scan",
                        "Parent Relationship": "Outer",
                        "Parallel Aware": false,
                        "Scan Direction": "Forward",
                        "Index Name": "movie_id_movie_companies",
                        "Relation Name": "movie_companies",
                        "Alias": "mc",
                        "Startup Cost": 0.43,
                        "Total Cost": 146582.27,
                        "Plan Rows": 1284387,
                        "Plan Width": 4,
                        "Actual Startup Time": 0.06,
                        "Actual Total Time": 651.636,
                        "Actual Rows": 1274246,
                        "Actual Loops": 2,
                        "Filter": "(company_type_id < 2)",
                        "Rows Removed by Filter": 1334883
                      }
                    ]
                  }
                ]
              }
            ]
          }
        ]
      }
    ]
  },
  "Planning Time": 1.001,
  "Triggers": [],
  "Execution Time": 19326.654
}