[
  {
    "Plan": {
      "Node Type": "Aggregate",
      "Strategy": "Plain",
      "Partial Mode": "Finalize",
      "Parallel Aware": false,
      "Startup Cost": 46866.95,
      "Total Cost": 46866.96,
      "Plan Rows": 1,
      "Plan Width": 8,
      "Actual Startup Time": 97.673,
      "Actual Total Time": 109.704,
      "Actual Rows": 1,
      "Actual Loops": 1,
      "Plans": [
        {
          "Node Type": "Gather",
          "Parent Relationship": "Outer",
          "Parallel Aware": false,
          "Startup Cost": 46866.53,
          "Total Cost": 46866.94,
          "Plan Rows": 4,
          "Plan Width": 8,
          "Actual Startup Time": 97.494,
          "Actual Total Time": 109.696,
          "Actual Rows": 5,
          "Actual Loops": 1,
          "Workers Planned": 4,
          "Workers Launched": 4,
          "Single Copy": false,
          "Plans": [
            {
              "Node Type": "Aggregate",
              "Strategy": "Plain",
              "Partial Mode": "Partial",
              "Parent Relationship": "Outer",
              "Parallel Aware": false,
              "Startup Cost": 45866.53,
              "Total Cost": 45866.54,
              "Plan Rows": 1,
              "Plan Width": 8,
              "Actual Startup Time": 88.566,
              "Actual Total Time": 88.568,
              "Actual Rows": 1,
              "Actual Loops": 5,
              "Plans": [
                {
                  "Node Type": "Seq Scan",
                  "Parent Relationship": "Outer",
                  "Parallel Aware": true,
                  "Relation Name": "title",
                  "Alias": "t",
                  "Startup Cost": 0.0,
                  "Total Cost": 45479.59,
                  "Plan Rows": 154776,
                  "Plan Width": 0,
                  "Actual Startup Time": 0.055,
                  "Actual Total Time": 83.681,
                  "Actual Rows": 104075,
                  "Actual Loops": 5,
                  "Filter": "((kind_id < 7) AND (production_year > 1996))",
                  "Rows Removed by Filter": 401587
                }
              ]
            }
          ]
        }
      ]
    },
    "Planning Time": 0.08,
    "Triggers": [],
    "Execution Time": 109.732
  }
]