[
  {
    "Plan": {
      "Node Type": "Aggregate",
      "Strategy": "Plain",
      "Partial Mode": "Finalize",
      "Parallel Aware": false,
      "Startup Cost": 46865.93,
      "Total Cost": 46865.94,
      "Plan Rows": 1,
      "Plan Width": 8,
      "Actual Startup Time": 99.799,
      "Actual Total Time": 112.134,
      "Actual Rows": 1,
      "Actual Loops": 1,
      "Plans": [
        {
          "Node Type": "Gather",
          "Parent Relationship": "Outer",
          "Parallel Aware": false,
          "Startup Cost": 46865.51,
          "Total Cost": 46865.92,
          "Plan Rows": 4,
          "Plan Width": 8,
          "Actual Startup Time": 99.468,
          "Actual Total Time": 112.126,
          "Actual Rows": 5,
          "Actual Loops": 1,
          "Workers Planned": 4,
          "Workers Launched": 4,
          "Single Copy": false,
          "Plans": [
            {
              "Node Type": "Aggregate",
              "Strategy": "Plain",
              "Partial Mode": "Partial",
              "Parent Relationship": "Outer",
              "Parallel Aware": false,
              "Startup Cost": 45865.51,
              "Total Cost": 45865.52,
              "Plan Rows": 1,
              "Plan Width": 8,
              "Actual Startup Time": 92.399,
              "Actual Total Time": 92.4,
              "Actual Rows": 1,
              "Actual Loops": 5,
              "Plans": [
                {
                  "Node Type": "Seq Scan",
                  "Parent Relationship": "Outer",
                  "Parallel Aware": true,
                  "Relation Name": "title",
                  "Alias": "t",
                  "Startup Cost": 0.0,
                  "Total Cost": 45479.1,
                  "Plan Rows": 154565,
                  "Plan Width": 0,
                  "Actual Startup Time": 0.037,
                  "Actual Total Time": 87.129,
                  "Actual Rows": 104075,
                  "Actual Loops": 5,
                  "Filter": "((kind_id < 7) AND (production_year > 1996))",
                  "Rows Removed by Filter": 401587
                }
              ]
            }
          ]
        }
      ]
    },
    "Planning Time": 0.186,
    "Triggers": [],
    "Execution Time": 112.194
  }
]