{
  "Plan": {
    "Node Type": "Aggregate",
    "Strategy": "Plain",
    "Partial Mode": "Finalize",
    "Parallel Aware": false,
    "Startup Cost": 961268.93,
    "Total Cost": 961268.94,
    "Plan Rows": 1,
    "Plan Width": 8,
    "Actual Startup Time": 5912.222,
    "Actual Total Time": 5996.509,
    "Actual Rows": 1,
    "Actual Loops": 1,
    "Plans": [
      {
        "Node Type": "Gather",
        "Parent Relationship": "Outer",
        "Parallel Aware": false,
        "Startup Cost": 961268.81,
        "Total Cost": 961268.92,
        "Plan Rows": 1,
        "Plan Width": 8,
        "Actual Startup Time": 5910.622,
        "Actual Total Time": 5996.498,
        "Actual Rows": 2,
        "Actual Loops": 1,
        "Workers Planned": 1,
        "Workers Launched": 1,
        "Single Copy": false,
        "Plans": [
          {
            "Node Type": "Aggregate",
            "Strategy": "Plain",
            "Partial Mode": "Partial",
            "Parent Relationship": "Outer",
            "Parallel Aware": false,
            "Startup Cost": 960268.81,
            "Total Cost": 960268.82,
            "Plan Rows": 1,
            "Plan Width": 8,
            "Actual Startup Time": 5904.962,
            "Actual Total Time": 5905.079,
            "Actual Rows": 1,
            "Actual Loops": 2,
            "Plans": [
              {
                "Node Type": "Hash Join",
                "Parent Relationship": "Outer",
                "Parallel Aware": true,
                "Join Type": "Inner",
                "Startup Cost": 618345.04,
                "Total Cost": 955235.72,
                "Plan Rows": 2013236,
                "Plan Width": 0,
                "Actual Startup Time": 3359.332,
                "Actual Total Time": 5702.685,
                "Actual Rows": 5156501,
                "Actual Loops": 2,
                "Inner Unique": false,
                "Hash Cond": "(mi.movie_id = t.id)",
                "Plans": [
                  {
                    "Node Type": "Seq Scan",
                    "Parent Relationship": "Outer",
                    "Parallel Aware": true,
                    "Relation Name": "movie_info",
                    "Alias": "mi",
                    "Startup Cost": 0.0,
                    "Total Cost": 248955.74,
                    "Plan Rows": 8696274,
                    "Plan Width": 4,
                    "Actual Startup Time": 0.017,
                    "Actual Total Time": 644.844,
                    "Actual Rows": 7417860,
                    "Actual Loops": 2
                  },
                  {
                    "Node Type": "Hash",
                    "Parent Relationship": "Inner",
                    "Parallel Aware": true,
                    "Startup Cost": 614041.26,
                    "Total Cost": 614041.26,
                    "Plan Rows": 344302,
                    "Plan Width": 8,
                    "Actual Startup Time": 3347.995,
                    "Actual Total Time": 3348.11,
                    "Actual Rows": 270424,
                    "Actual Loops": 2,
                    "Hash Buckets": 1048576,
                    "Original Hash Buckets": 1048576,
                    "Hash Batches": 1,
                    "Original Hash Batches": 1,
                    "Peak Memory Usage": 29376,
                    "Plans": [
                      {
                        "Node Type": "Hash Join",
                        "Parent Relationship": "Outer",
                        "Parallel Aware": true,
                        "Join Type": "Inner",
                        "Startup Cost": 58770.59,
                        "Total Cost": 614041.26,
                        "Plan Rows": 344302,
                        "Plan Width": 8,
                        "Actual Startup Time": 491.614,
                        "Actual Total Time": 3244.952,
                        "Actual Rows": 270424,
                        "Actual Loops": 2,
                        "Inner Unique": true,
                        "Hash Cond": "(ci.movie_id = t.id)",
                        "Plans": [
                          {
                            "Node Type": "Seq Scan",
                            "Parent Relationship": "Outer",
                            "Parallel Aware": true,
                            "Relation Name": "cast_info",
                            "Alias": "ci",
                            "Startup Cost": 0.0,
                            "Total Cost": 519069.44,
                            "Plan Rows": 13790924,
                            "Plan Width": 4,
                            "Actual Startup Time": 332.535,
                            "Actual Total Time": 1690.996,
                            "Actual Rows": 11726626,
                            "Actual Loops": 2,
                            "Filter": "(person_id > 1261583)",
                            "Rows Removed by Filter": 6395546
                          },
                          {
                            "Node Type": "Hash",
                            "Parent Relationship": "Inner",
                            "Parallel Aware": true,
                            "Startup Cost": 58306.47,
                            "Total Cost": 58306.47,
                            "Plan Rows": 37130,
                            "Plan Width": 4,
                            "Actual Startup Time": 158.64,
                            "Actual Total Time": 158.641,
                            "Actual Rows": 26952,
                            "Actual Loops": 2,
                            "Hash Buckets": 65536,
                            "Original Hash Buckets": 65536,
                            "Hash Batches": 1,
                            "Original Hash Batches": 1,
                            "Peak Memory Usage": 2624,
                            "Plans": [
                              {
                                "Node Type": "Seq Scan",
                                "Parent Relationship": "Outer",
                                "Parallel Aware": true,
                                "Relation Name": "title",
                                "Alias": "t",
                                "Startup Cost": 0.0,
                                "Total Cost": 58306.47,
                                "Plan Rows": 37130,
                                "Plan Width": 4,
                                "Actual Startup Time": 0.115,
                                "Actual Total Time": 148.93,
                                "Actual Rows": 26952,
                                "Actual Loops": 2,
                                "Filter": "((kind_id < 7) AND (production_year = 2012))",
                                "Rows Removed by Filter": 1237204
                              }
                            ]
                          }
                        ]
                      }
                    ]
                  }
                ]
              }
            ]
          }
        ]
      }
    ]
  },
  "Planning Time": 1.099,
  "Triggers": [],
  "Execution Time": 5996.613
}