[
  {
    "Plan": {
      "Node Type": "Aggregate",
      "Strategy": "Plain",
      "Partial Mode": "Finalize",
      "Parallel Aware": false,
      "Startup Cost": 110835.43,
      "Total Cost": 110835.44,
      "Plan Rows": 1,
      "Plan Width": 8,
      "Actual Startup Time": 223.163,
      "Actual Total Time": 235.136,
      "Actual Rows": 1,
      "Actual Loops": 1,
      "Plans": [
        {
          "Node Type": "Gather",
          "Parent Relationship": "Outer",
          "Parallel Aware": false,
          "Startup Cost": 110835.32,
          "Total Cost": 110835.43,
          "Plan Rows": 1,
          "Plan Width": 8,
          "Actual Startup Time": 222.276,
          "Actual Total Time": 235.128,
          "Actual Rows": 2,
          "Actual Loops": 1,
          "Workers Planned": 1,
          "Workers Launched": 1,
          "Single Copy": false,
          "Plans": [
            {
              "Node Type": "Aggregate",
              "Strategy": "Plain",
              "Partial Mode": "Partial",
              "Parent Relationship": "Outer",
              "Parallel Aware": false,
              "Startup Cost": 109835.32,
              "Total Cost": 109835.33,
              "Plan Rows": 1,
              "Plan Width": 8,
              "Actual Startup Time": 218.897,
              "Actual Total Time": 218.901,
              "Actual Rows": 1,
              "Actual Loops": 2,
              "Plans": [
                {
                  "Node Type": "Hash Join",
                  "Parent Relationship": "Outer",
                  "Parallel Aware": true,
                  "Join Type": "Inner",
                  "Startup Cost": 45169.85,
                  "Total Cost": 109827.28,
                  "Plan Rows": 3215,
                  "Plan Width": 0,
                  "Actual Startup Time": 209.337,
                  "Actual Total Time": 218.773,
                  "Actual Rows": 2576,
                  "Actual Loops": 2,
                  "Inner Unique": true,
                  "Hash Cond": "(ci.movie_id = t.id)",
                  "Plans": [
                    {
                      "Node Type": "Index Scan",
                      "Parent Relationship": "Outer",
                      "Parallel Aware": true,
                      "Scan Direction": "Forward",
                      "Index Name": "person_id_cast_info",
                      "Relation Name": "cast_info",
                      "Alias": "ci",
                      "Startup Cost": 0.56,
                      "Total Cost": 64605.49,
                      "Plan Rows": 20001,
                      "Plan Width": 4,
                      "Actual Startup Time": 0.045,
                      "Actual Total Time": 3.969,
                      "Actual Rows": 16991,
                      "Actual Loops": 2,
                      "Index Cond": "(person_id > 4056337)",
                      "Rows Removed by Index Recheck": 0
                    },
                    {
                      "Node Type": "Hash",
                      "Parent Relationship": "Inner",
                      "Parallel Aware": true,
                      "Startup Cost": 43899.32,
                      "Total Cost": 43899.32,
                      "Plan Rows": 101597,
                      "Plan Width": 4,
                      "Actual Startup Time": 203.604,
                      "Actual Total Time": 203.604,
                      "Actual Rows": 211890,
                      "Actual Loops": 2,
                      "Hash Buckets": 524288,
                      "Original Hash Buckets": 524288,
                      "Hash Batches": 1,
                      "Original Hash Batches": 1,
                      "Peak Memory Usage": 20704,
                      "Plans": [
                        {
                          "Node Type": "Seq Scan",
                          "Parent Relationship": "Outer",
                          "Parallel Aware": true,
                          "Relation Name": "title",
                          "Alias": "t",
                          "Startup Cost": 0.0,
                          "Total Cost": 43899.32,
                          "Plan Rows": 101597,
                          "Plan Width": 4,
                          "Actual Startup Time": 0.025,
                          "Actual Total Time": 149.045,
                          "Actual Rows": 211890,
                          "Actual Loops": 2,
                          "Filter": "(production_year < 1974)",
                          "Rows Removed by Filter": 1052266
                        }
                      ]
                    }
                  ]
                }
              ]
            }
          ]
        }
      ]
    },
    "Planning Time": 0.622,
    "Triggers": [],
    "Execution Time": 235.28
  }
]