[
  {
    "Plan": {
      "Node Type": "Aggregate",
      "Strategy": "Plain",
      "Partial Mode": "Simple",
      "Parallel Aware": false,
      "Startup Cost": 7486.48,
      "Total Cost": 7486.49,
      "Plan Rows": 1,
      "Plan Width": 96,
      "Actual Startup Time": 2849.803,
      "Actual Total Time": 2849.81,
      "Actual Rows": 1,
      "Actual Loops": 1,
      "Plans": [
        {
          "Node Type": "Nested Loop",
          "Parent Relationship": "Outer",
          "Parallel Aware": false,
          "Join Type": "Inner",
          "Startup Cost": 13.62,
          "Total Cost": 7486.47,
          "Plan Rows": 1,
          "Plan Width": 41,
          "Actual Startup Time": 16.772,
          "Actual Total Time": 2849.316,
          "Actual Rows": 1111,
          "Actual Loops": 1,
          "Inner Unique": true,
          "Plans": [
            {
              "Node Type": "Nested Loop",
              "Parent Relationship": "Outer",
              "Parallel Aware": false,
              "Join Type": "Inner",
              "Startup Cost": 13.49,
              "Total Cost": 7486.31,
              "Plan Rows": 1,
              "Plan Width": 45,
              "Actual Startup Time": 16.768,
              "Actual Total Time": 2847.864,
              "Actual Rows": 1259,
              "Actual Loops": 1,
              "Inner Unique": true,
              "Plans": [
                {
                  "Node Type": "Nested Loop",
                  "Parent Relationship": "Outer",
                  "Parallel Aware": false,
                  "Join Type": "Inner",
                  "Startup Cost": 13.36,
                  "Total Cost": 7486.14,
                  "Plan Rows": 1,
                  "Plan Width": 49,
                  "Actual Startup Time": 16.604,
                  "Actual Total Time": 2838.661,
                  "Actual Rows": 5796,
                  "Actual Loops": 1,
                  "Inner Unique": true,
                  "Plans": [
                    {
                      "Node Type": "Nested Loop",
                      "Parent Relationship": "Outer",
                      "Parallel Aware": false,
                      "Join Type": "Inner",
                      "Startup Cost": 12.94,
                      "Total Cost": 7485.59,
                      "Plan Rows": 1,
                      "Plan Width": 34,
                      "Actual Startup Time": 16.56,
                      "Actual Total Time": 2810.237,
                      "Actual Rows": 5985,
                      "Actual Loops": 1,
                      "Inner Unique": true,
                      "Join Filter": "(t.kind_id = kt.id)",
                      "Rows Removed by Join Filter": 230,
                      "Plans": [
                        {
                          "Node Type": "Nested Loop",
                          "Parent Relationship": "Outer",
                          "Parallel Aware": false,
                          "Join Type": "Inner",
                          "Startup Cost": 12.94,
                          "Total Cost": 7484.48,
                          "Plan Rows": 1,
                          "Plan Width": 38,
                          "Actual Startup Time": 16.55,
                          "Actual Total Time": 2789.424,
                          "Actual Rows": 6089,
                          "Actual Loops": 1,
                          "Inner Unique": true,
                          "Join Filter": "(mi.info_type_id = it1.id)",
                          "Rows Removed by Join Filter": 3085,
                          "Plans": [
                            {
                              "Node Type": "Nested Loop",
                              "Parent Relationship": "Outer",
                              "Parallel Aware": false,
                              "Join Type": "Inner",
                              "Startup Cost": 12.94,
                              "Total Cost": 7482.05,
                              "Plan Rows": 1,
                              "Plan Width": 42,
                              "Actual Startup Time": 16.54,
                              "Actual Total Time": 2718.919,
                              "Actual Rows": 9174,
                              "Actual Loops": 1,
                              "Inner Unique": false,
                              "Join Filter": "(t.id = mi.movie_id)",
                              "Rows Removed by Join Filter": 0,
                              "Plans": [
                                {
                                  "Node Type": "Nested Loop",
                                  "Parent Relationship": "Outer",
                                  "Parallel Aware": false,
                                  "Join Type": "Inner",
                                  "Startup Cost": 12.5,
                                  "Total Cost": 7480.49,
                                  "Plan Rows": 1,
                                  "Plan Width": 58,
                                  "Actual Startup Time": 7.243,
                                  "Actual Total Time": 752.298,
                                  "Actual Rows": 24640,
                                  "Actual Loops": 1,
                                  "Inner Unique": true,
                                  "Plans": [
                                    {
                                      "Node Type": "Nested Loop",
                                      "Parent Relationship": "Outer",
                                      "Parallel Aware": false,
                                      "Join Type": "Inner",
                                      "Startup Cost": 12.07,
                                      "Total Cost": 7480.0,
                                      "Plan Rows": 1,
                                      "Plan Width": 33,
                                      "Actual Startup Time": 7.172,
                                      "Actual Total Time": 581.123,
                                      "Actual Rows": 43624,
                                      "Actual Loops": 1,
                                      "Inner Unique": true,
                                      "Join Filter": "(mc.company_type_id = ct.id)",
                                      "Rows Removed by Join Filter": 10,
                                      "Plans": [
                                        {
                                          "Node Type": "Nested Loop",
                                          "Parent Relationship": "Outer",
                                          "Parallel Aware": false,
                                          "Join Type": "Inner",
                                          "Startup Cost": 12.07,
                                          "Total Cost": 7478.91,
                                          "Plan Rows": 1,
                                          "Plan Width": 37,
                                          "Actual Startup Time": 7.164,
                                          "Actual Total Time": 427.387,
                                          "Actual Rows": 43624,
                                          "Actual Loops": 1,
                                          "Inner Unique": false,
                                          "Plans": [
                                            {
                                              "Node Type": "Nested Loop",
                                              "Parent Relationship": "Outer",
                                              "Parallel Aware": false,
                                              "Join Type": "Inner",
                                              "Startup Cost": 11.64,
                                              "Total Cost": 7478.33,
                                              "Plan Rows": 1,
                                              "Plan Width": 25,
                                              "Actual Startup Time": 6.9,
                                              "Actual Total Time": 284.595,
                                              "Actual Rows": 8532,
                                              "Actual Loops": 1,
                                              "Inner Unique": false,
                                              "Plans": [
                                                {
                                                  "Node Type": "Nested Loop",
                                                  "Parent Relationship": "Outer",
                                                  "Parallel Aware": false,
                                                  "Join Type": "Inner",
                                                  "Startup Cost": 11.22,
                                                  "Total Cost": 7477.86,
                                                  "Plan Rows": 1,
                                                  "Plan Width": 13,
                                                  "Actual Startup Time": 5.505,
                                                  "Actual Total Time": 249.784,
                                                  "Actual Rows": 11708,
                                                  "Actual Loops": 1,
                                                  "Inner Unique": false,
                                                  "Join Filter": "(mi_idx.info_type_id = it2.id)",
                                                  "Rows Removed by Join Filter": 6993,
                                                  "Plans": [
                                                    {
                                                      "Node Type": "Seq Scan",
                                                      "Parent Relationship": "Outer",
                                                      "Parallel Aware": false,
                                                      "Relation Name": "info_type",
                                                      "Alias": "it2",
                                                      "Startup Cost": 0.0,
                                                      "Total Cost": 2.41,
                                                      "Plan Rows": 1,
                                                      "Plan Width": 4,
                                                      "Actual Startup Time": 0.022,
                                                      "Actual Total Time": 0.024,
                                                      "Actual Rows": 1,
                                                      "Actual Loops": 1,
                                                      "Filter": "((info)::text = 'rating'::text)",
                                                      "Rows Removed by Filter": 112
                                                    },
                                                    {
                                                      "Node Type": "Nested Loop",
                                                      "Parent Relationship": "Inner",
                                                      "Parallel Aware": false,
                                                      "Join Type": "Inner",
                                                      "Startup Cost": 11.22,
                                                      "Total Cost": 7474.28,
                                                      "Plan Rows": 93,
                                                      "Plan Width": 17,
                                                      "Actual Startup Time": 5.481,
                                                      "Actual Total Time": 246.651,
                                                      "Actual Rows": 18701,
                                                      "Actual Loops": 1,
                                                      "Inner Unique": false,
                                                      "Plans": [
                                                        {
                                                          "Node Type": "Nested Loop",
                                                          "Parent Relationship": "Outer",
                                                          "Parallel Aware": false,
                                                          "Join Type": "Inner",
                                                          "Startup Cost": 10.8,
                                                          "Total Cost": 7405.43,
                                                          "Plan Rows": 135,
                                                          "Plan Width": 4,
                                                          "Actual Startup Time": 5.428,
                                                          "Actual Total Time": 95.766,
                                                          "Actual Rows": 37091,
                                                          "Actual Loops": 1,
                                                          "Inner Unique": false,
                                                          "Plans": [
                                                            {
                                                              "Node Type": "Seq Scan",
                                                              "Parent Relationship": "Outer",
                                                              "Parallel Aware": false,
                                                              "Relation Name": "keyword",
                                                              "Alias": "k",
                                                              "Startup Cost": 0.0,
                                                              "Total Cost": 2961.55,
                                                              "Plan Rows": 4,
                                                              "Plan Width": 4,
                                                              "Actual Startup Time": 1.344,
                                                              "Actual Total Time": 14.499,
                                                              "Actual Rows": 3,
                                                              "Actual Loops": 1,
                                                              "Filter": "(keyword = ANY ('{murder,murder-in-title,blood,violence}'::text[]))",
                                                              "Rows Removed by Filter": 134167
                                                            },
                                                            {
                                                              "Node Type": "Bitmap Heap Scan",
                                                              "Parent Relationship": "Inner",
                                                              "Parallel Aware": false,
                                                              "Relation Name": "movie_keyword",
                                                              "Alias": "mk",
                                                              "Startup Cost": 10.8,
                                                              "Total Cost": 1107.92,
                                                              "Plan Rows": 305,
                                                              "Plan Width": 8,
                                                              "Actual Startup Time": 3.814,
                                                              "Actual Total Time": 25.363,
                                                              "Actual Rows": 12364,
                                                              "Actual Loops": 3,
                                                              "Recheck Cond": "(keyword_id = k.id)",
                                                              "Rows Removed by Index Recheck": 0,
                                                              "Exact Heap Blocks": 26312,
                                                              "Lossy Heap Blocks": 0,
                                                              "Plans": [
                                                                {
                                                                  "Node Type": "Bitmap Index Scan",
                                                                  "Parent Relationship": "Outer",
                                                                  "Parallel Aware": false,
                                                                  "Index Name": "keyword_id_movie_keyword",
                                                                  "Startup Cost": 0.0,
                                                                  "Total Cost": 10.72,
                                                                  "Plan Rows": 305,
                                                                  "Plan Width": 0,
                                                                  "Actual Startup Time": 2.257,
                                                                  "Actual Total Time": 2.257,
                                                                  "Actual Rows": 12364,
                                                                  "Actual Loops": 3,
                                                                  "Index Cond": "(keyword_id = k.id)"
                                                                }
                                                              ]
                                                            }
                                                          ]
                                                        },
                                                        {
                                                          "Node Type": "Index Scan",
                                                          "Parent Relationship": "Inner",
                                                          "Parallel Aware": false,
                                                          "Scan Direction": "Forward",
                                                          "Index Name": "movie_id_movie_info_idx",
                                                          "Relation Name": "movie_info_idx",
                                                          "Alias": "mi_idx",
                                                          "Startup Cost": 0.43,
                                                          "Total Cost": 0.5,
                                                          "Plan Rows": 1,
                                                          "Plan Width": 13,
                                                          "Actual Startup Time": 0.004,
                                                          "Actual Total Time": 0.004,
                                                          "Actual Rows": 1,
                                                          "Actual Loops": 37091,
                                                          "Index Cond": "(movie_id = mk.movie_id)",
                                                          "Rows Removed by Index Recheck": 0,
                                                          "Filter": "(info > '6.5'::text)",
                                                          "Rows Removed by Filter": 2
                                                        }
                                                      ]
                                                    }
                                                  ]
                                                },
                                                {
                                                  "Node Type": "Index Scan",
                                                  "Parent Relationship": "Inner",
                                                  "Parallel Aware": false,
                                                  "Scan Direction": "Forward",
                                                  "Index Name": "movie_id_complete_cast",
                                                  "Relation Name": "complete_cast",
                                                  "Alias": "cc",
                                                  "Startup Cost": 0.42,
                                                  "Total Cost": 0.46,
                                                  "Plan Rows": 2,
                                                  "Plan Width": 12,
                                                  "Actual Startup Time": 0.002,
                                                  "Actual Total Time": 0.003,
                                                  "Actual Rows": 1,
                                                  "Actual Loops": 11708,
                                                  "Index Cond": "(movie_id = mk.movie_id)",
                                                  "Rows Removed by Index Recheck": 0
                                                }
                                              ]
                                            },
                                            {
                                              "Node Type": "Index Scan",
                                              "Parent Relationship": "Inner",
                                              "Parallel Aware": false,
                                              "Scan Direction": "Forward",
                                              "Index Name": "movie_id_movie_companies",
                                              "Relation Name": "movie_companies",
                                              "Alias": "mc",
                                              "Startup Cost": 0.43,
                                              "Total Cost": 0.57,
                                              "Plan Rows": 1,
                                              "Plan Width": 12,
                                              "Actual Startup Time": 0.008,
                                              "Actual Total Time": 0.015,
                                              "Actual Rows": 5,
                                              "Actual Loops": 8532,
                                              "Index Cond": "(movie_id = mk.movie_id)",
                                              "Rows Removed by Index Recheck": 0,
                                              "Filter": "((note !~~ '%(USA)%'::text) AND (note ~~ '%(200%)%'::text))",
                                              "Rows Removed by Filter": 12
                                            }
                                          ]
                                        },
                                        {
                                          "Node Type": "Seq Scan",
                                          "Parent Relationship": "Inner",
                                          "Parallel Aware": false,
                                          "Relation Name": "company_type",
                                          "Alias": "ct",
                                          "Startup Cost": 0.0,
                                          "Total Cost": 1.04,
                                          "Plan Rows": 4,
                                          "Plan Width": 4,
                                          "Actual Startup Time": 0.001,
                                          "Actual Total Time": 0.001,
                                          "Actual Rows": 1,
                                          "Actual Loops": 43624
                                        }
                                      ]
                                    },
                                    {
                                      "Node Type": "Index Scan",
                                      "Parent Relationship": "Inner",
                                      "Parallel Aware": false,
                                      "Scan Direction": "Forward",
                                      "Index Name": "title_pkey",
                                      "Relation Name": "title",
                                      "Alias": "t",
                                      "Startup Cost": 0.43,
                                      "Total Cost": 0.49,
                                      "Plan Rows": 1,
                                      "Plan Width": 25,
                                      "Actual Startup Time": 0.003,
                                      "Actual Total Time": 0.003,
                                      "Actual Rows": 1,
                                      "Actual Loops": 43624,
                                      "Index Cond": "(id = mk.movie_id)",
                                      "Rows Removed by Index Recheck": 0,
                                      "Filter": "(production_year > 1999)",
                                      "Rows Removed by Filter": 0
                                    }
                                  ]
                                },
                                {
                                  "Node Type": "Index Scan",
                                  "Parent Relationship": "Inner",
                                  "Parallel Aware": false,
                                  "Scan Direction": "Forward",
                                  "Index Name": "movie_id_movie_info",
                                  "Relation Name": "movie_info",
                                  "Alias": "mi",
                                  "Startup Cost": 0.43,
                                  "Total Cost": 1.55,
                                  "Plan Rows": 1,
                                  "Plan Width": 8,
                                  "Actual Startup Time": 0.07,
                                  "Actual Total Time": 0.079,
                                  "Actual Rows": 0,
                                  "Actual Loops": 24640,
                                  "Index Cond": "(movie_id = mk.movie_id)",
                                  "Rows Removed by Index Recheck": 0,
                                  "Filter": "(info = ANY ('{Sweden,Germany,Swedish,German}'::text[]))",
                                  "Rows Removed by Filter": 293
                                }
                              ]
                            },
                            {
                              "Node Type": "Seq Scan",
                              "Parent Relationship": "Inner",
                              "Parallel Aware": false,
                              "Relation Name": "info_type",
                              "Alias": "it1",
                              "Startup Cost": 0.0,
                              "Total Cost": 2.41,
                              "Plan Rows": 1,
                              "Plan Width": 4,
                              "Actual Startup Time": 0.003,
                              "Actual Total Time": 0.005,
                              "Actual Rows": 1,
                              "Actual Loops": 9174,
                              "Filter": "((info)::text = 'countries'::text)",
                              "Rows Removed by Filter": 42
                            }
                          ]
                        },
                        {
                          "Node Type": "Seq Scan",
                          "Parent Relationship": "Inner",
                          "Parallel Aware": false,
                          "Relation Name": "kind_type",
                          "Alias": "kt",
                          "Startup Cost": 0.0,
                          "Total Cost": 1.09,
                          "Plan Rows": 2,
                          "Plan Width": 4,
                          "Actual Startup Time": 0.001,
                          "Actual Total Time": 0.001,
                          "Actual Rows": 1,
                          "Actual Loops": 6089,
                          "Filter": "((kind)::text = ANY ('{movie,episode}'::text[]))",
                          "Rows Removed by Filter": 0
                        }
                      ]
                    },
                    {
                      "Node Type": "Index Scan",
                      "Parent Relationship": "Inner",
                      "Parallel Aware": false,
                      "Scan Direction": "Forward",
                      "Index Name": "company_name_pkey",
                      "Relation Name": "company_name",
                      "Alias": "cn",
                      "Startup Cost": 0.42,
                      "Total Cost": 0.55,
                      "Plan Rows": 1,
                      "Plan Width": 23,
                      "Actual Startup Time": 0.004,
                      "Actual Total Time": 0.004,
                      "Actual Rows": 1,
                      "Actual Loops": 5985,
                      "Index Cond": "(id = mc.company_id)",
                      "Rows Removed by Index Recheck": 0,
                      "Filter": "((country_code)::text <> '[us]'::text)",
                      "Rows Removed by Filter": 0
                    }
                  ]
                },
                {
                  "Node Type": "Index Scan",
                  "Parent Relationship": "Inner",
                  "Parallel Aware": false,
                  "Scan Direction": "Forward",
                  "Index Name": "comp_cast_type_pkey",
                  "Relation Name": "comp_cast_type",
                  "Alias": "cct1",
                  "Startup Cost": 0.13,
                  "Total Cost": 0.15,
                  "Plan Rows": 1,
                  "Plan Width": 4,
                  "Actual Startup Time": 0.001,
                  "Actual Total Time": 0.001,
                  "Actual Rows": 0,
                  "Actual Loops": 5796,
                  "Index Cond": "(id = cc.subject_id)",
                  "Rows Removed by Index Recheck": 0,
                  "Filter": "((kind)::text = 'crew'::text)",
                  "Rows Removed by Filter": 1
                }
              ]
            },
            {
              "Node Type": "Index Scan",
              "Parent Relationship": "Inner",
              "Parallel Aware": false,
              "Scan Direction": "Forward",
              "Index Name": "comp_cast_type_pkey",
              "Relation Name": "comp_cast_type",
              "Alias": "cct2",
              "Startup Cost": 0.13,
              "Total Cost": 0.15,
              "Plan Rows": 1,
              "Plan Width": 4,
              "Actual Startup Time": 0.001,
              "Actual Total Time": 0.001,
              "Actual Rows": 1,
              "Actual Loops": 1259,
              "Index Cond": "(id = cc.status_id)",
              "Rows Removed by Index Recheck": 0,
              "Filter": "((kind)::text <> 'complete+verified'::text)",
              "Rows Removed by Filter": 0
            }
          ]
        }
      ]
    },
    "Planning Time": 433.981,
    "Triggers": [],
    "Execution Time": 2850.407
  }
]