[
  {
    "Plan": {
      "Node Type": "Aggregate",
      "Strategy": "Plain",
      "Partial Mode": "Finalize",
      "Parallel Aware": false,
      "Startup Cost": 29361.97,
      "Total Cost": 29361.98,
      "Plan Rows": 1,
      "Plan Width": 8,
      "Actual Startup Time": 64.449,
      "Actual Total Time": 73.992,
      "Actual Rows": 1,
      "Actual Loops": 1,
      "Plans": [
        {
          "Node Type": "Gather",
          "Parent Relationship": "Outer",
          "Parallel Aware": false,
          "Startup Cost": 29361.66,
          "Total Cost": 29361.97,
          "Plan Rows": 3,
          "Plan Width": 8,
          "Actual Startup Time": 64.167,
          "Actual Total Time": 73.985,
          "Actual Rows": 4,
          "Actual Loops": 1,
          "Workers Planned": 3,
          "Workers Launched": 3,
          "Single Copy": false,
          "Plans": [
            {
              "Node Type": "Aggregate",
              "Strategy": "Plain",
              "Partial Mode": "Partial",
              "Parent Relationship": "Outer",
              "Parallel Aware": false,
              "Startup Cost": 28361.66,
              "Total Cost": 28361.67,
              "Plan Rows": 1,
              "Plan Width": 8,
              "Actual Startup Time": 58.492,
              "Actual Total Time": 58.495,
              "Actual Rows": 1,
              "Actual Loops": 4,
              "Plans": [
                {
                  "Node Type": "Bitmap Heap Scan",
                  "Parent Relationship": "Outer",
                  "Parallel Aware": true,
                  "Relation Name": "movie_keyword",
                  "Alias": "mk",
                  "Startup Cost": 3182.27,
                  "Total Cost": 28240.76,
                  "Plan Rows": 48359,
                  "Plan Width": 0,
                  "Actual Startup Time": 13.532,
                  "Actual Total Time": 55.91,
                  "Actual Rows": 37704,
                  "Actual Loops": 4,
                  "Recheck Cond": "(keyword_id > 73848)",
                  "Rows Removed by Index Recheck": 0,
                  "Exact Heap Blocks": 11589,
                  "Lossy Heap Blocks": 0,
                  "Plans": [
                    {
                      "Node Type": "Bitmap Index Scan",
                      "Parent Relationship": "Outer",
                      "Parallel Aware": false,
                      "Index Name": "keyword_id_movie_keyword",
                      "Startup Cost": 0.0,
                      "Total Cost": 3144.79,
                      "Plan Rows": 149914,
                      "Plan Width": 0,
                      "Actual Startup Time": 15.35,
                      "Actual Total Time": 15.35,
                      "Actual Rows": 150816,
                      "Actual Loops": 1,
                      "Index Cond": "(keyword_id > 73848)"
                    }
                  ]
                }
              ]
            }
          ]
        }
      ]
    },
    "Planning Time": 0.086,
    "Triggers": [],
    "Execution Time": 74.025
  }
]