[
  {
    "Plan": {
      "Node Type": "Aggregate",
      "Strategy": "Plain",
      "Partial Mode": "Finalize",
      "Parallel Aware": false,
      "Startup Cost": 342079.26,
      "Total Cost": 342079.27,
      "Plan Rows": 1,
      "Plan Width": 8,
      "Actual Startup Time": 958.126,
      "Actual Total Time": 1019.713,
      "Actual Rows": 1,
      "Actual Loops": 1,
      "Plans": [
        {
          "Node Type": "Gather",
          "Parent Relationship": "Outer",
          "Parallel Aware": false,
          "Startup Cost": 342078.64,
          "Total Cost": 342079.25,
          "Plan Rows": 6,
          "Plan Width": 8,
          "Actual Startup Time": 957.956,
          "Actual Total Time": 1019.702,
          "Actual Rows": 7,
          "Actual Loops": 1,
          "Workers Planned": 6,
          "Workers Launched": 6,
          "Single Copy": false,
          "Plans": [
            {
              "Node Type": "Aggregate",
              "Strategy": "Plain",
              "Partial Mode": "Partial",
              "Parent Relationship": "Outer",
              "Parallel Aware": false,
              "Startup Cost": 341078.64,
              "Total Cost": 341078.65,
              "Plan Rows": 1,
              "Plan Width": 8,
              "Actual Startup Time": 949.237,
              "Actual Total Time": 949.239,
              "Actual Rows": 1,
              "Actual Loops": 7,
              "Plans": [
                {
                  "Node Type": "Seq Scan",
                  "Parent Relationship": "Outer",
                  "Parallel Aware": true,
                  "Relation Name": "cast_info",
                  "Alias": "ci",
                  "Startup Cost": 0.0,
                  "Total Cost": 328162.03,
                  "Plan Rows": 5166645,
                  "Plan Width": 0,
                  "Actual Startup Time": 0.042,
                  "Actual Total Time": 723.727,
                  "Actual Rows": 4451718,
                  "Actual Loops": 7,
                  "Filter": "(person_id < 3160628)",
                  "Rows Removed by Filter": 726045
                }
              ]
            }
          ]
        }
      ]
    },
    "Planning Time": 0.161,
    "Triggers": [],
    "Execution Time": 1019.777
  }
]