[
  {
    "Plan": {
      "Node Type": "Aggregate",
      "Strategy": "Plain",
      "Partial Mode": "Finalize",
      "Parallel Aware": false,
      "Startup Cost": 47195.9,
      "Total Cost": 47195.91,
      "Plan Rows": 1,
      "Plan Width": 8,
      "Actual Startup Time": 166.187,
      "Actual Total Time": 177.243,
      "Actual Rows": 1,
      "Actual Loops": 1,
      "Plans": [
        {
          "Node Type": "Gather",
          "Parent Relationship": "Outer",
          "Parallel Aware": false,
          "Startup Cost": 47195.58,
          "Total Cost": 47195.89,
          "Plan Rows": 3,
          "Plan Width": 8,
          "Actual Startup Time": 166.04,
          "Actual Total Time": 177.234,
          "Actual Rows": 4,
          "Actual Loops": 1,
          "Workers Planned": 3,
          "Workers Launched": 3,
          "Single Copy": false,
          "Plans": [
            {
              "Node Type": "Aggregate",
              "Strategy": "Plain",
              "Partial Mode": "Partial",
              "Parent Relationship": "Outer",
              "Parallel Aware": false,
              "Startup Cost": 46195.58,
              "Total Cost": 46195.59,
              "Plan Rows": 1,
              "Plan Width": 8,
              "Actual Startup Time": 161.531,
              "Actual Total Time": 161.532,
              "Actual Rows": 1,
              "Actual Loops": 4,
              "Plans": [
                {
                  "Node Type": "Seq Scan",
                  "Parent Relationship": "Outer",
                  "Parallel Aware": true,
                  "Relation Name": "movie_keyword",
                  "Alias": "mk",
                  "Startup Cost": 0.0,
                  "Total Cost": 42695.65,
                  "Plan Rows": 1399972,
                  "Plan Width": 0,
                  "Actual Startup Time": 0.036,
                  "Actual Total Time": 115.669,
                  "Actual Rows": 1083744,
                  "Actual Loops": 4,
                  "Filter": "(keyword_id < 71153)",
                  "Rows Removed by Filter": 47238
                }
              ]
            }
          ]
        }
      ]
    },
    "Planning Time": 0.165,
    "Triggers": [],
    "Execution Time": 177.291
  }
]