{
  "Plan": {
    "Node Type": "Aggregate",
    "Strategy": "Plain",
    "Partial Mode": "Finalize",
    "Parallel Aware": false,
    "Startup Cost": 152138.53,
    "Total Cost": 152138.54,
    "Plan Rows": 1,
    "Plan Width": 8,
    "Actual Startup Time": 778.305,
    "Actual Total Time": 795.796,
    "Actual Rows": 1,
    "Actual Loops": 1,
    "Plans": [
      {
        "Node Type": "Gather",
        "Parent Relationship": "Outer",
        "Parallel Aware": false,
        "Startup Cost": 152138.42,
        "Total Cost": 152138.53,
        "Plan Rows": 1,
        "Plan Width": 8,
        "Actual Startup Time": 777.384,
        "Actual Total Time": 795.787,
        "Actual Rows": 2,
        "Actual Loops": 1,
        "Workers Planned": 1,
        "Workers Launched": 1,
        "Single Copy": false,
        "Plans": [
          {
            "Node Type": "Aggregate",
            "Strategy": "Plain",
            "Partial Mode": "Partial",
            "Parent Relationship": "Outer",
            "Parallel Aware": false,
            "Startup Cost": 151138.42,
            "Total Cost": 151138.43,
            "Plan Rows": 1,
            "Plan Width": 8,
            "Actual Startup Time": 771.074,
            "Actual Total Time": 771.241,
            "Actual Rows": 1,
            "Actual Loops": 2,
            "Plans": [
              {
                "Node Type": "Hash Join",
                "Parent Relationship": "Outer",
                "Parallel Aware": true,
                "Join Type": "Inner",
                "Startup Cost": 87335.69,
                "Total Cost": 150972.87,
                "Plan Rows": 66221,
                "Plan Width": 0,
                "Actual Startup Time": 477.36,
                "Actual Total Time": 755.549,
                "Actual Rows": 291766,
                "Actual Loops": 2,
                "Inner Unique": false,
                "Hash Cond": "(mk.movie_id = t.id)",
                "Plans": [
                  {
                    "Node Type": "Seq Scan",
                    "Parent Relationship": "Outer",
                    "Parallel Aware": true,
                    "Relation Name": "movie_keyword",
                    "Alias": "mk",
                    "Startup Cost": 0.0,
                    "Total Cost": 57718.19,
                    "Plan Rows": 1474518,
                    "Plan Width": 4,
                    "Actual Startup Time": 0.363,
                    "Actual Total Time": 223.656,
                    "Actual Rows": 1250708,
                    "Actual Loops": 2,
                    "Filter": "(keyword_id > 3623)",
                    "Rows Removed by Filter": 1011256
                  },
                  {
                    "Node Type": "Hash",
                    "Parent Relationship": "Inner",
                    "Parallel Aware": true,
                    "Startup Cost": 86500.79,
                    "Total Cost": 86500.79,
                    "Plan Rows": 66792,
                    "Plan Width": 8,
                    "Actual Startup Time": 394.51,
                    "Actual Total Time": 394.676,
                    "Actual Rows": 55312,
                    "Actual Loops": 2,
                    "Hash Buckets": 131072,
                    "Original Hash Buckets": 131072,
                    "Hash Batches": 1,
                    "Original Hash Batches": 1,
                    "Peak Memory Usage": 5376,
                    "Plans": [
                      {
                        "Node Type": "Hash Join",
                        "Parent Relationship": "Outer",
                        "Parallel Aware": true,
                        "Join Type": "Inner",
                        "Startup Cost": 26607.23,
                        "Total Cost": 86500.79,
                        "Plan Rows": 66792,
                        "Plan Width": 8,
                        "Actual Startup Time": 265.355,
                        "Actual Total Time": 379.556,
                        "Actual Rows": 55312,
                        "Actual Loops": 2,
                        "Inner Unique": false,
                        "Hash Cond": "(t.id = mc.movie_id)",
                        "Plans": [
                          {
                            "Node Type": "Seq Scan",
                            "Parent Relationship": "Outer",
                            "Parallel Aware": true,
                            "Relation Name": "title",
                            "Alias": "t",
                            "Startup Cost": 0.0,
                            "Total Cost": 54588.39,
                            "Plan Rows": 785966,
                            "Plan Width": 4,
                            "Actual Startup Time": 0.014,
                            "Actual Total Time": 170.694,
                            "Actual Rows": 674146,
                            "Actual Loops": 2,
                            "Filter": "(production_year < 2005)",
                            "Rows Removed by Filter": 590010
                          },
                          {
                            "Node Type": "Hash",
                            "Parent Relationship": "Inner",
                            "Parallel Aware": true,
                            "Startup Cost": 25027.4,
                            "Total Cost": 25027.4,
                            "Plan Rows": 126386,
                            "Plan Width": 4,
                            "Actual Startup Time": 73.887,
                            "Actual Total Time": 73.888,
                            "Actual Rows": 105228,
                            "Actual Loops": 2,
                            "Hash Buckets": 262144,
                            "Original Hash Buckets": 262144,
                            "Hash Batches": 1,
                            "Original Hash Batches": 1,
                            "Peak Memory Usage": 10304,
                            "Plans": [
                              {
                                "Node Type": "Bitmap Heap Scan",
                                "Parent Relationship": "Outer",
                                "Parallel Aware": true,
                                "Relation Name": "movie_companies",
                                "Alias": "mc",
                                "Startup Cost": 4657.57,
                                "Total Cost": 25027.4,
                                "Plan Rows": 126386,
                                "Plan Width": 4,
                                "Actual Startup Time": 18.651,
                                "Actual Total Time": 49.749,
                                "Actual Rows": 105228,
                                "Actual Loops": 2,
                                "Recheck Cond": "(company_id > 110384)",
                                "Rows Removed by Index Recheck": 0,
                                "Exact Heap Blocks": 3314,
                                "Lossy Heap Blocks": 0,
                                "Plans": [
                                  {
                                    "Node Type": "Bitmap Index Scan",
                                    "Parent Relationship": "Outer",
                                    "Parallel Aware": false,
                                    "Index Name": "company_id_movie_companies",
                                    "Startup Cost": 0.0,
                                    "Total Cost": 4603.86,
                                    "Plan Rows": 214857,
                                    "Plan Width": 0,
                                    "Actual Startup Time": 18.978,
                                    "Actual Total Time": 18.978,
                                    "Actual Rows": 210456,
                                    "Actual Loops": 1,
                                    "Index Cond": "(company_id > 110384)"
                                  }
                                ]
                              }
                            ]
                          }
                        ]
                      }
                    ]
                  }
                ]
              }
            ]
          }
        ]
      }
    ]
  },
  "Planning Time": 1.078,
  "Triggers": [],
  "Execution Time": 795.906
}