{
    "Plan": {
        "Node Type": "Aggregate",
        "Strategy": "Plain",
        "Partial Mode": "Finalize",
        "Parallel Aware": false,
        "Startup Cost": 384473.03,
        "Total Cost": 384473.04,
        "Plan Rows": 1,
        "Plan Width": 8,
        "Actual Startup Time": 1283.588,
        "Actual Total Time": 1335.475,
        "Actual Rows": 1,
        "Actual Loops": 1,
        "Output": [
            "count(*)"
        ],
        "Plans": [
            {
                "Node Type": "Gather",
                "Parent Relationship": "Outer",
                "Parallel Aware": false,
                "Startup Cost": 384472.41,
                "Total Cost": 384473.02,
                "Plan Rows": 6,
                "Plan Width": 8,
                "Actual Startup Time": 1281.243,
                "Actual Total Time": 1335.461,
                "Actual Rows": 7,
                "Actual Loops": 1,
                "Output": [
                    "(PARTIAL count(*))"
                ],
                "Workers Planned": 6,
                "Workers Launched": 6,
                "Single Copy": false,
                "Plans": [
                    {
                        "Node Type": "Aggregate",
                        "Strategy": "Plain",
                        "Partial Mode": "Partial",
                        "Parent Relationship": "Outer",
                        "Parallel Aware": false,
                        "Startup Cost": 383472.41,
                        "Total Cost": 383472.42,
                        "Plan Rows": 1,
                        "Plan Width": 8,
                        "Actual Startup Time": 1270.485,
                        "Actual Total Time": 1270.487,
                        "Actual Rows": 1,
                        "Actual Loops": 7,
                        "Output": [
                            "PARTIAL count(*)"
                        ],
                        "Workers": [
                            {
                                "Worker Number": 0,
                                "Actual Startup Time": 1268.162,
                                "Actual Total Time": 1268.164,
                                "Actual Rows": 1,
                                "Actual Loops": 1
                            },
                            {
                                "Worker Number": 1,
                                "Actual Startup Time": 1268.498,
                                "Actual Total Time": 1268.5,
                                "Actual Rows": 1,
                                "Actual Loops": 1
                            },
                            {
                                "Worker Number": 2,
                                "Actual Startup Time": 1268.921,
                                "Actual Total Time": 1268.923,
                                "Actual Rows": 1,
                                "Actual Loops": 1
                            },
                            {
                                "Worker Number": 3,
                                "Actual Startup Time": 1268.6,
                                "Actual Total Time": 1268.604,
                                "Actual Rows": 1,
                                "Actual Loops": 1
                            },
                            {
                                "Worker Number": 4,
                                "Actual Startup Time": 1269.425,
                                "Actual Total Time": 1269.428,
                                "Actual Rows": 1,
                                "Actual Loops": 1
                            },
                            {
                                "Worker Number": 5,
                                "Actual Startup Time": 1269.527,
                                "Actual Total Time": 1269.529,
                                "Actual Rows": 1,
                                "Actual Loops": 1
                            }
                        ],
                        "Plans": [
                            {
                                "Node Type": "Hash Join",
                                "Parent Relationship": "Outer",
                                "Parallel Aware": true,
                                "Join Type": "Inner",
                                "Startup Cost": 46418.07,
                                "Total Cost": 382573.62,
                                "Plan Rows": 359513,
                                "Plan Width": 0,
                                "Actual Startup Time": 295.974,
                                "Actual Total Time": 1252.419,
                                "Actual Rows": 346401,
                                "Actual Loops": 7,
                                "Inner Unique": true,
                                "Hash Cond": "(ci.movie_id = t.id)",
                                "Workers": [
                                    {
                                        "Worker Number": 0,
                                        "Actual Startup Time": 293.548,
                                        "Actual Total Time": 1248.972,
                                        "Actual Rows": 275407,
                                        "Actual Loops": 1
                                    },
                                    {
                                        "Worker Number": 1,
                                        "Actual Startup Time": 294.176,
                                        "Actual Total Time": 1251.233,
                                        "Actual Rows": 398976,
                                        "Actual Loops": 1
                                    },
                                    {
                                        "Worker Number": 2,
                                        "Actual Startup Time": 294.007,
                                        "Actual Total Time": 1251.903,
                                        "Actual Rows": 394265,
                                        "Actual Loops": 1
                                    },
                                    {
                                        "Worker Number": 3,
                                        "Actual Startup Time": 293.963,
                                        "Actual Total Time": 1250.679,
                                        "Actual Rows": 256152,
                                        "Actual Loops": 1
                                    },
                                    {
                                        "Worker Number": 4,
                                        "Actual Startup Time": 294.761,
                                        "Actual Total Time": 1251.951,
                                        "Actual Rows": 404441,
                                        "Actual Loops": 1
                                    },
                                    {
                                        "Worker Number": 5,
                                        "Actual Startup Time": 294.925,
                                        "Actual Total Time": 1252.294,
                                        "Actual Rows": 398975,
                                        "Actual Loops": 1
                                    }
                                ],
                                "Plans": [
                                    {
                                        "Node Type": "Seq Scan",
                                        "Parent Relationship": "Outer",
                                        "Parallel Aware": true,
                                        "Relation Name": "cast_info",
                                        "Schema": "public",
                                        "Alias": "ci",
                                        "Startup Cost": 0.0,
                                        "Total Cost": 328213.62,
                                        "Plan Rows": 3025496,
                                        "Plan Width": 4,
                                        "Actual Startup Time": 191.826,
                                        "Actual Total Time": 609.847,
                                        "Actual Rows": 2607529,
                                        "Actual Loops": 7,
                                        "Output": [
                                            "ci.id",
                                            "ci.person_id",
                                            "ci.movie_id",
                                            "ci.person_role_id",
                                            "ci.note",
                                            "ci.nr_order",
                                            "ci.role_id"
                                        ],
                                        "Filter": "(ci.person_id > 1785284)",
                                        "Rows Removed by Filter": 2570235,
                                        "Workers": [
                                            {
                                                "Worker Number": 0,
                                                "Actual Startup Time": 191.807,
                                                "Actual Total Time": 622.508,
                                                "Actual Rows": 2050868,
                                                "Actual Loops": 1
                                            },
                                            {
                                                "Worker Number": 1,
                                                "Actual Startup Time": 191.825,
                                                "Actual Total Time": 611.145,
                                                "Actual Rows": 2989405,
                                                "Actual Loops": 1
                                            },
                                            {
                                                "Worker Number": 2,
                                                "Actual Startup Time": 191.841,
                                                "Actual Total Time": 611.081,
                                                "Actual Rows": 2999024,
                                                "Actual Loops": 1
                                            },
                                            {
                                                "Worker Number": 3,
                                                "Actual Startup Time": 191.842,
                                                "Actual Total Time": 619.002,
                                                "Actual Rows": 1943205,
                                                "Actual Loops": 1
                                            },
                                            {
                                                "Worker Number": 4,
                                                "Actual Startup Time": 191.831,
                                                "Actual Total Time": 615.375,
                                                "Actual Rows": 3042495,
                                                "Actual Loops": 1
                                            },
                                            {
                                                "Worker Number": 5,
                                                "Actual Startup Time": 191.825,
                                                "Actual Total Time": 609.415,
                                                "Actual Rows": 2972237,
                                                "Actual Loops": 1
                                            }
                                        ]
                                    },
                                    {
                                        "Node Type": "Hash",
                                        "Parent Relationship": "Inner",
                                        "Parallel Aware": true,
                                        "Startup Cost": 45479.21,
                                        "Total Cost": 45479.21,
                                        "Plan Rows": 75109,
                                        "Plan Width": 4,
                                        "Actual Startup Time": 101.385,
                                        "Actual Total Time": 101.386,
                                        "Actual Rows": 55862,
                                        "Actual Loops": 7,
                                        "Output": [
                                            "t.id"
                                        ],
                                        "Hash Buckets": 524288,
                                        "Original Hash Buckets": 524288,
                                        "Hash Batches": 1,
                                        "Original Hash Batches": 1,
                                        "Peak Memory Usage": 19520,
                                        "Workers": [
                                            {
                                                "Worker Number": 0,
                                                "Actual Startup Time": 101.067,
                                                "Actual Total Time": 101.068,
                                                "Actual Rows": 45018,
                                                "Actual Loops": 1
                                            },
                                            {
                                                "Worker Number": 1,
                                                "Actual Startup Time": 101.389,
                                                "Actual Total Time": 101.39,
                                                "Actual Rows": 63808,
                                                "Actual Loops": 1
                                            },
                                            {
                                                "Worker Number": 2,
                                                "Actual Startup Time": 101.543,
                                                "Actual Total Time": 101.544,
                                                "Actual Rows": 65340,
                                                "Actual Loops": 1
                                            },
                                            {
                                                "Worker Number": 3,
                                                "Actual Startup Time": 101.455,
                                                "Actual Total Time": 101.456,
                                                "Actual Rows": 41864,
                                                "Actual Loops": 1
                                            },
                                            {
                                                "Worker Number": 4,
                                                "Actual Startup Time": 102.278,
                                                "Actual Total Time": 102.279,
                                                "Actual Rows": 65913,
                                                "Actual Loops": 1
                                            },
                                            {
                                                "Worker Number": 5,
                                                "Actual Startup Time": 102.379,
                                                "Actual Total Time": 102.38,
                                                "Actual Rows": 61278,
                                                "Actual Loops": 1
                                            }
                                        ],
                                        "Plans": [
                                            {
                                                "Node Type": "Seq Scan",
                                                "Parent Relationship": "Outer",
                                                "Parallel Aware": true,
                                                "Relation Name": "title",
                                                "Schema": "public",
                                                "Alias": "t",
                                                "Startup Cost": 0.0,
                                                "Total Cost": 45479.21,
                                                "Plan Rows": 75109,
                                                "Plan Width": 4,
                                                "Actual Startup Time": 48.715,
                                                "Actual Total Time": 77.56,
                                                "Actual Rows": 55862,
                                                "Actual Loops": 7,
                                                "Output": [
                                                    "t.id"
                                                ],
                                                "Filter": "((t.production_year < 2002) AND (t.kind_id = 1))",
                                                "Rows Removed by Filter": 305325,
                                                "Workers": [
                                                    {
                                                        "Worker Number": 0,
                                                        "Actual Startup Time": 48.866,
                                                        "Actual Total Time": 78.954,
                                                        "Actual Rows": 45018,
                                                        "Actual Loops": 1
                                                    },
                                                    {
                                                        "Worker Number": 1,
                                                        "Actual Startup Time": 48.685,
                                                        "Actual Total Time": 77.569,
                                                        "Actual Rows": 63808,
                                                        "Actual Loops": 1
                                                    },
                                                    {
                                                        "Worker Number": 2,
                                                        "Actual Startup Time": 48.598,
                                                        "Actual Total Time": 78.396,
                                                        "Actual Rows": 65340,
                                                        "Actual Loops": 1
                                                    },
                                                    {
                                                        "Worker Number": 3,
                                                        "Actual Startup Time": 48.927,
                                                        "Actual Total Time": 78.544,
                                                        "Actual Rows": 41864,
                                                        "Actual Loops": 1
                                                    },
                                                    {
                                                        "Worker Number": 4,
                                                        "Actual Startup Time": 48.582,
                                                        "Actual Total Time": 78.171,
                                                        "Actual Rows": 65913,
                                                        "Actual Loops": 1
                                                    },
                                                    {
                                                        "Worker Number": 5,
                                                        "Actual Startup Time": 48.635,
                                                        "Actual Total Time": 76.938,
                                                        "Actual Rows": 61278,
                                                        "Actual Loops": 1
                                                    }
                                                ]
                                            }
                                        ]
                                    }
                                ]
                            }
                        ]
                    }
                ]
            }
        ]
    },
    "Planning Time": 0.755,
    "Triggers": [],
    "Execution Time": 1335.571
}