[
  {
    "Plan": {
      "Node Type": "Aggregate",
      "Strategy": "Plain",
      "Partial Mode": "Finalize",
      "Parallel Aware": false,
      "Startup Cost": 340745.73,
      "Total Cost": 340745.74,
      "Plan Rows": 1,
      "Plan Width": 8,
      "Actual Startup Time": 750.848,
      "Actual Total Time": 811.227,
      "Actual Rows": 1,
      "Actual Loops": 1,
      "Plans": [
        {
          "Node Type": "Gather",
          "Parent Relationship": "Outer",
          "Parallel Aware": false,
          "Startup Cost": 340745.11,
          "Total Cost": 340745.72,
          "Plan Rows": 6,
          "Plan Width": 8,
          "Actual Startup Time": 750.712,
          "Actual Total Time": 811.216,
          "Actual Rows": 7,
          "Actual Loops": 1,
          "Workers Planned": 6,
          "Workers Launched": 6,
          "Single Copy": false,
          "Plans": [
            {
              "Node Type": "Aggregate",
              "Strategy": "Plain",
              "Partial Mode": "Partial",
              "Parent Relationship": "Outer",
              "Parallel Aware": false,
              "Startup Cost": 339745.11,
              "Total Cost": 339745.12,
              "Plan Rows": 1,
              "Plan Width": 8,
              "Actual Startup Time": 740.397,
              "Actual Total Time": 740.398,
              "Actual Rows": 1,
              "Actual Loops": 7,
              "Plans": [
                {
                  "Node Type": "Seq Scan",
                  "Parent Relationship": "Outer",
                  "Parallel Aware": true,
                  "Relation Name": "cast_info",
                  "Alias": "ci",
                  "Startup Cost": 0.0,
                  "Total Cost": 328162.03,
                  "Plan Rows": 4633232,
                  "Plan Width": 0,
                  "Actual Startup Time": 0.053,
                  "Actual Total Time": 583.277,
                  "Actual Rows": 3987307,
                  "Actual Loops": 7,
                  "Filter": "(person_id < 2849864)",
                  "Rows Removed by Filter": 1190456
                }
              ]
            }
          ]
        }
      ]
    },
    "Planning Time": 0.181,
    "Triggers": [],
    "Execution Time": 811.294
  }
]