[
    {
        "Bao": {
            "Bao prediction": 1917.616,
            "Bao recommended hint": "SET enable_nestloop TO off; "
        }
    },
    {
        "Plan": {
            "Node Type": "Aggregate",
            "Strategy": "Plain",
            "Partial Mode": "Finalize",
            "Parallel Aware": false,
            "Startup Cost": 498710.89,
            "Total Cost": 498710.9,
            "Plan Rows": 1,
            "Plan Width": 96,
            "Actual Startup Time": 3161.01,
            "Actual Total Time": 3321.216,
            "Actual Rows": 1,
            "Actual Loops": 1,
            "Output": [
                "min(k.keyword)",
                "min(n.name)",
                "min(t.title)"
            ],
            "Plans": [
                {
                    "Node Type": "Gather",
                    "Parent Relationship": "Outer",
                    "Parallel Aware": false,
                    "Startup Cost": 498710.45,
                    "Total Cost": 498710.86,
                    "Plan Rows": 4,
                    "Plan Width": 96,
                    "Actual Startup Time": 3156.403,
                    "Actual Total Time": 3321.183,
                    "Actual Rows": 5,
                    "Actual Loops": 1,
                    "Output": [
                        "(PARTIAL min(k.keyword))",
                        "(PARTIAL min(n.name))",
                        "(PARTIAL min(t.title))"
                    ],
                    "Workers Planned": 4,
                    "Workers Launched": 4,
                    "Single Copy": false,
                    "Plans": [
                        {
                            "Node Type": "Aggregate",
                            "Strategy": "Plain",
                            "Partial Mode": "Partial",
                            "Parent Relationship": "Outer",
                            "Parallel Aware": false,
                            "Startup Cost": 497710.45,
                            "Total Cost": 497710.46,
                            "Plan Rows": 1,
                            "Plan Width": 96,
                            "Actual Startup Time": 3144.568,
                            "Actual Total Time": 3144.701,
                            "Actual Rows": 1,
                            "Actual Loops": 5,
                            "Output": [
                                "PARTIAL min(k.keyword)",
                                "PARTIAL min(n.name)",
                                "PARTIAL min(t.title)"
                            ],
                            "Workers": [
                                {
                                    "Worker Number": 0,
                                    "Actual Startup Time": 3142.694,
                                    "Actual Total Time": 3142.706,
                                    "Actual Rows": 1,
                                    "Actual Loops": 1
                                },
                                {
                                    "Worker Number": 1,
                                    "Actual Startup Time": 3141.815,
                                    "Actual Total Time": 3141.828,
                                    "Actual Rows": 1,
                                    "Actual Loops": 1
                                },
                                {
                                    "Worker Number": 2,
                                    "Actual Startup Time": 3141.897,
                                    "Actual Total Time": 3141.91,
                                    "Actual Rows": 1,
                                    "Actual Loops": 1
                                },
                                {
                                    "Worker Number": 3,
                                    "Actual Startup Time": 3141.909,
                                    "Actual Total Time": 3141.92,
                                    "Actual Rows": 1,
                                    "Actual Loops": 1
                                }
                            ],
                            "Plans": [
                                {
                                    "Node Type": "Hash Join",
                                    "Parent Relationship": "Outer",
                                    "Parallel Aware": true,
                                    "Join Type": "Inner",
                                    "Startup Cost": 427762.77,
                                    "Total Cost": 497703.39,
                                    "Plan Rows": 942,
                                    "Plan Width": 48,
                                    "Actual Startup Time": 2725.994,
                                    "Actual Total Time": 3124.69,
                                    "Actual Rows": 91631,
                                    "Actual Loops": 5,
                                    "Output": [
                                        "k.keyword",
                                        "n.name",
                                        "t.title"
                                    ],
                                    "Inner Unique": false,
                                    "Hash Cond": "(n.id = ci.person_id)",
                                    "Workers": [
                                        {
                                            "Worker Number": 0,
                                            "Actual Startup Time": 2723.381,
                                            "Actual Total Time": 3123.228,
                                            "Actual Rows": 86645,
                                            "Actual Loops": 1
                                        },
                                        {
                                            "Worker Number": 1,
                                            "Actual Startup Time": 2723.46,
                                            "Actual Total Time": 3123.086,
                                            "Actual Rows": 89570,
                                            "Actual Loops": 1
                                        },
                                        {
                                            "Worker Number": 2,
                                            "Actual Startup Time": 2723.618,
                                            "Actual Total Time": 3121.486,
                                            "Actual Rows": 95296,
                                            "Actual Loops": 1
                                        },
                                        {
                                            "Worker Number": 3,
                                            "Actual Startup Time": 2723.531,
                                            "Actual Total Time": 3121.797,
                                            "Actual Rows": 92748,
                                            "Actual Loops": 1
                                        }
                                    ],
                                    "Plans": [
                                        {
                                            "Node Type": "Seq Scan",
                                            "Parent Relationship": "Outer",
                                            "Parallel Aware": true,
                                            "Relation Name": "name",
                                            "Schema": "public",
                                            "Alias": "n",
                                            "Startup Cost": 0.0,
                                            "Total Cost": 66031.94,
                                            "Plan Rows": 1041894,
                                            "Plan Width": 19,
                                            "Actual Startup Time": 0.031,
                                            "Actual Total Time": 149.729,
                                            "Actual Rows": 833498,
                                            "Actual Loops": 5,
                                            "Output": [
                                                "n.id",
                                                "n.name",
                                                "n.imdb_index",
                                                "n.imdb_id",
                                                "n.gender",
                                                "n.name_pcode_cf",
                                                "n.name_pcode_nf",
                                                "n.surname_pcode",
                                                "n.md5sum"
                                            ],
                                            "Workers": [
                                                {
                                                    "Worker Number": 0,
                                                    "Actual Startup Time": 0.036,
                                                    "Actual Total Time": 148.673,
                                                    "Actual Rows": 787968,
                                                    "Actual Loops": 1
                                                },
                                                {
                                                    "Worker Number": 1,
                                                    "Actual Startup Time": 0.047,
                                                    "Actual Total Time": 150.081,
                                                    "Actual Rows": 815166,
                                                    "Actual Loops": 1
                                                },
                                                {
                                                    "Worker Number": 2,
                                                    "Actual Startup Time": 0.036,
                                                    "Actual Total Time": 150.482,
                                                    "Actual Rows": 857790,
                                                    "Actual Loops": 1
                                                },
                                                {
                                                    "Worker Number": 3,
                                                    "Actual Startup Time": 0.031,
                                                    "Actual Total Time": 149.932,
                                                    "Actual Rows": 846779,
                                                    "Actual Loops": 1
                                                }
                                            ]
                                        },
                                        {
                                            "Node Type": "Hash",
                                            "Parent Relationship": "Inner",
                                            "Parallel Aware": true,
                                            "Startup Cost": 427754.92,
                                            "Total Cost": 427754.92,
                                            "Plan Rows": 628,
                                            "Plan Width": 37,
                                            "Actual Startup Time": 2724.541,
                                            "Actual Total Time": 2724.672,
                                            "Actual Rows": 91631,
                                            "Actual Loops": 5,
                                            "Output": [
                                                "ci.person_id",
                                                "k.keyword",
                                                "t.title"
                                            ],
                                            "Hash Buckets": 524288,
                                            "Original Hash Buckets": 4096,
                                            "Hash Batches": 1,
                                            "Original Hash Batches": 1,
                                            "Peak Memory Usage": 37152,
                                            "Workers": [
                                                {
                                                    "Worker Number": 0,
                                                    "Actual Startup Time": 2722.587,
                                                    "Actual Total Time": 2722.596,
                                                    "Actual Rows": 89563,
                                                    "Actual Loops": 1
                                                },
                                                {
                                                    "Worker Number": 1,
                                                    "Actual Startup Time": 2722.547,
                                                    "Actual Total Time": 2722.558,
                                                    "Actual Rows": 90319,
                                                    "Actual Loops": 1
                                                },
                                                {
                                                    "Worker Number": 2,
                                                    "Actual Startup Time": 2722.677,
                                                    "Actual Total Time": 2722.687,
                                                    "Actual Rows": 94389,
                                                    "Actual Loops": 1
                                                },
                                                {
                                                    "Worker Number": 3,
                                                    "Actual Startup Time": 2722.714,
                                                    "Actual Total Time": 2722.723,
                                                    "Actual Rows": 91709,
                                                    "Actual Loops": 1
                                                }
                                            ],
                                            "Plans": [
                                                {
                                                    "Node Type": "Hash Join",
                                                    "Parent Relationship": "Outer",
                                                    "Parallel Aware": true,
                                                    "Join Type": "Inner",
                                                    "Startup Cost": 91990.44,
                                                    "Total Cost": 427754.92,
                                                    "Plan Rows": 628,
                                                    "Plan Width": 37,
                                                    "Actual Startup Time": 499.965,
                                                    "Actual Total Time": 2602.784,
                                                    "Actual Rows": 91631,
                                                    "Actual Loops": 5,
                                                    "Output": [
                                                        "ci.person_id",
                                                        "k.keyword",
                                                        "t.title"
                                                    ],
                                                    "Inner Unique": false,
                                                    "Hash Cond": "(ci.movie_id = t.id)",
                                                    "Workers": [
                                                        {
                                                            "Worker Number": 0,
                                                            "Actual Startup Time": 497.917,
                                                            "Actual Total Time": 2586.48,
                                                            "Actual Rows": 89563,
                                                            "Actual Loops": 1
                                                        },
                                                        {
                                                            "Worker Number": 1,
                                                            "Actual Startup Time": 497.96,
                                                            "Actual Total Time": 2609.988,
                                                            "Actual Rows": 90319,
                                                            "Actual Loops": 1
                                                        },
                                                        {
                                                            "Worker Number": 2,
                                                            "Actual Startup Time": 498.065,
                                                            "Actual Total Time": 2623.967,
                                                            "Actual Rows": 94389,
                                                            "Actual Loops": 1
                                                        },
                                                        {
                                                            "Worker Number": 3,
                                                            "Actual Startup Time": 498.248,
                                                            "Actual Total Time": 2588.304,
                                                            "Actual Rows": 91709,
                                                            "Actual Loops": 1
                                                        }
                                                    ],
                                                    "Plans": [
                                                        {
                                                            "Node Type": "Seq Scan",
                                                            "Parent Relationship": "Outer",
                                                            "Parallel Aware": true,
                                                            "Relation Name": "cast_info",
                                                            "Schema": "public",
                                                            "Alias": "ci",
                                                            "Startup Cost": 0.0,
                                                            "Total Cost": 313106.51,
                                                            "Plan Rows": 6041951,
                                                            "Plan Width": 8,
                                                            "Actual Startup Time": 0.015,
                                                            "Actual Total Time": 975.941,
                                                            "Actual Rows": 7248869,
                                                            "Actual Loops": 5,
                                                            "Output": [
                                                                "ci.id",
                                                                "ci.person_id",
                                                                "ci.movie_id",
                                                                "ci.person_role_id",
                                                                "ci.note",
                                                                "ci.nr_order",
                                                                "ci.role_id"
                                                            ],
                                                            "Workers": [
                                                                {
                                                                    "Worker Number": 0,
                                                                    "Actual Startup Time": 0.012,
                                                                    "Actual Total Time": 979.237,
                                                                    "Actual Rows": 7138867,
                                                                    "Actual Loops": 1
                                                                },
                                                                {
                                                                    "Worker Number": 1,
                                                                    "Actual Startup Time": 0.011,
                                                                    "Actual Total Time": 992.163,
                                                                    "Actual Rows": 7164885,
                                                                    "Actual Loops": 1
                                                                },
                                                                {
                                                                    "Worker Number": 2,
                                                                    "Actual Startup Time": 0.013,
                                                                    "Actual Total Time": 978.674,
                                                                    "Actual Rows": 7408182,
                                                                    "Actual Loops": 1
                                                                },
                                                                {
                                                                    "Worker Number": 3,
                                                                    "Actual Startup Time": 0.013,
                                                                    "Actual Total Time": 962.242,
                                                                    "Actual Rows": 7255189,
                                                                    "Actual Loops": 1
                                                                }
                                                            ]
                                                        },
                                                        {
                                                            "Node Type": "Hash",
                                                            "Parent Relationship": "Inner",
                                                            "Parallel Aware": true,
                                                            "Startup Cost": 91990.1,
                                                            "Total Cost": 91990.1,
                                                            "Plan Rows": 27,
                                                            "Plan Width": 41,
                                                            "Actual Startup Time": 499.676,
                                                            "Actual Total Time": 499.805,
                                                            "Actual Rows": 1575,
                                                            "Actual Loops": 5,
                                                            "Output": [
                                                                "k.keyword",
                                                                "mk.movie_id",
                                                                "t.title",
                                                                "t.id"
                                                            ],
                                                            "Hash Buckets": 8192,
                                                            "Original Hash Buckets": 1024,
                                                            "Hash Batches": 1,
                                                            "Original Hash Batches": 1,
                                                            "Peak Memory Usage": 696,
                                                            "Workers": [
                                                                {
                                                                    "Worker Number": 0,
                                                                    "Actual Startup Time": 497.648,
                                                                    "Actual Total Time": 497.655,
                                                                    "Actual Rows": 1265,
                                                                    "Actual Loops": 1
                                                                },
                                                                {
                                                                    "Worker Number": 1,
                                                                    "Actual Startup Time": 497.631,
                                                                    "Actual Total Time": 497.64,
                                                                    "Actual Rows": 1759,
                                                                    "Actual Loops": 1
                                                                },
                                                                {
                                                                    "Worker Number": 2,
                                                                    "Actual Startup Time": 497.956,
                                                                    "Actual Total Time": 497.964,
                                                                    "Actual Rows": 1759,
                                                                    "Actual Loops": 1
                                                                },
                                                                {
                                                                    "Worker Number": 3,
                                                                    "Actual Startup Time": 497.747,
                                                                    "Actual Total Time": 497.754,
                                                                    "Actual Rows": 1792,
                                                                    "Actual Loops": 1
                                                                }
                                                            ],
                                                            "Plans": [
                                                                {
                                                                    "Node Type": "Hash Join",
                                                                    "Parent Relationship": "Outer",
                                                                    "Parallel Aware": true,
                                                                    "Join Type": "Inner",
                                                                    "Startup Cost": 46511.78,
                                                                    "Total Cost": 91990.1,
                                                                    "Plan Rows": 27,
                                                                    "Plan Width": 41,
                                                                    "Actual Startup Time": 321.023,
                                                                    "Actual Total Time": 476.172,
                                                                    "Actual Rows": 1575,
                                                                    "Actual Loops": 5,
                                                                    "Output": [
                                                                        "k.keyword",
                                                                        "mk.movie_id",
                                                                        "t.title",
                                                                        "t.id"
                                                                    ],
                                                                    "Inner Unique": false,
                                                                    "Hash Cond": "(t.id = mk.movie_id)",
                                                                    "Workers": [
                                                                        {
                                                                            "Worker Number": 0,
                                                                            "Actual Startup Time": 318.862,
                                                                            "Actual Total Time": 467.549,
                                                                            "Actual Rows": 1265,
                                                                            "Actual Loops": 1
                                                                        },
                                                                        {
                                                                            "Worker Number": 1,
                                                                            "Actual Startup Time": 319.496,
                                                                            "Actual Total Time": 477.364,
                                                                            "Actual Rows": 1759,
                                                                            "Actual Loops": 1
                                                                        },
                                                                        {
                                                                            "Worker Number": 2,
                                                                            "Actual Startup Time": 318.795,
                                                                            "Actual Total Time": 479.308,
                                                                            "Actual Rows": 1759,
                                                                            "Actual Loops": 1
                                                                        },
                                                                        {
                                                                            "Worker Number": 3,
                                                                            "Actual Startup Time": 318.819,
                                                                            "Actual Total Time": 479.186,
                                                                            "Actual Rows": 1792,
                                                                            "Actual Loops": 1
                                                                        }
                                                                    ],
                                                                    "Plans": [
                                                                        {
                                                                            "Node Type": "Seq Scan",
                                                                            "Parent Relationship": "Outer",
                                                                            "Parallel Aware": true,
                                                                            "Relation Name": "title",
                                                                            "Schema": "public",
                                                                            "Alias": "t",
                                                                            "Startup Cost": 0.0,
                                                                            "Total Cost": 43899.32,
                                                                            "Plan Rows": 252626,
                                                                            "Plan Width": 21,
                                                                            "Actual Startup Time": 0.05,
                                                                            "Actual Total Time": 114.845,
                                                                            "Actual Rows": 202584,
                                                                            "Actual Loops": 5,
                                                                            "Output": [
                                                                                "t.id",
                                                                                "t.title",
                                                                                "t.imdb_index",
                                                                                "t.kind_id",
                                                                                "t.production_year",
                                                                                "t.imdb_id",
                                                                                "t.phonetic_code",
                                                                                "t.episode_of_id",
                                                                                "t.season_nr",
                                                                                "t.episode_nr",
                                                                                "t.series_years",
                                                                                "t.md5sum"
                                                                            ],
                                                                            "Filter": "(t.production_year > 2005)",
                                                                            "Rows Removed by Filter": 303078,
                                                                            "Workers": [
                                                                                {
                                                                                    "Worker Number": 0,
                                                                                    "Actual Startup Time": 0.056,
                                                                                    "Actual Total Time": 110.697,
                                                                                    "Actual Rows": 187017,
                                                                                    "Actual Loops": 1
                                                                                },
                                                                                {
                                                                                    "Worker Number": 1,
                                                                                    "Actual Startup Time": 0.051,
                                                                                    "Actual Total Time": 117.545,
                                                                                    "Actual Rows": 205845,
                                                                                    "Actual Loops": 1
                                                                                },
                                                                                {
                                                                                    "Worker Number": 2,
                                                                                    "Actual Startup Time": 0.066,
                                                                                    "Actual Total Time": 118.497,
                                                                                    "Actual Rows": 214051,
                                                                                    "Actual Loops": 1
                                                                                },
                                                                                {
                                                                                    "Worker Number": 3,
                                                                                    "Actual Startup Time": 0.055,
                                                                                    "Actual Total Time": 117.845,
                                                                                    "Actual Rows": 213124,
                                                                                    "Actual Loops": 1
                                                                                }
                                                                            ]
                                                                        },
                                                                        {
                                                                            "Node Type": "Hash",
                                                                            "Parent Relationship": "Inner",
                                                                            "Parallel Aware": true,
                                                                            "Startup Cost": 46510.69,
                                                                            "Total Cost": 46510.69,
                                                                            "Plan Rows": 87,
                                                                            "Plan Width": 20,
                                                                            "Actual Startup Time": 320.268,
                                                                            "Actual Total Time": 320.272,
                                                                            "Actual Rows": 6056,
                                                                            "Actual Loops": 5,
                                                                            "Output": [
                                                                                "k.keyword",
                                                                                "mk.movie_id"
                                                                            ],
                                                                            "Hash Buckets": 32768,
                                                                            "Original Hash Buckets": 1024,
                                                                            "Hash Batches": 1,
                                                                            "Original Hash Batches": 1,
                                                                            "Peak Memory Usage": 2040,
                                                                            "Workers": [
                                                                                {
                                                                                    "Worker Number": 0,
                                                                                    "Actual Startup Time": 318.281,
                                                                                    "Actual Total Time": 318.285,
                                                                                    "Actual Rows": 5615,
                                                                                    "Actual Loops": 1
                                                                                },
                                                                                {
                                                                                    "Worker Number": 1,
                                                                                    "Actual Startup Time": 318.284,
                                                                                    "Actual Total Time": 318.288,
                                                                                    "Actual Rows": 6137,
                                                                                    "Actual Loops": 1
                                                                                },
                                                                                {
                                                                                    "Worker Number": 2,
                                                                                    "Actual Startup Time": 318.436,
                                                                                    "Actual Total Time": 318.44,
                                                                                    "Actual Rows": 5565,
                                                                                    "Actual Loops": 1
                                                                                },
                                                                                {
                                                                                    "Worker Number": 3,
                                                                                    "Actual Startup Time": 318.437,
                                                                                    "Actual Total Time": 318.441,
                                                                                    "Actual Rows": 6214,
                                                                                    "Actual Loops": 1
                                                                                }
                                                                            ],
                                                                            "Plans": [
                                                                                {
                                                                                    "Node Type": "Hash Join",
                                                                                    "Parent Relationship": "Outer",
                                                                                    "Parallel Aware": false,
                                                                                    "Join Type": "Inner",
                                                                                    "Startup Cost": 3632.5,
                                                                                    "Total Cost": 46510.69,
                                                                                    "Plan Rows": 87,
                                                                                    "Plan Width": 20,
                                                                                    "Actual Startup Time": 43.574,
                                                                                    "Actual Total Time": 250.456,
                                                                                    "Actual Rows": 6056,
                                                                                    "Actual Loops": 5,
                                                                                    "Output": [
                                                                                        "k.keyword",
                                                                                        "mk.movie_id"
                                                                                    ],
                                                                                    "Inner Unique": true,
                                                                                    "Hash Cond": "(mk.keyword_id = k.id)",
                                                                                    "Workers": [
                                                                                        {
                                                                                            "Worker Number": 0,
                                                                                            "Actual Startup Time": 43.681,
                                                                                            "Actual Total Time": 237.533,
                                                                                            "Actual Rows": 5615,
                                                                                            "Actual Loops": 1
                                                                                        },
                                                                                        {
                                                                                            "Worker Number": 1,
                                                                                            "Actual Startup Time": 43.48,
                                                                                            "Actual Total Time": 248.96,
                                                                                            "Actual Rows": 6137,
                                                                                            "Actual Loops": 1
                                                                                        },
                                                                                        {
                                                                                            "Worker Number": 2,
                                                                                            "Actual Startup Time": 41.216,
                                                                                            "Actual Total Time": 242.268,
                                                                                            "Actual Rows": 5565,
                                                                                            "Actual Loops": 1
                                                                                        },
                                                                                        {
                                                                                            "Worker Number": 3,
                                                                                            "Actual Startup Time": 41.663,
                                                                                            "Actual Total Time": 252.064,
                                                                                            "Actual Rows": 6214,
                                                                                            "Actual Loops": 1
                                                                                        }
                                                                                    ],
                                                                                    "Plans": [
                                                                                        {
                                                                                            "Node Type": "Seq Scan",
                                                                                            "Parent Relationship": "Outer",
                                                                                            "Parallel Aware": true,
                                                                                            "Relation Name": "movie_keyword",
                                                                                            "Schema": "public",
                                                                                            "Alias": "mk",
                                                                                            "Startup Cost": 0.0,
                                                                                            "Total Cost": 39047.32,
                                                                                            "Plan Rows": 1459332,
                                                                                            "Plan Width": 8,
                                                                                            "Actual Startup Time": 0.059,
                                                                                            "Actual Total Time": 113.228,
                                                                                            "Actual Rows": 904786,
                                                                                            "Actual Loops": 5,
                                                                                            "Output": [
                                                                                                "mk.id",
                                                                                                "mk.movie_id",
                                                                                                "mk.keyword_id"
                                                                                            ],
                                                                                            "Workers": [
                                                                                                {
                                                                                                    "Worker Number": 0,
                                                                                                    "Actual Startup Time": 0.067,
                                                                                                    "Actual Total Time": 107.264,
                                                                                                    "Actual Rows": 828245,
                                                                                                    "Actual Loops": 1
                                                                                                },
                                                                                                {
                                                                                                    "Worker Number": 1,
                                                                                                    "Actual Startup Time": 0.062,
                                                                                                    "Actual Total Time": 113.871,
                                                                                                    "Actual Rows": 899100,
                                                                                                    "Actual Loops": 1
                                                                                                },
                                                                                                {
                                                                                                    "Worker Number": 2,
                                                                                                    "Actual Startup Time": 0.074,
                                                                                                    "Actual Total Time": 109.256,
                                                                                                    "Actual Rows": 855810,
                                                                                                    "Actual Loops": 1
                                                                                                },
                                                                                                {
                                                                                                    "Worker Number": 3,
                                                                                                    "Actual Startup Time": 0.073,
                                                                                                    "Actual Total Time": 115.072,
                                                                                                    "Actual Rows": 928515,
                                                                                                    "Actual Loops": 1
                                                                                                }
                                                                                            ]
                                                                                        },
                                                                                        {
                                                                                            "Node Type": "Hash",
                                                                                            "Parent Relationship": "Inner",
                                                                                            "Parallel Aware": false,
                                                                                            "Startup Cost": 3632.4,
                                                                                            "Total Cost": 3632.4,
                                                                                            "Plan Rows": 8,
                                                                                            "Plan Width": 20,
                                                                                            "Actual Startup Time": 43.269,
                                                                                            "Actual Total Time": 43.27,
                                                                                            "Actual Rows": 6,
                                                                                            "Actual Loops": 5,
                                                                                            "Output": [
                                                                                                "k.keyword",
                                                                                                "k.id"
                                                                                            ],
                                                                                            "Hash Buckets": 1024,
                                                                                            "Original Hash Buckets": 1024,
                                                                                            "Hash Batches": 1,
                                                                                            "Original Hash Batches": 1,
                                                                                            "Peak Memory Usage": 9,
                                                                                            "Workers": [
                                                                                                {
                                                                                                    "Worker Number": 0,
                                                                                                    "Actual Startup Time": 43.359,
                                                                                                    "Actual Total Time": 43.36,
                                                                                                    "Actual Rows": 6,
                                                                                                    "Actual Loops": 1
                                                                                                },
                                                                                                {
                                                                                                    "Worker Number": 1,
                                                                                                    "Actual Startup Time": 43.361,
                                                                                                    "Actual Total Time": 43.362,
                                                                                                    "Actual Rows": 6,
                                                                                                    "Actual Loops": 1
                                                                                                },
                                                                                                {
                                                                                                    "Worker Number": 2,
                                                                                                    "Actual Startup Time": 41.024,
                                                                                                    "Actual Total Time": 41.025,
                                                                                                    "Actual Rows": 6,
                                                                                                    "Actual Loops": 1
                                                                                                },
                                                                                                {
                                                                                                    "Worker Number": 3,
                                                                                                    "Actual Startup Time": 41.028,
                                                                                                    "Actual Total Time": 41.029,
                                                                                                    "Actual Rows": 6,
                                                                                                    "Actual Loops": 1
                                                                                                }
                                                                                            ],
                                                                                            "Plans": [
                                                                                                {
                                                                                                    "Node Type": "Seq Scan",
                                                                                                    "Parent Relationship": "Outer",
                                                                                                    "Parallel Aware": false,
                                                                                                    "Relation Name": "keyword",
                                                                                                    "Schema": "public",
                                                                                                    "Alias": "k",
                                                                                                    "Startup Cost": 0.0,
                                                                                                    "Total Cost": 3632.4,
                                                                                                    "Plan Rows": 8,
                                                                                                    "Plan Width": 20,
                                                                                                    "Actual Startup Time": 1.442,
                                                                                                    "Actual Total Time": 43.235,
                                                                                                    "Actual Rows": 6,
                                                                                                    "Actual Loops": 5,
                                                                                                    "Output": [
                                                                                                        "k.keyword",
                                                                                                        "k.id"
                                                                                                    ],
                                                                                                    "Filter": "(k.keyword = ANY ('{fight,sequel,second-part,superhero,marvel-comics,murder-in-title,second-part,death}'::text[]))",
                                                                                                    "Rows Removed by Filter": 134164,
                                                                                                    "Workers": [
                                                                                                        {
                                                                                                            "Worker Number": 0,
                                                                                                            "Actual Startup Time": 1.391,
                                                                                                            "Actual Total Time": 43.328,
                                                                                                            "Actual Rows": 6,
                                                                                                            "Actual Loops": 1
                                                                                                        },
                                                                                                        {
                                                                                                            "Worker Number": 1,
                                                                                                            "Actual Startup Time": 1.393,
                                                                                                            "Actual Total Time": 43.329,
                                                                                                            "Actual Rows": 6,
                                                                                                            "Actual Loops": 1
                                                                                                        },
                                                                                                        {
                                                                                                            "Worker Number": 2,
                                                                                                            "Actual Startup Time": 1.327,
                                                                                                            "Actual Total Time": 40.996,
                                                                                                            "Actual Rows": 6,
                                                                                                            "Actual Loops": 1
                                                                                                        },
                                                                                                        {
                                                                                                            "Worker Number": 3,
                                                                                                            "Actual Startup Time": 1.33,
                                                                                                            "Actual Total Time": 40.999,
                                                                                                            "Actual Rows": 6,
                                                                                                            "Actual Loops": 1
                                                                                                        }
                                                                                                    ]
                                                                                                }
                                                                                            ]
                                                                                        }
                                                                                    ]
                                                                                }
                                                                            ]
                                                                        }
                                                                    ]
                                                                }
                                                            ]
                                                        }
                                                    ]
                                                }
                                            ]
                                        }
                                    ]
                                }
                            ]
                        }
                    ]
                }
            ]
        },
        "Planning Time": 632.205,
        "Triggers": [],
        "Execution Time": 3322.017
    }
]