[
  {
    "Plan": {
      "Node Type": "Aggregate",
      "Strategy": "Plain",
      "Partial Mode": "Finalize",
      "Parallel Aware": false,
      "Startup Cost": 331722.85,
      "Total Cost": 331722.86,
      "Plan Rows": 1,
      "Plan Width": 8,
      "Actual Startup Time": 595.867,
      "Actual Total Time": 640.732,
      "Actual Rows": 1,
      "Actual Loops": 1,
      "Plans": [
        {
          "Node Type": "Gather",
          "Parent Relationship": "Outer",
          "Parallel Aware": false,
          "Startup Cost": 331722.22,
          "Total Cost": 331722.83,
          "Plan Rows": 6,
          "Plan Width": 8,
          "Actual Startup Time": 595.673,
          "Actual Total Time": 640.718,
          "Actual Rows": 7,
          "Actual Loops": 1,
          "Workers Planned": 6,
          "Workers Launched": 6,
          "Single Copy": false,
          "Plans": [
            {
              "Node Type": "Aggregate",
              "Strategy": "Plain",
              "Partial Mode": "Partial",
              "Parent Relationship": "Outer",
              "Parallel Aware": false,
              "Startup Cost": 330722.22,
              "Total Cost": 330722.23,
              "Plan Rows": 1,
              "Plan Width": 8,
              "Actual Startup Time": 587.411,
              "Actual Total Time": 587.413,
              "Actual Rows": 1,
              "Actual Loops": 7,
              "Plans": [
                {
                  "Node Type": "Seq Scan",
                  "Parent Relationship": "Outer",
                  "Parallel Aware": true,
                  "Relation Name": "cast_info",
                  "Alias": "ci",
                  "Startup Cost": 0.0,
                  "Total Cost": 328211.39,
                  "Plan Rows": 1004333,
                  "Plan Width": 0,
                  "Actual Startup Time": 0.054,
                  "Actual Total Time": 541.467,
                  "Actual Rows": 888533,
                  "Actual Loops": 7,
                  "Filter": "(person_id < 598807)",
                  "Rows Removed by Filter": 4289231
                }
              ]
            }
          ]
        }
      ]
    },
    "Planning Time": 0.118,
    "Triggers": [],
    "Execution Time": 640.781
  }
]