[
  {
    "Plan": {
      "Node Type": "Aggregate",
      "Strategy": "Plain",
      "Partial Mode": "Finalize",
      "Parallel Aware": false,
      "Startup Cost": 31071.99,
      "Total Cost": 31072.0,
      "Plan Rows": 1,
      "Plan Width": 8,
      "Actual Startup Time": 106.119,
      "Actual Total Time": 113.968,
      "Actual Rows": 1,
      "Actual Loops": 1,
      "Plans": [
        {
          "Node Type": "Gather",
          "Parent Relationship": "Outer",
          "Parallel Aware": false,
          "Startup Cost": 31071.67,
          "Total Cost": 31071.98,
          "Plan Rows": 3,
          "Plan Width": 8,
          "Actual Startup Time": 106.006,
          "Actual Total Time": 113.959,
          "Actual Rows": 4,
          "Actual Loops": 1,
          "Workers Planned": 3,
          "Workers Launched": 3,
          "Single Copy": false,
          "Plans": [
            {
              "Node Type": "Aggregate",
              "Strategy": "Plain",
              "Partial Mode": "Partial",
              "Parent Relationship": "Outer",
              "Parallel Aware": false,
              "Startup Cost": 30071.67,
              "Total Cost": 30071.68,
              "Plan Rows": 1,
              "Plan Width": 8,
              "Actual Startup Time": 100.214,
              "Actual Total Time": 100.215,
              "Actual Rows": 1,
              "Actual Loops": 4,
              "Plans": [
                {
                  "Node Type": "Seq Scan",
                  "Parent Relationship": "Outer",
                  "Parallel Aware": true,
                  "Relation Name": "movie_companies",
                  "Alias": "mc",
                  "Startup Cost": 0.0,
                  "Total Cost": 29310.68,
                  "Plan Rows": 304395,
                  "Plan Width": 0,
                  "Actual Startup Time": 0.041,
                  "Actual Total Time": 84.32,
                  "Actual Rows": 235962,
                  "Actual Loops": 4,
                  "Filter": "(company_id < 3570)",
                  "Rows Removed by Filter": 416320
                }
              ]
            }
          ]
        }
      ]
    },
    "Planning Time": 0.194,
    "Triggers": [],
    "Execution Time": 114.027
  }
]