[
  {
    "Plan": {
      "Node Type": "Aggregate",
      "Strategy": "Plain",
      "Partial Mode": "Simple",
      "Parallel Aware": false,
      "Startup Cost": 21744.13,
      "Total Cost": 21744.14,
      "Plan Rows": 1,
      "Plan Width": 8,
      "Actual Startup Time": 40.033,
      "Actual Total Time": 40.034,
      "Actual Rows": 1,
      "Actual Loops": 1,
      "Plans": [
        {
          "Node Type": "Bitmap Heap Scan",
          "Parent Relationship": "Outer",
          "Parallel Aware": false,
          "Relation Name": "movie_companies",
          "Alias": "mc",
          "Startup Cost": 1683.9,
          "Total Cost": 21645.03,
          "Plan Rows": 39641,
          "Plan Width": 0,
          "Actual Startup Time": 9.316,
          "Actual Total Time": 33.776,
          "Actual Rows": 74926,
          "Actual Loops": 1,
          "Recheck Cond": "(company_id > 173281)",
          "Rows Removed by Index Recheck": 0,
          "Filter": "(company_type_id > 1)",
          "Rows Removed by Filter": 0,
          "Exact Heap Blocks": 2579,
          "Lossy Heap Blocks": 0,
          "Plans": [
            {
              "Node Type": "Bitmap Index Scan",
              "Parent Relationship": "Outer",
              "Parallel Aware": false,
              "Index Name": "company_id_movie_companies",
              "Startup Cost": 0.0,
              "Total Cost": 1673.99,
              "Plan Rows": 78075,
              "Plan Width": 0,
              "Actual Startup Time": 8.454,
              "Actual Total Time": 8.455,
              "Actual Rows": 74926,
              "Actual Loops": 1,
              "Index Cond": "(company_id > 173281)"
            }
          ]
        }
      ]
    },
    "Planning Time": 0.171,
    "Triggers": [],
    "Execution Time": 40.084
  }
]