[
  {
    "Plan": {
      "Node Type": "Aggregate",
      "Strategy": "Plain",
      "Partial Mode": "Finalize",
      "Parallel Aware": false,
      "Startup Cost": 207069.05,
      "Total Cost": 207069.06,
      "Plan Rows": 1,
      "Plan Width": 8,
      "Actual Startup Time": 465.622,
      "Actual Total Time": 501.199,
      "Actual Rows": 1,
      "Actual Loops": 1,
      "Plans": [
        {
          "Node Type": "Gather",
          "Parent Relationship": "Outer",
          "Parallel Aware": false,
          "Startup Cost": 207068.52,
          "Total Cost": 207069.04,
          "Plan Rows": 5,
          "Plan Width": 8,
          "Actual Startup Time": 465.503,
          "Actual Total Time": 501.19,
          "Actual Rows": 6,
          "Actual Loops": 1,
          "Workers Planned": 5,
          "Workers Launched": 5,
          "Single Copy": false,
          "Plans": [
            {
              "Node Type": "Aggregate",
              "Strategy": "Plain",
              "Partial Mode": "Partial",
              "Parent Relationship": "Outer",
              "Parallel Aware": false,
              "Startup Cost": 206068.52,
              "Total Cost": 206068.54,
              "Plan Rows": 1,
              "Plan Width": 8,
              "Actual Startup Time": 459.649,
              "Actual Total Time": 459.65,
              "Actual Rows": 1,
              "Actual Loops": 6,
              "Plans": [
                {
                  "Node Type": "Seq Scan",
                  "Parent Relationship": "Outer",
                  "Parallel Aware": true,
                  "Relation Name": "movie_info",
                  "Alias": "mi",
                  "Startup Cost": 0.0,
                  "Total Cost": 198952.16,
                  "Plan Rows": 2846545,
                  "Plan Width": 0,
                  "Actual Startup Time": 0.039,
                  "Actual Total Time": 356.705,
                  "Actual Rows": 2384826,
                  "Actual Loops": 6,
                  "Filter": "(info_type_id < 103)",
                  "Rows Removed by Filter": 87794
                }
              ]
            }
          ]
        }
      ]
    },
    "Planning Time": 0.09,
    "Triggers": [],
    "Execution Time": 501.238
  }
]