[
  {
    "Plan": {
      "Node Type": "Aggregate",
      "Strategy": "Plain",
      "Partial Mode": "Finalize",
      "Parallel Aware": false,
      "Startup Cost": 80713.24,
      "Total Cost": 80713.25,
      "Plan Rows": 1,
      "Plan Width": 8,
      "Actual Startup Time": 237.543,
      "Actual Total Time": 254.428,
      "Actual Rows": 1,
      "Actual Loops": 1,
      "Plans": [
        {
          "Node Type": "Gather",
          "Parent Relationship": "Outer",
          "Parallel Aware": false,
          "Startup Cost": 80712.82,
          "Total Cost": 80713.23,
          "Plan Rows": 4,
          "Plan Width": 8,
          "Actual Startup Time": 236.28,
          "Actual Total Time": 254.421,
          "Actual Rows": 5,
          "Actual Loops": 1,
          "Workers Planned": 4,
          "Workers Launched": 4,
          "Single Copy": false,
          "Plans": [
            {
              "Node Type": "Aggregate",
              "Strategy": "Plain",
              "Partial Mode": "Partial",
              "Parent Relationship": "Outer",
              "Parallel Aware": false,
              "Startup Cost": 79712.82,
              "Total Cost": 79712.83,
              "Plan Rows": 1,
              "Plan Width": 8,
              "Actual Startup Time": 226.44,
              "Actual Total Time": 226.443,
              "Actual Rows": 1,
              "Actual Loops": 5,
              "Plans": [
                {
                  "Node Type": "Hash Join",
                  "Parent Relationship": "Outer",
                  "Parallel Aware": true,
                  "Join Type": "Inner",
                  "Startup Cost": 33139.73,
                  "Total Cost": 79523.31,
                  "Plan Rows": 75804,
                  "Plan Width": 0,
                  "Actual Startup Time": 85.635,
                  "Actual Total Time": 224.445,
                  "Actual Rows": 39061,
                  "Actual Loops": 5,
                  "Inner Unique": false,
                  "Hash Cond": "(t.id = mc.movie_id)",
                  "Plans": [
                    {
                      "Node Type": "Seq Scan",
                      "Parent Relationship": "Outer",
                      "Parallel Aware": true,
                      "Relation Name": "title",
                      "Alias": "t",
                      "Startup Cost": 0.0,
                      "Total Cost": 43898.92,
                      "Plan Rows": 448026,
                      "Plan Width": 4,
                      "Actual Startup Time": 0.014,
                      "Actual Total Time": 76.94,
                      "Actual Rows": 358831,
                      "Actual Loops": 5,
                      "Filter": "(production_year < 2009)",
                      "Rows Removed by Filter": 146832
                    },
                    {
                      "Node Type": "Hash",
                      "Parent Relationship": "Inner",
                      "Parallel Aware": true,
                      "Startup Cost": 31414.82,
                      "Total Cost": 31414.82,
                      "Plan Rows": 137993,
                      "Plan Width": 4,
                      "Actual Startup Time": 82.693,
                      "Actual Total Time": 82.694,
                      "Actual Rows": 48965,
                      "Actual Loops": 5,
                      "Hash Buckets": 524288,
                      "Original Hash Buckets": 524288,
                      "Hash Batches": 1,
                      "Original Hash Batches": 1,
                      "Peak Memory Usage": 13728,
                      "Plans": [
                        {
                          "Node Type": "Seq Scan",
                          "Parent Relationship": "Outer",
                          "Parallel Aware": true,
                          "Relation Name": "movie_companies",
                          "Alias": "mc",
                          "Startup Cost": 0.0,
                          "Total Cost": 31414.82,
                          "Plan Rows": 137993,
                          "Plan Width": 4,
                          "Actual Startup Time": 42.209,
                          "Actual Total Time": 67.692,
                          "Actual Rows": 48965,
                          "Actual Loops": 5,
                          "Filter": "((company_id < 2164) AND (company_type_id = 2))",
                          "Rows Removed by Filter": 472861
                        }
                      ]
                    }
                  ]
                }
              ]
            }
          ]
        }
      ]
    },
    "Planning Time": 0.589,
    "Triggers": [],
    "Execution Time": 254.505
  }
]