[
  {
    "Plan": {
      "Node Type": "Aggregate",
      "Strategy": "Plain",
      "Partial Mode": "Finalize",
      "Parallel Aware": false,
      "Startup Cost": 595977.66,
      "Total Cost": 595977.67,
      "Plan Rows": 1,
      "Plan Width": 8,
      "Actual Startup Time": 3757.455,
      "Actual Total Time": 3853.965,
      "Actual Rows": 1,
      "Actual Loops": 1,
      "Plans": [
        {
          "Node Type": "Gather",
          "Parent Relationship": "Outer",
          "Parallel Aware": false,
          "Startup Cost": 595977.13,
          "Total Cost": 595977.64,
          "Plan Rows": 5,
          "Plan Width": 8,
          "Actual Startup Time": 3746.019,
          "Actual Total Time": 3853.954,
          "Actual Rows": 6,
          "Actual Loops": 1,
          "Workers Planned": 5,
          "Workers Launched": 5,
          "Single Copy": false,
          "Plans": [
            {
              "Node Type": "Aggregate",
              "Strategy": "Plain",
              "Partial Mode": "Partial",
              "Parent Relationship": "Outer",
              "Parallel Aware": false,
              "Startup Cost": 594977.13,
              "Total Cost": 594977.14,
              "Plan Rows": 1,
              "Plan Width": 8,
              "Actual Startup Time": 3728.583,
              "Actual Total Time": 3728.589,
              "Actual Rows": 1,
              "Actual Loops": 6,
              "Plans": [
                {
                  "Node Type": "Hash Join",
                  "Parent Relationship": "Outer",
                  "Parallel Aware": true,
                  "Join Type": "Inner",
                  "Startup Cost": 384418.46,
                  "Total Cost": 590230.78,
                  "Plan Rows": 1898542,
                  "Plan Width": 0,
                  "Actual Startup Time": 1443.635,
                  "Actual Total Time": 3343.037,
                  "Actual Rows": 9205462,
                  "Actual Loops": 6,
                  "Inner Unique": false,
                  "Hash Cond": "(mi.movie_id = t.id)",
                  "Plans": [
                    {
                      "Node Type": "Seq Scan",
                      "Parent Relationship": "Outer",
                      "Parallel Aware": true,
                      "Relation Name": "movie_info",
                      "Alias": "mi",
                      "Startup Cost": 0.0,
                      "Total Cost": 191560.33,
                      "Plan Rows": 2956733,
                      "Plan Width": 4,
                      "Actual Startup Time": 0.026,
                      "Actual Total Time": 296.417,
                      "Actual Rows": 2472620,
                      "Actual Loops": 6
                    },
                    {
                      "Node Type": "Hash",
                      "Parent Relationship": "Inner",
                      "Parallel Aware": true,
                      "Startup Cost": 381036.3,
                      "Total Cost": 381036.3,
                      "Plan Rows": 270573,
                      "Plan Width": 8,
                      "Actual Startup Time": 1436.497,
                      "Actual Total Time": 1436.501,
                      "Actual Rows": 418688,
                      "Actual Loops": 6,
                      "Hash Buckets": 4194304,
                      "Original Hash Buckets": 2097152,
                      "Hash Batches": 1,
                      "Original Hash Batches": 1,
                      "Peak Memory Usage": 147488,
                      "Plans": [
                        {
                          "Node Type": "Hash Join",
                          "Parent Relationship": "Outer",
                          "Parallel Aware": true,
                          "Join Type": "Inner",
                          "Startup Cost": 46337.59,
                          "Total Cost": 381036.3,
                          "Plan Rows": 270573,
                          "Plan Width": 8,
                          "Actual Startup Time": 115.069,
                          "Actual Total Time": 1219.238,
                          "Actual Rows": 418688,
                          "Actual Loops": 6,
                          "Inner Unique": true,
                          "Hash Cond": "(ci.movie_id = t.id)",
                          "Plans": [
                            {
                              "Node Type": "Seq Scan",
                              "Parent Relationship": "Outer",
                              "Parallel Aware": true,
                              "Relation Name": "cast_info",
                              "Alias": "ci",
                              "Startup Cost": 0.0,
                              "Total Cost": 328162.03,
                              "Plan Rows": 2490162,
                              "Plan Width": 4,
                              "Actual Startup Time": 0.018,
                              "Actual Total Time": 624.65,
                              "Actual Rows": 2486235,
                              "Actual Loops": 6,
                              "Filter": "(person_id < 1472428)",
                              "Rows Removed by Filter": 3554489
                            },
                            {
                              "Node Type": "Hash",
                              "Parent Relationship": "Inner",
                              "Parallel Aware": true,
                              "Startup Cost": 45479.1,
                              "Total Cost": 45479.1,
                              "Plan Rows": 68679,
                              "Plan Width": 4,
                              "Actual Startup Time": 114.156,
                              "Actual Total Time": 114.157,
                              "Actual Rows": 65336,
                              "Actual Loops": 6,
                              "Hash Buckets": 524288,
                              "Original Hash Buckets": 524288,
                              "Hash Batches": 1,
                              "Original Hash Batches": 1,
                              "Peak Memory Usage": 19520,
                              "Plans": [
                                {
                                  "Node Type": "Seq Scan",
                                  "Parent Relationship": "Outer",
                                  "Parallel Aware": true,
                                  "Relation Name": "title",
                                  "Alias": "t",
                                  "Startup Cost": 0.0,
                                  "Total Cost": 45479.1,
                                  "Plan Rows": 68679,
                                  "Plan Width": 4,
                                  "Actual Startup Time": 0.08,
                                  "Actual Total Time": 86.492,
                                  "Actual Rows": 65336,
                                  "Actual Loops": 6,
                                  "Filter": "((kind_id < 7) AND (production_year < 1991))",
                                  "Rows Removed by Filter": 356049
                                }
                              ]
                            }
                          ]
                        }
                      ]
                    }
                  ]
                }
              ]
            }
          ]
        }
      ]
    },
    "Planning Time": 1.388,
    "Triggers": [],
    "Execution Time": 3854.074
  }
]