[
  {
    "Plan": {
      "Node Type": "Aggregate",
      "Strategy": "Plain",
      "Partial Mode": "Finalize",
      "Parallel Aware": false,
      "Startup Cost": 94790.1,
      "Total Cost": 94790.11,
      "Plan Rows": 1,
      "Plan Width": 8,
      "Actual Startup Time": 388.932,
      "Actual Total Time": 405.842,
      "Actual Rows": 1,
      "Actual Loops": 1,
      "Plans": [
        {
          "Node Type": "Gather",
          "Parent Relationship": "Outer",
          "Parallel Aware": false,
          "Startup Cost": 94789.79,
          "Total Cost": 94790.1,
          "Plan Rows": 3,
          "Plan Width": 8,
          "Actual Startup Time": 385.93,
          "Actual Total Time": 405.832,
          "Actual Rows": 4,
          "Actual Loops": 1,
          "Workers Planned": 3,
          "Workers Launched": 3,
          "Single Copy": false,
          "Plans": [
            {
              "Node Type": "Aggregate",
              "Strategy": "Plain",
              "Partial Mode": "Partial",
              "Parent Relationship": "Outer",
              "Parallel Aware": false,
              "Startup Cost": 93789.79,
              "Total Cost": 93789.8,
              "Plan Rows": 1,
              "Plan Width": 8,
              "Actual Startup Time": 377.309,
              "Actual Total Time": 377.313,
              "Actual Rows": 1,
              "Actual Loops": 4,
              "Plans": [
                {
                  "Node Type": "Hash Join",
                  "Parent Relationship": "Outer",
                  "Parallel Aware": true,
                  "Join Type": "Inner",
                  "Startup Cost": 47596.7,
                  "Total Cost": 93078.58,
                  "Plan Rows": 284481,
                  "Plan Width": 0,
                  "Actual Startup Time": 172.462,
                  "Actual Total Time": 372.509,
                  "Actual Rows": 101851,
                  "Actual Loops": 4,
                  "Inner Unique": true,
                  "Hash Cond": "(mk.movie_id = t.id)",
                  "Plans": [
                    {
                      "Node Type": "Seq Scan",
                      "Parent Relationship": "Outer",
                      "Parallel Aware": true,
                      "Relation Name": "movie_keyword",
                      "Alias": "mk",
                      "Startup Cost": 0.0,
                      "Total Cost": 42695.65,
                      "Plan Rows": 1061422,
                      "Plan Width": 4,
                      "Actual Startup Time": 0.034,
                      "Actual Total Time": 115.807,
                      "Actual Rows": 820763,
                      "Actual Loops": 4,
                      "Filter": "(keyword_id < 14584)",
                      "Rows Removed by Filter": 310220
                    },
                    {
                      "Node Type": "Hash",
                      "Parent Relationship": "Inner",
                      "Parallel Aware": true,
                      "Startup Cost": 45479.1,
                      "Total Cost": 45479.1,
                      "Plan Rows": 169408,
                      "Plan Width": 4,
                      "Actual Startup Time": 167.113,
                      "Actual Total Time": 167.114,
                      "Actual Rows": 141266,
                      "Actual Loops": 4,
                      "Hash Buckets": 1048576,
                      "Original Hash Buckets": 1048576,
                      "Hash Batches": 1,
                      "Original Hash Batches": 1,
                      "Peak Memory Usage": 30400,
                      "Plans": [
                        {
                          "Node Type": "Seq Scan",
                          "Parent Relationship": "Outer",
                          "Parallel Aware": true,
                          "Relation Name": "title",
                          "Alias": "t",
                          "Startup Cost": 0.0,
                          "Total Cost": 45479.1,
                          "Plan Rows": 169408,
                          "Plan Width": 4,
                          "Actual Startup Time": 0.037,
                          "Actual Total Time": 108.278,
                          "Actual Rows": 141266,
                          "Actual Loops": 4,
                          "Filter": "((kind_id > 1) AND (production_year < 1998))",
                          "Rows Removed by Filter": 490812
                        }
                      ]
                    }
                  ]
                }
              ]
            }
          ]
        }
      ]
    },
    "Planning Time": 0.612,
    "Triggers": [],
    "Execution Time": 405.938
  }
]