[
  {
    "Plan": {
      "Node Type": "Aggregate",
      "Strategy": "Plain",
      "Partial Mode": "Finalize",
      "Parallel Aware": false,
      "Startup Cost": 32873.21,
      "Total Cost": 32873.22,
      "Plan Rows": 1,
      "Plan Width": 8,
      "Actual Startup Time": 98.009,
      "Actual Total Time": 104.671,
      "Actual Rows": 1,
      "Actual Loops": 1,
      "Plans": [
        {
          "Node Type": "Gather",
          "Parent Relationship": "Outer",
          "Parallel Aware": false,
          "Startup Cost": 32872.89,
          "Total Cost": 32873.2,
          "Plan Rows": 3,
          "Plan Width": 8,
          "Actual Startup Time": 97.903,
          "Actual Total Time": 104.664,
          "Actual Rows": 4,
          "Actual Loops": 1,
          "Workers Planned": 3,
          "Workers Launched": 3,
          "Single Copy": false,
          "Plans": [
            {
              "Node Type": "Aggregate",
              "Strategy": "Plain",
              "Partial Mode": "Partial",
              "Parent Relationship": "Outer",
              "Parallel Aware": false,
              "Startup Cost": 31872.89,
              "Total Cost": 31872.9,
              "Plan Rows": 1,
              "Plan Width": 8,
              "Actual Startup Time": 92.734,
              "Actual Total Time": 92.735,
              "Actual Rows": 1,
              "Actual Loops": 4,
              "Plans": [
                {
                  "Node Type": "Seq Scan",
                  "Parent Relationship": "Outer",
                  "Parallel Aware": true,
                  "Relation Name": "movie_companies",
                  "Alias": "mc",
                  "Startup Cost": 0.0,
                  "Total Cost": 31414.82,
                  "Plan Rows": 183230,
                  "Plan Width": 0,
                  "Actual Startup Time": 40.646,
                  "Actual Total Time": 81.464,
                  "Actual Rows": 213694,
                  "Actual Loops": 4,
                  "Filter": "((company_id > 14002) AND (company_type_id = 2))",
                  "Rows Removed by Filter": 438589
                }
              ]
            }
          ]
        }
      ]
    },
    "Planning Time": 0.118,
    "Triggers": [],
    "Execution Time": 104.705
  }
]