[
  {
    "Plan": {
      "Node Type": "Aggregate",
      "Strategy": "Plain",
      "Partial Mode": "Finalize",
      "Parallel Aware": false,
      "Startup Cost": 41554.6,
      "Total Cost": 41554.61,
      "Plan Rows": 1,
      "Plan Width": 8,
      "Actual Startup Time": 119.529,
      "Actual Total Time": 126.35,
      "Actual Rows": 1,
      "Actual Loops": 1,
      "Plans": [
        {
          "Node Type": "Gather",
          "Parent Relationship": "Outer",
          "Parallel Aware": false,
          "Startup Cost": 41554.28,
          "Total Cost": 41554.59,
          "Plan Rows": 3,
          "Plan Width": 8,
          "Actual Startup Time": 119.331,
          "Actual Total Time": 126.341,
          "Actual Rows": 4,
          "Actual Loops": 1,
          "Workers Planned": 3,
          "Workers Launched": 3,
          "Single Copy": false,
          "Plans": [
            {
              "Node Type": "Aggregate",
              "Strategy": "Plain",
              "Partial Mode": "Partial",
              "Parent Relationship": "Outer",
              "Parallel Aware": false,
              "Startup Cost": 40554.28,
              "Total Cost": 40554.29,
              "Plan Rows": 1,
              "Plan Width": 8,
              "Actual Startup Time": 114.501,
              "Actual Total Time": 114.503,
              "Actual Rows": 1,
              "Actual Loops": 4,
              "Plans": [
                {
                  "Node Type": "Bitmap Heap Scan",
                  "Parent Relationship": "Outer",
                  "Parallel Aware": true,
                  "Relation Name": "movie_keyword",
                  "Alias": "mk",
                  "Startup Cost": 13109.95,
                  "Total Cost": 40055.89,
                  "Plan Rows": 199355,
                  "Plan Width": 0,
                  "Actual Startup Time": 40.682,
                  "Actual Total Time": 106.067,
                  "Actual Rows": 156491,
                  "Actual Loops": 4,
                  "Recheck Cond": "(keyword_id < 486)",
                  "Rows Removed by Index Recheck": 0,
                  "Exact Heap Blocks": 10408,
                  "Lossy Heap Blocks": 0,
                  "Plans": [
                    {
                      "Node Type": "Bitmap Index Scan",
                      "Parent Relationship": "Outer",
                      "Parallel Aware": false,
                      "Index Name": "keyword_id_movie_keyword",
                      "Startup Cost": 0.0,
                      "Total Cost": 12955.45,
                      "Plan Rows": 618002,
                      "Plan Width": 0,
                      "Actual Startup Time": 41.426,
                      "Actual Total Time": 41.427,
                      "Actual Rows": 625964,
                      "Actual Loops": 1,
                      "Index Cond": "(keyword_id < 486)"
                    }
                  ]
                }
              ]
            }
          ]
        }
      ]
    },
    "Planning Time": 0.123,
    "Triggers": [],
    "Execution Time": 126.401
  }
]