[
  {
    "Plan": {
      "Node Type": "Aggregate",
      "Strategy": "Plain",
      "Partial Mode": "Finalize",
      "Parallel Aware": false,
      "Startup Cost": 45637.03,
      "Total Cost": 45637.04,
      "Plan Rows": 1,
      "Plan Width": 8,
      "Actual Startup Time": 139.92,
      "Actual Total Time": 147.17,
      "Actual Rows": 1,
      "Actual Loops": 1,
      "Plans": [
        {
          "Node Type": "Gather",
          "Parent Relationship": "Outer",
          "Parallel Aware": false,
          "Startup Cost": 45636.81,
          "Total Cost": 45637.02,
          "Plan Rows": 2,
          "Plan Width": 8,
          "Actual Startup Time": 137.977,
          "Actual Total Time": 147.16,
          "Actual Rows": 3,
          "Actual Loops": 1,
          "Workers Planned": 2,
          "Workers Launched": 2,
          "Single Copy": false,
          "Plans": [
            {
              "Node Type": "Aggregate",
              "Strategy": "Plain",
              "Partial Mode": "Partial",
              "Parent Relationship": "Outer",
              "Parallel Aware": false,
              "Startup Cost": 44636.81,
              "Total Cost": 44636.82,
              "Plan Rows": 1,
              "Plan Width": 8,
              "Actual Startup Time": 129.465,
              "Actual Total Time": 129.469,
              "Actual Rows": 1,
              "Actual Loops": 3,
              "Plans": [
                {
                  "Node Type": "Nested Loop",
                  "Parent Relationship": "Outer",
                  "Parallel Aware": false,
                  "Join Type": "Inner",
                  "Startup Cost": 17660.56,
                  "Total Cost": 44635.41,
                  "Plan Rows": 561,
                  "Plan Width": 0,
                  "Actual Startup Time": 110.317,
                  "Actual Total Time": 129.24,
                  "Actual Rows": 2130,
                  "Actual Loops": 3,
                  "Inner Unique": true,
                  "Join Filter": "(mi.movie_id = t.id)",
                  "Rows Removed by Join Filter": 0,
                  "Plans": [
                    {
                      "Node Type": "Hash Join",
                      "Parent Relationship": "Outer",
                      "Parallel Aware": true,
                      "Join Type": "Inner",
                      "Startup Cost": 17660.13,
                      "Total Cost": 42054.45,
                      "Plan Rows": 3034,
                      "Plan Width": 8,
                      "Actual Startup Time": 110.253,
                      "Actual Total Time": 115.193,
                      "Actual Rows": 2130,
                      "Actual Loops": 3,
                      "Inner Unique": false,
                      "Hash Cond": "(mi.movie_id = mi_idx.movie_id)",
                      "Plans": [
                        {
                          "Node Type": "Bitmap Heap Scan",
                          "Parent Relationship": "Outer",
                          "Parallel Aware": true,
                          "Relation Name": "movie_info",
                          "Alias": "mi",
                          "Startup Cost": 137.72,
                          "Total Cost": 24507.86,
                          "Plan Rows": 3080,
                          "Plan Width": 4,
                          "Actual Startup Time": 2.636,
                          "Actual Total Time": 5.166,
                          "Actual Rows": 2141,
                          "Actual Loops": 3,
                          "Recheck Cond": "(info_type_id = 86)",
                          "Rows Removed by Index Recheck": 0,
                          "Exact Heap Blocks": 668,
                          "Lossy Heap Blocks": 0,
                          "Plans": [
                            {
                              "Node Type": "Bitmap Index Scan",
                              "Parent Relationship": "Outer",
                              "Parallel Aware": false,
                              "Index Name": "info_type_id_movie_info",
                              "Startup Cost": 0.0,
                              "Total Cost": 135.88,
                              "Plan Rows": 7392,
                              "Plan Width": 0,
                              "Actual Startup Time": 2.301,
                              "Actual Total Time": 2.302,
                              "Actual Rows": 6422,
                              "Actual Loops": 1,
                              "Index Cond": "(info_type_id = 86)"
                            }
                          ]
                        },
                        {
                          "Node Type": "Hash",
                          "Parent Relationship": "Inner",
                          "Parallel Aware": true,
                          "Startup Cost": 15122.68,
                          "Total Cost": 15122.68,
                          "Plan Rows": 191978,
                          "Plan Width": 4,
                          "Actual Startup Time": 104.032,
                          "Actual Total Time": 104.033,
                          "Actual Rows": 153308,
                          "Actual Loops": 3,
                          "Hash Buckets": 524288,
                          "Original Hash Buckets": 524288,
                          "Hash Batches": 1,
                          "Original Hash Batches": 1,
                          "Peak Memory Usage": 22144,
                          "Plans": [
                            {
                              "Node Type": "Seq Scan",
                              "Parent Relationship": "Outer",
                              "Parallel Aware": true,
                              "Relation Name": "movie_info_idx",
                              "Alias": "mi_idx",
                              "Startup Cost": 0.0,
                              "Total Cost": 15122.68,
                              "Plan Rows": 191978,
                              "Plan Width": 4,
                              "Actual Startup Time": 0.056,
                              "Actual Total Time": 54.994,
                              "Actual Rows": 153308,
                              "Actual Loops": 3,
                              "Filter": "(info_type_id = 101)",
                              "Rows Removed by Filter": 306703
                            }
                          ]
                        }
                      ]
                    },
                    {
                      "Node Type": "Index Only Scan",
                      "Parent Relationship": "Inner",
                      "Parallel Aware": false,
                      "Scan Direction": "Forward",
                      "Index Name": "title_pkey",
                      "Relation Name": "title",
                      "Alias": "t",
                      "Startup Cost": 0.43,
                      "Total Cost": 0.84,
                      "Plan Rows": 1,
                      "Plan Width": 4,
                      "Actual Startup Time": 0.006,
                      "Actual Total Time": 0.006,
                      "Actual Rows": 1,
                      "Actual Loops": 6391,
                      "Index Cond": "(id = mi_idx.movie_id)",
                      "Rows Removed by Index Recheck": 0,
                      "Heap Fetches": 6391
                    }
                  ]
                }
              ]
            }
          ]
        }
      ]
    },
    "Planning Time": 1.345,
    "Triggers": [],
    "Execution Time": 147.274
  }
]