[
  {
    "Plan": {
      "Node Type": "Aggregate",
      "Strategy": "Plain",
      "Partial Mode": "Finalize",
      "Parallel Aware": false,
      "Startup Cost": 46357.98,
      "Total Cost": 46357.99,
      "Plan Rows": 1,
      "Plan Width": 8,
      "Actual Startup Time": 84.307,
      "Actual Total Time": 92.258,
      "Actual Rows": 1,
      "Actual Loops": 1,
      "Plans": [
        {
          "Node Type": "Gather",
          "Parent Relationship": "Outer",
          "Parallel Aware": false,
          "Startup Cost": 46357.77,
          "Total Cost": 46357.98,
          "Plan Rows": 2,
          "Plan Width": 8,
          "Actual Startup Time": 83.549,
          "Actual Total Time": 92.252,
          "Actual Rows": 3,
          "Actual Loops": 1,
          "Workers Planned": 2,
          "Workers Launched": 2,
          "Single Copy": false,
          "Plans": [
            {
              "Node Type": "Aggregate",
              "Strategy": "Plain",
              "Partial Mode": "Partial",
              "Parent Relationship": "Outer",
              "Parallel Aware": false,
              "Startup Cost": 45357.77,
              "Total Cost": 45357.78,
              "Plan Rows": 1,
              "Plan Width": 8,
              "Actual Startup Time": 80.57,
              "Actual Total Time": 80.573,
              "Actual Rows": 1,
              "Actual Loops": 3,
              "Plans": [
                {
                  "Node Type": "Hash Join",
                  "Parent Relationship": "Outer",
                  "Parallel Aware": true,
                  "Join Type": "Inner",
                  "Startup Cost": 38955.28,
                  "Total Cost": 45347.12,
                  "Plan Rows": 4257,
                  "Plan Width": 0,
                  "Actual Startup Time": 47.563,
                  "Actual Total Time": 80.494,
                  "Actual Rows": 1107,
                  "Actual Loops": 3,
                  "Inner Unique": true,
                  "Hash Cond": "(ci.movie_id = t.id)",
                  "Plans": [
                    {
                      "Node Type": "Index Scan",
                      "Parent Relationship": "Outer",
                      "Parallel Aware": true,
                      "Scan Direction": "Forward",
                      "Index Name": "role_id_cast_info",
                      "Relation Name": "cast_info",
                      "Alias": "ci",
                      "Startup Cost": 0.56,
                      "Total Cost": 6159.8,
                      "Plan Rows": 88615,
                      "Plan Width": 4,
                      "Actual Startup Time": 0.045,
                      "Actual Total Time": 15.894,
                      "Actual Rows": 92134,
                      "Actual Loops": 3,
                      "Index Cond": "(role_id = 7)",
                      "Rows Removed by Index Recheck": 0
                    },
                    {
                      "Node Type": "Hash",
                      "Parent Relationship": "Inner",
                      "Parallel Aware": true,
                      "Startup Cost": 38575.19,
                      "Total Cost": 38575.19,
                      "Plan Rows": 30362,
                      "Plan Width": 4,
                      "Actual Startup Time": 46.738,
                      "Actual Total Time": 46.739,
                      "Actual Rows": 39411,
                      "Actual Loops": 3,
                      "Hash Buckets": 131072,
                      "Original Hash Buckets": 131072,
                      "Hash Batches": 1,
                      "Original Hash Batches": 1,
                      "Peak Memory Usage": 5696,
                      "Plans": [
                        {
                          "Node Type": "Bitmap Heap Scan",
                          "Parent Relationship": "Outer",
                          "Parallel Aware": true,
                          "Relation Name": "title",
                          "Alias": "t",
                          "Startup Cost": 2197.66,
                          "Total Cost": 38575.19,
                          "Plan Rows": 30362,
                          "Plan Width": 4,
                          "Actual Startup Time": 8.211,
                          "Actual Total Time": 35.806,
                          "Actual Rows": 39411,
                          "Actual Loops": 3,
                          "Recheck Cond": "(kind_id = 4)",
                          "Rows Removed by Index Recheck": 0,
                          "Exact Heap Blocks": 6511,
                          "Lossy Heap Blocks": 0,
                          "Plans": [
                            {
                              "Node Type": "Bitmap Index Scan",
                              "Parent Relationship": "Outer",
                              "Parallel Aware": false,
                              "Index Name": "kind_id_title",
                              "Startup Cost": 0.0,
                              "Total Cost": 2167.3,
                              "Plan Rows": 121449,
                              "Plan Width": 0,
                              "Actual Startup Time": 7.342,
                              "Actual Total Time": 7.343,
                              "Actual Rows": 118234,
                              "Actual Loops": 1,
                              "Index Cond": "(kind_id = 4)"
                            }
                          ]
                        }
                      ]
                    }
                  ]
                }
              ]
            }
          ]
        }
      ]
    },
    "Planning Time": 0.262,
    "Triggers": [],
    "Execution Time": 92.304
  }
]