[
  {
    "Plan": {
      "Node Type": "Aggregate",
      "Strategy": "Plain",
      "Partial Mode": "Finalize",
      "Parallel Aware": false,
      "Startup Cost": 81192.79,
      "Total Cost": 81192.8,
      "Plan Rows": 1,
      "Plan Width": 8,
      "Actual Startup Time": 476.27,
      "Actual Total Time": 489.27,
      "Actual Rows": 1,
      "Actual Loops": 1,
      "Plans": [
        {
          "Node Type": "Gather",
          "Parent Relationship": "Outer",
          "Parallel Aware": false,
          "Startup Cost": 81192.47,
          "Total Cost": 81192.78,
          "Plan Rows": 3,
          "Plan Width": 8,
          "Actual Startup Time": 471.068,
          "Actual Total Time": 489.26,
          "Actual Rows": 4,
          "Actual Loops": 1,
          "Workers Planned": 3,
          "Workers Launched": 3,
          "Single Copy": false,
          "Plans": [
            {
              "Node Type": "Aggregate",
              "Strategy": "Plain",
              "Partial Mode": "Partial",
              "Parent Relationship": "Outer",
              "Parallel Aware": false,
              "Startup Cost": 80192.47,
              "Total Cost": 80192.48,
              "Plan Rows": 1,
              "Plan Width": 8,
              "Actual Startup Time": 459.165,
              "Actual Total Time": 459.168,
              "Actual Rows": 1,
              "Actual Loops": 4,
              "Plans": [
                {
                  "Node Type": "Hash Join",
                  "Parent Relationship": "Outer",
                  "Parallel Aware": true,
                  "Join Type": "Inner",
                  "Startup Cost": 48733.6,
                  "Total Cost": 79401.58,
                  "Plan Rows": 316357,
                  "Plan Width": 0,
                  "Actual Startup Time": 264.345,
                  "Actual Total Time": 450.653,
                  "Actual Rows": 187383,
                  "Actual Loops": 4,
                  "Inner Unique": true,
                  "Hash Cond": "(mc.movie_id = t.id)",
                  "Plans": [
                    {
                      "Node Type": "Seq Scan",
                      "Parent Relationship": "Outer",
                      "Parallel Aware": true,
                      "Relation Name": "movie_companies",
                      "Alias": "mc",
                      "Startup Cost": 0.0,
                      "Total Cost": 29310.68,
                      "Plan Rows": 517066,
                      "Plan Width": 4,
                      "Actual Startup Time": 0.01,
                      "Actual Total Time": 69.244,
                      "Actual Rows": 402045,
                      "Actual Loops": 4,
                      "Filter": "(company_id < 16708)",
                      "Rows Removed by Filter": 250237
                    },
                    {
                      "Node Type": "Hash",
                      "Parent Relationship": "Inner",
                      "Parallel Aware": true,
                      "Startup Cost": 43899.32,
                      "Total Cost": 43899.32,
                      "Plan Rows": 386742,
                      "Plan Width": 4,
                      "Actual Startup Time": 256.577,
                      "Actual Total Time": 256.578,
                      "Actual Rows": 382903,
                      "Actual Loops": 4,
                      "Hash Buckets": 2097152,
                      "Original Hash Buckets": 2097152,
                      "Hash Batches": 1,
                      "Original Hash Batches": 1,
                      "Peak Memory Usage": 76320,
                      "Plans": [
                        {
                          "Node Type": "Seq Scan",
                          "Parent Relationship": "Outer",
                          "Parallel Aware": true,
                          "Relation Name": "title",
                          "Alias": "t",
                          "Startup Cost": 0.0,
                          "Total Cost": 43899.32,
                          "Plan Rows": 386742,
                          "Plan Width": 4,
                          "Actual Startup Time": 0.044,
                          "Actual Total Time": 111.536,
                          "Actual Rows": 382903,
                          "Actual Loops": 4,
                          "Filter": "(production_year > 1997)",
                          "Rows Removed by Filter": 249175
                        }
                      ]
                    }
                  ]
                }
              ]
            }
          ]
        }
      ]
    },
    "Planning Time": 0.587,
    "Triggers": [],
    "Execution Time": 489.332
  }
]