[
  {
    "Plan": {
      "Node Type": "Aggregate",
      "Strategy": "Plain",
      "Partial Mode": "Finalize",
      "Parallel Aware": false,
      "Startup Cost": 299448.58,
      "Total Cost": 299448.59,
      "Plan Rows": 1,
      "Plan Width": 8,
      "Actual Startup Time": 1668.249,
      "Actual Total Time": 1715.224,
      "Actual Rows": 1,
      "Actual Loops": 1,
      "Plans": [
        {
          "Node Type": "Gather",
          "Parent Relationship": "Outer",
          "Parallel Aware": false,
          "Startup Cost": 299448.06,
          "Total Cost": 299448.57,
          "Plan Rows": 5,
          "Plan Width": 8,
          "Actual Startup Time": 1656.616,
          "Actual Total Time": 1715.21,
          "Actual Rows": 6,
          "Actual Loops": 1,
          "Workers Planned": 5,
          "Workers Launched": 5,
          "Single Copy": false,
          "Plans": [
            {
              "Node Type": "Aggregate",
              "Strategy": "Plain",
              "Partial Mode": "Partial",
              "Parent Relationship": "Outer",
              "Parallel Aware": false,
              "Startup Cost": 298448.06,
              "Total Cost": 298448.07,
              "Plan Rows": 1,
              "Plan Width": 8,
              "Actual Startup Time": 1645.81,
              "Actual Total Time": 1645.867,
              "Actual Rows": 1,
              "Actual Loops": 6,
              "Plans": [
                {
                  "Node Type": "Hash Join",
                  "Parent Relationship": "Outer",
                  "Parallel Aware": true,
                  "Join Type": "Inner",
                  "Startup Cost": 94263.77,
                  "Total Cost": 297898.67,
                  "Plan Rows": 219756,
                  "Plan Width": 0,
                  "Actual Startup Time": 334.854,
                  "Actual Total Time": 1310.481,
                  "Actual Rows": 8008635,
                  "Actual Loops": 6,
                  "Inner Unique": false,
                  "Hash Cond": "(mi.movie_id = t.id)",
                  "Plans": [
                    {
                      "Node Type": "Seq Scan",
                      "Parent Relationship": "Outer",
                      "Parallel Aware": true,
                      "Relation Name": "movie_info",
                      "Alias": "mi",
                      "Startup Cost": 0.0,
                      "Total Cost": 198952.16,
                      "Plan Rows": 1059693,
                      "Plan Width": 4,
                      "Actual Startup Time": 16.683,
                      "Actual Total Time": 313.593,
                      "Actual Rows": 878428,
                      "Actual Loops": 6,
                      "Filter": "(info_type_id > 15)",
                      "Rows Removed by Filter": 1594192
                    },
                    {
                      "Node Type": "Hash",
                      "Parent Relationship": "Inner",
                      "Parallel Aware": true,
                      "Startup Cost": 92149.61,
                      "Total Cost": 92149.61,
                      "Plan Rows": 169133,
                      "Plan Width": 8,
                      "Actual Startup Time": 300.069,
                      "Actual Total Time": 300.125,
                      "Actual Rows": 152337,
                      "Actual Loops": 6,
                      "Hash Buckets": 1048576,
                      "Original Hash Buckets": 1048576,
                      "Hash Batches": 1,
                      "Original Hash Batches": 1,
                      "Peak Memory Usage": 44032,
                      "Plans": [
                        {
                          "Node Type": "Hash Join",
                          "Parent Relationship": "Outer",
                          "Parallel Aware": true,
                          "Join Type": "Inner",
                          "Startup Cost": 46801.64,
                          "Total Cost": 92149.61,
                          "Plan Rows": 169133,
                          "Plan Width": 8,
                          "Actual Startup Time": 137.752,
                          "Actual Total Time": 254.929,
                          "Actual Rows": 152337,
                          "Actual Loops": 6,
                          "Inner Unique": true,
                          "Hash Cond": "(mk.movie_id = t.id)",
                          "Plans": [
                            {
                              "Node Type": "Seq Scan",
                              "Parent Relationship": "Outer",
                              "Parallel Aware": true,
                              "Relation Name": "movie_keyword",
                              "Alias": "mk",
                              "Startup Cost": 0.0,
                              "Total Cost": 42695.65,
                              "Plan Rows": 1010407,
                              "Plan Width": 4,
                              "Actual Startup Time": 0.031,
                              "Actual Total Time": 82.423,
                              "Actual Rows": 521318,
                              "Actual Loops": 6,
                              "Filter": "(keyword_id < 12002)",
                              "Rows Removed by Filter": 232670
                            },
                            {
                              "Node Type": "Hash",
                              "Parent Relationship": "Inner",
                              "Parallel Aware": true,
                              "Startup Cost": 45479.1,
                              "Total Cost": 45479.1,
                              "Plan Rows": 105803,
                              "Plan Width": 4,
                              "Actual Startup Time": 111.776,
                              "Actual Total Time": 111.777,
                              "Actual Rows": 51516,
                              "Actual Loops": 6,
                              "Hash Buckets": 524288,
                              "Original Hash Buckets": 524288,
                              "Hash Batches": 1,
                              "Original Hash Batches": 1,
                              "Peak Memory Usage": 16288,
                              "Plans": [
                                {
                                  "Node Type": "Seq Scan",
                                  "Parent Relationship": "Outer",
                                  "Parallel Aware": true,
                                  "Relation Name": "title",
                                  "Alias": "t",
                                  "Startup Cost": 0.0,
                                  "Total Cost": 45479.1,
                                  "Plan Rows": 105803,
                                  "Plan Width": 4,
                                  "Actual Startup Time": 47.344,
                                  "Actual Total Time": 88.056,
                                  "Actual Rows": 51516,
                                  "Actual Loops": 6,
                                  "Filter": "((production_year > 1995) AND (kind_id = 1))",
                                  "Rows Removed by Filter": 369869
                                }
                              ]
                            }
                          ]
                        }
                      ]
                    }
                  ]
                }
              ]
            }
          ]
        }
      ]
    },
    "Planning Time": 1.392,
    "Triggers": [],
    "Execution Time": 1715.322
  }
]