[
  {
    "Plan": {
      "Node Type": "Aggregate",
      "Strategy": "Plain",
      "Partial Mode": "Finalize",
      "Parallel Aware": false,
      "Startup Cost": 26839.37,
      "Total Cost": 26839.38,
      "Plan Rows": 1,
      "Plan Width": 8,
      "Actual Startup Time": 93.869,
      "Actual Total Time": 101.377,
      "Actual Rows": 1,
      "Actual Loops": 1,
      "Plans": [
        {
          "Node Type": "Gather",
          "Parent Relationship": "Outer",
          "Parallel Aware": false,
          "Startup Cost": 26839.05,
          "Total Cost": 26839.36,
          "Plan Rows": 3,
          "Plan Width": 8,
          "Actual Startup Time": 93.514,
          "Actual Total Time": 101.366,
          "Actual Rows": 4,
          "Actual Loops": 1,
          "Workers Planned": 3,
          "Workers Launched": 3,
          "Single Copy": false,
          "Plans": [
            {
              "Node Type": "Aggregate",
              "Strategy": "Plain",
              "Partial Mode": "Partial",
              "Parent Relationship": "Outer",
              "Parallel Aware": false,
              "Startup Cost": 25839.05,
              "Total Cost": 25839.06,
              "Plan Rows": 1,
              "Plan Width": 8,
              "Actual Startup Time": 88.935,
              "Actual Total Time": 88.936,
              "Actual Rows": 1,
              "Actual Loops": 4,
              "Plans": [
                {
                  "Node Type": "Bitmap Heap Scan",
                  "Parent Relationship": "Outer",
                  "Parallel Aware": true,
                  "Relation Name": "movie_companies",
                  "Alias": "mc",
                  "Startup Cost": 5671.27,
                  "Total Cost": 25735.23,
                  "Plan Rows": 41526,
                  "Plan Width": 0,
                  "Actual Startup Time": 32.019,
                  "Actual Total Time": 84.239,
                  "Actual Rows": 49700,
                  "Actual Loops": 4,
                  "Recheck Cond": "(company_id < 130)",
                  "Rows Removed by Index Recheck": 0,
                  "Filter": "(company_type_id < 2)",
                  "Rows Removed by Filter": 15066,
                  "Exact Heap Blocks": 7368,
                  "Lossy Heap Blocks": 0,
                  "Plans": [
                    {
                      "Node Type": "Bitmap Index Scan",
                      "Parent Relationship": "Outer",
                      "Parallel Aware": false,
                      "Index Name": "company_id_movie_companies",
                      "Startup Cost": 0.0,
                      "Total Cost": 5639.08,
                      "Plan Rows": 263287,
                      "Plan Width": 0,
                      "Actual Startup Time": 31.024,
                      "Actual Total Time": 31.025,
                      "Actual Rows": 259064,
                      "Actual Loops": 1,
                      "Index Cond": "(company_id < 130)"
                    }
                  ]
                }
              ]
            }
          ]
        }
      ]
    },
    "Planning Time": 0.239,
    "Triggers": [],
    "Execution Time": 101.47
  }
]