[
  {
    "Plan": {
      "Node Type": "Aggregate",
      "Strategy": "Plain",
      "Partial Mode": "Finalize",
      "Parallel Aware": false,
      "Startup Cost": 501242.26,
      "Total Cost": 501242.27,
      "Plan Rows": 1,
      "Plan Width": 8,
      "Actual Startup Time": 3094.462,
      "Actual Total Time": 3177.938,
      "Actual Rows": 1,
      "Actual Loops": 1,
      "Plans": [
        {
          "Node Type": "Gather",
          "Parent Relationship": "Outer",
          "Parallel Aware": false,
          "Startup Cost": 501241.73,
          "Total Cost": 501242.24,
          "Plan Rows": 5,
          "Plan Width": 8,
          "Actual Startup Time": 3079.642,
          "Actual Total Time": 3177.927,
          "Actual Rows": 6,
          "Actual Loops": 1,
          "Workers Planned": 5,
          "Workers Launched": 5,
          "Single Copy": false,
          "Plans": [
            {
              "Node Type": "Aggregate",
              "Strategy": "Plain",
              "Partial Mode": "Partial",
              "Parent Relationship": "Outer",
              "Parallel Aware": false,
              "Startup Cost": 500241.73,
              "Total Cost": 500241.74,
              "Plan Rows": 1,
              "Plan Width": 8,
              "Actual Startup Time": 3058.627,
              "Actual Total Time": 3058.631,
              "Actual Rows": 1,
              "Actual Loops": 6,
              "Plans": [
                {
                  "Node Type": "Nested Loop",
                  "Parent Relationship": "Outer",
                  "Parallel Aware": false,
                  "Join Type": "Inner",
                  "Startup Cost": 62950.7,
                  "Total Cost": 499806.03,
                  "Plan Rows": 174281,
                  "Plan Width": 0,
                  "Actual Startup Time": 297.667,
                  "Actual Total Time": 3033.623,
                  "Actual Rows": 520156,
                  "Actual Loops": 6,
                  "Inner Unique": false,
                  "Plans": [
                    {
                      "Node Type": "Hash Join",
                      "Parent Relationship": "Outer",
                      "Parallel Aware": true,
                      "Join Type": "Inner",
                      "Startup Cost": 62950.14,
                      "Total Cost": 227068.85,
                      "Plan Rows": 140543,
                      "Plan Width": 8,
                      "Actual Startup Time": 296.966,
                      "Actual Total Time": 383.529,
                      "Actual Rows": 110154,
                      "Actual Loops": 6,
                      "Inner Unique": true,
                      "Hash Cond": "(mi.movie_id = t.id)",
                      "Plans": [
                        {
                          "Node Type": "Bitmap Heap Scan",
                          "Parent Relationship": "Outer",
                          "Parallel Aware": true,
                          "Relation Name": "movie_info",
                          "Alias": "mi",
                          "Startup Cost": 12730.49,
                          "Total Cost": 176480.28,
                          "Plan Rows": 140543,
                          "Plan Width": 4,
                          "Actual Startup Time": 35.429,
                          "Actual Total Time": 53.968,
                          "Actual Rows": 110154,
                          "Actual Loops": 6,
                          "Recheck Cond": "(info_type_id = 18)",
                          "Rows Removed by Index Recheck": 0,
                          "Exact Heap Blocks": 1336,
                          "Lossy Heap Blocks": 0,
                          "Plans": [
                            {
                              "Node Type": "Bitmap Index Scan",
                              "Parent Relationship": "Outer",
                              "Parallel Aware": false,
                              "Index Name": "info_type_id_movie_info",
                              "Startup Cost": 0.0,
                              "Total Cost": 12554.81,
                              "Plan Rows": 702717,
                              "Plan Width": 0,
                              "Actual Startup Time": 34.447,
                              "Actual Total Time": 34.448,
                              "Actual Rows": 660923,
                              "Actual Loops": 1,
                              "Index Cond": "(info_type_id = 18)"
                            }
                          ]
                        },
                        {
                          "Node Type": "Hash",
                          "Parent Relationship": "Inner",
                          "Parallel Aware": true,
                          "Startup Cost": 42318.73,
                          "Total Cost": 42318.73,
                          "Plan Rows": 632073,
                          "Plan Width": 4,
                          "Actual Startup Time": 253.924,
                          "Actual Total Time": 253.925,
                          "Actual Rows": 421385,
                          "Actual Loops": 6,
                          "Hash Buckets": 4194304,
                          "Original Hash Buckets": 4194304,
                          "Hash Batches": 1,
                          "Original Hash Batches": 1,
                          "Peak Memory Usage": 131744,
                          "Plans": [
                            {
                              "Node Type": "Seq Scan",
                              "Parent Relationship": "Outer",
                              "Parallel Aware": true,
                              "Relation Name": "title",
                              "Alias": "t",
                              "Startup Cost": 0.0,
                              "Total Cost": 42318.73,
                              "Plan Rows": 632073,
                              "Plan Width": 4,
                              "Actual Startup Time": 0.046,
                              "Actual Total Time": 74.022,
                              "Actual Rows": 421385,
                              "Actual Loops": 6
                            }
                          ]
                        }
                      ]
                    },
                    {
                      "Node Type": "Index Scan",
                      "Parent Relationship": "Inner",
                      "Parallel Aware": false,
                      "Scan Direction": "Forward",
                      "Index Name": "movie_id_cast_info",
                      "Relation Name": "cast_info",
                      "Alias": "ci",
                      "Startup Cost": 0.56,
                      "Total Cost": 1.91,
                      "Plan Rows": 3,
                      "Plan Width": 4,
                      "Actual Startup Time": 0.02,
                      "Actual Total Time": 0.024,
                      "Actual Rows": 5,
                      "Actual Loops": 660923,
                      "Index Cond": "(movie_id = t.id)",
                      "Rows Removed by Index Recheck": 0,
                      "Filter": "(person_id > 3500327)",
                      "Rows Removed by Filter": 31
                    }
                  ]
                }
              ]
            }
          ]
        }
      ]
    },
    "Planning Time": 1.484,
    "Triggers": [],
    "Execution Time": 3178.069
  }
]