{
  "Plan": {
    "Node Type": "Aggregate",
    "Strategy": "Plain",
    "Partial Mode": "Finalize",
    "Parallel Aware": false,
    "Startup Cost": 95036.78,
    "Total Cost": 95036.79,
    "Plan Rows": 1,
    "Plan Width": 8,
    "Actual Startup Time": 309.365,
    "Actual Total Time": 323.196,
    "Actual Rows": 1,
    "Actual Loops": 1,
    "Plans": [
      {
        "Node Type": "Gather",
        "Parent Relationship": "Outer",
        "Parallel Aware": false,
        "Startup Cost": 95036.67,
        "Total Cost": 95036.78,
        "Plan Rows": 1,
        "Plan Width": 8,
        "Actual Startup Time": 308.336,
        "Actual Total Time": 323.189,
        "Actual Rows": 2,
        "Actual Loops": 1,
        "Workers Planned": 1,
        "Workers Launched": 1,
        "Single Copy": false,
        "Plans": [
          {
            "Node Type": "Aggregate",
            "Strategy": "Plain",
            "Partial Mode": "Partial",
            "Parent Relationship": "Outer",
            "Parallel Aware": false,
            "Startup Cost": 94036.67,
            "Total Cost": 94036.68,
            "Plan Rows": 1,
            "Plan Width": 8,
            "Actual Startup Time": 304.316,
            "Actual Total Time": 304.32,
            "Actual Rows": 1,
            "Actual Loops": 2,
            "Plans": [
              {
                "Node Type": "Hash Join",
                "Parent Relationship": "Outer",
                "Parallel Aware": true,
                "Join Type": "Inner",
                "Startup Cost": 70660.71,
                "Total Cost": 93983.74,
                "Plan Rows": 21171,
                "Plan Width": 0,
                "Actual Startup Time": 206.408,
                "Actual Total Time": 303.052,
                "Actual Rows": 24979,
                "Actual Loops": 2,
                "Inner Unique": true,
                "Hash Cond": "(mc.movie_id = t.id)",
                "Plans": [
                  {
                    "Node Type": "Bitmap Heap Scan",
                    "Parent Relationship": "Outer",
                    "Parallel Aware": true,
                    "Relation Name": "movie_companies",
                    "Alias": "mc",
                    "Startup Cost": 11041.04,
                    "Total Cost": 33577.35,
                    "Plan Rows": 299705,
                    "Plan Width": 4,
                    "Actual Startup Time": 25.445,
                    "Actual Total Time": 74.995,
                    "Actual Rows": 253144,
                    "Actual Loops": 2,
                    "Recheck Cond": "(company_id < 461)",
                    "Rows Removed by Index Recheck": 0,
                    "Exact Heap Blocks": 10082,
                    "Lossy Heap Blocks": 0,
                    "Plans": [
                      {
                        "Node Type": "Bitmap Index Scan",
                        "Parent Relationship": "Outer",
                        "Parallel Aware": false,
                        "Index Name": "company_id_movie_companies",
                        "Startup Cost": 0.0,
                        "Total Cost": 10913.67,
                        "Plan Rows": 509498,
                        "Plan Width": 0,
                        "Actual Startup Time": 22.686,
                        "Actual Total Time": 22.686,
                        "Actual Rows": 506288,
                        "Actual Loops": 1,
                        "Index Cond": "(company_id < 461)"
                      }
                    ]
                  },
                  {
                    "Node Type": "Hash",
                    "Parent Relationship": "Inner",
                    "Parallel Aware": true,
                    "Startup Cost": 58306.47,
                    "Total Cost": 58306.47,
                    "Plan Rows": 105056,
                    "Plan Width": 4,
                    "Actual Startup Time": 177.44,
                    "Actual Total Time": 177.441,
                    "Actual Rows": 144112,
                    "Actual Loops": 2,
                    "Hash Buckets": 524288,
                    "Original Hash Buckets": 262144,
                    "Hash Batches": 1,
                    "Original Hash Batches": 1,
                    "Peak Memory Usage": 17440,
                    "Plans": [
                      {
                        "Node Type": "Seq Scan",
                        "Parent Relationship": "Outer",
                        "Parallel Aware": true,
                        "Relation Name": "title",
                        "Alias": "t",
                        "Startup Cost": 0.0,
                        "Total Cost": 58306.47,
                        "Plan Rows": 105056,
                        "Plan Width": 4,
                        "Actual Startup Time": 0.094,
                        "Actual Total Time": 141.285,
                        "Actual Rows": 144112,
                        "Actual Loops": 2,
                        "Filter": "((kind_id < 7) AND (production_year < 1977))",
                        "Rows Removed by Filter": 1120044
                      }
                    ]
                  }
                ]
              }
            ]
          }
        ]
      }
    ]
  },
  "Planning Time": 0.709,
  "Triggers": [],
  "Execution Time": 323.392
}