[
  {
    "Plan": {
      "Node Type": "Aggregate",
      "Strategy": "Plain",
      "Partial Mode": "Finalize",
      "Parallel Aware": false,
      "Startup Cost": 46553.98,
      "Total Cost": 46553.99,
      "Plan Rows": 1,
      "Plan Width": 8,
      "Actual Startup Time": 166.247,
      "Actual Total Time": 175.717,
      "Actual Rows": 1,
      "Actual Loops": 1,
      "Plans": [
        {
          "Node Type": "Gather",
          "Parent Relationship": "Outer",
          "Parallel Aware": false,
          "Startup Cost": 46553.66,
          "Total Cost": 46553.97,
          "Plan Rows": 3,
          "Plan Width": 8,
          "Actual Startup Time": 166.108,
          "Actual Total Time": 175.708,
          "Actual Rows": 4,
          "Actual Loops": 1,
          "Workers Planned": 3,
          "Workers Launched": 3,
          "Single Copy": false,
          "Plans": [
            {
              "Node Type": "Aggregate",
              "Strategy": "Plain",
              "Partial Mode": "Partial",
              "Parent Relationship": "Outer",
              "Parallel Aware": false,
              "Startup Cost": 45553.66,
              "Total Cost": 45553.67,
              "Plan Rows": 1,
              "Plan Width": 8,
              "Actual Startup Time": 159.159,
              "Actual Total Time": 159.161,
              "Actual Rows": 1,
              "Actual Loops": 4,
              "Plans": [
                {
                  "Node Type": "Seq Scan",
                  "Parent Relationship": "Outer",
                  "Parallel Aware": true,
                  "Relation Name": "movie_keyword",
                  "Alias": "mk",
                  "Startup Cost": 0.0,
                  "Total Cost": 42695.65,
                  "Plan Rows": 1143202,
                  "Plan Width": 0,
                  "Actual Startup Time": 0.113,
                  "Actual Total Time": 120.187,
                  "Actual Rows": 885426,
                  "Actual Loops": 4,
                  "Filter": "(keyword_id > 918)",
                  "Rows Removed by Filter": 245557
                }
              ]
            }
          ]
        }
      ]
    },
    "Planning Time": 0.156,
    "Triggers": [],
    "Execution Time": 175.764
  }
]