{
  "Plan": {
    "Node Type": "Aggregate",
    "Strategy": "Plain",
    "Partial Mode": "Finalize",
    "Parallel Aware": false,
    "Startup Cost": 701085.88,
    "Total Cost": 701085.89,
    "Plan Rows": 1,
    "Plan Width": 8,
    "Actual Startup Time": 6196.805,
    "Actual Total Time": 6274.686,
    "Actual Rows": 1,
    "Actual Loops": 1,
    "Plans": [
      {
        "Node Type": "Gather",
        "Parent Relationship": "Outer",
        "Parallel Aware": false,
        "Startup Cost": 701085.77,
        "Total Cost": 701085.88,
        "Plan Rows": 1,
        "Plan Width": 8,
        "Actual Startup Time": 6193.745,
        "Actual Total Time": 6274.678,
        "Actual Rows": 2,
        "Actual Loops": 1,
        "Workers Planned": 1,
        "Workers Launched": 1,
        "Single Copy": false,
        "Plans": [
          {
            "Node Type": "Aggregate",
            "Strategy": "Plain",
            "Partial Mode": "Partial",
            "Parent Relationship": "Outer",
            "Parallel Aware": false,
            "Startup Cost": 700085.77,
            "Total Cost": 700085.78,
            "Plan Rows": 1,
            "Plan Width": 8,
            "Actual Startup Time": 6187.57,
            "Actual Total Time": 6187.575,
            "Actual Rows": 1,
            "Actual Loops": 2,
            "Plans": [
              {
                "Node Type": "Hash Join",
                "Parent Relationship": "Outer",
                "Parallel Aware": true,
                "Join Type": "Inner",
                "Startup Cost": 108857.5,
                "Total Cost": 696347.07,
                "Plan Rows": 1495479,
                "Plan Width": 0,
                "Actual Startup Time": 921.008,
                "Actual Total Time": 6118.946,
                "Actual Rows": 1609072,
                "Actual Loops": 2,
                "Inner Unique": false,
                "Hash Cond": "(t.id = mc.movie_id)",
                "Plans": [
                  {
                    "Node Type": "Hash Join",
                    "Parent Relationship": "Outer",
                    "Parallel Aware": true,
                    "Join Type": "Inner",
                    "Startup Cost": 59473.49,
                    "Total Cost": 615219.33,
                    "Plan Rows": 3671486,
                    "Plan Width": 8,
                    "Actual Startup Time": 699.032,
                    "Actual Total Time": 4739.848,
                    "Actual Rows": 3657366,
                    "Actual Loops": 2,
                    "Inner Unique": true,
                    "Hash Cond": "(ci.movie_id = t.id)",
                    "Plans": [
                      {
                        "Node Type": "Seq Scan",
                        "Parent Relationship": "Outer",
                        "Parallel Aware": true,
                        "Relation Name": "cast_info",
                        "Alias": "ci",
                        "Startup Cost": 0.0,
                        "Total Cost": 519069.44,
                        "Plan Rows": 13971936,
                        "Plan Width": 4,
                        "Actual Startup Time": 475.095,
                        "Actual Total Time": 1732.407,
                        "Actual Rows": 11786828,
                        "Actual Loops": 2,
                        "Filter": "(role_id > 1)",
                        "Rows Removed by Filter": 6335344
                      },
                      {
                        "Node Type": "Hash",
                        "Parent Relationship": "Inner",
                        "Parallel Aware": true,
                        "Startup Cost": 54588.39,
                        "Total Cost": 54588.39,
                        "Plan Rows": 390808,
                        "Plan Width": 4,
                        "Actual Startup Time": 220.921,
                        "Actual Total Time": 220.922,
                        "Actual Rows": 331032,
                        "Actual Loops": 2,
                        "Hash Buckets": 1048576,
                        "Original Hash Buckets": 1048576,
                        "Hash Batches": 1,
                        "Original Hash Batches": 1,
                        "Peak Memory Usage": 34144,
                        "Plans": [
                          {
                            "Node Type": "Seq Scan",
                            "Parent Relationship": "Outer",
                            "Parallel Aware": true,
                            "Relation Name": "title",
                            "Alias": "t",
                            "Startup Cost": 0.0,
                            "Total Cost": 54588.39,
                            "Plan Rows": 390808,
                            "Plan Width": 4,
                            "Actual Startup Time": 0.016,
                            "Actual Total Time": 134.585,
                            "Actual Rows": 331032,
                            "Actual Loops": 2,
                            "Filter": "(production_year > 2008)",
                            "Rows Removed by Filter": 933124
                          }
                        ]
                      }
                    ]
                  },
                  {
                    "Node Type": "Hash",
                    "Parent Relationship": "Inner",
                    "Parallel Aware": true,
                    "Startup Cost": 41811.73,
                    "Total Cost": 41811.73,
                    "Plan Rows": 605783,
                    "Plan Width": 4,
                    "Actual Startup Time": 212.722,
                    "Actual Total Time": 212.722,
                    "Actual Rows": 371124,
                    "Actual Loops": 2,
                    "Hash Buckets": 1048576,
                    "Original Hash Buckets": 1048576,
                    "Hash Batches": 1,
                    "Original Hash Batches": 1,
                    "Peak Memory Usage": 37280,
                    "Plans": [
                      {
                        "Node Type": "Seq Scan",
                        "Parent Relationship": "Outer",
                        "Parallel Aware": true,
                        "Relation Name": "movie_companies",
                        "Alias": "mc",
                        "Startup Cost": 0.0,
                        "Total Cost": 41811.73,
                        "Plan Rows": 605783,
                        "Plan Width": 4,
                        "Actual Startup Time": 66.912,
                        "Actual Total Time": 133.043,
                        "Actual Rows": 371124,
                        "Actual Loops": 2,
                        "Filter": "((company_id < 69382) AND (company_type_id = 2))",
                        "Rows Removed by Filter": 933440
                      }
                    ]
                  }
                ]
              }
            ]
          }
        ]
      }
    ]
  },
  "Planning Time": 0.976,
  "Triggers": [],
  "Execution Time": 6274.785
}