[
  {
    "Plan": {
      "Node Type": "Aggregate",
      "Strategy": "Plain",
      "Partial Mode": "Simple",
      "Parallel Aware": false,
      "Startup Cost": 16849.23,
      "Total Cost": 16849.24,
      "Plan Rows": 1,
      "Plan Width": 32,
      "Actual Startup Time": 260.374,
      "Actual Total Time": 260.377,
      "Actual Rows": 1,
      "Actual Loops": 1,
      "Plans": [
        {
          "Node Type": "Nested Loop",
          "Parent Relationship": "Outer",
          "Parallel Aware": false,
          "Join Type": "Inner",
          "Startup Cost": 11.68,
          "Total Cost": 16848.89,
          "Plan Rows": 135,
          "Plan Width": 17,
          "Actual Startup Time": 17.177,
          "Actual Total Time": 260.217,
          "Actual Rows": 485,
          "Actual Loops": 1,
          "Inner Unique": false,
          "Join Filter": "(t.id = mi.movie_id)",
          "Rows Removed by Join Filter": 0,
          "Plans": [
            {
              "Node Type": "Nested Loop",
              "Parent Relationship": "Outer",
              "Parallel Aware": false,
              "Join Type": "Inner",
              "Startup Cost": 11.25,
              "Total Cost": 16691.46,
              "Plan Rows": 92,
              "Plan Width": 25,
              "Actual Startup Time": 14.882,
              "Actual Total Time": 204.903,
              "Actual Rows": 602,
              "Actual Loops": 1,
              "Inner Unique": true,
              "Plans": [
                {
                  "Node Type": "Nested Loop",
                  "Parent Relationship": "Outer",
                  "Parallel Aware": false,
                  "Join Type": "Inner",
                  "Startup Cost": 10.82,
                  "Total Cost": 16476.94,
                  "Plan Rows": 438,
                  "Plan Width": 4,
                  "Actual Startup Time": 8.659,
                  "Actual Total Time": 85.396,
                  "Actual Rows": 12951,
                  "Actual Loops": 1,
                  "Inner Unique": false,
                  "Plans": [
                    {
                      "Node Type": "Seq Scan",
                      "Parent Relationship": "Outer",
                      "Parallel Aware": false,
                      "Relation Name": "keyword",
                      "Alias": "k",
                      "Startup Cost": 0.0,
                      "Total Cost": 2626.12,
                      "Plan Rows": 13,
                      "Plan Width": 4,
                      "Actual Startup Time": 3.46,
                      "Actual Total Time": 26.865,
                      "Actual Rows": 30,
                      "Actual Loops": 1,
                      "Filter": "(keyword ~~ '%sequel%'::text)",
                      "Rows Removed by Filter": 134140
                    },
                    {
                      "Node Type": "Bitmap Heap Scan",
                      "Parent Relationship": "Inner",
                      "Parallel Aware": false,
                      "Relation Name": "movie_keyword",
                      "Alias": "mk",
                      "Startup Cost": 10.82,
                      "Total Cost": 1062.37,
                      "Plan Rows": 308,
                      "Plan Width": 8,
                      "Actual Startup Time": 0.198,
                      "Actual Total Time": 1.853,
                      "Actual Rows": 432,
                      "Actual Loops": 30,
                      "Recheck Cond": "(keyword_id = k.id)",
                      "Rows Removed by Index Recheck": 0,
                      "Exact Heap Blocks": 6979,
                      "Lossy Heap Blocks": 0,
                      "Plans": [
                        {
                          "Node Type": "Bitmap Index Scan",
                          "Parent Relationship": "Outer",
                          "Parallel Aware": false,
                          "Index Name": "keyword_id_movie_keyword",
                          "Startup Cost": 0.0,
                          "Total Cost": 10.74,
                          "Plan Rows": 308,
                          "Plan Width": 0,
                          "Actual Startup Time": 0.126,
                          "Actual Total Time": 0.126,
                          "Actual Rows": 432,
                          "Actual Loops": 30,
                          "Index Cond": "(keyword_id = k.id)"
                        }
                      ]
                    }
                  ]
                },
                {
                  "Node Type": "Index Scan",
                  "Parent Relationship": "Inner",
                  "Parallel Aware": false,
                  "Scan Direction": "Forward",
                  "Index Name": "title_pkey",
                  "Relation Name": "title",
                  "Alias": "t",
                  "Startup Cost": 0.43,
                  "Total Cost": 0.49,
                  "Plan Rows": 1,
                  "Plan Width": 21,
                  "Actual Startup Time": 0.009,
                  "Actual Total Time": 0.009,
                  "Actual Rows": 0,
                  "Actual Loops": 12951,
                  "Index Cond": "(id = mk.movie_id)",
                  "Rows Removed by Index Recheck": 0,
                  "Filter": "(production_year > 2009)",
                  "Rows Removed by Filter": 1
                }
              ]
            },
            {
              "Node Type": "Index Scan",
              "Parent Relationship": "Inner",
              "Parallel Aware": false,
              "Scan Direction": "Forward",
              "Index Name": "movie_id_movie_info",
              "Relation Name": "movie_info",
              "Alias": "mi",
              "Startup Cost": 0.43,
              "Total Cost": 1.7,
              "Plan Rows": 1,
              "Plan Width": 4,
              "Actual Startup Time": 0.083,
              "Actual Total Time": 0.091,
              "Actual Rows": 1,
              "Actual Loops": 602,
              "Index Cond": "(movie_id = mk.movie_id)",
              "Rows Removed by Index Recheck": 0,
              "Filter": "(info = ANY ('{Swedish,USA,Danish,American,Norwegian,Bulgaria,Norway,Germany}'::text[]))",
              "Rows Removed by Filter": 63
            }
          ]
        }
      ]
    },
    "Planning Time": 5.258,
    "Triggers": [],
    "Execution Time": 260.813
  }
]