[
  {
    "Plan": {
      "Node Type": "Aggregate",
      "Strategy": "Plain",
      "Partial Mode": "Finalize",
      "Parallel Aware": false,
      "Startup Cost": 407975.84,
      "Total Cost": 407975.85,
      "Plan Rows": 1,
      "Plan Width": 8,
      "Actual Startup Time": 2053.69,
      "Actual Total Time": 2105.756,
      "Actual Rows": 1,
      "Actual Loops": 1,
      "Plans": [
        {
          "Node Type": "Gather",
          "Parent Relationship": "Outer",
          "Parallel Aware": false,
          "Startup Cost": 407975.21,
          "Total Cost": 407975.82,
          "Plan Rows": 6,
          "Plan Width": 8,
          "Actual Startup Time": 2041.987,
          "Actual Total Time": 2105.741,
          "Actual Rows": 7,
          "Actual Loops": 1,
          "Workers Planned": 6,
          "Workers Launched": 6,
          "Single Copy": false,
          "Plans": [
            {
              "Node Type": "Aggregate",
              "Strategy": "Plain",
              "Partial Mode": "Partial",
              "Parent Relationship": "Outer",
              "Parallel Aware": false,
              "Startup Cost": 406975.21,
              "Total Cost": 406975.22,
              "Plan Rows": 1,
              "Plan Width": 8,
              "Actual Startup Time": 2032.358,
              "Actual Total Time": 2032.361,
              "Actual Rows": 1,
              "Actual Loops": 7,
              "Plans": [
                {
                  "Node Type": "Hash Join",
                  "Parent Relationship": "Outer",
                  "Parallel Aware": true,
                  "Join Type": "Inner",
                  "Startup Cost": 48044.05,
                  "Total Cost": 401773.16,
                  "Plan Rows": 2080821,
                  "Plan Width": 0,
                  "Actual Startup Time": 269.796,
                  "Actual Total Time": 1948.256,
                  "Actual Rows": 1861666,
                  "Actual Loops": 7,
                  "Inner Unique": true,
                  "Hash Cond": "(ci.movie_id = t.id)",
                  "Plans": [
                    {
                      "Node Type": "Seq Scan",
                      "Parent Relationship": "Outer",
                      "Parallel Aware": true,
                      "Relation Name": "cast_info",
                      "Alias": "ci",
                      "Startup Cost": 0.0,
                      "Total Cost": 343316.27,
                      "Plan Rows": 3966788,
                      "Plan Width": 4,
                      "Actual Startup Time": 102.846,
                      "Actual Total Time": 705.502,
                      "Actual Rows": 3285827,
                      "Actual Loops": 7,
                      "Filter": "((person_id > 884473) AND (role_id < 10))",
                      "Rows Removed by Filter": 1891937
                    },
                    {
                      "Node Type": "Hash",
                      "Parent Relationship": "Inner",
                      "Parallel Aware": true,
                      "Startup Cost": 43899.32,
                      "Total Cost": 43899.32,
                      "Plan Rows": 331578,
                      "Plan Width": 4,
                      "Actual Startup Time": 163.869,
                      "Actual Total Time": 163.871,
                      "Actual Rows": 188980,
                      "Actual Loops": 7,
                      "Hash Buckets": 2097152,
                      "Original Hash Buckets": 2097152,
                      "Hash Batches": 1,
                      "Original Hash Batches": 1,
                      "Peak Memory Usage": 68256,
                      "Plans": [
                        {
                          "Node Type": "Seq Scan",
                          "Parent Relationship": "Outer",
                          "Parallel Aware": true,
                          "Relation Name": "title",
                          "Alias": "t",
                          "Startup Cost": 0.0,
                          "Total Cost": 43899.32,
                          "Plan Rows": 331578,
                          "Plan Width": 4,
                          "Actual Startup Time": 0.033,
                          "Actual Total Time": 76.846,
                          "Actual Rows": 188980,
                          "Actual Loops": 7,
                          "Filter": "(production_year > 2001)",
                          "Rows Removed by Filter": 172207
                        }
                      ]
                    }
                  ]
                }
              ]
            }
          ]
        }
      ]
    },
    "Planning Time": 0.287,
    "Triggers": [],
    "Execution Time": 2105.806
  }
]