[
  {
    "Plan": {
      "Node Type": "Aggregate",
      "Strategy": "Plain",
      "Partial Mode": "Finalize",
      "Parallel Aware": false,
      "Startup Cost": 408005.31,
      "Total Cost": 408005.32,
      "Plan Rows": 1,
      "Plan Width": 8,
      "Actual Startup Time": 1880.38,
      "Actual Total Time": 1945.385,
      "Actual Rows": 1,
      "Actual Loops": 1,
      "Plans": [
        {
          "Node Type": "Gather",
          "Parent Relationship": "Outer",
          "Parallel Aware": false,
          "Startup Cost": 408004.68,
          "Total Cost": 408005.29,
          "Plan Rows": 6,
          "Plan Width": 8,
          "Actual Startup Time": 1867.316,
          "Actual Total Time": 1945.372,
          "Actual Rows": 7,
          "Actual Loops": 1,
          "Workers Planned": 6,
          "Workers Launched": 6,
          "Single Copy": false,
          "Plans": [
            {
              "Node Type": "Aggregate",
              "Strategy": "Plain",
              "Partial Mode": "Partial",
              "Parent Relationship": "Outer",
              "Parallel Aware": false,
              "Startup Cost": 407004.68,
              "Total Cost": 407004.69,
              "Plan Rows": 1,
              "Plan Width": 8,
              "Actual Startup Time": 1853.232,
              "Actual Total Time": 1853.235,
              "Actual Rows": 1,
              "Actual Loops": 7,
              "Plans": [
                {
                  "Node Type": "Hash Join",
                  "Parent Relationship": "Outer",
                  "Parallel Aware": true,
                  "Join Type": "Inner",
                  "Startup Cost": 48071.0,
                  "Total Cost": 401758.93,
                  "Plan Rows": 2098301,
                  "Plan Width": 0,
                  "Actual Startup Time": 266.361,
                  "Actual Total Time": 1774.304,
                  "Actual Rows": 1861666,
                  "Actual Loops": 7,
                  "Inner Unique": true,
                  "Hash Cond": "(ci.movie_id = t.id)",
                  "Plans": [
                    {
                      "Node Type": "Seq Scan",
                      "Parent Relationship": "Outer",
                      "Parallel Aware": true,
                      "Relation Name": "cast_info",
                      "Alias": "ci",
                      "Startup Cost": 0.0,
                      "Total Cost": 343257.03,
                      "Plan Rows": 3973667,
                      "Plan Width": 4,
                      "Actual Startup Time": 97.242,
                      "Actual Total Time": 684.177,
                      "Actual Rows": 3285827,
                      "Actual Loops": 7,
                      "Filter": "((person_id > 884473) AND (role_id < 10))",
                      "Rows Removed by Filter": 1891937
                    },
                    {
                      "Node Type": "Hash",
                      "Parent Relationship": "Inner",
                      "Parallel Aware": true,
                      "Startup Cost": 43898.92,
                      "Total Cost": 43898.92,
                      "Plan Rows": 333767,
                      "Plan Width": 4,
                      "Actual Startup Time": 164.251,
                      "Actual Total Time": 164.252,
                      "Actual Rows": 188980,
                      "Actual Loops": 7,
                      "Hash Buckets": 2097152,
                      "Original Hash Buckets": 2097152,
                      "Hash Batches": 1,
                      "Original Hash Batches": 1,
                      "Peak Memory Usage": 68256,
                      "Plans": [
                        {
                          "Node Type": "Seq Scan",
                          "Parent Relationship": "Outer",
                          "Parallel Aware": true,
                          "Relation Name": "title",
                          "Alias": "t",
                          "Startup Cost": 0.0,
                          "Total Cost": 43898.92,
                          "Plan Rows": 333767,
                          "Plan Width": 4,
                          "Actual Startup Time": 0.039,
                          "Actual Total Time": 77.428,
                          "Actual Rows": 188980,
                          "Actual Loops": 7,
                          "Filter": "(production_year > 2001)",
                          "Rows Removed by Filter": 172207
                        }
                      ]
                    }
                  ]
                }
              ]
            }
          ]
        }
      ]
    },
    "Planning Time": 0.612,
    "Triggers": [],
    "Execution Time": 1945.47
  }
]