[
  {
    "Plan": {
      "Node Type": "Aggregate",
      "Strategy": "Plain",
      "Partial Mode": "Finalize",
      "Parallel Aware": false,
      "Startup Cost": 338855.18,
      "Total Cost": 338855.19,
      "Plan Rows": 1,
      "Plan Width": 8,
      "Actual Startup Time": 769.673,
      "Actual Total Time": 822.392,
      "Actual Rows": 1,
      "Actual Loops": 1,
      "Plans": [
        {
          "Node Type": "Gather",
          "Parent Relationship": "Outer",
          "Parallel Aware": false,
          "Startup Cost": 338854.55,
          "Total Cost": 338855.16,
          "Plan Rows": 6,
          "Plan Width": 8,
          "Actual Startup Time": 769.425,
          "Actual Total Time": 822.38,
          "Actual Rows": 7,
          "Actual Loops": 1,
          "Workers Planned": 6,
          "Workers Launched": 6,
          "Single Copy": false,
          "Plans": [
            {
              "Node Type": "Aggregate",
              "Strategy": "Plain",
              "Partial Mode": "Partial",
              "Parent Relationship": "Outer",
              "Parallel Aware": false,
              "Startup Cost": 337854.55,
              "Total Cost": 337854.56,
              "Plan Rows": 1,
              "Plan Width": 8,
              "Actual Startup Time": 759.518,
              "Actual Total Time": 759.52,
              "Actual Rows": 1,
              "Actual Loops": 7,
              "Plans": [
                {
                  "Node Type": "Seq Scan",
                  "Parent Relationship": "Outer",
                  "Parallel Aware": true,
                  "Relation Name": "cast_info",
                  "Alias": "ci",
                  "Startup Cost": 0.0,
                  "Total Cost": 328162.03,
                  "Plan Rows": 3877010,
                  "Plan Width": 0,
                  "Actual Startup Time": 151.408,
                  "Actual Total Time": 618.981,
                  "Actual Rows": 3326888,
                  "Actual Loops": 7,
                  "Filter": "(person_id > 1280064)",
                  "Rows Removed by Filter": 1850875
                }
              ]
            }
          ]
        }
      ]
    },
    "Planning Time": 0.201,
    "Triggers": [],
    "Execution Time": 822.474
  }
]