{
  "Plan": {
    "Node Type": "Aggregate",
    "Strategy": "Plain",
    "Partial Mode": "Finalize",
    "Parallel Aware": false,
    "Startup Cost": 643888.63,
    "Total Cost": 643888.64,
    "Plan Rows": 1,
    "Plan Width": 8,
    "Actual Startup Time": 6036.32,
    "Actual Total Time": 6103.963,
    "Actual Rows": 1,
    "Actual Loops": 1,
    "Plans": [
      {
        "Node Type": "Gather",
        "Parent Relationship": "Outer",
        "Parallel Aware": false,
        "Startup Cost": 643888.51,
        "Total Cost": 643888.62,
        "Plan Rows": 1,
        "Plan Width": 8,
        "Actual Startup Time": 6033.169,
        "Actual Total Time": 6103.955,
        "Actual Rows": 2,
        "Actual Loops": 1,
        "Workers Planned": 1,
        "Workers Launched": 1,
        "Single Copy": false,
        "Plans": [
          {
            "Node Type": "Aggregate",
            "Strategy": "Plain",
            "Partial Mode": "Partial",
            "Parent Relationship": "Outer",
            "Parallel Aware": false,
            "Startup Cost": 642888.51,
            "Total Cost": 642888.52,
            "Plan Rows": 1,
            "Plan Width": 8,
            "Actual Startup Time": 6025.335,
            "Actual Total Time": 6025.339,
            "Actual Rows": 1,
            "Actual Loops": 2,
            "Plans": [
              {
                "Node Type": "Hash Join",
                "Parent Relationship": "Outer",
                "Parallel Aware": true,
                "Join Type": "Inner",
                "Startup Cost": 65896.2,
                "Total Cost": 621642.04,
                "Plan Rows": 8498589,
                "Plan Width": 0,
                "Actual Startup Time": 866.662,
                "Actual Total Time": 5705.374,
                "Actual Rows": 8026518,
                "Actual Loops": 2,
                "Inner Unique": true,
                "Hash Cond": "(ci.movie_id = t.id)",
                "Plans": [
                  {
                    "Node Type": "Seq Scan",
                    "Parent Relationship": "Outer",
                    "Parallel Aware": true,
                    "Relation Name": "cast_info",
                    "Alias": "ci",
                    "Startup Cost": 0.0,
                    "Total Cost": 519069.44,
                    "Plan Rows": 13971936,
                    "Plan Width": 4,
                    "Actual Startup Time": 480.739,
                    "Actual Total Time": 1750.515,
                    "Actual Rows": 11786828,
                    "Actual Loops": 2,
                    "Filter": "(role_id > 1)",
                    "Rows Removed by Filter": 6335344
                  },
                  {
                    "Node Type": "Hash",
                    "Parent Relationship": "Inner",
                    "Parallel Aware": true,
                    "Startup Cost": 54588.39,
                    "Total Cost": 54588.39,
                    "Plan Rows": 904625,
                    "Plan Width": 4,
                    "Actual Startup Time": 370.887,
                    "Actual Total Time": 370.888,
                    "Actual Rows": 765806,
                    "Actual Loops": 2,
                    "Hash Buckets": 2097152,
                    "Original Hash Buckets": 2097152,
                    "Hash Batches": 1,
                    "Original Hash Batches": 1,
                    "Peak Memory Usage": 76352,
                    "Plans": [
                      {
                        "Node Type": "Seq Scan",
                        "Parent Relationship": "Outer",
                        "Parallel Aware": true,
                        "Relation Name": "title",
                        "Alias": "t",
                        "Startup Cost": 0.0,
                        "Total Cost": 54588.39,
                        "Plan Rows": 904625,
                        "Plan Width": 4,
                        "Actual Startup Time": 0.03,
                        "Actual Total Time": 170.933,
                        "Actual Rows": 765806,
                        "Actual Loops": 2,
                        "Filter": "(production_year > 1997)",
                        "Rows Removed by Filter": 498350
                      }
                    ]
                  }
                ]
              }
            ]
          }
        ]
      }
    ]
  },
  "Planning Time": 0.684,
  "Triggers": [],
  "Execution Time": 6104.049
}