{
  "Plan": {
    "Node Type": "Aggregate",
    "Strategy": "Plain",
    "Partial Mode": "Finalize",
    "Parallel Aware": false,
    "Startup Cost": 169831.73,
    "Total Cost": 169831.74,
    "Plan Rows": 1,
    "Plan Width": 8,
    "Actual Startup Time": 568.667,
    "Actual Total Time": 590.117,
    "Actual Rows": 1,
    "Actual Loops": 1,
    "Plans": [
      {
        "Node Type": "Gather",
        "Parent Relationship": "Outer",
        "Parallel Aware": false,
        "Startup Cost": 169831.62,
        "Total Cost": 169831.73,
        "Plan Rows": 1,
        "Plan Width": 8,
        "Actual Startup Time": 563.274,
        "Actual Total Time": 590.108,
        "Actual Rows": 2,
        "Actual Loops": 1,
        "Workers Planned": 1,
        "Workers Launched": 1,
        "Single Copy": false,
        "Plans": [
          {
            "Node Type": "Aggregate",
            "Strategy": "Plain",
            "Partial Mode": "Partial",
            "Parent Relationship": "Outer",
            "Parallel Aware": false,
            "Startup Cost": 168831.62,
            "Total Cost": 168831.63,
            "Plan Rows": 1,
            "Plan Width": 8,
            "Actual Startup Time": 557.933,
            "Actual Total Time": 557.936,
            "Actual Rows": 1,
            "Actual Loops": 2,
            "Plans": [
              {
                "Node Type": "Nested Loop",
                "Parent Relationship": "Outer",
                "Parallel Aware": false,
                "Join Type": "Inner",
                "Startup Cost": 138937.8,
                "Total Cost": 168790.18,
                "Plan Rows": 16578,
                "Plan Width": 0,
                "Actual Startup Time": 372.271,
                "Actual Total Time": 554.948,
                "Actual Rows": 57320,
                "Actual Loops": 2,
                "Inner Unique": false,
                "Join Filter": "(t.id = mc.movie_id)",
                "Rows Removed by Join Filter": 0,
                "Plans": [
                  {
                    "Node Type": "Merge Join",
                    "Parent Relationship": "Outer",
                    "Parallel Aware": false,
                    "Join Type": "Inner",
                    "Startup Cost": 138937.37,
                    "Total Cost": 142141.85,
                    "Plan Rows": 32634,
                    "Plan Width": 8,
                    "Actual Startup Time": 372.217,
                    "Actual Total Time": 448.504,
                    "Actual Rows": 32544,
                    "Actual Loops": 2,
                    "Inner Unique": true,
                    "Merge Cond": "(mi_idx.movie_id = t.id)",
                    "Plans": [
                      {
                        "Node Type": "Sort",
                        "Parent Relationship": "Outer",
                        "Parallel Aware": false,
                        "Startup Cost": 42189.43,
                        "Total Cost": 42858.0,
                        "Plan Rows": 267429,
                        "Plan Width": 4,
                        "Actual Startup Time": 121.118,
                        "Actual Total Time": 131.644,
                        "Actual Rows": 229962,
                        "Actual Loops": 2,
                        "Sort Key": [
                          "mi_idx.movie_id"
                        ],
                        "Sort Method": "quicksort",
                        "Sort Space Used": 17613,
                        "Sort Space Type": "Memory",
                        "Workers": [
                          {
                            "Worker Number": 0,
                            "Sort Method": "quicksort",
                            "Sort Space Used": 16235,
                            "Sort Space Type": "Memory"
                          }
                        ],
                        "Plans": [
                          {
                            "Node Type": "Seq Scan",
                            "Parent Relationship": "Outer",
                            "Parallel Aware": true,
                            "Relation Name": "movie_info_idx",
                            "Alias": "mi_idx",
                            "Startup Cost": 0.0,
                            "Total Cost": 18082.32,
                            "Plan Rows": 267429,
                            "Plan Width": 4,
                            "Actual Startup Time": 0.04,
                            "Actual Total Time": 68.39,
                            "Actual Rows": 229962,
                            "Actual Loops": 2,
                            "Filter": "(info_type_id = 99)",
                            "Rows Removed by Filter": 460055
                          }
                        ]
                      },
                      {
                        "Node Type": "Sort",
                        "Parent Relationship": "Inner",
                        "Parallel Aware": false,
                        "Startup Cost": 96747.91,
                        "Total Cost": 97519.21,
                        "Plan Rows": 308519,
                        "Plan Width": 4,
                        "Actual Startup Time": 250.992,
                        "Actual Total Time": 281.12,
                        "Actual Rows": 266385,
                        "Actual Loops": 2,
                        "Sort Key": [
                          "t.id"
                        ],
                        "Sort Method": "quicksort",
                        "Sort Space Used": 24785,
                        "Sort Space Type": "Memory",
                        "Workers": [
                          {
                            "Worker Number": 0,
                            "Sort Method": "quicksort",
                            "Sort Space Used": 24785,
                            "Sort Space Type": "Memory"
                          }
                        ],
                        "Plans": [
                          {
                            "Node Type": "Bitmap Heap Scan",
                            "Parent Relationship": "Outer",
                            "Parallel Aware": false,
                            "Relation Name": "title",
                            "Alias": "t",
                            "Startup Cost": 17749.27,
                            "Total Cost": 68618.69,
                            "Plan Rows": 308519,
                            "Plan Width": 4,
                            "Actual Startup Time": 38.269,
                            "Actual Total Time": 183.049,
                            "Actual Rows": 266599,
                            "Actual Loops": 2,
                            "Recheck Cond": "(kind_id < 7)",
                            "Rows Removed by Index Recheck": 0,
                            "Filter": "(production_year > 2007)",
                            "Rows Removed by Filter": 718449,
                            "Exact Heap Blocks": 35472,
                            "Lossy Heap Blocks": 0,
                            "Plans": [
                              {
                                "Node Type": "Bitmap Index Scan",
                                "Parent Relationship": "Outer",
                                "Parallel Aware": false,
                                "Index Name": "kind_id_title",
                                "Startup Cost": 0.0,
                                "Total Cost": 17672.14,
                                "Plan Rows": 991428,
                                "Plan Width": 0,
                                "Actual Startup Time": 33.391,
                                "Actual Total Time": 33.391,
                                "Actual Rows": 985048,
                                "Actual Loops": 2,
                                "Index Cond": "(kind_id < 7)"
                              }
                            ]
                          }
                        ]
                      }
                    ]
                  },
                  {
                    "Node Type": "Index Scan",
                    "Parent Relationship": "Inner",
                    "Parallel Aware": false,
                    "Scan Direction": "Forward",
                    "Index Name": "movie_id_movie_companies",
                    "Relation Name": "movie_companies",
                    "Alias": "mc",
                    "Startup Cost": 0.43,
                    "Total Cost": 0.78,
                    "Plan Rows": 3,
                    "Plan Width": 4,
                    "Actual Startup Time": 0.002,
                    "Actual Total Time": 0.003,
                    "Actual Rows": 2,
                    "Actual Loops": 65087,
                    "Index Cond": "(movie_id = mi_idx.movie_id)",
                    "Rows Removed by Index Recheck": 0,
                    "Filter": "(company_type_id < 2)",
                    "Rows Removed by Filter": 2
                  }
                ]
              }
            ]
          }
        ]
      }
    ]
  },
  "Planning Time": 1.162,
  "Triggers": [],
  "Execution Time": 595.626
}