[
  {
    "Plan": {
      "Node Type": "Aggregate",
      "Strategy": "Plain",
      "Partial Mode": "Finalize",
      "Parallel Aware": false,
      "Startup Cost": 47050.02,
      "Total Cost": 47050.03,
      "Plan Rows": 1,
      "Plan Width": 8,
      "Actual Startup Time": 117.917,
      "Actual Total Time": 133.36,
      "Actual Rows": 1,
      "Actual Loops": 1,
      "Plans": [
        {
          "Node Type": "Gather",
          "Parent Relationship": "Outer",
          "Parallel Aware": false,
          "Startup Cost": 47049.6,
          "Total Cost": 47050.01,
          "Plan Rows": 4,
          "Plan Width": 8,
          "Actual Startup Time": 117.612,
          "Actual Total Time": 133.346,
          "Actual Rows": 5,
          "Actual Loops": 1,
          "Workers Planned": 4,
          "Workers Launched": 4,
          "Single Copy": false,
          "Plans": [
            {
              "Node Type": "Aggregate",
              "Strategy": "Plain",
              "Partial Mode": "Partial",
              "Parent Relationship": "Outer",
              "Parallel Aware": false,
              "Startup Cost": 46049.6,
              "Total Cost": 46049.61,
              "Plan Rows": 1,
              "Plan Width": 8,
              "Actual Startup Time": 111.724,
              "Actual Total Time": 111.727,
              "Actual Rows": 1,
              "Actual Loops": 5,
              "Plans": [
                {
                  "Node Type": "Seq Scan",
                  "Parent Relationship": "Outer",
                  "Parallel Aware": true,
                  "Relation Name": "title",
                  "Alias": "t",
                  "Startup Cost": 0.0,
                  "Total Cost": 45479.59,
                  "Plan Rows": 228006,
                  "Plan Width": 0,
                  "Actual Startup Time": 0.04,
                  "Actual Total Time": 101.089,
                  "Actual Rows": 169985,
                  "Actual Loops": 5,
                  "Filter": "((kind_id < 7) AND (production_year > 1934))",
                  "Rows Removed by Filter": 335678
                }
              ]
            }
          ]
        }
      ]
    },
    "Planning Time": 0.101,
    "Triggers": [],
    "Execution Time": 133.399
  }
]