[
  {
    "Plan": {
      "Node Type": "Aggregate",
      "Strategy": "Plain",
      "Partial Mode": "Finalize",
      "Parallel Aware": false,
      "Startup Cost": 47051.06,
      "Total Cost": 47051.07,
      "Plan Rows": 1,
      "Plan Width": 8,
      "Actual Startup Time": 106.116,
      "Actual Total Time": 119.727,
      "Actual Rows": 1,
      "Actual Loops": 1,
      "Plans": [
        {
          "Node Type": "Gather",
          "Parent Relationship": "Outer",
          "Parallel Aware": false,
          "Startup Cost": 47050.64,
          "Total Cost": 47051.05,
          "Plan Rows": 4,
          "Plan Width": 8,
          "Actual Startup Time": 105.992,
          "Actual Total Time": 119.718,
          "Actual Rows": 5,
          "Actual Loops": 1,
          "Workers Planned": 4,
          "Workers Launched": 4,
          "Single Copy": false,
          "Plans": [
            {
              "Node Type": "Aggregate",
              "Strategy": "Plain",
              "Partial Mode": "Partial",
              "Parent Relationship": "Outer",
              "Parallel Aware": false,
              "Startup Cost": 46050.64,
              "Total Cost": 46050.65,
              "Plan Rows": 1,
              "Plan Width": 8,
              "Actual Startup Time": 97.579,
              "Actual Total Time": 97.581,
              "Actual Rows": 1,
              "Actual Loops": 5,
              "Plans": [
                {
                  "Node Type": "Seq Scan",
                  "Parent Relationship": "Outer",
                  "Parallel Aware": true,
                  "Relation Name": "title",
                  "Alias": "t",
                  "Startup Cost": 0.0,
                  "Total Cost": 45479.1,
                  "Plan Rows": 228618,
                  "Plan Width": 0,
                  "Actual Startup Time": 0.042,
                  "Actual Total Time": 89.703,
                  "Actual Rows": 169985,
                  "Actual Loops": 5,
                  "Filter": "((kind_id < 7) AND (production_year > 1934))",
                  "Rows Removed by Filter": 335678
                }
              ]
            }
          ]
        }
      ]
    },
    "Planning Time": 0.183,
    "Triggers": [],
    "Execution Time": 119.786
  }
]