[
  {
    "Plan": {
      "Node Type": "Aggregate",
      "Strategy": "Plain",
      "Partial Mode": "Finalize",
      "Parallel Aware": false,
      "Startup Cost": 45009.46,
      "Total Cost": 45009.47,
      "Plan Rows": 1,
      "Plan Width": 8,
      "Actual Startup Time": 137.815,
      "Actual Total Time": 147.067,
      "Actual Rows": 1,
      "Actual Loops": 1,
      "Plans": [
        {
          "Node Type": "Gather",
          "Parent Relationship": "Outer",
          "Parallel Aware": false,
          "Startup Cost": 45009.14,
          "Total Cost": 45009.45,
          "Plan Rows": 3,
          "Plan Width": 8,
          "Actual Startup Time": 137.676,
          "Actual Total Time": 147.058,
          "Actual Rows": 4,
          "Actual Loops": 1,
          "Workers Planned": 3,
          "Workers Launched": 3,
          "Single Copy": false,
          "Plans": [
            {
              "Node Type": "Aggregate",
              "Strategy": "Plain",
              "Partial Mode": "Partial",
              "Parent Relationship": "Outer",
              "Parallel Aware": false,
              "Startup Cost": 44009.14,
              "Total Cost": 44009.15,
              "Plan Rows": 1,
              "Plan Width": 8,
              "Actual Startup Time": 129.381,
              "Actual Total Time": 129.382,
              "Actual Rows": 1,
              "Actual Loops": 4,
              "Plans": [
                {
                  "Node Type": "Seq Scan",
                  "Parent Relationship": "Outer",
                  "Parallel Aware": true,
                  "Relation Name": "movie_keyword",
                  "Alias": "mk",
                  "Startup Cost": 0.0,
                  "Total Cost": 42695.65,
                  "Plan Rows": 525396,
                  "Plan Width": 0,
                  "Actual Startup Time": 1.355,
                  "Actual Total Time": 109.67,
                  "Actual Rows": 408418,
                  "Actual Loops": 4,
                  "Filter": "(keyword_id > 9079)",
                  "Rows Removed by Filter": 722564
                }
              ]
            }
          ]
        }
      ]
    },
    "Planning Time": 0.156,
    "Triggers": [],
    "Execution Time": 147.117
  }
]