[
  {
    "Plan": {
      "Node Type": "Aggregate",
      "Strategy": "Plain",
      "Partial Mode": "Finalize",
      "Parallel Aware": false,
      "Startup Cost": 46259.36,
      "Total Cost": 46259.37,
      "Plan Rows": 1,
      "Plan Width": 8,
      "Actual Startup Time": 178.089,
      "Actual Total Time": 187.129,
      "Actual Rows": 1,
      "Actual Loops": 1,
      "Plans": [
        {
          "Node Type": "Gather",
          "Parent Relationship": "Outer",
          "Parallel Aware": false,
          "Startup Cost": 46259.05,
          "Total Cost": 46259.36,
          "Plan Rows": 3,
          "Plan Width": 8,
          "Actual Startup Time": 177.914,
          "Actual Total Time": 187.113,
          "Actual Rows": 4,
          "Actual Loops": 1,
          "Workers Planned": 3,
          "Workers Launched": 3,
          "Single Copy": false,
          "Plans": [
            {
              "Node Type": "Aggregate",
              "Strategy": "Plain",
              "Partial Mode": "Partial",
              "Parent Relationship": "Outer",
              "Parallel Aware": false,
              "Startup Cost": 45259.05,
              "Total Cost": 45259.06,
              "Plan Rows": 1,
              "Plan Width": 8,
              "Actual Startup Time": 169.224,
              "Actual Total Time": 169.225,
              "Actual Rows": 1,
              "Actual Loops": 4,
              "Plans": [
                {
                  "Node Type": "Seq Scan",
                  "Parent Relationship": "Outer",
                  "Parallel Aware": true,
                  "Relation Name": "movie_keyword",
                  "Alias": "mk",
                  "Startup Cost": 0.0,
                  "Total Cost": 42695.65,
                  "Plan Rows": 1025357,
                  "Plan Width": 0,
                  "Actual Startup Time": 0.072,
                  "Actual Total Time": 130.343,
                  "Actual Rows": 794483,
                  "Actual Loops": 4,
                  "Filter": "(keyword_id < 12678)",
                  "Rows Removed by Filter": 336500
                }
              ]
            }
          ]
        }
      ]
    },
    "Planning Time": 0.215,
    "Triggers": [],
    "Execution Time": 187.201
  }
]