[
  {
    "Plan": {
      "Node Type": "Aggregate",
      "Strategy": "Plain",
      "Partial Mode": "Finalize",
      "Parallel Aware": false,
      "Startup Cost": 46265.07,
      "Total Cost": 46265.08,
      "Plan Rows": 1,
      "Plan Width": 8,
      "Actual Startup Time": 190.334,
      "Actual Total Time": 200.1,
      "Actual Rows": 1,
      "Actual Loops": 1,
      "Plans": [
        {
          "Node Type": "Gather",
          "Parent Relationship": "Outer",
          "Parallel Aware": false,
          "Startup Cost": 46264.75,
          "Total Cost": 46265.06,
          "Plan Rows": 3,
          "Plan Width": 8,
          "Actual Startup Time": 190.224,
          "Actual Total Time": 200.09,
          "Actual Rows": 4,
          "Actual Loops": 1,
          "Workers Planned": 3,
          "Workers Launched": 3,
          "Single Copy": false,
          "Plans": [
            {
              "Node Type": "Aggregate",
              "Strategy": "Plain",
              "Partial Mode": "Partial",
              "Parent Relationship": "Outer",
              "Parallel Aware": false,
              "Startup Cost": 45264.75,
              "Total Cost": 45264.76,
              "Plan Rows": 1,
              "Plan Width": 8,
              "Actual Startup Time": 181.967,
              "Actual Total Time": 181.968,
              "Actual Rows": 1,
              "Actual Loops": 4,
              "Plans": [
                {
                  "Node Type": "Seq Scan",
                  "Parent Relationship": "Outer",
                  "Parallel Aware": true,
                  "Relation Name": "movie_keyword",
                  "Alias": "mk",
                  "Startup Cost": 0.0,
                  "Total Cost": 42695.65,
                  "Plan Rows": 1027639,
                  "Plan Width": 0,
                  "Actual Startup Time": 0.069,
                  "Actual Total Time": 139.685,
                  "Actual Rows": 794483,
                  "Actual Loops": 4,
                  "Filter": "(keyword_id < 12678)",
                  "Rows Removed by Filter": 336500
                }
              ]
            }
          ]
        }
      ]
    },
    "Planning Time": 0.155,
    "Triggers": [],
    "Execution Time": 200.153
  }
]