[
  {
    "Plan": {
      "Node Type": "Aggregate",
      "Strategy": "Plain",
      "Partial Mode": "Finalize",
      "Parallel Aware": false,
      "Startup Cost": 385114.94,
      "Total Cost": 385114.95,
      "Plan Rows": 1,
      "Plan Width": 8,
      "Actual Startup Time": 1295.099,
      "Actual Total Time": 1364.404,
      "Actual Rows": 1,
      "Actual Loops": 1,
      "Plans": [
        {
          "Node Type": "Gather",
          "Parent Relationship": "Outer",
          "Parallel Aware": false,
          "Startup Cost": 385114.31,
          "Total Cost": 385114.92,
          "Plan Rows": 6,
          "Plan Width": 8,
          "Actual Startup Time": 1293.68,
          "Actual Total Time": 1364.391,
          "Actual Rows": 7,
          "Actual Loops": 1,
          "Workers Planned": 6,
          "Workers Launched": 6,
          "Single Copy": false,
          "Plans": [
            {
              "Node Type": "Aggregate",
              "Strategy": "Plain",
              "Partial Mode": "Partial",
              "Parent Relationship": "Outer",
              "Parallel Aware": false,
              "Startup Cost": 384114.31,
              "Total Cost": 384114.32,
              "Plan Rows": 1,
              "Plan Width": 8,
              "Actual Startup Time": 1283.131,
              "Actual Total Time": 1283.134,
              "Actual Rows": 1,
              "Actual Loops": 7,
              "Plans": [
                {
                  "Node Type": "Hash Join",
                  "Parent Relationship": "Outer",
                  "Parallel Aware": true,
                  "Join Type": "Inner",
                  "Startup Cost": 44301.07,
                  "Total Cost": 383575.62,
                  "Plan Rows": 215477,
                  "Plan Width": 0,
                  "Actual Startup Time": 86.729,
                  "Actual Total Time": 1271.944,
                  "Actual Rows": 208525,
                  "Actual Loops": 7,
                  "Inner Unique": true,
                  "Hash Cond": "(ci.movie_id = t.id)",
                  "Plans": [
                    {
                      "Node Type": "Seq Scan",
                      "Parent Relationship": "Outer",
                      "Parallel Aware": true,
                      "Relation Name": "cast_info",
                      "Alias": "ci",
                      "Startup Cost": 0.0,
                      "Total Cost": 328162.03,
                      "Plan Rows": 4233336,
                      "Plan Width": 4,
                      "Actual Startup Time": 0.027,
                      "Actual Total Time": 625.241,
                      "Actual Rows": 3647064,
                      "Actual Loops": 7,
                      "Filter": "(person_id < 2636794)",
                      "Rows Removed by Filter": 1530699
                    },
                    {
                      "Node Type": "Hash",
                      "Parent Relationship": "Inner",
                      "Parallel Aware": true,
                      "Startup Cost": 43898.92,
                      "Total Cost": 43898.92,
                      "Plan Rows": 32172,
                      "Plan Width": 4,
                      "Actual Startup Time": 84.887,
                      "Actual Total Time": 84.888,
                      "Actual Rows": 18385,
                      "Actual Loops": 7,
                      "Hash Buckets": 131072,
                      "Original Hash Buckets": 131072,
                      "Hash Batches": 1,
                      "Original Hash Batches": 1,
                      "Peak Memory Usage": 6144,
                      "Plans": [
                        {
                          "Node Type": "Seq Scan",
                          "Parent Relationship": "Outer",
                          "Parallel Aware": true,
                          "Relation Name": "title",
                          "Alias": "t",
                          "Startup Cost": 0.0,
                          "Total Cost": 43898.92,
                          "Plan Rows": 32172,
                          "Plan Width": 4,
                          "Actual Startup Time": 0.05,
                          "Actual Total Time": 75.16,
                          "Actual Rows": 18385,
                          "Actual Loops": 7,
                          "Filter": "(production_year = 2009)",
                          "Rows Removed by Filter": 342802
                        }
                      ]
                    }
                  ]
                }
              ]
            }
          ]
        }
      ]
    },
    "Planning Time": 0.571,
    "Triggers": [],
    "Execution Time": 1364.488
  }
]