[
  {
    "Plan": {
      "Node Type": "Aggregate",
      "Strategy": "Plain",
      "Partial Mode": "Simple",
      "Parallel Aware": false,
      "Startup Cost": 27117.74,
      "Total Cost": 27117.75,
      "Plan Rows": 1,
      "Plan Width": 68,
      "Actual Startup Time": 2014.752,
      "Actual Total Time": 2014.757,
      "Actual Rows": 1,
      "Actual Loops": 1,
      "Plans": [
        {
          "Node Type": "Nested Loop",
          "Parent Relationship": "Outer",
          "Parallel Aware": false,
          "Join Type": "Inner",
          "Startup Cost": 4992.34,
          "Total Cost": 27116.87,
          "Plan Rows": 116,
          "Plan Width": 45,
          "Actual Startup Time": 36.546,
          "Actual Total Time": 2008.11,
          "Actual Rows": 20624,
          "Actual Loops": 1,
          "Inner Unique": true,
          "Join Filter": "(mc.movie_id = t.id)",
          "Rows Removed by Join Filter": 0,
          "Plans": [
            {
              "Node Type": "Nested Loop",
              "Parent Relationship": "Outer",
              "Parallel Aware": false,
              "Join Type": "Inner",
              "Startup Cost": 4991.91,
              "Total Cost": 27048.38,
              "Plan Rows": 116,
              "Plan Width": 32,
              "Actual Startup Time": 36.472,
              "Actual Total Time": 1894.637,
              "Actual Rows": 20624,
              "Actual Loops": 1,
              "Inner Unique": false,
              "Join Filter": "(mc.company_type_id = ct.id)",
              "Rows Removed by Join Filter": 212,
              "Plans": [
                {
                  "Node Type": "Seq Scan",
                  "Parent Relationship": "Outer",
                  "Parallel Aware": false,
                  "Relation Name": "company_type",
                  "Alias": "ct",
                  "Startup Cost": 0.0,
                  "Total Cost": 1.05,
                  "Plan Rows": 1,
                  "Plan Width": 4,
                  "Actual Startup Time": 0.049,
                  "Actual Total Time": 0.052,
                  "Actual Rows": 1,
                  "Actual Loops": 1,
                  "Filter": "((kind)::text = 'production companies'::text)",
                  "Rows Removed by Filter": 3
                },
                {
                  "Node Type": "Nested Loop",
                  "Parent Relationship": "Inner",
                  "Parallel Aware": false,
                  "Join Type": "Inner",
                  "Startup Cost": 4991.91,
                  "Total Cost": 27041.55,
                  "Plan Rows": 463,
                  "Plan Width": 36,
                  "Actual Startup Time": 36.42,
                  "Actual Total Time": 1890.274,
                  "Actual Rows": 20836,
                  "Actual Loops": 1,
                  "Inner Unique": false,
                  "Plans": [
                    {
                      "Node Type": "Nested Loop",
                      "Parent Relationship": "Outer",
                      "Parallel Aware": false,
                      "Join Type": "Inner",
                      "Startup Cost": 4991.48,
                      "Total Cost": 19139.05,
                      "Plan Rows": 12213,
                      "Plan Width": 4,
                      "Actual Startup Time": 35.053,
                      "Actual Total Time": 218.641,
                      "Actual Rows": 459925,
                      "Actual Loops": 1,
                      "Inner Unique": false,
                      "Plans": [
                        {
                          "Node Type": "Seq Scan",
                          "Parent Relationship": "Outer",
                          "Parallel Aware": false,
                          "Relation Name": "info_type",
                          "Alias": "it",
                          "Startup Cost": 0.0,
                          "Total Cost": 2.41,
                          "Plan Rows": 1,
                          "Plan Width": 4,
                          "Actual Startup Time": 0.071,
                          "Actual Total Time": 0.076,
                          "Actual Rows": 1,
                          "Actual Loops": 1,
                          "Filter": "((info)::text = 'rating'::text)",
                          "Rows Removed by Filter": 112
                        },
                        {
                          "Node Type": "Bitmap Heap Scan",
                          "Parent Relationship": "Inner",
                          "Parallel Aware": false,
                          "Relation Name": "movie_info_idx",
                          "Alias": "mi_idx",
                          "Startup Cost": 4991.48,
                          "Total Cost": 16376.57,
                          "Plan Rows": 276007,
                          "Plan Width": 8,
                          "Actual Startup Time": 34.972,
                          "Actual Total Time": 158.187,
                          "Actual Rows": 459925,
                          "Actual Loops": 1,
                          "Recheck Cond": "(info_type_id = it.id)",
                          "Rows Removed by Index Recheck": 0,
                          "Exact Heap Blocks": 7934,
                          "Lossy Heap Blocks": 0,
                          "Plans": [
                            {
                              "Node Type": "Bitmap Index Scan",
                              "Parent Relationship": "Outer",
                              "Parallel Aware": false,
                              "Index Name": "info_type_id_movie_info_idx",
                              "Startup Cost": 0.0,
                              "Total Cost": 4922.48,
                              "Plan Rows": 276007,
                              "Plan Width": 0,
                              "Actual Startup Time": 33.504,
                              "Actual Total Time": 33.504,
                              "Actual Rows": 459925,
                              "Actual Loops": 1,
                              "Index Cond": "(info_type_id = it.id)"
                            }
                          ]
                        }
                      ]
                    },
                    {
                      "Node Type": "Index Scan",
                      "Parent Relationship": "Inner",
                      "Parallel Aware": false,
                      "Scan Direction": "Forward",
                      "Index Name": "movie_id_movie_companies",
                      "Relation Name": "movie_companies",
                      "Alias": "mc",
                      "Startup Cost": 0.43,
                      "Total Cost": 0.64,
                      "Plan Rows": 1,
                      "Plan Width": 32,
                      "Actual Startup Time": 0.003,
                      "Actual Total Time": 0.003,
                      "Actual Rows": 0,
                      "Actual Loops": 459925,
                      "Index Cond": "(movie_id = mi_idx.movie_id)",
                      "Rows Removed by Index Recheck": 0,
                      "Filter": "((note !~~ '%(as Metro-Goldwyn-Mayer Pictures)%'::text) AND ((note ~~ '%(co-production)%'::text) OR (note ~~ '%(presents)%'::text)))",
                      "Rows Removed by Filter": 3
                    }
                  ]
                }
              ]
            },
            {
              "Node Type": "Index Scan",
              "Parent Relationship": "Inner",
              "Parallel Aware": false,
              "Scan Direction": "Forward",
              "Index Name": "title_pkey",
              "Relation Name": "title",
              "Alias": "t",
              "Startup Cost": 0.43,
              "Total Cost": 0.58,
              "Plan Rows": 1,
              "Plan Width": 25,
              "Actual Startup Time": 0.005,
              "Actual Total Time": 0.005,
              "Actual Rows": 1,
              "Actual Loops": 20624,
              "Index Cond": "(id = mi_idx.movie_id)",
              "Rows Removed by Index Recheck": 0
            }
          ]
        }
      ]
    },
    "Planning Time": 4.498,
    "Triggers": [],
    "Execution Time": 2015.242
  }
]