[
  {
    "Plan": {
      "Node Type": "Aggregate",
      "Strategy": "Plain",
      "Partial Mode": "Finalize",
      "Parallel Aware": false,
      "Startup Cost": 46795.58,
      "Total Cost": 46795.59,
      "Plan Rows": 1,
      "Plan Width": 8,
      "Actual Startup Time": 104.878,
      "Actual Total Time": 119.093,
      "Actual Rows": 1,
      "Actual Loops": 1,
      "Plans": [
        {
          "Node Type": "Gather",
          "Parent Relationship": "Outer",
          "Parallel Aware": false,
          "Startup Cost": 46795.16,
          "Total Cost": 46795.57,
          "Plan Rows": 4,
          "Plan Width": 8,
          "Actual Startup Time": 104.7,
          "Actual Total Time": 119.083,
          "Actual Rows": 5,
          "Actual Loops": 1,
          "Workers Planned": 4,
          "Workers Launched": 4,
          "Single Copy": false,
          "Plans": [
            {
              "Node Type": "Aggregate",
              "Strategy": "Plain",
              "Partial Mode": "Partial",
              "Parent Relationship": "Outer",
              "Parallel Aware": false,
              "Startup Cost": 45795.16,
              "Total Cost": 45795.17,
              "Plan Rows": 1,
              "Plan Width": 8,
              "Actual Startup Time": 96.466,
              "Actual Total Time": 96.467,
              "Actual Rows": 1,
              "Actual Loops": 5,
              "Plans": [
                {
                  "Node Type": "Seq Scan",
                  "Parent Relationship": "Outer",
                  "Parallel Aware": true,
                  "Relation Name": "title",
                  "Alias": "t",
                  "Startup Cost": 0.0,
                  "Total Cost": 45479.1,
                  "Plan Rows": 126424,
                  "Plan Width": 0,
                  "Actual Startup Time": 0.048,
                  "Actual Total Time": 91.957,
                  "Actual Rows": 78497,
                  "Actual Loops": 5,
                  "Filter": "((kind_id < 4) AND (production_year > 1998))",
                  "Rows Removed by Filter": 427165
                }
              ]
            }
          ]
        }
      ]
    },
    "Planning Time": 0.162,
    "Triggers": [],
    "Execution Time": 119.146
  }
]