{
  "Plan": {
    "Node Type": "Aggregate",
    "Strategy": "Plain",
    "Partial Mode": "Finalize",
    "Parallel Aware": false,
    "Startup Cost": 194105.12,
    "Total Cost": 194105.13,
    "Plan Rows": 1,
    "Plan Width": 8,
    "Actual Startup Time": 1786.001,
    "Actual Total Time": 1817.597,
    "Actual Rows": 1,
    "Actual Loops": 1,
    "Plans": [
      {
        "Node Type": "Gather",
        "Parent Relationship": "Outer",
        "Parallel Aware": false,
        "Startup Cost": 194105.01,
        "Total Cost": 194105.12,
        "Plan Rows": 1,
        "Plan Width": 8,
        "Actual Startup Time": 1780.057,
        "Actual Total Time": 1817.59,
        "Actual Rows": 2,
        "Actual Loops": 1,
        "Workers Planned": 1,
        "Workers Launched": 1,
        "Single Copy": false,
        "Plans": [
          {
            "Node Type": "Aggregate",
            "Strategy": "Plain",
            "Partial Mode": "Partial",
            "Parent Relationship": "Outer",
            "Parallel Aware": false,
            "Startup Cost": 193105.01,
            "Total Cost": 193105.02,
            "Plan Rows": 1,
            "Plan Width": 8,
            "Actual Startup Time": 1771.236,
            "Actual Total Time": 1771.241,
            "Actual Rows": 1,
            "Actual Loops": 2,
            "Plans": [
              {
                "Node Type": "Hash Join",
                "Parent Relationship": "Outer",
                "Parallel Aware": true,
                "Join Type": "Inner",
                "Startup Cost": 118374.53,
                "Total Cost": 191292.49,
                "Plan Rows": 725008,
                "Plan Width": 0,
                "Actual Startup Time": 822.671,
                "Actual Total Time": 1601.079,
                "Actual Rows": 4391966,
                "Actual Loops": 2,
                "Inner Unique": false,
                "Hash Cond": "(t.id = mc.movie_id)",
                "Plans": [
                  {
                    "Node Type": "Hash Join",
                    "Parent Relationship": "Outer",
                    "Parallel Aware": true,
                    "Join Type": "Inner",
                    "Startup Cost": 69460.7,
                    "Total Cost": 130413.19,
                    "Plan Rows": 1232114,
                    "Plan Width": 8,
                    "Actual Startup Time": 500.36,
                    "Actual Total Time": 866.8,
                    "Actual Rows": 1046193,
                    "Actual Loops": 2,
                    "Inner Unique": true,
                    "Hash Cond": "(mk.movie_id = t.id)",
                    "Plans": [
                      {
                        "Node Type": "Seq Scan",
                        "Parent Relationship": "Outer",
                        "Parallel Aware": true,
                        "Relation Name": "movie_keyword",
                        "Alias": "mk",
                        "Startup Cost": 0.0,
                        "Total Cost": 57718.19,
                        "Plan Rows": 1232114,
                        "Plan Width": 4,
                        "Actual Startup Time": 0.462,
                        "Actual Total Time": 181.656,
                        "Actual Rows": 1046193,
                        "Actual Loops": 2,
                        "Filter": "(keyword_id > 5761)",
                        "Rows Removed by Filter": 1215772
                      },
                      {
                        "Node Type": "Hash",
                        "Parent Relationship": "Inner",
                        "Parallel Aware": true,
                        "Startup Cost": 50870.31,
                        "Total Cost": 50870.31,
                        "Plan Rows": 1487231,
                        "Plan Width": 4,
                        "Actual Startup Time": 488.849,
                        "Actual Total Time": 488.85,
                        "Actual Rows": 1264156,
                        "Actual Loops": 2,
                        "Hash Buckets": 4194304,
                        "Original Hash Buckets": 4194304,
                        "Hash Batches": 1,
                        "Original Hash Batches": 1,
                        "Peak Memory Usage": 131712,
                        "Plans": [
                          {
                            "Node Type": "Seq Scan",
                            "Parent Relationship": "Outer",
                            "Parallel Aware": true,
                            "Relation Name": "title",
                            "Alias": "t",
                            "Startup Cost": 0.0,
                            "Total Cost": 50870.31,
                            "Plan Rows": 1487231,
                            "Plan Width": 4,
                            "Actual Startup Time": 0.017,
                            "Actual Total Time": 144.827,
                            "Actual Rows": 1264156,
                            "Actual Loops": 2
                          }
                        ]
                      }
                    ]
                  },
                  {
                    "Node Type": "Hash",
                    "Parent Relationship": "Inner",
                    "Parallel Aware": true,
                    "Startup Cost": 37974.77,
                    "Total Cost": 37974.77,
                    "Plan Rows": 875125,
                    "Plan Width": 4,
                    "Actual Startup Time": 307.39,
                    "Actual Total Time": 307.391,
                    "Actual Rows": 743832,
                    "Actual Loops": 2,
                    "Hash Buckets": 2097152,
                    "Original Hash Buckets": 2097152,
                    "Hash Batches": 1,
                    "Original Hash Batches": 1,
                    "Peak Memory Usage": 74592,
                    "Plans": [
                      {
                        "Node Type": "Seq Scan",
                        "Parent Relationship": "Outer",
                        "Parallel Aware": true,
                        "Relation Name": "movie_companies",
                        "Alias": "mc",
                        "Startup Cost": 0.0,
                        "Total Cost": 37974.77,
                        "Plan Rows": 875125,
                        "Plan Width": 4,
                        "Actual Startup Time": 14.639,
                        "Actual Total Time": 137.508,
                        "Actual Rows": 743832,
                        "Actual Loops": 2,
                        "Filter": "(company_id > 7870)",
                        "Rows Removed by Filter": 560732
                      }
                    ]
                  }
                ]
              }
            ]
          }
        ]
      }
    ]
  },
  "Planning Time": 0.687,
  "Triggers": [],
  "Execution Time": 1817.666
}