[
    {
        "Bao": {
            "Bao prediction": 456.115,
            "Bao recommended hint": "SET enable_mergejoin TO off; SET enable_indexscan TO off; "
        }
    },
    {
        "Plan": {
            "Node Type": "Aggregate",
            "Strategy": "Plain",
            "Partial Mode": "Finalize",
            "Parallel Aware": false,
            "Startup Cost": 345994.08,
            "Total Cost": 345994.09,
            "Plan Rows": 1,
            "Plan Width": 8,
            "Actual Startup Time": 693.794,
            "Actual Total Time": 722.53,
            "Actual Rows": 1,
            "Actual Loops": 1,
            "Output": [
                "count(*)"
            ],
            "Plans": [
                {
                    "Node Type": "Gather",
                    "Parent Relationship": "Outer",
                    "Parallel Aware": false,
                    "Startup Cost": 345993.45,
                    "Total Cost": 345994.06,
                    "Plan Rows": 6,
                    "Plan Width": 8,
                    "Actual Startup Time": 693.705,
                    "Actual Total Time": 722.52,
                    "Actual Rows": 7,
                    "Actual Loops": 1,
                    "Output": [
                        "(PARTIAL count(*))"
                    ],
                    "Workers Planned": 6,
                    "Workers Launched": 6,
                    "Single Copy": false,
                    "Plans": [
                        {
                            "Node Type": "Aggregate",
                            "Strategy": "Plain",
                            "Partial Mode": "Partial",
                            "Parent Relationship": "Outer",
                            "Parallel Aware": false,
                            "Startup Cost": 344993.45,
                            "Total Cost": 344993.46,
                            "Plan Rows": 1,
                            "Plan Width": 8,
                            "Actual Startup Time": 684.407,
                            "Actual Total Time": 684.408,
                            "Actual Rows": 1,
                            "Actual Loops": 7,
                            "Output": [
                                "PARTIAL count(*)"
                            ],
                            "Workers": [
                                {
                                    "Worker Number": 0,
                                    "Actual Startup Time": 682.544,
                                    "Actual Total Time": 682.545,
                                    "Actual Rows": 1,
                                    "Actual Loops": 1
                                },
                                {
                                    "Worker Number": 1,
                                    "Actual Startup Time": 682.542,
                                    "Actual Total Time": 682.543,
                                    "Actual Rows": 1,
                                    "Actual Loops": 1
                                },
                                {
                                    "Worker Number": 2,
                                    "Actual Startup Time": 682.995,
                                    "Actual Total Time": 682.996,
                                    "Actual Rows": 1,
                                    "Actual Loops": 1
                                },
                                {
                                    "Worker Number": 3,
                                    "Actual Startup Time": 682.916,
                                    "Actual Total Time": 682.917,
                                    "Actual Rows": 1,
                                    "Actual Loops": 1
                                },
                                {
                                    "Worker Number": 4,
                                    "Actual Startup Time": 683.257,
                                    "Actual Total Time": 683.258,
                                    "Actual Rows": 1,
                                    "Actual Loops": 1
                                },
                                {
                                    "Worker Number": 5,
                                    "Actual Startup Time": 683.666,
                                    "Actual Total Time": 683.667,
                                    "Actual Rows": 1,
                                    "Actual Loops": 1
                                }
                            ],
                            "Plans": [
                                {
                                    "Node Type": "Seq Scan",
                                    "Parent Relationship": "Outer",
                                    "Parallel Aware": true,
                                    "Relation Name": "cast_info",
                                    "Schema": "public",
                                    "Alias": "ci",
                                    "Startup Cost": 0.0,
                                    "Total Cost": 343318.94,
                                    "Plan Rows": 669804,
                                    "Plan Width": 0,
                                    "Actual Startup Time": 249.464,
                                    "Actual Total Time": 671.02,
                                    "Actual Rows": 230244,
                                    "Actual Loops": 7,
                                    "Output": [
                                        "id",
                                        "person_id",
                                        "movie_id",
                                        "person_role_id",
                                        "note",
                                        "nr_order",
                                        "role_id"
                                    ],
                                    "Filter": "((ci.person_id < 1942427) AND (ci.role_id = 2))",
                                    "Rows Removed by Filter": 4947519,
                                    "Workers": [
                                        {
                                            "Worker Number": 0,
                                            "Actual Startup Time": 247.616,
                                            "Actual Total Time": 669.315,
                                            "Actual Rows": 199957,
                                            "Actual Loops": 1
                                        },
                                        {
                                            "Worker Number": 1,
                                            "Actual Startup Time": 247.596,
                                            "Actual Total Time": 669.294,
                                            "Actual Rows": 326996,
                                            "Actual Loops": 1
                                        },
                                        {
                                            "Worker Number": 2,
                                            "Actual Startup Time": 248.03,
                                            "Actual Total Time": 669.749,
                                            "Actual Rows": 200167,
                                            "Actual Loops": 1
                                        },
                                        {
                                            "Worker Number": 3,
                                            "Actual Startup Time": 247.975,
                                            "Actual Total Time": 669.739,
                                            "Actual Rows": 251730,
                                            "Actual Loops": 1
                                        },
                                        {
                                            "Worker Number": 4,
                                            "Actual Startup Time": 248.31,
                                            "Actual Total Time": 670.114,
                                            "Actual Rows": 199089,
                                            "Actual Loops": 1
                                        },
                                        {
                                            "Worker Number": 5,
                                            "Actual Startup Time": 248.733,
                                            "Actual Total Time": 670.596,
                                            "Actual Rows": 198417,
                                            "Actual Loops": 1
                                        }
                                    ]
                                }
                            ]
                        }
                    ]
                }
            ]
        },
        "Planning Time": 534.97,
        "Triggers": [],
        "Execution Time": 722.617
    }
]