[
  {
    "Plan": {
      "Node Type": "Aggregate",
      "Strategy": "Plain",
      "Partial Mode": "Finalize",
      "Parallel Aware": false,
      "Startup Cost": 82955.73,
      "Total Cost": 82955.74,
      "Plan Rows": 1,
      "Plan Width": 8,
      "Actual Startup Time": 210.063,
      "Actual Total Time": 224.132,
      "Actual Rows": 1,
      "Actual Loops": 1,
      "Plans": [
        {
          "Node Type": "Gather",
          "Parent Relationship": "Outer",
          "Parallel Aware": false,
          "Startup Cost": 82955.41,
          "Total Cost": 82955.72,
          "Plan Rows": 3,
          "Plan Width": 8,
          "Actual Startup Time": 209.596,
          "Actual Total Time": 224.122,
          "Actual Rows": 4,
          "Actual Loops": 1,
          "Workers Planned": 3,
          "Workers Launched": 3,
          "Single Copy": false,
          "Plans": [
            {
              "Node Type": "Aggregate",
              "Strategy": "Plain",
              "Partial Mode": "Partial",
              "Parent Relationship": "Outer",
              "Parallel Aware": false,
              "Startup Cost": 81955.41,
              "Total Cost": 81955.42,
              "Plan Rows": 1,
              "Plan Width": 8,
              "Actual Startup Time": 201.369,
              "Actual Total Time": 201.373,
              "Actual Rows": 1,
              "Actual Loops": 4,
              "Plans": [
                {
                  "Node Type": "Hash Join",
                  "Parent Relationship": "Outer",
                  "Parallel Aware": true,
                  "Join Type": "Inner",
                  "Startup Cost": 55288.86,
                  "Total Cost": 81944.53,
                  "Plan Rows": 4351,
                  "Plan Width": 0,
                  "Actual Startup Time": 132.201,
                  "Actual Total Time": 201.315,
                  "Actual Rows": 463,
                  "Actual Loops": 4,
                  "Inner Unique": true,
                  "Hash Cond": "(mk.movie_id = t.id)",
                  "Plans": [
                    {
                      "Node Type": "Bitmap Heap Scan",
                      "Parent Relationship": "Outer",
                      "Parallel Aware": true,
                      "Relation Name": "movie_keyword",
                      "Alias": "mk",
                      "Startup Cost": 9573.63,
                      "Total Cost": 35847.19,
                      "Plan Rows": 145565,
                      "Plan Width": 4,
                      "Actual Startup Time": 28.73,
                      "Actual Total Time": 82.113,
                      "Actual Rows": 110406,
                      "Actual Loops": 4,
                      "Recheck Cond": "(keyword_id > 39981)",
                      "Rows Removed by Index Recheck": 0,
                      "Exact Heap Blocks": 7732,
                      "Lossy Heap Blocks": 0,
                      "Plans": [
                        {
                          "Node Type": "Bitmap Index Scan",
                          "Parent Relationship": "Outer",
                          "Parallel Aware": false,
                          "Index Name": "keyword_id_movie_keyword",
                          "Startup Cost": 0.0,
                          "Total Cost": 9460.82,
                          "Plan Rows": 451251,
                          "Plan Width": 0,
                          "Actual Startup Time": 25.051,
                          "Actual Total Time": 25.051,
                          "Actual Rows": 441625,
                          "Actual Loops": 1,
                          "Index Cond": "(keyword_id > 39981)"
                        }
                      ]
                    },
                    {
                      "Node Type": "Hash",
                      "Parent Relationship": "Inner",
                      "Parallel Aware": true,
                      "Startup Cost": 45479.1,
                      "Total Cost": 45479.1,
                      "Plan Rows": 18891,
                      "Plan Width": 4,
                      "Actual Startup Time": 101.706,
                      "Actual Total Time": 101.707,
                      "Actual Rows": 21019,
                      "Actual Loops": 4,
                      "Hash Buckets": 131072,
                      "Original Hash Buckets": 131072,
                      "Hash Batches": 1,
                      "Original Hash Batches": 1,
                      "Peak Memory Usage": 4352,
                      "Plans": [
                        {
                          "Node Type": "Seq Scan",
                          "Parent Relationship": "Outer",
                          "Parallel Aware": true,
                          "Relation Name": "title",
                          "Alias": "t",
                          "Startup Cost": 0.0,
                          "Total Cost": 45479.1,
                          "Plan Rows": 18891,
                          "Plan Width": 4,
                          "Actual Startup Time": 0.043,
                          "Actual Total Time": 92.979,
                          "Actual Rows": 21019,
                          "Actual Loops": 4,
                          "Filter": "((kind_id = 7) AND (production_year = 2007))",
                          "Rows Removed by Filter": 611059
                        }
                      ]
                    }
                  ]
                }
              ]
            }
          ]
        }
      ]
    },
    "Planning Time": 0.623,
    "Triggers": [],
    "Execution Time": 224.222
  }
]