[
  {
    "Plan": {
      "Node Type": "Aggregate",
      "Strategy": "Plain",
      "Partial Mode": "Finalize",
      "Parallel Aware": false,
      "Startup Cost": 83512.73,
      "Total Cost": 83512.74,
      "Plan Rows": 1,
      "Plan Width": 8,
      "Actual Startup Time": 602.909,
      "Actual Total Time": 615.621,
      "Actual Rows": 1,
      "Actual Loops": 1,
      "Plans": [
        {
          "Node Type": "Gather",
          "Parent Relationship": "Outer",
          "Parallel Aware": false,
          "Startup Cost": 83512.41,
          "Total Cost": 83512.72,
          "Plan Rows": 3,
          "Plan Width": 8,
          "Actual Startup Time": 595.121,
          "Actual Total Time": 615.611,
          "Actual Rows": 4,
          "Actual Loops": 1,
          "Workers Planned": 3,
          "Workers Launched": 3,
          "Single Copy": false,
          "Plans": [
            {
              "Node Type": "Aggregate",
              "Strategy": "Plain",
              "Partial Mode": "Partial",
              "Parent Relationship": "Outer",
              "Parallel Aware": false,
              "Startup Cost": 82512.41,
              "Total Cost": 82512.42,
              "Plan Rows": 1,
              "Plan Width": 8,
              "Actual Startup Time": 581.545,
              "Actual Total Time": 581.548,
              "Actual Rows": 1,
              "Actual Loops": 4,
              "Plans": [
                {
                  "Node Type": "Hash Join",
                  "Parent Relationship": "Outer",
                  "Parallel Aware": true,
                  "Join Type": "Inner",
                  "Startup Cost": 51162.36,
                  "Total Cost": 80578.25,
                  "Plan Rows": 773664,
                  "Plan Width": 0,
                  "Actual Startup Time": 314.799,
                  "Actual Total Time": 557.337,
                  "Actual Rows": 576382,
                  "Actual Loops": 4,
                  "Inner Unique": true,
                  "Hash Cond": "(mc.movie_id = t.id)",
                  "Plans": [
                    {
                      "Node Type": "Seq Scan",
                      "Parent Relationship": "Outer",
                      "Parallel Aware": true,
                      "Relation Name": "movie_companies",
                      "Alias": "mc",
                      "Startup Cost": 0.0,
                      "Total Cost": 27206.55,
                      "Plan Rows": 841655,
                      "Plan Width": 4,
                      "Actual Startup Time": 0.01,
                      "Actual Total Time": 52.621,
                      "Actual Rows": 652282,
                      "Actual Loops": 4
                    },
                    {
                      "Node Type": "Hash",
                      "Parent Relationship": "Inner",
                      "Parallel Aware": true,
                      "Startup Cost": 43899.32,
                      "Total Cost": 43899.32,
                      "Plan Rows": 581043,
                      "Plan Width": 4,
                      "Actual Startup Time": 304.928,
                      "Actual Total Time": 304.929,
                      "Actual Rows": 579392,
                      "Actual Loops": 4,
                      "Hash Buckets": 4194304,
                      "Original Hash Buckets": 4194304,
                      "Hash Batches": 1,
                      "Original Hash Batches": 1,
                      "Peak Memory Usage": 123520,
                      "Plans": [
                        {
                          "Node Type": "Seq Scan",
                          "Parent Relationship": "Outer",
                          "Parallel Aware": true,
                          "Relation Name": "title",
                          "Alias": "t",
                          "Startup Cost": 0.0,
                          "Total Cost": 43899.32,
                          "Plan Rows": 581043,
                          "Plan Width": 4,
                          "Actual Startup Time": 0.038,
                          "Actual Total Time": 105.014,
                          "Actual Rows": 579392,
                          "Actual Loops": 4,
                          "Filter": "(production_year > 1938)",
                          "Rows Removed by Filter": 52686
                        }
                      ]
                    }
                  ]
                }
              ]
            }
          ]
        }
      ]
    },
    "Planning Time": 0.395,
    "Triggers": [],
    "Execution Time": 615.67
  }
]