[
  {
    "Plan": {
      "Node Type": "Aggregate",
      "Strategy": "Plain",
      "Partial Mode": "Finalize",
      "Parallel Aware": false,
      "Startup Cost": 685142.86,
      "Total Cost": 685142.87,
      "Plan Rows": 1,
      "Plan Width": 8,
      "Actual Startup Time": 9445.654,
      "Actual Total Time": 9561.451,
      "Actual Rows": 1,
      "Actual Loops": 1,
      "Plans": [
        {
          "Node Type": "Gather",
          "Parent Relationship": "Outer",
          "Parallel Aware": false,
          "Startup Cost": 685142.24,
          "Total Cost": 685142.85,
          "Plan Rows": 6,
          "Plan Width": 8,
          "Actual Startup Time": 9369.002,
          "Actual Total Time": 9561.432,
          "Actual Rows": 7,
          "Actual Loops": 1,
          "Workers Planned": 6,
          "Workers Launched": 6,
          "Single Copy": false,
          "Plans": [
            {
              "Node Type": "Aggregate",
              "Strategy": "Plain",
              "Partial Mode": "Partial",
              "Parent Relationship": "Outer",
              "Parallel Aware": false,
              "Startup Cost": 684142.24,
              "Total Cost": 684142.25,
              "Plan Rows": 1,
              "Plan Width": 8,
              "Actual Startup Time": 9302.152,
              "Actual Total Time": 9303.662,
              "Actual Rows": 1,
              "Actual Loops": 7,
              "Plans": [
                {
                  "Node Type": "Hash Join",
                  "Parent Relationship": "Outer",
                  "Parallel Aware": true,
                  "Join Type": "Inner",
                  "Startup Cost": 270921.24,
                  "Total Cost": 654480.36,
                  "Plan Rows": 11864750,
                  "Plan Width": 0,
                  "Actual Startup Time": 2392.364,
                  "Actual Total Time": 8128.079,
                  "Actual Rows": 25888629,
                  "Actual Loops": 7,
                  "Inner Unique": false,
                  "Hash Cond": "(ci.movie_id = t.id)",
                  "Plans": [
                    {
                      "Node Type": "Seq Scan",
                      "Parent Relationship": "Outer",
                      "Parallel Aware": true,
                      "Relation Name": "cast_info",
                      "Alias": "ci",
                      "Startup Cost": 0.0,
                      "Total Cost": 343316.27,
                      "Plan Rows": 3302669,
                      "Plan Width": 4,
                      "Actual Startup Time": 287.006,
                      "Actual Total Time": 859.756,
                      "Actual Rows": 3132319,
                      "Actual Loops": 7,
                      "Filter": "((person_id > 574853) AND (role_id > 1))",
                      "Rows Removed by Filter": 2045445
                    },
                    {
                      "Node Type": "Hash",
                      "Parent Relationship": "Inner",
                      "Parallel Aware": true,
                      "Startup Cost": 248213.0,
                      "Total Cost": 248213.0,
                      "Plan Rows": 1816659,
                      "Plan Width": 8,
                      "Actual Startup Time": 2082.381,
                      "Actual Total Time": 2083.889,
                      "Actual Rows": 1116742,
                      "Actual Loops": 7,
                      "Hash Buckets": 16777216,
                      "Original Hash Buckets": 16777216,
                      "Hash Batches": 1,
                      "Original Hash Batches": 1,
                      "Peak Memory Usage": 436992,
                      "Plans": [
                        {
                          "Node Type": "Hash Join",
                          "Parent Relationship": "Outer",
                          "Parallel Aware": true,
                          "Join Type": "Inner",
                          "Startup Cost": 48733.6,
                          "Total Cost": 248213.0,
                          "Plan Rows": 1816659,
                          "Plan Width": 8,
                          "Actual Startup Time": 249.617,
                          "Actual Total Time": 1428.112,
                          "Actual Rows": 1116742,
                          "Actual Loops": 7,
                          "Inner Unique": true,
                          "Hash Cond": "(mi.movie_id = t.id)",
                          "Plans": [
                            {
                              "Node Type": "Seq Scan",
                              "Parent Relationship": "Outer",
                              "Parallel Aware": true,
                              "Relation Name": "movie_info",
                              "Alias": "mi",
                              "Startup Cost": 0.0,
                              "Total Cost": 191685.19,
                              "Plan Rows": 2969219,
                              "Plan Width": 4,
                              "Actual Startup Time": 0.044,
                              "Actual Total Time": 359.243,
                              "Actual Rows": 2119389,
                              "Actual Loops": 7
                            },
                            {
                              "Node Type": "Hash",
                              "Parent Relationship": "Inner",
                              "Parallel Aware": true,
                              "Startup Cost": 43899.32,
                              "Total Cost": 43899.32,
                              "Plan Rows": 386742,
                              "Plan Width": 4,
                              "Actual Startup Time": 246.323,
                              "Actual Total Time": 246.325,
                              "Actual Rows": 218802,
                              "Actual Loops": 7,
                              "Hash Buckets": 2097152,
                              "Original Hash Buckets": 2097152,
                              "Hash Batches": 1,
                              "Original Hash Batches": 1,
                              "Peak Memory Usage": 76416,
                              "Plans": [
                                {
                                  "Node Type": "Seq Scan",
                                  "Parent Relationship": "Outer",
                                  "Parallel Aware": true,
                                  "Relation Name": "title",
                                  "Alias": "t",
                                  "Startup Cost": 0.0,
                                  "Total Cost": 43899.32,
                                  "Plan Rows": 386742,
                                  "Plan Width": 4,
                                  "Actual Startup Time": 0.068,
                                  "Actual Total Time": 105.012,
                                  "Actual Rows": 218802,
                                  "Actual Loops": 7,
                                  "Filter": "(production_year > 1997)",
                                  "Rows Removed by Filter": 142386
                                }
                              ]
                            }
                          ]
                        }
                      ]
                    }
                  ]
                }
              ]
            }
          ]
        }
      ]
    },
    "Planning Time": 1.214,
    "Triggers": [],
    "Execution Time": 9561.544
  }
]