[
  {
    "Plan": {
      "Node Type": "Aggregate",
      "Strategy": "Plain",
      "Partial Mode": "Finalize",
      "Parallel Aware": false,
      "Startup Cost": 684626.25,
      "Total Cost": 684626.26,
      "Plan Rows": 1,
      "Plan Width": 8,
      "Actual Startup Time": 7985.8,
      "Actual Total Time": 8072.856,
      "Actual Rows": 1,
      "Actual Loops": 1,
      "Plans": [
        {
          "Node Type": "Gather",
          "Parent Relationship": "Outer",
          "Parallel Aware": false,
          "Startup Cost": 684625.63,
          "Total Cost": 684626.24,
          "Plan Rows": 6,
          "Plan Width": 8,
          "Actual Startup Time": 7952.889,
          "Actual Total Time": 8072.842,
          "Actual Rows": 7,
          "Actual Loops": 1,
          "Workers Planned": 6,
          "Workers Launched": 6,
          "Single Copy": false,
          "Plans": [
            {
              "Node Type": "Aggregate",
              "Strategy": "Plain",
              "Partial Mode": "Partial",
              "Parent Relationship": "Outer",
              "Parallel Aware": false,
              "Startup Cost": 683625.63,
              "Total Cost": 683625.64,
              "Plan Rows": 1,
              "Plan Width": 8,
              "Actual Startup Time": 7904.222,
              "Actual Total Time": 7904.917,
              "Actual Rows": 1,
              "Actual Loops": 7,
              "Plans": [
                {
                  "Node Type": "Hash Join",
                  "Parent Relationship": "Outer",
                  "Parallel Aware": true,
                  "Join Type": "Inner",
                  "Startup Cost": 270507.34,
                  "Total Cost": 654052.5,
                  "Plan Rows": 11829250,
                  "Plan Width": 0,
                  "Actual Startup Time": 1915.454,
                  "Actual Total Time": 6873.334,
                  "Actual Rows": 25888629,
                  "Actual Loops": 7,
                  "Inner Unique": false,
                  "Hash Cond": "(ci.movie_id = t.id)",
                  "Plans": [
                    {
                      "Node Type": "Seq Scan",
                      "Parent Relationship": "Outer",
                      "Parallel Aware": true,
                      "Relation Name": "cast_info",
                      "Alias": "ci",
                      "Startup Cost": 0.0,
                      "Total Cost": 343257.03,
                      "Plan Rows": 3325924,
                      "Plan Width": 4,
                      "Actual Startup Time": 208.233,
                      "Actual Total Time": 688.091,
                      "Actual Rows": 3132319,
                      "Actual Loops": 7,
                      "Filter": "((person_id > 574853) AND (role_id > 1))",
                      "Rows Removed by Filter": 2045445
                    },
                    {
                      "Node Type": "Hash",
                      "Parent Relationship": "Inner",
                      "Parallel Aware": true,
                      "Startup Cost": 248026.51,
                      "Total Cost": 248026.51,
                      "Plan Rows": 1798467,
                      "Plan Width": 8,
                      "Actual Startup Time": 1689.602,
                      "Actual Total Time": 1690.295,
                      "Actual Rows": 1116742,
                      "Actual Loops": 7,
                      "Hash Buckets": 16777216,
                      "Original Hash Buckets": 16777216,
                      "Hash Batches": 1,
                      "Original Hash Batches": 1,
                      "Peak Memory Usage": 436992,
                      "Plans": [
                        {
                          "Node Type": "Hash Join",
                          "Parent Relationship": "Outer",
                          "Parallel Aware": true,
                          "Join Type": "Inner",
                          "Startup Cost": 48704.74,
                          "Total Cost": 248026.51,
                          "Plan Rows": 1798467,
                          "Plan Width": 8,
                          "Actual Startup Time": 194.057,
                          "Actual Total Time": 1192.37,
                          "Actual Rows": 1116742,
                          "Actual Loops": 7,
                          "Inner Unique": true,
                          "Hash Cond": "(mi.movie_id = t.id)",
                          "Plans": [
                            {
                              "Node Type": "Seq Scan",
                              "Parent Relationship": "Outer",
                              "Parallel Aware": true,
                              "Relation Name": "movie_info",
                              "Alias": "mi",
                              "Startup Cost": 0.0,
                              "Total Cost": 191560.33,
                              "Plan Rows": 2956733,
                              "Plan Width": 4,
                              "Actual Startup Time": 0.026,
                              "Actual Total Time": 285.479,
                              "Actual Rows": 2119389,
                              "Actual Loops": 7
                            },
                            {
                              "Node Type": "Hash",
                              "Parent Relationship": "Inner",
                              "Parallel Aware": true,
                              "Startup Cost": 43898.92,
                              "Total Cost": 43898.92,
                              "Plan Rows": 384466,
                              "Plan Width": 4,
                              "Actual Startup Time": 191.653,
                              "Actual Total Time": 191.654,
                              "Actual Rows": 218802,
                              "Actual Loops": 7,
                              "Hash Buckets": 2097152,
                              "Original Hash Buckets": 2097152,
                              "Hash Batches": 1,
                              "Original Hash Batches": 1,
                              "Peak Memory Usage": 76416,
                              "Plans": [
                                {
                                  "Node Type": "Seq Scan",
                                  "Parent Relationship": "Outer",
                                  "Parallel Aware": true,
                                  "Relation Name": "title",
                                  "Alias": "t",
                                  "Startup Cost": 0.0,
                                  "Total Cost": 43898.92,
                                  "Plan Rows": 384466,
                                  "Plan Width": 4,
                                  "Actual Startup Time": 0.054,
                                  "Actual Total Time": 81.229,
                                  "Actual Rows": 218802,
                                  "Actual Loops": 7,
                                  "Filter": "(production_year > 1997)",
                                  "Rows Removed by Filter": 142386
                                }
                              ]
                            }
                          ]
                        }
                      ]
                    }
                  ]
                }
              ]
            }
          ]
        }
      ]
    },
    "Planning Time": 1.349,
    "Triggers": [],
    "Execution Time": 8072.959
  }
]