{
  "Plan": {
    "Node Type": "Aggregate",
    "Strategy": "Plain",
    "Partial Mode": "Finalize",
    "Parallel Aware": false,
    "Startup Cost": 430762.69,
    "Total Cost": 430762.7,
    "Plan Rows": 1,
    "Plan Width": 8,
    "Actual Startup Time": 5357.475,
    "Actual Total Time": 5411.366,
    "Actual Rows": 1,
    "Actual Loops": 1,
    "Plans": [
      {
        "Node Type": "Gather",
        "Parent Relationship": "Outer",
        "Parallel Aware": false,
        "Startup Cost": 430762.58,
        "Total Cost": 430762.69,
        "Plan Rows": 1,
        "Plan Width": 8,
        "Actual Startup Time": 5350.238,
        "Actual Total Time": 5411.353,
        "Actual Rows": 2,
        "Actual Loops": 1,
        "Workers Planned": 1,
        "Workers Launched": 1,
        "Single Copy": false,
        "Plans": [
          {
            "Node Type": "Aggregate",
            "Strategy": "Plain",
            "Partial Mode": "Partial",
            "Parent Relationship": "Outer",
            "Parallel Aware": false,
            "Startup Cost": 429762.58,
            "Total Cost": 429762.59,
            "Plan Rows": 1,
            "Plan Width": 8,
            "Actual Startup Time": 5343.72,
            "Actual Total Time": 5343.73,
            "Actual Rows": 1,
            "Actual Loops": 2,
            "Plans": [
              {
                "Node Type": "Hash Join",
                "Parent Relationship": "Outer",
                "Parallel Aware": true,
                "Join Type": "Inner",
                "Startup Cost": 124589.42,
                "Total Cost": 422722.08,
                "Plan Rows": 2816200,
                "Plan Width": 0,
                "Actual Startup Time": 1092.25,
                "Actual Total Time": 4600.309,
                "Actual Rows": 17167916,
                "Actual Loops": 2,
                "Inner Unique": false,
                "Hash Cond": "(mi.movie_id = t.id)",
                "Plans": [
                  {
                    "Node Type": "Seq Scan",
                    "Parent Relationship": "Outer",
                    "Parallel Aware": true,
                    "Relation Name": "movie_info",
                    "Alias": "mi",
                    "Startup Cost": 0.0,
                    "Total Cost": 248955.74,
                    "Plan Rows": 8696274,
                    "Plan Width": 4,
                    "Actual Startup Time": 0.019,
                    "Actual Total Time": 747.717,
                    "Actual Rows": 7417860,
                    "Actual Loops": 2
                  },
                  {
                    "Node Type": "Hash",
                    "Parent Relationship": "Inner",
                    "Parallel Aware": true,
                    "Startup Cost": 118569.11,
                    "Total Cost": 118569.11,
                    "Plan Rows": 481625,
                    "Plan Width": 8,
                    "Actual Startup Time": 1082.129,
                    "Actual Total Time": 1082.136,
                    "Actual Rows": 414291,
                    "Actual Loops": 2,
                    "Hash Buckets": 1048576,
                    "Original Hash Buckets": 1048576,
                    "Hash Batches": 1,
                    "Original Hash Batches": 1,
                    "Peak Memory Usage": 40640,
                    "Plans": [
                      {
                        "Node Type": "Hash Join",
                        "Parent Relationship": "Outer",
                        "Parallel Aware": true,
                        "Join Type": "Inner",
                        "Startup Cost": 86830.54,
                        "Total Cost": 118569.11,
                        "Plan Rows": 481625,
                        "Plan Width": 8,
                        "Actual Startup Time": 703.476,
                        "Actual Total Time": 963.097,
                        "Actual Rows": 414291,
                        "Actual Loops": 2,
                        "Inner Unique": true,
                        "Hash Cond": "(mk.movie_id = t.id)",
                        "Plans": [
                          {
                            "Node Type": "Bitmap Heap Scan",
                            "Parent Relationship": "Outer",
                            "Parallel Aware": true,
                            "Relation Name": "movie_keyword",
                            "Alias": "mk",
                            "Startup Cost": 17369.84,
                            "Total Cost": 47844.15,
                            "Plan Rows": 481625,
                            "Plan Width": 4,
                            "Actual Startup Time": 42.668,
                            "Actual Total Time": 152.637,
                            "Actual Rows": 414291,
                            "Actual Loops": 2,
                            "Recheck Cond": "(keyword_id < 795)",
                            "Rows Removed by Index Recheck": 0,
                            "Exact Heap Blocks": 14735,
                            "Lossy Heap Blocks": 0,
                            "Plans": [
                              {
                                "Node Type": "Bitmap Index Scan",
                                "Parent Relationship": "Outer",
                                "Parallel Aware": false,
                                "Index Name": "keyword_id_movie_keyword",
                                "Startup Cost": 0.0,
                                "Total Cost": 17165.15,
                                "Plan Rows": 818762,
                                "Plan Width": 0,
                                "Actual Startup Time": 39.136,
                                "Actual Total Time": 39.136,
                                "Actual Rows": 828582,
                                "Actual Loops": 1,
                                "Index Cond": "(keyword_id < 795)"
                              }
                            ]
                          },
                          {
                            "Node Type": "Hash",
                            "Parent Relationship": "Inner",
                            "Parallel Aware": true,
                            "Startup Cost": 50870.31,
                            "Total Cost": 50870.31,
                            "Plan Rows": 1487231,
                            "Plan Width": 4,
                            "Actual Startup Time": 644.48,
                            "Actual Total Time": 644.481,
                            "Actual Rows": 1264156,
                            "Actual Loops": 2,
                            "Hash Buckets": 4194304,
                            "Original Hash Buckets": 4194304,
                            "Hash Batches": 1,
                            "Original Hash Batches": 1,
                            "Peak Memory Usage": 131712,
                            "Plans": [
                              {
                                "Node Type": "Seq Scan",
                                "Parent Relationship": "Outer",
                                "Parallel Aware": true,
                                "Relation Name": "title",
                                "Alias": "t",
                                "Startup Cost": 0.0,
                                "Total Cost": 50870.31,
                                "Plan Rows": 1487231,
                                "Plan Width": 4,
                                "Actual Startup Time": 0.036,
                                "Actual Total Time": 189.014,
                                "Actual Rows": 1264156,
                                "Actual Loops": 2
                              }
                            ]
                          }
                        ]
                      }
                    ]
                  }
                ]
              }
            ]
          }
        ]
      }
    ]
  },
  "Planning Time": 0.881,
  "Triggers": [],
  "Execution Time": 5411.486
}