[
  {
    "Plan": {
      "Node Type": "Aggregate",
      "Strategy": "Plain",
      "Partial Mode": "Finalize",
      "Parallel Aware": false,
      "Startup Cost": 302187.57,
      "Total Cost": 302187.58,
      "Plan Rows": 1,
      "Plan Width": 8,
      "Actual Startup Time": 3746.525,
      "Actual Total Time": 3787.548,
      "Actual Rows": 1,
      "Actual Loops": 1,
      "Plans": [
        {
          "Node Type": "Gather",
          "Parent Relationship": "Outer",
          "Parallel Aware": false,
          "Startup Cost": 302187.05,
          "Total Cost": 302187.56,
          "Plan Rows": 5,
          "Plan Width": 8,
          "Actual Startup Time": 3729.895,
          "Actual Total Time": 3787.536,
          "Actual Rows": 6,
          "Actual Loops": 1,
          "Workers Planned": 5,
          "Workers Launched": 5,
          "Single Copy": false,
          "Plans": [
            {
              "Node Type": "Aggregate",
              "Strategy": "Plain",
              "Partial Mode": "Partial",
              "Parent Relationship": "Outer",
              "Parallel Aware": false,
              "Startup Cost": 301187.05,
              "Total Cost": 301187.06,
              "Plan Rows": 1,
              "Plan Width": 8,
              "Actual Startup Time": 3722.668,
              "Actual Total Time": 3722.882,
              "Actual Rows": 1,
              "Actual Loops": 6,
              "Plans": [
                {
                  "Node Type": "Hash Join",
                  "Parent Relationship": "Outer",
                  "Parallel Aware": true,
                  "Join Type": "Inner",
                  "Startup Cost": 92984.12,
                  "Total Cost": 298836.65,
                  "Plan Rows": 940159,
                  "Plan Width": 0,
                  "Actual Startup Time": 403.038,
                  "Actual Total Time": 2713.895,
                  "Actual Rows": 22214600,
                  "Actual Loops": 6,
                  "Inner Unique": false,
                  "Hash Cond": "(mi.movie_id = t.id)",
                  "Plans": [
                    {
                      "Node Type": "Seq Scan",
                      "Parent Relationship": "Outer",
                      "Parallel Aware": true,
                      "Relation Name": "movie_info",
                      "Alias": "mi",
                      "Startup Cost": 0.0,
                      "Total Cost": 191685.19,
                      "Plan Rows": 2969219,
                      "Plan Width": 4,
                      "Actual Startup Time": 0.036,
                      "Actual Total Time": 297.956,
                      "Actual Rows": 2472620,
                      "Actual Loops": 6
                    },
                    {
                      "Node Type": "Hash",
                      "Parent Relationship": "Inner",
                      "Parallel Aware": true,
                      "Startup Cost": 89755.94,
                      "Total Cost": 89755.94,
                      "Plan Rows": 258254,
                      "Plan Width": 8,
                      "Actual Startup Time": 387.629,
                      "Actual Total Time": 387.838,
                      "Actual Rows": 235067,
                      "Actual Loops": 6,
                      "Hash Buckets": 2097152,
                      "Original Hash Buckets": 1048576,
                      "Hash Batches": 1,
                      "Original Hash Batches": 1,
                      "Peak Memory Usage": 79808,
                      "Plans": [
                        {
                          "Node Type": "Hash Join",
                          "Parent Relationship": "Outer",
                          "Parallel Aware": true,
                          "Join Type": "Inner",
                          "Startup Cost": 46877.86,
                          "Total Cost": 89755.94,
                          "Plan Rows": 258254,
                          "Plan Width": 8,
                          "Actual Startup Time": 136.714,
                          "Actual Total Time": 284.223,
                          "Actual Rows": 235067,
                          "Actual Loops": 6,
                          "Inner Unique": true,
                          "Hash Cond": "(mk.movie_id = t.id)",
                          "Plans": [
                            {
                              "Node Type": "Seq Scan",
                              "Parent Relationship": "Outer",
                              "Parallel Aware": true,
                              "Relation Name": "movie_keyword",
                              "Alias": "mk",
                              "Startup Cost": 0.0,
                              "Total Cost": 39047.32,
                              "Plan Rows": 1459332,
                              "Plan Width": 4,
                              "Actual Startup Time": 0.034,
                              "Actual Total Time": 74.657,
                              "Actual Rows": 753988,
                              "Actual Loops": 6
                            },
                            {
                              "Node Type": "Hash",
                              "Parent Relationship": "Inner",
                              "Parallel Aware": true,
                              "Startup Cost": 45479.59,
                              "Total Cost": 45479.59,
                              "Plan Rows": 111862,
                              "Plan Width": 4,
                              "Actual Startup Time": 106.578,
                              "Actual Total Time": 106.58,
                              "Actual Rows": 54182,
                              "Actual Loops": 6,
                              "Hash Buckets": 524288,
                              "Original Hash Buckets": 524288,
                              "Hash Batches": 1,
                              "Original Hash Batches": 1,
                              "Peak Memory Usage": 16928,
                              "Plans": [
                                {
                                  "Node Type": "Seq Scan",
                                  "Parent Relationship": "Outer",
                                  "Parallel Aware": true,
                                  "Relation Name": "title",
                                  "Alias": "t",
                                  "Startup Cost": 0.0,
                                  "Total Cost": 45479.59,
                                  "Plan Rows": 111862,
                                  "Plan Width": 4,
                                  "Actual Startup Time": 39.265,
                                  "Actual Total Time": 82.338,
                                  "Actual Rows": 54182,
                                  "Actual Loops": 6,
                                  "Filter": "((production_year > 1992) AND (kind_id = 1))",
                                  "Rows Removed by Filter": 367204
                                }
                              ]
                            }
                          ]
                        }
                      ]
                    }
                  ]
                }
              ]
            }
          ]
        }
      ]
    },
    "Planning Time": 0.395,
    "Triggers": [],
    "Execution Time": 3787.595
  }
]