[
  {
    "Plan": {
      "Node Type": "Aggregate",
      "Strategy": "Plain",
      "Partial Mode": "Finalize",
      "Parallel Aware": false,
      "Startup Cost": 46098.9,
      "Total Cost": 46098.91,
      "Plan Rows": 1,
      "Plan Width": 8,
      "Actual Startup Time": 157.372,
      "Actual Total Time": 166.816,
      "Actual Rows": 1,
      "Actual Loops": 1,
      "Plans": [
        {
          "Node Type": "Gather",
          "Parent Relationship": "Outer",
          "Parallel Aware": false,
          "Startup Cost": 46098.58,
          "Total Cost": 46098.89,
          "Plan Rows": 3,
          "Plan Width": 8,
          "Actual Startup Time": 157.228,
          "Actual Total Time": 166.808,
          "Actual Rows": 4,
          "Actual Loops": 1,
          "Workers Planned": 3,
          "Workers Launched": 3,
          "Single Copy": false,
          "Plans": [
            {
              "Node Type": "Aggregate",
              "Strategy": "Plain",
              "Partial Mode": "Partial",
              "Parent Relationship": "Outer",
              "Parallel Aware": false,
              "Startup Cost": 45098.58,
              "Total Cost": 45098.59,
              "Plan Rows": 1,
              "Plan Width": 8,
              "Actual Startup Time": 152.289,
              "Actual Total Time": 152.291,
              "Actual Rows": 1,
              "Actual Loops": 4,
              "Plans": [
                {
                  "Node Type": "Seq Scan",
                  "Parent Relationship": "Outer",
                  "Parallel Aware": true,
                  "Relation Name": "movie_keyword",
                  "Alias": "mk",
                  "Startup Cost": 0.0,
                  "Total Cost": 42695.65,
                  "Plan Rows": 961172,
                  "Plan Width": 0,
                  "Actual Startup Time": 0.128,
                  "Actual Total Time": 118.249,
                  "Actual Rows": 744985,
                  "Actual Loops": 4,
                  "Filter": "(keyword_id > 2273)",
                  "Rows Removed by Filter": 385998
                }
              ]
            }
          ]
        }
      ]
    },
    "Planning Time": 0.193,
    "Triggers": [],
    "Execution Time": 166.873
  }
]