[
  {
    "Plan": {
      "Node Type": "Aggregate",
      "Strategy": "Plain",
      "Partial Mode": "Finalize",
      "Parallel Aware": false,
      "Startup Cost": 474409.81,
      "Total Cost": 474409.82,
      "Plan Rows": 1,
      "Plan Width": 8,
      "Actual Startup Time": 3401.4,
      "Actual Total Time": 3433.715,
      "Actual Rows": 1,
      "Actual Loops": 1,
      "Plans": [
        {
          "Node Type": "Gather",
          "Parent Relationship": "Outer",
          "Parallel Aware": false,
          "Startup Cost": 474409.18,
          "Total Cost": 474409.79,
          "Plan Rows": 6,
          "Plan Width": 8,
          "Actual Startup Time": 3376.848,
          "Actual Total Time": 3433.705,
          "Actual Rows": 7,
          "Actual Loops": 1,
          "Workers Planned": 6,
          "Workers Launched": 6,
          "Single Copy": false,
          "Plans": [
            {
              "Node Type": "Aggregate",
              "Strategy": "Plain",
              "Partial Mode": "Partial",
              "Parent Relationship": "Outer",
              "Parallel Aware": false,
              "Startup Cost": 473409.18,
              "Total Cost": 473409.19,
              "Plan Rows": 1,
              "Plan Width": 8,
              "Actual Startup Time": 3361.813,
              "Actual Total Time": 3362.333,
              "Actual Rows": 1,
              "Actual Loops": 7,
              "Plans": [
                {
                  "Node Type": "Hash Join",
                  "Parent Relationship": "Outer",
                  "Parallel Aware": true,
                  "Join Type": "Inner",
                  "Startup Cost": 104035.82,
                  "Total Cost": 461847.98,
                  "Plan Rows": 4624480,
                  "Plan Width": 0,
                  "Actual Startup Time": 627.17,
                  "Actual Total Time": 2775.735,
                  "Actual Rows": 14284990,
                  "Actual Loops": 7,
                  "Inner Unique": false,
                  "Hash Cond": "(ci.movie_id = t.id)",
                  "Plans": [
                    {
                      "Node Type": "Seq Scan",
                      "Parent Relationship": "Outer",
                      "Parallel Aware": true,
                      "Relation Name": "cast_info",
                      "Alias": "ci",
                      "Startup Cost": 0.0,
                      "Total Cost": 328213.62,
                      "Plan Rows": 3914897,
                      "Plan Width": 4,
                      "Actual Startup Time": 184.352,
                      "Actual Total Time": 609.743,
                      "Actual Rows": 3367665,
                      "Actual Loops": 7,
                      "Filter": "(role_id > 1)",
                      "Rows Removed by Filter": 1810098
                    },
                    {
                      "Node Type": "Hash",
                      "Parent Relationship": "Inner",
                      "Parallel Aware": true,
                      "Startup Cost": 91993.14,
                      "Total Cost": 91993.14,
                      "Plan Rows": 963415,
                      "Plan Width": 8,
                      "Actual Startup Time": 437.393,
                      "Actual Total Time": 437.912,
                      "Actual Rows": 366560,
                      "Actual Loops": 7,
                      "Hash Buckets": 4194304,
                      "Original Hash Buckets": 4194304,
                      "Hash Batches": 1,
                      "Original Hash Batches": 1,
                      "Peak Memory Usage": 133248,
                      "Plans": [
                        {
                          "Node Type": "Hash Join",
                          "Parent Relationship": "Outer",
                          "Parallel Aware": true,
                          "Join Type": "Inner",
                          "Startup Cost": 49115.06,
                          "Total Cost": 91993.14,
                          "Plan Rows": 963415,
                          "Plan Width": 8,
                          "Actual Startup Time": 177.126,
                          "Actual Total Time": 333.2,
                          "Actual Rows": 366560,
                          "Actual Loops": 7,
                          "Inner Unique": true,
                          "Hash Cond": "(mk.movie_id = t.id)",
                          "Plans": [
                            {
                              "Node Type": "Seq Scan",
                              "Parent Relationship": "Outer",
                              "Parallel Aware": true,
                              "Relation Name": "movie_keyword",
                              "Alias": "mk",
                              "Startup Cost": 0.0,
                              "Total Cost": 39047.32,
                              "Plan Rows": 1459332,
                              "Plan Width": 4,
                              "Actual Startup Time": 0.015,
                              "Actual Total Time": 55.464,
                              "Actual Rows": 646276,
                              "Actual Loops": 7
                            },
                            {
                              "Node Type": "Hash",
                              "Parent Relationship": "Inner",
                              "Parallel Aware": true,
                              "Startup Cost": 43899.01,
                              "Total Cost": 43899.01,
                              "Plan Rows": 417284,
                              "Plan Width": 4,
                              "Actual Startup Time": 175.343,
                              "Actual Total Time": 175.344,
                              "Actual Rows": 239077,
                              "Actual Loops": 7,
                              "Hash Buckets": 2097152,
                              "Original Hash Buckets": 2097152,
                              "Hash Batches": 1,
                              "Original Hash Batches": 1,
                              "Peak Memory Usage": 81984,
                              "Plans": [
                                {
                                  "Node Type": "Seq Scan",
                                  "Parent Relationship": "Outer",
                                  "Parallel Aware": true,
                                  "Relation Name": "title",
                                  "Alias": "t",
                                  "Startup Cost": 0.0,
                                  "Total Cost": 43899.01,
                                  "Plan Rows": 417284,
                                  "Plan Width": 4,
                                  "Actual Startup Time": 0.039,
                                  "Actual Total Time": 73.216,
                                  "Actual Rows": 239077,
                                  "Actual Loops": 7,
                                  "Filter": "(production_year > 1993)",
                                  "Rows Removed by Filter": 122110
                                }
                              ]
                            }
                          ]
                        }
                      ]
                    }
                  ]
                }
              ]
            }
          ]
        }
      ]
    },
    "Planning Time": 0.632,
    "Triggers": [],
    "Execution Time": 3433.761
  }
]