[
  {
    "Plan": {
      "Node Type": "Aggregate",
      "Strategy": "Plain",
      "Partial Mode": "Finalize",
      "Parallel Aware": false,
      "Startup Cost": 115920.14,
      "Total Cost": 115920.15,
      "Plan Rows": 1,
      "Plan Width": 8,
      "Actual Startup Time": 391.826,
      "Actual Total Time": 419.355,
      "Actual Rows": 1,
      "Actual Loops": 1,
      "Plans": [
        {
          "Node Type": "Gather",
          "Parent Relationship": "Outer",
          "Parallel Aware": false,
          "Startup Cost": 115919.82,
          "Total Cost": 115920.13,
          "Plan Rows": 3,
          "Plan Width": 8,
          "Actual Startup Time": 391.816,
          "Actual Total Time": 419.348,
          "Actual Rows": 4,
          "Actual Loops": 1,
          "Workers Planned": 3,
          "Workers Launched": 3,
          "Single Copy": false,
          "Plans": [
            {
              "Node Type": "Aggregate",
              "Strategy": "Plain",
              "Partial Mode": "Partial",
              "Parent Relationship": "Outer",
              "Parallel Aware": false,
              "Startup Cost": 114919.82,
              "Total Cost": 114919.83,
              "Plan Rows": 1,
              "Plan Width": 8,
              "Actual Startup Time": 377.873,
              "Actual Total Time": 377.876,
              "Actual Rows": 1,
              "Actual Loops": 4,
              "Plans": [
                {
                  "Node Type": "Nested Loop",
                  "Parent Relationship": "Outer",
                  "Parallel Aware": false,
                  "Join Type": "Inner",
                  "Startup Cost": 45582.11,
                  "Total Cost": 114763.01,
                  "Plan Rows": 62725,
                  "Plan Width": 0,
                  "Actual Startup Time": 110.258,
                  "Actual Total Time": 372.112,
                  "Actual Rows": 101593,
                  "Actual Loops": 4,
                  "Inner Unique": false,
                  "Join Filter": "(t.id = mi.movie_id)",
                  "Rows Removed by Join Filter": 0,
                  "Plans": [
                    {
                      "Node Type": "Hash Join",
                      "Parent Relationship": "Outer",
                      "Parallel Aware": true,
                      "Join Type": "Inner",
                      "Startup Cost": 45581.67,
                      "Total Cost": 90645.35,
                      "Plan Rows": 11712,
                      "Plan Width": 8,
                      "Actual Startup Time": 110.187,
                      "Actual Total Time": 287.225,
                      "Actual Rows": 6234,
                      "Actual Loops": 4,
                      "Inner Unique": true,
                      "Hash Cond": "(mk.movie_id = t.id)",
                      "Plans": [
                        {
                          "Node Type": "Seq Scan",
                          "Parent Relationship": "Outer",
                          "Parallel Aware": true,
                          "Relation Name": "movie_keyword",
                          "Alias": "mk",
                          "Startup Cost": 0.0,
                          "Total Cost": 42695.65,
                          "Plan Rows": 902105,
                          "Plan Width": 4,
                          "Actual Startup Time": 0.219,
                          "Actual Total Time": 122.499,
                          "Actual Rows": 696318,
                          "Actual Loops": 4,
                          "Filter": "(keyword_id > 2837)",
                          "Rows Removed by Filter": 434665
                        },
                        {
                          "Node Type": "Hash",
                          "Parent Relationship": "Inner",
                          "Parallel Aware": true,
                          "Startup Cost": 45479.1,
                          "Total Cost": 45479.1,
                          "Plan Rows": 8206,
                          "Plan Width": 4,
                          "Actual Startup Time": 108.448,
                          "Actual Total Time": 108.449,
                          "Actual Rows": 9877,
                          "Actual Loops": 4,
                          "Hash Buckets": 65536,
                          "Original Hash Buckets": 65536,
                          "Hash Batches": 1,
                          "Original Hash Batches": 1,
                          "Peak Memory Usage": 2112,
                          "Plans": [
                            {
                              "Node Type": "Seq Scan",
                              "Parent Relationship": "Outer",
                              "Parallel Aware": true,
                              "Relation Name": "title",
                              "Alias": "t",
                              "Startup Cost": 0.0,
                              "Total Cost": 45479.1,
                              "Plan Rows": 8206,
                              "Plan Width": 4,
                              "Actual Startup Time": 0.055,
                              "Actual Total Time": 103.15,
                              "Actual Rows": 9877,
                              "Actual Loops": 4,
                              "Filter": "((kind_id > 1) AND (production_year = 1998))",
                              "Rows Removed by Filter": 622201
                            }
                          ]
                        }
                      ]
                    },
                    {
                      "Node Type": "Index Scan",
                      "Parent Relationship": "Inner",
                      "Parallel Aware": false,
                      "Scan Direction": "Forward",
                      "Index Name": "movie_id_movie_info",
                      "Relation Name": "movie_info",
                      "Alias": "mi",
                      "Startup Cost": 0.43,
                      "Total Cost": 1.58,
                      "Plan Rows": 38,
                      "Plan Width": 4,
                      "Actual Startup Time": 0.004,
                      "Actual Total Time": 0.012,
                      "Actual Rows": 16,
                      "Actual Loops": 24935,
                      "Index Cond": "(movie_id = mk.movie_id)",
                      "Rows Removed by Index Recheck": 0,
                      "Filter": "(info_type_id < 35)",
                      "Rows Removed by Filter": 1
                    }
                  ]
                }
              ]
            }
          ]
        }
      ]
    },
    "Planning Time": 1.383,
    "Triggers": [],
    "Execution Time": 419.448
  }
]