{
    "Plan": {
        "Node Type": "Aggregate",
        "Strategy": "Plain",
        "Partial Mode": "Finalize",
        "Parallel Aware": false,
        "Startup Cost": 486348.56,
        "Total Cost": 486348.57,
        "Plan Rows": 1,
        "Plan Width": 8,
        "Actual Startup Time": 4429.904,
        "Actual Total Time": 4485.255,
        "Actual Rows": 1,
        "Actual Loops": 1,
        "Output": [
            "count(*)"
        ],
        "Plans": [
            {
                "Node Type": "Gather",
                "Parent Relationship": "Outer",
                "Parallel Aware": false,
                "Startup Cost": 486347.93,
                "Total Cost": 486348.54,
                "Plan Rows": 6,
                "Plan Width": 8,
                "Actual Startup Time": 4386.117,
                "Actual Total Time": 4485.239,
                "Actual Rows": 7,
                "Actual Loops": 1,
                "Output": [
                    "(PARTIAL count(*))"
                ],
                "Workers Planned": 6,
                "Workers Launched": 6,
                "Single Copy": false,
                "Plans": [
                    {
                        "Node Type": "Aggregate",
                        "Strategy": "Plain",
                        "Partial Mode": "Partial",
                        "Parent Relationship": "Outer",
                        "Parallel Aware": false,
                        "Startup Cost": 485347.93,
                        "Total Cost": 485347.94,
                        "Plan Rows": 1,
                        "Plan Width": 8,
                        "Actual Startup Time": 4362.376,
                        "Actual Total Time": 4363.376,
                        "Actual Rows": 1,
                        "Actual Loops": 7,
                        "Output": [
                            "PARTIAL count(*)"
                        ],
                        "Workers": [
                            {
                                "Worker Number": 0,
                                "Actual Startup Time": 4357.886,
                                "Actual Total Time": 4357.892,
                                "Actual Rows": 1,
                                "Actual Loops": 1
                            },
                            {
                                "Worker Number": 1,
                                "Actual Startup Time": 4357.967,
                                "Actual Total Time": 4357.971,
                                "Actual Rows": 1,
                                "Actual Loops": 1
                            },
                            {
                                "Worker Number": 2,
                                "Actual Startup Time": 4358.013,
                                "Actual Total Time": 4358.017,
                                "Actual Rows": 1,
                                "Actual Loops": 1
                            },
                            {
                                "Worker Number": 3,
                                "Actual Startup Time": 4358.14,
                                "Actual Total Time": 4358.145,
                                "Actual Rows": 1,
                                "Actual Loops": 1
                            },
                            {
                                "Worker Number": 4,
                                "Actual Startup Time": 4358.1,
                                "Actual Total Time": 4358.105,
                                "Actual Rows": 1,
                                "Actual Loops": 1
                            },
                            {
                                "Worker Number": 5,
                                "Actual Startup Time": 4361.484,
                                "Actual Total Time": 4361.49,
                                "Actual Rows": 1,
                                "Actual Loops": 1
                            }
                        ],
                        "Plans": [
                            {
                                "Node Type": "Hash Join",
                                "Parent Relationship": "Outer",
                                "Parallel Aware": true,
                                "Join Type": "Inner",
                                "Startup Cost": 105751.4,
                                "Total Cost": 471579.26,
                                "Plan Rows": 5507470,
                                "Plan Width": 0,
                                "Actual Startup Time": 654.478,
                                "Actual Total Time": 3717.36,
                                "Actual Rows": 15875133,
                                "Actual Loops": 7,
                                "Inner Unique": false,
                                "Hash Cond": "(ci.movie_id = t.id)",
                                "Workers": [
                                    {
                                        "Worker Number": 0,
                                        "Actual Startup Time": 650.601,
                                        "Actual Total Time": 3683.238,
                                        "Actual Rows": 14269353,
                                        "Actual Loops": 1
                                    },
                                    {
                                        "Worker Number": 1,
                                        "Actual Startup Time": 650.556,
                                        "Actual Total Time": 3716.751,
                                        "Actual Rows": 16787048,
                                        "Actual Loops": 1
                                    },
                                    {
                                        "Worker Number": 2,
                                        "Actual Startup Time": 650.576,
                                        "Actual Total Time": 3710.203,
                                        "Actual Rows": 16953829,
                                        "Actual Loops": 1
                                    },
                                    {
                                        "Worker Number": 3,
                                        "Actual Startup Time": 650.697,
                                        "Actual Total Time": 3733.183,
                                        "Actual Rows": 16058139,
                                        "Actual Loops": 1
                                    },
                                    {
                                        "Worker Number": 4,
                                        "Actual Startup Time": 650.68,
                                        "Actual Total Time": 3729.896,
                                        "Actual Rows": 16148982,
                                        "Actual Loops": 1
                                    },
                                    {
                                        "Worker Number": 5,
                                        "Actual Startup Time": 650.673,
                                        "Actual Total Time": 3717.411,
                                        "Actual Rows": 14699086,
                                        "Actual Loops": 1
                                    }
                                ],
                                "Plans": [
                                    {
                                        "Node Type": "Seq Scan",
                                        "Parent Relationship": "Outer",
                                        "Parallel Aware": true,
                                        "Relation Name": "cast_info",
                                        "Schema": "public",
                                        "Alias": "ci",
                                        "Startup Cost": 0.0,
                                        "Total Cost": 328213.62,
                                        "Plan Rows": 5292860,
                                        "Plan Width": 4,
                                        "Actual Startup Time": 47.396,
                                        "Actual Total Time": 648.205,
                                        "Actual Rows": 4524545,
                                        "Actual Loops": 7,
                                        "Output": [
                                            "ci.id",
                                            "ci.person_id",
                                            "ci.movie_id",
                                            "ci.person_role_id",
                                            "ci.note",
                                            "ci.nr_order",
                                            "ci.role_id"
                                        ],
                                        "Filter": "(ci.person_id > 441517)",
                                        "Rows Removed by Filter": 653219,
                                        "Workers": [
                                            {
                                                "Worker Number": 0,
                                                "Actual Startup Time": 47.401,
                                                "Actual Total Time": 673.712,
                                                "Actual Rows": 3993199,
                                                "Actual Loops": 1
                                            },
                                            {
                                                "Worker Number": 1,
                                                "Actual Startup Time": 47.39,
                                                "Actual Total Time": 666.776,
                                                "Actual Rows": 4821424,
                                                "Actual Loops": 1
                                            },
                                            {
                                                "Worker Number": 2,
                                                "Actual Startup Time": 47.382,
                                                "Actual Total Time": 662.979,
                                                "Actual Rows": 4791565,
                                                "Actual Loops": 1
                                            },
                                            {
                                                "Worker Number": 3,
                                                "Actual Startup Time": 47.408,
                                                "Actual Total Time": 663.135,
                                                "Actual Rows": 4539953,
                                                "Actual Loops": 1
                                            },
                                            {
                                                "Worker Number": 4,
                                                "Actual Startup Time": 47.382,
                                                "Actual Total Time": 662.855,
                                                "Actual Rows": 4551619,
                                                "Actual Loops": 1
                                            },
                                            {
                                                "Worker Number": 5,
                                                "Actual Startup Time": 47.408,
                                                "Actual Total Time": 661.459,
                                                "Actual Rows": 4359583,
                                                "Actual Loops": 1
                                            }
                                        ]
                                    },
                                    {
                                        "Node Type": "Hash",
                                        "Parent Relationship": "Inner",
                                        "Parallel Aware": true,
                                        "Startup Cost": 95143.18,
                                        "Total Cost": 95143.18,
                                        "Plan Rows": 848657,
                                        "Plan Width": 8,
                                        "Actual Startup Time": 599.845,
                                        "Actual Total Time": 600.843,
                                        "Actual Rows": 377058,
                                        "Actual Loops": 7,
                                        "Output": [
                                            "t.id",
                                            "mk.movie_id"
                                        ],
                                        "Hash Buckets": 4194304,
                                        "Original Hash Buckets": 4194304,
                                        "Hash Batches": 1,
                                        "Original Hash Batches": 1,
                                        "Peak Memory Usage": 136160,
                                        "Workers": [
                                            {
                                                "Worker Number": 0,
                                                "Actual Startup Time": 602.5,
                                                "Actual Total Time": 602.504,
                                                "Actual Rows": 285197,
                                                "Actual Loops": 1
                                            },
                                            {
                                                "Worker Number": 1,
                                                "Actual Startup Time": 602.516,
                                                "Actual Total Time": 602.519,
                                                "Actual Rows": 391162,
                                                "Actual Loops": 1
                                            },
                                            {
                                                "Worker Number": 2,
                                                "Actual Startup Time": 602.526,
                                                "Actual Total Time": 602.529,
                                                "Actual Rows": 395138,
                                                "Actual Loops": 1
                                            },
                                            {
                                                "Worker Number": 3,
                                                "Actual Startup Time": 602.601,
                                                "Actual Total Time": 602.604,
                                                "Actual Rows": 371290,
                                                "Actual Loops": 1
                                            },
                                            {
                                                "Worker Number": 4,
                                                "Actual Startup Time": 602.632,
                                                "Actual Total Time": 602.636,
                                                "Actual Rows": 384268,
                                                "Actual Loops": 1
                                            },
                                            {
                                                "Worker Number": 5,
                                                "Actual Startup Time": 602.475,
                                                "Actual Total Time": 602.479,
                                                "Actual Rows": 373882,
                                                "Actual Loops": 1
                                            }
                                        ],
                                        "Plans": [
                                            {
                                                "Node Type": "Hash Join",
                                                "Parent Relationship": "Outer",
                                                "Parallel Aware": true,
                                                "Join Type": "Inner",
                                                "Startup Cost": 50219.81,
                                                "Total Cost": 95143.18,
                                                "Plan Rows": 848657,
                                                "Plan Width": 8,
                                                "Actual Startup Time": 258.309,
                                                "Actual Total Time": 435.332,
                                                "Actual Rows": 377058,
                                                "Actual Loops": 7,
                                                "Output": [
                                                    "t.id",
                                                    "mk.movie_id"
                                                ],
                                                "Inner Unique": true,
                                                "Hash Cond": "(mk.movie_id = t.id)",
                                                "Workers": [
                                                    {
                                                        "Worker Number": 0,
                                                        "Actual Startup Time": 258.343,
                                                        "Actual Total Time": 434.228,
                                                        "Actual Rows": 285197,
                                                        "Actual Loops": 1
                                                    },
                                                    {
                                                        "Worker Number": 1,
                                                        "Actual Startup Time": 258.287,
                                                        "Actual Total Time": 434.537,
                                                        "Actual Rows": 391162,
                                                        "Actual Loops": 1
                                                    },
                                                    {
                                                        "Worker Number": 2,
                                                        "Actual Startup Time": 258.299,
                                                        "Actual Total Time": 434.411,
                                                        "Actual Rows": 395138,
                                                        "Actual Loops": 1
                                                    },
                                                    {
                                                        "Worker Number": 3,
                                                        "Actual Startup Time": 258.271,
                                                        "Actual Total Time": 435.068,
                                                        "Actual Rows": 371290,
                                                        "Actual Loops": 1
                                                    },
                                                    {
                                                        "Worker Number": 4,
                                                        "Actual Startup Time": 258.272,
                                                        "Actual Total Time": 434.823,
                                                        "Actual Rows": 384268,
                                                        "Actual Loops": 1
                                                    },
                                                    {
                                                        "Worker Number": 5,
                                                        "Actual Startup Time": 258.275,
                                                        "Actual Total Time": 436.554,
                                                        "Actual Rows": 373882,
                                                        "Actual Loops": 1
                                                    }
                                                ],
                                                "Plans": [
                                                    {
                                                        "Node Type": "Seq Scan",
                                                        "Parent Relationship": "Outer",
                                                        "Parallel Aware": true,
                                                        "Relation Name": "movie_keyword",
                                                        "Schema": "public",
                                                        "Alias": "mk",
                                                        "Startup Cost": 0.0,
                                                        "Total Cost": 42695.65,
                                                        "Plan Rows": 848657,
                                                        "Plan Width": 4,
                                                        "Actual Startup Time": 0.122,
                                                        "Actual Total Time": 89.533,
                                                        "Actual Rows": 377058,
                                                        "Actual Loops": 7,
                                                        "Output": [
                                                            "mk.id",
                                                            "mk.movie_id",
                                                            "mk.keyword_id"
                                                        ],
                                                        "Filter": "(mk.keyword_id > 3219)",
                                                        "Rows Removed by Filter": 269218,
                                                        "Workers": [
                                                            {
                                                                "Worker Number": 0,
                                                                "Actual Startup Time": 0.033,
                                                                "Actual Total Time": 91.063,
                                                                "Actual Rows": 285197,
                                                                "Actual Loops": 1
                                                            },
                                                            {
                                                                "Worker Number": 1,
                                                                "Actual Startup Time": 0.169,
                                                                "Actual Total Time": 91.517,
                                                                "Actual Rows": 391162,
                                                                "Actual Loops": 1
                                                            },
                                                            {
                                                                "Worker Number": 2,
                                                                "Actual Startup Time": 0.039,
                                                                "Actual Total Time": 91.528,
                                                                "Actual Rows": 395138,
                                                                "Actual Loops": 1
                                                            },
                                                            {
                                                                "Worker Number": 3,
                                                                "Actual Startup Time": 0.169,
                                                                "Actual Total Time": 91.554,
                                                                "Actual Rows": 371290,
                                                                "Actual Loops": 1
                                                            },
                                                            {
                                                                "Worker Number": 4,
                                                                "Actual Startup Time": 0.186,
                                                                "Actual Total Time": 91.827,
                                                                "Actual Rows": 384268,
                                                                "Actual Loops": 1
                                                            },
                                                            {
                                                                "Worker Number": 5,
                                                                "Actual Startup Time": 0.191,
                                                                "Actual Total Time": 91.572,
                                                                "Actual Rows": 373882,
                                                                "Actual Loops": 1
                                                            }
                                                        ]
                                                    },
                                                    {
                                                        "Node Type": "Hash",
                                                        "Parent Relationship": "Inner",
                                                        "Parallel Aware": true,
                                                        "Startup Cost": 42318.81,
                                                        "Total Cost": 42318.81,
                                                        "Plan Rows": 632080,
                                                        "Plan Width": 4,
                                                        "Actual Startup Time": 254.564,
                                                        "Actual Total Time": 254.565,
                                                        "Actual Rows": 361187,
                                                        "Actual Loops": 7,
                                                        "Output": [
                                                            "t.id"
                                                        ],
                                                        "Hash Buckets": 4194304,
                                                        "Original Hash Buckets": 4194304,
                                                        "Hash Batches": 1,
                                                        "Original Hash Batches": 1,
                                                        "Peak Memory Usage": 131776,
                                                        "Workers": [
                                                            {
                                                                "Worker Number": 0,
                                                                "Actual Startup Time": 258.032,
                                                                "Actual Total Time": 258.033,
                                                                "Actual Rows": 274219,
                                                                "Actual Loops": 1
                                                            },
                                                            {
                                                                "Worker Number": 1,
                                                                "Actual Startup Time": 258.026,
                                                                "Actual Total Time": 258.026,
                                                                "Actual Rows": 365467,
                                                                "Actual Loops": 1
                                                            },
                                                            {
                                                                "Worker Number": 2,
                                                                "Actual Startup Time": 257.993,
                                                                "Actual Total Time": 257.994,
                                                                "Actual Rows": 367010,
                                                                "Actual Loops": 1
                                                            },
                                                            {
                                                                "Worker Number": 3,
                                                                "Actual Startup Time": 257.983,
                                                                "Actual Total Time": 257.984,
                                                                "Actual Rows": 346665,
                                                                "Actual Loops": 1
                                                            },
                                                            {
                                                                "Worker Number": 4,
                                                                "Actual Startup Time": 258.017,
                                                                "Actual Total Time": 258.019,
                                                                "Actual Rows": 357444,
                                                                "Actual Loops": 1
                                                            },
                                                            {
                                                                "Worker Number": 5,
                                                                "Actual Startup Time": 257.986,
                                                                "Actual Total Time": 257.988,
                                                                "Actual Rows": 350334,
                                                                "Actual Loops": 1
                                                            }
                                                        ],
                                                        "Plans": [
                                                            {
                                                                "Node Type": "Seq Scan",
                                                                "Parent Relationship": "Outer",
                                                                "Parallel Aware": true,
                                                                "Relation Name": "title",
                                                                "Schema": "public",
                                                                "Alias": "t",
                                                                "Startup Cost": 0.0,
                                                                "Total Cost": 42318.81,
                                                                "Plan Rows": 632080,
                                                                "Plan Width": 4,
                                                                "Actual Startup Time": 0.063,
                                                                "Actual Total Time": 72.342,
                                                                "Actual Rows": 361187,
                                                                "Actual Loops": 7,
                                                                "Output": [
                                                                    "t.id"
                                                                ],
                                                                "Workers": [
                                                                    {
                                                                        "Worker Number": 0,
                                                                        "Actual Startup Time": 0.063,
                                                                        "Actual Total Time": 77.176,
                                                                        "Actual Rows": 274219,
                                                                        "Actual Loops": 1
                                                                    },
                                                                    {
                                                                        "Worker Number": 1,
                                                                        "Actual Startup Time": 0.072,
                                                                        "Actual Total Time": 73.388,
                                                                        "Actual Rows": 365467,
                                                                        "Actual Loops": 1
                                                                    },
                                                                    {
                                                                        "Worker Number": 2,
                                                                        "Actual Startup Time": 0.076,
                                                                        "Actual Total Time": 73.305,
                                                                        "Actual Rows": 367010,
                                                                        "Actual Loops": 1
                                                                    },
                                                                    {
                                                                        "Worker Number": 3,
                                                                        "Actual Startup Time": 0.08,
                                                                        "Actual Total Time": 73.949,
                                                                        "Actual Rows": 346665,
                                                                        "Actual Loops": 1
                                                                    },
                                                                    {
                                                                        "Worker Number": 4,
                                                                        "Actual Startup Time": 0.063,
                                                                        "Actual Total Time": 74.273,
                                                                        "Actual Rows": 357444,
                                                                        "Actual Loops": 1
                                                                    },
                                                                    {
                                                                        "Worker Number": 5,
                                                                        "Actual Startup Time": 0.066,
                                                                        "Actual Total Time": 74.479,
                                                                        "Actual Rows": 350334,
                                                                        "Actual Loops": 1
                                                                    }
                                                                ]
                                                            }
                                                        ]
                                                    }
                                                ]
                                            }
                                        ]
                                    }
                                ]
                            }
                        ]
                    }
                ]
            }
        ]
    },
    "Planning Time": 1.543,
    "Triggers": [],
    "Execution Time": 4485.354
}