[
  {
    "Plan": {
      "Node Type": "Aggregate",
      "Strategy": "Plain",
      "Partial Mode": "Finalize",
      "Parallel Aware": false,
      "Startup Cost": 32695.86,
      "Total Cost": 32695.87,
      "Plan Rows": 1,
      "Plan Width": 8,
      "Actual Startup Time": 137.473,
      "Actual Total Time": 152.54,
      "Actual Rows": 1,
      "Actual Loops": 1,
      "Plans": [
        {
          "Node Type": "Gather",
          "Parent Relationship": "Outer",
          "Parallel Aware": false,
          "Startup Cost": 32695.54,
          "Total Cost": 32695.85,
          "Plan Rows": 3,
          "Plan Width": 8,
          "Actual Startup Time": 137.291,
          "Actual Total Time": 152.529,
          "Actual Rows": 4,
          "Actual Loops": 1,
          "Workers Planned": 3,
          "Workers Launched": 3,
          "Single Copy": false,
          "Plans": [
            {
              "Node Type": "Aggregate",
              "Strategy": "Plain",
              "Partial Mode": "Partial",
              "Parent Relationship": "Outer",
              "Parallel Aware": false,
              "Startup Cost": 31695.54,
              "Total Cost": 31695.55,
              "Plan Rows": 1,
              "Plan Width": 8,
              "Actual Startup Time": 127.456,
              "Actual Total Time": 127.458,
              "Actual Rows": 1,
              "Actual Loops": 4,
              "Plans": [
                {
                  "Node Type": "Seq Scan",
                  "Parent Relationship": "Outer",
                  "Parallel Aware": true,
                  "Relation Name": "movie_companies",
                  "Alias": "mc",
                  "Startup Cost": 0.0,
                  "Total Cost": 31414.82,
                  "Plan Rows": 112288,
                  "Plan Width": 0,
                  "Actual Startup Time": 61.5,
                  "Actual Total Time": 116.582,
                  "Actual Rows": 162167,
                  "Actual Loops": 4,
                  "Filter": "((company_id > 49412) AND (company_type_id > 1))",
                  "Rows Removed by Filter": 490115
                }
              ]
            }
          ]
        }
      ]
    },
    "Planning Time": 0.247,
    "Triggers": [],
    "Execution Time": 152.612
  }
]