{
  "Plan": {
    "Node Type": "Aggregate",
    "Strategy": "Plain",
    "Partial Mode": "Finalize",
    "Parallel Aware": false,
    "Startup Cost": 327784.71,
    "Total Cost": 327784.72,
    "Plan Rows": 1,
    "Plan Width": 8,
    "Actual Startup Time": 1642.948,
    "Actual Total Time": 1685.48,
    "Actual Rows": 1,
    "Actual Loops": 1,
    "Plans": [
      {
        "Node Type": "Gather",
        "Parent Relationship": "Outer",
        "Parallel Aware": false,
        "Startup Cost": 327784.6,
        "Total Cost": 327784.71,
        "Plan Rows": 1,
        "Plan Width": 8,
        "Actual Startup Time": 1642.786,
        "Actual Total Time": 1685.472,
        "Actual Rows": 2,
        "Actual Loops": 1,
        "Workers Planned": 1,
        "Workers Launched": 1,
        "Single Copy": false,
        "Plans": [
          {
            "Node Type": "Aggregate",
            "Strategy": "Plain",
            "Partial Mode": "Partial",
            "Parent Relationship": "Outer",
            "Parallel Aware": false,
            "Startup Cost": 326784.6,
            "Total Cost": 326784.61,
            "Plan Rows": 1,
            "Plan Width": 8,
            "Actual Startup Time": 1637.633,
            "Actual Total Time": 1637.636,
            "Actual Rows": 1,
            "Actual Loops": 2,
            "Plans": [
              {
                "Node Type": "Hash Join",
                "Parent Relationship": "Outer",
                "Parallel Aware": true,
                "Join Type": "Inner",
                "Startup Cost": 54778.63,
                "Total Cost": 326562.12,
                "Plan Rows": 88992,
                "Plan Width": 0,
                "Actual Startup Time": 136.977,
                "Actual Total Time": 1632.547,
                "Actual Rows": 82514,
                "Actual Loops": 2,
                "Inner Unique": true,
                "Hash Cond": "(mi.movie_id = t.id)",
                "Plans": [
                  {
                    "Node Type": "Seq Scan",
                    "Parent Relationship": "Outer",
                    "Parallel Aware": true,
                    "Relation Name": "movie_info",
                    "Alias": "mi",
                    "Startup Cost": 0.0,
                    "Total Cost": 248955.74,
                    "Plan Rows": 8696274,
                    "Plan Width": 4,
                    "Actual Startup Time": 0.01,
                    "Actual Total Time": 709.136,
                    "Actual Rows": 7417860,
                    "Actual Loops": 2
                  },
                  {
                    "Node Type": "Hash",
                    "Parent Relationship": "Inner",
                    "Parallel Aware": true,
                    "Startup Cost": 54588.39,
                    "Total Cost": 54588.39,
                    "Plan Rows": 15219,
                    "Plan Width": 4,
                    "Actual Startup Time": 136.259,
                    "Actual Total Time": 136.26,
                    "Actual Rows": 13388,
                    "Actual Loops": 2,
                    "Hash Buckets": 32768,
                    "Original Hash Buckets": 32768,
                    "Hash Batches": 1,
                    "Original Hash Batches": 1,
                    "Peak Memory Usage": 1312,
                    "Plans": [
                      {
                        "Node Type": "Seq Scan",
                        "Parent Relationship": "Outer",
                        "Parallel Aware": true,
                        "Relation Name": "title",
                        "Alias": "t",
                        "Startup Cost": 0.0,
                        "Total Cost": 54588.39,
                        "Plan Rows": 15219,
                        "Plan Width": 4,
                        "Actual Startup Time": 0.077,
                        "Actual Total Time": 131.643,
                        "Actual Rows": 13388,
                        "Actual Loops": 2,
                        "Filter": "(production_year = 1993)",
                        "Rows Removed by Filter": 1250768
                      }
                    ]
                  }
                ]
              }
            ]
          }
        ]
      }
    ]
  },
  "Planning Time": 0.173,
  "Triggers": [],
  "Execution Time": 1685.53
}