[
  {
    "Plan": {
      "Node Type": "Aggregate",
      "Strategy": "Plain",
      "Partial Mode": "Finalize",
      "Parallel Aware": false,
      "Startup Cost": 60716.9,
      "Total Cost": 60716.91,
      "Plan Rows": 1,
      "Plan Width": 8,
      "Actual Startup Time": 219.501,
      "Actual Total Time": 232.897,
      "Actual Rows": 1,
      "Actual Loops": 1,
      "Plans": [
        {
          "Node Type": "Gather",
          "Parent Relationship": "Outer",
          "Parallel Aware": false,
          "Startup Cost": 60716.69,
          "Total Cost": 60716.9,
          "Plan Rows": 2,
          "Plan Width": 8,
          "Actual Startup Time": 218.745,
          "Actual Total Time": 232.89,
          "Actual Rows": 3,
          "Actual Loops": 1,
          "Workers Planned": 2,
          "Workers Launched": 2,
          "Single Copy": false,
          "Plans": [
            {
              "Node Type": "Aggregate",
              "Strategy": "Plain",
              "Partial Mode": "Partial",
              "Parent Relationship": "Outer",
              "Parallel Aware": false,
              "Startup Cost": 59716.69,
              "Total Cost": 59716.7,
              "Plan Rows": 1,
              "Plan Width": 8,
              "Actual Startup Time": 211.122,
              "Actual Total Time": 211.125,
              "Actual Rows": 1,
              "Actual Loops": 3,
              "Plans": [
                {
                  "Node Type": "Hash Join",
                  "Parent Relationship": "Outer",
                  "Parallel Aware": true,
                  "Join Type": "Inner",
                  "Startup Cost": 44426.19,
                  "Total Cost": 59620.75,
                  "Plan Rows": 38374,
                  "Plan Width": 0,
                  "Actual Startup Time": 128.558,
                  "Actual Total Time": 209.854,
                  "Actual Rows": 30168,
                  "Actual Loops": 3,
                  "Inner Unique": true,
                  "Hash Cond": "(mi_idx.movie_id = t.id)",
                  "Plans": [
                    {
                      "Node Type": "Seq Scan",
                      "Parent Relationship": "Outer",
                      "Parallel Aware": true,
                      "Relation Name": "movie_info_idx",
                      "Alias": "mi_idx",
                      "Startup Cost": 0.0,
                      "Total Cost": 13685.15,
                      "Plan Rows": 575015,
                      "Plan Width": 4,
                      "Actual Startup Time": 0.02,
                      "Actual Total Time": 34.693,
                      "Actual Rows": 460012,
                      "Actual Loops": 3
                    },
                    {
                      "Node Type": "Hash",
                      "Parent Relationship": "Inner",
                      "Parallel Aware": true,
                      "Startup Cost": 43898.92,
                      "Total Cost": 43898.92,
                      "Plan Rows": 42182,
                      "Plan Width": 4,
                      "Actual Startup Time": 124.943,
                      "Actual Total Time": 124.944,
                      "Actual Rows": 58203,
                      "Actual Loops": 3,
                      "Hash Buckets": 262144,
                      "Original Hash Buckets": 262144,
                      "Hash Batches": 1,
                      "Original Hash Batches": 1,
                      "Peak Memory Usage": 8928,
                      "Plans": [
                        {
                          "Node Type": "Seq Scan",
                          "Parent Relationship": "Outer",
                          "Parallel Aware": true,
                          "Relation Name": "title",
                          "Alias": "t",
                          "Startup Cost": 0.0,
                          "Total Cost": 43898.92,
                          "Plan Rows": 42182,
                          "Plan Width": 4,
                          "Actual Startup Time": 0.253,
                          "Actual Total Time": 107.959,
                          "Actual Rows": 58203,
                          "Actual Loops": 3,
                          "Filter": "(production_year < 1952)",
                          "Rows Removed by Filter": 784567
                        }
                      ]
                    }
                  ]
                }
              ]
            }
          ]
        }
      ]
    },
    "Planning Time": 0.569,
    "Triggers": [],
    "Execution Time": 232.973
  }
]