{
  "Plan": {
    "Node Type": "Aggregate",
    "Strategy": "Plain",
    "Partial Mode": "Finalize",
    "Parallel Aware": false,
    "Startup Cost": 1351367.87,
    "Total Cost": 1351367.88,
    "Plan Rows": 1,
    "Plan Width": 8,
    "Actual Startup Time": 5941.07,
    "Actual Total Time": 5955.921,
    "Actual Rows": 1,
    "Actual Loops": 1,
    "Plans": [
      {
        "Node Type": "Gather",
        "Parent Relationship": "Outer",
        "Parallel Aware": false,
        "Startup Cost": 1351367.76,
        "Total Cost": 1351367.87,
        "Plan Rows": 1,
        "Plan Width": 8,
        "Actual Startup Time": 5941.059,
        "Actual Total Time": 5955.915,
        "Actual Rows": 2,
        "Actual Loops": 1,
        "Workers Planned": 1,
        "Workers Launched": 1,
        "Single Copy": false,
        "Plans": [
          {
            "Node Type": "Aggregate",
            "Strategy": "Plain",
            "Partial Mode": "Partial",
            "Parent Relationship": "Outer",
            "Parallel Aware": false,
            "Startup Cost": 1350367.76,
            "Total Cost": 1350367.77,
            "Plan Rows": 1,
            "Plan Width": 8,
            "Actual Startup Time": 5867.965,
            "Actual Total Time": 5867.972,
            "Actual Rows": 1,
            "Actual Loops": 2,
            "Plans": [
              {
                "Node Type": "Merge Join",
                "Parent Relationship": "Outer",
                "Parallel Aware": false,
                "Join Type": "Inner",
                "Startup Cost": 1300836.04,
                "Total Cost": 1345083.21,
                "Plan Rows": 2113820,
                "Plan Width": 0,
                "Actual Startup Time": 4809.872,
                "Actual Total Time": 5767.984,
                "Actual Rows": 2532310,
                "Actual Loops": 2,
                "Inner Unique": false,
                "Merge Cond": "(t.id = mi.movie_id)",
                "Plans": [
                  {
                    "Node Type": "Sort",
                    "Parent Relationship": "Outer",
                    "Parallel Aware": false,
                    "Startup Cost": 823082.82,
                    "Total Cost": 828851.5,
                    "Plan Rows": 2307474,
                    "Plan Width": 8,
                    "Actual Startup Time": 3979.498,
                    "Actual Total Time": 4230.503,
                    "Actual Rows": 2832174,
                    "Actual Loops": 2,
                    "Sort Key": [
                      "t.id"
                    ],
                    "Sort Method": "quicksort",
                    "Sort Space Used": 241293,
                    "Sort Space Type": "Memory",
                    "Workers": [
                      {
                        "Worker Number": 0,
                        "Sort Method": "quicksort",
                        "Sort Space Used": 220832,
                        "Sort Space Type": "Memory"
                      }
                    ],
                    "Plans": [
                      {
                        "Node Type": "Hash Join",
                        "Parent Relationship": "Outer",
                        "Parallel Aware": true,
                        "Join Type": "Inner",
                        "Startup Cost": 246743.02,
                        "Total Cost": 579207.24,
                        "Plan Rows": 2307474,
                        "Plan Width": 8,
                        "Actual Startup Time": 1001.828,
                        "Actual Total Time": 3261.705,
                        "Actual Rows": 2832174,
                        "Actual Loops": 2,
                        "Inner Unique": true,
                        "Hash Cond": "(ci.movie_id = t.id)",
                        "Plans": [
                          {
                            "Node Type": "Bitmap Heap Scan",
                            "Parent Relationship": "Outer",
                            "Parallel Aware": true,
                            "Relation Name": "cast_info",
                            "Alias": "ci",
                            "Startup Cost": 178441.12,
                            "Total Cost": 502694.14,
                            "Plan Rows": 3128071,
                            "Plan Width": 4,
                            "Actual Startup Time": 516.818,
                            "Actual Total Time": 1166.492,
                            "Actual Rows": 4015882,
                            "Actual Loops": 2,
                            "Recheck Cond": "(person_id > 2877236)",
                            "Rows Removed by Index Recheck": 0,
                            "Filter": "(role_id > 1)",
                            "Rows Removed by Filter": 0,
                            "Exact Heap Blocks": 52294,
                            "Lossy Heap Blocks": 0,
                            "Plans": [
                              {
                                "Node Type": "Bitmap Index Scan",
                                "Parent Relationship": "Outer",
                                "Parallel Aware": false,
                                "Index Name": "person_id_cast_info",
                                "Startup Cost": 0.0,
                                "Total Cost": 177111.68,
                                "Plan Rows": 8110816,
                                "Plan Width": 0,
                                "Actual Startup Time": 490.934,
                                "Actual Total Time": 490.935,
                                "Actual Rows": 8031765,
                                "Actual Loops": 1,
                                "Index Cond": "(person_id > 2877236)"
                              }
                            ]
                          },
                          {
                            "Node Type": "Hash",
                            "Parent Relationship": "Inner",
                            "Parallel Aware": true,
                            "Startup Cost": 54588.39,
                            "Total Cost": 54588.39,
                            "Plan Rows": 1097081,
                            "Plan Width": 4,
                            "Actual Startup Time": 470.962,
                            "Actual Total Time": 470.963,
                            "Actual Rows": 932744,
                            "Actual Loops": 2,
                            "Hash Buckets": 2097152,
                            "Original Hash Buckets": 2097152,
                            "Hash Batches": 1,
                            "Original Hash Batches": 1,
                            "Peak Memory Usage": 89408,
                            "Plans": [
                              {
                                "Node Type": "Seq Scan",
                                "Parent Relationship": "Outer",
                                "Parallel Aware": true,
                                "Relation Name": "title",
                                "Alias": "t",
                                "Startup Cost": 0.0,
                                "Total Cost": 54588.39,
                                "Plan Rows": 1097081,
                                "Plan Width": 4,
                                "Actual Startup Time": 0.028,
                                "Actual Total Time": 194.874,
                                "Actual Rows": 932744,
                                "Actual Loops": 2,
                                "Filter": "(kind_id > 1)",
                                "Rows Removed by Filter": 331412
                              }
                            ]
                          }
                        ]
                      }
                    ]
                  },
                  {
                    "Node Type": "Sort",
                    "Parent Relationship": "Inner",
                    "Parallel Aware": false,
                    "Startup Cost": 477752.99,
                    "Total Cost": 483543.25,
                    "Plan Rows": 2316107,
                    "Plan Width": 4,
                    "Actual Startup Time": 830.362,
                    "Actual Total Time": 1021.072,
                    "Actual Rows": 4264620,
                    "Actual Loops": 2,
                    "Sort Key": [
                      "mi.movie_id"
                    ],
                    "Sort Method": "quicksort",
                    "Sort Space Used": 203016,
                    "Sort Space Type": "Memory",
                    "Workers": [
                      {
                        "Worker Number": 0,
                        "Sort Method": "quicksort",
                        "Sort Space Used": 203016,
                        "Sort Space Type": "Memory"
                      }
                    ],
                    "Plans": [
                      {
                        "Node Type": "Bitmap Heap Scan",
                        "Parent Relationship": "Outer",
                        "Parallel Aware": false,
                        "Relation Name": "movie_info",
                        "Alias": "mi",
                        "Startup Cost": 41958.26,
                        "Total Cost": 232902.6,
                        "Plan Rows": 2316107,
                        "Plan Width": 4,
                        "Actual Startup Time": 77.667,
                        "Actual Total Time": 373.846,
                        "Actual Rows": 2233850,
                        "Actual Loops": 2,
                        "Recheck Cond": "(info_type_id > 16)",
                        "Rows Removed by Index Recheck": 0,
                        "Exact Heap Blocks": 51002,
                        "Lossy Heap Blocks": 0,
                        "Plans": [
                          {
                            "Node Type": "Bitmap Index Scan",
                            "Parent Relationship": "Outer",
                            "Parallel Aware": false,
                            "Index Name": "info_type_id_movie_info",
                            "Startup Cost": 0.0,
                            "Total Cost": 41379.24,
                            "Plan Rows": 2316107,
                            "Plan Width": 0,
                            "Actual Startup Time": 70.869,
                            "Actual Total Time": 70.87,
                            "Actual Rows": 2233850,
                            "Actual Loops": 2,
                            "Index Cond": "(info_type_id > 16)"
                          }
                        ]
                      }
                    ]
                  }
                ]
              }
            ]
          }
        ]
      }
    ]
  },
  "Planning Time": 1.092,
  "Triggers": [],
  "Execution Time": 5970.536
}