{
  "Plan": {
    "Node Type": "Aggregate",
    "Strategy": "Plain",
    "Partial Mode": "Finalize",
    "Parallel Aware": false,
    "Startup Cost": 97694.9,
    "Total Cost": 97694.91,
    "Plan Rows": 1,
    "Plan Width": 8,
    "Actual Startup Time": 451.304,
    "Actual Total Time": 469.879,
    "Actual Rows": 1,
    "Actual Loops": 1,
    "Plans": [
      {
        "Node Type": "Gather",
        "Parent Relationship": "Outer",
        "Parallel Aware": false,
        "Startup Cost": 97694.79,
        "Total Cost": 97694.9,
        "Plan Rows": 1,
        "Plan Width": 8,
        "Actual Startup Time": 450.828,
        "Actual Total Time": 469.872,
        "Actual Rows": 2,
        "Actual Loops": 1,
        "Workers Planned": 1,
        "Workers Launched": 1,
        "Single Copy": false,
        "Plans": [
          {
            "Node Type": "Aggregate",
            "Strategy": "Plain",
            "Partial Mode": "Partial",
            "Parent Relationship": "Outer",
            "Parallel Aware": false,
            "Startup Cost": 96694.79,
            "Total Cost": 96694.8,
            "Plan Rows": 1,
            "Plan Width": 8,
            "Actual Startup Time": 445.16,
            "Actual Total Time": 445.164,
            "Actual Rows": 1,
            "Actual Loops": 2,
            "Plans": [
              {
                "Node Type": "Hash Join",
                "Parent Relationship": "Outer",
                "Parallel Aware": true,
                "Join Type": "Inner",
                "Startup Cost": 58490.23,
                "Total Cost": 96656.86,
                "Plan Rows": 15171,
                "Plan Width": 0,
                "Actual Startup Time": 214.152,
                "Actual Total Time": 441.795,
                "Actual Rows": 65606,
                "Actual Loops": 2,
                "Inner Unique": true,
                "Hash Cond": "(mc.movie_id = t.id)",
                "Plans": [
                  {
                    "Node Type": "Seq Scan",
                    "Parent Relationship": "Outer",
                    "Parallel Aware": true,
                    "Relation Name": "movie_companies",
                    "Alias": "mc",
                    "Startup Cost": 0.0,
                    "Total Cost": 34137.82,
                    "Plan Rows": 1534782,
                    "Plan Width": 4,
                    "Actual Startup Time": 0.014,
                    "Actual Total Time": 119.172,
                    "Actual Rows": 1304564,
                    "Actual Loops": 2
                  },
                  {
                    "Node Type": "Hash",
                    "Parent Relationship": "Inner",
                    "Parallel Aware": true,
                    "Startup Cost": 58306.47,
                    "Total Cost": 58306.47,
                    "Plan Rows": 14701,
                    "Plan Width": 4,
                    "Actual Startup Time": 168.957,
                    "Actual Total Time": 168.957,
                    "Actual Rows": 33758,
                    "Actual Loops": 2,
                    "Hash Buckets": 131072,
                    "Original Hash Buckets": 32768,
                    "Hash Batches": 1,
                    "Original Hash Batches": 1,
                    "Peak Memory Usage": 4480,
                    "Plans": [
                      {
                        "Node Type": "Seq Scan",
                        "Parent Relationship": "Outer",
                        "Parallel Aware": true,
                        "Relation Name": "title",
                        "Alias": "t",
                        "Startup Cost": 0.0,
                        "Total Cost": 58306.47,
                        "Plan Rows": 14701,
                        "Plan Width": 4,
                        "Actual Startup Time": 95.253,
                        "Actual Total Time": 156.472,
                        "Actual Rows": 33758,
                        "Actual Loops": 2,
                        "Filter": "((kind_id < 7) AND (production_year < 1916))",
                        "Rows Removed by Filter": 1230398
                      }
                    ]
                  }
                ]
              }
            ]
          }
        ]
      }
    ]
  },
  "Planning Time": 0.448,
  "Triggers": [],
  "Execution Time": 469.954
}