[
    {
        "Bao": {
            "Bao prediction": "NaN",
            "Bao recommended hint": "(no hint)"
        }
    },
    {
        "Plan": {
            "Node Type": "Aggregate",
            "Strategy": "Plain",
            "Partial Mode": "Finalize",
            "Parallel Aware": false,
            "Startup Cost": 318064.11,
            "Total Cost": 318064.12,
            "Plan Rows": 1,
            "Plan Width": 8,
            "Actual Startup Time": 225.784,
            "Actual Total Time": 233.622,
            "Actual Rows": 1,
            "Actual Loops": 1,
            "Output": [
                "count(*)"
            ],
            "Plans": [
                {
                    "Node Type": "Gather",
                    "Parent Relationship": "Outer",
                    "Parallel Aware": false,
                    "Startup Cost": 318063.48,
                    "Total Cost": 318064.09,
                    "Plan Rows": 6,
                    "Plan Width": 8,
                    "Actual Startup Time": 222.15,
                    "Actual Total Time": 233.616,
                    "Actual Rows": 7,
                    "Actual Loops": 1,
                    "Output": [
                        "(PARTIAL count(*))"
                    ],
                    "Workers Planned": 6,
                    "Workers Launched": 6,
                    "Single Copy": false,
                    "Plans": [
                        {
                            "Node Type": "Aggregate",
                            "Strategy": "Plain",
                            "Partial Mode": "Partial",
                            "Parent Relationship": "Outer",
                            "Parallel Aware": false,
                            "Startup Cost": 317063.48,
                            "Total Cost": 317063.49,
                            "Plan Rows": 1,
                            "Plan Width": 8,
                            "Actual Startup Time": 211.35,
                            "Actual Total Time": 211.353,
                            "Actual Rows": 1,
                            "Actual Loops": 7,
                            "Output": [
                                "PARTIAL count(*)"
                            ],
                            "Workers": [
                                {
                                    "Worker Number": 0,
                                    "Actual Startup Time": 208.828,
                                    "Actual Total Time": 208.83,
                                    "Actual Rows": 1,
                                    "Actual Loops": 1
                                },
                                {
                                    "Worker Number": 1,
                                    "Actual Startup Time": 209.437,
                                    "Actual Total Time": 209.441,
                                    "Actual Rows": 1,
                                    "Actual Loops": 1
                                },
                                {
                                    "Worker Number": 2,
                                    "Actual Startup Time": 209.751,
                                    "Actual Total Time": 209.753,
                                    "Actual Rows": 1,
                                    "Actual Loops": 1
                                },
                                {
                                    "Worker Number": 3,
                                    "Actual Startup Time": 209.793,
                                    "Actual Total Time": 209.796,
                                    "Actual Rows": 1,
                                    "Actual Loops": 1
                                },
                                {
                                    "Worker Number": 4,
                                    "Actual Startup Time": 209.893,
                                    "Actual Total Time": 209.896,
                                    "Actual Rows": 1,
                                    "Actual Loops": 1
                                },
                                {
                                    "Worker Number": 5,
                                    "Actual Startup Time": 210.049,
                                    "Actual Total Time": 210.051,
                                    "Actual Rows": 1,
                                    "Actual Loops": 1
                                }
                            ],
                            "Plans": [
                                {
                                    "Node Type": "Hash Join",
                                    "Parent Relationship": "Outer",
                                    "Parallel Aware": true,
                                    "Join Type": "Inner",
                                    "Startup Cost": 62599.37,
                                    "Total Cost": 316983.46,
                                    "Plan Rows": 32011,
                                    "Plan Width": 0,
                                    "Actual Startup Time": 152.694,
                                    "Actual Total Time": 209.099,
                                    "Actual Rows": 32343,
                                    "Actual Loops": 7,
                                    "Inner Unique": true,
                                    "Hash Cond": "(ci.movie_id = t.id)",
                                    "Workers": [
                                        {
                                            "Worker Number": 0,
                                            "Actual Startup Time": 150.36,
                                            "Actual Total Time": 206.609,
                                            "Actual Rows": 24200,
                                            "Actual Loops": 1
                                        },
                                        {
                                            "Worker Number": 1,
                                            "Actual Startup Time": 150.741,
                                            "Actual Total Time": 207.034,
                                            "Actual Rows": 26812,
                                            "Actual Loops": 1
                                        },
                                        {
                                            "Worker Number": 2,
                                            "Actual Startup Time": 151.213,
                                            "Actual Total Time": 207.378,
                                            "Actual Rows": 32998,
                                            "Actual Loops": 1
                                        },
                                        {
                                            "Worker Number": 3,
                                            "Actual Startup Time": 150.875,
                                            "Actual Total Time": 207.77,
                                            "Actual Rows": 45394,
                                            "Actual Loops": 1
                                        },
                                        {
                                            "Worker Number": 4,
                                            "Actual Startup Time": 151.332,
                                            "Actual Total Time": 207.82,
                                            "Actual Rows": 28031,
                                            "Actual Loops": 1
                                        },
                                        {
                                            "Worker Number": 5,
                                            "Actual Startup Time": 151.561,
                                            "Actual Total Time": 207.718,
                                            "Actual Rows": 31301,
                                            "Actual Loops": 1
                                        }
                                    ],
                                    "Plans": [
                                        {
                                            "Node Type": "Bitmap Heap Scan",
                                            "Parent Relationship": "Outer",
                                            "Parallel Aware": true,
                                            "Relation Name": "cast_info",
                                            "Schema": "public",
                                            "Alias": "ci",
                                            "Startup Cost": 14866.05,
                                            "Total Cost": 268955.6,
                                            "Plan Rows": 112204,
                                            "Plan Width": 4,
                                            "Actual Startup Time": 35.716,
                                            "Actual Total Time": 56.866,
                                            "Actual Rows": 98287,
                                            "Actual Loops": 7,
                                            "Output": [
                                                "ci.id",
                                                "ci.person_id",
                                                "ci.movie_id",
                                                "ci.person_role_id",
                                                "ci.note",
                                                "ci.nr_order",
                                                "ci.role_id"
                                            ],
                                            "Recheck Cond": "(ci.person_id < 73597)",
                                            "Rows Removed by Index Recheck": 0,
                                            "Exact Heap Blocks": 1259,
                                            "Lossy Heap Blocks": 0,
                                            "Workers": [
                                                {
                                                    "Worker Number": 0,
                                                    "Actual Startup Time": 35.804,
                                                    "Actual Total Time": 57.538,
                                                    "Actual Rows": 74237,
                                                    "Actual Loops": 1
                                                },
                                                {
                                                    "Worker Number": 1,
                                                    "Actual Startup Time": 35.645,
                                                    "Actual Total Time": 57.915,
                                                    "Actual Rows": 84377,
                                                    "Actual Loops": 1
                                                },
                                                {
                                                    "Worker Number": 2,
                                                    "Actual Startup Time": 35.669,
                                                    "Actual Total Time": 57.228,
                                                    "Actual Rows": 98390,
                                                    "Actual Loops": 1
                                                },
                                                {
                                                    "Worker Number": 3,
                                                    "Actual Startup Time": 35.5,
                                                    "Actual Total Time": 55.906,
                                                    "Actual Rows": 137074,
                                                    "Actual Loops": 1
                                                },
                                                {
                                                    "Worker Number": 4,
                                                    "Actual Startup Time": 35.776,
                                                    "Actual Total Time": 56.969,
                                                    "Actual Rows": 87734,
                                                    "Actual Loops": 1
                                                },
                                                {
                                                    "Worker Number": 5,
                                                    "Actual Startup Time": 35.931,
                                                    "Actual Total Time": 57.67,
                                                    "Actual Rows": 94993,
                                                    "Actual Loops": 1
                                                }
                                            ],
                                            "Plans": [
                                                {
                                                    "Node Type": "Bitmap Index Scan",
                                                    "Parent Relationship": "Outer",
                                                    "Parallel Aware": false,
                                                    "Index Name": "person_id_cast_info",
                                                    "Startup Cost": 0.0,
                                                    "Total Cost": 14697.75,
                                                    "Plan Rows": 673224,
                                                    "Plan Width": 0,
                                                    "Actual Startup Time": 34.444,
                                                    "Actual Total Time": 34.445,
                                                    "Actual Rows": 688011,
                                                    "Actual Loops": 1,
                                                    "Index Cond": "(ci.person_id < 73597)",
                                                    "Workers": [
                                                        {
                                                            "Worker Number": 3,
                                                            "Actual Startup Time": 34.444,
                                                            "Actual Total Time": 34.445,
                                                            "Actual Rows": 688011,
                                                            "Actual Loops": 1
                                                        }
                                                    ]
                                                }
                                            ]
                                        },
                                        {
                                            "Node Type": "Hash",
                                            "Parent Relationship": "Inner",
                                            "Parallel Aware": true,
                                            "Startup Cost": 45479.21,
                                            "Total Cost": 45479.21,
                                            "Plan Rows": 180329,
                                            "Plan Width": 4,
                                            "Actual Startup Time": 114.809,
                                            "Actual Total Time": 114.81,
                                            "Actual Rows": 103234,
                                            "Actual Loops": 7,
                                            "Output": [
                                                "t.id"
                                            ],
                                            "Hash Buckets": 1048576,
                                            "Original Hash Buckets": 1048576,
                                            "Hash Batches": 1,
                                            "Original Hash Batches": 1,
                                            "Peak Memory Usage": 36544,
                                            "Workers": [
                                                {
                                                    "Worker Number": 0,
                                                    "Actual Startup Time": 114.0,
                                                    "Actual Total Time": 114.001,
                                                    "Actual Rows": 72421,
                                                    "Actual Loops": 1
                                                },
                                                {
                                                    "Worker Number": 1,
                                                    "Actual Startup Time": 114.621,
                                                    "Actual Total Time": 114.623,
                                                    "Actual Rows": 79136,
                                                    "Actual Loops": 1
                                                },
                                                {
                                                    "Worker Number": 2,
                                                    "Actual Startup Time": 114.875,
                                                    "Actual Total Time": 114.876,
                                                    "Actual Rows": 110361,
                                                    "Actual Loops": 1
                                                },
                                                {
                                                    "Worker Number": 3,
                                                    "Actual Startup Time": 114.901,
                                                    "Actual Total Time": 114.902,
                                                    "Actual Rows": 109590,
                                                    "Actual Loops": 1
                                                },
                                                {
                                                    "Worker Number": 4,
                                                    "Actual Startup Time": 115.055,
                                                    "Actual Total Time": 115.056,
                                                    "Actual Rows": 96333,
                                                    "Actual Loops": 1
                                                },
                                                {
                                                    "Worker Number": 5,
                                                    "Actual Startup Time": 115.22,
                                                    "Actual Total Time": 115.22,
                                                    "Actual Rows": 108941,
                                                    "Actual Loops": 1
                                                }
                                            ],
                                            "Plans": [
                                                {
                                                    "Node Type": "Seq Scan",
                                                    "Parent Relationship": "Outer",
                                                    "Parallel Aware": true,
                                                    "Relation Name": "title",
                                                    "Schema": "public",
                                                    "Alias": "t",
                                                    "Startup Cost": 0.0,
                                                    "Total Cost": 45479.21,
                                                    "Plan Rows": 180329,
                                                    "Plan Width": 4,
                                                    "Actual Startup Time": 0.053,
                                                    "Actual Total Time": 72.051,
                                                    "Actual Rows": 103234,
                                                    "Actual Loops": 7,
                                                    "Output": [
                                                        "t.id"
                                                    ],
                                                    "Filter": "((t.kind_id < 3) AND (t.production_year < 2013))",
                                                    "Rows Removed by Filter": 257954,
                                                    "Workers": [
                                                        {
                                                            "Worker Number": 0,
                                                            "Actual Startup Time": 0.07,
                                                            "Actual Total Time": 71.761,
                                                            "Actual Rows": 72421,
                                                            "Actual Loops": 1
                                                        },
                                                        {
                                                            "Worker Number": 1,
                                                            "Actual Startup Time": 0.097,
                                                            "Actual Total Time": 74.656,
                                                            "Actual Rows": 79136,
                                                            "Actual Loops": 1
                                                        },
                                                        {
                                                            "Worker Number": 2,
                                                            "Actual Startup Time": 0.04,
                                                            "Actual Total Time": 72.568,
                                                            "Actual Rows": 110361,
                                                            "Actual Loops": 1
                                                        },
                                                        {
                                                            "Worker Number": 3,
                                                            "Actual Startup Time": 0.047,
                                                            "Actual Total Time": 72.867,
                                                            "Actual Rows": 109590,
                                                            "Actual Loops": 1
                                                        },
                                                        {
                                                            "Worker Number": 4,
                                                            "Actual Startup Time": 0.05,
                                                            "Actual Total Time": 71.541,
                                                            "Actual Rows": 96333,
                                                            "Actual Loops": 1
                                                        },
                                                        {
                                                            "Worker Number": 5,
                                                            "Actual Startup Time": 0.05,
                                                            "Actual Total Time": 71.947,
                                                            "Actual Rows": 108941,
                                                            "Actual Loops": 1
                                                        }
                                                    ]
                                                }
                                            ]
                                        }
                                    ]
                                }
                            ]
                        }
                    ]
                }
            ]
        },
        "Planning Time": 226.131,
        "Triggers": [],
        "Execution Time": 233.694
    }
]