[
    {
        "Bao": {
            "Bao prediction": "NaN",
            "Bao recommended hint": "(no hint)"
        }
    },
    {
        "Plan": {
            "Node Type": "Aggregate",
            "Strategy": "Plain",
            "Partial Mode": "Finalize",
            "Parallel Aware": false,
            "Startup Cost": 33110.37,
            "Total Cost": 33110.38,
            "Plan Rows": 1,
            "Plan Width": 8,
            "Actual Startup Time": 103.231,
            "Actual Total Time": 112.348,
            "Actual Rows": 1,
            "Actual Loops": 1,
            "Output": [
                "count(*)"
            ],
            "Plans": [
                {
                    "Node Type": "Gather",
                    "Parent Relationship": "Outer",
                    "Parallel Aware": false,
                    "Startup Cost": 33110.05,
                    "Total Cost": 33110.36,
                    "Plan Rows": 3,
                    "Plan Width": 8,
                    "Actual Startup Time": 103.168,
                    "Actual Total Time": 112.34,
                    "Actual Rows": 4,
                    "Actual Loops": 1,
                    "Output": [
                        "(PARTIAL count(*))"
                    ],
                    "Workers Planned": 3,
                    "Workers Launched": 3,
                    "Single Copy": false,
                    "Plans": [
                        {
                            "Node Type": "Aggregate",
                            "Strategy": "Plain",
                            "Partial Mode": "Partial",
                            "Parent Relationship": "Outer",
                            "Parallel Aware": false,
                            "Startup Cost": 32110.05,
                            "Total Cost": 32110.06,
                            "Plan Rows": 1,
                            "Plan Width": 8,
                            "Actual Startup Time": 95.306,
                            "Actual Total Time": 95.307,
                            "Actual Rows": 1,
                            "Actual Loops": 4,
                            "Output": [
                                "PARTIAL count(*)"
                            ],
                            "Workers": [
                                {
                                    "Worker Number": 0,
                                    "Actual Startup Time": 92.823,
                                    "Actual Total Time": 92.824,
                                    "Actual Rows": 1,
                                    "Actual Loops": 1
                                },
                                {
                                    "Worker Number": 1,
                                    "Actual Startup Time": 92.498,
                                    "Actual Total Time": 92.499,
                                    "Actual Rows": 1,
                                    "Actual Loops": 1
                                },
                                {
                                    "Worker Number": 2,
                                    "Actual Startup Time": 93.043,
                                    "Actual Total Time": 93.044,
                                    "Actual Rows": 1,
                                    "Actual Loops": 1
                                }
                            ],
                            "Plans": [
                                {
                                    "Node Type": "Seq Scan",
                                    "Parent Relationship": "Outer",
                                    "Parallel Aware": true,
                                    "Relation Name": "movie_companies",
                                    "Schema": "public",
                                    "Alias": "mc",
                                    "Startup Cost": 0.0,
                                    "Total Cost": 31414.82,
                                    "Plan Rows": 278094,
                                    "Plan Width": 0,
                                    "Actual Startup Time": 46.201,
                                    "Actual Total Time": 83.214,
                                    "Actual Rows": 267323,
                                    "Actual Loops": 4,
                                    "Output": [
                                        "id",
                                        "movie_id",
                                        "company_id",
                                        "company_type_id",
                                        "note"
                                    ],
                                    "Filter": "((mc.company_id > 3094) AND (mc.company_type_id > 1))",
                                    "Rows Removed by Filter": 384959,
                                    "Workers": [
                                        {
                                            "Worker Number": 0,
                                            "Actual Startup Time": 43.713,
                                            "Actual Total Time": 81.125,
                                            "Actual Rows": 289508,
                                            "Actual Loops": 1
                                        },
                                        {
                                            "Worker Number": 1,
                                            "Actual Startup Time": 43.41,
                                            "Actual Total Time": 80.94,
                                            "Actual Rows": 284010,
                                            "Actual Loops": 1
                                        },
                                        {
                                            "Worker Number": 2,
                                            "Actual Startup Time": 43.943,
                                            "Actual Total Time": 81.325,
                                            "Actual Rows": 286477,
                                            "Actual Loops": 1
                                        }
                                    ]
                                }
                            ]
                        }
                    ]
                }
            ]
        },
        "Planning Time": 287.97,
        "Triggers": [],
        "Execution Time": 112.404
    }
]