{
  "Plan": {
    "Node Type": "Aggregate",
    "Strategy": "Plain",
    "Partial Mode": "Finalize",
    "Parallel Aware": false,
    "Startup Cost": 607956.07,
    "Total Cost": 607956.08,
    "Plan Rows": 1,
    "Plan Width": 8,
    "Actual Startup Time": 2890.026,
    "Actual Total Time": 2928.227,
    "Actual Rows": 1,
    "Actual Loops": 1,
    "Plans": [
      {
        "Node Type": "Gather",
        "Parent Relationship": "Outer",
        "Parallel Aware": false,
        "Startup Cost": 607955.96,
        "Total Cost": 607956.07,
        "Plan Rows": 1,
        "Plan Width": 8,
        "Actual Startup Time": 2886.374,
        "Actual Total Time": 2928.22,
        "Actual Rows": 2,
        "Actual Loops": 1,
        "Workers Planned": 1,
        "Workers Launched": 1,
        "Single Copy": false,
        "Plans": [
          {
            "Node Type": "Aggregate",
            "Strategy": "Plain",
            "Partial Mode": "Partial",
            "Parent Relationship": "Outer",
            "Parallel Aware": false,
            "Startup Cost": 606955.96,
            "Total Cost": 606955.97,
            "Plan Rows": 1,
            "Plan Width": 8,
            "Actual Startup Time": 2879.948,
            "Actual Total Time": 2879.951,
            "Actual Rows": 1,
            "Actual Loops": 2,
            "Plans": [
              {
                "Node Type": "Merge Join",
                "Parent Relationship": "Outer",
                "Parallel Aware": false,
                "Join Type": "Inner",
                "Startup Cost": 266417.21,
                "Total Cost": 606049.68,
                "Plan Rows": 362510,
                "Plan Width": 0,
                "Actual Startup Time": 325.357,
                "Actual Total Time": 2847.514,
                "Actual Rows": 571864,
                "Actual Loops": 2,
                "Inner Unique": false,
                "Merge Cond": "(mi.movie_id = t.id)",
                "Plans": [
                  {
                    "Node Type": "Sort",
                    "Parent Relationship": "Outer",
                    "Parallel Aware": false,
                    "Startup Cost": 266396.29,
                    "Total Cost": 268250.05,
                    "Plan Rows": 741502,
                    "Plan Width": 4,
                    "Actual Startup Time": 277.66,
                    "Actual Total Time": 310.878,
                    "Actual Rows": 644464,
                    "Actual Loops": 2,
                    "Sort Key": [
                      "mi.movie_id"
                    ],
                    "Sort Method": "quicksort",
                    "Sort Space Used": 57181,
                    "Sort Space Type": "Memory",
                    "Workers": [
                      {
                        "Worker Number": 0,
                        "Sort Method": "quicksort",
                        "Sort Space Used": 52391,
                        "Sort Space Type": "Memory"
                      }
                    ],
                    "Plans": [
                      {
                        "Node Type": "Bitmap Heap Scan",
                        "Parent Relationship": "Outer",
                        "Parallel Aware": true,
                        "Relation Name": "movie_info",
                        "Alias": "mi",
                        "Startup Cost": 22837.73,
                        "Total Cost": 194099.51,
                        "Plan Rows": 741502,
                        "Plan Width": 4,
                        "Actual Startup Time": 57.372,
                        "Actual Total Time": 137.673,
                        "Actual Rows": 644464,
                        "Actual Loops": 2,
                        "Recheck Cond": "(info_type_id = 2)",
                        "Rows Removed by Index Recheck": 0,
                        "Exact Heap Blocks": 4624,
                        "Lossy Heap Blocks": 0,
                        "Plans": [
                          {
                            "Node Type": "Bitmap Index Scan",
                            "Parent Relationship": "Outer",
                            "Parallel Aware": false,
                            "Index Name": "info_type_id_movie_info",
                            "Startup Cost": 0.0,
                            "Total Cost": 22522.59,
                            "Plan Rows": 1260554,
                            "Plan Width": 0,
                            "Actual Startup Time": 61.828,
                            "Actual Total Time": 61.829,
                            "Actual Rows": 1288928,
                            "Actual Loops": 1,
                            "Index Cond": "(info_type_id = 2)"
                          }
                        ]
                      }
                    ]
                  },
                  {
                    "Node Type": "Materialize",
                    "Parent Relationship": "Inner",
                    "Parallel Aware": false,
                    "Startup Cost": 14.25,
                    "Total Cost": 329481.42,
                    "Plan Rows": 1236046,
                    "Plan Width": 8,
                    "Actual Startup Time": 40.69,
                    "Actual Total Time": 2379.341,
                    "Actual Rows": 1212694,
                    "Actual Loops": 2,
                    "Plans": [
                      {
                        "Node Type": "Merge Join",
                        "Parent Relationship": "Outer",
                        "Parallel Aware": false,
                        "Join Type": "Inner",
                        "Startup Cost": 14.25,
                        "Total Cost": 326391.3,
                        "Plan Rows": 1236046,
                        "Plan Width": 8,
                        "Actual Startup Time": 40.684,
                        "Actual Total Time": 2193.133,
                        "Actual Rows": 1185686,
                        "Actual Loops": 2,
                        "Inner Unique": true,
                        "Merge Cond": "(mk.movie_id = t.id)",
                        "Plans": [
                          {
                            "Node Type": "Index Scan",
                            "Parent Relationship": "Outer",
                            "Parallel Aware": false,
                            "Scan Direction": "Forward",
                            "Index Name": "movie_id_movie_keyword",
                            "Relation Name": "movie_keyword",
                            "Alias": "mk",
                            "Startup Cost": 0.43,
                            "Total Cost": 188497.89,
                            "Plan Rows": 1465865,
                            "Plan Width": 4,
                            "Actual Startup Time": 1.289,
                            "Actual Total Time": 685.285,
                            "Actual Rows": 1472411,
                            "Actual Loops": 2,
                            "Filter": "(keyword_id > 11172)",
                            "Rows Removed by Filter": 3051519
                          },
                          {
                            "Node Type": "Index Scan",
                            "Parent Relationship": "Inner",
                            "Parallel Aware": false,
                            "Scan Direction": "Forward",
                            "Index Name": "title_pkey",
                            "Relation Name": "title",
                            "Alias": "t",
                            "Startup Cost": 0.43,
                            "Total Cost": 116660.7,
                            "Plan Rows": 2131906,
                            "Plan Width": 4,
                            "Actual Startup Time": 0.024,
                            "Actual Total Time": 1250.629,
                            "Actual Rows": 2117470,
                            "Actual Loops": 2,
                            "Filter": "(production_year > 1967)",
                            "Rows Removed by Filter": 408501
                          }
                        ]
                      }
                    ]
                  }
                ]
              }
            ]
          }
        ]
      }
    ]
  },
  "Planning Time": 1.002,
  "Triggers": [],
  "Execution Time": 2938.047
}