[
  {
    "Plan": {
      "Node Type": "Aggregate",
      "Strategy": "Plain",
      "Partial Mode": "Finalize",
      "Parallel Aware": false,
      "Startup Cost": 45207.13,
      "Total Cost": 45207.14,
      "Plan Rows": 1,
      "Plan Width": 8,
      "Actual Startup Time": 142.615,
      "Actual Total Time": 152.06,
      "Actual Rows": 1,
      "Actual Loops": 1,
      "Plans": [
        {
          "Node Type": "Gather",
          "Parent Relationship": "Outer",
          "Parallel Aware": false,
          "Startup Cost": 45206.81,
          "Total Cost": 45207.12,
          "Plan Rows": 3,
          "Plan Width": 8,
          "Actual Startup Time": 142.513,
          "Actual Total Time": 152.052,
          "Actual Rows": 4,
          "Actual Loops": 1,
          "Workers Planned": 3,
          "Workers Launched": 3,
          "Single Copy": false,
          "Plans": [
            {
              "Node Type": "Aggregate",
              "Strategy": "Plain",
              "Partial Mode": "Partial",
              "Parent Relationship": "Outer",
              "Parallel Aware": false,
              "Startup Cost": 44206.81,
              "Total Cost": 44206.82,
              "Plan Rows": 1,
              "Plan Width": 8,
              "Actual Startup Time": 137.19,
              "Actual Total Time": 137.191,
              "Actual Rows": 1,
              "Actual Loops": 4,
              "Plans": [
                {
                  "Node Type": "Seq Scan",
                  "Parent Relationship": "Outer",
                  "Parallel Aware": true,
                  "Relation Name": "movie_keyword",
                  "Alias": "mk",
                  "Startup Cost": 0.0,
                  "Total Cost": 42695.65,
                  "Plan Rows": 604462,
                  "Plan Width": 0,
                  "Actual Startup Time": 0.042,
                  "Actual Total Time": 114.318,
                  "Actual Rows": 469749,
                  "Actual Loops": 4,
                  "Filter": "(keyword_id < 3204)",
                  "Rows Removed by Filter": 661234
                }
              ]
            }
          ]
        }
      ]
    },
    "Planning Time": 0.116,
    "Triggers": [],
    "Execution Time": 152.098
  }
]