{
  "Plan": {
    "Node Type": "Aggregate",
    "Strategy": "Plain",
    "Partial Mode": "Finalize",
    "Parallel Aware": false,
    "Startup Cost": 951422.48,
    "Total Cost": 951422.49,
    "Plan Rows": 1,
    "Plan Width": 8,
    "Actual Startup Time": 5539.657,
    "Actual Total Time": 5622.548,
    "Actual Rows": 1,
    "Actual Loops": 1,
    "Plans": [
      {
        "Node Type": "Gather",
        "Parent Relationship": "Outer",
        "Parallel Aware": false,
        "Startup Cost": 951422.37,
        "Total Cost": 951422.48,
        "Plan Rows": 1,
        "Plan Width": 8,
        "Actual Startup Time": 5537.523,
        "Actual Total Time": 5622.535,
        "Actual Rows": 2,
        "Actual Loops": 1,
        "Workers Planned": 1,
        "Workers Launched": 1,
        "Single Copy": false,
        "Plans": [
          {
            "Node Type": "Aggregate",
            "Strategy": "Plain",
            "Partial Mode": "Partial",
            "Parent Relationship": "Outer",
            "Parallel Aware": false,
            "Startup Cost": 950422.37,
            "Total Cost": 950422.38,
            "Plan Rows": 1,
            "Plan Width": 8,
            "Actual Startup Time": 5531.568,
            "Actual Total Time": 5531.759,
            "Actual Rows": 1,
            "Actual Loops": 2,
            "Plans": [
              {
                "Node Type": "Hash Join",
                "Parent Relationship": "Outer",
                "Parallel Aware": true,
                "Join Type": "Inner",
                "Startup Cost": 597318.44,
                "Total Cost": 942054.85,
                "Plan Rows": 3347006,
                "Plan Width": 0,
                "Actual Startup Time": 3028.297,
                "Actual Total Time": 5387.515,
                "Actual Rows": 3539445,
                "Actual Loops": 2,
                "Inner Unique": false,
                "Hash Cond": "(mi.movie_id = t.id)",
                "Plans": [
                  {
                    "Node Type": "Seq Scan",
                    "Parent Relationship": "Outer",
                    "Parallel Aware": true,
                    "Relation Name": "movie_info",
                    "Alias": "mi",
                    "Startup Cost": 0.0,
                    "Total Cost": 248955.74,
                    "Plan Rows": 8696274,
                    "Plan Width": 4,
                    "Actual Startup Time": 0.016,
                    "Actual Total Time": 686.383,
                    "Actual Rows": 7417860,
                    "Actual Loops": 2
                  },
                  {
                    "Node Type": "Hash",
                    "Parent Relationship": "Inner",
                    "Parallel Aware": true,
                    "Startup Cost": 590163.4,
                    "Total Cost": 590163.4,
                    "Plan Rows": 572403,
                    "Plan Width": 8,
                    "Actual Startup Time": 2979.608,
                    "Actual Total Time": 2979.798,
                    "Actual Rows": 374024,
                    "Actual Loops": 2,
                    "Hash Buckets": 1048576,
                    "Original Hash Buckets": 1048576,
                    "Hash Batches": 1,
                    "Original Hash Batches": 1,
                    "Peak Memory Usage": 37504,
                    "Plans": [
                      {
                        "Node Type": "Hash Join",
                        "Parent Relationship": "Outer",
                        "Parallel Aware": true,
                        "Join Type": "Inner",
                        "Startup Cost": 40006.56,
                        "Total Cost": 590163.4,
                        "Plan Rows": 572403,
                        "Plan Width": 8,
                        "Actual Startup Time": 451.812,
                        "Actual Total Time": 2846.658,
                        "Actual Rows": 374024,
                        "Actual Loops": 2,
                        "Inner Unique": true,
                        "Hash Cond": "(ci.movie_id = t.id)",
                        "Plans": [
                          {
                            "Node Type": "Seq Scan",
                            "Parent Relationship": "Outer",
                            "Parallel Aware": true,
                            "Relation Name": "cast_info",
                            "Alias": "ci",
                            "Startup Cost": 0.0,
                            "Total Cost": 519069.44,
                            "Plan Rows": 11842798,
                            "Plan Width": 4,
                            "Actual Startup Time": 378.954,
                            "Actual Total Time": 1518.165,
                            "Actual Rows": 10081832,
                            "Actual Loops": 2,
                            "Filter": "(person_id > 1592286)",
                            "Rows Removed by Filter": 8040340
                          },
                          {
                            "Node Type": "Hash",
                            "Parent Relationship": "Inner",
                            "Parallel Aware": true,
                            "Startup Cost": 39108.02,
                            "Total Cost": 39108.02,
                            "Plan Rows": 71883,
                            "Plan Width": 4,
                            "Actual Startup Time": 71.92,
                            "Actual Total Time": 71.922,
                            "Actual Rows": 59117,
                            "Actual Loops": 2,
                            "Hash Buckets": 131072,
                            "Original Hash Buckets": 131072,
                            "Hash Batches": 1,
                            "Original Hash Batches": 1,
                            "Peak Memory Usage": 5664,
                            "Plans": [
                              {
                                "Node Type": "Bitmap Heap Scan",
                                "Parent Relationship": "Outer",
                                "Parallel Aware": true,
                                "Relation Name": "title",
                                "Alias": "t",
                                "Startup Cost": 2211.49,
                                "Total Cost": 39108.02,
                                "Plan Rows": 71883,
                                "Plan Width": 4,
                                "Actual Startup Time": 15.002,
                                "Actual Total Time": 52.603,
                                "Actual Rows": 59117,
                                "Actual Loops": 2,
                                "Recheck Cond": "(kind_id = 4)",
                                "Rows Removed by Index Recheck": 0,
                                "Exact Heap Blocks": 9397,
                                "Lossy Heap Blocks": 0,
                                "Plans": [
                                  {
                                    "Node Type": "Bitmap Index Scan",
                                    "Parent Relationship": "Outer",
                                    "Parallel Aware": false,
                                    "Index Name": "kind_id_title",
                                    "Startup Cost": 0.0,
                                    "Total Cost": 2180.94,
                                    "Plan Rows": 122201,
                                    "Plan Width": 0,
                                    "Actual Startup Time": 11.703,
                                    "Actual Total Time": 11.704,
                                    "Actual Rows": 118234,
                                    "Actual Loops": 1,
                                    "Index Cond": "(kind_id = 4)"
                                  }
                                ]
                              }
                            ]
                          }
                        ]
                      }
                    ]
                  }
                ]
              }
            ]
          }
        ]
      }
    ]
  },
  "Planning Time": 0.963,
  "Triggers": [],
  "Execution Time": 5622.671
}