[
  {
    "Plan": {
      "Node Type": "Aggregate",
      "Strategy": "Plain",
      "Partial Mode": "Finalize",
      "Parallel Aware": false,
      "Startup Cost": 299158.69,
      "Total Cost": 299158.7,
      "Plan Rows": 1,
      "Plan Width": 8,
      "Actual Startup Time": 1098.102,
      "Actual Total Time": 1143.319,
      "Actual Rows": 1,
      "Actual Loops": 1,
      "Plans": [
        {
          "Node Type": "Gather",
          "Parent Relationship": "Outer",
          "Parallel Aware": false,
          "Startup Cost": 299158.37,
          "Total Cost": 299158.68,
          "Plan Rows": 3,
          "Plan Width": 8,
          "Actual Startup Time": 1092.228,
          "Actual Total Time": 1143.309,
          "Actual Rows": 4,
          "Actual Loops": 1,
          "Workers Planned": 3,
          "Workers Launched": 3,
          "Single Copy": false,
          "Plans": [
            {
              "Node Type": "Aggregate",
              "Strategy": "Plain",
              "Partial Mode": "Partial",
              "Parent Relationship": "Outer",
              "Parallel Aware": false,
              "Startup Cost": 298158.37,
              "Total Cost": 298158.38,
              "Plan Rows": 1,
              "Plan Width": 8,
              "Actual Startup Time": 1082.616,
              "Actual Total Time": 1082.622,
              "Actual Rows": 1,
              "Actual Loops": 4,
              "Plans": [
                {
                  "Node Type": "Hash Join",
                  "Parent Relationship": "Outer",
                  "Parallel Aware": true,
                  "Join Type": "Inner",
                  "Startup Cost": 251276.86,
                  "Total Cost": 296846.32,
                  "Plan Rows": 524821,
                  "Plan Width": 0,
                  "Actual Startup Time": 854.898,
                  "Actual Total Time": 1076.272,
                  "Actual Rows": 128856,
                  "Actual Loops": 4,
                  "Inner Unique": false,
                  "Hash Cond": "(mk.movie_id = t.id)",
                  "Plans": [
                    {
                      "Node Type": "Seq Scan",
                      "Parent Relationship": "Outer",
                      "Parallel Aware": true,
                      "Relation Name": "movie_keyword",
                      "Alias": "mk",
                      "Startup Cost": 0.0,
                      "Total Cost": 39047.32,
                      "Plan Rows": 1459332,
                      "Plan Width": 4,
                      "Actual Startup Time": 0.024,
                      "Actual Total Time": 102.17,
                      "Actual Rows": 1130982,
                      "Actual Loops": 4
                    },
                    {
                      "Node Type": "Hash",
                      "Parent Relationship": "Inner",
                      "Parallel Aware": true,
                      "Startup Cost": 249003.73,
                      "Total Cost": 249003.73,
                      "Plan Rows": 181850,
                      "Plan Width": 8,
                      "Actual Startup Time": 849.673,
                      "Actual Total Time": 849.677,
                      "Actual Rows": 84713,
                      "Actual Loops": 4,
                      "Hash Buckets": 1048576,
                      "Original Hash Buckets": 1048576,
                      "Hash Batches": 1,
                      "Original Hash Batches": 1,
                      "Peak Memory Usage": 21536,
                      "Plans": [
                        {
                          "Node Type": "Hash Join",
                          "Parent Relationship": "Outer",
                          "Parallel Aware": true,
                          "Join Type": "Inner",
                          "Startup Cost": 48971.7,
                          "Total Cost": 249003.73,
                          "Plan Rows": 181850,
                          "Plan Width": 8,
                          "Actual Startup Time": 280.036,
                          "Actual Total Time": 812.116,
                          "Actual Rows": 84713,
                          "Actual Loops": 4,
                          "Inner Unique": true,
                          "Hash Cond": "(mi.movie_id = t.id)",
                          "Plans": [
                            {
                              "Node Type": "Seq Scan",
                              "Parent Relationship": "Outer",
                              "Parallel Aware": true,
                              "Relation Name": "movie_info",
                              "Alias": "mi",
                              "Startup Cost": 0.0,
                              "Total Cost": 198952.16,
                              "Plan Rows": 411380,
                              "Plan Width": 4,
                              "Actual Startup Time": 42.523,
                              "Actual Total Time": 414.075,
                              "Actual Rows": 522767,
                              "Actual Loops": 4,
                              "Filter": "(info_type_id < 3)",
                              "Rows Removed by Filter": 3186163
                            },
                            {
                              "Node Type": "Hash",
                              "Parent Relationship": "Inner",
                              "Parallel Aware": true,
                              "Startup Cost": 45479.1,
                              "Total Cost": 45479.1,
                              "Plan Rows": 279408,
                              "Plan Width": 4,
                              "Actual Startup Time": 232.77,
                              "Actual Total Time": 232.77,
                              "Actual Rows": 303272,
                              "Actual Loops": 4,
                              "Hash Buckets": 2097152,
                              "Original Hash Buckets": 2097152,
                              "Hash Batches": 1,
                              "Original Hash Batches": 1,
                              "Peak Memory Usage": 63904,
                              "Plans": [
                                {
                                  "Node Type": "Seq Scan",
                                  "Parent Relationship": "Outer",
                                  "Parallel Aware": true,
                                  "Relation Name": "title",
                                  "Alias": "t",
                                  "Startup Cost": 0.0,
                                  "Total Cost": 45479.1,
                                  "Plan Rows": 279408,
                                  "Plan Width": 4,
                                  "Actual Startup Time": 0.051,
                                  "Actual Total Time": 116.597,
                                  "Actual Rows": 303272,
                                  "Actual Loops": 4,
                                  "Filter": "((production_year > 1986) AND (kind_id = 7))",
                                  "Rows Removed by Filter": 328806
                                }
                              ]
                            }
                          ]
                        }
                      ]
                    }
                  ]
                }
              ]
            }
          ]
        }
      ]
    },
    "Planning Time": 1.348,
    "Triggers": [],
    "Execution Time": 1143.412
  }
]