[
    {
        "Bao": {
            "Bao prediction": "NaN",
            "Bao recommended hint": "(no hint)"
        }
    },
    {
        "Plan": {
            "Node Type": "Aggregate",
            "Strategy": "Plain",
            "Partial Mode": "Finalize",
            "Parallel Aware": false,
            "Startup Cost": 26474.75,
            "Total Cost": 26474.76,
            "Plan Rows": 1,
            "Plan Width": 8,
            "Actual Startup Time": 69.916,
            "Actual Total Time": 74.714,
            "Actual Rows": 1,
            "Actual Loops": 1,
            "Output": [
                "count(*)"
            ],
            "Plans": [
                {
                    "Node Type": "Gather",
                    "Parent Relationship": "Outer",
                    "Parallel Aware": false,
                    "Startup Cost": 26474.43,
                    "Total Cost": 26474.74,
                    "Plan Rows": 3,
                    "Plan Width": 8,
                    "Actual Startup Time": 69.66,
                    "Actual Total Time": 74.707,
                    "Actual Rows": 4,
                    "Actual Loops": 1,
                    "Output": [
                        "(PARTIAL count(*))"
                    ],
                    "Workers Planned": 3,
                    "Workers Launched": 3,
                    "Single Copy": false,
                    "Plans": [
                        {
                            "Node Type": "Aggregate",
                            "Strategy": "Plain",
                            "Partial Mode": "Partial",
                            "Parent Relationship": "Outer",
                            "Parallel Aware": false,
                            "Startup Cost": 25474.43,
                            "Total Cost": 25474.44,
                            "Plan Rows": 1,
                            "Plan Width": 8,
                            "Actual Startup Time": 61.068,
                            "Actual Total Time": 61.069,
                            "Actual Rows": 1,
                            "Actual Loops": 4,
                            "Output": [
                                "PARTIAL count(*)"
                            ],
                            "Workers": [
                                {
                                    "Worker Number": 0,
                                    "Actual Startup Time": 57.901,
                                    "Actual Total Time": 57.903,
                                    "Actual Rows": 1,
                                    "Actual Loops": 1
                                },
                                {
                                    "Worker Number": 1,
                                    "Actual Startup Time": 58.439,
                                    "Actual Total Time": 58.44,
                                    "Actual Rows": 1,
                                    "Actual Loops": 1
                                },
                                {
                                    "Worker Number": 2,
                                    "Actual Startup Time": 58.68,
                                    "Actual Total Time": 58.682,
                                    "Actual Rows": 1,
                                    "Actual Loops": 1
                                }
                            ],
                            "Plans": [
                                {
                                    "Node Type": "Bitmap Heap Scan",
                                    "Parent Relationship": "Outer",
                                    "Parallel Aware": true,
                                    "Relation Name": "movie_companies",
                                    "Schema": "public",
                                    "Alias": "mc",
                                    "Startup Cost": 5374.95,
                                    "Total Cost": 25371.88,
                                    "Plan Rows": 41022,
                                    "Plan Width": 0,
                                    "Actual Startup Time": 47.883,
                                    "Actual Total Time": 60.141,
                                    "Actual Rows": 14425,
                                    "Actual Loops": 4,
                                    "Recheck Cond": "(mc.company_id < 115)",
                                    "Rows Removed by Index Recheck": 0,
                                    "Filter": "(mc.company_type_id = 2)",
                                    "Rows Removed by Filter": 47086,
                                    "Exact Heap Blocks": 11257,
                                    "Lossy Heap Blocks": 0,
                                    "Workers": [
                                        {
                                            "Worker Number": 0,
                                            "Actual Startup Time": 44.714,
                                            "Actual Total Time": 57.062,
                                            "Actual Rows": 9659,
                                            "Actual Loops": 1
                                        },
                                        {
                                            "Worker Number": 1,
                                            "Actual Startup Time": 45.252,
                                            "Actual Total Time": 57.621,
                                            "Actual Rows": 9300,
                                            "Actual Loops": 1
                                        },
                                        {
                                            "Worker Number": 2,
                                            "Actual Startup Time": 45.502,
                                            "Actual Total Time": 57.855,
                                            "Actual Rows": 9506,
                                            "Actual Loops": 1
                                        }
                                    ],
                                    "Plans": [
                                        {
                                            "Node Type": "Bitmap Index Scan",
                                            "Parent Relationship": "Outer",
                                            "Parallel Aware": false,
                                            "Index Name": "company_id_movie_companies",
                                            "Startup Cost": 0.0,
                                            "Total Cost": 5343.16,
                                            "Plan Rows": 249431,
                                            "Plan Width": 0,
                                            "Actual Startup Time": 20.907,
                                            "Actual Total Time": 20.908,
                                            "Actual Rows": 246042,
                                            "Actual Loops": 1,
                                            "Index Cond": "(mc.company_id < 115)"
                                        }
                                    ]
                                }
                            ]
                        }
                    ]
                }
            ]
        },
        "Planning Time": 220.131,
        "Triggers": [],
        "Execution Time": 74.777
    }
]