[
  {
    "Plan": {
      "Node Type": "Aggregate",
      "Strategy": "Plain",
      "Partial Mode": "Finalize",
      "Parallel Aware": false,
      "Startup Cost": 33151.17,
      "Total Cost": 33151.18,
      "Plan Rows": 1,
      "Plan Width": 8,
      "Actual Startup Time": 118.224,
      "Actual Total Time": 126.667,
      "Actual Rows": 1,
      "Actual Loops": 1,
      "Plans": [
        {
          "Node Type": "Gather",
          "Parent Relationship": "Outer",
          "Parallel Aware": false,
          "Startup Cost": 33150.85,
          "Total Cost": 33151.16,
          "Plan Rows": 3,
          "Plan Width": 8,
          "Actual Startup Time": 118.093,
          "Actual Total Time": 126.659,
          "Actual Rows": 4,
          "Actual Loops": 1,
          "Workers Planned": 3,
          "Workers Launched": 3,
          "Single Copy": false,
          "Plans": [
            {
              "Node Type": "Aggregate",
              "Strategy": "Plain",
              "Partial Mode": "Partial",
              "Parent Relationship": "Outer",
              "Parallel Aware": false,
              "Startup Cost": 32150.85,
              "Total Cost": 32150.86,
              "Plan Rows": 1,
              "Plan Width": 8,
              "Actual Startup Time": 109.582,
              "Actual Total Time": 109.583,
              "Actual Rows": 1,
              "Actual Loops": 4,
              "Plans": [
                {
                  "Node Type": "Seq Scan",
                  "Parent Relationship": "Outer",
                  "Parallel Aware": true,
                  "Relation Name": "movie_companies",
                  "Alias": "mc",
                  "Startup Cost": 0.0,
                  "Total Cost": 31414.82,
                  "Plan Rows": 294414,
                  "Plan Width": 0,
                  "Actual Startup Time": 0.045,
                  "Actual Total Time": 91.305,
                  "Actual Rows": 303595,
                  "Actual Loops": 4,
                  "Filter": "((company_id < 34046) AND (company_type_id < 2))",
                  "Rows Removed by Filter": 348687
                }
              ]
            }
          ]
        }
      ]
    },
    "Planning Time": 0.192,
    "Triggers": [],
    "Execution Time": 126.719
  }
]