{
  "Plan": {
    "Node Type": "Aggregate",
    "Strategy": "Plain",
    "Partial Mode": "Finalize",
    "Parallel Aware": false,
    "Startup Cost": 82045.92,
    "Total Cost": 82045.93,
    "Plan Rows": 1,
    "Plan Width": 8,
    "Actual Startup Time": 248.042,
    "Actual Total Time": 260.966,
    "Actual Rows": 1,
    "Actual Loops": 1,
    "Plans": [
      {
        "Node Type": "Gather",
        "Parent Relationship": "Outer",
        "Parallel Aware": false,
        "Startup Cost": 82045.8,
        "Total Cost": 82045.91,
        "Plan Rows": 1,
        "Plan Width": 8,
        "Actual Startup Time": 247.719,
        "Actual Total Time": 260.957,
        "Actual Rows": 2,
        "Actual Loops": 1,
        "Workers Planned": 1,
        "Workers Launched": 1,
        "Single Copy": false,
        "Plans": [
          {
            "Node Type": "Aggregate",
            "Strategy": "Plain",
            "Partial Mode": "Partial",
            "Parent Relationship": "Outer",
            "Parallel Aware": false,
            "Startup Cost": 81045.8,
            "Total Cost": 81045.81,
            "Plan Rows": 1,
            "Plan Width": 8,
            "Actual Startup Time": 241.405,
            "Actual Total Time": 241.409,
            "Actual Rows": 1,
            "Actual Loops": 2,
            "Plans": [
              {
                "Node Type": "Hash Join",
                "Parent Relationship": "Outer",
                "Parallel Aware": true,
                "Join Type": "Inner",
                "Startup Cost": 20724.01,
                "Total Cost": 81021.0,
                "Plan Rows": 9921,
                "Plan Width": 0,
                "Actual Startup Time": 33.314,
                "Actual Total Time": 240.942,
                "Actual Rows": 6976,
                "Actual Loops": 2,
                "Inner Unique": false,
                "Hash Cond": "(t.id = mc.movie_id)",
                "Plans": [
                  {
                    "Node Type": "Seq Scan",
                    "Parent Relationship": "Outer",
                    "Parallel Aware": true,
                    "Relation Name": "title",
                    "Alias": "t",
                    "Startup Cost": 0.0,
                    "Total Cost": 54588.39,
                    "Plan Rows": 904038,
                    "Plan Width": 4,
                    "Actual Startup Time": 0.014,
                    "Actual Total Time": 134.646,
                    "Actual Rows": 771632,
                    "Actual Loops": 2,
                    "Filter": "(kind_id = 7)",
                    "Rows Removed by Filter": 492524
                  },
                  {
                    "Node Type": "Hash",
                    "Parent Relationship": "Inner",
                    "Parallel Aware": true,
                    "Startup Cost": 20520.01,
                    "Total Cost": 20520.01,
                    "Plan Rows": 16320,
                    "Plan Width": 4,
                    "Actual Startup Time": 32.188,
                    "Actual Total Time": 32.19,
                    "Actual Rows": 13652,
                    "Actual Loops": 2,
                    "Hash Buckets": 32768,
                    "Original Hash Buckets": 32768,
                    "Hash Batches": 1,
                    "Original Hash Batches": 1,
                    "Peak Memory Usage": 1344,
                    "Plans": [
                      {
                        "Node Type": "Bitmap Heap Scan",
                        "Parent Relationship": "Outer",
                        "Parallel Aware": true,
                        "Relation Name": "movie_companies",
                        "Alias": "mc",
                        "Startup Cost": 603.45,
                        "Total Cost": 20520.01,
                        "Plan Rows": 16320,
                        "Plan Width": 4,
                        "Actual Startup Time": 6.94,
                        "Actual Total Time": 27.779,
                        "Actual Rows": 13652,
                        "Actual Loops": 2,
                        "Recheck Cond": "(company_id = 27)",
                        "Rows Removed by Index Recheck": 0,
                        "Exact Heap Blocks": 6253,
                        "Lossy Heap Blocks": 0,
                        "Plans": [
                          {
                            "Node Type": "Bitmap Index Scan",
                            "Parent Relationship": "Outer",
                            "Parallel Aware": false,
                            "Index Name": "company_id_movie_companies",
                            "Startup Cost": 0.0,
                            "Total Cost": 596.51,
                            "Plan Rows": 27744,
                            "Plan Width": 0,
                            "Actual Startup Time": 8.863,
                            "Actual Total Time": 8.863,
                            "Actual Rows": 27303,
                            "Actual Loops": 1,
                            "Index Cond": "(company_id = 27)"
                          }
                        ]
                      }
                    ]
                  }
                ]
              }
            ]
          }
        ]
      }
    ]
  },
  "Planning Time": 0.646,
  "Triggers": [],
  "Execution Time": 261.057
}