{
  "Plan": {
    "Node Type": "Aggregate",
    "Strategy": "Plain",
    "Partial Mode": "Finalize",
    "Parallel Aware": false,
    "Startup Cost": 114924.23,
    "Total Cost": 114924.24,
    "Plan Rows": 1,
    "Plan Width": 8,
    "Actual Startup Time": 499.569,
    "Actual Total Time": 514.065,
    "Actual Rows": 1,
    "Actual Loops": 1,
    "Plans": [
      {
        "Node Type": "Gather",
        "Parent Relationship": "Outer",
        "Parallel Aware": false,
        "Startup Cost": 114924.11,
        "Total Cost": 114924.22,
        "Plan Rows": 1,
        "Plan Width": 8,
        "Actual Startup Time": 499.162,
        "Actual Total Time": 514.057,
        "Actual Rows": 2,
        "Actual Loops": 1,
        "Workers Planned": 1,
        "Workers Launched": 1,
        "Single Copy": false,
        "Plans": [
          {
            "Node Type": "Aggregate",
            "Strategy": "Plain",
            "Partial Mode": "Partial",
            "Parent Relationship": "Outer",
            "Parallel Aware": false,
            "Startup Cost": 113924.11,
            "Total Cost": 113924.12,
            "Plan Rows": 1,
            "Plan Width": 8,
            "Actual Startup Time": 496.144,
            "Actual Total Time": 496.148,
            "Actual Rows": 1,
            "Actual Loops": 2,
            "Plans": [
              {
                "Node Type": "Hash Join",
                "Parent Relationship": "Outer",
                "Parallel Aware": true,
                "Join Type": "Inner",
                "Startup Cost": 55534.64,
                "Total Cost": 113585.48,
                "Plan Rows": 135452,
                "Plan Width": 0,
                "Actual Startup Time": 156.426,
                "Actual Total Time": 491.867,
                "Actual Rows": 104082,
                "Actual Loops": 2,
                "Inner Unique": true,
                "Hash Cond": "(mk.movie_id = t.id)",
                "Plans": [
                  {
                    "Node Type": "Seq Scan",
                    "Parent Relationship": "Outer",
                    "Parallel Aware": true,
                    "Relation Name": "movie_keyword",
                    "Alias": "mk",
                    "Startup Cost": 0.0,
                    "Total Cost": 51065.35,
                    "Plan Rows": 2661135,
                    "Plan Width": 4,
                    "Actual Startup Time": 0.012,
                    "Actual Total Time": 156.806,
                    "Actual Rows": 2261965,
                    "Actual Loops": 2
                  },
                  {
                    "Node Type": "Hash",
                    "Parent Relationship": "Inner",
                    "Parallel Aware": true,
                    "Startup Cost": 54588.39,
                    "Total Cost": 54588.39,
                    "Plan Rows": 75700,
                    "Plan Width": 4,
                    "Actual Startup Time": 154.995,
                    "Actual Total Time": 154.996,
                    "Actual Rows": 64348,
                    "Actual Loops": 2,
                    "Hash Buckets": 131072,
                    "Original Hash Buckets": 131072,
                    "Hash Batches": 1,
                    "Original Hash Batches": 1,
                    "Peak Memory Usage": 6112,
                    "Plans": [
                      {
                        "Node Type": "Seq Scan",
                        "Parent Relationship": "Outer",
                        "Parallel Aware": true,
                        "Relation Name": "title",
                        "Alias": "t",
                        "Startup Cost": 0.0,
                        "Total Cost": 54588.39,
                        "Plan Rows": 75700,
                        "Plan Width": 4,
                        "Actual Startup Time": 0.022,
                        "Actual Total Time": 135.033,
                        "Actual Rows": 64348,
                        "Actual Loops": 2,
                        "Filter": "(production_year = 2009)",
                        "Rows Removed by Filter": 1199808
                      }
                    ]
                  }
                ]
              }
            ]
          }
        ]
      }
    ]
  },
  "Planning Time": 0.254,
  "Triggers": [],
  "Execution Time": 514.115
}