[
    {
        "Bao": {
            "Bao prediction": "NaN",
            "Bao recommended hint": "(no hint)"
        }
    },
    {
        "Plan": {
            "Node Type": "Aggregate",
            "Strategy": "Plain",
            "Partial Mode": "Finalize",
            "Parallel Aware": false,
            "Startup Cost": 376428.03,
            "Total Cost": 376428.04,
            "Plan Rows": 1,
            "Plan Width": 8,
            "Actual Startup Time": 535.423,
            "Actual Total Time": 591.51,
            "Actual Rows": 1,
            "Actual Loops": 1,
            "Output": [
                "count(*)"
            ],
            "Plans": [
                {
                    "Node Type": "Gather",
                    "Parent Relationship": "Outer",
                    "Parallel Aware": false,
                    "Startup Cost": 376427.61,
                    "Total Cost": 376428.02,
                    "Plan Rows": 4,
                    "Plan Width": 8,
                    "Actual Startup Time": 535.047,
                    "Actual Total Time": 591.499,
                    "Actual Rows": 5,
                    "Actual Loops": 1,
                    "Output": [
                        "(PARTIAL count(*))"
                    ],
                    "Workers Planned": 4,
                    "Workers Launched": 4,
                    "Single Copy": false,
                    "Plans": [
                        {
                            "Node Type": "Aggregate",
                            "Strategy": "Plain",
                            "Partial Mode": "Partial",
                            "Parent Relationship": "Outer",
                            "Parallel Aware": false,
                            "Startup Cost": 375427.61,
                            "Total Cost": 375427.62,
                            "Plan Rows": 1,
                            "Plan Width": 8,
                            "Actual Startup Time": 525.196,
                            "Actual Total Time": 525.198,
                            "Actual Rows": 1,
                            "Actual Loops": 5,
                            "Output": [
                                "PARTIAL count(*)"
                            ],
                            "Workers": [
                                {
                                    "Worker Number": 0,
                                    "Actual Startup Time": 522.625,
                                    "Actual Total Time": 522.628,
                                    "Actual Rows": 1,
                                    "Actual Loops": 1
                                },
                                {
                                    "Worker Number": 1,
                                    "Actual Startup Time": 522.681,
                                    "Actual Total Time": 522.684,
                                    "Actual Rows": 1,
                                    "Actual Loops": 1
                                },
                                {
                                    "Worker Number": 2,
                                    "Actual Startup Time": 522.622,
                                    "Actual Total Time": 522.624,
                                    "Actual Rows": 1,
                                    "Actual Loops": 1
                                },
                                {
                                    "Worker Number": 3,
                                    "Actual Startup Time": 523.42,
                                    "Actual Total Time": 523.423,
                                    "Actual Rows": 1,
                                    "Actual Loops": 1
                                }
                            ],
                            "Plans": [
                                {
                                    "Node Type": "Nested Loop",
                                    "Parent Relationship": "Outer",
                                    "Parallel Aware": false,
                                    "Join Type": "Inner",
                                    "Startup Cost": 1680.48,
                                    "Total Cost": 375088.02,
                                    "Plan Rows": 135834,
                                    "Plan Width": 0,
                                    "Actual Startup Time": 6.205,
                                    "Actual Total Time": 515.498,
                                    "Actual Rows": 97523,
                                    "Actual Loops": 5,
                                    "Inner Unique": false,
                                    "Workers": [
                                        {
                                            "Worker Number": 0,
                                            "Actual Startup Time": 3.691,
                                            "Actual Total Time": 513.251,
                                            "Actual Rows": 82686,
                                            "Actual Loops": 1
                                        },
                                        {
                                            "Worker Number": 1,
                                            "Actual Startup Time": 3.988,
                                            "Actual Total Time": 513.358,
                                            "Actual Rows": 81870,
                                            "Actual Loops": 1
                                        },
                                        {
                                            "Worker Number": 2,
                                            "Actual Startup Time": 3.774,
                                            "Actual Total Time": 513.223,
                                            "Actual Rows": 81535,
                                            "Actual Loops": 1
                                        },
                                        {
                                            "Worker Number": 3,
                                            "Actual Startup Time": 4.451,
                                            "Actual Total Time": 514.542,
                                            "Actual Rows": 76743,
                                            "Actual Loops": 1
                                        }
                                    ],
                                    "Plans": [
                                        {
                                            "Node Type": "Bitmap Heap Scan",
                                            "Parent Relationship": "Outer",
                                            "Parallel Aware": true,
                                            "Relation Name": "title",
                                            "Schema": "public",
                                            "Alias": "t",
                                            "Startup Cost": 1679.91,
                                            "Total Cost": 38026.82,
                                            "Plan Rows": 17668,
                                            "Plan Width": 4,
                                            "Actual Startup Time": 5.979,
                                            "Actual Total Time": 35.514,
                                            "Actual Rows": 14606,
                                            "Actual Loops": 5,
                                            "Output": [
                                                "t.id",
                                                "t.title",
                                                "t.imdb_index",
                                                "t.kind_id",
                                                "t.production_year",
                                                "t.imdb_id",
                                                "t.phonetic_code",
                                                "t.episode_of_id",
                                                "t.season_nr",
                                                "t.episode_nr",
                                                "t.series_years",
                                                "t.md5sum"
                                            ],
                                            "Recheck Cond": "(t.kind_id = 2)",
                                            "Rows Removed by Index Recheck": 0,
                                            "Filter": "(t.production_year < 2010)",
                                            "Rows Removed by Filter": 3564,
                                            "Exact Heap Blocks": 8142,
                                            "Lossy Heap Blocks": 0,
                                            "Workers": [
                                                {
                                                    "Worker Number": 0,
                                                    "Actual Startup Time": 3.433,
                                                    "Actual Total Time": 32.492,
                                                    "Actual Rows": 12114,
                                                    "Actual Loops": 1
                                                },
                                                {
                                                    "Worker Number": 1,
                                                    "Actual Startup Time": 3.579,
                                                    "Actual Total Time": 32.967,
                                                    "Actual Rows": 12223,
                                                    "Actual Loops": 1
                                                },
                                                {
                                                    "Worker Number": 2,
                                                    "Actual Startup Time": 3.544,
                                                    "Actual Total Time": 32.858,
                                                    "Actual Rows": 12140,
                                                    "Actual Loops": 1
                                                },
                                                {
                                                    "Worker Number": 3,
                                                    "Actual Startup Time": 4.248,
                                                    "Actual Total Time": 33.313,
                                                    "Actual Rows": 11599,
                                                    "Actual Loops": 1
                                                }
                                            ],
                                            "Plans": [
                                                {
                                                    "Node Type": "Bitmap Index Scan",
                                                    "Parent Relationship": "Outer",
                                                    "Parallel Aware": false,
                                                    "Index Name": "kind_id_title",
                                                    "Startup Cost": 0.0,
                                                    "Total Cost": 1662.25,
                                                    "Plan Rows": 93042,
                                                    "Plan Width": 0,
                                                    "Actual Startup Time": 9.465,
                                                    "Actual Total Time": 9.466,
                                                    "Actual Rows": 90852,
                                                    "Actual Loops": 1,
                                                    "Index Cond": "(t.kind_id = 2)"
                                                }
                                            ]
                                        },
                                        {
                                            "Node Type": "Index Scan",
                                            "Parent Relationship": "Inner",
                                            "Parallel Aware": false,
                                            "Scan Direction": "Forward",
                                            "Index Name": "movie_id_cast_info",
                                            "Relation Name": "cast_info",
                                            "Schema": "public",
                                            "Alias": "ci",
                                            "Startup Cost": 0.56,
                                            "Total Cost": 18.87,
                                            "Plan Rows": 21,
                                            "Plan Width": 4,
                                            "Actual Startup Time": 0.018,
                                            "Actual Total Time": 0.032,
                                            "Actual Rows": 7,
                                            "Actual Loops": 73032,
                                            "Output": [
                                                "ci.id",
                                                "ci.person_id",
                                                "ci.movie_id",
                                                "ci.person_role_id",
                                                "ci.note",
                                                "ci.nr_order",
                                                "ci.role_id"
                                            ],
                                            "Index Cond": "(ci.movie_id = t.id)",
                                            "Rows Removed by Index Recheck": 0,
                                            "Filter": "((ci.person_id > 623295) AND (ci.role_id > 1))",
                                            "Rows Removed by Filter": 4,
                                            "Workers": [
                                                {
                                                    "Worker Number": 0,
                                                    "Actual Startup Time": 0.022,
                                                    "Actual Total Time": 0.038,
                                                    "Actual Rows": 7,
                                                    "Actual Loops": 12114
                                                },
                                                {
                                                    "Worker Number": 1,
                                                    "Actual Startup Time": 0.022,
                                                    "Actual Total Time": 0.038,
                                                    "Actual Rows": 7,
                                                    "Actual Loops": 12223
                                                },
                                                {
                                                    "Worker Number": 2,
                                                    "Actual Startup Time": 0.022,
                                                    "Actual Total Time": 0.038,
                                                    "Actual Rows": 7,
                                                    "Actual Loops": 12140
                                                },
                                                {
                                                    "Worker Number": 3,
                                                    "Actual Startup Time": 0.023,
                                                    "Actual Total Time": 0.04,
                                                    "Actual Rows": 7,
                                                    "Actual Loops": 11599
                                                }
                                            ]
                                        }
                                    ]
                                }
                            ]
                        }
                    ]
                }
            ]
        },
        "Planning Time": 295.28,
        "Triggers": [],
        "Execution Time": 591.612
    }
]