[
  {
    "Plan": {
      "Node Type": "Aggregate",
      "Strategy": "Plain",
      "Partial Mode": "Finalize",
      "Parallel Aware": false,
      "Startup Cost": 66504.56,
      "Total Cost": 66504.57,
      "Plan Rows": 1,
      "Plan Width": 8,
      "Actual Startup Time": 105.695,
      "Actual Total Time": 119.773,
      "Actual Rows": 1,
      "Actual Loops": 1,
      "Plans": [
        {
          "Node Type": "Gather",
          "Parent Relationship": "Outer",
          "Parallel Aware": false,
          "Startup Cost": 66504.14,
          "Total Cost": 66504.55,
          "Plan Rows": 4,
          "Plan Width": 8,
          "Actual Startup Time": 105.558,
          "Actual Total Time": 119.766,
          "Actual Rows": 5,
          "Actual Loops": 1,
          "Workers Planned": 4,
          "Workers Launched": 4,
          "Single Copy": false,
          "Plans": [
            {
              "Node Type": "Aggregate",
              "Strategy": "Plain",
              "Partial Mode": "Partial",
              "Parent Relationship": "Outer",
              "Parallel Aware": false,
              "Startup Cost": 65504.14,
              "Total Cost": 65504.15,
              "Plan Rows": 1,
              "Plan Width": 8,
              "Actual Startup Time": 95.686,
              "Actual Total Time": 95.688,
              "Actual Rows": 1,
              "Actual Loops": 5,
              "Plans": [
                {
                  "Node Type": "Nested Loop",
                  "Parent Relationship": "Outer",
                  "Parallel Aware": false,
                  "Join Type": "Inner",
                  "Startup Cost": 0.43,
                  "Total Cost": 65502.16,
                  "Plan Rows": 790,
                  "Plan Width": 0,
                  "Actual Startup Time": 1.915,
                  "Actual Total Time": 95.55,
                  "Actual Rows": 1586,
                  "Actual Loops": 5,
                  "Inner Unique": false,
                  "Plans": [
                    {
                      "Node Type": "Seq Scan",
                      "Parent Relationship": "Outer",
                      "Parallel Aware": true,
                      "Relation Name": "title",
                      "Alias": "t",
                      "Startup Cost": 0.0,
                      "Total Cost": 45479.1,
                      "Plan Rows": 1555,
                      "Plan Width": 4,
                      "Actual Startup Time": 0.997,
                      "Actual Total Time": 79.698,
                      "Actual Rows": 1387,
                      "Actual Loops": 5,
                      "Filter": "((kind_id < 4) AND (production_year = 1987))",
                      "Rows Removed by Filter": 504275
                    },
                    {
                      "Node Type": "Index Scan",
                      "Parent Relationship": "Inner",
                      "Parallel Aware": false,
                      "Scan Direction": "Forward",
                      "Index Name": "movie_id_movie_companies",
                      "Relation Name": "movie_companies",
                      "Alias": "mc",
                      "Startup Cost": 0.43,
                      "Total Cost": 12.85,
                      "Plan Rows": 3,
                      "Plan Width": 4,
                      "Actual Startup Time": 0.009,
                      "Actual Total Time": 0.011,
                      "Actual Rows": 1,
                      "Actual Loops": 6937,
                      "Index Cond": "(movie_id = t.id)",
                      "Rows Removed by Index Recheck": 0,
                      "Filter": "(company_type_id = 1)",
                      "Rows Removed by Filter": 1
                    }
                  ]
                }
              ]
            }
          ]
        }
      ]
    },
    "Planning Time": 0.711,
    "Triggers": [],
    "Execution Time": 119.844
  }
]