[
  {
    "Plan": {
      "Node Type": "Aggregate",
      "Strategy": "Plain",
      "Partial Mode": "Finalize",
      "Parallel Aware": false,
      "Startup Cost": 69309.09,
      "Total Cost": 69309.1,
      "Plan Rows": 1,
      "Plan Width": 8,
      "Actual Startup Time": 216.207,
      "Actual Total Time": 237.314,
      "Actual Rows": 1,
      "Actual Loops": 1,
      "Plans": [
        {
          "Node Type": "Gather",
          "Parent Relationship": "Outer",
          "Parallel Aware": false,
          "Startup Cost": 69308.87,
          "Total Cost": 69309.08,
          "Plan Rows": 2,
          "Plan Width": 8,
          "Actual Startup Time": 215.934,
          "Actual Total Time": 237.308,
          "Actual Rows": 3,
          "Actual Loops": 1,
          "Workers Planned": 2,
          "Workers Launched": 2,
          "Single Copy": false,
          "Plans": [
            {
              "Node Type": "Aggregate",
              "Strategy": "Plain",
              "Partial Mode": "Partial",
              "Parent Relationship": "Outer",
              "Parallel Aware": false,
              "Startup Cost": 68308.87,
              "Total Cost": 68308.88,
              "Plan Rows": 1,
              "Plan Width": 8,
              "Actual Startup Time": 210.343,
              "Actual Total Time": 210.347,
              "Actual Rows": 1,
              "Actual Loops": 3,
              "Plans": [
                {
                  "Node Type": "Nested Loop",
                  "Parent Relationship": "Outer",
                  "Parallel Aware": false,
                  "Join Type": "Inner",
                  "Startup Cost": 45536.53,
                  "Total Cost": 68292.09,
                  "Plan Rows": 6714,
                  "Plan Width": 0,
                  "Actual Startup Time": 137.016,
                  "Actual Total Time": 209.811,
                  "Actual Rows": 7887,
                  "Actual Loops": 3,
                  "Inner Unique": false,
                  "Join Filter": "(t.id = mi.movie_id)",
                  "Rows Removed by Join Filter": 0,
                  "Plans": [
                    {
                      "Node Type": "Hash Join",
                      "Parent Relationship": "Outer",
                      "Parallel Aware": true,
                      "Join Type": "Inner",
                      "Startup Cost": 45536.1,
                      "Total Cost": 61670.09,
                      "Plan Rows": 2756,
                      "Plan Width": 8,
                      "Actual Startup Time": 136.909,
                      "Actual Total Time": 180.433,
                      "Actual Rows": 992,
                      "Actual Loops": 3,
                      "Inner Unique": true,
                      "Hash Cond": "(mi_idx.movie_id = t.id)",
                      "Plans": [
                        {
                          "Node Type": "Seq Scan",
                          "Parent Relationship": "Outer",
                          "Parallel Aware": true,
                          "Relation Name": "movie_info_idx",
                          "Alias": "mi_idx",
                          "Startup Cost": 0.0,
                          "Total Cost": 15122.68,
                          "Plan Rows": 385260,
                          "Plan Width": 4,
                          "Actual Startup Time": 0.032,
                          "Actual Total Time": 46.087,
                          "Actual Rows": 306703,
                          "Actual Loops": 3,
                          "Filter": "(info_type_id > 99)",
                          "Rows Removed by Filter": 153308
                        },
                        {
                          "Node Type": "Hash",
                          "Parent Relationship": "Inner",
                          "Parallel Aware": true,
                          "Startup Cost": 45479.59,
                          "Total Cost": 45479.59,
                          "Plan Rows": 4521,
                          "Plan Width": 4,
                          "Actual Startup Time": 107.561,
                          "Actual Total Time": 107.562,
                          "Actual Rows": 7340,
                          "Actual Loops": 3,
                          "Hash Buckets": 32768,
                          "Original Hash Buckets": 32768,
                          "Hash Batches": 1,
                          "Original Hash Batches": 1,
                          "Peak Memory Usage": 1184,
                          "Plans": [
                            {
                              "Node Type": "Seq Scan",
                              "Parent Relationship": "Outer",
                              "Parallel Aware": true,
                              "Relation Name": "title",
                              "Alias": "t",
                              "Startup Cost": 0.0,
                              "Total Cost": 45479.59,
                              "Plan Rows": 4521,
                              "Plan Width": 4,
                              "Actual Startup Time": 61.188,
                              "Actual Total Time": 105.034,
                              "Actual Rows": 7340,
                              "Actual Loops": 3,
                              "Filter": "((production_year > 2012) AND (kind_id = 1))",
                              "Rows Removed by Filter": 835430
                            }
                          ]
                        }
                      ]
                    },
                    {
                      "Node Type": "Index Scan",
                      "Parent Relationship": "Inner",
                      "Parallel Aware": false,
                      "Scan Direction": "Forward",
                      "Index Name": "movie_id_movie_info",
                      "Relation Name": "movie_info",
                      "Alias": "mi",
                      "Startup Cost": 0.43,
                      "Total Cost": 2.19,
                      "Plan Rows": 17,
                      "Plan Width": 4,
                      "Actual Startup Time": 0.012,
                      "Actual Total Time": 0.028,
                      "Actual Rows": 8,
                      "Actual Loops": 2976,
                      "Index Cond": "(movie_id = mi_idx.movie_id)",
                      "Rows Removed by Index Recheck": 0,
                      "Filter": "(info_type_id > 8)",
                      "Rows Removed by Filter": 8
                    }
                  ]
                }
              ]
            }
          ]
        }
      ]
    },
    "Planning Time": 0.564,
    "Triggers": [],
    "Execution Time": 237.373
  }
]