[
  {
    "Plan": {
      "Node Type": "Aggregate",
      "Strategy": "Plain",
      "Partial Mode": "Finalize",
      "Parallel Aware": false,
      "Startup Cost": 341332.9,
      "Total Cost": 341332.91,
      "Plan Rows": 1,
      "Plan Width": 8,
      "Actual Startup Time": 990.512,
      "Actual Total Time": 1061.952,
      "Actual Rows": 1,
      "Actual Loops": 1,
      "Plans": [
        {
          "Node Type": "Gather",
          "Parent Relationship": "Outer",
          "Parallel Aware": false,
          "Startup Cost": 341332.28,
          "Total Cost": 341332.89,
          "Plan Rows": 6,
          "Plan Width": 8,
          "Actual Startup Time": 990.354,
          "Actual Total Time": 1061.94,
          "Actual Rows": 7,
          "Actual Loops": 1,
          "Workers Planned": 6,
          "Workers Launched": 6,
          "Single Copy": false,
          "Plans": [
            {
              "Node Type": "Aggregate",
              "Strategy": "Plain",
              "Partial Mode": "Partial",
              "Parent Relationship": "Outer",
              "Parallel Aware": false,
              "Startup Cost": 340332.28,
              "Total Cost": 340332.29,
              "Plan Rows": 1,
              "Plan Width": 8,
              "Actual Startup Time": 981.971,
              "Actual Total Time": 981.973,
              "Actual Rows": 1,
              "Actual Loops": 7,
              "Plans": [
                {
                  "Node Type": "Seq Scan",
                  "Parent Relationship": "Outer",
                  "Parallel Aware": true,
                  "Relation Name": "cast_info",
                  "Alias": "ci",
                  "Startup Cost": 0.0,
                  "Total Cost": 328162.03,
                  "Plan Rows": 4868101,
                  "Plan Width": 0,
                  "Actual Startup Time": 96.676,
                  "Actual Total Time": 762.555,
                  "Actual Rows": 4149104,
                  "Actual Loops": 7,
                  "Filter": "(person_id > 695293)",
                  "Rows Removed by Filter": 1028660
                }
              ]
            }
          ]
        }
      ]
    },
    "Planning Time": 0.169,
    "Triggers": [],
    "Execution Time": 1062.017
  }
]