[
  {
    "Plan": {
      "Node Type": "Aggregate",
      "Strategy": "Plain",
      "Partial Mode": "Finalize",
      "Parallel Aware": false,
      "Startup Cost": 30679.8,
      "Total Cost": 30679.81,
      "Plan Rows": 1,
      "Plan Width": 8,
      "Actual Startup Time": 85.469,
      "Actual Total Time": 93.24,
      "Actual Rows": 1,
      "Actual Loops": 1,
      "Plans": [
        {
          "Node Type": "Gather",
          "Parent Relationship": "Outer",
          "Parallel Aware": false,
          "Startup Cost": 30679.48,
          "Total Cost": 30679.79,
          "Plan Rows": 3,
          "Plan Width": 8,
          "Actual Startup Time": 85.258,
          "Actual Total Time": 93.232,
          "Actual Rows": 4,
          "Actual Loops": 1,
          "Workers Planned": 3,
          "Workers Launched": 3,
          "Single Copy": false,
          "Plans": [
            {
              "Node Type": "Aggregate",
              "Strategy": "Plain",
              "Partial Mode": "Partial",
              "Parent Relationship": "Outer",
              "Parallel Aware": false,
              "Startup Cost": 29679.48,
              "Total Cost": 29679.49,
              "Plan Rows": 1,
              "Plan Width": 8,
              "Actual Startup Time": 78.457,
              "Actual Total Time": 78.458,
              "Actual Rows": 1,
              "Actual Loops": 4,
              "Plans": [
                {
                  "Node Type": "Seq Scan",
                  "Parent Relationship": "Outer",
                  "Parallel Aware": true,
                  "Relation Name": "movie_companies",
                  "Alias": "mc",
                  "Startup Cost": 0.0,
                  "Total Cost": 29310.68,
                  "Plan Rows": 147521,
                  "Plan Width": 0,
                  "Actual Startup Time": 44.985,
                  "Actual Total Time": 73.372,
                  "Actual Rows": 116403,
                  "Actual Loops": 4,
                  "Filter": "(company_id > 76320)",
                  "Rows Removed by Filter": 535879
                }
              ]
            }
          ]
        }
      ]
    },
    "Planning Time": 0.119,
    "Triggers": [],
    "Execution Time": 93.277
  }
]