[
  {
    "Plan": {
      "Node Type": "Aggregate",
      "Strategy": "Plain",
      "Partial Mode": "Finalize",
      "Parallel Aware": false,
      "Startup Cost": 460579.77,
      "Total Cost": 460579.78,
      "Plan Rows": 1,
      "Plan Width": 8,
      "Actual Startup Time": 1956.614,
      "Actual Total Time": 2001.202,
      "Actual Rows": 1,
      "Actual Loops": 1,
      "Plans": [
        {
          "Node Type": "Gather",
          "Parent Relationship": "Outer",
          "Parallel Aware": false,
          "Startup Cost": 460579.14,
          "Total Cost": 460579.75,
          "Plan Rows": 6,
          "Plan Width": 8,
          "Actual Startup Time": 1912.488,
          "Actual Total Time": 2001.19,
          "Actual Rows": 7,
          "Actual Loops": 1,
          "Workers Planned": 6,
          "Workers Launched": 6,
          "Single Copy": false,
          "Plans": [
            {
              "Node Type": "Aggregate",
              "Strategy": "Plain",
              "Partial Mode": "Partial",
              "Parent Relationship": "Outer",
              "Parallel Aware": false,
              "Startup Cost": 459579.14,
              "Total Cost": 459579.15,
              "Plan Rows": 1,
              "Plan Width": 8,
              "Actual Startup Time": 1886.611,
              "Actual Total Time": 1886.622,
              "Actual Rows": 1,
              "Actual Loops": 7,
              "Plans": [
                {
                  "Node Type": "Hash Join",
                  "Parent Relationship": "Outer",
                  "Parallel Aware": true,
                  "Join Type": "Inner",
                  "Startup Cost": 106593.52,
                  "Total Cost": 454706.8,
                  "Plan Rows": 1948936,
                  "Plan Width": 0,
                  "Actual Startup Time": 684.07,
                  "Actual Total Time": 1673.694,
                  "Actual Rows": 4731768,
                  "Actual Loops": 7,
                  "Inner Unique": false,
                  "Hash Cond": "(ci.movie_id = t.id)",
                  "Plans": [
                    {
                      "Node Type": "Index Scan",
                      "Parent Relationship": "Outer",
                      "Parallel Aware": true,
                      "Scan Direction": "Forward",
                      "Index Name": "role_id_cast_info",
                      "Relation Name": "cast_info",
                      "Alias": "ci",
                      "Startup Cost": 0.56,
                      "Total Cost": 335235.55,
                      "Plan Rows": 1757709,
                      "Plan Width": 4,
                      "Actual Startup Time": 116.768,
                      "Actual Total Time": 368.568,
                      "Actual Rows": 1216815,
                      "Actual Loops": 7,
                      "Index Cond": "(role_id = 1)",
                      "Rows Removed by Index Recheck": 0,
                      "Filter": "(person_id > 556853)",
                      "Rows Removed by Filter": 593283
                    },
                    {
                      "Node Type": "Hash",
                      "Parent Relationship": "Inner",
                      "Parallel Aware": true,
                      "Startup Cost": 95289.11,
                      "Total Cost": 95289.11,
                      "Plan Rows": 904308,
                      "Plan Width": 8,
                      "Actual Startup Time": 560.403,
                      "Actual Total Time": 560.411,
                      "Actual Rows": 399144,
                      "Actual Loops": 7,
                      "Hash Buckets": 4194304,
                      "Original Hash Buckets": 4194304,
                      "Hash Batches": 1,
                      "Original Hash Batches": 1,
                      "Peak Memory Usage": 142176,
                      "Plans": [
                        {
                          "Node Type": "Hash Join",
                          "Parent Relationship": "Outer",
                          "Parallel Aware": true,
                          "Join Type": "Inner",
                          "Startup Cost": 50219.64,
                          "Total Cost": 95289.11,
                          "Plan Rows": 904308,
                          "Plan Width": 8,
                          "Actual Startup Time": 252.822,
                          "Actual Total Time": 425.603,
                          "Actual Rows": 399144,
                          "Actual Loops": 7,
                          "Inner Unique": true,
                          "Hash Cond": "(mk.movie_id = t.id)",
                          "Plans": [
                            {
                              "Node Type": "Seq Scan",
                              "Parent Relationship": "Outer",
                              "Parallel Aware": true,
                              "Relation Name": "movie_keyword",
                              "Alias": "mk",
                              "Startup Cost": 0.0,
                              "Total Cost": 42695.65,
                              "Plan Rows": 904308,
                              "Plan Width": 4,
                              "Actual Startup Time": 0.134,
                              "Actual Total Time": 82.029,
                              "Actual Rows": 399144,
                              "Actual Loops": 7,
                              "Filter": "(keyword_id > 2814)",
                              "Rows Removed by Filter": 247131
                            },
                            {
                              "Node Type": "Hash",
                              "Parent Relationship": "Inner",
                              "Parallel Aware": true,
                              "Startup Cost": 42318.73,
                              "Total Cost": 42318.73,
                              "Plan Rows": 632073,
                              "Plan Width": 4,
                              "Actual Startup Time": 249.045,
                              "Actual Total Time": 249.046,
                              "Actual Rows": 361187,
                              "Actual Loops": 7,
                              "Hash Buckets": 4194304,
                              "Original Hash Buckets": 4194304,
                              "Hash Batches": 1,
                              "Original Hash Batches": 1,
                              "Peak Memory Usage": 131840,
                              "Plans": [
                                {
                                  "Node Type": "Seq Scan",
                                  "Parent Relationship": "Outer",
                                  "Parallel Aware": true,
                                  "Relation Name": "title",
                                  "Alias": "t",
                                  "Startup Cost": 0.0,
                                  "Total Cost": 42318.73,
                                  "Plan Rows": 632073,
                                  "Plan Width": 4,
                                  "Actual Startup Time": 0.038,
                                  "Actual Total Time": 72.998,
                                  "Actual Rows": 361187,
                                  "Actual Loops": 7
                                }
                              ]
                            }
                          ]
                        }
                      ]
                    }
                  ]
                }
              ]
            }
          ]
        }
      ]
    },
    "Planning Time": 1.379,
    "Triggers": [],
    "Execution Time": 2001.325
  }
]