{
  "Plan": {
    "Node Type": "Aggregate",
    "Strategy": "Plain",
    "Partial Mode": "Finalize",
    "Parallel Aware": false,
    "Startup Cost": 262644.67,
    "Total Cost": 262644.68,
    "Plan Rows": 1,
    "Plan Width": 8,
    "Actual Startup Time": 752.274,
    "Actual Total Time": 771.879,
    "Actual Rows": 1,
    "Actual Loops": 1,
    "Plans": [
      {
        "Node Type": "Gather",
        "Parent Relationship": "Outer",
        "Parallel Aware": false,
        "Startup Cost": 262644.55,
        "Total Cost": 262644.66,
        "Plan Rows": 1,
        "Plan Width": 8,
        "Actual Startup Time": 747.336,
        "Actual Total Time": 771.87,
        "Actual Rows": 2,
        "Actual Loops": 1,
        "Workers Planned": 1,
        "Workers Launched": 1,
        "Single Copy": false,
        "Plans": [
          {
            "Node Type": "Aggregate",
            "Strategy": "Plain",
            "Partial Mode": "Partial",
            "Parent Relationship": "Outer",
            "Parallel Aware": false,
            "Startup Cost": 261644.55,
            "Total Cost": 261644.56,
            "Plan Rows": 1,
            "Plan Width": 8,
            "Actual Startup Time": 739.538,
            "Actual Total Time": 739.542,
            "Actual Rows": 1,
            "Actual Loops": 2,
            "Plans": [
              {
                "Node Type": "Hash Join",
                "Parent Relationship": "Outer",
                "Parallel Aware": true,
                "Join Type": "Inner",
                "Startup Cost": 88636.76,
                "Total Cost": 260415.68,
                "Plan Rows": 491548,
                "Plan Width": 0,
                "Actual Startup Time": 473.546,
                "Actual Total Time": 720.873,
                "Actual Rows": 425365,
                "Actual Loops": 2,
                "Inner Unique": true,
                "Hash Cond": "(mi.movie_id = t.id)",
                "Plans": [
                  {
                    "Node Type": "Bitmap Heap Scan",
                    "Parent Relationship": "Outer",
                    "Parallel Aware": true,
                    "Relation Name": "movie_info",
                    "Alias": "mi",
                    "Startup Cost": 19924.7,
                    "Total Cost": 190005.24,
                    "Plan Rows": 647003,
                    "Plan Width": 4,
                    "Actual Startup Time": 40.148,
                    "Actual Total Time": 132.885,
                    "Actual Rows": 523158,
                    "Actual Loops": 2,
                    "Recheck Cond": "(info_type_id > 78)",
                    "Rows Removed by Index Recheck": 0,
                    "Exact Heap Blocks": 19302,
                    "Lossy Heap Blocks": 0,
                    "Plans": [
                      {
                        "Node Type": "Bitmap Index Scan",
                        "Parent Relationship": "Outer",
                        "Parallel Aware": false,
                        "Index Name": "info_type_id_movie_info",
                        "Startup Cost": 0.0,
                        "Total Cost": 19649.72,
                        "Plan Rows": 1099905,
                        "Plan Width": 0,
                        "Actual Startup Time": 34.636,
                        "Actual Total Time": 34.637,
                        "Actual Rows": 1046316,
                        "Actual Loops": 1,
                        "Index Cond": "(info_type_id > 78)"
                      }
                    ]
                  },
                  {
                    "Node Type": "Hash",
                    "Parent Relationship": "Inner",
                    "Parallel Aware": true,
                    "Startup Cost": 54588.39,
                    "Total Cost": 54588.39,
                    "Plan Rows": 1129894,
                    "Plan Width": 4,
                    "Actual Startup Time": 418.635,
                    "Actual Total Time": 418.635,
                    "Actual Rows": 961424,
                    "Actual Loops": 2,
                    "Hash Buckets": 2097152,
                    "Original Hash Buckets": 2097152,
                    "Hash Batches": 1,
                    "Original Hash Batches": 1,
                    "Peak Memory Usage": 91648,
                    "Plans": [
                      {
                        "Node Type": "Seq Scan",
                        "Parent Relationship": "Outer",
                        "Parallel Aware": true,
                        "Relation Name": "title",
                        "Alias": "t",
                        "Startup Cost": 0.0,
                        "Total Cost": 54588.39,
                        "Plan Rows": 1129894,
                        "Plan Width": 4,
                        "Actual Startup Time": 0.03,
                        "Actual Total Time": 176.907,
                        "Actual Rows": 961424,
                        "Actual Loops": 2,
                        "Filter": "(production_year < 2010)",
                        "Rows Removed by Filter": 302732
                      }
                    ]
                  }
                ]
              }
            ]
          }
        ]
      }
    ]
  },
  "Planning Time": 0.747,
  "Triggers": [],
  "Execution Time": 771.97
}