[
  {
    "Plan": {
      "Node Type": "Aggregate",
      "Strategy": "Plain",
      "Partial Mode": "Finalize",
      "Parallel Aware": false,
      "Startup Cost": 77047.41,
      "Total Cost": 77047.42,
      "Plan Rows": 1,
      "Plan Width": 8,
      "Actual Startup Time": 175.092,
      "Actual Total Time": 186.252,
      "Actual Rows": 1,
      "Actual Loops": 1,
      "Plans": [
        {
          "Node Type": "Gather",
          "Parent Relationship": "Outer",
          "Parallel Aware": false,
          "Startup Cost": 77047.09,
          "Total Cost": 77047.4,
          "Plan Rows": 3,
          "Plan Width": 8,
          "Actual Startup Time": 174.708,
          "Actual Total Time": 186.244,
          "Actual Rows": 4,
          "Actual Loops": 1,
          "Workers Planned": 3,
          "Workers Launched": 3,
          "Single Copy": false,
          "Plans": [
            {
              "Node Type": "Aggregate",
              "Strategy": "Plain",
              "Partial Mode": "Partial",
              "Parent Relationship": "Outer",
              "Parallel Aware": false,
              "Startup Cost": 76047.09,
              "Total Cost": 76047.1,
              "Plan Rows": 1,
              "Plan Width": 8,
              "Actual Startup Time": 171.144,
              "Actual Total Time": 171.148,
              "Actual Rows": 1,
              "Actual Loops": 4,
              "Plans": [
                {
                  "Node Type": "Hash Join",
                  "Parent Relationship": "Outer",
                  "Parallel Aware": true,
                  "Join Type": "Inner",
                  "Startup Cost": 44239.28,
                  "Total Cost": 76031.61,
                  "Plan Rows": 6194,
                  "Plan Width": 0,
                  "Actual Startup Time": 115.364,
                  "Actual Total Time": 170.747,
                  "Actual Rows": 7698,
                  "Actual Loops": 4,
                  "Inner Unique": true,
                  "Hash Cond": "(mc.movie_id = t.id)",
                  "Plans": [
                    {
                      "Node Type": "Seq Scan",
                      "Parent Relationship": "Outer",
                      "Parallel Aware": true,
                      "Relation Name": "movie_companies",
                      "Alias": "mc",
                      "Startup Cost": 0.0,
                      "Total Cost": 31414.82,
                      "Plan Rows": 143813,
                      "Plan Width": 4,
                      "Actual Startup Time": 25.871,
                      "Actual Total Time": 58.109,
                      "Actual Rows": 192292,
                      "Actual Loops": 4,
                      "Filter": "((company_id > 23042) AND (company_type_id > 1))",
                      "Rows Removed by Filter": 459990
                    },
                    {
                      "Node Type": "Hash",
                      "Parent Relationship": "Inner",
                      "Parallel Aware": true,
                      "Startup Cost": 43899.01,
                      "Total Cost": 43899.01,
                      "Plan Rows": 27222,
                      "Plan Width": 4,
                      "Actual Startup Time": 88.202,
                      "Actual Total Time": 88.203,
                      "Actual Rows": 27107,
                      "Actual Loops": 4,
                      "Hash Buckets": 131072,
                      "Original Hash Buckets": 131072,
                      "Hash Batches": 1,
                      "Original Hash Batches": 1,
                      "Peak Memory Usage": 5344,
                      "Plans": [
                        {
                          "Node Type": "Seq Scan",
                          "Parent Relationship": "Outer",
                          "Parallel Aware": true,
                          "Relation Name": "title",
                          "Alias": "t",
                          "Startup Cost": 0.0,
                          "Total Cost": 43899.01,
                          "Plan Rows": 27222,
                          "Plan Width": 4,
                          "Actual Startup Time": 0.022,
                          "Actual Total Time": 79.105,
                          "Actual Rows": 27107,
                          "Actual Loops": 4,
                          "Filter": "(production_year = 2006)",
                          "Rows Removed by Filter": 604971
                        }
                      ]
                    }
                  ]
                }
              ]
            }
          ]
        }
      ]
    },
    "Planning Time": 0.618,
    "Triggers": [],
    "Execution Time": 186.311
  }
]