[
  {
    "Plan": {
      "Node Type": "Aggregate",
      "Strategy": "Plain",
      "Partial Mode": "Finalize",
      "Parallel Aware": false,
      "Startup Cost": 99163.62,
      "Total Cost": 99163.63,
      "Plan Rows": 1,
      "Plan Width": 8,
      "Actual Startup Time": 375.404,
      "Actual Total Time": 392.947,
      "Actual Rows": 1,
      "Actual Loops": 1,
      "Plans": [
        {
          "Node Type": "Gather",
          "Parent Relationship": "Outer",
          "Parallel Aware": false,
          "Startup Cost": 99163.2,
          "Total Cost": 99163.61,
          "Plan Rows": 4,
          "Plan Width": 8,
          "Actual Startup Time": 367.668,
          "Actual Total Time": 392.937,
          "Actual Rows": 5,
          "Actual Loops": 1,
          "Workers Planned": 4,
          "Workers Launched": 4,
          "Single Copy": false,
          "Plans": [
            {
              "Node Type": "Aggregate",
              "Strategy": "Plain",
              "Partial Mode": "Partial",
              "Parent Relationship": "Outer",
              "Parallel Aware": false,
              "Startup Cost": 98163.2,
              "Total Cost": 98163.21,
              "Plan Rows": 1,
              "Plan Width": 8,
              "Actual Startup Time": 357.252,
              "Actual Total Time": 357.453,
              "Actual Rows": 1,
              "Actual Loops": 5,
              "Plans": [
                {
                  "Node Type": "Hash Join",
                  "Parent Relationship": "Outer",
                  "Parallel Aware": true,
                  "Join Type": "Inner",
                  "Startup Cost": 53049.19,
                  "Total Cost": 98109.91,
                  "Plan Rows": 21315,
                  "Plan Width": 0,
                  "Actual Startup Time": 259.889,
                  "Actual Total Time": 354.477,
                  "Actual Rows": 69608,
                  "Actual Loops": 5,
                  "Inner Unique": false,
                  "Hash Cond": "(t.id = mi_idx.movie_id)",
                  "Plans": [
                    {
                      "Node Type": "Seq Scan",
                      "Parent Relationship": "Outer",
                      "Parallel Aware": true,
                      "Relation Name": "title",
                      "Alias": "t",
                      "Startup Cost": 0.0,
                      "Total Cost": 42318.73,
                      "Plan Rows": 632073,
                      "Plan Width": 4,
                      "Actual Startup Time": 0.014,
                      "Actual Total Time": 63.902,
                      "Actual Rows": 505662,
                      "Actual Loops": 5
                    },
                    {
                      "Node Type": "Hash",
                      "Parent Relationship": "Inner",
                      "Parallel Aware": true,
                      "Startup Cost": 51190.63,
                      "Total Cost": 51190.63,
                      "Plan Rows": 148685,
                      "Plan Width": 8,
                      "Actual Startup Time": 213.923,
                      "Actual Total Time": 214.123,
                      "Actual Rows": 69608,
                      "Actual Loops": 5,
                      "Hash Buckets": 524288,
                      "Original Hash Buckets": 524288,
                      "Hash Batches": 1,
                      "Original Hash Batches": 1,
                      "Peak Memory Usage": 17792,
                      "Plans": [
                        {
                          "Node Type": "Hash Join",
                          "Parent Relationship": "Outer",
                          "Parallel Aware": true,
                          "Join Type": "Inner",
                          "Startup Cost": 24887.62,
                          "Total Cost": 51190.63,
                          "Plan Rows": 148685,
                          "Plan Width": 8,
                          "Actual Startup Time": 135.219,
                          "Actual Total Time": 194.136,
                          "Actual Rows": 69608,
                          "Actual Loops": 5,
                          "Inner Unique": false,
                          "Hash Cond": "(mk.movie_id = mi_idx.movie_id)",
                          "Plans": [
                            {
                              "Node Type": "Bitmap Heap Scan",
                              "Parent Relationship": "Outer",
                              "Parallel Aware": true,
                              "Relation Name": "movie_keyword",
                              "Alias": "mk",
                              "Startup Cost": 4978.19,
                              "Total Cost": 30377.95,
                              "Plan Rows": 75661,
                              "Plan Width": 4,
                              "Actual Startup Time": 18.863,
                              "Actual Total Time": 56.152,
                              "Actual Rows": 44854,
                              "Actual Loops": 5,
                              "Recheck Cond": "(keyword_id > 64143)",
                              "Rows Removed by Index Recheck": 0,
                              "Exact Heap Blocks": 5230,
                              "Lossy Heap Blocks": 0,
                              "Plans": [
                                {
                                  "Node Type": "Bitmap Index Scan",
                                  "Parent Relationship": "Outer",
                                  "Parallel Aware": false,
                                  "Index Name": "keyword_id_movie_keyword",
                                  "Startup Cost": 0.0,
                                  "Total Cost": 4919.55,
                                  "Plan Rows": 234549,
                                  "Plan Width": 0,
                                  "Actual Startup Time": 15.701,
                                  "Actual Total Time": 15.702,
                                  "Actual Rows": 224270,
                                  "Actual Loops": 1,
                                  "Index Cond": "(keyword_id > 64143)"
                                }
                              ]
                            },
                            {
                              "Node Type": "Hash",
                              "Parent Relationship": "Inner",
                              "Parallel Aware": true,
                              "Startup Cost": 15122.68,
                              "Total Cost": 15122.68,
                              "Plan Rows": 382940,
                              "Plan Width": 4,
                              "Actual Startup Time": 113.749,
                              "Actual Total Time": 113.75,
                              "Actual Rows": 183970,
                              "Actual Loops": 5,
                              "Hash Buckets": 1048576,
                              "Original Hash Buckets": 1048576,
                              "Hash Batches": 1,
                              "Original Hash Batches": 1,
                              "Peak Memory Usage": 44256,
                              "Plans": [
                                {
                                  "Node Type": "Seq Scan",
                                  "Parent Relationship": "Outer",
                                  "Parallel Aware": true,
                                  "Relation Name": "movie_info_idx",
                                  "Alias": "mi_idx",
                                  "Startup Cost": 0.0,
                                  "Total Cost": 15122.68,
                                  "Plan Rows": 382940,
                                  "Plan Width": 4,
                                  "Actual Startup Time": 0.077,
                                  "Actual Total Time": 44.821,
                                  "Actual Rows": 183970,
                                  "Actual Loops": 5,
                                  "Filter": "(info_type_id < 101)",
                                  "Rows Removed by Filter": 92037
                                }
                              ]
                            }
                          ]
                        }
                      ]
                    }
                  ]
                }
              ]
            }
          ]
        }
      ]
    },
    "Planning Time": 1.361,
    "Triggers": [],
    "Execution Time": 393.098
  }
]