[
  {
    "Plan": {
      "Node Type": "Aggregate",
      "Strategy": "Plain",
      "Partial Mode": "Finalize",
      "Parallel Aware": false,
      "Startup Cost": 96721.8,
      "Total Cost": 96721.81,
      "Plan Rows": 1,
      "Plan Width": 8,
      "Actual Startup Time": 410.906,
      "Actual Total Time": 430.522,
      "Actual Rows": 1,
      "Actual Loops": 1,
      "Plans": [
        {
          "Node Type": "Gather",
          "Parent Relationship": "Outer",
          "Parallel Aware": false,
          "Startup Cost": 96721.49,
          "Total Cost": 96721.8,
          "Plan Rows": 3,
          "Plan Width": 8,
          "Actual Startup Time": 407.92,
          "Actual Total Time": 430.512,
          "Actual Rows": 4,
          "Actual Loops": 1,
          "Workers Planned": 3,
          "Workers Launched": 3,
          "Single Copy": false,
          "Plans": [
            {
              "Node Type": "Aggregate",
              "Strategy": "Plain",
              "Partial Mode": "Partial",
              "Parent Relationship": "Outer",
              "Parallel Aware": false,
              "Startup Cost": 95721.49,
              "Total Cost": 95721.5,
              "Plan Rows": 1,
              "Plan Width": 8,
              "Actual Startup Time": 402.466,
              "Actual Total Time": 402.607,
              "Actual Rows": 1,
              "Actual Loops": 4,
              "Plans": [
                {
                  "Node Type": "Hash Join",
                  "Parent Relationship": "Outer",
                  "Parallel Aware": true,
                  "Join Type": "Inner",
                  "Startup Cost": 63703.01,
                  "Total Cost": 95555.95,
                  "Plan Rows": 66215,
                  "Plan Width": 0,
                  "Actual Startup Time": 266.164,
                  "Actual Total Time": 401.0,
                  "Actual Rows": 32420,
                  "Actual Loops": 4,
                  "Inner Unique": false,
                  "Hash Cond": "(mc.movie_id = t.id)",
                  "Plans": [
                    {
                      "Node Type": "Seq Scan",
                      "Parent Relationship": "Outer",
                      "Parallel Aware": true,
                      "Relation Name": "movie_companies",
                      "Alias": "mc",
                      "Startup Cost": 0.0,
                      "Total Cost": 29310.68,
                      "Plan Rows": 604362,
                      "Plan Width": 4,
                      "Actual Startup Time": 0.503,
                      "Actual Total Time": 80.121,
                      "Actual Rows": 468512,
                      "Actual Loops": 4,
                      "Filter": "(company_id > 1434)",
                      "Rows Removed by Filter": 183770
                    },
                    {
                      "Node Type": "Hash",
                      "Parent Relationship": "Inner",
                      "Parallel Aware": true,
                      "Startup Cost": 62260.2,
                      "Total Cost": 62260.2,
                      "Plan Rows": 115425,
                      "Plan Width": 8,
                      "Actual Startup Time": 262.125,
                      "Actual Total Time": 262.264,
                      "Actual Rows": 37330,
                      "Actual Loops": 4,
                      "Hash Buckets": 524288,
                      "Original Hash Buckets": 524288,
                      "Hash Batches": 1,
                      "Original Hash Batches": 1,
                      "Peak Memory Usage": 10016,
                      "Plans": [
                        {
                          "Node Type": "Hash Join",
                          "Parent Relationship": "Outer",
                          "Parallel Aware": true,
                          "Join Type": "Inner",
                          "Startup Cost": 47065.64,
                          "Total Cost": 62260.2,
                          "Plan Rows": 115425,
                          "Plan Width": 8,
                          "Actual Startup Time": 154.582,
                          "Actual Total Time": 245.432,
                          "Actual Rows": 37330,
                          "Actual Loops": 4,
                          "Inner Unique": true,
                          "Hash Cond": "(mi_idx.movie_id = t.id)",
                          "Plans": [
                            {
                              "Node Type": "Seq Scan",
                              "Parent Relationship": "Outer",
                              "Parallel Aware": true,
                              "Relation Name": "movie_info_idx",
                              "Alias": "mi_idx",
                              "Startup Cost": 0.0,
                              "Total Cost": 13685.15,
                              "Plan Rows": 575015,
                              "Plan Width": 4,
                              "Actual Startup Time": 0.014,
                              "Actual Total Time": 35.433,
                              "Actual Rows": 345009,
                              "Actual Loops": 4
                            },
                            {
                              "Node Type": "Hash",
                              "Parent Relationship": "Inner",
                              "Parallel Aware": true,
                              "Startup Cost": 45479.59,
                              "Total Cost": 45479.59,
                              "Plan Rows": 126884,
                              "Plan Width": 4,
                              "Actual Startup Time": 152.508,
                              "Actual Total Time": 152.509,
                              "Actual Rows": 100987,
                              "Actual Loops": 4,
                              "Hash Buckets": 524288,
                              "Original Hash Buckets": 524288,
                              "Hash Batches": 1,
                              "Original Hash Batches": 1,
                              "Peak Memory Usage": 19968,
                              "Plans": [
                                {
                                  "Node Type": "Seq Scan",
                                  "Parent Relationship": "Outer",
                                  "Parallel Aware": true,
                                  "Relation Name": "title",
                                  "Alias": "t",
                                  "Startup Cost": 0.0,
                                  "Total Cost": 45479.59,
                                  "Plan Rows": 126884,
                                  "Plan Width": 4,
                                  "Actual Startup Time": 0.026,
                                  "Actual Total Time": 107.984,
                                  "Actual Rows": 100987,
                                  "Actual Loops": 4,
                                  "Filter": "((production_year < 1996) AND (kind_id = 7))",
                                  "Rows Removed by Filter": 531091
                                }
                              ]
                            }
                          ]
                        }
                      ]
                    }
                  ]
                }
              ]
            }
          ]
        }
      ]
    },
    "Planning Time": 1.166,
    "Triggers": [],
    "Execution Time": 430.597
  }
]