[
  {
    "Plan": {
      "Node Type": "Aggregate",
      "Strategy": "Plain",
      "Partial Mode": "Finalize",
      "Parallel Aware": false,
      "Startup Cost": 32714.46,
      "Total Cost": 32714.47,
      "Plan Rows": 1,
      "Plan Width": 8,
      "Actual Startup Time": 82.168,
      "Actual Total Time": 89.687,
      "Actual Rows": 1,
      "Actual Loops": 1,
      "Plans": [
        {
          "Node Type": "Gather",
          "Parent Relationship": "Outer",
          "Parallel Aware": false,
          "Startup Cost": 32714.14,
          "Total Cost": 32714.45,
          "Plan Rows": 3,
          "Plan Width": 8,
          "Actual Startup Time": 82.078,
          "Actual Total Time": 89.677,
          "Actual Rows": 4,
          "Actual Loops": 1,
          "Workers Planned": 3,
          "Workers Launched": 3,
          "Single Copy": false,
          "Plans": [
            {
              "Node Type": "Aggregate",
              "Strategy": "Plain",
              "Partial Mode": "Partial",
              "Parent Relationship": "Outer",
              "Parallel Aware": false,
              "Startup Cost": 31714.14,
              "Total Cost": 31714.15,
              "Plan Rows": 1,
              "Plan Width": 8,
              "Actual Startup Time": 76.533,
              "Actual Total Time": 76.534,
              "Actual Rows": 1,
              "Actual Loops": 4,
              "Plans": [
                {
                  "Node Type": "Seq Scan",
                  "Parent Relationship": "Outer",
                  "Parallel Aware": true,
                  "Relation Name": "movie_companies",
                  "Alias": "mc",
                  "Startup Cost": 0.0,
                  "Total Cost": 31414.82,
                  "Plan Rows": 119730,
                  "Plan Width": 0,
                  "Actual Startup Time": 27.038,
                  "Actual Total Time": 75.706,
                  "Actual Rows": 14866,
                  "Actual Loops": 4,
                  "Filter": "((company_id > 34188) AND (company_type_id < 2))",
                  "Rows Removed by Filter": 637416
                }
              ]
            }
          ]
        }
      ]
    },
    "Planning Time": 0.173,
    "Triggers": [],
    "Execution Time": 89.736
  }
]