{
  "Plan": {
    "Node Type": "Aggregate",
    "Strategy": "Plain",
    "Partial Mode": "Finalize",
    "Parallel Aware": false,
    "Startup Cost": 695805.46,
    "Total Cost": 695805.47,
    "Plan Rows": 1,
    "Plan Width": 8,
    "Actual Startup Time": 6562.437,
    "Actual Total Time": 6634.176,
    "Actual Rows": 1,
    "Actual Loops": 1,
    "Plans": [
      {
        "Node Type": "Gather",
        "Parent Relationship": "Outer",
        "Parallel Aware": false,
        "Startup Cost": 695805.35,
        "Total Cost": 695805.46,
        "Plan Rows": 1,
        "Plan Width": 8,
        "Actual Startup Time": 6554.938,
        "Actual Total Time": 6634.166,
        "Actual Rows": 2,
        "Actual Loops": 1,
        "Workers Planned": 1,
        "Workers Launched": 1,
        "Single Copy": false,
        "Plans": [
          {
            "Node Type": "Aggregate",
            "Strategy": "Plain",
            "Partial Mode": "Partial",
            "Parent Relationship": "Outer",
            "Parallel Aware": false,
            "Startup Cost": 694805.35,
            "Total Cost": 694805.36,
            "Plan Rows": 1,
            "Plan Width": 8,
            "Actual Startup Time": 6547.657,
            "Actual Total Time": 6548.93,
            "Actual Rows": 1,
            "Actual Loops": 2,
            "Plans": [
              {
                "Node Type": "Hash Join",
                "Parent Relationship": "Outer",
                "Parallel Aware": true,
                "Join Type": "Inner",
                "Startup Cost": 594385.45,
                "Total Cost": 690006.47,
                "Plan Rows": 1919552,
                "Plan Width": 0,
                "Actual Startup Time": 4611.304,
                "Actual Total Time": 5993.196,
                "Actual Rows": 14041482,
                "Actual Loops": 2,
                "Inner Unique": false,
                "Hash Cond": "(mk.movie_id = t.id)",
                "Plans": [
                  {
                    "Node Type": "Seq Scan",
                    "Parent Relationship": "Outer",
                    "Parallel Aware": true,
                    "Relation Name": "movie_keyword",
                    "Alias": "mk",
                    "Startup Cost": 0.0,
                    "Total Cost": 51065.35,
                    "Plan Rows": 2661135,
                    "Plan Width": 4,
                    "Actual Startup Time": 0.011,
                    "Actual Total Time": 156.086,
                    "Actual Rows": 2261965,
                    "Actual Loops": 2
                  },
                  {
                    "Node Type": "Hash",
                    "Parent Relationship": "Inner",
                    "Parallel Aware": true,
                    "Startup Cost": 580975.67,
                    "Total Cost": 580975.67,
                    "Plan Rows": 1072782,
                    "Plan Width": 8,
                    "Actual Startup Time": 4595.827,
                    "Actual Total Time": 4597.099,
                    "Actual Rows": 1292183,
                    "Actual Loops": 2,
                    "Hash Buckets": 4194304,
                    "Original Hash Buckets": 2097152,
                    "Hash Batches": 1,
                    "Original Hash Batches": 1,
                    "Peak Memory Usage": 150272,
                    "Plans": [
                      {
                        "Node Type": "Hash Join",
                        "Parent Relationship": "Outer",
                        "Parallel Aware": true,
                        "Join Type": "Inner",
                        "Startup Cost": 59242.32,
                        "Total Cost": 580975.67,
                        "Plan Rows": 1072782,
                        "Plan Width": 8,
                        "Actual Startup Time": 167.192,
                        "Actual Total Time": 4160.401,
                        "Actual Rows": 1292183,
                        "Actual Loops": 2,
                        "Inner Unique": true,
                        "Hash Cond": "(ci.movie_id = t.id)",
                        "Plans": [
                          {
                            "Node Type": "Seq Scan",
                            "Parent Relationship": "Outer",
                            "Parallel Aware": true,
                            "Relation Name": "cast_info",
                            "Alias": "ci",
                            "Startup Cost": 0.0,
                            "Total Cost": 465792.95,
                            "Plan Rows": 21310595,
                            "Plan Width": 4,
                            "Actual Startup Time": 0.013,
                            "Actual Total Time": 1350.578,
                            "Actual Rows": 18122172,
                            "Actual Loops": 2
                          },
                          {
                            "Node Type": "Hash",
                            "Parent Relationship": "Inner",
                            "Parallel Aware": true,
                            "Startup Cost": 58306.47,
                            "Total Cost": 58306.47,
                            "Plan Rows": 74868,
                            "Plan Width": 4,
                            "Actual Startup Time": 166.456,
                            "Actual Total Time": 166.457,
                            "Actual Rows": 116846,
                            "Actual Loops": 2,
                            "Hash Buckets": 262144,
                            "Original Hash Buckets": 131072,
                            "Hash Batches": 1,
                            "Original Hash Batches": 1,
                            "Peak Memory Usage": 12256,
                            "Plans": [
                              {
                                "Node Type": "Seq Scan",
                                "Parent Relationship": "Outer",
                                "Parallel Aware": true,
                                "Relation Name": "title",
                                "Alias": "t",
                                "Startup Cost": 0.0,
                                "Total Cost": 58306.47,
                                "Plan Rows": 74868,
                                "Plan Width": 4,
                                "Actual Startup Time": 0.148,
                                "Actual Total Time": 139.174,
                                "Actual Rows": 116846,
                                "Actual Loops": 2,
                                "Filter": "((kind_id < 7) AND (production_year < 1968))",
                                "Rows Removed by Filter": 1147310
                              }
                            ]
                          }
                        ]
                      }
                    ]
                  }
                ]
              }
            ]
          }
        ]
      }
    ]
  },
  "Planning Time": 0.897,
  "Triggers": [],
  "Execution Time": 6634.267
}