[
  {
    "Plan": {
      "Node Type": "Aggregate",
      "Strategy": "Plain",
      "Partial Mode": "Finalize",
      "Parallel Aware": false,
      "Startup Cost": 46743.88,
      "Total Cost": 46743.89,
      "Plan Rows": 1,
      "Plan Width": 8,
      "Actual Startup Time": 154.216,
      "Actual Total Time": 165.612,
      "Actual Rows": 1,
      "Actual Loops": 1,
      "Plans": [
        {
          "Node Type": "Gather",
          "Parent Relationship": "Outer",
          "Parallel Aware": false,
          "Startup Cost": 46743.56,
          "Total Cost": 46743.87,
          "Plan Rows": 3,
          "Plan Width": 8,
          "Actual Startup Time": 154.078,
          "Actual Total Time": 165.602,
          "Actual Rows": 4,
          "Actual Loops": 1,
          "Workers Planned": 3,
          "Workers Launched": 3,
          "Single Copy": false,
          "Plans": [
            {
              "Node Type": "Aggregate",
              "Strategy": "Plain",
              "Partial Mode": "Partial",
              "Parent Relationship": "Outer",
              "Parallel Aware": false,
              "Startup Cost": 45743.56,
              "Total Cost": 45743.57,
              "Plan Rows": 1,
              "Plan Width": 8,
              "Actual Startup Time": 150.775,
              "Actual Total Time": 150.777,
              "Actual Rows": 1,
              "Actual Loops": 4,
              "Plans": [
                {
                  "Node Type": "Seq Scan",
                  "Parent Relationship": "Outer",
                  "Parallel Aware": true,
                  "Relation Name": "movie_keyword",
                  "Alias": "mk",
                  "Startup Cost": 0.0,
                  "Total Cost": 42695.65,
                  "Plan Rows": 1219164,
                  "Plan Width": 0,
                  "Actual Startup Time": 0.024,
                  "Actual Total Time": 110.875,
                  "Actual Rows": 945516,
                  "Actual Loops": 4,
                  "Filter": "(keyword_id < 25322)",
                  "Rows Removed by Filter": 185467
                }
              ]
            }
          ]
        }
      ]
    },
    "Planning Time": 0.088,
    "Triggers": [],
    "Execution Time": 165.643
  }
]