[
  {
    "Plan": {
      "Node Type": "Aggregate",
      "Strategy": "Plain",
      "Partial Mode": "Finalize",
      "Parallel Aware": false,
      "Startup Cost": 334827.54,
      "Total Cost": 334827.55,
      "Plan Rows": 1,
      "Plan Width": 8,
      "Actual Startup Time": 456.895,
      "Actual Total Time": 478.751,
      "Actual Rows": 1,
      "Actual Loops": 1,
      "Plans": [
        {
          "Node Type": "Gather",
          "Parent Relationship": "Outer",
          "Parallel Aware": false,
          "Startup Cost": 334826.91,
          "Total Cost": 334827.52,
          "Plan Rows": 6,
          "Plan Width": 8,
          "Actual Startup Time": 456.794,
          "Actual Total Time": 478.737,
          "Actual Rows": 7,
          "Actual Loops": 1,
          "Workers Planned": 6,
          "Workers Launched": 6,
          "Single Copy": false,
          "Plans": [
            {
              "Node Type": "Aggregate",
              "Strategy": "Plain",
              "Partial Mode": "Partial",
              "Parent Relationship": "Outer",
              "Parallel Aware": false,
              "Startup Cost": 333826.91,
              "Total Cost": 333826.92,
              "Plan Rows": 1,
              "Plan Width": 8,
              "Actual Startup Time": 446.468,
              "Actual Total Time": 446.469,
              "Actual Rows": 1,
              "Actual Loops": 7,
              "Plans": [
                {
                  "Node Type": "Index Scan",
                  "Parent Relationship": "Outer",
                  "Parallel Aware": true,
                  "Scan Direction": "Forward",
                  "Index Name": "role_id_cast_info",
                  "Relation Name": "cast_info",
                  "Alias": "ci",
                  "Startup Cost": 0.56,
                  "Total Cost": 331632.96,
                  "Plan Rows": 877581,
                  "Plan Width": 0,
                  "Actual Startup Time": 0.202,
                  "Actual Total Time": 388.075,
                  "Actual Rows": 1182525,
                  "Actual Loops": 7,
                  "Index Cond": "(role_id > 3)",
                  "Rows Removed by Index Recheck": 0,
                  "Filter": "(person_id > 2096905)",
                  "Rows Removed by Filter": 547996
                }
              ]
            }
          ]
        }
      ]
    },
    "Planning Time": 0.231,
    "Triggers": [],
    "Execution Time": 478.867
  }
]