{
  "Plan": {
    "Node Type": "Aggregate",
    "Strategy": "Plain",
    "Partial Mode": "Finalize",
    "Parallel Aware": false,
    "Startup Cost": 112661.79,
    "Total Cost": 112661.8,
    "Plan Rows": 1,
    "Plan Width": 8,
    "Actual Startup Time": 178.612,
    "Actual Total Time": 196.571,
    "Actual Rows": 1,
    "Actual Loops": 1,
    "Plans": [
      {
        "Node Type": "Gather",
        "Parent Relationship": "Outer",
        "Parallel Aware": false,
        "Startup Cost": 112661.68,
        "Total Cost": 112661.79,
        "Plan Rows": 1,
        "Plan Width": 8,
        "Actual Startup Time": 178.508,
        "Actual Total Time": 196.565,
        "Actual Rows": 2,
        "Actual Loops": 1,
        "Workers Planned": 1,
        "Workers Launched": 1,
        "Single Copy": false,
        "Plans": [
          {
            "Node Type": "Aggregate",
            "Strategy": "Plain",
            "Partial Mode": "Partial",
            "Parent Relationship": "Outer",
            "Parallel Aware": false,
            "Startup Cost": 111661.68,
            "Total Cost": 111661.69,
            "Plan Rows": 1,
            "Plan Width": 8,
            "Actual Startup Time": 172.572,
            "Actual Total Time": 172.573,
            "Actual Rows": 1,
            "Actual Loops": 2,
            "Plans": [
              {
                "Node Type": "Nested Loop",
                "Parent Relationship": "Outer",
                "Parallel Aware": false,
                "Join Type": "Inner",
                "Startup Cost": 0.43,
                "Total Cost": 111629.74,
                "Plan Rows": 12774,
                "Plan Width": 0,
                "Actual Startup Time": 1.005,
                "Actual Total Time": 171.74,
                "Actual Rows": 16986,
                "Actual Loops": 2,
                "Inner Unique": false,
                "Plans": [
                  {
                    "Node Type": "Seq Scan",
                    "Parent Relationship": "Outer",
                    "Parallel Aware": true,
                    "Relation Name": "title",
                    "Alias": "t",
                    "Startup Cost": 0.0,
                    "Total Cost": 54588.39,
                    "Plan Rows": 7139,
                    "Plan Width": 4,
                    "Actual Startup Time": 0.209,
                    "Actual Total Time": 131.338,
                    "Actual Rows": 6812,
                    "Actual Loops": 2,
                    "Filter": "(production_year = 1972)",
                    "Rows Removed by Filter": 1257344
                  },
                  {
                    "Node Type": "Index Only Scan",
                    "Parent Relationship": "Inner",
                    "Parallel Aware": false,
                    "Scan Direction": "Forward",
                    "Index Name": "movie_id_movie_keyword",
                    "Relation Name": "movie_keyword",
                    "Alias": "mk",
                    "Startup Cost": 0.43,
                    "Total Cost": 7.54,
                    "Plan Rows": 45,
                    "Plan Width": 4,
                    "Actual Startup Time": 0.005,
                    "Actual Total Time": 0.005,
                    "Actual Rows": 2,
                    "Actual Loops": 13623,
                    "Index Cond": "(movie_id = t.id)",
                    "Rows Removed by Index Recheck": 0,
                    "Heap Fetches": 33971
                  }
                ]
              }
            ]
          }
        ]
      }
    ]
  },
  "Planning Time": 0.421,
  "Triggers": [],
  "Execution Time": 196.643
}