{
  "Plan": {
    "Node Type": "Aggregate",
    "Strategy": "Plain",
    "Partial Mode": "Finalize",
    "Parallel Aware": false,
    "Startup Cost": 115372.64,
    "Total Cost": 115372.65,
    "Plan Rows": 1,
    "Plan Width": 8,
    "Actual Startup Time": 822.406,
    "Actual Total Time": 842.714,
    "Actual Rows": 1,
    "Actual Loops": 1,
    "Plans": [
      {
        "Node Type": "Gather",
        "Parent Relationship": "Outer",
        "Parallel Aware": false,
        "Startup Cost": 115372.53,
        "Total Cost": 115372.64,
        "Plan Rows": 1,
        "Plan Width": 8,
        "Actual Startup Time": 817.641,
        "Actual Total Time": 842.707,
        "Actual Rows": 2,
        "Actual Loops": 1,
        "Workers Planned": 1,
        "Workers Launched": 1,
        "Single Copy": false,
        "Plans": [
          {
            "Node Type": "Aggregate",
            "Strategy": "Plain",
            "Partial Mode": "Partial",
            "Parent Relationship": "Outer",
            "Parallel Aware": false,
            "Startup Cost": 114372.53,
            "Total Cost": 114372.54,
            "Plan Rows": 1,
            "Plan Width": 8,
            "Actual Startup Time": 810.873,
            "Actual Total Time": 810.878,
            "Actual Rows": 1,
            "Actual Loops": 2,
            "Plans": [
              {
                "Node Type": "Hash Join",
                "Parent Relationship": "Outer",
                "Parallel Aware": true,
                "Join Type": "Inner",
                "Startup Cost": 91004.75,
                "Total Cost": 114339.62,
                "Plan Rows": 13162,
                "Plan Width": 0,
                "Actual Startup Time": 555.748,
                "Actual Total Time": 810.233,
                "Actual Rows": 14892,
                "Actual Loops": 2,
                "Inner Unique": false,
                "Hash Cond": "(t.id = mc.movie_id)",
                "Plans": [
                  {
                    "Node Type": "Hash Join",
                    "Parent Relationship": "Outer",
                    "Parallel Aware": true,
                    "Join Type": "Inner",
                    "Startup Cost": 69460.7,
                    "Total Cost": 87644.49,
                    "Plan Rows": 811785,
                    "Plan Width": 8,
                    "Actual Startup Time": 514.42,
                    "Actual Total Time": 721.77,
                    "Actual Rows": 690018,
                    "Actual Loops": 2,
                    "Inner Unique": true,
                    "Hash Cond": "(mi_idx.movie_id = t.id)",
                    "Plans": [
                      {
                        "Node Type": "Seq Scan",
                        "Parent Relationship": "Outer",
                        "Parallel Aware": true,
                        "Relation Name": "movie_info_idx",
                        "Alias": "mi_idx",
                        "Startup Cost": 0.0,
                        "Total Cost": 16052.85,
                        "Plan Rows": 811785,
                        "Plan Width": 4,
                        "Actual Startup Time": 0.019,
                        "Actual Total Time": 49.582,
                        "Actual Rows": 690018,
                        "Actual Loops": 2
                      },
                      {
                        "Node Type": "Hash",
                        "Parent Relationship": "Inner",
                        "Parallel Aware": true,
                        "Startup Cost": 50870.31,
                        "Total Cost": 50870.31,
                        "Plan Rows": 1487231,
                        "Plan Width": 4,
                        "Actual Startup Time": 500.72,
                        "Actual Total Time": 500.72,
                        "Actual Rows": 1264156,
                        "Actual Loops": 2,
                        "Hash Buckets": 4194304,
                        "Original Hash Buckets": 4194304,
                        "Hash Batches": 1,
                        "Original Hash Batches": 1,
                        "Peak Memory Usage": 131712,
                        "Plans": [
                          {
                            "Node Type": "Seq Scan",
                            "Parent Relationship": "Outer",
                            "Parallel Aware": true,
                            "Relation Name": "title",
                            "Alias": "t",
                            "Startup Cost": 0.0,
                            "Total Cost": 50870.31,
                            "Plan Rows": 1487231,
                            "Plan Width": 4,
                            "Actual Startup Time": 0.02,
                            "Actual Total Time": 153.24,
                            "Actual Rows": 1264156,
                            "Actual Loops": 2
                          }
                        ]
                      }
                    ]
                  },
                  {
                    "Node Type": "Hash",
                    "Parent Relationship": "Inner",
                    "Parallel Aware": true,
                    "Startup Cost": 21242.62,
                    "Total Cost": 21242.62,
                    "Plan Rows": 24114,
                    "Plan Width": 4,
                    "Actual Startup Time": 39.807,
                    "Actual Total Time": 39.808,
                    "Actual Rows": 8776,
                    "Actual Loops": 2,
                    "Hash Buckets": 65536,
                    "Original Hash Buckets": 65536,
                    "Hash Batches": 1,
                    "Original Hash Batches": 1,
                    "Peak Memory Usage": 1216,
                    "Plans": [
                      {
                        "Node Type": "Bitmap Heap Scan",
                        "Parent Relationship": "Outer",
                        "Parallel Aware": true,
                        "Relation Name": "movie_companies",
                        "Alias": "mc",
                        "Startup Cost": 1740.22,
                        "Total Cost": 21242.62,
                        "Plan Rows": 24114,
                        "Plan Width": 4,
                        "Actual Startup Time": 32.576,
                        "Actual Total Time": 37.784,
                        "Actual Rows": 8776,
                        "Actual Loops": 2,
                        "Recheck Cond": "(company_id < 19)",
                        "Rows Removed by Index Recheck": 0,
                        "Filter": "(company_type_id = 2)",
                        "Rows Removed by Filter": 33260,
                        "Exact Heap Blocks": 7188,
                        "Lossy Heap Blocks": 0,
                        "Plans": [
                          {
                            "Node Type": "Bitmap Index Scan",
                            "Parent Relationship": "Outer",
                            "Parallel Aware": false,
                            "Index Name": "company_id_movie_companies",
                            "Startup Cost": 0.0,
                            "Total Cost": 1729.97,
                            "Plan Rows": 80739,
                            "Plan Width": 0,
                            "Actual Startup Time": 12.562,
                            "Actual Total Time": 12.562,
                            "Actual Rows": 84071,
                            "Actual Loops": 1,
                            "Index Cond": "(company_id < 19)"
                          }
                        ]
                      }
                    ]
                  }
                ]
              }
            ]
          }
        ]
      }
    ]
  },
  "Planning Time": 0.964,
  "Triggers": [],
  "Execution Time": 842.815
}