{
  "Plan": {
    "Node Type": "Aggregate",
    "Strategy": "Plain",
    "Partial Mode": "Finalize",
    "Parallel Aware": false,
    "Startup Cost": 134094.9,
    "Total Cost": 134094.91,
    "Plan Rows": 1,
    "Plan Width": 8,
    "Actual Startup Time": 575.348,
    "Actual Total Time": 615.529,
    "Actual Rows": 1,
    "Actual Loops": 1,
    "Plans": [
      {
        "Node Type": "Gather",
        "Parent Relationship": "Outer",
        "Parallel Aware": false,
        "Startup Cost": 134094.79,
        "Total Cost": 134094.9,
        "Plan Rows": 1,
        "Plan Width": 8,
        "Actual Startup Time": 573.184,
        "Actual Total Time": 615.519,
        "Actual Rows": 2,
        "Actual Loops": 1,
        "Workers Planned": 1,
        "Workers Launched": 1,
        "Single Copy": false,
        "Plans": [
          {
            "Node Type": "Aggregate",
            "Strategy": "Plain",
            "Partial Mode": "Partial",
            "Parent Relationship": "Outer",
            "Parallel Aware": false,
            "Startup Cost": 133094.79,
            "Total Cost": 133094.8,
            "Plan Rows": 1,
            "Plan Width": 8,
            "Actual Startup Time": 566.882,
            "Actual Total Time": 566.887,
            "Actual Rows": 1,
            "Actual Loops": 2,
            "Plans": [
              {
                "Node Type": "Nested Loop",
                "Parent Relationship": "Outer",
                "Parallel Aware": false,
                "Join Type": "Inner",
                "Startup Cost": 61653.24,
                "Total Cost": 132863.03,
                "Plan Rows": 92704,
                "Plan Width": 0,
                "Actual Startup Time": 286.01,
                "Actual Total Time": 552.484,
                "Actual Rows": 269031,
                "Actual Loops": 2,
                "Inner Unique": false,
                "Plans": [
                  {
                    "Node Type": "Hash Join",
                    "Parent Relationship": "Outer",
                    "Parallel Aware": true,
                    "Join Type": "Inner",
                    "Startup Cost": 61652.81,
                    "Total Cost": 87019.34,
                    "Plan Rows": 15854,
                    "Plan Width": 8,
                    "Actual Startup Time": 285.88,
                    "Actual Total Time": 351.467,
                    "Actual Rows": 7302,
                    "Actual Loops": 2,
                    "Inner Unique": true,
                    "Hash Cond": "(mk.movie_id = t.id)",
                    "Plans": [
                      {
                        "Node Type": "Bitmap Heap Scan",
                        "Parent Relationship": "Outer",
                        "Parallel Aware": true,
                        "Relation Name": "movie_keyword",
                        "Alias": "mk",
                        "Startup Cost": 2179.32,
                        "Total Cost": 27387.48,
                        "Plan Rows": 60333,
                        "Plan Width": 4,
                        "Actual Startup Time": 13.015,
                        "Actual Total Time": 53.63,
                        "Actual Rows": 58697,
                        "Actual Loops": 2,
                        "Recheck Cond": "(keyword_id < 115)",
                        "Rows Removed by Index Recheck": 0,
                        "Exact Heap Blocks": 16528,
                        "Lossy Heap Blocks": 0,
                        "Plans": [
                          {
                            "Node Type": "Bitmap Index Scan",
                            "Parent Relationship": "Outer",
                            "Parallel Aware": false,
                            "Index Name": "keyword_id_movie_keyword",
                            "Startup Cost": 0.0,
                            "Total Cost": 2153.68,
                            "Plan Rows": 102566,
                            "Plan Width": 0,
                            "Actual Startup Time": 9.623,
                            "Actual Total Time": 9.624,
                            "Actual Rows": 117394,
                            "Actual Loops": 1,
                            "Index Cond": "(keyword_id < 115)"
                          }
                        ]
                      },
                      {
                        "Node Type": "Hash",
                        "Parent Relationship": "Inner",
                        "Parallel Aware": true,
                        "Startup Cost": 54588.39,
                        "Total Cost": 54588.39,
                        "Plan Rows": 390808,
                        "Plan Width": 4,
                        "Actual Startup Time": 263.584,
                        "Actual Total Time": 263.585,
                        "Actual Rows": 331032,
                        "Actual Loops": 2,
                        "Hash Buckets": 1048576,
                        "Original Hash Buckets": 1048576,
                        "Hash Batches": 1,
                        "Original Hash Batches": 1,
                        "Peak Memory Usage": 34144,
                        "Plans": [
                          {
                            "Node Type": "Seq Scan",
                            "Parent Relationship": "Outer",
                            "Parallel Aware": true,
                            "Relation Name": "title",
                            "Alias": "t",
                            "Startup Cost": 0.0,
                            "Total Cost": 54588.39,
                            "Plan Rows": 390808,
                            "Plan Width": 4,
                            "Actual Startup Time": 0.034,
                            "Actual Total Time": 157.8,
                            "Actual Rows": 331032,
                            "Actual Loops": 2,
                            "Filter": "(production_year > 2008)",
                            "Rows Removed by Filter": 933124
                          }
                        ]
                      }
                    ]
                  },
                  {
                    "Node Type": "Index Only Scan",
                    "Parent Relationship": "Inner",
                    "Parallel Aware": false,
                    "Scan Direction": "Forward",
                    "Index Name": "movie_id_movie_info",
                    "Relation Name": "movie_info",
                    "Alias": "mi",
                    "Startup Cost": 0.43,
                    "Total Cost": 2.47,
                    "Plan Rows": 42,
                    "Plan Width": 4,
                    "Actual Startup Time": 0.007,
                    "Actual Total Time": 0.024,
                    "Actual Rows": 37,
                    "Actual Loops": 14605,
                    "Index Cond": "(movie_id = t.id)",
                    "Rows Removed by Index Recheck": 0,
                    "Heap Fetches": 538062
                  }
                ]
              }
            ]
          }
        ]
      }
    ]
  },
  "Planning Time": 1.009,
  "Triggers": [],
  "Execution Time": 615.653
}