[
  {
    "Plan": {
      "Node Type": "Aggregate",
      "Strategy": "Plain",
      "Partial Mode": "Simple",
      "Parallel Aware": false,
      "Startup Cost": 39152.24,
      "Total Cost": 39152.25,
      "Plan Rows": 1,
      "Plan Width": 8,
      "Actual Startup Time": 74.194,
      "Actual Total Time": 74.195,
      "Actual Rows": 1,
      "Actual Loops": 1,
      "Plans": [
        {
          "Node Type": "Bitmap Heap Scan",
          "Parent Relationship": "Outer",
          "Parallel Aware": false,
          "Relation Name": "title",
          "Alias": "t",
          "Startup Cost": 1632.67,
          "Total Cost": 38990.89,
          "Plan Rows": 64540,
          "Plan Width": 0,
          "Actual Startup Time": 23.303,
          "Actual Total Time": 70.572,
          "Actual Rows": 68457,
          "Actual Loops": 1,
          "Recheck Cond": "(kind_id = 2)",
          "Rows Removed by Index Recheck": 0,
          "Filter": "(production_year > 1988)",
          "Rows Removed by Filter": 22395,
          "Exact Heap Blocks": 23872,
          "Lossy Heap Blocks": 0,
          "Plans": [
            {
              "Node Type": "Bitmap Index Scan",
              "Parent Relationship": "Outer",
              "Parallel Aware": false,
              "Index Name": "kind_id_title",
              "Startup Cost": 0.0,
              "Total Cost": 1616.54,
              "Plan Rows": 90681,
              "Plan Width": 0,
              "Actual Startup Time": 15.448,
              "Actual Total Time": 15.449,
              "Actual Rows": 90852,
              "Actual Loops": 1,
              "Index Cond": "(kind_id = 2)"
            }
          ]
        }
      ]
    },
    "Planning Time": 0.188,
    "Triggers": [],
    "Execution Time": 74.257
  }
]