{
  "Plan": {
    "Node Type": "Aggregate",
    "Strategy": "Plain",
    "Partial Mode": "Finalize",
    "Parallel Aware": false,
    "Startup Cost": 939361.93,
    "Total Cost": 939361.94,
    "Plan Rows": 1,
    "Plan Width": 8,
    "Actual Startup Time": 14390.753,
    "Actual Total Time": 14548.217,
    "Actual Rows": 1,
    "Actual Loops": 1,
    "Plans": [
      {
        "Node Type": "Gather",
        "Parent Relationship": "Outer",
        "Parallel Aware": false,
        "Startup Cost": 939361.82,
        "Total Cost": 939361.93,
        "Plan Rows": 1,
        "Plan Width": 8,
        "Actual Startup Time": 14355.841,
        "Actual Total Time": 14548.204,
        "Actual Rows": 2,
        "Actual Loops": 1,
        "Workers Planned": 1,
        "Workers Launched": 1,
        "Single Copy": false,
        "Plans": [
          {
            "Node Type": "Aggregate",
            "Strategy": "Plain",
            "Partial Mode": "Partial",
            "Parent Relationship": "Outer",
            "Parallel Aware": false,
            "Startup Cost": 938361.82,
            "Total Cost": 938361.83,
            "Plan Rows": 1,
            "Plan Width": 8,
            "Actual Startup Time": 14315.791,
            "Actual Total Time": 14319.439,
            "Actual Rows": 1,
            "Actual Loops": 2,
            "Plans": [
              {
                "Node Type": "Hash Join",
                "Parent Relationship": "Outer",
                "Parallel Aware": true,
                "Join Type": "Inner",
                "Startup Cost": 752738.32,
                "Total Cost": 908219.34,
                "Plan Rows": 12056992,
                "Plan Width": 0,
                "Actual Startup Time": 9679.202,
                "Actual Total Time": 12848.365,
                "Actual Rows": 35844866,
                "Actual Loops": 2,
                "Inner Unique": false,
                "Hash Cond": "(mk.movie_id = t.id)",
                "Plans": [
                  {
                    "Node Type": "Seq Scan",
                    "Parent Relationship": "Outer",
                    "Parallel Aware": true,
                    "Relation Name": "movie_keyword",
                    "Alias": "mk",
                    "Startup Cost": 0.0,
                    "Total Cost": 57718.19,
                    "Plan Rows": 1651651,
                    "Plan Width": 4,
                    "Actual Startup Time": 0.228,
                    "Actual Total Time": 202.172,
                    "Actual Rows": 1398768,
                    "Actual Loops": 2,
                    "Filter": "(keyword_id > 2799)",
                    "Rows Removed by Filter": 863197
                  },
                  {
                    "Node Type": "Hash",
                    "Parent Relationship": "Inner",
                    "Parallel Aware": true,
                    "Startup Cost": 617029.12,
                    "Total Cost": 617029.12,
                    "Plan Rows": 10856736,
                    "Plan Width": 8,
                    "Actual Startup Time": 9574.502,
                    "Actual Total Time": 9578.148,
                    "Actual Rows": 9236929,
                    "Actual Loops": 2,
                    "Hash Buckets": 33554432,
                    "Original Hash Buckets": 33554432,
                    "Hash Batches": 1,
                    "Original Hash Batches": 1,
                    "Peak Memory Usage": 984896,
                    "Plans": [
                      {
                        "Node Type": "Hash Join",
                        "Parent Relationship": "Outer",
                        "Parallel Aware": true,
                        "Join Type": "Inner",
                        "Startup Cost": 69460.7,
                        "Total Cost": 617029.12,
                        "Plan Rows": 10856736,
                        "Plan Width": 8,
                        "Actual Startup Time": 513.633,
                        "Actual Total Time": 6374.141,
                        "Actual Rows": 9236929,
                        "Actual Loops": 2,
                        "Inner Unique": true,
                        "Hash Cond": "(ci.movie_id = t.id)",
                        "Plans": [
                          {
                            "Node Type": "Seq Scan",
                            "Parent Relationship": "Outer",
                            "Parallel Aware": true,
                            "Relation Name": "cast_info",
                            "Alias": "ci",
                            "Startup Cost": 0.0,
                            "Total Cost": 519069.44,
                            "Plan Rows": 10856736,
                            "Plan Width": 4,
                            "Actual Startup Time": 0.017,
                            "Actual Total Time": 1556.634,
                            "Actual Rows": 9236929,
                            "Actual Loops": 2,
                            "Filter": "(person_id < 1837973)",
                            "Rows Removed by Filter": 8885243
                          },
                          {
                            "Node Type": "Hash",
                            "Parent Relationship": "Inner",
                            "Parallel Aware": true,
                            "Startup Cost": 50870.31,
                            "Total Cost": 50870.31,
                            "Plan Rows": 1487231,
                            "Plan Width": 4,
                            "Actual Startup Time": 502.591,
                            "Actual Total Time": 502.592,
                            "Actual Rows": 1264156,
                            "Actual Loops": 2,
                            "Hash Buckets": 4194304,
                            "Original Hash Buckets": 4194304,
                            "Hash Batches": 1,
                            "Original Hash Batches": 1,
                            "Peak Memory Usage": 131680,
                            "Plans": [
                              {
                                "Node Type": "Seq Scan",
                                "Parent Relationship": "Outer",
                                "Parallel Aware": true,
                                "Relation Name": "title",
                                "Alias": "t",
                                "Startup Cost": 0.0,
                                "Total Cost": 50870.31,
                                "Plan Rows": 1487231,
                                "Plan Width": 4,
                                "Actual Startup Time": 0.04,
                                "Actual Total Time": 154.658,
                                "Actual Rows": 1264156,
                                "Actual Loops": 2
                              }
                            ]
                          }
                        ]
                      }
                    ]
                  }
                ]
              }
            ]
          }
        ]
      }
    ]
  },
  "Planning Time": 1.028,
  "Triggers": [],
  "Execution Time": 14548.352
}