[
  {
    "Plan": {
      "Node Type": "Aggregate",
      "Strategy": "Plain",
      "Partial Mode": "Finalize",
      "Parallel Aware": false,
      "Startup Cost": 332388.24,
      "Total Cost": 332388.25,
      "Plan Rows": 1,
      "Plan Width": 8,
      "Actual Startup Time": 707.586,
      "Actual Total Time": 755.115,
      "Actual Rows": 1,
      "Actual Loops": 1,
      "Plans": [
        {
          "Node Type": "Gather",
          "Parent Relationship": "Outer",
          "Parallel Aware": false,
          "Startup Cost": 332387.62,
          "Total Cost": 332388.23,
          "Plan Rows": 6,
          "Plan Width": 8,
          "Actual Startup Time": 707.373,
          "Actual Total Time": 755.101,
          "Actual Rows": 7,
          "Actual Loops": 1,
          "Workers Planned": 6,
          "Workers Launched": 6,
          "Single Copy": false,
          "Plans": [
            {
              "Node Type": "Aggregate",
              "Strategy": "Plain",
              "Partial Mode": "Partial",
              "Parent Relationship": "Outer",
              "Parallel Aware": false,
              "Startup Cost": 331387.62,
              "Total Cost": 331387.63,
              "Plan Rows": 1,
              "Plan Width": 8,
              "Actual Startup Time": 699.615,
              "Actual Total Time": 699.617,
              "Actual Rows": 1,
              "Actual Loops": 7,
              "Plans": [
                {
                  "Node Type": "Seq Scan",
                  "Parent Relationship": "Outer",
                  "Parallel Aware": true,
                  "Relation Name": "cast_info",
                  "Alias": "ci",
                  "Startup Cost": 0.0,
                  "Total Cost": 328211.39,
                  "Plan Rows": 1270490,
                  "Plan Width": 0,
                  "Actual Startup Time": 0.052,
                  "Actual Total Time": 631.391,
                  "Actual Rows": 1107555,
                  "Actual Loops": 7,
                  "Filter": "(person_id < 754312)",
                  "Rows Removed by Filter": 4070208
                }
              ]
            }
          ]
        }
      ]
    },
    "Planning Time": 0.202,
    "Triggers": [],
    "Execution Time": 755.19
  }
]