{
  "Plan": {
    "Node Type": "Aggregate",
    "Strategy": "Plain",
    "Partial Mode": "Finalize",
    "Parallel Aware": false,
    "Startup Cost": 985244.43,
    "Total Cost": 985244.44,
    "Plan Rows": 1,
    "Plan Width": 8,
    "Actual Startup Time": 3434.912,
    "Actual Total Time": 3541.348,
    "Actual Rows": 1,
    "Actual Loops": 1,
    "Plans": [
      {
        "Node Type": "Gather",
        "Parent Relationship": "Outer",
        "Parallel Aware": false,
        "Startup Cost": 985244.32,
        "Total Cost": 985244.43,
        "Plan Rows": 1,
        "Plan Width": 8,
        "Actual Startup Time": 3434.577,
        "Actual Total Time": 3541.339,
        "Actual Rows": 2,
        "Actual Loops": 1,
        "Workers Planned": 1,
        "Workers Launched": 1,
        "Single Copy": false,
        "Plans": [
          {
            "Node Type": "Aggregate",
            "Strategy": "Plain",
            "Partial Mode": "Partial",
            "Parent Relationship": "Outer",
            "Parallel Aware": false,
            "Startup Cost": 984244.32,
            "Total Cost": 984244.33,
            "Plan Rows": 1,
            "Plan Width": 8,
            "Actual Startup Time": 3428.654,
            "Actual Total Time": 3428.658,
            "Actual Rows": 1,
            "Actual Loops": 2,
            "Plans": [
              {
                "Node Type": "Nested Loop",
                "Parent Relationship": "Outer",
                "Parallel Aware": false,
                "Join Type": "Inner",
                "Startup Cost": 58771.75,
                "Total Cost": 981670.87,
                "Plan Rows": 1029381,
                "Plan Width": 0,
                "Actual Startup Time": 678.407,
                "Actual Total Time": 3373.172,
                "Actual Rows": 1324248,
                "Actual Loops": 2,
                "Inner Unique": false,
                "Join Filter": "(t.id = mi.movie_id)",
                "Rows Removed by Join Filter": 0,
                "Plans": [
                  {
                    "Node Type": "Hash Join",
                    "Parent Relationship": "Outer",
                    "Parallel Aware": true,
                    "Join Type": "Inner",
                    "Startup Cost": 58771.32,
                    "Total Cost": 649857.46,
                    "Plan Rows": 178514,
                    "Plan Width": 8,
                    "Actual Startup Time": 678.331,
                    "Actual Total Time": 2044.086,
                    "Actual Rows": 72856,
                    "Actual Loops": 2,
                    "Inner Unique": true,
                    "Hash Cond": "(ci.movie_id = t.id)",
                    "Plans": [
                      {
                        "Node Type": "Seq Scan",
                        "Parent Relationship": "Outer",
                        "Parallel Aware": true,
                        "Relation Name": "cast_info",
                        "Alias": "ci",
                        "Startup Cost": 0.0,
                        "Total Cost": 572345.93,
                        "Plan Rows": 7139116,
                        "Plan Width": 4,
                        "Actual Startup Time": 531.563,
                        "Actual Total Time": 1519.852,
                        "Actual Rows": 2932510,
                        "Actual Loops": 2,
                        "Filter": "((person_id < 1844332) AND (role_id > 1))",
                        "Rows Removed by Filter": 15189662
                      },
                      {
                        "Node Type": "Hash",
                        "Parent Relationship": "Inner",
                        "Parallel Aware": true,
                        "Startup Cost": 58306.47,
                        "Total Cost": 58306.47,
                        "Plan Rows": 37188,
                        "Plan Width": 4,
                        "Actual Startup Time": 145.39,
                        "Actual Total Time": 145.391,
                        "Actual Rows": 26885,
                        "Actual Loops": 2,
                        "Hash Buckets": 65536,
                        "Original Hash Buckets": 65536,
                        "Hash Batches": 1,
                        "Original Hash Batches": 1,
                        "Peak Memory Usage": 2656,
                        "Plans": [
                          {
                            "Node Type": "Seq Scan",
                            "Parent Relationship": "Outer",
                            "Parallel Aware": true,
                            "Relation Name": "title",
                            "Alias": "t",
                            "Startup Cost": 0.0,
                            "Total Cost": 58306.47,
                            "Plan Rows": 37188,
                            "Plan Width": 4,
                            "Actual Startup Time": 0.198,
                            "Actual Total Time": 138.725,
                            "Actual Rows": 26885,
                            "Actual Loops": 2,
                            "Filter": "((kind_id < 7) AND (production_year = 2011))",
                            "Rows Removed by Filter": 1237271
                          }
                        ]
                      }
                    ]
                  },
                  {
                    "Node Type": "Index Scan",
                    "Parent Relationship": "Inner",
                    "Parallel Aware": false,
                    "Scan Direction": "Forward",
                    "Index Name": "movie_id_movie_info",
                    "Relation Name": "movie_info",
                    "Alias": "mi",
                    "Startup Cost": 0.43,
                    "Total Cost": 1.35,
                    "Plan Rows": 41,
                    "Plan Width": 4,
                    "Actual Startup Time": 0.005,
                    "Actual Total Time": 0.017,
                    "Actual Rows": 18,
                    "Actual Loops": 145711,
                    "Index Cond": "(movie_id = ci.movie_id)",
                    "Rows Removed by Index Recheck": 0,
                    "Filter": "(info_type_id < 107)",
                    "Rows Removed by Filter": 1
                  }
                ]
              }
            ]
          }
        ]
      }
    ]
  },
  "Planning Time": 1.041,
  "Triggers": [],
  "Execution Time": 3541.46
}