[
  {
    "Plan": {
      "Node Type": "Aggregate",
      "Strategy": "Plain",
      "Partial Mode": "Finalize",
      "Parallel Aware": false,
      "Startup Cost": 46798.28,
      "Total Cost": 46798.29,
      "Plan Rows": 1,
      "Plan Width": 8,
      "Actual Startup Time": 194.05,
      "Actual Total Time": 208.728,
      "Actual Rows": 1,
      "Actual Loops": 1,
      "Plans": [
        {
          "Node Type": "Gather",
          "Parent Relationship": "Outer",
          "Parallel Aware": false,
          "Startup Cost": 46797.96,
          "Total Cost": 46798.27,
          "Plan Rows": 3,
          "Plan Width": 8,
          "Actual Startup Time": 193.882,
          "Actual Total Time": 208.72,
          "Actual Rows": 4,
          "Actual Loops": 1,
          "Workers Planned": 3,
          "Workers Launched": 3,
          "Single Copy": false,
          "Plans": [
            {
              "Node Type": "Aggregate",
              "Strategy": "Plain",
              "Partial Mode": "Partial",
              "Parent Relationship": "Outer",
              "Parallel Aware": false,
              "Startup Cost": 45797.96,
              "Total Cost": 45797.97,
              "Plan Rows": 1,
              "Plan Width": 8,
              "Actual Startup Time": 185.422,
              "Actual Total Time": 185.423,
              "Actual Rows": 1,
              "Actual Loops": 4,
              "Plans": [
                {
                  "Node Type": "Seq Scan",
                  "Parent Relationship": "Outer",
                  "Parallel Aware": true,
                  "Relation Name": "movie_keyword",
                  "Alias": "mk",
                  "Startup Cost": 0.0,
                  "Total Cost": 42695.65,
                  "Plan Rows": 1240924,
                  "Plan Width": 0,
                  "Actual Startup Time": 0.062,
                  "Actual Total Time": 134.847,
                  "Actual Rows": 961964,
                  "Actual Loops": 4,
                  "Filter": "(keyword_id < 27721)",
                  "Rows Removed by Filter": 169018
                }
              ]
            }
          ]
        }
      ]
    },
    "Planning Time": 0.1,
    "Triggers": [],
    "Execution Time": 208.768
  }
]