[
  {
    "Plan": {
      "Node Type": "Aggregate",
      "Strategy": "Plain",
      "Partial Mode": "Finalize",
      "Parallel Aware": false,
      "Startup Cost": 261049.01,
      "Total Cost": 261049.02,
      "Plan Rows": 1,
      "Plan Width": 8,
      "Actual Startup Time": 491.658,
      "Actual Total Time": 505.429,
      "Actual Rows": 1,
      "Actual Loops": 1,
      "Plans": [
        {
          "Node Type": "Gather",
          "Parent Relationship": "Outer",
          "Parallel Aware": false,
          "Startup Cost": 261048.69,
          "Total Cost": 261049.0,
          "Plan Rows": 3,
          "Plan Width": 8,
          "Actual Startup Time": 491.095,
          "Actual Total Time": 505.419,
          "Actual Rows": 4,
          "Actual Loops": 1,
          "Workers Planned": 3,
          "Workers Launched": 3,
          "Single Copy": false,
          "Plans": [
            {
              "Node Type": "Aggregate",
              "Strategy": "Plain",
              "Partial Mode": "Partial",
              "Parent Relationship": "Outer",
              "Parallel Aware": false,
              "Startup Cost": 260048.69,
              "Total Cost": 260048.7,
              "Plan Rows": 1,
              "Plan Width": 8,
              "Actual Startup Time": 486.765,
              "Actual Total Time": 486.772,
              "Actual Rows": 1,
              "Actual Loops": 4,
              "Plans": [
                {
                  "Node Type": "Hash Join",
                  "Parent Relationship": "Outer",
                  "Parallel Aware": true,
                  "Join Type": "Inner",
                  "Startup Cost": 215163.84,
                  "Total Cost": 259845.9,
                  "Plan Rows": 81117,
                  "Plan Width": 0,
                  "Actual Startup Time": 193.458,
                  "Actual Total Time": 445.405,
                  "Actual Rows": 942238,
                  "Actual Loops": 4,
                  "Inner Unique": false,
                  "Hash Cond": "(mk.movie_id = t.id)",
                  "Plans": [
                    {
                      "Node Type": "Seq Scan",
                      "Parent Relationship": "Outer",
                      "Parallel Aware": true,
                      "Relation Name": "movie_keyword",
                      "Alias": "mk",
                      "Startup Cost": 0.0,
                      "Total Cost": 39047.32,
                      "Plan Rows": 1459332,
                      "Plan Width": 4,
                      "Actual Startup Time": 0.015,
                      "Actual Total Time": 89.546,
                      "Actual Rows": 1130982,
                      "Actual Loops": 4
                    },
                    {
                      "Node Type": "Hash",
                      "Parent Relationship": "Inner",
                      "Parallel Aware": true,
                      "Startup Cost": 214812.48,
                      "Total Cost": 214812.48,
                      "Plan Rows": 28109,
                      "Plan Width": 8,
                      "Actual Startup Time": 192.137,
                      "Actual Total Time": 192.141,
                      "Actual Rows": 35016,
                      "Actual Loops": 4,
                      "Hash Buckets": 262144,
                      "Original Hash Buckets": 262144,
                      "Hash Batches": 1,
                      "Original Hash Batches": 1,
                      "Peak Memory Usage": 7584,
                      "Plans": [
                        {
                          "Node Type": "Nested Loop",
                          "Parent Relationship": "Outer",
                          "Parallel Aware": false,
                          "Join Type": "Inner",
                          "Startup Cost": 2542.07,
                          "Total Cost": 214812.48,
                          "Plan Rows": 28109,
                          "Plan Width": 8,
                          "Actual Startup Time": 63.045,
                          "Actual Total Time": 179.526,
                          "Actual Rows": 35016,
                          "Actual Loops": 4,
                          "Inner Unique": true,
                          "Plans": [
                            {
                              "Node Type": "Bitmap Heap Scan",
                              "Parent Relationship": "Outer",
                              "Parallel Aware": true,
                              "Relation Name": "movie_info",
                              "Alias": "mi",
                              "Startup Cost": 2541.64,
                              "Total Cost": 166232.39,
                              "Plan Rows": 28109,
                              "Plan Width": 4,
                              "Actual Startup Time": 62.814,
                              "Actual Total Time": 68.635,
                              "Actual Rows": 35016,
                              "Actual Loops": 4,
                              "Recheck Cond": "(info_type_id = 9)",
                              "Rows Removed by Index Recheck": 0,
                              "Exact Heap Blocks": 567,
                              "Lossy Heap Blocks": 0,
                              "Plans": [
                                {
                                  "Node Type": "Bitmap Index Scan",
                                  "Parent Relationship": "Outer",
                                  "Parallel Aware": false,
                                  "Index Name": "info_type_id_movie_info",
                                  "Startup Cost": 0.0,
                                  "Total Cost": 2506.51,
                                  "Plan Rows": 140543,
                                  "Plan Width": 0,
                                  "Actual Startup Time": 62.662,
                                  "Actual Total Time": 62.662,
                                  "Actual Rows": 140065,
                                  "Actual Loops": 1,
                                  "Index Cond": "(info_type_id = 9)"
                                }
                              ]
                            },
                            {
                              "Node Type": "Index Only Scan",
                              "Parent Relationship": "Inner",
                              "Parallel Aware": false,
                              "Scan Direction": "Forward",
                              "Index Name": "title_pkey",
                              "Relation Name": "title",
                              "Alias": "t",
                              "Startup Cost": 0.43,
                              "Total Cost": 1.73,
                              "Plan Rows": 1,
                              "Plan Width": 4,
                              "Actual Startup Time": 0.003,
                              "Actual Total Time": 0.003,
                              "Actual Rows": 1,
                              "Actual Loops": 140065,
                              "Index Cond": "(id = mi.movie_id)",
                              "Rows Removed by Index Recheck": 0,
                              "Heap Fetches": 140065
                            }
                          ]
                        }
                      ]
                    }
                  ]
                }
              ]
            }
          ]
        }
      ]
    },
    "Planning Time": 0.745,
    "Triggers": [],
    "Execution Time": 505.5
  }
]