[
  {
    "Plan": {
      "Node Type": "Aggregate",
      "Strategy": "Plain",
      "Partial Mode": "Finalize",
      "Parallel Aware": false,
      "Startup Cost": 131765.14,
      "Total Cost": 131765.15,
      "Plan Rows": 1,
      "Plan Width": 8,
      "Actual Startup Time": 1049.662,
      "Actual Total Time": 1083.632,
      "Actual Rows": 1,
      "Actual Loops": 1,
      "Plans": [
        {
          "Node Type": "Gather",
          "Parent Relationship": "Outer",
          "Parallel Aware": false,
          "Startup Cost": 131764.93,
          "Total Cost": 131765.14,
          "Plan Rows": 2,
          "Plan Width": 8,
          "Actual Startup Time": 1040.229,
          "Actual Total Time": 1083.617,
          "Actual Rows": 3,
          "Actual Loops": 1,
          "Workers Planned": 2,
          "Workers Launched": 2,
          "Single Copy": false,
          "Plans": [
            {
              "Node Type": "Aggregate",
              "Strategy": "Plain",
              "Partial Mode": "Partial",
              "Parent Relationship": "Outer",
              "Parallel Aware": false,
              "Startup Cost": 130764.93,
              "Total Cost": 130764.94,
              "Plan Rows": 1,
              "Plan Width": 8,
              "Actual Startup Time": 1038.517,
              "Actual Total Time": 1038.522,
              "Actual Rows": 1,
              "Actual Loops": 3,
              "Plans": [
                {
                  "Node Type": "Nested Loop",
                  "Parent Relationship": "Outer",
                  "Parallel Aware": false,
                  "Join Type": "Inner",
                  "Startup Cost": 45895.15,
                  "Total Cost": 130321.46,
                  "Plan Rows": 177389,
                  "Plan Width": 0,
                  "Actual Startup Time": 177.761,
                  "Actual Total Time": 977.036,
                  "Actual Rows": 1463246,
                  "Actual Loops": 3,
                  "Inner Unique": false,
                  "Join Filter": "(t.id = mi.movie_id)",
                  "Rows Removed by Join Filter": 0,
                  "Plans": [
                    {
                      "Node Type": "Hash Join",
                      "Parent Relationship": "Outer",
                      "Parallel Aware": true,
                      "Join Type": "Inner",
                      "Startup Cost": 45894.71,
                      "Total Cost": 61089.27,
                      "Plan Rows": 30211,
                      "Plan Width": 8,
                      "Actual Startup Time": 177.644,
                      "Actual Total Time": 256.078,
                      "Actual Rows": 73337,
                      "Actual Loops": 3,
                      "Inner Unique": true,
                      "Hash Cond": "(mi_idx.movie_id = t.id)",
                      "Plans": [
                        {
                          "Node Type": "Seq Scan",
                          "Parent Relationship": "Outer",
                          "Parallel Aware": true,
                          "Relation Name": "movie_info_idx",
                          "Alias": "mi_idx",
                          "Startup Cost": 0.0,
                          "Total Cost": 13685.15,
                          "Plan Rows": 575015,
                          "Plan Width": 4,
                          "Actual Startup Time": 0.015,
                          "Actual Total Time": 38.387,
                          "Actual Rows": 460012,
                          "Actual Loops": 3
                        },
                        {
                          "Node Type": "Hash",
                          "Parent Relationship": "Inner",
                          "Parallel Aware": true,
                          "Startup Cost": 45479.59,
                          "Total Cost": 45479.59,
                          "Plan Rows": 33210,
                          "Plan Width": 4,
                          "Actual Startup Time": 142.504,
                          "Actual Total Time": 142.505,
                          "Actual Rows": 91401,
                          "Actual Loops": 3,
                          "Hash Buckets": 524288,
                          "Original Hash Buckets": 262144,
                          "Hash Batches": 1,
                          "Original Hash Batches": 1,
                          "Peak Memory Usage": 16928,
                          "Plans": [
                            {
                              "Node Type": "Seq Scan",
                              "Parent Relationship": "Outer",
                              "Parallel Aware": true,
                              "Relation Name": "title",
                              "Alias": "t",
                              "Startup Cost": 0.0,
                              "Total Cost": 45479.59,
                              "Plan Rows": 33210,
                              "Plan Width": 4,
                              "Actual Startup Time": 58.218,
                              "Actual Total Time": 107.206,
                              "Actual Rows": 91401,
                              "Actual Loops": 3,
                              "Filter": "((kind_id < 2) AND (production_year < 1981))",
                              "Rows Removed by Filter": 751370
                            }
                          ]
                        }
                      ]
                    },
                    {
                      "Node Type": "Index Only Scan",
                      "Parent Relationship": "Inner",
                      "Parallel Aware": false,
                      "Scan Direction": "Forward",
                      "Index Name": "movie_id_movie_info",
                      "Relation Name": "movie_info",
                      "Alias": "mi",
                      "Startup Cost": 0.43,
                      "Total Cost": 1.78,
                      "Plan Rows": 41,
                      "Plan Width": 4,
                      "Actual Startup Time": 0.003,
                      "Actual Total Time": 0.008,
                      "Actual Rows": 20,
                      "Actual Loops": 220010,
                      "Index Cond": "(movie_id = mi_idx.movie_id)",
                      "Rows Removed by Index Recheck": 0,
                      "Heap Fetches": 4389739
                    }
                  ]
                }
              ]
            }
          ]
        }
      ]
    },
    "Planning Time": 0.724,
    "Triggers": [],
    "Execution Time": 1083.702
  }
]