[
  {
    "Plan": {
      "Node Type": "Aggregate",
      "Strategy": "Plain",
      "Partial Mode": "Finalize",
      "Parallel Aware": false,
      "Startup Cost": 476621.83,
      "Total Cost": 476621.84,
      "Plan Rows": 1,
      "Plan Width": 8,
      "Actual Startup Time": 2636.611,
      "Actual Total Time": 2700.252,
      "Actual Rows": 1,
      "Actual Loops": 1,
      "Plans": [
        {
          "Node Type": "Gather",
          "Parent Relationship": "Outer",
          "Parallel Aware": false,
          "Startup Cost": 476621.2,
          "Total Cost": 476621.81,
          "Plan Rows": 6,
          "Plan Width": 8,
          "Actual Startup Time": 2588.082,
          "Actual Total Time": 2700.235,
          "Actual Rows": 7,
          "Actual Loops": 1,
          "Workers Planned": 6,
          "Workers Launched": 6,
          "Single Copy": false,
          "Plans": [
            {
              "Node Type": "Aggregate",
              "Strategy": "Plain",
              "Partial Mode": "Partial",
              "Parent Relationship": "Outer",
              "Parallel Aware": false,
              "Startup Cost": 475621.2,
              "Total Cost": 475621.21,
              "Plan Rows": 1,
              "Plan Width": 8,
              "Actual Startup Time": 2563.104,
              "Actual Total Time": 2564.419,
              "Actual Rows": 1,
              "Actual Loops": 7,
              "Plans": [
                {
                  "Node Type": "Hash Join",
                  "Parent Relationship": "Outer",
                  "Parallel Aware": true,
                  "Join Type": "Inner",
                  "Startup Cost": 109189.28,
                  "Total Cost": 468876.88,
                  "Plan Rows": 2697727,
                  "Plan Width": 0,
                  "Actual Startup Time": 870.584,
                  "Actual Total Time": 2292.858,
                  "Actual Rows": 5328639,
                  "Actual Loops": 7,
                  "Inner Unique": false,
                  "Hash Cond": "(ci.movie_id = t.id)",
                  "Plans": [
                    {
                      "Node Type": "Seq Scan",
                      "Parent Relationship": "Outer",
                      "Parallel Aware": true,
                      "Relation Name": "cast_info",
                      "Alias": "ci",
                      "Startup Cost": 0.0,
                      "Total Cost": 343316.27,
                      "Plan Rows": 2045065,
                      "Plan Width": 4,
                      "Actual Startup Time": 184.774,
                      "Actual Total Time": 714.736,
                      "Actual Rows": 1390541,
                      "Actual Loops": 7,
                      "Filter": "((person_id > 1416650) AND (role_id < 3))",
                      "Rows Removed by Filter": 3787222
                    },
                    {
                      "Node Type": "Hash",
                      "Parent Relationship": "Inner",
                      "Parallel Aware": true,
                      "Startup Cost": 95740.32,
                      "Total Cost": 95740.32,
                      "Plan Rows": 1075917,
                      "Plan Width": 8,
                      "Actual Startup Time": 678.193,
                      "Actual Total Time": 679.504,
                      "Actual Rows": 475739,
                      "Actual Loops": 7,
                      "Hash Buckets": 4194304,
                      "Original Hash Buckets": 4194304,
                      "Hash Batches": 1,
                      "Original Hash Batches": 1,
                      "Peak Memory Usage": 163136,
                      "Plans": [
                        {
                          "Node Type": "Hash Join",
                          "Parent Relationship": "Outer",
                          "Parallel Aware": true,
                          "Join Type": "Inner",
                          "Startup Cost": 50220.38,
                          "Total Cost": 95740.32,
                          "Plan Rows": 1075917,
                          "Plan Width": 8,
                          "Actual Startup Time": 293.846,
                          "Actual Total Time": 500.027,
                          "Actual Rows": 475739,
                          "Actual Loops": 7,
                          "Inner Unique": true,
                          "Hash Cond": "(mk.movie_id = t.id)",
                          "Plans": [
                            {
                              "Node Type": "Seq Scan",
                              "Parent Relationship": "Outer",
                              "Parallel Aware": true,
                              "Relation Name": "movie_keyword",
                              "Alias": "mk",
                              "Startup Cost": 0.0,
                              "Total Cost": 42695.65,
                              "Plan Rows": 1075917,
                              "Plan Width": 4,
                              "Actual Startup Time": 0.046,
                              "Actual Total Time": 91.092,
                              "Actual Rows": 475739,
                              "Actual Loops": 7,
                              "Filter": "(keyword_id < 15489)",
                              "Rows Removed by Filter": 170537
                            },
                            {
                              "Node Type": "Hash",
                              "Parent Relationship": "Inner",
                              "Parallel Aware": true,
                              "Startup Cost": 42319.06,
                              "Total Cost": 42319.06,
                              "Plan Rows": 632106,
                              "Plan Width": 4,
                              "Actual Startup Time": 289.603,
                              "Actual Total Time": 289.605,
                              "Actual Rows": 361187,
                              "Actual Loops": 7,
                              "Hash Buckets": 4194304,
                              "Original Hash Buckets": 4194304,
                              "Hash Batches": 1,
                              "Original Hash Batches": 1,
                              "Peak Memory Usage": 131808,
                              "Plans": [
                                {
                                  "Node Type": "Seq Scan",
                                  "Parent Relationship": "Outer",
                                  "Parallel Aware": true,
                                  "Relation Name": "title",
                                  "Alias": "t",
                                  "Startup Cost": 0.0,
                                  "Total Cost": 42319.06,
                                  "Plan Rows": 632106,
                                  "Plan Width": 4,
                                  "Actual Startup Time": 0.059,
                                  "Actual Total Time": 85.276,
                                  "Actual Rows": 361187,
                                  "Actual Loops": 7
                                }
                              ]
                            }
                          ]
                        }
                      ]
                    }
                  ]
                }
              ]
            }
          ]
        }
      ]
    },
    "Planning Time": 1.472,
    "Triggers": [],
    "Execution Time": 2700.337
  }
]