{
  "Plan": {
    "Node Type": "Aggregate",
    "Strategy": "Plain",
    "Partial Mode": "Finalize",
    "Parallel Aware": false,
    "Startup Cost": 104621.79,
    "Total Cost": 104621.8,
    "Plan Rows": 1,
    "Plan Width": 8,
    "Actual Startup Time": 602.91,
    "Actual Total Time": 615.672,
    "Actual Rows": 1,
    "Actual Loops": 1,
    "Plans": [
      {
        "Node Type": "Gather",
        "Parent Relationship": "Outer",
        "Parallel Aware": false,
        "Startup Cost": 104621.67,
        "Total Cost": 104621.78,
        "Plan Rows": 1,
        "Plan Width": 8,
        "Actual Startup Time": 601.558,
        "Actual Total Time": 615.664,
        "Actual Rows": 2,
        "Actual Loops": 1,
        "Workers Planned": 1,
        "Workers Launched": 1,
        "Single Copy": false,
        "Plans": [
          {
            "Node Type": "Aggregate",
            "Strategy": "Plain",
            "Partial Mode": "Partial",
            "Parent Relationship": "Outer",
            "Parallel Aware": false,
            "Startup Cost": 103621.67,
            "Total Cost": 103621.68,
            "Plan Rows": 1,
            "Plan Width": 8,
            "Actual Startup Time": 595.655,
            "Actual Total Time": 595.659,
            "Actual Rows": 1,
            "Actual Loops": 2,
            "Plans": [
              {
                "Node Type": "Hash Join",
                "Parent Relationship": "Outer",
                "Parallel Aware": true,
                "Join Type": "Inner",
                "Startup Cost": 41811.87,
                "Total Cost": 103131.27,
                "Plan Rows": 196162,
                "Plan Width": 0,
                "Actual Startup Time": 191.039,
                "Actual Total Time": 585.542,
                "Actual Rows": 240389,
                "Actual Loops": 2,
                "Inner Unique": false,
                "Hash Cond": "(t.id = mc.movie_id)",
                "Plans": [
                  {
                    "Node Type": "Seq Scan",
                    "Parent Relationship": "Outer",
                    "Parallel Aware": true,
                    "Relation Name": "title",
                    "Alias": "t",
                    "Startup Cost": 0.0,
                    "Total Cost": 50870.31,
                    "Plan Rows": 1487231,
                    "Plan Width": 4,
                    "Actual Startup Time": 0.012,
                    "Actual Total Time": 121.208,
                    "Actual Rows": 1264156,
                    "Actual Loops": 2
                  },
                  {
                    "Node Type": "Hash",
                    "Parent Relationship": "Inner",
                    "Parallel Aware": true,
                    "Startup Cost": 39359.85,
                    "Total Cost": 39359.85,
                    "Plan Rows": 196162,
                    "Plan Width": 4,
                    "Actual Startup Time": 185.554,
                    "Actual Total Time": 185.556,
                    "Actual Rows": 240389,
                    "Actual Loops": 2,
                    "Hash Buckets": 524288,
                    "Original Hash Buckets": 524288,
                    "Hash Batches": 1,
                    "Original Hash Batches": 1,
                    "Peak Memory Usage": 22944,
                    "Plans": [
                      {
                        "Node Type": "Bitmap Heap Scan",
                        "Parent Relationship": "Outer",
                        "Parallel Aware": true,
                        "Relation Name": "movie_companies",
                        "Alias": "mc",
                        "Startup Cost": 14592.52,
                        "Total Cost": 39359.85,
                        "Plan Rows": 196162,
                        "Plan Width": 4,
                        "Actual Startup Time": 44.074,
                        "Actual Total Time": 127.155,
                        "Actual Rows": 240389,
                        "Actual Loops": 2,
                        "Recheck Cond": "(company_id < 1075)",
                        "Rows Removed by Index Recheck": 0,
                        "Filter": "(company_type_id = 1)",
                        "Rows Removed by Filter": 95220,
                        "Exact Heap Blocks": 11486,
                        "Lossy Heap Blocks": 0,
                        "Plans": [
                          {
                            "Node Type": "Bitmap Index Scan",
                            "Parent Relationship": "Outer",
                            "Parallel Aware": false,
                            "Index Name": "company_id_movie_companies",
                            "Startup Cost": 0.0,
                            "Total Cost": 14509.15,
                            "Plan Rows": 677430,
                            "Plan Width": 0,
                            "Actual Startup Time": 41.702,
                            "Actual Total Time": 41.703,
                            "Actual Rows": 671219,
                            "Actual Loops": 1,
                            "Index Cond": "(company_id < 1075)"
                          }
                        ]
                      }
                    ]
                  }
                ]
              }
            ]
          }
        ]
      }
    ]
  },
  "Planning Time": 0.724,
  "Triggers": [],
  "Execution Time": 615.765
}