[
  {
    "Plan": {
      "Node Type": "Aggregate",
      "Strategy": "Plain",
      "Partial Mode": "Finalize",
      "Parallel Aware": false,
      "Startup Cost": 333095.29,
      "Total Cost": 333095.3,
      "Plan Rows": 1,
      "Plan Width": 8,
      "Actual Startup Time": 708.856,
      "Actual Total Time": 756.431,
      "Actual Rows": 1,
      "Actual Loops": 1,
      "Plans": [
        {
          "Node Type": "Gather",
          "Parent Relationship": "Outer",
          "Parallel Aware": false,
          "Startup Cost": 333094.66,
          "Total Cost": 333095.27,
          "Plan Rows": 6,
          "Plan Width": 8,
          "Actual Startup Time": 708.613,
          "Actual Total Time": 756.415,
          "Actual Rows": 7,
          "Actual Loops": 1,
          "Workers Planned": 6,
          "Workers Launched": 6,
          "Single Copy": false,
          "Plans": [
            {
              "Node Type": "Aggregate",
              "Strategy": "Plain",
              "Partial Mode": "Partial",
              "Parent Relationship": "Outer",
              "Parallel Aware": false,
              "Startup Cost": 332094.66,
              "Total Cost": 332094.67,
              "Plan Rows": 1,
              "Plan Width": 8,
              "Actual Startup Time": 700.265,
              "Actual Total Time": 700.268,
              "Actual Rows": 1,
              "Actual Loops": 7,
              "Plans": [
                {
                  "Node Type": "Seq Scan",
                  "Parent Relationship": "Outer",
                  "Parallel Aware": true,
                  "Relation Name": "cast_info",
                  "Alias": "ci",
                  "Startup Cost": 0.0,
                  "Total Cost": 328211.39,
                  "Plan Rows": 1553308,
                  "Plan Width": 0,
                  "Actual Startup Time": 0.056,
                  "Actual Total Time": 620.607,
                  "Actual Rows": 1339209,
                  "Actual Loops": 7,
                  "Filter": "(person_id < 922728)",
                  "Rows Removed by Filter": 3838554
                }
              ]
            }
          ]
        }
      ]
    },
    "Planning Time": 0.208,
    "Triggers": [],
    "Execution Time": 756.504
  }
]