{
  "Plan": {
    "Node Type": "Aggregate",
    "Strategy": "Plain",
    "Partial Mode": "Finalize",
    "Parallel Aware": false,
    "Startup Cost": 61862.77,
    "Total Cost": 61862.78,
    "Plan Rows": 1,
    "Plan Width": 8,
    "Actual Startup Time": 141.914,
    "Actual Total Time": 150.909,
    "Actual Rows": 1,
    "Actual Loops": 1,
    "Plans": [
      {
        "Node Type": "Gather",
        "Parent Relationship": "Outer",
        "Parallel Aware": false,
        "Startup Cost": 61862.65,
        "Total Cost": 61862.76,
        "Plan Rows": 1,
        "Plan Width": 8,
        "Actual Startup Time": 141.612,
        "Actual Total Time": 150.902,
        "Actual Rows": 2,
        "Actual Loops": 1,
        "Workers Planned": 1,
        "Workers Launched": 1,
        "Single Copy": false,
        "Plans": [
          {
            "Node Type": "Aggregate",
            "Strategy": "Plain",
            "Partial Mode": "Partial",
            "Parent Relationship": "Outer",
            "Parallel Aware": false,
            "Startup Cost": 60862.65,
            "Total Cost": 60862.66,
            "Plan Rows": 1,
            "Plan Width": 8,
            "Actual Startup Time": 135.426,
            "Actual Total Time": 135.431,
            "Actual Rows": 1,
            "Actual Loops": 2,
            "Plans": [
              {
                "Node Type": "Hash Join",
                "Parent Relationship": "Outer",
                "Parallel Aware": true,
                "Join Type": "Inner",
                "Startup Cost": 41748.15,
                "Total Cost": 60857.45,
                "Plan Rows": 2082,
                "Plan Width": 0,
                "Actual Startup Time": 41.315,
                "Actual Total Time": 135.157,
                "Actual Rows": 5150,
                "Actual Loops": 2,
                "Inner Unique": false,
                "Hash Cond": "(mi_idx.movie_id = t.id)",
                "Plans": [
                  {
                    "Node Type": "Seq Scan",
                    "Parent Relationship": "Outer",
                    "Parallel Aware": true,
                    "Relation Name": "movie_info_idx",
                    "Alias": "mi_idx",
                    "Startup Cost": 0.0,
                    "Total Cost": 16052.85,
                    "Plan Rows": 811785,
                    "Plan Width": 4,
                    "Actual Startup Time": 0.014,
                    "Actual Total Time": 46.494,
                    "Actual Rows": 690018,
                    "Actual Loops": 2
                  },
                  {
                    "Node Type": "Hash",
                    "Parent Relationship": "Inner",
                    "Parallel Aware": true,
                    "Startup Cost": 41700.48,
                    "Total Cost": 41700.48,
                    "Plan Rows": 3814,
                    "Plan Width": 8,
                    "Actual Startup Time": 39.889,
                    "Actual Total Time": 39.892,
                    "Actual Rows": 3250,
                    "Actual Loops": 2,
                    "Hash Buckets": 8192,
                    "Original Hash Buckets": 8192,
                    "Hash Batches": 1,
                    "Original Hash Batches": 1,
                    "Peak Memory Usage": 352,
                    "Plans": [
                      {
                        "Node Type": "Nested Loop",
                        "Parent Relationship": "Outer",
                        "Parallel Aware": false,
                        "Join Type": "Inner",
                        "Startup Cost": 139.11,
                        "Total Cost": 41700.48,
                        "Plan Rows": 3814,
                        "Plan Width": 8,
                        "Actual Startup Time": 2.825,
                        "Actual Total Time": 38.484,
                        "Actual Rows": 3250,
                        "Actual Loops": 2,
                        "Inner Unique": true,
                        "Plans": [
                          {
                            "Node Type": "Bitmap Heap Scan",
                            "Parent Relationship": "Outer",
                            "Parallel Aware": true,
                            "Relation Name": "movie_keyword",
                            "Alias": "mk",
                            "Startup Cost": 138.68,
                            "Total Cost": 14778.02,
                            "Plan Rows": 3814,
                            "Plan Width": 4,
                            "Actual Startup Time": 2.657,
                            "Actual Total Time": 11.12,
                            "Actual Rows": 3250,
                            "Actual Loops": 2,
                            "Recheck Cond": "(keyword_id = 355)",
                            "Rows Removed by Index Recheck": 0,
                            "Exact Heap Blocks": 3572,
                            "Lossy Heap Blocks": 0,
                            "Plans": [
                              {
                                "Node Type": "Bitmap Index Scan",
                                "Parent Relationship": "Outer",
                                "Parallel Aware": false,
                                "Index Name": "keyword_id_movie_keyword",
                                "Startup Cost": 0.0,
                                "Total Cost": 137.06,
                                "Plan Rows": 6484,
                                "Plan Width": 0,
                                "Actual Startup Time": 2.922,
                                "Actual Total Time": 2.923,
                                "Actual Rows": 6501,
                                "Actual Loops": 1,
                                "Index Cond": "(keyword_id = 355)"
                              }
                            ]
                          },
                          {
                            "Node Type": "Index Only Scan",
                            "Parent Relationship": "Inner",
                            "Parallel Aware": false,
                            "Scan Direction": "Forward",
                            "Index Name": "title_pkey",
                            "Relation Name": "title",
                            "Alias": "t",
                            "Startup Cost": 0.43,
                            "Total Cost": 7.06,
                            "Plan Rows": 1,
                            "Plan Width": 4,
                            "Actual Startup Time": 0.008,
                            "Actual Total Time": 0.008,
                            "Actual Rows": 1,
                            "Actual Loops": 6501,
                            "Index Cond": "(id = mk.movie_id)",
                            "Rows Removed by Index Recheck": 0,
                            "Heap Fetches": 6501
                          }
                        ]
                      }
                    ]
                  }
                ]
              }
            ]
          }
        ]
      }
    ]
  },
  "Planning Time": 1.109,
  "Triggers": [],
  "Execution Time": 151.012
}