{
    "Plan": {
        "Node Type": "Aggregate",
        "Strategy": "Plain",
        "Partial Mode": "Simple",
        "Parallel Aware": false,
        "Startup Cost": 80001847922.29,
        "Total Cost": 80001847922.3,
        "Plan Rows": 1,
        "Plan Width": 64,
        "Actual Startup Time": 5109.068,
        "Actual Total Time": 5109.086,
        "Actual Rows": 1,
        "Actual Loops": 1,
        "Output": [
            "min(n.name)",
            "min(t.title)"
        ],
        "Plans": [
            {
                "Node Type": "Nested Loop",
                "Parent Relationship": "Outer",
                "Parallel Aware": false,
                "Join Type": "Inner",
                "Startup Cost": 80001846449.51,
                "Total Cost": 80001847922.28,
                "Plan Rows": 1,
                "Plan Width": 32,
                "Actual Startup Time": 5059.29,
                "Actual Total Time": 5108.993,
                "Actual Rows": 269,
                "Actual Loops": 1,
                "Output": [
                    "n.name",
                    "t.title"
                ],
                "Inner Unique": true,
                "Plans": [
                    {
                        "Node Type": "Nested Loop",
                        "Parent Relationship": "Outer",
                        "Parallel Aware": false,
                        "Join Type": "Inner",
                        "Startup Cost": 70001846449.08,
                        "Total Cost": 70001847917.83,
                        "Plan Rows": 1,
                        "Plan Width": 36,
                        "Actual Startup Time": 5059.249,
                        "Actual Total Time": 5107.397,
                        "Actual Rows": 270,
                        "Actual Loops": 1,
                        "Output": [
                            "mc.company_id",
                            "n.name",
                            "t.title"
                        ],
                        "Inner Unique": true,
                        "Plans": [
                            {
                                "Node Type": "Merge Join",
                                "Parent Relationship": "Outer",
                                "Parallel Aware": false,
                                "Join Type": "Inner",
                                "Startup Cost": 60001846448.62,
                                "Total Cost": 60001847913.36,
                                "Plan Rows": 1,
                                "Plan Width": 40,
                                "Actual Startup Time": 5059.168,
                                "Actual Total Time": 5105.451,
                                "Actual Rows": 270,
                                "Actual Loops": 1,
                                "Output": [
                                    "ci.person_role_id",
                                    "mc.company_id",
                                    "n.name",
                                    "t.title"
                                ],
                                "Inner Unique": false,
                                "Merge Cond": "(t.id = mc.movie_id)",
                                "Plans": [
                                    {
                                        "Node Type": "Sort",
                                        "Parent Relationship": "Outer",
                                        "Parallel Aware": false,
                                        "Startup Cost": 60001761919.0,
                                        "Total Cost": 60001761919.0,
                                        "Plan Rows": 1,
                                        "Plan Width": 48,
                                        "Actual Startup Time": 4429.173,
                                        "Actual Total Time": 4429.24,
                                        "Actual Rows": 436,
                                        "Actual Loops": 1,
                                        "Output": [
                                            "ci.movie_id",
                                            "ci.person_role_id",
                                            "mi.movie_id",
                                            "n.name",
                                            "t.title",
                                            "t.id"
                                        ],
                                        "Sort Key": [
                                            "ci.movie_id"
                                        ],
                                        "Sort Method": "quicksort",
                                        "Sort Space Used": 74,
                                        "Sort Space Type": "Memory",
                                        "Plans": [
                                            {
                                                "Node Type": "Hash Join",
                                                "Parent Relationship": "Outer",
                                                "Parallel Aware": false,
                                                "Join Type": "Inner",
                                                "Startup Cost": 60001761916.56,
                                                "Total Cost": 60001761918.99,
                                                "Plan Rows": 1,
                                                "Plan Width": 48,
                                                "Actual Startup Time": 4428.98,
                                                "Actual Total Time": 4429.056,
                                                "Actual Rows": 436,
                                                "Actual Loops": 1,
                                                "Output": [
                                                    "ci.movie_id",
                                                    "ci.person_role_id",
                                                    "mi.movie_id",
                                                    "n.name",
                                                    "t.title",
                                                    "t.id"
                                                ],
                                                "Inner Unique": false,
                                                "Hash Cond": "(it.id = mi.info_type_id)",
                                                "Plans": [
                                                    {
                                                        "Node Type": "Seq Scan",
                                                        "Parent Relationship": "Outer",
                                                        "Parallel Aware": false,
                                                        "Relation Name": "info_type",
                                                        "Schema": "public",
                                                        "Alias": "it",
                                                        "Startup Cost": 10000000000.0,
                                                        "Total Cost": 10000000002.41,
                                                        "Plan Rows": 1,
                                                        "Plan Width": 4,
                                                        "Actual Startup Time": 0.034,
                                                        "Actual Total Time": 0.046,
                                                        "Actual Rows": 1,
                                                        "Actual Loops": 1,
                                                        "Output": [
                                                            "it.id",
                                                            "it.info"
                                                        ],
                                                        "Filter": "((it.info)::text = 'release dates'::text)",
                                                        "Rows Removed by Filter": 112
                                                    },
                                                    {
                                                        "Node Type": "Hash",
                                                        "Parent Relationship": "Inner",
                                                        "Parallel Aware": false,
                                                        "Startup Cost": 50001761916.54,
                                                        "Total Cost": 50001761916.54,
                                                        "Plan Rows": 2,
                                                        "Plan Width": 52,
                                                        "Actual Startup Time": 4428.915,
                                                        "Actual Total Time": 4428.928,
                                                        "Actual Rows": 436,
                                                        "Actual Loops": 1,
                                                        "Output": [
                                                            "ci.movie_id",
                                                            "ci.person_role_id",
                                                            "mi.movie_id",
                                                            "mi.info_type_id",
                                                            "n.name",
                                                            "t.title",
                                                            "t.id"
                                                        ],
                                                        "Hash Buckets": 1024,
                                                        "Original Hash Buckets": 1024,
                                                        "Hash Batches": 1,
                                                        "Original Hash Batches": 1,
                                                        "Peak Memory Usage": 46,
                                                        "Plans": [
                                                            {
                                                                "Node Type": "Merge Join",
                                                                "Parent Relationship": "Outer",
                                                                "Parallel Aware": false,
                                                                "Join Type": "Inner",
                                                                "Startup Cost": 50001637081.14,
                                                                "Total Cost": 50001761916.54,
                                                                "Plan Rows": 2,
                                                                "Plan Width": 52,
                                                                "Actual Startup Time": 3191.48,
                                                                "Actual Total Time": 4428.769,
                                                                "Actual Rows": 436,
                                                                "Actual Loops": 1,
                                                                "Output": [
                                                                    "ci.movie_id",
                                                                    "ci.person_role_id",
                                                                    "mi.movie_id",
                                                                    "mi.info_type_id",
                                                                    "n.name",
                                                                    "t.title",
                                                                    "t.id"
                                                                ],
                                                                "Inner Unique": false,
                                                                "Merge Cond": "(t.id = mi.movie_id)",
                                                                "Plans": [
                                                                    {
                                                                        "Node Type": "Index Scan",
                                                                        "Parent Relationship": "Outer",
                                                                        "Parallel Aware": false,
                                                                        "Scan Direction": "Forward",
                                                                        "Index Name": "title_pkey",
                                                                        "Relation Name": "title",
                                                                        "Schema": "public",
                                                                        "Alias": "t",
                                                                        "Startup Cost": 0.43,
                                                                        "Total Cost": 122983.71,
                                                                        "Plan Rows": 781313,
                                                                        "Plan Width": 21,
                                                                        "Actual Startup Time": 0.022,
                                                                        "Actual Total Time": 1264.886,
                                                                        "Actual Rows": 771438,
                                                                        "Actual Loops": 1,
                                                                        "Output": [
                                                                            "t.id",
                                                                            "t.title",
                                                                            "t.imdb_index",
                                                                            "t.kind_id",
                                                                            "t.production_year",
                                                                            "t.imdb_id",
                                                                            "t.phonetic_code",
                                                                            "t.episode_of_id",
                                                                            "t.season_nr",
                                                                            "t.episode_nr",
                                                                            "t.series_years",
                                                                            "t.md5sum"
                                                                        ],
                                                                        "Filter": "((t.production_year >= 2006) AND (t.production_year <= 2011))",
                                                                        "Rows Removed by Filter": 1715494
                                                                    },
                                                                    {
                                                                        "Node Type": "Sort",
                                                                        "Parent Relationship": "Inner",
                                                                        "Parallel Aware": false,
                                                                        "Startup Cost": 50001637077.51,
                                                                        "Total Cost": 50001637077.53,
                                                                        "Plan Rows": 8,
                                                                        "Plan Width": 31,
                                                                        "Actual Startup Time": 3125.669,
                                                                        "Actual Total Time": 3125.812,
                                                                        "Actual Rows": 1116,
                                                                        "Actual Loops": 1,
                                                                        "Output": [
                                                                            "ci.movie_id",
                                                                            "ci.person_role_id",
                                                                            "mi.movie_id",
                                                                            "mi.info_type_id",
                                                                            "n.name"
                                                                        ],
                                                                        "Sort Key": [
                                                                            "ci.movie_id"
                                                                        ],
                                                                        "Sort Method": "quicksort",
                                                                        "Sort Space Used": 136,
                                                                        "Sort Space Type": "Memory",
                                                                        "Plans": [
                                                                            {
                                                                                "Node Type": "Nested Loop",
                                                                                "Parent Relationship": "Outer",
                                                                                "Parallel Aware": false,
                                                                                "Join Type": "Inner",
                                                                                "Startup Cost": 50000058761.18,
                                                                                "Total Cost": 50001637077.39,
                                                                                "Plan Rows": 8,
                                                                                "Plan Width": 31,
                                                                                "Actual Startup Time": 412.983,
                                                                                "Actual Total Time": 3125.299,
                                                                                "Actual Rows": 1116,
                                                                                "Actual Loops": 1,
                                                                                "Output": [
                                                                                    "ci.movie_id",
                                                                                    "ci.person_role_id",
                                                                                    "mi.movie_id",
                                                                                    "mi.info_type_id",
                                                                                    "n.name"
                                                                                ],
                                                                                "Inner Unique": false,
                                                                                "Join Filter": "(n.id = an.person_id)",
                                                                                "Rows Removed by Join Filter": 0,
                                                                                "Plans": [
                                                                                    {
                                                                                        "Node Type": "Nested Loop",
                                                                                        "Parent Relationship": "Outer",
                                                                                        "Parallel Aware": false,
                                                                                        "Join Type": "Inner",
                                                                                        "Startup Cost": 40000058760.73,
                                                                                        "Total Cost": 40001637063.9,
                                                                                        "Plan Rows": 3,
                                                                                        "Plan Width": 39,
                                                                                        "Actual Startup Time": 324.513,
                                                                                        "Actual Total Time": 3121.301,
                                                                                        "Actual Rows": 392,
                                                                                        "Actual Loops": 1,
                                                                                        "Output": [
                                                                                            "ci.movie_id",
                                                                                            "ci.person_id",
                                                                                            "ci.person_role_id",
                                                                                            "mi.movie_id",
                                                                                            "mi.info_type_id",
                                                                                            "n.name",
                                                                                            "n.id"
                                                                                        ],
                                                                                        "Inner Unique": false,
                                                                                        "Plans": [
                                                                                            {
                                                                                                "Node Type": "Nested Loop",
                                                                                                "Parent Relationship": "Outer",
                                                                                                "Parallel Aware": false,
                                                                                                "Join Type": "Inner",
                                                                                                "Startup Cost": 30000058759.94,
                                                                                                "Total Cost": 30001637031.0,
                                                                                                "Plan Rows": 6,
                                                                                                "Plan Width": 31,
                                                                                                "Actual Startup Time": 324.4,
                                                                                                "Actual Total Time": 3076.126,
                                                                                                "Actual Rows": 860,
                                                                                                "Actual Loops": 1,
                                                                                                "Output": [
                                                                                                    "ci.movie_id",
                                                                                                    "ci.person_id",
                                                                                                    "ci.person_role_id",
                                                                                                    "n.name",
                                                                                                    "n.id"
                                                                                                ],
                                                                                                "Inner Unique": true,
                                                                                                "Plans": [
                                                                                                    {
                                                                                                        "Node Type": "Nested Loop",
                                                                                                        "Parent Relationship": "Outer",
                                                                                                        "Parallel Aware": false,
                                                                                                        "Join Type": "Inner",
                                                                                                        "Startup Cost": 20000058759.49,
                                                                                                        "Total Cost": 20000372207.29,
                                                                                                        "Plan Rows": 282772,
                                                                                                        "Plan Width": 12,
                                                                                                        "Actual Startup Time": 300.598,
                                                                                                        "Actual Total Time": 1158.928,
                                                                                                        "Actual Rows": 390494,
                                                                                                        "Actual Loops": 1,
                                                                                                        "Output": [
                                                                                                            "ci.movie_id",
                                                                                                            "ci.person_id",
                                                                                                            "ci.person_role_id"
                                                                                                        ],
                                                                                                        "Inner Unique": false,
                                                                                                        "Plans": [
                                                                                                            {
                                                                                                                "Node Type": "Seq Scan",
                                                                                                                "Parent Relationship": "Outer",
                                                                                                                "Parallel Aware": false,
                                                                                                                "Relation Name": "role_type",
                                                                                                                "Schema": "public",
                                                                                                                "Alias": "rt",
                                                                                                                "Startup Cost": 10000000000.0,
                                                                                                                "Total Cost": 10000000001.15,
                                                                                                                "Plan Rows": 1,
                                                                                                                "Plan Width": 4,
                                                                                                                "Actual Startup Time": 0.01,
                                                                                                                "Actual Total Time": 0.013,
                                                                                                                "Actual Rows": 1,
                                                                                                                "Actual Loops": 1,
                                                                                                                "Output": [
                                                                                                                    "rt.id",
                                                                                                                    "rt.role"
                                                                                                                ],
                                                                                                                "Filter": "((rt.role)::text = 'actress'::text)",
                                                                                                                "Rows Removed by Filter": 11
                                                                                                            },
                                                                                                            {
                                                                                                                "Node Type": "Bitmap Heap Scan",
                                                                                                                "Parent Relationship": "Inner",
                                                                                                                "Parallel Aware": false,
                                                                                                                "Relation Name": "cast_info",
                                                                                                                "Schema": "public",
                                                                                                                "Alias": "ci",
                                                                                                                "Startup Cost": 58759.49,
                                                                                                                "Total Cost": 369121.36,
                                                                                                                "Plan Rows": 308478,
                                                                                                                "Plan Width": 16,
                                                                                                                "Actual Startup Time": 300.58,
                                                                                                                "Actual Total Time": 1111.902,
                                                                                                                "Actual Rows": 390494,
                                                                                                                "Actual Loops": 1,
                                                                                                                "Output": [
                                                                                                                    "ci.id",
                                                                                                                    "ci.person_id",
                                                                                                                    "ci.movie_id",
                                                                                                                    "ci.person_role_id",
                                                                                                                    "ci.note",
                                                                                                                    "ci.nr_order",
                                                                                                                    "ci.role_id"
                                                                                                                ],
                                                                                                                "Recheck Cond": "(ci.role_id = rt.id)",
                                                                                                                "Rows Removed by Index Recheck": 0,
                                                                                                                "Filter": "(ci.note = ANY ('{(uncredited),(voice),(producer),(uncredited)}'::text[]))",
                                                                                                                "Rows Removed by Filter": 7061479,
                                                                                                                "Exact Heap Blocks": 49087,
                                                                                                                "Lossy Heap Blocks": 0,
                                                                                                                "Plans": [
                                                                                                                    {
                                                                                                                        "Node Type": "Bitmap Index Scan",
                                                                                                                        "Parent Relationship": "Outer",
                                                                                                                        "Parallel Aware": false,
                                                                                                                        "Index Name": "role_id_cast_info",
                                                                                                                        "Startup Cost": 0.0,
                                                                                                                        "Total Cost": 58682.37,
                                                                                                                        "Plan Rows": 3295707,
                                                                                                                        "Plan Width": 0,
                                                                                                                        "Actual Startup Time": 293.929,
                                                                                                                        "Actual Total Time": 293.93,
                                                                                                                        "Actual Rows": 7451973,
                                                                                                                        "Actual Loops": 1,
                                                                                                                        "Index Cond": "(ci.role_id = rt.id)"
                                                                                                                    }
                                                                                                                ]
                                                                                                            }
                                                                                                        ]
                                                                                                    },
                                                                                                    {
                                                                                                        "Node Type": "Bitmap Heap Scan",
                                                                                                        "Parent Relationship": "Inner",
                                                                                                        "Parallel Aware": false,
                                                                                                        "Relation Name": "name",
                                                                                                        "Schema": "public",
                                                                                                        "Alias": "n",
                                                                                                        "Startup Cost": 0.46,
                                                                                                        "Total Cost": 4.47,
                                                                                                        "Plan Rows": 1,
                                                                                                        "Plan Width": 19,
                                                                                                        "Actual Startup Time": 0.003,
                                                                                                        "Actual Total Time": 0.003,
                                                                                                        "Actual Rows": 0,
                                                                                                        "Actual Loops": 390494,
                                                                                                        "Output": [
                                                                                                            "n.id",
                                                                                                            "n.name",
                                                                                                            "n.imdb_index",
                                                                                                            "n.imdb_id",
                                                                                                            "n.gender",
                                                                                                            "n.name_pcode_cf",
                                                                                                            "n.name_pcode_nf",
                                                                                                            "n.surname_pcode",
                                                                                                            "n.md5sum"
                                                                                                        ],
                                                                                                        "Recheck Cond": "(n.id = ci.person_id)",
                                                                                                        "Rows Removed by Index Recheck": 0,
                                                                                                        "Filter": "((n.name ~~ '%Kathy%'::text) AND ((n.gender)::text = 'f'::text))",
                                                                                                        "Rows Removed by Filter": 1,
                                                                                                        "Exact Heap Blocks": 390494,
                                                                                                        "Lossy Heap Blocks": 0,
                                                                                                        "Plans": [
                                                                                                            {
                                                                                                                "Node Type": "Bitmap Index Scan",
                                                                                                                "Parent Relationship": "Outer",
                                                                                                                "Parallel Aware": false,
                                                                                                                "Index Name": "name_pkey",
                                                                                                                "Startup Cost": 0.0,
                                                                                                                "Total Cost": 0.46,
                                                                                                                "Plan Rows": 1,
                                                                                                                "Plan Width": 0,
                                                                                                                "Actual Startup Time": 0.002,
                                                                                                                "Actual Total Time": 0.002,
                                                                                                                "Actual Rows": 1,
                                                                                                                "Actual Loops": 390494,
                                                                                                                "Index Cond": "(n.id = ci.person_id)"
                                                                                                            }
                                                                                                        ]
                                                                                                    }
                                                                                                ]
                                                                                            },
                                                                                            {
                                                                                                "Node Type": "Bitmap Heap Scan",
                                                                                                "Parent Relationship": "Inner",
                                                                                                "Parallel Aware": false,
                                                                                                "Relation Name": "movie_info",
                                                                                                "Schema": "public",
                                                                                                "Alias": "mi",
                                                                                                "Startup Cost": 0.79,
                                                                                                "Total Cost": 5.47,
                                                                                                "Plan Rows": 1,
                                                                                                "Plan Width": 8,
                                                                                                "Actual Startup Time": 0.043,
                                                                                                "Actual Total Time": 0.05,
                                                                                                "Actual Rows": 0,
                                                                                                "Actual Loops": 860,
                                                                                                "Output": [
                                                                                                    "mi.id",
                                                                                                    "mi.movie_id",
                                                                                                    "mi.info_type_id",
                                                                                                    "mi.info",
                                                                                                    "mi.note"
                                                                                                ],
                                                                                                "Recheck Cond": "(mi.movie_id = ci.movie_id)",
                                                                                                "Rows Removed by Index Recheck": 0,
                                                                                                "Filter": "((mi.info IS NOT NULL) AND ((mi.info ~~ 'Japan:%200%'::text) OR (mi.info ~~ 'USA:%200%'::text)))",
                                                                                                "Rows Removed by Filter": 23,
                                                                                                "Exact Heap Blocks": 6072,
                                                                                                "Lossy Heap Blocks": 0,
                                                                                                "Plans": [
                                                                                                    {
                                                                                                        "Node Type": "Bitmap Index Scan",
                                                                                                        "Parent Relationship": "Outer",
                                                                                                        "Parallel Aware": false,
                                                                                                        "Index Name": "movie_id_movie_info",
                                                                                                        "Startup Cost": 0.0,
                                                                                                        "Total Cost": 0.79,
                                                                                                        "Plan Rows": 39,
                                                                                                        "Plan Width": 0,
                                                                                                        "Actual Startup Time": 0.014,
                                                                                                        "Actual Total Time": 0.014,
                                                                                                        "Actual Rows": 24,
                                                                                                        "Actual Loops": 860,
                                                                                                        "Index Cond": "(mi.movie_id = ci.movie_id)"
                                                                                                    }
                                                                                                ]
                                                                                            }
                                                                                        ]
                                                                                    },
                                                                                    {
                                                                                        "Node Type": "Bitmap Heap Scan",
                                                                                        "Parent Relationship": "Inner",
                                                                                        "Parallel Aware": false,
                                                                                        "Relation Name": "aka_name",
                                                                                        "Schema": "public",
                                                                                        "Alias": "an",
                                                                                        "Startup Cost": 0.44,
                                                                                        "Total Cost": 4.47,
                                                                                        "Plan Rows": 2,
                                                                                        "Plan Width": 4,
                                                                                        "Actual Startup Time": 0.007,
                                                                                        "Actual Total Time": 0.008,
                                                                                        "Actual Rows": 3,
                                                                                        "Actual Loops": 392,
                                                                                        "Output": [
                                                                                            "an.id",
                                                                                            "an.person_id",
                                                                                            "an.name",
                                                                                            "an.imdb_index",
                                                                                            "an.name_pcode_cf",
                                                                                            "an.name_pcode_nf",
                                                                                            "an.surname_pcode",
                                                                                            "an.md5sum"
                                                                                        ],
                                                                                        "Recheck Cond": "(an.person_id = ci.person_id)",
                                                                                        "Rows Removed by Index Recheck": 0,
                                                                                        "Exact Heap Blocks": 578,
                                                                                        "Lossy Heap Blocks": 0,
                                                                                        "Plans": [
                                                                                            {
                                                                                                "Node Type": "Bitmap Index Scan",
                                                                                                "Parent Relationship": "Outer",
                                                                                                "Parallel Aware": false,
                                                                                                "Index Name": "person_id_aka_name",
                                                                                                "Startup Cost": 0.0,
                                                                                                "Total Cost": 0.44,
                                                                                                "Plan Rows": 2,
                                                                                                "Plan Width": 0,
                                                                                                "Actual Startup Time": 0.005,
                                                                                                "Actual Total Time": 0.005,
                                                                                                "Actual Rows": 3,
                                                                                                "Actual Loops": 392,
                                                                                                "Index Cond": "(an.person_id = ci.person_id)"
                                                                                            }
                                                                                        ]
                                                                                    }
                                                                                ]
                                                                            }
                                                                        ]
                                                                    }
                                                                ]
                                                            }
                                                        ]
                                                    }
                                                ]
                                            }
                                        ]
                                    },
                                    {
                                        "Node Type": "Sort",
                                        "Parent Relationship": "Inner",
                                        "Parallel Aware": false,
                                        "Startup Cost": 84529.48,
                                        "Total Cost": 85261.91,
                                        "Plan Rows": 292973,
                                        "Plan Width": 8,
                                        "Actual Startup Time": 628.965,
                                        "Actual Total Time": 648.32,
                                        "Actual Rows": 575871,
                                        "Actual Loops": 1,
                                        "Output": [
                                            "mc.movie_id",
                                            "mc.company_id"
                                        ],
                                        "Sort Key": [
                                            "mc.movie_id"
                                        ],
                                        "Sort Method": "quicksort",
                                        "Sort Space Used": 52279,
                                        "Sort Space Type": "Memory",
                                        "Plans": [
                                            {
                                                "Node Type": "Seq Scan",
                                                "Parent Relationship": "Outer",
                                                "Parallel Aware": false,
                                                "Relation Name": "movie_companies",
                                                "Schema": "public",
                                                "Alias": "mc",
                                                "Startup Cost": 0.0,
                                                "Total Cost": 57926.93,
                                                "Plan Rows": 292973,
                                                "Plan Width": 8,
                                                "Actual Startup Time": 0.026,
                                                "Actual Total Time": 522.918,
                                                "Actual Rows": 590994,
                                                "Actual Loops": 1,
                                                "Output": [
                                                    "mc.movie_id",
                                                    "mc.company_id"
                                                ],
                                                "Filter": "((mc.note IS NOT NULL) AND ((mc.note ~~ '%(USA)%'::text) OR (mc.note ~~ '%(worldwide)%'::text)))",
                                                "Rows Removed by Filter": 2018135
                                            }
                                        ]
                                    }
                                ]
                            },
                            {
                                "Node Type": "Bitmap Heap Scan",
                                "Parent Relationship": "Inner",
                                "Parallel Aware": false,
                                "Relation Name": "char_name",
                                "Schema": "public",
                                "Alias": "chn",
                                "Startup Cost": 0.45,
                                "Total Cost": 4.46,
                                "Plan Rows": 1,
                                "Plan Width": 4,
                                "Actual Startup Time": 0.005,
                                "Actual Total Time": 0.005,
                                "Actual Rows": 1,
                                "Actual Loops": 270,
                                "Output": [
                                    "chn.id",
                                    "chn.name",
                                    "chn.imdb_index",
                                    "chn.imdb_id",
                                    "chn.name_pcode_nf",
                                    "chn.surname_pcode",
                                    "chn.md5sum"
                                ],
                                "Recheck Cond": "(chn.id = ci.person_role_id)",
                                "Rows Removed by Index Recheck": 0,
                                "Exact Heap Blocks": 270,
                                "Lossy Heap Blocks": 0,
                                "Plans": [
                                    {
                                        "Node Type": "Bitmap Index Scan",
                                        "Parent Relationship": "Outer",
                                        "Parallel Aware": false,
                                        "Index Name": "char_name_pkey",
                                        "Startup Cost": 0.0,
                                        "Total Cost": 0.45,
                                        "Plan Rows": 1,
                                        "Plan Width": 0,
                                        "Actual Startup Time": 0.003,
                                        "Actual Total Time": 0.003,
                                        "Actual Rows": 1,
                                        "Actual Loops": 270,
                                        "Index Cond": "(chn.id = ci.person_role_id)"
                                    }
                                ]
                            }
                        ]
                    },
                    {
                        "Node Type": "Bitmap Heap Scan",
                        "Parent Relationship": "Inner",
                        "Parallel Aware": false,
                        "Relation Name": "company_name",
                        "Schema": "public",
                        "Alias": "cn",
                        "Startup Cost": 0.44,
                        "Total Cost": 4.45,
                        "Plan Rows": 1,
                        "Plan Width": 4,
                        "Actual Startup Time": 0.004,
                        "Actual Total Time": 0.004,
                        "Actual Rows": 1,
                        "Actual Loops": 270,
                        "Output": [
                            "cn.id",
                            "cn.name",
                            "cn.country_code",
                            "cn.imdb_id",
                            "cn.name_pcode_nf",
                            "cn.name_pcode_sf",
                            "cn.md5sum"
                        ],
                        "Recheck Cond": "(cn.id = mc.company_id)",
                        "Rows Removed by Index Recheck": 0,
                        "Filter": "((cn.country_code)::text = '[us]'::text)",
                        "Rows Removed by Filter": 0,
                        "Exact Heap Blocks": 270,
                        "Lossy Heap Blocks": 0,
                        "Plans": [
                            {
                                "Node Type": "Bitmap Index Scan",
                                "Parent Relationship": "Outer",
                                "Parallel Aware": false,
                                "Index Name": "company_name_pkey",
                                "Startup Cost": 0.0,
                                "Total Cost": 0.44,
                                "Plan Rows": 1,
                                "Plan Width": 0,
                                "Actual Startup Time": 0.002,
                                "Actual Total Time": 0.002,
                                "Actual Rows": 1,
                                "Actual Loops": 270,
                                "Index Cond": "(cn.id = mc.company_id)"
                            }
                        ]
                    }
                ]
            }
        ]
    },
    "Planning Time": 24.104,
    "Triggers": [],
    "Execution Time": 5109.374
}