{
  "Plan": {
    "Node Type": "Aggregate",
    "Strategy": "Plain",
    "Partial Mode": "Finalize",
    "Parallel Aware": false,
    "Startup Cost": 107624.39,
    "Total Cost": 107624.4,
    "Plan Rows": 1,
    "Plan Width": 8,
    "Actual Startup Time": 194.443,
    "Actual Total Time": 210.226,
    "Actual Rows": 1,
    "Actual Loops": 1,
    "Plans": [
      {
        "Node Type": "Gather",
        "Parent Relationship": "Outer",
        "Parallel Aware": false,
        "Startup Cost": 107624.28,
        "Total Cost": 107624.39,
        "Plan Rows": 1,
        "Plan Width": 8,
        "Actual Startup Time": 194.212,
        "Actual Total Time": 210.218,
        "Actual Rows": 2,
        "Actual Loops": 1,
        "Workers Planned": 1,
        "Workers Launched": 1,
        "Single Copy": false,
        "Plans": [
          {
            "Node Type": "Aggregate",
            "Strategy": "Plain",
            "Partial Mode": "Partial",
            "Parent Relationship": "Outer",
            "Parallel Aware": false,
            "Startup Cost": 106624.28,
            "Total Cost": 106624.29,
            "Plan Rows": 1,
            "Plan Width": 8,
            "Actual Startup Time": 188.335,
            "Actual Total Time": 188.337,
            "Actual Rows": 1,
            "Actual Loops": 2,
            "Plans": [
              {
                "Node Type": "Nested Loop",
                "Parent Relationship": "Outer",
                "Parallel Aware": false,
                "Join Type": "Inner",
                "Startup Cost": 0.43,
                "Total Cost": 106595.67,
                "Plan Rows": 11444,
                "Plan Width": 0,
                "Actual Startup Time": 1.457,
                "Actual Total Time": 187.713,
                "Actual Rows": 10032,
                "Actual Loops": 2,
                "Inner Unique": false,
                "Plans": [
                  {
                    "Node Type": "Seq Scan",
                    "Parent Relationship": "Outer",
                    "Parallel Aware": true,
                    "Relation Name": "title",
                    "Alias": "t",
                    "Startup Cost": 0.0,
                    "Total Cost": 54588.39,
                    "Plan Rows": 6395,
                    "Plan Width": 4,
                    "Actual Startup Time": 0.059,
                    "Actual Total Time": 155.088,
                    "Actual Rows": 5708,
                    "Actual Loops": 2,
                    "Filter": "(production_year = 1964)",
                    "Rows Removed by Filter": 1258448
                  },
                  {
                    "Node Type": "Index Only Scan",
                    "Parent Relationship": "Inner",
                    "Parallel Aware": false,
                    "Scan Direction": "Forward",
                    "Index Name": "movie_id_movie_keyword",
                    "Relation Name": "movie_keyword",
                    "Alias": "mk",
                    "Startup Cost": 0.43,
                    "Total Cost": 7.68,
                    "Plan Rows": 45,
                    "Plan Width": 4,
                    "Actual Startup Time": 0.005,
                    "Actual Total Time": 0.005,
                    "Actual Rows": 2,
                    "Actual Loops": 11416,
                    "Index Cond": "(movie_id = t.id)",
                    "Rows Removed by Index Recheck": 0,
                    "Heap Fetches": 20063
                  }
                ]
              }
            ]
          }
        ]
      }
    ]
  },
  "Planning Time": 0.415,
  "Triggers": [],
  "Execution Time": 210.297
}