{
  "Plan": {
    "Node Type": "Aggregate",
    "Strategy": "Plain",
    "Partial Mode": "Finalize",
    "Parallel Aware": false,
    "Startup Cost": 101879.8,
    "Total Cost": 101879.81,
    "Plan Rows": 1,
    "Plan Width": 8,
    "Actual Startup Time": 404.989,
    "Actual Total Time": 419.631,
    "Actual Rows": 1,
    "Actual Loops": 1,
    "Plans": [
      {
        "Node Type": "Gather",
        "Parent Relationship": "Outer",
        "Parallel Aware": false,
        "Startup Cost": 101879.68,
        "Total Cost": 101879.79,
        "Plan Rows": 1,
        "Plan Width": 8,
        "Actual Startup Time": 403.316,
        "Actual Total Time": 419.62,
        "Actual Rows": 2,
        "Actual Loops": 1,
        "Workers Planned": 1,
        "Workers Launched": 1,
        "Single Copy": false,
        "Plans": [
          {
            "Node Type": "Aggregate",
            "Strategy": "Plain",
            "Partial Mode": "Partial",
            "Parent Relationship": "Outer",
            "Parallel Aware": false,
            "Startup Cost": 100879.68,
            "Total Cost": 100879.69,
            "Plan Rows": 1,
            "Plan Width": 8,
            "Actual Startup Time": 397.489,
            "Actual Total Time": 397.493,
            "Actual Rows": 1,
            "Actual Loops": 2,
            "Plans": [
              {
                "Node Type": "Hash Join",
                "Parent Relationship": "Outer",
                "Parallel Aware": true,
                "Join Type": "Inner",
                "Startup Cost": 58527.47,
                "Total Cost": 100749.01,
                "Plan Rows": 52269,
                "Plan Width": 0,
                "Actual Startup Time": 309.818,
                "Actual Total Time": 396.869,
                "Actual Rows": 9210,
                "Actual Loops": 2,
                "Inner Unique": true,
                "Hash Cond": "(mc.movie_id = t.id)",
                "Plans": [
                  {
                    "Node Type": "Index Scan",
                    "Parent Relationship": "Outer",
                    "Parallel Aware": true,
                    "Scan Direction": "Forward",
                    "Index Name": "company_type_id_movie_companies",
                    "Relation Name": "movie_companies",
                    "Alias": "mc",
                    "Startup Cost": 0.43,
                    "Total Cost": 41574.35,
                    "Plan Rows": 246711,
                    "Plan Width": 4,
                    "Actual Startup Time": 38.576,
                    "Actual Total Time": 106.417,
                    "Actual Rows": 51012,
                    "Actual Loops": 2,
                    "Index Cond": "(company_type_id = 1)",
                    "Rows Removed by Index Recheck": 0,
                    "Filter": "(company_id > 23925)",
                    "Rows Removed by Filter": 586112
                  },
                  {
                    "Node Type": "Hash",
                    "Parent Relationship": "Inner",
                    "Parallel Aware": true,
                    "Startup Cost": 54588.39,
                    "Total Cost": 54588.39,
                    "Plan Rows": 315092,
                    "Plan Width": 4,
                    "Actual Startup Time": 262.629,
                    "Actual Total Time": 262.631,
                    "Actual Rows": 266684,
                    "Actual Loops": 2,
                    "Hash Buckets": 1048576,
                    "Original Hash Buckets": 1048576,
                    "Hash Batches": 1,
                    "Original Hash Batches": 1,
                    "Peak Memory Usage": 29088,
                    "Plans": [
                      {
                        "Node Type": "Seq Scan",
                        "Parent Relationship": "Outer",
                        "Parallel Aware": true,
                        "Relation Name": "title",
                        "Alias": "t",
                        "Startup Cost": 0.0,
                        "Total Cost": 54588.39,
                        "Plan Rows": 315092,
                        "Plan Width": 4,
                        "Actual Startup Time": 0.029,
                        "Actual Total Time": 173.472,
                        "Actual Rows": 266684,
                        "Actual Loops": 2,
                        "Filter": "(production_year > 2009)",
                        "Rows Removed by Filter": 997472
                      }
                    ]
                  }
                ]
              }
            ]
          }
        ]
      }
    ]
  },
  "Planning Time": 0.639,
  "Triggers": [],
  "Execution Time": 419.705
}