{
  "Plan": {
    "Node Type": "Aggregate",
    "Strategy": "Plain",
    "Partial Mode": "Finalize",
    "Parallel Aware": false,
    "Startup Cost": 674071.97,
    "Total Cost": 674071.98,
    "Plan Rows": 1,
    "Plan Width": 8,
    "Actual Startup Time": 7046.195,
    "Actual Total Time": 7101.409,
    "Actual Rows": 1,
    "Actual Loops": 1,
    "Plans": [
      {
        "Node Type": "Gather",
        "Parent Relationship": "Outer",
        "Parallel Aware": false,
        "Startup Cost": 674071.86,
        "Total Cost": 674071.97,
        "Plan Rows": 1,
        "Plan Width": 8,
        "Actual Startup Time": 7043.373,
        "Actual Total Time": 7101.399,
        "Actual Rows": 2,
        "Actual Loops": 1,
        "Workers Planned": 1,
        "Workers Launched": 1,
        "Single Copy": false,
        "Plans": [
          {
            "Node Type": "Aggregate",
            "Strategy": "Plain",
            "Partial Mode": "Partial",
            "Parent Relationship": "Outer",
            "Parallel Aware": false,
            "Startup Cost": 673071.86,
            "Total Cost": 673071.87,
            "Plan Rows": 1,
            "Plan Width": 8,
            "Actual Startup Time": 7035.019,
            "Actual Total Time": 7035.024,
            "Actual Rows": 1,
            "Actual Loops": 2,
            "Plans": [
              {
                "Node Type": "Hash Join",
                "Parent Relationship": "Outer",
                "Parallel Aware": true,
                "Join Type": "Inner",
                "Startup Cost": 108849.27,
                "Total Cost": 666877.52,
                "Plan Rows": 2477735,
                "Plan Width": 0,
                "Actual Startup Time": 595.267,
                "Actual Total Time": 6825.566,
                "Actual Rows": 4957818,
                "Actual Loops": 2,
                "Inner Unique": false,
                "Hash Cond": "(t.id = mc.movie_id)",
                "Plans": [
                  {
                    "Node Type": "Hash Join",
                    "Parent Relationship": "Outer",
                    "Parallel Aware": true,
                    "Join Type": "Inner",
                    "Startup Cost": 57619.99,
                    "Total Cost": 579353.34,
                    "Plan Rows": 3475197,
                    "Plan Width": 8,
                    "Actual Startup Time": 206.878,
                    "Actual Total Time": 4873.535,
                    "Actual Rows": 2365414,
                    "Actual Loops": 2,
                    "Inner Unique": true,
                    "Hash Cond": "(ci.movie_id = t.id)",
                    "Plans": [
                      {
                        "Node Type": "Seq Scan",
                        "Parent Relationship": "Outer",
                        "Parallel Aware": true,
                        "Relation Name": "cast_info",
                        "Alias": "ci",
                        "Startup Cost": 0.0,
                        "Total Cost": 465792.95,
                        "Plan Rows": 21310595,
                        "Plan Width": 4,
                        "Actual Startup Time": 0.01,
                        "Actual Total Time": 1403.209,
                        "Actual Rows": 18122172,
                        "Actual Loops": 2
                      },
                      {
                        "Node Type": "Hash",
                        "Parent Relationship": "Inner",
                        "Parallel Aware": true,
                        "Startup Cost": 54588.39,
                        "Total Cost": 54588.39,
                        "Plan Rows": 242528,
                        "Plan Width": 4,
                        "Actual Startup Time": 205.845,
                        "Actual Total Time": 205.846,
                        "Actual Rows": 211890,
                        "Actual Loops": 2,
                        "Hash Buckets": 524288,
                        "Original Hash Buckets": 524288,
                        "Hash Batches": 1,
                        "Original Hash Batches": 1,
                        "Peak Memory Usage": 20704,
                        "Plans": [
                          {
                            "Node Type": "Seq Scan",
                            "Parent Relationship": "Outer",
                            "Parallel Aware": true,
                            "Relation Name": "title",
                            "Alias": "t",
                            "Startup Cost": 0.0,
                            "Total Cost": 54588.39,
                            "Plan Rows": 242528,
                            "Plan Width": 4,
                            "Actual Startup Time": 0.029,
                            "Actual Total Time": 142.262,
                            "Actual Rows": 211890,
                            "Actual Loops": 2,
                            "Filter": "(production_year < 1974)",
                            "Rows Removed by Filter": 1052266
                          }
                        ]
                      }
                    ]
                  },
                  {
                    "Node Type": "Hash",
                    "Parent Relationship": "Inner",
                    "Parallel Aware": true,
                    "Startup Cost": 37974.77,
                    "Total Cost": 37974.77,
                    "Plan Rows": 1060361,
                    "Plan Width": 4,
                    "Actual Startup Time": 373.746,
                    "Actual Total Time": 373.747,
                    "Actual Rows": 893748,
                    "Actual Loops": 2,
                    "Hash Buckets": 2097152,
                    "Original Hash Buckets": 2097152,
                    "Hash Batches": 1,
                    "Original Hash Batches": 1,
                    "Peak Memory Usage": 86336,
                    "Plans": [
                      {
                        "Node Type": "Seq Scan",
                        "Parent Relationship": "Outer",
                        "Parallel Aware": true,
                        "Relation Name": "movie_companies",
                        "Alias": "mc",
                        "Startup Cost": 0.0,
                        "Total Cost": 37974.77,
                        "Plan Rows": 1060361,
                        "Plan Width": 4,
                        "Actual Startup Time": 0.036,
                        "Actual Total Time": 144.027,
                        "Actual Rows": 893748,
                        "Actual Loops": 2,
                        "Filter": "(company_id < 28316)",
                        "Rows Removed by Filter": 410817
                      }
                    ]
                  }
                ]
              }
            ]
          }
        ]
      }
    ]
  },
  "Planning Time": 1.129,
  "Triggers": [],
  "Execution Time": 7101.497
}