[
  {
    "Plan": {
      "Node Type": "Aggregate",
      "Strategy": "Plain",
      "Partial Mode": "Finalize",
      "Parallel Aware": false,
      "Startup Cost": 85607.55,
      "Total Cost": 85607.56,
      "Plan Rows": 1,
      "Plan Width": 8,
      "Actual Startup Time": 469.107,
      "Actual Total Time": 485.284,
      "Actual Rows": 1,
      "Actual Loops": 1,
      "Plans": [
        {
          "Node Type": "Gather",
          "Parent Relationship": "Outer",
          "Parallel Aware": false,
          "Startup Cost": 85607.23,
          "Total Cost": 85607.54,
          "Plan Rows": 3,
          "Plan Width": 8,
          "Actual Startup Time": 461.31,
          "Actual Total Time": 485.274,
          "Actual Rows": 4,
          "Actual Loops": 1,
          "Workers Planned": 3,
          "Workers Launched": 3,
          "Single Copy": false,
          "Plans": [
            {
              "Node Type": "Aggregate",
              "Strategy": "Plain",
              "Partial Mode": "Partial",
              "Parent Relationship": "Outer",
              "Parallel Aware": false,
              "Startup Cost": 84607.23,
              "Total Cost": 84607.24,
              "Plan Rows": 1,
              "Plan Width": 8,
              "Actual Startup Time": 445.23,
              "Actual Total Time": 445.234,
              "Actual Rows": 1,
              "Actual Loops": 4,
              "Plans": [
                {
                  "Node Type": "Hash Join",
                  "Parent Relationship": "Outer",
                  "Parallel Aware": true,
                  "Join Type": "Inner",
                  "Startup Cost": 58053.83,
                  "Total Cost": 84309.45,
                  "Plan Rows": 119115,
                  "Plan Width": 0,
                  "Actual Startup Time": 361.84,
                  "Actual Total Time": 440.887,
                  "Actual Rows": 89093,
                  "Actual Loops": 4,
                  "Inner Unique": true,
                  "Hash Cond": "(mk.movie_id = t.id)",
                  "Plans": [
                    {
                      "Node Type": "Bitmap Heap Scan",
                      "Parent Relationship": "Outer",
                      "Parallel Aware": true,
                      "Relation Name": "movie_keyword",
                      "Alias": "mk",
                      "Startup Cost": 7834.18,
                      "Total Cost": 33777.13,
                      "Plan Rows": 119115,
                      "Plan Width": 4,
                      "Actual Startup Time": 25.348,
                      "Actual Total Time": 73.031,
                      "Actual Rows": 89093,
                      "Actual Loops": 4,
                      "Recheck Cond": "(keyword_id > 46846)",
                      "Rows Removed by Index Recheck": 0,
                      "Exact Heap Blocks": 6592,
                      "Lossy Heap Blocks": 0,
                      "Plans": [
                        {
                          "Node Type": "Bitmap Index Scan",
                          "Parent Relationship": "Outer",
                          "Parallel Aware": false,
                          "Index Name": "keyword_id_movie_keyword",
                          "Startup Cost": 0.0,
                          "Total Cost": 7741.87,
                          "Plan Rows": 369258,
                          "Plan Width": 0,
                          "Actual Startup Time": 21.987,
                          "Actual Total Time": 21.987,
                          "Actual Rows": 356373,
                          "Actual Loops": 1,
                          "Index Cond": "(keyword_id > 46846)"
                        }
                      ]
                    },
                    {
                      "Node Type": "Hash",
                      "Parent Relationship": "Inner",
                      "Parallel Aware": true,
                      "Startup Cost": 42318.73,
                      "Total Cost": 42318.73,
                      "Plan Rows": 632073,
                      "Plan Width": 4,
                      "Actual Startup Time": 326.567,
                      "Actual Total Time": 326.567,
                      "Actual Rows": 632078,
                      "Actual Loops": 4,
                      "Hash Buckets": 4194304,
                      "Original Hash Buckets": 4194304,
                      "Hash Batches": 1,
                      "Original Hash Batches": 1,
                      "Peak Memory Usage": 131744,
                      "Plans": [
                        {
                          "Node Type": "Seq Scan",
                          "Parent Relationship": "Outer",
                          "Parallel Aware": true,
                          "Relation Name": "title",
                          "Alias": "t",
                          "Startup Cost": 0.0,
                          "Total Cost": 42318.73,
                          "Plan Rows": 632073,
                          "Plan Width": 4,
                          "Actual Startup Time": 0.037,
                          "Actual Total Time": 95.62,
                          "Actual Rows": 632078,
                          "Actual Loops": 4
                        }
                      ]
                    }
                  ]
                }
              ]
            }
          ]
        }
      ]
    },
    "Planning Time": 0.527,
    "Triggers": [],
    "Execution Time": 485.364
  }
]