[
  {
    "Plan": {
      "Node Type": "Aggregate",
      "Strategy": "Plain",
      "Partial Mode": "Finalize",
      "Parallel Aware": false,
      "Startup Cost": 46581.08,
      "Total Cost": 46581.09,
      "Plan Rows": 1,
      "Plan Width": 8,
      "Actual Startup Time": 180.466,
      "Actual Total Time": 191.564,
      "Actual Rows": 1,
      "Actual Loops": 1,
      "Plans": [
        {
          "Node Type": "Gather",
          "Parent Relationship": "Outer",
          "Parallel Aware": false,
          "Startup Cost": 46580.77,
          "Total Cost": 46581.08,
          "Plan Rows": 3,
          "Plan Width": 8,
          "Actual Startup Time": 180.298,
          "Actual Total Time": 191.556,
          "Actual Rows": 4,
          "Actual Loops": 1,
          "Workers Planned": 3,
          "Workers Launched": 3,
          "Single Copy": false,
          "Plans": [
            {
              "Node Type": "Aggregate",
              "Strategy": "Plain",
              "Partial Mode": "Partial",
              "Parent Relationship": "Outer",
              "Parallel Aware": false,
              "Startup Cost": 45580.77,
              "Total Cost": 45580.78,
              "Plan Rows": 1,
              "Plan Width": 8,
              "Actual Startup Time": 174.963,
              "Actual Total Time": 174.964,
              "Actual Rows": 1,
              "Actual Loops": 4,
              "Plans": [
                {
                  "Node Type": "Seq Scan",
                  "Parent Relationship": "Outer",
                  "Parallel Aware": true,
                  "Relation Name": "movie_keyword",
                  "Alias": "mk",
                  "Startup Cost": 0.0,
                  "Total Cost": 42695.65,
                  "Plan Rows": 1154045,
                  "Plan Width": 0,
                  "Actual Startup Time": 0.039,
                  "Actual Total Time": 131.127,
                  "Actual Rows": 894780,
                  "Actual Loops": 4,
                  "Filter": "(keyword_id < 20095)",
                  "Rows Removed by Filter": 236203
                }
              ]
            }
          ]
        }
      ]
    },
    "Planning Time": 0.077,
    "Triggers": [],
    "Execution Time": 191.59
  }
]