{
    "Plan": {
        "Node Type": "Aggregate",
        "Strategy": "Plain",
        "Partial Mode": "Simple",
        "Parallel Aware": false,
        "Startup Cost": 10000340252.68,
        "Total Cost": 10000340252.69,
        "Plan Rows": 1,
        "Plan Width": 8,
        "Actual Startup Time": 3149.994,
        "Actual Total Time": 3149.997,
        "Actual Rows": 1,
        "Actual Loops": 1,
        "Output": [
            "count(*)"
        ],
        "Plans": [
            {
                "Node Type": "Hash Join",
                "Parent Relationship": "Outer",
                "Parallel Aware": false,
                "Join Type": "Inner",
                "Startup Cost": 10000200526.16,
                "Total Cost": 10000340195.84,
                "Plan Rows": 22735,
                "Plan Width": 0,
                "Actual Startup Time": 1795.112,
                "Actual Total Time": 3148.87,
                "Actual Rows": 21987,
                "Actual Loops": 1,
                "Inner Unique": false,
                "Hash Cond": "(t.id = mk.movie_id)",
                "Plans": [
                    {
                        "Node Type": "Index Scan",
                        "Parent Relationship": "Outer",
                        "Parallel Aware": false,
                        "Scan Direction": "Forward",
                        "Index Name": "title_pkey",
                        "Relation Name": "title",
                        "Schema": "public",
                        "Alias": "t",
                        "Startup Cost": 10000000000.43,
                        "Total Cost": 10000116662.9,
                        "Plan Rows": 15086,
                        "Plan Width": 4,
                        "Actual Startup Time": 14.824,
                        "Actual Total Time": 1361.351,
                        "Actual Rows": 14601,
                        "Actual Loops": 1,
                        "Output": [
                            "t.id",
                            "t.title",
                            "t.imdb_index",
                            "t.kind_id",
                            "t.production_year",
                            "t.imdb_id",
                            "t.phonetic_code",
                            "t.episode_of_id",
                            "t.season_nr",
                            "t.episode_nr",
                            "t.series_years",
                            "t.md5sum"
                        ],
                        "Filter": "(t.production_year = 1967)",
                        "Rows Removed by Filter": 2513711
                    },
                    {
                        "Node Type": "Hash",
                        "Parent Relationship": "Inner",
                        "Parallel Aware": false,
                        "Startup Cost": 152898.52,
                        "Total Cost": 152898.52,
                        "Plan Rows": 3810177,
                        "Plan Width": 4,
                        "Actual Startup Time": 1747.618,
                        "Actual Total Time": 1747.62,
                        "Actual Rows": 3823318,
                        "Actual Loops": 1,
                        "Output": [
                            "mk.movie_id"
                        ],
                        "Hash Buckets": 4194304,
                        "Original Hash Buckets": 4194304,
                        "Hash Batches": 1,
                        "Original Hash Batches": 1,
                        "Peak Memory Usage": 167182,
                        "Plans": [
                            {
                                "Node Type": "Bitmap Heap Scan",
                                "Parent Relationship": "Outer",
                                "Parallel Aware": false,
                                "Relation Name": "movie_keyword",
                                "Schema": "public",
                                "Alias": "mk",
                                "Startup Cost": 80817.3,
                                "Total Cost": 152898.52,
                                "Plan Rows": 3810177,
                                "Plan Width": 4,
                                "Actual Startup Time": 326.153,
                                "Actual Total Time": 986.582,
                                "Actual Rows": 3823318,
                                "Actual Loops": 1,
                                "Output": [
                                    "mk.movie_id"
                                ],
                                "Recheck Cond": "(mk.keyword_id < 26908)",
                                "Rows Removed by Index Recheck": 0,
                                "Exact Heap Blocks": 24454,
                                "Lossy Heap Blocks": 0,
                                "Plans": [
                                    {
                                        "Node Type": "Bitmap Index Scan",
                                        "Parent Relationship": "Outer",
                                        "Parallel Aware": false,
                                        "Index Name": "keyword_id_movie_keyword",
                                        "Startup Cost": 0.0,
                                        "Total Cost": 79864.76,
                                        "Plan Rows": 3810177,
                                        "Plan Width": 0,
                                        "Actual Startup Time": 321.28,
                                        "Actual Total Time": 321.28,
                                        "Actual Rows": 3823318,
                                        "Actual Loops": 1,
                                        "Index Cond": "(mk.keyword_id < 26908)"
                                    }
                                ]
                            }
                        ]
                    }
                ]
            }
        ]
    },
    "Planning Time": 2.485,
    "Triggers": [],
    "Execution Time": 3153.888
}