[
    {
        "Bao": {
            "Bao prediction": "NaN",
            "Bao recommended hint": "(no hint)"
        }
    },
    {
        "Plan": {
            "Node Type": "Aggregate",
            "Strategy": "Plain",
            "Partial Mode": "Finalize",
            "Parallel Aware": false,
            "Startup Cost": 427877.2,
            "Total Cost": 427877.21,
            "Plan Rows": 1,
            "Plan Width": 8,
            "Actual Startup Time": 2252.684,
            "Actual Total Time": 2286.468,
            "Actual Rows": 1,
            "Actual Loops": 1,
            "Output": [
                "count(*)"
            ],
            "Plans": [
                {
                    "Node Type": "Gather",
                    "Parent Relationship": "Outer",
                    "Parallel Aware": false,
                    "Startup Cost": 427876.57,
                    "Total Cost": 427877.18,
                    "Plan Rows": 6,
                    "Plan Width": 8,
                    "Actual Startup Time": 2241.855,
                    "Actual Total Time": 2286.457,
                    "Actual Rows": 7,
                    "Actual Loops": 1,
                    "Output": [
                        "(PARTIAL count(*))"
                    ],
                    "Workers Planned": 6,
                    "Workers Launched": 6,
                    "Single Copy": false,
                    "Plans": [
                        {
                            "Node Type": "Aggregate",
                            "Strategy": "Plain",
                            "Partial Mode": "Partial",
                            "Parent Relationship": "Outer",
                            "Parallel Aware": false,
                            "Startup Cost": 426876.57,
                            "Total Cost": 426876.58,
                            "Plan Rows": 1,
                            "Plan Width": 8,
                            "Actual Startup Time": 2230.669,
                            "Actual Total Time": 2230.961,
                            "Actual Rows": 1,
                            "Actual Loops": 7,
                            "Output": [
                                "PARTIAL count(*)"
                            ],
                            "Workers": [
                                {
                                    "Worker Number": 0,
                                    "Actual Startup Time": 2229.213,
                                    "Actual Total Time": 2229.217,
                                    "Actual Rows": 1,
                                    "Actual Loops": 1
                                },
                                {
                                    "Worker Number": 1,
                                    "Actual Startup Time": 2229.104,
                                    "Actual Total Time": 2229.11,
                                    "Actual Rows": 1,
                                    "Actual Loops": 1
                                },
                                {
                                    "Worker Number": 2,
                                    "Actual Startup Time": 2230.173,
                                    "Actual Total Time": 2230.176,
                                    "Actual Rows": 1,
                                    "Actual Loops": 1
                                },
                                {
                                    "Worker Number": 3,
                                    "Actual Startup Time": 2229.033,
                                    "Actual Total Time": 2229.038,
                                    "Actual Rows": 1,
                                    "Actual Loops": 1
                                },
                                {
                                    "Worker Number": 4,
                                    "Actual Startup Time": 2229.372,
                                    "Actual Total Time": 2229.376,
                                    "Actual Rows": 1,
                                    "Actual Loops": 1
                                },
                                {
                                    "Worker Number": 5,
                                    "Actual Startup Time": 2229.015,
                                    "Actual Total Time": 2229.02,
                                    "Actual Rows": 1,
                                    "Actual Loops": 1
                                }
                            ],
                            "Plans": [
                                {
                                    "Node Type": "Hash Join",
                                    "Parent Relationship": "Outer",
                                    "Parallel Aware": true,
                                    "Join Type": "Inner",
                                    "Startup Cost": 81407.25,
                                    "Total Cost": 422640.03,
                                    "Plan Rows": 1694618,
                                    "Plan Width": 0,
                                    "Actual Startup Time": 327.055,
                                    "Actual Total Time": 2119.569,
                                    "Actual Rows": 2565261,
                                    "Actual Loops": 7,
                                    "Inner Unique": false,
                                    "Hash Cond": "(ci.movie_id = t.id)",
                                    "Workers": [
                                        {
                                            "Worker Number": 0,
                                            "Actual Startup Time": 325.762,
                                            "Actual Total Time": 2119.35,
                                            "Actual Rows": 2652294,
                                            "Actual Loops": 1
                                        },
                                        {
                                            "Worker Number": 1,
                                            "Actual Startup Time": 325.717,
                                            "Actual Total Time": 2119.963,
                                            "Actual Rows": 2616691,
                                            "Actual Loops": 1
                                        },
                                        {
                                            "Worker Number": 2,
                                            "Actual Startup Time": 325.528,
                                            "Actual Total Time": 2124.882,
                                            "Actual Rows": 2627117,
                                            "Actual Loops": 1
                                        },
                                        {
                                            "Worker Number": 3,
                                            "Actual Startup Time": 325.716,
                                            "Actual Total Time": 2106.752,
                                            "Actual Rows": 1872914,
                                            "Actual Loops": 1
                                        },
                                        {
                                            "Worker Number": 4,
                                            "Actual Startup Time": 325.812,
                                            "Actual Total Time": 2122.726,
                                            "Actual Rows": 2646045,
                                            "Actual Loops": 1
                                        },
                                        {
                                            "Worker Number": 5,
                                            "Actual Startup Time": 325.553,
                                            "Actual Total Time": 2119.681,
                                            "Actual Rows": 2617885,
                                            "Actual Loops": 1
                                        }
                                    ],
                                    "Plans": [
                                        {
                                            "Node Type": "Seq Scan",
                                            "Parent Relationship": "Outer",
                                            "Parallel Aware": true,
                                            "Relation Name": "cast_info",
                                            "Schema": "public",
                                            "Alias": "ci",
                                            "Startup Cost": 0.0,
                                            "Total Cost": 313108.29,
                                            "Plan Rows": 6042129,
                                            "Plan Width": 4,
                                            "Actual Startup Time": 0.024,
                                            "Actual Total Time": 488.079,
                                            "Actual Rows": 5177763,
                                            "Actual Loops": 7,
                                            "Output": [
                                                "ci.id",
                                                "ci.person_id",
                                                "ci.movie_id",
                                                "ci.person_role_id",
                                                "ci.note",
                                                "ci.nr_order",
                                                "ci.role_id"
                                            ],
                                            "Workers": [
                                                {
                                                    "Worker Number": 0,
                                                    "Actual Startup Time": 0.022,
                                                    "Actual Total Time": 491.082,
                                                    "Actual Rows": 5345960,
                                                    "Actual Loops": 1
                                                },
                                                {
                                                    "Worker Number": 1,
                                                    "Actual Startup Time": 0.022,
                                                    "Actual Total Time": 491.716,
                                                    "Actual Rows": 5280970,
                                                    "Actual Loops": 1
                                                },
                                                {
                                                    "Worker Number": 2,
                                                    "Actual Startup Time": 0.029,
                                                    "Actual Total Time": 500.153,
                                                    "Actual Rows": 5324100,
                                                    "Actual Loops": 1
                                                },
                                                {
                                                    "Worker Number": 3,
                                                    "Actual Startup Time": 0.037,
                                                    "Actual Total Time": 525.206,
                                                    "Actual Rows": 3766548,
                                                    "Actual Loops": 1
                                                },
                                                {
                                                    "Worker Number": 4,
                                                    "Actual Startup Time": 0.022,
                                                    "Actual Total Time": 505.514,
                                                    "Actual Rows": 5333295,
                                                    "Actual Loops": 1
                                                },
                                                {
                                                    "Worker Number": 5,
                                                    "Actual Startup Time": 0.023,
                                                    "Actual Total Time": 490.711,
                                                    "Actual Rows": 5276880,
                                                    "Actual Loops": 1
                                                }
                                            ]
                                        },
                                        {
                                            "Node Type": "Hash",
                                            "Parent Relationship": "Inner",
                                            "Parallel Aware": true,
                                            "Startup Cost": 78547.94,
                                            "Total Cost": 78547.94,
                                            "Plan Rows": 228745,
                                            "Plan Width": 8,
                                            "Actual Startup Time": 323.696,
                                            "Actual Total Time": 323.987,
                                            "Actual Rows": 117272,
                                            "Actual Loops": 7,
                                            "Output": [
                                                "t.id",
                                                "mc.movie_id"
                                            ],
                                            "Hash Buckets": 1048576,
                                            "Original Hash Buckets": 1048576,
                                            "Hash Batches": 1,
                                            "Original Hash Batches": 1,
                                            "Peak Memory Usage": 40384,
                                            "Workers": [
                                                {
                                                    "Worker Number": 0,
                                                    "Actual Startup Time": 324.89,
                                                    "Actual Total Time": 324.892,
                                                    "Actual Rows": 119184,
                                                    "Actual Loops": 1
                                                },
                                                {
                                                    "Worker Number": 1,
                                                    "Actual Startup Time": 324.78,
                                                    "Actual Total Time": 324.784,
                                                    "Actual Rows": 117750,
                                                    "Actual Loops": 1
                                                },
                                                {
                                                    "Worker Number": 2,
                                                    "Actual Startup Time": 324.716,
                                                    "Actual Total Time": 324.719,
                                                    "Actual Rows": 123380,
                                                    "Actual Loops": 1
                                                },
                                                {
                                                    "Worker Number": 3,
                                                    "Actual Startup Time": 324.569,
                                                    "Actual Total Time": 324.573,
                                                    "Actual Rows": 88048,
                                                    "Actual Loops": 1
                                                },
                                                {
                                                    "Worker Number": 4,
                                                    "Actual Startup Time": 325.008,
                                                    "Actual Total Time": 325.011,
                                                    "Actual Rows": 124039,
                                                    "Actual Loops": 1
                                                },
                                                {
                                                    "Worker Number": 5,
                                                    "Actual Startup Time": 324.532,
                                                    "Actual Total Time": 324.536,
                                                    "Actual Rows": 118873,
                                                    "Actual Loops": 1
                                                }
                                            ],
                                            "Plans": [
                                                {
                                                    "Node Type": "Hash Join",
                                                    "Parent Relationship": "Outer",
                                                    "Parallel Aware": true,
                                                    "Join Type": "Inner",
                                                    "Startup Cost": 48110.86,
                                                    "Total Cost": 78547.94,
                                                    "Plan Rows": 228745,
                                                    "Plan Width": 8,
                                                    "Actual Startup Time": 193.272,
                                                    "Actual Total Time": 278.042,
                                                    "Actual Rows": 117272,
                                                    "Actual Loops": 7,
                                                    "Output": [
                                                        "t.id",
                                                        "mc.movie_id"
                                                    ],
                                                    "Inner Unique": true,
                                                    "Hash Cond": "(mc.movie_id = t.id)",
                                                    "Workers": [
                                                        {
                                                            "Worker Number": 0,
                                                            "Actual Startup Time": 193.262,
                                                            "Actual Total Time": 278.145,
                                                            "Actual Rows": 119184,
                                                            "Actual Loops": 1
                                                        },
                                                        {
                                                            "Worker Number": 1,
                                                            "Actual Startup Time": 193.157,
                                                            "Actual Total Time": 278.154,
                                                            "Actual Rows": 117750,
                                                            "Actual Loops": 1
                                                        },
                                                        {
                                                            "Worker Number": 2,
                                                            "Actual Startup Time": 193.31,
                                                            "Actual Total Time": 278.077,
                                                            "Actual Rows": 123380,
                                                            "Actual Loops": 1
                                                        },
                                                        {
                                                            "Worker Number": 3,
                                                            "Actual Startup Time": 193.24,
                                                            "Actual Total Time": 278.552,
                                                            "Actual Rows": 88048,
                                                            "Actual Loops": 1
                                                        },
                                                        {
                                                            "Worker Number": 4,
                                                            "Actual Startup Time": 193.31,
                                                            "Actual Total Time": 277.258,
                                                            "Actual Rows": 124039,
                                                            "Actual Loops": 1
                                                        },
                                                        {
                                                            "Worker Number": 5,
                                                            "Actual Startup Time": 193.22,
                                                            "Actual Total Time": 277.48,
                                                            "Actual Rows": 118873,
                                                            "Actual Loops": 1
                                                        }
                                                    ],
                                                    "Plans": [
                                                        {
                                                            "Node Type": "Seq Scan",
                                                            "Parent Relationship": "Outer",
                                                            "Parallel Aware": true,
                                                            "Relation Name": "movie_companies",
                                                            "Schema": "public",
                                                            "Alias": "mc",
                                                            "Startup Cost": 0.0,
                                                            "Total Cost": 29310.68,
                                                            "Plan Rows": 429104,
                                                            "Plan Width": 4,
                                                            "Actual Startup Time": 20.333,
                                                            "Actual Total Time": 44.975,
                                                            "Actual Rows": 190698,
                                                            "Actual Loops": 7,
                                                            "Output": [
                                                                "mc.id",
                                                                "mc.movie_id",
                                                                "mc.company_id",
                                                                "mc.company_type_id",
                                                                "mc.note"
                                                            ],
                                                            "Filter": "(mc.company_type_id > 1)",
                                                            "Rows Removed by Filter": 182035,
                                                            "Workers": [
                                                                {
                                                                    "Worker Number": 0,
                                                                    "Actual Startup Time": 20.213,
                                                                    "Actual Total Time": 44.73,
                                                                    "Actual Rows": 192748,
                                                                    "Actual Loops": 1
                                                                },
                                                                {
                                                                    "Worker Number": 1,
                                                                    "Actual Startup Time": 20.228,
                                                                    "Actual Total Time": 44.985,
                                                                    "Actual Rows": 193729,
                                                                    "Actual Loops": 1
                                                                },
                                                                {
                                                                    "Worker Number": 2,
                                                                    "Actual Startup Time": 20.384,
                                                                    "Actual Total Time": 45.523,
                                                                    "Actual Rows": 202867,
                                                                    "Actual Loops": 1
                                                                },
                                                                {
                                                                    "Worker Number": 3,
                                                                    "Actual Startup Time": 20.348,
                                                                    "Actual Total Time": 47.67,
                                                                    "Actual Rows": 142891,
                                                                    "Actual Loops": 1
                                                                },
                                                                {
                                                                    "Worker Number": 4,
                                                                    "Actual Startup Time": 20.4,
                                                                    "Actual Total Time": 45.263,
                                                                    "Actual Rows": 200757,
                                                                    "Actual Loops": 1
                                                                },
                                                                {
                                                                    "Worker Number": 5,
                                                                    "Actual Startup Time": 20.382,
                                                                    "Actual Total Time": 44.694,
                                                                    "Actual Rows": 190938,
                                                                    "Actual Loops": 1
                                                                }
                                                            ]
                                                        },
                                                        {
                                                            "Node Type": "Hash",
                                                            "Parent Relationship": "Inner",
                                                            "Parallel Aware": true,
                                                            "Startup Cost": 43899.01,
                                                            "Total Cost": 43899.01,
                                                            "Plan Rows": 336948,
                                                            "Plan Width": 4,
                                                            "Actual Startup Time": 170.121,
                                                            "Actual Total Time": 170.122,
                                                            "Actual Rows": 192613,
                                                            "Actual Loops": 7,
                                                            "Output": [
                                                                "t.id"
                                                            ],
                                                            "Hash Buckets": 2097152,
                                                            "Original Hash Buckets": 2097152,
                                                            "Hash Batches": 1,
                                                            "Original Hash Batches": 1,
                                                            "Peak Memory Usage": 69280,
                                                            "Workers": [
                                                                {
                                                                    "Worker Number": 0,
                                                                    "Actual Startup Time": 172.705,
                                                                    "Actual Total Time": 172.706,
                                                                    "Actual Rows": 187582,
                                                                    "Actual Loops": 1
                                                                },
                                                                {
                                                                    "Worker Number": 1,
                                                                    "Actual Startup Time": 172.658,
                                                                    "Actual Total Time": 172.659,
                                                                    "Actual Rows": 185819,
                                                                    "Actual Loops": 1
                                                                },
                                                                {
                                                                    "Worker Number": 2,
                                                                    "Actual Startup Time": 172.822,
                                                                    "Actual Total Time": 172.823,
                                                                    "Actual Rows": 182656,
                                                                    "Actual Loops": 1
                                                                },
                                                                {
                                                                    "Worker Number": 3,
                                                                    "Actual Startup Time": 172.744,
                                                                    "Actual Total Time": 172.746,
                                                                    "Actual Rows": 140951,
                                                                    "Actual Loops": 1
                                                                },
                                                                {
                                                                    "Worker Number": 4,
                                                                    "Actual Startup Time": 172.803,
                                                                    "Actual Total Time": 172.804,
                                                                    "Actual Rows": 182410,
                                                                    "Actual Loops": 1
                                                                },
                                                                {
                                                                    "Worker Number": 5,
                                                                    "Actual Startup Time": 172.698,
                                                                    "Actual Total Time": 172.699,
                                                                    "Actual Rows": 185846,
                                                                    "Actual Loops": 1
                                                                }
                                                            ],
                                                            "Plans": [
                                                                {
                                                                    "Node Type": "Seq Scan",
                                                                    "Parent Relationship": "Outer",
                                                                    "Parallel Aware": true,
                                                                    "Relation Name": "title",
                                                                    "Schema": "public",
                                                                    "Alias": "t",
                                                                    "Startup Cost": 0.0,
                                                                    "Total Cost": 43899.01,
                                                                    "Plan Rows": 336948,
                                                                    "Plan Width": 4,
                                                                    "Actual Startup Time": 0.051,
                                                                    "Actual Total Time": 74.449,
                                                                    "Actual Rows": 192613,
                                                                    "Actual Loops": 7,
                                                                    "Output": [
                                                                        "t.id"
                                                                    ],
                                                                    "Filter": "(t.production_year < 2005)",
                                                                    "Rows Removed by Filter": 168574,
                                                                    "Workers": [
                                                                        {
                                                                            "Worker Number": 0,
                                                                            "Actual Startup Time": 0.05,
                                                                            "Actual Total Time": 75.18,
                                                                            "Actual Rows": 187582,
                                                                            "Actual Loops": 1
                                                                        },
                                                                        {
                                                                            "Worker Number": 1,
                                                                            "Actual Startup Time": 0.058,
                                                                            "Actual Total Time": 74.942,
                                                                            "Actual Rows": 185819,
                                                                            "Actual Loops": 1
                                                                        },
                                                                        {
                                                                            "Worker Number": 2,
                                                                            "Actual Startup Time": 0.053,
                                                                            "Actual Total Time": 76.681,
                                                                            "Actual Rows": 182656,
                                                                            "Actual Loops": 1
                                                                        },
                                                                        {
                                                                            "Worker Number": 3,
                                                                            "Actual Startup Time": 0.074,
                                                                            "Actual Total Time": 78.237,
                                                                            "Actual Rows": 140951,
                                                                            "Actual Loops": 1
                                                                        },
                                                                        {
                                                                            "Worker Number": 4,
                                                                            "Actual Startup Time": 0.059,
                                                                            "Actual Total Time": 76.052,
                                                                            "Actual Rows": 182410,
                                                                            "Actual Loops": 1
                                                                        },
                                                                        {
                                                                            "Worker Number": 5,
                                                                            "Actual Startup Time": 0.049,
                                                                            "Actual Total Time": 75.228,
                                                                            "Actual Rows": 185846,
                                                                            "Actual Loops": 1
                                                                        }
                                                                    ]
                                                                }
                                                            ]
                                                        }
                                                    ]
                                                }
                                            ]
                                        }
                                    ]
                                }
                            ]
                        }
                    ]
                }
            ]
        },
        "Planning Time": 231.069,
        "Triggers": [],
        "Execution Time": 2286.577
    }
]