[
  {
    "Plan": {
      "Node Type": "Aggregate",
      "Strategy": "Plain",
      "Partial Mode": "Finalize",
      "Parallel Aware": false,
      "Startup Cost": 32848.75,
      "Total Cost": 32848.76,
      "Plan Rows": 1,
      "Plan Width": 8,
      "Actual Startup Time": 92.432,
      "Actual Total Time": 100.797,
      "Actual Rows": 1,
      "Actual Loops": 1,
      "Plans": [
        {
          "Node Type": "Gather",
          "Parent Relationship": "Outer",
          "Parallel Aware": false,
          "Startup Cost": 32848.44,
          "Total Cost": 32848.75,
          "Plan Rows": 3,
          "Plan Width": 8,
          "Actual Startup Time": 92.316,
          "Actual Total Time": 100.787,
          "Actual Rows": 4,
          "Actual Loops": 1,
          "Workers Planned": 3,
          "Workers Launched": 3,
          "Single Copy": false,
          "Plans": [
            {
              "Node Type": "Aggregate",
              "Strategy": "Plain",
              "Partial Mode": "Partial",
              "Parent Relationship": "Outer",
              "Parallel Aware": false,
              "Startup Cost": 31848.44,
              "Total Cost": 31848.45,
              "Plan Rows": 1,
              "Plan Width": 8,
              "Actual Startup Time": 88.094,
              "Actual Total Time": 88.095,
              "Actual Rows": 1,
              "Actual Loops": 4,
              "Plans": [
                {
                  "Node Type": "Seq Scan",
                  "Parent Relationship": "Outer",
                  "Parallel Aware": true,
                  "Relation Name": "movie_companies",
                  "Alias": "mc",
                  "Startup Cost": 0.0,
                  "Total Cost": 31414.82,
                  "Plan Rows": 173447,
                  "Plan Width": 0,
                  "Actual Startup Time": 0.026,
                  "Actual Total Time": 77.859,
                  "Actual Rows": 188811,
                  "Actual Loops": 4,
                  "Filter": "((company_id < 7676) AND (company_type_id = 1))",
                  "Rows Removed by Filter": 463471
                }
              ]
            }
          ]
        }
      ]
    },
    "Planning Time": 0.118,
    "Triggers": [],
    "Execution Time": 100.831
  }
]