[
  {
    "Plan": {
      "Node Type": "Aggregate",
      "Strategy": "Plain",
      "Partial Mode": "Finalize",
      "Parallel Aware": false,
      "Startup Cost": 413553.57,
      "Total Cost": 413553.58,
      "Plan Rows": 1,
      "Plan Width": 8,
      "Actual Startup Time": 1443.695,
      "Actual Total Time": 1511.305,
      "Actual Rows": 1,
      "Actual Loops": 1,
      "Plans": [
        {
          "Node Type": "Gather",
          "Parent Relationship": "Outer",
          "Parallel Aware": false,
          "Startup Cost": 413552.95,
          "Total Cost": 413553.56,
          "Plan Rows": 6,
          "Plan Width": 8,
          "Actual Startup Time": 1439.067,
          "Actual Total Time": 1511.295,
          "Actual Rows": 7,
          "Actual Loops": 1,
          "Workers Planned": 6,
          "Workers Launched": 6,
          "Single Copy": false,
          "Plans": [
            {
              "Node Type": "Aggregate",
              "Strategy": "Plain",
              "Partial Mode": "Partial",
              "Parent Relationship": "Outer",
              "Parallel Aware": false,
              "Startup Cost": 412552.95,
              "Total Cost": 412552.96,
              "Plan Rows": 1,
              "Plan Width": 8,
              "Actual Startup Time": 1428.067,
              "Actual Total Time": 1428.232,
              "Actual Rows": 1,
              "Actual Loops": 7,
              "Plans": [
                {
                  "Node Type": "Hash Join",
                  "Parent Relationship": "Outer",
                  "Parallel Aware": true,
                  "Join Type": "Inner",
                  "Startup Cost": 66077.53,
                  "Total Cost": 410935.07,
                  "Plan Rows": 647152,
                  "Plan Width": 0,
                  "Actual Startup Time": 390.954,
                  "Actual Total Time": 1381.338,
                  "Actual Rows": 1074947,
                  "Actual Loops": 7,
                  "Inner Unique": false,
                  "Hash Cond": "(ci.movie_id = t.id)",
                  "Plans": [
                    {
                      "Node Type": "Seq Scan",
                      "Parent Relationship": "Outer",
                      "Parallel Aware": true,
                      "Relation Name": "cast_info",
                      "Alias": "ci",
                      "Startup Cost": 0.0,
                      "Total Cost": 328162.03,
                      "Plan Rows": 3733078,
                      "Plan Width": 4,
                      "Actual Startup Time": 135.817,
                      "Actual Total Time": 587.279,
                      "Actual Rows": 3198205,
                      "Actual Loops": 7,
                      "Filter": "(person_id > 1364824)",
                      "Rows Removed by Filter": 1979558
                    },
                    {
                      "Node Type": "Hash",
                      "Parent Relationship": "Inner",
                      "Parallel Aware": true,
                      "Startup Cost": 63794.74,
                      "Total Cost": 63794.74,
                      "Plan Rows": 182623,
                      "Plan Width": 8,
                      "Actual Startup Time": 252.467,
                      "Actual Total Time": 252.63,
                      "Actual Rows": 51397,
                      "Actual Loops": 7,
                      "Hash Buckets": 524288,
                      "Original Hash Buckets": 524288,
                      "Hash Batches": 1,
                      "Original Hash Batches": 1,
                      "Peak Memory Usage": 18272,
                      "Plans": [
                        {
                          "Node Type": "Hash Join",
                          "Parent Relationship": "Outer",
                          "Parallel Aware": true,
                          "Join Type": "Inner",
                          "Startup Cost": 47666.84,
                          "Total Cost": 63794.74,
                          "Plan Rows": 182623,
                          "Plan Width": 8,
                          "Actual Startup Time": 175.178,
                          "Actual Total Time": 231.746,
                          "Actual Rows": 51397,
                          "Actual Loops": 7,
                          "Inner Unique": true,
                          "Hash Cond": "(mi_idx.movie_id = t.id)",
                          "Plans": [
                            {
                              "Node Type": "Seq Scan",
                              "Parent Relationship": "Outer",
                              "Parallel Aware": true,
                              "Relation Name": "movie_info_idx",
                              "Alias": "mi_idx",
                              "Startup Cost": 0.0,
                              "Total Cost": 15122.68,
                              "Plan Rows": 382940,
                              "Plan Width": 4,
                              "Actual Startup Time": 0.033,
                              "Actual Total Time": 23.208,
                              "Actual Rows": 131407,
                              "Actual Loops": 7,
                              "Filter": "(info_type_id < 101)",
                              "Rows Removed by Filter": 65741
                            },
                            {
                              "Node Type": "Hash",
                              "Parent Relationship": "Inner",
                              "Parallel Aware": true,
                              "Startup Cost": 43898.92,
                              "Total Cost": 43898.92,
                              "Plan Rows": 301434,
                              "Plan Width": 4,
                              "Actual Startup Time": 171.872,
                              "Actual Total Time": 171.873,
                              "Actual Rows": 170360,
                              "Actual Loops": 7,
                              "Hash Buckets": 2097152,
                              "Original Hash Buckets": 2097152,
                              "Hash Batches": 1,
                              "Original Hash Batches": 1,
                              "Peak Memory Usage": 63136,
                              "Plans": [
                                {
                                  "Node Type": "Seq Scan",
                                  "Parent Relationship": "Outer",
                                  "Parallel Aware": true,
                                  "Relation Name": "title",
                                  "Alias": "t",
                                  "Startup Cost": 0.0,
                                  "Total Cost": 43898.92,
                                  "Plan Rows": 301434,
                                  "Plan Width": 4,
                                  "Actual Startup Time": 0.052,
                                  "Actual Total Time": 78.06,
                                  "Actual Rows": 170360,
                                  "Actual Loops": 7,
                                  "Filter": "(production_year > 2003)",
                                  "Rows Removed by Filter": 190828
                                }
                              ]
                            }
                          ]
                        }
                      ]
                    }
                  ]
                }
              ]
            }
          ]
        }
      ]
    },
    "Planning Time": 1.331,
    "Triggers": [],
    "Execution Time": 1511.414
  }
]