[
  {
    "Plan": {
      "Node Type": "Aggregate",
      "Strategy": "Plain",
      "Partial Mode": "Simple",
      "Parallel Aware": false,
      "Startup Cost": 3495.86,
      "Total Cost": 3495.87,
      "Plan Rows": 1,
      "Plan Width": 8,
      "Actual Startup Time": 62.782,
      "Actual Total Time": 62.785,
      "Actual Rows": 1,
      "Actual Loops": 1,
      "Plans": [
        {
          "Node Type": "Nested Loop",
          "Parent Relationship": "Outer",
          "Parallel Aware": false,
          "Join Type": "Inner",
          "Startup Cost": 7.23,
          "Total Cost": 3492.2,
          "Plan Rows": 1462,
          "Plan Width": 0,
          "Actual Startup Time": 0.524,
          "Actual Total Time": 57.848,
          "Actual Rows": 57599,
          "Actual Loops": 1,
          "Inner Unique": false,
          "Plans": [
            {
              "Node Type": "Nested Loop",
              "Parent Relationship": "Outer",
              "Parallel Aware": false,
              "Join Type": "Inner",
              "Startup Cost": 6.79,
              "Total Cost": 3017.98,
              "Plan Rows": 249,
              "Plan Width": 8,
              "Actual Startup Time": 0.508,
              "Actual Total Time": 7.976,
              "Actual Rows": 742,
              "Actual Loops": 1,
              "Inner Unique": true,
              "Plans": [
                {
                  "Node Type": "Bitmap Heap Scan",
                  "Parent Relationship": "Outer",
                  "Parallel Aware": false,
                  "Relation Name": "movie_keyword",
                  "Alias": "mk",
                  "Startup Cost": 6.36,
                  "Total Cost": 926.55,
                  "Plan Rows": 249,
                  "Plan Width": 4,
                  "Actual Startup Time": 0.481,
                  "Actual Total Time": 2.572,
                  "Actual Rows": 742,
                  "Actual Loops": 1,
                  "Recheck Cond": "(keyword_id = 1682)",
                  "Rows Removed by Index Recheck": 0,
                  "Exact Heap Blocks": 684,
                  "Lossy Heap Blocks": 0,
                  "Plans": [
                    {
                      "Node Type": "Bitmap Index Scan",
                      "Parent Relationship": "Outer",
                      "Parallel Aware": false,
                      "Index Name": "keyword_id_movie_keyword",
                      "Startup Cost": 0.0,
                      "Total Cost": 6.3,
                      "Plan Rows": 249,
                      "Plan Width": 0,
                      "Actual Startup Time": 0.284,
                      "Actual Total Time": 0.285,
                      "Actual Rows": 742,
                      "Actual Loops": 1,
                      "Index Cond": "(keyword_id = 1682)"
                    }
                  ]
                },
                {
                  "Node Type": "Index Only Scan",
                  "Parent Relationship": "Inner",
                  "Parallel Aware": false,
                  "Scan Direction": "Forward",
                  "Index Name": "title_pkey",
                  "Relation Name": "title",
                  "Alias": "t",
                  "Startup Cost": 0.43,
                  "Total Cost": 8.4,
                  "Plan Rows": 1,
                  "Plan Width": 4,
                  "Actual Startup Time": 0.007,
                  "Actual Total Time": 0.007,
                  "Actual Rows": 1,
                  "Actual Loops": 742,
                  "Index Cond": "(id = mk.movie_id)",
                  "Rows Removed by Index Recheck": 0,
                  "Heap Fetches": 742
                }
              ]
            },
            {
              "Node Type": "Index Only Scan",
              "Parent Relationship": "Inner",
              "Parallel Aware": false,
              "Scan Direction": "Forward",
              "Index Name": "movie_id_movie_info",
              "Relation Name": "movie_info",
              "Alias": "mi",
              "Startup Cost": 0.43,
              "Total Cost": 1.49,
              "Plan Rows": 41,
              "Plan Width": 4,
              "Actual Startup Time": 0.012,
              "Actual Total Time": 0.056,
              "Actual Rows": 78,
              "Actual Loops": 742,
              "Index Cond": "(movie_id = t.id)",
              "Rows Removed by Index Recheck": 0,
              "Heap Fetches": 57599
            }
          ]
        }
      ]
    },
    "Planning Time": 1.124,
    "Triggers": [],
    "Execution Time": 62.859
  }
]