{
  "Plan": {
    "Node Type": "Aggregate",
    "Strategy": "Plain",
    "Partial Mode": "Finalize",
    "Parallel Aware": false,
    "Startup Cost": 41599.26,
    "Total Cost": 41599.27,
    "Plan Rows": 1,
    "Plan Width": 8,
    "Actual Startup Time": 41.384,
    "Actual Total Time": 45.475,
    "Actual Rows": 1,
    "Actual Loops": 1,
    "Plans": [
      {
        "Node Type": "Gather",
        "Parent Relationship": "Outer",
        "Parallel Aware": false,
        "Startup Cost": 41599.15,
        "Total Cost": 41599.26,
        "Plan Rows": 1,
        "Plan Width": 8,
        "Actual Startup Time": 41.298,
        "Actual Total Time": 45.47,
        "Actual Rows": 2,
        "Actual Loops": 1,
        "Workers Planned": 1,
        "Workers Launched": 1,
        "Single Copy": false,
        "Plans": [
          {
            "Node Type": "Aggregate",
            "Strategy": "Plain",
            "Partial Mode": "Partial",
            "Parent Relationship": "Outer",
            "Parallel Aware": false,
            "Startup Cost": 40599.15,
            "Total Cost": 40599.16,
            "Plan Rows": 1,
            "Plan Width": 8,
            "Actual Startup Time": 35.537,
            "Actual Total Time": 35.539,
            "Actual Rows": 1,
            "Actual Loops": 2,
            "Plans": [
              {
                "Node Type": "Nested Loop",
                "Parent Relationship": "Outer",
                "Parallel Aware": false,
                "Join Type": "Inner",
                "Startup Cost": 241.72,
                "Total Cost": 40591.09,
                "Plan Rows": 3224,
                "Plan Width": 0,
                "Actual Startup Time": 3.039,
                "Actual Total Time": 35.055,
                "Actual Rows": 3029,
                "Actual Loops": 2,
                "Inner Unique": true,
                "Plans": [
                  {
                    "Node Type": "Bitmap Heap Scan",
                    "Parent Relationship": "Outer",
                    "Parallel Aware": true,
                    "Relation Name": "movie_companies",
                    "Alias": "mc",
                    "Startup Cost": 241.29,
                    "Total Cost": 17274.57,
                    "Plan Rows": 3224,
                    "Plan Width": 4,
                    "Actual Startup Time": 2.902,
                    "Actual Total Time": 11.751,
                    "Actual Rows": 3029,
                    "Actual Loops": 2,
                    "Recheck Cond": "(company_id = 11203)",
                    "Rows Removed by Index Recheck": 0,
                    "Filter": "(company_type_id = 1)",
                    "Rows Removed by Filter": 2880,
                    "Exact Heap Blocks": 2896,
                    "Lossy Heap Blocks": 0,
                    "Plans": [
                      {
                        "Node Type": "Bitmap Index Scan",
                        "Parent Relationship": "Outer",
                        "Parallel Aware": false,
                        "Index Name": "company_id_movie_companies",
                        "Startup Cost": 0.0,
                        "Total Cost": 239.92,
                        "Plan Rows": 11132,
                        "Plan Width": 0,
                        "Actual Startup Time": 3.943,
                        "Actual Total Time": 3.943,
                        "Actual Rows": 11817,
                        "Actual Loops": 1,
                        "Index Cond": "(company_id = 11203)"
                      }
                    ]
                  },
                  {
                    "Node Type": "Index Only Scan",
                    "Parent Relationship": "Inner",
                    "Parallel Aware": false,
                    "Scan Direction": "Forward",
                    "Index Name": "title_pkey",
                    "Relation Name": "title",
                    "Alias": "t",
                    "Startup Cost": 0.43,
                    "Total Cost": 7.23,
                    "Plan Rows": 1,
                    "Plan Width": 4,
                    "Actual Startup Time": 0.007,
                    "Actual Total Time": 0.007,
                    "Actual Rows": 1,
                    "Actual Loops": 6058,
                    "Index Cond": "(id = mc.movie_id)",
                    "Rows Removed by Index Recheck": 0,
                    "Heap Fetches": 6058
                  }
                ]
              }
            ]
          }
        ]
      }
    ]
  },
  "Planning Time": 0.487,
  "Triggers": [],
  "Execution Time": 45.561
}