[
  {
    "Plan": {
      "Node Type": "Aggregate",
      "Strategy": "Plain",
      "Partial Mode": "Finalize",
      "Parallel Aware": false,
      "Startup Cost": 62544.74,
      "Total Cost": 62544.75,
      "Plan Rows": 1,
      "Plan Width": 8,
      "Actual Startup Time": 234.26,
      "Actual Total Time": 248.952,
      "Actual Rows": 1,
      "Actual Loops": 1,
      "Plans": [
        {
          "Node Type": "Gather",
          "Parent Relationship": "Outer",
          "Parallel Aware": false,
          "Startup Cost": 62544.52,
          "Total Cost": 62544.73,
          "Plan Rows": 2,
          "Plan Width": 8,
          "Actual Startup Time": 233.242,
          "Actual Total Time": 248.941,
          "Actual Rows": 3,
          "Actual Loops": 1,
          "Workers Planned": 2,
          "Workers Launched": 2,
          "Single Copy": false,
          "Plans": [
            {
              "Node Type": "Aggregate",
              "Strategy": "Plain",
              "Partial Mode": "Partial",
              "Parent Relationship": "Outer",
              "Parallel Aware": false,
              "Startup Cost": 61544.52,
              "Total Cost": 61544.53,
              "Plan Rows": 1,
              "Plan Width": 8,
              "Actual Startup Time": 227.55,
              "Actual Total Time": 227.553,
              "Actual Rows": 1,
              "Actual Loops": 3,
              "Plans": [
                {
                  "Node Type": "Hash Join",
                  "Parent Relationship": "Outer",
                  "Parallel Aware": true,
                  "Join Type": "Inner",
                  "Startup Cost": 46215.99,
                  "Total Cost": 61410.55,
                  "Plan Rows": 53591,
                  "Plan Width": 0,
                  "Actual Startup Time": 170.662,
                  "Actual Total Time": 225.359,
                  "Actual Rows": 50539,
                  "Actual Loops": 3,
                  "Inner Unique": true,
                  "Hash Cond": "(mi_idx.movie_id = t.id)",
                  "Plans": [
                    {
                      "Node Type": "Seq Scan",
                      "Parent Relationship": "Outer",
                      "Parallel Aware": true,
                      "Relation Name": "movie_info_idx",
                      "Alias": "mi_idx",
                      "Startup Cost": 0.0,
                      "Total Cost": 13685.15,
                      "Plan Rows": 575015,
                      "Plan Width": 4,
                      "Actual Startup Time": 0.01,
                      "Actual Total Time": 37.688,
                      "Actual Rows": 460012,
                      "Actual Loops": 3
                    },
                    {
                      "Node Type": "Hash",
                      "Parent Relationship": "Inner",
                      "Parallel Aware": true,
                      "Startup Cost": 45479.59,
                      "Total Cost": 45479.59,
                      "Plan Rows": 58912,
                      "Plan Width": 4,
                      "Actual Startup Time": 133.949,
                      "Actual Total Time": 133.95,
                      "Actual Rows": 66722,
                      "Actual Loops": 3,
                      "Hash Buckets": 262144,
                      "Original Hash Buckets": 262144,
                      "Hash Batches": 1,
                      "Original Hash Batches": 1,
                      "Peak Memory Usage": 9920,
                      "Plans": [
                        {
                          "Node Type": "Seq Scan",
                          "Parent Relationship": "Outer",
                          "Parallel Aware": true,
                          "Relation Name": "title",
                          "Alias": "t",
                          "Startup Cost": 0.0,
                          "Total Cost": 45479.59,
                          "Plan Rows": 58912,
                          "Plan Width": 4,
                          "Actual Startup Time": 47.781,
                          "Actual Total Time": 114.7,
                          "Actual Rows": 66722,
                          "Actual Loops": 3,
                          "Filter": "((production_year > 2006) AND (kind_id = 1))",
                          "Rows Removed by Filter": 776049
                        }
                      ]
                    }
                  ]
                }
              ]
            }
          ]
        }
      ]
    },
    "Planning Time": 0.448,
    "Triggers": [],
    "Execution Time": 249.016
  }
]