[
  {
    "Plan": {
      "Node Type": "Aggregate",
      "Strategy": "Plain",
      "Partial Mode": "Finalize",
      "Parallel Aware": false,
      "Startup Cost": 222503.55,
      "Total Cost": 222503.56,
      "Plan Rows": 1,
      "Plan Width": 8,
      "Actual Startup Time": 269.944,
      "Actual Total Time": 283.876,
      "Actual Rows": 1,
      "Actual Loops": 1,
      "Plans": [
        {
          "Node Type": "Gather",
          "Parent Relationship": "Outer",
          "Parallel Aware": false,
          "Startup Cost": 222503.03,
          "Total Cost": 222503.54,
          "Plan Rows": 5,
          "Plan Width": 8,
          "Actual Startup Time": 264.476,
          "Actual Total Time": 283.864,
          "Actual Rows": 6,
          "Actual Loops": 1,
          "Workers Planned": 5,
          "Workers Launched": 5,
          "Single Copy": false,
          "Plans": [
            {
              "Node Type": "Aggregate",
              "Strategy": "Plain",
              "Partial Mode": "Partial",
              "Parent Relationship": "Outer",
              "Parallel Aware": false,
              "Startup Cost": 221503.03,
              "Total Cost": 221503.04,
              "Plan Rows": 1,
              "Plan Width": 8,
              "Actual Startup Time": 255.315,
              "Actual Total Time": 255.322,
              "Actual Rows": 1,
              "Actual Loops": 6,
              "Plans": [
                {
                  "Node Type": "Hash Join",
                  "Parent Relationship": "Outer",
                  "Parallel Aware": true,
                  "Join Type": "Inner",
                  "Startup Cost": 57662.01,
                  "Total Cost": 221378.03,
                  "Plan Rows": 49999,
                  "Plan Width": 0,
                  "Actual Startup Time": 192.181,
                  "Actual Total Time": 253.576,
                  "Actual Rows": 29479,
                  "Actual Loops": 6,
                  "Inner Unique": true,
                  "Hash Cond": "(mi.movie_id = t.id)",
                  "Plans": [
                    {
                      "Node Type": "Bitmap Heap Scan",
                      "Parent Relationship": "Outer",
                      "Parallel Aware": true,
                      "Relation Name": "movie_info",
                      "Alias": "mi",
                      "Startup Cost": 10294.8,
                      "Total Cost": 173711.78,
                      "Plan Rows": 113919,
                      "Plan Width": 4,
                      "Actual Startup Time": 25.815,
                      "Actual Total Time": 66.048,
                      "Actual Rows": 99743,
                      "Actual Loops": 6,
                      "Recheck Cond": "(info_type_id = 15)",
                      "Rows Removed by Index Recheck": 0,
                      "Exact Heap Blocks": 4312,
                      "Lossy Heap Blocks": 0,
                      "Plans": [
                        {
                          "Node Type": "Bitmap Index Scan",
                          "Parent Relationship": "Outer",
                          "Parallel Aware": false,
                          "Index Name": "info_type_id_movie_info",
                          "Startup Cost": 0.0,
                          "Total Cost": 10152.4,
                          "Plan Rows": 569595,
                          "Plan Width": 0,
                          "Actual Startup Time": 22.622,
                          "Actual Total Time": 22.638,
                          "Actual Rows": 598457,
                          "Actual Loops": 1,
                          "Index Cond": "(info_type_id = 15)"
                        }
                      ]
                    },
                    {
                      "Node Type": "Hash",
                      "Parent Relationship": "Inner",
                      "Parallel Aware": true,
                      "Startup Cost": 43899.32,
                      "Total Cost": 43899.32,
                      "Plan Rows": 277431,
                      "Plan Width": 4,
                      "Actual Startup Time": 163.083,
                      "Actual Total Time": 163.084,
                      "Actual Rows": 184654,
                      "Actual Loops": 6,
                      "Hash Buckets": 2097152,
                      "Original Hash Buckets": 2097152,
                      "Hash Batches": 1,
                      "Original Hash Batches": 1,
                      "Peak Memory Usage": 59808,
                      "Plans": [
                        {
                          "Node Type": "Seq Scan",
                          "Parent Relationship": "Outer",
                          "Parallel Aware": true,
                          "Relation Name": "title",
                          "Alias": "t",
                          "Startup Cost": 0.0,
                          "Total Cost": 43899.32,
                          "Plan Rows": 277431,
                          "Plan Width": 4,
                          "Actual Startup Time": 0.039,
                          "Actual Total Time": 82.122,
                          "Actual Rows": 184654,
                          "Actual Loops": 6,
                          "Filter": "(production_year > 2004)",
                          "Rows Removed by Filter": 236731
                        }
                      ]
                    }
                  ]
                }
              ]
            }
          ]
        }
      ]
    },
    "Planning Time": 0.233,
    "Triggers": [],
    "Execution Time": 283.918
  }
]