{
    "Plan": {
        "Node Type": "Aggregate",
        "Strategy": "Plain",
        "Partial Mode": "Simple",
        "Parallel Aware": false,
        "Startup Cost": 40015424984.83,
        "Total Cost": 40015424984.84,
        "Plan Rows": 1,
        "Plan Width": 32,
        "Actual Startup Time": 12161.718,
        "Actual Total Time": 12161.721,
        "Actual Rows": 1,
        "Actual Loops": 1,
        "Output": [
            "min(t.title)"
        ],
        "Plans": [
            {
                "Node Type": "Nested Loop",
                "Parent Relationship": "Outer",
                "Parallel Aware": false,
                "Join Type": "Inner",
                "Startup Cost": 40000000002.5,
                "Total Cost": 40015424983.78,
                "Plan Rows": 418,
                "Plan Width": 17,
                "Actual Startup Time": 706.153,
                "Actual Total Time": 12161.101,
                "Actual Rows": 2366,
                "Actual Loops": 1,
                "Output": [
                    "t.title"
                ],
                "Inner Unique": false,
                "Join Filter": "(t.id = mi.movie_id)",
                "Rows Removed by Join Filter": 0,
                "Plans": [
                    {
                        "Node Type": "Nested Loop",
                        "Parent Relationship": "Outer",
                        "Parallel Aware": false,
                        "Join Type": "Inner",
                        "Startup Cost": 30000000001.72,
                        "Total Cost": 30015423899.2,
                        "Plan Rows": 191,
                        "Plan Width": 25,
                        "Actual Startup Time": 705.947,
                        "Actual Total Time": 12056.263,
                        "Actual Rows": 2658,
                        "Actual Loops": 1,
                        "Output": [
                            "mk.movie_id",
                            "t.title",
                            "t.id"
                        ],
                        "Inner Unique": true,
                        "Plans": [
                            {
                                "Node Type": "Nested Loop",
                                "Parent Relationship": "Outer",
                                "Parallel Aware": false,
                                "Join Type": "Inner",
                                "Startup Cost": 20000000001.3,
                                "Total Cost": 20006637817.56,
                                "Plan Rows": 1977436,
                                "Plan Width": 29,
                                "Actual Startup Time": 0.334,
                                "Actual Total Time": 5879.697,
                                "Actual Rows": 1428290,
                                "Actual Loops": 1,
                                "Output": [
                                    "mk.movie_id",
                                    "mk.keyword_id",
                                    "t.title",
                                    "t.id"
                                ],
                                "Inner Unique": false,
                                "Plans": [
                                    {
                                        "Node Type": "Index Scan",
                                        "Parent Relationship": "Outer",
                                        "Parallel Aware": false,
                                        "Scan Direction": "Forward",
                                        "Index Name": "title_pkey",
                                        "Relation Name": "title",
                                        "Schema": "public",
                                        "Alias": "t",
                                        "Startup Cost": 10000000000.43,
                                        "Total Cost": 10000116662.9,
                                        "Plan Rows": 1105144,
                                        "Plan Width": 21,
                                        "Actual Startup Time": 0.224,
                                        "Actual Total Time": 1502.122,
                                        "Actual Rows": 1107925,
                                        "Actual Loops": 1,
                                        "Output": [
                                            "t.id",
                                            "t.title",
                                            "t.imdb_index",
                                            "t.kind_id",
                                            "t.production_year",
                                            "t.imdb_id",
                                            "t.phonetic_code",
                                            "t.episode_of_id",
                                            "t.season_nr",
                                            "t.episode_nr",
                                            "t.series_years",
                                            "t.md5sum"
                                        ],
                                        "Filter": "(t.production_year > 2004)",
                                        "Rows Removed by Filter": 1420387
                                    },
                                    {
                                        "Node Type": "Bitmap Heap Scan",
                                        "Parent Relationship": "Inner",
                                        "Parallel Aware": false,
                                        "Relation Name": "movie_keyword",
                                        "Schema": "public",
                                        "Alias": "mk",
                                        "Startup Cost": 0.87,
                                        "Total Cost": 5.44,
                                        "Plan Rows": 46,
                                        "Plan Width": 8,
                                        "Actual Startup Time": 0.002,
                                        "Actual Total Time": 0.002,
                                        "Actual Rows": 1,
                                        "Actual Loops": 1107925,
                                        "Output": [
                                            "mk.id",
                                            "mk.movie_id",
                                            "mk.keyword_id"
                                        ],
                                        "Recheck Cond": "(mk.movie_id = t.id)",
                                        "Rows Removed by Index Recheck": 0,
                                        "Exact Heap Blocks": 164403,
                                        "Lossy Heap Blocks": 0,
                                        "Plans": [
                                            {
                                                "Node Type": "Bitmap Index Scan",
                                                "Parent Relationship": "Outer",
                                                "Parallel Aware": false,
                                                "Index Name": "movie_id_movie_keyword",
                                                "Startup Cost": 0.0,
                                                "Total Cost": 0.85,
                                                "Plan Rows": 46,
                                                "Plan Width": 0,
                                                "Actual Startup Time": 0.002,
                                                "Actual Total Time": 0.002,
                                                "Actual Rows": 1,
                                                "Actual Loops": 1107925,
                                                "Index Cond": "(mk.movie_id = t.id)"
                                            }
                                        ]
                                    }
                                ]
                            },
                            {
                                "Node Type": "Bitmap Heap Scan",
                                "Parent Relationship": "Inner",
                                "Parallel Aware": false,
                                "Relation Name": "keyword",
                                "Schema": "public",
                                "Alias": "k",
                                "Startup Cost": 0.43,
                                "Total Cost": 4.44,
                                "Plan Rows": 1,
                                "Plan Width": 4,
                                "Actual Startup Time": 0.003,
                                "Actual Total Time": 0.003,
                                "Actual Rows": 0,
                                "Actual Loops": 1428290,
                                "Output": [
                                    "k.id",
                                    "k.keyword",
                                    "k.phonetic_code"
                                ],
                                "Recheck Cond": "(k.id = mk.keyword_id)",
                                "Rows Removed by Index Recheck": 0,
                                "Filter": "(k.keyword ~~ '%sequel%'::text)",
                                "Rows Removed by Filter": 1,
                                "Exact Heap Blocks": 1428290,
                                "Lossy Heap Blocks": 0,
                                "Plans": [
                                    {
                                        "Node Type": "Bitmap Index Scan",
                                        "Parent Relationship": "Outer",
                                        "Parallel Aware": false,
                                        "Index Name": "keyword_pkey",
                                        "Startup Cost": 0.0,
                                        "Total Cost": 0.43,
                                        "Plan Rows": 1,
                                        "Plan Width": 0,
                                        "Actual Startup Time": 0.002,
                                        "Actual Total Time": 0.002,
                                        "Actual Rows": 1,
                                        "Actual Loops": 1428290,
                                        "Index Cond": "(k.id = mk.keyword_id)"
                                    }
                                ]
                            }
                        ]
                    },
                    {
                        "Node Type": "Bitmap Heap Scan",
                        "Parent Relationship": "Inner",
                        "Parallel Aware": false,
                        "Relation Name": "movie_info",
                        "Schema": "public",
                        "Alias": "mi",
                        "Startup Cost": 0.78,
                        "Total Cost": 5.65,
                        "Plan Rows": 2,
                        "Plan Width": 4,
                        "Actual Startup Time": 0.016,
                        "Actual Total Time": 0.037,
                        "Actual Rows": 1,
                        "Actual Loops": 2658,
                        "Output": [
                            "mi.id",
                            "mi.movie_id",
                            "mi.info_type_id",
                            "mi.info",
                            "mi.note"
                        ],
                        "Recheck Cond": "(mi.movie_id = mk.movie_id)",
                        "Rows Removed by Index Recheck": 0,
                        "Filter": "(mi.info = ANY ('{Denmark,Bulgaria,Sweden,American,German,Norway,Swedish,English}'::text[]))",
                        "Rows Removed by Filter": 42,
                        "Exact Heap Blocks": 27044,
                        "Lossy Heap Blocks": 0,
                        "Plans": [
                            {
                                "Node Type": "Bitmap Index Scan",
                                "Parent Relationship": "Outer",
                                "Parallel Aware": false,
                                "Index Name": "movie_id_movie_info",
                                "Startup Cost": 0.0,
                                "Total Cost": 0.78,
                                "Plan Rows": 39,
                                "Plan Width": 0,
                                "Actual Startup Time": 0.009,
                                "Actual Total Time": 0.009,
                                "Actual Rows": 43,
                                "Actual Loops": 2658,
                                "Index Cond": "(mi.movie_id = mk.movie_id)"
                            }
                        ]
                    }
                ]
            }
        ]
    },
    "Planning Time": 5.501,
    "Triggers": [],
    "Execution Time": 12162.187
}