[
  {
    "Plan": {
      "Node Type": "Aggregate",
      "Strategy": "Plain",
      "Partial Mode": "Finalize",
      "Parallel Aware": false,
      "Startup Cost": 33191.48,
      "Total Cost": 33191.49,
      "Plan Rows": 1,
      "Plan Width": 8,
      "Actual Startup Time": 96.034,
      "Actual Total Time": 103.932,
      "Actual Rows": 1,
      "Actual Loops": 1,
      "Plans": [
        {
          "Node Type": "Gather",
          "Parent Relationship": "Outer",
          "Parallel Aware": false,
          "Startup Cost": 33191.16,
          "Total Cost": 33191.47,
          "Plan Rows": 3,
          "Plan Width": 8,
          "Actual Startup Time": 95.898,
          "Actual Total Time": 103.923,
          "Actual Rows": 4,
          "Actual Loops": 1,
          "Workers Planned": 3,
          "Workers Launched": 3,
          "Single Copy": false,
          "Plans": [
            {
              "Node Type": "Aggregate",
              "Strategy": "Plain",
              "Partial Mode": "Partial",
              "Parent Relationship": "Outer",
              "Parallel Aware": false,
              "Startup Cost": 32191.16,
              "Total Cost": 32191.17,
              "Plan Rows": 1,
              "Plan Width": 8,
              "Actual Startup Time": 87.457,
              "Actual Total Time": 87.458,
              "Actual Rows": 1,
              "Actual Loops": 4,
              "Plans": [
                {
                  "Node Type": "Seq Scan",
                  "Parent Relationship": "Outer",
                  "Parallel Aware": true,
                  "Relation Name": "movie_companies",
                  "Alias": "mc",
                  "Startup Cost": 0.0,
                  "Total Cost": 31414.82,
                  "Plan Rows": 310537,
                  "Plan Width": 0,
                  "Actual Startup Time": 49.01,
                  "Actual Total Time": 81.097,
                  "Actual Rows": 162604,
                  "Actual Loops": 4,
                  "Filter": "((company_id < 41003) AND (company_type_id = 2))",
                  "Rows Removed by Filter": 489678
                }
              ]
            }
          ]
        }
      ]
    },
    "Planning Time": 0.226,
    "Triggers": [],
    "Execution Time": 103.989
  }
]