[
  {
    "Plan": {
      "Node Type": "Aggregate",
      "Strategy": "Plain",
      "Partial Mode": "Finalize",
      "Parallel Aware": false,
      "Startup Cost": 44777.13,
      "Total Cost": 44777.14,
      "Plan Rows": 1,
      "Plan Width": 8,
      "Actual Startup Time": 140.548,
      "Actual Total Time": 149.815,
      "Actual Rows": 1,
      "Actual Loops": 1,
      "Plans": [
        {
          "Node Type": "Gather",
          "Parent Relationship": "Outer",
          "Parallel Aware": false,
          "Startup Cost": 44776.81,
          "Total Cost": 44777.12,
          "Plan Rows": 3,
          "Plan Width": 8,
          "Actual Startup Time": 140.45,
          "Actual Total Time": 149.804,
          "Actual Rows": 4,
          "Actual Loops": 1,
          "Workers Planned": 3,
          "Workers Launched": 3,
          "Single Copy": false,
          "Plans": [
            {
              "Node Type": "Aggregate",
              "Strategy": "Plain",
              "Partial Mode": "Partial",
              "Parent Relationship": "Outer",
              "Parallel Aware": false,
              "Startup Cost": 43776.81,
              "Total Cost": 43776.82,
              "Plan Rows": 1,
              "Plan Width": 8,
              "Actual Startup Time": 132.742,
              "Actual Total Time": 132.743,
              "Actual Rows": 1,
              "Actual Loops": 4,
              "Plans": [
                {
                  "Node Type": "Seq Scan",
                  "Parent Relationship": "Outer",
                  "Parallel Aware": true,
                  "Relation Name": "movie_keyword",
                  "Alias": "mk",
                  "Startup Cost": 0.0,
                  "Total Cost": 42695.65,
                  "Plan Rows": 432464,
                  "Plan Width": 0,
                  "Actual Startup Time": 2.285,
                  "Actual Total Time": 115.086,
                  "Actual Rows": 336926,
                  "Actual Loops": 4,
                  "Filter": "(keyword_id > 12626)",
                  "Rows Removed by Filter": 794057
                }
              ]
            }
          ]
        }
      ]
    },
    "Planning Time": 0.223,
    "Triggers": [],
    "Execution Time": 149.89
  }
]