[
  {
    "Plan": {
      "Node Type": "Aggregate",
      "Strategy": "Plain",
      "Partial Mode": "Finalize",
      "Parallel Aware": false,
      "Startup Cost": 46096.53,
      "Total Cost": 46096.54,
      "Plan Rows": 1,
      "Plan Width": 8,
      "Actual Startup Time": 160.428,
      "Actual Total Time": 169.629,
      "Actual Rows": 1,
      "Actual Loops": 1,
      "Plans": [
        {
          "Node Type": "Gather",
          "Parent Relationship": "Outer",
          "Parallel Aware": false,
          "Startup Cost": 46096.22,
          "Total Cost": 46096.53,
          "Plan Rows": 3,
          "Plan Width": 8,
          "Actual Startup Time": 160.3,
          "Actual Total Time": 169.62,
          "Actual Rows": 4,
          "Actual Loops": 1,
          "Workers Planned": 3,
          "Workers Launched": 3,
          "Single Copy": false,
          "Plans": [
            {
              "Node Type": "Aggregate",
              "Strategy": "Plain",
              "Partial Mode": "Partial",
              "Parent Relationship": "Outer",
              "Parallel Aware": false,
              "Startup Cost": 45096.22,
              "Total Cost": 45096.23,
              "Plan Rows": 1,
              "Plan Width": 8,
              "Actual Startup Time": 151.904,
              "Actual Total Time": 151.905,
              "Actual Rows": 1,
              "Actual Loops": 4,
              "Plans": [
                {
                  "Node Type": "Seq Scan",
                  "Parent Relationship": "Outer",
                  "Parallel Aware": true,
                  "Relation Name": "movie_keyword",
                  "Alias": "mk",
                  "Startup Cost": 0.0,
                  "Total Cost": 42695.65,
                  "Plan Rows": 960225,
                  "Plan Width": 0,
                  "Actual Startup Time": 0.064,
                  "Actual Total Time": 118.813,
                  "Actual Rows": 742927,
                  "Actual Loops": 4,
                  "Filter": "(keyword_id < 10161)",
                  "Rows Removed by Filter": 388056
                }
              ]
            }
          ]
        }
      ]
    },
    "Planning Time": 0.166,
    "Triggers": [],
    "Execution Time": 169.682
  }
]