{
  "Plan": {
    "Node Type": "Aggregate",
    "Strategy": "Plain",
    "Partial Mode": "Finalize",
    "Parallel Aware": false,
    "Startup Cost": 138455.06,
    "Total Cost": 138455.07,
    "Plan Rows": 1,
    "Plan Width": 8,
    "Actual Startup Time": 583.768,
    "Actual Total Time": 597.193,
    "Actual Rows": 1,
    "Actual Loops": 1,
    "Plans": [
      {
        "Node Type": "Gather",
        "Parent Relationship": "Outer",
        "Parallel Aware": false,
        "Startup Cost": 138454.95,
        "Total Cost": 138455.06,
        "Plan Rows": 1,
        "Plan Width": 8,
        "Actual Startup Time": 583.102,
        "Actual Total Time": 597.185,
        "Actual Rows": 2,
        "Actual Loops": 1,
        "Workers Planned": 1,
        "Workers Launched": 1,
        "Single Copy": false,
        "Plans": [
          {
            "Node Type": "Aggregate",
            "Strategy": "Plain",
            "Partial Mode": "Partial",
            "Parent Relationship": "Outer",
            "Parallel Aware": false,
            "Startup Cost": 137454.95,
            "Total Cost": 137454.96,
            "Plan Rows": 1,
            "Plan Width": 8,
            "Actual Startup Time": 576.794,
            "Actual Total Time": 576.798,
            "Actual Rows": 1,
            "Actual Loops": 2,
            "Plans": [
              {
                "Node Type": "Nested Loop",
                "Parent Relationship": "Outer",
                "Parallel Aware": false,
                "Join Type": "Inner",
                "Startup Cost": 76082.87,
                "Total Cost": 137350.95,
                "Plan Rows": 41597,
                "Plan Width": 0,
                "Actual Startup Time": 205.794,
                "Actual Total Time": 552.71,
                "Actual Rows": 580474,
                "Actual Loops": 2,
                "Inner Unique": false,
                "Join Filter": "(t.id = mc.movie_id)",
                "Rows Removed by Join Filter": 0,
                "Plans": [
                  {
                    "Node Type": "Hash Join",
                    "Parent Relationship": "Outer",
                    "Parallel Aware": true,
                    "Join Type": "Inner",
                    "Startup Cost": 76082.44,
                    "Total Cost": 109380.46,
                    "Plan Rows": 40308,
                    "Plan Width": 8,
                    "Actual Startup Time": 205.705,
                    "Actual Total Time": 318.021,
                    "Actual Rows": 47087,
                    "Actual Loops": 2,
                    "Inner Unique": true,
                    "Hash Cond": "(mk.movie_id = t.id)",
                    "Plans": [
                      {
                        "Node Type": "Bitmap Heap Scan",
                        "Parent Relationship": "Outer",
                        "Parallel Aware": true,
                        "Relation Name": "movie_keyword",
                        "Alias": "mk",
                        "Startup Cost": 21084.23,
                        "Total Cost": 52847.35,
                        "Plan Rows": 584729,
                        "Plan Width": 4,
                        "Actual Startup Time": 54.778,
                        "Actual Total Time": 143.348,
                        "Actual Rows": 491928,
                        "Actual Loops": 2,
                        "Recheck Cond": "(keyword_id > 18814)",
                        "Rows Removed by Index Recheck": 0,
                        "Exact Heap Blocks": 14049,
                        "Lossy Heap Blocks": 0,
                        "Plans": [
                          {
                            "Node Type": "Bitmap Index Scan",
                            "Parent Relationship": "Outer",
                            "Parallel Aware": false,
                            "Index Name": "keyword_id_movie_keyword",
                            "Startup Cost": 0.0,
                            "Total Cost": 20835.72,
                            "Plan Rows": 994039,
                            "Plan Width": 0,
                            "Actual Startup Time": 51.155,
                            "Actual Total Time": 51.155,
                            "Actual Rows": 983856,
                            "Actual Loops": 1,
                            "Index Cond": "(keyword_id > 18814)"
                          }
                        ]
                      },
                      {
                        "Node Type": "Hash",
                        "Parent Relationship": "Inner",
                        "Parallel Aware": true,
                        "Startup Cost": 53716.68,
                        "Total Cost": 53716.68,
                        "Plan Rows": 102522,
                        "Plan Width": 4,
                        "Actual Startup Time": 112.387,
                        "Actual Total Time": 112.388,
                        "Actual Rows": 80143,
                        "Actual Loops": 2,
                        "Hash Buckets": 262144,
                        "Original Hash Buckets": 262144,
                        "Hash Batches": 1,
                        "Original Hash Batches": 1,
                        "Peak Memory Usage": 8352,
                        "Plans": [
                          {
                            "Node Type": "Bitmap Heap Scan",
                            "Parent Relationship": "Outer",
                            "Parallel Aware": true,
                            "Relation Name": "title",
                            "Alias": "t",
                            "Startup Cost": 11866.42,
                            "Total Cost": 53716.68,
                            "Plan Rows": 102522,
                            "Plan Width": 4,
                            "Actual Startup Time": 35.086,
                            "Actual Total Time": 94.82,
                            "Actual Rows": 80143,
                            "Actual Loops": 2,
                            "Recheck Cond": "(kind_id = 1)",
                            "Rows Removed by Index Recheck": 0,
                            "Filter": "(production_year > 2008)",
                            "Rows Removed by Filter": 251270,
                            "Exact Heap Blocks": 8807,
                            "Lossy Heap Blocks": 0,
                            "Plans": [
                              {
                                "Node Type": "Bitmap Index Scan",
                                "Parent Relationship": "Outer",
                                "Parallel Aware": false,
                                "Index Name": "kind_id_title",
                                "Startup Cost": 0.0,
                                "Total Cost": 11822.85,
                                "Plan Rows": 663256,
                                "Plan Width": 0,
                                "Actual Startup Time": 35.745,
                                "Actual Total Time": 35.746,
                                "Actual Rows": 662825,
                                "Actual Loops": 1,
                                "Index Cond": "(kind_id = 1)"
                              }
                            ]
                          }
                        ]
                      }
                    ]
                  },
                  {
                    "Node Type": "Index Only Scan",
                    "Parent Relationship": "Inner",
                    "Parallel Aware": false,
                    "Scan Direction": "Forward",
                    "Index Name": "movie_id_movie_companies",
                    "Relation Name": "movie_companies",
                    "Alias": "mc",
                    "Startup Cost": 0.43,
                    "Total Cost": 0.63,
                    "Plan Rows": 5,
                    "Plan Width": 4,
                    "Actual Startup Time": 0.002,
                    "Actual Total Time": 0.004,
                    "Actual Rows": 12,
                    "Actual Loops": 94174,
                    "Index Cond": "(movie_id = mk.movie_id)",
                    "Rows Removed by Index Recheck": 0,
                    "Heap Fetches": 1160949
                  }
                ]
              }
            ]
          }
        ]
      }
    ]
  },
  "Planning Time": 1.063,
  "Triggers": [],
  "Execution Time": 597.309
}