[
  {
    "Plan": {
      "Node Type": "Aggregate",
      "Strategy": "Plain",
      "Partial Mode": "Finalize",
      "Parallel Aware": false,
      "Startup Cost": 84079.51,
      "Total Cost": 84079.52,
      "Plan Rows": 1,
      "Plan Width": 8,
      "Actual Startup Time": 233.022,
      "Actual Total Time": 247.559,
      "Actual Rows": 1,
      "Actual Loops": 1,
      "Plans": [
        {
          "Node Type": "Gather",
          "Parent Relationship": "Outer",
          "Parallel Aware": false,
          "Startup Cost": 84079.19,
          "Total Cost": 84079.5,
          "Plan Rows": 3,
          "Plan Width": 8,
          "Actual Startup Time": 232.502,
          "Actual Total Time": 247.55,
          "Actual Rows": 4,
          "Actual Loops": 1,
          "Workers Planned": 3,
          "Workers Launched": 3,
          "Single Copy": false,
          "Plans": [
            {
              "Node Type": "Aggregate",
              "Strategy": "Plain",
              "Partial Mode": "Partial",
              "Parent Relationship": "Outer",
              "Parallel Aware": false,
              "Startup Cost": 83079.19,
              "Total Cost": 83079.2,
              "Plan Rows": 1,
              "Plan Width": 8,
              "Actual Startup Time": 223.374,
              "Actual Total Time": 223.379,
              "Actual Rows": 1,
              "Actual Loops": 4,
              "Plans": [
                {
                  "Node Type": "Hash Join",
                  "Parent Relationship": "Outer",
                  "Parallel Aware": true,
                  "Join Type": "Inner",
                  "Startup Cost": 38238.56,
                  "Total Cost": 83013.3,
                  "Plan Rows": 26358,
                  "Plan Width": 0,
                  "Actual Startup Time": 75.524,
                  "Actual Total Time": 222.169,
                  "Actual Rows": 30328,
                  "Actual Loops": 4,
                  "Inner Unique": true,
                  "Hash Cond": "(mk.movie_id = t.id)",
                  "Plans": [
                    {
                      "Node Type": "Seq Scan",
                      "Parent Relationship": "Outer",
                      "Parallel Aware": true,
                      "Relation Name": "movie_keyword",
                      "Alias": "mk",
                      "Startup Cost": 0.0,
                      "Total Cost": 42695.65,
                      "Plan Rows": 792030,
                      "Plan Width": 4,
                      "Actual Startup Time": 0.023,
                      "Actual Total Time": 100.286,
                      "Actual Rows": 613804,
                      "Actual Loops": 4,
                      "Filter": "(keyword_id < 5887)",
                      "Rows Removed by Filter": 517178
                    },
                    {
                      "Node Type": "Hash",
                      "Parent Relationship": "Inner",
                      "Parallel Aware": true,
                      "Startup Cost": 37975.63,
                      "Total Cost": 37975.63,
                      "Plan Rows": 21035,
                      "Plan Width": 4,
                      "Actual Startup Time": 73.879,
                      "Actual Total Time": 73.881,
                      "Actual Rows": 22664,
                      "Actual Loops": 4,
                      "Hash Buckets": 131072,
                      "Original Hash Buckets": 131072,
                      "Hash Batches": 1,
                      "Original Hash Batches": 1,
                      "Peak Memory Usage": 4640,
                      "Plans": [
                        {
                          "Node Type": "Bitmap Heap Scan",
                          "Parent Relationship": "Outer",
                          "Parallel Aware": true,
                          "Relation Name": "title",
                          "Alias": "t",
                          "Startup Cost": 1637.57,
                          "Total Cost": 37975.63,
                          "Plan Rows": 21035,
                          "Plan Width": 4,
                          "Actual Startup Time": 19.746,
                          "Actual Total Time": 65.53,
                          "Actual Rows": 22664,
                          "Actual Loops": 4,
                          "Recheck Cond": "(kind_id = 2)",
                          "Rows Removed by Index Recheck": 0,
                          "Filter": "(production_year > 1928)",
                          "Rows Removed by Filter": 49,
                          "Exact Heap Blocks": 14916,
                          "Lossy Heap Blocks": 0,
                          "Plans": [
                            {
                              "Node Type": "Bitmap Index Scan",
                              "Parent Relationship": "Outer",
                              "Parallel Aware": false,
                              "Index Name": "kind_id_title",
                              "Startup Cost": 0.0,
                              "Total Cost": 1616.54,
                              "Plan Rows": 90681,
                              "Plan Width": 0,
                              "Actual Startup Time": 16.938,
                              "Actual Total Time": 16.938,
                              "Actual Rows": 90852,
                              "Actual Loops": 1,
                              "Index Cond": "(kind_id = 2)"
                            }
                          ]
                        }
                      ]
                    }
                  ]
                }
              ]
            }
          ]
        }
      ]
    },
    "Planning Time": 0.632,
    "Triggers": [],
    "Execution Time": 247.65
  }
]