[
  {
    "Plan": {
      "Node Type": "Aggregate",
      "Strategy": "Plain",
      "Partial Mode": "Finalize",
      "Parallel Aware": false,
      "Startup Cost": 136391.78,
      "Total Cost": 136391.79,
      "Plan Rows": 1,
      "Plan Width": 8,
      "Actual Startup Time": 1134.957,
      "Actual Total Time": 1163.85,
      "Actual Rows": 1,
      "Actual Loops": 1,
      "Plans": [
        {
          "Node Type": "Gather",
          "Parent Relationship": "Outer",
          "Parallel Aware": false,
          "Startup Cost": 136391.46,
          "Total Cost": 136391.77,
          "Plan Rows": 3,
          "Plan Width": 8,
          "Actual Startup Time": 1120.467,
          "Actual Total Time": 1163.838,
          "Actual Rows": 4,
          "Actual Loops": 1,
          "Workers Planned": 3,
          "Workers Launched": 3,
          "Single Copy": false,
          "Plans": [
            {
              "Node Type": "Aggregate",
              "Strategy": "Plain",
              "Partial Mode": "Partial",
              "Parent Relationship": "Outer",
              "Parallel Aware": false,
              "Startup Cost": 135391.46,
              "Total Cost": 135391.47,
              "Plan Rows": 1,
              "Plan Width": 8,
              "Actual Startup Time": 1111.874,
              "Actual Total Time": 1112.392,
              "Actual Rows": 1,
              "Actual Loops": 4,
              "Plans": [
                {
                  "Node Type": "Hash Join",
                  "Parent Relationship": "Outer",
                  "Parallel Aware": true,
                  "Join Type": "Inner",
                  "Startup Cost": 87515.97,
                  "Total Cost": 134438.75,
                  "Plan Rows": 381087,
                  "Plan Width": 0,
                  "Actual Startup Time": 756.096,
                  "Actual Total Time": 1062.934,
                  "Actual Rows": 872654,
                  "Actual Loops": 4,
                  "Inner Unique": false,
                  "Hash Cond": "(mk.movie_id = t.id)",
                  "Plans": [
                    {
                      "Node Type": "Seq Scan",
                      "Parent Relationship": "Outer",
                      "Parallel Aware": true,
                      "Relation Name": "movie_keyword",
                      "Alias": "mk",
                      "Startup Cost": 0.0,
                      "Total Cost": 42695.65,
                      "Plan Rows": 799418,
                      "Plan Width": 4,
                      "Actual Startup Time": 0.039,
                      "Actual Total Time": 135.561,
                      "Actual Rows": 623599,
                      "Actual Loops": 4,
                      "Filter": "(keyword_id < 6081)",
                      "Rows Removed by Filter": 507384
                    },
                    {
                      "Node Type": "Hash",
                      "Parent Relationship": "Inner",
                      "Parallel Aware": true,
                      "Startup Cost": 82655.83,
                      "Total Cost": 82655.83,
                      "Plan Rows": 388811,
                      "Plan Width": 8,
                      "Actual Startup Time": 750.115,
                      "Actual Total Time": 750.631,
                      "Actual Rows": 272202,
                      "Actual Loops": 4,
                      "Hash Buckets": 2097152,
                      "Original Hash Buckets": 2097152,
                      "Hash Batches": 1,
                      "Original Hash Batches": 1,
                      "Peak Memory Usage": 59040,
                      "Plans": [
                        {
                          "Node Type": "Hash Join",
                          "Parent Relationship": "Outer",
                          "Parallel Aware": true,
                          "Join Type": "Inner",
                          "Startup Cost": 50220.38,
                          "Total Cost": 82655.83,
                          "Plan Rows": 388811,
                          "Plan Width": 8,
                          "Actual Startup Time": 441.61,
                          "Actual Total Time": 640.938,
                          "Actual Rows": 272202,
                          "Actual Loops": 4,
                          "Inner Unique": true,
                          "Hash Cond": "(mc.movie_id = t.id)",
                          "Plans": [
                            {
                              "Node Type": "Seq Scan",
                              "Parent Relationship": "Outer",
                              "Parallel Aware": true,
                              "Relation Name": "movie_companies",
                              "Alias": "mc",
                              "Startup Cost": 0.0,
                              "Total Cost": 31414.82,
                              "Plan Rows": 388811,
                              "Plan Width": 4,
                              "Actual Startup Time": 38.33,
                              "Actual Total Time": 95.325,
                              "Actual Rows": 272202,
                              "Actual Loops": 4,
                              "Filter": "((company_id < 101846) AND (company_type_id > 1))",
                              "Rows Removed by Filter": 380080
                            },
                            {
                              "Node Type": "Hash",
                              "Parent Relationship": "Inner",
                              "Parallel Aware": true,
                              "Startup Cost": 42319.06,
                              "Total Cost": 42319.06,
                              "Plan Rows": 632106,
                              "Plan Width": 4,
                              "Actual Startup Time": 394.161,
                              "Actual Total Time": 394.162,
                              "Actual Rows": 632078,
                              "Actual Loops": 4,
                              "Hash Buckets": 4194304,
                              "Original Hash Buckets": 4194304,
                              "Hash Batches": 1,
                              "Original Hash Batches": 1,
                              "Peak Memory Usage": 131744,
                              "Plans": [
                                {
                                  "Node Type": "Seq Scan",
                                  "Parent Relationship": "Outer",
                                  "Parallel Aware": true,
                                  "Relation Name": "title",
                                  "Alias": "t",
                                  "Startup Cost": 0.0,
                                  "Total Cost": 42319.06,
                                  "Plan Rows": 632106,
                                  "Plan Width": 4,
                                  "Actual Startup Time": 0.068,
                                  "Actual Total Time": 116.059,
                                  "Actual Rows": 632078,
                                  "Actual Loops": 4
                                }
                              ]
                            }
                          ]
                        }
                      ]
                    }
                  ]
                }
              ]
            }
          ]
        }
      ]
    },
    "Planning Time": 0.683,
    "Triggers": [],
    "Execution Time": 1163.929
  }
]