[
  {
    "Plan": {
      "Node Type": "Aggregate",
      "Strategy": "Plain",
      "Partial Mode": "Finalize",
      "Parallel Aware": false,
      "Startup Cost": 82038.75,
      "Total Cost": 82038.76,
      "Plan Rows": 1,
      "Plan Width": 8,
      "Actual Startup Time": 487.562,
      "Actual Total Time": 505.462,
      "Actual Rows": 1,
      "Actual Loops": 1,
      "Plans": [
        {
          "Node Type": "Gather",
          "Parent Relationship": "Outer",
          "Parallel Aware": false,
          "Startup Cost": 82038.33,
          "Total Cost": 82038.74,
          "Plan Rows": 4,
          "Plan Width": 8,
          "Actual Startup Time": 469.386,
          "Actual Total Time": 505.451,
          "Actual Rows": 5,
          "Actual Loops": 1,
          "Workers Planned": 4,
          "Workers Launched": 4,
          "Single Copy": false,
          "Plans": [
            {
              "Node Type": "Aggregate",
              "Strategy": "Plain",
              "Partial Mode": "Partial",
              "Parent Relationship": "Outer",
              "Parallel Aware": false,
              "Startup Cost": 81038.33,
              "Total Cost": 81038.34,
              "Plan Rows": 1,
              "Plan Width": 8,
              "Actual Startup Time": 449.107,
              "Actual Total Time": 449.11,
              "Actual Rows": 1,
              "Actual Loops": 5,
              "Plans": [
                {
                  "Node Type": "Hash Join",
                  "Parent Relationship": "Outer",
                  "Parallel Aware": true,
                  "Join Type": "Inner",
                  "Startup Cost": 50563.1,
                  "Total Cost": 80474.04,
                  "Plan Rows": 225717,
                  "Plan Width": 0,
                  "Actual Startup Time": 293.032,
                  "Actual Total Time": 440.733,
                  "Actual Rows": 199690,
                  "Actual Loops": 5,
                  "Inner Unique": true,
                  "Hash Cond": "(ci.movie_id = t.id)",
                  "Plans": [
                    {
                      "Node Type": "Index Scan",
                      "Parent Relationship": "Outer",
                      "Parallel Aware": true,
                      "Scan Direction": "Forward",
                      "Index Name": "role_id_cast_info",
                      "Relation Name": "cast_info",
                      "Alias": "ci",
                      "Startup Cost": 0.56,
                      "Total Cost": 29208.9,
                      "Plan Rows": 267658,
                      "Plan Width": 4,
                      "Actual Startup Time": 0.211,
                      "Actual Total Time": 41.843,
                      "Actual Rows": 218712,
                      "Actual Loops": 5,
                      "Index Cond": "(role_id = 9)",
                      "Rows Removed by Index Recheck": 0
                    },
                    {
                      "Node Type": "Hash",
                      "Parent Relationship": "Inner",
                      "Parallel Aware": true,
                      "Startup Cost": 43899.32,
                      "Total Cost": 43899.32,
                      "Plan Rows": 533057,
                      "Plan Width": 4,
                      "Actual Startup Time": 283.568,
                      "Actual Total Time": 283.569,
                      "Actual Rows": 423674,
                      "Actual Loops": 5,
                      "Hash Buckets": 4194304,
                      "Original Hash Buckets": 4194304,
                      "Hash Batches": 1,
                      "Original Hash Batches": 1,
                      "Peak Memory Usage": 115680,
                      "Plans": [
                        {
                          "Node Type": "Seq Scan",
                          "Parent Relationship": "Outer",
                          "Parallel Aware": true,
                          "Relation Name": "title",
                          "Alias": "t",
                          "Startup Cost": 0.0,
                          "Total Cost": 43899.32,
                          "Plan Rows": 533057,
                          "Plan Width": 4,
                          "Actual Startup Time": 0.047,
                          "Actual Total Time": 98.106,
                          "Actual Rows": 423674,
                          "Actual Loops": 5,
                          "Filter": "(production_year > 1967)",
                          "Rows Removed by Filter": 81988
                        }
                      ]
                    }
                  ]
                }
              ]
            }
          ]
        }
      ]
    },
    "Planning Time": 0.649,
    "Triggers": [],
    "Execution Time": 505.536
  }
]