{
    "Plan": {
        "Node Type": "Aggregate",
        "Strategy": "Plain",
        "Partial Mode": "Finalize",
        "Parallel Aware": false,
        "Startup Cost": 302183.98,
        "Total Cost": 302183.99,
        "Plan Rows": 1,
        "Plan Width": 8,
        "Actual Startup Time": 2001.284,
        "Actual Total Time": 2051.697,
        "Actual Rows": 1,
        "Actual Loops": 1,
        "Output": [
            "count(*)"
        ],
        "Plans": [
            {
                "Node Type": "Gather",
                "Parent Relationship": "Outer",
                "Parallel Aware": false,
                "Startup Cost": 302183.46,
                "Total Cost": 302183.97,
                "Plan Rows": 5,
                "Plan Width": 8,
                "Actual Startup Time": 1989.28,
                "Actual Total Time": 2051.685,
                "Actual Rows": 6,
                "Actual Loops": 1,
                "Output": [
                    "(PARTIAL count(*))"
                ],
                "Workers Planned": 5,
                "Workers Launched": 5,
                "Single Copy": false,
                "Plans": [
                    {
                        "Node Type": "Aggregate",
                        "Strategy": "Plain",
                        "Partial Mode": "Partial",
                        "Parent Relationship": "Outer",
                        "Parallel Aware": false,
                        "Startup Cost": 301183.46,
                        "Total Cost": 301183.47,
                        "Plan Rows": 1,
                        "Plan Width": 8,
                        "Actual Startup Time": 1978.842,
                        "Actual Total Time": 1979.19,
                        "Actual Rows": 1,
                        "Actual Loops": 6,
                        "Output": [
                            "PARTIAL count(*)"
                        ],
                        "Workers": [
                            {
                                "Worker Number": 0,
                                "Actual Startup Time": 1975.796,
                                "Actual Total Time": 1975.802,
                                "Actual Rows": 1,
                                "Actual Loops": 1
                            },
                            {
                                "Worker Number": 1,
                                "Actual Startup Time": 1976.395,
                                "Actual Total Time": 1976.399,
                                "Actual Rows": 1,
                                "Actual Loops": 1
                            },
                            {
                                "Worker Number": 2,
                                "Actual Startup Time": 1978.075,
                                "Actual Total Time": 1978.081,
                                "Actual Rows": 1,
                                "Actual Loops": 1
                            },
                            {
                                "Worker Number": 3,
                                "Actual Startup Time": 1977.109,
                                "Actual Total Time": 1977.114,
                                "Actual Rows": 1,
                                "Actual Loops": 1
                            },
                            {
                                "Worker Number": 4,
                                "Actual Startup Time": 1977.322,
                                "Actual Total Time": 1977.327,
                                "Actual Rows": 1,
                                "Actual Loops": 1
                            }
                        ],
                        "Plans": [
                            {
                                "Node Type": "Hash Join",
                                "Parent Relationship": "Outer",
                                "Parallel Aware": true,
                                "Join Type": "Inner",
                                "Startup Cost": 93817.39,
                                "Total Cost": 300411.8,
                                "Plan Rows": 308666,
                                "Plan Width": 0,
                                "Actual Startup Time": 374.734,
                                "Actual Total Time": 1610.665,
                                "Actual Rows": 7855076,
                                "Actual Loops": 6,
                                "Inner Unique": false,
                                "Hash Cond": "(mi.movie_id = t.id)",
                                "Workers": [
                                    {
                                        "Worker Number": 0,
                                        "Actual Startup Time": 371.949,
                                        "Actual Total Time": 1610.52,
                                        "Actual Rows": 5995348,
                                        "Actual Loops": 1
                                    },
                                    {
                                        "Worker Number": 1,
                                        "Actual Startup Time": 372.557,
                                        "Actual Total Time": 1604.198,
                                        "Actual Rows": 6164252,
                                        "Actual Loops": 1
                                    },
                                    {
                                        "Worker Number": 2,
                                        "Actual Startup Time": 372.587,
                                        "Actual Total Time": 1612.353,
                                        "Actual Rows": 5999489,
                                        "Actual Loops": 1
                                    },
                                    {
                                        "Worker Number": 3,
                                        "Actual Startup Time": 373.238,
                                        "Actual Total Time": 1613.592,
                                        "Actual Rows": 9627071,
                                        "Actual Loops": 1
                                    },
                                    {
                                        "Worker Number": 4,
                                        "Actual Startup Time": 373.541,
                                        "Actual Total Time": 1616.156,
                                        "Actual Rows": 9568037,
                                        "Actual Loops": 1
                                    }
                                ],
                                "Plans": [
                                    {
                                        "Node Type": "Seq Scan",
                                        "Parent Relationship": "Outer",
                                        "Parallel Aware": true,
                                        "Relation Name": "movie_info",
                                        "Schema": "public",
                                        "Alias": "mi",
                                        "Startup Cost": 0.0,
                                        "Total Cost": 198880.74,
                                        "Plan Rows": 1791457,
                                        "Plan Width": 4,
                                        "Actual Startup Time": 17.287,
                                        "Actual Total Time": 358.367,
                                        "Actual Rows": 1491793,
                                        "Actual Loops": 6,
                                        "Output": [
                                            "mi.id",
                                            "mi.movie_id",
                                            "mi.info_type_id",
                                            "mi.info",
                                            "mi.note"
                                        ],
                                        "Filter": "(mi.info_type_id > 6)",
                                        "Rows Removed by Filter": 980827,
                                        "Workers": [
                                            {
                                                "Worker Number": 0,
                                                "Actual Startup Time": 17.294,
                                                "Actual Total Time": 374.43,
                                                "Actual Rows": 1101566,
                                                "Actual Loops": 1
                                            },
                                            {
                                                "Worker Number": 1,
                                                "Actual Startup Time": 17.219,
                                                "Actual Total Time": 368.243,
                                                "Actual Rows": 1217433,
                                                "Actual Loops": 1
                                            },
                                            {
                                                "Worker Number": 2,
                                                "Actual Startup Time": 17.31,
                                                "Actual Total Time": 373.052,
                                                "Actual Rows": 1098116,
                                                "Actual Loops": 1
                                            },
                                            {
                                                "Worker Number": 3,
                                                "Actual Startup Time": 17.289,
                                                "Actual Total Time": 360.831,
                                                "Actual Rows": 1775449,
                                                "Actual Loops": 1
                                            },
                                            {
                                                "Worker Number": 4,
                                                "Actual Startup Time": 17.313,
                                                "Actual Total Time": 366.192,
                                                "Actual Rows": 1787357,
                                                "Actual Loops": 1
                                            }
                                        ]
                                    },
                                    {
                                        "Node Type": "Hash",
                                        "Parent Relationship": "Inner",
                                        "Parallel Aware": true,
                                        "Startup Cost": 92060.83,
                                        "Total Cost": 92060.83,
                                        "Plan Rows": 140525,
                                        "Plan Width": 8,
                                        "Actual Startup Time": 353.427,
                                        "Actual Total Time": 353.773,
                                        "Actual Rows": 158516,
                                        "Actual Loops": 6,
                                        "Output": [
                                            "t.id",
                                            "mk.movie_id"
                                        ],
                                        "Hash Buckets": 1048576,
                                        "Original Hash Buckets": 524288,
                                        "Hash Batches": 1,
                                        "Original Hash Batches": 1,
                                        "Peak Memory Usage": 49568,
                                        "Workers": [
                                            {
                                                "Worker Number": 0,
                                                "Actual Startup Time": 352.517,
                                                "Actual Total Time": 352.521,
                                                "Actual Rows": 120951,
                                                "Actual Loops": 1
                                            },
                                            {
                                                "Worker Number": 1,
                                                "Actual Startup Time": 352.916,
                                                "Actual Total Time": 352.919,
                                                "Actual Rows": 125912,
                                                "Actual Loops": 1
                                            },
                                            {
                                                "Worker Number": 2,
                                                "Actual Startup Time": 352.986,
                                                "Actual Total Time": 352.99,
                                                "Actual Rows": 121013,
                                                "Actual Loops": 1
                                            },
                                            {
                                                "Worker Number": 3,
                                                "Actual Startup Time": 353.865,
                                                "Actual Total Time": 353.868,
                                                "Actual Rows": 182936,
                                                "Actual Loops": 1
                                            },
                                            {
                                                "Worker Number": 4,
                                                "Actual Startup Time": 354.062,
                                                "Actual Total Time": 354.066,
                                                "Actual Rows": 181743,
                                                "Actual Loops": 1
                                            }
                                        ],
                                        "Plans": [
                                            {
                                                "Node Type": "Hash Join",
                                                "Parent Relationship": "Outer",
                                                "Parallel Aware": true,
                                                "Join Type": "Inner",
                                                "Startup Cost": 48349.92,
                                                "Total Cost": 92060.83,
                                                "Plan Rows": 140525,
                                                "Plan Width": 8,
                                                "Actual Startup Time": 158.591,
                                                "Actual Total Time": 296.496,
                                                "Actual Rows": 158516,
                                                "Actual Loops": 6,
                                                "Output": [
                                                    "t.id",
                                                    "mk.movie_id"
                                                ],
                                                "Inner Unique": true,
                                                "Hash Cond": "(mk.movie_id = t.id)",
                                                "Workers": [
                                                    {
                                                        "Worker Number": 0,
                                                        "Actual Startup Time": 157.754,
                                                        "Actual Total Time": 295.764,
                                                        "Actual Rows": 120951,
                                                        "Actual Loops": 1
                                                    },
                                                    {
                                                        "Worker Number": 1,
                                                        "Actual Startup Time": 158.141,
                                                        "Actual Total Time": 296.761,
                                                        "Actual Rows": 125912,
                                                        "Actual Loops": 1
                                                    },
                                                    {
                                                        "Worker Number": 2,
                                                        "Actual Startup Time": 158.135,
                                                        "Actual Total Time": 296.088,
                                                        "Actual Rows": 121013,
                                                        "Actual Loops": 1
                                                    },
                                                    {
                                                        "Worker Number": 3,
                                                        "Actual Startup Time": 158.938,
                                                        "Actual Total Time": 297.344,
                                                        "Actual Rows": 182936,
                                                        "Actual Loops": 1
                                                    },
                                                    {
                                                        "Worker Number": 4,
                                                        "Actual Startup Time": 159.143,
                                                        "Actual Total Time": 297.765,
                                                        "Actual Rows": 181743,
                                                        "Actual Loops": 1
                                                    }
                                                ],
                                                "Plans": [
                                                    {
                                                        "Node Type": "Seq Scan",
                                                        "Parent Relationship": "Outer",
                                                        "Parallel Aware": true,
                                                        "Relation Name": "movie_keyword",
                                                        "Schema": "public",
                                                        "Alias": "mk",
                                                        "Startup Cost": 0.0,
                                                        "Total Cost": 42695.65,
                                                        "Plan Rows": 386765,
                                                        "Plan Width": 4,
                                                        "Actual Startup Time": 0.854,
                                                        "Actual Total Time": 88.593,
                                                        "Actual Rows": 195344,
                                                        "Actual Loops": 6,
                                                        "Output": [
                                                            "mk.id",
                                                            "mk.movie_id",
                                                            "mk.keyword_id"
                                                        ],
                                                        "Filter": "(mk.keyword_id > 15901)",
                                                        "Rows Removed by Filter": 558644,
                                                        "Workers": [
                                                            {
                                                                "Worker Number": 0,
                                                                "Actual Startup Time": 0.894,
                                                                "Actual Total Time": 90.583,
                                                                "Actual Rows": 146336,
                                                                "Actual Loops": 1
                                                            },
                                                            {
                                                                "Worker Number": 1,
                                                                "Actual Startup Time": 0.844,
                                                                "Actual Total Time": 91.193,
                                                                "Actual Rows": 154008,
                                                                "Actual Loops": 1
                                                            },
                                                            {
                                                                "Worker Number": 2,
                                                                "Actual Startup Time": 0.867,
                                                                "Actual Total Time": 90.723,
                                                                "Actual Rows": 145997,
                                                                "Actual Loops": 1
                                                            },
                                                            {
                                                                "Worker Number": 3,
                                                                "Actual Startup Time": 0.848,
                                                                "Actual Total Time": 90.508,
                                                                "Actual Rows": 225254,
                                                                "Actual Loops": 1
                                                            },
                                                            {
                                                                "Worker Number": 4,
                                                                "Actual Startup Time": 0.86,
                                                                "Actual Total Time": 90.534,
                                                                "Actual Rows": 225293,
                                                                "Actual Loops": 1
                                                            }
                                                        ]
                                                    },
                                                    {
                                                        "Node Type": "Hash",
                                                        "Parent Relationship": "Inner",
                                                        "Parallel Aware": true,
                                                        "Startup Cost": 45479.21,
                                                        "Total Cost": 45479.21,
                                                        "Plan Rows": 229657,
                                                        "Plan Width": 4,
                                                        "Actual Startup Time": 155.623,
                                                        "Actual Total Time": 155.624,
                                                        "Actual Rows": 142475,
                                                        "Actual Loops": 6,
                                                        "Output": [
                                                            "t.id"
                                                        ],
                                                        "Hash Buckets": 1048576,
                                                        "Original Hash Buckets": 1048576,
                                                        "Hash Batches": 1,
                                                        "Original Hash Batches": 1,
                                                        "Peak Memory Usage": 41792,
                                                        "Workers": [
                                                            {
                                                                "Worker Number": 0,
                                                                "Actual Startup Time": 156.706,
                                                                "Actual Total Time": 156.708,
                                                                "Actual Rows": 106344,
                                                                "Actual Loops": 1
                                                            },
                                                            {
                                                                "Worker Number": 1,
                                                                "Actual Startup Time": 157.198,
                                                                "Actual Total Time": 157.2,
                                                                "Actual Rows": 116187,
                                                                "Actual Loops": 1
                                                            },
                                                            {
                                                                "Worker Number": 2,
                                                                "Actual Startup Time": 157.187,
                                                                "Actual Total Time": 157.188,
                                                                "Actual Rows": 106392,
                                                                "Actual Loops": 1
                                                            },
                                                            {
                                                                "Worker Number": 3,
                                                                "Actual Startup Time": 157.991,
                                                                "Actual Total Time": 157.992,
                                                                "Actual Rows": 162473,
                                                                "Actual Loops": 1
                                                            },
                                                            {
                                                                "Worker Number": 4,
                                                                "Actual Startup Time": 158.186,
                                                                "Actual Total Time": 158.187,
                                                                "Actual Rows": 161177,
                                                                "Actual Loops": 1
                                                            }
                                                        ],
                                                        "Plans": [
                                                            {
                                                                "Node Type": "Seq Scan",
                                                                "Parent Relationship": "Outer",
                                                                "Parallel Aware": true,
                                                                "Relation Name": "title",
                                                                "Schema": "public",
                                                                "Alias": "t",
                                                                "Startup Cost": 0.0,
                                                                "Total Cost": 45479.21,
                                                                "Plan Rows": 229657,
                                                                "Plan Width": 4,
                                                                "Actual Startup Time": 0.078,
                                                                "Actual Total Time": 87.93,
                                                                "Actual Rows": 142475,
                                                                "Actual Loops": 6,
                                                                "Output": [
                                                                    "t.id"
                                                                ],
                                                                "Filter": "((t.kind_id < 7) AND (t.production_year > 1932))",
                                                                "Rows Removed by Filter": 278910,
                                                                "Workers": [
                                                                    {
                                                                        "Worker Number": 0,
                                                                        "Actual Startup Time": 0.089,
                                                                        "Actual Total Time": 88.215,
                                                                        "Actual Rows": 106344,
                                                                        "Actual Loops": 1
                                                                    },
                                                                    {
                                                                        "Worker Number": 1,
                                                                        "Actual Startup Time": 0.098,
                                                                        "Actual Total Time": 89.878,
                                                                        "Actual Rows": 116187,
                                                                        "Actual Loops": 1
                                                                    },
                                                                    {
                                                                        "Worker Number": 2,
                                                                        "Actual Startup Time": 0.089,
                                                                        "Actual Total Time": 88.471,
                                                                        "Actual Rows": 106392,
                                                                        "Actual Loops": 1
                                                                    },
                                                                    {
                                                                        "Worker Number": 3,
                                                                        "Actual Startup Time": 0.078,
                                                                        "Actual Total Time": 88.666,
                                                                        "Actual Rows": 162473,
                                                                        "Actual Loops": 1
                                                                    },
                                                                    {
                                                                        "Worker Number": 4,
                                                                        "Actual Startup Time": 0.098,
                                                                        "Actual Total Time": 88.134,
                                                                        "Actual Rows": 161177,
                                                                        "Actual Loops": 1
                                                                    }
                                                                ]
                                                            }
                                                        ]
                                                    }
                                                ]
                                            }
                                        ]
                                    }
                                ]
                            }
                        ]
                    }
                ]
            }
        ]
    },
    "Planning Time": 1.588,
    "Triggers": [],
    "Execution Time": 2051.793
}