{
    "Plan": {
        "Node Type": "Aggregate",
        "Strategy": "Plain",
        "Partial Mode": "Simple",
        "Parallel Aware": false,
        "Startup Cost": 40003813491.94,
        "Total Cost": 40003813491.95,
        "Plan Rows": 1,
        "Plan Width": 96,
        "Actual Startup Time": 33035.4,
        "Actual Total Time": 33056.827,
        "Actual Rows": 1,
        "Actual Loops": 1,
        "Output": [
            "min(cn.name)",
            "min(mi_idx.info)",
            "min(t.title)"
        ],
        "Plans": [
            {
                "Node Type": "Nested Loop",
                "Parent Relationship": "Outer",
                "Parallel Aware": false,
                "Join Type": "Inner",
                "Startup Cost": 40003813487.67,
                "Total Cost": 40003813491.93,
                "Plan Rows": 1,
                "Plan Width": 41,
                "Actual Startup Time": 32687.79,
                "Actual Total Time": 33055.154,
                "Actual Rows": 5793,
                "Actual Loops": 1,
                "Output": [
                    "cn.name",
                    "mi_idx.info",
                    "t.title"
                ],
                "Inner Unique": true,
                "Plans": [
                    {
                        "Node Type": "Hash Join",
                        "Parent Relationship": "Outer",
                        "Parallel Aware": false,
                        "Join Type": "Inner",
                        "Startup Cost": 30003813487.22,
                        "Total Cost": 30003813487.46,
                        "Plan Rows": 1,
                        "Plan Width": 26,
                        "Actual Startup Time": 32687.736,
                        "Actual Total Time": 33023.867,
                        "Actual Rows": 5978,
                        "Actual Loops": 1,
                        "Output": [
                            "mc.company_id",
                            "mi_idx.info",
                            "t.title"
                        ],
                        "Inner Unique": false,
                        "Hash Cond": "(mk.keyword_id = k.id)",
                        "Plans": [
                            {
                                "Node Type": "Hash Join",
                                "Parent Relationship": "Outer",
                                "Parallel Aware": false,
                                "Join Type": "Inner",
                                "Startup Cost": 30003810525.62,
                                "Total Cost": 30003810525.84,
                                "Plan Rows": 4,
                                "Plan Width": 30,
                                "Actual Startup Time": 32665.89,
                                "Actual Total Time": 32960.173,
                                "Actual Rows": 884891,
                                "Actual Loops": 1,
                                "Output": [
                                    "mc.company_id",
                                    "mi_idx.info",
                                    "mk.keyword_id",
                                    "t.title"
                                ],
                                "Inner Unique": true,
                                "Hash Cond": "(cc.status_id = cct2.id)",
                                "Plans": [
                                    {
                                        "Node Type": "Merge Join",
                                        "Parent Relationship": "Outer",
                                        "Parallel Aware": false,
                                        "Join Type": "Inner",
                                        "Startup Cost": 30003810513.38,
                                        "Total Cost": 30003810513.56,
                                        "Plan Rows": 6,
                                        "Plan Width": 34,
                                        "Actual Startup Time": 32665.848,
                                        "Actual Total Time": 32847.259,
                                        "Actual Rows": 1119189,
                                        "Actual Loops": 1,
                                        "Output": [
                                            "cc.status_id",
                                            "mc.company_id",
                                            "mi_idx.info",
                                            "mk.keyword_id",
                                            "t.title"
                                        ],
                                        "Inner Unique": false,
                                        "Merge Cond": "(kt.id = t.kind_id)",
                                        "Plans": [
                                            {
                                                "Node Type": "Sort",
                                                "Parent Relationship": "Outer",
                                                "Parallel Aware": false,
                                                "Startup Cost": 1.1,
                                                "Total Cost": 1.1,
                                                "Plan Rows": 2,
                                                "Plan Width": 4,
                                                "Actual Startup Time": 0.029,
                                                "Actual Total Time": 0.032,
                                                "Actual Rows": 2,
                                                "Actual Loops": 1,
                                                "Output": [
                                                    "kt.id"
                                                ],
                                                "Sort Key": [
                                                    "kt.id"
                                                ],
                                                "Sort Method": "quicksort",
                                                "Sort Space Used": 25,
                                                "Sort Space Type": "Memory",
                                                "Plans": [
                                                    {
                                                        "Node Type": "Seq Scan",
                                                        "Parent Relationship": "Outer",
                                                        "Parallel Aware": false,
                                                        "Relation Name": "kind_type",
                                                        "Schema": "public",
                                                        "Alias": "kt",
                                                        "Startup Cost": 0.0,
                                                        "Total Cost": 1.09,
                                                        "Plan Rows": 2,
                                                        "Plan Width": 4,
                                                        "Actual Startup Time": 0.011,
                                                        "Actual Total Time": 0.014,
                                                        "Actual Rows": 2,
                                                        "Actual Loops": 1,
                                                        "Output": [
                                                            "kt.id"
                                                        ],
                                                        "Filter": "((kt.kind)::text = ANY ('{movie,episode}'::text[]))",
                                                        "Rows Removed by Filter": 5
                                                    }
                                                ]
                                            },
                                            {
                                                "Node Type": "Sort",
                                                "Parent Relationship": "Inner",
                                                "Parallel Aware": false,
                                                "Startup Cost": 30003810512.29,
                                                "Total Cost": 30003810512.34,
                                                "Plan Rows": 22,
                                                "Plan Width": 38,
                                                "Actual Startup Time": 32665.813,
                                                "Actual Total Time": 32725.603,
                                                "Actual Rows": 1133935,
                                                "Actual Loops": 1,
                                                "Output": [
                                                    "cc.status_id",
                                                    "mc.company_id",
                                                    "mi_idx.info",
                                                    "mk.keyword_id",
                                                    "t.title",
                                                    "t.kind_id"
                                                ],
                                                "Sort Key": [
                                                    "t.kind_id"
                                                ],
                                                "Sort Method": "quicksort",
                                                "Sort Space Used": 142191,
                                                "Sort Space Type": "Memory",
                                                "Plans": [
                                                    {
                                                        "Node Type": "Merge Join",
                                                        "Parent Relationship": "Outer",
                                                        "Parallel Aware": false,
                                                        "Join Type": "Inner",
                                                        "Startup Cost": 30003802694.28,
                                                        "Total Cost": 30003810511.8,
                                                        "Plan Rows": 22,
                                                        "Plan Width": 38,
                                                        "Actual Startup Time": 31595.245,
                                                        "Actual Total Time": 32222.467,
                                                        "Actual Rows": 1133935,
                                                        "Actual Loops": 1,
                                                        "Output": [
                                                            "cc.status_id",
                                                            "mc.company_id",
                                                            "mi_idx.info",
                                                            "mk.keyword_id",
                                                            "t.title",
                                                            "t.kind_id"
                                                        ],
                                                        "Inner Unique": false,
                                                        "Merge Cond": "(t.id = mi.movie_id)",
                                                        "Plans": [
                                                            {
                                                                "Node Type": "Sort",
                                                                "Parent Relationship": "Outer",
                                                                "Parallel Aware": false,
                                                                "Startup Cost": 10000228599.65,
                                                                "Total Cost": 10000232511.63,
                                                                "Plan Rows": 1564790,
                                                                "Plan Width": 25,
                                                                "Actual Startup Time": 1117.279,
                                                                "Actual Total Time": 1316.133,
                                                                "Actual Rows": 1569494,
                                                                "Actual Loops": 1,
                                                                "Output": [
                                                                    "t.title",
                                                                    "t.kind_id",
                                                                    "t.id"
                                                                ],
                                                                "Sort Key": [
                                                                    "t.id"
                                                                ],
                                                                "Sort Method": "quicksort",
                                                                "Sort Space Used": 168099,
                                                                "Sort Space Type": "Memory",
                                                                "Plans": [
                                                                    {
                                                                        "Node Type": "Seq Scan",
                                                                        "Parent Relationship": "Outer",
                                                                        "Parallel Aware": false,
                                                                        "Relation Name": "title",
                                                                        "Schema": "public",
                                                                        "Alias": "t",
                                                                        "Startup Cost": 10000000000.0,
                                                                        "Total Cost": 10000067602.02,
                                                                        "Plan Rows": 1564790,
                                                                        "Plan Width": 25,
                                                                        "Actual Startup Time": 0.01,
                                                                        "Actual Total Time": 440.977,
                                                                        "Actual Rows": 1570568,
                                                                        "Actual Loops": 1,
                                                                        "Output": [
                                                                            "t.title",
                                                                            "t.kind_id",
                                                                            "t.id"
                                                                        ],
                                                                        "Filter": "(t.production_year > 1996)",
                                                                        "Rows Removed by Filter": 957744
                                                                    }
                                                                ]
                                                            },
                                                            {
                                                                "Node Type": "Sort",
                                                                "Parent Relationship": "Inner",
                                                                "Parallel Aware": false,
                                                                "Startup Cost": 20003574093.85,
                                                                "Total Cost": 20003574093.94,
                                                                "Plan Rows": 36,
                                                                "Plan Width": 37,
                                                                "Actual Startup Time": 30477.299,
                                                                "Actual Total Time": 30578.88,
                                                                "Actual Rows": 1817059,
                                                                "Actual Loops": 1,
                                                                "Output": [
                                                                    "cc.movie_id",
                                                                    "cc.status_id",
                                                                    "mc.movie_id",
                                                                    "mc.company_id",
                                                                    "mi.movie_id",
                                                                    "mi_idx.info",
                                                                    "mi_idx.movie_id",
                                                                    "mk.movie_id",
                                                                    "mk.keyword_id"
                                                                ],
                                                                "Sort Key": [
                                                                    "cc.movie_id"
                                                                ],
                                                                "Sort Method": "quicksort",
                                                                "Sort Space Used": 191110,
                                                                "Sort Space Type": "Memory",
                                                                "Plans": [
                                                                    {
                                                                        "Node Type": "Merge Join",
                                                                        "Parent Relationship": "Outer",
                                                                        "Parallel Aware": false,
                                                                        "Join Type": "Inner",
                                                                        "Startup Cost": 20003574079.67,
                                                                        "Total Cost": 20003574092.91,
                                                                        "Plan Rows": 36,
                                                                        "Plan Width": 37,
                                                                        "Actual Startup Time": 29472.867,
                                                                        "Actual Total Time": 29821.568,
                                                                        "Actual Rows": 1817059,
                                                                        "Actual Loops": 1,
                                                                        "Output": [
                                                                            "cc.movie_id",
                                                                            "cc.status_id",
                                                                            "mc.movie_id",
                                                                            "mc.company_id",
                                                                            "mi.movie_id",
                                                                            "mi_idx.info",
                                                                            "mi_idx.movie_id",
                                                                            "mk.movie_id",
                                                                            "mk.keyword_id"
                                                                        ],
                                                                        "Inner Unique": true,
                                                                        "Merge Cond": "(cc.subject_id = cct1.id)",
                                                                        "Plans": [
                                                                            {
                                                                                "Node Type": "Sort",
                                                                                "Parent Relationship": "Outer",
                                                                                "Parallel Aware": false,
                                                                                "Startup Cost": 10003574079.54,
                                                                                "Total Cost": 10003574079.93,
                                                                                "Plan Rows": 157,
                                                                                "Plan Width": 41,
                                                                                "Actual Startup Time": 28984.662,
                                                                                "Actual Total Time": 29273.38,
                                                                                "Actual Rows": 7679684,
                                                                                "Actual Loops": 1,
                                                                                "Output": [
                                                                                    "cc.movie_id",
                                                                                    "cc.subject_id",
                                                                                    "cc.status_id",
                                                                                    "mc.movie_id",
                                                                                    "mc.company_id",
                                                                                    "mi.movie_id",
                                                                                    "mi_idx.info",
                                                                                    "mi_idx.movie_id",
                                                                                    "mk.movie_id",
                                                                                    "mk.keyword_id"
                                                                                ],
                                                                                "Sort Key": [
                                                                                    "cc.subject_id"
                                                                                ],
                                                                                "Sort Method": "quicksort",
                                                                                "Sort Space Used": 796584,
                                                                                "Sort Space Type": "Memory",
                                                                                "Plans": [
                                                                                    {
                                                                                        "Node Type": "Hash Join",
                                                                                        "Parent Relationship": "Outer",
                                                                                        "Parallel Aware": false,
                                                                                        "Join Type": "Inner",
                                                                                        "Startup Cost": 10003574048.39,
                                                                                        "Total Cost": 10003574073.81,
                                                                                        "Plan Rows": 157,
                                                                                        "Plan Width": 41,
                                                                                        "Actual Startup Time": 26504.535,
                                                                                        "Actual Total Time": 27431.151,
                                                                                        "Actual Rows": 7679684,
                                                                                        "Actual Loops": 1,
                                                                                        "Output": [
                                                                                            "cc.movie_id",
                                                                                            "cc.subject_id",
                                                                                            "cc.status_id",
                                                                                            "mc.movie_id",
                                                                                            "mc.company_id",
                                                                                            "mi.movie_id",
                                                                                            "mi_idx.info",
                                                                                            "mi_idx.movie_id",
                                                                                            "mk.movie_id",
                                                                                            "mk.keyword_id"
                                                                                        ],
                                                                                        "Inner Unique": false,
                                                                                        "Hash Cond": "(it1.id = mi.info_type_id)",
                                                                                        "Plans": [
                                                                                            {
                                                                                                "Node Type": "Seq Scan",
                                                                                                "Parent Relationship": "Outer",
                                                                                                "Parallel Aware": false,
                                                                                                "Relation Name": "info_type",
                                                                                                "Schema": "public",
                                                                                                "Alias": "it1",
                                                                                                "Startup Cost": 0.0,
                                                                                                "Total Cost": 2.41,
                                                                                                "Plan Rows": 1,
                                                                                                "Plan Width": 4,
                                                                                                "Actual Startup Time": 0.025,
                                                                                                "Actual Total Time": 0.045,
                                                                                                "Actual Rows": 1,
                                                                                                "Actual Loops": 1,
                                                                                                "Output": [
                                                                                                    "it1.id",
                                                                                                    "it1.info"
                                                                                                ],
                                                                                                "Filter": "((it1.info)::text = 'countries'::text)",
                                                                                                "Rows Removed by Filter": 112
                                                                                            },
                                                                                            {
                                                                                                "Node Type": "Hash",
                                                                                                "Parent Relationship": "Inner",
                                                                                                "Parallel Aware": false,
                                                                                                "Startup Cost": 10003573833.57,
                                                                                                "Total Cost": 10003573833.57,
                                                                                                "Plan Rows": 17186,
                                                                                                "Plan Width": 45,
                                                                                                "Actual Startup Time": 26504.462,
                                                                                                "Actual Total Time": 26525.875,
                                                                                                "Actual Rows": 14257795,
                                                                                                "Actual Loops": 1,
                                                                                                "Output": [
                                                                                                    "cc.movie_id",
                                                                                                    "cc.subject_id",
                                                                                                    "cc.status_id",
                                                                                                    "mc.movie_id",
                                                                                                    "mc.company_id",
                                                                                                    "mi.movie_id",
                                                                                                    "mi.info_type_id",
                                                                                                    "mi_idx.info",
                                                                                                    "mi_idx.movie_id",
                                                                                                    "mk.movie_id",
                                                                                                    "mk.keyword_id"
                                                                                                ],
                                                                                                "Hash Buckets": 16777216,
                                                                                                "Original Hash Buckets": 32768,
                                                                                                "Hash Batches": 1,
                                                                                                "Original Hash Batches": 1,
                                                                                                "Peak Memory Usage": 1189268,
                                                                                                "Plans": [
                                                                                                    {
                                                                                                        "Node Type": "Hash Join",
                                                                                                        "Parent Relationship": "Outer",
                                                                                                        "Parallel Aware": false,
                                                                                                        "Join Type": "Inner",
                                                                                                        "Startup Cost": 10003505865.66,
                                                                                                        "Total Cost": 10003573833.57,
                                                                                                        "Plan Rows": 17186,
                                                                                                        "Plan Width": 45,
                                                                                                        "Actual Startup Time": 11310.448,
                                                                                                        "Actual Total Time": 23850.832,
                                                                                                        "Actual Rows": 14257795,
                                                                                                        "Actual Loops": 1,
                                                                                                        "Output": [
                                                                                                            "cc.movie_id",
                                                                                                            "cc.subject_id",
                                                                                                            "cc.status_id",
                                                                                                            "mc.movie_id",
                                                                                                            "mc.company_id",
                                                                                                            "mi.movie_id",
                                                                                                            "mi.info_type_id",
                                                                                                            "mi_idx.info",
                                                                                                            "mi_idx.movie_id",
                                                                                                            "mk.movie_id",
                                                                                                            "mk.keyword_id"
                                                                                                        ],
                                                                                                        "Inner Unique": false,
                                                                                                        "Hash Cond": "(mi_idx.info_type_id = it2.id)",
                                                                                                        "Plans": [
                                                                                                            {
                                                                                                                "Node Type": "Merge Join",
                                                                                                                "Parent Relationship": "Outer",
                                                                                                                "Parallel Aware": false,
                                                                                                                "Join Type": "Inner",
                                                                                                                "Startup Cost": 10003505863.23,
                                                                                                                "Total Cost": 10003566375.42,
                                                                                                                "Plan Rows": 1942356,
                                                                                                                "Plan Width": 49,
                                                                                                                "Actual Startup Time": 11310.391,
                                                                                                                "Actual Total Time": 20098.521,
                                                                                                                "Actual Rows": 47100640,
                                                                                                                "Actual Loops": 1,
                                                                                                                "Output": [
                                                                                                                    "cc.movie_id",
                                                                                                                    "cc.subject_id",
                                                                                                                    "cc.status_id",
                                                                                                                    "mc.movie_id",
                                                                                                                    "mc.company_id",
                                                                                                                    "mi.movie_id",
                                                                                                                    "mi.info_type_id",
                                                                                                                    "mi_idx.info",
                                                                                                                    "mi_idx.movie_id",
                                                                                                                    "mi_idx.info_type_id",
                                                                                                                    "mk.movie_id",
                                                                                                                    "mk.keyword_id"
                                                                                                                ],
                                                                                                                "Inner Unique": false,
                                                                                                                "Merge Cond": "(cc.movie_id = mi.movie_id)",
                                                                                                                "Plans": [
                                                                                                                    {
                                                                                                                        "Node Type": "Sort",
                                                                                                                        "Parent Relationship": "Outer",
                                                                                                                        "Parallel Aware": false,
                                                                                                                        "Startup Cost": 10000013593.56,
                                                                                                                        "Total Cost": 10000013931.28,
                                                                                                                        "Plan Rows": 135086,
                                                                                                                        "Plan Width": 12,
                                                                                                                        "Actual Startup Time": 57.635,
                                                                                                                        "Actual Total Time": 65.932,
                                                                                                                        "Actual Rows": 132432,
                                                                                                                        "Actual Loops": 1,
                                                                                                                        "Output": [
                                                                                                                            "cc.movie_id",
                                                                                                                            "cc.subject_id",
                                                                                                                            "cc.status_id"
                                                                                                                        ],
                                                                                                                        "Sort Key": [
                                                                                                                            "cc.movie_id"
                                                                                                                        ],
                                                                                                                        "Sort Method": "quicksort",
                                                                                                                        "Sort Space Used": 12477,
                                                                                                                        "Sort Space Type": "Memory",
                                                                                                                        "Plans": [
                                                                                                                            {
                                                                                                                                "Node Type": "Seq Scan",
                                                                                                                                "Parent Relationship": "Outer",
                                                                                                                                "Parallel Aware": false,
                                                                                                                                "Relation Name": "complete_cast",
                                                                                                                                "Schema": "public",
                                                                                                                                "Alias": "cc",
                                                                                                                                "Startup Cost": 10000000000.0,
                                                                                                                                "Total Cost": 10000002081.86,
                                                                                                                                "Plan Rows": 135086,
                                                                                                                                "Plan Width": 12,
                                                                                                                                "Actual Startup Time": 0.023,
                                                                                                                                "Actual Total Time": 19.414,
                                                                                                                                "Actual Rows": 135086,
                                                                                                                                "Actual Loops": 1,
                                                                                                                                "Output": [
                                                                                                                                    "cc.movie_id",
                                                                                                                                    "cc.subject_id",
                                                                                                                                    "cc.status_id"
                                                                                                                                ]
                                                                                                                            }
                                                                                                                        ]
                                                                                                                    },
                                                                                                                    {
                                                                                                                        "Node Type": "Sort",
                                                                                                                        "Parent Relationship": "Inner",
                                                                                                                        "Parallel Aware": false,
                                                                                                                        "Startup Cost": 3492269.6,
                                                                                                                        "Total Cost": 3509669.14,
                                                                                                                        "Plan Rows": 6959817,
                                                                                                                        "Plan Width": 37,
                                                                                                                        "Actual Startup Time": 11252.491,
                                                                                                                        "Actual Total Time": 13441.218,
                                                                                                                        "Actual Rows": 53474241,
                                                                                                                        "Actual Loops": 1,
                                                                                                                        "Output": [
                                                                                                                            "mc.movie_id",
                                                                                                                            "mc.company_id",
                                                                                                                            "mi.movie_id",
                                                                                                                            "mi.info_type_id",
                                                                                                                            "mi_idx.info",
                                                                                                                            "mi_idx.movie_id",
                                                                                                                            "mi_idx.info_type_id",
                                                                                                                            "mk.movie_id",
                                                                                                                            "mk.keyword_id"
                                                                                                                        ],
                                                                                                                        "Sort Key": [
                                                                                                                            "mc.movie_id"
                                                                                                                        ],
                                                                                                                        "Sort Method": "quicksort",
                                                                                                                        "Sort Space Used": 3955671,
                                                                                                                        "Sort Space Type": "Memory",
                                                                                                                        "Plans": [
                                                                                                                            {
                                                                                                                                "Node Type": "Gather",
                                                                                                                                "Parent Relationship": "Outer",
                                                                                                                                "Parallel Aware": false,
                                                                                                                                "Startup Cost": 289908.79,
                                                                                                                                "Total Cost": 2701264.89,
                                                                                                                                "Plan Rows": 6959817,
                                                                                                                                "Plan Width": 37,
                                                                                                                                "Actual Startup Time": 1664.163,
                                                                                                                                "Actual Total Time": 7022.166,
                                                                                                                                "Actual Rows": 38243257,
                                                                                                                                "Actual Loops": 1,
                                                                                                                                "Output": [
                                                                                                                                    "mc.movie_id",
                                                                                                                                    "mc.company_id",
                                                                                                                                    "mi.movie_id",
                                                                                                                                    "mi.info_type_id",
                                                                                                                                    "mi_idx.info",
                                                                                                                                    "mi_idx.movie_id",
                                                                                                                                    "mi_idx.info_type_id",
                                                                                                                                    "mk.movie_id",
                                                                                                                                    "mk.keyword_id"
                                                                                                                                ],
                                                                                                                                "Workers Planned": 3,
                                                                                                                                "Workers Launched": 3,
                                                                                                                                "Single Copy": false,
                                                                                                                                "Plans": [
                                                                                                                                    {
                                                                                                                                        "Node Type": "Hash Join",
                                                                                                                                        "Parent Relationship": "Outer",
                                                                                                                                        "Parallel Aware": true,
                                                                                                                                        "Join Type": "Inner",
                                                                                                                                        "Startup Cost": 288908.79,
                                                                                                                                        "Total Cost": 2004283.19,
                                                                                                                                        "Plan Rows": 2245102,
                                                                                                                                        "Plan Width": 37,
                                                                                                                                        "Actual Startup Time": 1654.73,
                                                                                                                                        "Actual Total Time": 4327.122,
                                                                                                                                        "Actual Rows": 9560814,
                                                                                                                                        "Actual Loops": 4,
                                                                                                                                        "Output": [
                                                                                                                                            "mc.movie_id",
                                                                                                                                            "mc.company_id",
                                                                                                                                            "mi.movie_id",
                                                                                                                                            "mi.info_type_id",
                                                                                                                                            "mi_idx.info",
                                                                                                                                            "mi_idx.movie_id",
                                                                                                                                            "mi_idx.info_type_id",
                                                                                                                                            "mk.movie_id",
                                                                                                                                            "mk.keyword_id"
                                                                                                                                        ],
                                                                                                                                        "Inner Unique": false,
                                                                                                                                        "Hash Cond": "(mk.movie_id = mi.movie_id)",
                                                                                                                                        "Workers": [
                                                                                                                                            {
                                                                                                                                                "Worker Number": 0,
                                                                                                                                                "Actual Startup Time": 1651.921,
                                                                                                                                                "Actual Total Time": 5241.6,
                                                                                                                                                "Actual Rows": 11691774,
                                                                                                                                                "Actual Loops": 1
                                                                                                                                            },
                                                                                                                                            {
                                                                                                                                                "Worker Number": 1,
                                                                                                                                                "Actual Startup Time": 1651.865,
                                                                                                                                                "Actual Total Time": 5531.575,
                                                                                                                                                "Actual Rows": 14612951,
                                                                                                                                                "Actual Loops": 1
                                                                                                                                            },
                                                                                                                                            {
                                                                                                                                                "Worker Number": 2,
                                                                                                                                                "Actual Startup Time": 1652.283,
                                                                                                                                                "Actual Total Time": 4637.458,
                                                                                                                                                "Actual Rows": 11392127,
                                                                                                                                                "Actual Loops": 1
                                                                                                                                            }
                                                                                                                                        ],
                                                                                                                                        "Plans": [
                                                                                                                                            {
                                                                                                                                                "Node Type": "Hash Join",
                                                                                                                                                "Parent Relationship": "Outer",
                                                                                                                                                "Parallel Aware": true,
                                                                                                                                                "Join Type": "Inner",
                                                                                                                                                "Startup Cost": 58807.7,
                                                                                                                                                "Total Cost": 113415.55,
                                                                                                                                                "Plan Rows": 1222370,
                                                                                                                                                "Plan Width": 29,
                                                                                                                                                "Actual Startup Time": 412.756,
                                                                                                                                                "Actual Total Time": 1688.06,
                                                                                                                                                "Actual Rows": 6680995,
                                                                                                                                                "Actual Loops": 4,
                                                                                                                                                "Output": [
                                                                                                                                                    "mc.movie_id",
                                                                                                                                                    "mc.company_id",
                                                                                                                                                    "mi_idx.info",
                                                                                                                                                    "mi_idx.movie_id",
                                                                                                                                                    "mi_idx.info_type_id",
                                                                                                                                                    "mk.movie_id",
                                                                                                                                                    "mk.keyword_id"
                                                                                                                                                ],
                                                                                                                                                "Inner Unique": false,
                                                                                                                                                "Hash Cond": "(mk.movie_id = mi_idx.movie_id)",
                                                                                                                                                "Workers": [
                                                                                                                                                    {
                                                                                                                                                        "Worker Number": 0,
                                                                                                                                                        "Actual Startup Time": 412.683,
                                                                                                                                                        "Actual Total Time": 2099.504,
                                                                                                                                                        "Actual Rows": 7869948,
                                                                                                                                                        "Actual Loops": 1
                                                                                                                                                    },
                                                                                                                                                    {
                                                                                                                                                        "Worker Number": 1,
                                                                                                                                                        "Actual Startup Time": 412.736,
                                                                                                                                                        "Actual Total Time": 2279.034,
                                                                                                                                                        "Actual Rows": 10433515,
                                                                                                                                                        "Actual Loops": 1
                                                                                                                                                    },
                                                                                                                                                    {
                                                                                                                                                        "Worker Number": 2,
                                                                                                                                                        "Actual Startup Time": 412.797,
                                                                                                                                                        "Actual Total Time": 1820.277,
                                                                                                                                                        "Actual Rows": 7716063,
                                                                                                                                                        "Actual Loops": 1
                                                                                                                                                    }
                                                                                                                                                ],
                                                                                                                                                "Plans": [
                                                                                                                                                    {
                                                                                                                                                        "Node Type": "Hash Join",
                                                                                                                                                        "Parent Relationship": "Outer",
                                                                                                                                                        "Parallel Aware": true,
                                                                                                                                                        "Join Type": "Inner",
                                                                                                                                                        "Startup Cost": 36710.19,
                                                                                                                                                        "Total Cost": 84501.87,
                                                                                                                                                        "Plan Rows": 448790,
                                                                                                                                                        "Plan Width": 16,
                                                                                                                                                        "Actual Startup Time": 202.1,
                                                                                                                                                        "Actual Total Time": 644.289,
                                                                                                                                                        "Actual Rows": 2323092,
                                                                                                                                                        "Actual Loops": 4,
                                                                                                                                                        "Output": [
                                                                                                                                                            "mc.movie_id",
                                                                                                                                                            "mc.company_id",
                                                                                                                                                            "mk.movie_id",
                                                                                                                                                            "mk.keyword_id"
                                                                                                                                                        ],
                                                                                                                                                        "Inner Unique": false,
                                                                                                                                                        "Hash Cond": "(mk.movie_id = mc.movie_id)",
                                                                                                                                                        "Workers": [
                                                                                                                                                            {
                                                                                                                                                                "Worker Number": 0,
                                                                                                                                                                "Actual Startup Time": 202.153,
                                                                                                                                                                "Actual Total Time": 775.935,
                                                                                                                                                                "Actual Rows": 2732892,
                                                                                                                                                                "Actual Loops": 1
                                                                                                                                                            },
                                                                                                                                                            {
                                                                                                                                                                "Worker Number": 1,
                                                                                                                                                                "Actual Startup Time": 202.024,
                                                                                                                                                                "Actual Total Time": 856.396,
                                                                                                                                                                "Actual Rows": 3639119,
                                                                                                                                                                "Actual Loops": 1
                                                                                                                                                            },
                                                                                                                                                            {
                                                                                                                                                                "Worker Number": 2,
                                                                                                                                                                "Actual Startup Time": 202.032,
                                                                                                                                                                "Actual Total Time": 689.216,
                                                                                                                                                                "Actual Rows": 2672299,
                                                                                                                                                                "Actual Loops": 1
                                                                                                                                                            }
                                                                                                                                                        ],
                                                                                                                                                        "Plans": [
                                                                                                                                                            {
                                                                                                                                                                "Node Type": "Seq Scan",
                                                                                                                                                                "Parent Relationship": "Outer",
                                                                                                                                                                "Parallel Aware": true,
                                                                                                                                                                "Relation Name": "movie_keyword",
                                                                                                                                                                "Schema": "public",
                                                                                                                                                                "Alias": "mk",
                                                                                                                                                                "Startup Cost": 0.0,
                                                                                                                                                                "Total Cost": 39047.32,
                                                                                                                                                                "Plan Rows": 1459332,
                                                                                                                                                                "Plan Width": 8,
                                                                                                                                                                "Actual Startup Time": 0.021,
                                                                                                                                                                "Actual Total Time": 97.742,
                                                                                                                                                                "Actual Rows": 1130982,
                                                                                                                                                                "Actual Loops": 4,
                                                                                                                                                                "Output": [
                                                                                                                                                                    "mk.id",
                                                                                                                                                                    "mk.movie_id",
                                                                                                                                                                    "mk.keyword_id"
                                                                                                                                                                ],
                                                                                                                                                                "Workers": [
                                                                                                                                                                    {
                                                                                                                                                                        "Worker Number": 0,
                                                                                                                                                                        "Actual Startup Time": 0.015,
                                                                                                                                                                        "Actual Total Time": 123.796,
                                                                                                                                                                        "Actual Rows": 1265770,
                                                                                                                                                                        "Actual Loops": 1
                                                                                                                                                                    },
                                                                                                                                                                    {
                                                                                                                                                                        "Worker Number": 1,
                                                                                                                                                                        "Actual Startup Time": 0.016,
                                                                                                                                                                        "Actual Total Time": 145.592,
                                                                                                                                                                        "Actual Rows": 1877505,
                                                                                                                                                                        "Actual Loops": 1
                                                                                                                                                                    },
                                                                                                                                                                    {
                                                                                                                                                                        "Worker Number": 2,
                                                                                                                                                                        "Actual Startup Time": 0.041,
                                                                                                                                                                        "Actual Total Time": 108.763,
                                                                                                                                                                        "Actual Rows": 1215450,
                                                                                                                                                                        "Actual Loops": 1
                                                                                                                                                                    }
                                                                                                                                                                ]
                                                                                                                                                            },
                                                                                                                                                            {
                                                                                                                                                                "Node Type": "Hash",
                                                                                                                                                                "Parent Relationship": "Inner",
                                                                                                                                                                "Parallel Aware": true,
                                                                                                                                                                "Startup Cost": 36109.97,
                                                                                                                                                                "Total Cost": 36109.97,
                                                                                                                                                                "Plan Rows": 48018,
                                                                                                                                                                "Plan Width": 8,
                                                                                                                                                                "Actual Startup Time": 201.704,
                                                                                                                                                                "Actual Total Time": 201.707,
                                                                                                                                                                "Actual Rows": 75818,
                                                                                                                                                                "Actual Loops": 4,
                                                                                                                                                                "Output": [
                                                                                                                                                                    "mc.movie_id",
                                                                                                                                                                    "mc.company_id"
                                                                                                                                                                ],
                                                                                                                                                                "Hash Buckets": 524288,
                                                                                                                                                                "Original Hash Buckets": 262144,
                                                                                                                                                                "Hash Batches": 1,
                                                                                                                                                                "Original Hash Batches": 1,
                                                                                                                                                                "Peak Memory Usage": 18080,
                                                                                                                                                                "Workers": [
                                                                                                                                                                    {
                                                                                                                                                                        "Worker Number": 0,
                                                                                                                                                                        "Actual Startup Time": 202.025,
                                                                                                                                                                        "Actual Total Time": 202.028,
                                                                                                                                                                        "Actual Rows": 64069,
                                                                                                                                                                        "Actual Loops": 1
                                                                                                                                                                    },
                                                                                                                                                                    {
                                                                                                                                                                        "Worker Number": 1,
                                                                                                                                                                        "Actual Startup Time": 201.951,
                                                                                                                                                                        "Actual Total Time": 201.954,
                                                                                                                                                                        "Actual Rows": 64080,
                                                                                                                                                                        "Actual Loops": 1
                                                                                                                                                                    },
                                                                                                                                                                    {
                                                                                                                                                                        "Worker Number": 2,
                                                                                                                                                                        "Actual Startup Time": 201.894,
                                                                                                                                                                        "Actual Total Time": 201.897,
                                                                                                                                                                        "Actual Rows": 62393,
                                                                                                                                                                        "Actual Loops": 1
                                                                                                                                                                    }
                                                                                                                                                                ],
                                                                                                                                                                "Plans": [
                                                                                                                                                                    {
                                                                                                                                                                        "Node Type": "Merge Join",
                                                                                                                                                                        "Parent Relationship": "Outer",
                                                                                                                                                                        "Parallel Aware": false,
                                                                                                                                                                        "Join Type": "Inner",
                                                                                                                                                                        "Startup Cost": 35149.61,
                                                                                                                                                                        "Total Cost": 36109.97,
                                                                                                                                                                        "Plan Rows": 48018,
                                                                                                                                                                        "Plan Width": 8,
                                                                                                                                                                        "Actual Startup Time": 139.996,
                                                                                                                                                                        "Actual Total Time": 165.051,
                                                                                                                                                                        "Actual Rows": 75818,
                                                                                                                                                                        "Actual Loops": 4,
                                                                                                                                                                        "Output": [
                                                                                                                                                                            "mc.movie_id",
                                                                                                                                                                            "mc.company_id"
                                                                                                                                                                        ],
                                                                                                                                                                        "Inner Unique": false,
                                                                                                                                                                        "Merge Cond": "(mc.company_type_id = ct.id)",
                                                                                                                                                                        "Workers": [
                                                                                                                                                                            {
                                                                                                                                                                                "Worker Number": 0,
                                                                                                                                                                                "Actual Startup Time": 139.986,
                                                                                                                                                                                "Actual Total Time": 164.56,
                                                                                                                                                                                "Actual Rows": 64069,
                                                                                                                                                                                "Actual Loops": 1
                                                                                                                                                                            },
                                                                                                                                                                            {
                                                                                                                                                                                "Worker Number": 1,
                                                                                                                                                                                "Actual Startup Time": 139.983,
                                                                                                                                                                                "Actual Total Time": 164.615,
                                                                                                                                                                                "Actual Rows": 64080,
                                                                                                                                                                                "Actual Loops": 1
                                                                                                                                                                            },
                                                                                                                                                                            {
                                                                                                                                                                                "Worker Number": 2,
                                                                                                                                                                                "Actual Startup Time": 139.978,
                                                                                                                                                                                "Actual Total Time": 163.889,
                                                                                                                                                                                "Actual Rows": 62393,
                                                                                                                                                                                "Actual Loops": 1
                                                                                                                                                                            }
                                                                                                                                                                        ],
                                                                                                                                                                        "Plans": [
                                                                                                                                                                            {
                                                                                                                                                                                "Node Type": "Sort",
                                                                                                                                                                                "Parent Relationship": "Outer",
                                                                                                                                                                                "Parallel Aware": false,
                                                                                                                                                                                "Startup Cost": 35148.53,
                                                                                                                                                                                "Total Cost": 35268.57,
                                                                                                                                                                                "Plan Rows": 48018,
                                                                                                                                                                                "Plan Width": 12,
                                                                                                                                                                                "Actual Startup Time": 139.913,
                                                                                                                                                                                "Actual Total Time": 144.149,
                                                                                                                                                                                "Actual Rows": 75818,
                                                                                                                                                                                "Actual Loops": 4,
                                                                                                                                                                                "Output": [
                                                                                                                                                                                    "mc.movie_id",
                                                                                                                                                                                    "mc.company_type_id",
                                                                                                                                                                                    "mc.company_id"
                                                                                                                                                                                ],
                                                                                                                                                                                "Sort Key": [
                                                                                                                                                                                    "mc.company_type_id"
                                                                                                                                                                                ],
                                                                                                                                                                                "Sort Method": "quicksort",
                                                                                                                                                                                "Sort Space Used": 8357,
                                                                                                                                                                                "Sort Space Type": "Memory",
                                                                                                                                                                                "Workers": [
                                                                                                                                                                                    {
                                                                                                                                                                                        "Worker Number": 0,
                                                                                                                                                                                        "Actual Startup Time": 139.899,
                                                                                                                                                                                        "Actual Total Time": 143.994,
                                                                                                                                                                                        "Actual Rows": 64069,
                                                                                                                                                                                        "Actual Loops": 1
                                                                                                                                                                                    },
                                                                                                                                                                                    {
                                                                                                                                                                                        "Worker Number": 1,
                                                                                                                                                                                        "Actual Startup Time": 139.888,
                                                                                                                                                                                        "Actual Total Time": 144.032,
                                                                                                                                                                                        "Actual Rows": 64080,
                                                                                                                                                                                        "Actual Loops": 1
                                                                                                                                                                                    },
                                                                                                                                                                                    {
                                                                                                                                                                                        "Worker Number": 2,
                                                                                                                                                                                        "Actual Startup Time": 139.868,
                                                                                                                                                                                        "Actual Total Time": 143.822,
                                                                                                                                                                                        "Actual Rows": 62393,
                                                                                                                                                                                        "Actual Loops": 1
                                                                                                                                                                                    }
                                                                                                                                                                                ],
                                                                                                                                                                                "Plans": [
                                                                                                                                                                                    {
                                                                                                                                                                                        "Node Type": "Seq Scan",
                                                                                                                                                                                        "Parent Relationship": "Outer",
                                                                                                                                                                                        "Parallel Aware": true,
                                                                                                                                                                                        "Relation Name": "movie_companies",
                                                                                                                                                                                        "Schema": "public",
                                                                                                                                                                                        "Alias": "mc",
                                                                                                                                                                                        "Startup Cost": 0.0,
                                                                                                                                                                                        "Total Cost": 31414.82,
                                                                                                                                                                                        "Plan Rows": 48018,
                                                                                                                                                                                        "Plan Width": 12,
                                                                                                                                                                                        "Actual Startup Time": 0.032,
                                                                                                                                                                                        "Actual Total Time": 126.033,
                                                                                                                                                                                        "Actual Rows": 75818,
                                                                                                                                                                                        "Actual Loops": 4,
                                                                                                                                                                                        "Output": [
                                                                                                                                                                                            "mc.movie_id",
                                                                                                                                                                                            "mc.company_type_id",
                                                                                                                                                                                            "mc.company_id"
                                                                                                                                                                                        ],
                                                                                                                                                                                        "Filter": "((mc.note !~~ '%(USA)%'::text) AND (mc.note ~~ '%(200%)%'::text))",
                                                                                                                                                                                        "Rows Removed by Filter": 576464,
                                                                                                                                                                                        "Workers": [
                                                                                                                                                                                            {
                                                                                                                                                                                                "Worker Number": 0,
                                                                                                                                                                                                "Actual Startup Time": 0.041,
                                                                                                                                                                                                "Actual Total Time": 125.133,
                                                                                                                                                                                                "Actual Rows": 64069,
                                                                                                                                                                                                "Actual Loops": 1
                                                                                                                                                                                            },
                                                                                                                                                                                            {
                                                                                                                                                                                                "Worker Number": 1,
                                                                                                                                                                                                "Actual Startup Time": 0.024,
                                                                                                                                                                                                "Actual Total Time": 124.903,
                                                                                                                                                                                                "Actual Rows": 64080,
                                                                                                                                                                                                "Actual Loops": 1
                                                                                                                                                                                            },
                                                                                                                                                                                            {
                                                                                                                                                                                                "Worker Number": 2,
                                                                                                                                                                                                "Actual Startup Time": 0.05,
                                                                                                                                                                                                "Actual Total Time": 125.324,
                                                                                                                                                                                                "Actual Rows": 62393,
                                                                                                                                                                                                "Actual Loops": 1
                                                                                                                                                                                            }
                                                                                                                                                                                        ]
                                                                                                                                                                                    }
                                                                                                                                                                                ]
                                                                                                                                                                            },
                                                                                                                                                                            {
                                                                                                                                                                                "Node Type": "Sort",
                                                                                                                                                                                "Parent Relationship": "Inner",
                                                                                                                                                                                "Parallel Aware": false,
                                                                                                                                                                                "Startup Cost": 1.08,
                                                                                                                                                                                "Total Cost": 1.09,
                                                                                                                                                                                "Plan Rows": 4,
                                                                                                                                                                                "Plan Width": 4,
                                                                                                                                                                                "Actual Startup Time": 0.075,
                                                                                                                                                                                "Actual Total Time": 3.603,
                                                                                                                                                                                "Actual Rows": 75819,
                                                                                                                                                                                "Actual Loops": 4,
                                                                                                                                                                                "Output": [
                                                                                                                                                                                    "ct.id"
                                                                                                                                                                                ],
                                                                                                                                                                                "Sort Key": [
                                                                                                                                                                                    "ct.id"
                                                                                                                                                                                ],
                                                                                                                                                                                "Sort Method": "quicksort",
                                                                                                                                                                                "Sort Space Used": 25,
                                                                                                                                                                                "Sort Space Type": "Memory",
                                                                                                                                                                                "Workers": [
                                                                                                                                                                                    {
                                                                                                                                                                                        "Worker Number": 0,
                                                                                                                                                                                        "Actual Startup Time": 0.081,
                                                                                                                                                                                        "Actual Total Time": 3.579,
                                                                                                                                                                                        "Actual Rows": 64070,
                                                                                                                                                                                        "Actual Loops": 1
                                                                                                                                                                                    },
                                                                                                                                                                                    {
                                                                                                                                                                                        "Worker Number": 1,
                                                                                                                                                                                        "Actual Startup Time": 0.087,
                                                                                                                                                                                        "Actual Total Time": 3.573,
                                                                                                                                                                                        "Actual Rows": 64081,
                                                                                                                                                                                        "Actual Loops": 1
                                                                                                                                                                                    },
                                                                                                                                                                                    {
                                                                                                                                                                                        "Worker Number": 2,
                                                                                                                                                                                        "Actual Startup Time": 0.099,
                                                                                                                                                                                        "Actual Total Time": 3.49,
                                                                                                                                                                                        "Actual Rows": 62394,
                                                                                                                                                                                        "Actual Loops": 1
                                                                                                                                                                                    }
                                                                                                                                                                                ],
                                                                                                                                                                                "Plans": [
                                                                                                                                                                                    {
                                                                                                                                                                                        "Node Type": "Seq Scan",
                                                                                                                                                                                        "Parent Relationship": "Outer",
                                                                                                                                                                                        "Parallel Aware": false,
                                                                                                                                                                                        "Relation Name": "company_type",
                                                                                                                                                                                        "Schema": "public",
                                                                                                                                                                                        "Alias": "ct",
                                                                                                                                                                                        "Startup Cost": 0.0,
                                                                                                                                                                                        "Total Cost": 1.04,
                                                                                                                                                                                        "Plan Rows": 4,
                                                                                                                                                                                        "Plan Width": 4,
                                                                                                                                                                                        "Actual Startup Time": 0.06,
                                                                                                                                                                                        "Actual Total Time": 0.061,
                                                                                                                                                                                        "Actual Rows": 4,
                                                                                                                                                                                        "Actual Loops": 4,
                                                                                                                                                                                        "Output": [
                                                                                                                                                                                            "ct.id"
                                                                                                                                                                                        ],
                                                                                                                                                                                        "Workers": [
                                                                                                                                                                                            {
                                                                                                                                                                                                "Worker Number": 0,
                                                                                                                                                                                                "Actual Startup Time": 0.069,
                                                                                                                                                                                                "Actual Total Time": 0.07,
                                                                                                                                                                                                "Actual Rows": 4,
                                                                                                                                                                                                "Actual Loops": 1
                                                                                                                                                                                            },
                                                                                                                                                                                            {
                                                                                                                                                                                                "Worker Number": 1,
                                                                                                                                                                                                "Actual Startup Time": 0.075,
                                                                                                                                                                                                "Actual Total Time": 0.076,
                                                                                                                                                                                                "Actual Rows": 4,
                                                                                                                                                                                                "Actual Loops": 1
                                                                                                                                                                                            },
                                                                                                                                                                                            {
                                                                                                                                                                                                "Worker Number": 2,
                                                                                                                                                                                                "Actual Startup Time": 0.085,
                                                                                                                                                                                                "Actual Total Time": 0.087,
                                                                                                                                                                                                "Actual Rows": 4,
                                                                                                                                                                                                "Actual Loops": 1
                                                                                                                                                                                            }
                                                                                                                                                                                        ]
                                                                                                                                                                                    }
                                                                                                                                                                                ]
                                                                                                                                                                            }
                                                                                                                                                                        ]
                                                                                                                                                                    }
                                                                                                                                                                ]
                                                                                                                                                            }
                                                                                                                                                        ]
                                                                                                                                                    },
                                                                                                                                                    {
                                                                                                                                                        "Node Type": "Hash",
                                                                                                                                                        "Parent Relationship": "Inner",
                                                                                                                                                        "Parallel Aware": true,
                                                                                                                                                        "Startup Cost": 15122.68,
                                                                                                                                                        "Total Cost": 15122.68,
                                                                                                                                                        "Plan Rows": 557986,
                                                                                                                                                        "Plan Width": 13,
                                                                                                                                                        "Actual Startup Time": 206.054,
                                                                                                                                                        "Actual Total Time": 206.055,
                                                                                                                                                        "Actual Rows": 334408,
                                                                                                                                                        "Actual Loops": 4,
                                                                                                                                                        "Output": [
                                                                                                                                                            "mi_idx.info",
                                                                                                                                                            "mi_idx.movie_id",
                                                                                                                                                            "mi_idx.info_type_id"
                                                                                                                                                        ],
                                                                                                                                                        "Hash Buckets": 2097152,
                                                                                                                                                        "Original Hash Buckets": 2097152,
                                                                                                                                                        "Hash Batches": 1,
                                                                                                                                                        "Original Hash Batches": 1,
                                                                                                                                                        "Peak Memory Usage": 82848,
                                                                                                                                                        "Workers": [
                                                                                                                                                            {
                                                                                                                                                                "Worker Number": 0,
                                                                                                                                                                "Actual Startup Time": 210.47,
                                                                                                                                                                "Actual Total Time": 210.471,
                                                                                                                                                                "Actual Rows": 294956,
                                                                                                                                                                "Actual Loops": 1
                                                                                                                                                            },
                                                                                                                                                            {
                                                                                                                                                                "Worker Number": 1,
                                                                                                                                                                "Actual Startup Time": 192.799,
                                                                                                                                                                "Actual Total Time": 192.8,
                                                                                                                                                                "Actual Rows": 302611,
                                                                                                                                                                "Actual Loops": 1
                                                                                                                                                            },
                                                                                                                                                            {
                                                                                                                                                                "Worker Number": 2,
                                                                                                                                                                "Actual Startup Time": 210.466,
                                                                                                                                                                "Actual Total Time": 210.467,
                                                                                                                                                                "Actual Rows": 277521,
                                                                                                                                                                "Actual Loops": 1
                                                                                                                                                            }
                                                                                                                                                        ],
                                                                                                                                                        "Plans": [
                                                                                                                                                            {
                                                                                                                                                                "Node Type": "Seq Scan",
                                                                                                                                                                "Parent Relationship": "Outer",
                                                                                                                                                                "Parallel Aware": true,
                                                                                                                                                                "Relation Name": "movie_info_idx",
                                                                                                                                                                "Schema": "public",
                                                                                                                                                                "Alias": "mi_idx",
                                                                                                                                                                "Startup Cost": 0.0,
                                                                                                                                                                "Total Cost": 15122.68,
                                                                                                                                                                "Plan Rows": 557986,
                                                                                                                                                                "Plan Width": 13,
                                                                                                                                                                "Actual Startup Time": 0.045,
                                                                                                                                                                "Actual Total Time": 73.431,
                                                                                                                                                                "Actual Rows": 334408,
                                                                                                                                                                "Actual Loops": 4,
                                                                                                                                                                "Output": [
                                                                                                                                                                    "mi_idx.info",
                                                                                                                                                                    "mi_idx.movie_id",
                                                                                                                                                                    "mi_idx.info_type_id"
                                                                                                                                                                ],
                                                                                                                                                                "Filter": "(mi_idx.info < '8.5'::text)",
                                                                                                                                                                "Rows Removed by Filter": 10600,
                                                                                                                                                                "Workers": [
                                                                                                                                                                    {
                                                                                                                                                                        "Worker Number": 0,
                                                                                                                                                                        "Actual Startup Time": 0.05,
                                                                                                                                                                        "Actual Total Time": 75.756,
                                                                                                                                                                        "Actual Rows": 294956,
                                                                                                                                                                        "Actual Loops": 1
                                                                                                                                                                    },
                                                                                                                                                                    {
                                                                                                                                                                        "Worker Number": 1,
                                                                                                                                                                        "Actual Startup Time": 0.051,
                                                                                                                                                                        "Actual Total Time": 76.741,
                                                                                                                                                                        "Actual Rows": 302611,
                                                                                                                                                                        "Actual Loops": 1
                                                                                                                                                                    },
                                                                                                                                                                    {
                                                                                                                                                                        "Worker Number": 2,
                                                                                                                                                                        "Actual Startup Time": 0.06,
                                                                                                                                                                        "Actual Total Time": 74.321,
                                                                                                                                                                        "Actual Rows": 277521,
                                                                                                                                                                        "Actual Loops": 1
                                                                                                                                                                    }
                                                                                                                                                                ]
                                                                                                                                                            }
                                                                                                                                                        ]
                                                                                                                                                    }
                                                                                                                                                ]
                                                                                                                                            },
                                                                                                                                            {
                                                                                                                                                "Node Type": "Hash",
                                                                                                                                                "Parent Relationship": "Inner",
                                                                                                                                                "Parallel Aware": true,
                                                                                                                                                "Startup Cost": 228390.93,
                                                                                                                                                "Total Cost": 228390.93,
                                                                                                                                                "Plan Rows": 136813,
                                                                                                                                                "Plan Width": 8,
                                                                                                                                                "Actual Startup Time": 1238.731,
                                                                                                                                                "Actual Total Time": 1238.732,
                                                                                                                                                "Actual Rows": 174632,
                                                                                                                                                "Actual Loops": 4,
                                                                                                                                                "Output": [
                                                                                                                                                    "mi.movie_id",
                                                                                                                                                    "mi.info_type_id"
                                                                                                                                                ],
                                                                                                                                                "Hash Buckets": 1048576,
                                                                                                                                                "Original Hash Buckets": 1048576,
                                                                                                                                                "Hash Batches": 1,
                                                                                                                                                "Original Hash Batches": 1,
                                                                                                                                                "Peak Memory Usage": 35552,
                                                                                                                                                "Workers": [
                                                                                                                                                    {
                                                                                                                                                        "Worker Number": 0,
                                                                                                                                                        "Actual Startup Time": 1238.441,
                                                                                                                                                        "Actual Total Time": 1238.442,
                                                                                                                                                        "Actual Rows": 156053,
                                                                                                                                                        "Actual Loops": 1
                                                                                                                                                    },
                                                                                                                                                    {
                                                                                                                                                        "Worker Number": 1,
                                                                                                                                                        "Actual Startup Time": 1238.628,
                                                                                                                                                        "Actual Total Time": 1238.628,
                                                                                                                                                        "Actual Rows": 156821,
                                                                                                                                                        "Actual Loops": 1
                                                                                                                                                    },
                                                                                                                                                    {
                                                                                                                                                        "Worker Number": 2,
                                                                                                                                                        "Actual Startup Time": 1238.386,
                                                                                                                                                        "Actual Total Time": 1238.387,
                                                                                                                                                        "Actual Rows": 146841,
                                                                                                                                                        "Actual Loops": 1
                                                                                                                                                    }
                                                                                                                                                ],
                                                                                                                                                "Plans": [
                                                                                                                                                    {
                                                                                                                                                        "Node Type": "Seq Scan",
                                                                                                                                                        "Parent Relationship": "Outer",
                                                                                                                                                        "Parallel Aware": true,
                                                                                                                                                        "Relation Name": "movie_info",
                                                                                                                                                        "Schema": "public",
                                                                                                                                                        "Alias": "mi",
                                                                                                                                                        "Startup Cost": 0.0,
                                                                                                                                                        "Total Cost": 228390.93,
                                                                                                                                                        "Plan Rows": 136813,
                                                                                                                                                        "Plan Width": 8,
                                                                                                                                                        "Actual Startup Time": 0.776,
                                                                                                                                                        "Actual Total Time": 1167.069,
                                                                                                                                                        "Actual Rows": 174632,
                                                                                                                                                        "Actual Loops": 4,
                                                                                                                                                        "Output": [
                                                                                                                                                            "mi.movie_id",
                                                                                                                                                            "mi.info_type_id"
                                                                                                                                                        ],
                                                                                                                                                        "Filter": "(mi.info = ANY ('{Norwegian,America,USA,Danish,Germany,Norway,German,Denish,Denmark,American}'::text[]))",
                                                                                                                                                        "Rows Removed by Filter": 3534298,
                                                                                                                                                        "Workers": [
                                                                                                                                                            {
                                                                                                                                                                "Worker Number": 0,
                                                                                                                                                                "Actual Startup Time": 0.547,
                                                                                                                                                                "Actual Total Time": 1169.468,
                                                                                                                                                                "Actual Rows": 156053,
                                                                                                                                                                "Actual Loops": 1
                                                                                                                                                            },
                                                                                                                                                            {
                                                                                                                                                                "Worker Number": 1,
                                                                                                                                                                "Actual Startup Time": 0.652,
                                                                                                                                                                "Actual Total Time": 1168.881,
                                                                                                                                                                "Actual Rows": 156821,
                                                                                                                                                                "Actual Loops": 1
                                                                                                                                                            },
                                                                                                                                                            {
                                                                                                                                                                "Worker Number": 2,
                                                                                                                                                                "Actual Startup Time": 0.422,
                                                                                                                                                                "Actual Total Time": 1164.653,
                                                                                                                                                                "Actual Rows": 146841,
                                                                                                                                                                "Actual Loops": 1
                                                                                                                                                            }
                                                                                                                                                        ]
                                                                                                                                                    }
                                                                                                                                                ]
                                                                                                                                            }
                                                                                                                                        ]
                                                                                                                                    }
                                                                                                                                ]
                                                                                                                            }
                                                                                                                        ]
                                                                                                                    }
                                                                                                                ]
                                                                                                            },
                                                                                                            {
                                                                                                                "Node Type": "Hash",
                                                                                                                "Parent Relationship": "Inner",
                                                                                                                "Parallel Aware": false,
                                                                                                                "Startup Cost": 2.41,
                                                                                                                "Total Cost": 2.41,
                                                                                                                "Plan Rows": 1,
                                                                                                                "Plan Width": 4,
                                                                                                                "Actual Startup Time": 0.02,
                                                                                                                "Actual Total Time": 0.021,
                                                                                                                "Actual Rows": 1,
                                                                                                                "Actual Loops": 1,
                                                                                                                "Output": [
                                                                                                                    "it2.id"
                                                                                                                ],
                                                                                                                "Hash Buckets": 1024,
                                                                                                                "Original Hash Buckets": 1024,
                                                                                                                "Hash Batches": 1,
                                                                                                                "Original Hash Batches": 1,
                                                                                                                "Peak Memory Usage": 9,
                                                                                                                "Plans": [
                                                                                                                    {
                                                                                                                        "Node Type": "Seq Scan",
                                                                                                                        "Parent Relationship": "Outer",
                                                                                                                        "Parallel Aware": false,
                                                                                                                        "Relation Name": "info_type",
                                                                                                                        "Schema": "public",
                                                                                                                        "Alias": "it2",
                                                                                                                        "Startup Cost": 0.0,
                                                                                                                        "Total Cost": 2.41,
                                                                                                                        "Plan Rows": 1,
                                                                                                                        "Plan Width": 4,
                                                                                                                        "Actual Startup Time": 0.014,
                                                                                                                        "Actual Total Time": 0.016,
                                                                                                                        "Actual Rows": 1,
                                                                                                                        "Actual Loops": 1,
                                                                                                                        "Output": [
                                                                                                                            "it2.id"
                                                                                                                        ],
                                                                                                                        "Filter": "((it2.info)::text = 'rating'::text)",
                                                                                                                        "Rows Removed by Filter": 112
                                                                                                                    }
                                                                                                                ]
                                                                                                            }
                                                                                                        ]
                                                                                                    }
                                                                                                ]
                                                                                            }
                                                                                        ]
                                                                                    }
                                                                                ]
                                                                            },
                                                                            {
                                                                                "Node Type": "Index Scan",
                                                                                "Parent Relationship": "Inner",
                                                                                "Parallel Aware": false,
                                                                                "Scan Direction": "Forward",
                                                                                "Index Name": "comp_cast_type_pkey",
                                                                                "Relation Name": "comp_cast_type",
                                                                                "Schema": "public",
                                                                                "Alias": "cct1",
                                                                                "Startup Cost": 10000000000.13,
                                                                                "Total Cost": 10000000012.2,
                                                                                "Plan Rows": 1,
                                                                                "Plan Width": 4,
                                                                                "Actual Startup Time": 0.026,
                                                                                "Actual Total Time": 0.027,
                                                                                "Actual Rows": 1,
                                                                                "Actual Loops": 1,
                                                                                "Output": [
                                                                                    "cct1.id",
                                                                                    "cct1.kind"
                                                                                ],
                                                                                "Filter": "((cct1.kind)::text = 'crew'::text)",
                                                                                "Rows Removed by Filter": 1
                                                                            }
                                                                        ]
                                                                    }
                                                                ]
                                                            }
                                                        ]
                                                    }
                                                ]
                                            }
                                        ]
                                    },
                                    {
                                        "Node Type": "Hash",
                                        "Parent Relationship": "Inner",
                                        "Parallel Aware": false,
                                        "Startup Cost": 12.2,
                                        "Total Cost": 12.2,
                                        "Plan Rows": 3,
                                        "Plan Width": 4,
                                        "Actual Startup Time": 0.02,
                                        "Actual Total Time": 0.021,
                                        "Actual Rows": 3,
                                        "Actual Loops": 1,
                                        "Output": [
                                            "cct2.id"
                                        ],
                                        "Hash Buckets": 1024,
                                        "Original Hash Buckets": 1024,
                                        "Hash Batches": 1,
                                        "Original Hash Batches": 1,
                                        "Peak Memory Usage": 9,
                                        "Plans": [
                                            {
                                                "Node Type": "Index Scan",
                                                "Parent Relationship": "Outer",
                                                "Parallel Aware": false,
                                                "Scan Direction": "Forward",
                                                "Index Name": "comp_cast_type_pkey",
                                                "Relation Name": "comp_cast_type",
                                                "Schema": "public",
                                                "Alias": "cct2",
                                                "Startup Cost": 0.13,
                                                "Total Cost": 12.2,
                                                "Plan Rows": 3,
                                                "Plan Width": 4,
                                                "Actual Startup Time": 0.015,
                                                "Actual Total Time": 0.018,
                                                "Actual Rows": 3,
                                                "Actual Loops": 1,
                                                "Output": [
                                                    "cct2.id"
                                                ],
                                                "Filter": "((cct2.kind)::text <> 'complete+verified'::text)",
                                                "Rows Removed by Filter": 1
                                            }
                                        ]
                                    }
                                ]
                            },
                            {
                                "Node Type": "Hash",
                                "Parent Relationship": "Inner",
                                "Parallel Aware": false,
                                "Startup Cost": 2961.55,
                                "Total Cost": 2961.55,
                                "Plan Rows": 4,
                                "Plan Width": 4,
                                "Actual Startup Time": 21.683,
                                "Actual Total Time": 21.683,
                                "Actual Rows": 3,
                                "Actual Loops": 1,
                                "Output": [
                                    "k.id"
                                ],
                                "Hash Buckets": 1024,
                                "Original Hash Buckets": 1024,
                                "Hash Batches": 1,
                                "Original Hash Batches": 1,
                                "Peak Memory Usage": 9,
                                "Plans": [
                                    {
                                        "Node Type": "Seq Scan",
                                        "Parent Relationship": "Outer",
                                        "Parallel Aware": false,
                                        "Relation Name": "keyword",
                                        "Schema": "public",
                                        "Alias": "k",
                                        "Startup Cost": 0.0,
                                        "Total Cost": 2961.55,
                                        "Plan Rows": 4,
                                        "Plan Width": 4,
                                        "Actual Startup Time": 1.041,
                                        "Actual Total Time": 21.678,
                                        "Actual Rows": 3,
                                        "Actual Loops": 1,
                                        "Output": [
                                            "k.id"
                                        ],
                                        "Filter": "(k.keyword = ANY ('{murder,murder-in-title,blood,violence}'::text[]))",
                                        "Rows Removed by Filter": 134167
                                    }
                                ]
                            }
                        ]
                    },
                    {
                        "Node Type": "Bitmap Heap Scan",
                        "Parent Relationship": "Inner",
                        "Parallel Aware": false,
                        "Relation Name": "company_name",
                        "Schema": "public",
                        "Alias": "cn",
                        "Startup Cost": 0.45,
                        "Total Cost": 4.47,
                        "Plan Rows": 1,
                        "Plan Width": 23,
                        "Actual Startup Time": 0.003,
                        "Actual Total Time": 0.003,
                        "Actual Rows": 1,
                        "Actual Loops": 5978,
                        "Output": [
                            "cn.id",
                            "cn.name",
                            "cn.country_code",
                            "cn.imdb_id",
                            "cn.name_pcode_nf",
                            "cn.name_pcode_sf",
                            "cn.md5sum"
                        ],
                        "Recheck Cond": "(cn.id = mc.company_id)",
                        "Rows Removed by Index Recheck": 0,
                        "Filter": "((cn.country_code)::text <> '[us]'::text)",
                        "Rows Removed by Filter": 0,
                        "Exact Heap Blocks": 5978,
                        "Lossy Heap Blocks": 0,
                        "Plans": [
                            {
                                "Node Type": "Bitmap Index Scan",
                                "Parent Relationship": "Outer",
                                "Parallel Aware": false,
                                "Index Name": "company_name_pkey",
                                "Startup Cost": 0.0,
                                "Total Cost": 0.45,
                                "Plan Rows": 1,
                                "Plan Width": 0,
                                "Actual Startup Time": 0.002,
                                "Actual Total Time": 0.002,
                                "Actual Rows": 1,
                                "Actual Loops": 5978,
                                "Index Cond": "(cn.id = mc.company_id)"
                            }
                        ]
                    }
                ]
            }
        ]
    },
    "Planning Time": 100.973,
    "Triggers": [],
    "Execution Time": 33156.715
}