{
  "Plan": {
    "Node Type": "Aggregate",
    "Strategy": "Plain",
    "Partial Mode": "Finalize",
    "Parallel Aware": false,
    "Startup Cost": 155800.11,
    "Total Cost": 155800.12,
    "Plan Rows": 1,
    "Plan Width": 8,
    "Actual Startup Time": 640.067,
    "Actual Total Time": 662.271,
    "Actual Rows": 1,
    "Actual Loops": 1,
    "Plans": [
      {
        "Node Type": "Gather",
        "Parent Relationship": "Outer",
        "Parallel Aware": false,
        "Startup Cost": 155799.99,
        "Total Cost": 155800.1,
        "Plan Rows": 1,
        "Plan Width": 8,
        "Actual Startup Time": 637.825,
        "Actual Total Time": 662.262,
        "Actual Rows": 2,
        "Actual Loops": 1,
        "Workers Planned": 1,
        "Workers Launched": 1,
        "Single Copy": false,
        "Plans": [
          {
            "Node Type": "Aggregate",
            "Strategy": "Plain",
            "Partial Mode": "Partial",
            "Parent Relationship": "Outer",
            "Parallel Aware": false,
            "Startup Cost": 154799.99,
            "Total Cost": 154800.0,
            "Plan Rows": 1,
            "Plan Width": 8,
            "Actual Startup Time": 631.199,
            "Actual Total Time": 631.815,
            "Actual Rows": 1,
            "Actual Loops": 2,
            "Plans": [
              {
                "Node Type": "Hash Join",
                "Parent Relationship": "Outer",
                "Parallel Aware": true,
                "Join Type": "Inner",
                "Startup Cost": 130570.89,
                "Total Cost": 154767.31,
                "Plan Rows": 13075,
                "Plan Width": 0,
                "Actual Startup Time": 523.332,
                "Actual Total Time": 626.738,
                "Actual Rows": 122043,
                "Actual Loops": 2,
                "Inner Unique": false,
                "Hash Cond": "(mc.movie_id = t.id)",
                "Plans": [
                  {
                    "Node Type": "Bitmap Heap Scan",
                    "Parent Relationship": "Outer",
                    "Parallel Aware": true,
                    "Relation Name": "movie_companies",
                    "Alias": "mc",
                    "Startup Cost": 11584.29,
                    "Total Cost": 35119.79,
                    "Plan Rows": 155736,
                    "Plan Width": 4,
                    "Actual Startup Time": 24.791,
                    "Actual Total Time": 90.968,
                    "Actual Rows": 196199,
                    "Actual Loops": 2,
                    "Recheck Cond": "(company_id < 521)",
                    "Rows Removed by Index Recheck": 0,
                    "Filter": "(company_type_id < 2)",
                    "Rows Removed by Filter": 70507,
                    "Exact Heap Blocks": 10002,
                    "Lossy Heap Blocks": 0,
                    "Plans": [
                      {
                        "Node Type": "Bitmap Index Scan",
                        "Parent Relationship": "Outer",
                        "Parallel Aware": false,
                        "Index Name": "company_id_movie_companies",
                        "Startup Cost": 0.0,
                        "Total Cost": 11518.1,
                        "Plan Rows": 537823,
                        "Plan Width": 0,
                        "Actual Startup Time": 22.073,
                        "Actual Total Time": 22.073,
                        "Actual Rows": 533412,
                        "Actual Loops": 1,
                        "Index Cond": "(company_id < 521)"
                      }
                    ]
                  },
                  {
                    "Node Type": "Hash",
                    "Parent Relationship": "Inner",
                    "Parallel Aware": true,
                    "Startup Cost": 117425.79,
                    "Total Cost": 117425.79,
                    "Plan Rows": 124865,
                    "Plan Width": 8,
                    "Actual Startup Time": 494.905,
                    "Actual Total Time": 495.519,
                    "Actual Rows": 151232,
                    "Actual Loops": 2,
                    "Hash Buckets": 524288,
                    "Original Hash Buckets": 262144,
                    "Hash Batches": 1,
                    "Original Hash Batches": 1,
                    "Peak Memory Usage": 18016,
                    "Plans": [
                      {
                        "Node Type": "Hash Join",
                        "Parent Relationship": "Outer",
                        "Parallel Aware": true,
                        "Join Type": "Inner",
                        "Startup Cost": 57824.89,
                        "Total Cost": 117425.79,
                        "Plan Rows": 124865,
                        "Plan Width": 8,
                        "Actual Startup Time": 201.665,
                        "Actual Total Time": 459.267,
                        "Actual Rows": 151232,
                        "Actual Loops": 2,
                        "Inner Unique": true,
                        "Hash Cond": "(mk.movie_id = t.id)",
                        "Plans": [
                          {
                            "Node Type": "Seq Scan",
                            "Parent Relationship": "Outer",
                            "Parallel Aware": true,
                            "Relation Name": "movie_keyword",
                            "Alias": "mk",
                            "Startup Cost": 0.0,
                            "Total Cost": 57718.19,
                            "Plan Rows": 717221,
                            "Plan Width": 4,
                            "Actual Startup Time": 0.015,
                            "Actual Total Time": 167.869,
                            "Actual Rows": 614438,
                            "Actual Loops": 2,
                            "Filter": "(keyword_id < 1559)",
                            "Rows Removed by Filter": 1647527
                          },
                          {
                            "Node Type": "Hash",
                            "Parent Relationship": "Inner",
                            "Parallel Aware": true,
                            "Startup Cost": 54588.39,
                            "Total Cost": 54588.39,
                            "Plan Rows": 258920,
                            "Plan Width": 4,
                            "Actual Startup Time": 197.56,
                            "Actual Total Time": 197.562,
                            "Actual Rows": 225784,
                            "Actual Loops": 2,
                            "Hash Buckets": 524288,
                            "Original Hash Buckets": 524288,
                            "Hash Batches": 1,
                            "Original Hash Batches": 1,
                            "Peak Memory Usage": 21792,
                            "Plans": [
                              {
                                "Node Type": "Seq Scan",
                                "Parent Relationship": "Outer",
                                "Parallel Aware": true,
                                "Relation Name": "title",
                                "Alias": "t",
                                "Startup Cost": 0.0,
                                "Total Cost": 54588.39,
                                "Plan Rows": 258920,
                                "Plan Width": 4,
                                "Actual Startup Time": 0.031,
                                "Actual Total Time": 144.939,
                                "Actual Rows": 225784,
                                "Actual Loops": 2,
                                "Filter": "(production_year < 1976)",
                                "Rows Removed by Filter": 1038372
                              }
                            ]
                          }
                        ]
                      }
                    ]
                  }
                ]
              }
            ]
          }
        ]
      }
    ]
  },
  "Planning Time": 1.005,
  "Triggers": [],
  "Execution Time": 662.369
}