{
    "Plan": {
        "Node Type": "Aggregate",
        "Strategy": "Plain",
        "Partial Mode": "Finalize",
        "Parallel Aware": false,
        "Startup Cost": 443353.51,
        "Total Cost": 443353.52,
        "Plan Rows": 1,
        "Plan Width": 8,
        "Actual Startup Time": 2250.599,
        "Actual Total Time": 2291.936,
        "Actual Rows": 1,
        "Actual Loops": 1,
        "Output": [
            "count(*)"
        ],
        "Plans": [
            {
                "Node Type": "Gather",
                "Parent Relationship": "Outer",
                "Parallel Aware": false,
                "Startup Cost": 443352.89,
                "Total Cost": 443353.5,
                "Plan Rows": 6,
                "Plan Width": 8,
                "Actual Startup Time": 2220.203,
                "Actual Total Time": 2291.923,
                "Actual Rows": 7,
                "Actual Loops": 1,
                "Output": [
                    "(PARTIAL count(*))"
                ],
                "Workers Planned": 6,
                "Workers Launched": 6,
                "Single Copy": false,
                "Plans": [
                    {
                        "Node Type": "Aggregate",
                        "Strategy": "Plain",
                        "Partial Mode": "Partial",
                        "Parent Relationship": "Outer",
                        "Parallel Aware": false,
                        "Startup Cost": 442352.89,
                        "Total Cost": 442352.9,
                        "Plan Rows": 1,
                        "Plan Width": 8,
                        "Actual Startup Time": 2192.081,
                        "Actual Total Time": 2192.087,
                        "Actual Rows": 1,
                        "Actual Loops": 7,
                        "Output": [
                            "PARTIAL count(*)"
                        ],
                        "Workers": [
                            {
                                "Worker Number": 0,
                                "Actual Startup Time": 2187.445,
                                "Actual Total Time": 2187.45,
                                "Actual Rows": 1,
                                "Actual Loops": 1
                            },
                            {
                                "Worker Number": 1,
                                "Actual Startup Time": 2187.372,
                                "Actual Total Time": 2187.378,
                                "Actual Rows": 1,
                                "Actual Loops": 1
                            },
                            {
                                "Worker Number": 2,
                                "Actual Startup Time": 2187.594,
                                "Actual Total Time": 2187.599,
                                "Actual Rows": 1,
                                "Actual Loops": 1
                            },
                            {
                                "Worker Number": 3,
                                "Actual Startup Time": 2187.568,
                                "Actual Total Time": 2187.574,
                                "Actual Rows": 1,
                                "Actual Loops": 1
                            },
                            {
                                "Worker Number": 4,
                                "Actual Startup Time": 2187.813,
                                "Actual Total Time": 2187.817,
                                "Actual Rows": 1,
                                "Actual Loops": 1
                            },
                            {
                                "Worker Number": 5,
                                "Actual Startup Time": 2187.59,
                                "Actual Total Time": 2187.595,
                                "Actual Rows": 1,
                                "Actual Loops": 1
                            }
                        ],
                        "Plans": [
                            {
                                "Node Type": "Hash Join",
                                "Parent Relationship": "Outer",
                                "Parallel Aware": true,
                                "Join Type": "Inner",
                                "Startup Cost": 104719.01,
                                "Total Cost": 438445.61,
                                "Plan Rows": 1562912,
                                "Plan Width": 0,
                                "Actual Startup Time": 537.158,
                                "Actual Total Time": 1934.485,
                                "Actual Rows": 5700318,
                                "Actual Loops": 7,
                                "Inner Unique": false,
                                "Hash Cond": "(ci.movie_id = t.id)",
                                "Workers": [
                                    {
                                        "Worker Number": 0,
                                        "Actual Startup Time": 532.878,
                                        "Actual Total Time": 1917.143,
                                        "Actual Rows": 4354676,
                                        "Actual Loops": 1
                                    },
                                    {
                                        "Worker Number": 1,
                                        "Actual Startup Time": 532.812,
                                        "Actual Total Time": 1937.906,
                                        "Actual Rows": 5820618,
                                        "Actual Loops": 1
                                    },
                                    {
                                        "Worker Number": 2,
                                        "Actual Startup Time": 533.172,
                                        "Actual Total Time": 1935.504,
                                        "Actual Rows": 5872988,
                                        "Actual Loops": 1
                                    },
                                    {
                                        "Worker Number": 3,
                                        "Actual Startup Time": 533.272,
                                        "Actual Total Time": 1936.122,
                                        "Actual Rows": 5812775,
                                        "Actual Loops": 1
                                    },
                                    {
                                        "Worker Number": 4,
                                        "Actual Startup Time": 532.999,
                                        "Actual Total Time": 1933.972,
                                        "Actual Rows": 5924064,
                                        "Actual Loops": 1
                                    },
                                    {
                                        "Worker Number": 5,
                                        "Actual Startup Time": 532.816,
                                        "Actual Total Time": 1935.242,
                                        "Actual Rows": 5868205,
                                        "Actual Loops": 1
                                    }
                                ],
                                "Plans": [
                                    {
                                        "Node Type": "Index Scan",
                                        "Parent Relationship": "Outer",
                                        "Parallel Aware": true,
                                        "Scan Direction": "Forward",
                                        "Index Name": "role_id_cast_info",
                                        "Relation Name": "cast_info",
                                        "Schema": "public",
                                        "Alias": "ci",
                                        "Startup Cost": 0.56,
                                        "Total Cost": 322560.04,
                                        "Plan Rows": 1633460,
                                        "Plan Width": 4,
                                        "Actual Startup Time": 0.236,
                                        "Actual Total Time": 428.554,
                                        "Actual Rows": 1531970,
                                        "Actual Loops": 7,
                                        "Output": [
                                            "ci.id",
                                            "ci.person_id",
                                            "ci.movie_id",
                                            "ci.person_role_id",
                                            "ci.note",
                                            "ci.nr_order",
                                            "ci.role_id"
                                        ],
                                        "Index Cond": "(ci.role_id > 3)",
                                        "Rows Removed by Index Recheck": 0,
                                        "Filter": "(ci.person_id > 663746)",
                                        "Rows Removed by Filter": 198551,
                                        "Workers": [
                                            {
                                                "Worker Number": 0,
                                                "Actual Startup Time": 0.283,
                                                "Actual Total Time": 451.633,
                                                "Actual Rows": 1196780,
                                                "Actual Loops": 1
                                            },
                                            {
                                                "Worker Number": 1,
                                                "Actual Startup Time": 0.174,
                                                "Actual Total Time": 436.877,
                                                "Actual Rows": 1568125,
                                                "Actual Loops": 1
                                            },
                                            {
                                                "Worker Number": 2,
                                                "Actual Startup Time": 0.406,
                                                "Actual Total Time": 433.334,
                                                "Actual Rows": 1565867,
                                                "Actual Loops": 1
                                            },
                                            {
                                                "Worker Number": 3,
                                                "Actual Startup Time": 0.356,
                                                "Actual Total Time": 436.284,
                                                "Actual Rows": 1559017,
                                                "Actual Loops": 1
                                            },
                                            {
                                                "Worker Number": 4,
                                                "Actual Startup Time": 0.136,
                                                "Actual Total Time": 432.995,
                                                "Actual Rows": 1580534,
                                                "Actual Loops": 1
                                            },
                                            {
                                                "Worker Number": 5,
                                                "Actual Startup Time": 0.11,
                                                "Actual Total Time": 434.177,
                                                "Actual Rows": 1572689,
                                                "Actual Loops": 1
                                            }
                                        ]
                                    },
                                    {
                                        "Node Type": "Hash",
                                        "Parent Relationship": "Inner",
                                        "Parallel Aware": true,
                                        "Startup Cost": 94963.91,
                                        "Total Cost": 94963.91,
                                        "Plan Rows": 780363,
                                        "Plan Width": 8,
                                        "Actual Startup Time": 530.246,
                                        "Actual Total Time": 530.25,
                                        "Actual Rows": 346591,
                                        "Actual Loops": 7,
                                        "Output": [
                                            "t.id",
                                            "mk.movie_id"
                                        ],
                                        "Hash Buckets": 4194304,
                                        "Original Hash Buckets": 4194304,
                                        "Hash Batches": 1,
                                        "Original Hash Batches": 1,
                                        "Peak Memory Usage": 127776,
                                        "Workers": [
                                            {
                                                "Worker Number": 0,
                                                "Actual Startup Time": 532.132,
                                                "Actual Total Time": 532.135,
                                                "Actual Rows": 255100,
                                                "Actual Loops": 1
                                            },
                                            {
                                                "Worker Number": 1,
                                                "Actual Startup Time": 532.241,
                                                "Actual Total Time": 532.244,
                                                "Actual Rows": 353675,
                                                "Actual Loops": 1
                                            },
                                            {
                                                "Worker Number": 2,
                                                "Actual Startup Time": 532.235,
                                                "Actual Total Time": 532.239,
                                                "Actual Rows": 352963,
                                                "Actual Loops": 1
                                            },
                                            {
                                                "Worker Number": 3,
                                                "Actual Startup Time": 532.385,
                                                "Actual Total Time": 532.389,
                                                "Actual Rows": 356419,
                                                "Actual Loops": 1
                                            },
                                            {
                                                "Worker Number": 4,
                                                "Actual Startup Time": 532.322,
                                                "Actual Total Time": 532.325,
                                                "Actual Rows": 358299,
                                                "Actual Loops": 1
                                            },
                                            {
                                                "Worker Number": 5,
                                                "Actual Startup Time": 532.181,
                                                "Actual Total Time": 532.184,
                                                "Actual Rows": 353810,
                                                "Actual Loops": 1
                                            }
                                        ],
                                        "Plans": [
                                            {
                                                "Node Type": "Hash Join",
                                                "Parent Relationship": "Outer",
                                                "Parallel Aware": true,
                                                "Join Type": "Inner",
                                                "Startup Cost": 50219.81,
                                                "Total Cost": 94963.91,
                                                "Plan Rows": 780363,
                                                "Plan Width": 8,
                                                "Actual Startup Time": 250.927,
                                                "Actual Total Time": 418.236,
                                                "Actual Rows": 346591,
                                                "Actual Loops": 7,
                                                "Output": [
                                                    "t.id",
                                                    "mk.movie_id"
                                                ],
                                                "Inner Unique": true,
                                                "Hash Cond": "(mk.movie_id = t.id)",
                                                "Workers": [
                                                    {
                                                        "Worker Number": 0,
                                                        "Actual Startup Time": 250.975,
                                                        "Actual Total Time": 417.698,
                                                        "Actual Rows": 255100,
                                                        "Actual Loops": 1
                                                    },
                                                    {
                                                        "Worker Number": 1,
                                                        "Actual Startup Time": 250.868,
                                                        "Actual Total Time": 418.714,
                                                        "Actual Rows": 353675,
                                                        "Actual Loops": 1
                                                    },
                                                    {
                                                        "Worker Number": 2,
                                                        "Actual Startup Time": 250.89,
                                                        "Actual Total Time": 418.395,
                                                        "Actual Rows": 352963,
                                                        "Actual Loops": 1
                                                    },
                                                    {
                                                        "Worker Number": 3,
                                                        "Actual Startup Time": 250.88,
                                                        "Actual Total Time": 418.566,
                                                        "Actual Rows": 356419,
                                                        "Actual Loops": 1
                                                    },
                                                    {
                                                        "Worker Number": 4,
                                                        "Actual Startup Time": 250.902,
                                                        "Actual Total Time": 420.385,
                                                        "Actual Rows": 358299,
                                                        "Actual Loops": 1
                                                    },
                                                    {
                                                        "Worker Number": 5,
                                                        "Actual Startup Time": 250.955,
                                                        "Actual Total Time": 418.755,
                                                        "Actual Rows": 353810,
                                                        "Actual Loops": 1
                                                    }
                                                ],
                                                "Plans": [
                                                    {
                                                        "Node Type": "Seq Scan",
                                                        "Parent Relationship": "Outer",
                                                        "Parallel Aware": true,
                                                        "Relation Name": "movie_keyword",
                                                        "Schema": "public",
                                                        "Alias": "mk",
                                                        "Startup Cost": 0.0,
                                                        "Total Cost": 42695.65,
                                                        "Plan Rows": 780363,
                                                        "Plan Width": 4,
                                                        "Actual Startup Time": 0.023,
                                                        "Actual Total Time": 84.935,
                                                        "Actual Rows": 346591,
                                                        "Actual Loops": 7,
                                                        "Output": [
                                                            "mk.id",
                                                            "mk.movie_id",
                                                            "mk.keyword_id"
                                                        ],
                                                        "Filter": "(mk.keyword_id < 5743)",
                                                        "Rows Removed by Filter": 299684,
                                                        "Workers": [
                                                            {
                                                                "Worker Number": 0,
                                                                "Actual Startup Time": 0.026,
                                                                "Actual Total Time": 86.959,
                                                                "Actual Rows": 255100,
                                                                "Actual Loops": 1
                                                            },
                                                            {
                                                                "Worker Number": 1,
                                                                "Actual Startup Time": 0.025,
                                                                "Actual Total Time": 86.456,
                                                                "Actual Rows": 353675,
                                                                "Actual Loops": 1
                                                            },
                                                            {
                                                                "Worker Number": 2,
                                                                "Actual Startup Time": 0.024,
                                                                "Actual Total Time": 86.227,
                                                                "Actual Rows": 352963,
                                                                "Actual Loops": 1
                                                            },
                                                            {
                                                                "Worker Number": 3,
                                                                "Actual Startup Time": 0.016,
                                                                "Actual Total Time": 86.621,
                                                                "Actual Rows": 356419,
                                                                "Actual Loops": 1
                                                            },
                                                            {
                                                                "Worker Number": 4,
                                                                "Actual Startup Time": 0.029,
                                                                "Actual Total Time": 86.976,
                                                                "Actual Rows": 358299,
                                                                "Actual Loops": 1
                                                            },
                                                            {
                                                                "Worker Number": 5,
                                                                "Actual Startup Time": 0.026,
                                                                "Actual Total Time": 86.758,
                                                                "Actual Rows": 353810,
                                                                "Actual Loops": 1
                                                            }
                                                        ]
                                                    },
                                                    {
                                                        "Node Type": "Hash",
                                                        "Parent Relationship": "Inner",
                                                        "Parallel Aware": true,
                                                        "Startup Cost": 42318.81,
                                                        "Total Cost": 42318.81,
                                                        "Plan Rows": 632080,
                                                        "Plan Width": 4,
                                                        "Actual Startup Time": 247.179,
                                                        "Actual Total Time": 247.18,
                                                        "Actual Rows": 361187,
                                                        "Actual Loops": 7,
                                                        "Output": [
                                                            "t.id"
                                                        ],
                                                        "Hash Buckets": 4194304,
                                                        "Original Hash Buckets": 4194304,
                                                        "Hash Batches": 1,
                                                        "Original Hash Batches": 1,
                                                        "Peak Memory Usage": 131808,
                                                        "Workers": [
                                                            {
                                                                "Worker Number": 0,
                                                                "Actual Startup Time": 250.616,
                                                                "Actual Total Time": 250.617,
                                                                "Actual Rows": 271971,
                                                                "Actual Loops": 1
                                                            },
                                                            {
                                                                "Worker Number": 1,
                                                                "Actual Startup Time": 250.814,
                                                                "Actual Total Time": 250.815,
                                                                "Actual Rows": 360067,
                                                                "Actual Loops": 1
                                                            },
                                                            {
                                                                "Worker Number": 2,
                                                                "Actual Startup Time": 250.804,
                                                                "Actual Total Time": 250.805,
                                                                "Actual Rows": 355038,
                                                                "Actual Loops": 1
                                                            },
                                                            {
                                                                "Worker Number": 3,
                                                                "Actual Startup Time": 250.613,
                                                                "Actual Total Time": 250.614,
                                                                "Actual Rows": 354426,
                                                                "Actual Loops": 1
                                                            },
                                                            {
                                                                "Worker Number": 4,
                                                                "Actual Startup Time": 250.79,
                                                                "Actual Total Time": 250.791,
                                                                "Actual Rows": 360664,
                                                                "Actual Loops": 1
                                                            },
                                                            {
                                                                "Worker Number": 5,
                                                                "Actual Startup Time": 250.599,
                                                                "Actual Total Time": 250.601,
                                                                "Actual Rows": 357815,
                                                                "Actual Loops": 1
                                                            }
                                                        ],
                                                        "Plans": [
                                                            {
                                                                "Node Type": "Seq Scan",
                                                                "Parent Relationship": "Outer",
                                                                "Parallel Aware": true,
                                                                "Relation Name": "title",
                                                                "Schema": "public",
                                                                "Alias": "t",
                                                                "Startup Cost": 0.0,
                                                                "Total Cost": 42318.81,
                                                                "Plan Rows": 632080,
                                                                "Plan Width": 4,
                                                                "Actual Startup Time": 0.068,
                                                                "Actual Total Time": 72.715,
                                                                "Actual Rows": 361187,
                                                                "Actual Loops": 7,
                                                                "Output": [
                                                                    "t.id"
                                                                ],
                                                                "Workers": [
                                                                    {
                                                                        "Worker Number": 0,
                                                                        "Actual Startup Time": 0.073,
                                                                        "Actual Total Time": 75.248,
                                                                        "Actual Rows": 271971,
                                                                        "Actual Loops": 1
                                                                    },
                                                                    {
                                                                        "Worker Number": 1,
                                                                        "Actual Startup Time": 0.078,
                                                                        "Actual Total Time": 74.023,
                                                                        "Actual Rows": 360067,
                                                                        "Actual Loops": 1
                                                                    },
                                                                    {
                                                                        "Worker Number": 2,
                                                                        "Actual Startup Time": 0.07,
                                                                        "Actual Total Time": 74.278,
                                                                        "Actual Rows": 355038,
                                                                        "Actual Loops": 1
                                                                    },
                                                                    {
                                                                        "Worker Number": 3,
                                                                        "Actual Startup Time": 0.08,
                                                                        "Actual Total Time": 74.55,
                                                                        "Actual Rows": 354426,
                                                                        "Actual Loops": 1
                                                                    },
                                                                    {
                                                                        "Worker Number": 4,
                                                                        "Actual Startup Time": 0.08,
                                                                        "Actual Total Time": 74.585,
                                                                        "Actual Rows": 360664,
                                                                        "Actual Loops": 1
                                                                    },
                                                                    {
                                                                        "Worker Number": 5,
                                                                        "Actual Startup Time": 0.072,
                                                                        "Actual Total Time": 74.687,
                                                                        "Actual Rows": 357815,
                                                                        "Actual Loops": 1
                                                                    }
                                                                ]
                                                            }
                                                        ]
                                                    }
                                                ]
                                            }
                                        ]
                                    }
                                ]
                            }
                        ]
                    }
                ]
            }
        ]
    },
    "Planning Time": 1.524,
    "Triggers": [],
    "Execution Time": 2292.043
}