[
    {
        "Bao": {
            "Bao prediction": "NaN",
            "Bao recommended hint": "(no hint)"
        }
    },
    {
        "Plan": {
            "Node Type": "Aggregate",
            "Strategy": "Plain",
            "Partial Mode": "Finalize",
            "Parallel Aware": false,
            "Startup Cost": 183415.68,
            "Total Cost": 183415.69,
            "Plan Rows": 1,
            "Plan Width": 8,
            "Actual Startup Time": 142.593,
            "Actual Total Time": 148.438,
            "Actual Rows": 1,
            "Actual Loops": 1,
            "Output": [
                "count(*)"
            ],
            "Plans": [
                {
                    "Node Type": "Gather",
                    "Parent Relationship": "Outer",
                    "Parallel Aware": false,
                    "Startup Cost": 183415.16,
                    "Total Cost": 183415.67,
                    "Plan Rows": 5,
                    "Plan Width": 8,
                    "Actual Startup Time": 141.979,
                    "Actual Total Time": 148.429,
                    "Actual Rows": 6,
                    "Actual Loops": 1,
                    "Output": [
                        "(PARTIAL count(*))"
                    ],
                    "Workers Planned": 5,
                    "Workers Launched": 5,
                    "Single Copy": false,
                    "Plans": [
                        {
                            "Node Type": "Aggregate",
                            "Strategy": "Plain",
                            "Partial Mode": "Partial",
                            "Parent Relationship": "Outer",
                            "Parallel Aware": false,
                            "Startup Cost": 182415.16,
                            "Total Cost": 182415.17,
                            "Plan Rows": 1,
                            "Plan Width": 8,
                            "Actual Startup Time": 132.296,
                            "Actual Total Time": 132.298,
                            "Actual Rows": 1,
                            "Actual Loops": 6,
                            "Output": [
                                "PARTIAL count(*)"
                            ],
                            "Workers": [
                                {
                                    "Worker Number": 0,
                                    "Actual Startup Time": 129.696,
                                    "Actual Total Time": 129.698,
                                    "Actual Rows": 1,
                                    "Actual Loops": 1
                                },
                                {
                                    "Worker Number": 1,
                                    "Actual Startup Time": 130.184,
                                    "Actual Total Time": 130.186,
                                    "Actual Rows": 1,
                                    "Actual Loops": 1
                                },
                                {
                                    "Worker Number": 2,
                                    "Actual Startup Time": 130.56,
                                    "Actual Total Time": 130.561,
                                    "Actual Rows": 1,
                                    "Actual Loops": 1
                                },
                                {
                                    "Worker Number": 3,
                                    "Actual Startup Time": 130.663,
                                    "Actual Total Time": 130.664,
                                    "Actual Rows": 1,
                                    "Actual Loops": 1
                                },
                                {
                                    "Worker Number": 4,
                                    "Actual Startup Time": 131.076,
                                    "Actual Total Time": 131.077,
                                    "Actual Rows": 1,
                                    "Actual Loops": 1
                                }
                            ],
                            "Plans": [
                                {
                                    "Node Type": "Bitmap Heap Scan",
                                    "Parent Relationship": "Outer",
                                    "Parallel Aware": true,
                                    "Relation Name": "movie_info",
                                    "Schema": "public",
                                    "Alias": "mi",
                                    "Startup Cost": 17523.82,
                                    "Total Cost": 181932.1,
                                    "Plan Rows": 193223,
                                    "Plan Width": 0,
                                    "Actual Startup Time": 44.705,
                                    "Actual Total Time": 120.375,
                                    "Actual Rows": 161746,
                                    "Actual Loops": 6,
                                    "Recheck Cond": "(mi.info_type_id > 92)",
                                    "Rows Removed by Index Recheck": 0,
                                    "Exact Heap Blocks": 10799,
                                    "Lossy Heap Blocks": 0,
                                    "Workers": [
                                        {
                                            "Worker Number": 0,
                                            "Actual Startup Time": 42.096,
                                            "Actual Total Time": 118.106,
                                            "Actual Rows": 123473,
                                            "Actual Loops": 1
                                        },
                                        {
                                            "Worker Number": 1,
                                            "Actual Startup Time": 42.557,
                                            "Actual Total Time": 118.445,
                                            "Actual Rows": 124773,
                                            "Actual Loops": 1
                                        },
                                        {
                                            "Worker Number": 2,
                                            "Actual Startup Time": 43.389,
                                            "Actual Total Time": 118.799,
                                            "Actual Rows": 124171,
                                            "Actual Loops": 1
                                        },
                                        {
                                            "Worker Number": 3,
                                            "Actual Startup Time": 43.196,
                                            "Actual Total Time": 119.034,
                                            "Actual Rows": 122727,
                                            "Actual Loops": 1
                                        },
                                        {
                                            "Worker Number": 4,
                                            "Actual Startup Time": 43.447,
                                            "Actual Total Time": 119.592,
                                            "Actual Rows": 121950,
                                            "Actual Loops": 1
                                        }
                                    ],
                                    "Plans": [
                                        {
                                            "Node Type": "Bitmap Index Scan",
                                            "Parent Relationship": "Outer",
                                            "Parallel Aware": false,
                                            "Index Name": "info_type_id_movie_info",
                                            "Startup Cost": 0.0,
                                            "Total Cost": 17282.29,
                                            "Plan Rows": 966114,
                                            "Plan Width": 0,
                                            "Actual Startup Time": 48.352,
                                            "Actual Total Time": 48.353,
                                            "Actual Rows": 970477,
                                            "Actual Loops": 1,
                                            "Index Cond": "(mi.info_type_id > 92)"
                                        }
                                    ]
                                }
                            ]
                        }
                    ]
                }
            ]
        },
        "Planning Time": 299.242,
        "Triggers": [],
        "Execution Time": 148.497
    }
]