[
  {
    "Plan": {
      "Node Type": "Aggregate",
      "Strategy": "Plain",
      "Partial Mode": "Finalize",
      "Parallel Aware": false,
      "Startup Cost": 33338.06,
      "Total Cost": 33338.07,
      "Plan Rows": 1,
      "Plan Width": 8,
      "Actual Startup Time": 102.939,
      "Actual Total Time": 111.018,
      "Actual Rows": 1,
      "Actual Loops": 1,
      "Plans": [
        {
          "Node Type": "Gather",
          "Parent Relationship": "Outer",
          "Parallel Aware": false,
          "Startup Cost": 33337.74,
          "Total Cost": 33338.05,
          "Plan Rows": 3,
          "Plan Width": 8,
          "Actual Startup Time": 102.691,
          "Actual Total Time": 111.009,
          "Actual Rows": 4,
          "Actual Loops": 1,
          "Workers Planned": 3,
          "Workers Launched": 3,
          "Single Copy": false,
          "Plans": [
            {
              "Node Type": "Aggregate",
              "Strategy": "Plain",
              "Partial Mode": "Partial",
              "Parent Relationship": "Outer",
              "Parallel Aware": false,
              "Startup Cost": 32337.74,
              "Total Cost": 32337.75,
              "Plan Rows": 1,
              "Plan Width": 8,
              "Actual Startup Time": 94.053,
              "Actual Total Time": 94.054,
              "Actual Rows": 1,
              "Actual Loops": 4,
              "Plans": [
                {
                  "Node Type": "Seq Scan",
                  "Parent Relationship": "Outer",
                  "Parallel Aware": true,
                  "Relation Name": "movie_companies",
                  "Alias": "mc",
                  "Startup Cost": 0.0,
                  "Total Cost": 31414.82,
                  "Plan Rows": 369169,
                  "Plan Width": 0,
                  "Actual Startup Time": 0.104,
                  "Actual Total Time": 80.383,
                  "Actual Rows": 263902,
                  "Actual Loops": 4,
                  "Filter": "((company_id > 150) AND (company_type_id < 2))",
                  "Rows Removed by Filter": 388381
                }
              ]
            }
          ]
        }
      ]
    },
    "Planning Time": 0.21,
    "Triggers": [],
    "Execution Time": 111.118
  }
]