[
  {
    "Plan": {
      "Node Type": "Aggregate",
      "Strategy": "Plain",
      "Partial Mode": "Finalize",
      "Parallel Aware": false,
      "Startup Cost": 343288.13,
      "Total Cost": 343288.14,
      "Plan Rows": 1,
      "Plan Width": 8,
      "Actual Startup Time": 977.964,
      "Actual Total Time": 1022.954,
      "Actual Rows": 1,
      "Actual Loops": 1,
      "Plans": [
        {
          "Node Type": "Gather",
          "Parent Relationship": "Outer",
          "Parallel Aware": false,
          "Startup Cost": 343287.5,
          "Total Cost": 343288.11,
          "Plan Rows": 6,
          "Plan Width": 8,
          "Actual Startup Time": 977.79,
          "Actual Total Time": 1022.944,
          "Actual Rows": 7,
          "Actual Loops": 1,
          "Workers Planned": 6,
          "Workers Launched": 6,
          "Single Copy": false,
          "Plans": [
            {
              "Node Type": "Aggregate",
              "Strategy": "Plain",
              "Partial Mode": "Partial",
              "Parent Relationship": "Outer",
              "Parallel Aware": false,
              "Startup Cost": 342287.5,
              "Total Cost": 342287.51,
              "Plan Rows": 1,
              "Plan Width": 8,
              "Actual Startup Time": 968.084,
              "Actual Total Time": 968.085,
              "Actual Rows": 1,
              "Actual Loops": 7,
              "Plans": [
                {
                  "Node Type": "Seq Scan",
                  "Parent Relationship": "Outer",
                  "Parallel Aware": true,
                  "Relation Name": "cast_info",
                  "Alias": "ci",
                  "Startup Cost": 0.0,
                  "Total Cost": 328211.39,
                  "Plan Rows": 5630445,
                  "Plan Width": 0,
                  "Actual Startup Time": 42.657,
                  "Actual Total Time": 709.225,
                  "Actual Rows": 4812681,
                  "Actual Loops": 7,
                  "Filter": "(person_id > 246798)",
                  "Rows Removed by Filter": 365082
                }
              ]
            }
          ]
        }
      ]
    },
    "Planning Time": 0.204,
    "Triggers": [],
    "Execution Time": 1023.022
  }
]