[
  {
    "Plan": {
      "Node Type": "Aggregate",
      "Strategy": "Plain",
      "Partial Mode": "Finalize",
      "Parallel Aware": false,
      "Startup Cost": 343204.96,
      "Total Cost": 343204.97,
      "Plan Rows": 1,
      "Plan Width": 8,
      "Actual Startup Time": 930.576,
      "Actual Total Time": 986.678,
      "Actual Rows": 1,
      "Actual Loops": 1,
      "Plans": [
        {
          "Node Type": "Gather",
          "Parent Relationship": "Outer",
          "Parallel Aware": false,
          "Startup Cost": 343204.34,
          "Total Cost": 343204.95,
          "Plan Rows": 6,
          "Plan Width": 8,
          "Actual Startup Time": 930.49,
          "Actual Total Time": 986.669,
          "Actual Rows": 7,
          "Actual Loops": 1,
          "Workers Planned": 6,
          "Workers Launched": 6,
          "Single Copy": false,
          "Plans": [
            {
              "Node Type": "Aggregate",
              "Strategy": "Plain",
              "Partial Mode": "Partial",
              "Parent Relationship": "Outer",
              "Parallel Aware": false,
              "Startup Cost": 342204.34,
              "Total Cost": 342204.35,
              "Plan Rows": 1,
              "Plan Width": 8,
              "Actual Startup Time": 921.753,
              "Actual Total Time": 921.754,
              "Actual Rows": 1,
              "Actual Loops": 7,
              "Plans": [
                {
                  "Node Type": "Seq Scan",
                  "Parent Relationship": "Outer",
                  "Parallel Aware": true,
                  "Relation Name": "cast_info",
                  "Alias": "ci",
                  "Startup Cost": 0.0,
                  "Total Cost": 328162.03,
                  "Plan Rows": 5616925,
                  "Plan Width": 0,
                  "Actual Startup Time": 40.743,
                  "Actual Total Time": 698.419,
                  "Actual Rows": 4812681,
                  "Actual Loops": 7,
                  "Filter": "(person_id > 246798)",
                  "Rows Removed by Filter": 365082
                }
              ]
            }
          ]
        }
      ]
    },
    "Planning Time": 0.131,
    "Triggers": [],
    "Execution Time": 986.734
  }
]