[
    {
        "Bao": {
            "Bao prediction": 588.419,
            "Bao recommended hint": "(no hint)"
        }
    },
    {
        "Plan": {
            "Node Type": "Aggregate",
            "Strategy": "Plain",
            "Partial Mode": "Simple",
            "Parallel Aware": false,
            "Startup Cost": 26453.96,
            "Total Cost": 26453.97,
            "Plan Rows": 1,
            "Plan Width": 8,
            "Actual Startup Time": 52.722,
            "Actual Total Time": 52.724,
            "Actual Rows": 1,
            "Actual Loops": 1,
            "Output": [
                "count(*)"
            ],
            "Plans": [
                {
                    "Node Type": "Bitmap Heap Scan",
                    "Parent Relationship": "Outer",
                    "Parallel Aware": false,
                    "Relation Name": "movie_keyword",
                    "Schema": "public",
                    "Alias": "mk",
                    "Startup Cost": 1172.14,
                    "Total Cost": 26315.99,
                    "Plan Rows": 55188,
                    "Plan Width": 0,
                    "Actual Startup Time": 19.006,
                    "Actual Total Time": 48.931,
                    "Actual Rows": 47952,
                    "Actual Loops": 1,
                    "Recheck Cond": "(mk.keyword_id < 48)",
                    "Rows Removed by Index Recheck": 0,
                    "Exact Heap Blocks": 14467,
                    "Lossy Heap Blocks": 0,
                    "Plans": [
                        {
                            "Node Type": "Bitmap Index Scan",
                            "Parent Relationship": "Outer",
                            "Parallel Aware": false,
                            "Index Name": "keyword_id_movie_keyword",
                            "Startup Cost": 0.0,
                            "Total Cost": 1158.34,
                            "Plan Rows": 55188,
                            "Plan Width": 0,
                            "Actual Startup Time": 12.956,
                            "Actual Total Time": 12.956,
                            "Actual Rows": 47952,
                            "Actual Loops": 1,
                            "Index Cond": "(mk.keyword_id < 48)"
                        }
                    ]
                }
            ]
        },
        "Planning Time": 3878.092,
        "Triggers": [],
        "Execution Time": 52.929
    }
]