[
  {
    "Plan": {
      "Node Type": "Aggregate",
      "Strategy": "Plain",
      "Partial Mode": "Finalize",
      "Parallel Aware": false,
      "Startup Cost": 30946.79,
      "Total Cost": 30946.8,
      "Plan Rows": 1,
      "Plan Width": 8,
      "Actual Startup Time": 79.058,
      "Actual Total Time": 87.52,
      "Actual Rows": 1,
      "Actual Loops": 1,
      "Plans": [
        {
          "Node Type": "Gather",
          "Parent Relationship": "Outer",
          "Parallel Aware": false,
          "Startup Cost": 30946.48,
          "Total Cost": 30946.79,
          "Plan Rows": 3,
          "Plan Width": 8,
          "Actual Startup Time": 78.943,
          "Actual Total Time": 87.514,
          "Actual Rows": 4,
          "Actual Loops": 1,
          "Workers Planned": 3,
          "Workers Launched": 3,
          "Single Copy": false,
          "Plans": [
            {
              "Node Type": "Aggregate",
              "Strategy": "Plain",
              "Partial Mode": "Partial",
              "Parent Relationship": "Outer",
              "Parallel Aware": false,
              "Startup Cost": 29946.48,
              "Total Cost": 29946.49,
              "Plan Rows": 1,
              "Plan Width": 8,
              "Actual Startup Time": 73.916,
              "Actual Total Time": 73.917,
              "Actual Rows": 1,
              "Actual Loops": 4,
              "Plans": [
                {
                  "Node Type": "Seq Scan",
                  "Parent Relationship": "Outer",
                  "Parallel Aware": true,
                  "Relation Name": "movie_companies",
                  "Alias": "mc",
                  "Startup Cost": 0.0,
                  "Total Cost": 29310.68,
                  "Plan Rows": 254318,
                  "Plan Width": 0,
                  "Actual Startup Time": 15.236,
                  "Actual Total Time": 65.639,
                  "Actual Rows": 194584,
                  "Actual Loops": 4,
                  "Filter": "(company_id > 32796)",
                  "Rows Removed by Filter": 457698
                }
              ]
            }
          ]
        }
      ]
    },
    "Planning Time": 0.08,
    "Triggers": [],
    "Execution Time": 87.545
  }
]