[
  {
    "Plan": {
      "Node Type": "Aggregate",
      "Strategy": "Plain",
      "Partial Mode": "Finalize",
      "Parallel Aware": false,
      "Startup Cost": 30927.34,
      "Total Cost": 30927.35,
      "Plan Rows": 1,
      "Plan Width": 8,
      "Actual Startup Time": 86.453,
      "Actual Total Time": 92.128,
      "Actual Rows": 1,
      "Actual Loops": 1,
      "Plans": [
        {
          "Node Type": "Gather",
          "Parent Relationship": "Outer",
          "Parallel Aware": false,
          "Startup Cost": 30927.03,
          "Total Cost": 30927.34,
          "Plan Rows": 3,
          "Plan Width": 8,
          "Actual Startup Time": 86.337,
          "Actual Total Time": 92.12,
          "Actual Rows": 4,
          "Actual Loops": 1,
          "Workers Planned": 3,
          "Workers Launched": 3,
          "Single Copy": false,
          "Plans": [
            {
              "Node Type": "Aggregate",
              "Strategy": "Plain",
              "Partial Mode": "Partial",
              "Parent Relationship": "Outer",
              "Parallel Aware": false,
              "Startup Cost": 29927.03,
              "Total Cost": 29927.04,
              "Plan Rows": 1,
              "Plan Width": 8,
              "Actual Startup Time": 79.995,
              "Actual Total Time": 79.996,
              "Actual Rows": 1,
              "Actual Loops": 4,
              "Plans": [
                {
                  "Node Type": "Seq Scan",
                  "Parent Relationship": "Outer",
                  "Parallel Aware": true,
                  "Relation Name": "movie_companies",
                  "Alias": "mc",
                  "Startup Cost": 0.0,
                  "Total Cost": 29310.68,
                  "Plan Rows": 246538,
                  "Plan Width": 0,
                  "Actual Startup Time": 24.451,
                  "Actual Total Time": 72.162,
                  "Actual Rows": 194584,
                  "Actual Loops": 4,
                  "Filter": "(company_id > 32796)",
                  "Rows Removed by Filter": 457698
                }
              ]
            }
          ]
        }
      ]
    },
    "Planning Time": 0.122,
    "Triggers": [],
    "Execution Time": 92.168
  }
]