[
  {
    "Plan": {
      "Node Type": "Aggregate",
      "Strategy": "Plain",
      "Partial Mode": "Finalize",
      "Parallel Aware": false,
      "Startup Cost": 249421.93,
      "Total Cost": 249421.94,
      "Plan Rows": 1,
      "Plan Width": 8,
      "Actual Startup Time": 710.067,
      "Actual Total Time": 731.607,
      "Actual Rows": 1,
      "Actual Loops": 1,
      "Plans": [
        {
          "Node Type": "Gather",
          "Parent Relationship": "Outer",
          "Parallel Aware": false,
          "Startup Cost": 249421.72,
          "Total Cost": 249421.93,
          "Plan Rows": 2,
          "Plan Width": 8,
          "Actual Startup Time": 701.367,
          "Actual Total Time": 731.598,
          "Actual Rows": 3,
          "Actual Loops": 1,
          "Workers Planned": 2,
          "Workers Launched": 2,
          "Single Copy": false,
          "Plans": [
            {
              "Node Type": "Aggregate",
              "Strategy": "Plain",
              "Partial Mode": "Partial",
              "Parent Relationship": "Outer",
              "Parallel Aware": false,
              "Startup Cost": 248421.72,
              "Total Cost": 248421.73,
              "Plan Rows": 1,
              "Plan Width": 8,
              "Actual Startup Time": 694.265,
              "Actual Total Time": 694.272,
              "Actual Rows": 1,
              "Actual Loops": 3,
              "Plans": [
                {
                  "Node Type": "Hash Join",
                  "Parent Relationship": "Outer",
                  "Parallel Aware": true,
                  "Join Type": "Inner",
                  "Startup Cost": 231470.57,
                  "Total Cost": 248208.53,
                  "Plan Rows": 85274,
                  "Plan Width": 0,
                  "Actual Startup Time": 597.305,
                  "Actual Total Time": 691.757,
                  "Actual Rows": 51521,
                  "Actual Loops": 3,
                  "Inner Unique": false,
                  "Hash Cond": "(mi_idx.movie_id = t.id)",
                  "Plans": [
                    {
                      "Node Type": "Seq Scan",
                      "Parent Relationship": "Outer",
                      "Parallel Aware": true,
                      "Relation Name": "movie_info_idx",
                      "Alias": "mi_idx",
                      "Startup Cost": 0.0,
                      "Total Cost": 15122.68,
                      "Plan Rows": 385260,
                      "Plan Width": 4,
                      "Actual Startup Time": 0.021,
                      "Actual Total Time": 51.081,
                      "Actual Rows": 306703,
                      "Actual Loops": 3,
                      "Filter": "(info_type_id > 99)",
                      "Rows Removed by Filter": 153308
                    },
                    {
                      "Node Type": "Hash",
                      "Parent Relationship": "Inner",
                      "Parallel Aware": true,
                      "Startup Cost": 230071.46,
                      "Total Cost": 230071.46,
                      "Plan Rows": 111929,
                      "Plan Width": 8,
                      "Actual Startup Time": 590.74,
                      "Actual Total Time": 590.745,
                      "Actual Rows": 47918,
                      "Actual Loops": 3,
                      "Hash Buckets": 1048576,
                      "Original Hash Buckets": 1048576,
                      "Hash Batches": 1,
                      "Original Hash Batches": 1,
                      "Peak Memory Usage": 13856,
                      "Plans": [
                        {
                          "Node Type": "Hash Join",
                          "Parent Relationship": "Outer",
                          "Parallel Aware": true,
                          "Join Type": "Inner",
                          "Startup Cost": 65302.42,
                          "Total Cost": 230071.46,
                          "Plan Rows": 111929,
                          "Plan Width": 8,
                          "Actual Startup Time": 392.511,
                          "Actual Total Time": 567.497,
                          "Actual Rows": 47918,
                          "Actual Loops": 3,
                          "Inner Unique": true,
                          "Hash Cond": "(mi.movie_id = t.id)",
                          "Plans": [
                            {
                              "Node Type": "Bitmap Heap Scan",
                              "Parent Relationship": "Outer",
                              "Parallel Aware": true,
                              "Relation Name": "movie_info",
                              "Alias": "mi",
                              "Startup Cost": 16584.61,
                              "Total Cost": 180871.86,
                              "Plan Rows": 183540,
                              "Plan Width": 4,
                              "Actual Startup Time": 61.797,
                              "Actual Total Time": 144.588,
                              "Actual Rows": 300113,
                              "Actual Loops": 3,
                              "Recheck Cond": "(info_type_id > 94)",
                              "Rows Removed by Index Recheck": 0,
                              "Exact Heap Blocks": 13209,
                              "Lossy Heap Blocks": 0,
                              "Plans": [
                                {
                                  "Node Type": "Bitmap Index Scan",
                                  "Parent Relationship": "Outer",
                                  "Parallel Aware": false,
                                  "Index Name": "info_type_id_movie_info",
                                  "Startup Cost": 0.0,
                                  "Total Cost": 16355.18,
                                  "Plan Rows": 917700,
                                  "Plan Width": 0,
                                  "Actual Startup Time": 53.308,
                                  "Actual Total Time": 53.308,
                                  "Actual Rows": 900340,
                                  "Actual Loops": 1,
                                  "Index Cond": "(info_type_id > 94)"
                                }
                              ]
                            },
                            {
                              "Node Type": "Hash",
                              "Parent Relationship": "Inner",
                              "Parallel Aware": true,
                              "Startup Cost": 43899.32,
                              "Total Cost": 43899.32,
                              "Plan Rows": 385479,
                              "Plan Width": 4,
                              "Actual Startup Time": 311.159,
                              "Actual Total Time": 311.16,
                              "Actual Rows": 514421,
                              "Actual Loops": 3,
                              "Hash Buckets": 2097152,
                              "Original Hash Buckets": 2097152,
                              "Hash Batches": 1,
                              "Original Hash Batches": 1,
                              "Peak Memory Usage": 76832,
                              "Plans": [
                                {
                                  "Node Type": "Seq Scan",
                                  "Parent Relationship": "Outer",
                                  "Parallel Aware": true,
                                  "Relation Name": "title",
                                  "Alias": "t",
                                  "Startup Cost": 0.0,
                                  "Total Cost": 43899.32,
                                  "Plan Rows": 385479,
                                  "Plan Width": 4,
                                  "Actual Startup Time": 0.053,
                                  "Actual Total Time": 135.48,
                                  "Actual Rows": 514421,
                                  "Actual Loops": 3,
                                  "Filter": "(kind_id = 7)",
                                  "Rows Removed by Filter": 328349
                                }
                              ]
                            }
                          ]
                        }
                      ]
                    }
                  ]
                }
              ]
            }
          ]
        }
      ]
    },
    "Planning Time": 1.391,
    "Triggers": [],
    "Execution Time": 731.721
  }
]