[
    {
        "Bao": {
            "Bao prediction": "NaN",
            "Bao recommended hint": "(no hint)"
        }
    },
    {
        "Plan": {
            "Node Type": "Aggregate",
            "Strategy": "Plain",
            "Partial Mode": "Finalize",
            "Parallel Aware": false,
            "Startup Cost": 34743.0,
            "Total Cost": 34743.01,
            "Plan Rows": 1,
            "Plan Width": 8,
            "Actual Startup Time": 101.374,
            "Actual Total Time": 107.86,
            "Actual Rows": 1,
            "Actual Loops": 1,
            "Output": [
                "count(*)"
            ],
            "Plans": [
                {
                    "Node Type": "Gather",
                    "Parent Relationship": "Outer",
                    "Parallel Aware": false,
                    "Startup Cost": 34742.69,
                    "Total Cost": 34743.0,
                    "Plan Rows": 3,
                    "Plan Width": 8,
                    "Actual Startup Time": 101.155,
                    "Actual Total Time": 107.851,
                    "Actual Rows": 4,
                    "Actual Loops": 1,
                    "Output": [
                        "(PARTIAL count(*))"
                    ],
                    "Workers Planned": 3,
                    "Workers Launched": 3,
                    "Single Copy": false,
                    "Plans": [
                        {
                            "Node Type": "Aggregate",
                            "Strategy": "Plain",
                            "Partial Mode": "Partial",
                            "Parent Relationship": "Outer",
                            "Parallel Aware": false,
                            "Startup Cost": 33742.69,
                            "Total Cost": 33742.7,
                            "Plan Rows": 1,
                            "Plan Width": 8,
                            "Actual Startup Time": 92.458,
                            "Actual Total Time": 92.46,
                            "Actual Rows": 1,
                            "Actual Loops": 4,
                            "Output": [
                                "PARTIAL count(*)"
                            ],
                            "Workers": [
                                {
                                    "Worker Number": 0,
                                    "Actual Startup Time": 89.645,
                                    "Actual Total Time": 89.647,
                                    "Actual Rows": 1,
                                    "Actual Loops": 1
                                },
                                {
                                    "Worker Number": 1,
                                    "Actual Startup Time": 89.779,
                                    "Actual Total Time": 89.78,
                                    "Actual Rows": 1,
                                    "Actual Loops": 1
                                },
                                {
                                    "Worker Number": 2,
                                    "Actual Startup Time": 89.498,
                                    "Actual Total Time": 89.5,
                                    "Actual Rows": 1,
                                    "Actual Loops": 1
                                }
                            ],
                            "Plans": [
                                {
                                    "Node Type": "Bitmap Heap Scan",
                                    "Parent Relationship": "Outer",
                                    "Parallel Aware": true,
                                    "Relation Name": "movie_keyword",
                                    "Schema": "public",
                                    "Alias": "mk",
                                    "Startup Cost": 7563.54,
                                    "Total Cost": 33455.16,
                                    "Plan Rows": 115010,
                                    "Plan Width": 0,
                                    "Actual Startup Time": 25.249,
                                    "Actual Total Time": 87.211,
                                    "Actual Rows": 88554,
                                    "Actual Loops": 4,
                                    "Recheck Cond": "(mk.keyword_id > 47127)",
                                    "Rows Removed by Index Recheck": 0,
                                    "Exact Heap Blocks": 11018,
                                    "Lossy Heap Blocks": 0,
                                    "Workers": [
                                        {
                                            "Worker Number": 0,
                                            "Actual Startup Time": 22.74,
                                            "Actual Total Time": 84.964,
                                            "Actual Rows": 60237,
                                            "Actual Loops": 1
                                        },
                                        {
                                            "Worker Number": 1,
                                            "Actual Startup Time": 22.531,
                                            "Actual Total Time": 85.096,
                                            "Actual Rows": 59747,
                                            "Actual Loops": 1
                                        },
                                        {
                                            "Worker Number": 2,
                                            "Actual Startup Time": 22.363,
                                            "Actual Total Time": 85.047,
                                            "Actual Rows": 59809,
                                            "Actual Loops": 1
                                        }
                                    ],
                                    "Plans": [
                                        {
                                            "Node Type": "Bitmap Index Scan",
                                            "Parent Relationship": "Outer",
                                            "Parallel Aware": false,
                                            "Index Name": "keyword_id_movie_keyword",
                                            "Startup Cost": 0.0,
                                            "Total Cost": 7474.41,
                                            "Plan Rows": 356530,
                                            "Plan Width": 0,
                                            "Actual Startup Time": 30.126,
                                            "Actual Total Time": 30.126,
                                            "Actual Rows": 354217,
                                            "Actual Loops": 1,
                                            "Index Cond": "(mk.keyword_id > 47127)"
                                        }
                                    ]
                                }
                            ]
                        }
                    ]
                }
            ]
        },
        "Planning Time": 188.195,
        "Triggers": [],
        "Execution Time": 107.909
    }
]