{
  "Plan": {
    "Node Type": "Aggregate",
    "Strategy": "Plain",
    "Partial Mode": "Finalize",
    "Parallel Aware": false,
    "Startup Cost": 96689.9,
    "Total Cost": 96689.91,
    "Plan Rows": 1,
    "Plan Width": 8,
    "Actual Startup Time": 359.641,
    "Actual Total Time": 375.539,
    "Actual Rows": 1,
    "Actual Loops": 1,
    "Plans": [
      {
        "Node Type": "Gather",
        "Parent Relationship": "Outer",
        "Parallel Aware": false,
        "Startup Cost": 96689.79,
        "Total Cost": 96689.9,
        "Plan Rows": 1,
        "Plan Width": 8,
        "Actual Startup Time": 359.16,
        "Actual Total Time": 375.531,
        "Actual Rows": 2,
        "Actual Loops": 1,
        "Workers Planned": 1,
        "Workers Launched": 1,
        "Single Copy": false,
        "Plans": [
          {
            "Node Type": "Aggregate",
            "Strategy": "Plain",
            "Partial Mode": "Partial",
            "Parent Relationship": "Outer",
            "Parallel Aware": false,
            "Startup Cost": 95689.79,
            "Total Cost": 95689.8,
            "Plan Rows": 1,
            "Plan Width": 8,
            "Actual Startup Time": 353.399,
            "Actual Total Time": 353.402,
            "Actual Rows": 1,
            "Actual Loops": 2,
            "Plans": [
              {
                "Node Type": "Hash Join",
                "Parent Relationship": "Outer",
                "Parallel Aware": true,
                "Join Type": "Inner",
                "Startup Cost": 55626.31,
                "Total Cost": 95584.33,
                "Plan Rows": 42182,
                "Plan Width": 0,
                "Actual Startup Time": 168.949,
                "Actual Total Time": 350.021,
                "Actual Rows": 77962,
                "Actual Loops": 2,
                "Inner Unique": true,
                "Hash Cond": "(mc.movie_id = t.id)",
                "Plans": [
                  {
                    "Node Type": "Seq Scan",
                    "Parent Relationship": "Outer",
                    "Parallel Aware": true,
                    "Relation Name": "movie_companies",
                    "Alias": "mc",
                    "Startup Cost": 0.0,
                    "Total Cost": 37974.77,
                    "Plan Rows": 755522,
                    "Plan Width": 4,
                    "Actual Startup Time": 0.014,
                    "Actual Total Time": 115.499,
                    "Actual Rows": 637123,
                    "Actual Loops": 2,
                    "Filter": "(company_type_id = 1)",
                    "Rows Removed by Filter": 667442
                  },
                  {
                    "Node Type": "Hash",
                    "Parent Relationship": "Inner",
                    "Parallel Aware": true,
                    "Startup Cost": 54588.39,
                    "Total Cost": 54588.39,
                    "Plan Rows": 83034,
                    "Plan Width": 4,
                    "Actual Startup Time": 161.634,
                    "Actual Total Time": 161.635,
                    "Actual Rows": 71666,
                    "Actual Loops": 2,
                    "Hash Buckets": 262144,
                    "Original Hash Buckets": 262144,
                    "Hash Batches": 1,
                    "Original Hash Batches": 1,
                    "Peak Memory Usage": 7712,
                    "Plans": [
                      {
                        "Node Type": "Seq Scan",
                        "Parent Relationship": "Outer",
                        "Parallel Aware": true,
                        "Relation Name": "title",
                        "Alias": "t",
                        "Startup Cost": 0.0,
                        "Total Cost": 54588.39,
                        "Plan Rows": 83034,
                        "Plan Width": 4,
                        "Actual Startup Time": 6.841,
                        "Actual Total Time": 144.313,
                        "Actual Rows": 71666,
                        "Actual Loops": 2,
                        "Filter": "(production_year < 1941)",
                        "Rows Removed by Filter": 1192490
                      }
                    ]
                  }
                ]
              }
            ]
          }
        ]
      }
    ]
  },
  "Planning Time": 0.421,
  "Triggers": [],
  "Execution Time": 375.606
}