{
    "Plan": {
        "Node Type": "Aggregate",
        "Strategy": "Plain",
        "Partial Mode": "Finalize",
        "Parallel Aware": false,
        "Startup Cost": 364409.85,
        "Total Cost": 364409.86,
        "Plan Rows": 1,
        "Plan Width": 8,
        "Actual Startup Time": 3404.711,
        "Actual Total Time": 3507.382,
        "Actual Rows": 1,
        "Actual Loops": 1,
        "Output": [
            "count(*)"
        ],
        "Plans": [
            {
                "Node Type": "Gather",
                "Parent Relationship": "Outer",
                "Parallel Aware": false,
                "Startup Cost": 364409.33,
                "Total Cost": 364409.84,
                "Plan Rows": 5,
                "Plan Width": 8,
                "Actual Startup Time": 3398.134,
                "Actual Total Time": 3507.372,
                "Actual Rows": 6,
                "Actual Loops": 1,
                "Output": [
                    "(PARTIAL count(*))"
                ],
                "Workers Planned": 5,
                "Workers Launched": 5,
                "Single Copy": false,
                "Plans": [
                    {
                        "Node Type": "Aggregate",
                        "Strategy": "Plain",
                        "Partial Mode": "Partial",
                        "Parent Relationship": "Outer",
                        "Parallel Aware": false,
                        "Startup Cost": 363409.33,
                        "Total Cost": 363409.34,
                        "Plan Rows": 1,
                        "Plan Width": 8,
                        "Actual Startup Time": 3387.499,
                        "Actual Total Time": 3387.503,
                        "Actual Rows": 1,
                        "Actual Loops": 6,
                        "Output": [
                            "PARTIAL count(*)"
                        ],
                        "Workers": [
                            {
                                "Worker Number": 0,
                                "Actual Startup Time": 3384.644,
                                "Actual Total Time": 3384.647,
                                "Actual Rows": 1,
                                "Actual Loops": 1
                            },
                            {
                                "Worker Number": 1,
                                "Actual Startup Time": 3384.495,
                                "Actual Total Time": 3384.498,
                                "Actual Rows": 1,
                                "Actual Loops": 1
                            },
                            {
                                "Worker Number": 2,
                                "Actual Startup Time": 3386.507,
                                "Actual Total Time": 3386.511,
                                "Actual Rows": 1,
                                "Actual Loops": 1
                            },
                            {
                                "Worker Number": 3,
                                "Actual Startup Time": 3385.97,
                                "Actual Total Time": 3385.974,
                                "Actual Rows": 1,
                                "Actual Loops": 1
                            },
                            {
                                "Worker Number": 4,
                                "Actual Startup Time": 3386.146,
                                "Actual Total Time": 3386.15,
                                "Actual Rows": 1,
                                "Actual Loops": 1
                            }
                        ],
                        "Plans": [
                            {
                                "Node Type": "Nested Loop",
                                "Parent Relationship": "Outer",
                                "Parallel Aware": false,
                                "Join Type": "Inner",
                                "Startup Cost": 47010.46,
                                "Total Cost": 362088.99,
                                "Plan Rows": 528133,
                                "Plan Width": 0,
                                "Actual Startup Time": 337.582,
                                "Actual Total Time": 3205.673,
                                "Actual Rows": 4371557,
                                "Actual Loops": 6,
                                "Inner Unique": false,
                                "Workers": [
                                    {
                                        "Worker Number": 0,
                                        "Actual Startup Time": 334.83,
                                        "Actual Total Time": 3204.073,
                                        "Actual Rows": 4491439,
                                        "Actual Loops": 1
                                    },
                                    {
                                        "Worker Number": 1,
                                        "Actual Startup Time": 334.723,
                                        "Actual Total Time": 3219.289,
                                        "Actual Rows": 3072827,
                                        "Actual Loops": 1
                                    },
                                    {
                                        "Worker Number": 2,
                                        "Actual Startup Time": 336.042,
                                        "Actual Total Time": 3203.511,
                                        "Actual Rows": 4556883,
                                        "Actual Loops": 1
                                    },
                                    {
                                        "Worker Number": 3,
                                        "Actual Startup Time": 336.143,
                                        "Actual Total Time": 3201.06,
                                        "Actual Rows": 4608587,
                                        "Actual Loops": 1
                                    },
                                    {
                                        "Worker Number": 4,
                                        "Actual Startup Time": 336.364,
                                        "Actual Total Time": 3202.649,
                                        "Actual Rows": 4568819,
                                        "Actual Loops": 1
                                    }
                                ],
                                "Plans": [
                                    {
                                        "Node Type": "Hash Join",
                                        "Parent Relationship": "Outer",
                                        "Parallel Aware": true,
                                        "Join Type": "Inner",
                                        "Startup Cost": 47009.89,
                                        "Total Cost": 246136.19,
                                        "Plan Rows": 36833,
                                        "Plan Width": 8,
                                        "Actual Startup Time": 337.48,
                                        "Actual Total Time": 450.174,
                                        "Actual Rows": 71428,
                                        "Actual Loops": 6,
                                        "Output": [
                                            "t.id",
                                            "mi.movie_id"
                                        ],
                                        "Inner Unique": true,
                                        "Hash Cond": "(mi.movie_id = t.id)",
                                        "Workers": [
                                            {
                                                "Worker Number": 0,
                                                "Actual Startup Time": 334.73,
                                                "Actual Total Time": 445.934,
                                                "Actual Rows": 74654,
                                                "Actual Loops": 1
                                            },
                                            {
                                                "Worker Number": 1,
                                                "Actual Startup Time": 334.594,
                                                "Actual Total Time": 443.328,
                                                "Actual Rows": 50076,
                                                "Actual Loops": 1
                                            },
                                            {
                                                "Worker Number": 2,
                                                "Actual Startup Time": 335.956,
                                                "Actual Total Time": 448.672,
                                                "Actual Rows": 72763,
                                                "Actual Loops": 1
                                            },
                                            {
                                                "Worker Number": 3,
                                                "Actual Startup Time": 336.054,
                                                "Actual Total Time": 446.996,
                                                "Actual Rows": 73580,
                                                "Actual Loops": 1
                                            },
                                            {
                                                "Worker Number": 4,
                                                "Actual Startup Time": 336.228,
                                                "Actual Total Time": 447.844,
                                                "Actual Rows": 73050,
                                                "Actual Loops": 1
                                            }
                                        ],
                                        "Plans": [
                                            {
                                                "Node Type": "Seq Scan",
                                                "Parent Relationship": "Outer",
                                                "Parallel Aware": true,
                                                "Relation Name": "movie_info",
                                                "Schema": "public",
                                                "Alias": "mi",
                                                "Startup Cost": 0.0,
                                                "Total Cost": 198880.74,
                                                "Plan Rows": 93547,
                                                "Plan Width": 4,
                                                "Actual Startup Time": 194.237,
                                                "Actual Total Time": 268.216,
                                                "Actual Rows": 81092,
                                                "Actual Loops": 6,
                                                "Output": [
                                                    "mi.id",
                                                    "mi.movie_id",
                                                    "mi.info_type_id",
                                                    "mi.info",
                                                    "mi.note"
                                                ],
                                                "Filter": "(mi.info_type_id = 5)",
                                                "Rows Removed by Filter": 2391528,
                                                "Workers": [
                                                    {
                                                        "Worker Number": 0,
                                                        "Actual Startup Time": 194.248,
                                                        "Actual Total Time": 267.32,
                                                        "Actual Rows": 80690,
                                                        "Actual Loops": 1
                                                    },
                                                    {
                                                        "Worker Number": 1,
                                                        "Actual Startup Time": 194.262,
                                                        "Actual Total Time": 265.897,
                                                        "Actual Rows": 55300,
                                                        "Actual Loops": 1
                                                    },
                                                    {
                                                        "Worker Number": 2,
                                                        "Actual Startup Time": 194.24,
                                                        "Actual Total Time": 269.464,
                                                        "Actual Rows": 80459,
                                                        "Actual Loops": 1
                                                    },
                                                    {
                                                        "Worker Number": 3,
                                                        "Actual Startup Time": 194.241,
                                                        "Actual Total Time": 267.666,
                                                        "Actual Rows": 83057,
                                                        "Actual Loops": 1
                                                    },
                                                    {
                                                        "Worker Number": 4,
                                                        "Actual Startup Time": 194.219,
                                                        "Actual Total Time": 269.279,
                                                        "Actual Rows": 79957,
                                                        "Actual Loops": 1
                                                    }
                                                ]
                                            },
                                            {
                                                "Node Type": "Hash",
                                                "Parent Relationship": "Inner",
                                                "Parallel Aware": true,
                                                "Startup Cost": 43899.01,
                                                "Total Cost": 43899.01,
                                                "Plan Rows": 248871,
                                                "Plan Width": 4,
                                                "Actual Startup Time": 139.833,
                                                "Actual Total Time": 139.834,
                                                "Actual Rows": 164175,
                                                "Actual Loops": 6,
                                                "Output": [
                                                    "t.id"
                                                ],
                                                "Hash Buckets": 1048576,
                                                "Original Hash Buckets": 1048576,
                                                "Hash Batches": 1,
                                                "Original Hash Batches": 1,
                                                "Peak Memory Usage": 46816,
                                                "Workers": [
                                                    {
                                                        "Worker Number": 0,
                                                        "Actual Startup Time": 140.089,
                                                        "Actual Total Time": 140.09,
                                                        "Actual Rows": 168892,
                                                        "Actual Loops": 1
                                                    },
                                                    {
                                                        "Worker Number": 1,
                                                        "Actual Startup Time": 139.924,
                                                        "Actual Total Time": 139.925,
                                                        "Actual Rows": 102658,
                                                        "Actual Loops": 1
                                                    },
                                                    {
                                                        "Worker Number": 2,
                                                        "Actual Startup Time": 141.308,
                                                        "Actual Total Time": 141.309,
                                                        "Actual Rows": 169574,
                                                        "Actual Loops": 1
                                                    },
                                                    {
                                                        "Worker Number": 3,
                                                        "Actual Startup Time": 141.394,
                                                        "Actual Total Time": 141.396,
                                                        "Actual Rows": 170028,
                                                        "Actual Loops": 1
                                                    },
                                                    {
                                                        "Worker Number": 4,
                                                        "Actual Startup Time": 141.579,
                                                        "Actual Total Time": 141.581,
                                                        "Actual Rows": 167993,
                                                        "Actual Loops": 1
                                                    }
                                                ],
                                                "Plans": [
                                                    {
                                                        "Node Type": "Seq Scan",
                                                        "Parent Relationship": "Outer",
                                                        "Parallel Aware": true,
                                                        "Relation Name": "title",
                                                        "Schema": "public",
                                                        "Alias": "t",
                                                        "Startup Cost": 0.0,
                                                        "Total Cost": 43899.01,
                                                        "Plan Rows": 248871,
                                                        "Plan Width": 4,
                                                        "Actual Startup Time": 0.074,
                                                        "Actual Total Time": 78.948,
                                                        "Actual Rows": 164175,
                                                        "Actual Loops": 6,
                                                        "Output": [
                                                            "t.id"
                                                        ],
                                                        "Filter": "(t.kind_id < 7)",
                                                        "Rows Removed by Filter": 257211,
                                                        "Workers": [
                                                            {
                                                                "Worker Number": 0,
                                                                "Actual Startup Time": 0.088,
                                                                "Actual Total Time": 80.378,
                                                                "Actual Rows": 168892,
                                                                "Actual Loops": 1
                                                            },
                                                            {
                                                                "Worker Number": 1,
                                                                "Actual Startup Time": 0.089,
                                                                "Actual Total Time": 78.399,
                                                                "Actual Rows": 102658,
                                                                "Actual Loops": 1
                                                            },
                                                            {
                                                                "Worker Number": 2,
                                                                "Actual Startup Time": 0.088,
                                                                "Actual Total Time": 80.071,
                                                                "Actual Rows": 169574,
                                                                "Actual Loops": 1
                                                            },
                                                            {
                                                                "Worker Number": 3,
                                                                "Actual Startup Time": 0.078,
                                                                "Actual Total Time": 79.723,
                                                                "Actual Rows": 170028,
                                                                "Actual Loops": 1
                                                            },
                                                            {
                                                                "Worker Number": 4,
                                                                "Actual Startup Time": 0.083,
                                                                "Actual Total Time": 79.311,
                                                                "Actual Rows": 167993,
                                                                "Actual Loops": 1
                                                            }
                                                        ]
                                                    }
                                                ]
                                            }
                                        ]
                                    },
                                    {
                                        "Node Type": "Index Only Scan",
                                        "Parent Relationship": "Inner",
                                        "Parallel Aware": false,
                                        "Scan Direction": "Forward",
                                        "Index Name": "movie_id_cast_info",
                                        "Relation Name": "cast_info",
                                        "Schema": "public",
                                        "Alias": "ci",
                                        "Startup Cost": 0.56,
                                        "Total Cost": 2.77,
                                        "Plan Rows": 38,
                                        "Plan Width": 4,
                                        "Actual Startup Time": 0.004,
                                        "Actual Total Time": 0.034,
                                        "Actual Rows": 61,
                                        "Actual Loops": 428566,
                                        "Output": [
                                            "ci.movie_id"
                                        ],
                                        "Index Cond": "(ci.movie_id = t.id)",
                                        "Rows Removed by Index Recheck": 0,
                                        "Heap Fetches": 26229343,
                                        "Workers": [
                                            {
                                                "Worker Number": 0,
                                                "Actual Startup Time": 0.004,
                                                "Actual Total Time": 0.032,
                                                "Actual Rows": 60,
                                                "Actual Loops": 74654
                                            },
                                            {
                                                "Worker Number": 1,
                                                "Actual Startup Time": 0.006,
                                                "Actual Total Time": 0.049,
                                                "Actual Rows": 61,
                                                "Actual Loops": 50076
                                            },
                                            {
                                                "Worker Number": 2,
                                                "Actual Startup Time": 0.004,
                                                "Actual Total Time": 0.033,
                                                "Actual Rows": 63,
                                                "Actual Loops": 72763
                                            },
                                            {
                                                "Worker Number": 3,
                                                "Actual Startup Time": 0.004,
                                                "Actual Total Time": 0.033,
                                                "Actual Rows": 63,
                                                "Actual Loops": 73580
                                            },
                                            {
                                                "Worker Number": 4,
                                                "Actual Startup Time": 0.004,
                                                "Actual Total Time": 0.033,
                                                "Actual Rows": 63,
                                                "Actual Loops": 73050
                                            }
                                        ]
                                    }
                                ]
                            }
                        ]
                    }
                ]
            }
        ]
    },
    "Planning Time": 1.557,
    "Triggers": [],
    "Execution Time": 3507.496
}