[
  {
    "Plan": {
      "Node Type": "Aggregate",
      "Strategy": "Plain",
      "Partial Mode": "Finalize",
      "Parallel Aware": false,
      "Startup Cost": 299749.53,
      "Total Cost": 299749.54,
      "Plan Rows": 1,
      "Plan Width": 8,
      "Actual Startup Time": 173.478,
      "Actual Total Time": 184.151,
      "Actual Rows": 1,
      "Actual Loops": 1,
      "Plans": [
        {
          "Node Type": "Gather",
          "Parent Relationship": "Outer",
          "Parallel Aware": false,
          "Startup Cost": 299748.91,
          "Total Cost": 299749.52,
          "Plan Rows": 6,
          "Plan Width": 8,
          "Actual Startup Time": 172.926,
          "Actual Total Time": 184.129,
          "Actual Rows": 7,
          "Actual Loops": 1,
          "Workers Planned": 6,
          "Workers Launched": 6,
          "Single Copy": false,
          "Plans": [
            {
              "Node Type": "Aggregate",
              "Strategy": "Plain",
              "Partial Mode": "Partial",
              "Parent Relationship": "Outer",
              "Parallel Aware": false,
              "Startup Cost": 298748.91,
              "Total Cost": 298748.92,
              "Plan Rows": 1,
              "Plan Width": 8,
              "Actual Startup Time": 164.002,
              "Actual Total Time": 164.004,
              "Actual Rows": 1,
              "Actual Loops": 7,
              "Plans": [
                {
                  "Node Type": "Bitmap Heap Scan",
                  "Parent Relationship": "Outer",
                  "Parallel Aware": true,
                  "Relation Name": "cast_info",
                  "Alias": "ci",
                  "Startup Cost": 41376.7,
                  "Total Cost": 297968.04,
                  "Plan Rows": 312347,
                  "Plan Width": 0,
                  "Actual Startup Time": 73.282,
                  "Actual Total Time": 147.168,
                  "Actual Rows": 277076,
                  "Actual Loops": 7,
                  "Recheck Cond": "(person_id < 190147)",
                  "Rows Removed by Index Recheck": 0,
                  "Exact Heap Blocks": 5682,
                  "Lossy Heap Blocks": 0,
                  "Plans": [
                    {
                      "Node Type": "Bitmap Index Scan",
                      "Parent Relationship": "Outer",
                      "Parallel Aware": false,
                      "Index Name": "person_id_cast_info",
                      "Startup Cost": 0.0,
                      "Total Cost": 40908.18,
                      "Plan Rows": 1874082,
                      "Plan Width": 0,
                      "Actual Startup Time": 78.315,
                      "Actual Total Time": 78.316,
                      "Actual Rows": 1939529,
                      "Actual Loops": 1,
                      "Index Cond": "(person_id < 190147)"
                    }
                  ]
                }
              ]
            }
          ]
        }
      ]
    },
    "Planning Time": 0.116,
    "Triggers": [],
    "Execution Time": 184.194
  }
]