[
  {
    "Plan": {
      "Node Type": "Aggregate",
      "Strategy": "Plain",
      "Partial Mode": "Finalize",
      "Parallel Aware": false,
      "Startup Cost": 300813.78,
      "Total Cost": 300813.79,
      "Plan Rows": 1,
      "Plan Width": 8,
      "Actual Startup Time": 195.897,
      "Actual Total Time": 204.915,
      "Actual Rows": 1,
      "Actual Loops": 1,
      "Plans": [
        {
          "Node Type": "Gather",
          "Parent Relationship": "Outer",
          "Parallel Aware": false,
          "Startup Cost": 300813.15,
          "Total Cost": 300813.76,
          "Plan Rows": 6,
          "Plan Width": 8,
          "Actual Startup Time": 195.42,
          "Actual Total Time": 204.908,
          "Actual Rows": 7,
          "Actual Loops": 1,
          "Workers Planned": 6,
          "Workers Launched": 6,
          "Single Copy": false,
          "Plans": [
            {
              "Node Type": "Aggregate",
              "Strategy": "Plain",
              "Partial Mode": "Partial",
              "Parent Relationship": "Outer",
              "Parallel Aware": false,
              "Startup Cost": 299813.15,
              "Total Cost": 299813.16,
              "Plan Rows": 1,
              "Plan Width": 8,
              "Actual Startup Time": 186.283,
              "Actual Total Time": 186.284,
              "Actual Rows": 1,
              "Actual Loops": 7,
              "Plans": [
                {
                  "Node Type": "Bitmap Heap Scan",
                  "Parent Relationship": "Outer",
                  "Parallel Aware": true,
                  "Relation Name": "cast_info",
                  "Alias": "ci",
                  "Startup Cost": 42334.55,
                  "Total Cost": 299014.55,
                  "Plan Rows": 319440,
                  "Plan Width": 0,
                  "Actual Startup Time": 99.72,
                  "Actual Total Time": 169.596,
                  "Actual Rows": 277076,
                  "Actual Loops": 7,
                  "Recheck Cond": "(person_id < 190147)",
                  "Rows Removed by Index Recheck": 0,
                  "Exact Heap Blocks": 5561,
                  "Lossy Heap Blocks": 0,
                  "Plans": [
                    {
                      "Node Type": "Bitmap Index Scan",
                      "Parent Relationship": "Outer",
                      "Parallel Aware": false,
                      "Index Name": "person_id_cast_info",
                      "Startup Cost": 0.0,
                      "Total Cost": 41855.39,
                      "Plan Rows": 1916643,
                      "Plan Width": 0,
                      "Actual Startup Time": 104.649,
                      "Actual Total Time": 104.65,
                      "Actual Rows": 1939529,
                      "Actual Loops": 1,
                      "Index Cond": "(person_id < 190147)"
                    }
                  ]
                }
              ]
            }
          ]
        }
      ]
    },
    "Planning Time": 0.197,
    "Triggers": [],
    "Execution Time": 204.992
  }
]