[
  {
    "Plan": {
      "Node Type": "Aggregate",
      "Strategy": "Plain",
      "Partial Mode": "Finalize",
      "Parallel Aware": false,
      "Startup Cost": 127892.61,
      "Total Cost": 127892.62,
      "Plan Rows": 1,
      "Plan Width": 8,
      "Actual Startup Time": 1592.628,
      "Actual Total Time": 1680.824,
      "Actual Rows": 1,
      "Actual Loops": 1,
      "Plans": [
        {
          "Node Type": "Gather",
          "Parent Relationship": "Outer",
          "Parallel Aware": false,
          "Startup Cost": 127892.19,
          "Total Cost": 127892.6,
          "Plan Rows": 4,
          "Plan Width": 8,
          "Actual Startup Time": 1590.81,
          "Actual Total Time": 1680.803,
          "Actual Rows": 5,
          "Actual Loops": 1,
          "Workers Planned": 4,
          "Workers Launched": 4,
          "Single Copy": false,
          "Plans": [
            {
              "Node Type": "Aggregate",
              "Strategy": "Plain",
              "Partial Mode": "Partial",
              "Parent Relationship": "Outer",
              "Parallel Aware": false,
              "Startup Cost": 126892.19,
              "Total Cost": 126892.2,
              "Plan Rows": 1,
              "Plan Width": 8,
              "Actual Startup Time": 1580.498,
              "Actual Total Time": 1580.502,
              "Actual Rows": 1,
              "Actual Loops": 5,
              "Plans": [
                {
                  "Node Type": "Nested Loop",
                  "Parent Relationship": "Outer",
                  "Parallel Aware": false,
                  "Join Type": "Inner",
                  "Startup Cost": 24896.73,
                  "Total Cost": 126372.51,
                  "Plan Rows": 207874,
                  "Plan Width": 0,
                  "Actual Startup Time": 85.766,
                  "Actual Total Time": 1551.656,
                  "Actual Rows": 496771,
                  "Actual Loops": 5,
                  "Inner Unique": false,
                  "Plans": [
                    {
                      "Node Type": "Hash Join",
                      "Parent Relationship": "Outer",
                      "Parallel Aware": true,
                      "Join Type": "Inner",
                      "Startup Cost": 24896.16,
                      "Total Cost": 70460.71,
                      "Plan Rows": 26491,
                      "Plan Width": 8,
                      "Actual Startup Time": 85.671,
                      "Actual Total Time": 294.392,
                      "Actual Rows": 33410,
                      "Actual Loops": 5,
                      "Inner Unique": false,
                      "Hash Cond": "(t.id = mc.movie_id)",
                      "Plans": [
                        {
                          "Node Type": "Seq Scan",
                          "Parent Relationship": "Outer",
                          "Parallel Aware": true,
                          "Relation Name": "title",
                          "Alias": "t",
                          "Startup Cost": 0.0,
                          "Total Cost": 42318.73,
                          "Plan Rows": 632073,
                          "Plan Width": 4,
                          "Actual Startup Time": 0.011,
                          "Actual Total Time": 68.043,
                          "Actual Rows": 505662,
                          "Actual Loops": 5
                        },
                        {
                          "Node Type": "Hash",
                          "Parent Relationship": "Inner",
                          "Parallel Aware": true,
                          "Startup Cost": 24468.89,
                          "Total Cost": 24468.89,
                          "Plan Rows": 34182,
                          "Plan Width": 4,
                          "Actual Startup Time": 84.457,
                          "Actual Total Time": 84.459,
                          "Actual Rows": 33410,
                          "Actual Loops": 5,
                          "Hash Buckets": 262144,
                          "Original Hash Buckets": 131072,
                          "Hash Batches": 1,
                          "Original Hash Batches": 1,
                          "Peak Memory Usage": 9664,
                          "Plans": [
                            {
                              "Node Type": "Bitmap Heap Scan",
                              "Parent Relationship": "Outer",
                              "Parallel Aware": true,
                              "Relation Name": "movie_companies",
                              "Alias": "mc",
                              "Startup Cost": 4637.33,
                              "Total Cost": 24468.89,
                              "Plan Rows": 34182,
                              "Plan Width": 4,
                              "Actual Startup Time": 22.857,
                              "Actual Total Time": 63.972,
                              "Actual Rows": 33410,
                              "Actual Loops": 5,
                              "Recheck Cond": "(company_id < 73)",
                              "Rows Removed by Index Recheck": 0,
                              "Filter": "(company_type_id < 2)",
                              "Rows Removed by Filter": 9631,
                              "Exact Heap Blocks": 7880,
                              "Lossy Heap Blocks": 0,
                              "Plans": [
                                {
                                  "Node Type": "Bitmap Index Scan",
                                  "Parent Relationship": "Outer",
                                  "Parallel Aware": false,
                                  "Index Name": "company_id_movie_companies",
                                  "Startup Cost": 0.0,
                                  "Total Cost": 4610.84,
                                  "Plan Rows": 215255,
                                  "Plan Width": 0,
                                  "Actual Startup Time": 23.975,
                                  "Actual Total Time": 23.975,
                                  "Actual Rows": 215203,
                                  "Actual Loops": 1,
                                  "Index Cond": "(company_id < 73)"
                                }
                              ]
                            }
                          ]
                        }
                      ]
                    },
                    {
                      "Node Type": "Index Scan",
                      "Parent Relationship": "Inner",
                      "Parallel Aware": false,
                      "Scan Direction": "Forward",
                      "Index Name": "movie_id_cast_info",
                      "Relation Name": "cast_info",
                      "Alias": "ci",
                      "Startup Cost": 0.56,
                      "Total Cost": 1.91,
                      "Plan Rows": 20,
                      "Plan Width": 4,
                      "Actual Startup Time": 0.007,
                      "Actual Total Time": 0.036,
                      "Actual Rows": 15,
                      "Actual Loops": 167048,
                      "Index Cond": "(movie_id = t.id)",
                      "Rows Removed by Index Recheck": 0,
                      "Filter": "(role_id < 3)",
                      "Rows Removed by Filter": 15
                    }
                  ]
                }
              ]
            }
          ]
        }
      ]
    },
    "Planning Time": 1.49,
    "Triggers": [],
    "Execution Time": 1680.955
  }
]