[
  {
    "Plan": {
      "Node Type": "Aggregate",
      "Strategy": "Plain",
      "Partial Mode": "Finalize",
      "Parallel Aware": false,
      "Startup Cost": 91497.13,
      "Total Cost": 91497.14,
      "Plan Rows": 1,
      "Plan Width": 8,
      "Actual Startup Time": 428.974,
      "Actual Total Time": 450.546,
      "Actual Rows": 1,
      "Actual Loops": 1,
      "Plans": [
        {
          "Node Type": "Gather",
          "Parent Relationship": "Outer",
          "Parallel Aware": false,
          "Startup Cost": 91496.81,
          "Total Cost": 91497.12,
          "Plan Rows": 3,
          "Plan Width": 8,
          "Actual Startup Time": 425.321,
          "Actual Total Time": 450.532,
          "Actual Rows": 4,
          "Actual Loops": 1,
          "Workers Planned": 3,
          "Workers Launched": 3,
          "Single Copy": false,
          "Plans": [
            {
              "Node Type": "Aggregate",
              "Strategy": "Plain",
              "Partial Mode": "Partial",
              "Parent Relationship": "Outer",
              "Parallel Aware": false,
              "Startup Cost": 90496.81,
              "Total Cost": 90496.82,
              "Plan Rows": 1,
              "Plan Width": 8,
              "Actual Startup Time": 416.815,
              "Actual Total Time": 416.819,
              "Actual Rows": 1,
              "Actual Loops": 4,
              "Plans": [
                {
                  "Node Type": "Hash Join",
                  "Parent Relationship": "Outer",
                  "Parallel Aware": true,
                  "Join Type": "Inner",
                  "Startup Cost": 46392.82,
                  "Total Cost": 90357.16,
                  "Plan Rows": 55861,
                  "Plan Width": 0,
                  "Actual Startup Time": 185.788,
                  "Actual Total Time": 407.656,
                  "Actual Rows": 139618,
                  "Actual Loops": 4,
                  "Inner Unique": true,
                  "Hash Cond": "(mk.movie_id = t.id)",
                  "Plans": [
                    {
                      "Node Type": "Seq Scan",
                      "Parent Relationship": "Outer",
                      "Parallel Aware": true,
                      "Relation Name": "movie_keyword",
                      "Alias": "mk",
                      "Startup Cost": 0.0,
                      "Total Cost": 42695.65,
                      "Plan Rows": 483307,
                      "Plan Width": 4,
                      "Actual Startup Time": 1.133,
                      "Actual Total Time": 147.946,
                      "Actual Rows": 371566,
                      "Actual Loops": 4,
                      "Filter": "(keyword_id > 10991)",
                      "Rows Removed by Filter": 759416
                    },
                    {
                      "Node Type": "Hash",
                      "Parent Relationship": "Inner",
                      "Parallel Aware": true,
                      "Startup Cost": 45479.59,
                      "Total Cost": 45479.59,
                      "Plan Rows": 73059,
                      "Plan Width": 4,
                      "Actual Startup Time": 180.51,
                      "Actual Total Time": 180.511,
                      "Actual Rows": 108292,
                      "Actual Loops": 4,
                      "Hash Buckets": 524288,
                      "Original Hash Buckets": 524288,
                      "Hash Batches": 1,
                      "Original Hash Batches": 1,
                      "Peak Memory Usage": 21088,
                      "Plans": [
                        {
                          "Node Type": "Seq Scan",
                          "Parent Relationship": "Outer",
                          "Parallel Aware": true,
                          "Relation Name": "title",
                          "Alias": "t",
                          "Startup Cost": 0.0,
                          "Total Cost": 45479.59,
                          "Plan Rows": 73059,
                          "Plan Width": 4,
                          "Actual Startup Time": 0.065,
                          "Actual Total Time": 132.055,
                          "Actual Rows": 108292,
                          "Actual Loops": 4,
                          "Filter": "((kind_id < 4) AND (production_year < 1997))",
                          "Rows Removed by Filter": 523786
                        }
                      ]
                    }
                  ]
                }
              ]
            }
          ]
        }
      ]
    },
    "Planning Time": 0.666,
    "Triggers": [],
    "Execution Time": 450.621
  }
]