[
  {
    "Plan": {
      "Node Type": "Aggregate",
      "Strategy": "Plain",
      "Partial Mode": "Finalize",
      "Parallel Aware": false,
      "Startup Cost": 77911.81,
      "Total Cost": 77911.82,
      "Plan Rows": 1,
      "Plan Width": 8,
      "Actual Startup Time": 554.824,
      "Actual Total Time": 576.983,
      "Actual Rows": 1,
      "Actual Loops": 1,
      "Plans": [
        {
          "Node Type": "Gather",
          "Parent Relationship": "Outer",
          "Parallel Aware": false,
          "Startup Cost": 77911.49,
          "Total Cost": 77911.8,
          "Plan Rows": 3,
          "Plan Width": 8,
          "Actual Startup Time": 537.587,
          "Actual Total Time": 576.97,
          "Actual Rows": 4,
          "Actual Loops": 1,
          "Workers Planned": 3,
          "Workers Launched": 3,
          "Single Copy": false,
          "Plans": [
            {
              "Node Type": "Aggregate",
              "Strategy": "Plain",
              "Partial Mode": "Partial",
              "Parent Relationship": "Outer",
              "Parallel Aware": false,
              "Startup Cost": 76911.49,
              "Total Cost": 76911.5,
              "Plan Rows": 1,
              "Plan Width": 8,
              "Actual Startup Time": 517.123,
              "Actual Total Time": 517.129,
              "Actual Rows": 1,
              "Actual Loops": 4,
              "Plans": [
                {
                  "Node Type": "Hash Join",
                  "Parent Relationship": "Outer",
                  "Parallel Aware": true,
                  "Join Type": "Inner",
                  "Startup Cost": 56479.31,
                  "Total Cost": 76678.56,
                  "Plan Rows": 93174,
                  "Plan Width": 0,
                  "Actual Startup Time": 430.066,
                  "Actual Total Time": 513.334,
                  "Actual Rows": 70724,
                  "Actual Loops": 4,
                  "Inner Unique": true,
                  "Hash Cond": "(mc.movie_id = t.id)",
                  "Plans": [
                    {
                      "Node Type": "Bitmap Heap Scan",
                      "Parent Relationship": "Outer",
                      "Parallel Aware": true,
                      "Relation Name": "movie_companies",
                      "Alias": "mc",
                      "Startup Cost": 6258.92,
                      "Total Cost": 26213.59,
                      "Plan Rows": 93174,
                      "Plan Width": 4,
                      "Actual Startup Time": 14.538,
                      "Actual Total Time": 50.114,
                      "Actual Rows": 70724,
                      "Actual Loops": 4,
                      "Recheck Cond": "(company_id < 152)",
                      "Rows Removed by Index Recheck": 0,
                      "Exact Heap Blocks": 5853,
                      "Lossy Heap Blocks": 0,
                      "Plans": [
                        {
                          "Node Type": "Bitmap Index Scan",
                          "Parent Relationship": "Outer",
                          "Parallel Aware": false,
                          "Index Name": "company_id_movie_companies",
                          "Startup Cost": 0.0,
                          "Total Cost": 6186.72,
                          "Plan Rows": 288838,
                          "Plan Width": 0,
                          "Actual Startup Time": 11.826,
                          "Actual Total Time": 11.827,
                          "Actual Rows": 282895,
                          "Actual Loops": 1,
                          "Index Cond": "(company_id < 152)"
                        }
                      ]
                    },
                    {
                      "Node Type": "Hash",
                      "Parent Relationship": "Inner",
                      "Parallel Aware": true,
                      "Startup Cost": 42319.06,
                      "Total Cost": 42319.06,
                      "Plan Rows": 632106,
                      "Plan Width": 4,
                      "Actual Startup Time": 403.256,
                      "Actual Total Time": 403.257,
                      "Actual Rows": 632078,
                      "Actual Loops": 4,
                      "Hash Buckets": 4194304,
                      "Original Hash Buckets": 4194304,
                      "Hash Batches": 1,
                      "Original Hash Batches": 1,
                      "Peak Memory Usage": 131744,
                      "Plans": [
                        {
                          "Node Type": "Seq Scan",
                          "Parent Relationship": "Outer",
                          "Parallel Aware": true,
                          "Relation Name": "title",
                          "Alias": "t",
                          "Startup Cost": 0.0,
                          "Total Cost": 42319.06,
                          "Plan Rows": 632106,
                          "Plan Width": 4,
                          "Actual Startup Time": 0.05,
                          "Actual Total Time": 116.969,
                          "Actual Rows": 632078,
                          "Actual Loops": 4
                        }
                      ]
                    }
                  ]
                }
              ]
            }
          ]
        }
      ]
    },
    "Planning Time": 0.652,
    "Triggers": [],
    "Execution Time": 577.075
  }
]