[
  {
    "Plan": {
      "Node Type": "Aggregate",
      "Strategy": "Plain",
      "Partial Mode": "Finalize",
      "Parallel Aware": false,
      "Startup Cost": 460596.77,
      "Total Cost": 460596.78,
      "Plan Rows": 1,
      "Plan Width": 8,
      "Actual Startup Time": 2335.351,
      "Actual Total Time": 2395.612,
      "Actual Rows": 1,
      "Actual Loops": 1,
      "Plans": [
        {
          "Node Type": "Gather",
          "Parent Relationship": "Outer",
          "Parallel Aware": false,
          "Startup Cost": 460596.14,
          "Total Cost": 460596.75,
          "Plan Rows": 6,
          "Plan Width": 8,
          "Actual Startup Time": 2304.867,
          "Actual Total Time": 2395.594,
          "Actual Rows": 7,
          "Actual Loops": 1,
          "Workers Planned": 6,
          "Workers Launched": 6,
          "Single Copy": false,
          "Plans": [
            {
              "Node Type": "Aggregate",
              "Strategy": "Plain",
              "Partial Mode": "Partial",
              "Parent Relationship": "Outer",
              "Parallel Aware": false,
              "Startup Cost": 459596.14,
              "Total Cost": 459596.15,
              "Plan Rows": 1,
              "Plan Width": 8,
              "Actual Startup Time": 2294.457,
              "Actual Total Time": 2294.976,
              "Actual Rows": 1,
              "Actual Loops": 7,
              "Plans": [
                {
                  "Node Type": "Hash Join",
                  "Parent Relationship": "Outer",
                  "Parallel Aware": true,
                  "Join Type": "Inner",
                  "Startup Cost": 99936.52,
                  "Total Cost": 456278.43,
                  "Plan Rows": 1327084,
                  "Plan Width": 0,
                  "Actual Startup Time": 856.882,
                  "Actual Total Time": 2100.411,
                  "Actual Rows": 4002079,
                  "Actual Loops": 7,
                  "Inner Unique": false,
                  "Hash Cond": "(ci.movie_id = t.id)",
                  "Plans": [
                    {
                      "Node Type": "Seq Scan",
                      "Parent Relationship": "Outer",
                      "Parallel Aware": true,
                      "Relation Name": "cast_info",
                      "Alias": "ci",
                      "Startup Cost": 0.0,
                      "Total Cost": 343316.27,
                      "Plan Rows": 2331927,
                      "Plan Width": 4,
                      "Actual Startup Time": 355.218,
                      "Actual Total Time": 725.976,
                      "Actual Rows": 2114294,
                      "Actual Loops": 7,
                      "Filter": "((person_id > 464221) AND (role_id > 2))",
                      "Rows Removed by Filter": 3063469
                    },
                    {
                      "Node Type": "Hash",
                      "Parent Relationship": "Inner",
                      "Parallel Aware": true,
                      "Startup Cost": 94134.47,
                      "Total Cost": 94134.47,
                      "Plan Rows": 464164,
                      "Plan Width": 8,
                      "Actual Startup Time": 498.434,
                      "Actual Total Time": 498.951,
                      "Actual Rows": 205453,
                      "Actual Loops": 7,
                      "Hash Buckets": 2097152,
                      "Original Hash Buckets": 2097152,
                      "Hash Batches": 1,
                      "Original Hash Batches": 1,
                      "Peak Memory Usage": 72768,
                      "Plans": [
                        {
                          "Node Type": "Hash Join",
                          "Parent Relationship": "Outer",
                          "Parallel Aware": true,
                          "Join Type": "Inner",
                          "Startup Cost": 50220.38,
                          "Total Cost": 94134.47,
                          "Plan Rows": 464164,
                          "Plan Width": 8,
                          "Actual Startup Time": 285.814,
                          "Actual Total Time": 424.735,
                          "Actual Rows": 205453,
                          "Actual Loops": 7,
                          "Inner Unique": true,
                          "Hash Cond": "(mk.movie_id = t.id)",
                          "Plans": [
                            {
                              "Node Type": "Seq Scan",
                              "Parent Relationship": "Outer",
                              "Parallel Aware": true,
                              "Relation Name": "movie_keyword",
                              "Alias": "mk",
                              "Startup Cost": 0.0,
                              "Total Cost": 42695.65,
                              "Plan Rows": 464164,
                              "Plan Width": 4,
                              "Actual Startup Time": 0.042,
                              "Actual Total Time": 73.797,
                              "Actual Rows": 205453,
                              "Actual Loops": 7,
                              "Filter": "(keyword_id < 2003)",
                              "Rows Removed by Filter": 440823
                            },
                            {
                              "Node Type": "Hash",
                              "Parent Relationship": "Inner",
                              "Parallel Aware": true,
                              "Startup Cost": 42319.06,
                              "Total Cost": 42319.06,
                              "Plan Rows": 632106,
                              "Plan Width": 4,
                              "Actual Startup Time": 281.351,
                              "Actual Total Time": 281.352,
                              "Actual Rows": 361187,
                              "Actual Loops": 7,
                              "Hash Buckets": 4194304,
                              "Original Hash Buckets": 4194304,
                              "Hash Batches": 1,
                              "Original Hash Batches": 1,
                              "Peak Memory Usage": 131808,
                              "Plans": [
                                {
                                  "Node Type": "Seq Scan",
                                  "Parent Relationship": "Outer",
                                  "Parallel Aware": true,
                                  "Relation Name": "title",
                                  "Alias": "t",
                                  "Startup Cost": 0.0,
                                  "Total Cost": 42319.06,
                                  "Plan Rows": 632106,
                                  "Plan Width": 4,
                                  "Actual Startup Time": 0.056,
                                  "Actual Total Time": 81.278,
                                  "Actual Rows": 361187,
                                  "Actual Loops": 7
                                }
                              ]
                            }
                          ]
                        }
                      ]
                    }
                  ]
                }
              ]
            }
          ]
        }
      ]
    },
    "Planning Time": 0.558,
    "Triggers": [],
    "Execution Time": 2395.671
  }
]