[
  {
    "Plan": {
      "Node Type": "Aggregate",
      "Strategy": "Plain",
      "Partial Mode": "Finalize",
      "Parallel Aware": false,
      "Startup Cost": 46749.7,
      "Total Cost": 46749.71,
      "Plan Rows": 1,
      "Plan Width": 8,
      "Actual Startup Time": 190.235,
      "Actual Total Time": 200.36,
      "Actual Rows": 1,
      "Actual Loops": 1,
      "Plans": [
        {
          "Node Type": "Gather",
          "Parent Relationship": "Outer",
          "Parallel Aware": false,
          "Startup Cost": 46749.38,
          "Total Cost": 46749.69,
          "Plan Rows": 3,
          "Plan Width": 8,
          "Actual Startup Time": 190.123,
          "Actual Total Time": 200.353,
          "Actual Rows": 4,
          "Actual Loops": 1,
          "Workers Planned": 3,
          "Workers Launched": 3,
          "Single Copy": false,
          "Plans": [
            {
              "Node Type": "Aggregate",
              "Strategy": "Plain",
              "Partial Mode": "Partial",
              "Parent Relationship": "Outer",
              "Parallel Aware": false,
              "Startup Cost": 45749.38,
              "Total Cost": 45749.39,
              "Plan Rows": 1,
              "Plan Width": 8,
              "Actual Startup Time": 183.448,
              "Actual Total Time": 183.449,
              "Actual Rows": 1,
              "Actual Loops": 4,
              "Plans": [
                {
                  "Node Type": "Seq Scan",
                  "Parent Relationship": "Outer",
                  "Parallel Aware": true,
                  "Relation Name": "movie_keyword",
                  "Alias": "mk",
                  "Startup Cost": 0.0,
                  "Total Cost": 42695.65,
                  "Plan Rows": 1221492,
                  "Plan Width": 0,
                  "Actual Startup Time": 0.05,
                  "Actual Total Time": 134.72,
                  "Actual Rows": 947062,
                  "Actual Loops": 4,
                  "Filter": "(keyword_id < 25604)",
                  "Rows Removed by Filter": 183920
                }
              ]
            }
          ]
        }
      ]
    },
    "Planning Time": 0.096,
    "Triggers": [],
    "Execution Time": 200.391
  }
]