[
  {
    "Plan": {
      "Node Type": "Aggregate",
      "Strategy": "Plain",
      "Partial Mode": "Finalize",
      "Parallel Aware": false,
      "Startup Cost": 33125.97,
      "Total Cost": 33125.98,
      "Plan Rows": 1,
      "Plan Width": 8,
      "Actual Startup Time": 118.291,
      "Actual Total Time": 126.566,
      "Actual Rows": 1,
      "Actual Loops": 1,
      "Plans": [
        {
          "Node Type": "Gather",
          "Parent Relationship": "Outer",
          "Parallel Aware": false,
          "Startup Cost": 33125.65,
          "Total Cost": 33125.96,
          "Plan Rows": 3,
          "Plan Width": 8,
          "Actual Startup Time": 118.141,
          "Actual Total Time": 126.554,
          "Actual Rows": 4,
          "Actual Loops": 1,
          "Workers Planned": 3,
          "Workers Launched": 3,
          "Single Copy": false,
          "Plans": [
            {
              "Node Type": "Aggregate",
              "Strategy": "Plain",
              "Partial Mode": "Partial",
              "Parent Relationship": "Outer",
              "Parallel Aware": false,
              "Startup Cost": 32125.65,
              "Total Cost": 32125.66,
              "Plan Rows": 1,
              "Plan Width": 8,
              "Actual Startup Time": 108.771,
              "Actual Total Time": 108.773,
              "Actual Rows": 1,
              "Actual Loops": 4,
              "Plans": [
                {
                  "Node Type": "Seq Scan",
                  "Parent Relationship": "Outer",
                  "Parallel Aware": true,
                  "Relation Name": "movie_companies",
                  "Alias": "mc",
                  "Startup Cost": 0.0,
                  "Total Cost": 31414.82,
                  "Plan Rows": 284332,
                  "Plan Width": 0,
                  "Actual Startup Time": 0.05,
                  "Actual Total Time": 90.557,
                  "Actual Rows": 301075,
                  "Actual Loops": 4,
                  "Filter": "((company_id < 30968) AND (company_type_id < 2))",
                  "Rows Removed by Filter": 351207
                }
              ]
            }
          ]
        }
      ]
    },
    "Planning Time": 0.12,
    "Triggers": [],
    "Execution Time": 126.598
  }
]