[
  {
    "Plan": {
      "Node Type": "Aggregate",
      "Strategy": "Plain",
      "Partial Mode": "Finalize",
      "Parallel Aware": false,
      "Startup Cost": 331150.52,
      "Total Cost": 331150.53,
      "Plan Rows": 1,
      "Plan Width": 8,
      "Actual Startup Time": 569.742,
      "Actual Total Time": 624.472,
      "Actual Rows": 1,
      "Actual Loops": 1,
      "Plans": [
        {
          "Node Type": "Gather",
          "Parent Relationship": "Outer",
          "Parallel Aware": false,
          "Startup Cost": 331149.89,
          "Total Cost": 331150.5,
          "Plan Rows": 6,
          "Plan Width": 8,
          "Actual Startup Time": 569.625,
          "Actual Total Time": 624.462,
          "Actual Rows": 7,
          "Actual Loops": 1,
          "Workers Planned": 6,
          "Workers Launched": 6,
          "Single Copy": false,
          "Plans": [
            {
              "Node Type": "Aggregate",
              "Strategy": "Plain",
              "Partial Mode": "Partial",
              "Parent Relationship": "Outer",
              "Parallel Aware": false,
              "Startup Cost": 330149.89,
              "Total Cost": 330149.9,
              "Plan Rows": 1,
              "Plan Width": 8,
              "Actual Startup Time": 559.446,
              "Actual Total Time": 559.447,
              "Actual Rows": 1,
              "Actual Loops": 7,
              "Plans": [
                {
                  "Node Type": "Seq Scan",
                  "Parent Relationship": "Outer",
                  "Parallel Aware": true,
                  "Relation Name": "cast_info",
                  "Alias": "ci",
                  "Startup Cost": 0.0,
                  "Total Cost": 328162.03,
                  "Plan Rows": 795147,
                  "Plan Width": 0,
                  "Actual Startup Time": 388.121,
                  "Actual Total Time": 532.006,
                  "Actual Rows": 652438,
                  "Actual Loops": 7,
                  "Filter": "(person_id > 3229113)",
                  "Rows Removed by Filter": 4525326
                }
              ]
            }
          ]
        }
      ]
    },
    "Planning Time": 0.204,
    "Triggers": [],
    "Execution Time": 624.537
  }
]