[
    {
        "Bao": {
            "Bao prediction": "NaN",
            "Bao recommended hint": "(no hint)"
        }
    },
    {
        "Plan": {
            "Node Type": "Aggregate",
            "Strategy": "Plain",
            "Partial Mode": "Finalize",
            "Parallel Aware": false,
            "Startup Cost": 31507.91,
            "Total Cost": 31507.92,
            "Plan Rows": 1,
            "Plan Width": 8,
            "Actual Startup Time": 98.475,
            "Actual Total Time": 104.008,
            "Actual Rows": 1,
            "Actual Loops": 1,
            "Output": [
                "count(*)"
            ],
            "Plans": [
                {
                    "Node Type": "Gather",
                    "Parent Relationship": "Outer",
                    "Parallel Aware": false,
                    "Startup Cost": 31507.59,
                    "Total Cost": 31507.9,
                    "Plan Rows": 3,
                    "Plan Width": 8,
                    "Actual Startup Time": 98.409,
                    "Actual Total Time": 103.989,
                    "Actual Rows": 4,
                    "Actual Loops": 1,
                    "Output": [
                        "(PARTIAL count(*))"
                    ],
                    "Workers Planned": 3,
                    "Workers Launched": 3,
                    "Single Copy": false,
                    "Plans": [
                        {
                            "Node Type": "Aggregate",
                            "Strategy": "Plain",
                            "Partial Mode": "Partial",
                            "Parent Relationship": "Outer",
                            "Parallel Aware": false,
                            "Startup Cost": 30507.59,
                            "Total Cost": 30507.6,
                            "Plan Rows": 1,
                            "Plan Width": 8,
                            "Actual Startup Time": 90.411,
                            "Actual Total Time": 90.412,
                            "Actual Rows": 1,
                            "Actual Loops": 4,
                            "Output": [
                                "PARTIAL count(*)"
                            ],
                            "Workers": [
                                {
                                    "Worker Number": 0,
                                    "Actual Startup Time": 87.672,
                                    "Actual Total Time": 87.673,
                                    "Actual Rows": 1,
                                    "Actual Loops": 1
                                },
                                {
                                    "Worker Number": 1,
                                    "Actual Startup Time": 87.817,
                                    "Actual Total Time": 87.818,
                                    "Actual Rows": 1,
                                    "Actual Loops": 1
                                },
                                {
                                    "Worker Number": 2,
                                    "Actual Startup Time": 88.036,
                                    "Actual Total Time": 88.037,
                                    "Actual Rows": 1,
                                    "Actual Loops": 1
                                }
                            ],
                            "Plans": [
                                {
                                    "Node Type": "Seq Scan",
                                    "Parent Relationship": "Outer",
                                    "Parallel Aware": true,
                                    "Relation Name": "movie_companies",
                                    "Schema": "public",
                                    "Alias": "mc",
                                    "Startup Cost": 0.0,
                                    "Total Cost": 29310.68,
                                    "Plan Rows": 478765,
                                    "Plan Width": 0,
                                    "Actual Startup Time": 6.749,
                                    "Actual Total Time": 73.775,
                                    "Actual Rows": 371091,
                                    "Actual Loops": 4,
                                    "Output": [
                                        "id",
                                        "movie_id",
                                        "company_id",
                                        "company_type_id",
                                        "note"
                                    ],
                                    "Filter": "(mc.company_id > 8008)",
                                    "Rows Removed by Filter": 281191,
                                    "Workers": [
                                        {
                                            "Worker Number": 0,
                                            "Actual Startup Time": 3.954,
                                            "Actual Total Time": 71.525,
                                            "Actual Rows": 333880,
                                            "Actual Loops": 1
                                        },
                                        {
                                            "Worker Number": 1,
                                            "Actual Startup Time": 4.115,
                                            "Actual Total Time": 71.605,
                                            "Actual Rows": 339460,
                                            "Actual Loops": 1
                                        },
                                        {
                                            "Worker Number": 2,
                                            "Actual Startup Time": 4.534,
                                            "Actual Total Time": 71.959,
                                            "Actual Rows": 333388,
                                            "Actual Loops": 1
                                        }
                                    ]
                                }
                            ]
                        }
                    ]
                }
            ]
        },
        "Planning Time": 220.697,
        "Triggers": [],
        "Execution Time": 104.056
    }
]