[
  {
    "Plan": {
      "Node Type": "Aggregate",
      "Strategy": "Plain",
      "Partial Mode": "Finalize",
      "Parallel Aware": false,
      "Startup Cost": 51552.63,
      "Total Cost": 51552.64,
      "Plan Rows": 1,
      "Plan Width": 8,
      "Actual Startup Time": 65.125,
      "Actual Total Time": 72.133,
      "Actual Rows": 1,
      "Actual Loops": 1,
      "Plans": [
        {
          "Node Type": "Gather",
          "Parent Relationship": "Outer",
          "Parallel Aware": false,
          "Startup Cost": 51552.21,
          "Total Cost": 51552.62,
          "Plan Rows": 4,
          "Plan Width": 8,
          "Actual Startup Time": 64.846,
          "Actual Total Time": 72.126,
          "Actual Rows": 5,
          "Actual Loops": 1,
          "Workers Planned": 4,
          "Workers Launched": 4,
          "Single Copy": false,
          "Plans": [
            {
              "Node Type": "Aggregate",
              "Strategy": "Plain",
              "Partial Mode": "Partial",
              "Parent Relationship": "Outer",
              "Parallel Aware": false,
              "Startup Cost": 50552.21,
              "Total Cost": 50552.22,
              "Plan Rows": 1,
              "Plan Width": 8,
              "Actual Startup Time": 54.614,
              "Actual Total Time": 54.616,
              "Actual Rows": 1,
              "Actual Loops": 5,
              "Plans": [
                {
                  "Node Type": "Nested Loop",
                  "Parent Relationship": "Outer",
                  "Parallel Aware": false,
                  "Join Type": "Inner",
                  "Startup Cost": 1825.88,
                  "Total Cost": 50551.15,
                  "Plan Rows": 424,
                  "Plan Width": 0,
                  "Actual Startup Time": 15.529,
                  "Actual Total Time": 54.546,
                  "Actual Rows": 237,
                  "Actual Loops": 5,
                  "Inner Unique": false,
                  "Plans": [
                    {
                      "Node Type": "Bitmap Heap Scan",
                      "Parent Relationship": "Outer",
                      "Parallel Aware": true,
                      "Relation Name": "title",
                      "Alias": "t",
                      "Startup Cost": 1825.46,
                      "Total Cost": 38206.81,
                      "Plan Rows": 2323,
                      "Plan Width": 4,
                      "Actual Startup Time": 14.353,
                      "Actual Total Time": 44.054,
                      "Actual Rows": 939,
                      "Actual Loops": 5,
                      "Recheck Cond": "(kind_id = 3)",
                      "Rows Removed by Index Recheck": 0,
                      "Filter": "(production_year > 2011)",
                      "Rows Removed by Filter": 19168,
                      "Exact Heap Blocks": 7141,
                      "Lossy Heap Blocks": 0,
                      "Plans": [
                        {
                          "Node Type": "Bitmap Index Scan",
                          "Parent Relationship": "Outer",
                          "Parallel Aware": false,
                          "Index Name": "kind_id_title",
                          "Startup Cost": 0.0,
                          "Total Cost": 1823.13,
                          "Plan Rows": 102227,
                          "Plan Width": 0,
                          "Actual Startup Time": 18.518,
                          "Actual Total Time": 18.519,
                          "Actual Rows": 100537,
                          "Actual Loops": 1,
                          "Index Cond": "(kind_id = 3)"
                        }
                      ]
                    },
                    {
                      "Node Type": "Index Scan",
                      "Parent Relationship": "Inner",
                      "Parallel Aware": false,
                      "Scan Direction": "Forward",
                      "Index Name": "movie_id_movie_info_idx",
                      "Relation Name": "movie_info_idx",
                      "Alias": "mi_idx",
                      "Startup Cost": 0.43,
                      "Total Cost": 5.3,
                      "Plan Rows": 1,
                      "Plan Width": 4,
                      "Actual Startup Time": 0.01,
                      "Actual Total Time": 0.01,
                      "Actual Rows": 0,
                      "Actual Loops": 4696,
                      "Index Cond": "(movie_id = t.id)",
                      "Rows Removed by Index Recheck": 0,
                      "Filter": "(info_type_id > 100)",
                      "Rows Removed by Filter": 1
                    }
                  ]
                }
              ]
            }
          ]
        }
      ]
    },
    "Planning Time": 0.625,
    "Triggers": [],
    "Execution Time": 72.224
  }
]