{
  "Plan": {
    "Node Type": "Aggregate",
    "Strategy": "Plain",
    "Partial Mode": "Finalize",
    "Parallel Aware": false,
    "Startup Cost": 66097.66,
    "Total Cost": 66097.67,
    "Plan Rows": 1,
    "Plan Width": 8,
    "Actual Startup Time": 127.668,
    "Actual Total Time": 135.064,
    "Actual Rows": 1,
    "Actual Loops": 1,
    "Plans": [
      {
        "Node Type": "Gather",
        "Parent Relationship": "Outer",
        "Parallel Aware": false,
        "Startup Cost": 66097.54,
        "Total Cost": 66097.65,
        "Plan Rows": 1,
        "Plan Width": 8,
        "Actual Startup Time": 127.352,
        "Actual Total Time": 135.057,
        "Actual Rows": 2,
        "Actual Loops": 1,
        "Workers Planned": 1,
        "Workers Launched": 1,
        "Single Copy": false,
        "Plans": [
          {
            "Node Type": "Aggregate",
            "Strategy": "Plain",
            "Partial Mode": "Partial",
            "Parent Relationship": "Outer",
            "Parallel Aware": false,
            "Startup Cost": 65097.54,
            "Total Cost": 65097.55,
            "Plan Rows": 1,
            "Plan Width": 8,
            "Actual Startup Time": 121.557,
            "Actual Total Time": 121.562,
            "Actual Rows": 1,
            "Actual Loops": 2,
            "Plans": [
              {
                "Node Type": "Hash Join",
                "Parent Relationship": "Outer",
                "Parallel Aware": true,
                "Join Type": "Inner",
                "Startup Cost": 44263.26,
                "Total Cost": 65097.1,
                "Plan Rows": 178,
                "Plan Width": 0,
                "Actual Startup Time": 95.705,
                "Actual Total Time": 121.552,
                "Actual Rows": 8,
                "Actual Loops": 2,
                "Inner Unique": true,
                "Hash Cond": "(mc.movie_id = t.id)",
                "Plans": [
                  {
                    "Node Type": "Bitmap Heap Scan",
                    "Parent Relationship": "Outer",
                    "Parallel Aware": true,
                    "Relation Name": "movie_companies",
                    "Alias": "mc",
                    "Startup Cost": 4980.77,
                    "Total Cost": 25459.89,
                    "Plan Rows": 135130,
                    "Plan Width": 4,
                    "Actual Startup Time": 14.597,
                    "Actual Total Time": 56.488,
                    "Actual Rows": 114802,
                    "Actual Loops": 2,
                    "Recheck Cond": "(company_id < 92)",
                    "Rows Removed by Index Recheck": 0,
                    "Exact Heap Blocks": 13155,
                    "Lossy Heap Blocks": 0,
                    "Plans": [
                      {
                        "Node Type": "Bitmap Index Scan",
                        "Parent Relationship": "Outer",
                        "Parallel Aware": false,
                        "Index Name": "company_id_movie_companies",
                        "Startup Cost": 0.0,
                        "Total Cost": 4923.34,
                        "Plan Rows": 229721,
                        "Plan Width": 0,
                        "Actual Startup Time": 11.983,
                        "Actual Total Time": 11.983,
                        "Actual Rows": 229604,
                        "Actual Loops": 1,
                        "Index Cond": "(company_id < 92)"
                      }
                    ]
                  },
                  {
                    "Node Type": "Hash",
                    "Parent Relationship": "Inner",
                    "Parallel Aware": true,
                    "Startup Cost": 39258.01,
                    "Total Cost": 39258.01,
                    "Plan Rows": 1958,
                    "Plan Width": 4,
                    "Actual Startup Time": 53.602,
                    "Actual Total Time": 53.603,
                    "Actual Rows": 574,
                    "Actual Loops": 2,
                    "Hash Buckets": 4096,
                    "Original Hash Buckets": 4096,
                    "Hash Batches": 1,
                    "Original Hash Batches": 1,
                    "Peak Memory Usage": 128,
                    "Plans": [
                      {
                        "Node Type": "Bitmap Heap Scan",
                        "Parent Relationship": "Outer",
                        "Parallel Aware": true,
                        "Relation Name": "title",
                        "Alias": "t",
                        "Startup Cost": 2181.77,
                        "Total Cost": 39258.01,
                        "Plan Rows": 1958,
                        "Plan Width": 4,
                        "Actual Startup Time": 16.875,
                        "Actual Total Time": 53.25,
                        "Actual Rows": 574,
                        "Actual Loops": 2,
                        "Recheck Cond": "(kind_id = 4)",
                        "Rows Removed by Index Recheck": 0,
                        "Filter": "(production_year > 2012)",
                        "Rows Removed by Filter": 58543,
                        "Exact Heap Blocks": 10949,
                        "Lossy Heap Blocks": 0,
                        "Plans": [
                          {
                            "Node Type": "Bitmap Index Scan",
                            "Parent Relationship": "Outer",
                            "Parallel Aware": false,
                            "Index Name": "kind_id_title",
                            "Startup Cost": 0.0,
                            "Total Cost": 2180.94,
                            "Plan Rows": 122201,
                            "Plan Width": 0,
                            "Actual Startup Time": 15.918,
                            "Actual Total Time": 15.918,
                            "Actual Rows": 118234,
                            "Actual Loops": 1,
                            "Index Cond": "(kind_id = 4)"
                          }
                        ]
                      }
                    ]
                  }
                ]
              }
            ]
          }
        ]
      }
    ]
  },
  "Planning Time": 0.489,
  "Triggers": [],
  "Execution Time": 135.169
}