{
  "Plan": {
    "Node Type": "Aggregate",
    "Strategy": "Plain",
    "Partial Mode": "Finalize",
    "Parallel Aware": false,
    "Startup Cost": 192897.65,
    "Total Cost": 192897.66,
    "Plan Rows": 1,
    "Plan Width": 8,
    "Actual Startup Time": 206.089,
    "Actual Total Time": 236.287,
    "Actual Rows": 1,
    "Actual Loops": 1,
    "Plans": [
      {
        "Node Type": "Gather",
        "Parent Relationship": "Outer",
        "Parallel Aware": false,
        "Startup Cost": 192897.54,
        "Total Cost": 192897.65,
        "Plan Rows": 1,
        "Plan Width": 8,
        "Actual Startup Time": 205.985,
        "Actual Total Time": 236.28,
        "Actual Rows": 2,
        "Actual Loops": 1,
        "Workers Planned": 1,
        "Workers Launched": 1,
        "Single Copy": false,
        "Plans": [
          {
            "Node Type": "Aggregate",
            "Strategy": "Plain",
            "Partial Mode": "Partial",
            "Parent Relationship": "Outer",
            "Parallel Aware": false,
            "Startup Cost": 191897.54,
            "Total Cost": 191897.55,
            "Plan Rows": 1,
            "Plan Width": 8,
            "Actual Startup Time": 199.979,
            "Actual Total Time": 199.98,
            "Actual Rows": 1,
            "Actual Loops": 2,
            "Plans": [
              {
                "Node Type": "Nested Loop",
                "Parent Relationship": "Outer",
                "Parallel Aware": false,
                "Join Type": "Inner",
                "Startup Cost": 0.56,
                "Total Cost": 191886.45,
                "Plan Rows": 4434,
                "Plan Width": 0,
                "Actual Startup Time": 7.1,
                "Actual Total Time": 199.558,
                "Actual Rows": 5544,
                "Actual Loops": 2,
                "Inner Unique": false,
                "Plans": [
                  {
                    "Node Type": "Seq Scan",
                    "Parent Relationship": "Outer",
                    "Parallel Aware": true,
                    "Relation Name": "title",
                    "Alias": "t",
                    "Startup Cost": 0.0,
                    "Total Cost": 58306.47,
                    "Plan Rows": 972,
                    "Plan Width": 4,
                    "Actual Startup Time": 3.556,
                    "Actual Total Time": 132.608,
                    "Actual Rows": 1360,
                    "Actual Loops": 2,
                    "Filter": "((kind_id < 7) AND (production_year = 1950))",
                    "Rows Removed by Filter": 1262796
                  },
                  {
                    "Node Type": "Index Scan",
                    "Parent Relationship": "Inner",
                    "Parallel Aware": false,
                    "Scan Direction": "Forward",
                    "Index Name": "movie_id_cast_info",
                    "Relation Name": "cast_info",
                    "Alias": "ci",
                    "Startup Cost": 0.56,
                    "Total Cost": 137.31,
                    "Plan Rows": 12,
                    "Plan Width": 4,
                    "Actual Startup Time": 0.037,
                    "Actual Total Time": 0.049,
                    "Actual Rows": 4,
                    "Actual Loops": 2720,
                    "Index Cond": "(movie_id = t.id)",
                    "Rows Removed by Index Recheck": 0,
                    "Filter": "(person_id > 2550841)",
                    "Rows Removed by Filter": 14
                  }
                ]
              }
            ]
          }
        ]
      }
    ]
  },
  "Planning Time": 0.517,
  "Triggers": [],
  "Execution Time": 236.366
}