[
  {
    "Plan": {
      "Node Type": "Aggregate",
      "Strategy": "Plain",
      "Partial Mode": "Finalize",
      "Parallel Aware": false,
      "Startup Cost": 426231.55,
      "Total Cost": 426231.56,
      "Plan Rows": 1,
      "Plan Width": 8,
      "Actual Startup Time": 984.425,
      "Actual Total Time": 1029.058,
      "Actual Rows": 1,
      "Actual Loops": 1,
      "Plans": [
        {
          "Node Type": "Gather",
          "Parent Relationship": "Outer",
          "Parallel Aware": false,
          "Startup Cost": 426230.93,
          "Total Cost": 426231.54,
          "Plan Rows": 6,
          "Plan Width": 8,
          "Actual Startup Time": 976.044,
          "Actual Total Time": 1029.048,
          "Actual Rows": 7,
          "Actual Loops": 1,
          "Workers Planned": 6,
          "Workers Launched": 6,
          "Single Copy": false,
          "Plans": [
            {
              "Node Type": "Aggregate",
              "Strategy": "Plain",
              "Partial Mode": "Partial",
              "Parent Relationship": "Outer",
              "Parallel Aware": false,
              "Startup Cost": 425230.93,
              "Total Cost": 425230.94,
              "Plan Rows": 1,
              "Plan Width": 8,
              "Actual Startup Time": 965.623,
              "Actual Total Time": 965.63,
              "Actual Rows": 1,
              "Actual Loops": 7,
              "Plans": [
                {
                  "Node Type": "Hash Join",
                  "Parent Relationship": "Outer",
                  "Parallel Aware": true,
                  "Join Type": "Inner",
                  "Startup Cost": 77337.01,
                  "Total Cost": 424477.9,
                  "Plan Rows": 301212,
                  "Plan Width": 0,
                  "Actual Startup Time": 679.66,
                  "Actual Total Time": 950.552,
                  "Actual Rows": 264080,
                  "Actual Loops": 7,
                  "Inner Unique": false,
                  "Hash Cond": "(ci.movie_id = t.id)",
                  "Plans": [
                    {
                      "Node Type": "Index Scan",
                      "Parent Relationship": "Outer",
                      "Parallel Aware": true,
                      "Scan Direction": "Forward",
                      "Index Name": "role_id_cast_info",
                      "Relation Name": "cast_info",
                      "Alias": "ci",
                      "Startup Cost": 0.56,
                      "Total Cost": 341155.22,
                      "Plan Rows": 1337221,
                      "Plan Width": 4,
                      "Actual Startup Time": 341.182,
                      "Actual Total Time": 454.539,
                      "Actual Rows": 418576,
                      "Actual Loops": 7,
                      "Index Cond": "(role_id = 1)",
                      "Rows Removed by Index Recheck": 0,
                      "Filter": "(person_id > 1327306)",
                      "Rows Removed by Filter": 1391522
                    },
                    {
                      "Node Type": "Hash",
                      "Parent Relationship": "Inner",
                      "Parallel Aware": true,
                      "Startup Cost": 75039.95,
                      "Total Cost": 75039.95,
                      "Plan Rows": 183720,
                      "Plan Width": 8,
                      "Actual Startup Time": 336.31,
                      "Actual Total Time": 336.314,
                      "Actual Rows": 130821,
                      "Actual Loops": 7,
                      "Hash Buckets": 1048576,
                      "Original Hash Buckets": 1048576,
                      "Hash Batches": 1,
                      "Original Hash Batches": 1,
                      "Peak Memory Usage": 44128,
                      "Plans": [
                        {
                          "Node Type": "Hash Join",
                          "Parent Relationship": "Outer",
                          "Parallel Aware": true,
                          "Join Type": "Inner",
                          "Startup Cost": 45624.06,
                          "Total Cost": 75039.95,
                          "Plan Rows": 183720,
                          "Plan Width": 8,
                          "Actual Startup Time": 137.078,
                          "Actual Total Time": 277.418,
                          "Actual Rows": 130821,
                          "Actual Loops": 7,
                          "Inner Unique": true,
                          "Hash Cond": "(mc.movie_id = t.id)",
                          "Plans": [
                            {
                              "Node Type": "Seq Scan",
                              "Parent Relationship": "Outer",
                              "Parallel Aware": true,
                              "Relation Name": "movie_companies",
                              "Alias": "mc",
                              "Startup Cost": 0.0,
                              "Total Cost": 27206.55,
                              "Plan Rows": 841655,
                              "Plan Width": 4,
                              "Actual Startup Time": 0.011,
                              "Actual Total Time": 46.313,
                              "Actual Rows": 372733,
                              "Actual Loops": 7
                            },
                            {
                              "Node Type": "Hash",
                              "Parent Relationship": "Inner",
                              "Parallel Aware": true,
                              "Startup Cost": 43899.32,
                              "Total Cost": 43899.32,
                              "Plan Rows": 137979,
                              "Plan Width": 4,
                              "Actual Startup Time": 135.516,
                              "Actual Total Time": 135.517,
                              "Actual Rows": 81207,
                              "Actual Loops": 7,
                              "Hash Buckets": 1048576,
                              "Original Hash Buckets": 1048576,
                              "Hash Batches": 1,
                              "Original Hash Batches": 1,
                              "Peak Memory Usage": 30528,
                              "Plans": [
                                {
                                  "Node Type": "Seq Scan",
                                  "Parent Relationship": "Outer",
                                  "Parallel Aware": true,
                                  "Relation Name": "title",
                                  "Alias": "t",
                                  "Startup Cost": 0.0,
                                  "Total Cost": 43899.32,
                                  "Plan Rows": 137979,
                                  "Plan Width": 4,
                                  "Actual Startup Time": 0.057,
                                  "Actual Total Time": 86.27,
                                  "Actual Rows": 81207,
                                  "Actual Loops": 7,
                                  "Filter": "(production_year < 1984)",
                                  "Rows Removed by Filter": 279980
                                }
                              ]
                            }
                          ]
                        }
                      ]
                    }
                  ]
                }
              ]
            }
          ]
        }
      ]
    },
    "Planning Time": 0.605,
    "Triggers": [],
    "Execution Time": 1029.118
  }
]