[
  {
    "Plan": {
      "Node Type": "Aggregate",
      "Strategy": "Plain",
      "Partial Mode": "Finalize",
      "Parallel Aware": false,
      "Startup Cost": 33347.33,
      "Total Cost": 33347.34,
      "Plan Rows": 1,
      "Plan Width": 8,
      "Actual Startup Time": 80.583,
      "Actual Total Time": 88.481,
      "Actual Rows": 1,
      "Actual Loops": 1,
      "Plans": [
        {
          "Node Type": "Gather",
          "Parent Relationship": "Outer",
          "Parallel Aware": false,
          "Startup Cost": 33347.01,
          "Total Cost": 33347.32,
          "Plan Rows": 3,
          "Plan Width": 8,
          "Actual Startup Time": 80.478,
          "Actual Total Time": 88.474,
          "Actual Rows": 4,
          "Actual Loops": 1,
          "Workers Planned": 3,
          "Workers Launched": 3,
          "Single Copy": false,
          "Plans": [
            {
              "Node Type": "Aggregate",
              "Strategy": "Plain",
              "Partial Mode": "Partial",
              "Parent Relationship": "Outer",
              "Parallel Aware": false,
              "Startup Cost": 32347.01,
              "Total Cost": 32347.02,
              "Plan Rows": 1,
              "Plan Width": 8,
              "Actual Startup Time": 77.312,
              "Actual Total Time": 77.313,
              "Actual Rows": 1,
              "Actual Loops": 4,
              "Plans": [
                {
                  "Node Type": "Seq Scan",
                  "Parent Relationship": "Outer",
                  "Parallel Aware": true,
                  "Relation Name": "movie_companies",
                  "Alias": "mc",
                  "Startup Cost": 0.0,
                  "Total Cost": 31414.82,
                  "Plan Rows": 372878,
                  "Plan Width": 0,
                  "Actual Startup Time": 33.455,
                  "Actual Total Time": 67.341,
                  "Actual Rows": 247202,
                  "Actual Loops": 4,
                  "Filter": "((company_id < 88683) AND (company_type_id = 2))",
                  "Rows Removed by Filter": 405080
                }
              ]
            }
          ]
        }
      ]
    },
    "Planning Time": 0.106,
    "Triggers": [],
    "Execution Time": 88.512
  }
]