{
    "Plan": {
        "Node Type": "Aggregate",
        "Strategy": "Plain",
        "Partial Mode": "Finalize",
        "Parallel Aware": false,
        "Startup Cost": 247992.3,
        "Total Cost": 247992.31,
        "Plan Rows": 1,
        "Plan Width": 8,
        "Actual Startup Time": 555.045,
        "Actual Total Time": 597.581,
        "Actual Rows": 1,
        "Actual Loops": 1,
        "Output": [
            "count(*)"
        ],
        "Plans": [
            {
                "Node Type": "Gather",
                "Parent Relationship": "Outer",
                "Parallel Aware": false,
                "Startup Cost": 247991.78,
                "Total Cost": 247992.29,
                "Plan Rows": 5,
                "Plan Width": 8,
                "Actual Startup Time": 554.426,
                "Actual Total Time": 597.57,
                "Actual Rows": 6,
                "Actual Loops": 1,
                "Output": [
                    "(PARTIAL count(*))"
                ],
                "Workers Planned": 5,
                "Workers Launched": 5,
                "Single Copy": false,
                "Plans": [
                    {
                        "Node Type": "Aggregate",
                        "Strategy": "Plain",
                        "Partial Mode": "Partial",
                        "Parent Relationship": "Outer",
                        "Parallel Aware": false,
                        "Startup Cost": 246991.78,
                        "Total Cost": 246991.79,
                        "Plan Rows": 1,
                        "Plan Width": 8,
                        "Actual Startup Time": 544.72,
                        "Actual Total Time": 544.724,
                        "Actual Rows": 1,
                        "Actual Loops": 6,
                        "Output": [
                            "PARTIAL count(*)"
                        ],
                        "Workers": [
                            {
                                "Worker Number": 0,
                                "Actual Startup Time": 541.569,
                                "Actual Total Time": 541.572,
                                "Actual Rows": 1,
                                "Actual Loops": 1
                            },
                            {
                                "Worker Number": 1,
                                "Actual Startup Time": 541.662,
                                "Actual Total Time": 541.665,
                                "Actual Rows": 1,
                                "Actual Loops": 1
                            },
                            {
                                "Worker Number": 2,
                                "Actual Startup Time": 542.245,
                                "Actual Total Time": 542.248,
                                "Actual Rows": 1,
                                "Actual Loops": 1
                            },
                            {
                                "Worker Number": 3,
                                "Actual Startup Time": 542.582,
                                "Actual Total Time": 542.584,
                                "Actual Rows": 1,
                                "Actual Loops": 1
                            },
                            {
                                "Worker Number": 4,
                                "Actual Startup Time": 546.734,
                                "Actual Total Time": 546.737,
                                "Actual Rows": 1,
                                "Actual Loops": 1
                            }
                        ],
                        "Plans": [
                            {
                                "Node Type": "Hash Join",
                                "Parent Relationship": "Outer",
                                "Parallel Aware": true,
                                "Join Type": "Inner",
                                "Startup Cost": 44082.86,
                                "Total Cost": 246904.45,
                                "Plan Rows": 34932,
                                "Plan Width": 0,
                                "Actual Startup Time": 107.695,
                                "Actual Total Time": 543.335,
                                "Actual Rows": 24881,
                                "Actual Loops": 6,
                                "Inner Unique": true,
                                "Hash Cond": "(mi.movie_id = t.id)",
                                "Workers": [
                                    {
                                        "Worker Number": 0,
                                        "Actual Startup Time": 104.614,
                                        "Actual Total Time": 540.101,
                                        "Actual Rows": 16400,
                                        "Actual Loops": 1
                                    },
                                    {
                                        "Worker Number": 1,
                                        "Actual Startup Time": 104.637,
                                        "Actual Total Time": 540.302,
                                        "Actual Rows": 25257,
                                        "Actual Loops": 1
                                    },
                                    {
                                        "Worker Number": 2,
                                        "Actual Startup Time": 105.211,
                                        "Actual Total Time": 540.922,
                                        "Actual Rows": 24943,
                                        "Actual Loops": 1
                                    },
                                    {
                                        "Worker Number": 3,
                                        "Actual Startup Time": 105.497,
                                        "Actual Total Time": 541.245,
                                        "Actual Rows": 25293,
                                        "Actual Loops": 1
                                    },
                                    {
                                        "Worker Number": 4,
                                        "Actual Startup Time": 109.705,
                                        "Actual Total Time": 545.376,
                                        "Actual Rows": 25184,
                                        "Actual Loops": 1
                                    }
                                ],
                                "Plans": [
                                    {
                                        "Node Type": "Seq Scan",
                                        "Parent Relationship": "Outer",
                                        "Parallel Aware": true,
                                        "Relation Name": "movie_info",
                                        "Schema": "public",
                                        "Alias": "mi",
                                        "Startup Cost": 0.0,
                                        "Total Cost": 198880.74,
                                        "Plan Rows": 1501273,
                                        "Plan Width": 4,
                                        "Actual Startup Time": 15.818,
                                        "Actual Total Time": 326.502,
                                        "Actual Rows": 1258142,
                                        "Actual Loops": 6,
                                        "Output": [
                                            "mi.id",
                                            "mi.movie_id",
                                            "mi.info_type_id",
                                            "mi.info",
                                            "mi.note"
                                        ],
                                        "Filter": "(mi.info_type_id > 7)",
                                        "Rows Removed by Filter": 1214478,
                                        "Workers": [
                                            {
                                                "Worker Number": 0,
                                                "Actual Startup Time": 15.898,
                                                "Actual Total Time": 327.368,
                                                "Actual Rows": 831075,
                                                "Actual Loops": 1
                                            },
                                            {
                                                "Worker Number": 1,
                                                "Actual Startup Time": 15.789,
                                                "Actual Total Time": 330.801,
                                                "Actual Rows": 1217765,
                                                "Actual Loops": 1
                                            },
                                            {
                                                "Worker Number": 2,
                                                "Actual Startup Time": 15.773,
                                                "Actual Total Time": 326.616,
                                                "Actual Rows": 1283271,
                                                "Actual Loops": 1
                                            },
                                            {
                                                "Worker Number": 3,
                                                "Actual Startup Time": 15.746,
                                                "Actual Total Time": 327.844,
                                                "Actual Rows": 1296613,
                                                "Actual Loops": 1
                                            },
                                            {
                                                "Worker Number": 4,
                                                "Actual Startup Time": 15.786,
                                                "Actual Total Time": 331.659,
                                                "Actual Rows": 1224495,
                                                "Actual Loops": 1
                                            }
                                        ]
                                    },
                                    {
                                        "Node Type": "Hash",
                                        "Parent Relationship": "Inner",
                                        "Parallel Aware": true,
                                        "Startup Cost": 43899.01,
                                        "Total Cost": 43899.01,
                                        "Plan Rows": 14708,
                                        "Plan Width": 4,
                                        "Actual Startup Time": 79.373,
                                        "Actual Total Time": 79.374,
                                        "Actual Rows": 9974,
                                        "Actual Loops": 6,
                                        "Output": [
                                            "t.id"
                                        ],
                                        "Hash Buckets": 65536,
                                        "Original Hash Buckets": 65536,
                                        "Hash Batches": 1,
                                        "Original Hash Batches": 1,
                                        "Peak Memory Usage": 2912,
                                        "Workers": [
                                            {
                                                "Worker Number": 0,
                                                "Actual Startup Time": 76.946,
                                                "Actual Total Time": 76.947,
                                                "Actual Rows": 7141,
                                                "Actual Loops": 1
                                            },
                                            {
                                                "Worker Number": 1,
                                                "Actual Startup Time": 77.03,
                                                "Actual Total Time": 77.031,
                                                "Actual Rows": 9339,
                                                "Actual Loops": 1
                                            },
                                            {
                                                "Worker Number": 2,
                                                "Actual Startup Time": 77.52,
                                                "Actual Total Time": 77.521,
                                                "Actual Rows": 10265,
                                                "Actual Loops": 1
                                            },
                                            {
                                                "Worker Number": 3,
                                                "Actual Startup Time": 77.877,
                                                "Actual Total Time": 77.877,
                                                "Actual Rows": 10627,
                                                "Actual Loops": 1
                                            },
                                            {
                                                "Worker Number": 4,
                                                "Actual Startup Time": 82.324,
                                                "Actual Total Time": 82.325,
                                                "Actual Rows": 9512,
                                                "Actual Loops": 1
                                            }
                                        ],
                                        "Plans": [
                                            {
                                                "Node Type": "Seq Scan",
                                                "Parent Relationship": "Outer",
                                                "Parallel Aware": true,
                                                "Relation Name": "title",
                                                "Schema": "public",
                                                "Alias": "t",
                                                "Startup Cost": 0.0,
                                                "Total Cost": 43899.01,
                                                "Plan Rows": 14708,
                                                "Plan Width": 4,
                                                "Actual Startup Time": 50.66,
                                                "Actual Total Time": 75.644,
                                                "Actual Rows": 9974,
                                                "Actual Loops": 6,
                                                "Output": [
                                                    "t.id"
                                                ],
                                                "Filter": "(t.production_year < 1915)",
                                                "Rows Removed by Filter": 411411,
                                                "Workers": [
                                                    {
                                                        "Worker Number": 0,
                                                        "Actual Startup Time": 51.322,
                                                        "Actual Total Time": 73.176,
                                                        "Actual Rows": 7141,
                                                        "Actual Loops": 1
                                                    },
                                                    {
                                                        "Worker Number": 1,
                                                        "Actual Startup Time": 51.407,
                                                        "Actual Total Time": 73.689,
                                                        "Actual Rows": 9339,
                                                        "Actual Loops": 1
                                                    },
                                                    {
                                                        "Worker Number": 2,
                                                        "Actual Startup Time": 33.326,
                                                        "Actual Total Time": 73.36,
                                                        "Actual Rows": 10265,
                                                        "Actual Loops": 1
                                                    },
                                                    {
                                                        "Worker Number": 3,
                                                        "Actual Startup Time": 52.251,
                                                        "Actual Total Time": 74.104,
                                                        "Actual Rows": 10627,
                                                        "Actual Loops": 1
                                                    },
                                                    {
                                                        "Worker Number": 4,
                                                        "Actual Startup Time": 56.726,
                                                        "Actual Total Time": 78.831,
                                                        "Actual Rows": 9512,
                                                        "Actual Loops": 1
                                                    }
                                                ]
                                            }
                                        ]
                                    }
                                ]
                            }
                        ]
                    }
                ]
            }
        ]
    },
    "Planning Time": 0.784,
    "Triggers": [],
    "Execution Time": 597.67
}