[
  {
    "Plan": {
      "Node Type": "Aggregate",
      "Strategy": "Plain",
      "Partial Mode": "Finalize",
      "Parallel Aware": false,
      "Startup Cost": 201485.94,
      "Total Cost": 201485.95,
      "Plan Rows": 1,
      "Plan Width": 8,
      "Actual Startup Time": 309.765,
      "Actual Total Time": 323.461,
      "Actual Rows": 1,
      "Actual Loops": 1,
      "Plans": [
        {
          "Node Type": "Gather",
          "Parent Relationship": "Outer",
          "Parallel Aware": false,
          "Startup Cost": 201485.31,
          "Total Cost": 201485.92,
          "Plan Rows": 6,
          "Plan Width": 8,
          "Actual Startup Time": 309.531,
          "Actual Total Time": 323.452,
          "Actual Rows": 7,
          "Actual Loops": 1,
          "Workers Planned": 6,
          "Workers Launched": 6,
          "Single Copy": false,
          "Plans": [
            {
              "Node Type": "Aggregate",
              "Strategy": "Plain",
              "Partial Mode": "Partial",
              "Parent Relationship": "Outer",
              "Parallel Aware": false,
              "Startup Cost": 200485.31,
              "Total Cost": 200485.32,
              "Plan Rows": 1,
              "Plan Width": 8,
              "Actual Startup Time": 301.114,
              "Actual Total Time": 301.115,
              "Actual Rows": 1,
              "Actual Loops": 7,
              "Plans": [
                {
                  "Node Type": "Index Scan",
                  "Parent Relationship": "Outer",
                  "Parallel Aware": true,
                  "Scan Direction": "Forward",
                  "Index Name": "role_id_cast_info",
                  "Relation Name": "cast_info",
                  "Alias": "ci",
                  "Startup Cost": 0.56,
                  "Total Cost": 197877.72,
                  "Plan Rows": 1043035,
                  "Plan Width": 0,
                  "Actual Startup Time": 0.132,
                  "Actual Total Time": 250.735,
                  "Actual Rows": 1064382,
                  "Actual Loops": 7,
                  "Index Cond": "(role_id = 2)",
                  "Rows Removed by Index Recheck": 0,
                  "Filter": "(person_id > 540785)",
                  "Rows Removed by Filter": 185
                }
              ]
            }
          ]
        }
      ]
    },
    "Planning Time": 0.236,
    "Triggers": [],
    "Execution Time": 323.524
  }
]