{
    "Plan": {
        "Node Type": "Aggregate",
        "Strategy": "Plain",
        "Partial Mode": "Finalize",
        "Parallel Aware": false,
        "Startup Cost": 247386.85,
        "Total Cost": 247386.86,
        "Plan Rows": 1,
        "Plan Width": 8,
        "Actual Startup Time": 472.009,
        "Actual Total Time": 510.332,
        "Actual Rows": 1,
        "Actual Loops": 1,
        "Output": [
            "count(*)"
        ],
        "Plans": [
            {
                "Node Type": "Gather",
                "Parent Relationship": "Outer",
                "Parallel Aware": false,
                "Startup Cost": 247386.32,
                "Total Cost": 247386.83,
                "Plan Rows": 5,
                "Plan Width": 8,
                "Actual Startup Time": 464.365,
                "Actual Total Time": 510.321,
                "Actual Rows": 6,
                "Actual Loops": 1,
                "Output": [
                    "(PARTIAL count(*))"
                ],
                "Workers Planned": 5,
                "Workers Launched": 5,
                "Single Copy": false,
                "Plans": [
                    {
                        "Node Type": "Aggregate",
                        "Strategy": "Plain",
                        "Partial Mode": "Partial",
                        "Parent Relationship": "Outer",
                        "Parallel Aware": false,
                        "Startup Cost": 246386.32,
                        "Total Cost": 246386.33,
                        "Plan Rows": 1,
                        "Plan Width": 8,
                        "Actual Startup Time": 451.043,
                        "Actual Total Time": 451.046,
                        "Actual Rows": 1,
                        "Actual Loops": 6,
                        "Output": [
                            "PARTIAL count(*)"
                        ],
                        "Workers": [
                            {
                                "Worker Number": 0,
                                "Actual Startup Time": 449.163,
                                "Actual Total Time": 449.166,
                                "Actual Rows": 1,
                                "Actual Loops": 1
                            },
                            {
                                "Worker Number": 1,
                                "Actual Startup Time": 448.246,
                                "Actual Total Time": 448.249,
                                "Actual Rows": 1,
                                "Actual Loops": 1
                            },
                            {
                                "Worker Number": 2,
                                "Actual Startup Time": 448.4,
                                "Actual Total Time": 448.402,
                                "Actual Rows": 1,
                                "Actual Loops": 1
                            },
                            {
                                "Worker Number": 3,
                                "Actual Startup Time": 448.436,
                                "Actual Total Time": 448.438,
                                "Actual Rows": 1,
                                "Actual Loops": 1
                            },
                            {
                                "Worker Number": 4,
                                "Actual Startup Time": 448.432,
                                "Actual Total Time": 448.435,
                                "Actual Rows": 1,
                                "Actual Loops": 1
                            }
                        ],
                        "Plans": [
                            {
                                "Node Type": "Hash Join",
                                "Parent Relationship": "Outer",
                                "Parallel Aware": true,
                                "Join Type": "Inner",
                                "Startup Cost": 47253.21,
                                "Total Cost": 246313.66,
                                "Plan Rows": 29065,
                                "Plan Width": 0,
                                "Actual Startup Time": 335.502,
                                "Actual Total Time": 449.838,
                                "Actual Rows": 22763,
                                "Actual Loops": 6,
                                "Inner Unique": true,
                                "Hash Cond": "(mi.movie_id = t.id)",
                                "Workers": [
                                    {
                                        "Worker Number": 0,
                                        "Actual Startup Time": 333.037,
                                        "Actual Total Time": 448.017,
                                        "Actual Rows": 20846,
                                        "Actual Loops": 1
                                    },
                                    {
                                        "Worker Number": 1,
                                        "Actual Startup Time": 332.81,
                                        "Actual Total Time": 447.287,
                                        "Actual Rows": 17779,
                                        "Actual Loops": 1
                                    },
                                    {
                                        "Worker Number": 2,
                                        "Actual Startup Time": 332.962,
                                        "Actual Total Time": 447.238,
                                        "Actual Rows": 20720,
                                        "Actual Loops": 1
                                    },
                                    {
                                        "Worker Number": 3,
                                        "Actual Startup Time": 333.008,
                                        "Actual Total Time": 447.267,
                                        "Actual Rows": 20843,
                                        "Actual Loops": 1
                                    },
                                    {
                                        "Worker Number": 4,
                                        "Actual Startup Time": 333.024,
                                        "Actual Total Time": 447.263,
                                        "Actual Rows": 20951,
                                        "Actual Loops": 1
                                    }
                                ],
                                "Plans": [
                                    {
                                        "Node Type": "Seq Scan",
                                        "Parent Relationship": "Outer",
                                        "Parallel Aware": true,
                                        "Relation Name": "movie_info",
                                        "Schema": "public",
                                        "Alias": "mi",
                                        "Startup Cost": 0.0,
                                        "Total Cost": 198880.74,
                                        "Plan Rows": 68464,
                                        "Plan Width": 4,
                                        "Actual Startup Time": 176.874,
                                        "Actual Total Time": 270.67,
                                        "Actual Rows": 54810,
                                        "Actual Loops": 6,
                                        "Output": [
                                            "mi.id",
                                            "mi.movie_id",
                                            "mi.info_type_id",
                                            "mi.info",
                                            "mi.note"
                                        ],
                                        "Filter": "(mi.info_type_id = 98)",
                                        "Rows Removed by Filter": 2417810,
                                        "Workers": [
                                            {
                                                "Worker Number": 0,
                                                "Actual Startup Time": 176.959,
                                                "Actual Total Time": 272.41,
                                                "Actual Rows": 49713,
                                                "Actual Loops": 1
                                            },
                                            {
                                                "Worker Number": 1,
                                                "Actual Startup Time": 176.953,
                                                "Actual Total Time": 272.432,
                                                "Actual Rows": 42428,
                                                "Actual Loops": 1
                                            },
                                            {
                                                "Worker Number": 2,
                                                "Actual Startup Time": 176.978,
                                                "Actual Total Time": 272.428,
                                                "Actual Rows": 49578,
                                                "Actual Loops": 1
                                            },
                                            {
                                                "Worker Number": 3,
                                                "Actual Startup Time": 176.788,
                                                "Actual Total Time": 272.144,
                                                "Actual Rows": 50069,
                                                "Actual Loops": 1
                                            },
                                            {
                                                "Worker Number": 4,
                                                "Actual Startup Time": 176.775,
                                                "Actual Total Time": 272.054,
                                                "Actual Rows": 50679,
                                                "Actual Loops": 1
                                            }
                                        ]
                                    },
                                    {
                                        "Node Type": "Hash",
                                        "Parent Relationship": "Inner",
                                        "Parallel Aware": true,
                                        "Startup Cost": 43899.01,
                                        "Total Cost": 43899.01,
                                        "Plan Rows": 268336,
                                        "Plan Width": 4,
                                        "Actual Startup Time": 153.21,
                                        "Actual Total Time": 153.211,
                                        "Actual Rows": 179128,
                                        "Actual Loops": 6,
                                        "Output": [
                                            "t.id"
                                        ],
                                        "Hash Buckets": 2097152,
                                        "Original Hash Buckets": 2097152,
                                        "Hash Batches": 1,
                                        "Original Hash Batches": 1,
                                        "Peak Memory Usage": 58528,
                                        "Workers": [
                                            {
                                                "Worker Number": 0,
                                                "Actual Startup Time": 155.47,
                                                "Actual Total Time": 155.471,
                                                "Actual Rows": 170428,
                                                "Actual Loops": 1
                                            },
                                            {
                                                "Worker Number": 1,
                                                "Actual Startup Time": 155.167,
                                                "Actual Total Time": 155.168,
                                                "Actual Rows": 143329,
                                                "Actual Loops": 1
                                            },
                                            {
                                                "Worker Number": 2,
                                                "Actual Startup Time": 155.391,
                                                "Actual Total Time": 155.392,
                                                "Actual Rows": 169867,
                                                "Actual Loops": 1
                                            },
                                            {
                                                "Worker Number": 3,
                                                "Actual Startup Time": 155.414,
                                                "Actual Total Time": 155.415,
                                                "Actual Rows": 168965,
                                                "Actual Loops": 1
                                            },
                                            {
                                                "Worker Number": 4,
                                                "Actual Startup Time": 155.41,
                                                "Actual Total Time": 155.411,
                                                "Actual Rows": 170950,
                                                "Actual Loops": 1
                                            }
                                        ],
                                        "Plans": [
                                            {
                                                "Node Type": "Seq Scan",
                                                "Parent Relationship": "Outer",
                                                "Parallel Aware": true,
                                                "Relation Name": "title",
                                                "Schema": "public",
                                                "Alias": "t",
                                                "Startup Cost": 0.0,
                                                "Total Cost": 43899.01,
                                                "Plan Rows": 268336,
                                                "Plan Width": 4,
                                                "Actual Startup Time": 0.056,
                                                "Actual Total Time": 78.542,
                                                "Actual Rows": 179128,
                                                "Actual Loops": 6,
                                                "Output": [
                                                    "t.id"
                                                ],
                                                "Filter": "(t.production_year < 2001)",
                                                "Rows Removed by Filter": 242258,
                                                "Workers": [
                                                    {
                                                        "Worker Number": 0,
                                                        "Actual Startup Time": 0.064,
                                                        "Actual Total Time": 80.844,
                                                        "Actual Rows": 170428,
                                                        "Actual Loops": 1
                                                    },
                                                    {
                                                        "Worker Number": 1,
                                                        "Actual Startup Time": 0.065,
                                                        "Actual Total Time": 78.572,
                                                        "Actual Rows": 143329,
                                                        "Actual Loops": 1
                                                    },
                                                    {
                                                        "Worker Number": 2,
                                                        "Actual Startup Time": 0.06,
                                                        "Actual Total Time": 80.524,
                                                        "Actual Rows": 169867,
                                                        "Actual Loops": 1
                                                    },
                                                    {
                                                        "Worker Number": 3,
                                                        "Actual Startup Time": 0.065,
                                                        "Actual Total Time": 79.348,
                                                        "Actual Rows": 168965,
                                                        "Actual Loops": 1
                                                    },
                                                    {
                                                        "Worker Number": 4,
                                                        "Actual Startup Time": 0.07,
                                                        "Actual Total Time": 80.132,
                                                        "Actual Rows": 170950,
                                                        "Actual Loops": 1
                                                    }
                                                ]
                                            }
                                        ]
                                    }
                                ]
                            }
                        ]
                    }
                ]
            }
        ]
    },
    "Planning Time": 0.755,
    "Triggers": [],
    "Execution Time": 510.409
}