[
  {
    "Plan": {
      "Node Type": "Aggregate",
      "Strategy": "Plain",
      "Partial Mode": "Finalize",
      "Parallel Aware": false,
      "Startup Cost": 330940.2,
      "Total Cost": 330940.21,
      "Plan Rows": 1,
      "Plan Width": 8,
      "Actual Startup Time": 596.282,
      "Actual Total Time": 641.288,
      "Actual Rows": 1,
      "Actual Loops": 1,
      "Plans": [
        {
          "Node Type": "Gather",
          "Parent Relationship": "Outer",
          "Parallel Aware": false,
          "Startup Cost": 330939.57,
          "Total Cost": 330940.18,
          "Plan Rows": 6,
          "Plan Width": 8,
          "Actual Startup Time": 596.092,
          "Actual Total Time": 641.278,
          "Actual Rows": 7,
          "Actual Loops": 1,
          "Workers Planned": 6,
          "Workers Launched": 6,
          "Single Copy": false,
          "Plans": [
            {
              "Node Type": "Aggregate",
              "Strategy": "Plain",
              "Partial Mode": "Partial",
              "Parent Relationship": "Outer",
              "Parallel Aware": false,
              "Startup Cost": 329939.57,
              "Total Cost": 329939.58,
              "Plan Rows": 1,
              "Plan Width": 8,
              "Actual Startup Time": 588.566,
              "Actual Total Time": 588.568,
              "Actual Rows": 1,
              "Actual Loops": 7,
              "Plans": [
                {
                  "Node Type": "Seq Scan",
                  "Parent Relationship": "Outer",
                  "Parallel Aware": true,
                  "Relation Name": "cast_info",
                  "Alias": "ci",
                  "Startup Cost": 0.0,
                  "Total Cost": 328211.39,
                  "Plan Rows": 691273,
                  "Plan Width": 0,
                  "Actual Startup Time": 423.435,
                  "Actual Total Time": 560.828,
                  "Actual Rows": 584891,
                  "Actual Loops": 7,
                  "Filter": "(person_id > 3306671)",
                  "Rows Removed by Filter": 4592872
                }
              ]
            }
          ]
        }
      ]
    },
    "Planning Time": 0.095,
    "Triggers": [],
    "Execution Time": 641.336
  }
]