[
  {
    "Plan": {
      "Node Type": "Aggregate",
      "Strategy": "Plain",
      "Partial Mode": "Finalize",
      "Parallel Aware": false,
      "Startup Cost": 47333.25,
      "Total Cost": 47333.26,
      "Plan Rows": 1,
      "Plan Width": 8,
      "Actual Startup Time": 128.423,
      "Actual Total Time": 140.669,
      "Actual Rows": 1,
      "Actual Loops": 1,
      "Plans": [
        {
          "Node Type": "Gather",
          "Parent Relationship": "Outer",
          "Parallel Aware": false,
          "Startup Cost": 47332.83,
          "Total Cost": 47333.24,
          "Plan Rows": 4,
          "Plan Width": 8,
          "Actual Startup Time": 128.129,
          "Actual Total Time": 140.66,
          "Actual Rows": 5,
          "Actual Loops": 1,
          "Workers Planned": 4,
          "Workers Launched": 4,
          "Single Copy": false,
          "Plans": [
            {
              "Node Type": "Aggregate",
              "Strategy": "Plain",
              "Partial Mode": "Partial",
              "Parent Relationship": "Outer",
              "Parallel Aware": false,
              "Startup Cost": 46332.83,
              "Total Cost": 46332.84,
              "Plan Rows": 1,
              "Plan Width": 8,
              "Actual Startup Time": 118.931,
              "Actual Total Time": 118.932,
              "Actual Rows": 1,
              "Actual Loops": 5,
              "Plans": [
                {
                  "Node Type": "Seq Scan",
                  "Parent Relationship": "Outer",
                  "Parallel Aware": true,
                  "Relation Name": "title",
                  "Alias": "t",
                  "Startup Cost": 0.0,
                  "Total Cost": 45479.1,
                  "Plan Rows": 341494,
                  "Plan Width": 0,
                  "Actual Startup Time": 0.041,
                  "Actual Total Time": 101.937,
                  "Actual Rows": 267520,
                  "Actual Loops": 5,
                  "Filter": "((kind_id > 3) AND (production_year < 2011))",
                  "Rows Removed by Filter": 238143
                }
              ]
            }
          ]
        }
      ]
    },
    "Planning Time": 0.183,
    "Triggers": [],
    "Execution Time": 140.729
  }
]