[
    {
        "Bao": {
            "Bao prediction": "NaN",
            "Bao recommended hint": "(no hint)"
        }
    },
    {
        "Plan": {
            "Node Type": "Aggregate",
            "Strategy": "Plain",
            "Partial Mode": "Finalize",
            "Parallel Aware": false,
            "Startup Cost": 289538.0,
            "Total Cost": 289538.01,
            "Plan Rows": 1,
            "Plan Width": 8,
            "Actual Startup Time": 695.718,
            "Actual Total Time": 709.574,
            "Actual Rows": 1,
            "Actual Loops": 1,
            "Output": [
                "count(*)"
            ],
            "Plans": [
                {
                    "Node Type": "Gather",
                    "Parent Relationship": "Outer",
                    "Parallel Aware": false,
                    "Startup Cost": 289537.69,
                    "Total Cost": 289538.0,
                    "Plan Rows": 3,
                    "Plan Width": 8,
                    "Actual Startup Time": 689.228,
                    "Actual Total Time": 709.562,
                    "Actual Rows": 4,
                    "Actual Loops": 1,
                    "Output": [
                        "(PARTIAL count(*))"
                    ],
                    "Workers Planned": 3,
                    "Workers Launched": 3,
                    "Single Copy": false,
                    "Plans": [
                        {
                            "Node Type": "Aggregate",
                            "Strategy": "Plain",
                            "Partial Mode": "Partial",
                            "Parent Relationship": "Outer",
                            "Parallel Aware": false,
                            "Startup Cost": 288537.69,
                            "Total Cost": 288537.7,
                            "Plan Rows": 1,
                            "Plan Width": 8,
                            "Actual Startup Time": 679.812,
                            "Actual Total Time": 679.943,
                            "Actual Rows": 1,
                            "Actual Loops": 4,
                            "Output": [
                                "PARTIAL count(*)"
                            ],
                            "Workers": [
                                {
                                    "Worker Number": 0,
                                    "Actual Startup Time": 676.975,
                                    "Actual Total Time": 676.98,
                                    "Actual Rows": 1,
                                    "Actual Loops": 1
                                },
                                {
                                    "Worker Number": 1,
                                    "Actual Startup Time": 676.668,
                                    "Actual Total Time": 676.673,
                                    "Actual Rows": 1,
                                    "Actual Loops": 1
                                },
                                {
                                    "Worker Number": 2,
                                    "Actual Startup Time": 676.981,
                                    "Actual Total Time": 676.986,
                                    "Actual Rows": 1,
                                    "Actual Loops": 1
                                }
                            ],
                            "Plans": [
                                {
                                    "Node Type": "Hash Join",
                                    "Parent Relationship": "Outer",
                                    "Parallel Aware": true,
                                    "Join Type": "Inner",
                                    "Startup Cost": 238895.69,
                                    "Total Cost": 287669.79,
                                    "Plan Rows": 347158,
                                    "Plan Width": 0,
                                    "Actual Startup Time": 476.213,
                                    "Actual Total Time": 674.604,
                                    "Actual Rows": 115639,
                                    "Actual Loops": 4,
                                    "Inner Unique": false,
                                    "Hash Cond": "(mk.movie_id = t.id)",
                                    "Workers": [
                                        {
                                            "Worker Number": 0,
                                            "Actual Startup Time": 473.164,
                                            "Actual Total Time": 671.589,
                                            "Actual Rows": 112782,
                                            "Actual Loops": 1
                                        },
                                        {
                                            "Worker Number": 1,
                                            "Actual Startup Time": 473.152,
                                            "Actual Total Time": 671.212,
                                            "Actual Rows": 114776,
                                            "Actual Loops": 1
                                        },
                                        {
                                            "Worker Number": 2,
                                            "Actual Startup Time": 473.443,
                                            "Actual Total Time": 671.589,
                                            "Actual Rows": 114172,
                                            "Actual Loops": 1
                                        }
                                    ],
                                    "Plans": [
                                        {
                                            "Node Type": "Seq Scan",
                                            "Parent Relationship": "Outer",
                                            "Parallel Aware": true,
                                            "Relation Name": "movie_keyword",
                                            "Schema": "public",
                                            "Alias": "mk",
                                            "Startup Cost": 0.0,
                                            "Total Cost": 42695.65,
                                            "Plan Rows": 1435768,
                                            "Plan Width": 4,
                                            "Actual Startup Time": 0.021,
                                            "Actual Total Time": 108.878,
                                            "Actual Rows": 1112990,
                                            "Actual Loops": 4,
                                            "Output": [
                                                "mk.id",
                                                "mk.movie_id",
                                                "mk.keyword_id"
                                            ],
                                            "Filter": "(mk.keyword_id > 62)",
                                            "Rows Removed by Filter": 17992,
                                            "Workers": [
                                                {
                                                    "Worker Number": 0,
                                                    "Actual Startup Time": 0.024,
                                                    "Actual Total Time": 109.504,
                                                    "Actual Rows": 1083327,
                                                    "Actual Loops": 1
                                                },
                                                {
                                                    "Worker Number": 1,
                                                    "Actual Startup Time": 0.022,
                                                    "Actual Total Time": 109.245,
                                                    "Actual Rows": 1083219,
                                                    "Actual Loops": 1
                                                },
                                                {
                                                    "Worker Number": 2,
                                                    "Actual Startup Time": 0.021,
                                                    "Actual Total Time": 111.36,
                                                    "Actual Rows": 1098870,
                                                    "Actual Loops": 1
                                                }
                                            ]
                                        },
                                        {
                                            "Node Type": "Hash",
                                            "Parent Relationship": "Inner",
                                            "Parallel Aware": true,
                                            "Startup Cost": 237367.36,
                                            "Total Cost": 237367.36,
                                            "Plan Rows": 122266,
                                            "Plan Width": 8,
                                            "Actual Startup Time": 472.233,
                                            "Actual Total Time": 472.362,
                                            "Actual Rows": 85302,
                                            "Actual Loops": 4,
                                            "Output": [
                                                "t.id",
                                                "mi.movie_id"
                                            ],
                                            "Hash Buckets": 1048576,
                                            "Original Hash Buckets": 1048576,
                                            "Hash Batches": 1,
                                            "Original Hash Batches": 1,
                                            "Peak Memory Usage": 21600,
                                            "Workers": [
                                                {
                                                    "Worker Number": 0,
                                                    "Actual Startup Time": 472.465,
                                                    "Actual Total Time": 472.469,
                                                    "Actual Rows": 97506,
                                                    "Actual Loops": 1
                                                },
                                                {
                                                    "Worker Number": 1,
                                                    "Actual Startup Time": 472.621,
                                                    "Actual Total Time": 472.625,
                                                    "Actual Rows": 79161,
                                                    "Actual Loops": 1
                                                },
                                                {
                                                    "Worker Number": 2,
                                                    "Actual Startup Time": 473.003,
                                                    "Actual Total Time": 473.007,
                                                    "Actual Rows": 80436,
                                                    "Actual Loops": 1
                                                }
                                            ],
                                            "Plans": [
                                                {
                                                    "Node Type": "Hash Join",
                                                    "Parent Relationship": "Outer",
                                                    "Parallel Aware": true,
                                                    "Join Type": "Inner",
                                                    "Startup Cost": 71663.78,
                                                    "Total Cost": 237367.36,
                                                    "Plan Rows": 122266,
                                                    "Plan Width": 8,
                                                    "Actual Startup Time": 281.884,
                                                    "Actual Total Time": 436.275,
                                                    "Actual Rows": 85302,
                                                    "Actual Loops": 4,
                                                    "Output": [
                                                        "t.id",
                                                        "mi.movie_id"
                                                    ],
                                                    "Inner Unique": true,
                                                    "Hash Cond": "(mi.movie_id = t.id)",
                                                    "Workers": [
                                                        {
                                                            "Worker Number": 0,
                                                            "Actual Startup Time": 281.454,
                                                            "Actual Total Time": 436.58,
                                                            "Actual Rows": 97506,
                                                            "Actual Loops": 1
                                                        },
                                                        {
                                                            "Worker Number": 1,
                                                            "Actual Startup Time": 281.808,
                                                            "Actual Total Time": 435.426,
                                                            "Actual Rows": 79161,
                                                            "Actual Loops": 1
                                                        },
                                                        {
                                                            "Worker Number": 2,
                                                            "Actual Startup Time": 282.16,
                                                            "Actual Total Time": 435.477,
                                                            "Actual Rows": 80436,
                                                            "Actual Loops": 1
                                                        }
                                                    ],
                                                    "Plans": [
                                                        {
                                                            "Node Type": "Bitmap Heap Scan",
                                                            "Parent Relationship": "Outer",
                                                            "Parallel Aware": true,
                                                            "Relation Name": "movie_info",
                                                            "Schema": "public",
                                                            "Alias": "mi",
                                                            "Startup Cost": 22246.9,
                                                            "Total Cost": 187306.49,
                                                            "Plan Rows": 245328,
                                                            "Plan Width": 4,
                                                            "Actual Startup Time": 57.316,
                                                            "Actual Total Time": 93.985,
                                                            "Actual Rows": 324747,
                                                            "Actual Loops": 4,
                                                            "Output": [
                                                                "mi.id",
                                                                "mi.movie_id",
                                                                "mi.info_type_id",
                                                                "mi.info",
                                                                "mi.note"
                                                            ],
                                                            "Recheck Cond": "(mi.info_type_id = 4)",
                                                            "Rows Removed by Index Recheck": 0,
                                                            "Exact Heap Blocks": 2171,
                                                            "Lossy Heap Blocks": 0,
                                                            "Workers": [
                                                                {
                                                                    "Worker Number": 0,
                                                                    "Actual Startup Time": 57.004,
                                                                    "Actual Total Time": 92.805,
                                                                    "Actual Rows": 335229,
                                                                    "Actual Loops": 1
                                                                },
                                                                {
                                                                    "Worker Number": 1,
                                                                    "Actual Startup Time": 57.356,
                                                                    "Actual Total Time": 94.42,
                                                                    "Actual Rows": 309828,
                                                                    "Actual Loops": 1
                                                                },
                                                                {
                                                                    "Worker Number": 2,
                                                                    "Actual Startup Time": 57.484,
                                                                    "Actual Total Time": 96.323,
                                                                    "Actual Rows": 317539,
                                                                    "Actual Loops": 1
                                                                }
                                                            ],
                                                            "Plans": [
                                                                {
                                                                    "Node Type": "Bitmap Index Scan",
                                                                    "Parent Relationship": "Outer",
                                                                    "Parallel Aware": false,
                                                                    "Index Name": "info_type_id_movie_info",
                                                                    "Startup Cost": 0.0,
                                                                    "Total Cost": 21940.24,
                                                                    "Plan Rows": 1226640,
                                                                    "Plan Width": 0,
                                                                    "Actual Startup Time": 55.79,
                                                                    "Actual Total Time": 55.79,
                                                                    "Actual Rows": 1298989,
                                                                    "Actual Loops": 1,
                                                                    "Index Cond": "(mi.info_type_id = 4)",
                                                                    "Workers": [
                                                                        {
                                                                            "Worker Number": 0,
                                                                            "Actual Startup Time": 55.79,
                                                                            "Actual Total Time": 55.79,
                                                                            "Actual Rows": 1298989,
                                                                            "Actual Loops": 1
                                                                        }
                                                                    ]
                                                                }
                                                            ]
                                                        },
                                                        {
                                                            "Node Type": "Hash",
                                                            "Parent Relationship": "Inner",
                                                            "Parallel Aware": true,
                                                            "Startup Cost": 45479.21,
                                                            "Total Cost": 45479.21,
                                                            "Plan Rows": 315014,
                                                            "Plan Width": 4,
                                                            "Actual Startup Time": 220.2,
                                                            "Actual Total Time": 220.201,
                                                            "Actual Rows": 308256,
                                                            "Actual Loops": 4,
                                                            "Output": [
                                                                "t.id"
                                                            ],
                                                            "Hash Buckets": 2097152,
                                                            "Original Hash Buckets": 2097152,
                                                            "Hash Batches": 1,
                                                            "Original Hash Batches": 1,
                                                            "Peak Memory Usage": 64704,
                                                            "Workers": [
                                                                {
                                                                    "Worker Number": 0,
                                                                    "Actual Startup Time": 224.395,
                                                                    "Actual Total Time": 224.396,
                                                                    "Actual Rows": 272047,
                                                                    "Actual Loops": 1
                                                                },
                                                                {
                                                                    "Worker Number": 1,
                                                                    "Actual Startup Time": 224.345,
                                                                    "Actual Total Time": 224.346,
                                                                    "Actual Rows": 275694,
                                                                    "Actual Loops": 1
                                                                },
                                                                {
                                                                    "Worker Number": 2,
                                                                    "Actual Startup Time": 224.527,
                                                                    "Actual Total Time": 224.528,
                                                                    "Actual Rows": 291407,
                                                                    "Actual Loops": 1
                                                                }
                                                            ],
                                                            "Plans": [
                                                                {
                                                                    "Node Type": "Seq Scan",
                                                                    "Parent Relationship": "Outer",
                                                                    "Parallel Aware": true,
                                                                    "Relation Name": "title",
                                                                    "Schema": "public",
                                                                    "Alias": "t",
                                                                    "Startup Cost": 0.0,
                                                                    "Total Cost": 45479.21,
                                                                    "Plan Rows": 315014,
                                                                    "Plan Width": 4,
                                                                    "Actual Startup Time": 0.052,
                                                                    "Actual Total Time": 98.313,
                                                                    "Actual Rows": 308256,
                                                                    "Actual Loops": 4,
                                                                    "Output": [
                                                                        "t.id"
                                                                    ],
                                                                    "Filter": "((t.kind_id > 4) AND (t.production_year < 2011))",
                                                                    "Rows Removed by Filter": 323822,
                                                                    "Workers": [
                                                                        {
                                                                            "Worker Number": 0,
                                                                            "Actual Startup Time": 0.072,
                                                                            "Actual Total Time": 99.472,
                                                                            "Actual Rows": 272047,
                                                                            "Actual Loops": 1
                                                                        },
                                                                        {
                                                                            "Worker Number": 1,
                                                                            "Actual Startup Time": 0.077,
                                                                            "Actual Total Time": 99.052,
                                                                            "Actual Rows": 275694,
                                                                            "Actual Loops": 1
                                                                        },
                                                                        {
                                                                            "Worker Number": 2,
                                                                            "Actual Startup Time": 0.041,
                                                                            "Actual Total Time": 101.266,
                                                                            "Actual Rows": 291407,
                                                                            "Actual Loops": 1
                                                                        }
                                                                    ]
                                                                }
                                                            ]
                                                        }
                                                    ]
                                                }
                                            ]
                                        }
                                    ]
                                }
                            ]
                        }
                    ]
                }
            ]
        },
        "Planning Time": 209.416,
        "Triggers": [],
        "Execution Time": 709.715
    }
]