[
  {
    "Plan": {
      "Node Type": "Aggregate",
      "Strategy": "Plain",
      "Partial Mode": "Finalize",
      "Parallel Aware": false,
      "Startup Cost": 46481.47,
      "Total Cost": 46481.48,
      "Plan Rows": 1,
      "Plan Width": 8,
      "Actual Startup Time": 101.196,
      "Actual Total Time": 114.053,
      "Actual Rows": 1,
      "Actual Loops": 1,
      "Plans": [
        {
          "Node Type": "Gather",
          "Parent Relationship": "Outer",
          "Parallel Aware": false,
          "Startup Cost": 46481.05,
          "Total Cost": 46481.46,
          "Plan Rows": 4,
          "Plan Width": 8,
          "Actual Startup Time": 101.033,
          "Actual Total Time": 114.043,
          "Actual Rows": 5,
          "Actual Loops": 1,
          "Workers Planned": 4,
          "Workers Launched": 4,
          "Single Copy": false,
          "Plans": [
            {
              "Node Type": "Aggregate",
              "Strategy": "Plain",
              "Partial Mode": "Partial",
              "Parent Relationship": "Outer",
              "Parallel Aware": false,
              "Startup Cost": 45481.05,
              "Total Cost": 45481.06,
              "Plan Rows": 1,
              "Plan Width": 8,
              "Actual Startup Time": 91.619,
              "Actual Total Time": 91.62,
              "Actual Rows": 1,
              "Actual Loops": 5,
              "Plans": [
                {
                  "Node Type": "Seq Scan",
                  "Parent Relationship": "Outer",
                  "Parallel Aware": true,
                  "Relation Name": "title",
                  "Alias": "t",
                  "Startup Cost": 0.0,
                  "Total Cost": 45479.59,
                  "Plan Rows": 584,
                  "Plan Width": 0,
                  "Actual Startup Time": 62.474,
                  "Actual Total Time": 91.456,
                  "Actual Rows": 1534,
                  "Actual Loops": 5,
                  "Filter": "((kind_id < 7) AND (production_year = 1915))",
                  "Rows Removed by Filter": 504128
                }
              ]
            }
          ]
        }
      ]
    },
    "Planning Time": 0.228,
    "Triggers": [],
    "Execution Time": 114.11
  }
]