[
    {
        "Bao": {
            "Bao prediction": "NaN",
            "Bao recommended hint": "(no hint)"
        }
    },
    {
        "Plan": {
            "Node Type": "Aggregate",
            "Strategy": "Plain",
            "Partial Mode": "Finalize",
            "Parallel Aware": false,
            "Startup Cost": 34673.52,
            "Total Cost": 34673.53,
            "Plan Rows": 1,
            "Plan Width": 8,
            "Actual Startup Time": 91.887,
            "Actual Total Time": 95.956,
            "Actual Rows": 1,
            "Actual Loops": 1,
            "Output": [
                "count(*)"
            ],
            "Plans": [
                {
                    "Node Type": "Gather",
                    "Parent Relationship": "Outer",
                    "Parallel Aware": false,
                    "Startup Cost": 34673.2,
                    "Total Cost": 34673.51,
                    "Plan Rows": 3,
                    "Plan Width": 8,
                    "Actual Startup Time": 91.701,
                    "Actual Total Time": 95.947,
                    "Actual Rows": 4,
                    "Actual Loops": 1,
                    "Output": [
                        "(PARTIAL count(*))"
                    ],
                    "Workers Planned": 3,
                    "Workers Launched": 3,
                    "Single Copy": false,
                    "Plans": [
                        {
                            "Node Type": "Aggregate",
                            "Strategy": "Plain",
                            "Partial Mode": "Partial",
                            "Parent Relationship": "Outer",
                            "Parallel Aware": false,
                            "Startup Cost": 33673.2,
                            "Total Cost": 33673.21,
                            "Plan Rows": 1,
                            "Plan Width": 8,
                            "Actual Startup Time": 83.403,
                            "Actual Total Time": 83.404,
                            "Actual Rows": 1,
                            "Actual Loops": 4,
                            "Output": [
                                "PARTIAL count(*)"
                            ],
                            "Workers": [
                                {
                                    "Worker Number": 0,
                                    "Actual Startup Time": 80.583,
                                    "Actual Total Time": 80.585,
                                    "Actual Rows": 1,
                                    "Actual Loops": 1
                                },
                                {
                                    "Worker Number": 1,
                                    "Actual Startup Time": 80.603,
                                    "Actual Total Time": 80.605,
                                    "Actual Rows": 1,
                                    "Actual Loops": 1
                                },
                                {
                                    "Worker Number": 2,
                                    "Actual Startup Time": 80.98,
                                    "Actual Total Time": 80.982,
                                    "Actual Rows": 1,
                                    "Actual Loops": 1
                                }
                            ],
                            "Plans": [
                                {
                                    "Node Type": "Bitmap Heap Scan",
                                    "Parent Relationship": "Outer",
                                    "Parallel Aware": true,
                                    "Relation Name": "movie_keyword",
                                    "Schema": "public",
                                    "Alias": "mk",
                                    "Startup Cost": 7506.92,
                                    "Total Cost": 33387.82,
                                    "Plan Rows": 114152,
                                    "Plan Width": 0,
                                    "Actual Startup Time": 18.2,
                                    "Actual Total Time": 78.218,
                                    "Actual Rows": 87756,
                                    "Actual Loops": 4,
                                    "Recheck Cond": "(mk.keyword_id > 47428)",
                                    "Rows Removed by Index Recheck": 0,
                                    "Exact Heap Blocks": 9887,
                                    "Lossy Heap Blocks": 0,
                                    "Workers": [
                                        {
                                            "Worker Number": 0,
                                            "Actual Startup Time": 15.404,
                                            "Actual Total Time": 75.81,
                                            "Actual Rows": 65178,
                                            "Actual Loops": 1
                                        },
                                        {
                                            "Worker Number": 1,
                                            "Actual Startup Time": 15.686,
                                            "Actual Total Time": 75.822,
                                            "Actual Rows": 64299,
                                            "Actual Loops": 1
                                        },
                                        {
                                            "Worker Number": 2,
                                            "Actual Startup Time": 15.819,
                                            "Actual Total Time": 76.161,
                                            "Actual Rows": 64736,
                                            "Actual Loops": 1
                                        }
                                    ],
                                    "Plans": [
                                        {
                                            "Node Type": "Bitmap Index Scan",
                                            "Parent Relationship": "Outer",
                                            "Parallel Aware": false,
                                            "Index Name": "keyword_id_movie_keyword",
                                            "Startup Cost": 0.0,
                                            "Total Cost": 7418.46,
                                            "Plan Rows": 353870,
                                            "Plan Width": 0,
                                            "Actual Startup Time": 22.705,
                                            "Actual Total Time": 22.705,
                                            "Actual Rows": 351026,
                                            "Actual Loops": 1,
                                            "Index Cond": "(mk.keyword_id > 47428)"
                                        }
                                    ]
                                }
                            ]
                        }
                    ]
                }
            ]
        },
        "Planning Time": 199.729,
        "Triggers": [],
        "Execution Time": 96.019
    }
]