[
    {
        "Bao": {
            "Bao prediction": "NaN",
            "Bao recommended hint": "(no hint)"
        }
    },
    {
        "Plan": {
            "Node Type": "Aggregate",
            "Strategy": "Plain",
            "Partial Mode": "Simple",
            "Parallel Aware": false,
            "Startup Cost": 23116.45,
            "Total Cost": 23116.46,
            "Plan Rows": 1,
            "Plan Width": 8,
            "Actual Startup Time": 29.92,
            "Actual Total Time": 29.922,
            "Actual Rows": 1,
            "Actual Loops": 1,
            "Output": [
                "count(*)"
            ],
            "Plans": [
                {
                    "Node Type": "Bitmap Heap Scan",
                    "Parent Relationship": "Outer",
                    "Parallel Aware": false,
                    "Relation Name": "movie_companies",
                    "Schema": "public",
                    "Alias": "mc",
                    "Startup Cost": 2558.09,
                    "Total Cost": 22821.72,
                    "Plan Rows": 117891,
                    "Plan Width": 0,
                    "Actual Startup Time": 5.898,
                    "Actual Total Time": 24.88,
                    "Actual Rows": 120561,
                    "Actual Loops": 1,
                    "Recheck Cond": "(mc.company_id > 146034)",
                    "Rows Removed by Index Recheck": 0,
                    "Exact Heap Blocks": 3501,
                    "Lossy Heap Blocks": 0,
                    "Plans": [
                        {
                            "Node Type": "Bitmap Index Scan",
                            "Parent Relationship": "Outer",
                            "Parallel Aware": false,
                            "Index Name": "company_id_movie_companies",
                            "Startup Cost": 0.0,
                            "Total Cost": 2528.61,
                            "Plan Rows": 117891,
                            "Plan Width": 0,
                            "Actual Startup Time": 5.372,
                            "Actual Total Time": 5.373,
                            "Actual Rows": 120561,
                            "Actual Loops": 1,
                            "Index Cond": "(mc.company_id > 146034)"
                        }
                    ]
                }
            ]
        },
        "Planning Time": 185.529,
        "Triggers": [],
        "Execution Time": 29.963
    }
]