[
  {
    "Plan": {
      "Node Type": "Aggregate",
      "Strategy": "Plain",
      "Partial Mode": "Finalize",
      "Parallel Aware": false,
      "Startup Cost": 47061.58,
      "Total Cost": 47061.59,
      "Plan Rows": 1,
      "Plan Width": 8,
      "Actual Startup Time": 94.731,
      "Actual Total Time": 108.852,
      "Actual Rows": 1,
      "Actual Loops": 1,
      "Plans": [
        {
          "Node Type": "Gather",
          "Parent Relationship": "Outer",
          "Parallel Aware": false,
          "Startup Cost": 47061.16,
          "Total Cost": 47061.57,
          "Plan Rows": 4,
          "Plan Width": 8,
          "Actual Startup Time": 94.56,
          "Actual Total Time": 108.842,
          "Actual Rows": 5,
          "Actual Loops": 1,
          "Workers Planned": 4,
          "Workers Launched": 4,
          "Single Copy": false,
          "Plans": [
            {
              "Node Type": "Aggregate",
              "Strategy": "Plain",
              "Partial Mode": "Partial",
              "Parent Relationship": "Outer",
              "Parallel Aware": false,
              "Startup Cost": 46061.16,
              "Total Cost": 46061.17,
              "Plan Rows": 1,
              "Plan Width": 8,
              "Actual Startup Time": 90.06,
              "Actual Total Time": 90.061,
              "Actual Rows": 1,
              "Actual Loops": 5,
              "Plans": [
                {
                  "Node Type": "Seq Scan",
                  "Parent Relationship": "Outer",
                  "Parallel Aware": true,
                  "Relation Name": "title",
                  "Alias": "t",
                  "Startup Cost": 0.0,
                  "Total Cost": 45479.59,
                  "Plan Rows": 232629,
                  "Plan Width": 0,
                  "Actual Startup Time": 0.03,
                  "Actual Total Time": 82.338,
                  "Actual Rows": 180885,
                  "Actual Loops": 5,
                  "Filter": "((kind_id < 7) AND (production_year > 1916))",
                  "Rows Removed by Filter": 324777
                }
              ]
            }
          ]
        }
      ]
    },
    "Planning Time": 0.189,
    "Triggers": [],
    "Execution Time": 108.91
  }
]