[
  {
    "Plan": {
      "Node Type": "Aggregate",
      "Strategy": "Plain",
      "Partial Mode": "Finalize",
      "Parallel Aware": false,
      "Startup Cost": 47064.53,
      "Total Cost": 47064.54,
      "Plan Rows": 1,
      "Plan Width": 8,
      "Actual Startup Time": 108.559,
      "Actual Total Time": 120.555,
      "Actual Rows": 1,
      "Actual Loops": 1,
      "Plans": [
        {
          "Node Type": "Gather",
          "Parent Relationship": "Outer",
          "Parallel Aware": false,
          "Startup Cost": 47064.11,
          "Total Cost": 47064.52,
          "Plan Rows": 4,
          "Plan Width": 8,
          "Actual Startup Time": 108.291,
          "Actual Total Time": 120.546,
          "Actual Rows": 5,
          "Actual Loops": 1,
          "Workers Planned": 4,
          "Workers Launched": 4,
          "Single Copy": false,
          "Plans": [
            {
              "Node Type": "Aggregate",
              "Strategy": "Plain",
              "Partial Mode": "Partial",
              "Parent Relationship": "Outer",
              "Parallel Aware": false,
              "Startup Cost": 46064.11,
              "Total Cost": 46064.12,
              "Plan Rows": 1,
              "Plan Width": 8,
              "Actual Startup Time": 100.474,
              "Actual Total Time": 100.475,
              "Actual Rows": 1,
              "Actual Loops": 5,
              "Plans": [
                {
                  "Node Type": "Seq Scan",
                  "Parent Relationship": "Outer",
                  "Parallel Aware": true,
                  "Relation Name": "title",
                  "Alias": "t",
                  "Startup Cost": 0.0,
                  "Total Cost": 45479.1,
                  "Plan Rows": 234004,
                  "Plan Width": 0,
                  "Actual Startup Time": 0.042,
                  "Actual Total Time": 91.981,
                  "Actual Rows": 180885,
                  "Actual Loops": 5,
                  "Filter": "((kind_id < 7) AND (production_year > 1916))",
                  "Rows Removed by Filter": 324777
                }
              ]
            }
          ]
        }
      ]
    },
    "Planning Time": 0.177,
    "Triggers": [],
    "Execution Time": 120.604
  }
]