[
  {
    "Plan": {
      "Node Type": "Aggregate",
      "Strategy": "Plain",
      "Partial Mode": "Finalize",
      "Parallel Aware": false,
      "Startup Cost": 32847.99,
      "Total Cost": 32848.0,
      "Plan Rows": 1,
      "Plan Width": 8,
      "Actual Startup Time": 97.086,
      "Actual Total Time": 104.503,
      "Actual Rows": 1,
      "Actual Loops": 1,
      "Plans": [
        {
          "Node Type": "Gather",
          "Parent Relationship": "Outer",
          "Parallel Aware": false,
          "Startup Cost": 32847.67,
          "Total Cost": 32847.98,
          "Plan Rows": 3,
          "Plan Width": 8,
          "Actual Startup Time": 97.007,
          "Actual Total Time": 104.496,
          "Actual Rows": 4,
          "Actual Loops": 1,
          "Workers Planned": 3,
          "Workers Launched": 3,
          "Single Copy": false,
          "Plans": [
            {
              "Node Type": "Aggregate",
              "Strategy": "Plain",
              "Partial Mode": "Partial",
              "Parent Relationship": "Outer",
              "Parallel Aware": false,
              "Startup Cost": 31847.67,
              "Total Cost": 31847.68,
              "Plan Rows": 1,
              "Plan Width": 8,
              "Actual Startup Time": 90.297,
              "Actual Total Time": 90.298,
              "Actual Rows": 1,
              "Actual Loops": 4,
              "Plans": [
                {
                  "Node Type": "Seq Scan",
                  "Parent Relationship": "Outer",
                  "Parallel Aware": true,
                  "Relation Name": "movie_companies",
                  "Alias": "mc",
                  "Startup Cost": 0.0,
                  "Total Cost": 31414.82,
                  "Plan Rows": 173140,
                  "Plan Width": 0,
                  "Actual Startup Time": 45.681,
                  "Actual Total Time": 81.397,
                  "Actual Rows": 209922,
                  "Actual Loops": 4,
                  "Filter": "((company_id > 14590) AND (company_type_id > 1))",
                  "Rows Removed by Filter": 442360
                }
              ]
            }
          ]
        }
      ]
    },
    "Planning Time": 0.176,
    "Triggers": [],
    "Execution Time": 104.551
  }
]