[
  {
    "Plan": {
      "Node Type": "Aggregate",
      "Strategy": "Plain",
      "Partial Mode": "Finalize",
      "Parallel Aware": false,
      "Startup Cost": 99190.53,
      "Total Cost": 99190.54,
      "Plan Rows": 1,
      "Plan Width": 8,
      "Actual Startup Time": 668.19,
      "Actual Total Time": 687.021,
      "Actual Rows": 1,
      "Actual Loops": 1,
      "Plans": [
        {
          "Node Type": "Gather",
          "Parent Relationship": "Outer",
          "Parallel Aware": false,
          "Startup Cost": 99190.21,
          "Total Cost": 99190.52,
          "Plan Rows": 3,
          "Plan Width": 8,
          "Actual Startup Time": 653.793,
          "Actual Total Time": 687.009,
          "Actual Rows": 4,
          "Actual Loops": 1,
          "Workers Planned": 3,
          "Workers Launched": 3,
          "Single Copy": false,
          "Plans": [
            {
              "Node Type": "Aggregate",
              "Strategy": "Plain",
              "Partial Mode": "Partial",
              "Parent Relationship": "Outer",
              "Parallel Aware": false,
              "Startup Cost": 98190.21,
              "Total Cost": 98190.22,
              "Plan Rows": 1,
              "Plan Width": 8,
              "Actual Startup Time": 641.851,
              "Actual Total Time": 641.856,
              "Actual Rows": 1,
              "Actual Loops": 4,
              "Plans": [
                {
                  "Node Type": "Hash Join",
                  "Parent Relationship": "Outer",
                  "Parallel Aware": true,
                  "Join Type": "Inner",
                  "Startup Cost": 51352.2,
                  "Total Cost": 96229.96,
                  "Plan Rows": 784100,
                  "Plan Width": 0,
                  "Actual Startup Time": 369.275,
                  "Actual Total Time": 613.404,
                  "Actual Rows": 638745,
                  "Actual Loops": 4,
                  "Inner Unique": true,
                  "Hash Cond": "(mk.movie_id = t.id)",
                  "Plans": [
                    {
                      "Node Type": "Seq Scan",
                      "Parent Relationship": "Outer",
                      "Parallel Aware": true,
                      "Relation Name": "movie_keyword",
                      "Alias": "mk",
                      "Startup Cost": 0.0,
                      "Total Cost": 42695.65,
                      "Plan Rows": 831281,
                      "Plan Width": 4,
                      "Actual Startup Time": 0.032,
                      "Actual Total Time": 112.453,
                      "Actual Rows": 646729,
                      "Actual Loops": 4,
                      "Filter": "(keyword_id < 6836)",
                      "Rows Removed by Filter": 484254
                    },
                    {
                      "Node Type": "Hash",
                      "Parent Relationship": "Inner",
                      "Parallel Aware": true,
                      "Startup Cost": 43899.32,
                      "Total Cost": 43899.32,
                      "Plan Rows": 596230,
                      "Plan Width": 4,
                      "Actual Startup Time": 360.885,
                      "Actual Total Time": 360.888,
                      "Actual Rows": 595716,
                      "Actual Loops": 4,
                      "Hash Buckets": 4194304,
                      "Original Hash Buckets": 4194304,
                      "Hash Batches": 1,
                      "Original Hash Batches": 1,
                      "Peak Memory Usage": 126080,
                      "Plans": [
                        {
                          "Node Type": "Seq Scan",
                          "Parent Relationship": "Outer",
                          "Parallel Aware": true,
                          "Relation Name": "title",
                          "Alias": "t",
                          "Startup Cost": 0.0,
                          "Total Cost": 43899.32,
                          "Plan Rows": 596230,
                          "Plan Width": 4,
                          "Actual Startup Time": 0.047,
                          "Actual Total Time": 121.125,
                          "Actual Rows": 595716,
                          "Actual Loops": 4,
                          "Filter": "(production_year > 1916)",
                          "Rows Removed by Filter": 36362
                        }
                      ]
                    }
                  ]
                }
              ]
            }
          ]
        }
      ]
    },
    "Planning Time": 0.412,
    "Triggers": [],
    "Execution Time": 687.053
  }
]