[
  {
    "Plan": {
      "Node Type": "Aggregate",
      "Strategy": "Plain",
      "Partial Mode": "Finalize",
      "Parallel Aware": false,
      "Startup Cost": 99217.92,
      "Total Cost": 99217.93,
      "Plan Rows": 1,
      "Plan Width": 8,
      "Actual Startup Time": 706.987,
      "Actual Total Time": 725.739,
      "Actual Rows": 1,
      "Actual Loops": 1,
      "Plans": [
        {
          "Node Type": "Gather",
          "Parent Relationship": "Outer",
          "Parallel Aware": false,
          "Startup Cost": 99217.6,
          "Total Cost": 99217.91,
          "Plan Rows": 3,
          "Plan Width": 8,
          "Actual Startup Time": 691.065,
          "Actual Total Time": 725.731,
          "Actual Rows": 4,
          "Actual Loops": 1,
          "Workers Planned": 3,
          "Workers Launched": 3,
          "Single Copy": false,
          "Plans": [
            {
              "Node Type": "Aggregate",
              "Strategy": "Plain",
              "Partial Mode": "Partial",
              "Parent Relationship": "Outer",
              "Parallel Aware": false,
              "Startup Cost": 98217.6,
              "Total Cost": 98217.61,
              "Plan Rows": 1,
              "Plan Width": 8,
              "Actual Startup Time": 673.518,
              "Actual Total Time": 673.521,
              "Actual Rows": 1,
              "Actual Loops": 4,
              "Plans": [
                {
                  "Node Type": "Hash Join",
                  "Parent Relationship": "Outer",
                  "Parallel Aware": true,
                  "Join Type": "Inner",
                  "Startup Cost": 51358.25,
                  "Total Cost": 96246.3,
                  "Plan Rows": 788519,
                  "Plan Width": 0,
                  "Actual Startup Time": 374.092,
                  "Actual Total Time": 640.463,
                  "Actual Rows": 638745,
                  "Actual Loops": 4,
                  "Inner Unique": true,
                  "Hash Cond": "(mk.movie_id = t.id)",
                  "Plans": [
                    {
                      "Node Type": "Seq Scan",
                      "Parent Relationship": "Outer",
                      "Parallel Aware": true,
                      "Relation Name": "movie_keyword",
                      "Alias": "mk",
                      "Startup Cost": 0.0,
                      "Total Cost": 42695.65,
                      "Plan Rows": 835198,
                      "Plan Width": 4,
                      "Actual Startup Time": 0.029,
                      "Actual Total Time": 127.258,
                      "Actual Rows": 646729,
                      "Actual Loops": 4,
                      "Filter": "(keyword_id < 6836)",
                      "Rows Removed by Filter": 484254
                    },
                    {
                      "Node Type": "Hash",
                      "Parent Relationship": "Inner",
                      "Parallel Aware": true,
                      "Startup Cost": 43898.92,
                      "Total Cost": 43898.92,
                      "Plan Rows": 596747,
                      "Plan Width": 4,
                      "Actual Startup Time": 362.772,
                      "Actual Total Time": 362.773,
                      "Actual Rows": 595716,
                      "Actual Loops": 4,
                      "Hash Buckets": 4194304,
                      "Original Hash Buckets": 4194304,
                      "Hash Batches": 1,
                      "Original Hash Batches": 1,
                      "Peak Memory Usage": 126048,
                      "Plans": [
                        {
                          "Node Type": "Seq Scan",
                          "Parent Relationship": "Outer",
                          "Parallel Aware": true,
                          "Relation Name": "title",
                          "Alias": "t",
                          "Startup Cost": 0.0,
                          "Total Cost": 43898.92,
                          "Plan Rows": 596747,
                          "Plan Width": 4,
                          "Actual Startup Time": 0.035,
                          "Actual Total Time": 129.037,
                          "Actual Rows": 595716,
                          "Actual Loops": 4,
                          "Filter": "(production_year > 1916)",
                          "Rows Removed by Filter": 36362
                        }
                      ]
                    }
                  ]
                }
              ]
            }
          ]
        }
      ]
    },
    "Planning Time": 0.538,
    "Triggers": [],
    "Execution Time": 725.8
  }
]