{
  "Plan": {
    "Node Type": "Aggregate",
    "Strategy": "Plain",
    "Partial Mode": "Finalize",
    "Parallel Aware": false,
    "Startup Cost": 121253.89,
    "Total Cost": 121253.9,
    "Plan Rows": 1,
    "Plan Width": 8,
    "Actual Startup Time": 865.031,
    "Actual Total Time": 886.912,
    "Actual Rows": 1,
    "Actual Loops": 1,
    "Plans": [
      {
        "Node Type": "Gather",
        "Parent Relationship": "Outer",
        "Parallel Aware": false,
        "Startup Cost": 121253.77,
        "Total Cost": 121253.88,
        "Plan Rows": 1,
        "Plan Width": 8,
        "Actual Startup Time": 861.542,
        "Actual Total Time": 886.904,
        "Actual Rows": 2,
        "Actual Loops": 1,
        "Workers Planned": 1,
        "Workers Launched": 1,
        "Single Copy": false,
        "Plans": [
          {
            "Node Type": "Aggregate",
            "Strategy": "Plain",
            "Partial Mode": "Partial",
            "Parent Relationship": "Outer",
            "Parallel Aware": false,
            "Startup Cost": 120253.77,
            "Total Cost": 120253.78,
            "Plan Rows": 1,
            "Plan Width": 8,
            "Actual Startup Time": 849.026,
            "Actual Total Time": 849.03,
            "Actual Rows": 1,
            "Actual Loops": 2,
            "Plans": [
              {
                "Node Type": "Hash Join",
                "Parent Relationship": "Outer",
                "Parallel Aware": true,
                "Join Type": "Inner",
                "Startup Cost": 87152.86,
                "Total Cost": 119027.26,
                "Plan Rows": 490605,
                "Plan Width": 0,
                "Actual Startup Time": 636.772,
                "Actual Total Time": 830.09,
                "Actual Rows": 409994,
                "Actual Loops": 2,
                "Inner Unique": true,
                "Hash Cond": "(mk.movie_id = t.id)",
                "Plans": [
                  {
                    "Node Type": "Bitmap Heap Scan",
                    "Parent Relationship": "Outer",
                    "Parallel Aware": true,
                    "Relation Name": "movie_keyword",
                    "Alias": "mk",
                    "Startup Cost": 17692.16,
                    "Total Cost": 48278.72,
                    "Plan Rows": 490605,
                    "Plan Width": 4,
                    "Actual Startup Time": 45.9,
                    "Actual Total Time": 137.249,
                    "Actual Rows": 409994,
                    "Actual Loops": 2,
                    "Recheck Cond": "(keyword_id > 22371)",
                    "Rows Removed by Index Recheck": 0,
                    "Exact Heap Blocks": 13307,
                    "Lossy Heap Blocks": 0,
                    "Plans": [
                      {
                        "Node Type": "Bitmap Index Scan",
                        "Parent Relationship": "Outer",
                        "Parallel Aware": false,
                        "Index Name": "keyword_id_movie_keyword",
                        "Startup Cost": 0.0,
                        "Total Cost": 17483.65,
                        "Plan Rows": 834029,
                        "Plan Width": 0,
                        "Actual Startup Time": 42.306,
                        "Actual Total Time": 42.307,
                        "Actual Rows": 819988,
                        "Actual Loops": 1,
                        "Index Cond": "(keyword_id > 22371)"
                      }
                    ]
                  },
                  {
                    "Node Type": "Hash",
                    "Parent Relationship": "Inner",
                    "Parallel Aware": true,
                    "Startup Cost": 50870.31,
                    "Total Cost": 50870.31,
                    "Plan Rows": 1487231,
                    "Plan Width": 4,
                    "Actual Startup Time": 569.664,
                    "Actual Total Time": 569.665,
                    "Actual Rows": 1264156,
                    "Actual Loops": 2,
                    "Hash Buckets": 4194304,
                    "Original Hash Buckets": 4194304,
                    "Hash Batches": 1,
                    "Original Hash Batches": 1,
                    "Peak Memory Usage": 131712,
                    "Plans": [
                      {
                        "Node Type": "Seq Scan",
                        "Parent Relationship": "Outer",
                        "Parallel Aware": true,
                        "Relation Name": "title",
                        "Alias": "t",
                        "Startup Cost": 0.0,
                        "Total Cost": 50870.31,
                        "Plan Rows": 1487231,
                        "Plan Width": 4,
                        "Actual Startup Time": 0.03,
                        "Actual Total Time": 158.364,
                        "Actual Rows": 1264156,
                        "Actual Loops": 2
                      }
                    ]
                  }
                ]
              }
            ]
          }
        ]
      }
    ]
  },
  "Planning Time": 0.678,
  "Triggers": [],
  "Execution Time": 887.007
}