[
  {
    "Plan": {
      "Node Type": "Aggregate",
      "Strategy": "Plain",
      "Partial Mode": "Finalize",
      "Parallel Aware": false,
      "Startup Cost": 334751.09,
      "Total Cost": 334751.1,
      "Plan Rows": 1,
      "Plan Width": 8,
      "Actual Startup Time": 291.372,
      "Actual Total Time": 345.452,
      "Actual Rows": 1,
      "Actual Loops": 1,
      "Plans": [
        {
          "Node Type": "Gather",
          "Parent Relationship": "Outer",
          "Parallel Aware": false,
          "Startup Cost": 334750.67,
          "Total Cost": 334751.08,
          "Plan Rows": 4,
          "Plan Width": 8,
          "Actual Startup Time": 291.122,
          "Actual Total Time": 345.439,
          "Actual Rows": 5,
          "Actual Loops": 1,
          "Workers Planned": 4,
          "Workers Launched": 4,
          "Single Copy": false,
          "Plans": [
            {
              "Node Type": "Aggregate",
              "Strategy": "Plain",
              "Partial Mode": "Partial",
              "Parent Relationship": "Outer",
              "Parallel Aware": false,
              "Startup Cost": 333750.67,
              "Total Cost": 333750.68,
              "Plan Rows": 1,
              "Plan Width": 8,
              "Actual Startup Time": 283.836,
              "Actual Total Time": 283.838,
              "Actual Rows": 1,
              "Actual Loops": 5,
              "Plans": [
                {
                  "Node Type": "Nested Loop",
                  "Parent Relationship": "Outer",
                  "Parallel Aware": false,
                  "Join Type": "Inner",
                  "Startup Cost": 0.56,
                  "Total Cost": 333632.25,
                  "Plan Rows": 47371,
                  "Plan Width": 0,
                  "Actual Startup Time": 53.123,
                  "Actual Total Time": 281.567,
                  "Actual Rows": 28533,
                  "Actual Loops": 5,
                  "Inner Unique": false,
                  "Plans": [
                    {
                      "Node Type": "Seq Scan",
                      "Parent Relationship": "Outer",
                      "Parallel Aware": true,
                      "Relation Name": "title",
                      "Alias": "t",
                      "Startup Cost": 0.0,
                      "Total Cost": 45479.59,
                      "Plan Rows": 7047,
                      "Plan Width": 4,
                      "Actual Startup Time": 51.989,
                      "Actual Total Time": 78.737,
                      "Actual Rows": 3223,
                      "Actual Loops": 5,
                      "Filter": "((kind_id = 1) AND (production_year = 2006))",
                      "Rows Removed by Filter": 502439
                    },
                    {
                      "Node Type": "Index Scan",
                      "Parent Relationship": "Inner",
                      "Parallel Aware": false,
                      "Scan Direction": "Forward",
                      "Index Name": "movie_id_cast_info",
                      "Relation Name": "cast_info",
                      "Alias": "ci",
                      "Startup Cost": 0.56,
                      "Total Cost": 40.73,
                      "Plan Rows": 16,
                      "Plan Width": 4,
                      "Actual Startup Time": 0.012,
                      "Actual Total Time": 0.062,
                      "Actual Rows": 9,
                      "Actual Loops": 16117,
                      "Index Cond": "(movie_id = t.id)",
                      "Rows Removed by Index Recheck": 0,
                      "Filter": "(person_id < 1695693)",
                      "Rows Removed by Filter": 11
                    }
                  ]
                }
              ]
            }
          ]
        }
      ]
    },
    "Planning Time": 0.648,
    "Triggers": [],
    "Execution Time": 345.537
  }
]