[
  {
    "Plan": {
      "Node Type": "Aggregate",
      "Strategy": "Plain",
      "Partial Mode": "Finalize",
      "Parallel Aware": false,
      "Startup Cost": 24785.55,
      "Total Cost": 24785.56,
      "Plan Rows": 1,
      "Plan Width": 8,
      "Actual Startup Time": 56.297,
      "Actual Total Time": 60.445,
      "Actual Rows": 1,
      "Actual Loops": 1,
      "Plans": [
        {
          "Node Type": "Gather",
          "Parent Relationship": "Outer",
          "Parallel Aware": false,
          "Startup Cost": 24785.23,
          "Total Cost": 24785.54,
          "Plan Rows": 3,
          "Plan Width": 8,
          "Actual Startup Time": 56.031,
          "Actual Total Time": 60.436,
          "Actual Rows": 4,
          "Actual Loops": 1,
          "Workers Planned": 3,
          "Workers Launched": 3,
          "Single Copy": false,
          "Plans": [
            {
              "Node Type": "Aggregate",
              "Strategy": "Plain",
              "Partial Mode": "Partial",
              "Parent Relationship": "Outer",
              "Parallel Aware": false,
              "Startup Cost": 23785.23,
              "Total Cost": 23785.24,
              "Plan Rows": 1,
              "Plan Width": 8,
              "Actual Startup Time": 47.329,
              "Actual Total Time": 47.33,
              "Actual Rows": 1,
              "Actual Loops": 4,
              "Plans": [
                {
                  "Node Type": "Bitmap Heap Scan",
                  "Parent Relationship": "Outer",
                  "Parallel Aware": true,
                  "Relation Name": "movie_companies",
                  "Alias": "mc",
                  "Startup Cost": 4017.43,
                  "Total Cost": 23708.94,
                  "Plan Rows": 30515,
                  "Plan Width": 0,
                  "Actual Startup Time": 14.552,
                  "Actual Total Time": 43.45,
                  "Actual Rows": 45412,
                  "Actual Loops": 4,
                  "Recheck Cond": "(company_id > 119713)",
                  "Rows Removed by Index Recheck": 0,
                  "Filter": "(company_type_id = 2)",
                  "Rows Removed by Filter": 0,
                  "Exact Heap Blocks": 2436,
                  "Lossy Heap Blocks": 0,
                  "Plans": [
                    {
                      "Node Type": "Bitmap Index Scan",
                      "Parent Relationship": "Outer",
                      "Parallel Aware": false,
                      "Index Name": "company_id_movie_companies",
                      "Startup Cost": 0.0,
                      "Total Cost": 3993.78,
                      "Plan Rows": 186313,
                      "Plan Width": 0,
                      "Actual Startup Time": 21.379,
                      "Actual Total Time": 21.379,
                      "Actual Rows": 181647,
                      "Actual Loops": 1,
                      "Index Cond": "(company_id > 119713)"
                    }
                  ]
                }
              ]
            }
          ]
        }
      ]
    },
    "Planning Time": 0.228,
    "Triggers": [],
    "Execution Time": 60.524
  }
]