{
    "Plan": {
        "Node Type": "Aggregate",
        "Strategy": "Plain",
        "Partial Mode": "Finalize",
        "Parallel Aware": false,
        "Startup Cost": 181704.12,
        "Total Cost": 181704.13,
        "Plan Rows": 1,
        "Plan Width": 8,
        "Actual Startup Time": 127.683,
        "Actual Total Time": 147.508,
        "Actual Rows": 1,
        "Actual Loops": 1,
        "Output": [
            "count(*)"
        ],
        "Plans": [
            {
                "Node Type": "Gather",
                "Parent Relationship": "Outer",
                "Parallel Aware": false,
                "Startup Cost": 181703.7,
                "Total Cost": 181704.11,
                "Plan Rows": 4,
                "Plan Width": 8,
                "Actual Startup Time": 127.563,
                "Actual Total Time": 147.501,
                "Actual Rows": 5,
                "Actual Loops": 1,
                "Output": [
                    "(PARTIAL count(*))"
                ],
                "Workers Planned": 4,
                "Workers Launched": 4,
                "Single Copy": false,
                "Plans": [
                    {
                        "Node Type": "Aggregate",
                        "Strategy": "Plain",
                        "Partial Mode": "Partial",
                        "Parent Relationship": "Outer",
                        "Parallel Aware": false,
                        "Startup Cost": 180703.7,
                        "Total Cost": 180703.71,
                        "Plan Rows": 1,
                        "Plan Width": 8,
                        "Actual Startup Time": 117.531,
                        "Actual Total Time": 117.533,
                        "Actual Rows": 1,
                        "Actual Loops": 5,
                        "Output": [
                            "PARTIAL count(*)"
                        ],
                        "Workers": [
                            {
                                "Worker Number": 0,
                                "Actual Startup Time": 114.78,
                                "Actual Total Time": 114.781,
                                "Actual Rows": 1,
                                "Actual Loops": 1
                            },
                            {
                                "Worker Number": 1,
                                "Actual Startup Time": 114.775,
                                "Actual Total Time": 114.777,
                                "Actual Rows": 1,
                                "Actual Loops": 1
                            },
                            {
                                "Worker Number": 2,
                                "Actual Startup Time": 115.534,
                                "Actual Total Time": 115.536,
                                "Actual Rows": 1,
                                "Actual Loops": 1
                            },
                            {
                                "Worker Number": 3,
                                "Actual Startup Time": 115.768,
                                "Actual Total Time": 115.77,
                                "Actual Rows": 1,
                                "Actual Loops": 1
                            }
                        ],
                        "Plans": [
                            {
                                "Node Type": "Nested Loop",
                                "Parent Relationship": "Outer",
                                "Parallel Aware": false,
                                "Join Type": "Inner",
                                "Startup Cost": 0.43,
                                "Total Cost": 180701.59,
                                "Plan Rows": 846,
                                "Plan Width": 0,
                                "Actual Startup Time": 3.279,
                                "Actual Total Time": 117.364,
                                "Actual Rows": 1475,
                                "Actual Loops": 5,
                                "Inner Unique": false,
                                "Workers": [
                                    {
                                        "Worker Number": 0,
                                        "Actual Startup Time": 5.187,
                                        "Actual Total Time": 114.622,
                                        "Actual Rows": 1193,
                                        "Actual Loops": 1
                                    },
                                    {
                                        "Worker Number": 1,
                                        "Actual Startup Time": 3.564,
                                        "Actual Total Time": 114.635,
                                        "Actual Rows": 1033,
                                        "Actual Loops": 1
                                    },
                                    {
                                        "Worker Number": 2,
                                        "Actual Startup Time": 0.817,
                                        "Actual Total Time": 115.375,
                                        "Actual Rows": 1194,
                                        "Actual Loops": 1
                                    },
                                    {
                                        "Worker Number": 3,
                                        "Actual Startup Time": 6.488,
                                        "Actual Total Time": 115.609,
                                        "Actual Rows": 1181,
                                        "Actual Loops": 1
                                    }
                                ],
                                "Plans": [
                                    {
                                        "Node Type": "Seq Scan",
                                        "Parent Relationship": "Outer",
                                        "Parallel Aware": true,
                                        "Relation Name": "title",
                                        "Schema": "public",
                                        "Alias": "t",
                                        "Startup Cost": 0.0,
                                        "Total Cost": 45479.21,
                                        "Plan Rows": 1394,
                                        "Plan Width": 4,
                                        "Actual Startup Time": 1.732,
                                        "Actual Total Time": 77.444,
                                        "Actual Rows": 1239,
                                        "Actual Loops": 5,
                                        "Output": [
                                            "t.id",
                                            "t.title",
                                            "t.imdb_index",
                                            "t.kind_id",
                                            "t.production_year",
                                            "t.imdb_id",
                                            "t.phonetic_code",
                                            "t.episode_of_id",
                                            "t.season_nr",
                                            "t.episode_nr",
                                            "t.series_years",
                                            "t.md5sum"
                                        ],
                                        "Filter": "((t.kind_id < 7) AND (t.production_year = 1975))",
                                        "Rows Removed by Filter": 504423,
                                        "Workers": [
                                            {
                                                "Worker Number": 0,
                                                "Actual Startup Time": 2.208,
                                                "Actual Total Time": 71.972,
                                                "Actual Rows": 1011,
                                                "Actual Loops": 1
                                            },
                                            {
                                                "Worker Number": 1,
                                                "Actual Startup Time": 3.139,
                                                "Actual Total Time": 70.697,
                                                "Actual Rows": 874,
                                                "Actual Loops": 1
                                            },
                                            {
                                                "Worker Number": 2,
                                                "Actual Startup Time": 0.344,
                                                "Actual Total Time": 73.331,
                                                "Actual Rows": 1040,
                                                "Actual Loops": 1
                                            },
                                            {
                                                "Worker Number": 3,
                                                "Actual Startup Time": 2.684,
                                                "Actual Total Time": 72.645,
                                                "Actual Rows": 998,
                                                "Actual Loops": 1
                                            }
                                        ]
                                    },
                                    {
                                        "Node Type": "Index Scan",
                                        "Parent Relationship": "Inner",
                                        "Parallel Aware": false,
                                        "Scan Direction": "Forward",
                                        "Index Name": "movie_id_movie_info",
                                        "Relation Name": "movie_info",
                                        "Schema": "public",
                                        "Alias": "mi",
                                        "Startup Cost": 0.43,
                                        "Total Cost": 96.96,
                                        "Plan Rows": 4,
                                        "Plan Width": 4,
                                        "Actual Startup Time": 0.031,
                                        "Actual Total Time": 0.032,
                                        "Actual Rows": 1,
                                        "Actual Loops": 6196,
                                        "Output": [
                                            "mi.id",
                                            "mi.movie_id",
                                            "mi.info_type_id",
                                            "mi.info",
                                            "mi.note"
                                        ],
                                        "Index Cond": "(mi.movie_id = t.id)",
                                        "Rows Removed by Index Recheck": 0,
                                        "Filter": "(mi.info_type_id = 3)",
                                        "Rows Removed by Filter": 9,
                                        "Workers": [
                                            {
                                                "Worker Number": 0,
                                                "Actual Startup Time": 0.041,
                                                "Actual Total Time": 0.041,
                                                "Actual Rows": 1,
                                                "Actual Loops": 1011
                                            },
                                            {
                                                "Worker Number": 1,
                                                "Actual Startup Time": 0.049,
                                                "Actual Total Time": 0.05,
                                                "Actual Rows": 1,
                                                "Actual Loops": 874
                                            },
                                            {
                                                "Worker Number": 2,
                                                "Actual Startup Time": 0.039,
                                                "Actual Total Time": 0.04,
                                                "Actual Rows": 1,
                                                "Actual Loops": 1040
                                            },
                                            {
                                                "Worker Number": 3,
                                                "Actual Startup Time": 0.042,
                                                "Actual Total Time": 0.042,
                                                "Actual Rows": 1,
                                                "Actual Loops": 998
                                            }
                                        ]
                                    }
                                ]
                            }
                        ]
                    }
                ]
            }
        ]
    },
    "Planning Time": 0.758,
    "Triggers": [],
    "Execution Time": 147.584
}