[
  {
    "Plan": {
      "Node Type": "Aggregate",
      "Strategy": "Plain",
      "Partial Mode": "Finalize",
      "Parallel Aware": false,
      "Startup Cost": 33184.45,
      "Total Cost": 33184.46,
      "Plan Rows": 1,
      "Plan Width": 8,
      "Actual Startup Time": 102.9,
      "Actual Total Time": 110.949,
      "Actual Rows": 1,
      "Actual Loops": 1,
      "Plans": [
        {
          "Node Type": "Gather",
          "Parent Relationship": "Outer",
          "Parallel Aware": false,
          "Startup Cost": 33184.13,
          "Total Cost": 33184.44,
          "Plan Rows": 3,
          "Plan Width": 8,
          "Actual Startup Time": 102.813,
          "Actual Total Time": 110.94,
          "Actual Rows": 4,
          "Actual Loops": 1,
          "Workers Planned": 3,
          "Workers Launched": 3,
          "Single Copy": false,
          "Plans": [
            {
              "Node Type": "Aggregate",
              "Strategy": "Plain",
              "Partial Mode": "Partial",
              "Parent Relationship": "Outer",
              "Parallel Aware": false,
              "Startup Cost": 32184.13,
              "Total Cost": 32184.14,
              "Plan Rows": 1,
              "Plan Width": 8,
              "Actual Startup Time": 94.355,
              "Actual Total Time": 94.356,
              "Actual Rows": 1,
              "Actual Loops": 4,
              "Plans": [
                {
                  "Node Type": "Seq Scan",
                  "Parent Relationship": "Outer",
                  "Parallel Aware": true,
                  "Relation Name": "movie_companies",
                  "Alias": "mc",
                  "Startup Cost": 0.0,
                  "Total Cost": 31414.82,
                  "Plan Rows": 307725,
                  "Plan Width": 0,
                  "Actual Startup Time": 51.992,
                  "Actual Total Time": 87.281,
                  "Actual Rows": 160019,
                  "Actual Loops": 4,
                  "Filter": "((company_id < 37964) AND (company_type_id = 2))",
                  "Rows Removed by Filter": 492263
                }
              ]
            }
          ]
        }
      ]
    },
    "Planning Time": 0.241,
    "Triggers": [],
    "Execution Time": 111.011
  }
]