[
    {
        "Bao": {
            "Bao prediction": 223.27,
            "Bao recommended hint": "SET enable_mergejoin TO off; "
        }
    },
    {
        "Plan": {
            "Node Type": "Aggregate",
            "Strategy": "Plain",
            "Partial Mode": "Simple",
            "Parallel Aware": false,
            "Startup Cost": 2959.43,
            "Total Cost": 2959.44,
            "Plan Rows": 1,
            "Plan Width": 8,
            "Actual Startup Time": 10.081,
            "Actual Total Time": 10.085,
            "Actual Rows": 1,
            "Actual Loops": 1,
            "Output": [
                "count(*)"
            ],
            "Plans": [
                {
                    "Node Type": "Nested Loop",
                    "Parent Relationship": "Outer",
                    "Parallel Aware": false,
                    "Join Type": "Inner",
                    "Startup Cost": 6.75,
                    "Total Cost": 2959.11,
                    "Plan Rows": 125,
                    "Plan Width": 0,
                    "Actual Startup Time": 0.593,
                    "Actual Total Time": 10.006,
                    "Actual Rows": 276,
                    "Actual Loops": 1,
                    "Inner Unique": true,
                    "Plans": [
                        {
                            "Node Type": "Bitmap Heap Scan",
                            "Parent Relationship": "Outer",
                            "Parallel Aware": false,
                            "Relation Name": "movie_keyword",
                            "Schema": "public",
                            "Alias": "mk",
                            "Startup Cost": 6.32,
                            "Total Cost": 908.7,
                            "Plan Rows": 244,
                            "Plan Width": 4,
                            "Actual Startup Time": 0.564,
                            "Actual Total Time": 2.8,
                            "Actual Rows": 853,
                            "Actual Loops": 1,
                            "Output": [
                                "mk.id",
                                "mk.movie_id",
                                "mk.keyword_id"
                            ],
                            "Recheck Cond": "(mk.keyword_id = 8712)",
                            "Rows Removed by Index Recheck": 0,
                            "Exact Heap Blocks": 797,
                            "Lossy Heap Blocks": 0,
                            "Plans": [
                                {
                                    "Node Type": "Bitmap Index Scan",
                                    "Parent Relationship": "Outer",
                                    "Parallel Aware": false,
                                    "Index Name": "keyword_id_movie_keyword",
                                    "Startup Cost": 0.0,
                                    "Total Cost": 6.26,
                                    "Plan Rows": 244,
                                    "Plan Width": 0,
                                    "Actual Startup Time": 0.258,
                                    "Actual Total Time": 0.259,
                                    "Actual Rows": 853,
                                    "Actual Loops": 1,
                                    "Index Cond": "(mk.keyword_id = 8712)"
                                }
                            ]
                        },
                        {
                            "Node Type": "Index Scan",
                            "Parent Relationship": "Inner",
                            "Parallel Aware": false,
                            "Scan Direction": "Forward",
                            "Index Name": "title_pkey",
                            "Relation Name": "title",
                            "Schema": "public",
                            "Alias": "t",
                            "Startup Cost": 0.43,
                            "Total Cost": 8.4,
                            "Plan Rows": 1,
                            "Plan Width": 4,
                            "Actual Startup Time": 0.008,
                            "Actual Total Time": 0.008,
                            "Actual Rows": 0,
                            "Actual Loops": 853,
                            "Output": [
                                "t.id",
                                "t.title",
                                "t.imdb_index",
                                "t.kind_id",
                                "t.production_year",
                                "t.imdb_id",
                                "t.phonetic_code",
                                "t.episode_of_id",
                                "t.season_nr",
                                "t.episode_nr",
                                "t.series_years",
                                "t.md5sum"
                            ],
                            "Index Cond": "(t.id = mk.movie_id)",
                            "Rows Removed by Index Recheck": 0,
                            "Filter": "((t.kind_id > 1) AND (t.production_year > 1989))",
                            "Rows Removed by Filter": 1
                        }
                    ]
                }
            ]
        },
        "Planning Time": 312.672,
        "Triggers": [],
        "Execution Time": 10.208
    }
]