{
  "Plan": {
    "Node Type": "Aggregate",
    "Strategy": "Plain",
    "Partial Mode": "Finalize",
    "Parallel Aware": false,
    "Startup Cost": 171521.34,
    "Total Cost": 171521.35,
    "Plan Rows": 1,
    "Plan Width": 8,
    "Actual Startup Time": 839.211,
    "Actual Total Time": 858.315,
    "Actual Rows": 1,
    "Actual Loops": 1,
    "Plans": [
      {
        "Node Type": "Gather",
        "Parent Relationship": "Outer",
        "Parallel Aware": false,
        "Startup Cost": 171521.23,
        "Total Cost": 171521.34,
        "Plan Rows": 1,
        "Plan Width": 8,
        "Actual Startup Time": 836.81,
        "Actual Total Time": 858.308,
        "Actual Rows": 2,
        "Actual Loops": 1,
        "Workers Planned": 1,
        "Workers Launched": 1,
        "Single Copy": false,
        "Plans": [
          {
            "Node Type": "Aggregate",
            "Strategy": "Plain",
            "Partial Mode": "Partial",
            "Parent Relationship": "Outer",
            "Parallel Aware": false,
            "Startup Cost": 170521.23,
            "Total Cost": 170521.24,
            "Plan Rows": 1,
            "Plan Width": 8,
            "Actual Startup Time": 829.83,
            "Actual Total Time": 829.839,
            "Actual Rows": 1,
            "Actual Loops": 2,
            "Plans": [
              {
                "Node Type": "Hash Join",
                "Parent Relationship": "Outer",
                "Parallel Aware": true,
                "Join Type": "Inner",
                "Startup Cost": 106606.37,
                "Total Cost": 170294.86,
                "Plan Rows": 90548,
                "Plan Width": 0,
                "Actual Startup Time": 531.814,
                "Actual Total Time": 822.709,
                "Actual Rows": 167476,
                "Actual Loops": 2,
                "Inner Unique": false,
                "Hash Cond": "(mk.movie_id = t.id)",
                "Plans": [
                  {
                    "Node Type": "Seq Scan",
                    "Parent Relationship": "Outer",
                    "Parallel Aware": true,
                    "Relation Name": "movie_keyword",
                    "Alias": "mk",
                    "Startup Cost": 0.0,
                    "Total Cost": 57718.19,
                    "Plan Rows": 1450041,
                    "Plan Width": 4,
                    "Actual Startup Time": 0.017,
                    "Actual Total Time": 181.867,
                    "Actual Rows": 1233354,
                    "Actual Loops": 2,
                    "Filter": "(keyword_id < 5936)",
                    "Rows Removed by Filter": 1028611
                  },
                  {
                    "Node Type": "Hash",
                    "Parent Relationship": "Inner",
                    "Parallel Aware": true,
                    "Startup Cost": 105445.49,
                    "Total Cost": 105445.49,
                    "Plan Rows": 92871,
                    "Plan Width": 8,
                    "Actual Startup Time": 528.545,
                    "Actual Total Time": 528.552,
                    "Actual Rows": 93040,
                    "Actual Loops": 2,
                    "Hash Buckets": 262144,
                    "Original Hash Buckets": 262144,
                    "Hash Batches": 1,
                    "Original Hash Batches": 1,
                    "Peak Memory Usage": 9344,
                    "Plans": [
                      {
                        "Node Type": "Hash Join",
                        "Parent Relationship": "Outer",
                        "Parallel Aware": true,
                        "Join Type": "Inner",
                        "Startup Cost": 42422.02,
                        "Total Cost": 105445.49,
                        "Plan Rows": 92871,
                        "Plan Width": 8,
                        "Actual Startup Time": 199.428,
                        "Actual Total Time": 504.476,
                        "Actual Rows": 93040,
                        "Actual Loops": 2,
                        "Inner Unique": false,
                        "Hash Cond": "(t.id = mc.movie_id)",
                        "Plans": [
                          {
                            "Node Type": "Seq Scan",
                            "Parent Relationship": "Outer",
                            "Parallel Aware": true,
                            "Relation Name": "title",
                            "Alias": "t",
                            "Startup Cost": 0.0,
                            "Total Cost": 58306.47,
                            "Plan Rows": 667312,
                            "Plan Width": 4,
                            "Actual Startup Time": 0.012,
                            "Actual Total Time": 151.33,
                            "Actual Rows": 617422,
                            "Actual Loops": 2,
                            "Filter": "((kind_id > 1) AND (production_year > 1997))",
                            "Rows Removed by Filter": 646734
                          },
                          {
                            "Node Type": "Hash",
                            "Parent Relationship": "Inner",
                            "Parallel Aware": true,
                            "Startup Cost": 39834.78,
                            "Total Cost": 39834.78,
                            "Plan Rows": 206979,
                            "Plan Width": 4,
                            "Actual Startup Time": 195.556,
                            "Actual Total Time": 195.557,
                            "Actual Rows": 335414,
                            "Actual Loops": 2,
                            "Hash Buckets": 1048576,
                            "Original Hash Buckets": 524288,
                            "Hash Batches": 1,
                            "Original Hash Batches": 1,
                            "Peak Memory Usage": 38560,
                            "Plans": [
                              {
                                "Node Type": "Bitmap Heap Scan",
                                "Parent Relationship": "Outer",
                                "Parallel Aware": true,
                                "Relation Name": "movie_companies",
                                "Alias": "mc",
                                "Startup Cost": 14929.98,
                                "Total Cost": 39834.78,
                                "Plan Rows": 206979,
                                "Plan Width": 4,
                                "Actual Startup Time": 60.476,
                                "Actual Total Time": 117.888,
                                "Actual Rows": 335414,
                                "Actual Loops": 2,
                                "Recheck Cond": "(company_id > 44130)",
                                "Rows Removed by Index Recheck": 0,
                                "Filter": "(company_type_id = 2)",
                                "Rows Removed by Filter": 18269,
                                "Exact Heap Blocks": 8867,
                                "Lossy Heap Blocks": 0,
                                "Plans": [
                                  {
                                    "Node Type": "Bitmap Index Scan",
                                    "Parent Relationship": "Outer",
                                    "Parallel Aware": false,
                                    "Index Name": "company_id_movie_companies",
                                    "Startup Cost": 0.0,
                                    "Total Cost": 14842.01,
                                    "Plan Rows": 693011,
                                    "Plan Width": 0,
                                    "Actual Startup Time": 46.59,
                                    "Actual Total Time": 46.59,
                                    "Actual Rows": 707367,
                                    "Actual Loops": 1,
                                    "Index Cond": "(company_id > 44130)"
                                  }
                                ]
                              }
                            ]
                          }
                        ]
                      }
                    ]
                  }
                ]
              }
            ]
          }
        ]
      }
    ]
  },
  "Planning Time": 1.181,
  "Triggers": [],
  "Execution Time": 858.419
}