[
  {
    "Plan": {
      "Node Type": "Aggregate",
      "Strategy": "Plain",
      "Partial Mode": "Finalize",
      "Parallel Aware": false,
      "Startup Cost": 350375.97,
      "Total Cost": 350375.98,
      "Plan Rows": 1,
      "Plan Width": 8,
      "Actual Startup Time": 826.085,
      "Actual Total Time": 871.536,
      "Actual Rows": 1,
      "Actual Loops": 1,
      "Plans": [
        {
          "Node Type": "Gather",
          "Parent Relationship": "Outer",
          "Parallel Aware": false,
          "Startup Cost": 350375.35,
          "Total Cost": 350375.96,
          "Plan Rows": 6,
          "Plan Width": 8,
          "Actual Startup Time": 825.889,
          "Actual Total Time": 871.523,
          "Actual Rows": 7,
          "Actual Loops": 1,
          "Workers Planned": 6,
          "Workers Launched": 6,
          "Single Copy": false,
          "Plans": [
            {
              "Node Type": "Aggregate",
              "Strategy": "Plain",
              "Partial Mode": "Partial",
              "Parent Relationship": "Outer",
              "Parallel Aware": false,
              "Startup Cost": 349375.35,
              "Total Cost": 349375.36,
              "Plan Rows": 1,
              "Plan Width": 8,
              "Actual Startup Time": 818.277,
              "Actual Total Time": 818.279,
              "Actual Rows": 1,
              "Actual Loops": 7,
              "Plans": [
                {
                  "Node Type": "Seq Scan",
                  "Parent Relationship": "Outer",
                  "Parallel Aware": true,
                  "Relation Name": "cast_info",
                  "Alias": "ci",
                  "Startup Cost": 0.0,
                  "Total Cost": 343316.27,
                  "Plan Rows": 2423630,
                  "Plan Width": 0,
                  "Actual Startup Time": 228.485,
                  "Actual Total Time": 721.795,
                  "Actual Rows": 1756780,
                  "Actual Loops": 7,
                  "Filter": "((person_id > 1660107) AND (role_id < 5))",
                  "Rows Removed by Filter": 3420984
                }
              ]
            }
          ]
        }
      ]
    },
    "Planning Time": 0.122,
    "Triggers": [],
    "Execution Time": 871.586
  }
]