{
  "Plan": {
    "Node Type": "Aggregate",
    "Strategy": "Plain",
    "Partial Mode": "Finalize",
    "Parallel Aware": false,
    "Startup Cost": 104810.34,
    "Total Cost": 104810.35,
    "Plan Rows": 1,
    "Plan Width": 8,
    "Actual Startup Time": 736.101,
    "Actual Total Time": 757.135,
    "Actual Rows": 1,
    "Actual Loops": 1,
    "Plans": [
      {
        "Node Type": "Gather",
        "Parent Relationship": "Outer",
        "Parallel Aware": false,
        "Startup Cost": 104810.23,
        "Total Cost": 104810.34,
        "Plan Rows": 1,
        "Plan Width": 8,
        "Actual Startup Time": 730.766,
        "Actual Total Time": 757.123,
        "Actual Rows": 2,
        "Actual Loops": 1,
        "Workers Planned": 1,
        "Workers Launched": 1,
        "Single Copy": false,
        "Plans": [
          {
            "Node Type": "Aggregate",
            "Strategy": "Plain",
            "Partial Mode": "Partial",
            "Parent Relationship": "Outer",
            "Parallel Aware": false,
            "Startup Cost": 103810.23,
            "Total Cost": 103810.24,
            "Plan Rows": 1,
            "Plan Width": 8,
            "Actual Startup Time": 722.567,
            "Actual Total Time": 722.571,
            "Actual Rows": 1,
            "Actual Loops": 2,
            "Plans": [
              {
                "Node Type": "Hash Join",
                "Parent Relationship": "Outer",
                "Parallel Aware": true,
                "Join Type": "Inner",
                "Startup Cost": 76108.71,
                "Total Cost": 103349.59,
                "Plan Rows": 184256,
                "Plan Width": 0,
                "Actual Startup Time": 608.319,
                "Actual Total Time": 715.789,
                "Actual Rows": 153932,
                "Actual Loops": 2,
                "Inner Unique": true,
                "Hash Cond": "(mk.movie_id = t.id)",
                "Plans": [
                  {
                    "Node Type": "Bitmap Heap Scan",
                    "Parent Relationship": "Outer",
                    "Parallel Aware": true,
                    "Relation Name": "movie_keyword",
                    "Alias": "mk",
                    "Startup Cost": 6648.01,
                    "Total Cost": 33405.22,
                    "Plan Rows": 184256,
                    "Plan Width": 4,
                    "Actual Startup Time": 19.777,
                    "Actual Total Time": 79.9,
                    "Actual Rows": 153932,
                    "Actual Loops": 2,
                    "Recheck Cond": "(keyword_id > 52877)",
                    "Rows Removed by Index Recheck": 0,
                    "Exact Heap Blocks": 11423,
                    "Lossy Heap Blocks": 0,
                    "Plans": [
                      {
                        "Node Type": "Bitmap Index Scan",
                        "Parent Relationship": "Outer",
                        "Parallel Aware": false,
                        "Index Name": "keyword_id_movie_keyword",
                        "Startup Cost": 0.0,
                        "Total Cost": 6569.7,
                        "Plan Rows": 313236,
                        "Plan Width": 0,
                        "Actual Startup Time": 16.521,
                        "Actual Total Time": 16.522,
                        "Actual Rows": 307865,
                        "Actual Loops": 1,
                        "Index Cond": "(keyword_id > 52877)"
                      }
                    ]
                  },
                  {
                    "Node Type": "Hash",
                    "Parent Relationship": "Inner",
                    "Parallel Aware": true,
                    "Startup Cost": 50870.31,
                    "Total Cost": 50870.31,
                    "Plan Rows": 1487231,
                    "Plan Width": 4,
                    "Actual Startup Time": 571.156,
                    "Actual Total Time": 571.157,
                    "Actual Rows": 1264156,
                    "Actual Loops": 2,
                    "Hash Buckets": 4194304,
                    "Original Hash Buckets": 4194304,
                    "Hash Batches": 1,
                    "Original Hash Batches": 1,
                    "Peak Memory Usage": 131712,
                    "Plans": [
                      {
                        "Node Type": "Seq Scan",
                        "Parent Relationship": "Outer",
                        "Parallel Aware": true,
                        "Relation Name": "title",
                        "Alias": "t",
                        "Startup Cost": 0.0,
                        "Total Cost": 50870.31,
                        "Plan Rows": 1487231,
                        "Plan Width": 4,
                        "Actual Startup Time": 0.027,
                        "Actual Total Time": 158.412,
                        "Actual Rows": 1264156,
                        "Actual Loops": 2
                      }
                    ]
                  }
                ]
              }
            ]
          }
        ]
      }
    ]
  },
  "Planning Time": 0.393,
  "Triggers": [],
  "Execution Time": 757.197
}