[
  {
    "Plan": {
      "Node Type": "Aggregate",
      "Strategy": "Plain",
      "Partial Mode": "Finalize",
      "Parallel Aware": false,
      "Startup Cost": 63299.89,
      "Total Cost": 63299.9,
      "Plan Rows": 1,
      "Plan Width": 8,
      "Actual Startup Time": 319.217,
      "Actual Total Time": 333.196,
      "Actual Rows": 1,
      "Actual Loops": 1,
      "Plans": [
        {
          "Node Type": "Gather",
          "Parent Relationship": "Outer",
          "Parallel Aware": false,
          "Startup Cost": 63299.68,
          "Total Cost": 63299.89,
          "Plan Rows": 2,
          "Plan Width": 8,
          "Actual Startup Time": 317.8,
          "Actual Total Time": 333.187,
          "Actual Rows": 3,
          "Actual Loops": 1,
          "Workers Planned": 2,
          "Workers Launched": 2,
          "Single Copy": false,
          "Plans": [
            {
              "Node Type": "Aggregate",
              "Strategy": "Plain",
              "Partial Mode": "Partial",
              "Parent Relationship": "Outer",
              "Parallel Aware": false,
              "Startup Cost": 62299.68,
              "Total Cost": 62299.69,
              "Plan Rows": 1,
              "Plan Width": 8,
              "Actual Startup Time": 309.624,
              "Actual Total Time": 309.628,
              "Actual Rows": 1,
              "Actual Loops": 3,
              "Plans": [
                {
                  "Node Type": "Hash Join",
                  "Parent Relationship": "Outer",
                  "Parallel Aware": true,
                  "Join Type": "Inner",
                  "Startup Cost": 46854.81,
                  "Total Cost": 62049.37,
                  "Plan Rows": 100122,
                  "Plan Width": 0,
                  "Actual Startup Time": 225.929,
                  "Actual Total Time": 303.61,
                  "Actual Rows": 108663,
                  "Actual Loops": 3,
                  "Inner Unique": true,
                  "Hash Cond": "(mi_idx.movie_id = t.id)",
                  "Plans": [
                    {
                      "Node Type": "Seq Scan",
                      "Parent Relationship": "Outer",
                      "Parallel Aware": true,
                      "Relation Name": "movie_info_idx",
                      "Alias": "mi_idx",
                      "Startup Cost": 0.0,
                      "Total Cost": 13685.15,
                      "Plan Rows": 575015,
                      "Plan Width": 4,
                      "Actual Startup Time": 0.027,
                      "Actual Total Time": 44.747,
                      "Actual Rows": 460012,
                      "Actual Loops": 3
                    },
                    {
                      "Node Type": "Hash",
                      "Parent Relationship": "Inner",
                      "Parallel Aware": true,
                      "Startup Cost": 45479.1,
                      "Total Cost": 45479.1,
                      "Plan Rows": 110057,
                      "Plan Width": 4,
                      "Actual Startup Time": 177.713,
                      "Actual Total Time": 177.714,
                      "Actual Rows": 106674,
                      "Actual Loops": 3,
                      "Hash Buckets": 524288,
                      "Original Hash Buckets": 524288,
                      "Hash Batches": 1,
                      "Original Hash Batches": 1,
                      "Peak Memory Usage": 16640,
                      "Plans": [
                        {
                          "Node Type": "Seq Scan",
                          "Parent Relationship": "Outer",
                          "Parallel Aware": true,
                          "Relation Name": "title",
                          "Alias": "t",
                          "Startup Cost": 0.0,
                          "Total Cost": 45479.1,
                          "Plan Rows": 110057,
                          "Plan Width": 4,
                          "Actual Startup Time": 55.759,
                          "Actual Total Time": 141.22,
                          "Actual Rows": 106674,
                          "Actual Loops": 3,
                          "Filter": "((production_year > 1993) AND (kind_id = 1))",
                          "Rows Removed by Filter": 736097
                        }
                      ]
                    }
                  ]
                }
              ]
            }
          ]
        }
      ]
    },
    "Planning Time": 0.656,
    "Triggers": [],
    "Execution Time": 333.268
  }
]