{
  "Plan": {
    "Node Type": "Aggregate",
    "Strategy": "Plain",
    "Partial Mode": "Finalize",
    "Parallel Aware": false,
    "Startup Cost": 102671.67,
    "Total Cost": 102671.68,
    "Plan Rows": 1,
    "Plan Width": 8,
    "Actual Startup Time": 497.755,
    "Actual Total Time": 513.642,
    "Actual Rows": 1,
    "Actual Loops": 1,
    "Plans": [
      {
        "Node Type": "Gather",
        "Parent Relationship": "Outer",
        "Parallel Aware": false,
        "Startup Cost": 102671.56,
        "Total Cost": 102671.67,
        "Plan Rows": 1,
        "Plan Width": 8,
        "Actual Startup Time": 496.862,
        "Actual Total Time": 513.629,
        "Actual Rows": 2,
        "Actual Loops": 1,
        "Workers Planned": 1,
        "Workers Launched": 1,
        "Single Copy": false,
        "Plans": [
          {
            "Node Type": "Aggregate",
            "Strategy": "Plain",
            "Partial Mode": "Partial",
            "Parent Relationship": "Outer",
            "Parallel Aware": false,
            "Startup Cost": 101671.56,
            "Total Cost": 101671.57,
            "Plan Rows": 1,
            "Plan Width": 8,
            "Actual Startup Time": 491.13,
            "Actual Total Time": 491.136,
            "Actual Rows": 1,
            "Actual Loops": 2,
            "Plans": [
              {
                "Node Type": "Hash Join",
                "Parent Relationship": "Outer",
                "Parallel Aware": true,
                "Join Type": "Inner",
                "Startup Cost": 61437.73,
                "Total Cost": 101359.27,
                "Plan Rows": 124915,
                "Plan Width": 0,
                "Actual Startup Time": 235.259,
                "Actual Total Time": 485.897,
                "Actual Rows": 102209,
                "Actual Loops": 2,
                "Inner Unique": true,
                "Hash Cond": "(mc.movie_id = t.id)",
                "Plans": [
                  {
                    "Node Type": "Seq Scan",
                    "Parent Relationship": "Outer",
                    "Parallel Aware": true,
                    "Relation Name": "movie_companies",
                    "Alias": "mc",
                    "Startup Cost": 0.0,
                    "Total Cost": 37974.77,
                    "Plan Rows": 741626,
                    "Plan Width": 4,
                    "Actual Startup Time": 0.018,
                    "Actual Total Time": 133.906,
                    "Actual Rows": 625672,
                    "Actual Loops": 2,
                    "Filter": "(company_id < 11153)",
                    "Rows Removed by Filter": 678892
                  },
                  {
                    "Node Type": "Hash",
                    "Parent Relationship": "Inner",
                    "Parallel Aware": true,
                    "Startup Cost": 58306.47,
                    "Total Cost": 58306.47,
                    "Plan Rows": 250501,
                    "Plan Width": 4,
                    "Actual Startup Time": 229.019,
                    "Actual Total Time": 229.02,
                    "Actual Rows": 157584,
                    "Actual Loops": 2,
                    "Hash Buckets": 524288,
                    "Original Hash Buckets": 524288,
                    "Hash Batches": 1,
                    "Original Hash Batches": 1,
                    "Peak Memory Usage": 16448,
                    "Plans": [
                      {
                        "Node Type": "Seq Scan",
                        "Parent Relationship": "Outer",
                        "Parallel Aware": true,
                        "Relation Name": "title",
                        "Alias": "t",
                        "Startup Cost": 0.0,
                        "Total Cost": 58306.47,
                        "Plan Rows": 250501,
                        "Plan Width": 4,
                        "Actual Startup Time": 0.028,
                        "Actual Total Time": 174.137,
                        "Actual Rows": 157584,
                        "Actual Loops": 2,
                        "Filter": "((production_year < 1991) AND (kind_id = 7))",
                        "Rows Removed by Filter": 1106572
                      }
                    ]
                  }
                ]
              }
            ]
          }
        ]
      }
    ]
  },
  "Planning Time": 0.686,
  "Triggers": [],
  "Execution Time": 513.728
}