{
    "Plan": {
        "Node Type": "Aggregate",
        "Strategy": "Plain",
        "Partial Mode": "Finalize",
        "Parallel Aware": false,
        "Startup Cost": 184669.08,
        "Total Cost": 184669.09,
        "Plan Rows": 1,
        "Plan Width": 8,
        "Actual Startup Time": 143.522,
        "Actual Total Time": 165.861,
        "Actual Rows": 1,
        "Actual Loops": 1,
        "Output": [
            "count(*)"
        ],
        "Plans": [
            {
                "Node Type": "Gather",
                "Parent Relationship": "Outer",
                "Parallel Aware": false,
                "Startup Cost": 184668.66,
                "Total Cost": 184669.07,
                "Plan Rows": 4,
                "Plan Width": 8,
                "Actual Startup Time": 143.412,
                "Actual Total Time": 165.853,
                "Actual Rows": 5,
                "Actual Loops": 1,
                "Output": [
                    "(PARTIAL count(*))"
                ],
                "Workers Planned": 4,
                "Workers Launched": 4,
                "Single Copy": false,
                "Plans": [
                    {
                        "Node Type": "Aggregate",
                        "Strategy": "Plain",
                        "Partial Mode": "Partial",
                        "Parent Relationship": "Outer",
                        "Parallel Aware": false,
                        "Startup Cost": 183668.66,
                        "Total Cost": 183668.67,
                        "Plan Rows": 1,
                        "Plan Width": 8,
                        "Actual Startup Time": 133.052,
                        "Actual Total Time": 133.054,
                        "Actual Rows": 1,
                        "Actual Loops": 5,
                        "Output": [
                            "PARTIAL count(*)"
                        ],
                        "Workers": [
                            {
                                "Worker Number": 0,
                                "Actual Startup Time": 130.121,
                                "Actual Total Time": 130.122,
                                "Actual Rows": 1,
                                "Actual Loops": 1
                            },
                            {
                                "Worker Number": 1,
                                "Actual Startup Time": 130.592,
                                "Actual Total Time": 130.594,
                                "Actual Rows": 1,
                                "Actual Loops": 1
                            },
                            {
                                "Worker Number": 2,
                                "Actual Startup Time": 130.971,
                                "Actual Total Time": 130.972,
                                "Actual Rows": 1,
                                "Actual Loops": 1
                            },
                            {
                                "Worker Number": 3,
                                "Actual Startup Time": 130.992,
                                "Actual Total Time": 130.993,
                                "Actual Rows": 1,
                                "Actual Loops": 1
                            }
                        ],
                        "Plans": [
                            {
                                "Node Type": "Nested Loop",
                                "Parent Relationship": "Outer",
                                "Parallel Aware": false,
                                "Join Type": "Inner",
                                "Startup Cost": 0.43,
                                "Total Cost": 183666.47,
                                "Plan Rows": 876,
                                "Plan Width": 0,
                                "Actual Startup Time": 2.273,
                                "Actual Total Time": 132.848,
                                "Actual Rows": 1452,
                                "Actual Loops": 5,
                                "Inner Unique": false,
                                "Workers": [
                                    {
                                        "Worker Number": 0,
                                        "Actual Startup Time": 3.857,
                                        "Actual Total Time": 129.94,
                                        "Actual Rows": 1340,
                                        "Actual Loops": 1
                                    },
                                    {
                                        "Worker Number": 1,
                                        "Actual Startup Time": 5.166,
                                        "Actual Total Time": 130.409,
                                        "Actual Rows": 883,
                                        "Actual Loops": 1
                                    },
                                    {
                                        "Worker Number": 2,
                                        "Actual Startup Time": 0.881,
                                        "Actual Total Time": 130.777,
                                        "Actual Rows": 1405,
                                        "Actual Loops": 1
                                    },
                                    {
                                        "Worker Number": 3,
                                        "Actual Startup Time": 1.144,
                                        "Actual Total Time": 130.807,
                                        "Actual Rows": 1369,
                                        "Actual Loops": 1
                                    }
                                ],
                                "Plans": [
                                    {
                                        "Node Type": "Seq Scan",
                                        "Parent Relationship": "Outer",
                                        "Parallel Aware": true,
                                        "Relation Name": "title",
                                        "Schema": "public",
                                        "Alias": "t",
                                        "Startup Cost": 0.0,
                                        "Total Cost": 45479.21,
                                        "Plan Rows": 1444,
                                        "Plan Width": 4,
                                        "Actual Startup Time": 1.408,
                                        "Actual Total Time": 86.911,
                                        "Actual Rows": 1219,
                                        "Actual Loops": 5,
                                        "Output": [
                                            "t.id",
                                            "t.title",
                                            "t.imdb_index",
                                            "t.kind_id",
                                            "t.production_year",
                                            "t.imdb_id",
                                            "t.phonetic_code",
                                            "t.episode_of_id",
                                            "t.season_nr",
                                            "t.episode_nr",
                                            "t.series_years",
                                            "t.md5sum"
                                        ],
                                        "Filter": "((t.kind_id < 7) AND (t.production_year = 1977))",
                                        "Rows Removed by Filter": 504444,
                                        "Workers": [
                                            {
                                                "Worker Number": 0,
                                                "Actual Startup Time": 1.413,
                                                "Actual Total Time": 80.782,
                                                "Actual Rows": 1141,
                                                "Actual Loops": 1
                                            },
                                            {
                                                "Worker Number": 1,
                                                "Actual Startup Time": 4.669,
                                                "Actual Total Time": 82.836,
                                                "Actual Rows": 770,
                                                "Actual Loops": 1
                                            },
                                            {
                                                "Worker Number": 2,
                                                "Actual Startup Time": 0.164,
                                                "Actual Total Time": 78.503,
                                                "Actual Rows": 1178,
                                                "Actual Loops": 1
                                            },
                                            {
                                                "Worker Number": 3,
                                                "Actual Startup Time": 0.533,
                                                "Actual Total Time": 79.499,
                                                "Actual Rows": 1119,
                                                "Actual Loops": 1
                                            }
                                        ]
                                    },
                                    {
                                        "Node Type": "Index Scan",
                                        "Parent Relationship": "Inner",
                                        "Parallel Aware": false,
                                        "Scan Direction": "Forward",
                                        "Index Name": "movie_id_movie_info",
                                        "Relation Name": "movie_info",
                                        "Schema": "public",
                                        "Alias": "mi",
                                        "Startup Cost": 0.43,
                                        "Total Cost": 95.66,
                                        "Plan Rows": 4,
                                        "Plan Width": 4,
                                        "Actual Startup Time": 0.036,
                                        "Actual Total Time": 0.037,
                                        "Actual Rows": 1,
                                        "Actual Loops": 6093,
                                        "Output": [
                                            "mi.id",
                                            "mi.movie_id",
                                            "mi.info_type_id",
                                            "mi.info",
                                            "mi.note"
                                        ],
                                        "Index Cond": "(mi.movie_id = t.id)",
                                        "Rows Removed by Index Recheck": 0,
                                        "Filter": "(mi.info_type_id = 3)",
                                        "Rows Removed by Filter": 9,
                                        "Workers": [
                                            {
                                                "Worker Number": 0,
                                                "Actual Startup Time": 0.042,
                                                "Actual Total Time": 0.042,
                                                "Actual Rows": 1,
                                                "Actual Loops": 1141
                                            },
                                            {
                                                "Worker Number": 1,
                                                "Actual Startup Time": 0.06,
                                                "Actual Total Time": 0.061,
                                                "Actual Rows": 1,
                                                "Actual Loops": 770
                                            },
                                            {
                                                "Worker Number": 2,
                                                "Actual Startup Time": 0.043,
                                                "Actual Total Time": 0.044,
                                                "Actual Rows": 1,
                                                "Actual Loops": 1178
                                            },
                                            {
                                                "Worker Number": 3,
                                                "Actual Startup Time": 0.044,
                                                "Actual Total Time": 0.045,
                                                "Actual Rows": 1,
                                                "Actual Loops": 1119
                                            }
                                        ]
                                    }
                                ]
                            }
                        ]
                    }
                ]
            }
        ]
    },
    "Planning Time": 0.688,
    "Triggers": [],
    "Execution Time": 165.934
}