[
  {
    "Plan": {
      "Node Type": "Aggregate",
      "Strategy": "Plain",
      "Partial Mode": "Finalize",
      "Parallel Aware": false,
      "Startup Cost": 31791.82,
      "Total Cost": 31791.83,
      "Plan Rows": 1,
      "Plan Width": 8,
      "Actual Startup Time": 97.489,
      "Actual Total Time": 102.631,
      "Actual Rows": 1,
      "Actual Loops": 1,
      "Plans": [
        {
          "Node Type": "Gather",
          "Parent Relationship": "Outer",
          "Parallel Aware": false,
          "Startup Cost": 31791.5,
          "Total Cost": 31791.81,
          "Plan Rows": 3,
          "Plan Width": 8,
          "Actual Startup Time": 97.382,
          "Actual Total Time": 102.625,
          "Actual Rows": 4,
          "Actual Loops": 1,
          "Workers Planned": 3,
          "Workers Launched": 3,
          "Single Copy": false,
          "Plans": [
            {
              "Node Type": "Aggregate",
              "Strategy": "Plain",
              "Partial Mode": "Partial",
              "Parent Relationship": "Outer",
              "Parallel Aware": false,
              "Startup Cost": 30791.5,
              "Total Cost": 30791.51,
              "Plan Rows": 1,
              "Plan Width": 8,
              "Actual Startup Time": 92.935,
              "Actual Total Time": 92.936,
              "Actual Rows": 1,
              "Actual Loops": 4,
              "Plans": [
                {
                  "Node Type": "Seq Scan",
                  "Parent Relationship": "Outer",
                  "Parallel Aware": true,
                  "Relation Name": "movie_companies",
                  "Alias": "mc",
                  "Startup Cost": 0.0,
                  "Total Cost": 29310.68,
                  "Plan Rows": 592329,
                  "Plan Width": 0,
                  "Actual Startup Time": 0.031,
                  "Actual Total Time": 71.016,
                  "Actual Rows": 458650,
                  "Actual Loops": 4,
                  "Filter": "(company_id < 33391)",
                  "Rows Removed by Filter": 193633
                }
              ]
            }
          ]
        }
      ]
    },
    "Planning Time": 0.099,
    "Triggers": [],
    "Execution Time": 102.663
  }
]