[
  {
    "Plan": {
      "Node Type": "Aggregate",
      "Strategy": "Plain",
      "Partial Mode": "Finalize",
      "Parallel Aware": false,
      "Startup Cost": 27088.8,
      "Total Cost": 27088.81,
      "Plan Rows": 1,
      "Plan Width": 8,
      "Actual Startup Time": 70.67,
      "Actual Total Time": 74.399,
      "Actual Rows": 1,
      "Actual Loops": 1,
      "Plans": [
        {
          "Node Type": "Gather",
          "Parent Relationship": "Outer",
          "Parallel Aware": false,
          "Startup Cost": 27088.48,
          "Total Cost": 27088.79,
          "Plan Rows": 3,
          "Plan Width": 8,
          "Actual Startup Time": 70.483,
          "Actual Total Time": 74.391,
          "Actual Rows": 4,
          "Actual Loops": 1,
          "Workers Planned": 3,
          "Workers Launched": 3,
          "Single Copy": false,
          "Plans": [
            {
              "Node Type": "Aggregate",
              "Strategy": "Plain",
              "Partial Mode": "Partial",
              "Parent Relationship": "Outer",
              "Parallel Aware": false,
              "Startup Cost": 26088.48,
              "Total Cost": 26088.49,
              "Plan Rows": 1,
              "Plan Width": 8,
              "Actual Startup Time": 61.663,
              "Actual Total Time": 61.664,
              "Actual Rows": 1,
              "Actual Loops": 4,
              "Plans": [
                {
                  "Node Type": "Bitmap Heap Scan",
                  "Parent Relationship": "Outer",
                  "Parallel Aware": true,
                  "Relation Name": "movie_companies",
                  "Alias": "mc",
                  "Startup Cost": 5966.24,
                  "Total Cost": 25866.44,
                  "Plan Rows": 88816,
                  "Plan Width": 0,
                  "Actual Startup Time": 22.909,
                  "Actual Total Time": 55.588,
                  "Actual Rows": 68302,
                  "Actual Loops": 4,
                  "Recheck Cond": "(company_id > 96965)",
                  "Rows Removed by Index Recheck": 0,
                  "Exact Heap Blocks": 2237,
                  "Lossy Heap Blocks": 0,
                  "Plans": [
                    {
                      "Node Type": "Bitmap Index Scan",
                      "Parent Relationship": "Outer",
                      "Parallel Aware": false,
                      "Index Name": "company_id_movie_companies",
                      "Startup Cost": 0.0,
                      "Total Cost": 5897.41,
                      "Plan Rows": 275330,
                      "Plan Width": 0,
                      "Actual Startup Time": 29.891,
                      "Actual Total Time": 29.892,
                      "Actual Rows": 273210,
                      "Actual Loops": 1,
                      "Index Cond": "(company_id > 96965)"
                    }
                  ]
                }
              ]
            }
          ]
        }
      ]
    },
    "Planning Time": 0.185,
    "Triggers": [],
    "Execution Time": 74.474
  }
]