[
    {
        "Bao": {
            "Bao prediction": "NaN",
            "Bao recommended hint": "(no hint)"
        }
    },
    {
        "Plan": {
            "Node Type": "Aggregate",
            "Strategy": "Plain",
            "Partial Mode": "Finalize",
            "Parallel Aware": false,
            "Startup Cost": 345456.65,
            "Total Cost": 345456.66,
            "Plan Rows": 1,
            "Plan Width": 8,
            "Actual Startup Time": 715.662,
            "Actual Total Time": 746.657,
            "Actual Rows": 1,
            "Actual Loops": 1,
            "Output": [
                "count(*)"
            ],
            "Plans": [
                {
                    "Node Type": "Gather",
                    "Parent Relationship": "Outer",
                    "Parallel Aware": false,
                    "Startup Cost": 345456.02,
                    "Total Cost": 345456.63,
                    "Plan Rows": 6,
                    "Plan Width": 8,
                    "Actual Startup Time": 715.525,
                    "Actual Total Time": 746.649,
                    "Actual Rows": 7,
                    "Actual Loops": 1,
                    "Output": [
                        "(PARTIAL count(*))"
                    ],
                    "Workers Planned": 6,
                    "Workers Launched": 6,
                    "Single Copy": false,
                    "Plans": [
                        {
                            "Node Type": "Aggregate",
                            "Strategy": "Plain",
                            "Partial Mode": "Partial",
                            "Parent Relationship": "Outer",
                            "Parallel Aware": false,
                            "Startup Cost": 344456.02,
                            "Total Cost": 344456.03,
                            "Plan Rows": 1,
                            "Plan Width": 8,
                            "Actual Startup Time": 705.71,
                            "Actual Total Time": 705.712,
                            "Actual Rows": 1,
                            "Actual Loops": 7,
                            "Output": [
                                "PARTIAL count(*)"
                            ],
                            "Workers": [
                                {
                                    "Worker Number": 0,
                                    "Actual Startup Time": 703.394,
                                    "Actual Total Time": 703.395,
                                    "Actual Rows": 1,
                                    "Actual Loops": 1
                                },
                                {
                                    "Worker Number": 1,
                                    "Actual Startup Time": 703.621,
                                    "Actual Total Time": 703.622,
                                    "Actual Rows": 1,
                                    "Actual Loops": 1
                                },
                                {
                                    "Worker Number": 2,
                                    "Actual Startup Time": 703.846,
                                    "Actual Total Time": 703.848,
                                    "Actual Rows": 1,
                                    "Actual Loops": 1
                                },
                                {
                                    "Worker Number": 3,
                                    "Actual Startup Time": 704.439,
                                    "Actual Total Time": 704.44,
                                    "Actual Rows": 1,
                                    "Actual Loops": 1
                                },
                                {
                                    "Worker Number": 4,
                                    "Actual Startup Time": 704.605,
                                    "Actual Total Time": 704.606,
                                    "Actual Rows": 1,
                                    "Actual Loops": 1
                                },
                                {
                                    "Worker Number": 5,
                                    "Actual Startup Time": 704.862,
                                    "Actual Total Time": 704.863,
                                    "Actual Rows": 1,
                                    "Actual Loops": 1
                                }
                            ],
                            "Plans": [
                                {
                                    "Node Type": "Seq Scan",
                                    "Parent Relationship": "Outer",
                                    "Parallel Aware": true,
                                    "Relation Name": "cast_info",
                                    "Schema": "public",
                                    "Alias": "ci",
                                    "Startup Cost": 0.0,
                                    "Total Cost": 343318.94,
                                    "Plan Rows": 454832,
                                    "Plan Width": 0,
                                    "Actual Startup Time": 495.275,
                                    "Actual Total Time": 671.957,
                                    "Actual Rows": 599449,
                                    "Actual Loops": 7,
                                    "Output": [
                                        "id",
                                        "person_id",
                                        "movie_id",
                                        "person_role_id",
                                        "note",
                                        "nr_order",
                                        "role_id"
                                    ],
                                    "Filter": "((ci.person_id > 3289903) AND (ci.role_id > 1))",
                                    "Rows Removed by Filter": 4578314,
                                    "Workers": [
                                        {
                                            "Worker Number": 0,
                                            "Actual Startup Time": 492.951,
                                            "Actual Total Time": 670.139,
                                            "Actual Rows": 490219,
                                            "Actual Loops": 1
                                        },
                                        {
                                            "Worker Number": 1,
                                            "Actual Startup Time": 493.204,
                                            "Actual Total Time": 670.105,
                                            "Actual Rows": 495575,
                                            "Actual Loops": 1
                                        },
                                        {
                                            "Worker Number": 2,
                                            "Actual Startup Time": 493.415,
                                            "Actual Total Time": 671.218,
                                            "Actual Rows": 482572,
                                            "Actual Loops": 1
                                        },
                                        {
                                            "Worker Number": 3,
                                            "Actual Startup Time": 493.984,
                                            "Actual Total Time": 671.01,
                                            "Actual Rows": 492829,
                                            "Actual Loops": 1
                                        },
                                        {
                                            "Worker Number": 4,
                                            "Actual Startup Time": 494.19,
                                            "Actual Total Time": 672.075,
                                            "Actual Rows": 481022,
                                            "Actual Loops": 1
                                        },
                                        {
                                            "Worker Number": 5,
                                            "Actual Startup Time": 494.418,
                                            "Actual Total Time": 671.442,
                                            "Actual Rows": 782142,
                                            "Actual Loops": 1
                                        }
                                    ]
                                }
                            ]
                        }
                    ]
                }
            ]
        },
        "Planning Time": 190.854,
        "Triggers": [],
        "Execution Time": 746.708
    }
]