[
    {
        "Bao": {
            "Bao prediction": 772.387,
            "Bao recommended hint": "(no hint)"
        }
    },
    {
        "Plan": {
            "Node Type": "Aggregate",
            "Strategy": "Plain",
            "Partial Mode": "Finalize",
            "Parallel Aware": false,
            "Startup Cost": 78289.51,
            "Total Cost": 78289.52,
            "Plan Rows": 1,
            "Plan Width": 8,
            "Actual Startup Time": 339.63,
            "Actual Total Time": 352.352,
            "Actual Rows": 1,
            "Actual Loops": 1,
            "Output": [
                "count(*)"
            ],
            "Plans": [
                {
                    "Node Type": "Gather",
                    "Parent Relationship": "Outer",
                    "Parallel Aware": false,
                    "Startup Cost": 78289.2,
                    "Total Cost": 78289.51,
                    "Plan Rows": 3,
                    "Plan Width": 8,
                    "Actual Startup Time": 336.356,
                    "Actual Total Time": 352.342,
                    "Actual Rows": 4,
                    "Actual Loops": 1,
                    "Output": [
                        "(PARTIAL count(*))"
                    ],
                    "Workers Planned": 3,
                    "Workers Launched": 3,
                    "Single Copy": false,
                    "Plans": [
                        {
                            "Node Type": "Aggregate",
                            "Strategy": "Plain",
                            "Partial Mode": "Partial",
                            "Parent Relationship": "Outer",
                            "Parallel Aware": false,
                            "Startup Cost": 77289.2,
                            "Total Cost": 77289.21,
                            "Plan Rows": 1,
                            "Plan Width": 8,
                            "Actual Startup Time": 327.69,
                            "Actual Total Time": 327.693,
                            "Actual Rows": 1,
                            "Actual Loops": 4,
                            "Output": [
                                "PARTIAL count(*)"
                            ],
                            "Workers": [
                                {
                                    "Worker Number": 0,
                                    "Actual Startup Time": 324.813,
                                    "Actual Total Time": 324.816,
                                    "Actual Rows": 1,
                                    "Actual Loops": 1
                                },
                                {
                                    "Worker Number": 1,
                                    "Actual Startup Time": 325.247,
                                    "Actual Total Time": 325.25,
                                    "Actual Rows": 1,
                                    "Actual Loops": 1
                                },
                                {
                                    "Worker Number": 2,
                                    "Actual Startup Time": 325.013,
                                    "Actual Total Time": 325.016,
                                    "Actual Rows": 1,
                                    "Actual Loops": 1
                                }
                            ],
                            "Plans": [
                                {
                                    "Node Type": "Hash Join",
                                    "Parent Relationship": "Outer",
                                    "Parallel Aware": true,
                                    "Join Type": "Inner",
                                    "Startup Cost": 47516.26,
                                    "Total Cost": 77198.07,
                                    "Plan Rows": 36452,
                                    "Plan Width": 0,
                                    "Actual Startup Time": 259.384,
                                    "Actual Total Time": 322.685,
                                    "Actual Rows": 73969,
                                    "Actual Loops": 4,
                                    "Inner Unique": true,
                                    "Hash Cond": "(mc.movie_id = t.id)",
                                    "Workers": [
                                        {
                                            "Worker Number": 0,
                                            "Actual Startup Time": 256.616,
                                            "Actual Total Time": 319.74,
                                            "Actual Rows": 72591,
                                            "Actual Loops": 1
                                        },
                                        {
                                            "Worker Number": 1,
                                            "Actual Startup Time": 256.608,
                                            "Actual Total Time": 320.164,
                                            "Actual Rows": 72734,
                                            "Actual Loops": 1
                                        },
                                        {
                                            "Worker Number": 2,
                                            "Actual Startup Time": 256.842,
                                            "Actual Total Time": 320.057,
                                            "Actual Rows": 70775,
                                            "Actual Loops": 1
                                        }
                                    ],
                                    "Plans": [
                                        {
                                            "Node Type": "Seq Scan",
                                            "Parent Relationship": "Outer",
                                            "Parallel Aware": true,
                                            "Relation Name": "movie_companies",
                                            "Schema": "public",
                                            "Alias": "mc",
                                            "Startup Cost": 0.0,
                                            "Total Cost": 29310.68,
                                            "Plan Rows": 141382,
                                            "Plan Width": 4,
                                            "Actual Startup Time": 38.968,
                                            "Actual Total Time": 77.848,
                                            "Actual Rows": 110610,
                                            "Actual Loops": 4,
                                            "Output": [
                                                "mc.id",
                                                "mc.movie_id",
                                                "mc.company_id",
                                                "mc.company_type_id",
                                                "mc.note"
                                            ],
                                            "Filter": "(mc.company_id > 77967)",
                                            "Rows Removed by Filter": 541672,
                                            "Workers": [
                                                {
                                                    "Worker Number": 0,
                                                    "Actual Startup Time": 38.899,
                                                    "Actual Total Time": 78.242,
                                                    "Actual Rows": 108214,
                                                    "Actual Loops": 1
                                                },
                                                {
                                                    "Worker Number": 1,
                                                    "Actual Startup Time": 38.984,
                                                    "Actual Total Time": 78.399,
                                                    "Actual Rows": 108298,
                                                    "Actual Loops": 1
                                                },
                                                {
                                                    "Worker Number": 2,
                                                    "Actual Startup Time": 38.98,
                                                    "Actual Total Time": 78.763,
                                                    "Actual Rows": 106680,
                                                    "Actual Loops": 1
                                                }
                                            ]
                                        },
                                        {
                                            "Node Type": "Hash",
                                            "Parent Relationship": "Inner",
                                            "Parallel Aware": true,
                                            "Startup Cost": 45479.21,
                                            "Total Cost": 45479.21,
                                            "Plan Rows": 162964,
                                            "Plan Width": 4,
                                            "Actual Startup Time": 195.76,
                                            "Actual Total Time": 195.761,
                                            "Actual Rows": 164078,
                                            "Actual Loops": 4,
                                            "Output": [
                                                "t.id"
                                            ],
                                            "Hash Buckets": 1048576,
                                            "Original Hash Buckets": 1048576,
                                            "Hash Batches": 1,
                                            "Original Hash Batches": 1,
                                            "Peak Memory Usage": 33920,
                                            "Workers": [
                                                {
                                                    "Worker Number": 0,
                                                    "Actual Startup Time": 197.719,
                                                    "Actual Total Time": 197.72,
                                                    "Actual Rows": 160135,
                                                    "Actual Loops": 1
                                                },
                                                {
                                                    "Worker Number": 1,
                                                    "Actual Startup Time": 197.764,
                                                    "Actual Total Time": 197.765,
                                                    "Actual Rows": 160449,
                                                    "Actual Loops": 1
                                                },
                                                {
                                                    "Worker Number": 2,
                                                    "Actual Startup Time": 198.087,
                                                    "Actual Total Time": 198.088,
                                                    "Actual Rows": 159074,
                                                    "Actual Loops": 1
                                                }
                                            ],
                                            "Plans": [
                                                {
                                                    "Node Type": "Seq Scan",
                                                    "Parent Relationship": "Outer",
                                                    "Parallel Aware": true,
                                                    "Relation Name": "title",
                                                    "Schema": "public",
                                                    "Alias": "t",
                                                    "Startup Cost": 0.0,
                                                    "Total Cost": 45479.21,
                                                    "Plan Rows": 162964,
                                                    "Plan Width": 4,
                                                    "Actual Startup Time": 53.888,
                                                    "Actual Total Time": 126.903,
                                                    "Actual Rows": 164078,
                                                    "Actual Loops": 4,
                                                    "Output": [
                                                        "t.id"
                                                    ],
                                                    "Filter": "((t.production_year > 0) AND (t.kind_id = 1))",
                                                    "Rows Removed by Filter": 468000,
                                                    "Workers": [
                                                        {
                                                            "Worker Number": 0,
                                                            "Actual Startup Time": 8.022,
                                                            "Actual Total Time": 127.48,
                                                            "Actual Rows": 160135,
                                                            "Actual Loops": 1
                                                        },
                                                        {
                                                            "Worker Number": 1,
                                                            "Actual Startup Time": 69.056,
                                                            "Actual Total Time": 127.626,
                                                            "Actual Rows": 160449,
                                                            "Actual Loops": 1
                                                        },
                                                        {
                                                            "Worker Number": 2,
                                                            "Actual Startup Time": 69.336,
                                                            "Actual Total Time": 128.212,
                                                            "Actual Rows": 159074,
                                                            "Actual Loops": 1
                                                        }
                                                    ]
                                                }
                                            ]
                                        }
                                    ]
                                }
                            ]
                        }
                    ]
                }
            ]
        },
        "Planning Time": 4025.258,
        "Triggers": [],
        "Execution Time": 352.493
    }
]