[
    {
        "Bao": {
            "Bao prediction": "NaN",
            "Bao recommended hint": "(no hint)"
        }
    },
    {
        "Plan": {
            "Node Type": "Aggregate",
            "Strategy": "Plain",
            "Partial Mode": "Finalize",
            "Parallel Aware": false,
            "Startup Cost": 41795.62,
            "Total Cost": 41795.63,
            "Plan Rows": 1,
            "Plan Width": 8,
            "Actual Startup Time": 135.6,
            "Actual Total Time": 142.531,
            "Actual Rows": 1,
            "Actual Loops": 1,
            "Output": [
                "count(*)"
            ],
            "Plans": [
                {
                    "Node Type": "Gather",
                    "Parent Relationship": "Outer",
                    "Parallel Aware": false,
                    "Startup Cost": 41795.3,
                    "Total Cost": 41795.61,
                    "Plan Rows": 3,
                    "Plan Width": 8,
                    "Actual Startup Time": 135.287,
                    "Actual Total Time": 142.522,
                    "Actual Rows": 4,
                    "Actual Loops": 1,
                    "Output": [
                        "(PARTIAL count(*))"
                    ],
                    "Workers Planned": 3,
                    "Workers Launched": 3,
                    "Single Copy": false,
                    "Plans": [
                        {
                            "Node Type": "Aggregate",
                            "Strategy": "Plain",
                            "Partial Mode": "Partial",
                            "Parent Relationship": "Outer",
                            "Parallel Aware": false,
                            "Startup Cost": 40795.3,
                            "Total Cost": 40795.31,
                            "Plan Rows": 1,
                            "Plan Width": 8,
                            "Actual Startup Time": 126.643,
                            "Actual Total Time": 126.645,
                            "Actual Rows": 1,
                            "Actual Loops": 4,
                            "Output": [
                                "PARTIAL count(*)"
                            ],
                            "Workers": [
                                {
                                    "Worker Number": 0,
                                    "Actual Startup Time": 123.447,
                                    "Actual Total Time": 123.448,
                                    "Actual Rows": 1,
                                    "Actual Loops": 1
                                },
                                {
                                    "Worker Number": 1,
                                    "Actual Startup Time": 124.094,
                                    "Actual Total Time": 124.095,
                                    "Actual Rows": 1,
                                    "Actual Loops": 1
                                },
                                {
                                    "Worker Number": 2,
                                    "Actual Startup Time": 124.084,
                                    "Actual Total Time": 124.086,
                                    "Actual Rows": 1,
                                    "Actual Loops": 1
                                }
                            ],
                            "Plans": [
                                {
                                    "Node Type": "Bitmap Heap Scan",
                                    "Parent Relationship": "Outer",
                                    "Parallel Aware": true,
                                    "Relation Name": "movie_keyword",
                                    "Schema": "public",
                                    "Alias": "mk",
                                    "Startup Cost": 13305.99,
                                    "Total Cost": 40289.42,
                                    "Plan Rows": 202354,
                                    "Plan Width": 0,
                                    "Actual Startup Time": 37.41,
                                    "Actual Total Time": 117.392,
                                    "Actual Rows": 156491,
                                    "Actual Loops": 4,
                                    "Recheck Cond": "(mk.keyword_id < 486)",
                                    "Rows Removed by Index Recheck": 0,
                                    "Exact Heap Blocks": 11560,
                                    "Lossy Heap Blocks": 0,
                                    "Workers": [
                                        {
                                            "Worker Number": 0,
                                            "Actual Startup Time": 34.358,
                                            "Actual Total Time": 115.315,
                                            "Actual Rows": 131610,
                                            "Actual Loops": 1
                                        },
                                        {
                                            "Worker Number": 1,
                                            "Actual Startup Time": 34.917,
                                            "Actual Total Time": 115.417,
                                            "Actual Rows": 99795,
                                            "Actual Loops": 1
                                        },
                                        {
                                            "Worker Number": 2,
                                            "Actual Startup Time": 34.913,
                                            "Actual Total Time": 115.352,
                                            "Actual Rows": 99348,
                                            "Actual Loops": 1
                                        }
                                    ],
                                    "Plans": [
                                        {
                                            "Node Type": "Bitmap Index Scan",
                                            "Parent Relationship": "Outer",
                                            "Parallel Aware": false,
                                            "Index Name": "keyword_id_movie_keyword",
                                            "Startup Cost": 0.0,
                                            "Total Cost": 13149.17,
                                            "Plan Rows": 627298,
                                            "Plan Width": 0,
                                            "Actual Startup Time": 41.948,
                                            "Actual Total Time": 41.949,
                                            "Actual Rows": 625964,
                                            "Actual Loops": 1,
                                            "Index Cond": "(mk.keyword_id < 486)"
                                        }
                                    ]
                                }
                            ]
                        }
                    ]
                }
            ]
        },
        "Planning Time": 209.296,
        "Triggers": [],
        "Execution Time": 142.592
    }
]