[
  {
    "Plan": {
      "Node Type": "Aggregate",
      "Strategy": "Plain",
      "Partial Mode": "Finalize",
      "Parallel Aware": false,
      "Startup Cost": 83780.75,
      "Total Cost": 83780.76,
      "Plan Rows": 1,
      "Plan Width": 8,
      "Actual Startup Time": 393.042,
      "Actual Total Time": 417.179,
      "Actual Rows": 1,
      "Actual Loops": 1,
      "Plans": [
        {
          "Node Type": "Gather",
          "Parent Relationship": "Outer",
          "Parallel Aware": false,
          "Startup Cost": 83780.44,
          "Total Cost": 83780.75,
          "Plan Rows": 3,
          "Plan Width": 8,
          "Actual Startup Time": 387.973,
          "Actual Total Time": 417.146,
          "Actual Rows": 4,
          "Actual Loops": 1,
          "Workers Planned": 3,
          "Workers Launched": 3,
          "Single Copy": false,
          "Plans": [
            {
              "Node Type": "Aggregate",
              "Strategy": "Plain",
              "Partial Mode": "Partial",
              "Parent Relationship": "Outer",
              "Parallel Aware": false,
              "Startup Cost": 82780.44,
              "Total Cost": 82780.45,
              "Plan Rows": 1,
              "Plan Width": 8,
              "Actual Startup Time": 376.42,
              "Actual Total Time": 376.424,
              "Actual Rows": 1,
              "Actual Loops": 4,
              "Plans": [
                {
                  "Node Type": "Hash Join",
                  "Parent Relationship": "Outer",
                  "Parallel Aware": true,
                  "Join Type": "Inner",
                  "Startup Cost": 49813.14,
                  "Total Cost": 82247.7,
                  "Plan Rows": 213096,
                  "Plan Width": 0,
                  "Actual Startup Time": 243.176,
                  "Actual Total Time": 374.266,
                  "Actual Rows": 53134,
                  "Actual Loops": 4,
                  "Inner Unique": true,
                  "Hash Cond": "(mc.movie_id = t.id)",
                  "Plans": [
                    {
                      "Node Type": "Seq Scan",
                      "Parent Relationship": "Outer",
                      "Parallel Aware": true,
                      "Relation Name": "movie_companies",
                      "Alias": "mc",
                      "Startup Cost": 0.0,
                      "Total Cost": 31414.82,
                      "Plan Rows": 388473,
                      "Plan Width": 4,
                      "Actual Startup Time": 0.022,
                      "Actual Total Time": 64.876,
                      "Actual Rows": 286672,
                      "Actual Loops": 4,
                      "Filter": "((company_id > 31) AND (company_type_id = 1))",
                      "Rows Removed by Filter": 365610
                    },
                    {
                      "Node Type": "Hash",
                      "Parent Relationship": "Inner",
                      "Parallel Aware": true,
                      "Startup Cost": 45479.1,
                      "Total Cost": 45479.1,
                      "Plan Rows": 346723,
                      "Plan Width": 4,
                      "Actual Startup Time": 235.429,
                      "Actual Total Time": 235.43,
                      "Actual Rows": 367052,
                      "Actual Loops": 4,
                      "Hash Buckets": 2097152,
                      "Original Hash Buckets": 2097152,
                      "Hash Batches": 1,
                      "Original Hash Batches": 1,
                      "Peak Memory Usage": 73888,
                      "Plans": [
                        {
                          "Node Type": "Seq Scan",
                          "Parent Relationship": "Outer",
                          "Parallel Aware": true,
                          "Relation Name": "title",
                          "Alias": "t",
                          "Startup Cost": 0.0,
                          "Total Cost": 45479.1,
                          "Plan Rows": 346723,
                          "Plan Width": 4,
                          "Actual Startup Time": 0.035,
                          "Actual Total Time": 107.138,
                          "Actual Rows": 367052,
                          "Actual Loops": 4,
                          "Filter": "((production_year > 1952) AND (kind_id = 7))",
                          "Rows Removed by Filter": 265026
                        }
                      ]
                    }
                  ]
                }
              ]
            }
          ]
        }
      ]
    },
    "Planning Time": 0.79,
    "Triggers": [],
    "Execution Time": 417.254
  }
]