[
  {
    "Plan": {
      "Node Type": "Aggregate",
      "Strategy": "Plain",
      "Partial Mode": "Finalize",
      "Parallel Aware": false,
      "Startup Cost": 98719.02,
      "Total Cost": 98719.03,
      "Plan Rows": 1,
      "Plan Width": 8,
      "Actual Startup Time": 578.886,
      "Actual Total Time": 594.4,
      "Actual Rows": 1,
      "Actual Loops": 1,
      "Plans": [
        {
          "Node Type": "Gather",
          "Parent Relationship": "Outer",
          "Parallel Aware": false,
          "Startup Cost": 98718.8,
          "Total Cost": 98719.01,
          "Plan Rows": 2,
          "Plan Width": 8,
          "Actual Startup Time": 570.57,
          "Actual Total Time": 594.39,
          "Actual Rows": 3,
          "Actual Loops": 1,
          "Workers Planned": 2,
          "Workers Launched": 2,
          "Single Copy": false,
          "Plans": [
            {
              "Node Type": "Aggregate",
              "Strategy": "Plain",
              "Partial Mode": "Partial",
              "Parent Relationship": "Outer",
              "Parallel Aware": false,
              "Startup Cost": 97718.8,
              "Total Cost": 97718.81,
              "Plan Rows": 1,
              "Plan Width": 8,
              "Actual Startup Time": 557.28,
              "Actual Total Time": 557.287,
              "Actual Rows": 1,
              "Actual Loops": 3,
              "Plans": [
                {
                  "Node Type": "Hash Join",
                  "Parent Relationship": "Outer",
                  "Parallel Aware": true,
                  "Join Type": "Inner",
                  "Startup Cost": 81631.24,
                  "Total Cost": 97611.35,
                  "Plan Rows": 42983,
                  "Plan Width": 0,
                  "Actual Startup Time": 492.812,
                  "Actual Total Time": 555.748,
                  "Actual Rows": 31869,
                  "Actual Loops": 3,
                  "Inner Unique": false,
                  "Hash Cond": "(mi_idx.movie_id = t.id)",
                  "Plans": [
                    {
                      "Node Type": "Seq Scan",
                      "Parent Relationship": "Outer",
                      "Parallel Aware": true,
                      "Relation Name": "movie_info_idx",
                      "Alias": "mi_idx",
                      "Startup Cost": 0.0,
                      "Total Cost": 13685.15,
                      "Plan Rows": 575015,
                      "Plan Width": 4,
                      "Actual Startup Time": 0.032,
                      "Actual Total Time": 39.575,
                      "Actual Rows": 460012,
                      "Actual Loops": 3
                    },
                    {
                      "Node Type": "Hash",
                      "Parent Relationship": "Inner",
                      "Parallel Aware": true,
                      "Startup Cost": 80869.18,
                      "Total Cost": 80869.18,
                      "Plan Rows": 60965,
                      "Plan Width": 8,
                      "Actual Startup Time": 466.338,
                      "Actual Total Time": 466.343,
                      "Actual Rows": 18137,
                      "Actual Loops": 3,
                      "Hash Buckets": 262144,
                      "Original Hash Buckets": 262144,
                      "Hash Batches": 1,
                      "Original Hash Batches": 1,
                      "Peak Memory Usage": 4224,
                      "Plans": [
                        {
                          "Node Type": "Hash Join",
                          "Parent Relationship": "Outer",
                          "Parallel Aware": true,
                          "Join Type": "Inner",
                          "Startup Cost": 55165.16,
                          "Total Cost": 80869.18,
                          "Plan Rows": 60965,
                          "Plan Width": 8,
                          "Actual Startup Time": 384.56,
                          "Actual Total Time": 460.001,
                          "Actual Rows": 18137,
                          "Actual Loops": 3,
                          "Inner Unique": true,
                          "Hash Cond": "(mk.movie_id = t.id)",
                          "Plans": [
                            {
                              "Node Type": "Bitmap Heap Scan",
                              "Parent Relationship": "Outer",
                              "Parallel Aware": true,
                              "Relation Name": "movie_keyword",
                              "Alias": "mk",
                              "Startup Cost": 5438.01,
                              "Total Cost": 30925.08,
                              "Plan Rows": 82646,
                              "Plan Width": 4,
                              "Actual Startup Time": 20.566,
                              "Actual Total Time": 67.928,
                              "Actual Rows": 81991,
                              "Actual Loops": 3,
                              "Recheck Cond": "(keyword_id > 61050)",
                              "Rows Removed by Index Recheck": 0,
                              "Exact Heap Blocks": 9680,
                              "Lossy Heap Blocks": 0,
                              "Plans": [
                                {
                                  "Node Type": "Bitmap Index Scan",
                                  "Parent Relationship": "Outer",
                                  "Parallel Aware": false,
                                  "Index Name": "keyword_id_movie_keyword",
                                  "Startup Cost": 0.0,
                                  "Total Cost": 5373.95,
                                  "Plan Rows": 256203,
                                  "Plan Width": 0,
                                  "Actual Startup Time": 17.345,
                                  "Actual Total Time": 17.345,
                                  "Actual Rows": 245973,
                                  "Actual Loops": 1,
                                  "Index Cond": "(keyword_id > 61050)"
                                }
                              ]
                            },
                            {
                              "Node Type": "Hash",
                              "Parent Relationship": "Inner",
                              "Parallel Aware": true,
                              "Startup Cost": 43898.92,
                              "Total Cost": 43898.92,
                              "Plan Rows": 466259,
                              "Plan Width": 4,
                              "Actual Startup Time": 355.957,
                              "Actual Total Time": 355.959,
                              "Actual Rows": 621829,
                              "Actual Loops": 3,
                              "Hash Buckets": 2097152,
                              "Original Hash Buckets": 2097152,
                              "Hash Batches": 1,
                              "Original Hash Batches": 1,
                              "Peak Memory Usage": 89408,
                              "Plans": [
                                {
                                  "Node Type": "Seq Scan",
                                  "Parent Relationship": "Outer",
                                  "Parallel Aware": true,
                                  "Relation Name": "title",
                                  "Alias": "t",
                                  "Startup Cost": 0.0,
                                  "Total Cost": 43898.92,
                                  "Plan Rows": 466259,
                                  "Plan Width": 4,
                                  "Actual Startup Time": 0.065,
                                  "Actual Total Time": 140.025,
                                  "Actual Rows": 621829,
                                  "Actual Loops": 3,
                                  "Filter": "(kind_id > 1)",
                                  "Rows Removed by Filter": 220942
                                }
                              ]
                            }
                          ]
                        }
                      ]
                    }
                  ]
                }
              ]
            }
          ]
        }
      ]
    },
    "Planning Time": 1.381,
    "Triggers": [],
    "Execution Time": 594.505
  }
]