[
  {
    "Plan": {
      "Node Type": "Aggregate",
      "Strategy": "Plain",
      "Partial Mode": "Finalize",
      "Parallel Aware": false,
      "Startup Cost": 46302.06,
      "Total Cost": 46302.07,
      "Plan Rows": 1,
      "Plan Width": 8,
      "Actual Startup Time": 165.739,
      "Actual Total Time": 173.049,
      "Actual Rows": 1,
      "Actual Loops": 1,
      "Plans": [
        {
          "Node Type": "Gather",
          "Parent Relationship": "Outer",
          "Parallel Aware": false,
          "Startup Cost": 46301.74,
          "Total Cost": 46302.05,
          "Plan Rows": 3,
          "Plan Width": 8,
          "Actual Startup Time": 165.604,
          "Actual Total Time": 173.039,
          "Actual Rows": 4,
          "Actual Loops": 1,
          "Workers Planned": 3,
          "Workers Launched": 3,
          "Single Copy": false,
          "Plans": [
            {
              "Node Type": "Aggregate",
              "Strategy": "Plain",
              "Partial Mode": "Partial",
              "Parent Relationship": "Outer",
              "Parallel Aware": false,
              "Startup Cost": 45301.74,
              "Total Cost": 45301.75,
              "Plan Rows": 1,
              "Plan Width": 8,
              "Actual Startup Time": 157.22,
              "Actual Total Time": 157.221,
              "Actual Rows": 1,
              "Actual Loops": 4,
              "Plans": [
                {
                  "Node Type": "Seq Scan",
                  "Parent Relationship": "Outer",
                  "Parallel Aware": true,
                  "Relation Name": "movie_keyword",
                  "Alias": "mk",
                  "Startup Cost": 0.0,
                  "Total Cost": 42695.65,
                  "Plan Rows": 1042434,
                  "Plan Width": 0,
                  "Actual Startup Time": 0.054,
                  "Actual Total Time": 120.688,
                  "Actual Rows": 805309,
                  "Actual Loops": 4,
                  "Filter": "(keyword_id < 13527)",
                  "Rows Removed by Filter": 325674
                }
              ]
            }
          ]
        }
      ]
    },
    "Planning Time": 0.219,
    "Triggers": [],
    "Execution Time": 173.112
  }
]