{
  "Plan": {
    "Node Type": "Aggregate",
    "Strategy": "Plain",
    "Partial Mode": "Finalize",
    "Parallel Aware": false,
    "Startup Cost": 1151424.05,
    "Total Cost": 1151424.06,
    "Plan Rows": 1,
    "Plan Width": 8,
    "Actual Startup Time": 11054.813,
    "Actual Total Time": 11159.806,
    "Actual Rows": 1,
    "Actual Loops": 1,
    "Plans": [
      {
        "Node Type": "Gather",
        "Parent Relationship": "Outer",
        "Parallel Aware": false,
        "Startup Cost": 1151423.94,
        "Total Cost": 1151424.05,
        "Plan Rows": 1,
        "Plan Width": 8,
        "Actual Startup Time": 11048.435,
        "Actual Total Time": 11159.784,
        "Actual Rows": 2,
        "Actual Loops": 1,
        "Workers Planned": 1,
        "Workers Launched": 1,
        "Single Copy": false,
        "Plans": [
          {
            "Node Type": "Aggregate",
            "Strategy": "Plain",
            "Partial Mode": "Partial",
            "Parent Relationship": "Outer",
            "Parallel Aware": false,
            "Startup Cost": 1150423.94,
            "Total Cost": 1150423.95,
            "Plan Rows": 1,
            "Plan Width": 8,
            "Actual Startup Time": 11036.174,
            "Actual Total Time": 11037.119,
            "Actual Rows": 1,
            "Actual Loops": 2,
            "Plans": [
              {
                "Node Type": "Hash Join",
                "Parent Relationship": "Outer",
                "Parallel Aware": true,
                "Join Type": "Inner",
                "Startup Cost": 370904.33,
                "Total Cost": 1088635.31,
                "Plan Rows": 24715454,
                "Plan Width": 0,
                "Actual Startup Time": 2393.741,
                "Actual Total Time": 10172.123,
                "Actual Rows": 21385908,
                "Actual Loops": 2,
                "Inner Unique": false,
                "Hash Cond": "(ci.movie_id = t.id)",
                "Plans": [
                  {
                    "Node Type": "Seq Scan",
                    "Parent Relationship": "Outer",
                    "Parallel Aware": true,
                    "Relation Name": "cast_info",
                    "Alias": "ci",
                    "Startup Cost": 0.0,
                    "Total Cost": 465792.95,
                    "Plan Rows": 21310595,
                    "Plan Width": 4,
                    "Actual Startup Time": 0.02,
                    "Actual Total Time": 1349.582,
                    "Actual Rows": 18122172,
                    "Actual Loops": 2
                  },
                  {
                    "Node Type": "Hash",
                    "Parent Relationship": "Inner",
                    "Parallel Aware": true,
                    "Startup Cost": 349343.69,
                    "Total Cost": 349343.69,
                    "Plan Rows": 1724851,
                    "Plan Width": 8,
                    "Actual Startup Time": 2370.078,
                    "Actual Total Time": 2371.021,
                    "Actual Rows": 804688,
                    "Actual Loops": 2,
                    "Hash Buckets": 4194304,
                    "Original Hash Buckets": 4194304,
                    "Hash Batches": 1,
                    "Original Hash Batches": 1,
                    "Peak Memory Usage": 95776,
                    "Plans": [
                      {
                        "Node Type": "Hash Join",
                        "Parent Relationship": "Outer",
                        "Parallel Aware": true,
                        "Join Type": "Inner",
                        "Startup Cost": 64087.73,
                        "Total Cost": 349343.69,
                        "Plan Rows": 1724851,
                        "Plan Width": 8,
                        "Actual Startup Time": 356.576,
                        "Actual Total Time": 2093.856,
                        "Actual Rows": 804688,
                        "Actual Loops": 2,
                        "Inner Unique": true,
                        "Hash Cond": "(mi.movie_id = t.id)",
                        "Plans": [
                          {
                            "Node Type": "Seq Scan",
                            "Parent Relationship": "Outer",
                            "Parallel Aware": true,
                            "Relation Name": "movie_info",
                            "Alias": "mi",
                            "Startup Cost": 0.0,
                            "Total Cost": 270696.42,
                            "Plan Rows": 5546484,
                            "Plan Width": 4,
                            "Actual Startup Time": 39.728,
                            "Actual Total Time": 775.22,
                            "Actual Rows": 4712600,
                            "Actual Loops": 2,
                            "Filter": "(info_type_id > 5)",
                            "Rows Removed by Filter": 2705260
                          },
                          {
                            "Node Type": "Hash",
                            "Parent Relationship": "Inner",
                            "Parallel Aware": true,
                            "Startup Cost": 58306.47,
                            "Total Cost": 58306.47,
                            "Plan Rows": 462501,
                            "Plan Width": 4,
                            "Actual Startup Time": 312.554,
                            "Actual Total Time": 312.556,
                            "Actual Rows": 419321,
                            "Actual Loops": 2,
                            "Hash Buckets": 1048576,
                            "Original Hash Buckets": 1048576,
                            "Hash Batches": 1,
                            "Original Hash Batches": 1,
                            "Peak Memory Usage": 41024,
                            "Plans": [
                              {
                                "Node Type": "Seq Scan",
                                "Parent Relationship": "Outer",
                                "Parallel Aware": true,
                                "Relation Name": "title",
                                "Alias": "t",
                                "Startup Cost": 0.0,
                                "Total Cost": 58306.47,
                                "Plan Rows": 462501,
                                "Plan Width": 4,
                                "Actual Startup Time": 0.031,
                                "Actual Total Time": 187.596,
                                "Actual Rows": 419321,
                                "Actual Loops": 2,
                                "Filter": "((kind_id > 2) AND (production_year > 2004))",
                                "Rows Removed by Filter": 844835
                              }
                            ]
                          }
                        ]
                      }
                    ]
                  }
                ]
              }
            ]
          }
        ]
      }
    ]
  },
  "Planning Time": 1.045,
  "Triggers": [],
  "Execution Time": 11159.91
}