{
  "Plan": {
    "Node Type": "Aggregate",
    "Strategy": "Plain",
    "Partial Mode": "Finalize",
    "Parallel Aware": false,
    "Startup Cost": 101836.13,
    "Total Cost": 101836.14,
    "Plan Rows": 1,
    "Plan Width": 8,
    "Actual Startup Time": 674.575,
    "Actual Total Time": 694.137,
    "Actual Rows": 1,
    "Actual Loops": 1,
    "Plans": [
      {
        "Node Type": "Gather",
        "Parent Relationship": "Outer",
        "Parallel Aware": false,
        "Startup Cost": 101836.02,
        "Total Cost": 101836.13,
        "Plan Rows": 1,
        "Plan Width": 8,
        "Actual Startup Time": 670.157,
        "Actual Total Time": 694.13,
        "Actual Rows": 2,
        "Actual Loops": 1,
        "Workers Planned": 1,
        "Workers Launched": 1,
        "Single Copy": false,
        "Plans": [
          {
            "Node Type": "Aggregate",
            "Strategy": "Plain",
            "Partial Mode": "Partial",
            "Parent Relationship": "Outer",
            "Parallel Aware": false,
            "Startup Cost": 100836.02,
            "Total Cost": 100836.03,
            "Plan Rows": 1,
            "Plan Width": 8,
            "Actual Startup Time": 652.289,
            "Actual Total Time": 652.293,
            "Actual Rows": 1,
            "Actual Loops": 2,
            "Plans": [
              {
                "Node Type": "Hash Join",
                "Parent Relationship": "Outer",
                "Parallel Aware": true,
                "Join Type": "Inner",
                "Startup Cost": 74110.86,
                "Total Cost": 100513.87,
                "Plan Rows": 128860,
                "Plan Width": 0,
                "Actual Startup Time": 553.127,
                "Actual Total Time": 647.097,
                "Actual Rows": 113238,
                "Actual Loops": 2,
                "Inner Unique": true,
                "Hash Cond": "(mk.movie_id = t.id)",
                "Plans": [
                  {
                    "Node Type": "Bitmap Heap Scan",
                    "Parent Relationship": "Outer",
                    "Parallel Aware": true,
                    "Relation Name": "movie_keyword",
                    "Alias": "mk",
                    "Startup Cost": 4650.16,
                    "Total Cost": 30714.91,
                    "Plan Rows": 128860,
                    "Plan Width": 4,
                    "Actual Startup Time": 14.35,
                    "Actual Total Time": 61.484,
                    "Actual Rows": 113238,
                    "Actual Loops": 2,
                    "Recheck Cond": "(keyword_id < 184)",
                    "Rows Removed by Index Recheck": 0,
                    "Exact Heap Blocks": 13813,
                    "Lossy Heap Blocks": 0,
                    "Plans": [
                      {
                        "Node Type": "Bitmap Index Scan",
                        "Parent Relationship": "Outer",
                        "Parallel Aware": false,
                        "Index Name": "keyword_id_movie_keyword",
                        "Startup Cost": 0.0,
                        "Total Cost": 4595.4,
                        "Plan Rows": 219062,
                        "Plan Width": 0,
                        "Actual Startup Time": 10.92,
                        "Actual Total Time": 10.92,
                        "Actual Rows": 226476,
                        "Actual Loops": 1,
                        "Index Cond": "(keyword_id < 184)"
                      }
                    ]
                  },
                  {
                    "Node Type": "Hash",
                    "Parent Relationship": "Inner",
                    "Parallel Aware": true,
                    "Startup Cost": 50870.31,
                    "Total Cost": 50870.31,
                    "Plan Rows": 1487231,
                    "Plan Width": 4,
                    "Actual Startup Time": 514.007,
                    "Actual Total Time": 514.008,
                    "Actual Rows": 1264156,
                    "Actual Loops": 2,
                    "Hash Buckets": 4194304,
                    "Original Hash Buckets": 4194304,
                    "Hash Batches": 1,
                    "Original Hash Batches": 1,
                    "Peak Memory Usage": 131712,
                    "Plans": [
                      {
                        "Node Type": "Seq Scan",
                        "Parent Relationship": "Outer",
                        "Parallel Aware": true,
                        "Relation Name": "title",
                        "Alias": "t",
                        "Startup Cost": 0.0,
                        "Total Cost": 50870.31,
                        "Plan Rows": 1487231,
                        "Plan Width": 4,
                        "Actual Startup Time": 0.027,
                        "Actual Total Time": 151.613,
                        "Actual Rows": 1264156,
                        "Actual Loops": 2
                      }
                    ]
                  }
                ]
              }
            ]
          }
        ]
      }
    ]
  },
  "Planning Time": 0.688,
  "Triggers": [],
  "Execution Time": 694.226
}