{
  "Plan": {
    "Node Type": "Aggregate",
    "Strategy": "Plain",
    "Partial Mode": "Finalize",
    "Parallel Aware": false,
    "Startup Cost": 74755.62,
    "Total Cost": 74755.63,
    "Plan Rows": 1,
    "Plan Width": 8,
    "Actual Startup Time": 215.993,
    "Actual Total Time": 228.848,
    "Actual Rows": 1,
    "Actual Loops": 1,
    "Plans": [
      {
        "Node Type": "Gather",
        "Parent Relationship": "Outer",
        "Parallel Aware": false,
        "Startup Cost": 74755.51,
        "Total Cost": 74755.62,
        "Plan Rows": 1,
        "Plan Width": 8,
        "Actual Startup Time": 215.693,
        "Actual Total Time": 228.84,
        "Actual Rows": 2,
        "Actual Loops": 1,
        "Workers Planned": 1,
        "Workers Launched": 1,
        "Single Copy": false,
        "Plans": [
          {
            "Node Type": "Aggregate",
            "Strategy": "Plain",
            "Partial Mode": "Partial",
            "Parent Relationship": "Outer",
            "Parallel Aware": false,
            "Startup Cost": 73755.51,
            "Total Cost": 73755.52,
            "Plan Rows": 1,
            "Plan Width": 8,
            "Actual Startup Time": 211.848,
            "Actual Total Time": 211.851,
            "Actual Rows": 1,
            "Actual Loops": 2,
            "Plans": [
              {
                "Node Type": "Hash Join",
                "Parent Relationship": "Outer",
                "Parallel Aware": true,
                "Join Type": "Inner",
                "Startup Cost": 54948.26,
                "Total Cost": 73742.39,
                "Plan Rows": 5249,
                "Plan Width": 0,
                "Actual Startup Time": 167.368,
                "Actual Total Time": 211.724,
                "Actual Rows": 2028,
                "Actual Loops": 2,
                "Inner Unique": true,
                "Hash Cond": "(mi_idx.movie_id = t.id)",
                "Plans": [
                  {
                    "Node Type": "Seq Scan",
                    "Parent Relationship": "Outer",
                    "Parallel Aware": true,
                    "Relation Name": "movie_info_idx",
                    "Alias": "mi_idx",
                    "Startup Cost": 0.0,
                    "Total Cost": 18082.32,
                    "Plan Rows": 271164,
                    "Plan Width": 4,
                    "Actual Startup Time": 0.02,
                    "Actual Total Time": 49.27,
                    "Actual Rows": 230092,
                    "Actual Loops": 2,
                    "Filter": "(info_type_id > 100)",
                    "Rows Removed by Filter": 459925
                  },
                  {
                    "Node Type": "Hash",
                    "Parent Relationship": "Inner",
                    "Parallel Aware": true,
                    "Startup Cost": 54588.39,
                    "Total Cost": 54588.39,
                    "Plan Rows": 28790,
                    "Plan Width": 4,
                    "Actual Startup Time": 136.63,
                    "Actual Total Time": 136.631,
                    "Actual Rows": 25861,
                    "Actual Loops": 2,
                    "Hash Buckets": 65536,
                    "Original Hash Buckets": 65536,
                    "Hash Batches": 1,
                    "Original Hash Batches": 1,
                    "Peak Memory Usage": 2560,
                    "Plans": [
                      {
                        "Node Type": "Seq Scan",
                        "Parent Relationship": "Outer",
                        "Parallel Aware": true,
                        "Relation Name": "title",
                        "Alias": "t",
                        "Startup Cost": 0.0,
                        "Total Cost": 54588.39,
                        "Plan Rows": 28790,
                        "Plan Width": 4,
                        "Actual Startup Time": 70.71,
                        "Actual Total Time": 131.251,
                        "Actual Rows": 25861,
                        "Actual Loops": 2,
                        "Filter": "(production_year < 1914)",
                        "Rows Removed by Filter": 1238295
                      }
                    ]
                  }
                ]
              }
            ]
          }
        ]
      }
    ]
  },
  "Planning Time": 0.429,
  "Triggers": [],
  "Execution Time": 228.916
}