[
  {
    "Plan": {
      "Node Type": "Aggregate",
      "Strategy": "Plain",
      "Partial Mode": "Finalize",
      "Parallel Aware": false,
      "Startup Cost": 121660.02,
      "Total Cost": 121660.03,
      "Plan Rows": 1,
      "Plan Width": 8,
      "Actual Startup Time": 205.208,
      "Actual Total Time": 216.298,
      "Actual Rows": 1,
      "Actual Loops": 1,
      "Plans": [
        {
          "Node Type": "Gather",
          "Parent Relationship": "Outer",
          "Parallel Aware": false,
          "Startup Cost": 121659.5,
          "Total Cost": 121660.01,
          "Plan Rows": 5,
          "Plan Width": 8,
          "Actual Startup Time": 205.195,
          "Actual Total Time": 216.29,
          "Actual Rows": 6,
          "Actual Loops": 1,
          "Workers Planned": 5,
          "Workers Launched": 5,
          "Single Copy": false,
          "Plans": [
            {
              "Node Type": "Aggregate",
              "Strategy": "Plain",
              "Partial Mode": "Partial",
              "Parent Relationship": "Outer",
              "Parallel Aware": false,
              "Startup Cost": 120659.5,
              "Total Cost": 120659.51,
              "Plan Rows": 1,
              "Plan Width": 8,
              "Actual Startup Time": 194.952,
              "Actual Total Time": 194.954,
              "Actual Rows": 1,
              "Actual Loops": 6,
              "Plans": [
                {
                  "Node Type": "Index Scan",
                  "Parent Relationship": "Outer",
                  "Parallel Aware": true,
                  "Scan Direction": "Forward",
                  "Index Name": "role_id_cast_info",
                  "Relation Name": "cast_info",
                  "Alias": "ci",
                  "Startup Cost": 0.56,
                  "Total Cost": 119623.46,
                  "Plan Rows": 414418,
                  "Plan Width": 0,
                  "Actual Startup Time": 0.179,
                  "Actual Total Time": 164.519,
                  "Actual Rows": 596650,
                  "Actual Loops": 6,
                  "Index Cond": "(role_id = 10)",
                  "Rows Removed by Index Recheck": 0,
                  "Filter": "(person_id > 1917144)",
                  "Rows Removed by Filter": 123852
                }
              ]
            }
          ]
        }
      ]
    },
    "Planning Time": 0.232,
    "Triggers": [],
    "Execution Time": 216.374
  }
]