{
    "Plan": {
        "Node Type": "Aggregate",
        "Strategy": "Plain",
        "Partial Mode": "Finalize",
        "Parallel Aware": false,
        "Startup Cost": 247150.35,
        "Total Cost": 247150.36,
        "Plan Rows": 1,
        "Plan Width": 8,
        "Actual Startup Time": 409.358,
        "Actual Total Time": 448.847,
        "Actual Rows": 1,
        "Actual Loops": 1,
        "Output": [
            "count(*)"
        ],
        "Plans": [
            {
                "Node Type": "Gather",
                "Parent Relationship": "Outer",
                "Parallel Aware": false,
                "Startup Cost": 247149.83,
                "Total Cost": 247150.34,
                "Plan Rows": 5,
                "Plan Width": 8,
                "Actual Startup Time": 407.195,
                "Actual Total Time": 448.835,
                "Actual Rows": 6,
                "Actual Loops": 1,
                "Output": [
                    "(PARTIAL count(*))"
                ],
                "Workers Planned": 5,
                "Workers Launched": 5,
                "Single Copy": false,
                "Plans": [
                    {
                        "Node Type": "Aggregate",
                        "Strategy": "Plain",
                        "Partial Mode": "Partial",
                        "Parent Relationship": "Outer",
                        "Parallel Aware": false,
                        "Startup Cost": 246149.83,
                        "Total Cost": 246149.84,
                        "Plan Rows": 1,
                        "Plan Width": 8,
                        "Actual Startup Time": 397.075,
                        "Actual Total Time": 397.078,
                        "Actual Rows": 1,
                        "Actual Loops": 6,
                        "Output": [
                            "PARTIAL count(*)"
                        ],
                        "Workers": [
                            {
                                "Worker Number": 0,
                                "Actual Startup Time": 394.588,
                                "Actual Total Time": 394.59,
                                "Actual Rows": 1,
                                "Actual Loops": 1
                            },
                            {
                                "Worker Number": 1,
                                "Actual Startup Time": 394.634,
                                "Actual Total Time": 394.636,
                                "Actual Rows": 1,
                                "Actual Loops": 1
                            },
                            {
                                "Worker Number": 2,
                                "Actual Startup Time": 395.413,
                                "Actual Total Time": 395.415,
                                "Actual Rows": 1,
                                "Actual Loops": 1
                            },
                            {
                                "Worker Number": 3,
                                "Actual Startup Time": 395.742,
                                "Actual Total Time": 395.744,
                                "Actual Rows": 1,
                                "Actual Loops": 1
                            },
                            {
                                "Worker Number": 4,
                                "Actual Startup Time": 395.74,
                                "Actual Total Time": 395.743,
                                "Actual Rows": 1,
                                "Actual Loops": 1
                            }
                        ],
                        "Plans": [
                            {
                                "Node Type": "Hash Join",
                                "Parent Relationship": "Outer",
                                "Parallel Aware": true,
                                "Join Type": "Inner",
                                "Startup Cost": 46376.35,
                                "Total Cost": 246062.71,
                                "Plan Rows": 34848,
                                "Plan Width": 0,
                                "Actual Startup Time": 333.952,
                                "Actual Total Time": 396.613,
                                "Actual Rows": 8921,
                                "Actual Loops": 6,
                                "Inner Unique": true,
                                "Hash Cond": "(mi.movie_id = t.id)",
                                "Workers": [
                                    {
                                        "Worker Number": 0,
                                        "Actual Startup Time": 331.459,
                                        "Actual Total Time": 394.112,
                                        "Actual Rows": 9014,
                                        "Actual Loops": 1
                                    },
                                    {
                                        "Worker Number": 1,
                                        "Actual Startup Time": 331.275,
                                        "Actual Total Time": 394.225,
                                        "Actual Rows": 7185,
                                        "Actual Loops": 1
                                    },
                                    {
                                        "Worker Number": 2,
                                        "Actual Startup Time": 332.281,
                                        "Actual Total Time": 394.924,
                                        "Actual Rows": 8917,
                                        "Actual Loops": 1
                                    },
                                    {
                                        "Worker Number": 3,
                                        "Actual Startup Time": 332.623,
                                        "Actual Total Time": 395.251,
                                        "Actual Rows": 9377,
                                        "Actual Loops": 1
                                    },
                                    {
                                        "Worker Number": 4,
                                        "Actual Startup Time": 332.872,
                                        "Actual Total Time": 395.286,
                                        "Actual Rows": 8621,
                                        "Actual Loops": 1
                                    }
                                ],
                                "Plans": [
                                    {
                                        "Node Type": "Seq Scan",
                                        "Parent Relationship": "Outer",
                                        "Parallel Aware": true,
                                        "Relation Name": "movie_info",
                                        "Schema": "public",
                                        "Alias": "mi",
                                        "Startup Cost": 0.0,
                                        "Total Cost": 198880.74,
                                        "Plan Rows": 306906,
                                        "Plan Width": 4,
                                        "Actual Startup Time": 237.269,
                                        "Actual Total Time": 268.119,
                                        "Actual Rows": 255652,
                                        "Actual Loops": 6,
                                        "Output": [
                                            "mi.id",
                                            "mi.movie_id",
                                            "mi.info_type_id",
                                            "mi.info",
                                            "mi.note"
                                        ],
                                        "Filter": "(mi.info_type_id = 3)",
                                        "Rows Removed by Filter": 2216968,
                                        "Workers": [
                                            {
                                                "Worker Number": 0,
                                                "Actual Startup Time": 237.299,
                                                "Actual Total Time": 268.811,
                                                "Actual Rows": 256256,
                                                "Actual Loops": 1
                                            },
                                            {
                                                "Worker Number": 1,
                                                "Actual Startup Time": 237.28,
                                                "Actual Total Time": 266.773,
                                                "Actual Rows": 207266,
                                                "Actual Loops": 1
                                            },
                                            {
                                                "Worker Number": 2,
                                                "Actual Startup Time": 237.304,
                                                "Actual Total Time": 268.901,
                                                "Actual Rows": 257678,
                                                "Actual Loops": 1
                                            },
                                            {
                                                "Worker Number": 3,
                                                "Actual Startup Time": 237.278,
                                                "Actual Total Time": 268.759,
                                                "Actual Rows": 258041,
                                                "Actual Loops": 1
                                            },
                                            {
                                                "Worker Number": 4,
                                                "Actual Startup Time": 237.163,
                                                "Actual Total Time": 268.479,
                                                "Actual Rows": 253109,
                                                "Actual Loops": 1
                                            }
                                        ]
                                    },
                                    {
                                        "Node Type": "Hash",
                                        "Parent Relationship": "Inner",
                                        "Parallel Aware": true,
                                        "Startup Cost": 45479.21,
                                        "Total Cost": 45479.21,
                                        "Plan Rows": 71771,
                                        "Plan Width": 4,
                                        "Actual Startup Time": 94.008,
                                        "Actual Total Time": 94.009,
                                        "Actual Rows": 48779,
                                        "Actual Loops": 6,
                                        "Output": [
                                            "t.id"
                                        ],
                                        "Hash Buckets": 524288,
                                        "Original Hash Buckets": 524288,
                                        "Hash Batches": 1,
                                        "Original Hash Batches": 1,
                                        "Peak Memory Usage": 15648,
                                        "Workers": [
                                            {
                                                "Worker Number": 0,
                                                "Actual Startup Time": 93.551,
                                                "Actual Total Time": 93.551,
                                                "Actual Rows": 45888,
                                                "Actual Loops": 1
                                            },
                                            {
                                                "Worker Number": 1,
                                                "Actual Startup Time": 93.296,
                                                "Actual Total Time": 93.297,
                                                "Actual Rows": 39715,
                                                "Actual Loops": 1
                                            },
                                            {
                                                "Worker Number": 2,
                                                "Actual Startup Time": 94.388,
                                                "Actual Total Time": 94.389,
                                                "Actual Rows": 44643,
                                                "Actual Loops": 1
                                            },
                                            {
                                                "Worker Number": 3,
                                                "Actual Startup Time": 94.659,
                                                "Actual Total Time": 94.66,
                                                "Actual Rows": 44826,
                                                "Actual Loops": 1
                                            },
                                            {
                                                "Worker Number": 4,
                                                "Actual Startup Time": 94.66,
                                                "Actual Total Time": 94.66,
                                                "Actual Rows": 44243,
                                                "Actual Loops": 1
                                            }
                                        ],
                                        "Plans": [
                                            {
                                                "Node Type": "Seq Scan",
                                                "Parent Relationship": "Outer",
                                                "Parallel Aware": true,
                                                "Relation Name": "title",
                                                "Schema": "public",
                                                "Alias": "t",
                                                "Startup Cost": 0.0,
                                                "Total Cost": 45479.21,
                                                "Plan Rows": 71771,
                                                "Plan Width": 4,
                                                "Actual Startup Time": 0.064,
                                                "Actual Total Time": 73.016,
                                                "Actual Rows": 48779,
                                                "Actual Loops": 6,
                                                "Output": [
                                                    "t.id"
                                                ],
                                                "Filter": "((t.kind_id > 1) AND (t.production_year > 2010))",
                                                "Rows Removed by Filter": 372606,
                                                "Workers": [
                                                    {
                                                        "Worker Number": 0,
                                                        "Actual Startup Time": 0.071,
                                                        "Actual Total Time": 73.534,
                                                        "Actual Rows": 45888,
                                                        "Actual Loops": 1
                                                    },
                                                    {
                                                        "Worker Number": 1,
                                                        "Actual Startup Time": 0.07,
                                                        "Actual Total Time": 73.375,
                                                        "Actual Rows": 39715,
                                                        "Actual Loops": 1
                                                    },
                                                    {
                                                        "Worker Number": 2,
                                                        "Actual Startup Time": 0.072,
                                                        "Actual Total Time": 73.579,
                                                        "Actual Rows": 44643,
                                                        "Actual Loops": 1
                                                    },
                                                    {
                                                        "Worker Number": 3,
                                                        "Actual Startup Time": 0.077,
                                                        "Actual Total Time": 74.046,
                                                        "Actual Rows": 44826,
                                                        "Actual Loops": 1
                                                    },
                                                    {
                                                        "Worker Number": 4,
                                                        "Actual Startup Time": 0.076,
                                                        "Actual Total Time": 73.724,
                                                        "Actual Rows": 44243,
                                                        "Actual Loops": 1
                                                    }
                                                ]
                                            }
                                        ]
                                    }
                                ]
                            }
                        ]
                    }
                ]
            }
        ]
    },
    "Planning Time": 0.682,
    "Triggers": [],
    "Execution Time": 448.921
}