{
    "Plan": {
        "Node Type": "Aggregate",
        "Strategy": "Plain",
        "Partial Mode": "Finalize",
        "Parallel Aware": false,
        "Startup Cost": 67200.62,
        "Total Cost": 67200.63,
        "Plan Rows": 1,
        "Plan Width": 8,
        "Actual Startup Time": 146.55,
        "Actual Total Time": 167.601,
        "Actual Rows": 1,
        "Actual Loops": 1,
        "Output": [
            "count(*)"
        ],
        "Plans": [
            {
                "Node Type": "Gather",
                "Parent Relationship": "Outer",
                "Parallel Aware": false,
                "Startup Cost": 67200.2,
                "Total Cost": 67200.61,
                "Plan Rows": 4,
                "Plan Width": 8,
                "Actual Startup Time": 146.412,
                "Actual Total Time": 167.591,
                "Actual Rows": 5,
                "Actual Loops": 1,
                "Output": [
                    "(PARTIAL count(*))"
                ],
                "Workers Planned": 4,
                "Workers Launched": 4,
                "Single Copy": false,
                "Plans": [
                    {
                        "Node Type": "Aggregate",
                        "Strategy": "Plain",
                        "Partial Mode": "Partial",
                        "Parent Relationship": "Outer",
                        "Parallel Aware": false,
                        "Startup Cost": 66200.2,
                        "Total Cost": 66200.21,
                        "Plan Rows": 1,
                        "Plan Width": 8,
                        "Actual Startup Time": 135.965,
                        "Actual Total Time": 135.967,
                        "Actual Rows": 1,
                        "Actual Loops": 5,
                        "Output": [
                            "PARTIAL count(*)"
                        ],
                        "Workers": [
                            {
                                "Worker Number": 0,
                                "Actual Startup Time": 133.126,
                                "Actual Total Time": 133.127,
                                "Actual Rows": 1,
                                "Actual Loops": 1
                            },
                            {
                                "Worker Number": 1,
                                "Actual Startup Time": 133.338,
                                "Actual Total Time": 133.34,
                                "Actual Rows": 1,
                                "Actual Loops": 1
                            },
                            {
                                "Worker Number": 2,
                                "Actual Startup Time": 133.633,
                                "Actual Total Time": 133.635,
                                "Actual Rows": 1,
                                "Actual Loops": 1
                            },
                            {
                                "Worker Number": 3,
                                "Actual Startup Time": 134.148,
                                "Actual Total Time": 134.151,
                                "Actual Rows": 1,
                                "Actual Loops": 1
                            }
                        ],
                        "Plans": [
                            {
                                "Node Type": "Nested Loop",
                                "Parent Relationship": "Outer",
                                "Parallel Aware": false,
                                "Join Type": "Inner",
                                "Startup Cost": 0.86,
                                "Total Cost": 66189.31,
                                "Plan Rows": 4355,
                                "Plan Width": 0,
                                "Actual Startup Time": 3.053,
                                "Actual Total Time": 134.811,
                                "Actual Rows": 16319,
                                "Actual Loops": 5,
                                "Inner Unique": false,
                                "Join Filter": "(t.id = mi.movie_id)",
                                "Rows Removed by Join Filter": 0,
                                "Workers": [
                                    {
                                        "Worker Number": 0,
                                        "Actual Startup Time": 5.282,
                                        "Actual Total Time": 132.021,
                                        "Actual Rows": 15582,
                                        "Actual Loops": 1
                                    },
                                    {
                                        "Worker Number": 1,
                                        "Actual Startup Time": 2.167,
                                        "Actual Total Time": 132.133,
                                        "Actual Rows": 9597,
                                        "Actual Loops": 1
                                    },
                                    {
                                        "Worker Number": 2,
                                        "Actual Startup Time": 4.385,
                                        "Actual Total Time": 132.604,
                                        "Actual Rows": 12107,
                                        "Actual Loops": 1
                                    },
                                    {
                                        "Worker Number": 3,
                                        "Actual Startup Time": 2.181,
                                        "Actual Total Time": 133.123,
                                        "Actual Rows": 12728,
                                        "Actual Loops": 1
                                    }
                                ],
                                "Plans": [
                                    {
                                        "Node Type": "Nested Loop",
                                        "Parent Relationship": "Outer",
                                        "Parallel Aware": false,
                                        "Join Type": "Inner",
                                        "Startup Cost": 0.43,
                                        "Total Cost": 64507.02,
                                        "Plan Rows": 746,
                                        "Plan Width": 8,
                                        "Actual Startup Time": 2.833,
                                        "Actual Total Time": 94.62,
                                        "Actual Rows": 1166,
                                        "Actual Loops": 5,
                                        "Output": [
                                            "t.id",
                                            "mc.movie_id"
                                        ],
                                        "Inner Unique": false,
                                        "Workers": [
                                            {
                                                "Worker Number": 0,
                                                "Actual Startup Time": 5.051,
                                                "Actual Total Time": 90.148,
                                                "Actual Rows": 1021,
                                                "Actual Loops": 1
                                            },
                                            {
                                                "Worker Number": 1,
                                                "Actual Startup Time": 1.943,
                                                "Actual Total Time": 88.976,
                                                "Actual Rows": 696,
                                                "Actual Loops": 1
                                            },
                                            {
                                                "Worker Number": 2,
                                                "Actual Startup Time": 4.042,
                                                "Actual Total Time": 90.507,
                                                "Actual Rows": 992,
                                                "Actual Loops": 1
                                            },
                                            {
                                                "Worker Number": 3,
                                                "Actual Startup Time": 1.907,
                                                "Actual Total Time": 89.721,
                                                "Actual Rows": 960,
                                                "Actual Loops": 1
                                            }
                                        ],
                                        "Plans": [
                                            {
                                                "Node Type": "Seq Scan",
                                                "Parent Relationship": "Outer",
                                                "Parallel Aware": true,
                                                "Relation Name": "title",
                                                "Schema": "public",
                                                "Alias": "t",
                                                "Startup Cost": 0.0,
                                                "Total Cost": 45479.21,
                                                "Plan Rows": 1418,
                                                "Plan Width": 4,
                                                "Actual Startup Time": 2.282,
                                                "Actual Total Time": 79.417,
                                                "Actual Rows": 1218,
                                                "Actual Loops": 5,
                                                "Output": [
                                                    "t.id",
                                                    "t.title",
                                                    "t.imdb_index",
                                                    "t.kind_id",
                                                    "t.production_year",
                                                    "t.imdb_id",
                                                    "t.phonetic_code",
                                                    "t.episode_of_id",
                                                    "t.season_nr",
                                                    "t.episode_nr",
                                                    "t.series_years",
                                                    "t.md5sum"
                                                ],
                                                "Filter": "((t.kind_id < 7) AND (t.production_year = 1968))",
                                                "Rows Removed by Filter": 504444,
                                                "Workers": [
                                                    {
                                                        "Worker Number": 0,
                                                        "Actual Startup Time": 4.88,
                                                        "Actual Total Time": 74.806,
                                                        "Actual Rows": 1047,
                                                        "Actual Loops": 1
                                                    },
                                                    {
                                                        "Worker Number": 1,
                                                        "Actual Startup Time": 0.64,
                                                        "Actual Total Time": 72.951,
                                                        "Actual Rows": 712,
                                                        "Actual Loops": 1
                                                    },
                                                    {
                                                        "Worker Number": 2,
                                                        "Actual Startup Time": 3.806,
                                                        "Actual Total Time": 74.808,
                                                        "Actual Rows": 1062,
                                                        "Actual Loops": 1
                                                    },
                                                    {
                                                        "Worker Number": 3,
                                                        "Actual Startup Time": 1.647,
                                                        "Actual Total Time": 73.983,
                                                        "Actual Rows": 998,
                                                        "Actual Loops": 1
                                                    }
                                                ]
                                            },
                                            {
                                                "Node Type": "Index Scan",
                                                "Parent Relationship": "Inner",
                                                "Parallel Aware": false,
                                                "Scan Direction": "Forward",
                                                "Index Name": "movie_id_movie_companies",
                                                "Relation Name": "movie_companies",
                                                "Schema": "public",
                                                "Alias": "mc",
                                                "Startup Cost": 0.43,
                                                "Total Cost": 13.39,
                                                "Plan Rows": 3,
                                                "Plan Width": 4,
                                                "Actual Startup Time": 0.012,
                                                "Actual Total Time": 0.012,
                                                "Actual Rows": 1,
                                                "Actual Loops": 6090,
                                                "Output": [
                                                    "mc.id",
                                                    "mc.movie_id",
                                                    "mc.company_id",
                                                    "mc.company_type_id",
                                                    "mc.note"
                                                ],
                                                "Index Cond": "(mc.movie_id = t.id)",
                                                "Rows Removed by Index Recheck": 0,
                                                "Filter": "(mc.company_type_id > 1)",
                                                "Rows Removed by Filter": 1,
                                                "Workers": [
                                                    {
                                                        "Worker Number": 0,
                                                        "Actual Startup Time": 0.014,
                                                        "Actual Total Time": 0.014,
                                                        "Actual Rows": 1,
                                                        "Actual Loops": 1047
                                                    },
                                                    {
                                                        "Worker Number": 1,
                                                        "Actual Startup Time": 0.021,
                                                        "Actual Total Time": 0.021,
                                                        "Actual Rows": 1,
                                                        "Actual Loops": 712
                                                    },
                                                    {
                                                        "Worker Number": 2,
                                                        "Actual Startup Time": 0.014,
                                                        "Actual Total Time": 0.014,
                                                        "Actual Rows": 1,
                                                        "Actual Loops": 1062
                                                    },
                                                    {
                                                        "Worker Number": 3,
                                                        "Actual Startup Time": 0.015,
                                                        "Actual Total Time": 0.015,
                                                        "Actual Rows": 1,
                                                        "Actual Loops": 998
                                                    }
                                                ]
                                            }
                                        ]
                                    },
                                    {
                                        "Node Type": "Index Only Scan",
                                        "Parent Relationship": "Inner",
                                        "Parallel Aware": false,
                                        "Scan Direction": "Forward",
                                        "Index Name": "movie_id_movie_info",
                                        "Relation Name": "movie_info",
                                        "Schema": "public",
                                        "Alias": "mi",
                                        "Startup Cost": 0.43,
                                        "Total Cost": 1.77,
                                        "Plan Rows": 39,
                                        "Plan Width": 4,
                                        "Actual Startup Time": 0.011,
                                        "Actual Total Time": 0.032,
                                        "Actual Rows": 14,
                                        "Actual Loops": 5830,
                                        "Output": [
                                            "mi.movie_id"
                                        ],
                                        "Index Cond": "(mi.movie_id = mc.movie_id)",
                                        "Rows Removed by Index Recheck": 0,
                                        "Heap Fetches": 81593,
                                        "Workers": [
                                            {
                                                "Worker Number": 0,
                                                "Actual Startup Time": 0.013,
                                                "Actual Total Time": 0.039,
                                                "Actual Rows": 15,
                                                "Actual Loops": 1021
                                            },
                                            {
                                                "Worker Number": 1,
                                                "Actual Startup Time": 0.019,
                                                "Actual Total Time": 0.058,
                                                "Actual Rows": 14,
                                                "Actual Loops": 696
                                            },
                                            {
                                                "Worker Number": 2,
                                                "Actual Startup Time": 0.013,
                                                "Actual Total Time": 0.04,
                                                "Actual Rows": 12,
                                                "Actual Loops": 992
                                            },
                                            {
                                                "Worker Number": 3,
                                                "Actual Startup Time": 0.014,
                                                "Actual Total Time": 0.043,
                                                "Actual Rows": 13,
                                                "Actual Loops": 960
                                            }
                                        ]
                                    }
                                ]
                            }
                        ]
                    }
                ]
            }
        ]
    },
    "Planning Time": 1.604,
    "Triggers": [],
    "Execution Time": 167.704
}