[
  {
    "Plan": {
      "Node Type": "Aggregate",
      "Strategy": "Plain",
      "Partial Mode": "Finalize",
      "Parallel Aware": false,
      "Startup Cost": 45942.18,
      "Total Cost": 45942.19,
      "Plan Rows": 1,
      "Plan Width": 8,
      "Actual Startup Time": 137.842,
      "Actual Total Time": 147.485,
      "Actual Rows": 1,
      "Actual Loops": 1,
      "Plans": [
        {
          "Node Type": "Gather",
          "Parent Relationship": "Outer",
          "Parallel Aware": false,
          "Startup Cost": 45941.87,
          "Total Cost": 45942.18,
          "Plan Rows": 3,
          "Plan Width": 8,
          "Actual Startup Time": 137.747,
          "Actual Total Time": 147.477,
          "Actual Rows": 4,
          "Actual Loops": 1,
          "Workers Planned": 3,
          "Workers Launched": 3,
          "Single Copy": false,
          "Plans": [
            {
              "Node Type": "Aggregate",
              "Strategy": "Plain",
              "Partial Mode": "Partial",
              "Parent Relationship": "Outer",
              "Parallel Aware": false,
              "Startup Cost": 44941.87,
              "Total Cost": 44941.88,
              "Plan Rows": 1,
              "Plan Width": 8,
              "Actual Startup Time": 133.296,
              "Actual Total Time": 133.297,
              "Actual Rows": 1,
              "Actual Loops": 4,
              "Plans": [
                {
                  "Node Type": "Seq Scan",
                  "Parent Relationship": "Outer",
                  "Parallel Aware": true,
                  "Relation Name": "movie_keyword",
                  "Alias": "mk",
                  "Startup Cost": 0.0,
                  "Total Cost": 42695.65,
                  "Plan Rows": 898485,
                  "Plan Width": 0,
                  "Actual Startup Time": 0.035,
                  "Actual Total Time": 104.778,
                  "Actual Rows": 698852,
                  "Actual Loops": 4,
                  "Filter": "(keyword_id < 8193)",
                  "Rows Removed by Filter": 432130
                }
              ]
            }
          ]
        }
      ]
    },
    "Planning Time": 0.074,
    "Triggers": [],
    "Execution Time": 147.517
  }
]