[
  {
    "Plan": {
      "Node Type": "Aggregate",
      "Strategy": "Plain",
      "Partial Mode": "Finalize",
      "Parallel Aware": false,
      "Startup Cost": 45956.17,
      "Total Cost": 45956.18,
      "Plan Rows": 1,
      "Plan Width": 8,
      "Actual Startup Time": 160.923,
      "Actual Total Time": 170.468,
      "Actual Rows": 1,
      "Actual Loops": 1,
      "Plans": [
        {
          "Node Type": "Gather",
          "Parent Relationship": "Outer",
          "Parallel Aware": false,
          "Startup Cost": 45955.86,
          "Total Cost": 45956.17,
          "Plan Rows": 3,
          "Plan Width": 8,
          "Actual Startup Time": 160.782,
          "Actual Total Time": 170.459,
          "Actual Rows": 4,
          "Actual Loops": 1,
          "Workers Planned": 3,
          "Workers Launched": 3,
          "Single Copy": false,
          "Plans": [
            {
              "Node Type": "Aggregate",
              "Strategy": "Plain",
              "Partial Mode": "Partial",
              "Parent Relationship": "Outer",
              "Parallel Aware": false,
              "Startup Cost": 44955.86,
              "Total Cost": 44955.87,
              "Plan Rows": 1,
              "Plan Width": 8,
              "Actual Startup Time": 152.299,
              "Actual Total Time": 152.301,
              "Actual Rows": 1,
              "Actual Loops": 4,
              "Plans": [
                {
                  "Node Type": "Seq Scan",
                  "Parent Relationship": "Outer",
                  "Parallel Aware": true,
                  "Relation Name": "movie_keyword",
                  "Alias": "mk",
                  "Startup Cost": 0.0,
                  "Total Cost": 42695.65,
                  "Plan Rows": 904081,
                  "Plan Width": 0,
                  "Actual Startup Time": 0.055,
                  "Actual Total Time": 120.547,
                  "Actual Rows": 698852,
                  "Actual Loops": 4,
                  "Filter": "(keyword_id < 8193)",
                  "Rows Removed by Filter": 432130
                }
              ]
            }
          ]
        }
      ]
    },
    "Planning Time": 0.211,
    "Triggers": [],
    "Execution Time": 170.528
  }
]