[
  {
    "Plan": {
      "Node Type": "Aggregate",
      "Strategy": "Plain",
      "Partial Mode": "Finalize",
      "Parallel Aware": false,
      "Startup Cost": 296872.6,
      "Total Cost": 296872.61,
      "Plan Rows": 1,
      "Plan Width": 8,
      "Actual Startup Time": 1335.439,
      "Actual Total Time": 1390.592,
      "Actual Rows": 1,
      "Actual Loops": 1,
      "Plans": [
        {
          "Node Type": "Gather",
          "Parent Relationship": "Outer",
          "Parallel Aware": false,
          "Startup Cost": 296872.07,
          "Total Cost": 296872.58,
          "Plan Rows": 5,
          "Plan Width": 8,
          "Actual Startup Time": 1326.244,
          "Actual Total Time": 1390.58,
          "Actual Rows": 6,
          "Actual Loops": 1,
          "Workers Planned": 5,
          "Workers Launched": 5,
          "Single Copy": false,
          "Plans": [
            {
              "Node Type": "Aggregate",
              "Strategy": "Plain",
              "Partial Mode": "Partial",
              "Parent Relationship": "Outer",
              "Parallel Aware": false,
              "Startup Cost": 295872.07,
              "Total Cost": 295872.08,
              "Plan Rows": 1,
              "Plan Width": 8,
              "Actual Startup Time": 1316.006,
              "Actual Total Time": 1316.226,
              "Actual Rows": 1,
              "Actual Loops": 6,
              "Plans": [
                {
                  "Node Type": "Hash Join",
                  "Parent Relationship": "Outer",
                  "Parallel Aware": true,
                  "Join Type": "Inner",
                  "Startup Cost": 91352.56,
                  "Total Cost": 295054.97,
                  "Plan Rows": 326842,
                  "Plan Width": 0,
                  "Actual Startup Time": 305.949,
                  "Actual Total Time": 1201.863,
                  "Actual Rows": 2382499,
                  "Actual Loops": 6,
                  "Inner Unique": false,
                  "Hash Cond": "(mi.movie_id = t.id)",
                  "Plans": [
                    {
                      "Node Type": "Seq Scan",
                      "Parent Relationship": "Outer",
                      "Parallel Aware": true,
                      "Relation Name": "movie_info",
                      "Alias": "mi",
                      "Startup Cost": 0.0,
                      "Total Cost": 191560.33,
                      "Plan Rows": 2956733,
                      "Plan Width": 4,
                      "Actual Startup Time": 0.061,
                      "Actual Total Time": 324.625,
                      "Actual Rows": 2472620,
                      "Actual Loops": 6
                    },
                    {
                      "Node Type": "Hash",
                      "Parent Relationship": "Inner",
                      "Parallel Aware": true,
                      "Startup Cost": 90225.62,
                      "Total Cost": 90225.62,
                      "Plan Rows": 90155,
                      "Plan Width": 8,
                      "Actual Startup Time": 302.175,
                      "Actual Total Time": 302.392,
                      "Actual Rows": 64225,
                      "Actual Loops": 6,
                      "Hash Buckets": 524288,
                      "Original Hash Buckets": 524288,
                      "Hash Batches": 1,
                      "Original Hash Batches": 1,
                      "Peak Memory Usage": 19296,
                      "Plans": [
                        {
                          "Node Type": "Hash Join",
                          "Parent Relationship": "Outer",
                          "Parallel Aware": true,
                          "Join Type": "Inner",
                          "Startup Cost": 46908.73,
                          "Total Cost": 90225.62,
                          "Plan Rows": 90155,
                          "Plan Width": 8,
                          "Actual Startup Time": 167.256,
                          "Actual Total Time": 281.402,
                          "Actual Rows": 64225,
                          "Actual Loops": 6,
                          "Inner Unique": true,
                          "Hash Cond": "(mk.movie_id = t.id)",
                          "Plans": [
                            {
                              "Node Type": "Seq Scan",
                              "Parent Relationship": "Outer",
                              "Parallel Aware": true,
                              "Relation Name": "movie_keyword",
                              "Alias": "mk",
                              "Startup Cost": 0.0,
                              "Total Cost": 42695.65,
                              "Plan Rows": 236663,
                              "Plan Width": 4,
                              "Actual Startup Time": 0.039,
                              "Actual Total Time": 76.969,
                              "Actual Rows": 123761,
                              "Actual Loops": 6,
                              "Filter": "(keyword_id < 674)",
                              "Rows Removed by Filter": 630227
                            },
                            {
                              "Node Type": "Hash",
                              "Parent Relationship": "Inner",
                              "Parallel Aware": true,
                              "Startup Cost": 43898.92,
                              "Total Cost": 43898.92,
                              "Plan Rows": 240785,
                              "Plan Width": 4,
                              "Actual Startup Time": 164.866,
                              "Actual Total Time": 164.867,
                              "Actual Rows": 161865,
                              "Actual Loops": 6,
                              "Hash Buckets": 1048576,
                              "Original Hash Buckets": 1048576,
                              "Hash Batches": 1,
                              "Original Hash Batches": 1,
                              "Peak Memory Usage": 46272,
                              "Plans": [
                                {
                                  "Node Type": "Seq Scan",
                                  "Parent Relationship": "Outer",
                                  "Parallel Aware": true,
                                  "Relation Name": "title",
                                  "Alias": "t",
                                  "Startup Cost": 0.0,
                                  "Total Cost": 43898.92,
                                  "Plan Rows": 240785,
                                  "Plan Width": 4,
                                  "Actual Startup Time": 0.044,
                                  "Actual Total Time": 92.347,
                                  "Actual Rows": 161865,
                                  "Actual Loops": 6,
                                  "Filter": "(production_year < 1999)",
                                  "Rows Removed by Filter": 259521
                                }
                              ]
                            }
                          ]
                        }
                      ]
                    }
                  ]
                }
              ]
            }
          ]
        }
      ]
    },
    "Planning Time": 1.353,
    "Triggers": [],
    "Execution Time": 1390.693
  }
]