[
  {
    "Plan": {
      "Node Type": "Aggregate",
      "Strategy": "Plain",
      "Partial Mode": "Finalize",
      "Parallel Aware": false,
      "Startup Cost": 89261.93,
      "Total Cost": 89261.94,
      "Plan Rows": 1,
      "Plan Width": 8,
      "Actual Startup Time": 222.683,
      "Actual Total Time": 247.042,
      "Actual Rows": 1,
      "Actual Loops": 1,
      "Plans": [
        {
          "Node Type": "Gather",
          "Parent Relationship": "Outer",
          "Parallel Aware": false,
          "Startup Cost": 89261.51,
          "Total Cost": 89261.92,
          "Plan Rows": 4,
          "Plan Width": 8,
          "Actual Startup Time": 221.799,
          "Actual Total Time": 247.033,
          "Actual Rows": 5,
          "Actual Loops": 1,
          "Workers Planned": 4,
          "Workers Launched": 4,
          "Single Copy": false,
          "Plans": [
            {
              "Node Type": "Aggregate",
              "Strategy": "Plain",
              "Partial Mode": "Partial",
              "Parent Relationship": "Outer",
              "Parallel Aware": false,
              "Startup Cost": 88261.51,
              "Total Cost": 88261.52,
              "Plan Rows": 1,
              "Plan Width": 8,
              "Actual Startup Time": 211.351,
              "Actual Total Time": 211.355,
              "Actual Rows": 1,
              "Actual Loops": 5,
              "Plans": [
                {
                  "Node Type": "Nested Loop",
                  "Parent Relationship": "Outer",
                  "Parallel Aware": false,
                  "Join Type": "Inner",
                  "Startup Cost": 24576.58,
                  "Total Cost": 88255.44,
                  "Plan Rows": 2426,
                  "Plan Width": 0,
                  "Actual Startup Time": 67.021,
                  "Actual Total Time": 211.181,
                  "Actual Rows": 1241,
                  "Actual Loops": 5,
                  "Inner Unique": false,
                  "Plans": [
                    {
                      "Node Type": "Hash Join",
                      "Parent Relationship": "Outer",
                      "Parallel Aware": true,
                      "Join Type": "Inner",
                      "Startup Cost": 24576.15,
                      "Total Cost": 69442.34,
                      "Plan Rows": 7704,
                      "Plan Width": 8,
                      "Actual Startup Time": 66.928,
                      "Actual Total Time": 159.048,
                      "Actual Rows": 1478,
                      "Actual Loops": 5,
                      "Inner Unique": false,
                      "Hash Cond": "(t.id = mc.movie_id)",
                      "Plans": [
                        {
                          "Node Type": "Seq Scan",
                          "Parent Relationship": "Outer",
                          "Parallel Aware": true,
                          "Relation Name": "title",
                          "Alias": "t",
                          "Startup Cost": 0.0,
                          "Total Cost": 43898.92,
                          "Plan Rows": 188484,
                          "Plan Width": 4,
                          "Actual Startup Time": 0.013,
                          "Actual Total Time": 70.84,
                          "Actual Rows": 150735,
                          "Actual Loops": 5,
                          "Filter": "(kind_id < 3)",
                          "Rows Removed by Filter": 354927
                        },
                        {
                          "Node Type": "Hash",
                          "Parent Relationship": "Inner",
                          "Parallel Aware": true,
                          "Startup Cost": 24159.47,
                          "Total Cost": 24159.47,
                          "Plan Rows": 33334,
                          "Plan Width": 4,
                          "Actual Startup Time": 65.361,
                          "Actual Total Time": 65.363,
                          "Actual Rows": 8403,
                          "Actual Loops": 5,
                          "Hash Buckets": 131072,
                          "Original Hash Buckets": 131072,
                          "Hash Batches": 1,
                          "Original Hash Batches": 1,
                          "Peak Memory Usage": 2752,
                          "Plans": [
                            {
                              "Node Type": "Bitmap Heap Scan",
                              "Parent Relationship": "Outer",
                              "Parallel Aware": true,
                              "Relation Name": "movie_companies",
                              "Alias": "mc",
                              "Startup Cost": 4384.69,
                              "Total Cost": 24159.47,
                              "Plan Rows": 33334,
                              "Plan Width": 4,
                              "Actual Startup Time": 52.824,
                              "Actual Total Time": 62.409,
                              "Actual Rows": 8403,
                              "Actual Loops": 5,
                              "Recheck Cond": "(company_id < 67)",
                              "Rows Removed by Index Recheck": 0,
                              "Filter": "(company_type_id = 2)",
                              "Rows Removed by Filter": 32255,
                              "Exact Heap Blocks": 8903,
                              "Lossy Heap Blocks": 0,
                              "Plans": [
                                {
                                  "Node Type": "Bitmap Index Scan",
                                  "Parent Relationship": "Outer",
                                  "Parallel Aware": false,
                                  "Index Name": "company_id_movie_companies",
                                  "Startup Cost": 0.0,
                                  "Total Cost": 4358.85,
                                  "Plan Rows": 203523,
                                  "Plan Width": 0,
                                  "Actual Startup Time": 23.049,
                                  "Actual Total Time": 23.049,
                                  "Actual Rows": 203291,
                                  "Actual Loops": 1,
                                  "Index Cond": "(company_id < 67)"
                                }
                              ]
                            }
                          ]
                        }
                      ]
                    },
                    {
                      "Node Type": "Index Scan",
                      "Parent Relationship": "Inner",
                      "Parallel Aware": false,
                      "Scan Direction": "Forward",
                      "Index Name": "movie_id_movie_info",
                      "Relation Name": "movie_info",
                      "Alias": "mi",
                      "Startup Cost": 0.43,
                      "Total Cost": 2.42,
                      "Plan Rows": 2,
                      "Plan Width": 4,
                      "Actual Startup Time": 0.017,
                      "Actual Total Time": 0.035,
                      "Actual Rows": 1,
                      "Actual Loops": 7392,
                      "Index Cond": "(movie_id = t.id)",
                      "Rows Removed by Index Recheck": 0,
                      "Filter": "(info_type_id < 2)",
                      "Rows Removed by Filter": 15
                    }
                  ]
                }
              ]
            }
          ]
        }
      ]
    },
    "Planning Time": 1.588,
    "Triggers": [],
    "Execution Time": 247.16
  }
]