[
  {
    "Plan": {
      "Node Type": "Aggregate",
      "Strategy": "Plain",
      "Partial Mode": "Finalize",
      "Parallel Aware": false,
      "Startup Cost": 46787.58,
      "Total Cost": 46787.59,
      "Plan Rows": 1,
      "Plan Width": 8,
      "Actual Startup Time": 183.695,
      "Actual Total Time": 193.196,
      "Actual Rows": 1,
      "Actual Loops": 1,
      "Plans": [
        {
          "Node Type": "Gather",
          "Parent Relationship": "Outer",
          "Parallel Aware": false,
          "Startup Cost": 46787.26,
          "Total Cost": 46787.57,
          "Plan Rows": 3,
          "Plan Width": 8,
          "Actual Startup Time": 183.611,
          "Actual Total Time": 193.187,
          "Actual Rows": 4,
          "Actual Loops": 1,
          "Workers Planned": 3,
          "Workers Launched": 3,
          "Single Copy": false,
          "Plans": [
            {
              "Node Type": "Aggregate",
              "Strategy": "Plain",
              "Partial Mode": "Partial",
              "Parent Relationship": "Outer",
              "Parallel Aware": false,
              "Startup Cost": 45787.26,
              "Total Cost": 45787.27,
              "Plan Rows": 1,
              "Plan Width": 8,
              "Actual Startup Time": 176.25,
              "Actual Total Time": 176.251,
              "Actual Rows": 1,
              "Actual Loops": 4,
              "Plans": [
                {
                  "Node Type": "Seq Scan",
                  "Parent Relationship": "Outer",
                  "Parallel Aware": true,
                  "Relation Name": "movie_keyword",
                  "Alias": "mk",
                  "Startup Cost": 0.0,
                  "Total Cost": 42695.65,
                  "Plan Rows": 1236643,
                  "Plan Width": 0,
                  "Actual Startup Time": 0.051,
                  "Actual Total Time": 129.801,
                  "Actual Rows": 961903,
                  "Actual Loops": 4,
                  "Filter": "(keyword_id < 27710)",
                  "Rows Removed by Filter": 169080
                }
              ]
            }
          ]
        }
      ]
    },
    "Planning Time": 0.16,
    "Triggers": [],
    "Execution Time": 193.245
  }
]