[
  {
    "Plan": {
      "Node Type": "Aggregate",
      "Strategy": "Plain",
      "Partial Mode": "Finalize",
      "Parallel Aware": false,
      "Startup Cost": 98709.25,
      "Total Cost": 98709.26,
      "Plan Rows": 1,
      "Plan Width": 8,
      "Actual Startup Time": 562.286,
      "Actual Total Time": 580.774,
      "Actual Rows": 1,
      "Actual Loops": 1,
      "Plans": [
        {
          "Node Type": "Gather",
          "Parent Relationship": "Outer",
          "Parallel Aware": false,
          "Startup Cost": 98709.04,
          "Total Cost": 98709.25,
          "Plan Rows": 2,
          "Plan Width": 8,
          "Actual Startup Time": 559.099,
          "Actual Total Time": 580.763,
          "Actual Rows": 3,
          "Actual Loops": 1,
          "Workers Planned": 2,
          "Workers Launched": 2,
          "Single Copy": false,
          "Plans": [
            {
              "Node Type": "Aggregate",
              "Strategy": "Plain",
              "Partial Mode": "Partial",
              "Parent Relationship": "Outer",
              "Parallel Aware": false,
              "Startup Cost": 97709.04,
              "Total Cost": 97709.05,
              "Plan Rows": 1,
              "Plan Width": 8,
              "Actual Startup Time": 550.729,
              "Actual Total Time": 550.83,
              "Actual Rows": 1,
              "Actual Loops": 3,
              "Plans": [
                {
                  "Node Type": "Hash Join",
                  "Parent Relationship": "Outer",
                  "Parallel Aware": true,
                  "Join Type": "Inner",
                  "Startup Cost": 81416.1,
                  "Total Cost": 97483.3,
                  "Plan Rows": 90297,
                  "Plan Width": 0,
                  "Actual Startup Time": 439.869,
                  "Actual Total Time": 545.456,
                  "Actual Rows": 112895,
                  "Actual Loops": 3,
                  "Inner Unique": false,
                  "Hash Cond": "(mi_idx.movie_id = t.id)",
                  "Plans": [
                    {
                      "Node Type": "Seq Scan",
                      "Parent Relationship": "Outer",
                      "Parallel Aware": true,
                      "Relation Name": "movie_info_idx",
                      "Alias": "mi_idx",
                      "Startup Cost": 0.0,
                      "Total Cost": 13685.15,
                      "Plan Rows": 575015,
                      "Plan Width": 4,
                      "Actual Startup Time": 0.034,
                      "Actual Total Time": 39.563,
                      "Actual Rows": 460012,
                      "Actual Loops": 3
                    },
                    {
                      "Node Type": "Hash",
                      "Parent Relationship": "Inner",
                      "Parallel Aware": true,
                      "Startup Cost": 80175.39,
                      "Total Cost": 80175.39,
                      "Plan Rows": 99257,
                      "Plan Width": 8,
                      "Actual Startup Time": 435.3,
                      "Actual Total Time": 435.399,
                      "Actual Rows": 81793,
                      "Actual Loops": 3,
                      "Hash Buckets": 524288,
                      "Original Hash Buckets": 524288,
                      "Hash Batches": 1,
                      "Original Hash Batches": 1,
                      "Peak Memory Usage": 13760,
                      "Plans": [
                        {
                          "Node Type": "Hash Join",
                          "Parent Relationship": "Outer",
                          "Parallel Aware": true,
                          "Join Type": "Inner",
                          "Startup Cost": 33374.56,
                          "Total Cost": 80175.39,
                          "Plan Rows": 99257,
                          "Plan Width": 8,
                          "Actual Startup Time": 137.433,
                          "Actual Total Time": 406.189,
                          "Actual Rows": 81793,
                          "Actual Loops": 3,
                          "Inner Unique": false,
                          "Hash Cond": "(t.id = mc.movie_id)",
                          "Plans": [
                            {
                              "Node Type": "Seq Scan",
                              "Parent Relationship": "Outer",
                              "Parallel Aware": true,
                              "Relation Name": "title",
                              "Alias": "t",
                              "Startup Cost": 0.0,
                              "Total Cost": 43898.92,
                              "Plan Rows": 516346,
                              "Plan Width": 4,
                              "Actual Startup Time": 0.02,
                              "Actual Total Time": 131.303,
                              "Actual Rows": 688184,
                              "Actual Loops": 3,
                              "Filter": "(production_year < 2011)",
                              "Rows Removed by Filter": 154587
                            },
                            {
                              "Node Type": "Hash",
                              "Parent Relationship": "Inner",
                              "Parallel Aware": true,
                              "Startup Cost": 31414.82,
                              "Total Cost": 31414.82,
                              "Plan Rows": 156779,
                              "Plan Width": 4,
                              "Actual Startup Time": 135.009,
                              "Actual Total Time": 135.01,
                              "Actual Rows": 94111,
                              "Actual Loops": 3,
                              "Hash Buckets": 524288,
                              "Original Hash Buckets": 524288,
                              "Hash Batches": 1,
                              "Original Hash Batches": 1,
                              "Peak Memory Usage": 15200,
                              "Plans": [
                                {
                                  "Node Type": "Seq Scan",
                                  "Parent Relationship": "Outer",
                                  "Parallel Aware": true,
                                  "Relation Name": "movie_companies",
                                  "Alias": "mc",
                                  "Startup Cost": 0.0,
                                  "Total Cost": 31414.82,
                                  "Plan Rows": 156779,
                                  "Plan Width": 4,
                                  "Actual Startup Time": 58.377,
                                  "Actual Total Time": 102.642,
                                  "Actual Rows": 94111,
                                  "Actual Loops": 3,
                                  "Filter": "((company_id < 3851) AND (company_type_id > 1))",
                                  "Rows Removed by Filter": 775599
                                }
                              ]
                            }
                          ]
                        }
                      ]
                    }
                  ]
                }
              ]
            }
          ]
        }
      ]
    },
    "Planning Time": 1.373,
    "Triggers": [],
    "Execution Time": 580.858
  }
]