[
    {
        "Bao": {
            "Bao prediction": "NaN",
            "Bao recommended hint": "(no hint)"
        }
    },
    {
        "Plan": {
            "Node Type": "Aggregate",
            "Strategy": "Plain",
            "Partial Mode": "Finalize",
            "Parallel Aware": false,
            "Startup Cost": 56811.2,
            "Total Cost": 56811.21,
            "Plan Rows": 1,
            "Plan Width": 8,
            "Actual Startup Time": 80.639,
            "Actual Total Time": 91.74,
            "Actual Rows": 1,
            "Actual Loops": 1,
            "Output": [
                "count(*)"
            ],
            "Plans": [
                {
                    "Node Type": "Gather",
                    "Parent Relationship": "Outer",
                    "Parallel Aware": false,
                    "Startup Cost": 56810.89,
                    "Total Cost": 56811.2,
                    "Plan Rows": 3,
                    "Plan Width": 8,
                    "Actual Startup Time": 80.411,
                    "Actual Total Time": 91.731,
                    "Actual Rows": 4,
                    "Actual Loops": 1,
                    "Output": [
                        "(PARTIAL count(*))"
                    ],
                    "Workers Planned": 3,
                    "Workers Launched": 3,
                    "Single Copy": false,
                    "Plans": [
                        {
                            "Node Type": "Aggregate",
                            "Strategy": "Plain",
                            "Partial Mode": "Partial",
                            "Parent Relationship": "Outer",
                            "Parallel Aware": false,
                            "Startup Cost": 55810.89,
                            "Total Cost": 55810.9,
                            "Plan Rows": 1,
                            "Plan Width": 8,
                            "Actual Startup Time": 70.224,
                            "Actual Total Time": 70.226,
                            "Actual Rows": 1,
                            "Actual Loops": 4,
                            "Output": [
                                "PARTIAL count(*)"
                            ],
                            "Workers": [
                                {
                                    "Worker Number": 0,
                                    "Actual Startup Time": 66.598,
                                    "Actual Total Time": 66.6,
                                    "Actual Rows": 1,
                                    "Actual Loops": 1
                                },
                                {
                                    "Worker Number": 1,
                                    "Actual Startup Time": 67.196,
                                    "Actual Total Time": 67.198,
                                    "Actual Rows": 1,
                                    "Actual Loops": 1
                                },
                                {
                                    "Worker Number": 2,
                                    "Actual Startup Time": 67.218,
                                    "Actual Total Time": 67.219,
                                    "Actual Rows": 1,
                                    "Actual Loops": 1
                                }
                            ],
                            "Plans": [
                                {
                                    "Node Type": "Nested Loop",
                                    "Parent Relationship": "Outer",
                                    "Parallel Aware": false,
                                    "Join Type": "Inner",
                                    "Startup Cost": 360.18,
                                    "Total Cost": 55808.41,
                                    "Plan Rows": 990,
                                    "Plan Width": 0,
                                    "Actual Startup Time": 36.729,
                                    "Actual Total Time": 70.216,
                                    "Actual Rows": 17,
                                    "Actual Loops": 4,
                                    "Inner Unique": false,
                                    "Workers": [
                                        {
                                            "Worker Number": 0,
                                            "Actual Startup Time": 66.593,
                                            "Actual Total Time": 66.595,
                                            "Actual Rows": 0,
                                            "Actual Loops": 1
                                        },
                                        {
                                            "Worker Number": 1,
                                            "Actual Startup Time": 67.191,
                                            "Actual Total Time": 67.192,
                                            "Actual Rows": 0,
                                            "Actual Loops": 1
                                        },
                                        {
                                            "Worker Number": 2,
                                            "Actual Startup Time": 3.651,
                                            "Actual Total Time": 67.207,
                                            "Actual Rows": 10,
                                            "Actual Loops": 1
                                        }
                                    ],
                                    "Plans": [
                                        {
                                            "Node Type": "Nested Loop",
                                            "Parent Relationship": "Outer",
                                            "Parallel Aware": false,
                                            "Join Type": "Inner",
                                            "Startup Cost": 359.75,
                                            "Total Cost": 55020.26,
                                            "Plan Rows": 959,
                                            "Plan Width": 8,
                                            "Actual Startup Time": 21.19,
                                            "Actual Total Time": 69.939,
                                            "Actual Rows": 7,
                                            "Actual Loops": 4,
                                            "Output": [
                                                "t.id",
                                                "mk.movie_id"
                                            ],
                                            "Inner Unique": true,
                                            "Workers": [
                                                {
                                                    "Worker Number": 0,
                                                    "Actual Startup Time": 4.715,
                                                    "Actual Total Time": 66.428,
                                                    "Actual Rows": 1,
                                                    "Actual Loops": 1
                                                },
                                                {
                                                    "Worker Number": 1,
                                                    "Actual Startup Time": 67.19,
                                                    "Actual Total Time": 67.191,
                                                    "Actual Rows": 0,
                                                    "Actual Loops": 1
                                                },
                                                {
                                                    "Worker Number": 2,
                                                    "Actual Startup Time": 3.414,
                                                    "Actual Total Time": 66.732,
                                                    "Actual Rows": 4,
                                                    "Actual Loops": 1
                                                }
                                            ],
                                            "Plans": [
                                                {
                                                    "Node Type": "Bitmap Heap Scan",
                                                    "Parent Relationship": "Outer",
                                                    "Parallel Aware": true,
                                                    "Relation Name": "movie_keyword",
                                                    "Schema": "public",
                                                    "Alias": "mk",
                                                    "Startup Cost": 359.32,
                                                    "Total Cost": 23658.61,
                                                    "Plan Rows": 5448,
                                                    "Plan Width": 4,
                                                    "Actual Startup Time": 2.465,
                                                    "Actual Total Time": 23.626,
                                                    "Actual Rows": 5130,
                                                    "Actual Loops": 4,
                                                    "Output": [
                                                        "mk.id",
                                                        "mk.movie_id",
                                                        "mk.keyword_id"
                                                    ],
                                                    "Recheck Cond": "(mk.keyword_id = 382)",
                                                    "Rows Removed by Index Recheck": 0,
                                                    "Exact Heap Blocks": 5566,
                                                    "Lossy Heap Blocks": 0,
                                                    "Workers": [
                                                        {
                                                            "Worker Number": 0,
                                                            "Actual Startup Time": 0.224,
                                                            "Actual Total Time": 21.225,
                                                            "Actual Rows": 3001,
                                                            "Actual Loops": 1
                                                        },
                                                        {
                                                            "Worker Number": 1,
                                                            "Actual Startup Time": 0.2,
                                                            "Actual Total Time": 21.069,
                                                            "Actual Rows": 3756,
                                                            "Actual Loops": 1
                                                        },
                                                        {
                                                            "Worker Number": 2,
                                                            "Actual Startup Time": 0.286,
                                                            "Actual Total Time": 21.287,
                                                            "Actual Rows": 3819,
                                                            "Actual Loops": 1
                                                        }
                                                    ],
                                                    "Plans": [
                                                        {
                                                            "Node Type": "Bitmap Index Scan",
                                                            "Parent Relationship": "Outer",
                                                            "Parallel Aware": false,
                                                            "Index Name": "keyword_id_movie_keyword",
                                                            "Startup Cost": 0.0,
                                                            "Total Cost": 355.1,
                                                            "Plan Rows": 16889,
                                                            "Plan Width": 0,
                                                            "Actual Startup Time": 5.514,
                                                            "Actual Total Time": 5.514,
                                                            "Actual Rows": 20522,
                                                            "Actual Loops": 1,
                                                            "Index Cond": "(mk.keyword_id = 382)"
                                                        }
                                                    ]
                                                },
                                                {
                                                    "Node Type": "Index Scan",
                                                    "Parent Relationship": "Inner",
                                                    "Parallel Aware": false,
                                                    "Scan Direction": "Forward",
                                                    "Index Name": "title_pkey",
                                                    "Relation Name": "title",
                                                    "Schema": "public",
                                                    "Alias": "t",
                                                    "Startup Cost": 0.43,
                                                    "Total Cost": 5.76,
                                                    "Plan Rows": 1,
                                                    "Plan Width": 4,
                                                    "Actual Startup Time": 0.009,
                                                    "Actual Total Time": 0.009,
                                                    "Actual Rows": 0,
                                                    "Actual Loops": 20522,
                                                    "Output": [
                                                        "t.id",
                                                        "t.title",
                                                        "t.imdb_index",
                                                        "t.kind_id",
                                                        "t.production_year",
                                                        "t.imdb_id",
                                                        "t.phonetic_code",
                                                        "t.episode_of_id",
                                                        "t.season_nr",
                                                        "t.episode_nr",
                                                        "t.series_years",
                                                        "t.md5sum"
                                                    ],
                                                    "Index Cond": "(t.id = mk.movie_id)",
                                                    "Rows Removed by Index Recheck": 0,
                                                    "Filter": "((t.production_year < 1992) AND (t.kind_id = 7))",
                                                    "Rows Removed by Filter": 1,
                                                    "Workers": [
                                                        {
                                                            "Worker Number": 0,
                                                            "Actual Startup Time": 0.014,
                                                            "Actual Total Time": 0.014,
                                                            "Actual Rows": 0,
                                                            "Actual Loops": 3001
                                                        },
                                                        {
                                                            "Worker Number": 1,
                                                            "Actual Startup Time": 0.012,
                                                            "Actual Total Time": 0.012,
                                                            "Actual Rows": 0,
                                                            "Actual Loops": 3756
                                                        },
                                                        {
                                                            "Worker Number": 2,
                                                            "Actual Startup Time": 0.011,
                                                            "Actual Total Time": 0.011,
                                                            "Actual Rows": 0,
                                                            "Actual Loops": 3819
                                                        }
                                                    ]
                                                }
                                            ]
                                        },
                                        {
                                            "Node Type": "Index Only Scan",
                                            "Parent Relationship": "Inner",
                                            "Parallel Aware": false,
                                            "Scan Direction": "Forward",
                                            "Index Name": "movie_id_movie_companies",
                                            "Relation Name": "movie_companies",
                                            "Schema": "public",
                                            "Alias": "mc",
                                            "Startup Cost": 0.43,
                                            "Total Cost": 0.77,
                                            "Plan Rows": 5,
                                            "Plan Width": 4,
                                            "Actual Startup Time": 0.033,
                                            "Actual Total Time": 0.037,
                                            "Actual Rows": 2,
                                            "Actual Loops": 29,
                                            "Output": [
                                                "mc.movie_id"
                                            ],
                                            "Index Cond": "(mc.movie_id = t.id)",
                                            "Rows Removed by Index Recheck": 0,
                                            "Heap Fetches": 69,
                                            "Workers": [
                                                {
                                                    "Worker Number": 0,
                                                    "Actual Startup Time": 0.161,
                                                    "Actual Total Time": 0.161,
                                                    "Actual Rows": 0,
                                                    "Actual Loops": 1
                                                },
                                                {
                                                    "Worker Number": 2,
                                                    "Actual Startup Time": 0.106,
                                                    "Actual Total Time": 0.116,
                                                    "Actual Rows": 2,
                                                    "Actual Loops": 4
                                                }
                                            ]
                                        }
                                    ]
                                }
                            ]
                        }
                    ]
                }
            ]
        },
        "Planning Time": 340.486,
        "Triggers": [],
        "Execution Time": 91.886
    }
]