{
  "Plan": {
    "Node Type": "Aggregate",
    "Strategy": "Plain",
    "Partial Mode": "Finalize",
    "Parallel Aware": false,
    "Startup Cost": 596782.61,
    "Total Cost": 596782.62,
    "Plan Rows": 1,
    "Plan Width": 8,
    "Actual Startup Time": 5408.675,
    "Actual Total Time": 5476.881,
    "Actual Rows": 1,
    "Actual Loops": 1,
    "Plans": [
      {
        "Node Type": "Gather",
        "Parent Relationship": "Outer",
        "Parallel Aware": false,
        "Startup Cost": 596782.5,
        "Total Cost": 596782.61,
        "Plan Rows": 1,
        "Plan Width": 8,
        "Actual Startup Time": 5406.844,
        "Actual Total Time": 5476.871,
        "Actual Rows": 2,
        "Actual Loops": 1,
        "Workers Planned": 1,
        "Workers Launched": 1,
        "Single Copy": false,
        "Plans": [
          {
            "Node Type": "Aggregate",
            "Strategy": "Plain",
            "Partial Mode": "Partial",
            "Parent Relationship": "Outer",
            "Parallel Aware": false,
            "Startup Cost": 595782.5,
            "Total Cost": 595782.51,
            "Plan Rows": 1,
            "Plan Width": 8,
            "Actual Startup Time": 5401.584,
            "Actual Total Time": 5401.588,
            "Actual Rows": 1,
            "Actual Loops": 2,
            "Plans": [
              {
                "Node Type": "Hash Join",
                "Parent Relationship": "Outer",
                "Parallel Aware": true,
                "Join Type": "Inner",
                "Startup Cost": 62378.76,
                "Total Cost": 584112.11,
                "Plan Rows": 4668157,
                "Plan Width": 0,
                "Actual Startup Time": 263.528,
                "Actual Total Time": 5201.195,
                "Actual Rows": 4768666,
                "Actual Loops": 2,
                "Inner Unique": true,
                "Hash Cond": "(ci.movie_id = t.id)",
                "Plans": [
                  {
                    "Node Type": "Seq Scan",
                    "Parent Relationship": "Outer",
                    "Parallel Aware": true,
                    "Relation Name": "cast_info",
                    "Alias": "ci",
                    "Startup Cost": 0.0,
                    "Total Cost": 465792.95,
                    "Plan Rows": 21310595,
                    "Plan Width": 4,
                    "Actual Startup Time": 0.015,
                    "Actual Total Time": 1392.311,
                    "Actual Rows": 18122172,
                    "Actual Loops": 2
                  },
                  {
                    "Node Type": "Hash",
                    "Parent Relationship": "Inner",
                    "Parallel Aware": true,
                    "Startup Cost": 58306.47,
                    "Total Cost": 58306.47,
                    "Plan Rows": 325783,
                    "Plan Width": 4,
                    "Actual Startup Time": 255.555,
                    "Actual Total Time": 255.556,
                    "Actual Rows": 301202,
                    "Actual Loops": 2,
                    "Hash Buckets": 1048576,
                    "Original Hash Buckets": 1048576,
                    "Hash Batches": 1,
                    "Original Hash Batches": 1,
                    "Peak Memory Usage": 31776,
                    "Plans": [
                      {
                        "Node Type": "Seq Scan",
                        "Parent Relationship": "Outer",
                        "Parallel Aware": true,
                        "Relation Name": "title",
                        "Alias": "t",
                        "Startup Cost": 0.0,
                        "Total Cost": 58306.47,
                        "Plan Rows": 325783,
                        "Plan Width": 4,
                        "Actual Startup Time": 0.029,
                        "Actual Total Time": 170.64,
                        "Actual Rows": 301202,
                        "Actual Loops": 2,
                        "Filter": "((production_year > 2006) AND (kind_id = 7))",
                        "Rows Removed by Filter": 962954
                      }
                    ]
                  }
                ]
              }
            ]
          }
        ]
      }
    ]
  },
  "Planning Time": 0.607,
  "Triggers": [],
  "Execution Time": 5476.944
}