[
  {
    "Plan": {
      "Node Type": "Aggregate",
      "Strategy": "Plain",
      "Partial Mode": "Finalize",
      "Parallel Aware": false,
      "Startup Cost": 88218.05,
      "Total Cost": 88218.06,
      "Plan Rows": 1,
      "Plan Width": 8,
      "Actual Startup Time": 504.621,
      "Actual Total Time": 525.834,
      "Actual Rows": 1,
      "Actual Loops": 1,
      "Plans": [
        {
          "Node Type": "Gather",
          "Parent Relationship": "Outer",
          "Parallel Aware": false,
          "Startup Cost": 88217.74,
          "Total Cost": 88218.05,
          "Plan Rows": 3,
          "Plan Width": 8,
          "Actual Startup Time": 490.479,
          "Actual Total Time": 525.824,
          "Actual Rows": 4,
          "Actual Loops": 1,
          "Workers Planned": 3,
          "Workers Launched": 3,
          "Single Copy": false,
          "Plans": [
            {
              "Node Type": "Aggregate",
              "Strategy": "Plain",
              "Partial Mode": "Partial",
              "Parent Relationship": "Outer",
              "Parallel Aware": false,
              "Startup Cost": 87217.74,
              "Total Cost": 87217.75,
              "Plan Rows": 1,
              "Plan Width": 8,
              "Actual Startup Time": 472.999,
              "Actual Total Time": 473.004,
              "Actual Rows": 1,
              "Actual Loops": 4,
              "Plans": [
                {
                  "Node Type": "Nested Loop",
                  "Parent Relationship": "Outer",
                  "Parallel Aware": false,
                  "Join Type": "Inner",
                  "Startup Cost": 52207.19,
                  "Total Cost": 87177.41,
                  "Plan Rows": 16129,
                  "Plan Width": 0,
                  "Actual Startup Time": 388.571,
                  "Actual Total Time": 471.183,
                  "Actual Rows": 33022,
                  "Actual Loops": 4,
                  "Inner Unique": false,
                  "Plans": [
                    {
                      "Node Type": "Hash Join",
                      "Parent Relationship": "Outer",
                      "Parallel Aware": true,
                      "Join Type": "Inner",
                      "Startup Cost": 52206.77,
                      "Total Cost": 71443.72,
                      "Plan Rows": 29551,
                      "Plan Width": 8,
                      "Actual Startup Time": 388.453,
                      "Actual Total Time": 410.265,
                      "Actual Rows": 22800,
                      "Actual Loops": 4,
                      "Inner Unique": true,
                      "Hash Cond": "(mc.movie_id = t.id)",
                      "Plans": [
                        {
                          "Node Type": "Bitmap Heap Scan",
                          "Parent Relationship": "Outer",
                          "Parallel Aware": true,
                          "Relation Name": "movie_companies",
                          "Alias": "mc",
                          "Startup Cost": 1986.38,
                          "Total Cost": 21145.77,
                          "Plan Rows": 29551,
                          "Plan Width": 4,
                          "Actual Startup Time": 4.758,
                          "Actual Total Time": 12.312,
                          "Actual Rows": 22800,
                          "Actual Loops": 4,
                          "Recheck Cond": "(company_id > 162927)",
                          "Rows Removed by Index Recheck": 0,
                          "Exact Heap Blocks": 892,
                          "Lossy Heap Blocks": 0,
                          "Plans": [
                            {
                              "Node Type": "Bitmap Index Scan",
                              "Parent Relationship": "Outer",
                              "Parallel Aware": false,
                              "Index Name": "company_id_movie_companies",
                              "Startup Cost": 0.0,
                              "Total Cost": 1963.48,
                              "Plan Rows": 91607,
                              "Plan Width": 0,
                              "Actual Startup Time": 4.323,
                              "Actual Total Time": 4.324,
                              "Actual Rows": 91202,
                              "Actual Loops": 1,
                              "Index Cond": "(company_id > 162927)"
                            }
                          ]
                        },
                        {
                          "Node Type": "Hash",
                          "Parent Relationship": "Inner",
                          "Parallel Aware": true,
                          "Startup Cost": 42319.06,
                          "Total Cost": 42319.06,
                          "Plan Rows": 632106,
                          "Plan Width": 4,
                          "Actual Startup Time": 372.229,
                          "Actual Total Time": 372.23,
                          "Actual Rows": 632078,
                          "Actual Loops": 4,
                          "Hash Buckets": 4194304,
                          "Original Hash Buckets": 4194304,
                          "Hash Batches": 1,
                          "Original Hash Batches": 1,
                          "Peak Memory Usage": 131744,
                          "Plans": [
                            {
                              "Node Type": "Seq Scan",
                              "Parent Relationship": "Outer",
                              "Parallel Aware": true,
                              "Relation Name": "title",
                              "Alias": "t",
                              "Startup Cost": 0.0,
                              "Total Cost": 42319.06,
                              "Plan Rows": 632106,
                              "Plan Width": 4,
                              "Actual Startup Time": 0.048,
                              "Actual Total Time": 106.833,
                              "Actual Rows": 632078,
                              "Actual Loops": 4
                            }
                          ]
                        }
                      ]
                    },
                    {
                      "Node Type": "Index Only Scan",
                      "Parent Relationship": "Inner",
                      "Parallel Aware": false,
                      "Scan Direction": "Forward",
                      "Index Name": "movie_id_movie_info_idx",
                      "Relation Name": "movie_info_idx",
                      "Alias": "mi_idx",
                      "Startup Cost": 0.43,
                      "Total Cost": 0.5,
                      "Plan Rows": 3,
                      "Plan Width": 4,
                      "Actual Startup Time": 0.002,
                      "Actual Total Time": 0.002,
                      "Actual Rows": 1,
                      "Actual Loops": 91202,
                      "Index Cond": "(movie_id = t.id)",
                      "Rows Removed by Index Recheck": 0,
                      "Heap Fetches": 132090
                    }
                  ]
                }
              ]
            }
          ]
        }
      ]
    },
    "Planning Time": 1.427,
    "Triggers": [],
    "Execution Time": 525.935
  }
]