[
  {
    "Plan": {
      "Node Type": "Aggregate",
      "Strategy": "Plain",
      "Partial Mode": "Finalize",
      "Parallel Aware": false,
      "Startup Cost": 46480.43,
      "Total Cost": 46480.44,
      "Plan Rows": 1,
      "Plan Width": 8,
      "Actual Startup Time": 76.97,
      "Actual Total Time": 88.565,
      "Actual Rows": 1,
      "Actual Loops": 1,
      "Plans": [
        {
          "Node Type": "Gather",
          "Parent Relationship": "Outer",
          "Parallel Aware": false,
          "Startup Cost": 46480.01,
          "Total Cost": 46480.42,
          "Plan Rows": 4,
          "Plan Width": 8,
          "Actual Startup Time": 76.838,
          "Actual Total Time": 88.557,
          "Actual Rows": 5,
          "Actual Loops": 1,
          "Workers Planned": 4,
          "Workers Launched": 4,
          "Single Copy": false,
          "Plans": [
            {
              "Node Type": "Aggregate",
              "Strategy": "Plain",
              "Partial Mode": "Partial",
              "Parent Relationship": "Outer",
              "Parallel Aware": false,
              "Startup Cost": 45480.01,
              "Total Cost": 45480.02,
              "Plan Rows": 1,
              "Plan Width": 8,
              "Actual Startup Time": 72.042,
              "Actual Total Time": 72.044,
              "Actual Rows": 1,
              "Actual Loops": 5,
              "Plans": [
                {
                  "Node Type": "Seq Scan",
                  "Parent Relationship": "Outer",
                  "Parallel Aware": true,
                  "Relation Name": "title",
                  "Alias": "t",
                  "Startup Cost": 0.0,
                  "Total Cost": 45479.59,
                  "Plan Rows": 170,
                  "Plan Width": 0,
                  "Actual Startup Time": 46.933,
                  "Actual Total Time": 71.972,
                  "Actual Rows": 583,
                  "Actual Loops": 5,
                  "Filter": "((kind_id < 2) AND (production_year = 1927))",
                  "Rows Removed by Filter": 505079
                }
              ]
            }
          ]
        }
      ]
    },
    "Planning Time": 0.081,
    "Triggers": [],
    "Execution Time": 88.602
  }
]