[
  {
    "Plan": {
      "Node Type": "Aggregate",
      "Strategy": "Plain",
      "Partial Mode": "Finalize",
      "Parallel Aware": false,
      "Startup Cost": 46706.38,
      "Total Cost": 46706.39,
      "Plan Rows": 1,
      "Plan Width": 8,
      "Actual Startup Time": 177.089,
      "Actual Total Time": 186.761,
      "Actual Rows": 1,
      "Actual Loops": 1,
      "Plans": [
        {
          "Node Type": "Gather",
          "Parent Relationship": "Outer",
          "Parallel Aware": false,
          "Startup Cost": 46706.06,
          "Total Cost": 46706.37,
          "Plan Rows": 3,
          "Plan Width": 8,
          "Actual Startup Time": 176.859,
          "Actual Total Time": 186.753,
          "Actual Rows": 4,
          "Actual Loops": 1,
          "Workers Planned": 3,
          "Workers Launched": 3,
          "Single Copy": false,
          "Plans": [
            {
              "Node Type": "Aggregate",
              "Strategy": "Plain",
              "Partial Mode": "Partial",
              "Parent Relationship": "Outer",
              "Parallel Aware": false,
              "Startup Cost": 45706.06,
              "Total Cost": 45706.07,
              "Plan Rows": 1,
              "Plan Width": 8,
              "Actual Startup Time": 168.496,
              "Actual Total Time": 168.498,
              "Actual Rows": 1,
              "Actual Loops": 4,
              "Plans": [
                {
                  "Node Type": "Seq Scan",
                  "Parent Relationship": "Outer",
                  "Parallel Aware": true,
                  "Relation Name": "movie_keyword",
                  "Alias": "mk",
                  "Startup Cost": 0.0,
                  "Total Cost": 42695.65,
                  "Plan Rows": 1204164,
                  "Plan Width": 0,
                  "Actual Startup Time": 0.127,
                  "Actual Total Time": 126.583,
                  "Actual Rows": 930139,
                  "Actual Loops": 4,
                  "Filter": "(keyword_id > 772)",
                  "Rows Removed by Filter": 200844
                }
              ]
            }
          ]
        }
      ]
    },
    "Planning Time": 0.2,
    "Triggers": [],
    "Execution Time": 186.812
  }
]