[
  {
    "Plan": {
      "Node Type": "Aggregate",
      "Strategy": "Plain",
      "Partial Mode": "Finalize",
      "Parallel Aware": false,
      "Startup Cost": 31531.21,
      "Total Cost": 31531.22,
      "Plan Rows": 1,
      "Plan Width": 8,
      "Actual Startup Time": 82.084,
      "Actual Total Time": 87.914,
      "Actual Rows": 1,
      "Actual Loops": 1,
      "Plans": [
        {
          "Node Type": "Gather",
          "Parent Relationship": "Outer",
          "Parallel Aware": false,
          "Startup Cost": 31530.89,
          "Total Cost": 31531.2,
          "Plan Rows": 3,
          "Plan Width": 8,
          "Actual Startup Time": 82.01,
          "Actual Total Time": 87.907,
          "Actual Rows": 4,
          "Actual Loops": 1,
          "Workers Planned": 3,
          "Workers Launched": 3,
          "Single Copy": false,
          "Plans": [
            {
              "Node Type": "Aggregate",
              "Strategy": "Plain",
              "Partial Mode": "Partial",
              "Parent Relationship": "Outer",
              "Parallel Aware": false,
              "Startup Cost": 30530.89,
              "Total Cost": 30530.9,
              "Plan Rows": 1,
              "Plan Width": 8,
              "Actual Startup Time": 79.368,
              "Actual Total Time": 79.369,
              "Actual Rows": 1,
              "Actual Loops": 4,
              "Plans": [
                {
                  "Node Type": "Seq Scan",
                  "Parent Relationship": "Outer",
                  "Parallel Aware": true,
                  "Relation Name": "movie_companies",
                  "Alias": "mc",
                  "Startup Cost": 0.0,
                  "Total Cost": 29310.68,
                  "Plan Rows": 488085,
                  "Plan Width": 0,
                  "Actual Startup Time": 0.019,
                  "Actual Total Time": 63.26,
                  "Actual Rows": 376356,
                  "Actual Loops": 4,
                  "Filter": "(company_id < 14056)",
                  "Rows Removed by Filter": 275926
                }
              ]
            }
          ]
        }
      ]
    },
    "Planning Time": 0.077,
    "Triggers": [],
    "Execution Time": 87.939
  }
]