{
  "Plan": {
    "Node Type": "Aggregate",
    "Strategy": "Plain",
    "Partial Mode": "Finalize",
    "Parallel Aware": false,
    "Startup Cost": 226432.34,
    "Total Cost": 226432.35,
    "Plan Rows": 1,
    "Plan Width": 8,
    "Actual Startup Time": 257.706,
    "Actual Total Time": 264.031,
    "Actual Rows": 1,
    "Actual Loops": 1,
    "Plans": [
      {
        "Node Type": "Gather",
        "Parent Relationship": "Outer",
        "Parallel Aware": false,
        "Startup Cost": 226432.23,
        "Total Cost": 226432.34,
        "Plan Rows": 1,
        "Plan Width": 8,
        "Actual Startup Time": 256.041,
        "Actual Total Time": 264.024,
        "Actual Rows": 2,
        "Actual Loops": 1,
        "Workers Planned": 1,
        "Workers Launched": 1,
        "Single Copy": false,
        "Plans": [
          {
            "Node Type": "Aggregate",
            "Strategy": "Plain",
            "Partial Mode": "Partial",
            "Parent Relationship": "Outer",
            "Parallel Aware": false,
            "Startup Cost": 225432.23,
            "Total Cost": 225432.24,
            "Plan Rows": 1,
            "Plan Width": 8,
            "Actual Startup Time": 250.271,
            "Actual Total Time": 250.275,
            "Actual Rows": 1,
            "Actual Loops": 2,
            "Plans": [
              {
                "Node Type": "Hash Join",
                "Parent Relationship": "Outer",
                "Parallel Aware": true,
                "Join Type": "Inner",
                "Startup Cost": 60324.59,
                "Total Cost": 225377.29,
                "Plan Rows": 21976,
                "Plan Width": 0,
                "Actual Startup Time": 216.229,
                "Actual Total Time": 247.912,
                "Actual Rows": 56512,
                "Actual Loops": 2,
                "Inner Unique": true,
                "Hash Cond": "(mi.movie_id = t.id)",
                "Plans": [
                  {
                    "Node Type": "Bitmap Heap Scan",
                    "Parent Relationship": "Outer",
                    "Parallel Aware": true,
                    "Relation Name": "movie_info",
                    "Alias": "mi",
                    "Startup Cost": 2584.16,
                    "Total Cost": 167416.95,
                    "Plan Rows": 83774,
                    "Plan Width": 4,
                    "Actual Startup Time": 8.872,
                    "Actual Total Time": 18.044,
                    "Actual Rows": 70032,
                    "Actual Loops": 2,
                    "Recheck Cond": "(info_type_id = 9)",
                    "Rows Removed by Index Recheck": 0,
                    "Exact Heap Blocks": 904,
                    "Lossy Heap Blocks": 0,
                    "Plans": [
                      {
                        "Node Type": "Bitmap Index Scan",
                        "Parent Relationship": "Outer",
                        "Parallel Aware": false,
                        "Index Name": "info_type_id_movie_info",
                        "Startup Cost": 0.0,
                        "Total Cost": 2548.55,
                        "Plan Rows": 142416,
                        "Plan Width": 0,
                        "Actual Startup Time": 8.617,
                        "Actual Total Time": 8.618,
                        "Actual Rows": 140065,
                        "Actual Loops": 1,
                        "Index Cond": "(info_type_id = 9)"
                      }
                    ]
                  },
                  {
                    "Node Type": "Hash",
                    "Parent Relationship": "Inner",
                    "Parallel Aware": true,
                    "Startup Cost": 52863.55,
                    "Total Cost": 52863.55,
                    "Plan Rows": 390151,
                    "Plan Width": 4,
                    "Actual Startup Time": 196.174,
                    "Actual Total Time": 196.175,
                    "Actual Rows": 331412,
                    "Actual Loops": 2,
                    "Hash Buckets": 1048576,
                    "Original Hash Buckets": 1048576,
                    "Hash Batches": 1,
                    "Original Hash Batches": 1,
                    "Peak Memory Usage": 34144,
                    "Plans": [
                      {
                        "Node Type": "Bitmap Heap Scan",
                        "Parent Relationship": "Outer",
                        "Parallel Aware": true,
                        "Relation Name": "title",
                        "Alias": "t",
                        "Startup Cost": 11988.66,
                        "Total Cost": 52863.55,
                        "Plan Rows": 390151,
                        "Plan Width": 4,
                        "Actual Startup Time": 30.35,
                        "Actual Total Time": 97.014,
                        "Actual Rows": 331412,
                        "Actual Loops": 2,
                        "Recheck Cond": "(kind_id < 2)",
                        "Rows Removed by Index Recheck": 0,
                        "Exact Heap Blocks": 7710,
                        "Lossy Heap Blocks": 0,
                        "Plans": [
                          {
                            "Node Type": "Bitmap Index Scan",
                            "Parent Relationship": "Outer",
                            "Parallel Aware": false,
                            "Index Name": "kind_id_title",
                            "Startup Cost": 0.0,
                            "Total Cost": 11822.85,
                            "Plan Rows": 663256,
                            "Plan Width": 0,
                            "Actual Startup Time": 28.408,
                            "Actual Total Time": 28.408,
                            "Actual Rows": 662825,
                            "Actual Loops": 1,
                            "Index Cond": "(kind_id < 2)"
                          }
                        ]
                      }
                    ]
                  }
                ]
              }
            ]
          }
        ]
      }
    ]
  },
  "Planning Time": 0.506,
  "Triggers": [],
  "Execution Time": 264.114
}