[
  {
    "Plan": {
      "Node Type": "Aggregate",
      "Strategy": "Plain",
      "Partial Mode": "Finalize",
      "Parallel Aware": false,
      "Startup Cost": 77234.3,
      "Total Cost": 77234.31,
      "Plan Rows": 1,
      "Plan Width": 8,
      "Actual Startup Time": 179.099,
      "Actual Total Time": 185.785,
      "Actual Rows": 1,
      "Actual Loops": 1,
      "Plans": [
        {
          "Node Type": "Gather",
          "Parent Relationship": "Outer",
          "Parallel Aware": false,
          "Startup Cost": 77233.98,
          "Total Cost": 77234.29,
          "Plan Rows": 3,
          "Plan Width": 8,
          "Actual Startup Time": 178.078,
          "Actual Total Time": 185.778,
          "Actual Rows": 4,
          "Actual Loops": 1,
          "Workers Planned": 3,
          "Workers Launched": 3,
          "Single Copy": false,
          "Plans": [
            {
              "Node Type": "Aggregate",
              "Strategy": "Plain",
              "Partial Mode": "Partial",
              "Parent Relationship": "Outer",
              "Parallel Aware": false,
              "Startup Cost": 76233.98,
              "Total Cost": 76233.99,
              "Plan Rows": 1,
              "Plan Width": 8,
              "Actual Startup Time": 174.745,
              "Actual Total Time": 174.748,
              "Actual Rows": 1,
              "Actual Loops": 4,
              "Plans": [
                {
                  "Node Type": "Hash Join",
                  "Parent Relationship": "Outer",
                  "Parallel Aware": true,
                  "Join Type": "Inner",
                  "Startup Cost": 44394.13,
                  "Total Cost": 76210.04,
                  "Plan Rows": 9575,
                  "Plan Width": 0,
                  "Actual Startup Time": 115.561,
                  "Actual Total Time": 174.17,
                  "Actual Rows": 11488,
                  "Actual Loops": 4,
                  "Inner Unique": true,
                  "Hash Cond": "(mc.movie_id = t.id)",
                  "Plans": [
                    {
                      "Node Type": "Seq Scan",
                      "Parent Relationship": "Outer",
                      "Parallel Aware": true,
                      "Relation Name": "movie_companies",
                      "Alias": "mc",
                      "Startup Cost": 0.0,
                      "Total Cost": 31414.82,
                      "Plan Rows": 152797,
                      "Plan Width": 4,
                      "Actual Startup Time": 25.882,
                      "Actual Total Time": 58.484,
                      "Actual Rows": 198269,
                      "Actual Loops": 4,
                      "Filter": "((company_id > 19356) AND (company_type_id > 1))",
                      "Rows Removed by Filter": 454013
                    },
                    {
                      "Node Type": "Hash",
                      "Parent Relationship": "Inner",
                      "Parallel Aware": true,
                      "Startup Cost": 43899.01,
                      "Total Cost": 43899.01,
                      "Plan Rows": 39610,
                      "Plan Width": 4,
                      "Actual Startup Time": 88.397,
                      "Actual Total Time": 88.398,
                      "Actual Rows": 40004,
                      "Actual Loops": 4,
                      "Hash Buckets": 262144,
                      "Original Hash Buckets": 262144,
                      "Hash Batches": 1,
                      "Original Hash Batches": 1,
                      "Peak Memory Usage": 8352,
                      "Plans": [
                        {
                          "Node Type": "Seq Scan",
                          "Parent Relationship": "Outer",
                          "Parallel Aware": true,
                          "Relation Name": "title",
                          "Alias": "t",
                          "Startup Cost": 0.0,
                          "Total Cost": 43899.01,
                          "Plan Rows": 39610,
                          "Plan Width": 4,
                          "Actual Startup Time": 0.019,
                          "Actual Total Time": 75.296,
                          "Actual Rows": 40004,
                          "Actual Loops": 4,
                          "Filter": "(production_year = 2011)",
                          "Rows Removed by Filter": 592074
                        }
                      ]
                    }
                  ]
                }
              ]
            }
          ]
        }
      ]
    },
    "Planning Time": 0.321,
    "Triggers": [],
    "Execution Time": 185.822
  }
]