[
  {
    "Plan": {
      "Node Type": "Aggregate",
      "Strategy": "Plain",
      "Partial Mode": "Finalize",
      "Parallel Aware": false,
      "Startup Cost": 295671.61,
      "Total Cost": 295671.62,
      "Plan Rows": 1,
      "Plan Width": 8,
      "Actual Startup Time": 972.698,
      "Actual Total Time": 1022.941,
      "Actual Rows": 1,
      "Actual Loops": 1,
      "Plans": [
        {
          "Node Type": "Gather",
          "Parent Relationship": "Outer",
          "Parallel Aware": false,
          "Startup Cost": 295671.09,
          "Total Cost": 295671.6,
          "Plan Rows": 5,
          "Plan Width": 8,
          "Actual Startup Time": 958.712,
          "Actual Total Time": 1022.929,
          "Actual Rows": 6,
          "Actual Loops": 1,
          "Workers Planned": 5,
          "Workers Launched": 5,
          "Single Copy": false,
          "Plans": [
            {
              "Node Type": "Aggregate",
              "Strategy": "Plain",
              "Partial Mode": "Partial",
              "Parent Relationship": "Outer",
              "Parallel Aware": false,
              "Startup Cost": 294671.09,
              "Total Cost": 294671.1,
              "Plan Rows": 1,
              "Plan Width": 8,
              "Actual Startup Time": 951.45,
              "Actual Total Time": 951.64,
              "Actual Rows": 1,
              "Actual Loops": 6,
              "Plans": [
                {
                  "Node Type": "Hash Join",
                  "Parent Relationship": "Outer",
                  "Parallel Aware": true,
                  "Join Type": "Inner",
                  "Startup Cost": 90438.23,
                  "Total Cost": 294232.04,
                  "Plan Rows": 175617,
                  "Plan Width": 0,
                  "Actual Startup Time": 393.135,
                  "Actual Total Time": 919.067,
                  "Actual Rows": 800722,
                  "Actual Loops": 6,
                  "Inner Unique": false,
                  "Hash Cond": "(mi.movie_id = t.id)",
                  "Plans": [
                    {
                      "Node Type": "Seq Scan",
                      "Parent Relationship": "Outer",
                      "Parallel Aware": true,
                      "Relation Name": "movie_info",
                      "Alias": "mi",
                      "Startup Cost": 0.0,
                      "Total Cost": 199108.24,
                      "Plan Rows": 1098417,
                      "Plan Width": 4,
                      "Actual Startup Time": 0.032,
                      "Actual Total Time": 351.118,
                      "Actual Rows": 901753,
                      "Actual Loops": 6,
                      "Filter": "(info_type_id < 6)",
                      "Rows Removed by Filter": 1570867
                    },
                    {
                      "Node Type": "Hash",
                      "Parent Relationship": "Inner",
                      "Parallel Aware": true,
                      "Startup Cost": 88808.19,
                      "Total Cost": 88808.19,
                      "Plan Rows": 130403,
                      "Plan Width": 8,
                      "Actual Startup Time": 390.312,
                      "Actual Total Time": 390.499,
                      "Actual Rows": 77431,
                      "Actual Loops": 6,
                      "Hash Buckets": 524288,
                      "Original Hash Buckets": 524288,
                      "Hash Batches": 1,
                      "Original Hash Batches": 1,
                      "Peak Memory Usage": 22336,
                      "Plans": [
                        {
                          "Node Type": "Hash Join",
                          "Parent Relationship": "Outer",
                          "Parallel Aware": true,
                          "Join Type": "Inner",
                          "Startup Cost": 61579.81,
                          "Total Cost": 88808.19,
                          "Plan Rows": 130403,
                          "Plan Width": 8,
                          "Actual Startup Time": 274.537,
                          "Actual Total Time": 361.685,
                          "Actual Rows": 77431,
                          "Actual Loops": 6,
                          "Inner Unique": true,
                          "Hash Cond": "(mk.movie_id = t.id)",
                          "Plans": [
                            {
                              "Node Type": "Bitmap Heap Scan",
                              "Parent Relationship": "Outer",
                              "Parallel Aware": true,
                              "Relation Name": "movie_keyword",
                              "Alias": "mk",
                              "Startup Cost": 12063.34,
                              "Total Cost": 38810.21,
                              "Plan Rows": 183430,
                              "Plan Width": 4,
                              "Actual Startup Time": 42.331,
                              "Actual Total Time": 93.06,
                              "Actual Rows": 94587,
                              "Actual Loops": 6,
                              "Recheck Cond": "(keyword_id > 32348)",
                              "Rows Removed by Index Recheck": 0,
                              "Exact Heap Blocks": 4675,
                              "Lossy Heap Blocks": 0,
                              "Plans": [
                                {
                                  "Node Type": "Bitmap Index Scan",
                                  "Parent Relationship": "Outer",
                                  "Parallel Aware": false,
                                  "Index Name": "keyword_id_movie_keyword",
                                  "Startup Cost": 0.0,
                                  "Total Cost": 11921.18,
                                  "Plan Rows": 568633,
                                  "Plan Width": 0,
                                  "Actual Startup Time": 38.851,
                                  "Actual Total Time": 38.851,
                                  "Actual Rows": 567521,
                                  "Actual Loops": 1,
                                  "Index Cond": "(keyword_id > 32348)"
                                }
                              ]
                            },
                            {
                              "Node Type": "Hash",
                              "Parent Relationship": "Inner",
                              "Parallel Aware": true,
                              "Startup Cost": 43899.32,
                              "Total Cost": 43899.32,
                              "Plan Rows": 449372,
                              "Plan Width": 4,
                              "Actual Startup Time": 228.705,
                              "Actual Total Time": 228.706,
                              "Actual Rows": 299026,
                              "Actual Loops": 6,
                              "Hash Buckets": 2097152,
                              "Original Hash Buckets": 2097152,
                              "Hash Batches": 1,
                              "Original Hash Batches": 1,
                              "Peak Memory Usage": 86656,
                              "Plans": [
                                {
                                  "Node Type": "Seq Scan",
                                  "Parent Relationship": "Outer",
                                  "Parallel Aware": true,
                                  "Relation Name": "title",
                                  "Alias": "t",
                                  "Startup Cost": 0.0,
                                  "Total Cost": 43899.32,
                                  "Plan Rows": 449372,
                                  "Plan Width": 4,
                                  "Actual Startup Time": 0.042,
                                  "Actual Total Time": 92.125,
                                  "Actual Rows": 299026,
                                  "Actual Loops": 6,
                                  "Filter": "(production_year < 2009)",
                                  "Rows Removed by Filter": 122360
                                }
                              ]
                            }
                          ]
                        }
                      ]
                    }
                  ]
                }
              ]
            }
          ]
        }
      ]
    },
    "Planning Time": 1.143,
    "Triggers": [],
    "Execution Time": 1023.041
  }
]