[
  {
    "Plan": {
      "Node Type": "Aggregate",
      "Strategy": "Plain",
      "Partial Mode": "Finalize",
      "Parallel Aware": false,
      "Startup Cost": 295672.62,
      "Total Cost": 295672.63,
      "Plan Rows": 1,
      "Plan Width": 8,
      "Actual Startup Time": 948.234,
      "Actual Total Time": 993.582,
      "Actual Rows": 1,
      "Actual Loops": 1,
      "Plans": [
        {
          "Node Type": "Gather",
          "Parent Relationship": "Outer",
          "Parallel Aware": false,
          "Startup Cost": 295672.1,
          "Total Cost": 295672.61,
          "Plan Rows": 5,
          "Plan Width": 8,
          "Actual Startup Time": 933.293,
          "Actual Total Time": 993.553,
          "Actual Rows": 6,
          "Actual Loops": 1,
          "Workers Planned": 5,
          "Workers Launched": 5,
          "Single Copy": false,
          "Plans": [
            {
              "Node Type": "Aggregate",
              "Strategy": "Plain",
              "Partial Mode": "Partial",
              "Parent Relationship": "Outer",
              "Parallel Aware": false,
              "Startup Cost": 294672.1,
              "Total Cost": 294672.11,
              "Plan Rows": 1,
              "Plan Width": 8,
              "Actual Startup Time": 922.419,
              "Actual Total Time": 922.635,
              "Actual Rows": 1,
              "Actual Loops": 6,
              "Plans": [
                {
                  "Node Type": "Hash Join",
                  "Parent Relationship": "Outer",
                  "Parallel Aware": true,
                  "Join Type": "Inner",
                  "Startup Cost": 90709.0,
                  "Total Cost": 294237.69,
                  "Plan Rows": 173766,
                  "Plan Width": 0,
                  "Actual Startup Time": 386.404,
                  "Actual Total Time": 889.01,
                  "Actual Rows": 800722,
                  "Actual Loops": 6,
                  "Inner Unique": false,
                  "Hash Cond": "(mi.movie_id = t.id)",
                  "Plans": [
                    {
                      "Node Type": "Seq Scan",
                      "Parent Relationship": "Outer",
                      "Parallel Aware": true,
                      "Relation Name": "movie_info",
                      "Alias": "mi",
                      "Startup Cost": 0.0,
                      "Total Cost": 198952.16,
                      "Plan Rows": 1070929,
                      "Plan Width": 4,
                      "Actual Startup Time": 0.035,
                      "Actual Total Time": 317.06,
                      "Actual Rows": 901753,
                      "Actual Loops": 6,
                      "Filter": "(info_type_id < 6)",
                      "Rows Removed by Filter": 1570867
                    },
                    {
                      "Node Type": "Hash",
                      "Parent Relationship": "Inner",
                      "Parallel Aware": true,
                      "Startup Cost": 89054.83,
                      "Total Cost": 89054.83,
                      "Plan Rows": 132334,
                      "Plan Width": 8,
                      "Actual Startup Time": 383.152,
                      "Actual Total Time": 383.366,
                      "Actual Rows": 77431,
                      "Actual Loops": 6,
                      "Hash Buckets": 524288,
                      "Original Hash Buckets": 524288,
                      "Hash Batches": 1,
                      "Original Hash Batches": 1,
                      "Peak Memory Usage": 22368,
                      "Plans": [
                        {
                          "Node Type": "Hash Join",
                          "Parent Relationship": "Outer",
                          "Parallel Aware": true,
                          "Join Type": "Inner",
                          "Startup Cost": 61777.05,
                          "Total Cost": 89054.83,
                          "Plan Rows": 132334,
                          "Plan Width": 8,
                          "Actual Startup Time": 271.141,
                          "Actual Total Time": 357.651,
                          "Actual Rows": 77431,
                          "Actual Loops": 6,
                          "Inner Unique": true,
                          "Hash Cond": "(mk.movie_id = t.id)",
                          "Plans": [
                            {
                              "Node Type": "Bitmap Heap Scan",
                              "Parent Relationship": "Outer",
                              "Parallel Aware": true,
                              "Relation Name": "movie_keyword",
                              "Alias": "mk",
                              "Startup Cost": 12277.81,
                              "Total Cost": 39065.51,
                              "Plan Rows": 186696,
                              "Plan Width": 4,
                              "Actual Startup Time": 40.208,
                              "Actual Total Time": 90.528,
                              "Actual Rows": 94587,
                              "Actual Loops": 6,
                              "Recheck Cond": "(keyword_id > 32348)",
                              "Rows Removed by Index Recheck": 0,
                              "Exact Heap Blocks": 3726,
                              "Lossy Heap Blocks": 0,
                              "Plans": [
                                {
                                  "Node Type": "Bitmap Index Scan",
                                  "Parent Relationship": "Outer",
                                  "Parallel Aware": false,
                                  "Index Name": "keyword_id_movie_keyword",
                                  "Startup Cost": 0.0,
                                  "Total Cost": 12133.12,
                                  "Plan Rows": 578758,
                                  "Plan Width": 0,
                                  "Actual Startup Time": 36.556,
                                  "Actual Total Time": 36.556,
                                  "Actual Rows": 567521,
                                  "Actual Loops": 1,
                                  "Index Cond": "(keyword_id > 32348)"
                                }
                              ]
                            },
                            {
                              "Node Type": "Hash",
                              "Parent Relationship": "Inner",
                              "Parallel Aware": true,
                              "Startup Cost": 43898.92,
                              "Total Cost": 43898.92,
                              "Plan Rows": 448026,
                              "Plan Width": 4,
                              "Actual Startup Time": 227.215,
                              "Actual Total Time": 227.215,
                              "Actual Rows": 299026,
                              "Actual Loops": 6,
                              "Hash Buckets": 2097152,
                              "Original Hash Buckets": 2097152,
                              "Hash Batches": 1,
                              "Original Hash Batches": 1,
                              "Peak Memory Usage": 86656,
                              "Plans": [
                                {
                                  "Node Type": "Seq Scan",
                                  "Parent Relationship": "Outer",
                                  "Parallel Aware": true,
                                  "Relation Name": "title",
                                  "Alias": "t",
                                  "Startup Cost": 0.0,
                                  "Total Cost": 43898.92,
                                  "Plan Rows": 448026,
                                  "Plan Width": 4,
                                  "Actual Startup Time": 0.055,
                                  "Actual Total Time": 89.435,
                                  "Actual Rows": 299026,
                                  "Actual Loops": 6,
                                  "Filter": "(production_year < 2009)",
                                  "Rows Removed by Filter": 122360
                                }
                              ]
                            }
                          ]
                        }
                      ]
                    }
                  ]
                }
              ]
            }
          ]
        }
      ]
    },
    "Planning Time": 1.377,
    "Triggers": [],
    "Execution Time": 993.71
  }
]