[
  {
    "Plan": {
      "Node Type": "Aggregate",
      "Strategy": "Plain",
      "Partial Mode": "Finalize",
      "Parallel Aware": false,
      "Startup Cost": 376232.11,
      "Total Cost": 376232.12,
      "Plan Rows": 1,
      "Plan Width": 8,
      "Actual Startup Time": 1031.978,
      "Actual Total Time": 1055.822,
      "Actual Rows": 1,
      "Actual Loops": 1,
      "Plans": [
        {
          "Node Type": "Gather",
          "Parent Relationship": "Outer",
          "Parallel Aware": false,
          "Startup Cost": 376231.79,
          "Total Cost": 376232.1,
          "Plan Rows": 3,
          "Plan Width": 8,
          "Actual Startup Time": 1018.934,
          "Actual Total Time": 1055.812,
          "Actual Rows": 4,
          "Actual Loops": 1,
          "Workers Planned": 3,
          "Workers Launched": 3,
          "Single Copy": false,
          "Plans": [
            {
              "Node Type": "Aggregate",
              "Strategy": "Plain",
              "Partial Mode": "Partial",
              "Parent Relationship": "Outer",
              "Parallel Aware": false,
              "Startup Cost": 375231.79,
              "Total Cost": 375231.8,
              "Plan Rows": 1,
              "Plan Width": 8,
              "Actual Startup Time": 1005.977,
              "Actual Total Time": 1006.089,
              "Actual Rows": 1,
              "Actual Loops": 4,
              "Plans": [
                {
                  "Node Type": "Hash Join",
                  "Parent Relationship": "Outer",
                  "Parallel Aware": true,
                  "Join Type": "Inner",
                  "Startup Cost": 343333.32,
                  "Total Cost": 374611.34,
                  "Plan Rows": 248182,
                  "Plan Width": 0,
                  "Actual Startup Time": 805.196,
                  "Actual Total Time": 986.273,
                  "Actual Rows": 511339,
                  "Actual Loops": 4,
                  "Inner Unique": false,
                  "Hash Cond": "(mc.movie_id = t.id)",
                  "Plans": [
                    {
                      "Node Type": "Seq Scan",
                      "Parent Relationship": "Outer",
                      "Parallel Aware": true,
                      "Relation Name": "movie_companies",
                      "Alias": "mc",
                      "Startup Cost": 0.0,
                      "Total Cost": 29310.68,
                      "Plan Rows": 414318,
                      "Plan Width": 4,
                      "Actual Startup Time": 0.021,
                      "Actual Total Time": 62.574,
                      "Actual Rows": 318562,
                      "Actual Loops": 4,
                      "Filter": "(company_type_id = 1)",
                      "Rows Removed by Filter": 333721
                    },
                    {
                      "Node Type": "Hash",
                      "Parent Relationship": "Inner",
                      "Parallel Aware": true,
                      "Startup Cost": 340178.16,
                      "Total Cost": 340178.16,
                      "Plan Rows": 252413,
                      "Plan Width": 8,
                      "Actual Startup Time": 797.554,
                      "Actual Total Time": 797.664,
                      "Actual Rows": 391942,
                      "Actual Loops": 4,
                      "Hash Buckets": 2097152,
                      "Original Hash Buckets": 2097152,
                      "Hash Batches": 1,
                      "Original Hash Batches": 1,
                      "Peak Memory Usage": 77792,
                      "Plans": [
                        {
                          "Node Type": "Hash Join",
                          "Parent Relationship": "Outer",
                          "Parallel Aware": true,
                          "Join Type": "Inner",
                          "Startup Cost": 83673.41,
                          "Total Cost": 340178.16,
                          "Plan Rows": 252413,
                          "Plan Width": 8,
                          "Actual Startup Time": 393.289,
                          "Actual Total Time": 653.088,
                          "Actual Rows": 391942,
                          "Actual Loops": 4,
                          "Inner Unique": true,
                          "Hash Cond": "(ci.movie_id = t.id)",
                          "Plans": [
                            {
                              "Node Type": "Bitmap Heap Scan",
                              "Parent Relationship": "Outer",
                              "Parallel Aware": true,
                              "Relation Name": "cast_info",
                              "Alias": "ci",
                              "Startup Cost": 33453.77,
                              "Total Cost": 289295.93,
                              "Plan Rows": 252413,
                              "Plan Width": 4,
                              "Actual Startup Time": 58.6,
                              "Actual Total Time": 112.18,
                              "Actual Rows": 391942,
                              "Actual Loops": 4,
                              "Recheck Cond": "(person_id < 156221)",
                              "Rows Removed by Index Recheck": 0,
                              "Exact Heap Blocks": 4480,
                              "Lossy Heap Blocks": 0,
                              "Plans": [
                                {
                                  "Node Type": "Bitmap Index Scan",
                                  "Parent Relationship": "Outer",
                                  "Parallel Aware": false,
                                  "Index Name": "person_id_cast_info",
                                  "Startup Cost": 0.0,
                                  "Total Cost": 33075.15,
                                  "Plan Rows": 1514478,
                                  "Plan Width": 0,
                                  "Actual Startup Time": 56.001,
                                  "Actual Total Time": 56.002,
                                  "Actual Rows": 1567770,
                                  "Actual Loops": 1,
                                  "Index Cond": "(person_id < 156221)"
                                }
                              ]
                            },
                            {
                              "Node Type": "Hash",
                              "Parent Relationship": "Inner",
                              "Parallel Aware": true,
                              "Startup Cost": 42318.73,
                              "Total Cost": 42318.73,
                              "Plan Rows": 632073,
                              "Plan Width": 4,
                              "Actual Startup Time": 327.929,
                              "Actual Total Time": 327.93,
                              "Actual Rows": 632078,
                              "Actual Loops": 4,
                              "Hash Buckets": 4194304,
                              "Original Hash Buckets": 4194304,
                              "Hash Batches": 1,
                              "Original Hash Batches": 1,
                              "Peak Memory Usage": 131712,
                              "Plans": [
                                {
                                  "Node Type": "Seq Scan",
                                  "Parent Relationship": "Outer",
                                  "Parallel Aware": true,
                                  "Relation Name": "title",
                                  "Alias": "t",
                                  "Startup Cost": 0.0,
                                  "Total Cost": 42318.73,
                                  "Plan Rows": 632073,
                                  "Plan Width": 4,
                                  "Actual Startup Time": 0.038,
                                  "Actual Total Time": 93.573,
                                  "Actual Rows": 632078,
                                  "Actual Loops": 4
                                }
                              ]
                            }
                          ]
                        }
                      ]
                    }
                  ]
                }
              ]
            }
          ]
        }
      ]
    },
    "Planning Time": 1.368,
    "Triggers": [],
    "Execution Time": 1055.926
  }
]