[
  {
    "Plan": {
      "Node Type": "Aggregate",
      "Strategy": "Plain",
      "Partial Mode": "Finalize",
      "Parallel Aware": false,
      "Startup Cost": 350326.71,
      "Total Cost": 350326.72,
      "Plan Rows": 1,
      "Plan Width": 8,
      "Actual Startup Time": 834.33,
      "Actual Total Time": 877.444,
      "Actual Rows": 1,
      "Actual Loops": 1,
      "Plans": [
        {
          "Node Type": "Gather",
          "Parent Relationship": "Outer",
          "Parallel Aware": false,
          "Startup Cost": 350326.09,
          "Total Cost": 350326.7,
          "Plan Rows": 6,
          "Plan Width": 8,
          "Actual Startup Time": 834.154,
          "Actual Total Time": 877.431,
          "Actual Rows": 7,
          "Actual Loops": 1,
          "Workers Planned": 6,
          "Workers Launched": 6,
          "Single Copy": false,
          "Plans": [
            {
              "Node Type": "Aggregate",
              "Strategy": "Plain",
              "Partial Mode": "Partial",
              "Parent Relationship": "Outer",
              "Parallel Aware": false,
              "Startup Cost": 349326.09,
              "Total Cost": 349326.1,
              "Plan Rows": 1,
              "Plan Width": 8,
              "Actual Startup Time": 826.288,
              "Actual Total Time": 826.289,
              "Actual Rows": 1,
              "Actual Loops": 7,
              "Plans": [
                {
                  "Node Type": "Seq Scan",
                  "Parent Relationship": "Outer",
                  "Parallel Aware": true,
                  "Relation Name": "cast_info",
                  "Alias": "ci",
                  "Startup Cost": 0.0,
                  "Total Cost": 343316.27,
                  "Plan Rows": 2403927,
                  "Plan Width": 0,
                  "Actual Startup Time": 372.375,
                  "Actual Total Time": 716.304,
                  "Actual Rows": 2152819,
                  "Actual Loops": 7,
                  "Filter": "((person_id > 361468) AND (role_id > 2))",
                  "Rows Removed by Filter": 3024944
                }
              ]
            }
          ]
        }
      ]
    },
    "Planning Time": 0.227,
    "Triggers": [],
    "Execution Time": 877.51
  }
]