[
    {
        "Bao": {
            "Bao prediction": "NaN",
            "Bao recommended hint": "(no hint)"
        }
    },
    {
        "Plan": {
            "Node Type": "Aggregate",
            "Strategy": "Plain",
            "Partial Mode": "Finalize",
            "Parallel Aware": false,
            "Startup Cost": 348280.58,
            "Total Cost": 348280.59,
            "Plan Rows": 1,
            "Plan Width": 8,
            "Actual Startup Time": 644.497,
            "Actual Total Time": 672.985,
            "Actual Rows": 1,
            "Actual Loops": 1,
            "Output": [
                "count(*)"
            ],
            "Plans": [
                {
                    "Node Type": "Gather",
                    "Parent Relationship": "Outer",
                    "Parallel Aware": false,
                    "Startup Cost": 348279.96,
                    "Total Cost": 348280.57,
                    "Plan Rows": 6,
                    "Plan Width": 8,
                    "Actual Startup Time": 644.392,
                    "Actual Total Time": 672.975,
                    "Actual Rows": 7,
                    "Actual Loops": 1,
                    "Output": [
                        "(PARTIAL count(*))"
                    ],
                    "Workers Planned": 6,
                    "Workers Launched": 6,
                    "Single Copy": false,
                    "Plans": [
                        {
                            "Node Type": "Aggregate",
                            "Strategy": "Plain",
                            "Partial Mode": "Partial",
                            "Parent Relationship": "Outer",
                            "Parallel Aware": false,
                            "Startup Cost": 347279.96,
                            "Total Cost": 347279.97,
                            "Plan Rows": 1,
                            "Plan Width": 8,
                            "Actual Startup Time": 634.607,
                            "Actual Total Time": 634.608,
                            "Actual Rows": 1,
                            "Actual Loops": 7,
                            "Output": [
                                "PARTIAL count(*)"
                            ],
                            "Workers": [
                                {
                                    "Worker Number": 0,
                                    "Actual Startup Time": 632.477,
                                    "Actual Total Time": 632.479,
                                    "Actual Rows": 1,
                                    "Actual Loops": 1
                                },
                                {
                                    "Worker Number": 1,
                                    "Actual Startup Time": 632.586,
                                    "Actual Total Time": 632.588,
                                    "Actual Rows": 1,
                                    "Actual Loops": 1
                                },
                                {
                                    "Worker Number": 2,
                                    "Actual Startup Time": 633.17,
                                    "Actual Total Time": 633.171,
                                    "Actual Rows": 1,
                                    "Actual Loops": 1
                                },
                                {
                                    "Worker Number": 3,
                                    "Actual Startup Time": 633.24,
                                    "Actual Total Time": 633.242,
                                    "Actual Rows": 1,
                                    "Actual Loops": 1
                                },
                                {
                                    "Worker Number": 4,
                                    "Actual Startup Time": 633.421,
                                    "Actual Total Time": 633.422,
                                    "Actual Rows": 1,
                                    "Actual Loops": 1
                                },
                                {
                                    "Worker Number": 5,
                                    "Actual Startup Time": 633.414,
                                    "Actual Total Time": 633.416,
                                    "Actual Rows": 1,
                                    "Actual Loops": 1
                                }
                            ],
                            "Plans": [
                                {
                                    "Node Type": "Seq Scan",
                                    "Parent Relationship": "Outer",
                                    "Parallel Aware": true,
                                    "Relation Name": "cast_info",
                                    "Schema": "public",
                                    "Alias": "ci",
                                    "Startup Cost": 0.0,
                                    "Total Cost": 343318.94,
                                    "Plan Rows": 1584406,
                                    "Plan Width": 0,
                                    "Actual Startup Time": 223.268,
                                    "Actual Total Time": 605.563,
                                    "Actual Rows": 583213,
                                    "Actual Loops": 7,
                                    "Output": [
                                        "id",
                                        "person_id",
                                        "movie_id",
                                        "person_role_id",
                                        "note",
                                        "nr_order",
                                        "role_id"
                                    ],
                                    "Filter": "((ci.person_id < 1443722) AND (ci.role_id > 1))",
                                    "Rows Removed by Filter": 4594550,
                                    "Workers": [
                                        {
                                            "Worker Number": 0,
                                            "Actual Startup Time": 220.864,
                                            "Actual Total Time": 603.151,
                                            "Actual Rows": 427069,
                                            "Actual Loops": 1
                                        },
                                        {
                                            "Worker Number": 1,
                                            "Actual Startup Time": 228.332,
                                            "Actual Total Time": 604.005,
                                            "Actual Rows": 416740,
                                            "Actual Loops": 1
                                        },
                                        {
                                            "Worker Number": 2,
                                            "Actual Startup Time": 220.902,
                                            "Actual Total Time": 605.508,
                                            "Actual Rows": 659299,
                                            "Actual Loops": 1
                                        },
                                        {
                                            "Worker Number": 3,
                                            "Actual Startup Time": 220.043,
                                            "Actual Total Time": 604.483,
                                            "Actual Rows": 419772,
                                            "Actual Loops": 1
                                        },
                                        {
                                            "Worker Number": 4,
                                            "Actual Startup Time": 220.514,
                                            "Actual Total Time": 606.062,
                                            "Actual Rows": 652979,
                                            "Actual Loops": 1
                                        },
                                        {
                                            "Worker Number": 5,
                                            "Actual Startup Time": 221.299,
                                            "Actual Total Time": 605.724,
                                            "Actual Rows": 659757,
                                            "Actual Loops": 1
                                        }
                                    ]
                                }
                            ]
                        }
                    ]
                }
            ]
        },
        "Planning Time": 226.106,
        "Triggers": [],
        "Execution Time": 673.061
    }
]