{
    "Plan": {
        "Node Type": "Aggregate",
        "Strategy": "Plain",
        "Partial Mode": "Finalize",
        "Parallel Aware": false,
        "Startup Cost": 435801.0,
        "Total Cost": 435801.01,
        "Plan Rows": 1,
        "Plan Width": 8,
        "Actual Startup Time": 1169.755,
        "Actual Total Time": 1211.139,
        "Actual Rows": 1,
        "Actual Loops": 1,
        "Output": [
            "count(*)"
        ],
        "Plans": [
            {
                "Node Type": "Gather",
                "Parent Relationship": "Outer",
                "Parallel Aware": false,
                "Startup Cost": 435800.38,
                "Total Cost": 435800.99,
                "Plan Rows": 6,
                "Plan Width": 8,
                "Actual Startup Time": 1154.291,
                "Actual Total Time": 1211.122,
                "Actual Rows": 7,
                "Actual Loops": 1,
                "Output": [
                    "(PARTIAL count(*))"
                ],
                "Workers Planned": 6,
                "Workers Launched": 6,
                "Single Copy": false,
                "Plans": [
                    {
                        "Node Type": "Aggregate",
                        "Strategy": "Plain",
                        "Partial Mode": "Partial",
                        "Parent Relationship": "Outer",
                        "Parallel Aware": false,
                        "Startup Cost": 434800.38,
                        "Total Cost": 434800.39,
                        "Plan Rows": 1,
                        "Plan Width": 8,
                        "Actual Startup Time": 1142.041,
                        "Actual Total Time": 1142.238,
                        "Actual Rows": 1,
                        "Actual Loops": 7,
                        "Output": [
                            "PARTIAL count(*)"
                        ],
                        "Workers": [
                            {
                                "Worker Number": 0,
                                "Actual Startup Time": 1139.245,
                                "Actual Total Time": 1139.258,
                                "Actual Rows": 1,
                                "Actual Loops": 1
                            },
                            {
                                "Worker Number": 1,
                                "Actual Startup Time": 1140.902,
                                "Actual Total Time": 1140.908,
                                "Actual Rows": 1,
                                "Actual Loops": 1
                            },
                            {
                                "Worker Number": 2,
                                "Actual Startup Time": 1140.292,
                                "Actual Total Time": 1140.298,
                                "Actual Rows": 1,
                                "Actual Loops": 1
                            },
                            {
                                "Worker Number": 3,
                                "Actual Startup Time": 1140.076,
                                "Actual Total Time": 1140.083,
                                "Actual Rows": 1,
                                "Actual Loops": 1
                            },
                            {
                                "Worker Number": 4,
                                "Actual Startup Time": 1140.231,
                                "Actual Total Time": 1140.236,
                                "Actual Rows": 1,
                                "Actual Loops": 1
                            },
                            {
                                "Worker Number": 5,
                                "Actual Startup Time": 1140.306,
                                "Actual Total Time": 1140.311,
                                "Actual Rows": 1,
                                "Actual Loops": 1
                            }
                        ],
                        "Plans": [
                            {
                                "Node Type": "Hash Join",
                                "Parent Relationship": "Outer",
                                "Parallel Aware": true,
                                "Join Type": "Inner",
                                "Startup Cost": 82272.44,
                                "Total Cost": 433440.46,
                                "Plan Rows": 543965,
                                "Plan Width": 0,
                                "Actual Startup Time": 309.384,
                                "Actual Total Time": 1120.391,
                                "Actual Rows": 421409,
                                "Actual Loops": 7,
                                "Inner Unique": false,
                                "Hash Cond": "(ci.movie_id = t.id)",
                                "Workers": [
                                    {
                                        "Worker Number": 0,
                                        "Actual Startup Time": 306.889,
                                        "Actual Total Time": 1117.837,
                                        "Actual Rows": 304184,
                                        "Actual Loops": 1
                                    },
                                    {
                                        "Worker Number": 1,
                                        "Actual Startup Time": 307.838,
                                        "Actual Total Time": 1117.677,
                                        "Actual Rows": 330111,
                                        "Actual Loops": 1
                                    },
                                    {
                                        "Worker Number": 2,
                                        "Actual Startup Time": 307.533,
                                        "Actual Total Time": 1121.077,
                                        "Actual Rows": 435810,
                                        "Actual Loops": 1
                                    },
                                    {
                                        "Worker Number": 3,
                                        "Actual Startup Time": 307.597,
                                        "Actual Total Time": 1118.636,
                                        "Actual Rows": 491102,
                                        "Actual Loops": 1
                                    },
                                    {
                                        "Worker Number": 4,
                                        "Actual Startup Time": 307.538,
                                        "Actual Total Time": 1117.206,
                                        "Actual Rows": 328696,
                                        "Actual Loops": 1
                                    },
                                    {
                                        "Worker Number": 5,
                                        "Actual Startup Time": 307.654,
                                        "Actual Total Time": 1118.891,
                                        "Actual Rows": 493553,
                                        "Actual Loops": 1
                                    }
                                ],
                                "Plans": [
                                    {
                                        "Node Type": "Index Scan",
                                        "Parent Relationship": "Outer",
                                        "Parallel Aware": true,
                                        "Scan Direction": "Forward",
                                        "Index Name": "role_id_cast_info",
                                        "Relation Name": "cast_info",
                                        "Schema": "public",
                                        "Alias": "ci",
                                        "Startup Cost": 0.56,
                                        "Total Cost": 342814.42,
                                        "Plan Rows": 1759850,
                                        "Plan Width": 4,
                                        "Actual Startup Time": 0.283,
                                        "Actual Total Time": 456.217,
                                        "Actual Rows": 1810098,
                                        "Actual Loops": 7,
                                        "Output": [
                                            "ci.id",
                                            "ci.person_id",
                                            "ci.movie_id",
                                            "ci.person_role_id",
                                            "ci.note",
                                            "ci.nr_order",
                                            "ci.role_id"
                                        ],
                                        "Index Cond": "(ci.role_id < 2)",
                                        "Rows Removed by Index Recheck": 0,
                                        "Filter": "(ci.person_id < 3028421)",
                                        "Rows Removed by Filter": 0,
                                        "Workers": [
                                            {
                                                "Worker Number": 0,
                                                "Actual Startup Time": 0.399,
                                                "Actual Total Time": 455.195,
                                                "Actual Rows": 1315080,
                                                "Actual Loops": 1
                                            },
                                            {
                                                "Worker Number": 1,
                                                "Actual Startup Time": 0.402,
                                                "Actual Total Time": 474.787,
                                                "Actual Rows": 1414141,
                                                "Actual Loops": 1
                                            },
                                            {
                                                "Worker Number": 2,
                                                "Actual Startup Time": 0.157,
                                                "Actual Total Time": 437.96,
                                                "Actual Rows": 1880191,
                                                "Actual Loops": 1
                                            },
                                            {
                                                "Worker Number": 3,
                                                "Actual Startup Time": 0.32,
                                                "Actual Total Time": 460.267,
                                                "Actual Rows": 2079090,
                                                "Actual Loops": 1
                                            },
                                            {
                                                "Worker Number": 4,
                                                "Actual Startup Time": 0.291,
                                                "Actual Total Time": 472.335,
                                                "Actual Rows": 1419184,
                                                "Actual Loops": 1
                                            },
                                            {
                                                "Worker Number": 5,
                                                "Actual Startup Time": 0.206,
                                                "Actual Total Time": 460.096,
                                                "Actual Rows": 2096640,
                                                "Actual Loops": 1
                                            }
                                        ]
                                    },
                                    {
                                        "Node Type": "Hash",
                                        "Parent Relationship": "Inner",
                                        "Parallel Aware": true,
                                        "Startup Cost": 79120.67,
                                        "Total Cost": 79120.67,
                                        "Plan Rows": 252096,
                                        "Plan Width": 8,
                                        "Actual Startup Time": 305.723,
                                        "Actual Total Time": 305.918,
                                        "Actual Rows": 47653,
                                        "Actual Loops": 7,
                                        "Output": [
                                            "t.id",
                                            "mc.movie_id"
                                        ],
                                        "Hash Buckets": 1048576,
                                        "Original Hash Buckets": 1048576,
                                        "Hash Batches": 1,
                                        "Original Hash Batches": 1,
                                        "Peak Memory Usage": 21376,
                                        "Workers": [
                                            {
                                                "Worker Number": 0,
                                                "Actual Startup Time": 305.868,
                                                "Actual Total Time": 305.878,
                                                "Actual Rows": 34850,
                                                "Actual Loops": 1
                                            },
                                            {
                                                "Worker Number": 1,
                                                "Actual Startup Time": 306.791,
                                                "Actual Total Time": 306.794,
                                                "Actual Rows": 38864,
                                                "Actual Loops": 1
                                            },
                                            {
                                                "Worker Number": 2,
                                                "Actual Startup Time": 306.857,
                                                "Actual Total Time": 306.862,
                                                "Actual Rows": 48746,
                                                "Actual Loops": 1
                                            },
                                            {
                                                "Worker Number": 3,
                                                "Actual Startup Time": 306.761,
                                                "Actual Total Time": 306.765,
                                                "Actual Rows": 55229,
                                                "Actual Loops": 1
                                            },
                                            {
                                                "Worker Number": 4,
                                                "Actual Startup Time": 306.796,
                                                "Actual Total Time": 306.799,
                                                "Actual Rows": 38507,
                                                "Actual Loops": 1
                                            },
                                            {
                                                "Worker Number": 5,
                                                "Actual Startup Time": 306.931,
                                                "Actual Total Time": 306.935,
                                                "Actual Rows": 56501,
                                                "Actual Loops": 1
                                            }
                                        ],
                                        "Plans": [
                                            {
                                                "Node Type": "Hash Join",
                                                "Parent Relationship": "Outer",
                                                "Parallel Aware": true,
                                                "Join Type": "Inner",
                                                "Startup Cost": 48727.04,
                                                "Total Cost": 79120.67,
                                                "Plan Rows": 252096,
                                                "Plan Width": 8,
                                                "Actual Startup Time": 187.801,
                                                "Actual Total Time": 285.367,
                                                "Actual Rows": 47653,
                                                "Actual Loops": 7,
                                                "Output": [
                                                    "t.id",
                                                    "mc.movie_id"
                                                ],
                                                "Inner Unique": true,
                                                "Hash Cond": "(mc.movie_id = t.id)",
                                                "Workers": [
                                                    {
                                                        "Worker Number": 0,
                                                        "Actual Startup Time": 187.802,
                                                        "Actual Total Time": 286.242,
                                                        "Actual Rows": 34850,
                                                        "Actual Loops": 1
                                                    },
                                                    {
                                                        "Worker Number": 1,
                                                        "Actual Startup Time": 187.849,
                                                        "Actual Total Time": 284.843,
                                                        "Actual Rows": 38864,
                                                        "Actual Loops": 1
                                                    },
                                                    {
                                                        "Worker Number": 2,
                                                        "Actual Startup Time": 187.713,
                                                        "Actual Total Time": 284.963,
                                                        "Actual Rows": 48746,
                                                        "Actual Loops": 1
                                                    },
                                                    {
                                                        "Worker Number": 3,
                                                        "Actual Startup Time": 187.824,
                                                        "Actual Total Time": 285.205,
                                                        "Actual Rows": 55229,
                                                        "Actual Loops": 1
                                                    },
                                                    {
                                                        "Worker Number": 4,
                                                        "Actual Startup Time": 187.856,
                                                        "Actual Total Time": 284.91,
                                                        "Actual Rows": 38507,
                                                        "Actual Loops": 1
                                                    },
                                                    {
                                                        "Worker Number": 5,
                                                        "Actual Startup Time": 187.737,
                                                        "Actual Total Time": 284.859,
                                                        "Actual Rows": 56501,
                                                        "Actual Loops": 1
                                                    }
                                                ],
                                                "Plans": [
                                                    {
                                                        "Node Type": "Seq Scan",
                                                        "Parent Relationship": "Outer",
                                                        "Parallel Aware": true,
                                                        "Relation Name": "movie_companies",
                                                        "Schema": "public",
                                                        "Alias": "mc",
                                                        "Startup Cost": 0.0,
                                                        "Total Cost": 29310.68,
                                                        "Plan Rows": 412551,
                                                        "Plan Width": 4,
                                                        "Actual Startup Time": 0.031,
                                                        "Actual Total Time": 47.041,
                                                        "Actual Rows": 182035,
                                                        "Actual Loops": 7,
                                                        "Output": [
                                                            "mc.id",
                                                            "mc.movie_id",
                                                            "mc.company_id",
                                                            "mc.company_type_id",
                                                            "mc.note"
                                                        ],
                                                        "Filter": "(mc.company_type_id = 1)",
                                                        "Rows Removed by Filter": 190698,
                                                        "Workers": [
                                                            {
                                                                "Worker Number": 0,
                                                                "Actual Startup Time": 0.037,
                                                                "Actual Total Time": 48.563,
                                                                "Actual Rows": 134116,
                                                                "Actual Loops": 1
                                                            },
                                                            {
                                                                "Worker Number": 1,
                                                                "Actual Startup Time": 0.039,
                                                                "Actual Total Time": 49.467,
                                                                "Actual Rows": 147369,
                                                                "Actual Loops": 1
                                                            },
                                                            {
                                                                "Worker Number": 2,
                                                                "Actual Startup Time": 0.032,
                                                                "Actual Total Time": 45.664,
                                                                "Actual Rows": 185438,
                                                                "Actual Loops": 1
                                                            },
                                                            {
                                                                "Worker Number": 3,
                                                                "Actual Startup Time": 0.027,
                                                                "Actual Total Time": 46.728,
                                                                "Actual Rows": 210272,
                                                                "Actual Loops": 1
                                                            },
                                                            {
                                                                "Worker Number": 4,
                                                                "Actual Startup Time": 0.035,
                                                                "Actual Total Time": 49.406,
                                                                "Actual Rows": 146839,
                                                                "Actual Loops": 1
                                                            },
                                                            {
                                                                "Worker Number": 5,
                                                                "Actual Startup Time": 0.03,
                                                                "Actual Total Time": 46.564,
                                                                "Actual Rows": 209798,
                                                                "Actual Loops": 1
                                                            }
                                                        ]
                                                    },
                                                    {
                                                        "Node Type": "Hash",
                                                        "Parent Relationship": "Inner",
                                                        "Parallel Aware": true,
                                                        "Startup Cost": 43899.01,
                                                        "Total Cost": 43899.01,
                                                        "Plan Rows": 386243,
                                                        "Plan Width": 4,
                                                        "Actual Startup Time": 185.124,
                                                        "Actual Total Time": 185.125,
                                                        "Actual Rows": 222266,
                                                        "Actual Loops": 7,
                                                        "Output": [
                                                            "t.id"
                                                        ],
                                                        "Hash Buckets": 2097152,
                                                        "Original Hash Buckets": 2097152,
                                                        "Hash Batches": 1,
                                                        "Original Hash Batches": 1,
                                                        "Peak Memory Usage": 77344,
                                                        "Workers": [
                                                            {
                                                                "Worker Number": 0,
                                                                "Actual Startup Time": 187.4,
                                                                "Actual Total Time": 187.402,
                                                                "Actual Rows": 166350,
                                                                "Actual Loops": 1
                                                            },
                                                            {
                                                                "Worker Number": 1,
                                                                "Actual Startup Time": 187.465,
                                                                "Actual Total Time": 187.466,
                                                                "Actual Rows": 181520,
                                                                "Actual Loops": 1
                                                            },
                                                            {
                                                                "Worker Number": 2,
                                                                "Actual Startup Time": 187.521,
                                                                "Actual Total Time": 187.523,
                                                                "Actual Rows": 210251,
                                                                "Actual Loops": 1
                                                            },
                                                            {
                                                                "Worker Number": 3,
                                                                "Actual Startup Time": 187.445,
                                                                "Actual Total Time": 187.447,
                                                                "Actual Rows": 229716,
                                                                "Actual Loops": 1
                                                            },
                                                            {
                                                                "Worker Number": 4,
                                                                "Actual Startup Time": 187.473,
                                                                "Actual Total Time": 187.474,
                                                                "Actual Rows": 177321,
                                                                "Actual Loops": 1
                                                            },
                                                            {
                                                                "Worker Number": 5,
                                                                "Actual Startup Time": 187.624,
                                                                "Actual Total Time": 187.625,
                                                                "Actual Rows": 236298,
                                                                "Actual Loops": 1
                                                            }
                                                        ],
                                                        "Plans": [
                                                            {
                                                                "Node Type": "Seq Scan",
                                                                "Parent Relationship": "Outer",
                                                                "Parallel Aware": true,
                                                                "Relation Name": "title",
                                                                "Schema": "public",
                                                                "Alias": "t",
                                                                "Startup Cost": 0.0,
                                                                "Total Cost": 43899.01,
                                                                "Plan Rows": 386243,
                                                                "Plan Width": 4,
                                                                "Actual Startup Time": 0.082,
                                                                "Actual Total Time": 76.652,
                                                                "Actual Rows": 222266,
                                                                "Actual Loops": 7,
                                                                "Output": [
                                                                    "t.id"
                                                                ],
                                                                "Filter": "(t.kind_id > 4)",
                                                                "Rows Removed by Filter": 138921,
                                                                "Workers": [
                                                                    {
                                                                        "Worker Number": 0,
                                                                        "Actual Startup Time": 0.1,
                                                                        "Actual Total Time": 77.698,
                                                                        "Actual Rows": 166350,
                                                                        "Actual Loops": 1
                                                                    },
                                                                    {
                                                                        "Worker Number": 1,
                                                                        "Actual Startup Time": 0.097,
                                                                        "Actual Total Time": 80.17,
                                                                        "Actual Rows": 181520,
                                                                        "Actual Loops": 1
                                                                    },
                                                                    {
                                                                        "Worker Number": 2,
                                                                        "Actual Startup Time": 0.088,
                                                                        "Actual Total Time": 75.28,
                                                                        "Actual Rows": 210251,
                                                                        "Actual Loops": 1
                                                                    },
                                                                    {
                                                                        "Worker Number": 3,
                                                                        "Actual Startup Time": 0.091,
                                                                        "Actual Total Time": 77.979,
                                                                        "Actual Rows": 229716,
                                                                        "Actual Loops": 1
                                                                    },
                                                                    {
                                                                        "Worker Number": 4,
                                                                        "Actual Startup Time": 0.093,
                                                                        "Actual Total Time": 80.13,
                                                                        "Actual Rows": 177321,
                                                                        "Actual Loops": 1
                                                                    },
                                                                    {
                                                                        "Worker Number": 5,
                                                                        "Actual Startup Time": 0.092,
                                                                        "Actual Total Time": 78.231,
                                                                        "Actual Rows": 236298,
                                                                        "Actual Loops": 1
                                                                    }
                                                                ]
                                                            }
                                                        ]
                                                    }
                                                ]
                                            }
                                        ]
                                    }
                                ]
                            }
                        ]
                    }
                ]
            }
        ]
    },
    "Planning Time": 1.588,
    "Triggers": [],
    "Execution Time": 1211.243
}