[
    {
        "Bao": {
            "Bao prediction": "NaN",
            "Bao recommended hint": "(no hint)"
        }
    },
    {
        "Plan": {
            "Node Type": "Aggregate",
            "Strategy": "Plain",
            "Partial Mode": "Simple",
            "Parallel Aware": false,
            "Startup Cost": 26420.07,
            "Total Cost": 26420.08,
            "Plan Rows": 1,
            "Plan Width": 8,
            "Actual Startup Time": 28.748,
            "Actual Total Time": 28.749,
            "Actual Rows": 1,
            "Actual Loops": 1,
            "Output": [
                "count(*)"
            ],
            "Plans": [
                {
                    "Node Type": "Bitmap Heap Scan",
                    "Parent Relationship": "Outer",
                    "Parallel Aware": false,
                    "Relation Name": "movie_keyword",
                    "Schema": "public",
                    "Alias": "mk",
                    "Startup Cost": 1152.68,
                    "Total Cost": 26284.51,
                    "Plan Rows": 54226,
                    "Plan Width": 0,
                    "Actual Startup Time": 5.092,
                    "Actual Total Time": 26.614,
                    "Actual Rows": 49107,
                    "Actual Loops": 1,
                    "Recheck Cond": "(mk.keyword_id > 99971)",
                    "Rows Removed by Index Recheck": 0,
                    "Exact Heap Blocks": 12099,
                    "Lossy Heap Blocks": 0,
                    "Plans": [
                        {
                            "Node Type": "Bitmap Index Scan",
                            "Parent Relationship": "Outer",
                            "Parallel Aware": false,
                            "Index Name": "keyword_id_movie_keyword",
                            "Startup Cost": 0.0,
                            "Total Cost": 1139.13,
                            "Plan Rows": 54226,
                            "Plan Width": 0,
                            "Actual Startup Time": 3.625,
                            "Actual Total Time": 3.625,
                            "Actual Rows": 49107,
                            "Actual Loops": 1,
                            "Index Cond": "(mk.keyword_id > 99971)"
                        }
                    ]
                }
            ]
        },
        "Planning Time": 181.725,
        "Triggers": [],
        "Execution Time": 28.831
    }
]