[
  {
    "Plan": {
      "Node Type": "Aggregate",
      "Strategy": "Plain",
      "Partial Mode": "Finalize",
      "Parallel Aware": false,
      "Startup Cost": 32860.5,
      "Total Cost": 32860.51,
      "Plan Rows": 1,
      "Plan Width": 8,
      "Actual Startup Time": 97.35,
      "Actual Total Time": 105.607,
      "Actual Rows": 1,
      "Actual Loops": 1,
      "Plans": [
        {
          "Node Type": "Gather",
          "Parent Relationship": "Outer",
          "Parallel Aware": false,
          "Startup Cost": 32860.18,
          "Total Cost": 32860.49,
          "Plan Rows": 3,
          "Plan Width": 8,
          "Actual Startup Time": 97.216,
          "Actual Total Time": 105.595,
          "Actual Rows": 4,
          "Actual Loops": 1,
          "Workers Planned": 3,
          "Workers Launched": 3,
          "Single Copy": false,
          "Plans": [
            {
              "Node Type": "Aggregate",
              "Strategy": "Plain",
              "Partial Mode": "Partial",
              "Parent Relationship": "Outer",
              "Parallel Aware": false,
              "Startup Cost": 31860.18,
              "Total Cost": 31860.19,
              "Plan Rows": 1,
              "Plan Width": 8,
              "Actual Startup Time": 89.808,
              "Actual Total Time": 89.809,
              "Actual Rows": 1,
              "Actual Loops": 4,
              "Plans": [
                {
                  "Node Type": "Seq Scan",
                  "Parent Relationship": "Outer",
                  "Parallel Aware": true,
                  "Relation Name": "movie_companies",
                  "Alias": "mc",
                  "Startup Cost": 0.0,
                  "Total Cost": 31414.82,
                  "Plan Rows": 178146,
                  "Plan Width": 0,
                  "Actual Startup Time": 0.056,
                  "Actual Total Time": 77.97,
                  "Actual Rows": 191796,
                  "Actual Loops": 4,
                  "Filter": "((company_id < 8488) AND (company_type_id = 1))",
                  "Rows Removed by Filter": 460486
                }
              ]
            }
          ]
        }
      ]
    },
    "Planning Time": 0.241,
    "Triggers": [],
    "Execution Time": 105.667
  }
]