[
  {
    "Plan": {
      "Node Type": "Aggregate",
      "Strategy": "Plain",
      "Partial Mode": "Finalize",
      "Parallel Aware": false,
      "Startup Cost": 32867.34,
      "Total Cost": 32867.35,
      "Plan Rows": 1,
      "Plan Width": 8,
      "Actual Startup Time": 103.446,
      "Actual Total Time": 111.706,
      "Actual Rows": 1,
      "Actual Loops": 1,
      "Plans": [
        {
          "Node Type": "Gather",
          "Parent Relationship": "Outer",
          "Parallel Aware": false,
          "Startup Cost": 32867.02,
          "Total Cost": 32867.33,
          "Plan Rows": 3,
          "Plan Width": 8,
          "Actual Startup Time": 103.311,
          "Actual Total Time": 111.697,
          "Actual Rows": 4,
          "Actual Loops": 1,
          "Workers Planned": 3,
          "Workers Launched": 3,
          "Single Copy": false,
          "Plans": [
            {
              "Node Type": "Aggregate",
              "Strategy": "Plain",
              "Partial Mode": "Partial",
              "Parent Relationship": "Outer",
              "Parallel Aware": false,
              "Startup Cost": 31867.02,
              "Total Cost": 31867.03,
              "Plan Rows": 1,
              "Plan Width": 8,
              "Actual Startup Time": 96.105,
              "Actual Total Time": 96.106,
              "Actual Rows": 1,
              "Actual Loops": 4,
              "Plans": [
                {
                  "Node Type": "Seq Scan",
                  "Parent Relationship": "Outer",
                  "Parallel Aware": true,
                  "Relation Name": "movie_companies",
                  "Alias": "mc",
                  "Startup Cost": 0.0,
                  "Total Cost": 31414.82,
                  "Plan Rows": 180881,
                  "Plan Width": 0,
                  "Actual Startup Time": 0.043,
                  "Actual Total Time": 83.2,
                  "Actual Rows": 191796,
                  "Actual Loops": 4,
                  "Filter": "((company_id < 8488) AND (company_type_id = 1))",
                  "Rows Removed by Filter": 460486
                }
              ]
            }
          ]
        }
      ]
    },
    "Planning Time": 0.23,
    "Triggers": [],
    "Execution Time": 111.768
  }
]