[
  {
    "Plan": {
      "Node Type": "Aggregate",
      "Strategy": "Plain",
      "Partial Mode": "Finalize",
      "Parallel Aware": false,
      "Startup Cost": 13388.24,
      "Total Cost": 13388.25,
      "Plan Rows": 1,
      "Plan Width": 8,
      "Actual Startup Time": 11.863,
      "Actual Total Time": 13.435,
      "Actual Rows": 1,
      "Actual Loops": 1,
      "Plans": [
        {
          "Node Type": "Gather",
          "Parent Relationship": "Outer",
          "Parallel Aware": false,
          "Startup Cost": 13388.13,
          "Total Cost": 13388.24,
          "Plan Rows": 1,
          "Plan Width": 8,
          "Actual Startup Time": 9.902,
          "Actual Total Time": 13.419,
          "Actual Rows": 2,
          "Actual Loops": 1,
          "Workers Planned": 1,
          "Workers Launched": 1,
          "Single Copy": false,
          "Plans": [
            {
              "Node Type": "Aggregate",
              "Strategy": "Plain",
              "Partial Mode": "Partial",
              "Parent Relationship": "Outer",
              "Parallel Aware": false,
              "Startup Cost": 12388.13,
              "Total Cost": 12388.14,
              "Plan Rows": 1,
              "Plan Width": 8,
              "Actual Startup Time": 4.74,
              "Actual Total Time": 4.743,
              "Actual Rows": 1,
              "Actual Loops": 2,
              "Plans": [
                {
                  "Node Type": "Nested Loop",
                  "Parent Relationship": "Outer",
                  "Parallel Aware": false,
                  "Join Type": "Inner",
                  "Startup Cost": 54.77,
                  "Total Cost": 12386.36,
                  "Plan Rows": 706,
                  "Plan Width": 0,
                  "Actual Startup Time": 2.394,
                  "Actual Total Time": 4.701,
                  "Actual Rows": 148,
                  "Actual Loops": 2,
                  "Inner Unique": true,
                  "Plans": [
                    {
                      "Node Type": "Bitmap Heap Scan",
                      "Parent Relationship": "Outer",
                      "Parallel Aware": true,
                      "Relation Name": "movie_companies",
                      "Alias": "mc",
                      "Startup Cost": 54.34,
                      "Total Cost": 6641.29,
                      "Plan Rows": 706,
                      "Plan Width": 4,
                      "Actual Startup Time": 2.375,
                      "Actual Total Time": 2.715,
                      "Actual Rows": 148,
                      "Actual Loops": 2,
                      "Recheck Cond": "(company_id = 292)",
                      "Rows Removed by Index Recheck": 0,
                      "Filter": "(company_type_id > 1)",
                      "Rows Removed by Filter": 1250,
                      "Exact Heap Blocks": 545,
                      "Lossy Heap Blocks": 0,
                      "Plans": [
                        {
                          "Node Type": "Bitmap Index Scan",
                          "Parent Relationship": "Outer",
                          "Parallel Aware": false,
                          "Index Name": "company_id_movie_companies",
                          "Startup Cost": 0.0,
                          "Total Cost": 54.04,
                          "Plan Rows": 2348,
                          "Plan Width": 0,
                          "Actual Startup Time": 1.938,
                          "Actual Total Time": 1.939,
                          "Actual Rows": 2795,
                          "Actual Loops": 1,
                          "Index Cond": "(company_id = 292)"
                        }
                      ]
                    },
                    {
                      "Node Type": "Index Only Scan",
                      "Parent Relationship": "Inner",
                      "Parallel Aware": false,
                      "Scan Direction": "Forward",
                      "Index Name": "title_pkey",
                      "Relation Name": "title",
                      "Alias": "t",
                      "Startup Cost": 0.43,
                      "Total Cost": 8.14,
                      "Plan Rows": 1,
                      "Plan Width": 4,
                      "Actual Startup Time": 0.012,
                      "Actual Total Time": 0.012,
                      "Actual Rows": 1,
                      "Actual Loops": 295,
                      "Index Cond": "(id = mc.movie_id)",
                      "Rows Removed by Index Recheck": 0,
                      "Heap Fetches": 295
                    }
                  ]
                }
              ]
            }
          ]
        }
      ]
    },
    "Planning Time": 0.577,
    "Triggers": [],
    "Execution Time": 13.539
  }
]