[
  {
    "Plan": {
      "Node Type": "Aggregate",
      "Strategy": "Plain",
      "Partial Mode": "Finalize",
      "Parallel Aware": false,
      "Startup Cost": 45309.06,
      "Total Cost": 45309.07,
      "Plan Rows": 1,
      "Plan Width": 8,
      "Actual Startup Time": 164.144,
      "Actual Total Time": 176.754,
      "Actual Rows": 1,
      "Actual Loops": 1,
      "Plans": [
        {
          "Node Type": "Gather",
          "Parent Relationship": "Outer",
          "Parallel Aware": false,
          "Startup Cost": 45308.74,
          "Total Cost": 45309.05,
          "Plan Rows": 3,
          "Plan Width": 8,
          "Actual Startup Time": 163.929,
          "Actual Total Time": 176.741,
          "Actual Rows": 4,
          "Actual Loops": 1,
          "Workers Planned": 3,
          "Workers Launched": 3,
          "Single Copy": false,
          "Plans": [
            {
              "Node Type": "Aggregate",
              "Strategy": "Plain",
              "Partial Mode": "Partial",
              "Parent Relationship": "Outer",
              "Parallel Aware": false,
              "Startup Cost": 44308.74,
              "Total Cost": 44308.75,
              "Plan Rows": 1,
              "Plan Width": 8,
              "Actual Startup Time": 156.996,
              "Actual Total Time": 156.998,
              "Actual Rows": 1,
              "Actual Loops": 4,
              "Plans": [
                {
                  "Node Type": "Seq Scan",
                  "Parent Relationship": "Outer",
                  "Parallel Aware": true,
                  "Relation Name": "movie_keyword",
                  "Alias": "mk",
                  "Startup Cost": 0.0,
                  "Total Cost": 42695.65,
                  "Plan Rows": 645234,
                  "Plan Width": 0,
                  "Actual Startup Time": 0.05,
                  "Actual Total Time": 128.727,
                  "Actual Rows": 501272,
                  "Actual Loops": 4,
                  "Filter": "(keyword_id < 3569)",
                  "Rows Removed by Filter": 629711
                }
              ]
            }
          ]
        }
      ]
    },
    "Planning Time": 0.283,
    "Triggers": [],
    "Execution Time": 176.829
  }
]