[
  {
    "Plan": {
      "Node Type": "Aggregate",
      "Strategy": "Plain",
      "Partial Mode": "Finalize",
      "Parallel Aware": false,
      "Startup Cost": 93775.13,
      "Total Cost": 93775.14,
      "Plan Rows": 1,
      "Plan Width": 8,
      "Actual Startup Time": 324.13,
      "Actual Total Time": 342.073,
      "Actual Rows": 1,
      "Actual Loops": 1,
      "Plans": [
        {
          "Node Type": "Gather",
          "Parent Relationship": "Outer",
          "Parallel Aware": false,
          "Startup Cost": 93774.82,
          "Total Cost": 93775.13,
          "Plan Rows": 3,
          "Plan Width": 8,
          "Actual Startup Time": 323.246,
          "Actual Total Time": 342.063,
          "Actual Rows": 4,
          "Actual Loops": 1,
          "Workers Planned": 3,
          "Workers Launched": 3,
          "Single Copy": false,
          "Plans": [
            {
              "Node Type": "Aggregate",
              "Strategy": "Plain",
              "Partial Mode": "Partial",
              "Parent Relationship": "Outer",
              "Parallel Aware": false,
              "Startup Cost": 92774.82,
              "Total Cost": 92774.83,
              "Plan Rows": 1,
              "Plan Width": 8,
              "Actual Startup Time": 314.327,
              "Actual Total Time": 314.33,
              "Actual Rows": 1,
              "Actual Loops": 4,
              "Plans": [
                {
                  "Node Type": "Hash Join",
                  "Parent Relationship": "Outer",
                  "Parallel Aware": true,
                  "Join Type": "Inner",
                  "Startup Cost": 46212.27,
                  "Total Cost": 92460.82,
                  "Plan Rows": 125597,
                  "Plan Width": 0,
                  "Actual Startup Time": 116.642,
                  "Actual Total Time": 309.393,
                  "Actual Rows": 119259,
                  "Actual Loops": 4,
                  "Inner Unique": true,
                  "Hash Cond": "(mk.movie_id = t.id)",
                  "Plans": [
                    {
                      "Node Type": "Seq Scan",
                      "Parent Relationship": "Outer",
                      "Parallel Aware": true,
                      "Relation Name": "movie_keyword",
                      "Alias": "mk",
                      "Startup Cost": 0.0,
                      "Total Cost": 42695.65,
                      "Plan Rows": 1353480,
                      "Plan Width": 4,
                      "Actual Startup Time": 0.026,
                      "Actual Total Time": 109.675,
                      "Actual Rows": 1050982,
                      "Actual Loops": 4,
                      "Filter": "(keyword_id < 51023)",
                      "Rows Removed by Filter": 80000
                    },
                    {
                      "Node Type": "Hash",
                      "Parent Relationship": "Inner",
                      "Parallel Aware": true,
                      "Startup Cost": 45479.1,
                      "Total Cost": 45479.1,
                      "Plan Rows": 58654,
                      "Plan Width": 4,
                      "Actual Startup Time": 114.048,
                      "Actual Total Time": 114.049,
                      "Actual Rows": 52040,
                      "Actual Loops": 4,
                      "Hash Buckets": 262144,
                      "Original Hash Buckets": 262144,
                      "Hash Batches": 1,
                      "Original Hash Batches": 1,
                      "Peak Memory Usage": 10272,
                      "Plans": [
                        {
                          "Node Type": "Seq Scan",
                          "Parent Relationship": "Outer",
                          "Parallel Aware": true,
                          "Relation Name": "title",
                          "Alias": "t",
                          "Startup Cost": 0.0,
                          "Total Cost": 45479.1,
                          "Plan Rows": 58654,
                          "Plan Width": 4,
                          "Actual Startup Time": 0.073,
                          "Actual Total Time": 96.727,
                          "Actual Rows": 52040,
                          "Actual Loops": 4,
                          "Filter": "((kind_id < 3) AND (production_year > 2007))",
                          "Rows Removed by Filter": 580038
                        }
                      ]
                    }
                  ]
                }
              ]
            }
          ]
        }
      ]
    },
    "Planning Time": 0.686,
    "Triggers": [],
    "Execution Time": 342.148
  }
]