[
  {
    "Plan": {
      "Node Type": "Aggregate",
      "Strategy": "Plain",
      "Partial Mode": "Finalize",
      "Parallel Aware": false,
      "Startup Cost": 32957.97,
      "Total Cost": 32957.98,
      "Plan Rows": 1,
      "Plan Width": 8,
      "Actual Startup Time": 100.745,
      "Actual Total Time": 109.088,
      "Actual Rows": 1,
      "Actual Loops": 1,
      "Plans": [
        {
          "Node Type": "Gather",
          "Parent Relationship": "Outer",
          "Parallel Aware": false,
          "Startup Cost": 32957.65,
          "Total Cost": 32957.96,
          "Plan Rows": 3,
          "Plan Width": 8,
          "Actual Startup Time": 100.618,
          "Actual Total Time": 109.08,
          "Actual Rows": 4,
          "Actual Loops": 1,
          "Workers Planned": 3,
          "Workers Launched": 3,
          "Single Copy": false,
          "Plans": [
            {
              "Node Type": "Aggregate",
              "Strategy": "Plain",
              "Partial Mode": "Partial",
              "Parent Relationship": "Outer",
              "Parallel Aware": false,
              "Startup Cost": 31957.65,
              "Total Cost": 31957.66,
              "Plan Rows": 1,
              "Plan Width": 8,
              "Actual Startup Time": 93.151,
              "Actual Total Time": 93.152,
              "Actual Rows": 1,
              "Actual Loops": 4,
              "Plans": [
                {
                  "Node Type": "Seq Scan",
                  "Parent Relationship": "Outer",
                  "Parallel Aware": true,
                  "Relation Name": "movie_companies",
                  "Alias": "mc",
                  "Startup Cost": 0.0,
                  "Total Cost": 31414.82,
                  "Plan Rows": 217133,
                  "Plan Width": 0,
                  "Actual Startup Time": 0.046,
                  "Actual Total Time": 79.167,
                  "Actual Rows": 230304,
                  "Actual Loops": 4,
                  "Filter": "((company_id < 11717) AND (company_type_id = 1))",
                  "Rows Removed by Filter": 421978
                }
              ]
            }
          ]
        }
      ]
    },
    "Planning Time": 0.205,
    "Triggers": [],
    "Execution Time": 109.18
  }
]