[
  {
    "Plan": {
      "Node Type": "Aggregate",
      "Strategy": "Plain",
      "Partial Mode": "Finalize",
      "Parallel Aware": false,
      "Startup Cost": 32068.66,
      "Total Cost": 32068.67,
      "Plan Rows": 1,
      "Plan Width": 8,
      "Actual Startup Time": 111.98,
      "Actual Total Time": 119.518,
      "Actual Rows": 1,
      "Actual Loops": 1,
      "Plans": [
        {
          "Node Type": "Gather",
          "Parent Relationship": "Outer",
          "Parallel Aware": false,
          "Startup Cost": 32068.34,
          "Total Cost": 32068.65,
          "Plan Rows": 3,
          "Plan Width": 8,
          "Actual Startup Time": 111.828,
          "Actual Total Time": 119.508,
          "Actual Rows": 4,
          "Actual Loops": 1,
          "Workers Planned": 3,
          "Workers Launched": 3,
          "Single Copy": false,
          "Plans": [
            {
              "Node Type": "Aggregate",
              "Strategy": "Plain",
              "Partial Mode": "Partial",
              "Parent Relationship": "Outer",
              "Parallel Aware": false,
              "Startup Cost": 31068.34,
              "Total Cost": 31068.35,
              "Plan Rows": 1,
              "Plan Width": 8,
              "Actual Startup Time": 106.739,
              "Actual Total Time": 106.741,
              "Actual Rows": 1,
              "Actual Loops": 4,
              "Plans": [
                {
                  "Node Type": "Seq Scan",
                  "Parent Relationship": "Outer",
                  "Parallel Aware": true,
                  "Relation Name": "movie_companies",
                  "Alias": "mc",
                  "Startup Cost": 0.0,
                  "Total Cost": 29310.68,
                  "Plan Rows": 703063,
                  "Plan Width": 0,
                  "Actual Startup Time": 0.041,
                  "Actual Total Time": 80.685,
                  "Actual Rows": 545352,
                  "Actual Loops": 4,
                  "Filter": "(company_id < 79427)",
                  "Rows Removed by Filter": 106931
                }
              ]
            }
          ]
        }
      ]
    },
    "Planning Time": 0.088,
    "Triggers": [],
    "Execution Time": 119.545
  }
]