[
  {
    "Plan": {
      "Node Type": "Aggregate",
      "Strategy": "Plain",
      "Partial Mode": "Finalize",
      "Parallel Aware": false,
      "Startup Cost": 44910.22,
      "Total Cost": 44910.23,
      "Plan Rows": 1,
      "Plan Width": 8,
      "Actual Startup Time": 83.26,
      "Actual Total Time": 94.865,
      "Actual Rows": 1,
      "Actual Loops": 1,
      "Plans": [
        {
          "Node Type": "Gather",
          "Parent Relationship": "Outer",
          "Parallel Aware": false,
          "Startup Cost": 44909.8,
          "Total Cost": 44910.21,
          "Plan Rows": 4,
          "Plan Width": 8,
          "Actual Startup Time": 83.076,
          "Actual Total Time": 94.855,
          "Actual Rows": 5,
          "Actual Loops": 1,
          "Workers Planned": 4,
          "Workers Launched": 4,
          "Single Copy": false,
          "Plans": [
            {
              "Node Type": "Aggregate",
              "Strategy": "Plain",
              "Partial Mode": "Partial",
              "Parent Relationship": "Outer",
              "Parallel Aware": false,
              "Startup Cost": 43909.8,
              "Total Cost": 43909.81,
              "Plan Rows": 1,
              "Plan Width": 8,
              "Actual Startup Time": 78.784,
              "Actual Total Time": 78.785,
              "Actual Rows": 1,
              "Actual Loops": 5,
              "Plans": [
                {
                  "Node Type": "Seq Scan",
                  "Parent Relationship": "Outer",
                  "Parallel Aware": true,
                  "Relation Name": "title",
                  "Alias": "t",
                  "Startup Cost": 0.0,
                  "Total Cost": 43899.32,
                  "Plan Rows": 4193,
                  "Plan Width": 0,
                  "Actual Startup Time": 0.062,
                  "Actual Total Time": 78.441,
                  "Actual Rows": 3314,
                  "Actual Loops": 5,
                  "Filter": "(production_year = 1984)",
                  "Rows Removed by Filter": 502348
                }
              ]
            }
          ]
        }
      ]
    },
    "Planning Time": 0.136,
    "Triggers": [],
    "Execution Time": 94.915
  }
]