[
  {
    "Plan": {
      "Node Type": "Aggregate",
      "Strategy": "Plain",
      "Partial Mode": "Finalize",
      "Parallel Aware": false,
      "Startup Cost": 44910.56,
      "Total Cost": 44910.57,
      "Plan Rows": 1,
      "Plan Width": 8,
      "Actual Startup Time": 90.94,
      "Actual Total Time": 102.988,
      "Actual Rows": 1,
      "Actual Loops": 1,
      "Plans": [
        {
          "Node Type": "Gather",
          "Parent Relationship": "Outer",
          "Parallel Aware": false,
          "Startup Cost": 44910.14,
          "Total Cost": 44910.55,
          "Plan Rows": 4,
          "Plan Width": 8,
          "Actual Startup Time": 90.811,
          "Actual Total Time": 102.979,
          "Actual Rows": 5,
          "Actual Loops": 1,
          "Workers Planned": 4,
          "Workers Launched": 4,
          "Single Copy": false,
          "Plans": [
            {
              "Node Type": "Aggregate",
              "Strategy": "Plain",
              "Partial Mode": "Partial",
              "Parent Relationship": "Outer",
              "Parallel Aware": false,
              "Startup Cost": 43910.14,
              "Total Cost": 43910.15,
              "Plan Rows": 1,
              "Plan Width": 8,
              "Actual Startup Time": 81.937,
              "Actual Total Time": 81.938,
              "Actual Rows": 1,
              "Actual Loops": 5,
              "Plans": [
                {
                  "Node Type": "Seq Scan",
                  "Parent Relationship": "Outer",
                  "Parallel Aware": true,
                  "Relation Name": "title",
                  "Alias": "t",
                  "Startup Cost": 0.0,
                  "Total Cost": 43898.92,
                  "Plan Rows": 4488,
                  "Plan Width": 0,
                  "Actual Startup Time": 0.159,
                  "Actual Total Time": 81.53,
                  "Actual Rows": 3314,
                  "Actual Loops": 5,
                  "Filter": "(production_year = 1984)",
                  "Rows Removed by Filter": 502348
                }
              ]
            }
          ]
        }
      ]
    },
    "Planning Time": 0.128,
    "Triggers": [],
    "Execution Time": 103.051
  }
]