[
  {
    "Plan": {
      "Node Type": "Aggregate",
      "Strategy": "Plain",
      "Partial Mode": "Finalize",
      "Parallel Aware": false,
      "Startup Cost": 88221.96,
      "Total Cost": 88221.97,
      "Plan Rows": 1,
      "Plan Width": 8,
      "Actual Startup Time": 303.651,
      "Actual Total Time": 321.47,
      "Actual Rows": 1,
      "Actual Loops": 1,
      "Plans": [
        {
          "Node Type": "Gather",
          "Parent Relationship": "Outer",
          "Parallel Aware": false,
          "Startup Cost": 88221.64,
          "Total Cost": 88221.95,
          "Plan Rows": 3,
          "Plan Width": 8,
          "Actual Startup Time": 303.059,
          "Actual Total Time": 321.46,
          "Actual Rows": 4,
          "Actual Loops": 1,
          "Workers Planned": 3,
          "Workers Launched": 3,
          "Single Copy": false,
          "Plans": [
            {
              "Node Type": "Aggregate",
              "Strategy": "Plain",
              "Partial Mode": "Partial",
              "Parent Relationship": "Outer",
              "Parallel Aware": false,
              "Startup Cost": 87221.64,
              "Total Cost": 87221.65,
              "Plan Rows": 1,
              "Plan Width": 8,
              "Actual Startup Time": 297.458,
              "Actual Total Time": 297.46,
              "Actual Rows": 1,
              "Actual Loops": 4,
              "Plans": [
                {
                  "Node Type": "Hash Join",
                  "Parent Relationship": "Outer",
                  "Parallel Aware": true,
                  "Join Type": "Inner",
                  "Startup Cost": 44203.1,
                  "Total Cost": 87081.18,
                  "Plan Rows": 56184,
                  "Plan Width": 0,
                  "Actual Startup Time": 107.071,
                  "Actual Total Time": 295.41,
                  "Actual Rows": 43800,
                  "Actual Loops": 4,
                  "Inner Unique": true,
                  "Hash Cond": "(mk.movie_id = t.id)",
                  "Plans": [
                    {
                      "Node Type": "Seq Scan",
                      "Parent Relationship": "Outer",
                      "Parallel Aware": true,
                      "Relation Name": "movie_keyword",
                      "Alias": "mk",
                      "Startup Cost": 0.0,
                      "Total Cost": 39047.32,
                      "Plan Rows": 1459332,
                      "Plan Width": 4,
                      "Actual Startup Time": 0.029,
                      "Actual Total Time": 94.157,
                      "Actual Rows": 1130982,
                      "Actual Loops": 4
                    },
                    {
                      "Node Type": "Hash",
                      "Parent Relationship": "Inner",
                      "Parallel Aware": true,
                      "Startup Cost": 43898.92,
                      "Total Cost": 43898.92,
                      "Plan Rows": 24335,
                      "Plan Width": 4,
                      "Actual Startup Time": 105.231,
                      "Actual Total Time": 105.232,
                      "Actual Rows": 23751,
                      "Actual Loops": 4,
                      "Hash Buckets": 131072,
                      "Original Hash Buckets": 131072,
                      "Hash Batches": 1,
                      "Original Hash Batches": 1,
                      "Peak Memory Usage": 4768,
                      "Plans": [
                        {
                          "Node Type": "Seq Scan",
                          "Parent Relationship": "Outer",
                          "Parallel Aware": true,
                          "Relation Name": "title",
                          "Alias": "t",
                          "Startup Cost": 0.0,
                          "Total Cost": 43898.92,
                          "Plan Rows": 24335,
                          "Plan Width": 4,
                          "Actual Startup Time": 0.033,
                          "Actual Total Time": 94.842,
                          "Actual Rows": 23751,
                          "Actual Loops": 4,
                          "Filter": "(production_year = 2005)",
                          "Rows Removed by Filter": 608327
                        }
                      ]
                    }
                  ]
                }
              ]
            }
          ]
        }
      ]
    },
    "Planning Time": 0.457,
    "Triggers": [],
    "Execution Time": 321.525
  }
]