[
  {
    "Plan": {
      "Node Type": "Aggregate",
      "Strategy": "Plain",
      "Partial Mode": "Finalize",
      "Parallel Aware": false,
      "Startup Cost": 31105.57,
      "Total Cost": 31105.58,
      "Plan Rows": 1,
      "Plan Width": 8,
      "Actual Startup Time": 87.753,
      "Actual Total Time": 94.211,
      "Actual Rows": 1,
      "Actual Loops": 1,
      "Plans": [
        {
          "Node Type": "Gather",
          "Parent Relationship": "Outer",
          "Parallel Aware": false,
          "Startup Cost": 31105.26,
          "Total Cost": 31105.57,
          "Plan Rows": 3,
          "Plan Width": 8,
          "Actual Startup Time": 87.631,
          "Actual Total Time": 94.204,
          "Actual Rows": 4,
          "Actual Loops": 1,
          "Workers Planned": 3,
          "Workers Launched": 3,
          "Single Copy": false,
          "Plans": [
            {
              "Node Type": "Aggregate",
              "Strategy": "Plain",
              "Partial Mode": "Partial",
              "Parent Relationship": "Outer",
              "Parallel Aware": false,
              "Startup Cost": 30105.26,
              "Total Cost": 30105.27,
              "Plan Rows": 1,
              "Plan Width": 8,
              "Actual Startup Time": 81.281,
              "Actual Total Time": 81.282,
              "Actual Rows": 1,
              "Actual Loops": 4,
              "Plans": [
                {
                  "Node Type": "Seq Scan",
                  "Parent Relationship": "Outer",
                  "Parallel Aware": true,
                  "Relation Name": "movie_companies",
                  "Alias": "mc",
                  "Startup Cost": 0.0,
                  "Total Cost": 29310.68,
                  "Plan Rows": 317830,
                  "Plan Width": 0,
                  "Actual Startup Time": 19.474,
                  "Actual Total Time": 71.027,
                  "Actual Rows": 249261,
                  "Actual Loops": 4,
                  "Filter": "(company_id > 16763)",
                  "Rows Removed by Filter": 403021
                }
              ]
            }
          ]
        }
      ]
    },
    "Planning Time": 0.12,
    "Triggers": [],
    "Execution Time": 94.249
  }
]