[
  {
    "Plan": {
      "Node Type": "Aggregate",
      "Strategy": "Plain",
      "Partial Mode": "Finalize",
      "Parallel Aware": false,
      "Startup Cost": 72114.51,
      "Total Cost": 72114.52,
      "Plan Rows": 1,
      "Plan Width": 8,
      "Actual Startup Time": 112.968,
      "Actual Total Time": 127.977,
      "Actual Rows": 1,
      "Actual Loops": 1,
      "Plans": [
        {
          "Node Type": "Gather",
          "Parent Relationship": "Outer",
          "Parallel Aware": false,
          "Startup Cost": 72114.09,
          "Total Cost": 72114.5,
          "Plan Rows": 4,
          "Plan Width": 8,
          "Actual Startup Time": 112.846,
          "Actual Total Time": 127.968,
          "Actual Rows": 5,
          "Actual Loops": 1,
          "Workers Planned": 4,
          "Workers Launched": 4,
          "Single Copy": false,
          "Plans": [
            {
              "Node Type": "Aggregate",
              "Strategy": "Plain",
              "Partial Mode": "Partial",
              "Parent Relationship": "Outer",
              "Parallel Aware": false,
              "Startup Cost": 71114.09,
              "Total Cost": 71114.1,
              "Plan Rows": 1,
              "Plan Width": 8,
              "Actual Startup Time": 102.926,
              "Actual Total Time": 102.927,
              "Actual Rows": 1,
              "Actual Loops": 5,
              "Plans": [
                {
                  "Node Type": "Nested Loop",
                  "Parent Relationship": "Outer",
                  "Parallel Aware": false,
                  "Join Type": "Inner",
                  "Startup Cost": 0.43,
                  "Total Cost": 71104.86,
                  "Plan Rows": 3694,
                  "Plan Width": 0,
                  "Actual Startup Time": 0.576,
                  "Actual Total Time": 102.551,
                  "Actual Rows": 3797,
                  "Actual Loops": 5,
                  "Inner Unique": false,
                  "Plans": [
                    {
                      "Node Type": "Seq Scan",
                      "Parent Relationship": "Outer",
                      "Parallel Aware": true,
                      "Relation Name": "title",
                      "Alias": "t",
                      "Startup Cost": 0.0,
                      "Total Cost": 43898.92,
                      "Plan Rows": 3582,
                      "Plan Width": 4,
                      "Actual Startup Time": 0.173,
                      "Actual Total Time": 77.136,
                      "Actual Rows": 3000,
                      "Actual Loops": 5,
                      "Filter": "(production_year = 1970)",
                      "Rows Removed by Filter": 502662
                    },
                    {
                      "Node Type": "Index Scan",
                      "Parent Relationship": "Inner",
                      "Parallel Aware": false,
                      "Scan Direction": "Forward",
                      "Index Name": "movie_id_movie_companies",
                      "Relation Name": "movie_companies",
                      "Alias": "mc",
                      "Startup Cost": 0.43,
                      "Total Cost": 7.55,
                      "Plan Rows": 5,
                      "Plan Width": 4,
                      "Actual Startup Time": 0.007,
                      "Actual Total Time": 0.008,
                      "Actual Rows": 1,
                      "Actual Loops": 15000,
                      "Index Cond": "(movie_id = t.id)",
                      "Rows Removed by Index Recheck": 0,
                      "Filter": "(company_id < 233577)",
                      "Rows Removed by Filter": 0
                    }
                  ]
                }
              ]
            }
          ]
        }
      ]
    },
    "Planning Time": 0.705,
    "Triggers": [],
    "Execution Time": 128.046
  }
]