{
    "Plan": {
        "Node Type": "Aggregate",
        "Strategy": "Plain",
        "Partial Mode": "Simple",
        "Parallel Aware": false,
        "Startup Cost": 10000282005.07,
        "Total Cost": 10000282005.08,
        "Plan Rows": 1,
        "Plan Width": 8,
        "Actual Startup Time": 4060.447,
        "Actual Total Time": 4060.451,
        "Actual Rows": 1,
        "Actual Loops": 1,
        "Output": [
            "count(*)"
        ],
        "Plans": [
            {
                "Node Type": "Hash Join",
                "Parent Relationship": "Outer",
                "Parallel Aware": false,
                "Join Type": "Inner",
                "Startup Cost": 10000205084.82,
                "Total Cost": 10000274563.05,
                "Plan Rows": 2976808,
                "Plan Width": 0,
                "Actual Startup Time": 3158.723,
                "Actual Total Time": 3944.364,
                "Actual Rows": 2996430,
                "Actual Loops": 1,
                "Inner Unique": true,
                "Hash Cond": "(mk.movie_id = t.id)",
                "Plans": [
                    {
                        "Node Type": "Bitmap Heap Scan",
                        "Parent Relationship": "Outer",
                        "Parallel Aware": false,
                        "Relation Name": "movie_keyword",
                        "Schema": "public",
                        "Alias": "mk",
                        "Startup Cost": 63138.69,
                        "Total Cost": 124802.79,
                        "Plan Rows": 2976808,
                        "Plan Width": 4,
                        "Actual Startup Time": 271.302,
                        "Actual Total Time": 578.817,
                        "Actual Rows": 2996430,
                        "Actual Loops": 1,
                        "Output": [
                            "mk.id",
                            "mk.movie_id",
                            "mk.keyword_id"
                        ],
                        "Recheck Cond": "(mk.keyword_id < 10500)",
                        "Rows Removed by Index Recheck": 0,
                        "Exact Heap Blocks": 24445,
                        "Lossy Heap Blocks": 0,
                        "Plans": [
                            {
                                "Node Type": "Bitmap Index Scan",
                                "Parent Relationship": "Outer",
                                "Parallel Aware": false,
                                "Index Name": "keyword_id_movie_keyword",
                                "Startup Cost": 0.0,
                                "Total Cost": 62394.49,
                                "Plan Rows": 2976808,
                                "Plan Width": 0,
                                "Actual Startup Time": 266.348,
                                "Actual Total Time": 266.349,
                                "Actual Rows": 2996430,
                                "Actual Loops": 1,
                                "Index Cond": "(mk.keyword_id < 10500)"
                            }
                        ]
                    },
                    {
                        "Node Type": "Hash",
                        "Parent Relationship": "Inner",
                        "Parallel Aware": false,
                        "Startup Cost": 10000110342.1,
                        "Total Cost": 10000110342.1,
                        "Plan Rows": 2528322,
                        "Plan Width": 4,
                        "Actual Startup Time": 2864.928,
                        "Actual Total Time": 2864.929,
                        "Actual Rows": 2528312,
                        "Actual Loops": 1,
                        "Output": [
                            "t.id"
                        ],
                        "Hash Buckets": 4194304,
                        "Original Hash Buckets": 4194304,
                        "Hash Batches": 1,
                        "Original Hash Batches": 1,
                        "Peak Memory Usage": 121654,
                        "Plans": [
                            {
                                "Node Type": "Index Scan",
                                "Parent Relationship": "Outer",
                                "Parallel Aware": false,
                                "Scan Direction": "Forward",
                                "Index Name": "title_pkey",
                                "Relation Name": "title",
                                "Schema": "public",
                                "Alias": "t",
                                "Startup Cost": 10000000000.43,
                                "Total Cost": 10000110342.1,
                                "Plan Rows": 2528322,
                                "Plan Width": 4,
                                "Actual Startup Time": 0.044,
                                "Actual Total Time": 1999.64,
                                "Actual Rows": 2528312,
                                "Actual Loops": 1,
                                "Output": [
                                    "t.id"
                                ]
                            }
                        ]
                    }
                ]
            }
        ]
    },
    "Planning Time": 2.743,
    "Triggers": [],
    "Execution Time": 4063.679
}