[
    {
        "Bao": {
            "Bao prediction": "NaN",
            "Bao recommended hint": "(no hint)"
        }
    },
    {
        "Plan": {
            "Node Type": "Aggregate",
            "Strategy": "Plain",
            "Partial Mode": "Finalize",
            "Parallel Aware": false,
            "Startup Cost": 422083.51,
            "Total Cost": 422083.52,
            "Plan Rows": 1,
            "Plan Width": 8,
            "Actual Startup Time": 2765.281,
            "Actual Total Time": 2795.04,
            "Actual Rows": 1,
            "Actual Loops": 1,
            "Output": [
                "count(*)"
            ],
            "Plans": [
                {
                    "Node Type": "Gather",
                    "Parent Relationship": "Outer",
                    "Parallel Aware": false,
                    "Startup Cost": 422082.88,
                    "Total Cost": 422083.49,
                    "Plan Rows": 6,
                    "Plan Width": 8,
                    "Actual Startup Time": 2749.914,
                    "Actual Total Time": 2795.027,
                    "Actual Rows": 7,
                    "Actual Loops": 1,
                    "Output": [
                        "(PARTIAL count(*))"
                    ],
                    "Workers Planned": 6,
                    "Workers Launched": 6,
                    "Single Copy": false,
                    "Plans": [
                        {
                            "Node Type": "Aggregate",
                            "Strategy": "Plain",
                            "Partial Mode": "Partial",
                            "Parent Relationship": "Outer",
                            "Parallel Aware": false,
                            "Startup Cost": 421082.88,
                            "Total Cost": 421082.89,
                            "Plan Rows": 1,
                            "Plan Width": 8,
                            "Actual Startup Time": 2738.854,
                            "Actual Total Time": 2739.341,
                            "Actual Rows": 1,
                            "Actual Loops": 7,
                            "Output": [
                                "PARTIAL count(*)"
                            ],
                            "Workers": [
                                {
                                    "Worker Number": 0,
                                    "Actual Startup Time": 2736.566,
                                    "Actual Total Time": 2736.57,
                                    "Actual Rows": 1,
                                    "Actual Loops": 1
                                },
                                {
                                    "Worker Number": 1,
                                    "Actual Startup Time": 2737.062,
                                    "Actual Total Time": 2737.066,
                                    "Actual Rows": 1,
                                    "Actual Loops": 1
                                },
                                {
                                    "Worker Number": 2,
                                    "Actual Startup Time": 2737.055,
                                    "Actual Total Time": 2737.059,
                                    "Actual Rows": 1,
                                    "Actual Loops": 1
                                },
                                {
                                    "Worker Number": 3,
                                    "Actual Startup Time": 2736.92,
                                    "Actual Total Time": 2736.924,
                                    "Actual Rows": 1,
                                    "Actual Loops": 1
                                },
                                {
                                    "Worker Number": 4,
                                    "Actual Startup Time": 2738.482,
                                    "Actual Total Time": 2738.486,
                                    "Actual Rows": 1,
                                    "Actual Loops": 1
                                },
                                {
                                    "Worker Number": 5,
                                    "Actual Startup Time": 2736.994,
                                    "Actual Total Time": 2736.998,
                                    "Actual Rows": 1,
                                    "Actual Loops": 1
                                }
                            ],
                            "Plans": [
                                {
                                    "Node Type": "Hash Join",
                                    "Parent Relationship": "Outer",
                                    "Parallel Aware": true,
                                    "Join Type": "Inner",
                                    "Startup Cost": 69765.69,
                                    "Total Cost": 415251.29,
                                    "Plan Rows": 2332637,
                                    "Plan Width": 0,
                                    "Actual Startup Time": 395.763,
                                    "Actual Total Time": 2514.816,
                                    "Actual Rows": 4625650,
                                    "Actual Loops": 7,
                                    "Inner Unique": false,
                                    "Hash Cond": "(ci.movie_id = t.id)",
                                    "Workers": [
                                        {
                                            "Worker Number": 0,
                                            "Actual Startup Time": 393.697,
                                            "Actual Total Time": 2505.945,
                                            "Actual Rows": 3902642,
                                            "Actual Loops": 1
                                        },
                                        {
                                            "Worker Number": 1,
                                            "Actual Startup Time": 394.191,
                                            "Actual Total Time": 2505.273,
                                            "Actual Rows": 4369902,
                                            "Actual Loops": 1
                                        },
                                        {
                                            "Worker Number": 2,
                                            "Actual Startup Time": 394.209,
                                            "Actual Total Time": 2507.594,
                                            "Actual Rows": 3943305,
                                            "Actual Loops": 1
                                        },
                                        {
                                            "Worker Number": 3,
                                            "Actual Startup Time": 394.0,
                                            "Actual Total Time": 2500.009,
                                            "Actual Rows": 3993251,
                                            "Actual Loops": 1
                                        },
                                        {
                                            "Worker Number": 4,
                                            "Actual Startup Time": 394.073,
                                            "Actual Total Time": 2522.4,
                                            "Actual Rows": 5435121,
                                            "Actual Loops": 1
                                        },
                                        {
                                            "Worker Number": 5,
                                            "Actual Startup Time": 394.122,
                                            "Actual Total Time": 2523.131,
                                            "Actual Rows": 5379433,
                                            "Actual Loops": 1
                                        }
                                    ],
                                    "Plans": [
                                        {
                                            "Node Type": "Seq Scan",
                                            "Parent Relationship": "Outer",
                                            "Parallel Aware": true,
                                            "Relation Name": "cast_info",
                                            "Schema": "public",
                                            "Alias": "ci",
                                            "Startup Cost": 0.0,
                                            "Total Cost": 313108.29,
                                            "Plan Rows": 6042129,
                                            "Plan Width": 4,
                                            "Actual Startup Time": 0.029,
                                            "Actual Total Time": 548.92,
                                            "Actual Rows": 5177763,
                                            "Actual Loops": 7,
                                            "Output": [
                                                "ci.id",
                                                "ci.person_id",
                                                "ci.movie_id",
                                                "ci.person_role_id",
                                                "ci.note",
                                                "ci.nr_order",
                                                "ci.role_id"
                                            ],
                                            "Workers": [
                                                {
                                                    "Worker Number": 0,
                                                    "Actual Startup Time": 0.038,
                                                    "Actual Total Time": 568.775,
                                                    "Actual Rows": 4312198,
                                                    "Actual Loops": 1
                                                },
                                                {
                                                    "Worker Number": 1,
                                                    "Actual Startup Time": 0.048,
                                                    "Actual Total Time": 580.642,
                                                    "Actual Rows": 4885913,
                                                    "Actual Loops": 1
                                                },
                                                {
                                                    "Worker Number": 2,
                                                    "Actual Startup Time": 0.026,
                                                    "Actual Total Time": 565.821,
                                                    "Actual Rows": 4382673,
                                                    "Actual Loops": 1
                                                },
                                                {
                                                    "Worker Number": 3,
                                                    "Actual Startup Time": 0.021,
                                                    "Actual Total Time": 586.903,
                                                    "Actual Rows": 4414630,
                                                    "Actual Loops": 1
                                                },
                                                {
                                                    "Worker Number": 4,
                                                    "Actual Startup Time": 0.025,
                                                    "Actual Total Time": 556.054,
                                                    "Actual Rows": 6151680,
                                                    "Actual Loops": 1
                                                },
                                                {
                                                    "Worker Number": 5,
                                                    "Actual Startup Time": 0.031,
                                                    "Actual Total Time": 552.326,
                                                    "Actual Rows": 6058462,
                                                    "Actual Loops": 1
                                                }
                                            ]
                                        },
                                        {
                                            "Node Type": "Hash",
                                            "Parent Relationship": "Inner",
                                            "Parallel Aware": true,
                                            "Startup Cost": 64681.89,
                                            "Total Cost": 64681.89,
                                            "Plan Rows": 406704,
                                            "Plan Width": 8,
                                            "Actual Startup Time": 391.998,
                                            "Actual Total Time": 392.484,
                                            "Actual Rows": 161044,
                                            "Actual Loops": 7,
                                            "Output": [
                                                "t.id",
                                                "mi_idx.movie_id"
                                            ],
                                            "Hash Buckets": 2097152,
                                            "Original Hash Buckets": 1048576,
                                            "Hash Batches": 1,
                                            "Original Hash Batches": 1,
                                            "Peak Memory Usage": 68736,
                                            "Workers": [
                                                {
                                                    "Worker Number": 0,
                                                    "Actual Startup Time": 392.858,
                                                    "Actual Total Time": 392.861,
                                                    "Actual Rows": 133923,
                                                    "Actual Loops": 1
                                                },
                                                {
                                                    "Worker Number": 1,
                                                    "Actual Startup Time": 393.322,
                                                    "Actual Total Time": 393.325,
                                                    "Actual Rows": 138876,
                                                    "Actual Loops": 1
                                                },
                                                {
                                                    "Worker Number": 2,
                                                    "Actual Startup Time": 393.276,
                                                    "Actual Total Time": 393.279,
                                                    "Actual Rows": 132109,
                                                    "Actual Loops": 1
                                                },
                                                {
                                                    "Worker Number": 3,
                                                    "Actual Startup Time": 393.141,
                                                    "Actual Total Time": 393.144,
                                                    "Actual Rows": 136556,
                                                    "Actual Loops": 1
                                                },
                                                {
                                                    "Worker Number": 4,
                                                    "Actual Startup Time": 393.188,
                                                    "Actual Total Time": 393.191,
                                                    "Actual Rows": 198773,
                                                    "Actual Loops": 1
                                                },
                                                {
                                                    "Worker Number": 5,
                                                    "Actual Startup Time": 393.286,
                                                    "Actual Total Time": 393.289,
                                                    "Actual Rows": 195314,
                                                    "Actual Loops": 1
                                                }
                                            ],
                                            "Plans": [
                                                {
                                                    "Node Type": "Hash Join",
                                                    "Parent Relationship": "Outer",
                                                    "Parallel Aware": true,
                                                    "Join Type": "Inner",
                                                    "Startup Cost": 49487.33,
                                                    "Total Cost": 64681.89,
                                                    "Plan Rows": 406704,
                                                    "Plan Width": 8,
                                                    "Actual Startup Time": 213.177,
                                                    "Actual Total Time": 297.36,
                                                    "Actual Rows": 161044,
                                                    "Actual Loops": 7,
                                                    "Output": [
                                                        "t.id",
                                                        "mi_idx.movie_id"
                                                    ],
                                                    "Inner Unique": true,
                                                    "Hash Cond": "(mi_idx.movie_id = t.id)",
                                                    "Workers": [
                                                        {
                                                            "Worker Number": 0,
                                                            "Actual Startup Time": 213.137,
                                                            "Actual Total Time": 297.288,
                                                            "Actual Rows": 133923,
                                                            "Actual Loops": 1
                                                        },
                                                        {
                                                            "Worker Number": 1,
                                                            "Actual Startup Time": 213.189,
                                                            "Actual Total Time": 296.947,
                                                            "Actual Rows": 138876,
                                                            "Actual Loops": 1
                                                        },
                                                        {
                                                            "Worker Number": 2,
                                                            "Actual Startup Time": 213.226,
                                                            "Actual Total Time": 296.628,
                                                            "Actual Rows": 132109,
                                                            "Actual Loops": 1
                                                        },
                                                        {
                                                            "Worker Number": 3,
                                                            "Actual Startup Time": 213.181,
                                                            "Actual Total Time": 296.501,
                                                            "Actual Rows": 136556,
                                                            "Actual Loops": 1
                                                        },
                                                        {
                                                            "Worker Number": 4,
                                                            "Actual Startup Time": 213.09,
                                                            "Actual Total Time": 298.13,
                                                            "Actual Rows": 198773,
                                                            "Actual Loops": 1
                                                        },
                                                        {
                                                            "Worker Number": 5,
                                                            "Actual Startup Time": 213.055,
                                                            "Actual Total Time": 296.685,
                                                            "Actual Rows": 195314,
                                                            "Actual Loops": 1
                                                        }
                                                    ],
                                                    "Plans": [
                                                        {
                                                            "Node Type": "Seq Scan",
                                                            "Parent Relationship": "Outer",
                                                            "Parallel Aware": true,
                                                            "Relation Name": "movie_info_idx",
                                                            "Schema": "public",
                                                            "Alias": "mi_idx",
                                                            "Startup Cost": 0.0,
                                                            "Total Cost": 13685.15,
                                                            "Plan Rows": 575015,
                                                            "Plan Width": 4,
                                                            "Actual Startup Time": 0.03,
                                                            "Actual Total Time": 22.712,
                                                            "Actual Rows": 197148,
                                                            "Actual Loops": 7,
                                                            "Output": [
                                                                "mi_idx.id",
                                                                "mi_idx.movie_id",
                                                                "mi_idx.info_type_id",
                                                                "mi_idx.info",
                                                                "mi_idx.note"
                                                            ],
                                                            "Workers": [
                                                                {
                                                                    "Worker Number": 0,
                                                                    "Actual Startup Time": 0.034,
                                                                    "Actual Total Time": 23.993,
                                                                    "Actual Rows": 163159,
                                                                    "Actual Loops": 1
                                                                },
                                                                {
                                                                    "Worker Number": 1,
                                                                    "Actual Startup Time": 0.032,
                                                                    "Actual Total Time": 23.749,
                                                                    "Actual Rows": 170440,
                                                                    "Actual Loops": 1
                                                                },
                                                                {
                                                                    "Worker Number": 2,
                                                                    "Actual Startup Time": 0.036,
                                                                    "Actual Total Time": 23.852,
                                                                    "Actual Rows": 163138,
                                                                    "Actual Loops": 1
                                                                },
                                                                {
                                                                    "Worker Number": 3,
                                                                    "Actual Startup Time": 0.037,
                                                                    "Actual Total Time": 23.591,
                                                                    "Actual Rows": 165231,
                                                                    "Actual Loops": 1
                                                                },
                                                                {
                                                                    "Worker Number": 4,
                                                                    "Actual Startup Time": 0.028,
                                                                    "Actual Total Time": 22.606,
                                                                    "Actual Rows": 243320,
                                                                    "Actual Loops": 1
                                                                },
                                                                {
                                                                    "Worker Number": 5,
                                                                    "Actual Startup Time": 0.03,
                                                                    "Actual Total Time": 22.452,
                                                                    "Actual Rows": 238898,
                                                                    "Actual Loops": 1
                                                                }
                                                            ]
                                                        },
                                                        {
                                                            "Node Type": "Hash",
                                                            "Parent Relationship": "Inner",
                                                            "Parallel Aware": true,
                                                            "Startup Cost": 43899.01,
                                                            "Total Cost": 43899.01,
                                                            "Plan Rows": 447066,
                                                            "Plan Width": 4,
                                                            "Actual Startup Time": 210.192,
                                                            "Actual Total Time": 210.193,
                                                            "Actual Rows": 256308,
                                                            "Actual Loops": 7,
                                                            "Output": [
                                                                "t.id"
                                                            ],
                                                            "Hash Buckets": 2097152,
                                                            "Original Hash Buckets": 2097152,
                                                            "Hash Batches": 1,
                                                            "Original Hash Batches": 1,
                                                            "Peak Memory Usage": 86720,
                                                            "Workers": [
                                                                {
                                                                    "Worker Number": 0,
                                                                    "Actual Startup Time": 213.009,
                                                                    "Actual Total Time": 213.01,
                                                                    "Actual Rows": 204597,
                                                                    "Actual Loops": 1
                                                                },
                                                                {
                                                                    "Worker Number": 1,
                                                                    "Actual Startup Time": 212.854,
                                                                    "Actual Total Time": 212.855,
                                                                    "Actual Rows": 211119,
                                                                    "Actual Loops": 1
                                                                },
                                                                {
                                                                    "Worker Number": 2,
                                                                    "Actual Startup Time": 212.922,
                                                                    "Actual Total Time": 212.923,
                                                                    "Actual Rows": 203097,
                                                                    "Actual Loops": 1
                                                                },
                                                                {
                                                                    "Worker Number": 3,
                                                                    "Actual Startup Time": 212.872,
                                                                    "Actual Total Time": 212.873,
                                                                    "Actual Rows": 208199,
                                                                    "Actual Loops": 1
                                                                },
                                                                {
                                                                    "Worker Number": 4,
                                                                    "Actual Startup Time": 212.77,
                                                                    "Actual Total Time": 212.771,
                                                                    "Actual Rows": 292438,
                                                                    "Actual Loops": 1
                                                                },
                                                                {
                                                                    "Worker Number": 5,
                                                                    "Actual Startup Time": 212.733,
                                                                    "Actual Total Time": 212.734,
                                                                    "Actual Rows": 288972,
                                                                    "Actual Loops": 1
                                                                }
                                                            ],
                                                            "Plans": [
                                                                {
                                                                    "Node Type": "Seq Scan",
                                                                    "Parent Relationship": "Outer",
                                                                    "Parallel Aware": true,
                                                                    "Relation Name": "title",
                                                                    "Schema": "public",
                                                                    "Alias": "t",
                                                                    "Startup Cost": 0.0,
                                                                    "Total Cost": 43899.01,
                                                                    "Plan Rows": 447066,
                                                                    "Plan Width": 4,
                                                                    "Actual Startup Time": 0.054,
                                                                    "Actual Total Time": 84.274,
                                                                    "Actual Rows": 256308,
                                                                    "Actual Loops": 7,
                                                                    "Output": [
                                                                        "t.id"
                                                                    ],
                                                                    "Filter": "(t.production_year < 2009)",
                                                                    "Rows Removed by Filter": 104880,
                                                                    "Workers": [
                                                                        {
                                                                            "Worker Number": 0,
                                                                            "Actual Startup Time": 0.06,
                                                                            "Actual Total Time": 88.688,
                                                                            "Actual Rows": 204597,
                                                                            "Actual Loops": 1
                                                                        },
                                                                        {
                                                                            "Worker Number": 1,
                                                                            "Actual Startup Time": 0.077,
                                                                            "Actual Total Time": 87.961,
                                                                            "Actual Rows": 211119,
                                                                            "Actual Loops": 1
                                                                        },
                                                                        {
                                                                            "Worker Number": 2,
                                                                            "Actual Startup Time": 0.06,
                                                                            "Actual Total Time": 88.65,
                                                                            "Actual Rows": 203097,
                                                                            "Actual Loops": 1
                                                                        },
                                                                        {
                                                                            "Worker Number": 3,
                                                                            "Actual Startup Time": 0.057,
                                                                            "Actual Total Time": 88.315,
                                                                            "Actual Rows": 208199,
                                                                            "Actual Loops": 1
                                                                        },
                                                                        {
                                                                            "Worker Number": 4,
                                                                            "Actual Startup Time": 0.059,
                                                                            "Actual Total Time": 83.77,
                                                                            "Actual Rows": 292438,
                                                                            "Actual Loops": 1
                                                                        },
                                                                        {
                                                                            "Worker Number": 5,
                                                                            "Actual Startup Time": 0.051,
                                                                            "Actual Total Time": 83.421,
                                                                            "Actual Rows": 288972,
                                                                            "Actual Loops": 1
                                                                        }
                                                                    ]
                                                                }
                                                            ]
                                                        }
                                                    ]
                                                }
                                            ]
                                        }
                                    ]
                                }
                            ]
                        }
                    ]
                }
            ]
        },
        "Planning Time": 189.645,
        "Triggers": [],
        "Execution Time": 2795.172
    }
]