[
    {
        "Bao": {
            "Bao prediction": 1253.436,
            "Bao recommended hint": "(no hint)"
        }
    },
    {
        "Plan": {
            "Node Type": "Aggregate",
            "Strategy": "Plain",
            "Partial Mode": "Finalize",
            "Parallel Aware": false,
            "Startup Cost": 599417.49,
            "Total Cost": 599417.5,
            "Plan Rows": 1,
            "Plan Width": 8,
            "Actual Startup Time": 2382.974,
            "Actual Total Time": 2420.809,
            "Actual Rows": 1,
            "Actual Loops": 1,
            "Output": [
                "count(*)"
            ],
            "Plans": [
                {
                    "Node Type": "Gather",
                    "Parent Relationship": "Outer",
                    "Parallel Aware": false,
                    "Startup Cost": 599416.87,
                    "Total Cost": 599417.48,
                    "Plan Rows": 6,
                    "Plan Width": 8,
                    "Actual Startup Time": 2378.535,
                    "Actual Total Time": 2420.798,
                    "Actual Rows": 7,
                    "Actual Loops": 1,
                    "Output": [
                        "(PARTIAL count(*))"
                    ],
                    "Workers Planned": 6,
                    "Workers Launched": 6,
                    "Single Copy": false,
                    "Plans": [
                        {
                            "Node Type": "Aggregate",
                            "Strategy": "Plain",
                            "Partial Mode": "Partial",
                            "Parent Relationship": "Outer",
                            "Parallel Aware": false,
                            "Startup Cost": 598416.87,
                            "Total Cost": 598416.88,
                            "Plan Rows": 1,
                            "Plan Width": 8,
                            "Actual Startup Time": 2368.246,
                            "Actual Total Time": 2368.289,
                            "Actual Rows": 1,
                            "Actual Loops": 7,
                            "Output": [
                                "PARTIAL count(*)"
                            ],
                            "Workers": [
                                {
                                    "Worker Number": 0,
                                    "Actual Startup Time": 2367.09,
                                    "Actual Total Time": 2367.094,
                                    "Actual Rows": 1,
                                    "Actual Loops": 1
                                },
                                {
                                    "Worker Number": 1,
                                    "Actual Startup Time": 2366.543,
                                    "Actual Total Time": 2366.548,
                                    "Actual Rows": 1,
                                    "Actual Loops": 1
                                },
                                {
                                    "Worker Number": 2,
                                    "Actual Startup Time": 2366.552,
                                    "Actual Total Time": 2366.557,
                                    "Actual Rows": 1,
                                    "Actual Loops": 1
                                },
                                {
                                    "Worker Number": 3,
                                    "Actual Startup Time": 2366.557,
                                    "Actual Total Time": 2366.561,
                                    "Actual Rows": 1,
                                    "Actual Loops": 1
                                },
                                {
                                    "Worker Number": 4,
                                    "Actual Startup Time": 2366.739,
                                    "Actual Total Time": 2366.744,
                                    "Actual Rows": 1,
                                    "Actual Loops": 1
                                },
                                {
                                    "Worker Number": 5,
                                    "Actual Startup Time": 2366.687,
                                    "Actual Total Time": 2366.692,
                                    "Actual Rows": 1,
                                    "Actual Loops": 1
                                }
                            ],
                            "Plans": [
                                {
                                    "Node Type": "Hash Join",
                                    "Parent Relationship": "Outer",
                                    "Parallel Aware": true,
                                    "Join Type": "Inner",
                                    "Startup Cost": 252641.03,
                                    "Total Cost": 592855.99,
                                    "Plan Rows": 2224349,
                                    "Plan Width": 0,
                                    "Actual Startup Time": 783.648,
                                    "Actual Total Time": 2299.244,
                                    "Actual Rows": 1316745,
                                    "Actual Loops": 7,
                                    "Inner Unique": false,
                                    "Hash Cond": "(ci.movie_id = t.id)",
                                    "Workers": [
                                        {
                                            "Worker Number": 0,
                                            "Actual Startup Time": 782.233,
                                            "Actual Total Time": 2298.633,
                                            "Actual Rows": 1292089,
                                            "Actual Loops": 1
                                        },
                                        {
                                            "Worker Number": 1,
                                            "Actual Startup Time": 781.975,
                                            "Actual Total Time": 2298.209,
                                            "Actual Rows": 1288965,
                                            "Actual Loops": 1
                                        },
                                        {
                                            "Worker Number": 2,
                                            "Actual Startup Time": 782.023,
                                            "Actual Total Time": 2299.728,
                                            "Actual Rows": 1314246,
                                            "Actual Loops": 1
                                        },
                                        {
                                            "Worker Number": 3,
                                            "Actual Startup Time": 781.936,
                                            "Actual Total Time": 2299.785,
                                            "Actual Rows": 1280399,
                                            "Actual Loops": 1
                                        },
                                        {
                                            "Worker Number": 4,
                                            "Actual Startup Time": 782.25,
                                            "Actual Total Time": 2299.752,
                                            "Actual Rows": 1286759,
                                            "Actual Loops": 1
                                        },
                                        {
                                            "Worker Number": 5,
                                            "Actual Startup Time": 782.118,
                                            "Actual Total Time": 2298.541,
                                            "Actual Rows": 1248127,
                                            "Actual Loops": 1
                                        }
                                    ],
                                    "Plans": [
                                        {
                                            "Node Type": "Seq Scan",
                                            "Parent Relationship": "Outer",
                                            "Parallel Aware": true,
                                            "Relation Name": "cast_info",
                                            "Schema": "public",
                                            "Alias": "ci",
                                            "Startup Cost": 0.0,
                                            "Total Cost": 313108.29,
                                            "Plan Rows": 6042129,
                                            "Plan Width": 4,
                                            "Actual Startup Time": 0.026,
                                            "Actual Total Time": 576.341,
                                            "Actual Rows": 5177763,
                                            "Actual Loops": 7,
                                            "Output": [
                                                "ci.id",
                                                "ci.person_id",
                                                "ci.movie_id",
                                                "ci.person_role_id",
                                                "ci.note",
                                                "ci.nr_order",
                                                "ci.role_id"
                                            ],
                                            "Workers": [
                                                {
                                                    "Worker Number": 0,
                                                    "Actual Startup Time": 0.03,
                                                    "Actual Total Time": 595.034,
                                                    "Actual Rows": 5041737,
                                                    "Actual Loops": 1
                                                },
                                                {
                                                    "Worker Number": 1,
                                                    "Actual Startup Time": 0.025,
                                                    "Actual Total Time": 591.43,
                                                    "Actual Rows": 5048566,
                                                    "Actual Loops": 1
                                                },
                                                {
                                                    "Worker Number": 2,
                                                    "Actual Startup Time": 0.027,
                                                    "Actual Total Time": 573.514,
                                                    "Actual Rows": 5193089,
                                                    "Actual Loops": 1
                                                },
                                                {
                                                    "Worker Number": 3,
                                                    "Actual Startup Time": 0.029,
                                                    "Actual Total Time": 574.473,
                                                    "Actual Rows": 5045509,
                                                    "Actual Loops": 1
                                                },
                                                {
                                                    "Worker Number": 4,
                                                    "Actual Startup Time": 0.031,
                                                    "Actual Total Time": 593.033,
                                                    "Actual Rows": 5098449,
                                                    "Actual Loops": 1
                                                },
                                                {
                                                    "Worker Number": 5,
                                                    "Actual Startup Time": 0.027,
                                                    "Actual Total Time": 588.837,
                                                    "Actual Rows": 4885209,
                                                    "Actual Loops": 1
                                                }
                                            ]
                                        },
                                        {
                                            "Node Type": "Hash",
                                            "Parent Relationship": "Inner",
                                            "Parallel Aware": true,
                                            "Startup Cost": 250314.09,
                                            "Total Cost": 250314.09,
                                            "Plan Rows": 186155,
                                            "Plan Width": 8,
                                            "Actual Startup Time": 780.063,
                                            "Actual Total Time": 780.104,
                                            "Actual Rows": 55241,
                                            "Actual Loops": 7,
                                            "Output": [
                                                "t.id",
                                                "mi.movie_id"
                                            ],
                                            "Hash Buckets": 1048576,
                                            "Original Hash Buckets": 1048576,
                                            "Hash Batches": 1,
                                            "Original Hash Batches": 1,
                                            "Peak Memory Usage": 23424,
                                            "Workers": [
                                                {
                                                    "Worker Number": 0,
                                                    "Actual Startup Time": 781.276,
                                                    "Actual Total Time": 781.279,
                                                    "Actual Rows": 51538,
                                                    "Actual Loops": 1
                                                },
                                                {
                                                    "Worker Number": 1,
                                                    "Actual Startup Time": 781.172,
                                                    "Actual Total Time": 781.176,
                                                    "Actual Rows": 54960,
                                                    "Actual Loops": 1
                                                },
                                                {
                                                    "Worker Number": 2,
                                                    "Actual Startup Time": 781.09,
                                                    "Actual Total Time": 781.093,
                                                    "Actual Rows": 53918,
                                                    "Actual Loops": 1
                                                },
                                                {
                                                    "Worker Number": 3,
                                                    "Actual Startup Time": 781.184,
                                                    "Actual Total Time": 781.186,
                                                    "Actual Rows": 53646,
                                                    "Actual Loops": 1
                                                },
                                                {
                                                    "Worker Number": 4,
                                                    "Actual Startup Time": 781.283,
                                                    "Actual Total Time": 781.286,
                                                    "Actual Rows": 53988,
                                                    "Actual Loops": 1
                                                },
                                                {
                                                    "Worker Number": 5,
                                                    "Actual Startup Time": 781.272,
                                                    "Actual Total Time": 781.275,
                                                    "Actual Rows": 51939,
                                                    "Actual Loops": 1
                                                }
                                            ],
                                            "Plans": [
                                                {
                                                    "Node Type": "Hash Join",
                                                    "Parent Relationship": "Outer",
                                                    "Parallel Aware": true,
                                                    "Join Type": "Inner",
                                                    "Startup Cost": 46219.76,
                                                    "Total Cost": 250314.09,
                                                    "Plan Rows": 186155,
                                                    "Plan Width": 8,
                                                    "Actual Startup Time": 131.228,
                                                    "Actual Total Time": 747.847,
                                                    "Actual Rows": 55241,
                                                    "Actual Loops": 7,
                                                    "Output": [
                                                        "t.id",
                                                        "mi.movie_id"
                                                    ],
                                                    "Inner Unique": true,
                                                    "Hash Cond": "(mi.movie_id = t.id)",
                                                    "Workers": [
                                                        {
                                                            "Worker Number": 0,
                                                            "Actual Startup Time": 131.399,
                                                            "Actual Total Time": 749.547,
                                                            "Actual Rows": 51538,
                                                            "Actual Loops": 1
                                                        },
                                                        {
                                                            "Worker Number": 1,
                                                            "Actual Startup Time": 130.989,
                                                            "Actual Total Time": 748.251,
                                                            "Actual Rows": 54960,
                                                            "Actual Loops": 1
                                                        },
                                                        {
                                                            "Worker Number": 2,
                                                            "Actual Startup Time": 131.419,
                                                            "Actual Total Time": 745.729,
                                                            "Actual Rows": 53918,
                                                            "Actual Loops": 1
                                                        },
                                                        {
                                                            "Worker Number": 3,
                                                            "Actual Startup Time": 131.027,
                                                            "Actual Total Time": 748.235,
                                                            "Actual Rows": 53646,
                                                            "Actual Loops": 1
                                                        },
                                                        {
                                                            "Worker Number": 4,
                                                            "Actual Startup Time": 131.376,
                                                            "Actual Total Time": 748.826,
                                                            "Actual Rows": 53988,
                                                            "Actual Loops": 1
                                                        },
                                                        {
                                                            "Worker Number": 5,
                                                            "Actual Startup Time": 131.296,
                                                            "Actual Total Time": 747.086,
                                                            "Actual Rows": 51939,
                                                            "Actual Loops": 1
                                                        }
                                                    ],
                                                    "Plans": [
                                                        {
                                                            "Node Type": "Seq Scan",
                                                            "Parent Relationship": "Outer",
                                                            "Parallel Aware": true,
                                                            "Relation Name": "movie_info",
                                                            "Schema": "public",
                                                            "Alias": "mi",
                                                            "Startup Cost": 0.0,
                                                            "Total Cost": 198880.74,
                                                            "Plan Rows": 1986127,
                                                            "Plan Width": 4,
                                                            "Actual Startup Time": 19.178,
                                                            "Actual Total Time": 401.695,
                                                            "Actual Rows": 1415965,
                                                            "Actual Loops": 7,
                                                            "Output": [
                                                                "mi.id",
                                                                "mi.movie_id",
                                                                "mi.info_type_id",
                                                                "mi.info",
                                                                "mi.note"
                                                            ],
                                                            "Filter": "(mi.info_type_id > 4)",
                                                            "Rows Removed by Filter": 703424,
                                                            "Workers": [
                                                                {
                                                                    "Worker Number": 0,
                                                                    "Actual Startup Time": 19.169,
                                                                    "Actual Total Time": 409.869,
                                                                    "Actual Rows": 1366378,
                                                                    "Actual Loops": 1
                                                                },
                                                                {
                                                                    "Worker Number": 1,
                                                                    "Actual Startup Time": 19.147,
                                                                    "Actual Total Time": 407.947,
                                                                    "Actual Rows": 1356497,
                                                                    "Actual Loops": 1
                                                                },
                                                                {
                                                                    "Worker Number": 2,
                                                                    "Actual Startup Time": 19.194,
                                                                    "Actual Total Time": 404.045,
                                                                    "Actual Rows": 1340760,
                                                                    "Actual Loops": 1
                                                                },
                                                                {
                                                                    "Worker Number": 3,
                                                                    "Actual Startup Time": 19.16,
                                                                    "Actual Total Time": 404.739,
                                                                    "Actual Rows": 1340884,
                                                                    "Actual Loops": 1
                                                                },
                                                                {
                                                                    "Worker Number": 4,
                                                                    "Actual Startup Time": 19.146,
                                                                    "Actual Total Time": 407.924,
                                                                    "Actual Rows": 1359967,
                                                                    "Actual Loops": 1
                                                                },
                                                                {
                                                                    "Worker Number": 5,
                                                                    "Actual Startup Time": 19.319,
                                                                    "Actual Total Time": 406.741,
                                                                    "Actual Rows": 1334475,
                                                                    "Actual Loops": 1
                                                                }
                                                            ]
                                                        },
                                                        {
                                                            "Node Type": "Hash",
                                                            "Parent Relationship": "Inner",
                                                            "Parallel Aware": true,
                                                            "Startup Cost": 45479.21,
                                                            "Total Cost": 45479.21,
                                                            "Plan Rows": 59244,
                                                            "Plan Width": 4,
                                                            "Actual Startup Time": 111.157,
                                                            "Actual Total Time": 111.158,
                                                            "Actual Rows": 36701,
                                                            "Actual Loops": 7,
                                                            "Output": [
                                                                "t.id"
                                                            ],
                                                            "Hash Buckets": 262144,
                                                            "Original Hash Buckets": 262144,
                                                            "Hash Batches": 1,
                                                            "Original Hash Batches": 1,
                                                            "Peak Memory Usage": 12256,
                                                            "Workers": [
                                                                {
                                                                    "Worker Number": 0,
                                                                    "Actual Startup Time": 111.53,
                                                                    "Actual Total Time": 111.531,
                                                                    "Actual Rows": 31723,
                                                                    "Actual Loops": 1
                                                                },
                                                                {
                                                                    "Worker Number": 1,
                                                                    "Actual Startup Time": 111.555,
                                                                    "Actual Total Time": 111.556,
                                                                    "Actual Rows": 32890,
                                                                    "Actual Loops": 1
                                                                },
                                                                {
                                                                    "Worker Number": 2,
                                                                    "Actual Startup Time": 111.55,
                                                                    "Actual Total Time": 111.551,
                                                                    "Actual Rows": 32731,
                                                                    "Actual Loops": 1
                                                                },
                                                                {
                                                                    "Worker Number": 3,
                                                                    "Actual Startup Time": 111.531,
                                                                    "Actual Total Time": 111.532,
                                                                    "Actual Rows": 32017,
                                                                    "Actual Loops": 1
                                                                },
                                                                {
                                                                    "Worker Number": 4,
                                                                    "Actual Startup Time": 111.567,
                                                                    "Actual Total Time": 111.568,
                                                                    "Actual Rows": 32009,
                                                                    "Actual Loops": 1
                                                                },
                                                                {
                                                                    "Worker Number": 5,
                                                                    "Actual Startup Time": 111.561,
                                                                    "Actual Total Time": 111.562,
                                                                    "Actual Rows": 31408,
                                                                    "Actual Loops": 1
                                                                }
                                                            ],
                                                            "Plans": [
                                                                {
                                                                    "Node Type": "Seq Scan",
                                                                    "Parent Relationship": "Outer",
                                                                    "Parallel Aware": true,
                                                                    "Relation Name": "title",
                                                                    "Schema": "public",
                                                                    "Alias": "t",
                                                                    "Startup Cost": 0.0,
                                                                    "Total Cost": 45479.21,
                                                                    "Plan Rows": 59244,
                                                                    "Plan Width": 4,
                                                                    "Actual Startup Time": 0.043,
                                                                    "Actual Total Time": 90.176,
                                                                    "Actual Rows": 36701,
                                                                    "Actual Loops": 7,
                                                                    "Output": [
                                                                        "t.id"
                                                                    ],
                                                                    "Filter": "((t.production_year > 2010) AND (t.kind_id = 7))",
                                                                    "Rows Removed by Filter": 324487,
                                                                    "Workers": [
                                                                        {
                                                                            "Worker Number": 0,
                                                                            "Actual Startup Time": 0.069,
                                                                            "Actual Total Time": 90.84,
                                                                            "Actual Rows": 31723,
                                                                            "Actual Loops": 1
                                                                        },
                                                                        {
                                                                            "Worker Number": 1,
                                                                            "Actual Startup Time": 0.048,
                                                                            "Actual Total Time": 92.037,
                                                                            "Actual Rows": 32890,
                                                                            "Actual Loops": 1
                                                                        },
                                                                        {
                                                                            "Worker Number": 2,
                                                                            "Actual Startup Time": 0.039,
                                                                            "Actual Total Time": 91.339,
                                                                            "Actual Rows": 32731,
                                                                            "Actual Loops": 1
                                                                        },
                                                                        {
                                                                            "Worker Number": 3,
                                                                            "Actual Startup Time": 0.048,
                                                                            "Actual Total Time": 90.204,
                                                                            "Actual Rows": 32017,
                                                                            "Actual Loops": 1
                                                                        },
                                                                        {
                                                                            "Worker Number": 4,
                                                                            "Actual Startup Time": 0.03,
                                                                            "Actual Total Time": 90.66,
                                                                            "Actual Rows": 32009,
                                                                            "Actual Loops": 1
                                                                        },
                                                                        {
                                                                            "Worker Number": 5,
                                                                            "Actual Startup Time": 0.049,
                                                                            "Actual Total Time": 91.296,
                                                                            "Actual Rows": 31408,
                                                                            "Actual Loops": 1
                                                                        }
                                                                    ]
                                                                }
                                                            ]
                                                        }
                                                    ]
                                                }
                                            ]
                                        }
                                    ]
                                }
                            ]
                        }
                    ]
                }
            ]
        },
        "Planning Time": 3495.328,
        "Triggers": [],
        "Execution Time": 2420.94
    }
]