[
  {
    "Plan": {
      "Node Type": "Aggregate",
      "Strategy": "Plain",
      "Partial Mode": "Finalize",
      "Parallel Aware": false,
      "Startup Cost": 43116.93,
      "Total Cost": 43116.94,
      "Plan Rows": 1,
      "Plan Width": 8,
      "Actual Startup Time": 156.863,
      "Actual Total Time": 166.289,
      "Actual Rows": 1,
      "Actual Loops": 1,
      "Plans": [
        {
          "Node Type": "Gather",
          "Parent Relationship": "Outer",
          "Parallel Aware": false,
          "Startup Cost": 43116.61,
          "Total Cost": 43116.92,
          "Plan Rows": 3,
          "Plan Width": 8,
          "Actual Startup Time": 156.381,
          "Actual Total Time": 166.273,
          "Actual Rows": 4,
          "Actual Loops": 1,
          "Workers Planned": 3,
          "Workers Launched": 3,
          "Single Copy": false,
          "Plans": [
            {
              "Node Type": "Aggregate",
              "Strategy": "Plain",
              "Partial Mode": "Partial",
              "Parent Relationship": "Outer",
              "Parallel Aware": false,
              "Startup Cost": 42116.61,
              "Total Cost": 42116.62,
              "Plan Rows": 1,
              "Plan Width": 8,
              "Actual Startup Time": 151.062,
              "Actual Total Time": 151.064,
              "Actual Rows": 1,
              "Actual Loops": 4,
              "Plans": [
                {
                  "Node Type": "Bitmap Heap Scan",
                  "Parent Relationship": "Outer",
                  "Parallel Aware": true,
                  "Relation Name": "movie_keyword",
                  "Alias": "mk",
                  "Startup Cost": 14382.34,
                  "Total Cost": 41569.9,
                  "Plan Rows": 218685,
                  "Plan Width": 0,
                  "Actual Startup Time": 60.09,
                  "Actual Total Time": 141.614,
                  "Actual Rows": 170046,
                  "Actual Loops": 4,
                  "Recheck Cond": "(keyword_id < 561)",
                  "Rows Removed by Index Recheck": 0,
                  "Exact Heap Blocks": 10927,
                  "Lossy Heap Blocks": 0,
                  "Plans": [
                    {
                      "Node Type": "Bitmap Index Scan",
                      "Parent Relationship": "Outer",
                      "Parallel Aware": false,
                      "Index Name": "keyword_id_movie_keyword",
                      "Startup Cost": 0.0,
                      "Total Cost": 14212.86,
                      "Plan Rows": 677923,
                      "Plan Width": 0,
                      "Actual Startup Time": 60.988,
                      "Actual Total Time": 60.988,
                      "Actual Rows": 680183,
                      "Actual Loops": 1,
                      "Index Cond": "(keyword_id < 561)"
                    }
                  ]
                }
              ]
            }
          ]
        }
      ]
    },
    "Planning Time": 0.162,
    "Triggers": [],
    "Execution Time": 166.352
  }
]