[
  {
    "Plan": {
      "Node Type": "Aggregate",
      "Strategy": "Plain",
      "Partial Mode": "Finalize",
      "Parallel Aware": false,
      "Startup Cost": 43047.97,
      "Total Cost": 43047.98,
      "Plan Rows": 1,
      "Plan Width": 8,
      "Actual Startup Time": 151.95,
      "Actual Total Time": 162.005,
      "Actual Rows": 1,
      "Actual Loops": 1,
      "Plans": [
        {
          "Node Type": "Gather",
          "Parent Relationship": "Outer",
          "Parallel Aware": false,
          "Startup Cost": 43047.65,
          "Total Cost": 43047.96,
          "Plan Rows": 3,
          "Plan Width": 8,
          "Actual Startup Time": 151.727,
          "Actual Total Time": 161.996,
          "Actual Rows": 4,
          "Actual Loops": 1,
          "Workers Planned": 3,
          "Workers Launched": 3,
          "Single Copy": false,
          "Plans": [
            {
              "Node Type": "Aggregate",
              "Strategy": "Plain",
              "Partial Mode": "Partial",
              "Parent Relationship": "Outer",
              "Parallel Aware": false,
              "Startup Cost": 42047.65,
              "Total Cost": 42047.66,
              "Plan Rows": 1,
              "Plan Width": 8,
              "Actual Startup Time": 145.552,
              "Actual Total Time": 145.554,
              "Actual Rows": 1,
              "Actual Loops": 4,
              "Plans": [
                {
                  "Node Type": "Bitmap Heap Scan",
                  "Parent Relationship": "Outer",
                  "Parallel Aware": true,
                  "Relation Name": "movie_keyword",
                  "Alias": "mk",
                  "Startup Cost": 14326.05,
                  "Total Cost": 41503.05,
                  "Plan Rows": 217840,
                  "Plan Width": 0,
                  "Actual Startup Time": 53.723,
                  "Actual Total Time": 136.28,
                  "Actual Rows": 170046,
                  "Actual Loops": 4,
                  "Recheck Cond": "(keyword_id < 561)",
                  "Rows Removed by Index Recheck": 0,
                  "Exact Heap Blocks": 10202,
                  "Lossy Heap Blocks": 0,
                  "Plans": [
                    {
                      "Node Type": "Bitmap Index Scan",
                      "Parent Relationship": "Outer",
                      "Parallel Aware": false,
                      "Index Name": "keyword_id_movie_keyword",
                      "Startup Cost": 0.0,
                      "Total Cost": 14157.22,
                      "Plan Rows": 675305,
                      "Plan Width": 0,
                      "Actual Startup Time": 55.299,
                      "Actual Total Time": 55.299,
                      "Actual Rows": 680183,
                      "Actual Loops": 1,
                      "Index Cond": "(keyword_id < 561)"
                    }
                  ]
                }
              ]
            }
          ]
        }
      ]
    },
    "Planning Time": 0.163,
    "Triggers": [],
    "Execution Time": 162.074
  }
]