[
  {
    "Plan": {
      "Node Type": "Aggregate",
      "Strategy": "Plain",
      "Partial Mode": "Finalize",
      "Parallel Aware": false,
      "Startup Cost": 345630.56,
      "Total Cost": 345630.57,
      "Plan Rows": 1,
      "Plan Width": 8,
      "Actual Startup Time": 477.208,
      "Actual Total Time": 507.79,
      "Actual Rows": 1,
      "Actual Loops": 1,
      "Plans": [
        {
          "Node Type": "Gather",
          "Parent Relationship": "Outer",
          "Parallel Aware": false,
          "Startup Cost": 345629.94,
          "Total Cost": 345630.55,
          "Plan Rows": 6,
          "Plan Width": 8,
          "Actual Startup Time": 477.057,
          "Actual Total Time": 507.774,
          "Actual Rows": 7,
          "Actual Loops": 1,
          "Workers Planned": 6,
          "Workers Launched": 6,
          "Single Copy": false,
          "Plans": [
            {
              "Node Type": "Aggregate",
              "Strategy": "Plain",
              "Partial Mode": "Partial",
              "Parent Relationship": "Outer",
              "Parallel Aware": false,
              "Startup Cost": 344629.94,
              "Total Cost": 344629.95,
              "Plan Rows": 1,
              "Plan Width": 8,
              "Actual Startup Time": 466.159,
              "Actual Total Time": 466.161,
              "Actual Rows": 1,
              "Actual Loops": 7,
              "Plans": [
                {
                  "Node Type": "Index Scan",
                  "Parent Relationship": "Outer",
                  "Parallel Aware": true,
                  "Scan Direction": "Forward",
                  "Index Name": "role_id_cast_info",
                  "Relation Name": "cast_info",
                  "Alias": "ci",
                  "Startup Cost": 0.56,
                  "Total Cost": 341155.22,
                  "Plan Rows": 1389887,
                  "Plan Width": 0,
                  "Actual Startup Time": 312.374,
                  "Actual Total Time": 437.335,
                  "Actual Rows": 511840,
                  "Actual Loops": 7,
                  "Index Cond": "(role_id < 2)",
                  "Rows Removed by Index Recheck": 0,
                  "Filter": "(person_id > 1239365)",
                  "Rows Removed by Filter": 1298258
                }
              ]
            }
          ]
        }
      ]
    },
    "Planning Time": 0.242,
    "Triggers": [],
    "Execution Time": 507.865
  }
]