[
  {
    "Plan": {
      "Node Type": "Aggregate",
      "Strategy": "Plain",
      "Partial Mode": "Finalize",
      "Parallel Aware": false,
      "Startup Cost": 339629.61,
      "Total Cost": 339629.62,
      "Plan Rows": 1,
      "Plan Width": 8,
      "Actual Startup Time": 411.64,
      "Actual Total Time": 433.203,
      "Actual Rows": 1,
      "Actual Loops": 1,
      "Plans": [
        {
          "Node Type": "Gather",
          "Parent Relationship": "Outer",
          "Parallel Aware": false,
          "Startup Cost": 339628.99,
          "Total Cost": 339629.6,
          "Plan Rows": 6,
          "Plan Width": 8,
          "Actual Startup Time": 411.433,
          "Actual Total Time": 433.195,
          "Actual Rows": 7,
          "Actual Loops": 1,
          "Workers Planned": 6,
          "Workers Launched": 6,
          "Single Copy": false,
          "Plans": [
            {
              "Node Type": "Aggregate",
              "Strategy": "Plain",
              "Partial Mode": "Partial",
              "Parent Relationship": "Outer",
              "Parallel Aware": false,
              "Startup Cost": 338628.99,
              "Total Cost": 338629.0,
              "Plan Rows": 1,
              "Plan Width": 8,
              "Actual Startup Time": 401.393,
              "Actual Total Time": 401.394,
              "Actual Rows": 1,
              "Actual Loops": 7,
              "Plans": [
                {
                  "Node Type": "Index Scan",
                  "Parent Relationship": "Outer",
                  "Parallel Aware": true,
                  "Scan Direction": "Forward",
                  "Index Name": "role_id_cast_info",
                  "Relation Name": "cast_info",
                  "Alias": "ci",
                  "Startup Cost": 0.56,
                  "Total Cost": 335235.55,
                  "Plan Rows": 1357375,
                  "Plan Width": 0,
                  "Actual Startup Time": 270.512,
                  "Actual Total Time": 377.8,
                  "Actual Rows": 511840,
                  "Actual Loops": 7,
                  "Index Cond": "(role_id < 2)",
                  "Rows Removed by Index Recheck": 0,
                  "Filter": "(person_id > 1239365)",
                  "Rows Removed by Filter": 1298258
                }
              ]
            }
          ]
        }
      ]
    },
    "Planning Time": 0.225,
    "Triggers": [],
    "Execution Time": 433.267
  }
]