[
  {
    "Plan": {
      "Node Type": "Aggregate",
      "Strategy": "Plain",
      "Partial Mode": "Finalize",
      "Parallel Aware": false,
      "Startup Cost": 340558.16,
      "Total Cost": 340558.17,
      "Plan Rows": 1,
      "Plan Width": 8,
      "Actual Startup Time": 435.209,
      "Actual Total Time": 457.498,
      "Actual Rows": 1,
      "Actual Loops": 1,
      "Plans": [
        {
          "Node Type": "Gather",
          "Parent Relationship": "Outer",
          "Parallel Aware": false,
          "Startup Cost": 340557.54,
          "Total Cost": 340558.15,
          "Plan Rows": 6,
          "Plan Width": 8,
          "Actual Startup Time": 435.128,
          "Actual Total Time": 457.492,
          "Actual Rows": 7,
          "Actual Loops": 1,
          "Workers Planned": 6,
          "Workers Launched": 6,
          "Single Copy": false,
          "Plans": [
            {
              "Node Type": "Aggregate",
              "Strategy": "Plain",
              "Partial Mode": "Partial",
              "Parent Relationship": "Outer",
              "Parallel Aware": false,
              "Startup Cost": 339557.54,
              "Total Cost": 339557.55,
              "Plan Rows": 1,
              "Plan Width": 8,
              "Actual Startup Time": 425.198,
              "Actual Total Time": 425.199,
              "Actual Rows": 1,
              "Actual Loops": 7,
              "Plans": [
                {
                  "Node Type": "Index Scan",
                  "Parent Relationship": "Outer",
                  "Parallel Aware": true,
                  "Scan Direction": "Forward",
                  "Index Name": "role_id_cast_info",
                  "Relation Name": "cast_info",
                  "Alias": "ci",
                  "Startup Cost": 0.56,
                  "Total Cost": 335235.55,
                  "Plan Rows": 1728796,
                  "Plan Width": 0,
                  "Actual Startup Time": 140.633,
                  "Actual Total Time": 374.768,
                  "Actual Rows": 1162485,
                  "Actual Loops": 7,
                  "Index Cond": "(role_id = 1)",
                  "Rows Removed by Index Recheck": 0,
                  "Filter": "(person_id > 607076)",
                  "Rows Removed by Filter": 647613
                }
              ]
            }
          ]
        }
      ]
    },
    "Planning Time": 0.327,
    "Triggers": [],
    "Execution Time": 457.563
  }
]