[
    {
        "Bao": {
            "Bao prediction": "NaN",
            "Bao recommended hint": "(no hint)"
        }
    },
    {
        "Plan": {
            "Node Type": "Aggregate",
            "Strategy": "Plain",
            "Partial Mode": "Simple",
            "Parallel Aware": false,
            "Startup Cost": 174908.15,
            "Total Cost": 174908.16,
            "Plan Rows": 1,
            "Plan Width": 8,
            "Actual Startup Time": 40.395,
            "Actual Total Time": 40.397,
            "Actual Rows": 1,
            "Actual Loops": 1,
            "Output": [
                "count(*)"
            ],
            "Plans": [
                {
                    "Node Type": "Bitmap Heap Scan",
                    "Parent Relationship": "Outer",
                    "Parallel Aware": false,
                    "Relation Name": "movie_info",
                    "Schema": "public",
                    "Alias": "mi",
                    "Startup Cost": 3190.13,
                    "Total Cost": 174468.89,
                    "Plan Rows": 175702,
                    "Plan Width": 0,
                    "Actual Startup Time": 7.882,
                    "Actual Total Time": 32.596,
                    "Actual Rows": 197754,
                    "Actual Loops": 1,
                    "Recheck Cond": "(mi.info_type_id > 106)",
                    "Rows Removed by Index Recheck": 0,
                    "Exact Heap Blocks": 4967,
                    "Lossy Heap Blocks": 0,
                    "Plans": [
                        {
                            "Node Type": "Bitmap Index Scan",
                            "Parent Relationship": "Outer",
                            "Parallel Aware": false,
                            "Index Name": "info_type_id_movie_info",
                            "Startup Cost": 0.0,
                            "Total Cost": 3146.2,
                            "Plan Rows": 175702,
                            "Plan Width": 0,
                            "Actual Startup Time": 7.172,
                            "Actual Total Time": 7.172,
                            "Actual Rows": 197754,
                            "Actual Loops": 1,
                            "Index Cond": "(mi.info_type_id > 106)"
                        }
                    ]
                }
            ]
        },
        "Planning Time": 190.308,
        "Triggers": [],
        "Execution Time": 40.483
    }
]