[
  {
    "Plan": {
      "Node Type": "Aggregate",
      "Strategy": "Plain",
      "Partial Mode": "Finalize",
      "Parallel Aware": false,
      "Startup Cost": 50779.11,
      "Total Cost": 50779.12,
      "Plan Rows": 1,
      "Plan Width": 8,
      "Actual Startup Time": 104.811,
      "Actual Total Time": 118.637,
      "Actual Rows": 1,
      "Actual Loops": 1,
      "Plans": [
        {
          "Node Type": "Gather",
          "Parent Relationship": "Outer",
          "Parallel Aware": false,
          "Startup Cost": 50778.69,
          "Total Cost": 50779.1,
          "Plan Rows": 4,
          "Plan Width": 8,
          "Actual Startup Time": 104.616,
          "Actual Total Time": 118.628,
          "Actual Rows": 5,
          "Actual Loops": 1,
          "Workers Planned": 4,
          "Workers Launched": 4,
          "Single Copy": false,
          "Plans": [
            {
              "Node Type": "Aggregate",
              "Strategy": "Plain",
              "Partial Mode": "Partial",
              "Parent Relationship": "Outer",
              "Parallel Aware": false,
              "Startup Cost": 49778.69,
              "Total Cost": 49778.7,
              "Plan Rows": 1,
              "Plan Width": 8,
              "Actual Startup Time": 96.247,
              "Actual Total Time": 96.25,
              "Actual Rows": 1,
              "Actual Loops": 5,
              "Plans": [
                {
                  "Node Type": "Nested Loop",
                  "Parent Relationship": "Outer",
                  "Parallel Aware": false,
                  "Join Type": "Inner",
                  "Startup Cost": 0.43,
                  "Total Cost": 49777.9,
                  "Plan Rows": 318,
                  "Plan Width": 0,
                  "Actual Startup Time": 60.213,
                  "Actual Total Time": 96.152,
                  "Actual Rows": 868,
                  "Actual Loops": 5,
                  "Inner Unique": false,
                  "Plans": [
                    {
                      "Node Type": "Seq Scan",
                      "Parent Relationship": "Outer",
                      "Parallel Aware": true,
                      "Relation Name": "title",
                      "Alias": "t",
                      "Startup Cost": 0.0,
                      "Total Cost": 45479.59,
                      "Plan Rows": 583,
                      "Plan Width": 4,
                      "Actual Startup Time": 58.961,
                      "Actual Total Time": 88.977,
                      "Actual Rows": 738,
                      "Actual Loops": 5,
                      "Filter": "((kind_id = 1) AND (production_year = 1964))",
                      "Rows Removed by Filter": 504924
                    },
                    {
                      "Node Type": "Index Only Scan",
                      "Parent Relationship": "Inner",
                      "Parallel Aware": false,
                      "Scan Direction": "Forward",
                      "Index Name": "movie_id_movie_info_idx",
                      "Relation Name": "movie_info_idx",
                      "Alias": "mi_idx",
                      "Startup Cost": 0.43,
                      "Total Cost": 7.34,
                      "Plan Rows": 3,
                      "Plan Width": 4,
                      "Actual Startup Time": 0.009,
                      "Actual Total Time": 0.009,
                      "Actual Rows": 1,
                      "Actual Loops": 3692,
                      "Index Cond": "(movie_id = t.id)",
                      "Rows Removed by Index Recheck": 0,
                      "Heap Fetches": 4340
                    }
                  ]
                }
              ]
            }
          ]
        }
      ]
    },
    "Planning Time": 0.278,
    "Triggers": [],
    "Execution Time": 118.688
  }
]