[
  {
    "Plan": {
      "Node Type": "Aggregate",
      "Strategy": "Plain",
      "Partial Mode": "Finalize",
      "Parallel Aware": false,
      "Startup Cost": 74637.9,
      "Total Cost": 74637.91,
      "Plan Rows": 1,
      "Plan Width": 8,
      "Actual Startup Time": 97.143,
      "Actual Total Time": 111.959,
      "Actual Rows": 1,
      "Actual Loops": 1,
      "Plans": [
        {
          "Node Type": "Gather",
          "Parent Relationship": "Outer",
          "Parallel Aware": false,
          "Startup Cost": 74637.48,
          "Total Cost": 74637.89,
          "Plan Rows": 4,
          "Plan Width": 8,
          "Actual Startup Time": 96.969,
          "Actual Total Time": 111.946,
          "Actual Rows": 5,
          "Actual Loops": 1,
          "Workers Planned": 4,
          "Workers Launched": 4,
          "Single Copy": false,
          "Plans": [
            {
              "Node Type": "Aggregate",
              "Strategy": "Plain",
              "Partial Mode": "Partial",
              "Parent Relationship": "Outer",
              "Parallel Aware": false,
              "Startup Cost": 73637.48,
              "Total Cost": 73637.49,
              "Plan Rows": 1,
              "Plan Width": 8,
              "Actual Startup Time": 90.754,
              "Actual Total Time": 90.755,
              "Actual Rows": 1,
              "Actual Loops": 5,
              "Plans": [
                {
                  "Node Type": "Nested Loop",
                  "Parent Relationship": "Outer",
                  "Parallel Aware": false,
                  "Join Type": "Inner",
                  "Startup Cost": 0.43,
                  "Total Cost": 73631.44,
                  "Plan Rows": 2416,
                  "Plan Width": 0,
                  "Actual Startup Time": 48.507,
                  "Actual Total Time": 90.607,
                  "Actual Rows": 2165,
                  "Actual Loops": 5,
                  "Inner Unique": false,
                  "Plans": [
                    {
                      "Node Type": "Seq Scan",
                      "Parent Relationship": "Outer",
                      "Parallel Aware": true,
                      "Relation Name": "title",
                      "Alias": "t",
                      "Startup Cost": 0.0,
                      "Total Cost": 45479.59,
                      "Plan Rows": 4005,
                      "Plan Width": 4,
                      "Actual Startup Time": 48.33,
                      "Actual Total Time": 73.663,
                      "Actual Rows": 1748,
                      "Actual Loops": 5,
                      "Filter": "((kind_id = 1) AND (production_year = 2001))",
                      "Rows Removed by Filter": 503914
                    },
                    {
                      "Node Type": "Index Scan",
                      "Parent Relationship": "Inner",
                      "Parallel Aware": false,
                      "Scan Direction": "Forward",
                      "Index Name": "movie_id_movie_companies",
                      "Relation Name": "movie_companies",
                      "Alias": "mc",
                      "Startup Cost": 0.43,
                      "Total Cost": 7.0,
                      "Plan Rows": 3,
                      "Plan Width": 4,
                      "Actual Startup Time": 0.008,
                      "Actual Total Time": 0.009,
                      "Actual Rows": 1,
                      "Actual Loops": 8740,
                      "Index Cond": "(movie_id = t.id)",
                      "Rows Removed by Index Recheck": 0,
                      "Filter": "(company_id < 14405)",
                      "Rows Removed by Filter": 1
                    }
                  ]
                }
              ]
            }
          ]
        }
      ]
    },
    "Planning Time": 0.202,
    "Triggers": [],
    "Execution Time": 111.987
  }
]