[
  {
    "Plan": {
      "Node Type": "Aggregate",
      "Strategy": "Plain",
      "Partial Mode": "Finalize",
      "Parallel Aware": false,
      "Startup Cost": 334321.82,
      "Total Cost": 334321.83,
      "Plan Rows": 1,
      "Plan Width": 8,
      "Actual Startup Time": 630.77,
      "Actual Total Time": 673.142,
      "Actual Rows": 1,
      "Actual Loops": 1,
      "Plans": [
        {
          "Node Type": "Gather",
          "Parent Relationship": "Outer",
          "Parallel Aware": false,
          "Startup Cost": 334321.2,
          "Total Cost": 334321.81,
          "Plan Rows": 6,
          "Plan Width": 8,
          "Actual Startup Time": 630.556,
          "Actual Total Time": 673.13,
          "Actual Rows": 7,
          "Actual Loops": 1,
          "Workers Planned": 6,
          "Workers Launched": 6,
          "Single Copy": false,
          "Plans": [
            {
              "Node Type": "Aggregate",
              "Strategy": "Plain",
              "Partial Mode": "Partial",
              "Parent Relationship": "Outer",
              "Parallel Aware": false,
              "Startup Cost": 333321.2,
              "Total Cost": 333321.21,
              "Plan Rows": 1,
              "Plan Width": 8,
              "Actual Startup Time": 624.313,
              "Actual Total Time": 624.314,
              "Actual Rows": 1,
              "Actual Loops": 7,
              "Plans": [
                {
                  "Node Type": "Seq Scan",
                  "Parent Relationship": "Outer",
                  "Parallel Aware": true,
                  "Relation Name": "cast_info",
                  "Alias": "ci",
                  "Startup Cost": 0.0,
                  "Total Cost": 328211.39,
                  "Plan Rows": 2043923,
                  "Plan Width": 0,
                  "Actual Startup Time": 258.002,
                  "Actual Total Time": 545.794,
                  "Actual Rows": 1726440,
                  "Actual Loops": 7,
                  "Filter": "(person_id > 2478095)",
                  "Rows Removed by Filter": 3451324
                }
              ]
            }
          ]
        }
      ]
    },
    "Planning Time": 0.154,
    "Triggers": [],
    "Execution Time": 673.194
  }
]