[
  {
    "Plan": {
      "Node Type": "Aggregate",
      "Strategy": "Plain",
      "Partial Mode": "Finalize",
      "Parallel Aware": false,
      "Startup Cost": 334214.5,
      "Total Cost": 334214.51,
      "Plan Rows": 1,
      "Plan Width": 8,
      "Actual Startup Time": 649.678,
      "Actual Total Time": 710.673,
      "Actual Rows": 1,
      "Actual Loops": 1,
      "Plans": [
        {
          "Node Type": "Gather",
          "Parent Relationship": "Outer",
          "Parallel Aware": false,
          "Startup Cost": 334213.88,
          "Total Cost": 334214.49,
          "Plan Rows": 6,
          "Plan Width": 8,
          "Actual Startup Time": 649.576,
          "Actual Total Time": 710.66,
          "Actual Rows": 7,
          "Actual Loops": 1,
          "Workers Planned": 6,
          "Workers Launched": 6,
          "Single Copy": false,
          "Plans": [
            {
              "Node Type": "Aggregate",
              "Strategy": "Plain",
              "Partial Mode": "Partial",
              "Parent Relationship": "Outer",
              "Parallel Aware": false,
              "Startup Cost": 333213.88,
              "Total Cost": 333213.89,
              "Plan Rows": 1,
              "Plan Width": 8,
              "Actual Startup Time": 640.787,
              "Actual Total Time": 640.788,
              "Actual Rows": 1,
              "Actual Loops": 7,
              "Plans": [
                {
                  "Node Type": "Seq Scan",
                  "Parent Relationship": "Outer",
                  "Parallel Aware": true,
                  "Relation Name": "cast_info",
                  "Alias": "ci",
                  "Startup Cost": 0.0,
                  "Total Cost": 328162.03,
                  "Plan Rows": 2020741,
                  "Plan Width": 0,
                  "Actual Startup Time": 269.985,
                  "Actual Total Time": 566.581,
                  "Actual Rows": 1726440,
                  "Actual Loops": 7,
                  "Filter": "(person_id > 2478095)",
                  "Rows Removed by Filter": 3451324
                }
              ]
            }
          ]
        }
      ]
    },
    "Planning Time": 0.155,
    "Triggers": [],
    "Execution Time": 710.737
  }
]