{
  "Plan": {
    "Node Type": "Aggregate",
    "Strategy": "Plain",
    "Partial Mode": "Finalize",
    "Parallel Aware": false,
    "Startup Cost": 3322454.71,
    "Total Cost": 3322454.72,
    "Plan Rows": 1,
    "Plan Width": 8,
    "Actual Startup Time": 16067.791,
    "Actual Total Time": 16207.932,
    "Actual Rows": 1,
    "Actual Loops": 1,
    "Plans": [
      {
        "Node Type": "Gather",
        "Parent Relationship": "Outer",
        "Parallel Aware": false,
        "Startup Cost": 3322454.6,
        "Total Cost": 3322454.71,
        "Plan Rows": 1,
        "Plan Width": 8,
        "Actual Startup Time": 16067.783,
        "Actual Total Time": 16207.926,
        "Actual Rows": 2,
        "Actual Loops": 1,
        "Workers Planned": 1,
        "Workers Launched": 1,
        "Single Copy": false,
        "Plans": [
          {
            "Node Type": "Aggregate",
            "Strategy": "Plain",
            "Partial Mode": "Partial",
            "Parent Relationship": "Outer",
            "Parallel Aware": false,
            "Startup Cost": 3321454.6,
            "Total Cost": 3321454.61,
            "Plan Rows": 1,
            "Plan Width": 8,
            "Actual Startup Time": 16049.918,
            "Actual Total Time": 16049.921,
            "Actual Rows": 1,
            "Actual Loops": 2,
            "Plans": [
              {
                "Node Type": "Merge Join",
                "Parent Relationship": "Outer",
                "Parallel Aware": false,
                "Join Type": "Inner",
                "Startup Cost": 1573734.76,
                "Total Cost": 3241684.1,
                "Plan Rows": 31908199,
                "Plan Width": 0,
                "Actual Startup Time": 2962.266,
                "Actual Total Time": 14906.529,
                "Actual Rows": 29873336,
                "Actual Loops": 2,
                "Inner Unique": false,
                "Merge Cond": "(t.id = mi.movie_id)",
                "Plans": [
                  {
                    "Node Type": "Merge Join",
                    "Parent Relationship": "Outer",
                    "Parallel Aware": false,
                    "Join Type": "Inner",
                    "Startup Cost": 1573732.1,
                    "Total Cost": 1670404.63,
                    "Plan Rows": 5456920,
                    "Plan Width": 8,
                    "Actual Startup Time": 2962.056,
                    "Actual Total Time": 4183.23,
                    "Actual Rows": 2005581,
                    "Actual Loops": 2,
                    "Inner Unique": true,
                    "Merge Cond": "(ci.movie_id = t.id)",
                    "Plans": [
                      {
                        "Node Type": "Sort",
                        "Parent Relationship": "Outer",
                        "Parallel Aware": false,
                        "Startup Cost": 1271371.39,
                        "Total Cost": 1286861.95,
                        "Plan Rows": 6196222,
                        "Plan Width": 4,
                        "Actual Startup Time": 2104.614,
                        "Actual Total Time": 2446.844,
                        "Actual Rows": 2242512,
                        "Actual Loops": 2,
                        "Sort Key": [
                          "ci.movie_id"
                        ],
                        "Sort Method": "quicksort",
                        "Sort Space Used": 207044,
                        "Sort Space Type": "Memory",
                        "Workers": [
                          {
                            "Worker Number": 0,
                            "Sort Method": "quicksort",
                            "Sort Space Used": 199800,
                            "Sort Space Type": "Memory"
                          }
                        ],
                        "Plans": [
                          {
                            "Node Type": "Seq Scan",
                            "Parent Relationship": "Outer",
                            "Parallel Aware": true,
                            "Relation Name": "cast_info",
                            "Alias": "ci",
                            "Startup Cost": 0.0,
                            "Total Cost": 572345.93,
                            "Plan Rows": 6196222,
                            "Plan Width": 4,
                            "Actual Startup Time": 557.352,
                            "Actual Total Time": 1571.33,
                            "Actual Rows": 2242512,
                            "Actual Loops": 2,
                            "Filter": "((person_id < 1589231) AND (role_id > 1))",
                            "Rows Removed by Filter": 15879660
                          }
                        ]
                      },
                      {
                        "Node Type": "Sort",
                        "Parent Relationship": "Inner",
                        "Parallel Aware": false,
                        "Startup Cost": 302360.06,
                        "Total Cost": 307926.63,
                        "Plan Rows": 2226630,
                        "Plan Width": 4,
                        "Actual Startup Time": 857.426,
                        "Actual Total Time": 1244.43,
                        "Actual Rows": 2223482,
                        "Actual Loops": 2,
                        "Sort Key": [
                          "t.id"
                        ],
                        "Sort Method": "quicksort",
                        "Sort Space Used": 202581,
                        "Sort Space Type": "Memory",
                        "Workers": [
                          {
                            "Worker Number": 0,
                            "Sort Method": "quicksort",
                            "Sort Space Used": 202581,
                            "Sort Space Type": "Memory"
                          }
                        ],
                        "Plans": [
                          {
                            "Node Type": "Seq Scan",
                            "Parent Relationship": "Outer",
                            "Parallel Aware": false,
                            "Relation Name": "title",
                            "Alias": "t",
                            "Startup Cost": 0.0,
                            "Total Cost": 67601.66,
                            "Plan Rows": 2226630,
                            "Plan Width": 4,
                            "Actual Startup Time": 0.052,
                            "Actual Total Time": 306.881,
                            "Actual Rows": 2224569,
                            "Actual Loops": 2,
                            "Filter": "(production_year < 2012)",
                            "Rows Removed by Filter": 303743
                          }
                        ]
                      }
                    ]
                  },
                  {
                    "Node Type": "Materialize",
                    "Parent Relationship": "Inner",
                    "Parallel Aware": false,
                    "Startup Cost": 0.43,
                    "Total Cost": 1116056.49,
                    "Plan Rows": 14783665,
                    "Plan Width": 4,
                    "Actual Startup Time": 0.08,
                    "Actual Total Time": 7407.753,
                    "Actual Rows": 36573744,
                    "Actual Loops": 2,
                    "Plans": [
                      {
                        "Node Type": "Index Only Scan",
                        "Parent Relationship": "Outer",
                        "Parallel Aware": false,
                        "Scan Direction": "Forward",
                        "Index Name": "movie_id_movie_info",
                        "Relation Name": "movie_info",
                        "Alias": "mi",
                        "Startup Cost": 0.43,
                        "Total Cost": 1079097.33,
                        "Plan Rows": 14783665,
                        "Plan Width": 4,
                        "Actual Startup Time": 0.075,
                        "Actual Total Time": 4782.706,
                        "Actual Rows": 14834916,
                        "Actual Loops": 2,
                        "Heap Fetches": 29669833
                      }
                    ]
                  }
                ]
              }
            ]
          }
        ]
      }
    ]
  },
  "Planning Time": 1.105,
  "Triggers": [],
  "Execution Time": 16242.233
}