[
  {
    "Plan": {
      "Node Type": "Aggregate",
      "Strategy": "Plain",
      "Partial Mode": "Finalize",
      "Parallel Aware": false,
      "Startup Cost": 100263.96,
      "Total Cost": 100263.97,
      "Plan Rows": 1,
      "Plan Width": 8,
      "Actual Startup Time": 711.593,
      "Actual Total Time": 729.135,
      "Actual Rows": 1,
      "Actual Loops": 1,
      "Plans": [
        {
          "Node Type": "Gather",
          "Parent Relationship": "Outer",
          "Parallel Aware": false,
          "Startup Cost": 100263.65,
          "Total Cost": 100263.96,
          "Plan Rows": 3,
          "Plan Width": 8,
          "Actual Startup Time": 697.87,
          "Actual Total Time": 729.127,
          "Actual Rows": 4,
          "Actual Loops": 1,
          "Workers Planned": 3,
          "Workers Launched": 3,
          "Single Copy": false,
          "Plans": [
            {
              "Node Type": "Aggregate",
              "Strategy": "Plain",
              "Partial Mode": "Partial",
              "Parent Relationship": "Outer",
              "Parallel Aware": false,
              "Startup Cost": 99263.65,
              "Total Cost": 99263.66,
              "Plan Rows": 1,
              "Plan Width": 8,
              "Actual Startup Time": 685.945,
              "Actual Total Time": 685.949,
              "Actual Rows": 1,
              "Actual Loops": 4,
              "Plans": [
                {
                  "Node Type": "Hash Join",
                  "Parent Relationship": "Outer",
                  "Parallel Aware": true,
                  "Join Type": "Inner",
                  "Startup Cost": 50381.57,
                  "Total Cost": 96550.15,
                  "Plan Rows": 1085400,
                  "Plan Width": 0,
                  "Actual Startup Time": 342.101,
                  "Actual Total Time": 646.921,
                  "Actual Rows": 796255,
                  "Actual Loops": 4,
                  "Inner Unique": true,
                  "Hash Cond": "(mk.movie_id = t.id)",
                  "Plans": [
                    {
                      "Node Type": "Seq Scan",
                      "Parent Relationship": "Outer",
                      "Parallel Aware": true,
                      "Relation Name": "movie_keyword",
                      "Alias": "mk",
                      "Startup Cost": 0.0,
                      "Total Cost": 42695.65,
                      "Plan Rows": 1323013,
                      "Plan Width": 4,
                      "Actual Startup Time": 0.034,
                      "Actual Total Time": 127.07,
                      "Actual Rows": 1026448,
                      "Actual Loops": 4,
                      "Filter": "(keyword_id < 41656)",
                      "Rows Removed by Filter": 104535
                    },
                    {
                      "Node Type": "Hash",
                      "Parent Relationship": "Inner",
                      "Parallel Aware": true,
                      "Startup Cost": 43899.32,
                      "Total Cost": 43899.32,
                      "Plan Rows": 518580,
                      "Plan Width": 4,
                      "Actual Startup Time": 335.388,
                      "Actual Total Time": 335.389,
                      "Actual Rows": 515086,
                      "Actual Loops": 4,
                      "Hash Buckets": 2097152,
                      "Original Hash Buckets": 2097152,
                      "Hash Batches": 1,
                      "Original Hash Batches": 1,
                      "Peak Memory Usage": 97024,
                      "Plans": [
                        {
                          "Node Type": "Seq Scan",
                          "Parent Relationship": "Outer",
                          "Parallel Aware": true,
                          "Relation Name": "title",
                          "Alias": "t",
                          "Startup Cost": 0.0,
                          "Total Cost": 43899.32,
                          "Plan Rows": 518580,
                          "Plan Width": 4,
                          "Actual Startup Time": 0.067,
                          "Actual Total Time": 130.347,
                          "Actual Rows": 515086,
                          "Actual Loops": 4,
                          "Filter": "(production_year > 1971)",
                          "Rows Removed by Filter": 116992
                        }
                      ]
                    }
                  ]
                }
              ]
            }
          ]
        }
      ]
    },
    "Planning Time": 0.414,
    "Triggers": [],
    "Execution Time": 729.189
  }
]