{
  "Plan": {
    "Node Type": "Aggregate",
    "Strategy": "Plain",
    "Partial Mode": "Finalize",
    "Parallel Aware": false,
    "Startup Cost": 516223.3,
    "Total Cost": 516223.31,
    "Plan Rows": 1,
    "Plan Width": 8,
    "Actual Startup Time": 2894.329,
    "Actual Total Time": 2918.473,
    "Actual Rows": 1,
    "Actual Loops": 1,
    "Plans": [
      {
        "Node Type": "Gather",
        "Parent Relationship": "Outer",
        "Parallel Aware": false,
        "Startup Cost": 516223.19,
        "Total Cost": 516223.3,
        "Plan Rows": 1,
        "Plan Width": 8,
        "Actual Startup Time": 2369.319,
        "Actual Total Time": 2918.455,
        "Actual Rows": 2,
        "Actual Loops": 1,
        "Workers Planned": 1,
        "Workers Launched": 1,
        "Single Copy": false,
        "Plans": [
          {
            "Node Type": "Aggregate",
            "Strategy": "Plain",
            "Partial Mode": "Partial",
            "Parent Relationship": "Outer",
            "Parallel Aware": false,
            "Startup Cost": 515223.19,
            "Total Cost": 515223.2,
            "Plan Rows": 1,
            "Plan Width": 8,
            "Actual Startup Time": 2623.562,
            "Actual Total Time": 2623.567,
            "Actual Rows": 1,
            "Actual Loops": 2,
            "Plans": [
              {
                "Node Type": "Merge Join",
                "Parent Relationship": "Outer",
                "Parallel Aware": false,
                "Join Type": "Inner",
                "Startup Cost": 237049.47,
                "Total Cost": 513813.96,
                "Plan Rows": 563691,
                "Plan Width": 0,
                "Actual Startup Time": 834.528,
                "Actual Total Time": 2610.469,
                "Actual Rows": 297512,
                "Actual Loops": 2,
                "Inner Unique": false,
                "Merge Cond": "(t.id = mc.movie_id)",
                "Plans": [
                  {
                    "Node Type": "Merge Join",
                    "Parent Relationship": "Outer",
                    "Parallel Aware": false,
                    "Join Type": "Inner",
                    "Startup Cost": 237046.53,
                    "Total Cost": 360355.45,
                    "Plan Rows": 546226,
                    "Plan Width": 8,
                    "Actual Startup Time": 834.39,
                    "Actual Total Time": 2016.103,
                    "Actual Rows": 385022,
                    "Actual Loops": 2,
                    "Inner Unique": false,
                    "Merge Cond": "(t.id = ci.movie_id)",
                    "Plans": [
                      {
                        "Node Type": "Index Scan",
                        "Parent Relationship": "Outer",
                        "Parallel Aware": true,
                        "Scan Direction": "Forward",
                        "Index Name": "title_pkey",
                        "Relation Name": "title",
                        "Alias": "t",
                        "Startup Cost": 0.43,
                        "Total Cost": 107365.5,
                        "Plan Rows": 805925,
                        "Plan Width": 4,
                        "Actual Startup Time": 0.067,
                        "Actual Total Time": 775.019,
                        "Actual Rows": 725312,
                        "Actual Loops": 2,
                        "Filter": "((production_year > 1956) AND (kind_id = 7))",
                        "Rows Removed by Filter": 537846
                      },
                      {
                        "Node Type": "Sort",
                        "Parent Relationship": "Inner",
                        "Parallel Aware": false,
                        "Startup Cost": 237045.92,
                        "Total Cost": 241329.88,
                        "Plan Rows": 1713585,
                        "Plan Width": 4,
                        "Actual Startup Time": 834.254,
                        "Actual Total Time": 1045.647,
                        "Actual Rows": 1703474,
                        "Actual Loops": 2,
                        "Sort Key": [
                          "ci.movie_id"
                        ],
                        "Sort Method": "quicksort",
                        "Sort Space Used": 129006,
                        "Sort Space Type": "Memory",
                        "Workers": [
                          {
                            "Worker Number": 0,
                            "Sort Method": "quicksort",
                            "Sort Space Used": 129006,
                            "Sort Space Type": "Memory"
                          }
                        ],
                        "Plans": [
                          {
                            "Node Type": "Index Scan",
                            "Parent Relationship": "Outer",
                            "Parallel Aware": false,
                            "Scan Direction": "Forward",
                            "Index Name": "role_id_cast_info",
                            "Relation Name": "cast_info",
                            "Alias": "ci",
                            "Startup Cost": 0.56,
                            "Total Cost": 59616.3,
                            "Plan Rows": 1713585,
                            "Plan Width": 4,
                            "Actual Startup Time": 0.191,
                            "Actual Total Time": 331.604,
                            "Actual Rows": 1703543,
                            "Actual Loops": 2,
                            "Index Cond": "(role_id = 8)",
                            "Rows Removed by Index Recheck": 0
                          }
                        ]
                      }
                    ]
                  },
                  {
                    "Node Type": "Index Only Scan",
                    "Parent Relationship": "Inner",
                    "Parallel Aware": false,
                    "Scan Direction": "Forward",
                    "Index Name": "movie_id_movie_companies",
                    "Relation Name": "movie_companies",
                    "Alias": "mc",
                    "Startup Cost": 0.43,
                    "Total Cost": 140059.44,
                    "Plan Rows": 2609129,
                    "Plan Width": 4,
                    "Actual Startup Time": 0.057,
                    "Actual Total Time": 472.86,
                    "Actual Rows": 1792320,
                    "Actual Loops": 2,
                    "Heap Fetches": 3584640
                  }
                ]
              }
            ]
          }
        ]
      }
    ]
  },
  "Planning Time": 3.525,
  "Triggers": [],
  "Execution Time": 2931.345
}