[
    {
        "Bao": {
            "Bao prediction": "NaN",
            "Bao recommended hint": "(no hint)"
        }
    },
    {
        "Plan": {
            "Node Type": "Aggregate",
            "Strategy": "Plain",
            "Partial Mode": "Finalize",
            "Parallel Aware": false,
            "Startup Cost": 347177.52,
            "Total Cost": 347177.53,
            "Plan Rows": 1,
            "Plan Width": 8,
            "Actual Startup Time": 721.425,
            "Actual Total Time": 753.987,
            "Actual Rows": 1,
            "Actual Loops": 1,
            "Output": [
                "count(*)"
            ],
            "Plans": [
                {
                    "Node Type": "Gather",
                    "Parent Relationship": "Outer",
                    "Parallel Aware": false,
                    "Startup Cost": 347176.89,
                    "Total Cost": 347177.5,
                    "Plan Rows": 6,
                    "Plan Width": 8,
                    "Actual Startup Time": 721.29,
                    "Actual Total Time": 753.978,
                    "Actual Rows": 7,
                    "Actual Loops": 1,
                    "Output": [
                        "(PARTIAL count(*))"
                    ],
                    "Workers Planned": 6,
                    "Workers Launched": 6,
                    "Single Copy": false,
                    "Plans": [
                        {
                            "Node Type": "Aggregate",
                            "Strategy": "Plain",
                            "Partial Mode": "Partial",
                            "Parent Relationship": "Outer",
                            "Parallel Aware": false,
                            "Startup Cost": 346176.89,
                            "Total Cost": 346176.9,
                            "Plan Rows": 1,
                            "Plan Width": 8,
                            "Actual Startup Time": 711.553,
                            "Actual Total Time": 711.554,
                            "Actual Rows": 1,
                            "Actual Loops": 7,
                            "Output": [
                                "PARTIAL count(*)"
                            ],
                            "Workers": [
                                {
                                    "Worker Number": 0,
                                    "Actual Startup Time": 709.443,
                                    "Actual Total Time": 709.444,
                                    "Actual Rows": 1,
                                    "Actual Loops": 1
                                },
                                {
                                    "Worker Number": 1,
                                    "Actual Startup Time": 709.445,
                                    "Actual Total Time": 709.446,
                                    "Actual Rows": 1,
                                    "Actual Loops": 1
                                },
                                {
                                    "Worker Number": 2,
                                    "Actual Startup Time": 709.98,
                                    "Actual Total Time": 709.981,
                                    "Actual Rows": 1,
                                    "Actual Loops": 1
                                },
                                {
                                    "Worker Number": 3,
                                    "Actual Startup Time": 710.082,
                                    "Actual Total Time": 710.084,
                                    "Actual Rows": 1,
                                    "Actual Loops": 1
                                },
                                {
                                    "Worker Number": 4,
                                    "Actual Startup Time": 710.092,
                                    "Actual Total Time": 710.093,
                                    "Actual Rows": 1,
                                    "Actual Loops": 1
                                },
                                {
                                    "Worker Number": 5,
                                    "Actual Startup Time": 710.893,
                                    "Actual Total Time": 710.894,
                                    "Actual Rows": 1,
                                    "Actual Loops": 1
                                }
                            ],
                            "Plans": [
                                {
                                    "Node Type": "Seq Scan",
                                    "Parent Relationship": "Outer",
                                    "Parallel Aware": true,
                                    "Relation Name": "cast_info",
                                    "Schema": "public",
                                    "Alias": "ci",
                                    "Startup Cost": 0.0,
                                    "Total Cost": 343318.94,
                                    "Plan Rows": 1143180,
                                    "Plan Width": 0,
                                    "Actual Startup Time": 321.176,
                                    "Actual Total Time": 636.995,
                                    "Actual Rows": 1518454,
                                    "Actual Loops": 7,
                                    "Output": [
                                        "id",
                                        "person_id",
                                        "movie_id",
                                        "person_role_id",
                                        "note",
                                        "nr_order",
                                        "role_id"
                                    ],
                                    "Filter": "((ci.person_id > 2644891) AND (ci.role_id > 1))",
                                    "Rows Removed by Filter": 3659309,
                                    "Workers": [
                                        {
                                            "Worker Number": 0,
                                            "Actual Startup Time": 319.071,
                                            "Actual Total Time": 635.813,
                                            "Actual Rows": 1099041,
                                            "Actual Loops": 1
                                        },
                                        {
                                            "Worker Number": 1,
                                            "Actual Startup Time": 319.077,
                                            "Actual Total Time": 636.317,
                                            "Actual Rows": 1090772,
                                            "Actual Loops": 1
                                        },
                                        {
                                            "Worker Number": 2,
                                            "Actual Startup Time": 319.606,
                                            "Actual Total Time": 635.63,
                                            "Actual Rows": 1109721,
                                            "Actual Loops": 1
                                        },
                                        {
                                            "Worker Number": 3,
                                            "Actual Startup Time": 319.7,
                                            "Actual Total Time": 638.461,
                                            "Actual Rows": 1732314,
                                            "Actual Loops": 1
                                        },
                                        {
                                            "Worker Number": 4,
                                            "Actual Startup Time": 319.717,
                                            "Actual Total Time": 638.745,
                                            "Actual Rows": 1719477,
                                            "Actual Loops": 1
                                        },
                                        {
                                            "Worker Number": 5,
                                            "Actual Startup Time": 320.505,
                                            "Actual Total Time": 638.973,
                                            "Actual Rows": 1734056,
                                            "Actual Loops": 1
                                        }
                                    ]
                                }
                            ]
                        }
                    ]
                }
            ]
        },
        "Planning Time": 187.928,
        "Triggers": [],
        "Execution Time": 754.041
    }
]