{
  "Plan": {
    "Node Type": "Aggregate",
    "Strategy": "Plain",
    "Partial Mode": "Finalize",
    "Parallel Aware": false,
    "Startup Cost": 109876.39,
    "Total Cost": 109876.4,
    "Plan Rows": 1,
    "Plan Width": 8,
    "Actual Startup Time": 722.08,
    "Actual Total Time": 735.66,
    "Actual Rows": 1,
    "Actual Loops": 1,
    "Plans": [
      {
        "Node Type": "Gather",
        "Parent Relationship": "Outer",
        "Parallel Aware": false,
        "Startup Cost": 109876.28,
        "Total Cost": 109876.39,
        "Plan Rows": 1,
        "Plan Width": 8,
        "Actual Startup Time": 720.558,
        "Actual Total Time": 735.652,
        "Actual Rows": 2,
        "Actual Loops": 1,
        "Workers Planned": 1,
        "Workers Launched": 1,
        "Single Copy": false,
        "Plans": [
          {
            "Node Type": "Aggregate",
            "Strategy": "Plain",
            "Partial Mode": "Partial",
            "Parent Relationship": "Outer",
            "Parallel Aware": false,
            "Startup Cost": 108876.28,
            "Total Cost": 108876.29,
            "Plan Rows": 1,
            "Plan Width": 8,
            "Actual Startup Time": 715.868,
            "Actual Total Time": 715.872,
            "Actual Rows": 1,
            "Actual Loops": 2,
            "Plans": [
              {
                "Node Type": "Hash Join",
                "Parent Relationship": "Outer",
                "Parallel Aware": true,
                "Join Type": "Inner",
                "Startup Cost": 45941.44,
                "Total Cost": 108050.33,
                "Plan Rows": 330377,
                "Plan Width": 0,
                "Actual Startup Time": 227.941,
                "Actual Total Time": 698.616,
                "Actual Rows": 428762,
                "Actual Loops": 2,
                "Inner Unique": false,
                "Hash Cond": "(t.id = mc.movie_id)",
                "Plans": [
                  {
                    "Node Type": "Seq Scan",
                    "Parent Relationship": "Outer",
                    "Parallel Aware": true,
                    "Relation Name": "title",
                    "Alias": "t",
                    "Startup Cost": 0.0,
                    "Total Cost": 50870.31,
                    "Plan Rows": 1487231,
                    "Plan Width": 4,
                    "Actual Startup Time": 0.009,
                    "Actual Total Time": 112.646,
                    "Actual Rows": 1264156,
                    "Actual Loops": 2
                  },
                  {
                    "Node Type": "Hash",
                    "Parent Relationship": "Inner",
                    "Parallel Aware": true,
                    "Startup Cost": 41811.73,
                    "Total Cost": 41811.73,
                    "Plan Rows": 330377,
                    "Plan Width": 4,
                    "Actual Startup Time": 219.172,
                    "Actual Total Time": 219.173,
                    "Actual Rows": 428762,
                    "Actual Loops": 2,
                    "Hash Buckets": 1048576,
                    "Original Hash Buckets": 1048576,
                    "Hash Batches": 1,
                    "Original Hash Batches": 1,
                    "Peak Memory Usage": 41760,
                    "Plans": [
                      {
                        "Node Type": "Seq Scan",
                        "Parent Relationship": "Outer",
                        "Parallel Aware": true,
                        "Relation Name": "movie_companies",
                        "Alias": "mc",
                        "Startup Cost": 0.0,
                        "Total Cost": 41811.73,
                        "Plan Rows": 330377,
                        "Plan Width": 4,
                        "Actual Startup Time": 60.98,
                        "Actual Total Time": 129.321,
                        "Actual Rows": 428762,
                        "Actual Loops": 2,
                        "Filter": "((company_id > 13905) AND (company_type_id > 1))",
                        "Rows Removed by Filter": 875802
                      }
                    ]
                  }
                ]
              }
            ]
          }
        ]
      }
    ]
  },
  "Planning Time": 0.692,
  "Triggers": [],
  "Execution Time": 735.731
}