[
  {
    "Plan": {
      "Node Type": "Aggregate",
      "Strategy": "Plain",
      "Partial Mode": "Finalize",
      "Parallel Aware": false,
      "Startup Cost": 46674.01,
      "Total Cost": 46674.02,
      "Plan Rows": 1,
      "Plan Width": 8,
      "Actual Startup Time": 95.619,
      "Actual Total Time": 107.337,
      "Actual Rows": 1,
      "Actual Loops": 1,
      "Plans": [
        {
          "Node Type": "Gather",
          "Parent Relationship": "Outer",
          "Parallel Aware": false,
          "Startup Cost": 46673.59,
          "Total Cost": 46674.0,
          "Plan Rows": 4,
          "Plan Width": 8,
          "Actual Startup Time": 95.442,
          "Actual Total Time": 107.327,
          "Actual Rows": 5,
          "Actual Loops": 1,
          "Workers Planned": 4,
          "Workers Launched": 4,
          "Single Copy": false,
          "Plans": [
            {
              "Node Type": "Aggregate",
              "Strategy": "Plain",
              "Partial Mode": "Partial",
              "Parent Relationship": "Outer",
              "Parallel Aware": false,
              "Startup Cost": 45673.59,
              "Total Cost": 45673.6,
              "Plan Rows": 1,
              "Plan Width": 8,
              "Actual Startup Time": 87.606,
              "Actual Total Time": 87.607,
              "Actual Rows": 1,
              "Actual Loops": 5,
              "Plans": [
                {
                  "Node Type": "Seq Scan",
                  "Parent Relationship": "Outer",
                  "Parallel Aware": true,
                  "Relation Name": "title",
                  "Alias": "t",
                  "Startup Cost": 0.0,
                  "Total Cost": 45479.1,
                  "Plan Rows": 77797,
                  "Plan Width": 0,
                  "Actual Startup Time": 0.035,
                  "Actual Total Time": 84.774,
                  "Actual Rows": 41961,
                  "Actual Loops": 5,
                  "Filter": "((production_year < 1981) AND (kind_id = 7))",
                  "Rows Removed by Filter": 463701
                }
              ]
            }
          ]
        }
      ]
    },
    "Planning Time": 0.164,
    "Triggers": [],
    "Execution Time": 107.39
  }
]