{
    "Plan": {
        "Node Type": "Aggregate",
        "Strategy": "Plain",
        "Partial Mode": "Simple",
        "Parallel Aware": false,
        "Startup Cost": 60001451606.24,
        "Total Cost": 60001451606.25,
        "Plan Rows": 1,
        "Plan Width": 128,
        "Actual Startup Time": 10888.315,
        "Actual Total Time": 10888.55,
        "Actual Rows": 1,
        "Actual Loops": 1,
        "Output": [
            "min(mi.info)",
            "min(mi_idx.info)",
            "min(n.name)",
            "min(t.title)"
        ],
        "Plans": [
            {
                "Node Type": "Nested Loop",
                "Parent Relationship": "Outer",
                "Parallel Aware": false,
                "Join Type": "Inner",
                "Startup Cost": 60001445523.88,
                "Total Cost": 60001451606.23,
                "Plan Rows": 1,
                "Plan Width": 80,
                "Actual Startup Time": 10763.854,
                "Actual Total Time": 10888.525,
                "Actual Rows": 1,
                "Actual Loops": 1,
                "Output": [
                    "mi.info",
                    "mi_idx.info",
                    "n.name",
                    "t.title"
                ],
                "Inner Unique": true,
                "Plans": [
                    {
                        "Node Type": "Nested Loop",
                        "Parent Relationship": "Outer",
                        "Parallel Aware": false,
                        "Join Type": "Inner",
                        "Startup Cost": 50001445523.39,
                        "Total Cost": 50001451601.73,
                        "Plan Rows": 1,
                        "Plan Width": 69,
                        "Actual Startup Time": 10763.829,
                        "Actual Total Time": 10888.479,
                        "Actual Rows": 2,
                        "Actual Loops": 1,
                        "Output": [
                            "ci.person_id",
                            "mi.info",
                            "mi_idx.info",
                            "t.title"
                        ],
                        "Inner Unique": true,
                        "Plans": [
                            {
                                "Node Type": "Nested Loop",
                                "Parent Relationship": "Outer",
                                "Parallel Aware": false,
                                "Join Type": "Inner",
                                "Startup Cost": 40001445523.24,
                                "Total Cost": 40001451593.55,
                                "Plan Rows": 1,
                                "Plan Width": 73,
                                "Actual Startup Time": 10763.815,
                                "Actual Total Time": 10888.458,
                                "Actual Rows": 2,
                                "Actual Loops": 1,
                                "Output": [
                                    "ci.person_id",
                                    "mi.info",
                                    "mi.info_type_id",
                                    "mi_idx.info",
                                    "t.title"
                                ],
                                "Inner Unique": false,
                                "Join Filter": "(t.id = mi.movie_id)",
                                "Rows Removed by Join Filter": 0,
                                "Plans": [
                                    {
                                        "Node Type": "Merge Join",
                                        "Parent Relationship": "Outer",
                                        "Parallel Aware": false,
                                        "Join Type": "Inner",
                                        "Startup Cost": 30001445522.46,
                                        "Total Cost": 30001451588.18,
                                        "Plan Rows": 1,
                                        "Plan Width": 42,
                                        "Actual Startup Time": 10763.747,
                                        "Actual Total Time": 10888.256,
                                        "Actual Rows": 5,
                                        "Actual Loops": 1,
                                        "Output": [
                                            "ci.movie_id",
                                            "ci.person_id",
                                            "mi_idx.info",
                                            "mi_idx.movie_id",
                                            "mk.movie_id",
                                            "t.title",
                                            "t.id"
                                        ],
                                        "Inner Unique": false,
                                        "Merge Cond": "(ci.movie_id = t.id)",
                                        "Plans": [
                                            {
                                                "Node Type": "Sort",
                                                "Parent Relationship": "Outer",
                                                "Parallel Aware": false,
                                                "Startup Cost": 10000964397.31,
                                                "Total Cost": 10000967430.46,
                                                "Plan Rows": 1213260,
                                                "Plan Width": 8,
                                                "Actual Startup Time": 3604.486,
                                                "Actual Total Time": 3670.432,
                                                "Actual Rows": 986701,
                                                "Actual Loops": 1,
                                                "Output": [
                                                    "ci.movie_id",
                                                    "ci.person_id"
                                                ],
                                                "Sort Key": [
                                                    "ci.movie_id"
                                                ],
                                                "Sort Method": "quicksort",
                                                "Sort Space Used": 107499,
                                                "Sort Space Type": "Memory",
                                                "Plans": [
                                                    {
                                                        "Node Type": "Seq Scan",
                                                        "Parent Relationship": "Outer",
                                                        "Parallel Aware": false,
                                                        "Relation Name": "cast_info",
                                                        "Schema": "public",
                                                        "Alias": "ci",
                                                        "Startup Cost": 10000000000.0,
                                                        "Total Cost": 10000841794.61,
                                                        "Plan Rows": 1213260,
                                                        "Plan Width": 8,
                                                        "Actual Startup Time": 102.009,
                                                        "Actual Total Time": 3347.096,
                                                        "Actual Rows": 1244716,
                                                        "Actual Loops": 1,
                                                        "Output": [
                                                            "ci.movie_id",
                                                            "ci.person_id"
                                                        ],
                                                        "Filter": "(ci.note = ANY ('{(writer),\"(head writer)\",\"(written by)\",(story),\"(story editor)\"}'::text[]))",
                                                        "Rows Removed by Filter": 34999628
                                                    }
                                                ]
                                            },
                                            {
                                                "Node Type": "Sort",
                                                "Parent Relationship": "Inner",
                                                "Parallel Aware": false,
                                                "Startup Cost": 20000481124.55,
                                                "Total Cost": 20000481124.56,
                                                "Plan Rows": 1,
                                                "Plan Width": 34,
                                                "Actual Startup Time": 7159.0,
                                                "Actual Total Time": 7159.232,
                                                "Actual Rows": 10,
                                                "Actual Loops": 1,
                                                "Output": [
                                                    "mi_idx.info",
                                                    "mi_idx.movie_id",
                                                    "mk.movie_id",
                                                    "t.title",
                                                    "t.id"
                                                ],
                                                "Sort Key": [
                                                    "mi_idx.movie_id"
                                                ],
                                                "Sort Method": "quicksort",
                                                "Sort Space Used": 26,
                                                "Sort Space Type": "Memory",
                                                "Plans": [
                                                    {
                                                        "Node Type": "Gather",
                                                        "Parent Relationship": "Outer",
                                                        "Parallel Aware": false,
                                                        "Startup Cost": 20000167966.07,
                                                        "Total Cost": 20000481124.54,
                                                        "Plan Rows": 1,
                                                        "Plan Width": 34,
                                                        "Actual Startup Time": 981.413,
                                                        "Actual Total Time": 7159.2,
                                                        "Actual Rows": 9,
                                                        "Actual Loops": 1,
                                                        "Output": [
                                                            "mi_idx.info",
                                                            "mi_idx.movie_id",
                                                            "mk.movie_id",
                                                            "t.title",
                                                            "t.id"
                                                        ],
                                                        "Workers Planned": 3,
                                                        "Workers Launched": 3,
                                                        "Single Copy": false,
                                                        "Plans": [
                                                            {
                                                                "Node Type": "Hash Join",
                                                                "Parent Relationship": "Outer",
                                                                "Parallel Aware": true,
                                                                "Join Type": "Inner",
                                                                "Startup Cost": 20000166966.07,
                                                                "Total Cost": 20000480124.44,
                                                                "Plan Rows": 1,
                                                                "Plan Width": 34,
                                                                "Actual Startup Time": 1729.791,
                                                                "Actual Total Time": 7142.414,
                                                                "Actual Rows": 2,
                                                                "Actual Loops": 4,
                                                                "Output": [
                                                                    "mi_idx.info",
                                                                    "mi_idx.movie_id",
                                                                    "mk.movie_id",
                                                                    "t.title",
                                                                    "t.id"
                                                                ],
                                                                "Inner Unique": true,
                                                                "Hash Cond": "(mi_idx.movie_id = t.id)",
                                                                "Workers": [
                                                                    {
                                                                        "Worker Number": 0,
                                                                        "Actual Startup Time": 1572.481,
                                                                        "Actual Total Time": 7139.204,
                                                                        "Actual Rows": 2,
                                                                        "Actual Loops": 1
                                                                    },
                                                                    {
                                                                        "Worker Number": 1,
                                                                        "Actual Startup Time": 2182.905,
                                                                        "Actual Total Time": 7138.715,
                                                                        "Actual Rows": 1,
                                                                        "Actual Loops": 1
                                                                    },
                                                                    {
                                                                        "Worker Number": 2,
                                                                        "Actual Startup Time": 2182.776,
                                                                        "Actual Total Time": 7140.241,
                                                                        "Actual Rows": 1,
                                                                        "Actual Loops": 1
                                                                    }
                                                                ],
                                                                "Plans": [
                                                                    {
                                                                        "Node Type": "Nested Loop",
                                                                        "Parent Relationship": "Outer",
                                                                        "Parallel Aware": false,
                                                                        "Join Type": "Inner",
                                                                        "Startup Cost": 20000072425.53,
                                                                        "Total Cost": 20000385583.9,
                                                                        "Plan Rows": 1,
                                                                        "Plan Width": 13,
                                                                        "Actual Startup Time": 874.352,
                                                                        "Actual Total Time": 6687.341,
                                                                        "Actual Rows": 6424,
                                                                        "Actual Loops": 4,
                                                                        "Output": [
                                                                            "mi_idx.info",
                                                                            "mi_idx.movie_id",
                                                                            "mk.movie_id"
                                                                        ],
                                                                        "Inner Unique": true,
                                                                        "Workers": [
                                                                            {
                                                                                "Worker Number": 0,
                                                                                "Actual Startup Time": 1123.093,
                                                                                "Actual Total Time": 6687.723,
                                                                                "Actual Rows": 5469,
                                                                                "Actual Loops": 1
                                                                            },
                                                                            {
                                                                                "Worker Number": 1,
                                                                                "Actual Startup Time": 1128.825,
                                                                                "Actual Total Time": 6686.667,
                                                                                "Actual Rows": 6271,
                                                                                "Actual Loops": 1
                                                                            },
                                                                            {
                                                                                "Worker Number": 2,
                                                                                "Actual Startup Time": 727.23,
                                                                                "Actual Total Time": 6687.915,
                                                                                "Actual Rows": 6867,
                                                                                "Actual Loops": 1
                                                                            }
                                                                        ],
                                                                        "Plans": [
                                                                            {
                                                                                "Node Type": "Merge Join",
                                                                                "Parent Relationship": "Outer",
                                                                                "Parallel Aware": false,
                                                                                "Join Type": "Inner",
                                                                                "Startup Cost": 10000072425.1,
                                                                                "Total Cost": 10000223117.88,
                                                                                "Plan Rows": 36534,
                                                                                "Plan Width": 17,
                                                                                "Actual Startup Time": 870.408,
                                                                                "Actual Total Time": 1725.076,
                                                                                "Actual Rows": 865448,
                                                                                "Actual Loops": 4,
                                                                                "Output": [
                                                                                    "mi_idx.info",
                                                                                    "mi_idx.movie_id",
                                                                                    "mk.movie_id",
                                                                                    "mk.keyword_id"
                                                                                ],
                                                                                "Inner Unique": false,
                                                                                "Merge Cond": "(mk.movie_id = mi_idx.movie_id)",
                                                                                "Workers": [
                                                                                    {
                                                                                        "Worker Number": 0,
                                                                                        "Actual Startup Time": 1121.535,
                                                                                        "Actual Total Time": 1964.908,
                                                                                        "Actual Rows": 759261,
                                                                                        "Actual Loops": 1
                                                                                    },
                                                                                    {
                                                                                        "Worker Number": 1,
                                                                                        "Actual Startup Time": 1119.535,
                                                                                        "Actual Total Time": 1947.629,
                                                                                        "Actual Rows": 792697,
                                                                                        "Actual Loops": 1
                                                                                    },
                                                                                    {
                                                                                        "Worker Number": 2,
                                                                                        "Actual Startup Time": 722.742,
                                                                                        "Actual Total Time": 1607.245,
                                                                                        "Actual Rows": 951233,
                                                                                        "Actual Loops": 1
                                                                                    }
                                                                                ],
                                                                                "Plans": [
                                                                                    {
                                                                                        "Node Type": "Index Scan",
                                                                                        "Parent Relationship": "Outer",
                                                                                        "Parallel Aware": true,
                                                                                        "Scan Direction": "Forward",
                                                                                        "Index Name": "movie_id_movie_keyword",
                                                                                        "Relation Name": "movie_keyword",
                                                                                        "Schema": "public",
                                                                                        "Alias": "mk",
                                                                                        "Startup Cost": 10000000000.43,
                                                                                        "Total Cost": 10000146531.48,
                                                                                        "Plan Rows": 1459332,
                                                                                        "Plan Width": 8,
                                                                                        "Actual Startup Time": 0.114,
                                                                                        "Actual Total Time": 355.892,
                                                                                        "Actual Rows": 1130981,
                                                                                        "Actual Loops": 4,
                                                                                        "Output": [
                                                                                            "mk.id",
                                                                                            "mk.movie_id",
                                                                                            "mk.keyword_id"
                                                                                        ],
                                                                                        "Workers": [
                                                                                            {
                                                                                                "Worker Number": 0,
                                                                                                "Actual Startup Time": 0.204,
                                                                                                "Actual Total Time": 346.462,
                                                                                                "Actual Rows": 973726,
                                                                                                "Actual Loops": 1
                                                                                            },
                                                                                            {
                                                                                                "Worker Number": 1,
                                                                                                "Actual Startup Time": 0.069,
                                                                                                "Actual Total Time": 364.322,
                                                                                                "Actual Rows": 1024314,
                                                                                                "Actual Loops": 1
                                                                                            },
                                                                                            {
                                                                                                "Worker Number": 2,
                                                                                                "Actual Startup Time": 0.079,
                                                                                                "Actual Total Time": 369.851,
                                                                                                "Actual Rows": 1255513,
                                                                                                "Actual Loops": 1
                                                                                            }
                                                                                        ]
                                                                                    },
                                                                                    {
                                                                                        "Node Type": "Sort",
                                                                                        "Parent Relationship": "Inner",
                                                                                        "Parallel Aware": false,
                                                                                        "Startup Cost": 72424.65,
                                                                                        "Total Cost": 72455.18,
                                                                                        "Plan Rows": 12213,
                                                                                        "Plan Width": 9,
                                                                                        "Actual Startup Time": 870.241,
                                                                                        "Actual Total Time": 1040.764,
                                                                                        "Actual Rows": 1266382,
                                                                                        "Actual Loops": 4,
                                                                                        "Output": [
                                                                                            "mi_idx.info",
                                                                                            "mi_idx.movie_id"
                                                                                        ],
                                                                                        "Sort Key": [
                                                                                            "mi_idx.movie_id"
                                                                                        ],
                                                                                        "Sort Method": "quicksort",
                                                                                        "Sort Space Used": 33847,
                                                                                        "Sort Space Type": "Memory",
                                                                                        "Workers": [
                                                                                            {
                                                                                                "Worker Number": 0,
                                                                                                "Actual Startup Time": 1121.277,
                                                                                                "Actual Total Time": 1285.743,
                                                                                                "Actual Rows": 1170229,
                                                                                                "Actual Loops": 1
                                                                                            },
                                                                                            {
                                                                                                "Worker Number": 1,
                                                                                                "Actual Startup Time": 1119.345,
                                                                                                "Actual Total Time": 1279.555,
                                                                                                "Actual Rows": 1200234,
                                                                                                "Actual Loops": 1
                                                                                            },
                                                                                            {
                                                                                                "Worker Number": 2,
                                                                                                "Actual Startup Time": 722.654,
                                                                                                "Actual Total Time": 905.51,
                                                                                                "Actual Rows": 1345192,
                                                                                                "Actual Loops": 1
                                                                                            }
                                                                                        ],
                                                                                        "Plans": [
                                                                                            {
                                                                                                "Node Type": "Hash Join",
                                                                                                "Parent Relationship": "Outer",
                                                                                                "Parallel Aware": false,
                                                                                                "Join Type": "Inner",
                                                                                                "Startup Cost": 70881.39,
                                                                                                "Total Cost": 71595.62,
                                                                                                "Plan Rows": 12213,
                                                                                                "Plan Width": 9,
                                                                                                "Actual Startup Time": 663.34,
                                                                                                "Actual Total Time": 716.619,
                                                                                                "Actual Rows": 459925,
                                                                                                "Actual Loops": 4,
                                                                                                "Output": [
                                                                                                    "mi_idx.info",
                                                                                                    "mi_idx.movie_id"
                                                                                                ],
                                                                                                "Inner Unique": false,
                                                                                                "Hash Cond": "(it2.id = mi_idx.info_type_id)",
                                                                                                "Workers": [
                                                                                                    {
                                                                                                        "Worker Number": 0,
                                                                                                        "Actual Startup Time": 854.303,
                                                                                                        "Actual Total Time": 920.165,
                                                                                                        "Actual Rows": 459925,
                                                                                                        "Actual Loops": 1
                                                                                                    },
                                                                                                    {
                                                                                                        "Worker Number": 1,
                                                                                                        "Actual Startup Time": 854.352,
                                                                                                        "Actual Total Time": 919.502,
                                                                                                        "Actual Rows": 459925,
                                                                                                        "Actual Loops": 1
                                                                                                    },
                                                                                                    {
                                                                                                        "Worker Number": 2,
                                                                                                        "Actual Startup Time": 549.879,
                                                                                                        "Actual Total Time": 591.472,
                                                                                                        "Actual Rows": 459925,
                                                                                                        "Actual Loops": 1
                                                                                                    }
                                                                                                ],
                                                                                                "Plans": [
                                                                                                    {
                                                                                                        "Node Type": "Index Scan",
                                                                                                        "Parent Relationship": "Outer",
                                                                                                        "Parallel Aware": false,
                                                                                                        "Scan Direction": "Forward",
                                                                                                        "Index Name": "info_type_pkey",
                                                                                                        "Relation Name": "info_type",
                                                                                                        "Schema": "public",
                                                                                                        "Alias": "it2",
                                                                                                        "Startup Cost": 0.14,
                                                                                                        "Total Cost": 14.12,
                                                                                                        "Plan Rows": 1,
                                                                                                        "Plan Width": 4,
                                                                                                        "Actual Startup Time": 0.044,
                                                                                                        "Actual Total Time": 0.055,
                                                                                                        "Actual Rows": 1,
                                                                                                        "Actual Loops": 4,
                                                                                                        "Output": [
                                                                                                            "it2.id",
                                                                                                            "it2.info"
                                                                                                        ],
                                                                                                        "Filter": "((it2.info)::text = 'votes'::text)",
                                                                                                        "Rows Removed by Filter": 112,
                                                                                                        "Workers": [
                                                                                                            {
                                                                                                                "Worker Number": 0,
                                                                                                                "Actual Startup Time": 0.051,
                                                                                                                "Actual Total Time": 0.063,
                                                                                                                "Actual Rows": 1,
                                                                                                                "Actual Loops": 1
                                                                                                            },
                                                                                                            {
                                                                                                                "Worker Number": 1,
                                                                                                                "Actual Startup Time": 0.061,
                                                                                                                "Actual Total Time": 0.075,
                                                                                                                "Actual Rows": 1,
                                                                                                                "Actual Loops": 1
                                                                                                            },
                                                                                                            {
                                                                                                                "Worker Number": 2,
                                                                                                                "Actual Startup Time": 0.043,
                                                                                                                "Actual Total Time": 0.052,
                                                                                                                "Actual Rows": 1,
                                                                                                                "Actual Loops": 1
                                                                                                            }
                                                                                                        ]
                                                                                                    },
                                                                                                    {
                                                                                                        "Node Type": "Hash",
                                                                                                        "Parent Relationship": "Inner",
                                                                                                        "Parallel Aware": false,
                                                                                                        "Startup Cost": 53630.81,
                                                                                                        "Total Cost": 53630.81,
                                                                                                        "Plan Rows": 1380035,
                                                                                                        "Plan Width": 13,
                                                                                                        "Actual Startup Time": 642.063,
                                                                                                        "Actual Total Time": 642.064,
                                                                                                        "Actual Rows": 1380035,
                                                                                                        "Actual Loops": 4,
                                                                                                        "Output": [
                                                                                                            "mi_idx.info",
                                                                                                            "mi_idx.movie_id",
                                                                                                            "mi_idx.info_type_id"
                                                                                                        ],
                                                                                                        "Hash Buckets": 2097152,
                                                                                                        "Original Hash Buckets": 2097152,
                                                                                                        "Hash Batches": 1,
                                                                                                        "Original Hash Batches": 1,
                                                                                                        "Peak Memory Usage": 79357,
                                                                                                        "Workers": [
                                                                                                            {
                                                                                                                "Worker Number": 0,
                                                                                                                "Actual Startup Time": 826.286,
                                                                                                                "Actual Total Time": 826.288,
                                                                                                                "Actual Rows": 1380035,
                                                                                                                "Actual Loops": 1
                                                                                                            },
                                                                                                            {
                                                                                                                "Worker Number": 1,
                                                                                                                "Actual Startup Time": 824.766,
                                                                                                                "Actual Total Time": 824.767,
                                                                                                                "Actual Rows": 1380035,
                                                                                                                "Actual Loops": 1
                                                                                                            },
                                                                                                            {
                                                                                                                "Worker Number": 2,
                                                                                                                "Actual Startup Time": 524.289,
                                                                                                                "Actual Total Time": 524.291,
                                                                                                                "Actual Rows": 1380035,
                                                                                                                "Actual Loops": 1
                                                                                                            }
                                                                                                        ],
                                                                                                        "Plans": [
                                                                                                            {
                                                                                                                "Node Type": "Index Scan",
                                                                                                                "Parent Relationship": "Outer",
                                                                                                                "Parallel Aware": false,
                                                                                                                "Scan Direction": "Forward",
                                                                                                                "Index Name": "movie_id_movie_info_idx",
                                                                                                                "Relation Name": "movie_info_idx",
                                                                                                                "Schema": "public",
                                                                                                                "Alias": "mi_idx",
                                                                                                                "Startup Cost": 0.43,
                                                                                                                "Total Cost": 53630.81,
                                                                                                                "Plan Rows": 1380035,
                                                                                                                "Plan Width": 13,
                                                                                                                "Actual Startup Time": 0.084,
                                                                                                                "Actual Total Time": 306.135,
                                                                                                                "Actual Rows": 1380035,
                                                                                                                "Actual Loops": 4,
                                                                                                                "Output": [
                                                                                                                    "mi_idx.info",
                                                                                                                    "mi_idx.movie_id",
                                                                                                                    "mi_idx.info_type_id"
                                                                                                                ],
                                                                                                                "Workers": [
                                                                                                                    {
                                                                                                                        "Worker Number": 0,
                                                                                                                        "Actual Startup Time": 0.112,
                                                                                                                        "Actual Total Time": 386.266,
                                                                                                                        "Actual Rows": 1380035,
                                                                                                                        "Actual Loops": 1
                                                                                                                    },
                                                                                                                    {
                                                                                                                        "Worker Number": 1,
                                                                                                                        "Actual Startup Time": 0.095,
                                                                                                                        "Actual Total Time": 379.383,
                                                                                                                        "Actual Rows": 1380035,
                                                                                                                        "Actual Loops": 1
                                                                                                                    },
                                                                                                                    {
                                                                                                                        "Worker Number": 2,
                                                                                                                        "Actual Startup Time": 0.108,
                                                                                                                        "Actual Total Time": 238.82,
                                                                                                                        "Actual Rows": 1380035,
                                                                                                                        "Actual Loops": 1
                                                                                                                    }
                                                                                                                ]
                                                                                                            }
                                                                                                        ]
                                                                                                    }
                                                                                                ]
                                                                                            }
                                                                                        ]
                                                                                    }
                                                                                ]
                                                                            },
                                                                            {
                                                                                "Node Type": "Bitmap Heap Scan",
                                                                                "Parent Relationship": "Inner",
                                                                                "Parallel Aware": false,
                                                                                "Relation Name": "keyword",
                                                                                "Schema": "public",
                                                                                "Alias": "k",
                                                                                "Startup Cost": 0.43,
                                                                                "Total Cost": 4.45,
                                                                                "Plan Rows": 1,
                                                                                "Plan Width": 4,
                                                                                "Actual Startup Time": 0.004,
                                                                                "Actual Total Time": 0.004,
                                                                                "Actual Rows": 0,
                                                                                "Actual Loops": 3461792,
                                                                                "Output": [
                                                                                    "k.id",
                                                                                    "k.keyword",
                                                                                    "k.phonetic_code"
                                                                                ],
                                                                                "Recheck Cond": "(k.id = mk.keyword_id)",
                                                                                "Rows Removed by Index Recheck": 0,
                                                                                "Filter": "(k.keyword = ANY ('{gore,based-on-novel,tv-special,magnet,classmate}'::text[]))",
                                                                                "Rows Removed by Filter": 1,
                                                                                "Exact Heap Blocks": 958601,
                                                                                "Lossy Heap Blocks": 0,
                                                                                "Workers": [
                                                                                    {
                                                                                        "Worker Number": 0,
                                                                                        "Actual Startup Time": 0.004,
                                                                                        "Actual Total Time": 0.004,
                                                                                        "Actual Rows": 0,
                                                                                        "Actual Loops": 759261
                                                                                    },
                                                                                    {
                                                                                        "Worker Number": 1,
                                                                                        "Actual Startup Time": 0.004,
                                                                                        "Actual Total Time": 0.004,
                                                                                        "Actual Rows": 0,
                                                                                        "Actual Loops": 792697
                                                                                    },
                                                                                    {
                                                                                        "Worker Number": 2,
                                                                                        "Actual Startup Time": 0.004,
                                                                                        "Actual Total Time": 0.004,
                                                                                        "Actual Rows": 0,
                                                                                        "Actual Loops": 951233
                                                                                    }
                                                                                ],
                                                                                "Plans": [
                                                                                    {
                                                                                        "Node Type": "Bitmap Index Scan",
                                                                                        "Parent Relationship": "Outer",
                                                                                        "Parallel Aware": false,
                                                                                        "Index Name": "keyword_pkey",
                                                                                        "Startup Cost": 0.0,
                                                                                        "Total Cost": 0.43,
                                                                                        "Plan Rows": 1,
                                                                                        "Plan Width": 0,
                                                                                        "Actual Startup Time": 0.003,
                                                                                        "Actual Total Time": 0.003,
                                                                                        "Actual Rows": 1,
                                                                                        "Actual Loops": 3461792,
                                                                                        "Index Cond": "(k.id = mk.keyword_id)",
                                                                                        "Workers": [
                                                                                            {
                                                                                                "Worker Number": 0,
                                                                                                "Actual Startup Time": 0.003,
                                                                                                "Actual Total Time": 0.003,
                                                                                                "Actual Rows": 1,
                                                                                                "Actual Loops": 759261
                                                                                            },
                                                                                            {
                                                                                                "Worker Number": 1,
                                                                                                "Actual Startup Time": 0.003,
                                                                                                "Actual Total Time": 0.003,
                                                                                                "Actual Rows": 1,
                                                                                                "Actual Loops": 792697
                                                                                            },
                                                                                            {
                                                                                                "Worker Number": 2,
                                                                                                "Actual Startup Time": 0.002,
                                                                                                "Actual Total Time": 0.002,
                                                                                                "Actual Rows": 1,
                                                                                                "Actual Loops": 951233
                                                                                            }
                                                                                        ]
                                                                                    }
                                                                                ]
                                                                            }
                                                                        ]
                                                                    },
                                                                    {
                                                                        "Node Type": "Hash",
                                                                        "Parent Relationship": "Inner",
                                                                        "Parallel Aware": true,
                                                                        "Startup Cost": 94540.09,
                                                                        "Total Cost": 94540.09,
                                                                        "Plan Rows": 36,
                                                                        "Plan Width": 21,
                                                                        "Actual Startup Time": 452.265,
                                                                        "Actual Total Time": 452.265,
                                                                        "Actual Rows": 116,
                                                                        "Actual Loops": 4,
                                                                        "Output": [
                                                                            "t.title",
                                                                            "t.id"
                                                                        ],
                                                                        "Hash Buckets": 1024,
                                                                        "Original Hash Buckets": 1024,
                                                                        "Hash Batches": 1,
                                                                        "Original Hash Batches": 1,
                                                                        "Peak Memory Usage": 136,
                                                                        "Workers": [
                                                                            {
                                                                                "Worker Number": 0,
                                                                                "Actual Startup Time": 448.873,
                                                                                "Actual Total Time": 448.873,
                                                                                "Actual Rows": 30,
                                                                                "Actual Loops": 1
                                                                            },
                                                                            {
                                                                                "Worker Number": 1,
                                                                                "Actual Startup Time": 448.894,
                                                                                "Actual Total Time": 448.894,
                                                                                "Actual Rows": 21,
                                                                                "Actual Loops": 1
                                                                            },
                                                                            {
                                                                                "Worker Number": 2,
                                                                                "Actual Startup Time": 449.651,
                                                                                "Actual Total Time": 449.652,
                                                                                "Actual Rows": 271,
                                                                                "Actual Loops": 1
                                                                            }
                                                                        ],
                                                                        "Plans": [
                                                                            {
                                                                                "Node Type": "Index Scan",
                                                                                "Parent Relationship": "Outer",
                                                                                "Parallel Aware": true,
                                                                                "Scan Direction": "Forward",
                                                                                "Index Name": "title_pkey",
                                                                                "Relation Name": "title",
                                                                                "Schema": "public",
                                                                                "Alias": "t",
                                                                                "Startup Cost": 0.43,
                                                                                "Total Cost": 94540.09,
                                                                                "Plan Rows": 36,
                                                                                "Plan Width": 21,
                                                                                "Actual Startup Time": 15.025,
                                                                                "Actual Total Time": 451.963,
                                                                                "Actual Rows": 116,
                                                                                "Actual Loops": 4,
                                                                                "Output": [
                                                                                    "t.title",
                                                                                    "t.id"
                                                                                ],
                                                                                "Filter": "((t.title ~~ '100%'::text) AND (t.production_year > 1997))",
                                                                                "Rows Removed by Filter": 631962,
                                                                                "Workers": [
                                                                                    {
                                                                                        "Worker Number": 0,
                                                                                        "Actual Startup Time": 24.963,
                                                                                        "Actual Total Time": 448.492,
                                                                                        "Actual Rows": 30,
                                                                                        "Actual Loops": 1
                                                                                    },
                                                                                    {
                                                                                        "Worker Number": 1,
                                                                                        "Actual Startup Time": 8.102,
                                                                                        "Actual Total Time": 448.724,
                                                                                        "Actual Rows": 21,
                                                                                        "Actual Loops": 1
                                                                                    },
                                                                                    {
                                                                                        "Worker Number": 2,
                                                                                        "Actual Startup Time": 24.532,
                                                                                        "Actual Total Time": 449.261,
                                                                                        "Actual Rows": 271,
                                                                                        "Actual Loops": 1
                                                                                    }
                                                                                ]
                                                                            }
                                                                        ]
                                                                    }
                                                                ]
                                                            }
                                                        ]
                                                    }
                                                ]
                                            }
                                        ]
                                    },
                                    {
                                        "Node Type": "Bitmap Heap Scan",
                                        "Parent Relationship": "Inner",
                                        "Parallel Aware": false,
                                        "Relation Name": "movie_info",
                                        "Schema": "public",
                                        "Alias": "mi",
                                        "Startup Cost": 0.78,
                                        "Total Cost": 5.36,
                                        "Plan Rows": 1,
                                        "Plan Width": 51,
                                        "Actual Startup Time": 0.033,
                                        "Actual Total Time": 0.034,
                                        "Actual Rows": 0,
                                        "Actual Loops": 5,
                                        "Output": [
                                            "mi.id",
                                            "mi.movie_id",
                                            "mi.info_type_id",
                                            "mi.info",
                                            "mi.note"
                                        ],
                                        "Recheck Cond": "(mi.movie_id = mk.movie_id)",
                                        "Rows Removed by Index Recheck": 0,
                                        "Filter": "(mi.info = 'Family'::text)",
                                        "Rows Removed by Filter": 12,
                                        "Exact Heap Blocks": 43,
                                        "Lossy Heap Blocks": 0,
                                        "Plans": [
                                            {
                                                "Node Type": "Bitmap Index Scan",
                                                "Parent Relationship": "Outer",
                                                "Parallel Aware": false,
                                                "Index Name": "movie_id_movie_info",
                                                "Startup Cost": 0.0,
                                                "Total Cost": 0.78,
                                                "Plan Rows": 39,
                                                "Plan Width": 0,
                                                "Actual Startup Time": 0.015,
                                                "Actual Total Time": 0.015,
                                                "Actual Rows": 13,
                                                "Actual Loops": 5,
                                                "Index Cond": "(mi.movie_id = mk.movie_id)"
                                            }
                                        ]
                                    }
                                ]
                            },
                            {
                                "Node Type": "Bitmap Heap Scan",
                                "Parent Relationship": "Inner",
                                "Parallel Aware": false,
                                "Relation Name": "info_type",
                                "Schema": "public",
                                "Alias": "it1",
                                "Startup Cost": 0.15,
                                "Total Cost": 4.17,
                                "Plan Rows": 1,
                                "Plan Width": 4,
                                "Actual Startup Time": 0.006,
                                "Actual Total Time": 0.006,
                                "Actual Rows": 1,
                                "Actual Loops": 2,
                                "Output": [
                                    "it1.id",
                                    "it1.info"
                                ],
                                "Recheck Cond": "(it1.id = mi.info_type_id)",
                                "Rows Removed by Index Recheck": 0,
                                "Filter": "((it1.info)::text = 'genres'::text)",
                                "Rows Removed by Filter": 0,
                                "Exact Heap Blocks": 2,
                                "Lossy Heap Blocks": 0,
                                "Plans": [
                                    {
                                        "Node Type": "Bitmap Index Scan",
                                        "Parent Relationship": "Outer",
                                        "Parallel Aware": false,
                                        "Index Name": "info_type_pkey",
                                        "Startup Cost": 0.0,
                                        "Total Cost": 0.15,
                                        "Plan Rows": 1,
                                        "Plan Width": 0,
                                        "Actual Startup Time": 0.003,
                                        "Actual Total Time": 0.003,
                                        "Actual Rows": 1,
                                        "Actual Loops": 2,
                                        "Index Cond": "(it1.id = mi.info_type_id)"
                                    }
                                ]
                            }
                        ]
                    },
                    {
                        "Node Type": "Bitmap Heap Scan",
                        "Parent Relationship": "Inner",
                        "Parallel Aware": false,
                        "Relation Name": "name",
                        "Schema": "public",
                        "Alias": "n",
                        "Startup Cost": 0.49,
                        "Total Cost": 4.5,
                        "Plan Rows": 1,
                        "Plan Width": 19,
                        "Actual Startup Time": 0.018,
                        "Actual Total Time": 0.019,
                        "Actual Rows": 0,
                        "Actual Loops": 2,
                        "Output": [
                            "n.id",
                            "n.name",
                            "n.imdb_index",
                            "n.imdb_id",
                            "n.gender",
                            "n.name_pcode_cf",
                            "n.name_pcode_nf",
                            "n.surname_pcode",
                            "n.md5sum"
                        ],
                        "Recheck Cond": "(n.id = ci.person_id)",
                        "Rows Removed by Index Recheck": 0,
                        "Filter": "((n.gender)::text = 'm'::text)",
                        "Rows Removed by Filter": 0,
                        "Exact Heap Blocks": 2,
                        "Lossy Heap Blocks": 0,
                        "Plans": [
                            {
                                "Node Type": "Bitmap Index Scan",
                                "Parent Relationship": "Outer",
                                "Parallel Aware": false,
                                "Index Name": "name_pkey",
                                "Startup Cost": 0.0,
                                "Total Cost": 0.49,
                                "Plan Rows": 1,
                                "Plan Width": 0,
                                "Actual Startup Time": 0.008,
                                "Actual Total Time": 0.008,
                                "Actual Rows": 1,
                                "Actual Loops": 2,
                                "Index Cond": "(n.id = ci.person_id)"
                            }
                        ]
                    }
                ]
            }
        ]
    },
    "Planning Time": 14.244,
    "Triggers": [],
    "Execution Time": 10889.515
}