[
  {
    "Plan": {
      "Node Type": "Aggregate",
      "Strategy": "Plain",
      "Partial Mode": "Finalize",
      "Parallel Aware": false,
      "Startup Cost": 391907.27,
      "Total Cost": 391907.28,
      "Plan Rows": 1,
      "Plan Width": 8,
      "Actual Startup Time": 765.133,
      "Actual Total Time": 790.979,
      "Actual Rows": 1,
      "Actual Loops": 1,
      "Plans": [
        {
          "Node Type": "Gather",
          "Parent Relationship": "Outer",
          "Parallel Aware": false,
          "Startup Cost": 391906.64,
          "Total Cost": 391907.25,
          "Plan Rows": 6,
          "Plan Width": 8,
          "Actual Startup Time": 754.018,
          "Actual Total Time": 790.967,
          "Actual Rows": 7,
          "Actual Loops": 1,
          "Workers Planned": 6,
          "Workers Launched": 6,
          "Single Copy": false,
          "Plans": [
            {
              "Node Type": "Aggregate",
              "Strategy": "Plain",
              "Partial Mode": "Partial",
              "Parent Relationship": "Outer",
              "Parallel Aware": false,
              "Startup Cost": 390906.64,
              "Total Cost": 390906.65,
              "Plan Rows": 1,
              "Plan Width": 8,
              "Actual Startup Time": 740.683,
              "Actual Total Time": 740.947,
              "Actual Rows": 1,
              "Actual Loops": 7,
              "Plans": [
                {
                  "Node Type": "Hash Join",
                  "Parent Relationship": "Outer",
                  "Parallel Aware": true,
                  "Join Type": "Inner",
                  "Startup Cost": 129804.6,
                  "Total Cost": 390733.7,
                  "Plan Rows": 69178,
                  "Plan Width": 0,
                  "Actual Startup Time": 489.37,
                  "Actual Total Time": 727.549,
                  "Actual Rows": 220529,
                  "Actual Loops": 7,
                  "Inner Unique": false,
                  "Hash Cond": "(ci.movie_id = t.id)",
                  "Plans": [
                    {
                      "Node Type": "Bitmap Heap Scan",
                      "Parent Relationship": "Outer",
                      "Parallel Aware": true,
                      "Relation Name": "cast_info",
                      "Alias": "ci",
                      "Startup Cost": 64836.83,
                      "Total Cost": 323642.19,
                      "Plan Rows": 489468,
                      "Plan Width": 4,
                      "Actual Startup Time": 178.001,
                      "Actual Total Time": 278.776,
                      "Actual Rows": 433613,
                      "Actual Loops": 7,
                      "Recheck Cond": "(person_id < 294594)",
                      "Rows Removed by Index Recheck": 0,
                      "Exact Heap Blocks": 4807,
                      "Lossy Heap Blocks": 0,
                      "Plans": [
                        {
                          "Node Type": "Bitmap Index Scan",
                          "Parent Relationship": "Outer",
                          "Parallel Aware": false,
                          "Index Name": "person_id_cast_info",
                          "Startup Cost": 0.0,
                          "Total Cost": 64102.63,
                          "Plan Rows": 2936809,
                          "Plan Width": 0,
                          "Actual Startup Time": 169.31,
                          "Actual Total Time": 169.31,
                          "Actual Rows": 3035289,
                          "Actual Loops": 1,
                          "Index Cond": "(person_id < 294594)"
                        }
                      ]
                    },
                    {
                      "Node Type": "Hash",
                      "Parent Relationship": "Inner",
                      "Parallel Aware": true,
                      "Startup Cost": 63106.58,
                      "Total Cost": 63106.58,
                      "Plan Rows": 148895,
                      "Plan Width": 8,
                      "Actual Startup Time": 308.723,
                      "Actual Total Time": 308.985,
                      "Actual Rows": 90863,
                      "Actual Loops": 7,
                      "Hash Buckets": 1048576,
                      "Original Hash Buckets": 524288,
                      "Hash Batches": 1,
                      "Original Hash Batches": 1,
                      "Peak Memory Usage": 37312,
                      "Plans": [
                        {
                          "Node Type": "Hash Join",
                          "Parent Relationship": "Outer",
                          "Parallel Aware": true,
                          "Join Type": "Inner",
                          "Startup Cost": 46982.15,
                          "Total Cost": 63106.58,
                          "Plan Rows": 148895,
                          "Plan Width": 8,
                          "Actual Startup Time": 182.818,
                          "Actual Total Time": 257.547,
                          "Actual Rows": 90863,
                          "Actual Loops": 7,
                          "Inner Unique": true,
                          "Hash Cond": "(mi_idx.movie_id = t.id)",
                          "Plans": [
                            {
                              "Node Type": "Seq Scan",
                              "Parent Relationship": "Outer",
                              "Parallel Aware": true,
                              "Relation Name": "movie_info_idx",
                              "Alias": "mi_idx",
                              "Startup Cost": 0.0,
                              "Total Cost": 15122.68,
                              "Plan Rows": 381618,
                              "Plan Width": 4,
                              "Actual Startup Time": 0.024,
                              "Actual Total Time": 29.999,
                              "Actual Rows": 131407,
                              "Actual Loops": 7,
                              "Filter": "(info_type_id < 101)",
                              "Rows Removed by Filter": 65741
                            },
                            {
                              "Node Type": "Hash",
                              "Parent Relationship": "Inner",
                              "Parallel Aware": true,
                              "Startup Cost": 43899.32,
                              "Total Cost": 43899.32,
                              "Plan Rows": 246626,
                              "Plan Width": 4,
                              "Actual Startup Time": 180.575,
                              "Actual Total Time": 180.576,
                              "Actual Rows": 140721,
                              "Actual Loops": 7,
                              "Hash Buckets": 1048576,
                              "Original Hash Buckets": 1048576,
                              "Hash Batches": 1,
                              "Original Hash Batches": 1,
                              "Peak Memory Usage": 46848,
                              "Plans": [
                                {
                                  "Node Type": "Seq Scan",
                                  "Parent Relationship": "Outer",
                                  "Parallel Aware": true,
                                  "Relation Name": "title",
                                  "Alias": "t",
                                  "Startup Cost": 0.0,
                                  "Total Cost": 43899.32,
                                  "Plan Rows": 246626,
                                  "Plan Width": 4,
                                  "Actual Startup Time": 0.076,
                                  "Actual Total Time": 97.285,
                                  "Actual Rows": 140721,
                                  "Actual Loops": 7,
                                  "Filter": "(kind_id < 7)",
                                  "Rows Removed by Filter": 220466
                                }
                              ]
                            }
                          ]
                        }
                      ]
                    }
                  ]
                }
              ]
            }
          ]
        }
      ]
    },
    "Planning Time": 1.358,
    "Triggers": [],
    "Execution Time": 791.098
  }
]