[
  {
    "Plan": {
      "Node Type": "Aggregate",
      "Strategy": "Plain",
      "Partial Mode": "Finalize",
      "Parallel Aware": false,
      "Startup Cost": 75676.92,
      "Total Cost": 75676.93,
      "Plan Rows": 1,
      "Plan Width": 8,
      "Actual Startup Time": 211.845,
      "Actual Total Time": 228.544,
      "Actual Rows": 1,
      "Actual Loops": 1,
      "Plans": [
        {
          "Node Type": "Gather",
          "Parent Relationship": "Outer",
          "Parallel Aware": false,
          "Startup Cost": 75676.61,
          "Total Cost": 75676.92,
          "Plan Rows": 3,
          "Plan Width": 8,
          "Actual Startup Time": 211.195,
          "Actual Total Time": 228.537,
          "Actual Rows": 4,
          "Actual Loops": 1,
          "Workers Planned": 3,
          "Workers Launched": 3,
          "Single Copy": false,
          "Plans": [
            {
              "Node Type": "Aggregate",
              "Strategy": "Plain",
              "Partial Mode": "Partial",
              "Parent Relationship": "Outer",
              "Parallel Aware": false,
              "Startup Cost": 74676.61,
              "Total Cost": 74676.62,
              "Plan Rows": 1,
              "Plan Width": 8,
              "Actual Startup Time": 202.601,
              "Actual Total Time": 202.605,
              "Actual Rows": 1,
              "Actual Loops": 4,
              "Plans": [
                {
                  "Node Type": "Hash Join",
                  "Parent Relationship": "Outer",
                  "Parallel Aware": true,
                  "Join Type": "Inner",
                  "Startup Cost": 44234.37,
                  "Total Cost": 74632.63,
                  "Plan Rows": 17590,
                  "Plan Width": 0,
                  "Actual Startup Time": 128.169,
                  "Actual Total Time": 201.543,
                  "Actual Rows": 25690,
                  "Actual Loops": 4,
                  "Inner Unique": true,
                  "Hash Cond": "(mc.movie_id = t.id)",
                  "Plans": [
                    {
                      "Node Type": "Seq Scan",
                      "Parent Relationship": "Outer",
                      "Parallel Aware": true,
                      "Relation Name": "movie_companies",
                      "Alias": "mc",
                      "Startup Cost": 0.0,
                      "Total Cost": 29310.68,
                      "Plan Rows": 414318,
                      "Plan Width": 4,
                      "Actual Startup Time": 0.018,
                      "Actual Total Time": 62.909,
                      "Actual Rows": 318562,
                      "Actual Loops": 4,
                      "Filter": "(company_type_id = 1)",
                      "Rows Removed by Filter": 333721
                    },
                    {
                      "Node Type": "Hash",
                      "Parent Relationship": "Inner",
                      "Parallel Aware": true,
                      "Startup Cost": 43898.92,
                      "Total Cost": 43898.92,
                      "Plan Rows": 26836,
                      "Plan Width": 4,
                      "Actual Startup Time": 100.875,
                      "Actual Total Time": 100.876,
                      "Actual Rows": 27436,
                      "Actual Loops": 4,
                      "Hash Buckets": 131072,
                      "Original Hash Buckets": 131072,
                      "Hash Batches": 1,
                      "Original Hash Batches": 1,
                      "Peak Memory Usage": 5376,
                      "Plans": [
                        {
                          "Node Type": "Seq Scan",
                          "Parent Relationship": "Outer",
                          "Parallel Aware": true,
                          "Relation Name": "title",
                          "Alias": "t",
                          "Startup Cost": 0.0,
                          "Total Cost": 43898.92,
                          "Plan Rows": 26836,
                          "Plan Width": 4,
                          "Actual Startup Time": 56.064,
                          "Actual Total Time": 92.554,
                          "Actual Rows": 27436,
                          "Actual Loops": 4,
                          "Filter": "(production_year < 1928)",
                          "Rows Removed by Filter": 604642
                        }
                      ]
                    }
                  ]
                }
              ]
            }
          ]
        }
      ]
    },
    "Planning Time": 0.603,
    "Triggers": [],
    "Execution Time": 228.611
  }
]