[
  {
    "Plan": {
      "Node Type": "Aggregate",
      "Strategy": "Plain",
      "Partial Mode": "Finalize",
      "Parallel Aware": false,
      "Startup Cost": 76915.35,
      "Total Cost": 76915.36,
      "Plan Rows": 1,
      "Plan Width": 8,
      "Actual Startup Time": 420.819,
      "Actual Total Time": 440.28,
      "Actual Rows": 1,
      "Actual Loops": 1,
      "Plans": [
        {
          "Node Type": "Gather",
          "Parent Relationship": "Outer",
          "Parallel Aware": false,
          "Startup Cost": 76915.04,
          "Total Cost": 76915.35,
          "Plan Rows": 3,
          "Plan Width": 8,
          "Actual Startup Time": 415.288,
          "Actual Total Time": 440.262,
          "Actual Rows": 4,
          "Actual Loops": 1,
          "Workers Planned": 3,
          "Workers Launched": 3,
          "Single Copy": false,
          "Plans": [
            {
              "Node Type": "Aggregate",
              "Strategy": "Plain",
              "Partial Mode": "Partial",
              "Parent Relationship": "Outer",
              "Parallel Aware": false,
              "Startup Cost": 75915.04,
              "Total Cost": 75915.05,
              "Plan Rows": 1,
              "Plan Width": 8,
              "Actual Startup Time": 407.071,
              "Actual Total Time": 407.078,
              "Actual Rows": 1,
              "Actual Loops": 4,
              "Plans": [
                {
                  "Node Type": "Hash Join",
                  "Parent Relationship": "Outer",
                  "Parallel Aware": true,
                  "Join Type": "Inner",
                  "Startup Cost": 55164.33,
                  "Total Cost": 75796.25,
                  "Plan Rows": 47514,
                  "Plan Width": 0,
                  "Actual Startup Time": 305.711,
                  "Actual Total Time": 401.255,
                  "Actual Rows": 86486,
                  "Actual Loops": 4,
                  "Inner Unique": true,
                  "Hash Cond": "(mc.movie_id = t.id)",
                  "Plans": [
                    {
                      "Node Type": "Bitmap Heap Scan",
                      "Parent Relationship": "Outer",
                      "Parallel Aware": true,
                      "Relation Name": "movie_companies",
                      "Alias": "mc",
                      "Startup Cost": 8182.19,
                      "Total Cost": 28494.43,
                      "Plan Rows": 121780,
                      "Plan Width": 4,
                      "Actual Startup Time": 29.511,
                      "Actual Total Time": 60.054,
                      "Actual Rows": 94268,
                      "Actual Loops": 4,
                      "Recheck Cond": "(company_id > 84725)",
                      "Rows Removed by Index Recheck": 0,
                      "Exact Heap Blocks": 1417,
                      "Lossy Heap Blocks": 0,
                      "Plans": [
                        {
                          "Node Type": "Bitmap Index Scan",
                          "Parent Relationship": "Outer",
                          "Parallel Aware": false,
                          "Index Name": "company_id_movie_companies",
                          "Startup Cost": 0.0,
                          "Total Cost": 8087.81,
                          "Plan Rows": 377517,
                          "Plan Width": 0,
                          "Actual Startup Time": 27.88,
                          "Actual Total Time": 27.881,
                          "Actual Rows": 377070,
                          "Actual Loops": 1,
                          "Index Cond": "(company_id > 84725)"
                        }
                      ]
                    },
                    {
                      "Node Type": "Hash",
                      "Parent Relationship": "Inner",
                      "Parallel Aware": true,
                      "Startup Cost": 43899.32,
                      "Total Cost": 43899.32,
                      "Plan Rows": 246626,
                      "Plan Width": 4,
                      "Actual Startup Time": 272.336,
                      "Actual Total Time": 272.337,
                      "Actual Rows": 246262,
                      "Actual Loops": 4,
                      "Hash Buckets": 1048576,
                      "Original Hash Buckets": 1048576,
                      "Hash Batches": 1,
                      "Original Hash Batches": 1,
                      "Peak Memory Usage": 46816,
                      "Plans": [
                        {
                          "Node Type": "Seq Scan",
                          "Parent Relationship": "Outer",
                          "Parallel Aware": true,
                          "Relation Name": "title",
                          "Alias": "t",
                          "Startup Cost": 0.0,
                          "Total Cost": 43899.32,
                          "Plan Rows": 246626,
                          "Plan Width": 4,
                          "Actual Startup Time": 0.056,
                          "Actual Total Time": 138.388,
                          "Actual Rows": 246262,
                          "Actual Loops": 4,
                          "Filter": "(kind_id < 7)",
                          "Rows Removed by Filter": 385816
                        }
                      ]
                    }
                  ]
                }
              ]
            }
          ]
        }
      ]
    },
    "Planning Time": 0.553,
    "Triggers": [],
    "Execution Time": 440.369
  }
]