{
    "Plan": {
        "Node Type": "Aggregate",
        "Strategy": "Plain",
        "Partial Mode": "Finalize",
        "Parallel Aware": false,
        "Startup Cost": 238113.98,
        "Total Cost": 238113.99,
        "Plan Rows": 1,
        "Plan Width": 8,
        "Actual Startup Time": 1921.909,
        "Actual Total Time": 1967.446,
        "Actual Rows": 1,
        "Actual Loops": 1,
        "Output": [
            "count(*)"
        ],
        "Plans": [
            {
                "Node Type": "Gather",
                "Parent Relationship": "Outer",
                "Parallel Aware": false,
                "Startup Cost": 238113.66,
                "Total Cost": 238113.97,
                "Plan Rows": 3,
                "Plan Width": 8,
                "Actual Startup Time": 1920.349,
                "Actual Total Time": 1967.436,
                "Actual Rows": 4,
                "Actual Loops": 1,
                "Output": [
                    "(PARTIAL count(*))"
                ],
                "Workers Planned": 3,
                "Workers Launched": 3,
                "Single Copy": false,
                "Plans": [
                    {
                        "Node Type": "Aggregate",
                        "Strategy": "Plain",
                        "Partial Mode": "Partial",
                        "Parent Relationship": "Outer",
                        "Parallel Aware": false,
                        "Startup Cost": 237113.66,
                        "Total Cost": 237113.67,
                        "Plan Rows": 1,
                        "Plan Width": 8,
                        "Actual Startup Time": 1910.625,
                        "Actual Total Time": 1910.628,
                        "Actual Rows": 1,
                        "Actual Loops": 4,
                        "Output": [
                            "PARTIAL count(*)"
                        ],
                        "Workers": [
                            {
                                "Worker Number": 0,
                                "Actual Startup Time": 1907.206,
                                "Actual Total Time": 1907.208,
                                "Actual Rows": 1,
                                "Actual Loops": 1
                            },
                            {
                                "Worker Number": 1,
                                "Actual Startup Time": 1908.197,
                                "Actual Total Time": 1908.2,
                                "Actual Rows": 1,
                                "Actual Loops": 1
                            },
                            {
                                "Worker Number": 2,
                                "Actual Startup Time": 1907.552,
                                "Actual Total Time": 1907.556,
                                "Actual Rows": 1,
                                "Actual Loops": 1
                            }
                        ],
                        "Plans": [
                            {
                                "Node Type": "Nested Loop",
                                "Parent Relationship": "Outer",
                                "Parallel Aware": false,
                                "Join Type": "Inner",
                                "Startup Cost": 47073.22,
                                "Total Cost": 236996.52,
                                "Plan Rows": 46856,
                                "Plan Width": 0,
                                "Actual Startup Time": 155.27,
                                "Actual Total Time": 1887.961,
                                "Actual Rows": 447695,
                                "Actual Loops": 4,
                                "Inner Unique": false,
                                "Join Filter": "(t.id = mi.movie_id)",
                                "Rows Removed by Join Filter": 0,
                                "Workers": [
                                    {
                                        "Worker Number": 0,
                                        "Actual Startup Time": 151.999,
                                        "Actual Total Time": 1885.672,
                                        "Actual Rows": 424978,
                                        "Actual Loops": 1
                                    },
                                    {
                                        "Worker Number": 1,
                                        "Actual Startup Time": 152.497,
                                        "Actual Total Time": 1885.601,
                                        "Actual Rows": 453787,
                                        "Actual Loops": 1
                                    },
                                    {
                                        "Worker Number": 2,
                                        "Actual Startup Time": 152.526,
                                        "Actual Total Time": 1886.039,
                                        "Actual Rows": 424725,
                                        "Actual Loops": 1
                                    }
                                ],
                                "Plans": [
                                    {
                                        "Node Type": "Hash Join",
                                        "Parent Relationship": "Outer",
                                        "Parallel Aware": true,
                                        "Join Type": "Inner",
                                        "Startup Cost": 47072.78,
                                        "Total Cost": 77446.13,
                                        "Plan Rows": 81650,
                                        "Plan Width": 8,
                                        "Actual Startup Time": 155.079,
                                        "Actual Total Time": 344.23,
                                        "Actual Rows": 168208,
                                        "Actual Loops": 4,
                                        "Output": [
                                            "t.id",
                                            "mc.movie_id"
                                        ],
                                        "Inner Unique": true,
                                        "Hash Cond": "(mc.movie_id = t.id)",
                                        "Workers": [
                                            {
                                                "Worker Number": 0,
                                                "Actual Startup Time": 151.732,
                                                "Actual Total Time": 342.199,
                                                "Actual Rows": 159375,
                                                "Actual Loops": 1
                                            },
                                            {
                                                "Worker Number": 1,
                                                "Actual Startup Time": 152.252,
                                                "Actual Total Time": 340.778,
                                                "Actual Rows": 171391,
                                                "Actual Loops": 1
                                            },
                                            {
                                                "Worker Number": 2,
                                                "Actual Startup Time": 152.356,
                                                "Actual Total Time": 343.65,
                                                "Actual Rows": 159712,
                                                "Actual Loops": 1
                                            }
                                        ],
                                        "Plans": [
                                            {
                                                "Node Type": "Seq Scan",
                                                "Parent Relationship": "Outer",
                                                "Parallel Aware": true,
                                                "Relation Name": "movie_companies",
                                                "Schema": "public",
                                                "Alias": "mc",
                                                "Startup Cost": 0.0,
                                                "Total Cost": 29310.68,
                                                "Plan Rows": 404824,
                                                "Plan Width": 4,
                                                "Actual Startup Time": 9.274,
                                                "Actual Total Time": 68.663,
                                                "Actual Rows": 315360,
                                                "Actual Loops": 4,
                                                "Output": [
                                                    "mc.id",
                                                    "mc.movie_id",
                                                    "mc.company_id",
                                                    "mc.company_type_id",
                                                    "mc.note"
                                                ],
                                                "Filter": "(mc.company_id > 11559)",
                                                "Rows Removed by Filter": 336922,
                                                "Workers": [
                                                    {
                                                        "Worker Number": 0,
                                                        "Actual Startup Time": 9.278,
                                                        "Actual Total Time": 69.564,
                                                        "Actual Rows": 298532,
                                                        "Actual Loops": 1
                                                    },
                                                    {
                                                        "Worker Number": 1,
                                                        "Actual Startup Time": 9.301,
                                                        "Actual Total Time": 70.631,
                                                        "Actual Rows": 321912,
                                                        "Actual Loops": 1
                                                    },
                                                    {
                                                        "Worker Number": 2,
                                                        "Actual Startup Time": 9.244,
                                                        "Actual Total Time": 69.64,
                                                        "Actual Rows": 299234,
                                                        "Actual Loops": 1
                                                    }
                                                ]
                                            },
                                            {
                                                "Node Type": "Hash",
                                                "Parent Relationship": "Inner",
                                                "Parallel Aware": true,
                                                "Startup Cost": 45479.21,
                                                "Total Cost": 45479.21,
                                                "Plan Rows": 127486,
                                                "Plan Width": 4,
                                                "Actual Startup Time": 142.422,
                                                "Actual Total Time": 142.423,
                                                "Actual Rows": 131032,
                                                "Actual Loops": 4,
                                                "Output": [
                                                    "t.id"
                                                ],
                                                "Hash Buckets": 524288,
                                                "Original Hash Buckets": 524288,
                                                "Hash Batches": 1,
                                                "Original Hash Batches": 1,
                                                "Peak Memory Usage": 24672,
                                                "Workers": [
                                                    {
                                                        "Worker Number": 0,
                                                        "Actual Startup Time": 141.957,
                                                        "Actual Total Time": 141.957,
                                                        "Actual Rows": 123855,
                                                        "Actual Loops": 1
                                                    },
                                                    {
                                                        "Worker Number": 1,
                                                        "Actual Startup Time": 142.529,
                                                        "Actual Total Time": 142.53,
                                                        "Actual Rows": 130063,
                                                        "Actual Loops": 1
                                                    },
                                                    {
                                                        "Worker Number": 2,
                                                        "Actual Startup Time": 142.669,
                                                        "Actual Total Time": 142.67,
                                                        "Actual Rows": 123011,
                                                        "Actual Loops": 1
                                                    }
                                                ],
                                                "Plans": [
                                                    {
                                                        "Node Type": "Seq Scan",
                                                        "Parent Relationship": "Outer",
                                                        "Parallel Aware": true,
                                                        "Relation Name": "title",
                                                        "Schema": "public",
                                                        "Alias": "t",
                                                        "Startup Cost": 0.0,
                                                        "Total Cost": 45479.21,
                                                        "Plan Rows": 127486,
                                                        "Plan Width": 4,
                                                        "Actual Startup Time": 60.289,
                                                        "Actual Total Time": 102.145,
                                                        "Actual Rows": 131032,
                                                        "Actual Loops": 4,
                                                        "Output": [
                                                            "t.id"
                                                        ],
                                                        "Filter": "((t.production_year < 2010) AND (t.kind_id = 1))",
                                                        "Rows Removed by Filter": 501046,
                                                        "Workers": [
                                                            {
                                                                "Worker Number": 0,
                                                                "Actual Startup Time": 59.864,
                                                                "Actual Total Time": 103.091,
                                                                "Actual Rows": 123855,
                                                                "Actual Loops": 1
                                                            },
                                                            {
                                                                "Worker Number": 1,
                                                                "Actual Startup Time": 60.369,
                                                                "Actual Total Time": 102.682,
                                                                "Actual Rows": 130063,
                                                                "Actual Loops": 1
                                                            },
                                                            {
                                                                "Worker Number": 2,
                                                                "Actual Startup Time": 60.423,
                                                                "Actual Total Time": 103.355,
                                                                "Actual Rows": 123011,
                                                                "Actual Loops": 1
                                                            }
                                                        ]
                                                    }
                                                ]
                                            }
                                        ]
                                    },
                                    {
                                        "Node Type": "Index Scan",
                                        "Parent Relationship": "Inner",
                                        "Parallel Aware": false,
                                        "Scan Direction": "Forward",
                                        "Index Name": "movie_id_movie_info",
                                        "Relation Name": "movie_info",
                                        "Schema": "public",
                                        "Alias": "mi",
                                        "Startup Cost": 0.43,
                                        "Total Cost": 1.9,
                                        "Plan Rows": 4,
                                        "Plan Width": 4,
                                        "Actual Startup Time": 0.004,
                                        "Actual Total Time": 0.009,
                                        "Actual Rows": 3,
                                        "Actual Loops": 672831,
                                        "Output": [
                                            "mi.id",
                                            "mi.movie_id",
                                            "mi.info_type_id",
                                            "mi.info",
                                            "mi.note"
                                        ],
                                        "Index Cond": "(mi.movie_id = mc.movie_id)",
                                        "Rows Removed by Index Recheck": 0,
                                        "Filter": "(mi.info_type_id = 7)",
                                        "Rows Removed by Filter": 28,
                                        "Workers": [
                                            {
                                                "Worker Number": 0,
                                                "Actual Startup Time": 0.005,
                                                "Actual Total Time": 0.009,
                                                "Actual Rows": 3,
                                                "Actual Loops": 159375
                                            },
                                            {
                                                "Worker Number": 1,
                                                "Actual Startup Time": 0.004,
                                                "Actual Total Time": 0.009,
                                                "Actual Rows": 3,
                                                "Actual Loops": 171391
                                            },
                                            {
                                                "Worker Number": 2,
                                                "Actual Startup Time": 0.005,
                                                "Actual Total Time": 0.009,
                                                "Actual Rows": 3,
                                                "Actual Loops": 159712
                                            }
                                        ]
                                    }
                                ]
                            }
                        ]
                    }
                ]
            }
        ]
    },
    "Planning Time": 1.657,
    "Triggers": [],
    "Execution Time": 1967.549
}