[
  {
    "Plan": {
      "Node Type": "Aggregate",
      "Strategy": "Plain",
      "Partial Mode": "Finalize",
      "Parallel Aware": false,
      "Startup Cost": 100045.27,
      "Total Cost": 100045.28,
      "Plan Rows": 1,
      "Plan Width": 8,
      "Actual Startup Time": 564.89,
      "Actual Total Time": 580.925,
      "Actual Rows": 1,
      "Actual Loops": 1,
      "Plans": [
        {
          "Node Type": "Gather",
          "Parent Relationship": "Outer",
          "Parallel Aware": false,
          "Startup Cost": 100045.05,
          "Total Cost": 100045.26,
          "Plan Rows": 2,
          "Plan Width": 8,
          "Actual Startup Time": 560.582,
          "Actual Total Time": 580.915,
          "Actual Rows": 3,
          "Actual Loops": 1,
          "Workers Planned": 2,
          "Workers Launched": 2,
          "Single Copy": false,
          "Plans": [
            {
              "Node Type": "Aggregate",
              "Strategy": "Plain",
              "Partial Mode": "Partial",
              "Parent Relationship": "Outer",
              "Parallel Aware": false,
              "Startup Cost": 99045.05,
              "Total Cost": 99045.06,
              "Plan Rows": 1,
              "Plan Width": 8,
              "Actual Startup Time": 552.413,
              "Actual Total Time": 552.712,
              "Actual Rows": 1,
              "Actual Loops": 3,
              "Plans": [
                {
                  "Node Type": "Hash Join",
                  "Parent Relationship": "Outer",
                  "Parallel Aware": true,
                  "Join Type": "Inner",
                  "Startup Cost": 82786.86,
                  "Total Cost": 98836.69,
                  "Plan Rows": 83347,
                  "Plan Width": 0,
                  "Actual Startup Time": 464.157,
                  "Actual Total Time": 549.992,
                  "Actual Rows": 68207,
                  "Actual Loops": 3,
                  "Inner Unique": false,
                  "Hash Cond": "(mi_idx.movie_id = t.id)",
                  "Plans": [
                    {
                      "Node Type": "Seq Scan",
                      "Parent Relationship": "Outer",
                      "Parallel Aware": true,
                      "Relation Name": "movie_info_idx",
                      "Alias": "mi_idx",
                      "Startup Cost": 0.0,
                      "Total Cost": 13685.15,
                      "Plan Rows": 575015,
                      "Plan Width": 4,
                      "Actual Startup Time": 0.031,
                      "Actual Total Time": 34.695,
                      "Actual Rows": 460012,
                      "Actual Loops": 3
                    },
                    {
                      "Node Type": "Hash",
                      "Parent Relationship": "Inner",
                      "Parallel Aware": true,
                      "Startup Cost": 81641.64,
                      "Total Cost": 81641.64,
                      "Plan Rows": 91618,
                      "Plan Width": 8,
                      "Actual Startup Time": 459.935,
                      "Actual Total Time": 460.231,
                      "Actual Rows": 57938,
                      "Actual Loops": 3,
                      "Hash Buckets": 524288,
                      "Original Hash Buckets": 524288,
                      "Hash Batches": 1,
                      "Original Hash Batches": 1,
                      "Peak Memory Usage": 10944,
                      "Plans": [
                        {
                          "Node Type": "Hash Join",
                          "Parent Relationship": "Outer",
                          "Parallel Aware": true,
                          "Join Type": "Inner",
                          "Startup Cost": 34175.13,
                          "Total Cost": 81641.64,
                          "Plan Rows": 91618,
                          "Plan Width": 8,
                          "Actual Startup Time": 196.377,
                          "Actual Total Time": 440.91,
                          "Actual Rows": 57938,
                          "Actual Loops": 3,
                          "Inner Unique": false,
                          "Hash Cond": "(t.id = mc.movie_id)",
                          "Plans": [
                            {
                              "Node Type": "Seq Scan",
                              "Parent Relationship": "Outer",
                              "Parallel Aware": true,
                              "Relation Name": "title",
                              "Alias": "t",
                              "Startup Cost": 0.0,
                              "Total Cost": 45479.1,
                              "Plan Rows": 338374,
                              "Plan Width": 4,
                              "Actual Startup Time": 0.01,
                              "Actual Total Time": 111.549,
                              "Actual Rows": 442594,
                              "Actual Loops": 3,
                              "Filter": "((production_year < 2012) AND (kind_id = 7))",
                              "Rows Removed by Filter": 400177
                            },
                            {
                              "Node Type": "Hash",
                              "Parent Relationship": "Inner",
                              "Parallel Aware": true,
                              "Startup Cost": 31414.82,
                              "Total Cost": 31414.82,
                              "Plan Rows": 220825,
                              "Plan Width": 4,
                              "Actual Startup Time": 192.132,
                              "Actual Total Time": 192.133,
                              "Actual Rows": 308675,
                              "Actual Loops": 3,
                              "Hash Buckets": 1048576,
                              "Original Hash Buckets": 1048576,
                              "Hash Batches": 1,
                              "Original Hash Batches": 1,
                              "Peak Memory Usage": 44480,
                              "Plans": [
                                {
                                  "Node Type": "Seq Scan",
                                  "Parent Relationship": "Outer",
                                  "Parallel Aware": true,
                                  "Relation Name": "movie_companies",
                                  "Alias": "mc",
                                  "Startup Cost": 0.0,
                                  "Total Cost": 31414.82,
                                  "Plan Rows": 220825,
                                  "Plan Width": 4,
                                  "Actual Startup Time": 54.919,
                                  "Actual Total Time": 105.358,
                                  "Actual Rows": 308675,
                                  "Actual Loops": 3,
                                  "Filter": "((company_id > 11153) AND (company_type_id = 2))",
                                  "Rows Removed by Filter": 561034
                                }
                              ]
                            }
                          ]
                        }
                      ]
                    }
                  ]
                }
              ]
            }
          ]
        }
      ]
    },
    "Planning Time": 1.488,
    "Triggers": [],
    "Execution Time": 581.012
  }
]