[
  {
    "Plan": {
      "Node Type": "Aggregate",
      "Strategy": "Plain",
      "Partial Mode": "Finalize",
      "Parallel Aware": false,
      "Startup Cost": 614857.77,
      "Total Cost": 614857.78,
      "Plan Rows": 1,
      "Plan Width": 8,
      "Actual Startup Time": 6965.677,
      "Actual Total Time": 7061.256,
      "Actual Rows": 1,
      "Actual Loops": 1,
      "Plans": [
        {
          "Node Type": "Gather",
          "Parent Relationship": "Outer",
          "Parallel Aware": false,
          "Startup Cost": 614857.25,
          "Total Cost": 614857.76,
          "Plan Rows": 5,
          "Plan Width": 8,
          "Actual Startup Time": 6935.18,
          "Actual Total Time": 7061.244,
          "Actual Rows": 6,
          "Actual Loops": 1,
          "Workers Planned": 5,
          "Workers Launched": 5,
          "Single Copy": false,
          "Plans": [
            {
              "Node Type": "Aggregate",
              "Strategy": "Plain",
              "Partial Mode": "Partial",
              "Parent Relationship": "Outer",
              "Parallel Aware": false,
              "Startup Cost": 613857.25,
              "Total Cost": 613857.26,
              "Plan Rows": 1,
              "Plan Width": 8,
              "Actual Startup Time": 6903.543,
              "Actual Total Time": 6904.273,
              "Actual Rows": 1,
              "Actual Loops": 6,
              "Plans": [
                {
                  "Node Type": "Hash Join",
                  "Parent Relationship": "Outer",
                  "Parallel Aware": true,
                  "Join Type": "Inner",
                  "Startup Cost": 390260.22,
                  "Total Cost": 601287.87,
                  "Plan Rows": 5027749,
                  "Plan Width": 0,
                  "Actual Startup Time": 2128.571,
                  "Actual Total Time": 5878.99,
                  "Actual Rows": 25912373,
                  "Actual Loops": 6,
                  "Inner Unique": false,
                  "Hash Cond": "(mi.movie_id = t.id)",
                  "Plans": [
                    {
                      "Node Type": "Seq Scan",
                      "Parent Relationship": "Outer",
                      "Parallel Aware": true,
                      "Relation Name": "movie_info",
                      "Alias": "mi",
                      "Startup Cost": 0.0,
                      "Total Cost": 191560.33,
                      "Plan Rows": 2956733,
                      "Plan Width": 4,
                      "Actual Startup Time": 0.032,
                      "Actual Total Time": 301.02,
                      "Actual Rows": 2472620,
                      "Actual Loops": 6
                    },
                    {
                      "Node Type": "Hash",
                      "Parent Relationship": "Inner",
                      "Parallel Aware": true,
                      "Startup Cost": 381303.53,
                      "Total Cost": 381303.53,
                      "Plan Rows": 716535,
                      "Plan Width": 8,
                      "Actual Startup Time": 2086.66,
                      "Actual Total Time": 2087.388,
                      "Actual Rows": 790647,
                      "Actual Loops": 6,
                      "Hash Buckets": 8388608,
                      "Original Hash Buckets": 8388608,
                      "Hash Batches": 1,
                      "Original Hash Batches": 1,
                      "Peak Memory Usage": 251200,
                      "Plans": [
                        {
                          "Node Type": "Hash Join",
                          "Parent Relationship": "Outer",
                          "Parallel Aware": true,
                          "Join Type": "Inner",
                          "Startup Cost": 45971.59,
                          "Total Cost": 381303.53,
                          "Plan Rows": 716535,
                          "Plan Width": 8,
                          "Actual Startup Time": 532.27,
                          "Actual Total Time": 1704.076,
                          "Actual Rows": 790647,
                          "Actual Loops": 6,
                          "Inner Unique": true,
                          "Hash Cond": "(ci.movie_id = t.id)",
                          "Plans": [
                            {
                              "Node Type": "Seq Scan",
                              "Parent Relationship": "Outer",
                              "Parallel Aware": true,
                              "Relation Name": "cast_info",
                              "Alias": "ci",
                              "Startup Cost": 0.0,
                              "Total Cost": 328162.03,
                              "Plan Rows": 2731391,
                              "Plan Width": 4,
                              "Actual Startup Time": 388.817,
                              "Actual Total Time": 830.075,
                              "Actual Rows": 2686947,
                              "Actual Loops": 6,
                              "Filter": "(role_id > 2)",
                              "Rows Removed by Filter": 3353777
                            },
                            {
                              "Node Type": "Hash",
                              "Parent Relationship": "Inner",
                              "Parallel Aware": true,
                              "Startup Cost": 43898.92,
                              "Total Cost": 43898.92,
                              "Plan Rows": 165814,
                              "Plan Width": 4,
                              "Actual Startup Time": 141.914,
                              "Actual Total Time": 141.915,
                              "Actual Rows": 110471,
                              "Actual Loops": 6,
                              "Hash Buckets": 1048576,
                              "Original Hash Buckets": 1048576,
                              "Hash Batches": 1,
                              "Original Hash Batches": 1,
                              "Peak Memory Usage": 34240,
                              "Plans": [
                                {
                                  "Node Type": "Seq Scan",
                                  "Parent Relationship": "Outer",
                                  "Parallel Aware": true,
                                  "Relation Name": "title",
                                  "Alias": "t",
                                  "Startup Cost": 0.0,
                                  "Total Cost": 43898.92,
                                  "Plan Rows": 165814,
                                  "Plan Width": 4,
                                  "Actual Startup Time": 46.784,
                                  "Actual Total Time": 90.557,
                                  "Actual Rows": 110471,
                                  "Actual Loops": 6,
                                  "Filter": "(kind_id = 1)",
                                  "Rows Removed by Filter": 310914
                                }
                              ]
                            }
                          ]
                        }
                      ]
                    }
                  ]
                }
              ]
            }
          ]
        }
      ]
    },
    "Planning Time": 1.298,
    "Triggers": [],
    "Execution Time": 7061.356
  }
]