[
  {
    "Plan": {
      "Node Type": "Aggregate",
      "Strategy": "Plain",
      "Partial Mode": "Finalize",
      "Parallel Aware": false,
      "Startup Cost": 334500.26,
      "Total Cost": 334500.27,
      "Plan Rows": 1,
      "Plan Width": 8,
      "Actual Startup Time": 637.057,
      "Actual Total Time": 680.011,
      "Actual Rows": 1,
      "Actual Loops": 1,
      "Plans": [
        {
          "Node Type": "Gather",
          "Parent Relationship": "Outer",
          "Parallel Aware": false,
          "Startup Cost": 334499.63,
          "Total Cost": 334500.24,
          "Plan Rows": 6,
          "Plan Width": 8,
          "Actual Startup Time": 636.775,
          "Actual Total Time": 679.998,
          "Actual Rows": 7,
          "Actual Loops": 1,
          "Workers Planned": 6,
          "Workers Launched": 6,
          "Single Copy": false,
          "Plans": [
            {
              "Node Type": "Aggregate",
              "Strategy": "Plain",
              "Partial Mode": "Partial",
              "Parent Relationship": "Outer",
              "Parallel Aware": false,
              "Startup Cost": 333499.63,
              "Total Cost": 333499.64,
              "Plan Rows": 1,
              "Plan Width": 8,
              "Actual Startup Time": 629.75,
              "Actual Total Time": 629.751,
              "Actual Rows": 1,
              "Actual Loops": 7,
              "Plans": [
                {
                  "Node Type": "Seq Scan",
                  "Parent Relationship": "Outer",
                  "Parallel Aware": true,
                  "Relation Name": "cast_info",
                  "Alias": "ci",
                  "Startup Cost": 0.0,
                  "Total Cost": 328211.39,
                  "Plan Rows": 2115296,
                  "Plan Width": 0,
                  "Actual Startup Time": 253.511,
                  "Actual Total Time": 548.152,
                  "Actual Rows": 1791219,
                  "Actual Loops": 7,
                  "Filter": "(person_id > 2428742)",
                  "Rows Removed by Filter": 3386544
                }
              ]
            }
          ]
        }
      ]
    },
    "Planning Time": 0.099,
    "Triggers": [],
    "Execution Time": 680.052
  }
]