[
  {
    "Plan": {
      "Node Type": "Aggregate",
      "Strategy": "Plain",
      "Partial Mode": "Finalize",
      "Parallel Aware": false,
      "Startup Cost": 371335.14,
      "Total Cost": 371335.15,
      "Plan Rows": 1,
      "Plan Width": 8,
      "Actual Startup Time": 1091.318,
      "Actual Total Time": 1141.787,
      "Actual Rows": 1,
      "Actual Loops": 1,
      "Plans": [
        {
          "Node Type": "Gather",
          "Parent Relationship": "Outer",
          "Parallel Aware": false,
          "Startup Cost": 371334.62,
          "Total Cost": 371335.13,
          "Plan Rows": 5,
          "Plan Width": 8,
          "Actual Startup Time": 1083.703,
          "Actual Total Time": 1141.77,
          "Actual Rows": 6,
          "Actual Loops": 1,
          "Workers Planned": 5,
          "Workers Launched": 5,
          "Single Copy": false,
          "Plans": [
            {
              "Node Type": "Aggregate",
              "Strategy": "Plain",
              "Partial Mode": "Partial",
              "Parent Relationship": "Outer",
              "Parallel Aware": false,
              "Startup Cost": 370334.62,
              "Total Cost": 370334.63,
              "Plan Rows": 1,
              "Plan Width": 8,
              "Actual Startup Time": 1077.244,
              "Actual Total Time": 1077.247,
              "Actual Rows": 1,
              "Actual Loops": 6,
              "Plans": [
                {
                  "Node Type": "Nested Loop",
                  "Parent Relationship": "Outer",
                  "Parallel Aware": false,
                  "Join Type": "Inner",
                  "Startup Cost": 7893.43,
                  "Total Cost": 369964.25,
                  "Plan Rows": 148147,
                  "Plan Width": 0,
                  "Actual Startup Time": 22.981,
                  "Actual Total Time": 1044.435,
                  "Actual Rows": 573023,
                  "Actual Loops": 6,
                  "Inner Unique": false,
                  "Plans": [
                    {
                      "Node Type": "Nested Loop",
                      "Parent Relationship": "Outer",
                      "Parallel Aware": false,
                      "Join Type": "Inner",
                      "Startup Cost": 7893.0,
                      "Total Cost": 321911.42,
                      "Plan Rows": 25231,
                      "Plan Width": 8,
                      "Actual Startup Time": 22.725,
                      "Actual Total Time": 275.275,
                      "Actual Rows": 47604,
                      "Actual Loops": 6,
                      "Inner Unique": true,
                      "Plans": [
                        {
                          "Node Type": "Bitmap Heap Scan",
                          "Parent Relationship": "Outer",
                          "Parallel Aware": true,
                          "Relation Name": "cast_info",
                          "Alias": "ci",
                          "Startup Cost": 7892.57,
                          "Total Cost": 274619.46,
                          "Plan Rows": 25231,
                          "Plan Width": 4,
                          "Actual Startup Time": 22.517,
                          "Actual Total Time": 38.035,
                          "Actual Rows": 47604,
                          "Actual Loops": 6,
                          "Recheck Cond": "(person_id < 43886)",
                          "Rows Removed by Index Recheck": 0,
                          "Filter": "(role_id = 1)",
                          "Rows Removed by Filter": 16545,
                          "Exact Heap Blocks": 978,
                          "Lossy Heap Blocks": 0,
                          "Plans": [
                            {
                              "Node Type": "Bitmap Index Scan",
                              "Parent Relationship": "Outer",
                              "Parallel Aware": false,
                              "Index Name": "person_id_cast_info",
                              "Startup Cost": 0.0,
                              "Total Cost": 7861.03,
                              "Plan Rows": 360062,
                              "Plan Width": 0,
                              "Actual Startup Time": 28.631,
                              "Actual Total Time": 28.632,
                              "Actual Rows": 384897,
                              "Actual Loops": 1,
                              "Index Cond": "(person_id < 43886)"
                            }
                          ]
                        },
                        {
                          "Node Type": "Index Only Scan",
                          "Parent Relationship": "Inner",
                          "Parallel Aware": false,
                          "Scan Direction": "Forward",
                          "Index Name": "title_pkey",
                          "Relation Name": "title",
                          "Alias": "t",
                          "Startup Cost": 0.43,
                          "Total Cost": 1.87,
                          "Plan Rows": 1,
                          "Plan Width": 4,
                          "Actual Startup Time": 0.005,
                          "Actual Total Time": 0.005,
                          "Actual Rows": 1,
                          "Actual Loops": 285626,
                          "Index Cond": "(id = ci.movie_id)",
                          "Rows Removed by Index Recheck": 0,
                          "Heap Fetches": 285626
                        }
                      ]
                    },
                    {
                      "Node Type": "Index Only Scan",
                      "Parent Relationship": "Inner",
                      "Parallel Aware": false,
                      "Scan Direction": "Forward",
                      "Index Name": "movie_id_movie_info",
                      "Relation Name": "movie_info",
                      "Alias": "mi",
                      "Startup Cost": 0.43,
                      "Total Cost": 1.49,
                      "Plan Rows": 41,
                      "Plan Width": 4,
                      "Actual Startup Time": 0.007,
                      "Actual Total Time": 0.015,
                      "Actual Rows": 12,
                      "Actual Loops": 285626,
                      "Index Cond": "(movie_id = t.id)",
                      "Rows Removed by Index Recheck": 0,
                      "Heap Fetches": 3438136
                    }
                  ]
                }
              ]
            }
          ]
        }
      ]
    },
    "Planning Time": 0.807,
    "Triggers": [],
    "Execution Time": 1141.876
  }
]