{
  "Plan": {
    "Node Type": "Aggregate",
    "Strategy": "Plain",
    "Partial Mode": "Finalize",
    "Parallel Aware": false,
    "Startup Cost": 94218.63,
    "Total Cost": 94218.64,
    "Plan Rows": 1,
    "Plan Width": 8,
    "Actual Startup Time": 372.293,
    "Actual Total Time": 388.405,
    "Actual Rows": 1,
    "Actual Loops": 1,
    "Plans": [
      {
        "Node Type": "Gather",
        "Parent Relationship": "Outer",
        "Parallel Aware": false,
        "Startup Cost": 94218.52,
        "Total Cost": 94218.63,
        "Plan Rows": 1,
        "Plan Width": 8,
        "Actual Startup Time": 372.021,
        "Actual Total Time": 388.396,
        "Actual Rows": 2,
        "Actual Loops": 1,
        "Workers Planned": 1,
        "Workers Launched": 1,
        "Single Copy": false,
        "Plans": [
          {
            "Node Type": "Aggregate",
            "Strategy": "Plain",
            "Partial Mode": "Partial",
            "Parent Relationship": "Outer",
            "Parallel Aware": false,
            "Startup Cost": 93218.52,
            "Total Cost": 93218.53,
            "Plan Rows": 1,
            "Plan Width": 8,
            "Actual Startup Time": 366.303,
            "Actual Total Time": 366.306,
            "Actual Rows": 1,
            "Actual Loops": 2,
            "Plans": [
              {
                "Node Type": "Hash Join",
                "Parent Relationship": "Outer",
                "Parallel Aware": true,
                "Join Type": "Inner",
                "Startup Cost": 54972.59,
                "Total Cost": 93139.22,
                "Plan Rows": 31719,
                "Plan Width": 0,
                "Actual Startup Time": 143.826,
                "Actual Total Time": 365.12,
                "Actual Rows": 26398,
                "Actual Loops": 2,
                "Inner Unique": true,
                "Hash Cond": "(mc.movie_id = t.id)",
                "Plans": [
                  {
                    "Node Type": "Seq Scan",
                    "Parent Relationship": "Outer",
                    "Parallel Aware": true,
                    "Relation Name": "movie_companies",
                    "Alias": "mc",
                    "Startup Cost": 0.0,
                    "Total Cost": 34137.82,
                    "Plan Rows": 1534782,
                    "Plan Width": 4,
                    "Actual Startup Time": 0.012,
                    "Actual Total Time": 94.808,
                    "Actual Rows": 1304564,
                    "Actual Loops": 2
                  },
                  {
                    "Node Type": "Hash",
                    "Parent Relationship": "Inner",
                    "Parallel Aware": true,
                    "Startup Cost": 54588.39,
                    "Total Cost": 54588.39,
                    "Plan Rows": 30736,
                    "Plan Width": 4,
                    "Actual Startup Time": 142.323,
                    "Actual Total Time": 142.324,
                    "Actual Rows": 29295,
                    "Actual Loops": 2,
                    "Hash Buckets": 65536,
                    "Original Hash Buckets": 65536,
                    "Hash Batches": 1,
                    "Original Hash Batches": 1,
                    "Peak Memory Usage": 2848,
                    "Plans": [
                      {
                        "Node Type": "Seq Scan",
                        "Parent Relationship": "Outer",
                        "Parallel Aware": true,
                        "Relation Name": "title",
                        "Alias": "t",
                        "Startup Cost": 0.0,
                        "Total Cost": 54588.39,
                        "Plan Rows": 30736,
                        "Plan Width": 4,
                        "Actual Startup Time": 0.035,
                        "Actual Total Time": 134.104,
                        "Actual Rows": 29295,
                        "Actual Loops": 2,
                        "Filter": "(production_year = 2001)",
                        "Rows Removed by Filter": 1234861
                      }
                    ]
                  }
                ]
              }
            ]
          }
        ]
      }
    ]
  },
  "Planning Time": 0.411,
  "Triggers": [],
  "Execution Time": 388.472
}