[
    {
        "Bao": {
            "Bao prediction": "NaN",
            "Bao recommended hint": "(no hint)"
        }
    },
    {
        "Plan": {
            "Node Type": "Aggregate",
            "Strategy": "Plain",
            "Partial Mode": "Simple",
            "Parallel Aware": false,
            "Startup Cost": 21053.24,
            "Total Cost": 21053.25,
            "Plan Rows": 1,
            "Plan Width": 8,
            "Actual Startup Time": 21.106,
            "Actual Total Time": 21.107,
            "Actual Rows": 1,
            "Actual Loops": 1,
            "Output": [
                "count(*)"
            ],
            "Plans": [
                {
                    "Node Type": "Bitmap Heap Scan",
                    "Parent Relationship": "Outer",
                    "Parallel Aware": false,
                    "Relation Name": "movie_companies",
                    "Schema": "public",
                    "Alias": "mc",
                    "Startup Cost": 1338.31,
                    "Total Cost": 20899.09,
                    "Plan Rows": 61662,
                    "Plan Width": 0,
                    "Actual Startup Time": 4.051,
                    "Actual Total Time": 17.352,
                    "Actual Rows": 62075,
                    "Actual Loops": 1,
                    "Recheck Cond": "(mc.company_id = 6)",
                    "Rows Removed by Index Recheck": 0,
                    "Exact Heap Blocks": 4954,
                    "Lossy Heap Blocks": 0,
                    "Plans": [
                        {
                            "Node Type": "Bitmap Index Scan",
                            "Parent Relationship": "Outer",
                            "Parallel Aware": false,
                            "Index Name": "company_id_movie_companies",
                            "Startup Cost": 0.0,
                            "Total Cost": 1322.89,
                            "Plan Rows": 61662,
                            "Plan Width": 0,
                            "Actual Startup Time": 3.084,
                            "Actual Total Time": 3.084,
                            "Actual Rows": 62075,
                            "Actual Loops": 1,
                            "Index Cond": "(mc.company_id = 6)"
                        }
                    ]
                }
            ]
        },
        "Planning Time": 199.766,
        "Triggers": [],
        "Execution Time": 21.15
    }
]