{
  "Plan": {
    "Node Type": "Aggregate",
    "Strategy": "Plain",
    "Partial Mode": "Finalize",
    "Parallel Aware": false,
    "Startup Cost": 746584.78,
    "Total Cost": 746584.79,
    "Plan Rows": 1,
    "Plan Width": 8,
    "Actual Startup Time": 3951.658,
    "Actual Total Time": 4024.964,
    "Actual Rows": 1,
    "Actual Loops": 1,
    "Plans": [
      {
        "Node Type": "Gather",
        "Parent Relationship": "Outer",
        "Parallel Aware": false,
        "Startup Cost": 746584.66,
        "Total Cost": 746584.77,
        "Plan Rows": 1,
        "Plan Width": 8,
        "Actual Startup Time": 3948.569,
        "Actual Total Time": 4024.956,
        "Actual Rows": 2,
        "Actual Loops": 1,
        "Workers Planned": 1,
        "Workers Launched": 1,
        "Single Copy": false,
        "Plans": [
          {
            "Node Type": "Aggregate",
            "Strategy": "Plain",
            "Partial Mode": "Partial",
            "Parent Relationship": "Outer",
            "Parallel Aware": false,
            "Startup Cost": 745584.66,
            "Total Cost": 745584.67,
            "Plan Rows": 1,
            "Plan Width": 8,
            "Actual Startup Time": 3942.546,
            "Actual Total Time": 3942.551,
            "Actual Rows": 1,
            "Actual Loops": 2,
            "Plans": [
              {
                "Node Type": "Hash Join",
                "Parent Relationship": "Outer",
                "Parallel Aware": true,
                "Join Type": "Inner",
                "Startup Cost": 133531.32,
                "Total Cost": 733138.29,
                "Plan Rows": 4978550,
                "Plan Width": 0,
                "Actual Startup Time": 718.875,
                "Actual Total Time": 3847.957,
                "Actual Rows": 2079419,
                "Actual Loops": 2,
                "Inner Unique": false,
                "Hash Cond": "(ci.movie_id = t.id)",
                "Plans": [
                  {
                    "Node Type": "Seq Scan",
                    "Parent Relationship": "Outer",
                    "Parallel Aware": true,
                    "Relation Name": "cast_info",
                    "Alias": "ci",
                    "Startup Cost": 0.0,
                    "Total Cost": 519069.44,
                    "Plan Rows": 13667186,
                    "Plan Width": 4,
                    "Actual Startup Time": 0.017,
                    "Actual Total Time": 1631.594,
                    "Actual Rows": 11646846,
                    "Actual Loops": 2,
                    "Filter": "(person_id < 2382563)",
                    "Rows Removed by Filter": 6475326
                  },
                  {
                    "Node Type": "Hash",
                    "Parent Relationship": "Inner",
                    "Parallel Aware": true,
                    "Startup Cost": 126759.4,
                    "Total Cost": 126759.4,
                    "Plan Rows": 541754,
                    "Plan Width": 8,
                    "Actual Startup Time": 709.57,
                    "Actual Total Time": 709.574,
                    "Actual Rows": 116295,
                    "Actual Loops": 2,
                    "Hash Buckets": 1048576,
                    "Original Hash Buckets": 1048576,
                    "Hash Batches": 1,
                    "Original Hash Batches": 1,
                    "Peak Memory Usage": 17312,
                    "Plans": [
                      {
                        "Node Type": "Hash Join",
                        "Parent Relationship": "Outer",
                        "Parallel Aware": true,
                        "Join Type": "Inner",
                        "Startup Cost": 65213.67,
                        "Total Cost": 126759.4,
                        "Plan Rows": 541754,
                        "Plan Width": 8,
                        "Actual Startup Time": 310.47,
                        "Actual Total Time": 680.292,
                        "Actual Rows": 116295,
                        "Actual Loops": 2,
                        "Inner Unique": true,
                        "Hash Cond": "(mk.movie_id = t.id)",
                        "Plans": [
                          {
                            "Node Type": "Seq Scan",
                            "Parent Relationship": "Outer",
                            "Parallel Aware": true,
                            "Relation Name": "movie_keyword",
                            "Alias": "mk",
                            "Startup Cost": 0.0,
                            "Total Cost": 57718.19,
                            "Plan Rows": 1458105,
                            "Plan Width": 4,
                            "Actual Startup Time": 0.404,
                            "Actual Total Time": 218.635,
                            "Actual Rows": 1240328,
                            "Actual Loops": 2,
                            "Filter": "(keyword_id > 3644)",
                            "Rows Removed by Filter": 1021637
                          },
                          {
                            "Node Type": "Hash",
                            "Parent Relationship": "Inner",
                            "Parallel Aware": true,
                            "Startup Cost": 58306.47,
                            "Total Cost": 58306.47,
                            "Plan Rows": 552576,
                            "Plan Width": 4,
                            "Actual Startup Time": 304.759,
                            "Actual Total Time": 304.76,
                            "Actual Rows": 438018,
                            "Actual Loops": 2,
                            "Hash Buckets": 1048576,
                            "Original Hash Buckets": 1048576,
                            "Hash Batches": 1,
                            "Original Hash Batches": 1,
                            "Peak Memory Usage": 42496,
                            "Plans": [
                              {
                                "Node Type": "Seq Scan",
                                "Parent Relationship": "Outer",
                                "Parallel Aware": true,
                                "Relation Name": "title",
                                "Alias": "t",
                                "Startup Cost": 0.0,
                                "Total Cost": 58306.47,
                                "Plan Rows": 552576,
                                "Plan Width": 4,
                                "Actual Startup Time": 0.044,
                                "Actual Total Time": 184.555,
                                "Actual Rows": 438018,
                                "Actual Loops": 2,
                                "Filter": "((production_year < 2007) AND (kind_id = 7))",
                                "Rows Removed by Filter": 826138
                              }
                            ]
                          }
                        ]
                      }
                    ]
                  }
                ]
              }
            ]
          }
        ]
      }
    ]
  },
  "Planning Time": 0.766,
  "Triggers": [],
  "Execution Time": 4025.047
}