[
    {
        "Bao": {
            "Bao prediction": 651.06,
            "Bao recommended hint": "(no hint)"
        }
    },
    {
        "Plan": {
            "Node Type": "Aggregate",
            "Strategy": "Plain",
            "Partial Mode": "Finalize",
            "Parallel Aware": false,
            "Startup Cost": 32962.78,
            "Total Cost": 32962.79,
            "Plan Rows": 1,
            "Plan Width": 8,
            "Actual Startup Time": 119.432,
            "Actual Total Time": 126.043,
            "Actual Rows": 1,
            "Actual Loops": 1,
            "Output": [
                "count(*)"
            ],
            "Plans": [
                {
                    "Node Type": "Gather",
                    "Parent Relationship": "Outer",
                    "Parallel Aware": false,
                    "Startup Cost": 32962.46,
                    "Total Cost": 32962.77,
                    "Plan Rows": 3,
                    "Plan Width": 8,
                    "Actual Startup Time": 119.109,
                    "Actual Total Time": 126.033,
                    "Actual Rows": 4,
                    "Actual Loops": 1,
                    "Output": [
                        "(PARTIAL count(*))"
                    ],
                    "Workers Planned": 3,
                    "Workers Launched": 3,
                    "Single Copy": false,
                    "Plans": [
                        {
                            "Node Type": "Aggregate",
                            "Strategy": "Plain",
                            "Partial Mode": "Partial",
                            "Parent Relationship": "Outer",
                            "Parallel Aware": false,
                            "Startup Cost": 31962.46,
                            "Total Cost": 31962.47,
                            "Plan Rows": 1,
                            "Plan Width": 8,
                            "Actual Startup Time": 110.971,
                            "Actual Total Time": 110.973,
                            "Actual Rows": 1,
                            "Actual Loops": 4,
                            "Output": [
                                "PARTIAL count(*)"
                            ],
                            "Workers": [
                                {
                                    "Worker Number": 0,
                                    "Actual Startup Time": 108.366,
                                    "Actual Total Time": 108.367,
                                    "Actual Rows": 1,
                                    "Actual Loops": 1
                                },
                                {
                                    "Worker Number": 1,
                                    "Actual Startup Time": 108.289,
                                    "Actual Total Time": 108.291,
                                    "Actual Rows": 1,
                                    "Actual Loops": 1
                                },
                                {
                                    "Worker Number": 2,
                                    "Actual Startup Time": 108.689,
                                    "Actual Total Time": 108.691,
                                    "Actual Rows": 1,
                                    "Actual Loops": 1
                                }
                            ],
                            "Plans": [
                                {
                                    "Node Type": "Bitmap Heap Scan",
                                    "Parent Relationship": "Outer",
                                    "Parallel Aware": true,
                                    "Relation Name": "movie_keyword",
                                    "Schema": "public",
                                    "Alias": "mk",
                                    "Startup Cost": 6113.96,
                                    "Total Cost": 31730.04,
                                    "Plan Rows": 92967,
                                    "Plan Width": 0,
                                    "Actual Startup Time": 38.047,
                                    "Actual Total Time": 105.04,
                                    "Actual Rows": 71380,
                                    "Actual Loops": 4,
                                    "Recheck Cond": "(mk.keyword_id > 55993)",
                                    "Rows Removed by Index Recheck": 0,
                                    "Exact Heap Blocks": 9373,
                                    "Lossy Heap Blocks": 0,
                                    "Workers": [
                                        {
                                            "Worker Number": 0,
                                            "Actual Startup Time": 35.478,
                                            "Actual Total Time": 103.224,
                                            "Actual Rows": 55247,
                                            "Actual Loops": 1
                                        },
                                        {
                                            "Worker Number": 1,
                                            "Actual Startup Time": 35.501,
                                            "Actual Total Time": 103.303,
                                            "Actual Rows": 52832,
                                            "Actual Loops": 1
                                        },
                                        {
                                            "Worker Number": 2,
                                            "Actual Startup Time": 35.79,
                                            "Actual Total Time": 103.505,
                                            "Actual Rows": 54803,
                                            "Actual Loops": 1
                                        }
                                    ],
                                    "Plans": [
                                        {
                                            "Node Type": "Bitmap Index Scan",
                                            "Parent Relationship": "Outer",
                                            "Parallel Aware": false,
                                            "Index Name": "keyword_id_movie_keyword",
                                            "Startup Cost": 0.0,
                                            "Total Cost": 6041.91,
                                            "Plan Rows": 288197,
                                            "Plan Width": 0,
                                            "Actual Startup Time": 40.344,
                                            "Actual Total Time": 40.345,
                                            "Actual Rows": 285522,
                                            "Actual Loops": 1,
                                            "Index Cond": "(mk.keyword_id > 55993)"
                                        }
                                    ]
                                }
                            ]
                        }
                    ]
                }
            ]
        },
        "Planning Time": 647.804,
        "Triggers": [],
        "Execution Time": 126.142
    }
]