[
  {
    "Plan": {
      "Node Type": "Aggregate",
      "Strategy": "Plain",
      "Partial Mode": "Finalize",
      "Parallel Aware": false,
      "Startup Cost": 44908.19,
      "Total Cost": 44908.2,
      "Plan Rows": 1,
      "Plan Width": 8,
      "Actual Startup Time": 95.582,
      "Actual Total Time": 107.505,
      "Actual Rows": 1,
      "Actual Loops": 1,
      "Plans": [
        {
          "Node Type": "Gather",
          "Parent Relationship": "Outer",
          "Parallel Aware": false,
          "Startup Cost": 44907.77,
          "Total Cost": 44908.18,
          "Plan Rows": 4,
          "Plan Width": 8,
          "Actual Startup Time": 95.452,
          "Actual Total Time": 107.495,
          "Actual Rows": 5,
          "Actual Loops": 1,
          "Workers Planned": 4,
          "Workers Launched": 4,
          "Single Copy": false,
          "Plans": [
            {
              "Node Type": "Aggregate",
              "Strategy": "Plain",
              "Partial Mode": "Partial",
              "Parent Relationship": "Outer",
              "Parallel Aware": false,
              "Startup Cost": 43907.77,
              "Total Cost": 43907.78,
              "Plan Rows": 1,
              "Plan Width": 8,
              "Actual Startup Time": 85.847,
              "Actual Total Time": 85.848,
              "Actual Rows": 1,
              "Actual Loops": 5,
              "Plans": [
                {
                  "Node Type": "Seq Scan",
                  "Parent Relationship": "Outer",
                  "Parallel Aware": true,
                  "Relation Name": "title",
                  "Alias": "t",
                  "Startup Cost": 0.0,
                  "Total Cost": 43898.92,
                  "Plan Rows": 3540,
                  "Plan Width": 0,
                  "Actual Startup Time": 0.249,
                  "Actual Total Time": 85.468,
                  "Actual Rows": 2870,
                  "Actual Loops": 5,
                  "Filter": "(production_year = 1969)",
                  "Rows Removed by Filter": 502793
                }
              ]
            }
          ]
        }
      ]
    },
    "Planning Time": 0.138,
    "Triggers": [],
    "Execution Time": 107.559
  }
]