[
  {
    "Plan": {
      "Node Type": "Aggregate",
      "Strategy": "Plain",
      "Partial Mode": "Finalize",
      "Parallel Aware": false,
      "Startup Cost": 388433.31,
      "Total Cost": 388433.32,
      "Plan Rows": 1,
      "Plan Width": 8,
      "Actual Startup Time": 1532.556,
      "Actual Total Time": 1604.495,
      "Actual Rows": 1,
      "Actual Loops": 1,
      "Plans": [
        {
          "Node Type": "Gather",
          "Parent Relationship": "Outer",
          "Parallel Aware": false,
          "Startup Cost": 388432.69,
          "Total Cost": 388433.3,
          "Plan Rows": 6,
          "Plan Width": 8,
          "Actual Startup Time": 1529.755,
          "Actual Total Time": 1604.472,
          "Actual Rows": 7,
          "Actual Loops": 1,
          "Workers Planned": 6,
          "Workers Launched": 6,
          "Single Copy": false,
          "Plans": [
            {
              "Node Type": "Aggregate",
              "Strategy": "Plain",
              "Partial Mode": "Partial",
              "Parent Relationship": "Outer",
              "Parallel Aware": false,
              "Startup Cost": 387432.69,
              "Total Cost": 387432.7,
              "Plan Rows": 1,
              "Plan Width": 8,
              "Actual Startup Time": 1519.843,
              "Actual Total Time": 1519.848,
              "Actual Rows": 1,
              "Actual Loops": 7,
              "Plans": [
                {
                  "Node Type": "Hash Join",
                  "Parent Relationship": "Outer",
                  "Parallel Aware": true,
                  "Join Type": "Inner",
                  "Startup Cost": 46490.94,
                  "Total Cost": 386049.46,
                  "Plan Rows": 553292,
                  "Plan Width": 0,
                  "Actual Startup Time": 220.442,
                  "Actual Total Time": 1487.94,
                  "Actual Rows": 580492,
                  "Actual Loops": 7,
                  "Inner Unique": true,
                  "Hash Cond": "(ci.movie_id = t.id)",
                  "Plans": [
                    {
                      "Node Type": "Seq Scan",
                      "Parent Relationship": "Outer",
                      "Parallel Aware": true,
                      "Relation Name": "cast_info",
                      "Alias": "ci",
                      "Startup Cost": 0.0,
                      "Total Cost": 328211.39,
                      "Plan Rows": 4322707,
                      "Plan Width": 4,
                      "Actual Startup Time": 109.959,
                      "Actual Total Time": 705.934,
                      "Actual Rows": 3701650,
                      "Actual Loops": 7,
                      "Filter": "(person_id > 1015527)",
                      "Rows Removed by Filter": 1476113
                    },
                    {
                      "Node Type": "Hash",
                      "Parent Relationship": "Inner",
                      "Parallel Aware": true,
                      "Startup Cost": 45479.59,
                      "Total Cost": 45479.59,
                      "Plan Rows": 80908,
                      "Plan Width": 4,
                      "Actual Startup Time": 107.792,
                      "Actual Total Time": 107.794,
                      "Actual Rows": 49933,
                      "Actual Loops": 7,
                      "Hash Buckets": 524288,
                      "Original Hash Buckets": 524288,
                      "Hash Batches": 1,
                      "Original Hash Batches": 1,
                      "Peak Memory Usage": 17856,
                      "Plans": [
                        {
                          "Node Type": "Seq Scan",
                          "Parent Relationship": "Outer",
                          "Parallel Aware": true,
                          "Relation Name": "title",
                          "Alias": "t",
                          "Startup Cost": 0.0,
                          "Total Cost": 45479.59,
                          "Plan Rows": 80908,
                          "Plan Width": 4,
                          "Actual Startup Time": 0.058,
                          "Actual Total Time": 81.516,
                          "Actual Rows": 49933,
                          "Actual Loops": 7,
                          "Filter": "((production_year > 2009) AND (kind_id = 7))",
                          "Rows Removed by Filter": 311254
                        }
                      ]
                    }
                  ]
                }
              ]
            }
          ]
        }
      ]
    },
    "Planning Time": 0.642,
    "Triggers": [],
    "Execution Time": 1604.585
  }
]