[
  {
    "Plan": {
      "Node Type": "Aggregate",
      "Strategy": "Plain",
      "Partial Mode": "Finalize",
      "Parallel Aware": false,
      "Startup Cost": 131714.21,
      "Total Cost": 131714.22,
      "Plan Rows": 1,
      "Plan Width": 8,
      "Actual Startup Time": 1271.858,
      "Actual Total Time": 1295.461,
      "Actual Rows": 1,
      "Actual Loops": 1,
      "Plans": [
        {
          "Node Type": "Gather",
          "Parent Relationship": "Outer",
          "Parallel Aware": false,
          "Startup Cost": 131713.89,
          "Total Cost": 131714.2,
          "Plan Rows": 3,
          "Plan Width": 8,
          "Actual Startup Time": 1258.746,
          "Actual Total Time": 1295.449,
          "Actual Rows": 4,
          "Actual Loops": 1,
          "Workers Planned": 3,
          "Workers Launched": 3,
          "Single Copy": false,
          "Plans": [
            {
              "Node Type": "Aggregate",
              "Strategy": "Plain",
              "Partial Mode": "Partial",
              "Parent Relationship": "Outer",
              "Parallel Aware": false,
              "Startup Cost": 130713.89,
              "Total Cost": 130713.9,
              "Plan Rows": 1,
              "Plan Width": 8,
              "Actual Startup Time": 1249.933,
              "Actual Total Time": 1250.543,
              "Actual Rows": 1,
              "Actual Loops": 4,
              "Plans": [
                {
                  "Node Type": "Hash Join",
                  "Parent Relationship": "Outer",
                  "Parallel Aware": true,
                  "Join Type": "Inner",
                  "Startup Cost": 83720.25,
                  "Total Cost": 129476.98,
                  "Plan Rows": 494765,
                  "Plan Width": 0,
                  "Actual Startup Time": 720.991,
                  "Actual Total Time": 1152.72,
                  "Actual Rows": 1763176,
                  "Actual Loops": 4,
                  "Inner Unique": false,
                  "Hash Cond": "(mk.movie_id = t.id)",
                  "Plans": [
                    {
                      "Node Type": "Seq Scan",
                      "Parent Relationship": "Outer",
                      "Parallel Aware": true,
                      "Relation Name": "movie_keyword",
                      "Alias": "mk",
                      "Startup Cost": 0.0,
                      "Total Cost": 39047.32,
                      "Plan Rows": 1459332,
                      "Plan Width": 4,
                      "Actual Startup Time": 0.03,
                      "Actual Total Time": 114.153,
                      "Actual Rows": 1130982,
                      "Actual Loops": 4
                    },
                    {
                      "Node Type": "Hash",
                      "Parent Relationship": "Inner",
                      "Parallel Aware": true,
                      "Startup Cost": 81041.56,
                      "Total Cost": 81041.56,
                      "Plan Rows": 214295,
                      "Plan Width": 8,
                      "Actual Startup Time": 714.51,
                      "Actual Total Time": 715.117,
                      "Actual Rows": 266667,
                      "Actual Loops": 4,
                      "Hash Buckets": 2097152,
                      "Original Hash Buckets": 1048576,
                      "Hash Batches": 1,
                      "Original Hash Batches": 1,
                      "Peak Memory Usage": 66336,
                      "Plans": [
                        {
                          "Node Type": "Hash Join",
                          "Parent Relationship": "Outer",
                          "Parallel Aware": true,
                          "Join Type": "Inner",
                          "Startup Cost": 34871.19,
                          "Total Cost": 81041.56,
                          "Plan Rows": 214295,
                          "Plan Width": 8,
                          "Actual Startup Time": 234.147,
                          "Actual Total Time": 584.466,
                          "Actual Rows": 266667,
                          "Actual Loops": 4,
                          "Inner Unique": false,
                          "Hash Cond": "(t.id = mc.movie_id)",
                          "Plans": [
                            {
                              "Node Type": "Seq Scan",
                              "Parent Relationship": "Outer",
                              "Parallel Aware": true,
                              "Relation Name": "title",
                              "Alias": "t",
                              "Startup Cost": 0.0,
                              "Total Cost": 42318.73,
                              "Plan Rows": 632073,
                              "Plan Width": 4,
                              "Actual Startup Time": 0.012,
                              "Actual Total Time": 96.09,
                              "Actual Rows": 632078,
                              "Actual Loops": 4
                            },
                            {
                              "Node Type": "Hash",
                              "Parent Relationship": "Inner",
                              "Parallel Aware": true,
                              "Startup Cost": 31414.82,
                              "Total Cost": 31414.82,
                              "Plan Rows": 276510,
                              "Plan Width": 4,
                              "Actual Startup Time": 231.482,
                              "Actual Total Time": 231.483,
                              "Actual Rows": 266667,
                              "Actual Loops": 4,
                              "Hash Buckets": 2097152,
                              "Original Hash Buckets": 1048576,
                              "Hash Batches": 1,
                              "Original Hash Batches": 1,
                              "Peak Memory Usage": 66368,
                              "Plans": [
                                {
                                  "Node Type": "Seq Scan",
                                  "Parent Relationship": "Outer",
                                  "Parallel Aware": true,
                                  "Relation Name": "movie_companies",
                                  "Alias": "mc",
                                  "Startup Cost": 0.0,
                                  "Total Cost": 31414.82,
                                  "Plan Rows": 276510,
                                  "Plan Width": 4,
                                  "Actual Startup Time": 54.642,
                                  "Actual Total Time": 109.297,
                                  "Actual Rows": 266667,
                                  "Actual Loops": 4,
                                  "Filter": "((company_id > 3171) AND (company_type_id > 1))",
                                  "Rows Removed by Filter": 385615
                                }
                              ]
                            }
                          ]
                        }
                      ]
                    }
                  ]
                }
              ]
            }
          ]
        }
      ]
    },
    "Planning Time": 1.515,
    "Triggers": [],
    "Execution Time": 1295.557
  }
]