[
  {
    "Bao": {
      "Bao prediction": 1797.485,
      "Bao recommended hint": "SET enable_nestloop TO off; SET enable_mergejoin TO off; SET enable_indexscan TO off; "
    }
  },
  {
    "Plan": {
      "Node Type": "Aggregate",
      "Strategy": "Plain",
      "Partial Mode": "Finalize",
      "Parallel Aware": false,
      "Startup Cost": 377051.72,
      "Total Cost": 377051.73,
      "Plan Rows": 1,
      "Plan Width": 96,
      "Actual Startup Time": 1949.565,
      "Actual Total Time": 2015.169,
      "Actual Rows": 1,
      "Actual Loops": 1,
      "Plans": [
        {
          "Node Type": "Gather",
          "Parent Relationship": "Outer",
          "Parallel Aware": false,
          "Startup Cost": 377051.28,
          "Total Cost": 377051.69,
          "Plan Rows": 4,
          "Plan Width": 96,
          "Actual Startup Time": 1948.585,
          "Actual Total Time": 2015.149,
          "Actual Rows": 5,
          "Actual Loops": 1,
          "Workers Planned": 4,
          "Workers Launched": 4,
          "Single Copy": false,
          "Plans": [
            {
              "Node Type": "Aggregate",
              "Strategy": "Plain",
              "Partial Mode": "Partial",
              "Parent Relationship": "Outer",
              "Parallel Aware": false,
              "Startup Cost": 376051.28,
              "Total Cost": 376051.29,
              "Plan Rows": 1,
              "Plan Width": 96,
              "Actual Startup Time": 1934.536,
              "Actual Total Time": 1934.586,
              "Actual Rows": 1,
              "Actual Loops": 5,
              "Plans": [
                {
                  "Node Type": "Hash Join",
                  "Parent Relationship": "Outer",
                  "Parallel Aware": false,
                  "Join Type": "Inner",
                  "Startup Cost": 331210.84,
                  "Total Cost": 376051.27,
                  "Plan Rows": 1,
                  "Plan Width": 42,
                  "Actual Startup Time": 1830.565,
                  "Actual Total Time": 1934.304,
                  "Actual Rows": 1675,
                  "Actual Loops": 5,
                  "Inner Unique": true,
                  "Hash Cond": "(t.kind_id = kt.id)",
                  "Plans": [
                    {
                      "Node Type": "Hash Join",
                      "Parent Relationship": "Outer",
                      "Parallel Aware": true,
                      "Join Type": "Inner",
                      "Startup Cost": 331209.72,
                      "Total Cost": 376050.16,
                      "Plan Rows": 1,
                      "Plan Width": 46,
                      "Actual Startup Time": 1829.811,
                      "Actual Total Time": 1933.231,
                      "Actual Rows": 1734,
                      "Actual Loops": 5,
                      "Inner Unique": false,
                      "Hash Cond": "(t.id = mi.movie_id)",
                      "Plans": [
                        {
                          "Node Type": "Seq Scan",
                          "Parent Relationship": "Outer",
                          "Parallel Aware": true,
                          "Relation Name": "title",
                          "Alias": "t",
                          "Startup Cost": 0.0,
                          "Total Cost": 43897.41,
                          "Plan Rows": 251470,
                          "Plan Width": 25,
                          "Actual Startup Time": 0.011,
                          "Actual Total Time": 102.356,
                          "Actual Rows": 202584,
                          "Actual Loops": 5,
                          "Filter": "(production_year > 2005)",
                          "Rows Removed by Filter": 303078
                        },
                        {
                          "Node Type": "Hash",
                          "Parent Relationship": "Inner",
                          "Parallel Aware": true,
                          "Startup Cost": 331209.71,
                          "Total Cost": 331209.71,
                          "Plan Rows": 1,
                          "Plan Width": 45,
                          "Actual Startup Time": 1800.93,
                          "Actual Total Time": 1800.972,
                          "Actual Rows": 4428,
                          "Actual Loops": 5,
                          "Hash Buckets": 32768,
                          "Original Hash Buckets": 1024,
                          "Hash Batches": 1,
                          "Original Hash Batches": 1,
                          "Peak Memory Usage": 2328,
                          "Plans": [
                            {
                              "Node Type": "Hash Join",
                              "Parent Relationship": "Outer",
                              "Parallel Aware": false,
                              "Join Type": "Inner",
                              "Startup Cost": 326207.96,
                              "Total Cost": 331209.71,
                              "Plan Rows": 1,
                              "Plan Width": 45,
                              "Actual Startup Time": 1777.308,
                              "Actual Total Time": 1793.692,
                              "Actual Rows": 4428,
                              "Actual Loops": 5,
                              "Inner Unique": true,
                              "Hash Cond": "(mc.company_type_id = ct.id)",
                              "Plans": [
                                {
                                  "Node Type": "Hash Join",
                                  "Parent Relationship": "Outer",
                                  "Parallel Aware": true,
                                  "Join Type": "Inner",
                                  "Startup Cost": 326206.87,
                                  "Total Cost": 331208.62,
                                  "Plan Rows": 1,
                                  "Plan Width": 49,
                                  "Actual Startup Time": 1777.191,
                                  "Actual Total Time": 1792.707,
                                  "Actual Rows": 4428,
                                  "Actual Loops": 5,
                                  "Inner Unique": false,
                                  "Hash Cond": "(cn.id = mc.company_id)",
                                  "Plans": [
                                    {
                                      "Node Type": "Seq Scan",
                                      "Parent Relationship": "Outer",
                                      "Parallel Aware": true,
                                      "Relation Name": "company_name",
                                      "Alias": "cn",
                                      "Startup Cost": 0.0,
                                      "Total Cost": 4722.92,
                                      "Plan Rows": 74351,
                                      "Plan Width": 23,
                                      "Actual Startup Time": 0.021,
                                      "Actual Total Time": 10.719,
                                      "Actual Rows": 25246,
                                      "Actual Loops": 5,
                                      "Filter": "((country_code)::text <> '[us]'::text)",
                                      "Rows Removed by Filter": 21753
                                    },
                                    {
                                      "Node Type": "Hash",
                                      "Parent Relationship": "Inner",
                                      "Parallel Aware": true,
                                      "Startup Cost": 326206.86,
                                      "Total Cost": 326206.86,
                                      "Plan Rows": 1,
                                      "Plan Width": 34,
                                      "Actual Startup Time": 1777.043,
                                      "Actual Total Time": 1777.08,
                                      "Actual Rows": 4680,
                                      "Actual Loops": 5,
                                      "Hash Buckets": 32768,
                                      "Original Hash Buckets": 1024,
                                      "Hash Batches": 1,
                                      "Original Hash Batches": 1,
                                      "Peak Memory Usage": 2040,
                                      "Plans": [
                                        {
                                          "Node Type": "Hash Join",
                                          "Parent Relationship": "Outer",
                                          "Parallel Aware": true,
                                          "Join Type": "Inner",
                                          "Startup Cost": 294605.88,
                                          "Total Cost": 326206.86,
                                          "Plan Rows": 1,
                                          "Plan Width": 34,
                                          "Actual Startup Time": 1630.136,
                                          "Actual Total Time": 1747.6,
                                          "Actual Rows": 4680,
                                          "Actual Loops": 5,
                                          "Inner Unique": false,
                                          "Hash Cond": "(mc.movie_id = mi.movie_id)",
                                          "Plans": [
                                            {
                                              "Node Type": "Seq Scan",
                                              "Parent Relationship": "Outer",
                                              "Parallel Aware": true,
                                              "Relation Name": "movie_companies",
                                              "Alias": "mc",
                                              "Startup Cost": 0.0,
                                              "Total Cost": 31414.82,
                                              "Plan Rows": 49641,
                                              "Plan Width": 12,
                                              "Actual Startup Time": 0.051,
                                              "Actual Total Time": 109.849,
                                              "Actual Rows": 60654,
                                              "Actual Loops": 5,
                                              "Filter": "((note !~~ '%(USA)%'::text) AND (note ~~ '%(200%)%'::text))",
                                              "Rows Removed by Filter": 461172
                                            },
                                            {
                                              "Node Type": "Hash",
                                              "Parent Relationship": "Inner",
                                              "Parallel Aware": true,
                                              "Startup Cost": 294605.87,
                                              "Total Cost": 294605.87,
                                              "Plan Rows": 1,
                                              "Plan Width": 22,
                                              "Actual Startup Time": 1627.439,
                                              "Actual Total Time": 1627.471,
                                              "Actual Rows": 969,
                                              "Actual Loops": 5,
                                              "Hash Buckets": 4096,
                                              "Original Hash Buckets": 1024,
                                              "Hash Batches": 1,
                                              "Original Hash Batches": 1,
                                              "Peak Memory Usage": 440,
                                              "Plans": [
                                                {
                                                  "Node Type": "Hash Join",
                                                  "Parent Relationship": "Outer",
                                                  "Parallel Aware": true,
                                                  "Join Type": "Inner",
                                                  "Startup Cost": 65607.62,
                                                  "Total Cost": 294605.87,
                                                  "Plan Rows": 1,
                                                  "Plan Width": 22,
                                                  "Actual Startup Time": 1363.422,
                                                  "Actual Total Time": 1591.897,
                                                  "Actual Rows": 969,
                                                  "Actual Loops": 5,
                                                  "Inner Unique": false,
                                                  "Hash Cond": "(mi.movie_id = mk.movie_id)",
                                                  "Plans": [
                                                    {
                                                      "Node Type": "Hash Join",
                                                      "Parent Relationship": "Outer",
                                                      "Parallel Aware": false,
                                                      "Join Type": "Inner",
                                                      "Startup Cost": 2.43,
                                                      "Total Cost": 228996.68,
                                                      "Plan Rows": 1062,
                                                      "Plan Width": 4,
                                                      "Actual Startup Time": 778.853,
                                                      "Actual Total Time": 993.208,
                                                      "Actual Rows": 122850,
                                                      "Actual Loops": 5,
                                                      "Inner Unique": true,
                                                      "Hash Cond": "(mi.info_type_id = it1.id)",
                                                      "Plans": [
                                                        {
                                                          "Node Type": "Seq Scan",
                                                          "Parent Relationship": "Outer",
                                                          "Parallel Aware": true,
                                                          "Relation Name": "movie_info",
                                                          "Alias": "mi",
                                                          "Startup Cost": 0.0,
                                                          "Total Cost": 228667.57,
                                                          "Plan Rows": 119950,
                                                          "Plan Width": 8,
                                                          "Actual Startup Time": 0.89,
                                                          "Actual Total Time": 967.882,
                                                          "Actual Rows": 143242,
                                                          "Actual Loops": 5,
                                                          "Filter": "(info = ANY ('{Sweden,Norway,Germany,Denmark,Swedish,Danish,Norwegian,German,USA,American}'::text[]))",
                                                          "Rows Removed by Filter": 2823902
                                                        },
                                                        {
                                                          "Node Type": "Hash",
                                                          "Parent Relationship": "Inner",
                                                          "Parallel Aware": false,
                                                          "Startup Cost": 2.41,
                                                          "Total Cost": 2.41,
                                                          "Plan Rows": 1,
                                                          "Plan Width": 4,
                                                          "Actual Startup Time": 0.047,
                                                          "Actual Total Time": 0.049,
                                                          "Actual Rows": 1,
                                                          "Actual Loops": 5,
                                                          "Hash Buckets": 1024,
                                                          "Original Hash Buckets": 1024,
                                                          "Hash Batches": 1,
                                                          "Original Hash Batches": 1,
                                                          "Peak Memory Usage": 9,
                                                          "Plans": [
                                                            {
                                                              "Node Type": "Seq Scan",
                                                              "Parent Relationship": "Outer",
                                                              "Parallel Aware": false,
                                                              "Relation Name": "info_type",
                                                              "Alias": "it1",
                                                              "Startup Cost": 0.0,
                                                              "Total Cost": 2.41,
                                                              "Plan Rows": 1,
                                                              "Plan Width": 4,
                                                              "Actual Startup Time": 0.021,
                                                              "Actual Total Time": 0.033,
                                                              "Actual Rows": 1,
                                                              "Actual Loops": 5,
                                                              "Filter": "((info)::text = 'countries'::text)",
                                                              "Rows Removed by Filter": 112
                                                            }
                                                          ]
                                                        }
                                                      ]
                                                    },
                                                    {
                                                      "Node Type": "Hash",
                                                      "Parent Relationship": "Inner",
                                                      "Parallel Aware": true,
                                                      "Startup Cost": 65605.18,
                                                      "Total Cost": 65605.18,
                                                      "Plan Rows": 1,
                                                      "Plan Width": 18,
                                                      "Actual Startup Time": 583.019,
                                                      "Actual Total Time": 583.045,
                                                      "Actual Rows": 1282,
                                                      "Actual Loops": 5,
                                                      "Hash Buckets": 8192,
                                                      "Original Hash Buckets": 1024,
                                                      "Hash Batches": 1,
                                                      "Original Hash Batches": 1,
                                                      "Peak Memory Usage": 504,
                                                      "Plans": [
                                                        {
                                                          "Node Type": "Hash Join",
                                                          "Parent Relationship": "Outer",
                                                          "Parallel Aware": true,
                                                          "Join Type": "Inner",
                                                          "Startup Cost": 48944.89,
                                                          "Total Cost": 65605.18,
                                                          "Plan Rows": 1,
                                                          "Plan Width": 18,
                                                          "Actual Startup Time": 415.042,
                                                          "Actual Total Time": 525.809,
                                                          "Actual Rows": 1282,
                                                          "Actual Loops": 5,
                                                          "Inner Unique": false,
                                                          "Hash Cond": "(mi_idx.movie_id = mk.movie_id)",
                                                          "Plans": [
                                                            {
                                                              "Node Type": "Hash Join",
                                                              "Parent Relationship": "Outer",
                                                              "Parallel Aware": false,
                                                              "Join Type": "Inner",
                                                              "Startup Cost": 2.43,
                                                              "Total Cost": 16644.2,
                                                              "Plan Rows": 4936,
                                                              "Plan Width": 10,
                                                              "Actual Startup Time": 0.31,
                                                              "Actual Total Time": 98.886,
                                                              "Actual Rows": 90846,
                                                              "Actual Loops": 5,
                                                              "Inner Unique": true,
                                                              "Hash Cond": "(mi_idx.info_type_id = it2.id)",
                                                              "Plans": [
                                                                {
                                                                  "Node Type": "Seq Scan",
                                                                  "Parent Relationship": "Outer",
                                                                  "Parallel Aware": true,
                                                                  "Relation Name": "movie_info_idx",
                                                                  "Alias": "mi_idx",
                                                                  "Startup Cost": 0.0,
                                                                  "Total Cost": 15122.68,
                                                                  "Plan Rows": 557783,
                                                                  "Plan Width": 14,
                                                                  "Actual Startup Time": 0.076,
                                                                  "Actual Total Time": 64.393,
                                                                  "Actual Rows": 267527,
                                                                  "Actual Loops": 5,
                                                                  "Filter": "(info < '8.5'::text)",
                                                                  "Rows Removed by Filter": 8480
                                                                },
                                                                {
                                                                  "Node Type": "Hash",
                                                                  "Parent Relationship": "Inner",
                                                                  "Parallel Aware": false,
                                                                  "Startup Cost": 2.41,
                                                                  "Total Cost": 2.41,
                                                                  "Plan Rows": 1,
                                                                  "Plan Width": 4,
                                                                  "Actual Startup Time": 0.104,
                                                                  "Actual Total Time": 0.106,
                                                                  "Actual Rows": 1,
                                                                  "Actual Loops": 5,
                                                                  "Hash Buckets": 1024,
                                                                  "Original Hash Buckets": 1024,
                                                                  "Hash Batches": 1,
                                                                  "Original Hash Batches": 1,
                                                                  "Peak Memory Usage": 9,
                                                                  "Plans": [
                                                                    {
                                                                      "Node Type": "Seq Scan",
                                                                      "Parent Relationship": "Outer",
                                                                      "Parallel Aware": false,
                                                                      "Relation Name": "info_type",
                                                                      "Alias": "it2",
                                                                      "Startup Cost": 0.0,
                                                                      "Total Cost": 2.41,
                                                                      "Plan Rows": 1,
                                                                      "Plan Width": 4,
                                                                      "Actual Startup Time": 0.074,
                                                                      "Actual Total Time": 0.079,
                                                                      "Actual Rows": 1,
                                                                      "Actual Loops": 5,
                                                                      "Filter": "((info)::text = 'rating'::text)",
                                                                      "Rows Removed by Filter": 112
                                                                    }
                                                                  ]
                                                                }
                                                              ]
                                                            },
                                                            {
                                                              "Node Type": "Hash",
                                                              "Parent Relationship": "Inner",
                                                              "Parallel Aware": true,
                                                              "Startup Cost": 48942.41,
                                                              "Total Cost": 48942.41,
                                                              "Plan Rows": 4,
                                                              "Plan Width": 8,
                                                              "Actual Startup Time": 412.675,
                                                              "Actual Total Time": 412.692,
                                                              "Actual Rows": 1341,
                                                              "Actual Loops": 5,
                                                              "Hash Buckets": 8192,
                                                              "Original Hash Buckets": 1024,
                                                              "Hash Batches": 1,
                                                              "Original Hash Batches": 1,
                                                              "Peak Memory Usage": 504,
                                                              "Plans": [
                                                                {
                                                                  "Node Type": "Hash Join",
                                                                  "Parent Relationship": "Outer",
                                                                  "Parallel Aware": false,
                                                                  "Join Type": "Inner",
                                                                  "Startup Cost": 6064.02,
                                                                  "Total Cost": 48942.41,
                                                                  "Plan Rows": 4,
                                                                  "Plan Width": 8,
                                                                  "Actual Startup Time": 100.806,
                                                                  "Actual Total Time": 286.404,
                                                                  "Actual Rows": 1341,
                                                                  "Actual Loops": 5,
                                                                  "Inner Unique": false,
                                                                  "Hash Cond": "(mk.movie_id = cc.movie_id)",
                                                                  "Plans": [
                                                                    {
                                                                      "Node Type": "Hash Join",
                                                                      "Parent Relationship": "Outer",
                                                                      "Parallel Aware": false,
                                                                      "Join Type": "Inner",
                                                                      "Startup Cost": 2961.6,
                                                                      "Total Cost": 45839.79,
                                                                      "Plan Rows": 44,
                                                                      "Plan Width": 4,
                                                                      "Actual Startup Time": 33.941,
                                                                      "Actual Total Time": 217.734,
                                                                      "Actual Rows": 7418,
                                                                      "Actual Loops": 5,
                                                                      "Inner Unique": true,
                                                                      "Hash Cond": "(mk.keyword_id = k.id)",
                                                                      "Plans": [
                                                                        {
                                                                          "Node Type": "Seq Scan",
                                                                          "Parent Relationship": "Outer",
                                                                          "Parallel Aware": true,
                                                                          "Relation Name": "movie_keyword",
                                                                          "Alias": "mk",
                                                                          "Startup Cost": 0.0,
                                                                          "Total Cost": 39047.32,
                                                                          "Plan Rows": 1459332,
                                                                          "Plan Width": 8,
                                                                          "Actual Startup Time": 0.035,
                                                                          "Actual Total Time": 100.837,
                                                                          "Actual Rows": 904786,
                                                                          "Actual Loops": 5
                                                                        },
                                                                        {
                                                                          "Node Type": "Hash",
                                                                          "Parent Relationship": "Inner",
                                                                          "Parallel Aware": false,
                                                                          "Startup Cost": 2961.55,
                                                                          "Total Cost": 2961.55,
                                                                          "Plan Rows": 4,
                                                                          "Plan Width": 4,
                                                                          "Actual Startup Time": 33.628,
                                                                          "Actual Total Time": 33.629,
                                                                          "Actual Rows": 3,
                                                                          "Actual Loops": 5,
                                                                          "Hash Buckets": 1024,
                                                                          "Original Hash Buckets": 1024,
                                                                          "Hash Batches": 1,
                                                                          "Original Hash Batches": 1,
                                                                          "Peak Memory Usage": 9,
                                                                          "Plans": [
                                                                            {
                                                                              "Node Type": "Seq Scan",
                                                                              "Parent Relationship": "Outer",
                                                                              "Parallel Aware": false,
                                                                              "Relation Name": "keyword",
                                                                              "Alias": "k",
                                                                              "Startup Cost": 0.0,
                                                                              "Total Cost": 2961.55,
                                                                              "Plan Rows": 4,
                                                                              "Plan Width": 4,
                                                                              "Actual Startup Time": 2.861,
                                                                              "Actual Total Time": 33.611,
                                                                              "Actual Rows": 3,
                                                                              "Actual Loops": 5,
                                                                              "Filter": "(keyword = ANY ('{murder,murder-in-title,blood,violence}'::text[]))",
                                                                              "Rows Removed by Filter": 134167
                                                                            }
                                                                          ]
                                                                        }
                                                                      ]
                                                                    },
                                                                    {
                                                                      "Node Type": "Hash",
                                                                      "Parent Relationship": "Inner",
                                                                      "Parallel Aware": false,
                                                                      "Startup Cost": 2996.88,
                                                                      "Total Cost": 2996.88,
                                                                      "Plan Rows": 8443,
                                                                      "Plan Width": 4,
                                                                      "Actual Startup Time": 65.932,
                                                                      "Actual Total Time": 65.942,
                                                                      "Actual Rows": 68062,
                                                                      "Actual Loops": 5,
                                                                      "Hash Buckets": 131072,
                                                                      "Original Hash Buckets": 16384,
                                                                      "Hash Batches": 1,
                                                                      "Original Hash Batches": 1,
                                                                      "Peak Memory Usage": 3417,
                                                                      "Plans": [
                                                                        {
                                                                          "Node Type": "Hash Join",
                                                                          "Parent Relationship": "Outer",
                                                                          "Parallel Aware": false,
                                                                          "Join Type": "Inner",
                                                                          "Startup Cost": 2.12,
                                                                          "Total Cost": 2996.88,
                                                                          "Plan Rows": 8443,
                                                                          "Plan Width": 4,
                                                                          "Actual Startup Time": 0.126,
                                                                          "Actual Total Time": 51.261,
                                                                          "Actual Rows": 68062,
                                                                          "Actual Loops": 5,
                                                                          "Inner Unique": true,
                                                                          "Hash Cond": "(cc.status_id = cct2.id)",
                                                                          "Plans": [
                                                                            {
                                                                              "Node Type": "Hash Join",
                                                                              "Parent Relationship": "Outer",
                                                                              "Parallel Aware": false,
                                                                              "Join Type": "Inner",
                                                                              "Startup Cost": 1.06,
                                                                              "Total Cost": 2813.24,
                                                                              "Plan Rows": 33772,
                                                                              "Plan Width": 8,
                                                                              "Actual Startup Time": 0.069,
                                                                              "Actual Total Time": 38.028,
                                                                              "Actual Rows": 85941,
                                                                              "Actual Loops": 5,
                                                                              "Inner Unique": true,
                                                                              "Hash Cond": "(cc.subject_id = cct1.id)",
                                                                              "Plans": [
                                                                                {
                                                                                  "Node Type": "Seq Scan",
                                                                                  "Parent Relationship": "Outer",
                                                                                  "Parallel Aware": false,
                                                                                  "Relation Name": "complete_cast",
                                                                                  "Alias": "cc",
                                                                                  "Startup Cost": 0.0,
                                                                                  "Total Cost": 2081.86,
                                                                                  "Plan Rows": 135086,
                                                                                  "Plan Width": 12,
                                                                                  "Actual Startup Time": 0.025,
                                                                                  "Actual Total Time": 15.454,
                                                                                  "Actual Rows": 135086,
                                                                                  "Actual Loops": 5
                                                                                },
                                                                                {
                                                                                  "Node Type": "Hash",
                                                                                  "Parent Relationship": "Inner",
                                                                                  "Parallel Aware": false,
                                                                                  "Startup Cost": 1.05,
                                                                                  "Total Cost": 1.05,
                                                                                  "Plan Rows": 1,
                                                                                  "Plan Width": 4,
                                                                                  "Actual Startup Time": 0.012,
                                                                                  "Actual Total Time": 0.014,
                                                                                  "Actual Rows": 1,
                                                                                  "Actual Loops": 5,
                                                                                  "Hash Buckets": 1024,
                                                                                  "Original Hash Buckets": 1024,
                                                                                  "Hash Batches": 1,
                                                                                  "Original Hash Batches": 1,
                                                                                  "Peak Memory Usage": 9,
                                                                                  "Plans": [
                                                                                    {
                                                                                      "Node Type": "Seq Scan",
                                                                                      "Parent Relationship": "Outer",
                                                                                      "Parallel Aware": false,
                                                                                      "Relation Name": "comp_cast_type",
                                                                                      "Alias": "cct1",
                                                                                      "Startup Cost": 0.0,
                                                                                      "Total Cost": 1.05,
                                                                                      "Plan Rows": 1,
                                                                                      "Plan Width": 4,
                                                                                      "Actual Startup Time": 0.005,
                                                                                      "Actual Total Time": 0.006,
                                                                                      "Actual Rows": 1,
                                                                                      "Actual Loops": 5,
                                                                                      "Filter": "((kind)::text = 'cast'::text)",
                                                                                      "Rows Removed by Filter": 3
                                                                                    }
                                                                                  ]
                                                                                }
                                                                              ]
                                                                            },
                                                                            {
                                                                              "Node Type": "Hash",
                                                                              "Parent Relationship": "Inner",
                                                                              "Parallel Aware": false,
                                                                              "Startup Cost": 1.05,
                                                                              "Total Cost": 1.05,
                                                                              "Plan Rows": 1,
                                                                              "Plan Width": 4,
                                                                              "Actual Startup Time": 0.028,
                                                                              "Actual Total Time": 0.031,
                                                                              "Actual Rows": 1,
                                                                              "Actual Loops": 5,
                                                                              "Hash Buckets": 1024,
                                                                              "Original Hash Buckets": 1024,
                                                                              "Hash Batches": 1,
                                                                              "Original Hash Batches": 1,
                                                                              "Peak Memory Usage": 9,
                                                                              "Plans": [
                                                                                {
                                                                                  "Node Type": "Seq Scan",
                                                                                  "Parent Relationship": "Outer",
                                                                                  "Parallel Aware": false,
                                                                                  "Relation Name": "comp_cast_type",
                                                                                  "Alias": "cct2",
                                                                                  "Startup Cost": 0.0,
                                                                                  "Total Cost": 1.05,
                                                                                  "Plan Rows": 1,
                                                                                  "Plan Width": 4,
                                                                                  "Actual Startup Time": 0.016,
                                                                                  "Actual Total Time": 0.018,
                                                                                  "Actual Rows": 1,
                                                                                  "Actual Loops": 5,
                                                                                  "Filter": "((kind)::text = 'complete'::text)",
                                                                                  "Rows Removed by Filter": 3
                                                                                }
                                                                              ]
                                                                            }
                                                                          ]
                                                                        }
                                                                      ]
                                                                    }
                                                                  ]
                                                                }
                                                              ]
                                                            }
                                                          ]
                                                        }
                                                      ]
                                                    }
                                                  ]
                                                }
                                              ]
                                            }
                                          ]
                                        }
                                      ]
                                    }
                                  ]
                                },
                                {
                                  "Node Type": "Hash",
                                  "Parent Relationship": "Inner",
                                  "Parallel Aware": false,
                                  "Startup Cost": 1.04,
                                  "Total Cost": 1.04,
                                  "Plan Rows": 4,
                                  "Plan Width": 4,
                                  "Actual Startup Time": 0.058,
                                  "Actual Total Time": 0.06,
                                  "Actual Rows": 4,
                                  "Actual Loops": 5,
                                  "Hash Buckets": 1024,
                                  "Original Hash Buckets": 1024,
                                  "Hash Batches": 1,
                                  "Original Hash Batches": 1,
                                  "Peak Memory Usage": 9,
                                  "Plans": [
                                    {
                                      "Node Type": "Seq Scan",
                                      "Parent Relationship": "Outer",
                                      "Parallel Aware": false,
                                      "Relation Name": "company_type",
                                      "Alias": "ct",
                                      "Startup Cost": 0.0,
                                      "Total Cost": 1.04,
                                      "Plan Rows": 4,
                                      "Plan Width": 4,
                                      "Actual Startup Time": 0.041,
                                      "Actual Total Time": 0.043,
                                      "Actual Rows": 4,
                                      "Actual Loops": 5
                                    }
                                  ]
                                }
                              ]
                            }
                          ]
                        }
                      ]
                    },
                    {
                      "Node Type": "Hash",
                      "Parent Relationship": "Inner",
                      "Parallel Aware": false,
                      "Startup Cost": 1.09,
                      "Total Cost": 1.09,
                      "Plan Rows": 2,
                      "Plan Width": 4,
                      "Actual Startup Time": 0.08,
                      "Actual Total Time": 0.082,
                      "Actual Rows": 2,
                      "Actual Loops": 5,
                      "Hash Buckets": 1024,
                      "Original Hash Buckets": 1024,
                      "Hash Batches": 1,
                      "Original Hash Batches": 1,
                      "Peak Memory Usage": 9,
                      "Plans": [
                        {
                          "Node Type": "Seq Scan",
                          "Parent Relationship": "Outer",
                          "Parallel Aware": false,
                          "Relation Name": "kind_type",
                          "Alias": "kt",
                          "Startup Cost": 0.0,
                          "Total Cost": 1.09,
                          "Plan Rows": 2,
                          "Plan Width": 4,
                          "Actual Startup Time": 0.057,
                          "Actual Total Time": 0.063,
                          "Actual Rows": 2,
                          "Actual Loops": 5,
                          "Filter": "((kind)::text = ANY ('{movie,episode}'::text[]))",
                          "Rows Removed by Filter": 5
                        }
                      ]
                    }
                  ]
                }
              ]
            }
          ]
        }
      ]
    },
    "Planning Time": 6059.092,
    "Triggers": [],
    "Execution Time": 2016.817
  }
]