{
  "Plan": {
    "Node Type": "Aggregate",
    "Strategy": "Plain",
    "Partial Mode": "Finalize",
    "Parallel Aware": false,
    "Startup Cost": 534094.85,
    "Total Cost": 534094.86,
    "Plan Rows": 1,
    "Plan Width": 8,
    "Actual Startup Time": 2440.841,
    "Actual Total Time": 2483.518,
    "Actual Rows": 1,
    "Actual Loops": 1,
    "Plans": [
      {
        "Node Type": "Gather",
        "Parent Relationship": "Outer",
        "Parallel Aware": false,
        "Startup Cost": 534094.74,
        "Total Cost": 534094.85,
        "Plan Rows": 1,
        "Plan Width": 8,
        "Actual Startup Time": 2439.123,
        "Actual Total Time": 2483.51,
        "Actual Rows": 2,
        "Actual Loops": 1,
        "Workers Planned": 1,
        "Workers Launched": 1,
        "Single Copy": false,
        "Plans": [
          {
            "Node Type": "Aggregate",
            "Strategy": "Plain",
            "Partial Mode": "Partial",
            "Parent Relationship": "Outer",
            "Parallel Aware": false,
            "Startup Cost": 533094.74,
            "Total Cost": 533094.75,
            "Plan Rows": 1,
            "Plan Width": 8,
            "Actual Startup Time": 2435.411,
            "Actual Total Time": 2435.417,
            "Actual Rows": 1,
            "Actual Loops": 2,
            "Plans": [
              {
                "Node Type": "Hash Join",
                "Parent Relationship": "Outer",
                "Parallel Aware": true,
                "Join Type": "Inner",
                "Startup Cost": 466893.53,
                "Total Cost": 532370.03,
                "Plan Rows": 289884,
                "Plan Width": 0,
                "Actual Startup Time": 2015.974,
                "Actual Total Time": 2389.985,
                "Actual Rows": 854561,
                "Actual Loops": 2,
                "Inner Unique": false,
                "Hash Cond": "(mk.movie_id = t.id)",
                "Plans": [
                  {
                    "Node Type": "Seq Scan",
                    "Parent Relationship": "Outer",
                    "Parallel Aware": true,
                    "Relation Name": "movie_keyword",
                    "Alias": "mk",
                    "Startup Cost": 0.0,
                    "Total Cost": 57718.19,
                    "Plan Rows": 968497,
                    "Plan Width": 4,
                    "Actual Startup Time": 0.896,
                    "Actual Total Time": 196.834,
                    "Actual Rows": 824520,
                    "Actual Loops": 2,
                    "Filter": "(keyword_id > 8903)",
                    "Rows Removed by Filter": 1437445
                  },
                  {
                    "Node Type": "Hash",
                    "Parent Relationship": "Inner",
                    "Parallel Aware": true,
                    "Startup Cost": 461329.18,
                    "Total Cost": 461329.18,
                    "Plan Rows": 445148,
                    "Plan Width": 8,
                    "Actual Startup Time": 2006.674,
                    "Actual Total Time": 2006.678,
                    "Actual Rows": 320814,
                    "Actual Loops": 2,
                    "Hash Buckets": 1048576,
                    "Original Hash Buckets": 1048576,
                    "Hash Batches": 1,
                    "Original Hash Batches": 1,
                    "Peak Memory Usage": 33312,
                    "Plans": [
                      {
                        "Node Type": "Hash Join",
                        "Parent Relationship": "Outer",
                        "Parallel Aware": true,
                        "Join Type": "Inner",
                        "Startup Cost": 59434.68,
                        "Total Cost": 461329.18,
                        "Plan Rows": 445148,
                        "Plan Width": 8,
                        "Actual Startup Time": 152.418,
                        "Actual Total Time": 1905.814,
                        "Actual Rows": 320814,
                        "Actual Loops": 2,
                        "Inner Unique": true,
                        "Hash Cond": "(ci.movie_id = t.id)",
                        "Plans": [
                          {
                            "Node Type": "Index Scan",
                            "Parent Relationship": "Outer",
                            "Parallel Aware": true,
                            "Scan Direction": "Forward",
                            "Index Name": "role_id_cast_info",
                            "Relation Name": "cast_info",
                            "Alias": "ci",
                            "Startup Cost": 0.56,
                            "Total Cost": 382631.05,
                            "Plan Rows": 7338659,
                            "Plan Width": 4,
                            "Actual Startup Time": 0.037,
                            "Actual Total Time": 861.944,
                            "Actual Rows": 6335344,
                            "Actual Loops": 2,
                            "Index Cond": "(role_id < 2)",
                            "Rows Removed by Index Recheck": 0
                          },
                          {
                            "Node Type": "Hash",
                            "Parent Relationship": "Inner",
                            "Parallel Aware": true,
                            "Startup Cost": 58306.47,
                            "Total Cost": 58306.47,
                            "Plan Rows": 90212,
                            "Plan Width": 4,
                            "Actual Startup Time": 150.943,
                            "Actual Total Time": 150.944,
                            "Actual Rows": 67380,
                            "Actual Loops": 2,
                            "Hash Buckets": 262144,
                            "Original Hash Buckets": 262144,
                            "Hash Batches": 1,
                            "Original Hash Batches": 1,
                            "Peak Memory Usage": 7360,
                            "Plans": [
                              {
                                "Node Type": "Seq Scan",
                                "Parent Relationship": "Outer",
                                "Parallel Aware": true,
                                "Relation Name": "title",
                                "Alias": "t",
                                "Startup Cost": 0.0,
                                "Total Cost": 58306.47,
                                "Plan Rows": 90212,
                                "Plan Width": 4,
                                "Actual Startup Time": 0.079,
                                "Actual Total Time": 132.671,
                                "Actual Rows": 67380,
                                "Actual Loops": 2,
                                "Filter": "((kind_id < 7) AND (production_year > 2010))",
                                "Rows Removed by Filter": 1196776
                              }
                            ]
                          }
                        ]
                      }
                    ]
                  }
                ]
              }
            ]
          }
        ]
      }
    ]
  },
  "Planning Time": 0.621,
  "Triggers": [],
  "Execution Time": 2483.59
}