{
  "Plan": {
    "Node Type": "Aggregate",
    "Strategy": "Plain",
    "Partial Mode": "Finalize",
    "Parallel Aware": false,
    "Startup Cost": 228708.33,
    "Total Cost": 228708.34,
    "Plan Rows": 1,
    "Plan Width": 8,
    "Actual Startup Time": 1643.625,
    "Actual Total Time": 1661.515,
    "Actual Rows": 1,
    "Actual Loops": 1,
    "Plans": [
      {
        "Node Type": "Gather",
        "Parent Relationship": "Outer",
        "Parallel Aware": false,
        "Startup Cost": 228708.21,
        "Total Cost": 228708.32,
        "Plan Rows": 1,
        "Plan Width": 8,
        "Actual Startup Time": 1640.05,
        "Actual Total Time": 1661.504,
        "Actual Rows": 2,
        "Actual Loops": 1,
        "Workers Planned": 1,
        "Workers Launched": 1,
        "Single Copy": false,
        "Plans": [
          {
            "Node Type": "Aggregate",
            "Strategy": "Plain",
            "Partial Mode": "Partial",
            "Parent Relationship": "Outer",
            "Parallel Aware": false,
            "Startup Cost": 227708.21,
            "Total Cost": 227708.22,
            "Plan Rows": 1,
            "Plan Width": 8,
            "Actual Startup Time": 1634.787,
            "Actual Total Time": 1634.791,
            "Actual Rows": 1,
            "Actual Loops": 2,
            "Plans": [
              {
                "Node Type": "Hash Join",
                "Parent Relationship": "Outer",
                "Parallel Aware": true,
                "Join Type": "Inner",
                "Startup Cost": 71570.01,
                "Total Cost": 225420.09,
                "Plan Rows": 915251,
                "Plan Width": 0,
                "Actual Startup Time": 466.046,
                "Actual Total Time": 1574.731,
                "Actual Rows": 1445408,
                "Actual Loops": 2,
                "Inner Unique": true,
                "Hash Cond": "(ci.movie_id = t.id)",
                "Plans": [
                  {
                    "Node Type": "Index Scan",
                    "Parent Relationship": "Outer",
                    "Parallel Aware": true,
                    "Scan Direction": "Forward",
                    "Index Name": "role_id_cast_info",
                    "Relation Name": "cast_info",
                    "Alias": "ci",
                    "Startup Cost": 0.56,
                    "Total Cost": 150483.06,
                    "Plan Rows": 1282885,
                    "Plan Width": 4,
                    "Actual Startup Time": 0.134,
                    "Actual Total Time": 389.878,
                    "Actual Rows": 1906842,
                    "Actual Loops": 2,
                    "Index Cond": "(role_id > 9)",
                    "Rows Removed by Index Recheck": 0,
                    "Filter": "(person_id > 1945604)",
                    "Rows Removed by Filter": 412726
                  },
                  {
                    "Node Type": "Hash",
                    "Parent Relationship": "Inner",
                    "Parallel Aware": true,
                    "Startup Cost": 58306.47,
                    "Total Cost": 58306.47,
                    "Plan Rows": 1061038,
                    "Plan Width": 4,
                    "Actual Startup Time": 454.326,
                    "Actual Total Time": 454.327,
                    "Actual Rows": 899953,
                    "Actual Loops": 2,
                    "Hash Buckets": 2097152,
                    "Original Hash Buckets": 2097152,
                    "Hash Batches": 1,
                    "Original Hash Batches": 1,
                    "Peak Memory Usage": 86816,
                    "Plans": [
                      {
                        "Node Type": "Seq Scan",
                        "Parent Relationship": "Outer",
                        "Parallel Aware": true,
                        "Relation Name": "title",
                        "Alias": "t",
                        "Startup Cost": 0.0,
                        "Total Cost": 58306.47,
                        "Plan Rows": 1061038,
                        "Plan Width": 4,
                        "Actual Startup Time": 0.023,
                        "Actual Total Time": 184.471,
                        "Actual Rows": 899953,
                        "Actual Loops": 2,
                        "Filter": "((kind_id > 1) AND (production_year > 1903))",
                        "Rows Removed by Filter": 364203
                      }
                    ]
                  }
                ]
              }
            ]
          }
        ]
      }
    ]
  },
  "Planning Time": 0.481,
  "Triggers": [],
  "Execution Time": 1661.578
}