[
  {
    "Plan": {
      "Node Type": "Aggregate",
      "Strategy": "Plain",
      "Partial Mode": "Finalize",
      "Parallel Aware": false,
      "Startup Cost": 337444.58,
      "Total Cost": 337444.59,
      "Plan Rows": 1,
      "Plan Width": 8,
      "Actual Startup Time": 759.733,
      "Actual Total Time": 807.808,
      "Actual Rows": 1,
      "Actual Loops": 1,
      "Plans": [
        {
          "Node Type": "Gather",
          "Parent Relationship": "Outer",
          "Parallel Aware": false,
          "Startup Cost": 337443.96,
          "Total Cost": 337444.57,
          "Plan Rows": 6,
          "Plan Width": 8,
          "Actual Startup Time": 759.541,
          "Actual Total Time": 807.789,
          "Actual Rows": 7,
          "Actual Loops": 1,
          "Workers Planned": 6,
          "Workers Launched": 6,
          "Single Copy": false,
          "Plans": [
            {
              "Node Type": "Aggregate",
              "Strategy": "Plain",
              "Partial Mode": "Partial",
              "Parent Relationship": "Outer",
              "Parallel Aware": false,
              "Startup Cost": 336443.96,
              "Total Cost": 336443.97,
              "Plan Rows": 1,
              "Plan Width": 8,
              "Actual Startup Time": 751.406,
              "Actual Total Time": 751.408,
              "Actual Rows": 1,
              "Actual Loops": 7,
              "Plans": [
                {
                  "Node Type": "Seq Scan",
                  "Parent Relationship": "Outer",
                  "Parallel Aware": true,
                  "Relation Name": "cast_info",
                  "Alias": "ci",
                  "Startup Cost": 0.0,
                  "Total Cost": 328211.39,
                  "Plan Rows": 3293026,
                  "Plan Width": 0,
                  "Actual Startup Time": 186.849,
                  "Actual Total Time": 613.333,
                  "Actual Rows": 2796111,
                  "Actual Loops": 7,
                  "Filter": "(person_id > 1650460)",
                  "Rows Removed by Filter": 2381652
                }
              ]
            }
          ]
        }
      ]
    },
    "Planning Time": 0.116,
    "Triggers": [],
    "Execution Time": 807.853
  }
]