[
  {
    "Plan": {
      "Node Type": "Aggregate",
      "Strategy": "Plain",
      "Partial Mode": "Finalize",
      "Parallel Aware": false,
      "Startup Cost": 337311.9,
      "Total Cost": 337311.91,
      "Plan Rows": 1,
      "Plan Width": 8,
      "Actual Startup Time": 685.613,
      "Actual Total Time": 743.843,
      "Actual Rows": 1,
      "Actual Loops": 1,
      "Plans": [
        {
          "Node Type": "Gather",
          "Parent Relationship": "Outer",
          "Parallel Aware": false,
          "Startup Cost": 337311.27,
          "Total Cost": 337311.88,
          "Plan Rows": 6,
          "Plan Width": 8,
          "Actual Startup Time": 685.474,
          "Actual Total Time": 743.825,
          "Actual Rows": 7,
          "Actual Loops": 1,
          "Workers Planned": 6,
          "Workers Launched": 6,
          "Single Copy": false,
          "Plans": [
            {
              "Node Type": "Aggregate",
              "Strategy": "Plain",
              "Partial Mode": "Partial",
              "Parent Relationship": "Outer",
              "Parallel Aware": false,
              "Startup Cost": 336311.27,
              "Total Cost": 336311.28,
              "Plan Rows": 1,
              "Plan Width": 8,
              "Actual Startup Time": 675.436,
              "Actual Total Time": 675.437,
              "Actual Rows": 1,
              "Actual Loops": 7,
              "Plans": [
                {
                  "Node Type": "Seq Scan",
                  "Parent Relationship": "Outer",
                  "Parallel Aware": true,
                  "Relation Name": "cast_info",
                  "Alias": "ci",
                  "Startup Cost": 0.0,
                  "Total Cost": 328162.03,
                  "Plan Rows": 3259698,
                  "Plan Width": 0,
                  "Actual Startup Time": 176.168,
                  "Actual Total Time": 567.727,
                  "Actual Rows": 2796111,
                  "Actual Loops": 7,
                  "Filter": "(person_id > 1650460)",
                  "Rows Removed by Filter": 2381652
                }
              ]
            }
          ]
        }
      ]
    },
    "Planning Time": 0.192,
    "Triggers": [],
    "Execution Time": 743.915
  }
]