[
  {
    "Plan": {
      "Node Type": "Aggregate",
      "Strategy": "Plain",
      "Partial Mode": "Finalize",
      "Parallel Aware": false,
      "Startup Cost": 220100.66,
      "Total Cost": 220100.67,
      "Plan Rows": 1,
      "Plan Width": 8,
      "Actual Startup Time": 125.2,
      "Actual Total Time": 143.292,
      "Actual Rows": 1,
      "Actual Loops": 1,
      "Plans": [
        {
          "Node Type": "Gather",
          "Parent Relationship": "Outer",
          "Parallel Aware": false,
          "Startup Cost": 220100.24,
          "Total Cost": 220100.65,
          "Plan Rows": 4,
          "Plan Width": 8,
          "Actual Startup Time": 125.086,
          "Actual Total Time": 143.284,
          "Actual Rows": 5,
          "Actual Loops": 1,
          "Workers Planned": 4,
          "Workers Launched": 4,
          "Single Copy": false,
          "Plans": [
            {
              "Node Type": "Aggregate",
              "Strategy": "Plain",
              "Partial Mode": "Partial",
              "Parent Relationship": "Outer",
              "Parallel Aware": false,
              "Startup Cost": 219100.24,
              "Total Cost": 219100.25,
              "Plan Rows": 1,
              "Plan Width": 8,
              "Actual Startup Time": 115.368,
              "Actual Total Time": 115.37,
              "Actual Rows": 1,
              "Actual Loops": 5,
              "Plans": [
                {
                  "Node Type": "Nested Loop",
                  "Parent Relationship": "Outer",
                  "Parallel Aware": false,
                  "Join Type": "Inner",
                  "Startup Cost": 0.43,
                  "Total Cost": 219084.49,
                  "Plan Rows": 6303,
                  "Plan Width": 0,
                  "Actual Startup Time": 0.325,
                  "Actual Total Time": 114.939,
                  "Actual Rows": 3789,
                  "Actual Loops": 5,
                  "Inner Unique": false,
                  "Plans": [
                    {
                      "Node Type": "Seq Scan",
                      "Parent Relationship": "Outer",
                      "Parallel Aware": true,
                      "Relation Name": "title",
                      "Alias": "t",
                      "Startup Cost": 0.0,
                      "Total Cost": 45479.1,
                      "Plan Rows": 2736,
                      "Plan Width": 4,
                      "Actual Startup Time": 0.061,
                      "Actual Total Time": 72.539,
                      "Actual Rows": 2096,
                      "Actual Loops": 5,
                      "Filter": "((kind_id > 1) AND (production_year = 1982))",
                      "Rows Removed by Filter": 503566
                    },
                    {
                      "Node Type": "Index Scan",
                      "Parent Relationship": "Inner",
                      "Parallel Aware": false,
                      "Scan Direction": "Forward",
                      "Index Name": "movie_id_movie_info",
                      "Relation Name": "movie_info",
                      "Alias": "mi",
                      "Startup Cost": 0.43,
                      "Total Cost": 63.28,
                      "Plan Rows": 17,
                      "Plan Width": 4,
                      "Actual Startup Time": 0.011,
                      "Actual Total Time": 0.02,
                      "Actual Rows": 2,
                      "Actual Loops": 10482,
                      "Index Cond": "(movie_id = t.id)",
                      "Rows Removed by Index Recheck": 0,
                      "Filter": "(info_type_id < 7)",
                      "Rows Removed by Filter": 3
                    }
                  ]
                }
              ]
            }
          ]
        }
      ]
    },
    "Planning Time": 0.615,
    "Triggers": [],
    "Execution Time": 143.392
  }
]