[
  {
    "Plan": {
      "Node Type": "Aggregate",
      "Strategy": "Plain",
      "Partial Mode": "Finalize",
      "Parallel Aware": false,
      "Startup Cost": 65009.11,
      "Total Cost": 65009.12,
      "Plan Rows": 1,
      "Plan Width": 8,
      "Actual Startup Time": 111.852,
      "Actual Total Time": 118.353,
      "Actual Rows": 1,
      "Actual Loops": 1,
      "Plans": [
        {
          "Node Type": "Gather",
          "Parent Relationship": "Outer",
          "Parallel Aware": false,
          "Startup Cost": 65008.79,
          "Total Cost": 65009.1,
          "Plan Rows": 3,
          "Plan Width": 8,
          "Actual Startup Time": 111.116,
          "Actual Total Time": 118.346,
          "Actual Rows": 4,
          "Actual Loops": 1,
          "Workers Planned": 3,
          "Workers Launched": 3,
          "Single Copy": false,
          "Plans": [
            {
              "Node Type": "Aggregate",
              "Strategy": "Plain",
              "Partial Mode": "Partial",
              "Parent Relationship": "Outer",
              "Parallel Aware": false,
              "Startup Cost": 64008.79,
              "Total Cost": 64008.8,
              "Plan Rows": 1,
              "Plan Width": 8,
              "Actual Startup Time": 101.359,
              "Actual Total Time": 101.363,
              "Actual Rows": 1,
              "Actual Loops": 4,
              "Plans": [
                {
                  "Node Type": "Hash Join",
                  "Parent Relationship": "Outer",
                  "Parallel Aware": true,
                  "Join Type": "Inner",
                  "Startup Cost": 43964.92,
                  "Total Cost": 64006.43,
                  "Plan Rows": 946,
                  "Plan Width": 0,
                  "Actual Startup Time": 73.969,
                  "Actual Total Time": 101.123,
                  "Actual Rows": 3192,
                  "Actual Loops": 4,
                  "Inner Unique": true,
                  "Hash Cond": "(mc.movie_id = t.id)",
                  "Plans": [
                    {
                      "Node Type": "Bitmap Heap Scan",
                      "Parent Relationship": "Outer",
                      "Parallel Aware": true,
                      "Relation Name": "movie_companies",
                      "Alias": "mc",
                      "Startup Cost": 5120.12,
                      "Total Cost": 25059.51,
                      "Plan Rows": 38905,
                      "Plan Width": 4,
                      "Actual Startup Time": 12.067,
                      "Actual Total Time": 29.16,
                      "Actual Rows": 58902,
                      "Actual Loops": 4,
                      "Recheck Cond": "(company_id > 104026)",
                      "Rows Removed by Index Recheck": 0,
                      "Filter": "(company_type_id > 1)",
                      "Rows Removed by Filter": 0,
                      "Exact Heap Blocks": 1269,
                      "Lossy Heap Blocks": 0,
                      "Plans": [
                        {
                          "Node Type": "Bitmap Index Scan",
                          "Parent Relationship": "Outer",
                          "Parallel Aware": false,
                          "Index Name": "company_id_movie_companies",
                          "Startup Cost": 0.0,
                          "Total Cost": 5089.97,
                          "Plan Rows": 237539,
                          "Plan Width": 0,
                          "Actual Startup Time": 11.338,
                          "Actual Total Time": 11.339,
                          "Actual Rows": 235607,
                          "Actual Loops": 1,
                          "Index Cond": "(company_id > 104026)"
                        }
                      ]
                    },
                    {
                      "Node Type": "Hash",
                      "Parent Relationship": "Inner",
                      "Parallel Aware": true,
                      "Startup Cost": 38652.57,
                      "Total Cost": 38652.57,
                      "Plan Rows": 15378,
                      "Plan Width": 4,
                      "Actual Startup Time": 60.604,
                      "Actual Total Time": 60.605,
                      "Actual Rows": 19644,
                      "Actual Loops": 4,
                      "Hash Buckets": 131072,
                      "Original Hash Buckets": 65536,
                      "Hash Batches": 1,
                      "Original Hash Batches": 1,
                      "Peak Memory Usage": 4704,
                      "Plans": [
                        {
                          "Node Type": "Bitmap Heap Scan",
                          "Parent Relationship": "Outer",
                          "Parallel Aware": true,
                          "Relation Name": "title",
                          "Alias": "t",
                          "Startup Cost": 2196.32,
                          "Total Cost": 38652.57,
                          "Plan Rows": 15378,
                          "Plan Width": 4,
                          "Actual Startup Time": 13.25,
                          "Actual Total Time": 50.558,
                          "Actual Rows": 19644,
                          "Actual Loops": 4,
                          "Recheck Cond": "(kind_id = 4)",
                          "Rows Removed by Index Recheck": 0,
                          "Filter": "(production_year > 2002)",
                          "Rows Removed by Filter": 9914,
                          "Exact Heap Blocks": 7430,
                          "Lossy Heap Blocks": 0,
                          "Plans": [
                            {
                              "Node Type": "Bitmap Index Scan",
                              "Parent Relationship": "Outer",
                              "Parallel Aware": false,
                              "Index Name": "kind_id_title",
                              "Startup Cost": 0.0,
                              "Total Cost": 2180.94,
                              "Plan Rows": 122201,
                              "Plan Width": 0,
                              "Actual Startup Time": 15.47,
                              "Actual Total Time": 15.47,
                              "Actual Rows": 118234,
                              "Actual Loops": 1,
                              "Index Cond": "(kind_id = 4)"
                            }
                          ]
                        }
                      ]
                    }
                  ]
                }
              ]
            }
          ]
        }
      ]
    },
    "Planning Time": 0.677,
    "Triggers": [],
    "Execution Time": 118.453
  }
]