[
    {
        "Bao": {
            "Bao prediction": 462.132,
            "Bao recommended hint": "SET enable_mergejoin TO off; SET enable_indexscan TO off; "
        }
    },
    {
        "Plan": {
            "Node Type": "Aggregate",
            "Strategy": "Plain",
            "Partial Mode": "Simple",
            "Parallel Aware": false,
            "Startup Cost": 1968.5,
            "Total Cost": 1968.51,
            "Plan Rows": 1,
            "Plan Width": 8,
            "Actual Startup Time": 0.104,
            "Actual Total Time": 0.105,
            "Actual Rows": 1,
            "Actual Loops": 1,
            "Output": [
                "count(*)"
            ],
            "Plans": [
                {
                    "Node Type": "Bitmap Heap Scan",
                    "Parent Relationship": "Outer",
                    "Parallel Aware": false,
                    "Relation Name": "cast_info",
                    "Schema": "public",
                    "Alias": "ci",
                    "Startup Cost": 12.47,
                    "Total Cost": 1967.24,
                    "Plan Rows": 504,
                    "Plan Width": 0,
                    "Actual Startup Time": 0.091,
                    "Actual Total Time": 0.095,
                    "Actual Rows": 8,
                    "Actual Loops": 1,
                    "Recheck Cond": "(ci.person_id = 3983988)",
                    "Rows Removed by Index Recheck": 0,
                    "Exact Heap Blocks": 1,
                    "Lossy Heap Blocks": 0,
                    "Plans": [
                        {
                            "Node Type": "Bitmap Index Scan",
                            "Parent Relationship": "Outer",
                            "Parallel Aware": false,
                            "Index Name": "person_id_cast_info",
                            "Startup Cost": 0.0,
                            "Total Cost": 12.34,
                            "Plan Rows": 504,
                            "Plan Width": 0,
                            "Actual Startup Time": 0.075,
                            "Actual Total Time": 0.076,
                            "Actual Rows": 8,
                            "Actual Loops": 1,
                            "Index Cond": "(ci.person_id = 3983988)"
                        }
                    ]
                }
            ]
        },
        "Planning Time": 1817.084,
        "Triggers": [],
        "Execution Time": 0.215
    }
]