[
  {
    "Plan": {
      "Node Type": "Aggregate",
      "Strategy": "Plain",
      "Partial Mode": "Finalize",
      "Parallel Aware": false,
      "Startup Cost": 66391.73,
      "Total Cost": 66391.74,
      "Plan Rows": 1,
      "Plan Width": 8,
      "Actual Startup Time": 118.227,
      "Actual Total Time": 135.664,
      "Actual Rows": 1,
      "Actual Loops": 1,
      "Plans": [
        {
          "Node Type": "Gather",
          "Parent Relationship": "Outer",
          "Parallel Aware": false,
          "Startup Cost": 66391.31,
          "Total Cost": 66391.72,
          "Plan Rows": 4,
          "Plan Width": 8,
          "Actual Startup Time": 118.002,
          "Actual Total Time": 135.645,
          "Actual Rows": 5,
          "Actual Loops": 1,
          "Workers Planned": 4,
          "Workers Launched": 4,
          "Single Copy": false,
          "Plans": [
            {
              "Node Type": "Aggregate",
              "Strategy": "Plain",
              "Partial Mode": "Partial",
              "Parent Relationship": "Outer",
              "Parallel Aware": false,
              "Startup Cost": 65391.31,
              "Total Cost": 65391.32,
              "Plan Rows": 1,
              "Plan Width": 8,
              "Actual Startup Time": 109.458,
              "Actual Total Time": 109.46,
              "Actual Rows": 1,
              "Actual Loops": 5,
              "Plans": [
                {
                  "Node Type": "Nested Loop",
                  "Parent Relationship": "Outer",
                  "Parallel Aware": false,
                  "Join Type": "Inner",
                  "Startup Cost": 0.43,
                  "Total Cost": 65387.38,
                  "Plan Rows": 1574,
                  "Plan Width": 0,
                  "Actual Startup Time": 0.369,
                  "Actual Total Time": 109.218,
                  "Actual Rows": 1672,
                  "Actual Loops": 5,
                  "Inner Unique": false,
                  "Plans": [
                    {
                      "Node Type": "Seq Scan",
                      "Parent Relationship": "Outer",
                      "Parallel Aware": true,
                      "Relation Name": "title",
                      "Alias": "t",
                      "Startup Cost": 0.0,
                      "Total Cost": 45479.59,
                      "Plan Rows": 1526,
                      "Plan Width": 4,
                      "Actual Startup Time": 0.205,
                      "Actual Total Time": 97.119,
                      "Actual Rows": 1140,
                      "Actual Loops": 5,
                      "Filter": "((kind_id > 1) AND (production_year = 1956))",
                      "Rows Removed by Filter": 504522
                    },
                    {
                      "Node Type": "Index Only Scan",
                      "Parent Relationship": "Inner",
                      "Parallel Aware": false,
                      "Scan Direction": "Forward",
                      "Index Name": "movie_id_movie_companies",
                      "Relation Name": "movie_companies",
                      "Alias": "mc",
                      "Startup Cost": 0.43,
                      "Total Cost": 13.0,
                      "Plan Rows": 5,
                      "Plan Width": 4,
                      "Actual Startup Time": 0.008,
                      "Actual Total Time": 0.01,
                      "Actual Rows": 1,
                      "Actual Loops": 5700,
                      "Index Cond": "(movie_id = t.id)",
                      "Rows Removed by Index Recheck": 0,
                      "Heap Fetches": 8360
                    }
                  ]
                }
              ]
            }
          ]
        }
      ]
    },
    "Planning Time": 0.299,
    "Triggers": [],
    "Execution Time": 135.719
  }
]