{
  "Plan": {
    "Node Type": "Aggregate",
    "Strategy": "Plain",
    "Partial Mode": "Finalize",
    "Parallel Aware": false,
    "Startup Cost": 407947.32,
    "Total Cost": 407947.33,
    "Plan Rows": 1,
    "Plan Width": 8,
    "Actual Startup Time": 2247.59,
    "Actual Total Time": 2284.557,
    "Actual Rows": 1,
    "Actual Loops": 1,
    "Plans": [
      {
        "Node Type": "Gather",
        "Parent Relationship": "Outer",
        "Parallel Aware": false,
        "Startup Cost": 407947.21,
        "Total Cost": 407947.32,
        "Plan Rows": 1,
        "Plan Width": 8,
        "Actual Startup Time": 2245.9,
        "Actual Total Time": 2284.55,
        "Actual Rows": 2,
        "Actual Loops": 1,
        "Workers Planned": 1,
        "Workers Launched": 1,
        "Single Copy": false,
        "Plans": [
          {
            "Node Type": "Aggregate",
            "Strategy": "Plain",
            "Partial Mode": "Partial",
            "Parent Relationship": "Outer",
            "Parallel Aware": false,
            "Startup Cost": 406947.21,
            "Total Cost": 406947.22,
            "Plan Rows": 1,
            "Plan Width": 8,
            "Actual Startup Time": 2239.766,
            "Actual Total Time": 2239.768,
            "Actual Rows": 1,
            "Actual Loops": 2,
            "Plans": [
              {
                "Node Type": "Merge Join",
                "Parent Relationship": "Outer",
                "Parallel Aware": false,
                "Join Type": "Inner",
                "Startup Cost": 89999.81,
                "Total Cost": 406111.68,
                "Plan Rows": 334209,
                "Plan Width": 0,
                "Actual Startup Time": 283.676,
                "Actual Total Time": 2229.384,
                "Actual Rows": 232366,
                "Actual Loops": 2,
                "Inner Unique": false,
                "Merge Cond": "(t.id = mc.movie_id)",
                "Plans": [
                  {
                    "Node Type": "Merge Join",
                    "Parent Relationship": "Outer",
                    "Parallel Aware": false,
                    "Join Type": "Inner",
                    "Startup Cost": 14.2,
                    "Total Cost": 306045.09,
                    "Plan Rows": 1963031,
                    "Plan Width": 8,
                    "Actual Startup Time": 5.23,
                    "Actual Total Time": 1857.347,
                    "Actual Rows": 818623,
                    "Actual Loops": 2,
                    "Inner Unique": true,
                    "Merge Cond": "(mk.movie_id = t.id)",
                    "Plans": [
                      {
                        "Node Type": "Index Only Scan",
                        "Parent Relationship": "Outer",
                        "Parallel Aware": true,
                        "Scan Direction": "Forward",
                        "Index Name": "movie_id_movie_keyword",
                        "Relation Name": "movie_keyword",
                        "Alias": "mk",
                        "Startup Cost": 0.43,
                        "Total Cost": 158560.11,
                        "Plan Rows": 2661135,
                        "Plan Width": 4,
                        "Actual Startup Time": 0.12,
                        "Actual Total Time": 430.639,
                        "Actual Rows": 2261935,
                        "Actual Loops": 2,
                        "Heap Fetches": 4523870
                      },
                      {
                        "Node Type": "Index Scan",
                        "Parent Relationship": "Inner",
                        "Parallel Aware": false,
                        "Scan Direction": "Forward",
                        "Index Name": "title_pkey",
                        "Relation Name": "title",
                        "Alias": "t",
                        "Startup Cost": 0.43,
                        "Total Cost": 116660.7,
                        "Plan Rows": 1865037,
                        "Plan Width": 4,
                        "Actual Startup Time": 0.095,
                        "Actual Total Time": 1180.168,
                        "Actual Rows": 1864082,
                        "Actual Loops": 2,
                        "Filter": "(kind_id > 1)",
                        "Rows Removed by Filter": 661606
                      }
                    ]
                  },
                  {
                    "Node Type": "Sort",
                    "Parent Relationship": "Inner",
                    "Parallel Aware": false,
                    "Startup Cost": 89979.27,
                    "Total Cost": 91055.39,
                    "Plan Rows": 430446,
                    "Plan Width": 4,
                    "Actual Startup Time": 278.392,
                    "Actual Total Time": 298.524,
                    "Actual Rows": 448508,
                    "Actual Loops": 2,
                    "Sort Key": [
                      "mc.movie_id"
                    ],
                    "Sort Method": "quicksort",
                    "Sort Space Used": 17695,
                    "Sort Space Type": "Memory",
                    "Workers": [
                      {
                        "Worker Number": 0,
                        "Sort Method": "quicksort",
                        "Sort Space Used": 17695,
                        "Sort Space Type": "Memory"
                      }
                    ],
                    "Plans": [
                      {
                        "Node Type": "Index Scan",
                        "Parent Relationship": "Outer",
                        "Parallel Aware": false,
                        "Scan Direction": "Forward",
                        "Index Name": "company_type_id_movie_companies",
                        "Relation Name": "movie_companies",
                        "Alias": "mc",
                        "Startup Cost": 0.43,
                        "Total Cost": 49699.27,
                        "Plan Rows": 430446,
                        "Plan Width": 4,
                        "Actual Startup Time": 0.143,
                        "Actual Total Time": 222.035,
                        "Actual Rows": 246407,
                        "Actual Loops": 2,
                        "Index Cond": "(company_type_id = 2)",
                        "Rows Removed by Index Recheck": 0,
                        "Filter": "(company_id < 2242)",
                        "Rows Removed by Filter": 1088476
                      }
                    ]
                  }
                ]
              }
            ]
          }
        ]
      }
    ]
  },
  "Planning Time": 1.071,
  "Triggers": [],
  "Execution Time": 2284.695
}