[
  {
    "Plan": {
      "Node Type": "Aggregate",
      "Strategy": "Plain",
      "Partial Mode": "Finalize",
      "Parallel Aware": false,
      "Startup Cost": 74599.67,
      "Total Cost": 74599.68,
      "Plan Rows": 1,
      "Plan Width": 8,
      "Actual Startup Time": 262.933,
      "Actual Total Time": 278.217,
      "Actual Rows": 1,
      "Actual Loops": 1,
      "Plans": [
        {
          "Node Type": "Gather",
          "Parent Relationship": "Outer",
          "Parallel Aware": false,
          "Startup Cost": 74599.35,
          "Total Cost": 74599.66,
          "Plan Rows": 3,
          "Plan Width": 8,
          "Actual Startup Time": 259.548,
          "Actual Total Time": 278.206,
          "Actual Rows": 4,
          "Actual Loops": 1,
          "Workers Planned": 3,
          "Workers Launched": 3,
          "Single Copy": false,
          "Plans": [
            {
              "Node Type": "Aggregate",
              "Strategy": "Plain",
              "Partial Mode": "Partial",
              "Parent Relationship": "Outer",
              "Parallel Aware": false,
              "Startup Cost": 73599.35,
              "Total Cost": 73599.36,
              "Plan Rows": 1,
              "Plan Width": 8,
              "Actual Startup Time": 250.223,
              "Actual Total Time": 250.226,
              "Actual Rows": 1,
              "Actual Loops": 4,
              "Plans": [
                {
                  "Node Type": "Hash Join",
                  "Parent Relationship": "Outer",
                  "Parallel Aware": true,
                  "Join Type": "Inner",
                  "Startup Cost": 48723.24,
                  "Total Cost": 73573.66,
                  "Plan Rows": 10277,
                  "Plan Width": 0,
                  "Actual Startup Time": 205.244,
                  "Actual Total Time": 249.068,
                  "Actual Rows": 17586,
                  "Actual Loops": 4,
                  "Inner Unique": true,
                  "Hash Cond": "(mk.movie_id = t.id)",
                  "Plans": [
                    {
                      "Node Type": "Bitmap Heap Scan",
                      "Parent Relationship": "Outer",
                      "Parallel Aware": true,
                      "Relation Name": "movie_keyword",
                      "Alias": "mk",
                      "Startup Cost": 1726.11,
                      "Total Cost": 26507.73,
                      "Plan Rows": 26209,
                      "Plan Width": 4,
                      "Actual Startup Time": 8.839,
                      "Actual Total Time": 39.715,
                      "Actual Rows": 21240,
                      "Actual Loops": 4,
                      "Recheck Cond": "(keyword_id < 73)",
                      "Rows Removed by Index Recheck": 0,
                      "Exact Heap Blocks": 6803,
                      "Lossy Heap Blocks": 0,
                      "Plans": [
                        {
                          "Node Type": "Bitmap Index Scan",
                          "Parent Relationship": "Outer",
                          "Parallel Aware": false,
                          "Index Name": "keyword_id_movie_keyword",
                          "Startup Cost": 0.0,
                          "Total Cost": 1705.8,
                          "Plan Rows": 81249,
                          "Plan Width": 0,
                          "Actual Startup Time": 5.837,
                          "Actual Total Time": 5.837,
                          "Actual Rows": 84961,
                          "Actual Loops": 1,
                          "Index Cond": "(keyword_id < 73)"
                        }
                      ]
                    },
                    {
                      "Node Type": "Hash",
                      "Parent Relationship": "Inner",
                      "Parallel Aware": true,
                      "Startup Cost": 43898.92,
                      "Total Cost": 43898.92,
                      "Plan Rows": 247857,
                      "Plan Width": 4,
                      "Actual Startup Time": 191.339,
                      "Actual Total Time": 191.34,
                      "Actual Rows": 246262,
                      "Actual Loops": 4,
                      "Hash Buckets": 1048576,
                      "Original Hash Buckets": 1048576,
                      "Hash Batches": 1,
                      "Original Hash Batches": 1,
                      "Peak Memory Usage": 46784,
                      "Plans": [
                        {
                          "Node Type": "Seq Scan",
                          "Parent Relationship": "Outer",
                          "Parallel Aware": true,
                          "Relation Name": "title",
                          "Alias": "t",
                          "Startup Cost": 0.0,
                          "Total Cost": 43898.92,
                          "Plan Rows": 247857,
                          "Plan Width": 4,
                          "Actual Startup Time": 0.044,
                          "Actual Total Time": 106.869,
                          "Actual Rows": 246262,
                          "Actual Loops": 4,
                          "Filter": "(kind_id < 7)",
                          "Rows Removed by Filter": 385816
                        }
                      ]
                    }
                  ]
                }
              ]
            }
          ]
        }
      ]
    },
    "Planning Time": 0.653,
    "Triggers": [],
    "Execution Time": 278.311
  }
]