[
  {
    "Plan": {
      "Node Type": "Aggregate",
      "Strategy": "Plain",
      "Partial Mode": "Finalize",
      "Parallel Aware": false,
      "Startup Cost": 420234.9,
      "Total Cost": 420234.91,
      "Plan Rows": 1,
      "Plan Width": 8,
      "Actual Startup Time": 917.512,
      "Actual Total Time": 950.748,
      "Actual Rows": 1,
      "Actual Loops": 1,
      "Plans": [
        {
          "Node Type": "Gather",
          "Parent Relationship": "Outer",
          "Parallel Aware": false,
          "Startup Cost": 420234.27,
          "Total Cost": 420234.88,
          "Plan Rows": 6,
          "Plan Width": 8,
          "Actual Startup Time": 907.178,
          "Actual Total Time": 950.722,
          "Actual Rows": 7,
          "Actual Loops": 1,
          "Workers Planned": 6,
          "Workers Launched": 6,
          "Single Copy": false,
          "Plans": [
            {
              "Node Type": "Aggregate",
              "Strategy": "Plain",
              "Partial Mode": "Partial",
              "Parent Relationship": "Outer",
              "Parallel Aware": false,
              "Startup Cost": 419234.27,
              "Total Cost": 419234.28,
              "Plan Rows": 1,
              "Plan Width": 8,
              "Actual Startup Time": 895.618,
              "Actual Total Time": 895.781,
              "Actual Rows": 1,
              "Actual Loops": 7,
              "Plans": [
                {
                  "Node Type": "Hash Join",
                  "Parent Relationship": "Outer",
                  "Parallel Aware": true,
                  "Join Type": "Inner",
                  "Startup Cost": 77391.73,
                  "Total Cost": 418488.41,
                  "Plan Rows": 298344,
                  "Plan Width": 0,
                  "Actual Startup Time": 636.037,
                  "Actual Total Time": 882.322,
                  "Actual Rows": 264080,
                  "Actual Loops": 7,
                  "Inner Unique": false,
                  "Hash Cond": "(ci.movie_id = t.id)",
                  "Plans": [
                    {
                      "Node Type": "Index Scan",
                      "Parent Relationship": "Outer",
                      "Parallel Aware": true,
                      "Scan Direction": "Forward",
                      "Index Name": "role_id_cast_info",
                      "Relation Name": "cast_info",
                      "Alias": "ci",
                      "Startup Cost": 0.56,
                      "Total Cost": 335235.55,
                      "Plan Rows": 1306479,
                      "Plan Width": 4,
                      "Actual Startup Time": 296.041,
                      "Actual Total Time": 394.35,
                      "Actual Rows": 418576,
                      "Actual Loops": 7,
                      "Index Cond": "(role_id = 1)",
                      "Rows Removed by Index Recheck": 0,
                      "Filter": "(person_id > 1327306)",
                      "Rows Removed by Filter": 1391522
                    },
                    {
                      "Node Type": "Hash",
                      "Parent Relationship": "Inner",
                      "Parallel Aware": true,
                      "Startup Cost": 75063.13,
                      "Total Cost": 75063.13,
                      "Plan Rows": 186243,
                      "Plan Width": 8,
                      "Actual Startup Time": 336.665,
                      "Actual Total Time": 336.826,
                      "Actual Rows": 130821,
                      "Actual Loops": 7,
                      "Hash Buckets": 1048576,
                      "Original Hash Buckets": 1048576,
                      "Hash Batches": 1,
                      "Original Hash Batches": 1,
                      "Peak Memory Usage": 44128,
                      "Plans": [
                        {
                          "Node Type": "Hash Join",
                          "Parent Relationship": "Outer",
                          "Parallel Aware": true,
                          "Join Type": "Inner",
                          "Startup Cost": 45647.24,
                          "Total Cost": 75063.13,
                          "Plan Rows": 186243,
                          "Plan Width": 8,
                          "Actual Startup Time": 134.208,
                          "Actual Total Time": 274.243,
                          "Actual Rows": 130821,
                          "Actual Loops": 7,
                          "Inner Unique": true,
                          "Hash Cond": "(mc.movie_id = t.id)",
                          "Plans": [
                            {
                              "Node Type": "Seq Scan",
                              "Parent Relationship": "Outer",
                              "Parallel Aware": true,
                              "Relation Name": "movie_companies",
                              "Alias": "mc",
                              "Startup Cost": 0.0,
                              "Total Cost": 27206.55,
                              "Plan Rows": 841655,
                              "Plan Width": 4,
                              "Actual Startup Time": 0.022,
                              "Actual Total Time": 46.837,
                              "Actual Rows": 372733,
                              "Actual Loops": 7
                            },
                            {
                              "Node Type": "Hash",
                              "Parent Relationship": "Inner",
                              "Parallel Aware": true,
                              "Startup Cost": 43898.92,
                              "Total Cost": 43898.92,
                              "Plan Rows": 139866,
                              "Plan Width": 4,
                              "Actual Startup Time": 132.439,
                              "Actual Total Time": 132.44,
                              "Actual Rows": 81207,
                              "Actual Loops": 7,
                              "Hash Buckets": 1048576,
                              "Original Hash Buckets": 1048576,
                              "Hash Batches": 1,
                              "Original Hash Batches": 1,
                              "Peak Memory Usage": 30560,
                              "Plans": [
                                {
                                  "Node Type": "Seq Scan",
                                  "Parent Relationship": "Outer",
                                  "Parallel Aware": true,
                                  "Relation Name": "title",
                                  "Alias": "t",
                                  "Startup Cost": 0.0,
                                  "Total Cost": 43898.92,
                                  "Plan Rows": 139866,
                                  "Plan Width": 4,
                                  "Actual Startup Time": 0.054,
                                  "Actual Total Time": 84.09,
                                  "Actual Rows": 81207,
                                  "Actual Loops": 7,
                                  "Filter": "(production_year < 1984)",
                                  "Rows Removed by Filter": 279980
                                }
                              ]
                            }
                          ]
                        }
                      ]
                    }
                  ]
                }
              ]
            }
          ]
        }
      ]
    },
    "Planning Time": 1.454,
    "Triggers": [],
    "Execution Time": 950.851
  }
]