[
    {
        "Bao": {
            "Bao prediction": 429.578,
            "Bao recommended hint": "(no hint)"
        }
    },
    {
        "Plan": {
            "Node Type": "Aggregate",
            "Strategy": "Plain",
            "Partial Mode": "Simple",
            "Parallel Aware": false,
            "Startup Cost": 10710.39,
            "Total Cost": 10710.4,
            "Plan Rows": 1,
            "Plan Width": 8,
            "Actual Startup Time": 20.237,
            "Actual Total Time": 20.239,
            "Actual Rows": 1,
            "Actual Loops": 1,
            "Output": [
                "count(*)"
            ],
            "Plans": [
                {
                    "Node Type": "Index Scan",
                    "Parent Relationship": "Outer",
                    "Parallel Aware": false,
                    "Scan Direction": "Forward",
                    "Index Name": "company_id_movie_companies",
                    "Relation Name": "movie_companies",
                    "Schema": "public",
                    "Alias": "mc",
                    "Startup Cost": 0.43,
                    "Total Cost": 10704.63,
                    "Plan Rows": 2306,
                    "Plan Width": 0,
                    "Actual Startup Time": 20.224,
                    "Actual Total Time": 20.227,
                    "Actual Rows": 1,
                    "Actual Loops": 1,
                    "Output": [
                        "id",
                        "movie_id",
                        "company_id",
                        "company_type_id",
                        "note"
                    ],
                    "Index Cond": "(mc.company_id = 150)",
                    "Rows Removed by Index Recheck": 0,
                    "Filter": "(mc.company_type_id = 2)",
                    "Rows Removed by Filter": 3995
                }
            ]
        },
        "Planning Time": 3158.177,
        "Triggers": [],
        "Execution Time": 20.34
    }
]