[
  {
    "Plan": {
      "Node Type": "Aggregate",
      "Strategy": "Plain",
      "Partial Mode": "Finalize",
      "Parallel Aware": false,
      "Startup Cost": 45090.27,
      "Total Cost": 45090.28,
      "Plan Rows": 1,
      "Plan Width": 8,
      "Actual Startup Time": 161.368,
      "Actual Total Time": 170.148,
      "Actual Rows": 1,
      "Actual Loops": 1,
      "Plans": [
        {
          "Node Type": "Gather",
          "Parent Relationship": "Outer",
          "Parallel Aware": false,
          "Startup Cost": 45089.96,
          "Total Cost": 45090.27,
          "Plan Rows": 3,
          "Plan Width": 8,
          "Actual Startup Time": 161.208,
          "Actual Total Time": 170.137,
          "Actual Rows": 4,
          "Actual Loops": 1,
          "Workers Planned": 3,
          "Workers Launched": 3,
          "Single Copy": false,
          "Plans": [
            {
              "Node Type": "Aggregate",
              "Strategy": "Plain",
              "Partial Mode": "Partial",
              "Parent Relationship": "Outer",
              "Parallel Aware": false,
              "Startup Cost": 44089.96,
              "Total Cost": 44089.97,
              "Plan Rows": 1,
              "Plan Width": 8,
              "Actual Startup Time": 152.788,
              "Actual Total Time": 152.789,
              "Actual Rows": 1,
              "Actual Loops": 4,
              "Plans": [
                {
                  "Node Type": "Seq Scan",
                  "Parent Relationship": "Outer",
                  "Parallel Aware": true,
                  "Relation Name": "movie_keyword",
                  "Alias": "mk",
                  "Startup Cost": 0.0,
                  "Total Cost": 42695.65,
                  "Plan Rows": 557721,
                  "Plan Width": 0,
                  "Actual Startup Time": 0.061,
                  "Actual Total Time": 127.648,
                  "Actual Rows": 435119,
                  "Actual Loops": 4,
                  "Filter": "(keyword_id < 2843)",
                  "Rows Removed by Filter": 695864
                }
              ]
            }
          ]
        }
      ]
    },
    "Planning Time": 0.179,
    "Triggers": [],
    "Execution Time": 170.201
  }
]