[
  {
    "Plan": {
      "Node Type": "Aggregate",
      "Strategy": "Plain",
      "Partial Mode": "Finalize",
      "Parallel Aware": false,
      "Startup Cost": 347369.93,
      "Total Cost": 347369.94,
      "Plan Rows": 1,
      "Plan Width": 8,
      "Actual Startup Time": 693.093,
      "Actual Total Time": 761.917,
      "Actual Rows": 1,
      "Actual Loops": 1,
      "Plans": [
        {
          "Node Type": "Gather",
          "Parent Relationship": "Outer",
          "Parallel Aware": false,
          "Startup Cost": 347369.3,
          "Total Cost": 347369.91,
          "Plan Rows": 6,
          "Plan Width": 8,
          "Actual Startup Time": 692.885,
          "Actual Total Time": 761.903,
          "Actual Rows": 7,
          "Actual Loops": 1,
          "Workers Planned": 6,
          "Workers Launched": 6,
          "Single Copy": false,
          "Plans": [
            {
              "Node Type": "Aggregate",
              "Strategy": "Plain",
              "Partial Mode": "Partial",
              "Parent Relationship": "Outer",
              "Parallel Aware": false,
              "Startup Cost": 346369.3,
              "Total Cost": 346369.32,
              "Plan Rows": 1,
              "Plan Width": 8,
              "Actual Startup Time": 681.849,
              "Actual Total Time": 681.851,
              "Actual Rows": 1,
              "Actual Loops": 7,
              "Plans": [
                {
                  "Node Type": "Seq Scan",
                  "Parent Relationship": "Outer",
                  "Parallel Aware": true,
                  "Relation Name": "cast_info",
                  "Alias": "ci",
                  "Startup Cost": 0.0,
                  "Total Cost": 343316.27,
                  "Plan Rows": 1221214,
                  "Plan Width": 0,
                  "Actual Startup Time": 242.539,
                  "Actual Total Time": 661.044,
                  "Actual Rows": 453052,
                  "Actual Loops": 7,
                  "Filter": "((person_id < 1116802) AND (role_id > 1))",
                  "Rows Removed by Filter": 4724712
                }
              ]
            }
          ]
        }
      ]
    },
    "Planning Time": 0.217,
    "Triggers": [],
    "Execution Time": 761.986
  }
]