{
  "Plan": {
    "Node Type": "Aggregate",
    "Strategy": "Plain",
    "Partial Mode": "Finalize",
    "Parallel Aware": false,
    "Startup Cost": 238240.13,
    "Total Cost": 238240.14,
    "Plan Rows": 1,
    "Plan Width": 8,
    "Actual Startup Time": 197.249,
    "Actual Total Time": 203.028,
    "Actual Rows": 1,
    "Actual Loops": 1,
    "Plans": [
      {
        "Node Type": "Gather",
        "Parent Relationship": "Outer",
        "Parallel Aware": false,
        "Startup Cost": 238240.01,
        "Total Cost": 238240.12,
        "Plan Rows": 1,
        "Plan Width": 8,
        "Actual Startup Time": 196.961,
        "Actual Total Time": 203.021,
        "Actual Rows": 2,
        "Actual Loops": 1,
        "Workers Planned": 1,
        "Workers Launched": 1,
        "Single Copy": false,
        "Plans": [
          {
            "Node Type": "Aggregate",
            "Strategy": "Plain",
            "Partial Mode": "Partial",
            "Parent Relationship": "Outer",
            "Parallel Aware": false,
            "Startup Cost": 237240.01,
            "Total Cost": 237240.02,
            "Plan Rows": 1,
            "Plan Width": 8,
            "Actual Startup Time": 190.859,
            "Actual Total Time": 190.863,
            "Actual Rows": 1,
            "Actual Loops": 2,
            "Plans": [
              {
                "Node Type": "Hash Join",
                "Parent Relationship": "Outer",
                "Parallel Aware": true,
                "Join Type": "Inner",
                "Startup Cost": 68158.39,
                "Total Cost": 237236.53,
                "Plan Rows": 1393,
                "Plan Width": 0,
                "Actual Startup Time": 144.412,
                "Actual Total Time": 190.735,
                "Actual Rows": 2015,
                "Actual Loops": 2,
                "Inner Unique": true,
                "Hash Cond": "(mi.movie_id = t.id)",
                "Plans": [
                  {
                    "Node Type": "Bitmap Heap Scan",
                    "Parent Relationship": "Outer",
                    "Parallel Aware": true,
                    "Relation Name": "movie_info",
                    "Alias": "mi",
                    "Startup Cost": 14428.12,
                    "Total Cost": 182276.62,
                    "Plan Rows": 468439,
                    "Plan Width": 4,
                    "Actual Startup Time": 29.238,
                    "Actual Total Time": 63.456,
                    "Actual Rows": 401070,
                    "Actual Loops": 2,
                    "Recheck Cond": "(info_type_id = 1)",
                    "Rows Removed by Index Recheck": 0,
                    "Exact Heap Blocks": 2214,
                    "Lossy Heap Blocks": 0,
                    "Plans": [
                      {
                        "Node Type": "Bitmap Index Scan",
                        "Parent Relationship": "Outer",
                        "Parallel Aware": false,
                        "Index Name": "info_type_id_movie_info",
                        "Startup Cost": 0.0,
                        "Total Cost": 14229.04,
                        "Plan Rows": 796347,
                        "Plan Width": 0,
                        "Actual Startup Time": 28.485,
                        "Actual Total Time": 28.486,
                        "Actual Rows": 802140,
                        "Actual Loops": 1,
                        "Index Cond": "(info_type_id = 1)"
                      }
                    ]
                  },
                  {
                    "Node Type": "Hash",
                    "Parent Relationship": "Inner",
                    "Parallel Aware": true,
                    "Startup Cost": 53674.99,
                    "Total Cost": 53674.99,
                    "Plan Rows": 4422,
                    "Plan Width": 4,
                    "Actual Startup Time": 92.222,
                    "Actual Total Time": 92.223,
                    "Actual Rows": 2668,
                    "Actual Loops": 2,
                    "Hash Buckets": 8192,
                    "Original Hash Buckets": 8192,
                    "Hash Batches": 1,
                    "Original Hash Batches": 1,
                    "Peak Memory Usage": 288,
                    "Plans": [
                      {
                        "Node Type": "Bitmap Heap Scan",
                        "Parent Relationship": "Outer",
                        "Parallel Aware": true,
                        "Relation Name": "title",
                        "Alias": "t",
                        "Startup Cost": 11824.73,
                        "Total Cost": 53674.99,
                        "Plan Rows": 4422,
                        "Plan Width": 4,
                        "Actual Startup Time": 37.28,
                        "Actual Total Time": 91.202,
                        "Actual Rows": 2668,
                        "Actual Loops": 2,
                        "Recheck Cond": "(kind_id = 1)",
                        "Rows Removed by Index Recheck": 0,
                        "Filter": "(production_year = 1994)",
                        "Rows Removed by Filter": 328744,
                        "Exact Heap Blocks": 9509,
                        "Lossy Heap Blocks": 0,
                        "Plans": [
                          {
                            "Node Type": "Bitmap Index Scan",
                            "Parent Relationship": "Outer",
                            "Parallel Aware": false,
                            "Index Name": "kind_id_title",
                            "Startup Cost": 0.0,
                            "Total Cost": 11822.85,
                            "Plan Rows": 663256,
                            "Plan Width": 0,
                            "Actual Startup Time": 40.094,
                            "Actual Total Time": 40.094,
                            "Actual Rows": 662825,
                            "Actual Loops": 1,
                            "Index Cond": "(kind_id = 1)"
                          }
                        ]
                      }
                    ]
                  }
                ]
              }
            ]
          }
        ]
      }
    ]
  },
  "Planning Time": 0.477,
  "Triggers": [],
  "Execution Time": 203.132
}