{
  "Plan": {
    "Node Type": "Aggregate",
    "Strategy": "Plain",
    "Partial Mode": "Finalize",
    "Parallel Aware": false,
    "Startup Cost": 422398.49,
    "Total Cost": 422398.5,
    "Plan Rows": 1,
    "Plan Width": 8,
    "Actual Startup Time": 4122.38,
    "Actual Total Time": 4167.395,
    "Actual Rows": 1,
    "Actual Loops": 1,
    "Plans": [
      {
        "Node Type": "Gather",
        "Parent Relationship": "Outer",
        "Parallel Aware": false,
        "Startup Cost": 422398.37,
        "Total Cost": 422398.48,
        "Plan Rows": 1,
        "Plan Width": 8,
        "Actual Startup Time": 4116.599,
        "Actual Total Time": 4167.385,
        "Actual Rows": 2,
        "Actual Loops": 1,
        "Workers Planned": 1,
        "Workers Launched": 1,
        "Single Copy": false,
        "Plans": [
          {
            "Node Type": "Aggregate",
            "Strategy": "Plain",
            "Partial Mode": "Partial",
            "Parent Relationship": "Outer",
            "Parallel Aware": false,
            "Startup Cost": 421398.37,
            "Total Cost": 421398.38,
            "Plan Rows": 1,
            "Plan Width": 8,
            "Actual Startup Time": 4110.773,
            "Actual Total Time": 4111.066,
            "Actual Rows": 1,
            "Actual Loops": 2,
            "Plans": [
              {
                "Node Type": "Hash Join",
                "Parent Relationship": "Outer",
                "Parallel Aware": true,
                "Join Type": "Inner",
                "Startup Cost": 119862.06,
                "Total Cost": 415442.55,
                "Plan Rows": 2382331,
                "Plan Width": 0,
                "Actual Startup Time": 838.759,
                "Actual Total Time": 3559.554,
                "Actual Rows": 13806487,
                "Actual Loops": 2,
                "Inner Unique": false,
                "Hash Cond": "(mi.movie_id = t.id)",
                "Plans": [
                  {
                    "Node Type": "Seq Scan",
                    "Parent Relationship": "Outer",
                    "Parallel Aware": true,
                    "Relation Name": "movie_info",
                    "Alias": "mi",
                    "Startup Cost": 0.0,
                    "Total Cost": 248955.74,
                    "Plan Rows": 8696274,
                    "Plan Width": 4,
                    "Actual Startup Time": 0.016,
                    "Actual Total Time": 600.505,
                    "Actual Rows": 7417860,
                    "Actual Loops": 2
                  },
                  {
                    "Node Type": "Hash",
                    "Parent Relationship": "Inner",
                    "Parallel Aware": true,
                    "Startup Cost": 114769.25,
                    "Total Cost": 114769.25,
                    "Plan Rows": 407425,
                    "Plan Width": 8,
                    "Actual Startup Time": 829.027,
                    "Actual Total Time": 829.318,
                    "Actual Rows": 349736,
                    "Actual Loops": 2,
                    "Hash Buckets": 1048576,
                    "Original Hash Buckets": 1048576,
                    "Hash Batches": 1,
                    "Original Hash Batches": 1,
                    "Peak Memory Usage": 35584,
                    "Plans": [
                      {
                        "Node Type": "Hash Join",
                        "Parent Relationship": "Outer",
                        "Parallel Aware": true,
                        "Join Type": "Inner",
                        "Startup Cost": 84152.95,
                        "Total Cost": 114769.25,
                        "Plan Rows": 407425,
                        "Plan Width": 8,
                        "Actual Startup Time": 561.785,
                        "Actual Total Time": 745.841,
                        "Actual Rows": 349736,
                        "Actual Loops": 2,
                        "Inner Unique": true,
                        "Hash Cond": "(mk.movie_id = t.id)",
                        "Plans": [
                          {
                            "Node Type": "Bitmap Heap Scan",
                            "Parent Relationship": "Outer",
                            "Parallel Aware": true,
                            "Relation Name": "movie_keyword",
                            "Alias": "mk",
                            "Startup Cost": 14692.25,
                            "Total Cost": 44239.06,
                            "Plan Rows": 407425,
                            "Plan Width": 4,
                            "Actual Startup Time": 34.301,
                            "Actual Total Time": 109.584,
                            "Actual Rows": 349736,
                            "Actual Loops": 2,
                            "Recheck Cond": "(keyword_id < 585)",
                            "Rows Removed by Index Recheck": 0,
                            "Exact Heap Blocks": 13041,
                            "Lossy Heap Blocks": 0,
                            "Plans": [
                              {
                                "Node Type": "Bitmap Index Scan",
                                "Parent Relationship": "Outer",
                                "Parallel Aware": false,
                                "Index Name": "keyword_id_movie_keyword",
                                "Startup Cost": 0.0,
                                "Total Cost": 14519.1,
                                "Plan Rows": 692622,
                                "Plan Width": 0,
                                "Actual Startup Time": 30.707,
                                "Actual Total Time": 30.707,
                                "Actual Rows": 699472,
                                "Actual Loops": 1,
                                "Index Cond": "(keyword_id < 585)"
                              }
                            ]
                          },
                          {
                            "Node Type": "Hash",
                            "Parent Relationship": "Inner",
                            "Parallel Aware": true,
                            "Startup Cost": 50870.31,
                            "Total Cost": 50870.31,
                            "Plan Rows": 1487231,
                            "Plan Width": 4,
                            "Actual Startup Time": 511.883,
                            "Actual Total Time": 511.884,
                            "Actual Rows": 1264156,
                            "Actual Loops": 2,
                            "Hash Buckets": 4194304,
                            "Original Hash Buckets": 4194304,
                            "Hash Batches": 1,
                            "Original Hash Batches": 1,
                            "Peak Memory Usage": 131712,
                            "Plans": [
                              {
                                "Node Type": "Seq Scan",
                                "Parent Relationship": "Outer",
                                "Parallel Aware": true,
                                "Relation Name": "title",
                                "Alias": "t",
                                "Startup Cost": 0.0,
                                "Total Cost": 50870.31,
                                "Plan Rows": 1487231,
                                "Plan Width": 4,
                                "Actual Startup Time": 0.034,
                                "Actual Total Time": 148.328,
                                "Actual Rows": 1264156,
                                "Actual Loops": 2
                              }
                            ]
                          }
                        ]
                      }
                    ]
                  }
                ]
              }
            ]
          }
        ]
      }
    ]
  },
  "Planning Time": 0.828,
  "Triggers": [],
  "Execution Time": 4167.553
}