[
  {
    "Plan": {
      "Node Type": "Aggregate",
      "Strategy": "Plain",
      "Partial Mode": "Finalize",
      "Parallel Aware": false,
      "Startup Cost": 46579.08,
      "Total Cost": 46579.09,
      "Plan Rows": 1,
      "Plan Width": 8,
      "Actual Startup Time": 115.951,
      "Actual Total Time": 132.367,
      "Actual Rows": 1,
      "Actual Loops": 1,
      "Plans": [
        {
          "Node Type": "Gather",
          "Parent Relationship": "Outer",
          "Parallel Aware": false,
          "Startup Cost": 46578.66,
          "Total Cost": 46579.07,
          "Plan Rows": 4,
          "Plan Width": 8,
          "Actual Startup Time": 115.673,
          "Actual Total Time": 132.338,
          "Actual Rows": 5,
          "Actual Loops": 1,
          "Workers Planned": 4,
          "Workers Launched": 4,
          "Single Copy": false,
          "Plans": [
            {
              "Node Type": "Aggregate",
              "Strategy": "Plain",
              "Partial Mode": "Partial",
              "Parent Relationship": "Outer",
              "Parallel Aware": false,
              "Startup Cost": 45578.66,
              "Total Cost": 45578.67,
              "Plan Rows": 1,
              "Plan Width": 8,
              "Actual Startup Time": 105.982,
              "Actual Total Time": 105.984,
              "Actual Rows": 1,
              "Actual Loops": 5,
              "Plans": [
                {
                  "Node Type": "Seq Scan",
                  "Parent Relationship": "Outer",
                  "Parallel Aware": true,
                  "Relation Name": "title",
                  "Alias": "t",
                  "Startup Cost": 0.0,
                  "Total Cost": 45479.59,
                  "Plan Rows": 39629,
                  "Plan Width": 0,
                  "Actual Startup Time": 0.138,
                  "Actual Total Time": 103.663,
                  "Actual Rows": 29961,
                  "Actual Loops": 5,
                  "Filter": "((kind_id < 3) AND (production_year > 2009))",
                  "Rows Removed by Filter": 475701
                }
              ]
            }
          ]
        }
      ]
    },
    "Planning Time": 0.202,
    "Triggers": [],
    "Execution Time": 132.434
  }
]