{
  "Plan": {
    "Node Type": "Aggregate",
    "Strategy": "Plain",
    "Partial Mode": "Finalize",
    "Parallel Aware": false,
    "Startup Cost": 96390.53,
    "Total Cost": 96390.54,
    "Plan Rows": 1,
    "Plan Width": 8,
    "Actual Startup Time": 634.209,
    "Actual Total Time": 652.305,
    "Actual Rows": 1,
    "Actual Loops": 1,
    "Plans": [
      {
        "Node Type": "Gather",
        "Parent Relationship": "Outer",
        "Parallel Aware": false,
        "Startup Cost": 96390.42,
        "Total Cost": 96390.53,
        "Plan Rows": 1,
        "Plan Width": 8,
        "Actual Startup Time": 626.463,
        "Actual Total Time": 652.298,
        "Actual Rows": 2,
        "Actual Loops": 1,
        "Workers Planned": 1,
        "Workers Launched": 1,
        "Single Copy": false,
        "Plans": [
          {
            "Node Type": "Aggregate",
            "Strategy": "Plain",
            "Partial Mode": "Partial",
            "Parent Relationship": "Outer",
            "Parallel Aware": false,
            "Startup Cost": 95390.42,
            "Total Cost": 95390.43,
            "Plan Rows": 1,
            "Plan Width": 8,
            "Actual Startup Time": 615.881,
            "Actual Total Time": 615.885,
            "Actual Rows": 1,
            "Actual Loops": 2,
            "Plans": [
              {
                "Node Type": "Hash Join",
                "Parent Relationship": "Outer",
                "Parallel Aware": true,
                "Join Type": "Inner",
                "Startup Cost": 69969.45,
                "Total Cost": 95355.44,
                "Plan Rows": 13990,
                "Plan Width": 0,
                "Actual Startup Time": 598.806,
                "Actual Total Time": 615.243,
                "Actual Rows": 11073,
                "Actual Loops": 2,
                "Inner Unique": true,
                "Hash Cond": "(mk.movie_id = t.id)",
                "Plans": [
                  {
                    "Node Type": "Bitmap Heap Scan",
                    "Parent Relationship": "Outer",
                    "Parallel Aware": true,
                    "Relation Name": "movie_keyword",
                    "Alias": "mk",
                    "Startup Cost": 508.75,
                    "Total Cost": 25858.02,
                    "Plan Rows": 13990,
                    "Plan Width": 4,
                    "Actual Startup Time": 4.718,
                    "Actual Total Time": 15.553,
                    "Actual Rows": 11073,
                    "Actual Loops": 2,
                    "Recheck Cond": "(keyword_id > 115769)",
                    "Rows Removed by Index Recheck": 0,
                    "Exact Heap Blocks": 5129,
                    "Lossy Heap Blocks": 0,
                    "Plans": [
                      {
                        "Node Type": "Bitmap Index Scan",
                        "Parent Relationship": "Outer",
                        "Parallel Aware": false,
                        "Index Name": "keyword_id_movie_keyword",
                        "Startup Cost": 0.0,
                        "Total Cost": 502.81,
                        "Plan Rows": 23783,
                        "Plan Width": 0,
                        "Actual Startup Time": 3.22,
                        "Actual Total Time": 3.221,
                        "Actual Rows": 22146,
                        "Actual Loops": 1,
                        "Index Cond": "(keyword_id > 115769)"
                      }
                    ]
                  },
                  {
                    "Node Type": "Hash",
                    "Parent Relationship": "Inner",
                    "Parallel Aware": true,
                    "Startup Cost": 50870.31,
                    "Total Cost": 50870.31,
                    "Plan Rows": 1487231,
                    "Plan Width": 4,
                    "Actual Startup Time": 573.73,
                    "Actual Total Time": 573.731,
                    "Actual Rows": 1264156,
                    "Actual Loops": 2,
                    "Hash Buckets": 4194304,
                    "Original Hash Buckets": 4194304,
                    "Hash Batches": 1,
                    "Original Hash Batches": 1,
                    "Peak Memory Usage": 131712,
                    "Plans": [
                      {
                        "Node Type": "Seq Scan",
                        "Parent Relationship": "Outer",
                        "Parallel Aware": true,
                        "Relation Name": "title",
                        "Alias": "t",
                        "Startup Cost": 0.0,
                        "Total Cost": 50870.31,
                        "Plan Rows": 1487231,
                        "Plan Width": 4,
                        "Actual Startup Time": 0.023,
                        "Actual Total Time": 173.737,
                        "Actual Rows": 1264156,
                        "Actual Loops": 2
                      }
                    ]
                  }
                ]
              }
            ]
          }
        ]
      }
    ]
  },
  "Planning Time": 0.736,
  "Triggers": [],
  "Execution Time": 652.393
}