{
  "Plan": {
    "Node Type": "Aggregate",
    "Strategy": "Plain",
    "Partial Mode": "Finalize",
    "Parallel Aware": false,
    "Startup Cost": 48200.8,
    "Total Cost": 48200.81,
    "Plan Rows": 1,
    "Plan Width": 8,
    "Actual Startup Time": 86.351,
    "Actual Total Time": 99.744,
    "Actual Rows": 1,
    "Actual Loops": 1,
    "Plans": [
      {
        "Node Type": "Gather",
        "Parent Relationship": "Outer",
        "Parallel Aware": false,
        "Startup Cost": 48200.69,
        "Total Cost": 48200.8,
        "Plan Rows": 1,
        "Plan Width": 8,
        "Actual Startup Time": 86.215,
        "Actual Total Time": 99.736,
        "Actual Rows": 2,
        "Actual Loops": 1,
        "Workers Planned": 1,
        "Workers Launched": 1,
        "Single Copy": false,
        "Plans": [
          {
            "Node Type": "Aggregate",
            "Strategy": "Plain",
            "Partial Mode": "Partial",
            "Parent Relationship": "Outer",
            "Parallel Aware": false,
            "Startup Cost": 47200.69,
            "Total Cost": 47200.7,
            "Plan Rows": 1,
            "Plan Width": 8,
            "Actual Startup Time": 80.165,
            "Actual Total Time": 80.167,
            "Actual Rows": 1,
            "Actual Loops": 2,
            "Plans": [
              {
                "Node Type": "Nested Loop",
                "Parent Relationship": "Outer",
                "Parallel Aware": false,
                "Join Type": "Inner",
                "Startup Cost": 152.22,
                "Total Cost": 47189.94,
                "Plan Rows": 4302,
                "Plan Width": 0,
                "Actual Startup Time": 4.168,
                "Actual Total Time": 78.392,
                "Actual Rows": 29768,
                "Actual Loops": 2,
                "Inner Unique": false,
                "Plans": [
                  {
                    "Node Type": "Nested Loop",
                    "Parent Relationship": "Outer",
                    "Parallel Aware": false,
                    "Join Type": "Inner",
                    "Startup Cost": 151.79,
                    "Total Cost": 44637.3,
                    "Plan Rows": 4169,
                    "Plan Width": 8,
                    "Actual Startup Time": 4.05,
                    "Actual Total Time": 40.15,
                    "Actual Rows": 3852,
                    "Actual Loops": 2,
                    "Inner Unique": true,
                    "Plans": [
                      {
                        "Node Type": "Bitmap Heap Scan",
                        "Parent Relationship": "Outer",
                        "Parallel Aware": true,
                        "Relation Name": "movie_keyword",
                        "Alias": "mk",
                        "Startup Cost": 151.36,
                        "Total Cost": 15622.29,
                        "Plan Rows": 4169,
                        "Plan Width": 4,
                        "Actual Startup Time": 3.934,
                        "Actual Total Time": 14.431,
                        "Actual Rows": 3852,
                        "Actual Loops": 2,
                        "Recheck Cond": "(keyword_id = 797)",
                        "Rows Removed by Index Recheck": 0,
                        "Exact Heap Blocks": 4379,
                        "Lossy Heap Blocks": 0,
                        "Plans": [
                          {
                            "Node Type": "Bitmap Index Scan",
                            "Parent Relationship": "Outer",
                            "Parallel Aware": false,
                            "Index Name": "keyword_id_movie_keyword",
                            "Startup Cost": 0.0,
                            "Total Cost": 149.59,
                            "Plan Rows": 7087,
                            "Plan Width": 0,
                            "Actual Startup Time": 4.61,
                            "Actual Total Time": 4.611,
                            "Actual Rows": 7704,
                            "Actual Loops": 1,
                            "Index Cond": "(keyword_id = 797)"
                          }
                        ]
                      },
                      {
                        "Node Type": "Index Only Scan",
                        "Parent Relationship": "Inner",
                        "Parallel Aware": false,
                        "Scan Direction": "Forward",
                        "Index Name": "title_pkey",
                        "Relation Name": "title",
                        "Alias": "t",
                        "Startup Cost": 0.43,
                        "Total Cost": 6.96,
                        "Plan Rows": 1,
                        "Plan Width": 4,
                        "Actual Startup Time": 0.006,
                        "Actual Total Time": 0.006,
                        "Actual Rows": 1,
                        "Actual Loops": 7704,
                        "Index Cond": "(id = mk.movie_id)",
                        "Rows Removed by Index Recheck": 0,
                        "Heap Fetches": 7704
                      }
                    ]
                  },
                  {
                    "Node Type": "Index Only Scan",
                    "Parent Relationship": "Inner",
                    "Parallel Aware": false,
                    "Scan Direction": "Forward",
                    "Index Name": "movie_id_movie_companies",
                    "Relation Name": "movie_companies",
                    "Alias": "mc",
                    "Startup Cost": 0.43,
                    "Total Cost": 0.56,
                    "Plan Rows": 5,
                    "Plan Width": 4,
                    "Actual Startup Time": 0.006,
                    "Actual Total Time": 0.009,
                    "Actual Rows": 8,
                    "Actual Loops": 7704,
                    "Index Cond": "(movie_id = t.id)",
                    "Rows Removed by Index Recheck": 0,
                    "Heap Fetches": 59536
                  }
                ]
              }
            ]
          }
        ]
      }
    ]
  },
  "Planning Time": 0.995,
  "Triggers": [],
  "Execution Time": 99.838
}