[
  {
    "Plan": {
      "Node Type": "Aggregate",
      "Strategy": "Plain",
      "Partial Mode": "Finalize",
      "Parallel Aware": false,
      "Startup Cost": 46499.29,
      "Total Cost": 46499.3,
      "Plan Rows": 1,
      "Plan Width": 8,
      "Actual Startup Time": 184.075,
      "Actual Total Time": 193.5,
      "Actual Rows": 1,
      "Actual Loops": 1,
      "Plans": [
        {
          "Node Type": "Gather",
          "Parent Relationship": "Outer",
          "Parallel Aware": false,
          "Startup Cost": 46498.97,
          "Total Cost": 46499.28,
          "Plan Rows": 3,
          "Plan Width": 8,
          "Actual Startup Time": 183.899,
          "Actual Total Time": 193.49,
          "Actual Rows": 4,
          "Actual Loops": 1,
          "Workers Planned": 3,
          "Workers Launched": 3,
          "Single Copy": false,
          "Plans": [
            {
              "Node Type": "Aggregate",
              "Strategy": "Plain",
              "Partial Mode": "Partial",
              "Parent Relationship": "Outer",
              "Parallel Aware": false,
              "Startup Cost": 45498.97,
              "Total Cost": 45498.98,
              "Plan Rows": 1,
              "Plan Width": 8,
              "Actual Startup Time": 175.069,
              "Actual Total Time": 175.07,
              "Actual Rows": 1,
              "Actual Loops": 4,
              "Plans": [
                {
                  "Node Type": "Seq Scan",
                  "Parent Relationship": "Outer",
                  "Parallel Aware": true,
                  "Relation Name": "movie_keyword",
                  "Alias": "mk",
                  "Startup Cost": 0.0,
                  "Total Cost": 42695.65,
                  "Plan Rows": 1121328,
                  "Plan Width": 0,
                  "Actual Startup Time": 0.048,
                  "Actual Total Time": 132.098,
                  "Actual Rows": 869128,
                  "Actual Loops": 4,
                  "Filter": "(keyword_id < 16952)",
                  "Rows Removed by Filter": 261854
                }
              ]
            }
          ]
        }
      ]
    },
    "Planning Time": 0.186,
    "Triggers": [],
    "Execution Time": 193.557
  }
]