{
    "Plan": {
        "Node Type": "Aggregate",
        "Strategy": "Plain",
        "Partial Mode": "Simple",
        "Parallel Aware": false,
        "Startup Cost": 40002243992.19,
        "Total Cost": 40002243992.2,
        "Plan Rows": 1,
        "Plan Width": 64,
        "Actual Startup Time": 5846.922,
        "Actual Total Time": 5847.158,
        "Actual Rows": 1,
        "Actual Loops": 1,
        "Output": [
            "min(n.name)",
            "min(t.title)"
        ],
        "Plans": [
            {
                "Node Type": "Nested Loop",
                "Parent Relationship": "Outer",
                "Parallel Aware": false,
                "Join Type": "Inner",
                "Startup Cost": 40002240655.11,
                "Total Cost": 40002243992.18,
                "Plan Rows": 1,
                "Plan Width": 32,
                "Actual Startup Time": 5707.974,
                "Actual Total Time": 5846.93,
                "Actual Rows": 712,
                "Actual Loops": 1,
                "Output": [
                    "n.name",
                    "t.title"
                ],
                "Inner Unique": true,
                "Plans": [
                    {
                        "Node Type": "Nested Loop",
                        "Parent Relationship": "Outer",
                        "Parallel Aware": false,
                        "Join Type": "Inner",
                        "Startup Cost": 30002240654.96,
                        "Total Cost": 30002243984.0,
                        "Plan Rows": 1,
                        "Plan Width": 36,
                        "Actual Startup Time": 5707.956,
                        "Actual Total Time": 5844.042,
                        "Actual Rows": 712,
                        "Actual Loops": 1,
                        "Output": [
                            "mi.info_type_id",
                            "n.name",
                            "t.title"
                        ],
                        "Inner Unique": true,
                        "Plans": [
                            {
                                "Node Type": "Nested Loop",
                                "Parent Relationship": "Outer",
                                "Parallel Aware": false,
                                "Join Type": "Inner",
                                "Startup Cost": 20002240654.52,
                                "Total Cost": 20002243979.55,
                                "Plan Rows": 1,
                                "Plan Width": 40,
                                "Actual Startup Time": 5707.924,
                                "Actual Total Time": 5840.446,
                                "Actual Rows": 712,
                                "Actual Loops": 1,
                                "Output": [
                                    "mc.company_id",
                                    "mi.info_type_id",
                                    "n.name",
                                    "t.title"
                                ],
                                "Inner Unique": false,
                                "Join Filter": "(t.id = mc.movie_id)",
                                "Rows Removed by Join Filter": 0,
                                "Plans": [
                                    {
                                        "Node Type": "Nested Loop",
                                        "Parent Relationship": "Outer",
                                        "Parallel Aware": false,
                                        "Join Type": "Inner",
                                        "Startup Cost": 10002240654.04,
                                        "Total Cost": 10002243974.96,
                                        "Plan Rows": 1,
                                        "Plan Width": 48,
                                        "Actual Startup Time": 5707.868,
                                        "Actual Total Time": 5833.877,
                                        "Actual Rows": 1297,
                                        "Actual Loops": 1,
                                        "Output": [
                                            "ci.movie_id",
                                            "mi.movie_id",
                                            "mi.info_type_id",
                                            "n.name",
                                            "t.title",
                                            "t.id"
                                        ],
                                        "Inner Unique": true,
                                        "Plans": [
                                            {
                                                "Node Type": "Merge Join",
                                                "Parent Relationship": "Outer",
                                                "Parallel Aware": false,
                                                "Join Type": "Inner",
                                                "Startup Cost": 2240653.58,
                                                "Total Cost": 2243970.49,
                                                "Plan Rows": 1,
                                                "Plan Width": 52,
                                                "Actual Startup Time": 5707.811,
                                                "Actual Total Time": 5827.455,
                                                "Actual Rows": 1302,
                                                "Actual Loops": 1,
                                                "Output": [
                                                    "ci.movie_id",
                                                    "ci.person_role_id",
                                                    "mi.movie_id",
                                                    "mi.info_type_id",
                                                    "n.name",
                                                    "t.title",
                                                    "t.id"
                                                ],
                                                "Inner Unique": false,
                                                "Merge Cond": "(t.id = mi.movie_id)",
                                                "Plans": [
                                                    {
                                                        "Node Type": "Sort",
                                                        "Parent Relationship": "Outer",
                                                        "Parallel Aware": false,
                                                        "Startup Cost": 138129.79,
                                                        "Total Cost": 139789.68,
                                                        "Plan Rows": 663956,
                                                        "Plan Width": 21,
                                                        "Actual Startup Time": 430.172,
                                                        "Actual Total Time": 498.737,
                                                        "Actual Rows": 663556,
                                                        "Actual Loops": 1,
                                                        "Output": [
                                                            "t.title",
                                                            "t.id"
                                                        ],
                                                        "Sort Key": [
                                                            "t.id"
                                                        ],
                                                        "Sort Method": "quicksort",
                                                        "Sort Space Used": 71239,
                                                        "Sort Space Type": "Memory",
                                                        "Plans": [
                                                            {
                                                                "Node Type": "Seq Scan",
                                                                "Parent Relationship": "Outer",
                                                                "Parallel Aware": false,
                                                                "Relation Name": "title",
                                                                "Schema": "public",
                                                                "Alias": "t",
                                                                "Startup Cost": 0.0,
                                                                "Total Cost": 73922.83,
                                                                "Plan Rows": 663956,
                                                                "Plan Width": 21,
                                                                "Actual Startup Time": 0.02,
                                                                "Actual Total Time": 259.433,
                                                                "Actual Rows": 666077,
                                                                "Actual Loops": 1,
                                                                "Output": [
                                                                    "t.title",
                                                                    "t.id"
                                                                ],
                                                                "Filter": "((t.production_year >= 1997) AND (t.production_year <= 2006))",
                                                                "Rows Removed by Filter": 1862235
                                                            }
                                                        ]
                                                    },
                                                    {
                                                        "Node Type": "Sort",
                                                        "Parent Relationship": "Inner",
                                                        "Parallel Aware": false,
                                                        "Startup Cost": 2102523.46,
                                                        "Total Cost": 2102523.47,
                                                        "Plan Rows": 4,
                                                        "Plan Width": 31,
                                                        "Actual Startup Time": 5270.311,
                                                        "Actual Total Time": 5270.79,
                                                        "Actual Rows": 2106,
                                                        "Actual Loops": 1,
                                                        "Output": [
                                                            "ci.movie_id",
                                                            "ci.person_role_id",
                                                            "mi.movie_id",
                                                            "mi.info_type_id",
                                                            "n.name"
                                                        ],
                                                        "Sort Key": [
                                                            "ci.movie_id"
                                                        ],
                                                        "Sort Method": "quicksort",
                                                        "Sort Space Used": 261,
                                                        "Sort Space Type": "Memory",
                                                        "Plans": [
                                                            {
                                                                "Node Type": "Merge Join",
                                                                "Parent Relationship": "Outer",
                                                                "Parallel Aware": false,
                                                                "Join Type": "Inner",
                                                                "Startup Cost": 2102510.9,
                                                                "Total Cost": 2102523.42,
                                                                "Plan Rows": 4,
                                                                "Plan Width": 31,
                                                                "Actual Startup Time": 5269.522,
                                                                "Actual Total Time": 5270.084,
                                                                "Actual Rows": 2106,
                                                                "Actual Loops": 1,
                                                                "Output": [
                                                                    "ci.movie_id",
                                                                    "ci.person_role_id",
                                                                    "mi.movie_id",
                                                                    "mi.info_type_id",
                                                                    "n.name"
                                                                ],
                                                                "Inner Unique": false,
                                                                "Merge Cond": "(rt.id = ci.role_id)",
                                                                "Plans": [
                                                                    {
                                                                        "Node Type": "Index Scan",
                                                                        "Parent Relationship": "Outer",
                                                                        "Parallel Aware": false,
                                                                        "Scan Direction": "Forward",
                                                                        "Index Name": "role_type_pkey",
                                                                        "Relation Name": "role_type",
                                                                        "Schema": "public",
                                                                        "Alias": "rt",
                                                                        "Startup Cost": 0.14,
                                                                        "Total Cost": 12.35,
                                                                        "Plan Rows": 1,
                                                                        "Plan Width": 4,
                                                                        "Actual Startup Time": 0.016,
                                                                        "Actual Total Time": 0.032,
                                                                        "Actual Rows": 1,
                                                                        "Actual Loops": 1,
                                                                        "Output": [
                                                                            "rt.id",
                                                                            "rt.role"
                                                                        ],
                                                                        "Filter": "((rt.role)::text = 'actress'::text)",
                                                                        "Rows Removed by Filter": 11
                                                                    },
                                                                    {
                                                                        "Node Type": "Sort",
                                                                        "Parent Relationship": "Inner",
                                                                        "Parallel Aware": false,
                                                                        "Startup Cost": 2102510.76,
                                                                        "Total Cost": 2102510.9,
                                                                        "Plan Rows": 53,
                                                                        "Plan Width": 35,
                                                                        "Actual Startup Time": 5269.502,
                                                                        "Actual Total Time": 5269.808,
                                                                        "Actual Rows": 2107,
                                                                        "Actual Loops": 1,
                                                                        "Output": [
                                                                            "ci.movie_id",
                                                                            "ci.role_id",
                                                                            "ci.person_role_id",
                                                                            "mi.movie_id",
                                                                            "mi.info_type_id",
                                                                            "n.name"
                                                                        ],
                                                                        "Sort Key": [
                                                                            "ci.role_id"
                                                                        ],
                                                                        "Sort Method": "quicksort",
                                                                        "Sort Space Used": 261,
                                                                        "Sort Space Type": "Memory",
                                                                        "Plans": [
                                                                            {
                                                                                "Node Type": "Merge Join",
                                                                                "Parent Relationship": "Outer",
                                                                                "Parallel Aware": false,
                                                                                "Join Type": "Inner",
                                                                                "Startup Cost": 2090846.93,
                                                                                "Total Cost": 2102509.24,
                                                                                "Plan Rows": 53,
                                                                                "Plan Width": 35,
                                                                                "Actual Startup Time": 5228.056,
                                                                                "Actual Total Time": 5269.396,
                                                                                "Actual Rows": 2110,
                                                                                "Actual Loops": 1,
                                                                                "Output": [
                                                                                    "ci.movie_id",
                                                                                    "ci.role_id",
                                                                                    "ci.person_role_id",
                                                                                    "mi.movie_id",
                                                                                    "mi.info_type_id",
                                                                                    "n.name"
                                                                                ],
                                                                                "Inner Unique": false,
                                                                                "Merge Cond": "(n.id = ci.person_id)",
                                                                                "Plans": [
                                                                                    {
                                                                                        "Node Type": "Sort",
                                                                                        "Parent Relationship": "Outer",
                                                                                        "Parallel Aware": false,
                                                                                        "Startup Cost": 72253.79,
                                                                                        "Total Cost": 72254.02,
                                                                                        "Plan Rows": 94,
                                                                                        "Plan Width": 19,
                                                                                        "Actual Startup Time": 271.533,
                                                                                        "Actual Total Time": 271.694,
                                                                                        "Actual Rows": 597,
                                                                                        "Actual Loops": 1,
                                                                                        "Output": [
                                                                                            "n.name",
                                                                                            "n.id"
                                                                                        ],
                                                                                        "Sort Key": [
                                                                                            "n.id"
                                                                                        ],
                                                                                        "Sort Method": "quicksort",
                                                                                        "Sort Space Used": 69,
                                                                                        "Sort Space Type": "Memory",
                                                                                        "Plans": [
                                                                                            {
                                                                                                "Node Type": "Gather",
                                                                                                "Parent Relationship": "Outer",
                                                                                                "Parallel Aware": false,
                                                                                                "Startup Cost": 1000.0,
                                                                                                "Total Cost": 72250.71,
                                                                                                "Plan Rows": 94,
                                                                                                "Plan Width": 19,
                                                                                                "Actual Startup Time": 124.336,
                                                                                                "Actual Total Time": 271.407,
                                                                                                "Actual Rows": 597,
                                                                                                "Actual Loops": 1,
                                                                                                "Output": [
                                                                                                    "n.name",
                                                                                                    "n.id"
                                                                                                ],
                                                                                                "Workers Planned": 4,
                                                                                                "Workers Launched": 4,
                                                                                                "Single Copy": false,
                                                                                                "Plans": [
                                                                                                    {
                                                                                                        "Node Type": "Seq Scan",
                                                                                                        "Parent Relationship": "Outer",
                                                                                                        "Parallel Aware": true,
                                                                                                        "Relation Name": "name",
                                                                                                        "Schema": "public",
                                                                                                        "Alias": "n",
                                                                                                        "Startup Cost": 0.0,
                                                                                                        "Total Cost": 71241.31,
                                                                                                        "Plan Rows": 24,
                                                                                                        "Plan Width": 19,
                                                                                                        "Actual Startup Time": 117.399,
                                                                                                        "Actual Total Time": 263.458,
                                                                                                        "Actual Rows": 119,
                                                                                                        "Actual Loops": 5,
                                                                                                        "Output": [
                                                                                                            "n.name",
                                                                                                            "n.id"
                                                                                                        ],
                                                                                                        "Filter": "((n.name ~~ '%Terri%'::text) AND ((n.gender)::text = 'f'::text))",
                                                                                                        "Rows Removed by Filter": 833379,
                                                                                                        "Workers": [
                                                                                                            {
                                                                                                                "Worker Number": 0,
                                                                                                                "Actual Startup Time": 113.731,
                                                                                                                "Actual Total Time": 260.393,
                                                                                                                "Actual Rows": 122,
                                                                                                                "Actual Loops": 1
                                                                                                            },
                                                                                                            {
                                                                                                                "Worker Number": 1,
                                                                                                                "Actual Startup Time": 113.403,
                                                                                                                "Actual Total Time": 260.451,
                                                                                                                "Actual Rows": 141,
                                                                                                                "Actual Loops": 1
                                                                                                            },
                                                                                                            {
                                                                                                                "Worker Number": 2,
                                                                                                                "Actual Startup Time": 115.084,
                                                                                                                "Actual Total Time": 260.593,
                                                                                                                "Actual Rows": 105,
                                                                                                                "Actual Loops": 1
                                                                                                            },
                                                                                                            {
                                                                                                                "Worker Number": 3,
                                                                                                                "Actual Startup Time": 120.741,
                                                                                                                "Actual Total Time": 266.655,
                                                                                                                "Actual Rows": 143,
                                                                                                                "Actual Loops": 1
                                                                                                            }
                                                                                                        ]
                                                                                                    }
                                                                                                ]
                                                                                            }
                                                                                        ]
                                                                                    },
                                                                                    {
                                                                                        "Node Type": "Sort",
                                                                                        "Parent Relationship": "Inner",
                                                                                        "Parallel Aware": false,
                                                                                        "Startup Cost": 2018593.15,
                                                                                        "Total Cost": 2024423.81,
                                                                                        "Plan Rows": 2332265,
                                                                                        "Plan Width": 28,
                                                                                        "Actual Startup Time": 4837.078,
                                                                                        "Actual Total Time": 4928.959,
                                                                                        "Actual Rows": 962334,
                                                                                        "Actual Loops": 1,
                                                                                        "Output": [
                                                                                            "an.person_id",
                                                                                            "ci.movie_id",
                                                                                            "ci.person_id",
                                                                                            "ci.role_id",
                                                                                            "ci.person_role_id",
                                                                                            "mi.movie_id",
                                                                                            "mi.info_type_id"
                                                                                        ],
                                                                                        "Sort Key": [
                                                                                            "an.person_id"
                                                                                        ],
                                                                                        "Sort Method": "quicksort",
                                                                                        "Sort Space Used": 101622,
                                                                                        "Sort Space Type": "Memory",
                                                                                        "Plans": [
                                                                                            {
                                                                                                "Node Type": "Merge Join",
                                                                                                "Parent Relationship": "Outer",
                                                                                                "Parallel Aware": false,
                                                                                                "Join Type": "Inner",
                                                                                                "Startup Cost": 1722349.72,
                                                                                                "Total Cost": 1771917.64,
                                                                                                "Plan Rows": 2332265,
                                                                                                "Plan Width": 28,
                                                                                                "Actual Startup Time": 3967.267,
                                                                                                "Actual Total Time": 4603.177,
                                                                                                "Actual Rows": 986176,
                                                                                                "Actual Loops": 1,
                                                                                                "Output": [
                                                                                                    "an.person_id",
                                                                                                    "ci.movie_id",
                                                                                                    "ci.person_id",
                                                                                                    "ci.role_id",
                                                                                                    "ci.person_role_id",
                                                                                                    "mi.movie_id",
                                                                                                    "mi.info_type_id"
                                                                                                ],
                                                                                                "Inner Unique": false,
                                                                                                "Merge Cond": "(mi.movie_id = ci.movie_id)",
                                                                                                "Plans": [
                                                                                                    {
                                                                                                        "Node Type": "Sort",
                                                                                                        "Parent Relationship": "Outer",
                                                                                                        "Parallel Aware": false,
                                                                                                        "Startup Cost": 296414.12,
                                                                                                        "Total Cost": 297562.76,
                                                                                                        "Plan Rows": 459453,
                                                                                                        "Plan Width": 8,
                                                                                                        "Actual Startup Time": 896.947,
                                                                                                        "Actual Total Time": 919.138,
                                                                                                        "Actual Rows": 451094,
                                                                                                        "Actual Loops": 1,
                                                                                                        "Output": [
                                                                                                            "mi.movie_id",
                                                                                                            "mi.info_type_id"
                                                                                                        ],
                                                                                                        "Sort Key": [
                                                                                                            "mi.movie_id"
                                                                                                        ],
                                                                                                        "Sort Method": "quicksort",
                                                                                                        "Sort Space Used": 33434,
                                                                                                        "Sort Space Type": "Memory",
                                                                                                        "Plans": [
                                                                                                            {
                                                                                                                "Node Type": "Gather",
                                                                                                                "Parent Relationship": "Outer",
                                                                                                                "Parallel Aware": false,
                                                                                                                "Startup Cost": 1000.0,
                                                                                                                "Total Cost": 253203.59,
                                                                                                                "Plan Rows": 459453,
                                                                                                                "Plan Width": 8,
                                                                                                                "Actual Startup Time": 108.885,
                                                                                                                "Actual Total Time": 792.631,
                                                                                                                "Actual Rows": 451104,
                                                                                                                "Actual Loops": 1,
                                                                                                                "Output": [
                                                                                                                    "mi.movie_id",
                                                                                                                    "mi.info_type_id"
                                                                                                                ],
                                                                                                                "Workers Planned": 5,
                                                                                                                "Workers Launched": 3,
                                                                                                                "Single Copy": false,
                                                                                                                "Plans": [
                                                                                                                    {
                                                                                                                        "Node Type": "Seq Scan",
                                                                                                                        "Parent Relationship": "Outer",
                                                                                                                        "Parallel Aware": true,
                                                                                                                        "Relation Name": "movie_info",
                                                                                                                        "Schema": "public",
                                                                                                                        "Alias": "mi",
                                                                                                                        "Startup Cost": 0.0,
                                                                                                                        "Total Cost": 206258.29,
                                                                                                                        "Plan Rows": 91891,
                                                                                                                        "Plan Width": 8,
                                                                                                                        "Actual Startup Time": 97.091,
                                                                                                                        "Actual Total Time": 763.727,
                                                                                                                        "Actual Rows": 112776,
                                                                                                                        "Actual Loops": 4,
                                                                                                                        "Output": [
                                                                                                                            "mi.movie_id",
                                                                                                                            "mi.info_type_id"
                                                                                                                        ],
                                                                                                                        "Filter": "((mi.info IS NOT NULL) AND ((mi.info ~~ 'Japan:%200%'::text) OR (mi.info ~~ 'USA:%200%'::text)))",
                                                                                                                        "Rows Removed by Filter": 3596154,
                                                                                                                        "Workers": [
                                                                                                                            {
                                                                                                                                "Worker Number": 0,
                                                                                                                                "Actual Startup Time": 91.034,
                                                                                                                                "Actual Total Time": 790.163,
                                                                                                                                "Actual Rows": 122183,
                                                                                                                                "Actual Loops": 1
                                                                                                                            },
                                                                                                                            {
                                                                                                                                "Worker Number": 1,
                                                                                                                                "Actual Startup Time": 93.946,
                                                                                                                                "Actual Total Time": 791.183,
                                                                                                                                "Actual Rows": 120544,
                                                                                                                                "Actual Loops": 1
                                                                                                                            },
                                                                                                                            {
                                                                                                                                "Worker Number": 2,
                                                                                                                                "Actual Startup Time": 94.943,
                                                                                                                                "Actual Total Time": 768.214,
                                                                                                                                "Actual Rows": 145508,
                                                                                                                                "Actual Loops": 1
                                                                                                                            }
                                                                                                                        ]
                                                                                                                    }
                                                                                                                ]
                                                                                                            }
                                                                                                        ]
                                                                                                    },
                                                                                                    {
                                                                                                        "Node Type": "Sort",
                                                                                                        "Parent Relationship": "Inner",
                                                                                                        "Parallel Aware": false,
                                                                                                        "Startup Cost": 1425933.2,
                                                                                                        "Total Cost": 1437908.78,
                                                                                                        "Plan Rows": 4790232,
                                                                                                        "Plan Width": 20,
                                                                                                        "Actual Startup Time": 3070.284,
                                                                                                        "Actual Total Time": 3374.618,
                                                                                                        "Actual Rows": 3199054,
                                                                                                        "Actual Loops": 1,
                                                                                                        "Output": [
                                                                                                            "an.person_id",
                                                                                                            "ci.movie_id",
                                                                                                            "ci.person_id",
                                                                                                            "ci.role_id",
                                                                                                            "ci.person_role_id"
                                                                                                        ],
                                                                                                        "Sort Key": [
                                                                                                            "ci.movie_id"
                                                                                                        ],
                                                                                                        "Sort Method": "quicksort",
                                                                                                        "Sort Space Used": 313877,
                                                                                                        "Sort Space Type": "Memory",
                                                                                                        "Plans": [
                                                                                                            {
                                                                                                                "Node Type": "Merge Join",
                                                                                                                "Parent Relationship": "Outer",
                                                                                                                "Parallel Aware": false,
                                                                                                                "Join Type": "Inner",
                                                                                                                "Startup Cost": 751331.72,
                                                                                                                "Total Cost": 894417.1,
                                                                                                                "Plan Rows": 4790232,
                                                                                                                "Plan Width": 20,
                                                                                                                "Actual Startup Time": 1199.023,
                                                                                                                "Actual Total Time": 2414.112,
                                                                                                                "Actual Rows": 3029167,
                                                                                                                "Actual Loops": 1,
                                                                                                                "Output": [
                                                                                                                    "an.person_id",
                                                                                                                    "ci.movie_id",
                                                                                                                    "ci.person_id",
                                                                                                                    "ci.role_id",
                                                                                                                    "ci.person_role_id"
                                                                                                                ],
                                                                                                                "Inner Unique": false,
                                                                                                                "Merge Cond": "(ci.person_id = an.person_id)",
                                                                                                                "Plans": [
                                                                                                                    {
                                                                                                                        "Node Type": "Sort",
                                                                                                                        "Parent Relationship": "Outer",
                                                                                                                        "Parallel Aware": false,
                                                                                                                        "Startup Cost": 751330.32,
                                                                                                                        "Total Cost": 756303.12,
                                                                                                                        "Plan Rows": 1989123,
                                                                                                                        "Plan Width": 16,
                                                                                                                        "Actual Startup Time": 1198.978,
                                                                                                                        "Actual Total Time": 1317.137,
                                                                                                                        "Actual Rows": 2106083,
                                                                                                                        "Actual Loops": 1,
                                                                                                                        "Output": [
                                                                                                                            "ci.movie_id",
                                                                                                                            "ci.person_id",
                                                                                                                            "ci.role_id",
                                                                                                                            "ci.person_role_id"
                                                                                                                        ],
                                                                                                                        "Sort Key": [
                                                                                                                            "ci.person_id"
                                                                                                                        ],
                                                                                                                        "Sort Method": "quicksort",
                                                                                                                        "Sort Space Used": 197027,
                                                                                                                        "Sort Space Type": "Memory",
                                                                                                                        "Plans": [
                                                                                                                            {
                                                                                                                                "Node Type": "Gather",
                                                                                                                                "Parent Relationship": "Outer",
                                                                                                                                "Parallel Aware": false,
                                                                                                                                "Startup Cost": 1000.0,
                                                                                                                                "Total Cost": 543231.24,
                                                                                                                                "Plan Rows": 1989123,
                                                                                                                                "Plan Width": 16,
                                                                                                                                "Actual Startup Time": 0.748,
                                                                                                                                "Actual Total Time": 848.342,
                                                                                                                                "Actual Rows": 2106083,
                                                                                                                                "Actual Loops": 1,
                                                                                                                                "Output": [
                                                                                                                                    "ci.movie_id",
                                                                                                                                    "ci.person_id",
                                                                                                                                    "ci.role_id",
                                                                                                                                    "ci.person_role_id"
                                                                                                                                ],
                                                                                                                                "Workers Planned": 6,
                                                                                                                                "Workers Launched": 6,
                                                                                                                                "Single Copy": false,
                                                                                                                                "Plans": [
                                                                                                                                    {
                                                                                                                                        "Node Type": "Seq Scan",
                                                                                                                                        "Parent Relationship": "Outer",
                                                                                                                                        "Parallel Aware": true,
                                                                                                                                        "Relation Name": "cast_info",
                                                                                                                                        "Schema": "public",
                                                                                                                                        "Alias": "ci",
                                                                                                                                        "Startup Cost": 0.0,
                                                                                                                                        "Total Cost": 343318.94,
                                                                                                                                        "Plan Rows": 331520,
                                                                                                                                        "Plan Width": 16,
                                                                                                                                        "Actual Startup Time": 0.1,
                                                                                                                                        "Actual Total Time": 843.357,
                                                                                                                                        "Actual Rows": 300869,
                                                                                                                                        "Actual Loops": 7,
                                                                                                                                        "Output": [
                                                                                                                                            "ci.movie_id",
                                                                                                                                            "ci.person_id",
                                                                                                                                            "ci.role_id",
                                                                                                                                            "ci.person_role_id"
                                                                                                                                        ],
                                                                                                                                        "Filter": "(ci.note = ANY ('{(voice),(writer),(uncredited),\"(as Terri Colombino)\"}'::text[]))",
                                                                                                                                        "Rows Removed by Filter": 4876894,
                                                                                                                                        "Workers": [
                                                                                                                                            {
                                                                                                                                                "Worker Number": 0,
                                                                                                                                                "Actual Startup Time": 0.059,
                                                                                                                                                "Actual Total Time": 913.406,
                                                                                                                                                "Actual Rows": 323675,
                                                                                                                                                "Actual Loops": 1
                                                                                                                                            },
                                                                                                                                            {
                                                                                                                                                "Worker Number": 1,
                                                                                                                                                "Actual Startup Time": 0.105,
                                                                                                                                                "Actual Total Time": 911.852,
                                                                                                                                                "Actual Rows": 325561,
                                                                                                                                                "Actual Loops": 1
                                                                                                                                            },
                                                                                                                                            {
                                                                                                                                                "Worker Number": 2,
                                                                                                                                                "Actual Startup Time": 0.113,
                                                                                                                                                "Actual Total Time": 908.492,
                                                                                                                                                "Actual Rows": 314331,
                                                                                                                                                "Actual Loops": 1
                                                                                                                                            },
                                                                                                                                            {
                                                                                                                                                "Worker Number": 3,
                                                                                                                                                "Actual Startup Time": 0.091,
                                                                                                                                                "Actual Total Time": 866.026,
                                                                                                                                                "Actual Rows": 361283,
                                                                                                                                                "Actual Loops": 1
                                                                                                                                            },
                                                                                                                                            {
                                                                                                                                                "Worker Number": 4,
                                                                                                                                                "Actual Startup Time": 0.118,
                                                                                                                                                "Actual Total Time": 887.148,
                                                                                                                                                "Actual Rows": 289395,
                                                                                                                                                "Actual Loops": 1
                                                                                                                                            },
                                                                                                                                            {
                                                                                                                                                "Worker Number": 5,
                                                                                                                                                "Actual Startup Time": 0.189,
                                                                                                                                                "Actual Total Time": 896.938,
                                                                                                                                                "Actual Rows": 397005,
                                                                                                                                                "Actual Loops": 1
                                                                                                                                            }
                                                                                                                                        ]
                                                                                                                                    }
                                                                                                                                ]
                                                                                                                            }
                                                                                                                        ]
                                                                                                                    },
                                                                                                                    {
                                                                                                                        "Node Type": "Materialize",
                                                                                                                        "Parent Relationship": "Inner",
                                                                                                                        "Parallel Aware": false,
                                                                                                                        "Startup Cost": 0.42,
                                                                                                                        "Total Cost": 74265.52,
                                                                                                                        "Plan Rows": 901343,
                                                                                                                        "Plan Width": 4,
                                                                                                                        "Actual Startup Time": 0.034,
                                                                                                                        "Actual Total Time": 562.058,
                                                                                                                        "Actual Rows": 3585925,
                                                                                                                        "Actual Loops": 1,
                                                                                                                        "Output": [
                                                                                                                            "an.id",
                                                                                                                            "an.person_id",
                                                                                                                            "an.name",
                                                                                                                            "an.imdb_index",
                                                                                                                            "an.name_pcode_cf",
                                                                                                                            "an.name_pcode_nf",
                                                                                                                            "an.surname_pcode",
                                                                                                                            "an.md5sum"
                                                                                                                        ],
                                                                                                                        "Plans": [
                                                                                                                            {
                                                                                                                                "Node Type": "Index Scan",
                                                                                                                                "Parent Relationship": "Outer",
                                                                                                                                "Parallel Aware": false,
                                                                                                                                "Scan Direction": "Forward",
                                                                                                                                "Index Name": "person_id_aka_name",
                                                                                                                                "Relation Name": "aka_name",
                                                                                                                                "Schema": "public",
                                                                                                                                "Alias": "an",
                                                                                                                                "Startup Cost": 0.42,
                                                                                                                                "Total Cost": 72012.16,
                                                                                                                                "Plan Rows": 901343,
                                                                                                                                "Plan Width": 4,
                                                                                                                                "Actual Startup Time": 0.026,
                                                                                                                                "Actual Total Time": 364.233,
                                                                                                                                "Actual Rows": 772578,
                                                                                                                                "Actual Loops": 1,
                                                                                                                                "Output": [
                                                                                                                                    "an.id",
                                                                                                                                    "an.person_id",
                                                                                                                                    "an.name",
                                                                                                                                    "an.imdb_index",
                                                                                                                                    "an.name_pcode_cf",
                                                                                                                                    "an.name_pcode_nf",
                                                                                                                                    "an.surname_pcode",
                                                                                                                                    "an.md5sum"
                                                                                                                                ]
                                                                                                                            }
                                                                                                                        ]
                                                                                                                    }
                                                                                                                ]
                                                                                                            }
                                                                                                        ]
                                                                                                    }
                                                                                                ]
                                                                                            }
                                                                                        ]
                                                                                    }
                                                                                ]
                                                                            }
                                                                        ]
                                                                    }
                                                                ]
                                                            }
                                                        ]
                                                    }
                                                ]
                                            },
                                            {
                                                "Node Type": "Bitmap Heap Scan",
                                                "Parent Relationship": "Inner",
                                                "Parallel Aware": false,
                                                "Relation Name": "char_name",
                                                "Schema": "public",
                                                "Alias": "chn",
                                                "Startup Cost": 0.46,
                                                "Total Cost": 4.47,
                                                "Plan Rows": 1,
                                                "Plan Width": 4,
                                                "Actual Startup Time": 0.003,
                                                "Actual Total Time": 0.003,
                                                "Actual Rows": 1,
                                                "Actual Loops": 1302,
                                                "Output": [
                                                    "chn.id",
                                                    "chn.name",
                                                    "chn.imdb_index",
                                                    "chn.imdb_id",
                                                    "chn.name_pcode_nf",
                                                    "chn.surname_pcode",
                                                    "chn.md5sum"
                                                ],
                                                "Recheck Cond": "(chn.id = ci.person_role_id)",
                                                "Rows Removed by Index Recheck": 0,
                                                "Exact Heap Blocks": 1297,
                                                "Lossy Heap Blocks": 0,
                                                "Plans": [
                                                    {
                                                        "Node Type": "Bitmap Index Scan",
                                                        "Parent Relationship": "Outer",
                                                        "Parallel Aware": false,
                                                        "Index Name": "char_name_pkey",
                                                        "Startup Cost": 0.0,
                                                        "Total Cost": 0.46,
                                                        "Plan Rows": 1,
                                                        "Plan Width": 0,
                                                        "Actual Startup Time": 0.002,
                                                        "Actual Total Time": 0.002,
                                                        "Actual Rows": 1,
                                                        "Actual Loops": 1302,
                                                        "Index Cond": "(chn.id = ci.person_role_id)"
                                                    }
                                                ]
                                            }
                                        ]
                                    },
                                    {
                                        "Node Type": "Bitmap Heap Scan",
                                        "Parent Relationship": "Inner",
                                        "Parallel Aware": false,
                                        "Relation Name": "movie_companies",
                                        "Schema": "public",
                                        "Alias": "mc",
                                        "Startup Cost": 0.49,
                                        "Total Cost": 4.57,
                                        "Plan Rows": 1,
                                        "Plan Width": 8,
                                        "Actual Startup Time": 0.003,
                                        "Actual Total Time": 0.003,
                                        "Actual Rows": 1,
                                        "Actual Loops": 1297,
                                        "Output": [
                                            "mc.id",
                                            "mc.movie_id",
                                            "mc.company_id",
                                            "mc.company_type_id",
                                            "mc.note"
                                        ],
                                        "Recheck Cond": "(mc.movie_id = ci.movie_id)",
                                        "Rows Removed by Index Recheck": 0,
                                        "Filter": "((mc.note IS NOT NULL) AND ((mc.note ~~ '%(USA)%'::text) OR (mc.note ~~ '%(worldwide)%'::text)))",
                                        "Rows Removed by Filter": 0,
                                        "Exact Heap Blocks": 719,
                                        "Lossy Heap Blocks": 0,
                                        "Plans": [
                                            {
                                                "Node Type": "Bitmap Index Scan",
                                                "Parent Relationship": "Outer",
                                                "Parallel Aware": false,
                                                "Index Name": "movie_id_movie_companies",
                                                "Startup Cost": 0.0,
                                                "Total Cost": 0.49,
                                                "Plan Rows": 5,
                                                "Plan Width": 0,
                                                "Actual Startup Time": 0.002,
                                                "Actual Total Time": 0.002,
                                                "Actual Rows": 1,
                                                "Actual Loops": 1297,
                                                "Index Cond": "(mc.movie_id = ci.movie_id)"
                                            }
                                        ]
                                    }
                                ]
                            },
                            {
                                "Node Type": "Bitmap Heap Scan",
                                "Parent Relationship": "Inner",
                                "Parallel Aware": false,
                                "Relation Name": "company_name",
                                "Schema": "public",
                                "Alias": "cn",
                                "Startup Cost": 0.44,
                                "Total Cost": 4.45,
                                "Plan Rows": 1,
                                "Plan Width": 4,
                                "Actual Startup Time": 0.003,
                                "Actual Total Time": 0.003,
                                "Actual Rows": 1,
                                "Actual Loops": 712,
                                "Output": [
                                    "cn.id",
                                    "cn.name",
                                    "cn.country_code",
                                    "cn.imdb_id",
                                    "cn.name_pcode_nf",
                                    "cn.name_pcode_sf",
                                    "cn.md5sum"
                                ],
                                "Recheck Cond": "(cn.id = mc.company_id)",
                                "Rows Removed by Index Recheck": 0,
                                "Filter": "((cn.country_code)::text = '[us]'::text)",
                                "Rows Removed by Filter": 0,
                                "Exact Heap Blocks": 712,
                                "Lossy Heap Blocks": 0,
                                "Plans": [
                                    {
                                        "Node Type": "Bitmap Index Scan",
                                        "Parent Relationship": "Outer",
                                        "Parallel Aware": false,
                                        "Index Name": "company_name_pkey",
                                        "Startup Cost": 0.0,
                                        "Total Cost": 0.44,
                                        "Plan Rows": 1,
                                        "Plan Width": 0,
                                        "Actual Startup Time": 0.002,
                                        "Actual Total Time": 0.002,
                                        "Actual Rows": 1,
                                        "Actual Loops": 712,
                                        "Index Cond": "(cn.id = mc.company_id)"
                                    }
                                ]
                            }
                        ]
                    },
                    {
                        "Node Type": "Bitmap Heap Scan",
                        "Parent Relationship": "Inner",
                        "Parallel Aware": false,
                        "Relation Name": "info_type",
                        "Schema": "public",
                        "Alias": "it",
                        "Startup Cost": 0.15,
                        "Total Cost": 4.17,
                        "Plan Rows": 1,
                        "Plan Width": 4,
                        "Actual Startup Time": 0.002,
                        "Actual Total Time": 0.002,
                        "Actual Rows": 1,
                        "Actual Loops": 712,
                        "Output": [
                            "it.id",
                            "it.info"
                        ],
                        "Recheck Cond": "(it.id = mi.info_type_id)",
                        "Rows Removed by Index Recheck": 0,
                        "Filter": "((it.info)::text = 'release dates'::text)",
                        "Rows Removed by Filter": 0,
                        "Exact Heap Blocks": 712,
                        "Lossy Heap Blocks": 0,
                        "Plans": [
                            {
                                "Node Type": "Bitmap Index Scan",
                                "Parent Relationship": "Outer",
                                "Parallel Aware": false,
                                "Index Name": "info_type_pkey",
                                "Startup Cost": 0.0,
                                "Total Cost": 0.15,
                                "Plan Rows": 1,
                                "Plan Width": 0,
                                "Actual Startup Time": 0.001,
                                "Actual Total Time": 0.001,
                                "Actual Rows": 1,
                                "Actual Loops": 712,
                                "Index Cond": "(it.id = mi.info_type_id)"
                            }
                        ]
                    }
                ]
            }
        ]
    },
    "Planning Time": 17.955,
    "Triggers": [],
    "Execution Time": 5847.384
}