{
    "Plan": {
        "Node Type": "Aggregate",
        "Strategy": "Plain",
        "Partial Mode": "Finalize",
        "Parallel Aware": false,
        "Startup Cost": 249109.67,
        "Total Cost": 249109.68,
        "Plan Rows": 1,
        "Plan Width": 8,
        "Actual Startup Time": 566.558,
        "Actual Total Time": 606.795,
        "Actual Rows": 1,
        "Actual Loops": 1,
        "Output": [
            "count(*)"
        ],
        "Plans": [
            {
                "Node Type": "Gather",
                "Parent Relationship": "Outer",
                "Parallel Aware": false,
                "Startup Cost": 249109.15,
                "Total Cost": 249109.66,
                "Plan Rows": 5,
                "Plan Width": 8,
                "Actual Startup Time": 562.993,
                "Actual Total Time": 606.786,
                "Actual Rows": 6,
                "Actual Loops": 1,
                "Output": [
                    "(PARTIAL count(*))"
                ],
                "Workers Planned": 5,
                "Workers Launched": 5,
                "Single Copy": false,
                "Plans": [
                    {
                        "Node Type": "Aggregate",
                        "Strategy": "Plain",
                        "Partial Mode": "Partial",
                        "Parent Relationship": "Outer",
                        "Parallel Aware": false,
                        "Startup Cost": 248109.15,
                        "Total Cost": 248109.16,
                        "Plan Rows": 1,
                        "Plan Width": 8,
                        "Actual Startup Time": 553.605,
                        "Actual Total Time": 553.608,
                        "Actual Rows": 1,
                        "Actual Loops": 6,
                        "Output": [
                            "PARTIAL count(*)"
                        ],
                        "Workers": [
                            {
                                "Worker Number": 0,
                                "Actual Startup Time": 554.845,
                                "Actual Total Time": 554.847,
                                "Actual Rows": 1,
                                "Actual Loops": 1
                            },
                            {
                                "Worker Number": 1,
                                "Actual Startup Time": 553.308,
                                "Actual Total Time": 553.311,
                                "Actual Rows": 1,
                                "Actual Loops": 1
                            },
                            {
                                "Worker Number": 2,
                                "Actual Startup Time": 551.613,
                                "Actual Total Time": 551.616,
                                "Actual Rows": 1,
                                "Actual Loops": 1
                            },
                            {
                                "Worker Number": 3,
                                "Actual Startup Time": 550.883,
                                "Actual Total Time": 550.887,
                                "Actual Rows": 1,
                                "Actual Loops": 1
                            },
                            {
                                "Worker Number": 4,
                                "Actual Startup Time": 550.743,
                                "Actual Total Time": 550.746,
                                "Actual Rows": 1,
                                "Actual Loops": 1
                            }
                        ],
                        "Plans": [
                            {
                                "Node Type": "Hash Join",
                                "Parent Relationship": "Outer",
                                "Parallel Aware": true,
                                "Join Type": "Inner",
                                "Startup Cost": 46997.3,
                                "Total Cost": 247764.03,
                                "Plan Rows": 138047,
                                "Plan Width": 0,
                                "Actual Startup Time": 147.576,
                                "Actual Total Time": 543.687,
                                "Actual Rows": 216286,
                                "Actual Loops": 6,
                                "Inner Unique": true,
                                "Hash Cond": "(mi.movie_id = t.id)",
                                "Workers": [
                                    {
                                        "Worker Number": 0,
                                        "Actual Startup Time": 150.937,
                                        "Actual Total Time": 545.209,
                                        "Actual Rows": 242858,
                                        "Actual Loops": 1
                                    },
                                    {
                                        "Worker Number": 1,
                                        "Actual Startup Time": 136.953,
                                        "Actual Total Time": 544.479,
                                        "Actual Rows": 227270,
                                        "Actual Loops": 1
                                    },
                                    {
                                        "Worker Number": 2,
                                        "Actual Startup Time": 147.444,
                                        "Actual Total Time": 542.541,
                                        "Actual Rows": 232773,
                                        "Actual Loops": 1
                                    },
                                    {
                                        "Worker Number": 3,
                                        "Actual Startup Time": 146.963,
                                        "Actual Total Time": 540.649,
                                        "Actual Rows": 160896,
                                        "Actual Loops": 1
                                    },
                                    {
                                        "Worker Number": 4,
                                        "Actual Startup Time": 146.833,
                                        "Actual Total Time": 540.515,
                                        "Actual Rows": 159724,
                                        "Actual Loops": 1
                                    }
                                ],
                                "Plans": [
                                    {
                                        "Node Type": "Seq Scan",
                                        "Parent Relationship": "Outer",
                                        "Parallel Aware": true,
                                        "Relation Name": "movie_info",
                                        "Schema": "public",
                                        "Alias": "mi",
                                        "Startup Cost": 0.0,
                                        "Total Cost": 198880.74,
                                        "Plan Rows": 718477,
                                        "Plan Width": 4,
                                        "Actual Startup Time": 29.809,
                                        "Actual Total Time": 317.578,
                                        "Actual Rows": 604163,
                                        "Actual Loops": 6,
                                        "Output": [
                                            "mi.id",
                                            "mi.movie_id",
                                            "mi.info_type_id",
                                            "mi.info",
                                            "mi.note"
                                        ],
                                        "Filter": "(mi.info_type_id < 4)",
                                        "Rows Removed by Filter": 1868457,
                                        "Workers": [
                                            {
                                                "Worker Number": 0,
                                                "Actual Startup Time": 29.909,
                                                "Actual Total Time": 317.366,
                                                "Actual Rows": 674092,
                                                "Actual Loops": 1
                                            },
                                            {
                                                "Worker Number": 1,
                                                "Actual Startup Time": 29.876,
                                                "Actual Total Time": 316.088,
                                                "Actual Rows": 631601,
                                                "Actual Loops": 1
                                            },
                                            {
                                                "Worker Number": 2,
                                                "Actual Startup Time": 29.814,
                                                "Actual Total Time": 316.522,
                                                "Actual Rows": 641505,
                                                "Actual Loops": 1
                                            },
                                            {
                                                "Worker Number": 3,
                                                "Actual Startup Time": 29.746,
                                                "Actual Total Time": 321.975,
                                                "Actual Rows": 454482,
                                                "Actual Loops": 1
                                            },
                                            {
                                                "Worker Number": 4,
                                                "Actual Startup Time": 29.762,
                                                "Actual Total Time": 321.932,
                                                "Actual Rows": 455125,
                                                "Actual Loops": 1
                                            }
                                        ]
                                    },
                                    {
                                        "Node Type": "Hash",
                                        "Parent Relationship": "Inner",
                                        "Parallel Aware": true,
                                        "Startup Cost": 45479.21,
                                        "Total Cost": 45479.21,
                                        "Plan Rows": 121447,
                                        "Plan Width": 4,
                                        "Actual Startup Time": 102.699,
                                        "Actual Total Time": 102.7,
                                        "Actual Rows": 59204,
                                        "Actual Loops": 6,
                                        "Output": [
                                            "t.id"
                                        ],
                                        "Hash Buckets": 524288,
                                        "Original Hash Buckets": 524288,
                                        "Hash Batches": 1,
                                        "Original Hash Batches": 1,
                                        "Peak Memory Usage": 18080,
                                        "Workers": [
                                            {
                                                "Worker Number": 0,
                                                "Actual Startup Time": 105.639,
                                                "Actual Total Time": 105.64,
                                                "Actual Rows": 65492,
                                                "Actual Loops": 1
                                            },
                                            {
                                                "Worker Number": 1,
                                                "Actual Startup Time": 103.966,
                                                "Actual Total Time": 103.968,
                                                "Actual Rows": 60088,
                                                "Actual Loops": 1
                                            },
                                            {
                                                "Worker Number": 2,
                                                "Actual Startup Time": 101.858,
                                                "Actual Total Time": 101.859,
                                                "Actual Rows": 60272,
                                                "Actual Loops": 1
                                            },
                                            {
                                                "Worker Number": 3,
                                                "Actual Startup Time": 101.406,
                                                "Actual Total Time": 101.407,
                                                "Actual Rows": 45747,
                                                "Actual Loops": 1
                                            },
                                            {
                                                "Worker Number": 4,
                                                "Actual Startup Time": 101.272,
                                                "Actual Total Time": 101.273,
                                                "Actual Rows": 44491,
                                                "Actual Loops": 1
                                            }
                                        ],
                                        "Plans": [
                                            {
                                                "Node Type": "Seq Scan",
                                                "Parent Relationship": "Outer",
                                                "Parallel Aware": true,
                                                "Relation Name": "title",
                                                "Schema": "public",
                                                "Alias": "t",
                                                "Startup Cost": 0.0,
                                                "Total Cost": 45479.21,
                                                "Plan Rows": 121447,
                                                "Plan Width": 4,
                                                "Actual Startup Time": 42.379,
                                                "Actual Total Time": 80.974,
                                                "Actual Rows": 59204,
                                                "Actual Loops": 6,
                                                "Output": [
                                                    "t.id"
                                                ],
                                                "Filter": "((t.production_year > 1986) AND (t.kind_id = 1))",
                                                "Rows Removed by Filter": 362181,
                                                "Workers": [
                                                    {
                                                        "Worker Number": 0,
                                                        "Actual Startup Time": 49.73,
                                                        "Actual Total Time": 81.379,
                                                        "Actual Rows": 65492,
                                                        "Actual Loops": 1
                                                    },
                                                    {
                                                        "Worker Number": 1,
                                                        "Actual Startup Time": 6.741,
                                                        "Actual Total Time": 80.712,
                                                        "Actual Rows": 60088,
                                                        "Actual Loops": 1
                                                    },
                                                    {
                                                        "Worker Number": 2,
                                                        "Actual Startup Time": 49.568,
                                                        "Actual Total Time": 81.061,
                                                        "Actual Rows": 60272,
                                                        "Actual Loops": 1
                                                    },
                                                    {
                                                        "Worker Number": 3,
                                                        "Actual Startup Time": 49.136,
                                                        "Actual Total Time": 82.074,
                                                        "Actual Rows": 45747,
                                                        "Actual Loops": 1
                                                    },
                                                    {
                                                        "Worker Number": 4,
                                                        "Actual Startup Time": 49.154,
                                                        "Actual Total Time": 81.347,
                                                        "Actual Rows": 44491,
                                                        "Actual Loops": 1
                                                    }
                                                ]
                                            }
                                        ]
                                    }
                                ]
                            }
                        ]
                    }
                ]
            }
        ]
    },
    "Planning Time": 0.506,
    "Triggers": [],
    "Execution Time": 606.853
}