[
  {
    "Plan": {
      "Node Type": "Aggregate",
      "Strategy": "Plain",
      "Partial Mode": "Finalize",
      "Parallel Aware": false,
      "Startup Cost": 30532.34,
      "Total Cost": 30532.35,
      "Plan Rows": 1,
      "Plan Width": 8,
      "Actual Startup Time": 39.955,
      "Actual Total Time": 45.361,
      "Actual Rows": 1,
      "Actual Loops": 1,
      "Plans": [
        {
          "Node Type": "Gather",
          "Parent Relationship": "Outer",
          "Parallel Aware": false,
          "Startup Cost": 30532.13,
          "Total Cost": 30532.34,
          "Plan Rows": 2,
          "Plan Width": 8,
          "Actual Startup Time": 39.728,
          "Actual Total Time": 45.353,
          "Actual Rows": 3,
          "Actual Loops": 1,
          "Workers Planned": 2,
          "Workers Launched": 2,
          "Single Copy": false,
          "Plans": [
            {
              "Node Type": "Aggregate",
              "Strategy": "Plain",
              "Partial Mode": "Partial",
              "Parent Relationship": "Outer",
              "Parallel Aware": false,
              "Startup Cost": 29532.13,
              "Total Cost": 29532.14,
              "Plan Rows": 1,
              "Plan Width": 8,
              "Actual Startup Time": 31.424,
              "Actual Total Time": 31.426,
              "Actual Rows": 1,
              "Actual Loops": 3,
              "Plans": [
                {
                  "Node Type": "Nested Loop",
                  "Parent Relationship": "Outer",
                  "Parallel Aware": false,
                  "Join Type": "Inner",
                  "Startup Cost": 118.94,
                  "Total Cost": 29532.05,
                  "Plan Rows": 30,
                  "Plan Width": 0,
                  "Actual Startup Time": 6.524,
                  "Actual Total Time": 31.404,
                  "Actual Rows": 43,
                  "Actual Loops": 3,
                  "Inner Unique": true,
                  "Plans": [
                    {
                      "Node Type": "Bitmap Heap Scan",
                      "Parent Relationship": "Outer",
                      "Parallel Aware": true,
                      "Relation Name": "movie_keyword",
                      "Alias": "mk",
                      "Startup Cost": 118.51,
                      "Total Cost": 13140.73,
                      "Plan Rows": 2262,
                      "Plan Width": 4,
                      "Actual Startup Time": 2.274,
                      "Actual Total Time": 11.016,
                      "Actual Rows": 1542,
                      "Actual Loops": 3,
                      "Recheck Cond": "(keyword_id = 465)",
                      "Rows Removed by Index Recheck": 0,
                      "Exact Heap Blocks": 3033,
                      "Lossy Heap Blocks": 0,
                      "Plans": [
                        {
                          "Node Type": "Bitmap Index Scan",
                          "Parent Relationship": "Outer",
                          "Parallel Aware": false,
                          "Index Name": "keyword_id_movie_keyword",
                          "Startup Cost": 0.0,
                          "Total Cost": 117.15,
                          "Plan Rows": 5429,
                          "Plan Width": 0,
                          "Actual Startup Time": 4.372,
                          "Actual Total Time": 4.372,
                          "Actual Rows": 4626,
                          "Actual Loops": 1,
                          "Index Cond": "(keyword_id = 465)"
                        }
                      ]
                    },
                    {
                      "Node Type": "Index Scan",
                      "Parent Relationship": "Inner",
                      "Parallel Aware": false,
                      "Scan Direction": "Forward",
                      "Index Name": "title_pkey",
                      "Relation Name": "title",
                      "Alias": "t",
                      "Startup Cost": 0.43,
                      "Total Cost": 7.25,
                      "Plan Rows": 1,
                      "Plan Width": 4,
                      "Actual Startup Time": 0.013,
                      "Actual Total Time": 0.013,
                      "Actual Rows": 0,
                      "Actual Loops": 4626,
                      "Index Cond": "(id = mk.movie_id)",
                      "Rows Removed by Index Recheck": 0,
                      "Filter": "((kind_id < 7) AND (production_year = 2004))",
                      "Rows Removed by Filter": 1
                    }
                  ]
                }
              ]
            }
          ]
        }
      ]
    },
    "Planning Time": 0.691,
    "Triggers": [],
    "Execution Time": 45.449
  }
]