[
  {
    "Plan": {
      "Node Type": "Aggregate",
      "Strategy": "Plain",
      "Partial Mode": "Finalize",
      "Parallel Aware": false,
      "Startup Cost": 46362.1,
      "Total Cost": 46362.11,
      "Plan Rows": 1,
      "Plan Width": 8,
      "Actual Startup Time": 129.784,
      "Actual Total Time": 142.068,
      "Actual Rows": 1,
      "Actual Loops": 1,
      "Plans": [
        {
          "Node Type": "Gather",
          "Parent Relationship": "Outer",
          "Parallel Aware": false,
          "Startup Cost": 46361.68,
          "Total Cost": 46362.09,
          "Plan Rows": 4,
          "Plan Width": 8,
          "Actual Startup Time": 129.599,
          "Actual Total Time": 142.06,
          "Actual Rows": 5,
          "Actual Loops": 1,
          "Workers Planned": 4,
          "Workers Launched": 4,
          "Single Copy": false,
          "Plans": [
            {
              "Node Type": "Aggregate",
              "Strategy": "Plain",
              "Partial Mode": "Partial",
              "Parent Relationship": "Outer",
              "Parallel Aware": false,
              "Startup Cost": 45361.68,
              "Total Cost": 45361.69,
              "Plan Rows": 1,
              "Plan Width": 8,
              "Actual Startup Time": 120.596,
              "Actual Total Time": 120.597,
              "Actual Rows": 1,
              "Actual Loops": 5,
              "Plans": [
                {
                  "Node Type": "Seq Scan",
                  "Parent Relationship": "Outer",
                  "Parallel Aware": true,
                  "Relation Name": "title",
                  "Alias": "t",
                  "Startup Cost": 0.0,
                  "Total Cost": 43898.92,
                  "Plan Rows": 585105,
                  "Plan Width": 0,
                  "Actual Startup Time": 0.038,
                  "Actual Total Time": 96.514,
                  "Actual Rows": 467672,
                  "Actual Loops": 5,
                  "Filter": "(production_year > 1930)",
                  "Rows Removed by Filter": 37990
                }
              ]
            }
          ]
        }
      ]
    },
    "Planning Time": 0.134,
    "Triggers": [],
    "Execution Time": 142.125
  }
]