[
  {
    "Plan": {
      "Node Type": "Aggregate",
      "Strategy": "Plain",
      "Partial Mode": "Finalize",
      "Parallel Aware": false,
      "Startup Cost": 335816.77,
      "Total Cost": 335816.78,
      "Plan Rows": 1,
      "Plan Width": 8,
      "Actual Startup Time": 739.109,
      "Actual Total Time": 799.796,
      "Actual Rows": 1,
      "Actual Loops": 1,
      "Plans": [
        {
          "Node Type": "Gather",
          "Parent Relationship": "Outer",
          "Parallel Aware": false,
          "Startup Cost": 335816.14,
          "Total Cost": 335816.75,
          "Plan Rows": 6,
          "Plan Width": 8,
          "Actual Startup Time": 738.988,
          "Actual Total Time": 799.785,
          "Actual Rows": 7,
          "Actual Loops": 1,
          "Workers Planned": 6,
          "Workers Launched": 6,
          "Single Copy": false,
          "Plans": [
            {
              "Node Type": "Aggregate",
              "Strategy": "Plain",
              "Partial Mode": "Partial",
              "Parent Relationship": "Outer",
              "Parallel Aware": false,
              "Startup Cost": 334816.14,
              "Total Cost": 334816.15,
              "Plan Rows": 1,
              "Plan Width": 8,
              "Actual Startup Time": 729.945,
              "Actual Total Time": 729.946,
              "Actual Rows": 1,
              "Actual Loops": 7,
              "Plans": [
                {
                  "Node Type": "Seq Scan",
                  "Parent Relationship": "Outer",
                  "Parallel Aware": true,
                  "Relation Name": "cast_info",
                  "Alias": "ci",
                  "Startup Cost": 0.0,
                  "Total Cost": 328162.03,
                  "Plan Rows": 2661647,
                  "Plan Width": 0,
                  "Actual Startup Time": 0.051,
                  "Actual Total Time": 621.26,
                  "Actual Rows": 2281271,
                  "Actual Loops": 7,
                  "Filter": "(person_id < 1578614)",
                  "Rows Removed by Filter": 2896493
                }
              ]
            }
          ]
        }
      ]
    },
    "Planning Time": 0.192,
    "Triggers": [],
    "Execution Time": 799.869
  }
]