[
  {
    "Plan": {
      "Node Type": "Aggregate",
      "Strategy": "Plain",
      "Partial Mode": "Finalize",
      "Parallel Aware": false,
      "Startup Cost": 51878.86,
      "Total Cost": 51878.87,
      "Plan Rows": 1,
      "Plan Width": 8,
      "Actual Startup Time": 101.951,
      "Actual Total Time": 115.353,
      "Actual Rows": 1,
      "Actual Loops": 1,
      "Plans": [
        {
          "Node Type": "Gather",
          "Parent Relationship": "Outer",
          "Parallel Aware": false,
          "Startup Cost": 51878.44,
          "Total Cost": 51878.85,
          "Plan Rows": 4,
          "Plan Width": 8,
          "Actual Startup Time": 101.837,
          "Actual Total Time": 115.345,
          "Actual Rows": 5,
          "Actual Loops": 1,
          "Workers Planned": 4,
          "Workers Launched": 4,
          "Single Copy": false,
          "Plans": [
            {
              "Node Type": "Aggregate",
              "Strategy": "Plain",
              "Partial Mode": "Partial",
              "Parent Relationship": "Outer",
              "Parallel Aware": false,
              "Startup Cost": 50878.44,
              "Total Cost": 50878.45,
              "Plan Rows": 1,
              "Plan Width": 8,
              "Actual Startup Time": 92.15,
              "Actual Total Time": 92.151,
              "Actual Rows": 1,
              "Actual Loops": 5,
              "Plans": [
                {
                  "Node Type": "Nested Loop",
                  "Parent Relationship": "Outer",
                  "Parallel Aware": false,
                  "Join Type": "Inner",
                  "Startup Cost": 0.43,
                  "Total Cost": 50877.7,
                  "Plan Rows": 297,
                  "Plan Width": 0,
                  "Actual Startup Time": 58.204,
                  "Actual Total Time": 91.999,
                  "Actual Rows": 1281,
                  "Actual Loops": 5,
                  "Inner Unique": false,
                  "Plans": [
                    {
                      "Node Type": "Seq Scan",
                      "Parent Relationship": "Outer",
                      "Parallel Aware": true,
                      "Relation Name": "title",
                      "Alias": "t",
                      "Startup Cost": 0.0,
                      "Total Cost": 45479.1,
                      "Plan Rows": 288,
                      "Plan Width": 4,
                      "Actual Startup Time": 58.11,
                      "Actual Total Time": 82.659,
                      "Actual Rows": 723,
                      "Actual Loops": 5,
                      "Filter": "((kind_id = 1) AND (production_year = 1919))",
                      "Rows Removed by Filter": 504940
                    },
                    {
                      "Node Type": "Index Only Scan",
                      "Parent Relationship": "Inner",
                      "Parallel Aware": false,
                      "Scan Direction": "Forward",
                      "Index Name": "movie_id_movie_companies",
                      "Relation Name": "movie_companies",
                      "Alias": "mc",
                      "Startup Cost": 0.43,
                      "Total Cost": 18.7,
                      "Plan Rows": 5,
                      "Plan Width": 4,
                      "Actual Startup Time": 0.01,
                      "Actual Total Time": 0.012,
                      "Actual Rows": 2,
                      "Actual Loops": 3613,
                      "Index Cond": "(movie_id = t.id)",
                      "Rows Removed by Index Recheck": 0,
                      "Heap Fetches": 6404
                    }
                  ]
                }
              ]
            }
          ]
        }
      ]
    },
    "Planning Time": 0.658,
    "Triggers": [],
    "Execution Time": 115.428
  }
]