[
    {
        "Bao": {
            "Bao prediction": "NaN",
            "Bao recommended hint": "(no hint)"
        }
    },
    {
        "Plan": {
            "Node Type": "Aggregate",
            "Strategy": "Plain",
            "Partial Mode": "Finalize",
            "Parallel Aware": false,
            "Startup Cost": 67537.11,
            "Total Cost": 67537.12,
            "Plan Rows": 1,
            "Plan Width": 8,
            "Actual Startup Time": 127.466,
            "Actual Total Time": 143.152,
            "Actual Rows": 1,
            "Actual Loops": 1,
            "Output": [
                "count(*)"
            ],
            "Plans": [
                {
                    "Node Type": "Gather",
                    "Parent Relationship": "Outer",
                    "Parallel Aware": false,
                    "Startup Cost": 67536.69,
                    "Total Cost": 67537.1,
                    "Plan Rows": 4,
                    "Plan Width": 8,
                    "Actual Startup Time": 127.336,
                    "Actual Total Time": 143.143,
                    "Actual Rows": 5,
                    "Actual Loops": 1,
                    "Output": [
                        "(PARTIAL count(*))"
                    ],
                    "Workers Planned": 4,
                    "Workers Launched": 4,
                    "Single Copy": false,
                    "Plans": [
                        {
                            "Node Type": "Aggregate",
                            "Strategy": "Plain",
                            "Partial Mode": "Partial",
                            "Parent Relationship": "Outer",
                            "Parallel Aware": false,
                            "Startup Cost": 66536.69,
                            "Total Cost": 66536.7,
                            "Plan Rows": 1,
                            "Plan Width": 8,
                            "Actual Startup Time": 118.031,
                            "Actual Total Time": 118.033,
                            "Actual Rows": 1,
                            "Actual Loops": 5,
                            "Output": [
                                "PARTIAL count(*)"
                            ],
                            "Workers": [
                                {
                                    "Worker Number": 0,
                                    "Actual Startup Time": 115.192,
                                    "Actual Total Time": 115.193,
                                    "Actual Rows": 1,
                                    "Actual Loops": 1
                                },
                                {
                                    "Worker Number": 1,
                                    "Actual Startup Time": 115.389,
                                    "Actual Total Time": 115.39,
                                    "Actual Rows": 1,
                                    "Actual Loops": 1
                                },
                                {
                                    "Worker Number": 2,
                                    "Actual Startup Time": 116.301,
                                    "Actual Total Time": 116.303,
                                    "Actual Rows": 1,
                                    "Actual Loops": 1
                                },
                                {
                                    "Worker Number": 3,
                                    "Actual Startup Time": 116.333,
                                    "Actual Total Time": 116.335,
                                    "Actual Rows": 1,
                                    "Actual Loops": 1
                                }
                            ],
                            "Plans": [
                                {
                                    "Node Type": "Nested Loop",
                                    "Parent Relationship": "Outer",
                                    "Parallel Aware": false,
                                    "Join Type": "Inner",
                                    "Startup Cost": 0.56,
                                    "Total Cost": 66534.66,
                                    "Plan Rows": 812,
                                    "Plan Width": 0,
                                    "Actual Startup Time": 57.466,
                                    "Actual Total Time": 117.7,
                                    "Actual Rows": 2817,
                                    "Actual Loops": 5,
                                    "Inner Unique": false,
                                    "Workers": [
                                        {
                                            "Worker Number": 0,
                                            "Actual Startup Time": 54.448,
                                            "Actual Total Time": 114.876,
                                            "Actual Rows": 2831,
                                            "Actual Loops": 1
                                        },
                                        {
                                            "Worker Number": 1,
                                            "Actual Startup Time": 55.138,
                                            "Actual Total Time": 115.058,
                                            "Actual Rows": 1864,
                                            "Actual Loops": 1
                                        },
                                        {
                                            "Worker Number": 2,
                                            "Actual Startup Time": 55.54,
                                            "Actual Total Time": 116.025,
                                            "Actual Rows": 2448,
                                            "Actual Loops": 1
                                        },
                                        {
                                            "Worker Number": 3,
                                            "Actual Startup Time": 55.829,
                                            "Actual Total Time": 115.973,
                                            "Actual Rows": 1967,
                                            "Actual Loops": 1
                                        }
                                    ],
                                    "Plans": [
                                        {
                                            "Node Type": "Seq Scan",
                                            "Parent Relationship": "Outer",
                                            "Parallel Aware": true,
                                            "Relation Name": "title",
                                            "Schema": "public",
                                            "Alias": "t",
                                            "Startup Cost": 0.0,
                                            "Total Cost": 45479.21,
                                            "Plan Rows": 139,
                                            "Plan Width": 4,
                                            "Actual Startup Time": 55.131,
                                            "Actual Total Time": 79.789,
                                            "Actual Rows": 643,
                                            "Actual Loops": 5,
                                            "Output": [
                                                "t.id",
                                                "t.title",
                                                "t.imdb_index",
                                                "t.kind_id",
                                                "t.production_year",
                                                "t.imdb_id",
                                                "t.phonetic_code",
                                                "t.episode_of_id",
                                                "t.season_nr",
                                                "t.episode_nr",
                                                "t.series_years",
                                                "t.md5sum"
                                            ],
                                            "Filter": "((t.production_year > 2013) AND (t.kind_id = 1))",
                                            "Rows Removed by Filter": 505019,
                                            "Workers": [
                                                {
                                                    "Worker Number": 0,
                                                    "Actual Startup Time": 54.364,
                                                    "Actual Total Time": 73.367,
                                                    "Actual Rows": 630,
                                                    "Actual Loops": 1
                                                },
                                                {
                                                    "Worker Number": 1,
                                                    "Actual Startup Time": 49.104,
                                                    "Actual Total Time": 72.878,
                                                    "Actual Rows": 436,
                                                    "Actual Loops": 1
                                                },
                                                {
                                                    "Worker Number": 2,
                                                    "Actual Startup Time": 50.441,
                                                    "Actual Total Time": 75.719,
                                                    "Actual Rows": 614,
                                                    "Actual Loops": 1
                                                },
                                                {
                                                    "Worker Number": 3,
                                                    "Actual Startup Time": 55.562,
                                                    "Actual Total Time": 75.263,
                                                    "Actual Rows": 417,
                                                    "Actual Loops": 1
                                                }
                                            ]
                                        },
                                        {
                                            "Node Type": "Index Scan",
                                            "Parent Relationship": "Inner",
                                            "Parallel Aware": false,
                                            "Scan Direction": "Forward",
                                            "Index Name": "movie_id_cast_info",
                                            "Relation Name": "cast_info",
                                            "Schema": "public",
                                            "Alias": "ci",
                                            "Startup Cost": 0.56,
                                            "Total Cost": 151.32,
                                            "Plan Rows": 16,
                                            "Plan Width": 4,
                                            "Actual Startup Time": 0.024,
                                            "Actual Total Time": 0.058,
                                            "Actual Rows": 4,
                                            "Actual Loops": 3217,
                                            "Output": [
                                                "ci.id",
                                                "ci.person_id",
                                                "ci.movie_id",
                                                "ci.person_role_id",
                                                "ci.note",
                                                "ci.nr_order",
                                                "ci.role_id"
                                            ],
                                            "Index Cond": "(ci.movie_id = t.id)",
                                            "Rows Removed by Index Recheck": 0,
                                            "Filter": "((ci.person_id < 2729193) AND (ci.role_id < 3))",
                                            "Rows Removed by Filter": 8,
                                            "Workers": [
                                                {
                                                    "Worker Number": 0,
                                                    "Actual Startup Time": 0.026,
                                                    "Actual Total Time": 0.065,
                                                    "Actual Rows": 4,
                                                    "Actual Loops": 630
                                                },
                                                {
                                                    "Worker Number": 1,
                                                    "Actual Startup Time": 0.04,
                                                    "Actual Total Time": 0.095,
                                                    "Actual Rows": 4,
                                                    "Actual Loops": 436
                                                },
                                                {
                                                    "Worker Number": 2,
                                                    "Actual Startup Time": 0.026,
                                                    "Actual Total Time": 0.065,
                                                    "Actual Rows": 4,
                                                    "Actual Loops": 614
                                                },
                                                {
                                                    "Worker Number": 3,
                                                    "Actual Startup Time": 0.039,
                                                    "Actual Total Time": 0.096,
                                                    "Actual Rows": 5,
                                                    "Actual Loops": 417
                                                }
                                            ]
                                        }
                                    ]
                                }
                            ]
                        }
                    ]
                }
            ]
        },
        "Planning Time": 280.905,
        "Triggers": [],
        "Execution Time": 143.222
    }
]