[
  {
    "Plan": {
      "Node Type": "Aggregate",
      "Strategy": "Plain",
      "Partial Mode": "Finalize",
      "Parallel Aware": false,
      "Startup Cost": 459843.46,
      "Total Cost": 459843.47,
      "Plan Rows": 1,
      "Plan Width": 8,
      "Actual Startup Time": 2135.198,
      "Actual Total Time": 2201.078,
      "Actual Rows": 1,
      "Actual Loops": 1,
      "Plans": [
        {
          "Node Type": "Gather",
          "Parent Relationship": "Outer",
          "Parallel Aware": false,
          "Startup Cost": 459842.83,
          "Total Cost": 459843.44,
          "Plan Rows": 6,
          "Plan Width": 8,
          "Actual Startup Time": 2105.674,
          "Actual Total Time": 2201.064,
          "Actual Rows": 7,
          "Actual Loops": 1,
          "Workers Planned": 6,
          "Workers Launched": 6,
          "Single Copy": false,
          "Plans": [
            {
              "Node Type": "Aggregate",
              "Strategy": "Plain",
              "Partial Mode": "Partial",
              "Parent Relationship": "Outer",
              "Parallel Aware": false,
              "Startup Cost": 458842.83,
              "Total Cost": 458842.84,
              "Plan Rows": 1,
              "Plan Width": 8,
              "Actual Startup Time": 2089.624,
              "Actual Total Time": 2090.093,
              "Actual Rows": 1,
              "Actual Loops": 7,
              "Plans": [
                {
                  "Node Type": "Hash Join",
                  "Parent Relationship": "Outer",
                  "Parallel Aware": true,
                  "Join Type": "Inner",
                  "Startup Cost": 98124.54,
                  "Total Cost": 455854.1,
                  "Plan Rows": 1195494,
                  "Plan Width": 0,
                  "Actual Startup Time": 745.391,
                  "Actual Total Time": 1954.783,
                  "Actual Rows": 2463826,
                  "Actual Loops": 7,
                  "Inner Unique": false,
                  "Hash Cond": "(ci.movie_id = t.id)",
                  "Plans": [
                    {
                      "Node Type": "Seq Scan",
                      "Parent Relationship": "Outer",
                      "Parallel Aware": true,
                      "Relation Name": "cast_info",
                      "Alias": "ci",
                      "Startup Cost": 0.0,
                      "Total Cost": 343257.03,
                      "Plan Rows": 2830958,
                      "Plan Width": 4,
                      "Actual Startup Time": 250.324,
                      "Actual Total Time": 774.932,
                      "Actual Rows": 1907189,
                      "Actual Loops": 7,
                      "Filter": "((person_id < 2692013) AND (role_id > 1))",
                      "Rows Removed by Filter": 3270574
                    },
                    {
                      "Node Type": "Hash",
                      "Parent Relationship": "Inner",
                      "Parallel Aware": true,
                      "Startup Cost": 93819.38,
                      "Total Cost": 93819.38,
                      "Plan Rows": 344413,
                      "Plan Width": 8,
                      "Actual Startup Time": 489.94,
                      "Actual Total Time": 490.407,
                      "Actual Rows": 151937,
                      "Actual Loops": 7,
                      "Hash Buckets": 2097152,
                      "Original Hash Buckets": 2097152,
                      "Hash Batches": 1,
                      "Original Hash Batches": 1,
                      "Peak Memory Usage": 58080,
                      "Plans": [
                        {
                          "Node Type": "Hash Join",
                          "Parent Relationship": "Outer",
                          "Parallel Aware": true,
                          "Join Type": "Inner",
                          "Startup Cost": 50219.64,
                          "Total Cost": 93819.38,
                          "Plan Rows": 344413,
                          "Plan Width": 8,
                          "Actual Startup Time": 295.687,
                          "Actual Total Time": 423.008,
                          "Actual Rows": 151937,
                          "Actual Loops": 7,
                          "Inner Unique": true,
                          "Hash Cond": "(mk.movie_id = t.id)",
                          "Plans": [
                            {
                              "Node Type": "Seq Scan",
                              "Parent Relationship": "Outer",
                              "Parallel Aware": true,
                              "Relation Name": "movie_keyword",
                              "Alias": "mk",
                              "Startup Cost": 0.0,
                              "Total Cost": 42695.65,
                              "Plan Rows": 344413,
                              "Plan Width": 4,
                              "Actual Startup Time": 1.015,
                              "Actual Total Time": 78.146,
                              "Actual Rows": 151937,
                              "Actual Loops": 7,
                              "Filter": "(keyword_id > 16506)",
                              "Rows Removed by Filter": 494339
                            },
                            {
                              "Node Type": "Hash",
                              "Parent Relationship": "Inner",
                              "Parallel Aware": true,
                              "Startup Cost": 42318.73,
                              "Total Cost": 42318.73,
                              "Plan Rows": 632073,
                              "Plan Width": 4,
                              "Actual Startup Time": 289.642,
                              "Actual Total Time": 289.644,
                              "Actual Rows": 361187,
                              "Actual Loops": 7,
                              "Hash Buckets": 4194304,
                              "Original Hash Buckets": 4194304,
                              "Hash Batches": 1,
                              "Original Hash Batches": 1,
                              "Peak Memory Usage": 131776,
                              "Plans": [
                                {
                                  "Node Type": "Seq Scan",
                                  "Parent Relationship": "Outer",
                                  "Parallel Aware": true,
                                  "Relation Name": "title",
                                  "Alias": "t",
                                  "Startup Cost": 0.0,
                                  "Total Cost": 42318.73,
                                  "Plan Rows": 632073,
                                  "Plan Width": 4,
                                  "Actual Startup Time": 0.049,
                                  "Actual Total Time": 82.519,
                                  "Actual Rows": 361187,
                                  "Actual Loops": 7
                                }
                              ]
                            }
                          ]
                        }
                      ]
                    }
                  ]
                }
              ]
            }
          ]
        }
      ]
    },
    "Planning Time": 1.383,
    "Triggers": [],
    "Execution Time": 2201.173
  }
]