[
  {
    "Plan": {
      "Node Type": "Aggregate",
      "Strategy": "Plain",
      "Partial Mode": "Finalize",
      "Parallel Aware": false,
      "Startup Cost": 86985.39,
      "Total Cost": 86985.4,
      "Plan Rows": 1,
      "Plan Width": 8,
      "Actual Startup Time": 335.752,
      "Actual Total Time": 361.616,
      "Actual Rows": 1,
      "Actual Loops": 1,
      "Plans": [
        {
          "Node Type": "Gather",
          "Parent Relationship": "Outer",
          "Parallel Aware": false,
          "Startup Cost": 86984.97,
          "Total Cost": 86985.38,
          "Plan Rows": 4,
          "Plan Width": 8,
          "Actual Startup Time": 334.724,
          "Actual Total Time": 361.605,
          "Actual Rows": 5,
          "Actual Loops": 1,
          "Workers Planned": 4,
          "Workers Launched": 4,
          "Single Copy": false,
          "Plans": [
            {
              "Node Type": "Aggregate",
              "Strategy": "Plain",
              "Partial Mode": "Partial",
              "Parent Relationship": "Outer",
              "Parallel Aware": false,
              "Startup Cost": 85984.97,
              "Total Cost": 85984.98,
              "Plan Rows": 1,
              "Plan Width": 8,
              "Actual Startup Time": 323.662,
              "Actual Total Time": 323.666,
              "Actual Rows": 1,
              "Actual Loops": 5,
              "Plans": [
                {
                  "Node Type": "Nested Loop",
                  "Parent Relationship": "Outer",
                  "Parallel Aware": false,
                  "Join Type": "Inner",
                  "Startup Cost": 24370.77,
                  "Total Cost": 85953.36,
                  "Plan Rows": 12646,
                  "Plan Width": 0,
                  "Actual Startup Time": 159.422,
                  "Actual Total Time": 317.533,
                  "Actual Rows": 92971,
                  "Actual Loops": 5,
                  "Inner Unique": false,
                  "Plans": [
                    {
                      "Node Type": "Hash Join",
                      "Parent Relationship": "Outer",
                      "Parallel Aware": true,
                      "Join Type": "Inner",
                      "Startup Cost": 24370.34,
                      "Total Cost": 69396.99,
                      "Plan Rows": 8668,
                      "Plan Width": 8,
                      "Actual Startup Time": 158.948,
                      "Actual Total Time": 215.004,
                      "Actual Rows": 13372,
                      "Actual Loops": 5,
                      "Inner Unique": false,
                      "Hash Cond": "(t.id = mc.movie_id)",
                      "Plans": [
                        {
                          "Node Type": "Seq Scan",
                          "Parent Relationship": "Outer",
                          "Parallel Aware": true,
                          "Relation Name": "title",
                          "Alias": "t",
                          "Startup Cost": 0.0,
                          "Total Cost": 43898.92,
                          "Plan Rows": 219955,
                          "Plan Width": 4,
                          "Actual Startup Time": 0.024,
                          "Actual Total Time": 95.328,
                          "Actual Rows": 177130,
                          "Actual Loops": 5,
                          "Filter": "(production_year < 1997)",
                          "Rows Removed by Filter": 328532
                        },
                        {
                          "Node Type": "Hash",
                          "Parent Relationship": "Inner",
                          "Parallel Aware": true,
                          "Startup Cost": 23968.59,
                          "Total Cost": 23968.59,
                          "Plan Rows": 32140,
                          "Plan Width": 4,
                          "Actual Startup Time": 68.024,
                          "Actual Total Time": 68.025,
                          "Actual Rows": 38111,
                          "Actual Loops": 5,
                          "Hash Buckets": 262144,
                          "Original Hash Buckets": 131072,
                          "Hash Batches": 1,
                          "Original Hash Batches": 1,
                          "Peak Memory Usage": 10624,
                          "Plans": [
                            {
                              "Node Type": "Bitmap Heap Scan",
                              "Parent Relationship": "Outer",
                              "Parallel Aware": true,
                              "Relation Name": "movie_companies",
                              "Alias": "mc",
                              "Startup Cost": 4229.08,
                              "Total Cost": 23968.59,
                              "Plan Rows": 32140,
                              "Plan Width": 4,
                              "Actual Startup Time": 13.99,
                              "Actual Total Time": 40.999,
                              "Actual Rows": 38111,
                              "Actual Loops": 5,
                              "Recheck Cond": "(company_id > 116508)",
                              "Rows Removed by Index Recheck": 0,
                              "Filter": "(company_type_id = 2)",
                              "Rows Removed by Filter": 0,
                              "Exact Heap Blocks": 1397,
                              "Lossy Heap Blocks": 0,
                              "Plans": [
                                {
                                  "Node Type": "Bitmap Index Scan",
                                  "Parent Relationship": "Outer",
                                  "Parallel Aware": false,
                                  "Index Name": "company_id_movie_companies",
                                  "Startup Cost": 0.0,
                                  "Total Cost": 4204.17,
                                  "Plan Rows": 196232,
                                  "Plan Width": 0,
                                  "Actual Startup Time": 18.398,
                                  "Actual Total Time": 18.398,
                                  "Actual Rows": 190557,
                                  "Actual Loops": 1,
                                  "Index Cond": "(company_id > 116508)"
                                }
                              ]
                            }
                          ]
                        }
                      ]
                    },
                    {
                      "Node Type": "Index Scan",
                      "Parent Relationship": "Inner",
                      "Parallel Aware": false,
                      "Scan Direction": "Forward",
                      "Index Name": "movie_id_movie_keyword",
                      "Relation Name": "movie_keyword",
                      "Alias": "mk",
                      "Startup Cost": 0.43,
                      "Total Cost": 1.54,
                      "Plan Rows": 37,
                      "Plan Width": 4,
                      "Actual Startup Time": 0.005,
                      "Actual Total Time": 0.007,
                      "Actual Rows": 7,
                      "Actual Loops": 66858,
                      "Index Cond": "(movie_id = t.id)",
                      "Rows Removed by Index Recheck": 0,
                      "Filter": "(keyword_id < 22333)",
                      "Rows Removed by Filter": 2
                    }
                  ]
                }
              ]
            }
          ]
        }
      ]
    },
    "Planning Time": 1.495,
    "Triggers": [],
    "Execution Time": 361.73
  }
]