[
  {
    "Plan": {
      "Node Type": "Aggregate",
      "Strategy": "Plain",
      "Partial Mode": "Finalize",
      "Parallel Aware": false,
      "Startup Cost": 44539.94,
      "Total Cost": 44539.95,
      "Plan Rows": 1,
      "Plan Width": 8,
      "Actual Startup Time": 106.016,
      "Actual Total Time": 115.542,
      "Actual Rows": 1,
      "Actual Loops": 1,
      "Plans": [
        {
          "Node Type": "Gather",
          "Parent Relationship": "Outer",
          "Parallel Aware": false,
          "Startup Cost": 44539.62,
          "Total Cost": 44539.93,
          "Plan Rows": 3,
          "Plan Width": 8,
          "Actual Startup Time": 105.863,
          "Actual Total Time": 115.532,
          "Actual Rows": 4,
          "Actual Loops": 1,
          "Workers Planned": 3,
          "Workers Launched": 3,
          "Single Copy": false,
          "Plans": [
            {
              "Node Type": "Aggregate",
              "Strategy": "Plain",
              "Partial Mode": "Partial",
              "Parent Relationship": "Outer",
              "Parallel Aware": false,
              "Startup Cost": 43539.62,
              "Total Cost": 43539.63,
              "Plan Rows": 1,
              "Plan Width": 8,
              "Actual Startup Time": 102.352,
              "Actual Total Time": 102.355,
              "Actual Rows": 1,
              "Actual Loops": 4,
              "Plans": [
                {
                  "Node Type": "Seq Scan",
                  "Parent Relationship": "Outer",
                  "Parallel Aware": true,
                  "Relation Name": "movie_keyword",
                  "Alias": "mk",
                  "Startup Cost": 0.0,
                  "Total Cost": 42695.65,
                  "Plan Rows": 337586,
                  "Plan Width": 0,
                  "Actual Startup Time": 0.03,
                  "Actual Total Time": 91.01,
                  "Actual Rows": 262059,
                  "Actual Loops": 4,
                  "Filter": "(keyword_id < 1045)",
                  "Rows Removed by Filter": 868924
                }
              ]
            }
          ]
        }
      ]
    },
    "Planning Time": 0.09,
    "Triggers": [],
    "Execution Time": 115.57
  }
]