[
  {
    "Plan": {
      "Node Type": "Aggregate",
      "Strategy": "Plain",
      "Partial Mode": "Finalize",
      "Parallel Aware": false,
      "Startup Cost": 39674.03,
      "Total Cost": 39674.04,
      "Plan Rows": 1,
      "Plan Width": 8,
      "Actual Startup Time": 48.039,
      "Actual Total Time": 53.458,
      "Actual Rows": 1,
      "Actual Loops": 1,
      "Plans": [
        {
          "Node Type": "Gather",
          "Parent Relationship": "Outer",
          "Parallel Aware": false,
          "Startup Cost": 39673.61,
          "Total Cost": 39674.02,
          "Plan Rows": 4,
          "Plan Width": 8,
          "Actual Startup Time": 47.777,
          "Actual Total Time": 53.452,
          "Actual Rows": 5,
          "Actual Loops": 1,
          "Workers Planned": 4,
          "Workers Launched": 4,
          "Single Copy": false,
          "Plans": [
            {
              "Node Type": "Aggregate",
              "Strategy": "Plain",
              "Partial Mode": "Partial",
              "Parent Relationship": "Outer",
              "Parallel Aware": false,
              "Startup Cost": 38673.61,
              "Total Cost": 38673.62,
              "Plan Rows": 1,
              "Plan Width": 8,
              "Actual Startup Time": 39.674,
              "Actual Total Time": 39.676,
              "Actual Rows": 1,
              "Actual Loops": 5,
              "Plans": [
                {
                  "Node Type": "Bitmap Heap Scan",
                  "Parent Relationship": "Outer",
                  "Parallel Aware": true,
                  "Relation Name": "title",
                  "Alias": "t",
                  "Startup Cost": 2182.41,
                  "Total Cost": 38635.84,
                  "Plan Rows": 15108,
                  "Plan Width": 0,
                  "Actual Startup Time": 6.882,
                  "Actual Total Time": 38.778,
                  "Actual Rows": 9130,
                  "Actual Loops": 5,
                  "Recheck Cond": "(kind_id = 4)",
                  "Rows Removed by Index Recheck": 0,
                  "Filter": "(production_year < 2004)",
                  "Rows Removed by Filter": 14517,
                  "Exact Heap Blocks": 6962,
                  "Lossy Heap Blocks": 0,
                  "Plans": [
                    {
                      "Node Type": "Bitmap Index Scan",
                      "Parent Relationship": "Outer",
                      "Parallel Aware": false,
                      "Index Name": "kind_id_title",
                      "Startup Cost": 0.0,
                      "Total Cost": 2167.3,
                      "Plan Rows": 121449,
                      "Plan Width": 0,
                      "Actual Startup Time": 10.445,
                      "Actual Total Time": 10.445,
                      "Actual Rows": 118234,
                      "Actual Loops": 1,
                      "Index Cond": "(kind_id = 4)"
                    }
                  ]
                }
              ]
            }
          ]
        }
      ]
    },
    "Planning Time": 0.075,
    "Triggers": [],
    "Execution Time": 53.493
  }
]