[
  {
    "Plan": {
      "Node Type": "Aggregate",
      "Strategy": "Plain",
      "Partial Mode": "Finalize",
      "Parallel Aware": false,
      "Startup Cost": 375222.17,
      "Total Cost": 375222.18,
      "Plan Rows": 1,
      "Plan Width": 8,
      "Actual Startup Time": 519.98,
      "Actual Total Time": 544.734,
      "Actual Rows": 1,
      "Actual Loops": 1,
      "Plans": [
        {
          "Node Type": "Gather",
          "Parent Relationship": "Outer",
          "Parallel Aware": false,
          "Startup Cost": 375221.55,
          "Total Cost": 375222.16,
          "Plan Rows": 6,
          "Plan Width": 8,
          "Actual Startup Time": 513.586,
          "Actual Total Time": 544.721,
          "Actual Rows": 7,
          "Actual Loops": 1,
          "Workers Planned": 6,
          "Workers Launched": 6,
          "Single Copy": false,
          "Plans": [
            {
              "Node Type": "Aggregate",
              "Strategy": "Plain",
              "Partial Mode": "Partial",
              "Parent Relationship": "Outer",
              "Parallel Aware": false,
              "Startup Cost": 374221.55,
              "Total Cost": 374221.56,
              "Plan Rows": 1,
              "Plan Width": 8,
              "Actual Startup Time": 504.437,
              "Actual Total Time": 504.443,
              "Actual Rows": 1,
              "Actual Loops": 7,
              "Plans": [
                {
                  "Node Type": "Hash Join",
                  "Parent Relationship": "Outer",
                  "Parallel Aware": true,
                  "Join Type": "Inner",
                  "Startup Cost": 113664.49,
                  "Total Cost": 373916.78,
                  "Plan Rows": 121907,
                  "Plan Width": 0,
                  "Actual Startup Time": 275.5,
                  "Actual Total Time": 495.458,
                  "Actual Rows": 169099,
                  "Actual Loops": 7,
                  "Inner Unique": true,
                  "Hash Cond": "(ci.movie_id = t.id)",
                  "Plans": [
                    {
                      "Node Type": "Bitmap Heap Scan",
                      "Parent Relationship": "Outer",
                      "Parallel Aware": true,
                      "Relation Name": "cast_info",
                      "Alias": "ci",
                      "Startup Cost": 66259.15,
                      "Total Cost": 325198.46,
                      "Plan Rows": 500185,
                      "Plan Width": 4,
                      "Actual Startup Time": 147.586,
                      "Actual Total Time": 252.304,
                      "Actual Rows": 418251,
                      "Actual Loops": 7,
                      "Recheck Cond": "(person_id > 3514064)",
                      "Rows Removed by Index Recheck": 0,
                      "Exact Heap Blocks": 7603,
                      "Lossy Heap Blocks": 0,
                      "Plans": [
                        {
                          "Node Type": "Bitmap Index Scan",
                          "Parent Relationship": "Outer",
                          "Parallel Aware": false,
                          "Index Name": "person_id_cast_info",
                          "Startup Cost": 0.0,
                          "Total Cost": 65508.88,
                          "Plan Rows": 3001108,
                          "Plan Width": 0,
                          "Actual Startup Time": 140.689,
                          "Actual Total Time": 140.689,
                          "Actual Rows": 2927756,
                          "Actual Loops": 1,
                          "Index Cond": "(person_id > 3514064)"
                        }
                      ]
                    },
                    {
                      "Node Type": "Hash",
                      "Parent Relationship": "Inner",
                      "Parallel Aware": true,
                      "Startup Cost": 45479.59,
                      "Total Cost": 45479.59,
                      "Plan Rows": 154060,
                      "Plan Width": 4,
                      "Actual Startup Time": 125.238,
                      "Actual Total Time": 125.24,
                      "Actual Rows": 96704,
                      "Actual Loops": 7,
                      "Hash Buckets": 1048576,
                      "Original Hash Buckets": 1048576,
                      "Hash Batches": 1,
                      "Original Hash Batches": 1,
                      "Peak Memory Usage": 34784,
                      "Plans": [
                        {
                          "Node Type": "Seq Scan",
                          "Parent Relationship": "Outer",
                          "Parallel Aware": true,
                          "Relation Name": "title",
                          "Alias": "t",
                          "Startup Cost": 0.0,
                          "Total Cost": 45479.59,
                          "Plan Rows": 154060,
                          "Plan Width": 4,
                          "Actual Startup Time": 0.038,
                          "Actual Total Time": 79.045,
                          "Actual Rows": 96704,
                          "Actual Loops": 7,
                          "Filter": "((production_year > 2005) AND (kind_id = 7))",
                          "Rows Removed by Filter": 264484
                        }
                      ]
                    }
                  ]
                }
              ]
            }
          ]
        }
      ]
    },
    "Planning Time": 0.337,
    "Triggers": [],
    "Execution Time": 544.796
  }
]