[
  {
    "Plan": {
      "Node Type": "Aggregate",
      "Strategy": "Plain",
      "Partial Mode": "Finalize",
      "Parallel Aware": false,
      "Startup Cost": 376140.18,
      "Total Cost": 376140.19,
      "Plan Rows": 1,
      "Plan Width": 8,
      "Actual Startup Time": 555.147,
      "Actual Total Time": 579.72,
      "Actual Rows": 1,
      "Actual Loops": 1,
      "Plans": [
        {
          "Node Type": "Gather",
          "Parent Relationship": "Outer",
          "Parallel Aware": false,
          "Startup Cost": 376139.55,
          "Total Cost": 376140.16,
          "Plan Rows": 6,
          "Plan Width": 8,
          "Actual Startup Time": 547.217,
          "Actual Total Time": 579.707,
          "Actual Rows": 7,
          "Actual Loops": 1,
          "Workers Planned": 6,
          "Workers Launched": 6,
          "Single Copy": false,
          "Plans": [
            {
              "Node Type": "Aggregate",
              "Strategy": "Plain",
              "Partial Mode": "Partial",
              "Parent Relationship": "Outer",
              "Parallel Aware": false,
              "Startup Cost": 375139.55,
              "Total Cost": 375139.56,
              "Plan Rows": 1,
              "Plan Width": 8,
              "Actual Startup Time": 535.866,
              "Actual Total Time": 535.87,
              "Actual Rows": 1,
              "Actual Loops": 7,
              "Plans": [
                {
                  "Node Type": "Hash Join",
                  "Parent Relationship": "Outer",
                  "Parallel Aware": true,
                  "Join Type": "Inner",
                  "Startup Cost": 114487.09,
                  "Total Cost": 374828.39,
                  "Plan Rows": 124466,
                  "Plan Width": 0,
                  "Actual Startup Time": 270.791,
                  "Actual Total Time": 525.251,
                  "Actual Rows": 169099,
                  "Actual Loops": 7,
                  "Inner Unique": true,
                  "Hash Cond": "(ci.movie_id = t.id)",
                  "Plans": [
                    {
                      "Node Type": "Bitmap Heap Scan",
                      "Parent Relationship": "Outer",
                      "Parallel Aware": true,
                      "Relation Name": "cast_info",
                      "Alias": "ci",
                      "Startup Cost": 67064.78,
                      "Total Cost": 326077.65,
                      "Plan Rows": 506069,
                      "Plan Width": 4,
                      "Actual Startup Time": 127.67,
                      "Actual Total Time": 239.516,
                      "Actual Rows": 418251,
                      "Actual Loops": 7,
                      "Recheck Cond": "(person_id > 3514064)",
                      "Rows Removed by Index Recheck": 0,
                      "Exact Heap Blocks": 6154,
                      "Lossy Heap Blocks": 0,
                      "Plans": [
                        {
                          "Node Type": "Bitmap Index Scan",
                          "Parent Relationship": "Outer",
                          "Parallel Aware": false,
                          "Index Name": "person_id_cast_info",
                          "Startup Cost": 0.0,
                          "Total Cost": 66305.68,
                          "Plan Rows": 3036415,
                          "Plan Width": 0,
                          "Actual Startup Time": 120.442,
                          "Actual Total Time": 120.443,
                          "Actual Rows": 2927756,
                          "Actual Loops": 1,
                          "Index Cond": "(person_id > 3514064)"
                        }
                      ]
                    },
                    {
                      "Node Type": "Hash",
                      "Parent Relationship": "Inner",
                      "Parallel Aware": true,
                      "Startup Cost": 45479.1,
                      "Total Cost": 45479.1,
                      "Plan Rows": 155457,
                      "Plan Width": 4,
                      "Actual Startup Time": 139.57,
                      "Actual Total Time": 139.571,
                      "Actual Rows": 96704,
                      "Actual Loops": 7,
                      "Hash Buckets": 1048576,
                      "Original Hash Buckets": 1048576,
                      "Hash Batches": 1,
                      "Original Hash Batches": 1,
                      "Peak Memory Usage": 34784,
                      "Plans": [
                        {
                          "Node Type": "Seq Scan",
                          "Parent Relationship": "Outer",
                          "Parallel Aware": true,
                          "Relation Name": "title",
                          "Alias": "t",
                          "Startup Cost": 0.0,
                          "Total Cost": 45479.1,
                          "Plan Rows": 155457,
                          "Plan Width": 4,
                          "Actual Startup Time": 0.048,
                          "Actual Total Time": 84.535,
                          "Actual Rows": 96704,
                          "Actual Loops": 7,
                          "Filter": "((production_year > 2005) AND (kind_id = 7))",
                          "Rows Removed by Filter": 264484
                        }
                      ]
                    }
                  ]
                }
              ]
            }
          ]
        }
      ]
    },
    "Planning Time": 0.637,
    "Triggers": [],
    "Execution Time": 579.821
  }
]