[
    {
        "Bao": {
            "Bao prediction": "NaN",
            "Bao recommended hint": "(no hint)"
        }
    },
    {
        "Plan": {
            "Node Type": "Aggregate",
            "Strategy": "Plain",
            "Partial Mode": "Finalize",
            "Parallel Aware": false,
            "Startup Cost": 337761.52,
            "Total Cost": 337761.53,
            "Plan Rows": 1,
            "Plan Width": 8,
            "Actual Startup Time": 676.52,
            "Actual Total Time": 701.915,
            "Actual Rows": 1,
            "Actual Loops": 1,
            "Output": [
                "count(*)"
            ],
            "Plans": [
                {
                    "Node Type": "Gather",
                    "Parent Relationship": "Outer",
                    "Parallel Aware": false,
                    "Startup Cost": 337760.89,
                    "Total Cost": 337761.5,
                    "Plan Rows": 6,
                    "Plan Width": 8,
                    "Actual Startup Time": 676.426,
                    "Actual Total Time": 701.906,
                    "Actual Rows": 7,
                    "Actual Loops": 1,
                    "Output": [
                        "(PARTIAL count(*))"
                    ],
                    "Workers Planned": 6,
                    "Workers Launched": 6,
                    "Single Copy": false,
                    "Plans": [
                        {
                            "Node Type": "Aggregate",
                            "Strategy": "Plain",
                            "Partial Mode": "Partial",
                            "Parent Relationship": "Outer",
                            "Parallel Aware": false,
                            "Startup Cost": 336760.89,
                            "Total Cost": 336760.9,
                            "Plan Rows": 1,
                            "Plan Width": 8,
                            "Actual Startup Time": 666.567,
                            "Actual Total Time": 666.568,
                            "Actual Rows": 1,
                            "Actual Loops": 7,
                            "Output": [
                                "PARTIAL count(*)"
                            ],
                            "Workers": [
                                {
                                    "Worker Number": 0,
                                    "Actual Startup Time": 664.126,
                                    "Actual Total Time": 664.127,
                                    "Actual Rows": 1,
                                    "Actual Loops": 1
                                },
                                {
                                    "Worker Number": 1,
                                    "Actual Startup Time": 664.435,
                                    "Actual Total Time": 664.436,
                                    "Actual Rows": 1,
                                    "Actual Loops": 1
                                },
                                {
                                    "Worker Number": 2,
                                    "Actual Startup Time": 664.975,
                                    "Actual Total Time": 664.976,
                                    "Actual Rows": 1,
                                    "Actual Loops": 1
                                },
                                {
                                    "Worker Number": 3,
                                    "Actual Startup Time": 665.264,
                                    "Actual Total Time": 665.266,
                                    "Actual Rows": 1,
                                    "Actual Loops": 1
                                },
                                {
                                    "Worker Number": 4,
                                    "Actual Startup Time": 665.199,
                                    "Actual Total Time": 665.201,
                                    "Actual Rows": 1,
                                    "Actual Loops": 1
                                },
                                {
                                    "Worker Number": 5,
                                    "Actual Startup Time": 665.937,
                                    "Actual Total Time": 665.938,
                                    "Actual Rows": 1,
                                    "Actual Loops": 1
                                }
                            ],
                            "Plans": [
                                {
                                    "Node Type": "Seq Scan",
                                    "Parent Relationship": "Outer",
                                    "Parallel Aware": true,
                                    "Relation Name": "cast_info",
                                    "Schema": "public",
                                    "Alias": "ci",
                                    "Startup Cost": 0.0,
                                    "Total Cost": 328213.62,
                                    "Plan Rows": 3418911,
                                    "Plan Width": 0,
                                    "Actual Startup Time": 160.799,
                                    "Actual Total Time": 546.193,
                                    "Actual Rows": 2941008,
                                    "Actual Loops": 7,
                                    "Output": [
                                        "id",
                                        "person_id",
                                        "movie_id",
                                        "person_role_id",
                                        "note",
                                        "nr_order",
                                        "role_id"
                                    ],
                                    "Filter": "(ci.person_id > 1546151)",
                                    "Rows Removed by Filter": 2236756,
                                    "Workers": [
                                        {
                                            "Worker Number": 0,
                                            "Actual Startup Time": 158.36,
                                            "Actual Total Time": 549.319,
                                            "Actual Rows": 2759178,
                                            "Actual Loops": 1
                                        },
                                        {
                                            "Worker Number": 1,
                                            "Actual Startup Time": 158.658,
                                            "Actual Total Time": 549.535,
                                            "Actual Rows": 2762807,
                                            "Actual Loops": 1
                                        },
                                        {
                                            "Worker Number": 2,
                                            "Actual Startup Time": 159.213,
                                            "Actual Total Time": 548.206,
                                            "Actual Rows": 2852955,
                                            "Actual Loops": 1
                                        },
                                        {
                                            "Worker Number": 3,
                                            "Actual Startup Time": 159.508,
                                            "Actual Total Time": 548.34,
                                            "Actual Rows": 2853994,
                                            "Actual Loops": 1
                                        },
                                        {
                                            "Worker Number": 4,
                                            "Actual Startup Time": 159.424,
                                            "Actual Total Time": 550.089,
                                            "Actual Rows": 2768739,
                                            "Actual Loops": 1
                                        },
                                        {
                                            "Worker Number": 5,
                                            "Actual Startup Time": 160.179,
                                            "Actual Total Time": 548.703,
                                            "Actual Rows": 2864306,
                                            "Actual Loops": 1
                                        }
                                    ]
                                }
                            ]
                        }
                    ]
                }
            ]
        },
        "Planning Time": 190.08,
        "Triggers": [],
        "Execution Time": 701.965
    }
]