[
  {
    "Plan": {
      "Node Type": "Aggregate",
      "Strategy": "Plain",
      "Partial Mode": "Finalize",
      "Parallel Aware": false,
      "Startup Cost": 45681.11,
      "Total Cost": 45681.12,
      "Plan Rows": 1,
      "Plan Width": 8,
      "Actual Startup Time": 142.433,
      "Actual Total Time": 150.103,
      "Actual Rows": 1,
      "Actual Loops": 1,
      "Plans": [
        {
          "Node Type": "Gather",
          "Parent Relationship": "Outer",
          "Parallel Aware": false,
          "Startup Cost": 45680.79,
          "Total Cost": 45681.1,
          "Plan Rows": 3,
          "Plan Width": 8,
          "Actual Startup Time": 142.32,
          "Actual Total Time": 150.095,
          "Actual Rows": 4,
          "Actual Loops": 1,
          "Workers Planned": 3,
          "Workers Launched": 3,
          "Single Copy": false,
          "Plans": [
            {
              "Node Type": "Aggregate",
              "Strategy": "Plain",
              "Partial Mode": "Partial",
              "Parent Relationship": "Outer",
              "Parallel Aware": false,
              "Startup Cost": 44680.79,
              "Total Cost": 44680.8,
              "Plan Rows": 1,
              "Plan Width": 8,
              "Actual Startup Time": 138.558,
              "Actual Total Time": 138.559,
              "Actual Rows": 1,
              "Actual Loops": 4,
              "Plans": [
                {
                  "Node Type": "Seq Scan",
                  "Parent Relationship": "Outer",
                  "Parallel Aware": true,
                  "Relation Name": "movie_keyword",
                  "Alias": "mk",
                  "Startup Cost": 0.0,
                  "Total Cost": 42695.65,
                  "Plan Rows": 794056,
                  "Plan Width": 0,
                  "Actual Startup Time": 0.458,
                  "Actual Total Time": 110.239,
                  "Actual Rows": 612554,
                  "Actual Loops": 4,
                  "Filter": "(keyword_id > 3666)",
                  "Rows Removed by Filter": 518428
                }
              ]
            }
          ]
        }
      ]
    },
    "Planning Time": 0.157,
    "Triggers": [],
    "Execution Time": 150.149
  }
]