[
  {
    "Plan": {
      "Node Type": "Aggregate",
      "Strategy": "Plain",
      "Partial Mode": "Finalize",
      "Parallel Aware": false,
      "Startup Cost": 32830.03,
      "Total Cost": 32830.04,
      "Plan Rows": 1,
      "Plan Width": 8,
      "Actual Startup Time": 90.876,
      "Actual Total Time": 98.65,
      "Actual Rows": 1,
      "Actual Loops": 1,
      "Plans": [
        {
          "Node Type": "Gather",
          "Parent Relationship": "Outer",
          "Parallel Aware": false,
          "Startup Cost": 32829.71,
          "Total Cost": 32830.02,
          "Plan Rows": 3,
          "Plan Width": 8,
          "Actual Startup Time": 90.769,
          "Actual Total Time": 98.642,
          "Actual Rows": 4,
          "Actual Loops": 1,
          "Workers Planned": 3,
          "Workers Launched": 3,
          "Single Copy": false,
          "Plans": [
            {
              "Node Type": "Aggregate",
              "Strategy": "Plain",
              "Partial Mode": "Partial",
              "Parent Relationship": "Outer",
              "Parallel Aware": false,
              "Startup Cost": 31829.71,
              "Total Cost": 31829.72,
              "Plan Rows": 1,
              "Plan Width": 8,
              "Actual Startup Time": 85.365,
              "Actual Total Time": 85.366,
              "Actual Rows": 1,
              "Actual Loops": 4,
              "Plans": [
                {
                  "Node Type": "Seq Scan",
                  "Parent Relationship": "Outer",
                  "Parallel Aware": true,
                  "Relation Name": "movie_companies",
                  "Alias": "mc",
                  "Startup Cost": 0.0,
                  "Total Cost": 31414.82,
                  "Plan Rows": 165957,
                  "Plan Width": 0,
                  "Actual Startup Time": 43.327,
                  "Actual Total Time": 77.133,
                  "Actual Rows": 206911,
                  "Actual Loops": 4,
                  "Filter": "((company_id > 15809) AND (company_type_id > 1))",
                  "Rows Removed by Filter": 445371
                }
              ]
            }
          ]
        }
      ]
    },
    "Planning Time": 0.133,
    "Triggers": [],
    "Execution Time": 98.688
  }
]