[
  {
    "Plan": {
      "Node Type": "Aggregate",
      "Strategy": "Plain",
      "Partial Mode": "Finalize",
      "Parallel Aware": false,
      "Startup Cost": 124901.95,
      "Total Cost": 124901.96,
      "Plan Rows": 1,
      "Plan Width": 8,
      "Actual Startup Time": 681.789,
      "Actual Total Time": 702.154,
      "Actual Rows": 1,
      "Actual Loops": 1,
      "Plans": [
        {
          "Node Type": "Gather",
          "Parent Relationship": "Outer",
          "Parallel Aware": false,
          "Startup Cost": 124901.63,
          "Total Cost": 124901.94,
          "Plan Rows": 3,
          "Plan Width": 8,
          "Actual Startup Time": 677.975,
          "Actual Total Time": 702.144,
          "Actual Rows": 4,
          "Actual Loops": 1,
          "Workers Planned": 3,
          "Workers Launched": 3,
          "Single Copy": false,
          "Plans": [
            {
              "Node Type": "Aggregate",
              "Strategy": "Plain",
              "Partial Mode": "Partial",
              "Parent Relationship": "Outer",
              "Parallel Aware": false,
              "Startup Cost": 123901.63,
              "Total Cost": 123901.64,
              "Plan Rows": 1,
              "Plan Width": 8,
              "Actual Startup Time": 670.46,
              "Actual Total Time": 670.595,
              "Actual Rows": 1,
              "Actual Loops": 4,
              "Plans": [
                {
                  "Node Type": "Hash Join",
                  "Parent Relationship": "Outer",
                  "Parallel Aware": true,
                  "Join Type": "Inner",
                  "Startup Cost": 78160.34,
                  "Total Cost": 123290.89,
                  "Plan Rows": 244295,
                  "Plan Width": 0,
                  "Actual Startup Time": 389.856,
                  "Actual Total Time": 636.173,
                  "Actual Rows": 820479,
                  "Actual Loops": 4,
                  "Inner Unique": false,
                  "Hash Cond": "(mk.movie_id = t.id)",
                  "Plans": [
                    {
                      "Node Type": "Seq Scan",
                      "Parent Relationship": "Outer",
                      "Parallel Aware": true,
                      "Relation Name": "movie_keyword",
                      "Alias": "mk",
                      "Startup Cost": 0.0,
                      "Total Cost": 39047.32,
                      "Plan Rows": 1459332,
                      "Plan Width": 4,
                      "Actual Startup Time": 0.028,
                      "Actual Total Time": 92.207,
                      "Actual Rows": 1130982,
                      "Actual Loops": 4
                    },
                    {
                      "Node Type": "Hash",
                      "Parent Relationship": "Inner",
                      "Parallel Aware": true,
                      "Startup Cost": 76837.71,
                      "Total Cost": 76837.71,
                      "Plan Rows": 105810,
                      "Plan Width": 8,
                      "Actual Startup Time": 372.236,
                      "Actual Total Time": 372.368,
                      "Actual Rows": 107600,
                      "Actual Loops": 4,
                      "Hash Buckets": 524288,
                      "Original Hash Buckets": 524288,
                      "Hash Batches": 1,
                      "Original Hash Batches": 1,
                      "Peak Memory Usage": 20992,
                      "Plans": [
                        {
                          "Node Type": "Hash Join",
                          "Parent Relationship": "Outer",
                          "Parallel Aware": true,
                          "Join Type": "Inner",
                          "Startup Cost": 31017.29,
                          "Total Cost": 76837.71,
                          "Plan Rows": 105810,
                          "Plan Width": 8,
                          "Actual Startup Time": 132.028,
                          "Actual Total Time": 334.035,
                          "Actual Rows": 107600,
                          "Actual Loops": 4,
                          "Inner Unique": false,
                          "Hash Cond": "(t.id = mc.movie_id)",
                          "Plans": [
                            {
                              "Node Type": "Seq Scan",
                              "Parent Relationship": "Outer",
                              "Parallel Aware": true,
                              "Relation Name": "title",
                              "Alias": "t",
                              "Startup Cost": 0.0,
                              "Total Cost": 42318.73,
                              "Plan Rows": 632073,
                              "Plan Width": 4,
                              "Actual Startup Time": 0.015,
                              "Actual Total Time": 75.856,
                              "Actual Rows": 632078,
                              "Actual Loops": 4
                            },
                            {
                              "Node Type": "Hash",
                              "Parent Relationship": "Inner",
                              "Parallel Aware": true,
                              "Startup Cost": 29310.68,
                              "Total Cost": 29310.68,
                              "Plan Rows": 136529,
                              "Plan Width": 4,
                              "Actual Startup Time": 116.122,
                              "Actual Total Time": 116.123,
                              "Actual Rows": 107600,
                              "Actual Loops": 4,
                              "Hash Buckets": 524288,
                              "Original Hash Buckets": 524288,
                              "Hash Batches": 1,
                              "Original Hash Batches": 1,
                              "Peak Memory Usage": 20992,
                              "Plans": [
                                {
                                  "Node Type": "Seq Scan",
                                  "Parent Relationship": "Outer",
                                  "Parallel Aware": true,
                                  "Relation Name": "movie_companies",
                                  "Alias": "mc",
                                  "Startup Cost": 0.0,
                                  "Total Cost": 29310.68,
                                  "Plan Rows": 136529,
                                  "Plan Width": 4,
                                  "Actual Startup Time": 50.535,
                                  "Actual Total Time": 80.792,
                                  "Actual Rows": 107600,
                                  "Actual Loops": 4,
                                  "Filter": "(company_id > 79126)",
                                  "Rows Removed by Filter": 544682
                                }
                              ]
                            }
                          ]
                        }
                      ]
                    }
                  ]
                }
              ]
            }
          ]
        }
      ]
    },
    "Planning Time": 1.18,
    "Triggers": [],
    "Execution Time": 702.24
  }
]