{
  "Plan": {
    "Node Type": "Aggregate",
    "Strategy": "Plain",
    "Partial Mode": "Finalize",
    "Parallel Aware": false,
    "Startup Cost": 459054.01,
    "Total Cost": 459054.02,
    "Plan Rows": 1,
    "Plan Width": 8,
    "Actual Startup Time": 863.276,
    "Actual Total Time": 887.976,
    "Actual Rows": 1,
    "Actual Loops": 1,
    "Plans": [
      {
        "Node Type": "Gather",
        "Parent Relationship": "Outer",
        "Parallel Aware": false,
        "Startup Cost": 459053.9,
        "Total Cost": 459054.01,
        "Plan Rows": 1,
        "Plan Width": 8,
        "Actual Startup Time": 862.042,
        "Actual Total Time": 887.968,
        "Actual Rows": 2,
        "Actual Loops": 1,
        "Workers Planned": 1,
        "Workers Launched": 1,
        "Single Copy": false,
        "Plans": [
          {
            "Node Type": "Aggregate",
            "Strategy": "Plain",
            "Partial Mode": "Partial",
            "Parent Relationship": "Outer",
            "Parallel Aware": false,
            "Startup Cost": 458053.9,
            "Total Cost": 458053.91,
            "Plan Rows": 1,
            "Plan Width": 8,
            "Actual Startup Time": 855.522,
            "Actual Total Time": 855.528,
            "Actual Rows": 1,
            "Actual Loops": 2,
            "Plans": [
              {
                "Node Type": "Hash Join",
                "Parent Relationship": "Outer",
                "Parallel Aware": true,
                "Join Type": "Inner",
                "Startup Cost": 417446.23,
                "Total Cost": 457840.83,
                "Plan Rows": 85229,
                "Plan Width": 0,
                "Actual Startup Time": 619.643,
                "Actual Total Time": 852.169,
                "Actual Rows": 80554,
                "Actual Loops": 2,
                "Inner Unique": false,
                "Hash Cond": "(mc.movie_id = t.id)",
                "Plans": [
                  {
                    "Node Type": "Seq Scan",
                    "Parent Relationship": "Outer",
                    "Parallel Aware": true,
                    "Relation Name": "movie_companies",
                    "Alias": "mc",
                    "Startup Cost": 0.0,
                    "Total Cost": 34137.82,
                    "Plan Rows": 1534782,
                    "Plan Width": 4,
                    "Actual Startup Time": 0.016,
                    "Actual Total Time": 100.057,
                    "Actual Rows": 1304564,
                    "Actual Loops": 2
                  },
                  {
                    "Node Type": "Hash",
                    "Parent Relationship": "Inner",
                    "Parallel Aware": true,
                    "Startup Cost": 416413.86,
                    "Total Cost": 416413.86,
                    "Plan Rows": 82589,
                    "Plan Width": 8,
                    "Actual Startup Time": 615.968,
                    "Actual Total Time": 615.972,
                    "Actual Rows": 45880,
                    "Actual Loops": 2,
                    "Hash Buckets": 262144,
                    "Original Hash Buckets": 262144,
                    "Hash Batches": 1,
                    "Original Hash Batches": 1,
                    "Peak Memory Usage": 5664,
                    "Plans": [
                      {
                        "Node Type": "Hash Join",
                        "Parent Relationship": "Outer",
                        "Parallel Aware": true,
                        "Join Type": "Inner",
                        "Startup Cost": 131218.34,
                        "Total Cost": 416413.86,
                        "Plan Rows": 82589,
                        "Plan Width": 8,
                        "Actual Startup Time": 425.768,
                        "Actual Total Time": 602.378,
                        "Actual Rows": 45880,
                        "Actual Loops": 2,
                        "Inner Unique": true,
                        "Hash Cond": "(ci.movie_id = t.id)",
                        "Plans": [
                          {
                            "Node Type": "Bitmap Heap Scan",
                            "Parent Relationship": "Outer",
                            "Parallel Aware": true,
                            "Relation Name": "cast_info",
                            "Alias": "ci",
                            "Startup Cost": 74939.9,
                            "Total Cost": 357750.7,
                            "Plan Rows": 908467,
                            "Plan Width": 4,
                            "Actual Startup Time": 244.516,
                            "Actual Total Time": 334.217,
                            "Actual Rows": 496086,
                            "Actual Loops": 2,
                            "Recheck Cond": "(person_id < 338484)",
                            "Rows Removed by Index Recheck": 0,
                            "Filter": "(role_id > 2)",
                            "Rows Removed by Filter": 1272458,
                            "Exact Heap Blocks": 21897,
                            "Lossy Heap Blocks": 0,
                            "Plans": [
                              {
                                "Node Type": "Bitmap Index Scan",
                                "Parent Relationship": "Outer",
                                "Parallel Aware": false,
                                "Index Name": "person_id_cast_info",
                                "Startup Cost": 0.0,
                                "Total Cost": 74553.8,
                                "Plan Rows": 3414031,
                                "Plan Width": 0,
                                "Actual Startup Time": 108.664,
                                "Actual Total Time": 108.664,
                                "Actual Rows": 3537087,
                                "Actual Loops": 1,
                                "Index Cond": "(person_id < 338484)"
                              }
                            ]
                          },
                          {
                            "Node Type": "Hash",
                            "Parent Relationship": "Inner",
                            "Parallel Aware": true,
                            "Startup Cost": 54588.39,
                            "Total Cost": 54588.39,
                            "Plan Rows": 135204,
                            "Plan Width": 4,
                            "Actual Startup Time": 179.31,
                            "Actual Total Time": 179.311,
                            "Actual Rows": 115824,
                            "Actual Loops": 2,
                            "Hash Buckets": 262144,
                            "Original Hash Buckets": 262144,
                            "Hash Batches": 1,
                            "Original Hash Batches": 1,
                            "Peak Memory Usage": 11136,
                            "Plans": [
                              {
                                "Node Type": "Seq Scan",
                                "Parent Relationship": "Outer",
                                "Parallel Aware": true,
                                "Relation Name": "title",
                                "Alias": "t",
                                "Startup Cost": 0.0,
                                "Total Cost": 54588.39,
                                "Plan Rows": 135204,
                                "Plan Width": 4,
                                "Actual Startup Time": 0.018,
                                "Actual Total Time": 142.548,
                                "Actual Rows": 115824,
                                "Actual Loops": 2,
                                "Filter": "(production_year > 2011)",
                                "Rows Removed by Filter": 1148332
                              }
                            ]
                          }
                        ]
                      }
                    ]
                  }
                ]
              }
            ]
          }
        ]
      }
    ]
  },
  "Planning Time": 1.021,
  "Triggers": [],
  "Execution Time": 888.082
}