{
  "Plan": {
    "Node Type": "Aggregate",
    "Strategy": "Plain",
    "Partial Mode": "Finalize",
    "Parallel Aware": false,
    "Startup Cost": 158297.95,
    "Total Cost": 158297.96,
    "Plan Rows": 1,
    "Plan Width": 8,
    "Actual Startup Time": 829.18,
    "Actual Total Time": 845.534,
    "Actual Rows": 1,
    "Actual Loops": 1,
    "Plans": [
      {
        "Node Type": "Gather",
        "Parent Relationship": "Outer",
        "Parallel Aware": false,
        "Startup Cost": 158297.84,
        "Total Cost": 158297.95,
        "Plan Rows": 1,
        "Plan Width": 8,
        "Actual Startup Time": 827.204,
        "Actual Total Time": 845.525,
        "Actual Rows": 2,
        "Actual Loops": 1,
        "Workers Planned": 1,
        "Workers Launched": 1,
        "Single Copy": false,
        "Plans": [
          {
            "Node Type": "Aggregate",
            "Strategy": "Plain",
            "Partial Mode": "Partial",
            "Parent Relationship": "Outer",
            "Parallel Aware": false,
            "Startup Cost": 157297.84,
            "Total Cost": 157297.85,
            "Plan Rows": 1,
            "Plan Width": 8,
            "Actual Startup Time": 819.826,
            "Actual Total Time": 819.834,
            "Actual Rows": 1,
            "Actual Loops": 2,
            "Plans": [
              {
                "Node Type": "Hash Join",
                "Parent Relationship": "Outer",
                "Parallel Aware": true,
                "Join Type": "Inner",
                "Startup Cost": 91073.14,
                "Total Cost": 157059.24,
                "Plan Rows": 95439,
                "Plan Width": 0,
                "Actual Startup Time": 429.616,
                "Actual Total Time": 781.161,
                "Actual Rows": 782266,
                "Actual Loops": 2,
                "Inner Unique": false,
                "Hash Cond": "(mk.movie_id = t.id)",
                "Plans": [
                  {
                    "Node Type": "Seq Scan",
                    "Parent Relationship": "Outer",
                    "Parallel Aware": true,
                    "Relation Name": "movie_keyword",
                    "Alias": "mk",
                    "Startup Cost": 0.0,
                    "Total Cost": 57718.19,
                    "Plan Rows": 2055069,
                    "Plan Width": 4,
                    "Actual Startup Time": 0.076,
                    "Actual Total Time": 227.056,
                    "Actual Rows": 1744590,
                    "Actual Loops": 2,
                    "Filter": "(keyword_id > 1023)",
                    "Rows Removed by Filter": 517376
                  },
                  {
                    "Node Type": "Hash",
                    "Parent Relationship": "Inner",
                    "Parallel Aware": true,
                    "Startup Cost": 90209.79,
                    "Total Cost": 90209.79,
                    "Plan Rows": 69068,
                    "Plan Width": 8,
                    "Actual Startup Time": 360.714,
                    "Actual Total Time": 360.719,
                    "Actual Rows": 24862,
                    "Actual Loops": 2,
                    "Hash Buckets": 131072,
                    "Original Hash Buckets": 131072,
                    "Hash Batches": 1,
                    "Original Hash Batches": 1,
                    "Peak Memory Usage": 2976,
                    "Plans": [
                      {
                        "Node Type": "Hash Join",
                        "Parent Relationship": "Outer",
                        "Parallel Aware": true,
                        "Join Type": "Inner",
                        "Startup Cost": 67437.62,
                        "Total Cost": 90209.79,
                        "Plan Rows": 69068,
                        "Plan Width": 8,
                        "Actual Startup Time": 292.817,
                        "Actual Total Time": 354.195,
                        "Actual Rows": 24862,
                        "Actual Loops": 2,
                        "Inner Unique": true,
                        "Hash Cond": "(mc.movie_id = t.id)",
                        "Plans": [
                          {
                            "Node Type": "Bitmap Heap Scan",
                            "Parent Relationship": "Outer",
                            "Parallel Aware": true,
                            "Relation Name": "movie_companies",
                            "Alias": "mc",
                            "Startup Cost": 9697.19,
                            "Total Cost": 31778.23,
                            "Plan Rows": 263284,
                            "Plan Width": 4,
                            "Actual Startup Time": 33.554,
                            "Actual Total Time": 86.975,
                            "Actual Rows": 221998,
                            "Actual Loops": 2,
                            "Recheck Cond": "(company_id < 338)",
                            "Rows Removed by Index Recheck": 0,
                            "Exact Heap Blocks": 8670,
                            "Lossy Heap Blocks": 0,
                            "Plans": [
                              {
                                "Node Type": "Bitmap Index Scan",
                                "Parent Relationship": "Outer",
                                "Parallel Aware": false,
                                "Index Name": "company_id_movie_companies",
                                "Startup Cost": 0.0,
                                "Total Cost": 9585.3,
                                "Plan Rows": 447582,
                                "Plan Width": 0,
                                "Actual Startup Time": 29.184,
                                "Actual Total Time": 29.185,
                                "Actual Rows": 443996,
                                "Actual Loops": 1,
                                "Index Cond": "(company_id < 338)"
                              }
                            ]
                          },
                          {
                            "Node Type": "Hash",
                            "Parent Relationship": "Inner",
                            "Parallel Aware": true,
                            "Startup Cost": 52863.55,
                            "Total Cost": 52863.55,
                            "Plan Rows": 390151,
                            "Plan Width": 4,
                            "Actual Startup Time": 198.855,
                            "Actual Total Time": 198.857,
                            "Actual Rows": 331412,
                            "Actual Loops": 2,
                            "Hash Buckets": 1048576,
                            "Original Hash Buckets": 1048576,
                            "Hash Batches": 1,
                            "Original Hash Batches": 1,
                            "Peak Memory Usage": 34144,
                            "Plans": [
                              {
                                "Node Type": "Bitmap Heap Scan",
                                "Parent Relationship": "Outer",
                                "Parallel Aware": true,
                                "Relation Name": "title",
                                "Alias": "t",
                                "Startup Cost": 11988.66,
                                "Total Cost": 52863.55,
                                "Plan Rows": 390151,
                                "Plan Width": 4,
                                "Actual Startup Time": 35.931,
                                "Actual Total Time": 107.955,
                                "Actual Rows": 331412,
                                "Actual Loops": 2,
                                "Recheck Cond": "(kind_id = 1)",
                                "Rows Removed by Index Recheck": 0,
                                "Exact Heap Blocks": 6399,
                                "Lossy Heap Blocks": 0,
                                "Plans": [
                                  {
                                    "Node Type": "Bitmap Index Scan",
                                    "Parent Relationship": "Outer",
                                    "Parallel Aware": false,
                                    "Index Name": "kind_id_title",
                                    "Startup Cost": 0.0,
                                    "Total Cost": 11822.85,
                                    "Plan Rows": 663256,
                                    "Plan Width": 0,
                                    "Actual Startup Time": 32.994,
                                    "Actual Total Time": 32.994,
                                    "Actual Rows": 662825,
                                    "Actual Loops": 1,
                                    "Index Cond": "(kind_id = 1)"
                                  }
                                ]
                              }
                            ]
                          }
                        ]
                      }
                    ]
                  }
                ]
              }
            ]
          }
        ]
      }
    ]
  },
  "Planning Time": 0.913,
  "Triggers": [],
  "Execution Time": 845.648
}