[
  {
    "Plan": {
      "Node Type": "Aggregate",
      "Strategy": "Plain",
      "Partial Mode": "Finalize",
      "Parallel Aware": false,
      "Startup Cost": 351783.68,
      "Total Cost": 351783.69,
      "Plan Rows": 1,
      "Plan Width": 96,
      "Actual Startup Time": 1675.901,
      "Actual Total Time": 1762.898,
      "Actual Rows": 1,
      "Actual Loops": 1,
      "Plans": [
        {
          "Node Type": "Gather",
          "Parent Relationship": "Outer",
          "Parallel Aware": false,
          "Startup Cost": 351783.24,
          "Total Cost": 351783.65,
          "Plan Rows": 4,
          "Plan Width": 96,
          "Actual Startup Time": 1673.677,
          "Actual Total Time": 1762.878,
          "Actual Rows": 5,
          "Actual Loops": 1,
          "Workers Planned": 4,
          "Workers Launched": 4,
          "Single Copy": false,
          "Plans": [
            {
              "Node Type": "Aggregate",
              "Strategy": "Plain",
              "Partial Mode": "Partial",
              "Parent Relationship": "Outer",
              "Parallel Aware": false,
              "Startup Cost": 350783.24,
              "Total Cost": 350783.25,
              "Plan Rows": 1,
              "Plan Width": 96,
              "Actual Startup Time": 1661.934,
              "Actual Total Time": 1662.004,
              "Actual Rows": 1,
              "Actual Loops": 5,
              "Plans": [
                {
                  "Node Type": "Hash Join",
                  "Parent Relationship": "Outer",
                  "Parallel Aware": false,
                  "Join Type": "Inner",
                  "Startup Cost": 305770.67,
                  "Total Cost": 350783.23,
                  "Plan Rows": 1,
                  "Plan Width": 42,
                  "Actual Startup Time": 1533.637,
                  "Actual Total Time": 1661.294,
                  "Actual Rows": 3966,
                  "Actual Loops": 5,
                  "Inner Unique": true,
                  "Hash Cond": "(t.kind_id = kt.id)",
                  "Plans": [
                    {
                      "Node Type": "Hash Join",
                      "Parent Relationship": "Outer",
                      "Parallel Aware": true,
                      "Join Type": "Inner",
                      "Startup Cost": 305769.56,
                      "Total Cost": 350782.12,
                      "Plan Rows": 1,
                      "Plan Width": 46,
                      "Actual Startup Time": 1515.002,
                      "Actual Total Time": 1659.757,
                      "Actual Rows": 4333,
                      "Actual Loops": 5,
                      "Inner Unique": false,
                      "Hash Cond": "(t.id = mi.movie_id)",
                      "Plans": [
                        {
                          "Node Type": "Seq Scan",
                          "Parent Relationship": "Outer",
                          "Parallel Aware": true,
                          "Relation Name": "title",
                          "Alias": "t",
                          "Startup Cost": 0.0,
                          "Total Cost": 43898.62,
                          "Plan Rows": 297049,
                          "Plan Width": 25,
                          "Actual Startup Time": 0.043,
                          "Actual Total Time": 114.9,
                          "Actual Rows": 238504,
                          "Actual Loops": 5,
                          "Filter": "(production_year > 2003)",
                          "Rows Removed by Filter": 267159
                        },
                        {
                          "Node Type": "Hash",
                          "Parent Relationship": "Inner",
                          "Parallel Aware": true,
                          "Startup Cost": 305769.55,
                          "Total Cost": 305769.55,
                          "Plan Rows": 1,
                          "Plan Width": 41,
                          "Actual Startup Time": 1502.915,
                          "Actual Total Time": 1502.981,
                          "Actual Rows": 8037,
                          "Actual Loops": 5,
                          "Hash Buckets": 65536,
                          "Original Hash Buckets": 1024,
                          "Hash Batches": 1,
                          "Original Hash Batches": 1,
                          "Peak Memory Usage": 4120,
                          "Plans": [
                            {
                              "Node Type": "Hash Join",
                              "Parent Relationship": "Outer",
                              "Parallel Aware": false,
                              "Join Type": "Inner",
                              "Startup Cost": 300768.77,
                              "Total Cost": 305769.55,
                              "Plan Rows": 1,
                              "Plan Width": 41,
                              "Actual Startup Time": 1473.997,
                              "Actual Total Time": 1493.942,
                              "Actual Rows": 8037,
                              "Actual Loops": 5,
                              "Inner Unique": true,
                              "Hash Cond": "(mc.company_type_id = ct.id)",
                              "Plans": [
                                {
                                  "Node Type": "Hash Join",
                                  "Parent Relationship": "Outer",
                                  "Parallel Aware": true,
                                  "Join Type": "Inner",
                                  "Startup Cost": 300767.68,
                                  "Total Cost": 305768.45,
                                  "Plan Rows": 1,
                                  "Plan Width": 45,
                                  "Actual Startup Time": 1473.867,
                                  "Actual Total Time": 1492.124,
                                  "Actual Rows": 8037,
                                  "Actual Loops": 5,
                                  "Inner Unique": false,
                                  "Hash Cond": "(cn.id = mc.company_id)",
                                  "Plans": [
                                    {
                                      "Node Type": "Seq Scan",
                                      "Parent Relationship": "Outer",
                                      "Parallel Aware": true,
                                      "Relation Name": "company_name",
                                      "Alias": "cn",
                                      "Startup Cost": 0.0,
                                      "Total Cost": 4722.92,
                                      "Plan Rows": 74093,
                                      "Plan Width": 23,
                                      "Actual Startup Time": 0.019,
                                      "Actual Total Time": 11.377,
                                      "Actual Rows": 25246,
                                      "Actual Loops": 5,
                                      "Filter": "((country_code)::text <> '[us]'::text)",
                                      "Rows Removed by Filter": 21753
                                    },
                                    {
                                      "Node Type": "Hash",
                                      "Parent Relationship": "Inner",
                                      "Parallel Aware": true,
                                      "Startup Cost": 300767.66,
                                      "Total Cost": 300767.66,
                                      "Plan Rows": 1,
                                      "Plan Width": 30,
                                      "Actual Startup Time": 1473.655,
                                      "Actual Total Time": 1473.716,
                                      "Actual Rows": 8843,
                                      "Actual Loops": 5,
                                      "Hash Buckets": 65536,
                                      "Original Hash Buckets": 1024,
                                      "Hash Batches": 1,
                                      "Original Hash Batches": 1,
                                      "Peak Memory Usage": 3832,
                                      "Plans": [
                                        {
                                          "Node Type": "Hash Join",
                                          "Parent Relationship": "Outer",
                                          "Parallel Aware": true,
                                          "Join Type": "Inner",
                                          "Startup Cost": 269174.21,
                                          "Total Cost": 300767.66,
                                          "Plan Rows": 1,
                                          "Plan Width": 30,
                                          "Actual Startup Time": 1313.932,
                                          "Actual Total Time": 1451.163,
                                          "Actual Rows": 8843,
                                          "Actual Loops": 5,
                                          "Inner Unique": false,
                                          "Hash Cond": "(mc.movie_id = mi.movie_id)",
                                          "Plans": [
                                            {
                                              "Node Type": "Seq Scan",
                                              "Parent Relationship": "Outer",
                                              "Parallel Aware": true,
                                              "Relation Name": "movie_companies",
                                              "Alias": "mc",
                                              "Startup Cost": 0.0,
                                              "Total Cost": 31414.82,
                                              "Plan Rows": 47635,
                                              "Plan Width": 12,
                                              "Actual Startup Time": 0.051,
                                              "Actual Total Time": 125.912,
                                              "Actual Rows": 60654,
                                              "Actual Loops": 5,
                                              "Filter": "((note !~~ '%(USA)%'::text) AND (note ~~ '%(200%)%'::text))",
                                              "Rows Removed by Filter": 461172
                                            },
                                            {
                                              "Node Type": "Hash",
                                              "Parent Relationship": "Inner",
                                              "Parallel Aware": true,
                                              "Startup Cost": 269174.19,
                                              "Total Cost": 269174.19,
                                              "Plan Rows": 1,
                                              "Plan Width": 18,
                                              "Actual Startup Time": 1312.299,
                                              "Actual Total Time": 1312.356,
                                              "Actual Rows": 3217,
                                              "Actual Loops": 5,
                                              "Hash Buckets": 16384,
                                              "Original Hash Buckets": 1024,
                                              "Hash Batches": 1,
                                              "Original Hash Batches": 1,
                                              "Peak Memory Usage": 1080,
                                              "Plans": [
                                                {
                                                  "Node Type": "Hash Join",
                                                  "Parent Relationship": "Outer",
                                                  "Parallel Aware": true,
                                                  "Join Type": "Inner",
                                                  "Startup Cost": 62315.43,
                                                  "Total Cost": 269174.19,
                                                  "Plan Rows": 1,
                                                  "Plan Width": 18,
                                                  "Actual Startup Time": 1076.596,
                                                  "Actual Total Time": 1263.817,
                                                  "Actual Rows": 3217,
                                                  "Actual Loops": 5,
                                                  "Inner Unique": false,
                                                  "Hash Cond": "(mi.movie_id = mk.movie_id)",
                                                  "Plans": [
                                                    {
                                                      "Node Type": "Hash Join",
                                                      "Parent Relationship": "Outer",
                                                      "Parallel Aware": false,
                                                      "Join Type": "Inner",
                                                      "Startup Cost": 2.43,
                                                      "Total Cost": 206856.98,
                                                      "Plan Rows": 1120,
                                                      "Plan Width": 4,
                                                      "Actual Startup Time": 618.09,
                                                      "Actual Total Time": 784.796,
                                                      "Actual Rows": 117753,
                                                      "Actual Loops": 5,
                                                      "Inner Unique": true,
                                                      "Hash Cond": "(mi.info_type_id = it1.id)",
                                                      "Plans": [
                                                        {
                                                          "Node Type": "Seq Scan",
                                                          "Parent Relationship": "Outer",
                                                          "Parallel Aware": true,
                                                          "Relation Name": "movie_info",
                                                          "Alias": "mi",
                                                          "Startup Cost": 0.0,
                                                          "Total Cost": 206509.76,
                                                          "Plan Rows": 126602,
                                                          "Plan Width": 8,
                                                          "Actual Startup Time": 0.337,
                                                          "Actual Total Time": 758.048,
                                                          "Actual Rows": 133867,
                                                          "Actual Loops": 5,
                                                          "Filter": "(info = ANY ('{Germany,German,USA,American}'::text[]))",
                                                          "Rows Removed by Filter": 2833277
                                                        },
                                                        {
                                                          "Node Type": "Hash",
                                                          "Parent Relationship": "Inner",
                                                          "Parallel Aware": false,
                                                          "Startup Cost": 2.41,
                                                          "Total Cost": 2.41,
                                                          "Plan Rows": 1,
                                                          "Plan Width": 4,
                                                          "Actual Startup Time": 0.03,
                                                          "Actual Total Time": 0.032,
                                                          "Actual Rows": 1,
                                                          "Actual Loops": 5,
                                                          "Hash Buckets": 1024,
                                                          "Original Hash Buckets": 1024,
                                                          "Hash Batches": 1,
                                                          "Original Hash Batches": 1,
                                                          "Peak Memory Usage": 9,
                                                          "Plans": [
                                                            {
                                                              "Node Type": "Seq Scan",
                                                              "Parent Relationship": "Outer",
                                                              "Parallel Aware": false,
                                                              "Relation Name": "info_type",
                                                              "Alias": "it1",
                                                              "Startup Cost": 0.0,
                                                              "Total Cost": 2.41,
                                                              "Plan Rows": 1,
                                                              "Plan Width": 4,
                                                              "Actual Startup Time": 0.015,
                                                              "Actual Total Time": 0.023,
                                                              "Actual Rows": 1,
                                                              "Actual Loops": 5,
                                                              "Filter": "((info)::text = 'countries'::text)",
                                                              "Rows Removed by Filter": 112
                                                            }
                                                          ]
                                                        }
                                                      ]
                                                    },
                                                    {
                                                      "Node Type": "Hash",
                                                      "Parent Relationship": "Inner",
                                                      "Parallel Aware": true,
                                                      "Startup Cost": 62312.99,
                                                      "Total Cost": 62312.99,
                                                      "Plan Rows": 1,
                                                      "Plan Width": 14,
                                                      "Actual Startup Time": 457.796,
                                                      "Actual Total Time": 457.844,
                                                      "Actual Rows": 4960,
                                                      "Actual Loops": 5,
                                                      "Hash Buckets": 32768,
                                                      "Original Hash Buckets": 1024,
                                                      "Hash Batches": 1,
                                                      "Original Hash Batches": 1,
                                                      "Peak Memory Usage": 1752,
                                                      "Plans": [
                                                        {
                                                          "Node Type": "Hash Join",
                                                          "Parent Relationship": "Outer",
                                                          "Parallel Aware": true,
                                                          "Join Type": "Inner",
                                                          "Startup Cost": 45842.77,
                                                          "Total Cost": 62312.99,
                                                          "Plan Rows": 1,
                                                          "Plan Width": 14,
                                                          "Actual Startup Time": 320.586,
                                                          "Actual Total Time": 426.044,
                                                          "Actual Rows": 4960,
                                                          "Actual Loops": 5,
                                                          "Inner Unique": false,
                                                          "Hash Cond": "(mi_idx.movie_id = mk.movie_id)",
                                                          "Plans": [
                                                            {
                                                              "Node Type": "Hash Join",
                                                              "Parent Relationship": "Outer",
                                                              "Parallel Aware": false,
                                                              "Join Type": "Inner",
                                                              "Startup Cost": 2.43,
                                                              "Total Cost": 16456.42,
                                                              "Plan Rows": 4326,
                                                              "Plan Width": 10,
                                                              "Actual Startup Time": 0.168,
                                                              "Actual Total Time": 92.758,
                                                              "Actual Rows": 64823,
                                                              "Actual Loops": 5,
                                                              "Inner Unique": true,
                                                              "Hash Cond": "(mi_idx.info_type_id = it2.id)",
                                                              "Plans": [
                                                                {
                                                                  "Node Type": "Seq Scan",
                                                                  "Parent Relationship": "Outer",
                                                                  "Parallel Aware": true,
                                                                  "Relation Name": "movie_info_idx",
                                                                  "Alias": "mi_idx",
                                                                  "Startup Cost": 0.0,
                                                                  "Total Cost": 15122.68,
                                                                  "Plan Rows": 488832,
                                                                  "Plan Width": 14,
                                                                  "Actual Startup Time": 0.03,
                                                                  "Actual Total Time": 63.94,
                                                                  "Actual Rows": 234592,
                                                                  "Actual Loops": 5,
                                                                  "Filter": "(info < '7.0'::text)",
                                                                  "Rows Removed by Filter": 41415
                                                                },
                                                                {
                                                                  "Node Type": "Hash",
                                                                  "Parent Relationship": "Inner",
                                                                  "Parallel Aware": false,
                                                                  "Startup Cost": 2.41,
                                                                  "Total Cost": 2.41,
                                                                  "Plan Rows": 1,
                                                                  "Plan Width": 4,
                                                                  "Actual Startup Time": 0.075,
                                                                  "Actual Total Time": 0.076,
                                                                  "Actual Rows": 1,
                                                                  "Actual Loops": 5,
                                                                  "Hash Buckets": 1024,
                                                                  "Original Hash Buckets": 1024,
                                                                  "Hash Batches": 1,
                                                                  "Original Hash Batches": 1,
                                                                  "Peak Memory Usage": 9,
                                                                  "Plans": [
                                                                    {
                                                                      "Node Type": "Seq Scan",
                                                                      "Parent Relationship": "Outer",
                                                                      "Parallel Aware": false,
                                                                      "Relation Name": "info_type",
                                                                      "Alias": "it2",
                                                                      "Startup Cost": 0.0,
                                                                      "Total Cost": 2.41,
                                                                      "Plan Rows": 1,
                                                                      "Plan Width": 4,
                                                                      "Actual Startup Time": 0.064,
                                                                      "Actual Total Time": 0.067,
                                                                      "Actual Rows": 1,
                                                                      "Actual Loops": 5,
                                                                      "Filter": "((info)::text = 'rating'::text)",
                                                                      "Rows Removed by Filter": 112
                                                                    }
                                                                  ]
                                                                }
                                                              ]
                                                            },
                                                            {
                                                              "Node Type": "Hash",
                                                              "Parent Relationship": "Inner",
                                                              "Parallel Aware": true,
                                                              "Startup Cost": 45839.79,
                                                              "Total Cost": 45839.79,
                                                              "Plan Rows": 44,
                                                              "Plan Width": 4,
                                                              "Actual Startup Time": 319.322,
                                                              "Actual Total Time": 319.325,
                                                              "Actual Rows": 7418,
                                                              "Actual Loops": 5,
                                                              "Hash Buckets": 65536,
                                                              "Original Hash Buckets": 1024,
                                                              "Hash Batches": 1,
                                                              "Original Hash Batches": 1,
                                                              "Peak Memory Usage": 2616,
                                                              "Plans": [
                                                                {
                                                                  "Node Type": "Hash Join",
                                                                  "Parent Relationship": "Outer",
                                                                  "Parallel Aware": false,
                                                                  "Join Type": "Inner",
                                                                  "Startup Cost": 2961.6,
                                                                  "Total Cost": 45839.79,
                                                                  "Plan Rows": 44,
                                                                  "Plan Width": 4,
                                                                  "Actual Startup Time": 37.753,
                                                                  "Actual Total Time": 267.337,
                                                                  "Actual Rows": 7418,
                                                                  "Actual Loops": 5,
                                                                  "Inner Unique": true,
                                                                  "Hash Cond": "(mk.keyword_id = k.id)",
                                                                  "Plans": [
                                                                    {
                                                                      "Node Type": "Seq Scan",
                                                                      "Parent Relationship": "Outer",
                                                                      "Parallel Aware": true,
                                                                      "Relation Name": "movie_keyword",
                                                                      "Alias": "mk",
                                                                      "Startup Cost": 0.0,
                                                                      "Total Cost": 39047.32,
                                                                      "Plan Rows": 1459332,
                                                                      "Plan Width": 8,
                                                                      "Actual Startup Time": 0.067,
                                                                      "Actual Total Time": 133.819,
                                                                      "Actual Rows": 904786,
                                                                      "Actual Loops": 5
                                                                    },
                                                                    {
                                                                      "Node Type": "Hash",
                                                                      "Parent Relationship": "Inner",
                                                                      "Parallel Aware": false,
                                                                      "Startup Cost": 2961.55,
                                                                      "Total Cost": 2961.55,
                                                                      "Plan Rows": 4,
                                                                      "Plan Width": 4,
                                                                      "Actual Startup Time": 37.553,
                                                                      "Actual Total Time": 37.553,
                                                                      "Actual Rows": 3,
                                                                      "Actual Loops": 5,
                                                                      "Hash Buckets": 1024,
                                                                      "Original Hash Buckets": 1024,
                                                                      "Hash Batches": 1,
                                                                      "Original Hash Batches": 1,
                                                                      "Peak Memory Usage": 9,
                                                                      "Plans": [
                                                                        {
                                                                          "Node Type": "Seq Scan",
                                                                          "Parent Relationship": "Outer",
                                                                          "Parallel Aware": false,
                                                                          "Relation Name": "keyword",
                                                                          "Alias": "k",
                                                                          "Startup Cost": 0.0,
                                                                          "Total Cost": 2961.55,
                                                                          "Plan Rows": 4,
                                                                          "Plan Width": 4,
                                                                          "Actual Startup Time": 3.387,
                                                                          "Actual Total Time": 37.536,
                                                                          "Actual Rows": 3,
                                                                          "Actual Loops": 5,
                                                                          "Filter": "(keyword = ANY ('{murder,murder-in-title,blood,violence}'::text[]))",
                                                                          "Rows Removed by Filter": 134167
                                                                        }
                                                                      ]
                                                                    }
                                                                  ]
                                                                }
                                                              ]
                                                            }
                                                          ]
                                                        }
                                                      ]
                                                    }
                                                  ]
                                                }
                                              ]
                                            }
                                          ]
                                        }
                                      ]
                                    }
                                  ]
                                },
                                {
                                  "Node Type": "Hash",
                                  "Parent Relationship": "Inner",
                                  "Parallel Aware": false,
                                  "Startup Cost": 1.04,
                                  "Total Cost": 1.04,
                                  "Plan Rows": 4,
                                  "Plan Width": 4,
                                  "Actual Startup Time": 0.074,
                                  "Actual Total Time": 0.075,
                                  "Actual Rows": 4,
                                  "Actual Loops": 5,
                                  "Hash Buckets": 1024,
                                  "Original Hash Buckets": 1024,
                                  "Hash Batches": 1,
                                  "Original Hash Batches": 1,
                                  "Peak Memory Usage": 9,
                                  "Plans": [
                                    {
                                      "Node Type": "Seq Scan",
                                      "Parent Relationship": "Outer",
                                      "Parallel Aware": false,
                                      "Relation Name": "company_type",
                                      "Alias": "ct",
                                      "Startup Cost": 0.0,
                                      "Total Cost": 1.04,
                                      "Plan Rows": 4,
                                      "Plan Width": 4,
                                      "Actual Startup Time": 0.055,
                                      "Actual Total Time": 0.058,
                                      "Actual Rows": 4,
                                      "Actual Loops": 5
                                    }
                                  ]
                                }
                              ]
                            }
                          ]
                        }
                      ]
                    },
                    {
                      "Node Type": "Hash",
                      "Parent Relationship": "Inner",
                      "Parallel Aware": false,
                      "Startup Cost": 1.09,
                      "Total Cost": 1.09,
                      "Plan Rows": 2,
                      "Plan Width": 4,
                      "Actual Startup Time": 0.116,
                      "Actual Total Time": 0.117,
                      "Actual Rows": 2,
                      "Actual Loops": 5,
                      "Hash Buckets": 1024,
                      "Original Hash Buckets": 1024,
                      "Hash Batches": 1,
                      "Original Hash Batches": 1,
                      "Peak Memory Usage": 9,
                      "Plans": [
                        {
                          "Node Type": "Seq Scan",
                          "Parent Relationship": "Outer",
                          "Parallel Aware": false,
                          "Relation Name": "kind_type",
                          "Alias": "kt",
                          "Startup Cost": 0.0,
                          "Total Cost": 1.09,
                          "Plan Rows": 2,
                          "Plan Width": 4,
                          "Actual Startup Time": 0.086,
                          "Actual Total Time": 0.093,
                          "Actual Rows": 2,
                          "Actual Loops": 5,
                          "Filter": "((kind)::text = ANY ('{movie,episode}'::text[]))",
                          "Rows Removed by Filter": 5
                        }
                      ]
                    }
                  ]
                }
              ]
            }
          ]
        }
      ]
    },
    "Planning Time": 34.991,
    "Triggers": [],
    "Execution Time": 1763.563
  }
]