{
  "Plan": {
    "Node Type": "Aggregate",
    "Strategy": "Plain",
    "Partial Mode": "Finalize",
    "Parallel Aware": false,
    "Startup Cost": 15285.9,
    "Total Cost": 15285.91,
    "Plan Rows": 1,
    "Plan Width": 8,
    "Actual Startup Time": 11.745,
    "Actual Total Time": 13.512,
    "Actual Rows": 1,
    "Actual Loops": 1,
    "Plans": [
      {
        "Node Type": "Gather",
        "Parent Relationship": "Outer",
        "Parallel Aware": false,
        "Startup Cost": 15285.79,
        "Total Cost": 15285.9,
        "Plan Rows": 1,
        "Plan Width": 8,
        "Actual Startup Time": 5.224,
        "Actual Total Time": 13.496,
        "Actual Rows": 2,
        "Actual Loops": 1,
        "Workers Planned": 1,
        "Workers Launched": 1,
        "Single Copy": false,
        "Plans": [
          {
            "Node Type": "Aggregate",
            "Strategy": "Plain",
            "Partial Mode": "Partial",
            "Parent Relationship": "Outer",
            "Parallel Aware": false,
            "Startup Cost": 14285.79,
            "Total Cost": 14285.8,
            "Plan Rows": 1,
            "Plan Width": 8,
            "Actual Startup Time": 2.374,
            "Actual Total Time": 2.377,
            "Actual Rows": 1,
            "Actual Loops": 2,
            "Plans": [
              {
                "Node Type": "Nested Loop",
                "Parent Relationship": "Outer",
                "Parallel Aware": false,
                "Join Type": "Inner",
                "Startup Cost": 62.09,
                "Total Cost": 14284.61,
                "Plan Rows": 473,
                "Plan Width": 0,
                "Actual Startup Time": 2.039,
                "Actual Total Time": 2.363,
                "Actual Rows": 22,
                "Actual Loops": 2,
                "Inner Unique": true,
                "Plans": [
                  {
                    "Node Type": "Bitmap Heap Scan",
                    "Parent Relationship": "Outer",
                    "Parallel Aware": true,
                    "Relation Name": "movie_companies",
                    "Alias": "mc",
                    "Startup Cost": 61.66,
                    "Total Cost": 7566.12,
                    "Plan Rows": 831,
                    "Plan Width": 4,
                    "Actual Startup Time": 2.021,
                    "Actual Total Time": 2.084,
                    "Actual Rows": 22,
                    "Actual Loops": 2,
                    "Recheck Cond": "(company_id = 686)",
                    "Rows Removed by Index Recheck": 0,
                    "Filter": "(company_type_id = 2)",
                    "Rows Removed by Filter": 1202,
                    "Exact Heap Blocks": 456,
                    "Lossy Heap Blocks": 0,
                    "Plans": [
                      {
                        "Node Type": "Bitmap Index Scan",
                        "Parent Relationship": "Outer",
                        "Parallel Aware": false,
                        "Index Name": "company_id_movie_companies",
                        "Startup Cost": 0.0,
                        "Total Cost": 61.3,
                        "Plan Rows": 2783,
                        "Plan Width": 0,
                        "Actual Startup Time": 1.728,
                        "Actual Total Time": 1.728,
                        "Actual Rows": 2446,
                        "Actual Loops": 1,
                        "Index Cond": "(company_id = 686)"
                      }
                    ]
                  },
                  {
                    "Node Type": "Index Scan",
                    "Parent Relationship": "Inner",
                    "Parallel Aware": false,
                    "Scan Direction": "Forward",
                    "Index Name": "title_pkey",
                    "Relation Name": "title",
                    "Alias": "t",
                    "Startup Cost": 0.43,
                    "Total Cost": 8.08,
                    "Plan Rows": 1,
                    "Plan Width": 4,
                    "Actual Startup Time": 0.012,
                    "Actual Total Time": 0.012,
                    "Actual Rows": 1,
                    "Actual Loops": 43,
                    "Index Cond": "(id = mc.movie_id)",
                    "Rows Removed by Index Recheck": 0,
                    "Filter": "(production_year > 1999)",
                    "Rows Removed by Filter": 0
                  }
                ]
              }
            ]
          }
        ]
      }
    ]
  },
  "Planning Time": 0.677,
  "Triggers": [],
  "Execution Time": 13.61
}