[
  {
    "Plan": {
      "Node Type": "Aggregate",
      "Strategy": "Plain",
      "Partial Mode": "Finalize",
      "Parallel Aware": false,
      "Startup Cost": 45482.27,
      "Total Cost": 45482.28,
      "Plan Rows": 1,
      "Plan Width": 8,
      "Actual Startup Time": 148.255,
      "Actual Total Time": 158.527,
      "Actual Rows": 1,
      "Actual Loops": 1,
      "Plans": [
        {
          "Node Type": "Gather",
          "Parent Relationship": "Outer",
          "Parallel Aware": false,
          "Startup Cost": 45481.96,
          "Total Cost": 45482.27,
          "Plan Rows": 3,
          "Plan Width": 8,
          "Actual Startup Time": 148.125,
          "Actual Total Time": 158.515,
          "Actual Rows": 4,
          "Actual Loops": 1,
          "Workers Planned": 3,
          "Workers Launched": 3,
          "Single Copy": false,
          "Plans": [
            {
              "Node Type": "Aggregate",
              "Strategy": "Plain",
              "Partial Mode": "Partial",
              "Parent Relationship": "Outer",
              "Parallel Aware": false,
              "Startup Cost": 44481.96,
              "Total Cost": 44481.97,
              "Plan Rows": 1,
              "Plan Width": 8,
              "Actual Startup Time": 142.457,
              "Actual Total Time": 142.458,
              "Actual Rows": 1,
              "Actual Loops": 4,
              "Plans": [
                {
                  "Node Type": "Seq Scan",
                  "Parent Relationship": "Outer",
                  "Parallel Aware": true,
                  "Relation Name": "movie_keyword",
                  "Alias": "mk",
                  "Startup Cost": 0.0,
                  "Total Cost": 42695.65,
                  "Plan Rows": 714521,
                  "Plan Width": 0,
                  "Actual Startup Time": 0.516,
                  "Actual Total Time": 115.936,
                  "Actual Rows": 550936,
                  "Actual Loops": 4,
                  "Filter": "(keyword_id > 5058)",
                  "Rows Removed by Filter": 580047
                }
              ]
            }
          ]
        }
      ]
    },
    "Planning Time": 0.184,
    "Triggers": [],
    "Execution Time": 158.582
  }
]