[
  {
    "Plan": {
      "Node Type": "Aggregate",
      "Strategy": "Plain",
      "Partial Mode": "Finalize",
      "Parallel Aware": false,
      "Startup Cost": 45474.23,
      "Total Cost": 45474.24,
      "Plan Rows": 1,
      "Plan Width": 8,
      "Actual Startup Time": 146.291,
      "Actual Total Time": 156.142,
      "Actual Rows": 1,
      "Actual Loops": 1,
      "Plans": [
        {
          "Node Type": "Gather",
          "Parent Relationship": "Outer",
          "Parallel Aware": false,
          "Startup Cost": 45473.92,
          "Total Cost": 45474.23,
          "Plan Rows": 3,
          "Plan Width": 8,
          "Actual Startup Time": 146.193,
          "Actual Total Time": 156.135,
          "Actual Rows": 4,
          "Actual Loops": 1,
          "Workers Planned": 3,
          "Workers Launched": 3,
          "Single Copy": false,
          "Plans": [
            {
              "Node Type": "Aggregate",
              "Strategy": "Plain",
              "Partial Mode": "Partial",
              "Parent Relationship": "Outer",
              "Parallel Aware": false,
              "Startup Cost": 44473.92,
              "Total Cost": 44473.93,
              "Plan Rows": 1,
              "Plan Width": 8,
              "Actual Startup Time": 140.64,
              "Actual Total Time": 140.641,
              "Actual Rows": 1,
              "Actual Loops": 4,
              "Plans": [
                {
                  "Node Type": "Seq Scan",
                  "Parent Relationship": "Outer",
                  "Parallel Aware": true,
                  "Relation Name": "movie_keyword",
                  "Alias": "mk",
                  "Startup Cost": 0.0,
                  "Total Cost": 42695.65,
                  "Plan Rows": 711305,
                  "Plan Width": 0,
                  "Actual Startup Time": 0.441,
                  "Actual Total Time": 115.219,
                  "Actual Rows": 550936,
                  "Actual Loops": 4,
                  "Filter": "(keyword_id > 5058)",
                  "Rows Removed by Filter": 580047
                }
              ]
            }
          ]
        }
      ]
    },
    "Planning Time": 0.177,
    "Triggers": [],
    "Execution Time": 156.196
  }
]