{
  "Plan": {
    "Node Type": "Aggregate",
    "Strategy": "Plain",
    "Partial Mode": "Finalize",
    "Parallel Aware": false,
    "Startup Cost": 123697.1,
    "Total Cost": 123697.11,
    "Plan Rows": 1,
    "Plan Width": 8,
    "Actual Startup Time": 541.684,
    "Actual Total Time": 561.864,
    "Actual Rows": 1,
    "Actual Loops": 1,
    "Plans": [
      {
        "Node Type": "Gather",
        "Parent Relationship": "Outer",
        "Parallel Aware": false,
        "Startup Cost": 123696.99,
        "Total Cost": 123697.1,
        "Plan Rows": 1,
        "Plan Width": 8,
        "Actual Startup Time": 541.285,
        "Actual Total Time": 561.854,
        "Actual Rows": 2,
        "Actual Loops": 1,
        "Workers Planned": 1,
        "Workers Launched": 1,
        "Single Copy": false,
        "Plans": [
          {
            "Node Type": "Aggregate",
            "Strategy": "Plain",
            "Partial Mode": "Partial",
            "Parent Relationship": "Outer",
            "Parallel Aware": false,
            "Startup Cost": 122696.99,
            "Total Cost": 122697.0,
            "Plan Rows": 1,
            "Plan Width": 8,
            "Actual Startup Time": 537.578,
            "Actual Total Time": 537.582,
            "Actual Rows": 1,
            "Actual Loops": 2,
            "Plans": [
              {
                "Node Type": "Hash Join",
                "Parent Relationship": "Outer",
                "Parallel Aware": true,
                "Join Type": "Inner",
                "Startup Cost": 58601.03,
                "Total Cost": 122602.17,
                "Plan Rows": 37925,
                "Plan Width": 0,
                "Actual Startup Time": 162.809,
                "Actual Total Time": 537.364,
                "Actual Rows": 4144,
                "Actual Loops": 2,
                "Inner Unique": true,
                "Hash Cond": "(mk.movie_id = t.id)",
                "Plans": [
                  {
                    "Node Type": "Seq Scan",
                    "Parent Relationship": "Outer",
                    "Parallel Aware": true,
                    "Relation Name": "movie_keyword",
                    "Alias": "mk",
                    "Startup Cost": 0.0,
                    "Total Cost": 57718.19,
                    "Plan Rows": 2393501,
                    "Plan Width": 4,
                    "Actual Startup Time": 0.036,
                    "Actual Total Time": 232.78,
                    "Actual Rows": 2026014,
                    "Actual Loops": 2,
                    "Filter": "(keyword_id > 355)",
                    "Rows Removed by Filter": 235951
                  },
                  {
                    "Node Type": "Hash",
                    "Parent Relationship": "Inner",
                    "Parallel Aware": true,
                    "Startup Cost": 58306.47,
                    "Total Cost": 58306.47,
                    "Plan Rows": 23565,
                    "Plan Width": 4,
                    "Actual Startup Time": 160.191,
                    "Actual Total Time": 160.192,
                    "Actual Rows": 20060,
                    "Actual Loops": 2,
                    "Hash Buckets": 65536,
                    "Original Hash Buckets": 65536,
                    "Hash Batches": 1,
                    "Original Hash Batches": 1,
                    "Peak Memory Usage": 2112,
                    "Plans": [
                      {
                        "Node Type": "Seq Scan",
                        "Parent Relationship": "Outer",
                        "Parallel Aware": true,
                        "Relation Name": "title",
                        "Alias": "t",
                        "Startup Cost": 0.0,
                        "Total Cost": 58306.47,
                        "Plan Rows": 23565,
                        "Plan Width": 4,
                        "Actual Startup Time": 0.051,
                        "Actual Total Time": 152.998,
                        "Actual Rows": 20060,
                        "Actual Loops": 2,
                        "Filter": "((kind_id = 7) AND (production_year = 2013))",
                        "Rows Removed by Filter": 1244096
                      }
                    ]
                  }
                ]
              }
            ]
          }
        ]
      }
    ]
  },
  "Planning Time": 0.464,
  "Triggers": [],
  "Execution Time": 561.936
}