[
  {
    "Plan": {
      "Node Type": "Aggregate",
      "Strategy": "Plain",
      "Partial Mode": "Finalize",
      "Parallel Aware": false,
      "Startup Cost": 100360.92,
      "Total Cost": 100360.93,
      "Plan Rows": 1,
      "Plan Width": 8,
      "Actual Startup Time": 825.984,
      "Actual Total Time": 841.797,
      "Actual Rows": 1,
      "Actual Loops": 1,
      "Plans": [
        {
          "Node Type": "Gather",
          "Parent Relationship": "Outer",
          "Parallel Aware": false,
          "Startup Cost": 100360.7,
          "Total Cost": 100360.91,
          "Plan Rows": 2,
          "Plan Width": 8,
          "Actual Startup Time": 817.612,
          "Actual Total Time": 841.788,
          "Actual Rows": 3,
          "Actual Loops": 1,
          "Workers Planned": 2,
          "Workers Launched": 2,
          "Single Copy": false,
          "Plans": [
            {
              "Node Type": "Aggregate",
              "Strategy": "Plain",
              "Partial Mode": "Partial",
              "Parent Relationship": "Outer",
              "Parallel Aware": false,
              "Startup Cost": 99360.7,
              "Total Cost": 99360.71,
              "Plan Rows": 1,
              "Plan Width": 8,
              "Actual Startup Time": 810.167,
              "Actual Total Time": 810.298,
              "Actual Rows": 1,
              "Actual Loops": 3,
              "Plans": [
                {
                  "Node Type": "Hash Join",
                  "Parent Relationship": "Outer",
                  "Parallel Aware": true,
                  "Join Type": "Inner",
                  "Startup Cost": 82628.01,
                  "Total Cost": 98915.08,
                  "Plan Rows": 178249,
                  "Plan Width": 0,
                  "Actual Startup Time": 642.1,
                  "Actual Total Time": 790.113,
                  "Actual Rows": 461667,
                  "Actual Loops": 3,
                  "Inner Unique": false,
                  "Hash Cond": "(mi_idx.movie_id = t.id)",
                  "Plans": [
                    {
                      "Node Type": "Seq Scan",
                      "Parent Relationship": "Outer",
                      "Parallel Aware": true,
                      "Relation Name": "movie_info_idx",
                      "Alias": "mi_idx",
                      "Startup Cost": 0.0,
                      "Total Cost": 13685.15,
                      "Plan Rows": 575015,
                      "Plan Width": 4,
                      "Actual Startup Time": 0.03,
                      "Actual Total Time": 38.725,
                      "Actual Rows": 460012,
                      "Actual Loops": 3
                    },
                    {
                      "Node Type": "Hash",
                      "Parent Relationship": "Inner",
                      "Parallel Aware": true,
                      "Startup Cost": 80178.81,
                      "Total Cost": 80178.81,
                      "Plan Rows": 195936,
                      "Plan Width": 8,
                      "Actual Startup Time": 635.466,
                      "Actual Total Time": 635.596,
                      "Actual Rows": 274655,
                      "Actual Loops": 3,
                      "Hash Buckets": 1048576,
                      "Original Hash Buckets": 1048576,
                      "Hash Batches": 1,
                      "Original Hash Batches": 1,
                      "Peak Memory Usage": 40480,
                      "Plans": [
                        {
                          "Node Type": "Hash Join",
                          "Parent Relationship": "Outer",
                          "Parallel Aware": true,
                          "Join Type": "Inner",
                          "Startup Cost": 32707.97,
                          "Total Cost": 80178.81,
                          "Plan Rows": 195936,
                          "Plan Width": 8,
                          "Actual Startup Time": 180.52,
                          "Actual Total Time": 551.933,
                          "Actual Rows": 274655,
                          "Actual Loops": 3,
                          "Inner Unique": false,
                          "Hash Cond": "(t.id = mc.movie_id)",
                          "Plans": [
                            {
                              "Node Type": "Seq Scan",
                              "Parent Relationship": "Outer",
                              "Parallel Aware": true,
                              "Relation Name": "title",
                              "Alias": "t",
                              "Startup Cost": 0.0,
                              "Total Cost": 43898.92,
                              "Plan Rows": 587975,
                              "Plan Width": 4,
                              "Actual Startup Time": 0.013,
                              "Actual Total Time": 128.707,
                              "Actual Rows": 783130,
                              "Actual Loops": 3,
                              "Filter": "(production_year > 1926)",
                              "Rows Removed by Filter": 59640
                            },
                            {
                              "Node Type": "Hash",
                              "Parent Relationship": "Inner",
                              "Parallel Aware": true,
                              "Startup Cost": 29310.68,
                              "Total Cost": 29310.68,
                              "Plan Rows": 271783,
                              "Plan Width": 4,
                              "Actual Startup Time": 176.8,
                              "Actual Total Time": 176.8,
                              "Actual Rows": 278651,
                              "Actual Loops": 3,
                              "Hash Buckets": 1048576,
                              "Original Hash Buckets": 1048576,
                              "Hash Batches": 1,
                              "Original Hash Batches": 1,
                              "Peak Memory Usage": 40928,
                              "Plans": [
                                {
                                  "Node Type": "Seq Scan",
                                  "Parent Relationship": "Outer",
                                  "Parallel Aware": true,
                                  "Relation Name": "movie_companies",
                                  "Alias": "mc",
                                  "Startup Cost": 0.0,
                                  "Total Cost": 29310.68,
                                  "Plan Rows": 271783,
                                  "Plan Width": 4,
                                  "Actual Startup Time": 0.049,
                                  "Actual Total Time": 95.953,
                                  "Actual Rows": 278651,
                                  "Actual Loops": 3,
                                  "Filter": "(company_id < 2164)",
                                  "Rows Removed by Filter": 591058
                                }
                              ]
                            }
                          ]
                        }
                      ]
                    }
                  ]
                }
              ]
            }
          ]
        }
      ]
    },
    "Planning Time": 1.388,
    "Triggers": [],
    "Execution Time": 841.881
  }
]