[
  {
    "Plan": {
      "Node Type": "Aggregate",
      "Strategy": "Plain",
      "Partial Mode": "Finalize",
      "Parallel Aware": false,
      "Startup Cost": 95735.03,
      "Total Cost": 95735.04,
      "Plan Rows": 1,
      "Plan Width": 8,
      "Actual Startup Time": 551.948,
      "Actual Total Time": 570.639,
      "Actual Rows": 1,
      "Actual Loops": 1,
      "Plans": [
        {
          "Node Type": "Gather",
          "Parent Relationship": "Outer",
          "Parallel Aware": false,
          "Startup Cost": 95734.71,
          "Total Cost": 95735.02,
          "Plan Rows": 3,
          "Plan Width": 8,
          "Actual Startup Time": 544.12,
          "Actual Total Time": 570.627,
          "Actual Rows": 4,
          "Actual Loops": 1,
          "Workers Planned": 3,
          "Workers Launched": 3,
          "Single Copy": false,
          "Plans": [
            {
              "Node Type": "Aggregate",
              "Strategy": "Plain",
              "Partial Mode": "Partial",
              "Parent Relationship": "Outer",
              "Parallel Aware": false,
              "Startup Cost": 94734.71,
              "Total Cost": 94734.72,
              "Plan Rows": 1,
              "Plan Width": 8,
              "Actual Startup Time": 531.455,
              "Actual Total Time": 531.459,
              "Actual Rows": 1,
              "Actual Loops": 4,
              "Plans": [
                {
                  "Node Type": "Hash Join",
                  "Parent Relationship": "Outer",
                  "Parallel Aware": true,
                  "Join Type": "Inner",
                  "Startup Cost": 66336.9,
                  "Total Cost": 94190.18,
                  "Plan Rows": 217814,
                  "Plan Width": 0,
                  "Actual Startup Time": 403.801,
                  "Actual Total Time": 522.839,
                  "Actual Rows": 172627,
                  "Actual Loops": 4,
                  "Inner Unique": true,
                  "Hash Cond": "(mk.movie_id = t.id)",
                  "Plans": [
                    {
                      "Node Type": "Bitmap Heap Scan",
                      "Parent Relationship": "Outer",
                      "Parallel Aware": true,
                      "Relation Name": "movie_keyword",
                      "Alias": "mk",
                      "Startup Cost": 14779.95,
                      "Total Cost": 42043.27,
                      "Plan Rows": 224746,
                      "Plan Width": 4,
                      "Actual Startup Time": 49.466,
                      "Actual Total Time": 109.836,
                      "Actual Rows": 173758,
                      "Actual Loops": 4,
                      "Recheck Cond": "(keyword_id > 27122)",
                      "Rows Removed by Index Recheck": 0,
                      "Exact Heap Blocks": 6546,
                      "Lossy Heap Blocks": 0,
                      "Plans": [
                        {
                          "Node Type": "Bitmap Index Scan",
                          "Parent Relationship": "Outer",
                          "Parallel Aware": false,
                          "Index Name": "keyword_id_movie_keyword",
                          "Startup Cost": 0.0,
                          "Total Cost": 14605.77,
                          "Plan Rows": 696712,
                          "Plan Width": 0,
                          "Actual Startup Time": 45.812,
                          "Actual Total Time": 45.813,
                          "Actual Rows": 695031,
                          "Actual Loops": 1,
                          "Index Cond": "(keyword_id > 27122)"
                        }
                      ]
                    },
                    {
                      "Node Type": "Hash",
                      "Parent Relationship": "Inner",
                      "Parallel Aware": true,
                      "Startup Cost": 43899.32,
                      "Total Cost": 43899.32,
                      "Plan Rows": 612610,
                      "Plan Width": 4,
                      "Actual Startup Time": 346.107,
                      "Actual Total Time": 346.109,
                      "Actual Rows": 613176,
                      "Actual Loops": 4,
                      "Hash Buckets": 4194304,
                      "Original Hash Buckets": 4194304,
                      "Hash Batches": 1,
                      "Original Hash Batches": 1,
                      "Peak Memory Usage": 128832,
                      "Plans": [
                        {
                          "Node Type": "Seq Scan",
                          "Parent Relationship": "Outer",
                          "Parallel Aware": true,
                          "Relation Name": "title",
                          "Alias": "t",
                          "Startup Cost": 0.0,
                          "Total Cost": 43899.32,
                          "Plan Rows": 612610,
                          "Plan Width": 4,
                          "Actual Startup Time": 0.052,
                          "Actual Total Time": 110.115,
                          "Actual Rows": 613176,
                          "Actual Loops": 4,
                          "Filter": "(production_year < 2014)",
                          "Rows Removed by Filter": 18902
                        }
                      ]
                    }
                  ]
                }
              ]
            }
          ]
        }
      ]
    },
    "Planning Time": 0.247,
    "Triggers": [],
    "Execution Time": 570.683
  }
]