{
  "Plan": {
    "Node Type": "Aggregate",
    "Strategy": "Plain",
    "Partial Mode": "Simple",
    "Parallel Aware": false,
    "Startup Cost": 7535.96,
    "Total Cost": 7535.97,
    "Plan Rows": 1,
    "Plan Width": 64,
    "Actual Startup Time": 237.711,
    "Actual Total Time": 237.717,
    "Actual Rows": 1,
    "Actual Loops": 1,
    "Plans": [
      {
        "Node Type": "Nested Loop",
        "Parent Relationship": "Outer",
        "Parallel Aware": false,
        "Join Type": "Inner",
        "Startup Cost": 12.11,
        "Total Cost": 7535.96,
        "Plan Rows": 1,
        "Plan Width": 23,
        "Actual Startup Time": 2.665,
        "Actual Total Time": 237.584,
        "Actual Rows": 304,
        "Actual Loops": 1,
        "Inner Unique": true,
        "Join Filter": "(t.kind_id = kt.id)",
        "Rows Removed by Join Filter": 4184,
        "Plans": [
          {
            "Node Type": "Nested Loop",
            "Parent Relationship": "Outer",
            "Parallel Aware": false,
            "Join Type": "Inner",
            "Startup Cost": 12.11,
            "Total Cost": 7534.84,
            "Plan Rows": 1,
            "Plan Width": 27,
            "Actual Startup Time": 2.647,
            "Actual Total Time": 228.294,
            "Actual Rows": 2373,
            "Actual Loops": 1,
            "Inner Unique": true,
            "Plans": [
              {
                "Node Type": "Nested Loop",
                "Parent Relationship": "Outer",
                "Parallel Aware": false,
                "Join Type": "Inner",
                "Startup Cost": 11.68,
                "Total Cost": 7534.35,
                "Plan Rows": 1,
                "Plan Width": 18,
                "Actual Startup Time": 2.63,
                "Actual Total Time": 215.897,
                "Actual Rows": 2643,
                "Actual Loops": 1,
                "Inner Unique": false,
                "Join Filter": "(mi.info_type_id = it1.id)",
                "Rows Removed by Join Filter": 1074,
                "Plans": [
                  {
                    "Node Type": "Seq Scan",
                    "Parent Relationship": "Outer",
                    "Parallel Aware": false,
                    "Relation Name": "info_type",
                    "Alias": "it1",
                    "Startup Cost": 0.0,
                    "Total Cost": 2.41,
                    "Plan Rows": 1,
                    "Plan Width": 4,
                    "Actual Startup Time": 0.022,
                    "Actual Total Time": 0.028,
                    "Actual Rows": 1,
                    "Actual Loops": 1,
                    "Filter": "((info)::text = 'countries'::text)",
                    "Rows Removed by Filter": 112
                  },
                  {
                    "Node Type": "Nested Loop",
                    "Parent Relationship": "Inner",
                    "Parallel Aware": false,
                    "Join Type": "Inner",
                    "Startup Cost": 11.68,
                    "Total Cost": 7531.88,
                    "Plan Rows": 5,
                    "Plan Width": 22,
                    "Actual Startup Time": 2.604,
                    "Actual Total Time": 215.332,
                    "Actual Rows": 3717,
                    "Actual Loops": 1,
                    "Inner Unique": false,
                    "Plans": [
                      {
                        "Node Type": "Nested Loop",
                        "Parent Relationship": "Outer",
                        "Parallel Aware": false,
                        "Join Type": "Inner",
                        "Startup Cost": 11.25,
                        "Total Cost": 7526.43,
                        "Plan Rows": 3,
                        "Plan Width": 14,
                        "Actual Startup Time": 2.14,
                        "Actual Total Time": 56.412,
                        "Actual Rows": 3910,
                        "Actual Loops": 1,
                        "Inner Unique": false,
                        "Join Filter": "(mi_idx.info_type_id = it2.id)",
                        "Rows Removed by Join Filter": 8075,
                        "Plans": [
                          {
                            "Node Type": "Seq Scan",
                            "Parent Relationship": "Outer",
                            "Parallel Aware": false,
                            "Relation Name": "info_type",
                            "Alias": "it2",
                            "Startup Cost": 0.0,
                            "Total Cost": 2.41,
                            "Plan Rows": 1,
                            "Plan Width": 4,
                            "Actual Startup Time": 0.029,
                            "Actual Total Time": 0.032,
                            "Actual Rows": 1,
                            "Actual Loops": 1,
                            "Filter": "((info)::text = 'rating'::text)",
                            "Rows Removed by Filter": 112
                          },
                          {
                            "Node Type": "Nested Loop",
                            "Parent Relationship": "Inner",
                            "Parallel Aware": false,
                            "Join Type": "Inner",
                            "Startup Cost": 11.25,
                            "Total Cost": 7519.37,
                            "Plan Rows": 372,
                            "Plan Width": 18,
                            "Actual Startup Time": 2.081,
                            "Actual Total Time": 55.288,
                            "Actual Rows": 11985,
                            "Actual Loops": 1,
                            "Inner Unique": false,
                            "Plans": [
                              {
                                "Node Type": "Nested Loop",
                                "Parent Relationship": "Outer",
                                "Parallel Aware": false,
                                "Join Type": "Inner",
                                "Startup Cost": 10.82,
                                "Total Cost": 7447.81,
                                "Plan Rows": 135,
                                "Plan Width": 4,
                                "Actual Startup Time": 2.042,
                                "Actual Total Time": 24.988,
                                "Actual Rows": 5055,
                                "Actual Loops": 1,
                                "Inner Unique": false,
                                "Plans": [
                                  {
                                    "Node Type": "Seq Scan",
                                    "Parent Relationship": "Outer",
                                    "Parallel Aware": false,
                                    "Relation Name": "keyword",
                                    "Alias": "k",
                                    "Startup Cost": 0.0,
                                    "Total Cost": 2961.55,
                                    "Plan Rows": 4,
                                    "Plan Width": 4,
                                    "Actual Startup Time": 0.379,
                                    "Actual Total Time": 14.561,
                                    "Actual Rows": 3,
                                    "Actual Loops": 1,
                                    "Filter": "((keyword IS NOT NULL) AND (keyword = ANY ('{superhero,superhero,hand-to-hand-combat,anthology}'::text[])))",
                                    "Rows Removed by Filter": 134167
                                  },
                                  {
                                    "Node Type": "Bitmap Heap Scan",
                                    "Parent Relationship": "Inner",
                                    "Parallel Aware": false,
                                    "Relation Name": "movie_keyword",
                                    "Alias": "mk",
                                    "Startup Cost": 10.82,
                                    "Total Cost": 1118.49,
                                    "Plan Rows": 308,
                                    "Plan Width": 8,
                                    "Actual Startup Time": 0.706,
                                    "Actual Total Time": 3.292,
                                    "Actual Rows": 1685,
                                    "Actual Loops": 3,
                                    "Recheck Cond": "(keyword_id = k.id)",
                                    "Rows Removed by Index Recheck": 0,
                                    "Exact Heap Blocks": 3903,
                                    "Lossy Heap Blocks": 0,
                                    "Plans": [
                                      {
                                        "Node Type": "Bitmap Index Scan",
                                        "Parent Relationship": "Outer",
                                        "Parallel Aware": false,
                                        "Index Name": "keyword_id_movie_keyword",
                                        "Startup Cost": 0.0,
                                        "Total Cost": 10.74,
                                        "Plan Rows": 308,
                                        "Plan Width": 0,
                                        "Actual Startup Time": 0.412,
                                        "Actual Total Time": 0.412,
                                        "Actual Rows": 1685,
                                        "Actual Loops": 3,
                                        "Index Cond": "(keyword_id = k.id)"
                                      }
                                    ]
                                  }
                                ]
                              },
                              {
                                "Node Type": "Index Scan",
                                "Parent Relationship": "Inner",
                                "Parallel Aware": false,
                                "Scan Direction": "Forward",
                                "Index Name": "movie_id_movie_info_idx",
                                "Relation Name": "movie_info_idx",
                                "Alias": "mi_idx",
                                "Startup Cost": 0.43,
                                "Total Cost": 0.5,
                                "Plan Rows": 3,
                                "Plan Width": 14,
                                "Actual Startup Time": 0.005,
                                "Actual Total Time": 0.005,
                                "Actual Rows": 2,
                                "Actual Loops": 5055,
                                "Index Cond": "(movie_id = mk.movie_id)",
                                "Rows Removed by Index Recheck": 0,
                                "Filter": "(info < '7.6'::text)",
                                "Rows Removed by Filter": 0
                              }
                            ]
                          }
                        ]
                      },
                      {
                        "Node Type": "Index Scan",
                        "Parent Relationship": "Inner",
                        "Parallel Aware": false,
                        "Scan Direction": "Forward",
                        "Index Name": "movie_id_movie_info",
                        "Relation Name": "movie_info",
                        "Alias": "mi",
                        "Startup Cost": 0.43,
                        "Total Cost": 1.8,
                        "Plan Rows": 2,
                        "Plan Width": 8,
                        "Actual Startup Time": 0.035,
                        "Actual Total Time": 0.04,
                        "Actual Rows": 1,
                        "Actual Loops": 3910,
                        "Index Cond": "(movie_id = mk.movie_id)",
                        "Rows Removed by Index Recheck": 0,
                        "Filter": "(info = ANY ('{Denish,America,Danish,Germany,Sweden,German,Norway,Norwegian,Swedish,USA}'::text[]))",
                        "Rows Removed by Filter": 61
                      }
                    ]
                  }
                ]
              },
              {
                "Node Type": "Index Scan",
                "Parent Relationship": "Inner",
                "Parallel Aware": false,
                "Scan Direction": "Forward",
                "Index Name": "title_pkey",
                "Relation Name": "title",
                "Alias": "t",
                "Startup Cost": 0.43,
                "Total Cost": 0.49,
                "Plan Rows": 1,
                "Plan Width": 25,
                "Actual Startup Time": 0.004,
                "Actual Total Time": 0.004,
                "Actual Rows": 1,
                "Actual Loops": 2643,
                "Index Cond": "(id = mk.movie_id)",
                "Rows Removed by Index Recheck": 0,
                "Filter": "(production_year > 1959)",
                "Rows Removed by Filter": 0
              }
            ]
          },
          {
            "Node Type": "Seq Scan",
            "Parent Relationship": "Inner",
            "Parallel Aware": false,
            "Relation Name": "kind_type",
            "Alias": "kt",
            "Startup Cost": 0.0,
            "Total Cost": 1.09,
            "Plan Rows": 2,
            "Plan Width": 4,
            "Actual Startup Time": 0.002,
            "Actual Total Time": 0.002,
            "Actual Rows": 2,
            "Actual Loops": 2373,
            "Filter": "((kind)::text = ANY ('{episode,\"tv series\"}'::text[]))",
            "Rows Removed by Filter": 5
          }
        ]
      }
    ]
  },
  "Planning Time": 2.484,
  "Triggers": [],
  "Execution Time": 237.851
}