[
    {
        "Bao": {
            "Bao prediction": "NaN",
            "Bao recommended hint": "(no hint)"
        }
    },
    {
        "Plan": {
            "Node Type": "Aggregate",
            "Strategy": "Plain",
            "Partial Mode": "Simple",
            "Parallel Aware": false,
            "Startup Cost": 39311.99,
            "Total Cost": 39312.0,
            "Plan Rows": 1,
            "Plan Width": 8,
            "Actual Startup Time": 32.767,
            "Actual Total Time": 32.769,
            "Actual Rows": 1,
            "Actual Loops": 1,
            "Output": [
                "count(*)"
            ],
            "Plans": [
                {
                    "Node Type": "Bitmap Heap Scan",
                    "Parent Relationship": "Outer",
                    "Parallel Aware": false,
                    "Relation Name": "title",
                    "Schema": "public",
                    "Alias": "t",
                    "Startup Cost": 1800.55,
                    "Total Cost": 39310.49,
                    "Plan Rows": 601,
                    "Plan Width": 0,
                    "Actual Startup Time": 5.712,
                    "Actual Total Time": 32.699,
                    "Actual Rows": 1171,
                    "Actual Loops": 1,
                    "Recheck Cond": "(t.kind_id = 3)",
                    "Rows Removed by Index Recheck": 0,
                    "Filter": "(t.production_year = 1967)",
                    "Rows Removed by Filter": 99366,
                    "Exact Heap Blocks": 12707,
                    "Lossy Heap Blocks": 0,
                    "Plans": [
                        {
                            "Node Type": "Bitmap Index Scan",
                            "Parent Relationship": "Outer",
                            "Parallel Aware": false,
                            "Index Name": "kind_id_title",
                            "Startup Cost": 0.0,
                            "Total Cost": 1800.4,
                            "Plan Rows": 100796,
                            "Plan Width": 0,
                            "Actual Startup Time": 4.269,
                            "Actual Total Time": 4.27,
                            "Actual Rows": 100537,
                            "Actual Loops": 1,
                            "Index Cond": "(t.kind_id = 3)"
                        }
                    ]
                }
            ]
        },
        "Planning Time": 192.912,
        "Triggers": [],
        "Execution Time": 32.813
    }
]