{
    "Plan": {
        "Node Type": "Aggregate",
        "Strategy": "Plain",
        "Partial Mode": "Finalize",
        "Parallel Aware": false,
        "Startup Cost": 424475.51,
        "Total Cost": 424475.52,
        "Plan Rows": 1,
        "Plan Width": 8,
        "Actual Startup Time": 1648.969,
        "Actual Total Time": 1697.87,
        "Actual Rows": 1,
        "Actual Loops": 1,
        "Output": [
            "count(*)"
        ],
        "Plans": [
            {
                "Node Type": "Gather",
                "Parent Relationship": "Outer",
                "Parallel Aware": false,
                "Startup Cost": 424475.19,
                "Total Cost": 424475.5,
                "Plan Rows": 3,
                "Plan Width": 8,
                "Actual Startup Time": 1620.168,
                "Actual Total Time": 1697.858,
                "Actual Rows": 4,
                "Actual Loops": 1,
                "Output": [
                    "(PARTIAL count(*))"
                ],
                "Workers Planned": 3,
                "Workers Launched": 3,
                "Single Copy": false,
                "Plans": [
                    {
                        "Node Type": "Aggregate",
                        "Strategy": "Plain",
                        "Partial Mode": "Partial",
                        "Parent Relationship": "Outer",
                        "Parallel Aware": false,
                        "Startup Cost": 423475.19,
                        "Total Cost": 423475.2,
                        "Plan Rows": 1,
                        "Plan Width": 8,
                        "Actual Startup Time": 1598.126,
                        "Actual Total Time": 1598.133,
                        "Actual Rows": 1,
                        "Actual Loops": 4,
                        "Output": [
                            "PARTIAL count(*)"
                        ],
                        "Workers": [
                            {
                                "Worker Number": 0,
                                "Actual Startup Time": 1588.333,
                                "Actual Total Time": 1588.34,
                                "Actual Rows": 1,
                                "Actual Loops": 1
                            },
                            {
                                "Worker Number": 1,
                                "Actual Startup Time": 1596.95,
                                "Actual Total Time": 1596.957,
                                "Actual Rows": 1,
                                "Actual Loops": 1
                            },
                            {
                                "Worker Number": 2,
                                "Actual Startup Time": 1588.346,
                                "Actual Total Time": 1588.352,
                                "Actual Rows": 1,
                                "Actual Loops": 1
                            }
                        ],
                        "Plans": [
                            {
                                "Node Type": "Hash Join",
                                "Parent Relationship": "Outer",
                                "Parallel Aware": true,
                                "Join Type": "Inner",
                                "Startup Cost": 399348.58,
                                "Total Cost": 423461.66,
                                "Plan Rows": 5413,
                                "Plan Width": 0,
                                "Actual Startup Time": 1491.279,
                                "Actual Total Time": 1596.697,
                                "Actual Rows": 18185,
                                "Actual Loops": 4,
                                "Inner Unique": false,
                                "Hash Cond": "(t.id = mi.movie_id)",
                                "Workers": [
                                    {
                                        "Worker Number": 0,
                                        "Actual Startup Time": 1483.338,
                                        "Actual Total Time": 1586.917,
                                        "Actual Rows": 17765,
                                        "Actual Loops": 1
                                    },
                                    {
                                        "Worker Number": 1,
                                        "Actual Startup Time": 1483.718,
                                        "Actual Total Time": 1595.55,
                                        "Actual Rows": 14902,
                                        "Actual Loops": 1
                                    },
                                    {
                                        "Worker Number": 2,
                                        "Actual Startup Time": 1483.914,
                                        "Actual Total Time": 1586.807,
                                        "Actual Rows": 16911,
                                        "Actual Loops": 1
                                    }
                                ],
                                "Plans": [
                                    {
                                        "Node Type": "Hash Join",
                                        "Parent Relationship": "Outer",
                                        "Parallel Aware": true,
                                        "Join Type": "Inner",
                                        "Startup Cost": 69787.06,
                                        "Total Cost": 91329.73,
                                        "Plan Rows": 1889,
                                        "Plan Width": 8,
                                        "Actual Startup Time": 203.403,
                                        "Actual Total Time": 291.308,
                                        "Actual Rows": 1722,
                                        "Actual Loops": 4,
                                        "Output": [
                                            "t.id",
                                            "mc.movie_id"
                                        ],
                                        "Inner Unique": true,
                                        "Hash Cond": "(mc.movie_id = t.id)",
                                        "Workers": [
                                            {
                                                "Worker Number": 0,
                                                "Actual Startup Time": 203.069,
                                                "Actual Total Time": 290.909,
                                                "Actual Rows": 1661,
                                                "Actual Loops": 1
                                            },
                                            {
                                                "Worker Number": 1,
                                                "Actual Startup Time": 203.422,
                                                "Actual Total Time": 291.235,
                                                "Actual Rows": 1510,
                                                "Actual Loops": 1
                                            },
                                            {
                                                "Worker Number": 2,
                                                "Actual Startup Time": 203.693,
                                                "Actual Total Time": 290.823,
                                                "Actual Rows": 1502,
                                                "Actual Loops": 1
                                            }
                                        ],
                                        "Plans": [
                                            {
                                                "Node Type": "Bitmap Heap Scan",
                                                "Parent Relationship": "Outer",
                                                "Parallel Aware": true,
                                                "Relation Name": "movie_companies",
                                                "Schema": "public",
                                                "Alias": "mc",
                                                "Startup Cost": 12224.84,
                                                "Total Cost": 33289.77,
                                                "Plan Rows": 181994,
                                                "Plan Width": 4,
                                                "Actual Startup Time": 55.903,
                                                "Actual Total Time": 116.638,
                                                "Actual Rows": 140420,
                                                "Actual Loops": 4,
                                                "Output": [
                                                    "mc.id",
                                                    "mc.movie_id",
                                                    "mc.company_id",
                                                    "mc.company_type_id",
                                                    "mc.note"
                                                ],
                                                "Recheck Cond": "(mc.company_id < 596)",
                                                "Rows Removed by Index Recheck": 0,
                                                "Exact Heap Blocks": 6188,
                                                "Lossy Heap Blocks": 0,
                                                "Workers": [
                                                    {
                                                        "Worker Number": 0,
                                                        "Actual Startup Time": 55.727,
                                                        "Actual Total Time": 117.166,
                                                        "Actual Rows": 144810,
                                                        "Actual Loops": 1
                                                    },
                                                    {
                                                        "Worker Number": 1,
                                                        "Actual Startup Time": 55.935,
                                                        "Actual Total Time": 115.954,
                                                        "Actual Rows": 127081,
                                                        "Actual Loops": 1
                                                    },
                                                    {
                                                        "Worker Number": 2,
                                                        "Actual Startup Time": 55.954,
                                                        "Actual Total Time": 115.9,
                                                        "Actual Rows": 124107,
                                                        "Actual Loops": 1
                                                    }
                                                ],
                                                "Plans": [
                                                    {
                                                        "Node Type": "Bitmap Index Scan",
                                                        "Parent Relationship": "Outer",
                                                        "Parallel Aware": false,
                                                        "Index Name": "company_id_movie_companies",
                                                        "Startup Cost": 0.0,
                                                        "Total Cost": 12083.8,
                                                        "Plan Rows": 564182,
                                                        "Plan Width": 0,
                                                        "Actual Startup Time": 51.343,
                                                        "Actual Total Time": 51.343,
                                                        "Actual Rows": 561678,
                                                        "Actual Loops": 1,
                                                        "Index Cond": "(mc.company_id < 596)",
                                                        "Workers": [
                                                            {
                                                                "Worker Number": 0,
                                                                "Actual Startup Time": 51.343,
                                                                "Actual Total Time": 51.343,
                                                                "Actual Rows": 561678,
                                                                "Actual Loops": 1
                                                            }
                                                        ]
                                                    }
                                                ]
                                            },
                                            {
                                                "Node Type": "Hash",
                                                "Parent Relationship": "Inner",
                                                "Parallel Aware": true,
                                                "Startup Cost": 57480.2,
                                                "Total Cost": 57480.2,
                                                "Plan Rows": 6562,
                                                "Plan Width": 4,
                                                "Actual Startup Time": 147.228,
                                                "Actual Total Time": 147.23,
                                                "Actual Rows": 5158,
                                                "Actual Loops": 4,
                                                "Output": [
                                                    "t.id"
                                                ],
                                                "Hash Buckets": 32768,
                                                "Original Hash Buckets": 32768,
                                                "Hash Batches": 1,
                                                "Original Hash Batches": 1,
                                                "Peak Memory Usage": 1120,
                                                "Workers": [
                                                    {
                                                        "Worker Number": 0,
                                                        "Actual Startup Time": 147.219,
                                                        "Actual Total Time": 147.221,
                                                        "Actual Rows": 4224,
                                                        "Actual Loops": 1
                                                    },
                                                    {
                                                        "Worker Number": 1,
                                                        "Actual Startup Time": 147.208,
                                                        "Actual Total Time": 147.209,
                                                        "Actual Rows": 4546,
                                                        "Actual Loops": 1
                                                    },
                                                    {
                                                        "Worker Number": 2,
                                                        "Actual Startup Time": 147.299,
                                                        "Actual Total Time": 147.3,
                                                        "Actual Rows": 4582,
                                                        "Actual Loops": 1
                                                    }
                                                ],
                                                "Plans": [
                                                    {
                                                        "Node Type": "Bitmap Heap Scan",
                                                        "Parent Relationship": "Outer",
                                                        "Parallel Aware": true,
                                                        "Relation Name": "title",
                                                        "Schema": "public",
                                                        "Alias": "t",
                                                        "Startup Cost": 17749.13,
                                                        "Total Cost": 57480.2,
                                                        "Plan Rows": 6562,
                                                        "Plan Width": 4,
                                                        "Actual Startup Time": 42.451,
                                                        "Actual Total Time": 144.27,
                                                        "Actual Rows": 5158,
                                                        "Actual Loops": 4,
                                                        "Output": [
                                                            "t.id"
                                                        ],
                                                        "Recheck Cond": "(t.kind_id < 7)",
                                                        "Rows Removed by Index Recheck": 0,
                                                        "Filter": "(t.production_year = 2002)",
                                                        "Rows Removed by Filter": 241104,
                                                        "Exact Heap Blocks": 13225,
                                                        "Lossy Heap Blocks": 0,
                                                        "Workers": [
                                                            {
                                                                "Worker Number": 0,
                                                                "Actual Startup Time": 43.146,
                                                                "Actual Total Time": 144.326,
                                                                "Actual Rows": 4224,
                                                                "Actual Loops": 1
                                                            },
                                                            {
                                                                "Worker Number": 1,
                                                                "Actual Startup Time": 42.289,
                                                                "Actual Total Time": 144.273,
                                                                "Actual Rows": 4546,
                                                                "Actual Loops": 1
                                                            },
                                                            {
                                                                "Worker Number": 2,
                                                                "Actual Startup Time": 42.011,
                                                                "Actual Total Time": 144.256,
                                                                "Actual Rows": 4582,
                                                                "Actual Loops": 1
                                                            }
                                                        ],
                                                        "Plans": [
                                                            {
                                                                "Node Type": "Bitmap Index Scan",
                                                                "Parent Relationship": "Outer",
                                                                "Parallel Aware": false,
                                                                "Index Name": "kind_id_title",
                                                                "Startup Cost": 0.0,
                                                                "Total Cost": 17742.57,
                                                                "Plan Rows": 995485,
                                                                "Plan Width": 0,
                                                                "Actual Startup Time": 36.12,
                                                                "Actual Total Time": 36.12,
                                                                "Actual Rows": 985048,
                                                                "Actual Loops": 1,
                                                                "Index Cond": "(t.kind_id < 7)"
                                                            }
                                                        ]
                                                    }
                                                ]
                                            }
                                        ]
                                    },
                                    {
                                        "Node Type": "Hash",
                                        "Parent Relationship": "Inner",
                                        "Parallel Aware": true,
                                        "Startup Cost": 311453.27,
                                        "Total Cost": 311453.27,
                                        "Plan Rows": 1448660,
                                        "Plan Width": 4,
                                        "Actual Startup Time": 1273.114,
                                        "Actual Total Time": 1273.115,
                                        "Actual Rows": 1821716,
                                        "Actual Loops": 4,
                                        "Output": [
                                            "mi.movie_id"
                                        ],
                                        "Hash Buckets": 8388608,
                                        "Original Hash Buckets": 8388608,
                                        "Hash Batches": 1,
                                        "Original Hash Batches": 1,
                                        "Peak Memory Usage": 350656,
                                        "Workers": [
                                            {
                                                "Worker Number": 0,
                                                "Actual Startup Time": 1279.666,
                                                "Actual Total Time": 1279.667,
                                                "Actual Rows": 1548182,
                                                "Actual Loops": 1
                                            },
                                            {
                                                "Worker Number": 1,
                                                "Actual Startup Time": 1279.63,
                                                "Actual Total Time": 1279.631,
                                                "Actual Rows": 1666677,
                                                "Actual Loops": 1
                                            },
                                            {
                                                "Worker Number": 2,
                                                "Actual Startup Time": 1279.812,
                                                "Actual Total Time": 1279.813,
                                                "Actual Rows": 1656332,
                                                "Actual Loops": 1
                                            }
                                        ],
                                        "Plans": [
                                            {
                                                "Node Type": "Bitmap Heap Scan",
                                                "Parent Relationship": "Outer",
                                                "Parallel Aware": true,
                                                "Relation Name": "movie_info",
                                                "Schema": "public",
                                                "Alias": "mi",
                                                "Startup Cost": 131352.02,
                                                "Total Cost": 311453.27,
                                                "Plan Rows": 1448660,
                                                "Plan Width": 4,
                                                "Actual Startup Time": 226.92,
                                                "Actual Total Time": 603.85,
                                                "Actual Rows": 1821716,
                                                "Actual Loops": 4,
                                                "Output": [
                                                    "mi.movie_id"
                                                ],
                                                "Recheck Cond": "(mi.info_type_id < 8)",
                                                "Rows Removed by Index Recheck": 0,
                                                "Exact Heap Blocks": 16585,
                                                "Lossy Heap Blocks": 0,
                                                "Workers": [
                                                    {
                                                        "Worker Number": 0,
                                                        "Actual Startup Time": 226.988,
                                                        "Actual Total Time": 603.065,
                                                        "Actual Rows": 1548182,
                                                        "Actual Loops": 1
                                                    },
                                                    {
                                                        "Worker Number": 1,
                                                        "Actual Startup Time": 226.885,
                                                        "Actual Total Time": 611.324,
                                                        "Actual Rows": 1666677,
                                                        "Actual Loops": 1
                                                    },
                                                    {
                                                        "Worker Number": 2,
                                                        "Actual Startup Time": 227.022,
                                                        "Actual Total Time": 609.763,
                                                        "Actual Rows": 1656332,
                                                        "Actual Loops": 1
                                                    }
                                                ],
                                                "Plans": [
                                                    {
                                                        "Node Type": "Bitmap Index Scan",
                                                        "Parent Relationship": "Outer",
                                                        "Parallel Aware": false,
                                                        "Index Name": "info_type_id_movie_info",
                                                        "Startup Cost": 0.0,
                                                        "Total Cost": 129541.19,
                                                        "Plan Rows": 7243301,
                                                        "Plan Width": 0,
                                                        "Actual Startup Time": 218.7,
                                                        "Actual Total Time": 218.7,
                                                        "Actual Rows": 7286865,
                                                        "Actual Loops": 1,
                                                        "Index Cond": "(mi.info_type_id < 8)"
                                                    }
                                                ]
                                            }
                                        ]
                                    }
                                ]
                            }
                        ]
                    }
                ]
            }
        ]
    },
    "Planning Time": 4.02,
    "Triggers": [],
    "Execution Time": 1698.468
}