[
  {
    "Plan": {
      "Node Type": "Aggregate",
      "Strategy": "Plain",
      "Partial Mode": "Finalize",
      "Parallel Aware": false,
      "Startup Cost": 88676.87,
      "Total Cost": 88676.88,
      "Plan Rows": 1,
      "Plan Width": 8,
      "Actual Startup Time": 127.579,
      "Actual Total Time": 144.251,
      "Actual Rows": 1,
      "Actual Loops": 1,
      "Plans": [
        {
          "Node Type": "Gather",
          "Parent Relationship": "Outer",
          "Parallel Aware": false,
          "Startup Cost": 88676.45,
          "Total Cost": 88676.86,
          "Plan Rows": 4,
          "Plan Width": 8,
          "Actual Startup Time": 127.288,
          "Actual Total Time": 144.243,
          "Actual Rows": 5,
          "Actual Loops": 1,
          "Workers Planned": 4,
          "Workers Launched": 4,
          "Single Copy": false,
          "Plans": [
            {
              "Node Type": "Aggregate",
              "Strategy": "Plain",
              "Partial Mode": "Partial",
              "Parent Relationship": "Outer",
              "Parallel Aware": false,
              "Startup Cost": 87676.45,
              "Total Cost": 87676.46,
              "Plan Rows": 1,
              "Plan Width": 8,
              "Actual Startup Time": 117.616,
              "Actual Total Time": 117.617,
              "Actual Rows": 1,
              "Actual Loops": 5,
              "Plans": [
                {
                  "Node Type": "Nested Loop",
                  "Parent Relationship": "Outer",
                  "Parallel Aware": false,
                  "Join Type": "Inner",
                  "Startup Cost": 0.43,
                  "Total Cost": 87650.09,
                  "Plan Rows": 10542,
                  "Plan Width": 0,
                  "Actual Startup Time": 0.799,
                  "Actual Total Time": 116.636,
                  "Actual Rows": 19964,
                  "Actual Loops": 5,
                  "Inner Unique": false,
                  "Plans": [
                    {
                      "Node Type": "Seq Scan",
                      "Parent Relationship": "Outer",
                      "Parallel Aware": true,
                      "Relation Name": "title",
                      "Alias": "t",
                      "Startup Cost": 0.0,
                      "Total Cost": 45479.59,
                      "Plan Rows": 5985,
                      "Plan Width": 4,
                      "Actual Startup Time": 0.306,
                      "Actual Total Time": 77.678,
                      "Actual Rows": 3778,
                      "Actual Loops": 5,
                      "Filter": "((kind_id < 7) AND (production_year = 2001))",
                      "Rows Removed by Filter": 501884
                    },
                    {
                      "Node Type": "Index Scan",
                      "Parent Relationship": "Inner",
                      "Parallel Aware": false,
                      "Scan Direction": "Forward",
                      "Index Name": "movie_id_movie_keyword",
                      "Relation Name": "movie_keyword",
                      "Alias": "mk",
                      "Startup Cost": 0.43,
                      "Total Cost": 6.6,
                      "Plan Rows": 45,
                      "Plan Width": 4,
                      "Actual Startup Time": 0.009,
                      "Actual Total Time": 0.01,
                      "Actual Rows": 5,
                      "Actual Loops": 18892,
                      "Index Cond": "(movie_id = t.id)",
                      "Rows Removed by Index Recheck": 0,
                      "Filter": "(keyword_id > 62)",
                      "Rows Removed by Filter": 0
                    }
                  ]
                }
              ]
            }
          ]
        }
      ]
    },
    "Planning Time": 0.298,
    "Triggers": [],
    "Execution Time": 144.283
  }
]