[
  {
    "Plan": {
      "Node Type": "Aggregate",
      "Strategy": "Plain",
      "Partial Mode": "Finalize",
      "Parallel Aware": false,
      "Startup Cost": 45463.81,
      "Total Cost": 45463.82,
      "Plan Rows": 1,
      "Plan Width": 8,
      "Actual Startup Time": 116.707,
      "Actual Total Time": 130.546,
      "Actual Rows": 1,
      "Actual Loops": 1,
      "Plans": [
        {
          "Node Type": "Gather",
          "Parent Relationship": "Outer",
          "Parallel Aware": false,
          "Startup Cost": 45463.39,
          "Total Cost": 45463.8,
          "Plan Rows": 4,
          "Plan Width": 8,
          "Actual Startup Time": 116.518,
          "Actual Total Time": 130.535,
          "Actual Rows": 5,
          "Actual Loops": 1,
          "Workers Planned": 4,
          "Workers Launched": 4,
          "Single Copy": false,
          "Plans": [
            {
              "Node Type": "Aggregate",
              "Strategy": "Plain",
              "Partial Mode": "Partial",
              "Parent Relationship": "Outer",
              "Parallel Aware": false,
              "Startup Cost": 44463.39,
              "Total Cost": 44463.4,
              "Plan Rows": 1,
              "Plan Width": 8,
              "Actual Startup Time": 111.119,
              "Actual Total Time": 111.121,
              "Actual Rows": 1,
              "Actual Loops": 5,
              "Plans": [
                {
                  "Node Type": "Seq Scan",
                  "Parent Relationship": "Outer",
                  "Parallel Aware": true,
                  "Relation Name": "title",
                  "Alias": "t",
                  "Startup Cost": 0.0,
                  "Total Cost": 43899.32,
                  "Plan Rows": 225629,
                  "Plan Width": 0,
                  "Actual Startup Time": 0.029,
                  "Actual Total Time": 99.307,
                  "Actual Rows": 180898,
                  "Actual Loops": 5,
                  "Filter": "(production_year > 2006)",
                  "Rows Removed by Filter": 324764
                }
              ]
            }
          ]
        }
      ]
    },
    "Planning Time": 0.078,
    "Triggers": [],
    "Execution Time": 130.578
  }
]