[
  {
    "Plan": {
      "Node Type": "Aggregate",
      "Strategy": "Plain",
      "Partial Mode": "Finalize",
      "Parallel Aware": false,
      "Startup Cost": 44933.5,
      "Total Cost": 44933.51,
      "Plan Rows": 1,
      "Plan Width": 8,
      "Actual Startup Time": 135.057,
      "Actual Total Time": 146.097,
      "Actual Rows": 1,
      "Actual Loops": 1,
      "Plans": [
        {
          "Node Type": "Gather",
          "Parent Relationship": "Outer",
          "Parallel Aware": false,
          "Startup Cost": 44933.18,
          "Total Cost": 44933.49,
          "Plan Rows": 3,
          "Plan Width": 8,
          "Actual Startup Time": 134.89,
          "Actual Total Time": 146.088,
          "Actual Rows": 4,
          "Actual Loops": 1,
          "Workers Planned": 3,
          "Workers Launched": 3,
          "Single Copy": false,
          "Plans": [
            {
              "Node Type": "Aggregate",
              "Strategy": "Plain",
              "Partial Mode": "Partial",
              "Parent Relationship": "Outer",
              "Parallel Aware": false,
              "Startup Cost": 43933.18,
              "Total Cost": 43933.19,
              "Plan Rows": 1,
              "Plan Width": 8,
              "Actual Startup Time": 126.991,
              "Actual Total Time": 126.992,
              "Actual Rows": 1,
              "Actual Loops": 4,
              "Plans": [
                {
                  "Node Type": "Seq Scan",
                  "Parent Relationship": "Outer",
                  "Parallel Aware": true,
                  "Relation Name": "movie_keyword",
                  "Alias": "mk",
                  "Startup Cost": 0.0,
                  "Total Cost": 42695.65,
                  "Plan Rows": 495010,
                  "Plan Width": 0,
                  "Actual Startup Time": 1.62,
                  "Actual Total Time": 108.549,
                  "Actual Rows": 381098,
                  "Actual Loops": 4,
                  "Filter": "(keyword_id > 10540)",
                  "Rows Removed by Filter": 749885
                }
              ]
            }
          ]
        }
      ]
    },
    "Planning Time": 0.188,
    "Triggers": [],
    "Execution Time": 146.153
  }
]