[
  {
    "Plan": {
      "Node Type": "Aggregate",
      "Strategy": "Plain",
      "Partial Mode": "Finalize",
      "Parallel Aware": false,
      "Startup Cost": 107702.54,
      "Total Cost": 107702.55,
      "Plan Rows": 1,
      "Plan Width": 8,
      "Actual Startup Time": 504.24,
      "Actual Total Time": 527.549,
      "Actual Rows": 1,
      "Actual Loops": 1,
      "Plans": [
        {
          "Node Type": "Gather",
          "Parent Relationship": "Outer",
          "Parallel Aware": false,
          "Startup Cost": 107702.12,
          "Total Cost": 107702.53,
          "Plan Rows": 4,
          "Plan Width": 8,
          "Actual Startup Time": 497.895,
          "Actual Total Time": 527.538,
          "Actual Rows": 5,
          "Actual Loops": 1,
          "Workers Planned": 4,
          "Workers Launched": 4,
          "Single Copy": false,
          "Plans": [
            {
              "Node Type": "Aggregate",
              "Strategy": "Plain",
              "Partial Mode": "Partial",
              "Parent Relationship": "Outer",
              "Parallel Aware": false,
              "Startup Cost": 106702.12,
              "Total Cost": 106702.13,
              "Plan Rows": 1,
              "Plan Width": 8,
              "Actual Startup Time": 487.643,
              "Actual Total Time": 487.726,
              "Actual Rows": 1,
              "Actual Loops": 5,
              "Plans": [
                {
                  "Node Type": "Hash Join",
                  "Parent Relationship": "Outer",
                  "Parallel Aware": true,
                  "Join Type": "Inner",
                  "Startup Cost": 61339.6,
                  "Total Cost": 106512.99,
                  "Plan Rows": 75652,
                  "Plan Width": 0,
                  "Actual Startup Time": 284.158,
                  "Actual Total Time": 481.606,
                  "Actual Rows": 106011,
                  "Actual Loops": 5,
                  "Inner Unique": false,
                  "Hash Cond": "(t.id = mc.movie_id)",
                  "Plans": [
                    {
                      "Node Type": "Seq Scan",
                      "Parent Relationship": "Outer",
                      "Parallel Aware": true,
                      "Relation Name": "title",
                      "Alias": "t",
                      "Startup Cost": 0.0,
                      "Total Cost": 42318.73,
                      "Plan Rows": 632073,
                      "Plan Width": 4,
                      "Actual Startup Time": 0.018,
                      "Actual Total Time": 78.75,
                      "Actual Rows": 505662,
                      "Actual Loops": 5
                    },
                    {
                      "Node Type": "Hash",
                      "Parent Relationship": "Inner",
                      "Parallel Aware": true,
                      "Startup Cost": 58917.71,
                      "Total Cost": 58917.71,
                      "Plan Rows": 193751,
                      "Plan Width": 8,
                      "Actual Startup Time": 279.942,
                      "Actual Total Time": 280.023,
                      "Actual Rows": 106011,
                      "Actual Loops": 5,
                      "Hash Buckets": 1048576,
                      "Original Hash Buckets": 1048576,
                      "Hash Batches": 1,
                      "Original Hash Batches": 1,
                      "Peak Memory Usage": 28992,
                      "Plans": [
                        {
                          "Node Type": "Hash Join",
                          "Parent Relationship": "Outer",
                          "Parallel Aware": true,
                          "Join Type": "Inner",
                          "Startup Cost": 35234.01,
                          "Total Cost": 58917.71,
                          "Plan Rows": 193751,
                          "Plan Width": 8,
                          "Actual Startup Time": 143.658,
                          "Actual Total Time": 241.087,
                          "Actual Rows": 106011,
                          "Actual Loops": 5,
                          "Inner Unique": false,
                          "Hash Cond": "(ci.movie_id = mc.movie_id)",
                          "Plans": [
                            {
                              "Node Type": "Index Scan",
                              "Parent Relationship": "Outer",
                              "Parallel Aware": true,
                              "Scan Direction": "Forward",
                              "Index Name": "role_id_cast_info",
                              "Relation Name": "cast_info",
                              "Alias": "ci",
                              "Startup Cost": 0.56,
                              "Total Cost": 22049.42,
                              "Plan Rows": 201971,
                              "Plan Width": 4,
                              "Actual Startup Time": 0.42,
                              "Actual Total Time": 32.519,
                              "Actual Rows": 154735,
                              "Actual Loops": 5,
                              "Index Cond": "(role_id = 6)",
                              "Rows Removed by Index Recheck": 0
                            },
                            {
                              "Node Type": "Hash",
                              "Parent Relationship": "Inner",
                              "Parallel Aware": true,
                              "Startup Cost": 31414.82,
                              "Total Cost": 31414.82,
                              "Plan Rows": 305490,
                              "Plan Width": 4,
                              "Actual Startup Time": 141.106,
                              "Actual Total Time": 141.108,
                              "Actual Rows": 157412,
                              "Actual Loops": 5,
                              "Hash Buckets": 1048576,
                              "Original Hash Buckets": 1048576,
                              "Hash Batches": 1,
                              "Original Hash Batches": 1,
                              "Peak Memory Usage": 39040,
                              "Plans": [
                                {
                                  "Node Type": "Seq Scan",
                                  "Parent Relationship": "Outer",
                                  "Parallel Aware": true,
                                  "Relation Name": "movie_companies",
                                  "Alias": "mc",
                                  "Startup Cost": 0.0,
                                  "Total Cost": 31414.82,
                                  "Plan Rows": 305490,
                                  "Plan Width": 4,
                                  "Actual Startup Time": 0.696,
                                  "Actual Total Time": 81.962,
                                  "Actual Rows": 157412,
                                  "Actual Loops": 5,
                                  "Filter": "((company_id > 1151) AND (company_type_id < 2))",
                                  "Rows Removed by Filter": 364413
                                }
                              ]
                            }
                          ]
                        }
                      ]
                    }
                  ]
                }
              ]
            }
          ]
        }
      ]
    },
    "Planning Time": 1.384,
    "Triggers": [],
    "Execution Time": 527.641
  }
]