{
    "Plan": {
        "Node Type": "Aggregate",
        "Strategy": "Plain",
        "Partial Mode": "Finalize",
        "Parallel Aware": false,
        "Startup Cost": 247885.79,
        "Total Cost": 247885.8,
        "Plan Rows": 1,
        "Plan Width": 8,
        "Actual Startup Time": 486.136,
        "Actual Total Time": 527.481,
        "Actual Rows": 1,
        "Actual Loops": 1,
        "Output": [
            "count(*)"
        ],
        "Plans": [
            {
                "Node Type": "Gather",
                "Parent Relationship": "Outer",
                "Parallel Aware": false,
                "Startup Cost": 247885.27,
                "Total Cost": 247885.78,
                "Plan Rows": 5,
                "Plan Width": 8,
                "Actual Startup Time": 482.578,
                "Actual Total Time": 527.469,
                "Actual Rows": 6,
                "Actual Loops": 1,
                "Output": [
                    "(PARTIAL count(*))"
                ],
                "Workers Planned": 5,
                "Workers Launched": 5,
                "Single Copy": false,
                "Plans": [
                    {
                        "Node Type": "Aggregate",
                        "Strategy": "Plain",
                        "Partial Mode": "Partial",
                        "Parent Relationship": "Outer",
                        "Parallel Aware": false,
                        "Startup Cost": 246885.27,
                        "Total Cost": 246885.28,
                        "Plan Rows": 1,
                        "Plan Width": 8,
                        "Actual Startup Time": 472.645,
                        "Actual Total Time": 472.648,
                        "Actual Rows": 1,
                        "Actual Loops": 6,
                        "Output": [
                            "PARTIAL count(*)"
                        ],
                        "Workers": [
                            {
                                "Worker Number": 0,
                                "Actual Startup Time": 470.068,
                                "Actual Total Time": 470.071,
                                "Actual Rows": 1,
                                "Actual Loops": 1
                            },
                            {
                                "Worker Number": 1,
                                "Actual Startup Time": 470.426,
                                "Actual Total Time": 470.429,
                                "Actual Rows": 1,
                                "Actual Loops": 1
                            },
                            {
                                "Worker Number": 2,
                                "Actual Startup Time": 470.782,
                                "Actual Total Time": 470.785,
                                "Actual Rows": 1,
                                "Actual Loops": 1
                            },
                            {
                                "Worker Number": 3,
                                "Actual Startup Time": 471.337,
                                "Actual Total Time": 471.339,
                                "Actual Rows": 1,
                                "Actual Loops": 1
                            },
                            {
                                "Worker Number": 4,
                                "Actual Startup Time": 471.343,
                                "Actual Total Time": 471.346,
                                "Actual Rows": 1,
                                "Actual Loops": 1
                            }
                        ],
                        "Plans": [
                            {
                                "Node Type": "Hash Join",
                                "Parent Relationship": "Outer",
                                "Parallel Aware": true,
                                "Join Type": "Inner",
                                "Startup Cost": 46667.08,
                                "Total Cost": 246717.75,
                                "Plan Rows": 67007,
                                "Plan Width": 0,
                                "Actual Startup Time": 127.206,
                                "Actual Total Time": 466.766,
                                "Actual Rows": 129196,
                                "Actual Loops": 6,
                                "Inner Unique": true,
                                "Hash Cond": "(mi.movie_id = t.id)",
                                "Workers": [
                                    {
                                        "Worker Number": 0,
                                        "Actual Startup Time": 124.655,
                                        "Actual Total Time": 464.397,
                                        "Actual Rows": 136212,
                                        "Actual Loops": 1
                                    },
                                    {
                                        "Worker Number": 1,
                                        "Actual Startup Time": 125.033,
                                        "Actual Total Time": 465.227,
                                        "Actual Rows": 124401,
                                        "Actual Loops": 1
                                    },
                                    {
                                        "Worker Number": 2,
                                        "Actual Startup Time": 125.118,
                                        "Actual Total Time": 465.618,
                                        "Actual Rows": 123181,
                                        "Actual Loops": 1
                                    },
                                    {
                                        "Worker Number": 3,
                                        "Actual Startup Time": 125.946,
                                        "Actual Total Time": 465.625,
                                        "Actual Rows": 136863,
                                        "Actual Loops": 1
                                    },
                                    {
                                        "Worker Number": 4,
                                        "Actual Startup Time": 125.949,
                                        "Actual Total Time": 465.784,
                                        "Actual Rows": 132978,
                                        "Actual Loops": 1
                                    }
                                ],
                                "Plans": [
                                    {
                                        "Node Type": "Seq Scan",
                                        "Parent Relationship": "Outer",
                                        "Parallel Aware": true,
                                        "Relation Name": "movie_info",
                                        "Schema": "public",
                                        "Alias": "mi",
                                        "Startup Cost": 0.0,
                                        "Total Cost": 198880.74,
                                        "Plan Rows": 445687,
                                        "Plan Width": 4,
                                        "Actual Startup Time": 16.087,
                                        "Actual Total Time": 301.186,
                                        "Actual Rows": 372308,
                                        "Actual Loops": 6,
                                        "Output": [
                                            "mi.id",
                                            "mi.movie_id",
                                            "mi.info_type_id",
                                            "mi.info",
                                            "mi.note"
                                        ],
                                        "Filter": "(mi.info_type_id > 16)",
                                        "Rows Removed by Filter": 2100312,
                                        "Workers": [
                                            {
                                                "Worker Number": 0,
                                                "Actual Startup Time": 16.095,
                                                "Actual Total Time": 303.67,
                                                "Actual Rows": 389205,
                                                "Actual Loops": 1
                                            },
                                            {
                                                "Worker Number": 1,
                                                "Actual Startup Time": 16.078,
                                                "Actual Total Time": 304.199,
                                                "Actual Rows": 352459,
                                                "Actual Loops": 1
                                            },
                                            {
                                                "Worker Number": 2,
                                                "Actual Startup Time": 16.078,
                                                "Actual Total Time": 304.413,
                                                "Actual Rows": 350864,
                                                "Actual Loops": 1
                                            },
                                            {
                                                "Worker Number": 3,
                                                "Actual Startup Time": 16.085,
                                                "Actual Total Time": 303.701,
                                                "Actual Rows": 388739,
                                                "Actual Loops": 1
                                            },
                                            {
                                                "Worker Number": 4,
                                                "Actual Startup Time": 16.092,
                                                "Actual Total Time": 303.773,
                                                "Actual Rows": 383830,
                                                "Actual Loops": 1
                                            }
                                        ]
                                    },
                                    {
                                        "Node Type": "Hash",
                                        "Parent Relationship": "Inner",
                                        "Parallel Aware": true,
                                        "Startup Cost": 45479.21,
                                        "Total Cost": 45479.21,
                                        "Plan Rows": 95030,
                                        "Plan Width": 4,
                                        "Actual Startup Time": 95.91,
                                        "Actual Total Time": 95.911,
                                        "Actual Rows": 47019,
                                        "Actual Loops": 6,
                                        "Output": [
                                            "t.id"
                                        ],
                                        "Hash Buckets": 524288,
                                        "Original Hash Buckets": 524288,
                                        "Hash Batches": 1,
                                        "Original Hash Batches": 1,
                                        "Peak Memory Usage": 15296,
                                        "Workers": [
                                            {
                                                "Worker Number": 0,
                                                "Actual Startup Time": 94.924,
                                                "Actual Total Time": 94.925,
                                                "Actual Rows": 50793,
                                                "Actual Loops": 1
                                            },
                                            {
                                                "Worker Number": 1,
                                                "Actual Startup Time": 95.196,
                                                "Actual Total Time": 95.197,
                                                "Actual Rows": 44173,
                                                "Actual Loops": 1
                                            },
                                            {
                                                "Worker Number": 2,
                                                "Actual Startup Time": 95.271,
                                                "Actual Total Time": 95.273,
                                                "Actual Rows": 43367,
                                                "Actual Loops": 1
                                            },
                                            {
                                                "Worker Number": 3,
                                                "Actual Startup Time": 96.042,
                                                "Actual Total Time": 96.043,
                                                "Actual Rows": 49922,
                                                "Actual Loops": 1
                                            },
                                            {
                                                "Worker Number": 4,
                                                "Actual Startup Time": 95.976,
                                                "Actual Total Time": 95.977,
                                                "Actual Rows": 49118,
                                                "Actual Loops": 1
                                            }
                                        ],
                                        "Plans": [
                                            {
                                                "Node Type": "Seq Scan",
                                                "Parent Relationship": "Outer",
                                                "Parallel Aware": true,
                                                "Relation Name": "title",
                                                "Schema": "public",
                                                "Alias": "t",
                                                "Startup Cost": 0.0,
                                                "Total Cost": 45479.21,
                                                "Plan Rows": 95030,
                                                "Plan Width": 4,
                                                "Actual Startup Time": 41.392,
                                                "Actual Total Time": 78.368,
                                                "Actual Rows": 47019,
                                                "Actual Loops": 6,
                                                "Output": [
                                                    "t.id"
                                                ],
                                                "Filter": "((t.production_year > 1999) AND (t.kind_id = 1))",
                                                "Rows Removed by Filter": 374366,
                                                "Workers": [
                                                    {
                                                        "Worker Number": 0,
                                                        "Actual Startup Time": 47.687,
                                                        "Actual Total Time": 77.824,
                                                        "Actual Rows": 50793,
                                                        "Actual Loops": 1
                                                    },
                                                    {
                                                        "Worker Number": 1,
                                                        "Actual Startup Time": 48.122,
                                                        "Actual Total Time": 77.922,
                                                        "Actual Rows": 44173,
                                                        "Actual Loops": 1
                                                    },
                                                    {
                                                        "Worker Number": 2,
                                                        "Actual Startup Time": 48.004,
                                                        "Actual Total Time": 77.668,
                                                        "Actual Rows": 43367,
                                                        "Actual Loops": 1
                                                    },
                                                    {
                                                        "Worker Number": 3,
                                                        "Actual Startup Time": 48.749,
                                                        "Actual Total Time": 78.573,
                                                        "Actual Rows": 49922,
                                                        "Actual Loops": 1
                                                    },
                                                    {
                                                        "Worker Number": 4,
                                                        "Actual Startup Time": 48.522,
                                                        "Actual Total Time": 78.291,
                                                        "Actual Rows": 49118,
                                                        "Actual Loops": 1
                                                    }
                                                ]
                                            }
                                        ]
                                    }
                                ]
                            }
                        ]
                    }
                ]
            }
        ]
    },
    "Planning Time": 0.638,
    "Triggers": [],
    "Execution Time": 527.551
}