{
  "Plan": {
    "Node Type": "Aggregate",
    "Strategy": "Plain",
    "Partial Mode": "Finalize",
    "Parallel Aware": false,
    "Startup Cost": 341413.74,
    "Total Cost": 341413.75,
    "Plan Rows": 1,
    "Plan Width": 8,
    "Actual Startup Time": 219.869,
    "Actual Total Time": 248.306,
    "Actual Rows": 1,
    "Actual Loops": 1,
    "Plans": [
      {
        "Node Type": "Gather",
        "Parent Relationship": "Outer",
        "Parallel Aware": false,
        "Startup Cost": 341413.62,
        "Total Cost": 341413.73,
        "Plan Rows": 1,
        "Plan Width": 8,
        "Actual Startup Time": 219.77,
        "Actual Total Time": 248.299,
        "Actual Rows": 2,
        "Actual Loops": 1,
        "Workers Planned": 1,
        "Workers Launched": 1,
        "Single Copy": false,
        "Plans": [
          {
            "Node Type": "Aggregate",
            "Strategy": "Plain",
            "Partial Mode": "Partial",
            "Parent Relationship": "Outer",
            "Parallel Aware": false,
            "Startup Cost": 340413.62,
            "Total Cost": 340413.63,
            "Plan Rows": 1,
            "Plan Width": 8,
            "Actual Startup Time": 214.057,
            "Actual Total Time": 214.059,
            "Actual Rows": 1,
            "Actual Loops": 2,
            "Plans": [
              {
                "Node Type": "Nested Loop",
                "Parent Relationship": "Outer",
                "Parallel Aware": false,
                "Join Type": "Inner",
                "Startup Cost": 0.56,
                "Total Cost": 340367.48,
                "Plan Rows": 18459,
                "Plan Width": 0,
                "Actual Startup Time": 5.905,
                "Actual Total Time": 212.763,
                "Actual Rows": 19200,
                "Actual Loops": 2,
                "Inner Unique": false,
                "Plans": [
                  {
                    "Node Type": "Seq Scan",
                    "Parent Relationship": "Outer",
                    "Parallel Aware": true,
                    "Relation Name": "title",
                    "Alias": "t",
                    "Startup Cost": 0.0,
                    "Total Cost": 58306.47,
                    "Plan Rows": 2352,
                    "Plan Width": 4,
                    "Actual Startup Time": 5.271,
                    "Actual Total Time": 129.122,
                    "Actual Rows": 1838,
                    "Actual Loops": 2,
                    "Filter": "((kind_id < 7) AND (production_year = 1958))",
                    "Rows Removed by Filter": 1262318
                  },
                  {
                    "Node Type": "Index Scan",
                    "Parent Relationship": "Inner",
                    "Parallel Aware": false,
                    "Scan Direction": "Forward",
                    "Index Name": "movie_id_cast_info",
                    "Relation Name": "cast_info",
                    "Alias": "ci",
                    "Startup Cost": 0.56,
                    "Total Cost": 119.72,
                    "Plan Rows": 20,
                    "Plan Width": 4,
                    "Actual Startup Time": 0.013,
                    "Actual Total Time": 0.044,
                    "Actual Rows": 10,
                    "Actual Loops": 3676,
                    "Index Cond": "(movie_id = t.id)",
                    "Rows Removed by Index Recheck": 0,
                    "Filter": "(role_id < 3)",
                    "Rows Removed by Filter": 6
                  }
                ]
              }
            ]
          }
        ]
      }
    ]
  },
  "Planning Time": 0.482,
  "Triggers": [],
  "Execution Time": 248.388
}