[
  {
    "Plan": {
      "Node Type": "Aggregate",
      "Strategy": "Plain",
      "Partial Mode": "Finalize",
      "Parallel Aware": false,
      "Startup Cost": 32938.64,
      "Total Cost": 32938.65,
      "Plan Rows": 1,
      "Plan Width": 8,
      "Actual Startup Time": 88.199,
      "Actual Total Time": 94.18,
      "Actual Rows": 1,
      "Actual Loops": 1,
      "Plans": [
        {
          "Node Type": "Gather",
          "Parent Relationship": "Outer",
          "Parallel Aware": false,
          "Startup Cost": 32938.32,
          "Total Cost": 32938.63,
          "Plan Rows": 3,
          "Plan Width": 8,
          "Actual Startup Time": 88.095,
          "Actual Total Time": 94.173,
          "Actual Rows": 4,
          "Actual Loops": 1,
          "Workers Planned": 3,
          "Workers Launched": 3,
          "Single Copy": false,
          "Plans": [
            {
              "Node Type": "Aggregate",
              "Strategy": "Plain",
              "Partial Mode": "Partial",
              "Parent Relationship": "Outer",
              "Parallel Aware": false,
              "Startup Cost": 31938.32,
              "Total Cost": 31938.33,
              "Plan Rows": 1,
              "Plan Width": 8,
              "Actual Startup Time": 83.091,
              "Actual Total Time": 83.092,
              "Actual Rows": 1,
              "Actual Loops": 4,
              "Plans": [
                {
                  "Node Type": "Seq Scan",
                  "Parent Relationship": "Outer",
                  "Parallel Aware": true,
                  "Relation Name": "movie_companies",
                  "Alias": "mc",
                  "Startup Cost": 0.0,
                  "Total Cost": 31414.82,
                  "Plan Rows": 209402,
                  "Plan Width": 0,
                  "Actual Startup Time": 40.33,
                  "Actual Total Time": 73.84,
                  "Actual Rows": 223996,
                  "Actual Loops": 4,
                  "Filter": "((company_id > 11538) AND (company_type_id = 2))",
                  "Rows Removed by Filter": 428286
                }
              ]
            }
          ]
        }
      ]
    },
    "Planning Time": 0.226,
    "Triggers": [],
    "Execution Time": 94.235
  }
]