[
  {
    "Bao": {
      "Bao prediction": 590.468,
      "Bao recommended hint": "SET enable_nestloop TO off; "
    }
  },
  {
    "Plan": {
      "Node Type": "Aggregate",
      "Strategy": "Plain",
      "Partial Mode": "Finalize",
      "Parallel Aware": false,
      "Startup Cost": 337158.03,
      "Total Cost": 337158.04,
      "Plan Rows": 1,
      "Plan Width": 64,
      "Actual Startup Time": 756.749,
      "Actual Total Time": 807.822,
      "Actual Rows": 1,
      "Actual Loops": 1,
      "Plans": [
        {
          "Node Type": "Gather",
          "Parent Relationship": "Outer",
          "Parallel Aware": false,
          "Startup Cost": 337157.7,
          "Total Cost": 337158.01,
          "Plan Rows": 3,
          "Plan Width": 64,
          "Actual Startup Time": 756.353,
          "Actual Total Time": 807.812,
          "Actual Rows": 4,
          "Actual Loops": 1,
          "Workers Planned": 3,
          "Workers Launched": 3,
          "Single Copy": false,
          "Plans": [
            {
              "Node Type": "Aggregate",
              "Strategy": "Plain",
              "Partial Mode": "Partial",
              "Parent Relationship": "Outer",
              "Parallel Aware": false,
              "Startup Cost": 336157.7,
              "Total Cost": 336157.71,
              "Plan Rows": 1,
              "Plan Width": 64,
              "Actual Startup Time": 745.906,
              "Actual Total Time": 745.926,
              "Actual Rows": 1,
              "Actual Loops": 4,
              "Plans": [
                {
                  "Node Type": "Hash Join",
                  "Parent Relationship": "Outer",
                  "Parallel Aware": false,
                  "Join Type": "Inner",
                  "Startup Cost": 291634.73,
                  "Total Cost": 336155.72,
                  "Plan Rows": 397,
                  "Plan Width": 38,
                  "Actual Startup Time": 745.901,
                  "Actual Total Time": 745.92,
                  "Actual Rows": 0,
                  "Actual Loops": 4,
                  "Inner Unique": true,
                  "Hash Cond": "(mk.keyword_id = k.id)",
                  "Plans": [
                    {
                      "Node Type": "Hash Join",
                      "Parent Relationship": "Outer",
                      "Parallel Aware": true,
                      "Join Type": "Inner",
                      "Startup Cost": 287666.9,
                      "Total Cost": 332186.85,
                      "Plan Rows": 397,
                      "Plan Width": 42,
                      "Actual Startup Time": 696.799,
                      "Actual Total Time": 696.817,
                      "Actual Rows": 0,
                      "Actual Loops": 4,
                      "Inner Unique": false,
                      "Hash Cond": "(mk.movie_id = t.id)",
                      "Plans": [
                        {
                          "Node Type": "Seq Scan",
                          "Parent Relationship": "Outer",
                          "Parallel Aware": true,
                          "Relation Name": "movie_keyword",
                          "Alias": "mk",
                          "Startup Cost": 0.0,
                          "Total Cost": 39047.32,
                          "Plan Rows": 1459332,
                          "Plan Width": 8,
                          "Actual Startup Time": 0.0,
                          "Actual Total Time": 0.0,
                          "Actual Rows": 0,
                          "Actual Loops": 0
                        },
                        {
                          "Node Type": "Hash",
                          "Parent Relationship": "Inner",
                          "Parallel Aware": true,
                          "Startup Cost": 287666.63,
                          "Total Cost": 287666.63,
                          "Plan Rows": 22,
                          "Plan Width": 54,
                          "Actual Startup Time": 696.658,
                          "Actual Total Time": 696.675,
                          "Actual Rows": 0,
                          "Actual Loops": 4,
                          "Hash Buckets": 1024,
                          "Original Hash Buckets": 1024,
                          "Hash Batches": 1,
                          "Original Hash Batches": 1,
                          "Peak Memory Usage": 0,
                          "Plans": [
                            {
                              "Node Type": "Hash Join",
                              "Parent Relationship": "Outer",
                              "Parallel Aware": false,
                              "Join Type": "Inner",
                              "Startup Cost": 282755.9,
                              "Total Cost": 287666.63,
                              "Plan Rows": 22,
                              "Plan Width": 54,
                              "Actual Startup Time": 696.605,
                              "Actual Total Time": 696.621,
                              "Actual Rows": 0,
                              "Actual Loops": 4,
                              "Inner Unique": true,
                              "Hash Cond": "(mc.company_type_id = ct.id)",
                              "Plans": [
                                {
                                  "Node Type": "Hash Join",
                                  "Parent Relationship": "Outer",
                                  "Parallel Aware": true,
                                  "Join Type": "Inner",
                                  "Startup Cost": 282754.81,
                                  "Total Cost": 287665.41,
                                  "Plan Rows": 22,
                                  "Plan Width": 58,
                                  "Actual Startup Time": 696.559,
                                  "Actual Total Time": 696.574,
                                  "Actual Rows": 0,
                                  "Actual Loops": 4,
                                  "Inner Unique": false,
                                  "Hash Cond": "(cn.id = mc.company_id)",
                                  "Plans": [
                                    {
                                      "Node Type": "Seq Scan",
                                      "Parent Relationship": "Outer",
                                      "Parallel Aware": true,
                                      "Relation Name": "company_name",
                                      "Alias": "cn",
                                      "Startup Cost": 0.0,
                                      "Total Cost": 4722.92,
                                      "Plan Rows": 50031,
                                      "Plan Width": 4,
                                      "Actual Startup Time": 0.021,
                                      "Actual Total Time": 9.033,
                                      "Actual Rows": 21211,
                                      "Actual Loops": 4,
                                      "Filter": "((country_code)::text = '[us]'::text)",
                                      "Rows Removed by Filter": 37538
                                    },
                                    {
                                      "Node Type": "Hash",
                                      "Parent Relationship": "Inner",
                                      "Parallel Aware": true,
                                      "Startup Cost": 282754.38,
                                      "Total Cost": 282754.38,
                                      "Plan Rows": 34,
                                      "Plan Width": 62,
                                      "Actual Startup Time": 686.16,
                                      "Actual Total Time": 686.174,
                                      "Actual Rows": 0,
                                      "Actual Loops": 4,
                                      "Hash Buckets": 1024,
                                      "Original Hash Buckets": 1024,
                                      "Hash Batches": 1,
                                      "Original Hash Batches": 1,
                                      "Peak Memory Usage": 40,
                                      "Plans": [
                                        {
                                          "Node Type": "Hash Join",
                                          "Parent Relationship": "Outer",
                                          "Parallel Aware": true,
                                          "Join Type": "Inner",
                                          "Startup Cost": 252391.6,
                                          "Total Cost": 282754.38,
                                          "Plan Rows": 34,
                                          "Plan Width": 62,
                                          "Actual Startup Time": 685.516,
                                          "Actual Total Time": 686.091,
                                          "Actual Rows": 0,
                                          "Actual Loops": 4,
                                          "Inner Unique": false,
                                          "Hash Cond": "(mc.movie_id = t.id)",
                                          "Plans": [
                                            {
                                              "Node Type": "Seq Scan",
                                              "Parent Relationship": "Outer",
                                              "Parallel Aware": true,
                                              "Relation Name": "movie_companies",
                                              "Alias": "mc",
                                              "Startup Cost": 0.0,
                                              "Total Cost": 27206.55,
                                              "Plan Rows": 841655,
                                              "Plan Width": 12,
                                              "Actual Startup Time": 0.014,
                                              "Actual Total Time": 57.323,
                                              "Actual Rows": 652282,
                                              "Actual Loops": 4
                                            },
                                            {
                                              "Node Type": "Hash",
                                              "Parent Relationship": "Inner",
                                              "Parallel Aware": true,
                                              "Startup Cost": 252391.5,
                                              "Total Cost": 252391.5,
                                              "Plan Rows": 8,
                                              "Plan Width": 50,
                                              "Actual Startup Time": 589.413,
                                              "Actual Total Time": 589.424,
                                              "Actual Rows": 0,
                                              "Actual Loops": 4,
                                              "Hash Buckets": 1024,
                                              "Original Hash Buckets": 1024,
                                              "Hash Batches": 1,
                                              "Original Hash Batches": 1,
                                              "Peak Memory Usage": 40,
                                              "Plans": [
                                                {
                                                  "Node Type": "Hash Join",
                                                  "Parent Relationship": "Outer",
                                                  "Parallel Aware": true,
                                                  "Join Type": "Inner",
                                                  "Startup Cost": 244128.56,
                                                  "Total Cost": 252391.5,
                                                  "Plan Rows": 8,
                                                  "Plan Width": 50,
                                                  "Actual Startup Time": 588.889,
                                                  "Actual Total Time": 589.38,
                                                  "Actual Rows": 0,
                                                  "Actual Loops": 4,
                                                  "Inner Unique": false,
                                                  "Hash Cond": "(at.movie_id = t.id)",
                                                  "Plans": [
                                                    {
                                                      "Node Type": "Seq Scan",
                                                      "Parent Relationship": "Outer",
                                                      "Parallel Aware": true,
                                                      "Relation Name": "aka_title",
                                                      "Alias": "at",
                                                      "Startup Cost": 0.0,
                                                      "Total Cost": 7698.13,
                                                      "Plan Rows": 150613,
                                                      "Plan Width": 25,
                                                      "Actual Startup Time": 0.029,
                                                      "Actual Total Time": 14.559,
                                                      "Actual Rows": 90368,
                                                      "Actual Loops": 4
                                                    },
                                                    {
                                                      "Node Type": "Hash",
                                                      "Parent Relationship": "Inner",
                                                      "Parallel Aware": true,
                                                      "Startup Cost": 244128.5,
                                                      "Total Cost": 244128.5,
                                                      "Plan Rows": 5,
                                                      "Plan Width": 25,
                                                      "Actual Startup Time": 568.959,
                                                      "Actual Total Time": 568.967,
                                                      "Actual Rows": 1,
                                                      "Actual Loops": 4,
                                                      "Hash Buckets": 1024,
                                                      "Original Hash Buckets": 1024,
                                                      "Hash Batches": 1,
                                                      "Original Hash Batches": 1,
                                                      "Peak Memory Usage": 72,
                                                      "Plans": [
                                                        {
                                                          "Node Type": "Hash Join",
                                                          "Parent Relationship": "Outer",
                                                          "Parallel Aware": true,
                                                          "Join Type": "Inner",
                                                          "Startup Cost": 199191.8,
                                                          "Total Cost": 244128.5,
                                                          "Plan Rows": 5,
                                                          "Plan Width": 25,
                                                          "Actual Startup Time": 563.157,
                                                          "Actual Total Time": 568.884,
                                                          "Actual Rows": 1,
                                                          "Actual Loops": 4,
                                                          "Inner Unique": false,
                                                          "Hash Cond": "(t.id = mi.movie_id)",
                                                          "Plans": [
                                                            {
                                                              "Node Type": "Seq Scan",
                                                              "Parent Relationship": "Outer",
                                                              "Parallel Aware": true,
                                                              "Relation Name": "title",
                                                              "Alias": "t",
                                                              "Startup Cost": 0.0,
                                                              "Total Cost": 43898.97,
                                                              "Plan Rows": 118596,
                                                              "Plan Width": 21,
                                                              "Actual Startup Time": 0.027,
                                                              "Actual Total Time": 88.682,
                                                              "Actual Rows": 119900,
                                                              "Actual Loops": 4,
                                                              "Filter": "(production_year < 1978)",
                                                              "Rows Removed by Filter": 512178
                                                            },
                                                            {
                                                              "Node Type": "Hash",
                                                              "Parent Relationship": "Inner",
                                                              "Parallel Aware": true,
                                                              "Startup Cost": 199191.53,
                                                              "Total Cost": 199191.53,
                                                              "Plan Rows": 21,
                                                              "Plan Width": 4,
                                                              "Actual Startup Time": 465.008,
                                                              "Actual Total Time": 465.012,
                                                              "Actual Rows": 2670,
                                                              "Actual Loops": 4,
                                                              "Hash Buckets": 16384,
                                                              "Original Hash Buckets": 1024,
                                                              "Hash Batches": 1,
                                                              "Original Hash Batches": 1,
                                                              "Peak Memory Usage": 728,
                                                              "Plans": [
                                                                {
                                                                  "Node Type": "Hash Join",
                                                                  "Parent Relationship": "Outer",
                                                                  "Parallel Aware": false,
                                                                  "Join Type": "Inner",
                                                                  "Startup Cost": 2.43,
                                                                  "Total Cost": 199191.53,
                                                                  "Plan Rows": 21,
                                                                  "Plan Width": 4,
                                                                  "Actual Startup Time": 98.289,
                                                                  "Actual Total Time": 382.511,
                                                                  "Actual Rows": 2670,
                                                                  "Actual Loops": 4,
                                                                  "Inner Unique": true,
                                                                  "Hash Cond": "(mi.info_type_id = it1.id)",
                                                                  "Plans": [
                                                                    {
                                                                      "Node Type": "Seq Scan",
                                                                      "Parent Relationship": "Outer",
                                                                      "Parallel Aware": true,
                                                                      "Relation Name": "movie_info",
                                                                      "Alias": "mi",
                                                                      "Startup Cost": 0.0,
                                                                      "Total Cost": 199182.58,
                                                                      "Plan Rows": 2397,
                                                                      "Plan Width": 8,
                                                                      "Actual Startup Time": 16.001,
                                                                      "Actual Total Time": 381.603,
                                                                      "Actual Rows": 2702,
                                                                      "Actual Loops": 4,
                                                                      "Filter": "(note ~~ '%internet%'::text)",
                                                                      "Rows Removed by Filter": 3706228
                                                                    },
                                                                    {
                                                                      "Node Type": "Hash",
                                                                      "Parent Relationship": "Inner",
                                                                      "Parallel Aware": false,
                                                                      "Startup Cost": 2.41,
                                                                      "Total Cost": 2.41,
                                                                      "Plan Rows": 1,
                                                                      "Plan Width": 4,
                                                                      "Actual Startup Time": 0.029,
                                                                      "Actual Total Time": 0.03,
                                                                      "Actual Rows": 1,
                                                                      "Actual Loops": 4,
                                                                      "Hash Buckets": 1024,
                                                                      "Original Hash Buckets": 1024,
                                                                      "Hash Batches": 1,
                                                                      "Original Hash Batches": 1,
                                                                      "Peak Memory Usage": 9,
                                                                      "Plans": [
                                                                        {
                                                                          "Node Type": "Seq Scan",
                                                                          "Parent Relationship": "Outer",
                                                                          "Parallel Aware": false,
                                                                          "Relation Name": "info_type",
                                                                          "Alias": "it1",
                                                                          "Startup Cost": 0.0,
                                                                          "Total Cost": 2.41,
                                                                          "Plan Rows": 1,
                                                                          "Plan Width": 4,
                                                                          "Actual Startup Time": 0.018,
                                                                          "Actual Total Time": 0.023,
                                                                          "Actual Rows": 1,
                                                                          "Actual Loops": 4,
                                                                          "Filter": "((info)::text = 'release dates'::text)",
                                                                          "Rows Removed by Filter": 112
                                                                        }
                                                                      ]
                                                                    }
                                                                  ]
                                                                }
                                                              ]
                                                            }
                                                          ]
                                                        }
                                                      ]
                                                    }
                                                  ]
                                                }
                                              ]
                                            }
                                          ]
                                        }
                                      ]
                                    }
                                  ]
                                },
                                {
                                  "Node Type": "Hash",
                                  "Parent Relationship": "Inner",
                                  "Parallel Aware": false,
                                  "Startup Cost": 1.04,
                                  "Total Cost": 1.04,
                                  "Plan Rows": 4,
                                  "Plan Width": 4,
                                  "Actual Startup Time": 0.024,
                                  "Actual Total Time": 0.025,
                                  "Actual Rows": 4,
                                  "Actual Loops": 4,
                                  "Hash Buckets": 1024,
                                  "Original Hash Buckets": 1024,
                                  "Hash Batches": 1,
                                  "Original Hash Batches": 1,
                                  "Peak Memory Usage": 9,
                                  "Plans": [
                                    {
                                      "Node Type": "Seq Scan",
                                      "Parent Relationship": "Outer",
                                      "Parallel Aware": false,
                                      "Relation Name": "company_type",
                                      "Alias": "ct",
                                      "Startup Cost": 0.0,
                                      "Total Cost": 1.04,
                                      "Plan Rows": 4,
                                      "Plan Width": 4,
                                      "Actual Startup Time": 0.017,
                                      "Actual Total Time": 0.018,
                                      "Actual Rows": 4,
                                      "Actual Loops": 4
                                    }
                                  ]
                                }
                              ]
                            }
                          ]
                        }
                      ]
                    },
                    {
                      "Node Type": "Hash",
                      "Parent Relationship": "Inner",
                      "Parallel Aware": false,
                      "Startup Cost": 2290.7,
                      "Total Cost": 2290.7,
                      "Plan Rows": 134170,
                      "Plan Width": 4,
                      "Actual Startup Time": 46.264,
                      "Actual Total Time": 46.265,
                      "Actual Rows": 134170,
                      "Actual Loops": 4,
                      "Hash Buckets": 262144,
                      "Original Hash Buckets": 262144,
                      "Hash Batches": 1,
                      "Original Hash Batches": 1,
                      "Peak Memory Usage": 6765,
                      "Plans": [
                        {
                          "Node Type": "Seq Scan",
                          "Parent Relationship": "Outer",
                          "Parallel Aware": false,
                          "Relation Name": "keyword",
                          "Alias": "k",
                          "Startup Cost": 0.0,
                          "Total Cost": 2290.7,
                          "Plan Rows": 134170,
                          "Plan Width": 4,
                          "Actual Startup Time": 0.053,
                          "Actual Total Time": 20.386,
                          "Actual Rows": 134170,
                          "Actual Loops": 4
                        }
                      ]
                    }
                  ]
                }
              ]
            }
          ]
        }
      ]
    },
    "Planning Time": 314.842,
    "Triggers": [],
    "Execution Time": 808.559
  }
]