[
  {
    "Plan": {
      "Node Type": "Aggregate",
      "Strategy": "Plain",
      "Partial Mode": "Finalize",
      "Parallel Aware": false,
      "Startup Cost": 166013.73,
      "Total Cost": 166013.74,
      "Plan Rows": 1,
      "Plan Width": 8,
      "Actual Startup Time": 709.57,
      "Actual Total Time": 749.001,
      "Actual Rows": 1,
      "Actual Loops": 1,
      "Plans": [
        {
          "Node Type": "Gather",
          "Parent Relationship": "Outer",
          "Parallel Aware": false,
          "Startup Cost": 166013.42,
          "Total Cost": 166013.73,
          "Plan Rows": 3,
          "Plan Width": 8,
          "Actual Startup Time": 707.261,
          "Actual Total Time": 748.987,
          "Actual Rows": 4,
          "Actual Loops": 1,
          "Workers Planned": 3,
          "Workers Launched": 3,
          "Single Copy": false,
          "Plans": [
            {
              "Node Type": "Aggregate",
              "Strategy": "Plain",
              "Partial Mode": "Partial",
              "Parent Relationship": "Outer",
              "Parallel Aware": false,
              "Startup Cost": 165013.42,
              "Total Cost": 165013.43,
              "Plan Rows": 1,
              "Plan Width": 8,
              "Actual Startup Time": 700.411,
              "Actual Total Time": 700.417,
              "Actual Rows": 1,
              "Actual Loops": 4,
              "Plans": [
                {
                  "Node Type": "Nested Loop",
                  "Parent Relationship": "Outer",
                  "Parallel Aware": false,
                  "Join Type": "Inner",
                  "Startup Cost": 46745.88,
                  "Total Cost": 164648.5,
                  "Plan Rows": 145966,
                  "Plan Width": 0,
                  "Actual Startup Time": 156.051,
                  "Actual Total Time": 665.921,
                  "Actual Rows": 745014,
                  "Actual Loops": 4,
                  "Inner Unique": false,
                  "Join Filter": "(t.id = mi.movie_id)",
                  "Rows Removed by Join Filter": 0,
                  "Plans": [
                    {
                      "Node Type": "Hash Join",
                      "Parent Relationship": "Outer",
                      "Parallel Aware": true,
                      "Join Type": "Inner",
                      "Startup Cost": 46745.45,
                      "Total Cost": 78567.58,
                      "Plan Rows": 24859,
                      "Plan Width": 8,
                      "Actual Startup Time": 155.916,
                      "Actual Total Time": 232.274,
                      "Actual Rows": 22182,
                      "Actual Loops": 4,
                      "Inner Unique": true,
                      "Hash Cond": "(mc.movie_id = t.id)",
                      "Plans": [
                        {
                          "Node Type": "Seq Scan",
                          "Parent Relationship": "Outer",
                          "Parallel Aware": true,
                          "Relation Name": "movie_companies",
                          "Alias": "mc",
                          "Startup Cost": 0.0,
                          "Total Cost": 31414.82,
                          "Plan Rows": 155167,
                          "Plan Width": 4,
                          "Actual Startup Time": 10.727,
                          "Actual Total Time": 64.837,
                          "Actual Rows": 41756,
                          "Actual Loops": 4,
                          "Filter": "((company_id > 17541) AND (company_type_id < 2))",
                          "Rows Removed by Filter": 610526
                        },
                        {
                          "Node Type": "Hash",
                          "Parent Relationship": "Inner",
                          "Parallel Aware": true,
                          "Startup Cost": 45479.59,
                          "Total Cost": 45479.59,
                          "Plan Rows": 101269,
                          "Plan Width": 4,
                          "Actual Startup Time": 141.909,
                          "Actual Total Time": 141.911,
                          "Actual Rows": 114036,
                          "Actual Loops": 4,
                          "Hash Buckets": 524288,
                          "Original Hash Buckets": 524288,
                          "Hash Batches": 1,
                          "Original Hash Batches": 1,
                          "Peak Memory Usage": 22016,
                          "Plans": [
                            {
                              "Node Type": "Seq Scan",
                              "Parent Relationship": "Outer",
                              "Parallel Aware": true,
                              "Relation Name": "title",
                              "Alias": "t",
                              "Startup Cost": 0.0,
                              "Total Cost": 45479.59,
                              "Plan Rows": 101269,
                              "Plan Width": 4,
                              "Actual Startup Time": 56.934,
                              "Actual Total Time": 102.026,
                              "Actual Rows": 114036,
                              "Actual Loops": 4,
                              "Filter": "((kind_id < 2) AND (production_year < 2007))",
                              "Rows Removed by Filter": 518042
                            }
                          ]
                        }
                      ]
                    },
                    {
                      "Node Type": "Index Only Scan",
                      "Parent Relationship": "Inner",
                      "Parallel Aware": false,
                      "Scan Direction": "Forward",
                      "Index Name": "movie_id_movie_info",
                      "Relation Name": "movie_info",
                      "Alias": "mi",
                      "Startup Cost": 0.43,
                      "Total Cost": 2.95,
                      "Plan Rows": 41,
                      "Plan Width": 4,
                      "Actual Startup Time": 0.004,
                      "Actual Total Time": 0.016,
                      "Actual Rows": 34,
                      "Actual Loops": 88726,
                      "Index Cond": "(movie_id = mc.movie_id)",
                      "Rows Removed by Index Recheck": 0,
                      "Heap Fetches": 2980056
                    }
                  ]
                }
              ]
            }
          ]
        }
      ]
    },
    "Planning Time": 1.231,
    "Triggers": [],
    "Execution Time": 749.101
  }
]