[
    {
        "Bao": {
            "Bao prediction": "NaN",
            "Bao recommended hint": "(no hint)"
        }
    },
    {
        "Plan": {
            "Node Type": "Aggregate",
            "Strategy": "Plain",
            "Partial Mode": "Finalize",
            "Parallel Aware": false,
            "Startup Cost": 70328.09,
            "Total Cost": 70328.1,
            "Plan Rows": 1,
            "Plan Width": 8,
            "Actual Startup Time": 148.079,
            "Actual Total Time": 159.783,
            "Actual Rows": 1,
            "Actual Loops": 1,
            "Output": [
                "count(*)"
            ],
            "Plans": [
                {
                    "Node Type": "Gather",
                    "Parent Relationship": "Outer",
                    "Parallel Aware": false,
                    "Startup Cost": 70327.78,
                    "Total Cost": 70328.09,
                    "Plan Rows": 3,
                    "Plan Width": 8,
                    "Actual Startup Time": 147.712,
                    "Actual Total Time": 159.775,
                    "Actual Rows": 4,
                    "Actual Loops": 1,
                    "Output": [
                        "(PARTIAL count(*))"
                    ],
                    "Workers Planned": 3,
                    "Workers Launched": 3,
                    "Single Copy": false,
                    "Plans": [
                        {
                            "Node Type": "Aggregate",
                            "Strategy": "Plain",
                            "Partial Mode": "Partial",
                            "Parent Relationship": "Outer",
                            "Parallel Aware": false,
                            "Startup Cost": 69327.78,
                            "Total Cost": 69327.79,
                            "Plan Rows": 1,
                            "Plan Width": 8,
                            "Actual Startup Time": 138.816,
                            "Actual Total Time": 138.82,
                            "Actual Rows": 1,
                            "Actual Loops": 4,
                            "Output": [
                                "PARTIAL count(*)"
                            ],
                            "Workers": [
                                {
                                    "Worker Number": 0,
                                    "Actual Startup Time": 135.545,
                                    "Actual Total Time": 135.549,
                                    "Actual Rows": 1,
                                    "Actual Loops": 1
                                },
                                {
                                    "Worker Number": 1,
                                    "Actual Startup Time": 135.97,
                                    "Actual Total Time": 135.973,
                                    "Actual Rows": 1,
                                    "Actual Loops": 1
                                },
                                {
                                    "Worker Number": 2,
                                    "Actual Startup Time": 136.36,
                                    "Actual Total Time": 136.363,
                                    "Actual Rows": 1,
                                    "Actual Loops": 1
                                }
                            ],
                            "Plans": [
                                {
                                    "Node Type": "Hash Join",
                                    "Parent Relationship": "Outer",
                                    "Parallel Aware": true,
                                    "Join Type": "Inner",
                                    "Startup Cost": 49332.37,
                                    "Total Cost": 69325.52,
                                    "Plan Rows": 904,
                                    "Plan Width": 0,
                                    "Actual Startup Time": 98.636,
                                    "Actual Total Time": 138.731,
                                    "Actual Rows": 729,
                                    "Actual Loops": 4,
                                    "Inner Unique": true,
                                    "Hash Cond": "(mc.movie_id = t.id)",
                                    "Workers": [
                                        {
                                            "Worker Number": 0,
                                            "Actual Startup Time": 96.034,
                                            "Actual Total Time": 135.463,
                                            "Actual Rows": 619,
                                            "Actual Loops": 1
                                        },
                                        {
                                            "Worker Number": 1,
                                            "Actual Startup Time": 95.54,
                                            "Actual Total Time": 135.882,
                                            "Actual Rows": 700,
                                            "Actual Loops": 1
                                        },
                                        {
                                            "Worker Number": 2,
                                            "Actual Startup Time": 96.041,
                                            "Actual Total Time": 136.273,
                                            "Actual Rows": 615,
                                            "Actual Loops": 1
                                        }
                                    ],
                                    "Plans": [
                                        {
                                            "Node Type": "Bitmap Heap Scan",
                                            "Parent Relationship": "Outer",
                                            "Parallel Aware": true,
                                            "Relation Name": "movie_companies",
                                            "Schema": "public",
                                            "Alias": "mc",
                                            "Startup Cost": 5343.55,
                                            "Total Cost": 25127.89,
                                            "Plan Rows": 79547,
                                            "Plan Width": 4,
                                            "Actual Startup Time": 14.091,
                                            "Actual Total Time": 44.318,
                                            "Actual Rows": 60982,
                                            "Actual Loops": 4,
                                            "Output": [
                                                "mc.id",
                                                "mc.movie_id",
                                                "mc.company_id",
                                                "mc.company_type_id",
                                                "mc.note"
                                            ],
                                            "Recheck Cond": "(mc.company_id < 114)",
                                            "Rows Removed by Index Recheck": 0,
                                            "Exact Heap Blocks": 6796,
                                            "Lossy Heap Blocks": 0,
                                            "Workers": [
                                                {
                                                    "Worker Number": 0,
                                                    "Actual Startup Time": 14.087,
                                                    "Actual Total Time": 44.694,
                                                    "Actual Rows": 51099,
                                                    "Actual Loops": 1
                                                },
                                                {
                                                    "Worker Number": 1,
                                                    "Actual Startup Time": 14.107,
                                                    "Actual Total Time": 44.864,
                                                    "Actual Rows": 51198,
                                                    "Actual Loops": 1
                                                },
                                                {
                                                    "Worker Number": 2,
                                                    "Actual Startup Time": 14.155,
                                                    "Actual Total Time": 44.747,
                                                    "Actual Rows": 50724,
                                                    "Actual Loops": 1
                                                }
                                            ],
                                            "Plans": [
                                                {
                                                    "Node Type": "Bitmap Index Scan",
                                                    "Parent Relationship": "Outer",
                                                    "Parallel Aware": false,
                                                    "Index Name": "company_id_movie_companies",
                                                    "Startup Cost": 0.0,
                                                    "Total Cost": 5281.9,
                                                    "Plan Rows": 246596,
                                                    "Plan Width": 0,
                                                    "Actual Startup Time": 11.523,
                                                    "Actual Total Time": 11.524,
                                                    "Actual Rows": 243927,
                                                    "Actual Loops": 1,
                                                    "Index Cond": "(mc.company_id < 114)"
                                                }
                                            ]
                                        },
                                        {
                                            "Node Type": "Hash",
                                            "Parent Relationship": "Inner",
                                            "Parallel Aware": true,
                                            "Startup Cost": 43899.01,
                                            "Total Cost": 43899.01,
                                            "Plan Rows": 7185,
                                            "Plan Width": 4,
                                            "Actual Startup Time": 83.76,
                                            "Actual Total Time": 83.761,
                                            "Actual Rows": 7507,
                                            "Actual Loops": 4,
                                            "Output": [
                                                "t.id"
                                            ],
                                            "Hash Buckets": 32768,
                                            "Original Hash Buckets": 32768,
                                            "Hash Batches": 1,
                                            "Original Hash Batches": 1,
                                            "Peak Memory Usage": 1472,
                                            "Workers": [
                                                {
                                                    "Worker Number": 0,
                                                    "Actual Startup Time": 80.498,
                                                    "Actual Total Time": 80.499,
                                                    "Actual Rows": 5536,
                                                    "Actual Loops": 1
                                                },
                                                {
                                                    "Worker Number": 1,
                                                    "Actual Startup Time": 80.961,
                                                    "Actual Total Time": 80.961,
                                                    "Actual Rows": 5559,
                                                    "Actual Loops": 1
                                                },
                                                {
                                                    "Worker Number": 2,
                                                    "Actual Startup Time": 81.321,
                                                    "Actual Total Time": 81.321,
                                                    "Actual Rows": 5665,
                                                    "Actual Loops": 1
                                                }
                                            ],
                                            "Plans": [
                                                {
                                                    "Node Type": "Seq Scan",
                                                    "Parent Relationship": "Outer",
                                                    "Parallel Aware": true,
                                                    "Relation Name": "title",
                                                    "Schema": "public",
                                                    "Alias": "t",
                                                    "Startup Cost": 0.0,
                                                    "Total Cost": 43899.01,
                                                    "Plan Rows": 7185,
                                                    "Plan Width": 4,
                                                    "Actual Startup Time": 0.051,
                                                    "Actual Total Time": 80.427,
                                                    "Actual Rows": 7507,
                                                    "Actual Loops": 4,
                                                    "Output": [
                                                        "t.id"
                                                    ],
                                                    "Filter": "(t.production_year = 1994)",
                                                    "Rows Removed by Filter": 624571,
                                                    "Workers": [
                                                        {
                                                            "Worker Number": 0,
                                                            "Actual Startup Time": 0.091,
                                                            "Actual Total Time": 77.287,
                                                            "Actual Rows": 5536,
                                                            "Actual Loops": 1
                                                        },
                                                        {
                                                            "Worker Number": 1,
                                                            "Actual Startup Time": 0.043,
                                                            "Actual Total Time": 77.571,
                                                            "Actual Rows": 5559,
                                                            "Actual Loops": 1
                                                        },
                                                        {
                                                            "Worker Number": 2,
                                                            "Actual Startup Time": 0.056,
                                                            "Actual Total Time": 78.13,
                                                            "Actual Rows": 5665,
                                                            "Actual Loops": 1
                                                        }
                                                    ]
                                                }
                                            ]
                                        }
                                    ]
                                }
                            ]
                        }
                    ]
                }
            ]
        },
        "Planning Time": 203.725,
        "Triggers": [],
        "Execution Time": 159.845
    }
]