{
  "Plan": {
    "Node Type": "Aggregate",
    "Strategy": "Plain",
    "Partial Mode": "Finalize",
    "Parallel Aware": false,
    "Startup Cost": 145271.97,
    "Total Cost": 145271.98,
    "Plan Rows": 1,
    "Plan Width": 8,
    "Actual Startup Time": 922.169,
    "Actual Total Time": 941.519,
    "Actual Rows": 1,
    "Actual Loops": 1,
    "Plans": [
      {
        "Node Type": "Gather",
        "Parent Relationship": "Outer",
        "Parallel Aware": false,
        "Startup Cost": 145271.86,
        "Total Cost": 145271.97,
        "Plan Rows": 1,
        "Plan Width": 8,
        "Actual Startup Time": 918.714,
        "Actual Total Time": 941.513,
        "Actual Rows": 2,
        "Actual Loops": 1,
        "Workers Planned": 1,
        "Workers Launched": 1,
        "Single Copy": false,
        "Plans": [
          {
            "Node Type": "Aggregate",
            "Strategy": "Plain",
            "Partial Mode": "Partial",
            "Parent Relationship": "Outer",
            "Parallel Aware": false,
            "Startup Cost": 144271.86,
            "Total Cost": 144271.87,
            "Plan Rows": 1,
            "Plan Width": 8,
            "Actual Startup Time": 912.447,
            "Actual Total Time": 912.452,
            "Actual Rows": 1,
            "Actual Loops": 2,
            "Plans": [
              {
                "Node Type": "Hash Join",
                "Parent Relationship": "Outer",
                "Parallel Aware": true,
                "Join Type": "Inner",
                "Startup Cost": 81304.43,
                "Total Cost": 144006.17,
                "Plan Rows": 106275,
                "Plan Width": 0,
                "Actual Startup Time": 473.821,
                "Actual Total Time": 855.696,
                "Actual Rows": 1359518,
                "Actual Loops": 2,
                "Inner Unique": false,
                "Hash Cond": "(mk.movie_id = t.id)",
                "Plans": [
                  {
                    "Node Type": "Seq Scan",
                    "Parent Relationship": "Outer",
                    "Parallel Aware": true,
                    "Relation Name": "movie_keyword",
                    "Alias": "mk",
                    "Startup Cost": 0.0,
                    "Total Cost": 57718.19,
                    "Plan Rows": 1162242,
                    "Plan Width": 4,
                    "Actual Startup Time": 0.016,
                    "Actual Total Time": 182.801,
                    "Actual Rows": 992356,
                    "Actual Loops": 2,
                    "Filter": "(keyword_id < 3511)",
                    "Rows Removed by Filter": 1269609
                  },
                  {
                    "Node Type": "Hash",
                    "Parent Relationship": "Inner",
                    "Parallel Aware": true,
                    "Startup Cost": 79604.54,
                    "Total Cost": 79604.54,
                    "Plan Rows": 135991,
                    "Plan Width": 8,
                    "Actual Startup Time": 470.195,
                    "Actual Total Time": 470.198,
                    "Actual Rows": 273882,
                    "Actual Loops": 2,
                    "Hash Buckets": 1048576,
                    "Original Hash Buckets": 262144,
                    "Hash Batches": 1,
                    "Original Hash Batches": 1,
                    "Peak Memory Usage": 35808,
                    "Plans": [
                      {
                        "Node Type": "Hash Join",
                        "Parent Relationship": "Outer",
                        "Parallel Aware": true,
                        "Join Type": "Inner",
                        "Startup Cost": 61420.76,
                        "Total Cost": 79604.54,
                        "Plan Rows": 135991,
                        "Plan Width": 8,
                        "Actual Startup Time": 234.37,
                        "Actual Total Time": 398.922,
                        "Actual Rows": 273882,
                        "Actual Loops": 2,
                        "Inner Unique": true,
                        "Hash Cond": "(mi_idx.movie_id = t.id)",
                        "Plans": [
                          {
                            "Node Type": "Seq Scan",
                            "Parent Relationship": "Outer",
                            "Parallel Aware": true,
                            "Relation Name": "movie_info_idx",
                            "Alias": "mi_idx",
                            "Startup Cost": 0.0,
                            "Total Cost": 16052.85,
                            "Plan Rows": 811785,
                            "Plan Width": 4,
                            "Actual Startup Time": 0.018,
                            "Actual Total Time": 51.401,
                            "Actual Rows": 690018,
                            "Actual Loops": 2
                          },
                          {
                            "Node Type": "Hash",
                            "Parent Relationship": "Inner",
                            "Parallel Aware": true,
                            "Startup Cost": 58306.47,
                            "Total Cost": 58306.47,
                            "Plan Rows": 249143,
                            "Plan Width": 4,
                            "Actual Startup Time": 230.476,
                            "Actual Total Time": 230.476,
                            "Actual Rows": 263673,
                            "Actual Loops": 2,
                            "Hash Buckets": 1048576,
                            "Original Hash Buckets": 524288,
                            "Hash Batches": 1,
                            "Original Hash Batches": 1,
                            "Peak Memory Usage": 32960,
                            "Plans": [
                              {
                                "Node Type": "Seq Scan",
                                "Parent Relationship": "Outer",
                                "Parallel Aware": true,
                                "Relation Name": "title",
                                "Alias": "t",
                                "Startup Cost": 0.0,
                                "Total Cost": 58306.47,
                                "Plan Rows": 249143,
                                "Plan Width": 4,
                                "Actual Startup Time": 0.04,
                                "Actual Total Time": 158.758,
                                "Actual Rows": 263673,
                                "Actual Loops": 2,
                                "Filter": "((kind_id < 4) AND (production_year < 2004))",
                                "Rows Removed by Filter": 1000483
                              }
                            ]
                          }
                        ]
                      }
                    ]
                  }
                ]
              }
            ]
          }
        ]
      }
    ]
  },
  "Planning Time": 1.042,
  "Triggers": [],
  "Execution Time": 941.597
}