[
  {
    "Plan": {
      "Node Type": "Aggregate",
      "Strategy": "Plain",
      "Partial Mode": "Finalize",
      "Parallel Aware": false,
      "Startup Cost": 246149.44,
      "Total Cost": 246149.45,
      "Plan Rows": 1,
      "Plan Width": 8,
      "Actual Startup Time": 722.952,
      "Actual Total Time": 764.89,
      "Actual Rows": 1,
      "Actual Loops": 1,
      "Plans": [
        {
          "Node Type": "Gather",
          "Parent Relationship": "Outer",
          "Parallel Aware": false,
          "Startup Cost": 246148.92,
          "Total Cost": 246149.43,
          "Plan Rows": 5,
          "Plan Width": 8,
          "Actual Startup Time": 721.607,
          "Actual Total Time": 764.882,
          "Actual Rows": 6,
          "Actual Loops": 1,
          "Workers Planned": 5,
          "Workers Launched": 5,
          "Single Copy": false,
          "Plans": [
            {
              "Node Type": "Aggregate",
              "Strategy": "Plain",
              "Partial Mode": "Partial",
              "Parent Relationship": "Outer",
              "Parallel Aware": false,
              "Startup Cost": 245148.92,
              "Total Cost": 245148.93,
              "Plan Rows": 1,
              "Plan Width": 8,
              "Actual Startup Time": 713.792,
              "Actual Total Time": 713.795,
              "Actual Rows": 1,
              "Actual Loops": 6,
              "Plans": [
                {
                  "Node Type": "Hash Join",
                  "Parent Relationship": "Outer",
                  "Parallel Aware": true,
                  "Join Type": "Inner",
                  "Startup Cost": 45658.92,
                  "Total Cost": 244980.69,
                  "Plan Rows": 67293,
                  "Plan Width": 0,
                  "Actual Startup Time": 93.925,
                  "Actual Total Time": 700.419,
                  "Actual Rows": 283105,
                  "Actual Loops": 6,
                  "Inner Unique": true,
                  "Hash Cond": "(mi.movie_id = t.id)",
                  "Plans": [
                    {
                      "Node Type": "Seq Scan",
                      "Parent Relationship": "Outer",
                      "Parallel Aware": true,
                      "Relation Name": "movie_info",
                      "Alias": "mi",
                      "Startup Cost": 0.0,
                      "Total Cost": 191560.33,
                      "Plan Rows": 2956733,
                      "Plan Width": 4,
                      "Actual Startup Time": 0.024,
                      "Actual Total Time": 297.111,
                      "Actual Rows": 2472620,
                      "Actual Loops": 6
                    },
                    {
                      "Node Type": "Hash",
                      "Parent Relationship": "Inner",
                      "Parallel Aware": true,
                      "Startup Cost": 45479.1,
                      "Total Cost": 45479.1,
                      "Plan Rows": 14386,
                      "Plan Width": 4,
                      "Actual Startup Time": 87.751,
                      "Actual Total Time": 87.751,
                      "Actual Rows": 24613,
                      "Actual Loops": 6,
                      "Hash Buckets": 262144,
                      "Original Hash Buckets": 65536,
                      "Hash Batches": 1,
                      "Original Hash Batches": 1,
                      "Peak Memory Usage": 9472,
                      "Plans": [
                        {
                          "Node Type": "Seq Scan",
                          "Parent Relationship": "Outer",
                          "Parallel Aware": true,
                          "Relation Name": "title",
                          "Alias": "t",
                          "Startup Cost": 0.0,
                          "Total Cost": 45479.1,
                          "Plan Rows": 14386,
                          "Plan Width": 4,
                          "Actual Startup Time": 23.482,
                          "Actual Total Time": 72.955,
                          "Actual Rows": 24613,
                          "Actual Loops": 6,
                          "Filter": "((kind_id < 7) AND (production_year < 1943))",
                          "Rows Removed by Filter": 396772
                        }
                      ]
                    }
                  ]
                }
              ]
            }
          ]
        }
      ]
    },
    "Planning Time": 0.312,
    "Triggers": [],
    "Execution Time": 764.937
  }
]