[
  {
    "Plan": {
      "Node Type": "Aggregate",
      "Strategy": "Plain",
      "Partial Mode": "Finalize",
      "Parallel Aware": false,
      "Startup Cost": 73371.91,
      "Total Cost": 73371.92,
      "Plan Rows": 1,
      "Plan Width": 8,
      "Actual Startup Time": 192.097,
      "Actual Total Time": 204.974,
      "Actual Rows": 1,
      "Actual Loops": 1,
      "Plans": [
        {
          "Node Type": "Gather",
          "Parent Relationship": "Outer",
          "Parallel Aware": false,
          "Startup Cost": 73371.6,
          "Total Cost": 73371.91,
          "Plan Rows": 3,
          "Plan Width": 8,
          "Actual Startup Time": 191.028,
          "Actual Total Time": 204.965,
          "Actual Rows": 4,
          "Actual Loops": 1,
          "Workers Planned": 3,
          "Workers Launched": 3,
          "Single Copy": false,
          "Plans": [
            {
              "Node Type": "Aggregate",
              "Strategy": "Plain",
              "Partial Mode": "Partial",
              "Parent Relationship": "Outer",
              "Parallel Aware": false,
              "Startup Cost": 72371.6,
              "Total Cost": 72371.61,
              "Plan Rows": 1,
              "Plan Width": 8,
              "Actual Startup Time": 181.764,
              "Actual Total Time": 181.767,
              "Actual Rows": 1,
              "Actual Loops": 4,
              "Plans": [
                {
                  "Node Type": "Hash Join",
                  "Parent Relationship": "Outer",
                  "Parallel Aware": true,
                  "Join Type": "Inner",
                  "Startup Cost": 52039.77,
                  "Total Cost": 72367.51,
                  "Plan Rows": 1635,
                  "Plan Width": 0,
                  "Actual Startup Time": 144.139,
                  "Actual Total Time": 181.121,
                  "Actual Rows": 10845,
                  "Actual Loops": 4,
                  "Inner Unique": true,
                  "Hash Cond": "(mc.movie_id = t.id)",
                  "Plans": [
                    {
                      "Node Type": "Bitmap Heap Scan",
                      "Parent Relationship": "Outer",
                      "Parallel Aware": true,
                      "Relation Name": "movie_companies",
                      "Alias": "mc",
                      "Startup Cost": 6290.47,
                      "Total Cost": 26492.73,
                      "Plan Rows": 47803,
                      "Plan Width": 4,
                      "Actual Startup Time": 14.917,
                      "Actual Total Time": 35.518,
                      "Actual Rows": 72338,
                      "Actual Loops": 4,
                      "Recheck Cond": "(company_id > 95010)",
                      "Rows Removed by Index Recheck": 0,
                      "Filter": "(company_type_id > 1)",
                      "Rows Removed by Filter": 0,
                      "Exact Heap Blocks": 1125,
                      "Lossy Heap Blocks": 0,
                      "Plans": [
                        {
                          "Node Type": "Bitmap Index Scan",
                          "Parent Relationship": "Outer",
                          "Parallel Aware": false,
                          "Index Name": "company_id_movie_companies",
                          "Startup Cost": 0.0,
                          "Total Cost": 6253.43,
                          "Plan Rows": 291866,
                          "Plan Width": 0,
                          "Actual Startup Time": 13.974,
                          "Actual Total Time": 13.974,
                          "Actual Rows": 289351,
                          "Actual Loops": 1,
                          "Index Cond": "(company_id > 95010)"
                        }
                      ]
                    },
                    {
                      "Node Type": "Hash",
                      "Parent Relationship": "Inner",
                      "Parallel Aware": true,
                      "Startup Cost": 45479.1,
                      "Total Cost": 45479.1,
                      "Plan Rows": 21616,
                      "Plan Width": 4,
                      "Actual Startup Time": 127.541,
                      "Actual Total Time": 127.542,
                      "Actual Rows": 47784,
                      "Actual Loops": 4,
                      "Hash Buckets": 262144,
                      "Original Hash Buckets": 131072,
                      "Hash Batches": 1,
                      "Original Hash Batches": 1,
                      "Peak Memory Usage": 10624,
                      "Plans": [
                        {
                          "Node Type": "Seq Scan",
                          "Parent Relationship": "Outer",
                          "Parallel Aware": true,
                          "Relation Name": "title",
                          "Alias": "t",
                          "Startup Cost": 0.0,
                          "Total Cost": 45479.1,
                          "Plan Rows": 21616,
                          "Plan Width": 4,
                          "Actual Startup Time": 0.111,
                          "Actual Total Time": 107.589,
                          "Actual Rows": 47784,
                          "Actual Loops": 4,
                          "Filter": "((kind_id < 7) AND (production_year < 1959))",
                          "Rows Removed by Filter": 584294
                        }
                      ]
                    }
                  ]
                }
              ]
            }
          ]
        }
      ]
    },
    "Planning Time": 0.735,
    "Triggers": [],
    "Execution Time": 205.07
  }
]