{
  "Plan": {
    "Node Type": "Aggregate",
    "Strategy": "Plain",
    "Partial Mode": "Finalize",
    "Parallel Aware": false,
    "Startup Cost": 189205.03,
    "Total Cost": 189205.04,
    "Plan Rows": 1,
    "Plan Width": 8,
    "Actual Startup Time": 758.451,
    "Actual Total Time": 777.149,
    "Actual Rows": 1,
    "Actual Loops": 1,
    "Plans": [
      {
        "Node Type": "Gather",
        "Parent Relationship": "Outer",
        "Parallel Aware": false,
        "Startup Cost": 189204.92,
        "Total Cost": 189205.03,
        "Plan Rows": 1,
        "Plan Width": 8,
        "Actual Startup Time": 752.887,
        "Actual Total Time": 777.142,
        "Actual Rows": 2,
        "Actual Loops": 1,
        "Workers Planned": 1,
        "Workers Launched": 1,
        "Single Copy": false,
        "Plans": [
          {
            "Node Type": "Aggregate",
            "Strategy": "Plain",
            "Partial Mode": "Partial",
            "Parent Relationship": "Outer",
            "Parallel Aware": false,
            "Startup Cost": 188204.92,
            "Total Cost": 188204.93,
            "Plan Rows": 1,
            "Plan Width": 8,
            "Actual Startup Time": 747.302,
            "Actual Total Time": 747.309,
            "Actual Rows": 1,
            "Actual Loops": 2,
            "Plans": [
              {
                "Node Type": "Merge Join",
                "Parent Relationship": "Outer",
                "Parallel Aware": false,
                "Join Type": "Inner",
                "Startup Cost": 184659.72,
                "Total Cost": 188125.96,
                "Plan Rows": 31582,
                "Plan Width": 0,
                "Actual Startup Time": 686.926,
                "Actual Total Time": 744.973,
                "Actual Rows": 57064,
                "Actual Loops": 2,
                "Inner Unique": false,
                "Merge Cond": "(t.id = mi_idx.movie_id)",
                "Plans": [
                  {
                    "Node Type": "Sort",
                    "Parent Relationship": "Outer",
                    "Parallel Aware": false,
                    "Startup Cost": 120095.68,
                    "Total Cost": 120534.77,
                    "Plan Rows": 175636,
                    "Plan Width": 8,
                    "Actual Startup Time": 519.829,
                    "Actual Total Time": 527.428,
                    "Actual Rows": 107804,
                    "Actual Loops": 2,
                    "Sort Key": [
                      "mc.movie_id"
                    ],
                    "Sort Method": "quicksort",
                    "Sort Space Used": 8464,
                    "Sort Space Type": "Memory",
                    "Workers": [
                      {
                        "Worker Number": 0,
                        "Sort Method": "quicksort",
                        "Sort Space Used": 7788,
                        "Sort Space Type": "Memory"
                      }
                    ],
                    "Plans": [
                      {
                        "Node Type": "Hash Join",
                        "Parent Relationship": "Outer",
                        "Parallel Aware": true,
                        "Join Type": "Inner",
                        "Startup Cost": 40887.35,
                        "Total Cost": 104795.83,
                        "Plan Rows": 175636,
                        "Plan Width": 8,
                        "Actual Startup Time": 188.9,
                        "Actual Total Time": 495.731,
                        "Actual Rows": 107804,
                        "Actual Loops": 2,
                        "Inner Unique": false,
                        "Hash Cond": "(t.id = mc.movie_id)",
                        "Plans": [
                          {
                            "Node Type": "Seq Scan",
                            "Parent Relationship": "Outer",
                            "Parallel Aware": true,
                            "Relation Name": "title",
                            "Alias": "t",
                            "Startup Cost": 0.0,
                            "Total Cost": 58306.47,
                            "Plan Rows": 731018,
                            "Plan Width": 4,
                            "Actual Startup Time": 0.012,
                            "Actual Total Time": 148.337,
                            "Actual Rows": 681332,
                            "Actual Loops": 2,
                            "Filter": "((kind_id > 3) AND (production_year > 1984))",
                            "Rows Removed by Filter": 582824
                          },
                          {
                            "Node Type": "Hash",
                            "Parent Relationship": "Inner",
                            "Parallel Aware": true,
                            "Startup Cost": 36420.77,
                            "Total Cost": 36420.77,
                            "Plan Rows": 357326,
                            "Plan Width": 4,
                            "Actual Startup Time": 179.711,
                            "Actual Total Time": 179.713,
                            "Actual Rows": 300080,
                            "Actual Loops": 2,
                            "Hash Buckets": 1048576,
                            "Original Hash Buckets": 1048576,
                            "Hash Batches": 1,
                            "Original Hash Batches": 1,
                            "Peak Memory Usage": 31712,
                            "Plans": [
                              {
                                "Node Type": "Bitmap Heap Scan",
                                "Parent Relationship": "Outer",
                                "Parallel Aware": true,
                                "Relation Name": "movie_companies",
                                "Alias": "mc",
                                "Startup Cost": 13164.2,
                                "Total Cost": 36420.77,
                                "Plan Rows": 357326,
                                "Plan Width": 4,
                                "Actual Startup Time": 37.714,
                                "Actual Total Time": 108.968,
                                "Actual Rows": 300080,
                                "Actual Loops": 2,
                                "Recheck Cond": "(company_id < 688)",
                                "Rows Removed by Index Recheck": 0,
                                "Exact Heap Blocks": 10933,
                                "Lossy Heap Blocks": 0,
                                "Plans": [
                                  {
                                    "Node Type": "Bitmap Index Scan",
                                    "Parent Relationship": "Outer",
                                    "Parallel Aware": false,
                                    "Index Name": "company_id_movie_companies",
                                    "Startup Cost": 0.0,
                                    "Total Cost": 13012.33,
                                    "Plan Rows": 607454,
                                    "Plan Width": 0,
                                    "Actual Startup Time": 34.907,
                                    "Actual Total Time": 34.907,
                                    "Actual Rows": 600160,
                                    "Actual Loops": 1,
                                    "Index Cond": "(company_id < 688)"
                                  }
                                ]
                              }
                            ]
                          }
                        ]
                      }
                    ]
                  },
                  {
                    "Node Type": "Sort",
                    "Parent Relationship": "Inner",
                    "Parallel Aware": false,
                    "Startup Cost": 64564.02,
                    "Total Cost": 65700.6,
                    "Plan Rows": 454630,
                    "Plan Width": 4,
                    "Actual Startup Time": 167.085,
                    "Actual Total Time": 183.575,
                    "Actual Rows": 489864,
                    "Actual Loops": 2,
                    "Sort Key": [
                      "mi_idx.movie_id"
                    ],
                    "Sort Method": "quicksort",
                    "Sort Space Used": 33847,
                    "Sort Space Type": "Memory",
                    "Workers": [
                      {
                        "Worker Number": 0,
                        "Sort Method": "quicksort",
                        "Sort Space Used": 33847,
                        "Sort Space Type": "Memory"
                      }
                    ],
                    "Plans": [
                      {
                        "Node Type": "Bitmap Heap Scan",
                        "Parent Relationship": "Outer",
                        "Parallel Aware": false,
                        "Relation Name": "movie_info_idx",
                        "Alias": "mi_idx",
                        "Startup Cost": 8223.81,
                        "Total Cost": 21841.68,
                        "Plan Rows": 454630,
                        "Plan Width": 4,
                        "Actual Startup Time": 25.509,
                        "Actual Total Time": 80.331,
                        "Actual Rows": 459925,
                        "Actual Loops": 2,
                        "Recheck Cond": "(info_type_id < 100)",
                        "Rows Removed by Index Recheck": 0,
                        "Exact Heap Blocks": 7934,
                        "Lossy Heap Blocks": 0,
                        "Plans": [
                          {
                            "Node Type": "Bitmap Index Scan",
                            "Parent Relationship": "Outer",
                            "Parallel Aware": false,
                            "Index Name": "info_type_id_movie_info_idx",
                            "Startup Cost": 0.0,
                            "Total Cost": 8110.15,
                            "Plan Rows": 454630,
                            "Plan Width": 0,
                            "Actual Startup Time": 24.572,
                            "Actual Total Time": 24.572,
                            "Actual Rows": 459925,
                            "Actual Loops": 2,
                            "Index Cond": "(info_type_id < 100)"
                          }
                        ]
                      }
                    ]
                  }
                ]
              }
            ]
          }
        ]
      }
    ]
  },
  "Planning Time": 1.122,
  "Triggers": [],
  "Execution Time": 781.4
}