[
  {
    "Plan": {
      "Node Type": "Aggregate",
      "Strategy": "Plain",
      "Partial Mode": "Finalize",
      "Parallel Aware": false,
      "Startup Cost": 345628.08,
      "Total Cost": 345628.09,
      "Plan Rows": 1,
      "Plan Width": 8,
      "Actual Startup Time": 667.884,
      "Actual Total Time": 728.752,
      "Actual Rows": 1,
      "Actual Loops": 1,
      "Plans": [
        {
          "Node Type": "Gather",
          "Parent Relationship": "Outer",
          "Parallel Aware": false,
          "Startup Cost": 345627.45,
          "Total Cost": 345628.06,
          "Plan Rows": 6,
          "Plan Width": 8,
          "Actual Startup Time": 667.767,
          "Actual Total Time": 728.739,
          "Actual Rows": 7,
          "Actual Loops": 1,
          "Workers Planned": 6,
          "Workers Launched": 6,
          "Single Copy": false,
          "Plans": [
            {
              "Node Type": "Aggregate",
              "Strategy": "Plain",
              "Partial Mode": "Partial",
              "Parent Relationship": "Outer",
              "Parallel Aware": false,
              "Startup Cost": 344627.45,
              "Total Cost": 344627.46,
              "Plan Rows": 1,
              "Plan Width": 8,
              "Actual Startup Time": 658.451,
              "Actual Total Time": 658.452,
              "Actual Rows": 1,
              "Actual Loops": 7,
              "Plans": [
                {
                  "Node Type": "Seq Scan",
                  "Parent Relationship": "Outer",
                  "Parallel Aware": true,
                  "Relation Name": "cast_info",
                  "Alias": "ci",
                  "Startup Cost": 0.0,
                  "Total Cost": 343257.03,
                  "Plan Rows": 548169,
                  "Plan Width": 0,
                  "Actual Startup Time": 0.05,
                  "Actual Total Time": 630.141,
                  "Actual Rows": 550667,
                  "Actual Loops": 7,
                  "Filter": "((person_id < 414707) AND (role_id < 7))",
                  "Rows Removed by Filter": 4627096
                }
              ]
            }
          ]
        }
      ]
    },
    "Planning Time": 0.157,
    "Triggers": [],
    "Execution Time": 728.806
  }
]