{
  "Plan": {
    "Node Type": "Aggregate",
    "Strategy": "Plain",
    "Partial Mode": "Finalize",
    "Parallel Aware": false,
    "Startup Cost": 228927.6,
    "Total Cost": 228927.61,
    "Plan Rows": 1,
    "Plan Width": 8,
    "Actual Startup Time": 238.978,
    "Actual Total Time": 246.715,
    "Actual Rows": 1,
    "Actual Loops": 1,
    "Plans": [
      {
        "Node Type": "Gather",
        "Parent Relationship": "Outer",
        "Parallel Aware": false,
        "Startup Cost": 228927.49,
        "Total Cost": 228927.6,
        "Plan Rows": 1,
        "Plan Width": 8,
        "Actual Startup Time": 237.624,
        "Actual Total Time": 246.708,
        "Actual Rows": 2,
        "Actual Loops": 1,
        "Workers Planned": 1,
        "Workers Launched": 1,
        "Single Copy": false,
        "Plans": [
          {
            "Node Type": "Aggregate",
            "Strategy": "Plain",
            "Partial Mode": "Partial",
            "Parent Relationship": "Outer",
            "Parallel Aware": false,
            "Startup Cost": 227927.49,
            "Total Cost": 227927.5,
            "Plan Rows": 1,
            "Plan Width": 8,
            "Actual Startup Time": 231.744,
            "Actual Total Time": 231.748,
            "Actual Rows": 1,
            "Actual Loops": 2,
            "Plans": [
              {
                "Node Type": "Hash Join",
                "Parent Relationship": "Outer",
                "Parallel Aware": true,
                "Join Type": "Inner",
                "Startup Cost": 61424.14,
                "Total Cost": 227876.93,
                "Plan Rows": 20226,
                "Plan Width": 0,
                "Actual Startup Time": 185.43,
                "Actual Total Time": 229.065,
                "Actual Rows": 50252,
                "Actual Loops": 2,
                "Inner Unique": true,
                "Hash Cond": "(mi.movie_id = t.id)",
                "Plans": [
                  {
                    "Node Type": "Bitmap Heap Scan",
                    "Parent Relationship": "Outer",
                    "Parallel Aware": true,
                    "Relation Name": "movie_info",
                    "Alias": "mi",
                    "Startup Cost": 5618.66,
                    "Total Cost": 171592.82,
                    "Plan Rows": 182332,
                    "Plan Width": 4,
                    "Actual Startup Time": 17.407,
                    "Actual Total Time": 39.994,
                    "Actual Rows": 153394,
                    "Actual Loops": 2,
                    "Recheck Cond": "(info_type_id > 105)",
                    "Rows Removed by Index Recheck": 0,
                    "Exact Heap Blocks": 3341,
                    "Lossy Heap Blocks": 0,
                    "Plans": [
                      {
                        "Node Type": "Bitmap Index Scan",
                        "Parent Relationship": "Outer",
                        "Parallel Aware": false,
                        "Index Name": "info_type_id_movie_info",
                        "Startup Cost": 0.0,
                        "Total Cost": 5541.16,
                        "Plan Rows": 309964,
                        "Plan Width": 0,
                        "Actual Startup Time": 16.686,
                        "Actual Total Time": 16.687,
                        "Actual Rows": 306788,
                        "Actual Loops": 1,
                        "Index Cond": "(info_type_id > 105)"
                      }
                    ]
                  },
                  {
                    "Node Type": "Hash",
                    "Parent Relationship": "Inner",
                    "Parallel Aware": true,
                    "Startup Cost": 53743.23,
                    "Total Cost": 53743.23,
                    "Plan Rows": 164981,
                    "Plan Width": 4,
                    "Actual Startup Time": 162.292,
                    "Actual Total Time": 162.294,
                    "Actual Rows": 191148,
                    "Actual Loops": 2,
                    "Hash Buckets": 524288,
                    "Original Hash Buckets": 524288,
                    "Hash Batches": 1,
                    "Original Hash Batches": 1,
                    "Peak Memory Usage": 19072,
                    "Plans": [
                      {
                        "Node Type": "Bitmap Heap Scan",
                        "Parent Relationship": "Outer",
                        "Parallel Aware": true,
                        "Relation Name": "title",
                        "Alias": "t",
                        "Startup Cost": 11892.97,
                        "Total Cost": 53743.23,
                        "Plan Rows": 164981,
                        "Plan Width": 4,
                        "Actual Startup Time": 36.556,
                        "Actual Total Time": 113.081,
                        "Actual Rows": 191148,
                        "Actual Loops": 2,
                        "Recheck Cond": "(kind_id = 1)",
                        "Rows Removed by Index Recheck": 0,
                        "Filter": "(production_year < 2001)",
                        "Rows Removed by Filter": 140264,
                        "Exact Heap Blocks": 8685,
                        "Lossy Heap Blocks": 0,
                        "Plans": [
                          {
                            "Node Type": "Bitmap Index Scan",
                            "Parent Relationship": "Outer",
                            "Parallel Aware": false,
                            "Index Name": "kind_id_title",
                            "Startup Cost": 0.0,
                            "Total Cost": 11822.85,
                            "Plan Rows": 663256,
                            "Plan Width": 0,
                            "Actual Startup Time": 34.698,
                            "Actual Total Time": 34.699,
                            "Actual Rows": 662825,
                            "Actual Loops": 1,
                            "Index Cond": "(kind_id = 1)"
                          }
                        ]
                      }
                    ]
                  }
                ]
              }
            ]
          }
        ]
      }
    ]
  },
  "Planning Time": 0.606,
  "Triggers": [],
  "Execution Time": 246.814
}