{
  "Plan": {
    "Node Type": "Aggregate",
    "Strategy": "Plain",
    "Partial Mode": "Finalize",
    "Parallel Aware": false,
    "Startup Cost": 78882.39,
    "Total Cost": 78882.4,
    "Plan Rows": 1,
    "Plan Width": 8,
    "Actual Startup Time": 187.56,
    "Actual Total Time": 199.836,
    "Actual Rows": 1,
    "Actual Loops": 1,
    "Plans": [
      {
        "Node Type": "Gather",
        "Parent Relationship": "Outer",
        "Parallel Aware": false,
        "Startup Cost": 78882.28,
        "Total Cost": 78882.39,
        "Plan Rows": 1,
        "Plan Width": 8,
        "Actual Startup Time": 187.392,
        "Actual Total Time": 199.827,
        "Actual Rows": 2,
        "Actual Loops": 1,
        "Workers Planned": 1,
        "Workers Launched": 1,
        "Single Copy": false,
        "Plans": [
          {
            "Node Type": "Aggregate",
            "Strategy": "Plain",
            "Partial Mode": "Partial",
            "Parent Relationship": "Outer",
            "Parallel Aware": false,
            "Startup Cost": 77882.28,
            "Total Cost": 77882.29,
            "Plan Rows": 1,
            "Plan Width": 8,
            "Actual Startup Time": 181.311,
            "Actual Total Time": 181.315,
            "Actual Rows": 1,
            "Actual Loops": 2,
            "Plans": [
              {
                "Node Type": "Hash Join",
                "Parent Relationship": "Outer",
                "Parallel Aware": true,
                "Join Type": "Inner",
                "Startup Cost": 20113.34,
                "Total Cost": 77872.47,
                "Plan Rows": 3923,
                "Plan Width": 0,
                "Actual Startup Time": 22.019,
                "Actual Total Time": 181.264,
                "Actual Rows": 236,
                "Actual Loops": 2,
                "Inner Unique": false,
                "Hash Cond": "(t.id = mc.movie_id)",
                "Plans": [
                  {
                    "Node Type": "Seq Scan",
                    "Parent Relationship": "Outer",
                    "Parallel Aware": true,
                    "Relation Name": "title",
                    "Alias": "t",
                    "Startup Cost": 0.0,
                    "Total Cost": 54588.39,
                    "Plan Rows": 503626,
                    "Plan Width": 4,
                    "Actual Startup Time": 0.016,
                    "Actual Total Time": 132.891,
                    "Actual Rows": 427107,
                    "Actual Loops": 2,
                    "Filter": "(kind_id < 4)",
                    "Rows Removed by Filter": 837049
                  },
                  {
                    "Node Type": "Hash",
                    "Parent Relationship": "Inner",
                    "Parallel Aware": true,
                    "Startup Cost": 19968.53,
                    "Total Cost": 19968.53,
                    "Plan Rows": 11585,
                    "Plan Width": 4,
                    "Actual Startup Time": 20.241,
                    "Actual Total Time": 20.242,
                    "Actual Rows": 310,
                    "Actual Loops": 2,
                    "Hash Buckets": 32768,
                    "Original Hash Buckets": 32768,
                    "Hash Batches": 1,
                    "Original Hash Batches": 1,
                    "Peak Memory Usage": 320,
                    "Plans": [
                      {
                        "Node Type": "Bitmap Heap Scan",
                        "Parent Relationship": "Outer",
                        "Parallel Aware": true,
                        "Relation Name": "movie_companies",
                        "Alias": "mc",
                        "Startup Cost": 836.27,
                        "Total Cost": 19968.53,
                        "Plan Rows": 11585,
                        "Plan Width": 4,
                        "Actual Startup Time": 18.938,
                        "Actual Total Time": 20.025,
                        "Actual Rows": 310,
                        "Actual Loops": 2,
                        "Recheck Cond": "(company_id = 160)",
                        "Rows Removed by Index Recheck": 0,
                        "Filter": "(company_type_id = 2)",
                        "Rows Removed by Filter": 17758,
                        "Exact Heap Blocks": 3963,
                        "Lossy Heap Blocks": 0,
                        "Plans": [
                          {
                            "Node Type": "Bitmap Index Scan",
                            "Parent Relationship": "Outer",
                            "Parallel Aware": false,
                            "Index Name": "company_id_movie_companies",
                            "Startup Cost": 0.0,
                            "Total Cost": 831.35,
                            "Plan Rows": 38789,
                            "Plan Width": 0,
                            "Actual Startup Time": 7.14,
                            "Actual Total Time": 7.14,
                            "Actual Rows": 36136,
                            "Actual Loops": 1,
                            "Index Cond": "(company_id = 160)"
                          }
                        ]
                      }
                    ]
                  }
                ]
              }
            ]
          }
        ]
      }
    ]
  },
  "Planning Time": 0.666,
  "Triggers": [],
  "Execution Time": 199.927
}