[
  {
    "Plan": {
      "Node Type": "Aggregate",
      "Strategy": "Plain",
      "Partial Mode": "Finalize",
      "Parallel Aware": false,
      "Startup Cost": 77954.42,
      "Total Cost": 77954.43,
      "Plan Rows": 1,
      "Plan Width": 8,
      "Actual Startup Time": 306.862,
      "Actual Total Time": 323.868,
      "Actual Rows": 1,
      "Actual Loops": 1,
      "Plans": [
        {
          "Node Type": "Gather",
          "Parent Relationship": "Outer",
          "Parallel Aware": false,
          "Startup Cost": 77954.1,
          "Total Cost": 77954.41,
          "Plan Rows": 3,
          "Plan Width": 8,
          "Actual Startup Time": 305.573,
          "Actual Total Time": 323.858,
          "Actual Rows": 4,
          "Actual Loops": 1,
          "Workers Planned": 3,
          "Workers Launched": 3,
          "Single Copy": false,
          "Plans": [
            {
              "Node Type": "Aggregate",
              "Strategy": "Plain",
              "Partial Mode": "Partial",
              "Parent Relationship": "Outer",
              "Parallel Aware": false,
              "Startup Cost": 76954.1,
              "Total Cost": 76954.11,
              "Plan Rows": 1,
              "Plan Width": 8,
              "Actual Startup Time": 300.7,
              "Actual Total Time": 300.704,
              "Actual Rows": 1,
              "Actual Loops": 4,
              "Plans": [
                {
                  "Node Type": "Hash Join",
                  "Parent Relationship": "Outer",
                  "Parallel Aware": true,
                  "Join Type": "Inner",
                  "Startup Cost": 47105.29,
                  "Total Cost": 76521.18,
                  "Plan Rows": 173170,
                  "Plan Width": 0,
                  "Actual Startup Time": 153.278,
                  "Actual Total Time": 293.058,
                  "Actual Rows": 186616,
                  "Actual Loops": 4,
                  "Inner Unique": true,
                  "Hash Cond": "(mc.movie_id = t.id)",
                  "Plans": [
                    {
                      "Node Type": "Seq Scan",
                      "Parent Relationship": "Outer",
                      "Parallel Aware": true,
                      "Relation Name": "movie_companies",
                      "Alias": "mc",
                      "Startup Cost": 0.0,
                      "Total Cost": 27206.55,
                      "Plan Rows": 841655,
                      "Plan Width": 4,
                      "Actual Startup Time": 0.008,
                      "Actual Total Time": 55.938,
                      "Actual Rows": 652282,
                      "Actual Loops": 4
                    },
                    {
                      "Node Type": "Hash",
                      "Parent Relationship": "Inner",
                      "Parallel Aware": true,
                      "Startup Cost": 45479.59,
                      "Total Cost": 45479.59,
                      "Plan Rows": 130056,
                      "Plan Width": 4,
                      "Actual Startup Time": 122.829,
                      "Actual Total Time": 122.83,
                      "Actual Rows": 98810,
                      "Actual Loops": 4,
                      "Hash Buckets": 524288,
                      "Original Hash Buckets": 524288,
                      "Hash Batches": 1,
                      "Original Hash Batches": 1,
                      "Peak Memory Usage": 19648,
                      "Plans": [
                        {
                          "Node Type": "Seq Scan",
                          "Parent Relationship": "Outer",
                          "Parallel Aware": true,
                          "Relation Name": "title",
                          "Alias": "t",
                          "Startup Cost": 0.0,
                          "Total Cost": 45479.59,
                          "Plan Rows": 130056,
                          "Plan Width": 4,
                          "Actual Startup Time": 41.296,
                          "Actual Total Time": 93.92,
                          "Actual Rows": 98810,
                          "Actual Loops": 4,
                          "Filter": "((production_year > 1977) AND (kind_id = 1))",
                          "Rows Removed by Filter": 533268
                        }
                      ]
                    }
                  ]
                }
              ]
            }
          ]
        }
      ]
    },
    "Planning Time": 0.601,
    "Triggers": [],
    "Execution Time": 323.931
  }
]