{
    "Plan": {
        "Node Type": "Aggregate",
        "Strategy": "Plain",
        "Partial Mode": "Finalize",
        "Parallel Aware": false,
        "Startup Cost": 125914.17,
        "Total Cost": 125914.18,
        "Plan Rows": 1,
        "Plan Width": 8,
        "Actual Startup Time": 818.051,
        "Actual Total Time": 872.539,
        "Actual Rows": 1,
        "Actual Loops": 1,
        "Output": [
            "count(*)"
        ],
        "Plans": [
            {
                "Node Type": "Gather",
                "Parent Relationship": "Outer",
                "Parallel Aware": false,
                "Startup Cost": 125913.85,
                "Total Cost": 125914.16,
                "Plan Rows": 3,
                "Plan Width": 8,
                "Actual Startup Time": 815.243,
                "Actual Total Time": 872.528,
                "Actual Rows": 4,
                "Actual Loops": 1,
                "Output": [
                    "(PARTIAL count(*))"
                ],
                "Workers Planned": 3,
                "Workers Launched": 3,
                "Single Copy": false,
                "Plans": [
                    {
                        "Node Type": "Aggregate",
                        "Strategy": "Plain",
                        "Partial Mode": "Partial",
                        "Parent Relationship": "Outer",
                        "Parallel Aware": false,
                        "Startup Cost": 124913.85,
                        "Total Cost": 124913.86,
                        "Plan Rows": 1,
                        "Plan Width": 8,
                        "Actual Startup Time": 806.719,
                        "Actual Total Time": 806.723,
                        "Actual Rows": 1,
                        "Actual Loops": 4,
                        "Output": [
                            "PARTIAL count(*)"
                        ],
                        "Workers": [
                            {
                                "Worker Number": 0,
                                "Actual Startup Time": 804.763,
                                "Actual Total Time": 804.766,
                                "Actual Rows": 1,
                                "Actual Loops": 1
                            },
                            {
                                "Worker Number": 1,
                                "Actual Startup Time": 802.809,
                                "Actual Total Time": 802.812,
                                "Actual Rows": 1,
                                "Actual Loops": 1
                            },
                            {
                                "Worker Number": 2,
                                "Actual Startup Time": 804.876,
                                "Actual Total Time": 804.879,
                                "Actual Rows": 1,
                                "Actual Loops": 1
                            }
                        ],
                        "Plans": [
                            {
                                "Node Type": "Nested Loop",
                                "Parent Relationship": "Outer",
                                "Parallel Aware": false,
                                "Join Type": "Inner",
                                "Startup Cost": 44010.71,
                                "Total Cost": 124781.89,
                                "Plan Rows": 52785,
                                "Plan Width": 0,
                                "Actual Startup Time": 99.136,
                                "Actual Total Time": 799.436,
                                "Actual Rows": 152591,
                                "Actual Loops": 4,
                                "Inner Unique": false,
                                "Join Filter": "(t.id = ci.movie_id)",
                                "Rows Removed by Join Filter": 0,
                                "Workers": [
                                    {
                                        "Worker Number": 0,
                                        "Actual Startup Time": 95.576,
                                        "Actual Total Time": 797.693,
                                        "Actual Rows": 146558,
                                        "Actual Loops": 1
                                    },
                                    {
                                        "Worker Number": 1,
                                        "Actual Startup Time": 96.537,
                                        "Actual Total Time": 795.553,
                                        "Actual Rows": 151731,
                                        "Actual Loops": 1
                                    },
                                    {
                                        "Worker Number": 2,
                                        "Actual Startup Time": 96.923,
                                        "Actual Total Time": 797.424,
                                        "Actual Rows": 156105,
                                        "Actual Loops": 1
                                    }
                                ],
                                "Plans": [
                                    {
                                        "Node Type": "Hash Join",
                                        "Parent Relationship": "Outer",
                                        "Parallel Aware": true,
                                        "Join Type": "Inner",
                                        "Startup Cost": 44010.14,
                                        "Total Cost": 86888.22,
                                        "Plan Rows": 20528,
                                        "Plan Width": 8,
                                        "Actual Startup Time": 98.76,
                                        "Actual Total Time": 273.987,
                                        "Actual Rows": 19130,
                                        "Actual Loops": 4,
                                        "Output": [
                                            "t.id",
                                            "mk.movie_id"
                                        ],
                                        "Inner Unique": true,
                                        "Hash Cond": "(mk.movie_id = t.id)",
                                        "Workers": [
                                            {
                                                "Worker Number": 0,
                                                "Actual Startup Time": 95.258,
                                                "Actual Total Time": 262.099,
                                                "Actual Rows": 17795,
                                                "Actual Loops": 1
                                            },
                                            {
                                                "Worker Number": 1,
                                                "Actual Startup Time": 95.996,
                                                "Actual Total Time": 254.734,
                                                "Actual Rows": 17145,
                                                "Actual Loops": 1
                                            },
                                            {
                                                "Worker Number": 2,
                                                "Actual Startup Time": 96.345,
                                                "Actual Total Time": 259.43,
                                                "Actual Rows": 17316,
                                                "Actual Loops": 1
                                            }
                                        ],
                                        "Plans": [
                                            {
                                                "Node Type": "Seq Scan",
                                                "Parent Relationship": "Outer",
                                                "Parallel Aware": true,
                                                "Relation Name": "movie_keyword",
                                                "Schema": "public",
                                                "Alias": "mk",
                                                "Startup Cost": 0.0,
                                                "Total Cost": 39047.32,
                                                "Plan Rows": 1459332,
                                                "Plan Width": 4,
                                                "Actual Startup Time": 0.012,
                                                "Actual Total Time": 89.121,
                                                "Actual Rows": 1130982,
                                                "Actual Loops": 4,
                                                "Output": [
                                                    "mk.id",
                                                    "mk.movie_id",
                                                    "mk.keyword_id"
                                                ],
                                                "Workers": [
                                                    {
                                                        "Worker Number": 0,
                                                        "Actual Startup Time": 0.014,
                                                        "Actual Total Time": 87.986,
                                                        "Actual Rows": 1038590,
                                                        "Actual Loops": 1
                                                    },
                                                    {
                                                        "Worker Number": 1,
                                                        "Actual Startup Time": 0.013,
                                                        "Actual Total Time": 83.926,
                                                        "Actual Rows": 966935,
                                                        "Actual Loops": 1
                                                    },
                                                    {
                                                        "Worker Number": 2,
                                                        "Actual Startup Time": 0.014,
                                                        "Actual Total Time": 83.45,
                                                        "Actual Rows": 973285,
                                                        "Actual Loops": 1
                                                    }
                                                ]
                                            },
                                            {
                                                "Node Type": "Hash",
                                                "Parent Relationship": "Inner",
                                                "Parallel Aware": true,
                                                "Startup Cost": 43899.01,
                                                "Total Cost": 43899.01,
                                                "Plan Rows": 8891,
                                                "Plan Width": 4,
                                                "Actual Startup Time": 97.106,
                                                "Actual Total Time": 97.107,
                                                "Actual Rows": 9127,
                                                "Actual Loops": 4,
                                                "Output": [
                                                    "t.id"
                                                ],
                                                "Hash Buckets": 65536,
                                                "Original Hash Buckets": 65536,
                                                "Hash Batches": 1,
                                                "Original Hash Batches": 1,
                                                "Peak Memory Usage": 2016,
                                                "Workers": [
                                                    {
                                                        "Worker Number": 0,
                                                        "Actual Startup Time": 94.616,
                                                        "Actual Total Time": 94.616,
                                                        "Actual Rows": 7800,
                                                        "Actual Loops": 1
                                                    },
                                                    {
                                                        "Worker Number": 1,
                                                        "Actual Startup Time": 95.382,
                                                        "Actual Total Time": 95.383,
                                                        "Actual Rows": 7697,
                                                        "Actual Loops": 1
                                                    },
                                                    {
                                                        "Worker Number": 2,
                                                        "Actual Startup Time": 95.406,
                                                        "Actual Total Time": 95.406,
                                                        "Actual Rows": 7682,
                                                        "Actual Loops": 1
                                                    }
                                                ],
                                                "Plans": [
                                                    {
                                                        "Node Type": "Seq Scan",
                                                        "Parent Relationship": "Outer",
                                                        "Parallel Aware": true,
                                                        "Relation Name": "title",
                                                        "Schema": "public",
                                                        "Alias": "t",
                                                        "Startup Cost": 0.0,
                                                        "Total Cost": 43899.01,
                                                        "Plan Rows": 8891,
                                                        "Plan Width": 4,
                                                        "Actual Startup Time": 0.064,
                                                        "Actual Total Time": 92.552,
                                                        "Actual Rows": 9127,
                                                        "Actual Loops": 4,
                                                        "Output": [
                                                            "t.id"
                                                        ],
                                                        "Filter": "(t.production_year = 1996)",
                                                        "Rows Removed by Filter": 622951,
                                                        "Workers": [
                                                            {
                                                                "Worker Number": 0,
                                                                "Actual Startup Time": 0.072,
                                                                "Actual Total Time": 90.16,
                                                                "Actual Rows": 7800,
                                                                "Actual Loops": 1
                                                            },
                                                            {
                                                                "Worker Number": 1,
                                                                "Actual Startup Time": 0.072,
                                                                "Actual Total Time": 91.036,
                                                                "Actual Rows": 7697,
                                                                "Actual Loops": 1
                                                            },
                                                            {
                                                                "Worker Number": 2,
                                                                "Actual Startup Time": 0.065,
                                                                "Actual Total Time": 90.743,
                                                                "Actual Rows": 7682,
                                                                "Actual Loops": 1
                                                            }
                                                        ]
                                                    }
                                                ]
                                            }
                                        ]
                                    },
                                    {
                                        "Node Type": "Index Scan",
                                        "Parent Relationship": "Inner",
                                        "Parallel Aware": false,
                                        "Scan Direction": "Forward",
                                        "Index Name": "movie_id_cast_info",
                                        "Relation Name": "cast_info",
                                        "Schema": "public",
                                        "Alias": "ci",
                                        "Startup Cost": 0.56,
                                        "Total Cost": 1.76,
                                        "Plan Rows": 7,
                                        "Plan Width": 4,
                                        "Actual Startup Time": 0.019,
                                        "Actual Total Time": 0.027,
                                        "Actual Rows": 8,
                                        "Actual Loops": 76522,
                                        "Output": [
                                            "ci.id",
                                            "ci.person_id",
                                            "ci.movie_id",
                                            "ci.person_role_id",
                                            "ci.note",
                                            "ci.nr_order",
                                            "ci.role_id"
                                        ],
                                        "Index Cond": "(ci.movie_id = mk.movie_id)",
                                        "Rows Removed by Index Recheck": 0,
                                        "Filter": "((ci.person_id < 3323969) AND (ci.role_id > 7))",
                                        "Rows Removed by Filter": 44,
                                        "Workers": [
                                            {
                                                "Worker Number": 0,
                                                "Actual Startup Time": 0.021,
                                                "Actual Total Time": 0.029,
                                                "Actual Rows": 8,
                                                "Actual Loops": 17795
                                            },
                                            {
                                                "Worker Number": 1,
                                                "Actual Startup Time": 0.022,
                                                "Actual Total Time": 0.031,
                                                "Actual Rows": 9,
                                                "Actual Loops": 17145
                                            },
                                            {
                                                "Worker Number": 2,
                                                "Actual Startup Time": 0.022,
                                                "Actual Total Time": 0.03,
                                                "Actual Rows": 9,
                                                "Actual Loops": 17316
                                            }
                                        ]
                                    }
                                ]
                            }
                        ]
                    }
                ]
            }
        ]
    },
    "Planning Time": 1.502,
    "Triggers": [],
    "Execution Time": 872.651
}