[
  {
    "Plan": {
      "Node Type": "Aggregate",
      "Strategy": "Plain",
      "Partial Mode": "Finalize",
      "Parallel Aware": false,
      "Startup Cost": 45596.76,
      "Total Cost": 45596.77,
      "Plan Rows": 1,
      "Plan Width": 8,
      "Actual Startup Time": 151.205,
      "Actual Total Time": 160.501,
      "Actual Rows": 1,
      "Actual Loops": 1,
      "Plans": [
        {
          "Node Type": "Gather",
          "Parent Relationship": "Outer",
          "Parallel Aware": false,
          "Startup Cost": 45596.44,
          "Total Cost": 45596.75,
          "Plan Rows": 3,
          "Plan Width": 8,
          "Actual Startup Time": 151.106,
          "Actual Total Time": 160.492,
          "Actual Rows": 4,
          "Actual Loops": 1,
          "Workers Planned": 3,
          "Workers Launched": 3,
          "Single Copy": false,
          "Plans": [
            {
              "Node Type": "Aggregate",
              "Strategy": "Plain",
              "Partial Mode": "Partial",
              "Parent Relationship": "Outer",
              "Parallel Aware": false,
              "Startup Cost": 44596.44,
              "Total Cost": 44596.45,
              "Plan Rows": 1,
              "Plan Width": 8,
              "Actual Startup Time": 144.001,
              "Actual Total Time": 144.002,
              "Actual Rows": 1,
              "Actual Loops": 4,
              "Plans": [
                {
                  "Node Type": "Seq Scan",
                  "Parent Relationship": "Outer",
                  "Parallel Aware": true,
                  "Relation Name": "movie_keyword",
                  "Alias": "mk",
                  "Startup Cost": 0.0,
                  "Total Cost": 42695.65,
                  "Plan Rows": 760314,
                  "Plan Width": 0,
                  "Actual Startup Time": 0.056,
                  "Actual Total Time": 116.972,
                  "Actual Rows": 588808,
                  "Actual Loops": 4,
                  "Filter": "(keyword_id < 5292)",
                  "Rows Removed by Filter": 542174
                }
              ]
            }
          ]
        }
      ]
    },
    "Planning Time": 0.2,
    "Triggers": [],
    "Execution Time": 160.56
  }
]