[
  {
    "Plan": {
      "Node Type": "Aggregate",
      "Strategy": "Plain",
      "Partial Mode": "Finalize",
      "Parallel Aware": false,
      "Startup Cost": 435102.31,
      "Total Cost": 435102.32,
      "Plan Rows": 1,
      "Plan Width": 8,
      "Actual Startup Time": 1703.19,
      "Actual Total Time": 1766.833,
      "Actual Rows": 1,
      "Actual Loops": 1,
      "Plans": [
        {
          "Node Type": "Gather",
          "Parent Relationship": "Outer",
          "Parallel Aware": false,
          "Startup Cost": 435101.69,
          "Total Cost": 435102.3,
          "Plan Rows": 6,
          "Plan Width": 8,
          "Actual Startup Time": 1690.801,
          "Actual Total Time": 1766.819,
          "Actual Rows": 7,
          "Actual Loops": 1,
          "Workers Planned": 6,
          "Workers Launched": 6,
          "Single Copy": false,
          "Plans": [
            {
              "Node Type": "Aggregate",
              "Strategy": "Plain",
              "Partial Mode": "Partial",
              "Parent Relationship": "Outer",
              "Parallel Aware": false,
              "Startup Cost": 434101.69,
              "Total Cost": 434101.7,
              "Plan Rows": 1,
              "Plan Width": 8,
              "Actual Startup Time": 1679.643,
              "Actual Total Time": 1679.818,
              "Actual Rows": 1,
              "Actual Loops": 7,
              "Plans": [
                {
                  "Node Type": "Hash Join",
                  "Parent Relationship": "Outer",
                  "Parallel Aware": true,
                  "Join Type": "Inner",
                  "Startup Cost": 84814.05,
                  "Total Cost": 430875.79,
                  "Plan Rows": 1290361,
                  "Plan Width": 0,
                  "Actual Startup Time": 494.763,
                  "Actual Total Time": 1617.618,
                  "Actual Rows": 1483252,
                  "Actual Loops": 7,
                  "Inner Unique": false,
                  "Hash Cond": "(ci.movie_id = t.id)",
                  "Plans": [
                    {
                      "Node Type": "Seq Scan",
                      "Parent Relationship": "Outer",
                      "Parallel Aware": true,
                      "Relation Name": "cast_info",
                      "Alias": "ci",
                      "Startup Cost": 0.0,
                      "Total Cost": 328162.03,
                      "Plan Rows": 3663267,
                      "Plan Width": 4,
                      "Actual Startup Time": 136.841,
                      "Actual Total Time": 573.576,
                      "Actual Rows": 3142841,
                      "Actual Loops": 7,
                      "Filter": "(person_id > 1402667)",
                      "Rows Removed by Filter": 2034922
                    },
                    {
                      "Node Type": "Hash",
                      "Parent Relationship": "Inner",
                      "Parallel Aware": true,
                      "Startup Cost": 81223.02,
                      "Total Cost": 81223.02,
                      "Plan Rows": 287282,
                      "Plan Width": 8,
                      "Actual Startup Time": 354.489,
                      "Actual Total Time": 354.663,
                      "Actual Rows": 97501,
                      "Actual Loops": 7,
                      "Hash Buckets": 1048576,
                      "Original Hash Buckets": 1048576,
                      "Hash Batches": 1,
                      "Original Hash Batches": 1,
                      "Peak Memory Usage": 35008,
                      "Plans": [
                        {
                          "Node Type": "Hash Join",
                          "Parent Relationship": "Outer",
                          "Parallel Aware": true,
                          "Join Type": "Inner",
                          "Startup Cost": 50790.59,
                          "Total Cost": 81223.02,
                          "Plan Rows": 287282,
                          "Plan Width": 8,
                          "Actual Startup Time": 226.767,
                          "Actual Total Time": 315.023,
                          "Actual Rows": 97501,
                          "Actual Loops": 7,
                          "Inner Unique": true,
                          "Hash Cond": "(mc.movie_id = t.id)",
                          "Plans": [
                            {
                              "Node Type": "Seq Scan",
                              "Parent Relationship": "Outer",
                              "Parallel Aware": true,
                              "Relation Name": "movie_companies",
                              "Alias": "mc",
                              "Startup Cost": 0.0,
                              "Total Cost": 29310.68,
                              "Plan Rows": 427336,
                              "Plan Width": 4,
                              "Actual Startup Time": 20.97,
                              "Actual Total Time": 45.155,
                              "Actual Rows": 190698,
                              "Actual Loops": 7,
                              "Filter": "(company_type_id > 1)",
                              "Rows Removed by Filter": 182035
                            },
                            {
                              "Node Type": "Hash",
                              "Parent Relationship": "Inner",
                              "Parallel Aware": true,
                              "Startup Cost": 45479.1,
                              "Total Cost": 45479.1,
                              "Plan Rows": 424919,
                              "Plan Width": 4,
                              "Actual Startup Time": 202.992,
                              "Actual Total Time": 202.993,
                              "Actual Rows": 257021,
                              "Actual Loops": 7,
                              "Hash Buckets": 2097152,
                              "Original Hash Buckets": 2097152,
                              "Hash Batches": 1,
                              "Original Hash Batches": 1,
                              "Peak Memory Usage": 86880,
                              "Plans": [
                                {
                                  "Node Type": "Seq Scan",
                                  "Parent Relationship": "Outer",
                                  "Parallel Aware": true,
                                  "Relation Name": "title",
                                  "Alias": "t",
                                  "Startup Cost": 0.0,
                                  "Total Cost": 45479.1,
                                  "Plan Rows": 424919,
                                  "Plan Width": 4,
                                  "Actual Startup Time": 0.042,
                                  "Actual Total Time": 80.431,
                                  "Actual Rows": 257021,
                                  "Actual Loops": 7,
                                  "Filter": "((kind_id > 1) AND (production_year > 1947))",
                                  "Rows Removed by Filter": 104166
                                }
                              ]
                            }
                          ]
                        }
                      ]
                    }
                  ]
                }
              ]
            }
          ]
        }
      ]
    },
    "Planning Time": 1.471,
    "Triggers": [],
    "Execution Time": 1766.94
  }
]