{
  "Plan": {
    "Node Type": "Aggregate",
    "Strategy": "Plain",
    "Partial Mode": "Finalize",
    "Parallel Aware": false,
    "Startup Cost": 338076.6,
    "Total Cost": 338076.61,
    "Plan Rows": 1,
    "Plan Width": 8,
    "Actual Startup Time": 1187.574,
    "Actual Total Time": 1237.241,
    "Actual Rows": 1,
    "Actual Loops": 1,
    "Plans": [
      {
        "Node Type": "Gather",
        "Parent Relationship": "Outer",
        "Parallel Aware": false,
        "Startup Cost": 338076.49,
        "Total Cost": 338076.6,
        "Plan Rows": 1,
        "Plan Width": 8,
        "Actual Startup Time": 1187.197,
        "Actual Total Time": 1237.232,
        "Actual Rows": 2,
        "Actual Loops": 1,
        "Workers Planned": 1,
        "Workers Launched": 1,
        "Single Copy": false,
        "Plans": [
          {
            "Node Type": "Aggregate",
            "Strategy": "Plain",
            "Partial Mode": "Partial",
            "Parent Relationship": "Outer",
            "Parallel Aware": false,
            "Startup Cost": 337076.49,
            "Total Cost": 337076.5,
            "Plan Rows": 1,
            "Plan Width": 8,
            "Actual Startup Time": 1181.599,
            "Actual Total Time": 1181.602,
            "Actual Rows": 1,
            "Actual Loops": 2,
            "Plans": [
              {
                "Node Type": "Hash Join",
                "Parent Relationship": "Outer",
                "Parallel Aware": true,
                "Join Type": "Inner",
                "Startup Cost": 55046.95,
                "Total Cost": 336816.36,
                "Plan Rows": 104051,
                "Plan Width": 0,
                "Actual Startup Time": 149.559,
                "Actual Total Time": 1178.133,
                "Actual Rows": 71804,
                "Actual Loops": 2,
                "Inner Unique": true,
                "Hash Cond": "(mi.movie_id = t.id)",
                "Plans": [
                  {
                    "Node Type": "Seq Scan",
                    "Parent Relationship": "Outer",
                    "Parallel Aware": true,
                    "Relation Name": "movie_info",
                    "Alias": "mi",
                    "Startup Cost": 0.0,
                    "Total Cost": 270696.42,
                    "Plan Rows": 4218272,
                    "Plan Width": 4,
                    "Actual Startup Time": 0.01,
                    "Actual Total Time": 688.091,
                    "Actual Rows": 3643432,
                    "Actual Loops": 2,
                    "Filter": "(info_type_id < 8)",
                    "Rows Removed by Filter": 3774428
                  },
                  {
                    "Node Type": "Hash",
                    "Parent Relationship": "Inner",
                    "Parallel Aware": true,
                    "Startup Cost": 54588.39,
                    "Total Cost": 54588.39,
                    "Plan Rows": 36685,
                    "Plan Width": 4,
                    "Actual Startup Time": 147.561,
                    "Actual Total Time": 147.562,
                    "Actual Rows": 31284,
                    "Actual Loops": 2,
                    "Hash Buckets": 65536,
                    "Original Hash Buckets": 65536,
                    "Hash Batches": 1,
                    "Original Hash Batches": 1,
                    "Peak Memory Usage": 2976,
                    "Plans": [
                      {
                        "Node Type": "Seq Scan",
                        "Parent Relationship": "Outer",
                        "Parallel Aware": true,
                        "Relation Name": "title",
                        "Alias": "t",
                        "Startup Cost": 0.0,
                        "Total Cost": 54588.39,
                        "Plan Rows": 36685,
                        "Plan Width": 4,
                        "Actual Startup Time": 0.038,
                        "Actual Total Time": 138.055,
                        "Actual Rows": 31284,
                        "Actual Loops": 2,
                        "Filter": "(production_year = 2002)",
                        "Rows Removed by Filter": 1232872
                      }
                    ]
                  }
                ]
              }
            ]
          }
        ]
      }
    ]
  },
  "Planning Time": 0.45,
  "Triggers": [],
  "Execution Time": 1237.327
}