[
  {
    "Plan": {
      "Node Type": "Aggregate",
      "Strategy": "Plain",
      "Partial Mode": "Finalize",
      "Parallel Aware": false,
      "Startup Cost": 46084.45,
      "Total Cost": 46084.46,
      "Plan Rows": 1,
      "Plan Width": 8,
      "Actual Startup Time": 145.654,
      "Actual Total Time": 155.124,
      "Actual Rows": 1,
      "Actual Loops": 1,
      "Plans": [
        {
          "Node Type": "Gather",
          "Parent Relationship": "Outer",
          "Parallel Aware": false,
          "Startup Cost": 46084.13,
          "Total Cost": 46084.44,
          "Plan Rows": 3,
          "Plan Width": 8,
          "Actual Startup Time": 145.496,
          "Actual Total Time": 155.114,
          "Actual Rows": 4,
          "Actual Loops": 1,
          "Workers Planned": 3,
          "Workers Launched": 3,
          "Single Copy": false,
          "Plans": [
            {
              "Node Type": "Aggregate",
              "Strategy": "Plain",
              "Partial Mode": "Partial",
              "Parent Relationship": "Outer",
              "Parallel Aware": false,
              "Startup Cost": 45084.13,
              "Total Cost": 45084.14,
              "Plan Rows": 1,
              "Plan Width": 8,
              "Actual Startup Time": 141.114,
              "Actual Total Time": 141.116,
              "Actual Rows": 1,
              "Actual Loops": 4,
              "Plans": [
                {
                  "Node Type": "Seq Scan",
                  "Parent Relationship": "Outer",
                  "Parallel Aware": true,
                  "Relation Name": "movie_keyword",
                  "Alias": "mk",
                  "Startup Cost": 0.0,
                  "Total Cost": 42695.65,
                  "Plan Rows": 955391,
                  "Plan Width": 0,
                  "Actual Startup Time": 0.031,
                  "Actual Total Time": 109.751,
                  "Actual Rows": 742510,
                  "Actual Loops": 4,
                  "Filter": "(keyword_id < 10149)",
                  "Rows Removed by Filter": 388473
                }
              ]
            }
          ]
        }
      ]
    },
    "Planning Time": 0.106,
    "Triggers": [],
    "Execution Time": 155.156
  }
]