[
  {
    "Plan": {
      "Node Type": "Aggregate",
      "Strategy": "Plain",
      "Partial Mode": "Finalize",
      "Parallel Aware": false,
      "Startup Cost": 337316.8,
      "Total Cost": 337316.81,
      "Plan Rows": 1,
      "Plan Width": 8,
      "Actual Startup Time": 876.558,
      "Actual Total Time": 926.143,
      "Actual Rows": 1,
      "Actual Loops": 1,
      "Plans": [
        {
          "Node Type": "Gather",
          "Parent Relationship": "Outer",
          "Parallel Aware": false,
          "Startup Cost": 337316.17,
          "Total Cost": 337316.78,
          "Plan Rows": 6,
          "Plan Width": 8,
          "Actual Startup Time": 876.342,
          "Actual Total Time": 926.124,
          "Actual Rows": 7,
          "Actual Loops": 1,
          "Workers Planned": 6,
          "Workers Launched": 6,
          "Single Copy": false,
          "Plans": [
            {
              "Node Type": "Aggregate",
              "Strategy": "Plain",
              "Partial Mode": "Partial",
              "Parent Relationship": "Outer",
              "Parallel Aware": false,
              "Startup Cost": 336316.17,
              "Total Cost": 336316.18,
              "Plan Rows": 1,
              "Plan Width": 8,
              "Actual Startup Time": 868.087,
              "Actual Total Time": 868.088,
              "Actual Rows": 1,
              "Actual Loops": 7,
              "Plans": [
                {
                  "Node Type": "Seq Scan",
                  "Parent Relationship": "Outer",
                  "Parallel Aware": true,
                  "Relation Name": "cast_info",
                  "Alias": "ci",
                  "Startup Cost": 0.0,
                  "Total Cost": 328211.39,
                  "Plan Rows": 3241913,
                  "Plan Width": 0,
                  "Actual Startup Time": 0.057,
                  "Actual Total Time": 700.042,
                  "Actual Rows": 2810377,
                  "Actual Loops": 7,
                  "Filter": "(person_id < 1971579)",
                  "Rows Removed by Filter": 2367387
                }
              ]
            }
          ]
        }
      ]
    },
    "Planning Time": 0.076,
    "Triggers": [],
    "Execution Time": 926.184
  }
]