[
  {
    "Plan": {
      "Node Type": "Aggregate",
      "Strategy": "Plain",
      "Partial Mode": "Finalize",
      "Parallel Aware": false,
      "Startup Cost": 119314.49,
      "Total Cost": 119314.5,
      "Plan Rows": 1,
      "Plan Width": 8,
      "Actual Startup Time": 89.9,
      "Actual Total Time": 102.519,
      "Actual Rows": 1,
      "Actual Loops": 1,
      "Plans": [
        {
          "Node Type": "Gather",
          "Parent Relationship": "Outer",
          "Parallel Aware": false,
          "Startup Cost": 119314.07,
          "Total Cost": 119314.48,
          "Plan Rows": 4,
          "Plan Width": 8,
          "Actual Startup Time": 89.597,
          "Actual Total Time": 102.51,
          "Actual Rows": 5,
          "Actual Loops": 1,
          "Workers Planned": 4,
          "Workers Launched": 4,
          "Single Copy": false,
          "Plans": [
            {
              "Node Type": "Aggregate",
              "Strategy": "Plain",
              "Partial Mode": "Partial",
              "Parent Relationship": "Outer",
              "Parallel Aware": false,
              "Startup Cost": 118314.07,
              "Total Cost": 118314.08,
              "Plan Rows": 1,
              "Plan Width": 8,
              "Actual Startup Time": 83.749,
              "Actual Total Time": 83.751,
              "Actual Rows": 1,
              "Actual Loops": 5,
              "Plans": [
                {
                  "Node Type": "Nested Loop",
                  "Parent Relationship": "Outer",
                  "Parallel Aware": false,
                  "Join Type": "Inner",
                  "Startup Cost": 0.56,
                  "Total Cost": 118312.6,
                  "Plan Rows": 588,
                  "Plan Width": 0,
                  "Actual Startup Time": 2.092,
                  "Actual Total Time": 83.701,
                  "Actual Rows": 246,
                  "Actual Loops": 5,
                  "Inner Unique": false,
                  "Plans": [
                    {
                      "Node Type": "Seq Scan",
                      "Parent Relationship": "Outer",
                      "Parallel Aware": true,
                      "Relation Name": "title",
                      "Alias": "t",
                      "Startup Cost": 0.0,
                      "Total Cost": 45479.59,
                      "Plan Rows": 578,
                      "Plan Width": 4,
                      "Actual Startup Time": 1.668,
                      "Actual Total Time": 75.403,
                      "Actual Rows": 239,
                      "Actual Loops": 5,
                      "Filter": "((kind_id = 7) AND (production_year = 1949))",
                      "Rows Removed by Filter": 505423
                    },
                    {
                      "Node Type": "Index Scan",
                      "Parent Relationship": "Inner",
                      "Parallel Aware": false,
                      "Scan Direction": "Forward",
                      "Index Name": "movie_id_cast_info",
                      "Relation Name": "cast_info",
                      "Alias": "ci",
                      "Startup Cost": 0.56,
                      "Total Cost": 125.99,
                      "Plan Rows": 2,
                      "Plan Width": 4,
                      "Actual Startup Time": 0.017,
                      "Actual Total Time": 0.034,
                      "Actual Rows": 1,
                      "Actual Loops": 1196,
                      "Index Cond": "(movie_id = t.id)",
                      "Rows Removed by Index Recheck": 0,
                      "Filter": "((person_id < 723354) AND (role_id < 2))",
                      "Rows Removed by Filter": 4
                    }
                  ]
                }
              ]
            }
          ]
        }
      ]
    },
    "Planning Time": 0.669,
    "Triggers": [],
    "Execution Time": 102.589
  }
]