[
    {
        "Bao": {
            "Bao prediction": "NaN",
            "Bao recommended hint": "(no hint)"
        }
    },
    {
        "Plan": {
            "Node Type": "Aggregate",
            "Strategy": "Plain",
            "Partial Mode": "Finalize",
            "Parallel Aware": false,
            "Startup Cost": 121286.59,
            "Total Cost": 121286.6,
            "Plan Rows": 1,
            "Plan Width": 8,
            "Actual Startup Time": 387.244,
            "Actual Total Time": 398.508,
            "Actual Rows": 1,
            "Actual Loops": 1,
            "Output": [
                "count(*)"
            ],
            "Plans": [
                {
                    "Node Type": "Gather",
                    "Parent Relationship": "Outer",
                    "Parallel Aware": false,
                    "Startup Cost": 121286.27,
                    "Total Cost": 121286.58,
                    "Plan Rows": 3,
                    "Plan Width": 8,
                    "Actual Startup Time": 384.557,
                    "Actual Total Time": 398.5,
                    "Actual Rows": 4,
                    "Actual Loops": 1,
                    "Output": [
                        "(PARTIAL count(*))"
                    ],
                    "Workers Planned": 3,
                    "Workers Launched": 3,
                    "Single Copy": false,
                    "Plans": [
                        {
                            "Node Type": "Aggregate",
                            "Strategy": "Plain",
                            "Partial Mode": "Partial",
                            "Parent Relationship": "Outer",
                            "Parallel Aware": false,
                            "Startup Cost": 120286.27,
                            "Total Cost": 120286.28,
                            "Plan Rows": 1,
                            "Plan Width": 8,
                            "Actual Startup Time": 375.333,
                            "Actual Total Time": 375.34,
                            "Actual Rows": 1,
                            "Actual Loops": 4,
                            "Output": [
                                "PARTIAL count(*)"
                            ],
                            "Workers": [
                                {
                                    "Worker Number": 0,
                                    "Actual Startup Time": 371.982,
                                    "Actual Total Time": 371.989,
                                    "Actual Rows": 1,
                                    "Actual Loops": 1
                                },
                                {
                                    "Worker Number": 1,
                                    "Actual Startup Time": 372.3,
                                    "Actual Total Time": 372.305,
                                    "Actual Rows": 1,
                                    "Actual Loops": 1
                                },
                                {
                                    "Worker Number": 2,
                                    "Actual Startup Time": 373.074,
                                    "Actual Total Time": 373.079,
                                    "Actual Rows": 1,
                                    "Actual Loops": 1
                                }
                            ],
                            "Plans": [
                                {
                                    "Node Type": "Hash Join",
                                    "Parent Relationship": "Outer",
                                    "Parallel Aware": true,
                                    "Join Type": "Inner",
                                    "Startup Cost": 75847.39,
                                    "Total Cost": 120226.05,
                                    "Plan Rows": 24087,
                                    "Plan Width": 0,
                                    "Actual Startup Time": 254.465,
                                    "Actual Total Time": 371.734,
                                    "Actual Rows": 80034,
                                    "Actual Loops": 4,
                                    "Inner Unique": false,
                                    "Hash Cond": "(mk.movie_id = t.id)",
                                    "Workers": [
                                        {
                                            "Worker Number": 0,
                                            "Actual Startup Time": 251.184,
                                            "Actual Total Time": 368.373,
                                            "Actual Rows": 73299,
                                            "Actual Loops": 1
                                        },
                                        {
                                            "Worker Number": 1,
                                            "Actual Startup Time": 251.505,
                                            "Actual Total Time": 368.624,
                                            "Actual Rows": 82962,
                                            "Actual Loops": 1
                                        },
                                        {
                                            "Worker Number": 2,
                                            "Actual Startup Time": 252.271,
                                            "Actual Total Time": 369.393,
                                            "Actual Rows": 83569,
                                            "Actual Loops": 1
                                        }
                                    ],
                                    "Plans": [
                                        {
                                            "Node Type": "Seq Scan",
                                            "Parent Relationship": "Outer",
                                            "Parallel Aware": true,
                                            "Relation Name": "movie_keyword",
                                            "Schema": "public",
                                            "Alias": "mk",
                                            "Startup Cost": 0.0,
                                            "Total Cost": 42695.65,
                                            "Plan Rows": 432745,
                                            "Plan Width": 4,
                                            "Actual Startup Time": 0.821,
                                            "Actual Total Time": 90.551,
                                            "Actual Rows": 329322,
                                            "Actual Loops": 4,
                                            "Output": [
                                                "mk.id",
                                                "mk.movie_id",
                                                "mk.keyword_id"
                                            ],
                                            "Filter": "(mk.keyword_id > 13255)",
                                            "Rows Removed by Filter": 801661,
                                            "Workers": [
                                                {
                                                    "Worker Number": 0,
                                                    "Actual Startup Time": 0.837,
                                                    "Actual Total Time": 91.39,
                                                    "Actual Rows": 300212,
                                                    "Actual Loops": 1
                                                },
                                                {
                                                    "Worker Number": 1,
                                                    "Actual Startup Time": 0.765,
                                                    "Actual Total Time": 91.527,
                                                    "Actual Rows": 337214,
                                                    "Actual Loops": 1
                                                },
                                                {
                                                    "Worker Number": 2,
                                                    "Actual Startup Time": 0.833,
                                                    "Actual Total Time": 91.585,
                                                    "Actual Rows": 335307,
                                                    "Actual Loops": 1
                                                }
                                            ]
                                        },
                                        {
                                            "Node Type": "Hash",
                                            "Parent Relationship": "Inner",
                                            "Parallel Aware": true,
                                            "Startup Cost": 75407.61,
                                            "Total Cost": 75407.61,
                                            "Plan Rows": 35182,
                                            "Plan Width": 8,
                                            "Actual Startup Time": 240.94,
                                            "Actual Total Time": 240.945,
                                            "Actual Rows": 43524,
                                            "Actual Loops": 4,
                                            "Output": [
                                                "t.id",
                                                "mc.movie_id"
                                            ],
                                            "Hash Buckets": 262144,
                                            "Original Hash Buckets": 262144,
                                            "Hash Batches": 1,
                                            "Original Hash Batches": 1,
                                            "Peak Memory Usage": 8928,
                                            "Workers": [
                                                {
                                                    "Worker Number": 0,
                                                    "Actual Startup Time": 238.237,
                                                    "Actual Total Time": 238.242,
                                                    "Actual Rows": 40367,
                                                    "Actual Loops": 1
                                                },
                                                {
                                                    "Worker Number": 1,
                                                    "Actual Startup Time": 238.484,
                                                    "Actual Total Time": 238.488,
                                                    "Actual Rows": 44185,
                                                    "Actual Loops": 1
                                                },
                                                {
                                                    "Worker Number": 2,
                                                    "Actual Startup Time": 239.297,
                                                    "Actual Total Time": 239.302,
                                                    "Actual Rows": 43863,
                                                    "Actual Loops": 1
                                                }
                                            ],
                                            "Plans": [
                                                {
                                                    "Node Type": "Hash Join",
                                                    "Parent Relationship": "Outer",
                                                    "Parallel Aware": true,
                                                    "Join Type": "Inner",
                                                    "Startup Cost": 30240.12,
                                                    "Total Cost": 75407.61,
                                                    "Plan Rows": 35182,
                                                    "Plan Width": 8,
                                                    "Actual Startup Time": 124.53,
                                                    "Actual Total Time": 227.082,
                                                    "Actual Rows": 43524,
                                                    "Actual Loops": 4,
                                                    "Output": [
                                                        "t.id",
                                                        "mc.movie_id"
                                                    ],
                                                    "Inner Unique": false,
                                                    "Hash Cond": "(t.id = mc.movie_id)",
                                                    "Workers": [
                                                        {
                                                            "Worker Number": 0,
                                                            "Actual Startup Time": 121.786,
                                                            "Actual Total Time": 224.931,
                                                            "Actual Rows": 40367,
                                                            "Actual Loops": 1
                                                        },
                                                        {
                                                            "Worker Number": 1,
                                                            "Actual Startup Time": 122.157,
                                                            "Actual Total Time": 225.072,
                                                            "Actual Rows": 44185,
                                                            "Actual Loops": 1
                                                        },
                                                        {
                                                            "Worker Number": 2,
                                                            "Actual Startup Time": 122.857,
                                                            "Actual Total Time": 226.06,
                                                            "Actual Rows": 43863,
                                                            "Actual Loops": 1
                                                        }
                                                    ],
                                                    "Plans": [
                                                        {
                                                            "Node Type": "Seq Scan",
                                                            "Parent Relationship": "Outer",
                                                            "Parallel Aware": true,
                                                            "Relation Name": "title",
                                                            "Schema": "public",
                                                            "Alias": "t",
                                                            "Startup Cost": 0.0,
                                                            "Total Cost": 43899.01,
                                                            "Plan Rows": 230998,
                                                            "Plan Width": 4,
                                                            "Actual Startup Time": 0.01,
                                                            "Actual Total Time": 80.786,
                                                            "Actual Rows": 231151,
                                                            "Actual Loops": 4,
                                                            "Output": [
                                                                "t.id",
                                                                "t.title",
                                                                "t.imdb_index",
                                                                "t.kind_id",
                                                                "t.production_year",
                                                                "t.imdb_id",
                                                                "t.phonetic_code",
                                                                "t.episode_of_id",
                                                                "t.season_nr",
                                                                "t.episode_nr",
                                                                "t.series_years",
                                                                "t.md5sum"
                                                            ],
                                                            "Filter": "(t.production_year < 1998)",
                                                            "Rows Removed by Filter": 400927,
                                                            "Workers": [
                                                                {
                                                                    "Worker Number": 0,
                                                                    "Actual Startup Time": 0.011,
                                                                    "Actual Total Time": 82.855,
                                                                    "Actual Rows": 212123,
                                                                    "Actual Loops": 1
                                                                },
                                                                {
                                                                    "Worker Number": 1,
                                                                    "Actual Startup Time": 0.011,
                                                                    "Actual Total Time": 83.866,
                                                                    "Actual Rows": 231381,
                                                                    "Actual Loops": 1
                                                                },
                                                                {
                                                                    "Worker Number": 2,
                                                                    "Actual Startup Time": 0.008,
                                                                    "Actual Total Time": 83.502,
                                                                    "Actual Rows": 230815,
                                                                    "Actual Loops": 1
                                                                }
                                                            ]
                                                        },
                                                        {
                                                            "Node Type": "Hash",
                                                            "Parent Relationship": "Inner",
                                                            "Parallel Aware": true,
                                                            "Startup Cost": 28687.42,
                                                            "Total Cost": 28687.42,
                                                            "Plan Rows": 124216,
                                                            "Plan Width": 4,
                                                            "Actual Startup Time": 84.042,
                                                            "Actual Total Time": 84.044,
                                                            "Actual Rows": 97787,
                                                            "Actual Loops": 4,
                                                            "Output": [
                                                                "mc.movie_id"
                                                            ],
                                                            "Hash Buckets": 524288,
                                                            "Original Hash Buckets": 524288,
                                                            "Hash Batches": 1,
                                                            "Original Hash Batches": 1,
                                                            "Peak Memory Usage": 19456,
                                                            "Workers": [
                                                                {
                                                                    "Worker Number": 0,
                                                                    "Actual Startup Time": 82.177,
                                                                    "Actual Total Time": 82.18,
                                                                    "Actual Rows": 76365,
                                                                    "Actual Loops": 1
                                                                },
                                                                {
                                                                    "Worker Number": 1,
                                                                    "Actual Startup Time": 82.534,
                                                                    "Actual Total Time": 82.536,
                                                                    "Actual Rows": 84051,
                                                                    "Actual Loops": 1
                                                                },
                                                                {
                                                                    "Worker Number": 2,
                                                                    "Actual Startup Time": 83.251,
                                                                    "Actual Total Time": 83.253,
                                                                    "Actual Rows": 83974,
                                                                    "Actual Loops": 1
                                                                }
                                                            ],
                                                            "Plans": [
                                                                {
                                                                    "Node Type": "Bitmap Heap Scan",
                                                                    "Parent Relationship": "Outer",
                                                                    "Parallel Aware": true,
                                                                    "Relation Name": "movie_companies",
                                                                    "Schema": "public",
                                                                    "Alias": "mc",
                                                                    "Startup Cost": 8344.72,
                                                                    "Total Cost": 28687.42,
                                                                    "Plan Rows": 124216,
                                                                    "Plan Width": 4,
                                                                    "Actual Startup Time": 17.529,
                                                                    "Actual Total Time": 50.542,
                                                                    "Actual Rows": 97787,
                                                                    "Actual Loops": 4,
                                                                    "Output": [
                                                                        "mc.movie_id"
                                                                    ],
                                                                    "Recheck Cond": "(mc.company_id > 83192)",
                                                                    "Rows Removed by Index Recheck": 0,
                                                                    "Exact Heap Blocks": 2512,
                                                                    "Lossy Heap Blocks": 0,
                                                                    "Workers": [
                                                                        {
                                                                            "Worker Number": 0,
                                                                            "Actual Startup Time": 15.715,
                                                                            "Actual Total Time": 50.99,
                                                                            "Actual Rows": 76365,
                                                                            "Actual Loops": 1
                                                                        },
                                                                        {
                                                                            "Worker Number": 1,
                                                                            "Actual Startup Time": 16.09,
                                                                            "Actual Total Time": 50.409,
                                                                            "Actual Rows": 84051,
                                                                            "Actual Loops": 1
                                                                        },
                                                                        {
                                                                            "Worker Number": 2,
                                                                            "Actual Startup Time": 16.825,
                                                                            "Actual Total Time": 51.349,
                                                                            "Actual Rows": 83974,
                                                                            "Actual Loops": 1
                                                                        }
                                                                    ],
                                                                    "Plans": [
                                                                        {
                                                                            "Node Type": "Bitmap Index Scan",
                                                                            "Parent Relationship": "Outer",
                                                                            "Parallel Aware": false,
                                                                            "Index Name": "company_id_movie_companies",
                                                                            "Startup Cost": 0.0,
                                                                            "Total Cost": 8248.45,
                                                                            "Plan Rows": 385070,
                                                                            "Plan Width": 0,
                                                                            "Actual Startup Time": 20.588,
                                                                            "Actual Total Time": 20.589,
                                                                            "Actual Rows": 391147,
                                                                            "Actual Loops": 1,
                                                                            "Index Cond": "(mc.company_id > 83192)"
                                                                        }
                                                                    ]
                                                                }
                                                            ]
                                                        }
                                                    ]
                                                }
                                            ]
                                        }
                                    ]
                                }
                            ]
                        }
                    ]
                }
            ]
        },
        "Planning Time": 184.915,
        "Triggers": [],
        "Execution Time": 398.673
    }
]