{
  "Plan": {
    "Node Type": "Aggregate",
    "Strategy": "Plain",
    "Partial Mode": "Finalize",
    "Parallel Aware": false,
    "Startup Cost": 38183.81,
    "Total Cost": 38183.82,
    "Plan Rows": 1,
    "Plan Width": 8,
    "Actual Startup Time": 44.926,
    "Actual Total Time": 51.193,
    "Actual Rows": 1,
    "Actual Loops": 1,
    "Plans": [
      {
        "Node Type": "Gather",
        "Parent Relationship": "Outer",
        "Parallel Aware": false,
        "Startup Cost": 38183.7,
        "Total Cost": 38183.81,
        "Plan Rows": 1,
        "Plan Width": 8,
        "Actual Startup Time": 44.789,
        "Actual Total Time": 51.185,
        "Actual Rows": 2,
        "Actual Loops": 1,
        "Workers Planned": 1,
        "Workers Launched": 1,
        "Single Copy": false,
        "Plans": [
          {
            "Node Type": "Aggregate",
            "Strategy": "Plain",
            "Partial Mode": "Partial",
            "Parent Relationship": "Outer",
            "Parallel Aware": false,
            "Startup Cost": 37183.7,
            "Total Cost": 37183.71,
            "Plan Rows": 1,
            "Plan Width": 8,
            "Actual Startup Time": 38.483,
            "Actual Total Time": 38.485,
            "Actual Rows": 1,
            "Actual Loops": 2,
            "Plans": [
              {
                "Node Type": "Nested Loop",
                "Parent Relationship": "Outer",
                "Parallel Aware": false,
                "Join Type": "Inner",
                "Startup Cost": 119.37,
                "Total Cost": 37183.59,
                "Plan Rows": 44,
                "Plan Width": 0,
                "Actual Startup Time": 31.424,
                "Actual Total Time": 38.477,
                "Actual Rows": 21,
                "Actual Loops": 2,
                "Inner Unique": false,
                "Plans": [
                  {
                    "Node Type": "Nested Loop",
                    "Parent Relationship": "Outer",
                    "Parallel Aware": false,
                    "Join Type": "Inner",
                    "Startup Cost": 118.94,
                    "Total Cost": 36297.33,
                    "Plan Rows": 12,
                    "Plan Width": 8,
                    "Actual Startup Time": 31.404,
                    "Actual Total Time": 38.398,
                    "Actual Rows": 1,
                    "Actual Loops": 2,
                    "Inner Unique": true,
                    "Plans": [
                      {
                        "Node Type": "Bitmap Heap Scan",
                        "Parent Relationship": "Outer",
                        "Parallel Aware": true,
                        "Relation Name": "movie_keyword",
                        "Alias": "mk",
                        "Startup Cost": 118.51,
                        "Total Cost": 13152.38,
                        "Plan Rows": 3194,
                        "Plan Width": 4,
                        "Actual Startup Time": 3.062,
                        "Actual Total Time": 13.722,
                        "Actual Rows": 2452,
                        "Actual Loops": 2,
                        "Recheck Cond": "(keyword_id = 24382)",
                        "Rows Removed by Index Recheck": 0,
                        "Exact Heap Blocks": 3031,
                        "Lossy Heap Blocks": 0,
                        "Plans": [
                          {
                            "Node Type": "Bitmap Index Scan",
                            "Parent Relationship": "Outer",
                            "Parallel Aware": false,
                            "Index Name": "keyword_id_movie_keyword",
                            "Startup Cost": 0.0,
                            "Total Cost": 117.15,
                            "Plan Rows": 5429,
                            "Plan Width": 0,
                            "Actual Startup Time": 3.997,
                            "Actual Total Time": 3.997,
                            "Actual Rows": 4904,
                            "Actual Loops": 1,
                            "Index Cond": "(keyword_id = 24382)"
                          }
                        ]
                      },
                      {
                        "Node Type": "Index Scan",
                        "Parent Relationship": "Inner",
                        "Parallel Aware": false,
                        "Scan Direction": "Forward",
                        "Index Name": "title_pkey",
                        "Relation Name": "title",
                        "Alias": "t",
                        "Startup Cost": 0.43,
                        "Total Cost": 7.25,
                        "Plan Rows": 1,
                        "Plan Width": 4,
                        "Actual Startup Time": 0.009,
                        "Actual Total Time": 0.009,
                        "Actual Rows": 0,
                        "Actual Loops": 4904,
                        "Index Cond": "(id = mk.movie_id)",
                        "Rows Removed by Index Recheck": 0,
                        "Filter": "((kind_id < 3) AND (production_year < 1912))",
                        "Rows Removed by Filter": 1
                      }
                    ]
                  },
                  {
                    "Node Type": "Index Scan",
                    "Parent Relationship": "Inner",
                    "Parallel Aware": false,
                    "Scan Direction": "Forward",
                    "Index Name": "movie_id_movie_info",
                    "Relation Name": "movie_info",
                    "Alias": "mi",
                    "Startup Cost": 0.43,
                    "Total Cost": 73.59,
                    "Plan Rows": 27,
                    "Plan Width": 4,
                    "Actual Startup Time": 0.026,
                    "Actual Total Time": 0.072,
                    "Actual Rows": 21,
                    "Actual Loops": 2,
                    "Index Cond": "(movie_id = t.id)",
                    "Rows Removed by Index Recheck": 0,
                    "Filter": "(info_type_id < 16)",
                    "Rows Removed by Filter": 44
                  }
                ]
              }
            ]
          }
        ]
      }
    ]
  },
  "Planning Time": 1.016,
  "Triggers": [],
  "Execution Time": 51.294
}