[
  {
    "Plan": {
      "Node Type": "Aggregate",
      "Strategy": "Plain",
      "Partial Mode": "Finalize",
      "Parallel Aware": false,
      "Startup Cost": 88068.43,
      "Total Cost": 88068.44,
      "Plan Rows": 1,
      "Plan Width": 8,
      "Actual Startup Time": 276.918,
      "Actual Total Time": 294.559,
      "Actual Rows": 1,
      "Actual Loops": 1,
      "Plans": [
        {
          "Node Type": "Gather",
          "Parent Relationship": "Outer",
          "Parallel Aware": false,
          "Startup Cost": 88068.11,
          "Total Cost": 88068.42,
          "Plan Rows": 3,
          "Plan Width": 8,
          "Actual Startup Time": 276.588,
          "Actual Total Time": 294.55,
          "Actual Rows": 4,
          "Actual Loops": 1,
          "Workers Planned": 3,
          "Workers Launched": 3,
          "Single Copy": false,
          "Plans": [
            {
              "Node Type": "Aggregate",
              "Strategy": "Plain",
              "Partial Mode": "Partial",
              "Parent Relationship": "Outer",
              "Parallel Aware": false,
              "Startup Cost": 87068.11,
              "Total Cost": 87068.12,
              "Plan Rows": 1,
              "Plan Width": 8,
              "Actual Startup Time": 267.964,
              "Actual Total Time": 267.967,
              "Actual Rows": 1,
              "Actual Loops": 4,
              "Plans": [
                {
                  "Node Type": "Hash Join",
                  "Parent Relationship": "Outer",
                  "Parallel Aware": true,
                  "Join Type": "Inner",
                  "Startup Cost": 44098.07,
                  "Total Cost": 86976.15,
                  "Plan Rows": 36785,
                  "Plan Width": 0,
                  "Actual Startup Time": 131.249,
                  "Actual Total Time": 267.652,
                  "Actual Rows": 5720,
                  "Actual Loops": 4,
                  "Inner Unique": true,
                  "Hash Cond": "(mk.movie_id = t.id)",
                  "Plans": [
                    {
                      "Node Type": "Seq Scan",
                      "Parent Relationship": "Outer",
                      "Parallel Aware": true,
                      "Relation Name": "movie_keyword",
                      "Alias": "mk",
                      "Startup Cost": 0.0,
                      "Total Cost": 39047.32,
                      "Plan Rows": 1459332,
                      "Plan Width": 4,
                      "Actual Startup Time": 0.024,
                      "Actual Total Time": 86.507,
                      "Actual Rows": 1130982,
                      "Actual Loops": 4
                    },
                    {
                      "Node Type": "Hash",
                      "Parent Relationship": "Inner",
                      "Parallel Aware": true,
                      "Startup Cost": 43898.92,
                      "Total Cost": 43898.92,
                      "Plan Rows": 15932,
                      "Plan Width": 4,
                      "Actual Startup Time": 96.307,
                      "Actual Total Time": 96.308,
                      "Actual Rows": 16879,
                      "Actual Loops": 4,
                      "Hash Buckets": 65536,
                      "Original Hash Buckets": 65536,
                      "Hash Batches": 1,
                      "Original Hash Batches": 1,
                      "Peak Memory Usage": 3200,
                      "Plans": [
                        {
                          "Node Type": "Seq Scan",
                          "Parent Relationship": "Outer",
                          "Parallel Aware": true,
                          "Relation Name": "title",
                          "Alias": "t",
                          "Startup Cost": 0.0,
                          "Total Cost": 43898.92,
                          "Plan Rows": 15932,
                          "Plan Width": 4,
                          "Actual Startup Time": 57.053,
                          "Actual Total Time": 91.026,
                          "Actual Rows": 16879,
                          "Actual Loops": 4,
                          "Filter": "(production_year < 1916)",
                          "Rows Removed by Filter": 615199
                        }
                      ]
                    }
                  ]
                }
              ]
            }
          ]
        }
      ]
    },
    "Planning Time": 0.567,
    "Triggers": [],
    "Execution Time": 294.629
  }
]