[
    {
        "Bao": {
            "Bao prediction": "NaN",
            "Bao recommended hint": "(no hint)"
        }
    },
    {
        "Plan": {
            "Node Type": "Aggregate",
            "Strategy": "Plain",
            "Partial Mode": "Finalize",
            "Parallel Aware": false,
            "Startup Cost": 25518.17,
            "Total Cost": 25518.18,
            "Plan Rows": 1,
            "Plan Width": 8,
            "Actual Startup Time": 54.942,
            "Actual Total Time": 58.123,
            "Actual Rows": 1,
            "Actual Loops": 1,
            "Output": [
                "count(*)"
            ],
            "Plans": [
                {
                    "Node Type": "Gather",
                    "Parent Relationship": "Outer",
                    "Parallel Aware": false,
                    "Startup Cost": 25517.86,
                    "Total Cost": 25518.17,
                    "Plan Rows": 3,
                    "Plan Width": 8,
                    "Actual Startup Time": 54.801,
                    "Actual Total Time": 58.115,
                    "Actual Rows": 4,
                    "Actual Loops": 1,
                    "Output": [
                        "(PARTIAL count(*))"
                    ],
                    "Workers Planned": 3,
                    "Workers Launched": 3,
                    "Single Copy": false,
                    "Plans": [
                        {
                            "Node Type": "Aggregate",
                            "Strategy": "Plain",
                            "Partial Mode": "Partial",
                            "Parent Relationship": "Outer",
                            "Parallel Aware": false,
                            "Startup Cost": 24517.86,
                            "Total Cost": 24517.87,
                            "Plan Rows": 1,
                            "Plan Width": 8,
                            "Actual Startup Time": 46.305,
                            "Actual Total Time": 46.306,
                            "Actual Rows": 1,
                            "Actual Loops": 4,
                            "Output": [
                                "PARTIAL count(*)"
                            ],
                            "Workers": [
                                {
                                    "Worker Number": 0,
                                    "Actual Startup Time": 43.668,
                                    "Actual Total Time": 43.669,
                                    "Actual Rows": 1,
                                    "Actual Loops": 1
                                },
                                {
                                    "Worker Number": 1,
                                    "Actual Startup Time": 43.579,
                                    "Actual Total Time": 43.581,
                                    "Actual Rows": 1,
                                    "Actual Loops": 1
                                },
                                {
                                    "Worker Number": 2,
                                    "Actual Startup Time": 43.573,
                                    "Actual Total Time": 43.575,
                                    "Actual Rows": 1,
                                    "Actual Loops": 1
                                }
                            ],
                            "Plans": [
                                {
                                    "Node Type": "Bitmap Heap Scan",
                                    "Parent Relationship": "Outer",
                                    "Parallel Aware": true,
                                    "Relation Name": "movie_companies",
                                    "Schema": "public",
                                    "Alias": "mc",
                                    "Startup Cost": 4682.59,
                                    "Total Cost": 24343.65,
                                    "Plan Rows": 69684,
                                    "Plan Width": 0,
                                    "Actual Startup Time": 14.892,
                                    "Actual Total Time": 41.854,
                                    "Actual Rows": 55145,
                                    "Actual Loops": 4,
                                    "Recheck Cond": "(mc.company_id > 107795)",
                                    "Rows Removed by Index Recheck": 0,
                                    "Exact Heap Blocks": 2752,
                                    "Lossy Heap Blocks": 0,
                                    "Workers": [
                                        {
                                            "Worker Number": 0,
                                            "Actual Startup Time": 12.238,
                                            "Actual Total Time": 39.691,
                                            "Actual Rows": 28555,
                                            "Actual Loops": 1
                                        },
                                        {
                                            "Worker Number": 1,
                                            "Actual Startup Time": 12.281,
                                            "Actual Total Time": 39.686,
                                            "Actual Rows": 28203,
                                            "Actual Loops": 1
                                        },
                                        {
                                            "Worker Number": 2,
                                            "Actual Startup Time": 12.326,
                                            "Actual Total Time": 39.632,
                                            "Actual Rows": 28625,
                                            "Actual Loops": 1
                                        }
                                    ],
                                    "Plans": [
                                        {
                                            "Node Type": "Bitmap Index Scan",
                                            "Parent Relationship": "Outer",
                                            "Parallel Aware": false,
                                            "Index Name": "company_id_movie_companies",
                                            "Startup Cost": 0.0,
                                            "Total Cost": 4628.59,
                                            "Plan Rows": 216021,
                                            "Plan Width": 0,
                                            "Actual Startup Time": 21.499,
                                            "Actual Total Time": 21.499,
                                            "Actual Rows": 220580,
                                            "Actual Loops": 1,
                                            "Index Cond": "(mc.company_id > 107795)"
                                        }
                                    ]
                                }
                            ]
                        }
                    ]
                }
            ]
        },
        "Planning Time": 187.452,
        "Triggers": [],
        "Execution Time": 58.197
    }
]