[
  {
    "Plan": {
      "Node Type": "Aggregate",
      "Strategy": "Plain",
      "Partial Mode": "Finalize",
      "Parallel Aware": false,
      "Startup Cost": 129854.65,
      "Total Cost": 129854.66,
      "Plan Rows": 1,
      "Plan Width": 8,
      "Actual Startup Time": 907.753,
      "Actual Total Time": 928.592,
      "Actual Rows": 1,
      "Actual Loops": 1,
      "Plans": [
        {
          "Node Type": "Gather",
          "Parent Relationship": "Outer",
          "Parallel Aware": false,
          "Startup Cost": 129854.33,
          "Total Cost": 129854.64,
          "Plan Rows": 3,
          "Plan Width": 8,
          "Actual Startup Time": 903.009,
          "Actual Total Time": 928.578,
          "Actual Rows": 4,
          "Actual Loops": 1,
          "Workers Planned": 3,
          "Workers Launched": 3,
          "Single Copy": false,
          "Plans": [
            {
              "Node Type": "Aggregate",
              "Strategy": "Plain",
              "Partial Mode": "Partial",
              "Parent Relationship": "Outer",
              "Parallel Aware": false,
              "Startup Cost": 128854.33,
              "Total Cost": 128854.34,
              "Plan Rows": 1,
              "Plan Width": 8,
              "Actual Startup Time": 893.721,
              "Actual Total Time": 894.165,
              "Actual Rows": 1,
              "Actual Loops": 4,
              "Plans": [
                {
                  "Node Type": "Hash Join",
                  "Parent Relationship": "Outer",
                  "Parallel Aware": true,
                  "Join Type": "Inner",
                  "Startup Cost": 82355.33,
                  "Total Cost": 127864.74,
                  "Plan Rows": 395838,
                  "Plan Width": 0,
                  "Actual Startup Time": 522.409,
                  "Actual Total Time": 833.963,
                  "Actual Rows": 1566197,
                  "Actual Loops": 4,
                  "Inner Unique": false,
                  "Hash Cond": "(mk.movie_id = t.id)",
                  "Plans": [
                    {
                      "Node Type": "Seq Scan",
                      "Parent Relationship": "Outer",
                      "Parallel Aware": true,
                      "Relation Name": "movie_keyword",
                      "Alias": "mk",
                      "Startup Cost": 0.0,
                      "Total Cost": 39047.32,
                      "Plan Rows": 1459332,
                      "Plan Width": 4,
                      "Actual Startup Time": 0.029,
                      "Actual Total Time": 84.881,
                      "Actual Rows": 1130982,
                      "Actual Loops": 4
                    },
                    {
                      "Node Type": "Hash",
                      "Parent Relationship": "Inner",
                      "Parallel Aware": true,
                      "Startup Cost": 80212.24,
                      "Total Cost": 80212.24,
                      "Plan Rows": 171447,
                      "Plan Width": 8,
                      "Actual Startup Time": 517.112,
                      "Actual Total Time": 517.551,
                      "Actual Rows": 231944,
                      "Actual Loops": 4,
                      "Hash Buckets": 1048576,
                      "Original Hash Buckets": 1048576,
                      "Hash Batches": 1,
                      "Original Hash Batches": 1,
                      "Peak Memory Usage": 44576,
                      "Plans": [
                        {
                          "Node Type": "Hash Join",
                          "Parent Relationship": "Outer",
                          "Parallel Aware": true,
                          "Join Type": "Inner",
                          "Startup Cost": 34180.09,
                          "Total Cost": 80212.24,
                          "Plan Rows": 171447,
                          "Plan Width": 8,
                          "Actual Startup Time": 159.292,
                          "Actual Total Time": 442.203,
                          "Actual Rows": 231944,
                          "Actual Loops": 4,
                          "Inner Unique": false,
                          "Hash Cond": "(t.id = mc.movie_id)",
                          "Plans": [
                            {
                              "Node Type": "Seq Scan",
                              "Parent Relationship": "Outer",
                              "Parallel Aware": true,
                              "Relation Name": "title",
                              "Alias": "t",
                              "Startup Cost": 0.0,
                              "Total Cost": 42318.73,
                              "Plan Rows": 632073,
                              "Plan Width": 4,
                              "Actual Startup Time": 0.012,
                              "Actual Total Time": 72.924,
                              "Actual Rows": 632078,
                              "Actual Loops": 4
                            },
                            {
                              "Node Type": "Hash",
                              "Parent Relationship": "Inner",
                              "Parallel Aware": true,
                              "Startup Cost": 31414.82,
                              "Total Cost": 31414.82,
                              "Plan Rows": 221222,
                              "Plan Width": 4,
                              "Actual Startup Time": 156.498,
                              "Actual Total Time": 156.499,
                              "Actual Rows": 231944,
                              "Actual Loops": 4,
                              "Hash Buckets": 1048576,
                              "Original Hash Buckets": 1048576,
                              "Hash Batches": 1,
                              "Original Hash Batches": 1,
                              "Peak Memory Usage": 44544,
                              "Plans": [
                                {
                                  "Node Type": "Seq Scan",
                                  "Parent Relationship": "Outer",
                                  "Parallel Aware": true,
                                  "Relation Name": "movie_companies",
                                  "Alias": "mc",
                                  "Startup Cost": 0.0,
                                  "Total Cost": 31414.82,
                                  "Plan Rows": 221222,
                                  "Plan Width": 4,
                                  "Actual Startup Time": 48.402,
                                  "Actual Total Time": 86.828,
                                  "Actual Rows": 231944,
                                  "Actual Loops": 4,
                                  "Filter": "((company_id > 11149) AND (company_type_id > 1))",
                                  "Rows Removed by Filter": 420338
                                }
                              ]
                            }
                          ]
                        }
                      ]
                    }
                  ]
                }
              ]
            }
          ]
        }
      ]
    },
    "Planning Time": 1.473,
    "Triggers": [],
    "Execution Time": 928.679
  }
]