{
  "Plan": {
    "Node Type": "Aggregate",
    "Strategy": "Plain",
    "Partial Mode": "Finalize",
    "Parallel Aware": false,
    "Startup Cost": 1067152.88,
    "Total Cost": 1067152.89,
    "Plan Rows": 1,
    "Plan Width": 8,
    "Actual Startup Time": 8596.221,
    "Actual Total Time": 8664.145,
    "Actual Rows": 1,
    "Actual Loops": 1,
    "Plans": [
      {
        "Node Type": "Gather",
        "Parent Relationship": "Outer",
        "Parallel Aware": false,
        "Startup Cost": 1067152.77,
        "Total Cost": 1067152.88,
        "Plan Rows": 1,
        "Plan Width": 8,
        "Actual Startup Time": 8582.838,
        "Actual Total Time": 8664.136,
        "Actual Rows": 2,
        "Actual Loops": 1,
        "Workers Planned": 1,
        "Workers Launched": 1,
        "Single Copy": false,
        "Plans": [
          {
            "Node Type": "Aggregate",
            "Strategy": "Plain",
            "Partial Mode": "Partial",
            "Parent Relationship": "Outer",
            "Parallel Aware": false,
            "Startup Cost": 1066152.77,
            "Total Cost": 1066152.78,
            "Plan Rows": 1,
            "Plan Width": 8,
            "Actual Startup Time": 8559.937,
            "Actual Total Time": 8561.557,
            "Actual Rows": 1,
            "Actual Loops": 2,
            "Plans": [
              {
                "Node Type": "Hash Join",
                "Parent Relationship": "Outer",
                "Parallel Aware": true,
                "Join Type": "Inner",
                "Startup Cost": 573732.43,
                "Total Cost": 1022079.98,
                "Plan Rows": 17629118,
                "Plan Width": 0,
                "Actual Startup Time": 4641.735,
                "Actual Total Time": 8007.779,
                "Actual Rows": 14183854,
                "Actual Loops": 2,
                "Inner Unique": false,
                "Hash Cond": "(ci.movie_id = t.id)",
                "Plans": [
                  {
                    "Node Type": "Bitmap Heap Scan",
                    "Parent Relationship": "Outer",
                    "Parallel Aware": true,
                    "Relation Name": "cast_info",
                    "Alias": "ci",
                    "Startup Cost": 153460.18,
                    "Total Cost": 457235.99,
                    "Plan Rows": 4087105,
                    "Plan Width": 4,
                    "Actual Startup Time": 238.762,
                    "Actual Total Time": 606.954,
                    "Actual Rows": 3398778,
                    "Actual Loops": 2,
                    "Recheck Cond": "(person_id > 2982216)",
                    "Rows Removed by Index Recheck": 0,
                    "Exact Heap Blocks": 43599,
                    "Lossy Heap Blocks": 0,
                    "Plans": [
                      {
                        "Node Type": "Bitmap Index Scan",
                        "Parent Relationship": "Outer",
                        "Parallel Aware": false,
                        "Index Name": "person_id_cast_info",
                        "Startup Cost": 0.0,
                        "Total Cost": 151723.16,
                        "Plan Rows": 6948079,
                        "Plan Width": 0,
                        "Actual Startup Time": 223.982,
                        "Actual Total Time": 223.983,
                        "Actual Rows": 6797555,
                        "Actual Loops": 1,
                        "Index Cond": "(person_id > 2982216)"
                      }
                    ]
                  },
                  {
                    "Node Type": "Hash",
                    "Parent Relationship": "Inner",
                    "Parallel Aware": true,
                    "Startup Cost": 340085.39,
                    "Total Cost": 340085.39,
                    "Plan Rows": 6414949,
                    "Plan Width": 8,
                    "Actual Startup Time": 4351.216,
                    "Actual Total Time": 4352.833,
                    "Actual Rows": 3267336,
                    "Actual Loops": 2,
                    "Hash Buckets": 16777216,
                    "Original Hash Buckets": 16777216,
                    "Hash Batches": 1,
                    "Original Hash Batches": 1,
                    "Peak Memory Usage": 386752,
                    "Plans": [
                      {
                        "Node Type": "Hash Join",
                        "Parent Relationship": "Outer",
                        "Parallel Aware": true,
                        "Join Type": "Inner",
                        "Startup Cost": 68301.9,
                        "Total Cost": 340085.39,
                        "Plan Rows": 6414949,
                        "Plan Width": 8,
                        "Actual Startup Time": 390.038,
                        "Actual Total Time": 3265.076,
                        "Actual Rows": 3267336,
                        "Actual Loops": 2,
                        "Inner Unique": true,
                        "Hash Cond": "(mi.movie_id = t.id)",
                        "Plans": [
                          {
                            "Node Type": "Seq Scan",
                            "Parent Relationship": "Outer",
                            "Parallel Aware": true,
                            "Relation Name": "movie_info",
                            "Alias": "mi",
                            "Startup Cost": 0.0,
                            "Total Cost": 248955.74,
                            "Plan Rows": 8696274,
                            "Plan Width": 4,
                            "Actual Startup Time": 0.008,
                            "Actual Total Time": 625.454,
                            "Actual Rows": 7417860,
                            "Actual Loops": 2
                          },
                          {
                            "Node Type": "Hash",
                            "Parent Relationship": "Inner",
                            "Parallel Aware": true,
                            "Startup Cost": 54588.39,
                            "Total Cost": 54588.39,
                            "Plan Rows": 1097081,
                            "Plan Width": 4,
                            "Actual Startup Time": 384.584,
                            "Actual Total Time": 384.585,
                            "Actual Rows": 932744,
                            "Actual Loops": 2,
                            "Hash Buckets": 2097152,
                            "Original Hash Buckets": 2097152,
                            "Hash Batches": 1,
                            "Original Hash Batches": 1,
                            "Peak Memory Usage": 89376,
                            "Plans": [
                              {
                                "Node Type": "Seq Scan",
                                "Parent Relationship": "Outer",
                                "Parallel Aware": true,
                                "Relation Name": "title",
                                "Alias": "t",
                                "Startup Cost": 0.0,
                                "Total Cost": 54588.39,
                                "Plan Rows": 1097081,
                                "Plan Width": 4,
                                "Actual Startup Time": 0.041,
                                "Actual Total Time": 159.276,
                                "Actual Rows": 932744,
                                "Actual Loops": 2,
                                "Filter": "(kind_id > 1)",
                                "Rows Removed by Filter": 331412
                              }
                            ]
                          }
                        ]
                      }
                    ]
                  }
                ]
              }
            ]
          }
        ]
      }
    ]
  },
  "Planning Time": 0.655,
  "Triggers": [],
  "Execution Time": 8664.219
}