{
  "Plan": {
    "Node Type": "Aggregate",
    "Strategy": "Plain",
    "Partial Mode": "Finalize",
    "Parallel Aware": false,
    "Startup Cost": 585330.61,
    "Total Cost": 585330.62,
    "Plan Rows": 1,
    "Plan Width": 8,
    "Actual Startup Time": 4254.118,
    "Actual Total Time": 4321.738,
    "Actual Rows": 1,
    "Actual Loops": 1,
    "Plans": [
      {
        "Node Type": "Gather",
        "Parent Relationship": "Outer",
        "Parallel Aware": false,
        "Startup Cost": 585330.49,
        "Total Cost": 585330.6,
        "Plan Rows": 1,
        "Plan Width": 8,
        "Actual Startup Time": 4253.511,
        "Actual Total Time": 4321.728,
        "Actual Rows": 2,
        "Actual Loops": 1,
        "Workers Planned": 1,
        "Workers Launched": 1,
        "Single Copy": false,
        "Plans": [
          {
            "Node Type": "Aggregate",
            "Strategy": "Plain",
            "Partial Mode": "Partial",
            "Parent Relationship": "Outer",
            "Parallel Aware": false,
            "Startup Cost": 584330.49,
            "Total Cost": 584330.5,
            "Plan Rows": 1,
            "Plan Width": 8,
            "Actual Startup Time": 4247.651,
            "Actual Total Time": 4247.655,
            "Actual Rows": 1,
            "Actual Loops": 2,
            "Plans": [
              {
                "Node Type": "Hash Join",
                "Parent Relationship": "Outer",
                "Parallel Aware": true,
                "Join Type": "Inner",
                "Startup Cost": 59416.37,
                "Total Cost": 581149.72,
                "Plan Rows": 1272309,
                "Plan Width": 0,
                "Actual Startup Time": 177.378,
                "Actual Total Time": 4187.038,
                "Actual Rows": 1470804,
                "Actual Loops": 2,
                "Inner Unique": true,
                "Hash Cond": "(ci.movie_id = t.id)",
                "Plans": [
                  {
                    "Node Type": "Seq Scan",
                    "Parent Relationship": "Outer",
                    "Parallel Aware": true,
                    "Relation Name": "cast_info",
                    "Alias": "ci",
                    "Startup Cost": 0.0,
                    "Total Cost": 465792.95,
                    "Plan Rows": 21310595,
                    "Plan Width": 4,
                    "Actual Startup Time": 0.013,
                    "Actual Total Time": 1393.207,
                    "Actual Rows": 18122172,
                    "Actual Loops": 2
                  },
                  {
                    "Node Type": "Hash",
                    "Parent Relationship": "Inner",
                    "Parallel Aware": true,
                    "Startup Cost": 58306.47,
                    "Total Cost": 58306.47,
                    "Plan Rows": 88792,
                    "Plan Width": 4,
                    "Actual Startup Time": 173.684,
                    "Actual Total Time": 173.685,
                    "Actual Rows": 129024,
                    "Actual Loops": 2,
                    "Hash Buckets": 262144,
                    "Original Hash Buckets": 262144,
                    "Hash Batches": 1,
                    "Original Hash Batches": 1,
                    "Peak Memory Usage": 12160,
                    "Plans": [
                      {
                        "Node Type": "Seq Scan",
                        "Parent Relationship": "Outer",
                        "Parallel Aware": true,
                        "Relation Name": "title",
                        "Alias": "t",
                        "Startup Cost": 0.0,
                        "Total Cost": 58306.47,
                        "Plan Rows": 88792,
                        "Plan Width": 4,
                        "Actual Startup Time": 0.144,
                        "Actual Total Time": 146.162,
                        "Actual Rows": 129024,
                        "Actual Loops": 2,
                        "Filter": "((kind_id < 7) AND (production_year < 1972))",
                        "Rows Removed by Filter": 1135132
                      }
                    ]
                  }
                ]
              }
            ]
          }
        ]
      }
    ]
  },
  "Planning Time": 0.596,
  "Triggers": [],
  "Execution Time": 4321.864
}