[
  {
    "Plan": {
      "Node Type": "Aggregate",
      "Strategy": "Plain",
      "Partial Mode": "Finalize",
      "Parallel Aware": false,
      "Startup Cost": 439101.62,
      "Total Cost": 439101.63,
      "Plan Rows": 1,
      "Plan Width": 8,
      "Actual Startup Time": 2963.31,
      "Actual Total Time": 2987.612,
      "Actual Rows": 1,
      "Actual Loops": 1,
      "Plans": [
        {
          "Node Type": "Gather",
          "Parent Relationship": "Outer",
          "Parallel Aware": false,
          "Startup Cost": 439100.99,
          "Total Cost": 439101.6,
          "Plan Rows": 6,
          "Plan Width": 8,
          "Actual Startup Time": 2951.811,
          "Actual Total Time": 2987.604,
          "Actual Rows": 7,
          "Actual Loops": 1,
          "Workers Planned": 6,
          "Workers Launched": 6,
          "Single Copy": false,
          "Plans": [
            {
              "Node Type": "Aggregate",
              "Strategy": "Plain",
              "Partial Mode": "Partial",
              "Parent Relationship": "Outer",
              "Parallel Aware": false,
              "Startup Cost": 438100.99,
              "Total Cost": 438101.0,
              "Plan Rows": 1,
              "Plan Width": 8,
              "Actual Startup Time": 2944.32,
              "Actual Total Time": 2944.536,
              "Actual Rows": 1,
              "Actual Loops": 7,
              "Plans": [
                {
                  "Node Type": "Hash Join",
                  "Parent Relationship": "Outer",
                  "Parallel Aware": true,
                  "Join Type": "Inner",
                  "Startup Cost": 94490.42,
                  "Total Cost": 434676.02,
                  "Plan Rows": 1369988,
                  "Plan Width": 0,
                  "Actual Startup Time": 285.235,
                  "Actual Total Time": 2449.413,
                  "Actual Rows": 11534568,
                  "Actual Loops": 7,
                  "Inner Unique": false,
                  "Hash Cond": "(ci.movie_id = t.id)",
                  "Plans": [
                    {
                      "Node Type": "Seq Scan",
                      "Parent Relationship": "Outer",
                      "Parallel Aware": true,
                      "Relation Name": "cast_info",
                      "Alias": "ci",
                      "Startup Cost": 0.0,
                      "Total Cost": 313108.29,
                      "Plan Rows": 6042129,
                      "Plan Width": 4,
                      "Actual Startup Time": 0.017,
                      "Actual Total Time": 471.341,
                      "Actual Rows": 5177763,
                      "Actual Loops": 7
                    },
                    {
                      "Node Type": "Hash",
                      "Parent Relationship": "Inner",
                      "Parallel Aware": true,
                      "Startup Cost": 92178.85,
                      "Total Cost": 92178.85,
                      "Plan Rows": 184926,
                      "Plan Width": 8,
                      "Actual Startup Time": 283.349,
                      "Actual Total Time": 283.563,
                      "Actual Rows": 159375,
                      "Actual Loops": 7,
                      "Hash Buckets": 2097152,
                      "Original Hash Buckets": 1048576,
                      "Hash Batches": 1,
                      "Original Hash Batches": 1,
                      "Peak Memory Usage": 68288,
                      "Plans": [
                        {
                          "Node Type": "Hash Join",
                          "Parent Relationship": "Outer",
                          "Parallel Aware": true,
                          "Join Type": "Inner",
                          "Startup Cost": 47065.75,
                          "Total Cost": 92178.85,
                          "Plan Rows": 184926,
                          "Plan Width": 8,
                          "Actual Startup Time": 112.886,
                          "Actual Total Time": 215.745,
                          "Actual Rows": 159375,
                          "Actual Loops": 7,
                          "Inner Unique": true,
                          "Hash Cond": "(mk.movie_id = t.id)",
                          "Plans": [
                            {
                              "Node Type": "Seq Scan",
                              "Parent Relationship": "Outer",
                              "Parallel Aware": true,
                              "Relation Name": "movie_keyword",
                              "Alias": "mk",
                              "Startup Cost": 0.0,
                              "Total Cost": 42695.65,
                              "Plan Rows": 920934,
                              "Plan Width": 4,
                              "Actual Startup Time": 0.022,
                              "Actual Total Time": 70.796,
                              "Actual Rows": 410745,
                              "Actual Loops": 7,
                              "Filter": "(keyword_id < 8908)",
                              "Rows Removed by Filter": 235531
                            },
                            {
                              "Node Type": "Hash",
                              "Parent Relationship": "Inner",
                              "Parallel Aware": true,
                              "Startup Cost": 45479.21,
                              "Total Cost": 45479.21,
                              "Plan Rows": 126923,
                              "Plan Width": 4,
                              "Actual Startup Time": 91.29,
                              "Actual Total Time": 91.291,
                              "Actual Rows": 53989,
                              "Actual Loops": 7,
                              "Hash Buckets": 524288,
                              "Original Hash Buckets": 524288,
                              "Hash Batches": 1,
                              "Original Hash Batches": 1,
                              "Peak Memory Usage": 19008,
                              "Plans": [
                                {
                                  "Node Type": "Seq Scan",
                                  "Parent Relationship": "Outer",
                                  "Parallel Aware": true,
                                  "Relation Name": "title",
                                  "Alias": "t",
                                  "Startup Cost": 0.0,
                                  "Total Cost": 45479.21,
                                  "Plan Rows": 126923,
                                  "Plan Width": 4,
                                  "Actual Startup Time": 35.861,
                                  "Actual Total Time": 68.991,
                                  "Actual Rows": 53989,
                                  "Actual Loops": 7,
                                  "Filter": "((production_year > 1981) AND (kind_id = 1))",
                                  "Rows Removed by Filter": 307199
                                }
                              ]
                            }
                          ]
                        }
                      ]
                    }
                  ]
                }
              ]
            }
          ]
        }
      ]
    },
    "Planning Time": 0.44,
    "Triggers": [],
    "Execution Time": 2987.647
  }
]