{
  "Plan": {
    "Node Type": "Aggregate",
    "Strategy": "Plain",
    "Partial Mode": "Simple",
    "Parallel Aware": false,
    "Startup Cost": 584225.66,
    "Total Cost": 584225.67,
    "Plan Rows": 1,
    "Plan Width": 8,
    "Actual Startup Time": 7391.854,
    "Actual Total Time": 7391.857,
    "Actual Rows": 1,
    "Actual Loops": 1,
    "Plans": [
      {
        "Node Type": "Hash Join",
        "Parent Relationship": "Outer",
        "Parallel Aware": false,
        "Join Type": "Inner",
        "Startup Cost": 583137.65,
        "Total Cost": 584221.0,
        "Plan Rows": 1865,
        "Plan Width": 0,
        "Actual Startup Time": 7391.484,
        "Actual Total Time": 7391.813,
        "Actual Rows": 965,
        "Actual Loops": 1,
        "Inner Unique": false,
        "Hash Cond": "(ci.movie_id = t.id)",
        "Plans": [
          {
            "Node Type": "Index Scan",
            "Parent Relationship": "Outer",
            "Parallel Aware": false,
            "Scan Direction": "Forward",
            "Index Name": "person_id_cast_info",
            "Relation Name": "cast_info",
            "Alias": "ci",
            "Startup Cost": 0.56,
            "Total Cost": 1058.43,
            "Plan Rows": 497,
            "Plan Width": 4,
            "Actual Startup Time": 0.101,
            "Actual Total Time": 0.118,
            "Actual Rows": 93,
            "Actual Loops": 1,
            "Index Cond": "(person_id = 361117)",
            "Rows Removed by Index Recheck": 0
          },
          {
            "Node Type": "Hash",
            "Parent Relationship": "Inner",
            "Parallel Aware": false,
            "Startup Cost": 464572.1,
            "Total Cost": 464572.1,
            "Plan Rows": 9485199,
            "Plan Width": 8,
            "Actual Startup Time": 7307.405,
            "Actual Total Time": 7307.407,
            "Actual Rows": 9565151,
            "Actual Loops": 1,
            "Hash Buckets": 16777216,
            "Original Hash Buckets": 16777216,
            "Hash Batches": 1,
            "Original Hash Batches": 1,
            "Peak Memory Usage": 504711,
            "Plans": [
              {
                "Node Type": "Hash Join",
                "Parent Relationship": "Outer",
                "Parallel Aware": false,
                "Join Type": "Inner",
                "Startup Cost": 92884.59,
                "Total Cost": 464572.1,
                "Plan Rows": 9485199,
                "Plan Width": 8,
                "Actual Startup Time": 805.867,
                "Actual Total Time": 5079.025,
                "Actual Rows": 9565151,
                "Actual Loops": 1,
                "Inner Unique": true,
                "Hash Cond": "(mi.movie_id = t.id)",
                "Plans": [
                  {
                    "Node Type": "Seq Scan",
                    "Parent Relationship": "Outer",
                    "Parallel Aware": false,
                    "Relation Name": "movie_info",
                    "Alias": "mi",
                    "Startup Cost": 0.0,
                    "Total Cost": 346788.81,
                    "Plan Rows": 9485199,
                    "Plan Width": 4,
                    "Actual Startup Time": 0.024,
                    "Actual Total Time": 1353.711,
                    "Actual Rows": 9565151,
                    "Actual Loops": 1,
                    "Filter": "(info_type_id < 16)",
                    "Rows Removed by Filter": 5270569
                  },
                  {
                    "Node Type": "Hash",
                    "Parent Relationship": "Inner",
                    "Parallel Aware": false,
                    "Startup Cost": 61280.93,
                    "Total Cost": 61280.93,
                    "Plan Rows": 2528293,
                    "Plan Width": 4,
                    "Actual Startup Time": 791.255,
                    "Actual Total Time": 791.256,
                    "Actual Rows": 2528312,
                    "Actual Loops": 1,
                    "Hash Buckets": 4194304,
                    "Original Hash Buckets": 4194304,
                    "Hash Batches": 1,
                    "Original Hash Batches": 1,
                    "Peak Memory Usage": 121654,
                    "Plans": [
                      {
                        "Node Type": "Seq Scan",
                        "Parent Relationship": "Outer",
                        "Parallel Aware": false,
                        "Relation Name": "title",
                        "Alias": "t",
                        "Startup Cost": 0.0,
                        "Total Cost": 61280.93,
                        "Plan Rows": 2528293,
                        "Plan Width": 4,
                        "Actual Startup Time": 0.014,
                        "Actual Total Time": 258.143,
                        "Actual Rows": 2528312,
                        "Actual Loops": 1
                      }
                    ]
                  }
                ]
              }
            ]
          }
        ]
      }
    ]
  },
  "Planning Time": 0.968,
  "Triggers": [],
  "Execution Time": 7427.09
}