{
  "Plan": {
    "Node Type": "Aggregate",
    "Strategy": "Plain",
    "Partial Mode": "Finalize",
    "Parallel Aware": false,
    "Startup Cost": 576026.13,
    "Total Cost": 576026.14,
    "Plan Rows": 1,
    "Plan Width": 8,
    "Actual Startup Time": 4975.671,
    "Actual Total Time": 5029.035,
    "Actual Rows": 1,
    "Actual Loops": 1,
    "Plans": [
      {
        "Node Type": "Gather",
        "Parent Relationship": "Outer",
        "Parallel Aware": false,
        "Startup Cost": 576026.02,
        "Total Cost": 576026.13,
        "Plan Rows": 1,
        "Plan Width": 8,
        "Actual Startup Time": 4973.413,
        "Actual Total Time": 5029.025,
        "Actual Rows": 2,
        "Actual Loops": 1,
        "Workers Planned": 1,
        "Workers Launched": 1,
        "Single Copy": false,
        "Plans": [
          {
            "Node Type": "Aggregate",
            "Strategy": "Plain",
            "Partial Mode": "Partial",
            "Parent Relationship": "Outer",
            "Parallel Aware": false,
            "Startup Cost": 575026.02,
            "Total Cost": 575026.03,
            "Plan Rows": 1,
            "Plan Width": 8,
            "Actual Startup Time": 4967.52,
            "Actual Total Time": 4967.526,
            "Actual Rows": 1,
            "Actual Loops": 2,
            "Plans": [
              {
                "Node Type": "Hash Join",
                "Parent Relationship": "Outer",
                "Parallel Aware": true,
                "Join Type": "Inner",
                "Startup Cost": 267716.68,
                "Total Cost": 567348.41,
                "Plan Rows": 3071042,
                "Plan Width": 0,
                "Actual Startup Time": 2229.409,
                "Actual Total Time": 4713.34,
                "Actual Rows": 6162443,
                "Actual Loops": 2,
                "Inner Unique": false,
                "Hash Cond": "(mi.movie_id = t.id)",
                "Plans": [
                  {
                    "Node Type": "Seq Scan",
                    "Parent Relationship": "Outer",
                    "Parallel Aware": true,
                    "Relation Name": "movie_info",
                    "Alias": "mi",
                    "Startup Cost": 0.0,
                    "Total Cost": 248955.74,
                    "Plan Rows": 8696274,
                    "Plan Width": 4,
                    "Actual Startup Time": 0.016,
                    "Actual Total Time": 735.691,
                    "Actual Rows": 7417860,
                    "Actual Loops": 2
                  },
                  {
                    "Node Type": "Hash",
                    "Parent Relationship": "Inner",
                    "Parallel Aware": true,
                    "Startup Cost": 261151.58,
                    "Total Cost": 261151.58,
                    "Plan Rows": 525208,
                    "Plan Width": 8,
                    "Actual Startup Time": 2218.457,
                    "Actual Total Time": 2218.459,
                    "Actual Rows": 384289,
                    "Actual Loops": 2,
                    "Hash Buckets": 1048576,
                    "Original Hash Buckets": 1048576,
                    "Hash Batches": 1,
                    "Original Hash Batches": 1,
                    "Peak Memory Usage": 38272,
                    "Plans": [
                      {
                        "Node Type": "Merge Join",
                        "Parent Relationship": "Outer",
                        "Parallel Aware": false,
                        "Join Type": "Inner",
                        "Startup Cost": 3.27,
                        "Total Cost": 261151.58,
                        "Plan Rows": 525208,
                        "Plan Width": 8,
                        "Actual Startup Time": 4.534,
                        "Actual Total Time": 2099.404,
                        "Actual Rows": 384289,
                        "Actual Loops": 2,
                        "Inner Unique": true,
                        "Merge Cond": "(mc.movie_id = t.id)",
                        "Plans": [
                          {
                            "Node Type": "Index Scan",
                            "Parent Relationship": "Outer",
                            "Parallel Aware": true,
                            "Scan Direction": "Forward",
                            "Index Name": "movie_id_movie_companies",
                            "Relation Name": "movie_companies",
                            "Alias": "mc",
                            "Startup Cost": 0.43,
                            "Total Cost": 133152.93,
                            "Plan Rows": 779260,
                            "Plan Width": 4,
                            "Actual Startup Time": 0.149,
                            "Actual Total Time": 404.439,
                            "Actual Rows": 667442,
                            "Actual Loops": 2,
                            "Filter": "(company_type_id > 1)",
                            "Rows Removed by Filter": 637123
                          },
                          {
                            "Node Type": "Index Scan",
                            "Parent Relationship": "Inner",
                            "Parallel Aware": false,
                            "Scan Direction": "Forward",
                            "Index Name": "title_pkey",
                            "Relation Name": "title",
                            "Alias": "t",
                            "Startup Cost": 0.43,
                            "Total Cost": 116660.7,
                            "Plan Rows": 1704025,
                            "Plan Width": 4,
                            "Actual Startup Time": 0.077,
                            "Actual Total Time": 1533.919,
                            "Actual Rows": 1699727,
                            "Actual Loops": 2,
                            "Filter": "(production_year > 1992)",
                            "Rows Removed by Filter": 825947
                          }
                        ]
                      }
                    ]
                  }
                ]
              }
            ]
          }
        ]
      }
    ]
  },
  "Planning Time": 0.922,
  "Triggers": [],
  "Execution Time": 5029.141
}