[
    {
        "Bao": {
            "Bao prediction": "NaN",
            "Bao recommended hint": "(no hint)"
        }
    },
    {
        "Plan": {
            "Node Type": "Aggregate",
            "Strategy": "Plain",
            "Partial Mode": "Finalize",
            "Parallel Aware": false,
            "Startup Cost": 66959.95,
            "Total Cost": 66959.96,
            "Plan Rows": 1,
            "Plan Width": 8,
            "Actual Startup Time": 109.508,
            "Actual Total Time": 118.486,
            "Actual Rows": 1,
            "Actual Loops": 1,
            "Output": [
                "count(*)"
            ],
            "Plans": [
                {
                    "Node Type": "Gather",
                    "Parent Relationship": "Outer",
                    "Parallel Aware": false,
                    "Startup Cost": 66959.53,
                    "Total Cost": 66959.94,
                    "Plan Rows": 4,
                    "Plan Width": 8,
                    "Actual Startup Time": 108.816,
                    "Actual Total Time": 118.479,
                    "Actual Rows": 5,
                    "Actual Loops": 1,
                    "Output": [
                        "(PARTIAL count(*))"
                    ],
                    "Workers Planned": 4,
                    "Workers Launched": 4,
                    "Single Copy": false,
                    "Plans": [
                        {
                            "Node Type": "Aggregate",
                            "Strategy": "Plain",
                            "Partial Mode": "Partial",
                            "Parent Relationship": "Outer",
                            "Parallel Aware": false,
                            "Startup Cost": 65959.53,
                            "Total Cost": 65959.54,
                            "Plan Rows": 1,
                            "Plan Width": 8,
                            "Actual Startup Time": 99.026,
                            "Actual Total Time": 99.031,
                            "Actual Rows": 1,
                            "Actual Loops": 5,
                            "Output": [
                                "PARTIAL count(*)"
                            ],
                            "Workers": [
                                {
                                    "Worker Number": 0,
                                    "Actual Startup Time": 96.415,
                                    "Actual Total Time": 96.418,
                                    "Actual Rows": 1,
                                    "Actual Loops": 1
                                },
                                {
                                    "Worker Number": 1,
                                    "Actual Startup Time": 96.846,
                                    "Actual Total Time": 96.849,
                                    "Actual Rows": 1,
                                    "Actual Loops": 1
                                },
                                {
                                    "Worker Number": 2,
                                    "Actual Startup Time": 96.419,
                                    "Actual Total Time": 96.422,
                                    "Actual Rows": 1,
                                    "Actual Loops": 1
                                },
                                {
                                    "Worker Number": 3,
                                    "Actual Startup Time": 97.015,
                                    "Actual Total Time": 97.018,
                                    "Actual Rows": 1,
                                    "Actual Loops": 1
                                }
                            ],
                            "Plans": [
                                {
                                    "Node Type": "Hash Join",
                                    "Parent Relationship": "Outer",
                                    "Parallel Aware": true,
                                    "Join Type": "Inner",
                                    "Startup Cost": 20148.52,
                                    "Total Cost": 65956.6,
                                    "Plan Rows": 1174,
                                    "Plan Width": 0,
                                    "Actual Startup Time": 14.687,
                                    "Actual Total Time": 98.61,
                                    "Actual Rows": 4506,
                                    "Actual Loops": 5,
                                    "Inner Unique": false,
                                    "Hash Cond": "(t.id = mc.movie_id)",
                                    "Workers": [
                                        {
                                            "Worker Number": 0,
                                            "Actual Startup Time": 12.082,
                                            "Actual Total Time": 95.952,
                                            "Actual Rows": 3170,
                                            "Actual Loops": 1
                                        },
                                        {
                                            "Worker Number": 1,
                                            "Actual Startup Time": 12.507,
                                            "Actual Total Time": 96.391,
                                            "Actual Rows": 3072,
                                            "Actual Loops": 1
                                        },
                                        {
                                            "Worker Number": 2,
                                            "Actual Startup Time": 12.058,
                                            "Actual Total Time": 96.021,
                                            "Actual Rows": 4034,
                                            "Actual Loops": 1
                                        },
                                        {
                                            "Worker Number": 3,
                                            "Actual Startup Time": 12.745,
                                            "Actual Total Time": 96.578,
                                            "Actual Rows": 4532,
                                            "Actual Loops": 1
                                        }
                                    ],
                                    "Plans": [
                                        {
                                            "Node Type": "Seq Scan",
                                            "Parent Relationship": "Outer",
                                            "Parallel Aware": true,
                                            "Relation Name": "title",
                                            "Schema": "public",
                                            "Alias": "t",
                                            "Startup Cost": 0.0,
                                            "Total Cost": 45479.21,
                                            "Plan Rows": 65016,
                                            "Plan Width": 4,
                                            "Actual Startup Time": 0.033,
                                            "Actual Total Time": 76.347,
                                            "Actual Rows": 30773,
                                            "Actual Loops": 5,
                                            "Output": [
                                                "t.id",
                                                "t.title",
                                                "t.imdb_index",
                                                "t.kind_id",
                                                "t.production_year",
                                                "t.imdb_id",
                                                "t.phonetic_code",
                                                "t.episode_of_id",
                                                "t.season_nr",
                                                "t.episode_nr",
                                                "t.series_years",
                                                "t.md5sum"
                                            ],
                                            "Filter": "((t.production_year < 1974) AND (t.kind_id = 7))",
                                            "Rows Removed by Filter": 474890,
                                            "Workers": [
                                                {
                                                    "Worker Number": 0,
                                                    "Actual Startup Time": 0.028,
                                                    "Actual Total Time": 76.749,
                                                    "Actual Rows": 21512,
                                                    "Actual Loops": 1
                                                },
                                                {
                                                    "Worker Number": 1,
                                                    "Actual Startup Time": 0.037,
                                                    "Actual Total Time": 76.915,
                                                    "Actual Rows": 21253,
                                                    "Actual Loops": 1
                                                },
                                                {
                                                    "Worker Number": 2,
                                                    "Actual Startup Time": 0.034,
                                                    "Actual Total Time": 75.909,
                                                    "Actual Rows": 27806,
                                                    "Actual Loops": 1
                                                },
                                                {
                                                    "Worker Number": 3,
                                                    "Actual Startup Time": 0.053,
                                                    "Actual Total Time": 76.515,
                                                    "Actual Rows": 30684,
                                                    "Actual Loops": 1
                                                }
                                            ]
                                        },
                                        {
                                            "Node Type": "Hash",
                                            "Parent Relationship": "Inner",
                                            "Parallel Aware": true,
                                            "Startup Cost": 19964.41,
                                            "Total Cost": 19964.41,
                                            "Plan Rows": 14729,
                                            "Plan Width": 4,
                                            "Actual Startup Time": 14.082,
                                            "Actual Total Time": 14.084,
                                            "Actual Rows": 9450,
                                            "Actual Loops": 5,
                                            "Output": [
                                                "mc.movie_id"
                                            ],
                                            "Hash Buckets": 65536,
                                            "Original Hash Buckets": 65536,
                                            "Hash Batches": 1,
                                            "Original Hash Batches": 1,
                                            "Peak Memory Usage": 2432,
                                            "Workers": [
                                                {
                                                    "Worker Number": 0,
                                                    "Actual Startup Time": 11.548,
                                                    "Actual Total Time": 11.549,
                                                    "Actual Rows": 2191,
                                                    "Actual Loops": 1
                                                },
                                                {
                                                    "Worker Number": 1,
                                                    "Actual Startup Time": 11.841,
                                                    "Actual Total Time": 11.843,
                                                    "Actual Rows": 2995,
                                                    "Actual Loops": 1
                                                },
                                                {
                                                    "Worker Number": 2,
                                                    "Actual Startup Time": 11.571,
                                                    "Actual Total Time": 11.573,
                                                    "Actual Rows": 1936,
                                                    "Actual Loops": 1
                                                },
                                                {
                                                    "Worker Number": 3,
                                                    "Actual Startup Time": 12.063,
                                                    "Actual Total Time": 12.064,
                                                    "Actual Rows": 2759,
                                                    "Actual Loops": 1
                                                }
                                            ],
                                            "Plans": [
                                                {
                                                    "Node Type": "Bitmap Heap Scan",
                                                    "Parent Relationship": "Outer",
                                                    "Parallel Aware": true,
                                                    "Relation Name": "movie_companies",
                                                    "Schema": "public",
                                                    "Alias": "mc",
                                                    "Startup Cost": 990.29,
                                                    "Total Cost": 19964.41,
                                                    "Plan Rows": 14729,
                                                    "Plan Width": 4,
                                                    "Actual Startup Time": 0.907,
                                                    "Actual Total Time": 10.648,
                                                    "Actual Rows": 9450,
                                                    "Actual Loops": 5,
                                                    "Output": [
                                                        "mc.movie_id"
                                                    ],
                                                    "Recheck Cond": "(mc.company_id = 19)",
                                                    "Rows Removed by Index Recheck": 0,
                                                    "Exact Heap Blocks": 3873,
                                                    "Lossy Heap Blocks": 0,
                                                    "Workers": [
                                                        {
                                                            "Worker Number": 0,
                                                            "Actual Startup Time": 0.155,
                                                            "Actual Total Time": 8.982,
                                                            "Actual Rows": 2191,
                                                            "Actual Loops": 1
                                                        },
                                                        {
                                                            "Worker Number": 1,
                                                            "Actual Startup Time": 0.149,
                                                            "Actual Total Time": 9.645,
                                                            "Actual Rows": 2995,
                                                            "Actual Loops": 1
                                                        },
                                                        {
                                                            "Worker Number": 2,
                                                            "Actual Startup Time": 0.333,
                                                            "Actual Total Time": 8.945,
                                                            "Actual Rows": 1936,
                                                            "Actual Loops": 1
                                                        },
                                                        {
                                                            "Worker Number": 3,
                                                            "Actual Startup Time": 0.159,
                                                            "Actual Total Time": 9.88,
                                                            "Actual Rows": 2759,
                                                            "Actual Loops": 1
                                                        }
                                                    ],
                                                    "Plans": [
                                                        {
                                                            "Node Type": "Bitmap Index Scan",
                                                            "Parent Relationship": "Outer",
                                                            "Parallel Aware": false,
                                                            "Index Name": "company_id_movie_companies",
                                                            "Startup Cost": 0.0,
                                                            "Total Cost": 978.88,
                                                            "Plan Rows": 45660,
                                                            "Plan Width": 0,
                                                            "Actual Startup Time": 2.907,
                                                            "Actual Total Time": 2.908,
                                                            "Actual Rows": 47252,
                                                            "Actual Loops": 1,
                                                            "Index Cond": "(mc.company_id = 19)"
                                                        }
                                                    ]
                                                }
                                            ]
                                        }
                                    ]
                                }
                            ]
                        }
                    ]
                }
            ]
        },
        "Planning Time": 175.862,
        "Triggers": [],
        "Execution Time": 118.548
    }
]