[
  {
    "Plan": {
      "Node Type": "Aggregate",
      "Strategy": "Plain",
      "Partial Mode": "Simple",
      "Parallel Aware": false,
      "Startup Cost": 13998.82,
      "Total Cost": 13998.83,
      "Plan Rows": 1,
      "Plan Width": 8,
      "Actual Startup Time": 15.273,
      "Actual Total Time": 15.275,
      "Actual Rows": 1,
      "Actual Loops": 1,
      "Plans": [
        {
          "Node Type": "Bitmap Heap Scan",
          "Parent Relationship": "Outer",
          "Parallel Aware": false,
          "Relation Name": "movie_companies",
          "Alias": "mc",
          "Startup Cost": 154.13,
          "Total Cost": 13990.21,
          "Plan Rows": 3444,
          "Plan Width": 0,
          "Actual Startup Time": 3.283,
          "Actual Total Time": 14.616,
          "Actual Rows": 3978,
          "Actual Loops": 1,
          "Recheck Cond": "(company_id = 302)",
          "Rows Removed by Index Recheck": 0,
          "Filter": "(company_type_id < 2)",
          "Rows Removed by Filter": 2708,
          "Exact Heap Blocks": 3557,
          "Lossy Heap Blocks": 0,
          "Plans": [
            {
              "Node Type": "Bitmap Index Scan",
              "Parent Relationship": "Outer",
              "Parallel Aware": false,
              "Index Name": "company_id_movie_companies",
              "Startup Cost": 0.0,
              "Total Cost": 153.27,
              "Plan Rows": 7045,
              "Plan Width": 0,
              "Actual Startup Time": 1.897,
              "Actual Total Time": 1.898,
              "Actual Rows": 6686,
              "Actual Loops": 1,
              "Index Cond": "(company_id = 302)"
            }
          ]
        }
      ]
    },
    "Planning Time": 0.189,
    "Triggers": [],
    "Execution Time": 15.338
  }
]