[
  {
    "Plan": {
      "Node Type": "Aggregate",
      "Strategy": "Plain",
      "Partial Mode": "Finalize",
      "Parallel Aware": false,
      "Startup Cost": 80393.8,
      "Total Cost": 80393.81,
      "Plan Rows": 1,
      "Plan Width": 8,
      "Actual Startup Time": 284.511,
      "Actual Total Time": 299.476,
      "Actual Rows": 1,
      "Actual Loops": 1,
      "Plans": [
        {
          "Node Type": "Gather",
          "Parent Relationship": "Outer",
          "Parallel Aware": false,
          "Startup Cost": 80393.48,
          "Total Cost": 80393.79,
          "Plan Rows": 3,
          "Plan Width": 8,
          "Actual Startup Time": 282.73,
          "Actual Total Time": 299.469,
          "Actual Rows": 4,
          "Actual Loops": 1,
          "Workers Planned": 3,
          "Workers Launched": 3,
          "Single Copy": false,
          "Plans": [
            {
              "Node Type": "Aggregate",
              "Strategy": "Plain",
              "Partial Mode": "Partial",
              "Parent Relationship": "Outer",
              "Parallel Aware": false,
              "Startup Cost": 79393.48,
              "Total Cost": 79393.49,
              "Plan Rows": 1,
              "Plan Width": 8,
              "Actual Startup Time": 273.547,
              "Actual Total Time": 273.55,
              "Actual Rows": 1,
              "Actual Loops": 4,
              "Plans": [
                {
                  "Node Type": "Hash Join",
                  "Parent Relationship": "Outer",
                  "Parallel Aware": true,
                  "Join Type": "Inner",
                  "Startup Cost": 46893.05,
                  "Total Cost": 79235.39,
                  "Plan Rows": 63234,
                  "Plan Width": 0,
                  "Actual Startup Time": 182.874,
                  "Actual Total Time": 269.994,
                  "Actual Rows": 85455,
                  "Actual Loops": 4,
                  "Inner Unique": true,
                  "Hash Cond": "(mc.movie_id = t.id)",
                  "Plans": [
                    {
                      "Node Type": "Seq Scan",
                      "Parent Relationship": "Outer",
                      "Parallel Aware": true,
                      "Relation Name": "movie_companies",
                      "Alias": "mc",
                      "Startup Cost": 0.0,
                      "Total Cost": 31414.82,
                      "Plan Rows": 353344,
                      "Plan Width": 4,
                      "Actual Startup Time": 30.199,
                      "Actual Total Time": 65.778,
                      "Actual Rows": 219070,
                      "Actual Loops": 4,
                      "Filter": "((company_id < 76675) AND (company_type_id = 2))",
                      "Rows Removed by Filter": 433212
                    },
                    {
                      "Node Type": "Hash",
                      "Parent Relationship": "Inner",
                      "Parallel Aware": true,
                      "Startup Cost": 45479.1,
                      "Total Cost": 45479.1,
                      "Plan Rows": 113116,
                      "Plan Width": 4,
                      "Actual Startup Time": 149.191,
                      "Actual Total Time": 149.191,
                      "Actual Rows": 136826,
                      "Actual Loops": 4,
                      "Hash Buckets": 1048576,
                      "Original Hash Buckets": 524288,
                      "Hash Batches": 1,
                      "Original Hash Batches": 1,
                      "Peak Memory Usage": 33760,
                      "Plans": [
                        {
                          "Node Type": "Seq Scan",
                          "Parent Relationship": "Outer",
                          "Parallel Aware": true,
                          "Relation Name": "title",
                          "Alias": "t",
                          "Startup Cost": 0.0,
                          "Total Cost": 45479.1,
                          "Plan Rows": 113116,
                          "Plan Width": 4,
                          "Actual Startup Time": 0.056,
                          "Actual Total Time": 100.855,
                          "Actual Rows": 136826,
                          "Actual Loops": 4,
                          "Filter": "((kind_id < 4) AND (production_year < 2005))",
                          "Rows Removed by Filter": 495252
                        }
                      ]
                    }
                  ]
                }
              ]
            }
          ]
        }
      ]
    },
    "Planning Time": 0.698,
    "Triggers": [],
    "Execution Time": 299.552
  }
]