[
  {
    "Plan": {
      "Node Type": "Aggregate",
      "Strategy": "Plain",
      "Partial Mode": "Finalize",
      "Parallel Aware": false,
      "Startup Cost": 62376.93,
      "Total Cost": 62376.94,
      "Plan Rows": 1,
      "Plan Width": 8,
      "Actual Startup Time": 75.758,
      "Actual Total Time": 83.522,
      "Actual Rows": 1,
      "Actual Loops": 1,
      "Plans": [
        {
          "Node Type": "Gather",
          "Parent Relationship": "Outer",
          "Parallel Aware": false,
          "Startup Cost": 62376.51,
          "Total Cost": 62376.92,
          "Plan Rows": 4,
          "Plan Width": 8,
          "Actual Startup Time": 75.66,
          "Actual Total Time": 83.516,
          "Actual Rows": 5,
          "Actual Loops": 1,
          "Workers Planned": 4,
          "Workers Launched": 4,
          "Single Copy": false,
          "Plans": [
            {
              "Node Type": "Aggregate",
              "Strategy": "Plain",
              "Partial Mode": "Partial",
              "Parent Relationship": "Outer",
              "Parallel Aware": false,
              "Startup Cost": 61376.51,
              "Total Cost": 61376.52,
              "Plan Rows": 1,
              "Plan Width": 8,
              "Actual Startup Time": 72.55,
              "Actual Total Time": 72.552,
              "Actual Rows": 1,
              "Actual Loops": 5,
              "Plans": [
                {
                  "Node Type": "Nested Loop",
                  "Parent Relationship": "Outer",
                  "Parallel Aware": false,
                  "Join Type": "Inner",
                  "Startup Cost": 0.86,
                  "Total Cost": 61375.61,
                  "Plan Rows": 360,
                  "Plan Width": 0,
                  "Actual Startup Time": 0.957,
                  "Actual Total Time": 72.523,
                  "Actual Rows": 271,
                  "Actual Loops": 5,
                  "Inner Unique": false,
                  "Join Filter": "(t.id = mk.movie_id)",
                  "Rows Removed by Join Filter": 0,
                  "Plans": [
                    {
                      "Node Type": "Nested Loop",
                      "Parent Relationship": "Outer",
                      "Parallel Aware": false,
                      "Join Type": "Inner",
                      "Startup Cost": 0.43,
                      "Total Cost": 60269.65,
                      "Plan Rows": 567,
                      "Plan Width": 8,
                      "Actual Startup Time": 0.487,
                      "Actual Total Time": 69.997,
                      "Actual Rows": 226,
                      "Actual Loops": 5,
                      "Inner Unique": false,
                      "Plans": [
                        {
                          "Node Type": "Seq Scan",
                          "Parent Relationship": "Outer",
                          "Parallel Aware": true,
                          "Relation Name": "title",
                          "Alias": "t",
                          "Startup Cost": 0.0,
                          "Total Cost": 45479.21,
                          "Plan Rows": 3126,
                          "Plan Width": 4,
                          "Actual Startup Time": 0.04,
                          "Actual Total Time": 61.482,
                          "Actual Rows": 2079,
                          "Actual Loops": 5,
                          "Filter": "((kind_id > 1) AND (production_year = 1970))",
                          "Rows Removed by Filter": 503584
                        },
                        {
                          "Node Type": "Index Scan",
                          "Parent Relationship": "Inner",
                          "Parallel Aware": false,
                          "Scan Direction": "Forward",
                          "Index Name": "movie_id_movie_info_idx",
                          "Relation Name": "movie_info_idx",
                          "Alias": "mi_idx",
                          "Startup Cost": 0.43,
                          "Total Cost": 4.72,
                          "Plan Rows": 1,
                          "Plan Width": 4,
                          "Actual Startup Time": 0.004,
                          "Actual Total Time": 0.004,
                          "Actual Rows": 0,
                          "Actual Loops": 10394,
                          "Index Cond": "(movie_id = t.id)",
                          "Rows Removed by Index Recheck": 0,
                          "Filter": "(info_type_id = 99)",
                          "Rows Removed by Filter": 0
                        }
                      ]
                    },
                    {
                      "Node Type": "Index Scan",
                      "Parent Relationship": "Inner",
                      "Parallel Aware": false,
                      "Scan Direction": "Forward",
                      "Index Name": "movie_id_movie_keyword",
                      "Relation Name": "movie_keyword",
                      "Alias": "mk",
                      "Startup Cost": 0.43,
                      "Total Cost": 1.75,
                      "Plan Rows": 16,
                      "Plan Width": 4,
                      "Actual Startup Time": 0.01,
                      "Actual Total Time": 0.011,
                      "Actual Rows": 1,
                      "Actual Loops": 1130,
                      "Index Cond": "(movie_id = mi_idx.movie_id)",
                      "Rows Removed by Index Recheck": 0,
                      "Filter": "(keyword_id < 2486)",
                      "Rows Removed by Filter": 3
                    }
                  ]
                }
              ]
            }
          ]
        }
      ]
    },
    "Planning Time": 0.402,
    "Triggers": [],
    "Execution Time": 83.554
  }
]